<?xml version="1.0"?>
<opencv_storage>
<g>1.7400000000000000e+00</g>
<r>8</r>
<L2_diff>2.0467496734076292e+01</L2_diff>
<filter-type>0</filter-type>
<circular>1</circular>
<test_img type_id="opencv-matrix">
  <rows>128</rows>
  <cols>256</cols>
  <dt>f</dt>
  <data>
    2.59404153e-01 2.78660506e-01 5.20045042e-01 4.72758412e-01
    4.90166396e-01 8.87869000e-02 8.02418709e-01 2.21834153e-01
    1.10024065e-01 5.58389068e-01 8.35821033e-03 8.25611591e-01
    4.20082331e-01 2.18284965e-01 1.29835010e-01 5.13428926e-01
    3.58892381e-01 7.62833059e-01 4.71338570e-01 6.77781463e-01
    8.40662599e-01 1.19430959e-01 6.36493385e-01 7.60011435e-01
    6.13973498e-01 6.90826118e-01 5.86116731e-01 7.58777082e-01
    4.25346434e-01 6.09393775e-01 6.96614742e-01 5.38006008e-01
    9.17863488e-01 8.14431310e-02 1.23463899e-01 5.26511252e-01
    5.96937537e-01 7.32178450e-01 8.97378862e-01 8.15353870e-01
    7.56744981e-01 8.31486285e-02 1.44366771e-01 7.59037256e-01
    5.22777379e-01 9.30105448e-02 1.87852681e-01 7.87042797e-01
    7.82340169e-01 7.43262529e-01 7.85519660e-01 3.27121079e-01
    3.14567506e-01 9.80739355e-01 4.32445765e-01 3.38286370e-01
    3.47136140e-01 4.63077098e-01 6.57898486e-01 5.81666827e-01
    5.58771968e-01 6.25111222e-01 9.92612123e-01 6.65344596e-01
    2.64691800e-01 9.01414275e-01 5.25643528e-02 6.23436093e-01
    9.60507512e-01 1.27978384e-01 7.98731267e-01 5.61402440e-02
    4.55998152e-01 2.07846969e-01 3.45591903e-02 6.12806380e-01
    8.15529048e-01 7.71165729e-01 9.02712941e-01 1.81010365e-01
    6.07384801e-01 1.78559154e-01 6.30671263e-01 6.84178174e-02
    1.16041601e-02 4.50004697e-01 4.98231053e-01 9.25663114e-02
    3.08659345e-01 8.01238477e-01 7.59859383e-01 6.74544275e-01
    4.77411628e-01 3.61657470e-01 2.77707756e-01 2.00911492e-01
    1.33195609e-01 1.70427710e-01 6.12116933e-01 8.71692300e-01
    5.28470576e-01 8.94447565e-01 7.72979379e-01 8.25932086e-01
    6.84197783e-01 3.35636258e-01 3.10720682e-01 5.50156236e-02
    1.39978051e-01 1.53470665e-01 9.26094592e-01 9.00055230e-01
    6.58760428e-01 3.15996349e-01 8.56966138e-01 2.97728688e-01
    9.24386680e-01 7.63958693e-02 1.28294230e-01 1.51522666e-01
    5.98412037e-01 8.60457361e-01 3.87196839e-01 6.94261551e-01
    5.88347614e-02 7.38209963e-01 8.31603646e-01 7.91843653e-01
    3.50245118e-01 3.08373868e-01 5.71087718e-01 6.08418465e-01
    6.72893226e-01 7.64510274e-01 1.58917129e-01 4.43511337e-01
    2.80852675e-01 1.77259415e-01 6.76741719e-01 4.01979685e-03
    3.36679131e-01 5.66599488e-01 8.90398264e-01 6.38767838e-01
    4.36901629e-01 8.79351139e-01 4.58431244e-02 9.81803656e-01
    5.28601706e-01 6.03073835e-03 4.27910984e-02 6.97312355e-02
    4.49242353e-01 7.17363477e-01 9.40401435e-01 1.51737958e-01
    7.66014814e-01 7.88280368e-01 4.24136311e-01 1.23370558e-01
    1.10117555e-01 4.32762206e-02 6.70415759e-01 1.85624093e-01
    3.68998408e-01 3.29891771e-01 1.88901842e-01 2.98799455e-01
    1.02087140e-01 6.47245467e-01 9.00211215e-01 3.37597966e-01
    8.13966632e-01 3.72431040e-01 1.45814240e-01 1.54442042e-01
    6.34412289e-01 5.74384689e-01 3.99923801e-01 1.06488496e-01
    7.27668822e-01 6.05769634e-01 7.18285203e-01 5.41245759e-01
    2.91494787e-01 1.13365233e-01 4.27817732e-01 9.05417442e-01
    8.83099318e-01 7.44123995e-01 3.07827443e-01 7.92249203e-01
    7.92121589e-01 3.82571310e-01 4.06027436e-01 2.55745083e-01
    3.51165771e-01 6.29263639e-01 8.89768362e-01 2.56521225e-01
    2.51254737e-01 1.87553346e-01 8.32416177e-01 9.76161718e-01
    5.38096964e-01 9.12992120e-01 4.30516064e-01 5.18056571e-01
    6.32129192e-01 8.20449233e-01 4.76990998e-01 2.43742764e-01
    7.92361498e-02 3.69056851e-01 3.04887146e-01 1.06509894e-01
    7.38340378e-01 1.87933862e-01 3.17683458e-01 7.09443688e-02
    5.52129447e-01 9.85447109e-01 1.24724954e-01 9.20175195e-01
    7.61402309e-01 2.01560259e-02 2.23590791e-01 3.99616271e-01
    9.75949585e-01 1.36594653e-01 6.94721103e-01 9.10373628e-02
    7.56913781e-01 7.81063080e-01 9.19710219e-01 7.42678761e-01
    9.34921086e-01 1.67287678e-01 1.91210300e-01 3.61976683e-01
    2.90831983e-01 4.52505678e-01 4.51740950e-01 2.93048203e-01
    5.00207543e-01 8.52815926e-01 3.56237233e-01 8.90782595e-01
    6.61158383e-01 6.56181574e-03 3.31582069e-01 4.50689763e-01
    2.01955855e-01 1.05698019e-01 5.27425170e-01 3.77197534e-01
    8.87642264e-01 8.83715391e-01 6.97268844e-01 5.30383945e-01
    7.58546352e-01 4.65846956e-01 2.03069001e-01 2.66273975e-01
    9.43932116e-01 3.20598662e-01 8.54105532e-01 3.92062485e-01
    6.93510890e-01 7.88510442e-01 4.75062281e-01 9.38063025e-01
    5.47634602e-01 4.14990693e-01 3.32788050e-01 8.82964313e-01
    4.81379151e-01 2.00631440e-01 3.23494941e-01 4.48330671e-01
    2.97723413e-01 5.86139202e-01 6.35805964e-01 2.19782561e-01
    1.43259138e-01 2.85721660e-01 6.03969216e-01 7.04811752e-01
    8.76217663e-01 4.06401873e-01 5.21950603e-01 4.04265016e-01
    6.29219651e-01 8.15118313e-01 8.72367382e-01 6.73876524e-01
    6.66741014e-01 7.26963580e-01 9.10387814e-01 2.21188426e-01
    8.78506660e-01 9.54537630e-01 1.20517194e-01 6.44913673e-01
    8.15104604e-01 8.80549669e-01 4.35617268e-01 9.03697014e-01
    7.78656960e-01 1.12842619e-01 6.56953812e-01 1.33962154e-01
    4.20851827e-01 1.29029423e-01 9.64014649e-01 5.41720390e-01
    7.21600235e-01 2.84280330e-01 8.56721163e-01 4.02589589e-01
    6.30846620e-01 1.34486407e-01 3.26146305e-01 8.04538965e-01
    4.36890930e-01 2.31617302e-01 8.15971076e-01 2.46272922e-01
    1.42573625e-01 8.79239082e-01 6.29824460e-01 1.47927403e-01
    1.61192119e-02 9.06789184e-01 9.25792933e-01 5.89336634e-01
    1.27050668e-01 2.89144516e-01 4.29239482e-01 6.80988371e-01
    8.10963988e-01 2.38686204e-02 2.32080221e-02 8.71743441e-01
    7.67185569e-01 9.18955147e-01 7.60892034e-03 1.64180994e-02
    8.42068076e-01 6.15531862e-01 6.42497063e-01 7.65445530e-01
    2.70018399e-01 2.79522002e-01 9.56273437e-01 4.78980839e-02
    6.38627470e-01 6.02403462e-01 5.33148944e-01 2.68906683e-01
    1.84012175e-01 4.21171635e-01 7.01341927e-01 4.43762183e-01
    8.83969903e-01 8.41528416e-01 9.73891020e-01 1.20585173e-01
    3.59972775e-01 7.71617293e-02 8.75485778e-01 3.38587314e-01
    9.95467305e-01 7.64238954e-01 7.36642480e-01 7.00757205e-01
    3.80232483e-01 9.38503146e-01 5.59434891e-01 9.86324906e-01
    8.50404739e-01 6.95932508e-02 9.05771375e-01 8.16015482e-01
    6.36253119e-01 4.32066858e-01 1.03264749e-01 1.94989711e-01
    1.93992555e-01 6.58389330e-02 1.62586033e-01 2.36429095e-01
    6.01364613e-01 9.40338612e-01 9.74104881e-01 2.59628177e-01
    7.47909009e-01 2.16140151e-02 3.60108137e-01 1.70266867e-01
    4.28562224e-01 3.35979402e-01 6.43076539e-01 6.80224776e-01
    1.64419204e-01 3.50242257e-01 5.41698277e-01 8.52788687e-02
    8.80409718e-01 7.19500422e-01 3.75302404e-01 9.58526492e-01
    2.78059542e-01 8.49860311e-02 5.65515041e-01 6.34731293e-01
    3.06869984e-01 7.36701488e-01 7.79163599e-01 9.87460732e-01
    4.27053839e-01 1.44300759e-01 1.42573208e-01 3.49280268e-01
    5.92357516e-02 3.76729399e-01 8.04792285e-01 4.93107736e-02
    5.84028125e-01 8.43355536e-01 6.73481047e-01 7.82996416e-01
    7.87421703e-01 2.62432158e-01 5.57121813e-01 9.80382800e-01
    6.79783165e-01 2.58193910e-01 5.85793912e-01 2.50851691e-01
    1.83733106e-02 8.38355124e-01 4.17883396e-02 4.45448369e-01
    8.33461285e-01 3.02421898e-01 3.73187959e-01 4.98029768e-01
    2.20166385e-01 2.20240295e-01 2.52158910e-01 4.98065442e-01
    9.89543319e-01 9.22888577e-01 9.58848357e-01 5.99328458e-01
    6.92156553e-01 2.79185474e-02 1.01659715e-01 2.96551287e-01
    7.92807579e-01 2.85279989e-01 6.32462204e-01 7.77964056e-01
    1.05640054e-01 5.62705755e-01 8.71273160e-01 5.05466104e-01
    6.28205180e-01 4.62079734e-01 2.41081774e-01 5.96326351e-01
    3.32372785e-01 3.24780941e-01 2.03660369e-01 5.01224935e-01
    5.92883527e-01 8.22262287e-01 9.65663314e-01 3.34056973e-01
    2.54458785e-01 3.26259375e-01 8.17409456e-02 6.15136802e-01
    9.61175740e-01 8.38177085e-01 6.97123826e-01 8.24418783e-01
    1.10259175e-01 7.59281397e-01 7.98771739e-01 9.75969434e-02
    8.52919340e-01 2.56939352e-01 7.41068006e-01 8.94483984e-01
    2.37493724e-01 5.11521995e-01 7.46760011e-01 8.22889209e-01
    2.06591964e-01 9.74925280e-01 4.98685598e-01 1.87595785e-02
    9.86162901e-01 7.03872859e-01 8.24000001e-01 9.87398386e-01
    4.12500918e-01 3.53685230e-01 1.61652088e-01 6.40594184e-01
    5.66380680e-01 9.87688065e-01 3.73408109e-01 1.47064239e-01
    5.31060100e-01 1.14969581e-01 1.36835486e-01 7.00688243e-01
    9.56917763e-01 8.55350554e-01 1.34394914e-01 3.50433052e-01
    3.41013551e-01 5.52629352e-01 2.47306764e-01 1.72053486e-01
    4.56395149e-01 5.85978985e-01 4.09888238e-01 7.52498746e-01
    9.77725744e-01 8.93467307e-01 1.11827254e-02 4.56843078e-02
    3.06312948e-01 6.90760016e-01 6.91862047e-01 2.75816530e-01
    7.46334195e-01 2.46194392e-01 7.05424309e-01 8.00785422e-01
    8.23377073e-01 7.85833836e-01 6.79328859e-01 1.27980053e-01
    1.25895798e-01 1.28807008e-01 3.76665950e-01 8.10909867e-01
    3.28079581e-01 5.90125084e-01 1.37139678e-01 4.19723213e-01
    7.60355711e-01 9.62392926e-01 1.67262852e-01 5.94311953e-02
    4.30018723e-01 8.56870770e-01 3.60147804e-01 7.31719732e-01
    5.08481264e-03 5.96195459e-01 6.01939976e-01 5.37740648e-01
    3.99233580e-01 8.37064385e-01 5.59862554e-01 9.08645093e-02
    5.11171699e-01 7.94914186e-01 5.02868414e-01 7.04618096e-02
    5.46527326e-01 6.35177493e-01 7.35431433e-01 3.43557447e-01
    6.59791827e-02 6.48894131e-01 1.30029112e-01 3.78369331e-01
    2.63165653e-01 5.47892511e-01 1.20943815e-01 6.34542227e-01
    4.48428392e-02 9.52005744e-01 5.48346341e-01 5.34989655e-01
    4.79838669e-01 8.74901831e-01 3.32885891e-01 6.49365306e-01
    8.31916630e-01 3.36280018e-01 2.85440683e-01 7.93313920e-01
    7.10340738e-02 2.95437038e-01 7.63994575e-01 7.60325611e-01
    1.31928414e-01 6.01037741e-01 8.52904677e-01 5.34156322e-01
    4.62380648e-01 2.44118273e-01 7.94658303e-01 3.38351369e-01
    8.34062338e-01 9.29922700e-01 9.27755117e-01 6.20516539e-01
    2.29733974e-01 1.46707177e-01 5.06527662e-01 5.58716655e-01
    5.62191486e-01 3.06756377e-01 8.53759706e-01 5.92928946e-01
    7.19310045e-01 3.94340217e-01 9.02367890e-01 9.74869490e-01
    7.74529696e-01 7.79984772e-01 7.29332864e-01 2.55038172e-01
    5.54974437e-01 5.95270336e-01 3.63328934e-01 9.76727843e-01
    4.72457886e-01 1.45386636e-01 5.69351196e-01 3.93504143e-01
    4.82294321e-01 8.85826647e-02 7.39094138e-01 1.82224512e-02
    9.87704217e-01 1.25160068e-01 7.11162090e-01 8.87620211e-01
    5.01545072e-01 8.96802902e-01 5.32678187e-01 4.54892844e-01
    1.74309850e-01 4.44200277e-01 5.60839176e-02 3.26584578e-02
    6.52106524e-01 1.36381388e-02 7.46799767e-01 9.44833517e-01
    4.06656593e-01 9.10676003e-01 5.07890880e-01 8.50108087e-01
    1.53931975e-01 1.06105149e-01 1.39585465e-01 4.72698927e-01
    7.99492419e-01 2.75556833e-01 3.99928957e-01 2.25600004e-02
    4.89206553e-01 6.18862092e-01 7.30592132e-01 8.25623631e-01
    8.00866127e-01 2.89244652e-01 3.93439412e-01 4.92705882e-01
    6.78366542e-01 8.05304766e-01 5.82423270e-01 9.33873117e-01
    1.07898295e-01 2.54066288e-02 3.56279731e-01 9.91492629e-01
    1.28438354e-01 9.31416154e-01 7.48339117e-01 2.98978001e-01
    1.34615302e-01 4.81017530e-01 3.47131044e-01 9.13782597e-01
    7.97358513e-01 4.71434593e-02 4.52443361e-02 6.77503943e-02
    4.92952853e-01 4.04565930e-01 9.07316864e-01 8.96335602e-01
    4.87908691e-01 2.02485472e-01 4.49031889e-01 2.51469731e-01
    6.07202947e-02 8.92912745e-01 8.55576515e-01 9.21112478e-01
    2.11631984e-01 3.81342411e-01 1.20271951e-01 5.29754817e-01
    1.84850067e-01 1.66949391e-01 6.97343349e-01 2.25074947e-01
    9.94659185e-01 5.05569398e-01 3.05509895e-01 5.48685670e-01
    2.21651614e-01 9.98392820e-01 8.42059433e-01 9.63870525e-01
    9.97227132e-02 9.33649421e-01 7.08816648e-01 2.34510928e-01
    4.98056710e-01 2.13777512e-01 6.37660980e-01 6.67704344e-01
    5.73453307e-02 3.44243735e-01 7.55966902e-01 5.79660535e-02
    6.23221934e-01 7.88398385e-02 5.64373970e-01 3.54160875e-01
    6.81080639e-01 1.22830659e-01 7.65476942e-01 4.05320078e-01
    4.17381644e-01 1.14009380e-02 2.77108669e-01 9.73102927e-01
    7.10780025e-01 4.11305726e-01 4.94287312e-02 6.37312412e-01
    9.10838008e-01 1.72762603e-01 5.53955138e-01 4.59379852e-02
    1.83139324e-01 3.68011087e-01 2.07463145e-01 7.68934369e-01
    2.11135238e-01 4.20771658e-01 6.00480795e-01 6.28653526e-01
    5.27972043e-01 7.52732873e-01 5.05515337e-01 6.44619465e-01
    2.24314004e-01 1.58625543e-02 6.74082756e-01 3.08429778e-01
    8.36416781e-01 3.62311065e-01 4.64884698e-01 8.47652614e-01
    9.59071040e-01 3.96159858e-01 1.42409950e-01 1.30964905e-01
    8.92850995e-01 3.49725991e-01 8.91537547e-01 2.42636979e-01
    3.99757147e-01 9.35543537e-01 9.99374926e-01 8.65782619e-01
    9.72471952e-01 7.78072417e-01 3.09304595e-01 6.10050976e-01
    5.29036939e-01 5.62143385e-01 2.17169732e-01 3.63358438e-01
    5.06978273e-01 1.81165755e-01 1.85358435e-01 1.50664747e-02
    5.03247619e-01 2.43914098e-01 5.12062132e-01 2.46361405e-01
    7.22271562e-01 7.73267388e-01 2.09301263e-01 4.42474842e-01
    6.04487598e-01 2.77876556e-01 2.61979371e-01 7.05919087e-01
    4.31185782e-01 1.93338901e-01 3.89262766e-01 1.00712925e-01
    8.66692424e-01 3.58191609e-01 2.25791097e-01 3.07003438e-01
    7.90233433e-01 4.03075218e-02 7.19307840e-01 6.36504352e-01
    5.97540379e-01 4.18964177e-01 6.59417033e-01 1.33338451e-01
    5.15825152e-01 6.64648652e-01 8.32666516e-01 1.63680583e-01
    2.68843114e-01 2.08610028e-01 5.99664509e-01 2.04366952e-01
    4.54429746e-01 6.65197074e-01 7.11207569e-01 4.24073130e-01
    2.83871859e-01 6.70805335e-01 3.48664820e-02 1.37750506e-02
    8.65240276e-01 9.06382084e-01 7.29748130e-01 1.41250432e-01
    4.61265892e-01 4.26242977e-01 4.89293814e-01 7.46921062e-01
    5.25789142e-01 4.00513709e-02 2.31119066e-01 2.76609838e-01
    5.25963604e-01 2.28940248e-02 6.41893327e-01 7.15527475e-01
    5.45789838e-01 9.76237476e-01 4.52590585e-01 1.02209866e-01
    2.83229649e-01 9.34660852e-01 4.36207384e-01 2.17723072e-01
    2.46668696e-01 9.62913334e-01 2.65828907e-01 2.06824541e-01
    3.76664966e-01 6.20721817e-01 5.04881740e-02 8.04009497e-01
    4.23456609e-01 9.39453125e-01 7.41593599e-01 9.40260053e-01
    8.56922448e-01 5.00831783e-01 7.48789728e-01 3.51018012e-01
    7.49576092e-01 1.63558871e-01 3.25020850e-02 8.92153025e-01
    7.03232288e-01 7.22265601e-01 3.93905073e-01 2.35563517e-01
    5.90884745e-01 4.72562402e-01 9.75483298e-01 1.31112397e-01
    2.17488587e-01 4.48249012e-01 1.28205389e-01 1.55420691e-01
    7.12168932e-01 9.12291288e-01 4.14877594e-01 3.71454000e-01
    3.80931020e-01 5.17089367e-01 3.09121609e-03 4.72884148e-01
    4.91904616e-01 8.67398918e-01 9.32979405e-01 7.32812345e-01
    1.96560323e-01 9.84690189e-01 7.97289610e-02 5.29024541e-01
    4.88153756e-01 7.52984881e-01 2.75459409e-01 9.17057753e-01
    5.20550013e-01 2.25055635e-01 9.94222581e-01 1.61231428e-01
    5.17140448e-01 8.64366055e-01 1.73990726e-02 2.39938110e-01
    6.37164295e-01 1.29012346e-01 3.25802147e-01 7.33811915e-01
    5.50044179e-01 2.58012652e-01 5.84797859e-01 5.25422037e-01
    4.27605748e-01 6.68318808e-01 8.28079283e-02 2.95057714e-01
    8.06763351e-01 4.13750380e-01 1.73664451e-01 1.56033367e-01
    1.58908010e-01 4.55093533e-01 7.10426927e-01 3.99323672e-01
    1.37628615e-01 5.51552474e-01 1.43191159e-01 9.09817100e-01
    4.16923285e-01 4.78996217e-01 5.12534678e-02 3.94859016e-01
    6.80712581e-01 4.13609862e-01 7.15063751e-01 2.16873586e-02
    8.84369373e-01 4.29815680e-01 3.77606750e-02 6.39569879e-01
    3.26618224e-01 7.20437169e-02 4.48690802e-01 9.61293399e-01
    8.73601675e-01 1.61370069e-01 4.51122612e-01 7.49818504e-01
    5.70186019e-01 9.98025119e-01 8.85364056e-01 4.37877506e-01
    3.04001242e-01 3.83360088e-01 7.32136130e-01 4.97734636e-01
    6.72050178e-01 3.83794159e-01 2.13643551e-01 5.19221842e-01
    5.56493759e-01 6.66770518e-01 4.48135436e-01 3.26656163e-01
    9.72827733e-01 9.32095289e-01 3.56854677e-01 9.65399921e-01
    4.73467529e-01 5.86133122e-01 3.23748887e-02 8.80646467e-01
    7.86388040e-01 1.46200418e-01 6.08077884e-01 9.61571336e-01
    3.60819101e-02 5.44382930e-01 1.27633870e-01 2.08888739e-01
    2.33270496e-01 1.65547103e-01 4.96343821e-01 1.46280706e-01
    4.26747382e-01 1.76144272e-01 2.85390168e-01 3.69527429e-01
    6.79116845e-01 9.33518171e-01 7.13422358e-01 5.85281253e-01
    4.93551165e-01 8.48931670e-01 6.17722511e-01 7.26399422e-01
    4.29923832e-01 9.21523213e-01 4.05413330e-01 9.46004152e-01
    1.87222064e-01 3.17056835e-01 1.51994437e-01 6.12937510e-02
    3.67890656e-01 1.34493411e-02 3.01588058e-01 9.20313716e-01
    3.24044824e-02 3.24273050e-01 8.86491239e-01 6.94282055e-01
    5.36752939e-01 1.22721434e-01 7.97903180e-01 6.80903435e-01
    9.11434650e-01 1.64036155e-01 4.91881520e-01 8.32958817e-01
    4.38606560e-01 5.91064274e-01 6.07028782e-01 2.38056302e-01
    4.94507223e-01 7.94386744e-01 6.69954002e-01 3.82533938e-01
    6.95284307e-02 3.02543342e-02 2.77907014e-01 4.13637817e-01
    2.99771488e-01 1.40674472e-01 9.51661706e-01 3.16000760e-01
    6.44126177e-01 4.68162149e-01 6.86008573e-01 1.93950713e-01
    8.86990726e-02 3.67095530e-01 5.16773462e-02 7.06440449e-01
    3.58330727e-01 3.77398491e-01 4.62578505e-01 8.66714358e-01
    1.63508475e-01 4.32032853e-01 2.02502668e-01 7.37364650e-01
    2.60936588e-01 6.36388183e-01 9.90923047e-01 1.01971775e-01
    5.95140755e-01 7.21696436e-01 2.97283232e-02 5.52901149e-01
    9.02294815e-01 9.26330268e-01 8.99169266e-01 7.13681579e-01
    2.36559868e-01 5.00194967e-01 6.96444511e-03 4.78639603e-02
    3.57231557e-01 5.02167046e-01 8.39473367e-01 2.23381430e-01
    8.75355065e-01 2.96984553e-01 2.33493984e-01 3.44303489e-01
    4.54255641e-01 8.50953341e-01 7.84293771e-01 7.55843639e-01
    8.56904387e-01 2.38465279e-01 7.33032227e-02 7.75624692e-01
    6.53882504e-01 8.27254653e-01 6.73966110e-01 5.94233096e-01
    6.56428218e-01 1.91236019e-01 7.15239048e-02 6.81953311e-01
    8.18411469e-01 7.37830281e-01 2.95596629e-01 3.13665301e-01
    8.94566774e-01 6.27204299e-01 5.44669390e-01 2.14300454e-02
    1.41606838e-01 5.39604545e-01 1.71131074e-01 1.11552060e-01
    3.49725008e-01 8.68723273e-01 2.98897982e-01 7.20555663e-01
    8.89571309e-01 4.87814069e-01 5.17386377e-01 4.37091440e-01
    6.82951450e-01 2.52564847e-02 6.21635854e-01 7.93110847e-01
    1.74329072e-01 9.27605629e-01 7.69138634e-02 3.18868756e-02
    4.55633700e-01 8.39701056e-01 3.95960629e-01 3.76772702e-01
    3.19156051e-01 3.99326235e-01 5.86248994e-01 8.51626754e-01
    1.40550315e-01 9.07357574e-01 9.04585302e-01 4.76622641e-01
    1.27975672e-01 9.37566161e-02 7.50325024e-02 6.38440371e-01
    2.45313436e-01 5.86278141e-02 8.61344814e-01 3.96205723e-01
    9.74008799e-01 4.14410055e-01 8.55890036e-01 7.42098033e-01
    5.82318544e-01 7.06852436e-01 8.67525995e-01 2.47185439e-01
    3.56374323e-01 6.11882031e-01 3.91582459e-01 1.29097462e-01
    7.27446616e-01 1.31753176e-01 8.23201299e-01 9.52020049e-01
    8.50124836e-01 3.98081839e-02 7.99892187e-01 5.16675293e-01
    4.46407825e-01 5.98099113e-01 8.89232993e-01 2.68109381e-01
    7.12024748e-01 4.93788213e-01 3.05660665e-02 9.97738481e-01
    2.02504814e-01 6.23009205e-01 8.18369627e-01 3.14223349e-01
    3.59406471e-01 1.32878184e-01 3.08863759e-01 7.27012396e-01
    6.25696123e-01 8.29840600e-02 5.30721009e-01 7.90903091e-01
    3.84795368e-02 8.04790080e-01 5.60588121e-01 8.82275462e-01
    7.40681887e-01 8.49023104e-01 3.16654861e-01 3.60430479e-02
    1.15161389e-01 9.65065360e-01 9.76172924e-01 3.71883690e-01
    6.05266273e-01 6.18540943e-01 8.68042886e-01 2.70683646e-01
    2.62101114e-01 7.05968201e-01 8.82744789e-04 6.08816445e-01
    1.05769604e-01 8.09668899e-01 6.53439105e-01 9.86154556e-01
    9.23843265e-01 7.23174095e-01 3.27513158e-01 1.20708525e-01
    3.93241078e-01 2.10433364e-01 7.79188395e-01 7.46662259e-01
    7.98993587e-01 5.51916301e-01 2.89711952e-01 4.94758785e-01
    8.30287099e-01 4.02049243e-01 2.77506500e-01 8.99751782e-01
    5.61107695e-01 7.06905842e-01 2.47433066e-01 6.93753421e-01
    8.47368896e-01 6.43271208e-01 2.48959452e-01 4.83051747e-01
    2.06825912e-01 8.88547599e-01 5.88998497e-01 6.42611086e-01
    2.24983543e-01 3.31552774e-01 3.29385370e-01 1.56051219e-02
    2.17373788e-01 9.32263851e-01 3.30304354e-01 1.41210467e-01
    5.38645446e-01 5.94506979e-01 4.22774583e-01 4.24953371e-01
    6.03363097e-01 9.49600995e-01 9.22502875e-01 6.41435921e-01
    8.89338970e-01 8.55259359e-01 3.54395568e-01 4.82416749e-01
    2.06631929e-01 9.66721058e-01 5.82717359e-01 1.95259988e-01
    3.32128823e-01 4.91404772e-01 5.90208411e-01 8.78750682e-02
    5.54134130e-01 5.79896569e-01 4.28932607e-02 3.54241520e-01
    2.46144474e-01 5.91316938e-01 1.40313357e-01 7.56297350e-01
    9.47540641e-01 5.66185892e-01 1.73543334e-01 6.24803364e-01
    8.60509276e-03 3.46649885e-01 6.03353322e-01 3.53963554e-01
    8.70557308e-01 9.58406508e-01 7.22528338e-01 6.60751462e-01
    7.20850945e-01 9.95932579e-01 4.84382629e-01 5.49718499e-01
    9.51187730e-01 5.74266553e-01 8.96836996e-01 6.56529427e-01
    8.25056911e-01 8.36142182e-01 5.23588061e-02 4.52152431e-01
    2.44567156e-01 3.16711068e-01 3.36386770e-01 3.37179780e-01
    7.36995280e-01 4.21220660e-02 4.16821897e-01 2.19935417e-01
    7.61760473e-01 9.54429507e-01 1.54725671e-01 4.67078656e-01
    3.08919132e-01 8.04228663e-01 4.16343093e-01 3.41946363e-01
    7.23776639e-01 9.86876547e-01 9.30849314e-01 6.88649118e-02
    7.98187077e-01 6.39356613e-01 1.92677796e-01 4.93962616e-01
    2.93626010e-01 8.23692560e-01 5.28222620e-02 3.90334189e-01
    7.87520766e-01 3.74171019e-01 8.12068284e-02 1.46040887e-01
    1.48326188e-01 9.96598125e-01 7.15194881e-01 1.05299264e-01
    9.11959648e-01 4.18220818e-01 1.99238062e-01 9.10774648e-01
    8.46703291e-01 5.12613416e-01 4.14421022e-01 4.80584800e-01
    5.81114352e-01 9.38713193e-01 9.94834006e-02 7.14749217e-01
    1.31942928e-01 3.62790465e-01 9.34708595e-01 2.59656906e-02
    9.00607109e-01 3.27985346e-01 6.05327249e-01 3.93998981e-01
    6.76029027e-01 6.60177529e-01 6.07336044e-01 7.07341552e-01
    6.72419667e-02 8.23044002e-01 3.06539267e-01 7.52049565e-01
    3.49104941e-01 6.85644507e-01 3.43972087e-01 8.75323296e-01
    9.89573658e-01 7.16665268e-01 3.56246233e-01 9.62068915e-01
    8.58699560e-01 3.47903252e-01 9.15522575e-01 9.73127961e-01
    2.06822515e-01 2.20684916e-01 5.82910597e-01 8.14775527e-01
    2.78598547e-01 3.40793014e-01 6.16472721e-01 5.72513580e-01
    6.89228654e-01 6.38631582e-01 9.79283869e-01 8.45088840e-01
    9.85892057e-01 6.01527572e-01 4.93945122e-01 2.59631574e-01
    3.65490139e-01 2.25942731e-01 2.50062048e-01 5.80524445e-01
    9.87792253e-01 2.30887204e-01 8.30635309e-01 9.86823678e-01
    5.28662562e-01 9.62976217e-01 8.52035224e-01 2.18899786e-01
    4.12904203e-01 3.87516886e-01 7.86231458e-02 2.26514310e-01
    6.52918160e-01 5.32280684e-01 3.32547069e-01 5.93374372e-01
    3.21527481e-01 8.51503015e-01 1.55424327e-01 3.22734416e-02
    4.04057503e-01 2.07194328e-01 8.02663803e-01 6.41694188e-01
    2.21488237e-01 4.32319671e-01 4.91561472e-01 3.54695320e-03
    1.79455191e-01 2.60960639e-01 8.53231430e-01 6.32696450e-01
    6.90782011e-01 6.78089976e-01 4.49460745e-01 1.38219148e-01
    2.90128112e-01 8.43851805e-01 9.74373102e-01 2.98898250e-01
    6.33732677e-01 5.83207726e-01 4.08788621e-02 5.84214330e-02
    7.83812046e-01 3.59450519e-01 8.37917030e-02 6.85226560e-01
    2.15116918e-01 1.15754455e-01 4.13117737e-01 2.41437942e-01
    4.76383746e-01 6.29296184e-01 5.05666018e-01 8.62615824e-01
    7.27722049e-01 5.07460594e-01 6.23653829e-02 2.20582187e-01
    5.13972104e-01 7.48481274e-01 2.23379195e-01 9.87124801e-01
    9.88827527e-01 7.61024356e-01 5.68061411e-01 4.31365013e-01
    3.95809591e-01 5.51821351e-01 7.97804952e-01 2.54000902e-01
    7.35847056e-01 2.79087186e-01 4.32595223e-01 3.77924383e-01
    6.38403058e-01 9.02385414e-01 8.54651809e-01 1.61549747e-02
    5.19153059e-01 6.26183391e-01 5.98443568e-01 8.48861456e-01
    8.55084658e-01 8.85812402e-01 2.37395227e-01 4.87320423e-01
    9.88312662e-02 6.54382348e-01 9.56675112e-02 8.29660416e-01
    3.61315131e-01 1.67723387e-01 8.35227668e-02 7.29657233e-01
    8.65531743e-01 3.27636480e-01 9.47106481e-01 5.65649748e-01
    4.77920026e-01 7.47041881e-01 6.84574783e-01 2.70365536e-01
    4.11114991e-02 7.62223959e-01 2.19139010e-01 6.01148367e-01
    9.43862081e-01 5.00856459e-01 6.73327684e-01 3.91570449e-01
    3.58182907e-01 8.28047335e-01 3.46899509e-01 5.49943447e-01
    8.86001766e-01 1.88795716e-01 8.26012611e-01 8.48000646e-01
    7.44888842e-01 2.35886067e-01 4.49834347e-01 3.93170685e-01
    1.99643523e-01 1.26413584e-01 1.11690760e-01 1.18388802e-01
    3.45451802e-01 3.63464415e-01 5.98456860e-01 3.24813217e-01
    7.50419736e-01 4.97244209e-01 7.58844256e-01 6.60503745e-01
    4.33943391e-01 1.99382067e-01 7.45275199e-01 2.50525057e-01
    3.88658881e-01 2.11338401e-01 4.51576412e-02 3.87709886e-01
    6.19643033e-01 4.76551473e-01 2.09996969e-01 3.83609623e-01
    2.10222304e-01 7.57733226e-01 5.12132525e-01 8.94876242e-01
    3.80638778e-01 1.68257922e-01 8.35577369e-01 2.02974200e-01
    5.07616937e-01 2.91876316e-01 7.26262391e-01 6.62155330e-01
    2.29793549e-01 2.69508362e-03 4.58265871e-01 8.09888542e-02
    9.44083929e-03 3.08840871e-01 8.02890360e-01 6.43140972e-01
    9.45378780e-01 6.70248151e-01 2.19202697e-01 5.34777403e-01
    6.82308078e-01 6.22057796e-01 5.91885448e-01 3.07749450e-01
    3.80977452e-01 3.67546678e-02 8.80320907e-01 6.16575837e-01
    7.52451122e-01 6.44614220e-01 4.95509386e-01 8.39821815e-01
    6.24041378e-01 9.38372970e-01 4.48570102e-01 5.83028078e-01
    2.76459754e-01 2.45161414e-01 9.81166720e-01 2.70125389e-01
    6.27594888e-02 7.29843497e-01 1.86957389e-01 3.14094186e-01
    7.93477178e-01 8.64863038e-01 3.00767958e-01 4.34407324e-01
    8.44620764e-02 2.97087103e-01 2.28633404e-01 2.95235693e-01
    7.18557417e-01 8.39348674e-01 3.84399712e-01 3.12873662e-01
    3.54089171e-01 3.86725426e-01 5.32824516e-01 1.33949608e-01
    2.09251136e-01 5.56458056e-01 4.16208804e-01 5.20903170e-01
    5.26253223e-01 5.50677657e-01 5.45761168e-01 7.21730232e-01
    8.46290588e-03 2.63519406e-01 1.80907458e-01 7.70118833e-01
    5.96613944e-01 9.62642133e-01 3.06744397e-01 9.88960683e-01
    8.57733727e-01 4.26039100e-01 5.78243017e-01 6.21447146e-01
    2.59946793e-01 9.16376114e-01 6.56858742e-01 4.98048872e-01
    7.92072892e-01 7.75075734e-01 7.26782918e-01 6.76203370e-01
    3.78823876e-01 6.62875175e-01 8.83606434e-01 5.51263034e-01
    1.05857939e-01 4.31873113e-01 9.29350019e-01 3.64194512e-01
    9.29160833e-01 6.47339940e-01 4.59605932e-01 9.39005733e-01
    6.53458953e-01 1.69346929e-02 3.98700505e-01 1.48892343e-01
    9.96914268e-01 5.27291954e-01 5.69109380e-01 1.73937947e-01
    8.36419046e-01 8.53528142e-01 9.80215371e-02 9.62256312e-01
    8.35378051e-01 5.31018496e-01 1.08258218e-01 5.56413054e-01
    1.05315328e-01 6.67885661e-01 2.73049772e-02 2.62884915e-01
    6.85908675e-01 3.12462330e-01 7.66778588e-02 2.25205034e-01
    3.94302607e-03 1.45704448e-02 2.93391943e-02 7.13281512e-01
    3.15788150e-01 1.48156226e-01 2.41277218e-02 7.20595479e-01
    4.16915566e-01 5.64440131e-01 4.62945551e-01 6.48059547e-01
    3.07975680e-01 6.13775849e-01 4.16618288e-02 8.07260513e-01
    4.37711656e-01 1.75260454e-01 8.39199126e-01 4.61942106e-01
    7.57437825e-01 3.54807794e-01 6.53591752e-03 5.51388860e-02
    9.52640414e-01 8.78320456e-01 4.82374787e-01 6.75343394e-01
    7.60602176e-01 2.58567035e-02 8.05731416e-01 2.13837057e-01
    5.06694794e-01 8.19961727e-01 5.84674001e-01 7.57210076e-01
    5.55608392e-01 7.63408303e-01 2.35056877e-01 2.44416922e-01
    1.08053118e-01 4.50830936e-01 1.34062588e-01 4.23304439e-02
    3.66257548e-01 4.89569306e-02 5.54051936e-01 5.49150527e-01
    5.64081013e-01 3.48631501e-01 5.03241122e-01 5.50157189e-01
    2.85467446e-01 1.47064805e-01 7.67079115e-01 7.45479405e-01
    7.30915487e-01 9.94704127e-01 5.06535947e-01 7.69844890e-01
    5.82171500e-01 8.34413230e-01 3.01319778e-01 6.40992224e-02
    3.88897240e-01 2.11210251e-02 5.25534987e-01 1.85929179e-01
    4.94340658e-02 6.68918133e-01 1.79582834e-02 9.28119600e-01
    5.95603406e-01 1.89643383e-01 3.42291534e-01 8.06924582e-01
    7.73406267e-01 4.82171327e-01 5.85366011e-01 9.10198092e-02
    8.52338910e-01 1.63581461e-01 5.79423189e-01 4.55400169e-01
    5.57226956e-01 3.34340334e-01 1.34727359e-03 4.71218139e-01
    2.29562312e-01 8.09446812e-01 8.03702831e-01 6.84119344e-01
    4.26534116e-02 5.79452455e-01 9.16847348e-01 7.71142423e-01
    5.49479127e-01 6.40414774e-01 9.22724605e-01 5.19596040e-01
    5.56665480e-01 1.98737651e-01 4.87509459e-01 7.34170854e-01
    2.07252026e-01 7.82684386e-02 1.32599115e-01 8.12356830e-01
    9.46015120e-03 3.34254086e-01 3.99765372e-01 4.66416717e-01
    5.89225471e-01 7.78528273e-01 2.25433111e-01 2.34455198e-01
    1.24323875e-01 5.72915554e-01 3.06144595e-01 7.19331503e-01
    3.12590420e-01 7.86866069e-01 8.70187283e-02 8.89480054e-01
    9.64263082e-02 7.37750769e-01 2.93789446e-01 9.64636087e-01
    5.35031796e-01 6.99306369e-01 2.63864219e-01 6.68182969e-01
    6.30971432e-01 4.81156230e-01 2.77089655e-01 6.84910834e-01
    7.79157758e-01 2.70929337e-01 2.28205115e-01 7.10709333e-01
    1.86416507e-03 7.65631795e-01 1.41759783e-01 1.30420446e-01
    3.24350417e-01 1.62141144e-01 4.86111552e-01 7.43208826e-02
    9.24456120e-01 2.54298687e-01 7.67740607e-02 8.02550316e-01
    2.86679536e-01 8.95047069e-01 4.66738880e-01 4.65199172e-01
    9.94043350e-02 4.44193363e-01 6.54279172e-01 5.24214566e-01
    1.50852710e-01 6.00363016e-01 3.74043971e-01 8.26235533e-01
    5.52065909e-01 5.60328126e-01 1.88662320e-01 8.53476048e-01
    4.01593566e-01 1.17764533e-01 6.10511065e-01 8.16674948e-01
    7.92717695e-01 6.69175088e-02 3.72508168e-02 6.68457031e-01
    3.55100274e-01 9.49437141e-01 5.91079235e-01 8.89178634e-01
    2.32257724e-01 7.66584516e-01 7.20229864e-01 8.73116493e-01
    8.74752581e-01 6.21238351e-01 3.70980948e-01 4.33278024e-01
    4.20532703e-01 4.38796580e-01 4.02843654e-02 2.14934736e-01
    9.28694010e-01 3.19735110e-01 8.73025477e-01 9.39360738e-01
    9.98177886e-01 6.75348043e-02 8.59481275e-01 3.96965891e-01
    3.78178537e-01 4.52661812e-01 4.40479189e-01 3.80923092e-01
    8.64543319e-01 2.60472655e-01 9.82038856e-01 6.67468309e-01
    5.86609244e-02 6.32909834e-01 9.49704528e-01 1.03550166e-01
    5.93591213e-01 7.96819448e-01 5.77027678e-01 9.49674249e-01
    9.63209510e-01 6.63355052e-01 6.74279809e-01 2.79409289e-01
    8.85707140e-01 7.72844076e-01 8.66260827e-02 8.07783008e-01
    5.36880553e-01 5.69668710e-01 4.02071625e-01 1.20908439e-01
    3.88843596e-01 4.75338370e-01 4.54699010e-01 6.95376873e-01
    4.92119879e-01 7.95017481e-01 1.26886636e-01 7.17004180e-01
    9.43940341e-01 4.14360791e-01 1.18658572e-01 3.29315782e-01
    2.76118040e-01 4.19963479e-01 7.49817371e-01 1.68586850e-01
    2.67135561e-01 3.12157393e-01 6.79981470e-01 8.19892704e-01
    5.70584714e-01 5.36522627e-01 1.08438075e-01 7.38683045e-01
    7.00369120e-01 3.46739888e-01 3.92078161e-02 7.97925532e-01
    1.49621099e-01 5.42468190e-01 8.68299007e-01 7.00544477e-01
    2.58016229e-01 6.46936297e-01 5.89052141e-02 4.81183350e-01
    8.04467201e-02 3.05423737e-01 3.14306676e-01 2.87617505e-01
    3.41663539e-01 8.64130974e-01 3.77419651e-01 3.40020657e-01
    6.09875381e-01 7.20248342e-01 6.34113431e-01 9.93814349e-01
    5.57403266e-01 5.12866437e-01 7.88997114e-01 9.00917232e-01
    4.50736493e-01 9.36909020e-01 1.58435196e-01 6.31686091e-01
    6.23650193e-01 9.77692366e-01 4.13235366e-01 6.65776968e-01
    4.66068983e-02 9.46791410e-01 4.84897792e-01 9.14513707e-01
    3.59635353e-01 6.31504059e-02 6.75919652e-02 4.96779978e-01
    9.90144551e-01 6.38073921e-01 7.34246731e-01 4.02297080e-01
    2.70914018e-01 9.55067635e-01 2.93913215e-01 5.25355637e-02
    6.23497784e-01 4.99228239e-02 5.44806838e-01 8.93591940e-01
    9.98243809e-01 8.75580251e-01 4.40714180e-01 1.25695288e-01
    6.50054216e-02 4.67379004e-01 6.92028642e-01 6.88450158e-01
    8.42622995e-01 9.17011499e-01 7.76334882e-01 6.57601297e-01
    6.62191272e-01 4.30437028e-02 8.45224082e-01 8.91000807e-01
    1.64212167e-01 4.38887686e-01 5.87691784e-01 1.73538804e-01
    5.54467559e-01 9.79797721e-01 8.22800040e-01 5.65308332e-01
    7.76642978e-01 6.21485412e-02 1.77267253e-01 8.46113563e-02
    2.36272961e-01 6.19043171e-01 8.87562871e-01 3.67652237e-01
    3.37605596e-01 2.95134366e-01 5.35064936e-01 1.85968578e-02
    5.44407666e-01 2.25457996e-01 1.70518219e-01 7.20677137e-01
    8.07959378e-01 8.72719884e-01 9.12523687e-01 6.46547675e-01
    5.50807476e-01 9.15746331e-01 9.85097766e-01 6.87915087e-01
    1.98678285e-01 2.12217748e-01 6.53861344e-01 8.61663938e-01
    5.58886528e-01 9.44788218e-01 2.27024198e-01 2.37195700e-01
    8.40779603e-01 5.02480626e-01 1.53316855e-02 6.19243920e-01
    6.99690223e-01 1.30244195e-02 9.03781414e-01 2.55381286e-01
    3.05058122e-01 1.58270329e-01 2.94379115e-01 8.36835146e-01
    1.07582301e-01 5.25456429e-01 6.24934494e-01 5.04078150e-01
    4.47436780e-01 2.02393889e-01 5.71078777e-01 9.13332343e-01
    6.09949231e-01 3.91194552e-01 1.38062507e-01 6.79189265e-01
    6.10997796e-01 7.56158113e-01 1.16562515e-01 2.34444112e-01
    1.45923227e-01 4.34539288e-01 7.66972423e-01 3.26834202e-01
    1.51256323e-01 6.46526217e-02 6.77444577e-01 4.67548162e-01
    9.57864761e-01 8.77129674e-01 2.21757054e-01 5.72338104e-01
    3.87060702e-01 6.68213665e-02 6.21796966e-01 9.29279506e-01
    3.92100960e-01 2.61635542e-01 1.11757338e-01 1.59377247e-01
    1.97729737e-01 7.40884364e-01 4.54030484e-01 9.97945547e-01
    2.18760550e-01 2.70326167e-01 1.47048235e-02 2.10223794e-01
    1.95779890e-01 5.54486632e-01 2.63901621e-01 7.49786735e-01
    6.29170656e-01 7.42696941e-01 4.17628229e-01 1.04265213e-01
    7.43817210e-01 4.89872098e-01 6.21087909e-01 6.97647929e-02
    2.91159302e-01 1.63023949e-01 3.05784643e-01 4.59420949e-01
    8.32002640e-01 3.24254841e-01 8.67812037e-01 7.05053210e-02
    2.28753448e-01 5.39937735e-01 4.27965075e-01 1.56286091e-01
    7.02031255e-02 8.78768146e-01 8.39131594e-01 3.65456641e-01
    7.54366159e-01 9.47326839e-01 1.32086605e-01 1.08320892e-01
    6.45311534e-01 2.97220767e-01 9.06172037e-01 9.86429572e-01
    4.08928394e-01 4.75651622e-02 8.06155443e-01 1.25919133e-01
    5.69003820e-02 6.89387441e-01 8.74051034e-01 8.60076189e-01
    2.22733557e-01 6.86295629e-02 1.42481714e-01 1.12764835e-01
    5.22554398e-01 5.36637902e-02 5.44968724e-01 4.81152654e-01
    4.26906109e-01 5.41792989e-01 2.08900422e-01 4.40009713e-01
    1.85519785e-01 6.54514313e-01 7.12907970e-01 3.02942991e-02
    9.82834339e-01 1.86775744e-01 2.25551695e-01 3.30600530e-01
    4.41582888e-01 1.94667250e-01 4.34108257e-01 5.31472623e-01
    3.83447707e-02 5.67641258e-01 4.84294862e-01 1.11457378e-01
    1.82170451e-01 6.43772006e-01 4.07285392e-02 2.01526880e-02
    6.58195138e-01 3.89220178e-01 9.13177133e-02 4.66970265e-01
    6.46693110e-01 9.40417767e-01 2.27125078e-01 8.78400207e-01
    8.91242385e-01 3.42296094e-01 3.09261560e-01 4.46300566e-01
    5.29001951e-01 4.23965812e-01 5.37372530e-01 6.85267270e-01
    8.00104499e-01 6.26285017e-01 3.46830487e-02 6.02258205e-01
    3.53162229e-01 7.34551728e-01 5.16972840e-01 3.06573778e-01
    7.27006257e-01 6.63918614e-01 9.79461074e-02 6.17336512e-01
    5.95904112e-01 5.09567857e-01 6.13375008e-02 8.78636479e-01
    8.42217028e-01 3.07465792e-02 8.72141719e-01 8.31725597e-02
    7.30896235e-01 4.06332493e-01 6.84992433e-01 2.41082400e-01
    7.76402175e-01 1.51132613e-01 5.27445078e-02 4.33299273e-01
    3.81768137e-01 6.70664907e-01 7.44886398e-01 3.72550488e-02
    2.10011363e-01 3.90154332e-01 1.54022247e-01 6.56465650e-01
    4.41971481e-01 9.51602280e-01 7.74969459e-01 8.91693950e-01
    4.32335377e-01 2.65584558e-01 9.08968151e-01 4.71446782e-01
    1.65946126e-01 3.49036276e-01 3.89172882e-01 2.26132065e-01
    7.90202618e-01 5.54437816e-01 3.85634840e-01 7.52614260e-01
    8.73196840e-01 5.56519508e-01 9.98418331e-02 4.37056780e-01
    9.33037817e-01 4.24614370e-01 9.07498181e-01 8.27256083e-01
    7.30646551e-02 9.50607657e-02 3.47234517e-01 1.39472574e-01
    1.05446011e-01 9.86045599e-01 6.81054056e-01 7.58007169e-01
    9.29512262e-01 2.52315402e-02 4.50031281e-01 3.15845013e-03
    6.75307989e-01 7.89914012e-01 5.45681953e-01 7.35307813e-01
    6.66177988e-01 2.87610292e-03 1.62549049e-01 3.84409696e-01
    8.86135399e-01 1.56605452e-01 1.81907475e-01 7.07348406e-01
    2.23455220e-01 5.23106039e-01 1.68923080e-01 8.79087806e-01
    3.26823741e-01 7.58466721e-02 8.73738766e-01 1.28418207e-04
    4.78066623e-01 6.19292557e-02 1.32762372e-01 5.30269384e-01
    8.62151325e-01 6.48600280e-01 1.49042189e-01 8.37258935e-01
    7.41451740e-01 2.45302022e-02 3.69589508e-01 3.90079618e-03
    3.61734837e-01 4.21761751e-01 4.38064098e-01 1.20674372e-02
    4.41191226e-01 7.81363547e-01 3.66891742e-01 3.45686913e-01
    5.26496887e-01 8.62414241e-01 6.81705058e-01 5.85216045e-01
    8.92391801e-03 6.87995434e-01 3.55335176e-01 1.72563970e-01
    8.11827064e-01 3.28597218e-01 2.79736578e-01 2.07256258e-01
    7.32355833e-01 1.45608187e-01 1.69705689e-01 2.04693079e-02
    2.13596374e-01 6.41810656e-01 4.97432947e-02 9.27821040e-01
    5.87133408e-01 9.61208224e-01 8.95068645e-02 4.42308068e-01
    1.12249017e-01 7.35760391e-01 5.48634112e-01 3.66389662e-01
    2.96438038e-01 5.40855110e-01 3.22404265e-01 3.13892305e-01
    8.00941586e-01 1.74723566e-01 7.68565536e-01 4.59441006e-01
    2.06164062e-01 4.60775405e-01 1.90186620e-01 8.83875966e-01
    1.55554324e-01 1.18376553e-01 8.38945031e-01 2.33542711e-01
    1.36987865e-02 1.87448084e-01 5.64674139e-02 6.62054181e-01
    9.99642253e-01 7.76405632e-01 6.43489003e-01 6.83757842e-01
    3.13917696e-01 9.95797157e-01 1.66560203e-01 3.83712620e-01
    6.35806143e-01 7.65633106e-01 5.96154094e-01 7.17596710e-01
    9.31481957e-01 8.25617015e-01 9.99384999e-01 6.93269193e-01
    5.47944188e-01 5.39964199e-01 4.64118719e-01 5.61977565e-01
    5.01569629e-01 8.37865710e-01 9.48677063e-02 9.73923087e-01
    6.29169345e-02 2.46863276e-01 6.04399681e-01 9.64383245e-01
    1.02293134e-01 4.71014172e-01 2.39248872e-02 6.43952608e-01
    7.62254238e-01 1.02522492e-01 4.22977328e-01 2.06442744e-01
    5.54673672e-01 7.11531639e-01 7.26794481e-01 4.97197360e-01
    6.96475387e-01 6.74867690e-01 4.97202188e-01 7.31738269e-01
    2.07038015e-01 2.91873038e-01 5.76921701e-01 9.74123478e-01
    9.87325609e-02 2.74316370e-01 8.39808881e-02 5.91013670e-01
    2.87452579e-01 1.85716152e-03 8.35646272e-01 4.27706510e-01
    1.79946929e-01 7.16074228e-01 8.06153119e-01 2.97283500e-01
    2.72025645e-01 1.41430646e-01 8.30713034e-01 8.01224351e-01
    4.00026560e-01 3.48834455e-01 1.03282452e-01 8.93879414e-01
    1.62518144e-01 8.96206617e-01 7.66153216e-01 2.98189700e-01
    9.98167992e-01 4.67158318e-01 7.48696864e-01 4.06888127e-03
    6.13976300e-01 7.90658593e-02 4.43157196e-01 6.02935553e-01
    1.34418815e-01 3.05241048e-02 9.71294284e-01 2.36750007e-01
    4.90720719e-01 6.76959217e-01 2.09515125e-01 5.45725703e-01
    7.29494333e-01 8.18005741e-01 9.71529961e-01 6.37412250e-01
    8.42822492e-01 8.78560781e-01 1.41729474e-01 2.40620315e-01
    6.30857110e-01 4.35432732e-01 1.96386099e-01 5.54659307e-01
    3.91708374e-01 4.43262190e-01 1.23491675e-01 7.14193940e-01
    5.57539880e-01 9.68282640e-01 8.34658980e-01 9.45358038e-01
    6.58487618e-01 7.42225528e-01 2.90461779e-01 3.98365259e-01
    7.60671914e-01 5.87290227e-02 5.51399231e-01 6.24391139e-01
    3.64367187e-01 9.44356203e-01 8.20224166e-01 3.13831866e-02
    1.31180882e-03 4.56228852e-03 2.58970469e-01 8.52322280e-01
    5.79106927e-01 3.64287615e-01 8.94907236e-01 2.34115750e-01
    3.60414207e-01 3.98142636e-02 9.75729942e-01 7.55728841e-01
    6.10288262e-01 5.21223724e-01 9.97513533e-01 1.88882321e-01
    6.75568581e-02 4.77887034e-01 9.28849280e-02 8.00712466e-01
    6.15818262e-01 8.30116510e-01 9.91821587e-01 6.95107400e-01
    4.65118915e-01 4.05294955e-01 6.08544230e-01 4.47131395e-01
    3.04640412e-01 6.93808794e-02 4.03637856e-01 5.87405324e-01
    9.34570372e-01 6.25238597e-01 1.50389671e-01 3.91795486e-01
    8.03426206e-01 7.82409847e-01 3.27815086e-01 2.69692600e-01
    4.77349818e-01 3.83744866e-01 2.85815001e-01 9.82229114e-01
    8.35115671e-01 3.48391771e-01 7.17865229e-01 6.99356675e-01
    5.41551352e-01 3.80407512e-01 1.48646802e-01 7.99894333e-04
    4.10941184e-01 3.79228592e-02 1.43068165e-01 7.53442645e-01
    3.14888060e-02 3.00211966e-01 8.46682250e-01 7.90535927e-01
    6.09081566e-01 1.86780870e-01 7.03570187e-01 9.24122512e-01
    1.44635111e-01 5.05416989e-01 4.46176827e-01 6.59021258e-01
    2.18608975e-03 9.08132195e-01 9.76994276e-01 4.03956711e-01
    5.99150658e-02 9.61593866e-01 9.71386790e-01 8.80112886e-01
    6.22499406e-01 6.22005165e-01 2.27806568e-01 2.27899969e-01
    7.22157478e-01 8.06505680e-01 9.72012579e-02 7.11559892e-01
    1.39943957e-02 1.32343948e-01 7.82116175e-01 1.83632165e-01
    9.17698145e-01 5.50517380e-01 2.64340729e-01 9.39857364e-02
    7.89446235e-01 9.88833249e-01 1.87327057e-01 6.95765853e-01
    2.79208034e-01 5.33260047e-01 5.18766940e-01 9.90576506e-01
    8.37933898e-01 5.57937860e-01 7.69258022e-01 9.56450164e-01
    9.45408940e-01 1.45058125e-01 4.15778041e-01 8.92182827e-01
    9.12342191e-01 3.77192050e-01 7.84741879e-01 1.83573186e-01
    9.77031529e-01 9.98197913e-01 2.04478085e-01 7.77303576e-02
    4.19831783e-01 8.97555947e-01 4.19365466e-01 1.63429320e-01
    1.17602468e-01 4.88042235e-02 1.30032450e-01 9.34875071e-01
    4.24163640e-01 3.05874825e-01 6.41794324e-01 4.73824173e-01
    3.93350929e-01 8.89476180e-01 5.09802997e-01 2.08844304e-01
    5.91072917e-01 6.20055199e-01 8.00863743e-01 3.29531431e-02
    3.49584818e-01 8.15961242e-01 7.50782251e-01 2.38030374e-01
    7.73665369e-01 5.93166947e-02 7.33646870e-01 5.83964586e-01
    1.49838328e-02 6.14444435e-01 2.06490457e-02 4.16770309e-01
    4.73055303e-01 1.95548087e-01 5.70149720e-01 6.69115186e-01
    4.68984723e-01 1.45969868e-01 2.59445906e-01 4.64702129e-01
    4.55690145e-01 9.23677087e-01 3.42027843e-02 6.61547780e-01
    8.38395536e-01 6.33168936e-01 8.61582100e-01 5.15300930e-01
    2.34258920e-01 4.04985815e-01 3.93497884e-01 9.60323572e-01
    3.14224392e-01 1.94209933e-01 3.49524081e-01 3.90329123e-01
    3.60590577e-01 1.58555508e-01 5.59948623e-01 5.49179137e-01
    2.95712590e-01 8.45520854e-01 2.43816078e-02 8.86495113e-01
    4.15495932e-02 2.26581693e-01 6.87131166e-01 8.17449093e-02
    9.17338848e-01 6.42042398e-01 7.19103873e-01 8.54589403e-01
    8.96180749e-01 6.14653409e-01 2.22438037e-01 3.86913389e-01
    7.60070086e-02 9.88699853e-01 3.86529088e-01 5.67741692e-01
    9.15839791e-01 2.49445200e-01 1.21516764e-01 5.67665458e-01
    2.44646221e-01 8.77381504e-01 3.31347257e-01 4.01800305e-01
    5.49735725e-01 1.59067631e-01 8.00506055e-01 3.47801417e-01
    8.54953766e-01 6.89702988e-01 1.63895786e-02 7.50649333e-01
    8.21076155e-01 2.07516253e-02 2.00868994e-01 1.31036073e-01
    1.31606758e-02 3.76632541e-01 3.86489630e-02 6.14525259e-01
    3.41021895e-01 4.94602621e-02 3.69819522e-01 1.11681193e-01
    8.27809691e-01 2.11026073e-01 2.30963111e-01 3.11467826e-01
    5.28345644e-01 3.80684137e-02 6.34363890e-01 1.94990903e-01
    6.31492853e-01 8.94183636e-01 9.02050734e-01 9.86505389e-01
    6.88888311e-01 5.89731932e-02 7.51283765e-03 1.64404541e-01
    7.25846827e-01 8.19665790e-02 6.75952196e-01 7.43296444e-02
    8.11831057e-02 4.90199775e-01 1.85486019e-01 2.54610062e-01
    5.13411105e-01 5.97417951e-01 6.87379599e-01 1.55354440e-01
    8.88072371e-01 5.38107991e-01 8.80632401e-02 6.76346421e-01
    3.47815037e-01 5.55886805e-01 8.12896490e-02 1.27091974e-01
    9.92380023e-01 5.80702364e-01 9.00638819e-01 4.10736114e-01
    7.84699380e-01 8.56792986e-01 7.04077184e-01 1.24310434e-01
    8.89900446e-01 5.22033513e-01 7.89825022e-02 1.06732786e-01
    2.57686615e-01 9.38110948e-01 7.21132755e-02 3.00157040e-01
    8.01580250e-02 5.52397847e-01 9.61547852e-01 6.16700351e-02
    1.60613090e-01 1.72224402e-01 1.68923408e-01 2.01483667e-01
    1.24893457e-01 5.63150823e-01 7.21936107e-01 4.68865573e-01
    1.44015491e-01 1.17471367e-01 5.76272666e-01 2.13238776e-01
    1.90263569e-01 2.71563917e-01 4.48970228e-01 6.53639972e-01
    7.91901827e-01 7.82891273e-01 8.54550958e-01 7.23180175e-03
    6.30556285e-01 1.08951330e-03 1.74487889e-01 9.94517446e-01
    8.04654360e-01 6.62219524e-01 7.91324258e-01 4.08240438e-01
    3.94857168e-01 1.86921358e-02 3.86013120e-01 5.37546873e-01
    6.17773473e-01 9.24004614e-02 9.18005228e-01 3.31474483e-01
    8.63813519e-01 4.77418065e-01 4.35941994e-01 9.92319882e-02
    6.48427069e-01 4.47238892e-01 8.67921352e-01 1.14908427e-01
    1.47587359e-01 2.03677267e-01 6.15585744e-01 3.13905448e-01
    7.13758230e-01 5.68855822e-01 7.70018458e-01 4.90575850e-01
    8.14835489e-01 3.98783624e-01 7.21227646e-01 3.02456021e-01
    4.43490952e-01 5.27166843e-01 1.60878688e-01 7.08423734e-01
    4.25286710e-01 9.76532280e-01 4.76427466e-01 7.79343545e-01
    7.35646963e-01 6.09600186e-01 4.27240521e-01 2.46354133e-01
    3.09078068e-01 7.38649964e-01 6.86156511e-01 6.49047732e-01
    9.95795071e-01 9.78785276e-01 7.30292976e-01 9.00899649e-01
    6.81452334e-01 4.44368690e-01 7.00790882e-01 1.73976541e-01
    9.22931433e-01 8.60835671e-01 1.60428554e-01 2.39747018e-01
    7.68077374e-02 8.67609799e-01 8.59651029e-01 4.82602417e-02
    5.39131403e-01 9.56451178e-01 4.50350106e-01 4.37994063e-01
    9.81487989e-01 1.89390182e-02 5.95214546e-01 2.38027483e-01
    8.27950895e-01 9.38658237e-01 6.80333614e-01 2.72886634e-01
    2.85744816e-01 1.67130709e-01 7.13910460e-02 5.96362233e-01
    4.07039315e-01 8.67536485e-01 8.99654686e-01 8.78967524e-01
    8.22846889e-01 5.99842429e-01 5.07818580e-01 7.77233064e-01
    1.74433529e-01 8.40579689e-01 5.48599958e-01 4.59666848e-02
    7.63798833e-01 5.64729989e-01 8.11426282e-01 3.04297805e-01
    4.92794186e-01 4.49632347e-01 8.13232183e-01 6.47135973e-02
    4.25456166e-02 6.07846200e-01 8.75461757e-01 3.07323009e-01
    7.53875077e-02 3.56275737e-02 1.33148223e-01 4.07131106e-01
    9.73595738e-01 8.88653934e-01 6.34513319e-01 9.72435772e-02
    2.22502947e-01 1.01693273e-02 9.18899655e-01 3.88564557e-01
    3.58392358e-01 6.37106240e-01 8.02761674e-01 9.85328138e-01
    4.52418447e-01 3.62329364e-01 7.69567192e-02 1.49641544e-01
    1.35229230e-01 6.37739897e-01 9.37988698e-01 3.95567119e-01
    8.46666336e-01 4.09751773e-01 8.41176569e-01 1.71792060e-01
    2.50214547e-01 7.23159432e-01 3.93463969e-02 5.09378135e-01
    2.68593431e-03 5.64679503e-02 4.98684466e-01 9.69379425e-01
    4.98987198e-01 4.09985721e-01 8.68993640e-01 7.01690614e-02
    3.34864229e-01 9.74020123e-01 3.38049233e-02 1.88811630e-01
    8.36935699e-01 6.21269882e-01 4.70085979e-01 1.53759718e-01
    8.26128244e-01 3.75632614e-01 6.66508079e-02 5.73629022e-01
    3.18582743e-01 6.69411242e-01 1.08517766e-01 7.94923782e-01
    1.17650628e-02 1.10542148e-01 3.55350614e-01 9.52927709e-01
    4.71960425e-01 1.86632723e-01 1.78740889e-01 8.68042469e-01
    1.40582174e-01 8.64337683e-02 4.78941262e-01 9.24185812e-01
    5.50171912e-01 8.79035115e-01 8.02718699e-02 7.34399796e-01
    2.59369373e-01 5.36498845e-01 9.18078184e-01 9.26126122e-01
    7.71942437e-01 4.25804585e-01 2.91974723e-01 6.25759125e-01
    5.89545846e-01 2.31026262e-01 2.27298319e-01 4.91599590e-01
    5.71401358e-01 3.21369648e-01 4.47461456e-01 2.29510784e-01
    8.82662416e-01 4.16828871e-01 6.11126602e-01 8.49287570e-01
    4.50196415e-01 5.81174612e-01 8.64518881e-02 5.11879563e-01
    7.33325779e-02 7.73557663e-01 6.60464942e-01 4.80700731e-02
    4.81460392e-01 7.24507213e-01 8.03588629e-01 6.44210875e-01
    5.74994028e-01 6.93388879e-02 8.32425952e-01 3.14656258e-01
    6.67340755e-01 8.72642934e-01 2.07664847e-01 1.84440643e-01
    2.68747985e-01 8.99801433e-01 2.94747204e-01 8.52358699e-01
    4.77811128e-01 5.29664218e-01 6.53866768e-01 7.93733239e-01
    9.03945386e-01 9.89341855e-01 2.96571016e-01 9.44630623e-01
    9.31422412e-02 3.77275825e-01 4.85657662e-01 3.46496403e-01
    3.16009223e-02 2.56854296e-01 6.72232389e-01 5.94733059e-01
    6.56719446e-01 4.72106725e-01 4.02185917e-01 6.55406117e-01
    9.49906588e-01 2.34990984e-01 6.38747513e-01 6.14985645e-01
    4.54657108e-01 1.88463151e-01 8.95821571e-01 8.72226119e-01
    6.83432400e-01 4.90813732e-01 1.31397843e-02 4.56117630e-01
    5.81819534e-01 6.01356328e-02 8.80772471e-01 1.31746709e-01
    4.99753684e-01 1.87920898e-01 4.44221228e-01 1.01760566e-01
    6.76797032e-01 4.94232804e-01 9.13466215e-01 2.59836733e-01
    1.50399476e-01 9.19222116e-01 8.26488376e-01 7.84394503e-01
    5.21629989e-01 9.34648633e-01 7.87906885e-01 7.00601339e-01
    9.57075357e-02 3.53194147e-01 9.89217639e-01 8.48557949e-02
    4.81884241e-01 3.28347266e-01 4.74942327e-01 3.97484362e-01
    1.29525572e-01 3.40402722e-02 7.05656767e-01 3.76890719e-01
    3.03937137e-01 6.90632641e-01 4.09002811e-01 3.18817317e-01
    2.31659859e-01 8.54812384e-01 4.74085301e-01 9.01697457e-01
    6.57093883e-01 2.53787756e-01 1.66709423e-01 1.49529845e-01
    9.40015733e-01 3.18413287e-01 5.35011590e-02 3.01281869e-01
    7.07610011e-01 9.57615614e-01 4.54273939e-01 9.56881046e-02
    2.72640407e-01 5.61864376e-01 1.09384298e-01 7.95590997e-01
    6.64967656e-01 7.44274259e-02 4.48174983e-01 3.11358929e-01
    9.39411759e-01 7.10873902e-01 6.90902948e-01 8.14604759e-01
    5.83294630e-02 6.91624165e-01 3.19036007e-01 3.91634762e-01
    9.07165706e-01 3.20327520e-01 9.78268921e-01 9.54998732e-01
    2.64649689e-01 2.48052657e-01 8.45300317e-01 4.09820586e-01
    1.24412239e-01 3.63090873e-01 7.04353631e-01 4.90966111e-01
    6.09560847e-01 1.95318550e-01 2.43828595e-02 2.73990214e-01
    3.91388655e-01 1.99083000e-01 9.20796633e-01 8.21802497e-01
    8.30971301e-01 7.61944890e-01 7.92147756e-01 5.37625194e-01
    3.69209528e-01 7.78871894e-01 6.33067429e-01 2.55738258e-01
    1.90278918e-01 7.68227220e-01 9.47606206e-01 9.70828772e-01
    1.52249098e-01 6.17768347e-01 9.13275182e-01 1.09878331e-01
    5.91818869e-01 6.95249677e-01 7.17942953e-01 4.59680378e-01
    5.09671450e-01 2.37723053e-01 3.44895929e-01 3.75836015e-01
    6.75073266e-01 7.51174092e-01 3.71263862e-01 6.95119679e-01
    7.79795885e-01 5.20875454e-02 3.18361819e-02 9.33048189e-01
    9.01613891e-01 2.02257872e-01 4.89773363e-01 1.79228723e-01
    8.65877628e-01 8.57474685e-01 5.49278975e-01 5.95092177e-01
    7.51086771e-01 2.50269294e-01 9.84621525e-01 9.24512386e-01
    6.10254109e-01 3.85294855e-01 8.32074642e-01 8.32883418e-02
    2.99960107e-01 4.18648124e-03 8.52837265e-01 8.20642948e-01
    2.79345959e-01 6.71569109e-02 7.72894681e-01 6.95183873e-01
    1.40637219e-01 7.93307781e-01 3.06172967e-01 7.33115673e-01
    4.87592518e-02 6.36414111e-01 1.64227515e-01 1.91216052e-01
    7.18594790e-02 5.16864479e-01 9.75702286e-01 3.29628319e-01
    4.54130948e-01 3.90888005e-01 7.07649589e-02 4.55303639e-01
    2.82380521e-01 6.22165382e-01 3.10058147e-01 8.65215540e-01
    1.65754616e-01 8.59437883e-02 2.47755975e-01 7.64313340e-03
    5.50693095e-01 3.21284950e-01 4.27305907e-01 6.80933952e-01
    6.55574381e-01 4.21680272e-01 9.73135829e-01 1.97139829e-01
    1.04113281e-01 2.03250289e-01 9.16486502e-01 6.45458579e-01
    7.99229741e-01 5.50159037e-01 9.75033641e-01 8.26263070e-01
    6.75757349e-01 7.26243854e-02 4.09747094e-01 4.42941040e-01
    8.02496254e-01 3.24352086e-02 9.39896226e-01 6.06161296e-01
    5.69585741e-01 9.25608277e-01 7.60203838e-01 6.17405832e-01
    6.59595728e-01 3.73582006e-01 2.41318345e-03 4.61167634e-01
    5.29221594e-02 1.43838465e-01 5.99251688e-01 9.85963225e-01
    7.87478089e-01 7.23833382e-01 1.08561337e-01 5.43432474e-01
    7.62654185e-01 8.58328462e-01 9.30069327e-01 4.53847289e-01
    8.96328449e-01 9.44570541e-01 7.54485130e-01 1.77315295e-01
    7.79158831e-01 9.69059944e-01 6.68247163e-01 6.21966839e-01
    9.44383621e-01 4.29227591e-01 3.44489038e-01 9.84079659e-01
    6.43451750e-01 1.00420624e-01 5.25319040e-01 4.00678843e-01
    9.28596139e-01 7.48799682e-01 2.70129144e-02 2.28428423e-01
    3.38832498e-01 3.76893282e-01 8.06546628e-01 2.00115114e-01
    3.06554139e-01 9.24088120e-01 1.62117958e-01 4.15577084e-01
    9.88787115e-01 8.46760809e-01 3.48030388e-01 4.38346654e-01
    5.90111971e-01 3.79970014e-01 6.23203456e-01 4.80803490e-01
    2.16580153e-01 8.87979388e-01 5.13425648e-01 8.69481206e-01
    3.97403002e-01 4.68131900e-02 3.76122981e-01 6.59820199e-01
    6.79138362e-01 5.68794370e-01 6.06473029e-01 3.97010148e-01
    1.90831184e-01 9.36953187e-01 2.01987207e-01 8.99934173e-02
    6.93437576e-01 5.78086972e-01 3.15832436e-01 6.82714224e-01
    2.52864838e-01 2.37703323e-03 2.30256259e-01 4.10586596e-03
    6.58600807e-01 7.29147792e-01 3.23242307e-01 6.25660419e-02
    4.80926454e-01 2.99601018e-01 5.11299729e-01 4.89403367e-01
    7.14014649e-01 1.51184201e-03 1.74546361e-01 2.58124501e-01
    6.68357790e-01 6.09176755e-01 9.57679749e-03 9.11457360e-01
    9.72998023e-01 6.68320060e-01 4.43988055e-01 3.91226113e-01
    9.03595567e-01 9.49899852e-01 9.18259025e-01 4.67623681e-01
    2.39989519e-01 9.97767329e-01 5.50553560e-01 4.85450000e-01
    7.28076994e-02 4.00497675e-01 4.40251559e-01 3.01678121e-01
    7.97070086e-01 9.90983844e-01 2.73769975e-01 2.16388762e-01
    8.69931459e-01 5.46222746e-01 6.95485771e-01 1.34170651e-01
    1.27482325e-01 9.12746668e-01 2.71282852e-01 3.88663262e-01
    1.88838124e-01 5.44951141e-01 2.67944038e-01 7.67594099e-01
    5.04780412e-02 9.74721014e-01 4.07396942e-01 7.72718251e-01
    9.02441025e-01 7.58738518e-01 3.20366740e-01 6.66618347e-04
    9.03141618e-01 7.51847506e-01 6.56196773e-02 4.34437692e-01
    7.97849774e-01 7.67740369e-01 2.46821493e-01 8.37261200e-01
    3.00481677e-01 2.82119960e-01 6.73913777e-01 7.29679763e-01
    4.34994698e-04 1.07160985e-01 6.70763254e-01 8.75375390e-01
    4.09772396e-02 2.24381953e-01 5.79030573e-01 6.31963551e-01
    9.92680609e-01 6.20998204e-01 1.26523614e-01 5.40491104e-01
    1.15290284e-03 6.85573280e-01 6.68387473e-01 8.80241692e-02
    5.89809418e-01 1.08603120e-01 2.26810753e-01 9.32642102e-01
    6.12291515e-01 9.65566158e-01 4.64859903e-02 9.39629376e-02
    5.36178470e-01 2.18773127e-01 2.77166665e-01 8.79844308e-01
    1.22197002e-01 7.58671105e-01 3.60057354e-02 2.72541642e-01
    9.50015306e-01 9.13795531e-01 5.38893819e-01 3.56520176e-01
    6.63645506e-01 5.15552342e-01 1.07620776e-01 5.59051812e-01
    3.21267843e-02 7.75422275e-01 9.00237560e-01 1.50225371e-01
    6.20570064e-01 6.99871480e-01 6.44562602e-01 7.44740486e-01
    2.43965089e-02 1.15302920e-01 4.67136741e-01 2.29954630e-01
    2.39216208e-01 5.82726896e-01 3.20563614e-01 5.49392819e-01
    6.51660264e-02 2.63142347e-01 5.53098977e-01 1.98729098e-01
    3.18135321e-01 6.27567410e-01 4.85328287e-01 1.72751486e-01
    8.10255289e-01 2.28751481e-01 1.15937054e-01 2.06415594e-01
    5.95336139e-01 5.03674924e-01 9.50518727e-01 3.50911558e-01
    2.67816901e-01 4.37369913e-01 6.45017862e-01 4.85608041e-01
    2.34737307e-01 3.50822598e-01 4.17643487e-01 6.57555223e-01
    6.08888268e-01 3.20523441e-01 5.35597324e-01 8.33807230e-01
    1.59960747e-01 3.73156130e-01 6.55641794e-01 5.29836535e-01
    9.88719225e-01 5.43830872e-01 4.61013138e-01 2.40113795e-01
    6.12440586e-01 3.11099768e-01 6.94006860e-01 5.13444185e-01
    7.14138627e-01 5.88244498e-01 8.15084219e-01 2.63825864e-01
    6.90257013e-01 9.60270286e-01 3.34673226e-01 2.06691444e-01
    2.68989921e-01 7.38624334e-01 9.95450139e-01 5.67382812e-01
    2.23913521e-01 6.78209186e-01 3.24454725e-01 1.52110428e-01
    5.84779084e-02 1.93884879e-01 2.72364020e-01 5.70753634e-01
    7.79950023e-01 9.02815938e-01 7.17131555e-01 2.86433905e-01
    3.71583879e-01 5.45335889e-01 9.86058712e-02 8.16420496e-01
    4.82025564e-01 4.42911446e-01 7.84638405e-01 8.64665627e-01
    1.03417784e-01 5.81833363e-01 8.25351000e-01 4.16328311e-01
    7.95321465e-02 7.78616667e-01 4.15199876e-01 9.50363278e-01
    7.80570030e-01 4.63443816e-01 2.86064297e-01 9.99060631e-01
    8.56579363e-01 8.28858972e-01 3.78182471e-01 9.72477078e-01
    8.04566503e-01 2.48502940e-01 1.13231212e-01 9.78804290e-01
    2.56787449e-01 3.25073540e-01 1.95844650e-01 8.39400291e-01
    4.21876729e-01 8.34740043e-01 4.87356544e-01 3.63302767e-01
    6.25740230e-01 2.58787930e-01 7.42997825e-02 7.18747735e-01
    7.43235648e-01 4.18074548e-01 6.87585175e-01 1.24387801e-01
    3.86285156e-01 9.82320309e-01 9.74110603e-01 4.41394448e-02
    2.34519780e-01 9.26341057e-01 1.54288799e-01 6.19241238e-01
    6.03370965e-01 4.26848888e-01 8.36408019e-01 7.47439027e-01
    5.16593635e-01 3.28821182e-01 3.69104028e-01 9.48868215e-01
    3.98289293e-01 2.19619095e-01 5.82434654e-01 9.57960963e-01
    5.06496012e-01 2.94464648e-01 7.89802194e-01 1.49305016e-01
    8.81135046e-01 3.99224967e-01 9.65179682e-01 9.80616212e-02
    1.60907447e-01 9.73020911e-01 8.65384936e-01 3.49205256e-01
    6.32497847e-01 1.50653422e-01 3.82585257e-01 3.89768243e-01
    1.58041686e-01 8.37086797e-01 2.57551670e-02 6.58877373e-01
    5.78044057e-02 9.35559392e-01 9.23039138e-01 6.60139501e-01
    7.53098607e-01 1.15442574e-01 4.02387977e-01 5.08681238e-01
    4.79268223e-01 5.40405571e-01 1.53223604e-01 3.55204821e-01
    3.53237242e-01 4.71226722e-01 4.06940162e-01 7.02579558e-01
    9.41741467e-01 2.75440097e-01 3.30331087e-01 9.19833660e-01
    7.64373899e-01 3.63409489e-01 3.23912472e-01 6.55676067e-01
    8.23321223e-01 1.24458015e-01 8.04888010e-01 5.82724869e-01
    8.73827755e-01 4.40420032e-01 2.52049923e-01 7.55252957e-01
    3.08361232e-01 3.18828344e-01 5.18361270e-01 3.72594774e-01
    9.05682147e-02 5.17574430e-01 6.37216389e-01 5.00817895e-01
    6.01517498e-01 7.26750493e-01 5.95480680e-01 9.94718015e-01
    3.70655358e-01 6.47664130e-01 9.12634015e-01 8.63559484e-01
    6.25477970e-01 5.56593001e-01 9.12281990e-01 5.76404810e-01
    3.79100055e-01 8.13426733e-01 3.61959159e-01 7.36955941e-01
    7.96283901e-01 6.25375569e-01 9.21654820e-01 8.51133943e-01
    5.09533346e-01 1.89160854e-01 9.54521060e-01 9.23365355e-01
    4.24827009e-01 7.60857761e-02 8.11469018e-01 4.83007371e-01
    3.81456703e-01 9.53304589e-01 4.03633654e-01 3.81419659e-01
    9.29950237e-01 2.78661728e-01 4.89784956e-01 5.65234423e-01
    1.19390845e-01 3.98153037e-01 3.90975773e-01 3.42249781e-01
    4.35753554e-01 8.93846989e-01 3.00818384e-02 5.49167693e-02
    4.28984404e-01 2.52360106e-01 9.73751545e-02 1.68007880e-01
    3.12300563e-01 1.82241768e-01 7.01527536e-01 4.63908494e-01
    3.25084269e-01 5.42296112e-01 9.62652445e-01 9.70602870e-01
    2.32549638e-01 5.22483289e-01 3.24190319e-01 6.85368180e-01
    2.15884030e-01 4.88978416e-01 2.49069870e-01 7.80704498e-01
    3.80191237e-01 7.95191884e-01 1.76699966e-01 6.99047446e-01
    6.86475456e-01 7.87748694e-01 4.96056616e-01 7.53955722e-01
    3.04430246e-01 4.65220481e-01 6.64421320e-02 2.80709863e-01
    5.80392838e-01 2.72792578e-01 3.78681183e-01 4.15879071e-01
    2.31318176e-02 2.05744505e-01 9.62621808e-01 1.31692410e-01
    6.46938920e-01 4.01055753e-01 8.08154941e-01 8.98112953e-01
    8.17087591e-01 8.77397418e-01 5.73688209e-01 7.96147943e-01
    2.57500768e-01 2.66025662e-02 1.47236288e-01 3.30450714e-01
    1.32355660e-01 3.80639493e-01 1.90112144e-01 9.99802470e-01
    6.64250016e-01 4.71387893e-01 2.93596506e-01 7.24539220e-01
    6.16231203e-01 8.93581808e-01 6.48415983e-02 5.78913927e-01
    1.55930221e-01 8.60847533e-01 1.12666011e-01 8.31406415e-02
    8.55534315e-01 3.48357499e-01 7.25532234e-01 9.47095633e-01
    1.55930400e-01 5.04449189e-01 7.89795220e-01 1.97560787e-02
    5.48587978e-01 1.77905947e-01 1.32064164e-01 1.07311994e-01
    6.21063411e-01 6.94225371e-01 7.45806754e-01 6.60159588e-01
    7.84515858e-01 9.06672716e-01 2.13542163e-01 2.96834111e-03
    3.75494450e-01 7.44733870e-01 6.10432506e-01 8.05428207e-01
    2.46533662e-01 4.31688458e-01 3.79924595e-01 4.33203191e-01
    8.93613398e-01 6.32795691e-01 4.76734430e-01 1.86965078e-01
    3.42133492e-01 9.47984457e-01 1.05022907e-01 2.06118971e-01
    8.63163114e-01 8.51190090e-01 9.66564894e-01 3.92564565e-01
    1.69218659e-01 8.65785599e-01 9.71662521e-01 7.27261722e-01
    1.51410997e-01 4.90747094e-02 9.69815552e-02 6.37603641e-01
    9.37847853e-01 6.67625666e-01 4.80939239e-01 7.25057840e-01
    6.02387607e-01 2.36562222e-01 1.12101793e-01 1.25442445e-02
    5.06580412e-01 1.95618093e-01 8.39319229e-01 2.58950919e-01
    2.34124959e-02 7.21190631e-01 3.00238550e-01 3.54899466e-02
    9.95384574e-01 1.91642582e-01 7.39652514e-01 3.48373741e-01
    5.72336316e-02 7.20048845e-01 8.18627357e-01 6.57186091e-01
    9.83203948e-02 4.75807816e-01 2.51125038e-01 3.99813414e-01
    4.82596159e-02 7.66579747e-01 6.45897150e-01 5.34542799e-01
    1.88487858e-01 7.86575556e-01 1.07782990e-01 8.31532657e-01
    2.23763138e-01 6.81272089e-01 6.35975957e-01 5.11680841e-01
    3.30849349e-01 3.76261294e-01 1.39185399e-01 2.14528441e-02
    4.86916542e-01 3.31492692e-01 7.84933031e-01 1.19539320e-01
    2.74038106e-01 1.59705222e-01 1.95098817e-01 7.92442322e-01
    7.41868138e-01 1.74659133e-01 2.06976235e-02 6.67219222e-01
    5.95922053e-01 9.35620785e-01 3.91134799e-01 5.34724653e-01
    9.01003122e-01 8.21223617e-01 4.67357755e-01 3.42983007e-03
    6.74795032e-01 2.36374140e-02 5.23015022e-01 9.15994942e-01
    8.09309125e-01 2.02387720e-01 7.47784913e-01 3.92001808e-01
    6.79968357e-01 1.52349353e-01 6.53851688e-01 4.81627971e-01
    3.01224679e-01 9.10536110e-01 5.46669960e-01 7.58519948e-01
    7.29066133e-03 2.89599836e-01 7.06877053e-01 9.34703231e-01
    1.94313139e-01 7.99007475e-01 2.19051480e-01 5.75351119e-01
    7.23960400e-01 5.78656018e-01 3.48502755e-01 2.64685214e-01
    2.66104817e-01 7.85313129e-01 3.50043178e-02 7.39578843e-01
    7.29442477e-01 6.54240489e-01 4.33012545e-02 9.19601798e-01
    6.60100818e-01 1.42319322e-01 7.23200798e-01 5.01355588e-01
    2.37781674e-01 2.48656750e-01 9.01901662e-01 1.57065094e-01
    9.05720830e-01 6.26327872e-01 8.62911522e-01 9.68033433e-01
    2.53138304e-01 2.89305061e-01 2.25789249e-02 7.23296463e-01
    8.49106193e-01 9.49650407e-01 1.85730159e-01 6.15540028e-01
    5.98811448e-01 5.73202491e-01 7.97136068e-01 1.10053122e-01
    2.77932137e-01 8.24894845e-01 1.41594112e-01 3.64229560e-01
    3.60632896e-01 9.94673491e-01 4.27611202e-01 8.38444412e-01
    1.97654068e-02 7.10002482e-01 7.22984552e-01 2.21548200e-01
    8.44674468e-01 4.74079758e-01 9.56120849e-01 4.61370379e-01
    1.17196381e-01 2.85960644e-01 4.12040949e-01 5.41235924e-01
    2.02274114e-01 5.84382653e-01 1.67313278e-01 6.82144761e-01
    9.81531680e-01 4.74252105e-01 4.62552428e-01 7.53257811e-01
    6.42100573e-01 9.53232646e-01 4.27918434e-02 5.07270396e-01
    4.77995872e-02 9.79161561e-02 2.65936881e-01 6.01590157e-01
    5.13136327e-01 1.68829471e-01 8.84689510e-01 3.34304869e-01
    8.61224830e-02 8.54025304e-01 6.94313943e-02 6.90078437e-01
    7.37975836e-01 7.00010419e-01 5.64199090e-01 9.32127833e-02
    5.01748562e-01 9.96900558e-01 4.70753342e-01 8.27018917e-01
    5.84138393e-01 6.05466485e-01 2.28624910e-01 7.94425666e-01
    2.83869952e-01 9.86120284e-01 4.98109370e-01 1.88141823e-01
    3.09561491e-01 8.82946372e-01 5.42314351e-02 2.93453038e-01
    4.54657406e-01 7.82917261e-01 5.14902890e-01 4.40032631e-01
    6.27803028e-01 1.14088148e-01 8.00490975e-01 9.31337118e-01
    3.47064406e-01 5.89346409e-01 8.48850608e-02 9.70988572e-01
    6.60043180e-01 7.61486888e-01 5.40636361e-01 4.54817116e-01
    8.13900530e-01 1.91013992e-01 1.81953609e-02 2.52875090e-01
    6.70819402e-01 7.45079637e-01 7.08800435e-01 9.16415989e-01
    6.47658169e-01 1.36280596e-01 8.65600109e-01 7.83404469e-01
    2.29402989e-01 9.30326104e-01 6.49296343e-01 6.57102406e-01
    6.91756666e-01 3.59138131e-01 9.65789199e-01 3.00016999e-03
    9.63955402e-01 2.07319409e-01 3.39639902e-01 1.07128084e-01
    8.68848562e-01 1.31433010e-02 6.10271096e-03 6.76684976e-01
    2.97811687e-01 2.66267359e-01 3.08724284e-01 9.17080045e-03
    8.78515363e-01 5.00914454e-01 8.33087564e-01 3.64273429e-01
    5.12039125e-01 5.75579464e-01 7.34782755e-01 8.42512012e-01
    8.91211212e-01 1.44543707e-01 8.60799432e-01 8.93411636e-01
    4.76666629e-01 6.97523594e-01 9.15430307e-01 3.83066714e-01
    8.25385511e-01 5.86188495e-01 6.40243888e-01 3.48765075e-01
    2.76794314e-01 8.56953919e-01 7.73908734e-01 5.06771863e-01
    8.18454146e-01 8.24830294e-01 3.87770295e-01 5.64932764e-01
    1.32658392e-01 1.26149654e-02 3.10474694e-01 9.03692424e-01
    4.86348867e-02 5.99358141e-01 3.89993012e-01 7.85085201e-01
    2.53184617e-01 8.36070001e-01 6.51529551e-01 4.27550435e-01
    6.47801876e-01 4.83707368e-01 9.73001599e-01 9.57739711e-01
    1.96221143e-01 9.95434403e-01 2.83356845e-01 3.41915667e-01
    5.31834126e-01 2.17486262e-01 6.33816123e-01 8.19438696e-01
    9.43417072e-01 6.63889408e-01 1.91346020e-01 9.73158598e-01
    4.08131689e-01 9.68006134e-01 6.51318312e-01 6.50482535e-01
    3.98937941e-01 3.08949053e-01 9.46331680e-01 5.96794486e-01
    3.74450684e-02 2.78286576e-01 8.33921075e-01 8.06980312e-01
    7.95081019e-01 6.87276721e-01 6.17466569e-01 7.79209852e-01
    7.04451978e-01 3.83448064e-01 3.14180702e-01 6.86789513e-01
    6.24483466e-01 1.26598507e-01 8.39204073e-01 9.06068206e-01
    4.24407899e-01 4.80570436e-01 9.77899730e-01 2.02966273e-01
    4.40955937e-01 5.76160312e-01 6.66427970e-01 6.03264868e-01
    1.58390313e-01 1.94049001e-01 1.48857296e-01 9.02576447e-01
    1.57486796e-02 2.82517672e-01 1.16645277e-01 3.61327112e-01
    1.55385792e-01 5.57039082e-02 1.79414600e-01 3.88392627e-01
    6.07140660e-01 2.52288967e-01 1.17670596e-01 1.19169980e-01
    7.65432835e-01 6.32344127e-01 5.58445334e-01 1.92047805e-01
    3.84426653e-01 6.92132235e-01 9.81734276e-01 5.77073991e-01
    9.71622109e-01 2.97913074e-01 5.78242183e-01 4.20400918e-01
    1.26126260e-01 8.11378360e-02 4.55508918e-01 7.09496379e-01
    6.07294500e-01 2.06123859e-01 9.87610281e-01 2.64309198e-01
    4.74249572e-01 7.59981513e-01 6.71753883e-01 6.30186796e-02
    7.24350512e-02 2.58437395e-02 7.37229943e-01 3.21374893e-01
    6.70050502e-01 5.52688479e-01 7.95493960e-01 3.94317061e-01
    9.33797240e-01 8.44162047e-01 1.42140120e-01 4.76021767e-01
    9.49844837e-01 7.50266552e-01 5.75552642e-01 2.12453961e-01
    6.71598911e-02 8.15731525e-01 4.79247689e-01 4.48733956e-01
    5.91878831e-01 3.54698628e-01 8.72302413e-01 9.46313679e-01
    3.94667506e-01 3.57305110e-01 5.33742845e-01 8.29995751e-01
    4.75881904e-01 4.82565165e-03 3.97458673e-03 8.17513764e-01
    5.37925959e-01 1.07287616e-01 2.60346532e-01 7.09950745e-01
    9.73268330e-01 5.52700758e-02 2.64307827e-01 5.42118311e-01
    1.44685000e-01 7.44398952e-01 2.18110204e-01 1.01840466e-01
    4.62838799e-01 5.86224675e-01 8.29156399e-01 4.20530200e-01
    6.36593282e-01 6.71851039e-01 1.79407448e-01 7.28194892e-01
    6.42232001e-01 2.90219784e-01 2.52372026e-02 1.81237757e-02
    4.15058345e-01 7.60100543e-01 3.53349835e-01 8.31904531e-01
    6.30667448e-01 3.43124032e-01 6.56290233e-01 6.81001127e-01
    9.31092620e-01 6.14851832e-01 2.58676410e-01 9.13977146e-01
    3.79384577e-01 5.39995611e-01 2.80717909e-02 7.59789824e-01
    7.30204701e-01 9.83577669e-01 7.18744576e-01 4.44020569e-01
    6.29763901e-01 4.01505232e-01 6.75718546e-01 6.79872513e-01
    6.41414404e-01 3.01617444e-01 2.33781397e-01 4.50021237e-01
    9.99431372e-01 1.75687224e-01 2.34865248e-02 7.12242305e-01
    9.21180010e-01 5.20887971e-01 7.22580850e-01 3.75789583e-01
    9.38152969e-02 8.30989182e-02 3.63031983e-01 9.11457121e-01
    9.63271916e-01 5.32912731e-01 1.18771613e-01 4.82673556e-01
    8.75656247e-01 6.08141541e-01 3.84254068e-01 9.55482423e-02
    6.24982595e-01 3.01411867e-01 8.96543860e-01 8.18120956e-01
    6.01170719e-01 1.63920134e-01 4.62498367e-02 8.20524573e-01
    4.21278536e-01 3.69138598e-01 1.96499854e-01 4.38126981e-01
    4.40157712e-01 4.22915250e-01 3.49785388e-01 2.03796446e-01
    5.95630348e-01 6.48965299e-01 7.39945173e-02 9.57324624e-01
    9.42220688e-01 5.71897924e-01 6.77116811e-01 6.56275809e-01
    2.66174674e-01 8.10304046e-01 5.59383392e-01 3.86894733e-01
    1.76275104e-01 7.40914941e-02 4.74027753e-01 2.32770264e-01
    7.92322576e-01 5.21050692e-01 8.04116845e-01 5.10814011e-01
    5.76211154e-01 6.73336327e-01 5.20112991e-01 6.06997132e-01
    2.67985761e-02 8.25928569e-01 2.31457114e-01 4.51385260e-01
    7.00954497e-02 1.07486188e-01 7.62525797e-01 5.50732136e-01
    8.11269224e-01 1.71634555e-03 1.28064156e-02 8.52707088e-01
    4.83046979e-01 9.54278111e-01 1.22591496e-01 7.87351847e-01
    5.48801363e-01 6.84485495e-01 9.52573776e-01 5.41118443e-01
    9.97206450e-01 3.05779576e-02 4.27524954e-01 3.47281039e-01
    5.95078051e-01 1.76992536e-01 5.40859401e-01 7.60920525e-01
    9.26939130e-01 6.20175123e-01 9.16745842e-01 6.25234842e-01
    2.18558908e-02 4.46060687e-01 1.26839101e-01 9.40153897e-02
    2.06081569e-02 8.74065638e-01 8.71427059e-01 2.72286832e-02
    2.53360689e-01 9.42254066e-03 4.02706087e-01 8.15681934e-01
    5.25423467e-01 8.38283062e-01 5.12190223e-01 4.49312031e-02
    3.31680357e-01 8.19437027e-01 2.32967019e-01 5.31830788e-01
    7.31819153e-01 5.11098683e-01 7.66596794e-01 8.94337893e-02
    9.33499455e-01 6.38656020e-02 9.98792589e-01 5.25637984e-01
    5.40465951e-01 9.90401447e-01 7.34706402e-01 5.50006330e-01
    2.45045274e-01 2.10108608e-01 8.02084565e-01 7.47895002e-01
    8.42997432e-01 2.50695944e-01 3.64203751e-02 9.99630690e-01
    3.47669542e-01 1.91777945e-01 9.06954885e-01 4.43280756e-01
    5.40770352e-01 3.07301402e-01 1.16498083e-01 9.55179214e-01
    4.80976790e-01 2.37294495e-01 8.26051772e-01 4.76638198e-01
    9.19646680e-01 2.88599223e-01 9.24570560e-01 6.58321857e-01
    1.01038247e-01 2.54684508e-01 1.14082485e-01 4.31675017e-01
    8.21181834e-02 1.74587995e-01 6.83370709e-01 8.74937177e-01
    7.53675640e-01 6.32346630e-01 2.18330055e-01 4.11688983e-02
    3.69329691e-01 9.50914800e-01 3.42987418e-01 6.25808537e-02
    6.35563612e-01 3.91314626e-02 7.70700872e-02 8.37045610e-02
    4.41216171e-01 3.53046268e-01 8.03694844e-01 2.19231009e-01
    1.54742926e-01 2.83032119e-01 5.72155654e-01 6.82431817e-01
    2.32639849e-01 3.55212986e-01 8.98554802e-01 7.24733472e-01
    8.55531991e-02 7.20324457e-01 8.02403450e-01 9.64186668e-01
    2.04590738e-01 6.83688760e-01 3.65057468e-01 2.72041023e-01
    7.23836482e-01 2.10310578e-01 6.08915210e-01 3.16403508e-01
    6.53063953e-01 7.16772556e-01 5.67452073e-01 7.62161970e-01
    2.84948289e-01 5.29693961e-01 1.14574313e-01 4.17058408e-01
    4.54256445e-01 1.72655910e-01 5.34249425e-01 4.55456674e-02
    3.51345241e-02 3.41892570e-01 9.20912981e-01 8.28268170e-01
    1.76136315e-01 6.20824456e-01 8.07156920e-01 6.04677975e-01
    5.91535270e-02 5.99100232e-01 6.17156923e-01 9.27655458e-01
    6.24546707e-01 8.24773610e-01 7.57694840e-01 8.92737627e-01
    3.45941842e-01 3.75301868e-01 3.38220656e-01 6.36495650e-02
    3.40066254e-01 2.10602254e-01 1.62878007e-01 1.18989199e-01
    1.27572477e-01 1.87888861e-01 5.55391610e-02 5.25975466e-01
    2.64270812e-01 4.47864980e-01 1.57601863e-01 8.89239907e-02
    6.21957183e-02 7.32635200e-01 2.00980961e-01 3.69914234e-01
    5.81105649e-01 4.70425099e-01 4.37304169e-01 1.27556980e-01
    6.34748459e-01 1.00888520e-01 8.23523045e-01 5.52259505e-01
    2.22258866e-02 4.86763418e-02 4.07412916e-01 8.39839220e-01
    7.20802963e-01 9.71401811e-01 4.95971531e-01 3.25211972e-01
    9.76847649e-01 6.08673215e-01 6.03203952e-01 6.28153503e-01
    8.85355651e-01 7.71894455e-01 6.36032224e-02 6.41422331e-01
    5.43286920e-01 2.67996907e-01 9.04389262e-01 8.17000628e-01
    4.75756228e-01 7.66406775e-01 4.46263641e-01 8.82519245e-01
    2.43282646e-01 3.28877777e-01 4.46579546e-01 4.92015392e-01
    5.62814236e-01 3.10945541e-01 2.41246372e-01 7.26358294e-01
    7.67854691e-01 7.20426559e-01 6.71247721e-01 3.97578657e-01
    6.38602138e-01 4.06556189e-01 8.56263399e-01 5.20678341e-01
    8.94197464e-01 2.44954586e-01 6.02944613e-01 2.79352248e-01
    1.29789054e-01 6.69885874e-01 2.08107054e-01 3.62743855e-01
    2.32740045e-01 4.52854425e-01 6.79158986e-01 2.22446859e-01
    3.35927218e-01 1.69277191e-04 3.86917919e-01 3.15053046e-01
    9.07648563e-01 9.52314436e-02 1.74033344e-01 1.82779461e-01
    1.82232201e-01 2.59958506e-01 5.39849699e-01 3.19727540e-01
    6.87400043e-01 9.06760693e-01 4.18783724e-02 6.68454170e-02
    1.94335967e-01 1.53526396e-01 3.99937034e-01 2.11099923e-01
    1.14743829e-01 9.62189674e-01 2.39217877e-01 2.25059032e-01
    6.53196275e-01 3.40166271e-01 2.04988718e-02 8.86794567e-01
    9.45904493e-01 2.09623039e-01 9.39821601e-02 5.77927470e-01
    9.93562400e-01 1.84229553e-01 1.67473674e-01 5.99741220e-01
    8.61014962e-01 4.86674905e-01 2.19869316e-02 6.71882629e-01
    6.33684099e-01 5.08239746e-01 3.59129280e-01 3.19984436e-01
    5.66421866e-01 4.56996858e-02 3.31139386e-01 7.09591150e-01
    3.00386429e-01 3.94064009e-01 7.60270894e-01 6.54206038e-01
    4.73000973e-01 9.74125743e-01 5.64371943e-01 4.74662423e-01
    3.28350186e-01 4.22224909e-01 2.69333899e-01 2.09001303e-01
    5.50702453e-01 7.83533633e-01 5.77522695e-01 8.39789391e-01
    3.94235849e-02 2.79772580e-02 3.89867783e-01 1.03153974e-01
    2.21165597e-01 2.93298870e-01 8.83463442e-01 9.48305845e-01
    8.36400747e-01 8.02368760e-01 5.75645506e-01 3.66629839e-01
    9.88280535e-01 9.80729342e-01 3.95270705e-01 7.57924139e-01
    5.58972061e-01 9.60829556e-02 6.33266330e-01 2.77360767e-01
    3.36816192e-01 8.95119011e-01 4.21085060e-02 8.75298262e-01
    4.24877793e-01 5.01388609e-02 8.26684237e-01 7.86867023e-01
    6.70358539e-01 5.11762798e-02 8.12199652e-01 7.20322967e-01
    6.80314422e-01 2.95361578e-02 9.93434668e-01 9.15207028e-01
    2.33536959e-02 3.07921708e-01 5.00866532e-01 6.01728022e-01
    9.31756139e-01 7.84946442e-01 7.69604445e-02 8.51070702e-01
    1.02012962e-01 7.36251950e-01 8.10744762e-01 3.21152747e-01
    9.46577251e-01 3.16462278e-01 5.13341427e-01 9.35982227e-01
    6.01198256e-01 3.99829298e-01 3.42836678e-01 3.17285657e-02
    6.50086522e-01 4.38838601e-01 5.51174879e-01 6.75454378e-01
    8.68433595e-01 1.97401345e-01 2.18624651e-01 2.26579159e-01
    5.46276748e-01 9.75517631e-02 1.96051359e-01 1.02147251e-01
    7.75240064e-02 4.47321147e-01 7.67565608e-01 8.68581414e-01
    7.42719054e-01 2.97916204e-01 7.78822899e-01 1.55785501e-01
    3.83984506e-01 6.81734562e-01 2.15147436e-02 3.64108384e-01
    8.35682154e-01 4.45504576e-01 6.39219344e-01 9.47545648e-01
    7.66277909e-01 9.99757349e-02 1.28617615e-01 2.22021639e-01
    1.78253114e-01 7.93575048e-02 5.81343293e-01 7.84679294e-01
    6.52204752e-02 8.29186440e-01 4.62604940e-01 7.83844829e-01
    4.50268745e-01 3.19450825e-01 9.31408107e-02 1.92570418e-01
    4.18080866e-01 3.69963646e-02 8.32639515e-01 8.17283928e-01
    3.02198410e-01 5.69671392e-01 1.58953667e-02 2.52946556e-01
    3.41394842e-02 1.76453769e-01 1.70167089e-01 9.40784991e-01
    2.02667475e-01 9.49958086e-01 2.28029788e-02 4.44789380e-01
    4.76909518e-01 1.32260680e-01 8.39450657e-02 9.62491930e-02
    4.77065444e-02 9.43723798e-01 4.29136664e-01 8.95686269e-01
    7.07891762e-01 9.31076407e-01 2.62094527e-01 5.91669500e-01
    7.65431106e-01 5.87336719e-02 2.02312380e-01 9.86028314e-01
    6.35100484e-01 6.49015307e-01 3.31970453e-02 1.60929650e-01
    9.61273789e-01 3.41161311e-01 8.35884213e-01 2.27378964e-01
    8.44061971e-01 7.90945053e-01 8.35253358e-01 2.19217032e-01
    9.07998085e-01 6.84606194e-01 6.63464665e-02 2.69178033e-01
    8.33158731e-01 9.28626895e-01 9.36352372e-01 1.48894221e-01
    6.49616003e-01 4.73660737e-01 5.88581920e-01 8.17356706e-01
    6.63740396e-01 2.68667281e-01 6.82835519e-01 5.56226373e-02
    7.77356744e-01 8.78293991e-01 7.38519847e-01 9.58088398e-01
    9.12801862e-01 5.16358912e-01 5.75572789e-01 3.42997551e-01
    7.60498881e-01 6.62730932e-01 1.41889155e-01 3.19200158e-02
    5.20113230e-01 4.94239032e-01 8.48893583e-01 9.41902995e-01
    9.44928229e-01 6.79420590e-01 1.06708527e-01 4.88679677e-01
    3.59757483e-01 4.19417918e-01 5.63234270e-01 7.46678233e-01
    8.54858279e-01 9.01208758e-01 3.35174024e-01 1.32667810e-01
    7.27698445e-01 9.89645362e-01 6.22646272e-01 8.54468822e-01
    5.00782132e-01 7.06124425e-01 6.28911257e-01 4.86269772e-01
    1.28117144e-01 2.17457891e-01 1.99996352e-01 6.85237527e-01
    7.64649510e-01 1.22514486e-01 3.33120227e-01 8.92826557e-01
    3.23205173e-01 6.59898460e-01 4.92216915e-01 4.05920744e-01
    8.72796178e-02 4.07471061e-01 5.25245070e-02 8.62125516e-01
    1.22450769e-01 1.61894649e-01 8.34128022e-01 1.05342627e-01
    3.40932965e-01 5.20092607e-01 3.03604841e-01 1.60602152e-01
    9.11169946e-02 6.75810754e-01 2.12454647e-01 1.02019578e-01
    4.49044406e-01 7.56744981e-01 7.25260794e-01 2.95858175e-01
    5.78752756e-01 7.69948900e-01 2.99576104e-01 8.68067026e-01
    2.40053564e-01 8.62915039e-01 5.01638353e-01 5.27367532e-01
    6.28637671e-01 1.68189317e-01 2.01877773e-01 2.57935077e-01
    7.15430737e-01 2.48697549e-01 1.23230636e-01 1.91085637e-02
    4.56588864e-02 8.31611872e-01 7.97742307e-02 4.95783627e-01
    9.79091227e-02 6.32379174e-01 7.74065614e-01 3.83619934e-01
    2.89372802e-01 6.10715389e-01 3.46280009e-01 7.36513734e-01
    5.58241069e-01 3.88118088e-01 5.37639499e-01 1.30061775e-01
    4.88536954e-02 8.97166550e-01 6.07791662e-01 4.19539124e-01
    9.45062459e-01 8.07514489e-02 5.89360595e-02 2.81029344e-01
    2.80155122e-01 3.88959348e-01 3.58143508e-01 4.33849096e-01
    8.63346636e-01 7.22263336e-01 8.07071269e-01 3.20003390e-01
    8.32030058e-01 6.02819026e-01 4.74757314e-01 3.65959406e-02
    9.33014512e-01 1.59501970e-01 8.33627820e-01 1.71195716e-01
    8.04461837e-01 4.59176093e-01 5.17771006e-01 8.69053125e-01
    8.31540227e-01 7.45596111e-01 8.91408920e-02 9.99966443e-01
    3.66876185e-01 2.94163793e-01 8.38060856e-01 1.30446285e-01
    3.37654084e-01 5.51649392e-01 5.40331006e-03 2.87403166e-01
    7.44168997e-01 4.61276144e-01 3.56695354e-01 8.41792822e-01
    5.66336393e-01 2.69530475e-01 7.97845244e-01 1.25631601e-01
    1.78525954e-01 4.89803046e-01 9.80299592e-01 3.81261468e-01
    6.79351509e-01 7.04800785e-02 9.43702400e-01 3.16104054e-01
    5.56788802e-01 6.60144329e-01 2.99188465e-01 3.12611818e-01
    8.17390621e-01 1.08080506e-02 4.96811301e-01 2.95087963e-01
    6.24151886e-01 9.24652159e-01 7.71211505e-01 9.81438339e-01
    7.52014637e-01 5.15383184e-01 7.32682228e-01 9.97423828e-01
    9.91393387e-01 2.44967997e-01 8.62556458e-01 4.91636246e-01
    2.22881734e-01 5.91071427e-01 3.52694988e-01 8.41225803e-01
    2.15541750e-01 2.22839922e-01 9.60896969e-01 7.55548179e-02
    5.74082673e-01 7.30822504e-01 5.35135567e-01 8.54979515e-01
    4.46372360e-01 8.12515497e-01 5.84222734e-01 6.48265779e-01
    2.32282847e-01 2.32906818e-01 3.36351186e-01 8.30092669e-01
    5.57699919e-01 5.04326046e-01 5.97255170e-01 5.87199092e-01
    9.25952435e-01 8.11751962e-01 7.18194842e-01 8.30110550e-01
    2.36413807e-01 8.28849196e-01 6.19817734e-01 2.44818270e-01
    9.73467886e-01 6.45547628e-01 5.32707036e-01 3.52874309e-01
    4.61239368e-01 2.32892334e-02 5.37172496e-01 4.84536141e-01
    9.01621819e-01 9.71333623e-01 5.67990005e-01 6.09544158e-01
    9.66895223e-01 6.56836152e-01 7.03420281e-01 6.82400405e-01
    5.68616450e-01 2.67217815e-01 5.45672417e-01 2.48252213e-01
    9.77440596e-01 8.89276326e-01 5.22974730e-01 6.73951566e-01
    4.27310467e-01 6.92823410e-01 8.23208809e-01 4.82345700e-01
    2.12632805e-01 9.45759296e-01 5.98819613e-01 5.42757034e-01
    6.21519685e-01 9.55123305e-01 4.15754378e-01 1.98852181e-01
    5.17484367e-01 2.48391628e-01 9.46708024e-01 1.56753957e-01
    9.64718759e-01 7.18287230e-02 1.67666614e-01 5.34445584e-01
    9.13325906e-01 4.39412743e-01 5.89401841e-01 3.85821968e-01
    6.89404488e-01 8.90908122e-01 8.61582875e-01 8.95254731e-01
    5.87750673e-01 6.41465187e-01 9.57065582e-01 8.56901348e-01
    9.26871598e-01 8.43712032e-01 4.14433897e-01 5.88493109e-01
    3.72278452e-01 1.47300124e-01 6.99163377e-01 9.35363472e-02
    7.57520199e-01 6.58226311e-02 3.52483749e-01 3.31981182e-02
    9.66873765e-01 5.06581604e-01 6.49855912e-01 9.13694203e-01
    8.03906322e-01 1.90516114e-02 2.99537778e-01 5.35571575e-01
    9.39627886e-01 3.78507107e-01 6.29389167e-01 5.23754418e-01
    9.23212588e-01 1.23277307e-03 2.12088734e-01 8.26277196e-01
    1.96337879e-01 3.78320098e-01 1.70760751e-02 2.38225996e-01
    1.56586528e-01 3.32050294e-01 9.91429389e-01 3.94737929e-01
    6.74532652e-02 5.51389277e-01 1.63694143e-01 2.27178037e-02
    4.88774270e-01 4.70321685e-01 7.55156040e-01 3.28079760e-02
    3.54882419e-01 4.55345809e-01 7.38407612e-01 6.12628341e-01
    1.16012096e-01 4.14426923e-02 4.92108315e-01 3.33387256e-02
    7.77090549e-01 8.11311483e-01 4.83574271e-02 6.05161548e-01
    6.59234047e-01 9.56007242e-01 6.79100454e-02 2.52258629e-01
    8.96952331e-01 8.82505774e-01 9.30241287e-01 3.91657233e-01
    1.20147169e-01 7.56137192e-01 8.22749317e-01 3.62046033e-01
    5.68333149e-01 1.47386938e-01 2.52033383e-01 4.26269263e-01
    1.16126180e-01 8.38533521e-01 7.98292577e-01 9.18384969e-01
    2.68306434e-01 6.58761978e-01 9.29796100e-01 7.22348392e-01
    2.32074469e-01 3.14390749e-01 9.99007225e-02 1.39462680e-01
    1.87804729e-01 5.71991682e-01 5.53500652e-03 2.07937598e-01
    3.22682917e-01 9.36613917e-01 1.69683456e-01 4.59148109e-01
    8.03765655e-01 8.04719627e-02 2.67628789e-01 1.88756496e-01
    4.22761351e-01 1.83650970e-01 8.42722058e-02 4.14106250e-03
    3.93991530e-01 3.26127887e-01 7.28615582e-01 1.38765991e-01
    3.34390461e-01 3.75757456e-01 2.29356468e-01 3.10298383e-01
    3.95552546e-01 1.51476234e-01 2.16238558e-01 6.00393116e-02
    6.37563646e-01 5.99164963e-02 8.25146437e-01 7.67246962e-01
    1.19531721e-01 1.41496360e-01 9.32747722e-02 1.79055631e-01
    1.33736461e-01 9.77930069e-01 5.97406566e-01 6.62918508e-01
    5.90240538e-01 6.22423291e-01 2.98111856e-01 6.07168198e-01
    4.66052473e-01 3.13005835e-01 5.58515131e-01 4.34786856e-01
    5.94296813e-01 4.17028755e-01 5.83231330e-01 3.10465991e-02
    2.13141114e-01 5.36184490e-01 2.77203441e-01 8.23745131e-02
    2.72574693e-01 8.96921635e-01 2.34902889e-01 6.87124848e-01
    4.49343562e-01 5.21211326e-02 4.79719460e-01 8.65616322e-01
    5.88796318e-01 1.42028332e-02 8.87196779e-01 8.49457085e-02
    5.90212941e-01 6.30162001e-01 2.36273915e-01 7.77309537e-01
    5.90287089e-01 9.89694118e-01 9.73699808e-01 8.62694621e-01
    3.61262470e-01 2.28122234e-01 4.73318696e-01 9.06413138e-01
    9.28591132e-01 9.59216237e-01 3.40188324e-01 8.37569475e-01
    6.76137984e-01 4.41652000e-01 2.94588417e-01 9.12814438e-02
    1.59820735e-01 8.89483392e-02 6.94832921e-01 7.35450625e-01
    7.07581997e-01 8.83839071e-01 2.73351103e-01 2.79232800e-01
    4.59078193e-01 3.79859537e-01 1.65783465e-02 7.96145618e-01
    9.97431159e-01 5.09013593e-01 4.88935798e-01 1.05793476e-02
    6.02572560e-01 9.83729124e-01 3.35237443e-01 4.79337335e-01
    5.93307018e-01 4.90567505e-01 7.05567122e-01 2.39359349e-01
    6.37647748e-01 4.23384547e-01 6.04754090e-01 9.69393015e-01
    6.02870762e-01 2.90147960e-01 4.71669763e-01 6.11778080e-01
    4.09115940e-01 4.39506650e-01 5.33860028e-01 3.39681447e-01
    2.78322339e-01 1.76512808e-01 8.69650483e-01 1.16047084e-01
    8.77058983e-01 3.52265835e-01 1.79096192e-01 9.11014616e-01
    5.01621068e-02 7.13958025e-01 1.04584873e-01 2.10487604e-01
    9.71206665e-01 6.46614313e-01 8.83639574e-01 7.54288673e-01
    5.33078969e-01 8.49093318e-01 1.28435314e-01 3.15554142e-01
    6.32666290e-01 1.82098627e-01 4.20483857e-01 5.54831147e-01
    8.78764212e-01 2.08082616e-01 5.63403845e-01 7.64556289e-01
    2.97296941e-01 2.18690157e-01 8.65266562e-01 2.96878397e-01
    2.68213391e-01 1.79994941e-01 5.22686601e-01 4.90373194e-01
    2.92145938e-01 6.91375375e-01 6.48298979e-01 5.22030592e-01
    6.51488423e-01 1.55130982e-01 8.56798589e-01 3.06539476e-01
    6.81682110e-01 1.13942504e-01 4.95557219e-01 9.37357247e-01
    2.51141936e-01 9.82160330e-01 7.90145159e-01 2.65276849e-01
    5.58702350e-02 1.05169088e-01 4.42121625e-01 6.50053382e-01
    8.65614712e-01 3.39847445e-01 4.24127162e-01 8.93134713e-01
    3.51441443e-01 2.98520863e-01 4.49410975e-02 2.87471473e-01
    9.01862025e-01 2.66860247e-01 6.38716161e-01 7.38788307e-01
    8.49020481e-01 9.67961788e-01 6.49449229e-01 2.23627806e-01
    9.23950672e-01 7.50359595e-02 7.71269798e-02 8.81421089e-01
    9.46187496e-01 4.37111795e-01 6.88149512e-01 4.20412421e-02
    1.62211478e-01 2.63744712e-01 5.80267966e-01 3.74526620e-01
    9.68991458e-01 3.56474400e-01 3.72343004e-01 4.95388210e-02
    6.82971954e-01 7.02413797e-01 4.05352473e-01 6.26699388e-01
    4.26236898e-01 3.93343151e-01 4.70316291e-01 7.20008016e-02
    7.96986341e-01 9.45960879e-02 5.38553059e-01 6.10192716e-01
    7.52320886e-03 8.56914520e-02 7.38228679e-01 1.28617883e-03
    3.71948868e-01 2.94801116e-01 8.44941020e-01 6.83776915e-01
    1.07587516e-01 8.92389476e-01 7.24120259e-01 9.90892172e-01
    4.12199318e-01 2.02063620e-01 2.53627300e-01 2.01837003e-01
    9.87844467e-02 6.71195865e-01 7.06876993e-01 1.43979847e-01
    6.13616109e-01 7.23946393e-01 6.99136853e-01 3.76326144e-01
    2.86203057e-01 9.73478556e-02 9.79448199e-01 9.71095383e-01
    5.38443804e-01 5.44880629e-02 2.34544307e-01 1.26644284e-01
    2.58961678e-01 6.59618676e-01 1.43928409e-01 3.98842782e-01
    2.13578373e-01 9.59481001e-01 3.27726722e-01 4.86166924e-01
    2.90188402e-01 4.19702947e-01 8.46883655e-01 3.55616421e-01
    2.87279963e-01 7.50033855e-02 9.63261366e-01 1.07689708e-01
    9.55337763e-01 5.88841200e-01 6.67542338e-01 9.58472490e-01
    3.50477964e-01 6.49244308e-01 5.94806969e-02 7.16361284e-01
    6.09093904e-01 5.20494461e-01 6.13499045e-01 3.71617734e-01
    4.10601169e-01 9.06034708e-01 2.16851175e-01 1.60782367e-01
    6.67050481e-03 8.66818666e-01 3.61872494e-01 9.79750574e-01
    8.40406775e-01 4.23870534e-01 1.11903250e-02 7.94544399e-01
    7.26071596e-01 7.16182828e-01 5.02938569e-01 1.85568839e-01
    2.51494527e-01 9.88594830e-01 7.00043201e-01 7.49033391e-01
    4.80753332e-01 9.17119324e-01 1.34834915e-01 1.97905242e-01
    6.98391914e-01 9.36622262e-01 2.57940114e-01 2.28745669e-01
    5.00764608e-01 3.59380692e-01 3.46421540e-01 6.13814712e-01
    2.16556937e-01 6.35393918e-01 2.60445207e-01 9.78668571e-01
    8.15014958e-01 2.03114450e-02 2.07689315e-01 5.14566243e-01
    4.96884584e-01 5.75286865e-01 2.57591009e-01 6.25782907e-01
    5.95518470e-01 4.54397500e-01 1.50782347e-01 1.42813623e-01
    1.31430000e-01 8.33662271e-01 8.96918654e-01 2.15050638e-01
    3.18092108e-01 1.60077006e-01 2.78783202e-01 6.64306760e-01
    9.13418710e-01 9.63806868e-01 7.85379291e-01 6.10984683e-01
    5.66400945e-01 5.18118143e-02 7.08493531e-01 2.33987480e-01
    6.35250747e-01 6.48011208e-01 7.59619474e-01 9.56616104e-02
    2.36454457e-01 3.44618380e-01 3.41515303e-01 7.03231335e-01
    7.73717046e-01 4.27533776e-01 7.12782979e-01 9.47095156e-02
    7.69613504e-01 8.02647889e-01 8.61904979e-01 8.90508950e-01
    5.79477966e-01 1.27739310e-02 3.47134709e-01 6.28862023e-01
    6.42057240e-01 9.50029790e-02 8.75596702e-01 6.91149235e-01
    7.44948745e-01 5.19136786e-02 3.40681732e-01 4.80906367e-01
    2.47552156e-01 3.79062295e-02 6.00013554e-01 2.53773272e-01
    7.29367852e-01 8.47282410e-01 4.65570331e-01 3.95396650e-01
    9.64470088e-01 2.27806866e-02 7.31469989e-01 2.43408680e-01
    8.64234805e-01 6.41609728e-01 4.27628875e-01 7.61534393e-01
    9.92868066e-01 8.31664383e-01 1.06656015e-01 8.90014172e-01
    6.31693423e-01 2.09105730e-01 9.15965438e-01 7.90369332e-01
    1.09585732e-01 3.72864574e-01 4.15481806e-01 3.66330534e-01
    5.73474348e-01 8.64991903e-01 8.27980757e-01 3.56465548e-01
    4.06367302e-01 9.81095076e-01 6.21579945e-01 4.35595095e-01
    3.62493247e-01 6.70136213e-01 8.92768860e-01 2.42288917e-01
    4.81468439e-01 6.73961401e-01 2.13601261e-01 3.07243109e-01
    7.92325854e-01 1.18689597e-01 5.74219882e-01 7.58615375e-01
    4.16602999e-01 1.01199448e-02 6.02346003e-01 8.38142872e-01
    4.22131121e-02 3.36959958e-03 5.42231321e-01 7.75291502e-01
    1.48931116e-01 4.58746463e-01 5.40507436e-01 8.37972045e-01
    2.23947376e-01 3.31312418e-02 5.43597460e-01 6.13903105e-02
    1.99455053e-01 3.33354950e-01 7.96202838e-01 2.17361987e-01
    2.70431072e-01 6.47342920e-01 6.81590378e-01 1.66399479e-01
    8.36188734e-01 4.04124409e-01 7.42978215e-01 6.49235785e-01
    6.01962805e-02 9.74380732e-01 5.70863008e-01 5.75561762e-01
    2.26874530e-01 6.55884445e-01 6.01785064e-01 4.33708578e-01
    8.23808551e-01 9.30400252e-01 2.43608207e-01 1.28080338e-01
    1.18364453e-01 9.44174767e-01 5.69993973e-01 6.75839901e-01
    2.40183055e-01 6.87810779e-01 6.19869292e-01 9.20949697e-01
    2.85368443e-01 8.06945562e-02 5.04906118e-01 1.92958176e-01
    4.92356479e-01 7.21484661e-01 1.89611852e-01 2.08788484e-01
    3.08346689e-01 4.05586869e-01 3.75054300e-01 8.17418516e-01
    2.84930140e-01 7.63605833e-01 6.00005925e-01 8.69716883e-01
    2.69803047e-01 8.80565941e-02 4.74434286e-01 8.25340271e-01
    2.27812380e-01 5.37614584e-01 5.06017506e-01 9.60093856e-01
    3.96727145e-01 2.10195482e-01 2.87653148e-01 4.30273890e-01
    8.61058593e-01 5.45570254e-01 8.80100608e-01 2.35908866e-01
    1.68719918e-01 2.13098049e-01 1.70780391e-01 4.05458838e-01
    8.09477806e-01 5.80780268e-01 3.88026237e-02 2.89507538e-01
    2.92197526e-01 1.60748571e-01 5.34301877e-01 3.21381092e-01
    9.81253862e-01 5.26865542e-01 3.72363448e-01 5.65229058e-01
    2.98454762e-01 5.09604514e-01 8.37970376e-01 2.30090559e-01
    7.76752830e-01 6.16121531e-01 1.04807138e-01 1.61319733e-01
    8.76428306e-01 7.65240431e-01 5.50746083e-01 8.45710039e-02
    1.19290143e-01 1.18930429e-01 4.30664808e-01 1.00476205e-01
    2.42893100e-01 9.24969554e-01 5.61493218e-01 6.12556934e-02
    1.53074622e-01 6.39226317e-01 4.53391254e-01 9.65128243e-02
    1.38771117e-01 3.47899497e-01 4.06970948e-01 2.91258812e-01
    1.08771920e-01 2.75696397e-01 2.24608541e-01 2.90235847e-01
    6.54630363e-01 9.60551977e-01 8.44589114e-01 8.90934587e-01
    4.97770280e-01 1.67022496e-01 9.92442071e-01 1.41356289e-02
    5.27978837e-01 2.58652300e-01 5.23447752e-01 2.70086944e-01
    4.55449492e-01 3.63682985e-01 4.32275563e-01 8.26402187e-01
    7.56598592e-01 1.23472482e-01 9.26516771e-01 5.05526841e-01
    3.27018350e-01 6.90238595e-01 6.07118607e-02 6.16070271e-01
    1.41075283e-01 5.20239472e-01 2.06432581e-01 2.20364153e-01
    9.13374662e-01 8.54062498e-01 7.49708116e-02 5.89774609e-01
    1.57527119e-01 7.60191441e-01 3.34458113e-01 2.23984003e-01
    5.78321278e-01 5.90729177e-01 5.53307533e-01 5.82676530e-01
    3.66660655e-01 2.49128461e-01 6.04198515e-01 6.32929802e-01
    3.13734412e-02 7.31289208e-01 9.96672869e-01 8.98262918e-01
    8.51524651e-01 2.19277442e-02 3.34981263e-01 2.52340376e-01
    3.80750000e-01 7.88026273e-01 7.22547233e-01 4.37875688e-01
    8.05475175e-01 1.08867586e-02 3.87048960e-01 3.20234954e-01
    8.22259128e-01 7.26282954e-01 9.01014447e-01 9.31461215e-01
    6.25640452e-01 7.44322360e-01 1.78340882e-01 9.43895340e-01
    9.83351171e-02 1.86142117e-01 4.46842790e-01 5.30170500e-02
    2.57155806e-01 5.35832047e-01 5.68170190e-01 9.27232504e-02
    5.93569398e-01 3.74882340e-01 4.15115178e-01 1.69111371e-01
    5.93726218e-01 7.77159810e-01 8.63059163e-01 7.97863722e-01
    8.82017374e-01 2.36331820e-02 6.58817053e-01 2.98492014e-01
    5.64773917e-01 5.46249390e-01 8.36058974e-01 7.98361301e-01
    4.36797619e-01 3.88072670e-01 4.69673067e-01 3.72297168e-02
    2.26496905e-01 2.22615391e-01 6.25839233e-02 7.57020712e-01
    9.54109311e-01 1.35378927e-01 9.14325118e-01 3.57661247e-01
    2.37077743e-01 1.07310891e-01 5.35213530e-01 5.37405908e-02
    3.82928193e-01 1.32557541e-01 1.60396576e-01 4.52532142e-01
    5.66024065e-01 4.13087815e-01 9.26805019e-01 1.75708890e-01
    7.45485246e-01 2.77283788e-02 6.83868587e-01 8.56343865e-01
    3.56453836e-01 6.90650702e-01 2.93242037e-02 9.75108027e-01
    2.73668766e-02 2.14704275e-01 5.21283269e-01 3.05048704e-01
    5.68416178e-01 9.73497033e-02 3.52828205e-01 3.34259987e-01
    5.76066315e-01 3.33727896e-02 1.83047473e-01 7.95905709e-01
    2.77660847e-01 3.95511091e-01 6.98593557e-01 9.89159763e-01
    6.90541983e-01 6.47350371e-01 6.17644310e-01 9.73363519e-01
    3.61274958e-01 5.70738077e-01 3.59732151e-01 9.63384986e-01
    6.70894444e-01 3.78701746e-01 4.46096957e-02 5.30866265e-01
    4.72492605e-01 7.90838003e-01 8.99551511e-01 1.70780331e-01
    7.91901112e-01 2.55885065e-01 8.02325904e-01 8.62939835e-01
    1.72348440e-01 6.59670889e-01 1.43585175e-01 2.63535649e-01
    8.75139475e-01 8.74566138e-01 1.76099360e-01 1.19690776e-01
    5.43029249e-01 7.87751675e-01 7.69916773e-02 4.46711540e-01
    4.47155684e-01 9.55215931e-01 6.29108250e-01 9.05105770e-02
    3.62600446e-01 2.86968648e-01 9.29214716e-01 8.58912706e-01
    9.63382483e-01 8.19454551e-01 1.55539155e-01 3.43937874e-01
    5.70466876e-01 4.51554954e-02 9.53971148e-02 9.23648477e-03
    6.52784348e-01 6.91363752e-01 6.26870751e-01 8.40409815e-01
    6.77243888e-01 2.31064230e-01 8.56342971e-01 2.34237820e-01
    5.39119661e-01 4.19851959e-01 9.77557421e-01 9.64397788e-01
    5.15033126e-01 7.84282446e-01 6.01138949e-01 5.19717276e-01
    6.90954864e-01 2.00310588e-01 5.17777264e-01 6.81120813e-01
    1.37624562e-01 4.70867336e-01 3.85512322e-01 8.42701197e-01
    7.88465798e-01 1.30660921e-01 5.89239597e-03 8.12357128e-01
    8.12798738e-04 3.89150351e-01 3.54342133e-01 8.72877359e-01
    7.04193830e-01 9.44993198e-02 6.74555361e-01 2.19834983e-01
    1.31099552e-01 3.50048542e-02 6.38452768e-01 9.51261044e-01
    7.01618135e-01 3.26925993e-01 9.10997391e-01 5.13213158e-01
    5.41487813e-01 1.91105723e-01 1.20902926e-01 5.52016437e-01
    6.06495380e-01 2.62217551e-01 4.24416244e-01 1.25900656e-01
    4.15042102e-01 2.41514236e-01 7.44381607e-01 9.84413385e-01
    6.86120391e-02 8.72588277e-01 5.75984597e-01 2.11457253e-01
    1.10109150e-02 3.29901725e-01 5.24227440e-01 4.73724127e-01
    6.44125819e-01 1.05864465e-01 3.00888985e-01 4.89892066e-01
    5.62527716e-01 3.13408673e-01 6.95888519e-01 1.26577169e-01
    8.74196053e-01 9.19556737e-01 5.20077348e-01 4.16601509e-01
    4.97833014e-01 9.99687314e-02 7.43099988e-01 6.93757892e-01
    2.28837520e-01 3.29887807e-01 3.73272121e-01 3.55523527e-01
    4.50478405e-01 4.90507424e-01 1.15406215e-02 3.98946494e-01
    8.68916512e-03 8.30014944e-01 6.62573338e-01 7.53081203e-01
    3.05016398e-01 6.53204203e-01 5.65149307e-01 9.42903280e-01
    8.25572610e-01 9.04815078e-01 4.29266393e-01 7.39214003e-01
    6.76520467e-01 4.65598255e-01 2.33400285e-01 5.88212609e-02
    8.14435840e-01 6.98625088e-01 4.39789891e-02 9.31618810e-01
    6.41782224e-01 2.72388279e-01 4.49201405e-01 6.86804891e-01
    7.57959962e-01 9.55758214e-01 1.25675201e-01 4.84304577e-01
    8.58784556e-01 8.17874670e-01 3.74661088e-01 8.90393972e-01
    9.64205503e-01 6.87171221e-01 7.05715299e-01 4.30864990e-01
    9.17592645e-03 2.90984333e-01 7.46419907e-01 2.87229300e-01
    1.07543021e-01 5.50279796e-01 2.24499792e-01 4.97079760e-01
    8.65154386e-01 5.78298211e-01 5.08488894e-01 7.19473958e-01
    1.67552114e-01 8.76064062e-01 8.67311954e-01 8.36544573e-01
    6.17902160e-01 3.89431715e-01 5.90290368e-01 2.29831994e-01
    6.07258916e-01 2.83545971e-01 1.90090209e-01 5.44759274e-01
    7.73194551e-01 9.52427506e-01 9.74939227e-01 5.53170085e-01
    7.36605167e-01 1.30642116e-01 6.84821486e-01 2.02752113e-01
    6.94474041e-01 5.61397135e-01 6.07018590e-01 5.66678226e-01
    6.66677415e-01 4.29848373e-01 3.04206431e-01 7.54334450e-01
    5.33285737e-03 6.63466334e-01 5.61684370e-02 3.50462198e-01
    9.81258750e-01 1.29214883e-01 5.66241741e-01 1.12639070e-01
    2.44073004e-01 7.32646823e-01 2.94921875e-01 1.75488204e-01
    3.15452278e-01 7.94620037e-01 5.07705986e-01 5.14879763e-01
    3.46026689e-01 3.21806312e-01 5.42948246e-01 6.11064434e-01
    5.07628441e-01 4.74031240e-01 5.32413125e-01 3.69598418e-01
    9.98538554e-01 1.95300192e-01 4.72362339e-01 5.36759794e-01
    5.05227804e-01 6.56386971e-01 7.29335368e-01 5.37263155e-01
    7.85148740e-02 3.26763123e-01 3.16926539e-02 1.19396925e-01
    5.90049028e-01 5.38601279e-01 1.31182253e-01 1.68553710e-01
    3.31984013e-01 9.07906294e-01 5.73826611e-01 6.15053892e-01
    7.19027340e-01 3.27600747e-01 5.78508794e-01 5.95198214e-01
    3.30567539e-01 5.07088721e-01 2.03632504e-01 7.34364092e-02
    6.22135162e-01 5.71055770e-01 1.67230368e-02 3.75717998e-01
    8.54071677e-01 4.94898856e-02 4.70755517e-01 1.88142061e-01
    7.88931131e-01 7.32930422e-01 1.52184665e-02 5.17081797e-01
    6.88483119e-01 4.18159217e-01 9.93951678e-01 9.21347022e-01
    8.20101261e-01 1.46138281e-01 7.54187465e-01 8.11829567e-02
    7.75509775e-02 4.07005489e-01 8.17667365e-01 7.32201099e-01
    5.03471553e-01 5.28975248e-01 1.29757226e-01 2.67606378e-01
    8.01299930e-01 6.33387864e-02 5.33898473e-01 1.52223706e-02
    3.59837860e-01 3.69734734e-01 8.00919056e-01 5.68289518e-01
    2.68240094e-01 5.82859218e-01 9.29668844e-02 3.90284896e-01
    2.06553191e-01 4.27157581e-01 9.79423523e-01 1.12233132e-01
    7.84694433e-01 7.78529763e-01 6.00166321e-02 3.03708911e-02
    3.70014071e-01 1.83595449e-01 3.56809974e-01 9.92087483e-01
    4.07543808e-01 5.26137590e-01 3.91948223e-01 4.72488791e-01
    4.76298213e-01 1.15596771e-01 4.16140020e-01 1.14999115e-01
    1.58163607e-02 7.33459353e-01 8.79385948e-01 2.71838188e-01
    4.72143680e-01 2.11596072e-01 7.32359052e-01 7.15854764e-02
    3.74960333e-01 6.29494965e-01 1.71211809e-01 8.21909368e-01
    2.72437692e-01 8.86387229e-01 2.11960435e-01 3.79822850e-01
    3.14186066e-01 2.09315568e-01 7.25983441e-01 4.25456107e-01
    4.44611728e-01 6.17964566e-02 7.39951730e-01 2.88234770e-01
    4.96538699e-01 7.49124348e-01 2.50388861e-01 4.64965463e-01
    5.75623930e-01 9.51536596e-01 1.22834444e-02 6.22237384e-01
    7.92213798e-01 7.17500329e-01 8.96455884e-01 6.35139048e-02
    1.81079656e-01 4.21724796e-01 9.61115837e-01 1.71692550e-01
    1.71059638e-01 1.52979165e-01 1.74733341e-01 4.75562364e-01
    8.03140104e-02 4.30139244e-01 4.42178726e-01 6.53929174e-01
    3.75923544e-01 3.07424486e-01 1.37763768e-01 6.63098991e-01
    8.62071753e-01 7.71871328e-01 7.89936423e-01 4.09485102e-02
    5.54342151e-01 9.19320941e-01 3.56895268e-01 2.40887165e-01
    6.27770424e-02 7.40948737e-01 8.55655670e-01 4.73349929e-01
    1.97376281e-01 7.78182507e-01 3.38295341e-01 3.91345024e-02
    1.73059255e-01 5.52705526e-01 3.69500041e-01 4.68018770e-01
    6.86157227e-01 6.93653643e-01 2.98904896e-01 5.96485138e-02
    3.86614323e-01 6.22130692e-01 3.07048649e-01 5.88593483e-01
    6.00305140e-01 2.83926010e-01 2.46389836e-01 1.24088228e-01
    5.87406695e-01 4.53255832e-01 4.89115000e-01 6.54053807e-01
    8.01364839e-01 9.27809894e-01 4.66771305e-01 4.37001586e-01
    9.77709889e-01 7.18592882e-01 3.12638700e-01 5.28537035e-01
    8.24201584e-01 3.04876983e-01 6.34052753e-01 1.65104657e-01
    3.97850126e-01 3.49129558e-01 8.41945410e-01 2.45348483e-01
    5.96698523e-02 4.94068623e-01 5.28074741e-01 9.72367287e-01
    1.09844774e-01 8.22898626e-01 6.55326009e-01 6.67652905e-01
    7.85733700e-01 3.74287486e-01 7.17880964e-01 3.35109442e-01
    9.68665183e-02 3.73917818e-02 4.35993701e-01 1.99297458e-01
    2.10112721e-01 8.72747540e-01 5.53928733e-01 2.14750856e-01
    6.57647192e-01 5.62125802e-01 8.72457743e-01 7.66055584e-01
    8.49639416e-01 2.74450213e-01 9.59845901e-01 5.83076775e-01
    3.32237184e-02 5.97382307e-01 5.78590810e-01 1.94510847e-01
    8.81818771e-01 9.58551884e-01 5.82063437e-01 1.70835435e-01
    5.17953396e-01 8.07066679e-01 8.40311646e-01 1.65063530e-01
    5.38456738e-01 6.69364214e-01 9.02185082e-01 6.56772673e-01
    8.50532413e-01 6.95899248e-01 7.58748174e-01 4.76349920e-01
    9.17950451e-01 7.02594578e-01 1.66839123e-01 8.88627231e-01
    8.03363681e-01 9.50545728e-01 4.73463833e-01 2.51171440e-01
    4.30551708e-01 7.01785088e-01 7.27556705e-01 1.64884686e-01
    2.18538076e-01 2.74953038e-01 1.13067776e-01 7.69476056e-01
    6.29415214e-01 8.63991618e-01 7.91004121e-01 8.38760257e-01
    9.43673491e-01 4.57902491e-01 7.71955729e-01 4.58209217e-01
    6.89745486e-01 5.08446813e-01 8.96641254e-01 4.53319192e-01
    9.62781250e-01 3.50325167e-01 6.75829530e-01 6.72692835e-01
    5.04450500e-01 8.00786972e-01 4.32951123e-01 6.96472108e-01
    5.42055428e-01 2.22062975e-01 6.24989986e-01 8.52562547e-01
    3.09966207e-02 4.94158626e-01 3.23870957e-01 5.30616641e-02
    4.39942300e-01 7.50921130e-01 2.20267683e-01 7.53970265e-01
    2.41960853e-01 2.55926371e-01 4.34653938e-01 5.98709941e-01
    9.68131304e-01 4.45832074e-01 8.99365544e-01 7.01068342e-01
    4.90860909e-01 1.00420773e-01 3.90705645e-01 3.60733271e-01
    1.47223473e-02 1.24703795e-01 8.96719098e-01 2.45978028e-01
    2.57207513e-01 3.99794459e-01 7.98299909e-01 4.31531996e-01
    1.02691770e-01 5.12353718e-01 8.18204939e-01 6.50438249e-01
    2.83446014e-01 2.10413247e-01 1.35657072e-01 8.23421657e-01
    2.59181619e-01 6.94792926e-01 9.97855306e-01 8.85815978e-01
    7.47615695e-01 6.51328802e-01 4.69482154e-01 3.96171689e-01
    4.24224496e-01 1.47857368e-02 1.80375308e-01 6.38614297e-02
    9.04509068e-01 2.41792023e-01 3.34720522e-01 8.62044513e-01
    2.95296222e-01 7.76965857e-01 5.91222286e-01 8.52717876e-01
    9.19007838e-01 3.36066782e-01 8.06058228e-01 2.25534469e-01
    2.52163023e-01 8.60487103e-01 4.22611058e-01 5.61018765e-01
    7.26756454e-01 6.22204185e-01 7.83067465e-01 6.61981106e-03
    2.47632474e-01 7.41149604e-01 3.45857084e-01 1.04427487e-01
    4.75911945e-01 4.88476694e-01 2.57473588e-01 1.25883132e-01
    5.47475457e-01 3.41785073e-01 2.26911485e-01 6.42773926e-01
    4.82043058e-01 4.00155008e-01 9.30848897e-01 3.92212868e-02
    4.91876006e-02 4.08240557e-01 1.09838843e-01 3.22243571e-03
    6.65491819e-01 5.90041220e-01 1.46047980e-01 6.82115674e-01
    3.71949196e-01 1.66762233e-01 3.68900090e-01 7.94357538e-01
    6.51018858e-01 3.06102157e-01 3.80538166e-01 3.07687819e-01
    6.16469979e-02 7.06103146e-01 6.27740324e-01 8.61394107e-01
    9.87264752e-01 8.96472871e-01 8.31291080e-01 6.26002550e-01
    7.53835440e-01 4.88402903e-01 9.59078550e-01 6.12747610e-01
    1.19312853e-01 8.77321661e-02 1.31481469e-01 7.07600474e-01
    6.00121737e-01 7.31495678e-01 1.29333824e-01 7.23247886e-01
    7.93858647e-01 4.49553072e-01 4.58131671e-01 3.65511984e-01
    5.89610875e-01 1.48632318e-01 7.62448251e-01 5.47419667e-01
    6.53731167e-01 5.99165678e-01 3.67477685e-01 2.47622907e-01
    5.32179415e-01 3.18585515e-01 9.02588904e-01 3.22783500e-01
    8.98519397e-01 2.76147127e-01 5.31276166e-01 6.87014639e-01
    1.29142404e-01 1.03756607e-01 9.84001994e-01 2.04697520e-01
    1.66737556e-01 1.53166980e-01 7.39187539e-01 1.66010052e-01
    1.64327443e-01 6.93368912e-01 4.68478888e-01 2.94570714e-01
    8.51166129e-01 9.37224627e-01 6.44649506e-01 3.88374031e-02
    7.25383759e-02 7.39075422e-01 5.23910642e-01 3.95201981e-01
    6.77670598e-01 5.86323738e-01 4.05522287e-01 4.85095918e-01
    9.74301338e-01 4.40950960e-01 5.57606280e-01 8.04452538e-01
    1.22004539e-01 1.40847385e-01 7.99492598e-02 6.76993847e-01
    4.89975065e-01 7.77056217e-01 9.39826190e-01 7.56459236e-01
    6.37214422e-01 1.07930660e-01 9.44298029e-01 7.91982055e-01
    2.50183433e-01 1.05058789e-01 4.68511224e-01 5.34295082e-01
    8.80721569e-01 8.60354066e-01 6.53734863e-01 5.58962882e-01
    5.32776773e-01 2.10987866e-01 6.84991002e-01 6.86510682e-01
    5.20942509e-02 7.67319679e-01 1.86467171e-02 9.81363773e-01
    9.06369090e-01 2.62155771e-01 8.90296936e-01 4.81009245e-01
    2.98776895e-01 5.17458498e-01 1.90902114e-01 3.08651865e-01
    2.46132225e-01 8.47987533e-01 3.77033353e-01 5.08223474e-02
    3.69931459e-01 2.05976874e-01 3.45285475e-01 9.91266668e-01
    7.20563293e-01 8.93018723e-01 5.60045481e-01 6.16799474e-01
    3.06297064e-01 6.52868688e-01 8.54595304e-01 6.79289341e-01
    4.90815550e-01 6.51254237e-01 3.77801061e-01 3.43785912e-01
    6.37600183e-01 4.18406993e-01 2.67401040e-01 1.15722090e-01
    6.80543423e-01 7.71807075e-01 6.94416046e-01 1.04742527e-01
    9.24976230e-01 7.95888901e-01 1.13959372e-01 4.96146381e-01
    3.58378857e-01 4.15975183e-01 2.21864283e-02 8.50617528e-01
    4.74717975e-01 1.01210743e-01 9.89868045e-02 1.93812609e-01
    2.72321463e-01 8.43974590e-01 8.45646143e-01 2.94892550e-01
    1.00028753e-01 5.51395297e-01 7.21531391e-01 8.21394682e-01
    1.03274018e-01 4.99058962e-01 1.09778970e-01 5.22848248e-01
    1.84679627e-02 6.32579684e-01 2.16845095e-01 2.15274870e-01
    7.55487323e-01 3.50159407e-03 8.86878192e-01 8.66283238e-01
    5.26439905e-01 5.69388568e-01 8.93539846e-01 6.89148009e-02
    8.88236403e-01 1.37033641e-01 4.01936710e-01 3.68665040e-01
    4.12532955e-01 4.16731298e-01 2.48527795e-01 7.44813561e-01
    2.34993845e-01 7.49530554e-01 7.60390759e-01 6.59282088e-01
    5.83286524e-01 1.55821800e-01 6.22400403e-01 7.10901320e-02
    4.26129043e-01 5.71778476e-01 2.80465275e-01 5.99488378e-01
    9.04866934e-01 8.43003571e-01 5.89755476e-02 1.19054019e-01
    7.81074047e-01 2.85107315e-01 3.76196802e-02 1.84040397e-01
    8.60463560e-01 4.94695485e-01 4.26612914e-01 2.22035795e-01
    2.12170333e-01 1.01772904e-01 2.82710016e-01 9.48745131e-01
    7.64654934e-01 9.41712737e-01 1.96569264e-02 8.34658742e-01
    3.96429479e-01 3.07095468e-01 9.55612063e-01 1.07513040e-01
    8.94050837e-01 4.88479376e-01 9.24969077e-01 9.70884562e-01
    9.47107911e-01 1.01386011e-02 4.65726197e-01 2.83237755e-01
    7.80415356e-01 5.56182206e-01 2.33425498e-02 1.42833024e-01
    7.25064933e-01 6.19047821e-01 7.95871437e-01 5.67861199e-01
    1.54419631e-01 9.56251919e-02 4.22845185e-01 9.57384229e-01
    4.30563629e-01 9.38555598e-01 4.66322362e-01 6.21898174e-02
    1.92036957e-01 3.85521233e-01 4.06892449e-01 3.53131950e-01
    7.65118480e-01 2.33559757e-01 3.91731262e-01 4.82735097e-01
    9.46376026e-02 9.32271659e-01 9.22084153e-01 4.08384442e-01
    2.82349318e-01 4.70942557e-01 9.42088306e-01 9.86582637e-01
    5.33568978e-01 5.53995073e-02 6.02956176e-01 9.17585611e-01
    9.96445775e-01 1.89189196e-01 7.39558578e-01 5.41855752e-01
    5.45613468e-01 3.30433905e-01 4.80085403e-01 6.19249344e-02
    4.55237269e-01 4.42543685e-01 8.40863585e-03 9.13194895e-01
    4.53331172e-01 5.93346596e-01 1.48259372e-01 8.63855422e-01
    7.59050846e-01 6.13844633e-01 9.71610188e-01 7.45333076e-01
    7.27953613e-01 1.59997612e-01 2.91045010e-01 4.96280938e-01
    7.10960329e-01 4.38470602e-01 8.97811949e-01 2.33880281e-01
    1.38578713e-01 6.37571096e-01 8.72047424e-01 9.92182732e-01
    8.51123810e-01 3.08393538e-02 2.48293638e-01 7.97927380e-02
    9.31935191e-01 6.32882118e-04 1.39131904e-01 4.31742370e-01
    8.39455187e-01 8.48222136e-01 7.60451913e-01 1.92024350e-01
    9.95679975e-01 2.24708378e-01 3.31054807e-01 1.37387812e-01
    4.02214348e-01 2.58031160e-01 1.40422195e-01 3.46457422e-01
    8.52017164e-01 4.17720735e-01 3.43104124e-01 9.30094540e-01
    9.94621873e-01 2.14806080e-01 4.89660382e-01 1.91297799e-01
    8.86132240e-01 7.26482809e-01 4.56285655e-01 3.33861411e-01
    2.77096272e-01 5.43038726e-01 9.77137327e-01 9.93667543e-01
    8.61317933e-01 9.33914542e-01 7.05393255e-01 1.19180083e-02
    4.36196029e-02 2.69662380e-01 6.66042686e-01 1.55615598e-01
    2.35069096e-01 2.03716457e-02 6.35473251e-01 8.39815140e-02
    4.79184598e-01 7.08516598e-01 9.56064820e-01 1.17729425e-01
    1.25833839e-01 7.65122890e-01 5.17609119e-01 9.43192124e-01
    2.43836284e-01 6.62121236e-01 2.23452210e-01 2.19463497e-01
    4.95037675e-01 3.65700454e-01 5.51634431e-01 8.52803230e-01
    6.35298371e-01 2.08925784e-01 3.66749167e-02 7.50477552e-01
    8.50226283e-01 8.11108172e-01 6.26915872e-01 4.78953123e-04
    5.85220993e-01 4.17686075e-01 7.07087457e-01 2.56522954e-01
    5.89764178e-01 8.21015537e-01 5.63291907e-01 5.08883238e-01
    8.86321902e-01 7.60035753e-01 2.08834261e-01 2.64372915e-01
    7.72827268e-01 7.20740557e-01 8.75331223e-01 9.20996010e-01
    5.31147957e-01 7.76622534e-01 4.06686306e-01 5.10409713e-01
    4.90561724e-02 6.21661067e-01 8.84865582e-01 3.50575268e-01
    7.63358772e-01 3.97637010e-01 1.32517815e-01 7.81220853e-01
    9.99116778e-01 9.40673709e-01 6.36526227e-01 4.06673193e-01
    8.41565490e-01 8.86066318e-01 7.14606464e-01 1.86311156e-01
    7.95890391e-01 5.52829683e-01 4.64072973e-01 2.41701305e-02
    2.86723673e-01 8.56445014e-01 9.63976085e-02 5.45826137e-01
    8.38177204e-01 2.14856863e-01 9.05043900e-01 4.54411209e-01
    5.52158475e-01 1.54235244e-01 8.11607242e-01 9.03449416e-01
    8.09553623e-01 4.10215795e-01 4.57879901e-02 6.43695354e-01
    5.98557293e-02 7.61890769e-01 8.24062467e-01 2.61118710e-01
    9.14708912e-01 6.84835792e-01 2.67135888e-01 6.59124851e-01
    4.55348790e-02 4.90475655e-01 5.85515201e-01 3.71781766e-01
    6.99479759e-01 1.75756991e-01 8.57726991e-01 1.73575610e-01
    9.86272812e-01 4.01932836e-01 6.62455857e-02 1.35639131e-01
    1.83472127e-01 1.78900063e-02 2.79459596e-01 3.47581595e-01
    9.71259117e-01 6.11361384e-01 6.40988588e-01 6.15176499e-01
    6.54664576e-01 6.14886165e-01 8.26398611e-01 3.52597713e-01
    3.70462477e-01 8.67502570e-01 6.12230599e-01 8.20508838e-01
    2.40350902e-01 4.78027582e-01 1.14959955e-01 4.01370525e-01
    4.37198967e-01 1.59627318e-01 7.02009499e-01 7.88382649e-01
    3.43039602e-01 4.70471114e-01 8.43341649e-01 1.72230184e-01
    8.77605855e-01 2.77835250e-01 3.90827239e-01 5.85672677e-01
    7.83253551e-01 7.54975736e-01 8.17768931e-01 4.74356532e-01
    3.51247609e-01 4.98709887e-01 7.06668615e-01 6.22968554e-01
    8.93585205e-01 5.80537736e-01 4.93956685e-01 6.97264314e-01
    4.86532569e-01 9.73434150e-02 7.57423997e-01 8.92012239e-01
    1.39312387e-01 4.08027142e-01 3.44825089e-01 3.55332404e-01
    3.86720479e-01 4.27156985e-02 6.72852278e-01 9.32301342e-01
    2.75922418e-01 5.75833917e-01 5.31416833e-01 6.29509807e-01
    8.23817313e-01 4.30692852e-01 7.96961188e-01 7.14874864e-01
    3.05325925e-01 4.89977539e-01 7.84433603e-01 2.87717581e-01
    9.19968188e-01 3.52140754e-01 1.68110490e-01 5.36751807e-01
    6.05161488e-01 1.58446461e-01 5.00999749e-01 4.58866656e-01
    6.32906318e-01 9.18236375e-02 1.60246670e-01 6.24640644e-01
    9.33833718e-02 2.67674148e-01 2.03361392e-01 6.49930835e-02
    3.79981369e-01 5.26998520e-01 8.60864401e-01 6.68505192e-01
    6.41876519e-01 5.76217175e-01 7.78916478e-01 3.21544409e-01
    2.92006880e-01 5.92060149e-01 3.59130472e-01 7.47709990e-01
    6.38334036e-01 6.57556713e-01 5.32502174e-01 2.84349799e-01
    2.27990448e-01 7.61122584e-01 3.68441343e-01 8.30510855e-01
    6.67468846e-01 3.54149342e-01 8.40545416e-01 9.30065751e-01
    8.24570656e-01 9.91338432e-01 3.91894221e-01 6.25788987e-01
    1.92772895e-01 1.11238122e-01 7.79109359e-01 9.32609439e-01
    5.86149454e-01 8.38184476e-01 7.57246733e-01 8.25029910e-02
    2.99839407e-01 3.00540507e-01 9.63374197e-01 5.58073163e-01
    9.24557805e-01 6.58291817e-01 3.69134545e-02 4.04138088e-01
    5.81935227e-01 8.82179022e-01 8.91613603e-01 4.00074720e-01
    1.69524044e-01 8.12226713e-01 1.25942469e-01 8.80336523e-01
    5.72892606e-01 8.27807426e-01 7.04191685e-01 8.65805984e-01
    7.44703114e-01 5.18596172e-02 5.51427484e-01 4.09114152e-01
    3.16228151e-01 2.46429682e-01 1.63188905e-01 6.59231722e-01
    2.22390294e-02 2.33828843e-01 7.88131535e-01 3.67256463e-01
    8.16409290e-02 9.93398070e-01 6.59732580e-01 5.94971478e-02
    3.07764947e-01 2.42002577e-01 7.24086285e-01 1.63468838e-01
    8.17450345e-01 2.69853354e-01 4.69148755e-02 1.20750070e-01
    6.71985149e-02 1.12253726e-01 3.86376560e-01 2.80428618e-01
    9.29999411e-01 7.24032044e-01 7.86664069e-01 7.16163993e-01
    1.92720860e-01 7.96142817e-01 5.30806184e-01 6.76026940e-01
    7.30320454e-01 8.29706490e-02 9.22395229e-01 8.64736080e-01
    9.59960222e-01 7.62991190e-01 7.39535749e-01 5.56033552e-02
    2.16658056e-01 4.27789152e-01 3.40902209e-01 4.32005554e-01
    9.71449912e-01 2.47110426e-01 9.08202469e-01 1.74378693e-01
    4.78794575e-02 7.16506124e-01 9.42797542e-01 5.15753031e-02
    3.03105235e-01 5.55995047e-01 8.35643113e-02 9.58041847e-01
    4.76246059e-01 7.19453156e-01 7.20816791e-01 2.09500730e-01
    7.00807452e-01 9.93716836e-01 9.38036203e-01 9.61458802e-01
    8.72529507e-01 7.81811059e-01 5.01093745e-01 6.26566231e-01
    2.49788910e-01 2.90311396e-01 8.50117862e-01 6.10053599e-01
    1.58735245e-01 1.52472585e-01 9.81489956e-01 6.37143552e-01
    1.64768755e-01 7.49847531e-01 3.63986105e-01 4.57904130e-01
    5.95668137e-01 8.16360831e-01 2.04984009e-01 8.73177111e-01
    5.51418304e-01 5.26633441e-01 8.13424647e-01 7.76281953e-01
    5.02912521e-01 5.22331178e-01 2.42246777e-01 9.44406390e-01
    2.80706584e-01 2.07173020e-01 3.47305328e-01 7.06385314e-01
    3.08252454e-01 4.25331384e-01 2.88864791e-01 9.53314900e-01
    1.47501349e-01 9.95273352e-01 8.75051022e-01 1.00746125e-01
    7.39596069e-01 2.12571025e-02 3.28780383e-01 7.00576007e-02
    3.96714926e-01 4.30036485e-02 2.86094755e-01 7.23813951e-01
    7.81343341e-01 1.25495821e-01 1.48025751e-01 2.88572431e-01
    5.73052824e-01 7.25264311e-01 4.23593789e-01 8.86478126e-02
    6.79796219e-01 3.80695343e-01 3.01533252e-01 8.45266581e-01
    9.28937078e-01 8.99933875e-02 4.86550510e-01 9.15090322e-01
    5.73220789e-01 3.28537822e-01 7.05019176e-01 9.47161019e-02
    6.39244556e-01 6.82066262e-01 3.85997295e-02 2.69212008e-01
    2.43243068e-01 7.48404741e-01 8.52371812e-01 5.99463642e-01
    9.41648960e-01 5.94386160e-01 1.90184981e-01 5.36746919e-01
    7.46919394e-01 2.76808262e-01 6.37522817e-01 5.09973109e-01
    6.90995455e-01 2.05523252e-01 7.80028701e-02 4.09517169e-01
    9.93522704e-02 6.51682079e-01 4.25767183e-01 5.00411987e-01
    6.00996137e-01 6.53172672e-01 2.91762322e-01 2.63682604e-01
    2.76226163e-01 2.51983106e-02 7.74756432e-01 4.58488762e-02
    4.74685729e-02 7.25698650e-01 3.35116625e-01 7.90099740e-01
    1.73487097e-01 9.24490809e-01 9.12129760e-01 5.76353908e-01
    1.02001071e-01 8.90966773e-01 5.47588527e-01 3.97312224e-01
    7.53436089e-01 4.03545231e-01 8.95919204e-01 1.41586304e-01
    1.48934305e-01 5.44671416e-01 5.80532432e-01 7.56709099e-01
    6.55689836e-03 6.01817548e-01 9.33786929e-01 8.79206955e-02
    4.28277254e-03 3.19931120e-01 3.76953185e-01 7.52339780e-01
    6.78680539e-02 2.22716004e-01 2.87897289e-01 1.16213500e-01
    8.02302957e-02 6.55611694e-01 9.02445495e-01 6.28011227e-02
    5.66293538e-01 7.59371042e-01 7.31049240e-01 2.68989980e-01
    4.35478151e-01 6.13313437e-01 7.30500340e-01 9.34557676e-01
    9.30622816e-01 5.16274393e-01 4.25775141e-01 9.09560323e-01
    7.32871294e-01 8.17574382e-01 2.73651093e-01 4.67081666e-02
    9.16270494e-01 8.42152357e-01 8.42483044e-01 9.33196604e-01
    5.28909266e-01 2.63403386e-01 8.42989922e-01 7.05785036e-01
    2.82446802e-01 3.82812798e-01 2.03770757e-01 3.64826918e-01
    1.63499057e-01 1.27255082e-01 5.51573575e-01 7.58346081e-01
    8.10260773e-01 1.81925416e-01 7.18222201e-01 1.70192927e-01
    6.83104455e-01 7.92347670e-01 4.12753493e-01 4.81433719e-01
    3.05875301e-01 4.05624688e-01 4.49061632e-01 6.07655644e-01
    6.47643387e-01 8.82409334e-01 4.59994465e-01 8.46149981e-01
    2.26808161e-01 1.21303767e-01 3.96924436e-01 6.35465741e-01
    2.19287038e-01 5.88862419e-01 1.65053904e-01 7.92948246e-01
    6.86513782e-01 3.05453420e-01 5.74022710e-01 6.78795159e-01
    3.22625846e-01 9.48063970e-01 8.11750829e-01 2.45786339e-01
    3.01868081e-01 5.86317182e-02 7.09685206e-01 8.49619508e-01
    4.60498273e-01 6.36099696e-01 5.05863547e-01 4.00452763e-01
    3.49748999e-01 7.77587831e-01 5.24982691e-01 2.77425230e-01
    5.60337186e-01 8.90068412e-01 2.80936956e-02 6.18003011e-02
    8.49654078e-01 8.38793278e-01 1.46087170e-01 7.84165740e-01
    3.07035953e-01 1.87560588e-01 2.41053224e-01 3.94230902e-01
    3.62704575e-01 9.05104995e-01 9.69580650e-01 9.64222550e-01
    3.07102978e-01 1.56674922e-01 4.45592344e-01 2.46644080e-01
    1.35678440e-01 8.04628968e-01 2.27206081e-01 7.58015692e-01
    3.22880805e-01 3.39970589e-02 6.53437018e-01 6.53971970e-01
    8.16727579e-01 5.29945374e-01 6.02702379e-01 5.59671879e-01
    9.24055457e-01 8.81174505e-02 3.69122148e-01 1.69060141e-01
    2.78415620e-01 3.00850868e-01 9.51116323e-01 4.63262707e-01
    5.59333920e-01 1.70172572e-01 4.26173687e-01 2.76729733e-01
    5.60521364e-01 1.40153438e-01 6.12954021e-01 2.97328025e-01
    2.56898642e-01 9.34024334e-01 3.89989674e-01 1.52222455e-01
    7.38492370e-01 9.85648036e-01 8.94276023e-01 6.98732316e-01
    5.35124004e-01 3.33587945e-01 9.18671131e-01 5.40169835e-01
    8.76959860e-02 9.99781251e-01 5.42037666e-01 9.10936117e-01
    2.43135363e-01 1.01271391e-01 8.73035789e-01 5.65175295e-01
    7.78732300e-01 7.84861088e-01 5.09673059e-01 6.30731106e-01
    9.24992919e-01 2.44334608e-01 4.12014276e-01 3.65205228e-01
    6.38940156e-01 3.02667379e-01 5.49263060e-01 9.16945040e-01
    1.72730446e-01 8.24916244e-01 8.05958629e-01 3.12403917e-01
    6.61356688e-01 5.01301289e-01 7.63103604e-01 4.87040728e-01
    1.16660148e-01 6.09640837e-01 4.51322943e-01 7.77814150e-01
    6.58406019e-01 1.53646976e-01 7.83079624e-01 2.15078861e-01
    9.64127183e-01 4.71408427e-01 4.89959300e-01 3.58728081e-01
    2.18988419e-01 7.87338436e-01 4.17022079e-01 8.87256920e-01
    2.14242935e-03 7.87765622e-01 6.18615746e-03 5.88941872e-01
    5.29965878e-01 1.62911057e-01 3.91188979e-01 1.28202796e-01
    8.12461615e-01 9.25991297e-01 1.38191432e-01 5.86303771e-01
    4.52195197e-01 8.12582314e-01 6.13285184e-01 6.69529557e-01
    1.33751601e-01 4.36728716e-01 8.13740611e-01 7.26214468e-01
    5.16446769e-01 1.50372833e-01 3.67510200e-01 1.55478448e-01
    3.86243105e-01 5.52884638e-02 1.72039807e-01 5.25113344e-02
    7.92662919e-01 2.00222284e-01 6.97463930e-01 4.62343395e-01
    4.99298304e-01 2.91089416e-01 3.83858323e-01 6.93125486e-01
    6.44376695e-01 5.47822058e-01 3.66631031e-01 9.40342665e-01
    6.61385357e-02 1.99484020e-01 7.65489161e-01 5.73116601e-01
    3.09420526e-01 1.86661243e-01 4.45219278e-02 3.52652311e-01
    5.69158375e-01 7.96236992e-02 8.24755371e-01 9.67569947e-02
    7.80346870e-01 6.06032968e-01 4.42507029e-01 6.93883419e-01
    5.45487881e-01 7.72858322e-01 5.74242115e-01 9.63609457e-01
    4.52062875e-01 7.69985855e-01 5.40387750e-01 5.25055110e-01
    5.22712946e-01 4.79694188e-01 4.87529963e-01 6.69255733e-01
    8.20089340e-01 2.27270395e-01 3.31774831e-01 9.05703425e-01
    1.92936689e-01 2.54697025e-01 6.84765577e-01 4.13127244e-02
    4.11551267e-01 5.60974658e-01 6.12159133e-01 3.99307549e-01
    1.86324447e-01 2.83423603e-01 9.34099793e-01 9.16552663e-01
    7.15838492e-01 9.98545408e-01 4.29061055e-03 5.80668032e-01
    6.83400989e-01 6.92656159e-01 1.43934339e-01 8.87212873e-01
    8.46767306e-01 2.06187099e-01 5.34356117e-01 2.94957846e-01
    8.05807889e-01 1.83579117e-01 4.50453490e-01 5.53016782e-01
    1.17487699e-01 5.42100370e-01 8.99846554e-01 8.18423510e-01
    9.33042049e-01 2.82200813e-01 9.21192706e-01 9.30568576e-01
    2.38017917e-01 6.54146850e-01 4.60896701e-01 1.05697393e-01
    5.12450993e-01 6.35204434e-01 4.24551666e-02 7.54303336e-01
    5.94567716e-01 7.57662058e-01 6.38853431e-01 7.51124501e-01
    7.19146192e-01 1.87192380e-01 8.80644083e-01 6.39370084e-02
    1.53660297e-01 3.96912217e-01 2.96233594e-02 9.63344574e-01
    6.60318911e-01 5.97939134e-01 1.25918120e-01 4.04110432e-01
    5.35274506e-01 4.15828824e-03 2.37757474e-01 8.75506163e-01
    3.87865573e-01 1.67682290e-01 3.23075950e-01 2.40663171e-01
    3.79772842e-01 3.00628543e-01 3.91364217e-01 9.17522430e-01
    5.96531928e-01 6.42742991e-01 2.70923853e-01 5.27576208e-01
    8.17657948e-01 9.42686200e-02 8.83803844e-01 8.28600228e-01
    7.01502740e-01 5.72887838e-01 7.57147074e-01 3.90451252e-02
    5.46535254e-02 3.12966645e-01 2.41950154e-02 3.14097703e-02
    1.77346706e-01 2.62969494e-01 5.47582865e-01 9.30078626e-01
    1.70559496e-01 7.18317151e-01 6.82059407e-01 1.83125585e-01
    4.57014531e-01 5.22488296e-01 6.87976182e-02 2.20914751e-01
    8.20138693e-01 3.86127114e-01 1.13029480e-02 5.77912569e-01
    1.60888076e-01 8.75878215e-01 3.17096829e-01 8.41597319e-01
    8.04268003e-01 1.10573441e-01 5.58959544e-02 7.05845058e-01
    4.93327796e-01 1.26799434e-01 6.60906196e-01 7.13007092e-01
    1.65609241e-01 2.11528897e-01 7.79322505e-01 6.76533937e-01
    4.63882297e-01 6.90444469e-01 2.36616254e-01 3.17615330e-01
    5.60585856e-01 8.65042210e-04 5.94715357e-01 9.83818948e-01
    3.77453834e-01 9.10438538e-01 9.25864100e-01 2.95106292e-01
    2.93283463e-02 1.62812680e-01 7.78805733e-01 8.40348959e-01
    3.57025087e-01 9.33115482e-01 6.71255887e-02 5.91948807e-01
    4.61564958e-01 9.79616165e-01 9.48603868e-01 5.25170803e-01
    9.14818406e-01 3.04018438e-01 6.43951893e-01 5.82756281e-01
    1.14734024e-01 7.42320418e-01 1.03698105e-01 3.73975873e-01
    6.08686805e-01 2.01979458e-01 5.54075122e-01 4.37826574e-01
    2.83169866e-01 6.67399406e-01 7.88224697e-01 2.15547234e-01
    9.82051313e-01 9.74569917e-02 1.69663459e-01 3.01391900e-01
    1.44623637e-01 7.82678723e-01 6.34965241e-01 9.73940969e-01
    5.11433423e-01 4.59360331e-01 1.26992673e-01 6.98381901e-01
    6.35619760e-01 2.33592987e-02 2.20819592e-01 5.95879078e-01
    5.24649143e-01 1.39099270e-01 7.46786892e-02 5.04986644e-01
    8.19893658e-01 7.25962162e-01 9.55682039e-01 9.24037814e-01
    7.20812976e-01 5.88783622e-01 3.16291302e-01 7.28504956e-01
    2.69578695e-01 5.09115100e-01 1.48882836e-01 3.38447928e-01
    8.36221278e-02 4.99940723e-01 9.12990093e-01 6.73454165e-01
    3.64382714e-01 9.47269022e-01 7.88407445e-01 7.10660815e-02
    5.29094577e-01 8.41551065e-01 3.20630521e-01 2.82043844e-01
    5.32193482e-01 4.83240366e-01 8.79638195e-02 7.70806432e-01
    5.84035218e-02 5.67280948e-02 2.24589586e-01 9.45842981e-01
    6.10512495e-01 9.57207978e-01 5.69801092e-01 2.53772050e-01
    9.26996410e-01 2.59121597e-01 9.74509001e-01 7.87341356e-01
    7.34545112e-01 6.07937813e-01 5.70248306e-01 2.44904935e-01
    7.90938556e-01 6.30028248e-01 1.71441764e-01 5.05677283e-01
    2.64993310e-03 1.67036682e-01 3.49445462e-01 7.43413389e-01
    8.73542428e-01 9.79494333e-01 9.73680854e-01 8.04918289e-01
    2.44776577e-01 9.53289151e-01 3.56725037e-01 8.40162516e-01
    5.28904736e-01 5.38241625e-01 2.05888331e-01 7.82837689e-01
    1.18052870e-01 4.96020913e-01 2.73690164e-01 1.59743041e-01
    2.08596230e-01 8.40207934e-01 3.59734654e-01 3.82508576e-01
    9.57880616e-01 1.42778814e-01 7.97979355e-01 1.71118647e-01
    3.99628878e-02 7.09957361e-01 3.36561620e-01 4.90309149e-01
    7.28346109e-01 2.73373425e-02 4.68183160e-01 8.86127114e-01
    4.31082428e-01 1.42209589e-01 2.35080302e-01 4.97875303e-01
    6.89180732e-01 6.68882728e-01 5.64988673e-01 4.79022980e-01
    7.65812457e-01 9.75325823e-01 6.09226286e-01 8.54328454e-01
    1.70100659e-01 2.48720646e-01 9.65965986e-01 3.89782727e-01
    3.76287520e-01 5.96761107e-01 1.27374619e-01 8.78589094e-01
    3.92081350e-01 2.95536578e-01 9.39674497e-01 4.33662236e-02
    5.09764314e-01 9.02042150e-01 2.85712481e-01 5.42387843e-01
    2.32781738e-01 3.73760462e-02 1.98746324e-01 3.44246686e-01
    3.00945699e-01 1.33480459e-01 6.03184342e-01 5.50563931e-01
    7.05562472e-01 5.63063800e-01 9.64134872e-01 9.28253651e-01
    4.37261611e-01 8.72423768e-01 4.79191273e-01 5.09670258e-01
    8.46962750e-01 2.23289758e-01 5.50036550e-01 4.64526832e-01
    8.94001067e-01 1.16821319e-01 1.66715801e-01 6.60520792e-01
    6.18207932e-01 5.83628833e-01 1.73213452e-01 3.93164009e-01
    9.87663746e-01 3.92586797e-01 4.85765308e-01 9.92157996e-01
    4.18986201e-01 2.27955878e-01 3.42702687e-01 5.20305514e-01
    2.33449131e-01 6.92366540e-01 7.41816878e-01 6.80429816e-01
    8.07937741e-01 5.32468736e-01 9.78700638e-01 1.67138010e-01
    8.60987544e-01 5.34952521e-01 8.56893361e-01 5.48451900e-01
    1.23860240e-02 3.90456617e-01 1.46544993e-01 8.70708108e-01
    5.02664983e-01 7.15501308e-02 6.56923473e-01 5.17234206e-01
    5.88735759e-01 8.99749041e-01 5.04702091e-01 6.73665583e-01
    4.04302686e-01 7.76818573e-01 4.12150115e-01 2.95080960e-01
    5.39987147e-01 7.87751555e-01 6.07778907e-01 8.40114474e-01
    6.22705400e-01 3.03309739e-01 5.20001829e-01 3.76069248e-01
    3.86659205e-01 1.31243020e-01 2.91810930e-02 2.36612767e-01
    4.96985614e-01 6.32774711e-01 6.04062319e-01 9.83344674e-01
    6.15757585e-01 5.49682796e-01 2.78684825e-01 7.63793826e-01
    1.13382578e-01 1.51506782e-01 4.15531725e-01 7.93380380e-01
    7.61247575e-01 9.31676388e-01 4.32210982e-01 2.19681084e-01
    3.36271524e-03 8.43406320e-01 8.55847955e-01 2.25194484e-01
    3.26447129e-01 9.20829177e-01 1.51543915e-02 5.54234684e-01
    8.86513114e-01 6.96786225e-01 1.08001232e-02 1.73850030e-01
    5.61548710e-01 6.68737650e-01 8.55571985e-01 3.75615895e-01
    6.43345594e-01 7.39921153e-01 7.09694147e-01 2.57346213e-01
    5.40363848e-01 2.22205043e-01 6.38372540e-01 3.75367701e-02
    7.45374084e-01 4.48264122e-01 1.29520297e-02 6.09959245e-01
    1.76280171e-01 2.74254054e-01 7.41762102e-01 3.63289356e-01
    8.88779163e-01 2.89001882e-01 8.02634120e-01 3.18228066e-01
    5.18130243e-01 5.65651119e-01 3.03274512e-01 7.09103644e-02
    7.66051829e-01 9.30165470e-01 2.06085205e-01 1.84460819e-01
    1.13115668e-01 5.72416782e-01 5.75842142e-01 1.13555998e-01
    8.59752715e-01 4.28953499e-01 8.62295806e-01 2.27979481e-01
    3.99527282e-01 6.39101624e-01 7.61353493e-01 7.19535828e-01
    7.51554966e-04 2.19483584e-01 9.03651357e-01 9.67569113e-01
    8.74584913e-01 2.33014941e-01 5.68185270e-01 2.30485320e-01
    4.02828395e-01 4.18268859e-01 9.42016780e-01 3.86921197e-01
    2.76808739e-02 5.75738847e-02 8.92967463e-01 1.22265846e-01
    6.35337234e-01 1.17306650e-01 3.72432709e-01 7.64580131e-01
    1.52759790e-01 4.40202385e-01 2.73205638e-01 2.67618477e-01
    9.62617993e-01 1.89553887e-01 3.74244869e-01 9.21175361e-01
    8.18705261e-01 8.68260384e-01 4.25508618e-03 5.80944121e-01
    4.07205284e-01 6.41724229e-01 8.15276265e-01 3.74771357e-01
    6.81177378e-01 5.22488058e-01 9.91588712e-01 7.64600933e-01
    4.10897225e-01 7.78258502e-01 1.20550960e-01 9.54833508e-01
    5.54460824e-01 5.73703408e-01 3.49044204e-01 2.01235145e-01
    4.54407901e-01 6.12112045e-01 9.65264559e-01 5.92481434e-01
    1.43130839e-01 8.28190684e-01 8.98177266e-01 5.16414642e-01
    8.60722661e-01 1.85407400e-01 6.89183593e-01 7.34772503e-01
    1.53977752e-01 4.57704186e-01 4.68717545e-01 7.50875711e-01
    2.47579217e-02 6.55661464e-01 8.08775783e-01 4.07644272e-01
    6.54261291e-01 1.77667439e-01 9.27789986e-01 9.18972373e-01
    1.73423380e-01 1.76719517e-01 6.14700377e-01 3.35317343e-01
    4.31620777e-01 3.09912771e-01 1.97223455e-01 5.47914088e-01
    2.92980850e-01 7.40626574e-01 4.41603243e-01 5.85241020e-02
    8.25373054e-01 6.42499328e-01 1.37661994e-01 2.62444913e-01
    1.85710907e-01 9.72741008e-01 6.48652375e-01 9.05285597e-01
    5.81432879e-01 8.85270596e-01 2.44223624e-01 3.92277807e-01
    4.22956407e-01 8.80908251e-01 2.24197417e-01 1.71276569e-01
    6.93943441e-01 7.13523865e-01 5.35687208e-01 3.58929634e-01
    7.21889198e-01 6.17032170e-01 5.04700482e-01 3.52118224e-01
    1.99948847e-02 3.35158765e-01 9.79445338e-01 4.61401999e-01
    3.93393338e-02 6.41813815e-01 8.81359637e-01 9.72127259e-01
    8.88983607e-01 7.35880435e-02 5.57159305e-01 3.57748747e-01
    2.20732927e-01 9.03189301e-01 5.92309356e-01 6.50334358e-02
    6.27975345e-01 5.15168726e-01 8.80477071e-01 7.43612289e-01
    1.28786206e-01 6.82674170e-01 4.14410949e-01 2.26218969e-01
    7.31868684e-01 8.86291504e-01 2.10539848e-01 6.64145470e-01
    2.20544189e-01 5.50854921e-01 3.51262808e-01 4.59365845e-02
    4.80728447e-02 6.11819983e-01 4.24692303e-01 9.75439608e-01
    8.95750999e-01 8.95049870e-01 6.94131553e-01 7.65804052e-01
    5.77119291e-01 5.79947352e-01 8.74535203e-01 4.45438087e-01
    7.78387427e-01 6.93972707e-01 9.35518026e-01 5.19731343e-01
    7.23193049e-01 1.27592206e-01 3.96593124e-01 4.18872029e-01
    9.99052346e-01 8.30824971e-02 6.91241384e-01 5.88008046e-01
    7.88245380e-01 8.46171618e-01 8.49680543e-01 7.84355998e-02
    4.12338972e-02 9.34697688e-02 7.87697673e-01 1.22571737e-01
    9.39113736e-01 3.44880700e-01 1.85926229e-01 3.14976722e-01
    4.69249487e-02 3.13242018e-01 8.61463666e-01 1.79036975e-01
    7.71316469e-01 2.34189242e-01 8.10034513e-01 8.02150965e-01
    9.25333858e-01 4.69375402e-01 4.93029654e-02 7.90231824e-01
    8.58139694e-01 6.10187232e-01 8.40602934e-01 3.54730010e-01
    5.38074732e-01 5.94340205e-01 4.09542859e-01 8.31265688e-01
    4.66129929e-01 4.43048894e-01 5.04681587e-01 9.97460842e-01
    1.66916430e-01 6.51315928e-01 4.23695385e-01 2.93208361e-02
    5.44191718e-01 4.36277777e-01 6.23269141e-01 8.83274794e-01
    9.04732883e-01 7.02591836e-02 5.98151743e-01 2.78120160e-01
    9.43451285e-01 3.91355693e-01 1.65654808e-01 4.05594200e-01
    6.00578189e-01 7.15257883e-01 2.56020904e-01 7.47176349e-01
    5.19105315e-01 7.92177796e-01 3.38090062e-02 9.45136905e-01
    1.47669643e-01 4.63358551e-01 8.07204366e-01 2.13090777e-01
    6.40686035e-01 8.39064658e-01 5.00169873e-01 5.31897545e-01
    7.62734294e-01 1.16749048e-01 2.41026133e-01 8.49004388e-01
    4.79182720e-01 1.42095387e-02 5.75895727e-01 9.24851596e-01
    2.99478322e-01 5.51122308e-01 3.99003506e-01 9.11839068e-01
    1.64916962e-01 4.73993361e-01 6.04861557e-01 9.67702031e-01
    2.92347312e-01 6.86291873e-01 7.72072196e-01 1.08781219e-01
    4.93061543e-03 7.10618973e-01 8.96740079e-01 4.84569967e-01
    1.29512519e-01 1.96496874e-01 7.33325124e-01 7.78650582e-01
    6.61871254e-01 1.35428756e-01 9.92082119e-01 7.29394257e-01
    1.90332025e-01 9.64027762e-01 7.15540409e-01 2.25053281e-01
    9.94161665e-02 5.12319505e-01 6.27208889e-01 8.74850869e-01
    5.90514839e-01 1.22959584e-01 4.26888824e-01 1.75023794e-01
    2.88558960e-01 7.31359243e-01 7.89564610e-01 2.60187566e-01
    3.71847451e-01 3.26971412e-02 8.03341389e-01 4.56380486e-01
    3.47225845e-01 7.36540914e-01 9.51547503e-01 7.55252600e-01
    2.90402353e-01 9.75477040e-01 5.63606620e-01 7.38339901e-01
    3.46185088e-01 4.58516449e-01 1.93272978e-01 7.78656244e-01
    9.65476632e-01 3.52797508e-02 6.43261075e-01 5.75255275e-01
    7.48282731e-01 2.06500709e-01 6.05391920e-01 9.57196474e-01
    8.36974859e-01 3.75291586e-01 1.10109150e-02 8.20549726e-01
    9.10692215e-01 3.47313702e-01 1.47482753e-01 3.37238789e-01
    2.89052010e-01 2.30359495e-01 4.97962296e-01 8.81686389e-01
    1.73441470e-01 9.55559194e-01 7.13691473e-01 3.31765294e-01
    6.97362840e-01 5.00466347e-01 5.57629406e-01 4.20756340e-01
    3.62571418e-01 3.29094350e-01 9.33408201e-01 5.13221979e-01
    2.73327529e-01 5.96395135e-01 1.28052264e-01 9.28709507e-01
    1.88147962e-01 8.38092685e-01 6.10082865e-01 5.55590093e-02
    2.68042505e-01 5.47737956e-01 2.03787774e-01 5.48418403e-01
    4.08767581e-01 2.81123728e-01 3.39130998e-01 9.15516734e-01
    9.15321171e-01 8.99993777e-01 5.51961184e-01 8.61804545e-01
    3.15921545e-01 2.79346198e-01 9.92766738e-01 2.19649196e-01
    7.75458455e-01 1.03079289e-01 9.22097802e-01 3.34118903e-01
    8.37165833e-01 1.32351726e-01 1.35070175e-01 4.91441697e-01
    1.22168869e-01 9.37113285e-01 1.08823597e-01 7.86809981e-01
    5.00140905e-01 6.61354899e-01 3.13766181e-01 9.88879025e-01
    7.64866948e-01 5.58746278e-01 3.87851030e-01 8.70865583e-01
    9.66210663e-01 4.47407961e-02 2.23849982e-01 8.59771132e-01
    3.16383660e-01 2.00939357e-01 5.02730727e-01 2.25510091e-01
    2.20363438e-02 4.52014506e-02 4.98621941e-01 1.60279006e-01
    9.82756257e-01 1.62965834e-01 1.71736181e-02 2.65871018e-01
    3.13481450e-01 9.15575862e-01 2.67109871e-02 4.20410991e-01
    5.56331813e-01 7.07127690e-01 7.92192638e-01 4.44479346e-01
    7.28391826e-01 8.96572232e-01 4.91153568e-01 7.73161650e-04
    8.15383196e-01 4.67199087e-02 3.69854093e-01 6.58002973e-01
    2.09661871e-01 2.49897867e-01 3.87446821e-01 5.59423089e-01
    1.52959794e-01 7.76894093e-01 7.95733690e-01 9.27138448e-01
    5.88382244e-01 2.67661214e-01 4.46088910e-02 2.00984657e-01
    6.60554826e-01 6.38194919e-01 2.70041376e-01 3.34626436e-01
    9.22532439e-01 1.57972157e-01 6.73270464e-01 2.41845787e-01
    5.08726120e-01 7.38508761e-01 2.41692573e-01 9.82959926e-01
    2.79136211e-01 2.66743928e-01 4.40080434e-01 5.12099981e-01
    8.76384735e-01 1.94344878e-01 6.54000759e-01 2.05663413e-01
    1.32456750e-01 8.94157946e-01 3.69947016e-01 1.33862615e-01
    5.63642383e-03 3.25856358e-01 6.91761196e-01 7.93331504e-01
    1.15506589e-01 7.07831979e-03 3.30436587e-01 2.21881032e-01
    3.04128051e-01 4.68945414e-01 8.90904546e-01 1.55563295e-01
    5.43157160e-01 6.06754422e-01 4.96223450e-01 1.11270964e-01
    8.98051023e-01 5.17021656e-01 8.28962207e-01 1.13356292e-01
    6.25231802e-01 3.42396796e-01 7.13675439e-01 6.13956451e-01
    1.94934279e-01 4.17268366e-01 9.93221343e-01 7.75906026e-01
    5.15264034e-01 4.90026981e-01 2.54534602e-01 6.46341801e-01
    3.79023969e-01 3.89547408e-01 4.14795071e-01 7.23021686e-01
    7.70550966e-01 6.48653328e-01 2.47606665e-01 9.38810647e-01
    9.74256277e-01 5.89720011e-02 9.97693419e-01 5.57507038e-01
    2.41723657e-02 8.15264165e-01 8.68177712e-02 3.58469307e-01
    2.13152409e-01 6.53701782e-01 6.03455901e-01 2.61331797e-02
    5.31037390e-01 8.41237426e-01 3.68488133e-02 7.81412721e-01
    6.10281110e-01 1.06746823e-01 8.10652614e-01 6.39552355e-01
    1.84721589e-01 7.70604610e-02 5.39511681e-01 1.90591574e-01
    3.39781940e-01 5.89786589e-01 6.37159109e-01 8.06171060e-01
    8.07747245e-01 8.50681424e-01 6.13123178e-03 5.73492289e-01
    4.37803715e-01 2.53978312e-01 5.13514876e-01 8.59416008e-01
    4.90022957e-01 2.38990843e-01 7.30723143e-01 4.48705703e-01
    7.43530035e-01 5.93949020e-01 3.64736050e-01 1.57603413e-01
    7.49537349e-01 8.86642039e-02 1.76079899e-01 8.76624525e-01
    4.65161800e-02 9.04822588e-01 8.74699056e-01 3.63958120e-01
    8.73533487e-01 3.75261933e-01 7.73479044e-01 5.41326165e-01
    4.23346490e-01 3.85295689e-01 8.13800812e-01 5.50050020e-01
    4.83741790e-01 9.60258484e-01 2.89657533e-01 1.61179662e-01
    4.88174021e-01 2.48857141e-01 4.61817384e-02 8.32518816e-01
    3.11226845e-02 6.97125494e-02 2.08782375e-01 1.45679981e-01
    2.35280007e-01 4.34790462e-01 1.39819443e-01 8.24623168e-01
    3.62326831e-01 3.09690952e-01 4.86449599e-01 9.64545608e-01
    5.55358946e-01 3.91740203e-02 1.82916403e-01 8.34353805e-01
    8.36224258e-02 3.64894569e-02 2.37519741e-02 6.48034513e-01
    6.96930587e-02 7.78954983e-01 8.74015749e-01 5.17541111e-01
    2.30696499e-01 4.05465662e-01 7.63438463e-01 1.21767223e-02
    6.49569392e-01 4.68398422e-01 1.07192218e-01 7.80045033e-01
    4.68719274e-01 3.63794684e-01 3.04768294e-01 8.91912043e-01
    6.28498018e-01 6.24185383e-01 6.75102174e-02 3.92051995e-01
    4.44445908e-01 3.14187050e-01 8.13709021e-01 8.91559124e-01
    4.19754565e-01 5.50444722e-01 1.22559071e-02 4.15170401e-01
    9.48918819e-01 8.41273665e-01 5.30985355e-01 9.89368796e-01
    9.97753501e-01 7.70318270e-01 1.13195747e-01 9.78833795e-01
    8.19875658e-01 7.43206501e-01 7.38136053e-01 8.00874591e-01
    6.73150063e-01 3.64126563e-01 1.96407050e-01 3.85060906e-03
    9.82960463e-01 3.46791148e-02 4.84405786e-01 4.15756166e-01
    4.73366171e-01 3.34667683e-01 9.48864818e-01 2.16455132e-01
    3.85461897e-01 9.40495193e-01 3.43449712e-01 7.79422283e-01
    4.80209053e-01 9.42507267e-01 8.66453230e-01 3.55403751e-01
    9.41918135e-01 6.33260489e-01 7.11831689e-01 4.63055491e-01
    8.01175714e-01 2.75070310e-01 5.97902298e-01 7.36473799e-01
    9.37866807e-01 4.73601639e-01 1.57135814e-01 5.76511204e-01
    5.88732302e-01 7.13934898e-01 7.29297101e-02 1.67269051e-01
    7.06893206e-01 6.53550029e-03 8.74639153e-01 1.01453245e-01
    2.00044960e-01 8.73535872e-03 2.27489680e-01 8.78005624e-01
    4.37881529e-01 1.31999791e-01 7.05124617e-01 1.31297976e-01
    8.40232372e-02 6.17249250e-01 6.03539884e-01 2.26236165e-01
    6.84417188e-01 7.34407187e-01 9.43915129e-01 6.62717700e-01
    8.64920378e-01 1.54626995e-01 3.49127471e-01 6.06803238e-01
    9.16175723e-01 2.39148110e-01 5.66655099e-02 9.01174426e-01
    9.13748622e-01 5.34239590e-01 9.12047863e-01 9.93371844e-01
    7.04511166e-01 4.59516943e-01 7.45525897e-01 8.98987174e-01
    7.13508010e-01 9.07226086e-01 4.87234890e-01 1.64041847e-01
    2.71892250e-01 9.63825822e-01 7.85202920e-01 8.27444851e-01
    6.28420413e-02 9.90516543e-01 9.32402313e-02 5.83739877e-02
    1.36046648e-01 5.35517275e-01 2.70190030e-01 3.07601810e-01
    6.91624939e-01 7.52012730e-01 3.74224156e-01 8.77449751e-01
    9.06125367e-01 3.67564201e-01 7.94484913e-01 1.12643421e-01
    2.66686022e-01 2.46548027e-01 5.52442789e-01 2.71285504e-01
    3.88798654e-01 4.72107351e-01 1.61114335e-02 6.67777300e-01
    8.24588895e-01 4.73161787e-01 2.07830518e-01 8.32695723e-01
    5.66611886e-01 6.30296886e-01 3.59725714e-01 4.62168396e-01
    8.09262991e-01 1.10717863e-01 1.28703892e-01 6.09676361e-01
    3.08106929e-01 6.81559384e-01 5.97661614e-01 4.50542510e-01
    4.80031550e-01 7.70137310e-01 4.01289076e-01 3.87238741e-01
    4.98989612e-01 6.00929916e-01 3.48025113e-01 6.81264818e-01
    3.98590744e-01 3.14419866e-01 3.67146552e-01 1.88795269e-01
    1.02550089e-02 4.22003984e-01 4.53991115e-01 4.17518884e-01
    4.92371321e-02 3.53112370e-01 7.80591369e-02 8.38150859e-01
    3.15853119e-01 2.79788435e-01 9.77283478e-01 5.67613125e-01
    7.08288312e-01 4.71197069e-01 4.16354626e-01 5.16920388e-02
    7.88164139e-01 2.97441036e-01 1.89982325e-01 2.10212380e-01
    3.14127654e-01 8.47552061e-01 1.98824555e-01 8.09246302e-01
    5.31300902e-01 5.28829396e-02 3.80632043e-01 8.89212370e-01
    3.24676096e-01 3.54576647e-01 5.57853043e-01 7.14405477e-01
    3.06816876e-01 8.01460147e-02 8.77099276e-01 3.65966141e-01
    8.35245848e-01 7.62299418e-01 6.69091463e-01 3.80416334e-01
    5.85416734e-01 7.36458719e-01 3.81049216e-02 8.27327192e-01
    3.84468287e-01 5.93353212e-01 9.29694414e-01 4.89781797e-01
    2.53849924e-01 8.91046762e-01 7.63381362e-01 8.29264045e-01
    7.36608267e-01 2.72497773e-01 7.23921537e-01 9.38052177e-01
    1.48145109e-01 3.29426169e-01 5.34662604e-01 8.11180472e-01
    9.35606182e-01 9.93884325e-01 3.29355836e-01 7.87254095e-01
    3.15101922e-01 1.19954139e-01 2.51968205e-02 6.77358389e-01
    8.52090597e-01 1.21697992e-01 9.36398625e-01 6.85544908e-01
    2.88049221e-01 9.81294870e-01 9.04654026e-01 1.88260883e-01
    3.27001005e-01 7.83777118e-01 9.77628469e-01 3.75580519e-01
    9.88519549e-01 3.37561637e-01 3.79385889e-01 6.42834902e-02
    3.90261918e-01 5.45995057e-01 2.86519378e-01 8.15573812e-01
    8.26709151e-01 2.73304880e-02 3.30590963e-01 7.49026179e-01
    3.14369977e-01 7.37121701e-03 2.54749358e-01 8.70157182e-02
    2.02537298e-01 6.54289484e-01 3.37515205e-01 1.70340776e-01
    7.27501512e-02 6.99893117e-01 6.31209314e-01 7.65227318e-01
    1.88858509e-02 4.90922391e-01 9.94165421e-01 5.70204616e-01
    7.30652153e-01 1.45587683e-01 3.85621578e-01 3.25941503e-01
    2.17507571e-01 6.19155407e-01 7.85664320e-02 1.88791394e-01
    6.36091113e-01 3.14056575e-01 5.07754982e-01 9.15265501e-01
    6.35885954e-01 5.82544208e-01 6.76204324e-01 5.32407641e-01
    3.92315924e-01 5.00698984e-01 5.46211123e-01 9.61614490e-01
    9.34581399e-01 1.90714180e-01 8.34323704e-01 5.02914548e-01
    5.15330672e-01 2.28015721e-01 5.76605856e-01 2.80114591e-01
    3.04875851e-01 9.16755378e-01 5.41266322e-01 3.93528402e-01
    1.69047773e-01 4.58513498e-02 7.35040784e-01 7.86097109e-01
    8.12564731e-01 4.09085900e-01 8.11027169e-01 1.27276748e-01
    3.31518054e-02 7.53104270e-01 4.24925566e-01 3.86357814e-01
    4.98554826e-01 4.44314301e-01 6.45133793e-01 6.57370925e-01
    3.90355110e-01 4.93749052e-01 4.07571703e-01 4.05871272e-01
    9.79603946e-01 9.26270366e-01 5.26826084e-01 4.34840173e-01
    6.53868973e-01 5.90619326e-01 6.87630177e-01 5.24279475e-02
    4.39718038e-01 4.71087396e-02 4.08643663e-01 2.49382854e-02
    7.26499081e-01 2.44938284e-01 4.47821170e-01 7.24577725e-01
    5.96126854e-01 5.78873694e-01 3.28466296e-01 9.75546479e-01
    5.17884433e-01 8.06302845e-01 2.82048583e-02 8.84964466e-01
    7.00472116e-01 9.87247348e-01 1.33606851e-01 6.47476494e-01
    7.65417278e-01 9.42379355e-01 1.43489391e-01 2.95107365e-02
    2.32741684e-01 8.48000705e-01 8.09529424e-01 3.08679819e-01
    1.86070114e-01 4.20883894e-01 3.29797804e-01 6.15438282e-01
    1.67019635e-01 3.91438305e-02 6.66299045e-01 3.33943486e-01
    6.15152895e-01 7.26638913e-01 1.35812163e-03 3.70650351e-01
    3.09527904e-01 1.09902710e-01 6.70462251e-01 5.61132014e-01
    9.32013035e-01 2.28483170e-01 4.29608583e-01 9.69459116e-02
    3.16960216e-02 6.12339020e-01 1.60516113e-01 3.53022516e-02
    4.23732251e-01 6.65813923e-01 5.98140717e-01 8.10073614e-02
    9.95471239e-01 7.66874194e-01 8.53420794e-01 1.26992762e-01
    8.13974380e-01 8.41373861e-01 2.27060109e-01 8.93610358e-01
    9.90077853e-01 4.05168444e-01 9.70409393e-01 6.93014622e-01
    9.38909054e-02 6.60649538e-01 8.25885892e-01 1.68616861e-01
    4.03677344e-01 9.32570100e-01 9.80498731e-01 5.61409295e-02
    1.76222533e-01 9.70761716e-01 1.38777494e-03 3.68227690e-01
    9.17843103e-01 4.20943677e-01 7.20302463e-01 9.38477516e-02
    1.78853154e-01 9.89271402e-01 5.89252353e-01 4.10966754e-01
    4.08462405e-01 2.28710949e-01 4.47118640e-01 4.95272696e-01
    9.23793793e-01 6.11900926e-01 8.87502849e-01 8.40828657e-01
    3.94502997e-01 5.61812103e-01 7.44890451e-01 7.37885654e-01
    1.29520088e-01 3.74500304e-01 2.16304421e-01 6.68485463e-01
    4.23653156e-01 3.74921739e-01 7.08586693e-01 6.46726727e-01
    1.84640467e-01 8.50728512e-01 6.41748846e-01 9.88740563e-01
    6.87272668e-01 5.16553283e-01 3.43093812e-01 4.96442109e-01
    8.31019640e-01 8.85996580e-01 1.32375449e-01 7.60149360e-01
    1.67183459e-01 8.72468233e-01 9.00313854e-01 2.26004422e-02
    8.51273298e-01 2.91178644e-01 5.70837796e-01 7.47514367e-01
    4.74005133e-01 4.36526299e-01 3.37122947e-01 3.80041361e-01
    7.63023615e-01 5.33055067e-02 1.19872838e-01 6.43810332e-01
    8.24245870e-01 2.08791733e-01 5.35036922e-02 5.07547081e-01
    8.96017551e-01 6.70837402e-01 3.54754001e-01 7.32288957e-01
    2.38279700e-01 3.44872475e-03 9.11809921e-01 4.27295774e-01
    1.29781276e-01 4.70618337e-01 2.82041192e-01 6.29603267e-01
    7.67350495e-01 8.03749859e-01 5.50042033e-01 4.77962106e-01
    2.99418479e-01 7.04076648e-01 8.40562582e-01 6.67803645e-01
    9.15390134e-01 1.97290093e-01 2.28617519e-01 1.21556759e-01
    4.48806256e-01 4.70048189e-01 1.87334806e-01 7.45397985e-01
    6.21427298e-02 8.85020912e-01 5.82017899e-01 8.64096642e-01
    4.49619412e-01 5.03578484e-01 7.90703118e-01 3.58063102e-01
    1.05152041e-01 9.80708480e-01 5.19096732e-01 6.05785191e-01
    4.70029145e-01 3.19953799e-01 4.37297076e-01 6.37782574e-01
    8.50511193e-01 2.90525258e-01 7.18136072e-01 5.15275121e-01
    7.28121161e-01 2.27679253e-01 9.93020773e-01 1.56413406e-01
    5.01687229e-01 6.65017843e-01 2.37179995e-01 5.36408424e-01
    4.15717363e-02 6.89976990e-01 3.18258017e-01 2.84622133e-01
    2.36476243e-01 4.52098727e-01 9.67640996e-01 6.84902251e-01
    3.66122425e-02 9.16651666e-01 3.57636988e-01 9.87067819e-03
    1.51377708e-01 6.13686442e-03 6.89046681e-01 4.22654182e-01
    5.04348874e-02 2.53100157e-01 1.45630896e-01 2.53767073e-01
    7.21528888e-01 9.87299562e-01 7.26872623e-01 8.58581781e-01
    5.82542360e-01 3.04579407e-01 5.64360976e-01 5.07004678e-01
    4.58757699e-01 2.59113610e-01 4.90794897e-01 9.02923703e-01
    1.94688767e-01 9.04145479e-01 2.21294165e-01 4.85053360e-01
    6.10026479e-01 1.15519166e-01 7.40861416e-01 1.07630908e-01
    6.89353168e-01 8.57224703e-01 5.25856614e-01 5.87918162e-01
    7.83334553e-01 4.02380556e-01 1.17549777e-01 5.51146686e-01
    1.28286242e-01 8.58793855e-01 5.51250756e-01 6.18928313e-01
    3.04501772e-01 5.20807087e-01 2.77387857e-01 9.77534831e-01
    8.95788670e-01 4.13035214e-01 7.74598122e-03 7.11741805e-01
    9.27764177e-03 7.66115963e-01 4.14473921e-01 7.79313803e-01
    3.92568707e-01 2.57416576e-01 6.81918383e-01 8.45605969e-01
    4.06849384e-02 9.42095697e-01 7.26612091e-01 3.25467110e-01
    6.19987369e-01 2.88999796e-01 6.32878125e-01 1.76684469e-01
    3.77005279e-01 8.66753995e-01 2.82919407e-01 1.02179646e-01
    7.33057082e-01 5.11820257e-01 4.86165017e-01 5.46016037e-01
    3.85052383e-01 7.56377459e-01 2.06201702e-01 5.02928793e-01
    8.11455548e-02 2.49137431e-01 8.62418652e-01 3.69447470e-01
    2.90592223e-01 8.91397297e-01 5.11578619e-01 5.45681655e-01
    2.88609803e-01 9.34435248e-01 5.88402748e-01 5.98920166e-01
    7.84668922e-01 7.89692760e-01 4.74185109e-01 8.17794800e-01
    2.36661762e-01 2.76856899e-01 2.77882338e-01 8.38817358e-01
    8.01726341e-01 8.31098020e-01 6.04208827e-01 5.80028534e-01
    7.45092034e-01 3.65522116e-01 6.88180387e-01 4.73586500e-01
    6.27001524e-01 1.80690289e-01 6.40800893e-02 6.99210405e-01
    8.26728821e-01 2.87679851e-01 9.55829501e-01 9.88876224e-01
    5.68882823e-02 5.65899432e-01 7.71965623e-01 4.23765540e-01
    3.97000968e-01 4.59868371e-01 8.39680314e-01 8.99092436e-01
    6.50554538e-01 8.34185004e-01 9.22819495e-01 4.11415488e-01
    6.81783259e-02 1.93443507e-01 8.88795257e-01 2.50185490e-01
    1.64602816e-01 1.94463640e-01 9.53943014e-01 1.05780631e-01
    4.06840354e-01 4.01241481e-01 9.59652245e-01 1.49316311e-01
    6.01585686e-01 8.25000048e-01 8.11322510e-01 7.46313930e-01
    4.91618186e-01 8.71903002e-02 9.09441292e-01 3.31766486e-01
    9.93369341e-01 1.37405664e-01 2.92340100e-01 2.86335289e-01
    7.81764507e-01 3.67468834e-01 3.54530185e-01 5.59660375e-01
    2.57698029e-01 2.16964841e-01 8.95778537e-01 6.98491633e-02
    2.24057943e-01 3.84837598e-01 6.22964919e-01 6.90244615e-01
    1.11532092e-01 5.40057719e-01 7.11471915e-01 9.79177713e-01
    4.73697603e-01 4.46847051e-01 7.31456041e-01 3.84631634e-01
    1.52643472e-01 6.58688784e-01 2.75548220e-01 5.14086604e-01
    6.33955240e-01 6.79262638e-01 7.66192377e-02 2.13495195e-01
    3.28268051e-01 6.95442438e-01 9.11334515e-01 8.12122345e-01
    8.32747757e-01 4.59814310e-01 9.88022923e-01 6.48547292e-01
    9.12031770e-01 8.19571972e-01 7.98014045e-01 9.34842587e-01
    9.74460721e-01 7.61445820e-01 7.33574569e-01 2.52450228e-01
    5.91089249e-01 7.16077387e-01 1.75826281e-01 2.00455517e-01
    7.35944927e-01 4.92357641e-01 6.52365983e-01 4.01626110e-01
    3.55315000e-01 6.86241508e-01 1.23079777e-01 6.34769797e-01
    7.07506359e-01 6.01113081e-01 4.10005599e-01 3.32303494e-01
    8.50423098e-01 7.87219763e-01 4.72474456e-01 7.03613997e-01
    6.40381694e-01 1.88360512e-02 5.57141662e-01 6.49523437e-01
    4.58160549e-01 6.91230595e-02 5.06277204e-01 1.40933871e-01
    6.38546109e-01 8.94207656e-01 5.44281304e-01 2.13257998e-01
    3.14670503e-01 6.38186216e-01 4.16238010e-01 4.70344394e-01
    6.57579303e-01 2.99391091e-01 4.38748002e-02 6.27689362e-02
    7.25548744e-01 3.78530115e-01 2.69248188e-02 2.96950042e-02
    4.47018147e-02 6.53256238e-01 7.55056143e-02 2.74206221e-01
    4.86812055e-01 9.18094754e-01 5.62046230e-01 1.51768446e-01
    2.91987598e-01 6.91948116e-01 1.58813894e-01 3.10701311e-01
    8.02938938e-01 4.40321177e-01 4.66145575e-02 2.14293957e-01
    4.23040777e-01 5.26922405e-01 6.83466613e-01 1.58750564e-01
    9.78602052e-01 2.41182864e-01 5.80987692e-01 2.75466263e-01
    8.02216768e-01 3.37541699e-01 6.79027319e-01 8.18812966e-01
    6.31659985e-01 5.36502600e-01 6.05722368e-02 9.66496229e-01
    5.96279562e-01 3.90036941e-01 4.46653187e-01 1.03196830e-01
    9.35581625e-02 2.56592900e-01 6.78369701e-01 8.23875427e-01
    3.18209916e-01 4.76794720e-01 4.85743076e-01 8.97524595e-01
    9.70523477e-01 5.06318271e-01 2.17843592e-01 6.07168794e-01
    9.56448674e-01 1.12911612e-01 9.78535712e-01 6.71634674e-01
    5.19931853e-01 8.63313198e-01 5.05009115e-01 1.73980683e-01
    9.43627119e-01 7.22348750e-01 4.59239155e-01 7.07694530e-01
    5.12784660e-01 7.36866713e-01 7.31481671e-01 2.28188157e-01
    4.09538448e-01 4.56930041e-01 7.90952325e-01 4.58342433e-01
    7.49834478e-02 9.10270452e-01 2.94364750e-01 8.91262293e-01
    8.16613734e-02 9.62603390e-02 6.20165825e-01 3.92663598e-01
    6.83202624e-01 8.45079064e-01 6.31310225e-01 8.02403331e-01
    5.32068551e-01 4.95696664e-01 9.84964967e-02 4.97780442e-02
    6.63138986e-01 7.07703233e-01 5.90961099e-01 3.21006477e-01
    7.15850294e-01 1.75607800e-01 1.17703646e-01 9.78371143e-01
    6.13007426e-01 5.98147035e-01 9.08525944e-01 9.30486381e-01
    2.67018020e-01 8.65507364e-01 3.09087336e-01 3.26150477e-01
    3.09539258e-01 2.34828651e-01 2.97082663e-02 8.53890061e-01
    1.60249174e-02 1.22579157e-01 4.70533907e-01 6.33471012e-01
    7.30890214e-01 5.07905662e-01 3.84626240e-01 6.49412394e-01
    7.88834333e-01 4.08199728e-02 4.11467165e-01 7.96213269e-01
    5.04182279e-01 5.77087939e-01 8.14158678e-01 3.86533946e-01
    7.91606069e-01 8.48801851e-01 9.87196565e-01 6.24180675e-01
    4.02983487e-01 6.42869234e-01 4.49989349e-01 6.85211599e-01
    8.82678330e-02 9.34353471e-01 2.85769939e-01 7.81719089e-01
    7.83452630e-01 3.67627859e-01 4.50741649e-01 8.66545856e-01
    9.60811138e-01 8.46456170e-01 2.25634277e-02 9.77132678e-01
    6.60958886e-01 9.62798893e-01 1.15292042e-01 4.92711127e-01
    1.36645824e-01 5.52049756e-01 6.66872799e-01 5.48598766e-01
    4.98911142e-02 7.77952433e-01 7.43602812e-01 1.47372723e-01
    2.47747630e-01 7.65910089e-01 2.31572986e-02 8.18922043e-01
    6.88780487e-01 7.99387693e-01 5.06406188e-01 8.75186324e-02
    8.56405377e-01 8.23299110e-01 1.54838353e-01 2.23124743e-01
    5.06989598e-01 6.32541299e-01 8.36627126e-01 4.10628408e-01
    2.70837307e-01 5.12893498e-02 7.37721562e-01 6.77316666e-01
    5.49333394e-01 9.38633680e-01 8.84103298e-01 6.47031844e-01
    9.96745527e-01 7.70813346e-01 1.71973556e-01 1.07485592e-01
    9.92260575e-01 5.17426312e-01 9.41343904e-02 1.98927611e-01
    8.85470629e-01 9.23745215e-01 5.87247133e-01 5.09330273e-01
    2.80576468e-01 1.72782689e-01 1.42723143e-01 1.52125359e-02
    9.13041592e-01 8.89162064e-01 4.27324176e-02 4.02627647e-01
    3.92188311e-01 5.55444479e-01 4.04267251e-01 5.82824111e-01
    5.67914248e-01 6.52025938e-01 9.98744071e-02 2.10514158e-01
    9.69819844e-01 7.74641991e-01 8.02591980e-01 1.88695878e-01
    7.03314662e-01 6.82412803e-01 6.73999369e-01 7.99045324e-01
    3.39995384e-01 4.30575043e-01 2.74235606e-02 1.27365619e-01
    9.36807156e-01 9.88794208e-01 1.45633459e-01 3.73269081e-01
    1.25036567e-01 8.34913731e-01 3.26700598e-01 4.81817991e-01
    4.70411748e-01 9.09797072e-01 2.61746168e-01 1.10031277e-01
    3.43310297e-01 7.66861320e-01 6.75099492e-01 3.82710218e-01
    7.90164649e-01 4.44799960e-02 9.60433602e-01 5.68682909e-01
    2.22024530e-01 7.33628392e-01 8.31456065e-01 7.80073643e-01
    7.21945345e-01 5.10227561e-01 9.92864370e-02 5.83457947e-02
    9.64863002e-01 4.54967380e-01 4.06449497e-01 3.74451846e-01
    9.08797145e-01 4.43302989e-01 4.75917906e-01 4.26172793e-01
    1.59966201e-01 4.80970770e-01 9.74204302e-01 8.23929667e-01
    1.94143206e-01 7.71165609e-01 7.98924088e-01 4.36981827e-01
    6.71664000e-01 2.14772195e-01 3.51825982e-01 4.88767147e-01
    8.06325972e-01 3.43241334e-01 2.03383297e-01 5.26773274e-01
    4.74971771e-01 5.44696867e-01 8.15981925e-02 6.01753712e-01
    9.13153172e-01 6.43330574e-01 5.28946817e-01 7.91079402e-01
    5.69373190e-01 3.86543870e-01 9.60821271e-01 2.15957761e-02
    3.14928532e-01 1.82812601e-01 5.33647776e-01 5.52508712e-01
    7.04279423e-01 8.61374736e-01 8.30798745e-01 6.16541266e-01
    5.48457980e-01 5.78105807e-01 3.86794031e-01 7.43373394e-01
    8.85955393e-01 9.50348258e-01 9.07862127e-01 1.52427077e-01
    8.12953472e-01 2.77846873e-01 3.96450222e-01 3.25346470e-01
    4.79815096e-01 6.84613168e-01 1.63997918e-01 5.53806365e-01
    4.43902910e-02 6.91414714e-01 4.65265840e-01 6.28160179e-01
    2.97768414e-02 8.30943167e-01 5.46983421e-01 4.69789505e-01
    6.16420150e-01 1.56606078e-01 8.83605599e-01 7.78891563e-01
    9.37716007e-01 7.65332103e-01 4.89184767e-01 5.96595705e-01
    8.01296830e-01 1.75799936e-01 4.15736675e-01 8.72167587e-01
    6.50524735e-01 4.89449292e-01 9.32145715e-01 8.13486218e-01
    1.91713542e-01 7.91884542e-01 1.62780374e-01 6.20541513e-01
    2.64020562e-01 6.06723309e-01 9.17853296e-01 8.09633851e-01
    5.78509867e-02 3.40765744e-01 1.83703572e-01 8.78200173e-01
    7.30780602e-01 7.90028155e-01 3.64633799e-01 6.43326521e-01
    3.73883456e-01 9.76875782e-01 1.57346487e-01 1.16502643e-02
    4.22743022e-01 2.38110095e-01 9.01083112e-01 5.16628027e-01
    8.62689018e-01 5.18694937e-01 6.29192889e-01 2.64924943e-01
    4.35751557e-01 9.80342805e-01 6.28464282e-01 7.16941297e-01
    6.35055542e-01 6.20008409e-02 9.61389542e-01 7.01731980e-01
    5.68400145e-01 4.24046010e-01 1.82301521e-01 4.29547369e-01
    1.86489463e-01 8.36043596e-01 7.49111414e-01 1.82445675e-01
    4.56248373e-01 8.97106647e-01 7.96464801e-01 1.98511869e-01
    6.41689003e-01 9.43921328e-01 5.64650416e-01 7.99529195e-01
    8.94057751e-01 5.47269046e-01 5.08232534e-01 3.46080840e-01
    2.22097635e-02 2.96892732e-01 3.34127486e-01 7.92489171e-01
    4.19515967e-02 1.76041424e-02 6.90040410e-01 8.65827918e-01
    4.86882269e-01 8.66954923e-01 2.46838868e-01 9.60240602e-01
    8.32993984e-01 8.54574323e-01 8.16139579e-01 1.02817357e-01
    1.22693181e-02 7.54117072e-01 1.32219613e-01 3.60595644e-01
    8.02602649e-01 6.52231634e-01 5.40316641e-01 1.74743235e-02
    8.89697254e-01 3.62050176e-01 1.44626766e-01 2.96338379e-01
    6.92362249e-01 6.45472467e-01 6.67526066e-01 6.60831034e-01
    5.83537579e-01 8.27846885e-01 1.10855281e-01 4.54884201e-01
    9.85007644e-01 5.31860948e-01 8.67658615e-01 5.45636594e-01
    4.43884432e-01 4.17347908e-01 6.62792087e-01 2.74448484e-01
    6.88961148e-01 6.40923619e-01 8.29960346e-01 5.22321165e-02
    9.99010503e-02 3.37918609e-01 1.20323867e-01 9.38924193e-01
    2.08097100e-02 7.57601738e-01 7.47839212e-01 9.21817839e-01
    3.54507416e-01 6.94489598e-01 3.63735825e-01 9.84182596e-01
    9.45452809e-01 3.46636832e-01 7.70867825e-01 8.51823211e-01
    4.81437594e-01 9.47102666e-01 8.07509899e-01 6.60976529e-01
    6.64088011e-01 6.10083044e-02 6.28716111e-01 1.67740613e-01
    5.00717759e-02 1.71157449e-01 4.75922048e-01 7.94772863e-01
    4.85488474e-01 4.40129280e-01 9.08367395e-01 6.65522695e-01
    6.94862008e-01 8.84193659e-01 2.13654935e-02 7.09015131e-01
    6.05184853e-01 9.91627991e-01 2.25774407e-01 1.96855128e-01
    4.51332986e-01 7.67858267e-01 4.01539207e-02 8.02644849e-01
    5.28685629e-01 1.53254837e-01 4.23956245e-01 8.55698347e-01
    2.67412394e-01 9.48775887e-01 3.06678355e-01 4.17232335e-01
    4.52658743e-01 6.36514008e-01 2.07372725e-01 8.66814494e-01
    5.24973691e-01 9.73989069e-02 6.79653704e-01 8.17945719e-01
    9.51730371e-01 9.70753193e-01 9.21941817e-01 9.23446953e-01
    8.50961208e-01 9.80358601e-01 1.34280026e-01 9.10255313e-01
    2.82514453e-01 1.30206525e-01 1.72016084e-01 3.01104784e-03
    5.64490914e-01 1.11186981e-01 3.91681731e-01 3.03516775e-01
    2.90590763e-01 9.44173932e-01 2.99482405e-01 9.85041618e-01
    9.35948014e-01 5.37015796e-01 2.95637637e-01 8.34542274e-01
    9.37468529e-01 3.14578801e-01 3.10044646e-01 7.26681054e-01
    1.59883738e-01 5.75637341e-01 7.57148147e-01 7.42198706e-01
    9.06005502e-01 4.58242953e-01 7.21884429e-01 3.59182566e-01
    3.40241015e-01 8.05385888e-01 3.97645742e-01 1.43236190e-01
    7.06327558e-01 6.36060596e-01 2.88446963e-01 4.74461317e-01
    6.40957296e-01 4.31252837e-01 3.23873401e-01 8.39033008e-01
    1.71627402e-01 5.40909171e-01 6.88229203e-01 4.90691721e-01
    3.21839541e-01 8.15852940e-01 8.21646690e-01 2.19950169e-01
    8.01284313e-01 2.06525862e-01 8.61864686e-02 7.13740230e-01
    5.78612089e-02 6.52797818e-01 5.49163520e-01 3.03940713e-01
    5.92855334e-01 7.58069217e-01 6.02757692e-01 1.64619774e-01
    7.68660188e-01 3.07208300e-01 1.51899189e-01 9.23429966e-01
    4.44638193e-01 3.00934136e-01 3.49553704e-01 2.21714526e-01
    4.55160856e-01 7.77472556e-02 2.82890171e-01 1.29760474e-01
    9.88171399e-02 8.07637930e-01 6.31277680e-01 2.05716193e-01
    3.94902110e-01 3.63027930e-01 9.52053428e-01 3.93775076e-01
    8.84867787e-01 3.17917734e-01 6.84879661e-01 3.83253336e-01
    1.88079864e-01 3.90865654e-01 3.55252504e-01 3.95778477e-01
    2.56500751e-01 5.98787189e-01 8.42823148e-01 3.24501216e-01
    3.83047491e-01 6.72962785e-01 9.57872868e-01 6.92037046e-01
    5.64254522e-01 8.72238994e-01 7.28122473e-01 1.98164552e-01
    2.65803099e-01 9.20509100e-01 1.61589772e-01 4.42395538e-01
    8.46600533e-01 8.23395133e-01 6.92171454e-02 1.58464670e-01
    5.93651831e-01 1.47510588e-01 7.52058744e-01 2.64823496e-01
    4.91966516e-01 1.53758228e-02 8.99292231e-01 3.07583511e-01
    3.47517192e-01 6.56856298e-02 1.72466338e-02 7.91115999e-01
    2.28423923e-01 1.42691314e-01 6.38140798e-01 9.40547466e-01
    6.45180225e-01 6.00221932e-01 8.65298867e-01 3.51936996e-01
    4.97826546e-01 4.74951565e-01 9.13472474e-02 8.56165886e-02
    6.15029395e-01 9.64485288e-01 6.75185323e-01 3.35476875e-01
    7.21109152e-01 6.08717382e-01 9.52288866e-01 6.41357899e-01
    3.81366551e-01 6.96532488e-01 4.70616817e-01 4.27522451e-01
    9.19675946e-01 4.53619182e-01 8.87291431e-02 2.92007923e-01
    7.00049937e-01 2.31927723e-01 8.09136391e-01 3.64026427e-02
    6.66035175e-01 1.54485136e-01 1.59273535e-01 9.51612771e-01
    1.70822710e-01 9.19799566e-01 4.32561427e-01 3.05096805e-02
    4.89225984e-03 8.15061629e-01 2.19918311e-01 8.43052745e-01
    5.74678600e-01 8.47833395e-01 7.19627380e-01 3.72886539e-01
    6.41820371e-01 2.56984293e-01 4.70764995e-01 2.43735075e-01
    3.15858305e-01 2.74620265e-01 1.12794042e-02 6.34870172e-01
    4.78345364e-01 9.95749831e-01 1.56967133e-01 1.78428471e-01
    9.26328897e-01 8.91310930e-01 1.36487871e-01 9.05881822e-01
    9.37152445e-01 9.38942611e-01 3.86073887e-01 6.82831466e-01
    6.67450368e-01 3.91501337e-01 6.46865964e-01 8.61070514e-01
    4.83233482e-01 8.98688495e-01 1.93862140e-01 8.00780058e-02
    6.74257755e-01 9.77748632e-03 5.70308089e-01 1.31767333e-01
    2.94636250e-01 7.05078006e-01 8.70566249e-01 7.68736959e-01
    8.16124737e-01 6.11113608e-02 3.72169614e-02 1.46340609e-01
    6.71765506e-01 1.78894997e-01 6.42255247e-01 6.26986802e-01
    7.26907969e-01 4.29773599e-01 4.09740031e-01 7.50246406e-01
    2.66469836e-01 3.44049275e-01 8.14445734e-01 8.02423477e-01
    6.46406054e-01 1.90532625e-01 8.35340619e-01 2.57131040e-01
    8.99793744e-01 8.92206490e-01 7.09819317e-01 9.83108222e-01
    5.93881488e-01 7.61143684e-01 4.67594266e-01 4.10724401e-01
    5.29363871e-01 2.39830017e-01 4.27892804e-02 3.50154817e-01
    9.75286722e-01 8.38531494e-01 6.63769245e-01 6.14529133e-01
    7.41377950e-01 9.12874937e-01 5.65736055e-01 4.63244289e-01
    9.48234558e-01 5.04011393e-01 4.15772855e-01 9.36459303e-02
    9.45368528e-01 2.47846901e-01 1.46563947e-02 2.82603204e-01
    8.24392319e-01 4.93130833e-01 4.57108587e-01 5.74025154e-01
    4.01620477e-01 3.14405560e-03 3.47239166e-01 7.27588058e-01
    6.05042219e-01 5.52855670e-01 2.91328132e-01 3.35945636e-01
    3.33968997e-01 2.67988443e-02 7.64235735e-01 3.37794930e-01
    3.47629339e-01 2.68557400e-01 4.62968022e-01 4.94226187e-01
    8.87514889e-01 8.33768964e-01 6.88911319e-01 6.09513640e-01
    4.18738723e-02 8.41494739e-01 3.49335015e-01 7.97424197e-01
    9.19234753e-02 4.22830045e-01 8.18535209e-01 9.96317148e-01
    8.83420289e-01 7.88666248e-01 1.05239153e-01 2.12364227e-01
    5.24561703e-02 6.72702193e-01 4.37484443e-01 5.40042937e-01
    5.60956359e-01 8.43166232e-01 7.40256667e-01 1.54339373e-01
    7.73868203e-01 5.90455234e-02 4.06463921e-01 1.84134394e-01
    8.11633170e-01 7.63738096e-01 3.01245153e-01 2.64329612e-02
    2.36048490e-01 9.61192846e-01 7.41834402e-01 2.81397760e-01
    9.97664213e-01 3.86198163e-01 6.01117313e-01 7.08662927e-01
    4.59304452e-01 7.02733397e-01 2.70913750e-01 4.04060811e-01
    8.17957878e-01 7.00903535e-02 2.01882124e-02 8.34600687e-01
    5.31867743e-01 4.29600179e-02 4.14585352e-01 8.24795127e-01
    6.67607188e-01 3.10274810e-01 6.81455970e-01 5.50905645e-01
    4.50145334e-01 3.24712694e-02 7.33666360e-01 1.01464808e-01
    8.87392998e-01 7.22599030e-03 3.39890659e-01 2.54743814e-01
    1.68888479e-01 2.16612428e-01 8.16348791e-01 3.51870060e-02
    4.38637078e-01 8.03173423e-01 4.62626338e-01 2.22839862e-01
    2.56389916e-01 4.96179253e-01 1.10532820e-01 6.50959074e-01
    5.94025493e-01 9.51472163e-01 6.10085964e-01 8.28983665e-01
    4.63857025e-01 3.10017347e-01 8.64711881e-01 3.85604382e-01
    8.61801028e-01 9.66529489e-01 1.69415504e-01 7.13810921e-01
    2.51633763e-01 6.06552422e-01 9.58498955e-01 7.40076184e-01
    7.61939943e-01 6.66264832e-01 5.12585282e-01 6.77426159e-02
    2.99914807e-01 2.63579130e-01 1.72835588e-02 6.75785542e-01
    1.94648176e-01 2.74879813e-01 9.36815381e-01 2.10478157e-01
    7.79380202e-02 4.15130794e-01 8.74123812e-01 8.02664340e-01
    9.69778180e-01 6.34378850e-01 7.93090463e-01 1.72677040e-01
    6.09168172e-01 6.91426933e-01 4.37512338e-01 2.54292369e-01
    8.13359618e-01 8.32083285e-01 5.55863321e-01 5.39626479e-01
    7.53371477e-01 5.07838309e-01 3.98831904e-01 5.31979144e-01
    4.55970585e-01 1.23316050e-03 9.58832800e-02 2.84673452e-01
    3.59457642e-01 2.20180362e-01 2.98639536e-01 7.81350553e-01
    2.50774324e-01 6.97634161e-01 5.22405326e-01 9.98075604e-01
    8.00695539e-01 1.13221228e-01 7.08667994e-01 5.49416363e-01
    6.95714116e-01 4.07061517e-01 6.80586457e-01 9.83224511e-02
    5.26063383e-01 6.43546939e-01 9.92560446e-01 5.21184623e-01
    8.22227478e-01 7.12784111e-01 6.08575523e-01 1.90154582e-01
    9.69145894e-01 1.76394880e-01 8.98062050e-01 1.72441304e-01
    4.03704703e-01 2.86133766e-01 6.45849824e-01 6.49996161e-01
    4.50583011e-01 9.88331854e-01 4.59992051e-01 2.54642248e-01
    9.46132243e-02 4.11039978e-01 2.63585031e-01 5.78037441e-01
    1.68885082e-01 2.94833750e-01 6.35704637e-01 5.54614246e-01
    2.97929287e-01 1.29404753e-01 8.61872494e-01 7.82814264e-01
    3.53236258e-01 4.37679321e-01 1.97311670e-01 5.20169914e-01
    7.60212302e-01 1.11605316e-01 3.68651927e-01 4.73532975e-01
    3.94520104e-01 9.35153723e-01 8.69129539e-01 1.16085052e-01
    2.67138660e-01 8.62822890e-01 1.91545695e-01 3.71495008e-01
    5.17246783e-01 7.97525406e-01 8.69679749e-01 4.74656701e-01
    3.09913218e-01 3.34243178e-02 2.53328264e-01 1.95862144e-01
    8.67847800e-01 3.90520573e-01 4.92381752e-02 4.47371155e-01
    2.68723369e-01 3.80446821e-01 5.13334572e-01 5.51069498e-01
    1.94761634e-01 1.67165637e-01 3.81833375e-01 2.04246491e-01
    1.52552724e-02 3.53380799e-01 5.87645531e-01 9.46496248e-01
    8.36137891e-01 1.21236444e-02 9.23681378e-01 5.52089632e-01
    7.76972592e-01 5.49058795e-01 2.63301849e-01 8.55489910e-01
    2.90837884e-02 6.02689028e-01 3.99153650e-01 4.66106564e-01
    2.36756444e-01 5.58467627e-01 5.06216645e-01 2.58122355e-01
    4.71217364e-01 9.86484051e-01 3.85593653e-01 1.59796774e-02
    4.63749617e-01 8.81906807e-01 5.40499568e-01 6.82254434e-01
    9.32547569e-01 9.93080199e-01 1.59668684e-01 4.92886305e-02
    5.17618179e-01 4.04472381e-01 2.84958094e-01 4.89894032e-01
    2.32850641e-01 3.99509490e-01 9.16775227e-01 9.97310877e-01
    5.04258811e-01 1.18827939e-01 3.19781363e-01 1.66569084e-01
    6.82541847e-01 4.01292145e-01 5.98374128e-01 3.20405394e-01
    2.66232908e-01 3.94656658e-01 1.78137660e-01 2.43604511e-01
    8.34443092e-01 2.35073119e-01 3.93313199e-01 9.54962254e-01
    5.84456563e-01 8.98418784e-01 6.34614348e-01 1.92810148e-01
    6.58917069e-01 6.34745657e-02 4.40608084e-01 4.49260861e-01
    5.33724189e-01 6.32795453e-01 2.27504343e-01 6.98152661e-01
    4.14105028e-01 9.22211647e-01 8.38431239e-01 8.06301951e-01
    5.05174577e-01 5.00364780e-01 4.54402298e-01 6.28652096e-01
    1.37631029e-01 4.05589670e-01 6.34294391e-01 5.10213494e-01
    4.90005076e-01 2.85094738e-01 2.99405515e-01 3.59473944e-01
    9.54424500e-01 5.14233828e-01 7.22454429e-01 4.99360323e-01
    8.43180060e-01 3.11249584e-01 1.52378052e-01 3.67343783e-01
    2.07083076e-01 9.47506785e-01 1.18766129e-01 4.68449146e-01
    5.76834500e-01 2.05453873e-01 3.29823613e-01 6.52436554e-01
    1.59533322e-02 1.31038427e-01 2.20564634e-01 8.11649084e-01
    3.36889356e-01 1.97577447e-01 2.52049565e-01 8.51102173e-01
    8.24189663e-01 3.54472995e-02 7.06177056e-01 9.95217800e-01
    9.16182458e-01 2.04562843e-02 6.52750194e-01 2.50560760e-01
    1.62072092e-01 1.09293431e-01 8.11667800e-01 3.06050897e-01
    4.11683202e-01 9.81468976e-01 7.63174891e-01 1.48772687e-01
    8.59422684e-01 8.94358218e-01 3.30412596e-01 4.21960592e-01
    3.57291937e-01 5.98585188e-01 1.86435282e-02 6.01156175e-01
    4.58901733e-01 8.68175745e-01 7.54803181e-01 2.35156327e-01
    3.96576881e-01 9.00747180e-01 7.16468275e-01 2.08909482e-01
    9.39362347e-02 8.88457537e-01 6.78862989e-01 4.03325856e-01
    5.92845678e-02 9.46396112e-01 6.21982694e-01 1.94154710e-01
    1.49777383e-01 2.68050879e-01 8.81174922e-01 2.82560557e-01
    3.20952326e-01 1.35234386e-01 9.92256999e-02 9.90235984e-01
    6.84232593e-01 4.00428414e-01 7.10534275e-01 2.51907408e-01
    3.88057441e-01 9.99033689e-01 7.75638223e-03 4.27163422e-01
    7.80724049e-01 1.93283111e-01 2.74131298e-01 8.97031128e-02
    8.35027695e-01 8.32042694e-02 7.82806039e-01 1.28506333e-01
    1.20509624e-01 7.91742504e-01 6.29142702e-01 3.52489412e-01
    7.99103141e-01 9.94395018e-01 6.42046869e-01 7.88158119e-01
    4.35854077e-01 7.91564107e-01 7.59754241e-01 5.58227420e-01
    1.95645750e-01 4.15380895e-01 3.92946988e-01 1.17442787e-01
    4.24195290e-01 8.40687513e-01 8.32652330e-01 3.43840986e-01
    8.34715366e-01 5.43841362e-01 3.74671638e-01 3.88169110e-01
    6.41923010e-01 5.58710933e-01 3.46701235e-01 8.74441326e-01
    1.49249554e-01 5.19826114e-02 2.59812772e-02 3.69091630e-02
    4.18327838e-01 4.73164916e-01 4.82025653e-01 5.54954708e-02
    3.47715408e-01 5.11853695e-02 8.95690918e-01 4.10307437e-01
    7.32439518e-01 2.55099356e-01 4.20989007e-01 9.56578255e-01
    7.11426616e-01 8.09634209e-01 4.40164119e-01 4.31656718e-01
    1.41338199e-01 1.01621419e-01 4.40140992e-01 9.18623447e-01
    7.69499302e-01 3.66850376e-01 5.55565357e-01 3.09920609e-01
    9.07829106e-02 3.59501272e-01 9.14935231e-01 4.82721478e-01
    1.15111113e-01 2.40600228e-01 1.00894570e-02 9.31811213e-01
    1.82581127e-01 2.24852711e-01 8.77077818e-01 8.83310437e-01
    7.28757918e-01 3.85029435e-01 3.33128333e-01 5.51125526e-01
    7.10118651e-01 1.82390511e-01 4.40401316e-01 2.29271770e-01
    9.18668389e-01 1.36693388e-01 7.05284774e-01 8.11783552e-01
    6.72272682e-01 4.78189230e-01 9.63644385e-02 1.42595500e-01
    2.72449940e-01 2.09527314e-02 9.66213524e-01 1.06939733e-01
    9.82853472e-01 1.07691258e-01 1.38852745e-01 4.24125612e-01
    8.37206244e-01 9.14770901e-01 7.82925367e-01 3.30415368e-02
    2.59145021e-01 2.05065548e-01 9.07018542e-01 8.67319226e-01
    1.37604475e-01 9.36676264e-01 1.04799837e-01 5.94132900e-01
    3.93353760e-01 7.68713117e-01 2.25203574e-01 9.25567448e-02
    3.03302824e-01 4.64760423e-01 1.08114272e-01 9.48791623e-01
    9.71485853e-01 8.74348104e-01 3.48865092e-01 5.62318981e-01
    3.49530578e-03 4.26489502e-01 5.33202171e-01 9.65956688e-01
    5.50075173e-01 2.98943251e-01 2.25266546e-01 2.61942327e-01
    4.36640710e-01 7.81073272e-02 1.07097059e-01 7.04564750e-01
    7.74322152e-01 3.54034305e-01 3.98353279e-01 1.74852252e-01
    7.15696156e-01 4.23941284e-01 5.24805963e-01 2.42008775e-01
    5.62336504e-01 9.35993791e-01 6.85408711e-01 5.99821687e-01
    3.57424587e-01 5.13084412e-01 4.83451068e-01 2.31857687e-01
    9.06191707e-01 2.02715158e-01 4.23008680e-01 7.55793035e-01
    5.03527522e-02 6.77331686e-01 4.33984578e-01 1.91604376e-01
    4.50854987e-01 6.09547913e-01 8.83589387e-02 3.87740910e-01
    8.72363865e-01 7.40261018e-01 8.35859776e-01 2.74046481e-01
    1.56303018e-01 1.80190414e-01 8.86890173e-01 1.05708420e-01
    8.21975589e-01 1.78239822e-01 6.57215297e-01 1.44028962e-02
    4.04341966e-01 2.79577911e-01 8.86413455e-01 1.36122435e-01
    5.31589389e-01 2.92704046e-01 6.93248093e-01 5.15336871e-01
    1.93116874e-01 2.95784026e-01 7.69600630e-01 8.46735716e-01
    3.44693482e-01 5.21896601e-01 6.19314015e-01 1.93326205e-01
    4.08544898e-01 1.88794672e-01 7.87665248e-01 4.61349726e-01
    7.94659972e-01 9.05234814e-01 7.00350881e-01 7.44467497e-01
    9.55566287e-01 9.77349877e-01 3.57018948e-01 9.55664575e-01
    8.99552226e-01 2.13030159e-01 9.48273003e-01 1.79224998e-01
    4.41505939e-01 7.22307384e-01 3.46456647e-01 8.63638163e-01
    1.57263726e-01 7.99518347e-01 5.90992749e-01 9.82465744e-01
    3.31407845e-01 5.87826729e-01 5.25158167e-01 3.75541717e-01
    2.58075893e-02 4.11103368e-02 6.96775019e-01 5.84038377e-01
    4.23996150e-01 3.77404273e-01 1.21981472e-01 1.45203918e-01
    8.33738685e-01 6.41334295e-01 9.73913193e-01 5.21811843e-03
    5.08045197e-01 8.38964283e-02 6.57931745e-01 2.86691576e-01
    7.71011114e-01 6.74641848e-01 4.88451511e-01 9.56882715e-01
    2.42856741e-01 5.34047723e-01 7.06946790e-01 1.71051234e-01
    3.64044368e-01 2.20060050e-02 6.95038676e-01 5.54292679e-01
    1.31662130e-01 4.68320101e-01 7.07620680e-01 5.27725816e-01
    2.73350060e-01 8.66770744e-02 7.85402358e-01 1.58911824e-01
    3.35412562e-01 1.14609092e-01 4.01326746e-01 3.59031498e-01
    4.15374011e-01 5.58667243e-01 6.64191008e-01 4.28834647e-01
    1.91283882e-01 6.78945959e-01 5.45459270e-01 2.72718668e-01
    7.08323836e-01 3.10056210e-02 1.07366890e-01 4.76390690e-01
    3.45263720e-01 7.55879998e-01 5.30764341e-01 8.49247694e-01
    7.85778821e-01 1.56217813e-02 8.65534425e-01 2.30353743e-01
    2.22337872e-01 4.28913206e-01 2.58238494e-01 3.48925591e-02
    4.86632675e-01 4.89935428e-01 9.05542254e-01 9.16666746e-01
    6.92895889e-01 9.29139495e-01 2.91890979e-01 4.10570920e-01
    5.34598947e-01 5.99178016e-01 1.14508331e-01 1.10524327e-01
    4.50044751e-01 8.33278954e-01 6.43696547e-01 1.43666893e-01
    8.64531994e-01 3.47515523e-01 1.29742295e-01 7.32819200e-01
    1.03530318e-01 6.27992034e-01 8.84561658e-01 9.15372372e-02
    4.51774895e-01 4.97793764e-01 3.57416213e-01 1.40455902e-01
    9.49969351e-01 7.02587485e-01 9.77831125e-01 2.85964012e-02
    9.92947936e-01 5.79133511e-01 3.28817308e-01 2.31653452e-03
    5.91191709e-01 9.86659765e-01 3.51862371e-01 3.53824794e-02
    9.17186856e-01 5.73824167e-01 9.27159548e-01 5.07872045e-01
    5.63025355e-01 9.48768020e-01 1.49742693e-01 1.96550012e-01
    5.55339038e-01 8.98540378e-01 4.18349475e-01 7.03445911e-01
    1.32582963e-01 9.84545648e-01 2.13588238e-01 4.76454109e-01
    8.99284542e-01 2.06666917e-01 6.53178871e-01 1.73094958e-01
    8.28258812e-01 1.55696839e-01 6.94909275e-01 4.27050591e-02
    4.81026471e-02 7.13997304e-01 2.38314271e-03 1.19502425e-01
    1.56863600e-01 9.34726477e-01 7.73318291e-01 2.97929555e-01
    6.06454313e-01 2.06027389e-01 7.22682536e-01 7.25462794e-01
    2.18367785e-01 6.83712125e-01 9.56375003e-01 1.47398800e-01
    9.93228734e-01 7.63650596e-01 7.50321031e-01 4.90617275e-01
    5.77690244e-01 6.33201063e-01 7.95971155e-01 7.02227414e-01
    6.79495275e-01 8.77449751e-01 9.61225331e-01 5.85070908e-01
    5.15304387e-01 9.94766355e-01 7.42587745e-02 5.64746678e-01
    7.45370984e-01 2.59736687e-01 1.98758662e-01 2.80846655e-02
    2.73617089e-01 8.10513616e-01 6.32189691e-01 5.50222695e-02
    7.27222919e-01 9.15607393e-01 4.12953764e-01 8.86757851e-01
    1.63873494e-01 2.68806815e-01 7.80766189e-01 5.51342785e-01
    1.77106440e-01 6.52151704e-02 4.46768552e-01 3.30451548e-01
    5.54172575e-01 3.37297916e-01 3.07552546e-01 3.52790594e-01
    1.49285316e-01 9.87977445e-01 3.62931609e-01 9.12350893e-01
    9.22776818e-01 5.06222129e-01 9.70436215e-01 8.14891815e-01
    1.27357572e-01 6.11108840e-02 2.96951652e-01 2.52494276e-01
    1.45087183e-01 1.16153508e-01 1.51973367e-01 8.21975648e-01
    9.54565525e-01 6.74948454e-01 7.97296166e-01 1.20903909e-01
    4.68261808e-01 2.97268987e-01 1.36414260e-01 3.55331331e-01
    4.24903542e-01 9.65505302e-01 1.20667785e-01 9.27336097e-01
    1.87707543e-02 2.80670077e-01 7.12092042e-01 4.73005474e-02
    1.06407702e-02 8.16421390e-01 3.54396820e-01 6.97539449e-02
    4.22014624e-01 4.36629593e-01 3.86113197e-01 7.03184605e-01
    2.38425553e-01 8.65245759e-01 2.96227098e-01 8.30720961e-02
    2.27259964e-01 7.42279291e-02 7.74425209e-01 8.82722974e-01
    2.65618086e-01 2.28498220e-01 8.79688740e-01 3.44187319e-01
    7.72015750e-01 4.47215378e-01 7.94136405e-01 6.26677752e-01
    6.21820211e-01 9.60129499e-02 6.41919613e-01 4.97033209e-01
    7.21518099e-02 2.21592158e-01 1.26376897e-01 4.60908592e-01
    1.12231731e-01 4.63832736e-01 6.84996307e-01 9.06639457e-01
    6.86262727e-01 7.56182373e-02 4.57289010e-01 1.23630434e-01
    2.14726269e-01 7.37933993e-01 8.49668741e-01 4.91890311e-03
    2.59219140e-01 7.25664794e-02 2.15335846e-01 8.55560482e-01
    9.33535099e-01 9.00169611e-01 6.37541056e-01 3.64098191e-01
    5.44842720e-01 1.08413398e-02 4.59324926e-01 2.30431467e-01
    5.85509896e-01 8.11560988e-01 1.78206682e-01 1.93405688e-01
    3.12764049e-01 7.94399023e-01 6.57094121e-01 4.75940555e-01
    8.74790788e-01 8.94314706e-01 9.56415772e-01 2.30231583e-01
    9.65887964e-01 1.62765324e-01 5.11284053e-01 2.04319060e-01
    8.63603055e-02 1.84594810e-01 9.75038171e-01 2.54788935e-01
    2.51376301e-01 1.14968598e-01 7.80807197e-01 5.72015345e-01
    1.50960743e-01 5.82799256e-01 8.55021179e-01 4.45997149e-01
    7.75232553e-01 4.13222849e-01 7.16003239e-01 4.67292994e-01
    8.78600121e-01 5.25953472e-01 2.08978653e-01 5.57581902e-01
    3.40692341e-01 3.47773433e-01 3.11950326e-01 4.87676620e-01
    8.28123629e-01 6.18808031e-01 9.03497100e-01 5.86102545e-01
    3.98419380e-01 7.51537919e-01 5.46938241e-01 2.22364217e-01
    4.50518638e-01 6.46814525e-01 4.45190847e-01 3.71031940e-01
    6.63315535e-01 6.35782361e-01 5.13596833e-01 4.10602152e-01
    7.97421098e-01 8.80197287e-01 4.87728775e-01 4.89085406e-01
    7.52284944e-01 2.89855182e-01 5.02096593e-01 6.21210456e-01
    7.06526756e-01 7.50110507e-01 5.04145682e-01 1.98100686e-01
    3.46211433e-01 9.82355893e-01 1.83381319e-01 4.60050255e-01
    8.36358249e-01 4.81058776e-01 9.75915670e-01 8.75438869e-01
    7.36688972e-01 3.61083269e-01 1.37846977e-01 2.49198824e-01
    3.13911676e-01 8.68456244e-01 5.98289371e-02 8.33494842e-01
    5.76345384e-01 3.76642764e-01 4.74325299e-01 6.62334561e-01
    2.29455471e-01 1.93156630e-01 5.04850924e-01 4.60917652e-02
    2.60498375e-01 1.79993540e-01 8.47234607e-01 3.24034780e-01
    6.34199262e-01 3.76736999e-01 4.77067798e-01 7.31335044e-01
    5.33593535e-01 9.15315151e-01 7.30842948e-01 7.93870091e-01
    4.23702061e-01 6.55716300e-01 6.01870477e-01 7.07039595e-01
    1.20478094e-01 8.24638784e-01 9.11908746e-01 5.44011354e-01
    5.58325291e-01 8.25667977e-01 3.65382642e-01 9.15785670e-01
    8.91455054e-01 1.95794344e-01 1.38829231e-01 5.27241468e-01
    1.68352902e-01 4.73684996e-01 7.16085076e-01 5.75719774e-01
    2.82603770e-01 9.91921782e-01 8.71979833e-01 4.92541105e-01
    3.36326301e-01 3.44733298e-01 2.73643792e-01 1.05163664e-01
    7.57187128e-01 6.72526479e-01 5.15880346e-01 4.10477281e-01
    8.24969053e-01 5.04444838e-02 2.33750552e-01 4.36281502e-01
    8.59440684e-01 3.46875697e-01 4.80505377e-01 8.23591590e-01
    8.47788334e-01 2.87123442e-01 5.81888676e-01 2.99048752e-01
    9.22798514e-02 4.00590062e-01 5.49659550e-01 3.22399646e-01
    8.58496547e-01 2.97580928e-01 4.47606057e-01 7.74959207e-01
    8.08227658e-01 9.73355234e-01 2.50127792e-01 8.18058252e-02
    7.27541327e-01 2.53632814e-01 8.26172829e-01 3.48553061e-01
    2.10752875e-01 3.24434817e-01 4.55664515e-01 1.97058648e-01
    7.26406395e-01 4.19078112e-01 5.33511817e-01 8.41941953e-01
    9.72878575e-01 5.16346157e-01 5.83798289e-01 6.84247851e-01
    3.63555193e-01 5.46835482e-01 7.66528606e-01 1.64831549e-01
    5.45449555e-01 4.14563566e-01 4.49059248e-01 2.27600485e-01
    6.63860738e-01 6.44151330e-01 8.39206159e-01 2.24868059e-01
    1.79913104e-01 6.09215856e-01 6.35009766e-01 3.11731100e-01
    5.91960073e-01 7.96258390e-01 8.71902883e-01 6.15176678e-01
    6.49680376e-01 8.51990342e-01 2.55236745e-01 8.41071725e-01
    2.95996666e-04 5.28521299e-01 5.78233302e-01 8.76023889e-01
    3.18575978e-01 4.34190333e-01 5.74052453e-01 3.92801404e-01
    9.80704188e-01 9.06572938e-01 6.76824093e-01 4.16118413e-01
    3.86955351e-01 8.21316361e-01 4.23900902e-01 2.08641678e-01
    8.95820856e-01 8.90918970e-01 9.49498117e-01 2.29523331e-01
    3.09312463e-01 2.79447854e-01 5.47169268e-01 7.24349320e-01
    5.99026561e-01 8.89359832e-01 3.55409086e-01 3.38758618e-01
    6.22620225e-01 6.55861139e-01 9.60692942e-01 3.51799726e-02
    3.00658464e-01 5.36596358e-01 4.34185714e-01 2.13804543e-02
    6.65079236e-01 4.71422702e-01 5.63257933e-01 5.43135405e-03
    2.51038611e-01 6.78943098e-02 4.73472506e-01 1.48558766e-01
    8.03138494e-01 7.23432183e-01 4.63769674e-01 3.70863646e-01
    8.42590570e-01 7.31579661e-01 9.09417868e-01 2.87168056e-01
    8.83788586e-01 8.98660660e-01 6.73548162e-01 8.52465928e-01
    1.32389784e-01 2.77296245e-01 9.08912241e-01 9.86415386e-01
    8.43661547e-01 2.02338785e-01 3.15723002e-01 3.50897640e-01
    5.03374219e-01 6.37276590e-01 1.43436641e-01 7.54666269e-01
    2.36663312e-01 2.29410112e-01 9.27701950e-01 8.59597623e-01
    3.12380672e-01 5.43114364e-01 5.85448742e-01 5.86887121e-01
    4.22947109e-02 3.35909247e-01 5.67587316e-01 4.47423726e-01
    2.20189005e-01 1.97816968e-01 5.63398898e-01 9.60459113e-01
    3.21361601e-01 8.82591724e-01 5.73863208e-01 7.35292435e-02
    2.92110473e-01 9.62199748e-01 6.80411756e-01 7.86030412e-01
    5.95445395e-01 4.38444346e-01 4.42594558e-01 9.87848639e-01
    5.16468108e-01 1.07227504e-01 9.83504176e-01 6.39789402e-02
    9.87921715e-01 2.54757673e-01 6.37327313e-01 4.31810498e-01
    3.35708022e-01 5.73360682e-01 5.60442209e-01 7.28201985e-01
    7.49931872e-01 5.12310803e-01 7.16027260e-01 2.56665468e-01
    1.04428530e-01 9.35823381e-01 9.76043463e-01 3.05281878e-01
    2.47024149e-01 2.77978480e-01 7.48994350e-02 6.74935162e-01
    9.41008687e-01 2.54412234e-01 5.66970706e-01 7.46277034e-01
    5.32950103e-01 9.47604775e-02 8.74849141e-01 2.60379136e-01
    8.30280125e-01 4.43909436e-01 4.72806543e-01 4.78477716e-01
    9.79867697e-01 5.57805002e-01 3.29202592e-01 6.52884781e-01
    2.47626871e-01 6.67014480e-01 4.16055113e-01 9.67394710e-01
    4.54713762e-01 6.36458278e-01 9.69931602e-01 2.65969932e-01
    3.48472506e-01 6.06779218e-01 8.58861923e-01 2.69324481e-01
    1.17154777e-01 8.46837103e-01 6.19514763e-01 5.94034433e-01
    6.63997829e-02 6.94274068e-01 5.94716966e-01 2.17093408e-01
    5.50101638e-01 1.76919758e-01 7.47622192e-01 7.69140959e-01
    6.04645729e-01 9.82849002e-02 8.55637848e-01 3.62020969e-01
    6.94984794e-01 1.99199945e-01 2.90023476e-01 4.73394513e-01
    1.91166282e-01 3.18021536e-01 2.78135240e-01 7.39151955e-01
    8.02811146e-01 1.73114300e-01 5.92380822e-01 8.70692372e-01
    3.86927485e-01 8.38577986e-01 1.37890279e-02 7.07977712e-01
    1.82144403e-01 2.90735126e-01 6.77786827e-01 1.36346817e-01
    1.67634040e-01 6.42953753e-01 7.55578518e-01 7.38352120e-01
    9.56247449e-01 3.23085248e-01 2.60671973e-02 4.65290964e-01
    9.53442574e-01 8.39168489e-01 1.00355685e-01 7.07903743e-01
    2.12806761e-02 4.69409943e-01 9.31582212e-01 8.76138031e-01
    5.54193020e-01 4.91467118e-01 5.27797341e-01 7.67078221e-01
    7.37057686e-01 8.21197093e-01 1.23499244e-01 4.39933836e-02
    6.24082804e-01 5.84538817e-01 9.10354733e-01 2.07410753e-01
    5.30293524e-01 2.41494119e-01 8.35224867e-01 8.82999778e-01
    7.76076853e-01 9.84315515e-01 8.98057878e-01 9.27711844e-01
    5.21576345e-01 3.51623178e-01 2.48481840e-01 8.08530986e-01
    2.81563729e-01 2.74771363e-01 8.37641478e-01 2.65259266e-01
    7.26688147e-01 9.44839120e-01 4.51376975e-01 3.75066727e-01
    3.60053778e-03 8.16102445e-01 4.74629253e-01 2.95101404e-01
    4.38229233e-01 7.87953138e-01 2.07919031e-01 1.96726084e-01
    6.57708347e-02 3.99697602e-01 8.91864777e-01 5.49507678e-01
    4.19489980e-01 3.43904734e-01 6.58793151e-02 6.66646719e-01
    2.74907827e-01 4.96977270e-01 3.40329051e-01 8.34575236e-01
    5.64311743e-02 9.28797483e-01 4.65165973e-01 3.58291417e-01
    9.98701453e-01 1.90200388e-01 6.32542014e-01 9.87886786e-01
    6.46355987e-01 5.99530101e-01 2.79658079e-01 2.24165797e-01
    1.44954473e-01 1.61622763e-01 9.80602384e-01 1.67456985e-01
    4.06668484e-01 9.91216898e-02 7.28542447e-01 5.01684844e-01
    7.70532250e-01 5.27924597e-02 7.46276736e-01 2.77503312e-01
    9.87357140e-01 9.98165965e-01 9.85425174e-01 6.51941895e-01
    9.30169046e-01 7.69364238e-01 6.72593474e-01 5.67132473e-01
    1.21389985e-01 9.48759794e-01 6.09222353e-01 6.71007216e-01
    7.75737524e-01 5.84290326e-01 3.05784822e-01 8.53007436e-01
    2.36598134e-01 6.58923268e-01 4.36900884e-01 5.29953361e-01
    9.88816381e-01 8.67493868e-01 8.50222230e-01 7.89957881e-01
    3.71838778e-01 3.09258014e-01 1.70017779e-02 8.34492922e-01
    9.81465816e-01 2.31146455e-01 3.89292330e-01 7.05840766e-01
    5.96061945e-01 7.09778070e-02 6.08000517e-01 8.91056895e-01
    2.04326361e-01 1.48298800e-01 5.20231068e-01 6.37586951e-01
    9.86603379e-01 7.63810575e-02 8.70104492e-01 9.06179368e-01
    4.48946208e-01 3.32822204e-01 9.41612005e-01 3.00590247e-01
    9.40846920e-01 8.29624116e-01 2.37393945e-01 4.12154824e-01
    5.13812840e-01 2.75888711e-01 4.23958659e-01 3.98299396e-01
    3.47204119e-01 6.71138644e-01 7.67824233e-01 8.99146914e-01
    4.03949678e-01 2.50895977e-01 1.77922666e-01 9.93084371e-01
    3.67235035e-01 3.88200879e-01 6.08158588e-01 1.20924652e-01
    1.79502815e-01 5.12644112e-01 9.82790887e-02 2.62212366e-01
    6.01937652e-01 6.21182561e-01 5.89106023e-01 8.16432238e-01
    5.85104227e-01 2.49953270e-02 6.95515275e-02 5.99516749e-01
    6.49816871e-01 9.14746165e-01 3.08534503e-02 7.46097028e-01
    6.37055635e-02 2.39325553e-01 3.80945414e-01 6.41139030e-01
    4.45127189e-02 5.32074273e-02 5.05291760e-01 5.94393611e-01
    6.88715518e-01 3.89417589e-01 4.30824161e-01 9.11357999e-01
    5.19763827e-02 7.08595276e-01 2.57882118e-01 2.72359967e-01
    9.80711102e-01 2.97971904e-01 3.05600345e-01 4.51972306e-01
    3.18112642e-01 9.03717875e-01 7.84029961e-01 9.36377168e-01
    8.27306032e-01 6.59271121e-01 7.86701560e-01 5.18019080e-01
    1.72103465e-01 4.87755448e-01 9.38767731e-01 2.35052824e-01
    3.35733771e-01 5.31606972e-01 5.60686231e-01 8.16197693e-02
    7.64396310e-01 2.55034328e-01 7.09304094e-01 6.09655023e-01
    2.27211386e-01 5.14271915e-01 9.93906498e-01 4.85405684e-01
    5.59188485e-01 3.43030274e-01 5.28991044e-01 6.18437707e-01
    7.59911478e-01 6.63760781e-01 1.67740881e-01 4.12260592e-01
    9.51623619e-02 6.57590091e-01 8.14638615e-01 7.80099034e-01
    6.09311819e-01 1.04264319e-02 4.87426907e-01 4.67937946e-01
    4.70802248e-01 1.10555947e-01 4.53479439e-01 6.71801507e-01
    3.32292467e-01 6.00868106e-01 5.93039095e-02 3.01902294e-02
    2.72346795e-01 5.21070182e-01 8.41416538e-01 1.67616010e-01
    3.66939813e-01 5.03160536e-01 7.75714040e-01 9.28406715e-01
    3.80651891e-01 2.20959395e-01 3.15750539e-02 8.85875285e-01
    6.00161850e-01 7.24878609e-01 1.68530911e-01 6.22761130e-01
    2.22604752e-01 8.53681922e-01 5.03949523e-02 2.90555298e-01
    2.82246232e-01 3.97773385e-01 5.77619672e-03 4.26732570e-01
    9.36023116e-01 2.53755569e-01 3.26702893e-02 5.07517636e-01
    8.87397707e-01 6.29331827e-01 4.87478405e-01 2.84068882e-02
    1.45244300e-02 1.46294177e-01 4.00762379e-01 9.42134976e-01
    5.19335389e-01 1.32749528e-01 2.21945345e-01 9.12788987e-01
    5.29143929e-01 6.39738619e-01 1.03887469e-01 3.68384242e-01
    8.04729760e-02 2.24300921e-02 9.78642702e-01 6.52810931e-03
    7.09692121e-01 1.28261358e-01 8.48776400e-01 4.92816746e-01
    6.34201050e-01 4.82028574e-01 8.29490840e-01 7.83036411e-01
    1.75159067e-01 7.86707282e-01 5.77717364e-01 1.26342326e-01
    9.53106582e-01 3.70284915e-01 7.48910010e-02 4.56466287e-01
    9.46384788e-01 8.37054849e-01 3.22903752e-01 9.23747241e-01
    7.32830346e-01 4.19885069e-01 3.76849949e-01 6.92633986e-01
    8.58750224e-01 2.51360029e-01 4.37595248e-01 2.76342690e-01
    5.65048993e-01 7.34493613e-01 2.18088359e-01 1.62650406e-01
    2.51673341e-01 3.89596105e-01 4.62091506e-01 7.62268782e-01
    4.05685186e-01 8.43942285e-01 3.16166371e-01 6.32534087e-01
    2.39143223e-01 5.37236035e-01 1.29279047e-01 5.91562986e-01
    4.72062349e-01 5.42863369e-01 4.61673141e-02 4.09199476e-01
    9.69281971e-01 8.82923782e-01 9.41204309e-01 4.58327025e-01
    7.61227489e-01 3.80550116e-01 5.44572592e-01 4.26846504e-01
    2.10305780e-01 6.29645824e-01 2.44803071e-01 9.03629661e-01
    9.57433820e-01 4.23602760e-01 8.21932018e-01 9.10568476e-01
    5.28716981e-01 1.34728879e-01 1.21386081e-01 6.74718797e-01
    2.73107886e-02 1.68732971e-01 8.62261951e-02 5.55723429e-01
    2.64877021e-01 9.23381567e-01 1.05953723e-01 3.61460567e-01
    9.24877942e-01 6.23780310e-01 5.61918318e-02 1.63148642e-01
    7.03460515e-01 6.99073195e-01 8.85409653e-01 9.88401234e-01
    2.15630561e-01 2.97625870e-01 9.37253833e-02 3.73411775e-01
    1.14202350e-01 1.45947486e-01 2.12287694e-01 2.58003533e-01
    3.13144207e-01 5.96322358e-01 1.14880323e-01 5.32147944e-01
    6.09193742e-01 8.38583469e-01 9.14125979e-01 8.18990290e-01
    9.37319756e-01 4.55859810e-01 7.36612439e-01 6.03843331e-02
    6.76070929e-01 3.82277369e-02 2.61628836e-01 7.93246150e-01
    4.32919711e-01 8.97846699e-01 7.07998753e-01 5.01209915e-01
    9.23753023e-01 7.69333303e-01 6.74201787e-01 1.13192260e-01
    4.92253661e-01 8.57342720e-01 7.76926875e-01 6.29230976e-01
    4.67039943e-01 3.45977187e-01 6.10543668e-01 7.78717637e-01
    7.65284181e-01 8.95879388e-01 3.64130735e-01 7.16459870e-01
    3.79895389e-01 3.83585334e-01 5.04899144e-01 3.34530950e-01
    9.42699850e-01 1.00453198e-02 8.97110522e-01 3.96863401e-01
    2.93199748e-01 2.86781847e-01 5.67795098e-01 7.33728528e-01
    6.87521338e-01 6.68187559e-01 6.82086647e-01 4.43401068e-01
    9.91536856e-01 8.98916125e-02 5.80078125e-01 4.62322026e-01
    2.53689885e-01 1.06317788e-01 9.60715532e-01 6.46052778e-01
    3.96388173e-01 8.36787403e-01 6.01043522e-01 5.83715320e-01
    2.77289450e-01 8.47726941e-01 4.77312565e-01 4.64383781e-01
    2.64703333e-02 8.83487284e-01 3.06917191e-01 6.26815736e-01
    7.46524811e-01 4.29917455e-01 3.27512264e-01 7.27913916e-01
    9.69717622e-01 4.50156182e-01 4.43474352e-01 4.39866006e-01
    7.72530913e-01 3.49460363e-01 3.21993709e-01 8.04979801e-01
    2.06389844e-01 3.28450203e-01 3.55502665e-02 4.46885914e-01
    2.30875283e-01 9.68148351e-01 3.28115880e-01 5.64976871e-01
    7.29115903e-01 2.18706369e-01 5.71865141e-02 7.72401869e-01
    3.20775807e-02 5.23178518e-01 8.93957794e-01 3.82208675e-01
    5.60022473e-01 3.38050425e-02 6.45954490e-01 7.64945745e-02
    7.40035892e-01 7.69953847e-01 8.57776821e-01 9.58841980e-01
    3.18341374e-01 6.68808520e-01 7.52828479e-01 6.12745404e-01
    8.49441051e-01 1.54349595e-01 2.53149450e-01 6.83262885e-01
    6.71677887e-01 7.80823112e-01 1.31543517e-01 8.34312379e-01
    4.61157769e-01 2.14785755e-01 9.32733953e-01 6.45743847e-01
    5.77068329e-03 2.49594778e-01 9.66395319e-01 6.44268036e-01
    8.50251019e-01 4.35896575e-01 6.35044158e-01 5.27201176e-01
    2.08686173e-01 7.72534609e-01 8.96073461e-01 1.21360809e-01
    5.18682659e-01 2.65081167e-01 6.33647084e-01 8.40272844e-01
    2.13813484e-02 4.06878561e-01 4.88423228e-01 4.51601774e-01
    1.39331460e-01 8.82099867e-01 5.49498320e-01 6.57840073e-01
    2.57537842e-01 4.79480714e-01 6.76796794e-01 6.27164483e-01
    7.23400593e-01 6.07582867e-01 2.81843841e-01 9.39249992e-04
    9.25040185e-01 8.31603169e-01 8.73048663e-01 6.96165562e-01
    7.48464227e-01 7.32442021e-01 9.81756568e-01 9.86213684e-02
    4.28788960e-02 9.29448307e-02 3.44335377e-01 8.76132369e-01
    9.13160563e-01 7.96116233e-01 8.89798164e-01 3.57682705e-02
    9.09226298e-01 2.34025598e-01 5.38009822e-01 6.51114821e-01
    7.60742784e-01 4.32471037e-02 9.81583118e-01 3.58762383e-01
    4.32641387e-01 8.92122328e-01 3.64720613e-01 3.77626568e-01
    1.42493129e-01 7.06288755e-01 6.86101615e-01 2.84024179e-02
    6.67043090e-01 8.54716003e-02 3.90354514e-01 1.61626518e-01
    8.17683935e-01 7.49721289e-01 1.42512590e-01 4.86177742e-01
    4.14277971e-01 8.12318623e-02 2.76050866e-02 2.04640180e-01
    4.35666263e-01 4.14141119e-01 6.54382348e-01 8.87957096e-01
    9.08417821e-01 9.10708070e-01 3.84954661e-01 9.18753386e-01
    2.25604355e-01 9.52149153e-01 3.07097197e-01 1.89854473e-01
    9.24559116e-01 5.66168487e-01 5.14825583e-01 8.62065256e-02
    4.23291087e-01 6.14781201e-01 7.17761159e-01 8.82338285e-01
    5.36954522e-01 6.45180643e-01 6.47783279e-04 7.94588804e-01
    5.48948586e-01 8.52478504e-01 1.34412318e-01 6.46962404e-01
    9.95675445e-01 4.23265308e-01 5.87922037e-01 3.23263109e-01
    5.51061928e-01 4.44819808e-01 2.71043181e-01 1.92870796e-01
    6.69703662e-01 5.84494948e-01 2.00527996e-01 6.74786508e-01
    7.50030279e-01 4.43325043e-02 7.38501191e-01 1.92113936e-01
    7.92883039e-01 2.83824146e-01 9.43805814e-01 3.02639663e-01
    7.53199160e-02 2.16771632e-01 1.08093381e-01 9.83337581e-01
    2.78144151e-01 5.23729622e-01 7.59967268e-01 2.06366569e-01
    2.02052981e-01 6.13611102e-01 6.53007805e-01 6.99200511e-01
    6.33851111e-01 1.13201678e-01 8.75534058e-01 1.69142514e-01
    5.34928262e-01 7.83351958e-02 6.46783352e-01 4.11227643e-02
    1.67653859e-02 4.23103422e-01 5.37912190e-01 6.22261465e-01
    4.54794735e-01 4.30860847e-01 3.43325794e-01 3.91361773e-01
    7.96681643e-02 4.86111015e-01 4.33457792e-01 9.74425375e-02
    8.96974325e-01 8.59019399e-01 4.80122089e-01 7.65383959e-01
    3.71588141e-01 6.21353090e-01 3.39581192e-01 6.49350464e-01
    3.32179606e-01 3.14466566e-01 5.13884842e-01 7.42199779e-01
    1.82221293e-01 4.90729183e-01 5.12109637e-01 7.34008431e-01
    1.76467210e-01 5.01397312e-01 6.99973762e-01 6.61383092e-01
    4.14052635e-01 6.98035717e-01 5.80745280e-01 1.92943811e-01
    5.57987928e-01 9.21327710e-01 7.17085361e-01 2.57118821e-01
    1.76179856e-01 5.16436279e-01 1.01757646e-01 8.88062716e-01
    6.59591854e-02 7.51612782e-02 8.64174247e-01 4.86516953e-01
    7.20476270e-01 2.93312162e-01 9.16003942e-01 6.30892813e-02
    5.67088187e-01 3.44534725e-01 1.18283719e-01 1.40742958e-02
    8.95450056e-01 7.13806987e-01 7.69175172e-01 6.33200407e-01
    1.90795362e-02 3.19960386e-01 8.58035982e-02 5.77505291e-01
    3.20119530e-01 8.24094534e-01 2.87795365e-01 8.15732777e-02
    4.60747540e-01 4.96411711e-01 5.43443024e-01 5.90258837e-02
    9.90188837e-01 7.29824185e-01 1.92731977e-01 1.73304975e-02
    1.11470014e-01 4.93477196e-01 3.55971634e-01 3.94957513e-01
    7.80016065e-01 4.17099297e-01 6.21439338e-01 6.40488684e-01
    1.76081151e-01 4.00798619e-01 1.23166502e-01 1.39339805e-01
    5.01518726e-01 9.13487732e-01 4.12035942e-01 2.62097716e-01
    6.97938442e-01 6.75865769e-01 9.45271611e-01 7.85472691e-01
    4.39914435e-01 4.95855004e-01 3.48434389e-01 1.22933388e-01
    3.71760100e-01 8.83775353e-01 7.70793974e-01 6.23096704e-01
    2.76163161e-01 4.75585788e-01 2.76780069e-01 4.96180177e-01
    9.68182445e-01 8.83652210e-01 7.34725833e-01 1.93320185e-01
    2.85032690e-02 3.19819689e-01 8.94628823e-01 3.56987953e-01
    4.84927475e-01 2.85115123e-01 4.27618504e-01 6.95297003e-01
    3.07136476e-01 2.04637259e-01 3.63445401e-01 2.36331344e-01
    6.31145060e-01 4.29168403e-01 7.73992777e-01 9.17457879e-01
    8.74632001e-01 9.43758488e-01 3.34439546e-01 9.99164402e-01
    6.80240035e-01 2.58652925e-01 3.61130744e-01 7.20038712e-02
    1.08984441e-01 5.00019193e-02 2.24656016e-01 9.24002409e-01
    1.20278299e-01 6.31847978e-02 2.16352791e-01 2.48145163e-02
    8.45232248e-01 7.35974073e-01 4.11755890e-01 7.77923942e-01
    6.15532994e-01 8.32551301e-01 6.78685069e-01 2.50292122e-01
    8.96524906e-01 7.00398386e-01 8.33581388e-01 3.25583339e-01
    4.90164459e-01 7.17210531e-01 9.29904699e-01 7.36249864e-01
    3.41068149e-01 3.30681801e-02 8.43866885e-01 9.47198451e-01
    4.83435720e-01 3.78403604e-01 8.87877226e-01 2.78775781e-01
    1.79855406e-01 1.90527797e-01 9.91801977e-01 7.96553552e-01
    7.64825940e-01 3.56478125e-01 9.53166366e-01 6.98970258e-01
    3.63698840e-01 4.68181670e-02 2.29098052e-01 2.26776510e-01
    7.36480057e-02 9.45036054e-01 4.24403191e-01 9.24611807e-01
    9.48949575e-01 6.47879779e-01 7.60421872e-01 8.42120290e-01
    2.96849728e-01 2.40631223e-01 6.07128382e-01 9.17343259e-01
    8.41683745e-01 1.69940203e-01 8.34636092e-01 2.63120234e-02
    3.62810433e-01 1.15722209e-01 9.04879928e-01 8.03340375e-01
    1.83715105e-01 8.15704226e-01 6.73055649e-01 7.20670104e-01
    9.27146435e-01 3.56871784e-01 5.99267066e-01 4.09072936e-01
    2.26537585e-02 7.96985149e-01 6.11455023e-01 3.42269778e-01
    3.86575878e-01 3.69049609e-02 9.47791159e-01 2.77702868e-01
    4.95970964e-01 3.31891477e-01 2.93423831e-02 7.52383590e-01
    5.97299337e-01 9.41634655e-01 7.97691584e-01 8.42116952e-01
    8.00891280e-01 3.69907320e-01 5.02574146e-01 3.87360513e-01
    3.31686556e-01 4.17888403e-01 8.97058487e-01 6.62835360e-01
    8.35283875e-01 6.60089135e-01 6.84066713e-01 9.95658517e-01
    8.39278936e-01 3.80593777e-01 5.68274677e-01 2.05003440e-01
    7.76449561e-01 8.41630936e-01 9.02250290e-01 8.19444239e-01
    8.97205472e-01 7.11985707e-01 7.70498931e-01 3.89303356e-01
    6.73973560e-02 1.40579224e-01 2.35953212e-01 6.33644462e-02
    7.61974573e-01 9.27093267e-01 5.64246237e-01 6.81751132e-01
    4.84072298e-01 4.51852858e-01 2.00647205e-01 3.32134426e-01
    2.25069761e-01 6.74918652e-01 7.54288733e-02 6.23614192e-01
    8.87551904e-01 8.76008034e-01 9.67586100e-01 2.36168623e-01
    9.21654463e-01 5.39184213e-01 1.82064474e-01 7.26067901e-01
    6.46940172e-01 6.03766620e-01 7.79590130e-01 3.20002615e-01
    8.26107562e-01 9.51696515e-01 3.94937873e-01 3.46569598e-01
    3.65920365e-01 7.34205484e-01 8.91939521e-01 1.64544255e-01
    6.04802132e-01 9.54883099e-01 5.77136874e-03 1.82846516e-01
    8.94600749e-02 4.50737178e-02 8.85995865e-01 4.54861403e-01
    7.24947274e-01 4.81866777e-01 5.52213848e-01 5.69266438e-01
    1.21715695e-01 8.67035508e-01 8.08730125e-01 7.63513029e-01
    5.54057360e-01 3.17874432e-01 4.48796421e-01 1.55774653e-02
    3.54951680e-01 4.91389841e-01 8.88788402e-01 9.15795386e-01
    6.05870485e-01 3.58450174e-01 8.45464468e-02 9.20239329e-01
    7.19421506e-01 2.80786991e-01 9.19255733e-01 7.56881475e-01
    3.76298606e-01 4.32561487e-01 1.15801573e-01 8.09945107e-01
    2.19333589e-01 6.22061372e-01 6.66118324e-01 5.84242582e-01
    7.15825558e-01 4.58157063e-01 2.24567711e-01 1.90212190e-01
    5.11954725e-01 4.34763640e-01 4.72409070e-01 2.55326450e-01
    8.47917676e-01 9.17044520e-01 8.07213545e-01 7.22969234e-01
    1.98817909e-01 2.32564270e-01 4.68905270e-01 2.92803645e-02
    6.46625042e-01 7.20828176e-01 6.40067041e-01 6.83311105e-01
    8.11534524e-01 3.74070108e-01 7.56536007e-01 4.32421327e-01
    8.45098794e-01 6.81149125e-01 8.83024693e-01 4.92943257e-01
    1.48387313e-01 9.18777347e-01 2.89131522e-01 8.85329306e-01
    9.09559906e-01 5.65737486e-01 4.03216630e-01 3.95848900e-01
    7.28484392e-01 9.54632163e-01 1.33427560e-01 2.74352700e-01
    1.84266090e-01 2.21605092e-01 1.78021073e-01 4.56983894e-01
    3.98664057e-01 2.86977828e-01 7.62240291e-01 4.85020787e-01
    6.97346091e-01 4.38150167e-01 9.27547812e-02 6.94111824e-01
    9.41716075e-01 9.03411508e-02 1.50117546e-01 1.29127473e-01
    1.31443799e-01 7.15645492e-01 7.35261559e-01 4.10985231e-01
    2.18076766e-01 3.88948381e-01 9.20328081e-01 7.62304664e-01
    4.51989293e-01 3.90971124e-01 5.33506751e-01 7.40652561e-01
    3.58065486e-01 9.61483598e-01 7.12138891e-01 1.76925749e-01
    1.52445138e-01 5.82698524e-01 4.13421094e-02 5.64855814e-01
    4.44208980e-01 7.75155425e-03 6.82391942e-01 4.60896373e-01
    3.78919184e-01 9.82756376e-01 2.94821858e-01 4.21415210e-01
    4.93740588e-01 1.25036389e-01 6.34216845e-01 2.24558532e-01
    2.90341169e-01 7.78212905e-01 4.04149801e-01 7.41846740e-01
    6.64344311e-01 9.93533671e-01 4.06960428e-01 9.43187535e-01
    9.22213316e-01 5.56975842e-01 9.29454803e-01 5.94010353e-01
    4.84625936e-01 2.75112301e-01 2.13829696e-01 5.02443731e-01
    1.74183249e-01 6.32234216e-02 2.64405012e-01 9.07002449e-01
    2.18927860e-01 8.74781013e-02 6.88776970e-01 5.70913613e-01
    1.50493950e-01 3.10688734e-01 5.82509339e-01 2.65680432e-01
    3.27850312e-01 5.57388127e-01 2.78236181e-01 9.28222179e-01
    5.51519215e-01 2.30796874e-01 6.17157340e-01 4.57157612e-01
    7.72003889e-01 8.89032185e-01 2.26669639e-01 3.04319084e-01
    3.52336943e-01 5.95137358e-01 6.36441708e-02 9.09076095e-01
    7.78396010e-01 4.93186325e-01 9.31393027e-01 9.12186921e-01
    1.57340854e-01 1.25624150e-01 6.07464850e-01 2.04077870e-01
    1.86705589e-03 3.42413306e-01 3.00083727e-01 8.79012585e-01
    5.80865383e-01 5.63656509e-01 1.79747075e-01 1.12980455e-01
    8.72917473e-02 6.92709208e-01 8.10494304e-01 6.95453763e-01
    6.41223431e-01 3.80752444e-01 5.28916001e-01 6.79438472e-01
    8.28695416e-01 2.01002181e-01 7.32232392e-01 5.05079508e-01
    5.89465618e-01 8.38384509e-01 8.79485488e-01 2.72968709e-02
    1.57862902e-01 5.83184302e-01 1.19254082e-01 2.85964489e-01
    8.69749188e-01 4.67987806e-01 2.66596675e-01 6.12984061e-01
    3.33308518e-01 6.44715428e-01 6.43423319e-01 1.49624795e-01
    7.75771081e-01 3.60497266e-01 5.13074338e-01 4.60830331e-01
    7.75574684e-01 4.38518107e-01 2.10111380e-01 9.87854123e-01
    1.56187832e-01 7.67457664e-01 7.20764518e-01 3.76370043e-01
    6.66897714e-01 1.18709534e-01 8.54495645e-01 7.40507901e-01
    5.80667078e-01 1.63099021e-01 6.55624092e-01 4.82634187e-01
    2.46179670e-01 3.51180971e-01 3.24672163e-02 6.18864477e-01
    7.00837970e-02 8.32840025e-01 3.27343941e-02 3.37924063e-01
    3.16701472e-01 3.78148943e-01 3.17831129e-01 9.03791487e-02
    7.88971305e-01 5.83772957e-01 9.58101094e-01 1.70823932e-01
    1.23792231e-01 6.64937019e-01 1.48677409e-01 5.71273625e-01
    2.81209111e-01 4.01473820e-01 7.90004015e-01 8.85751486e-01
    1.77900761e-01 8.23369622e-03 8.87400508e-02 9.30224299e-01
    9.61661816e-01 9.94153619e-01 9.12728310e-01 5.20943403e-01
    8.38928819e-01 5.93814254e-02 9.08574581e-01 3.34560841e-01
    2.95394003e-01 7.95181394e-01 3.98204535e-01 1.58689022e-01
    8.97769213e-01 3.38294327e-01 4.57951486e-01 6.57629132e-01
    2.60185063e-01 3.87585551e-01 8.69289637e-01 4.45400953e-01
    5.98292649e-02 6.32996321e-01 7.43122220e-01 3.53313237e-01
    3.92314762e-01 8.01559210e-01 4.12612647e-01 1.56233221e-01
    4.88940537e-01 2.93847024e-01 6.04926407e-01 3.67575318e-01
    1.94205135e-01 9.52248633e-01 7.14373231e-01 8.89067650e-01
    9.82267261e-01 2.48000711e-01 7.22507775e-01 2.73596793e-01
    6.59609199e-01 7.57980108e-01 6.79762423e-01 6.02784991e-01
    2.17878014e-01 6.32684469e-01 6.67460680e-01 9.36937571e-01
    3.90659481e-01 5.54621279e-01 6.70031428e-01 3.67592543e-01
    3.60931933e-01 8.35702300e-01 8.27403605e-01 3.43880832e-01
    7.47221828e-01 1.31213963e-01 3.38960975e-01 1.14922851e-01
    4.93813813e-01 1.32325411e-01 2.42928714e-01 5.34424543e-01
    3.05203676e-01 4.46255565e-01 3.68666649e-01 6.54315591e-01
    3.16321552e-01 2.62780190e-02 5.99555254e-01 1.66317821e-01
    5.69452703e-01 7.83566594e-01 4.62689340e-01 8.91993284e-01
    2.29398012e-02 8.24341893e-01 6.76680982e-01 1.40349478e-01
    9.96654034e-02 6.69215620e-01 3.48247111e-01 3.47191095e-01
    4.89966393e-01 1.58840925e-01 4.33971107e-01 3.33745003e-01
    1.35196954e-01 7.68461823e-01 6.46364570e-01 6.42178357e-01
    5.17811894e-01 2.07016140e-01 6.19884133e-02 1.31988615e-01
    8.23167205e-01 4.44674551e-01 8.76672149e-01 9.34036732e-01
    1.92671120e-01 2.59942383e-01 2.99616158e-01 9.91563797e-02
    7.01207340e-01 8.55784655e-01 8.87229621e-01 9.63977933e-01
    1.17030144e-01 6.88289702e-01 3.10512543e-01 9.08872783e-02
    8.56473207e-01 9.97364879e-01 5.61899185e-01 6.30784452e-01
    4.64290231e-01 7.09378600e-01 2.28601217e-01 6.25634432e-01
    4.46318209e-01 6.42950535e-02 9.14489865e-01 2.95786858e-02
    2.49387711e-01 5.37284732e-01 8.55761945e-01 2.42036313e-01
    3.67612958e-01 3.85869384e-01 7.78528929e-01 6.01811528e-01
    7.34177649e-01 3.29227149e-02 2.45976478e-01 4.07134920e-01
    5.01884520e-02 5.44933259e-01 4.85938400e-01 1.23479277e-01
    2.55748272e-01 1.73961341e-01 5.35131991e-01 4.89634335e-01
    2.33367085e-02 1.15173817e-01 6.69227600e-01 6.80981338e-01
    6.46605372e-01 4.01560426e-01 8.54453146e-01 4.73788053e-01
    6.57678545e-02 5.29715598e-01 3.25052977e-01 6.74736559e-01
    1.03941858e-01 7.06444979e-02 5.85713685e-01 4.87198085e-01
    4.41391617e-01 9.94165778e-01 9.76185143e-01 8.24674487e-01
    3.93527210e-01 1.86942816e-01 9.04125810e-01 8.99823725e-01
    6.15672767e-02 3.52263272e-01 3.19330752e-01 2.58464485e-01
    8.44656825e-01 9.73874450e-01 3.86297017e-01 1.09753191e-01
    8.70779157e-01 7.58178353e-01 6.31302357e-01 5.76029837e-01
    8.18131208e-01 8.19854856e-01 5.41095436e-02 9.11066890e-01
    5.35428941e-01 3.76679927e-01 7.84725904e-01 3.72039407e-01
    5.60136020e-01 6.79117978e-01 6.10869408e-01 2.19833553e-02
    2.69796789e-01 5.41581511e-02 6.92524552e-01 9.67384934e-01
    5.44230342e-01 6.71657026e-02 6.12055719e-01 7.22183824e-01
    5.61861038e-01 5.30693531e-01 8.68462265e-01 2.44525701e-01
    5.40774882e-01 2.69660324e-01 3.02275687e-01 2.68446088e-01
    5.61803758e-01 1.40988082e-01 3.12399149e-01 9.94143009e-01
    6.93967879e-01 9.40662801e-01 5.44384599e-01 6.33597016e-01
    2.74234414e-02 1.02910370e-01 5.89465201e-02 1.20582283e-01
    1.61066592e-01 5.86647391e-01 6.14179611e-01 2.26545364e-01
    8.40665340e-01 6.18113935e-01 6.48012102e-01 9.72551405e-01
    8.93522501e-01 4.05487925e-01 9.48548317e-01 5.65329492e-01
    3.11818004e-01 5.91660440e-01 9.38770771e-01 4.13899511e-01
    2.31923074e-01 8.86021137e-01 1.68987513e-01 2.84321964e-01
    3.33477557e-01 8.67468715e-01 6.07641160e-01 4.88357723e-01
    8.31254840e-01 2.93418348e-01 5.85249066e-01 5.96238613e-01
    3.95257473e-02 7.62754798e-01 9.31184530e-01 7.16974020e-01
    4.70726579e-01 7.61080980e-02 8.88202071e-01 2.74607986e-01
    2.56172180e-01 7.99836755e-01 6.01923168e-02 4.42043543e-01
    3.33445728e-01 1.00186586e-01 8.23440075e-01 9.48702812e-01
    5.24441838e-01 5.23813605e-01 5.40425122e-01 5.61595082e-01
    3.88998151e-01 6.38861299e-01 9.83292699e-01 6.83417082e-01
    8.51718485e-02 1.99522167e-01 2.18838155e-01 4.83403087e-01
    2.59795099e-01 9.00418699e-01 1.19701505e-01 1.19139463e-01
    9.34429646e-01 3.20734084e-02 4.40136105e-01 4.24439669e-01
    8.81063819e-01 4.75265265e-01 4.28222656e-01 5.73343098e-01
    3.67099166e-01 5.15105426e-02 1.76286817e-01 4.63137269e-01
    1.47276163e-01 3.80947888e-02 7.08900630e-01 3.01371276e-01
    9.05364513e-01 2.24389791e-01 8.26548696e-01 1.72021955e-01
    8.53372216e-01 5.22634685e-02 9.38856959e-01 1.73887342e-01
    9.77017701e-01 8.17666173e-01 9.07557666e-01 6.22324944e-01
    7.23846972e-01 5.54423571e-01 2.91776538e-01 5.25871873e-01
    2.46103644e-01 7.25056767e-01 7.66360104e-01 2.66413689e-02
    4.28306460e-02 9.22706485e-01 8.51899028e-01 3.77727449e-02
    4.00856555e-01 2.44670808e-02 4.01022434e-01 9.11817133e-01
    2.30611771e-01 8.77240241e-01 7.67848790e-01 8.09425235e-01
    2.91405916e-02 1.89770073e-01 9.25256550e-01 6.30052090e-02
    1.44887745e-01 4.78472203e-01 6.35285199e-01 5.77471435e-01
    5.12829304e-01 7.94161618e-01 3.97590429e-01 1.43631518e-01
    3.08937699e-01 7.11039543e-01 9.29456532e-01 7.73700774e-02
    4.73970026e-01 4.62158263e-01 5.84273219e-01 3.63035440e-01
    8.04841518e-04 9.89688635e-01 1.92442328e-01 5.18184960e-01
    5.61333179e-01 8.17840576e-01 3.31706464e-01 2.02280313e-01
    2.82860935e-01 6.47536814e-01 9.11671996e-01 2.51411796e-01
    8.96553218e-01 1.61761284e-01 7.51041293e-01 7.26442814e-01
    4.51559365e-01 8.96381736e-01 9.68080878e-01 5.65519571e-01
    4.22960520e-03 8.89154375e-01 5.54847538e-01 9.28326845e-02
    9.72056389e-01 6.89744413e-01 2.75009871e-03 6.26036465e-01
    5.07839143e-01 8.94572139e-01 7.60823786e-01 6.21063352e-01
    5.03633320e-01 9.64168072e-01 3.89573604e-01 4.10257846e-01
    9.00538445e-01 2.51746446e-01 7.01113641e-01 4.36304122e-01
    6.67558014e-02 4.84447509e-01 9.84320879e-01 7.60609806e-02
    6.82796836e-01 6.86029971e-01 7.48513877e-01 7.97856927e-01
    2.35136330e-01 6.26970530e-02 9.05752778e-01 9.85212564e-01
    9.91351604e-01 2.71708071e-01 1.50593817e-01 1.84824884e-01
    9.74860489e-01 1.14325136e-01 4.30683732e-01 7.72488356e-01
    6.71073675e-01 1.64342761e-01 4.54888403e-01 1.90197557e-01
    1.62264526e-01 5.33572018e-01 8.23331773e-01 1.64573520e-01
    1.14313841e-01 6.65231347e-01 4.83037382e-01 3.62322032e-01
    1.38433605e-01 1.49529904e-01 7.95471966e-01 1.80221528e-01
    8.48011792e-01 2.51029432e-02 1.31665945e-01 7.72926390e-01
    8.77925515e-01 6.59308732e-02 8.48651886e-01 5.22049367e-01
    1.13883615e-01 1.61961734e-01 9.89734411e-01 3.33646625e-01
    8.22440326e-01 2.14787632e-01 3.25562477e-01 5.92432678e-01
    8.91757846e-01 4.85722423e-02 5.05711675e-01 7.51566768e-01
    9.71634865e-01 6.96178973e-01 4.96620208e-01 8.64969492e-01
    4.70954299e-01 4.43167090e-02 3.37085038e-01 2.20122606e-01
    9.84338760e-01 6.16037846e-01 2.48782158e-01 8.96441340e-01
    5.23149669e-01 6.77359521e-01 3.39615047e-01 9.79888082e-01
    1.36332184e-01 8.24313760e-01 5.57041168e-01 3.60308915e-01
    1.11537457e-01 7.18543351e-01 8.35436344e-01 3.01596642e-01
    7.33913839e-01 3.55022907e-01 4.98530954e-01 5.82585692e-01
    1.79560989e-01 7.75521398e-01 7.45693266e-01 2.04950660e-01
    3.30236524e-01 8.43167663e-01 8.21768522e-01 2.25182593e-01
    5.02532661e-01 2.76687682e-01 2.51424432e-01 7.73050785e-01
    5.32306492e-01 3.61835480e-01 8.32786679e-01 7.99386859e-01
    5.71922541e-01 4.37401563e-01 7.52597809e-01 5.83089650e-01
    3.15592229e-01 8.70502353e-01 6.26747072e-01 6.28830731e-01
    1.97147012e-01 9.70694482e-01 5.63875139e-02 2.65530050e-01
    6.24470949e-01 4.79458511e-01 1.32211149e-01 8.12550306e-01
    9.44780171e-01 2.58983314e-01 8.18774343e-01 2.92461097e-01
    5.54868758e-01 2.56382823e-02 9.83948827e-01 2.67986357e-01
    2.04351842e-02 2.19275624e-01 6.66954100e-01 3.51416528e-01
    6.40879333e-01 3.22171628e-01 6.74258173e-01 1.56132221e-01
    1.47100419e-01 7.97607303e-01 7.17962444e-01 3.42062056e-01
    3.44956338e-01 8.78222585e-01 3.25738609e-01 8.47886443e-01
    3.01555544e-01 2.43662000e-02 4.75585610e-01 1.72481537e-02
    5.63763142e-01 2.04805940e-01 4.54818279e-01 9.51807678e-01
    3.06017995e-01 1.12568110e-01 8.83570910e-01 5.09633541e-01
    2.31248468e-01 7.66210139e-01 1.79347932e-01 8.88965726e-01
    5.69483936e-02 4.81450766e-01 1.08976007e-01 4.10279095e-01
    6.57346249e-01 1.97243243e-01 2.72039652e-01 8.04288685e-01
    4.50243175e-01 6.61167562e-01 7.42146432e-01 1.12943262e-01
    1.87726766e-01 2.24069923e-01 4.79055434e-01 4.67433482e-01
    2.52397299e-01 2.47818112e-01 1.45819247e-01 1.95813388e-01
    2.53014922e-01 2.73406565e-01 3.04191649e-01 1.75730586e-02
    1.81074917e-01 5.79773784e-02 9.89551663e-01 6.50690198e-01
    1.67312086e-01 2.49922574e-01 7.01542199e-02 9.29489851e-01
    1.84825957e-02 6.30226016e-01 7.28718519e-01 6.81366920e-01
    9.74292636e-01 2.41362214e-01 8.60410810e-01 2.08574653e-01
    1.28922135e-01 6.85588717e-02 9.35775876e-01 5.71154892e-01
    9.66125607e-01 5.72565615e-01 6.14058971e-01 4.52111304e-01
    7.61469722e-01 7.27278709e-01 9.96852100e-01 6.86105132e-01
    3.86552215e-02 9.12479758e-01 5.91136098e-01 4.32539433e-01
    8.01144123e-01 2.83384442e-01 7.34042704e-01 4.49990869e-01
    2.63173282e-02 5.41462839e-01 1.56173915e-01 6.45828843e-02
    6.51292086e-01 5.26740134e-01 5.78073144e-01 7.38922358e-02
    3.01953077e-01 9.78628278e-01 5.67160606e-01 8.03176522e-01
    6.44412816e-01 2.77855188e-01 6.85061336e-01 5.88095486e-01
    9.56168771e-01 1.59130216e-01 2.10796237e-01 3.33926737e-01
    1.69150233e-01 1.33320689e-02 9.76377964e-01 3.57462138e-01
    5.03951013e-02 9.39285159e-02 3.35453868e-01 5.89656830e-03
    1.91214234e-01 5.47400713e-01 8.95391405e-02 3.00817728e-01
    5.51836789e-01 4.69311029e-01 3.28262448e-02 9.04147327e-02
    8.46233845e-01 3.52925360e-02 9.31363404e-02 1.34665191e-01
    8.91495228e-01 9.61349905e-01 6.67107701e-01 4.52512264e-01
    3.29720378e-01 9.46024418e-01 4.54930723e-01 5.65369129e-01
    7.91943312e-01 3.10177207e-02 3.30463290e-01 7.17210650e-01
    9.35135484e-01 3.82642120e-01 8.50824237e-01 3.50916982e-02
    5.81342518e-01 9.16565716e-01 5.38017869e-01 4.34824765e-01
    5.37039042e-01 8.02924871e-01 4.66751754e-02 1.66184574e-01
    4.51847911e-01 7.96751380e-01 1.63237065e-01 3.80167633e-01
    5.69483399e-01 5.68731427e-01 3.92688006e-01 1.48690671e-01
    8.85234416e-01 4.65802521e-01 5.84336519e-01 7.50341654e-01
    2.03379393e-02 3.86410862e-01 1.71143353e-01 3.94247472e-01
    1.88990086e-01 9.10075903e-01 4.35624599e-01 2.96223700e-01
    1.31022364e-01 3.69800746e-01 9.23999548e-01 2.25243151e-01
    9.56333995e-01 7.47125745e-02 1.21462017e-01 3.98357540e-01
    2.58066028e-01 5.91243267e-01 9.56046939e-01 6.67294621e-01
    8.15412641e-01 1.30373836e-01 9.58846807e-01 3.06242764e-01
    7.78491557e-01 3.05897415e-01 6.15027010e-01 6.37290239e-01
    9.21627045e-01 1.49669826e-01 8.06938410e-01 6.12526238e-02
    5.17632246e-01 9.99588728e-01 1.38846338e-02 9.61244941e-01
    5.40798008e-01 6.41058028e-01 1.59953058e-01 4.26900029e-01
    1.86593235e-01 7.32693672e-01 4.29387927e-01 6.21863306e-01
    4.72185403e-01 5.70334196e-01 3.64258140e-01 3.52892518e-01
    7.27893531e-01 3.15434337e-01 4.27967310e-02 9.51466918e-01
    8.93972337e-01 9.68873143e-01 6.09933496e-01 8.03461552e-01
    8.57308865e-01 3.81863356e-01 9.03312922e-01 2.55652100e-01
    9.64656830e-01 9.37790573e-01 3.99127960e-01 9.21238065e-01
    2.91640759e-01 8.05846870e-01 9.94882643e-01 1.27792567e-01
    2.56694138e-01 7.83409953e-01 4.78491068e-01 9.54553604e-01
    3.35011929e-01 6.36184514e-02 3.31428230e-01 2.86186934e-01
    8.94301653e-01 6.12387300e-01 7.37383306e-01 6.01354241e-03
    5.21441400e-02 2.92220950e-01 1.78759307e-01 6.91679418e-01
    1.78937733e-01 5.87335348e-01 8.77030551e-01 8.57134223e-01
    8.14564824e-01 9.56798911e-01 3.93557906e-01 3.47099006e-01
    5.61608851e-01 5.26520610e-03 6.26637220e-01 9.66646791e-01
    1.99667215e-01 9.55418944e-01 9.56905186e-02 2.13240921e-01
    8.49993110e-01 3.31076980e-01 5.48621058e-01 6.87908053e-01
    9.47034836e-01 6.52560592e-01 5.49968839e-01 5.51306903e-02
    8.90179217e-01 4.70421374e-01 9.89830375e-01 1.86580211e-01
    4.19821978e-01 3.63608807e-01 4.06991839e-02 4.09351438e-01
    7.19368815e-01 5.68801641e-01 7.90722013e-01 7.31056452e-01
    2.27306217e-01 3.58182877e-01 8.18167925e-01 2.84678042e-01
    6.69874310e-01 8.53545666e-02 8.76939297e-03 7.71921098e-01
    4.99973834e-01 7.60942817e-01 3.72421324e-01 5.32826781e-03
    6.50827527e-01 5.42653978e-01 7.74945676e-01 6.65790617e-01
    9.46151257e-01 6.80184841e-01 9.30389047e-01 2.84726441e-01
    2.58556575e-01 7.84732223e-01 5.02951741e-01 8.50940824e-01
    8.93702269e-01 8.80437732e-01 2.42505759e-01 5.90156257e-01
    3.11963558e-01 5.99505663e-01 7.32944608e-02 6.08006239e-01
    1.78187668e-01 8.69530439e-03 4.81978476e-01 9.29924130e-01
    8.93581748e-01 3.00455511e-01 1.81241632e-01 3.66572738e-01
    8.52501154e-01 9.24311757e-01 7.99552739e-01 8.05194616e-01
    7.34957159e-01 1.35349154e-01 2.64055669e-01 2.47426331e-01
    7.39194691e-01 3.05764675e-02 2.60415316e-01 6.81978166e-02
    9.53942239e-01 1.30538762e-01 7.59209514e-01 7.83556700e-01
    4.85045463e-01 1.37628108e-01 5.89933932e-01 6.10783994e-01
    1.47198498e-01 1.87938064e-01 9.88613546e-01 4.17321444e-01
    9.22645211e-01 8.58840704e-01 4.59207833e-01 2.39786536e-01
    1.04672611e-01 7.70943642e-01 7.59078324e-01 8.19046378e-01
    7.22674966e-01 8.43136549e-01 5.61525464e-01 9.94749665e-01
    5.75599372e-02 3.15147668e-01 2.38739550e-02 3.38321686e-01
    7.95029402e-02 1.65894955e-01 7.03593850e-01 9.92396712e-01
    4.42860901e-01 9.78767753e-01 6.98072314e-02 3.55367005e-01
    4.30086821e-01 5.45990467e-01 8.06649625e-01 7.53947794e-02
    6.06507897e-01 8.86584997e-01 2.95828700e-01 7.50781178e-01
    6.13209367e-01 8.00420940e-02 3.55159253e-01 7.46012926e-01
    5.21722853e-01 6.08072340e-01 8.73833179e-01 1.17515147e-01
    8.76624107e-01 3.46670747e-01 4.10988033e-01 2.65371799e-01
    9.39590037e-02 6.48102582e-01 2.38427430e-01 8.82597685e-01
    3.11831355e-01 8.19746494e-01 2.65231609e-01 9.70709085e-01
    7.84959197e-01 3.16847444e-01 4.69421715e-01 3.93392146e-01
    2.56790757e-01 9.23424065e-01 3.05339009e-01 6.16206646e-01
    3.78306925e-01 6.11348450e-01 7.92628169e-01 5.66658974e-02
    7.74780750e-01 6.75898492e-01 1.68896407e-01 1.00479424e-02
    3.14571440e-01 5.90568900e-01 9.74318862e-01 5.86694896e-01
    8.95376384e-01 6.23025239e-01 8.83347631e-01 3.53294671e-01
    1.88035101e-01 6.20460749e-01 4.77614284e-01 1.03527606e-01
    2.56446302e-02 8.85921717e-01 5.66188931e-01 1.01697981e-01
    5.38647234e-01 7.73696184e-01 6.93036973e-01 8.12223434e-01
    8.94865513e-01 1.61978066e-01 8.64707530e-01 3.49250197e-01
    6.60431802e-01 5.72570801e-01 1.61414593e-01 8.17289531e-01
    7.46473610e-01 2.84682959e-01 6.65035129e-01 1.98252261e-01
    8.58161926e-01 1.18906081e-01 8.78733754e-01 9.59064245e-01
    8.99844885e-01 8.61187577e-01 9.68146384e-01 6.17630541e-01
    8.47438931e-01 1.06937736e-01 2.64833570e-02 6.37882948e-01
    3.55664223e-01 2.69447088e-01 3.46287012e-01 8.92839849e-01
    6.45400405e-01 2.32312053e-01 3.44582021e-01 1.79341316e-01
    7.23409295e-01 8.40550065e-02 7.11302698e-01 2.21088082e-01
    9.02387619e-01 8.24673295e-01 4.58710045e-01 1.52082115e-01
    9.70652819e-01 8.15016985e-01 1.23604566e-01 1.00398064e-01
    1.82271242e-01 8.16902280e-01 7.32265413e-02 6.70956969e-01
    2.25497842e-01 9.99519765e-01 6.44659519e-01 7.89064407e-01
    7.89376974e-01 6.97619557e-01 9.54182565e-01 2.96102941e-01
    5.31305790e-01 7.67369986e-01 5.85072517e-01 6.45253122e-01
    4.39778894e-01 2.14004606e-01 8.94835651e-01 5.95023811e-01
    2.96598077e-01 1.88223451e-01 4.52083856e-01 2.16113329e-02
    3.85927618e-01 4.95614111e-02 1.44083232e-01 1.12573326e-01
    4.52540129e-01 4.56452131e-01 3.85286987e-01 9.08894062e-01
    7.86272049e-01 9.42655683e-01 6.08765125e-01 8.03535700e-01
    3.86218697e-01 8.04294586e-01 7.68356979e-01 4.25621629e-01
    7.18628287e-01 9.75492895e-02 8.47318649e-01 7.30482996e-01
    1.97276324e-01 6.40583158e-01 3.10150504e-01 7.91904330e-01
    8.80162835e-01 3.09265852e-02 8.27350140e-01 9.16063190e-01
    8.24761748e-01 2.85141766e-01 7.40077317e-01 2.11151540e-01
    3.86627585e-01 5.56987226e-01 4.28755790e-01 3.24259520e-01
    6.38447702e-02 8.68730783e-01 8.86122108e-01 8.99551988e-01
    7.26539910e-01 8.27606201e-01 5.45144081e-01 5.65005004e-01
    9.00632083e-01 2.38122940e-02 7.89689064e-01 4.52105284e-01
    5.27999878e-01 5.75775921e-01 1.59056574e-01 4.71745133e-01
    5.52856922e-01 7.89737999e-01 7.91225195e-01 6.76661491e-01
    3.54059100e-01 4.29115027e-01 7.75718451e-01 9.64720190e-01
    8.87781382e-01 6.03028297e-01 5.07130802e-01 6.39674187e-01
    3.61006975e-01 4.75121439e-02 6.69153094e-01 7.14816809e-01
    7.80559182e-02 4.53504533e-01 7.32565939e-01 5.28355002e-01
    8.01579714e-01 3.31640005e-01 5.01318753e-01 7.78979421e-01
    9.86293077e-01 6.61887765e-01 7.70609260e-01 4.15252537e-01
    3.67001295e-02 4.14911777e-01 5.53441226e-01 3.66831183e-01
    7.09435105e-01 9.22163606e-01 4.87971276e-01 5.15573740e-01
    4.29765999e-01 8.47819805e-01 3.04196268e-01 5.80943942e-01
    9.24297869e-01 3.58401567e-01 5.93280077e-01 7.58677244e-01
    7.22921669e-01 6.53836787e-01 9.21032846e-01 3.11934948e-03
    5.82725167e-01 3.92925799e-01 8.31526995e-01 6.13737881e-01
    5.53785622e-01 1.28946781e-01 3.02317142e-02 3.09543610e-01
    5.68791747e-01 4.75251138e-01 5.94444036e-01 4.97447312e-01
    5.34829319e-01 5.53483129e-01 1.25449419e-01 7.73591161e-01
    1.97437465e-01 5.36653817e-01 6.03990138e-01 9.79287148e-01
    8.20774555e-01 9.04423594e-01 5.19257247e-01 1.80570275e-01
    4.09002692e-01 4.81072903e-01 9.10767913e-01 6.56785309e-01
    8.07353497e-01 8.78670394e-01 5.71995020e-01 3.58992875e-01
    7.36508310e-01 2.81447172e-01 5.59844315e-01 2.67474473e-01
    8.45281363e-01 3.63174736e-01 1.79260045e-01 3.12428713e-01
    8.45990539e-01 5.87009192e-01 1.78605497e-01 2.75187850e-01
    8.76166582e-01 4.26267356e-01 1.00827873e-01 1.64129734e-02
    6.06818616e-01 6.55311286e-01 1.52282685e-01 9.58335280e-01
    1.36067063e-01 5.46036839e-01 7.92800307e-01 4.35202718e-02
    5.13684630e-01 6.18956208e-01 2.94604421e-01 7.75926411e-02
    6.59552455e-01 8.50655019e-01 5.07202804e-01 1.04393274e-01
    2.94473648e-01 6.69098377e-01 4.10010546e-01 4.33966935e-01
    7.60436177e-01 6.93144560e-01 2.12189257e-01 7.17614412e-01
    6.30334020e-03 9.18602169e-01 2.55318761e-01 7.33902276e-01
    3.45241725e-02 2.60669529e-01 1.65100932e-01 3.48484039e-01
    6.94406629e-01 8.09574008e-01 6.43468142e-01 2.93774664e-01
    6.17255270e-01 6.03061497e-01 2.81226486e-01 1.25957638e-01
    5.92859864e-01 2.52039433e-01 3.25270295e-01 4.47056681e-01
    5.07960021e-02 7.54844725e-01 2.11870968e-02 2.58321524e-01
    6.87067211e-02 2.44707465e-01 8.06299686e-01 1.55712545e-01
    3.10532212e-01 4.07211542e-01 1.34424657e-01 5.29305160e-01
    6.26763821e-01 5.40515065e-01 4.80354011e-01 4.62153435e-01
    1.11838162e-01 8.63226891e-01 8.79442751e-01 9.99143958e-01
    9.74068522e-01 2.80962467e-01 1.44158870e-01 4.27205622e-01
    7.92017162e-01 8.31005216e-01 1.98331684e-01 6.80846095e-01
    3.43350649e-01 8.86383295e-01 3.62089455e-01 2.82803059e-01
    9.27181602e-01 2.31174201e-01 9.29206610e-01 5.87445676e-01
    8.33194494e-01 9.82600808e-01 1.85406208e-03 6.65235877e-01
    3.40035439e-01 4.48424757e-01 3.70849520e-01 1.14382744e-01
    4.58659470e-01 3.73766422e-02 8.63550723e-01 6.82291567e-01
    2.94401586e-01 4.16843385e-01 6.35984898e-01 9.45124328e-02
    9.89320517e-01 2.31129915e-01 1.39437318e-01 5.04904926e-01
    4.76848185e-01 9.49468017e-01 4.52369630e-01 8.10965180e-01
    7.81216085e-01 2.11347222e-01 1.31259859e-01 3.53339136e-01
    4.82249260e-02 4.01439518e-01 9.44950342e-01 4.97204065e-02
    5.66100776e-01 5.08369029e-01 8.33956718e-01 4.57919389e-01
    6.20642662e-01 2.49989182e-01 5.40749252e-01 1.05647355e-01
    5.86269796e-02 8.05196881e-01 2.64385343e-02 8.43517184e-01
    8.75032604e-01 5.67453444e-01 4.85405564e-01 1.34296536e-01
    4.64814007e-02 7.06140995e-01 4.76122677e-01 6.61023259e-01
    6.79680467e-01 8.42627525e-01 8.82573605e-01 9.83120322e-01
    7.51999378e-01 6.78572297e-01 4.61321265e-01 3.15367579e-02
    4.26443875e-01 5.63883126e-01 6.36062801e-01 7.94221103e-01
    5.33996463e-01 4.81036663e-01 9.11448359e-01 6.79105222e-01
    2.53137052e-02 7.10346460e-01 6.22334778e-01 2.05730498e-01
    2.66999453e-01 9.11285400e-01 2.13405102e-01 7.30002165e-01
    3.48375142e-02 9.72235799e-02 5.99803627e-01 1.26140147e-01
    9.15446401e-01 1.08289808e-01 9.76799011e-01 2.64490604e-01
    7.84273744e-02 1.84484273e-01 7.53652930e-01 7.46441662e-01
    9.60953474e-01 6.16304100e-01 6.67826116e-01 8.34351122e-01
    5.62370360e-01 1.50686979e-01 7.47795820e-01 6.85194016e-01
    8.16779912e-01 4.72857475e-01 8.72742116e-01 2.46382117e-01
    2.04935461e-01 1.32074326e-01 9.26210582e-01 4.76308644e-01
    9.16730464e-01 8.88362825e-02 9.93386149e-01 8.77178669e-01
    3.04295957e-01 1.24399424e-01 3.58137012e-01 1.24454737e-01
    4.61636961e-01 5.09943545e-01 6.78757727e-01 3.84492576e-02
    4.90094513e-01 9.35577273e-01 7.17915654e-01 6.82664216e-01
    3.59118462e-01 1.86767608e-01 7.31129646e-01 8.21002960e-01
    6.47235513e-02 3.08594227e-01 6.30542517e-01 3.69123816e-01
    7.20849991e-01 2.37317085e-01 5.36881745e-01 2.10171908e-01
    3.74000371e-01 3.54442716e-01 4.19689238e-01 5.95988691e-01
    9.19763446e-02 7.31968284e-01 1.42622530e-01 5.69998801e-01
    3.46235991e-01 4.16135699e-01 8.72486353e-01 2.39674747e-02
    1.89945579e-01 5.40156722e-01 7.28252411e-01 9.32184815e-01
    8.65588427e-01 9.62731838e-01 6.65286005e-01 7.53193140e-01
    4.62523013e-01 9.52499986e-01 4.26200330e-01 2.26922125e-01
    9.21451449e-01 3.67396265e-01 2.10634023e-01 4.97273713e-01
    9.22997594e-01 4.43153203e-01 1.54781640e-02 4.14310992e-01
    7.69658327e-01 8.84875059e-01 1.73656940e-02 7.81406045e-01
    6.22712016e-01 9.65952873e-02 8.64435077e-01 8.77891183e-01
    4.15080190e-01 2.82489777e-01 9.60541785e-01 8.36433887e-01
    3.58792841e-01 9.10877228e-01 3.12605441e-01 2.79550016e-01
    7.06351280e-01 4.37489867e-01 4.36500043e-01 5.66840053e-01
    9.00219798e-01 7.32378006e-01 3.82211775e-01 8.24552119e-01
    3.60075176e-01 2.95220762e-01 8.53260994e-01 1.12585306e-01
    6.06012285e-01 4.21134144e-01 3.67038965e-01 5.78629255e-01
    9.17940617e-01 4.92715269e-01 8.81938577e-01 3.32058966e-01
    6.28486454e-01 5.63401580e-01 2.47097284e-01 6.71350121e-01
    8.64998281e-01 2.56189406e-02 2.41038859e-01 3.50413442e-01
    9.82394099e-01 6.02082789e-01 3.25157046e-01 8.21588635e-01
    3.95847976e-01 4.47056115e-01 2.23234594e-01 6.40450478e-01
    8.34225178e-01 4.32703823e-01 9.01085615e-01 2.21193880e-01
    1.30328566e-01 5.07679820e-01 7.76444912e-01 2.19637364e-01
    2.30932236e-02 4.77914721e-01 3.36155355e-01 4.08147275e-01
    3.71536851e-01 5.75590253e-01 9.64131355e-01 6.07592046e-01
    8.92718732e-01 7.65501142e-01 8.61874580e-01 9.16411161e-01
    1.66057169e-01 4.93204802e-01 9.58048999e-02 7.79885054e-03
    6.67665243e-01 2.58626103e-01 6.83771789e-01 3.04898500e-01
    3.38845909e-01 7.38205910e-01 2.10106760e-01 2.91838944e-02
    3.73813003e-01 4.10100967e-01 5.52377701e-01 4.09991711e-01
    1.83816254e-02 5.64519346e-01 5.09545207e-01 4.26876366e-01
    4.20591235e-02 3.71369183e-01 9.78360116e-01 8.11813593e-01
    3.99542063e-01 4.59205419e-01 1.60071909e-01 8.51722300e-01
    7.88785934e-01 7.24857688e-01 3.18965137e-01 3.57339144e-01
    2.99014002e-01 1.87724292e-01 1.30903304e-01 9.62905586e-02
    5.67027926e-01 7.76900291e-01 7.93426037e-01 5.34814596e-01
    8.65104556e-01 7.65213490e-01 4.66899574e-01 4.56323475e-01
    8.82658720e-01 5.83418250e-01 4.00383741e-01 6.98404312e-01
    8.21173608e-01 8.63438368e-01 4.31775331e-01 3.47578406e-01
    2.04539508e-01 5.73051572e-02 8.68982077e-03 9.18878317e-01
    7.73499072e-01 8.40556324e-02 2.68211544e-01 3.26810241e-01
    4.63513643e-01 6.77973032e-03 5.94322801e-01 5.31117737e-01
    1.63715094e-01 7.31374323e-01 4.30349886e-01 4.82400954e-02
    2.80938148e-01 4.05905515e-01 4.46248651e-02 6.04328573e-01
    4.64389443e-01 9.45324659e-01 2.18694210e-01 1.80061728e-01
    8.24515343e-01 4.26740229e-01 4.26743388e-01 7.08499670e-01
    1.91057116e-01 4.22908515e-01 7.66141415e-01 5.72514415e-01
    9.69727278e-01 4.80736494e-02 3.95392984e-01 4.22759324e-01
    2.68289030e-01 4.51532513e-01 5.72286367e-01 6.90770745e-01
    6.41809583e-01 9.02828455e-01 2.48442262e-01 6.93087876e-01
    9.32988524e-02 4.78420258e-02 9.30651128e-01 7.22343981e-01
    5.18463314e-01 4.51613367e-01 2.36779392e-01 5.69497406e-01
    2.20504820e-01 9.15992916e-01 8.23510170e-01 4.04430032e-01
    2.62578517e-01 6.33296728e-01 7.73905754e-01 7.61564493e-01
    6.71326756e-01 3.21975946e-02 4.93906766e-01 1.92717880e-01
    3.22166890e-01 2.51577735e-01 7.79592514e-01 2.82364398e-01
    9.60826218e-01 5.28342009e-01 1.97126806e-01 6.31669521e-01
    9.81989801e-02 3.83911490e-01 9.14796412e-01 8.04143488e-01
    5.79162240e-02 6.12957954e-01 7.23129511e-02 5.22052824e-01
    2.89773047e-02 2.64184535e-01 4.68216032e-01 9.72100914e-01
    4.11685258e-01 9.88691568e-01 4.75980699e-01 8.06877315e-01
    1.60635948e-01 3.45104933e-03 6.14242256e-01 9.54394817e-01
    3.61162007e-01 1.61907434e-01 2.68391907e-01 2.03291178e-02
    4.25602704e-01 7.73687959e-01 7.84002185e-01 8.85287404e-01
    2.92870522e-01 1.14384413e-01 1.36287689e-01 6.32437408e-01
    5.68584323e-01 3.64679068e-01 5.92656732e-02 7.21641183e-01
    1.00740731e-01 9.40988004e-01 5.06805480e-01 5.66437840e-01
    6.46227598e-01 6.94993675e-01 9.13030267e-01 5.91591001e-01
    6.36696219e-01 9.99937654e-01 8.78020942e-01 3.40896189e-01
    8.01939368e-01 6.51797891e-01 5.47845960e-02 9.05959487e-01
    8.15630198e-01 6.13756180e-02 7.33457208e-01 1.27578825e-01
    1.53677911e-01 3.23066354e-01 8.49879384e-01 2.62635946e-03
    6.94182396e-01 8.36232305e-01 4.30630177e-01 1.50218248e-01
    1.51095450e-01 1.23724550e-01 4.91034687e-01 6.45486772e-01
    5.65712035e-01 8.45782399e-01 5.34533918e-01 3.31971049e-03
    9.55315471e-01 2.77718574e-01 7.48511672e-01 3.03763449e-01
    6.84213758e-01 3.71111572e-01 1.18626237e-01 2.66513526e-01
    1.06868863e-01 1.75918341e-01 4.29909885e-01 2.98071861e-01
    8.54261100e-01 1.28558576e-02 8.88060570e-01 5.83449602e-01
    7.94576883e-01 1.96092874e-01 2.32919991e-01 4.45245922e-01
    2.71467507e-01 5.88874519e-01 1.16068810e-01 9.78594899e-01
    9.36097026e-01 6.03745282e-01 4.19416040e-01 7.58014679e-01
    5.69859505e-01 3.52755457e-01 8.64480495e-01 4.08693552e-02
    6.86770320e-01 9.34813261e-01 9.21807766e-01 7.51813531e-01
    7.01284885e-01 2.30397791e-01 8.62103343e-01 7.63934493e-01
    7.85259247e-01 7.99325287e-01 5.37256956e-01 9.53121781e-02
    3.77481639e-01 4.97992843e-01 4.37373757e-01 2.62702882e-01
    9.27607656e-01 1.87503994e-01 8.93998742e-01 9.79614258e-01
    5.08488119e-01 7.06072271e-01 1.95353687e-01 1.12049788e-01
    6.64705515e-01 7.75384009e-01 5.51366806e-03 2.78068036e-01
    3.22741747e-01 2.11028934e-01 7.47359633e-01 8.27124834e-01
    9.06290889e-01 5.83975732e-01 9.98668015e-01 7.46930182e-01
    1.14609599e-01 9.95873034e-01 2.06028074e-01 2.51929224e-01
    5.21578908e-01 2.52470315e-01 3.12243879e-01 9.39898431e-01
    9.48031902e-01 5.01162112e-02 9.42616403e-01 6.63331747e-01
    8.70383501e-01 3.04226071e-01 1.16311312e-02 3.87476295e-01
    4.35916781e-01 1.85600519e-01 2.14504421e-01 8.79900515e-01
    6.44431651e-01 5.96092880e-01 9.15421188e-01 8.59396696e-01
    9.86856639e-01 3.30017388e-01 8.88728738e-01 8.84353817e-02
    9.99189138e-01 3.46489161e-01 7.76685059e-01 2.97671854e-01
    7.26922214e-01 2.60406703e-01 8.41403961e-01 4.62225705e-01
    8.33054304e-01 8.30074430e-01 2.43962556e-01 1.02882117e-01
    8.75894964e-01 8.04221034e-01 1.25974476e-01 8.04821610e-01
    9.04344916e-01 9.65388715e-01 9.08218622e-01 9.41568494e-01
    6.26419067e-01 9.14300859e-01 7.22160220e-01 4.99223173e-01
    5.27158976e-01 5.89629710e-01 4.89323556e-01 2.76537895e-01
    3.39778244e-01 7.15298593e-01 2.39109635e-01 9.42017436e-01
    7.57148743e-01 2.71373451e-01 4.12957817e-01 2.51252562e-01
    4.83368129e-01 8.28652859e-01 4.67192888e-01 9.21982527e-01
    4.86758679e-01 1.49785966e-01 7.23720074e-01 6.50169551e-02
    5.65178573e-01 7.31915474e-01 1.62261426e-01 3.13451588e-02
    4.22924042e-01 6.58117771e-01 6.62429214e-01 8.16347957e-01
    3.64427209e-01 1.03971779e-01 4.00535911e-01 6.67953491e-02
    9.17354286e-01 2.16540694e-03 2.70001709e-01 3.29761147e-01
    1.63123906e-01 4.55614597e-01 8.82785201e-01 9.74193215e-01
    9.16789949e-01 1.35641664e-01 4.72240776e-01 3.66112590e-01
    1.10209554e-01 2.44953066e-01 6.18284106e-01 3.16296637e-01
    9.17088747e-01 8.60491037e-01 8.99863839e-01 9.02997673e-01
    1.72628790e-01 5.81687033e-01 4.15950477e-01 3.11006308e-02
    9.30790424e-01 7.20973372e-01 3.85488242e-01 8.39511752e-01
    1.15595758e-01 4.99172300e-01 6.37018979e-02 5.60861230e-01
    2.35342592e-01 3.67703617e-01 5.94859123e-01 7.70699620e-01
    7.48997331e-01 2.41498053e-02 5.53685427e-01 5.45912325e-01
    1.22310817e-02 6.77650988e-01 1.76875472e-01 1.14802152e-01
    8.47735345e-01 3.57184231e-01 8.30219150e-01 9.93636787e-01
    3.77977610e-01 2.18121707e-02 9.21159148e-01 9.34368074e-02
    1.89257562e-02 3.08840334e-01 7.35057354e-01 3.29544544e-01
    7.88702190e-01 7.87089527e-01 5.16234934e-01 8.86908293e-01
    2.51915693e-01 5.12781739e-03 2.63096869e-01 4.80105639e-01
    5.75991869e-01 4.58618075e-01 1.89579368e-01 4.04187649e-01
    4.91040558e-01 7.60119915e-01 4.44403201e-01 9.59322691e-01
    7.27067649e-01 3.91916841e-01 8.80696058e-01 2.93120027e-01
    1.89308494e-01 3.03757071e-01 5.84976494e-01 6.64916635e-02
    9.12300408e-01 9.71801877e-01 8.80751371e-01 8.21895957e-01
    6.74667835e-01 2.77574182e-01 8.65311861e-01 3.21106136e-01
    3.86298299e-02 1.09101146e-01 8.90063524e-01 1.03882730e-01
    1.68796152e-01 1.60875916e-02 2.69763470e-01 3.65387499e-01
    2.24745244e-01 1.66348904e-01 6.03860140e-01 7.96251893e-02
    8.36550832e-01 5.20147324e-01 1.77757025e-01 9.16383088e-01
    3.92853677e-01 3.69286239e-02 7.26893246e-02 7.06620693e-01
    7.72730589e-01 9.89250422e-01 5.51284194e-01 2.29864746e-01
    2.93916523e-01 6.67410374e-01 9.92562652e-01 3.45654786e-01
    3.39697570e-01 5.58820188e-01 8.85251701e-01 7.28850126e-01
    7.33286858e-01 2.44985163e-01 1.35143727e-01 7.52851844e-01
    5.56742787e-01 8.74737978e-01 1.08809680e-01 9.22607481e-02
    6.77023530e-01 7.19006300e-01 8.35065901e-01 4.65460151e-01
    5.04992902e-02 3.75530422e-01 6.14766657e-01 1.05756760e-01
    7.60732293e-01 8.74028683e-01 8.67422223e-01 2.68487453e-01
    9.47014749e-01 8.36589575e-01 3.06501418e-01 4.44515228e-01
    6.50712550e-01 6.13110006e-01 5.31024456e-01 3.16767812e-01
    1.21449739e-01 2.32115507e-01 8.44314694e-01 7.59054542e-01
    5.50723732e-01 4.10410345e-01 4.06426191e-02 6.59319580e-01
    6.01914406e-01 3.49479079e-01 8.75556171e-01 7.47571051e-01
    1.84592158e-01 2.05463976e-01 6.45288289e-01 8.83379579e-01
    5.15104532e-01 5.16160488e-01 2.12475240e-01 8.57445478e-01
    4.95710284e-01 1.14221662e-01 5.78732014e-01 3.96333992e-01
    5.15558660e-01 1.24813408e-01 1.82163388e-01 1.63453281e-01
    9.71873641e-01 7.88439512e-01 3.37348044e-01 4.43826020e-02
    4.48286682e-01 1.12233758e-01 2.64506042e-01 4.92864460e-01
    9.71903682e-01 3.24737251e-01 2.36532480e-01 3.78829747e-01
    1.72033846e-01 1.19897902e-01 2.40892857e-01 2.38304198e-01
    6.55300260e-01 8.93821657e-01 2.22848982e-01 6.17985070e-01
    9.37612057e-01 5.94502985e-02 8.01893473e-02 8.59349191e-01
    3.83521497e-01 9.06713963e-01 2.33903646e-01 5.11185884e-01
    4.35637593e-01 6.13415003e-01 5.62008023e-01 2.93613732e-01
    9.13337171e-01 2.45474875e-01 9.04020905e-01 2.96313107e-01
    8.41998160e-02 6.40758097e-01 1.30382240e-01 7.60343611e-01
    9.62428331e-01 5.47428906e-01 8.66370678e-01 9.75506604e-01
    9.36199665e-01 4.62362647e-01 9.95491743e-02 6.04699552e-01
    3.07464123e-01 9.87299323e-01 7.58218288e-01 2.72888660e-01
    8.41741025e-01 8.84926319e-03 5.99552453e-01 1.78204924e-01
    5.61004043e-01 3.11683416e-02 8.35217595e-01 3.19823384e-01
    3.02970141e-01 7.68874526e-01 6.80752516e-01 6.41343653e-01
    5.77072680e-01 8.31504583e-01 5.13147712e-01 2.21154988e-02
    8.11080813e-01 4.43744808e-01 2.07214236e-01 3.59511256e-01
    7.73549795e-01 1.38629675e-02 8.89727712e-01 5.19288898e-01
    5.83323061e-01 2.86436975e-01 9.92147565e-01 5.91997027e-01
    7.94794798e-01 3.27674448e-01 3.28994334e-01 6.29746497e-01
    8.07615399e-01 8.60957980e-01 6.49470568e-01 1.54115140e-01
    4.31990027e-02 7.88765550e-01 1.43187940e-02 6.14207506e-01
    3.05738926e-01 4.65013981e-02 1.57172948e-01 7.23734438e-01
    1.06367111e-01 2.20122576e-01 7.57936239e-01 4.99514937e-02
    1.96454167e-01 5.50710917e-01 5.30706346e-02 9.85025883e-01
    7.24966943e-01 1.30242139e-01 8.78147900e-01 1.07427180e-01
    9.61614132e-01 7.82528639e-01 8.33439887e-01 9.24815297e-01
    5.14868796e-01 9.74536657e-01 9.52327371e-01 3.74202013e-01
    2.39202976e-01 4.20525044e-01 8.26368988e-01 2.57203788e-01
    1.83135569e-01 4.58958834e-01 9.40916657e-01 1.41259611e-01
    4.63425905e-01 7.46014178e-01 8.59369278e-01 6.86707735e-01
    4.39148664e-01 7.79802859e-01 1.36374801e-01 9.11297202e-02
    6.68059111e-01 4.88109678e-01 3.91595960e-01 7.28204608e-01
    8.58053267e-02 9.11668420e-01 1.20266974e-01 3.69006425e-01
    3.55398774e-01 5.63980937e-02 3.75150681e-01 7.05288291e-01
    1.51062012e-02 4.90384370e-01 8.03244233e-01 3.62674952e-01
    5.15944839e-01 5.05778372e-01 3.11451554e-02 7.95107543e-01
    9.34777856e-01 7.40206063e-01 9.08100605e-01 7.10305691e-01
    8.45382094e-01 6.38664901e-01 7.82143474e-01 2.58723736e-01
    1.30791247e-01 6.67803526e-01 7.65524626e-01 7.15602517e-01
    2.17297167e-01 1.40548646e-02 9.99033213e-01 7.82699764e-01
    7.77205586e-01 5.38031340e-01 5.03340840e-01 1.58626646e-01
    4.87448275e-01 5.29444575e-01 3.90993536e-01 4.98775512e-01
    5.61185777e-02 3.70696783e-01 1.25099689e-01 7.14303374e-01
    9.84127343e-01 3.57917309e-01 6.20688796e-01 5.56996882e-01
    1.40028000e-02 3.79954278e-01 6.68550074e-01 7.43868232e-01
    9.86919880e-01 5.66802144e-01 9.57880735e-01 2.72278965e-01
    6.16601169e-01 9.21050906e-02 1.30695105e-03 2.47701973e-01
    1.80934370e-02 8.72403622e-01 4.42803711e-01 2.86111176e-01
    8.70429754e-01 7.46771812e-01 9.83396292e-01 3.67085516e-01
    9.56917167e-01 1.17701828e-01 6.67257845e-01 9.58981335e-01
    6.38322949e-01 8.07238638e-01 3.00034761e-01 8.60380769e-01
    8.66911650e-01 5.64618111e-02 4.40418988e-01 5.88586926e-03
    3.64052415e-01 6.80853367e-01 5.94066739e-01 7.77339697e-01
    1.07069314e-02 8.51057887e-01 7.09178388e-01 9.30193543e-01
    4.40430224e-01 2.55485237e-01 9.19726133e-01 5.55522382e-01
    8.98246229e-01 2.47092545e-01 2.51562178e-01 2.03026682e-01
    7.79234469e-02 3.52347612e-01 7.25165844e-01 3.18917692e-01
    6.86708391e-01 9.02886391e-02 6.12110913e-01 7.83207178e-01
    4.46777582e-01 6.59984291e-01 9.53222394e-01 1.68584049e-01
    1.59390450e-01 3.38262260e-01 7.44444132e-01 3.93885493e-01
    1.91384196e-01 4.85344410e-01 8.49387288e-01 5.71920276e-02
    3.15722674e-01 8.20039690e-01 7.22358346e-01 1.41892612e-01
    2.82062888e-02 5.79541206e-01 9.17739570e-01 1.10737056e-01
    8.09277177e-01 1.25205547e-01 1.88182354e-01 5.31974614e-01
    6.63221478e-02 8.25129390e-01 7.45123148e-01 3.69136095e-01
    3.22440684e-01 9.48815227e-01 8.04258108e-01 2.03636289e-01
    6.91513479e-01 6.91142321e-01 6.88175321e-01 7.71203160e-01
    1.82282746e-01 2.84099102e-01 3.72620225e-02 1.87868744e-01
    3.99951816e-01 1.36962056e-01 3.11276346e-01 2.18884796e-01
    2.50475049e-01 3.79904747e-01 5.93044102e-01 4.21955466e-01
    1.67197019e-01 9.35211182e-01 8.88307214e-01 6.41260862e-01
    3.36897403e-01 4.89970058e-01 7.70908535e-01 9.86547947e-01
    4.88352776e-02 9.76854682e-01 9.20109868e-01 1.21168047e-01
    9.99510050e-01 6.71743453e-01 4.79899883e-01 8.15293312e-01
    2.46183008e-01 3.88898253e-01 8.63220572e-01 2.08821148e-01
    5.28614819e-01 3.32533419e-01 4.36043829e-01 5.69863975e-01
    8.82116795e-01 5.00786543e-01 6.58687174e-01 9.90383506e-01
    2.32075721e-01 4.70517576e-01 2.89567292e-01 2.36977607e-01
    3.09201658e-01 1.73235834e-02 2.31027126e-01 6.57020748e-01
    6.10436976e-01 8.07676613e-02 1.14613235e-01 3.62270534e-01
    8.47804308e-01 7.39654541e-01 7.04058290e-01 2.80353934e-01
    4.74230766e-01 1.10415459e-01 7.60382652e-01 3.96864176e-01
    7.43538320e-01 4.43956703e-01 4.68220204e-01 7.21039057e-01
    8.28549266e-01 2.06149995e-01 9.59307075e-01 9.01416063e-01
    7.90232420e-01 3.75148952e-01 5.39914668e-02 6.69558525e-01
    5.12109399e-02 7.00859904e-01 1.24263525e-01 8.42412710e-02
    8.35922241e-01 4.61008102e-01 7.23874807e-01 6.02880657e-01
    4.24362928e-01 9.12371874e-01 2.26805180e-01 8.35554719e-01
    7.82195449e-01 1.20922863e-01 5.55391252e-01 6.03351295e-01
    1.07531995e-01 2.90168881e-01 9.31624949e-01 2.94983387e-01
    2.91109920e-01 4.83638018e-01 7.80327678e-01 7.69209981e-01
    9.09337580e-01 4.02753949e-01 4.23616678e-01 9.91411805e-02
    1.96993858e-01 1.14953667e-01 6.42462015e-01 8.37716639e-01
    4.24379319e-01 4.13826644e-01 8.55676651e-01 6.15242243e-01
    5.42495072e-01 3.54388714e-01 1.91748708e-01 1.59738958e-01
    5.94158590e-01 3.49405527e-01 9.90396261e-01 6.73353434e-01
    3.77389103e-01 6.51151538e-01 9.18194652e-03 6.95066214e-01
    6.59467101e-01 3.28685313e-01 9.40048695e-01 2.97894180e-01
    3.59678507e-01 7.62817800e-01 2.35975713e-01 2.58765787e-01
    8.31556857e-01 3.52031887e-01 7.73343682e-01 2.38872051e-01
    4.38585967e-01 1.03390932e-01 8.33930969e-01 6.49624825e-01
    9.03283238e-01 6.57598972e-01 6.13894045e-01 5.64377844e-01
    8.19927931e-01 2.18979478e-01 6.69867873e-01 4.57331181e-01
    6.07591867e-02 1.07686758e-01 2.47679174e-01 4.72917795e-01
    1.39363438e-01 7.73785353e-01 4.18710411e-01 4.69148874e-01
    7.17044294e-01 5.83540738e-01 6.71642482e-01 4.52017814e-01
    9.02494073e-01 6.32469416e-01 6.41519487e-01 6.91021144e-01
    1.08052909e-01 4.09633994e-01 2.83479869e-01 2.20842242e-01
    3.31018060e-01 4.54894334e-01 1.38597906e-01 7.01822460e-01
    3.91933441e-01 8.73428345e-01 3.26405317e-01 9.75012302e-01
    2.35245466e-01 2.67405689e-01 6.73918009e-01 9.31970119e-01
    2.17031181e-01 3.46606553e-01 3.73365998e-01 9.26266432e-01
    8.35942149e-01 1.31678343e-01 4.54720408e-01 3.44490767e-01
    2.80192882e-01 8.24388206e-01 9.25533116e-01 8.02558064e-02
    8.39975297e-01 5.31605542e-01 2.28937715e-01 6.41511381e-02
    4.98107940e-01 8.65712941e-01 1.85589790e-01 2.44087994e-01
    9.56241846e-01 3.32002282e-01 1.09089136e-01 5.82975626e-01
    6.91495478e-01 2.48672456e-01 1.32210255e-01 7.53547430e-01
    8.90538096e-01 5.51894605e-01 4.01690453e-01 9.41791296e-01
    9.24855828e-01 9.02471125e-01 8.84207785e-01 9.94577289e-01
    6.62305415e-01 1.09366238e-01 5.64522028e-01 4.41616178e-02
    3.65626812e-02 2.29420483e-01 3.93633723e-01 3.22051644e-01
    5.03513217e-03 1.22354090e-01 5.04192531e-01 8.73079300e-01
    8.34462047e-03 7.36737609e-01 5.38955808e-01 9.07304108e-01
    1.90606952e-01 6.37103617e-02 9.35685039e-01 6.34433448e-01
    4.41708475e-01 3.12758446e-01 3.35286856e-02 9.31510806e-01
    3.96744430e-01 2.29512662e-01 4.81623739e-01 5.53381205e-01
    8.82678151e-01 9.45957005e-02 6.48824036e-01 6.74182236e-01
    8.72084022e-01 2.40166813e-01 1.62828624e-01 2.80156970e-01
    6.47931933e-01 3.76558185e-01 8.28235745e-01 2.55328119e-01
    9.72490549e-01 7.95568824e-01 2.77100682e-01 7.65102446e-01
    3.38108480e-01 8.42775881e-01 7.16971397e-01 6.72073424e-01
    1.58989519e-01 6.16531074e-01 8.62043023e-01 5.63484490e-01
    1.38358355e-01 6.22867465e-01 8.01477849e-01 8.72059107e-01
    5.91518760e-01 4.99079019e-01 8.72026563e-01 3.52235198e-01
    2.98939943e-01 2.32112169e-01 9.06953931e-01 6.06219828e-01
    5.36307275e-01 2.74374008e-01 5.79581261e-01 5.15371442e-01
    7.27394462e-01 8.52652192e-01 2.81899810e-01 1.35330200e-01
    9.05309975e-01 1.40103668e-01 2.90006608e-01 5.56529760e-01
    1.90305710e-03 7.22116232e-01 2.15768844e-01 5.89671135e-02
    3.23964834e-01 4.27173913e-01 4.53851312e-01 6.36137009e-01
    7.12774038e-01 3.77908647e-02 5.99087834e-01 8.53013694e-01
    7.01905131e-01 9.07814741e-01 9.45096016e-01 9.28892970e-01
    3.85087341e-01 4.68435884e-01 8.94399762e-01 7.76855350e-02
    2.23036855e-01 1.26003176e-01 2.22101837e-01 5.09896576e-01
    6.65538192e-01 9.26675916e-01 7.58713186e-02 8.40747058e-01
    1.22779429e-01 5.27131081e-01 1.30186975e-02 3.60715240e-01
    4.45810467e-01 6.15444720e-01 9.90572691e-01 8.73654485e-01
    1.72750741e-01 9.17598009e-02 8.03655744e-01 6.85741901e-01
    5.85923374e-01 3.42975497e-01 8.82817745e-01 5.59410155e-02
    7.35574245e-01 7.42536366e-01 2.61719048e-01 1.34826481e-01
    7.69179761e-01 9.87257123e-01 6.88988447e-01 1.58512175e-01
    4.14681554e-01 6.92394614e-01 3.28188390e-01 7.80224562e-01
    1.07791096e-01 9.53223467e-01 8.76686931e-01 6.81135237e-01
    4.06067252e-01 8.24253917e-01 3.40346068e-01 4.48814690e-01
    5.64897239e-01 3.46749246e-01 4.15085435e-01 3.13739151e-01
    2.47232139e-01 2.10857183e-01 5.95438600e-01 9.84830141e-01
    5.68440020e-01 2.83724397e-01 4.79712069e-01 7.81534314e-01
    7.64194846e-01 5.47782362e-01 8.78069878e-01 9.13565516e-01
    7.50250936e-01 8.21288288e-01 1.53588027e-01 5.75193107e-01
    5.66548944e-01 2.16582775e-01 8.95361722e-01 5.34996152e-01
    5.34077287e-01 5.27086198e-01 1.17403567e-01 9.94265974e-01
    9.20914054e-01 5.54381728e-01 7.87992120e-01 1.96307719e-01
    5.67889035e-01 8.27325583e-02 7.06845343e-01 3.42037022e-01
    5.20451188e-01 7.15122938e-01 9.37794685e-01 9.44863260e-02
    5.90088844e-01 6.39729202e-02 5.08805752e-01 9.69241738e-01
    3.01071256e-01 7.45372772e-01 8.87772679e-01 7.22519457e-01
    8.48527133e-01 4.93594319e-01 1.29942417e-01 1.48250431e-01
    6.38468683e-01 6.56127930e-01 8.26588273e-01 6.98891044e-01
    4.49170351e-01 6.85896575e-02 1.04676157e-01 5.19123375e-01
    4.34365749e-01 5.00892758e-01 9.13458228e-01 3.01212609e-01
    6.91911578e-03 9.77565050e-02 1.06573045e-01 5.72783828e-01
    8.04068327e-01 6.18865192e-01 3.11727524e-02 3.66175860e-01
    8.47612798e-01 4.04671848e-01 6.15613461e-02 4.17108595e-01
    1.88390464e-01 8.13637733e-01 6.04417503e-01 1.85153365e-01
    4.80717152e-01 7.54363835e-02 8.75113964e-01 4.38681930e-01
    7.87652433e-01 8.91893268e-01 7.97031164e-01 2.37337112e-01
    1.37799621e-01 4.99906242e-01 4.54844564e-01 6.74691796e-01
    5.49015045e-01 4.51688170e-01 2.22618043e-01 3.27656060e-01
    6.32278442e-01 1.50118262e-01 1.71003252e-01 3.20383668e-01
    2.30851173e-02 9.63235974e-01 3.05082977e-01 3.68505239e-01
    3.34944814e-01 3.88629586e-01 5.96696496e-01 4.03784573e-01
    1.83364570e-01 3.52286994e-01 9.20979261e-01 6.31983340e-01
    8.35290015e-01 4.26345468e-02 4.18303400e-01 3.54357123e-01
    3.84440482e-01 9.29817200e-01 4.43606347e-01 8.62137794e-01
    2.65382409e-01 6.34077787e-01 3.03256452e-01 4.44735229e-01
    7.06906438e-01 4.87499684e-01 9.85133410e-01 9.79684532e-01
    3.99983436e-01 5.91676891e-01 2.11155146e-01 1.60920352e-01
    7.80013204e-01 5.74317038e-01 6.01662934e-01 5.90747774e-01
    8.60310197e-01 3.15648317e-01 8.63723755e-01 4.95098233e-02
    9.72201347e-01 3.14214170e-01 3.16181570e-01 3.18679571e-01
    1.39220089e-01 9.81524587e-01 8.18559766e-01 9.57613885e-02
    5.62005341e-02 3.16252172e-01 4.15791690e-01 6.68213665e-01
    5.39289713e-02 1.58244699e-01 7.01182783e-01 7.48423576e-01
    2.03163266e-01 2.49346346e-01 8.98048997e-01 8.35331440e-01
    2.06974447e-02 2.62241662e-01 2.84444034e-01 8.82271945e-01
    4.98142302e-01 4.05960381e-02 1.51600987e-01 9.28196430e-01
    6.42398953e-01 2.66601562e-01 3.27983141e-01 8.59420300e-01
    4.34796512e-02 5.03727674e-01 9.05823410e-01 5.18605351e-01
    8.22917044e-01 1.92906559e-01 7.66509235e-01 5.94272375e-01
    4.32649076e-01 2.43905663e-01 2.25802094e-01 6.66647315e-01
    6.90718651e-01 3.88473809e-01 4.02158380e-01 2.93974876e-02
    6.40465438e-01 8.83949399e-01 3.39355648e-01 7.83770204e-01
    2.38485754e-01 2.96951950e-01 1.45711601e-01 8.32483172e-03
    1.89941376e-01 3.09764385e-01 7.29992807e-01 2.81910539e-01
    7.96590924e-01 5.15328050e-02 1.95694059e-01 1.81892902e-01
    4.78384197e-01 9.02076066e-01 8.41683984e-01 4.79333729e-01
    1.04316503e-01 2.92354405e-01 7.24485219e-02 9.04128909e-01
    7.28159606e-01 1.26260459e-01 9.20720100e-01 2.50367761e-01
    6.76378906e-01 1.43076211e-01 7.37333596e-01 8.05442572e-01
    1.32569253e-01 5.87885380e-01 4.62823659e-01 9.53909874e-01
    5.46906650e-01 6.27893209e-03 3.27879637e-01 3.69747698e-01
    8.95218194e-01 8.76059055e-01 5.64816833e-01 4.72750127e-01
    7.81377912e-01 9.47157145e-01 9.53728676e-01 6.92487955e-01
    5.78697026e-02 1.87774181e-01 6.55889988e-01 4.10769522e-01
    3.89843553e-01 8.83501053e-01 8.86984229e-01 3.91901076e-01
    6.35772526e-01 9.74294305e-01 7.15255141e-02 1.25964671e-01
    7.88591981e-01 2.84235299e-01 8.57468009e-01 6.13548517e-01
    1.82229340e-01 5.81332624e-01 8.94254208e-01 5.93062520e-01
    6.45986795e-02 2.34021157e-01 7.86529541e-01 4.86096054e-01
    2.12329268e-01 8.08458507e-01 4.30744439e-01 5.98973215e-01
    7.87557483e-01 8.29917192e-03 1.87461853e-01 3.08544070e-01
    9.34407353e-01 2.46755809e-01 8.95945966e-01 7.39941597e-02
    4.09036100e-01 6.15217447e-01 6.86429858e-01 1.47773623e-02
    9.53608751e-03 3.98372114e-02 9.64057207e-01 3.95253301e-01
    9.27634954e-01 3.20763826e-01 4.31793332e-02 3.32244992e-01
    9.56291437e-01 5.71560681e-01 8.61658394e-01 1.47652715e-01
    2.75245011e-01 5.83869815e-02 3.19369555e-01 2.87455201e-01
    2.99279153e-01 7.13783264e-01 5.51429570e-01 1.13514334e-01
    7.89823055e-01 7.27756560e-01 8.33769560e-01 9.46803689e-01
    1.60658449e-01 9.43793356e-01 7.93820262e-01 5.10684550e-02
    2.56801128e-01 5.25988340e-01 6.35943651e-01 3.71187389e-01
    3.90731841e-01 3.24551761e-01 3.08669984e-01 7.29390979e-02
    6.48924232e-01 5.70962489e-01 6.60724282e-01 9.39223289e-01
    7.23069787e-01 3.08285236e-01 6.23574197e-01 2.40298301e-01
    3.81329894e-01 7.26400316e-01 5.55377781e-01 7.47913957e-01
    7.72110462e-01 4.31082129e-01 7.60379434e-03 1.90062255e-01
    6.63916111e-01 7.82173872e-01 7.72183239e-02 7.47874737e-01
    4.71872479e-01 3.43833804e-01 5.58282018e-01 6.86646640e-01
    1.67052925e-01 6.36496067e-01 8.84510040e-01 4.02005702e-01
    8.47000241e-01 7.72896588e-01 8.89577746e-01 5.84069908e-01
    5.01803279e-01 1.71823204e-02 5.03178060e-01 8.38064075e-01
    8.84828091e-01 1.82966173e-01 9.48300481e-01 9.04287994e-01
    3.42291176e-01 3.19129348e-01 1.36703968e-01 4.37176466e-01
    9.89901423e-02 1.12937331e-01 9.26017284e-01 8.05953145e-01
    1.78548038e-01 3.11121643e-01 5.98518252e-01 6.75796568e-02
    2.49571234e-01 8.58309567e-01 5.77688336e-01 7.67578721e-01
    5.87888837e-01 1.66478306e-01 2.93740928e-01 6.15287185e-01
    5.75264454e-01 8.79932284e-01 3.03495854e-01 9.75843787e-01
    4.26110238e-01 2.38250703e-01 7.91148305e-01 6.45962656e-01
    4.92524922e-01 4.67110515e-01 1.94658458e-01 6.04687393e-01
    1.33881658e-01 6.98419511e-02 2.82102317e-01 3.10602427e-01
    6.02768183e-01 8.52264404e-01 6.06531143e-01 1.49306953e-01
    8.36861134e-02 5.46421230e-01 1.54759556e-01 9.85595405e-01
    2.96687484e-01 5.21510422e-01 7.03122020e-02 4.09918308e-01
    8.06427479e-01 9.40041065e-01 1.91535830e-01 9.21326995e-01
    6.36072278e-01 5.84595799e-02 5.56950212e-01 1.99766815e-01
    7.91220129e-01 2.72785068e-01 8.68087411e-01 7.42222667e-01
    9.10168171e-01 3.85054708e-01 2.19001979e-01 3.55644971e-01
    8.26949179e-01 8.03652525e-01 5.75761080e-01 8.35294247e-01
    4.73212093e-01 5.60864389e-01 6.32380247e-01 2.83543110e-01
    5.11776984e-01 1.67259157e-01 1.51825577e-01 9.65302885e-01
    8.69598746e-01 8.63135755e-02 4.65840012e-01 6.72928512e-01
    3.59135568e-01 6.02677703e-01 9.45476413e-01 6.65525794e-01
    4.89181340e-01 6.87153220e-01 7.35578895e-01 6.68488860e-01
    6.75956488e-01 8.62320781e-01 8.81540418e-01 8.41379583e-01
    8.51345062e-01 2.96397477e-01 6.37076437e-01 6.66948080e-01
    8.11032653e-01 1.24032944e-01 6.63041174e-01 3.36825371e-01
    8.55862260e-01 1.01251841e-01 9.18332338e-01 3.52868736e-01
    5.31372964e-01 8.11312318e-01 4.27964360e-01 8.41218233e-02
    5.94959736e-01 2.72527218e-01 8.44185889e-01 7.86479712e-01
    8.06150794e-01 6.18782640e-01 1.89826757e-01 1.22115016e-01
    9.96114254e-01 5.43149471e-01 1.16081327e-01 5.24285138e-02
    2.50770748e-02 4.14427340e-01 9.20160294e-01 3.20783436e-01
    8.90305519e-01 5.55702329e-01 3.57490957e-01 2.08713710e-01
    1.22589201e-01 7.13938594e-01 6.95858598e-01 4.26593125e-01
    3.93955112e-01 8.72443855e-01 8.82073283e-01 8.94503355e-01
    7.24044025e-01 3.37140888e-01 7.33705163e-01 8.30003500e-01
    8.28151643e-01 7.51065016e-01 1.86632037e-01 6.60498381e-01
    5.03764033e-01 3.33210349e-01 5.53062558e-01 1.92020506e-01
    1.88111931e-01 3.24043810e-01 4.17008460e-01 9.52441454e-01
    8.38307500e-01 7.80095041e-01 4.95637506e-01 5.00902534e-01
    5.38370013e-03 4.12765682e-01 7.47193098e-01 4.61414099e-01
    7.85963535e-02 4.54651177e-01 3.04168224e-01 7.94396818e-01
    9.23629105e-02 8.56556714e-01 7.69550920e-01 8.55698586e-01
    5.02780795e-01 9.40796971e-01 9.28409934e-01 5.13720572e-01
    3.27933788e-01 7.81319380e-01 6.28366709e-01 8.02274585e-01
    2.18630373e-01 6.43777490e-01 7.31270909e-01 8.78634930e-01
    9.57942843e-01 7.34464169e-01 4.94878381e-01 2.94250876e-01
    4.39829439e-01 4.79917258e-01 4.64422047e-01 1.73749030e-01
    9.52377915e-03 2.15651065e-01 2.51286983e-01 8.26991081e-01
    8.92548501e-01 1.82534128e-01 2.83373892e-01 9.13075030e-01
    2.37285525e-01 7.96149373e-01 5.38690269e-01 2.48185992e-01
    2.75228769e-01 6.84190333e-01 6.69960082e-01 5.03101885e-01
    3.35422933e-01 5.01357436e-01 8.11381519e-01 4.59133089e-02
    5.91203392e-01 1.94780499e-01 9.37117338e-01 4.26498652e-02
    6.66998684e-01 1.17444694e-01 4.60557222e-01 7.76458025e-01
    3.43538582e-01 8.30307841e-01 4.76491809e-01 1.37752026e-01
    8.96786332e-01 7.40733206e-01 5.07883608e-01 5.08456349e-01
    3.66028368e-01 6.10618472e-01 8.18278372e-01 9.18180227e-01
    3.07715058e-01 2.23669797e-01 1.81009948e-01 8.23329568e-01
    2.95239508e-01 5.35638630e-01 8.82051706e-01 6.92637384e-01
    8.54476810e-01 1.79024428e-01 3.42203617e-01 2.48862684e-01
    5.38217306e-01 3.95357400e-01 5.93370557e-01 2.34893471e-01
    6.04960024e-01 4.45468307e-01 7.18915045e-01 4.95033324e-01
    1.09978884e-01 2.90164649e-01 5.95639646e-01 8.65475833e-02
    1.77478760e-01 8.87243629e-01 6.44794106e-01 1.35595441e-01
    4.31089282e-01 7.99464464e-01 7.43748903e-01 5.06766438e-02
    1.22091353e-01 4.69822377e-01 1.21927351e-01 2.58100092e-01
    2.54717052e-01 1.56539500e-01 9.25822437e-01 4.27600503e-01
    8.43397856e-01 2.30468094e-01 3.52798283e-01 5.90281069e-01
    2.98059374e-01 4.09080505e-01 4.50278938e-01 5.39414823e-01
    4.03746188e-01 6.10321522e-01 1.66449249e-01 7.60155082e-01
    7.90608883e-01 4.45578396e-01 4.42854762e-02 8.10405493e-01
    9.81849134e-01 7.96920419e-01 2.15979636e-01 8.77317190e-01
    4.44625169e-01 2.14430481e-01 7.65808940e-01 8.05221498e-01
    6.67795539e-03 9.59841967e-01 1.17684305e-02 5.02408981e-01
    3.52668405e-01 8.98138642e-01 8.22593212e-01 1.40132964e-01
    9.67533350e-01 6.95010781e-01 1.67435706e-01 5.53723574e-01
    6.06947184e-01 5.05196273e-01 8.01319540e-01 5.85956275e-02
    3.28434825e-01 2.52412736e-01 5.43539405e-01 4.95678484e-02
    8.25611055e-01 3.83681089e-01 5.65084994e-01 2.68846452e-01
    1.31293952e-01 3.41965675e-01 8.54401052e-01 6.44528389e-01
    4.04610753e-01 5.55396914e-01 8.59168947e-01 7.23527253e-01
    3.57176006e-01 6.61418259e-01 3.50262582e-01 2.03055143e-03
    2.09015727e-01 3.33026737e-01 3.06826591e-01 6.12344921e-01
    3.30584645e-02 5.01471162e-02 7.44645298e-02 7.14187026e-01
    4.57381964e-01 8.82806301e-01 3.55519980e-01 9.38874006e-01
    1.32902414e-01 1.89759254e-01 2.38324434e-01 4.87907827e-01
    9.45849419e-01 8.53462398e-01 5.23158610e-01 7.92549849e-02
    9.75364566e-01 1.89515620e-01 7.86942840e-01 4.92530227e-01
    9.75109816e-01 2.44902372e-02 9.09484863e-01 4.81507152e-01
    4.88620996e-02 6.00888431e-02 6.00379705e-01 5.55521488e-01
    5.69664598e-01 4.26921576e-01 7.57978618e-01 6.57673359e-01
    5.73500156e-01 5.75113237e-01 8.78926754e-01 8.72455835e-01
    2.71703005e-01 8.36794615e-01 9.21520650e-01 9.41637635e-01
    4.63395715e-01 6.86280072e-01 2.43264735e-01 9.75551248e-01
    1.80423409e-01 8.66207480e-02 7.69830167e-01 6.84103012e-01
    4.34583962e-01 4.46153224e-01 5.10487318e-01 2.27399349e-01
    9.68490720e-01 4.48543161e-01 4.84145164e-01 6.51568711e-01
    9.17498708e-01 9.61111188e-02 3.48479450e-02 6.92934215e-01
    4.07152534e-01 1.05120450e-01 6.75880313e-01 6.12340569e-02
    9.58100259e-01 4.40569580e-01 1.81622058e-01 2.36820102e-01
    6.34521425e-01 5.35104275e-01 6.47188485e-01 3.35219085e-01
    8.93329859e-01 2.84607172e-01 5.54438412e-01 2.76544571e-01
    4.37505364e-01 3.32394242e-03 3.20714504e-01 4.05831367e-01
    2.73930490e-01 3.88564587e-01 9.19326246e-01 1.08509600e-01
    2.66804338e-01 7.05443144e-01 1.56124532e-01 5.67407608e-01
    3.82720351e-01 2.08405554e-02 9.00237203e-01 5.39856255e-01
    3.89810503e-01 8.92753839e-01 5.17442167e-01 7.38762975e-01
    9.83165264e-01 5.76562166e-01 5.75850129e-01 2.35407889e-01
    7.24327445e-01 2.40647733e-01 3.95589083e-01 1.78608596e-02
    4.35939550e-01 8.07954907e-01 2.71166205e-01 1.16466790e-01
    2.02079684e-01 6.34487510e-01 5.85242987e-01 6.49490654e-02
    5.91870904e-01 8.40294361e-02 2.69033134e-01 6.17134213e-01
    9.06698108e-01 7.15980768e-01 1.13559663e-01 6.48647726e-01
    7.00373292e-01 7.43192673e-01 9.17268097e-02 6.38581634e-01
    9.33190227e-01 7.72210777e-01 4.24761057e-01 3.18007052e-01
    7.30325639e-01 5.22358358e-01 2.82460719e-01 8.10056448e-01
    2.40801185e-01 3.03104430e-01 9.39910412e-01 8.60517085e-01
    8.48144770e-01 1.19088233e-01 1.27173126e-01 5.06588936e-01
    5.00970662e-01 3.27300787e-01 1.71928614e-01 4.51606214e-02
    8.21258068e-01 7.20148861e-01 3.14528972e-01 2.53636092e-01
    3.17153782e-01 3.53874564e-02 6.19109631e-01 7.74969339e-01
    8.58741522e-01 4.17796671e-01 2.52593577e-01 6.20732307e-01
    8.43762279e-01 4.54207718e-01 3.20792079e-01 1.02260232e-01
    4.71724570e-02 8.30343783e-01 4.96898532e-01 4.88620967e-01
    5.12793422e-01 8.30173254e-01 9.18011427e-01 8.63730192e-01
    4.69155580e-01 6.41420662e-01 4.88143682e-01 9.87123013e-01
    3.39578807e-01 3.42107594e-01 8.13778996e-01 4.54782635e-01
    7.16831863e-01 9.83711123e-01 7.31238127e-01 6.60813868e-01
    4.53549862e-01 3.88605744e-01 9.11985755e-01 5.09987950e-01
    9.74177003e-01 5.19781411e-02 3.48406971e-01 3.40639889e-01
    6.75853968e-01 1.64368749e-03 3.84816706e-01 2.28736818e-01
    1.88240081e-01 4.47719097e-02 7.79128611e-01 5.14788568e-01
    1.33686036e-01 6.16379499e-01 8.74581099e-01 5.59214354e-01
    8.74560177e-02 3.88562977e-02 8.28903019e-02 9.34618115e-01
    2.51593113e-01 1.32443637e-01 8.28329921e-01 4.76047069e-01
    7.22895145e-01 7.64278173e-02 5.88600695e-01 2.17741370e-01
    1.54954195e-02 1.19625330e-01 9.71277833e-01 8.39446664e-01
    6.88024521e-01 3.85607153e-01 9.61164951e-01 6.80639505e-01
    8.74081254e-03 9.25425828e-01 7.51783371e-01 3.58786225e-01
    7.07364619e-01 8.03426147e-01 4.14855123e-01 6.76550984e-01
    8.95189524e-01 6.24012172e-01 8.79613638e-01 2.58938462e-01
    2.82765925e-01 2.21666098e-02 8.18085670e-01 4.18069243e-01
    9.05023336e-01 2.29092062e-01 9.63382006e-01 1.08739227e-01
    4.18969840e-01 5.86090863e-01 5.21126211e-01 9.86511827e-01
    3.34048510e-01 2.12509930e-02 7.09422350e-01 8.43183756e-01
    6.19521081e-01 2.29626626e-01 6.94390297e-01 6.52060509e-02
    4.87451226e-01 1.51544213e-01 4.56555873e-01 9.59001303e-01
    3.81665289e-01 6.04299545e-01 4.52538460e-01 7.88368940e-01
    2.72444367e-01 6.18572831e-01 5.26760697e-01 4.50575769e-01
    7.54542112e-01 1.05131954e-01 8.92024636e-01 7.05778599e-01
    3.95629704e-02 5.89795113e-01 1.78168714e-01 1.00574613e-01
    5.51580071e-01 6.29230857e-01 6.31508350e-01 7.51126885e-01
    6.80794775e-01 8.11325312e-01 4.26273555e-01 9.11333561e-01
    5.84082603e-01 7.13660836e-01 5.16881704e-01 1.52564108e-01
    8.30379844e-01 9.75476265e-01 5.34588933e-01 7.58650362e-01
    6.03827477e-01 1.46829754e-01 4.33634639e-01 4.09698963e-01
    1.23218179e-01 9.20179188e-02 3.11089247e-01 6.44440949e-02
    7.66156435e-01 7.89377987e-02 1.55881554e-01 9.02393639e-01
    5.56227803e-01 8.29967737e-01 1.27358824e-01 7.60627091e-01
    6.87843204e-01 5.82063377e-01 6.89666748e-01 9.67684805e-01
    7.56851375e-01 7.49485850e-01 5.27762771e-01 8.88924241e-01
    3.02014649e-01 1.49896920e-01 9.58181322e-02 3.70644629e-01
    5.10587275e-01 5.42458713e-01 5.49655735e-01 4.93458778e-01
    7.85092950e-01 3.90748769e-01 5.01978874e-01 3.30191255e-02
    6.43641114e-01 9.42940831e-01 7.99964249e-01 8.03421259e-01
    3.24177980e-01 4.63979572e-01 8.04124951e-01 6.19613826e-01
    9.21323419e-01 5.27999699e-01 3.16917032e-01 9.36315954e-01
    4.80386019e-01 2.11469531e-02 7.45704770e-01 6.89145327e-01
    1.68307245e-01 8.75769138e-01 1.17022723e-01 1.68942362e-01
    6.75021172e-01 3.86735499e-01 1.12568378e-01 7.60664344e-02
    5.23580611e-01 6.12159193e-01 3.66134644e-02 2.24173367e-01
    2.03018844e-01 4.61028188e-01 1.28384173e-01 5.55413127e-01
    8.18059087e-01 9.55591083e-01 7.77830243e-01 3.01568836e-01
    8.14905465e-02 8.28025877e-01 5.47122061e-01 5.46858013e-01
    8.40705991e-01 8.89501095e-01 3.50302756e-01 8.96974027e-01
    9.24759567e-01 2.79150754e-01 7.47048974e-01 4.68951970e-01
    4.66110438e-01 8.53005767e-01 6.71109140e-01 8.61911774e-02
    5.14403045e-01 7.44171143e-01 7.41919816e-01 1.35801762e-01
    9.73925531e-01 4.98680830e-01 2.08057106e-01 3.10753286e-01
    6.42425895e-01 1.30391359e-01 1.31381094e-01 5.08324027e-01
    4.09418702e-01 1.38123810e-01 3.88852030e-01 1.64073735e-01
    7.68280268e-01 8.02750647e-01 6.40725315e-01 3.14002514e-01
    9.03593957e-01 2.51581967e-01 8.62799406e-01 1.32239610e-01
    8.71231437e-01 5.82862556e-01 9.66867387e-01 5.80054522e-02
    8.60015392e-01 5.68167567e-01 9.37765598e-01 7.87646949e-01
    8.08185935e-01 5.78622818e-02 1.39371663e-01 2.67571211e-01
    3.59631836e-01 1.62888169e-01 5.68997383e-01 8.73665869e-01
    7.49655604e-01 1.01232529e-03 3.99287015e-01 1.71307266e-01
    8.95095885e-01 7.19368577e-01 3.81859422e-01 2.45257497e-01
    1.60678804e-01 7.89637208e-01 6.54366851e-01 9.99261260e-01
    6.21094227e-01 8.71088028e-01 4.68775153e-01 1.88727975e-01
    3.81102473e-01 2.11520612e-01 1.47240549e-01 8.49462628e-01
    4.93363708e-01 6.29756749e-01 4.94495839e-01 5.16947687e-01
    2.50713170e-01 7.91551352e-01 6.56661868e-01 5.99702120e-01
    3.92391682e-01 1.20453656e-01 5.16290665e-01 7.51103401e-01
    9.50808287e-01 7.86212206e-01 2.65245140e-02 9.04422760e-01
    8.70898366e-03 4.97421205e-01 2.73594409e-01 9.30816531e-01
    9.54860508e-01 6.59324288e-01 2.57212162e-01 3.24454665e-01
    8.28700304e-01 8.96155834e-03 9.51528251e-01 1.01581663e-01
    1.33849412e-01 4.45988178e-01 5.70425749e-01 1.12988532e-01
    7.13116705e-01 1.00996196e-02 3.03169549e-01 4.96497989e-01
    4.34764087e-01 5.26437163e-01 1.25169933e-01 2.13538259e-01
    8.14359009e-01 1.11150175e-01 5.87838233e-01 2.22463638e-01
    5.24210811e-01 4.37832326e-01 4.19298649e-01 6.36985004e-01
    2.35993683e-01 6.21860027e-02 1.53583884e-01 9.03078556e-01
    6.62870347e-01 1.53618366e-01 9.38360631e-01 6.16365850e-01
    7.99933195e-01 3.95703584e-01 5.43128133e-01 1.77486837e-02
    7.39881873e-01 1.44684583e-01 8.67824733e-01 3.06459129e-01
    9.52498436e-01 5.35641074e-01 4.32955265e-01 4.36589032e-01
    7.50796914e-01 4.49860990e-01 3.91547412e-01 1.62014067e-02
    6.21898472e-01 3.36798966e-01 3.09330046e-01 6.28785193e-02
    5.68756938e-01 5.09617388e-01 2.20701844e-01 1.96346402e-01
    5.31704187e-01 5.98991275e-01 8.79481852e-01 7.78091609e-01
    7.95179963e-01 4.66184497e-01 2.11533576e-01 5.28755784e-02
    3.37917387e-01 8.17123890e-01 2.75001019e-01 4.09868628e-01
    4.75432336e-01 3.41127455e-01 3.31458360e-01 3.56876910e-01
    7.20472038e-02 3.57935607e-01 4.50129181e-01 7.81776607e-02
    8.27254057e-02 2.44819254e-01 3.86708140e-01 1.97464347e-01
    1.65104985e-01 3.98211420e-01 3.56710583e-01 1.47596002e-02
    9.66090798e-01 1.30894870e-01 9.96680021e-01 9.68080521e-01
    1.46867931e-01 8.01129222e-01 6.21265471e-01 9.28228259e-01
    9.58838224e-01 4.82715070e-01 1.76757216e-01 6.91893995e-02
    9.09239113e-01 1.33434087e-01 5.54389775e-01 2.37046629e-01
    4.42633688e-01 3.46545786e-01 6.13115549e-01 3.83793890e-01
    9.80370045e-01 4.87948060e-01 1.29883200e-01 9.33258176e-01
    4.64408487e-01 5.24826229e-01 8.61283183e-01 2.13752866e-01
    1.49656862e-01 1.15006477e-01 5.49263716e-01 6.89523220e-02
    4.21712190e-01 8.45991611e-01 2.71671653e-01 9.94210839e-01
    3.95971149e-01 8.95769238e-01 5.82770169e-01 4.15611863e-01
    6.31936252e-01 3.40287805e-01 1.71548128e-02 5.29768050e-01
    5.98248363e-01 6.37122095e-01 1.70820266e-01 7.67860353e-01
    1.89376056e-01 6.68615878e-01 9.44558859e-01 5.79135835e-01
    6.32320166e-01 8.97819936e-01 6.92441165e-01 2.38743633e-01
    7.73434818e-01 2.64101475e-01 9.09011006e-01 3.72841150e-01
    5.49503624e-01 2.00177342e-01 1.17895305e-02 5.38458824e-02
    4.21609461e-01 7.82023311e-01 4.21052009e-01 9.14117455e-01
    9.13073063e-01 4.33030814e-01 9.13095355e-01 7.85421073e-01
    3.14586908e-01 9.88290906e-01 7.41649151e-01 7.85730243e-01
    8.97915483e-01 1.49649590e-01 2.68903077e-02 5.65601408e-01
    2.03237742e-01 8.78424883e-01 7.10351467e-02 1.39023572e-01
    9.34231997e-01 6.00946903e-01 4.62640673e-01 6.37632966e-01
    2.92434782e-01 2.72264183e-01 1.40648216e-01 2.49343961e-01
    1.45875812e-01 5.37799418e-01 9.81482863e-02 8.25323701e-01
    6.02778196e-01 4.97462153e-01 4.08527195e-01 9.74660575e-01
    1.36741728e-01 8.09471250e-01 6.87306762e-01 7.89053202e-01
    2.46041507e-01 4.26796198e-01 7.60526896e-01 4.79048252e-01
    9.39267039e-01 9.86112595e-01 4.36884403e-01 8.99268866e-01
    7.10403860e-01 1.89290792e-01 8.06335926e-01 7.33970523e-01
    3.48418534e-01 5.50814867e-01 4.80407298e-01 1.64091825e-01
    2.46096909e-01 6.36465788e-01 4.20099914e-01 9.56533015e-01
    3.84718835e-01 9.81031299e-01 7.57460773e-01 2.76937902e-01
    9.43588614e-02 4.46024418e-01 4.09061223e-01 2.80909270e-01
    1.24304593e-01 8.81149888e-01 7.83684492e-01 4.37136292e-02
    7.36690760e-01 6.24643087e-01 8.06846082e-01 4.56545055e-02
    4.57095087e-01 4.19632673e-01 8.98780584e-01 4.72551823e-01
    8.09366226e-01 9.43872631e-02 4.29284751e-01 8.21981490e-01
    9.42339897e-01 3.49761277e-01 8.54778409e-01 3.94549608e-01
    2.04426467e-01 5.50318420e-01 9.16545749e-01 6.76725924e-01
    8.63340020e-01 3.23555648e-01 4.87940371e-01 6.73717380e-01
    9.77384090e-01 9.70032573e-01 7.33217239e-01 1.81408107e-01
    8.01141620e-01 2.77723789e-01 4.47473586e-01 5.13563812e-01
    5.43376327e-01 2.46628135e-01 4.20799702e-01 3.14064354e-01
    9.43206429e-01 6.23061299e-01 9.61307287e-02 2.43647039e-01
    3.59829515e-01 5.92768252e-01 8.48762631e-01 9.26870942e-01
    2.59915292e-02 4.73357677e-01 3.57242227e-02 1.92216128e-01
    5.40616810e-02 2.93282419e-01 5.02912581e-01 9.39505219e-01
    1.10930949e-01 4.41420436e-01 8.01203847e-01 3.05331230e-01
    8.19174647e-01 9.51533794e-01 5.49791992e-01 9.44045663e-01
    1.94146574e-01 8.75989079e-01 1.37129426e-02 7.97647774e-01
    6.18866682e-01 4.19914722e-04 4.16880608e-01 5.84527433e-01
    2.03563452e-01 9.65733886e-01 1.41625404e-02 8.44098926e-02
    2.31883973e-01 7.13024616e-01 9.38684642e-02 4.55448151e-01
    4.69839275e-02 6.96835935e-01 3.98411572e-01 8.75532627e-02
    3.17499042e-03 1.24365449e-01 7.81893611e-01 7.97309279e-01
    3.21494043e-02 9.30126607e-02 8.95067096e-01 1.09476238e-01
    6.54351711e-01 2.27412283e-02 6.39389873e-01 3.33744109e-01
    3.17492694e-01 9.04058814e-01 6.26922011e-01 6.83439016e-01
    4.61872935e-01 4.41192448e-01 8.68154705e-01 4.24593329e-01
    3.17560017e-01 8.43662858e-01 1.59807563e-01 3.99340332e-01
    5.06443679e-01 7.97160268e-02 5.76577544e-01 3.41582298e-01
    9.03037429e-01 6.60631299e-01 7.84179568e-01 8.92299533e-01
    3.18366706e-01 1.94241703e-02 7.58091271e-01 6.60529137e-01
    7.59511352e-01 6.53570831e-01 1.13540500e-01 1.04262292e-01
    6.50073290e-01 9.33881760e-01 4.72567409e-01 7.42849231e-01
    7.43706226e-01 9.21264052e-01 6.98005915e-01 7.23687887e-01
    4.93605882e-01 7.40751326e-01 9.03629780e-01 8.38717937e-01
    3.17935109e-01 6.04327679e-01 8.65938067e-01 1.02212936e-01
    7.99776971e-01 1.96381688e-01 9.78878975e-01 6.81297839e-01
    6.98967218e-01 9.24448371e-01 8.90709043e-01 3.03599536e-02
    4.04925287e-01 4.18484032e-01 5.87334096e-01 6.70695245e-01
    3.96442860e-01 8.25592756e-01 1.54894263e-01 9.94950294e-01
    5.26853561e-01 6.99531138e-02 9.60575461e-01 7.49008656e-02
    1.27298623e-01 7.96663761e-01 9.56057191e-01 5.42725682e-01
    7.27059066e-01 1.18169576e-01 2.20836699e-01 1.42784148e-01
    3.05133104e-01 6.57261550e-01 2.19677299e-01 7.73231387e-01
    4.41740334e-01 5.50613105e-01 1.87165886e-01 6.27192199e-01
    1.71591163e-01 4.97925282e-03 3.33322376e-01 7.43740737e-01
    3.99550378e-01 2.36914665e-01 7.02079713e-01 6.32828057e-01
    9.82092023e-01 4.06985044e-01 4.02251661e-01 3.37808460e-01
    3.84631246e-01 3.74131739e-01 1.84398800e-01 1.86860591e-01
    8.48054886e-03 9.16789412e-01 4.26974177e-01 6.05306387e-01
    6.65073693e-02 1.75923198e-01 8.11502099e-01 3.31017077e-01
    3.06246758e-01 9.09820497e-02 4.23101664e-01 3.23219001e-02
    7.55154610e-01 4.81184781e-01 6.07282519e-01 3.37927014e-01
    5.54923415e-01 6.68571591e-01 9.64485168e-01 5.10451794e-01
    3.68118823e-01 1.01790607e-01 8.19861293e-01 3.10106337e-01
    6.31752312e-02 1.16080612e-01 8.57324183e-01 5.30135572e-01
    8.41700673e-01 6.92313015e-01 8.02028120e-01 9.18629825e-01
    8.55085492e-01 5.85474968e-02 3.19099069e-01 1.39463454e-01
    1.64319962e-01 2.30477273e-01 9.78866994e-01 3.65701318e-03
    3.70049089e-01 4.14296418e-01 4.21995819e-01 9.25920129e-01
    1.17884815e-01 8.75961781e-01 6.61156416e-01 3.68319750e-01
    2.56715328e-01 5.55694044e-01 8.74426723e-01 9.93528187e-01
    4.30036485e-02 7.43703663e-01 9.57656026e-01 6.11710906e-01
    1.61363393e-01 7.39287138e-01 7.79454708e-02 4.23637033e-01
    7.96174467e-01 2.03192532e-02 3.51789117e-01 7.61519253e-01
    3.91057074e-01 5.77196598e-01 2.66670167e-01 5.28612971e-01
    4.11384374e-01 1.32621348e-01 6.12500846e-01 2.61602461e-01
    7.85598993e-01 7.23081470e-01 5.06854057e-01 9.75487769e-01
    3.13450336e-01 6.55403376e-01 5.07384837e-02 6.23077750e-01
    6.00610554e-01 2.55188704e-01 3.93766522e-01 3.74965489e-01
    7.53425360e-01 2.10664570e-01 5.57846189e-01 4.30538952e-02
    8.10607314e-01 7.63410926e-01 7.69960642e-01 4.12909329e-01
    1.87637866e-01 2.14148641e-01 4.89643216e-02 9.27200556e-01
    8.33644331e-01 4.71939087e-01 8.21392179e-01 3.45332921e-02
    9.85471785e-01 4.10785079e-02 7.09153950e-01 6.24703050e-01
    3.82875264e-01 2.97544390e-01 6.27834916e-01 7.45396197e-01
    4.23879951e-01 7.37813592e-01 7.21537471e-02 8.95250916e-01
    3.43578100e-01 6.50682688e-01 8.28534961e-01 7.43682981e-01
    9.51222181e-01 2.10470617e-01 6.79031968e-01 1.57519966e-01
    3.76412213e-01 5.11867225e-01 6.17095053e-01 7.97490835e-01
    8.98042917e-01 3.52096707e-01 2.28012562e-01 1.12219453e-01
    2.32034236e-01 4.07689333e-01 7.30277896e-02 1.81134611e-01
    8.74585509e-02 1.50758326e-02 3.41522038e-01 9.37066913e-01
    4.42570150e-02 8.40988159e-01 1.65011108e-01 1.41429901e-02
    4.87182677e-01 2.44639486e-01 5.45426190e-01 6.71066821e-01
    4.41974044e-01 8.87323439e-01 3.54816675e-01 6.32619739e-01
    9.30206358e-01 7.20385373e-01 3.64792645e-02 6.66179776e-01
    9.61331606e-01 6.98294640e-02 4.84467328e-01 7.69526720e-01
    1.83247328e-01 3.34874302e-01 1.71175659e-01 2.44003147e-01
    7.49140024e-01 4.30438280e-01 9.32525396e-01 5.18043339e-01
    3.95567507e-01 4.75347340e-02 2.74704397e-02 8.31677079e-01
    6.44363761e-02 1.16623610e-01 3.27809334e-01 4.88594472e-01
    7.74277568e-01 3.63387764e-01 8.08960974e-01 1.89921141e-01
    1.16453022e-01 4.71638024e-01 9.28812861e-01 4.75999653e-01
    6.39940739e-01 5.02435207e-01 4.82040465e-01 4.62299496e-01
    5.04713953e-01 5.55137813e-01 4.94986027e-01 2.32354820e-01
    2.48294353e-01 3.98547113e-01 4.95643944e-01 1.44122630e-01
    1.83082700e-01 8.14545512e-01 5.32056808e-01 9.69551682e-01
    7.80826807e-02 9.06773567e-01 2.95075566e-01 8.54312718e-01
    2.24539280e-01 2.25207746e-01 8.67594659e-01 9.61817384e-01
    5.78729928e-01 6.41601086e-01 3.34223419e-01 4.66590732e-01
    2.86568046e-01 4.23504233e-01 5.45926452e-01 3.90011519e-01
    7.04126298e-01 5.78360975e-01 3.85865808e-01 4.13015485e-03
    2.23329276e-01 4.10962969e-01 4.51836318e-01 2.06726342e-01
    5.07394433e-01 1.69208556e-01 2.20743746e-01 2.64980197e-01
    7.78783321e-01 4.71887022e-01 8.17697406e-01 4.70228732e-01
    2.67952293e-01 1.38500601e-01 2.45536536e-01 3.30936700e-01
    4.36828583e-01 2.62754947e-01 1.81069851e-01 3.66649628e-02
    9.80427384e-01 2.30852246e-01 4.20816272e-01 7.07652032e-01
    2.60362923e-02 2.43057489e-01 9.27641630e-01 4.53362525e-01
    2.43915647e-01 2.45515108e-02 4.66461211e-01 1.82944745e-01
    7.41932809e-01 6.28015637e-01 1.56847030e-01 6.85843885e-01
    5.18614888e-01 1.38216585e-01 9.23489809e-01 3.57195407e-01
    1.18298918e-01 8.93740654e-01 8.71178508e-01 2.07949877e-02
    4.96240854e-02 5.10023296e-01 2.49014199e-02 3.19079161e-01
    8.61687303e-01 7.16677010e-01 7.38533616e-01 9.69165683e-01
    6.37131989e-01 5.82242906e-02 9.55009282e-01 5.33659816e-01
    8.59943271e-01 1.25248611e-01 1.31902188e-01 3.90075743e-02
    4.25595641e-01 3.61099601e-01 5.87751150e-01 2.88025737e-01
    4.22957808e-01 8.09841633e-01 6.43348575e-01 2.98315465e-01
    5.36872625e-01 1.11882448e-01 3.30132306e-01 1.18462414e-01
    2.88845956e-01 3.20385396e-01 5.30550659e-01 7.29515493e-01
    1.59966439e-01 9.46576238e-01 9.47533607e-01 1.04682654e-01
    6.32269025e-01 4.18636143e-01 4.83019531e-01 4.19081122e-01
    1.36660367e-01 6.23716056e-01 9.51734543e-01 8.72490644e-01
    8.50086570e-01 7.24414587e-01 4.40160751e-01 7.83296227e-01
    4.73063469e-01 9.57379639e-01 5.22887409e-02 2.07252860e-01
    7.30755568e-01 8.13538134e-01 7.49192476e-01 9.04043555e-01
    4.17082846e-01 8.89936209e-01 7.33648837e-01 4.99161154e-01
    1.48930371e-01 3.53504419e-02 7.84812689e-01 5.88166833e-01
    9.50851381e-01 5.90041757e-01 9.25091565e-01 3.22203726e-01
    2.54187316e-01 1.74655378e-01 4.32529122e-01 6.81411922e-01
    6.59104943e-01 5.97796261e-01 1.35119319e-01 4.87430036e-01
    3.14902544e-01 4.97078091e-01 8.67798686e-01 7.44967580e-01
    8.29108596e-01 6.05613768e-01 1.14347905e-01 5.97818196e-01
    1.46106541e-01 6.88323438e-01 5.84923029e-02 4.21614289e-01
    2.67158210e-01 9.51573193e-01 1.66567266e-01 9.23610926e-01
    7.60908961e-01 9.89523411e-01 3.00023973e-01 1.30466044e-01
    6.55362189e-01 8.09214473e-01 8.72756898e-01 9.76581454e-01
    2.12055564e-01 3.72266531e-01 6.56948745e-01 5.20804644e-01
    4.36407506e-01 8.78196180e-01 2.66503692e-01 9.88617480e-01
    8.96669030e-01 7.95401812e-01 7.46235192e-01 3.59736532e-01
    2.10733563e-01 5.07050157e-02 4.65848893e-01 8.35701823e-01
    5.23008883e-01 5.00779450e-02 1.11830622e-01 1.41601950e-01
    9.29316163e-01 6.29464388e-01 1.08720362e-01 9.70454693e-01
    1.57352060e-01 9.52545702e-02 4.25000727e-01 7.37365305e-01
    1.46476924e-02 4.26611483e-01 5.42649031e-02 6.98093295e-01
    7.52696633e-01 3.33302349e-01 3.34112048e-01 8.81142378e-01
    2.48497218e-01 8.40702653e-01 7.04682410e-01 4.40279931e-01
    4.27000195e-01 2.54413068e-01 1.11038268e-01 4.09455240e-01
    7.48028457e-01 5.17334402e-01 6.55428469e-01 6.68478608e-02
    4.55917120e-01 7.81643391e-01 3.42065394e-01 6.97881699e-01
    3.41518223e-02 5.29032290e-01 1.79028332e-01 6.68698847e-01
    2.35908210e-01 9.97135162e-01 3.29864800e-01 7.26486921e-01
    1.49681062e-01 3.21526527e-01 8.22292209e-01 7.53279686e-01
    5.55801988e-01 4.62380379e-01 8.79008770e-01 1.93689495e-01
    6.30947351e-01 8.12271237e-01 4.77743715e-01 5.10807395e-01
    3.52279067e-01 5.19025326e-01 6.97411895e-01 6.15028024e-01
    5.90962172e-01 8.42112422e-01 4.76277679e-01 8.41673374e-01
    3.89761209e-01 1.11960560e-01 6.11882746e-01 5.19506097e-01
    3.76412630e-01 4.47383553e-01 3.61036003e-01 6.57978356e-01
    2.74706185e-01 1.44466639e-01 6.56836450e-01 5.38933933e-01
    8.67283821e-01 2.13754177e-03 2.52142757e-01 4.27883953e-01
    8.86179566e-01 4.95017678e-01 8.20964813e-01 7.33312547e-01
    8.40739131e-01 8.86745274e-01 5.79657912e-01 3.79106581e-01
    8.40480208e-01 3.44308078e-01 4.85452712e-02 6.30765140e-01
    1.23468637e-02 6.71347558e-01 5.39440453e-01 4.84603316e-01
    8.32151175e-01 8.33824396e-01 3.90363872e-01 6.09882772e-01
    2.28484869e-01 2.62819767e-01 5.83803654e-03 3.38767707e-01
    6.50384009e-01 6.50757909e-01 1.18992567e-01 2.26297259e-01
    2.80843139e-01 3.20213616e-01 1.70211345e-01 8.05747628e-01
    9.73829925e-02 8.40731263e-01 4.94033873e-01 2.65566677e-01
    7.47873962e-01 9.52463508e-01 3.84657264e-01 9.60228324e-01
    9.34407830e-01 5.25766432e-01 4.90692109e-01 1.59912407e-02
    9.95373011e-01 1.08971298e-02 8.65771949e-01 6.61020637e-01
    7.40955949e-01 9.51592624e-02 7.97377586e-01 6.12037659e-01
    1.93998605e-01 8.44423890e-01 1.54696643e-01 3.82441670e-01
    6.40716851e-02 1.95199311e-01 9.20751095e-01 8.88101161e-01
    3.84993285e-01 6.18062139e-01 7.95161128e-01 7.70346522e-01
    5.27761757e-01 3.63186598e-02 7.92332709e-01 5.13572991e-01
    5.54047227e-01 7.35074282e-02 2.24182189e-01 3.68855238e-01
    1.32957488e-01 8.79568517e-01 4.34639812e-01 8.21913958e-01
    9.53525126e-01 5.99757731e-02 5.57711005e-01 6.87583804e-01
    4.14135277e-01 3.59503686e-01 9.52333093e-01 5.21594942e-01
    2.61515647e-01 9.10955369e-02 4.54851568e-01 9.79637206e-02
    5.82715869e-03 8.38915825e-01 3.45061988e-01 6.95410371e-01
    6.29974484e-01 8.91208768e-01 2.72499204e-01 7.25511134e-01
    7.26338625e-02 7.54493475e-03 9.98786092e-01 5.45986295e-01
    2.44438648e-02 8.86307657e-01 9.02703583e-01 8.35715532e-02
    5.61286867e-01 5.51084399e-01 4.46666926e-01 1.51283115e-01
    7.82784522e-01 4.87217903e-02 4.30254579e-01 2.55943269e-01
    8.73151302e-01 1.46289498e-01 9.78094518e-01 3.86951923e-01
    3.70583236e-01 3.23347449e-02 4.86388028e-01 3.75236034e-01
    3.27839315e-01 3.14956188e-01 3.98101509e-01 1.61396414e-01
    3.70851338e-01 2.05633283e-01 3.30177963e-01 1.17040604e-01
    4.07223374e-01 6.67633116e-02 8.37505579e-01 5.79450428e-01
    7.21298695e-01 1.91190541e-02 8.70311260e-01 5.52020192e-01
    4.15511459e-01 8.74945402e-01 2.43461162e-01 7.94358850e-02
    5.17652333e-01 9.13669050e-01 7.92066336e-01 2.12904811e-03
    8.65880489e-01 8.72936547e-01 3.74800682e-01 9.22128439e-01
    6.53917074e-01 7.25605726e-01 9.64952171e-01 9.12726521e-01
    6.95073307e-01 4.58889604e-01 8.73798311e-01 9.42915916e-01
    1.14717484e-02 1.85026139e-01 3.92927170e-01 9.28806067e-01
    1.42423451e-01 1.86251342e-01 4.06725436e-01 3.70028019e-02
    9.25689995e-01 7.10157633e-01 3.28513831e-01 1.75474644e-01
    8.97433817e-01 5.97570181e-01 1.97922945e-01 7.14736342e-01
    7.15781569e-01 3.11818600e-01 3.05122316e-01 7.64419436e-01
    8.77609730e-01 9.72022176e-01 2.40133107e-02 9.06665683e-01
    7.83226490e-02 8.84414673e-01 8.24588239e-02 8.26745152e-01
    1.98941827e-02 8.59830856e-01 6.71018720e-01 7.77568161e-01
    2.47347981e-01 1.23154223e-01 1.05044216e-01 4.39849764e-01
    6.07934773e-01 6.26341105e-01 5.70057273e-01 7.77679205e-01
    6.83765173e-01 9.60688531e-01 4.35307920e-01 6.98319435e-01
    7.78372407e-01 7.19766557e-01 5.27697504e-01 6.71133697e-02
    4.41125602e-01 8.27998459e-01 3.93261701e-01 6.28188491e-01
    5.72312117e-01 4.00792062e-01 1.18102580e-01 8.16605389e-02
    7.57577717e-01 6.30373120e-01 8.66931200e-01 2.91446269e-01
    6.06868207e-01 3.85593057e-01 2.34379113e-01 8.16882491e-01
    3.73817384e-01 1.59595609e-01 4.01901275e-01 1.27490163e-01
    6.71189249e-01 7.68708825e-01 6.01159632e-01 2.14898050e-01
    4.36456919e-01 5.11623859e-01 1.88101441e-01 2.99092650e-01
    8.61499071e-01 4.61323857e-01 7.05884099e-02 6.00885749e-01
    8.22714150e-01 3.30497921e-02 3.17803741e-01 9.81916428e-01
    3.84057254e-01 7.74889708e-01 9.22756374e-01 2.29769409e-01
    8.23311329e-01 2.72574782e-01 2.59373367e-01 4.95827287e-01
    5.22911668e-01 6.64816380e-01 1.45671338e-01 2.91594923e-01
    1.00457221e-01 7.90275335e-01 9.99827027e-01 9.55988944e-01
    7.17242837e-01 9.77190733e-01 1.79816186e-02 4.35610563e-01
    9.38478231e-01 4.46703017e-01 6.64399981e-01 1.19776636e-01
    9.94992256e-01 1.10859126e-01 9.50881839e-01 8.32351446e-01
    9.04890418e-01 1.97205454e-01 1.96760386e-01 6.43555939e-01
    9.70063329e-01 9.02451336e-01 8.44328642e-01 6.85770512e-01
    2.31482536e-01 7.99194098e-01 7.18891740e-01 4.79415268e-01
    5.25804043e-01 2.90215135e-01 3.87168109e-01 1.60423338e-01
    3.88201833e-01 5.52321613e-01 6.91971421e-01 8.60076845e-01
    8.88950109e-01 9.07130837e-01 2.90127456e-01 1.45667195e-02
    1.96943760e-01 7.08318949e-01 3.51090252e-01 7.87593722e-02
    8.81029248e-01 7.07530379e-01 3.22556317e-01 5.45554161e-02
    9.13514197e-02 4.34257954e-01 8.67866755e-01 5.08818984e-01
    5.66347718e-01 2.99754083e-01 3.52838993e-01 4.35380936e-02
    2.43398279e-01 7.17523694e-01 3.17304432e-02 3.29126567e-01
    5.33250809e-01 4.30666387e-01 3.35658729e-01 6.52198076e-01
    4.11368549e-01 1.21004730e-01 5.85378587e-01 2.60654628e-01
    5.58441341e-01 8.80691290e-01 2.59206384e-01 7.51990736e-01
    9.19107318e-01 6.74110889e-01 5.42397439e-01 9.26724195e-01
    5.89012206e-02 2.85432518e-01 2.90849805e-02 5.15465736e-01
    9.92134452e-01 9.80943263e-01 1.46083355e-01 5.28867185e-01
    5.13330221e-01 7.69243240e-01 6.90861940e-01 7.90867090e-01
    5.52194357e-01 8.71802688e-01 2.14453220e-01 7.92758822e-01
    2.73800790e-01 3.36090684e-01 4.66900170e-02 6.36282563e-02
    7.51235962e-01 3.68998736e-01 1.47350788e-01 7.00236559e-02
    5.42862058e-01 3.28789741e-01 2.06916392e-01 3.61701190e-01
    4.23002660e-01 1.42789632e-01 4.32915568e-01 6.95149183e-01
    6.47636890e-01 7.04431236e-01 2.67621875e-02 3.94186705e-01
    4.93251383e-01 9.40770388e-01 1.27299786e-01 5.86408198e-01
    5.75973511e-01 9.97879624e-01 4.56303269e-01 9.15053248e-01
    6.18438542e-01 2.95252919e-01 8.37425768e-01 2.29691714e-01
    3.81167650e-01 6.73495770e-01 1.93074822e-01 5.81485271e-01
    8.38724971e-01 8.27920079e-01 6.60143554e-01 5.57227612e-01
    4.07284290e-01 6.67694628e-01 5.67187488e-01 1.07593834e-01
    4.18465555e-01 9.35811281e-01 8.37069213e-01 9.50489759e-01
    4.29712355e-01 1.52550668e-01 3.13937068e-02 8.76440585e-01
    8.87466490e-01 8.86107385e-02 7.84218431e-01 3.18458200e-01
    1.10705972e-01 6.19632661e-01 7.01380610e-01 5.92911541e-02
    6.57007158e-01 8.99120986e-01 5.60048819e-01 6.43348098e-01
    7.44140089e-01 6.25181675e-01 4.12802935e-01 7.97162116e-01
    8.85335922e-01 1.92524254e-01 5.21785021e-02 9.48797464e-02
    2.28231788e-01 4.34061766e-01 8.88392508e-01 3.28583717e-01
    9.66627181e-01 2.97859609e-01 1.68248057e-01 1.76097453e-02
    9.66915727e-01 1.04850262e-01 7.64815092e-01 4.42411304e-02
    7.79413164e-01 4.88198280e-01 5.63024402e-01 9.67342734e-01
    6.58758283e-01 1.94922268e-01 6.90111756e-01 6.03285432e-01
    2.13397384e-01 8.52346599e-01 9.50748622e-01 9.42973495e-01
    9.65654254e-01 4.76704478e-01 1.17195338e-01 7.24813282e-01
    1.43450290e-01 5.71372151e-01 5.66481531e-01 6.23231351e-01
    2.09016025e-01 9.89740491e-01 1.44447386e-01 7.06924140e-01
    1.87886626e-01 4.21672910e-01 5.78339756e-01 7.51950562e-01
    5.23190379e-01 4.44447100e-02 4.22899842e-01 2.03769952e-01
    5.44222057e-01 9.69482541e-01 2.37522751e-01 5.00978649e-01
    6.43131435e-01 1.23992294e-01 9.06182647e-01 5.89970827e-01
    7.84483552e-02 8.98650646e-01 6.92644894e-01 9.14713562e-01
    1.43936336e-01 5.77005327e-01 8.59711945e-01 3.65157485e-01
    3.16875458e-01 8.33014488e-01 6.47727132e-01 1.42009884e-01
    3.90483409e-01 5.41060805e-01 1.70217246e-01 4.72900808e-01
    3.14467371e-01 9.91008162e-01 2.23619968e-01 9.37375546e-01
    5.18307447e-01 8.70986581e-01 6.99847221e-01 9.29142237e-01
    4.72473711e-01 8.08077753e-01 9.81819272e-01 8.39430451e-01
    3.50363761e-01 5.16368389e-01 3.19559872e-02 7.97373950e-01
    4.44174111e-01 2.03962088e-01 5.39068580e-02 5.92568517e-02
    9.26158965e-01 7.98098803e-01 8.92204881e-01 2.26026535e-01
    7.12379873e-01 7.70877421e-01 9.52430189e-01 3.56510222e-01
    3.19617540e-01 8.22165608e-03 7.83999503e-01 8.77643347e-01
    9.18765783e-01 8.69423985e-01 4.55765605e-01 6.34619474e-01
    5.11830747e-01 5.43887675e-01 8.43632102e-01 8.19752336e-01
    1.92953736e-01 3.80713224e-01 7.45526552e-01 3.92807037e-01
    9.38663304e-01 4.90492940e-01 4.39401984e-01 1.52898520e-01
    6.27046227e-02 4.21914428e-01 1.14997238e-01 4.94404584e-01
    9.35908914e-01 1.24249637e-01 4.41744030e-02 6.32043302e-01
    1.95428699e-01 1.51738822e-02 7.87342489e-01 3.00115347e-01
    8.14980984e-01 6.48095965e-01 7.24673092e-01 7.44299591e-01
    8.68302941e-01 9.93925750e-01 8.95968080e-01 2.47093737e-02
    4.23607349e-01 8.00670862e-01 9.90467072e-01 2.98607081e-01
    7.66636729e-01 8.04980159e-01 3.65459949e-01 2.52012908e-01
    7.65793681e-01 3.02044839e-01 2.61381507e-01 5.21418691e-01
    8.50901246e-01 6.84276998e-01 7.91578531e-01 3.18071485e-01
    7.47671127e-01 3.62780392e-02 5.94573200e-01 4.46025491e-01
    8.33538234e-01 4.19909537e-01 5.71924269e-01 7.02974200e-03
    6.41206682e-01 7.45843112e-01 7.66903520e-01 1.90733075e-01
    7.38538742e-01 6.91942453e-01 9.76518631e-01 9.68230486e-01
    4.62801933e-01 5.87537825e-01 9.34593558e-01 2.76809633e-01
    3.62346113e-01 4.84329164e-01 2.87906021e-01 3.10921133e-01
    6.49541914e-02 6.17879868e-01 4.00343418e-01 3.46858263e-01
    2.78415322e-01 1.13440961e-01 4.50150102e-01 2.06007630e-01
    3.69601995e-01 9.93225217e-01 4.91563022e-01 8.04834723e-01
    3.34939510e-01 6.23489857e-01 9.67687368e-01 7.01082051e-01
    9.01267946e-01 2.10535616e-01 1.87560678e-01 4.89935488e-01
    3.79275113e-01 5.51685274e-01 5.87142587e-01 8.52097988e-01
    8.25407028e-01 2.46715695e-01 5.16165614e-01 1.56728327e-01
    7.74918795e-01 8.96260798e-01 3.13127369e-01 5.39393604e-01
    5.79625368e-01 9.40810561e-01 6.99122071e-01 6.36836886e-01
    8.10651183e-01 4.58675534e-01 5.30943453e-01 6.41578257e-01
    3.65669250e-01 6.20299160e-01 4.54707175e-01 7.88111031e-01
    2.53255814e-01 3.90488863e-01 1.84328973e-01 4.36332494e-01
    7.57359743e-01 2.11733848e-01 1.06222808e-01 4.52364832e-01
    1.51904404e-01 8.20473671e-01 4.08131778e-02 3.87048721e-03
    4.08334613e-01 2.72390991e-01 7.91009307e-01 6.84240162e-01
    9.53890026e-01 1.28135353e-01 1.33205503e-01 5.36726177e-01
    6.19324744e-01 5.93568206e-01 3.60735774e-01 1.86891168e-01
    1.09976828e-01 7.50474811e-01 4.98525828e-01 9.12961841e-01
    6.40438914e-01 4.34747994e-01 3.27485800e-01 4.62882459e-01
    6.60867095e-01 3.63785475e-01 9.64252710e-01 8.89305949e-01
    1.45895302e-01 3.97750646e-01 7.74985433e-01 6.17890060e-01
    9.62114036e-02 2.81105727e-01 1.08593971e-01 8.59527528e-01
    5.18337667e-01 9.96767461e-01 6.68040216e-02 5.52335620e-01
    1.15902871e-01 3.37055862e-01 8.44647646e-01 1.17729604e-02
    5.79344034e-02 7.88724244e-01 4.08751428e-01 7.48320758e-01
    8.95876288e-01 9.88365889e-01 3.37473214e-01 6.91204786e-01
    5.34036398e-01 3.39036375e-01 2.11021394e-01 6.85398340e-01
    9.20949578e-02 2.19442397e-01 5.03520727e-01 8.46924722e-01
    9.41194415e-01 2.04537332e-01 2.01687276e-01 9.77888405e-02
    5.59903800e-01 7.15277195e-01 2.27272123e-01 3.50782931e-01
    8.42614591e-01 9.84772265e-01 4.18666303e-01 5.67870617e-01
    3.94078851e-01 1.88098937e-01 4.53255743e-01 2.74914384e-01
    5.58213115e-01 1.46211058e-01 9.47024882e-01 2.05872327e-01
    6.04456604e-01 6.28302991e-01 1.22087836e-01 7.24091530e-01
    2.01151609e-01 1.37206912e-02 7.55850971e-01 5.29411137e-02
    4.70805138e-01 4.43754256e-01 1.22630209e-01 3.53975922e-01
    8.59180987e-02 8.94233763e-01 6.50194287e-02 4.91995066e-01
    6.16754889e-02 5.13883650e-01 7.26661325e-01 1.88326627e-01
    8.06430757e-01 3.70376617e-01 8.73565197e-01 3.23314607e-01
    2.13655502e-01 9.84906137e-01 1.71770185e-01 8.52347553e-01
    9.63577628e-01 8.68762851e-01 7.62775660e-01 7.34165907e-01
    4.10166234e-01 2.11620659e-01 9.02158856e-01 2.44434178e-02
    1.62009746e-01 6.22015953e-01 8.72309327e-01 6.18873596e-01
    6.13967657e-01 4.68368858e-01 3.83072197e-01 5.30593991e-02
    3.30624402e-01 9.23292160e-01 8.20822954e-01 1.78569794e-01
    1.56263530e-01 6.83917940e-01 7.87922502e-01 9.10414159e-02
    1.70958728e-01 3.01518261e-01 4.00850832e-01 5.09481072e-01
    8.88185799e-02 7.56966591e-01 4.25449669e-01 3.09361160e-01
    2.75502324e-01 2.18689203e-01 1.85948223e-01 9.83466148e-01
    3.74316454e-01 2.16691911e-01 6.79299474e-01 8.35337341e-02
    1.48448646e-01 6.10104024e-01 7.39149153e-02 9.41047728e-01
    2.18910247e-01 9.51889277e-01 3.19662035e-01 4.24013853e-01
    9.62536871e-01 3.22574914e-01 2.20142663e-01 4.84124124e-02
    1.45316124e-01 6.67434573e-01 1.04869097e-01 3.85129511e-01
    7.29415953e-01 4.27139372e-01 2.37479508e-01 4.28504556e-01
    6.62990749e-01 6.75754189e-01 9.39975917e-01 6.10949218e-01
    3.95368040e-01 8.31103683e-01 1.84198588e-01 5.00953674e-01
    2.68232524e-01 8.58416557e-01 6.57697260e-01 2.04753876e-01
    5.06567895e-01 4.14579153e-01 3.42418253e-01 1.31046593e-01
    3.57323587e-02 5.20254076e-02 2.11742699e-01 4.03564930e-01
    7.51832724e-01 4.47685122e-01 6.93057537e-01 1.26501024e-02
    3.01555634e-01 1.60535842e-01 4.47576046e-01 6.31442666e-02
    6.18607402e-01 2.41514027e-01 1.35730594e-01 7.28548288e-01
    2.84993023e-01 2.34444708e-01 8.16253483e-01 9.16151881e-01
    9.67733860e-02 4.15251076e-01 4.36743706e-01 7.24761426e-01
    8.86922956e-01 1.83920205e-01 4.49198902e-01 3.54356915e-01
    7.30815411e-01 4.29774523e-01 9.17627573e-01 4.72176284e-01
    1.86897248e-01 4.73081321e-01 2.94466287e-01 4.46072578e-01
    8.19335461e-01 3.95417809e-01 6.62862778e-01 3.96529227e-01
    6.58159018e-01 9.18236852e-01 9.86157417e-01 4.88951862e-01
    5.96488595e-01 6.70578718e-01 1.59253627e-01 7.83637404e-01
    8.81826520e-01 1.16166890e-01 1.81839794e-01 7.85240531e-01
    9.41808343e-01 4.13971335e-01 9.64249969e-01 3.61104220e-01
    6.92486823e-01 2.01988488e-01 3.58133674e-01 3.66102368e-01
    5.34638405e-01 7.14141726e-01 9.03539538e-01 8.76426339e-01
    8.26823831e-01 8.10070217e-01 6.58591747e-01 1.17680579e-01
    5.31423092e-01 4.84576523e-01 3.15300345e-01 9.51960921e-01
    9.48681235e-02 2.74043262e-01 6.77503645e-02 3.48758280e-01
    7.36933708e-01 8.83743584e-01 2.44314015e-01 3.37970108e-01
    8.68976116e-03 5.49762666e-01 5.66962957e-02 6.95335746e-01
    6.50416017e-01 7.15461254e-01 6.17018759e-01 3.34443539e-01
    8.17610085e-01 5.33770800e-01 4.34041172e-01 8.49142671e-01
    3.81751537e-01 9.33567762e-01 4.32393938e-01 9.11180258e-01
    8.77854109e-01 8.42461586e-01 9.51828361e-01 9.35292006e-01
    9.33412910e-02 3.34517241e-01 1.90898180e-02 4.08400267e-01
    9.93736863e-01 8.51088285e-01 7.27656960e-01 8.11502457e-01
    2.29205787e-01 9.03212428e-02 5.47145844e-01 1.42685592e-01
    2.06749141e-01 2.48280317e-01 8.79714906e-01 4.22672689e-01
    4.82068151e-01 5.48873186e-01 8.39940071e-01 5.03422022e-01
    5.39278388e-01 8.69209170e-01 5.95669627e-01 2.79528618e-01
    2.69686043e-01 7.10122466e-01 2.70331293e-01 5.12668848e-01
    5.50077319e-01 6.56036794e-01 7.32928276e-01 9.48297381e-01
    6.82600856e-01 2.27698445e-01 5.55878997e-01 8.60334992e-01
    2.56554246e-01 7.91543722e-01 9.33607221e-02 7.04365015e-01
    1.28944218e-01 5.90471029e-01 5.62072754e-01 1.37403697e-01
    2.19283581e-01 1.80080533e-02 2.11297393e-01 2.70945370e-01
    5.54486573e-01 5.11141539e-01 3.77671391e-01 5.13029516e-01
    7.30788231e-01 2.80765533e-01 5.17941773e-01 2.39694327e-01
    8.71303380e-02 3.30952436e-01 4.09335911e-01 1.38783753e-02
    4.21963602e-01 8.87504756e-01 6.41235471e-01 1.30952328e-01
    7.96808660e-01 7.70148754e-01 1.26827806e-01 1.24422401e-01
    2.13798404e-01 3.19348574e-02 9.13996994e-02 8.20263207e-01
    2.03812689e-01 8.25706363e-01 5.43776393e-01 3.85673940e-01
    5.20057976e-02 3.03036273e-01 4.38447595e-02 4.25482571e-01
    4.44518656e-01 7.59110332e-01 6.78352773e-01 1.42778844e-01
    2.85989732e-01 6.32133484e-01 5.82384765e-02 1.52689278e-01
    7.78010190e-01 6.50033355e-01 6.87224627e-01 6.13825560e-01
    8.49398732e-01 1.16280019e-01 9.81485128e-01 5.76995313e-01
    5.89738429e-01 1.07207775e-01 2.19110906e-01 8.58836293e-01
    9.10456419e-01 6.43208206e-01 6.80532098e-01 9.69837666e-01
    9.33204114e-01 6.97215557e-01 4.04570162e-01 2.29101121e-01
    4.78100151e-01 8.94872248e-01 2.37005949e-03 3.37950557e-01
    9.84938383e-01 7.32448280e-01 6.66504264e-01 3.89687926e-01
    5.44076443e-01 9.78960812e-01 9.45792198e-01 1.12066418e-01
    2.92507470e-01 4.12705898e-01 4.19022143e-02 7.50869632e-01
    1.11563206e-01 8.49974811e-01 6.36684597e-02 8.12289894e-01
    9.08515692e-01 8.27978015e-01 2.18151152e-01 5.62048852e-01
    8.51496458e-01 6.67591095e-01 6.34908438e-01 1.66683108e-01
    9.28971410e-01 2.21370161e-02 5.68754375e-01 4.30087626e-01
    6.41340971e-01 1.02262437e-01 9.13074255e-01 6.34153605e-01
    9.48088288e-01 1.96568638e-01 4.61794615e-01 4.64058518e-01
    1.64900482e-01 3.35405201e-01 1.46858931e-01 1.32462084e-02
    9.76979971e-01 3.54576528e-01 9.04501677e-01 9.75440741e-01
    7.94315279e-01 9.28197503e-01 5.73796749e-01 4.95129853e-01
    7.82465458e-01 5.32152057e-01 1.89223439e-01 3.25062811e-01
    9.27497566e-01 4.04792041e-01 2.54080176e-01 1.22914761e-01
    9.03043389e-01 3.64503205e-01 5.19644499e-01 1.04202986e-01
    1.93081141e-01 8.20648909e-01 4.94253218e-01 9.92572606e-02
    7.19760954e-01 2.88781852e-01 6.33948803e-01 9.92657363e-01
    2.87072361e-02 2.16112494e-01 4.06562954e-01 6.45391047e-02
    2.98792660e-01 5.45216024e-01 8.52169633e-01 1.05762839e-01
    3.36165369e-01 9.18780327e-01 1.48956716e-01 3.99132699e-01
    7.51374424e-01 9.70192313e-01 2.77057767e-01 6.30582869e-01
    2.69264579e-01 4.75421071e-01 7.10270584e-01 6.80667758e-01
    8.23363304e-01 4.09369588e-01 6.93014920e-01 2.10489243e-01
    2.88384914e-01 8.81048560e-01 9.83402967e-01 5.25869608e-01
    3.26767981e-01 3.12862098e-01 7.48031735e-01 8.04351926e-01
    7.73439646e-01 8.98866653e-01 2.32745379e-01 3.14415336e-01
    3.57395351e-01 8.78269076e-01 1.02941900e-01 8.10362995e-02
    3.66089463e-01 9.63620782e-01 6.57882929e-01 7.16037273e-01
    9.96131420e-01 9.40784693e-01 9.74902689e-01 3.34072948e-01
    5.60983658e-01 2.58487672e-01 3.36758018e-01 5.80435276e-01
    7.18070388e-01 2.65815556e-02 6.13932431e-01 5.31866610e-01
    2.01308727e-03 5.94602883e-01 9.33386505e-01 1.57957792e-01
    1.34133667e-01 2.70178646e-01 4.74410772e-01 5.32431901e-01
    7.28924334e-01 5.66482484e-01 2.22216547e-01 3.00712496e-01
    6.57063246e-01 9.20196354e-01 5.10493636e-01 1.46528721e-01
    3.30388755e-01 8.96385550e-01 7.22905517e-01 1.68282449e-01
    2.46365666e-02 8.81307721e-02 5.33822119e-01 1.60129875e-01
    5.08597314e-01 1.88587934e-01 9.76014256e-01 1.60053879e-01
    5.43894649e-01 2.61645108e-01 1.52968854e-01 2.15604752e-01
    8.50583255e-01 2.01914281e-01 9.18456614e-02 1.72443539e-01
    2.38196284e-01 1.20439231e-01 5.97109079e-01 7.59124458e-01
    8.47401917e-02 6.64865732e-01 2.18198627e-01 2.25551814e-01
    2.82912195e-01 9.62348282e-02 8.41064513e-01 8.54957581e-01
    7.15925574e-01 2.03142971e-01 4.24484640e-01 2.26264328e-01
    2.90147752e-01 9.67973292e-01 3.52840185e-01 9.79403138e-01
    8.43124747e-01 6.00327849e-01 9.26135778e-01 2.42040366e-01
    5.46874106e-01 3.38306189e-01 4.21353579e-01 8.15200984e-01
    7.07211316e-01 1.63116246e-01 7.30515599e-01 8.49907398e-01
    3.54122311e-01 6.03821874e-02 9.68761444e-01 5.84183931e-02
    3.28287601e-01 4.85609859e-01 9.93021786e-01 8.00853491e-01
    3.83947641e-01 8.60100746e-01 6.07300520e-01 3.27315032e-01
    5.13190985e-01 8.17522407e-02 9.00581121e-01 2.46623993e-01
    9.22035694e-01 2.30686575e-01 2.06754982e-01 3.57976377e-01
    2.42043287e-01 2.18076259e-01 4.52255309e-01 1.43679976e-02
    6.85787320e-01 2.82874286e-01 4.60786581e-01 5.52341640e-02
    9.48746920e-01 9.70880985e-01 2.11394370e-01 7.91932642e-02
    6.41159117e-02 5.32502830e-01 5.24050891e-01 5.33486128e-01
    5.28155565e-01 4.29814547e-01 6.23778284e-01 4.03152972e-01
    5.25503516e-01 8.82871270e-01 4.82466817e-03 6.17320836e-01
    4.46062148e-01 9.81905103e-01 5.19378841e-01 6.76762760e-02
    9.05207694e-01 7.59749651e-01 2.54706740e-02 5.84349751e-01
    5.64191937e-01 2.15215683e-02 8.60863924e-02 8.36550832e-01
    2.20913649e-01 4.06573772e-01 5.83533645e-01 3.28874141e-01
    7.33189464e-01 8.72923613e-01 5.73744476e-01 7.93270767e-02
    9.87149835e-01 3.60702276e-01 1.44021362e-01 9.88448262e-02
    3.79731834e-01 5.66622317e-01 3.42225760e-01 2.45238751e-01
    6.14544868e-01 8.83593917e-01 8.80691111e-02 6.13774538e-01
    3.80437553e-01 8.31224680e-01 2.67386079e-01 9.09610987e-01
    5.27356803e-01 5.48881531e-01 3.37908685e-01 9.96370316e-01
    1.24401450e-02 8.31149101e-01 1.54072464e-01 9.35555696e-01
    8.75527978e-01 1.43825412e-02 9.38484192e-01 7.38829851e-01
    7.78266430e-01 5.20091653e-01 7.66682982e-01 3.17300081e-01
    7.65147686e-01 1.26895279e-01 6.79603934e-01 1.85247004e-01
    9.66323256e-01 3.82217884e-01 7.64032662e-01 8.20453882e-01
    9.73978162e-01 4.96292591e-01 1.74327403e-01 6.46271229e-01
    6.53108835e-01 4.23292726e-01 5.48357904e-01 6.36363208e-01
    1.32154614e-01 5.65634966e-01 2.86290348e-01 8.06212783e-01
    1.28097743e-01 4.18155998e-01 5.34110010e-01 8.97340119e-01
    7.39953220e-01 2.58984983e-01 2.82547534e-01 3.74324441e-01
    6.53495491e-01 7.06107497e-01 5.77652991e-01 9.69266236e-01
    4.65249777e-01 7.44100094e-01 6.11704469e-01 1.80651903e-01
    3.81004125e-01 8.37191701e-01 7.87115097e-01 2.67131925e-02
    7.00154305e-01 5.30962586e-01 2.64990926e-02 8.41405153e-01
    5.18608034e-01 6.30795717e-01 2.47927934e-01 1.48200095e-01
    7.72954166e-01 6.99828804e-01 7.20491529e-01 5.26981294e-01
    6.63510561e-01 1.30274594e-02 7.69095778e-01 5.73129237e-01
    9.55916941e-01 8.93839598e-01 2.25821584e-01 7.77863026e-01
    1.10408723e-01 1.07077330e-01 2.65172362e-01 5.82908630e-01
    1.08239681e-01 2.05239683e-01 6.53399169e-01 9.56940174e-01
    3.06644082e-01 2.94556201e-01 1.27874225e-01 6.95921183e-02
    4.39393312e-01 3.84442598e-01 2.57164299e-01 7.46584654e-01
    7.27411747e-01 7.57165670e-01 8.31308365e-01 5.43291211e-01
    1.88174039e-01 3.66223872e-01 2.65966594e-01 6.88528240e-01
    1.56030327e-01 6.97216272e-01 8.94736052e-01 8.95751894e-01
    1.06905669e-01 7.11783171e-01 8.86722386e-01 2.52501130e-01
    8.30846906e-01 3.04901779e-01 1.57634586e-01 6.43822014e-01
    1.18224502e-01 7.63006330e-01 6.30583465e-01 9.45337415e-01
    3.36367548e-01 6.69541001e-01 9.82749879e-01 4.46147323e-02
    3.73020351e-01 8.60398054e-01 8.31972063e-01 5.71278274e-01
    3.45843941e-01 5.23834169e-01 3.59639525e-03 2.96242118e-01
    5.53786814e-01 3.80824327e-01 7.53556371e-01 2.36075103e-01
    3.44381064e-01 8.04802597e-01 1.28149807e-01 7.60959864e-01
    2.81119406e-01 5.47601104e-01 2.61892289e-01 9.13124323e-01
    4.49913740e-02 8.29100370e-01 8.42855215e-01 2.08210915e-01
    7.39866436e-01 1.06840968e-01 6.63628578e-01 1.96553916e-01
    3.90916020e-01 8.62211466e-01 7.09603429e-01 6.12023115e-01
    4.51008350e-01 7.45303035e-02 2.44140834e-01 8.35540593e-01
    3.24601769e-01 2.56655812e-02 8.61569405e-01 8.49886894e-01
    7.53330529e-01 4.59157705e-01 7.79895961e-01 9.45017815e-01
    7.04202175e-01 1.94547445e-01 9.11944270e-01 5.68129897e-01
    6.81476653e-01 2.07739234e-01 8.27696621e-01 6.26501501e-01
    4.23910081e-01 7.57214785e-01 2.67340094e-01 4.47885245e-01
    1.93517059e-01 9.52945769e-01 3.98562342e-01 3.51177007e-01
    7.78985918e-02 6.71371043e-01 6.74171269e-01 6.09183073e-01
    5.97122669e-01 8.40417504e-01 3.80129039e-01 5.26874959e-02
    8.21878672e-01 5.23153007e-01 2.58953452e-01 8.45687568e-01
    6.28003061e-01 1.66229397e-01 7.28645802e-01 5.77989638e-01
    6.46335483e-01 6.60540462e-01 6.69807613e-01 7.10984945e-01
    3.23170960e-01 9.06742394e-01 3.40843856e-01 6.74225271e-01
    7.70178437e-01 4.08081591e-01 1.14108443e-01 5.32852948e-01
    7.30887771e-01 3.78326505e-01 7.88910806e-01 7.85554290e-01
    7.47351170e-01 1.35501921e-01 4.02410090e-01 7.83919752e-01
    4.48306799e-01 1.55125052e-01 8.09760571e-01 7.88279533e-01
    6.09750628e-01 9.17070746e-01 3.07793140e-01 7.95075655e-01
    6.13927901e-01 8.23840320e-01 5.05239427e-01 4.58668977e-01
    7.86254525e-01 1.67785615e-01 4.18469787e-01 3.91768336e-01
    9.16600347e-01 8.81995261e-02 5.25910676e-01 5.72635174e-01
    1.73121125e-01 7.21279502e-01 1.10946298e-01 6.85254037e-01
    5.68991601e-02 2.47398496e-01 7.86996722e-01 5.01341701e-01
    3.98380280e-01 6.63777411e-01 8.07427168e-01 5.02565503e-01
    6.33026719e-01 7.20189869e-01 3.30797076e-01 7.60007977e-01
    6.83901310e-01 8.36688638e-01 8.43354702e-01 7.83795834e-01
    3.20492446e-01 7.68929064e-01 4.97882724e-01 3.50169539e-02
    7.12846577e-01 3.63487840e-01 3.24710995e-01 8.49098682e-01
    6.33447707e-01 6.48510575e-01 1.61326885e-01 8.74668300e-01
    1.52027965e-01 7.56677985e-01 9.19948578e-01 8.91959667e-01
    2.91306078e-02 3.43066990e-01 6.29156649e-01 3.40820014e-01
    7.27120459e-01 5.34205556e-01 8.32492590e-01 6.49031043e-01
    5.02142131e-01 2.57495672e-01 3.30348730e-01 5.87179005e-01
    4.35566813e-01 9.01143193e-01 5.09809256e-02 7.83264041e-01
    6.93150997e-01 4.89134043e-01 3.29581678e-01 3.22259724e-01
    2.41011262e-01 8.77176285e-01 4.28244084e-01 5.51773667e-01
    2.29808927e-01 9.89716887e-01 5.71532547e-02 6.88268006e-01
    2.44036704e-01 2.26874560e-01 2.17274666e-01 7.96039283e-01
    5.56306422e-01 1.76278949e-02 6.76365733e-01 4.69899774e-01
    8.29491019e-02 2.50846148e-01 8.66887689e-01 8.42683434e-01
    8.59320998e-01 5.53537667e-01 8.49248171e-01 6.99189544e-01
    5.32705367e-01 5.33186138e-01 1.30777210e-01 2.00361490e-01
    4.28536654e-01 6.59443140e-01 6.25882506e-01 3.37420106e-01
    5.11694014e-01 7.62032092e-01 3.14324796e-02 2.61282742e-01
    1.29654109e-01 3.16982478e-01 3.29437852e-01 9.26800370e-01
    6.58270061e-01 5.71091413e-01 7.24521458e-01 2.50456840e-01
    7.74005949e-01 3.68896723e-02 1.76208466e-01 4.87706453e-01
    6.23445809e-01 1.66040868e-01 2.47558475e-01 5.53407431e-01
    8.44073296e-02 4.72198725e-02 7.53167152e-01 6.59803391e-01
    6.49465799e-01 3.35305929e-02 3.94028008e-01 4.32621300e-01
    8.47507775e-01 3.99130821e-01 2.35590935e-02 3.86630058e-01
    5.29550493e-01 7.71777987e-01 2.91477412e-01 8.26290131e-01
    6.98100865e-01 3.69796872e-01 3.17013443e-01 9.19875383e-01
    4.96223629e-01 7.31762052e-01 3.07533741e-02 1.43411726e-01
    3.64138663e-01 1.59166217e-01 3.41507971e-01 9.89349782e-02
    6.49790227e-01 2.91654706e-01 1.49070561e-01 9.58745956e-01
    6.47980034e-01 1.51294082e-01 1.44974411e-01 3.98675859e-01
    1.89893425e-01 6.91014528e-03 8.76674950e-01 4.77401942e-01
    3.80422175e-01 6.96437240e-01 6.27335906e-03 2.62587786e-01
    2.63241410e-01 5.05590498e-01 8.52719665e-01 8.15218925e-01
    3.18159431e-01 9.59641337e-01 9.10458863e-01 8.33534241e-01
    3.41311425e-01 5.17099857e-01 3.62116545e-01 6.68155551e-02
    1.52628243e-01 9.07734931e-01 2.03181654e-01 9.40711558e-01
    9.41098094e-01 4.08788919e-01 9.11746621e-02 9.30531859e-01
    8.81532311e-01 1.73351884e-01 8.96661878e-01 7.55744576e-02
    2.19428152e-01 1.88782394e-01 8.38579178e-01 5.27474344e-01
    7.85273314e-01 8.86337936e-01 1.80217803e-01 7.34696507e-01
    2.65585333e-01 7.84430981e-01 4.81669158e-01 7.65143633e-01
    9.06062245e-01 8.06076646e-01 2.90206909e-01 6.12602592e-01
    3.81592393e-01 9.62992489e-01 9.73131657e-01 6.30638659e-01
    4.02351052e-01 5.58437169e-01 4.70430464e-01 3.42154503e-02
    1.11295015e-01 6.61465704e-01 2.06716269e-01 5.90887785e-01
    1.01389110e-01 2.61016130e-01 1.73950434e-01 2.58146465e-01
    2.45324165e-01 8.95350695e-01 3.02374393e-01 3.33639711e-01
    8.57010603e-01 5.78575373e-01 5.02962232e-01 2.58448213e-01
    3.36391062e-01 9.87107635e-01 3.08336914e-01 3.10859561e-01
    8.24979424e-01 2.54429758e-01 9.15201068e-01 5.97030818e-02
    4.24999326e-01 9.44071412e-01 4.65776622e-01 6.92972660e-01
    1.80985034e-02 7.43620872e-01 7.40333259e-01 8.69467854e-01
    6.70853555e-02 9.43970203e-01 7.45366514e-01 6.65431023e-01
    5.39998174e-01 1.07890427e-01 3.22997332e-01 7.74096191e-01
    4.23856080e-02 8.12862396e-01 6.21441185e-01 4.57090795e-01
    5.14486730e-01 3.42860222e-01 2.20756263e-01 8.24092388e-01
    9.66333449e-02 2.46336371e-01 3.54284465e-01 5.11029780e-01
    5.33215404e-01 1.39373988e-01 5.37204802e-01 8.60898435e-01
    5.44694960e-01 5.31143367e-01 3.42795432e-01 6.34064913e-01
    4.39407110e-01 6.16432548e-01 9.95709360e-01 6.79236829e-01
    5.75190306e-01 6.51493609e-01 2.34841138e-01 6.59174681e-01
    9.49400783e-01 6.93498611e-01 5.90886116e-01 6.51181936e-02
    8.12373281e-01 4.92969453e-01 2.37372279e-01 1.72138184e-01
    9.91258323e-01 5.23902774e-01 6.22114062e-01 5.37419498e-01
    6.87968254e-01 6.85413241e-01 4.83451545e-01 7.43201137e-01
    9.20148075e-01 6.62867129e-02 6.97567582e-01 1.00532353e-01
    6.54743075e-01 3.61645639e-01 6.03579044e-01 7.77302563e-01
    6.43577456e-01 2.80475736e-01 3.34428549e-01 6.71515763e-01
    1.08458430e-01 3.05553019e-01 5.77002823e-01 6.15690231e-01
    2.40235358e-01 4.47262853e-01 5.85328043e-01 3.67762566e-01
    7.84606934e-01 9.03620780e-01 2.50633299e-01 4.96991426e-01
    6.07493758e-01 2.90549815e-01 3.76596212e-01 9.98734832e-01
    2.30125427e-01 2.96361506e-01 2.90310681e-02 9.32101011e-01
    1.17528051e-01 2.36774683e-01 4.12191629e-01 2.58532822e-01
    2.08811253e-01 1.11691594e-01 3.01367253e-01 7.32033134e-01
    8.87950480e-01 8.95245731e-01 2.85535455e-01 1.48379952e-01
    3.80031645e-01 4.92931932e-01 7.05924630e-02 9.23584104e-01
    7.30798244e-01 3.72044861e-01 1.92643017e-01 5.94081581e-02
    7.55310893e-01 8.52810204e-01 6.19555593e-01 3.59306812e-01
    8.57419789e-01 6.80763960e-01 5.38570523e-01 6.13112152e-02
    3.50912929e-01 7.08110690e-01 1.54661983e-01 9.65140581e-01
    6.15747154e-01 3.22959900e-01 9.84637856e-01 2.93004394e-01
    4.20993030e-01 4.33457673e-01 6.28599286e-01 9.82918620e-01
    5.49277306e-01 8.72940421e-02 2.53573000e-01 9.14091587e-01
    7.79309869e-01 4.47619557e-01 3.56243312e-01 2.67702907e-01
    4.72747654e-01 7.01138377e-03 3.13654453e-01 5.50616860e-01
    5.44123352e-02 4.82542485e-01 4.80671525e-01 4.27206159e-01
    2.85550535e-01 1.28594279e-01 4.20090258e-02 2.74309456e-01
    9.34838355e-02 6.60466552e-01 4.68936801e-01 4.89152968e-01
    8.47197413e-01 2.99362034e-01 7.00690866e-01 4.35103655e-01
    1.16623580e-01 2.31674224e-01 2.87106037e-02 1.05128914e-01
    8.33533049e-01 6.35881305e-01 4.01411206e-01 9.03119802e-01
    6.98067784e-01 7.81281352e-01 2.06662118e-02 1.61330372e-01
    6.59878969e-01 3.38805258e-01 4.56108510e-01 6.81620240e-01
    5.47855198e-01 1.05423331e-02 3.80212784e-01 6.17445350e-01
    2.72843271e-01 1.83664352e-01 6.16389513e-01 8.84073794e-01
    5.23818552e-01 8.93952668e-01 1.49367809e-01 5.59414804e-01
    7.16979682e-01 9.34846938e-01 1.54075235e-01 4.28613067e-01
    5.57597041e-01 4.13718551e-01 4.27667201e-02 7.70682812e-01
    6.93854809e-01 8.06037068e-01 3.72568071e-01 5.32020330e-01
    8.84920239e-01 7.12415040e-01 3.17722559e-01 2.21715778e-01
    3.82403433e-01 8.05950820e-01 9.04622078e-01 6.99648142e-01
    3.28572661e-01 6.68603480e-02 8.30503106e-01 9.98667777e-01
    4.20199037e-01 7.12767422e-01 6.14782512e-01 9.62591529e-01
    1.69647723e-01 2.28194296e-01 9.13120151e-01 4.10760194e-01
    7.08745718e-01 2.92865247e-01 2.94816196e-02 3.92285287e-01
    4.55426574e-02 5.89722991e-02 5.49111664e-01 6.75170779e-01
    6.71155512e-01 2.76524454e-01 9.54396963e-01 7.31463492e-01
    7.97817290e-01 4.73790526e-01 2.86453187e-01 4.46462333e-01
    3.84963453e-01 2.62176156e-01 3.09845150e-01 7.91297436e-01
    2.82912135e-01 1.26701504e-01 9.75681663e-01 9.82476950e-01
    4.35877740e-01 4.59531069e-01 6.49925649e-01 5.35596073e-01
    6.80984855e-01 8.20214331e-01 7.10524142e-01 5.67472458e-01
    1.92735404e-01 3.66152227e-02 1.83030814e-01 7.93222785e-02
    3.11339110e-01 2.53745556e-01 9.50400352e-01 7.25810170e-01
    2.94560879e-01 9.44712758e-02 8.08805645e-01 2.45311618e-01
    7.33115911e-01 3.71165812e-01 3.97053957e-01 1.65615052e-01
    4.66279089e-02 5.01599669e-01 1.93594277e-01 9.59631860e-01
    3.28292221e-01 9.74211693e-01 5.59919357e-01 8.85892093e-01
    2.09652007e-01 4.63984668e-01 9.24525201e-01 4.58243340e-01
    8.64083052e-01 2.66665816e-01 7.03369856e-01 6.79498076e-01
    6.33115292e-01 8.34079802e-01 2.47872263e-01 6.88613474e-01
    4.26900744e-01 4.57856536e-01 5.34549356e-03 5.65391541e-01
    6.68755293e-01 2.12937534e-01 7.33032584e-01 3.40111196e-01
    9.76482391e-01 3.01892072e-01 6.71797156e-01 6.55223370e-01
    5.51948845e-02 9.03721571e-01 8.82585406e-01 8.31895709e-01
    3.79213631e-01 5.10385811e-01 2.18684375e-01 6.89491570e-01
    8.43080938e-01 2.11085618e-01 9.67194438e-01 1.56525820e-01
    9.12515461e-01 5.38290799e-01 3.43439281e-02 9.50170517e-01
    4.46142972e-01 9.97779310e-01 3.65410745e-02 2.16330826e-01
    4.22769099e-01 8.22994947e-01 8.83994102e-02 4.74230438e-01
    1.97717339e-01 9.68329072e-01 1.85633451e-01 6.81948066e-01
    5.09835482e-02 6.45686388e-01 3.35064471e-01 6.32202446e-01
    8.06421041e-03 4.92842257e-01 4.90377724e-01 1.74034655e-01
    2.25248396e-01 3.21812868e-01 2.98980236e-01 1.87888443e-01
    5.79369783e-01 7.21112370e-01 8.25555563e-01 8.45773101e-01
    1.60801739e-01 6.31247759e-01 5.52652299e-01 4.91934627e-01
    2.81409025e-01 2.19559997e-01 1.82752937e-01 5.87260485e-01
    1.53664947e-02 5.15404105e-01 6.81415677e-01 1.55550689e-01
    2.13156372e-01 2.55769134e-01 9.81222987e-01 7.17339814e-01
    1.30156994e-01 1.67725414e-01 7.30839849e-01 9.49863315e-01
    2.06478149e-01 5.67580879e-01 1.56616688e-01 4.85302389e-01
    4.34532583e-01 7.57994294e-01 2.69016862e-01 2.81525254e-01
    8.63359630e-01 5.51767111e-01 4.42145348e-01 5.38387537e-01
    1.35578781e-01 9.11673069e-01 7.53597796e-01 8.40974569e-01
    3.69991660e-01 8.48353207e-02 1.31264389e-01 5.33828318e-01
    1.01002157e-02 8.79240930e-01 9.34186459e-01 8.76009107e-01
    8.38433981e-01 4.54154968e-01 7.59935379e-01 2.73894310e-01
    4.62674499e-01 4.13679242e-01 5.34780204e-01 6.88022017e-01
    2.04897940e-01 5.70547104e-01 9.43680286e-01 9.44260001e-01
    2.27951407e-02 8.77875209e-01 3.28973621e-01 1.81125462e-01
    8.74717236e-01 7.60403454e-01 3.07888150e-01 6.00685179e-01
    1.55341327e-02 8.24537694e-01 2.55376101e-02 9.80765820e-01
    4.25223321e-01 8.19893718e-01 7.78427243e-01 2.92401016e-02
    5.36869526e-01 6.76008403e-01 9.47042227e-01 4.36889052e-01
    8.37205648e-02 9.03754532e-02 2.69672304e-01 6.34113789e-01
    6.18553638e-01 2.42866129e-01 7.48168826e-01 4.66153204e-01
    2.19248831e-02 2.28323340e-01 1.40121788e-01 2.06923038e-01
    2.99504369e-01 8.44989657e-01 3.74858975e-02 6.74125612e-01
    6.93150997e-01 8.18083584e-02 4.96659338e-01 7.31015563e-01
    7.54702330e-01 2.16448247e-01 9.92481947e-01 6.82175517e-01
    6.32715940e-01 6.50996268e-02 4.21161473e-01 4.31284904e-01
    8.35677266e-01 1.86645091e-02 5.03491819e-01 1.10244274e-01
    4.26368088e-01 4.16148543e-01 5.21709442e-01 5.44793546e-01
    7.07885861e-01 3.80078077e-01 5.57037413e-01 7.55040050e-01
    4.56658959e-01 6.57214999e-01 4.72996354e-01 7.87658811e-01
    5.06409168e-01 7.88836122e-01 3.84851396e-01 9.46099401e-01
    1.74465120e-01 3.85710478e-01 1.10325545e-01 6.48311853e-01
    6.57903612e-01 7.53827035e-01 3.43359411e-02 4.06798124e-02
    6.18435860e-01 7.94333994e-01 5.71557641e-01 5.90891898e-01
    2.66711771e-01 7.64504075e-01 8.04143429e-01 9.38450933e-01
    3.89433205e-02 8.36660147e-01 8.88362050e-01 3.40927362e-01
    7.64274299e-01 9.65290725e-01 7.69055367e-01 4.93246615e-01
    7.99385428e-01 5.14796436e-01 4.12558019e-01 7.38226891e-01
    4.36531276e-01 6.33754969e-01 9.29257393e-01 5.57262301e-02
    3.54415238e-01 9.03930545e-01 2.73084641e-01 5.92026353e-01
    8.84192884e-01 7.91624308e-01 5.49412727e-01 6.70167804e-03
    4.45732474e-02 2.13936478e-01 1.96293682e-01 5.17883241e-01
    6.96015060e-02 7.56144047e-01 1.55453563e-01 8.74562800e-01
    8.55259597e-01 7.83392966e-01 2.82206684e-01 5.27890265e-01
    3.36699009e-01 8.02943707e-01 4.85908449e-01 6.79635823e-01
    6.39319479e-01 3.95195752e-01 5.49468577e-01 3.23967814e-01
    6.45795584e-01 6.68993235e-01 2.75021940e-01 2.65747488e-01
    9.80654359e-02 4.51172829e-01 9.61168528e-01 4.14146125e-01
    7.79755712e-01 4.96859998e-01 9.10047948e-01 3.66515517e-01
    5.87260127e-01 8.89631212e-01 5.68278790e-01 7.84704089e-01
    5.43413520e-01 1.50564313e-02 6.72777593e-01 1.69928908e-01
    1.44047916e-01 1.00062013e-01 9.32751179e-01 3.01637769e-01
    1.60900801e-01 9.58826065e-01 2.90448248e-01 8.87271762e-01
    2.59825200e-01 1.81818873e-01 3.48983854e-01 3.10091674e-02
    4.31506455e-01 2.01346666e-01 7.78132975e-02 6.56277657e-01
    8.75606835e-02 6.25808597e-01 2.65501797e-01 4.47833061e-01
    8.07262897e-01 8.57580543e-01 1.47342920e-01 2.51627147e-01
    7.81727791e-01 9.96859789e-01 3.78453702e-01 8.91403794e-01
    7.99703777e-01 7.50693440e-01 1.67063117e-01 8.88974190e-01
    8.13267946e-01 4.18459833e-01 4.56362605e-01 3.89013976e-01
    7.30843782e-01 4.44477141e-01 1.44123524e-01 5.74326932e-01
    4.19229239e-01 3.83511186e-02 2.82967687e-01 2.24282682e-01
    8.22633684e-01 4.32097614e-01 4.81637120e-02 2.49413967e-01
    2.02003300e-01 7.61808157e-01 5.39674461e-02 5.34255922e-01
    8.28544378e-01 4.77817953e-01 4.32044894e-01 6.74911082e-01
    6.81562841e-01 1.05137706e-01 6.54569030e-01 9.08039749e-01
    6.36887789e-01 9.57750678e-01 2.51241952e-01 6.03532791e-01
    1.94342077e-01 5.10383606e-01 4.25121248e-01 4.62718278e-01
    1.51625663e-01 2.08049417e-01 1.24683499e-01 1.99327648e-01
    6.24976635e-01 2.45872170e-01 6.42418563e-02 5.79931974e-01
    6.12899899e-01 1.40074074e-01 2.20664144e-01 1.96902156e-01
    8.96876335e-01 3.46476793e-01 1.78976804e-01 3.15379381e-01
    4.92604733e-01 1.43161982e-01 6.19740784e-01 3.90084982e-02
    1.04188919e-02 5.22185206e-01 2.89924562e-01 1.29755497e-01
    8.24967980e-01 8.08530331e-01 6.31745160e-01 1.42048419e-01
    7.25476801e-01 6.26497447e-01 6.16854727e-02 6.02669477e-01
    1.68830156e-03 9.48325634e-01 7.93836355e-01 3.03816378e-01
    2.66929448e-01 1.32466912e-01 3.53247821e-01 7.19255090e-01
    5.31709194e-02 5.91739833e-01 8.92115235e-01 1.78480476e-01
    3.69716227e-01 8.02941561e-01 6.97666705e-01 8.85433733e-01
    5.03968358e-01 9.79100227e-01 9.33115602e-01 5.26962459e-01
    9.02410746e-01 9.16127563e-01 2.78626502e-01 8.39017868e-01
    1.45240933e-01 2.31179655e-01 3.11992228e-01 5.94322264e-01
    5.10465801e-01 1.46357715e-02 7.79305398e-02 3.92390311e-01
    5.87125659e-01 3.73809576e-01 9.26508486e-01 3.91090512e-01
    1.29435837e-01 1.99333549e-01 5.96718609e-01 5.05622506e-01
    3.81559640e-01 3.16466272e-01 6.74762368e-01 8.86609912e-01
    1.06493622e-01 4.64696676e-01 3.78302306e-01 4.50012088e-03
    7.67576933e-01 7.86941767e-01 4.44115043e-01 9.38455582e-01
    8.78428817e-02 2.16104239e-01 3.54320258e-01 9.55180168e-01
    6.42993748e-01 1.11774951e-01 7.24733710e-01 6.73741281e-01
    8.91610086e-01 9.23034608e-01 4.65765119e-01 4.91138130e-01
    6.94252551e-01 7.38992274e-01 2.95914173e-01 4.90147114e-01
    7.86808610e-01 5.58749735e-02 5.98998010e-01 3.07914615e-03
    2.89172053e-01 2.79893041e-01 5.59359431e-01 6.96071923e-01
    8.19598198e-01 7.73702383e-01 9.64001358e-01 5.28339982e-01
    6.30222976e-01 3.56359482e-01 1.17704004e-01 4.57582206e-01
    5.26946604e-01 8.81184757e-01 7.52496958e-01 7.36059487e-01
    6.22934461e-01 2.94048935e-01 4.24436033e-02 3.87447745e-01
    1.65845305e-01 5.64244032e-01 3.28598082e-01 8.70849788e-01
    6.87780142e-01 5.38525939e-01 3.77746880e-01 5.56569099e-01
    4.41691428e-01 5.73645711e-01 9.23479557e-01 8.27990770e-01
    6.19143486e-01 2.14809686e-01 8.93673539e-01 5.84866047e-01
    7.92919517e-01 5.09095967e-01 9.01968360e-01 9.37823474e-01
    4.11291182e-01 7.02570975e-01 7.75370240e-01 6.97410464e-01
    4.33894992e-01 3.91918182e-01 2.88644314e-01 2.12508261e-01
    5.07142484e-01 4.24820900e-01 2.04131305e-02 5.75826585e-01
    5.85971892e-01 4.53720421e-01 4.13013965e-01 1.25529766e-01
    2.57456243e-01 8.22721124e-02 3.23671162e-01 4.09924328e-01
    3.33428621e-01 1.28881603e-01 6.96455956e-01 2.35093057e-01
    3.84858131e-01 7.82830536e-01 3.95306766e-01 5.81673682e-01
    6.84515893e-01 6.85606778e-01 6.10882044e-02 6.24605954e-01
    8.91137362e-01 2.46206552e-01 8.47104192e-02 2.46537447e-01
    8.20440531e-01 5.57738960e-01 4.95190114e-01 9.75719213e-01
    7.54894495e-01 6.39275908e-02 7.89670825e-01 6.57310128e-01
    3.06760669e-02 1.97573006e-02 2.81367362e-01 5.62675536e-01
    3.80823016e-01 7.38157868e-01 1.96017414e-01 5.90526819e-01
    2.93179095e-01 6.16890788e-01 4.08603102e-01 3.85782003e-01
    5.55516601e-01 5.16874969e-01 3.85912627e-01 8.62833977e-01
    2.27932334e-02 4.81879711e-01 9.35379148e-01 9.75205660e-01
    6.65951014e-01 2.89889812e-01 5.52078843e-01 5.60526073e-01
    9.37005877e-01 5.04510164e-01 2.42777765e-01 1.70208067e-01
    5.37010491e-01 1.24571651e-01 1.91771448e-01 5.20642817e-01
    3.76443923e-01 2.28445709e-01 4.82454151e-01 6.99542642e-01
    2.94337690e-01 6.07371986e-01 7.82845259e-01 1.00616187e-01
    3.87499481e-01 6.27223730e-01 5.62200367e-01 6.31058037e-01
    1.50402427e-01 9.58938837e-01 9.62846756e-01 3.83785844e-01
    9.83688354e-01 7.00045943e-01 8.96579027e-03 7.11553872e-01
    7.39300430e-01 7.64813066e-01 8.68242681e-02 7.21778512e-01
    3.10485840e-01 7.58737922e-02 7.30802596e-01 2.27484852e-01
    8.86265695e-01 4.50585544e-01 4.69448030e-01 9.63807523e-01
    9.61383700e-01 5.85491419e-01 1.22892797e-01 1.09356940e-02
    6.44085109e-01 3.89481217e-01 3.72068107e-01 9.76028204e-01
    7.61396706e-01 3.14258337e-01 7.39122391e-01 6.28761649e-01
    6.04508638e-01 4.39116031e-01 7.51405358e-02 7.27727532e-01
    9.50119555e-01 2.97155231e-01 5.09377122e-02 1.98773563e-01
    6.64281189e-01 5.52735925e-01 6.98416591e-01 8.80012035e-01
    8.32816243e-01 1.13266945e-01 4.69124824e-01 9.96771336e-01
    5.48421741e-02 9.11408126e-01 2.23981142e-01 8.58417153e-01
    3.28423172e-01 1.05767220e-01 3.61690760e-01 7.20834494e-01
    9.46337581e-01 7.84314990e-01 6.03366673e-01 3.62350702e-01
    9.88378525e-01 1.27989024e-01 5.68334997e-01 5.36274016e-01
    9.49275494e-03 2.63518125e-01 3.42256188e-01 3.85934889e-01
    8.71797919e-01 9.99897599e-01 4.17312682e-01 6.23834670e-01
    2.88877845e-01 8.53147864e-01 6.38069034e-01 6.92803383e-01
    7.59143829e-02 6.27672553e-01 9.68376338e-01 3.78601372e-01
    3.63648683e-01 4.06186849e-01 3.05463493e-01 7.53747821e-01
    9.25057471e-01 5.79034328e-01 6.98553920e-01 2.70899653e-01
    9.94850874e-01 6.15606606e-02 5.34966767e-01 7.82333314e-02
    9.44175363e-01 2.85015553e-01 5.83977342e-01 8.39946210e-01
    7.04324841e-01 5.73543608e-02 3.77100170e-01 3.93053412e-01
    6.02279663e-01 1.88290477e-02 3.95659298e-01 7.53954768e-01
    7.27247179e-01 6.14864767e-01 3.67990375e-01 3.72077256e-01
    2.94325560e-01 2.36658931e-01 5.54429829e-01 9.70613003e-01
    9.25526381e-01 4.26391572e-01 8.53946686e-01 6.28752530e-01
    6.79546297e-01 9.07464921e-01 9.12232459e-01 4.87363905e-01
    1.89974904e-02 5.02386093e-01 7.29606509e-01 7.07959294e-01
    9.73341882e-01 2.64088660e-01 9.88259912e-01 6.31262839e-01
    4.86973017e-01 1.23982430e-02 1.20140344e-01 4.90500838e-01
    3.61140132e-01 7.50858307e-01 1.66881919e-01 2.89832532e-01
    6.33222342e-01 3.38433921e-01 6.38672590e-01 3.19764793e-01
    9.58957613e-01 1.18637770e-01 3.22156310e-01 8.38186622e-01
    3.90086710e-01 2.19401836e-01 6.01472557e-01 7.57040679e-01
    8.79252195e-01 2.45870054e-01 7.03873396e-01 8.47373962e-01
    3.36113334e-01 2.52238512e-02 9.92123604e-01 1.36611998e-01
    1.26844019e-01 7.97388256e-01 6.88835382e-01 4.31674868e-01
    2.33100951e-01 7.05866873e-01 1.97735757e-01 8.52963805e-01
    1.54191881e-01 1.52387172e-01 7.08582997e-03 8.69257450e-01
    9.13496733e-01 2.16886163e-01 3.00154030e-01 3.22151870e-01
    1.10722899e-01 4.87447292e-01 9.12984848e-01 5.37655711e-01
    8.63114595e-01 1.67334765e-01 3.35825264e-01 2.27517188e-02
    2.40758419e-01 3.97217870e-01 7.70449162e-01 6.93975210e-01
    9.94785786e-01 8.71214747e-01 7.80391693e-01 4.32170033e-01
    4.20604378e-01 7.58734822e-01 1.08605057e-01 2.25134611e-01
    3.98787469e-01 8.79646003e-01 4.17047739e-03 1.46350443e-01
    8.89551163e-01 9.69309390e-01 1.24546707e-01 2.59510249e-01
    6.43308163e-01 1.30744904e-01 4.38367754e-01 5.16757071e-01
    2.04856873e-01 8.06650281e-01 9.25827324e-01 5.15716672e-01
    2.49681413e-01 9.29422259e-01 4.10545051e-01 9.32527542e-01
    4.91378009e-02 6.71755314e-01 5.27532220e-01 8.95841718e-01
    4.95158136e-01 6.78391457e-02 5.82085967e-01 8.11592579e-01
    5.33327997e-01 5.47621012e-01 7.82562852e-01 1.38617754e-01
    6.22100353e-01 6.10339522e-01 5.18284321e-01 7.87290812e-01
    1.44767314e-01 1.97818220e-01 5.07600844e-01 7.08752036e-01
    8.12592983e-01 7.89017558e-01 5.45365393e-01 6.14950478e-01
    1.57377303e-01 4.59805250e-01 7.57047534e-01 4.59611416e-04
    4.84731525e-01 1.81655139e-01 3.37007403e-01 7.27370262e-01
    8.77524614e-01 4.18772340e-01 3.16498995e-01 4.09865677e-02
    3.43762219e-01 7.37933040e-01 5.85151613e-01 1.58882737e-01
    5.83883286e-01 5.99981010e-01 5.90237260e-01 2.42607325e-01
    5.91667533e-01 8.48115325e-01 1.15564317e-01 7.12863207e-01
    4.93098736e-01 4.07358944e-01 5.49698949e-01 5.97509146e-02
    8.93346548e-01 6.21420085e-01 7.89459944e-01 5.65894008e-01
    5.57292521e-01 6.85151935e-01 8.53222251e-01 9.11541581e-01
    4.44265395e-01 9.63833034e-02 7.50551581e-01 6.10516429e-01
    9.58344340e-01 6.14730179e-01 8.32518578e-01 8.97533298e-01
    9.69258904e-01 8.05224895e-01 4.29013669e-02 6.70980752e-01
    4.73661542e-01 7.30978549e-02 5.49012542e-01 6.80215359e-01
    9.51619089e-01 2.53222585e-01 8.73338163e-01 2.32470512e-01
    8.83317530e-01 6.62181854e-01 1.09389365e-01 3.31633329e-01
    2.79362559e-01 7.02352941e-01 9.40089047e-01 1.67009234e-01
    2.66692162e-01 8.61141086e-01 5.55404425e-01 5.88944912e-01
    6.00892842e-01 9.39774871e-01 3.35185587e-01 8.22948217e-02
    2.80961215e-01 9.59222913e-01 5.66393495e-01 9.52355504e-01
    4.56957608e-01 8.95861685e-01 5.87031782e-01 8.85548353e-01
    9.36045647e-01 8.10833156e-01 4.68395352e-02 3.38891685e-01
    3.44412118e-01 9.98209238e-01 1.50767237e-01 1.45228446e-01
    8.41276884e-01 5.72536051e-01 7.40825534e-01 3.70819420e-01
    2.66572505e-01 2.27603912e-02 6.55702949e-01 9.61537600e-01
    6.30351186e-01 4.22779918e-02 4.71957892e-01 5.97984374e-01
    6.96405053e-01 2.09740967e-01 4.67254341e-01 2.69422352e-01
    1.24399483e-01 6.34493470e-01 7.24653721e-01 5.03093004e-01
    2.85344243e-01 2.87478268e-02 4.84314948e-01 3.02966237e-01
    8.93959761e-01 7.34640896e-01 4.86702204e-01 6.09198511e-02
    4.05471921e-02 2.38640338e-01 2.24908054e-01 3.17842960e-01
    9.70901251e-01 2.69141346e-01 8.53219032e-01 3.50776017e-01
    8.76840472e-01 1.68918937e-01 3.74955148e-01 4.23843354e-01
    5.62456548e-01 6.37309790e-01 9.68621135e-01 6.61597133e-01
    4.32993114e-01 1.78889275e-01 9.13181901e-01 4.86681283e-01
    8.38182867e-01 6.75300062e-01 8.52559149e-01 6.91751480e-01
    7.61442363e-01 1.89854711e-01 8.11142862e-01 1.78417563e-03
    6.05438590e-01 1.17892534e-01 4.18048918e-01 5.38790226e-03
    4.54792649e-01 6.82637274e-01 1.86518848e-01 6.05370402e-02
    6.88255787e-01 4.28402185e-01 5.35091162e-01 5.77870905e-01
    8.06926191e-01 8.40603173e-01 5.34098148e-02 5.05129516e-01
    9.83966887e-02 9.29601908e-01 1.52201176e-01 9.57639098e-01
    2.93683469e-01 2.97625780e-01 3.72044563e-01 6.89316452e-01
    8.60181451e-01 7.98488200e-01 9.12654877e-01 6.99833632e-01
    2.15459734e-01 8.97439182e-01 3.15803289e-01 3.09246838e-01
    8.31579864e-02 4.02035207e-01 8.99511576e-02 5.49489617e-01
    7.24655688e-02 9.67829883e-01 4.34484243e-01 1.14786178e-01
    6.48563683e-01 1.85551882e-01 7.97682881e-01 4.74503338e-02
    5.07952094e-01 8.93405080e-02 7.85903215e-01 6.68233216e-01
    8.38573098e-01 8.34894001e-01 2.45753586e-01 6.27439380e-01
    9.51344013e-01 5.03122449e-01 2.15699285e-01 2.26055980e-01
    9.78202105e-01 7.21706212e-01 9.76785481e-01 2.84935385e-01
    4.65121418e-01 1.95640951e-01 3.62611830e-01 8.64496350e-01
    5.20339727e-01 7.46899962e-01 5.10060549e-01 3.97607088e-01
    2.24468023e-01 8.29157472e-01 5.89187026e-01 1.20249629e-01
    4.59490865e-01 2.15178311e-01 2.94031173e-01 7.70574927e-01
    9.25938964e-01 6.40515208e-01 2.00659901e-01 1.94375753e-01
    2.58779109e-01 8.56377959e-01 8.80445004e-01 7.41885781e-01
    1.56722665e-01 2.89635003e-01 9.69664514e-01 8.35087299e-01
    7.52128005e-01 7.73687303e-01 3.72310013e-01 7.66826451e-01
    9.75446939e-01 6.26376569e-01 4.67381567e-01 6.71433866e-01
    5.42969227e-01 7.87731111e-02 3.81636798e-01 6.39819145e-01
    2.32226402e-01 3.48468840e-01 7.11081326e-01 5.09924710e-01
    4.03598130e-01 3.50627452e-01 7.70649731e-01 6.91431999e-01
    9.73636627e-01 5.16349375e-02 2.44811535e-01 4.12847251e-01
    4.02807504e-01 7.16715813e-01 6.06181979e-01 2.41804361e-01
    9.64541435e-01 9.54823971e-01 8.50285828e-01 1.57987177e-01
    1.20794356e-01 3.25758159e-01 5.72757781e-01 2.09593326e-01
    2.10879177e-01 4.56354320e-02 7.35767066e-01 6.72707200e-01
    6.26374841e-01 4.45503950e-01 9.28582311e-01 4.30838168e-02
    9.82616901e-01 1.53583556e-01 8.88718724e-01 3.16370994e-01
    4.00307626e-01 9.64882374e-02 9.19295847e-01 7.27106512e-01
    6.36786997e-01 4.11402583e-01 4.27262634e-01 8.85318160e-01
    8.60507011e-01 4.38498020e-01 3.26305926e-02 1.46487266e-01
    6.86022103e-01 8.17134857e-01 4.18815047e-01 5.15482366e-01
    6.33544803e-01 6.72151327e-01 6.97780013e-01 3.35849345e-01
    9.93499041e-01 5.93989193e-01 3.86405885e-02 4.93047357e-01
    5.29384613e-01 4.55905437e-01 7.89780378e-01 7.47679710e-01
    2.83540785e-02 9.49411690e-01 3.03977102e-01 9.02888060e-01
    8.52238894e-01 2.28136301e-01 5.04662335e-01 4.49926615e-01
    4.01872873e-01 1.22434825e-01 2.69939572e-01 1.68800741e-01
    7.87788451e-01 8.16799402e-01 2.96906710e-01 9.55371857e-01
    1.30491465e-01 7.72583425e-01 2.16373384e-01 7.43435442e-01
    9.02760088e-01 7.94997156e-01 9.44391012e-01 8.15509200e-01
    4.86837953e-01 7.23867655e-01 2.16824621e-01 9.87428725e-02
    6.17872179e-01 6.54378235e-02 4.34644520e-02 8.06502342e-01
    6.23823404e-02 8.62664819e-01 6.73723459e-01 5.09626031e-01
    9.18374896e-01 6.60621047e-01 9.35114264e-01 5.12173355e-01
    1.57472998e-01 1.63794458e-01 9.64208663e-01 3.19621384e-01
    5.08807659e-01 1.14231557e-01 2.71233737e-01 4.94317651e-01
    6.50739610e-01 8.62079382e-01 3.56463075e-01 4.95602220e-01
    6.90323949e-01 9.66621935e-02 3.51098716e-01 1.09274983e-02
    7.90082514e-01 2.40714520e-01 5.41349649e-02 8.60798597e-01
    3.37267697e-01 1.29072994e-01 5.49081206e-01 2.15007454e-01
    1.97981656e-01 2.96551585e-01 4.30404544e-01 3.76843274e-01
    6.19271100e-02 8.15994143e-01 1.15487188e-01 2.82224178e-01
    6.14837170e-01 5.09995461e-01 6.70937419e-01 2.83865154e-01
    7.82757878e-01 2.57610142e-01 5.83381772e-01 2.57352829e-01
    5.37966490e-01 1.17831498e-01 3.79839927e-01 9.81369317e-01
    8.57255816e-01 9.12750661e-01 7.23242640e-01 7.91258097e-01
    7.94772506e-02 1.28301471e-01 5.42009830e-01 7.99724936e-01
    8.88351798e-01 1.14071965e-01 3.72823715e-01 4.73312676e-01
    6.82460070e-02 1.08080924e-01 6.35629892e-01 8.95366371e-02
    5.33392429e-01 8.64437222e-02 6.33176744e-01 2.08597690e-01
    3.25157046e-02 1.47497863e-01 9.49243128e-01 9.20791268e-01
    3.81922930e-01 7.50200152e-01 1.91561043e-01 7.48016417e-01
    3.23457420e-01 9.60399151e-01 4.79275852e-01 8.54244471e-01
    3.16762984e-01 6.82375193e-01 5.19336641e-01 4.69384193e-02
    7.44558871e-02 8.99203777e-01 6.12937629e-01 8.18891823e-01
    2.10175276e-01 4.25839245e-01 8.21691334e-01 2.13147700e-02
    8.45063150e-01 4.87935215e-01 4.88389611e-01 3.35912615e-01
    3.51911664e-01 6.29894197e-01 1.81629717e-01 5.52850068e-02
    7.32330203e-01 3.16124022e-01 5.72026312e-01 2.28712648e-01
    4.20208573e-01 4.31509316e-01 2.18864739e-01 5.33856213e-01
    5.22601366e-01 8.79548073e-01 5.84491968e-01 7.21609354e-01
    2.40267128e-01 9.48716223e-01 8.18789005e-01 8.14369023e-02
    6.66810393e-01 6.95084751e-01 1.50069594e-03 9.56555307e-02
    5.18132210e-01 4.60884809e-01 3.35016429e-01 6.12185001e-01
    6.73033535e-01 2.99145818e-01 8.61597359e-01 9.12042916e-01
    9.97859538e-01 4.90735918e-01 2.81741440e-01 7.76719749e-02
    2.07953334e-01 5.79317510e-01 4.65876192e-01 8.71844292e-01
    4.42204416e-01 9.84366655e-01 1.97046787e-01 5.43086231e-01
    8.92559886e-02 6.85180783e-01 9.40673947e-01 5.98401248e-01
    8.17572474e-02 3.27118397e-01 3.68094504e-01 8.22118223e-02
    1.58896834e-01 4.97603714e-02 3.99021834e-01 5.64186871e-01
    7.96051621e-01 6.27458870e-01 3.31337988e-01 2.03967541e-01
    8.41936707e-01 8.81245732e-03 6.12159371e-01 7.66109109e-01
    8.31362486e-01 8.91412854e-01 9.62361336e-01 6.08809352e-01
    2.42701530e-01 4.02900308e-01 8.31060410e-01 5.84382594e-01
    2.27960914e-01 9.08899069e-01 6.64625466e-02 7.27633119e-01
    6.72201037e-01 9.92739916e-01 6.04335129e-01 8.32986593e-01
    3.51521134e-01 8.35127711e-01 1.76277816e-01 5.31846464e-01
    4.95460480e-01 3.26996237e-01 1.51477516e-01 2.01387793e-01
    8.34720016e-01 5.03570735e-01 9.74828362e-01 7.52362132e-01
    6.52917624e-01 9.06611562e-01 5.29094160e-01 4.61645871e-01
    4.04030085e-02 9.72978234e-01 9.16948020e-01 5.99133492e-01
    7.63292253e-01 6.15021706e-01 4.26562130e-02 3.31577450e-01
    2.36408472e-01 4.27030951e-01 5.77947795e-01 8.68278861e-01
    9.25343394e-01 8.44796062e-01 3.63544911e-01 3.53390872e-01
    2.86770403e-01 3.55883777e-01 1.94507450e-01 1.87643677e-01
    4.45337027e-01 2.97408938e-01 5.45170903e-03 1.26377106e-01
    7.84152269e-01 2.12744027e-01 1.47494197e-01 6.25766575e-01
    8.85921717e-01 7.55796790e-01 3.15014660e-01 2.91615427e-01
    5.93530297e-01 5.05626380e-01 9.86930370e-01 4.56667960e-01
    6.33158684e-01 2.37138689e-01 6.66864812e-02 9.94294822e-01
    2.56958902e-01 3.13577056e-02 4.22284007e-01 8.44384789e-01
    7.64178753e-01 3.88655990e-01 9.14579391e-01 6.70829713e-02
    6.27271652e-01 1.08557612e-01 9.73816633e-01 4.00816441e-01
    9.29961383e-01 7.77957439e-01 9.38926041e-01 8.19474757e-01
    4.05688882e-01 1.90358192e-01 5.91635466e-01 9.20422971e-01
    4.19172883e-01 2.25442350e-02 9.24170136e-01 5.95149100e-01
    4.85851735e-01 5.47562122e-01 6.19628727e-01 8.74596000e-01
    8.02916288e-03 8.95248652e-01 5.33953309e-01 3.15012783e-01
    6.40327096e-01 7.09380031e-01 5.82753062e-01 1.88243091e-02
    6.62514210e-01 4.15048599e-02 1.51573718e-01 4.37158287e-01
    9.26337838e-01 4.66650844e-01 1.76015794e-01 6.12248540e-01
    9.79213655e-01 6.87280536e-01 1.86495632e-01 6.22237504e-01
    6.39392734e-01 3.39871973e-01 4.56925064e-01 7.15937972e-01
    1.11024350e-01 1.91322625e-01 9.18975890e-01 3.43835592e-01
    3.27810824e-01 7.16017604e-01 9.93359566e-01 9.01470423e-01
    7.31166840e-01 4.48863238e-01 4.67381686e-01 9.94506061e-01
    3.39884609e-01 8.07677090e-01 8.47006917e-01 5.01211286e-02
    1.18643016e-01 4.12443578e-01 9.80146527e-01 5.18592775e-01
    7.72808433e-01 7.56378889e-01 6.74812913e-01 5.81032991e-01
    7.55275726e-01 2.39422500e-01 9.31128681e-01 9.29755688e-01
    8.35751414e-01 9.48580682e-01 5.54526806e-01 9.71168876e-01
    5.16833127e-01 2.13889539e-01 4.55588102e-04 3.27071548e-02
    1.63965285e-01 9.35299516e-01 6.18411005e-01 3.78972739e-01
    8.80440414e-01 5.49137354e-01 3.39581311e-01 1.26302838e-02
    5.99849582e-01 7.94787884e-01 3.68179440e-01 8.55316937e-01
    3.67858380e-01 7.00672567e-02 2.74068922e-01 1.23498797e-01
    1.40921235e-01 8.03385735e-01 1.15204126e-01 9.07485127e-01
    9.71956372e-01 9.44706380e-01 9.25970674e-02 2.93797135e-01
    1.88543856e-01 1.16084784e-01 4.03427958e-01 1.76331222e-01
    9.05368268e-01 9.13560867e-01 2.20605135e-01 7.58819163e-01
    2.75021642e-01 6.91537142e-01 5.72341442e-01 2.58257687e-01
    3.28071296e-01 8.17479491e-01 1.15291178e-01 9.12934363e-01
    2.11097360e-01 3.27918321e-01 7.18228579e-01 5.93516588e-01
    2.71670520e-01 4.08280641e-01 8.39924097e-01 5.19756615e-01
    7.35462964e-01 2.42938280e-01 3.76037568e-01 4.27101493e-01
    4.50998038e-01 5.44074178e-01 3.87163222e-01 7.98824012e-01
    7.63168216e-01 8.43554854e-01 3.25399101e-01 7.28258610e-01
    7.15105951e-01 3.26292276e-01 7.85091996e-01 7.77097821e-01
    6.26306415e-01 7.24198222e-01 5.13321161e-01 5.34982681e-02
    4.81446534e-01 5.25009930e-01 5.55408895e-02 4.27107930e-01
    3.95682871e-01 4.72645879e-01 5.86562753e-01 1.04365647e-02
    1.34251863e-01 3.08801591e-01 3.86852086e-01 7.40309834e-01
    9.44877505e-01 1.34163916e-01 8.13919723e-01 6.38485134e-01
    4.90531206e-01 9.57952738e-01 9.70002651e-01 1.42800391e-01
    4.74350482e-01 9.58491206e-01 8.84820104e-01 8.43461037e-01
    2.24618614e-01 9.28308606e-01 2.85799563e-01 4.68371809e-02
    5.06970882e-02 2.23373473e-01 9.03120339e-01 3.31242740e-01
    8.28828096e-01 2.39056349e-03 8.59534442e-02 6.85868263e-01
    8.41430485e-01 8.44362140e-01 8.34164619e-02 8.45084488e-02
    9.87065196e-01 7.98961043e-01 1.60189271e-02 1.55399531e-01
    2.46703565e-01 5.42102456e-02 6.21293485e-01 3.36667657e-01
    7.13871777e-01 6.75404727e-01 1.33992493e-01 1.37228906e-01
    6.71652913e-01 9.57749963e-01 7.36985922e-01 7.40972877e-01
    1.52852446e-01 9.87454891e-01 3.68718684e-01 7.93171048e-01
    3.41861844e-01 6.52240515e-01 2.88160622e-01 6.35171533e-01
    6.35547280e-01 5.72932005e-01 1.37518287e-01 4.61673170e-01
    9.73579049e-01 9.75547314e-01 1.51014239e-01 6.84760749e-01
    5.81939578e-01 9.54917550e-01 1.25547409e-01 4.37412947e-01
    6.72186434e-01 2.25781530e-01 2.33618259e-01 5.29607654e-01
    9.56766844e-01 5.68640530e-01 5.08744717e-02 1.15894139e-01
    6.11774921e-02 4.49506640e-02 1.91588908e-01 4.85666990e-01
    4.63035762e-01 5.62047005e-01 3.23698580e-01 5.88418841e-01
    5.60530424e-01 9.56559598e-01 5.26749015e-01 9.79215801e-01
    8.20976913e-01 3.71800601e-01 5.66660166e-01 4.40553576e-01
    8.65860522e-01 7.46100485e-01 3.86596143e-01 5.24014473e-01
    8.36825371e-01 8.15233231e-01 8.23461533e-01 8.36442351e-01
    9.30191398e-01 7.08623588e-01 5.11217415e-01 8.78340960e-01
    4.97630119e-01 4.88441020e-01 1.76474571e-01 3.88237804e-01
    8.13783586e-01 9.93732214e-01 4.42476422e-01 5.91581166e-01
    9.60843563e-01 6.96871877e-01 1.95379555e-01 6.55199528e-01
    7.95483887e-01 3.43653083e-01 3.45815718e-01 3.32692325e-01
    1.59637153e-01 1.84277534e-01 4.41932678e-02 1.17790729e-01
    1.77832693e-01 6.17785335e-01 4.73880917e-01 7.25267649e-01
    3.74332130e-01 2.37164617e-01 8.87251735e-01 4.40184772e-01
    2.72429585e-01 8.10996294e-01 9.79652107e-01 2.91755736e-01
    9.47381377e-01 7.89790928e-01 5.61151922e-01 3.26498985e-01
    6.93216324e-01 2.67826557e-01 7.60182023e-01 7.47798800e-01
    6.56480134e-01 5.77446461e-01 3.62942457e-01 1.54396683e-01
    3.59023929e-01 7.27419674e-01 7.70382881e-01 7.07070172e-01
    2.15722352e-01 4.68713045e-03 7.71993995e-01 9.50156093e-01
    6.10457063e-01 4.13555562e-01 3.83643031e-01 7.34622598e-01
    3.70123148e-01 5.30034423e-01 6.66147053e-01 8.10981154e-01
    4.06548440e-01 6.82694912e-01 2.43298471e-01 3.90366316e-01
    2.80559480e-01 2.48411447e-01 1.59941912e-02 1.07055634e-01
    4.98983324e-01 2.05571920e-01 1.21157974e-01 3.11960608e-01
    3.13558906e-01 4.51045930e-01 6.56437635e-01 2.90425986e-01
    5.98778069e-01 1.75193638e-01 9.16749120e-01 1.13494068e-01
    4.99073863e-02 7.69147277e-01 7.46887863e-01 6.67886496e-01
    2.44022012e-02 8.13946426e-02 7.69185781e-01 2.14086592e-01
    3.11041236e-01 5.25036395e-01 9.76979256e-01 9.35499430e-01
    3.62392783e-01 1.19559526e-01 3.15848917e-01 8.22644353e-01
    3.26704621e-01 2.72768140e-01 3.85983586e-02 8.42947960e-01
    8.30431879e-02 1.84491336e-01 8.88005733e-01 8.01904619e-01
    4.34967875e-01 4.12253886e-01 5.58636010e-01 8.56265366e-01
    3.20969999e-01 7.68232942e-02 3.90240341e-01 7.44796216e-01
    2.89087027e-01 9.28247571e-02 3.89207006e-01 6.69621229e-01
    1.88474655e-01 5.58923781e-01 8.31105769e-01 1.64396107e-01
    5.50297618e-01 5.22156477e-01 1.69577897e-02 7.63388932e-01
    5.44599831e-01 1.99830741e-01 9.11610842e-01 1.54949129e-02
    1.73700631e-01 6.40757918e-01 4.73689973e-01 2.73158073e-01
    9.53591347e-01 1.90324783e-01 4.92444128e-01 3.40133011e-02
    1.07854158e-01 3.47077727e-01 1.01563662e-01 7.38314986e-02
    2.87482917e-01 7.74862528e-01 4.31374729e-01 6.22179091e-01
    9.82394814e-01 4.68809903e-01 2.54679561e-01 1.91382080e-01
    2.27934808e-01 7.74923861e-02 7.88234532e-01 5.29942095e-01
    1.66775107e-01 1.56195134e-01 3.64752829e-01 2.52207160e-01
    7.72929549e-01 1.79113001e-01 8.23065341e-02 9.97973859e-01
    7.43197560e-01 1.30261779e-02 3.10215473e-01 6.16519272e-01
    2.23832846e-01 2.58757353e-01 5.73035121e-01 2.49193400e-01
    8.10860693e-01 6.83433056e-01 3.97223592e-01 7.89433956e-01
    4.38788533e-03 1.62876248e-02 2.85915613e-01 7.31825113e-01
    8.50762546e-01 8.60298097e-01 1.15305185e-03 6.46994352e-01
    4.66910005e-03 2.29137957e-01 2.91875064e-01 9.54352140e-01
    4.02011186e-01 8.15515399e-01 2.91847169e-01 7.97265768e-01
    9.89017904e-01 8.51803660e-01 8.15002501e-01 9.02248979e-01
    4.48206067e-02 8.54953229e-01 1.37837619e-01 7.03387141e-01
    2.38880128e-01 2.24048764e-01 2.66838908e-01 9.73454118e-01
    4.69486356e-01 5.28753638e-01 3.16501081e-01 7.22962737e-01
    9.15721059e-01 2.26763934e-01 7.08711743e-02 6.18379951e-01
    1.14575267e-01 4.62734729e-01 2.50020087e-01 8.62982154e-01
    7.15517402e-01 7.93812990e-01 5.18690050e-02 8.20248723e-02
    6.34950995e-01 2.64325023e-01 2.03163356e-01 6.04667366e-02
    8.97268832e-01 7.82387972e-01 1.20495081e-01 6.15199029e-01
    8.03840220e-01 5.59647322e-01 2.59273708e-01 1.40760928e-01
    3.35938901e-01 2.38883018e-01 8.16003144e-01 3.14044237e-01
    5.49121976e-01 3.65836948e-01 4.38424528e-01 9.81468558e-01
    8.16948414e-01 9.84333038e-01 9.82809663e-02 6.09354317e-01
    5.86097360e-01 9.33609843e-01 2.55289644e-01 2.16052949e-01
    9.37147558e-01 6.62900686e-01 9.77324605e-01 7.21309960e-01
    9.89635706e-01 4.42545503e-01 7.65719712e-02 5.10741472e-01
    6.90207720e-01 1.26238078e-01 6.96273148e-01 1.34933233e-01
    1.98162526e-01 9.09795761e-02 6.77287459e-01 2.31681794e-01
    1.99255615e-01 7.39727616e-01 4.89427567e-01 7.65969276e-01
    1.33924663e-01 4.20316637e-01 8.83334041e-01 3.92422676e-02
    3.71371508e-01 9.95615780e-01 6.08948112e-01 9.36543047e-02
    5.58465958e-01 1.62631661e-01 9.83194470e-01 1.67956978e-01
    5.63904107e-01 3.31707805e-01 5.26477695e-01 8.17899227e-01
    2.78310865e-01 3.38350713e-01 3.36558223e-02 7.94892907e-01
    2.84785688e-01 2.17552871e-01 1.82979286e-01 2.89800078e-01
    7.15261698e-02 4.28783625e-01 4.23785388e-01 4.23145562e-01
    8.97133529e-01 1.61659032e-01 7.10735977e-01 3.71151686e-01
    3.28913450e-01 7.30530143e-01 9.75392818e-01 8.82994354e-01
    5.96602559e-01 3.51584852e-01 9.61164474e-01 2.97403842e-01
    8.81859779e-01 7.94384778e-02 6.95554912e-01 9.94798899e-01
    2.54990757e-01 5.10875762e-01 5.00557899e-01 7.90201783e-01
    2.61231899e-01 1.13987118e-01 3.60926688e-01 2.23831028e-01
    7.00547874e-01 1.44230902e-01 3.06280941e-01 2.46414572e-01
    1.44089490e-01 4.53400642e-01 5.52918911e-01 3.98238033e-01
    5.91893554e-01 8.26884151e-01 4.75776643e-01 5.49073517e-01
    2.15827167e-01 5.66300273e-01 3.76323700e-01 9.64339674e-02
    2.69351959e-01 4.92086202e-01 5.63144684e-04 8.33095551e-01
    6.61792040e-01 2.07398564e-01 1.67680681e-02 4.84305054e-01
    3.81787717e-02 3.35079759e-01 3.12839001e-01 2.33794361e-01
    4.37449932e-01 4.48323131e-01 2.38281131e-01 4.37989831e-03
    2.72476971e-01 8.72279048e-01 3.80140424e-01 3.76800537e-01
    8.87515545e-02 7.42277622e-01 7.79990196e-01 4.07799155e-01
    5.43327272e-01 7.57519841e-01 2.25003213e-01 2.72416115e-01
    4.92194742e-01 5.26780903e-01 9.32997584e-01 1.63618356e-01
    8.96166205e-01 3.74242067e-01 6.34509683e-01 7.67719567e-01
    8.27044249e-01 7.06538975e-01 4.04565513e-01 8.66392732e-01
    5.18050849e-01 1.35319144e-01 5.65646350e-01 9.40437317e-02
    1.92740560e-03 3.59698653e-01 4.44932878e-02 2.42767632e-01
    7.22793698e-01 3.05429161e-01 4.69921380e-01 2.97013372e-01
    1.15810037e-02 1.15090519e-01 9.01764989e-01 4.24777150e-01
    4.18110073e-01 4.35855031e-01 9.69774604e-01 3.97439420e-01
    7.95432985e-01 7.27902472e-01 4.29072976e-01 2.70572543e-01
    5.44365525e-01 9.91136432e-01 8.04638267e-02 7.38710463e-02
    9.16978478e-01 4.00762856e-02 2.60084063e-01 1.21426582e-02
    6.54551983e-01 3.97184670e-01 1.21477544e-02 2.59217680e-01
    6.20246291e-01 9.67468739e-01 1.84099853e-01 5.05177796e-01
    1.78160131e-01 9.39445555e-01 7.87353039e-01 6.56411648e-01
    2.39495724e-01 1.69373393e-01 5.00512123e-01 4.78788137e-01
    9.56689358e-01 2.99793243e-01 1.48141980e-02 5.65632105e-01
    5.60677946e-01 8.77885342e-01 1.27112299e-01 1.98813856e-01
    3.31753492e-01 4.16559637e-01 9.49432135e-01 2.15921640e-01
    3.18893611e-01 4.33692157e-01 4.86397445e-01 6.42425895e-01
    3.00048709e-01 7.30969489e-01 4.35948431e-01 7.84949243e-01
    6.60898864e-01 3.79004508e-01 5.30359387e-01 9.83767629e-01
    6.43981814e-01 2.66400844e-01 3.32663655e-02 4.49646056e-01
    3.46377313e-01 9.82572138e-02 9.27130103e-01 8.20701718e-01
    6.72918081e-01 5.23128152e-01 9.21127081e-01 1.30512178e-01
    5.09556293e-01 8.14934373e-01 4.36090440e-01 7.25305557e-01
    2.41074979e-01 9.56389904e-01 4.40382034e-01 9.70474124e-01
    5.64921737e-01 7.99949229e-01 7.38905907e-01 9.49921370e-01
    3.53257656e-01 6.38651431e-01 3.47535193e-01 8.32988262e-01
    5.81194997e-01 8.37725699e-01 7.29045212e-01 4.91930664e-01
    1.07861191e-01 4.63423818e-01 8.95371556e-01 4.17869866e-01
    1.36368930e-01 5.03149748e-01 4.30127382e-01 6.69002056e-01
    5.62677085e-01 1.35218233e-01 5.67130923e-01 8.86006713e-01
    6.96109295e-01 3.57723802e-01 3.70738924e-01 2.64306486e-01
    2.16356546e-01 2.73200452e-01 3.87788087e-01 9.15041864e-02
    2.16845870e-01 3.34743977e-01 2.07838923e-01 6.10769868e-01
    8.50031614e-01 6.96319401e-01 7.04381227e-01 7.90317059e-01
    2.42049545e-01 6.97079360e-01 7.87969828e-02 6.22659922e-02
    9.82848525e-01 2.13001549e-01 7.54036188e-01 2.65700608e-01
    4.96813655e-03 2.15305120e-01 8.70800614e-02 9.99606609e-01
    6.01308525e-01 6.51845515e-01 2.10069180e-01 7.69941926e-01
    7.34020829e-01 3.84570003e-01 3.14628005e-01 2.63305187e-01
    7.36298800e-01 4.00955766e-01 1.41130447e-01 9.23609436e-01
    2.76244432e-01 1.29760504e-02 5.30110300e-01 9.13945794e-01
    3.73439372e-01 1.85286522e-01 5.58309853e-01 3.48120034e-01
    7.38864481e-01 8.54957223e-01 3.39831054e-01 9.59033191e-01
    2.84893721e-01 9.47408438e-01 9.52193320e-01 2.13117003e-01
    7.88702846e-01 5.45249343e-01 9.62951779e-03 6.87057972e-02
    4.58740592e-02 5.19652009e-01 8.69646072e-01 1.60317332e-01
    4.59686100e-01 1.03070349e-01 2.94114083e-01 3.21964413e-01
    4.78763491e-01 9.53992903e-02 4.66627061e-01 3.03313792e-01
    6.58026099e-01 3.67945254e-01 8.53169680e-01 5.79754174e-01
    3.79982054e-01 2.07406849e-01 3.73229802e-01 9.52700973e-01
    8.11318636e-01 4.13099229e-01 7.31768608e-01 5.19135416e-01
    3.00265759e-01 2.35949725e-01 8.55123699e-01 3.82533669e-01
    8.60319734e-01 5.76448858e-01 5.47704458e-01 7.96577036e-02
    1.54100537e-01 6.16781116e-01 7.29391873e-02 8.95820975e-01
    1.95973784e-01 6.17711425e-01 9.45171475e-01 6.88163757e-01
    5.27934313e-01 2.54187167e-01 9.68458652e-01 3.20942253e-01
    4.70597565e-01 3.28496575e-01 2.90478587e-01 5.49220502e-01
    4.18675274e-01 4.71289366e-01 3.70105267e-01 9.31284547e-01
    4.55290437e-01 8.15427959e-01 2.87388742e-01 6.69827640e-01
    9.99311686e-01 9.55135047e-01 9.51956928e-01 6.72887862e-01
    7.53300667e-01 1.79536402e-01 9.85046983e-01 8.96108627e-01
    4.73597705e-01 5.01501441e-01 6.13879919e-01 2.17158586e-01
    7.78956711e-01 3.15351665e-01 6.36614025e-01 8.87131989e-01
    9.32247519e-01 7.54540861e-02 5.20538390e-01 6.09158754e-01
    6.96525455e-01 1.10731304e-01 4.29673344e-01 4.00567591e-01
    8.33927155e-01 2.67438471e-01 3.16737950e-01 9.97454643e-01
    3.54211092e-01 5.28537095e-01 8.11963379e-01 4.95445371e-01
    1.33599401e-01 8.57221186e-01 7.94186592e-02 6.97982609e-02
    6.13717258e-01 4.45298135e-01 5.68231642e-02 1.38016164e-01
    4.48406100e-01 4.01380539e-01 7.54529357e-01 2.54331827e-01
    6.71202779e-01 3.47997546e-02 8.80298615e-01 6.74640715e-01
    1.90091729e-01 7.21126258e-01 5.31695843e-01 8.98761630e-01
    2.32511520e-01 1.65898204e-02 7.62889981e-02 6.24058723e-01
    2.52342880e-01 2.73129314e-01 9.65387464e-01 6.09885573e-01
    1.20700568e-01 8.25782537e-01 9.00324464e-01 2.95946121e-01
    1.82494462e-01 6.51856065e-01 5.06214559e-01 4.69861507e-01
    4.50750291e-02 3.67915630e-03 8.15176845e-01 9.03046250e-01
    5.89064956e-01 3.10913205e-01 8.81778061e-01 8.70395958e-01
    6.28220856e-01 3.33747894e-01 9.14784670e-02 5.67165136e-01
    2.11772263e-01 5.34806907e-01 1.17094100e-01 2.22785532e-01
    4.70301509e-02 6.08665764e-01 1.45935118e-01 1.33385777e-01
    1.02096379e-01 7.76098073e-01 4.32990193e-01 6.64310753e-02
    4.68144834e-01 3.49982440e-01 5.26178777e-01 4.29158062e-01
    7.14079201e-01 3.39528143e-01 6.44729495e-01 9.28137898e-01
    1.23931319e-01 4.88333821e-01 1.32499397e-01 9.06330347e-01
    7.63639688e-01 2.34549820e-01 2.02304900e-01 9.60965753e-01
    5.52849352e-01 9.74535942e-06 1.24841452e-01 8.49256039e-01
    7.85634160e-01 1.41613901e-01 5.61289370e-01 7.32896864e-01
    8.79402518e-01 1.35088265e-01 1.23050243e-01 7.45824814e-01
    6.74340665e-01 1.30430192e-01 4.15731430e-01 1.30450994e-01
    7.00885832e-01 3.17310989e-02 3.08524489e-01 4.74108338e-01
    1.13742948e-02 7.79924095e-02 9.50276256e-01 9.24715519e-01
    2.31641173e-01 5.15377522e-01 6.13411307e-01 7.11710155e-02
    1.75088882e-01 9.34560001e-01 8.99213970e-01 1.82456553e-01
    4.25650358e-01 2.25522608e-01 8.22534084e-01 5.03036916e-01
    7.78331518e-01 9.79558051e-01 2.36615598e-01 5.41208386e-01
    2.14039832e-01 1.77650273e-01 7.66710281e-01 7.83315241e-01
    1.09486967e-01 4.49992180e-01 1.10246480e-01 8.09625685e-02
    7.83001781e-01 7.60055184e-02 6.97476923e-01 7.75085390e-02
    1.64810151e-01 8.05415392e-01 8.49879920e-01 9.75365281e-01
    7.27034569e-01 7.35588372e-02 3.46894085e-01 6.50980234e-01
    8.44123244e-01 6.80596232e-02 5.07757545e-01 4.41523582e-01
    2.41112620e-01 7.71860480e-01 2.54666805e-03 9.93309855e-01
    9.76937413e-01 3.11583877e-02 1.00505590e-01 3.78975064e-01
    3.38308066e-01 4.23492402e-01 3.26050520e-01 7.62324631e-01
    8.23371768e-01 2.29842424e-01 7.19670355e-02 8.11724484e-01
    1.06239021e-01 6.55282021e-01 6.04292035e-01 9.70546365e-01
    3.00936937e-01 2.82986224e-01 4.84061152e-01 9.75014567e-01
    1.59173608e-01 9.31460261e-02 2.17388868e-01 4.40201283e-01
    9.07267511e-01 5.20971358e-01 3.50699663e-01 2.50225723e-01
    3.81810278e-01 3.08919728e-01 3.20058942e-01 9.01473701e-01
    1.50102824e-01 7.87552834e-01 9.83282328e-01 7.61167705e-02
    9.87131834e-01 6.80854321e-02 7.20331967e-02 3.73911560e-01
    1.78781748e-02 1.94082856e-01 5.62040508e-01 1.00442767e-02
    2.56792903e-01 2.23869264e-01 6.52136445e-01 2.79429406e-01
    9.57961679e-02 9.21381593e-01 3.80999386e-01 8.70895267e-01
    5.21887839e-02 4.64564413e-01 6.77574635e-01 5.88970184e-01
    3.38472068e-01 6.36066496e-02 1.55582815e-01 6.49841845e-01
    3.17578077e-01 2.68091738e-01 9.60130870e-01 1.55318677e-02
    7.95060277e-01 4.76715207e-01 2.48116225e-01 1.81538045e-01
    8.37011933e-01 3.31251085e-01 9.73171473e-01 9.99529123e-01
    5.73442817e-01 8.79231095e-03 7.52166033e-01 4.94879484e-03
    3.09612513e-01 7.47336030e-01 6.03953958e-01 3.11333925e-01
    7.37001002e-01 8.92957747e-02 5.75500786e-01 6.99601114e-01
    5.26632905e-01 1.51966661e-01 3.64465892e-01 3.62051129e-02
    7.34541774e-01 3.75727862e-01 6.81524396e-01 8.97831857e-01
    4.12562609e-01 8.70413899e-01 3.09300900e-01 6.81198955e-01
    8.48399997e-01 3.71362239e-01 6.73377514e-01 5.05343914e-01
    3.05038333e-01 9.84502912e-01 7.88162649e-01 7.24452436e-02
    6.90844655e-03 5.25012970e-01 3.72636914e-01 3.63037765e-01
    8.47850919e-01 7.66501069e-01 8.78868937e-01 1.85394287e-01
    5.06553650e-02 7.00479805e-01 6.03768766e-01 8.17370415e-02
    1.52645350e-01 3.15937102e-01 3.97587419e-01 5.40391505e-02
    5.04080951e-01 7.16299057e-01 2.07534999e-01 6.86645925e-01
    5.85126281e-01 1.80533916e-01 2.20532447e-01 6.07205927e-01
    9.10782933e-01 8.73390019e-01 1.06077552e-01 9.84177411e-01
    1.21678829e-01 1.25042439e-01 4.34941173e-01 3.76625717e-01
    6.70760870e-03 5.88031411e-02 5.34010053e-01 8.28813016e-01
    2.51465291e-01 4.23283577e-02 6.93467796e-01 9.45268571e-02
    8.14718366e-01 4.38683301e-01 1.50787026e-01 2.92687833e-01
    3.66601050e-02 8.47627103e-01 5.99839330e-01 9.27599549e-01
    4.45143670e-01 6.92930460e-01 2.05242664e-01 7.50710487e-01
    7.51848519e-02 9.72096562e-01 4.43925291e-01 6.85229003e-01
    9.28127766e-01 5.60895264e-01 2.93965042e-02 7.09581256e-01
    1.77234113e-01 7.09630430e-01 4.15666401e-01 9.17151213e-01
    5.45155406e-02 4.13226426e-01 8.47212970e-02 1.70443237e-01
    8.54224682e-01 5.74178576e-01 7.88782954e-01 9.25392091e-01
    3.33510041e-01 1.90901875e-01 5.64480901e-01 9.12407994e-01
    4.68515962e-01 1.24924928e-01 4.27112579e-02 9.55493450e-02
    5.55034876e-02 1.54679447e-01 8.80551338e-01 5.44430435e-01
    5.28615057e-01 5.60222328e-01 5.75590491e-01 3.47498864e-01
    1.88385159e-01 9.20605659e-01 6.04901016e-02 1.08373642e-01
    2.52704173e-01 8.43210399e-01 3.12298894e-01 9.92235303e-01
    3.00894260e-01 2.30174333e-01 8.10205042e-02 8.73485088e-01
    6.84269905e-01 4.68950808e-01 1.22693777e-01 2.51467526e-02
    5.08143246e-01 8.07067215e-01 9.40115571e-01 3.02016258e-01
    7.92688131e-01 2.56547034e-02 1.58525050e-01 8.29481184e-01
    6.00922942e-01 1.54972821e-01 4.83823061e-01 1.27286762e-01
    4.96523082e-01 8.11397552e-01 4.05366749e-01 7.29608655e-01
    4.51355577e-02 8.21538210e-01 3.47009182e-01 7.43760705e-01
    9.39198613e-01 5.06447375e-01 1.05479896e-01 2.87027389e-01
    5.13545692e-01 4.19374943e-01 8.24455619e-01 3.09021831e-01
    7.14242101e-01 8.01521242e-02 9.24908519e-01 4.62518841e-01
    8.47233236e-01 1.72296196e-01 8.01719546e-01 9.56459224e-01
    5.21326125e-01 3.57811153e-01 6.11416876e-01 8.71172428e-01
    4.91982073e-01 9.87332344e-01 1.07628435e-01 6.21803522e-01
    7.19536722e-01 6.72353864e-01 1.76464885e-01 4.20954823e-01
    4.24635082e-01 5.42493105e-01 6.06249154e-01 8.51777136e-01
    5.01209617e-01 3.12348545e-01 7.35834777e-01 9.05085802e-01
    9.64002371e-01 5.64204633e-01 5.28553963e-01 3.29397678e-01
    9.12439167e-01 7.40620315e-01 7.11338282e-01 1.10462904e-02
    9.99674499e-02 8.56031537e-01 9.76150870e-01 6.77922249e-01
    7.18208075e-01 2.10387111e-01 5.59184372e-01 5.96585393e-01
    4.59480137e-01 4.11023319e-01 5.32945871e-01 7.66415358e-01
    6.38689935e-01 7.30604410e-01 3.51742804e-02 2.17280358e-01
    3.16984057e-01 7.94913232e-01 1.10619485e-01 5.02021968e-01
    7.92522430e-02 5.64371705e-01 3.72202486e-01 5.62173128e-03
    5.22354484e-01 2.11499274e-01 4.60608244e-01 4.22503501e-01
    9.62071121e-02 2.02845037e-01 9.25843835e-01 2.71170437e-01
    1.74131811e-01 7.29237497e-01 1.68478996e-01 5.70721865e-01
    7.32707620e-01 2.89875537e-01 3.14756691e-01 3.88542414e-01
    9.69664216e-01 7.54208088e-01 3.69391769e-01 9.46161151e-03
    5.47733605e-01 9.41779613e-01 2.32407302e-01 4.24517572e-01
    5.39575279e-01 5.07374704e-01 1.42393410e-01 5.29769421e-01
    6.87821567e-01 3.85410011e-01 3.91610563e-02 4.29027081e-02
    1.06218755e-01 9.96598959e-01 4.73942816e-01 4.14067298e-01
    5.47556698e-01 7.42749751e-01 5.96690238e-01 4.13545340e-01
    6.01877809e-01 3.52907807e-01 9.55519438e-01 3.10583711e-01
    3.86701763e-01 8.88637066e-01 5.99510372e-01 4.33555901e-01
    4.30067927e-01 5.86614847e-01 6.20822072e-01 7.27636814e-01
    8.02875459e-01 8.43849421e-01 7.84048676e-01 2.05661118e-01
    8.91687870e-02 7.49182642e-01 7.41802692e-01 2.89400280e-01
    3.49542201e-01 6.65701628e-01 8.91701937e-01 1.73666865e-01
    4.05917823e-01 1.92826599e-01 8.66965115e-01 8.78178120e-01
    8.74368906e-01 8.25265765e-01 7.79656589e-01 4.16297019e-02
    5.10376811e-01 6.53719664e-01 4.12760437e-01 1.91646636e-01
    7.30429292e-02 6.23036861e-01 1.27290636e-01 2.08365113e-01
    5.42605221e-02 5.60036182e-01 6.62258983e-01 2.86904633e-01
    9.28003728e-01 7.55281210e-01 7.53226161e-01 2.04294920e-02
    5.29407084e-01 1.28969252e-02 4.44743037e-01 9.53774452e-01
    7.57575214e-01 6.50705755e-01 2.36817271e-01 6.90889776e-01
    2.37858772e-01 8.60889018e-01 7.38485157e-01 4.77675200e-02
    5.03665805e-01 4.41784650e-01 9.89826739e-01 5.97994566e-01
    5.69323421e-01 6.32859707e-01 5.13289809e-01 6.93095028e-01
    2.15640664e-03 4.51536387e-01 6.21183157e-01 1.93857580e-01
    8.99479151e-01 5.16260147e-01 4.03023601e-01 7.50396490e-01
    8.51060569e-01 5.10129452e-01 4.83017147e-01 1.80313826e-01
    7.48661697e-01 6.56112134e-02 6.96737885e-01 9.55559254e-01
    8.96712065e-01 1.98348254e-01 9.11186635e-01 1.88213587e-02
    5.73809981e-01 3.65608156e-01 6.65305257e-01 7.85159111e-01
    2.17206955e-01 5.11082113e-01 1.60174966e-01 8.89883399e-01
    4.63903874e-01 7.12695420e-01 2.49540269e-01 7.01695561e-01
    9.21244979e-01 1.50465250e-01 7.01832771e-01 4.82698530e-01
    9.15664256e-01 6.02283716e-01 3.35139990e-01 9.36267674e-02
    1.72000259e-01 2.27752686e-01 7.44653523e-01 3.04665357e-01
    1.31985545e-01 5.18819034e-01 3.74258965e-01 1.01204067e-01
    7.55674124e-01 6.44586802e-01 2.03024745e-02 2.32784480e-01
    6.77999139e-01 8.62668991e-01 8.45975459e-01 6.31283283e-01
    3.40737641e-01 7.81381845e-01 2.54589856e-01 3.03924143e-01
    5.05307853e-01 9.61400509e-01 5.97408533e-01 2.09526181e-01
    7.00129688e-01 8.72015357e-01 8.45382035e-01 6.06434703e-01
    7.60060132e-01 3.58600169e-01 1.50935233e-01 4.91101891e-01
    5.12694240e-01 8.52205157e-01 4.01852071e-01 8.27188611e-01
    9.29847836e-01 5.69197655e-01 7.79394448e-01 8.86572599e-01
    6.60154581e-01 9.35162365e-01 8.76690269e-01 1.93717122e-01
    2.73137569e-01 9.89177465e-01 1.23479843e-01 2.47409046e-01
    2.81960368e-01 6.00921512e-01 4.37247455e-01 7.49492526e-01
    5.85532188e-01 6.46615565e-01 4.65750754e-01 7.00371265e-01
    8.77391696e-01 2.32180774e-01 6.72516227e-01 2.90490985e-02
    9.54436839e-01 3.24240655e-01 2.62738168e-02 5.76379180e-01
    6.56778693e-01 4.54517335e-01 5.97348452e-01 3.15887213e-01
    4.34056520e-01 6.37730539e-01 5.03865302e-01 5.66674769e-01
    9.31011200e-01 4.02745396e-01 4.88694429e-01 3.81964922e-01
    7.06318021e-01 9.46601748e-01 3.06862116e-01 7.49616265e-01
    6.71373129e-01 5.03857434e-01 7.95647502e-01 8.40239882e-01
    1.32466257e-01 1.23640954e-01 8.72090757e-02 3.33642960e-02
    3.04823160e-01 9.16486263e-01 4.56050366e-01 5.32308221e-03
    4.33889985e-01 2.55082726e-01 6.56686306e-01 7.50265002e-01
    7.94312716e-01 4.30227667e-01 7.29068041e-01 6.56261861e-01
    1.04445428e-01 5.17323315e-01 4.00481224e-02 3.03144217e-01
    2.64481813e-01 8.13259602e-01 4.23399985e-01 7.83603013e-01
    9.08828676e-02 7.78486729e-01 2.19414532e-01 5.67222357e-01
    1.88683391e-01 8.44094634e-01 4.19238210e-02 4.38798904e-01
    3.58681619e-01 1.30355537e-01 2.28009313e-01 6.16037786e-01
    7.50272751e-01 1.23234034e-01 9.23141360e-01 7.24238873e-01
    2.39120096e-01 2.23661810e-01 8.43910575e-01 8.68722916e-01
    3.23439032e-01 1.46227956e-01 2.78761864e-01 8.29920173e-03
    9.10060465e-01 4.96784121e-01 1.67727709e-01 9.53602076e-01
    5.67468345e-01 3.42373908e-01 8.19616556e-01 8.73890817e-02
    9.30171311e-01 9.03441548e-01 3.26845348e-01 9.77394283e-01
    1.51803792e-01 6.45633817e-01 7.16147661e-01 2.76105434e-01
    2.44266093e-01 8.56704712e-01 6.58083797e-01 5.84849536e-01
    8.28478038e-01 5.48875809e-01 9.52686191e-01 4.26203519e-01
    1.72476143e-01 1.86045587e-01 7.02062249e-03 9.89777327e-01
    9.43497896e-01 3.11530024e-01 7.46499062e-01 6.66500628e-02
    7.17071295e-01 1.16018057e-01 2.96895742e-01 6.88219070e-01
    6.18804514e-01 5.52144766e-01 8.51036191e-01 9.86884594e-01
    9.96400833e-01 9.85536397e-01 9.52306509e-01 9.70067620e-01
    6.70023084e-01 6.51520908e-01 8.49004328e-01 5.36006689e-02
    7.38722086e-01 8.25106025e-01 3.37349832e-01 9.93280232e-01
    3.63732696e-01 6.05771542e-01 6.81069613e-01 4.07821357e-01
    8.01383376e-01 3.57728630e-01 1.65433735e-01 9.14649725e-01
    8.50461423e-02 2.86780059e-01 5.71063340e-01 3.47330183e-01
    2.80244082e-01 3.07828009e-01 6.00610375e-02 7.36127377e-01
    5.16610622e-01 4.04749721e-01 6.01868153e-01 3.84455830e-01
    9.89345133e-01 5.28878212e-01 5.29647231e-01 1.05689257e-01
    6.88189805e-01 8.87629151e-01 5.91734052e-01 8.33032608e-01
    9.12958980e-01 7.45998979e-01 4.54176068e-01 4.73871499e-01
    5.13519347e-02 7.05838740e-01 5.14672279e-01 7.42396414e-01
    9.12640512e-01 9.46367800e-01 1.07679337e-01 8.54356050e-01
    8.05754662e-02 9.78547335e-01 6.17079079e-01 8.92575383e-01
    2.58481383e-01 4.15520966e-01 6.29046023e-01 5.53434789e-01
    6.50779963e-01 7.28329420e-01 1.57053858e-01 6.39241755e-01
    8.00251424e-01 8.35043073e-01 1.62445664e-01 8.12078655e-01
    7.66850233e-01 1.04095668e-01 9.53837752e-01 1.74409419e-01
    3.71102810e-01 8.63604486e-01 9.80861902e-01 6.46990418e-01
    5.54887593e-01 4.88130480e-01 1.79841608e-01 7.29929805e-02
    9.95492995e-01 1.02628917e-01 2.33012587e-01 4.93451953e-01
    4.01150823e-01 5.87901473e-01 5.64625859e-02 8.73915076e-01
    7.95172334e-01 5.13742268e-02 5.62437117e-01 4.05487150e-01
    4.09292370e-01 9.08568084e-01 8.67966592e-01 5.89291930e-01
    6.12852395e-01 9.87685859e-01 7.60598183e-02 4.95705217e-01
    3.10076445e-01 4.85432267e-01 3.28549474e-01 9.64090943e-01
    6.41943574e-01 7.54220784e-01 3.93102139e-01 2.93523639e-01
    6.77004457e-01 3.74418139e-01 6.36410952e-01 2.63441682e-01
    3.20912898e-02 9.99044776e-02 7.06419408e-01 1.23011172e-01
    3.27242017e-01 3.35143089e-01 8.26842606e-01 9.46964383e-01
    6.34361029e-01 7.96312630e-01 3.54002416e-01 1.93951100e-01
    7.39572823e-01 8.78145695e-01 8.97644043e-01 9.64406133e-03
    9.92537439e-02 7.31982470e-01 5.31899929e-01 2.22832888e-01
    4.74915862e-01 8.43084991e-01 1.71920598e-01 1.51609123e-01
    3.70025635e-03 6.00257814e-01 6.93107128e-01 3.46959770e-01
    5.35730839e-01 8.25674474e-01 3.04802239e-01 3.18546772e-01
    6.14399016e-01 9.45534229e-01 9.44557786e-01 5.73143542e-01
    6.41437829e-01 2.64609843e-01 9.66493368e-01 2.67818689e-01
    8.84414732e-01 1.84717596e-01 5.12327671e-01 1.14996523e-01
    3.40278625e-01 8.07328105e-01 4.27147031e-01 5.54229558e-01
    6.58223808e-01 4.01460052e-01 8.68006110e-01 7.11203694e-01
    9.24100995e-01 6.45513535e-01 3.08368534e-01 3.93942147e-01
    9.34669912e-01 5.13968408e-01 3.08744609e-02 1.53681785e-01
    8.13509226e-02 1.55176550e-01 5.35354018e-01 9.18377161e-01
    6.69931710e-01 9.59077895e-01 7.93247283e-01 2.96931475e-01
    7.82781482e-01 7.74753630e-01 6.61871374e-01 5.95241308e-01
    5.16924262e-03 7.12427735e-01 2.02467203e-01 1.08272642e-01
    7.63868928e-01 7.14401841e-01 1.90043718e-01 2.82932401e-01
    6.24546111e-02 5.44353008e-01 7.02765286e-01 9.59244967e-02
    3.35209280e-01 5.05943716e-01 2.30873346e-01 9.16355073e-01
    8.88330638e-01 8.72497499e-01 4.15923357e-01 8.36545229e-01
    5.06822109e-01 6.39795303e-01 7.36929059e-01 7.59260178e-01
    8.63416553e-01 4.17211950e-01 3.72872353e-01 8.43207955e-01
    6.06796026e-01 4.31086183e-01 1.97905093e-01 6.07586145e-01
    8.45444679e-01 5.80161273e-01 2.09578454e-01 8.65246296e-01
    9.54279304e-01 1.68763995e-01 4.67828602e-01 9.92380142e-01
    5.30132949e-01 6.23806357e-01 4.24532652e-01 2.91300803e-01
    6.24733865e-01 8.29630792e-02 8.59367967e-01 1.06559128e-01
    7.06883669e-01 8.13390613e-01 4.81796592e-01 2.95110792e-01
    5.03527284e-01 6.93387091e-02 4.13984835e-01 2.61959344e-01
    3.70091885e-01 9.29666996e-01 6.49545610e-01 5.03157437e-01
    5.70651114e-01 3.95757735e-01 6.62241817e-01 8.77268493e-01
    8.82936835e-01 4.73812431e-01 8.18729877e-01 4.53701317e-01
    8.86319757e-01 7.34184027e-01 3.15350592e-01 1.06692791e-01
    4.34812963e-01 3.03636342e-01 3.61756504e-01 2.34304488e-01
    4.58571583e-01 9.67292309e-01 5.60556650e-02 4.19421703e-01
    5.97968459e-01 2.59717405e-01 8.66100669e-01 8.64982128e-01
    8.73267174e-01 7.50499785e-01 4.09141570e-01 5.29355407e-01
    3.84557009e-01 6.81364596e-01 7.11414456e-01 2.74939716e-01
    6.14034295e-01 6.55042350e-01 7.51021683e-01 7.40080714e-01
    7.44787931e-01 7.26050436e-01 3.43543261e-01 2.17080861e-01
    4.87181067e-01 9.97692227e-01 8.38863254e-02 6.79852247e-01
    8.19247007e-01 7.20770657e-01 4.46045697e-01 9.26283896e-01
    1.83466494e-01 2.95741975e-01 8.34680021e-01 6.66118383e-01
    5.21884322e-01 2.91114897e-01 4.99813586e-01 5.50183177e-01
    6.59196794e-01 2.08819807e-01 9.21005309e-02 9.38643098e-01
    5.91916442e-01 3.69330049e-01 3.34675252e-01 9.90981936e-01
    8.68396938e-01 6.47607446e-01 8.59075010e-01 4.95334655e-01
    4.05141532e-01 1.80195242e-01 2.46764421e-01 7.93412805e-01
    8.11503530e-01 1.79829299e-01 3.18049133e-01 6.65978551e-01
    5.95225453e-01 1.42224103e-01 4.12848890e-01 7.79352546e-01
    6.03401065e-02 2.38897651e-01 6.70215845e-01 3.30888510e-01
    1.14941984e-01 5.14941514e-01 6.34647787e-01 9.97205496e-01
    4.36147600e-01 1.73522830e-01 7.16938734e-01 3.05282950e-01
    5.75122058e-01 2.14367509e-02 9.04896975e-01 7.71196306e-01
    3.10878873e-01 6.79527998e-01 8.53030920e-01 6.42575979e-01
    9.44523215e-01 7.90278316e-01 1.02389604e-01 5.05729079e-01
    7.41010964e-01 4.83954102e-01 2.05174476e-01 6.52042568e-01
    1.05789214e-01 3.45238328e-01 4.34932381e-01 9.45954144e-01
    5.53284585e-02 5.53569973e-01 6.92782164e-01 7.57761359e-01
    2.99843252e-02 6.87810063e-01 4.77062643e-01 9.80555415e-01
    9.05053616e-01 8.57356191e-01 6.81038737e-01 2.10050225e-01
    7.25425482e-01 1.12891257e-01 9.83429611e-01 1.89852536e-01
    3.20601523e-01 3.10727894e-01 2.10613132e-01 4.13182795e-01
    7.87692964e-02 3.49832892e-01 7.56320477e-01 8.88331473e-01
    3.67478997e-01 3.69017541e-01 4.10057187e-01 4.09334689e-01
    8.93554628e-01 8.65497470e-01 3.29033732e-01 8.49783897e-01
    7.27120936e-02 9.90444720e-01 3.17539364e-01 7.49339759e-01
    6.78895473e-01 5.46906114e-01 5.11148036e-01 7.56277204e-01
    9.49109793e-01 1.63248241e-01 1.96105689e-01 4.32486176e-01
    4.24633533e-01 2.98310757e-01 1.56997025e-01 7.06283092e-01
    1.46743894e-01 3.11607897e-01 6.22510910e-01 8.55135441e-01
    8.69345546e-01 8.79037380e-01 4.72336322e-01 9.68809843e-01
    4.24285024e-01 3.44701022e-01 5.85681081e-01 7.10054398e-01
    9.02066290e-01 5.54999709e-03 9.52079535e-01 8.65498245e-01
    1.15451455e-01 6.77736759e-01 3.07971239e-01 5.88992834e-01
    1.33185297e-01 4.35406268e-02 5.84558010e-01 1.22874081e-02
    3.37758034e-01 5.33342659e-01 3.93301278e-01 9.65468407e-01
    4.61158454e-01 4.32357311e-01 5.71034670e-01 2.37760603e-01
    8.80722046e-01 9.51990306e-01 2.00279415e-01 1.22096598e-01
    9.99681950e-02 4.85411406e-01 4.92680699e-01 3.33239436e-02
    4.02564585e-01 6.60608530e-01 5.62351465e-01 6.88080788e-02
    3.81799430e-01 3.41437250e-01 8.93591762e-01 9.66701746e-01
    5.24765551e-02 8.13885212e-01 1.32759184e-01 8.01944375e-01
    4.93714690e-01 6.06856406e-01 2.50453681e-01 7.48820424e-01
    4.44418550e-01 1.29267573e-01 7.48087525e-01 7.90662766e-02
    2.94616818e-03 4.09256428e-01 3.92783672e-01 9.15490985e-01
    3.29543650e-02 2.02864110e-01 7.97271252e-01 1.97193861e-01
    2.05779433e-01 7.14451134e-01 5.09678006e-01 5.97522438e-01
    9.59874094e-02 3.37693393e-02 5.47486246e-01 7.33845413e-01
    8.89391065e-01 6.53103173e-01 8.62029791e-01 5.37794709e-01
    8.37478638e-01 3.36762965e-01 8.14904034e-01 9.36109781e-01
    7.68924117e-01 3.30330074e-01 7.93409407e-01 6.26973748e-01
    5.88099360e-01 2.57814825e-02 7.05407619e-01 1.06910527e-01
    8.26803327e-01 5.82249880e-01 5.80357850e-01 5.59539318e-01
    2.62564838e-01 7.14103341e-01 9.09561694e-01 9.20029759e-01
    6.36896253e-01 2.76021957e-01 6.69872463e-01 4.58433121e-01
    8.35381746e-02 8.35082650e-01 3.63662183e-01 1.44016802e-01
    3.41631949e-01 3.73115629e-01 1.58942193e-01 7.57898450e-01
    8.81265819e-01 8.71290684e-01 6.06900156e-01 1.17046267e-01
    4.08681303e-01 9.10203755e-01 9.14065003e-01 4.06196773e-01
    3.06365222e-01 8.21366906e-03 9.57480073e-01 8.13212574e-01
    8.52886021e-01 8.72818828e-01 6.43216014e-01 9.57150221e-01
    6.10400736e-01 9.80070770e-01 8.19607377e-01 1.82937086e-01
    4.19228345e-01 2.48234957e-01 4.15450215e-01 6.82400107e-01
    4.73351479e-02 3.84087980e-01 5.07634580e-01 1.81866705e-01
    8.36696625e-01 7.17285275e-01 7.96192408e-01 3.83934885e-01
    8.68785977e-01 7.51262903e-01 2.75191307e-01 5.81258535e-01
    1.54201597e-01 9.76642132e-01 6.09401941e-01 6.11344934e-01
    5.88393092e-01 8.14222932e-01 5.21619380e-01 7.39811420e-01
    6.30448103e-01 3.39421630e-01 3.09873521e-02 4.63701963e-01
    4.22817707e-01 4.10687536e-01 1.60574943e-01 1.18758976e-02
    8.26657176e-01 2.70532131e-01 5.67214489e-01 9.52080727e-01
    7.85544574e-01 7.84893572e-01 9.89277363e-02 5.49753606e-02
    9.51992750e-01 5.50006628e-01 5.40358901e-01 2.28671461e-01
    5.06448090e-01 3.91068250e-01 4.54956412e-01 8.65422368e-01
    9.75347459e-01 9.71364975e-03 5.87180614e-01 5.97995996e-01
    5.15733838e-01 6.03111982e-02 3.18812609e-01 5.75665474e-01
    2.06102997e-01 8.40959013e-01 7.32326984e-01 6.20496035e-01
    9.26016808e-01 1.98174149e-01 6.87501252e-01 3.72866958e-01
    1.83590859e-01 3.54559690e-01 2.18354076e-01 3.45283747e-01
    8.85294080e-01 2.64921486e-02 4.61494803e-01 2.10881829e-01
    9.63500738e-02 8.47192526e-01 7.97879457e-01 2.05395192e-01
    7.46802807e-01 9.68612909e-01 8.94919932e-02 7.03000069e-01
    7.31208622e-01 5.52267969e-01 4.24387276e-01 4.93777424e-01
    7.84394026e-01 2.76048988e-01 2.23554760e-01 8.17808390e-01
    3.90327036e-01 9.36540604e-01 2.58547276e-01 8.21383536e-01
    1.66478008e-01 3.72320414e-01 1.44812882e-01 9.97226894e-01
    2.73952603e-01 4.26478028e-01 2.52644420e-01 4.75464702e-01
    9.10706222e-01 3.19641382e-01 9.80629981e-01 5.38498402e-01
    4.49262977e-01 5.10810435e-01 2.87628263e-01 9.22085047e-01
    7.60493875e-02 9.47804451e-01 5.95474064e-01 6.62357569e-01
    4.39263403e-01 6.68295085e-01 9.08058226e-01 6.52003527e-01
    3.00635636e-01 5.13350427e-01 2.14982033e-03 5.83775461e-01
    8.02487910e-01 8.68370831e-01 7.72919655e-01 4.00980175e-01
    9.64552283e-01 7.80942678e-01 2.94143409e-01 4.98124301e-01
    8.73939037e-01 9.98911083e-01 2.45689243e-01 9.22891140e-01
    6.11988664e-01 8.46998096e-01 6.67729974e-01 7.00195789e-01
    1.23566180e-01 1.53126717e-02 5.67312121e-01 4.02655780e-01
    8.30324054e-01 4.63085234e-01 3.49158943e-01 6.11059844e-01
    5.87903738e-01 9.63019431e-02 2.71119207e-01 8.25787485e-01
    7.80432582e-01 9.44300771e-01 6.22635484e-01 9.63715732e-01
    6.75817490e-01 6.44313514e-01 2.52138644e-01 6.93993092e-01
    7.74328828e-01 8.07000816e-01 3.67643654e-01 5.13519704e-01
    9.01839077e-01 3.37176561e-01 3.71569157e-01 5.85525751e-01
    7.81730652e-01 4.82610166e-02 5.91586828e-01 8.27824891e-01
    2.83125341e-02 1.44976169e-01 7.66129613e-01 6.70891643e-01
    4.91424352e-01 8.91546965e-01 9.26923752e-01 9.54277277e-01
    8.58890414e-02 4.34839427e-02 6.63712025e-02 8.56437981e-01
    8.46360922e-01 9.78741169e-01 2.43256271e-01 8.27373385e-01
    7.89047778e-02 7.37929761e-01 4.40835595e-01 9.03163552e-02
    3.28964174e-01 7.46734262e-01 8.29257011e-01 1.98247790e-01
    7.80816793e-01 6.65914834e-01 5.33963561e-01 9.23608184e-01
    7.91255772e-01 4.05201942e-01 8.09800208e-01 7.82273412e-01
    9.92858946e-01 3.59220564e-01 8.75134706e-01 8.19167137e-01
    1.81385964e-01 3.54153514e-01 7.02197969e-01 9.34203863e-01
    8.81175160e-01 8.89345527e-01 5.93490958e-01 8.12049150e-01
    9.82441843e-01 8.61834466e-01 6.66329861e-01 4.17369068e-01
    6.57133102e-01 8.29992950e-01 8.97536576e-01 2.85594046e-01
    3.36307108e-01 2.91451573e-01 9.75364745e-02 9.23461676e-01
    9.14879143e-02 4.73920614e-01 6.96524143e-01 3.17628443e-01
    8.43052566e-01 5.04659295e-01 6.88242078e-01 8.17081094e-01
    9.27870870e-01 5.08679032e-01 7.03844428e-02 6.77059054e-01
    2.41405189e-01 9.43944931e-01 5.65840423e-01 1.41185373e-01
    3.94977033e-02 5.51467896e-01 7.57818341e-01 6.64530456e-01
    2.47044653e-01 8.32739115e-01 1.64549619e-01 7.42328703e-01
    4.45960790e-01 5.97976208e-01 5.64946830e-01 4.68442738e-01
    7.57366776e-01 1.82369977e-01 1.26410007e-01 1.49797440e-01
    7.28914142e-03 9.31810439e-01 7.49021530e-01 6.13810480e-01
    5.39561212e-02 4.95206892e-01 1.26089066e-01 7.68642902e-01
    3.47947836e-01 5.19896805e-01 1.82740092e-02 8.30305874e-01
    1.73813492e-01 5.43442667e-01 7.73371041e-01 6.80821657e-01
    2.08821893e-02 2.92794049e-01 6.58214211e-01 9.78042722e-01
    7.75224090e-01 5.30996084e-01 1.88713998e-01 8.32316458e-01
    8.84924889e-01 4.39939439e-01 9.75382805e-01 5.22383690e-01
    5.68507314e-01 5.61650038e-01 7.09344387e-01 1.97762161e-01
    6.05233729e-01 2.27097988e-01 2.28888959e-01 4.39982146e-01
    2.13847160e-02 3.11886102e-01 2.87308067e-01 4.12941903e-01
    4.88621563e-01 2.12260276e-01 7.53917336e-01 9.94921148e-01
    7.26747930e-01 9.70570922e-01 6.88692629e-02 9.13871765e-01
    9.49227452e-01 3.32539439e-01 5.77472150e-01 3.90971303e-02
    3.75516117e-02 8.90925229e-02 3.82601291e-01 7.53442883e-01
    7.64982700e-02 8.92281413e-01 4.22107458e-01 2.13429809e-01
    6.74581230e-01 5.24509728e-01 8.27811241e-01 3.49906564e-01
    9.17429507e-01 7.23887742e-01 6.24343991e-01 7.67620265e-01
    2.77029961e-01 9.25092936e-01 1.05257839e-01 3.61824900e-01
    4.39841568e-01 1.14752352e-01 1.36604816e-01 6.22008145e-01
    7.76820183e-01 8.80630851e-01 7.02364266e-01 2.95547724e-01
    3.61660957e-01 3.98157537e-02 1.38115913e-01 2.84684956e-01
    6.41743898e-01 1.92122012e-01 7.03102827e-01 8.78046513e-01
    6.08023703e-01 9.34122920e-01 5.09354651e-01 7.05014467e-01
    1.31220549e-01 1.43573046e-01 5.75457215e-01 9.95266795e-01
    8.38182151e-01 1.99228078e-01 4.18223977e-01 8.44468474e-01
    6.37872994e-01 1.93193257e-01 9.00066853e-01 5.33181846e-01
    7.48969138e-01 6.73336565e-01 6.80062652e-01 1.95450902e-01
    8.40347111e-01 4.74300653e-01 8.47806454e-01 2.49934673e-01
    6.59403086e-01 2.72127897e-01 8.63223851e-01 4.49672937e-02
    2.04550087e-01 3.79960895e-01 1.55781567e-01 7.44786143e-01
    6.37393892e-02 8.45388889e-01 3.57104450e-01 5.31831145e-01
    6.72273517e-01 5.85007012e-01 8.33529711e-01 2.09741265e-01
    9.57378983e-01 7.59573281e-02 8.30708027e-01 8.79018784e-01
    2.72967756e-01 5.29337823e-01 2.73451209e-02 7.98961222e-01
    9.78255033e-01 9.71446753e-01 9.90872502e-01 4.87487555e-01
    3.88364851e-01 8.85363579e-01 2.00953931e-01 8.96722555e-01
    7.69184232e-01 2.64834851e-01 7.99786270e-01 7.37523496e-01
    4.93384570e-01 6.99088693e-01 5.46850443e-01 5.72522819e-01
    3.32927406e-01 6.01022601e-01 3.94410878e-01 3.22682083e-01
    5.29839575e-01 6.53082311e-01 9.75430846e-01 9.01659250e-01
    7.05026090e-01 8.55179131e-01 9.89560246e-01 8.95833135e-01
    6.25865102e-01 1.42198950e-01 9.24985647e-01 5.32507956e-01
    3.81000876e-01 6.83254063e-01 7.26831317e-01 9.16275620e-01
    9.20176864e-01 1.63768560e-01 3.32105339e-01 2.56415009e-02
    7.45591044e-01 7.43746042e-01 4.46507007e-01 4.99178737e-01
    1.27264231e-01 7.03421354e-01 1.39894485e-01 6.07792020e-01
    6.84968829e-01 8.38448644e-01 8.47278655e-01 9.08998072e-01
    1.81136787e-01 5.71633279e-01 2.97814459e-01 1.18063986e-02
    5.84793031e-01 4.10362571e-01 1.02156669e-01 8.92122447e-01
    2.97859311e-01 2.82601655e-01 2.34659493e-01 8.80450606e-02
    6.49925172e-01 3.46601784e-01 6.20692134e-01 7.87914097e-02
    2.61754572e-01 7.61581302e-01 7.87973642e-01 8.83291185e-01
    6.22956753e-02 9.50458050e-01 8.61042976e-01 7.48198926e-01
    1.35732800e-01 7.73613691e-01 7.74475157e-01 9.92657661e-01
    1.88352019e-01 7.87685513e-01 6.46608949e-01 3.61331284e-01
    1.82009459e-01 4.31641936e-02 3.96879494e-01 1.05806798e-01
    9.58902717e-01 1.11250997e-01 6.43321276e-01 3.41053307e-02
    7.08311856e-01 3.95081311e-01 2.46455044e-01 5.04718900e-01
    8.06193531e-01 8.48032296e-01 1.95388794e-02 5.12925863e-01
    6.78001404e-01 6.69121623e-01 1.92439884e-01 5.61898351e-02
    2.98690081e-01 4.55793440e-02 8.83875608e-01 1.40026987e-01
    7.24764526e-01 7.17580080e-01 8.22998166e-01 1.03669554e-01
    8.80382299e-01 4.40030873e-01 3.12471151e-01 4.23883170e-01
    9.92162704e-01 1.31749898e-01 6.12374067e-01 6.65559947e-01
    6.48132026e-01 1.93914473e-02 5.05599380e-02 7.90174603e-01
    4.35143173e-01 2.76645184e-01 9.14944291e-01 5.83419621e-01
    4.86660242e-01 4.48300004e-01 8.20262372e-01 3.56648505e-01
    9.66748714e-01 9.78953123e-01 4.48246062e-01 6.71398282e-01
    7.31859922e-01 3.73633534e-01 2.80399740e-01 6.80491030e-01
    2.26834804e-01 6.38745666e-01 6.24487579e-01 8.31641436e-01
    3.02391440e-01 1.78396285e-01 4.80463088e-01 1.68190956e-01
    6.55347347e-01 9.21618700e-01 4.44590628e-01 7.98591852e-01
    1.85533762e-01 9.75421607e-01 8.26624036e-03 7.80540466e-01
    4.97554064e-01 6.60977125e-01 4.47227538e-01 2.88053989e-01
    4.38128382e-01 1.66627079e-01 2.00793952e-01 5.19812703e-02
    2.32307881e-01 6.48097396e-01 9.52753663e-01 5.64972758e-01
    9.48602915e-01 7.71735191e-01 3.44104469e-01 5.87944567e-01
    4.44829077e-01 3.82750720e-01 8.13774109e-01 2.55828142e-01
    7.84085095e-01 2.24241167e-01 1.83492005e-01 3.75901550e-01
    9.09627855e-01 7.01885819e-02 6.16308331e-01 4.75504845e-01
    4.19646204e-01 4.26455975e-01 3.87080073e-01 5.20105660e-01
    9.66850579e-01 5.67560494e-01 8.22059512e-01 7.66702056e-01
    1.47876263e-01 5.21426260e-01 5.48054039e-01 4.36732650e-01
    7.49033093e-02 4.50036526e-02 3.86279583e-01 2.69083261e-01
    8.12229395e-01 4.54222947e-01 6.44131362e-01 4.74937886e-01
    1.48732960e-02 5.68239748e-01 9.97445822e-01 4.39757735e-01
    4.43789363e-01 8.12585652e-02 9.22682047e-01 3.09893668e-01
    4.96383488e-01 6.42734110e-01 2.22773969e-01 4.59487647e-01
    3.34424376e-02 1.85090333e-01 2.07247913e-01 3.99839580e-01
    3.99459958e-01 7.41603851e-01 3.56242061e-02 1.54906094e-01
    1.67178303e-01 1.71887487e-01 1.62255973e-01 9.23938155e-01
    3.52926135e-01 1.00063682e-02 4.54785794e-01 2.71774679e-01
    2.06359506e-01 8.11414838e-01 4.14622843e-01 7.96691775e-01
    7.92046905e-01 2.90606380e-01 3.78588200e-01 9.85705972e-01
    4.85835999e-01 4.68400240e-01 3.78569603e-01 7.55955815e-01
    7.00946689e-01 3.23836625e-01 5.12663722e-01 8.44651461e-03
    5.46794951e-01 9.86891866e-01 1.82391644e-01 1.73028588e-01
    4.81901795e-01 8.47652078e-01 3.25840294e-01 9.28150415e-01
    9.63823676e-01 8.98146093e-01 7.56866693e-01 7.73442447e-01
    4.58634377e-01 6.93904161e-02 4.71923143e-01 9.36801910e-01
    9.90593672e-01 8.91993284e-01 3.54496658e-01 4.87679303e-01
    4.66514736e-01 4.36217070e-01 9.37659502e-01 7.37816572e-01
    7.98541129e-01 5.47409952e-01 8.14981937e-01 5.14467061e-01
    3.45003724e-01 5.00349820e-01 7.55223393e-01 9.20111060e-01
    4.33836281e-02 7.00595021e-01 3.10636520e-01 7.29476810e-01
    5.82196116e-01 5.41978955e-01 6.15772784e-01 8.38993669e-01
    8.92969072e-02 7.47355521e-02 3.65593135e-02 3.60236347e-01
    4.51934546e-01 3.01590264e-02 8.19240332e-01 1.45680517e-01
    8.14769566e-01 7.30718911e-01 8.51722598e-01 9.41567063e-01
    7.13952601e-01 9.54422414e-01 7.05275893e-01 6.49708271e-01
    7.86866784e-01 3.85187328e-01 2.02180982e-01 9.74926889e-01
    6.30645037e-01 7.16126561e-01 3.06584597e-01 9.19660330e-01
    7.06772685e-01 7.45790005e-01 5.17287076e-01 2.39950567e-01
    8.72687876e-01 2.45767176e-01 7.25012541e-01 4.96722996e-01
    4.03169304e-01 5.79167306e-01 2.95653760e-01 3.08138222e-01
    5.81633031e-01 3.39723766e-01 5.04693389e-03 6.21519744e-01
    1.06596351e-01 1.05539531e-01 4.15406257e-01 8.12228680e-01
    2.62129605e-01 9.97593701e-02 9.53504622e-01 5.48978686e-01
    2.28786528e-01 1.22517735e-01 6.41066074e-01 8.16280723e-01
    4.35646325e-01 9.45534110e-02 8.42434049e-01 5.28880000e-01
    9.38468695e-01 1.58608824e-01 6.02969170e-01 3.60949099e-01
    2.24770874e-01 2.68786848e-01 4.42375541e-02 1.74811184e-02
    8.48254323e-01 3.41615319e-01 6.70745552e-01 8.65547061e-01
    9.06320810e-01 7.04276621e-01 6.57219470e-01 3.14438522e-01
    9.95830834e-01 8.53895068e-01 4.50215489e-01 1.51006818e-01
    3.16900730e-01 3.33970249e-01 5.72764099e-01 4.64350969e-01
    9.63911414e-01 8.65007758e-01 2.52547741e-01 8.88443947e-01
    5.94057679e-01 7.39704370e-01 8.53430867e-01 1.59200191e-01
    7.69784868e-01 3.32447886e-01 4.76579666e-01 1.40164107e-01
    9.45695162e-01 4.38044786e-01 6.89801931e-01 9.25950110e-02
    8.67634058e-01 3.82311106e-01 2.25327045e-01 1.77969366e-01
    2.39993691e-01 2.01313972e-01 1.72292322e-01 6.87361419e-01
    7.28419721e-02 3.32543731e-01 3.12253416e-01 4.55316126e-01
    9.03268278e-01 4.43462610e-01 6.17221415e-01 4.71989214e-01
    3.92389953e-01 4.20384407e-01 8.74134064e-01 4.18749750e-01
    3.78744900e-01 9.73244309e-01 7.95207441e-01 2.28615046e-01
    6.66688085e-01 6.95188880e-01 2.96716332e-01 5.04190922e-02
    6.95353329e-01 9.30056214e-01 8.23382795e-01 9.84762490e-01
    3.98458302e-01 5.81238091e-01 4.95310664e-01 6.26133382e-01
    8.62368047e-01 4.88127887e-01 6.46629095e-01 9.11401987e-01
    4.96019423e-02 2.37001270e-01 7.21789300e-02 6.30362153e-01
    6.46981359e-01 1.82699472e-01 5.07075250e-01 2.18644142e-01
    4.33801413e-01 4.30783570e-01 1.51715606e-01 9.03824091e-01
    4.01147485e-01 4.53078985e-01 2.39266872e-01 6.86606944e-01
    8.02044868e-01 2.74773329e-01 9.38619614e-01 6.09048307e-01
    8.66652489e-01 1.39506102e-01 6.86247945e-02 8.27414751e-01
    9.60055470e-01 9.87115800e-02 1.03726357e-01 1.15279078e-01
    7.73955107e-01 2.76145875e-01 8.15099955e-01 8.18089008e-01
    8.36214185e-01 7.89007545e-01 6.63802028e-01 1.76534504e-01
    6.16598070e-01 2.79222727e-01 5.53015113e-01 7.15007424e-01
    4.74341601e-01 2.56168962e-01 4.88163531e-02 7.59724975e-02
    5.46357632e-02 1.67376995e-02 3.62466991e-01 4.67188358e-01
    7.73067772e-01 4.61033672e-01 5.50340056e-01 1.06550425e-01
    8.62544775e-01 5.26012540e-01 7.79907107e-01 4.31104451e-01
    4.09445614e-01 3.74363661e-01 5.50540149e-01 9.31551993e-01
    9.95802283e-01 4.26250577e-01 9.40001845e-01 3.51042390e-01
    5.68154693e-01 2.91304648e-01 5.83780766e-01 9.11755741e-01
    4.34618294e-01 1.97191983e-01 5.70027530e-01 1.40426427e-01
    5.33121824e-01 7.97934294e-01 4.83421236e-01 1.28221899e-01
    6.83919430e-01 2.81293631e-01 7.69303501e-01 2.17764199e-01
    9.31244016e-01 8.74284446e-01 8.07172418e-01 3.20605576e-01
    1.71118259e-01 9.37998056e-01 2.10732102e-01 7.26162434e-01
    6.83050871e-01 1.26956940e-01 4.16223496e-01 6.84123039e-01
    7.71478832e-01 1.68752670e-02 2.27703869e-01 1.69152409e-01
    9.47907209e-01 5.21761715e-01 5.99260330e-02 2.70415992e-01
    4.56273973e-01 2.38565385e-01 3.24030459e-01 4.86278504e-01
    7.72817969e-01 1.89088136e-01 8.58561039e-01 5.56061924e-01
    5.84381819e-01 4.69212621e-01 3.27816516e-01 4.83872116e-01
    6.79439306e-01 7.11239874e-02 1.53347701e-01 9.28481460e-01
    2.07184076e-01 6.92869782e-01 9.11965728e-01 4.01128978e-01
    4.58500922e-01 4.89550829e-02 4.23325539e-01 6.62042022e-01
    5.99712014e-01 7.20672011e-02 7.23445237e-01 8.90144229e-01
    8.06668639e-01 6.06644452e-02 9.40920651e-01 3.72838736e-01
    9.17175055e-01 2.66950846e-01 4.68691587e-01 2.48075813e-01
    7.83450723e-01 5.29770494e-01 6.41217113e-01 8.54164541e-01
    2.25564539e-01 9.12690043e-01 2.64143825e-01 3.31438959e-01
    1.09431505e-01 6.74608827e-01 5.82238913e-01 9.04409170e-01
    8.49396706e-01 3.43556404e-01 2.08135515e-01 1.57872438e-01
    4.15627062e-02 9.31882918e-01 1.14161849e-01 5.61731040e-01
    7.02673376e-01 3.38204741e-01 5.73409319e-01 7.92215943e-01
    5.88530302e-03 9.90223050e-01 4.11202759e-01 3.41235936e-01
    6.95561409e-01 4.17302966e-01 9.38822269e-01 5.43581128e-01
    3.46603394e-02 2.15517342e-01 5.01375616e-01 2.42900968e-01
    9.06735718e-01 9.84822512e-01 7.25303948e-01 3.60400945e-01
    9.09122229e-02 2.52980620e-01 3.39241982e-01 1.43323749e-01
    8.35629642e-01 4.81767863e-01 3.23160291e-02 5.44086218e-01
    7.55100846e-01 5.23319066e-01 8.68883967e-01 7.07395911e-01
    3.53920817e-01 8.33032608e-01 3.54579300e-01 8.56588721e-01
    8.38283002e-01 2.53946841e-01 2.90914714e-01 3.25600445e-01
    6.02597475e-01 6.65619493e-01 8.81967247e-02 8.88694882e-01
    4.86194253e-01 7.56057858e-01 2.19153881e-01 5.86591065e-01
    6.81811333e-01 4.07730848e-01 4.81518626e-01 1.05795234e-01
    4.30242270e-01 2.10477799e-01 4.11778092e-02 6.20920002e-01
    4.68586236e-01 6.76335156e-01 8.54903579e-01 4.66344178e-01
    1.48911089e-01 7.51906753e-01 8.74853492e-01 6.41012609e-01
    2.63150096e-01 5.74033678e-01 8.66647243e-01 4.37696278e-02
    5.63805878e-01 5.81588268e-01 6.34983897e-01 7.30197310e-01
    7.64523387e-01 4.78938013e-01 5.76553643e-02 7.97609389e-02
    1.66631550e-01 7.87712693e-01 7.43386865e-01 6.01523757e-01
    2.03425407e-01 4.45891619e-02 8.18056762e-01 5.00814676e-01
    2.23848790e-01 1.98520511e-01 2.91293621e-01 6.29065335e-01
    2.92917073e-01 9.40568686e-01 7.58603215e-01 5.38076758e-02
    6.73286617e-01 9.96180058e-01 7.55006075e-03 7.94715524e-01
    9.61796403e-01 2.26737559e-02 5.88137031e-01 8.35271597e-01
    4.93520617e-01 6.80334687e-01 6.66854560e-01 8.89117122e-02
    3.45963240e-02 4.51870978e-01 1.88774139e-01 4.37584400e-01
    2.74015069e-01 1.91423029e-01 7.14690030e-01 4.13939506e-01
    9.83305275e-02 6.67885900e-01 8.00307691e-01 2.05560178e-01
    3.00732672e-01 1.53032213e-01 7.92034030e-01 9.42532122e-02
    5.15395403e-03 3.20257336e-01 3.63466144e-03 2.74533629e-01
    1.76750302e-01 2.06369609e-01 6.88309848e-01 8.13076496e-01
    9.64140892e-02 2.98987001e-01 4.96438146e-01 9.58456874e-01
    2.19202310e-01 6.89350724e-01 1.77675098e-01 3.55095863e-01
    3.63397330e-01 8.38906765e-01 4.44182754e-01 2.07522839e-01
    3.03697616e-01 8.30000758e-01 3.53780359e-01 8.65833819e-01
    8.56061339e-01 3.81186903e-02 8.68845642e-01 8.47202301e-01
    6.34046078e-01 5.38630664e-01 3.04479301e-02 1.65045351e-01
    8.09644163e-01 9.25243914e-01 5.07237911e-02 2.73413897e-01
    5.05542994e-01 6.73507929e-01 8.51372719e-01 1.83067620e-02
    2.12008297e-01 3.10395360e-02 9.97163773e-01 7.99219310e-01
    7.44044781e-01 8.74134898e-03 2.76589096e-01 5.29435277e-02
    8.83979499e-01 2.05813229e-01 3.78110647e-01 5.17118633e-01
    9.06837523e-01 6.16263688e-01 9.20210838e-01 7.60067523e-01
    1.84861124e-01 8.66766870e-01 5.49651623e-01 8.76620770e-01
    2.01335102e-01 9.28326726e-01 8.98524404e-01 3.60009879e-01
    4.20543939e-01 7.68070340e-01 7.76787281e-01 1.06741041e-01
    7.11504638e-01 9.77618694e-02 2.25014836e-01 2.50052243e-01
    9.41459596e-01 6.54812157e-02 5.82717478e-01 3.11729610e-02
    7.59412050e-02 5.29444098e-01 4.40624356e-02 6.55440450e-01
    3.44219804e-01 6.81629419e-01 6.60700202e-01 6.75011396e-01
    4.99317199e-01 5.95750868e-01 1.34529591e-01 4.09366190e-01
    2.41997391e-01 2.50028014e-01 4.59258735e-01 3.16031039e-01
    4.98386770e-01 2.83530116e-01 7.35733688e-01 2.73563802e-01
    5.32237470e-01 4.80695128e-01 1.14875138e-02 7.41788030e-01
    3.32783520e-01 2.89703846e-01 1.24129683e-01 8.68945777e-01
    9.98467982e-01 4.24397588e-01 9.16877508e-01 1.51158273e-01
    5.09690821e-01 1.06662095e-01 2.87739336e-01 8.82799983e-01
    2.16097683e-01 5.85161805e-01 2.36897260e-01 6.46091998e-02
    4.40839767e-01 3.76724958e-01 6.99323177e-01 2.37966776e-02
    9.95188236e-01 6.84665620e-01 2.82921314e-01 6.69938862e-01
    4.18854892e-01 6.83348477e-01 7.28210926e-01 8.87394309e-01
    2.79623926e-01 2.91220725e-01 9.76351857e-01 9.63312984e-01
    4.35821414e-02 8.80005360e-02 3.24031174e-01 5.25515795e-01
    8.43719125e-01 9.47136521e-01 3.38856816e-01 8.51729393e-01
    9.41287398e-01 1.35158211e-01 1.41832978e-01 1.54646546e-01
    9.82161582e-01 4.71649289e-01 5.34693360e-01 7.10587859e-01
    5.28736055e-01 2.99531609e-01 5.56124866e-01 2.08962083e-01
    4.79446054e-01 1.92494482e-01 5.87558806e-01 8.62373948e-01
    5.99551797e-01 5.84387958e-01 7.65982270e-02 1.14623815e-01
    7.02453017e-01 8.07898164e-01 7.50451148e-01 8.61167014e-02
    9.95621920e-01 2.91888535e-01 5.36551714e-01 9.99176681e-01
    1.87018245e-01 8.65134180e-01 8.81961703e-01 8.20485473e-01
    6.52078748e-01 5.12821019e-01 2.05821335e-01 6.62852287e-01
    3.93273532e-01 6.18296981e-01 8.23002696e-01 7.97759056e-01
    1.04744166e-01 5.29494822e-01 4.46033835e-01 1.94867015e-01
    9.83640552e-01 5.76275229e-01 7.56750107e-01 5.68628311e-01
    3.09876323e-01 9.18977380e-01 8.33291411e-01 8.74575973e-02
    7.16086805e-01 2.61269093e-01 7.89877772e-01 8.72907043e-01
    9.51292157e-01 1.48482054e-01 3.84914011e-01 9.48961496e-01
    2.45831966e-01 6.73697233e-01 5.41328371e-01 5.80821991e-01
    8.60655248e-01 7.53073514e-01 1.59711599e-01 2.44207442e-01
    2.22347915e-01 8.89903426e-01 5.08150935e-01 4.34595466e-01
    6.68943882e-01 4.16699082e-01 7.27923036e-01 2.14312047e-01
    9.86890912e-01 9.27244961e-01 7.25010872e-01 9.18457627e-01
    9.34177995e-01 9.29151535e-01 8.73844624e-01 6.96479559e-01
    6.15386784e-01 1.06046110e-01 5.17379582e-01 4.74521339e-01
    8.13626051e-02 2.39135891e-01 6.69143736e-01 4.18998599e-01
    5.44985235e-02 2.99507022e-01 7.47220397e-01 6.04581475e-01
    2.47051716e-01 8.11630487e-01 7.28638172e-02 1.09421253e-01
    5.93547583e-01 3.12747300e-01 4.54681903e-01 9.29326177e-01
    5.60312629e-01 1.77874714e-01 4.58329260e-01 3.06867778e-01
    4.15319502e-02 7.68449068e-01 4.49613333e-01 3.38153303e-01
    3.41431081e-01 7.40296483e-01 1.31152481e-01 8.67157221e-01
    6.93756700e-01 8.86905909e-01 3.67113382e-01 1.65096372e-01
    7.52186954e-01 3.35736483e-01 7.53348708e-01 1.75928324e-01
    5.29976487e-01 6.88013852e-01 8.56403708e-01 6.55035198e-01
    8.80447030e-01 2.12814033e-01 1.73368990e-01 4.02335703e-01
    6.89846814e-01 5.34121752e-01 1.21346295e-01 2.08993286e-01
    8.01500440e-01 7.33620346e-01 3.60389680e-01 2.90929973e-02
    6.80377007e-01 3.46456528e-01 2.67202020e-01 9.28907096e-01
    2.56013572e-01 4.20316458e-02 9.68942761e-01 5.30814886e-01
    2.05230802e-01 1.08136415e-01 3.80206108e-01 4.96470988e-01
    1.33106381e-01 9.14869308e-01 1.38876915e-01 7.31805027e-01
    8.43347371e-01 8.94234657e-01 4.82635528e-01 6.24717057e-01
    2.02976495e-01 4.72539783e-01 8.16269755e-01 3.76459867e-01
    8.18915367e-02 7.23624468e-01 5.01210690e-02 4.48563993e-01
    2.80932486e-01 6.93590283e-01 6.71589613e-01 7.23821521e-01
    5.41765094e-01 5.28187513e-01 4.56932604e-01 2.51529694e-01
    8.23863506e-01 8.66491556e-01 3.93119633e-01 9.54656601e-01
    4.48721528e-01 2.77177304e-01 1.19954616e-01 4.22166616e-01
    6.37047052e-01 2.97036827e-01 8.19515049e-01 9.51547623e-01
    6.01465702e-01 2.40623653e-02 4.48684663e-01 2.60707438e-01
    8.31498384e-01 3.35650921e-01 2.79324651e-02 7.23791480e-01
    5.75599492e-01 7.68291354e-02 8.12265038e-01 2.80337632e-01
    1.02132648e-01 9.19332385e-01 3.07119489e-01 1.23678923e-01
    1.12195611e-02 5.60003042e-01 2.56323814e-01 6.50512457e-01
    9.20589507e-01 6.46600306e-01 1.00294471e-01 4.12563592e-01
    5.16956508e-01 6.98337197e-01 6.13545537e-01 7.37181902e-01
    1.98542088e-01 1.23709440e-04 6.58204317e-01 1.68519646e-01
    4.87554312e-01 8.95062089e-02 1.07261270e-01 7.17889726e-01
    1.08702570e-01 9.03189719e-01 9.45696831e-01 7.81131268e-01
    3.47113609e-03 8.70800436e-01 2.35123634e-01 9.09049213e-01
    4.24921155e-01 3.04993361e-01 6.34326696e-01 7.03400075e-01
    6.02025747e-01 6.77119792e-02 7.23349988e-01 9.38636363e-01
    4.68286693e-01 7.96418786e-01 6.09456301e-02 3.56884301e-02
    6.82887435e-01 4.00505066e-02 7.93187976e-01 4.63420391e-01
    5.35974383e-01 9.57999349e-01 8.55136216e-01 3.24026316e-01
    1.17895067e-01 1.21943712e-01 1.87889069e-01 4.93406951e-01
    6.26956105e-01 2.16087937e-01 8.22035134e-01 4.89220470e-01
    8.74196589e-02 1.14985079e-01 4.77597237e-01 7.39108920e-01
    1.65549546e-01 4.42163467e-01 2.83025801e-01 9.69475031e-01
    3.31100821e-01 7.05803335e-01 7.70500898e-01 5.23321450e-01
    3.66728455e-01 3.86642337e-01 8.98565769e-01 8.52936804e-01
    8.85403395e-01 8.11897218e-02 3.98805380e-01 8.27834308e-02
    5.69557071e-01 3.19423199e-01 4.74197716e-01 7.61167288e-01
    2.82638103e-01 7.92213917e-01 9.14345622e-01 1.96989626e-01
    6.28346741e-01 6.23090565e-01 7.57184982e-01 2.30039656e-01
    3.17931175e-02 1.52461261e-01 4.50054884e-01 6.04064465e-01
    8.13456535e-01 6.84754252e-01 8.71986389e-01 4.02167737e-02
    6.98892951e-01 2.12955803e-01 1.98937833e-01 3.96507084e-02
    4.53017592e-01 8.55602086e-01 5.97941399e-01 6.36767030e-01
    9.95621085e-02 6.56849742e-01 4.11140054e-01 8.10078800e-01
    6.99967265e-01 9.75114644e-01 4.03446764e-01 8.25074315e-03
    4.53583449e-01 5.54415464e-01 5.37786543e-01 1.00488424e-01
    5.28412402e-01 7.26413250e-01 5.75023055e-01 8.53801608e-01
    3.98263037e-02 3.80198777e-01 7.32556343e-01 1.65571332e-01
    1.76351070e-01 8.25676084e-01 4.57939327e-01 6.18838549e-01
    8.33073258e-01 2.91022122e-01 7.37559736e-01 2.39015222e-01
    4.24895167e-01 5.79689145e-01 3.83027196e-02 5.96651077e-01
    3.29184592e-01 9.73752499e-01 7.06626117e-01 2.72746444e-01
    8.85130763e-01 7.01576591e-01 1.99615687e-01 4.62185830e-01
    7.74958372e-01 5.50719500e-02 4.26772028e-01 3.21604937e-01
    9.07509089e-01 3.13623428e-01 1.22168839e-01 6.72495842e-01
    4.81729090e-01 6.84625089e-01 6.56564355e-01 5.36088228e-01
    5.26357293e-01 6.80848956e-03 5.17668009e-01 4.47871774e-01
    7.81705558e-01 4.11531329e-02 4.84028816e-01 5.67560315e-01
    5.47807157e-01 5.09359181e-01 1.47707015e-01 5.61636269e-01
    4.69269097e-01 4.87506121e-01 4.35463160e-01 3.39248061e-01
    6.13689423e-04 8.05978894e-01 3.38029861e-01 5.34394264e-01
    4.64691609e-01 2.61630297e-01 4.54813987e-01 2.72718668e-02
    2.08879024e-01 8.98805082e-01 6.05187595e-01 9.57839608e-01
    4.07875180e-02 7.24167585e-01 5.84396720e-01 7.48119950e-01
    2.80751348e-01 2.71656036e-01 1.81913674e-01 5.38880825e-01
    3.66091192e-01 7.26691484e-02 3.64283860e-01 3.78062516e-01
    8.51579130e-01 1.01163089e-02 4.64001536e-01 8.63135159e-01
    9.75869775e-01 9.20560360e-01 8.85947704e-01 3.31875086e-01
    1.53193772e-02 4.43842649e-01 6.01315796e-02 4.53590810e-01
    5.46664178e-01 6.32176876e-01 5.66766560e-01 3.65081608e-01
    6.21035457e-01 5.11960626e-01 4.85895365e-01 7.76297152e-01
    3.22564602e-01 2.66452730e-01 8.39082122e-01 7.77708530e-01
    4.61455166e-01 3.74230802e-01 3.57062250e-01 1.34018540e-01
    8.50867987e-01 8.31360817e-02 2.04306781e-01 5.73706388e-01
    5.45163035e-01 2.10590720e-01 8.74162078e-01 8.93139005e-01
    7.06921756e-01 1.63124561e-01 1.51332051e-01 8.83022070e-01
    5.36122620e-01 9.14847136e-01 3.27121556e-01 8.77063632e-01
    3.92289340e-01 6.93244338e-02 9.55744684e-02 7.81250358e-01
    1.91968381e-01 6.66199267e-01 3.83767396e-01 8.80590379e-01
    7.99091101e-01 5.51533759e-01 8.28022957e-01 7.47820854e-01
    9.13480639e-01 9.43626046e-01 1.36650443e-01 8.15968871e-01
    8.13772738e-01 2.81837493e-01 9.83705878e-01 4.54939187e-01
    8.22380185e-01 3.80536377e-01 4.11133170e-01 5.78362346e-01
    9.79024112e-01 7.54485011e-01 2.92892158e-01 2.60486484e-01
    7.17965782e-01 5.94900787e-01 3.10028672e-01 9.14263964e-01
    4.54711854e-01 4.20650929e-01 2.80535966e-01 5.67336977e-01
    5.76671898e-01 8.02713156e-01 9.53657985e-01 6.84287846e-01
    3.49003673e-01 6.34265900e-01 3.09475511e-01 2.96143025e-01
    2.68380225e-01 5.27742267e-01 1.87049538e-01 3.71898115e-02
    2.41472781e-01 9.86353159e-01 3.66409868e-01 7.20218718e-01
    3.67967486e-01 1.80618584e-01 9.68656242e-02 8.41061950e-01
    6.64801121e-01 7.92767167e-01 6.45079970e-01 8.93179774e-01
    1.77013218e-01 1.13586158e-01 3.07540238e-01 8.54681849e-01
    2.88784951e-01 2.46565819e-01 1.21229202e-01 7.53119469e-01
    8.33302319e-01 3.64137083e-01 8.74292731e-01 9.79160786e-01
    7.40411282e-01 5.45218587e-01 3.20436835e-01 3.72732639e-01
    6.39207006e-01 9.59867179e-01 8.20960164e-01 1.36096805e-01
    7.26105392e-01 4.68355060e-01 8.97383690e-01 4.00203317e-01
    7.13941097e-01 3.08583498e-01 3.89045954e-01 2.30944157e-03
    9.72625911e-01 7.74249017e-01 9.56769645e-01 4.45310384e-01
    5.76471090e-01 5.65819919e-01 3.66468936e-01 5.23353517e-02
    5.00083864e-02 3.68639827e-01 7.25366354e-01 6.38544917e-01
    8.11002612e-01 9.56143439e-02 8.69573951e-02 2.82237232e-01
    5.29178083e-02 2.60561049e-01 4.82669204e-01 2.41485149e-01
    5.25163233e-01 2.06573814e-01 1.97651267e-01 1.76103741e-01
    7.23473191e-01 1.46038741e-01 1.29241467e-01 9.45867062e-01
    5.54465055e-01 6.01874352e-01 5.33741713e-03 2.44755685e-01
    4.52279001e-01 1.60385609e-01 4.45520103e-01 3.66338611e-01
    6.38268471e-01 8.57699037e-01 9.90041792e-02 7.40178585e-01
    2.85525680e-01 3.59843612e-01 3.43367159e-01 3.72989029e-01
    1.25877708e-01 2.19624847e-01 2.74720728e-01 6.20859802e-01
    6.69472516e-02 1.51594579e-01 3.34880084e-01 8.24384630e-01
    6.66020870e-01 1.88581556e-01 8.45583141e-01 9.37558293e-01
    6.98214233e-01 3.63111258e-01 1.54325098e-01 8.93439174e-01
    4.32685614e-01 3.44804287e-01 2.94882536e-01 3.20215166e-01
    6.81452453e-01 2.58019030e-01 7.52384067e-01 8.65798950e-01
    6.67569816e-01 4.98070776e-01 9.81091559e-02 7.19330311e-01
    4.95873243e-01 7.80184746e-01 2.02723473e-01 8.59761834e-02
    5.25129378e-01 2.35792190e-01 7.15153456e-01 9.79921103e-01
    2.16736317e-01 2.48407662e-01 8.66459250e-01 7.19372153e-01
    2.97897160e-01 7.10231960e-02 7.19968438e-01 8.40511441e-01
    5.40981114e-01 5.88392377e-01 7.55547285e-02 7.52606213e-01
    2.97918200e-01 9.64049339e-01 7.81302214e-01 2.13544220e-01
    9.98471022e-01 6.61630332e-01 7.41298795e-01 1.96381211e-01
    5.61892986e-04 3.77591640e-01 6.93519771e-01 2.42990851e-01
    3.91169667e-01 6.19790673e-01 3.73448551e-01 4.56498802e-01
    6.67135894e-01 7.46319890e-01 4.77023721e-01 4.73049492e-01
    2.01337576e-01 1.44357890e-01 6.48064256e-01 8.35712314e-01
    6.82042837e-02 1.34026289e-01 1.22796565e-01 3.90965253e-01
    6.87917471e-02 2.49375701e-01 9.85737562e-01 4.42425847e-01
    6.72711611e-01 7.88486779e-01 6.98140264e-01 1.21152133e-01
    1.29981756e-01 9.33151543e-01 8.28323364e-01 1.70714140e-01
    6.66666687e-01 4.14412171e-01 5.28192520e-01 3.11946720e-01
    1.98006928e-01 8.60253453e-01 2.43820131e-01 8.64042342e-02
    2.55521327e-01 7.44158268e-01 7.95557678e-01 8.46615136e-02
    7.68788457e-01 1.49929821e-02 2.54607618e-01 1.67330295e-01
    5.09819508e-01 8.21929693e-01 7.60204077e-01 3.51198018e-01
    8.01523447e-01 2.94286013e-01 6.63807690e-02 8.31722915e-02
    9.26162064e-01 8.76441598e-01 2.94862568e-01 9.48654950e-01
    3.02875310e-01 9.24354672e-01 4.48627055e-01 8.54487181e-01
    5.35800219e-01 6.22864962e-01 3.95802677e-01 8.91543627e-01
    6.37880206e-01 3.20842803e-01 7.97060430e-02 3.78342897e-01
    4.61461782e-01 8.33168149e-01 1.48495346e-01 4.55991805e-01
    8.05677414e-01 3.61412704e-01 4.85014915e-02 2.65360981e-01
    7.69861937e-01 6.47177160e-01 6.43499494e-02 4.87218648e-01
    4.18759525e-01 2.79653609e-01 5.38394749e-01 8.80314350e-01
    5.05756319e-01 1.08428568e-01 6.71433926e-01 9.53959703e-01
    9.27312374e-01 2.81387329e-01 7.54472315e-01 1.19454145e-01
    6.57929897e-01 8.86345267e-01 9.34764981e-01 4.34853047e-01
    4.39942986e-01 3.33337128e-01 5.40853441e-02 8.19481969e-01
    2.96532810e-01 6.41839981e-01 2.19681889e-01 8.22523534e-01
    5.07265329e-03 7.47541666e-01 4.19963658e-01 6.16669118e-01
    2.64052212e-01 8.38275075e-01 6.55041635e-01 1.78241134e-01
    6.57804310e-02 6.24717474e-02 6.66306913e-02 1.88467950e-01
    7.84188390e-01 7.42851853e-01 9.13565338e-01 2.39038527e-01
    9.53535080e-01 5.11002302e-01 6.91209674e-01 5.52343726e-01
    9.38094139e-01 4.47073281e-01 7.54458904e-01 3.54354382e-01
    8.98632169e-01 1.10472172e-01 3.13815385e-01 7.90676892e-01
    6.22205555e-01 5.39298594e-01 5.92039704e-01 1.84569776e-01
    8.36047590e-01 3.32742929e-04 2.62291491e-01 1.41316563e-01
    8.84007812e-02 3.57363224e-01 5.91694951e-01 9.51200128e-01
    3.92689139e-01 8.90293002e-01 8.98261428e-01 6.20811164e-01
    4.15976942e-01 6.10633016e-01 1.61194950e-01 7.03111768e-01
    5.09618878e-01 9.03170109e-01 8.57536495e-02 4.96674716e-01
    4.95791495e-01 1.25474632e-01 7.58710861e-01 3.45781863e-01
    9.14531291e-01 2.97812194e-01 5.72606087e-01 3.63636792e-01
    8.02113891e-01 2.66846657e-01 7.22659409e-01 4.61563170e-02
    2.03930259e-01 7.80000925e-01 9.72653031e-02 9.18422937e-01
    5.81409872e-01 2.61259735e-01 5.10083139e-01 9.17698205e-01
    9.92220640e-01 1.91121727e-01 8.89173567e-01 1.63386911e-01
    6.74795151e-01 1.00590885e-01 6.27319574e-01 3.08963299e-01
    1.01786226e-01 4.72015917e-01 8.19588423e-01 8.30757141e-01
    3.57416809e-01 5.91814220e-02 3.60249966e-01 5.04512608e-01
    1.63201392e-02 3.52876008e-01 5.02424181e-01 5.16545594e-01
    1.89848304e-01 1.97722912e-01 7.81721950e-01 2.78946698e-01
    3.85647476e-01 6.44607842e-01 9.83206034e-02 3.30895722e-01
    1.55169249e-01 6.28098130e-01 3.01953256e-02 8.11108470e-01
    1.31643832e-01 5.82838714e-01 1.44453168e-01 4.50489551e-01
    6.48523092e-01 4.48568761e-02 2.45582193e-01 4.49955285e-01
    3.68422627e-01 2.04098493e-01 1.09606892e-01 8.27245295e-01
    2.12963045e-01 7.10234642e-01 6.02884293e-01 4.55141008e-01
    7.21039593e-01 7.42150724e-01 8.49149287e-01 7.41390646e-01
    5.73413074e-01 2.25639641e-02 8.48618746e-01 4.72185910e-02
    2.60909855e-01 3.54419649e-02 5.44400752e-01 1.58226877e-01
    5.67543745e-01 5.50440431e-01 8.72434497e-01 9.09397006e-03
    7.77160883e-01 2.09266007e-01 3.23027194e-01 7.11845994e-01
    3.72757941e-01 9.54529047e-02 8.73854816e-01 6.85390055e-01
    6.49540722e-01 5.68994343e-01 8.04536343e-02 3.85296792e-01
    3.23686600e-02 2.04849333e-01 5.00094831e-01 6.39148831e-01
    2.37893105e-01 2.19863743e-01 4.79216963e-01 9.56669807e-01
    2.98893750e-02 4.78270233e-01 1.53744221e-03 7.77466416e-01
    6.32967472e-01 5.96220195e-01 9.36586738e-01 8.60851228e-01
    1.00058764e-01 1.94610387e-01 9.49022114e-01 6.35282993e-01
    1.78555101e-01 5.46706140e-01 1.91502362e-01 4.80767667e-01
    4.40941602e-01 7.50796556e-01 1.81767166e-01 3.00992072e-01
    4.34227347e-01 5.62615275e-01 7.75806248e-01 4.54234958e-01
    2.88564503e-01 6.16632700e-02 4.14523482e-02 7.02823818e-01
    3.00752282e-01 6.69884086e-02 8.12409997e-01 2.57697582e-01
    8.82122815e-02 9.04039085e-01 5.08574426e-01 2.87911355e-01
    9.79601383e-01 5.23587823e-01 9.90952373e-01 2.74483025e-01
    3.74466240e-01 7.17639923e-04 8.71506333e-02 8.33330512e-01
    9.86898601e-01 4.67222810e-01 6.16727114e-01 5.32340229e-01
    8.68796229e-01 9.68420744e-01 3.84289950e-01 5.92619598e-01
    7.67652333e-01 9.72545505e-01 6.17779195e-01 5.28568745e-01
    4.80546534e-01 3.35740745e-01 3.75386178e-01 5.03651857e-01
    2.76165366e-01 6.13325894e-01 4.46581125e-01 6.92774773e-01
    7.94239998e-01 2.35186219e-01 7.28505492e-01 8.96027982e-02
    2.81935573e-01 2.59192228e-01 3.35572541e-01 7.82246232e-01
    2.30783492e-01 4.04328585e-01 2.04918921e-01 1.81851149e-01
    7.36555159e-01 5.77094913e-01 4.00948554e-01 2.72146165e-02
    9.04802680e-02 1.14070863e-01 5.95798612e-01 5.68607450e-03
    7.85142481e-01 3.73310506e-01 3.44102770e-01 5.98417819e-01
    2.74863392e-01 7.20848918e-01 1.43263638e-01 7.39670038e-01
    3.68529379e-01 1.90467954e-01 9.48517025e-02 7.13450730e-01
    6.01693034e-01 5.51525176e-01 9.78148341e-01 2.42062241e-01
    8.31727684e-01 5.79994380e-01 2.07870871e-01 1.11949027e-01
    5.54890275e-01 5.96039772e-01 3.61309171e-01 4.21607494e-01
    6.66281700e-01 5.58260262e-01 4.88120019e-02 6.88097239e-01
    6.95638180e-01 7.61708617e-01 7.59147286e-01 8.30120087e-01
    1.72811866e-01 2.42317379e-01 8.31652761e-01 3.05841744e-01
    4.34490532e-01 4.80750501e-02 8.78781676e-01 7.18501687e-01
    3.50825310e-01 7.57104278e-01 8.93263221e-01 5.42928398e-01
    7.75331378e-01 7.09152400e-01 5.07986605e-01 9.42865849e-01
    3.61063540e-01 1.97504014e-01 5.59284091e-01 1.00413829e-01
    7.01258779e-01 6.92839384e-01 5.09561181e-01 9.31416750e-02
    9.06630158e-01 3.91101032e-01 7.82153189e-01 4.99397457e-01
    4.92075682e-01 2.79103339e-01 6.91495955e-01 2.67952740e-01
    1.79821670e-01 3.62894833e-02 2.20679790e-01 8.20686758e-01
    2.03743696e-01 3.75450552e-01 9.31790769e-02 9.36049581e-01
    9.91378307e-01 9.65355039e-01 7.31749177e-01 7.02848852e-01
    1.18316114e-01 9.64451790e-01 4.01907265e-02 9.80867743e-01
    5.69376230e-01 1.37872607e-01 5.59261620e-01 3.01171839e-01
    2.84387469e-02 3.63082230e-01 9.23217297e-01 3.13366652e-01
    6.94798112e-01 2.29305863e-01 5.84758043e-01 3.71347934e-01
    8.33759010e-02 6.75729215e-01 3.29940319e-01 9.46605861e-01
    4.78195429e-01 2.65388340e-01 1.71669364e-01 7.54109740e-01
    1.38216645e-01 6.43439591e-02 4.10864025e-01 1.22007698e-01
    7.90724754e-01 8.33009183e-02 2.61580169e-01 5.16753435e-01
    6.55639172e-01 5.94105661e-01 9.28131402e-01 9.68775034e-01
    5.65801561e-01 7.87391186e-01 3.24704647e-02 4.44819450e-01
    4.02321845e-01 7.47648060e-01 8.41281056e-01 3.68219316e-02
    5.66524982e-01 2.56547332e-03 7.31194735e-01 4.20678377e-01
    4.18651253e-01 6.52686834e-01 4.02776003e-02 1.07872427e-01
    6.68701410e-01 4.19576496e-01 2.51773626e-01 2.03146696e-01
    5.46869636e-02 4.08099711e-01 4.80214149e-01 2.08231568e-01
    5.46053648e-01 7.49281168e-01 2.90157109e-01 1.60206556e-02
    2.07276762e-01 2.57722348e-01 5.04402280e-01 5.50146997e-02
    5.20868063e-01 2.76106417e-01 4.88658249e-02 6.36734664e-02
    1.59546435e-02 7.33533204e-01 4.17807311e-01 3.28663379e-01
    6.48312926e-01 5.97060621e-01 6.67350769e-01 1.03516191e-01
    5.18735707e-01 6.48483098e-01 1.18182361e-01 2.86188275e-01
    4.66456115e-02 5.20590067e-01 1.36268467e-01 1.43457621e-01
    9.41921294e-01 7.29821384e-01 7.81705618e-01 4.12758976e-01
    2.20488071e-01 7.32763588e-01 8.15372407e-01 5.45032740e-01
    1.81818008e-01 8.22635174e-01 1.24129832e-01 8.54004741e-01
    3.80414337e-01 7.62876570e-02 4.36036646e-01 2.13102281e-01
    7.97307253e-01 4.78738546e-03 6.56105995e-01 6.25184774e-02
    3.97979498e-01 4.62913811e-01 2.72933960e-01 4.93558973e-01
    5.59670329e-01 8.34730029e-01 2.09046751e-01 8.97095680e-01
    8.14402938e-01 3.49716008e-01 7.34641731e-01 1.22581244e-01
    4.10939366e-01 3.62470359e-01 8.68748069e-01 2.53022015e-01
    7.24064529e-01 7.71398306e-01 7.20323443e-01 8.31564426e-01
    6.06833041e-01 4.87310648e-01 1.94880366e-03 1.16431713e-01
    9.20660913e-01 6.36060238e-02 4.54067767e-01 6.80050850e-02
    6.33539081e-01 4.81960177e-02 3.43151152e-01 6.59533262e-01
    7.98656881e-01 4.70419824e-01 1.61190420e-01 9.90093946e-01
    8.49093497e-01 5.56019962e-01 2.90919781e-01 8.77595425e-01
    8.48078489e-01 8.02266121e-01 8.50495696e-01 8.57417881e-01
    5.06932318e-01 7.23880708e-01 8.56810033e-01 8.53129089e-01
    5.86246789e-01 8.86705458e-01 5.37742972e-01 2.40453064e-01
    8.11384082e-01 6.19616687e-01 9.61475849e-01 3.51161391e-01
    1.14657909e-01 9.62135792e-01 8.25532913e-01 6.57835424e-01
    4.84571099e-01 9.05164838e-01 7.75326848e-01 3.90516728e-01
    7.17121363e-01 9.64006782e-01 7.34314799e-01 8.18345428e-01
    7.73410857e-01 5.30549407e-01 7.61145234e-01 6.58873260e-01
    3.86693358e-01 1.00764006e-01 6.98263288e-01 2.68643349e-01
    9.71143961e-01 7.69678295e-01 9.78356600e-03 4.64971483e-01
    1.99660301e-01 7.16476917e-01 3.38921666e-01 9.63695884e-01
    6.49420619e-01 6.43656015e-01 1.08138978e-01 7.24245429e-01
    9.61896658e-01 8.47178578e-01 2.71022439e-01 3.54615569e-01
    5.53257108e-01 6.08702242e-01 1.40120804e-01 2.47370869e-01
    8.28247726e-01 9.31605220e-01 8.61527443e-01 8.38455081e-01
    2.12733150e-01 7.08082616e-01 6.13378465e-01 9.19888139e-01
    9.50769901e-01 4.65343803e-01 6.25825942e-01 8.19051862e-02
    6.36693478e-01 5.07530928e-01 9.01684165e-01 3.86109948e-01
    8.71665001e-01 5.08549929e-01 1.56430155e-01 8.21530461e-01
    8.05367708e-01 7.68136978e-01 7.56991029e-01 3.89585137e-01
    2.43382484e-01 8.63070190e-01 6.30256176e-01 2.65144229e-01
    1.93088651e-01 3.56638908e-01 2.22290695e-01 9.05154109e-01
    7.38779902e-01 1.13894939e-02 6.84559226e-01 1.45409793e-01
    5.44931948e-01 2.21815288e-01 7.50258565e-03 9.76523459e-01
    2.44063258e-01 8.44696045e-01 9.20270324e-01 9.11645293e-01
    2.84029901e-01 5.79335332e-01 3.02992165e-01 2.09738284e-01
    8.52015376e-01 3.72468174e-01 2.26621628e-01 3.26647222e-01
    8.27253103e-01 9.52533185e-01 6.12485409e-02 9.09857392e-01
    4.13587809e-01 9.01476383e-01 4.41585004e-01 8.39723945e-01
    9.45760608e-02 9.60768700e-01 4.37730849e-01 9.92353559e-01
    8.82760167e-01 4.40694660e-01 3.44859302e-01 6.92622364e-01
    6.01318598e-01 7.15540051e-01 8.12992930e-01 4.02612746e-01
    5.68526685e-02 5.99180460e-01 9.49772298e-01 8.07664752e-01
    9.60204601e-02 9.59128618e-01 7.69516468e-01 5.95895886e-01
    6.70018613e-01 2.92345047e-01 8.97786021e-01 1.46431953e-01
    3.86179596e-01 3.43220025e-01 1.87004149e-01 2.16225326e-01
    3.72204185e-03 7.06287026e-01 3.09087634e-01 8.03452849e-01
    5.35043955e-01 6.87016845e-01 7.48421729e-01 4.26830977e-01
    7.53470659e-01 1.70859873e-01 6.57115757e-01 2.98312545e-01
    5.70997000e-01 2.92332739e-01 6.72673225e-01 4.60557133e-01
    5.20174026e-01 3.74777317e-01 7.30881333e-01 2.11824179e-01
    3.57490897e-01 8.38288128e-01 2.74634063e-01 6.55405819e-01
    3.78216505e-01 2.45942116e-01 3.30819994e-01 8.69628310e-01
    7.04395592e-01 6.00891769e-01 1.74219996e-01 5.03656089e-01
    5.38576841e-01 4.41860169e-01 2.52644598e-01 2.31192440e-01
    1.19333565e-02 7.06119061e-01 6.29492521e-01 2.20075160e-01
    4.78501827e-01 4.95318741e-01 1.69833004e-01 3.33977938e-01
    7.64866948e-01 1.98893905e-01 2.87549794e-02 1.44029111e-01
    8.53909254e-02 8.11090589e-01 2.92679667e-01 3.00845563e-01
    1.97980255e-01 1.06831670e-01 2.08949625e-01 6.26763701e-01
    5.52286267e-01 8.54640782e-01 8.67735624e-01 1.86213702e-01
    4.44041222e-01 7.26783514e-01 1.36742413e-01 2.94758767e-01
    5.11164248e-01 4.31682527e-01 3.94191444e-01 8.42381716e-01
    5.11796594e-01 1.84588134e-02 5.22984207e-01 4.12677467e-01
    9.46518898e-01 7.87974000e-01 9.07644749e-01 3.10097694e-01
    8.24292421e-01 1.76486373e-01 7.99599767e-01 9.57144737e-01
    2.56272674e-01 3.80590618e-01 2.92707086e-02 9.33504939e-01
    9.36595321e-01 1.74144477e-01 1.41980708e-01 4.25783247e-01
    4.03241277e-01 5.85556448e-01 2.67767787e-01 5.17953634e-01
    7.45159090e-02 4.51226085e-01 6.59897566e-01 8.12773824e-01
    2.05352902e-03 9.28874195e-01 8.04810047e-01 7.94306278e-01
    4.36285287e-01 6.10461235e-01 6.43941402e-01 5.73990226e-01
    4.29726720e-01 4.27963167e-01 2.78135478e-01 7.44667888e-01
    3.29815000e-01 3.64785612e-01 5.13787985e-01 3.92487049e-02
    3.29725742e-01 4.36714083e-01 5.82157850e-01 2.94358015e-01
    2.02051878e-01 8.15418124e-01 6.12294316e-01 2.75342464e-01
    6.44569874e-01 4.76300716e-01 7.68872797e-02 6.16675735e-01
    2.01533347e-01 2.70268768e-01 2.21306145e-01 4.27658707e-01
    8.23331118e-01 8.83971095e-01 9.47719216e-01 1.20795578e-01
    7.44185507e-01 8.51999760e-01 4.12573814e-01 1.03826106e-01
    9.67576504e-01 7.44102120e-01 5.51010072e-01 2.85848022e-01
    7.26467073e-02 1.52713627e-01 8.78045201e-01 4.73575175e-01
    4.63345200e-01 4.48416412e-01 5.22901893e-01 6.17282689e-01
    9.05899167e-01 9.67900991e-01 4.79982823e-01 7.34973311e-01
    6.49721980e-01 4.04752761e-01 3.89084607e-01 4.85690206e-01
    7.93857098e-01 9.63156939e-01 3.93214464e-01 1.08359188e-01
    6.21328950e-01 9.27446902e-01 5.59640229e-01 1.26793623e-01
    2.52619088e-01 8.01331043e-01 4.46004719e-01 3.50695670e-01
    3.18122715e-01 4.99333531e-01 1.24645233e-03 8.08082461e-01
    5.08277893e-01 5.69462121e-01 7.83181727e-01 1.01391047e-01
    9.79172945e-01 8.67057443e-01 4.84967947e-01 8.72559667e-01
    5.54585457e-03 2.90294409e-01 5.30380487e-01 9.11959827e-01
    6.35813355e-01 3.88162673e-01 2.75619268e-01 4.28490937e-01
    3.01934063e-01 3.36504519e-01 1.93915755e-01 1.04839444e-01
    1.36889815e-02 1.78875744e-01 4.49658632e-01 4.00450021e-01
    3.30044627e-01 8.69225979e-01 8.73208046e-03 1.37669593e-01
    8.53441715e-01 8.51480067e-01 5.56633949e-01 5.63586056e-02
    9.57964420e-01 5.08853078e-01 4.06224519e-01 5.37405014e-02
    7.56907463e-03 2.59808391e-01 9.58397508e-01 1.33597553e-01
    6.59347057e-01 7.43756294e-01 9.79876041e-01 8.12856197e-01
    2.93765008e-01 8.50538254e-01 5.44598579e-01 7.18571782e-01
    1.81923091e-01 6.71891749e-01 4.26067442e-01 4.20062542e-02
    8.97061586e-01 9.00581241e-01 5.94354630e-01 2.28567183e-01
    4.08096313e-02 7.58626521e-01 5.13962805e-02 2.91581601e-01
    6.30034208e-02 4.38035309e-01 5.25216579e-01 3.38730812e-01
    7.62757778e-01 6.33195579e-01 9.86469150e-01 1.62243098e-01
    8.68453681e-01 4.90854383e-02 2.94290185e-02 3.75136435e-02
    6.89800084e-01 8.77692938e-01 9.86832678e-01 6.59149289e-01
    5.03067851e-01 4.59314764e-01 4.01592553e-01 4.93301034e-01
    9.59958673e-01 8.70219827e-01 2.11719990e-01 5.57329953e-01
    6.55925274e-01 4.44391668e-02 1.90574765e-01 8.82351518e-01
    7.78716564e-01 6.64155602e-01 5.64870358e-01 7.36318827e-01
    1.32255346e-01 7.50895143e-01 6.29015446e-01 7.63117671e-01
    8.67301702e-01 4.73410755e-01 6.78893745e-01 2.17248827e-01
    7.15920448e-01 6.26500726e-01 1.89506143e-01 1.09068990e-01
    7.85266697e-01 3.91463786e-01 1.64329946e-01 3.12739551e-01
    4.83083934e-01 6.11294985e-01 7.89906263e-01 9.60515499e-01
    2.24207014e-01 7.81765342e-01 4.16308463e-01 6.44042611e-01
    5.13450265e-01 4.37537134e-01 2.68403709e-01 9.17047620e-01
    8.19882631e-01 8.06489944e-01 4.88473952e-01 7.92532504e-01
    1.06914759e-01 9.16537166e-01 9.61038589e-01 9.69467521e-01
    8.78532827e-01 6.51282012e-01 5.60314834e-01 8.88605297e-01
    7.35189080e-01 6.91128671e-02 7.98528671e-01 2.69981861e-01
    2.87496716e-01 5.26549220e-01 4.79030788e-01 7.26036131e-02
    3.51270705e-01 1.17948771e-01 7.87531376e-01 8.44596982e-01
    1.38470829e-01 7.01411307e-01 1.69155598e-01 7.46319175e-01
    5.18112481e-02 6.80126667e-01 8.50252330e-01 8.28465819e-01
    4.73185986e-01 4.08099055e-01 7.06807733e-01 9.00002360e-01
    4.28836316e-01 9.88831937e-01 1.77680761e-01 1.05410665e-01
    7.99007654e-01 1.19254112e-01 5.28206229e-01 4.58725959e-01
    5.49824119e-01 3.19582343e-01 8.94100547e-01 7.73377180e-01
    3.69761884e-02 4.22793150e-01 4.05593753e-01 7.81580687e-01
    5.65904438e-01 3.65713447e-01 2.28646994e-02 3.33745390e-01
    8.02217722e-01 1.72820985e-02 9.19811428e-01 6.76186442e-01
    7.89951146e-01 5.89109063e-01 8.50873470e-01 4.27236676e-01
    3.29439551e-01 6.36215448e-01 3.17130625e-01 3.04703712e-01
    9.91975069e-01 8.25619876e-01 8.21285546e-01 1.40341848e-01
    5.16840279e-01 9.08838630e-01 5.50374627e-01 6.28301203e-02
    7.90445209e-02 1.75274998e-01 3.91529858e-01 4.37927455e-01
    3.16747695e-01 6.75807595e-01 9.48135018e-01 3.93544465e-01
    5.03777623e-01 4.09812987e-01 1.63700938e-01 4.44170058e-01
    2.96763182e-01 5.75919151e-01 2.17401087e-02 1.51710838e-01
    6.98770344e-01 1.78687036e-01 9.56412077e-01 7.60808110e-01
    2.58096635e-01 6.63241029e-01 5.32863319e-01 1.98580354e-01
    2.77184755e-01 1.30837083e-01 3.36854637e-01 7.34119952e-01
    3.33973229e-01 5.69576621e-01 1.11213744e-01 5.72578907e-01
    4.86804038e-01 7.53150046e-01 8.73372138e-01 7.02678978e-01
    5.50546110e-01 9.99343395e-02 5.94376206e-01 8.13286543e-01
    2.64401376e-01 6.49576306e-01 4.14847434e-02 5.42736530e-01
    3.01301718e-01 9.08364534e-01 7.97274828e-01 2.49763906e-01
    7.66596019e-01 7.67226696e-01 9.94190097e-01 7.11326838e-01
    5.94984770e-01 3.58013570e-01 3.96560371e-01 7.05185652e-01
    2.06541747e-01 7.07176268e-01 8.59369755e-01 4.78471696e-01
    3.76905948e-01 5.57344615e-01 9.40245807e-01 8.94342422e-01
    3.39230299e-01 5.35514414e-01 9.17964339e-01 6.02517128e-02
    7.49184549e-01 6.95682287e-01 4.72580105e-01 4.94651020e-01
    9.55763757e-02 3.59318137e-01 8.48493576e-01 7.41799295e-01
    9.41113472e-01 2.19112694e-01 9.73839045e-01 5.79211593e-01
    3.41827571e-02 4.66691405e-01 7.99379647e-02 3.13423872e-01
    4.56692010e-01 8.58368874e-01 2.96892226e-01 6.48650289e-01
    3.13188016e-01 7.21859217e-01 8.13394666e-01 1.19473338e-01
    4.43199188e-01 8.07272851e-01 4.17767197e-01 3.38068664e-01
    9.56431031e-01 2.58730501e-01 3.41731131e-01 4.99019146e-01
    9.11950350e-01 1.18420064e-01 7.78970361e-01 7.39443719e-01
    8.89494181e-01 5.92499971e-01 6.77783966e-01 3.31955433e-01
    7.35032141e-01 2.84619540e-01 5.36034703e-01 9.06596899e-01
    5.46941757e-02 6.88390553e-01 8.94171238e-01 3.07317644e-01
    2.10630298e-02 6.17642164e-01 5.92546463e-02 4.01619613e-01
    6.70092225e-01 5.95260739e-01 1.86602056e-01 8.73933792e-01
    6.37711763e-01 8.72288465e-01 6.70195818e-01 3.54150027e-01
    5.33726215e-02 4.96958017e-01 6.94856584e-01 2.16293216e-01
    5.48534513e-01 3.89971405e-01 7.64349580e-01 2.21110851e-01
    7.50236869e-01 4.40482438e-01 1.33674622e-01 5.23652375e-01
    5.38800657e-01 7.28031516e-01 2.46299565e-01 5.86638689e-01
    2.71957815e-01 8.29268575e-01 9.60251749e-01 5.51172137e-01
    6.10888124e-01 5.87977171e-01 6.91879690e-01 1.03822738e-01
    3.38256329e-01 4.48209196e-01 2.38207042e-01 8.67235124e-01
    9.96640205e-01 2.80669302e-01 1.75251663e-02 6.31633699e-01
    1.41730815e-01 8.76446128e-01 2.06092209e-01 2.84513891e-01
    8.40800703e-02 5.85951090e-01 7.88753331e-02 7.27191567e-03
    6.38979375e-01 5.76145291e-01 7.65498996e-01 6.50682151e-02
    9.17212963e-02 5.33778667e-01 5.35121024e-01 9.44127381e-01
    2.80931503e-01 7.57557452e-01 7.28769481e-01 5.35144210e-02
    6.40570164e-01 9.78208661e-01 8.46742153e-01 2.33097643e-01
    9.12715077e-01 3.90004933e-01 1.53700709e-01 4.35855508e-01
    6.64597094e-01 1.49524629e-01 6.64539576e-01 6.89474285e-01
    7.36465752e-02 6.34235322e-01 2.33756751e-01 6.30175352e-01
    2.31657803e-01 4.32673573e-01 1.09483749e-01 1.11780167e-02
    7.84547389e-01 8.94974113e-01 9.44956064e-01 6.55769229e-01
    6.48774326e-01 5.92017591e-01 6.12320244e-01 7.66867399e-01
    1.29768372e-01 2.23046571e-01 5.96683860e-01 5.69934130e-01
    5.89400709e-01 4.88231182e-02 5.32559514e-01 4.06170934e-01
    1.75700843e-01 7.24434197e-01 4.93832707e-01 1.52252108e-01
    1.72739685e-01 8.87444854e-01 8.27109456e-01 8.24270606e-01
    9.33292747e-01 5.31993985e-01 6.25879526e-01 4.55617011e-02
    6.37541711e-01 3.50541025e-01 5.75963736e-01 7.39985108e-01
    1.12501979e-01 6.16301298e-01 6.03982270e-01 9.82329965e-01
    4.19018805e-01 2.02764392e-01 5.63807011e-01 4.69877511e-01
    3.11647356e-01 7.89113283e-01 6.55939043e-01 8.59627008e-01
    8.78130794e-02 6.99905455e-01 1.73257023e-01 8.38928223e-01
    3.42365295e-01 6.67331815e-01 1.48437291e-01 8.56063008e-01
    1.85873270e-01 8.42613697e-01 8.40908170e-01 3.56509328e-01
    5.25677562e-01 8.73756289e-01 4.42841113e-01 5.68022907e-01
    2.29906857e-01 9.11949635e-01 4.91185695e-01 6.84737742e-01
    3.05342078e-01 3.49719346e-01 5.63120127e-01 8.50026488e-01
    4.50273097e-01 6.09537005e-01 1.11867905e-01 1.04779989e-01
    6.15729094e-01 5.87483346e-01 7.11385012e-01 3.46230209e-01
    3.85480314e-01 9.39000547e-01 4.32286680e-01 5.31005263e-01
    1.39408261e-01 9.96761978e-01 5.26016474e-01 3.42835963e-01
    1.21601403e-01 9.86070514e-01 9.25054431e-01 2.37187743e-02
    4.13363993e-01 7.97660708e-01 7.07745671e-01 7.11981416e-01
    9.69862819e-01 1.15211219e-01 2.32419491e-01 4.72178578e-01
    9.02480781e-01 2.54415452e-01 7.48195946e-01 7.43268251e-01
    4.92871165e-01 1.41648024e-01 6.06608212e-01 4.29063231e-01
    8.51904035e-01 8.15476537e-01 8.33432734e-01 1.21702701e-01
    8.40860605e-02 2.82086581e-01 2.90482700e-01 1.05101734e-01
    9.66866016e-01 3.22421789e-01 9.15870905e-01 7.41196513e-01
    7.36500919e-01 1.92658842e-01 9.41302061e-01 2.60796487e-01
    7.79446840e-01 3.87029052e-01 2.14716077e-01 8.65554333e-01
    2.47280061e-01 3.43376994e-02 5.23295999e-03 4.63874519e-01
    7.58642733e-01 2.67113566e-01 7.91325212e-01 7.42513061e-01
    1.67125672e-01 8.94535363e-01 9.64998841e-01 5.28605521e-01
    9.87198830e-01 2.37476975e-01 7.21605778e-01 9.53275204e-01
    5.14823258e-01 2.26284713e-01 5.86490631e-02 9.91595984e-01
    6.10123396e-01 7.25869060e-01 2.38908529e-01 5.01493573e-01
    3.39048743e-01 4.96261120e-01 3.98576349e-01 8.52558970e-01
    9.69657302e-03 1.65894121e-01 1.86857879e-02 8.55288267e-01
    2.60731250e-01 1.75591320e-01 2.74159312e-01 2.34233797e-01
    3.21128696e-01 9.63445544e-01 7.15580940e-01 5.07753491e-02
    7.03305542e-01 9.24072862e-02 1.40404046e-01 7.01292038e-01
    4.07325923e-01 2.14374959e-01 8.42775702e-02 4.70463365e-01
    4.95286256e-01 7.60418177e-01 5.88241339e-01 6.73384964e-02
    8.54539275e-01 8.80969107e-01 8.12110424e-01 3.13259244e-01
    5.26709318e-01 4.20206130e-01 7.21427798e-01 5.73401451e-01
    5.10929048e-01 3.20915580e-01 4.37016100e-01 3.99289787e-01
    7.76631296e-01 9.47292805e-01 3.19003344e-01 7.12448597e-01
    5.95166087e-01 7.28829384e-01 3.44019771e-01 2.12485105e-01
    5.79626799e-01 9.62000728e-01 6.31534040e-01 6.27694428e-02
    6.71931505e-01 9.80513334e-01 2.23013937e-01 6.15684569e-01
    4.38399166e-01 1.11435026e-01 5.28064668e-01 5.71045756e-01
    8.74292850e-01 7.45654106e-03 6.37901604e-01 1.41063780e-01
    2.98073649e-01 4.24934447e-01 8.69865179e-01 5.10085225e-02
    5.14495909e-01 1.73759758e-01 5.36794603e-01 4.23959523e-01
    5.12785852e-01 6.26470685e-01 5.01112342e-01 6.37163281e-01
    4.85227406e-02 2.60844678e-01 5.24274170e-01 2.52499700e-01
    2.31356174e-01 6.08358979e-02 7.68125892e-01 8.02792192e-01
    5.55015624e-01 8.30463469e-01 3.61831605e-01 5.98780513e-02
    6.72200084e-01 6.21782303e-01 1.78873539e-01 9.70137477e-01
    7.16016710e-01 6.61901474e-01 5.76787531e-01 3.71182948e-01
    5.23403645e-01 7.26907969e-01 9.64598060e-01 2.56946623e-01
    5.78384697e-02 9.28903759e-01 2.17394769e-01 4.91664290e-01
    8.83414388e-01 6.37661338e-01 5.01200259e-01 7.47548103e-01
    8.54383111e-01 1.41333312e-01 3.31073880e-01 1.37377143e-01
    5.66136420e-01 5.40009856e-01 5.69835901e-02 2.01712996e-01
    7.01270998e-02 8.30139875e-01 9.51768279e-01 1.86791450e-01
    8.92909050e-01 1.76086992e-01 1.53791904e-01 6.40138686e-02
    4.31259513e-01 8.29936147e-01 7.12973833e-01 5.28675079e-01
    7.85978377e-01 3.22790205e-01 2.75601804e-01 1.21006578e-01
    8.25981438e-01 7.35769868e-01 2.14262515e-01 3.88190627e-01
    8.11866581e-01 8.23589146e-01 7.45434105e-01 6.95452750e-01
    9.70497847e-01 1.43725991e-01 8.95743787e-01 7.33309984e-01
    6.59916282e-01 4.70213443e-01 8.76152694e-01 2.28261352e-01
    7.30525851e-01 1.86127424e-02 4.48127806e-01 2.46953130e-01
    3.03665221e-01 3.85118425e-01 8.97951007e-01 5.13422549e-01
    1.26159459e-01 8.12760055e-01 2.59451985e-01 4.89473432e-01
    1.36422813e-01 2.56728202e-01 9.95189071e-01 7.12127030e-01
    8.46041679e-01 2.73238420e-02 7.73670554e-01 3.05581987e-02
    3.71974409e-01 1.19754612e-01 9.78456974e-01 1.37868226e-01
    1.19047135e-01 1.69691294e-01 5.91121793e-01 8.89369607e-01
    9.20000553e-01 1.44142956e-01 4.22226250e-01 5.69632649e-01
    4.93223965e-01 1.23106241e-01 4.44767892e-01 1.31556064e-01
    4.47582483e-01 8.05420280e-02 9.81201768e-01 9.25484300e-02
    6.17313445e-01 2.56079614e-01 8.16970468e-01 5.56962848e-01
    4.59179133e-01 6.02792382e-01 6.76707625e-01 5.43695569e-01
    7.31115520e-01 6.47930801e-02 2.96219856e-01 1.22120976e-02
    8.45215499e-01 2.67221153e-01 5.58642209e-01 9.20115173e-01
    6.92564428e-01 3.98282111e-01 6.48818135e-01 4.53777015e-01
    1.50245458e-01 6.60118103e-01 1.43807203e-01 9.55193996e-01
    8.79868627e-01 5.27301490e-01 2.87053674e-01 6.92424357e-01
    6.69122994e-01 9.63909328e-01 3.67122084e-01 4.51326400e-01
    3.88920069e-01 7.99134374e-02 9.23269331e-01 7.45670021e-01
    3.28713536e-01 2.02691406e-01 1.62824184e-01 3.72619510e-01
    9.25150037e-01 3.16001028e-01 2.79065609e-01 4.83981788e-01
    9.52089489e-01 6.47184849e-01 9.98399615e-01 5.36895394e-01
    8.03161383e-01 6.02271557e-01 8.31755161e-01 1.91641331e-01
    6.82766199e-01 5.30493259e-01 8.81605744e-01 7.45233178e-01
    4.99998450e-01 1.18380934e-01 7.97218204e-01 8.10753942e-01
    6.61515892e-01 5.21124721e-01 3.84336084e-01 1.69841886e-01
    5.82627058e-02 4.45996404e-01 8.18027258e-01 9.03652310e-01
    9.64576364e-01 8.17609787e-01 7.27103353e-01 9.01645303e-01
    8.20806205e-01 3.67267758e-01 8.21819782e-01 4.17506993e-02
    7.65385389e-01 3.10298830e-01 1.36447608e-01 8.12764645e-01
    6.36503279e-01 2.59556979e-01 2.62054741e-01 1.47359699e-01
    5.87580860e-01 5.52238941e-01 7.33776689e-01 8.91334236e-01
    6.40841663e-01 4.21301723e-01 2.87041664e-02 9.42021787e-01
    9.58049059e-01 5.12505949e-01 9.06940699e-01 1.27142191e-01
    6.74092889e-01 5.39466619e-01 1.22608721e-01 5.78875840e-01
    4.78234977e-01 8.92529130e-01 5.25474966e-01 3.56965661e-01
    9.74004865e-02 5.02224147e-01 7.61449873e-01 8.39563370e-01
    6.30856514e-01 9.62144077e-01 2.29718029e-01 4.26693201e-01
    6.70000970e-01 3.52003783e-01 8.08369517e-01 1.07293427e-01
    4.19818759e-01 5.82944155e-01 2.85004675e-01 7.12668121e-01
    9.45529282e-01 6.07766509e-01 5.21564007e-01 1.82818472e-01
    1.53397769e-01 6.62239373e-01 6.75480127e-01 9.71095145e-01
    4.04674798e-01 3.17286789e-01 8.62412572e-01 1.80494368e-01
    8.09850395e-01 2.59731710e-01 4.95422453e-01 4.56550449e-01
    1.23139709e-01 4.09110665e-01 5.37150800e-01 9.41777825e-01
    7.65048802e-01 4.41015750e-01 8.06120157e-01 6.16476595e-01
    3.30719441e-01 8.53142619e-01 1.61283821e-01 6.03142381e-01
    7.21210241e-01 5.02804101e-01 8.95132542e-01 7.41840065e-01
    1.96722984e-01 4.25113738e-02 7.90968537e-01 2.79886186e-01
    5.45780063e-02 4.66960877e-01 7.92977095e-01 3.94119203e-01
    3.40449929e-01 4.82023597e-01 4.75276470e-01 6.51565671e-01
    2.21815407e-01 3.04624856e-01 9.82393980e-01 1.15690321e-01
    3.70438099e-02 4.51262504e-01 9.99707282e-01 5.86548567e-01
    7.75255382e-01 9.31317270e-01 5.09417117e-01 1.12693906e-02
    6.90885007e-01 7.86116898e-01 9.42976475e-01 7.92580009e-01
    8.27578306e-01 8.18237185e-01 3.04079890e-01 9.52814579e-01
    3.75164717e-01 8.53909850e-01 8.93654227e-01 2.58491218e-01
    2.09485322e-01 4.26959693e-01 6.63237572e-01 5.17221510e-01
    5.78448713e-01 4.25246954e-02 6.81873381e-01 5.74341059e-01
    4.70989734e-01 7.20043719e-01 9.55441594e-01 5.09166777e-01
    7.31747389e-01 6.20346725e-01 1.57535762e-01 3.59447122e-01
    1.79965347e-01 7.35189557e-01 9.02270973e-02 7.35119045e-01
    8.71992409e-02 5.58858335e-01 3.18221956e-01 9.63461041e-01
    3.38994026e-01 7.65346885e-01 7.33241916e-01 4.32814747e-01
    6.24949574e-01 9.37834978e-01 9.58699048e-01 4.25283223e-01
    1.88579917e-01 8.95183206e-01 4.87597287e-02 9.25827384e-01
    1.81799531e-01 6.47673965e-01 9.97919738e-02 9.80605364e-01
    4.25845683e-01 2.48893529e-01 6.05485916e-01 7.83286989e-02
    9.98808146e-01 4.37772244e-01 9.60607290e-01 7.19176531e-02
    3.77641767e-01 3.01319182e-01 4.16319907e-01 3.84520590e-01
    6.20899796e-01 8.02214682e-01 1.86701834e-01 4.14587826e-01
    3.90536278e-01 7.94382811e-01 6.26222730e-01 1.93100065e-01
    5.18145919e-01 3.51771057e-01 5.85362613e-01 2.77715743e-01
    3.56648803e-01 4.47215736e-02 9.30891931e-01 4.65336949e-01
    6.46118462e-01 9.30101216e-01 5.94921529e-01 7.52767622e-02
    2.34874696e-01 6.52749360e-01 1.10476345e-01 4.07058418e-01
    6.01006567e-01 7.12486267e-01 8.97387028e-01 7.22145319e-01
    3.05695772e-01 8.22605968e-01 6.76896095e-01 4.42828953e-01
    5.61547577e-01 5.27236819e-01 4.19835865e-01 8.24107528e-02
    1.06789023e-01 5.12235284e-01 5.57897389e-01 9.34638441e-01
    7.26224780e-01 1.05949134e-01 4.68085349e-01 3.99678707e-01
    7.92557418e-01 1.26008034e-01 1.35877252e-01 9.38072085e-01
    5.51847935e-01 3.28162849e-01 3.10663879e-02 2.61493981e-01
    5.36051393e-03 2.54615903e-01 5.73076367e-01 9.51875269e-01
    8.70947957e-01 9.76430893e-01 5.46841681e-01 1.39372647e-01
    4.61827874e-01 9.66509819e-01 1.07541263e-01 9.32922661e-01
    6.60614371e-02 3.39891940e-01 7.88053930e-01 6.94765449e-01
    2.72638500e-01 7.65199125e-01 7.08109856e-01 7.60829151e-01
    5.12047291e-01 7.90490508e-01 3.75621319e-02 6.41807139e-01
    6.61351860e-01 7.95677662e-01 8.85398030e-01 5.56849480e-01
    6.34101033e-02 7.39225090e-01 5.88246584e-01 8.05073559e-01
    4.00765657e-01 4.12553012e-01 3.13356817e-01 4.69249099e-01
    8.42836261e-01 3.32189441e-01 9.94854569e-01 9.57694888e-01
    1.37605488e-01 9.59718645e-01 9.03254151e-02 6.48449957e-01
    3.23808491e-02 7.01572776e-01 5.54250836e-01 7.14324057e-01
    9.23526049e-01 1.60855174e-01 8.37247849e-01 9.70260620e-01
    9.95158613e-01 5.75753868e-01 9.71287251e-01 9.98512506e-02
    6.58688784e-01 6.46978140e-01 2.03561425e-01 1.40082836e-03
    1.52575880e-01 1.40973806e-01 8.55768919e-01 4.66117769e-01
    5.61720669e-01 5.38083553e-01 7.39418566e-01 6.53802395e-01
    6.62933886e-02 8.37933064e-01 6.45410061e-01 8.39501977e-01
    2.62988508e-02 9.97377038e-02 4.77480114e-01 9.68585253e-01
    2.06823409e-01 6.55805588e-01 7.27757931e-01 5.48135221e-01
    8.74273479e-02 1.12488508e-01 8.73515606e-02 1.10660791e-02
    3.67950439e-01 2.25014508e-01 5.74190557e-01 9.80847180e-01
    3.59328151e-01 3.04590225e-01 1.07846558e-01 9.49647069e-01
    6.62273228e-01 6.61275029e-01 5.61874151e-01 4.91815537e-01
    5.94861209e-02 9.43002164e-01 2.92222202e-01 8.50671172e-01
    8.52923155e-01 8.36597502e-01 3.86978567e-01 6.48728311e-02
    1.65765017e-01 5.46519220e-01 5.39179564e-01 1.73326939e-01
    8.49814177e-01 5.22678733e-01 7.60884285e-01 7.88113058e-01
    1.18808180e-01 7.56255746e-01 7.62638330e-01 7.75155425e-01
    7.81036973e-01 6.57439232e-03 1.77002996e-01 6.27909899e-02
    4.96762246e-01 4.97985780e-02 3.79537791e-01 1.38266027e-01
    8.43165159e-01 7.54349470e-01 9.84987497e-01 2.83192933e-01
    1.42911702e-01 1.18429601e-01 4.97933120e-01 9.64859247e-01
    9.76630688e-01 2.45694280e-01 5.20409286e-01 1.62398070e-01
    2.80267805e-01 4.62625325e-01 4.18307781e-01 2.33807385e-01
    6.11127138e-01 7.21227705e-01 6.39517844e-01 9.94585454e-02
    8.11593533e-02 4.22033072e-01 6.56799674e-01 8.57473135e-01
    7.85668731e-01 5.43808162e-01 4.99989003e-01 5.85484505e-01
    2.56122231e-01 7.61754870e-01 9.60922956e-01 7.37615407e-01
    6.98093951e-01 3.81270319e-01 5.68037808e-01 7.08716452e-01
    3.54530692e-01 4.79740918e-01 9.63545203e-01 9.55073953e-01
    1.80077523e-01 3.94838154e-01 8.46673846e-02 1.94587737e-01
    9.04775262e-01 5.09456158e-01 9.57475781e-01 5.02001286e-01
    3.45601439e-01 8.92150044e-01 4.75855649e-01 7.53515601e-01
    6.99229240e-01 4.38299000e-01 6.97959960e-01 9.00348902e-01
    2.64735758e-01 7.70250797e-01 3.30208540e-01 2.01382935e-01
    6.45869195e-01 8.57061267e-01 1.27580941e-01 7.91637897e-01
    3.00543606e-02 4.14901495e-01 1.69586420e-01 8.22734714e-01
    9.57760215e-03 8.85842204e-01 8.84193540e-01 8.91045570e-01
    9.70966578e-01 7.28870630e-02 9.52335835e-01 5.99864364e-01
    5.38698554e-01 5.33497453e-01 5.86635411e-01 8.35993588e-02
    7.62506843e-01 7.58238792e-01 4.16715622e-01 8.58002722e-01
    2.83388376e-01 3.70698333e-01 7.52265632e-01 9.80659127e-01
    6.69449568e-01 2.04803675e-01 8.15204799e-01 9.48925018e-01
    9.80778217e-01 9.43582654e-02 9.53993142e-01 7.31679261e-01
    4.29563344e-01 5.03324032e-01 4.58104908e-02 6.58432782e-01
    9.20600295e-01 6.24864876e-01 1.41568661e-01 3.51420283e-01
    3.97406161e-01 8.81486893e-01 2.17638433e-01 9.56277251e-01
    3.50081652e-01 3.21027726e-01 7.23820865e-01 2.19191909e-02
    1.34073973e-01 6.75357878e-01 2.85356402e-01 7.67774701e-01
    6.13906384e-01 8.00974846e-01 8.99097323e-01 7.61875272e-01
    8.95201266e-01 7.24521995e-01 1.54586494e-01 8.42271566e-01
    3.10458124e-01 5.41601181e-01 4.25664514e-01 8.94110441e-01
    8.58875751e-01 4.81974483e-02 4.12666917e-01 3.24916810e-01
    6.64757073e-01 5.55112541e-01 3.91128331e-01 6.01424813e-01
    1.42421812e-01 4.51988220e-01 5.90898395e-02 1.58340961e-01
    2.55764812e-01 9.91743505e-02 3.83682549e-02 6.43557429e-01
    1.57338023e-01 2.25692630e-01 4.92119461e-01 6.05653942e-01
    3.99430096e-01 9.52330947e-01 3.75384688e-02 7.56159127e-02
    5.66628218e-01 9.25607979e-01 2.77716577e-01 3.34089071e-01
    4.05808270e-01 7.95553207e-01 7.02328384e-01 7.90795445e-01
    6.97878361e-01 7.88450897e-01 6.03789687e-01 6.51760340e-01
    4.13257897e-01 4.89482522e-01 6.50316417e-01 4.07888979e-01
    7.71579623e-01 9.63811636e-01 6.13657176e-01 6.96817458e-01
    4.01028752e-01 1.13429010e-01 5.32581925e-01 2.04226345e-01
    5.30857921e-01 3.84535968e-01 1.88755780e-01 6.25434220e-01
    3.41875851e-01 5.84566176e-01 8.93696964e-01 5.87959051e-01
    5.42689264e-02 8.26974809e-02 6.75621092e-01 1.15311712e-01
    1.97081685e-01 3.98507774e-01 6.63978755e-01 9.74864244e-01
    6.30988002e-01 4.01419163e-01 7.73276567e-01 9.04859662e-01
    1.30823314e-01 1.12835944e-01 3.58215570e-01 3.96021277e-01
    9.99334931e-01 2.57560581e-01 9.69100773e-01 5.32922983e-01
    5.56389391e-01 9.12449241e-01 4.40580368e-01 7.49835074e-02
    2.61114538e-01 1.58794433e-01 3.83003831e-01 5.37984014e-01
    9.75639701e-01 3.70904267e-01 5.34650445e-01 3.99887145e-01
    5.47305346e-01 6.70372903e-01 8.87345791e-01 5.82246542e-01
    1.68200850e-01 1.90919310e-01 9.19478774e-01 8.07163954e-01
    2.21614838e-02 1.82654738e-01 1.03264481e-01 8.68523121e-01
    1.15896404e-01 2.14596093e-02 4.48368788e-01 4.47146893e-02
    4.20792937e-01 3.46876800e-01 4.25189078e-01 6.53319657e-01
    3.49728733e-01 5.04665792e-01 9.28257108e-01 2.92896837e-01
    4.72977638e-01 8.07579160e-02 8.61965895e-01 4.90360230e-01
    3.74062300e-01 9.19992328e-01 8.33674073e-01 8.95356894e-01
    2.92716652e-01 5.06634116e-01 8.02310765e-01 6.09446049e-01
    3.02567303e-01 4.58813131e-01 8.48960996e-01 9.45427537e-01
    2.56612360e-01 1.98053032e-01 8.13560843e-01 7.77418554e-01
    1.69653535e-01 8.27387333e-01 5.87706447e-01 9.77238417e-01
    6.46569312e-01 4.92161721e-01 7.46735215e-01 7.39883661e-01
    4.62108940e-01 7.96942949e-01 5.20638883e-01 4.07378346e-01
    8.38043034e-01 7.79049277e-01 3.56430233e-01 7.89377093e-02
    9.31578040e-01 3.13217580e-01 8.39232922e-01 6.84909403e-01
    8.07721138e-01 3.40678871e-01 7.23799407e-01 8.43289673e-01
    5.07024348e-01 4.04588729e-01 2.65800416e-01 8.56659651e-01
    5.83131254e-01 3.47931385e-02 7.35369802e-01 6.48974538e-01
    9.80612695e-01 8.38435233e-01 8.77094090e-01 7.14413285e-01
    3.88423055e-01 7.70535707e-01 5.43639600e-01 6.84432507e-01
    8.58371854e-01 6.57057762e-01 3.75812083e-01 1.38425440e-01
    8.16771984e-01 9.47949231e-01 1.66848242e-01 3.74172986e-01
    5.91731727e-01 4.07322139e-01 1.42286956e-01 6.94801807e-01
    4.78151768e-01 2.87178397e-01 4.86945242e-01 5.67364573e-01
    9.91967261e-01 7.37595737e-01 8.98095965e-01 2.64966190e-02
    4.99191135e-01 8.87359500e-01 6.36600375e-01 1.64239675e-01
    2.49235660e-01 1.19115353e-01 8.73549581e-01 3.56571555e-01
    4.53930587e-01 5.78781903e-01 7.59800553e-01 9.81874347e-01
    7.88244367e-01 4.91088629e-02 2.90015340e-01 6.79849029e-01
    8.29494596e-01 3.30381155e-01 8.12200904e-02 1.06837183e-01
    3.63913834e-01 6.42291605e-01 3.88518870e-01 9.67175663e-01
    8.16210568e-01 6.24330997e-01 1.50474161e-01 1.88590348e-01
    7.45582104e-01 4.92477268e-01 8.45805109e-01 5.26460350e-01
    8.71710300e-01 1.58870816e-01 3.66073549e-02 9.21245933e-01
    2.28941888e-01 6.21590137e-01 7.74791121e-01 9.76710916e-02
    6.09983981e-01 2.24470735e-01 8.47554922e-01 8.39496613e-01
    3.60696912e-02 4.24724609e-01 4.16397750e-02 6.78321719e-01
    6.53488338e-01 5.89795172e-01 5.06968021e-01 1.11512154e-01
    6.29986227e-01 3.73712599e-01 8.69857550e-01 7.31193423e-01
    2.63767242e-02 5.51830769e-01 4.04387563e-01 6.57804310e-02
    7.68298030e-01 6.64156079e-02 6.91891670e-01 8.52514029e-01
    3.92012417e-01 6.78573847e-02 4.01265264e-01 1.53438807e-01
    3.20475221e-01 2.39103556e-01 7.87968636e-01 9.07589912e-01
    9.74443793e-01 3.57981622e-01 8.69241059e-01 7.08845258e-02
    5.21881104e-01 3.41234744e-01 6.38809204e-01 1.67634785e-02
    5.32905400e-01 3.78782600e-01 5.42670131e-01 2.19076395e-01
    4.91205841e-01 6.73042357e-01 9.48496461e-01 6.79670572e-01
    8.34602714e-01 6.86806798e-01 7.81836271e-01 8.74195695e-01
    1.01629198e-01 4.93536443e-01 8.58773708e-01 9.72699285e-01
    3.84221673e-02 1.78111941e-01 5.72827458e-02 3.08890045e-01
    1.52327716e-01 6.27390981e-01 2.60424525e-01 8.70287895e-01
    9.05900478e-01 2.35258967e-01 8.88567448e-01 8.24758410e-01
    5.73629439e-01 2.16269225e-01 8.02265882e-01 6.38404489e-01
    5.92845738e-01 7.92710185e-01 1.40172392e-01 6.07441425e-01
    9.10769463e-01 9.46514487e-01 8.28419328e-01 8.28335762e-01
    4.21575993e-01 7.76083946e-01 4.87716317e-01 9.42182779e-01
    8.21448982e-01 3.98171693e-01 7.22206354e-01 8.56947184e-01
    6.82716608e-01 9.28061128e-01 6.40583634e-01 2.71522164e-01
    5.58170021e-01 9.75873470e-02 8.89827311e-02 1.39823914e-01
    3.03925753e-01 7.46240735e-01 7.58323789e-01 1.09913945e-03
    1.34506524e-01 9.97808278e-02 1.50566548e-01 3.16876441e-01
    3.44339073e-01 4.46794033e-01 2.71884739e-01 1.27299011e-01
    6.57680273e-01 2.27182180e-01 6.29421294e-01 5.00718653e-02
    1.10727966e-01 5.74192345e-01 2.96167076e-01 8.86590779e-01
    7.12410986e-01 6.01332486e-01 1.23858601e-01 4.88378286e-01
    1.78844392e-01 8.82408202e-01 3.00897658e-01 9.36331749e-01
    5.64692497e-01 8.71149421e-01 7.16402590e-01 6.49974704e-01
    1.65892690e-01 5.75256288e-01 8.86327744e-01 7.53903508e-01
    9.92912054e-01 5.23775458e-01 5.89431643e-01 9.06051695e-01
    1.40713960e-01 5.77204347e-01 3.36356223e-01 1.47149146e-01
    6.61978602e-01 1.24480814e-01 9.62318897e-01 5.42086959e-01
    6.14968061e-01 9.87687111e-01 1.84296072e-01 7.93082118e-01
    3.99296850e-01 7.34980404e-01 6.40122771e-01 6.64591312e-01
    9.09304380e-01 7.82352746e-01 1.02462590e-01 3.27598900e-01
    6.37304306e-01 3.25280070e-01 5.45661151e-01 1.72103345e-01
    3.82744044e-01 3.02743614e-01 4.43154514e-01 4.37357336e-01
    7.22479701e-01 4.44275111e-01 6.07770503e-01 8.05383086e-01
    2.01337010e-01 7.83273101e-01 3.20155621e-01 2.81548858e-01
    6.88632071e-01 9.55904961e-01 2.35910863e-01 2.21875608e-02
    8.36077929e-01 7.84282923e-01 9.24251914e-01 7.14055300e-01
    7.68960953e-01 3.50187778e-01 3.33136916e-01 5.93741894e-01
    8.43676925e-01 8.58390927e-01 5.28925836e-01 2.07408190e-01
    6.94430709e-01 2.85224497e-01 4.42135721e-01 1.70583367e-01
    1.08111531e-01 7.58219361e-01 6.03333712e-01 2.62756348e-01
    9.17651415e-01 9.61197376e-01 7.05966473e-01 9.81453419e-01
    6.94859743e-01 5.35299122e-01 7.91887581e-01 3.49695981e-02
    2.13901252e-01 9.74244833e-01 5.72263360e-01 7.70466924e-02
    4.44021821e-01 3.29001665e-01 9.57054734e-01 9.13087606e-01
    5.87451637e-01 2.46285141e-01 8.92639875e-01 8.62712502e-01
    5.02245784e-01 7.19970822e-01 2.86676556e-01 9.19244707e-01
    8.60150695e-01 9.24180269e-01 4.71287608e-01 1.03717268e-01
    1.69053555e-01 5.99465787e-01 4.98301566e-01 5.16234159e-01
    5.38747191e-01 1.75344050e-02 9.59173799e-01 6.73453331e-01
    6.38534665e-01 9.62631464e-01 2.68369019e-01 1.10842109e-01
    5.84659874e-01 4.19473886e-01 2.50770748e-01 9.76278543e-01
    7.34040976e-01 2.75317132e-02 7.61418402e-01 6.45159483e-01
    5.60145855e-01 8.88299346e-01 2.02025115e-01 8.23734999e-01
    8.59044433e-01 7.09353447e-01 9.58296657e-02 4.61994588e-01
    1.41597301e-01 3.79647911e-01 2.54836380e-01 9.83154774e-03
    7.11677253e-01 6.15530670e-01 2.92078197e-01 3.78748059e-01
    9.46030915e-02 7.11088419e-01 7.85964131e-01 9.27748442e-01
    2.04738796e-01 5.17393231e-01 7.87237883e-01 2.10127652e-01
    5.87723076e-01 1.84572369e-01 8.73887181e-01 8.84189665e-01
    4.82301831e-01 9.15384173e-01 5.63076258e-01 4.94417071e-01
    7.27516174e-01 6.82599902e-01 8.72230351e-01 7.24845231e-01
    7.72911549e-01 2.80690610e-01 9.86236334e-01 4.27810162e-01
    3.36307585e-01 4.12204176e-01 7.18159318e-01 4.14524764e-01
    3.06939483e-02 3.07408541e-01 4.17246282e-01 2.12567776e-01
    5.03350854e-01 1.06206954e-01 9.94696677e-01 7.12557435e-02
    4.55389500e-01 2.00072527e-01 1.12180471e-01 2.83622742e-02
    3.20277900e-01 3.89955759e-01 2.27913260e-03 5.51575422e-01
    7.03245878e-01 3.92359853e-01 1.82842314e-01 8.56777549e-01
    4.42330390e-01 9.78020728e-01 7.65106976e-02 5.53997040e-01
    1.70306027e-01 2.02194035e-01 2.33634919e-01 1.37617260e-01
    5.55245876e-01 4.41821665e-01 1.65922374e-01 6.20114326e-01
    7.39501357e-01 7.77110338e-01 6.73994720e-01 8.19282353e-01
    4.12970781e-04 1.89207703e-01 9.56522703e-01 5.96369028e-01
    6.42411113e-01 1.56747192e-01 3.84108573e-01 1.32969797e-01
    6.89671278e-01 4.06727076e-01 8.48453999e-01 9.33888555e-03
    7.68368363e-01 8.27492476e-01 9.01900232e-02 1.47448510e-01
    3.22705328e-01 3.79894674e-02 5.82141578e-02 3.75682414e-02
    9.16203201e-01 5.61831057e-01 1.10302567e-01 9.73708272e-01
    6.51024222e-01 9.74444628e-01 2.98968554e-02 2.96717107e-01
    1.36274666e-01 5.25866628e-01 8.21549058e-01 8.15384984e-01
    5.42666733e-01 3.47277403e-01 4.52751756e-01 7.45583296e-01
    7.61971891e-01 5.69563806e-01 5.65732300e-01 5.30548871e-01
    1.48278594e-01 1.73039764e-01 2.68347263e-02 1.52229846e-01
    6.34440839e-01 7.49055684e-01 8.26283097e-02 3.96145225e-01
    8.08622539e-02 8.84839296e-01 6.89589739e-01 2.03593701e-01
    3.32790762e-01 8.51810932e-01 5.68150401e-01 9.91657376e-03
    2.83217400e-01 1.43370837e-01 8.73081744e-01 4.46859717e-01
    8.01399350e-03 6.76313221e-01 2.92990357e-01 2.36831605e-02
    4.92411941e-01 2.26301908e-01 5.01899779e-01 4.22893226e-01
    8.90007794e-01 4.43287015e-01 4.02394533e-01 5.47668636e-01
    5.83478630e-01 9.26312506e-01 4.99564230e-01 9.75655079e-01
    7.55476832e-01 3.47417176e-01 1.11734152e-01 4.67316151e-01
    2.14614153e-01 4.18454647e-01 2.12406665e-01 1.43160522e-02
    4.23211575e-01 6.64002001e-01 4.73240495e-01 8.04488361e-01
    5.14328420e-01 3.46446753e-01 2.86320031e-01 4.48029101e-01
    3.81881148e-01 4.48128134e-01 6.88502908e-01 1.94752365e-01
    2.54110366e-01 4.23335075e-01 8.72791171e-01 4.19020653e-03
    7.93451190e-01 5.59407473e-03 8.28159332e-01 7.06957877e-01
    2.38234848e-01 2.00570136e-01 2.73256361e-01 6.86503530e-01
    3.04293483e-01 1.47749275e-01 5.80923080e-01 6.55940652e-01
    8.88833523e-01 9.03995335e-01 2.11798221e-01 7.22346902e-01
    6.48523331e-01 9.36175764e-01 8.59029055e-01 3.27313006e-01
    5.80990016e-01 4.09258127e-01 4.04408425e-01 4.99082923e-01
    7.57961631e-01 6.76377237e-01 5.53617001e-01 1.12255424e-01
    5.65487146e-03 5.14681399e-01 1.92577392e-01 9.79001641e-01
    8.24670017e-01 6.54770136e-02 7.71719992e-01 2.88557947e-01
    7.09028602e-01 3.95710111e-01 9.60060835e-01 4.47716177e-01
    2.90843606e-01 9.08129811e-01 4.79853421e-01 6.11155450e-01
    8.36500525e-02 4.65824246e-01 9.37905431e-01 6.54491425e-01
    4.82665598e-01 6.80126846e-02 2.30236262e-01 2.38550097e-01
    6.56065226e-01 3.23752999e-01 5.91510057e-01 1.81113422e-01
    6.27239823e-01 3.06921363e-01 7.71909237e-01 6.38843298e-01
    6.10194743e-01 6.43808603e-01 6.03032291e-01 1.14929080e-02
    5.41882873e-01 7.40782022e-01 4.95281696e-01 7.47660220e-01
    5.03404498e-01 5.32133877e-01 4.30716962e-01 7.61168003e-01
    1.49164557e-01 9.48306084e-01 3.28073591e-01 1.71504319e-01
    1.06564879e-01 1.45709246e-01 1.30242705e-02 1.39904767e-01
    2.88100898e-01 5.80593646e-01 5.25663316e-01 5.51409900e-01
    8.80497694e-03 2.56675154e-01 5.03683805e-01 4.21733588e-01
    5.52752972e-01 1.89389437e-01 4.39678133e-01 1.40536427e-02
    4.73892212e-01 2.13709325e-01 5.67462146e-01 2.87238359e-02
    6.11030340e-01 8.92407298e-01 8.86147857e-01 1.90017045e-01
    7.38439202e-01 6.74811423e-01 1.34589225e-01 3.67550850e-01
    4.91284430e-01 1.16233826e-02 9.55597460e-01 6.72579408e-01
    2.82003403e-01 2.07961202e-01 1.58488810e-01 1.91905856e-01
    6.89416409e-01 9.17022586e-01 5.67170858e-01 6.00696623e-01
    4.42389339e-01 5.19490004e-01 1.75678670e-01 7.55557060e-01
    6.93197668e-01 7.93867826e-01 2.74357706e-01 7.74937451e-01
    8.73408079e-01 6.99161768e-01 3.58590990e-01 1.12130255e-01
    7.56593108e-01 5.01927733e-02 1.68657005e-02 9.97639418e-01
    2.44470775e-01 1.05055362e-01 5.88411689e-01 6.64859533e-01
    7.88356960e-02 3.96205485e-01 3.76858145e-01 8.07513893e-02
    6.84292734e-01 1.06294930e-01 8.86632502e-02 2.27243692e-01
    9.08788741e-01 5.18026352e-02 5.45286775e-01 6.07263267e-01
    4.52630848e-01 1.84596300e-01 5.19673347e-01 7.70547807e-01
    1.17087990e-01 8.01336884e-01 2.77036607e-01 7.49442458e-01
    8.96243334e-01 4.06388849e-01 4.09401923e-01 1.58116430e-01
    8.06995332e-01 4.15061921e-01 8.06007743e-01 5.84738016e-01
    2.48121083e-01 9.21004057e-01 8.67748499e-01 4.14105952e-02
    1.26064658e-01 7.82273412e-01 6.58932567e-01 2.56644249e-01
    8.41797113e-01 3.53431284e-01 9.30202603e-01 8.19588065e-01
    5.18229365e-01 9.40018415e-01 9.41973507e-01 5.55624425e-01
    3.94895047e-01 8.86063278e-02 2.26726085e-01 9.19186950e-01
    4.18561608e-01 4.65017140e-01 5.93906403e-01 5.64386547e-02
    7.99455047e-01 5.90634167e-01 8.46505404e-01 3.07097495e-01
    8.11295092e-01 4.68277305e-01 6.77155137e-01 7.32832253e-01
    1.05455011e-01 9.81405020e-01 2.42336839e-01 2.48136997e-01
    2.99349427e-03 4.15148318e-01 9.61370230e-01 3.61626744e-02
    1.99663252e-01 4.33964789e-01 2.80622125e-01 2.18677640e-01
    1.56217366e-01 9.21814322e-01 8.08047175e-01 9.43298697e-01
    7.94259310e-01 5.50050855e-01 7.79179811e-01 2.39851147e-01
    5.45525253e-01 8.25155020e-01 6.83957100e-01 4.13845390e-01
    3.83854508e-02 5.34813881e-01 6.75140917e-01 6.06534839e-01
    9.30704117e-01 6.85757399e-01 6.28834546e-01 9.16720033e-01
    1.81090623e-01 5.26731312e-02 4.99825537e-01 1.44118875e-01
    4.96508598e-01 1.13287240e-01 1.79279536e-01 3.42431664e-01
    5.25812864e-01 2.53817528e-01 5.95617712e-01 7.80591846e-01
    9.57509458e-01 7.56587386e-01 5.86422980e-01 2.88740396e-01
    5.44680059e-02 5.77440858e-03 2.72665948e-01 9.36127186e-01
    4.85194504e-01 9.36603665e-01 8.95308316e-01 7.43224502e-01
    4.41912830e-01 6.00042343e-02 6.87975049e-01 8.73637199e-02
    4.46603209e-01 8.90765190e-01 5.10038912e-01 2.29882538e-01
    7.10428596e-01 5.96392989e-01 2.11507469e-01 9.71763790e-01
    9.21041489e-01 6.38097823e-01 3.55178803e-01 5.02265871e-01
    9.46393907e-02 2.27946013e-01 2.01637864e-01 4.93913829e-01
    3.63769144e-01 7.90579319e-02 2.07165271e-01 2.23474801e-02
    6.78753018e-01 2.13467032e-01 3.99521589e-02 3.96112472e-01
    7.99520612e-01 7.88475871e-02 2.86037266e-01 5.20959139e-01
    8.39185596e-01 3.21638763e-01 8.23251963e-01 9.92717266e-01
    3.26478243e-01 7.63487577e-01 9.68083858e-01 9.07746553e-01
    4.55269009e-01 5.37022889e-01 9.29776788e-01 4.40852433e-01
    1.94473833e-01 3.49628836e-01 4.06902581e-01 2.58421123e-01
    6.15934849e-01 6.22232437e-01 5.22877038e-01 8.95286381e-01
    1.31215066e-01 1.54081970e-01 2.94900000e-01 9.87019300e-01
    8.94919038e-01 1.38989151e-01 5.58933854e-01 3.29537153e-01
    2.15053052e-01 5.54966927e-01 1.48962110e-01 5.45434475e-01
    2.66586632e-01 6.92099988e-01 5.16828418e-01 4.43044901e-01
    2.97422826e-01 9.68399048e-01 5.49929857e-01 5.21276474e-01
    7.70557046e-01 3.17051262e-01 9.89223540e-01 4.40900087e-01
    8.16611052e-01 8.31657887e-01 1.62781745e-01 2.61840671e-01
    1.75291061e-01 5.10976195e-01 3.03670764e-03 3.94272387e-01
    2.21354276e-01 8.52978706e-01 5.33246398e-01 6.80459857e-01
    2.46504605e-01 2.69972742e-01 6.87600732e-01 8.44590306e-01
    3.52615416e-02 8.82718325e-01 9.01872456e-01 2.01973319e-02
    2.21258134e-01 7.70310521e-01 4.73729372e-01 6.71993792e-01
    7.01590955e-01 3.60230684e-01 2.72616148e-02 9.23449934e-01
    8.47479582e-01 8.48795176e-01 7.60524631e-01 1.46836281e-01
    9.72211123e-01 5.89177310e-01 1.14680439e-01 4.54510391e-01
    3.16536248e-01 6.76664472e-01 9.36875701e-01 9.05111909e-01
    2.18257606e-01 2.22710043e-01 8.86551261e-01 9.92557704e-01
    8.52862000e-01 1.08514041e-01 4.06660408e-01 3.40076804e-01
    6.41849935e-01 1.28079742e-01 4.52455759e-01 7.12110758e-01
    2.37727731e-01 9.76858974e-01 1.44822687e-01 9.51081753e-01
    4.85092610e-01 3.24735940e-02 1.49600416e-01 6.36375844e-02
    5.54490685e-02 3.63227904e-01 9.74147916e-01 7.47331679e-01
    8.96650672e-01 9.34364080e-01 4.76467460e-01 9.70897317e-01
    1.97490841e-01 4.90518451e-01 2.40022272e-01 2.90209413e-01
    7.65258551e-01 7.41385221e-01 3.84637803e-01 6.08357012e-01
    8.48643780e-01 7.00206339e-01 9.47975814e-02 6.86607122e-01
    1.30925775e-02 4.80947435e-01 3.46672595e-01 7.63613105e-01
    6.50362372e-01 9.97766972e-01 4.34590012e-01 8.20321441e-01
    9.31854725e-01 2.63656974e-01 5.46594799e-01 8.38798702e-01
    9.88577485e-01 3.96210313e-01 6.79781795e-01 7.87489295e-01
    3.42722476e-01 9.67586875e-01 5.12602270e-01 7.60977864e-02
    1.83331013e-01 6.04648232e-01 1.09984607e-01 6.49725854e-01
    6.78362370e-01 3.84295404e-01 1.49563909e-01 5.05836785e-01
    8.76487672e-01 4.70940679e-01 6.59448147e-01 7.06746221e-01
    8.32736969e-01 3.03299427e-02 8.92255723e-01 9.32141960e-01
    7.26112843e-01 1.04073107e-01 3.45264852e-01 8.87351990e-01
    1.45610273e-02 7.34159350e-03 2.67744809e-01 4.73915815e-01
    2.08456695e-01 2.89661348e-01 8.54903221e-01 6.66983545e-01
    4.38066274e-01 6.20555222e-01 6.32861853e-01 4.18854684e-01
    8.42678189e-01 6.98187768e-01 6.66274488e-01 2.61275947e-01
    8.82366538e-01 3.93138707e-01 7.47394621e-01 5.92768610e-01
    9.51815486e-01 6.33778989e-01 2.72968620e-01 7.92283893e-01
    7.37169385e-02 9.40077901e-01 1.01863950e-01 5.24106622e-02
    1.26815826e-01 8.31124783e-02 1.49122059e-01 7.48443127e-01
    4.92580056e-01 6.62314713e-01 4.31310177e-01 9.03954983e-01
    1.91045403e-02 9.38659430e-01 1.21293664e-01 4.82906252e-01
    1.63160682e-01 4.36951727e-01 8.02665889e-01 2.56786913e-01
    3.80734146e-01 2.63195693e-01 6.79538548e-01 4.22226876e-01
    6.29437208e-01 2.85163462e-01 8.61907840e-01 3.34299386e-01
    2.51419693e-01 4.18203831e-01 7.79306233e-01 4.67165917e-01
    7.43370295e-01 2.12237656e-01 9.72965658e-01 1.72709703e-01
    5.02068222e-01 7.22755492e-02 1.62868291e-01 5.02775133e-01
    6.53623879e-01 9.59118009e-01 2.39027143e-02 2.20875263e-01
    4.65100288e-01 6.90003157e-01 9.10730124e-01 9.37737763e-01
    1.82817280e-01 5.75254321e-01 8.52907062e-01 2.88881987e-01
    3.45729709e-01 8.36203218e-01 5.29376447e-01 2.94755220e-01
    9.18486059e-01 2.92077661e-01 2.93338269e-01 8.00807476e-01
    8.89532804e-01 7.68916249e-01 4.22950447e-01 6.37726188e-01
    2.99473166e-01 2.47203022e-01 5.75107932e-01 6.79086208e-01
    3.51784348e-01 9.28389549e-01 8.04733276e-01 7.88459301e-01
    2.58986712e-01 2.49362588e-02 2.24038690e-01 6.07810855e-01
    3.74463409e-01 4.85758185e-02 3.45572889e-01 6.67312145e-01
    1.13472968e-01 4.59361851e-01 2.65654087e-01 2.22614586e-01
    9.98814940e-01 6.24961615e-01 9.56472397e-01 4.62291270e-01
    6.71707094e-02 1.79333359e-01 5.80832541e-01 3.42091918e-02
    7.85282254e-03 6.00916445e-01 2.49488831e-01 8.18699539e-01
    8.70796680e-01 5.17400146e-01 6.64568543e-02 4.58785415e-01
    5.12638509e-01 4.05687094e-03 1.58887208e-01 2.87262440e-01
    9.04671431e-01 6.31527722e-01 5.21458745e-01 2.05363750e-01
    1.99576050e-01 1.71615392e-01 5.13608575e-01 7.09722698e-01
    6.99227929e-01 4.31044191e-01 5.47011316e-01 3.85751694e-01
    3.28366220e-01 4.86832827e-01 5.34826219e-01 3.33285451e-01
    4.92982864e-02 2.83174425e-01 4.45731968e-01 3.84613872e-01
    7.87799716e-01 3.69173825e-01 8.85788918e-01 1.78891838e-01
    6.65500820e-01 8.61716568e-02 1.15510195e-01 3.61999273e-01
    7.88497031e-01 6.21497810e-01 2.02603549e-01 5.23951054e-02
    8.72153699e-01 2.81846523e-02 1.33872271e-01 5.14350772e-01
    3.98590624e-01 4.73650277e-01 4.98146027e-01 5.73233068e-01
    6.87244773e-01 7.47308373e-01 4.64885235e-02 5.26656806e-01
    3.25034559e-01 9.75412130e-03 8.05784404e-01 2.90757716e-01
    7.58758664e-01 4.45296943e-01 6.38381481e-01 6.98113501e-01
    9.54380095e-01 1.31984949e-01 6.78209066e-02 8.57803047e-01
    2.25492358e-01 6.42645240e-01 2.95889080e-01 5.19088328e-01
    3.00715864e-02 4.66178358e-01 6.64791048e-01 4.33250695e-01
    9.04687643e-01 6.40460312e-01 8.62665296e-01 6.57248795e-02
    8.97775590e-01 6.22081220e-01 4.42690372e-01 5.86587429e-01
    6.65515661e-03 9.78363574e-01 9.68642712e-01 3.85729551e-01
    4.79439378e-01 7.84234524e-01 3.38812798e-01 2.02222228e-01
    2.89953053e-02 3.38398427e-01 7.86350429e-01 3.85646522e-01
    2.42204070e-02 7.63301015e-01 3.98890018e-01 6.15835607e-01
    4.63892579e-01 8.89866829e-01 2.63364673e-01 3.41972768e-01
    9.02372956e-01 5.77501535e-01 7.82721877e-01 7.43353367e-01
    9.83776450e-01 7.63931036e-01 9.97069359e-01 7.57224500e-01
    1.79412842e-01 6.43859386e-01 8.40563297e-01 9.40723836e-01
    7.79784083e-01 6.01588547e-01 7.16425896e-01 4.16101664e-01
    1.21575385e-01 1.28295958e-01 2.86365271e-01 6.54514194e-01
    2.54924089e-01 5.36901236e-01 7.41831243e-01 3.55886757e-01
    4.56510484e-02 9.60864127e-01 2.29797363e-01 1.06789678e-01
    8.62002254e-01 4.65120286e-01 9.29607153e-01 2.05042958e-02
    6.86941624e-01 8.64848375e-01 6.99826181e-02 4.90735263e-01
    4.75944012e-01 3.76717925e-01 8.47085595e-01 4.66093123e-01
    3.81961972e-01 4.89188731e-01 2.06040621e-01 8.80098462e-01
    8.42136264e-01 6.46562815e-01 6.44086778e-01 6.67589307e-01
    2.80179381e-01 1.15075380e-01 8.45941186e-01 1.35790110e-01
    3.34915161e-01 8.59027743e-01 9.91451740e-01 1.82246238e-01
    3.26164335e-01 1.76649511e-01 5.88057458e-01 2.49590158e-01
    7.35340238e-01 4.09265012e-01 6.67933404e-01 4.44319874e-01
    8.09108019e-02 9.40246344e-01 7.23350108e-01 8.88285100e-01
    6.36274278e-01 8.54817212e-01 2.22605765e-01 6.81671381e-01
    9.50184822e-01 3.76592636e-01 2.65953064e-01 7.93747902e-01
    1.99677259e-01 7.51455069e-01 8.79815817e-01 5.31112432e-01
    3.43822867e-01 7.85872579e-01 7.93463588e-01 9.25648808e-01
    3.22403193e-01 6.83718085e-01 9.99453306e-01 2.51728594e-01
    5.19550204e-01 3.72631967e-01 1.71925247e-01 3.12085867e-01
    4.61695015e-01 1.03395581e-01 2.29425371e-01 4.31227684e-03
    1.74358517e-01 8.52032304e-02 6.76885486e-01 5.32273829e-01
    3.68413508e-01 7.95376420e-01 9.93184328e-01 4.08827007e-01
    8.49120736e-01 2.08390594e-01 7.26485789e-01 1.18750632e-01
    2.71842062e-01 2.52156615e-01 7.41432548e-01 3.66957247e-01
    4.84052926e-01 3.41199249e-01 6.70180202e-01 6.93429589e-01
    2.32180268e-01 5.71847439e-01 4.18586016e-01 9.78007257e-01
    7.00418890e-01 1.79552943e-01 5.53964138e-01 6.83134913e-01
    1.14594042e-01 7.62125850e-03 6.41389489e-01 3.58820498e-01
    2.18102962e-01 3.70722055e-01 4.48381156e-01 9.73410487e-01
    3.40801507e-01 5.13385892e-01 1.58081651e-01 7.94394016e-01
    8.87972057e-01 8.90875995e-01 8.10379207e-01 2.44951069e-01
    9.72869337e-01 2.28224605e-01 4.80015606e-01 5.02587974e-01
    2.10363835e-01 8.42051387e-01 4.97818351e-01 1.76418304e-01
    3.25132370e-01 8.69407892e-01 9.97153282e-01 8.78304601e-01
    2.63599694e-01 9.11023021e-01 4.37389910e-02 6.70995951e-01
    3.40527236e-01 1.97652578e-01 5.73616683e-01 1.02544516e-01
    4.57542121e-01 5.42328894e-01 2.73830533e-01 1.02364451e-01
    3.04313332e-01 5.17610133e-01 9.18936729e-01 4.37353492e-01
    3.95698190e-01 9.63640034e-01 4.22740221e-01 4.31653500e-01
    3.92383724e-01 8.41665447e-01 8.29853535e-01 8.37616563e-01
    8.15456688e-01 3.20099592e-02 8.68407130e-01 1.51644707e-01
    2.26714909e-01 5.53717375e-01 6.10019028e-01 4.71074104e-01
    3.92220497e-01 4.20016110e-01 4.08076316e-01 7.09428668e-01
    4.38013375e-02 7.73128986e-01 2.19637066e-01 8.53486061e-02
    4.47608620e-01 2.16167390e-01 4.63276386e-01 4.27715123e-01
    6.89955115e-01 9.68424499e-01 3.22113663e-01 7.10862279e-01
    6.53241158e-01 2.01238900e-01 5.32206059e-01 9.85312343e-01
    9.96695638e-01 9.72620726e-01 8.33496869e-01 1.81556404e-01
    3.17243636e-02 9.76306796e-01 5.23656130e-01 1.39396459e-01
    3.27913463e-01 8.64574075e-01 8.47424924e-01 9.19644952e-01
    4.08383518e-01 1.74801052e-02 8.16012621e-02 8.41490507e-01
    6.52485788e-01 1.24675900e-01 9.22905207e-02 4.90217596e-01
    2.91375399e-01 2.00647861e-01 1.10815197e-01 2.09204137e-01
    5.41106403e-01 6.24874115e-01 2.71464348e-01 1.23856723e-01
    5.50639749e-01 4.66812372e-01 2.74727315e-01 6.92749023e-03
    2.24632353e-01 7.35142589e-01 5.39642572e-01 5.38300216e-01
    7.66068041e-01 5.19304872e-01 9.46009398e-01 8.76925647e-01
    5.40669501e-01 6.01186156e-01 4.16897595e-01 1.90761507e-01
    2.01726556e-02 8.71811628e-01 3.27151358e-01 9.20564234e-02
    2.20060408e-01 4.94082719e-01 4.25882995e-01 4.42698807e-01
    7.94491172e-01 3.97339374e-01 3.82579744e-01 7.84754395e-01
    4.62392718e-01 8.40448380e-01 8.42630148e-01 3.53711486e-01
    1.62883013e-01 5.09488106e-01 4.35497463e-01 4.64213908e-01
    8.86473179e-01 2.90872872e-01 4.24449444e-01 1.89449906e-01
    8.13993931e-01 7.46964574e-01 7.12745011e-01 1.67967439e-01
    5.43668807e-01 3.93591017e-01 1.57927603e-01 2.89617717e-01
    7.38765895e-02 1.76007569e-01 9.69699144e-01 7.19178319e-02
    7.36932635e-01 9.44414258e-01 7.43756294e-01 4.65618879e-01
    7.56603122e-01 7.87881613e-02 7.75944471e-01 6.36553586e-01
    3.22906643e-01 4.34662759e-01 2.76910603e-01 6.50806665e-01
    8.76403451e-01 9.30739224e-01 7.56495953e-01 5.17123103e-01
    2.78369784e-02 9.63399410e-01 7.59319067e-01 9.32054043e-01
    6.84040427e-01 3.07192028e-01 5.03301203e-01 4.28889215e-01
    2.17763782e-02 7.67603636e-01 4.02951598e-01 7.67533958e-01
    4.51584160e-02 8.43098879e-01 7.82916546e-01 5.60267329e-01
    3.64856124e-02 2.73180068e-01 2.58584917e-01 4.79414135e-01
    4.65122789e-01 9.88964021e-01 6.02645457e-01 1.79989606e-01
    5.93494773e-01 1.27648950e-01 5.19837141e-02 4.26398814e-02
    7.27846086e-01 4.04212952e-01 6.07175529e-01 2.05380321e-01
    1.79446757e-01 3.58678013e-01 3.52998734e-01 6.54375494e-01
    4.75226343e-01 8.24516296e-01 1.54495806e-01 6.63191438e-01
    5.79821110e-01 5.56958377e-01 1.69639379e-01 6.23723626e-01
    6.38853788e-01 2.89236426e-01 9.14766192e-01 2.96413124e-01
    6.33647203e-01 6.94301844e-01 4.03562605e-01 7.72493184e-01
    4.88128662e-01 9.61372852e-01 3.03711593e-01 1.39194161e-01
    9.55353856e-01 4.99676079e-01 6.66154385e-01 2.97518581e-01
    4.47322845e-01 8.26995730e-01 5.16298592e-01 9.58325863e-02
    5.29228270e-01 3.91581476e-01 3.26858222e-01 7.84014225e-01
    4.93800044e-01 9.18186188e-01 3.29600334e-01 2.40009010e-01
    5.89153171e-01 2.72047162e-01 6.86051965e-01 2.62193501e-01
    6.21906936e-01 6.74013495e-01 6.65678918e-01 9.25413847e-01
    9.55343544e-01 4.87661123e-01 7.73249626e-01 9.22970414e-01
    8.00235927e-01 1.85126781e-01 9.66245532e-01 3.84094238e-01
    7.92919040e-01 4.52024221e-01 4.55935150e-01 2.38022387e-01
    7.95877576e-01 8.86053920e-01 2.90268123e-01 2.83286095e-01
    8.99083734e-01 3.24077904e-01 9.76749599e-01 7.50978231e-01
    1.21395022e-01 8.06083679e-02 6.11945152e-01 3.39830101e-01
    8.20930719e-01 8.58596325e-01 9.37282085e-01 9.78980780e-01
    9.69922781e-01 9.47910070e-01 9.12111402e-01 5.19766808e-01
    7.81184256e-01 7.26443827e-02 6.74963713e-01 8.18152785e-01
    6.42978072e-01 1.60951167e-01 2.42145240e-01 7.99577951e-01
    9.45159256e-01 8.33627522e-01 1.16991937e-01 1.78210586e-01
    6.16196454e-01 7.02599525e-01 3.95152450e-01 8.18008423e-01
    1.51592493e-03 6.60957992e-01 2.42754340e-01 1.64580464e-01
    1.83981270e-01 6.33333981e-01 6.66111231e-01 8.85249138e-01
    1.88549846e-01 9.07703638e-01 8.51064086e-01 1.16612792e-01
    5.15043557e-01 4.12167549e-01 7.99464345e-01 1.73631668e-01
    4.98081595e-01 2.87552863e-01 7.19074488e-01 9.85341072e-01
    5.59124231e-01 9.07001436e-01 6.60166860e-01 8.80693793e-02
    2.08507895e-01 6.38448119e-01 7.78711081e-01 7.09214807e-01
    4.82454032e-01 6.35513067e-02 1.81346148e-01 8.88191700e-01
    5.40332139e-01 5.91293812e-01 2.02115715e-01 5.00928044e-01
    6.01488590e-01 2.13153929e-01 7.18763709e-01 5.43518543e-01
    7.16255784e-01 3.03309858e-02 2.02569366e-01 7.80510306e-01
    1.53594434e-01 5.48195839e-01 5.56881249e-01 8.02050352e-01
    1.09661937e-01 7.96394944e-01 5.73667884e-01 4.09443110e-01
    7.79422760e-01 7.69309521e-01 3.17237347e-01 3.13546091e-01
    5.84488630e-01 1.87741697e-01 9.79592562e-01 1.20705575e-01
    9.21209693e-01 3.41379166e-01 2.17811674e-01 6.12502813e-01
    8.51626754e-01 5.56346297e-01 6.26402497e-01 7.05895782e-01
    1.82343096e-01 7.39768744e-01 8.93823445e-01 8.82986784e-01
    7.10282564e-01 7.81920433e-01 4.82886493e-01 2.40214288e-01
    4.10830975e-03 4.26384628e-01 1.13785356e-01 8.00891042e-01
    4.35624212e-01 6.42146468e-01 4.79399472e-01 7.83291459e-02
    7.62524307e-01 7.56960809e-01 6.37433231e-02 9.56192493e-01
    8.93269837e-01 1.25951380e-01 4.14714217e-03 3.87287170e-01
    8.37331712e-01 8.48304629e-02 3.75032365e-01 5.70112586e-01
    9.76275265e-01 6.70372725e-01 6.48019671e-01 4.69726145e-01
    7.81527162e-01 3.15796167e-01 6.06715918e-01 8.05460691e-01
    8.83472562e-01 5.43168664e-01 7.38321185e-01 9.41132426e-01
    2.51604497e-01 4.61592019e-01 1.20795131e-01 9.00267005e-01
    7.69038558e-01 3.05434912e-01 7.10805118e-01 4.29506451e-01
    9.31494415e-01 9.64581609e-01 2.70452291e-01 6.10150993e-01
    2.73986667e-01 8.01627874e-01 1.47116035e-01 9.33998823e-01
    6.43402934e-02 4.56906557e-02 5.44757247e-01 2.73828924e-01
    6.93933785e-01 9.59780812e-02 1.23547316e-02 9.87357020e-01
    8.81775498e-01 5.47566593e-01 8.42473507e-01 1.22253299e-01
    7.38739967e-01 7.19595432e-01 8.89288187e-01 1.54653281e-01
    8.06806326e-01 5.24894118e-01 7.28172660e-01 3.77673805e-01
    4.79612142e-01 3.98851573e-01 1.81960344e-01 6.29764855e-01
    5.03404558e-01 4.81045663e-01 7.84940243e-01 1.14491284e-02
    6.69402122e-01 8.03990543e-01 6.77589476e-01 2.66922683e-01
    7.26871729e-01 8.68568897e-01 7.02207625e-01 4.83812392e-01
    6.40156567e-01 7.51811802e-01 8.69566202e-03 3.86689603e-02
    9.65803146e-01 8.77399266e-01 5.85399568e-02 5.34184217e-01
    8.43072951e-01 6.97715640e-01 6.33321762e-01 1.95961982e-01
    2.45194077e-01 4.37210679e-01 8.51796269e-02 6.06330395e-01
    8.60259295e-01 7.26039648e-01 9.70794022e-01 4.02000159e-01
    9.64642882e-01 7.44464934e-01 7.89808929e-02 6.67377114e-01
    7.69307435e-01 6.91153526e-01 1.34989411e-01 2.58050621e-01
    6.94696069e-01 2.74994969e-03 1.63907558e-01 7.67729044e-01
    4.64666396e-01 2.42112875e-02 8.04286361e-01 3.42682183e-01
    2.55415738e-02 5.55273414e-01 5.11983454e-01 5.26036322e-01
    4.48326260e-01 3.82675529e-01 4.62164938e-01 1.55200064e-02
    7.36625791e-01 7.32830286e-01 9.32930946e-01 3.27092826e-01
    2.14559764e-01 4.03511643e-01 7.57782578e-01 5.38790762e-01
    3.07557017e-01 8.15726161e-01 9.61428881e-02 1.22919530e-01
    1.25281215e-02 5.40668666e-02 8.41029048e-01 3.04743648e-01
    1.52405441e-01 4.69295382e-01 8.60498905e-01 5.39823651e-01
    3.99890721e-01 9.86664295e-01 6.78832710e-01 4.40687180e-01
    7.39573359e-01 3.72798234e-01 5.63863277e-01 9.20944095e-01
    3.51871431e-01 9.21364129e-02 7.43189156e-02 5.82091630e-01
    8.82766902e-01 6.87103629e-01 5.96441925e-01 2.16633379e-02
    7.60546327e-02 1.36432201e-01 2.76234448e-01 1.70816869e-01
    1.20718092e-01 8.01525950e-01 6.54562354e-01 8.46908391e-01
    9.71356273e-01 5.30520082e-02 9.86765981e-01 9.13326085e-01
    8.62444997e-01 7.90699720e-01 7.45328665e-01 3.82503808e-01
    9.78310227e-01 1.47952676e-01 4.29405838e-01 1.55958712e-01
    3.71865273e-01 1.78156853e-01 9.80585217e-01 9.03542936e-01
    2.80570537e-01 4.33838665e-01 1.84040725e-01 2.74068356e-01
    7.00744748e-01 9.69581068e-01 1.63503617e-01 7.14705408e-01
    9.64783251e-01 4.91174459e-01 3.65263164e-01 9.96057391e-01
    7.79115319e-01 2.24030346e-01 7.94251561e-01 6.32299900e-01
    7.09421158e-01 6.36378646e-01 5.70108414e-01 3.54272842e-01
    8.71800303e-01 6.34469807e-01 3.59557807e-01 2.36238241e-01
    5.66925764e-01 9.73275542e-01 1.77601665e-01 6.10719264e-01
    1.77702308e-03 5.47742307e-01 6.58690214e-01 3.89889836e-01
    2.44410634e-02 7.35446990e-01 8.00171137e-01 4.63007569e-01
    8.72344971e-01 4.10651177e-01 4.05378044e-01 7.48667240e-01
    1.28757149e-01 6.47044361e-01 7.18897283e-01 4.80266094e-01
    1.75546318e-01 4.24833238e-01 8.01004827e-01 6.56059802e-01
    7.61749983e-01 3.49973500e-01 9.14413631e-01 4.09878194e-01
    7.74177551e-01 7.17077136e-01 7.00673699e-01 5.57550371e-01
    8.04855406e-01 8.02376509e-01 5.52004278e-01 8.48102987e-01
    3.88607383e-02 6.30466282e-01 9.96847749e-01 8.22561145e-01
    3.89778078e-01 4.58369553e-02 9.10892904e-01 7.03938127e-01
    1.17370516e-01 7.16726780e-01 5.83203375e-01 4.41936553e-02
    1.13400429e-01 6.41668260e-01 9.06838655e-01 4.07246202e-01
    7.25911677e-01 7.72890925e-01 9.62668061e-02 2.76732981e-01
    6.88541532e-02 1.70358390e-01 7.98463464e-01 8.85343850e-01
    1.52858198e-01 6.26989007e-01 7.77108431e-01 3.09755504e-01
    1.97598457e-01 5.66385746e-01 8.47459793e-01 6.61756456e-01
    6.78382933e-01 9.35558081e-02 5.50775528e-01 5.75828552e-02
    2.71092415e-01 4.91144300e-01 1.63539708e-01 5.44328690e-02
    8.31724882e-01 9.69253957e-01 5.85876942e-01 5.50600946e-01
    7.53623307e-01 1.01846755e-02 8.26817989e-01 9.71147418e-02
    4.84730512e-01 3.38644028e-01 3.93699408e-01 7.44217873e-01
    3.83771360e-01 9.07836914e-01 3.51967335e-01 6.59516990e-01
    1.20869786e-01 8.53357017e-01 5.93520105e-01 2.54330039e-01
    2.99567699e-01 1.55605704e-01 8.05546880e-01 4.55860674e-01
    6.23061121e-01 6.08851016e-01 7.77247250e-02 1.40076876e-01
    9.68666077e-02 7.06200957e-01 7.10433364e-01 7.81178713e-01
    1.36087686e-01 4.41243112e-01 8.67045879e-01 3.23644459e-01
    5.45400441e-01 4.48555380e-01 7.11086273e-01 9.82947946e-02
    9.69095469e-01 3.37631226e-01 6.80274725e-01 2.98616171e-01
    1.42834187e-02 3.69054079e-01 5.45238018e-01 7.11830616e-01
    5.54076552e-01 5.73932767e-01 7.69855678e-01 1.04521513e-02
    2.43725240e-01 8.92866611e-01 5.09262562e-01 9.03355241e-01
    1.15482390e-01 6.93430007e-02 2.89207697e-01 5.92281103e-01
    1.67460024e-01 8.70607376e-01 3.37756366e-01 8.86305273e-01
    6.96005762e-01 3.28084826e-01 9.35494661e-01 7.11436272e-01
    6.53588653e-01 9.95773077e-03 5.80895543e-01 1.90728694e-01
    2.07116753e-01 9.70050693e-02 9.87162113e-01 8.36706400e-01
    6.46491885e-01 9.86908138e-01 9.65405822e-01 5.93993723e-01
    6.19399428e-01 9.30410445e-01 3.54887813e-01 6.91300333e-02
    8.28819156e-01 4.85671401e-01 5.54482520e-01 7.30813384e-01
    8.54753852e-02 2.65289545e-01 7.80622542e-01 3.65053862e-01
    2.95090556e-01 7.84011364e-01 4.93118078e-01 7.03700781e-01
    5.38627923e-01 8.62917900e-01 9.52761531e-01 8.52155447e-01
    4.74793762e-01 8.11953187e-01 7.42825925e-01 5.93051314e-01
    8.82829905e-01 9.32991624e-01 6.27257466e-01 7.17437744e-01
    8.30554962e-02 4.04577851e-02 3.66796076e-01 6.59629703e-03
    6.78615272e-01 9.87123013e-01 9.56484973e-02 7.41713643e-01
    1.32856458e-01 8.83161008e-01 5.07796407e-02 2.70077109e-01
    5.39291143e-01 9.02938485e-01 6.18133068e-01 5.21368682e-01
    6.35976076e-01 1.51986301e-01 1.76129699e-01 6.00666583e-01
    7.52808273e-01 6.54966533e-02 1.97690219e-01 2.56165862e-03
    4.37298775e-01 4.76924062e-01 5.70223570e-01 5.43494463e-01
    5.39139688e-01 4.61437970e-01 7.08853781e-01 1.54956669e-01
    8.20650339e-01 2.18105704e-01 3.59808803e-01 6.76020741e-01
    4.85816717e-01 7.34775901e-01 4.02695417e-01 8.00765157e-01
    1.69776529e-01 4.47760463e-01 4.66034025e-01 4.93069947e-01
    6.34035707e-01 8.08462560e-01 6.45199656e-01 8.28630209e-01
    9.86474991e-01 6.45993233e-01 4.01124090e-01 2.91319728e-01
    6.70185030e-01 8.84095192e-01 8.03953350e-01 2.60486722e-01
    8.41749609e-02 6.58909321e-01 3.75807256e-01 3.27148825e-01
    7.83697784e-01 6.28877044e-01 5.88325202e-01 1.11327767e-01
    1.66876018e-01 9.14514720e-01 8.66852283e-01 4.34512377e-01
    4.90062863e-01 8.16683173e-02 6.93320632e-02 3.42215300e-02
    8.87201190e-01 1.78185076e-01 5.30418456e-02 9.70016956e-01
    4.77837265e-01 7.22530484e-03 2.76977092e-01 8.95898402e-01
    3.31504881e-01 5.76720238e-02 2.93794513e-01 1.36255443e-01
    8.52795541e-01 8.67498517e-01 7.28012085e-01 5.10710359e-01
    9.20046210e-01 5.04923820e-01 3.89478147e-01 1.24075204e-01
    2.32136160e-01 6.70260727e-01 3.17965031e-01 1.03394002e-01
    5.91085374e-01 2.98186779e-01 3.00078630e-01 6.96851373e-01
    3.19286197e-01 1.43843949e-01 5.45690179e-01 6.70628548e-01
    9.82607126e-01 8.79693568e-01 7.33778715e-01 1.69192553e-01
    7.17412353e-01 5.83773434e-01 1.76236629e-02 3.66646349e-01
    3.33889395e-01 7.73146033e-01 7.66863525e-01 2.83585131e-01
    8.68574739e-01 3.84882033e-01 6.57772899e-01 5.30298769e-01
    5.28020620e-01 2.12473840e-01 1.10795349e-01 4.04824734e-01
    3.95232886e-01 3.67989331e-01 6.73259914e-01 7.37216055e-01
    7.70700216e-01 8.19338441e-01 6.93447709e-01 4.05133277e-01
    5.04983664e-01 6.69244468e-01 9.75701511e-02 8.83791924e-01
    4.93173122e-01 3.71461868e-01 8.38550985e-01 2.56365538e-01
    8.22145939e-01 9.44370329e-01 1.92118526e-01 2.08846390e-01
    1.62497848e-01 3.76001388e-01 2.02960849e-01 8.71658802e-01
    7.29441106e-01 5.11365533e-01 4.71417606e-01 2.42638856e-01
    2.16542989e-01 1.44985318e-03 3.34388644e-01 9.33578372e-01
    1.53982252e-01 3.74279559e-01 4.14726883e-01 7.20679998e-01
    7.52121329e-01 3.50940496e-01 1.96122378e-01 9.74167943e-01
    2.30790108e-01 9.54794049e-01 3.24250579e-01 7.07088947e-01
    2.03959346e-01 2.20523745e-01 9.64789391e-01 2.14445055e-01
    2.01976001e-01 8.71249616e-01 6.80802345e-01 7.98935831e-01
    1.01925373e-01 8.01250935e-01 1.60081178e-01 7.76830375e-01
    7.46197879e-01 6.14899457e-01 7.05104887e-01 3.98732275e-01
    2.74862349e-01 7.06927538e-01 5.77245772e-01 3.34268242e-01
    6.64352298e-01 5.31093955e-01 6.52561069e-01 9.75381732e-01
    7.25919068e-01 3.01386178e-01 6.09126091e-01 1.32938236e-01
    6.80581689e-01 3.30270171e-01 1.68247044e-01 9.91168380e-01
    4.69887257e-03 4.84500200e-01 4.13256943e-01 8.21185589e-01
    6.59687817e-01 2.11044014e-01 3.55432689e-01 1.87460423e-01
    9.69903767e-02 3.89054358e-01 2.26235121e-01 5.37016332e-01
    3.20386291e-01 8.78288686e-01 6.79165721e-01 3.72764409e-01
    4.44376439e-01 4.38014686e-01 9.20894325e-01 6.00818276e-01
    2.98550963e-01 7.23621607e-01 1.68544143e-01 3.17299545e-01
    8.36214066e-01 6.61434293e-01 7.23357856e-01 7.15045571e-01
    4.09532189e-01 1.72784984e-01 9.51978862e-01 5.79282999e-01
    8.26766491e-01 5.02969742e-01 1.23979509e-01 8.40697050e-01
    2.23371387e-03 1.02371037e-01 7.33065069e-01 7.22689807e-01
    9.89436507e-01 4.64229763e-01 4.69590783e-01 8.11130702e-02
    6.97397232e-01 4.27630186e-01 9.56774652e-01 5.44611752e-01
    2.81489491e-02 2.58612126e-01 6.67814434e-01 7.44270325e-01
    4.53778565e-01 1.66396588e-01 6.66332603e-01 9.81405497e-01
    7.32111633e-01 1.30331695e-01 3.95394772e-01 5.65946162e-01
    9.22358036e-01 5.53038180e-01 4.06054527e-01 9.57506895e-01
    6.52858913e-01 4.25963968e-01 9.08115566e-01 3.70058119e-01
    6.23824537e-01 6.20329678e-02 2.28546441e-01 9.94686425e-01
    1.18647248e-01 5.14013231e-01 2.87751615e-01 4.66135204e-01
    4.95922714e-01 8.04516673e-01 1.76961988e-01 3.62553567e-01
    2.37823337e-01 1.60314441e-01 5.05712926e-01 6.08726621e-01
    9.05667841e-02 4.39307123e-01 1.86304271e-01 5.16854525e-02
    8.10387492e-01 3.30117226e-01 8.50265980e-01 4.96092200e-01
    7.55875826e-01 6.52848244e-01 9.15145278e-02 6.76271081e-01
    9.22906995e-01 3.19750547e-01 7.84452617e-01 8.06469619e-01
    3.58608902e-01 1.05337709e-01 6.03150249e-01 3.51481646e-01
    8.14888060e-01 1.68292671e-01 4.28007036e-01 8.06963742e-01
    8.39823723e-01 6.27381504e-02 6.68659031e-01 9.95567322e-01
    8.08378518e-01 2.98743397e-01 7.71771550e-01 7.81901002e-01
    1.91362768e-01 6.65259838e-01 2.72981256e-01 1.09005868e-02
    1.01049542e-01 1.22047454e-01 5.53047657e-03 1.95235997e-01
    6.56512201e-01 7.06662655e-01 5.00020206e-01 1.82910293e-01
    8.39166164e-01 7.59132683e-01 5.49518108e-01 6.49258018e-01
    1.66010141e-01 5.39377034e-01 8.77331257e-01 4.63542879e-01
    5.97856879e-01 8.46571445e-01 2.24618316e-02 7.51547158e-01
    8.92910480e-01 8.78906965e-01 1.52802527e-01 9.64032292e-01
    5.53015590e-01 5.84264994e-02 3.88763219e-01 9.73693609e-01
    8.56145382e-01 7.17285037e-01 6.08645797e-01 3.63704443e-01
    5.30668795e-02 3.55315775e-01 8.40315163e-01 4.59488422e-01
    3.06057066e-01 3.35224926e-01 2.82057405e-01 8.75807881e-01
    4.40430045e-01 9.45346057e-02 8.17886591e-01 9.12285686e-01
    4.80114609e-01 7.72896767e-01 1.84433281e-01 2.38317609e-01
    2.81385005e-01 1.57203406e-01 6.87618852e-01 2.52747118e-01
    1.37403309e-01 6.12720847e-01 6.02800131e-01 1.97945535e-01
    1.07848197e-01 2.00458735e-01 2.23725975e-01 4.75632906e-01
    1.07734859e-01 9.82672334e-01 1.85399562e-01 1.86153799e-01
    3.15612555e-02 5.61856866e-01 7.68896163e-01 9.93431091e-01
    8.00151467e-01 5.83588183e-01 2.40130156e-01 6.36965692e-01
    4.42562044e-01 7.19508529e-01 1.99026763e-01 6.84928000e-01
    9.54459131e-01 2.90634274e-01 2.21977532e-02 7.45736539e-01
    1.14514053e-01 9.94442046e-01 9.95841026e-02 5.81905425e-01
    2.08323777e-01 9.33146060e-01 9.63567793e-02 7.97487497e-01
    9.98976827e-02 6.47633672e-01 9.73859608e-01 6.90346420e-01
    4.21648502e-01 1.86825365e-01 2.06170797e-01 6.58965528e-01
    8.67799759e-01 4.51693922e-01 5.76374412e-01 3.18812877e-01
    2.50888765e-01 8.92233014e-01 5.03698111e-01 4.65908140e-01
    7.58374691e-01 3.97879958e-01 4.85990137e-01 1.44252151e-01
    9.75137353e-02 1.98294133e-01 2.52318859e-01 7.42345989e-01
    9.42836046e-01 2.69699693e-01 6.57864869e-01 1.08338058e-01
    3.44266832e-01 5.11413157e-01 9.93505359e-01 4.34989780e-01
    9.56938863e-01 1.27389371e-01 7.51683295e-01 7.06100047e-01
    2.70780325e-02 9.08094764e-01 5.67782760e-01 2.02461660e-01
    2.43573993e-01 4.79299784e-01 5.72520673e-01 6.89425588e-01
    1.80356443e-01 8.65239203e-01 5.49128294e-01 8.10016751e-01
    1.63848460e-01 1.41073912e-01 2.34044194e-02 9.66229796e-01
    1.59714848e-01 3.08772951e-01 6.80287898e-01 8.12303901e-01
    8.46378863e-01 1.01287365e-02 8.12716842e-01 5.46493113e-01
    5.96437097e-01 5.53424418e-01 7.48541772e-01 8.18932831e-01
    8.55624974e-02 2.55681336e-01 6.21238232e-01 5.16373694e-01
    4.83551383e-01 4.09782946e-01 7.73034394e-02 3.91279429e-01
    3.32817525e-01 5.71168542e-01 2.92271972e-01 2.69191504e-01
    3.13125014e-01 3.33282173e-01 4.56964403e-01 4.00702715e-01
    4.22444552e-01 7.92742848e-01 4.45130706e-01 1.15731657e-02
    6.98001564e-01 1.32447302e-01 3.37511331e-01 1.15068913e-01
    1.28582120e-01 2.13862985e-01 1.34252697e-01 2.15467393e-01
    4.70387369e-01 6.22675657e-01 1.49642050e-01 3.76723826e-01
    7.43399978e-01 2.49442965e-01 1.83252275e-01 8.37329865e-01
    9.66286719e-01 2.30038255e-01 7.78571725e-01 5.29218256e-01
    8.49019468e-01 4.33654606e-01 1.60754919e-01 5.86494386e-01
    1.93625987e-01 6.15715921e-01 7.71912336e-01 1.49526983e-01
    4.57876921e-03 7.73286402e-01 7.10638106e-01 3.65952194e-01
    1.57554775e-01 9.94083881e-02 7.99970627e-01 2.15836763e-02
    4.09280330e-01 7.61681616e-01 7.54847527e-02 4.12110806e-01
    1.40110552e-02 1.68014377e-01 5.82460165e-01 4.58885431e-01
    2.80833781e-01 9.44021344e-02 3.32138956e-01 5.45007527e-01
    2.17912018e-01 5.62744737e-01 9.73023057e-01 8.96954954e-01
    4.47782636e-01 3.66408825e-02 8.42595696e-01 7.93689251e-01
    7.49505997e-01 2.86917746e-01 5.77885270e-01 7.53872514e-01
    1.80154413e-01 5.81188917e-01 7.33636260e-01 7.42468297e-01
    4.02784318e-01 3.84912461e-01 6.38038099e-01 8.26625347e-01
    8.43719840e-01 8.15375209e-01 5.34996033e-01 4.73439246e-01
    2.25964695e-01 2.94344246e-01 9.00156915e-01 7.92656362e-01
    6.96139753e-01 6.41256273e-01 6.31392896e-01 5.74592113e-01
    5.77753365e-01 5.34301698e-02 3.53093624e-01 2.09027678e-01
    7.71828413e-01 3.38423252e-02 2.45731473e-01 2.01539397e-02
    8.76449049e-02 5.09368658e-01 1.62853420e-01 7.24565804e-01
    1.33909672e-01 1.97698534e-01 8.19771767e-01 9.87646699e-01
    8.12229931e-01 3.80806655e-01 3.76653224e-01 7.98609495e-01
    1.71800494e-01 2.43703604e-01 6.53918624e-01 8.74858618e-01
    9.26860392e-01 5.83936989e-01 6.48088336e-01 5.37984073e-01
    2.67654359e-01 7.01526880e-01 8.54030550e-01 8.19497943e-01
    9.16244745e-01 9.57301795e-01 8.98651719e-01 3.01262379e-01
    1.36384010e-01 8.21482420e-01 6.47631049e-01 5.36044121e-01
    3.45910341e-01 7.75841236e-01 9.80548263e-01 7.86351919e-01
    7.75851011e-01 5.29006183e-01 3.53771895e-01 2.31684446e-01
    3.27917099e-01 3.31183195e-01 6.68080926e-01 7.37987578e-01
    5.21429956e-01 7.46351659e-01 7.61415601e-01 4.59176660e-01
    5.55062532e-01 8.46886635e-01 8.92065406e-01 6.07174397e-01
    4.91550565e-03 3.95777702e-01 2.72613615e-01 6.43946826e-01
    4.12360668e-01 7.39259720e-01 6.00747228e-01 3.37351471e-01
    7.96831727e-01 7.31518269e-01 8.28590512e-01 5.57612777e-01
    2.93764949e-01 5.37116110e-01 3.60441327e-01 5.38320959e-01
    8.76613736e-01 4.28539097e-01 1.62188768e-01 3.31996828e-01
    5.31813800e-01 1.39303535e-01 3.19014013e-01 2.19933599e-01
    6.92339540e-01 9.60676432e-01 5.53441942e-02 3.28565896e-01
    9.45895553e-01 6.46681905e-01 4.27140117e-01 4.63624656e-01
    7.52845466e-01 3.48590910e-01 1.58823520e-01 7.52628744e-01
    9.12777007e-01 2.74490714e-01 5.66664338e-02 5.60008526e-01
    6.56760037e-01 1.48264080e-01 6.38890445e-01 6.50987446e-01
    8.81458521e-02 6.02897227e-01 8.53377938e-01 6.11419082e-02
    5.15977502e-01 3.53136450e-01 2.29293048e-01 2.91588128e-01
    4.98335093e-01 2.55214453e-01 8.65589499e-01 6.77645683e-01
    6.04156375e-01 2.60965198e-01 8.42122197e-01 8.24721813e-01
    6.16933525e-01 3.95576566e-01 5.06839931e-01 2.46065319e-01
    7.26488233e-02 9.34394717e-01 9.52381730e-01 3.61648798e-01
    9.54702020e-01 1.77358031e-01 5.38349450e-02 5.39661288e-01
    5.04452646e-01 1.00370258e-01 1.04435056e-01 6.54074848e-01
    6.50522590e-01 9.69170213e-01 7.39167511e-01 9.47069705e-01
    2.51684248e-01 5.23871064e-01 5.70099354e-01 9.12045360e-01
    4.66857851e-02 4.66815710e-01 7.72073269e-02 3.94888878e-01
    2.40493208e-01 1.31304950e-01 6.32858157e-01 7.40979016e-02
    4.42133993e-01 1.17749125e-01 2.80546516e-01 3.91213298e-02
    9.48694050e-02 6.20837569e-01 2.04114854e-01 1.39576674e-01
    6.52331829e-01 1.52267724e-01 4.73488778e-01 7.65967369e-01
    4.60976481e-01 7.86796331e-01 8.95158768e-01 8.38279188e-01
    5.03860950e-01 4.12106901e-01 4.85838145e-01 6.82124794e-02
    2.05827117e-01 2.79004455e-01 6.36609077e-01 9.99181032e-01
    9.60857034e-01 2.06939548e-01 8.35378528e-01 4.16688859e-01
    2.15089858e-01 4.44697708e-01 2.99841702e-01 1.23324722e-01
    1.55405372e-01 7.09562302e-02 8.20903420e-01 7.73502409e-01
    5.82380712e-01 5.37047148e-01 2.82502323e-01 6.52566791e-01
    4.43161517e-01 9.89298105e-01 2.58441925e-01 1.39249504e-01
    6.61920011e-01 3.88695776e-01 5.14355719e-01 7.41999805e-01
    2.28425384e-01 9.49404597e-01 8.84256124e-01 5.09931564e-01
    7.72219002e-01 1.21236145e-01 3.82045925e-01 7.26008713e-01
    9.11907792e-01 3.62218350e-01 8.44142318e-01 2.04663843e-01
    8.30811560e-01 7.63882399e-01 4.20075357e-02 9.10879016e-01
    2.48526365e-01 5.55358708e-01 5.67733169e-01 4.30452168e-01
    5.97311854e-01 1.39966905e-01 8.31457853e-01 6.93772316e-01
    7.83350885e-01 6.81900561e-01 4.13244903e-01 7.82421947e-01
    7.88630724e-01 4.70736325e-02 1.49927616e-01 1.53175473e-01
    1.26389802e-01 5.16514182e-01 9.77931023e-02 7.21033812e-01
    3.45656335e-01 1.19776309e-01 9.62015867e-01 9.26524341e-01
    2.49700040e-01 6.14160895e-01 5.46854258e-01 8.83978486e-01
    5.03761888e-01 9.07353520e-01 9.69425142e-01 3.56719106e-01
    1.88165128e-01 7.14117348e-01 6.34244919e-01 7.19899654e-01
    6.22266948e-01 6.55193806e-01 6.81629539e-01 1.85589612e-01
    4.43227619e-01 7.97259092e-01 8.55628490e-01 5.90475500e-01
    7.43603766e-01 4.71675009e-01 9.61870193e-01 7.56500065e-01
    9.37553287e-01 8.82281363e-02 4.58514124e-01 5.90697587e-01
    2.40786135e-01 5.39912581e-02 6.42364442e-01 7.83717096e-01
    8.24777544e-01 1.63124502e-01 3.80071729e-01 9.60336328e-01
    3.74173313e-01 4.78752226e-01 1.69134736e-02 4.15695012e-01
    7.32401907e-01 5.25407195e-02 1.63709462e-01 5.23208976e-02
    4.75406200e-01 3.59064043e-01 4.09117043e-02 1.50270611e-01
    3.54039252e-01 7.38703012e-02 6.63915932e-01 8.04886699e-01
    2.60186106e-01 4.40847158e-01 5.09653926e-01 2.39899844e-01
    6.07701540e-01 8.58377218e-01 3.48950744e-01 5.66479802e-01
    9.88078237e-01 5.92628181e-01 4.25611436e-02 4.39838827e-01
    1.42115384e-01 5.10246217e-01 1.59168750e-01 4.62647438e-01
    7.07408667e-01 5.53104877e-01 2.07006037e-01 5.20847201e-01
    9.48675871e-02 6.26204550e-01 3.25692832e-01 1.71676666e-01
    6.60339594e-01 4.75287586e-01 8.49390507e-01 9.96152282e-01
    4.62631762e-01 2.46858120e-01 2.41069764e-01 4.63603139e-01
    5.82029045e-01 1.53249055e-01 2.76305795e-01 9.93560255e-01
    3.39353055e-01 4.23409313e-01 1.04507625e-01 9.11570191e-01
    2.38836110e-01 6.30893350e-01 3.74537408e-01 3.52061480e-01
    2.33743489e-01 1.44646019e-01 5.42665362e-01 1.25070721e-01
    9.69677687e-01 5.75897336e-01 8.98777425e-01 4.27722931e-02
    1.48519099e-01 8.76921296e-01 7.19778419e-01 4.11457807e-01
    7.01094627e-01 5.45964837e-01 3.88671219e-01 3.60386670e-01
    9.83551145e-02 8.41105282e-02 6.59022272e-01 8.93990517e-01
    1.48908496e-01 4.55684543e-01 8.80113244e-03 7.21971095e-02
    5.94140887e-01 2.99209297e-01 6.05513930e-01 2.86136180e-01
    7.79368281e-01 1.24814570e-01 8.74608099e-01 7.02494800e-01
    3.29932392e-01 9.19301391e-01 6.20688736e-01 1.58607185e-01
    9.19996500e-02 1.22041553e-01 8.79542828e-01 1.89503044e-01
    2.08448321e-01 2.56314278e-01 5.40727437e-01 3.98850560e-01
    7.89678097e-01 4.51608300e-02 2.57970631e-01 5.02752066e-01
    7.68096149e-02 1.05906993e-01 8.37853253e-02 9.75912452e-01
    1.17524326e-01 2.27908105e-01 8.66866827e-01 8.84821057e-01
    5.96495211e-01 1.15987718e-01 9.96961474e-01 7.51266539e-01
    5.98243594e-01 5.87938130e-01 1.02685392e-01 2.00574875e-01
    5.24246454e-01 6.66740775e-01 7.53017664e-02 2.05085158e-01
    4.92268741e-01 2.27115750e-01 1.47887141e-01 4.38964367e-03
    3.34453762e-01 5.67321479e-01 6.13055766e-01 9.76222038e-01
    5.38211584e-01 2.10150182e-01 9.71197963e-01 8.60023379e-01
    4.22795445e-01 6.47663116e-01 2.44523585e-02 3.60797167e-01
    2.42830127e-01 8.23687196e-01 4.48822975e-02 8.07648122e-01
    8.60863209e-01 8.06192040e-01 5.48357725e-01 4.72157121e-01
    2.84378856e-01 4.82549697e-01 3.31432015e-01 7.80076265e-01
    7.11163580e-02 4.04083997e-01 1.23571664e-01 8.71218324e-01
    3.42291236e-01 7.75592804e-01 1.12289399e-01 4.76870507e-01
    6.30580306e-01 5.17859697e-01 5.66311777e-01 3.16736102e-02
    1.49720669e-01 5.44647634e-01 8.49482536e-01 6.68307602e-01
    3.35851789e-01 7.86283374e-01 1.27078891e-01 8.10591340e-01
    1.22699112e-01 5.76315820e-01 2.72324145e-01 5.67094088e-01
    1.86130971e-01 3.55011940e-01 7.74087548e-01 6.24952555e-01
    9.51849341e-01 2.93926597e-02 2.99204707e-01 6.26888454e-01
    9.09956455e-01 6.63916945e-01 1.30437493e-01 6.15432739e-01
    6.33242726e-03 9.53566313e-01 6.95899069e-01 3.89727801e-01
    1.89352781e-01 6.41142130e-01 5.81430674e-01 8.29800248e-01
    6.19431138e-01 2.04226375e-03 8.21581006e-01 2.66615510e-01
    4.68912631e-01 9.16062355e-01 3.75438452e-01 4.27934587e-01
    4.46680188e-02 5.56571841e-01 5.49534857e-02 4.02288705e-01
    3.98399174e-01 2.11247891e-01 1.85589552e-01 7.09202647e-01
    8.79069805e-01 4.64379519e-01 9.53900695e-01 3.24398726e-01
    2.79780000e-01 6.99309409e-02 7.93633342e-01 9.61432278e-01
    9.15690064e-01 4.32220072e-01 9.62600589e-01 6.56847954e-01
    3.01747739e-01 2.69605577e-01 9.79104042e-01 5.84186256e-01
    6.67910933e-01 4.49904174e-01 9.72178936e-01 8.08985233e-01
    9.51177418e-01 3.52748573e-01 4.83795583e-01 2.34417349e-01
    3.86635602e-01 9.12699163e-01 5.17880082e-01 3.35896909e-02
    3.13844740e-01 5.10822356e-01 4.93603855e-01 3.88976097e-01
    6.25312984e-01 2.86629200e-02 4.02206451e-01 6.17485881e-01
    8.74856114e-01 1.63686365e-01 5.09133637e-01 5.96432030e-01
    2.28511781e-01 8.61721754e-01 7.47861862e-01 8.23892057e-02
    1.27665758e-01 4.72472489e-01 3.48646760e-01 1.04106039e-01
    5.39378762e-01 2.97334611e-01 3.35256279e-01 2.39262670e-01
    2.69619554e-01 1.14907622e-02 6.97796524e-01 3.75052094e-02
    8.17300200e-01 1.26630932e-01 7.85852432e-01 9.52935815e-01
    4.10951227e-01 8.05129051e-01 3.58057827e-01 8.56383145e-02
    9.73591626e-01 1.55036449e-01 1.64175510e-01 6.58132255e-01
    9.44252253e-01 7.98843145e-01 1.80928767e-01 6.56592965e-01
    2.59419054e-01 7.77886271e-01 7.68155515e-01 5.25510192e-01
    4.80045050e-01 8.05564046e-01 6.56746268e-01 3.41718137e-01
    9.36714232e-01 5.76193035e-01 8.11090231e-01 9.24270391e-01
    7.05562830e-01 7.46197343e-01 4.05522496e-01 7.20060706e-01
    6.39733374e-01 4.39887971e-01 3.56022865e-01 3.76605392e-02
    4.69869584e-01 3.84781063e-01 9.77071643e-01 1.95516169e-01
    7.27673471e-02 3.68982762e-01 2.52428353e-01 1.51197016e-01
    7.46689796e-01 2.48399764e-01 5.13476312e-01 1.05831712e-01
    7.53209114e-01 3.32078338e-02 8.35536897e-01 7.67880678e-01
    1.46793306e-01 3.65315467e-01 6.60914302e-01 7.21496642e-02
    3.75883341e-01 4.30885255e-01 3.90496016e-01 3.41052532e-01
    1.61733478e-01 9.15957808e-01 7.59361684e-02 8.29544663e-01
    9.19299603e-01 5.23604989e-01 9.72165346e-01 4.93097961e-01
    7.65506625e-02 4.23233509e-02 7.25700736e-01 8.58137608e-02
    3.61914933e-02 7.93741345e-01 9.54310298e-01 3.36528033e-01
    2.03867406e-01 6.27696216e-01 2.35537380e-01 5.56021929e-04
    1.77219063e-01 7.44752705e-01 5.71150184e-01 3.39890301e-01
    7.40587950e-01 9.83040035e-02 6.17400110e-01 9.75118160e-01
    2.92127371e-01 4.55117345e-01 2.44324178e-01 9.26991045e-01
    7.54201174e-01 2.98332065e-01 4.81220186e-01 5.43136060e-01
    5.90797365e-02 1.57891303e-01 1.42193526e-01 9.05454755e-02
    1.66634291e-01 9.76687372e-01 3.70595068e-01 5.10866940e-01
    7.58485973e-01 6.25761628e-01 5.30183256e-01 3.68680477e-01
    6.04013026e-01 5.04366815e-01 9.48109925e-02 4.18459445e-01
    7.86168933e-01 2.89506763e-01 4.64288354e-01 8.20473790e-01
    8.25451910e-02 5.74619412e-01 8.65429640e-02 1.19124144e-01
    6.01577520e-01 1.47722661e-01 1.31222486e-01 8.62298548e-01
    5.73358893e-01 7.64736116e-01 3.00182819e-01 5.69744706e-01
    4.13963914e-01 9.87278998e-01 8.83109212e-01 8.31075668e-01
    3.44068885e-01 8.23987544e-01 6.16507173e-01 3.39110643e-01
    1.70176089e-01 6.69230640e-01 6.01762295e-01 4.09315109e-01
    5.28575599e-01 9.68952954e-01 3.70017827e-01 2.37957746e-01
    1.94385648e-03 6.26245618e-01 1.72522485e-01 8.00707042e-01
    6.49523914e-01 9.16116476e-01 1.34295046e-01 3.04270685e-02
    6.27359152e-01 4.06355947e-01 1.36940420e-01 6.79813981e-01
    2.73035347e-01 1.51815563e-01 4.40626591e-01 5.67682624e-01
    5.30544221e-01 8.67933154e-01 1.92527235e-01 2.33854234e-01
    5.54109693e-01 4.77299750e-01 1.24951512e-01 6.96359158e-01
    7.60094762e-01 5.75496256e-01 8.05989742e-01 5.98217189e-01
    1.34368747e-01 4.61736172e-01 4.47379649e-01 7.69405067e-01
    1.75883979e-01 6.90845370e-01 8.30862939e-01 3.48831117e-02
    7.04345345e-01 9.35300350e-01 2.19894826e-01 6.76506639e-01
    3.37964892e-02 1.69546008e-02 2.25316703e-01 1.97993815e-01
    6.35597169e-01 2.89529264e-02 4.32936847e-02 6.86390042e-01
    8.50747347e-01 4.38717216e-01 9.51819599e-01 2.33772695e-02
    9.07796144e-01 1.56833261e-01 9.41832364e-02 3.47370803e-02
    4.49323446e-01 8.82428408e-01 1.95770144e-01 7.52537966e-01
    3.64387929e-01 6.90060318e-01 2.67565846e-01 1.54955268e-01
    8.94844532e-02 1.66659266e-01 9.03836012e-01 9.96529579e-01
    2.82830358e-01 9.75766420e-01 2.55083352e-01 3.57378453e-01
    2.59996772e-01 7.92543650e-01 2.77665734e-01 3.91694456e-01
    7.21622825e-01 8.91567051e-01 6.54926002e-01 9.09906864e-01
    3.50662887e-01 3.10696632e-01 3.40676606e-01 4.07542765e-01
    1.36071593e-01 6.78487301e-01 4.74532276e-01 8.53463948e-01
    1.41117662e-01 3.44001055e-01 3.19238544e-01 2.34516919e-01
    2.47505367e-01 7.62858272e-01 9.17860746e-01 2.77726144e-01
    1.88304722e-01 8.91740799e-01 3.60476494e-01 1.23889774e-01
    8.13446760e-01 5.84962487e-01 6.84687495e-03 3.96825820e-01
    1.64886326e-01 8.45146179e-03 2.15671062e-01 2.02585578e-01
    2.79173613e-01 6.68802559e-01 8.33218992e-01 1.00348026e-01
    1.58109277e-01 6.43290579e-01 6.24220431e-01 9.19844270e-01
    3.30352187e-01 6.78734899e-01 7.88664222e-01 6.69880152e-01
    4.73378897e-02 7.90722728e-01 7.41066098e-01 6.73779905e-01
    2.94232577e-01 9.62650061e-01 6.99378967e-01 8.67705405e-01
    7.86480308e-02 2.18648732e-01 2.26971507e-02 9.60259080e-01
    2.28443712e-01 5.73191643e-02 5.84434211e-01 8.40982318e-01
    3.58776748e-02 5.85070074e-01 8.15059483e-01 1.72243685e-01
    5.99594295e-01 7.30042815e-01 8.76899779e-01 9.32588935e-01
    5.29142559e-01 2.67520487e-01 9.04641986e-01 8.14344764e-01
    4.22709525e-01 1.33715272e-01 8.27246428e-01 1.86437190e-01
    8.60164404e-01 8.28260064e-01 5.70093632e-01 9.80894506e-01
    8.63517821e-01 1.61558121e-01 7.87094116e-01 4.89808053e-01
    2.46788949e-01 4.07720178e-01 3.14421892e-01 4.29839164e-01
    4.20972407e-02 4.45072979e-01 4.48634535e-01 8.86766195e-01
    8.64504695e-01 2.37738967e-01 7.20548928e-02 5.44836223e-01
    2.54843771e-01 4.48406339e-01 3.84626806e-01 8.53781462e-01
    4.41269368e-01 2.53341794e-02 2.31194317e-01 5.60780168e-01
    8.95935535e-01 7.47483313e-01 4.56631273e-01 4.55015779e-01
    6.66013062e-01 1.80164635e-01 6.87028825e-01 5.03994644e-01
    1.89134032e-01 2.24087358e-01 6.63946033e-01 8.08698058e-01
    2.35974133e-01 1.37404859e-01 9.47505236e-02 5.94826818e-01
    3.06791961e-01 4.61973548e-01 4.27478313e-01 1.06910765e-01
    3.35730851e-01 9.69870687e-01 5.85624099e-01 6.93453729e-01
    7.01405525e-01 5.07953584e-01 7.32587337e-01 6.20748460e-01
    4.67727780e-02 1.40496969e-01 5.80997646e-01 1.94080234e-01
    9.09325004e-01 3.00236225e-01 4.41537917e-01 4.67738837e-01
    6.66642606e-01 9.44584429e-01 4.38362777e-01 8.45106244e-02
    8.54704380e-01 6.06620908e-01 8.00486267e-01 6.07903421e-01
    8.25357020e-01 7.22255647e-01 7.66622424e-01 9.71636534e-01
    3.33870947e-02 3.55891913e-01 1.87524855e-02 4.95917201e-02
    3.91656727e-01 9.47540879e-01 2.64240861e-01 3.13369721e-01
    4.46043074e-01 9.08436179e-02 6.15926206e-01 9.46678877e-01
    2.53301144e-01 3.63306940e-01 7.62070954e-01 9.90194917e-01
    7.86413312e-01 7.84030914e-01 7.53353715e-01 9.86173034e-01
    4.43825305e-01 9.47872043e-01 8.24989200e-01 1.44251943e-01
    1.66621119e-01 8.21541786e-01 8.90476406e-01 8.92447948e-01
    2.65980840e-01 3.13166797e-01 2.04077929e-01 5.69742024e-01
    4.81373757e-01 6.40726745e-01 7.62512445e-01 8.45906734e-01
    4.89729345e-02 9.56687033e-01 1.37555480e-01 5.22338331e-01
    6.32168174e-01 9.00243223e-02 6.45180464e-01 3.97806585e-01
    2.41399616e-01 2.79822320e-01 6.37557268e-01 4.14583296e-01
    8.29400063e-01 1.87304020e-01 1.46004856e-01 6.63521171e-01
    9.27248120e-01 7.95871019e-02 7.18592823e-01 7.09739923e-02
    6.68123424e-01 2.36639559e-01 6.24987304e-01 3.61080736e-01
    8.03543329e-02 3.09076548e-01 5.37744164e-02 2.55498499e-01
    9.41047907e-01 4.68917102e-01 7.44763732e-01 1.48129523e-01
    6.03936315e-01 4.08252418e-01 4.43111062e-02 4.54989195e-01
    1.67287588e-02 9.42394614e-01 8.66913676e-01 6.75692022e-01
    6.47488356e-01 1.70798570e-01 8.91967356e-01 6.40143156e-02
    3.07613969e-01 6.30036592e-02 2.31354654e-01 9.27880883e-01
    8.27468038e-02 2.94088125e-01 4.72297043e-01 8.35557640e-01
    2.84262002e-02 9.40133274e-01 8.71646523e-01 2.03860104e-02
    4.73692119e-02 1.87126279e-01 9.02126133e-02 7.00531721e-01
    8.79423261e-01 4.78871852e-01 3.28231096e-01 4.07420903e-01
    4.40739930e-01 1.51198149e-01 4.52096403e-01 1.97401017e-01
    6.94662452e-01 9.04398918e-01 2.20283270e-01 6.83117390e-01
    1.73515528e-01 9.88214731e-01 4.07297581e-01 3.02205563e-01
    3.38270605e-01 5.78580320e-01 4.58291411e-01 2.22687393e-01
    8.16113770e-01 7.32025087e-01 2.64602214e-01 5.43266237e-01
    9.84332502e-01 4.80639458e-01 4.91684884e-01 9.29133296e-01
    8.61999869e-01 9.02784824e-01 4.58059520e-01 6.85530782e-01
    5.07883430e-01 4.67844903e-01 3.43348444e-01 6.41583323e-01
    4.40821230e-01 7.16431320e-01 6.09890163e-01 3.57142985e-02
    2.82087415e-01 6.19196892e-01 4.18356299e-01 6.30580783e-01
    5.28130770e-01 3.38606209e-01 3.00151587e-01 6.51775777e-01
    9.17393804e-01 9.42835331e-01 1.39450431e-02 3.08753073e-01
    7.80311584e-01 9.27309155e-01 1.34002477e-01 2.48345256e-01
    5.43831229e-01 4.68948364e-01 8.94602120e-01 1.20333880e-01
    2.89699256e-01 8.24251890e-01 3.58698249e-01 2.22527981e-01
    1.75333619e-02 4.68984842e-02 3.60746235e-01 1.12115502e-01
    5.06736755e-01 3.52167487e-02 4.20066088e-01 1.01939052e-01
    5.60018599e-01 6.27118945e-02 2.58473158e-02 8.58647823e-01
    9.17273521e-01 1.75128728e-01 9.15566564e-01 9.01444077e-01
    7.58756995e-01 6.22029722e-01 8.32100630e-01 6.05069339e-01
    4.65209037e-01 2.42450476e-01 7.45207429e-01 2.48631716e-01
    4.60440934e-01 6.15071654e-01 1.53760672e-01 8.37554455e-01
    7.00553358e-01 5.47305226e-01 1.04666322e-01 6.05586171e-03
    2.07162946e-01 4.76659209e-01 5.68631649e-01 2.67538965e-01
    2.78519154e-01 7.89001644e-01 6.44393742e-01 3.03733349e-01
    1.18781775e-01 5.08031726e-01 3.82705718e-01 8.12182188e-01
    2.51295328e-01 8.91127408e-01 8.34328115e-01 8.69614005e-01
    4.31682169e-01 3.47672760e-01 2.22340554e-01 3.20173800e-01
    8.91720593e-01 3.97519052e-01 5.19977391e-01 1.32421911e-01
    2.92154163e-01 2.40536213e-01 7.23407269e-02 6.34336054e-01
    2.31309175e-01 5.88269651e-01 8.96737456e-01 3.79791021e-01
    4.86632526e-01 9.01881218e-01 8.24060082e-01 6.44753039e-01
    4.75171417e-01 8.89471233e-01 5.23793876e-01 3.30832928e-01
    4.45384502e-01 1.98707849e-01 2.74287373e-01 8.71858716e-01
    5.14604807e-01 4.63153213e-01 7.09009528e-01 6.05309725e-01
    1.79604203e-01 4.61903840e-01 1.24478400e-01 5.58605075e-01
    7.06833541e-01 1.71391785e-01 4.49252903e-01 4.58992034e-01
    3.57871562e-01 5.28886437e-01 4.19224650e-01 6.87109768e-01
    9.55747843e-01 6.36588752e-01 3.97725999e-02 4.78742719e-02
    8.61311793e-01 8.80183697e-01 6.99404776e-01 2.43616879e-01
    5.65873504e-01 1.54030859e-01 2.43723303e-01 4.70128477e-01
    2.58235931e-02 7.96462893e-01 4.02643293e-01 7.86286592e-01
    3.24928343e-01 6.10903203e-02 3.07756305e-01 1.59798503e-01
    2.44375467e-01 9.97006297e-02 4.96967077e-01 7.67409325e-01
    6.97838306e-01 3.43617231e-01 4.35270071e-02 9.66616869e-01
    6.09735191e-01 1.09731734e-01 7.06065118e-01 1.57978058e-01
    7.95221090e-01 9.61216986e-01 5.97039104e-01 9.79730546e-01
    2.35241145e-01 8.05813551e-01 1.08682811e-02 9.01714861e-01
    2.64956474e-01 1.48229897e-02 5.68390310e-01 2.96127617e-01
    1.78456396e-01 4.88160908e-01 4.49764729e-03 5.98502576e-01
    5.57283163e-01 5.47728539e-02 5.52271664e-01 2.71357715e-01
    7.27446198e-01 8.15609396e-02 1.46328390e-01 6.21969998e-01
    9.85292315e-01 1.95975363e-01 3.87136072e-01 8.60904753e-01
    7.96711087e-01 2.11235672e-01 8.67022276e-02 9.71534491e-01
    9.30600166e-01 1.53405935e-01 5.82469463e-01 7.67598331e-01
    8.81809592e-02 4.63785648e-01 6.30459309e-01 3.19328249e-01
    5.69272041e-03 5.20010054e-01 1.06871903e-01 6.85530245e-01
    5.86815774e-02 8.68169010e-01 2.36595482e-01 7.47388780e-01
    3.86991024e-01 8.77213955e-01 6.96087360e-01 7.76327848e-01
    3.77395391e-01 9.62176502e-01 6.20468438e-01 5.67036390e-01
    1.44953191e-01 8.96054864e-01 5.02965033e-01 7.82459140e-01
    7.46529818e-01 2.28250772e-01 5.03532887e-01 2.76031077e-01
    9.68529940e-01 8.15449715e-01 3.77639532e-02 3.28303218e-01
    6.73196197e-01 6.78583503e-01 9.64920878e-01 7.21771419e-01
    8.75357866e-01 3.89436007e-01 5.75323105e-01 3.95723403e-01
    5.02557158e-01 5.40815830e-01 3.22329521e-01 1.49669558e-01
    5.65808773e-01 7.73598075e-01 7.72600174e-01 2.06356525e-01
    7.35128880e-01 9.03885245e-01 6.73138797e-01 1.25595778e-01
    5.20224273e-01 7.48659730e-01 4.92802501e-01 8.46057415e-01
    2.45589048e-01 6.40898764e-01 4.24628228e-01 8.26963544e-01
    1.80617958e-01 6.32410347e-02 8.90150785e-01 6.12311721e-01
    1.37661546e-01 8.02096844e-01 1.99072331e-01 3.00606430e-01
    5.65337241e-01 3.57335746e-01 5.13287067e-01 6.13462806e-01
    3.96850079e-01 5.27685642e-01 4.19354022e-01 2.93553352e-01
    2.54000306e-01 4.09425914e-01 8.23423326e-01 9.11173105e-01
    6.89849615e-01 4.19382036e-01 4.32799965e-01 3.56938243e-02
    6.63709998e-01 2.01859802e-01 9.94704366e-01 7.20984936e-02
    3.11062902e-01 8.82574916e-02 2.20400572e-01 9.04383659e-01
    7.06622720e-01 7.57548809e-01 2.70467937e-01 7.07851410e-01
    7.27847755e-01 1.32965267e-01 4.17670995e-01 6.24470830e-01
    6.16974771e-01 6.08373284e-02 9.94405568e-01 7.55555868e-01
    3.57342124e-01 4.64689732e-01 9.86887574e-01 3.94342959e-01
    3.68634164e-02 3.73993814e-01 5.56827724e-01 5.55741310e-01
    2.43643939e-01 8.28131735e-02 9.64393020e-02 3.88972223e-01
    4.48012978e-01 6.27416015e-01 6.96662307e-01 9.92163718e-01
    8.17532539e-01 7.91910887e-01 6.08058274e-01 8.55152369e-01
    9.94779944e-01 9.42585409e-01 6.70683086e-02 1.67566955e-01
    3.52629185e-01 7.26601183e-02 1.71520025e-01 6.46549225e-01
    7.54497290e-01 2.79268682e-01 7.40913391e-01 9.33686256e-01
    2.34670818e-01 8.23586583e-01 5.01722097e-02 9.61612821e-01
    4.89006490e-01 6.23769939e-01 8.53083611e-01 3.77776831e-01
    9.79600787e-01 8.04242849e-01 1.50114030e-01 9.69787002e-01
    2.58123070e-01 4.34231162e-02 6.72317028e-01 5.91137350e-01
    9.40437198e-01 1.64347947e-01 6.50735378e-01 7.19219267e-01
    9.85974789e-01 9.08893347e-01 5.47588050e-01 1.90258175e-01
    4.29801047e-01 8.82481337e-01 1.77626312e-02 2.20500082e-01
    2.73080140e-01 8.11825871e-01 2.92273402e-01 2.32432872e-01
    4.41837609e-01 9.34463859e-01 7.41459370e-01 8.76799703e-01
    3.65667760e-01 1.10511720e-01 7.49107122e-01 7.72899389e-02
    4.24487889e-01 1.14836246e-01 8.67968321e-01 8.48726571e-01
    6.97564125e-01 4.07341331e-01 2.17311531e-01 1.75946027e-01
    2.74298400e-01 9.59532857e-01 1.67657703e-01 4.32109833e-02
    7.21242309e-01 2.32259035e-02 5.88561893e-01 5.60039282e-03
    4.82592523e-01 9.35648978e-01 6.06006980e-02 1.61635429e-01
    8.18354130e-01 2.79553980e-01 5.70330739e-01 3.91077340e-01
    6.46822751e-02 1.52035922e-01 9.96200800e-01 7.90411532e-01
    6.41117811e-01 2.96214581e-01 3.22930396e-01 5.63229620e-01
    7.65220046e-01 1.08552426e-01 9.00401890e-01 2.66394615e-02
    2.48118699e-01 9.60800171e-01 1.98858082e-02 4.13975894e-01
    7.07862079e-01 2.17913806e-01 4.20026064e-01 1.94733322e-01
    7.30559587e-01 1.07153654e-02 5.98199129e-01 2.78307140e-01
    2.26034224e-01 3.91224027e-01 2.37379879e-01 8.26807320e-01
    8.13776374e-01 4.54144895e-01 2.25231498e-01 3.67149889e-01
    6.95640743e-01 4.61555332e-01 5.75822830e-01 9.32121038e-01
    4.48685944e-01 2.20508456e-01 7.23049641e-01 2.22348839e-01
    8.30064058e-01 2.59648442e-01 7.62968004e-01 6.79530442e-01
    5.35638332e-02 5.84126234e-01 9.77288008e-01 9.85543549e-01
    9.49196458e-01 8.87717247e-01 1.02461994e-01 5.88325977e-01
    6.36686146e-01 4.81971622e-01 2.42531300e-03 6.80672526e-01
    4.02931839e-01 3.30311745e-01 5.73186278e-01 1.87548637e-01
    9.16917205e-01 5.50504982e-01 3.06172878e-01 8.53045225e-01
    6.64412081e-02 9.98606503e-01 1.70317024e-01 5.87665200e-01
    6.01081789e-01 5.77738404e-01 2.95000374e-01 2.11191863e-01
    6.71100140e-01 5.88267326e-01 9.67441082e-01 1.87835097e-02
    3.68924558e-01 3.84214878e-01 8.79609942e-01 4.90526915e-01
    9.09308255e-01 6.92722797e-02 5.50918400e-01 7.84065306e-01
    4.56292629e-01 7.53157496e-01 3.71114224e-01 9.62976456e-01
    5.50747812e-02 6.55008852e-02 9.48956847e-01 4.74161565e-01
    2.88737655e-01 1.92384213e-01 3.64388824e-01 2.55288184e-01
    4.48337436e-01 5.75672507e-01 7.03176737e-01 9.79315639e-01
    7.91613579e-01 3.81599367e-01 8.34486246e-01 1.82646215e-01
    2.40549505e-01 6.05347693e-01 2.96276450e-01 8.77571464e-01
    7.98597693e-01 3.90171677e-01 6.27083600e-01 9.56984520e-01
    8.92896533e-01 2.27405906e-01 4.84349608e-01 8.55555832e-02
    5.42164922e-01 3.85782033e-01 2.32795358e-01 2.52603531e-01
    6.71567202e-01 2.25668937e-01 4.17723984e-01 3.20374668e-01
    2.07095295e-01 3.87765110e-01 1.50391638e-01 3.62092197e-01
    8.99029970e-01 7.87605107e-01 4.97695208e-01 5.56176305e-02
    4.04661655e-01 8.33973050e-01 6.30415022e-01 6.16299272e-01
    5.65843642e-01 5.88474035e-01 3.47415149e-01 7.12916493e-01
    9.29361224e-01 1.00287199e-01 2.68311977e-01 1.31636560e-02
    9.51900899e-01 4.65683550e-01 7.91529596e-01 7.91469812e-01
    4.26556528e-01 2.44574368e-01 3.94438207e-02 9.99868989e-01
    7.86724508e-01 9.95185733e-01 5.66997230e-02 2.74375170e-01
    8.20327520e-01 2.76463985e-01 5.71370542e-01 1.00313663e-01
    3.74604762e-02 2.28686899e-01 2.68928409e-01 5.64739347e-01
    7.23668277e-01 5.69230437e-01 8.55041742e-01 1.31101221e-01
    1.57284468e-01 6.48033559e-01 8.46497357e-01 8.81700516e-02
    3.50385606e-01 7.15439439e-01 9.15971696e-01 5.82051396e-01
    8.70411396e-01 8.57594192e-01 8.79833579e-01 2.26339698e-02
    2.30337828e-01 7.50014424e-01 8.08613896e-02 8.19417000e-01
    7.37916291e-01 1.98197275e-01 2.09758967e-01 2.45358109e-01
    6.79095626e-01 3.04702818e-02 6.08028710e-01 9.68925059e-01
    7.81923711e-01 4.75772232e-01 6.67899549e-01 5.05798757e-01
    7.71219611e-01 7.06457615e-01 1.83948904e-01 5.56555331e-01
    4.50691313e-01 3.88743281e-02 2.75730312e-01 6.51712775e-01
    6.27501249e-01 9.38344479e-01 7.93923497e-01 5.33524692e-01
    6.86105192e-01 6.59273803e-01 4.90507871e-01 8.88685822e-01
    2.37696111e-01 5.21774948e-01 2.48008400e-01 3.40135753e-01
    1.25048041e-01 8.01853895e-01 2.88119882e-01 2.07145691e-01
    2.50908434e-01 5.53483963e-01 2.58701682e-01 4.78251129e-01
    7.73177147e-01 2.82451868e-01 6.18388712e-01 9.57937598e-01
    5.08493900e-01 9.57422256e-02 3.32892299e-01 8.45781088e-01
    1.34000480e-01 2.68863887e-01 3.79311025e-01 8.22796226e-01
    8.87347579e-01 1.85814500e-01 4.02011365e-01 2.68643677e-01
    1.35871261e-01 5.87769032e-01 2.90542215e-01 8.77348304e-01
    3.10476750e-01 3.76126766e-01 6.70033038e-01 1.51714742e-01
    9.26502049e-02 8.41355562e-01 5.43805599e-01 7.57565498e-01
    4.66244251e-01 6.11684144e-01 9.63777184e-01 8.87355804e-01
    1.26614541e-01 7.92703629e-01 7.81953096e-01 8.31716657e-01
    2.01093942e-01 2.57453918e-01 6.20085478e-01 4.16091353e-01
    1.30592048e-01 2.03477532e-01 2.07974195e-01 7.26444960e-01
    4.20100152e-01 9.43358898e-01 3.75941575e-01 7.92755306e-01
    3.33841980e-01 3.98297369e-01 4.17288452e-01 2.09340513e-01
    8.43653917e-01 8.49547744e-01 8.38092089e-01 6.25993490e-01
    1.89048231e-01 7.92576194e-01 4.30124372e-01 2.33633548e-01
    7.84194350e-01 1.83752835e-01 7.41057634e-01 5.92842638e-01
    8.94997478e-01 3.94240797e-01 4.90942776e-01 8.57355237e-01
    7.10797369e-01 7.14166224e-01 6.30028844e-01 8.15306306e-01
    9.12735105e-01 8.12065840e-01 5.88454783e-01 4.61702108e-01
    3.20910960e-01 9.25346375e-01 6.06743038e-01 6.67142272e-01
    3.58134270e-01 7.76408672e-01 1.37124747e-01 3.32391471e-01
    4.74694997e-01 1.16012961e-01 7.46670663e-02 8.67856026e-01
    6.50453508e-01 7.21803963e-01 6.62207603e-02 8.02879930e-01
    8.96637917e-01 9.36194897e-01 6.26775026e-02 4.31718051e-01
    3.18530798e-01 8.63865256e-01 8.07932556e-01 1.46318972e-02
    6.66410506e-01 3.31460595e-01 7.75131106e-01 5.19115865e-01
    6.75505400e-03 4.96046245e-02 3.50559115e-01 1.54606104e-01
    7.31023312e-01 4.27284986e-01 3.19667280e-01 5.20832837e-01
    9.53943729e-01 5.77894092e-01 9.25102890e-01 7.20096707e-01
    8.93196464e-02 2.39036977e-01 2.00377584e-01 4.46756631e-01
    1.82789952e-01 5.40646017e-01 4.90841806e-01 7.69829392e-01
    1.31099343e-01 5.78591883e-01 8.97077501e-01 2.30619073e-01
    7.10030615e-01 6.15968049e-01 7.31866241e-01 7.50376344e-01
    8.48870397e-01 4.45989370e-01 8.51163983e-01 5.51584065e-02
    1.65813029e-01 8.32153082e-01 8.74009490e-01 6.27165377e-01
    8.07741046e-01 9.28183556e-01 1.94347650e-01 2.18529761e-01
    9.44327772e-01 1.79561406e-01 2.21601456e-01 6.88880980e-02
    9.63061750e-02 7.73736000e-01 6.95827067e-01 9.60469306e-01
    8.17840219e-01 4.76723820e-01 4.14520949e-01 7.99773633e-01
    4.81272250e-01 7.36957431e-01 8.32902014e-01 7.34336197e-01
    4.28644061e-01 3.61396611e-01 8.30212712e-01 7.76535392e-01
    3.01218569e-01 3.33147019e-01 4.86350238e-01 2.30480582e-01
    1.53684258e-01 6.70981884e-01 7.22687840e-02 6.47462189e-01
    5.84240556e-01 9.18443263e-01 9.72622931e-02 7.00703800e-01
    5.73721886e-01 1.92507237e-01 2.73434043e-01 9.06881034e-01
    3.41559887e-01 6.98576331e-01 9.55048025e-01 2.47258663e-01
    9.27442670e-01 8.87486935e-01 5.47757268e-01 2.39794433e-01
    6.93367124e-01 2.01688588e-01 2.62722731e-01 7.28222191e-01
    1.26766592e-01 3.38555515e-01 4.72996384e-01 2.10778803e-01
    9.41958249e-01 6.42625809e-01 8.76427472e-01 3.60433459e-02
    1.99503094e-01 8.78378272e-01 8.67628336e-01 3.98494303e-01
    6.25370860e-01 3.08229744e-01 2.80487657e-01 7.42208898e-01
    9.91533637e-01 2.14283794e-01 1.50977582e-01 6.39213443e-01
    5.44725955e-01 9.47619319e-01 7.77777731e-02 8.07391286e-01
    6.89082503e-01 1.22324824e-02 5.44353962e-01 8.54666710e-01
    3.84503514e-01 8.02985847e-01 7.41725981e-01 6.47706866e-01
    5.33351004e-01 4.19124871e-01 1.08541757e-01 3.15189660e-02
    2.03880101e-01 5.26691139e-01 4.91796672e-01 3.27289522e-01
    6.07956231e-01 6.53641582e-01 8.45390439e-01 4.55048978e-01
    8.98400009e-01 3.34535837e-01 6.56838775e-01 8.65033507e-01
    5.24439692e-01 5.30234873e-01 3.90828341e-01 4.73022074e-01
    9.77205634e-01 5.02036989e-01 1.03399843e-01 1.84948117e-01
    2.15088904e-01 3.48475784e-01 6.29286289e-01 2.48256475e-01
    1.25670969e-01 9.46398020e-01 9.11877751e-01 6.90846682e-01
    4.79074001e-01 4.76862192e-02 6.71018243e-01 5.54935932e-01
    7.77307034e-01 1.67015493e-02 9.20456767e-01 1.33869886e-01
    8.69747937e-01 8.49585295e-01 3.96275759e-01 8.99108410e-01
    1.33186579e-03 5.28474987e-01 8.59739661e-01 6.20653927e-02
    2.74214536e-01 4.09015745e-01 7.96701133e-01 2.46506631e-02
    1.64577484e-01 2.58455515e-01 6.79846108e-02 1.16996020e-01
    7.31807888e-01 3.43106151e-01 4.41259563e-01 3.44864666e-01
    8.57153773e-01 4.21427101e-01 7.71348476e-01 9.45242167e-01
    3.42552811e-01 8.56780887e-01 1.64261550e-01 9.99324739e-01
    6.33807898e-01 6.76653743e-01 4.36722338e-01 7.87240863e-01
    6.29272223e-01 8.47289622e-01 3.87936711e-01 6.27900183e-01
    4.15398866e-01 9.18582916e-01 1.29863560e-01 2.81826854e-01
    3.95566046e-01 3.87420684e-01 5.18243015e-01 7.96512961e-01
    7.13569343e-01 9.86373663e-01 1.21449590e-01 2.63099253e-01
    9.23066139e-01 6.23995781e-01 9.96309280e-01 9.18064713e-01
    7.10775137e-01 8.32741261e-02 3.10914069e-01 7.38645792e-01
    2.97027171e-01 9.86393690e-01 1.55720264e-01 5.20400643e-01
    1.70425147e-01 3.71533394e-01 7.12101698e-01 7.95178413e-01
    6.03073776e-01 7.95498848e-01 3.81386757e-01 6.92572951e-01
    4.35459852e-01 1.60758466e-01 5.95289111e-01 6.42168939e-01
    5.88293016e-01 9.92240608e-01 7.00227857e-01 4.35070693e-01
    7.65333533e-01 4.55080688e-01 6.06507242e-01 1.07827008e-01
    2.39304036e-01 1.89751923e-01 4.62134004e-01 8.96834314e-01
    6.48499250e-01 3.10560465e-01 9.46333468e-01 9.64604855e-01
    4.53095496e-01 6.14499152e-01 6.86286807e-01 9.86118317e-02
    8.96632075e-01 4.71971929e-02 5.10138214e-01 3.75975668e-01
    2.44288921e-01 6.03888035e-01 2.48312145e-01 6.32558167e-02
    4.24395680e-01 3.27553958e-01 1.04597747e-01 8.03650141e-01
    9.39467430e-01 5.02731800e-02 2.13969171e-01 1.66562408e-01
    9.67973292e-01 7.47137010e-01 1.84564233e-01 3.23247612e-01
    2.67820239e-01 3.87665629e-03 3.77380282e-01 9.60733652e-01
    3.92128170e-01 8.68226647e-01 4.17237937e-01 6.98698997e-01
    6.00122511e-01 8.51547718e-01 4.36142266e-01 5.33282757e-02
    6.92151070e-01 9.29439783e-01 9.35632110e-01 1.83455348e-01
    4.56920356e-01 7.31588483e-01 9.66311038e-01 7.84928203e-01
    3.78306895e-01 4.70129281e-01 4.54245806e-02 7.50152230e-01
    5.14975727e-01 7.68213272e-01 6.82962537e-01 8.86067271e-01
    3.42124790e-01 2.94561923e-01 8.51068497e-02 9.31693852e-01
    7.51431227e-01 9.99248981e-01 4.09107327e-01 4.62288827e-01
    9.91569340e-01 8.07980299e-01 6.51743412e-01 6.87134445e-01
    5.05980968e-01 5.37892461e-01 5.01119614e-01 6.10330641e-01
    8.98164451e-01 4.05198544e-01 3.76029253e-01 5.28079987e-01
    1.28992915e-01 2.58539855e-01 1.51574582e-01 5.68639338e-02
    3.96013170e-01 7.91906953e-01 5.86834311e-01 6.52521253e-01
    9.57084835e-01 6.34050608e-01 5.51340163e-01 1.97519362e-02
    8.36263716e-01 1.40638053e-01 9.71957922e-01 8.68529081e-04
    9.02479529e-01 4.81217325e-01 7.58757412e-01 1.58407271e-01
    1.23559862e-01 9.11361694e-01 6.18328810e-01 6.32627249e-01
    5.28570712e-02 6.23322666e-01 7.06639528e-01 5.19575715e-01
    8.19643021e-01 4.43434656e-01 1.66469276e-01 6.11226022e-01
    2.19252437e-01 3.15866470e-01 2.01038718e-01 8.34413052e-01
    1.84906870e-01 5.51713407e-01 4.20954049e-01 9.02098358e-01
    3.90918136e-01 1.82948917e-01 8.48943233e-01 4.43869233e-02
    4.71122414e-01 6.49341404e-01 6.42085791e-01 5.04993618e-01
    3.70849729e-01 9.16060388e-01 5.62287509e-01 1.49867266e-01
    8.32963467e-01 5.67543864e-01 7.78466463e-04 4.74333167e-02
    6.48950398e-01 4.27841663e-01 4.94891703e-02 5.43086529e-01
    6.43961430e-02 7.93600798e-01 9.11160588e-01 3.93345594e-01
    3.95186692e-01 6.74988568e-01 3.19629461e-01 5.95118642e-01
    3.14250559e-01 8.50704908e-02 7.29392290e-01 9.31182921e-01
    3.92296314e-01 2.42331952e-01 7.11007714e-02 7.53633082e-02
    6.76308274e-02 3.11122298e-01 4.60216045e-01 4.31849748e-01
    3.08014750e-02 6.71124935e-01 3.58443469e-01 1.71802819e-01
    7.76288629e-01 5.78855038e-01 8.81686687e-01 6.41323328e-01
    6.73742771e-01 1.81878746e-01 2.27292985e-01 8.59336853e-01
    7.83410788e-01 9.86266732e-01 1.08333528e-01 9.67881083e-01
    7.66252160e-01 2.26816535e-03 4.17060494e-01 6.17848754e-01
    6.39401615e-01 3.23611379e-01 2.08057195e-01 6.34191871e-01
    5.91538548e-01 6.83907747e-01 5.06173432e-01 2.94129401e-01
    5.29701293e-01 3.98527145e-01 9.11713839e-01 3.69044542e-01
    1.95712596e-01 2.23056674e-01 6.29005075e-01 6.25580549e-01
    3.68443429e-01 5.77894688e-01 8.01764369e-01 6.41561449e-01
    7.76077032e-01 1.30945712e-01 3.84853542e-01 1.31062180e-01
    5.20081997e-01 3.28565657e-01 2.23107547e-01 1.48571342e-01
    9.26134348e-01 6.21854126e-01 3.08522582e-03 8.41591239e-01
    8.93058479e-02 7.34810352e-01 4.37358201e-01 9.29353952e-01
    2.30923563e-01 9.03176665e-01 8.67676198e-01 9.07063484e-03
    9.54997957e-01 9.85473514e-01 7.19868779e-01 3.42764705e-01
    7.83038855e-01 7.04229832e-01 5.32501638e-01 4.19349074e-02
    1.91165537e-01 7.77786076e-02 6.93064153e-01 5.60720086e-01
    8.19246233e-01 6.89209521e-01 5.46108842e-01 1.47033930e-02
    5.96369267e-01 7.47811913e-01 1.22802377e-01 9.17671859e-01
    7.21698701e-01 3.28857541e-01 7.03632832e-04 2.49432355e-01
    6.62575841e-01 9.82497394e-01 6.07182920e-01 9.83976007e-01
    7.66060591e-01 5.76236606e-01 3.45345944e-01 3.03289771e-01
    8.17517579e-01 9.47439969e-01 9.65186775e-01 8.53071570e-01
    1.50232524e-01 1.34010881e-01 4.36715871e-01 3.64273399e-01
    5.49626291e-01 2.75025606e-01 7.10143566e-01 2.35169858e-01
    7.41961598e-01 3.95660341e-01 6.37529612e-01 5.77643573e-01
    7.79844761e-01 4.91052151e-01 5.56112170e-01 9.57652986e-01
    8.61176848e-01 5.75773358e-01 5.02019763e-01 2.76752174e-01
    1.89115375e-01 6.85736656e-01 4.71297652e-01 5.01079261e-01
    7.94055700e-01 1.52580321e-01 7.78818309e-01 4.67415005e-01
    1.81222826e-01 8.94969761e-01 8.27826142e-01 3.05558145e-01
    6.31850004e-01 6.79306984e-01 2.28100061e-01 2.18442619e-01
    3.73609483e-01 1.46471441e-01 2.47941703e-01 6.01408899e-01
    4.67082709e-01 8.83376837e-01 2.24344373e-01 4.94303972e-01
    1.44659638e-01 1.90705538e-01 4.06529546e-01 1.36854649e-01
    6.19366229e-01 8.71305227e-01 5.59902906e-01 9.63942289e-01
    1.53133869e-01 1.78335816e-01 3.53802502e-01 5.50255299e-01
    2.73701608e-01 3.30532968e-01 5.84447563e-01 3.60126615e-01
    9.30508971e-01 5.16274571e-01 4.86840904e-02 6.22239828e-01
    5.22402525e-01 1.09173328e-01 8.70012939e-02 7.46623755e-01
    5.05399168e-01 9.66435671e-01 9.17235672e-01 1.95483267e-02
    9.46551859e-01 9.00337994e-02 2.28384942e-01 7.42822289e-02
    6.48471713e-01 2.92426348e-02 2.07273483e-01 1.07848346e-01
    9.97261405e-02 5.21196604e-01 6.64463282e-01 5.71111858e-01
    2.96972662e-01 2.69396067e-01 6.83122873e-02 3.66857380e-01
    4.84003276e-01 8.68334174e-02 2.75805861e-01 7.48157978e-01
    9.83088851e-01 4.90552425e-01 6.20517731e-01 8.46715212e-01
    5.70442796e-01 4.08784747e-01 2.19035059e-01 6.49334311e-01
    3.59939605e-01 9.80099797e-01 4.12217379e-02 3.35952640e-01
    6.38888776e-02 6.85121298e-01 1.09814614e-01 1.65390015e-01
    1.17233992e-01 7.81431675e-01 5.18127441e-01 5.55751801e-01
    6.02225065e-01 6.11378133e-01 3.48657042e-01 7.98580110e-01
    1.33298069e-01 5.64630866e-01 7.66738653e-01 3.52319419e-01
    2.75972843e-01 5.36343455e-03 5.83664238e-01 9.57769752e-01
    3.82073224e-02 9.13128555e-01 9.86077189e-01 2.70950675e-01
    9.79920149e-01 7.94690788e-01 8.67582560e-02 6.50718331e-01
    7.67725468e-01 2.36525953e-01 1.21621847e-01 2.41306722e-02
    7.17737973e-02 1.17868662e-01 3.75839472e-02 8.86852562e-01
    8.82772088e-01 4.24142182e-02 9.20045078e-01 3.11357021e-01
    4.42682803e-01 1.41602188e-01 9.98306751e-01 4.02556241e-01
    2.64784455e-01 1.22541249e-01 8.72276127e-01 8.27553213e-01
    9.28377748e-01 8.79588962e-01 1.98380619e-01 4.25864160e-02
    8.90621901e-01 5.07849932e-01 9.35357690e-01 7.68414080e-01
    6.17691278e-02 4.12111282e-02 8.85887265e-01 6.80264413e-01
    3.91625792e-01 1.74604475e-01 8.38619351e-01 6.44406617e-01
    6.21873796e-01 1.06417120e-01 4.36618418e-01 9.59640980e-01
    6.89111233e-01 1.40736163e-01 2.06007063e-01 3.52581620e-01
    6.43639982e-01 1.21701300e-01 5.23769259e-02 9.18221474e-02
    5.90873420e-01 4.10029352e-01 5.08428276e-01 1.34390831e-01
    5.24085462e-02 1.24783397e-01 2.17355728e-01 4.08175290e-01
    4.77919310e-01 1.68166906e-01 7.75227368e-01 9.09676790e-01
    2.22952306e-01 7.65052676e-01 8.07998240e-01 5.98455429e-01
    6.91567183e-01 5.26134074e-01 3.93123925e-01 4.50160176e-01
    4.13308680e-01 6.77377701e-01 9.32308316e-01 8.24129224e-01
    4.40942645e-02 2.82716870e-01 9.61747468e-02 4.05147523e-01
    4.37163264e-01 2.71874309e-01 3.03901762e-01 6.06969714e-01
    3.38802576e-01 1.96478367e-02 9.14875984e-01 3.05032849e-01
    6.63877547e-01 3.59471202e-01 2.20858812e-01 9.05110240e-01
    5.58698356e-01 3.00044119e-01 7.96174645e-01 2.79890418e-01
    6.39579058e-01 4.19367433e-01 5.98368227e-01 8.59331429e-01
    1.30011350e-01 2.21448869e-01 3.34489763e-01 9.07248020e-01
    6.01047635e-01 8.23626220e-01 7.32985020e-01 7.37219810e-01
    2.17085689e-01 7.12290883e-01 9.40585852e-01 5.37408769e-01
    3.98286939e-01 3.72666538e-01 3.59715343e-01 3.69334579e-01
    8.66917729e-01 2.33007818e-01 1.85939819e-01 8.30474198e-02
    1.57614619e-01 2.36756533e-01 3.58847797e-01 4.71011996e-02
    1.58272505e-01 4.46544290e-01 3.54099393e-01 3.45329016e-01
    6.77220702e-01 4.03033793e-02 7.65233636e-01 2.08143741e-01
    9.96589363e-02 8.38867426e-01 9.23238695e-01 5.47802389e-01
    4.69160616e-01 8.01434278e-01 7.52055943e-01 1.12768471e-01
    7.00760961e-01 1.02486670e-01 3.39446366e-01 3.38311911e-01
    5.21853268e-02 6.77869558e-01 9.40768361e-01 7.94906497e-01
    5.25508761e-01 5.06240308e-01 9.20345068e-01 6.89061522e-01
    6.26364350e-01 2.76565313e-01 9.77405310e-02 3.42365563e-01
    2.74791181e-01 5.29416919e-01 9.93244052e-01 7.71915555e-01
    7.03258276e-01 3.50122839e-01 8.67874622e-01 8.07591438e-01
    9.77969766e-01 9.38615799e-02 1.45614862e-01 6.76647246e-01
    9.40749943e-01 9.19057488e-01 1.61562353e-01 9.96277571e-01
    6.83895230e-01 3.88141125e-01 6.30685329e-01 5.54343283e-01
    6.18984520e-01 5.25102973e-01 5.79134881e-01 8.07641745e-01
    1.27468079e-01 3.88236225e-01 9.61799383e-01 7.93433428e-01
    8.39085877e-01 6.30348921e-03 1.88010633e-02 9.32596326e-01
    9.78757501e-01 6.78770185e-01 2.39164948e-01 1.98811293e-01
    5.21522045e-01 3.15594792e-01 3.07734370e-01 8.64009261e-01
    6.14713728e-01 4.94921386e-01 8.54724884e-01 1.78708166e-01
    9.13219333e-01 1.94403946e-01 1.57089770e-01 9.69698608e-01
    4.57059920e-01 9.57554579e-01 3.65004838e-01 6.92452252e-01
    2.01214314e-01 7.05726326e-01 7.97493577e-01 4.62663502e-01
    8.55565965e-02 6.38903737e-01 8.63312840e-01 6.76499486e-01
    3.99893820e-02 4.84617949e-02 2.93029606e-01 9.18292582e-01
    2.63191849e-01 5.01507401e-01 1.62571073e-02 2.65447736e-01
    7.02995300e-01 6.06242657e-01 1.06654614e-01 5.18923581e-01
    7.10039198e-01 6.69784725e-01 7.70193934e-01 5.33461750e-01
    2.55486876e-01 2.45039552e-01 9.74738002e-01 1.27357841e-02
    5.07512689e-01 6.23021722e-01 3.56785387e-01 8.86814058e-01
    1.78265691e-01 1.51698411e-01 3.16436648e-01 6.96357369e-01
    4.59737897e-01 4.57146883e-01 4.74416733e-01 6.26984477e-01
    3.61132443e-01 1.21193647e-01 4.10784543e-01 5.12056589e-01
    2.28167117e-01 4.58426535e-01 8.09667587e-01 1.88052982e-01
    1.03576571e-01 3.03077906e-01 8.95844340e-01 2.67642617e-01
    9.98494506e-01 4.22528952e-01 4.67592090e-01 2.27147192e-01
    7.06916451e-02 6.19278312e-01 5.93159914e-01 8.38038683e-01
    3.21171284e-02 7.51591563e-01 2.43502915e-01 3.16915751e-01
    6.68702841e-01 7.76788116e-01 4.76184338e-01 3.92343819e-01
    5.07667065e-01 6.19103789e-01 6.64164543e-01 8.52996111e-01
    9.35529172e-01 1.59768045e-01 3.28335583e-01 1.77765459e-01
    5.23552418e-01 3.82317752e-01 2.57356524e-01 4.83855247e-01
    6.29088163e-01 3.12349439e-01 1.46617025e-01 8.43871117e-01
    7.25438356e-01 4.54456747e-01 7.91784048e-01 1.72916204e-01
    6.22624159e-02 2.49438047e-01 8.23454499e-01 1.59239888e-01
    6.75238609e-01 8.25279295e-01 8.49442482e-01 2.14121640e-01
    4.96730804e-01 8.28524888e-01 2.61957884e-01 1.05882287e-02
    6.07383192e-01 8.14491987e-01 4.42166865e-01 3.01015943e-01
    3.96284997e-01 8.36101592e-01 3.25092077e-01 6.72579467e-01
    4.02053297e-01 5.06802619e-01 8.59296441e-01 7.28054106e-01
    1.54438406e-01 4.59846526e-01 1.01508975e-01 1.57710671e-01
    8.77721310e-01 6.03365421e-01 1.64379269e-01 9.55088317e-01
    2.02379733e-01 8.32550824e-01 9.04195070e-01 3.04085016e-01
    6.01405978e-01 9.04357791e-01 8.92754853e-01 5.88417649e-01
    5.22980452e-01 6.40144289e-01 8.14121366e-01 6.83891654e-01
    5.17073870e-02 9.56624389e-01 6.34174705e-01 9.44637656e-01
    8.51891398e-01 3.99226010e-01 7.86051691e-01 6.28234923e-01
    6.87397599e-01 5.40650189e-01 2.51950622e-01 5.82833111e-01
    7.46658862e-01 2.49500036e-01 2.66831905e-01 1.18534118e-01
    6.72402978e-03 6.62305415e-01 9.69731212e-01 9.60262299e-01
    4.23279583e-01 3.68442595e-01 6.70984566e-01 6.95292234e-01
    9.47382808e-01 3.94168019e-01 1.56848103e-01 9.76532817e-01
    4.95506525e-02 6.00147724e-01 7.46978581e-01 5.09509385e-01
    2.44796097e-01 2.41977185e-01 6.07267797e-01 1.59516215e-01
    1.79857254e-01 3.58960837e-01 4.82559294e-01 2.45569944e-02
    8.40928435e-01 9.28607404e-01 2.15986073e-01 4.74475414e-01
    6.74355507e-01 3.90811861e-02 4.11312312e-01 6.12475276e-02
    9.32811618e-01 5.19134581e-01 3.65868807e-01 7.82478929e-01
    5.76171637e-01 9.54375207e-01 7.35221207e-02 1.03256673e-01
    5.98989904e-01 2.51615942e-01 8.22045803e-01 8.46965015e-01
    1.16223395e-01 6.33276045e-01 3.54340672e-01 2.86218762e-01
    3.81170154e-01 4.93116647e-01 7.02982426e-01 4.93087053e-01
    5.95326662e-01 6.25122964e-01 5.29686153e-01 6.54234290e-02
    6.78160548e-01 2.48914242e-01 1.33491158e-02 8.70082498e-01
    4.14918959e-01 3.21119487e-01 5.79528153e-01 5.84622085e-01
    1.35348439e-01 3.29378158e-01 8.03908110e-01 8.47625136e-01
    1.74892515e-01 1.95202261e-01 7.20143914e-02 3.79147768e-01
    7.98476636e-02 1.68240964e-01 2.20745504e-01 5.42487502e-02
    2.16486782e-01 8.12474132e-01 3.45094562e-01 1.39300853e-01
    2.70274341e-01 4.02203113e-01 2.28832692e-01 1.43241674e-01
    6.86344862e-01 4.46136713e-01 6.82856083e-01 4.36780274e-01
    8.29343736e-01 9.84548211e-01 5.39601803e-01 7.53470540e-01
    9.31744933e-01 5.10837376e-01 1.56133085e-01 3.96535873e-01
    1.39457405e-01 6.54601455e-01 3.27658653e-02 2.23042369e-02
    1.73056394e-01 5.30883193e-01 9.92245674e-02 4.57429558e-01
    9.98364329e-01 8.61594856e-01 2.80859053e-01 7.43302882e-01
    2.91180372e-01 1.93774819e-01 4.45527911e-01 9.84377742e-01
    4.07542944e-01 9.58004236e-01 8.87462139e-01 5.12494028e-01
    7.74411321e-01 9.89490747e-02 2.64764965e-01 4.09733623e-01
    9.73368645e-01 1.19241089e-01 9.58995461e-01 3.06089610e-01
    6.18908584e-01 4.49484587e-02 3.30119908e-01 9.13780272e-01
    5.80514193e-01 3.17237854e-01 5.99171579e-01 4.61881965e-01
    1.13891572e-01 2.50395566e-01 8.55941951e-01 9.43480134e-01
    6.98295534e-01 7.37483203e-02 1.81332052e-01 5.51485002e-01
    7.15720475e-01 3.86032134e-01 8.97291303e-01 8.10563564e-01
    5.46906531e-01 2.83886552e-01 4.00584042e-01 3.33685935e-01
    8.18483531e-01 3.59501541e-01 6.14358068e-01 6.66654050e-01
    7.75659800e-01 5.82061946e-01 2.54928231e-01 7.96319366e-01
    2.41305351e-01 6.86672390e-01 7.97409117e-01 1.33707643e-01
    4.97163445e-01 2.01836824e-01 3.81486803e-01 9.03521180e-01
    3.82363945e-01 3.58106494e-02 7.06133246e-02 7.77982473e-01
    3.76907140e-01 8.91400933e-01 5.78051448e-01 3.60535800e-01
    9.44571197e-02 3.10201168e-01 9.37849522e-01 7.94545233e-01
    2.12269634e-01 5.90777874e-01 9.79462087e-01 3.81131113e-01
    5.89769661e-01 6.91224277e-01 1.39860690e-01 2.96800375e-01
    2.38562435e-01 7.62194157e-01 6.73367858e-01 8.06625664e-01
    3.87837648e-01 5.23923576e-01 1.46268427e-01 1.11086845e-01
    3.44227433e-01 7.25397050e-01 4.98162031e-01 5.71834803e-01
    7.87912667e-01 5.06618619e-03 1.23388678e-01 7.32717574e-01
    4.20101285e-01 7.15169311e-01 2.03266561e-01 6.79899037e-01
    6.26481473e-02 9.94139731e-01 3.48982245e-01 1.63011581e-01
    4.98633534e-01 7.96413124e-01 5.94845355e-01 2.03662455e-01
    3.36050689e-02 8.89888108e-01 5.41904807e-01 1.66114211e-01
    2.74265409e-02 4.04579163e-01 9.98895764e-01 9.71698523e-01
    7.11232781e-01 3.22309732e-02 1.92053199e-01 6.97496235e-02
    7.97751844e-01 8.36613476e-02 2.08173394e-02 1.97047383e-01
    7.50319183e-01 6.60430431e-01 5.06171107e-01 6.12765849e-01
    2.94490725e-01 3.41825545e-01 4.66749907e-01 8.19459558e-03
    7.87234604e-01 3.40338171e-01 9.70655441e-01 1.96354210e-01
    5.12833059e-01 7.51821280e-01 1.01667851e-01 7.64323831e-01
    2.48069853e-01 5.82846701e-01 8.91328692e-01 4.12577987e-02
    2.32571006e-01 7.51055241e-01 9.53924656e-02 3.50289464e-01
    4.87714529e-01 7.66019344e-01 9.33395684e-01 1.51852310e-01
    9.28445458e-02 1.86428279e-01 4.02114093e-02 6.59467936e-01
    6.74938381e-01 9.68723536e-01 1.76269948e-01 6.70538545e-02
    6.53466344e-01 2.66744375e-01 8.40711594e-02 9.13167298e-01
    9.72444475e-01 6.74793601e-01 6.28447771e-01 2.87643433e-01
    2.13410854e-02 7.05345869e-01 3.12650144e-01 2.69159853e-01
    4.01075006e-01 5.37347913e-01 3.42988670e-01 6.49930477e-01
    2.50111222e-02 5.96316755e-01 9.54282165e-01 6.45609736e-01
    5.67308068e-03 1.59058332e-01 5.25413215e-01 4.64746952e-01
    6.39324844e-01 5.30491233e-01 5.61819375e-02 8.18846285e-01
    2.85434723e-01 1.06425971e-01 2.42430806e-01 2.94641972e-01
    6.74651027e-01 2.18906373e-01 9.94916797e-01 1.93341702e-01
    8.16286027e-01 8.57293367e-01 7.10841179e-01 2.18563855e-01
    4.70232993e-01 6.93545163e-01 6.59124911e-01 3.45246196e-01
    5.94801486e-01 1.33891076e-01 6.67032540e-01 5.73666334e-01
    6.60565376e-01 5.51121175e-01 5.86412609e-01 9.16051567e-01
    3.98853421e-03 2.75978148e-01 6.51451647e-02 4.88351047e-01
    8.14357638e-01 2.88382471e-01 8.93538713e-01 9.70125020e-01
    5.67417860e-01 3.95395637e-01 3.63135338e-02 9.45988774e-01
    4.27415669e-02 9.48952675e-01 8.47866535e-01 2.63732553e-01
    3.59064639e-02 5.86213350e-01 6.93847239e-02 8.28901052e-01
    5.76682031e-01 3.32233012e-01 4.00876373e-01 6.07043087e-01
    9.93627191e-01 8.71197820e-01 7.05059230e-01 2.24795312e-01
    6.66270614e-01 9.38862562e-03 3.09562504e-01 9.49841380e-01
    3.52230430e-01 2.04611003e-01 8.20375204e-01 8.07592869e-01
    5.41212857e-02 2.82342613e-01 7.27426291e-01 1.20277166e-01
    8.33620787e-01 5.83997667e-01 5.32686472e-01 5.09420574e-01
    5.93457639e-01 2.18157053e-01 4.83460754e-01 3.02799731e-01
    4.18634534e-01 2.37266690e-01 4.69860256e-01 3.43640685e-01
    3.16908181e-01 8.96018386e-01 3.42778206e-01 7.05271721e-01
    6.92620277e-01 9.82482791e-01 5.47138214e-01 1.34033233e-01
    9.46677446e-01 9.63277578e-01 6.66247010e-01 4.32346493e-01
    4.66885477e-01 9.10076380e-01 7.46509850e-01 1.91692322e-01
    5.17667115e-01 1.58683807e-01 4.70646411e-01 4.77097839e-01
    5.55405796e-01 9.58138704e-02 8.47471118e-01 4.35414255e-01
    8.93834591e-01 1.05296433e-01 5.04314840e-01 9.40105617e-02
    7.26330400e-01 8.96031737e-01 1.73699468e-01 2.73324251e-01
    8.01630735e-01 8.54490101e-01 7.69162834e-01 9.09739375e-01
    3.55703294e-01 2.03523248e-01 1.28633618e-01 2.89559394e-01
    8.86477113e-01 5.24668574e-01 9.31475759e-01 2.83294618e-01
    4.47198451e-01 1.80098027e-01 6.54491842e-01 4.50758725e-01
    2.05344588e-01 8.60466778e-01 8.24789286e-01 4.46754694e-02
    6.18816435e-01 9.97512102e-01 1.59971595e-01 1.79630220e-02
    7.86069453e-01 7.13690341e-01 4.01012570e-01 6.94398761e-01
    2.68840313e-01 3.29421133e-01 4.56538051e-01 8.25061560e-01
    9.87012863e-01 8.47382784e-01 4.34571207e-01 8.27669621e-01
    7.30875134e-02 1.44818157e-01 4.53898609e-02 7.20274925e-01
    3.26766372e-02 3.29838336e-01 2.78588951e-01 3.77599597e-02
    6.13847196e-01 7.32607543e-02 1.16780400e-01 9.33775127e-01
    3.81812453e-01 9.46781576e-01 3.15855175e-01 7.82470107e-02
    7.36732125e-01 4.93973732e-01 3.31306100e-01 2.71421432e-01
    6.87405646e-01 2.84194708e-01 6.56507015e-01 4.92889911e-01</data></test_img>
<my_img type_id="opencv-matrix">
  <rows>128</rows>
  <cols>256</cols>
  <dt>f</dt>
  <data>
    -1.38806701e-01 -8.32365751e-02 5.87312579e-01 4.63809073e-01
    5.29466689e-01 -5.52062929e-01 1.39926362e+00 -1.82419777e-01
    -4.80011642e-01 7.46953964e-01 -7.53018439e-01 1.47961211e+00
    3.62839043e-01 -1.86007142e-01 -4.37217712e-01 5.93877316e-01
    1.56529188e-01 1.24207234e+00 4.38621044e-01 9.78865981e-01
    1.42876387e+00 -5.48435330e-01 8.63948166e-01 1.20336795e+00
    7.87843049e-01 1.00719690e+00 7.21583962e-01 1.19560599e+00
    2.90679157e-01 7.97064364e-01 1.03243709e+00 5.81829548e-01
    1.63611627e+00 -6.54378235e-01 -5.26702166e-01 5.99956512e-01
    7.92349339e-01 1.15234494e+00 1.61556578e+00 1.38805640e+00
    1.21899176e+00 -6.23888075e-01 -4.61648732e-01 1.21221423e+00
    5.70585370e-01 -6.05530798e-01 -3.34019244e-01 1.30553484e+00
    1.30594337e+00 1.18858886e+00 1.28621864e+00 2.98789740e-02
    -2.38518119e-02 1.81300998e+00 3.19055498e-01 4.35455441e-02
    5.80124855e-02 3.75701785e-01 9.23571110e-01 7.05148578e-01
    6.54826283e-01 8.33987892e-01 1.83025694e+00 9.37564850e-01
    -1.55448496e-01 1.58039546e+00 -7.27137208e-01 8.58799994e-01
    1.77964544e+00 -5.06979585e-01 1.33500111e+00 -7.06077933e-01
    4.02936757e-01 -2.60967731e-01 -7.29420960e-01 8.55545878e-01
    1.40517926e+00 1.27615511e+00 1.64319515e+00 -3.43272090e-01
    8.28900039e-01 -3.63753736e-01 8.82693708e-01 -6.52740717e-01
    -8.33574176e-01 3.80858481e-01 5.16711175e-01 -6.02527380e-01
    -5.14227152e-03 1.33540702e+00 1.20007586e+00 9.79210079e-01
    4.39326763e-01 1.22616947e-01 -1.11105263e-01 -3.36456537e-01
    -5.17763317e-01 -4.20836270e-01 8.00373495e-01 1.51297569e+00
    5.53769290e-01 1.56447816e+00 1.22260666e+00 1.36552465e+00
    9.82354820e-01 3.31742764e-02 -4.82137203e-02 -7.49997437e-01
    -5.39750934e-01 -5.02523839e-01 1.61739528e+00 1.54828382e+00
    8.87208819e-01 -6.02750182e-02 1.42626488e+00 -1.15453064e-01
    1.59832883e+00 -7.24267006e-01 -5.92408597e-01 -5.14113128e-01
    7.20294297e-01 1.43065763e+00 1.22266650e-01 9.74015951e-01
    -7.45850861e-01 1.13283896e+00 1.39237404e+00 1.28872633e+00
    6.91898465e-02 -4.37893271e-02 6.93243027e-01 7.91593492e-01
    9.77532327e-01 1.23316765e+00 -4.16730851e-01 3.77047241e-01
    -9.23635364e-02 -3.76885682e-01 1.00589049e+00 -8.49890888e-01
    7.19954371e-02 6.87940836e-01 1.57669771e+00 8.87651324e-01
    3.28284144e-01 1.55425620e+00 -7.16850579e-01 1.84720325e+00
    5.93724072e-01 -8.27245772e-01 -7.30463982e-01 -6.66769087e-01
    3.90177667e-01 1.13682103e+00 1.75309515e+00 -4.13572729e-01
    1.29059541e+00 1.34917963e+00 3.63156080e-01 -4.64135259e-01
    -5.14070153e-01 -6.86269641e-01 1.04055977e+00 -3.09709191e-01
    1.82641983e-01 8.02229643e-02 -3.23857129e-01 -2.02551484e-02
    -5.73790133e-01 9.03880596e-01 1.60283363e+00 6.35323524e-02
    1.35896432e+00 1.49034083e-01 -4.71520662e-01 -4.57329541e-01
    8.77058148e-01 7.23095179e-01 2.39201248e-01 -5.68215370e-01
    1.13679874e+00 8.06498587e-01 1.11790836e+00 6.36824191e-01
    -4.29221392e-02 -5.14983118e-01 3.52353692e-01 1.65707135e+00
    1.58754718e+00 1.20526958e+00 -5.53947687e-03 1.30953050e+00
    1.31477654e+00 1.84193730e-01 2.45708585e-01 -1.64861977e-01
    8.80248547e-02 8.48428965e-01 1.56360769e+00 -1.82595432e-01
    -2.01909661e-01 -3.83728385e-01 1.38265717e+00 1.78100061e+00
    5.71236849e-01 1.59767759e+00 2.76971698e-01 5.24813771e-01
    8.49598706e-01 1.36346340e+00 4.26788747e-01 -2.15678155e-01
    -6.66598678e-01 1.21262014e-01 -5.28566241e-02 -5.95582306e-01
    1.14639950e+00 -3.48499715e-01 1.51734352e-02 -6.68256402e-01
    6.30948424e-01 1.82499540e+00 -5.40733159e-01 1.62956619e+00
    1.18439424e+00 -8.40860605e-01 -2.78012156e-01 1.93009138e-01
    1.76747036e+00 -5.23788691e-01 1.02096426e+00 -6.22130275e-01
    1.22324133e+00 1.28769207e+00 1.68118382e+00 1.19520950e+00
    1.73312688e+00 -3.66797090e-01 -3.09894979e-01 1.74731016e-01
    -8.73994827e-03 4.52839136e-01 4.37277853e-01 -1.82228684e-02
    5.33773005e-01 1.50425720e+00 1.31910980e-01 1.58447218e+00
    9.52552438e-01 -8.63543451e-01 3.01347375e-02 3.36323917e-01
    -3.49367917e-01 -6.03386164e-01 5.69382668e-01 1.84094012e-01
    1.58128643e+00 1.56916738e+00 1.06761575e+00 6.19886696e-01
    1.26274908e+00 4.75802422e-01 -2.46974587e-01 -6.65715933e-02
    1.80894518e+00 1.03996873e-01 1.57235599e+00 3.01617920e-01
    1.11714315e+00 1.37839174e+00 5.11976719e-01 1.76216173e+00
    6.71525121e-01 2.91246831e-01 6.41776919e-02 1.55054784e+00
    4.52422857e-01 -3.23931336e-01 1.12602115e-02 3.53531182e-01
    -7.33420253e-02 7.15376079e-01 8.54049802e-01 -2.85035849e-01
    -4.82939124e-01 -9.13763046e-02 7.75019050e-01 1.03913856e+00
    1.52257180e+00 2.38231778e-01 5.65765798e-01 2.63275146e-01
    8.74430299e-01 1.37729311e+00 1.54719090e+00 1.00214434e+00
    9.78915691e-01 1.15084076e+00 1.65203238e+00 -2.49054015e-01
    1.55642247e+00 1.76204324e+00 -5.10796726e-01 9.27240729e-01
    1.40423548e+00 1.57319760e+00 3.38210762e-01 1.61772919e+00
    1.25406098e+00 -5.63029706e-01 9.30920422e-01 -5.21040320e-01
    2.54613161e-01 -5.50648570e-01 1.74907041e+00 5.84950447e-01
    1.09222770e+00 -1.12725317e-01 1.44444406e+00 2.06636488e-01
    8.35647881e-01 -5.37845850e-01 -1.68716908e-03 1.33284569e+00
    3.25446188e-01 -2.42162704e-01 1.36814165e+00 -1.97423637e-01
    -4.68161613e-01 1.56158948e+00 8.93277764e-01 -4.30369943e-01
    -7.99130201e-01 1.63337731e+00 1.69248235e+00 7.61169493e-01
    -5.02713203e-01 -7.30449557e-02 3.23455095e-01 1.02450478e+00
    1.35153937e+00 -7.89526582e-01 -7.83652365e-01 1.53633606e+00
    1.25283241e+00 1.66356158e+00 -8.53867650e-01 -8.19637060e-01
    1.44352460e+00 8.24948251e-01 8.93522918e-01 1.21877325e+00
    -1.29535258e-01 -1.08704746e-01 1.75374234e+00 -7.39323854e-01
    8.65109801e-01 7.79305339e-01 5.75556695e-01 -1.53865516e-01
    -3.82403076e-01 2.78433800e-01 1.03225017e+00 3.27740669e-01
    1.51512551e+00 1.40044713e+00 1.76332879e+00 -5.71934760e-01
    8.51426721e-02 -6.98913395e-01 1.49009919e+00 6.10917807e-03
    1.80790043e+00 1.17255425e+00 1.08736873e+00 9.99831378e-01
    1.36553526e-01 1.65629792e+00 6.01359546e-01 1.77961254e+00
    1.42374587e+00 -7.00967789e-01 1.59422266e+00 1.36004543e+00
    8.55129182e-01 2.99401522e-01 -5.86835861e-01 -3.35035563e-01
    -3.24288845e-01 -6.71626091e-01 -4.00158495e-01 -1.85607195e-01
    7.92603791e-01 1.71802187e+00 1.82462692e+00 -1.46478295e-01
    1.20186174e+00 -8.02119017e-01 1.22449279e-01 -3.95898283e-01
    2.97822773e-01 5.79115748e-02 9.10351872e-01 1.01209021e+00
    -4.16540653e-01 1.03054464e-01 6.27280474e-01 -6.30794644e-01
    1.56448388e+00 1.13756585e+00 2.00722277e-01 1.78900409e+00
    -5.23106456e-02 -5.87381721e-01 7.44736195e-01 9.28696871e-01
    1.47876740e-02 1.20221949e+00 1.32872319e+00 1.87889290e+00
    3.32639396e-01 -4.30894434e-01 -4.54930514e-01 1.10656559e-01
    -6.98566675e-01 1.48622751e-01 1.32506192e+00 -7.40989864e-01
    7.22109437e-01 1.43224335e+00 9.76204932e-01 1.26528168e+00
    1.30059874e+00 -1.24663711e-01 6.81406081e-01 1.83912373e+00
    1.01346624e+00 -1.35647297e-01 7.58364201e-01 -1.54886186e-01
    -7.90015697e-01 1.46792078e+00 -7.09475458e-01 3.96275818e-01
    1.44977880e+00 -9.56100225e-03 1.72277749e-01 4.98823583e-01
    -2.55129516e-01 -2.62236774e-01 -1.80449784e-01 4.94947135e-01
    1.83525491e+00 1.65621972e+00 1.75087309e+00 7.55521595e-01
    1.00647950e+00 -8.18582177e-01 -6.15828037e-01 -7.15631247e-02
    1.27642381e+00 -1.19347274e-01 8.35865498e-01 1.24214911e+00
    -5.92369735e-01 6.56891406e-01 1.50532556e+00 5.06123900e-01
    8.41363132e-01 3.78187537e-01 -2.25460052e-01 7.48359084e-01
    3.84455323e-02 3.33141685e-02 -2.93835044e-01 5.17152965e-01
    7.46992648e-01 1.38130236e+00 1.77210701e+00 3.22703719e-02
    -1.96037710e-01 1.06415153e-02 -6.51093245e-01 8.00588667e-01
    1.74562407e+00 1.42077553e+00 1.04653049e+00 1.39928806e+00
    -5.34079492e-01 1.24584198e+00 1.36077046e+00 -5.62174559e-01
    1.51772714e+00 -1.08315110e-01 1.21065390e+00 1.64201832e+00
    -1.47576571e-01 6.18824720e-01 1.24773145e+00 1.43543327e+00
    -2.66794920e-01 1.83190453e+00 5.10284305e-01 -8.19839060e-01
    1.82832825e+00 1.03606486e+00 1.36267161e+00 1.79768598e+00
    2.24620223e-01 7.09126592e-02 -4.39799160e-01 9.02454674e-01
    7.04447925e-01 1.85868442e+00 1.80695593e-01 -4.30813253e-01
    6.33972287e-01 -4.93004888e-01 -4.31057125e-01 1.12322044e+00
    1.84003663e+00 1.56559992e+00 -4.00977641e-01 1.79156542e-01
    1.42411947e-01 7.21809566e-01 -1.19627655e-01 -3.48591268e-01
    4.08211470e-01 7.42426217e-01 2.54489601e-01 1.17482924e+00
    1.79318309e+00 1.55730247e+00 -8.58995974e-01 -7.68173158e-01
    -6.86137676e-02 9.83460188e-01 9.90083039e-01 -1.49245083e-01
    1.15057158e+00 -2.22067237e-01 1.03103590e+00 1.28185046e+00
    1.36287594e+00 1.26352644e+00 9.85081077e-01 -5.06824613e-01
    -5.13065875e-01 -5.09985864e-01 1.84091389e-01 1.36934423e+00
    4.34995294e-02 7.69819260e-01 -4.73569304e-01 2.89458513e-01
    1.23069215e+00 1.78333759e+00 -3.84430856e-01 -6.76634073e-01
    3.48052621e-01 1.50458145e+00 1.30425394e-01 1.15092230e+00
    -8.60707879e-01 7.58900344e-01 7.77788103e-01 5.80005348e-01
    1.94364309e-01 1.39075148e+00 6.42740548e-01 -6.46337509e-01
    5.17817676e-01 1.28586185e+00 4.82718706e-01 -6.90424800e-01
    6.19495451e-01 8.52468014e-01 1.13631284e+00 8.71835351e-02
    -6.77828670e-01 9.15625393e-01 -4.94852096e-01 1.82474971e-01
    -1.20008230e-01 6.67519033e-01 -4.85197037e-01 9.15782452e-01
    -7.07702279e-01 1.76926565e+00 6.67112410e-01 6.17366374e-01
    4.64598536e-01 1.53331017e+00 5.53150177e-02 9.34298635e-01
    1.40760410e+00 6.64345622e-02 -6.75321817e-02 1.31951070e+00
    -6.55981898e-01 -4.33324575e-02 1.22620058e+00 1.21980274e+00
    -4.97830302e-01 7.86411881e-01 1.47686434e+00 5.92825115e-01
    4.08512712e-01 -1.94672346e-01 1.31756127e+00 6.87349439e-02
    1.41228580e+00 1.68733454e+00 1.66299975e+00 8.16748619e-01
    -2.53907800e-01 -4.75557148e-01 4.98287857e-01 6.40616477e-01
    6.35827482e-01 -6.76886439e-02 1.43395269e+00 7.15040505e-01
    1.06204939e+00 1.59217834e-01 1.55726743e+00 1.74633217e+00
    1.19840622e+00 1.21136355e+00 1.06536603e+00 -2.22637296e-01
    6.11633837e-01 7.19878376e-01 6.83380961e-02 1.75644088e+00
    3.90431106e-01 -4.94118541e-01 6.80077910e-01 2.11386561e-01
    4.44617927e-01 -6.26350284e-01 1.17047405e+00 -8.08016300e-01
    1.86254930e+00 -5.00256062e-01 1.11592388e+00 1.60643196e+00
    5.30183494e-01 1.61274171e+00 6.26726925e-01 4.04448450e-01
    -3.60825181e-01 3.66145492e-01 -6.98880613e-01 -7.64620900e-01
    9.19648111e-01 -8.11909199e-01 1.20588064e+00 1.74589944e+00
    2.54879296e-01 1.64278471e+00 5.37099540e-01 1.46389091e+00
    -4.25573230e-01 -5.41447520e-01 -4.42466855e-01 4.63525891e-01
    1.38207352e+00 -5.57121038e-02 2.97017455e-01 -7.42548525e-01
    5.25431454e-01 8.88001680e-01 1.20343566e+00 1.44731259e+00
    1.36905456e+00 -2.23372579e-02 2.40315259e-01 5.18235147e-01
    1.01406288e+00 1.34262311e+00 7.32097864e-01 1.69457150e+00
    -5.71083426e-01 -8.00441504e-01 1.18408859e-01 1.85018992e+00
    -4.96768117e-01 1.70923817e+00 1.20257139e+00 -3.34170461e-02
    -4.89385188e-01 4.64589596e-01 9.71614122e-02 1.65822005e+00
    1.33158362e+00 -7.11450636e-01 -7.09588170e-01 -6.48121715e-01
    5.10258794e-01 2.59601235e-01 1.63184166e+00 1.58497882e+00
    4.78200853e-01 -3.03581834e-01 3.67912889e-01 -1.68226123e-01
    -6.97728634e-01 1.58992362e+00 1.48494720e+00 1.65706038e+00
    -2.86657333e-01 1.75513208e-01 -5.42958856e-01 5.83319426e-01
    -3.70141447e-01 -4.25416768e-01 1.03332806e+00 -2.53609717e-01
    1.86456501e+00 5.17831802e-01 -2.78913379e-02 6.41121984e-01
    -2.55906701e-01 1.86349249e+00 1.42950940e+00 1.76755834e+00
    -5.91690779e-01 1.70547533e+00 1.09696150e+00 -2.05955327e-01
    4.95134413e-01 -2.79537857e-01 8.80328238e-01 9.53974724e-01
    -7.31414080e-01 6.49275184e-02 1.20069456e+00 -7.20854640e-01
    8.23436975e-01 -6.53292298e-01 6.85738146e-01 1.17813349e-01
    1.02924824e+00 -4.95720029e-01 1.27073836e+00 2.82222509e-01
    3.25260222e-01 -7.78477788e-01 -6.33127093e-02 1.85688829e+00
    1.15169418e+00 3.45419049e-01 -6.65609002e-01 9.27548409e-01
    1.66008472e+00 -3.69335651e-01 6.53191209e-01 -7.47729301e-01
    -3.75559866e-01 1.13594592e-01 -3.26947570e-01 1.20341444e+00
    -3.23599815e-01 2.58241415e-01 7.66187012e-01 8.73775959e-01
    5.97127318e-01 1.21050262e+00 5.38835585e-01 9.28063571e-01
    -2.14444220e-01 -7.77796209e-01 1.02932847e+00 3.48973870e-02
    1.49648905e+00 2.06014395e-01 4.95832205e-01 1.53551793e+00
    1.82354808e+00 2.75859296e-01 -4.20807868e-01 -4.76470321e-01
    1.58811140e+00 8.29436183e-02 1.56488872e+00 -2.26432621e-01
    2.00372279e-01 1.66234159e+00 1.84257388e+00 1.47241950e+00
    1.75107896e+00 1.21441758e+00 -7.09449649e-02 7.58677006e-01
    5.45926809e-01 6.37492061e-01 -3.11160147e-01 7.96520710e-02
    4.88476992e-01 -3.95105660e-01 -3.73407960e-01 -8.21879387e-01
    5.11341095e-01 -2.00320005e-01 5.53932071e-01 -1.79305077e-01
    1.12015522e+00 1.27164078e+00 -2.69676685e-01 3.59707654e-01
    8.09710681e-01 -8.95403624e-02 -1.23086631e-01 1.09528899e+00
    3.50095153e-01 -3.11989903e-01 2.09320784e-01 -5.77362299e-01
    1.50417316e+00 1.09990358e-01 -2.48612523e-01 -4.42851186e-02
    1.27240419e+00 -7.83590794e-01 1.08328414e+00 8.51166964e-01
    7.58068264e-01 2.59952545e-01 9.18729246e-01 -5.06493449e-01
    5.50643623e-01 9.49071586e-01 1.41538215e+00 -3.92781407e-01
    -1.07162058e-01 -2.78678954e-01 8.04431915e-01 -2.79524803e-01
    4.12244499e-01 9.95221376e-01 1.13350284e+00 3.46065223e-01
    -4.26835418e-02 1.01546597e+00 -7.31152177e-01 -8.00588429e-01
    1.52690506e+00 1.62533724e+00 1.14750528e+00 -4.54547584e-01
    3.96547079e-01 3.14869285e-01 4.96681094e-01 1.20062661e+00
    5.94731808e-01 -7.39999831e-01 -2.33321130e-01 -1.03050590e-01
    5.79409420e-01 -8.04071903e-01 8.83607984e-01 1.08195341e+00
    6.33202493e-01 1.80684829e+00 3.79777431e-01 -5.77573717e-01
    -8.99106264e-02 1.70721292e+00 3.21444690e-01 -2.88969994e-01
    -2.13699400e-01 1.75621510e+00 -1.64595008e-01 -3.19186926e-01
    1.32089794e-01 7.95497119e-01 -7.58998930e-01 1.30480516e+00
    2.59949505e-01 1.65709662e+00 1.12346625e+00 1.65648174e+00
    1.42800999e+00 4.50233817e-01 1.12605166e+00 4.63957191e-02
    1.15311742e+00 -4.51852351e-01 -8.23146701e-01 1.54095340e+00
    1.03958046e+00 1.10950685e+00 2.23744094e-01 -2.06601441e-01
    7.59517252e-01 4.43837345e-01 1.83655334e+00 -4.86712426e-01
    -2.39714861e-01 3.97135556e-01 -4.68367338e-01 -3.91289383e-01
    1.12053120e+00 1.66691589e+00 3.16721916e-01 1.84379399e-01
    2.16216207e-01 5.73175490e-01 -8.42202365e-01 4.43290353e-01
    4.84742403e-01 1.52821112e+00 1.72011185e+00 1.16971016e+00
    -3.12960207e-01 1.85428953e+00 -6.29936755e-01 5.87371409e-01
    4.90710437e-01 1.23201215e+00 -6.89997077e-02 1.68274558e+00
    6.17257595e-01 -1.92915142e-01 1.92225158e+00 -3.66101116e-01
    6.00356400e-01 1.55879545e+00 -7.51086712e-01 -1.58701599e-01
    9.19982970e-01 -4.60617989e-01 5.69037199e-02 1.18041992e+00
    6.68271065e-01 -1.47649586e-01 7.44266868e-01 5.80901980e-01
    3.08597922e-01 9.67414320e-01 -6.31077588e-01 -5.26315570e-02
    1.36489224e+00 2.89924741e-01 -3.69008869e-01 -4.23024297e-01
    -4.19087112e-01 3.94130528e-01 1.09711862e+00 2.46440411e-01
    -4.81113225e-01 6.65007532e-01 -4.46530789e-01 1.65298498e+00
    2.96539187e-01 4.53328311e-01 -7.24877775e-01 2.02038467e-01
    1.00050807e+00 2.71196961e-01 1.09433866e+00 -8.00166488e-01
    1.55966401e+00 3.21737707e-01 -7.57199049e-01 8.82081032e-01
    2.99621224e-02 -6.71501219e-01 3.56129169e-01 1.76486826e+00
    1.51514661e+00 -4.37498510e-01 3.66609752e-01 1.19240785e+00
    7.11421430e-01 1.87305307e+00 1.56304312e+00 3.36594820e-01
    -3.58312726e-02 1.69866741e-01 1.11860657e+00 4.83436406e-01
    9.68453884e-01 1.94217980e-01 -2.61910915e-01 5.73144913e-01
    6.55444741e-01 9.66142714e-01 3.63368332e-01 2.58183479e-02
    1.78220892e+00 1.68058491e+00 1.07535839e-01 1.77194643e+00
    4.29581940e-01 7.53538728e-01 -7.59661436e-01 1.56617069e+00
    1.32250726e+00 -4.30656523e-01 8.35966885e-01 1.80034268e+00
    -7.27275610e-01 6.75289690e-01 -4.80825156e-01 -2.42641568e-01
    -1.66877449e-01 -3.38927537e-01 5.48933983e-01 -4.23788041e-01
    3.30383480e-01 -3.68445277e-01 -8.72471333e-02 1.37225807e-01
    9.81248558e-01 1.66197753e+00 1.05974460e+00 7.04656720e-01
    4.60067451e-01 1.43901193e+00 8.18921685e-01 1.14490986e+00
    3.36544216e-01 1.68223417e+00 2.76509106e-01 1.76474118e+00
    -3.13481033e-01 4.90175486e-02 -4.01835263e-01 -6.44601226e-01
    2.10187674e-01 -7.59513080e-01 3.77177596e-02 1.72550452e+00
    -7.24597692e-01 7.03511834e-02 1.61538696e+00 1.06300986e+00
    6.11507952e-01 -5.32927990e-01 1.31180739e+00 9.78243411e-01
    1.60510659e+00 -4.44388092e-01 4.58073139e-01 1.38826132e+00
    2.98613906e-01 7.13132977e-01 7.60051847e-01 -2.43855059e-01
    4.63587642e-01 1.28619397e+00 9.37561095e-01 1.32246912e-01
    -7.10194409e-01 -8.05881560e-01 -1.23782992e-01 2.70285666e-01
    -4.66989875e-02 -4.78119433e-01 1.76020861e+00 1.34389400e-02
    9.10021245e-01 4.38780189e-01 1.04454374e+00 -3.09743106e-01
    -5.91544032e-01 1.69188976e-01 -6.92318797e-01 1.10832024e+00
    1.62913382e-01 2.05337703e-01 4.18539345e-01 1.53168035e+00
    -4.15877134e-01 3.12989533e-01 -3.15025449e-01 1.13905919e+00
    -1.69857204e-01 8.55958760e-01 1.82780826e+00 -6.20680749e-01
    7.42092073e-01 1.07536340e+00 -8.21910679e-01 6.34692311e-01
    1.60163379e+00 1.66314530e+00 1.59320796e+00 1.11351299e+00
    -1.94683492e-01 5.23703933e-01 -8.12098384e-01 -7.02964604e-01
    1.45428360e-01 5.42160451e-01 1.47897530e+00 -2.05182254e-01
    1.57751286e+00 -9.41932201e-03 -1.79271698e-01 1.14805162e-01
    4.04647708e-01 1.47980618e+00 1.30269885e+00 1.23479784e+00
    1.48628986e+00 -2.00366080e-01 -6.45401895e-01 1.27411151e+00
    9.39106822e-01 1.41508913e+00 9.77178812e-01 7.58603513e-01
    9.25915420e-01 -3.53339016e-01 -6.95664644e-01 9.72330987e-01
    1.36621678e+00 1.14262164e+00 -6.77055120e-02 -2.06264853e-02
    1.56734383e+00 8.50881636e-01 6.06066465e-01 -8.41380715e-01
    -5.14051676e-01 5.82164645e-01 -4.39951837e-01 -5.90314746e-01
    5.54458499e-02 1.47470737e+00 -7.67988563e-02 1.08513439e+00
    1.54493976e+00 4.25606430e-01 5.11613131e-01 2.82457471e-01
    9.61358130e-01 -8.43717217e-01 7.87888408e-01 1.26987410e+00
    -4.07625377e-01 1.65696287e+00 -6.77427232e-01 -7.93056667e-01
    3.84188712e-01 1.45455432e+00 2.50036538e-01 2.03919172e-01
    3.53175998e-02 2.63017476e-01 7.89422989e-01 1.51135194e+00
    -4.26894307e-01 1.67652607e+00 1.67175746e+00 5.00863254e-01
    -4.62564826e-01 -5.54534078e-01 -5.96832275e-01 9.28489447e-01
    -1.41167045e-01 -6.68527722e-01 1.51963437e+00 2.43793964e-01
    1.81081772e+00 2.95147777e-01 1.51487243e+00 1.20060694e+00
    7.48812139e-01 1.10194039e+00 1.53492403e+00 -1.73694432e-01
    1.33732796e-01 8.41574788e-01 2.36905038e-01 -4.88858163e-01
    1.17107749e+00 -4.60280001e-01 1.44390345e+00 1.79400873e+00
    1.51236391e+00 -6.96889162e-01 1.39345837e+00 5.93704998e-01
    3.90742779e-01 8.14025044e-01 1.59300351e+00 -1.03177488e-01
    1.10583735e+00 4.92497087e-01 -7.77221799e-01 1.87404132e+00
    -3.10464203e-01 8.42367470e-01 1.38012445e+00 -5.13195992e-03
    1.28595293e-01 -4.97729719e-01 -1.93476677e-02 1.12034535e+00
    8.43865633e-01 -6.41704142e-01 5.90909004e-01 1.29810941e+00
    -7.73327529e-01 1.33878803e+00 6.77364469e-01 1.56139112e+00
    1.16480923e+00 1.45183945e+00 -1.04686022e-02 -7.89032102e-01
    -5.59444785e-01 1.77504754e+00 1.80497742e+00 1.53402150e-01
    7.90559590e-01 8.33579779e-01 1.51531339e+00 -1.29518092e-01
    -1.49141073e-01 1.06609678e+00 -8.70227218e-01 7.99934804e-01
    -5.89009166e-01 1.34415114e+00 9.23707008e-01 1.83773780e+00
    1.67675853e+00 1.11319351e+00 2.61381865e-02 -5.43061972e-01
    1.97004914e-01 -3.12128127e-01 1.24422967e+00 1.15770388e+00
    1.30623651e+00 6.49190128e-01 -6.13102317e-02 4.98192251e-01
    1.40019464e+00 2.28771269e-01 -1.14143968e-01 1.59492338e+00
    6.53715074e-01 1.05856025e+00 -1.95988178e-01 1.02306306e+00
    1.45034933e+00 9.10238743e-01 -1.69189811e-01 4.73145187e-01
    -2.71284401e-01 1.59894347e+00 7.78830588e-01 9.23917472e-01
    -2.11573601e-01 9.11848545e-02 7.83827305e-02 -7.68090606e-01
    -2.11593449e-01 1.76361656e+00 9.80650783e-02 -4.28508133e-01
    6.50505960e-01 7.94775963e-01 3.04829240e-01 3.03691089e-01
    7.89112866e-01 1.72621083e+00 1.65306449e+00 8.82241428e-01
    1.56620264e+00 1.47428346e+00 1.15979850e-01 4.87686217e-01
    -2.84174025e-01 1.79535210e+00 7.51597226e-01 -3.04499924e-01
    7.06810951e-02 5.10639131e-01 7.89810538e-01 -5.81508636e-01
    7.08978057e-01 7.77656913e-01 -6.79852545e-01 1.68345928e-01
    -1.49454653e-01 7.93328166e-01 -4.33453023e-01 1.23594999e+00
    1.74298668e+00 6.81261480e-01 -3.97268236e-01 8.24915767e-01
    -8.65113795e-01 5.54525852e-02 7.62726963e-01 6.84698224e-02
    1.47968102e+00 1.71866870e+00 1.07772791e+00 9.13812816e-01
    1.07589340e+00 1.83342862e+00 4.24608350e-01 5.90796888e-01
    1.69891417e+00 6.75080240e-01 1.57198942e+00 9.32468057e-01
    1.39173961e+00 1.42593551e+00 -7.01257229e-01 3.86411309e-01
    -1.78221285e-01 2.76226401e-02 9.16715860e-02 8.60896111e-02
    1.18890619e+00 -7.12400794e-01 3.17293167e-01 -2.18186378e-01
    1.27392232e+00 1.79885983e+00 -4.13629472e-01 4.39481139e-01
    -1.44744515e-02 1.33560085e+00 2.72358835e-01 5.64975142e-02
    1.10652447e+00 1.81944370e+00 1.65979171e+00 -7.12984920e-01
    1.30142653e+00 8.56852770e-01 -3.65861416e-01 4.82943058e-01
    -5.35560846e-02 1.38745093e+00 -7.21249342e-01 2.33533442e-01
    1.32635176e+00 1.96574032e-01 -5.87119758e-01 -4.12544131e-01
    -4.07658726e-01 1.90811598e+00 1.15422702e+00 -5.08380353e-01
    1.69477415e+00 3.35448623e-01 -2.64682829e-01 1.67236543e+00
    1.48554611e+00 5.56698978e-01 2.98726201e-01 4.88379896e-01
    7.41657972e-01 1.72593999e+00 -5.72500467e-01 1.10919940e+00
    -4.87511098e-01 1.45037770e-01 1.69709635e+00 -7.98196077e-01
    1.59565806e+00 2.78917551e-02 7.77364910e-01 1.94345951e-01
    9.91169870e-01 9.41872597e-01 8.01961124e-01 1.06986296e+00
    -6.87122822e-01 1.39918792e+00 -3.13382745e-02 1.17830372e+00
    6.93075061e-02 9.95991349e-01 4.65082526e-02 1.51642728e+00
    1.82282877e+00 1.07077909e+00 9.04062390e-02 1.75930464e+00
    1.47037065e+00 5.12157679e-02 1.60968900e+00 1.75648451e+00
    -3.38196218e-01 -3.05388272e-01 6.79396391e-01 1.32309651e+00
    -1.26393080e-01 4.58751917e-02 7.98287928e-01 6.88977778e-01
    1.02193713e+00 9.03094769e-01 1.84721410e+00 1.48347521e+00
    1.85685086e+00 8.12241197e-01 5.28987706e-01 -1.14887118e-01
    1.84054792e-01 -1.95361197e-01 -1.27444208e-01 7.83482850e-01
    1.89281893e+00 -1.82841539e-01 1.46268582e+00 1.87277341e+00
    6.21821880e-01 1.80102026e+00 1.48723078e+00 -2.49296069e-01
    2.69369721e-01 2.11514831e-01 -6.25167966e-01 -2.22790003e-01
    9.34864044e-01 6.12302184e-01 5.31905890e-02 7.58687973e-01
    1.90287828e-02 1.47850931e+00 -4.26532388e-01 -7.64342785e-01
    2.74836600e-01 -2.62014508e-01 1.37568188e+00 9.29924250e-01
    -2.24202991e-01 3.58033776e-01 5.30656159e-01 -8.26822937e-01
    -3.50784749e-01 -1.22426331e-01 1.48908067e+00 8.95440161e-01
    1.05058050e+00 1.00097442e+00 3.71580124e-01 -4.83354867e-01
    -7.36677647e-02 1.44514680e+00 1.80006909e+00 -5.38831949e-02
    8.74622047e-01 7.31765151e-01 -7.54960239e-01 -7.14996815e-01
    1.26692665e+00 1.03870034e-01 -6.43894196e-01 9.92527544e-01
    -3.07083130e-01 -5.68753421e-01 2.53739536e-01 -2.11701334e-01
    4.20689583e-01 8.30203772e-01 4.89374816e-01 1.45867920e+00
    1.10247278e+00 5.02881289e-01 -7.14286864e-01 -2.74044037e-01
    5.29949605e-01 1.18361807e+00 -2.55975187e-01 1.82666743e+00
    1.84002757e+00 1.21964681e+00 6.87922955e-01 3.17566574e-01
    2.10743606e-01 6.45640671e-01 1.32195020e+00 -1.70220673e-01
    1.16166997e+00 -1.08903885e-01 3.05050075e-01 1.55435443e-01
    8.65664899e-01 1.57772470e+00 1.44904208e+00 -8.50699842e-01
    5.32248497e-01 8.41606975e-01 7.71287680e-01 1.45295525e+00
    1.45155513e+00 1.53630805e+00 -2.37900436e-01 4.53687072e-01
    -6.20301604e-01 9.13133800e-01 -6.10445619e-01 1.39695573e+00
    1.17308617e-01 -3.96634012e-01 -6.20159745e-01 1.15028787e+00
    1.53193378e+00 5.92231154e-02 1.75846267e+00 7.13989973e-01
    4.85884488e-01 1.23074627e+00 1.05380368e+00 -6.90972209e-02
    -6.92935884e-01 1.29586542e+00 -2.12017834e-01 8.31975341e-01
    1.76976180e+00 5.40630460e-01 9.93602276e-01 2.11758971e-01
    1.11883819e-01 1.38864136e+00 7.33923912e-02 6.30875111e-01
    1.55128562e+00 -3.62759829e-01 1.39780903e+00 1.48014855e+00
    1.18223882e+00 -2.16773987e-01 3.77705216e-01 2.24518716e-01
    -3.01022351e-01 -4.99553770e-01 -5.33144951e-01 -5.13460875e-01
    1.20029032e-01 1.66893959e-01 8.32428932e-01 8.10566545e-02
    1.22858715e+00 5.33853054e-01 1.25824857e+00 9.68526840e-01
    3.30566466e-01 -3.23045850e-01 1.17328167e+00 -1.95534766e-01
    1.75991237e-01 -3.17243516e-01 -7.67785728e-01 1.55553043e-01
    7.86322594e-01 3.96577895e-01 -3.32655251e-01 1.46932185e-01
    -3.27311754e-01 1.17412031e+00 4.94692981e-01 1.52898335e+00
    1.29677415e-01 -4.43058878e-01 1.39287806e+00 -3.22839856e-01
    5.09066224e-01 -7.53384233e-02 1.13550162e+00 9.49506700e-01
    -2.28820682e-01 -8.44502568e-01 4.12291586e-01 -6.26207590e-01
    -8.17837775e-01 1.05142593e-04 1.35964978e+00 9.25279319e-01
    1.76092207e+00 1.00490689e+00 -2.51183152e-01 6.12324595e-01
    9.94738936e-01 8.24597836e-01 7.43499100e-01 -4.86704111e-02
    1.59140587e-01 -7.90303588e-01 1.51303697e+00 7.80641675e-01
    1.17022800e+00 8.62539649e-01 4.57431555e-01 1.42250061e+00
    8.38010013e-01 1.68882656e+00 3.48269105e-01 7.44700372e-01
    -8.98497105e-02 -1.70754611e-01 1.86155653e+00 -8.96641016e-02
    -6.55445397e-01 1.15889537e+00 -3.08816314e-01 5.16875386e-02
    1.35680366e+00 1.54652822e+00 1.00980401e-02 3.67305219e-01
    -6.00067735e-01 -2.25379467e-02 -1.98470116e-01 -8.94081593e-03
    1.13416922e+00 1.46671641e+00 2.17161894e-01 1.34671926e-02
    1.25472069e-01 2.14403629e-01 6.08569324e-01 -4.93451476e-01
    -2.88847029e-01 6.65803969e-01 2.71587849e-01 5.48946738e-01
    5.86863041e-01 6.43854797e-01 6.31054461e-01 1.10464478e+00
    -8.53185177e-01 -1.42734468e-01 -3.78752977e-01 1.22849011e+00
    7.54366994e-01 1.76224279e+00 -4.43281531e-02 1.83842134e+00
    1.47394919e+00 2.83883512e-01 7.06590533e-01 8.31442475e-01
    -1.58693910e-01 1.62316179e+00 9.13580239e-01 4.73078728e-01
    1.28607082e+00 1.23672450e+00 1.09717536e+00 9.61914301e-01
    1.65428936e-01 9.41062510e-01 1.54364228e+00 6.39403284e-01
    -5.71801782e-01 3.41057122e-01 1.72085762e+00 1.80477619e-01
    1.71874499e+00 9.47326481e-01 4.39131439e-01 1.75524974e+00
    9.78428900e-01 -7.61677444e-01 2.85941005e-01 -3.95170063e-01
    1.92333186e+00 6.32538855e-01 7.52919674e-01 -3.46034825e-01
    1.47626615e+00 1.51090395e+00 -5.66705167e-01 1.79523373e+00
    1.43224072e+00 6.04819834e-01 -5.45025826e-01 6.81242049e-01
    -5.63240528e-01 9.87021446e-01 -7.83817291e-01 -1.43119812e-01
    1.02224040e+00 1.00932717e-02 -6.26256108e-01 -2.18991458e-01
    -8.09698999e-01 -7.81121254e-01 -7.31634200e-01 1.13329744e+00
    3.63447666e-02 -4.23922449e-01 -7.52055168e-01 1.14488053e+00
    3.06034923e-01 7.12008297e-01 4.16292667e-01 9.33436990e-01
    -3.70889902e-03 8.22496235e-01 -7.52869785e-01 1.33924735e+00
    3.16895306e-01 -3.97162557e-01 1.42142320e+00 3.85966480e-01
    1.20606375e+00 9.86892581e-02 -8.45916569e-01 -7.22490549e-01
    1.72336459e+00 1.51872432e+00 4.39167142e-01 9.62944508e-01
    1.18834877e+00 -8.21318388e-01 1.31825995e+00 -2.97109604e-01
    4.95300293e-01 1.34774780e+00 7.03027070e-01 1.16520715e+00
    6.20662510e-01 1.19119084e+00 -2.50289440e-01 -2.24432886e-01
    -5.99053264e-01 3.54748487e-01 -5.08436859e-01 -7.65075207e-01
    1.25777483e-01 -7.39233732e-01 6.46360934e-01 6.41120076e-01
    6.78685188e-01 9.21239257e-02 5.16619444e-01 6.41903162e-01
    -7.72181153e-02 -4.69445944e-01 1.22514319e+00 1.16951370e+00
    1.12725782e+00 1.84122992e+00 5.00958085e-01 1.21391547e+00
    7.06801236e-01 1.41827762e+00 -3.60026360e-02 -6.90849662e-01
    1.83358788e-01 -8.30547690e-01 5.55909097e-01 -3.66908550e-01
    -7.47089624e-01 9.63315606e-01 -8.14261794e-01 1.67278659e+00
    7.64168143e-01 -3.33312333e-01 8.96580219e-02 1.36608684e+00
    1.28744078e+00 4.86760497e-01 7.69638181e-01 -5.80554903e-01
    1.51921451e+00 -3.62538844e-01 7.72014022e-01 4.44434702e-01
    7.24565148e-01 1.22851551e-01 -8.01822901e-01 4.77770388e-01
    -1.82080567e-01 1.39361930e+00 1.36507106e+00 1.02713537e+00
    -7.35179842e-01 7.18283117e-01 1.64098358e+00 1.23942816e+00
    6.25753224e-01 8.71553361e-01 1.65957499e+00 5.74800193e-01
    6.51657045e-01 -3.28475833e-01 4.73935783e-01 1.15336895e+00
    -2.87837267e-01 -6.35588884e-01 -4.81299251e-01 1.38525939e+00
    -8.06462884e-01 8.34314227e-02 2.81907320e-01 4.61770773e-01
    7.86262095e-01 1.30383706e+00 -2.06293225e-01 -2.00506449e-01
    -5.20068407e-01 7.03104317e-01 -3.09712887e-02 1.08535457e+00
    -3.21602225e-02 1.26306474e+00 -6.47500515e-01 1.53539634e+00
    -6.45531356e-01 1.11755800e+00 -9.68178511e-02 1.75104022e+00
    5.75421214e-01 1.02434611e+00 -1.69789910e-01 9.27152634e-01
    8.34451079e-01 4.30434823e-01 -1.20022833e-01 1.01207960e+00
    1.27146220e+00 -1.14411712e-01 -2.14325428e-01 1.09382892e+00
    -8.39077830e-01 1.26142836e+00 -4.43644434e-01 -4.82509792e-01
    4.53332067e-02 -4.00025964e-01 4.93113577e-01 -6.35504127e-01
    1.70116746e+00 -1.37481987e-01 -6.38685703e-01 1.34413385e+00
    -8.88258219e-02 1.56953716e+00 3.94973934e-01 3.82128954e-01
    -6.16780043e-01 3.18766534e-01 8.86063457e-01 5.26181281e-01
    -4.79509562e-01 7.41836429e-01 1.27748609e-01 1.38653088e+00
    6.41012311e-01 6.48346722e-01 -3.68660867e-01 1.47214103e+00
    2.44542837e-01 -5.27571619e-01 8.38502228e-01 1.40212071e+00
    1.33568013e+00 -6.65793836e-01 -7.30726600e-01 1.00882053e+00
    1.44335151e-01 1.76854897e+00 7.99070239e-01 1.60554647e+00
    -1.99456036e-01 1.26285243e+00 1.15073466e+00 1.57286692e+00
    1.56315529e+00 8.63821030e-01 1.75969660e-01 3.42567086e-01
    3.02030146e-01 3.50680470e-01 -7.42893934e-01 -2.71506250e-01
    1.68688846e+00 1.91140175e-02 1.52642393e+00 1.69830370e+00
    1.88176227e+00 -6.77635014e-01 1.48860419e+00 2.11692810e-01
    1.63787961e-01 3.78127933e-01 3.36088598e-01 1.64628267e-01
    1.48851871e+00 -1.60791636e-01 1.80890727e+00 9.61543798e-01
    -7.12373853e-01 8.47819746e-01 1.72113204e+00 -5.93365729e-01
    7.47910619e-01 1.28503060e+00 6.80606842e-01 1.69593310e+00
    1.74077630e+00 9.07912433e-01 9.32592571e-01 -1.46494150e-01
    1.53145218e+00 1.22106147e+00 -6.57367408e-01 1.32396412e+00
    5.86827397e-01 6.96158051e-01 2.55952239e-01 -5.10081291e-01
    2.14549243e-01 4.56778646e-01 4.08184767e-01 1.06817031e+00
    5.22227466e-01 1.35974467e+00 -4.61691588e-01 1.15895414e+00
    1.77812278e+00 3.22098434e-01 -4.84215260e-01 7.46986270e-02
    -6.70929551e-02 3.18703651e-01 1.21736217e+00 -3.80939633e-01
    -1.27472818e-01 7.69376755e-04 1.01145554e+00 1.39108062e+00
    7.04591155e-01 6.21543467e-01 -5.72955787e-01 1.14614463e+00
    1.04912114e+00 8.52024555e-02 -7.47453094e-01 1.33601916e+00
    -4.26144958e-01 6.57380939e-01 1.55591524e+00 1.09017754e+00
    -1.29923761e-01 9.37105834e-01 -6.61555052e-01 4.89593029e-01
    -6.11795247e-01 4.92513180e-03 1.30141377e-02 -4.88928556e-02
    9.60518122e-02 1.51422071e+00 1.77421629e-01 7.59984255e-02
    8.01847517e-01 1.10993314e+00 8.68303239e-01 1.85317063e+00
    6.62378609e-01 5.35362720e-01 1.30300188e+00 1.60097563e+00
    3.51197958e-01 1.68125165e+00 -4.51162517e-01 8.32792699e-01
    8.06240082e-01 1.77604222e+00 2.33374894e-01 9.34204996e-01
    -7.79464304e-01 1.68111157e+00 4.15153384e-01 1.58304977e+00
    7.32008219e-02 -7.38609135e-01 -7.19239414e-01 4.57178831e-01
    1.80714869e+00 8.56765389e-01 1.12466538e+00 2.15315163e-01
    -1.38669312e-01 1.74292326e+00 -6.21984005e-02 -7.19910860e-01
    8.41307878e-01 -7.27233887e-01 6.31382406e-01 1.58594334e+00
    1.87968636e+00 1.52250409e+00 3.26218426e-01 -5.30308962e-01
    -7.01543689e-01 3.94863427e-01 1.00679636e+00 9.85686243e-01
    1.41322517e+00 1.63260341e+00 1.25342786e+00 9.23028529e-01
    9.22578871e-01 -7.80538142e-01 1.42627311e+00 1.55681562e+00
    -4.43611860e-01 3.21404696e-01 7.39688694e-01 -4.02458578e-01
    6.40631199e-01 1.82127762e+00 1.39349651e+00 6.94621682e-01
    1.29040134e+00 -6.68102801e-01 -3.53244632e-01 -6.09671175e-01
    -1.81241512e-01 8.77606988e-01 1.60422838e+00 1.88420296e-01
    1.09813333e-01 4.59611416e-04 6.42456651e-01 -7.80488610e-01
    6.64879203e-01 -2.19208479e-01 -3.81981879e-01 1.11500239e+00
    1.34791994e+00 1.50741935e+00 1.61264825e+00 8.83211195e-01
    6.15722001e-01 1.61040354e+00 1.81207538e+00 1.02140546e+00
    -3.41230452e-01 -3.01683605e-01 9.18950021e-01 1.49189901e+00
    6.62955999e-01 1.72873914e+00 -2.28719234e-01 -1.94349766e-01
    1.47206926e+00 5.46964765e-01 -7.73617744e-01 8.79536688e-01
    1.09629619e+00 -7.86561489e-01 1.65660655e+00 -1.37789190e-01
    -1.86190009e-02 -4.21876043e-01 -5.16110063e-02 1.42263365e+00
    -5.78766704e-01 5.60957551e-01 8.38724256e-01 4.85505879e-01
    3.24357092e-01 -3.47505510e-01 6.66209459e-01 1.61097622e+00
    7.80196607e-01 1.78486645e-01 -5.19157410e-01 9.55664635e-01
    7.79964447e-01 1.18633962e+00 -5.57300866e-01 -2.25995362e-01
    -4.72624391e-01 3.30971956e-01 1.25536656e+00 3.65503430e-02
    -4.34015960e-01 -6.65915966e-01 1.02116382e+00 4.38853562e-01
    1.78121090e+00 1.56282020e+00 -2.34369576e-01 7.30816126e-01
    2.28415787e-01 -6.49687409e-01 8.49410713e-01 1.68151093e+00
    1.92503631e-01 -1.74756169e-01 -5.90051651e-01 -4.60195363e-01
    -3.52122426e-01 1.12641048e+00 3.32374752e-01 1.81807423e+00
    -3.00382733e-01 -1.70192540e-01 -8.66538763e-01 -3.07923853e-01
    -3.44978273e-01 6.23644412e-01 -1.76893532e-01 1.17558789e+00
    8.55404198e-01 1.17517018e+00 3.06438684e-01 -5.54207027e-01
    1.19190490e+00 4.84106183e-01 8.63585353e-01 -6.39440358e-01
    -3.85494232e-02 -3.91085684e-01 1.19360089e-02 4.24242198e-01
    1.43701649e+00 4.54976559e-02 1.54850674e+00 -6.31193876e-01
    -2.06813157e-01 6.40188098e-01 3.34474921e-01 -4.16003197e-01
    -6.54247046e-01 1.56429148e+00 1.45239544e+00 1.43016279e-01
    1.21244502e+00 1.74145031e+00 -5.00673413e-01 -5.76746762e-01
    9.15965855e-01 -4.40378189e-02 1.62435043e+00 1.83811355e+00
    2.62300909e-01 -7.22027481e-01 1.35241795e+00 -5.23876429e-01
    -7.18540967e-01 1.01778471e+00 1.51117945e+00 1.48700058e+00
    -2.64590681e-01 -7.01048017e-01 -4.89706606e-01 -5.69715738e-01
    5.55109322e-01 -7.49961376e-01 5.95010579e-01 4.11686242e-01
    2.63323665e-01 5.65164208e-01 -3.50179434e-01 2.83429861e-01
    -4.01264369e-01 8.87519658e-01 1.04608059e+00 -8.14463019e-01
    1.80140281e+00 -3.59419346e-01 -2.31191397e-01 5.81190586e-02
    3.52325797e-01 -3.15933883e-01 3.53066683e-01 6.17388666e-01
    -7.25455940e-01 7.33453691e-01 5.12048483e-01 -5.03123820e-01
    -3.09365004e-01 9.54753935e-01 -6.92033291e-01 -7.63672829e-01
    9.82162714e-01 2.35712469e-01 -5.82201064e-01 4.38168764e-01
    9.12854314e-01 1.72243190e+00 -2.32435942e-01 1.54671454e+00
    1.58126152e+00 8.84646177e-02 -2.30050683e-02 3.44095111e-01
    5.74098408e-01 2.90210366e-01 6.12746119e-01 1.01693845e+00
    1.34577942e+00 8.85285079e-01 -7.27557003e-01 8.19452286e-01
    1.33057296e-01 1.18307531e+00 6.00786984e-01 1.70858502e-02
    1.16532278e+00 9.94828105e-01 -5.68119645e-01 8.65557611e-01
    8.03932071e-01 5.57114005e-01 -6.74270988e-01 1.56083071e+00
    1.45187378e+00 -7.69186258e-01 1.52690959e+00 -6.35916531e-01
    1.14449477e+00 2.48816013e-01 1.02226472e+00 -2.02704251e-01
    1.24882066e+00 -4.71093804e-01 -7.43770361e-01 2.80121982e-01
    1.38457179e-01 9.33963478e-01 1.13715363e+00 -7.95316994e-01
    -3.31645846e-01 1.54674053e-01 -4.85536963e-01 8.85200620e-01
    3.09180915e-01 1.70442355e+00 1.22370243e+00 1.54014945e+00
    2.78890729e-01 -1.61178827e-01 1.61411285e+00 4.13872898e-01
    -4.14900035e-01 8.82135034e-02 2.06490874e-01 -2.36519396e-01
    1.30575716e+00 6.59209788e-01 1.98382318e-01 1.19656932e+00
    1.52892470e+00 6.44246876e-01 -6.13991737e-01 3.18435550e-01
    1.67520130e+00 2.78802991e-01 1.59430718e+00 1.35720706e+00
    -7.04706311e-01 -6.30417466e-01 6.87069297e-02 -5.07629275e-01
    -6.06050789e-01 1.80462384e+00 9.78577077e-01 1.19972944e+00
    1.66393161e+00 -8.03504229e-01 3.60212743e-01 -8.65803480e-01
    9.75885332e-01 1.30592680e+00 6.35145128e-01 1.15753055e+00
    9.85770524e-01 -8.33109856e-01 -3.96803200e-01 2.16667950e-01
    1.60337186e+00 -3.90526265e-01 -3.32238466e-01 1.11163306e+00
    -2.14901090e-01 6.12740517e-01 -3.71363670e-01 1.57273412e+00
    5.85222840e-02 -6.36665106e-01 1.53333068e+00 -8.70262623e-01
    4.34353232e-01 -7.19116747e-01 -5.27212858e-01 5.59200466e-01
    1.45849133e+00 8.69710207e-01 -4.90503043e-01 1.41832685e+00
    1.11776400e+00 -8.44949007e-01 1.12601161e-01 -8.83541107e-01
    1.01023257e-01 2.77889073e-01 3.31288159e-01 -8.28730583e-01
    3.58509064e-01 1.29685080e+00 1.81825280e-01 1.21781170e-01
    6.16167843e-01 1.53300250e+00 1.03994250e+00 7.59487331e-01
    -8.35170567e-01 1.03126168e+00 1.13209188e-01 -3.98894906e-01
    1.35243869e+00 2.48374939e-02 -1.00495994e-01 -3.15845013e-01
    1.12158585e+00 -4.86013532e-01 -4.22581673e-01 -8.28731537e-01
    -2.98346937e-01 8.71073604e-01 -7.50455141e-01 1.65341496e+00
    7.31701732e-01 1.76191854e+00 -6.21309459e-01 3.59906793e-01
    -5.49820721e-01 1.16976070e+00 6.69093907e-01 1.57633841e-01
    -2.21028924e-02 6.50311649e-01 6.02374673e-02 3.37413549e-02
    1.37020624e+00 -3.37663203e-01 1.28655267e+00 4.37984705e-01
    -2.54706144e-01 4.40598369e-01 -3.18574309e-01 1.57206726e+00
    -4.42016453e-01 -5.53562164e-01 1.41698694e+00 -2.44903922e-01
    -8.48161936e-01 -3.82542551e-01 -7.53716409e-01 9.03188646e-01
    1.84546518e+00 1.22123933e+00 8.58046174e-01 9.90549862e-01
    -1.94048285e-02 1.83095753e+00 -4.49344516e-01 1.67358875e-01
    8.72455537e-01 1.23549020e+00 7.98392832e-01 1.12654829e+00
    1.70905447e+00 1.40666902e+00 1.90201068e+00 1.07287228e+00
    6.66694462e-01 6.42609894e-01 4.44601357e-01 6.98505104e-01
    5.27252793e-01 1.45068669e+00 -5.68686008e-01 1.84847450e+00
    -6.53483987e-01 -1.59738779e-01 8.17505240e-01 1.78866172e+00
    -5.77378750e-01 4.31125760e-01 -7.98102915e-01 8.88556004e-01
    1.21748042e+00 -5.86624205e-01 2.85023212e-01 -3.12102437e-01
    6.69910014e-01 1.09342074e+00 1.13490665e+00 4.99567509e-01
    1.05178392e+00 9.95660186e-01 5.11435866e-01 1.14591384e+00
    -2.90567338e-01 -5.26438355e-02 7.23956287e-01 1.82853496e+00
    -5.69990754e-01 -1.08153522e-01 -6.24249578e-01 7.62502909e-01
    -7.17381835e-02 -8.74303639e-01 1.40802050e+00 2.84319162e-01
    -3.97351474e-01 1.06245017e+00 1.30630422e+00 -9.14275646e-02
    -1.48303270e-01 -5.03206015e-01 1.38576937e+00 1.30918419e+00
    2.14262903e-01 8.79381299e-02 -5.60970783e-01 1.60789132e+00
    -4.08798903e-01 1.60709512e+00 1.26177549e+00 -2.63570547e-02
    1.89319372e+00 4.49095845e-01 1.22861624e+00 -8.05326760e-01
    8.63741636e-01 -6.00876510e-01 3.95552874e-01 8.18090796e-01
    -4.66334313e-01 -7.64754236e-01 1.81011176e+00 -2.14322209e-01
    4.64330316e-01 9.85925078e-01 -2.89746761e-01 6.23635292e-01
    1.13150191e+00 1.39151645e+00 1.79355502e+00 8.61077428e-01
    1.42335868e+00 1.52175641e+00 -4.89045978e-01 -2.15231299e-01
    8.65589201e-01 3.45117509e-01 -3.01163018e-01 6.73452199e-01
    2.23219275e-01 3.70669663e-01 -4.92172986e-01 1.11652100e+00
    6.89708769e-01 1.81449521e+00 1.43293417e+00 1.74444175e+00
    9.61565077e-01 1.18544185e+00 -5.32287955e-02 2.37435997e-01
    1.22462356e+00 -6.91061795e-01 6.51984513e-01 8.56311560e-01
    1.47120535e-01 1.73479462e+00 1.40369904e+00 -7.63819575e-01
    -8.57597351e-01 -8.56571138e-01 -1.62191868e-01 1.44798446e+00
    7.00789452e-01 1.10539317e-01 1.56572104e+00 -2.35589862e-01
    1.02429152e-01 -7.82780766e-01 1.78772211e+00 1.17724013e+00
    7.89887309e-01 5.43750644e-01 1.85549963e+00 -3.60533535e-01
    -7.00625479e-01 4.39736009e-01 -6.03195548e-01 1.33399725e+00
    8.30951989e-01 1.42262280e+00 1.87945986e+00 1.06598008e+00
    4.25892651e-01 2.61591673e-01 8.18150461e-01 3.62623751e-01
    -2.68542767e-02 -6.91068053e-01 2.24298596e-01 7.29090095e-01
    1.67308688e+00 8.25765967e-01 -4.87777948e-01 1.57582283e-01
    1.29341578e+00 1.25158560e+00 9.83929634e-03 -1.60657167e-01
    4.09214258e-01 1.54523194e-01 -1.05681956e-01 1.80857563e+00
    1.40444183e+00 8.06879997e-02 1.09674907e+00 1.04428422e+00
    6.19166911e-01 1.92609966e-01 -4.47343886e-01 -8.47301483e-01
    2.88963079e-01 -7.37707317e-01 -4.51409906e-01 1.22394490e+00
    -7.37592518e-01 4.62156534e-03 1.49225807e+00 1.34771729e+00
    8.55905294e-01 -2.98035920e-01 1.10216355e+00 1.69958782e+00
    -4.42649364e-01 5.30536175e-01 3.53234410e-01 9.27061021e-01
    -8.80215406e-01 1.58610272e+00 1.77330649e+00 2.00719953e-01
    -7.47252107e-01 1.71619189e+00 1.74663615e+00 1.51669681e+00
    8.05939376e-01 7.97134995e-01 -2.64829040e-01 -2.62939453e-01
    1.09362376e+00 1.34478176e+00 -5.93742013e-01 1.09710479e+00
    -8.05688024e-01 -4.72344369e-01 1.32635641e+00 -3.16271603e-01
    1.69420886e+00 6.84383094e-01 -1.03917599e-01 -5.86986423e-01
    1.30467653e+00 1.85479295e+00 -3.43625724e-01 1.03099704e+00
    -1.12456560e-01 5.75471461e-01 5.43032467e-01 1.82027411e+00
    1.40444255e+00 6.36095345e-01 1.20858800e+00 1.72763920e+00
    1.69571280e+00 -4.96934950e-01 2.46704936e-01 1.55244672e+00
    1.62265968e+00 1.61917686e-01 1.28558004e+00 -3.46752942e-01
    1.82563210e+00 1.90264034e+00 -2.59679914e-01 -6.22435808e-01
    3.27412426e-01 1.63854027e+00 3.40071678e-01 -3.58551145e-01
    -4.81268048e-01 -6.59804642e-01 -4.40377653e-01 1.76135445e+00
    3.66938055e-01 3.81852388e-02 9.40058351e-01 4.64367867e-01
    2.24121034e-01 1.57236814e+00 5.25619328e-01 -2.98017323e-01
    7.50073671e-01 8.16057682e-01 1.29690719e+00 -8.08225155e-01
    7.01529980e-02 1.33277988e+00 1.15616012e+00 -2.33610213e-01
    1.23349023e+00 -7.39187598e-01 1.10521817e+00 7.15165675e-01
    -8.28489423e-01 8.26450229e-01 -7.71117985e-01 3.08011651e-01
    4.57579494e-01 -3.19843352e-01 7.28876531e-01 1.00720727e+00
    4.50382411e-01 -4.36276346e-01 -1.14677012e-01 4.36520457e-01
    4.12416995e-01 1.70574927e+00 -7.24627614e-01 9.95006979e-01
    1.47746468e+00 9.06128287e-01 1.52836549e+00 5.65368533e-01
    -2.06004024e-01 2.60244787e-01 2.32548416e-01 1.76825881e+00
    5.96904755e-03 -3.23574543e-01 1.00439727e-01 2.07786679e-01
    1.48310244e-01 -4.11908329e-01 6.85981572e-01 6.57289863e-01
    -2.11571455e-02 1.48453331e+00 -7.59805501e-01 1.58579516e+00
    -7.33338237e-01 -2.27436244e-01 1.03310871e+00 -6.15660548e-01
    1.68067324e+00 9.08721268e-01 1.13060260e+00 1.49452519e+00
    1.60552633e+00 8.17613780e-01 -2.57885456e-01 1.88082814e-01
    -6.69369757e-01 1.81555152e+00 1.63677633e-01 6.57035291e-01
    1.62657046e+00 -1.96489155e-01 -5.45937419e-01 6.76884949e-01
    -2.06602275e-01 1.53592360e+00 6.00250959e-02 2.52278686e-01
    6.45183384e-01 -4.18054760e-01 1.34899759e+00 1.00172758e-01
    1.48700285e+00 1.04303014e+00 -7.93484449e-01 1.22040832e+00
    1.40633988e+00 -7.83856452e-01 -2.89594293e-01 -4.88023698e-01
    -8.15235972e-01 1.68048024e-01 -7.58330882e-01 8.01953256e-01
    3.53289247e-02 -7.49630094e-01 1.32003009e-01 -5.79652190e-01
    1.38330889e+00 -2.93254972e-01 -2.51973152e-01 -4.33803201e-02
    5.52934408e-01 -7.87074924e-01 8.54064941e-01 -3.46449494e-01
    8.54258835e-01 1.58949137e+00 1.62314975e+00 1.84784794e+00
    1.03207517e+00 -6.87761426e-01 -8.15202832e-01 -3.98142666e-01
    1.13729250e+00 -6.25031829e-01 9.92572010e-01 -6.46316648e-01
    -6.27659798e-01 4.84386444e-01 -3.53221714e-01 -1.67634606e-01
    5.36750853e-01 7.74989069e-01 1.01757622e+00 -4.37476993e-01
    1.57362342e+00 6.18772745e-01 -6.06019020e-01 9.96884346e-01
    8.99391174e-02 6.54889464e-01 -6.47616386e-01 -5.42139530e-01
    1.82562888e+00 6.92980409e-01 1.57382321e+00 2.41696894e-01
    1.26299179e+00 1.45578766e+00 1.05159378e+00 -5.45968652e-01
    1.56774998e+00 5.57548642e-01 -6.57844484e-01 -5.80088496e-01
    -1.69970930e-01 1.70862055e+00 -6.51342034e-01 -2.52809525e-02
    -6.22049093e-01 6.76321030e-01 1.81777096e+00 -6.44502938e-01
    -3.82794023e-01 -3.58568788e-01 -3.73976082e-01 -3.01664114e-01
    -5.10475278e-01 6.64637029e-01 1.09944034e+00 4.09496963e-01
    -4.86854523e-01 -5.62302709e-01 6.86562598e-01 -3.27385783e-01
    -3.88342500e-01 -1.48960412e-01 3.40933740e-01 8.88671994e-01
    1.26745081e+00 1.24701858e+00 1.45671821e+00 -8.51089656e-01
    8.54356468e-01 -8.59465003e-01 -3.73640567e-01 1.86966920e+00
    1.36346793e+00 9.83789027e-01 1.33265257e+00 2.88427830e-01
    2.65086591e-01 -7.68550158e-01 2.37568200e-01 6.56942666e-01
    8.89111876e-01 -5.42444110e-01 1.70623732e+00 1.04317665e-01
    1.56909430e+00 5.11980832e-01 3.84270310e-01 -5.46114147e-01
    9.51429605e-01 3.81914794e-01 1.52247977e+00 -5.47779143e-01
    -4.69468623e-01 -3.32028210e-01 7.97538280e-01 -3.53106260e-02
    1.05566955e+00 6.55824363e-01 1.20449877e+00 4.59144771e-01
    1.33813214e+00 1.95956886e-01 1.09381330e+00 -4.97354865e-02
    3.31940413e-01 5.84897339e-01 -4.18719620e-01 1.08595514e+00
    3.12840700e-01 1.83135962e+00 4.75142956e-01 1.30155754e+00
    1.18357527e+00 8.37347686e-01 3.36692512e-01 -1.76942587e-01
    -2.16343999e-02 1.16082454e+00 1.01230001e+00 8.95046949e-01
    1.84362042e+00 1.79056442e+00 1.11881542e+00 1.57738233e+00
    9.78977323e-01 3.32259774e-01 1.02951121e+00 -4.11463559e-01
    1.63704932e+00 1.46549296e+00 -4.55181301e-01 -2.32860863e-01
    -6.57692194e-01 1.51564360e+00 1.49334788e+00 -7.13881731e-01
    6.29026949e-01 1.79440486e+00 4.17324424e-01 3.62241685e-01
    1.86005116e+00 -7.74461985e-01 8.14719439e-01 -1.60750151e-01
    1.45789576e+00 1.77738059e+00 1.06791306e+00 -4.80317473e-02
    -1.33472085e-02 -3.44419241e-01 -6.27168596e-01 7.95514584e-01
    2.55338073e-01 1.50715947e+00 1.58196545e+00 1.52536654e+00
    1.37124753e+00 7.49900460e-01 4.81239319e-01 1.21711922e+00
    -4.27212209e-01 1.38802266e+00 5.85103750e-01 -7.80361295e-01
    1.18478513e+00 6.27285182e-01 1.29544449e+00 -6.93727732e-02
    4.64635074e-01 3.61570835e-01 1.38566232e+00 -6.72064185e-01
    -7.31675088e-01 8.03249478e-01 1.55496502e+00 6.20216131e-03
    -6.33266687e-01 -7.42239892e-01 -4.65013027e-01 2.75614619e-01
    1.82817388e+00 1.60493684e+00 9.14421141e-01 -5.50889134e-01
    -2.17929840e-01 -8.06821585e-01 1.67896402e+00 2.09797800e-01
    1.29095674e-01 8.87506902e-01 1.34586024e+00 1.83077669e+00
    3.77780259e-01 1.28334165e-01 -6.53377295e-01 -4.56761807e-01
    -4.75416780e-01 8.98493111e-01 1.72032094e+00 2.34345078e-01
    1.48332226e+00 2.86171496e-01 1.47684741e+00 -3.74767572e-01
    -1.63581431e-01 1.12826073e+00 -7.42029369e-01 5.56554914e-01
    -8.24298739e-01 -6.90649033e-01 5.31150699e-01 1.81120956e+00
    5.15220702e-01 2.54452705e-01 1.50960088e+00 -6.81865036e-01
    3.76557112e-02 1.77183342e+00 -8.03809285e-01 -3.84511292e-01
    1.40881872e+00 8.17085624e-01 4.06342506e-01 -4.64372486e-01
    1.37994647e+00 1.48182929e-01 -6.79500461e-01 7.11873174e-01
    4.71055508e-04 9.75381196e-01 -5.52678525e-01 1.32241607e+00
    -8.32788110e-01 -5.51354229e-01 1.30409360e-01 1.76829886e+00
    4.42372680e-01 -3.40919316e-01 -3.55693936e-01 1.52842641e+00
    -4.67592806e-01 -6.30674005e-01 4.47360039e-01 1.64766288e+00
    5.98880827e-01 1.51075864e+00 -6.82829738e-01 1.10530424e+00
    -1.98071957e-01 5.76023936e-01 1.60587633e+00 1.61320198e+00
    1.19653344e+00 2.55877972e-01 -1.00772798e-01 8.20623994e-01
    7.22987950e-01 -2.40848541e-01 -2.38833070e-01 4.83540893e-01
    7.00430751e-01 2.58851647e-02 3.87753904e-01 -2.17210650e-01
    1.56763077e+00 2.93959558e-01 8.20180953e-01 1.48513150e+00
    3.90023470e-01 7.42869198e-01 -6.17486477e-01 5.42830050e-01
    -6.72673762e-01 1.25663018e+00 9.42316055e-01 -7.32669771e-01
    4.59124923e-01 1.12886810e+00 1.35225308e+00 9.05945122e-01
    7.11425483e-01 -6.74608886e-01 1.41359532e+00 -2.24367380e-02
    9.40584421e-01 1.50124407e+00 -3.18190038e-01 -3.70956182e-01
    -1.44542396e-01 1.58709574e+00 -5.87893724e-02 1.46459973e+00
    4.52951729e-01 5.88719368e-01 9.25873280e-01 1.31015897e+00
    1.61008549e+00 1.85703075e+00 -2.74910927e-02 1.75107408e+00
    -5.77684939e-01 2.00901926e-01 5.21895885e-01 1.41927421e-01
    -7.34293103e-01 -1.21856153e-01 1.01203394e+00 7.86462367e-01
    9.47202921e-01 4.16821480e-01 2.24082589e-01 9.24151361e-01
    1.72759461e+00 -2.37671256e-01 8.58501315e-01 7.74762869e-01
    3.33227098e-01 -3.79649878e-01 1.56718802e+00 1.48571384e+00
    9.71753418e-01 4.46295798e-01 -8.50842357e-01 3.68705571e-01
    7.08866596e-01 -7.08056629e-01 1.54990387e+00 -5.06573379e-01
    5.17851055e-01 -3.30077767e-01 3.71634066e-01 -5.55149794e-01
    1.03508759e+00 5.34026086e-01 1.68146360e+00 -1.05758250e-01
    -3.87509316e-01 1.71937871e+00 1.45870006e+00 1.34745812e+00
    6.33311570e-01 1.76583838e+00 1.35256469e+00 1.11003065e+00
    -5.53994417e-01 1.33571625e-01 1.86910319e+00 -6.13158584e-01
    4.60173666e-01 2.36924887e-02 4.27359581e-01 2.06888914e-01
    -5.36520302e-01 -8.08160126e-01 1.03012133e+00 1.49599612e-01
    -4.06001210e-02 1.01568031e+00 2.56777763e-01 1.91005468e-02
    -2.23917782e-01 1.50798774e+00 4.56037819e-01 1.63034606e+00
    9.63743985e-01 -1.32761657e-01 -3.55048001e-01 -4.03969526e-01
    1.76226413e+00 5.86215854e-02 -6.63640320e-01 -4.18370962e-03
    1.09491253e+00 1.78364265e+00 3.98591936e-01 -6.00987911e-01
    -1.22015595e-01 6.63573086e-01 -5.71182013e-01 1.30380940e+00
    9.52087343e-01 -6.69177175e-01 3.45896542e-01 -3.13853025e-02
    1.68721974e+00 1.05625057e+00 1.00164068e+00 1.34413874e+00
    -7.04947114e-01 1.03377247e+00 1.13013387e-02 2.24662483e-01
    1.63605571e+00 5.10208011e-02 1.86060584e+00 1.77671206e+00
    -1.06727242e-01 -1.47727787e-01 1.49733925e+00 3.09838355e-01
    -4.68163937e-01 1.98578179e-01 1.13367653e+00 5.45209110e-01
    8.69828343e-01 -2.79688478e-01 -7.69262135e-01 -1.02283478e-01
    2.00851858e-01 -3.35791409e-01 1.62826729e+00 1.35376370e+00
    1.37701416e+00 1.17674232e+00 1.24486899e+00 5.44101894e-01
    8.74351859e-02 1.19683683e+00 7.97912240e-01 -2.23475575e-01
    -3.99942338e-01 1.17385030e+00 1.66337466e+00 1.75137639e+00
    -4.75193560e-01 8.12823236e-01 1.64775491e+00 -5.63056648e-01
    7.65689731e-01 1.04074633e+00 1.12744212e+00 4.20831919e-01
    5.54671109e-01 -1.88544571e-01 1.16534591e-01 1.93821549e-01
    1.01303458e+00 1.22359908e+00 1.84378147e-01 1.07723284e+00
    1.30046368e+00 -7.00819671e-01 -7.59544671e-01 1.69803095e+00
    1.61491585e+00 -3.05701256e-01 4.82462466e-01 -3.93260449e-01
    1.49735212e+00 1.47883463e+00 6.34872913e-01 7.55485356e-01
    1.19833398e+00 -1.73261642e-01 1.84207726e+00 1.67746472e+00
    8.31175029e-01 2.17861712e-01 1.44849420e+00 -6.16156340e-01
    -3.17651629e-02 -8.42123330e-01 1.48659551e+00 1.41017258e+00
    -5.54197431e-02 -6.49889469e-01 1.29395652e+00 1.07244349e+00
    -4.53090578e-01 1.31639266e+00 -2.91659832e-02 1.14041400e+00
    -7.38642097e-01 8.53067100e-01 -4.41253394e-01 -3.68274868e-01
    -6.82235479e-01 5.40749311e-01 1.80127180e+00 2.11104751e-02
    3.60119522e-01 1.86016858e-01 -6.73530579e-01 3.74812663e-01
    -1.09920144e-01 8.40240777e-01 -5.94794750e-03 1.51509881e+00
    -4.10924762e-01 -6.17816627e-01 -1.65827692e-01 -8.24912131e-01
    6.56653225e-01 2.78921723e-02 3.25203836e-01 1.01350617e+00
    9.41055059e-01 2.94446647e-01 1.80187368e+00 -3.40062737e-01
    -6.16437197e-01 -3.32659483e-01 1.61112940e+00 8.66925836e-01
    1.28763902e+00 6.14709556e-01 1.76239014e+00 1.34253502e+00
    9.38826442e-01 -7.02627361e-01 2.27515042e-01 3.21110725e-01
    1.30523574e+00 -7.84754515e-01 1.70833206e+00 7.95806229e-01
    6.93678319e-01 1.68064260e+00 1.24321449e+00 8.46926093e-01
    9.54999268e-01 1.74829364e-01 -8.47116292e-01 4.18360114e-01
    -7.01458752e-01 -4.64496583e-01 7.71084785e-01 1.82746923e+00
    1.26759803e+00 1.10756230e+00 -5.77640772e-01 6.14571571e-01
    1.21563554e+00 1.48107123e+00 1.68130577e+00 3.68818879e-01
    1.57645273e+00 1.71224809e+00 1.18315768e+00 -4.12161589e-01
    1.23449135e+00 1.75355053e+00 9.37329590e-01 8.24086607e-01
    1.70453978e+00 2.98528671e-01 7.38072991e-02 1.81808364e+00
    9.01678503e-01 -5.89603126e-01 5.70638239e-01 2.38810956e-01
    1.67848611e+00 1.19767141e+00 -7.68176556e-01 -2.09390342e-01
    1.00701094e-01 2.12276995e-01 1.41409695e+00 -2.45626986e-01
    3.23677659e-02 1.71897411e+00 -3.72108042e-01 3.10239673e-01
    1.87505412e+00 1.45889711e+00 9.00807977e-02 3.41083169e-01
    7.48946607e-01 1.69097185e-01 8.26205552e-01 4.18676734e-01
    -3.03109050e-01 1.55120230e+00 5.26000559e-01 1.48883009e+00
    1.95197642e-01 -7.63521671e-01 1.45928144e-01 9.32762623e-01
    9.85563815e-01 6.92607641e-01 8.06088984e-01 2.31029987e-01
    -3.17999661e-01 1.73494828e+00 -2.82851219e-01 -5.78831553e-01
    1.08833659e+00 7.63203323e-01 4.39147949e-02 1.05348074e+00
    -1.09861732e-01 -7.99756825e-01 -1.81381047e-01 -7.93625772e-01
    1.00482392e+00 1.19906056e+00 7.45801926e-02 -6.39370680e-01
    5.01620054e-01 -5.47474623e-03 5.62377095e-01 5.02439439e-01
    1.10366011e+00 -8.61664176e-01 -3.83921653e-01 -1.62229478e-01
    9.53465462e-01 7.77848959e-01 -8.59608769e-01 1.63208485e+00
    1.79501510e+00 9.52043474e-01 3.45609903e-01 2.13267803e-01
    1.60819948e+00 1.75536036e+00 1.66249895e+00 4.32118058e-01
    -1.86729372e-01 1.89681828e+00 6.88383162e-01 5.07928789e-01
    -6.21905982e-01 2.74931192e-01 3.92348289e-01 -7.13121891e-03
    1.33821332e+00 1.87395060e+00 -9.34304595e-02 -2.65515685e-01
    1.51747382e+00 6.24734879e-01 1.04207718e+00 -5.07379413e-01
    -5.25207520e-01 1.61470127e+00 -1.46562636e-01 1.71327412e-01
    -3.79053831e-01 5.86700618e-01 -1.66447282e-01 1.20378017e+00
    -7.37377524e-01 1.80092621e+00 2.47676432e-01 1.25994277e+00
    1.61313581e+00 1.23921406e+00 4.48133349e-02 -8.52756321e-01
    1.62759924e+00 1.22215462e+00 -6.42626762e-01 3.74906838e-01
    1.37136638e+00 1.30316687e+00 -1.19651973e-01 1.49086237e+00
    1.72162056e-02 -4.73552346e-02 1.00935328e+00 1.14291620e+00
    -8.68430912e-01 -5.85631967e-01 9.41595852e-01 1.50226450e+00
    -7.80702174e-01 -2.81949759e-01 6.76743686e-01 8.17167282e-01
    1.80412900e+00 7.71861672e-01 -5.86243153e-01 5.57463109e-01
    -9.19362962e-01 9.50889111e-01 9.01518881e-01 -6.69426918e-01
    7.23494589e-01 -5.87421834e-01 -2.40783572e-01 1.69040835e+00
    8.20154130e-01 1.77931416e+00 -7.16396987e-01 -5.88699222e-01
    6.20038450e-01 -2.44792402e-01 -7.44274259e-02 1.57820678e+00
    -4.95750308e-01 1.25164437e+00 -7.30568528e-01 -7.95428753e-02
    1.76848006e+00 1.66150427e+00 6.31491482e-01 1.23529792e-01
    9.67632830e-01 5.60034871e-01 -5.63866913e-01 6.43284976e-01
    -7.90710926e-01 1.25338793e+00 1.59824300e+00 -4.60622370e-01
    8.38807940e-01 1.06045556e+00 9.09392715e-01 1.18424165e+00
    -7.75224626e-01 -5.23400247e-01 4.45002198e-01 -2.14235663e-01
    -1.98918998e-01 7.44099975e-01 2.40290165e-02 6.67468667e-01
    -6.40570104e-01 -1.15798354e-01 6.86511815e-01 -2.94085324e-01
    2.48497725e-02 8.55075002e-01 4.51330900e-01 -4.07956839e-01
    1.33468008e+00 -2.71022797e-01 -5.83923578e-01 -3.38469148e-01
    7.39553750e-01 4.92683291e-01 1.71857071e+00 6.99389577e-02
    -1.63641214e-01 3.01463723e-01 8.92180800e-01 4.49660599e-01
    -2.50514984e-01 8.62949491e-02 2.74500906e-01 9.33175027e-01
    7.94788003e-01 1.38363838e-02 6.07776523e-01 1.42775381e+00
    -4.19521332e-01 1.61626816e-01 9.46159422e-01 5.96404552e-01
    1.84659100e+00 6.28006041e-01 3.99035275e-01 -2.25476801e-01
    7.72130907e-01 -3.61015201e-02 1.00665903e+00 5.09351969e-01
    1.06153917e+00 7.27592051e-01 1.33803046e+00 -1.83387935e-01
    9.97005522e-01 1.74248457e+00 3.78992558e-02 -3.15928042e-01
    -1.47565246e-01 1.16387582e+00 1.87276185e+00 7.01243818e-01
    -2.35607505e-01 1.02195370e+00 6.02137446e-02 -4.11064208e-01
    -6.71284318e-01 -3.01033616e-01 -9.08933878e-02 7.34381795e-01
    1.30241895e+00 1.62106836e+00 1.09995079e+00 -8.44594240e-02
    1.38168752e-01 6.21893823e-01 -6.05147243e-01 1.36154580e+00
    4.43320990e-01 3.37247133e-01 1.27602971e+00 1.49497604e+00
    -6.00806534e-01 7.13583231e-01 1.37315154e+00 2.37177789e-01
    -6.88951254e-01 1.22826672e+00 2.44589448e-01 1.72528577e+00
    1.25881338e+00 3.91582251e-01 -8.01144838e-02 1.86162019e+00
    1.48670030e+00 1.41226900e+00 1.69503868e-01 1.81030989e+00
    1.33838820e+00 -1.72366738e-01 -5.27881026e-01 1.85493755e+00
    -1.11544430e-01 8.47802162e-02 -2.45149255e-01 1.51345146e+00
    3.58270764e-01 1.47855091e+00 5.24932206e-01 1.70659542e-01
    8.91058207e-01 -1.38463140e-01 -6.51132405e-01 1.11923504e+00
    1.17948198e+00 2.85991490e-01 1.01319265e+00 -5.50477087e-01
    1.65617287e-01 1.81271589e+00 1.78914249e+00 -7.69868791e-01
    -2.44252443e-01 1.65317070e+00 -4.55580831e-01 8.28302085e-01
    7.85657287e-01 3.12253714e-01 1.44441295e+00 1.20204711e+00
    5.83902597e-01 7.28519559e-02 1.81800008e-01 1.78096294e+00
    2.86020875e-01 -2.08952606e-01 7.80232072e-01 1.81264138e+00
    5.85821033e-01 1.78629160e-03 1.35271311e+00 -3.91886443e-01
    1.61880910e+00 3.01733196e-01 1.83659208e+00 -5.39050698e-01
    -3.72919947e-01 1.84696674e+00 1.54284477e+00 1.28754497e-01
    8.89247835e-01 -4.41619068e-01 1.91278756e-01 2.04801440e-01
    -4.38371927e-01 1.40941620e+00 -8.08036566e-01 9.43011642e-01
    -7.04540789e-01 1.68890905e+00 1.65494251e+00 9.50342715e-01
    1.19906664e+00 -5.29222250e-01 2.49789119e-01 5.49876750e-01
    4.77009118e-01 6.57108724e-01 -3.89457732e-01 1.63715959e-01
    1.57860339e-01 4.79263842e-01 3.11648011e-01 1.10133481e+00
    1.74598479e+00 -7.71542788e-02 7.23747611e-02 1.67448759e+00
    1.24038947e+00 1.40400231e-01 3.77695560e-02 9.40458179e-01
    1.39887953e+00 -5.30690312e-01 1.33096850e+00 7.22241402e-01
    1.51722002e+00 3.23135316e-01 -1.89861774e-01 1.18556738e+00
    -1.86423063e-02 1.57788992e-02 5.60177207e-01 1.71784341e-01
    -5.99361598e-01 5.85213363e-01 9.16923642e-01 5.22274315e-01
    8.06277752e-01 1.15858352e+00 8.12175453e-01 1.91229522e+00
    1.97108090e-01 9.67886984e-01 1.69761431e+00 1.55665469e+00
    9.07103658e-01 7.08546162e-01 1.66875470e+00 7.31834412e-01
    1.80340290e-01 1.35858965e+00 1.06256962e-01 1.13110137e+00
    1.29888940e+00 8.26546550e-01 1.61937380e+00 1.42038488e+00
    4.86063123e-01 -4.04125869e-01 1.68450499e+00 1.60198963e+00
    2.34213412e-01 -7.23938346e-01 1.28965485e+00 4.04443622e-01
    1.48357034e-01 1.71925867e+00 2.32466161e-01 1.73832238e-01
    1.68509495e+00 -1.04787767e-01 4.92963970e-01 7.01591492e-01
    -5.22943914e-01 2.42450595e-01 2.30475903e-01 1.02471113e-01
    3.62224519e-01 1.62279296e+00 -7.47347772e-01 -6.84198618e-01
    3.38207424e-01 -1.55820906e-01 -5.80081224e-01 -3.89601797e-01
    8.01455975e-03 -3.49668801e-01 1.06421995e+00 3.86910200e-01
    1.21763349e-02 6.18956268e-01 1.77166080e+00 1.79794884e+00
    -2.13799357e-01 5.87402046e-01 4.37346101e-02 1.02963591e+00
    -2.36300230e-01 5.14061391e-01 -1.41585946e-01 1.30877519e+00
    2.01025426e-01 1.33621085e+00 -3.60470891e-01 1.08802533e+00
    1.06723559e+00 1.32920206e+00 5.35778105e-01 1.23813295e+00
    -5.00059128e-03 4.20130193e-01 -6.82645500e-01 -9.63647962e-02
    7.18582034e-01 -1.34242892e-01 1.48321211e-01 2.52543092e-01
    -8.10690761e-01 -3.04844618e-01 1.77148008e+00 -5.10213256e-01
    8.94504189e-01 2.23260820e-01 1.36202192e+00 1.60285842e+00
    1.36591721e+00 1.54849160e+00 7.20154703e-01 1.33255899e+00
    -1.48568511e-01 -7.64835835e-01 -4.31679189e-01 6.89815879e-02
    -4.77329552e-01 1.93627357e-01 -3.20574343e-01 1.88867009e+00
    9.64630783e-01 4.38614786e-01 -5.22822738e-02 1.11044884e+00
    7.88860023e-01 1.56824338e+00 -7.09001064e-01 6.95752442e-01
    -4.66857404e-01 1.47797060e+00 -5.85049391e-01 -6.78860486e-01
    1.45297015e+00 6.88300133e-02 1.11241794e+00 1.71011353e+00
    -4.58584219e-01 5.14907420e-01 1.30144513e+00 -8.07990432e-01
    6.45511329e-01 -3.55233431e-01 -4.77293074e-01 -5.47948122e-01
    8.55589390e-01 1.05912495e+00 1.20011663e+00 9.68003929e-01
    1.30547857e+00 1.62127292e+00 -2.95638502e-01 -8.76339376e-01
    1.39584959e-01 1.16264606e+00 7.89659679e-01 1.32134044e+00
    -2.09704518e-01 2.93459594e-01 1.55053794e-01 3.00035715e-01
    1.55416346e+00 8.43869984e-01 4.07775640e-01 -4.02568758e-01
    2.17936635e-02 1.68089330e+00 -6.15574539e-01 -3.20414245e-01
    1.47972655e+00 1.44741917e+00 1.77480292e+00 1.99891150e-01
    -3.91757578e-01 1.52095509e+00 1.80424690e+00 1.14283037e+00
    -4.50131387e-01 -7.16884255e-01 -5.65145612e-01 9.24781442e-01
    1.75581753e+00 1.02492595e+00 5.41280508e-01 1.20773172e+00
    8.61724019e-01 -1.50734603e-01 -4.90928024e-01 -7.80600905e-01
    5.68028092e-01 -3.09472084e-01 1.44269037e+00 -1.37063801e-01
    -7.84812510e-01 1.13077307e+00 -3.67385745e-02 -7.89397895e-01
    1.83724451e+00 -3.52823973e-01 1.14319253e+00 6.00343943e-02
    -7.37919688e-01 1.07991743e+00 1.35280883e+00 9.19293940e-01
    -6.01813197e-01 4.42858815e-01 -1.61802709e-01 2.46897519e-01
    -7.07558274e-01 1.26589358e+00 9.35077012e-01 6.41768456e-01
    -2.89663076e-01 1.34843206e+00 -5.16421437e-01 1.47152722e+00
    -1.83990717e-01 1.07094622e+00 9.40725565e-01 6.14168286e-01
    1.25246227e-01 2.53424764e-01 -4.12913203e-01 -7.41037190e-01
    5.31044602e-01 1.00917220e-01 1.32992160e+00 -4.95085567e-01
    -8.82568955e-02 -4.11171705e-01 -3.18842292e-01 1.31320071e+00
    1.16930223e+00 -3.96846324e-01 -8.14590931e-01 9.73103166e-01
    7.77238250e-01 1.69878316e+00 2.04123497e-01 6.08184278e-01
    1.60782695e+00 1.40522861e+00 4.26034153e-01 -8.34680974e-01
    1.01373696e+00 -7.59861946e-01 6.23805940e-01 1.69699192e+00
    1.40362644e+00 -2.58141041e-01 1.24405432e+00 2.50111163e-01
    1.02887499e+00 -4.12873119e-01 9.56711352e-01 4.74120259e-01
    -2.83493996e-02 1.63473773e+00 6.45547688e-01 1.22145164e+00
    -8.41252148e-01 -8.45448375e-02 1.05741799e+00 1.67737579e+00
    -3.50913942e-01 1.30071020e+00 -2.83742011e-01 6.92557454e-01
    1.11930728e+00 7.23633707e-01 9.23991799e-02 -1.25242412e-01
    -1.21288896e-01 1.31677961e+00 -7.33356118e-01 1.17564654e+00
    1.15693521e+00 9.60857391e-01 -7.02338874e-01 1.70192015e+00
    9.87724304e-01 -4.22603041e-01 1.17392993e+00 5.54855704e-01
    -1.68170035e-01 -1.49438322e-01 1.63290536e+00 -4.23895121e-01
    1.61808372e+00 8.40411365e-01 1.47919536e+00 1.76318550e+00
    -1.89842761e-01 -9.46456194e-02 -8.44559431e-01 1.07110262e+00
    1.41704369e+00 1.67675066e+00 -4.17993844e-01 7.60267675e-01
    7.10455358e-01 6.38935447e-01 1.25260854e+00 -6.22589886e-01
    -1.44825220e-01 1.35933423e+00 -4.95716959e-01 1.13839447e-01
    1.13279402e-01 1.84534216e+00 3.03738296e-01 1.43136930e+00
    -8.10431659e-01 1.08704352e+00 1.13554645e+00 -2.39144564e-01
    1.46998715e+00 4.63589191e-01 1.78163421e+00 4.18724060e-01
    -5.23131132e-01 -7.16912150e-02 2.70381570e-01 6.21859252e-01
    -3.05214882e-01 7.40957737e-01 -4.11071450e-01 9.79412377e-01
    1.80172360e+00 4.19597685e-01 3.86673212e-01 1.18810368e+00
    8.94096553e-01 1.75652003e+00 -7.41301954e-01 5.30120492e-01
    -7.04124570e-01 -5.63194573e-01 -9.98331308e-02 8.18775833e-01
    5.65353274e-01 -3.77275079e-01 1.58149683e+00 9.05621052e-02
    -5.78006744e-01 1.51620817e+00 -6.25101686e-01 1.07076764e+00
    1.19146419e+00 1.07306433e+00 6.95738435e-01 -5.90344906e-01
    5.14964283e-01 1.86277342e+00 4.13967133e-01 1.39459062e+00
    7.43595600e-01 8.09624493e-01 -2.21586227e-01 1.32805800e+00
    -7.54745007e-02 1.84573078e+00 5.29155374e-01 -3.30551982e-01
    -8.40455294e-03 1.57898402e+00 -6.87707603e-01 -3.69893312e-02
    4.00246918e-01 1.32362819e+00 5.87451458e-01 3.82342160e-01
    8.90805423e-01 -5.28217554e-01 1.35869098e+00 1.70702899e+00
    9.44915414e-02 7.58804560e-01 -6.26712739e-01 1.78216338e+00
    9.11208630e-01 1.20460224e+00 5.92009127e-01 3.53539228e-01
    1.33289623e+00 -3.65592778e-01 -8.55016649e-01 -2.19010592e-01
    9.37962830e-01 1.14336848e+00 1.04876161e+00 1.61106789e+00
    8.71828973e-01 -5.06961703e-01 1.49529862e+00 1.27509928e+00
    -2.36846566e-01 1.69559205e+00 9.28228259e-01 9.50930178e-01
    1.03999400e+00 1.32836819e-01 1.80282652e+00 -8.31522644e-01
    1.79437149e+00 -2.95790553e-01 5.08131981e-02 -5.87489009e-01
    1.49517798e+00 -8.35414946e-01 -8.58319998e-01 9.78116512e-01
    -5.95542789e-02 -1.52371585e-01 -3.43880653e-02 -8.59450698e-01
    1.50885212e+00 4.83739913e-01 1.38677013e+00 8.49613547e-02
    4.91399407e-01 6.67295516e-01 1.11141336e+00 1.42460680e+00
    1.55630231e+00 -4.90523964e-01 1.48242402e+00 1.56546187e+00
    4.40327227e-01 1.04907382e+00 1.64181054e+00 1.95723832e-01
    1.39803624e+00 7.58044720e-01 9.20781255e-01 1.31663203e-01
    -6.11361861e-02 1.53251624e+00 1.33476067e+00 6.06018186e-01
    1.45623040e+00 1.46940160e+00 2.70308673e-01 7.42782056e-01
    -4.46542770e-01 -7.97969460e-01 8.12697411e-03 1.64408016e+00
    -7.04251766e-01 8.06195557e-01 2.19574928e-01 1.27181804e+00
    -1.91105425e-01 1.41894102e+00 9.08141613e-01 2.82069087e-01
    8.83907557e-01 4.33300793e-01 1.77289176e+00 1.74692130e+00
    -3.28852654e-01 1.87105441e+00 -7.11753964e-02 8.80283713e-02
    6.19292617e-01 -2.37168789e-01 9.03486252e-01 1.42518961e+00
    1.78760040e+00 1.02140844e+00 -2.80204713e-01 1.86697662e+00
    3.25572014e-01 1.85980892e+00 9.89091992e-01 1.00308990e+00
    3.14613223e-01 6.94608092e-02 1.80180132e+00 8.42384100e-01
    -6.91801965e-01 -3.49676609e-02 1.47543824e+00 1.40210581e+00
    1.35191774e+00 1.04606330e+00 8.53891969e-01 1.29245663e+00
    1.08195686e+00 1.89850688e-01 2.74831057e-03 1.03631353e+00
    8.69095385e-01 -5.08608818e-01 1.43532681e+00 1.63169527e+00
    3.06786537e-01 4.75797296e-01 1.82139277e+00 -2.96369374e-01
    3.60195875e-01 7.43395090e-01 1.01020670e+00 8.33600760e-01
    -3.86624038e-01 -2.83356607e-01 -3.96255255e-01 1.65053153e+00
    -7.92468607e-01 -5.02899289e-02 -5.06065369e-01 1.58470690e-01
    -4.18368012e-01 -7.00816751e-01 -3.59361798e-01 2.16878712e-01
    8.11996222e-01 -1.79473937e-01 -5.52713811e-01 -5.51009238e-01
    1.22297549e+00 8.48845720e-01 6.45064771e-01 -3.55258584e-01
    1.88824534e-01 1.03600550e+00 1.82512641e+00 7.27985859e-01
    1.80820680e+00 -2.27005482e-02 7.52250612e-01 2.99030960e-01
    -5.00560820e-01 -6.16960287e-01 4.20894444e-01 1.12496901e+00
    8.38497579e-01 -2.54985929e-01 1.89499569e+00 -9.50326324e-02
    4.74925816e-01 1.24890745e+00 1.00214791e+00 -6.78142607e-01
    -6.64857745e-01 -8.04678679e-01 1.13672304e+00 -6.42937422e-03
    9.55595732e-01 6.26476765e-01 1.27365041e+00 1.73966646e-01
    1.64542317e+00 1.38102293e+00 -5.43969989e-01 3.72221589e-01
    1.66707408e+00 1.12046134e+00 6.37282133e-01 -3.49624515e-01
    -7.32620597e-01 1.33018994e+00 4.23021197e-01 3.43517780e-01
    7.45032012e-01 9.30913687e-02 1.52684212e+00 1.73265791e+00
    2.24624753e-01 1.30731881e-01 6.29008770e-01 1.43678176e+00
    4.64341938e-01 -8.16742659e-01 -8.24469149e-01 1.40020394e+00
    6.37292683e-01 -5.51673174e-01 -1.36662066e-01 1.09870303e+00
    1.82274294e+00 -6.99264109e-01 -1.35560870e-01 6.05425477e-01
    -4.82635826e-01 1.16313612e+00 -2.81149030e-01 -5.95437169e-01
    4.05762851e-01 7.55876422e-01 1.41804028e+00 3.01743567e-01
    9.19337928e-01 1.01476049e+00 -3.31015855e-01 1.16840196e+00
    9.15613234e-01 -5.38461804e-02 -7.77765274e-01 -7.77287483e-01
    3.23347807e-01 1.25974226e+00 1.53381944e-01 1.46320748e+00
    9.05685246e-01 1.03974760e-01 9.52021360e-01 1.02492380e+00
    1.69369912e+00 8.17378998e-01 -1.68066144e-01 1.62753963e+00
    1.74615383e-01 6.22646630e-01 -7.75982559e-01 1.22714162e+00
    1.13490558e+00 1.82256961e+00 1.11628020e+00 3.56944442e-01
    8.57741117e-01 2.44805157e-01 9.95847940e-01 1.00838113e+00
    8.97979736e-01 -6.35325909e-03 -1.89447641e-01 4.01614487e-01
    1.90092945e+00 -3.67710561e-01 -7.77876019e-01 1.09728777e+00
    1.65706420e+00 5.63071609e-01 1.10935831e+00 1.43878043e-01
    -6.50436580e-01 -6.68426216e-01 8.76958370e-02 1.59279633e+00
    1.72435153e+00 5.54197669e-01 -5.96164107e-01 3.90244722e-01
    1.48095751e+00 7.51154661e-01 1.43571615e-01 -6.54670537e-01
    7.90471613e-01 -7.09801912e-02 1.56126213e+00 1.35199380e+00
    7.63750136e-01 -4.20243531e-01 -7.38706350e-01 1.39100981e+00
    2.90135086e-01 1.56200469e-01 -3.07729125e-01 3.58307183e-01
    3.58479798e-01 2.97286570e-01 8.40160251e-02 -3.13141823e-01
    7.54217029e-01 9.20130134e-01 -6.63866520e-01 1.75695205e+00
    1.72020996e+00 7.02551067e-01 9.90410686e-01 9.30534482e-01
    -1.53579652e-01 1.35077560e+00 6.53834045e-01 1.65490508e-01
    -4.10874605e-01 -6.92988157e-01 4.04791594e-01 -2.39979208e-01
    1.29497743e+00 5.54607213e-01 1.33715379e+00 5.30151188e-01
    7.26428390e-01 9.99833763e-01 5.71345091e-01 8.17220330e-01
    -7.81808197e-01 1.41914189e+00 -2.02762544e-01 4.11900938e-01
    -6.30948842e-01 -5.23749590e-01 1.30270076e+00 7.28369534e-01
    1.43588829e+00 -7.89204180e-01 -7.58042276e-01 1.53459978e+00
    5.17959416e-01 1.79076576e+00 -4.99919266e-01 1.32987714e+00
    6.77624702e-01 1.04425263e+00 1.77126622e+00 6.16527319e-01
    1.85610127e+00 -7.80410171e-01 2.99401224e-01 6.70233369e-02
    7.47785211e-01 -3.95875871e-01 5.99728584e-01 1.21548855e+00
    1.67770624e+00 8.44236195e-01 1.65798974e+00 8.55813086e-01
    -7.85395086e-01 3.78833652e-01 -4.88242030e-01 -5.65025985e-01
    -7.44514942e-01 1.59705281e+00 1.58403111e+00 -7.23388731e-01
    -9.67234373e-02 -7.67453492e-01 3.06093216e-01 1.45199466e+00
    6.59378409e-01 1.52057552e+00 6.16254985e-01 -6.58416152e-01
    1.28258467e-01 1.46476424e+00 -1.48191273e-01 6.72041714e-01
    1.20120287e+00 5.83477259e-01 1.28524232e+00 -5.74846923e-01
    1.73065805e+00 -6.69933558e-01 1.89588141e+00 6.13539040e-01
    6.43630326e-01 1.86241460e+00 1.15295589e+00 6.63564622e-01
    -1.74413204e-01 -2.59771287e-01 1.34431911e+00 1.19920778e+00
    1.45802021e+00 -1.53780639e-01 -7.22375333e-01 1.91149390e+00
    1.18879795e-01 -3.03602934e-01 1.66021228e+00 3.71541440e-01
    6.30901039e-01 1.97565556e-03 -5.20646274e-01 1.77488542e+00
    4.61194694e-01 -2.21705616e-01 1.39820242e+00 4.42522764e-01
    1.65466154e+00 -8.76315236e-02 1.65293229e+00 9.23450589e-01
    -6.04222655e-01 -1.87086225e-01 -5.73829830e-01 3.00663233e-01
    -6.42528415e-01 -3.90287191e-01 1.00056458e+00 1.53576279e+00
    1.20398974e+00 8.89907122e-01 -2.39699244e-01 -7.44405329e-01
    1.58661842e-01 1.75891471e+00 1.03970528e-01 -6.52679503e-01
    9.13227439e-01 -7.11650729e-01 -6.05962932e-01 -5.96268058e-01
    3.79550219e-01 1.35604680e-01 1.36686718e+00 -2.43777096e-01
    -4.33986843e-01 -9.97451544e-02 6.78561926e-01 9.80600297e-01
    -2.50624120e-01 7.84541965e-02 1.54806530e+00 1.07507133e+00
    -6.81109190e-01 1.03780270e+00 1.25965607e+00 1.70779777e+00
    -3.76246452e-01 9.35946465e-01 5.61929345e-02 -1.91472173e-01
    1.05243528e+00 -3.44902635e-01 7.63101816e-01 -3.36211324e-02
    9.02908325e-01 1.08045316e+00 6.93879306e-01 1.22905016e+00
    -8.08911324e-02 5.93412995e-01 -5.32280862e-01 2.89592087e-01
    3.87684524e-01 -3.70048493e-01 6.15270615e-01 -7.32067585e-01
    -7.51898825e-01 8.87855291e-02 1.67057896e+00 1.41913319e+00
    -3.64498436e-01 8.39589953e-01 1.34149647e+00 7.64320016e-01
    -7.26605237e-01 7.55993426e-01 8.05371642e-01 1.66013527e+00
    8.45324218e-01 1.40892673e+00 1.22217119e+00 1.59543049e+00
    1.21243536e-01 1.96305513e-01 8.86486173e-02 -6.68127656e-01
    7.59158134e-02 -2.85136580e-01 -4.08245623e-01 -5.09013653e-01
    -4.73946095e-01 -3.18798363e-01 -6.73328161e-01 6.15866601e-01
    -1.05071843e-01 3.86806309e-01 -4.15861011e-01 -6.09779537e-01
    -6.97181106e-01 1.12986660e+00 -3.37239206e-01 1.28498673e-01
    7.22054422e-01 4.22640622e-01 3.36192191e-01 -5.17320037e-01
    8.57448936e-01 -6.13496959e-01 1.38835943e+00 6.38118923e-01
    -8.27398419e-01 -7.39964128e-01 2.38607049e-01 1.42181754e+00
    1.09628344e+00 1.80575228e+00 5.06470740e-01 4.13492918e-02
    1.82080996e+00 8.00486624e-01 7.95805395e-01 8.56973231e-01
    1.55309224e+00 1.24729681e+00 -6.97540998e-01 8.67335677e-01
    5.78465283e-01 -1.59770966e-01 1.57433212e+00 1.34162664e+00
    3.99952650e-01 1.20418930e+00 3.08802843e-01 1.49894249e+00
    -2.39282489e-01 1.21384859e-03 3.27483535e-01 4.41008449e-01
    6.30943358e-01 -3.62604856e-02 -2.25283086e-01 1.10837436e+00
    1.23418546e+00 1.11723769e+00 9.83561933e-01 2.43266582e-01
    8.94293666e-01 2.64402986e-01 1.50692320e+00 5.91565847e-01
    1.60899711e+00 -1.86383069e-01 7.79256642e-01 -1.02266550e-01
    -5.15909433e-01 9.80060756e-01 -2.96884894e-01 1.27774417e-01
    -2.24547386e-01 3.73643756e-01 9.97007132e-01 -2.60479748e-01
    3.10750008e-02 -8.78146946e-01 1.68310702e-01 -4.42519188e-02
    1.58405662e+00 -6.40536666e-01 -4.20764655e-01 -3.74329329e-01
    -3.75044614e-01 -1.60330176e-01 6.17216229e-01 1.20601654e-02
    1.03173399e+00 1.63727570e+00 -7.40699530e-01 -6.66820943e-01
    -3.22466254e-01 -4.21178609e-01 2.65192986e-01 -2.33086407e-01
    -4.95124131e-01 1.83284926e+00 -1.23210311e-01 -1.55646086e-01
    1.01049662e+00 1.47783160e-01 -7.21725166e-01 1.63872385e+00
    1.79352021e+00 -2.42906511e-01 -5.66679835e-01 7.61509597e-01
    1.89932871e+00 -3.19357157e-01 -3.76091123e-01 7.82791793e-01
    1.48536491e+00 4.68858004e-01 -8.15442145e-01 9.48903441e-01
    8.43106568e-01 5.01636922e-01 9.02211070e-02 -5.28317690e-03
    6.77325726e-01 -7.41557002e-01 4.76333499e-02 1.08063674e+00
    -2.33787298e-02 2.34173059e-01 1.23738718e+00 9.62415218e-01
    4.84059393e-01 1.86259580e+00 7.35338628e-01 4.97606277e-01
    1.08976364e-01 3.60295773e-01 -6.49176240e-02 -2.16736436e-01
    7.21216917e-01 1.36187577e+00 7.88260460e-01 1.51271820e+00
    -6.80172443e-01 -7.09953666e-01 2.76921630e-01 -5.01496971e-01
    -2.00602412e-01 -1.85992718e-02 1.60063553e+00 1.77625084e+00
    1.46399283e+00 1.35825944e+00 7.45492756e-01 1.81083441e-01
    1.85635281e+00 1.82764244e+00 2.11209536e-01 1.21544087e+00
    6.66456282e-01 -5.82838893e-01 8.67575109e-01 -1.05027199e-01
    5.18861413e-02 1.59099960e+00 -7.23014534e-01 1.55859089e+00
    3.22780550e-01 -7.00507879e-01 1.43338656e+00 1.30486798e+00
    9.85420167e-01 -7.02499270e-01 1.37864232e+00 1.12078881e+00
    9.96948481e-01 -7.98396826e-01 1.83979452e+00 1.62861133e+00
    -8.17880094e-01 -4.33317423e-02 4.79973435e-01 7.56799817e-01
    1.65608978e+00 1.24961984e+00 -6.93172157e-01 1.43134379e+00
    -6.01279795e-01 1.13314676e+00 1.33343065e+00 -1.95831060e-03
    1.71696401e+00 1.29583478e-02 5.60170352e-01 1.70675778e+00
    7.87887752e-01 2.46464670e-01 9.65653062e-02 -7.40271270e-01
    9.46171045e-01 3.75908017e-01 6.84128165e-01 1.01852262e+00
    1.53681207e+00 -3.05351079e-01 -2.51784682e-01 -2.32734561e-01
    6.37405217e-01 -6.05948746e-01 -3.47788692e-01 -6.06305838e-01
    -6.78093553e-01 3.36228669e-01 1.19071984e+00 1.46718240e+00
    1.11261034e+00 -1.19076669e-01 1.20059991e+00 -4.98970628e-01
    1.23566210e-01 9.45374846e-01 -8.66836905e-01 8.28866959e-02
    1.37945855e+00 3.16479504e-01 8.56875956e-01 1.70082116e+00
    1.21403074e+00 -6.05992436e-01 -5.12105823e-01 -2.47658074e-01
    -3.66553873e-01 -6.31803632e-01 7.51683772e-01 1.30611920e+00
    -6.72996342e-01 1.43656301e+00 4.22403812e-01 1.29441285e+00
    3.88650000e-01 2.50969529e-02 -6.02906168e-01 -3.24445069e-01
    3.01844239e-01 -7.54841089e-01 1.41841435e+00 1.35494661e+00
    -5.56427836e-02 6.80338323e-01 -8.35319579e-01 -1.78346276e-01
    -7.68774033e-01 -3.63497078e-01 -3.86243403e-01 1.73290420e+00
    -2.72106290e-01 1.76877499e+00 -7.73751199e-01 3.80289674e-01
    4.51038122e-01 -5.07074952e-01 -6.30225003e-01 -5.75711608e-01
    -6.96923971e-01 1.74711561e+00 3.45774770e-01 1.62291741e+00
    1.09949541e+00 1.69749367e+00 -1.40808403e-01 7.58093715e-01
    1.21637607e+00 -7.29176700e-01 -3.47173393e-01 1.80657446e+00
    8.57208967e-01 9.03631270e-01 -7.75192916e-01 -4.35016930e-01
    1.74322987e+00 3.65288258e-02 1.41417015e+00 -2.63757646e-01
    1.41588438e+00 1.28394997e+00 1.40242016e+00 -2.87247598e-01
    1.59509087e+00 1.00654268e+00 -6.76565766e-01 -1.20690227e-01
    1.41174483e+00 1.66388893e+00 1.69173372e+00 -4.71600920e-01
    8.94837141e-01 4.14586306e-01 7.28760481e-01 1.33791244e+00
    9.00355577e-01 -1.67526424e-01 9.59008634e-01 -7.48852670e-01
    1.22258699e+00 1.50826120e+00 1.10989785e+00 1.70131814e+00
    1.59110653e+00 5.15254557e-01 6.78149581e-01 3.40592861e-02
    1.17315412e+00 9.33762312e-01 -4.90842611e-01 -7.89001822e-01
    5.57133019e-01 5.00959516e-01 1.47329938e+00 1.73816657e+00
    1.73999488e+00 1.01211357e+00 -5.45901895e-01 5.06429911e-01
    1.43805206e-01 2.95070887e-01 6.75829411e-01 1.18451190e+00
    1.47525501e+00 1.61540234e+00 4.59282398e-02 -5.05229831e-01
    1.12806571e+00 1.84292245e+00 8.38858783e-01 1.46684837e+00
    4.76074398e-01 1.04306746e+00 8.27978969e-01 4.26863551e-01
    -5.49495220e-01 -2.96927989e-01 -3.38157117e-01 1.00958920e+00
    1.22630072e+00 -5.31942248e-01 5.53874969e-02 1.59004474e+00
    3.84060144e-02 9.67459798e-01 4.99675512e-01 2.70531297e-01
    -6.07309341e-01 2.84106314e-01 -6.75082684e-01 1.55463445e+00
    -4.73442644e-01 -3.64424855e-01 1.50108552e+00 -4.92630213e-01
    1.49883807e-01 6.44014418e-01 5.47007918e-02 -3.49415660e-01
    -5.45314848e-01 1.03984261e+00 -2.41070390e-01 -5.41892171e-01
    4.03463185e-01 1.24551666e+00 1.15057766e+00 -4.91060019e-02
    7.15268612e-01 1.24549580e+00 -5.25218844e-02 1.48839116e+00
    -2.33472824e-01 1.47170866e+00 4.72794354e-01 5.54620206e-01
    8.38952541e-01 -4.20818686e-01 -3.25417578e-01 -1.72333002e-01
    1.09508407e+00 -1.79258227e-01 -5.23330688e-01 -7.92958021e-01
    -7.01623321e-01 1.45569801e+00 -6.04260921e-01 5.47702670e-01
    -5.33020139e-01 9.27170515e-01 1.30844676e+00 2.53832519e-01
    -6.14523888e-04 8.87472153e-01 1.59723461e-01 1.23556542e+00
    7.42272556e-01 2.83653378e-01 6.88466132e-01 -4.20662165e-01
    -6.61124349e-01 1.63931739e+00 8.46619487e-01 3.24159682e-01
    1.75550890e+00 -6.24027729e-01 -6.81167245e-01 -6.88405633e-02
    -9.05236006e-02 1.99578583e-01 1.08899415e-01 3.27022016e-01
    1.50328422e+00 1.13481522e+00 1.34828663e+00 1.17654800e-02
    1.41235328e+00 7.96111166e-01 4.67565298e-01 -7.27182388e-01
    1.72709966e+00 -3.87599736e-01 1.46086979e+00 -3.71247470e-01
    1.36381507e+00 4.29821253e-01 5.86407840e-01 1.54493976e+00
    1.43352854e+00 1.18142271e+00 -6.22575760e-01 1.87648988e+00
    1.43854022e-01 -6.64246678e-02 1.41566634e+00 -5.23241997e-01
    4.02323604e-02 6.24402285e-01 -8.76247227e-01 -1.02586389e-01
    1.16531670e+00 3.88893127e-01 9.60896015e-02 1.42679226e+00
    6.69221699e-01 -1.31125927e-01 1.32533431e+00 -5.26459634e-01
    -3.82567555e-01 4.80181575e-01 1.83126378e+00 2.01218069e-01
    1.00957227e+00 -6.54380143e-01 1.73575068e+00 1.17475986e-02
    6.67035997e-01 9.50110018e-01 -4.77446914e-02 -1.43357515e-02
    1.36408043e+00 -8.54597449e-01 4.75295424e-01 -7.80699253e-02
    8.18538666e-01 1.63664007e+00 1.19111109e+00 1.76874578e+00
    1.13224757e+00 4.70920146e-01 1.06736887e+00 1.79901171e+00
    1.77839780e+00 -2.66394258e-01 1.41985798e+00 4.14347768e-01
    -3.16078305e-01 7.02897370e-01 5.66567779e-02 1.39039874e+00
    -3.12252522e-01 -2.83687532e-01 1.75817442e+00 -6.58177316e-01
    7.12625563e-01 1.15115166e+00 6.24648869e-01 1.49984145e+00
    3.76169324e-01 1.39275241e+00 7.59708107e-01 9.33228433e-01
    -1.97105944e-01 -1.99135900e-01 7.35662580e-02 1.43556571e+00
    6.94514871e-01 5.34246981e-01 7.81077266e-01 7.35486031e-01
    1.66577721e+00 1.35547411e+00 1.09623218e+00 1.41354108e+00
    -2.10325003e-01 1.42436993e+00 8.49046230e-01 -1.73014641e-01
    1.83985591e+00 9.33692694e-01 6.23809874e-01 1.32196546e-01
    4.11488831e-01 -7.96318054e-01 6.17412746e-01 4.88023400e-01
    1.63473117e+00 1.81467688e+00 7.11603165e-01 8.29521060e-01
    1.80035853e+00 9.41544473e-01 1.06556749e+00 1.00525570e+00
    6.75107062e-01 -1.60495043e-01 5.88522971e-01 -2.19806731e-01
    1.79229259e+00 1.55466342e+00 5.55456996e-01 9.65320051e-01
    2.81026781e-01 1.00706649e+00 1.38465953e+00 4.40947950e-01
    -3.09142113e-01 1.70481420e+00 7.49208093e-01 5.94716847e-01
    8.00647914e-01 1.73892808e+00 2.62770593e-01 -3.30039918e-01
    5.25570750e-01 -2.28612781e-01 1.69401717e+00 -4.78399664e-01
    1.73158073e+00 -7.16871262e-01 -4.59517986e-01 5.26372194e-01
    1.55132985e+00 2.64661252e-01 6.69462264e-01 1.22823775e-01
    9.51810598e-01 1.51804566e+00 1.42926764e+00 1.51992834e+00
    6.93890631e-01 8.50110233e-01 1.71872473e+00 1.43396354e+00
    1.62497354e+00 1.41945112e+00 2.45380342e-01 7.24960268e-01
    1.40276253e-01 -4.63861376e-01 1.04917729e+00 -6.02282405e-01
    1.21463549e+00 -6.81466699e-01 1.16378963e-01 -7.59290040e-01
    1.78991175e+00 5.16625106e-01 8.99249434e-01 1.62773371e+00
    1.32671821e+00 -8.14332306e-01 -6.64409995e-02 5.84986866e-01
    1.70076108e+00 1.66319847e-01 8.58886838e-01 5.64636350e-01
    1.64396834e+00 -8.74402702e-01 -3.00014734e-01 1.36692679e+00
    -3.50156248e-01 1.55145109e-01 -8.29142630e-01 -2.04892218e-01
    -4.29692835e-01 5.23604155e-02 1.86985838e+00 2.42038071e-01
    -6.49366796e-01 6.82643831e-01 -3.87372106e-01 -7.74500847e-01
    4.91052806e-01 4.52742934e-01 1.23974168e+00 -7.34894574e-01
    1.47131205e-01 4.24101472e-01 1.22099590e+00 8.82185400e-01
    -4.83433336e-01 -6.86020851e-01 5.54621398e-01 -7.12917149e-01
    1.31786060e+00 1.39546168e+00 -7.09812105e-01 8.13953876e-01
    9.60435987e-01 1.77830935e+00 -6.60244346e-01 -1.79525435e-01
    1.57977474e+00 1.54758012e+00 1.66497874e+00 1.75321937e-01
    -5.71291089e-01 1.17559385e+00 1.35678887e+00 1.02544844e-01
    6.76739991e-01 -4.78287548e-01 -1.85829818e-01 2.93716371e-01
    -5.42421877e-01 1.43900621e+00 1.33108830e+00 1.67221677e+00
    -8.36857557e-02 9.93395925e-01 1.73572564e+00 1.18252599e+00
    -1.50670230e-01 6.82582259e-02 -5.25930762e-01 -4.10684019e-01
    -2.74585009e-01 7.79576242e-01 -7.73685098e-01 -2.13841200e-01
    9.91948843e-02 1.78684306e+00 -3.14706743e-01 4.82852161e-01
    1.41065371e+00 -5.97849488e-01 -9.09243226e-02 -3.12002599e-01
    3.19073558e-01 -3.48295867e-01 -6.16709411e-01 -8.34633052e-01
    2.25818694e-01 3.30686569e-02 1.12603426e+00 -4.77892756e-01
    6.16906285e-02 1.97526574e-01 -2.21937239e-01 -4.44102287e-03
    2.26555884e-01 -4.27680522e-01 -2.25462079e-01 -6.43373728e-01
    9.41682041e-01 -6.36173904e-01 1.46098983e+00 1.29286456e+00
    -4.80977952e-01 -4.13123250e-01 -5.51652074e-01 -3.18412155e-01
    -4.52440500e-01 1.84111810e+00 7.87996054e-01 9.66416478e-01
    7.67215848e-01 8.45012963e-01 -5.22813797e-02 7.86905169e-01
    3.91598463e-01 -3.46027017e-02 6.33275628e-01 2.98633635e-01
    7.47402191e-01 2.54741132e-01 7.04291701e-01 -8.11162114e-01
    -3.12670588e-01 5.86499631e-01 -1.16700351e-01 -6.59634292e-01
    -1.35321140e-01 1.58908153e+00 -2.20640540e-01 1.02854824e+00
    3.75266910e-01 -7.03143775e-01 4.67236757e-01 1.51987314e+00
    7.54918396e-01 -8.17464352e-01 1.56939292e+00 -6.27002418e-01
    7.53875077e-01 8.53183687e-01 -2.31073380e-01 1.24907827e+00
    7.36973584e-01 1.82701778e+00 1.76157188e+00 1.45800161e+00
    7.38737583e-02 -3.07959735e-01 3.62597764e-01 1.54872668e+00
    1.60356832e+00 1.69074821e+00 -1.09635592e-02 1.36196327e+00
    9.21080947e-01 2.88457036e-01 -1.08068943e-01 -6.73103094e-01
    -4.69232261e-01 -6.54100358e-01 1.02501535e+00 1.14011049e+00
    1.06981063e+00 1.55709958e+00 -1.02707386e-01 -8.90386701e-02
    4.04694498e-01 2.05578566e-01 -7.99703002e-01 1.33228946e+00
    1.89519787e+00 5.52412033e-01 4.87412095e-01 -8.15454841e-01
    8.12943280e-01 1.84071851e+00 5.50308824e-02 4.32174265e-01
    7.51783371e-01 4.70594227e-01 1.06733990e+00 -1.99392438e-01
    8.90312195e-01 3.13616395e-01 8.03865969e-01 1.80619931e+00
    8.15649748e-01 -4.96131182e-02 4.50256467e-01 8.41326714e-01
    2.70735025e-01 3.44492674e-01 6.08947873e-01 8.38635564e-02
    -8.09116364e-02 -3.67737353e-01 1.53396034e+00 -5.32097042e-01
    1.54833090e+00 1.03650749e-01 -3.72293144e-01 1.62745070e+00
    -7.44981527e-01 1.06793880e+00 -6.18434846e-01 -3.23694646e-01
    1.76833689e+00 8.82913828e-01 1.53682852e+00 1.18061566e+00
    5.65894604e-01 1.43027592e+00 -5.28993726e-01 -1.88360810e-02
    8.40487838e-01 -3.93787503e-01 2.50850201e-01 6.19056821e-01
    1.49787164e+00 -3.19123745e-01 6.54430747e-01 1.21452081e+00
    -8.27897787e-02 -3.07594001e-01 1.46922147e+00 -9.04978514e-02
    -1.74284637e-01 -4.14837211e-01 5.21939933e-01 4.19059336e-01
    -1.41775668e-01 9.59430337e-01 8.32293212e-01 5.01699150e-01
    8.51474881e-01 -4.92525578e-01 1.41795826e+00 -9.19619799e-02
    9.51466322e-01 -5.99120617e-01 4.45355177e-01 1.64468050e+00
    -2.35039234e-01 1.79217100e+00 1.26901746e+00 -1.67932987e-01
    -7.40600467e-01 -5.94646394e-01 3.30359399e-01 9.10961568e-01
    1.49451339e+00 5.59190512e-02 3.01352978e-01 1.58786058e+00
    9.38957930e-02 -6.35653138e-02 -7.62705266e-01 -9.36772227e-02
    1.59608078e+00 -1.42772436e-01 8.53731513e-01 1.13421500e+00
    1.44323635e+00 1.77637911e+00 9.06687081e-01 -2.64148831e-01
    1.64118361e+00 -6.70114219e-01 -6.71871305e-01 1.51491284e+00
    1.70214558e+00 3.17160249e-01 1.00720668e+00 -7.42877722e-01
    -4.13440049e-01 -1.33260012e-01 7.48197794e-01 1.94948971e-01
    1.82836664e+00 1.53590858e-01 1.87516987e-01 -6.97731614e-01
    1.02843332e+00 1.08984208e+00 2.84709692e-01 8.96775186e-01
    3.47364187e-01 2.61884749e-01 4.91898715e-01 -5.89708984e-01
    1.38920474e+00 -5.37410021e-01 6.84746027e-01 8.71865809e-01
    -7.90063620e-01 -5.95046878e-01 1.18229532e+00 -8.37997317e-01
    1.82507277e-01 -2.40144730e-02 1.47657776e+00 1.00495553e+00
    -5.80605328e-01 1.57583475e+00 1.10260892e+00 1.81941843e+00
    2.28633702e-01 -3.42894733e-01 -1.97133303e-01 -3.33672941e-01
    -6.07938886e-01 9.60588813e-01 1.06913972e+00 -4.73978817e-01
    8.23157310e-01 1.12796652e+00 1.06467009e+00 1.97613835e-01
    -2.31236815e-02 -5.31418025e-01 1.88831306e+00 1.87609959e+00
    7.01109469e-01 -6.31305456e-01 -1.43889189e-01 -4.37266678e-01
    -7.03333616e-02 1.03050649e+00 -3.82833630e-01 3.19862008e-01
    -1.90556288e-01 1.86052060e+00 1.24854386e-01 5.62427998e-01
    8.81642103e-03 3.37718070e-01 1.49892807e+00 1.46319807e-01
    -4.78023887e-02 -6.41930580e-01 1.79232836e+00 -5.51939964e-01
    1.74863458e+00 7.30239332e-01 9.34776783e-01 1.74297810e+00
    8.60797167e-02 9.27454174e-01 -7.07206786e-01 1.09195065e+00
    7.94119775e-01 5.73155642e-01 8.52985978e-01 1.95630372e-01
    3.07822108e-01 1.67394614e+00 -2.17940688e-01 -3.75905722e-01
    -7.95376360e-01 1.56493735e+00 1.77103758e-01 1.87001050e+00
    1.48514962e+00 3.24369431e-01 -8.17355096e-01 1.32995200e+00
    1.14053059e+00 1.10188103e+00 5.06408453e-01 -3.72688174e-01
    -1.94477081e-01 1.81560254e+00 1.02332795e+00 1.16580689e+00
    4.34384823e-01 1.62180734e+00 -5.22694945e-01 -3.50671113e-01
    1.01664209e+00 1.67997098e+00 -1.74254656e-01 -2.62259543e-01
    4.89813507e-01 1.17984354e-01 8.32626224e-02 8.20847452e-01
    -2.71522462e-01 8.84222031e-01 -1.42136991e-01 1.81539583e+00
    1.36367893e+00 -8.07651579e-01 -2.97639966e-01 5.45703769e-01
    4.92147326e-01 7.01785147e-01 -1.71229959e-01 8.30799460e-01
    7.46151328e-01 3.52249444e-01 -4.97330606e-01 -5.11987329e-01
    -5.53517282e-01 1.35942340e+00 1.53216207e+00 -3.36427271e-01
    -5.67265749e-02 -4.88194793e-01 -1.65019929e-01 8.96390259e-01
    1.57688951e+00 1.72351432e+00 1.24150431e+00 7.51964033e-01
    6.49721086e-01 -7.43999064e-01 1.07504082e+00 -2.24248111e-01
    8.82310450e-01 9.24335837e-01 1.23872685e+00 -5.78992724e-01
    -1.89398229e-01 1.21683776e-01 1.02086484e-01 1.08057737e+00
    1.28974819e+00 3.38884294e-01 1.11432505e+00 -5.72278440e-01
    1.28306460e+00 1.35708237e+00 1.50673604e+00 1.56719422e+00
    7.22838163e-01 -8.33103001e-01 9.18394923e-02 8.76469076e-01
    9.08326626e-01 -5.85217595e-01 1.55248749e+00 1.05448365e+00
    1.22067475e+00 -6.89444423e-01 1.04343593e-01 4.92642462e-01
    -1.62632108e-01 -7.45722592e-01 7.97176123e-01 -1.41852975e-01
    1.16158938e+00 1.47804296e+00 4.36356366e-01 2.42266476e-01
    1.79201162e+00 -7.95654237e-01 1.15236115e+00 -1.97123647e-01
    1.48725748e+00 8.67850006e-01 2.64547110e-01 1.18033266e+00
    1.82012022e+00 1.38564253e+00 -5.95335960e-01 1.55249655e+00
    8.30807567e-01 -3.26368690e-01 1.62258685e+00 1.27108407e+00
    -6.01328909e-01 1.25501096e-01 2.30827928e-01 9.04685855e-02
    6.51929855e-01 1.46797645e+00 1.37389457e+00 9.16332006e-02
    2.10921288e-01 1.78061450e+00 7.99596369e-01 2.84094572e-01
    8.01306963e-02 9.24041510e-01 1.53239894e+00 -2.58572340e-01
    3.87225986e-01 9.19112682e-01 -3.54264855e-01 -8.25781822e-02
    1.24426544e+00 -5.92055917e-01 6.50884449e-01 1.14956903e+00
    2.29368448e-01 -8.76952410e-01 7.42245495e-01 1.37574017e+00
    -8.04096401e-01 -8.88428271e-01 5.89327335e-01 1.22807288e+00
    -4.90618199e-01 3.61655772e-01 5.90963423e-01 1.42279220e+00
    -2.63252437e-01 -7.83620894e-01 6.32304549e-01 -6.92135096e-01
    -3.20761621e-01 3.41645479e-02 1.29921556e+00 -2.79744565e-01
    -1.29078686e-01 9.11348283e-01 9.85907376e-01 -4.16314542e-01
    1.43044591e+00 2.55327404e-01 1.19062304e+00 9.24580812e-01
    -7.04017639e-01 1.81431818e+00 6.99360847e-01 6.99656069e-01
    -2.46562958e-01 9.36383605e-01 7.91038096e-01 3.48731577e-01
    1.41877413e+00 1.71700120e+00 -1.56012118e-01 -4.67262179e-01
    -4.91449177e-01 1.76887000e+00 7.32040823e-01 1.01673460e+00
    -1.86782002e-01 1.04726815e+00 8.69177341e-01 1.69651914e+00
    -4.25073504e-02 -5.96678615e-01 5.85503697e-01 -2.60688782e-01
    5.56340516e-01 1.17893195e+00 -2.78101146e-01 -2.35603034e-01
    2.73466706e-02 2.77159870e-01 1.83337033e-01 1.40004969e+00
    -5.05138636e-02 1.26362967e+00 8.06890309e-01 1.51906848e+00
    -1.28728509e-01 -6.24446273e-01 4.23149586e-01 1.36703682e+00
    -2.75160134e-01 5.80191374e-01 4.98678625e-01 1.74480546e+00
    2.10937858e-01 -3.01431179e-01 -7.95846581e-02 3.14653933e-01
    1.49647093e+00 6.33784294e-01 1.55538309e+00 -1.97306991e-01
    -3.57936651e-01 -2.27326691e-01 -3.42503279e-01 3.06969404e-01
    1.42484045e+00 7.89046407e-01 -7.05163538e-01 -1.59254670e-02
    5.26458025e-03 -3.53361726e-01 6.71055019e-01 9.04896855e-02
    1.89192939e+00 6.56038165e-01 2.23784089e-01 7.60805786e-01
    1.50610805e-02 5.68609953e-01 1.45813560e+00 -2.14762151e-01
    1.27542067e+00 8.25160265e-01 -5.74022532e-01 -4.21599030e-01
    1.53434658e+00 1.21804845e+00 6.23444140e-01 -6.41063750e-01
    -5.38879275e-01 -5.17973304e-01 3.16600382e-01 -5.83641827e-01
    -1.98705673e-01 1.69270456e+00 7.20336735e-01 -6.45167768e-01
    -3.80506814e-01 9.56943214e-01 4.43913758e-01 -5.44702888e-01
    -4.27839100e-01 1.53277099e-01 3.06645334e-01 -1.51471496e-02
    -5.21639585e-01 -8.04949999e-02 -2.28611290e-01 -4.67361212e-02
    9.46539879e-01 1.77602029e+00 1.44104314e+00 1.56345057e+00
    4.84305024e-01 -4.37819988e-01 1.82143307e+00 -8.58181357e-01
    5.59971988e-01 -1.79556310e-01 5.34188747e-01 -1.59354389e-01
    3.50051820e-01 1.11677468e-01 3.03278804e-01 1.37472701e+00
    1.18803072e+00 -5.27407229e-01 1.67027903e+00 5.26775062e-01
    2.89434195e-02 1.02668965e+00 -6.93590820e-01 8.21435869e-01
    -4.79371399e-01 5.62408149e-01 -3.01566184e-01 -2.53739655e-01
    1.64389646e+00 1.47659385e+00 -6.64545238e-01 7.38420963e-01
    -4.51653004e-01 1.19370604e+00 7.82215595e-03 -2.91158020e-01
    6.66173637e-01 6.87463462e-01 5.87610364e-01 6.68038785e-01
    7.01047182e-02 -2.44816482e-01 7.21837759e-01 8.01116288e-01
    -8.53102386e-01 1.06967735e+00 1.80143988e+00 1.52428770e+00
    1.41321588e+00 -8.38330746e-01 3.76042724e-02 -1.86919689e-01
    1.76851988e-01 1.30207038e+00 1.13616061e+00 3.55378270e-01
    1.36534929e+00 -7.93965578e-01 2.19739437e-01 2.73231864e-02
    1.41992831e+00 1.15728617e+00 1.63024831e+00 1.71673310e+00
    8.82441878e-01 1.19512808e+00 -3.71437669e-01 1.71256852e+00
    -6.00708246e-01 -3.65589142e-01 3.52039993e-01 -7.16583312e-01
    -1.56347692e-01 6.12294197e-01 6.99095190e-01 -5.96766472e-01
    7.91465163e-01 1.83425128e-01 2.95101464e-01 -3.77737015e-01
    7.71386623e-01 1.26482344e+00 1.50178766e+00 1.33181715e+00
    1.56167817e+00 -7.95189619e-01 9.50161815e-01 -3.71299982e-02
    6.85217202e-01 6.23947024e-01 1.42513776e+00 1.30565643e+00
    2.98087299e-01 1.58607364e-01 3.64796281e-01 -8.17929387e-01
    -2.92401016e-01 -2.92864859e-01 -7.21829057e-01 1.18500996e+00
    1.71483219e+00 -5.32099009e-01 1.61726105e+00 8.55155587e-02
    -2.54159570e-01 -6.05670810e-01 5.59317946e-01 -7.69074798e-01
    1.35002017e-01 -5.29226422e-01 -4.46152031e-01 3.59905839e-01
    6.51875675e-01 2.24947691e-01 1.63684022e+00 -4.27636474e-01
    1.13163090e+00 -8.36263657e-01 9.61538911e-01 1.42610955e+00
    4.99482155e-02 9.73085284e-01 -8.47953439e-01 1.75424027e+00
    -8.47163022e-01 -3.29434812e-01 5.08945227e-01 -8.80010128e-02
    6.51837409e-01 -6.30489051e-01 6.65592551e-02 1.71720982e-04
    6.58441901e-01 -8.14005911e-01 -4.03719604e-01 1.27780485e+00
    -1.43439651e-01 1.84757411e-01 1.02072251e+00 1.83322465e+00
    1.01123679e+00 8.99662018e-01 8.35779130e-01 1.80257249e+00
    1.17997289e-01 6.83014989e-01 1.01907670e-01 1.76919675e+00
    9.69646215e-01 1.82011366e-01 -7.49255717e-01 5.95712125e-01
    4.42778409e-01 1.32362247e+00 1.62490964e+00 -3.76290470e-01
    1.30953932e+00 -1.46233797e-01 1.34159243e+00 1.49948394e+00
    -3.80319297e-01 9.62106645e-01 -4.51286852e-01 -9.94862914e-02
    1.57412589e+00 1.58236289e+00 -3.28912318e-01 -4.73791748e-01
    6.87140167e-01 1.35602868e+00 -6.07714653e-01 4.00041461e-01
    3.88682127e-01 1.79193425e+00 9.06771600e-01 -5.70724249e-01
    1.70865536e-01 -3.40514779e-02 1.74102783e+00 1.56107497e+00
    1.84087837e+00 1.44162726e+00 -3.77648205e-01 1.31447792e-01
    7.39935994e-01 -7.09614873e-01 -5.79737306e-01 -8.08248341e-01
    9.60392416e-01 1.07100785e+00 8.80803525e-01 1.44070220e+00
    9.95945573e-01 -2.22901404e-01 1.48251903e+00 -2.33781815e-01
    5.90998828e-01 2.69487858e-01 1.80263424e+00 1.77023292e+00
    5.47780633e-01 1.27818704e+00 7.83899724e-01 5.66043437e-01
    1.03776968e+00 -3.04521918e-01 5.65298200e-01 1.02521062e+00
    -4.38422143e-01 4.80221927e-01 2.47044206e-01 1.49879146e+00
    1.35665178e+00 -4.51038450e-01 -7.98449516e-01 1.40995502e+00
    -7.99553752e-01 2.66019166e-01 1.75632596e-01 1.59691072e+00
    1.12405169e+00 -5.36621690e-01 1.04024792e+00 -1.96563005e-01
    -4.48739260e-01 -7.39959896e-01 9.04558063e-01 1.75180197e+00
    1.06637740e+00 3.35740447e-02 1.63886452e+00 5.40132582e-01
    6.06314003e-01 -3.62023175e-01 -5.62886357e-01 6.31264627e-01
    7.90560544e-01 -1.31406903e-01 2.92227685e-01 -5.19513190e-01
    2.70102262e-01 -1.81740999e-01 1.21542943e+00 1.87811828e+00
    -6.15407646e-01 1.59465349e+00 7.76788592e-01 -2.29130507e-01
    -7.73557842e-01 1.05232298e-01 6.32357836e-01 4.91346717e-01
    9.57648456e-01 -5.37201345e-01 -1.10004544e-02 5.15538335e-01
    7.04506516e-01 9.49603319e-03 1.04195523e+00 -5.18276572e-01
    1.52774596e+00 1.62985945e+00 5.31696558e-01 2.48433530e-01
    4.79422867e-01 -6.15611553e-01 1.13800502e+00 1.00344181e+00
    -2.69451678e-01 1.55904293e-02 1.44073606e-01 9.22929049e-02
    3.52428079e-01 4.83602941e-01 -8.27205122e-01 2.43312776e-01
    -8.37437809e-01 1.41727304e+00 9.64986682e-01 1.20870876e+00
    -1.12007260e-02 9.47329938e-01 7.02522576e-01 1.74745417e+00
    1.42395902e+00 1.63388562e+00 3.26299369e-01 1.16352117e+00
    9.79062259e-01 3.95621479e-01 -2.57499516e-01 -7.33640373e-01
    1.32284951e+00 9.95185614e-01 -7.98180878e-01 1.63667393e+00
    8.35972190e-01 -1.75148010e-01 2.98982620e-01 9.49844897e-01
    1.13645267e+00 1.67888641e+00 -5.88345468e-01 3.87048304e-01
    1.42862511e+00 1.34092093e+00 1.43582582e-01 1.55340362e+00
    1.76807761e+00 1.01551986e+00 1.07800317e+00 3.26002002e-01
    -8.26991677e-01 -4.13838029e-02 1.19262111e+00 -7.56347179e-02
    -5.53278089e-01 6.58086061e-01 -2.37023532e-01 5.14280379e-01
    1.52368927e+00 7.26638019e-01 5.16224921e-01 1.08324218e+00
    -4.25184190e-01 1.50817716e+00 1.48517001e+00 1.41442657e+00
    8.13441575e-01 1.94930255e-01 7.44739890e-01 -2.36033082e-01
    8.15227628e-01 -7.29047060e-02 -3.26586425e-01 6.45801067e-01
    1.25324678e+00 1.73495471e+00 1.79386735e+00 6.51416302e-01
    1.15510988e+00 -5.05657732e-01 1.01651299e+00 -2.98459351e-01
    1.03450727e+00 6.60591125e-01 7.93363094e-01 6.66861236e-01
    9.25899982e-01 2.73425698e-01 -9.27931666e-02 1.14823127e+00
    -8.97820413e-01 9.22422588e-01 -7.31181145e-01 8.39454532e-02
    1.79688883e+00 -5.47233343e-01 6.64777517e-01 -5.84885657e-01
    -2.40168750e-01 1.10670626e+00 -1.03203237e-01 -4.40400988e-01
    -5.29334545e-02 1.27742076e+00 4.96844769e-01 5.21785855e-01
    3.67047191e-02 -3.51048112e-02 5.68610728e-01 7.47678757e-01
    4.62314367e-01 3.74299526e-01 5.35037577e-01 8.06481838e-02
    1.80212390e+00 -3.87471020e-01 3.64672959e-01 5.56168675e-01
    4.56786394e-01 8.77240598e-01 1.07736707e+00 5.45768201e-01
    -6.94725394e-01 -8.31830502e-03 -8.22689056e-01 -5.97037673e-01
    6.90913320e-01 5.64418316e-01 -5.50044775e-01 -4.44005191e-01
    3.81404161e-03 1.58594322e+00 6.77695632e-01 8.00720692e-01
    1.08282042e+00 2.32841372e-02 7.24485159e-01 7.64749289e-01
    3.13911438e-02 5.06072581e-01 -3.27787340e-01 -6.71636462e-01
    8.36255789e-01 7.12254941e-01 -8.20925713e-01 1.68410420e-01
    1.48580837e+00 -7.06144035e-01 4.48011637e-01 -3.36125851e-01
    1.30306149e+00 1.16296530e+00 -8.11264157e-01 5.53709030e-01
    1.03222549e+00 3.03432465e-01 1.88644624e+00 1.70992208e+00
    1.43007207e+00 -4.11403120e-01 1.25000405e+00 -5.82583547e-01
    -5.81947863e-01 3.19672883e-01 1.42050016e+00 1.18532908e+00
    5.53208172e-01 6.31102800e-01 -4.59929049e-01 -9.19902325e-02
    1.36858511e+00 -6.50777876e-01 6.50602102e-01 -7.62936652e-01
    1.75308645e-01 1.96923971e-01 1.37955809e+00 7.37959683e-01
    -9.41665173e-02 7.50144541e-01 -5.99009037e-01 2.22545147e-01
    -2.80218780e-01 3.29892933e-01 1.83172536e+00 -5.62931418e-01
    1.28539777e+00 1.27158821e+00 -7.08585322e-01 -7.99786985e-01
    1.21123910e-01 -3.78957093e-01 1.01198316e-01 1.84848583e+00
    2.55828559e-01 5.68345726e-01 2.05043316e-01 4.30745900e-01
    4.46487308e-01 -5.38321316e-01 2.81969249e-01 -5.34528911e-01
    -7.83737957e-01 1.18881273e+00 1.59055972e+00 -7.63885379e-02
    4.75191712e-01 -2.40281820e-01 1.17749786e+00 -6.36126280e-01
    2.05917537e-01 9.05544400e-01 -3.47934991e-01 1.43955588e+00
    -7.76942372e-02 1.61361015e+00 -2.44973540e-01 2.22733617e-01
    3.46985459e-02 -2.79828966e-01 1.12755656e+00 2.95451820e-01
    3.50446165e-01 -7.02154458e-01 1.15741575e+00 -9.13061500e-02
    4.99668896e-01 1.17524683e+00 -2.03217149e-01 4.00351346e-01
    7.15368927e-01 1.76403093e+00 -8.31240237e-01 8.45261991e-01
    1.31116462e+00 1.13090372e+00 1.63533068e+00 -6.43585682e-01
    -3.06706876e-01 3.58034074e-01 1.82975757e+00 -3.41216803e-01
    -3.33956510e-01 -3.84788543e-01 -3.24315250e-01 5.03765166e-01
    -5.83775520e-01 3.55570674e-01 3.82279098e-01 9.70163047e-01
    2.00444937e-01 2.13563442e-04 -4.79071707e-01 9.57792640e-01
    1.49680603e+00 1.22662413e+00 1.26752913e+00 -7.87693262e-01
    6.30934715e-01 1.62943649e+00 7.74127841e-02 -2.36183941e-01
    -7.29205012e-01 1.13783002e+00 1.45902669e+00 4.09274578e-01
    -3.50705504e-01 1.26100159e+00 6.00972772e-02 -7.52647340e-01
    -3.88502896e-01 6.58043563e-01 1.67794943e-01 4.37670410e-01
    1.04240656e+00 1.06271303e+00 -2.64457464e-02 -6.68005049e-01
    2.22165108e-01 8.63330483e-01 -6.03055954e-03 7.53027856e-01
    7.69220352e-01 -9.63819623e-02 -2.13378251e-01 -5.55409670e-01
    7.01970339e-01 3.23093832e-01 4.21408713e-01 8.72357726e-01
    1.27038801e+00 1.62507033e+00 3.53299677e-01 2.77395785e-01
    1.74638021e+00 1.03965259e+00 -6.35702610e-02 5.21690547e-01
    1.35204828e+00 -4.69580889e-02 8.74464393e-01 -4.16945547e-01
    2.35077202e-01 1.05794966e-01 1.46173763e+00 -1.69092596e-01
    -6.79420471e-01 5.20366848e-01 5.91988623e-01 1.80380654e+00
    -5.47890782e-01 1.41251409e+00 9.48157310e-01 9.82691765e-01
    1.30998790e+00 1.72596574e-01 1.09549022e+00 2.97046304e-02
    -6.20121241e-01 -7.92487323e-01 3.00001323e-01 -3.34658444e-01
    -3.07964921e-01 1.51772475e+00 6.50555611e-01 -2.69156218e-01
    9.53929782e-01 6.91341341e-01 1.54025602e+00 1.25089049e+00
    1.45975852e+00 -1.24990404e-01 1.74533284e+00 7.27362156e-01
    -7.77881801e-01 7.69672751e-01 7.27370441e-01 -3.16860080e-01
    1.55580854e+00 1.75926423e+00 7.34777033e-01 -4.11315084e-01
    5.20459116e-01 1.31729221e+00 1.38418567e+00 -4.57218230e-01
    5.71018100e-01 9.47705328e-01 1.59086263e+00 9.28812027e-01
    1.44787300e+00 1.01744986e+00 1.20159268e+00 4.17523324e-01
    1.61611998e+00 1.03303576e+00 -4.44686592e-01 1.52860773e+00
    1.29751039e+00 1.72251594e+00 4.11260247e-01 -1.86688006e-01
    2.83199489e-01 1.02079844e+00 1.08953428e+00 -4.55788165e-01
    -3.12195063e-01 -1.58242881e-01 -6.08670175e-01 1.18351626e+00
    8.00331175e-01 1.45368850e+00 1.24602294e+00 1.39091229e+00
    1.66384435e+00 3.37159574e-01 1.19641995e+00 3.36331606e-01
    9.80587006e-01 4.91982579e-01 1.55120313e+00 3.21639657e-01
    1.71574414e+00 5.24101257e-02 9.51437354e-01 9.47030902e-01
    4.86391544e-01 1.29952407e+00 2.96914101e-01 1.02404594e+00
    5.95701039e-01 -2.71107435e-01 8.42347145e-01 1.46191704e+00
    -7.95841217e-01 4.62651670e-01 -7.64131546e-03 -7.41250277e-01
    3.27201486e-01 1.19243741e+00 -2.74296403e-01 1.19245720e+00
    -1.99519098e-01 -1.51415825e-01 3.45044792e-01 7.84595490e-01
    1.79653382e+00 3.79642129e-01 1.61520290e+00 1.06923485e+00
    5.03183484e-01 -5.52639902e-01 2.53651857e-01 1.93762898e-01
    -7.51716971e-01 -4.49212074e-01 1.66240060e+00 -1.13321543e-01
    -7.71980286e-02 3.12557697e-01 1.38629830e+00 3.75757098e-01
    -5.28743148e-01 6.03490651e-01 1.44336390e+00 9.71840322e-01
    -3.91434431e-02 -2.39723325e-01 -4.38774675e-01 1.45381010e+00
    -1.03551388e-01 1.08163035e+00 1.91338372e+00 1.60596204e+00
    1.21706808e+00 9.43193436e-01 4.40909863e-01 2.39615500e-01
    3.21163058e-01 -7.99870670e-01 -3.60376507e-01 -6.93847656e-01
    1.61300731e+00 -1.93870246e-01 4.77182865e-02 1.48394322e+00
    -8.07445645e-02 1.25290966e+00 7.48403668e-01 1.47299862e+00
    1.66261506e+00 5.41308522e-02 1.34119201e+00 -2.42395461e-01
    -1.61907673e-01 1.50912309e+00 3.12323689e-01 6.98500812e-01
    1.17381334e+00 8.99067402e-01 1.34244752e+00 -7.81619430e-01
    -1.18492007e-01 1.23057628e+00 1.43553317e-01 -5.20090878e-01
    5.09556770e-01 5.45691848e-01 -8.24669600e-02 -4.38969046e-01
    7.00504959e-01 1.48550749e-01 -1.80396676e-01 9.62298632e-01
    5.12906551e-01 2.62678564e-01 1.70852196e+00 -7.46449172e-01
    -7.15665102e-01 2.69201815e-01 -5.46236157e-01 -8.58849347e-01
    9.71961796e-01 7.47076392e-01 -4.79147077e-01 1.00969696e+00
    1.69292092e-01 -3.79562169e-01 1.57163143e-01 1.32875538e+00
    9.32543874e-01 8.18049908e-03 2.24548638e-01 2.01791525e-02
    -6.43626094e-01 1.12199879e+00 9.03546870e-01 1.53515625e+00
    1.89190960e+00 1.64020991e+00 1.45726025e+00 8.94512296e-01
    1.23873651e+00 4.95726883e-01 1.78403878e+00 8.41185391e-01
    -5.22944868e-01 -6.20190680e-01 -5.11529386e-01 1.06313288e+00
    7.65506566e-01 1.10244250e+00 -5.49851775e-01 1.07044125e+00
    1.27168941e+00 3.21786106e-01 3.32985282e-01 8.71133804e-02
    7.00398862e-01 -5.02070427e-01 1.19095564e+00 5.97822487e-01
    8.83584321e-01 7.62138426e-01 1.33725762e-01 -1.92557812e-01
    5.84385991e-01 3.75247002e-03 1.61722612e+00 2.63252258e-02
    1.61595404e+00 -8.77376795e-02 6.10476494e-01 1.05058599e+00
    -4.80418801e-01 -5.54321051e-01 1.84810555e+00 -3.03600729e-01
    -4.25028861e-01 -4.57168490e-01 1.12919354e+00 -4.50874865e-01
    -4.69893336e-01 9.74046290e-01 3.59053254e-01 -1.18896604e-01
    1.39785802e+00 1.63945186e+00 8.35911810e-01 -8.18843424e-01
    -7.37908721e-01 1.08677745e+00 5.09684265e-01 1.59072936e-01
    9.51156914e-01 7.24751413e-01 2.42889702e-01 4.59561110e-01
    1.81782722e+00 3.65671933e-01 6.87877297e-01 1.36778414e+00
    -4.98735994e-01 -4.35950816e-01 -6.26304805e-01 1.00222135e+00
    4.99542952e-01 1.29471660e+00 1.73532510e+00 1.23013508e+00
    9.01834905e-01 -5.57932794e-01 1.71448076e+00 1.28392720e+00
    -2.03327298e-01 -6.09294295e-01 3.85269582e-01 5.79938352e-01
    1.52556908e+00 1.47691631e+00 9.17447090e-01 6.64744794e-01
    5.97068906e-01 -2.84497857e-01 1.00874662e+00 1.01643515e+00
    -7.41713047e-01 1.20990741e+00 -8.48762512e-01 1.80283737e+00
    1.60147357e+00 -1.62296474e-01 1.56350636e+00 4.55743909e-01
    -5.42115569e-02 5.37280619e-01 -3.55258822e-01 -5.21700382e-02
    -2.33468175e-01 1.42323899e+00 1.11032724e-01 -7.68323779e-01
    1.15118682e-01 -3.16478193e-01 7.35979676e-02 1.85674429e+00
    1.10418642e+00 1.56596446e+00 6.66469216e-01 8.10479641e-01
    -5.56390882e-02 8.99155438e-01 1.44004369e+00 9.63469028e-01
    4.53923285e-01 9.12885785e-01 1.60638869e-01 7.54334927e-02
    8.54772270e-01 2.43287802e-01 -1.69451296e-01 -5.89627266e-01
    9.53159690e-01 1.20325923e+00 9.86521721e-01 -6.36817753e-01
    1.61563814e+00 1.27186191e+00 -6.03002071e-01 4.60662723e-01
    6.39297366e-02 2.23279178e-01 -8.53976250e-01 1.41573262e+00
    3.96749198e-01 -6.19847178e-01 -6.31350994e-01 -3.86250377e-01
    -1.74778402e-01 1.40309751e+00 1.41322994e+00 -9.08042192e-02
    -6.22633100e-01 6.12349272e-01 1.08392656e+00 1.35961366e+00
    -6.09886408e-01 4.87658978e-01 -5.72446704e-01 5.55388331e-01
    -8.28925192e-01 8.42308044e-01 -2.96049535e-01 -2.87186086e-01
    1.20047331e+00 -8.43707263e-01 1.56931365e+00 1.51580787e+00
    5.94420075e-01 7.21052825e-01 1.61401629e+00 -6.57445788e-01
    1.59060001e+00 -4.54373658e-01 2.64660239e-01 1.75391436e-01
    2.99603283e-01 3.21741402e-01 -1.27139926e-01 1.25596404e+00
    -1.41519427e-01 1.26803076e+00 1.29152215e+00 1.01674032e+00
    8.13807249e-01 -3.57209533e-01 9.06589329e-01 -6.08605921e-01
    3.65668356e-01 7.71877408e-01 -2.80615687e-02 8.32716942e-01
    1.66232574e+00 1.49888921e+00 -6.50372863e-01 -4.77098554e-01
    1.32137895e+00 -4.47018147e-02 -7.19618261e-01 -3.18088353e-01
    1.52971959e+00 5.15993476e-01 3.27439189e-01 -2.38715231e-01
    -2.57757723e-01 -5.64854741e-01 -8.35249424e-02 1.73210239e+00
    1.23439527e+00 1.72580886e+00 -8.17999005e-01 1.40977740e+00
    1.90391362e-01 -3.77347469e-02 1.74050546e+00 -5.81977129e-01
    1.57938313e+00 4.57691312e-01 1.65923512e+00 1.78502655e+00
    1.72618675e+00 -8.44081581e-01 4.10157859e-01 -8.04082751e-02
    1.30268347e+00 7.00284302e-01 -7.52518654e-01 -4.26446259e-01
    1.16971695e+00 8.84565890e-01 1.35986078e+00 7.35655069e-01
    -3.77640992e-01 -5.39093137e-01 3.58168960e-01 1.82423925e+00
    3.73433352e-01 1.77674198e+00 4.74683702e-01 -6.28945410e-01
    -2.79068351e-01 2.24499941e-01 2.75384009e-01 1.14790201e-01
    1.25305295e+00 -2.01019347e-01 2.30977952e-01 4.62185323e-01
    -5.76273501e-01 1.70621765e+00 1.66627264e+00 2.76320219e-01
    -6.43419623e-02 4.64538276e-01 1.74027109e+00 1.86783135e+00
    6.27427518e-01 -6.61439955e-01 8.46017480e-01 1.70592856e+00
    1.93188536e+00 -2.82093585e-01 1.22537637e+00 6.70226753e-01
    6.98221803e-01 1.04383409e-01 5.08313060e-01 -6.35402262e-01
    4.30936098e-01 3.80887568e-01 -8.12727153e-01 1.66919065e+00
    3.94084692e-01 7.62299180e-01 -4.62720990e-01 1.49957013e+00
    1.20525372e+00 7.83818305e-01 1.76276791e+00 1.12930143e+00
    1.08958888e+00 -4.76322025e-01 -1.30346298e-01 4.37496424e-01
    1.02590656e+00 2.86108434e-01 1.55239272e+00 -2.74385810e-01
    -5.44650793e-01 8.52444351e-01 1.50381434e+00 1.82975411e+00
    1.43420947e+00 -8.09132814e-01 -2.01946855e-01 -6.61708593e-01
    1.69010186e+00 -8.61834109e-01 -4.83252943e-01 3.35886300e-01
    1.45291042e+00 1.47518301e+00 1.22843122e+00 -3.41575265e-01
    1.84464860e+00 -2.58146107e-01 1.02461576e-02 -5.28907359e-01
    1.88175797e-01 -2.13617325e-01 -5.33883750e-01 2.88169384e-02
    1.40424180e+00 2.22138464e-01 1.87180638e-02 1.63072157e+00
    1.79349160e+00 -3.44109714e-01 4.15624380e-01 -4.00177002e-01
    1.51755404e+00 1.10312271e+00 3.74708235e-01 3.82466316e-02
    -1.04043484e-01 6.28207743e-01 1.82488012e+00 1.87728441e+00
    1.51686811e+00 1.72946262e+00 1.08058000e+00 -8.22959960e-01
    -7.30993390e-01 -1.00297868e-01 9.81206059e-01 -4.17142123e-01
    -2.00905025e-01 -7.94062793e-01 8.79204214e-01 -6.45634234e-01
    4.35804665e-01 1.05697918e+00 1.73732972e+00 -5.51638007e-01
    -5.39850712e-01 1.21586633e+00 5.41068077e-01 1.70855725e+00
    -2.10934520e-01 9.34776366e-01 -2.75362790e-01 -2.80797601e-01
    4.53395486e-01 8.83342028e-02 5.85081637e-01 1.42013192e+00
    8.28043044e-01 -3.35931242e-01 -8.01383138e-01 1.16477704e+00
    1.43488789e+00 1.32477522e+00 8.25610757e-01 -9.11790729e-01
    6.83707952e-01 2.32358634e-01 1.01301932e+00 -2.05442846e-01
    7.12002814e-01 1.36271167e+00 6.65745020e-01 5.35426259e-01
    1.55882907e+00 1.20727396e+00 -2.91644156e-01 -1.48813903e-01
    1.23617768e+00 1.09613311e+00 1.50793743e+00 1.64177084e+00
    5.84481657e-01 1.27696311e+00 2.60901928e-01 5.51524162e-01
    -7.42112815e-01 8.14655840e-01 1.53752875e+00 7.47358799e-02
    1.19722462e+00 1.96004570e-01 -5.38261235e-01 1.23108459e+00
    1.82726455e+00 1.67090368e+00 8.28030705e-01 2.10830212e-01
    1.38243890e+00 1.50102186e+00 1.02878904e+00 -4.12356079e-01
    1.26769090e+00 6.09963238e-01 3.62501383e-01 -8.55805635e-01
    -1.41421735e-01 1.42980027e+00 -6.41578734e-01 5.94484210e-01
    1.39754844e+00 -3.08674574e-01 1.58759499e+00 3.59194040e-01
    6.26086712e-01 -4.55874443e-01 1.35165691e+00 1.60255933e+00
    1.33855724e+00 2.32095659e-01 -7.63006985e-01 8.88644338e-01
    -7.09194005e-01 1.22417533e+00 1.38747787e+00 -1.60376251e-01
    1.64241540e+00 1.01884985e+00 -1.23236418e-01 9.36188400e-01
    -7.42743075e-01 4.89322305e-01 7.46801257e-01 1.63262069e-01
    1.06704664e+00 -3.53059083e-01 1.52217150e+00 -3.34010750e-01
    1.89390326e+00 2.91872799e-01 -6.31948531e-01 -4.41222429e-01
    -3.05146635e-01 -7.59011567e-01 -5.47536612e-02 1.29098475e-01
    1.84171402e+00 8.59120309e-01 9.38573956e-01 8.53318632e-01
    9.61175919e-01 8.52673352e-01 1.42313528e+00 1.40937686e-01
    1.78777814e-01 1.53283334e+00 8.38357031e-01 1.40994275e+00
    -1.78269267e-01 4.65192080e-01 -5.36201656e-01 2.45332778e-01
    3.52346718e-01 -4.08998042e-01 1.06741810e+00 1.29349542e+00
    7.76408315e-02 4.27408040e-01 1.43736064e+00 -4.00742054e-01
    1.50641966e+00 -1.22825801e-01 1.91162646e-01 7.28306115e-01
    1.27822733e+00 1.19383430e+00 1.36905599e+00 4.30271447e-01
    9.86996293e-02 5.00261188e-01 1.07318199e+00 8.49323273e-01
    1.61228323e+00 7.67963409e-01 5.39056420e-01 1.09529471e+00
    5.15955746e-01 -5.45571327e-01 1.25280058e+00 1.61627340e+00
    -4.30299819e-01 3.04788172e-01 1.30392253e-01 1.67684913e-01
    2.48419225e-01 -6.81937873e-01 1.03912640e+00 1.75150692e+00
    -5.30407429e-02 7.47373223e-01 6.20258331e-01 8.78502011e-01
    1.41727149e+00 3.42052162e-01 1.35140944e+00 1.11065590e+00
    -4.50354815e-03 4.93126452e-01 1.28437102e+00 -5.82381487e-02
    1.68024111e+00 1.33069813e-01 -3.84408057e-01 6.35212123e-01
    8.24642122e-01 -3.85057271e-01 5.60681045e-01 4.45421755e-01
    9.32521760e-01 -5.53992033e-01 -3.64599288e-01 8.99912834e-01
    -5.40427327e-01 -7.06616640e-02 -2.50891149e-01 -6.24710917e-01
    2.30756462e-01 6.19158983e-01 1.53003860e+00 1.00684369e+00
    9.17094707e-01 7.24555790e-01 1.27496719e+00 2.05693245e-02
    -6.32714629e-02 7.31978536e-01 9.45536494e-02 1.15136755e+00
    8.57724369e-01 9.05933440e-01 5.50255239e-01 -1.28127098e-01
    -2.79146075e-01 1.18421841e+00 1.17830575e-01 1.38028717e+00
    9.21887398e-01 8.93017650e-02 1.42616069e+00 1.66535521e+00
    1.36922717e+00 1.82368279e+00 1.93963051e-01 8.33390415e-01
    -3.44004750e-01 -5.69152832e-01 1.25920415e+00 1.69905853e+00
    7.55302608e-01 1.43686914e+00 1.21107709e+00 -6.54659927e-01
    -7.88506866e-02 -6.47374988e-02 1.72885466e+00 6.14428103e-01
    1.61474061e+00 8.76180053e-01 -8.22485387e-01 1.86256886e-01
    6.65947139e-01 1.49695861e+00 1.52277195e+00 1.75957203e-01
    -4.69278783e-01 1.28282809e+00 -5.87126374e-01 1.47926664e+00
    6.51296854e-01 1.37598896e+00 1.04691374e+00 1.49188280e+00
    1.16908073e+00 -7.27186084e-01 6.51865184e-01 2.65229642e-01
    1.32398009e-02 -1.68615460e-01 -4.15090978e-01 9.40810442e-01
    -7.98007786e-01 -2.05334187e-01 1.30955970e+00 1.52834773e-01
    -6.32254720e-01 1.85790408e+00 9.26342309e-01 -7.29464412e-01
    -5.19744754e-02 -2.32696772e-01 1.08717108e+00 -4.39749032e-01
    1.34546876e+00 -1.57765448e-01 -7.62035608e-01 -5.60888886e-01
    -7.15231776e-01 -5.89025974e-01 1.51661336e-01 -1.27026498e-01
    1.63742936e+00 1.06349266e+00 1.22733903e+00 1.04790092e+00
    -3.82043600e-01 1.27698541e+00 5.48524916e-01 9.64155972e-01
    1.11017954e+00 -6.68548763e-01 1.63853896e+00 1.45847011e+00
    1.71677542e+00 1.18533111e+00 1.10765350e+00 -7.52130151e-01
    -3.08223188e-01 2.85419941e-01 5.76677322e-02 3.22111487e-01
    1.79291749e+00 -1.98968828e-01 1.62367034e+00 -3.95807803e-01
    -7.54112065e-01 1.07911110e+00 1.69083464e+00 -7.42118001e-01
    -4.02899384e-02 6.69110477e-01 -6.24813437e-01 1.77825475e+00
    4.31064367e-01 1.08545494e+00 1.09460187e+00 -3.11290443e-01
    1.02965856e+00 1.83260179e+00 1.66843438e+00 1.72560000e+00
    1.48966181e+00 1.24437881e+00 4.63934898e-01 8.17840397e-01
    -2.29741395e-01 -1.20262802e-01 1.40632176e+00 7.50308096e-01
    -4.79359418e-01 -4.90528256e-01 1.77573597e+00 8.18722129e-01
    -4.71443892e-01 1.14508057e+00 9.07065868e-02 3.55415046e-01
    7.36271083e-01 1.33884478e+00 -3.33224535e-01 1.50899816e+00
    6.29628062e-01 5.70887625e-01 1.35804653e+00 1.25963116e+00
    5.09851873e-01 5.52559555e-01 -2.10531354e-01 1.72786736e+00
    -9.19266343e-02 -2.85167515e-01 8.71319771e-02 1.07126212e+00
    -1.43128633e-02 3.12077165e-01 -6.13402128e-02 1.74938202e+00
    -4.60203648e-01 1.87144709e+00 1.53596926e+00 -5.77769876e-01
    1.17906570e+00 -7.72380888e-01 7.34446049e-02 -6.13903880e-01
    2.80786097e-01 -6.89240515e-01 -3.43701243e-02 1.16829216e+00
    1.33007169e+00 -4.64187920e-01 -4.14642185e-01 -3.70514989e-02
    7.42962897e-01 1.16409230e+00 3.34689260e-01 -5.98812997e-01
    1.01821733e+00 1.98879778e-01 -3.01532149e-02 1.47564185e+00
    1.69065285e+00 -6.14596963e-01 4.80707347e-01 1.65974021e+00
    7.24911630e-01 4.70903516e-02 1.07065451e+00 -6.05208278e-01
    8.97336423e-01 1.01709580e+00 -7.59082854e-01 -1.35943890e-01
    -2.03070998e-01 1.17812538e+00 1.44759035e+00 7.51669049e-01
    1.66461062e+00 7.25262761e-01 -3.81999314e-01 5.65537155e-01
    1.14617944e+00 -1.49649382e-01 8.40849876e-01 4.98990655e-01
    9.96560216e-01 -3.31707180e-01 -6.79693460e-01 2.36955047e-01
    -5.91093779e-01 9.36971664e-01 3.31555665e-01 5.39459467e-01
    8.16303015e-01 9.64395046e-01 -3.22625637e-02 -1.12042785e-01
    -6.52704239e-02 -7.50331283e-01 1.30235469e+00 -6.87481284e-01
    -6.88255966e-01 1.18652463e+00 1.06977403e-01 1.35216999e+00
    -3.37733775e-01 1.69964612e+00 1.65969515e+00 7.27155149e-01
    -5.66158891e-01 1.59599400e+00 6.61254227e-01 2.32405722e-01
    1.21567249e+00 2.45670795e-01 1.58369541e+00 -4.64942276e-01
    -4.35870111e-01 6.58495247e-01 7.47436523e-01 1.24563146e+00
    -8.03923905e-01 8.42947304e-01 1.76071525e+00 -5.50827384e-01
    -7.66790092e-01 9.33415890e-02 2.52612948e-01 1.27603221e+00
    -5.85480213e-01 -1.75859392e-01 5.99563122e-04 -4.64985251e-01
    -5.68293333e-01 9.91324127e-01 1.66365433e+00 -6.37997031e-01
    7.23779202e-01 1.23983026e+00 1.15862513e+00 -1.07792795e-01
    3.41286004e-01 7.95371711e-01 1.11739898e+00 1.66834056e+00
    1.65441918e+00 5.16862512e-01 2.62026489e-01 1.58812821e+00
    1.10679460e+00 1.33958054e+00 -1.38772190e-01 -7.66312838e-01
    1.60431290e+00 1.42823720e+00 1.43458748e+00 1.67124748e+00
    5.53982019e-01 -1.79138184e-01 1.42353797e+00 1.04661906e+00
    -1.00864708e-01 1.81234479e-01 -3.11888754e-01 1.47213876e-01
    -3.96905333e-01 -5.04251003e-01 6.57453656e-01 1.20607901e+00
    1.33178496e+00 -3.78784388e-01 1.07123399e+00 -4.36400235e-01
    9.64642167e-01 1.25652456e+00 2.18862891e-01 4.10312593e-01
    -8.11794400e-02 1.93426728e-01 3.11128974e-01 7.44526744e-01
    8.37392569e-01 1.46919203e+00 3.22464168e-01 1.37928367e+00
    -3.04287672e-01 -5.66814363e-01 1.98705018e-01 8.53101373e-01
    -2.78580010e-01 7.39248812e-01 -4.17367131e-01 1.31237268e+00
    1.02514529e+00 -1.01789832e-02 7.12984860e-01 9.92229998e-01
    2.85436511e-02 1.76169443e+00 1.38484025e+00 -1.67253017e-01
    -1.96687579e-02 -6.93890035e-01 1.07215357e+00 1.44194150e+00
    3.73113751e-01 8.55697632e-01 5.01772285e-01 2.26680219e-01
    7.76066184e-02 1.24003959e+00 5.56602955e-01 -1.23705208e-01
    6.46811068e-01 1.55273688e+00 -8.21079969e-01 -7.19925165e-01
    1.42292309e+00 1.38662148e+00 -5.20295739e-01 1.24034739e+00
    -5.75257540e-02 -3.85495067e-01 -2.39841402e-01 1.94508493e-01
    1.07582092e-01 1.59392524e+00 1.78474367e+00 1.74721980e+00
    -5.44047952e-02 -4.56012070e-01 3.19544673e-01 -2.15003610e-01
    -5.17332077e-01 1.33124185e+00 -2.39642501e-01 1.23018909e+00
    3.11343074e-02 -7.63914287e-01 9.48226094e-01 9.35869873e-01
    1.37067294e+00 5.80075562e-01 7.67972529e-01 6.54711962e-01
    1.66788459e+00 -6.13257289e-01 1.48864388e-01 -3.94969314e-01
    -1.18422866e-01 -6.70517683e-02 1.71828938e+00 3.73591900e-01
    6.35857105e-01 -4.29327637e-01 2.58474886e-01 -1.57356024e-01
    6.30379379e-01 -5.16574621e-01 7.72648036e-01 -8.29125643e-02
    -2.07721710e-01 1.64499068e+00 1.54087782e-01 -4.93037403e-01
    1.11908937e+00 1.79430401e+00 1.54344153e+00 9.90904450e-01
    5.52299201e-01 6.95234537e-03 1.61133528e+00 5.75044811e-01
    -6.56513572e-01 1.84002042e+00 5.86692810e-01 1.61041379e+00
    -2.13705003e-01 -5.97534537e-01 1.52013135e+00 6.75884187e-01
    1.26413345e+00 1.26963091e+00 5.25606453e-01 8.70897949e-01
    1.67872429e+00 -1.86725914e-01 2.64325559e-01 1.41843975e-01
    8.98419559e-01 -2.44256854e-02 6.48447156e-01 1.64555132e+00
    -4.00555104e-01 1.39353144e+00 1.34154296e+00 -6.30599260e-03
    9.55016017e-01 5.29424667e-01 1.24817109e+00 5.08811593e-01
    -5.12067139e-01 8.35630774e-01 3.99101317e-01 1.29620457e+00
    9.65706110e-01 -4.13074285e-01 1.30479467e+00 -2.51609683e-01
    1.79772604e+00 4.47122514e-01 4.92862761e-01 1.13145590e-01
    -2.67766714e-01 1.29645705e+00 2.71424651e-01 1.58372307e+00
    -8.53505850e-01 1.29601836e+00 -8.34810793e-01 7.62357056e-01
    6.06145442e-01 -4.01168019e-01 2.19859242e-01 -5.09385228e-01
    1.37083399e+00 1.68959284e+00 -4.72394824e-01 7.48179436e-01
    3.85198414e-01 1.36294651e+00 7.94308364e-01 9.47463691e-01
    -5.52301466e-01 2.92475998e-01 1.32608366e+00 1.08478570e+00
    5.15265644e-01 -4.97166455e-01 1.03395224e-01 -4.69529420e-01
    1.61242008e-01 -7.45011806e-01 -4.24595743e-01 -7.49564290e-01
    1.29971957e+00 -3.08051705e-01 1.06982398e+00 4.30636704e-01
    5.30816257e-01 -3.08509469e-02 2.15448320e-01 1.06135225e+00
    9.42237258e-01 6.76732063e-01 1.75338328e-01 1.74807811e+00
    -6.58248127e-01 -2.71370411e-01 1.26891637e+00 7.37230718e-01
    1.46545172e-02 -3.40528548e-01 -7.35380828e-01 1.00079536e-01
    7.02721298e-01 -6.38362646e-01 1.41083550e+00 -5.99774480e-01
    1.27359319e+00 7.83823371e-01 3.24842334e-01 1.02610493e+00
    6.29884422e-01 1.26204801e+00 7.10759103e-01 1.79344273e+00
    4.01699245e-01 1.28558612e+00 6.61808729e-01 6.22664630e-01
    6.32949769e-01 5.13911843e-01 5.38009167e-01 1.03137517e+00
    1.45659196e+00 -1.76512480e-01 1.09195769e-01 1.68844700e+00
    -2.69403696e-01 -1.15656972e-01 1.06318307e+00 -7.03560174e-01
    2.91765392e-01 6.87678933e-01 8.29385221e-01 2.47664034e-01
    -3.43340456e-01 -1.10753119e-01 1.67027402e+00 1.61096585e+00
    1.05472207e+00 1.83065987e+00 -9.07291114e-01 6.76843643e-01
    9.61222589e-01 9.88543391e-01 -5.03100157e-01 1.52751303e+00
    1.40457559e+00 -3.29425156e-01 5.76310456e-01 -9.77568030e-02
    1.29614162e+00 -4.09871340e-01 3.35712373e-01 6.17478132e-01
    -5.60921729e-01 6.11637235e-01 1.58663726e+00 1.38999391e+00
    1.70484126e+00 -8.76095295e-02 1.66354990e+00 1.67513168e+00
    -2.38180578e-01 9.15430605e-01 3.72651756e-01 -6.05259299e-01
    5.11914432e-01 8.39059770e-01 -7.83987761e-01 1.16741586e+00
    7.19857037e-01 1.16534114e+00 8.39143693e-01 1.14681983e+00
    1.03877103e+00 -4.23143625e-01 1.48422837e+00 -7.58266985e-01
    -5.05380213e-01 1.82662725e-01 -8.17888796e-01 1.74144101e+00
    9.19271529e-01 7.51745820e-01 -5.35027921e-01 2.32368529e-01
    5.99104762e-01 -8.45179558e-01 -2.16960311e-01 1.51973784e+00
    1.96638584e-01 -3.89576435e-01 3.17355394e-02 -1.94046795e-01
    1.86291814e-01 -3.65392566e-02 1.94669306e-01 1.62651801e+00
    7.46448517e-01 8.73017311e-01 -1.43117905e-01 5.71798205e-01
    1.35972738e+00 -6.34026229e-01 1.53604460e+00 1.38455153e+00
    1.03307855e+00 6.75899208e-01 1.17486632e+00 -7.86573887e-01
    -7.54647851e-01 -5.49747348e-02 -8.58354807e-01 -8.22018862e-01
    -4.18542981e-01 -1.86649263e-01 5.89421570e-01 1.65004134e+00
    -4.26757455e-01 1.07419205e+00 9.92647469e-01 -3.98067653e-01
    3.52485120e-01 5.47763169e-01 -7.11622596e-01 -2.90865183e-01
    1.35248399e+00 1.74749851e-01 -8.40267301e-01 7.32757568e-01
    -4.14881289e-01 1.54179585e+00 2.33159065e-02 1.45328856e+00
    1.33922970e+00 -5.73615909e-01 -7.32465923e-01 1.05209363e+00
    4.82084513e-01 -5.16860604e-01 9.33769107e-01 1.08401549e+00
    -4.40241039e-01 -3.24041963e-01 1.23762608e+00 9.47632492e-01
    3.67031395e-01 9.83907521e-01 -2.66294599e-01 -5.25192022e-02
    6.23713255e-01 -9.03530657e-01 7.20281959e-01 1.79569685e+00
    1.18212223e-01 1.57892048e+00 1.62880921e+00 -9.90418196e-02
    -8.24343920e-01 -4.61476684e-01 1.22272182e+00 1.37705421e+00
    6.65068626e-02 1.64557362e+00 -7.23372817e-01 7.15505421e-01
    3.66683185e-01 1.77758241e+00 1.68993592e+00 5.45464993e-01
    1.61839771e+00 -4.94704247e-02 8.87259841e-01 7.18267143e-01
    -5.55883408e-01 1.15902865e+00 -5.76402783e-01 1.77370369e-01
    8.20782185e-01 -3.03712785e-01 6.54929698e-01 3.42994452e-01
    -7.76631236e-02 9.75813806e-01 1.30512476e+00 -2.74405539e-01
    1.81553578e+00 -6.02153420e-01 -4.04275864e-01 -4.12212014e-02
    -4.66552824e-01 1.29202271e+00 8.83999169e-01 1.82993793e+00
    5.62774241e-01 4.17169809e-01 -4.90007520e-01 1.07643938e+00
    9.01024103e-01 -7.74269581e-01 -2.41105497e-01 7.82439590e-01
    5.89909077e-01 -4.68967795e-01 -6.48591995e-01 5.08553445e-01
    1.36712337e+00 1.11343861e+00 1.73402190e+00 1.66880596e+00
    1.09931147e+00 7.27029920e-01 -1.08696222e-02 1.11743402e+00
    -1.36111975e-01 5.21199167e-01 -4.67524052e-01 4.98489141e-02
    -6.35726929e-01 5.10195494e-01 1.64080834e+00 9.72603798e-01
    1.30147874e-01 1.72458220e+00 1.26709533e+00 -7.02317953e-01
    5.25578380e-01 1.39602387e+00 -2.26954222e-02 -1.32127583e-01
    5.56468010e-01 4.10913169e-01 -6.67007029e-01 1.21611106e+00
    -7.41828084e-01 -7.52332211e-01 -2.90889978e-01 1.68515205e+00
    7.89561152e-01 1.76039958e+00 7.11261272e-01 -1.51152849e-01
    1.69522095e+00 -1.25377238e-01 1.82798815e+00 1.30999494e+00
    1.18081498e+00 8.33580554e-01 7.34615624e-01 -1.63670719e-01
    1.31536186e+00 8.95319343e-01 -3.65772277e-01 5.40001512e-01
    -8.33236992e-01 -4.02469397e-01 8.82721543e-02 1.15675223e+00
    1.52313828e+00 1.81320214e+00 1.80552912e+00 1.32861543e+00
    -2.08808005e-01 1.72538352e+00 8.49637985e-02 1.42265391e+00
    5.80668211e-01 6.21237874e-01 -2.98218250e-01 1.29945278e+00
    -5.14280021e-01 5.33642590e-01 -6.75470233e-02 -3.75395000e-01
    -2.25620687e-01 1.50616097e+00 1.92572355e-01 2.50619829e-01
    1.83896637e+00 -4.02741194e-01 1.39068580e+00 -3.26141596e-01
    -6.92045867e-01 1.13167524e+00 1.03893697e-01 5.22573352e-01
    1.15396547e+00 -7.75832713e-01 4.30476725e-01 1.57578874e+00
    3.23723674e-01 -4.99886930e-01 -2.47406542e-01 4.63650107e-01
    9.80543196e-01 9.25854445e-01 6.25422955e-01 3.94415200e-01
    1.18381190e+00 1.76051736e+00 7.66390860e-01 1.43318522e+00
    -4.49882954e-01 -2.13849187e-01 1.75229955e+00 1.59119666e-01
    1.18336976e-01 7.17723668e-01 -5.58233500e-01 1.50412107e+00
    1.84286058e-01 -6.83963895e-02 1.69337189e+00 -7.39843726e-01
    5.38483620e-01 1.60782325e+00 -7.97338486e-02 6.09295249e-01
    -2.57243812e-01 -7.86711454e-01 -3.56646597e-01 4.32610512e-02
    -7.19868541e-02 -5.37141442e-01 7.56195009e-01 6.14469767e-01
    1.02757204e+00 6.35470271e-01 1.73441219e+00 1.63583589e+00
    2.74611175e-01 1.46558475e+00 3.97223234e-01 4.73718822e-01
    1.40630901e+00 -2.82155752e-01 6.20806098e-01 3.92389417e-01
    1.57654178e+00 -5.50019205e-01 -4.12138224e-01 9.40422356e-01
    8.33019018e-01 7.51431763e-01 -3.82383168e-01 2.10441053e-01
    1.85468888e+00 2.37904549e-01 4.85264778e-01 1.87134254e+00
    3.02556515e-01 -2.30704129e-01 6.92799687e-02 5.50039172e-01
    -2.37319410e-01 1.01404476e+00 1.14808345e+00 9.91741061e-01
    1.33411193e+00 5.63330472e-01 1.78906035e+00 -4.35587168e-01
    1.46207142e+00 5.61163664e-01 1.44148481e+00 6.02280378e-01
    -8.78074706e-01 1.42592013e-01 -5.30851007e-01 1.47023749e+00
    4.64829564e-01 -7.18341827e-01 8.83597076e-01 5.20136535e-01
    7.24621356e-01 1.58371282e+00 5.19336879e-01 9.62938249e-01
    2.26357222e-01 1.26100302e+00 2.51390100e-01 -6.72577620e-02
    6.04828477e-01 1.29583645e+00 8.18192244e-01 1.46786189e+00
    8.66225958e-01 -1.13489628e-02 5.91768980e-01 1.92215562e-01
    2.05914259e-01 -5.06017089e-01 -7.96422660e-01 -2.17481613e-01
    5.03201127e-01 8.77122760e-01 7.86074519e-01 1.82682598e+00
    7.93812633e-01 6.04255199e-01 -1.38198793e-01 1.18197584e+00
    -5.92155099e-01 -4.94646251e-01 2.21098840e-01 1.25046015e+00
    1.16985333e+00 1.64109993e+00 2.69272387e-01 -3.03692758e-01
    -9.18517172e-01 1.38367701e+00 1.42555499e+00 -2.98871517e-01
    -2.10620761e-02 1.60793960e+00 -8.75329316e-01 5.91218054e-01
    1.51775241e+00 9.90667045e-01 -8.80921423e-01 -4.33739990e-01
    6.36161864e-01 9.21427310e-01 1.43682027e+00 1.30616963e-01
    8.64374399e-01 1.13746905e+00 1.06110668e+00 -1.79279566e-01
    6.01140618e-01 -2.71289885e-01 8.83209765e-01 -7.49722004e-01
    1.18920100e+00 3.68896186e-01 -8.21251214e-01 8.20108891e-01
    -3.66769969e-01 -1.00851178e-01 1.18394887e+00 1.34606719e-01
    1.56731880e+00 -6.79044127e-02 1.34133184e+00 1.17239356e-02
    5.59982896e-01 6.99355900e-01 -2.26231813e-02 -6.43836677e-01
    1.25594401e+00 1.70601439e+00 -2.78831005e-01 -3.40249836e-01
    -5.40016949e-01 7.17357159e-01 7.22784460e-01 -5.49995899e-01
    1.49459040e+00 3.16632628e-01 1.49835134e+00 -2.61755109e-01
    2.08776236e-01 8.72024000e-01 1.19512999e+00 1.10122442e+00
    -8.84058714e-01 -2.88452208e-01 1.59650123e+00 1.77499199e+00
    1.52134681e+00 -2.34929323e-01 6.85665250e-01 -2.42346466e-01
    2.38835752e-01 2.88096666e-01 1.71831799e+00 1.89035594e-01
    -7.90562510e-01 -7.12218225e-01 1.55318546e+00 -5.61692119e-01
    8.18020821e-01 -5.81732512e-01 1.21955991e-01 1.18921888e+00
    -4.92739975e-01 2.81760931e-01 -1.73371255e-01 -1.79018140e-01
    1.71942902e+00 -4.02760923e-01 1.01563096e-01 1.59865093e+00
    1.33840621e+00 1.49381983e+00 -8.57433200e-01 7.29198694e-01
    2.57169783e-01 9.05961633e-01 1.37080622e+00 1.58102572e-01
    1.01059783e+00 5.77432275e-01 1.87280011e+00 1.24584961e+00
    2.62047470e-01 1.28884625e+00 -5.18623590e-01 1.76026821e+00
    6.69054985e-01 7.01256096e-01 7.55758882e-02 -3.43161464e-01
    3.57524216e-01 7.87359715e-01 1.76467991e+00 7.29336917e-01
    -4.86110240e-01 1.38875639e+00 1.57939363e+00 5.40982783e-01
    1.48960519e+00 -3.48050892e-01 1.02585769e+00 1.16372240e+00
    -4.22588736e-01 4.24260378e-01 4.57167327e-01 1.23114014e+00
    -7.42751896e-01 9.91377532e-01 1.41463685e+00 3.10114443e-01
    9.99121547e-01 -3.13355505e-01 1.73554516e+00 1.71256018e+00
    -3.30024987e-01 -3.34396929e-01 8.64345372e-01 9.05555487e-02
    3.37664783e-01 -4.66263294e-03 -3.18749309e-01 6.40067101e-01
    -6.59890771e-02 1.12734056e+00 3.07957232e-01 -7.45549202e-01
    1.35380077e+00 8.51750135e-01 -5.45085013e-01 -1.99786782e-01
    -4.09547389e-01 1.74588859e+00 8.66841257e-01 1.56413889e+00
    6.69404328e-01 1.52268600e+00 -2.33102083e-01 1.60123408e-01
    2.45362043e-01 1.49855971e+00 -2.89469719e-01 -4.29023176e-01
    1.01211035e+00 1.07216144e+00 5.82573295e-01 1.17636681e-01
    1.11022544e+00 8.20055485e-01 5.14085889e-01 8.50818753e-02
    -8.46492231e-01 2.40796804e-02 1.77656519e+00 3.60945344e-01
    -7.97063649e-01 8.50785017e-01 1.51882362e+00 1.77172720e+00
    1.53085279e+00 -7.04640269e-01 6.21082902e-01 7.34423995e-02
    -3.19268942e-01 1.55469191e+00 7.10992515e-01 -7.41153181e-01
    8.12614501e-01 5.24351418e-01 1.53361607e+00 1.16379702e+00
    -5.15203655e-01 1.01442611e+00 2.79952407e-01 -2.37963617e-01
    1.15841746e+00 1.59594774e+00 -2.68603027e-01 9.70386326e-01
    -2.28364766e-01 6.88425183e-01 1.30622387e-01 -7.08679557e-01
    -7.00436294e-01 8.32492650e-01 3.08225989e-01 1.81012678e+00
    1.58908796e+00 1.57801819e+00 1.02054358e+00 1.22143316e+00
    6.94143593e-01 6.85958683e-01 1.49299669e+00 3.22627962e-01
    1.22607076e+00 9.83574450e-01 1.65027356e+00 5.14537573e-01
    1.06339574e+00 -5.84164739e-01 1.46796703e-01 2.22317994e-01
    1.81644571e+00 -6.96900606e-01 9.70683932e-01 7.08102703e-01
    1.26885462e+00 1.43345881e+00 1.45858634e+00 -6.73484325e-01
    -7.71853328e-01 -6.15736425e-01 1.28156829e+00 -5.40815592e-01
    1.70101142e+00 8.12078118e-02 -3.40524077e-01 2.23724842e-02
    -7.21908510e-01 4.30560112e-03 1.51368022e+00 -3.59403729e-01
    1.24804819e+00 -2.37005174e-01 1.33324754e+00 1.32147884e+00
    1.66536355e+00 4.08481419e-01 -7.53282666e-01 1.28042269e+00
    1.43738949e+00 7.49629796e-01 1.38067770e+00 4.50702310e-02
    5.57359457e-01 7.09393799e-01 2.00948417e-01 1.35445690e+00
    3.60995233e-01 3.01545084e-01 4.69128311e-01 1.82307267e+00
    -4.72299576e-01 8.51838946e-01 2.38746285e-01 -8.40263903e-01
    5.65803528e-01 2.74603546e-01 7.84078598e-01 1.49083376e+00
    1.56302118e+00 -7.26643205e-01 7.26131737e-01 -1.47622883e-01
    1.68187690e+00 1.59006298e-01 -4.59017545e-01 2.09628761e-01
    7.45843530e-01 1.06457353e+00 -1.86672151e-01 1.16223526e+00
    5.40499747e-01 1.29489136e+00 -7.70529151e-01 1.73991823e+00
    -4.46003705e-01 4.12609339e-01 1.35685015e+00 -2.63799846e-01
    9.02269304e-01 1.44231057e+00 5.16100049e-01 5.94570816e-01
    1.22197056e+00 -5.36160588e-01 -1.92272842e-01 1.47188818e+00
    4.59305108e-01 -7.99597621e-01 7.29292095e-01 1.70023680e+00
    -1.72844529e-02 6.75253928e-01 2.56363571e-01 1.65425467e+00
    -3.97818983e-01 4.48707223e-01 8.09713364e-01 1.80172443e+00
    -4.75705266e-02 1.03383207e+00 1.25915694e+00 -5.80593407e-01
    -8.60834956e-01 1.07195425e+00 1.56243551e+00 4.56485152e-01
    -5.29215157e-01 -3.51327956e-01 1.12756419e+00 1.25933671e+00
    9.45624232e-01 -4.98669386e-01 1.85161579e+00 1.12328303e+00
    -3.45444739e-01 1.78253889e+00 1.09693420e+00 -2.49410748e-01
    -5.90279937e-01 5.38823962e-01 8.38727474e-01 1.51920545e+00
    7.17207611e-01 -5.47649860e-01 2.90818334e-01 -4.08350646e-01
    -1.06002748e-01 1.09504342e+00 1.26039767e+00 -1.76509142e-01
    1.29690289e-01 -8.06296885e-01 1.29770994e+00 3.40367377e-01
    5.21503091e-02 1.14290047e+00 1.74234152e+00 1.20960593e+00
    -6.09419942e-02 1.81709361e+00 6.81441367e-01 1.15063632e+00
    8.89061689e-02 3.95263314e-01 -3.21859360e-01 1.27998590e+00
    1.77617431e+00 -7.58385777e-01 9.05910015e-01 7.17570126e-01
    1.19786584e+00 -2.98996091e-01 7.84809589e-01 1.73724914e+00
    1.40865755e+00 1.39556825e-01 -8.46312642e-01 1.35257947e+00
    1.59941006e+00 4.86991405e-02 -4.96468902e-01 3.78016829e-02
    -8.90546441e-02 -2.36194491e-01 4.97618616e-01 1.55647326e+00
    -3.78545225e-01 1.77825379e+00 1.12069201e+00 7.35148787e-02
    1.08853769e+00 5.53557575e-01 7.17527747e-01 3.39718878e-01
    1.96195722e-01 1.00445330e-01 1.75494230e+00 6.00119829e-01
    -5.89414835e-02 8.18724096e-01 -4.66620386e-01 1.71818948e+00
    -3.28061581e-01 1.44446158e+00 8.16921949e-01 -7.03758597e-01
    -1.28081620e-01 6.00799263e-01 -3.43179107e-01 5.98332703e-01
    2.10671544e-01 -1.36755645e-01 6.54929876e-03 1.58834934e+00
    1.58630991e+00 1.54081321e+00 5.95618725e-01 1.43698382e+00
    -6.78118467e-02 -1.46854937e-01 1.80776596e+00 -3.24302554e-01
    1.20329571e+00 -6.36037230e-01 1.62270331e+00 1.93299055e-02
    1.40896988e+00 -5.14204085e-01 -5.14055908e-01 4.81646717e-01
    -5.29824972e-01 1.70591187e+00 -5.64507961e-01 1.28307128e+00
    4.73829091e-01 9.21778977e-01 -4.34995294e-02 1.81290245e+00
    1.19621682e+00 6.30466163e-01 1.71300352e-01 1.49981618e+00
    1.75125885e+00 -7.78903008e-01 -2.86226392e-01 1.45989609e+00
    -4.12235856e-02 -3.52563620e-01 4.82229650e-01 -2.84560621e-01
    -8.34257424e-01 -7.47112691e-01 5.08201540e-01 -4.15179998e-01
    1.84152102e+00 -3.90091330e-01 -7.93040693e-01 -1.15850508e-01
    2.50451565e-02 1.68854058e+00 -7.60350347e-01 3.11296821e-01
    6.93388462e-01 1.12112689e+00 1.34167600e+00 3.87498379e-01
    1.17188692e+00 1.62269044e+00 4.98010635e-01 -8.56403351e-01
    1.37727094e+00 -7.40836442e-01 1.32019043e-01 9.28603709e-01
    -3.08531761e-01 -2.14116037e-01 1.63247705e-01 6.41800284e-01
    -4.76803660e-01 1.22326636e+00 1.27861106e+00 1.63848925e+00
    6.99560761e-01 -1.99420691e-01 -8.19261611e-01 -3.72985959e-01
    8.92755032e-01 8.23887289e-01 -1.81904316e-01 2.20711231e-02
    1.64211738e+00 -4.47726697e-01 9.75604832e-01 -2.29556978e-01
    5.10019720e-01 1.14541113e+00 -2.18263328e-01 1.80836892e+00
    -1.12639844e-01 -1.36820912e-01 3.50241899e-01 5.57118654e-01
    1.54341078e+00 -3.26529384e-01 9.45469379e-01 -2.86589503e-01
    -5.07889688e-01 1.56590676e+00 1.22351229e-01 -5.08776248e-01
    -8.52714360e-01 8.42046738e-03 1.00831294e+00 1.29016471e+00
    -5.94373941e-01 -9.00393009e-01 -1.62860751e-02 -3.11822712e-01
    -7.78822303e-02 3.75068486e-01 1.52484393e+00 -4.92001474e-01
    5.79625130e-01 7.56910264e-01 4.49641407e-01 -6.01793766e-01
    1.53088188e+00 4.80281413e-01 1.34567106e+00 -6.20402217e-01
    7.77179003e-01 6.08444214e-03 1.01937497e+00 7.39633322e-01
    -3.94635677e-01 2.12810516e-01 1.79493713e+00 1.20582354e+00
    4.95132327e-01 4.14098263e-01 -2.31741905e-01 8.54991257e-01
    1.24622583e-01 1.59386992e-01 2.36218274e-01 1.08690166e+00
    1.22531843e+00 8.95051479e-01 -1.91259801e-01 1.71303535e+00
    1.81280398e+00 -7.00500727e-01 1.87416291e+00 6.77047193e-01
    -7.91081488e-01 1.37322628e+00 -6.15264833e-01 1.29597604e-01
    -2.69191504e-01 9.51633751e-01 8.16312790e-01 -7.67077327e-01
    6.13220513e-01 1.47792971e+00 -7.30771303e-01 1.32204163e+00
    8.52022529e-01 -5.30168772e-01 1.39047956e+00 9.13463652e-01
    -3.37197304e-01 -6.34388924e-01 6.36050284e-01 -3.30684006e-01
    7.15950131e-02 7.55775511e-01 8.76768708e-01 1.31993592e+00
    1.33161378e+00 1.45374393e+00 -8.85677338e-01 6.89342678e-01
    3.06614637e-01 -2.00341582e-01 5.26297331e-01 1.47858143e+00
    4.77320313e-01 -2.12988853e-01 1.13272381e+00 3.45728219e-01
    1.16512883e+00 7.64587879e-01 1.31920218e-01 -4.36855704e-01
    1.18504250e+00 -6.26999974e-01 -4.04010862e-01 1.52383351e+00
    -7.75687277e-01 1.59163868e+00 1.51193810e+00 9.34178233e-02
    1.48189795e+00 1.02319062e-01 1.20068622e+00 5.83871126e-01
    2.67195821e-01 1.59529090e-01 1.32587957e+00 5.96177220e-01
    4.19044316e-01 1.75369036e+00 -7.53080249e-02 -4.19538260e-01
    4.74703312e-01 -1.77601337e-01 -7.43369997e-01 1.40544820e+00
    -7.73076653e-01 -6.64793134e-01 -2.76724339e-01 -4.59104687e-01
    -2.28229702e-01 3.26138735e-01 -4.80978668e-01 1.39294577e+00
    1.33090317e-01 -2.46401429e-02 4.45787132e-01 1.74729776e+00
    6.25406444e-01 -7.93359578e-01 -3.87773752e-01 1.37800837e+00
    -6.78455353e-01 -8.17185163e-01 -8.44712913e-01 8.77310753e-01
    -7.00448990e-01 1.26226163e+00 1.52802551e+00 5.57810009e-01
    -2.21919239e-01 2.69244671e-01 1.25505972e+00 -8.02962422e-01
    9.52391446e-01 4.60979164e-01 -5.22295833e-01 1.31881654e+00
    4.81254816e-01 1.90537035e-01 2.68570185e-02 1.63176155e+00
    9.12140846e-01 8.93810213e-01 -6.31939709e-01 2.44526863e-01
    3.75707746e-01 1.26548409e-02 1.37745309e+00 1.58762050e+00
    2.85287917e-01 6.09411478e-01 -8.66659164e-01 2.33986914e-01
    1.68747687e+00 1.40070963e+00 5.34655213e-01 1.79038310e+00
    1.80965269e+00 1.18134892e+00 -6.13235056e-01 1.75107574e+00
    1.30908108e+00 1.12073553e+00 1.10805941e+00 1.26623893e+00
    9.20191109e-01 7.75153041e-02 -3.71962070e-01 -8.92225027e-01
    1.80304646e+00 -7.82335341e-01 4.35294211e-01 2.67059624e-01
    4.28149462e-01 5.18218279e-02 1.73355401e+00 -2.79112220e-01
    1.60923183e-01 1.69042397e+00 3.86012197e-02 1.24030280e+00
    4.22227144e-01 1.69343305e+00 1.49255180e+00 1.00595415e-01
    1.69974780e+00 8.46073151e-01 1.06183505e+00 3.83638978e-01
    1.29805994e+00 -1.38119459e-01 7.54009664e-01 1.12781525e+00
    1.68150163e+00 4.32534933e-01 -4.27105129e-01 7.31264949e-01
    7.61929452e-01 1.11641622e+00 -6.46251917e-01 -3.90173823e-01
    1.09773755e+00 -8.14916492e-01 1.55240440e+00 -5.76135993e-01
    -2.97054946e-01 -8.08062971e-01 -2.23249197e-01 1.55650187e+00
    3.55323732e-01 -4.89796698e-01 1.06614375e+00 -5.19256711e-01
    -6.47210717e-01 8.04552376e-01 7.56646931e-01 -2.71140397e-01
    9.79177356e-01 1.09945476e+00 1.68023431e+00 9.16167557e-01
    1.46908927e+00 -4.78442609e-01 5.85589409e-02 7.65158772e-01
    1.60473824e+00 -2.65631020e-01 -7.72446454e-01 1.55821919e+00
    1.60119665e+00 5.51725507e-01 1.59049404e+00 1.83960223e+00
    1.05879366e+00 3.92965317e-01 1.19140148e+00 1.58843815e+00
    1.08777905e+00 1.62443686e+00 4.69541192e-01 -4.22629863e-01
    -1.13241613e-01 1.79068851e+00 1.30663180e+00 1.43346810e+00
    -6.70901060e-01 1.87726796e+00 -5.71059227e-01 -6.71228051e-01
    -4.78281796e-01 6.04225576e-01 -1.33393645e-01 -1.87967420e-02
    1.03827000e+00 1.18811965e+00 1.46116197e-01 1.53055215e+00
    1.58648825e+00 1.02352202e-01 1.27155185e+00 -5.88648140e-01
    -1.59127355e-01 -2.16206133e-01 6.10611260e-01 -1.60259187e-01
    1.76172435e-01 4.04640734e-01 -8.48493218e-01 9.41373169e-01
    1.35165215e+00 3.84414136e-01 -3.29631865e-01 1.38241541e+00
    6.45670474e-01 8.22540939e-01 7.20623136e-02 3.42977524e-01
    1.30351281e+00 -6.14187837e-01 -5.61732233e-01 7.65560031e-01
    -5.86012602e-02 9.50165749e-01 7.21116424e-01 3.29186380e-01
    4.10700083e-01 1.21155953e+00 2.02519476e-01 1.65761828e-01
    4.76249099e-01 7.54286349e-01 7.44729042e-02 9.99667645e-01
    2.31318295e-01 -4.19163704e-03 1.46328926e-01 -3.28354716e-01
    -8.27847183e-01 2.93800950e-01 3.86981666e-01 2.88496614e-01
    -7.26442039e-01 1.18835688e-01 -6.29410982e-01 1.45290923e+00
    2.05785632e-02 -6.21364713e-02 1.84785771e+00 7.39256084e-01
    1.12035298e+00 4.65693295e-01 3.11069012e-01 -6.97962701e-01
    1.30797768e+00 -4.20127511e-02 -3.33784819e-01 -2.82739103e-01
    -1.02384686e-02 1.45632482e+00 -3.24626386e-01 1.32870507e+00
    5.78366935e-01 -7.30951786e-01 1.43808901e-01 1.56046152e+00
    -2.32446194e-03 7.50643015e-02 6.42966449e-01 1.07098782e+00
    -3.59438062e-02 -6.59746647e-01 1.52634835e+00 1.20652974e-01
    1.41171050e+00 1.22483397e+00 9.65164542e-01 1.69832766e-01
    7.30948627e-01 1.13870740e+00 -7.85725713e-01 1.38287640e+00
    1.38350725e-01 7.33166456e-01 1.65955698e+00 4.41937983e-01
    -2.10209608e-01 1.52214777e+00 1.18438435e+00 1.38285542e+00
    1.13276219e+00 -1.40579045e-01 1.09136844e+00 1.66992962e+00
    -4.88841802e-01 2.94368863e-02 6.01031542e-01 1.36188674e+00
    1.70224595e+00 1.87006497e+00 3.18974853e-02 1.28168368e+00
    4.53919172e-03 -5.28714538e-01 -7.84294605e-01 9.91966307e-01
    1.45063686e+00 -5.46270370e-01 1.68309295e+00 9.88313556e-01
    -9.32761431e-02 1.79067004e+00 1.56962109e+00 -3.96420717e-01
    -1.43171549e-02 1.23611593e+00 1.77760601e+00 1.09857082e-01
    1.78663850e+00 -1.01726055e-02 1.17293775e-01 -7.33344913e-01
    1.63454890e-01 6.09602213e-01 -9.28113461e-02 1.36762881e+00
    1.40638804e+00 -7.71624088e-01 6.57376647e-02 1.22003603e+00
    3.82573605e-02 -7.98643470e-01 -1.06830418e-01 -5.67008495e-01
    -2.36536801e-01 9.96132493e-01 1.26460314e-01 -3.36370319e-01
    -5.97540200e-01 1.12244546e+00 9.29193199e-01 1.28340685e+00
    -7.77521253e-01 5.06094337e-01 1.88147736e+00 7.15560555e-01
    1.14481235e+00 -4.97445554e-01 1.63791418e-01 -8.55684280e-03
    -3.14616442e-01 7.94906795e-01 -7.04711497e-01 -4.02444065e-01
    8.20949256e-01 -6.75532818e-02 4.68747079e-01 1.58012271e+00
    8.10344875e-01 6.85436487e-01 9.44889784e-01 5.35443723e-01
    1.50463641e-01 4.45391715e-01 5.86346567e-01 1.72999275e+00
    1.66881418e+00 -3.55720758e-01 1.39621758e+00 5.10512233e-01
    5.49617290e-01 -2.37995207e-01 7.16517687e-01 -1.09188318e-01
    -5.97969890e-02 1.62487924e+00 5.78751683e-01 1.78751886e-01
    -4.33371216e-01 -7.61916757e-01 1.13842905e+00 1.28747773e+00
    1.35313678e+00 2.42368698e-01 1.34514880e+00 -5.29818535e-01
    -7.94179082e-01 1.18285429e+00 2.94426441e-01 1.85119629e-01
    4.97584939e-01 3.67475271e-01 9.17062700e-01 9.59041238e-01
    2.25998521e-01 5.23659587e-01 2.82047391e-01 2.76438177e-01
    1.85503578e+00 1.71164596e+00 6.05888247e-01 3.44714224e-01
    9.52868402e-01 7.88368702e-01 1.04111576e+00 -7.03350365e-01
    3.63111496e-01 -7.15162992e-01 2.63795078e-01 -7.95901477e-01
    1.13172460e+00 -1.99901223e-01 3.42353225e-01 1.10500371e+00
    7.41649628e-01 6.82657063e-01 2.67022848e-03 1.78634429e+00
    5.34405708e-01 1.32271719e+00 -8.05010974e-01 1.54698884e+00
    1.03339291e+00 1.80165350e+00 -5.48127532e-01 8.70118678e-01
    1.19707155e+00 1.66948509e+00 -5.15945554e-01 -8.03853095e-01
    -2.36057997e-01 1.46020031e+00 1.36470950e+00 -2.38438249e-02
    -3.56591642e-01 2.88994551e-01 4.04624343e-02 8.18799794e-01
    -3.98894548e-01 -7.42332339e-01 9.79953408e-01 8.17641616e-02
    8.43901455e-01 1.15838933e+00 -8.21839750e-01 1.87637866e-01
    1.95086002e-04 -5.56227803e-01 9.66439366e-01 6.79116488e-01
    1.69917059e+00 -2.41391897e-01 3.00648928e-01 -6.08451247e-01
    -8.08364749e-01 7.78257370e-01 -4.63463545e-01 -8.00149560e-01
    2.71617174e-01 9.34327662e-01 7.34017909e-01 -6.77506983e-01
    1.84007657e+00 1.21402121e+00 1.44219947e+00 -5.44089556e-01
    1.31573832e+00 1.38482261e+00 -2.85137594e-01 1.54123449e+00
    1.79733479e+00 1.94226921e-01 1.73223972e+00 9.68424678e-01
    -6.67585611e-01 8.79676163e-01 1.33182323e+00 -4.55032766e-01
    1.86448216e-01 1.62221479e+00 1.75426102e+00 -7.63630867e-01
    -4.30410713e-01 1.75237298e+00 -9.01362658e-01 1.04667485e-01
    1.61566114e+00 2.53926635e-01 1.08837724e+00 -6.20514035e-01
    -3.82884145e-01 1.83266997e+00 7.42871583e-01 2.72421718e-01
    2.53602982e-01 -2.42408693e-01 3.60753834e-01 4.96876538e-01
    1.66238129e+00 8.18614841e-01 1.58457923e+00 1.45647824e+00
    2.30756640e-01 7.01133609e-01 1.20466900e+00 1.19474173e+00
    -4.76945758e-01 1.89269662e-01 -2.48255670e-01 9.79719162e-01
    2.98623145e-01 1.64636970e-01 1.08030498e+00 9.07167137e-01
    -3.69108021e-01 1.46028054e+00 8.84108126e-01 1.81018829e+00
    9.94332492e-01 5.27391315e-01 3.35295796e-02 4.71552253e-01
    1.37457585e+00 1.52259374e+00 -5.33287048e-01 1.19550288e+00
    -4.14665699e-01 1.51866353e+00 1.58951950e+00 -8.17056656e-01
    1.45808983e+00 -6.68045282e-02 7.01575339e-01 1.17768502e+00
    4.33764875e-01 3.20696235e-01 3.78451943e-02 1.62927866e-01
    1.18700910e+00 -7.38930285e-01 -5.51989615e-01 8.70126605e-01
    1.35736442e+00 -3.47193778e-01 -7.70579338e-01 4.94019628e-01
    1.56014180e+00 9.41657245e-01 7.36463070e-02 1.09495926e+00
    -2.53733695e-01 -8.78375411e-01 1.62406099e+00 3.01109374e-01
    -5.14134645e-01 4.27543521e-01 -1.04134142e-01 8.41058791e-01
    1.23704481e+00 1.33060598e+00 6.38317645e-01 4.34667349e-01
    -6.96406960e-02 1.04181790e+00 1.41482806e+00 9.33709621e-01
    1.62226844e+00 -3.56694877e-01 -2.85220861e-01 -5.83522916e-01
    3.10654998e-01 3.61866832e-01 -4.08795655e-01 1.10492396e+00
    -7.39595711e-01 1.49958444e+00 6.81244969e-01 1.46832967e+00
    3.34206760e-01 4.96953011e-01 1.29445148e+00 1.21061444e-01
    -5.60795546e-01 1.85408103e+00 5.93710124e-01 8.35008562e-01
    4.69800949e-01 6.70100451e-02 3.97351563e-01 9.42661464e-01
    1.53403044e+00 -5.78868389e-03 1.16529596e+00 6.08655453e-01
    1.19770598e+00 -1.70617223e-01 1.92282510e+00 -3.81035060e-01
    5.50714791e-01 9.84756649e-01 -1.91590726e-01 6.26251459e-01
    -7.38500416e-01 1.00149345e+00 -1.21517181e-02 -1.14155650e-01
    -2.60881424e-01 3.41798902e-01 1.74000382e+00 9.68017936e-01
    -8.12277615e-01 1.58960617e+00 5.81836104e-02 -9.01286900e-01
    -5.17897606e-01 -9.00215507e-01 9.72905993e-01 2.29767740e-01
    -7.91986406e-01 -2.37403333e-01 -5.16208351e-01 -2.16865599e-01
    1.08626652e+00 1.83084774e+00 1.10316610e+00 1.48361969e+00
    7.29360163e-01 -3.88039947e-02 6.71076119e-01 5.02102196e-01
    3.53181124e-01 -1.90658808e-01 4.29881513e-01 1.56631851e+00
    -3.66533875e-01 1.58344424e+00 -2.77363718e-01 4.50842619e-01
    7.90021479e-01 -5.73316336e-01 1.14318871e+00 -5.91879249e-01
    9.92394984e-01 1.45568037e+00 5.63562334e-01 7.37861037e-01
    1.28282142e+00 2.56976545e-01 -5.19808352e-01 6.74982607e-01
    -4.90741402e-01 1.51548409e+00 6.67512000e-01 8.52086782e-01
    8.03649426e-04 5.91247380e-01 -8.82297754e-02 1.81789374e+00
    1.60155797e+00 2.90765166e-01 -8.26984704e-01 1.09481287e+00
    -8.31120312e-01 1.23789370e+00 2.59401143e-01 1.25449061e+00
    2.01000988e-01 -1.75578475e-01 9.76383507e-01 1.43212414e+00
    -7.85336912e-01 1.67262006e+00 1.08981419e+00 5.92172146e-03
    8.21131647e-01 -8.61587524e-02 8.58787298e-01 -3.86697143e-01
    1.55709147e-01 1.48363626e+00 -1.26552403e-01 -6.11098289e-01
    1.11428452e+00 4.94085252e-01 4.25343871e-01 6.14813983e-01
    1.81752920e-01 1.21018863e+00 -2.87399769e-01 5.07408381e-01
    -6.45637512e-01 -1.82550430e-01 1.49381971e+00 1.37043715e-01
    -7.20973015e-02 1.58388817e+00 5.49906790e-01 6.58264279e-01
    -5.20919561e-02 1.72887444e+00 7.91260660e-01 8.17442834e-01
    1.30548227e+00 1.31392956e+00 4.36382174e-01 1.38771367e+00
    -1.95966840e-01 -1.04137957e-01 -1.16004407e-01 1.42873812e+00
    1.31608796e+00 1.39629436e+00 7.68185675e-01 7.04717040e-01
    1.16476798e+00 1.28130019e-01 9.97399926e-01 4.08587098e-01
    8.45224440e-01 -3.78223777e-01 -7.09717691e-01 1.03462386e+00
    1.36455476e+00 -1.21781468e-01 1.71956754e+00 1.81142092e+00
    -7.50155389e-01 6.36972129e-01 1.18998921e+00 2.28540778e-01
    1.61254883e-01 3.24396551e-01 1.35930204e+00 1.54029632e+00
    8.60304773e-01 1.34813142e+00 1.59013557e+00 2.05673993e-01
    -7.31962919e-01 -3.81822348e-01 1.52801418e+00 -2.20183730e-01
    -4.47194517e-01 -3.66028666e-01 1.72779572e+00 -5.88935733e-01
    2.43540168e-01 2.20311165e-01 1.75397623e+00 -4.46856380e-01
    7.78074801e-01 1.38719606e+00 1.35822225e+00 1.18482232e+00
    4.77309763e-01 -6.17453694e-01 1.64217949e+00 5.38729429e-02
    1.86458361e+00 -4.70261902e-01 -4.84643579e-02 -5.24238944e-02
    1.29871213e+00 1.59874380e-01 1.24047697e-01 6.78277612e-01
    -1.61713123e-01 -2.76164532e-01 1.58881998e+00 -6.84389234e-01
    -2.68257856e-01 1.77520454e-01 8.26713920e-01 9.88513649e-01
    -5.84606767e-01 5.91533661e-01 1.03794110e+00 1.79370308e+00
    3.94978166e-01 3.15247595e-01 1.10216475e+00 1.62667871e-01
    -4.57884729e-01 9.29220319e-01 -1.25022054e-01 5.21398902e-01
    8.61113787e-01 9.91774142e-01 -6.59789681e-01 -2.91695595e-01
    3.05652618e-02 1.03101742e+00 1.61345208e+00 1.35246968e+00
    1.38135231e+00 3.80079448e-01 1.83371270e+00 8.92592311e-01
    1.60545480e+00 1.33483696e+00 1.28136599e+00 1.67679644e+00
    1.79138136e+00 1.20001686e+00 1.12709987e+00 -2.02165544e-01
    7.24383771e-01 1.08565700e+00 -3.86075079e-01 -3.17499042e-01
    1.15146112e+00 4.88550603e-01 9.13554311e-01 2.21647441e-01
    1.12307310e-01 1.01339352e+00 -5.29975653e-01 8.67645144e-01
    1.05444753e+00 7.62568772e-01 2.39550829e-01 1.58611536e-02
    1.44077122e+00 1.26178360e+00 3.86049569e-01 1.01589441e+00
    8.39987934e-01 -8.67505312e-01 6.20480716e-01 8.57578278e-01
    3.51186872e-01 -7.30906963e-01 4.71955955e-01 -5.22709608e-01
    8.44630063e-01 1.56063414e+00 6.09400034e-01 -2.88699925e-01
    -2.22849846e-03 9.00643051e-01 2.96426296e-01 4.44010139e-01
    9.63397324e-01 -9.76777077e-03 -6.98427141e-01 -6.48309410e-01
    1.17790222e+00 2.20113337e-01 -7.42321014e-01 -7.36320078e-01
    -6.89751387e-01 9.77739871e-01 -6.09728813e-01 -7.57160187e-02
    4.94084060e-01 1.66803205e+00 6.93430007e-01 -4.36411530e-01
    -6.15593791e-02 1.00209379e+00 -4.56307739e-01 -4.62766290e-02
    1.28451586e+00 2.98589766e-01 -7.94219673e-01 -3.28379333e-01
    2.47929454e-01 5.27110279e-01 9.58182633e-01 -4.80894476e-01
    1.76076460e+00 -2.48899221e-01 6.85711741e-01 -1.61919415e-01
    1.28579271e+00 1.48258805e-02 9.62418556e-01 1.34849405e+00
    8.53036165e-01 6.08769715e-01 -7.00431287e-01 1.79837418e+00
    7.86639035e-01 2.11016953e-01 3.61342251e-01 -5.93639314e-01
    -6.35600686e-01 -1.84503436e-01 9.63540316e-01 1.36624265e+00
    -2.09922194e-02 4.20208812e-01 4.49241817e-01 1.58319211e+00
    1.78233111e+00 5.04115820e-01 -2.80420423e-01 7.84773886e-01
    1.73642063e+00 -5.76125741e-01 1.80795956e+00 9.74582553e-01
    5.70483267e-01 1.52704048e+00 5.45815289e-01 -3.56086165e-01
    1.74090195e+00 1.14531600e+00 4.15598691e-01 1.09909511e+00
    5.70482254e-01 1.18264794e+00 1.15204906e+00 -2.45377302e-01
    2.51560628e-01 3.86579096e-01 1.29551363e+00 3.77165258e-01
    -6.71683848e-01 1.60873652e+00 -9.81108546e-02 1.53290737e+00
    -6.84421659e-01 -6.49019957e-01 7.74703503e-01 1.54884696e-01
    9.42618608e-01 1.38009667e+00 8.04123878e-01 1.29124558e+00
    5.57526708e-01 4.60801125e-01 -6.23556018e-01 -7.53554344e-01
    9.25170481e-01 1.02773881e+00 7.06922293e-01 -1.85047984e-02
    1.06332958e+00 -4.23477143e-01 -5.75629950e-01 1.80367732e+00
    8.11722934e-01 7.79984117e-01 1.63831520e+00 1.67539310e+00
    -1.36372447e-01 1.51166582e+00 -1.41800642e-02 2.56722569e-02
    -1.78860426e-02 -2.11117804e-01 -7.64625847e-01 1.49795091e+00
    -8.04839015e-01 -5.00002503e-01 4.55540419e-01 9.01202261e-01
    1.14833641e+00 5.33661544e-01 1.83582008e-01 9.19325054e-01
    1.31385469e+00 -7.54307210e-01 2.49090135e-01 1.31212974e+00
    5.06895840e-01 7.12703526e-01 1.35038495e+00 1.79399788e-01
    1.30129194e+00 1.46250701e+00 1.82959831e+00 8.36969137e-01
    2.41955340e-01 9.00064886e-01 3.62503111e-01 1.01129413e+00
    -6.42670035e-01 1.66656470e+00 -1.02657080e-01 1.25563192e+00
    1.24902391e+00 1.00113451e-01 3.13261926e-01 1.44713271e+00
    1.71290696e+00 1.39440775e+00 -8.64596188e-01 1.76614571e+00
    9.02253509e-01 1.71286702e+00 -6.07464015e-01 4.42395866e-01
    -5.32191813e-01 6.12824023e-01 9.30381417e-01 6.06696308e-01
    -7.51867175e-01 1.24464631e+00 1.16090107e+00 -4.61062193e-01
    -1.82062924e-01 1.23366475e+00 -7.98204124e-01 1.39232004e+00
    1.02452099e+00 1.32129693e+00 5.29819608e-01 -6.15699530e-01
    1.47669387e+00 1.39651012e+00 -4.28330839e-01 -2.44864345e-01
    5.33240199e-01 8.81473482e-01 1.43187618e+00 2.74536133e-01
    -1.18523300e-01 -7.20096469e-01 1.15451908e+00 9.75923181e-01
    6.20572209e-01 1.67962790e+00 1.53555155e+00 8.79059911e-01
    1.83566427e+00 1.22270942e+00 -4.20298159e-01 -6.14406347e-01
    1.81964135e+00 5.18229246e-01 -6.60198450e-01 -3.50087881e-01
    1.52371144e+00 1.62496471e+00 7.03899741e-01 5.02093911e-01
    -1.08913541e-01 -4.04343635e-01 -4.88552451e-01 -8.41383517e-01
    1.62736344e+00 1.56446242e+00 -7.52281904e-01 2.28080809e-01
    2.06166208e-01 6.46740794e-01 2.21896768e-01 7.20400929e-01
    6.55509114e-01 9.05233979e-01 -6.04795218e-01 -3.07199359e-01
    1.76327860e+00 1.21637344e+00 1.29594636e+00 -3.68587315e-01
    1.04923117e+00 9.83477116e-01 9.65691984e-01 1.29860377e+00
    3.87592912e-02 2.98843741e-01 -7.95344234e-01 -5.20077765e-01
    1.69921422e+00 1.84702539e+00 -4.80481565e-01 1.39992714e-01
    -5.23507595e-01 1.42237568e+00 3.16091776e-02 4.50524151e-01
    4.04807866e-01 1.60774469e+00 -1.65330946e-01 -5.94572544e-01
    4.45495844e-02 1.20025039e+00 9.43042517e-01 1.37750447e-01
    1.25205731e+00 -7.96585679e-01 1.72522402e+00 6.37420893e-01
    -3.02356958e-01 1.08357406e+00 1.36248660e+00 1.23109818e+00
    1.07214737e+00 5.07361531e-01 -6.09573424e-01 -7.09630430e-01
    1.78574085e+00 4.02329266e-01 2.75342226e-01 1.76937759e-01
    1.64566040e+00 3.82427692e-01 4.86460507e-01 3.39928687e-01
    -3.81045520e-01 4.97865558e-01 1.85197020e+00 1.43260455e+00
    -2.82896817e-01 1.30707121e+00 1.37906647e+00 3.83170605e-01
    1.01043129e+00 -2.47203827e-01 1.26287639e-01 4.99014556e-01
    1.36534429e+00 6.89176917e-02 -3.18401814e-01 5.53016067e-01
    4.02720690e-01 6.01524353e-01 -6.80545568e-01 7.52161324e-01
    1.60778260e+00 8.60233128e-01 5.50029755e-01 1.26991296e+00
    6.48119271e-01 1.53966486e-01 1.72797894e+00 -8.56819630e-01
    -5.46088815e-02 -4.16719854e-01 5.55522323e-01 6.14006400e-01
    1.05134058e+00 1.49336648e+00 1.40579247e+00 8.33067536e-01
    6.45030558e-01 7.18650579e-01 1.91468656e-01 1.15187967e+00
    1.52582848e+00 1.71074080e+00 1.58936048e+00 -4.76728469e-01
    1.33622432e+00 -1.19629681e-01 2.12485671e-01 2.35646963e-02
    4.45460856e-01 9.98102188e-01 -4.20469820e-01 6.44623458e-01
    -7.57439494e-01 1.01371884e+00 4.06713486e-01 8.61714244e-01
    -7.69911349e-01 1.43717313e+00 6.57344639e-01 4.52355504e-01
    8.40570390e-01 -4.06643003e-01 1.57791555e+00 1.29177177e+00
    1.73165596e+00 1.25414109e+00 4.86956775e-01 7.60924101e-01
    1.31858706e+00 -3.87307584e-01 2.61652589e-01 1.50148892e+00
    8.92354071e-01 4.48314071e-01 1.64794350e+00 1.31815422e+00
    -3.82643640e-01 1.26420903e+00 -4.75080848e-01 7.78139710e-01
    -2.02459812e-01 7.29421735e-01 1.59535146e+00 1.31690276e+00
    -7.39378631e-01 3.91066074e-02 -3.87438655e-01 1.52226639e+00
    1.11747241e+00 1.26259112e+00 9.27037597e-02 8.67994845e-01
    1.32625818e-01 1.77422452e+00 -4.67005461e-01 -8.45548213e-01
    2.93091476e-01 -2.03379273e-01 1.62165892e+00 5.47927082e-01
    1.49978542e+00 5.65753341e-01 8.73131692e-01 -1.32242680e-01
    3.37636888e-01 1.84148562e+00 8.82744849e-01 1.12742245e+00
    8.96081746e-01 -6.63975120e-01 1.80113292e+00 1.08742106e+00
    7.00666368e-01 3.02890956e-01 -3.71597528e-01 3.14008474e-01
    -3.41705859e-01 1.41503024e+00 1.16634881e+00 -3.82074088e-01
    3.60155821e-01 1.56911600e+00 1.28295445e+00 -3.51746321e-01
    8.74697745e-01 1.70785475e+00 6.56426489e-01 1.30136943e+00
    1.57242417e+00 6.29291236e-01 5.13387322e-01 6.87408447e-02
    -8.36402953e-01 -9.69581008e-02 2.06819773e-02 1.27661681e+00
    -7.91621625e-01 -8.61987531e-01 9.69916344e-01 1.44998074e+00
    4.13836300e-01 1.45203519e+00 -2.49227405e-01 1.72405839e+00
    1.38362193e+00 1.42768860e+00 1.32001376e+00 -6.21086001e-01
    -8.66245031e-01 1.17206085e+00 -5.27236760e-01 9.50899124e-02
    1.31302297e+00 9.05672193e-01 6.05502367e-01 -8.12864840e-01
    1.57704020e+00 1.35788083e-01 -4.58159238e-01 -3.42045426e-02
    1.04027164e+00 9.00562465e-01 9.70258534e-01 9.53914762e-01
    7.27427363e-01 1.40449917e+00 -5.50920904e-01 3.91593158e-01
    1.84872198e+00 6.09050274e-01 1.52192926e+00 6.47191763e-01
    3.56932044e-01 2.84947395e-01 9.47907329e-01 -1.30531728e-01
    9.98045206e-01 8.59229982e-01 1.38438773e+00 -7.51785159e-01
    -6.26839638e-01 3.50337625e-02 -5.63830376e-01 1.66057920e+00
    -8.45229149e-01 1.16841328e+00 1.12959146e+00 1.62448454e+00
    6.87060952e-02 9.95074332e-01 8.83553028e-02 1.79921627e+00
    1.70942998e+00 7.66946077e-02 1.23855996e+00 1.45646572e+00
    4.48222816e-01 1.73079181e+00 1.34765875e+00 9.44379687e-01
    9.60632741e-01 -6.99799299e-01 8.44421744e-01 -4.11058307e-01
    -7.57721126e-01 -4.14492100e-01 4.19554174e-01 1.28333497e+00
    4.28603470e-01 2.91047513e-01 1.57310116e+00 9.20994401e-01
    1.00765848e+00 1.51815534e+00 -8.39418650e-01 1.03556967e+00
    7.46791303e-01 1.81640136e+00 -2.70876825e-01 -3.46375585e-01
    3.49461973e-01 1.22414589e+00 -7.83714652e-01 1.30595458e+00
    5.79248071e-01 -4.51847255e-01 2.88883209e-01 1.46432757e+00
    -1.62826121e-01 1.70309401e+00 -5.33505678e-02 2.32645988e-01
    3.32788527e-01 8.29177141e-01 -3.45956862e-01 1.45445585e+00
    5.14252782e-01 -6.59506321e-01 9.51521158e-01 1.31902874e+00
    1.71482587e+00 1.75342667e+00 1.63178122e+00 1.64902902e+00
    1.45072079e+00 1.81582785e+00 -4.97937471e-01 1.63713622e+00
    -6.86327815e-02 -4.77214336e-01 -3.57779056e-01 -8.27175856e-01
    7.09254682e-01 -5.22862852e-01 2.59729445e-01 8.52799416e-03
    -2.22916007e-02 1.76366234e+00 -3.90470028e-03 1.86481404e+00
    1.73658466e+00 6.47425413e-01 -1.58780813e-02 1.46184444e+00
    1.73207688e+00 2.16728449e-02 6.68448210e-03 1.14607477e+00
    -4.13791776e-01 7.00369358e-01 1.19123459e+00 1.13830268e+00
    1.57815504e+00 3.61966491e-01 1.07277203e+00 8.58761668e-02
    3.84217501e-02 1.30891240e+00 1.94418192e-01 -4.99567419e-01
    1.02216220e+00 8.30271184e-01 -1.23928607e-01 3.79131377e-01
    8.40347886e-01 2.64474571e-01 -1.67530179e-02 1.41151178e+00
    -4.03406501e-01 6.23810291e-01 1.02426338e+00 4.97036576e-01
    3.31995487e-02 1.37822056e+00 1.38966036e+00 -2.70792305e-01
    1.30525291e+00 -3.09939265e-01 -6.38849676e-01 1.08451915e+00
    -7.10426211e-01 9.23912048e-01 6.51012003e-01 -2.13719606e-02
    7.58930326e-01 1.20260048e+00 7.79397547e-01 -4.24238473e-01
    1.22752345e+00 -3.88382673e-02 -4.52143997e-01 1.67241311e+00
    3.64510238e-01 -2.18192339e-02 1.03878677e-01 -2.38806427e-01
    3.83779883e-01 -6.42054915e-01 -8.83933902e-02 -5.12421727e-01
    -5.88486314e-01 1.35096931e+00 8.62647533e-01 -3.20850074e-01
    1.94319129e-01 1.11070752e-01 1.71948886e+00 1.79393649e-01
    1.52079237e+00 -3.49809527e-02 9.62301016e-01 1.35893524e-01
    -3.99869025e-01 1.59132600e-01 5.16266823e-02 1.63073003e-01
    -2.22119868e-01 7.07932472e-01 1.39103746e+00 -1.73180103e-02
    1.42514169e-01 9.41210926e-01 1.72578263e+00 1.00779831e+00
    6.53781652e-01 1.48412728e+00 1.08534598e+00 -3.57566476e-01
    -1.70076370e-01 1.61415267e+00 -4.62013692e-01 3.20542037e-01
    1.44449854e+00 1.39321375e+00 -6.67614460e-01 -4.40102577e-01
    7.59587407e-01 -4.49300975e-01 1.20843625e+00 -1.31861746e-01
    4.88907695e-01 -8.01551104e-01 1.61823547e+00 4.01133299e-03
    1.06925011e-01 -6.57186747e-01 -7.90882170e-01 1.33155155e+00
    -2.26163685e-01 -4.67853278e-01 8.79851818e-01 1.72143281e+00
    9.20208454e-01 7.75791228e-01 1.48939335e+00 8.86014104e-02
    4.82387662e-01 4.16770935e-01 -6.43720865e-01 -6.45461202e-01
    8.10909390e-01 1.77401888e+00 9.71502960e-01 3.91604304e-02
    1.10173345e+00 7.97191203e-01 1.73355150e+00 8.80946279e-01
    1.50655866e-01 1.00469398e+00 3.97049308e-01 2.78732359e-01
    1.61759317e+00 3.36991847e-01 -6.67828679e-01 -1.14666760e-01
    1.00464392e+00 -2.79271662e-01 1.29948854e+00 -8.02393794e-01
    9.32047844e-01 -4.82335538e-01 -4.71690178e-01 1.71116793e+00
    -4.26098943e-01 1.62725997e+00 2.92222798e-01 -8.09044838e-01
    -8.70853841e-01 1.35290313e+00 -2.70122826e-01 1.44480908e+00
    7.16251314e-01 1.46488500e+00 1.11240017e+00 1.69817865e-01
    8.93073678e-01 -1.67859793e-01 4.25209761e-01 -1.86495423e-01
    -5.00601530e-03 -1.09948039e-01 -8.17981601e-01 8.95633578e-01
    4.68693674e-01 1.88353086e+00 -4.26150680e-01 -3.64101380e-01
    1.68077993e+00 1.57895160e+00 -4.99021888e-01 1.59848475e+00
    1.68110204e+00 1.68169093e+00 1.75102890e-01 9.89785314e-01
    9.38055515e-01 1.92551613e-01 8.87537241e-01 1.45988083e+00
    4.25973892e-01 1.55938840e+00 -3.80015075e-01 -6.68357193e-01
    9.58404362e-01 -8.70459497e-01 6.69383168e-01 -5.19637764e-01
    -5.91093898e-02 1.07370436e+00 1.52821064e+00 1.23783684e+00
    1.37134612e+00 -6.89655900e-01 -7.55142629e-01 -4.55694735e-01
    9.87850964e-01 -3.68859559e-01 8.88826847e-01 8.57910812e-01
    1.10166073e+00 2.95406878e-01 2.35128284e-01 1.15585732e+00
    -1.77632570e-01 2.69434452e-02 1.31305170e+00 1.29318094e+00
    8.78738880e-01 -3.84512484e-01 1.38740957e+00 -2.06256509e-01
    1.55225658e+00 1.54283547e+00 1.05861259e+00 1.81160259e+00
    7.39559650e-01 1.20758593e+00 3.89646351e-01 2.40486681e-01
    5.88379323e-01 -2.09305286e-01 -7.56248534e-01 7.93977380e-02
    1.77856112e+00 1.40367365e+00 9.34776485e-01 7.82370687e-01
    1.13546371e+00 1.59422839e+00 6.40253186e-01 3.54648173e-01
    1.68163633e+00 4.66385067e-01 2.41430163e-01 -6.48476243e-01
    1.69907069e+00 -2.29294240e-01 -8.58230710e-01 -1.13498747e-01
    1.37017477e+00 4.78040934e-01 3.82774115e-01 7.08643079e-01
    2.56218195e-01 -8.25931013e-01 1.20711088e-01 1.15205145e+00
    8.10132623e-01 6.81586325e-01 -2.08954215e-02 9.79501009e-02
    9.72385406e-02 -7.48982906e-01 1.27351725e+00 9.63733792e-02
    1.33550107e-01 -8.05087090e-02 4.44076836e-01 5.32346904e-01
    1.59505486e+00 1.43880403e+00 1.03715348e+00 8.14882457e-01
    -7.41099894e-01 1.42689502e+00 6.60782456e-02 1.28185940e+00
    -6.64022684e-01 2.55344152e-01 1.33300591e+00 1.82333970e+00
    1.51715136e+00 1.25594401e+00 -6.14354670e-01 -3.11453283e-01
    -7.70955026e-01 9.31040108e-01 2.84681022e-01 5.56154251e-01
    6.16015136e-01 1.38961220e+00 1.11505949e+00 -4.72638547e-01
    1.23714423e+00 -7.05112576e-01 2.42128968e-01 -3.53055894e-01
    1.36983311e+00 1.22578382e+00 -4.61201072e-02 -8.08582902e-01
    -2.56123364e-01 1.74342966e+00 1.14380121e+00 -1.13091111e-01
    1.85702229e+00 1.91156864e-01 7.87038267e-01 1.08280396e+00
    3.89212310e-01 1.04830134e+00 -1.34190679e-01 2.30315328e-01
    1.36357522e+00 -6.88927054e-01 -8.12975764e-01 1.42714071e+00
    6.06507063e-01 -7.25612164e-01 2.82622695e-01 1.41099346e+00
    9.63087559e-01 -8.35508108e-03 9.95764077e-01 6.37884080e-01
    3.75361621e-01 -7.75236189e-01 1.13900423e+00 -6.07901633e-01
    1.53878117e+00 -8.68041515e-01 3.67010236e-02 -2.00144768e-01
    -4.36845422e-01 -3.09820294e-01 1.33237672e+00 -8.08472157e-01
    2.99553096e-01 1.29893863e+00 3.56054902e-01 -3.01639676e-01
    -2.21542299e-01 4.25405562e-01 -6.15537047e-01 8.81605923e-01
    7.24980772e-01 1.70755029e+00 7.70678103e-01 1.38122702e+00
    3.72978270e-01 -6.25095963e-02 1.45116401e+00 1.39927030e-01
    1.44777107e+00 1.72585988e+00 -4.53451514e-01 1.05152559e+00
    -1.98060513e-01 7.91137874e-01 1.75919414e+00 1.14595723e+00
    1.20857823e+00 9.56477344e-01 5.37247479e-01 -6.85528636e-01
    -4.81805205e-02 -1.30912304e-01 -8.10594499e-01 1.00288177e+00
    -3.21596086e-01 -9.28077698e-02 1.71777713e+00 -2.67599165e-01
    -6.46447659e-01 2.72691011e-01 1.52129948e+00 1.34285927e+00
    1.80803621e+00 8.66311848e-01 1.29298115e+00 -3.98601681e-01
    7.90752053e-01 1.01161480e+00 3.03305626e-01 -1.83609724e-01
    1.34744203e+00 1.40777242e+00 6.46924436e-01 5.97638726e-01
    1.18549514e+00 5.17261624e-01 2.08367050e-01 5.73476553e-01
    3.45063627e-01 -9.11295652e-01 -6.39751673e-01 -1.25792384e-01
    6.96322918e-02 -3.15227091e-01 -1.05824888e-01 1.21747565e+00
    -2.34696448e-01 9.92673397e-01 5.12161553e-01 1.82729793e+00
    1.30145550e+00 -5.91964245e-01 1.03368497e+00 6.11274004e-01
    1.01294053e+00 2.22628772e-01 9.70370352e-01 -6.22121096e-01
    5.59640169e-01 8.80691290e-01 1.84464598e+00 5.58429241e-01
    1.39081824e+00 1.09072709e+00 8.07420015e-01 -3.33981752e-01
    1.78736532e+00 -3.93522739e-01 1.58656406e+00 -3.94875884e-01
    2.26134539e-01 -8.46403837e-02 9.15436089e-01 9.30590332e-01
    3.82240951e-01 1.85424924e+00 3.96682441e-01 -1.66200995e-01
    -6.03725910e-01 2.55367398e-01 -1.53749287e-01 6.91583395e-01
    -4.33295608e-01 -9.33922529e-02 8.48992348e-01 6.32711232e-01
    -7.94095993e-02 -5.32971799e-01 1.46992278e+00 1.24267483e+00
    7.36109614e-02 3.02488565e-01 -3.65477324e-01 5.44498682e-01
    1.20211756e+00 -5.89167476e-01 1.19962513e-01 4.13399458e-01
    2.13645279e-01 1.70104623e+00 1.52365911e+00 -5.51057935e-01
    -1.34386659e-01 1.50619435e+00 -3.33295643e-01 1.56615257e-01
    5.51210105e-01 1.31114280e+00 1.49522972e+00 4.22217429e-01
    -5.83566427e-02 -8.08322012e-01 -2.11232185e-01 -3.79181147e-01
    1.46017671e+00 1.45034730e-01 -7.93518662e-01 3.06050003e-01
    -1.73983693e-01 1.18505955e-01 4.93880928e-01 5.89387298e-01
    -3.90052974e-01 -4.52933669e-01 1.55542612e-01 -3.21005464e-01
    -8.42046320e-01 9.67896581e-02 7.27674484e-01 1.72364998e+00
    1.44244814e+00 -8.22022200e-01 1.66641068e+00 6.41720593e-01
    1.24457181e+00 6.23981953e-01 -1.44245148e-01 1.45776939e+00
    -8.01304758e-01 7.64028668e-01 2.06088722e-01 3.83230865e-01
    -2.50640869e-01 6.32060170e-01 4.98939276e-01 -1.88582242e-01
    4.17475879e-01 1.80819798e+00 1.72764719e-01 -8.29059482e-01
    3.89511228e-01 1.54793906e+00 6.19344234e-01 1.01329565e+00
    1.71799600e+00 1.89362061e+00 -3.89249504e-01 -7.02542603e-01
    5.72331607e-01 2.69921839e-01 -3.67990732e-02 5.20214379e-01
    -1.81405365e-01 2.72869885e-01 1.68876600e+00 1.90398049e+00
    5.62799811e-01 -4.89568144e-01 5.22347689e-02 -3.68786305e-01
    1.03407753e+00 2.55798519e-01 7.92792201e-01 2.53661871e-02
    -1.28813446e-01 2.01146305e-01 -4.00498509e-01 -2.35570490e-01
    1.37139976e+00 -2.58767009e-01 1.65441334e-01 1.70717502e+00
    6.91608787e-01 1.55275202e+00 8.29430759e-01 -3.75163019e-01
    8.84061396e-01 -7.44287133e-01 2.86018610e-01 3.02315891e-01
    5.39372861e-01 8.15134346e-01 -2.87668288e-01 1.01481068e+00
    2.46612310e-01 1.65717220e+00 1.42533064e+00 1.35161519e+00
    5.32716274e-01 5.11719942e-01 3.80958557e-01 8.57425034e-01
    -5.03936052e-01 2.38755167e-01 8.65859509e-01 5.25209308e-01
    4.76254106e-01 -7.48980641e-02 -3.21675539e-02 1.29702926e-01
    1.75199175e+00 5.36909819e-01 1.11057329e+00 4.99873340e-01
    1.44043493e+00 -1.92037225e-02 -4.41710353e-01 1.50011539e-01
    -2.84781635e-01 1.75045538e+00 -5.31739652e-01 4.27614927e-01
    7.11195171e-01 -2.94187844e-01 2.80771255e-02 9.11062062e-01
    -8.16702127e-01 -5.05050659e-01 -2.63781786e-01 1.33775997e+00
    2.94088721e-02 -3.44129562e-01 -1.99064553e-01 1.44061482e+00
    1.37247765e+00 -7.92813599e-01 1.04192412e+00 1.83626485e+00
    1.62459958e+00 -8.27629089e-01 8.94959450e-01 -2.07138181e-01
    -4.61110145e-01 -6.16518736e-01 1.32007289e+00 -5.02117276e-02
    2.40479112e-01 1.79841423e+00 1.19568610e+00 -4.76727933e-01
    1.46251631e+00 1.54290676e+00 -3.41701508e-03 2.47306943e-01
    6.96970820e-02 7.18892515e-01 -8.64114881e-01 7.39902794e-01
    3.71513844e-01 1.50847578e+00 1.19924521e+00 -2.36329198e-01
    2.04808295e-01 1.59353304e+00 1.09710610e+00 -2.98075497e-01
    -6.15307331e-01 1.57348323e+00 9.96390522e-01 2.45083869e-01
    -6.97870374e-01 1.74496245e+00 8.51163447e-01 -3.16943347e-01
    -4.50121641e-01 -1.31510079e-01 1.54113889e+00 -8.12739134e-02
    2.99525857e-02 -4.94660139e-01 -6.02721512e-01 1.84699810e+00
    1.00493765e+00 2.23366737e-01 1.06454694e+00 -1.78315878e-01
    1.95643842e-01 1.87302256e+00 -8.42933953e-01 3.03629160e-01
    1.27345848e+00 -3.32403958e-01 -1.22217119e-01 -6.22406721e-01
    1.40265274e+00 -6.70557499e-01 1.25379062e+00 -5.40188968e-01
    -5.68747878e-01 1.26421905e+00 8.12668681e-01 5.14704585e-02
    1.27644229e+00 1.81582201e+00 8.47881258e-01 1.25683773e+00
    3.10416043e-01 1.27867162e+00 1.18495691e+00 6.44962788e-01
    -3.57375085e-01 2.41402864e-01 1.80673540e-01 -5.70982218e-01
    2.77431190e-01 1.41752505e+00 1.40235496e+00 6.94506168e-02
    1.42578936e+00 6.22570693e-01 1.58434510e-01 2.07860410e-01
    8.88371229e-01 6.47614241e-01 6.54165745e-02 1.52012491e+00
    -4.79405046e-01 -7.28661537e-01 -7.85086393e-01 -7.47907162e-01
    2.97708929e-01 4.46775198e-01 4.55611110e-01 -7.07148492e-01
    9.26986933e-02 -7.31217384e-01 1.58388674e+00 2.38329649e-01
    1.11009979e+00 -1.97978795e-01 2.68665433e-01 1.74208069e+00
    1.05956268e+00 1.33205974e+00 3.14774275e-01 2.83002198e-01
    -5.09227991e-01 -6.21858776e-01 2.98906624e-01 1.63886976e+00
    1.22364759e+00 1.08130276e-01 6.30941033e-01 -4.05011177e-02
    -6.24624848e-01 1.19917810e-01 1.64257419e+00 4.44802642e-01
    -5.59166431e-01 -2.09129632e-01 -8.37833226e-01 1.68326080e+00
    -3.74165893e-01 -2.65071392e-01 1.50885940e+00 1.53316057e+00
    1.07550538e+00 1.43535852e-01 -2.56472826e-03 5.86096048e-01
    1.02124608e+00 -4.27643329e-01 2.80857801e-01 -2.87380993e-01
    1.61131167e+00 -5.42949319e-01 1.03002620e+00 1.31591535e+00
    9.31838036e-01 4.15819883e-01 -6.11911297e-01 -4.71283615e-01
    -1.15799129e-01 -7.94774771e-01 1.78591979e+00 -5.60469031e-01
    1.86302602e+00 -5.44427037e-01 -4.72346872e-01 3.03423643e-01
    1.42504621e+00 1.63978672e+00 1.28806007e+00 -7.85525978e-01
    -1.66037679e-01 -3.16297829e-01 1.60870194e+00 1.49839461e+00
    -5.05772054e-01 1.67932034e+00 -5.85746527e-01 7.48145282e-01
    2.02559292e-01 1.21313286e+00 -2.60136902e-01 -6.10572159e-01
    -4.45347428e-02 4.10615921e-01 -5.57108700e-01 1.75009251e+00
    1.82803607e+00 1.56952715e+00 1.33062303e-01 7.11292028e-01
    -8.30830753e-01 3.33295107e-01 6.45104945e-01 1.82702255e+00
    6.89172387e-01 1.67620182e-03 -2.04312980e-01 -1.13411009e-01
    3.70298743e-01 -6.10319614e-01 -5.42189240e-01 1.09507775e+00
    1.27806735e+00 1.15222633e-01 2.33894885e-01 -3.86360347e-01
    1.09013581e+00 2.76413858e-01 5.43779314e-01 -2.35954702e-01
    6.30428731e-01 1.66437531e+00 9.68325913e-01 7.34694481e-01
    7.28136897e-02 5.02048492e-01 4.23927665e-01 -2.58943975e-01
    1.57193851e+00 -3.51490259e-01 2.50984550e-01 1.15524447e+00
    -7.73346424e-01 9.48419631e-01 2.82041430e-01 -3.63001287e-01
    3.53898287e-01 8.09598505e-01 -6.20522141e-01 2.16284037e-01
    1.55494022e+00 1.18537641e+00 1.44250107e+00 -9.75663662e-02
    -4.32610810e-01 -3.61443222e-01 1.57097220e+00 -5.67142725e-01
    1.40284634e+00 -3.53100151e-01 9.61520135e-01 -8.02937031e-01
    2.53133535e-01 -9.93041396e-02 1.56310558e+00 -4.92749631e-01
    5.89578867e-01 -7.65851140e-02 1.02526236e+00 5.38831115e-01
    -3.41355801e-01 -5.11089563e-02 1.23256850e+00 1.44605207e+00
    5.77156544e-02 5.56079745e-01 8.09321702e-01 -3.58809173e-01
    2.49094546e-01 -3.56674969e-01 1.28098202e+00 3.68716121e-01
    1.27611136e+00 1.57971966e+00 1.01757932e+00 1.14300156e+00
    1.72671652e+00 1.77931678e+00 7.41682053e-02 1.71999192e+00
    1.57171917e+00 -3.07859540e-01 1.69473886e+00 -4.12056178e-01
    2.94130743e-01 1.05095434e+00 3.02653909e-02 1.46289468e+00
    -4.68303978e-01 1.29204559e+00 7.17822909e-01 1.79927135e+00
    9.22018290e-03 7.00685263e-01 5.31660616e-01 1.16695106e-01
    -8.40196848e-01 -8.06661427e-01 9.89709198e-01 6.93123460e-01
    2.71078706e-01 1.58780277e-01 -5.36360919e-01 -4.79597032e-01
    1.40664971e+00 8.84728372e-01 1.80303216e+00 -8.57866406e-01
    5.18103600e-01 -6.34819388e-01 9.33636665e-01 -8.32735896e-02
    1.24624169e+00 9.95999217e-01 4.83490288e-01 1.77895772e+00
    -1.93778098e-01 5.96713245e-01 1.06145525e+00 -3.89966071e-01
    1.40170872e-01 -8.15551937e-01 1.02030110e+00 6.36032999e-01
    -5.22948086e-01 4.00139809e-01 1.04487014e+00 5.64049423e-01
    -1.25493109e-01 -6.33991659e-01 1.27865577e+00 -4.46160108e-01
    3.68424654e-02 -5.67431867e-01 2.13606238e-01 1.06553853e-01
    2.42996395e-01 6.22925580e-01 9.22719479e-01 2.76913643e-01
    -3.77607048e-01 9.55669165e-01 5.80685735e-01 -1.66766822e-01
    1.03281951e+00 -8.24528933e-01 -6.20465696e-01 3.99968743e-01
    6.31867647e-02 1.18296456e+00 5.59008360e-01 1.44456160e+00
    1.26413155e+00 -8.53021443e-01 1.48483396e+00 -2.53961921e-01
    -2.71607161e-01 2.99522460e-01 -1.66899025e-01 -7.73990452e-01
    4.72944498e-01 4.74508166e-01 1.61528611e+00 1.65809512e+00
    1.03100705e+00 1.66497183e+00 -9.15255547e-02 2.46804893e-01
    5.73299706e-01 7.62619197e-01 -5.42533159e-01 -5.50916791e-01
    3.78750861e-01 1.42453003e+00 8.87854040e-01 -4.71428841e-01
    1.50287938e+00 8.00626874e-02 -5.15072942e-01 1.12367034e+00
    -6.08670592e-01 8.29593122e-01 1.54094064e+00 -6.20346189e-01
    3.55738223e-01 4.83295679e-01 9.63126421e-02 -5.07797718e-01
    1.71463513e+00 1.03466344e+00 1.78714156e+00 -7.86481082e-01
    1.84781575e+00 7.07510233e-01 2.12371349e-02 -8.73023629e-01
    7.53884494e-01 1.84638190e+00 1.00951672e-01 -7.72936881e-01
    1.64088726e+00 7.06369221e-01 1.67598724e+00 5.19129753e-01
    6.64229155e-01 1.71129203e+00 -4.89512712e-01 -3.54075253e-01
    5.95005512e-01 1.54415250e+00 2.22598374e-01 1.00104308e+00
    -5.60871303e-01 1.77144337e+00 -3.43032658e-01 3.92811656e-01
    1.55740750e+00 -3.45060945e-01 8.90755832e-01 -4.30871248e-01
    1.36281466e+00 -4.69997764e-01 1.02362561e+00 -7.56355762e-01
    -7.40734935e-01 1.09435129e+00 -8.67475033e-01 -5.34246802e-01
    -4.10227865e-01 1.70793700e+00 1.25125408e+00 -5.14726639e-02
    7.83179879e-01 -3.16847980e-01 1.10567379e+00 1.10068250e+00
    -2.85782576e-01 9.89514351e-01 1.74139595e+00 -4.73342627e-01
    1.84440565e+00 1.20651627e+00 1.18189907e+00 4.69600976e-01
    6.98016763e-01 8.32770407e-01 1.29568362e+00 1.04704678e+00
    9.75473642e-01 1.53113770e+00 1.76847672e+00 7.45153248e-01
    5.72742999e-01 1.89376545e+00 -6.24659419e-01 7.21952796e-01
    1.20086765e+00 -1.19430304e-01 -2.73115635e-01 -7.48350024e-01
    -7.48989582e-02 1.39191341e+00 9.01778936e-01 -6.90724373e-01
    1.16169000e+00 1.67705607e+00 2.87320673e-01 1.58904195e+00
    -4.03424710e-01 -1.27370238e-01 1.27752542e+00 6.46884441e-01
    -3.84846091e-01 -7.04875827e-01 3.24893296e-01 7.58439302e-03
    6.13182783e-01 2.77844667e-02 -5.75605035e-02 7.05501437e-02
    -4.88099158e-01 1.81081903e+00 1.00268543e-01 1.61283469e+00
    1.62818468e+00 4.88352895e-01 1.75524783e+00 1.32035184e+00
    -5.62624872e-01 -7.45362222e-01 -9.68111753e-02 -1.99146628e-01
    -4.88138169e-01 -5.43153822e-01 -4.49125379e-01 1.39984274e+00
    1.76849914e+00 1.00015402e+00 1.33420432e+00 -5.15743792e-01
    4.25994813e-01 -3.92012596e-02 -4.79484379e-01 1.23818278e-01
    3.20601404e-01 1.81166708e+00 -4.97983605e-01 1.71121907e+00
    -7.82442212e-01 -7.66883492e-02 1.09579206e+00 -7.19928682e-01
    -8.17532003e-01 1.38205934e+00 1.13960922e-01 -6.70399487e-01
    2.99886286e-01 3.48207533e-01 1.92564726e-01 1.06130695e+00
    -2.26911783e-01 1.50252104e+00 -7.03613162e-02 -6.55558765e-01
    -2.48217881e-01 -6.75451517e-01 1.23933744e+00 1.51957035e+00
    -1.79831624e-01 -2.81022072e-01 1.49986339e+00 3.89546156e-02
    1.21685195e+00 3.19518149e-01 1.26922393e+00 8.15868318e-01
    8.08346331e-01 -6.26333952e-01 8.56639206e-01 4.58598375e-01
    -7.19006002e-01 -3.22214067e-01 -5.77008665e-01 3.56242418e-01
    -5.89846373e-01 3.77241850e-01 9.81087804e-01 1.60418344e+00
    9.93160486e-01 -6.91239536e-01 3.57087970e-01 -5.65860629e-01
    -3.14155519e-01 1.11258495e+00 1.41883802e+00 -8.87433171e-01
    -1.72491908e-01 -6.67382896e-01 -2.67352164e-01 1.48545897e+00
    1.69825971e+00 1.61107659e+00 8.91093671e-01 1.30260050e-01
    6.15468621e-01 -8.35678935e-01 3.88333023e-01 -2.43193746e-01
    7.35268593e-01 1.36717033e+00 -3.74188364e-01 -3.17416966e-01
    1.69956684e-03 1.31032777e+00 9.24106538e-01 4.42627132e-01
    1.53257990e+00 1.56764936e+00 1.72972488e+00 -2.57196426e-01
    1.75812912e+00 -4.37518328e-01 5.00466108e-01 -3.27944398e-01
    -6.40527546e-01 -3.71247232e-01 1.78956914e+00 -1.88406110e-01
    -2.00903714e-01 -5.78847170e-01 1.24223804e+00 6.78145885e-01
    -4.89116639e-01 6.77668810e-01 1.43483233e+00 3.13436866e-01
    1.21302652e+00 2.20282912e-01 1.04280984e+00 3.63937914e-01
    1.49494195e+00 5.28749764e-01 -3.47656727e-01 6.20675921e-01
    4.70651984e-02 6.31089807e-02 -4.45681214e-02 4.53926682e-01
    1.38350630e+00 7.99946249e-01 1.59246171e+00 7.22985446e-01
    2.07182765e-01 1.18234670e+00 6.20427728e-01 -2.65257239e-01
    3.70643198e-01 9.01130080e-01 3.43766332e-01 1.58399343e-01
    9.44554448e-01 8.52504253e-01 5.07738411e-01 2.40821779e-01
    1.28732443e+00 1.52691746e+00 4.73466694e-01 4.81728911e-01
    1.20460749e+00 -6.23778701e-02 4.99747872e-01 8.33779216e-01
    1.06515896e+00 1.18340111e+00 5.09574115e-01 -3.37020159e-01
    5.95337152e-02 1.79968858e+00 -3.76340032e-01 3.89411509e-01
    1.41282821e+00 4.37560499e-01 1.79113197e+00 1.50837421e+00
    1.13024783e+00 9.68868136e-02 -5.13385057e-01 -1.82044923e-01
    -5.97512722e-03 1.50758290e+00 -7.13327408e-01 1.41260159e+00
    7.21992612e-01 1.85000718e-01 4.48205471e-01 9.57572222e-01
    -2.30042696e-01 -3.22737336e-01 5.38267374e-01 -7.27674842e-01
    -1.48047566e-01 -3.72673750e-01 1.44756103e+00 2.24230886e-02
    8.44256341e-01 1.46558583e-01 4.13425863e-01 1.10956860e+00
    5.68281174e-01 1.61021948e+00 1.10242462e+00 1.29265332e+00
    2.87788510e-01 9.20205593e-01 7.80557215e-01 1.05844164e+00
    -5.55938840e-01 1.38273287e+00 1.62928677e+00 6.28363729e-01
    6.67882264e-01 1.40791130e+00 1.33438110e-01 1.65615189e+00
    1.60532260e+00 -3.11390996e-01 -4.80628937e-01 5.79073787e-01
    -4.16889727e-01 4.11680520e-01 1.08043826e+00 6.83762908e-01
    -1.18393898e-01 1.82529855e+00 1.49672103e+00 4.67379391e-01
    3.42686176e-02 4.60118055e-02 -1.35443032e-01 -5.96861959e-01
    1.19705939e+00 9.43561375e-01 5.31951427e-01 2.55702198e-01
    1.38085210e+00 -7.29455173e-01 -2.23995268e-01 3.38798165e-01
    1.51232862e+00 1.07525408e-01 4.79515493e-01 1.41971183e+00
    1.46879077e+00 -5.20764589e-02 7.67069399e-01 -1.17387176e-02
    -5.85437417e-01 2.52227068e-01 6.66962326e-01 3.35781574e-02
    1.51232815e+00 -2.25634575e-02 3.75611186e-01 1.27781379e+00
    1.35813308e+00 1.80288053e+00 -1.76229596e-01 -6.36968791e-01
    1.13251233e+00 -1.77407920e-01 1.37564158e+00 7.23868608e-02
    -3.13143313e-01 1.35083199e-02 3.71111035e-01 -3.35366011e-01
    1.10984647e+00 2.68090248e-01 5.85645199e-01 1.44643676e+00
    1.79243517e+00 5.37418604e-01 7.15030432e-01 9.83407795e-01
    1.05593503e-01 5.99558473e-01 1.20600247e+00 -4.27405149e-01
    6.14160240e-01 2.84621954e-01 3.75609636e-01 -2.23847985e-01
    9.69591737e-01 9.14098620e-01 1.44386733e+00 -2.34258652e-01
    -3.71043891e-01 8.05254996e-01 8.82672787e-01 -2.49940157e-03
    7.68146038e-01 1.33632278e+00 1.55539322e+00 8.51487815e-01
    9.43834305e-01 1.48712397e+00 -1.60028160e-01 1.45136762e+00
    -8.48643243e-01 5.94607592e-01 7.30784714e-01 1.54453754e+00
    1.82682872e-02 3.44708085e-01 7.13411629e-01 2.13206887e-01
    1.81494772e+00 1.62803686e+00 9.88163352e-01 2.68341780e-01
    2.00884998e-01 1.37763119e+00 2.86920846e-01 -3.23927045e-01
    1.55232549e+00 1.53973913e+00 1.69445360e+00 -2.68995285e-01
    -4.84424829e-02 -1.35185301e-01 5.95987439e-01 1.09076333e+00
    7.56630599e-01 1.55565596e+00 7.30038881e-02 2.45304704e-02
    7.90247917e-01 8.72302771e-01 1.71386445e+00 -8.03190053e-01
    -6.49385452e-02 5.85479677e-01 3.00645113e-01 -8.15440357e-01
    9.33949590e-01 3.98469746e-01 6.49627984e-01 -8.87297451e-01
    -2.17702508e-01 -7.31414974e-01 3.80576193e-01 -4.97839689e-01
    1.31030631e+00 1.10551655e+00 4.00773406e-01 1.49215460e-01
    1.44142318e+00 1.14153385e+00 1.62202084e+00 -9.32173729e-02
    1.53417158e+00 1.58831239e+00 9.64310348e-01 1.45142448e+00
    -5.16297460e-01 -1.05259180e-01 1.62521386e+00 1.84565163e+00
    1.44347119e+00 -3.24701011e-01 -2.31158733e-02 8.04705024e-02
    4.93308783e-01 8.40904593e-01 -5.22099316e-01 1.15701878e+00
    -2.60984242e-01 -2.75999069e-01 1.62587094e+00 1.44531322e+00
    -4.15463448e-02 5.89766681e-01 6.96664989e-01 6.98395908e-01
    -7.87373960e-01 1.58576965e-02 6.52451515e-01 3.32331955e-01
    -3.00691009e-01 -3.72237325e-01 6.42000079e-01 1.73040497e+00
    -2.51401663e-02 1.51353562e+00 6.63020849e-01 -7.07733333e-01
    -9.92694497e-02 1.73777556e+00 9.56499100e-01 1.26172924e+00
    7.60030985e-01 3.21072340e-01 3.24255764e-01 1.82769966e+00
    5.30619025e-01 -5.99088430e-01 1.81196046e+00 -7.09946156e-01
    1.81989229e+00 -1.77059054e-01 8.66857529e-01 3.03087413e-01
    5.45819998e-02 6.95571125e-01 6.55941486e-01 1.13827825e+00
    1.18232119e+00 5.11570692e-01 1.06195974e+00 -1.80158317e-01
    -6.10995352e-01 1.68196607e+00 1.81187797e+00 -1.89492106e-02
    -1.80056930e-01 -9.48228836e-02 -6.73713863e-01 9.81894791e-01
    1.70997143e+00 -1.73907161e-01 6.88306570e-01 1.17029619e+00
    5.72538853e-01 -6.28553867e-01 1.51796651e+00 -1.60596967e-01
    1.39659834e+00 3.44295621e-01 4.18682635e-01 4.31641877e-01
    1.80077934e+00 6.47673845e-01 2.86415219e-02 9.38948691e-01
    -1.73356771e-01 9.68458951e-01 2.73820460e-01 1.79142511e+00
    3.96106899e-01 9.03834462e-01 1.81078458e+00 -1.22874379e-01
    1.01966321e-01 8.09081793e-01 1.49869323e+00 -1.19290769e-01
    -5.43539405e-01 1.45130634e+00 8.12992334e-01 7.44170368e-01
    -7.25040436e-01 9.99706924e-01 7.22385406e-01 -3.13191652e-01
    5.94863117e-01 -4.34158057e-01 1.13291299e+00 1.21095669e+00
    7.71064341e-01 -6.15782499e-01 1.46982408e+00 1.10106587e-01
    1.01230383e+00 -3.37251067e-01 -7.52724409e-02 4.37656820e-01
    -3.36612642e-01 1.71409249e-02 -1.03930056e-01 1.17236233e+00
    1.36285555e+00 -3.72300446e-01 7.66711593e-01 1.51893210e+00
    1.80147111e-01 1.41256738e+00 -8.45994115e-01 1.04928946e+00
    -3.82985651e-01 -8.79874229e-02 9.68292415e-01 -5.09370267e-01
    -4.31869984e-01 8.64125133e-01 1.18467903e+00 1.13964963e+00
    1.74654949e+00 -9.96875763e-03 -8.11266303e-01 4.06384170e-01
    1.72860909e+00 1.42455947e+00 -5.91279447e-01 1.08324063e+00
    -7.80348241e-01 4.49627638e-01 1.71703529e+00 1.56449652e+00
    6.64694548e-01 5.04688025e-01 6.16116583e-01 1.26166320e+00
    1.17645073e+00 1.40224683e+00 -5.06649256e-01 -7.31167853e-01
    8.66758466e-01 7.66305804e-01 1.64707160e+00 -2.77869403e-01
    5.92354238e-01 -2.14319587e-01 1.42333364e+00 1.55693054e+00
    1.26358747e+00 1.82494962e+00 1.57389557e+00 1.65757835e+00
    5.39116681e-01 8.06331635e-02 -2.03679740e-01 1.32969809e+00
    -1.23973489e-01 -1.40991032e-01 1.40086281e+00 -1.52415216e-01
    1.10459638e+00 1.70173800e+00 3.44730854e-01 1.27842546e-01
    -8.92845929e-01 1.32730198e+00 3.94842088e-01 -7.76636600e-02
    3.15769374e-01 1.30350041e+00 -2.82503068e-01 -3.08077455e-01
    -6.67537868e-01 2.49828696e-01 1.59237850e+00 6.57818079e-01
    2.89871335e-01 8.03620219e-02 -6.75334156e-01 9.70544279e-01
    -1.01859689e-01 5.16382039e-01 1.00551426e-01 1.45321679e+00
    -6.80107892e-01 1.69568169e+00 4.11561489e-01 1.26390755e-01
    1.88081431e+00 -3.36758673e-01 8.77017558e-01 1.85239923e+00
    9.20606315e-01 8.02593052e-01 -9.13589597e-02 -2.46265650e-01
    -4.70694602e-01 -4.12683189e-01 1.81608605e+00 -4.16590154e-01
    2.50393569e-01 -6.07249022e-01 1.11644959e+00 4.81955528e-01
    1.21121073e+00 -7.54442990e-01 1.13950729e+00 -1.33473158e-01
    1.80679274e+00 1.83256984e+00 1.79589820e+00 8.92722070e-01
    1.66030788e+00 1.22397709e+00 9.39066708e-01 6.51485205e-01
    -5.85777044e-01 1.67503834e+00 7.50882864e-01 9.35099244e-01
    1.22875106e+00 7.07292616e-01 -5.73347211e-02 1.45845342e+00
    -2.52180338e-01 9.06965733e-01 2.93091059e-01 5.36625862e-01
    1.78854299e+00 1.44219208e+00 1.39417362e+00 1.24079835e+00
    1.07436121e-01 -4.40003276e-02 -8.36900830e-01 1.40474296e+00
    1.81102645e+00 -2.36483574e-01 1.90136492e-01 1.04651284e+00
    7.37112105e-01 -6.82022452e-01 7.79168129e-01 1.55951524e+00
    -3.17024171e-01 -4.50455099e-01 5.69560051e-01 9.03550148e-01
    1.84970844e+00 -6.51857376e-01 1.51001024e+00 1.61571908e+00
    3.57149839e-01 1.73708200e-02 1.67496789e+00 -7.62935877e-02
    1.68378210e+00 1.37922132e+00 -2.58349836e-01 2.25932837e-01
    5.16766667e-01 -1.37397945e-01 2.59928584e-01 1.91224277e-01
    4.95072603e-02 9.35628712e-01 1.20120740e+00 1.57005286e+00
    1.99427366e-01 -2.30680048e-01 -4.13844645e-01 1.81828737e+00
    9.80644226e-02 1.57472372e-01 7.59556890e-01 -5.76353788e-01
    -4.07843560e-01 5.02375364e-01 -6.35246992e-01 -1.70731783e-01
    7.78084517e-01 8.27322423e-01 7.36913621e-01 1.37029099e+00
    7.29910612e-01 -8.12699676e-01 -6.75255179e-01 7.68335640e-01
    9.01752949e-01 1.63759995e+00 -7.91104734e-01 1.16749573e+00
    -6.85701489e-01 -2.17624128e-01 1.66999400e-01 8.99410248e-01
    -7.50564754e-01 -7.44837463e-01 4.81865823e-01 7.34987915e-01
    9.83282149e-01 1.76776171e-01 3.10538530e-01 1.62940431e+00
    -7.25957155e-01 1.07582986e+00 -1.80458188e-01 -1.35592520e-01
    1.80105245e+00 -7.22915530e-02 -4.19735909e-02 3.51810873e-01
    -2.92973518e-02 1.57305181e+00 1.25564647e+00 1.68544674e+00
    1.38740015e+00 9.27278340e-01 1.27235961e+00 5.30222595e-01
    -4.24314469e-01 4.46649194e-01 1.68701804e+00 -2.18461573e-01
    5.89947104e-02 5.95943809e-01 6.63717747e-01 -6.42721653e-01
    1.23342669e+00 -1.50100827e-01 1.09246278e+00 8.14967394e-01
    -2.36402452e-01 5.45044541e-01 1.86187291e+00 4.66691315e-01
    6.68012202e-01 7.70608783e-02 5.72293937e-01 8.19815218e-01
    1.18478990e+00 9.28268135e-01 -4.37944323e-01 2.33112931e-01
    -6.37301981e-01 9.02474880e-01 1.33244359e+00 1.24926138e+00
    7.94040620e-01 -8.47774923e-01 4.71169651e-01 4.08614695e-01
    4.03821468e-01 -5.75582147e-01 3.72522295e-01 9.80214894e-01
    4.74973321e-02 7.88677037e-01 -7.10116386e-01 -7.78644145e-01
    -9.18372869e-02 5.80734432e-01 1.44419241e+00 -4.07376230e-01
    1.28182828e-01 4.86925721e-01 1.23526525e+00 1.64813924e+00
    1.51192725e-01 -2.81675637e-01 -8.08032334e-01 1.54139543e+00
    7.50968933e-01 1.09019375e+00 -4.20662344e-01 8.26748788e-01
    -2.62482584e-01 1.44468582e+00 -7.50695825e-01 -7.75744319e-02
    -1.16755962e-01 2.06308603e-01 -8.61195385e-01 2.97050416e-01
    1.70810640e+00 -1.57873034e-01 -7.57922649e-01 5.39635539e-01
    1.56232822e+00 8.69882345e-01 4.86737430e-01 -7.82250524e-01
    -8.20250154e-01 -4.59293634e-01 2.43468106e-01 1.71945190e+00
    5.67218602e-01 -4.83644545e-01 -2.53334880e-01 1.64141905e+00
    5.78966260e-01 8.62803876e-01 -5.98945498e-01 1.28692269e-01
    -6.58789515e-01 -8.23607445e-01 1.77926660e+00 -8.81770432e-01
    1.04162359e+00 -5.47857523e-01 1.42250705e+00 4.42889094e-01
    8.24640334e-01 4.09049690e-01 1.36046863e+00 1.25423253e+00
    -4.15915757e-01 1.26028538e+00 6.84811831e-01 -5.52970409e-01
    1.70778584e+00 1.03477061e-01 -7.01388061e-01 3.63861859e-01
    1.70578802e+00 1.43365884e+00 3.54901552e-02 1.69170308e+00
    1.16671300e+00 3.10179651e-01 1.87945306e-01 1.05560780e+00
    1.50077271e+00 -1.64835155e-01 3.47037494e-01 -9.09105539e-02
    6.99833035e-01 1.17233944e+00 -2.23921776e-01 -3.75428170e-01
    -1.32520258e-01 2.35681951e-01 4.21557963e-01 1.24865079e+00
    2.70358741e-01 1.47096133e+00 2.79868245e-02 8.96211863e-01
    -1.78802729e-01 6.43500447e-01 -4.88438636e-01 7.75876403e-01
    4.40088928e-01 6.40978575e-01 -7.28931844e-01 2.55341649e-01
    1.79817891e+00 1.55134463e+00 1.71082139e+00 3.78114343e-01
    1.19656694e+00 1.46261036e-01 5.89024961e-01 2.78213441e-01
    -3.21092665e-01 8.27007890e-01 -2.27378488e-01 1.58932066e+00
    1.74456823e+00 2.85184681e-01 1.35826254e+00 1.59689140e+00
    5.40036142e-01 -5.46196342e-01 -5.77059269e-01 9.53597248e-01
    -8.12981427e-01 -4.19104666e-01 -6.46546721e-01 6.61367118e-01
    -1.55998468e-01 1.65103173e+00 -5.91050148e-01 9.79169607e-02
    1.63007450e+00 7.93462634e-01 -7.64922380e-01 -4.59564924e-01
    1.03675580e+00 1.03729916e+00 1.55091047e+00 1.83052015e+00
    -2.89439023e-01 -6.12567663e-02 -6.24262691e-01 1.36499524e-01
    -5.87662160e-01 -4.84851032e-01 -3.13358486e-01 -1.88174367e-01
    -3.17199230e-02 7.61347890e-01 -5.58542013e-01 6.01328492e-01
    8.00559342e-01 1.42242301e+00 1.61956561e+00 1.36966395e+00
    1.68876028e+00 3.52923453e-01 1.11858487e+00 -7.31354296e-01
    9.60536420e-01 -7.85425305e-01 -1.85745060e-01 1.27863932e+00
    3.01595092e-01 1.57596076e+00 1.04900455e+00 4.84306633e-01
    1.64021206e+00 1.21789336e+00 9.54695165e-01 -5.68108797e-01
    4.57772493e-01 1.45133114e+00 1.24787617e+00 8.38688791e-01
    3.90245378e-01 6.01962805e-02 7.81308651e-01 1.23882318e+00
    1.20270395e+00 1.56222773e+00 1.00798607e-01 1.08617258e+00
    1.81366444e-01 1.87306225e-01 5.16270936e-01 6.16690516e-02
    1.71494520e+00 -8.46717954e-01 1.59061491e+00 2.14301050e-01
    -7.65753388e-02 -8.20202231e-02 6.80830300e-01 1.13624132e+00
    1.03290844e+00 9.70802069e-01 1.00419259e+00 3.62714469e-01
    1.84599590e+00 -6.42226398e-01 6.88724697e-01 3.77932012e-01
    -2.03105152e-01 -5.95360160e-01 1.76602221e+00 9.11029398e-01
    2.23334074e-01 1.43284702e+00 7.62276113e-01 7.18176544e-01
    -1.24084830e-01 1.43202758e+00 4.24656987e-01 3.81641567e-01
    -8.25432062e-01 1.52252138e+00 -5.03957272e-02 8.32796514e-01
    1.16205990e+00 2.96164393e-01 1.34869218e-02 1.10204315e+00
    1.75929570e+00 3.39322686e-01 3.22143972e-01 3.33800197e-01
    1.25280571e+00 9.22423005e-02 3.49742174e-03 1.33285296e+00
    -3.00248563e-01 4.56733108e-02 -7.59905696e-01 3.68709564e-01
    -2.25142121e-01 1.79104471e+00 3.20401788e-02 6.80776775e-01
    1.13606286e+00 -2.59120762e-01 -7.12453365e-01 1.24920380e+00
    -8.02352428e-01 5.46703577e-01 1.55569124e+00 1.55387044e-01
    6.41663194e-01 -8.01914036e-01 8.67935181e-01 -6.83110118e-01
    1.14570236e+00 1.23200679e+00 1.47695351e+00 1.75076056e+00
    -1.70084834e-02 9.49807525e-01 1.18135357e+00 8.06754529e-01
    1.45350862e+00 -4.39265549e-01 -1.88264430e-01 9.96834040e-01
    9.88836467e-01 1.28417110e+00 -5.08922756e-01 1.41720080e+00
    3.89505565e-01 -3.03580821e-01 1.66372967e+00 8.79442930e-01
    -8.70774686e-01 -2.02214956e-01 1.75136006e+00 8.78336668e-01
    1.43340480e+00 3.01487505e-01 8.55450809e-01 5.63902557e-01
    -2.93289363e-01 1.22817683e+00 1.57080698e+00 -5.37604809e-01
    5.33698320e-01 -1.56395614e-01 8.60680461e-01 1.43168771e+00
    -7.96835482e-01 2.65236199e-01 4.98947084e-01 3.95221591e-01
    -4.78549093e-01 1.56934237e+00 6.65551543e-01 9.54279304e-01
    -1.35959387e-01 4.65439677e-01 1.00758862e+00 8.68366480e-01
    1.14197004e+00 8.30694377e-01 -8.03176761e-02 -8.50227833e-01
    1.66689110e+00 1.39045358e+00 1.50622106e+00 1.02022743e+00
    1.16626167e+00 1.11410391e+00 1.78046012e+00 -6.37328386e-01
    -7.94656873e-01 -6.55681312e-01 3.50111723e-02 1.48811722e+00
    1.57747340e+00 1.25285542e+00 1.51322138e+00 -8.01779211e-01
    1.58897877e+00 -2.58301854e-01 5.79188108e-01 8.90602827e-01
    1.18687057e+00 -7.86259413e-01 1.78828120e+00 1.00057483e-01
    3.01473856e-01 1.59402728e+00 1.59119427e-01 1.95748568e-01
    -4.44796562e-01 1.10079002e+00 1.04323137e+00 -7.59294271e-01
    9.78391647e-01 -6.14591539e-01 2.20876634e-01 -4.06930089e-01
    1.38619542e+00 1.20840645e+00 -4.39055294e-01 5.04674077e-01
    3.05474997e-01 -6.16387010e-01 -7.81950712e-01 -2.89799631e-01
    3.46139669e-01 2.82611966e-01 9.50925648e-01 1.59299898e+00
    1.65178108e+00 1.66659045e+00 2.08036602e-01 1.67153561e+00
    -2.34929562e-01 1.76551712e+00 -9.62644815e-03 -3.40597093e-01
    1.68059599e+00 6.93174064e-01 5.53218186e-01 -6.26189351e-01
    2.79016674e-01 7.97529638e-01 1.07365227e+00 1.53203070e+00
    5.77695370e-01 8.74186158e-01 -8.89210403e-01 1.30108547e+00
    6.29588366e-01 1.46298003e+00 -5.24851203e-01 8.78241241e-01
    1.82553887e+00 2.53421187e-01 7.05005050e-01 -7.24548101e-03
    6.23566449e-01 3.46607685e-01 -1.33133054e-01 -3.27243626e-01
    9.60350811e-01 7.28368461e-01 -3.27371538e-01 9.56245363e-01
    1.14960790e+00 -7.92420089e-01 1.10556221e+00 -3.78846407e-01
    1.28079510e+00 -1.02143705e-01 1.71076250e+00 -4.18708324e-02
    -6.70041859e-01 -2.82244921e-01 -5.85674644e-01 1.81038189e+00
    -1.32006645e-01 5.54527223e-01 1.19340301e+00 -3.20749938e-01
    -3.27780247e-01 8.19793880e-01 9.29672658e-01 1.07282877e+00
    8.88455510e-01 -5.44409513e-01 1.53333175e+00 -3.95992696e-01
    6.00474596e-01 -6.63583517e-01 8.89056444e-01 -7.69273043e-01
    -8.30514729e-01 2.83728302e-01 5.89853227e-01 8.25846374e-01
    3.70211720e-01 3.03649783e-01 5.45576811e-02 1.89515173e-01
    -6.66565657e-01 4.44218576e-01 2.98774958e-01 -6.04639173e-01
    1.57422328e+00 1.46037364e+00 4.32341158e-01 1.21451044e+00
    1.31350577e-01 8.14930081e-01 4.06476855e-02 8.81908655e-01
    1.13527775e-02 -2.98446417e-02 5.13085723e-01 1.15653586e+00
    -3.63156557e-01 4.78260398e-01 5.35085380e-01 1.14994121e+00
    -3.91336381e-01 4.95099723e-01 1.04624951e+00 9.34417188e-01
    2.46843815e-01 1.04067111e+00 7.14035749e-01 -3.47878635e-01
    6.78468049e-01 1.67507124e+00 1.10681558e+00 -1.39816821e-01
    -3.73221427e-01 5.40277362e-01 -6.04197621e-01 1.56447864e+00
    -6.94501519e-01 -6.61799610e-01 1.52231574e+00 4.91913080e-01
    1.13444757e+00 -3.45072150e-02 1.64733565e+00 -6.89444661e-01
    6.82484210e-01 6.45439029e-02 -5.54607391e-01 -8.43433559e-01
    1.56377923e+00 1.06287456e+00 1.22255921e+00 8.56128693e-01
    -8.32000554e-01 -3.06761265e-03 -6.47003889e-01 6.91372573e-01
    -1.30906105e-02 1.36944258e+00 -9.58592296e-02 -6.42075360e-01
    4.04169858e-01 5.05168855e-01 6.24449193e-01 -6.95228577e-01
    1.86524200e+00 1.16442382e+00 -3.14075112e-01 -7.96348453e-01
    -5.45311928e-01 4.99462008e-01 1.14929020e-01 2.23034859e-01
    1.28185546e+00 2.83859968e-01 8.34125876e-01 8.88664544e-01
    -4.05246675e-01 2.16394722e-01 -5.56062222e-01 -5.13541460e-01
    4.77690279e-01 1.60708380e+00 2.23971903e-01 -1.75741076e-01
    1.03328872e+00 9.83067214e-01 1.72278762e+00 1.28351974e+00
    3.19934428e-01 4.75893915e-01 7.75236487e-02 -5.30282676e-01
    1.49157465e-01 1.56465399e+00 1.23020244e+00 8.34301054e-01
    -8.98585320e-02 4.53376234e-01 -1.10382617e-01 4.95000601e-01
    1.78599656e+00 1.53457487e+00 1.12481356e+00 -3.53047907e-01
    -8.06083798e-01 -6.00916147e-03 1.56145120e+00 9.71414447e-02
    4.39206064e-01 -1.03937030e-01 2.87616014e-01 1.02406621e+00
    1.84535980e-04 -3.04286718e-01 1.29050136e-01 -2.05118239e-01
    8.60646427e-01 3.02380383e-01 1.25308788e+00 1.64609385e+00
    1.54410434e+00 1.74106455e+00 8.28998089e-02 1.90084910e+00
    1.01035619e+00 -1.35204971e-01 1.48662984e-01 -6.48103833e-01
    -5.34884155e-01 -7.06518650e-01 -2.27457285e-01 1.68706739e+00
    -5.08044064e-01 -6.59970224e-01 -2.55726755e-01 -7.77504385e-01
    1.46064687e+00 1.13761163e+00 2.45524585e-01 1.24661875e+00
    7.99500585e-01 1.38458669e+00 9.47254241e-01 -2.30555654e-01
    1.53419018e+00 9.97020781e-01 1.36491668e+00 -2.77424455e-02
    4.13077533e-01 1.03484678e+00 1.61885810e+00 1.11925948e+00
    2.98914909e-02 -8.14658642e-01 1.41631532e+00 1.70394087e+00
    4.30036008e-01 1.42003059e-01 1.54252672e+00 -1.12732649e-01
    -3.78776014e-01 -3.19148779e-01 1.88035595e+00 1.35359859e+00
    1.26289356e+00 1.44131601e-01 1.77495980e+00 1.08120084e+00
    1.44781649e-01 -7.17472672e-01 -2.13243902e-01 -2.22861350e-01
    -6.44970655e-01 1.75082374e+00 3.34738731e-01 1.70917177e+00
    1.77375937e+00 9.39828634e-01 1.23017430e+00 1.46162426e+00
    -3.58100533e-02 -1.89706802e-01 8.22590888e-01 1.67395878e+00
    1.46833086e+00 -3.61845046e-01 1.44220448e+00 -7.79281378e-01
    1.32842600e-01 -5.39898992e-01 1.61710835e+00 1.32864523e+00
    -3.62894237e-01 1.36558115e+00 9.72631633e-01 1.10340762e+00
    1.64992237e+00 7.99686313e-02 7.35390604e-01 2.19251454e-01
    -8.48299563e-01 1.27657723e+00 7.69414961e-01 4.09971476e-02
    1.66184723e-01 -7.87696362e-01 1.69178367e+00 -1.45167172e-01
    4.48028862e-01 -4.90605831e-03 -8.31505895e-01 1.16323471e+00
    7.38900900e-01 1.70393991e+00 1.30480862e+00 1.44679260e+00
    1.31908584e+00 1.43063724e-01 4.99922752e-01 1.68781519e-01
    5.64742088e-03 2.32065737e-01 1.54620755e+00 9.14516389e-01
    1.39798582e+00 9.27532077e-01 9.96448517e-01 1.84949350e+00
    1.41272259e+00 1.57008708e-01 6.55281067e-01 -3.37519228e-01
    1.22200441e+00 1.40705848e+00 1.56663573e+00 1.34736538e+00
    1.56568480e+00 1.08060908e+00 1.24997699e+00 2.14054585e-01
    -6.75914526e-01 -4.80142802e-01 -2.33814716e-01 -7.04912782e-01
    1.20508385e+00 1.65185547e+00 6.59862339e-01 9.88602102e-01
    4.53910589e-01 3.68368387e-01 -3.18807364e-01 4.23058867e-02
    -2.53556907e-01 9.77906585e-01 -6.78713381e-01 8.20723295e-01
    1.54500771e+00 1.51396322e+00 1.75633883e+00 -2.24126339e-01
    1.64392757e+00 5.86953640e-01 -3.85188341e-01 1.10036469e+00
    8.79341781e-01 7.57914960e-01 1.23078966e+00 -3.74824405e-02
    1.34518647e+00 1.69876039e+00 1.70296848e-01 5.78771830e-02
    1.22903109e-01 1.12857950e+00 1.55883467e+00 -4.22328472e-01
    7.67153084e-01 1.72359586e+00 -8.70365739e-01 -3.94892991e-01
    -6.58994079e-01 -7.68489957e-01 1.52950132e+00 3.51423204e-01
    1.11336565e+00 4.50467885e-01 6.31168723e-01 6.92590654e-01
    -5.44060111e-01 1.48624504e+00 1.31767273e+00 1.20281529e+00
    6.23278797e-01 -1.06568933e-02 3.69332314e-01 -8.08232486e-01
    1.29294932e-01 5.05181551e-01 1.57319045e+00 1.64746881e+00
    7.91872680e-01 1.08524680e-01 -6.39761090e-01 1.65441608e+00
    1.09376752e+00 -1.11123860e-01 1.64475822e+00 1.20678091e+00
    1.64656460e-01 3.18413913e-01 -5.56141973e-01 1.33446801e+00
    -2.87395239e-01 8.18607509e-01 9.45647240e-01 7.44854867e-01
    1.11353028e+00 4.10064816e-01 -2.42412269e-01 -3.29562724e-01
    5.59365451e-01 3.59269917e-01 4.53099906e-01 -1.45660400e-01
    1.46969712e+00 1.65743661e+00 1.35225916e+00 1.12558174e+00
    -3.01770151e-01 -2.11891830e-01 4.23618615e-01 -7.78513193e-01
    8.85720551e-01 1.09152865e+00 8.57754886e-01 9.71962333e-01
    1.32763851e+00 1.28391504e-01 1.17064953e+00 3.00873041e-01
    1.44649720e+00 1.00891805e+00 1.56232905e+00 4.89881575e-01
    -4.70778883e-01 1.64026988e+00 -8.01200867e-02 1.56107855e+00
    1.62665367e+00 7.01619267e-01 2.35878348e-01 2.23927975e-01
    1.16563034e+00 1.78306460e+00 -4.87864137e-01 -9.97693539e-02
    -3.48993242e-01 -2.65510201e-01 -3.85436922e-01 3.83889496e-01
    2.28488624e-01 -7.82631636e-02 1.22068596e+00 4.70758319e-01
    1.04946494e+00 3.45037520e-01 -6.05976582e-01 1.04407215e+00
    1.73512566e+00 -6.21840477e-01 -4.63282317e-01 -5.01702309e-01
    -5.13743997e-01 1.08038545e+00 1.13806915e+00 2.48763621e-01
    -2.64661968e-01 2.10622609e-01 1.68164766e+00 1.24932027e+00
    3.85322034e-01 2.23887742e-01 6.16322219e-01 1.18267870e+00
    1.45776570e-01 1.78725910e+00 1.10787642e+00 -3.60063255e-01
    -4.26569432e-01 7.60647595e-01 -7.39894867e-01 7.01960385e-01
    3.64325523e-01 -8.55012715e-01 9.91048455e-01 3.84525239e-01
    1.58423841e-01 1.80366588e+00 -1.00538433e-01 2.36998200e-01
    4.24949408e-01 -5.85090876e-01 8.10018599e-01 -3.13343346e-01
    -1.37980282e-01 1.20699632e+00 1.79683983e-01 1.13949203e+00
    9.21172082e-01 1.82336569e+00 2.25646555e-01 1.69690847e+00
    1.63417935e+00 6.36954308e-01 1.66139317e+00 7.60303080e-01
    4.65642512e-01 -7.16382265e-02 -2.34521925e-01 5.63256681e-01
    -3.37625176e-01 -6.42586112e-01 -9.66840982e-02 1.66768551e+00
    -2.37605333e-01 -5.97146988e-01 1.05324709e+00 7.27270782e-01
    -4.22969788e-01 1.70251131e-02 7.62811482e-01 -9.66722965e-02
    7.30524659e-02 6.93496168e-01 -9.48892236e-02 1.69085038e+00
    6.58718944e-01 -2.23166645e-01 8.44742715e-01 4.03325260e-01
    1.26702929e+00 1.59490395e+00 -2.31699526e-01 -2.38742828e-02
    9.80306864e-02 7.60143518e-01 -7.00817823e-01 1.61000681e+00
    1.25594616e+00 4.69182730e-01 1.67209637e+00 1.62219310e+00
    -4.67832536e-01 -5.62168837e-01 7.46503413e-01 -3.57348263e-01
    -9.23110485e-01 1.17871761e-02 -9.91144180e-02 1.49378133e+00
    6.80250108e-01 6.38085544e-01 -4.25412774e-01 -6.03197038e-01
    -6.75112307e-01 9.80130434e-01 1.30632591e+00 1.00126028e+00
    8.55564237e-01 1.68721557e-01 5.71164250e-01 1.00661945e+00
    1.39900088e+00 -3.10298681e-01 1.14117289e+00 5.04452944e-01
    7.27316499e-01 1.40269518e+00 1.51369143e+00 -8.16611767e-01
    -4.52280045e-01 7.19098210e-01 -5.50496817e-01 -9.56435204e-02
    1.49607158e+00 3.95423353e-01 -1.73554182e-01 7.76215851e-01
    7.03275204e-04 8.64272356e-01 8.56830418e-01 -4.85210180e-01
    1.23571670e+00 1.15889251e-01 5.42961836e-01 4.09938037e-01
    1.27027035e+00 3.46771479e-01 -2.91497290e-01 1.84105194e+00
    -4.41769660e-01 1.23232317e+00 1.10754704e+00 1.69494748e-01
    9.77108181e-01 -5.17217875e-01 1.49916685e+00 1.18528068e+00
    7.39762366e-01 -4.10857975e-01 9.24805939e-01 4.43471730e-01
    -2.07571745e-01 8.07164907e-02 -8.03279459e-01 8.25556576e-01
    -6.87642574e-01 1.39299965e+00 -7.94241250e-01 3.79710197e-02
    -2.31620073e-02 1.35561109e-01 -4.00441289e-02 -6.71675682e-01
    1.23532963e+00 6.84719503e-01 1.71146250e+00 -4.25995111e-01
    -5.38189948e-01 9.44619536e-01 -4.67644393e-01 6.99413896e-01
    -1.12562537e-01 2.15978444e-01 1.28686261e+00 1.53303194e+00
    -4.17434216e-01 -8.74118924e-01 -6.51847839e-01 1.65356386e+00
    1.76064897e+00 1.84990811e+00 1.61310315e+00 5.57926238e-01
    1.41768146e+00 -7.26912737e-01 1.59020400e+00 2.17130184e-02
    -9.26002264e-02 1.29315388e+00 2.22263098e-01 -4.21447426e-01
    1.61519551e+00 8.12278390e-02 3.89675677e-01 9.31742132e-01
    -1.62734747e-01 1.76119566e-01 1.50452030e+00 3.52700531e-01
    -7.19200552e-01 8.50562811e-01 1.15282881e+00 9.34878588e-02
    2.00484097e-01 1.32480741e+00 2.47035682e-01 -4.63620871e-01
    4.41717982e-01 -8.55965018e-02 7.75198221e-01 1.45809114e-01
    -3.23741734e-01 1.76074612e+00 1.09992492e+00 1.58191693e+00
    1.83830905e+00 -1.59798265e-01 1.13239491e+00 -9.95857716e-02
    9.50384378e-01 1.21378517e+00 9.96078789e-01 7.89931059e-01
    -2.52231479e-01 8.84959459e-01 9.63626862e-01 1.70351064e+00
    1.83260918e-01 6.39149785e-01 9.38190639e-01 1.09071553e-01
    9.67100263e-02 1.39642549e+00 1.37034976e+00 5.77684641e-02
    1.17160797e+00 -5.04873157e-01 6.74241185e-02 -5.46451688e-01
    4.76895690e-01 -5.21425247e-01 -2.15060592e-01 5.89660585e-01
    -3.59794497e-02 3.64002585e-01 1.25861406e-01 9.21147227e-01
    2.10424066e-02 -7.74780571e-01 7.74908006e-01 -4.10924256e-01
    6.96302354e-01 1.26902080e+00 3.85349870e-01 1.56906354e+00
    -8.12211394e-01 1.38299596e+00 9.74863112e-01 -4.89855677e-01
    -5.99462926e-01 9.68133807e-01 8.38171244e-02 9.02959704e-02
    5.02599657e-01 -4.21928018e-01 3.26493323e-01 6.39685988e-02
    -5.00466704e-01 1.22539973e+00 8.90833020e-01 8.82539392e-01
    5.57647705e-01 -2.84817457e-01 -6.65335536e-01 -4.68267620e-01
    1.41881108e+00 3.85111392e-01 1.56714630e+00 1.71948814e+00
    -3.03022981e-01 -1.32804334e-01 -1.99015737e-02 -5.72078705e-01
    1.07817411e+00 1.50535846e+00 1.57295036e+00 1.78686690e+00
    -5.41626096e-01 9.98488009e-01 -4.34816480e-02 -6.43949389e-01
    1.45324540e+00 1.82846022e+00 6.17469192e-01 7.96648979e-01
    3.34074140e-01 1.00511980e+00 -3.14988017e-01 7.66561866e-01
    2.71746218e-01 -7.62193501e-01 1.56538057e+00 -8.17114234e-01
    -2.18432546e-01 5.73050857e-01 1.46029389e+00 -2.15122342e-01
    1.22209728e-01 1.73807323e-01 1.25413501e+00 7.88229585e-01
    1.15401649e+00 -7.33007252e-01 -1.44424915e-01 3.07205796e-01
    -6.67402148e-01 6.88162386e-01 5.18387854e-01 -4.71751243e-01
    -1.32744431e-01 -3.56084913e-01 6.32575631e-01 5.03554642e-01
    -7.72878885e-01 -5.21568298e-01 9.97665882e-01 1.03723621e+00
    9.44078922e-01 2.69714475e-01 1.48489356e+00 4.47665155e-01
    -6.71761572e-01 5.90223908e-01 3.53661180e-02 9.94421363e-01
    -5.71881890e-01 -6.55623376e-01 7.41563141e-01 4.67226505e-01
    3.28870833e-01 1.83527684e+00 1.77973151e+00 1.35796797e+00
    1.79649711e-01 -3.92944753e-01 1.57551169e+00 1.57435298e+00
    -7.41990566e-01 4.48755026e-02 -5.33185005e-02 -2.17899978e-01
    1.37575567e+00 1.73281240e+00 1.28468394e-01 -6.23699367e-01
    1.46561778e+00 1.16826534e+00 8.11766624e-01 6.63316071e-01
    1.32496762e+00 1.33024383e+00 -7.63832808e-01 1.59409380e+00
    5.63466430e-01 1.53500259e-01 1.26774287e+00 1.61351562e-01
    6.61953986e-01 1.00231624e+00 8.16541314e-01 -8.15244317e-01
    -1.41134441e-01 -7.37020552e-01 1.00468636e+00 1.76368284e+00
    6.12874866e-01 -6.84738278e-01 8.05542290e-01 1.10494220e+00
    6.55689478e-01 5.71561992e-01 1.47703099e+00 -2.26808190e-01
    5.73014498e-01 -1.61477029e-01 -7.97398090e-02 -1.61477685e-01
    6.52670681e-01 -4.84714329e-01 -1.24142766e-02 1.87240934e+00
    1.04686654e+00 1.72489810e+00 6.26493692e-01 8.71178508e-01
    -7.91912794e-01 -5.84022641e-01 -7.08536029e-01 -5.32346904e-01
    -4.07917708e-01 7.62333512e-01 8.38234127e-01 -2.27085650e-01
    1.44806576e+00 8.26368332e-01 8.97679269e-01 1.78063393e+00
    1.55526936e+00 2.22448349e-01 1.70162022e+00 6.71554267e-01
    -2.85178423e-02 7.32165873e-01 1.68924141e+00 2.54953504e-01
    -2.45878339e-01 1.53642666e+00 -4.33027297e-01 -1.21411860e-01
    6.99472427e-03 1.47776985e+00 7.67604172e-01 4.56725776e-01
    1.41733098e+00 -5.37846684e-02 7.45434225e-01 7.77257085e-01
    -7.61595368e-01 1.21405768e+00 1.67342019e+00 1.06992078e+00
    3.78667176e-01 -6.96181118e-01 1.52735949e+00 -1.54790878e-01
    -1.85762644e-01 1.30190992e+00 -7.40326464e-01 3.26206982e-01
    1.96138620e-02 -6.27829313e-01 1.34237814e+00 1.68643594e+00
    5.17616689e-01 5.24793744e-01 5.91169000e-01 6.61528111e-01
    2.01580584e-01 8.86055231e-01 1.81185627e+00 9.90281284e-01
    -6.52325273e-01 -3.43874395e-01 -2.79129386e-01 4.59097564e-01
    -1.70812130e-01 1.58457184e+00 -5.52959263e-01 -5.42690635e-01
    1.69396198e+00 -7.74527550e-01 3.33318889e-01 2.80884862e-01
    1.52693963e+00 4.20780420e-01 3.02548289e-01 7.20856905e-01
    1.53115869e-01 -7.07794189e-01 -3.82478505e-01 4.06830788e-01
    -4.60135579e-01 -7.42572844e-01 1.08685839e+00 -3.38054299e-02
    1.60971236e+00 -2.61762977e-01 1.38868761e+00 -3.99764150e-01
    1.48340726e+00 -7.11822450e-01 1.70122790e+00 -3.93329054e-01
    1.78378165e+00 1.35562313e+00 1.58585513e+00 8.07897151e-01
    1.09217966e+00 6.28079236e-01 -9.58088636e-02 5.54206252e-01
    -2.06633508e-01 1.11684680e+00 1.23550224e+00 -7.96007752e-01
    -7.60479927e-01 1.63747168e+00 1.44511914e+00 -7.80690074e-01
    2.18999386e-01 -7.96710432e-01 2.11472034e-01 1.61933684e+00
    -2.26339459e-01 1.54163623e+00 1.22633696e+00 1.34690523e+00
    -7.84623146e-01 -3.50435615e-01 1.65769494e+00 -7.01392889e-01
    -4.74067539e-01 4.35497165e-01 8.59868884e-01 7.07023680e-01
    5.31141996e-01 1.30634832e+00 2.14717805e-01 -4.68213886e-01
    1.53079033e-02 1.10507011e+00 1.69220603e+00 -6.34343684e-01
    4.30676997e-01 3.83189440e-01 7.17590868e-01 1.15274429e-01
    -8.59048247e-01 1.85961652e+00 -3.14420879e-01 5.86960733e-01
    7.02046573e-01 1.40556467e+00 7.04782605e-02 -2.85798788e-01
    -6.12726808e-02 9.21574891e-01 1.64408374e+00 -1.64469540e-01
    1.60618806e+00 -3.99318457e-01 1.19623327e+00 1.12685049e+00
    3.62129867e-01 1.55814099e+00 1.74834585e+00 6.51150346e-01
    -8.89863014e-01 1.52530980e+00 5.94494283e-01 -6.81573927e-01
    1.72352433e+00 9.50410068e-01 -9.33688760e-01 7.71755636e-01
    4.44255471e-01 1.51445842e+00 1.14419007e+00 8.03598464e-01
    4.79096711e-01 1.74581659e+00 1.80855393e-01 2.42904782e-01
    1.57913089e+00 -1.93550706e-01 1.04155552e+00 3.32889378e-01
    -6.74921155e-01 4.97497201e-01 1.87502599e+00 -6.05298162e-01
    1.06183624e+00 1.06952906e+00 1.23630965e+00 1.37027752e+00
    -1.93241417e-01 -6.66942000e-01 1.64529872e+00 1.85712218e+00
    1.87733626e+00 -9.44762826e-02 -4.25735086e-01 -3.28255534e-01
    1.83984149e+00 -5.21563172e-01 3.23279440e-01 1.26150632e+00
    9.79914129e-01 -4.18366522e-01 3.86303067e-01 -3.42060149e-01
    -4.16010916e-01 6.04963422e-01 1.38754725e+00 -4.22931284e-01
    -5.68710923e-01 9.33073163e-01 4.30269480e-01 9.68646407e-02
    -5.08301735e-01 -4.83635038e-01 1.29095948e+00 -3.82299155e-01
    1.42806292e+00 -8.34107041e-01 -5.47380090e-01 1.20844376e+00
    1.48303509e+00 -7.36751139e-01 1.41863942e+00 5.30803621e-01
    -5.90173721e-01 -4.45502311e-01 1.81262660e+00 1.53488517e-02
    1.34526825e+00 -3.23795438e-01 -1.90405846e-02 7.17288017e-01
    1.52794313e+00 -7.57448912e-01 4.92822468e-01 1.18903303e+00
    1.78200078e+00 1.04399955e+00 4.93947208e-01 1.48263180e+00
    4.02457893e-01 -7.64025927e-01 3.20795774e-02 -2.88883507e-01
    1.81646824e+00 8.16510081e-01 -1.89877987e-01 1.58078218e+00
    5.55216312e-01 9.86533463e-01 3.88144255e-02 1.80005467e+00
    -5.27636230e-01 1.36479533e+00 6.28003061e-01 9.69688892e-02
    -5.73448718e-01 1.09915864e+00 1.42023945e+00 -2.84584165e-02
    1.15373111e+00 1.16898954e-01 5.01793623e-01 7.30748117e-01
    -3.75583410e-01 1.25398564e+00 1.16827404e+00 -3.04090917e-01
    4.88715768e-02 1.45808268e+00 1.39600897e+00 -2.45268583e-01
    5.08357763e-01 -1.23593807e-01 -1.99845135e-01 1.21981835e+00
    5.50464094e-01 9.13028121e-02 1.36961269e+00 1.29529238e+00
    6.70778573e-01 2.96186149e-01 1.16219735e+00 6.97331727e-01
    -3.58517766e-02 1.47736061e+00 8.04636478e-01 8.08377922e-01
    -3.80169988e-01 1.74743283e+00 -7.54619241e-01 -1.68674886e-01
    8.37453783e-01 4.44744885e-01 -5.10029674e-01 1.35340393e+00
    1.70436001e+00 -1.82727456e-01 1.35445261e+00 -9.72483754e-02
    6.05529785e-01 -8.38940680e-01 1.78449297e+00 -1.74860001e-01
    -8.35702479e-01 -2.91253567e-01 9.21628952e-01 7.46708512e-02
    8.62195790e-01 -1.82459354e-02 9.36355650e-01 -4.78055865e-01
    -5.02452612e-01 1.28865409e+00 1.08803749e+00 6.90434575e-02
    8.38577151e-02 1.54861808e+00 1.81291699e-02 1.44425356e+00
    -5.92707992e-02 -8.23875308e-01 4.17982757e-01 -8.28233004e-01
    6.58080459e-01 -3.26675415e-01 3.59825552e-01 1.73051310e+00
    -3.20677161e-02 -5.58680177e-01 1.54474425e+00 5.09625375e-01
    -2.59274900e-01 1.21627831e+00 -3.82951289e-01 1.57551229e+00
    -6.97480261e-01 4.71246123e-01 -5.57933569e-01 2.75400281e-01
    9.56310034e-01 -2.89046645e-01 -9.91534591e-02 1.35059655e+00
    3.71687114e-01 9.44237351e-01 1.16160655e+00 -5.57994485e-01
    -3.36489499e-01 -2.32790589e-01 4.45263624e-01 4.15749371e-01
    -1.91081643e-01 -2.03173220e-01 -4.96645063e-01 -3.61355007e-01
    -1.99040949e-01 -1.48760378e-01 -7.06157088e-02 -8.42991531e-01
    -3.87401670e-01 -7.15713739e-01 1.83546543e+00 9.00645852e-01
    -4.32451963e-01 -2.16389656e-01 -7.11779952e-01 1.64941859e+00
    -8.43226790e-01 8.43839705e-01 1.09565818e+00 9.73510802e-01
    1.79463708e+00 -2.15705752e-01 1.47318649e+00 -3.07233155e-01
    -5.13840556e-01 -6.79637849e-01 1.69023681e+00 6.93642199e-01
    1.78262043e+00 7.01650560e-01 8.06361914e-01 3.65665257e-01
    1.21541190e+00 1.12554252e+00 1.86236668e+00 1.02628458e+00
    -7.22631872e-01 1.65938234e+00 7.62533367e-01 3.35568368e-01
    1.32491970e+00 -1.09351873e-01 1.12385607e+00 3.47323179e-01
    -7.93948174e-01 6.28324270e-01 -4.15954411e-01 -6.65626049e-01
    9.38128054e-01 6.00228429e-01 7.33558953e-01 -6.45889640e-01
    -1.77224278e-02 1.82253814e+00 6.93295598e-01 1.34227681e+00
    9.08230066e-01 -9.33040380e-02 1.00014901e+00 7.38094509e-01
    1.73791111e+00 -4.65562999e-01 -3.33166957e-01 3.22216749e-03
    -4.46603239e-01 -8.80439162e-01 1.73815680e+00 3.55810523e-02
    -8.13467264e-01 -6.91256762e-01 -2.72715688e-02 -9.29050088e-01
    -4.29256856e-01 5.55733323e-01 -7.01880872e-01 -8.03568363e-02
    6.01440251e-01 3.80677223e-01 -8.07224512e-01 -6.41022444e-01
    1.42962265e+00 -7.85386086e-01 -6.25214100e-01 -4.92438734e-01
    1.58766198e+00 1.80776131e+00 1.00951719e+00 4.23463821e-01
    8.53956342e-02 1.77806699e+00 4.32166159e-01 7.40102947e-01
    1.33694911e+00 -7.48119891e-01 7.82594085e-02 1.12953949e+00
    1.72715294e+00 2.10216701e-01 1.49107659e+00 -7.40339398e-01
    7.60519385e-01 1.67489028e+00 6.11543953e-01 3.31889689e-01
    6.06243372e-01 1.32705510e+00 -7.41596818e-01 -4.18718964e-01
    3.63744378e-01 1.31479895e+00 -4.29717302e-01 1.56527221e-01
    6.67704523e-01 6.57640696e-01 1.75628781e-01 -4.93963808e-01
    1.53399003e+00 3.81151736e-01 7.12225378e-01 1.18439507e+00
    -8.33186090e-01 1.60539567e-01 -4.32360679e-01 1.81503952e-01
    -3.94661129e-01 1.58464885e+00 2.95118451e-01 -8.13649893e-02
    -5.38300693e-01 1.31267309e-01 1.63972664e+00 -2.76765466e-01
    1.71605158e+00 -7.04329252e-01 -5.76558173e-01 1.82099044e-01
    -2.14661539e-01 7.18420506e-01 1.72335804e+00 9.47555184e-01
    1.34256864e+00 -5.19488096e-01 1.74774277e+00 -5.56795001e-02
    1.23873043e+00 -5.07615209e-02 7.87409425e-01 8.45639229e-01
    1.63533998e+00 -4.73236144e-01 1.32886791e+00 -7.18053281e-01
    5.29898107e-01 1.86169124e+00 -8.62831354e-01 1.73499107e+00
    5.68483055e-01 8.53477001e-01 -4.67079192e-01 2.75464416e-01
    -3.74819875e-01 1.13303471e+00 3.04141045e-01 8.47106695e-01
    4.43313181e-01 7.07768083e-01 1.36449456e-01 1.03111565e-01
    1.12833357e+00 -4.78899479e-03 -7.53859580e-01 1.74522686e+00
    1.60095191e+00 1.81299615e+00 8.23658288e-01 1.34747505e+00
    1.48582196e+00 1.72559261e-01 1.59054947e+00 -1.99832797e-01
    1.73820055e+00 1.66844821e+00 1.87944174e-01 1.63507271e+00
    -8.96484852e-02 1.31601191e+00 1.83748150e+00 -5.44357061e-01
    -1.90734684e-01 1.24452519e+00 4.04376984e-01 1.70410275e+00
    6.61039352e-03 -7.27917731e-01 7.00831413e-03 -1.03393495e-01
    1.58525968e+00 8.16260040e-01 1.15320146e+00 -8.56284976e-01
    -7.38634825e-01 -8.86933804e-02 -3.97826731e-01 9.95846272e-01
    -4.23218429e-01 7.04717577e-01 1.49632728e+00 1.44658732e+00
    1.35057807e+00 1.73517883e+00 1.78342462e-01 6.68996572e-02
    6.51740670e-01 -8.77310574e-01 8.13915491e-01 1.75580740e+00
    -3.40016901e-01 1.74200428e+00 -5.99826694e-01 -2.68591106e-01
    1.48206210e+00 6.96118474e-02 6.47436798e-01 1.02552629e+00
    1.72881603e+00 9.13371146e-01 6.38617396e-01 -7.06118822e-01
    1.57635808e+00 4.22328889e-01 1.84741318e+00 -3.50644648e-01
    2.89136589e-01 1.39911056e-01 -7.61818886e-01 2.42628396e-01
    1.08585310e+00 6.87175214e-01 1.29682207e+00 1.14666188e+00
    -2.27970362e-01 1.31689847e-01 1.38623774e+00 -7.40349889e-02
    9.81239319e-01 -6.07780695e-01 -8.29959989e-01 1.25179434e+00
    5.00205874e-01 1.20936608e+00 1.35307372e-01 -8.59372020e-01
    9.20891523e-01 6.29025340e-01 1.24215007e+00 9.47589099e-01
    1.70120955e+00 9.75151002e-01 1.64876723e+00 -1.20511711e-01
    -1.82791293e-01 1.25470734e+00 4.75526512e-01 1.43976462e+00
    1.56433487e+00 1.53764176e+00 -2.06850708e-01 7.44656205e-01
    -2.71711349e-02 7.51363158e-01 -6.97415531e-01 7.75135875e-01
    -3.99746358e-01 -8.56116652e-01 4.18738127e-01 1.65392625e+00
    1.57238662e+00 -4.87079024e-02 -3.81785989e-01 1.31521583e-01
    1.47443652e+00 1.66846991e+00 1.32027924e+00 1.33346260e+00
    1.14307070e+00 -5.00985742e-01 -1.54873729e-01 -1.93549097e-01
    1.15601075e+00 -7.79720902e-01 -1.50620580e-01 -6.62837148e-01
    1.78702772e+00 -4.83601928e-01 1.22233558e+00 1.29925716e+00
    4.69719768e-01 -4.96778250e-01 7.39929199e-01 7.98332214e-01
    -4.56620812e-01 -3.33557129e-01 1.87075675e+00 3.04667592e-01
    1.68422318e+00 1.51178098e+00 4.08154011e-01 -1.83289587e-01
    -5.49193561e-01 1.26535654e+00 1.23222327e+00 1.39883506e+00
    1.13345194e+00 1.45853329e+00 6.64792359e-01 1.85917449e+00
    -7.20336735e-01 -3.15335989e-02 -8.41549635e-01 1.14853978e-02
    -6.92550242e-01 -4.65300679e-01 9.87926960e-01 1.77975476e+00
    2.66876519e-01 1.73492336e+00 -7.59245634e-01 2.66984105e-02
    2.24528134e-01 5.49903214e-01 1.26656270e+00 -6.95555627e-01
    7.51661122e-01 1.52697468e+00 -8.24770927e-02 1.17049432e+00
    7.97405839e-01 -6.57886088e-01 1.02072299e-01 1.19347215e+00
    5.79329431e-01 8.39607537e-01 1.57630908e+00 -4.96376276e-01
    1.57899451e+00 1.33282900e-01 3.13073456e-01 -8.07766318e-02
    -5.75053811e-01 9.44210172e-01 -1.70387924e-01 1.58806634e+00
    2.61114836e-02 1.41616285e+00 -1.07068956e-01 1.82947218e+00
    1.32565439e+00 3.88820767e-02 4.29646730e-01 2.23885655e-01
    -1.52684391e-01 1.66806483e+00 -2.54955888e-02 8.15488935e-01
    1.60138547e-01 8.09618533e-01 1.29674029e+00 -7.32802927e-01
    1.22678900e+00 9.54949856e-01 -4.34993714e-01 -8.75460982e-01
    -3.25814486e-02 7.18905568e-01 1.78036022e+00 7.39184439e-01
    1.57066655e+00 8.18980098e-01 1.52495575e+00 7.36380816e-02
    -3.89248073e-01 8.01900089e-01 4.18306112e-01 -6.00934267e-01
    -8.14520359e-01 1.55595064e+00 6.64711297e-01 -6.14393353e-01
    5.77003002e-01 1.21833360e+00 9.98866498e-01 1.31925786e+00
    1.52965415e+00 -4.66180712e-01 1.46102238e+00 6.25021458e-02
    9.09392893e-01 6.83850646e-01 -4.49548841e-01 1.32842422e+00
    1.13713956e+00 -1.21465921e-01 9.18095171e-01 -3.64709020e-01
    1.46306908e+00 -5.51380038e-01 1.53225684e+00 1.75025988e+00
    1.58630991e+00 1.49011159e+00 1.76619494e+00 8.11853230e-01
    1.43660140e+00 -5.86431921e-01 -8.11157644e-01 8.73335898e-01
    1.11113548e-01 -1.14992678e-01 9.65607762e-02 1.60747087e+00
    9.34292138e-01 -2.10836291e-01 8.95552635e-02 -3.68128747e-01
    1.11512542e+00 -6.33939564e-01 1.08630884e+00 -2.47038960e-01
    1.62343299e+00 1.41311622e+00 4.04795945e-01 -4.44558650e-01
    1.78879762e+00 1.34944153e+00 -5.54433644e-01 -6.30609810e-01
    -4.16036487e-01 1.33061934e+00 -7.07353532e-01 9.37955916e-01
    -2.82945335e-01 1.83897567e+00 8.67541313e-01 1.26005268e+00
    1.25951409e+00 1.00629938e+00 1.70598197e+00 -9.98966694e-02
    5.44259667e-01 1.20444560e+00 7.10322142e-01 8.83036315e-01
    3.42600107e-01 -2.71626472e-01 1.58597231e+00 7.57559001e-01
    -6.52129054e-02 -3.69623065e-01 3.51635158e-01 -8.39517355e-01
    1.41976833e-01 -7.73351073e-01 -5.19145727e-01 -6.05978012e-01
    3.41529250e-01 3.53103518e-01 1.46469831e-01 1.59171367e+00
    1.25308371e+00 1.67404652e+00 7.46406794e-01 1.29423475e+00
    1.58405721e-01 1.31704116e+00 1.23096669e+00 3.04442525e-01
    1.11288285e+00 -5.84253192e-01 1.45666695e+00 1.13503814e+00
    -3.27728510e-01 8.83875549e-01 -2.12480426e-02 1.30598259e+00
    1.54547811e+00 -7.82293320e-01 1.40172315e+00 1.65438128e+00
    1.39837193e+00 -7.51550794e-02 1.15529466e+00 -2.91997671e-01
    1.82802022e-01 6.64790809e-01 3.19635570e-01 4.36186194e-02
    -6.68597758e-01 1.53673887e+00 1.58056664e+00 1.62145495e+00
    1.14906001e+00 1.43830013e+00 6.51925445e-01 6.97231889e-01
    1.60522938e+00 -7.99717903e-01 1.28679872e+00 3.67090285e-01
    5.80080926e-01 7.11965144e-01 -4.54453260e-01 4.06171083e-01
    6.12834156e-01 1.26390958e+00 1.25976157e+00 9.40878153e-01
    6.71597123e-02 2.67816246e-01 1.20802343e+00 1.73879015e+00
    1.53439164e+00 7.65755951e-01 5.06674469e-01 8.69233906e-01
    9.99711156e-02 -7.70942867e-01 9.26940382e-01 1.06164265e+00
    -6.77597880e-01 3.63079607e-01 1.10528135e+00 5.51016748e-01
    1.32011151e+00 3.44099998e-02 4.95954037e-01 1.25986624e+00
    1.83813596e+00 9.45233345e-01 1.23673117e+00 2.60908127e-01
    -7.73165464e-01 2.66216755e-01 6.44875467e-01 1.40484273e-01
    1.07844806e+00 1.66372752e+00 4.66831684e-01 5.63518763e-01
    3.43828201e-01 1.47305632e+00 -2.89694667e-02 7.40264118e-01
    1.66508889e+00 9.71865654e-02 7.34102547e-01 1.19581676e+00
    1.11440814e+00 9.35877383e-01 1.68012404e+00 -8.31056058e-01
    7.56024003e-01 2.36810684e-01 1.43356502e+00 8.46042275e-01
    6.84468448e-01 -4.89079267e-01 -7.55808473e-01 1.04181767e-02
    7.22691655e-01 4.64970648e-01 7.73059428e-01 5.18529356e-01
    6.07981026e-01 6.38313353e-01 -5.51017284e-01 1.22023082e+00
    -3.52845669e-01 5.62078178e-01 7.24449456e-01 1.75062394e+00
    1.31369531e+00 1.54925251e+00 4.87000346e-01 -4.38812971e-01
    1.76376104e-01 3.82610142e-01 1.56137991e+00 9.01925564e-01
    1.30292821e+00 1.50450015e+00 6.73815668e-01 9.94840860e-02
    1.13089240e+00 -1.12117767e-01 6.60503864e-01 -1.20039761e-01
    1.46256471e+00 1.62851393e-01 -3.41603845e-01 2.43142843e-02
    1.47948694e+00 7.81878412e-01 -3.36833715e-01 -6.70766234e-02
    1.55645931e+00 3.26442957e-01 -5.59604406e-01 -7.97869384e-01
    8.22300136e-01 9.58604634e-01 -4.19753492e-01 1.79450130e+00
    -4.52973038e-01 6.67105556e-01 1.31566560e+00 -7.30336308e-01
    5.54376602e-01 8.35483313e-01 -5.33179045e-02 -6.61654472e-01
    9.31128740e-01 1.46598375e+00 5.13772964e-01 -5.97922385e-01
    -7.95612335e-02 9.40116286e-01 2.30001748e-01 2.89525867e-01
    1.19143641e+00 1.00285673e+00 -3.04755330e-01 1.10653234e+00
    -8.51835072e-01 1.64699221e+00 -1.72687531e-01 1.13994360e+00
    -7.85257697e-01 -1.56333923e-01 -4.11142647e-01 9.77495909e-02
    1.04248393e+00 1.36991429e+00 9.04353261e-01 -5.92353344e-02
    8.20032358e-01 7.76592910e-01 -1.04972601e-01 -5.38100958e-01
    7.25070775e-01 -1.99817419e-01 4.87273932e-03 3.49264503e-01
    -7.46618629e-01 1.19765377e+00 -8.24333668e-01 -1.91658318e-01
    -7.09919691e-01 -2.23975956e-01 1.31109619e+00 -4.76081133e-01
    -3.29196453e-02 2.42600024e-01 -5.05581498e-01 5.74886143e-01
    8.41480792e-01 6.06473148e-01 4.26161110e-01 3.79060268e-01
    -5.82093000e-01 1.48022568e+00 1.52148342e+00 1.86349976e+00
    1.80258262e+00 -8.85775685e-02 -4.54339832e-01 3.31996202e-01
    1.33942771e+00 1.43403006e+00 -3.09254944e-01 1.01098883e+00
    7.93584585e-02 1.56898499e+00 1.38175845e-01 -7.01901913e-02
    1.69542384e+00 -2.11102068e-01 1.70209408e+00 7.59983838e-01
    1.42083764e+00 1.81987119e+00 -8.78672540e-01 9.23840702e-01
    2.43314505e-02 3.26067924e-01 1.09745800e-01 -5.85677922e-01
    3.54098737e-01 -8.01127255e-01 1.46181405e+00 9.64292467e-01
    -9.96550322e-02 2.38651276e-01 8.35767925e-01 -6.50599062e-01
    1.80040443e+00 -2.65460610e-01 -5.10808289e-01 5.01774967e-01
    4.46522534e-01 1.74631333e+00 3.75437319e-01 1.35141087e+00
    1.26802444e+00 -2.99511850e-01 -5.18916011e-01 8.03631544e-02
    -7.79375613e-01 1.87564135e-01 1.67015696e+00 -7.81866193e-01
    6.46059573e-01 4.86609578e-01 1.36508608e+00 3.47855508e-01
    7.86204278e-01 -2.33954549e-01 5.45833051e-01 -6.31494045e-01
    -7.45939136e-01 1.31461871e+00 -8.08857739e-01 1.44102621e+00
    1.53054357e+00 7.00694382e-01 4.67410207e-01 -4.94342059e-01
    -7.38309264e-01 1.06833386e+00 4.36586797e-01 9.50449467e-01
    9.96116281e-01 1.44518363e+00 1.55243683e+00 1.83718801e+00
    1.19856393e+00 9.95863736e-01 3.85001183e-01 -7.94251442e-01
    2.85928786e-01 6.80244207e-01 8.80980372e-01 1.32403183e+00
    6.09409750e-01 4.63130772e-01 1.64103842e+00 1.01061726e+00
    -7.79443622e-01 1.10982883e+00 8.58619988e-01 -2.92291522e-01
    -1.32729888e-01 1.63433886e+00 -2.88107514e-01 1.12903857e+00
    -7.67169416e-01 -5.95443368e-01 7.56839991e-01 -5.32447696e-01
    1.61301637e+00 -5.97912550e-01 1.77501059e+00 -1.83212340e-01
    -6.85352445e-01 -3.99845123e-01 1.14965999e+00 1.14455926e+00
    1.73555708e+00 8.05658638e-01 9.44107711e-01 1.39749360e+00
    6.47247016e-01 -4.87707973e-01 1.14276600e+00 9.78551328e-01
    1.34081292e+00 4.13203418e-01 1.48818588e+00 -2.19671786e-01
    -3.13482702e-01 -5.13120174e-01 1.66124368e+00 4.34718013e-01
    1.65098691e+00 -6.13858581e-01 1.85189962e+00 1.53482556e+00
    -2.74994969e-02 -5.20058513e-01 1.10920489e-01 -5.25875270e-01
    4.02433455e-01 5.36984980e-01 9.88458097e-01 -7.44634271e-01
    5.06513476e-01 1.71195459e+00 1.10464931e+00 1.01683950e+00
    1.14215672e-01 -3.77502799e-01 1.10840440e+00 1.35950756e+00
    -6.99981928e-01 -2.29470730e-02 8.70445490e-01 1.66154265e-01
    1.13110590e+00 -1.88423812e-01 6.28163218e-01 -2.52589881e-01
    1.95570290e-01 1.30759537e-01 3.13147783e-01 7.97618032e-01
    -5.88122606e-01 1.15697789e+00 -4.69913810e-01 7.07230270e-01
    8.03298354e-02 2.48328030e-01 1.48770261e+00 -8.39736104e-01
    -3.85231435e-01 5.60012043e-01 1.05626416e+00 1.61302018e+00
    1.42576671e+00 1.70348358e+00 8.79863739e-01 1.11855650e+00
    3.13723862e-01 1.67026711e+00 2.33636081e-01 -2.81569839e-01
    1.61637330e+00 1.08841002e-01 -3.06295633e-01 4.91128206e-01
    1.65304279e+00 3.40897381e-01 -8.20500612e-01 2.92200565e-01
    1.26868927e+00 1.60733759e+00 -7.74171591e-01 1.31951356e+00
    8.80557120e-01 -5.47727466e-01 1.55474758e+00 1.59429526e+00
    2.99784243e-01 -6.38766289e-02 1.79742455e+00 1.45346546e+00
    1.44055724e-01 1.66081572e+00 2.22110152e-02 -6.21989369e-02
    1.10848641e+00 3.63543034e-01 3.27209890e-01 6.90821171e-01
    1.60376394e+00 1.13771486e+00 1.73614264e-01 1.36863065e+00
    1.00726545e-01 -5.89197278e-02 1.46011519e+00 -5.78163028e-01
    7.67661512e-01 2.48511136e-01 9.88705158e-02 6.72191203e-01
    1.60695815e+00 4.40738857e-01 1.51516306e+00 4.20343876e-02
    8.46408486e-01 6.69424415e-01 -1.96088254e-01 9.73769367e-01
    1.49805355e+00 -7.95550406e-01 -2.03092694e-01 1.04934156e-01
    1.83247721e+00 8.02775025e-01 3.30273509e-02 1.38919151e+00
    2.17791736e-01 3.56866419e-01 -2.62221098e-01 8.76085043e-01
    1.39355922e+00 3.05973053e-01 1.59097850e+00 -2.68723667e-01
    -5.28534293e-01 5.24884522e-01 1.24907768e+00 -2.88977206e-01
    -8.31964254e-01 4.20249164e-01 2.44119763e-02 2.22210407e-01
    1.41201258e-01 7.10294485e-01 1.76773345e+00 7.90437758e-01
    1.57017636e+00 1.21914101e+00 1.45911646e+00 1.61058211e+00
    -4.38417196e-01 4.58237529e-01 -6.36246264e-01 -8.60920608e-01
    9.53202784e-01 -1.58652663e-01 1.01593161e+00 -1.21235847e-02
    8.64837170e-02 1.16438413e+00 -2.96246350e-01 -7.86034107e-01
    1.55761659e-01 2.64437020e-01 6.58099771e-01 2.82436669e-01
    -7.89551318e-01 7.07037866e-01 5.55777907e-01 3.22629333e-01
    -7.46597528e-01 1.45620823e-01 1.80111122e+00 1.32553256e+00
    1.91958964e-01 3.63460600e-01 -4.56999660e-01 1.44875026e+00
    1.27042389e+00 1.09745669e+00 -2.27252841e-02 8.61318111e-02
    -7.59561062e-02 -3.76789808e-01 -5.38772106e-01 -6.38362110e-01
    6.54038668e-01 1.23664689e+00 1.28886127e+00 5.87570429e-01
    1.51646423e+00 1.24477661e+00 4.16862130e-01 3.83605421e-01
    1.54987478e+00 7.26372778e-01 2.19618022e-01 1.02738512e+00
    1.34185779e+00 1.45443273e+00 2.66071796e-01 3.81659865e-02
    -3.38750780e-01 -7.49963999e-01 -8.91243815e-01 1.61247504e+00
    1.20726764e+00 -6.86347365e-01 -1.95605278e-01 -2.24121809e-02
    3.62993896e-01 -8.72290015e-01 7.44271040e-01 5.85319042e-01
    -4.21459615e-01 1.14055908e+00 3.08918178e-01 -7.40989685e-01
    -1.08069718e-01 2.37014651e-01 -7.51881838e-01 7.88875341e-01
    4.05717373e-01 1.72994065e+00 -2.62582004e-01 -3.57973546e-01
    1.40448749e+00 3.16549659e-01 3.01156342e-01 1.07117724e+00
    -3.52464259e-01 3.02361131e-01 1.24578404e+00 7.24425733e-01
    1.80922484e+00 -7.15809941e-01 2.30543554e-01 3.09940696e-01
    -1.14062965e-01 3.92014623e-01 7.07833827e-01 1.02156663e+00
    8.75212193e-01 1.59433818e+00 -2.05757618e-01 1.01331091e+00
    -6.20683670e-01 -7.45403409e-01 1.65230680e+00 1.08813798e+00
    5.13887525e-01 3.36433291e-01 -2.59186327e-01 6.53714120e-01
    -2.94386387e-01 1.60467911e+00 1.34417093e+00 2.12234974e-01
    -1.69338703e-01 8.60631049e-01 1.23761380e+00 1.19648373e+00
    9.42640603e-01 -8.14291298e-01 4.47133958e-01 -3.72003376e-01
    -1.32022500e-02 -1.90441251e-01 1.23446083e+00 -1.21979117e-01
    1.75020635e+00 5.63390255e-01 -3.38944435e-01 8.61053884e-01
    -5.88939488e-01 1.94630921e-01 1.64155722e+00 1.34573603e+00
    -6.92943037e-01 8.29496622e-01 -6.65666819e-01 5.68531632e-01
    -7.81671822e-01 -1.35973155e-01 4.07397211e-01 1.80942059e+00
    2.88225234e-01 1.85437226e+00 4.40369725e-01 1.35549164e+00
    -4.31681812e-01 -8.79782915e-01 7.88027942e-01 1.72846270e+00
    1.10268474e-01 -4.27432626e-01 -1.23410821e-01 -7.97905862e-01
    3.13172400e-01 1.27235329e+00 1.29477286e+00 1.58086658e+00
    -4.20375466e-02 -5.37644625e-01 -4.69497234e-01 8.96777689e-01
    7.17579365e-01 1.49982750e-01 -6.97816014e-01 1.12298799e+00
    -5.98343492e-01 1.68147540e+00 4.84078050e-01 6.46412075e-01
    8.68015051e-01 9.92519617e-01 1.57339883e+00 6.90592229e-01
    8.15228105e-01 1.81986761e+00 1.47822475e+00 6.04641438e-03
    1.25719047e+00 8.53827059e-01 -7.74436355e-01 1.58742452e+00
    1.33224368e+00 -7.14372993e-01 1.14096642e+00 -5.06452203e-01
    -4.47301149e-01 1.85645223e-02 1.46676517e+00 -8.39553297e-01
    1.05983055e+00 1.46608615e+00 3.46329689e-01 -4.26451534e-01
    -4.31057930e-01 -4.88568157e-01 5.21047235e-01 9.46188033e-01
    7.01255918e-01 1.47062945e+00 6.14131033e-01 -8.46328616e-01
    1.75809884e+00 -8.75930190e-02 1.20383263e+00 -2.61032581e-03
    1.04133201e+00 1.77482665e-01 -5.45023322e-01 -1.25981748e-01
    -5.59765875e-01 -3.75811636e-01 3.09223831e-01 -7.39007592e-02
    1.45533133e+00 -8.34228992e-01 1.55460548e+00 7.13787019e-01
    1.29039240e+00 -3.57719779e-01 -2.57285535e-01 3.16712797e-01
    -1.58438444e-01 7.10167468e-01 -5.81493258e-01 1.81702268e+00
    1.69048190e+00 7.81162620e-01 2.73138821e-01 1.21067941e+00
    6.97327971e-01 1.08754277e-01 1.51535523e+00 -7.35852063e-01
    1.02804315e+00 1.71772194e+00 1.67016017e+00 1.19259882e+00
    1.05306137e+00 -2.38143027e-01 1.48638070e+00 1.21396458e+00
    1.25602102e+00 1.30164599e+00 5.87749064e-01 -6.17630839e-01
    1.44173682e-01 4.91873384e-01 3.11684132e-01 -1.78536952e-01
    1.64106965e+00 -3.79785359e-01 1.54786563e+00 1.78676069e+00
    5.16843736e-01 1.06732392e+00 -3.36982489e-01 -5.66920042e-01
    9.45988655e-01 1.24854648e+00 -8.78105283e-01 -1.29244626e-01
    -1.58011913e-04 -3.05752993e-01 1.15826249e+00 1.39300680e+00
    1.61486506e+00 7.38821447e-01 1.88751292e+00 1.20700502e+00
    -5.26522040e-01 1.87658572e+00 -3.02006900e-01 -1.74737751e-01
    5.62108397e-01 -1.62932456e-01 5.64098358e-04 1.73027945e+00
    1.74632812e+00 -7.12157845e-01 1.73198915e+00 9.58860934e-01
    1.51262188e+00 -4.45042253e-02 -8.54048848e-01 1.57919109e-01
    2.86786377e-01 -3.89220119e-01 -3.13593090e-01 1.51918709e+00
    8.67291987e-01 7.37477541e-01 1.60346806e+00 1.46162701e+00
    1.80729747e+00 1.69215202e-02 1.54217434e+00 -6.50679350e-01
    1.84452450e+00 6.26893640e-02 1.24694443e+00 -5.31129241e-02
    1.14346075e+00 -1.28683746e-01 1.45039964e+00 4.04212236e-01
    1.41568422e+00 1.40919709e+00 -1.98130786e-01 -5.93007445e-01
    1.49778771e+00 1.29900742e+00 -5.66962004e-01 1.29753113e+00
    1.57872868e+00 1.73895812e+00 1.57749510e+00 1.67657113e+00
    8.07297707e-01 1.59187317e+00 1.05377126e+00 4.57264066e-01
    5.51086187e-01 7.40451515e-01 4.67949331e-01 -1.05001509e-01
    7.13490844e-02 1.10978127e+00 -1.97516680e-01 1.73029017e+00
    1.21049643e+00 -1.14250422e-01 2.70820379e-01 -1.70641959e-01
    4.65892494e-01 1.41466773e+00 4.21093524e-01 1.66977620e+00
    4.71012890e-01 -4.53160256e-01 1.10562479e+00 -6.99658155e-01
    6.66527331e-01 1.14213228e+00 -4.19832438e-01 -7.73169637e-01
    2.90475130e-01 9.41788375e-01 9.45613742e-01 1.37731588e+00
    1.39443219e-01 -5.71683943e-01 2.28676677e-01 -6.96441770e-01
    1.62525034e+00 -8.76180649e-01 -1.53913319e-01 7.91138411e-03
    -4.37067688e-01 3.68508816e-01 1.51335263e+00 1.77374363e+00
    1.60382712e+00 -5.29834986e-01 3.88643146e-01 9.93964672e-02
    -5.93441308e-01 -2.32017577e-01 7.82819927e-01 -3.30039859e-02
    1.62046206e+00 1.48459435e+00 1.58947420e+00 1.59575176e+00
    -4.13541883e-01 6.98468626e-01 2.36523211e-01 -8.12654674e-01
    1.66013217e+00 1.10104036e+00 1.59713686e-01 1.40332460e+00
    -5.69383502e-01 4.76062059e-01 -7.08306849e-01 6.65383816e-01
    -2.14796185e-01 1.50284231e-01 7.58821249e-01 1.24539602e+00
    1.18945765e+00 -7.92094529e-01 6.51184082e-01 6.30540073e-01
    -8.27386796e-01 9.91225839e-01 -3.94827634e-01 -5.40551424e-01
    1.48963141e+00 1.32378995e-01 1.41413820e+00 1.86907196e+00
    1.69452965e-01 -8.30040753e-01 1.62491035e+00 -6.35260701e-01
    -8.37276220e-01 -3.37945223e-02 1.14745831e+00 4.15907502e-02
    1.29871297e+00 1.29355180e+00 5.48568308e-01 1.56997275e+00
    -1.70144618e-01 -8.51854146e-01 -1.40267968e-01 4.65489388e-01
    7.24635184e-01 3.95306528e-01 -3.45193148e-01 2.51025379e-01
    4.77754712e-01 1.19830251e+00 3.30529332e-01 1.73615038e+00
    1.09991479e+00 1.74309671e-01 1.50507092e+00 -1.09260559e-01
    -3.90738726e-01 -7.19301701e-02 6.91149414e-01 -7.28697002e-01
    1.57728946e+00 1.74611092e+00 1.50157905e+00 1.36551166e+00
    9.49850023e-01 -1.27455235e-01 1.49914408e+00 1.56621337e-02
    -7.67346919e-01 -5.70829511e-01 1.57330132e+00 -5.69029093e-01
    -3.85118604e-01 -7.90765703e-01 -1.00938976e-01 1.56053007e-01
    -2.38307059e-01 -3.80398452e-01 8.21885169e-01 -6.13535404e-01
    1.43869448e+00 5.76295853e-01 -3.60723287e-01 1.65824151e+00
    2.21567273e-01 -7.44307995e-01 -6.44685030e-01 1.10740161e+00
    1.29458117e+00 1.87752223e+00 6.50139809e-01 -2.15310752e-01
    -3.87951136e-02 9.77310896e-01 1.85605907e+00 6.61791563e-02
    5.36761880e-02 6.68949723e-01 1.55479240e+00 1.12154377e+00
    1.12912321e+00 -2.16728091e-01 -5.15905738e-01 1.16516125e+00
    6.19455099e-01 1.48804617e+00 -6.03953481e-01 -6.14724636e-01
    9.78630304e-01 1.09414744e+00 1.41244113e+00 4.06509042e-01
    -7.35063553e-01 1.63509250e-01 8.18345070e-01 -5.69022119e-01
    1.21595502e+00 1.53554845e+00 1.50432777e+00 -1.45576298e-01
    1.71498442e+00 1.41753769e+00 -4.36141491e-02 3.31815302e-01
    8.79462838e-01 7.83450305e-01 5.68664730e-01 -1.09378695e-02
    -5.55696607e-01 -2.32538640e-01 1.43428373e+00 1.19633698e+00
    6.25690937e-01 2.49272466e-01 -7.73553550e-01 9.21195447e-01
    7.85414279e-01 1.05059981e-01 1.54623592e+00 1.19731617e+00
    -3.40777695e-01 -2.80494630e-01 9.07996833e-01 1.55624866e+00
    5.51493704e-01 5.53723574e-01 -2.87530839e-01 1.49087858e+00
    4.99795616e-01 -5.41417241e-01 7.45140254e-01 2.54732907e-01
    5.86531639e-01 -5.02736390e-01 -3.61106634e-01 -4.18892235e-01
    1.78803825e+00 1.29673004e+00 5.58797121e-02 -7.38279521e-01
    3.69611502e-01 -5.49648643e-01 -1.26174510e-01 4.95956242e-01
    1.80057275e+00 2.07796097e-02 -2.28057861e-01 1.45531178e-01
    -4.19757754e-01 -5.55056095e-01 -2.22250998e-01 -2.19474912e-01
    9.24141049e-01 1.58767581e+00 -2.66149223e-01 8.27531695e-01
    1.70151424e+00 -6.95543170e-01 -6.43813014e-01 1.48562622e+00
    1.80384934e-01 1.62195420e+00 -2.18795896e-01 5.51956713e-01
    3.62379968e-01 8.46814036e-01 6.95229888e-01 -5.10805845e-02
    1.64254773e+00 -1.90427244e-01 1.60572422e+00 -6.45104647e-02
    -6.71426296e-01 8.49280894e-01 -5.56676388e-01 1.17608130e+00
    1.73825240e+00 5.95855474e-01 1.45855737e+00 1.76713920e+00
    1.65128279e+00 3.49102676e-01 -6.50841236e-01 7.46192813e-01
    -4.78470325e-02 1.83355427e+00 1.20390892e+00 -1.12346768e-01
    1.44826841e+00 -8.25414002e-01 7.95282841e-01 -3.57347667e-01
    6.74427569e-01 -7.74349868e-01 1.42229283e+00 1.28960609e-02
    -3.39382887e-02 1.24683332e+00 1.00303197e+00 8.96141350e-01
    7.14985490e-01 1.40782845e+00 5.15606463e-01 -8.30107272e-01
    1.32700467e+00 3.38470519e-01 -3.10860813e-01 1.07877254e-01
    1.22942185e+00 -8.39250088e-01 1.55461574e+00 5.51977158e-01
    7.24405885e-01 -8.75498652e-02 1.83313394e+00 7.26237595e-01
    1.27535892e+00 2.11805105e-03 -3.85057926e-03 8.22458506e-01
    1.32783008e+00 1.47425401e+00 8.73818278e-01 -4.74540234e-01
    -7.90087640e-01 1.26283896e+00 -8.67754579e-01 7.81035542e-01
    -5.59557676e-02 -7.70293713e-01 -4.74992931e-01 1.09360969e+00
    -5.89575648e-01 -2.57436275e-01 1.21244907e+00 -7.28531837e-01
    -3.32724571e-01 6.28421068e-01 -7.40741372e-01 1.81150079e+00
    1.10841274e+00 -5.09223342e-01 1.51420605e+00 -5.98539948e-01
    1.75160396e+00 1.25692677e+00 1.40709078e+00 1.67139113e+00
    5.59608996e-01 1.82162285e+00 1.74053693e+00 1.60516262e-01
    -2.08838105e-01 2.89992452e-01 1.39468265e+00 -1.62557721e-01
    -3.56879652e-01 3.93663943e-01 1.70440578e+00 -4.62222338e-01
    4.41534817e-01 1.19952500e+00 1.49523187e+00 1.03176522e+00
    3.44945967e-01 1.25690126e+00 -5.20906389e-01 -6.33911610e-01
    9.48342741e-01 4.69881117e-01 2.22498417e-01 1.15243232e+00
    -6.11083567e-01 1.65317440e+00 -5.23571134e-01 1.61783993e-01
    1.22245312e-01 -7.07767785e-01 1.71844959e-01 1.08430648e+00
    -8.11255038e-01 4.86265957e-01 1.33571243e+00 1.39088154e-01
    5.47926188e-01 5.03082335e-01 -8.06706429e-01 1.27771211e+00
    1.65636182e+00 1.12008905e+00 1.56861973e+00 1.02463150e+00
    1.39519155e+00 8.40301692e-01 1.23047900e+00 -1.96351528e-01
    -5.53554654e-01 9.25547302e-01 1.19264793e+00 1.08777344e+00
    -2.89820194e-01 -8.39403093e-01 1.87432826e+00 1.28801012e+00
    1.26611090e+00 6.12625659e-01 5.18961668e-01 -4.08111334e-01
    4.99744415e-01 6.25918031e-01 2.34569967e-01 5.21801233e-01
    -7.04270899e-01 1.68417811e-01 -5.05239844e-01 1.10837555e+00
    1.82339478e+00 1.10341430e-01 8.33509386e-01 6.58414006e-01
    -8.30516577e-01 1.82478189e-01 9.81360257e-01 1.20340312e+00
    1.87445331e+00 7.15112388e-01 1.76189101e+00 -1.01651847e-01
    8.44993770e-01 -5.97255230e-01 -8.58908534e-01 -1.94981575e-01
    -8.18249106e-01 1.53505182e+00 3.53019476e-01 -8.26133490e-02
    1.50986457e+00 1.16142046e+00 1.81364429e+00 1.09378934e-01
    1.71537781e+00 -5.88556528e-01 9.21429455e-01 1.75860023e+00
    8.71412694e-01 1.33720696e+00 -5.73024154e-02 1.48855877e+00
    1.49362016e+00 -7.19407022e-01 3.33592355e-01 -8.50563347e-01
    1.24269366e-01 1.00340819e+00 7.58573174e-01 1.24707460e+00
    -8.49610567e-01 1.46004319e+00 1.06152105e+00 1.66777146e+00
    3.03067684e-01 -1.90823853e-01 1.63822532e+00 6.46447182e-01
    1.57414770e+00 -1.84005082e-01 -1.84997857e-01 -3.25329363e-01
    -6.66948438e-01 8.86583924e-02 1.10068560e+00 -1.74493790e-02
    1.01323593e+00 -6.09641790e-01 8.20392549e-01 1.28791630e+00
    3.66677940e-01 9.57246065e-01 1.73829174e+00 -4.14934963e-01
    -4.29806679e-01 6.05517626e-02 1.16016293e+00 2.15031743e-01
    -3.41450930e-01 4.67882335e-01 1.48375034e+00 -6.77081764e-01
    4.07330394e-02 1.40225744e+00 1.12384248e+00 -4.68671232e-01
    -7.81766951e-01 7.42139697e-01 1.66493142e+00 -5.39426386e-01
    1.37515700e+00 -5.03026605e-01 -3.24578524e-01 6.19932234e-01
    -6.67563915e-01 1.41301870e+00 1.18105769e+00 1.29575074e-01
    6.16908073e-04 1.71875334e+00 1.32546306e+00 -3.18341434e-01
    1.01527071e+00 1.02044773e+00 1.00161600e+00 1.23524666e+00
    -3.82497132e-01 -9.20473337e-02 -7.72548378e-01 -3.65740359e-01
    2.10842788e-01 -4.98814881e-01 -1.82592273e-02 -2.53462255e-01
    -1.50912881e-01 1.99260592e-01 7.70518959e-01 2.93530166e-01
    -4.02248889e-01 1.70562732e+00 1.57499850e+00 8.85556400e-01
    3.35204005e-02 4.53374982e-01 1.21553266e+00 1.81414247e+00
    -7.48421073e-01 1.79106379e+00 1.62151039e+00 -5.61954677e-01
    1.83738732e+00 9.38076556e-01 4.06297266e-01 1.34437108e+00
    -1.99374139e-01 2.06218719e-01 1.50053060e+00 -2.84407794e-01
    5.92978835e-01 5.99625707e-02 3.47589791e-01 7.13350236e-01
    1.55362320e+00 5.17060339e-01 9.40156281e-01 1.85433340e+00
    -2.22056687e-01 4.27628458e-01 -6.92808628e-02 -2.13076293e-01
    -2.06302404e-02 -8.22116256e-01 -2.53276765e-01 9.11537826e-01
    7.83909321e-01 -6.46602392e-01 -5.56445360e-01 1.17942154e-01
    1.43514252e+00 1.15151560e+00 1.04763258e+00 -9.96339321e-02
    4.28077161e-01 -5.67846656e-01 1.20396698e+00 2.00296700e-01
    1.14537644e+00 3.30349505e-01 3.88683438e-01 1.08331919e+00
    1.39652705e+00 -3.10586452e-01 1.73422766e+00 1.58622098e+00
    1.27552819e+00 1.47557855e-01 -7.41011858e-01 9.47752953e-01
    -7.40842581e-01 1.03353786e+00 -5.58995605e-01 -6.52777731e-01
    1.41216063e+00 4.09085572e-01 1.12650049e+00 7.94109881e-01
    2.96447337e-01 1.62182164e+00 -2.62296677e-01 1.40288115e+00
    1.26285005e+00 -5.35243034e-01 6.29848838e-01 7.60686219e-01
    -5.87301970e-01 -8.56446028e-02 1.68314564e+00 -4.57445383e-02
    -4.61414456e-02 4.87566471e-01 1.27769911e+00 1.25152695e+00
    1.63382959e+00 2.46617496e-01 2.96365023e-01 -5.94201684e-01
    -3.19765389e-01 -5.45237064e-01 8.90301943e-01 1.45082927e+00
    3.28782260e-01 2.84185231e-01 1.47538090e+00 8.26015532e-01
    6.19457543e-01 8.51207972e-02 -3.74915063e-01 -4.45134252e-01
    7.45730460e-01 8.84740949e-02 1.86203575e+00 9.94058073e-01
    1.82279587e-01 9.40891981e-01 -8.30612779e-01 1.05677843e+00
    9.50794458e-01 3.46856713e-02 1.72126198e+00 -2.51724720e-02
    1.41578555e-01 1.24061251e+00 -2.10486591e-01 -1.40570760e-01
    1.41430151e+00 8.68384242e-02 1.23219180e+00 -2.36485302e-01
    3.11376750e-01 -6.10875905e-01 1.37801957e+00 8.70863616e-01
    1.56350994e+00 9.07629132e-01 7.83491790e-01 6.51146472e-01
    1.34562349e+00 -2.99257040e-01 9.30673599e-01 3.83383870e-01
    -7.16910481e-01 -5.83599091e-01 -1.85951412e-01 4.40062940e-01
    -4.83212441e-01 1.25702667e+00 2.82991409e-01 4.30608749e-01
    1.11368358e+00 7.55910993e-01 9.84583437e-01 3.70994508e-01
    1.59233451e+00 8.56890440e-01 8.88056397e-01 1.02675796e+00
    -5.98373234e-01 2.27627099e-01 -1.11905038e-01 -2.85275042e-01
    1.34367347e-02 3.61497223e-01 -4.99011129e-01 1.06375682e+00
    2.23988295e-01 1.53885698e+00 1.73524022e-02 1.80836201e+00
    -2.16695786e-01 -1.28565550e-01 9.77790058e-01 1.67296839e+00
    -2.82117903e-01 8.59903693e-02 1.59702599e-01 1.66903567e+00
    1.41198492e+00 -5.26682317e-01 3.65603328e-01 4.90820408e-02
    -1.35101557e-01 1.35465074e+00 1.63287878e+00 -6.47958219e-01
    1.42594838e+00 5.87966263e-01 -2.45434821e-01 -6.86875820e-01
    4.90353525e-01 1.50514936e+00 -3.57531607e-01 -1.90673947e-01
    1.75438416e+00 5.52082062e-02 -5.57413340e-01 7.22939253e-01
    1.02434206e+00 -1.86959386e-01 -5.16837180e-01 1.18854129e+00
    1.54264665e+00 6.22824311e-01 2.18290329e-01 1.70113897e+00
    1.64550400e+00 1.60429525e+00 1.53995180e+00 1.83625889e+00
    9.24806178e-01 -5.90269983e-01 6.54447675e-01 -7.84556568e-01
    -7.81260669e-01 -2.43474603e-01 2.05906987e-01 6.07079268e-03
    -8.59208763e-01 -5.28508127e-01 4.98924553e-01 1.50839567e+00
    -8.49573791e-01 1.14983475e+00 5.99026918e-01 1.62693286e+00
    -3.45088899e-01 -6.92828834e-01 1.71656477e+00 8.92177284e-01
    3.78054082e-01 9.52810049e-03 -7.62025297e-01 1.69600558e+00
    2.34673500e-01 -2.11253405e-01 4.78690386e-01 6.84711397e-01
    1.58746243e+00 -5.76305687e-01 9.46509063e-01 1.01400471e+00
    1.54206622e+00 -1.84005320e-01 -4.04076338e-01 -1.03733838e-01
    9.06899154e-01 1.68985784e-01 1.40676892e+00 -1.62991285e-01
    1.79944217e+00 1.31800556e+00 -1.14740133e-01 1.22748208e+00
    5.40239811e-02 1.44449842e+00 1.09665608e+00 9.63469863e-01
    -4.44970667e-01 8.20653439e-01 1.50231862e+00 7.01099336e-01
    -4.46181625e-01 8.72538686e-01 1.34874642e+00 1.53086376e+00
    7.65836835e-01 5.21445096e-01 1.53451276e+00 9.61631536e-02
    -7.18223453e-02 -2.58935511e-01 1.58512211e+00 7.71949947e-01
    5.87129653e-01 -1.35625005e-01 6.85540438e-01 5.11018276e-01
    1.08457673e+00 1.42586040e+00 -1.36862576e-01 -5.22317410e-01
    1.60271978e+00 -4.83902603e-01 -8.29296112e-02 6.57891214e-01
    -8.59542489e-01 1.12417424e+00 -2.59991586e-01 -6.92610919e-01
    1.69969201e-02 3.06212664e-01 3.71969700e-01 8.74978542e-01
    1.08968198e+00 -7.61646867e-01 7.73103476e-01 1.46764660e+00
    1.04473794e+00 1.61053276e+00 1.69938731e+00 1.65434539e+00
    1.62037134e-01 4.09225762e-01 1.56836534e+00 -6.73262537e-01
    -2.85362422e-01 -5.45878887e-01 -2.84931064e-01 5.15587091e-01
    9.40017343e-01 1.65105593e+00 -6.85876667e-01 1.40087903e+00
    -5.65558970e-01 5.52083671e-01 -8.62813175e-01 9.30733085e-02
    3.43999743e-01 8.09824765e-01 1.82099664e+00 1.51142430e+00
    -4.12394971e-01 -6.22557759e-01 1.32800579e+00 1.00366712e+00
    7.33430147e-01 6.36548400e-02 1.53633404e+00 -7.19924569e-01
    1.15107632e+00 1.18675351e+00 -1.33016884e-01 -4.83147055e-01
    1.24642992e+00 1.83306372e+00 1.01347268e+00 -4.38960254e-01
    2.65295744e-01 1.03532517e+00 1.25204325e-02 1.24054551e+00
    -5.94239831e-01 1.72685051e+00 1.52757418e+00 1.00623810e+00
    2.60997891e-01 1.41700363e+00 6.72609806e-02 3.64250600e-01
    6.78513944e-01 7.79886842e-02 2.59262085e-01 -2.36989856e-02
    -2.05191076e-01 -2.97418296e-01 7.49424517e-01 1.84034789e+00
    7.35155582e-01 -5.63768148e-02 4.57583845e-01 1.29001927e+00
    1.23394656e+00 6.19219184e-01 1.50525022e+00 1.61579895e+00
    1.16633022e+00 1.38062060e+00 -4.34620678e-01 7.18923151e-01
    6.99683309e-01 -2.51875043e-01 1.60094488e+00 6.21178150e-01
    6.12253189e-01 5.83812952e-01 -5.28848529e-01 1.88966465e+00
    1.68265402e+00 6.76718354e-01 1.30803907e+00 -3.06495726e-01
    7.03841209e-01 -6.35589480e-01 1.05604148e+00 5.21520972e-02
    5.44714332e-01 1.07707191e+00 1.67571926e+00 -6.37125492e-01
    7.19291925e-01 -7.06135690e-01 5.08487105e-01 1.76848233e+00
    -6.48624301e-02 1.15610743e+00 1.53836775e+00 1.11891091e+00
    1.45403028e+00 4.85756516e-01 -4.98656660e-01 -4.36744273e-01
    9.00452197e-01 9.48072851e-01 1.40823829e+00 1.07022214e+00
    3.84715617e-01 -6.55985832e-01 -5.67825377e-01 5.60695708e-01
    3.18467438e-01 5.04888475e-01 1.64385295e+00 -3.36418152e-02
    -8.65450621e-01 -6.17045164e-01 -5.92924833e-01 6.85158312e-01
    1.32034612e+00 8.18360150e-01 -7.84757078e-01 1.52498424e-01
    1.47566545e+00 2.60859787e-01 -6.96423650e-01 2.88857281e-01
    -3.42492461e-01 1.37220776e+00 7.91033924e-01 -3.66473854e-01
    4.46027279e-01 -6.51484430e-01 1.53996301e+00 3.39417160e-01
    1.28447580e+00 1.55933821e+00 1.30132437e+00 -2.45209694e-01
    -5.22051692e-01 4.64903712e-01 3.44853163e-01 9.82562125e-01
    6.28032744e-01 3.65326822e-01 -2.67993629e-01 3.09605598e-02
    8.52075279e-01 -4.63829637e-01 -4.06543225e-01 7.59977102e-03
    -8.09406042e-01 1.77300858e+00 -3.49711776e-02 1.24186337e-01
    3.66242528e-02 1.84398770e-01 7.46330678e-01 2.16553688e-01
    -4.08544719e-01 6.39473796e-02 1.63337946e+00 8.39045882e-01
    1.38994718e+00 -7.58954167e-01 2.59088278e-01 8.32410455e-02
    1.64203107e-01 1.65688324e+00 3.26399207e-01 1.46756673e+00
    -1.47038102e-01 8.72242987e-01 -3.40366960e-02 3.50050807e-01
    1.06857681e+00 4.76331472e-01 1.82508326e+00 1.80642462e+00
    2.32848644e-01 7.52916694e-01 -2.98329353e-01 -4.18341249e-01
    1.26513660e+00 7.03253865e-01 8.02555263e-01 7.69878983e-01
    1.51944852e+00 1.63542628e-02 1.51115966e+00 -7.27714658e-01
    1.80805814e+00 2.20239162e-02 2.50064731e-02 4.00697589e-02
    -4.48840559e-01 1.85392416e+00 1.41692615e+00 -5.68253219e-01
    -6.89561486e-01 2.46013403e-02 2.91741252e-01 9.57553387e-01
    -7.21699774e-01 -4.31184888e-01 1.05734861e+00 1.18926954e+00
    -3.05478632e-01 -1.76285326e-01 1.58606446e+00 1.41625094e+00
    -8.21032822e-01 -1.50587082e-01 -9.12131071e-02 1.53948832e+00
    4.85378861e-01 -7.57900357e-01 -4.41923708e-01 1.70087469e+00
    9.35734928e-01 -1.02165401e-01 5.64408898e-02 1.49740219e+00
    -7.40131199e-01 5.31669855e-01 1.62534022e+00 5.53617895e-01
    1.36747646e+00 -3.65759850e-01 1.20086896e+00 7.39340663e-01
    2.97090173e-01 -2.24529564e-01 -2.83809423e-01 9.26067889e-01
    9.81522501e-01 1.54272199e-01 1.96609914e-01 -8.11634779e-01
    8.78150940e-01 1.55741537e+00 5.60579896e-02 1.27689743e+00
    -2.15204835e-01 -4.79246974e-02 -4.59225953e-01 -8.34741235e-01
    -3.56358528e-01 -2.08418369e-02 1.12528133e+00 -1.02025151e-01
    1.31090236e+00 -7.28711307e-01 -3.39220226e-01 -3.76188815e-01
    4.25577164e-01 1.58937383e+00 1.40529215e+00 4.07571197e-01
    -6.16809309e-01 -8.85496736e-02 -6.94131494e-01 1.58587921e+00
    1.08607399e+00 -5.53368211e-01 1.62252021e+00 -2.06083953e-01
    9.54215348e-01 -5.09075284e-01 1.11001086e+00 1.28522575e+00
    -5.65178990e-01 6.92673087e-01 3.45327675e-01 1.69676971e+00
    5.98314822e-01 -8.85404646e-01 -1.94537044e-02 1.00495636e-01
    1.53441858e+00 1.49215174e+00 6.39654934e-01 3.86700690e-01
    1.23348939e+00 1.68824410e+00 1.69717157e+00 9.98226464e-01
    -7.31850624e-01 -3.54913771e-01 9.25309002e-01 2.50465214e-01
    1.87786698e-01 1.52981853e+00 1.54424846e+00 1.93212867e-01
    8.67386043e-01 1.80048299e+00 -6.90000296e-01 -5.50055802e-01
    1.27270639e+00 -1.03279531e-01 1.47980952e+00 8.30248058e-01
    -3.43716174e-01 7.63991416e-01 1.59786892e+00 7.73235261e-01
    -6.80083454e-01 -2.15471447e-01 1.29723763e+00 4.62124884e-01
    -2.86741555e-01 1.35220087e+00 3.16792250e-01 7.98092484e-01
    1.32909465e+00 -8.18692207e-01 -3.47906888e-01 -9.86337662e-03
    1.69819188e+00 -2.05122232e-01 1.55932045e+00 -6.80028677e-01
    2.35561669e-01 8.23913395e-01 1.03145790e+00 -8.11650455e-01
    -8.25562418e-01 -7.40932107e-01 1.78786898e+00 2.30713904e-01
    1.68770683e+00 1.78871751e-02 -7.32398510e-01 7.55392313e-02
    1.77798307e+00 7.14913428e-01 1.50356555e+00 -4.47117567e-01
    -1.06973350e-01 -7.13787794e-01 -1.98631287e-02 -1.18203402e-01
    -8.45798850e-02 1.04981923e+00 5.95130444e-01 -6.10757947e-01
    1.24450719e+00 1.08597493e+00 1.37290823e+00 1.68008959e+00
    -4.74840939e-01 1.67747819e+00 1.26413584e+00 -7.42276967e-01
    -1.85579956e-01 5.62830746e-01 8.82938027e-01 1.71940923e-01
    2.23655641e-01 4.85659838e-02 2.39729881e-04 -6.33817911e-01
    9.46940303e-01 7.29686201e-01 9.65943396e-01 1.72399461e+00
    1.12424088e+00 -1.20640993e-02 8.66727948e-01 -1.86382592e-01
    1.74242496e-01 1.11665797e+00 6.44702673e-01 1.16725528e+00
    1.23398530e+00 3.08656275e-01 -8.54111254e-01 -3.35343003e-01
    9.68253493e-01 1.29100561e+00 -6.53858662e-01 1.19178069e+00
    4.27306712e-01 7.37823248e-02 6.55210257e-01 9.91389334e-01
    -4.23444062e-01 8.74539912e-01 1.55502176e+00 2.31615722e-01
    1.44027460e+00 1.22365522e+00 1.53820407e+00 6.89552188e-01
    4.58965302e-01 -8.69977534e-01 4.66760933e-01 1.41636240e+00
    1.53097844e+00 -3.84839416e-01 1.70891047e+00 1.60051513e+00
    5.46444058e-02 -9.76359844e-03 -5.11823416e-01 3.18249881e-01
    -6.17060184e-01 -5.71900189e-01 1.65699053e+00 1.31754863e+00
    -3.93369615e-01 -3.09695601e-02 7.47052550e-01 -7.14307129e-01
    -2.33947694e-01 1.44887698e+00 6.92885637e-01 1.21312475e+00
    7.19351649e-01 -4.19142157e-01 -7.89422989e-02 8.03341866e-01
    6.87468529e-01 1.52723312e+00 -4.95446920e-02 1.79037714e+00
    3.01902533e-01 -2.00977564e-01 1.31346989e+00 9.11113262e-01
    4.90257323e-01 4.31666255e-01 -3.31104040e-01 7.83177435e-01
    -4.96414155e-01 -6.78969502e-01 -1.06242120e-01 -1.15374923e-02
    7.80867279e-01 1.46568227e+00 8.07055295e-01 -4.47527140e-01
    -6.22472703e-01 6.40229583e-01 -4.40106541e-01 1.83257091e+00
    -4.54447269e-02 5.89848936e-01 -6.48286283e-01 2.89044738e-01
    1.38491797e+00 1.74668014e+00 -2.95425296e-01 1.70274282e+00
    9.10365522e-01 -6.71456516e-01 6.94549859e-01 -3.08248043e-01
    1.31456542e+00 -9.63761806e-02 1.53300691e+00 1.19217229e+00
    1.64987481e+00 2.03963637e-01 -2.64410019e-01 1.08703256e-01
    1.39861548e+00 1.34178829e+00 7.15201616e-01 1.41392612e+00
    4.18778181e-01 6.65067136e-01 8.67436767e-01 -7.73009062e-02
    5.69973886e-01 -3.80553782e-01 -4.36765850e-01 1.77961278e+00
    1.51400375e+00 -6.19471371e-01 4.16282833e-01 9.73629892e-01
    9.62051749e-02 7.51764953e-01 1.68579841e+00 9.33123529e-01
    4.53361630e-01 9.91286039e-01 1.11717725e+00 9.34045911e-01
    9.47346330e-01 1.45542359e+00 1.51195478e+00 1.41347742e+00
    1.45613766e+00 -5.62332869e-02 8.64711344e-01 9.46511388e-01
    1.34529567e+00 -5.31307817e-01 9.57664967e-01 5.83327413e-02
    1.45812774e+00 -6.00650668e-01 1.63298202e+00 8.69286656e-02
    5.81848323e-01 1.34735012e+00 2.94105709e-01 -6.43225133e-01
    7.44382560e-01 -1.41543627e-01 1.40632164e+00 1.24549317e+00
    1.30938959e+00 8.06250870e-01 -3.76518846e-01 -5.67246318e-01
    1.81101823e+00 5.79149783e-01 -5.93410790e-01 -7.63367653e-01
    -8.46552849e-01 2.19463289e-01 1.59695959e+00 -5.70528507e-02
    1.49819994e+00 5.96396744e-01 5.22189736e-02 -3.49407136e-01
    -5.72316647e-01 1.04524386e+00 9.80387807e-01 2.56701708e-01
    1.67047083e-01 1.49361753e+00 1.52172995e+00 1.55617511e+00
    1.09029722e+00 3.27267647e-02 1.11041713e+00 1.39139783e+00
    1.39592385e+00 1.20113111e+00 -3.51471186e-01 9.46387768e-01
    5.12718141e-01 3.68133187e-02 6.39050901e-01 -3.47368896e-01
    -3.56410861e-01 1.61673427e-02 2.50652611e-01 1.71245134e+00
    1.40818584e+00 1.25438619e+00 4.80168998e-01 5.12889564e-01
    -8.37002277e-01 2.88830221e-01 1.18104029e+00 3.99369240e-01
    -6.61848247e-01 3.72152269e-01 -3.78073454e-02 1.29910803e+00
    -6.17578030e-01 1.47934246e+00 1.24512243e+00 1.50282836e+00
    5.40675640e-01 1.73330450e+00 1.68168974e+00 5.49643934e-01
    3.46860886e-02 1.26017642e+00 8.24585676e-01 1.31801486e+00
    -2.86250889e-01 9.01085436e-01 1.15422547e+00 1.55600786e+00
    1.77208686e+00 1.16447353e+00 5.05239546e-01 -4.17385101e-02
    3.51211727e-01 4.56034780e-01 4.17477489e-01 -3.65070850e-01
    -8.24021578e-01 -2.70593941e-01 -1.79307044e-01 1.40859616e+00
    1.57963884e+00 -3.73020828e-01 -1.20028615e-01 1.59455585e+00
    -2.58751273e-01 1.27389312e+00 5.59851825e-01 -2.40418434e-01
    -1.62875175e-01 9.71007109e-01 9.28935707e-01 4.74369705e-01
    1.53418779e-02 4.74962771e-01 1.32024217e+00 -7.50645816e-01
    7.30050206e-01 -3.45192492e-01 1.70959926e+00 -7.27058828e-01
    9.84763086e-01 -5.16918659e-01 4.14734602e-01 1.28646898e+00
    9.92110372e-02 1.43031025e+00 4.50134039e-01 -4.77500230e-01
    1.59229779e+00 1.16278100e+00 5.42657018e-01 5.47576427e-01
    1.32488072e-01 7.98115849e-01 1.35997403e+00 1.62311101e+00
    -5.02244830e-02 -2.71615982e-01 -3.91064823e-01 1.38863063e+00
    -4.94905710e-02 6.12278640e-01 1.54778266e+00 1.03409648e+00
    1.46807826e+00 -3.80853027e-01 6.04653955e-02 -2.13106811e-01
    5.83315492e-01 2.04633594e-01 7.57096469e-01 -2.24283040e-01
    7.85015106e-01 3.36578429e-01 1.08293951e+00 4.61405218e-01
    -5.99993825e-01 -1.05346620e-01 7.34931946e-01 -6.33497477e-01
    -3.99048179e-01 1.55441368e+00 8.87724459e-01 -4.97807235e-01
    3.07927251e-01 1.32008123e+00 1.16492605e+00 -7.28774905e-01
    -5.37861288e-01 4.13846970e-01 -5.34940481e-01 -1.80759728e-01
    -1.83841169e-01 -4.51542974e-01 1.64375186e+00 2.76056707e-01
    1.40105581e+00 -2.58377612e-01 8.33538771e-02 7.27228701e-01
    -6.79739714e-02 2.51201868e-01 3.55125904e-01 6.00659072e-01
    2.23789573e-01 7.93547511e-01 -4.11286086e-01 1.20949531e+00
    1.31610942e+00 3.77103031e-01 -7.24003971e-01 1.37213171e+00
    1.84076047e+00 1.34417796e+00 -2.66375899e-01 1.54359746e+00
    3.76134992e-01 -2.69323289e-01 1.23388004e+00 1.35443449e+00
    -8.44796658e-01 1.75778496e+00 -8.26496124e-01 5.08065164e-01
    1.06305718e-01 1.59664464e+00 1.38931561e+00 -4.87406343e-01
    1.79403722e+00 1.06874657e+00 -3.80541533e-01 6.83203340e-01
    8.28600228e-01 5.45613647e-01 1.36836672e+00 -6.64319277e-01
    6.56731725e-02 -1.39040887e-01 6.66745961e-01 -7.10463524e-01
    1.42063618e+00 2.15371907e-01 7.10973561e-01 -9.98128653e-02
    -4.75137472e-01 9.32006836e-02 1.48109245e+00 9.09269750e-01
    2.54215777e-01 6.79352880e-01 1.50552309e+00 1.12458491e+00
    1.12435162e-01 9.51544404e-01 1.05669439e-01 -8.44152629e-01
    -2.56625593e-01 7.71520734e-02 -1.05148554e-02 8.11191022e-01
    -7.77907372e-01 -7.19107866e-01 -6.58532739e-01 1.08677888e+00
    3.67488027e-01 1.52240968e+00 7.52756596e-02 1.69024539e+00
    -5.15083790e-01 -3.60212624e-01 -2.31038630e-01 4.52957273e-01
    1.70425701e+00 1.44580078e+00 5.44263959e-01 -6.54333949e-01
    1.81590343e+00 -3.31100285e-01 1.29409111e+00 4.85407174e-01
    1.80782437e+00 -8.00358474e-01 1.63671422e+00 4.56375837e-01
    -7.50817180e-01 -7.12713122e-01 7.59791613e-01 6.41070008e-01
    6.85563922e-01 2.93053150e-01 1.19625044e+00 9.24596071e-01
    6.76109612e-01 6.80577457e-01 1.49964905e+00 1.48346829e+00
    -1.49849236e-01 1.40867817e+00 1.63678122e+00 1.68864250e+00
    3.65152776e-01 9.78640556e-01 -2.38047481e-01 1.77601910e+00
    -4.09847856e-01 -6.67371869e-01 1.19534564e+00 9.51176703e-01
    2.66824543e-01 3.17043364e-01 4.92031991e-01 -2.78422892e-01
    1.76061559e+00 3.32105696e-01 4.18465257e-01 8.92853796e-01
    1.62204051e+00 -6.15205884e-01 -7.78401494e-01 1.02847958e+00
    2.45724261e-01 -5.84836483e-01 9.72082317e-01 -6.94831371e-01
    1.77156138e+00 3.64157379e-01 -3.49126190e-01 -1.99992359e-01
    8.82311285e-01 6.00902140e-01 9.08281386e-01 5.71683645e-02
    1.59323561e+00 -7.76644945e-02 6.43117309e-01 -1.22381330e-01
    3.19593608e-01 -8.65714610e-01 1.44216418e-02 2.61981130e-01
    -8.99556875e-02 2.36079156e-01 1.66652417e+00 -5.56810021e-01
    -1.34874821e-01 1.07054234e+00 -4.29284215e-01 6.91205800e-01
    1.85448289e-01 -8.11427355e-01 1.60111439e+00 6.33086205e-01
    2.27959931e-01 1.60369086e+00 5.60530424e-01 1.17165041e+00
    1.84054410e+00 7.12799907e-01 6.95625484e-01 -2.17588544e-01
    1.11936450e+00 -1.85610771e-01 2.48245120e-01 -7.87660062e-01
    3.57778251e-01 1.37976336e+00 -8.99119377e-02 -5.08044243e-01
    -2.83239305e-01 8.97116244e-01 7.64583349e-01 -6.50338769e-01
    7.84696579e-01 -6.19623899e-01 -1.22399807e-01 8.38519871e-01
    1.62643385e+00 1.10078549e+00 -5.70741296e-01 8.85317624e-01
    1.02073693e+00 1.13959956e+00 -6.53136134e-01 8.41894209e-01
    1.65041387e+00 1.22586489e+00 2.66812742e-01 -2.36872435e-02
    1.10951591e+00 5.44019461e-01 -1.17708385e-01 1.35460138e+00
    -2.18780756e-01 -4.16669250e-02 1.71811342e+00 1.51375520e+00
    1.48536873e+00 -5.07266819e-01 -5.00240445e-01 5.41458905e-01
    5.24869263e-01 4.44334745e-02 -3.95060897e-01 -7.44430900e-01
    1.37114584e+00 1.09211242e+00 -4.26352024e-04 -1.64478302e-01
    -1.90514326e-02 -7.95001507e-01 7.96429276e-01 1.21389031e+00
    1.44219494e+00 2.44278133e-01 -2.09327340e-01 8.22237492e-01
    1.44422436e+00 3.79058480e-01 -1.08361244e-03 -5.98848164e-01
    -7.57832646e-01 1.39067185e+00 4.66496527e-01 4.28080201e-01
    4.98239994e-01 1.38672197e+00 1.63588953e+00 1.48762798e+00
    4.03188169e-01 8.68722439e-01 4.44479346e-01 1.80628574e+00
    2.31726170e-02 2.65362263e-02 1.32089424e+00 3.66176665e-01
    1.07826591e+00 1.82299089e+00 1.13321877e+00 9.49007869e-01
    3.75081837e-01 1.97885394e-01 1.62617469e+00 5.29383302e-01
    1.79655635e+00 -7.32506335e-01 7.96180367e-02 3.58534455e-02
    9.56216812e-01 -8.86661708e-01 1.51967704e-01 -2.81712115e-01
    -4.11893964e-01 -7.92730093e-01 1.22351360e+00 4.84167457e-01
    -5.50843418e-01 7.87351906e-01 1.48723578e+00 6.27181530e-01
    -6.71528101e-01 -8.01466584e-01 -6.69229567e-01 1.65708375e+00
    -1.89520061e-01 -5.02966285e-01 1.40527439e+00 4.44618642e-01
    1.12840605e+00 -6.27723992e-01 7.56024122e-01 -2.61318505e-01
    -7.90798903e-01 -5.19816935e-01 1.80183685e+00 1.45355725e+00
    1.02553105e+00 1.90132618e-01 1.78106475e+00 1.00413990e+00
    -8.22270811e-01 1.68301964e+00 1.20621848e+00 1.21074736e-01
    1.08709419e+00 1.36907029e+00 2.96054780e-01 1.02114201e+00
    1.61768603e+00 8.69933724e-01 1.57884455e+00 -1.20056272e-01
    -6.39873743e-02 -7.77804077e-01 1.41564763e+00 2.97148645e-01
    1.63712060e+00 -2.14311242e-01 1.79952693e+00 -5.45512319e-01
    3.10274720e-01 7.58862555e-01 5.62279284e-01 1.84647477e+00
    6.22822642e-02 -7.78098285e-01 1.10044694e+00 1.46058106e+00
    8.44192684e-01 -2.20267415e-01 1.06208920e+00 -6.61494851e-01
    5.15743315e-01 -4.11226243e-01 4.12897348e-01 1.77395427e+00
    1.91326141e-01 8.06401730e-01 3.84398997e-01 1.29944777e+00
    -1.32299900e-01 8.02686632e-01 5.48605084e-01 3.55875254e-01
    1.18904793e+00 -5.86900413e-01 1.56531787e+00 1.05760920e+00
    -7.67924726e-01 7.33074784e-01 -3.92061859e-01 -5.91709912e-01
    6.58693016e-01 8.79237831e-01 8.78604352e-01 1.20462346e+00
    1.01150990e+00 1.36724174e+00 3.28748763e-01 1.65270102e+00
    7.37206817e-01 1.10080767e+00 5.51511824e-01 -4.42866653e-01
    1.41783333e+00 1.80944300e+00 5.98759413e-01 1.21730733e+00
    7.74855196e-01 -4.75041211e-01 2.94577956e-01 2.28556156e-01
    -5.48472464e-01 -6.21569395e-01 -2.34350562e-02 -7.07664013e-01
    1.19298744e+00 -6.88398898e-01 -4.83490914e-01 1.56568289e+00
    6.05292439e-01 1.35333920e+00 -5.79391241e-01 1.14617538e+00
    9.47624803e-01 6.73470140e-01 9.70687211e-01 1.73764229e+00
    1.16233397e+00 1.13839817e+00 5.16580284e-01 1.52153111e+00
    -7.96207190e-02 -4.81377065e-01 -6.28175020e-01 1.35735273e-01
    5.22533536e-01 6.10699773e-01 6.31318808e-01 4.92985368e-01
    1.30590820e+00 2.31131494e-01 5.41741669e-01 -7.54590929e-01
    9.07321572e-01 1.71966481e+00 1.33573961e+00 1.34785390e+00
    3.98159027e-02 4.13877845e-01 1.33166230e+00 8.27983499e-01
    1.64750051e+00 5.73133230e-01 5.56236506e-03 1.71096468e+00
    4.70501602e-01 -7.77667463e-01 1.18463874e+00 1.01951146e+00
    -4.15762901e-01 1.53056622e+00 -5.38180232e-01 -4.06127393e-01
    9.85280335e-01 1.86649442e-01 -5.58476985e-01 -6.37899876e-01
    5.90457559e-01 8.35474908e-01 -7.61580110e-01 -2.41400540e-01
    -2.99269795e-01 3.94375861e-01 -5.30973673e-01 6.58764720e-01
    1.36932635e+00 1.76815867e+00 1.28734899e+00 -1.84481144e-02
    -6.27906561e-01 1.42106390e+00 6.52736902e-01 6.56931520e-01
    1.44408500e+00 1.57914495e+00 1.06539786e-01 1.61626863e+00
    1.68730211e+00 -9.57472920e-02 1.18217611e+00 4.32550311e-01
    4.21867073e-01 1.48539424e+00 9.67363358e-01 -6.48223519e-01
    5.19748926e-01 1.16031504e+00 1.14457560e+00 -5.17890990e-01
    1.78091717e+00 4.97563243e-01 -3.09959054e-01 -2.63326168e-02
    8.89916956e-01 -5.11568666e-01 -5.12379885e-01 5.45823693e-01
    2.56295621e-01 -4.82041210e-01 2.14264750e-01 -3.87728602e-01
    1.27688050e+00 1.37141609e+00 9.08834994e-01 1.67837739e-02
    1.62763286e+00 -1.67973101e-01 1.49566936e+00 -5.00458837e-01
    1.51151526e+00 7.16036558e-01 1.78589451e+00 -7.02272058e-01
    1.46881759e+00 6.65884614e-01 1.66925311e+00 1.24846697e+00
    1.30336785e+00 -7.45377243e-01 -5.19809842e-01 -1.43535078e-01
    1.18424416e-01 -4.19491798e-01 6.83945656e-01 1.51832914e+00
    1.16817284e+00 -8.84184718e-01 1.94622099e-01 -4.42566961e-01
    1.54555357e+00 1.07793880e+00 1.60344541e-01 -2.11612165e-01
    -4.44826722e-01 1.27311957e+00 8.98677349e-01 1.83793843e+00
    7.90732145e-01 1.47212791e+00 3.73034239e-01 -3.70972633e-01
    1.55920804e-01 -2.96657383e-01 -4.71176684e-01 1.46741009e+00
    4.88079429e-01 8.64082515e-01 4.88880992e-01 5.56291878e-01
    -1.77249551e-01 1.30119741e+00 9.33761060e-01 7.55269647e-01
    1.85397029e-01 -5.58623791e-01 5.16312003e-01 1.15636313e+00
    1.68357611e+00 1.23642755e+00 -8.43383908e-01 1.55210900e+00
    -8.94843817e-01 4.61202145e-01 -1.58145964e-01 1.65089941e+00
    1.71235061e+00 9.08645809e-01 -1.81439459e-01 -4.14949656e-03
    1.40057230e+00 -8.27923059e-01 1.75836158e+00 -5.68745375e-01
    -4.74449456e-01 3.98192823e-01 7.25629508e-01 -5.25810599e-01
    1.14237595e+00 -7.96593964e-01 -1.07215047e-02 5.24950683e-01
    3.41716647e-01 5.82279563e-01 -5.04750252e-01 -2.69108534e-01
    1.38558555e+00 -5.42538881e-01 7.59175241e-01 -2.52515852e-01
    5.82380056e-01 3.66584599e-01 3.10464859e-01 9.14927483e-01
    -1.86453164e-01 -6.71081662e-01 -4.16968793e-01 1.63995731e+00
    9.76635933e-01 -4.19479638e-01 1.74122572e+00 8.35188329e-01
    1.34127784e+00 2.34994590e-01 6.36253297e-01 -8.08936715e-01
    1.17719674e+00 -4.55214947e-01 1.50697494e+00 -2.73599029e-02
    1.74589586e+00 6.23976350e-01 3.35614443e-01 3.42755139e-01
    1.20423865e+00 3.84441018e-01 2.29247987e-01 -7.95780361e-01
    8.86054099e-01 9.98095870e-02 1.27862096e-02 -6.76263809e-01
    7.11585641e-01 5.55297852e-01 -2.51573503e-01 -3.19765449e-01
    5.82003415e-01 7.49005258e-01 1.51115954e+00 1.25220108e+00
    1.29826593e+00 3.95643830e-01 -3.05700898e-01 -7.31139004e-01
    4.72460389e-02 1.35370314e+00 -1.29197299e-01 2.54314601e-01
    4.44464386e-01 8.27073455e-02 4.84834313e-02 1.24926090e-01
    -6.57548368e-01 1.27243936e-01 3.95447493e-01 -6.31309748e-01
    -6.35703683e-01 -1.84361994e-01 1.94378495e-01 -3.19314778e-01
    -4.09619242e-01 2.23511457e-01 1.09030485e-01 -8.23382139e-01
    1.76822293e+00 -5.19538224e-01 1.83914185e+00 1.76348329e+00
    -4.85706985e-01 1.31509519e+00 8.20954084e-01 1.65609002e+00
    1.72051620e+00 4.21053410e-01 -4.22193140e-01 -7.12875664e-01
    1.57435763e+00 -5.53494751e-01 5.97200871e-01 -2.84122407e-01
    2.79040277e-01 2.57518888e-02 7.62130678e-01 1.42672360e-01
    1.77291298e+00 4.27100241e-01 -5.62347293e-01 1.65281606e+00
    3.73802364e-01 5.54327369e-01 1.47489023e+00 -2.86325932e-01
    -4.57388043e-01 -5.55849314e-01 6.39518023e-01 -6.65513992e-01
    3.12173247e-01 1.47822833e+00 -8.39481950e-02 1.88267875e+00
    2.31968701e-01 1.59816933e+00 7.44191825e-01 2.82533407e-01
    8.79027247e-01 6.89287782e-02 -8.26490939e-01 5.76560855e-01
    7.48998404e-01 8.62114131e-01 -4.04846221e-01 1.23554420e+00
    -3.42694044e-01 9.79379177e-01 1.71417379e+00 7.03618646e-01
    8.42184842e-01 1.57937741e+00 1.02852392e+00 -2.22650468e-01
    1.25052023e+00 -1.55192614e-01 1.62416148e+00 1.75931692e-01
    6.42996609e-01 -3.14554334e-01 -8.46471131e-01 -7.31102228e-01
    2.77273655e-01 1.25445890e+00 2.53387213e-01 1.63003826e+00
    1.62373495e+00 3.29825342e-01 1.64536524e+00 1.29487658e+00
    -2.74366140e-03 1.85119760e+00 1.17617035e+00 1.30171490e+00
    1.58645725e+00 -4.54634100e-01 -7.82832742e-01 7.05675602e-01
    -2.88574815e-01 1.54865944e+00 -6.67796433e-01 -4.72840965e-01
    1.70266604e+00 7.93471932e-01 3.99198949e-01 8.67633998e-01
    -7.99565315e-02 -1.27990484e-01 -5.02276421e-01 -1.98000610e-01
    -4.77401108e-01 6.16307318e-01 -5.99399686e-01 1.38965166e+00
    7.83989847e-01 4.95103955e-01 2.51590073e-01 1.82527971e+00
    -4.87345606e-01 1.36073351e+00 1.03202784e+00 1.32084036e+00
    -1.61978304e-01 3.31508338e-01 1.22674096e+00 4.63503599e-01
    1.71222854e+00 1.83050752e+00 3.19214880e-01 1.58283424e+00
    1.06186557e+00 -3.68107736e-01 1.34504342e+00 1.14357257e+00
    6.50866628e-02 6.17855608e-01 4.11567807e-01 -4.67009246e-01
    -2.42625594e-01 8.36497605e-01 2.47038722e-01 1.74492311e+00
    1.89927876e-01 1.82509756e+00 1.20730042e+00 -1.12581253e-01
    -6.18148327e-01 3.35875273e-01 2.17500150e-01 -1.49661124e-01
    -5.71636260e-01 1.51387072e+00 1.25209522e+00 -7.68126190e-01
    1.13801575e+00 8.26245427e-01 1.31953263e+00 -7.74529755e-01
    3.43200684e-01 2.32306838e-01 1.55051911e+00 4.00901973e-01
    1.32367563e+00 -6.19902492e-01 3.07303667e-01 1.40204406e+00
    1.73230720e+00 1.07219696e-01 1.48643327e+00 2.31109560e-01
    -2.92930365e-01 6.47448719e-01 1.65095305e+00 9.74591970e-01
    1.48492885e+00 2.03961134e-03 4.42582011e-01 9.46551442e-01
    1.76339650e+00 1.74594045e+00 1.10036778e+00 -4.22024250e-01
    1.28242576e+00 -1.36316836e-01 3.22580874e-01 5.09784281e-01
    5.90062082e-01 -2.19843566e-01 2.67568767e-01 -3.20657492e-02
    1.71481764e+00 8.53155553e-01 -5.81877589e-01 -1.74078047e-01
    1.57187760e-01 8.07843328e-01 1.49870884e+00 1.71254611e+00
    -7.39907146e-01 4.78798449e-01 -7.42169738e-01 -3.03735495e-01
    -6.94828331e-01 -5.55846691e-02 5.29029191e-01 1.72151792e+00
    -5.34430563e-01 3.69380832e-01 1.35700798e+00 -1.62072778e-02
    1.40363610e+00 1.78367317e+00 6.73921704e-01 1.75845671e+00
    -3.04085851e-01 1.55788469e+00 -8.09825957e-01 1.34382915e+00
    8.48124862e-01 -8.45553577e-01 3.09752584e-01 7.49479055e-01
    -2.91382730e-01 1.79601383e+00 -8.13461661e-01 -6.34079099e-01
    -2.18011260e-01 1.09298420e+00 -6.21328473e-01 3.77419710e-01
    -7.32668519e-01 1.06593704e+00 2.45564818e-01 -6.04930103e-01
    -8.30633998e-01 -4.92490023e-01 1.30871558e+00 1.35130501e+00
    -7.23083854e-01 -5.63446999e-01 1.62015724e+00 -5.41973591e-01
    9.56463933e-01 -7.69195318e-01 9.11561191e-01 7.01444149e-02
    9.39887762e-03 1.60051775e+00 8.38903546e-01 1.00947046e+00
    4.00236070e-01 3.37423444e-01 1.50165653e+00 2.95557797e-01
    2.80523300e-03 1.43492723e+00 -4.36714470e-01 2.36722350e-01
    5.36083996e-01 -6.28231049e-01 7.24575520e-01 8.18799138e-02
    1.61615837e+00 9.56144452e-01 1.30381894e+00 1.59331799e+00
    2.79259682e-03 -8.08301806e-01 1.20797253e+00 9.42245245e-01
    1.21513605e+00 9.22650874e-01 -5.60546815e-01 -5.85380852e-01
    8.92361701e-01 1.66919196e+00 3.94577861e-01 1.13618255e+00
    1.13965631e+00 1.63144720e+00 1.01506376e+00 1.07906795e+00
    4.29165959e-01 1.11203074e+00 1.55241609e+00 1.37630296e+00
    -6.53529763e-02 7.18724370e-01 1.43148994e+00 -6.66603923e-01
    1.25361037e+00 -3.92101288e-01 1.76165318e+00 9.51107442e-01
    9.95336235e-01 1.61806560e+00 1.52058840e+00 -8.23336065e-01
    2.14089870e-01 2.66616344e-01 7.29489923e-01 9.74221289e-01
    2.24932015e-01 1.40098608e+00 -4.32924628e-01 1.87331295e+00
    6.00921810e-01 -6.52630150e-01 1.79990458e+00 -6.41814291e-01
    -5.09089708e-01 1.31977963e+00 1.75755811e+00 6.25566959e-01
    1.13264453e+00 -5.49791992e-01 -2.78077245e-01 -4.94478345e-01
    -6.65559769e-02 9.03890550e-01 -2.81187415e-01 1.23755920e+00
    3.39629471e-01 6.44934654e-01 -3.75977039e-01 8.18476617e-01
    -4.39492732e-01 -8.79863918e-01 3.20788622e-02 1.15493894e+00
    2.11957216e-01 -2.43209541e-01 1.04271746e+00 8.73023391e-01
    1.82323551e+00 2.51454413e-01 2.23054588e-01 4.42880392e-02
    1.74469173e-01 1.37504637e-01 -3.92158806e-01 -3.61168861e-01
    -8.52198660e-01 1.65013075e+00 3.07714701e-01 7.95423806e-01
    -6.90333784e-01 -3.82959902e-01 1.36094546e+00 4.77561951e-02
    -3.78416181e-02 -6.16982758e-01 3.03209186e-01 -7.55892098e-01
    1.22775507e+00 4.63166595e-01 8.09147477e-01 7.39513636e-02
    6.62323952e-01 9.82106090e-01 1.77995932e+00 5.22835433e-01
    1.35138512e-01 -5.85043430e-01 1.37141562e+00 -1.75516605e-02
    -6.90263867e-01 -5.28699636e-01 1.49272370e+00 5.88210046e-01
    1.44140446e+00 1.02630067e+00 1.33066583e+00 1.66806364e+00
    1.47868848e+00 -7.00689256e-01 1.53803229e-02 -4.66075331e-01
    -3.92233998e-01 -2.21323907e-01 1.80918002e+00 -8.56058419e-01
    1.39962614e-01 2.53457546e-01 2.68894851e-01 1.64617372e+00
    -5.70643306e-01 1.50412285e+00 9.36632574e-01 1.29245222e-01
    -1.98051095e-01 6.26651406e-01 1.49273968e+00 1.80779648e+00
    -7.99103260e-01 1.13507366e+00 1.73275852e+00 8.08229446e-01
    -4.11316454e-01 1.17229223e+00 -6.45425797e-01 2.99849033e-01
    1.31586862e+00 -8.16643655e-01 7.61451125e-02 1.18863344e+00
    1.76191628e-01 7.00836003e-01 -1.49947405e-01 5.71044087e-01
    2.59662569e-01 -5.07241488e-01 8.01933587e-01 -1.74583375e-01
    1.24890196e+00 1.06785476e+00 4.79451060e-01 1.77606034e+00
    -3.68434191e-02 9.15924132e-01 -7.27506399e-01 8.61766338e-01
    8.02268565e-01 -1.39780164e-01 2.32315540e-01 1.88071191e-01
    1.22372651e+00 -2.69755304e-01 6.84181094e-01 -7.52742469e-01
    1.34837031e+00 1.21955800e+00 1.23180842e+00 2.48805344e-01
    -3.76565933e-01 -3.00402582e-01 -7.55596578e-01 1.63639379e+00
    1.38701034e+00 4.05761957e-01 1.35820186e+00 -7.88544476e-01
    1.81306410e+00 -7.73201585e-01 1.06432319e+00 8.23858798e-01
    1.89335644e-01 -2.84353495e-02 8.80628347e-01 1.20228446e+00
    3.33015621e-01 1.20099926e+00 -6.34593189e-01 1.62753105e+00
    1.32993817e-01 9.61335361e-01 1.42876041e+00 1.19599903e+00
    1.74937212e+00 -2.93749034e-01 1.00362539e+00 -4.33178872e-01
    1.77911997e-01 5.45775294e-01 8.34784210e-01 1.32125902e+00
    1.61307073e+00 1.34440124e-01 -2.15728581e-01 -5.30920982e-01
    -2.16123641e-01 2.52093792e-01 -6.64873838e-01 -3.65849644e-01
    -6.21339977e-01 -8.18329513e-01 8.64927173e-02 1.69629169e+00
    -7.41502643e-01 1.43870354e+00 -4.16540146e-01 -8.37722361e-01
    4.67894614e-01 -2.08873093e-01 5.92188478e-01 9.47369158e-01
    3.29854131e-01 1.57214582e+00 1.15553617e-01 8.79187286e-01
    1.70788479e+00 1.13420653e+00 -7.36578166e-01 9.88936365e-01
    1.82058430e+00 -6.27163649e-01 4.99152064e-01 1.27489090e+00
    -3.23203981e-01 9.51009989e-02 -3.58559459e-01 -1.54644251e-01
    1.21441031e+00 3.24194908e-01 1.69489431e+00 5.76457143e-01
    2.36994028e-01 -7.27591574e-01 -7.82997906e-01 1.42536068e+00
    -6.74485564e-01 -5.42267323e-01 3.43164802e-02 4.92960572e-01
    1.27942586e+00 1.48692727e-01 1.36528838e+00 -3.35331619e-01
    -5.42892337e-01 4.34168756e-01 1.69632089e+00 4.49918509e-01
    8.82153451e-01 5.12893498e-01 4.47938919e-01 3.88859868e-01
    5.08615792e-01 6.46490216e-01 4.78941202e-01 -2.40675628e-01
    -2.11092174e-01 1.94165945e-01 4.56710100e-01 -5.07275581e-01
    -3.96738291e-01 1.33669710e+00 5.62514365e-01 1.75384724e+00
    -7.02678204e-01 1.57104051e+00 -1.10389054e-01 1.42577910e+00
    -3.08985710e-01 -3.05079997e-01 1.44966698e+00 1.69879198e+00
    6.57497823e-01 8.34505320e-01 4.83518839e-03 3.70613337e-01
    -1.28013372e-01 2.48256803e-01 5.73953569e-01 1.55802250e-01
    1.02616823e+00 6.90146208e-01 1.65593565e-01 -8.67556095e-01
    -2.70036221e-01 2.41751671e-01 3.49965155e-01 -3.12289536e-01
    5.25464058e-01 -4.01974380e-01 -2.46231675e-01 -1.38406098e-01
    1.25851035e+00 4.14785147e-01 1.36804986e+00 4.23903823e-01
    -1.29639506e-01 -4.93853062e-01 -2.04747617e-01 2.13407278e-02
    2.94138789e-01 -1.70542300e-01 -3.78821403e-01 -7.68300951e-01
    1.81958580e+00 -2.26144075e-01 2.73505867e-01 1.04052997e+00
    -8.31401467e-01 -2.20354438e-01 1.66734219e+00 3.68789196e-01
    -2.09429741e-01 -8.22075367e-01 3.98925185e-01 -3.64022493e-01
    1.17251372e+00 8.61849904e-01 -4.42166328e-01 1.00493264e+00
    5.45109987e-01 -5.03969550e-01 1.64136219e+00 1.09853625e-01
    -5.50697565e-01 1.58725083e+00 1.52229667e+00 -8.13602686e-01
    -7.45445251e-01 5.22800207e-01 -8.02208483e-01 6.40273094e-03
    1.48097897e+00 1.09337878e+00 1.16090989e+00 1.80887389e+00
    9.04387712e-01 -6.87738836e-01 1.77352965e+00 6.22524202e-01
    1.51085758e+00 -4.93846714e-01 -4.84166265e-01 -7.51096725e-01
    3.10716212e-01 1.45901799e-01 7.58888245e-01 -6.05115891e-02
    3.13418031e-01 1.38552892e+00 9.22989488e-01 -2.37693191e-02
    6.26284659e-01 -5.50235987e-01 4.70305681e-02 -5.19897103e-01
    -7.04065561e-02 1.84931159e-02 5.97160399e-01 1.15271389e+00
    -4.04555231e-01 1.73986375e+00 1.72117245e+00 -5.87096691e-01
    8.54066849e-01 2.64272094e-01 4.34987724e-01 2.53057122e-01
    -5.30381322e-01 8.01332653e-01 1.72331524e+00 1.50043249e+00
    1.42138863e+00 1.08766258e+00 3.06719303e-01 1.23265386e+00
    3.76540065e-01 1.71745944e+00 -7.51139581e-01 -3.03119779e-01
    1.14445674e+00 1.37437117e+00 1.19298911e+00 1.61595988e+00
    2.80278027e-01 1.57326865e+00 1.13295150e+00 4.79680419e-01
    -4.71845835e-01 -7.71133363e-01 1.28332973e+00 7.47669935e-01
    1.75839496e+00 7.68546522e-01 1.68201184e+00 1.94157958e-02
    -1.78975165e-01 -4.05366898e-01 2.98489034e-01 9.89619136e-01
    9.32659149e-01 7.78280914e-01 -4.74289596e-01 5.13125241e-01
    3.78702283e-02 5.38691819e-01 1.54877734e+00 1.21588898e+00
    1.43943739e+00 8.14298213e-01 -5.24582207e-01 7.77123928e-01
    -4.63349402e-01 1.02215981e+00 -7.09042370e-01 2.79914737e-01
    -1.51667476e-01 1.72772169e+00 -4.26411033e-01 1.62831056e+00
    1.18791246e+00 1.82853174e+00 -6.70796633e-02 -5.24881721e-01
    9.08744097e-01 1.33181381e+00 1.52092338e+00 1.78856778e+00
    -2.83878684e-01 1.66108012e-01 9.54311490e-01 5.81837296e-01
    3.62951458e-01 1.58451843e+00 -1.00404799e-01 1.87865245e+00
    1.64328051e+00 1.35027575e+00 1.19833732e+00 1.36740983e-01
    -2.91362226e-01 -7.43638456e-01 4.12393272e-01 1.41242099e+00
    5.71891546e-01 -7.27964163e-01 -5.58798790e-01 -4.89598930e-01
    1.68366718e+00 8.86105478e-01 -5.51856637e-01 1.80272961e+00
    -4.34959650e-01 -6.14486575e-01 2.90079415e-01 1.14209437e+00
    -8.31478894e-01 3.06586325e-01 -7.03838050e-01 1.03681552e+00
    1.19243169e+00 3.78314257e-02 4.11289334e-02 1.53527117e+00
    -1.85544968e-01 1.42694688e+00 1.02516031e+00 3.09389710e-01
    2.84459829e-01 -1.65183604e-01 -5.59150934e-01 2.57960558e-01
    1.19973397e+00 5.68499446e-01 9.50831771e-01 -6.59216881e-01
    4.27305162e-01 1.31930435e+00 1.07897401e-01 1.07863891e+00
    -7.31848836e-01 6.29955530e-01 -3.34985673e-01 1.00732553e+00
    -1.87400818e-01 1.88519907e+00 5.02130985e-02 1.15806079e+00
    -4.27020878e-01 3.40598822e-02 1.40386891e+00 1.21382403e+00
    6.75977886e-01 4.11298811e-01 1.55094731e+00 -3.08557093e-01
    8.95484090e-01 1.39031291e+00 4.62557852e-01 5.50628960e-01
    1.14812791e-01 5.74422240e-01 1.06829071e+00 8.37838173e-01
    7.50697851e-01 1.44684219e+00 4.36979175e-01 1.43521392e+00
    2.06068814e-01 -5.59947968e-01 8.04848611e-01 5.46609223e-01
    1.40616834e-01 3.23793948e-01 8.30809474e-02 8.93996418e-01
    -1.52382731e-01 -5.07764339e-01 8.92712831e-01 5.65013587e-01
    1.45011628e+00 -9.13659096e-01 -2.33307183e-01 2.53331661e-01
    1.49809408e+00 4.21209455e-01 1.31572855e+00 1.06827295e+00
    1.37677121e+00 1.50394273e+00 6.76773310e-01 1.30113721e-01
    1.38884056e+00 3.17387581e-02 -7.89928198e-01 8.13857734e-01
    -8.71393561e-01 9.44526970e-01 5.85231781e-01 4.48884666e-01
    1.40005255e+00 1.40118444e+00 1.82155311e-01 7.88722336e-01
    -2.41239727e-01 -1.52503788e-01 -8.39572191e-01 5.84611893e-02
    8.96329939e-01 8.98719490e-01 -5.55725098e-01 -2.49293268e-01
    -1.01344287e-01 -2.46793032e-03 -4.14113671e-01 1.31794441e+00
    -6.37216210e-01 1.40603352e+00 4.73899007e-01 -1.42668605e-01
    1.17944956e+00 1.74144197e+00 1.70482099e-01 1.72880220e+00
    1.65318370e+00 5.57146728e-01 4.75663483e-01 -8.23739529e-01
    1.85658956e+00 -8.45865667e-01 1.50433528e+00 9.49554682e-01
    1.16062534e+00 -6.06946588e-01 1.31104207e+00 8.03643942e-01
    -3.39004278e-01 1.44168210e+00 -4.52982336e-01 1.91651762e-01
    -6.86751723e-01 -3.17951381e-01 1.67095447e+00 1.56831241e+00
    1.80561423e-01 8.23754728e-01 1.31307828e+00 1.24710965e+00
    5.76414049e-01 -7.63143241e-01 1.32039881e+00 5.67521274e-01
    6.83248699e-01 -6.42746508e-01 -2.26884663e-01 1.77731097e-01
    -4.73210573e-01 1.58279991e+00 3.55295956e-01 1.40241754e+00
    1.77304530e+00 -6.64263844e-01 6.90332651e-01 1.04697311e+00
    3.02466393e-01 1.58743918e-01 1.77649868e+00 5.91277659e-01
    -1.24611855e-01 -6.06063485e-01 3.93271804e-01 -5.71341634e-01
    -8.45011830e-01 1.43616879e+00 8.47863555e-02 1.05682242e+00
    8.86361659e-01 1.58541775e+00 -1.32144451e-01 1.10971510e+00
    -6.82203412e-01 -8.62154841e-01 1.85183620e+00 6.01992905e-01
    -8.34632158e-01 1.52327824e+00 1.58652997e+00 -6.65596128e-01
    6.21868968e-01 6.07934833e-01 3.16941679e-01 -5.03827155e-01
    1.21956110e+00 -7.83375502e-01 2.75893092e-01 -1.76158249e-01
    1.52914679e+00 -4.59135622e-01 1.80954611e+00 1.87469184e-01
    1.47989631e-01 -7.87863672e-01 4.47464585e-01 1.37907028e-01
    1.36152506e-02 -6.68948889e-03 2.23259509e-01 -4.22685742e-01
    1.68932676e-01 -2.85389245e-01 5.33972383e-02 -5.47638774e-01
    2.34405994e-01 -7.06726015e-01 1.40016866e+00 7.07015991e-01
    1.10247469e+00 -8.14856946e-01 1.53202164e+00 6.82110012e-01
    3.08222175e-01 1.57326412e+00 -1.63904428e-01 -6.12664223e-01
    5.85821629e-01 1.65504098e+00 1.32871532e+00 -8.57076347e-01
    1.51777434e+00 1.54056275e+00 1.74409688e-01 1.67640233e+00
    9.34021413e-01 1.12758636e+00 1.78542376e+00 1.62399948e+00
    1.02820206e+00 3.92503917e-01 1.52139771e+00 1.71593189e+00
    -8.46047461e-01 -3.71197999e-01 2.08653808e-01 1.66336226e+00
    -4.75594282e-01 -3.45889926e-01 2.63033748e-01 -7.51059592e-01
    1.68767953e+00 1.10627365e+00 5.87149858e-02 -3.60164106e-01
    1.63845611e+00 8.04628015e-01 -3.11455309e-01 1.10497189e+00
    1.08858967e+00 -2.84597874e-02 -2.81575322e-02 1.21867299e+00
    1.54647923e+00 1.80151606e+00 -7.99050331e-01 1.60565102e+00
    -6.49743974e-01 1.58356082e+00 -6.26529634e-01 1.39963722e+00
    -8.21227729e-01 1.47067153e+00 9.59332764e-01 1.24798727e+00
    -1.98577285e-01 -5.27459145e-01 -5.64907074e-01 3.33839536e-01
    7.99921930e-01 8.42621922e-01 6.93745971e-01 1.25733948e+00
    1.01268113e+00 1.75820780e+00 2.93225646e-01 1.02164865e+00
    1.25705838e+00 1.11558568e+00 5.87728143e-01 -6.75947845e-01
    3.64254475e-01 1.42045236e+00 2.33596623e-01 8.77647698e-01
    7.37644076e-01 2.67174184e-01 -5.11673331e-01 -6.17389917e-01
    1.24286723e+00 8.98643196e-01 1.53966761e+00 -3.41282487e-02
    8.25751126e-01 2.05388010e-01 -2.14263320e-01 1.40067279e+00
    1.78969979e-01 -4.20656085e-01 2.42217600e-01 -5.07929027e-01
    9.85641241e-01 1.25021386e+00 7.91034997e-01 -2.54791081e-01
    3.60561132e-01 5.61938703e-01 -3.31702173e-01 -2.94399261e-02
    1.50647998e+00 4.05989885e-01 -6.57319367e-01 7.92879045e-01
    1.38443732e+00 -7.70746112e-01 8.69131088e-03 1.82847309e+00
    1.94592178e-01 1.26132798e+00 1.66050959e+00 -2.45002210e-01
    1.36760390e+00 -1.57497942e-01 -1.96128547e-01 4.48721945e-01
    5.31571984e-01 9.25586402e-01 -5.01128197e-01 -1.05283320e-01
    -6.49489522e-01 1.24532080e+00 1.80879784e+00 1.69099021e+00
    1.02350569e+00 1.73054171e+00 -8.94165814e-01 2.41307974e-01
    1.63256621e+00 2.89223790e-01 9.04020488e-01 -5.81972241e-01
    1.81187224e+00 -6.10196948e-01 1.67702508e+00 1.36460602e+00
    1.57346916e+00 -3.52675736e-01 -3.52120101e-01 8.86876762e-01
    1.78349555e+00 1.60048652e+00 1.44098139e+00 1.00984228e+00
    -2.20475435e-01 1.33490086e+00 1.13297939e+00 4.62578297e-01
    5.70739865e-01 -7.40979314e-02 1.96362913e-01 -4.10795391e-01
    2.10874736e-01 6.47903621e-01 1.03236878e+00 1.48502660e+00
    1.55312240e+00 1.60243225e+00 -7.49693513e-02 -8.26098323e-01
    -3.29882860e-01 1.06955290e+00 7.51984119e-02 -6.90663099e-01
    1.50330436e+00 1.04809749e+00 9.95206833e-03 -7.27174640e-01
    -6.27976060e-01 3.07258427e-01 1.50252843e+00 5.20968616e-01
    6.94062173e-01 -2.45268941e-02 1.15685701e-01 -7.32526541e-01
    -1.85574472e-01 1.11270761e+00 -7.70194471e-01 6.55641556e-02
    6.20322704e-01 3.48812878e-01 9.05789733e-02 9.47344422e-01
    2.76429176e-01 -5.14322996e-01 7.63654947e-01 -1.31365955e-01
    6.75829530e-01 1.56366324e+00 -1.31541014e-01 1.22698343e+00
    1.68689704e+00 1.00637174e+00 6.53921008e-01 1.70702243e+00
    -6.74731195e-01 -4.84262705e-02 -7.57300735e-01 5.64040780e-01
    1.87825632e+00 1.86128736e+00 -4.31293279e-01 6.19330227e-01
    5.85728705e-01 1.29507446e+00 1.07424235e+00 1.34034407e+00
    6.86670303e-01 1.55170465e+00 -2.41680145e-01 1.35502529e+00
    -8.77664685e-02 7.73698092e-02 -7.11570680e-01 -6.52355611e-01
    1.23712277e+00 1.74321055e-01 -4.56759006e-01 -6.71044230e-01
    6.18327141e-01 2.62598991e-02 -3.12278092e-01 1.04932189e-01
    2.67772675e-01 -5.04903316e-01 3.01645696e-01 1.01016271e+00
    8.56217086e-01 1.02721405e+00 -8.32816005e-01 1.61840141e-01
    4.26249266e-01 1.66038620e+00 -5.57948709e-01 7.23087251e-01
    7.08359659e-01 1.86737919e+00 3.78693104e-01 1.63273668e+00
    8.27137709e-01 -6.55102730e-02 1.41183496e+00 -2.54387140e-01
    1.63486362e-01 9.76900637e-01 -3.37448359e-01 7.28154838e-01
    1.45209193e+00 1.41656280e+00 9.50922251e-01 6.51833296e-01
    2.27020681e-01 9.26374435e-01 6.45741224e-01 -6.05891585e-01
    2.53645062e-01 1.67779851e+00 1.42000818e+00 1.75219941e+00
    3.24004173e-01 -4.25577641e-01 -7.59501696e-01 1.55812693e+00
    1.58494854e+00 -6.20183647e-01 1.29578924e+00 3.97098064e-03
    -5.51648736e-01 8.46948206e-01 1.07321477e+00 -6.84058666e-01
    9.49341357e-01 1.61429977e+00 6.81470573e-01 8.91278863e-01
    1.17033768e+00 8.57913435e-01 2.65335858e-01 1.32315922e+00
    1.55449927e+00 -3.43866229e-01 -7.14823604e-01 -6.11140370e-01
    -2.29595065e-01 3.42006564e-01 1.59177887e+00 5.31416535e-02
    1.80685246e+00 -1.36501789e-02 -3.75074327e-01 -7.86482990e-01
    1.83502626e+00 -5.43848395e-01 1.24478173e+00 -7.31439590e-01
    1.26270843e+00 4.52396691e-01 6.77995086e-01 1.76989388e+00
    9.37890232e-01 -3.32979858e-01 1.01987791e+00 7.69627869e-01
    -2.81021357e-01 1.49370611e+00 1.74694705e+00 1.71303880e+00
    1.76098049e+00 4.08213794e-01 -5.68760276e-01 1.09175110e+00
    -4.94857043e-01 6.86740160e-01 6.92769051e-01 8.31795156e-01
    -2.99640954e-01 1.83198333e+00 -4.87169236e-01 1.04828489e+00
    -3.62521112e-01 2.64686644e-01 6.68952763e-01 1.15653777e+00
    5.48836529e-01 -7.41001308e-01 2.98079133e-01 -3.02498698e-01
    6.40544534e-01 1.80428624e+00 -1.93136692e-01 5.24157286e-01
    9.26774502e-01 -4.95416135e-01 1.64628863e+00 7.75413692e-01
    -6.19917035e-01 1.63268042e+00 1.05858493e+00 1.66992116e+00
    -4.50256437e-01 7.18687952e-01 1.48676205e+00 1.45093679e-01
    6.54512644e-03 1.41307890e+00 9.01932001e-01 -4.84652787e-01
    1.99051559e-01 6.06135488e-01 -4.08638120e-01 4.32961226e-01
    6.63179159e-03 1.85620379e+00 -2.49532163e-01 1.70655584e+00
    5.54011345e-01 1.51453602e+00 1.05233788e+00 1.68113852e+00
    4.20414865e-01 1.35202277e+00 1.82931304e+00 1.44232368e+00
    1.04634702e-01 5.57503045e-01 -7.78945267e-01 1.31646132e+00
    3.38291228e-01 -3.38016808e-01 -7.47770727e-01 -7.42411911e-01
    1.64325929e+00 1.29303551e+00 1.55312192e+00 -2.73795366e-01
    1.03341746e+00 1.19913638e+00 1.68323720e+00 5.38649559e-02
    -6.26057386e-02 -9.22992349e-01 1.20417273e+00 1.45203590e+00
    1.57492876e+00 1.44667673e+00 3.34159136e-01 8.26219499e-01
    4.92046416e-01 5.85970759e-01 1.40014482e+00 1.34377861e+00
    -3.66576493e-01 1.62049890e-01 1.16412508e+00 2.09091961e-01
    1.70304966e+00 4.80562925e-01 3.46524894e-01 -4.34140056e-01
    -6.62708402e-01 3.23282123e-01 -5.06346345e-01 5.15911520e-01
    1.71241140e+00 -5.16568780e-01 -7.37218082e-01 8.81439567e-01
    -3.21021318e-01 -8.23879778e-01 1.29906070e+00 -4.64655161e-02
    1.34907913e+00 8.89098287e-01 1.11377585e+00 1.17048144e+00
    1.50476158e+00 1.85087013e+00 1.56560278e+00 -8.38956356e-01
    2.52734601e-01 1.30064678e+00 1.83870232e+00 -5.69657683e-02
    1.22619128e+00 1.33045697e+00 1.36017740e-01 -1.72613621e-01
    1.24652267e+00 -1.18697286e-02 -1.27748311e-01 5.83041906e-01
    1.47953105e+00 1.01898766e+00 1.30510950e+00 2.60580182e-02
    1.19750893e+00 -7.46895313e-01 7.86451995e-01 3.68371189e-01
    1.42277431e+00 2.89259195e-01 7.18209326e-01 -8.39016557e-01
    8.89836192e-01 1.18117404e+00 1.24413919e+00 -3.26659441e-01
    1.17651856e+00 1.04204249e+00 1.83625257e+00 1.80846226e+00
    4.18567538e-01 7.67147064e-01 1.71816111e+00 -9.00799632e-02
    1.51806533e-01 5.01765966e-01 -3.77952456e-02 1.68279409e-02
    -6.47733092e-01 8.76914144e-01 2.74281085e-01 1.20745838e-01
    -6.81465268e-02 -5.28024435e-01 4.02132750e-01 -2.59105504e-01
    1.71602309e-01 1.87747324e+00 5.09751201e-01 1.38109803e+00
    9.37376618e-02 8.70332718e-01 1.78588128e+00 1.04658294e+00
    1.59173703e+00 -2.99648941e-01 -3.67960751e-01 4.52768922e-01
    1.50303245e-01 6.16209984e-01 7.24354029e-01 1.43489873e+00
    1.34396577e+00 -2.20381975e-01 5.11332631e-01 -4.89121258e-01
    1.19037795e+00 1.52778387e+00 -5.82268834e-02 5.87224662e-01
    7.10229695e-01 1.70865369e+00 1.03987241e+00 8.64952087e-01
    1.35486937e+00 3.82084966e-01 5.78077972e-01 8.82682085e-01
    1.31317258e-01 8.33501816e-01 3.78228664e-01 1.29611659e+00
    -1.46861315e-01 2.22055078e-01 -3.44235957e-01 3.30699146e-01
    1.19599724e+00 -3.10101032e-01 -6.12513840e-01 3.42018247e-01
    -4.74280328e-01 1.35741758e+00 -7.65419722e-01 -8.48204851e-01
    2.53074348e-01 -1.08955503e-01 1.31541920e+00 1.02333069e+00
    1.75300503e+00 -5.24621248e-01 -4.96428907e-01 5.95864952e-01
    8.32388043e-01 7.63635457e-01 1.28061891e-01 -3.42565835e-01
    -5.58782697e-01 1.20429397e+00 5.11505008e-01 1.62840056e+00
    8.83201599e-01 3.38945985e-01 3.83818150e-02 4.14000034e-01
    9.46032703e-01 1.35565102e-01 1.78859460e+00 1.57106555e+00
    -4.54835266e-01 2.44016528e-01 1.28162003e+00 8.44191313e-01
    -5.80326974e-01 -5.84550500e-02 -5.43867946e-01 1.51258683e+00
    5.91041267e-01 1.88401031e+00 -6.89644694e-01 6.39481902e-01
    -5.74244976e-01 2.08595395e-02 1.42915606e+00 -8.69604945e-01
    -7.32010245e-01 1.27543020e+00 2.26550758e-01 1.14801073e+00
    1.57482839e+00 1.85447717e+00 5.47164083e-02 1.01107574e+00
    5.71706891e-01 2.50717402e-02 -3.11212838e-01 9.91502464e-01
    -6.29154742e-01 -2.72522688e-01 5.22639334e-01 1.45128345e+00
    1.71409583e+00 -3.06776047e-01 -3.20177495e-01 -6.05811954e-01
    6.70493841e-01 1.08400846e+00 -2.78217614e-01 6.66127801e-02
    1.43287098e+00 1.84124565e+00 2.91783214e-01 6.96929455e-01
    2.31432736e-01 -3.35723877e-01 3.95503223e-01 -9.19714570e-02
    6.98568225e-01 -4.30444390e-01 1.75970960e+00 -2.75621891e-01
    8.24299157e-01 8.94268274e-01 -5.01218796e-01 1.14984262e+00
    -2.85268366e-01 -8.10006917e-01 1.22262585e+00 -6.86780214e-01
    4.50827241e-01 3.66287529e-01 -5.15391171e-01 1.22821033e-01
    -6.07783198e-01 1.59791708e+00 -6.73125088e-01 5.06280243e-01
    -6.66468799e-01 5.66492200e-01 1.15003037e+00 -3.25859487e-01
    1.36630821e+00 1.65055454e-01 1.54417968e+00 2.80885100e-02
    -2.84068704e-01 1.83798051e+00 -3.88868153e-01 1.47917461e+00
    1.78654408e+00 1.51970816e+00 1.22282219e+00 1.14347720e+00
    2.50121117e-01 -3.14003110e-01 1.58054066e+00 -8.37772489e-01
    -4.57673758e-01 7.98313797e-01 1.48865056e+00 7.95078933e-01
    7.61400044e-01 3.72861087e-01 1.28911912e-01 -7.74113297e-01
    -3.15985680e-02 1.58226967e+00 1.30249596e+00 -4.67024326e-01
    -5.16437054e-01 9.32340980e-01 1.24308467e+00 -6.65271401e-01
    -4.39400941e-01 -7.23893046e-02 1.97238326e-01 4.98762906e-01
    -6.45143151e-01 1.20237422e+00 2.91565001e-01 -1.55220032e-02
    -1.08307064e-01 -2.59270489e-01 -3.43853176e-01 1.84740651e+00
    1.94823027e-01 -2.37904966e-01 1.04069781e+00 -6.10863328e-01
    -4.41813678e-01 8.17530394e-01 -6.50928199e-01 1.73041964e+00
    -2.58837461e-01 1.73629475e+00 8.29225779e-03 2.85148799e-01
    1.74594998e+00 -1.01145506e-02 -2.77358472e-01 -7.38808393e-01
    -4.81465340e-01 9.57717776e-01 -5.96247077e-01 1.55738473e-01
    1.09927487e+00 2.80294001e-01 -2.26641953e-01 2.94512808e-01
    9.42865968e-01 9.79731441e-01 1.71649146e+00 8.15796256e-01
    2.32911825e-01 1.44018936e+00 -3.35874557e-01 5.36861837e-01
    -1.06842399e-01 1.50908756e+00 9.59139287e-01 -2.66388655e-01
    5.52309871e-01 3.07766497e-01 1.10007823e-01 -4.83208358e-01
    -7.59918690e-01 -7.17795968e-01 -2.71242321e-01 2.46247649e-01
    1.18985403e+00 3.60296607e-01 1.03418183e+00 -8.23065817e-01
    -3.43497396e-02 -4.25538421e-01 3.74831855e-01 -6.88057244e-01
    8.27298820e-01 -1.98395014e-01 -4.89575773e-01 1.12697005e+00
    -8.53573084e-02 -2.04641998e-01 1.39522219e+00 1.65998220e+00
    -5.76590717e-01 3.04383278e-01 3.62052679e-01 1.14382756e+00
    1.58506846e+00 -3.48578453e-01 3.79161000e-01 1.31556809e-01
    1.14444399e+00 3.21860433e-01 1.66720223e+00 4.59459364e-01
    -3.15960526e-01 4.58198190e-01 -5.95324039e-02 3.44498158e-01
    1.36824465e+00 2.05714881e-01 9.34003592e-01 1.96117997e-01
    9.15800750e-01 1.61931920e+00 1.81630182e+00 4.45472121e-01
    7.19133973e-01 9.44106877e-01 -4.62613821e-01 1.22882819e+00
    1.48708439e+00 -6.13927484e-01 -4.23913985e-01 1.25365484e+00
    1.69096971e+00 2.50373304e-01 1.75638103e+00 9.72936153e-02
    1.01853454e+00 -3.35364699e-01 9.81841087e-02 1.24517500e-01
    5.82067549e-01 1.07661915e+00 1.59569418e+00 1.52215326e+00
    1.40979517e+00 1.35959959e+00 9.47385848e-01 -5.53763926e-01
    5.68207502e-01 4.35718715e-01 -3.72726917e-02 1.70669436e+00
    -6.37608409e-01 -1.46853387e-01 -6.97414517e-01 8.74961019e-02
    1.14282274e+00 1.55706298e+00 -1.88702345e-01 6.87937737e-02
    -8.37529182e-01 6.31703079e-01 -7.10995317e-01 1.02731955e+00
    9.15827513e-01 1.09511137e+00 8.22988153e-01 5.56829572e-02
    1.37956953e+00 6.15658104e-01 3.38032126e-01 1.46149325e+00
    1.81338072e-01 1.71292973e+00 3.31054986e-01 1.64911711e+00
    1.54844475e+00 1.45542657e+00 1.76066923e+00 1.70670664e+00
    -5.91633260e-01 7.89987445e-02 -7.80553162e-01 2.80254066e-01
    1.88350999e+00 1.51042950e+00 1.15183198e+00 1.38091207e+00
    -2.06852257e-01 -6.02897227e-01 6.22004151e-01 -4.85897690e-01
    -3.29791188e-01 -2.24441350e-01 1.51552773e+00 2.50828087e-01
    4.21962798e-01 6.13126278e-01 1.40774918e+00 4.78271067e-01
    5.97407639e-01 1.52762151e+00 7.59256184e-01 -1.14474177e-01
    -1.49438143e-01 1.04767656e+00 -1.44035935e-01 5.21211326e-01
    6.27957880e-01 9.21743929e-01 1.15099525e+00 1.73353839e+00
    1.00856423e+00 -2.42562115e-01 6.52984977e-01 1.48252463e+00
    -1.61661983e-01 1.29495192e+00 -6.40702724e-01 1.03357220e+00
    -5.28295755e-01 7.51520932e-01 6.71999454e-01 -4.95974839e-01
    -2.60168850e-01 -8.15468907e-01 -2.79609501e-01 -1.17377996e-01
    6.75239861e-01 5.57398558e-01 1.91466272e-01 5.55862010e-01
    1.16209435e+00 -7.14046955e-02 5.66629410e-01 -1.91819668e-01
    -6.06172800e-01 5.86638451e-02 2.73780048e-01 -7.89367676e-01
    3.24786782e-01 1.59165025e+00 9.20181453e-01 -4.73274201e-01
    1.35343027e+00 1.26416504e+00 -4.96427536e-01 -4.96003836e-01
    -2.52564967e-01 -7.59991765e-01 -5.89529991e-01 1.40986776e+00
    -2.85350442e-01 1.40860915e+00 6.31169677e-01 1.93461537e-01
    -7.32019424e-01 -3.59028578e-02 -7.42438316e-01 3.06551695e-01
    3.60870481e-01 1.21552753e+00 9.95127082e-01 -4.74020272e-01
    -8.49022269e-02 8.47995698e-01 -7.21422851e-01 -4.73167092e-01
    1.23971558e+00 8.86315286e-01 9.97391582e-01 7.97917306e-01
    1.41794872e+00 -5.82217693e-01 1.77778888e+00 6.67786777e-01
    6.88914597e-01 -6.44219398e-01 -3.39540005e-01 1.40053964e+00
    1.55499041e+00 8.23131561e-01 9.46402192e-01 1.74142432e+00
    1.64071870e+00 1.00104356e+00 1.99253261e-01 -2.84767091e-01
    4.06615674e-01 1.56720257e+00 -8.81256521e-01 4.47475314e-02
    1.81783462e+00 1.12919068e+00 9.57686126e-01 2.05822170e-01
    6.49857402e-01 1.83563876e+00 1.75603700e+00 -5.43311536e-01
    -5.66602945e-02 2.67077863e-01 -7.46908426e-01 1.19751906e+00
    -5.64745545e-01 1.44740486e+00 -6.97594643e-01 1.34444892e+00
    1.59515345e+00 1.37129235e+00 -2.91669965e-01 6.60062313e-01
    1.44330657e+00 9.38380718e-01 8.36980283e-01 -4.58643019e-01
    1.62936711e+00 -8.43163133e-01 6.73075795e-01 2.96430230e-01
    8.82749498e-01 -5.87957978e-01 1.64469028e+00 8.81098390e-01
    1.74532437e+00 -3.01351666e-01 4.18813825e-01 4.29388165e-01
    -3.96280795e-01 7.36507773e-02 -4.43013012e-01 -7.91817665e-01
    1.84390473e+00 1.47644460e-01 1.64897656e+00 1.82563806e+00
    1.31034851e+00 1.66804481e+00 7.01765776e-01 4.77463722e-01
    1.25702715e+00 5.76056063e-01 -3.60282779e-01 2.52181292e-02
    1.67324257e+00 2.39081204e-01 -1.65898323e-01 -5.30378282e-01
    1.60356879e+00 1.37306750e-01 5.56176841e-01 -5.88003755e-01
    -3.39061439e-01 1.39953113e+00 5.14353991e-01 -5.74034989e-01
    1.13454628e+00 -3.91893387e-02 9.04580951e-01 1.88024068e+00
    -7.62151778e-01 -2.61166334e-01 2.60924280e-01 -6.64374828e-01
    -4.39851880e-02 6.32276356e-01 1.47934759e+00 -5.53806424e-01
    8.63737464e-02 1.67793632e+00 -4.59006160e-01 2.14148164e-01
    1.17555451e+00 1.77115273e+00 -1.29686415e-01 8.28850567e-01
    -1.54639006e-01 3.94062936e-01 1.05364799e+00 9.64375854e-01
    1.33640361e+00 2.24089801e-01 9.91236567e-01 -3.52544427e-01
    -1.50102437e-01 1.46880758e+00 1.75741589e+00 5.30104220e-01
    -8.25858116e-03 -3.32458615e-02 1.16733336e+00 1.31358719e+00
    1.24567556e+00 1.57369506e+00 -2.44747519e-01 -1.38158202e-02
    9.69647765e-02 1.52530885e+00 -5.97641349e-01 -6.53504550e-01
    1.58756077e-01 1.79928482e+00 9.62356627e-01 1.10301423e+00
    1.85610926e+00 1.70261443e+00 1.78617680e+00 2.46492028e-02
    6.52118742e-01 -1.84231460e-01 4.61941361e-02 7.29003131e-01
    1.09488726e+00 -7.84898341e-01 8.32835436e-01 6.10895514e-01
    -8.48275959e-01 7.57565141e-01 1.69356406e+00 -4.43348289e-01
    -5.00318348e-01 -1.23228490e-01 4.34284508e-01 5.98427892e-01
    1.13606787e+00 7.01286316e-01 -2.43583977e-01 -3.90152335e-02
    9.39957142e-01 1.67652857e+00 5.50148666e-01 -4.39963728e-01
    5.37934899e-02 1.60959506e+00 1.14052129e+00 -3.92561734e-01
    -7.80082762e-01 -5.95903754e-01 6.29411221e-01 -3.98864090e-01
    5.54201305e-01 -3.02569985e-01 1.83963394e+00 -3.96472245e-01
    6.54512942e-01 -1.35417700e-01 -4.55701321e-01 -2.90655375e-01
    1.43237150e+00 -3.50012958e-01 -6.39917731e-01 -4.31729406e-01
    -2.42736518e-01 -5.49583435e-01 7.57473648e-01 1.19035125e+00
    -6.38784826e-01 9.75542188e-01 -2.67706633e-01 -2.56584883e-01
    -1.03364646e-01 -6.18574202e-01 1.43748641e+00 1.47602248e+00
    1.10425282e+00 -2.98454106e-01 3.19948316e-01 -2.29582191e-01
    -5.10541201e-02 1.79706419e+00 1.07979596e-01 1.81761408e+00
    1.45745707e+00 7.77244806e-01 1.64913785e+00 -2.31009483e-01
    6.18069649e-01 5.63933253e-02 2.80996025e-01 1.35926008e+00
    1.07727444e+00 -4.21453595e-01 1.13586080e+00 1.46418428e+00
    1.21427357e-01 -6.81047857e-01 1.81030035e+00 -6.91058517e-01
    5.68385124e-02 4.83377457e-01 1.86868739e+00 1.34702671e+00
    2.11246967e-01 1.51140153e+00 8.22249472e-01 7.61458278e-02
    5.74867368e-01 -6.15958452e-01 1.63307524e+00 -1.49936080e-01
    1.70470309e+00 -2.03898966e-01 -2.67276347e-01 1.58133209e-01
    -1.63189173e-01 -2.38433301e-01 4.12643075e-01 -7.90712595e-01
    1.04415858e+00 -6.78105354e-02 4.13248122e-01 -6.98374689e-01
    1.73796797e+00 1.80469584e+00 -2.71931529e-01 -6.29327536e-01
    -6.74002588e-01 5.98263681e-01 5.73549807e-01 5.93180895e-01
    5.73583364e-01 2.86897004e-01 8.18161249e-01 2.03457534e-01
    5.38968384e-01 1.51390183e+00 -8.83864164e-01 8.01837385e-01
    3.05961549e-01 1.78314579e+00 5.09816527e-01 -7.31573105e-01
    1.54947853e+00 1.14088702e+00 -8.68760824e-01 6.52026474e-01
    6.14384234e-01 -8.75914872e-01 -6.81764841e-01 1.37971020e+00
    -3.04825306e-01 2.14772344e-01 6.98751271e-01 1.15454197e-03
    1.11776209e+00 1.51842880e+00 6.96278214e-01 -6.56457365e-01
    1.82982290e+00 1.16540611e-01 -4.63747591e-01 -5.79300523e-01
    2.06141055e-01 7.13878810e-01 1.14690840e-01 -1.61788642e-01
    8.44265759e-01 1.57108474e+00 -6.11820042e-01 8.31348240e-01
    1.80394948e-01 1.39838576e+00 -1.39618993e-01 1.61090875e+00
    5.53417265e-01 6.09925151e-01 3.82278562e-02 1.84568000e+00
    -8.63723040e-01 1.37798309e+00 -4.94758189e-01 1.62810707e+00
    1.46547318e+00 -8.78997386e-01 1.67340326e+00 1.13672400e+00
    1.25494337e+00 5.55677533e-01 1.24369729e+00 1.09199286e-02
    1.24784327e+00 -4.84500140e-01 1.02186012e+00 -3.34687710e-01
    1.79511642e+00 1.98229194e-01 1.24768364e+00 1.41470838e+00
    1.83396602e+00 5.32694280e-01 -3.57022345e-01 9.21026409e-01
    9.23580289e-01 2.84481645e-01 6.35373294e-01 8.68719041e-01
    -5.21297336e-01 6.73991859e-01 -9.02875066e-02 1.34407818e+00
    -5.16363740e-01 2.79282212e-01 6.07718349e-01 1.59646344e+00
    1.16524220e+00 -1.47231340e-01 -8.83029103e-02 1.61447942e-01
    9.31186199e-01 1.09242225e+00 7.52384245e-01 1.81736302e+00
    4.41676080e-01 1.21104074e+00 8.45177889e-01 -3.46448332e-01
    2.05348015e-01 1.44555378e+00 1.31116724e+00 -7.62631059e-01
    1.06430936e+00 5.96118689e-01 -7.81699836e-01 1.46110845e+00
    5.86213708e-01 8.89700413e-01 -1.80557728e-01 -4.72535253e-01
    1.23688626e+00 1.03804803e+00 1.09656644e+00 5.54431796e-01
    9.38089132e-01 -8.61684740e-01 1.22108984e+00 6.75227046e-01
    1.70336103e+00 1.55375862e+00 -2.87559986e-01 1.20696735e+00
    -6.31981969e-01 -6.52209580e-01 -2.16202497e-01 6.71402395e-01
    -6.13431156e-01 -3.34982097e-01 8.96694243e-01 1.71316481e+00
    -5.30734062e-02 -9.74913836e-02 -5.47102928e-01 -6.92539454e-01
    3.13338280e-01 1.67482674e-01 -1.81048870e-01 1.16242886e+00
    1.14050925e+00 1.22229683e+00 1.42859089e+00 6.27205551e-01
    -3.57160926e-01 1.25425041e-01 -1.62917554e-01 9.93509591e-01
    -4.58214790e-01 1.02319551e+00 1.57878709e+00 1.59930694e+00
    -5.79015613e-01 1.09034395e+00 1.57817054e+00 -1.54931009e-01
    1.42632198e+00 -3.42731476e-02 -4.26899940e-01 8.97043109e-01
    -5.41800976e-01 1.23106134e+00 8.65515113e-01 1.73493159e+00
    6.76862001e-02 9.96187747e-01 1.84429836e+00 -7.39859879e-01
    1.64579988e-01 1.51453948e+00 1.43469024e+00 7.20676005e-01
    8.85342956e-02 5.81351519e-01 -8.37813616e-01 -5.37244678e-02
    6.58564925e-01 1.93847835e-01 1.21503139e+00 -2.03434587e-01
    9.21979547e-02 1.36941314e+00 -5.07924914e-01 1.22774744e+00
    -8.73870254e-02 6.19305313e-01 -1.82314098e-01 1.59357834e+00
    -7.98495471e-01 1.34972250e+00 1.39602971e+00 -3.57928574e-01
    1.10933435e+00 -6.16931915e-01 9.12035823e-01 -3.75929058e-01
    1.73491895e-01 1.48735809e+00 1.05479181e+00 7.87057340e-01
    3.47595513e-01 -6.91166997e-01 -2.07775354e-01 1.41147804e+00
    2.19962597e-02 -7.95815468e-01 1.50847304e+00 1.47490692e+00
    1.21771574e+00 4.04609442e-01 1.28553915e+00 1.73071766e+00
    1.08684421e+00 -3.23151052e-01 1.62276578e+00 6.68695688e-01
    9.92482126e-01 -3.02396834e-01 1.39775681e+00 8.40972483e-01
    2.99525142e-01 1.20309949e+00 -1.33310676e-01 3.58805716e-01
    -3.22171867e-01 1.76181972e+00 2.49624670e-01 1.16002977e-01
    -6.22466743e-01 9.94124591e-01 9.94457006e-01 8.16312432e-01
    7.90833890e-01 1.45081687e+00 1.94166303e-01 -6.82222962e-01
    1.42075467e+00 5.93122244e-01 -1.21420920e-01 1.49094260e+00
    8.98247480e-01 -3.83203030e-01 1.15549159e+00 7.47787595e-01
    9.26628888e-01 9.55655277e-01 9.90437925e-01 1.09783351e+00
    3.12217474e-02 1.62277627e+00 6.49207234e-02 9.77284253e-01
    1.23050213e+00 2.41062284e-01 -5.53520441e-01 5.98392129e-01
    1.13728166e+00 1.60731792e-01 1.28577781e+00 1.27317762e+00
    1.16807938e+00 -5.23540020e-01 2.04913497e-01 1.23852611e+00
    3.22860837e-01 -4.84834373e-01 1.31626129e+00 1.26608658e+00
    7.52539396e-01 1.59939528e+00 -7.01878071e-02 1.25731099e+00
    7.49682724e-01 1.31860912e+00 4.45425212e-01 3.11055481e-01
    1.22701395e+00 -4.71139848e-01 2.34891653e-01 1.67424560e-01
    1.60724902e+00 -6.53499126e-01 5.46901524e-01 6.71420932e-01
    -4.15983438e-01 1.10332513e+00 -5.74517548e-01 1.00282276e+00
    -7.20234811e-01 -1.98980451e-01 1.29102564e+00 5.16735137e-01
    2.47328222e-01 9.64646161e-01 1.37098694e+00 5.24982035e-01
    8.83068442e-01 1.11879885e+00 4.44022417e-02 1.22739768e+00
    1.00683451e+00 1.41273141e+00 1.44375300e+00 1.27495515e+00
    -1.09963417e-02 1.21604395e+00 4.83789623e-01 -7.78448164e-01
    1.06666040e+00 1.02188468e-01 -1.26946568e-02 1.40865552e+00
    8.17742109e-01 8.69443297e-01 -4.48409796e-01 1.51907587e+00
    -4.55185205e-01 1.21434617e+00 1.66991687e+00 1.58872080e+00
    -7.68154263e-01 1.04335487e-01 8.82569551e-01 9.05354619e-02
    1.14089561e+00 6.15890265e-01 1.44220746e+00 9.49438870e-01
    5.49902201e-01 -1.17691398e-01 7.19420910e-02 7.63830543e-01
    3.31331909e-01 1.60120773e+00 -7.21066117e-01 1.27392983e+00
    1.01362097e+00 4.58458543e-01 2.74454951e-02 1.58175826e-02
    -2.11220682e-01 1.52767396e+00 3.08407903e-01 6.36996031e-01
    -2.48292565e-01 1.83776522e+00 -7.20881760e-01 1.01000834e+00
    -2.04088330e-01 -2.31859267e-01 -2.45921433e-01 1.33742285e+00
    6.88270390e-01 -7.77554095e-01 1.02952886e+00 4.53220308e-01
    -6.05215967e-01 -1.53997540e-01 1.54351974e+00 1.48615348e+00
    1.51686490e+00 6.77759945e-01 1.48999858e+00 1.08913779e+00
    6.40094340e-01 6.38536453e-01 -4.83392686e-01 -3.11841846e-01
    3.02667499e-01 9.35245991e-01 8.41154099e-01 3.36989760e-02
    5.15393376e-01 1.18409967e+00 -8.08210015e-01 -1.89241827e-01
    -5.73234081e-01 -4.01052237e-02 -1.56220794e-02 1.60000503e+00
    8.52160871e-01 6.02602184e-01 1.02832651e+00 -2.55692303e-01
    1.18867397e+00 -8.15918207e-01 -4.27235246e-01 4.07173932e-01
    7.95490324e-01 -4.65974480e-01 -2.30761468e-01 6.20279670e-01
    -6.74918413e-01 -7.68361151e-01 1.16783452e+00 9.13843393e-01
    9.23665285e-01 -7.61848450e-01 2.31631458e-01 3.27998042e-01
    1.45869064e+00 2.27404654e-01 -8.12328219e-01 1.77048802e-01
    5.78246355e-01 1.24374557e+00 -5.72794676e-02 1.42358637e+00
    1.06269169e+00 1.74236417e-01 3.46851945e-02 1.69016194e+00
    5.25280356e-01 1.14832354e+00 -7.59977818e-01 -4.62696582e-01
    1.39798284e-01 -4.20209467e-01 7.64304399e-02 -5.84932446e-01
    9.27053154e-01 -3.96007299e-02 -4.41900134e-01 1.76372743e+00
    9.18930411e-01 -4.31630671e-01 -4.52033252e-01 2.43565798e-01
    -3.44381750e-01 -8.37271869e-01 1.55154705e+00 4.38602746e-01
    1.76849723e-01 1.05164135e+00 -8.41664195e-01 -1.41312897e-01
    -1.41140401e-01 5.37811697e-01 1.46664512e+00 1.36609149e+00
    1.03574991e-03 1.73025870e+00 1.58070886e+00 1.36499941e+00
    8.95249844e-03 4.93738055e-01 7.73758292e-02 -7.42204785e-01
    -4.98246372e-01 1.58652496e+00 -3.41588378e-01 1.67608213e+00
    1.69911385e+00 2.62293339e-01 -6.22407019e-01 1.67982101e+00
    1.54412746e+00 -3.96960020e-01 1.59958649e+00 -6.54909134e-01
    -2.48651743e-01 -3.34928513e-01 1.45126152e+00 5.92785478e-01
    1.30162477e+00 1.57700968e+00 -3.61921489e-01 1.14998007e+00
    -1.24200940e-01 1.27964425e+00 4.31864858e-01 1.19717646e+00
    1.59275079e+00 1.32417154e+00 -8.91135335e-02 7.89881468e-01
    1.72714531e-01 1.75346899e+00 1.79105210e+00 8.50910008e-01
    2.44083762e-01 6.79113030e-01 4.39512730e-01 -7.57983148e-01
    -5.35548210e-01 9.64424133e-01 -2.84653604e-01 7.66474843e-01
    -5.66372991e-01 -1.29034460e-01 -3.64282370e-01 -1.18351936e-01
    -1.52488708e-01 1.61740828e+00 4.65035439e-03 8.94370675e-02
    1.53460193e+00 7.54699409e-01 5.40578067e-01 -1.18341863e-01
    8.61119628e-02 1.85599136e+00 9.83816385e-03 8.83710384e-03
    1.41741705e+00 -1.50567889e-01 1.64322996e+00 -7.00014234e-01
    2.96151876e-01 1.72157109e+00 4.22019124e-01 1.05078864e+00
    -8.01380932e-01 1.17611670e+00 1.16777921e+00 1.52263951e+00
    -6.78370178e-01 1.71290839e+00 1.17371523e+00 9.43111122e-01
    6.04141951e-01 -5.86531043e-01 1.01405978e-02 1.25650954e+00
    -7.74389625e-01 1.33700728e+00 8.14945996e-01 3.59927058e-01
    5.05916536e-01 3.57893109e-02 -3.02776754e-01 1.33935213e+00
    -6.38230324e-01 -2.32336342e-01 8.15682411e-02 5.14435768e-01
    5.70137322e-01 -4.96209174e-01 5.96383154e-01 1.47716331e+00
    6.19858027e-01 6.01523578e-01 8.54763389e-02 8.79670680e-01
    3.41412246e-01 8.26150656e-01 1.87408268e+00 1.01650262e+00
    7.46625960e-01 9.40989554e-01 -1.90538824e-01 9.56217766e-01
    1.75135100e+00 1.05320835e+00 7.60298550e-01 -6.73535585e-01
    1.35946798e+00 4.70998943e-01 -2.15803444e-01 -4.04186279e-01
    1.82796860e+00 5.44969916e-01 8.21492493e-01 5.91869771e-01
    9.90446627e-01 9.73237872e-01 4.17101383e-01 1.11341524e+00
    1.60393643e+00 -7.26146638e-01 1.01306438e+00 -6.11186206e-01
    9.11115766e-01 1.23923600e-01 7.98623264e-01 1.27367711e+00
    8.88286710e-01 -8.84872675e-02 5.75935841e-02 9.74043965e-01
    -5.77266097e-01 -3.32591534e-02 7.24638343e-01 8.38582754e-01
    -1.86072469e-01 3.83144736e-01 7.56258309e-01 1.47258937e-01
    1.27958632e+00 1.59794593e+00 -1.79023027e-01 4.81097162e-01
    7.72617280e-01 -9.13320184e-02 1.51919305e-01 1.86662865e+00
    -2.43168533e-01 -6.44315481e-02 -7.80271530e-01 1.68277979e+00
    -5.54917276e-01 -2.24613607e-01 2.57859945e-01 -1.64162397e-01
    -2.93545842e-01 -5.43458343e-01 -8.34882259e-03 1.17173719e+00
    1.61295331e+00 1.64297807e+00 -2.77245641e-02 -4.20668185e-01
    2.10969746e-01 5.12288630e-01 -6.31125629e-01 1.70542467e+00
    1.15812230e+00 1.75469160e-01 -3.08139443e-01 -6.65433288e-01
    1.24615669e+00 1.50985444e+00 8.53053033e-01 1.18510187e-01
    1.46386909e+00 9.75955844e-01 5.84676206e-01 -7.35451758e-01
    5.75925708e-02 1.02322447e+00 -4.77572143e-01 1.72967196e+00
    7.51707137e-01 -2.42992043e-02 1.77876306e+00 -1.37669563e-01
    2.02642858e-01 2.28500247e-01 7.66901493e-01 1.75340116e+00
    5.75303495e-01 -6.72305763e-01 -2.10447729e-01 1.57946849e+00
    1.22658861e+00 3.13549101e-01 7.15892315e-02 -1.61962509e-01
    3.91608298e-01 -8.74515057e-01 -3.67186069e-02 6.23416126e-01
    -7.01250732e-01 4.73340929e-01 4.68742788e-01 3.17568600e-01
    -7.96331167e-02 -5.14041841e-01 -7.61772394e-01 -1.32032216e-01
    -6.13609254e-01 9.39279854e-01 4.34375226e-01 5.02350509e-01
    1.47556329e+00 -1.36154890e-02 1.09627581e+00 3.73557746e-01
    -5.07763684e-01 -2.14674175e-01 -7.63555586e-01 -5.56923151e-01
    1.43348479e+00 8.95182908e-01 2.50885367e-01 1.62762642e+00
    1.07504582e+00 1.31067669e+00 -7.85861790e-01 -4.18036044e-01
    9.57928538e-01 8.50537419e-02 3.98084581e-01 1.01560700e+00
    6.29708469e-01 -8.30779791e-01 1.85319483e-01 8.18057775e-01
    -1.24681771e-01 -3.58897686e-01 8.24619234e-01 1.55517757e+00
    5.72640836e-01 1.59835184e+00 -4.58044827e-01 6.68886065e-01
    1.09710455e+00 1.66912365e+00 -4.82784003e-01 2.69838631e-01
    6.17740333e-01 2.28785813e-01 -7.85250127e-01 1.20081544e+00
    9.97570932e-01 1.31767201e+00 1.29063129e-01 5.58610916e-01
    1.54703665e+00 1.08860588e+00 -8.07917118e-03 -2.65602589e-01
    1.72290862e-01 1.33618999e+00 1.62000275e+00 1.04685616e+00
    3.78383994e-02 -6.85875893e-01 1.41604519e+00 1.87384796e+00
    2.95466840e-01 1.10106373e+00 8.31199586e-01 1.78165221e+00
    -3.74647975e-01 -2.29611397e-01 1.63097739e+00 2.47296631e-01
    1.07232058e+00 -6.52869344e-02 -7.88232505e-01 2.02854693e-01
    -7.25919366e-01 -7.02805579e-01 6.46088362e-01 9.85609829e-01
    9.93404508e-01 -8.49316120e-02 1.77491212e+00 1.16303372e+00
    1.35309708e+00 4.51916099e-01 -7.15425014e-02 3.70618343e-01
    2.01497793e-01 -1.40677452e-01 -3.76749039e-03 1.32833648e+00
    -6.63251877e-02 -5.08152962e-01 1.83493733e+00 1.85226882e+00
    3.64283800e-01 4.12889779e-01 9.31785464e-01 6.27610683e-01
    1.01922894e+00 1.38907468e+00 1.10772204e+00 7.14621007e-01
    -3.17602217e-01 -7.43539333e-01 -3.57374072e-01 -6.39257967e-01
    -5.17177582e-03 -1.57792032e-01 1.76163864e+00 1.14838958e+00
    -3.35900187e-02 -5.87571263e-01 1.36571479e+00 -1.75969064e-01
    1.15151429e+00 1.45620823e-01 2.19869077e-01 -4.24974084e-01
    -7.49529243e-01 4.87096965e-01 -3.46323371e-01 1.76817274e+00
    1.06429458e-02 1.78294921e+00 6.48960769e-01 1.54260850e+00
    -3.22090387e-01 3.76483917e-01 1.63529754e+00 3.50095749e-01
    1.47481263e+00 -1.64426744e-01 1.05040717e+00 9.86173868e-01
    8.50755274e-01 1.41292083e+00 -1.88160419e-01 1.00588346e+00
    2.94149458e-01 3.99800777e-01 -8.45359266e-01 6.83549225e-01
    9.58062530e-01 -2.87937701e-01 1.15051198e+00 7.96737075e-02
    1.83599162e+00 -3.20499539e-02 9.94645119e-01 9.32896256e-01
    -7.07618773e-01 1.61917555e+00 1.54806685e+00 1.41688776e+00
    1.68753922e-01 5.12028992e-01 -2.74093032e-01 1.00835443e+00
    1.41659248e+00 -3.19385648e-01 1.76170063e+00 -4.63921487e-01
    1.59162712e+00 5.55671811e-01 -8.23836863e-01 1.66459322e+00
    2.88407207e-01 1.80607700e+00 -8.19773316e-01 -3.14295709e-01
    2.58234978e-01 1.36387062e+00 -6.35617316e-01 4.17895913e-01
    -3.25190067e-01 1.80163097e+00 -3.43498468e-01 1.00822699e+00
    -7.31614113e-01 8.96829307e-01 5.94161749e-02 8.77024770e-01
    -8.26682389e-01 5.01538396e-01 4.89218354e-01 -3.91183525e-01
    -2.61671245e-01 -1.03257895e-02 -5.96098900e-02 -3.81386876e-01
    6.85857058e-01 1.07895696e+00 1.36908591e+00 1.43005204e+00
    -4.50853288e-01 8.35318446e-01 6.37597382e-01 4.61118698e-01
    -1.17145717e-01 -2.84695029e-01 -3.83789420e-01 7.21049249e-01
    -8.36667597e-01 5.46840370e-01 1.02097392e+00 -4.24450189e-01
    -2.51750648e-01 -1.26891673e-01 1.86362624e+00 1.12380481e+00
    -4.86611336e-01 -3.87219578e-01 1.17585230e+00 1.77521944e+00
    -2.76993454e-01 7.11737812e-01 -4.07863975e-01 5.03994167e-01
    3.69938195e-01 1.25210154e+00 -9.85458493e-02 -8.35561156e-02
    1.49451447e+00 6.38692379e-01 3.33953500e-01 5.85397601e-01
    -5.16429663e-01 1.60177374e+00 1.18059564e+00 1.40394068e+00
    9.22639966e-02 -6.61721885e-01 -5.45346379e-01 5.39591849e-01
    -9.05290782e-01 1.47240353e+00 1.62882066e+00 1.47758746e+00
    1.38041186e+00 3.42000008e-01 1.18938339e+00 -1.61777675e-01
    3.73249948e-01 2.34641194e-01 5.76977193e-01 1.00642288e+00
    -3.29364538e-01 6.82663500e-01 1.70078158e+00 1.71179867e+00
    -7.79619753e-01 1.56585455e+00 5.59526086e-02 -3.60291243e-01
    1.53374553e+00 1.22077799e+00 -2.40256786e-02 7.70404041e-01
    -8.17386925e-01 1.39583278e+00 -7.76135385e-01 1.84792256e+00
    3.16716909e-01 1.41134691e+00 1.30396080e+00 -7.44320214e-01
    6.36216462e-01 9.95448947e-01 1.74274421e+00 3.49696279e-01
    -6.16531730e-01 -5.91852069e-01 -1.07734978e-01 8.90851080e-01
    8.56267035e-01 -1.61782742e-01 1.21527863e+00 4.30260777e-01
    -7.76414514e-01 -2.01512992e-01 -4.48859543e-01 -2.59513617e-01
    -2.78126001e-02 1.48477817e+00 -7.30558336e-01 9.98072267e-01
    1.04963565e+00 -6.16073847e-01 5.17884731e-01 1.15698361e+00
    1.22301173e+00 -2.43620872e-01 1.86062479e+00 1.01220918e+00
    8.70580494e-01 -7.09138572e-01 2.47735441e-01 2.73266017e-01
    1.37489295e+00 -8.56796026e-01 4.68287706e-01 -6.08739734e-01
    2.62261808e-01 2.40730941e-01 5.27643681e-01 5.80342948e-01
    1.05117416e+00 1.69679642e-01 6.36138558e-01 1.18586183e+00
    3.65354121e-01 9.17392015e-01 4.23386514e-01 1.28189170e+00
    5.19109905e-01 1.28900588e+00 1.93802118e-01 1.73064041e+00
    -3.82327437e-01 1.99118972e-01 -5.55240929e-01 9.11036015e-01
    9.56399798e-01 1.20314598e+00 -7.81001449e-01 -7.69100070e-01
    8.19163680e-01 1.30063152e+00 6.84801817e-01 7.38752604e-01
    -1.35903001e-01 1.21780598e+00 1.32439303e+00 1.68265224e+00
    -7.63977289e-01 1.42765367e+00 1.57138586e+00 7.50002861e-02
    1.24257803e+00 1.77829003e+00 1.23336363e+00 4.78361666e-01
    1.31793201e+00 5.38021624e-01 2.67388105e-01 1.17381620e+00
    3.44938815e-01 8.80074680e-01 1.70482123e+00 -6.84425175e-01
    1.42148733e-01 1.63456237e+00 -9.74330306e-02 7.84963012e-01
    1.57711112e+00 1.31750715e+00 6.70987487e-01 -8.16213608e-01
    -7.15541065e-01 -2.51874089e-01 -3.14352572e-01 5.69629550e-01
    -6.59229636e-01 1.22749043e+00 -4.10197049e-01 1.56513119e+00
    1.51017427e+00 1.30887723e+00 -7.04661012e-02 6.04418218e-01
    7.49368668e-02 1.33667493e+00 4.65643227e-01 9.86290991e-01
    8.79400134e-01 1.97601318e-01 6.37051940e-01 3.05309892e-02
    8.85634124e-01 9.58350420e-01 -1.16940260e-01 -1.45176172e-01
    -6.16015613e-01 3.54675829e-01 1.74502325e+00 2.39306450e-01
    1.25142670e+00 4.71866071e-01 1.62028980e+00 1.37104094e-01
    7.39011586e-01 1.57593560e+00 7.01221287e-01 1.27974105e+00
    6.26064241e-01 -8.02903473e-01 9.83860791e-01 -4.05990422e-01
    -4.83763635e-01 -6.02839470e-01 1.68709683e+00 -3.47452760e-02
    -4.09920871e-01 1.75730109e+00 -5.94951510e-02 1.56307387e+00
    -1.54391348e-01 -3.68366867e-01 7.76433349e-02 -7.84941494e-01
    3.08012605e-01 -3.37796271e-01 -6.63260579e-01 9.24018443e-01
    -6.38454258e-01 8.30157757e-01 -1.49433732e-01 3.50052774e-01
    1.32607985e+00 1.45342064e+00 -4.89198923e-01 -2.23472953e-01
    1.23300576e+00 1.83151937e+00 1.43931329e-01 1.56142104e+00
    1.31783223e+00 1.18858171e+00 -3.99353445e-01 1.57079124e+00
    1.35447335e+00 2.82830834e-01 3.88694644e-01 1.94112182e-01
    1.11941457e+00 3.42041850e-01 -4.62357908e-01 7.18898773e-01
    3.01318169e-01 -7.43154764e-01 -7.56102204e-02 -2.52268493e-01
    1.37634420e+00 2.92241454e-01 -7.47995138e-01 -2.16358244e-01
    -3.51783633e-01 1.19552922e+00 -7.39649057e-01 5.81748784e-01
    1.38597548e+00 4.23315167e-01 3.13306570e-01 9.65897262e-01
    9.85598743e-01 -5.88641524e-01 9.19203579e-01 1.60638332e+00
    8.74199867e-01 1.76617348e+00 -1.50982380e-01 8.09292793e-01
    -2.95779228e-01 5.80958247e-01 3.42266977e-01 4.31475997e-01
    -4.25386071e-01 -2.71843910e-01 -4.83609974e-01 -2.80002832e-01
    8.65403652e-01 -1.82309926e-01 -6.70642972e-01 7.53623605e-01
    8.50294709e-01 -4.45282996e-01 -2.31942236e-01 -3.19591641e-01
    1.58474076e+00 7.62152672e-02 -3.84508610e-01 -1.92651749e-02
    4.65111256e-01 -5.02051175e-01 8.10105920e-01 -7.92781770e-01
    -8.89375627e-01 5.40486932e-01 -1.00123107e-01 -5.65204978e-01
    1.32763481e+00 1.27973783e+00 7.97785997e-01 -5.38289249e-01
    1.06718934e+00 8.09264839e-01 -7.30043888e-01 7.29131758e-01
    -8.99428964e-01 1.68658769e+00 1.27594316e+00 -6.08152747e-02
    -1.78417385e-01 -5.40745676e-01 6.83329105e-02 1.08105636e+00
    -7.04770207e-01 7.73174942e-01 1.59381711e+00 -3.74788105e-01
    1.41997635e-01 1.33627987e+00 1.04246092e+00 1.54535973e+00
    5.19831181e-01 1.81901705e+00 1.71485078e+00 6.00920737e-01
    1.62930703e+00 1.68710613e+00 -5.42869568e-02 1.48092151e+00
    -4.28623527e-01 -2.13657379e-01 1.93672776e-02 7.97291338e-01
    5.68966866e-01 -7.81080365e-01 -6.15543485e-01 2.49230504e-01
    7.93035507e-01 2.16660440e-01 1.72247064e+00 2.42164195e-01
    -4.58474874e-01 -2.64607072e-01 8.11530411e-01 5.68659961e-01
    2.06704319e-01 4.71965671e-02 1.02388811e+00 1.58289254e+00
    -5.52741826e-01 4.41810906e-01 2.00538635e-01 -8.25623095e-01
    1.26492667e+00 1.32892907e+00 3.66153717e-01 1.72495222e+00
    -6.07293427e-01 -2.79956639e-01 8.14908743e-02 1.72932625e+00
    8.67919862e-01 -5.77795863e-01 1.09091926e+00 9.51558232e-01
    1.55261755e+00 1.64468980e+00 3.90121341e-01 4.52053487e-01
    1.02787948e+00 1.16352928e+00 -7.45922327e-02 4.69445944e-01
    1.27530837e+00 -7.28741765e-01 7.71802425e-01 -8.58946741e-01
    -6.83478713e-02 -9.40940380e-02 6.77592278e-01 1.05297279e+00
    1.39254713e+00 1.27562535e+00 1.79109383e+00 5.86847246e-01
    8.85111749e-01 1.19550228e-01 -5.47503352e-01 3.85337949e-01
    5.77062309e-01 1.55018401e+00 1.18850219e+00 1.13877952e+00
    8.40216219e-01 -6.73689246e-02 -7.59556830e-01 1.80786073e-01
    -4.07338351e-01 6.88986599e-01 3.84128094e-02 1.52863216e+00
    1.03402078e+00 6.04919851e-01 1.57215655e-01 6.45837367e-01
    3.28848064e-01 6.93649948e-01 1.65938401e+00 1.41284513e+00
    8.42884123e-01 -2.74485052e-01 1.59417856e+00 7.50614524e-01
    1.33245564e+00 5.41906059e-01 1.61302078e+00 1.72388363e+00
    2.73133099e-01 1.06109071e+00 1.27860248e+00 1.06905818e+00
    3.49271357e-01 2.35381544e-01 -6.21979237e-02 -2.66657829e-01
    5.45859218e-01 3.24839175e-01 -7.73018599e-01 7.60056019e-01
    7.84536779e-01 4.12329972e-01 2.94712424e-01 -4.91843075e-01
    -1.40331864e-01 -6.32286310e-01 3.58998775e-02 2.67546296e-01
    5.55630922e-02 -5.19178033e-01 1.05174041e+00 -2.06266165e-01
    1.81411743e-01 1.27890956e+00 2.22927630e-01 7.30034828e-01
    1.00372219e+00 1.01008844e+00 -7.05313444e-01 8.32243562e-01
    1.57920241e+00 -1.88483953e-01 -6.21356428e-01 -1.73243463e-01
    1.39515376e+00 6.87736273e-01 5.25694370e-01 1.83075559e+00
    1.23763084e+00 -6.42097056e-01 1.32982767e+00 9.51033831e-01
    -7.70770788e-01 -8.07617605e-01 -8.16561580e-02 6.90473080e-01
    2.04504132e-01 1.15804672e+00 -3.12298059e-01 7.59973586e-01
    -5.65622449e-02 8.31318974e-01 2.47366369e-01 1.85142219e-01
    6.43558621e-01 5.21328628e-01 1.75411582e-01 1.47869825e+00
    -8.19526851e-01 4.33469117e-01 1.68756330e+00 1.79479384e+00
    9.37586188e-01 -1.06078207e-01 6.18754923e-01 6.17886007e-01
    1.65255272e+00 4.75331068e-01 -2.36136615e-01 -4.26444173e-01
    5.90870023e-01 -5.32149315e-01 -3.36668372e-01 5.53782105e-01
    1.62772655e-01 -2.30044723e-01 4.62048471e-01 1.04551494e+00
    -7.38343596e-02 7.85198987e-01 1.28285432e+00 -5.85712790e-01
    2.13803113e-01 8.68138433e-01 6.87810659e-01 8.65768552e-01
    -4.52853441e-01 1.74883986e+00 1.76910710e+00 1.62363172e-01
    1.79771256e+00 1.03143620e+00 -8.59792352e-01 1.07183146e+00
    1.14693797e+00 1.21896124e+00 -6.20532990e-01 1.10935271e+00
    -1.55594945e-02 -6.55687690e-01 1.13996029e+00 -2.44713843e-01
    1.56579590e+00 3.85923624e-01 4.57639694e-01 1.80557656e+00
    1.81347072e+00 7.96856999e-01 -4.78700191e-01 -7.99340129e-01
    9.34710026e-01 2.31519401e-01 1.95828080e-01 1.84564877e+00
    1.23665071e+00 -4.73797321e-04 1.17237210e+00 8.80459666e-01
    8.14294279e-01 3.60342026e-01 -6.47549927e-01 1.12011743e+00
    1.71690321e+00 -6.89641237e-02 -7.51267254e-01 -3.51551950e-01
    9.21770632e-01 6.10095263e-01 1.01345301e+00 1.50164247e+00
    1.35640585e+00 -5.85562468e-01 3.86159182e-01 1.80628633e+00
    -7.83757150e-01 1.56310701e+00 -3.14453125e-01 1.42376161e+00
    -2.46614218e-02 -6.24156594e-01 8.41481686e-02 1.04964149e+00
    1.68585229e+00 1.23640800e+00 7.50996411e-01 1.02131605e-01
    1.80006540e+00 -5.48915744e-01 6.56565309e-01 5.76180995e-01
    -8.28204572e-01 -1.26739681e-01 8.76022577e-02 1.92948639e-01
    1.51765847e+00 1.87408507e+00 2.71332860e-01 8.28399479e-01
    -6.96033239e-02 1.46917796e+00 9.01195705e-01 1.04903603e+00
    -6.42337680e-01 8.88375938e-01 1.82485592e+00 2.05119252e-01
    1.59664750e-01 2.60358334e-01 -7.77399540e-03 1.22453678e+00
    1.69680810e+00 7.61737943e-01 1.08308578e+00 -8.23540688e-02
    1.90969360e+00 -6.42499745e-01 6.50076032e-01 -6.15810454e-01
    1.77078021e+00 -3.52067947e-02 7.77356982e-01 1.48605466e+00
    1.10149598e+00 -6.53591156e-01 2.12097883e-01 2.34418929e-01
    8.11978221e-01 -7.75956094e-01 2.52549231e-01 1.23078096e+00
    1.16124988e+00 8.64497840e-01 1.65687084e-01 1.85279667e-01
    -2.56720781e-02 -2.10460544e-01 6.48280442e-01 1.78561473e+00
    1.65397954e+00 2.94217825e-01 1.46036077e+00 8.48253012e-01
    9.91430521e-01 1.61754906e+00 1.62808573e+00 4.58831429e-01
    -8.05356741e-01 5.25847316e-01 1.12463713e+00 1.08054471e+00
    1.79452109e+00 -1.50138140e-01 1.84970737e+00 8.71529818e-01
    4.79674101e-01 -8.17637503e-01 -5.16616046e-01 4.99399900e-01
    1.45236194e-01 1.21618831e+00 -3.88494045e-01 -6.18917942e-02
    8.93774450e-01 7.46777058e-02 8.84261847e-01 1.05445981e-02
    1.76265073e+00 -5.36704302e-01 8.65775347e-03 1.41956663e+00
    2.00249672e-01 -2.70795643e-01 7.73631513e-01 1.19457030e+00
    1.54250443e+00 -1.90818608e-01 1.06637764e+00 1.46214390e+00
    6.66292310e-02 -8.05397451e-01 1.83455217e+00 -5.09121537e-01
    -5.36822498e-01 1.30221438e+00 1.00990593e+00 3.21788311e-01
    -2.21917033e-01 1.06778157e+00 -3.20003629e-01 1.48192692e+00
    -4.23153818e-01 -4.35166001e-01 -8.39595556e-01 1.53424311e+00
    1.64716911e+00 -2.68869936e-01 -2.13918090e-02 4.85718250e-02
    -5.29078245e-01 5.01632214e-01 1.65195644e+00 6.34795666e-01
    1.53290200e+00 -3.71305496e-01 9.81774926e-02 -7.45277643e-01
    -1.50605261e-01 2.69012511e-01 1.28288579e+00 1.07513809e+00
    1.88778663e+00 1.53976548e+00 1.29896593e+00 3.40957761e-01
    3.00816536e-01 1.21394682e+00 -5.48774600e-01 -2.21521378e-01
    2.28932619e-01 1.55262089e+00 -8.36507499e-01 -4.50369596e-01
    1.58044744e+00 1.79520392e+00 -5.24466872e-01 -1.57885015e-01
    9.08879757e-01 -4.95188862e-01 3.55759859e-01 5.72818756e-01
    -2.85684824e-01 1.37601984e+00 1.71149015e+00 5.70903420e-01
    -1.45274997e-01 1.72958732e+00 2.86887705e-01 1.70148540e+00
    -7.23271668e-01 9.71761227e-01 5.85487843e-01 1.59465504e+00
    5.00493705e-01 -6.97024345e-01 7.29331732e-01 1.35168791e+00
    5.89074612e-01 6.30431950e-01 1.26195359e+00 -5.02977431e-01
    8.18189800e-01 7.74038613e-01 5.34813941e-01 1.27149701e+00
    -4.88244742e-01 -3.45386267e-01 5.19241929e-01 1.06773305e+00
    1.34642816e+00 1.27429152e+00 6.17335796e-01 7.78311849e-01
    -4.71646130e-01 3.65079165e-01 1.18042088e+00 -8.89496028e-01
    4.49601173e-01 -3.70026052e-01 6.21364713e-02 1.12257159e+00
    1.53601432e+00 2.88749516e-01 8.64851475e-03 -7.55941629e-01
    7.08682537e-02 1.15399790e+00 7.47753799e-01 -4.21191067e-01
    7.57203639e-01 7.98351586e-01 7.74326384e-01 -1.88423991e-01
    7.67357647e-01 1.45703673e+00 -5.38050175e-01 1.08231926e+00
    4.71476674e-01 2.46808410e-01 6.43092394e-01 -6.96528852e-01
    1.58461249e+00 8.35881233e-01 1.31354904e+00 6.92171574e-01
    6.69773936e-01 1.01768339e+00 1.47678566e+00 1.62946010e+00
    3.51495385e-01 -5.92274129e-01 1.21751523e+00 8.19042563e-01
    1.77984774e+00 8.56792629e-01 1.44920325e+00 1.61482120e+00
    1.81163430e+00 1.35509801e+00 -7.16452718e-01 9.98495102e-01
    4.36718464e-01 -6.72299504e-01 6.38930023e-01 1.00770020e+00
    1.74911642e+00 -1.65036380e-01 1.52630496e+00 -2.43749857e-01
    1.53273857e+00 9.27962482e-01 -5.95812678e-01 5.18399477e-03
    -1.39127135e-01 1.01667356e+00 1.67289293e+00 -4.59399521e-01
    -2.01464832e-01 1.45886552e+00 6.21382535e-01 6.90839887e-01
    7.16405988e-01 1.64787102e+00 -1.25741959e-03 -6.88886821e-01
    -1.48289263e-01 1.71918738e+00 6.56958580e-01 1.69484460e+00
    3.53903234e-01 1.54764462e+00 7.07572401e-01 1.53849936e+00
    1.66269088e+00 1.32556558e+00 -7.73009300e-01 3.25830579e-02
    8.23958516e-02 1.88215220e+00 -4.45299476e-01 -4.76233095e-01
    1.41890287e+00 6.87471986e-01 1.14324796e+00 1.17654562e-01
    -1.47776902e-01 -8.22973609e-01 9.29020107e-01 1.76553464e+00
    8.59192014e-01 -7.32349455e-01 4.52136815e-01 7.97014534e-01
    1.06171811e+00 -2.83911288e-01 4.27265823e-01 -1.02620840e-01
    -4.93580699e-01 9.19985950e-01 1.16296649e+00 5.57577670e-01
    -3.10423374e-02 -7.31195807e-01 5.16179264e-01 1.02384686e-02
    1.64554727e+00 1.20547318e+00 5.21125257e-01 -6.37927294e-01
    -7.08642006e-01 -1.50285602e-01 -1.99222505e-01 3.42297554e-02
    1.82499790e+00 -8.70333910e-02 1.50732934e+00 1.29030168e-01
    1.57538629e+00 -3.55392039e-01 1.92005277e-01 3.30366492e-01
    7.09040642e-01 8.91071022e-01 1.78872108e+00 9.40839052e-01
    3.05347800e-01 -3.76807123e-01 1.62947440e+00 4.67483401e-01
    1.43591881e+00 9.89362597e-01 1.46740127e+00 1.02148890e+00
    1.23027468e+00 -3.28277290e-01 1.35466421e+00 -8.47541630e-01
    7.96058059e-01 -5.41072488e-01 2.93213010e-01 -8.43724549e-01
    3.90300810e-01 1.01898694e+00 -3.43344629e-01 -6.82194710e-01
    1.03771114e+00 3.27550590e-01 6.15149498e-01 7.23428488e-01
    1.36838055e+00 1.44791722e+00 -7.24086165e-01 5.12355566e-01
    -6.04533434e-01 1.67162490e+00 -4.67232585e-01 1.73416698e+00
    -7.27908611e-02 -6.48338199e-02 1.29380941e-01 9.98747945e-01
    1.47857928e+00 1.31117368e+00 1.63027608e+00 1.04352736e+00
    -2.78697908e-01 1.56907368e+00 -3.49656940e-02 -4.91895676e-02
    -6.73402607e-01 2.04861879e-01 -6.42240465e-01 6.30476177e-01
    -6.77255213e-01 1.77148128e+00 3.13381374e-01 -5.55792689e-01
    9.13374603e-01 -3.66221249e-01 1.30527711e+00 -7.47274041e-01
    5.09104133e-01 -6.40364647e-01 1.28266788e+00 9.78506625e-01
    1.44652724e+00 1.43899488e+00 -1.93022609e-01 8.63873720e-01
    1.75918233e+00 5.34265697e-01 -2.43893266e-01 -2.02708900e-01
    1.85646391e+00 1.14731908e+00 1.84541535e+00 -4.97696996e-02
    4.39446032e-01 -3.04525793e-01 1.57890975e-01 1.53147936e+00
    5.75532973e-01 1.18531275e+00 5.59324503e-01 2.53245890e-01
    -2.47119486e-01 1.41726649e+00 7.72915542e-01 -5.18505812e-01
    4.02843058e-01 -2.67873585e-01 -5.92045784e-02 1.24148238e+00
    1.68051028e+00 8.94832790e-01 -3.04403067e-01 -3.21370542e-01
    -1.50868595e-01 1.49586487e+00 1.56541324e+00 1.16736531e+00
    -4.17922139e-01 -4.21453714e-02 1.79946995e+00 1.41000676e+00
    1.17559481e+00 1.22663093e+00 1.36920691e-01 1.21919227e+00
    1.79292583e+00 8.13256979e-01 3.93926561e-01 9.44718063e-01
    5.99948406e-01 -6.66476130e-01 1.51864231e-01 8.57336760e-01
    -2.69153833e-01 3.51127982e-02 1.04430842e+00 4.90223527e-01
    2.03201771e-01 5.77062368e-02 1.22686744e+00 1.00504136e+00
    1.77130580e+00 -7.59909987e-01 -2.19877720e-01 2.15272069e-01
    1.96194291e-01 1.05766463e+00 7.56330431e-01 -2.37553716e-01
    1.75755501e+00 1.74798846e+00 1.46895838e+00 -4.37776089e-01
    -5.35836041e-01 3.53499055e-02 7.13638663e-01 -2.94238746e-01
    -2.93608189e-01 -7.49998808e-01 1.15509629e+00 9.77050126e-01
    8.61905932e-01 3.65599811e-01 1.69288945e+00 -7.41189599e-01
    1.83271837e+00 -4.54598755e-01 1.56701398e+00 -2.34931707e-02
    1.97046638e-01 -6.26708567e-01 1.63253772e+00 1.10951853e+00
    8.61163259e-01 2.40646183e-01 3.07503998e-01 1.55254579e+00
    1.48528337e+00 3.24773371e-01 -7.90837109e-01 -4.84180331e-01
    1.00014615e+00 1.36832428e+00 2.97672689e-01 5.50843358e-01
    8.89465749e-01 1.01564670e+00 1.08730388e+00 8.48346949e-02
    1.88483262e+00 7.84074068e-01 -7.22059429e-01 5.11073291e-01
    5.90917647e-01 3.78979921e-01 1.30492091e+00 1.19979644e+00
    -7.76472390e-01 1.74565673e+00 -2.89293528e-02 1.60202193e+00
    1.45885730e+00 -2.54624665e-01 4.89703238e-01 3.33880365e-01
    2.01471567e-01 -5.70913315e-01 -1.62698627e-01 -4.46852446e-01
    1.24264109e+00 1.35143614e+00 -6.87881112e-02 1.71118844e+00
    -5.56431055e-01 1.20256424e+00 -3.13925385e-01 1.13526940e+00
    1.56470466e+00 1.27408695e+00 1.69767284e+00 1.32895613e+00
    4.42585468e-01 1.08402514e+00 -2.96628118e-01 -6.08144403e-01
    7.94158876e-01 -7.17397213e-01 -7.82901227e-01 1.31659877e+00
    -6.89166069e-01 1.50780559e+00 9.86236870e-01 5.19294381e-01
    1.62741709e+00 9.29474473e-01 1.67388701e+00 5.01251876e-01
    -4.57759470e-01 -4.49282706e-01 1.75678396e+00 -7.18921423e-03
    5.11481762e-01 -5.46539187e-01 -1.07466221e-01 5.05623341e-01
    9.28644240e-01 1.49930239e+00 1.22104943e-01 5.17266154e-01
    1.05670846e+00 -5.54643035e-01 1.33378208e-01 -7.89550126e-01
    1.35616589e+00 -1.40262663e-01 -6.50047183e-01 1.55472851e+00
    1.34956539e-01 -4.39601213e-01 7.03908145e-01 -2.05584824e-01
    -2.66833425e-01 1.52193904e-02 3.71623456e-01 2.07468569e-01
    -6.52592540e-01 1.42334342e+00 -5.02838969e-01 -4.51307893e-02
    8.66696715e-01 5.86233199e-01 1.01357126e+00 -4.73174453e-02
    1.31402934e+00 -1.50422394e-01 7.36876965e-01 -1.63979948e-01
    5.94173610e-01 -5.42909503e-01 1.67639852e-01 1.81632590e+00
    1.47481894e+00 1.62737703e+00 1.10259008e+00 1.28259993e+00
    -6.50469899e-01 -5.06965518e-01 6.11979842e-01 1.33170104e+00
    1.56611729e+00 -5.56339979e-01 1.68530226e-01 4.35041189e-01
    -6.74380362e-01 -5.57286680e-01 8.81594658e-01 -6.09244287e-01
    6.07349873e-01 -6.12077236e-01 8.80306959e-01 -2.92286396e-01
    -7.57861555e-01 -4.55598265e-01 1.72083402e+00 1.63937402e+00
    1.57464862e-01 1.16436124e+00 -3.73594284e-01 1.14482021e+00
    -4.79298830e-03 1.74305618e+00 4.11962032e-01 1.44153857e+00
    -1.94689631e-02 9.82752979e-01 5.41067779e-01 -7.60695994e-01
    -6.80307627e-01 1.56405127e+00 7.69589722e-01 1.33705354e+00
    -3.37067783e-01 2.61094153e-01 1.35139084e+00 -8.29415262e-01
    1.42160869e+00 4.32920098e-01 4.34810936e-01 2.74929404e-02
    7.66905546e-02 8.32265973e-01 -3.97018582e-01 -7.37759471e-01
    1.11244559e+00 -3.35363746e-02 6.79052293e-01 -2.43209422e-01
    2.86348104e-01 3.23385835e-01 -2.79947639e-01 5.94023824e-01
    5.69442213e-01 1.55402303e+00 7.57065117e-01 1.14465427e+00
    -1.77858293e-01 1.75814819e+00 1.39803791e+00 -6.20878220e-01
    9.79056835e-01 1.05013728e+00 -8.39979589e-01 -5.84478915e-01
    5.59180081e-01 3.88524950e-01 6.28412962e-02 8.29321325e-01
    9.76978660e-01 -3.85350585e-02 1.52005482e+00 1.65560174e+00
    1.88552094e+00 4.92191255e-01 -8.79025459e-02 -6.56147838e-01
    -2.86112666e-01 7.29998767e-01 4.23369884e-01 1.53261018e+00
    3.53203475e-01 1.85163116e+00 -2.97290921e-01 6.32244349e-01
    -5.97748041e-01 1.04877138e+00 1.73443115e+00 7.67313540e-01
    -6.58943236e-01 4.88495827e-03 1.25602126e-01 -6.57615781e-01
    -4.45744663e-01 -7.68549860e-01 1.96346223e-01 6.47505879e-01
    1.29504550e+00 8.39686275e-01 1.39794946e-02 -3.39359105e-01
    1.40019679e+00 -8.93171370e-01 7.72907495e-01 1.18366790e+00
    1.37376118e+00 1.53902316e+00 1.75239944e+00 7.78557777e-01
    -2.26610482e-01 2.11137176e-01 1.39526808e+00 7.00717628e-01
    -2.69208908e-01 1.59469676e+00 -7.20747352e-01 1.09466350e+00
    9.57255960e-01 1.85458040e+00 7.97696054e-01 1.41325045e+00
    9.45478082e-02 1.43168116e+00 -3.68835360e-01 5.91448724e-01
    4.88697529e-01 2.33433843e-02 -4.45901483e-01 -3.17174017e-01
    1.43228698e+00 5.17647922e-01 1.81498837e+00 1.19757056e+00
    9.29012716e-01 1.60952473e+00 5.81789434e-01 3.74953389e-01
    -7.82140434e-01 1.77952218e+00 1.62925720e+00 7.56959200e-01
    1.20547414e+00 7.94946373e-01 -7.52626181e-01 2.67040730e-02
    -2.28298128e-01 2.88375437e-01 7.00852573e-01 1.49059916e+00
    1.64876866e+00 1.43201447e+00 1.32955074e-01 9.22647119e-02
    -7.45269656e-02 1.33045673e-01 -3.08597267e-01 -3.39199483e-01
    3.70079935e-01 -3.85130644e-02 -8.24933529e-01 -5.04429102e-01
    1.28616953e+00 -2.90511847e-01 -4.58655775e-01 8.59545529e-01
    1.56638956e+00 1.21419573e+00 6.02549314e-03 -6.48668408e-02
    7.58447409e-01 5.13972163e-01 1.81898022e+00 3.57155323e-01
    8.41803372e-01 -2.50768363e-01 -7.13407755e-01 1.82023144e+00
    -2.08637059e-01 -8.02938282e-01 2.70172775e-01 1.40568590e+00
    1.17896843e+00 1.54719651e-01 1.60285568e+00 -7.16758132e-01
    8.09005976e-01 -6.03703499e-01 1.78377366e+00 1.92216814e-01
    1.66143239e+00 1.23954701e+00 1.69011700e+00 1.37000179e+00
    2.18226254e-01 -3.67173910e-01 7.31463909e-01 1.63586974e+00
    2.96102285e-01 -7.85923898e-01 1.67473388e+00 7.54899740e-01
    4.43178833e-01 6.21099651e-01 8.05335522e-01 1.48848569e+00
    -8.69958460e-01 1.55035758e+00 5.73180079e-01 -2.73290277e-02
    8.65175903e-01 1.07809973e+00 7.38993824e-01 -8.04225385e-01
    9.60086286e-01 -7.50515640e-01 -4.41246688e-01 3.52671444e-01
    1.70088792e+00 4.60672319e-01 -3.45293730e-01 8.60611558e-01
    1.87562227e+00 1.08491373e+00 -2.82146394e-01 9.02816236e-01
    9.66665864e-01 1.39477074e-01 4.51772690e-01 1.16876376e+00
    -5.05790830e-01 -2.78999329e-01 1.70670867e+00 1.15006626e-01
    7.88862109e-02 1.15070522e+00 1.89643240e+00 1.64134729e+00
    1.18053818e+00 4.13457811e-01 4.50643837e-01 1.88771725e+00
    8.66187811e-02 1.34034836e+00 1.44727612e+00 -7.43914247e-01
    -5.69821239e-01 2.51865387e-01 1.79966927e+00 5.33899128e-01
    1.23015022e+00 1.18277478e+00 9.56928492e-01 6.97713733e-01
    1.20098257e+00 -2.07532644e-01 1.67456675e+00 1.68480802e+00
    1.42311287e+00 1.73439944e+00 6.72566593e-01 1.80554891e+00
    5.65566599e-01 -2.50976205e-01 -8.43333125e-01 -7.49277890e-01
    -3.92145455e-01 1.72294188e+00 8.48234355e-01 1.81897938e-01
    1.57238889e+00 6.46673381e-01 5.16301990e-02 -8.45991850e-01
    7.54906476e-01 1.28472102e+00 1.08058929e-01 1.43406343e+00
    1.08241975e-01 -7.06806600e-01 -1.62337899e-01 -5.70839047e-01
    -5.11115134e-01 1.30821717e+00 -5.70302606e-01 1.59440982e+00
    1.77589035e+00 1.68275213e+00 -6.61128402e-01 -1.10237300e-01
    -4.02633369e-01 -5.91704190e-01 2.00115144e-01 -4.11564827e-01
    1.58432746e+00 1.59446657e+00 -3.05821419e-01 1.17684174e+00
    -1.45509243e-01 9.91769493e-01 6.64277911e-01 -1.95260823e-01
    -7.06571341e-03 1.32742631e+00 -5.83727419e-01 1.62005866e+00
    -2.96135962e-01 2.60363817e-02 1.07272387e+00 7.45462596e-01
    -1.28198862e-01 2.54243731e-01 1.45014846e+00 5.81774771e-01
    1.16798472e+00 -1.88688457e-01 1.68593526e-01 3.06073964e-01
    3.70803416e-01 6.19045496e-01 1.97005689e-01 1.32415986e+00
    1.21568990e+00 1.42730618e+00 2.66812444e-02 1.13931227e+00
    1.08655179e+00 2.66227126e-02 1.29613042e+00 1.27750301e+00
    8.57877672e-01 1.12239063e+00 5.35797775e-01 -7.29699850e-01
    4.57172334e-01 5.76831520e-01 -7.03526974e-01 3.10240030e-01
    2.27650881e-01 4.44798410e-01 7.59383261e-01 -8.38553071e-01
    -4.86462504e-01 8.86499882e-04 2.01456130e-01 1.14020050e+00
    1.68602622e+00 -5.36806583e-01 1.33638132e+00 8.57975125e-01
    4.54411924e-01 1.71472383e+00 1.75557113e+00 -5.08748114e-01
    4.13149178e-01 1.74294078e+00 1.52907407e+00 1.41447520e+00
    -2.91201472e-01 1.62783599e+00 -1.17907703e-01 -7.77344525e-01
    -7.52952099e-01 -2.82224059e-01 1.59838057e+00 2.90544629e-02
    1.39113855e+00 -8.73465121e-01 -6.34185851e-01 9.86984253e-01
    1.41950488e+00 1.42555785e+00 -6.69317961e-01 -6.64351761e-01
    1.82123041e+00 1.33050215e+00 -8.11125338e-01 -4.42263305e-01
    -1.82261586e-01 -7.00589061e-01 8.51965129e-01 6.18392825e-02
    1.09140587e+00 9.87059712e-01 -4.84283298e-01 -4.86980021e-01
    9.91294801e-01 1.77044702e+00 1.17135155e+00 1.17663431e+00
    -4.32969421e-01 1.83887732e+00 1.48701310e-01 1.29112530e+00
    5.40512204e-02 9.02730525e-01 -9.26182866e-02 8.61082315e-01
    8.60114694e-01 6.84345067e-01 -4.86395895e-01 3.91915441e-01
    1.79711056e+00 1.79833627e+00 -4.62062359e-01 9.92348135e-01
    7.07227051e-01 1.74106956e+00 -5.10800838e-01 3.25642169e-01
    9.82402325e-01 -2.28862047e-01 -2.04716861e-01 5.97721994e-01
    1.77244091e+00 7.07822561e-01 -6.95112705e-01 -5.35840869e-01
    -6.96068645e-01 -7.48305917e-01 -3.34214628e-01 4.78476644e-01
    4.10883188e-01 6.87104762e-01 2.89509892e-02 7.44321525e-01
    6.71788216e-01 1.75373030e+00 5.64354122e-01 1.79573631e+00
    1.36331117e+00 1.17909372e-01 6.52679324e-01 2.98040509e-01
    1.45793200e+00 1.14784348e+00 1.61595523e-01 5.16097784e-01
    1.36597276e+00 1.31166506e+00 1.34391952e+00 1.38019097e+00
    1.62551594e+00 1.02102304e+00 4.91386354e-01 1.47822130e+00
    4.53872561e-01 4.22949791e-01 -4.14026111e-01 1.75646961e-01
    1.31998968e+00 1.81583858e+00 3.07445765e-01 7.19643235e-01
    1.76049876e+00 1.04101467e+00 -3.40187371e-01 9.01823223e-01
    1.27695167e+00 5.41490912e-02 5.16847372e-02 2.46757269e-03
    -4.57832128e-01 -4.00507331e-01 -7.72576571e-01 -5.74568510e-01
    -4.12009478e-01 8.25322330e-01 4.44849730e-01 1.13619268e+00
    1.73968136e-01 -2.09816217e-01 1.58217275e+00 3.61725152e-01
    -9.30598378e-02 1.40334082e+00 1.85512948e+00 -2.17409730e-02
    1.78252399e+00 1.35820627e+00 7.35586464e-01 8.35122466e-02
    1.10286927e+00 -6.61099553e-02 1.27279997e+00 1.24189746e+00
    9.71239984e-01 7.68690526e-01 1.71751618e-01 -4.18052167e-01
    1.57469690e-01 1.17925370e+00 1.27844644e+00 1.09962809e+00
    -2.42791653e-01 -8.12392592e-01 1.27767229e+00 1.75628924e+00
    8.23323667e-01 2.58268595e-01 1.78805649e-01 1.12649345e+00
    1.13469839e-01 5.70231497e-01 9.33730721e-01 1.33095682e+00
    2.25154340e-01 9.73921061e-01 -2.35989034e-01 1.72241628e-01
    -1.04270041e-01 -1.89086556e-01 -8.38514864e-01 -5.70573807e-01
    5.03511131e-01 -3.03484023e-01 -5.15804291e-01 -5.08880615e-03
    7.63678551e-03 3.99347723e-01 9.55889821e-01 -4.53934073e-02
    7.96398342e-01 -3.65744084e-01 1.66339374e+00 -5.47776461e-01
    -7.08560944e-01 1.24666405e+00 1.16653705e+00 9.45174336e-01
    -8.34118605e-01 -6.81727409e-01 1.19513643e+00 -3.38842988e-01
    -6.89471960e-02 5.17676055e-01 1.74281931e+00 1.63376522e+00
    7.63673782e-02 -5.82878590e-01 -4.01510000e-02 1.34121442e+00
    -8.74763727e-03 -1.75072014e-01 -8.27253044e-01 1.37841749e+00
    -7.01565325e-01 -4.11842525e-01 1.52009630e+00 1.29748559e+00
    2.92000234e-01 2.23839760e-01 6.24373198e-01 1.44714832e+00
    -2.11024284e-02 -6.91280127e-01 1.68152809e-01 1.14378500e+00
    -1.03366673e-01 -6.53761625e-01 1.67053401e-01 9.55018580e-01
    -3.51853609e-01 6.60987198e-01 1.38604307e+00 -4.25756663e-01
    6.41254961e-01 5.69265664e-01 -8.01283658e-01 1.25318444e+00
    6.49529815e-01 -3.01318705e-01 1.64062595e+00 -8.16869020e-01
    -3.85004133e-01 8.89186144e-01 4.43634570e-01 -1.00014329e-01
    1.75489378e+00 -3.49912345e-01 4.96591210e-01 -7.51834571e-01
    -5.62552452e-01 9.33569670e-02 -5.60996950e-01 -6.37407541e-01
    -5.52862287e-02 1.27381015e+00 3.29586387e-01 8.43782127e-01
    1.84313726e+00 4.38169539e-01 -1.50972605e-01 -3.29799712e-01
    -2.29797900e-01 -6.39666975e-01 1.31164455e+00 5.83170354e-01
    -4.00405437e-01 -4.23921376e-01 1.39934421e-01 -2.01916397e-01
    1.21092582e+00 -4.19345498e-01 -6.75219834e-01 1.83436751e+00
    1.14035702e+00 -8.79075348e-01 -5.72103262e-02 7.91793764e-01
    -2.72458017e-01 -1.70473516e-01 6.80532753e-01 -2.11282253e-01
    1.32467103e+00 9.69025671e-01 1.98968589e-01 1.26784587e+00
    -8.66506696e-01 -8.32163632e-01 -8.05398226e-02 1.14202774e+00
    1.46172547e+00 1.48570561e+00 -8.54566813e-01 8.91503215e-01
    -8.66981804e-01 -2.51497090e-01 -9.21877623e-02 1.72086906e+00
    2.25182414e-01 1.38063622e+00 -4.82110381e-02 1.32484388e+00
    1.86538160e+00 1.49179482e+00 1.38975739e+00 1.61782098e+00
    -7.37236738e-01 1.48330426e+00 -4.72418338e-01 1.07033443e+00
    -1.91090524e-01 -2.32355893e-01 -1.11151040e-01 1.81634057e+00
    4.35281575e-01 5.78269839e-01 1.12384558e-03 1.09268832e+00
    1.61972308e+00 -2.67072260e-01 -6.88644886e-01 8.15371335e-01
    -5.72508752e-01 3.74747455e-01 -1.90986395e-01 1.48634720e+00
    1.08342957e+00 1.29500890e+00 -7.34441638e-01 -6.56979620e-01
    8.53963792e-01 -1.49097979e-01 -2.94802725e-01 -7.06017435e-01
    1.60067046e+00 1.29675508e+00 -5.17380357e-01 8.29979539e-01
    1.35317743e+00 6.88490272e-01 -1.17531002e-01 -4.63003308e-01
    5.60004115e-02 -2.16109455e-01 1.37888598e+00 4.14246321e-03
    6.40796721e-01 1.50315762e-01 3.38543236e-01 1.81389761e+00
    1.36347747e+00 1.81527519e+00 -6.24022245e-01 7.70298600e-01
    7.06662953e-01 1.64235377e+00 -2.18476713e-01 -3.32411647e-01
    1.64341426e+00 9.11081553e-01 1.76448977e+00 1.04240119e+00
    1.77596164e+00 2.81260967e-01 -7.14669943e-01 4.79736269e-01
    9.61687803e-01 -5.82062960e-01 9.95619476e-01 -5.58653772e-01
    -3.71147275e-01 -6.72797263e-01 9.48269546e-01 -2.61163890e-01
    -3.72328937e-01 1.11260962e+00 4.25392330e-01 1.18793893e+00
    -5.15907645e-01 2.71542311e-01 1.53597510e+00 -7.95120537e-01
    1.05128527e-01 1.82702470e+00 7.59913802e-01 -6.65031552e-01
    6.22302651e-01 -4.73260522e-01 1.78913856e+00 -4.50150400e-01
    6.29008234e-01 2.46771574e-02 5.67467272e-01 1.36952043e+00
    -1.05706632e-01 4.68592644e-02 -7.81109095e-01 1.30993152e+00
    -8.11657310e-02 -2.45676696e-01 -3.48615944e-01 -4.34467196e-02
    -6.38316631e-01 3.43509078e-01 3.33995163e-01 3.21587265e-01
    1.63744700e+00 -3.79681438e-01 1.10936129e+00 1.80874407e-01
    4.63590026e-02 1.16203761e+00 1.82578158e+00 1.55831838e+00
    7.85744369e-01 1.26542747e-01 1.78207767e+00 -4.09644246e-02
    1.56037545e+00 -6.25449240e-01 1.05442500e+00 1.86564875e+00
    -1.64631486e-01 5.13890147e-01 4.87607360e-01 1.27581382e+00
    -1.79146051e-01 -5.63582718e-01 1.01101041e-01 -2.71782160e-01
    1.03624654e+00 -4.99562681e-01 -6.28762245e-02 -2.27768660e-01
    -4.83051538e-01 3.68910253e-01 6.30113780e-01 2.27644920e-01
    7.59423196e-01 1.40668547e+00 4.63107347e-01 6.52374148e-01
    -2.55227149e-01 7.18187153e-01 1.94681227e-01 -5.66257954e-01
    -9.59566236e-02 5.14397085e-01 -8.33085716e-01 1.44071829e+00
    9.90529060e-01 -2.69019246e-01 -8.07063222e-01 4.64312255e-01
    -7.75277138e-01 3.08961868e-02 -4.29447293e-02 -2.77303457e-01
    2.85753608e-01 3.15341711e-01 -2.79793441e-01 -9.19988215e-01
    -1.77088022e-01 1.46777380e+00 1.18596435e-01 1.03559494e-01
    -6.79614663e-01 1.09691763e+00 1.18791270e+00 1.70118868e-01
    5.44529796e-01 1.14393854e+00 -3.09332490e-01 -1.62412345e-01
    4.41761911e-01 5.34315467e-01 1.64784336e+00 -4.50733781e-01
    1.55743790e+00 1.23099744e-01 8.45466673e-01 1.21472776e+00
    1.37786710e+00 1.03632045e+00 2.14155674e-01 1.50359535e+00
    5.57547033e-01 -4.88511443e-01 6.66184425e-01 -6.05785191e-01
    -8.53852868e-01 1.35159969e-01 -7.18839407e-01 -1.63311422e-01
    1.14690530e+00 -4.96745110e-03 4.41045761e-01 -3.81435752e-02
    -8.24836671e-01 -5.41143239e-01 1.62495863e+00 3.20919633e-01
    2.88534343e-01 3.27336550e-01 1.80579472e+00 2.46339500e-01
    1.31736994e+00 1.13655043e+00 3.31373692e-01 -1.03310466e-01
    6.40496910e-01 1.85851467e+00 -6.39499784e-01 -6.63199663e-01
    1.65462923e+00 -7.42805600e-01 -1.47145033e-01 -8.32175910e-01
    9.27367210e-01 2.26790547e-01 -8.21973443e-01 -1.66786969e-01
    8.35826218e-01 1.79480386e+00 -3.61382604e-01 4.87232447e-01
    -4.18401837e-01 1.66712725e+00 1.26229405e+00 9.05257046e-01
    -2.35106468e-01 -4.46044236e-01 4.70290840e-01 4.17362094e-01
    1.74359632e+00 -5.09656072e-02 -8.39688957e-01 6.59292936e-01
    6.43857360e-01 1.50456178e+00 -5.38258135e-01 -3.42488647e-01
    4.23801541e-02 2.71987200e-01 1.74479055e+00 -2.64625251e-01
    1.44913197e-02 3.24221611e-01 4.82897878e-01 8.89406621e-01
    -4.89886999e-02 1.12738669e+00 3.09468210e-01 1.26172078e+00
    9.45165992e-01 1.96761131e-01 6.20038807e-01 1.84973836e+00
    9.01552022e-01 -1.29583955e-01 -7.69663155e-01 3.62938523e-01
    7.59927630e-02 -5.95413864e-01 1.68065393e+00 1.38567770e+00
    9.95837808e-01 5.85804284e-01 1.68317580e+00 -4.88803089e-01
    5.44651628e-01 1.36237574e+00 3.24459553e-01 1.09718990e+00
    -2.33074129e-01 1.72939634e+00 3.18947732e-01 1.77174985e+00
    6.53936327e-01 1.29236519e+00 1.13668156e+00 1.71767044e+00
    8.42741132e-02 8.64826679e-01 6.93035722e-02 1.39237678e+00
    6.97706044e-01 1.41703582e+00 1.13718200e+00 4.74949777e-01
    -5.62818289e-01 4.24215019e-01 1.60452139e+00 2.87347615e-01
    -4.75012153e-01 5.34827292e-01 3.53735983e-01 9.87413287e-01
    6.82472587e-01 -4.92412955e-01 7.04053640e-01 1.57851791e+00
    1.05241418e+00 1.34557724e-01 1.60726786e-01 -1.33025646e-01
    -2.64255702e-01 -1.16158128e-01 1.89497769e-01 -6.27743483e-01
    -2.82300949e-01 2.52371430e-02 -3.24934363e-01 7.74562836e-01
    1.43283439e+00 1.02144599e+00 1.03146815e+00 1.24503589e+00
    -2.56907642e-01 9.95438099e-01 -6.91751957e-01 -7.37304688e-01
    1.77034831e+00 -3.42984736e-01 1.15393591e+00 -2.06493080e-01
    -9.06735718e-01 -3.37835371e-01 -6.77330911e-01 1.83599269e+00
    7.16484129e-01 8.51768672e-01 -3.56579304e-01 1.18387365e+00
    1.11036026e+00 1.54550493e-01 -4.14091349e-02 -2.02826381e-01
    1.08701181e+00 1.76112413e-01 -5.41010797e-01 1.58829522e+00
    -1.72557533e-01 -9.00020480e-01 5.27360499e-01 1.56871665e+00
    7.85256624e-02 -4.05095339e-01 6.31559253e-01 6.25438690e-02
    1.13721299e+00 1.44777989e+00 3.88357639e-02 1.73636818e+00
    -1.02369130e-01 1.73207438e+00 1.73842180e+00 -2.72822499e-01
    1.31074166e+00 6.45729482e-01 -8.20922375e-01 -6.68862045e-01
    -7.07899451e-01 5.86157084e-01 1.53309548e+00 -4.07842755e-01
    3.90792310e-01 -5.70360839e-01 -5.89666963e-02 6.88964128e-03
    4.55908597e-01 -5.76348901e-01 4.28065360e-01 -2.11785436e-02
    9.50293601e-01 1.69369638e-01 1.48887396e+00 7.37031519e-01
    1.87544167e-01 -3.08843136e-01 1.47727251e-01 1.72575402e+00
    1.33288240e+00 2.59669602e-01 1.11644053e+00 5.36815763e-01
    -6.18144274e-02 -2.50786781e-01 1.43746996e+00 1.39349639e-01
    1.47134089e+00 6.93438828e-01 6.04047716e-01 -6.51893020e-01
    -4.52245921e-01 8.19415987e-01 -6.52120829e-01 1.59824455e+00
    -3.15610290e-01 8.51933658e-01 1.74879360e+00 1.05236721e+00
    6.14261031e-01 -1.35032773e-01 1.81722546e+00 3.19733620e-02
    4.59640920e-01 5.59024215e-02 -5.67985177e-02 6.39647126e-01
    2.67673194e-01 4.07255292e-01 1.20553434e-01 1.63933504e+00
    3.39026392e-01 1.33208370e+00 -1.38274372e-01 9.08553183e-01
    1.82111168e+00 1.70047235e+00 1.69077659e+00 9.21693742e-01
    1.14667869e+00 -4.36143190e-01 1.76111090e+00 1.51888466e+00
    3.60919714e-01 4.48309779e-01 7.61304736e-01 -3.10896635e-01
    1.23364401e+00 -3.87514830e-02 8.43761146e-01 1.54702973e+00
    1.66830754e+00 -6.86349273e-01 5.38638175e-01 7.82984614e-01
    1.01952696e+00 -5.98703980e-01 2.82011390e-01 2.27969050e-01
    1.41682971e+00 -1.34269297e-01 -2.32421756e-02 1.86242831e+00
    1.05726361e-01 5.89576423e-01 1.37144971e+00 5.10636628e-01
    -4.94710088e-01 1.48147845e+00 -6.52914643e-01 -6.81330979e-01
    8.07532251e-01 3.51135373e-01 -7.01726913e-01 -4.73740280e-01
    3.56761396e-01 2.23106563e-01 1.21352220e+00 -1.48519814e-01
    9.73175704e-01 -7.69892275e-01 1.56024837e+00 1.00094414e+00
    -3.32718849e-01 1.12442422e+00 6.04936898e-01 1.60849094e+00
    -2.08623230e-01 -7.91826785e-01 -6.37828827e-01 8.58421624e-01
    -1.61525548e-01 -9.73086953e-02 1.80745721e+00 8.08206320e-01
    -5.20239949e-01 1.41891170e+00 1.61476135e+00 -7.13523030e-02
    -3.97379518e-01 8.92600417e-01 5.02773643e-01 4.07260537e-01
    -7.57739902e-01 -8.93879354e-01 1.33362377e+00 1.58476067e+00
    7.43033230e-01 -2.02715993e-02 1.54077411e+00 1.49743342e+00
    8.34013641e-01 1.59144998e-02 -6.37503922e-01 6.64647937e-01
    -2.89330482e-01 5.97560763e-01 -5.39911866e-01 -2.52432525e-01
    -7.42163181e-01 7.93914080e-01 -4.60278332e-01 -5.14833808e-01
    -6.05459809e-01 1.23293746e+00 2.86117613e-01 -7.25797653e-01
    3.95577192e-01 9.40256119e-02 5.86302102e-01 3.14743578e-01
    1.10266542e+00 7.95520544e-02 9.16547894e-01 1.67818117e+00
    -5.30975223e-01 4.76115525e-01 -4.97938246e-01 1.61852837e+00
    1.24097931e+00 -2.06540525e-01 -2.93120921e-01 1.78065789e+00
    6.52732551e-01 -8.74510825e-01 -5.32229066e-01 1.43196356e+00
    1.24759126e+00 -5.11225700e-01 6.42200232e-01 1.11355734e+00
    1.50820923e+00 -5.34258604e-01 -5.55682123e-01 1.14917815e+00
    9.54025328e-01 -5.39585590e-01 2.43498862e-01 -5.41300774e-01
    1.01257920e+00 -8.00890625e-01 -2.64359713e-02 4.13225234e-01
    -8.39676678e-01 -6.38390362e-01 1.74835825e+00 1.67149138e+00
    -2.19133794e-01 5.72193980e-01 8.57793391e-01 -6.49097323e-01
    -3.73439968e-01 1.70816016e+00 1.62689686e+00 -3.35584909e-01
    3.17348242e-01 -2.16431141e-01 1.41040087e+00 5.34248054e-01
    1.28705657e+00 1.83063197e+00 -2.17743754e-01 6.08373463e-01
    -2.94461191e-01 -4.09231305e-01 1.19784355e+00 1.24253106e+00
    -5.98319113e-01 3.44885290e-01 -5.97570896e-01 -7.02894330e-01
    1.21857142e+00 -7.07354009e-01 9.99847233e-01 -6.95668638e-01
    -4.75649118e-01 1.27452517e+00 1.41535807e+00 1.74423599e+00
    1.07638836e+00 -7.12031603e-01 4.33695912e-02 8.89380872e-01
    1.38691998e+00 -7.44994223e-01 4.57910657e-01 2.83457100e-01
    -2.37854898e-01 1.21722770e+00 -8.97429168e-01 1.79821444e+00
    1.74234033e+00 -8.35005522e-01 -6.46646202e-01 9.49596167e-02
    -9.86617804e-03 2.25380182e-01 -3.04383039e-02 1.15886283e+00
    1.31194615e+00 -2.84663439e-01 -7.00722754e-01 1.33831310e+00
    -5.91397047e-01 9.06416297e-01 7.72442102e-01 1.77789128e+00
    -5.44875860e-02 -8.27308297e-02 4.52953815e-01 1.80770826e+00
    -4.19009358e-01 -5.94199598e-01 -2.58544266e-01 3.38967621e-01
    1.64072120e+00 5.83442092e-01 1.09516680e-01 -1.65611267e-01
    1.74401760e-01 -1.31896734e-02 5.72496653e-03 1.58748627e+00
    -4.50710326e-01 1.31868124e+00 1.84198093e+00 -6.42482042e-01
    1.85678244e+00 -6.46113455e-01 -6.48894012e-01 1.72621131e-01
    -8.08457196e-01 -3.47129941e-01 6.60701334e-01 -8.62524450e-01
    -1.91988349e-01 -2.66905963e-01 8.93563390e-01 -1.22096360e-01
    -6.27838373e-01 1.62123752e+00 1.31200314e-01 1.46990430e+00
    -7.47413874e-01 3.80232930e-01 9.54297781e-01 7.43054032e-01
    5.74499965e-02 -6.91213846e-01 -4.25590545e-01 9.25330400e-01
    1.64660215e-02 -1.03413582e-01 1.79066563e+00 -7.90998518e-01
    1.34625280e+00 4.75900114e-01 -1.53320134e-01 -3.45613241e-01
    1.46577287e+00 6.64821267e-02 1.81894720e+00 1.87881351e+00
    6.93555355e-01 -8.59483540e-01 1.17251539e+00 -8.90870094e-01
    -5.02207875e-02 1.15987420e+00 7.39984632e-01 -6.21059537e-02
    1.11930370e+00 -6.56674862e-01 6.74832344e-01 1.01066208e+00
    5.38376570e-01 -4.98405725e-01 7.26585984e-02 -8.28534484e-01
    1.08532882e+00 1.16832614e-01 9.60319221e-01 1.56764567e+00
    2.43515730e-01 1.49736261e+00 -3.80193591e-02 9.95617390e-01
    1.44743466e+00 1.26841486e-01 9.53968346e-01 4.94476557e-01
    -6.18969798e-02 1.78904891e+00 1.25880551e+00 -6.77672327e-01
    -8.53851318e-01 5.68436444e-01 1.22900963e-01 1.18722081e-01
    1.44859314e+00 1.23242569e+00 1.54612803e+00 -3.51918280e-01
    -7.30834246e-01 1.04525459e+00 7.80903935e-01 -6.49051130e-01
    -4.55313116e-01 4.62591648e-04 2.34963357e-01 -6.98679209e-01
    5.12360394e-01 1.09038007e+00 -2.78494120e-01 1.04157662e+00
    7.43537247e-01 -3.63849103e-01 -2.41274118e-01 8.19414079e-01
    1.64911413e+00 1.54867315e+00 -5.53884029e-01 1.84877992e+00
    -5.02786517e-01 -4.88297015e-01 3.48507583e-01 1.86087370e-01
    -8.32424223e-01 -6.83319747e-01 6.27069533e-01 1.40153456e+00
    -1.70866966e-01 -7.35659242e-01 1.04254973e+00 -6.24135613e-01
    1.33518171e+00 3.02487612e-01 -4.80321050e-01 -8.90077949e-02
    -7.91101158e-01 1.40749025e+00 7.31459558e-01 1.64200091e+00
    3.37072611e-01 1.01993930e+00 -3.16705287e-01 1.16283894e+00
    -6.82284355e-01 1.76714516e+00 3.23786139e-01 9.83518124e-01
    1.66464972e+00 6.59652114e-01 -7.83712924e-01 1.08083463e+00
    -3.83498341e-01 1.07547343e+00 2.80222356e-01 1.63890076e+00
    -7.29658365e-01 2.50065744e-01 -6.58632100e-01 -4.30831403e-01
    1.46091175e+00 7.15489686e-01 1.31246829e+00 1.68722582e+00
    6.70567751e-02 -3.26606274e-01 6.93547368e-01 1.63338709e+00
    4.17351127e-01 -5.19785047e-01 -7.47593284e-01 -6.03038788e-01
    -6.99429989e-01 -4.23761427e-01 1.56403112e+00 6.42024517e-01
    5.92154503e-01 6.63052201e-01 7.08027720e-01 6.50328398e-02
    -3.78770947e-01 1.63182795e+00 -7.20655143e-01 -5.85130692e-01
    -1.92042410e-01 1.42250299e+00 -2.06905603e-02 1.84318471e+00
    -5.07897139e-02 -2.48341501e-01 -6.57839477e-01 1.51547408e+00
    9.83988762e-01 4.05272841e-01 -5.30302882e-01 -8.14249039e-01
    5.23674607e-01 1.35492277e+00 1.71503234e+00 -4.17084098e-02
    1.30909526e+00 -7.81326413e-01 -4.08143729e-01 1.40668488e+00
    7.75076985e-01 -4.47184354e-01 4.71421897e-01 -5.04638612e-01
    4.91094232e-01 1.36498725e+00 2.50707388e-01 1.13891208e+00
    -7.40974665e-01 1.37573802e+00 6.29515648e-02 1.14399791e+00
    1.67851686e+00 4.83860910e-01 -6.24553561e-01 -1.27977788e-01
    5.01925409e-01 2.56254494e-01 1.35448551e+00 -8.04729462e-02
    1.02149177e+00 -6.98291123e-01 1.62792253e+00 3.59462321e-01
    1.39195132e+00 -4.62391943e-01 1.27872574e+00 1.69089484e+00
    5.09744883e-01 5.84710240e-02 7.57194281e-01 1.47973657e+00
    4.14052486e-01 1.76516914e+00 -6.52015448e-01 7.68309116e-01
    1.06110454e+00 9.39239740e-01 -4.29762483e-01 2.21119404e-01
    2.22623348e-01 5.68423092e-01 7.44698167e-01 1.40300393e+00
    4.44502592e-01 -6.93449974e-02 1.10220540e+00 1.56119204e+00
    1.71525693e+00 6.45358741e-01 5.65154016e-01 3.11916471e-02
    1.63034439e+00 1.15064073e+00 1.07647610e+00 -8.43062103e-01
    -6.01824224e-01 1.48719692e+00 1.79891872e+00 9.91571128e-01
    1.10793519e+00 -2.72575021e-01 6.78659201e-01 7.73209274e-01
    4.13782895e-01 2.80658126e-01 6.08292520e-01 1.24634552e+00
    8.78850043e-01 1.14320564e+00 -7.69421637e-01 -2.82182336e-01
    1.18000507e-02 1.34588814e+00 -5.38303018e-01 5.33046901e-01
    -6.24978662e-01 7.16817439e-01 1.75119460e-01 -8.33094478e-01
    5.76070547e-01 -2.89871573e-01 3.92295301e-01 2.76926279e-01
    -6.18182302e-01 -3.11191916e-01 1.65535331e+00 -1.32936656e-01
    -4.00510669e-01 1.10699391e+00 -4.39035326e-01 6.57988548e-01
    1.12299728e+00 -9.29219127e-02 -3.07840705e-02 2.04235375e-01
    1.79653645e+00 1.20889878e+00 1.64614975e-01 -8.28176141e-01
    6.52696490e-01 1.74560881e+00 -2.06275165e-01 3.23243916e-01
    6.40193582e-01 5.56569397e-01 -4.41826940e-01 6.11586213e-01
    1.05883217e+00 2.17037141e-01 -7.37429440e-01 -7.43990600e-01
    -5.93112350e-01 1.84080338e+00 4.04460967e-01 2.27284253e-01
    5.99305332e-01 1.14315867e+00 7.14595675e-01 2.16709375e-01
    7.50343144e-01 6.56390786e-02 1.71353674e+00 -5.66450357e-02
    1.53139234e-01 1.51970863e+00 7.22093344e-01 2.65733302e-01
    2.60556698e-01 7.08364666e-01 8.10082495e-01 1.12123036e+00
    1.32682729e+00 1.43956840e+00 1.27752948e+00 -2.87990868e-01
    -6.15948319e-01 1.18010628e+00 1.15634727e+00 -8.92630816e-02
    6.61898851e-02 9.18187499e-01 1.53983569e+00 -4.06308562e-01
    2.34723687e-01 -3.47984970e-01 1.47283018e+00 1.51747227e+00
    1.50274396e+00 1.37345839e+00 1.25193143e+00 -7.70673215e-01
    5.01658916e-01 8.90958309e-01 2.32272983e-01 -3.71432185e-01
    -6.95825875e-01 8.18830132e-01 -5.28260827e-01 -2.93171346e-01
    -7.33764231e-01 6.47596180e-01 9.48532462e-01 -7.06451535e-02
    1.67038023e+00 1.19904399e+00 1.20537376e+00 -8.02051008e-01
    5.91993868e-01 -8.20141137e-01 3.66072178e-01 1.75614190e+00
    1.23305833e+00 9.45443094e-01 -2.00677693e-01 1.04348183e+00
    -2.07834840e-01 1.49896014e+00 1.17403340e+00 -7.45261431e-01
    5.11151373e-01 3.47872317e-01 1.84180593e+00 7.47783005e-01
    6.56725407e-01 8.30449998e-01 5.04469037e-01 1.00000894e+00
    -8.96498680e-01 3.05808485e-01 7.75178313e-01 -3.85045767e-01
    1.55941069e+00 5.15625656e-01 2.09763050e-01 1.14747274e+00
    1.42749619e+00 4.85389113e-01 4.16054308e-01 -4.12395865e-01
    1.16467905e+00 -7.01799631e-01 1.03665662e+00 1.74709320e+00
    1.58202267e+00 -3.29744279e-01 1.63276982e+00 -8.26164842e-01
    6.91826701e-01 1.22120559e-01 9.36122537e-01 1.25888085e+00
    -2.76612222e-01 5.50161004e-01 -4.03737813e-01 1.59672618e+00
    4.19197142e-01 1.10505652e+00 -1.65360630e-01 1.05866015e+00
    1.66388917e+00 -4.40849721e-01 1.06968248e+00 4.69847918e-01
    1.67093217e+00 8.15174699e-01 8.48801136e-02 -5.81304431e-01
    -3.76375705e-01 -2.38253832e-01 1.17745984e+00 -4.47557569e-02
    -5.23400545e-01 5.40313721e-01 1.45611525e-01 -5.98550320e-01
    1.19251359e+00 8.82607758e-01 -8.19904029e-01 -2.38084912e-01
    9.82315898e-01 1.48290896e+00 1.43629062e+00 8.48373711e-01
    3.99043560e-02 1.25738287e+00 -1.70614064e-01 -4.57997322e-02
    5.16911805e-01 1.77893639e+00 7.81000435e-01 -2.86399543e-01
    1.06344950e+00 1.54407895e+00 1.48049498e+00 8.03306341e-01
    1.22120190e+00 1.21892154e-01 -4.37323928e-01 4.93886352e-01
    5.42195022e-01 1.48654437e+00 2.53608108e-01 1.41961193e+00
    1.69606233e+00 6.92665279e-01 1.26054084e+00 1.54747128e+00
    9.17747140e-01 1.66291094e+00 1.49081874e+00 -3.78828645e-01
    -1.50007129e-01 1.81791186e+00 -5.70062399e-01 -2.45566010e-01
    -1.52030408e-01 7.37148345e-01 3.00916791e-01 1.15252078e+00
    6.83591247e-01 8.38325620e-01 3.63458335e-01 9.91383672e-01
    1.48273420e+00 -2.85232544e-01 9.24336255e-01 -8.25585186e-01
    1.68215632e+00 -5.06762862e-02 -8.71547520e-01 6.47971094e-01
    8.90236497e-01 3.41719747e-01 7.25564659e-01 -6.63610697e-02
    2.45983362e-01 8.24650228e-01 4.63744581e-01 6.18573606e-01
    1.61860657e+00 1.80295408e-01 4.27725136e-01 1.34183884e-01
    1.01529920e+00 1.70040071e+00 -3.17733884e-02 1.19022667e+00
    9.81975555e-01 5.14932871e-01 1.31536853e+00 1.43247724e+00
    -5.05788386e-01 -5.13004780e-01 -6.30557060e-01 -7.64876783e-01
    -7.47591257e-03 1.67780566e+00 4.10167634e-01 -8.33441734e-01
    3.52188587e-01 -1.42439246e-01 9.51834083e-01 1.20460427e+00
    1.31175995e+00 3.23650062e-01 1.13393748e+00 9.22188401e-01
    -5.67200780e-01 5.85001349e-01 -7.28764892e-01 -5.81210852e-03
    -1.13059163e-01 1.40101600e+00 3.25168312e-01 1.30707812e+00
    -5.92670798e-01 1.27910697e+00 -2.49564230e-01 6.88919961e-01
    -3.51294994e-01 1.45584989e+00 -7.53089726e-01 3.40130806e-01
    1.24421358e-01 -5.15500188e-01 -2.56772816e-01 8.01494122e-01
    1.18494368e+00 -5.38671613e-01 1.64137769e+00 1.12203789e+00
    -2.07268655e-01 -2.50623584e-01 1.45958316e+00 1.52271807e+00
    3.61172557e-02 -4.34511691e-01 -7.82848597e-02 -8.20057809e-01
    1.65621710e+00 5.20089805e-01 -3.82835031e-01 1.76342833e+00
    7.21678019e-01 9.30113792e-02 1.39773512e+00 -6.20162487e-01
    1.67067015e+00 1.59252906e+00 7.95376301e-03 1.77885842e+00
    -4.77031976e-01 8.84845197e-01 1.05099463e+00 -1.53487563e-01
    -2.22492814e-01 1.45265484e+00 9.12672162e-01 7.08923340e-01
    1.37400055e+00 5.97518981e-01 1.69451571e+00 2.49803185e-01
    -4.43896443e-01 -3.90776098e-01 -8.78861189e-01 1.83317745e+00
    1.70382762e+00 -2.79722214e-02 1.16560459e+00 -6.79576933e-01
    1.09467387e+00 -5.63350677e-01 -7.07806945e-02 9.91628349e-01
    7.98829496e-01 5.98730445e-01 1.41661680e+00 1.81251276e+00
    1.83893347e+00 1.81024599e+00 1.69436193e+00 1.76510644e+00
    9.44393158e-01 9.03112471e-01 1.44883096e+00 -7.31426954e-01
    1.12996411e+00 1.36640429e+00 2.58874893e-02 1.82375503e+00
    9.89140272e-02 7.70292163e-01 9.90452051e-01 2.58822918e-01
    1.32251394e+00 1.05453074e-01 -4.02079344e-01 1.65771461e+00
    -6.30505085e-01 -8.47959518e-02 7.01937377e-01 8.55916739e-02
    -1.00723982e-01 -2.06902623e-02 -6.93917155e-01 1.16147971e+00
    5.72165310e-01 2.74938226e-01 7.98196197e-01 2.08669484e-01
    1.85252643e+00 5.87581754e-01 5.99178195e-01 -5.86091757e-01
    1.02222395e+00 1.56980872e+00 7.53616095e-01 1.39809704e+00
    1.60851169e+00 1.15198338e+00 3.56998086e-01 4.07800615e-01
    -7.57564306e-01 1.00988579e+00 4.87049162e-01 1.12572837e+00
    1.59655452e+00 1.69578898e+00 -5.94657362e-01 1.43810558e+00
    -6.75191760e-01 1.77344143e+00 7.88881183e-01 1.54766417e+00
    -1.78222597e-01 2.53540397e-01 8.52798522e-01 6.42155349e-01
    9.06195939e-01 1.12246358e+00 -4.35957462e-01 8.75146747e-01
    1.31111395e+00 1.40538526e+00 -4.39934641e-01 1.33514619e+00
    1.22943950e+00 -5.66089153e-01 1.77287889e+00 -3.65710407e-01
    1.67990148e-01 1.52678061e+00 1.84581447e+00 9.11827028e-01
    6.64859831e-01 4.91179645e-01 -3.57016593e-01 -6.52212441e-01
    1.88943291e+00 -5.54543257e-01 -1.93825603e-01 5.11148274e-01
    2.54783988e-01 7.53477991e-01 -7.01448917e-01 1.52351737e+00
    1.30788291e+00 -7.27407157e-01 6.73828065e-01 2.49627411e-01
    2.58982539e-01 1.62162066e+00 1.51532185e+00 7.57101834e-01
    8.25807631e-01 1.84606802e+00 -6.50682509e-01 4.96702075e-01
    -1.56831741e-02 4.72839952e-01 5.43277264e-02 1.78275394e+00
    9.10787225e-01 1.22621059e+00 2.39085138e-01 -4.06132936e-02
    1.01697421e+00 1.98760569e-01 9.30071652e-01 -1.16994023e-01
    -7.57252812e-01 -5.71340382e-01 1.09987164e+00 -5.04082084e-01
    4.08257246e-02 6.96600080e-02 1.41778600e+00 1.74976885e+00
    8.90377700e-01 1.32026076e+00 1.04444444e-01 -3.42229187e-01
    1.14291108e+00 1.51256990e+00 1.55163538e+00 -8.84553075e-01
    -6.28983915e-01 1.11316419e+00 5.45533895e-01 -3.13184321e-01
    3.80397201e-01 1.41238892e+00 -4.14569885e-01 -4.73847657e-01
    -8.94946098e-01 7.28102803e-01 9.98831987e-01 3.37048769e-02
    5.53388059e-01 1.35292768e+00 -7.33870268e-02 -2.37339139e-02
    7.62565851e-01 1.66800797e+00 1.65739465e+00 6.48320198e-01
    8.53705943e-01 -1.74777567e-01 1.74011827e+00 -1.92982197e-01
    1.48496962e+00 -4.19711411e-01 4.82068658e-01 -6.23700082e-01
    -4.07856703e-03 1.28866887e+00 2.55630493e-01 5.99974990e-01
    8.79479825e-01 2.00697660e-01 1.49961948e+00 1.07736444e+00
    1.66688991e+00 8.95014167e-01 -2.90565491e-02 1.94625616e-01
    1.67666364e+00 5.39080977e-01 -7.94964373e-01 -4.50675189e-01
    -6.38233364e-01 -4.28717524e-01 6.01511061e-01 1.63931453e+00
    9.73906934e-01 1.76120758e+00 1.30356383e+00 -6.33994937e-02
    1.25595188e+00 1.24300647e+00 9.28815484e-01 7.37041950e-01
    -8.55425596e-01 1.10375214e+00 -2.94348300e-01 -5.54000795e-01
    1.24543619e+00 1.12352014e+00 -3.16784322e-01 -6.32329583e-02
    -6.66637838e-01 6.39845729e-01 1.07714391e+00 -6.02725804e-01
    5.37496805e-02 5.30819654e-01 -2.27318764e-01 1.65441775e+00
    1.58248854e+00 1.52326620e+00 2.64544427e-01 1.40796053e+00
    5.22970736e-01 8.80090177e-01 1.13491249e+00 1.21397185e+00
    1.50169313e+00 2.78010666e-01 1.70650899e-01 1.45354366e+00
    8.14062834e-01 3.45352054e-01 -3.01366866e-01 8.15097153e-01
    1.47357750e+00 7.45834649e-01 -2.69340158e-01 1.51938617e+00
    1.77981400e+00 -3.85382861e-01 4.34471488e-01 1.86084771e+00
    5.80033123e-01 8.32483649e-01 2.80510962e-01 -1.00463748e-01
    8.17794085e-01 -6.56609893e-01 1.44336510e+00 -6.14917517e-01
    1.04719472e+00 1.33320451e+00 4.19561148e-01 -9.16206241e-02
    4.72420394e-01 -7.24650145e-01 2.07142115e-01 -2.14786351e-01
    8.30008388e-02 1.63127398e+00 8.66030097e-01 4.84252512e-01
    6.65525019e-01 1.85146213e-01 9.13924754e-01 1.52207267e+00
    1.53166080e+00 4.04489219e-01 1.34915996e+00 3.47028732e-01
    1.53273797e+00 1.10317981e+00 -5.15756607e-02 -5.99323392e-01
    3.02797437e-01 -5.13823628e-02 8.91308784e-02 -2.40452588e-01
    3.77658010e-01 1.78337479e+00 -7.05398679e-01 2.94152021e-01
    7.66157508e-01 -1.59227312e-01 1.49845886e+00 1.49807286e+00
    1.51442623e+00 1.18492115e+00 2.65402555e-01 6.09957278e-01
    2.00452387e-01 1.00892353e+00 1.10858428e+00 -8.26060176e-02
    8.34242880e-01 9.39972043e-01 1.20966911e+00 1.17606139e+00
    1.18042397e+00 1.13355803e+00 9.25946236e-02 -2.52807975e-01
    4.97318983e-01 1.90797305e+00 -6.13043785e-01 1.02609897e+00
    1.40324235e+00 1.13405931e+00 3.93718064e-01 1.68508649e+00
    -3.35665166e-01 -2.69026756e-02 1.44225454e+00 9.64271843e-01
    5.60781598e-01 -6.89609051e-02 5.04697442e-01 6.33049786e-01
    9.21269953e-01 -3.37919474e-01 -6.52995944e-01 1.67516601e+00
    7.26534963e-01 1.19734287e-01 3.18689346e-02 1.81866550e+00
    1.49052429e+00 8.67039144e-01 1.44640851e+00 4.50158060e-01
    2.13886321e-01 -3.98934662e-01 -1.98615491e-01 1.29565108e+00
    1.34714866e+00 -3.75999510e-01 1.35837793e-02 9.53901172e-01
    7.56967008e-01 -4.84506190e-01 2.55737603e-01 1.24837744e+00
    -7.06562996e-01 -1.98334873e-01 9.94964361e-01 6.30366206e-02
    -5.41635275e-01 5.65863550e-01 8.91667366e-01 1.86432433e+00
    3.33438635e-01 -3.79242718e-01 1.10961938e+00 -2.19007134e-02
    7.31518626e-01 -7.85896480e-01 1.63854015e+00 1.26751947e+00
    5.25093079e-03 1.00087547e+00 1.47681928e+00 8.90253961e-01
    1.72316861e+00 1.30164337e+00 -5.88482618e-01 5.20672917e-01
    1.17085028e+00 4.59666312e-01 -2.96349406e-01 9.28876877e-01
    -5.61282933e-01 8.69612694e-02 3.40380371e-01 1.73647940e+00
    -7.05920100e-01 6.72194481e-01 1.06281996e+00 1.22773314e+00
    -7.57030189e-01 1.04995656e+00 4.78497386e-01 1.85734093e+00
    1.65765369e+00 1.54027498e+00 1.06532335e+00 -2.47816026e-01
    1.15867925e+00 -5.22731781e-01 1.87118626e+00 -3.07979822e-01
    3.80507112e-02 8.53174925e-03 -2.70982385e-01 2.90565312e-01
    -6.25793219e-01 1.02702618e-01 1.20926189e+00 1.56269693e+00
    1.23143852e-01 1.17044330e-01 2.10752964e-01 2.13765264e-01
    1.55169106e+00 1.48251104e+00 -2.53379345e-03 1.41801214e+00
    -7.11967349e-01 1.82845926e+00 1.38390064e-03 1.18384171e+00
    9.75658119e-01 5.97204745e-01 5.08811593e-01 1.16791606e+00
    1.69040370e+00 -4.53934461e-01 -3.58845234e-01 3.03563118e-01
    2.53708720e-01 -9.94802117e-02 -4.91068840e-01 1.01905131e+00
    -5.01102209e-01 -4.82314229e-02 7.94214010e-01 1.40988064e+00
    1.43754542e+00 1.47287726e+00 3.66449416e-01 1.71162915e+00
    2.19315827e-01 2.19964385e-02 6.89183712e-01 1.02315426e+00
    1.54263783e+00 -8.93453538e-01 1.72314215e+00 1.48675871e+00
    -5.59648752e-01 9.72615659e-01 -3.62222195e-02 7.23468184e-01
    -5.24384737e-01 -7.57828593e-01 7.20172048e-01 -8.40941370e-01
    6.25389218e-02 6.05698764e-01 2.06618905e-01 1.75797939e+00
    3.88124764e-01 3.07131886e-01 6.84927166e-01 -2.40566075e-01
    1.51006913e+00 1.71586525e+00 -3.48492503e-01 -5.70964575e-01
    -6.10100031e-01 4.66122925e-01 4.86235976e-01 -7.77948022e-01
    2.39103556e-01 9.59799647e-01 6.88871562e-01 -6.62776113e-01
    2.01931655e-01 8.17245245e-02 1.59664822e+00 1.78300250e+00
    -7.16646969e-01 1.37702346e+00 -4.94349003e-01 1.34433985e+00
    5.07417142e-01 7.96474397e-01 -1.85691476e-01 1.17463779e+00
    3.60111535e-01 -5.10944724e-01 1.17802119e+00 -6.39781892e-01
    -8.48502815e-01 2.56377280e-01 2.22053468e-01 1.64522958e+00
    -7.69989967e-01 -2.94339597e-01 1.33181524e+00 -3.16975415e-01
    -2.91153669e-01 1.09980655e+00 5.39921582e-01 7.76881218e-01
    -5.86087108e-01 -7.64347136e-01 6.44376159e-01 1.14106202e+00
    1.55175674e+00 9.02484536e-01 1.47249508e+00 5.69031119e-01
    1.39041448e+00 3.94583941e-02 1.32649016e+00 1.66553330e+00
    1.22318268e+00 1.93764567e-02 1.28269792e+00 8.24791968e-01
    7.11609483e-01 -8.35494816e-01 1.00655770e+00 -6.41414464e-01
    1.33182752e+00 6.78743422e-01 6.75109327e-01 6.33929968e-01
    -1.81270838e-01 1.05582464e+00 1.58750868e+00 1.63144159e+00
    8.45178008e-01 -1.48679018e-01 9.26405728e-01 3.44856501e-01
    -6.78781927e-01 1.36852264e+00 7.21726418e-02 -5.01058102e-01
    4.18114662e-02 1.37812078e-01 -4.67296332e-01 1.19356823e+00
    1.54190087e+00 1.52453899e+00 8.11081588e-01 -5.35071671e-01
    2.48028100e-01 1.62527966e+00 1.62915897e+00 2.41689503e-01
    -4.12506461e-02 -8.48298013e-01 1.76482606e+00 1.38913774e+00
    1.48487556e+00 1.54044175e+00 9.22468007e-01 1.78542686e+00
    8.23489904e-01 1.82761192e+00 1.39303780e+00 -3.54244173e-01
    2.90122569e-01 -1.67973220e-01 2.95118332e-01 1.02895164e+00
    -6.98795319e-01 2.39683390e-01 5.63000619e-01 -3.22748393e-01
    1.46152878e+00 1.13381827e+00 1.35758948e+00 2.04415560e-01
    1.54750323e+00 1.22239685e+00 -8.84078741e-02 7.37626791e-01
    -4.37186867e-01 1.81835151e+00 8.10180187e-01 8.03170741e-01
    7.33849764e-01 1.32357192e+00 5.27387798e-01 1.13313103e+00
    8.35483372e-01 4.69046235e-02 -7.87580013e-01 3.90021145e-01
    2.86167324e-01 2.36970901e-01 -4.40464288e-01 -8.50774050e-01
    1.39126968e+00 -1.31643414e-01 6.95960045e-01 1.74677086e+00
    1.29575241e+00 1.29883993e+00 -5.67863345e-01 -7.03566432e-01
    1.74685574e+00 6.44605100e-01 6.10948026e-01 -2.63609409e-01
    5.11660576e-01 2.14036345e-01 3.98593605e-01 1.51647484e+00
    1.82734466e+00 -8.12010825e-01 7.66047120e-01 7.81794310e-01
    5.62805712e-01 -6.76598489e-01 3.25393677e-02 7.32877195e-01
    -2.68503964e-01 1.47730327e+00 1.17877424e+00 8.71205628e-01
    1.70510066e+00 -3.04797411e-01 1.03452170e+00 1.64547324e-01
    -3.47521484e-01 1.21767998e-01 -2.55995274e-01 9.65603590e-02
    1.58135760e+00 -7.74097085e-01 4.20755506e-01 -2.69989133e-01
    -5.74178815e-01 1.47654724e+00 1.34496534e+00 -2.86352813e-01
    1.19440866e+00 1.81261730e+00 -5.92873335e-01 1.07081461e+00
    1.16189396e+00 6.75021410e-01 3.24453592e-01 5.13329983e-01
    1.31968629e+00 -6.27467036e-02 -2.01441824e-01 1.40373993e+00
    2.31359005e-01 1.72189438e+00 -1.21580064e-01 1.41560185e+00
    -3.86312008e-01 1.74401045e-01 -4.56639707e-01 1.89433920e+00
    -8.32660198e-02 3.16133976e-01 -1.65203094e-01 4.42727625e-01
    1.62571955e+00 -6.43551350e-03 1.78528953e+00 5.76949596e-01
    3.47992122e-01 5.18620610e-01 -1.03755593e-01 1.62417889e+00
    -6.95997953e-01 1.71878386e+00 7.71730304e-01 9.61866498e-01
    3.32358718e-01 9.44435000e-01 1.61418986e+00 8.98281932e-01
    -7.46102333e-02 5.11683404e-01 -8.84032071e-01 7.24111080e-01
    1.29388690e+00 1.46156228e+00 1.20184326e+00 1.86702132e-01
    1.73862028e+00 1.23650694e+00 -1.08788133e-01 4.27422404e-01
    1.44356465e+00 1.79682589e+00 -2.58962214e-01 1.57545698e+00
    7.25070477e-01 1.38971245e+00 9.06320930e-01 9.85074878e-01
    -6.01101995e-01 -8.73654425e-01 6.61136568e-01 2.12557018e-01
    1.39558923e+00 3.88108671e-01 7.98381567e-02 7.86679149e-01
    7.28037059e-01 -6.08119488e-01 -1.34239495e-01 1.39442670e+00
    1.28099799e+00 1.73260617e+00 8.42438221e-01 1.76430321e+00
    9.90384579e-01 9.04814899e-01 -1.70924962e-01 1.03615379e+00
    1.24172258e+00 1.33802152e+00 1.27678096e-01 5.22409558e-01
    1.60925603e+00 8.02519321e-02 1.79307938e-01 7.54333615e-01
    1.29254711e+00 -6.98401451e-01 7.96260417e-01 1.43992186e+00
    -7.44506657e-01 -4.34658498e-01 1.26387167e+00 9.88599956e-01
    4.96333480e-01 1.59835458e+00 1.69409943e+00 1.77835107e+00
    -5.94099760e-01 -7.29509771e-01 -6.71780467e-01 1.48687863e+00
    1.48205423e+00 1.83666456e+00 -1.86792433e-01 1.41972756e+00
    -6.33256137e-01 1.16407728e+00 3.58769953e-01 -6.11584544e-01
    4.74608541e-02 1.20455623e+00 1.42723536e+00 -3.12428176e-01
    1.28217983e+00 9.67353165e-01 6.01803184e-01 1.66535568e+00
    1.31074154e+00 2.41934896e-01 1.35001850e+00 1.25842261e+00
    1.82005286e+00 8.58088732e-02 1.49355531e+00 1.32577872e+00
    -4.15098369e-01 7.95280337e-02 1.00543809e+00 1.65220070e+00
    1.52131832e+00 1.53717852e+00 7.15886414e-01 1.31643867e+00
    1.77581668e+00 1.44204211e+00 8.86991918e-01 2.02039301e-01
    8.60946774e-01 1.35787785e+00 1.54321289e+00 -1.15339875e-01
    2.32288837e-02 -9.87700224e-02 -6.39102578e-01 1.64254797e+00
    -6.48657799e-01 3.96947145e-01 1.01005089e+00 -3.17519307e-02
    1.40664959e+00 4.64178383e-01 9.60043073e-01 1.34393823e+00
    1.65106010e+00 5.09172440e-01 -7.10489035e-01 9.68907058e-01
    -2.15132833e-01 1.72134912e+00 6.90575957e-01 -4.73301709e-01
    -7.64037967e-01 6.44688964e-01 1.20007539e+00 9.47290838e-01
    -2.03837335e-01 1.41577053e+00 -3.98374230e-01 1.20613670e+00
    3.85492325e-01 7.99540818e-01 7.25626588e-01 4.56585348e-01
    1.23974752e+00 -3.42241704e-01 -4.93621469e-01 -4.33277965e-01
    -8.28268111e-01 1.71338105e+00 1.21562636e+00 8.50466132e-01
    -6.77654266e-01 5.48384249e-01 -4.78028685e-01 1.28956342e+00
    1.26200914e-01 5.90779424e-01 -7.77080774e-01 1.42120552e+00
    -3.58063936e-01 6.52634263e-01 1.28035092e+00 1.01305699e+00
    -7.97452450e-01 -5.06432652e-02 9.46478605e-01 1.81427407e+00
    1.25073147e+00 5.62021196e-01 -3.74321401e-01 1.39404130e+00
    1.53663504e+00 3.21882427e-01 1.80758655e+00 5.60364664e-01
    6.97865307e-01 6.61057889e-01 1.07158840e+00 -3.35759580e-01
    7.96810925e-01 -2.36218750e-01 -2.20276237e-01 3.53389502e-01
    -7.90478230e-01 1.27245784e-02 -4.90003228e-02 2.83483505e-01
    4.84355152e-01 -2.66575813e-01 1.20887899e+00 1.84641862e+00
    1.12585330e+00 1.81323600e+00 -6.47776842e-01 1.66199279e+00
    1.76467085e+00 8.49010944e-02 7.57404387e-01 -7.29251564e-01
    -7.31859446e-01 -5.79976380e-01 2.19854474e-01 1.23690832e+00
    -6.07329130e-01 1.63400388e+00 3.47098649e-01 -2.24432766e-01
    1.03774011e+00 6.10088170e-01 1.43730056e+00 1.21368766e-01
    1.68267691e+00 1.15073919e+00 8.68282199e-01 1.26534355e+00
    -7.40111470e-02 1.70366454e+00 -5.46242058e-01 1.53836608e-01
    3.76029730e-01 -5.23825407e-01 -4.59777236e-01 8.59340012e-01
    1.28219855e+00 1.57650745e+00 1.08872354e+00 -4.38707471e-02
    1.44719362e-01 -7.33660340e-01 -4.68768865e-01 -6.20772839e-02
    9.25085068e-01 -2.98025906e-01 1.10616875e+00 1.56716573e+00
    8.26874256e-01 1.71207738e+00 5.67945898e-01 1.09889972e+00
    -4.78775769e-01 -4.51562136e-01 7.20154643e-01 1.89003086e+00
    1.46710944e+00 -2.95402586e-01 2.96468496e-01 1.46621001e+00
    8.88699472e-01 -3.42488050e-01 1.57498598e+00 5.72545528e-01
    1.18072605e+00 9.76808548e-01 9.86713529e-01 -3.48925412e-01
    1.41300964e+00 4.38733757e-01 1.47866702e+00 -1.49686873e-01
    9.53197658e-01 -1.20453000e-01 1.51024199e+00 -7.43605256e-01
    -3.17147613e-01 1.67617559e-01 -4.41717625e-01 1.18400645e+00
    -7.11909890e-01 1.41374016e+00 7.66562819e-02 5.53033531e-01
    9.36843872e-01 6.97536826e-01 1.35961151e+00 -3.75047684e-01
    1.65597987e+00 -7.50001490e-01 1.31805682e+00 1.42794645e+00
    -2.32013702e-01 4.86269176e-01 -8.80646944e-01 1.22437549e+00
    1.70820010e+00 1.71508288e+00 1.79200983e+00 4.14625764e-01
    1.62545204e-01 1.52618265e+00 -3.43083322e-01 1.55541492e+00
    1.21647477e+00 -1.56465828e-01 1.30472922e+00 1.14746118e+00
    4.89768863e-01 1.05495584e+00 6.30692899e-01 6.82238519e-01
    3.69722247e-02 7.76734531e-01 2.08341002e-01 8.38232040e-03
    5.60771167e-01 8.99641931e-01 1.77785361e+00 1.57644534e+00
    1.06034529e+00 1.48653555e+00 1.86564803e+00 1.59933519e+00
    8.59109998e-01 -4.48134363e-01 1.70694792e+00 6.29244506e-01
    2.22885847e-01 1.04397917e+00 1.15957904e+00 1.66227078e+00
    1.66804194e+00 -4.01407331e-01 5.76909184e-02 -7.74651289e-01
    1.20051324e+00 1.17598248e+00 3.58595610e-01 4.94930148e-01
    -5.06051123e-01 1.06058812e+00 -4.91816014e-01 7.90992498e-01
    1.00352120e+00 1.41391456e+00 1.44843102e+00 1.60194159e+00
    -3.90661627e-01 6.97635293e-01 -5.17273545e-02 -8.41024339e-01
    7.25132227e-01 2.44958341e-01 -6.01899743e-01 1.55761123e+00
    -6.64026141e-02 -1.16029739e-01 -2.40073264e-01 -6.56048238e-01
    8.68761718e-01 3.33513618e-02 7.79053152e-01 -7.19399750e-01
    -2.06080317e-01 1.18655813e+00 1.22574997e+00 1.50073624e+00
    -7.38565564e-01 1.69112265e+00 1.44204831e+00 1.13473463e+00
    -5.51713943e-01 1.19855833e+00 1.18069386e+00 1.77505326e+00
    -4.28824842e-01 1.23843813e+00 8.58363032e-01 9.61330533e-02
    -3.97930145e-01 -7.82489300e-01 1.78042114e-01 -5.98776460e-01
    1.72305453e+00 -6.01232290e-01 8.64026606e-01 -8.13135028e-01
    1.03173554e+00 1.60940528e-01 -2.57123470e-01 4.84783471e-01
    1.30840015e+00 1.42655277e+00 -8.56260478e-01 5.05038440e-01
    9.66947913e-01 9.52299535e-01 -3.43855023e-01 -7.17716753e-01
    -5.87490797e-02 -7.50407279e-01 1.53696322e+00 -5.07307529e-01
    1.08326364e+00 1.07963634e+00 1.38281012e+00 -5.69217145e-01
    1.54586041e+00 3.38882685e-01 8.18961859e-03 3.05040598e-01
    1.86459398e+00 -4.98775691e-01 8.17469835e-01 9.55557346e-01
    9.07492816e-01 -8.17275643e-01 -7.24035740e-01 1.30710006e+00
    3.42934549e-01 -7.04927444e-02 1.66077089e+00 7.61489809e-01
    4.91765082e-01 3.80997896e-01 1.40577364e+00 1.15794897e-01
    1.81011927e+00 1.83172727e+00 3.76094580e-01 9.76882458e-01
    1.14210892e+00 1.58966541e-01 -9.63712931e-02 9.90162194e-01
    -2.59932935e-01 8.55293214e-01 8.16991389e-01 1.39565110e+00
    -6.00956082e-02 -3.99325311e-01 4.45586681e-01 -4.13779736e-01
    9.29434180e-01 1.63947034e+00 3.38041782e-01 1.30500555e+00
    -3.59673738e-01 1.80588722e+00 -8.30400705e-01 1.28375697e+00
    5.12676120e-01 9.70768034e-01 3.87392282e-01 -5.93669415e-02
    3.42626691e-01 -3.92801851e-01 -3.05504322e-01 -7.32037663e-01
    -2.24184692e-01 9.34800148e-01 1.77679729e+00 7.13576853e-01
    1.77732456e+00 1.30268145e+00 1.28133416e-01 7.87647545e-01
    3.94240499e-01 2.33937502e-01 1.41284013e+00 -1.11079454e-01
    1.34770370e+00 -1.81727409e-01 -2.93265760e-01 2.33179748e-01
    1.69198370e+00 -6.23660505e-01 8.66129935e-01 4.77931082e-01
    3.31446767e-01 3.51241887e-01 2.35601544e-01 6.03479564e-01
    1.82838535e+00 7.32813597e-01 1.42238009e+00 1.26614535e+00
    -4.20622975e-01 5.93219817e-01 6.70086741e-01 3.55853915e-01
    -6.37978673e-01 -7.09441364e-01 2.27606416e-01 -1.15396082e-01
    1.37582088e+00 3.96570563e-01 9.10096705e-01 4.51950908e-01
    -7.98918068e-01 7.23119617e-01 1.90398049e+00 3.65609825e-01
    3.76940548e-01 -6.22567654e-01 1.69810915e+00 1.19186640e-02
    5.17477214e-01 9.13413167e-01 -2.48333097e-01 4.16352987e-01
    -7.39292741e-01 -3.31553876e-01 -2.75317550e-01 2.54230261e-01
    2.45875776e-01 1.17211652e+00 -7.80236959e-01 -4.47798431e-01
    -3.97584558e-01 -3.83278012e-01 -4.22837645e-01 1.65651000e+00
    9.01314020e-02 -8.27808082e-01 4.03317511e-01 -9.30663347e-02
    -2.88470268e-01 1.35763955e+00 2.77648628e-01 1.30881977e+00
    1.28173327e+00 -9.16507244e-02 1.58840358e-01 1.83109856e+00
    4.31900203e-01 3.68147850e-01 1.25356853e-01 1.15712976e+00
    1.01086140e+00 -2.54479051e-02 4.80520248e-01 -9.26507115e-01
    5.36633968e-01 1.75012815e+00 -4.55455899e-01 -4.99395728e-01
    3.44175577e-01 1.36311054e+00 -5.83240986e-02 1.58022928e+00
    1.67528200e+00 1.52029538e+00 1.15286112e+00 1.19876671e+00
    3.50854099e-01 -7.17931151e-01 3.89520705e-01 1.65478659e+00
    1.81437290e+00 1.54684925e+00 7.42443204e-02 4.54622686e-01
    4.00768340e-01 3.21433961e-01 1.69164169e+00 1.12913096e+00
    1.30882287e+00 6.26601100e-01 1.35828876e+00 5.30626297e-01
    5.44239283e-02 4.83562708e-01 1.18067312e+00 1.63861883e+00
    -7.46679068e-01 1.06517863e+00 1.18809938e-02 1.14854002e+00
    7.40529656e-01 6.50430024e-01 8.62784028e-01 1.46796310e+00
    -5.81592441e-01 -6.36656046e-01 -7.46781468e-01 1.24038875e-01
    3.68560791e-01 -7.89368510e-01 1.37275076e+00 -4.64839637e-01
    1.37073708e+00 1.12503541e+00 1.45656455e+00 1.69582295e+00
    1.08927536e+00 1.73887348e+00 1.05188036e+00 8.96279454e-01
    1.27329576e+00 1.62648857e-01 -3.28247726e-01 1.77840424e+00
    8.34066629e-01 1.08552432e+00 -3.56846452e-02 1.63621092e+00
    1.04763389e+00 1.15053415e+00 5.20598412e-01 -2.48561203e-01
    1.48701739e+00 -2.37588167e-01 1.08223414e+00 4.37657535e-01
    1.70686185e-01 6.53280973e-01 -1.27265036e-01 -1.00353122e-01
    6.57069504e-01 2.26542354e-02 -9.21522975e-01 7.84292102e-01
    -6.12750530e-01 -6.20391905e-01 2.25598514e-01 1.31689191e+00
    -1.96762919e-01 -6.39939427e-01 1.68100142e+00 5.70010424e-01
    -3.05215359e-01 -5.71935594e-01 8.53510082e-01 1.35620666e+00
    3.13843429e-01 -6.22636676e-01 1.41118109e+00 5.75186849e-01
    1.68091297e+00 -4.62571412e-01 7.60540783e-01 8.38660002e-02
    -2.94285953e-01 -1.87005877e-01 -8.14155102e-01 -8.58334422e-01
    1.41817093e+00 3.16603780e-02 9.21810329e-01 1.46514595e+00
    1.57683849e+00 1.02325654e+00 9.03434455e-01 -3.18061709e-02
    1.82758546e+00 1.43945432e+00 3.33003402e-01 -4.89822447e-01
    -3.81452441e-02 2.81855464e-02 6.99185371e-01 4.23667133e-01
    1.78089726e+00 1.50838494e+00 -1.54183388e-01 1.57895815e+00
    7.73564041e-01 1.17207444e+00 1.48913836e+00 -4.22699124e-01
    1.24859726e+00 4.31100726e-02 4.41944361e-01 -4.83179808e-01
    1.73266387e+00 3.61208797e-01 1.03029299e+00 -5.96307278e-01
    1.51839924e+00 1.84685647e-01 -2.38541245e-01 -3.81926507e-01
    -1.91305220e-01 -3.08659673e-01 -3.87754112e-01 1.00906754e+00
    -6.73929870e-01 3.40693593e-02 -2.18220949e-02 3.65293860e-01
    1.59059286e+00 3.17374945e-01 7.88158000e-01 3.99191856e-01
    1.72192276e-01 2.53778875e-01 1.51551390e+00 2.60546267e-01
    1.56351626e-01 1.76707888e+00 1.28592145e+00 -2.68195808e-01
    9.46732402e-01 1.02706563e+00 -4.72025871e-02 -7.17776000e-01
    1.05574393e+00 1.70516443e+00 1.41285050e+00 1.84756899e+00
    2.36996472e-01 7.51033187e-01 5.13472617e-01 8.53911221e-01
    1.51198733e+00 5.11168540e-01 9.53170419e-01 1.67900276e+00
    -6.88435137e-01 -1.66801095e-01 -6.19794130e-01 8.94902170e-01
    9.41236258e-01 -3.20687532e-01 5.64201593e-01 -2.21276283e-01
    3.73583674e-01 3.69165599e-01 -3.92985433e-01 1.66983438e+00
    2.89039552e-01 4.21157300e-01 -1.69581771e-01 1.05386043e+00
    1.37770486e+00 -6.43231869e-02 1.74777949e+00 8.50115359e-01
    1.56214571e+00 -4.29842830e-01 -6.31559014e-01 1.44400740e+00
    1.81754327e+00 -5.49818218e-01 -5.29635549e-01 -5.08448660e-01
    1.29391956e+00 -5.96557260e-02 1.41210055e+00 1.39780474e+00
    1.44690955e+00 1.31721187e+00 9.65809882e-01 -3.63151461e-01
    8.49361837e-01 -7.44170547e-02 6.77439094e-01 1.11230159e+00
    4.51776385e-01 -1.51079237e-01 -7.03461528e-01 -6.42787218e-01
    -7.06700683e-01 -8.16024005e-01 1.17152512e-01 4.21730101e-01
    1.27741325e+00 4.15771365e-01 6.59437239e-01 -5.53806067e-01
    1.50843859e+00 5.75492620e-01 1.25733089e+00 3.04420948e-01
    2.61794627e-01 1.71759903e-01 6.39389098e-01 1.67407429e+00
    1.84579897e+00 3.06642175e-01 1.72206092e+00 1.20956302e-01
    7.02293515e-01 -7.28183985e-02 7.33493805e-01 1.61744952e+00
    2.94127762e-01 -3.56562853e-01 6.69381976e-01 -4.98565942e-01
    5.50820589e-01 1.25628281e+00 3.94219935e-01 -5.75110972e-01
    9.55615580e-01 -1.46857858e-01 1.18195605e+00 -3.47269297e-01
    1.59262705e+00 1.43959618e+00 1.25201488e+00 -9.90923047e-02
    -5.12814701e-01 1.60944843e+00 -3.71214628e-01 1.03543830e+00
    9.13808882e-01 -5.84003389e-01 2.36918509e-01 9.74284708e-01
    1.22366011e+00 -8.45190763e-01 -2.67731488e-01 -4.41665769e-01
    1.70017552e+00 5.33972502e-01 -7.26340473e-01 -1.32023335e-01
    3.82736385e-01 -2.11686552e-01 1.58059001e-02 4.41882372e-01
    1.23807931e+00 -3.58246505e-01 1.47455299e+00 6.34230435e-01
    7.00615287e-01 3.85681629e-01 -5.31578064e-03 4.33390498e-01
    9.89319801e-01 -6.64440930e-01 -4.24426198e-01 1.68728876e+00
    -2.90004194e-01 1.05834758e+00 1.67315257e+00 2.67128944e-01
    4.31416929e-01 -7.10824370e-01 3.12631249e-01 9.49319184e-01
    7.73989320e-01 -6.76201344e-01 1.10824203e+00 1.56927919e+00
    1.34091449e+00 -7.15955019e-01 1.69333053e+00 1.32349968e-01
    1.64004445e+00 -1.54690325e-01 3.95687819e-01 -2.15038717e-01
    1.25414228e+00 5.47194004e-01 8.67316902e-01 1.43632054e+00
    -2.87057459e-01 1.61109412e+00 -1.67615771e-01 1.44730806e-02
    -5.97278953e-01 9.48602915e-01 6.89496815e-01 1.56756318e+00
    1.41972542e+00 2.96897292e-02 -3.37513089e-01 -4.95247036e-01
    -8.25482070e-01 1.61787772e+00 -6.24703526e-01 5.94734848e-01
    9.96745527e-01 2.39977837e-02 6.47991419e-01 1.27148736e+00
    -8.72053325e-01 1.82012773e+00 2.33827233e-01 4.41372395e-02
    1.00878096e+00 2.43457615e-01 1.65028882e+00 5.72738349e-01
    -8.16226065e-01 -3.00978243e-01 4.83084083e-01 -2.00764239e-01
    1.61658919e+00 1.82344079e+00 1.09924328e+00 1.16510630e-01
    -6.42413318e-01 -2.04218864e-01 3.70677114e-02 -5.13643026e-01
    1.37762642e+00 3.91532242e-01 -8.48594606e-01 5.84837675e-01
    1.15496171e+00 5.22062957e-01 1.45890069e+00 1.02034605e+00
    5.35303354e-02 1.36641693e+00 6.04190230e-02 1.43835521e+00
    1.38374007e+00 -2.17400789e-01 -1.13188624e-01 -1.92476511e-02
    7.35305369e-01 9.27394450e-01 -6.33477509e-01 1.57941341e+00
    4.61316764e-01 1.20193779e+00 -2.57888436e-01 7.45703518e-01
    1.01394808e+00 2.56148100e-01 4.61519301e-01 -5.70111752e-01
    3.16403508e-01 -2.96211362e-01 -7.53667772e-01 8.29634905e-01
    4.18025613e-01 1.00907779e+00 1.48561502e+00 4.25161421e-01
    -4.54451263e-01 1.19606471e+00 1.54232311e+00 8.88104796e-01
    -1.31208897e-01 7.03190923e-01 1.50739574e+00 -7.55913854e-01
    6.67184770e-01 7.12440252e-01 8.60295057e-01 1.11970866e+00
    1.21107757e+00 4.18324411e-01 -7.44509459e-01 -6.81392491e-01
    -4.55619097e-01 1.25470042e+00 1.15276659e+00 7.52820730e-01
    -3.32417250e-01 -7.86075950e-01 1.34449756e+00 4.73563492e-01
    -2.72725105e-01 -3.38607311e-01 -6.30621910e-02 8.65926206e-01
    -5.43637872e-02 1.72342896e+00 1.22406268e+00 -7.11463511e-01
    9.86143887e-01 1.88571477e+00 -8.29087317e-01 1.30796051e+00
    1.77801108e+00 -7.72058427e-01 7.90597916e-01 1.46788323e+00
    5.33783972e-01 1.05209601e+00 1.01118457e+00 -5.80215216e-01
    -7.27598548e-01 4.18743610e-01 -3.08102608e-01 3.79357338e-01
    -6.68162704e-02 -2.93062210e-01 1.14373231e+00 3.21319878e-01
    -5.41961968e-01 1.00638521e+00 1.36528134e+00 -2.62310088e-01
    3.53765488e-03 -4.01026160e-01 1.34932387e+00 -5.52636147e-01
    -7.95459330e-01 6.52858019e-02 -8.11245382e-01 -7.34201670e-02
    -3.37573081e-01 -2.67518818e-01 1.06152201e+00 1.39448714e+00
    -5.71220040e-01 -8.83960724e-03 5.30304492e-01 1.77141380e+00
    -2.57892728e-01 1.03262997e+00 -3.73672903e-01 1.15420878e-01
    1.45692885e-01 1.44671798e+00 3.74015808e-01 -2.77485132e-01
    -1.03271604e-02 1.43107319e+00 1.41532719e-01 1.52708650e+00
    1.48957825e+00 -7.59813845e-01 1.50134420e+00 1.46402359e+00
    8.97372544e-01 6.32359326e-01 -7.69231796e-01 -4.03870046e-01
    1.35853457e+00 1.65967262e+00 -7.46778667e-01 -1.41225219e-01
    5.07884741e-01 9.74180818e-01 1.44760394e+00 -8.37685645e-01
    -3.07059228e-01 -7.81476498e-01 1.87371671e+00 1.34188914e+00
    1.17727232e+00 -8.54626834e-01 -1.14381194e-01 -7.41454422e-01
    1.52297735e+00 -3.38748515e-01 1.40096366e-01 5.30400813e-01
    1.58184230e+00 7.62191236e-01 1.58662295e+00 1.15015841e+00
    -4.21963453e-01 1.44196773e+00 5.68343759e-01 1.44926214e+00
    -4.11229610e-01 1.57510567e+00 1.49103284e+00 -3.66032124e-03
    1.59269750e-01 1.13495386e+00 1.17050266e+00 -6.69446230e-01
    9.82376873e-01 -6.80122137e-01 -2.95991123e-01 -2.14369833e-01
    1.68722272e+00 -7.16043353e-01 7.00709641e-01 -8.22756648e-01
    -6.90066755e-01 5.47876835e-01 -7.73336709e-01 9.20247316e-01
    7.37064481e-02 9.97364759e-01 9.30257142e-01 9.54102218e-01
    4.83224750e-01 7.50250936e-01 -5.12735009e-01 2.26916909e-01
    -2.44670153e-01 -2.23680139e-01 3.45188856e-01 -3.52023244e-02
    4.78230119e-01 -1.00120604e-01 1.15814042e+00 -1.22647882e-01
    5.82982838e-01 4.57686424e-01 -8.09897482e-01 1.18324256e+00
    6.39048219e-02 -6.96961284e-02 -5.25851846e-01 1.49985862e+00
    1.84507334e+00 2.62109399e-01 1.61462617e+00 -4.72521782e-01
    5.13782620e-01 -5.98917663e-01 -1.06669545e-01 1.52065563e+00
    -2.91022480e-01 7.10653126e-01 -2.45532691e-01 -7.27631986e-01
    3.08638513e-01 1.25200689e-01 1.01501083e+00 -8.49523127e-01
    1.80876231e+00 9.77837026e-01 -1.17956340e-01 9.41916823e-01
    2.49645710e-01 9.69968796e-01 1.09269178e+00 1.52222323e+00
    -1.46154404e-01 -1.11611962e-01 1.76869667e+00 1.71009457e+00
    -8.13714206e-01 -6.93326235e-01 -5.26829958e-02 4.97686625e-01
    1.38309693e+00 1.69149530e+00 2.52765417e-03 1.42167640e+00
    1.67858684e+00 -5.36175549e-01 -5.13767600e-01 -4.81700987e-01
    1.78105593e+00 3.82930636e-01 5.31072199e-01 1.02064347e+00
    5.33510864e-01 -7.89927244e-02 6.31386161e-01 -2.95213223e-01
    4.45107818e-01 -3.40544105e-01 7.33963072e-01 1.50149500e+00
    7.64830947e-01 7.18189895e-01 -6.68530345e-01 -5.81209779e-01
    1.02752948e+00 1.29993987e+00 1.13401890e+00 -6.54688597e-01
    1.82428801e+00 -1.01163685e-01 5.62745214e-01 1.82887554e+00
    -3.94175351e-01 1.46281600e+00 1.51084518e+00 1.33769059e+00
    8.76564860e-01 4.96201634e-01 -3.46453249e-01 9.07849371e-01
    1.62387192e-01 7.90971816e-01 1.37075579e+00 1.32190096e+00
    -5.90702891e-01 5.80966711e-01 3.56208265e-01 -3.35491359e-01
    1.83447576e+00 7.11829424e-01 1.20889926e+00 6.89273775e-01
    -2.43045092e-02 1.62876964e+00 1.40197587e+00 -6.43806875e-01
    1.07862425e+00 -1.48267508e-01 1.29370129e+00 1.52825236e+00
    1.73282695e+00 -4.74027961e-01 1.77556992e-01 1.71464181e+00
    -2.02201366e-01 9.54271734e-01 5.97472727e-01 6.98950887e-01
    1.46407032e+00 1.17396474e+00 -4.46890414e-01 -2.17055619e-01
    -2.85147250e-01 1.54158282e+00 4.90027010e-01 2.92205036e-01
    9.26571131e-01 2.43380547e-01 1.11374390e+00 -2.97931612e-01
    1.82107103e+00 1.64624500e+00 1.10346675e+00 1.63252068e+00
    1.68355536e+00 1.67197561e+00 1.53577340e+00 1.05242062e+00
    8.34751904e-01 -5.50916553e-01 5.71141005e-01 4.54542220e-01
    -6.22006893e-01 -1.79828227e-01 9.92278934e-01 2.92059600e-01
    -6.99331939e-01 -4.47249413e-03 1.22873259e+00 8.43902707e-01
    -1.53357923e-01 1.39836848e+00 -6.25149369e-01 -5.34533679e-01
    7.91269422e-01 2.49574184e-02 4.09949720e-01 1.71605897e+00
    7.03224778e-01 -3.44047755e-01 4.21214163e-01 8.18526745e-03
    -7.16834903e-01 1.26268840e+00 3.89958143e-01 9.15095806e-02
    1.01843774e-01 1.19612992e+00 -4.73156899e-01 1.54998899e+00
    1.07771921e+00 1.60741067e+00 1.73551679e-01 -3.85081321e-01
    1.22711372e+00 7.85617232e-02 1.23549461e+00 -3.49485338e-01
    6.23799324e-01 1.05813551e+00 1.51339173e+00 9.40118194e-01
    1.54922569e+00 -2.74392724e-01 -3.82343262e-01 2.50897229e-01
    1.04583824e+00 6.18193626e-01 -5.07794201e-01 -2.68229783e-01
    1.35509419e+00 1.17178440e+00 1.63257837e-01 -7.63535261e-01
    1.01032901e+00 8.14263821e-02 -1.46576107e-01 1.69264483e+00
    -1.39351964e-01 -7.29913175e-01 1.80125570e+00 5.93036652e-01
    -3.04783762e-01 -5.87203503e-01 1.48288667e-01 4.62458551e-01
    -5.20166039e-01 1.63060331e+00 -5.12993455e-01 1.11289525e+00
    1.41339636e+00 1.57562530e+00 4.58220303e-01 8.62477362e-01
    -3.04787695e-01 4.22069907e-01 1.36790824e+00 1.48721516e-01
    -6.65103436e-01 1.09039211e+00 -7.48374104e-01 3.52193952e-01
    -1.20139062e-01 9.87657249e-01 9.18443680e-01 1.06517637e+00
    5.63825130e-01 5.25107563e-01 3.22870910e-01 -2.50627935e-01
    1.30716383e+00 1.41988480e+00 1.14096820e-01 1.63945651e+00
    2.54385412e-01 -1.92319155e-01 -6.09876037e-01 2.09374249e-01
    7.88392723e-01 -1.21528208e-01 1.34713459e+00 1.72491610e+00
    7.73342013e-01 -8.09226692e-01 3.52736831e-01 -1.71527505e-01
    1.39727080e+00 3.24198008e-02 -8.07371259e-01 1.12445664e+00
    7.23589778e-01 -6.45804763e-01 1.35138357e+00 -1.24233961e-01
    -5.97558975e-01 1.65046012e+00 -3.39372754e-02 -5.53550720e-01
    -8.79262686e-01 6.25043452e-01 -2.11528838e-01 8.79872203e-01
    1.62891734e+00 8.88136327e-01 -5.92098415e-01 2.48779058e-01
    5.24032831e-01 1.03564000e+00 8.20166826e-01 1.15465450e+00
    -3.17694843e-01 -8.75651658e-01 9.23998535e-01 -4.31729615e-01
    4.32114124e-01 -6.66053534e-01 -6.17123961e-01 1.06463385e+00
    -5.98764539e-01 1.57040977e+00 1.68332505e+00 1.22720408e+00
    -8.84546101e-01 1.49115574e+00 -2.55522668e-01 1.57740200e+00
    2.58658886e-01 -7.60160685e-02 8.31709087e-01 1.00817657e+00
    7.27969468e-01 -7.14839816e-01 1.08657956e+00 1.67308700e+00
    3.76764596e-01 1.27175140e+00 -7.45540142e-01 -8.22129190e-01
    9.49230671e-01 -8.09485614e-01 1.25055611e+00 3.29612792e-01
    5.26111126e-01 1.67880225e+00 1.38948703e+00 -6.99460506e-02
    -6.22841001e-01 -5.80646455e-01 -4.23845589e-01 4.26324487e-01
    8.05032849e-01 -3.21227133e-01 1.34250736e+00 4.34068561e-01
    -6.66277349e-01 -5.86135268e-01 3.81772459e-01 1.10314751e+00
    -4.63870406e-01 3.09643328e-01 -1.17922843e-01 1.78344345e+00
    3.32726836e-02 1.06303191e+00 1.22811735e+00 5.67368805e-01
    1.21879220e-01 1.72037423e-01 1.58333528e+00 1.44041228e+00
    1.52553201e+00 -6.95600033e-01 1.66871846e-01 -6.67891622e-01
    6.56538188e-01 -2.01692581e-02 3.95923853e-01 1.17645741e+00
    -1.32181823e-01 1.26706147e+00 1.60242081e+00 -3.72681975e-01
    8.03309381e-01 7.92560756e-01 1.15773773e+00 -2.88038909e-01
    -8.36915851e-01 -4.94397700e-01 3.40290070e-01 7.76110232e-01
    1.33704638e+00 9.87423539e-01 1.50326729e+00 -7.73757994e-01
    1.04792976e+00 -2.85690844e-01 -3.25904727e-01 -7.68011868e-01
    3.62066507e-01 1.45411718e+00 7.58889675e-01 8.62265646e-01
    -6.11652136e-01 9.33636606e-01 2.53766000e-01 1.35306668e+00
    1.04542303e+00 1.79216409e+00 2.36225843e-01 -8.54648232e-01
    3.66021931e-01 6.21508718e-01 5.81542909e-01 -6.20163262e-01
    5.56112051e-01 1.10478973e+00 6.93906486e-01 1.45168400e+00
    -7.81835914e-01 1.50575101e-01 1.10765600e+00 -4.43256438e-01
    -4.24791336e-01 1.36025059e+00 3.71173024e-01 8.09285522e-01
    1.40320051e+00 -8.90048742e-02 1.14904368e+00 -2.24114954e-01
    2.91939020e-01 7.13321328e-01 -7.54707575e-01 7.80450344e-01
    5.27631044e-02 1.82405710e+00 1.08596694e+00 -9.80198979e-02
    1.58123517e+00 1.08932805e+00 -2.92216659e-01 4.11851883e-01
    1.27266192e+00 -6.85195923e-01 3.39080513e-01 5.48860431e-02
    1.66434395e+00 3.88725996e-02 -4.89503980e-01 1.00929952e+00
    4.81035471e-01 1.03901994e+00 9.62366998e-01 6.34595990e-01
    6.09350324e-01 -8.10767293e-01 5.80879152e-01 3.95412743e-01
    1.31668568e+00 -7.27855742e-01 4.79956627e-01 7.14191496e-01
    6.59614325e-01 5.50064206e-01 -4.39883500e-01 7.07265019e-01
    4.56727684e-01 5.08145511e-01 3.53306651e-01 8.00068378e-02
    -8.44136178e-01 1.35648954e+00 8.74611735e-02 6.21837676e-01
    4.36088860e-01 -1.23202920e-01 3.98533762e-01 -7.86463857e-01
    -2.91936398e-01 1.60433102e+00 7.97276795e-01 1.76723146e+00
    -7.42459476e-01 1.13602686e+00 7.56414294e-01 1.21009445e+00
    -6.49363399e-02 -8.61436725e-02 -3.19834262e-01 6.39721751e-01
    1.59668446e-01 -6.58329546e-01 1.34070396e-01 1.97265804e-01
    1.50489879e+00 -8.06745768e-01 4.28944111e-01 1.51496935e+00
    1.81947231e+00 1.65219235e+00 1.54321671e+00 2.10596323e-02
    -8.33346605e-01 3.46068382e-01 -7.23379672e-01 3.58635068e-01
    6.07778907e-01 8.61063898e-01 6.88597798e-01 1.44219220e-01
    8.39445710e-01 5.24836242e-01 4.55771208e-01 1.23506033e+00
    -9.07850266e-03 -1.68013275e-01 1.41036665e+00 1.24631882e+00
    3.68099570e-01 1.07075572e-01 5.12050986e-02 -5.51766813e-01
    1.40786481e+00 -6.98966265e-01 -3.72549474e-01 6.32500529e-01
    5.48253357e-01 -3.73280644e-01 1.43893433e+00 1.48001289e+00
    9.73376632e-01 -4.97957110e-01 -5.12206078e-01 1.48338127e+00
    5.25571108e-01 1.58089542e+00 2.01344490e-03 1.52451730e+00
    1.99661434e-01 -6.81937933e-01 -6.12082005e-01 1.25866437e+00
    -3.52538705e-01 9.39912736e-01 1.63870692e-01 1.55271447e+00
    1.33327973e+00 6.48895264e-01 1.39117360e+00 1.15311503e+00
    1.61863136e+00 1.71086013e+00 -5.03572583e-01 1.34339309e+00
    1.31873798e+00 -1.36234045e-01 1.77614045e+00 3.39792252e-01
    1.35596132e+00 1.54528141e-01 2.50985622e-01 6.96853459e-01
    1.77992368e+00 1.18032598e+00 -6.68482184e-02 -1.58577621e-01
    1.09645796e+00 7.43455589e-01 -4.17555571e-02 1.59836292e+00
    3.29649329e-01 2.30936646e-01 -1.50564551e-01 6.48713708e-01
    6.76363766e-01 1.28987765e+00 1.70444059e+00 9.63492334e-01
    6.17279410e-02 8.43715549e-01 -5.15504479e-02 -1.00962102e-01
    -1.65963054e-01 5.38557649e-01 -3.89729917e-01 -8.11142564e-01
    -2.53757715e-01 1.80446267e+00 1.12327397e-01 1.07533383e+00
    1.03466868e-01 -4.11011875e-01 -6.41857743e-01 1.38586068e+00
    9.01874423e-01 1.25837433e+00 8.50818932e-01 1.50922036e+00
    -4.54022110e-01 -6.36365592e-01 -1.14160657e-01 1.38219619e+00
    -1.54561818e-01 -2.38768578e-01 -5.96753120e-01 1.14473701e+00
    1.37459135e+00 8.21070671e-02 1.47846389e+00 1.77056193e+00
    1.12200737e+00 5.88701189e-01 -5.37382960e-02 9.03722644e-02
    8.29471767e-01 1.72205770e+00 1.34927368e+00 -5.05136967e-01
    1.11017168e+00 4.06429350e-01 1.57037067e+00 2.19285548e-01
    1.06897092e+00 -4.30158377e-02 1.94939137e-01 -8.75393569e-01
    1.78066707e+00 1.21392787e+00 1.71058917e+00 3.35396469e-01
    6.88780129e-01 6.70350134e-01 1.14915013e-01 -7.51336575e-01
    -7.60301650e-01 1.17283702e-01 1.09236121e+00 8.47643197e-01
    1.31493366e+00 -6.48489118e-01 -6.74835861e-01 -1.40858889e-01
    -7.77218521e-01 -1.99349761e-01 4.27094996e-01 -2.22405255e-01
    5.44357777e-01 -3.25829268e-01 -3.55539024e-01 -4.09050256e-01
    1.11022961e+00 -4.72899944e-01 -5.21172047e-01 1.70972919e+00
    6.38684988e-01 7.59280264e-01 -8.62412512e-01 -2.14378655e-01
    3.49658728e-01 -4.30006146e-01 3.42939496e-01 1.35620117e-01
    8.80455434e-01 1.48004115e+00 -5.84755898e-01 1.17090154e+00
    -7.67905116e-02 1.06231153e-01 6.89329505e-02 1.45414054e-01
    -5.21836281e-01 -2.60748029e-01 -1.08444214e-01 8.33013356e-01
    -6.86241627e-01 -4.55505431e-01 3.72547507e-02 1.38435531e+00
    9.38850224e-01 -3.71588290e-01 1.44533098e+00 1.69059300e+00
    1.03769898e+00 1.13785863e-01 -4.48031932e-01 1.57381034e+00
    3.23344350e-01 7.82020092e-02 -4.93459105e-02 2.91957855e-02
    1.02423108e+00 -1.29816532e-01 1.21783125e+00 1.52940428e+00
    9.83616233e-01 5.30285776e-01 -5.72491944e-01 1.11201072e+00
    5.09703517e-01 1.30521500e+00 -2.71095634e-01 -5.84414363e-01
    6.19424701e-01 -1.72743738e-01 1.13821507e+00 1.85982740e+00
    -2.42451966e-01 -1.52140796e-01 1.53501153e+00 1.13903749e+00
    -9.49966908e-03 -6.29610896e-01 1.14013243e+00 1.47151399e+00
    6.54725015e-01 7.74556577e-01 -6.37092352e-01 1.22594035e+00
    -1.84172392e-02 1.80273795e+00 1.30061126e+00 -2.39604175e-01
    1.90969288e+00 9.89439487e-01 1.19461966e+00 -2.97328711e-01
    -8.30338717e-01 1.94720805e-01 1.07233191e+00 -1.69563115e-01
    2.44396925e-01 8.70310664e-01 1.84577048e-01 3.94570887e-01
    9.64721441e-01 1.18156815e+00 4.36460972e-01 4.27619815e-01
    -3.17648649e-01 -4.66213077e-01 9.20279682e-01 1.44282055e+00
    -6.58113062e-01 -4.75517392e-01 -4.99753207e-01 2.13500142e-01
    -6.69101119e-01 -1.84758544e-01 1.83216310e+00 3.66996109e-01
    1.00526571e+00 1.31914186e+00 1.06505942e+00 -5.23637414e-01
    -4.99355346e-01 1.68753529e+00 1.38461685e+00 -4.26412702e-01
    9.39831555e-01 2.53205776e-01 5.44948995e-01 -4.32899594e-02
    -3.55147958e-01 1.47535276e+00 -2.09979236e-01 -6.37249947e-01
    -1.79032266e-01 1.14947116e+00 1.29623818e+00 -6.66782141e-01
    1.21217585e+00 -8.60095382e-01 -1.89082444e-01 -4.25617635e-01
    5.10008872e-01 1.34312773e+00 1.16195703e+00 4.48050499e-02
    1.27369547e+00 -1.16590440e-01 -7.50137448e-01 -7.11355507e-01
    1.59241223e+00 1.45076692e+00 -1.47568703e-01 1.63176394e+00
    -1.31784797e-01 1.58537948e+00 3.00200999e-01 1.39542210e+00
    5.22176564e-01 7.73948729e-01 1.83162034e-01 1.55441475e+00
    8.63934040e-01 2.07465887e-03 -6.66816056e-01 1.46421492e-01
    3.75999987e-01 1.39202094e+00 -4.86334056e-01 3.79443288e-01
    1.33980310e+00 1.17101848e-01 -7.51188993e-01 -1.75027013e-01
    1.21619666e+00 8.86276603e-01 -7.14485526e-01 4.32687342e-01
    2.33657122e-01 -1.42427802e-01 5.55910587e-01 1.50287366e+00
    4.84417915e-01 -5.91825366e-01 9.58098471e-01 1.72129250e+00
    1.63736403e+00 -1.19977593e-01 1.19190311e+00 -5.53798974e-01
    9.25199568e-01 1.54119563e+00 1.66576767e+00 2.80605733e-01
    2.84136951e-01 -1.60652399e-02 -7.74289250e-01 1.33600736e+00
    -8.74177217e-02 8.53867769e-01 -3.03533733e-01 1.34519851e+00
    -8.79666090e-01 1.15616262e+00 2.52985477e-01 7.81107783e-01
    -1.73800290e-01 1.39193773e+00 8.93564939e-01 -4.19168025e-01
    -7.25222468e-01 -7.16406941e-01 -6.95531011e-01 -3.66611481e-01
    1.26111555e+00 1.14654016e+00 1.61600649e+00 -2.45379448e-01
    1.71443009e+00 5.08421481e-01 9.99202967e-01 5.95606267e-01
    1.65176558e+00 2.95890868e-01 1.13142204e+00 3.47390175e-02
    1.53789139e+00 -6.00236654e-01 -5.51127791e-02 1.25870347e+00
    8.02008331e-01 5.67027509e-01 7.06592023e-01 -4.09172833e-01
    1.38285041e+00 -9.10665035e-01 -2.18224168e-01 -5.49728811e-01
    -6.79925621e-01 6.90631270e-02 7.20803678e-01 1.72556400e+00
    1.93298280e-01 1.55822372e+00 1.57181954e+00 8.18421483e-01
    2.47857273e-01 7.81268179e-01 -4.34540272e-01 1.04013610e+00
    5.08655727e-01 1.56807423e+00 -6.73526883e-01 4.77010369e-01
    4.68777657e-01 -5.39919972e-01 1.18586206e+00 4.95650172e-02
    1.61000443e+00 -7.19409585e-02 6.78419471e-01 1.03305101e-01
    1.30417037e+00 -1.64220989e-01 1.08121967e+00 -7.76674271e-01
    -3.52681160e-01 1.23664081e+00 -6.19828820e-01 1.64129388e+00
    7.12300181e-01 -1.60013139e-01 5.18368602e-01 1.63985145e+00
    1.85877931e+00 -3.37665856e-01 1.56339824e+00 -4.29420918e-01
    9.72324550e-01 -6.12584114e-01 8.41800809e-01 -3.36276293e-02
    -6.02122784e-01 4.33356225e-01 1.37857437e+00 1.41972017e+00
    1.20775282e-01 -7.02220619e-01 1.32832229e-01 5.27944684e-01
    -8.09894800e-01 9.19634700e-02 5.00328541e-01 5.41813910e-01
    -3.41835558e-01 -3.16546321e-01 1.28258514e+00 -1.00908816e-01
    1.89886391e-01 9.01507020e-01 -6.01036012e-01 3.71116996e-02
    -4.54997361e-01 8.42260659e-01 -7.79991567e-01 1.35767817e+00
    -4.99698848e-01 7.29164720e-01 -4.59621459e-01 3.80452096e-01
    9.34394956e-01 -7.28731155e-01 -1.73683405e-01 4.01878953e-01
    1.80133402e-01 -2.68097579e-01 -5.37870765e-01 1.42376387e+00
    -2.58243740e-01 1.11428213e+00 8.13617527e-01 3.91599953e-01
    1.12425780e+00 1.19914711e+00 1.49927926e+00 1.21129608e+00
    7.46949613e-01 -7.64148593e-01 1.49692941e+00 -7.03511596e-01
    -1.24745607e-01 -7.38299131e-01 6.51297271e-01 -4.01300490e-01
    7.26872802e-01 6.82869792e-01 1.55628371e+00 -8.09816301e-01
    1.29856658e+00 -2.68453538e-01 3.55232954e-02 1.10878372e+00
    1.80855870e-01 -5.87364733e-01 1.54617453e+00 1.04812837e+00
    9.44835126e-01 7.25143790e-01 -6.27442777e-01 2.12802589e-01
    -7.55301952e-01 -2.93116868e-01 5.25866687e-01 9.04130936e-01
    -1.83934867e-01 -2.31301010e-01 4.68362570e-01 1.75846756e+00
    -7.86062062e-01 4.42773342e-01 -8.63670111e-01 1.26092505e+00
    8.59396696e-01 7.72642970e-01 1.70978272e+00 1.50720811e+00
    -5.84842086e-01 -3.21040630e-01 1.74959862e+00 8.71652305e-01
    -3.81534070e-01 6.13738954e-01 -3.64144266e-01 4.50550795e-01
    3.52738380e-01 1.19833314e+00 -3.65865886e-01 -4.69766855e-02
    3.17711830e-01 6.57536685e-01 1.22523642e+00 3.40369105e-01
    -1.04289055e-01 -7.15176761e-01 -7.85407066e-01 1.03212261e+00
    -6.74279928e-02 -6.92615747e-01 1.35420108e+00 -1.61669970e-01
    -6.32982194e-01 1.58916473e+00 5.05807340e-01 -1.09599948e-01
    1.78367591e+00 5.28340518e-01 1.82304764e+00 -1.34221315e-01
    1.38413429e-01 -9.03670073e-01 -6.82142377e-01 1.36738062e+00
    1.78260732e+00 3.53995323e-01 7.54248321e-01 5.15915871e-01
    1.43327868e+00 1.70399201e+00 1.05295479e-01 6.69640064e-01
    1.14672518e+00 1.72665668e+00 7.77743816e-01 5.19459367e-01
    3.82286251e-01 -8.60536098e-03 1.27992213e-01 4.89028931e-01
    -1.36293530e-01 7.93979943e-01 3.31794739e-01 1.00706363e+00
    1.28683519e+00 -2.48474002e-01 1.09947729e+00 -6.33603394e-01
    -1.05453730e-01 -1.64112270e-01 3.31497788e-02 1.23282599e+00
    -2.72970319e-01 2.09348738e-01 -3.38943005e-01 -4.15203661e-01
    1.09773326e+00 6.71384156e-01 1.76961482e-01 -8.43068182e-01
    -6.64483130e-01 -5.86199045e-01 7.46515632e-01 -8.77928913e-01
    1.24498665e+00 1.30354881e-01 5.89255095e-02 7.53167689e-01
    -1.25805378e-01 1.08851314e+00 -5.05077720e-01 1.11547709e+00
    9.10408497e-02 -4.06244993e-01 -6.61864161e-01 1.04800415e+00
    7.51275897e-01 6.08942270e-01 1.77590203e+00 -2.48778045e-01
    1.37795806e+00 6.94103718e-01 -3.30092967e-01 -6.01253033e-01
    6.18820786e-01 7.27620304e-01 8.50660205e-02 2.45846212e-01
    9.12946463e-01 6.30380154e-01 -7.55420804e-01 9.93228376e-01
    1.01147628e+00 1.19768190e+00 1.19165480e+00 1.37787557e+00
    -4.19605345e-01 -2.20720232e-01 1.39189816e+00 -6.99951053e-02
    2.83114493e-01 -7.87514448e-01 1.47812057e+00 1.03991508e+00
    4.46956158e-02 1.18063951e+00 1.54317033e+00 5.87786078e-01
    1.22986150e+00 1.03903651e+00 4.79342103e-01 1.66778266e+00
    7.88308978e-02 -3.71585667e-01 5.99749863e-01 -6.55547380e-01
    1.00416064e+00 9.89335418e-01 5.01353323e-01 -6.21465981e-01
    1.60091293e+00 1.94949627e-01 1.25901437e+00 4.87440944e-01
    4.61283624e-01 -1.25629127e-01 1.01557112e+00 -1.52717352e-01
    -3.91282320e-01 -8.04348767e-01 -3.01416337e-01 1.35913253e+00
    -3.43806744e-01 1.29504561e-01 -6.50573373e-01 1.64901352e+00
    1.80446601e+00 1.74135542e+00 1.09791744e+00 1.01857579e+00
    -5.79317927e-01 1.74158907e+00 -7.95792341e-01 1.78186393e+00
    6.44914746e-01 -5.27940154e-01 6.41496420e-01 -5.78620434e-02
    -8.08612764e-01 1.17138386e-01 1.65069818e+00 -1.29236579e-02
    1.04793143e+00 -2.30438232e-01 7.35016644e-01 1.44369245e-01
    -6.39182925e-01 9.75804627e-01 4.05207872e-02 1.72793162e+00
    4.46211338e-01 -1.13562107e-01 -3.77775669e-01 1.23030949e+00
    -4.61727798e-01 -6.64620996e-01 2.93941498e-01 -4.96278256e-01
    1.33542359e+00 -6.20232582e-01 -1.29606545e-01 5.72986543e-01
    9.63452756e-01 7.92758942e-01 1.70268679e+00 1.80412471e+00
    6.99477673e-01 1.30270481e+00 -7.74172008e-01 3.50970328e-01
    2.22752333e-01 1.16979408e+00 1.43693948e+00 -7.67371178e-01
    6.88722610e-01 -8.65550518e-01 1.13709784e+00 2.82251418e-01
    2.88665533e-01 9.21493769e-01 -7.50165761e-01 -5.52895069e-01
    9.87780929e-01 3.04606199e-01 -1.62485659e-01 -2.95248628e-01
    -6.96896732e-01 2.77439952e-01 4.70926762e-01 -2.89995134e-01
    6.38777792e-01 1.20692968e+00 -4.58902717e-02 -7.86839366e-01
    -2.57590950e-01 -1.20480835e-01 5.53749681e-01 -6.83959603e-01
    5.82387149e-01 -8.65654945e-02 -7.13807702e-01 -6.65435493e-01
    -7.94476509e-01 1.17283845e+00 2.97620058e-01 5.61199188e-02
    9.38528419e-01 7.86043108e-01 9.76603270e-01 -5.62580109e-01
    5.73834002e-01 9.24526155e-01 -5.27273417e-01 -5.27574420e-02
    -7.10620642e-01 5.90008140e-01 -4.74889696e-01 -4.51201111e-01
    1.73549175e+00 1.14422727e+00 1.29735947e+00 2.88512051e-01
    -2.28289187e-01 1.17129433e+00 1.38412273e+00 6.25790596e-01
    -3.75485182e-01 1.38792586e+00 -5.29049456e-01 1.46958327e+00
    1.65879726e-01 -6.59704328e-01 3.27114880e-01 -2.72640586e-01
    1.31553316e+00 -8.50647092e-01 9.38806415e-01 -7.05223799e-01
    2.14180470e-01 3.76310110e-01 -1.43527925e-01 4.88971651e-01
    6.77983165e-01 1.42780709e+00 -2.97672868e-01 1.57988584e+00
    1.34783530e+00 6.91957474e-02 1.10919285e+00 -5.65524817e-01
    2.30456591e-01 1.09162986e-01 1.48268270e+00 -1.94432259e-01
    1.09565067e+00 1.23694801e+00 1.09825611e+00 1.40284300e+00
    7.79791117e-01 4.45646703e-01 -8.82038057e-01 -5.79406679e-01
    1.62536740e+00 -7.24728465e-01 3.56826246e-01 -6.96481347e-01
    8.48068357e-01 -7.74691045e-01 1.86712146e-02 8.93458486e-01
    1.26831257e+00 3.66596282e-01 -4.90170866e-01 1.78076935e+00
    1.38938427e+00 5.82796991e-01 -1.47860408e-01 1.45224237e+00
    1.37279630e+00 1.26000369e+00 1.41541886e+00 1.42350459e+00
    4.60136831e-01 1.05842280e+00 1.45029092e+00 1.45024610e+00
    7.12326348e-01 1.54488969e+00 5.81101775e-01 -2.31876254e-01
    1.33382034e+00 8.05906534e-01 1.73917222e+00 8.60016346e-02
    -5.59739828e-01 1.76544118e+00 1.38377333e+00 8.99896264e-01
    4.31929111e-01 1.59088635e+00 1.23586953e+00 1.71778321e-01
    1.06105089e+00 1.74439418e+00 1.09954000e+00 1.33732462e+00
    1.21712399e+00 5.61224699e-01 1.20718741e+00 9.17577863e-01
    1.61517084e-01 -6.05378628e-01 1.04062223e+00 -1.36273444e-01
    1.79281259e+00 1.22768795e+00 -8.70036840e-01 3.62709403e-01
    -3.73028159e-01 1.03361154e+00 6.96927309e-03 1.73395896e+00
    8.75723600e-01 8.55787277e-01 -6.12706065e-01 1.06392050e+00
    1.72501123e+00 1.41765845e+00 -1.68785453e-01 4.97023463e-02
    5.98590910e-01 7.51109362e-01 -5.32455802e-01 -2.35100806e-01
    1.35794079e+00 1.65294957e+00 1.47300601e+00 1.41215086e+00
    -3.03798735e-01 1.06405973e+00 8.04508328e-01 1.64320064e+00
    1.73353076e+00 4.15503979e-01 8.53810906e-01 -6.51304066e-01
    8.74186754e-01 5.08761287e-01 1.58027220e+00 1.71237648e-01
    1.51248837e+00 5.38539886e-01 -4.34490770e-01 1.38740814e+00
    1.34627652e+00 1.23093152e+00 1.19531131e+00 1.84594393e-01
    -2.14317739e-01 1.48355019e+00 8.23950708e-01 -1.73269749e-01
    -3.65555227e-01 8.76327753e-02 -2.66093314e-01 1.61774194e+00
    1.15435219e+00 -8.35432410e-01 9.98893738e-01 -4.78122652e-01
    6.18701994e-01 -2.69375920e-01 -8.49792302e-01 1.79308736e+00
    -2.11737692e-01 1.41794789e+00 1.62328124e+00 1.61704719e+00
    -1.23780012e-01 6.91855013e-01 -7.27183223e-02 -3.37362289e-01
    1.42501140e+00 1.18653238e-01 -2.82236218e-01 -4.82487679e-03
    1.37131667e+00 1.71486688e+00 -7.31031895e-01 1.60228705e+00
    2.31603801e-01 1.57801342e+00 3.28099012e-01 1.42075253e+00
    -6.28340006e-01 1.75751364e+00 3.26637983e-01 1.85612774e+00
    1.56713462e+00 3.55908275e-01 8.06165934e-02 1.02685452e+00
    7.77419388e-01 1.08262300e+00 1.35583401e+00 2.26598740e-01
    -7.25194991e-01 7.84900367e-01 1.74163306e+00 1.36526489e+00
    -5.84937215e-01 1.78409386e+00 1.27771223e+00 8.03880692e-01
    1.00533247e+00 -4.76251245e-02 1.61424744e+00 -4.34231222e-01
    2.37719059e-01 1.16411746e-01 -3.16241205e-01 -2.41565406e-01
    -8.23415160e-01 1.09947872e+00 3.76570225e-03 1.35351324e+00
    6.07332468e-01 1.02585721e+00 1.20009816e+00 3.15003932e-01
    1.20981264e+00 -3.98606896e-01 9.41217184e-01 -4.42302823e-02
    7.12244630e-01 -6.46504164e-02 9.88020301e-01 4.20606434e-01
    5.85058987e-01 1.87854946e-01 1.15600681e+00 -2.64380157e-01
    1.40634000e-01 1.46137452e+00 -8.99072289e-02 9.41932797e-01
    1.85018480e-01 -1.71768844e-01 6.89805746e-02 1.55422521e+00
    1.08401227e+00 7.99747109e-01 -3.67526680e-01 5.32795548e-01
    6.23239219e-01 3.63294780e-01 -1.57397270e-01 -2.13064075e-01
    -8.07580650e-01 1.09570813e+00 8.81232202e-01 -2.36362040e-01
    4.83303308e-01 5.24521768e-01 -3.71300250e-01 8.35554004e-02
    1.26229954e+00 -2.94308722e-01 -7.66550183e-01 -4.34062093e-01
    -5.97545922e-01 1.39664710e+00 -3.55730057e-02 -1.38199925e-02
    -2.93288589e-01 -5.56541085e-01 -2.68854618e-01 8.73567820e-01
    6.79628193e-01 1.50492668e+00 1.52515078e+00 -3.54972064e-01
    3.42711329e-01 1.12406015e+00 -4.92073476e-01 -5.60050607e-02
    5.24045706e-01 3.09316933e-01 2.00722694e-01 1.44462776e+00
    5.30302107e-01 -8.18126976e-01 5.70164144e-01 2.53216386e-01
    1.71787906e+00 1.26273513e+00 1.59315836e+00 -1.43347979e-02
    1.40556300e+00 -3.70619357e-01 1.32835746e+00 1.74582601e+00
    -1.79837048e-01 1.60972953e-01 -8.11112881e-01 1.67029166e+00
    1.68031907e+00 -3.99577200e-01 -5.00705481e-01 2.84379661e-01
    2.19442070e-01 7.28131652e-01 -1.40398264e-01 5.43616235e-01
    -6.81345224e-01 3.41997623e-01 9.11511958e-01 1.31566763e+00
    -8.98660660e-01 1.64208066e+00 1.31500530e+00 1.29009771e+00
    3.06153357e-01 7.63282955e-01 8.42387915e-01 6.63406909e-01
    2.62072265e-01 2.56752014e-01 -1.64557338e-01 1.11640120e+00
    -2.39281058e-02 7.04180598e-02 4.74451542e-01 -8.26811671e-01
    -2.96601653e-02 2.75949836e-01 6.92847192e-01 -1.09340250e-01
    -3.63522589e-01 1.31752491e+00 7.92321324e-01 -1.22468233e-01
    8.80423129e-01 4.29304600e-01 -6.72740698e-01 8.14773321e-01
    -3.20972383e-01 -1.34583175e-01 -2.71845520e-01 3.11416745e-01
    1.39642692e+00 1.56703258e+00 1.73616409e+00 -5.50111711e-01
    1.16804802e+00 1.47199273e+00 2.73239613e-01 -5.81808090e-01
    1.77982628e+00 1.17202711e+00 6.31879330e-01 -8.53197575e-02
    -6.69544935e-01 -4.39156473e-01 1.56060028e+00 4.46015716e-01
    4.08458591e-01 3.78261924e-01 5.87432861e-01 8.42601418e-01
    1.63557935e+00 1.78857899e+00 4.34344411e-01 1.11641669e+00
    8.68997157e-01 1.92068517e-01 1.52369857e-01 4.28865612e-01
    1.27542663e+00 1.73952198e+00 1.78022981e-01 -6.10627651e-01
    7.96431959e-01 1.63822901e+00 6.25427961e-01 -5.71339011e-01
    -2.20119357e-01 1.28324986e+00 3.09146225e-01 5.04334569e-02
    -4.05499935e-02 4.66890335e-01 -8.90203059e-01 1.32366633e+00
    4.99774814e-01 6.73471630e-01 1.25678325e+00 -6.16815090e-01
    1.78672457e+00 1.49891222e+00 4.57295001e-01 1.50545764e+00
    -8.62340569e-01 -8.94171000e-02 5.62248290e-01 1.61235905e+00
    8.66067767e-01 2.13144302e-01 -9.79750156e-02 3.26146781e-01
    -1.63148642e-02 7.05232620e-02 -3.19768310e-01 -5.68632960e-01
    -8.20877075e-01 -3.65414470e-01 3.49664986e-01 2.10357845e-01
    2.63305306e-02 1.50940299e+00 -8.38307858e-01 -4.78305012e-01
    1.47844422e+00 1.47354579e+00 6.53052032e-01 -7.21316755e-01
    1.74518478e+00 5.17526209e-01 2.36674666e-01 -7.42591977e-01
    -8.68569851e-01 -1.87576950e-01 1.72117496e+00 -5.23667336e-01
    8.99049044e-01 1.12850952e+00 1.76862347e+00 1.30170989e+00
    -1.10026956e-01 1.41918385e+00 5.83073080e-01 1.06236386e+00
    -4.01866525e-01 9.41994011e-01 2.58278489e-01 -7.85953760e-01
    1.54671037e+00 1.56185961e+00 7.29472518e-01 -2.66676247e-01
    -7.83812284e-01 1.19477057e+00 -7.36582160e-01 -6.95245862e-02
    -6.85030222e-01 3.37851822e-01 5.66348135e-01 5.09291291e-02
    1.21253800e+00 8.48685145e-01 1.82216549e+00 -4.36990023e-01
    1.49693441e+00 -7.23796248e-01 -7.78055489e-01 -7.41282701e-01
    1.04879498e+00 1.56255221e+00 1.87539661e+00 9.83096719e-01
    5.55913568e-01 4.19144511e-01 2.63055742e-01 5.27425110e-01
    1.81855440e+00 1.56941628e+00 -2.37434506e-01 7.04000592e-01
    9.77267861e-01 -7.01275349e-01 -3.13513517e-01 1.57764864e+00
    1.27965331e+00 9.66665030e-01 6.99632585e-01 1.16849208e+00
    -4.89717811e-01 1.19095325e+00 8.61714184e-01 1.22809863e+00
    1.52049971e+00 4.25048351e-01 9.97292221e-01 -2.58372605e-01
    1.10518885e+00 8.58130038e-01 -3.44856858e-01 -5.63354552e-01
    1.29838777e+00 2.22813845e-01 -4.08494323e-01 -1.43238902e-02
    4.47426319e-01 8.03102434e-01 1.30330086e+00 1.78282809e+00
    -2.06353188e-01 1.31887841e+00 3.13853025e-01 9.30991113e-01
    5.68376899e-01 3.59075189e-01 -1.05363131e-01 1.67486143e+00
    1.41703629e+00 1.37947226e+00 4.99948680e-01 1.33571136e+00
    -5.31077266e-01 1.68051744e+00 1.79639685e+00 1.82091188e+00
    1.56860995e+00 9.41323996e-01 6.85348749e-01 1.60608625e+00
    1.18310928e+00 -6.40967429e-01 1.34924507e+00 -9.95384455e-02
    -4.96770144e-02 5.88766873e-01 4.66521502e-01 -6.53157234e-01
    1.17568135e-01 -5.28207421e-01 1.29688191e+00 1.44055367e+00
    -5.01035213e-01 1.04894400e+00 -4.07294720e-01 1.17697155e+00
    -7.40185380e-01 9.90081728e-01 1.45554328e+00 1.41508913e+00
    4.28978801e-01 2.53173172e-01 1.07938969e+00 1.59145355e+00
    3.02978337e-01 1.82608128e+00 -3.95034522e-01 -5.69339693e-01
    1.33845091e+00 -5.28271556e-01 5.80806792e-01 3.71471047e-01
    6.17073536e-01 -1.89452171e-02 1.53928137e+00 1.20837879e+00
    -8.11930418e-01 2.59964228e-01 1.96907580e-01 1.23571301e+00
    6.45163059e-01 1.07839048e-01 -8.33516240e-01 2.26886868e-02
    1.29778123e+00 -8.58665526e-01 1.61205196e+00 9.32935178e-01
    1.25554013e+00 7.07348466e-01 1.44329095e+00 2.83597469e-01
    1.43995285e-02 8.41456711e-01 -4.93856072e-02 -6.85907006e-02
    1.80794406e+00 1.34980726e+00 1.32857001e+00 -5.32081246e-01
    4.95711207e-01 1.57033730e+00 5.86284220e-01 -7.47755229e-01
    -7.00273871e-01 -4.32983369e-01 1.76444590e-01 2.91149020e-01
    -3.49307060e-02 9.54874933e-01 1.72348118e+00 2.14910269e-01
    5.06991863e-01 2.55480349e-01 -4.23615992e-01 3.55163753e-01
    -4.55384851e-02 7.13424444e-01 -8.04482818e-01 -4.31228250e-01
    1.06733775e+00 -3.56332093e-01 1.77584517e+00 1.22129798e+00
    -1.49784744e-01 9.70112264e-01 6.12420142e-01 -3.09465706e-01
    -9.61199403e-02 -4.92535681e-01 6.15350604e-02 1.15965152e+00
    5.95356226e-02 7.08153725e-01 -5.38263679e-01 7.12774575e-01
    4.65997696e-01 1.20376205e+00 1.54514289e+00 1.06798959e+00
    6.51674330e-01 -5.99375188e-01 7.36013234e-01 1.32628059e+00
    -1.92357838e-01 8.56214583e-01 -8.01116765e-01 5.87007403e-01
    -7.44385719e-02 1.58816695e+00 1.28368926e+00 -2.21585512e-01
    1.20041680e+00 1.20965278e+00 1.82501698e+00 1.03399718e+00
    7.25481093e-01 8.01122785e-02 1.86597943e-01 1.03351331e+00
    -3.37899625e-01 1.04702508e+00 1.47114253e+00 4.25767958e-01
    1.44871533e-01 6.40099406e-01 1.68963158e+00 1.55891681e+00
    3.64879370e-02 5.93057394e-01 1.64243722e+00 -7.14683533e-01
    1.18155885e+00 1.02700329e+00 4.02331948e-01 4.67114270e-01
    -6.19217694e-01 1.22659385e-01 1.46241331e+00 1.17114317e+00
    1.72305334e+00 -2.66325414e-01 1.80683541e+00 7.23019838e-01
    -7.70964503e-01 4.12484348e-01 -6.73179269e-01 -3.75117064e-02
    3.61108422e-01 1.46384966e+00 -5.99426627e-02 9.11991775e-01
    -1.07575059e-02 1.11202109e+00 1.35341680e+00 -5.58906376e-01
    3.27935636e-01 1.32426524e+00 2.61007965e-01 2.70311832e-02
    1.71855474e+00 -1.98650122e-01 2.79498100e-02 4.68115330e-01
    1.58223176e+00 -5.91647267e-01 1.21328473e+00 1.08881116e+00
    1.51232767e+00 6.97126269e-01 9.34607923e-01 -6.19959831e-03
    1.11360955e+00 -1.18798435e-01 5.64731121e-01 1.58818245e+00
    -7.56998360e-01 9.87128377e-01 1.55922627e+00 -4.53966856e-02
    -8.29900026e-01 8.15614045e-01 -7.11766362e-01 2.33234346e-01
    9.84160066e-01 7.77026653e-01 -3.50482643e-01 1.52294159e+00
    8.73982549e-01 1.50484586e+00 9.54333067e-01 8.24620724e-02
    -7.42840648e-01 4.98597205e-01 1.03772414e+00 -2.61871278e-01
    6.52553141e-01 2.17921615e-01 1.25508606e+00 -2.28008807e-01
    1.22848856e+00 3.61129522e-01 -4.80002761e-01 6.03163242e-01
    6.59500539e-01 1.17221487e+00 -1.50715768e-01 7.77947485e-01
    -7.99232125e-02 1.44617224e+00 1.79153657e+00 6.64734662e-01
    8.11319053e-01 7.50637949e-01 1.04022479e+00 -5.73159933e-01
    7.11292624e-02 3.55136752e-01 -2.10147321e-01 1.51804161e+00
    1.88086390e+00 -9.13764238e-02 -7.99413919e-01 8.90497744e-01
    -4.53356445e-01 1.55969810e+00 -2.84889638e-01 -6.83572292e-02
    -6.01771772e-01 7.82846868e-01 -6.16809487e-01 -8.22945476e-01
    9.07094955e-01 7.37187088e-01 1.27070010e+00 -6.41287744e-01
    -5.74014902e-01 6.32186472e-01 6.28676355e-01 1.74970961e+00
    -7.30493665e-02 1.23065710e+00 1.15202665e+00 -6.95311725e-01
    9.24018621e-01 1.84723270e+00 1.48403859e+00 -1.93555415e-01
    1.68025482e+00 2.37907529e-01 -4.19534504e-01 3.60710859e-01
    9.87309158e-01 -4.28768694e-01 9.74282026e-01 1.06466973e+00
    -6.27489924e-01 9.06757772e-01 -1.95187509e-01 8.97778571e-01
    -1.92175627e-01 3.39328468e-01 -5.38879514e-01 -8.19847763e-01
    1.30811930e+00 1.60169041e+00 1.72770631e+00 9.30656850e-01
    9.01520133e-01 7.47279286e-01 8.01998079e-01 1.22733426e+00
    -5.35390496e-01 -2.73507655e-01 7.54104078e-01 6.93278313e-01
    7.29676366e-01 -7.53061652e-01 5.80301583e-01 2.14996040e-01
    -4.05999094e-01 1.08531237e+00 4.57917929e-01 -4.53985393e-01
    -3.92733186e-01 1.55725121e+00 1.38244367e+00 1.35946035e+00
    1.65992785e+00 5.62830329e-01 8.10091674e-01 -7.82061696e-01
    8.40567887e-01 7.11046457e-02 6.76120341e-01 1.13484526e+00
    -5.78924060e-01 8.07716727e-01 7.72166729e-01 1.81150341e+00
    2.58198440e-01 -3.39367628e-01 6.48163974e-01 3.78731728e-01
    -4.10773754e-02 1.26547241e+00 9.18001592e-01 1.47397232e+00
    -6.34925902e-01 1.02917790e+00 -4.28492248e-01 1.40585828e+00
    3.30029726e-02 9.21686351e-01 -5.06998777e-01 1.43680727e+00
    -4.01804864e-01 1.40175819e+00 1.39573145e+00 7.55485296e-02
    5.43332875e-01 1.49327374e+00 3.27073216e-01 6.56293511e-01
    -2.60791183e-01 1.61053634e+00 4.75694597e-01 1.01103175e+00
    -3.69333625e-02 9.36655998e-02 6.69759631e-01 1.46591377e+00
    3.74848485e-01 8.02488565e-01 -5.59372425e-01 -5.61866641e-01
    8.38589013e-01 7.64476240e-01 1.10816824e+00 9.14178491e-02
    2.04875529e-01 1.72502232e+00 3.29651177e-01 6.01434052e-01
    -4.73686397e-01 1.88515520e+00 5.90849340e-01 1.00122273e-01
    -5.12366295e-01 1.85322070e+00 1.69865513e+00 -7.82385528e-01
    2.70507038e-01 1.32849908e+00 1.09653354e+00 1.10165799e+00
    1.81064129e+00 -5.49311519e-01 -2.43082821e-01 4.07513440e-01
    1.56871986e+00 -2.13918865e-01 1.14676845e+00 1.14148831e+00
    4.58010077e-01 -4.99970019e-01 7.76385128e-01 2.86880314e-01
    1.44446576e+00 1.35661650e+00 1.39678347e+00 -5.75088441e-01
    -6.75246835e-01 -1.27982855e-01 -9.85265374e-02 -6.07573509e-01
    1.75349486e+00 -2.28112936e-03 1.63324022e+00 1.14820194e+00
    1.13447618e+00 -3.54781389e-01 1.69043803e+00 -1.77322447e-01
    1.23774934e+00 1.82666063e-01 -2.92560041e-01 1.49037600e+00
    -1.98291183e-01 -7.82409072e-01 -8.78984034e-01 3.77427459e-01
    1.19609201e+00 -1.38607621e-01 1.29876661e+00 1.16757226e+00
    -4.03702945e-01 1.57480967e+00 1.77126527e+00 5.76571345e-01
    1.83702266e+00 -2.13731766e-01 1.08827424e+00 1.72055411e+00
    5.21288753e-01 -2.64862776e-01 -7.12106466e-01 1.84963024e+00
    8.04527879e-01 1.11808562e+00 -2.23610520e-01 4.86290038e-01
    3.91874909e-02 4.71068799e-01 2.11343408e-01 1.43845797e+00
    -8.77811432e-01 -4.60204273e-01 -8.72137249e-01 1.43031573e+00
    -2.11966813e-01 -4.47605312e-01 -1.82741344e-01 -3.11652482e-01
    -5.94040155e-02 1.69725430e+00 1.02058339e+00 -7.89984822e-01
    1.01430535e+00 -6.53167009e-01 -5.27082443e-01 1.01693380e+00
    2.03286052e-01 -3.14586401e-01 -6.64777637e-01 3.99089813e-01
    4.68656123e-01 1.19751978e+00 7.29568720e-01 -6.84379578e-01
    1.48919618e+00 1.56185722e+00 1.36456466e+00 -5.68568707e-03
    5.71372211e-01 2.64801264e-01 1.09443617e+00 6.84247911e-01
    5.11028647e-01 1.50233507e-02 3.30919027e-01 2.38241732e-01
    1.27884150e+00 1.74452615e+00 4.14816141e-02 1.12513399e+00
    8.06909263e-01 1.15587425e+00 9.62145925e-02 -2.52652884e-01
    7.64778554e-01 1.81399381e+00 9.05592799e-01 -6.58730149e-01
    1.01303244e+00 1.85398841e+00 -2.37321615e-01 8.34472239e-01
    3.33599627e-01 -5.61150312e-01 5.82965732e-01 6.98327363e-01
    1.52940440e+00 -8.59324217e-01 8.79772127e-01 -4.75732058e-01
    -3.01668644e-02 3.07972074e-01 1.53170025e+00 -7.04658449e-01
    5.62932372e-01 -3.74968559e-01 6.19033277e-01 3.13490927e-01
    5.70914805e-01 8.88294876e-01 5.34116745e-01 8.99628282e-01
    -7.13456511e-01 -1.28304005e-01 6.03198171e-01 -1.35047078e-01
    -2.01734543e-01 -6.75264478e-01 1.25956225e+00 1.35142231e+00
    6.64124250e-01 1.41975260e+00 1.33716047e-01 -6.95239902e-01
    9.88619268e-01 8.49986553e-01 -3.64654839e-01 1.80347514e+00
    1.12033784e+00 9.64240193e-01 7.21503675e-01 1.71075940e-01
    5.88584483e-01 1.14255679e+00 1.78938532e+00 -1.25348151e-01
    -6.74252927e-01 1.70906091e+00 -2.48003185e-01 5.14782488e-01
    1.58664703e+00 8.98217916e-01 5.29664576e-01 1.19073665e+00
    1.49426210e+00 -4.62210834e-01 4.36483026e-02 -4.91358787e-01
    6.70758009e-01 6.03372335e-01 -7.23664641e-01 -3.24259758e-01
    -6.99812889e-01 1.38734698e+00 1.73015380e+00 -3.51211011e-01
    1.56290221e+00 -3.96791309e-01 -4.56001937e-01 -7.20809758e-01
    2.98698127e-01 1.38382745e+00 1.06071568e+00 5.81039965e-01
    1.29385769e+00 1.93234682e-02 -1.19978070e-01 -5.62619328e-01
    1.36894512e+00 1.11756599e+00 -3.13083589e-01 1.58715069e-01
    1.32011247e+00 1.36423945e+00 1.13207650e+00 1.00642967e+00
    1.76817191e+00 -4.95272011e-01 1.55732262e+00 1.11856151e+00
    9.12337959e-01 3.84433270e-01 1.49570179e+00 -2.90498137e-01
    1.10435390e+00 -8.47235262e-01 3.47272515e-01 -2.11142480e-01
    -5.02836108e-02 1.60839856e-01 1.56180525e+00 5.19950032e-01
    -5.51785946e-01 1.33174443e+00 -1.89875603e-01 4.45933580e-01
    -5.22275925e-01 -1.95414722e-01 1.82767987e+00 1.05750585e+00
    1.42901731e+00 -8.19941998e-01 1.23754680e+00 -8.12110126e-01
    1.30808532e-01 -5.59982896e-01 1.80852914e+00 -4.93478447e-01
    -5.51886976e-01 -4.05562043e-01 7.36080587e-01 1.56110835e+00
    1.64736724e+00 -4.85360503e-01 2.76598215e-01 6.99264050e-01
    4.89562213e-01 -5.26944458e-01 3.60424459e-01 -5.12911379e-01
    3.61998081e-01 -6.39087915e-01 1.82633138e+00 -6.07628942e-01
    8.29675794e-01 -1.51883066e-01 1.38020515e+00 6.83942378e-01
    4.09996748e-01 8.02784920e-01 1.01249504e+00 6.43736064e-01
    1.14283729e+00 -6.81234717e-01 -2.73142457e-02 -8.14439118e-01
    1.47044766e+00 -1.32672906e-01 6.50248647e-01 1.63175082e+00
    9.88364577e-01 1.69817984e-01 8.62184048e-01 3.36542189e-01
    -4.94013518e-01 9.04490173e-01 -5.07222533e-01 1.71429169e+00
    1.50826263e+00 5.51250160e-01 -1.16184950e-01 9.67714727e-01
    9.10213053e-01 1.72754335e+00 1.03259981e-01 3.34624887e-01
    1.61838055e-01 -6.69136524e-01 1.65878510e+00 1.17217278e+00
    2.80643702e-02 -3.19507897e-01 -4.29913461e-01 1.42597377e-01
    1.65301883e+00 2.01469660e-03 -1.00787938e-01 4.68102515e-01
    1.75997758e+00 9.21823084e-01 1.86251450e+00 5.94722688e-01
    1.33957577e+00 8.01886439e-01 1.43067324e+00 -3.24973047e-01
    1.02171803e+00 5.90068877e-01 1.55383360e+00 1.17589116e+00
    5.05580485e-01 -5.40850520e-01 1.29374385e+00 1.33197546e+00
    9.24261928e-01 5.39951742e-01 1.77717209e-01 -4.03598845e-01
    -7.07178175e-01 3.48955333e-01 1.36443615e+00 1.58734918e+00
    1.75245094e+00 1.35167587e+00 1.11386955e+00 1.57895494e+00
    1.35299301e+00 1.00440919e-01 1.34002876e+00 -7.85415411e-01
    1.18304908e+00 -6.97115660e-02 -5.50928593e-01 1.28536940e+00
    8.13464344e-01 -2.23591447e-01 -2.13759303e-01 -5.15316129e-01
    7.05123842e-01 6.12155616e-01 1.10317159e+00 1.54129720e+00
    8.48125041e-01 2.60156691e-01 -8.05828273e-01 1.70382345e+00
    1.74790025e+00 5.31042457e-01 1.61476564e+00 -5.07080436e-01
    1.00688863e+00 6.37112379e-01 -5.15391707e-01 7.31434703e-01
    4.45393205e-01 1.57049656e+00 5.68010867e-01 1.05186045e-01
    -6.08693480e-01 5.23945272e-01 1.23249602e+00 1.45319319e+00
    8.86245668e-01 1.78955519e+00 -2.06889927e-01 3.37612569e-01
    1.00848269e+00 1.19580925e-01 1.36734247e+00 -5.45341134e-01
    3.19898307e-01 7.67859936e-01 -5.04840016e-02 1.11646843e+00
    1.76109624e+00 8.32493126e-01 5.81036627e-01 -3.51933122e-01
    -4.41882610e-01 9.54088092e-01 9.94535804e-01 1.80652761e+00
    2.59844422e-01 4.62669134e-03 1.51194882e+00 -3.49192739e-01
    1.39128542e+00 -1.29922926e-01 5.20228744e-01 4.21114504e-01
    -4.96748775e-01 2.77751803e-01 6.31092787e-01 1.74484086e+00
    1.27098489e+00 3.85494173e-01 1.37707973e+00 8.45397115e-01
    6.03986979e-02 1.48993945e+00 -3.99202585e-01 8.15785587e-01
    1.13898706e+00 5.28058290e-01 1.60039186e+00 1.17862380e+00
    -3.29342186e-01 -7.50342906e-01 1.30463910e+00 -9.75388288e-02
    -7.10906506e-01 4.24145103e-01 1.30918717e+00 2.23036885e-01
    9.00760889e-02 4.68832433e-01 4.40878153e-01 9.32570040e-01
    -2.44587302e-01 -2.55979896e-02 1.83364749e+00 -5.18497229e-01
    -7.37752855e-01 3.98176193e-01 1.89325762e+00 7.72956669e-01
    1.29280972e+00 1.70344639e+00 5.48009455e-01 -8.24272990e-01
    1.04620230e+00 1.30491734e+00 1.71828556e+00 1.29867864e+00
    1.38740003e+00 1.36330533e+00 -4.50784564e-02 1.73132396e+00
    1.33883536e-01 1.45337915e+00 1.56816816e+00 -1.54638290e-01
    -3.13919067e-01 2.79946983e-01 9.34750140e-01 5.15539050e-01
    6.90194666e-01 -7.88733780e-01 9.57221925e-01 6.86555624e-01
    4.10625279e-01 1.09017539e+00 1.72129011e+00 4.81354892e-01
    1.09273267e+00 7.85408795e-01 -4.84700114e-01 6.86226487e-02
    -4.30216014e-01 1.10281873e+00 -6.75424576e-01 1.10161662e+00
    -6.68109417e-01 6.33069396e-01 -3.75025272e-02 1.73730588e+00
    2.46698856e-02 1.19246495e+00 1.09945786e+00 2.72602916e-01
    8.13925385e-01 1.66799140e+00 1.73724079e+00 2.63944626e-01
    -3.82362247e-01 1.54475188e+00 -7.79279470e-01 1.63509023e+00
    -4.16743845e-01 8.68148267e-01 -6.44351363e-01 1.77782249e+00
    2.58715332e-01 -2.29050398e-01 7.47510135e-01 -6.90928638e-01
    1.83138931e+00 2.85284877e-01 1.73433781e+00 -7.10811853e-01
    1.39986515e-01 -7.01764226e-02 2.58872449e-01 1.75505221e-01
    8.17183554e-01 1.32003093e+00 -3.77353549e-01 2.58921206e-01
    1.97241545e-01 1.29866064e+00 8.34931850e-01 -3.41113448e-01
    5.47187567e-01 8.89122486e-02 7.36262381e-01 -1.20607913e-01
    1.06610715e-01 -7.43349850e-01 1.68036842e+00 4.09346998e-01
    9.04817998e-01 1.69016933e+00 7.69905567e-01 -6.42685890e-01
    -2.14273691e-01 9.25023377e-01 -5.55356026e-01 2.55618811e-01
    7.78872371e-01 1.08374095e+00 1.60823083e+00 1.12275815e+00
    -2.13210583e-02 1.37821054e+00 9.66583788e-01 3.19871187e-01
    6.20591998e-01 5.15936494e-01 2.25280881e-01 -6.87400579e-01
    -6.19052291e-01 4.96047020e-01 6.29092097e-01 1.66065121e+00
    1.08878839e+00 -6.03200436e-01 3.86337280e-01 1.77081645e-01
    1.26175570e+00 -5.51229000e-01 -5.21314919e-01 1.66812801e+00
    6.12176239e-01 1.36612654e-02 -7.83617735e-01 -1.52110159e-01
    -8.59486341e-01 -1.76599145e-01 6.97498858e-01 1.73365092e+00
    1.50462592e+00 1.81200504e+00 6.28339291e-01 -4.81597304e-01
    4.08466160e-01 1.78593016e+00 -5.87137580e-01 1.67338109e+00
    -6.86521471e-01 7.04141855e-02 1.30203772e+00 1.04357111e+00
    -1.12473905e-01 1.22239494e+00 1.06287313e+00 1.20032477e+00
    5.17948866e-01 1.28243530e+00 -8.03880453e-01 8.59365642e-01
    9.14056301e-01 1.28400278e+00 1.54788232e+00 6.50732875e-01
    -6.95693195e-01 1.15100682e+00 7.35614002e-01 1.31894326e+00
    2.07947612e-01 2.39625216e-01 -1.77280903e-02 3.98760378e-01
    1.41372943e+00 1.09945536e-02 1.82675076e+00 1.73400092e+00
    -5.30301452e-01 1.71752274e+00 -6.66939318e-01 8.38738739e-01
    -8.44239354e-01 9.79297459e-01 5.80809116e-01 1.03341126e+00
    1.62102413e+00 -4.61442202e-01 1.38970757e+00 1.75350213e+00
    1.81496310e+00 6.81053340e-01 1.76728833e+00 -6.24192774e-01
    9.09542739e-01 8.85016263e-01 -3.27341437e-01 -8.70346963e-01
    -4.42786396e-01 -4.67674106e-01 1.48186517e+00 4.14358675e-01
    6.63822174e-01 5.88865221e-01 1.14234519e+00 9.01426375e-01
    -7.05330431e-01 1.43200696e+00 9.07106578e-01 1.44381380e+00
    -7.71231949e-01 -5.71542144e-01 4.71684277e-01 1.82272196e+00
    -2.62650251e-01 9.55713332e-01 1.15240264e+00 6.65357709e-01
    -5.94600320e-01 -5.21866441e-01 -5.95109940e-01 -8.06788504e-01
    1.81854784e-01 -2.16584384e-01 7.25471139e-01 1.83305907e+00
    1.23479187e-01 -2.72221565e-02 -5.70383847e-01 1.73929238e+00
    9.52798963e-01 9.41689074e-01 6.84455812e-01 4.93323803e-01
    -6.67970061e-01 1.74455547e+00 -3.94209027e-02 1.50315320e+00
    1.50265145e+00 1.44378233e+00 2.15407789e-01 -6.60849214e-01
    -3.77425671e-01 6.72952950e-01 6.40494883e-01 -3.70424807e-01
    1.48230124e+00 5.84680736e-01 1.24106574e+00 1.31846476e+00
    -5.15590191e-01 1.21509409e+00 1.23173428e+00 1.26726985e+00
    1.26613784e+00 -8.61203253e-01 -3.93393517e-01 -7.03847349e-01
    4.94800806e-01 -7.25410402e-01 1.73550487e-01 -4.77590859e-01
    1.46443582e+00 1.21144319e+00 1.83110535e+00 -8.74305964e-02
    -4.80241835e-01 -5.52215219e-01 4.96583700e-01 1.79501987e+00
    1.82219505e+00 -1.81817591e-01 5.69122732e-01 -4.00564492e-01
    -7.99673200e-02 4.06292319e-01 2.87654221e-01 -2.24466503e-01
    8.15435112e-01 1.12145865e+00 8.81259024e-01 -6.00360036e-01
    -6.55759335e-01 2.83831239e-01 9.25141335e-01 1.47237325e+00
    1.26125526e+00 6.06258690e-01 4.94080245e-01 7.46135533e-01
    -1.79240286e-01 1.20275319e+00 1.74765706e+00 1.11723804e+00
    1.01928139e+00 1.46353185e-01 6.48793578e-01 1.05830359e+00
    9.08863544e-02 4.27329063e-01 1.74056816e+00 1.70419264e+00
    -4.14652020e-01 1.75681829e-01 -6.75977707e-01 -3.73757720e-01
    1.56573629e+00 4.93847191e-01 1.71247053e+00 4.78754759e-01
    5.21004796e-02 1.54955673e+00 3.95533502e-01 1.16443264e+00
    1.01366282e+00 3.00070524e-01 1.00749588e+00 1.55383611e+00
    -1.71857476e-01 1.20674348e+00 1.04116201e-02 -3.52706552e-01
    8.65050018e-01 1.42904699e+00 -5.73144853e-01 1.26507783e+00
    -8.32484245e-01 2.31019318e-01 -4.48862851e-01 1.35283208e+00
    -8.73812318e-01 1.52659273e+00 1.51959276e+00 1.54576588e+00
    1.76620507e+00 -7.06305146e-01 1.71455824e+00 7.37068176e-01
    5.78602016e-01 5.64594924e-01 7.24831820e-01 -6.48397207e-01
    1.19948268e+00 1.19246435e+00 2.48050690e-01 1.47336006e+00
    -9.78887677e-02 1.38327897e-01 1.17508864e+00 1.81304181e+00
    9.61031735e-01 -3.11935008e-01 1.37259007e+00 1.73152018e+00
    1.83126760e+00 -5.92312872e-01 1.76093864e+00 1.15775394e+00
    3.27172637e-01 5.39179862e-01 -7.19144106e-01 9.63847578e-01
    1.66936874e+00 8.52346122e-01 -4.73960906e-01 1.06151223e-01
    2.22982049e-01 1.54426837e+00 -2.57642925e-01 1.75738502e+00
    9.05358791e-02 -5.59371710e-03 1.09280133e+00 -8.34571362e-01
    -5.52326500e-01 9.18020606e-01 -1.47751749e-01 1.18447948e+00
    7.70465910e-01 1.28745782e+00 1.55917168e+00 1.18326390e+00
    1.54737663e+00 1.09032607e+00 -4.75325525e-01 1.39040232e+00
    -6.28995895e-02 5.84184825e-01 2.66520381e-01 1.53847075e+00
    1.44475985e+00 -7.59927213e-01 2.57081091e-01 1.84738040e-02
    9.45968449e-01 6.41990840e-01 1.91339731e-01 7.69830704e-01
    -4.95845765e-01 3.68792653e-01 -7.20626473e-01 -4.37471509e-01
    -1.65186703e-01 -5.98697424e-01 -7.82369614e-01 8.79218161e-01
    -4.38670069e-01 -2.49513924e-01 4.81883645e-01 7.87694216e-01
    2.24352241e-01 1.72652769e+00 -7.82285869e-01 -6.86115086e-01
    6.59374297e-01 1.64992225e+00 -1.48050904e-01 1.69714093e-02
    2.16145396e-01 1.28312707e+00 1.04669285e+00 1.29086852e+00
    1.04450846e+00 1.28883040e+00 7.82995820e-01 9.05282021e-01
    2.50555575e-01 4.53930020e-01 9.08702850e-01 2.33503282e-01
    1.22537529e+00 1.74769735e+00 7.85343945e-01 1.02086616e+00
    1.98939025e-01 -6.00641251e-01 5.43815255e-01 -3.78458858e-01
    5.20943940e-01 1.02958202e-01 -4.31300342e-01 7.76369274e-01
    1.26670599e-02 6.86470509e-01 1.53044367e+00 6.91147923e-01
    -7.73848057e-01 -6.82658732e-01 9.43025053e-01 -5.90161800e-01
    -3.63774896e-01 1.89518929e-01 9.19217587e-01 1.78427219e+00
    8.53743494e-01 2.33402252e-01 1.24283767e+00 1.60733032e+00
    -5.22562861e-01 -5.77991903e-01 9.37154293e-02 1.93074405e-01
    1.84786654e+00 -1.67573452e-01 1.78668547e+00 5.94934881e-01
    6.67026699e-01 1.63895178e+00 3.54535818e-01 -6.36087775e-01
    -1.23792768e-01 -4.14207220e-01 1.95928335e-01 6.30209744e-01
    1.83040571e+00 1.74042106e-01 6.19836330e-01 2.54504204e-01
    6.72855139e-01 1.00179148e+00 1.58156157e+00 7.39665926e-01
    -3.97926152e-01 -3.37007761e-01 1.65553176e+00 1.35283077e+00
    -7.98552632e-01 -3.66922677e-01 -5.69054008e-01 1.53603792e+00
    -5.06904662e-01 -7.73262501e-01 3.94654512e-01 -7.01023757e-01
    3.20856631e-01 1.03044212e-01 3.21204543e-01 9.52175140e-01
    1.27726674e-01 5.54239392e-01 1.69962037e+00 -4.51691151e-02
    4.46470082e-01 -6.30705059e-01 1.51855445e+00 5.05893290e-01
    1.87864423e-01 1.67051840e+00 1.43467331e+00 1.60671651e+00
    -5.63840866e-02 5.22766471e-01 1.32952356e+00 8.01311076e-01
    -3.60299349e-02 4.00556266e-01 1.46614420e+00 1.73773766e+00
    -1.42773449e-01 -3.08777750e-01 1.37027383e+00 1.27350855e+00
    -4.00344342e-01 1.39754486e+00 7.48000562e-01 1.82820845e+00
    9.14064705e-01 4.85282004e-01 1.17916977e+00 1.17241073e+00
    4.10034537e-01 1.31536829e+00 5.57993293e-01 2.44430125e-01
    1.42971659e+00 1.26829016e+00 9.06392932e-02 -6.71880901e-01
    1.65895605e+00 -2.93017626e-02 1.40437996e+00 9.80844259e-01
    1.30518651e+00 3.15103531e-02 1.09432292e+00 1.44151473e+00
    4.98859823e-01 2.14010715e-01 -1.67510450e-01 1.42775059e+00
    6.84107184e-01 -8.18663120e-01 1.09418440e+00 8.78405511e-01
    1.78821266e+00 1.38899481e+00 1.48272943e+00 1.02533913e+00
    1.37307465e-01 1.19248402e+00 5.71475506e-01 9.55801010e-01
    1.42500067e+00 8.82415116e-01 1.07513726e-01 -5.31064332e-01
    1.33771658e+00 1.69390416e+00 -4.59191471e-01 1.15855753e-01
    7.12306976e-01 2.09194779e-01 -5.17069578e-01 9.88187551e-01
    4.13890958e-01 -1.15721583e-01 4.35426831e-01 6.43264472e-01
    1.80710340e+00 1.10288572e+00 1.54128861e+00 -8.26704800e-01
    4.60801601e-01 1.53227043e+00 8.41966510e-01 -4.39587981e-01
    -2.04694331e-01 -5.60634673e-01 1.50263524e+00 9.70937014e-02
    3.65237176e-01 6.95179284e-01 1.19980097e+00 1.79543352e+00
    1.27698445e+00 -7.48454094e-01 -8.01444650e-02 9.90428627e-01
    1.38626337e+00 2.36582756e-02 -6.72891080e-01 -5.87156415e-01
    1.19373381e-01 8.78164828e-01 1.69624865e-01 1.76712871e+00
    1.34633565e+00 8.19643319e-01 -4.66490388e-01 -3.64282787e-01
    1.17514658e+00 4.82326090e-01 1.44690609e+00 5.83562315e-01
    1.53391576e+00 -4.15463060e-01 -7.52402127e-01 1.67717743e+00
    -2.31939554e-01 8.37941527e-01 1.25869370e+00 -5.86051464e-01
    8.12214851e-01 -2.49267340e-01 1.47232890e+00 1.44289827e+00
    -7.69076228e-01 2.83679128e-01 -7.65656233e-01 9.80234385e-01
    8.77645373e-01 6.88706875e-01 4.69074070e-01 -6.08477175e-01
    8.19690943e-01 1.27686143e-01 1.49070787e+00 1.10444188e+00
    -8.31503987e-01 6.17235541e-01 2.11344421e-01 -7.29760766e-01
    1.19627357e+00 -7.12716937e-01 9.98833895e-01 1.42480659e+00
    1.61319792e-01 -7.04945624e-01 2.25342572e-01 -4.51504529e-01
    8.88538361e-03 -2.17681170e-01 1.28249919e+00 1.61177492e+00
    1.79311883e+00 1.20908678e-01 1.50893593e+00 -6.65421724e-01
    5.77161789e-01 8.05319548e-02 8.79851997e-01 -8.25227439e-01
    6.04107678e-01 1.78179562e-01 6.25744283e-01 -2.68160939e-01
    4.72819388e-01 9.52665031e-01 1.70992720e+00 9.66074347e-01
    1.38954699e+00 9.90383148e-01 1.22993469e+00 1.49550867e+00
    -6.21950030e-01 4.50491905e-01 1.46487296e+00 1.77956629e+00
    -7.69304514e-01 -3.85360509e-01 -7.11151659e-01 -2.75092125e-02
    -4.56946433e-01 8.41572762e-01 -1.47949696e-01 1.50631428e+00
    1.59659910e+00 -2.48846173e-01 1.53685582e+00 1.36864138e+00
    6.68840349e-01 -3.21581364e-01 1.28243136e+00 8.08817923e-01
    6.85637116e-01 1.21877265e+00 -5.75623214e-01 7.20001400e-01
    1.56236577e+00 1.66442049e+00 1.34116888e+00 1.34311962e+00
    2.33265221e-01 1.21593297e+00 4.34150279e-01 1.67791247e+00
    1.34935975e+00 1.86704218e-01 1.08022869e+00 1.45928288e+00
    9.97935593e-01 1.68343151e+00 8.86750937e-01 -1.16678476e-01
    6.56941712e-01 -6.11646056e-01 -6.32070780e-01 -5.00210404e-01
    -5.75565696e-02 1.16642427e+00 1.20712781e+00 -8.71177912e-01
    -4.93829876e-01 -5.96886277e-01 -4.44001138e-01 1.92832351e-02
    9.75214839e-02 3.71434867e-01 -1.20064676e-01 -5.08814037e-01
    9.45787132e-01 -2.35854805e-01 8.61390114e-01 -7.21706808e-01
    -5.39603591e-01 7.25134969e-01 -5.14956117e-02 1.55653286e+00
    1.07834041e+00 7.69469500e-01 -5.40730774e-01 4.60648835e-01
    -3.84809732e-01 1.53071237e+00 -5.25974631e-02 1.70496011e+00
    7.02504277e-01 1.53595555e+00 1.11129999e+00 9.40406442e-01
    -3.94654930e-01 7.14194000e-01 1.57287467e+00 1.21968246e+00
    1.88374722e+00 5.98850191e-01 7.66591728e-01 1.63883185e+00
    -4.60446626e-01 7.28600323e-01 8.26042891e-02 -4.28576946e-01
    9.62108016e-01 -5.21952868e-01 1.78051341e+00 6.31563604e-01
    8.23451757e-01 1.83481503e+00 -3.70916128e-01 1.30014706e+00
    2.29052126e-01 1.15322971e+00 8.92927349e-01 9.65032041e-01
    1.64930689e+00 1.29515362e+00 -5.77541590e-01 3.95091772e-02
    8.81914258e-01 2.00979710e-02 6.31076097e-01 -3.80756974e-01
    1.85759783e-01 -4.59011793e-02 3.34793687e-01 3.31795692e-01
    1.10841906e+00 3.35550964e-01 7.82217562e-01 1.32046771e+00
    -3.32402349e-01 1.26164520e+00 -2.28675008e-02 -1.25659347e-01
    9.86237764e-01 1.72677326e+00 -2.49187350e-01 -8.38000774e-01
    1.37307692e+00 1.24127746e+00 1.63883889e+00 1.08656478e+00
    1.21271956e+00 6.53370619e-02 1.08709931e-02 7.05491185e-01
    1.39738917e+00 1.44037879e+00 5.31000495e-01 -3.35652292e-01
    9.98791933e-01 -1.33304179e-01 2.80124128e-01 -4.78551716e-01
    -6.46613777e-01 1.14737034e+00 7.25684702e-01 -2.09126055e-01
    1.57046390e+00 1.70245230e+00 9.97502863e-01 1.76483309e+00
    9.93111789e-01 5.50820589e-01 1.23966241e+00 -8.28540921e-01
    -3.37683082e-01 1.74845386e+00 6.46736026e-01 -7.16000438e-01
    3.15740705e-01 -3.44461203e-03 1.72357011e+00 1.58847678e+00
    7.00762451e-01 -2.35264182e-01 1.53351486e+00 1.47247064e+00
    4.84336674e-01 1.09171391e+00 -9.86493230e-02 1.64631963e+00
    1.48933029e+00 1.66623843e+00 4.22940314e-01 -5.69651842e-01
    -3.91495556e-01 7.72161126e-01 5.01452804e-01 5.36942005e-01
    6.10557258e-01 -8.22532892e-01 1.76863337e+00 9.83407795e-01
    8.68292034e-01 1.75772834e+00 -1.65991485e-01 -5.82891941e-01
    7.17221558e-01 2.60100424e-01 -2.17122853e-01 1.78059292e+00
    1.10652041e+00 -8.24579477e-01 1.19663596e+00 8.73591602e-01
    6.48230314e-01 1.54813576e+00 -3.33717883e-01 1.37163305e+00
    1.47614169e+00 1.07409787e+00 -6.11104727e-01 3.99455070e-01
    -4.89988893e-01 1.57398939e-01 -1.86184406e-01 -8.40148568e-01
    1.08006954e+00 8.12335491e-01 -6.15020394e-02 1.71905220e-01
    -6.12872005e-01 1.06771612e+00 1.27576244e+00 1.66642833e+00
    -3.43248665e-01 4.98066723e-01 1.24224877e+00 -3.33695590e-01
    7.11911023e-01 -3.82698417e-01 1.50616693e+00 1.52859831e+00
    4.18701589e-01 1.61099648e+00 6.43522501e-01 4.41155136e-01
    1.07667494e+00 9.67396140e-01 1.48931468e+00 1.06766200e+00
    1.19500589e+00 -1.30608082e-01 1.82308304e+00 2.93228567e-01
    4.59180474e-02 2.43895948e-01 1.07978845e+00 2.54585981e-01
    -7.96900749e-01 -1.97995901e-02 2.70386696e-01 -2.76949286e-01
    5.29856741e-01 -5.56537449e-01 1.86395633e+00 -6.70192897e-01
    3.97768259e-01 -3.02522779e-01 -5.47498345e-01 -7.91973174e-01
    8.57371092e-03 1.83161378e-01 -8.70568037e-01 6.24733329e-01
    1.04089737e+00 1.94482148e-01 -4.02275085e-01 1.45798302e+00
    3.23404253e-01 1.78497791e+00 -6.73246205e-01 6.36665046e-01
    -4.03570354e-01 -3.15513730e-01 -2.24723160e-01 -4.89938647e-01
    6.59373522e-01 3.40449631e-01 -3.99622053e-01 8.30659866e-01
    1.15713942e+00 1.25096524e+00 9.62433457e-01 1.36482501e+00
    -8.96174848e-01 -3.89974236e-01 1.71165550e+00 7.01737642e-01
    8.29885423e-01 -5.19261956e-01 1.00423038e-01 -5.74681878e-01
    9.54272807e-01 1.82977438e-01 1.40271914e+00 -8.96324635e-01
    1.18706226e+00 1.34999275e+00 -6.61379635e-01 -5.07011294e-01
    -2.35523582e-02 -8.03994298e-01 -7.43795872e-01 -7.88399994e-01
    1.63531137e+00 6.74518824e-01 -5.72989464e-01 1.79875624e+00
    9.03411031e-01 1.78782964e+00 -7.96283126e-01 -8.12978745e-02
    -5.25756240e-01 5.48051775e-01 1.36852908e+00 1.34640002e+00
    6.14668369e-01 7.03510046e-02 3.77188206e-01 1.18876314e+00
    1.23460126e+00 7.00657547e-01 6.77482009e-01 5.95134318e-01
    -4.49478477e-01 -3.78696024e-01 -7.79904664e-01 -4.37481642e-01
    9.00649190e-01 1.20839572e+00 -6.29797220e-01 2.23282397e-01
    -6.42276525e-01 1.55451846e+00 1.01366878e+00 -3.19889784e-01
    3.20114493e-02 1.44480252e+00 6.72246695e-01 -8.41143370e-01
    -7.81067610e-02 -4.72372532e-01 1.52255130e+00 3.62310588e-01
    -8.42734456e-01 9.79489326e-01 -6.45623207e-02 -7.97309577e-01
    4.93662655e-01 -2.37241924e-01 5.08985639e-01 2.97264636e-01
    1.57841754e+00 3.46497774e-01 2.47410476e-01 6.51726007e-01
    7.40710795e-01 1.67491150e+00 5.06851792e-01 1.80958509e+00
    1.19660139e+00 7.29246736e-02 -5.79038203e-01 3.94216061e-01
    -2.92076588e-01 2.71261096e-01 -2.93840170e-01 -8.34485769e-01
    3.03960383e-01 9.56865847e-01 4.20650125e-01 1.32604802e+00
    5.33016026e-01 6.89426661e-02 -8.69869590e-02 3.69520903e-01
    1.79872274e-01 3.51094842e-01 1.00530624e+00 -3.32147956e-01
    -1.72242284e-01 2.84259856e-01 1.51188242e+00 -8.64768028e-01
    1.30297792e+00 -8.60287249e-01 1.37632084e+00 1.05135286e+00
    -2.33615994e-01 -3.32137823e-01 -1.36162937e-01 9.88365233e-01
    -7.63795972e-02 -4.93016243e-01 7.07788706e-01 9.35526252e-01
    1.54824281e+00 1.59190941e+00 -3.15045893e-01 1.06955695e+00
    8.72054517e-01 1.66375232e+00 1.45335960e+00 6.51472807e-03
    6.97035313e-01 2.15818226e-01 1.87333167e-01 4.28537846e-01
    1.14054036e+00 9.30099308e-01 5.98306715e-01 -6.12012148e-01
    -9.18106794e-01 4.87987816e-01 -4.06106353e-01 1.76063538e+00
    1.35369444e+00 -7.36289978e-01 1.18245673e+00 -1.40769005e-01
    1.01907492e+00 1.66413069e-01 1.70889759e+00 3.02528441e-01
    -9.70658064e-02 1.58926702e+00 4.20421541e-01 7.65676498e-01
    -6.71607554e-01 3.74167502e-01 1.66445494e+00 9.16013956e-01
    4.48370457e-01 -6.78221524e-01 -2.29472160e-01 -1.91534162e-01
    9.60919380e-01 4.99553680e-02 7.80846179e-01 -3.26603502e-01
    8.91910374e-01 1.33866072e-03 1.28180516e+00 8.99711490e-01
    8.30036700e-01 9.14146900e-01 8.13467503e-01 -8.10371339e-01
    6.20543361e-01 1.16581655e+00 4.67996299e-01 1.17060614e+00
    5.01809895e-01 5.77409029e-01 2.84406304e-01 1.19774079e+00
    -4.89988744e-01 1.70445585e+00 1.14667416e-02 -4.18115973e-01
    -5.81847072e-01 -4.72777098e-01 -8.40636194e-01 -4.94232625e-01
    -7.98529387e-02 7.26826847e-01 5.70279360e-01 6.45697474e-01
    -8.49717438e-01 -1.71604037e-01 4.98400569e-01 2.91920483e-01
    6.47255301e-01 -3.47781003e-01 3.50098431e-01 -8.15699935e-01
    4.39343452e-01 -2.84626901e-01 6.85791075e-01 -7.87340045e-01
    7.85339892e-01 1.54672837e+00 1.53433549e+00 -3.71939123e-01
    1.14201546e+00 9.76702571e-01 -5.09099841e-01 1.22165620e-01
    4.54882860e-01 -8.46152604e-01 1.73532629e+00 9.44835186e-01
    -1.38495147e-01 -3.30214083e-01 -4.64454740e-01 -3.88080657e-01
    9.74855423e-01 1.61516047e+00 6.71778083e-01 7.62735128e-01
    3.34507823e-01 5.34636259e-01 -4.11185235e-01 1.18637276e+00
    1.02346349e+00 1.31236649e+00 -1.28959477e-01 1.25658107e+00
    1.53943634e+00 1.06803489e+00 1.18809402e-01 -5.62593937e-01
    1.21316361e+00 -7.25197315e-01 -8.17578137e-01 1.85650420e+00
    -2.02850640e-01 -5.99342227e-01 7.33582735e-01 9.34267521e-01
    -6.70053005e-01 1.96100652e-01 1.21831119e-01 -6.74757540e-01
    9.78172421e-01 -6.18289351e-01 -6.59965873e-01 -2.75087059e-01
    1.60725284e+00 -7.34296799e-01 6.24380410e-01 7.92015970e-01
    3.72358799e-01 -3.70348394e-01 5.61709106e-01 1.23681664e+00
    -5.54978251e-01 1.30717051e+00 -1.34606540e-01 1.16316104e+00
    1.55319905e+00 2.02462792e-01 2.11867213e-01 -4.92189080e-01
    1.28271985e+00 1.91801667e-01 1.25868762e+00 6.64581239e-01
    -2.58400857e-01 1.59498894e+00 1.46015620e+00 -7.97434807e-01
    -5.59921741e-01 1.23555756e+00 9.10345078e-01 -1.88628674e-01
    1.41726136e+00 7.60210752e-02 1.66097927e+00 1.37129521e+00
    5.55396676e-01 1.72558212e+00 1.72253370e+00 6.68600380e-01
    2.09036589e-01 -6.25193238e-01 -2.43450940e-01 1.63729107e+00
    2.56160676e-01 3.89495850e-01 7.57649362e-01 -7.25032747e-01
    1.32595110e+00 7.45342433e-01 1.45984054e+00 -1.03101134e-02
    1.36940789e+00 4.29110169e-01 9.87729847e-01 1.15265977e+00
    -5.63656449e-01 1.84690070e+00 -1.83580458e-01 -1.74649596e-01
    -8.28787208e-01 2.93596566e-01 1.77608132e+00 -7.69672215e-01
    -3.20603013e-01 3.12865078e-01 -1.10597968e-01 -2.76951671e-01
    -4.48430747e-01 1.63969541e+00 1.32918787e+00 1.71456504e+00
    1.31371200e+00 6.37252986e-01 1.25931191e+00 -2.09438741e-01
    6.26250565e-01 1.38349748e+00 1.00477386e+00 2.72233784e-01
    -7.46539593e-01 6.08530104e-01 9.84467804e-01 7.95699954e-01
    1.68604088e+00 1.00510073e+00 8.65612745e-01 1.65658307e+00
    -3.67804140e-01 -7.27656722e-01 5.00377059e-01 -4.77552235e-01
    4.83726084e-01 -5.71902871e-01 -4.02371496e-01 4.56529260e-02
    5.55715621e-01 -1.84572577e-01 7.52131522e-01 1.26511621e+00
    1.77055562e+00 1.21258712e+00 7.33834267e-01 -8.11550021e-02
    -7.19691455e-01 -8.57253790e-01 -1.20186806e-01 1.70695853e+00
    4.64602172e-01 1.69014454e+00 1.57022309e+00 1.16779757e+00
    3.37543428e-01 -7.16108203e-01 9.98054326e-01 -6.41424477e-01
    3.49269152e-01 1.56271291e+00 4.99697149e-01 -2.62284696e-01
    1.05006909e+00 7.43891656e-01 -3.15487266e-01 1.76141441e+00
    1.61018813e+00 8.48733842e-01 9.06954408e-02 5.17193139e-01
    -6.17160320e-01 -2.48781443e-01 -3.33223939e-01 4.56519365e-01
    1.01369679e-01 -6.77989483e-01 -3.28429699e-01 -8.21622491e-01
    9.76289213e-01 -3.11470270e-01 -8.01664233e-01 1.59617484e-01
    1.26609731e+00 -6.98665082e-01 -1.29946172e-01 5.07743061e-01
    1.36362338e+00 -5.01196980e-02 1.31078506e+00 1.78901076e+00
    -2.62989998e-02 1.16813707e+00 1.71585917e+00 1.55310905e+00
    3.16519737e-01 5.44880092e-01 1.62089181e+00 2.81619072e-01
    -3.67361605e-01 5.22665381e-02 2.14064956e-01 -2.06802964e-01
    7.82703698e-01 7.98356056e-01 5.25581896e-01 1.57309246e+00
    -5.20738006e-01 -4.42102194e-01 -5.83675504e-02 1.84824729e+00
    1.60044348e+00 -4.67565387e-01 6.80023372e-01 6.66658878e-02
    -2.53983915e-01 6.69480026e-01 -4.34990615e-01 6.35219634e-01
    -1.18548214e-01 1.03739464e+00 5.70089340e-01 3.63459945e-01
    -5.26670814e-02 1.79230928e+00 6.18681729e-01 5.47914088e-01
    1.23678899e+00 -4.00412083e-03 1.82101524e+00 3.20611894e-01
    1.34506547e+00 1.39097500e+00 -4.40401137e-01 -1.69549465e-01
    -3.95978630e-01 5.21780670e-01 -8.71325374e-01 1.97184563e-01
    -2.67479122e-01 1.46430039e+00 5.76638758e-01 9.87561345e-01
    -2.02516675e-01 -1.41214669e-01 9.92593527e-01 1.44248688e+00
    -7.74600565e-01 1.54481554e+00 1.60692048e+00 -8.07567954e-01
    -2.62014091e-01 1.23728347e+00 4.28773284e-01 9.70657647e-01
    1.03268826e+00 9.39925313e-02 -8.12837780e-01 1.64084244e+00
    1.43791747e+00 1.45160639e+00 1.20352101e+00 -4.86443400e-01
    1.76756358e+00 7.31975853e-01 -5.72847128e-01 3.49076450e-01
    -4.18436527e-02 9.60041881e-01 1.67279625e+00 1.57126331e+00
    -3.05023134e-01 -2.75391996e-01 1.55615890e+00 1.85055983e+00
    1.47518528e+00 -5.70707679e-01 2.37788439e-01 6.42881989e-02
    9.05034125e-01 -4.89609063e-01 3.79780054e-01 1.10641646e+00
    -1.84550643e-01 1.84490967e+00 -4.54976916e-01 1.74156284e+00
    4.68520045e-01 -7.80004323e-01 -4.60748971e-01 -7.12435365e-01
    -7.33762026e-01 9.93182063e-02 1.77955890e+00 1.14814734e+00
    1.55890083e+00 1.65833092e+00 3.84858549e-01 1.75295258e+00
    -3.62893403e-01 4.28389072e-01 -2.47709334e-01 -1.04804814e-01
    1.21058571e+00 1.15633416e+00 1.88524246e-01 7.91690648e-01
    1.45553350e+00 1.04238260e+00 -6.00204289e-01 1.01207399e+00
    -8.34449828e-01 4.38098371e-01 6.48097992e-02 1.20684171e+00
    8.86186838e-01 1.82584012e+00 2.86526501e-01 1.32217622e+00
    1.62943149e+00 -2.12897241e-01 5.60667455e-01 1.37207913e+00
    1.78585291e+00 1.74969494e-01 9.57093358e-01 1.25534105e+00
    3.46792936e-02 1.74518096e+00 5.04816890e-01 -6.87742531e-01
    -3.85998428e-01 7.64773250e-01 -5.85890770e-01 9.02963638e-01
    9.97495055e-01 1.99280500e-01 -4.56075966e-01 5.21507502e-01
    1.52223027e+00 4.21972156e-01 9.40053761e-01 1.05459356e+00
    1.39152098e+00 -7.95546293e-01 1.58432198e+00 1.68837452e+00
    1.13939416e+00 -5.73694408e-01 9.96782184e-02 1.59285140e+00
    -7.99622178e-01 -8.21323872e-01 -1.22651517e-01 4.57877576e-01
    -2.62137115e-01 -3.42793465e-02 1.50393510e+00 9.83578086e-01
    3.75556707e-01 8.70309830e-01 8.88336480e-01 2.92360663e-01
    1.45614624e+00 1.05082881e+00 9.57476258e-01 -1.47567928e-01
    1.55180550e+00 2.05955088e-01 1.17790246e+00 7.70763338e-01
    1.76524925e+00 8.85518432e-01 -1.06835246e-01 1.32144177e+00
    -6.50566697e-01 1.71638966e+00 -5.76407552e-01 -7.02379405e-01
    -4.91651654e-01 -6.22727156e-01 -4.55127656e-01 1.18272340e+00
    4.86596346e-01 9.41833317e-01 3.19950163e-01 1.61347389e+00
    -8.06687772e-01 1.70977998e+00 -5.26210070e-01 4.67274666e-01
    -4.12191600e-01 3.33052874e-01 1.32619977e+00 -1.66463315e-01
    1.84179485e-01 -1.30149901e-01 1.00647497e+00 3.10565114e-01
    9.00838017e-01 -5.02528548e-02 1.51739073e+00 6.78542256e-02
    -1.60994649e-01 2.89342880e-01 1.28644300e+00 4.36217606e-01
    1.18333268e+00 -2.85218537e-01 1.79272461e+00 -3.90366077e-01
    4.97256339e-01 -6.91504240e-01 -4.52546209e-01 4.86962914e-01
    9.05793190e-01 1.73929048e+00 -8.39052200e-01 -2.92369843e-01
    3.78437579e-01 1.00179040e+00 1.60603023e+00 1.67126703e+00
    -4.07206178e-01 6.82513714e-01 1.46508479e+00 -6.35726452e-02
    7.55249262e-02 1.42449045e+00 5.71828485e-01 -7.72724748e-02
    1.63395512e+00 -8.16090107e-02 -8.05303454e-02 1.32065213e+00
    1.56102943e+00 1.21305490e+00 2.51997948e-01 8.22199821e-01
    -1.00976825e-01 -2.36104369e-01 6.60588503e-01 9.37693596e-01
    3.07721496e-02 1.61195827e+00 1.26290178e+00 1.23273969e+00
    -2.11375892e-01 -8.54682624e-01 -3.17337036e-01 7.35301971e-01
    9.50013399e-02 -7.91943192e-01 2.50073671e-02 9.03405249e-01
    -5.81908464e-01 3.56891751e-01 -1.66976273e-01 -2.98932850e-01
    1.84115195e+00 8.13093245e-01 1.72273874e+00 3.90296400e-01
    -6.96171105e-01 -3.70847195e-01 7.21194625e-01 -7.68635392e-01
    -8.36014926e-01 7.94266999e-01 -1.68089569e-01 1.40540624e+00
    1.54582405e+00 5.62799513e-01 -6.63377583e-01 3.94975960e-01
    5.53698182e-01 -8.49555314e-01 -4.14979696e-01 -7.08636045e-02
    1.60724688e+00 8.66868019e-01 5.37229121e-01 -3.15911829e-01
    -3.27085853e-01 -3.97397161e-01 5.22807896e-01 1.05412257e+00
    1.01673520e+00 2.82014191e-01 5.98224759e-01 1.55614078e-01
    9.03666019e-03 4.43634987e-01 5.66364110e-01 1.15832090e-02
    -7.55143523e-01 -1.10282958e-01 3.24654818e-01 1.64093852e-01
    1.26274276e+00 1.11315489e-01 1.51344168e+00 -3.98658991e-01
    9.38980162e-01 -6.48737311e-01 -5.59780717e-01 1.23733699e-01
    1.28644419e+00 8.25959742e-01 -3.17666113e-01 -7.26210117e-01
    1.50178313e+00 -8.08523476e-01 -5.11696041e-01 5.30099094e-01
    2.17105329e-01 4.36434805e-01 4.98173535e-01 6.95442677e-01
    9.96697247e-01 1.17500174e+00 -7.47690558e-01 5.64013064e-01
    -2.86775827e-03 -8.51015389e-01 1.33105159e+00 -9.16922092e-02
    1.19595790e+00 3.55087638e-01 8.95826936e-01 1.05879378e+00
    1.77067840e+00 -4.83259469e-01 -6.70019925e-01 1.50690031e+00
    -2.16743648e-01 9.40875530e-01 -2.73298621e-02 5.97475231e-01
    -7.32780993e-01 4.61363494e-01 9.88651514e-01 3.41030657e-01
    1.62612152e+00 8.96871865e-01 1.50210023e+00 -7.03248620e-01
    1.57582259e+00 8.07657242e-01 3.19024861e-01 7.04676032e-01
    -8.85147572e-01 1.77743697e+00 1.73083758e+00 1.44189894e-01
    4.05291915e-01 1.22563553e+00 1.75306201e-02 -3.55065107e-01
    -8.18804026e-01 4.38665748e-02 1.27623069e+00 1.66424632e-01
    -8.15107763e-01 1.20269656e+00 2.22333729e-01 8.06903303e-01
    3.91036868e-01 1.54942715e+00 -1.70289457e-01 4.62111235e-02
    1.57540107e+00 6.72636628e-01 1.23606586e+00 1.11266184e+00
    1.77298832e+00 1.16094947e+00 1.80383873e+00 1.16120267e+00
    -4.20429915e-01 8.65336716e-01 1.41048837e+00 1.68758988e+00
    1.24399710e+00 7.55994678e-01 1.07211697e+00 2.51392663e-01
    -5.46500444e-01 -5.30267715e-01 -9.17844176e-02 9.31260109e-01
    -1.53772473e-01 6.26880527e-01 1.17610598e+00 1.15399063e-01
    -7.48118758e-01 1.77170777e+00 -2.27922261e-01 -5.80948710e-01
    1.47724795e+00 4.01319027e-01 1.68377256e+00 -8.08314204e-01
    1.03540802e+00 1.51534557e+00 -6.56017900e-01 5.07658124e-01
    4.65825438e-01 1.94181144e-01 1.46779418e+00 4.38955069e-01
    2.18980789e-01 5.15571117e-01 -2.64888704e-01 1.57304966e+00
    1.49287808e+00 9.50972736e-01 9.26990747e-01 9.90014851e-01
    -6.76215887e-02 -5.31105161e-01 1.45781684e+00 -4.82527137e-01
    5.67398071e-02 1.48855937e+00 1.85224319e+00 -3.52347702e-01
    4.73583937e-02 -3.71341795e-01 7.49999404e-01 -1.78021669e-01
    1.15266824e+00 2.53897965e-01 9.72096562e-01 3.70776832e-01
    -6.23522818e-01 1.72219491e+00 1.11003852e+00 1.56063795e+00
    8.76623631e-01 1.46559525e+00 -2.57133722e-01 1.00372696e+00
    1.74141836e+00 1.70651793e-01 -1.25094831e-01 1.32400703e+00
    -3.06446910e-01 1.20107579e+00 1.54127979e+00 5.86903691e-01
    8.79102945e-02 1.30474401e+00 1.32753539e+00 1.70129061e+00
    6.51271343e-02 1.05315351e+00 1.90545559e+00 -1.49792492e-01
    5.82120419e-01 1.70694053e-01 -3.75563741e-01 5.62512875e-03
    4.09216464e-01 -5.87089419e-01 -2.48452127e-01 -8.54836702e-01
    -3.99579734e-01 -6.59894943e-01 9.54582572e-01 5.65606356e-01
    1.18456662e-01 1.28527045e+00 1.80845189e+00 2.14640021e-01
    1.42443931e+00 -3.27524781e-01 1.09448195e+00 -5.77315569e-01
    -1.63427055e-01 -2.04562724e-01 1.16034591e+00 1.46778524e-01
    4.49140310e-01 6.07821345e-02 9.55801129e-01 1.01807046e+00
    -2.44281113e-01 6.88201606e-01 2.71520138e-01 1.81126308e+00
    1.04916823e+00 -3.94659340e-01 6.24471545e-01 9.60174620e-01
    -5.97520471e-01 -8.85094464e-01 8.51549864e-01 7.20875263e-02
    -3.20502102e-01 1.00179672e-01 3.05542290e-01 1.75301647e+00
    1.88274980e-02 4.89144444e-01 -4.94244099e-01 1.24898517e+00
    1.50799894e+00 1.52118242e+00 1.30095267e+00 -2.51884222e-01
    1.77478242e+00 -2.72104144e-01 4.22100782e-01 4.72387612e-01
    -3.22638750e-01 1.40473986e+00 4.68239129e-01 -3.95351887e-01
    1.26127005e-02 1.52978444e+00 1.87176442e+00 1.55716825e+00
    -1.26302779e-01 1.65852141e+00 -7.16019034e-01 1.01816380e+00
    1.06648803e-01 -3.01083922e-01 7.36266732e-01 -5.62012076e-01
    4.14147496e-01 6.42570615e-01 -8.21099281e-02 -5.62876225e-01
    -2.01981068e-02 5.67532897e-01 1.63706350e+00 3.26728940e-01
    2.15176821e-01 1.78157973e+00 2.78333426e-01 2.96285272e-01
    1.80364966e-01 1.41978097e+00 1.38413787e+00 1.40305400e+00
    1.34704685e+00 -7.96380639e-01 1.48788285e+00 -4.80720758e-01
    -2.63128698e-01 6.35927022e-01 7.84088790e-01 4.09106195e-01
    1.90907955e-01 2.57874370e-01 2.07717836e-01 1.05459309e+00
    -7.63836920e-01 1.23352587e+00 -2.77017295e-01 -6.32537246e-01
    3.60245585e-01 -2.79071331e-01 4.02885020e-01 3.01885366e-01
    1.00856602e+00 1.77565598e+00 1.50726438e-02 1.07625914e+00
    9.19654131e-01 -3.09555233e-01 5.92812061e-01 1.82735860e+00
    1.85473418e+00 1.79574919e+00 1.41578662e+00 -3.73224854e-01
    -8.00685048e-01 1.79868126e+00 5.68220913e-01 -4.97835428e-01
    3.02839875e-02 1.51674867e+00 1.47860336e+00 1.67668319e+00
    2.86028147e-01 -7.88458467e-01 -6.25807941e-01 1.47462368e+00
    9.70293164e-01 -4.68238026e-01 -5.70633650e-01 5.28514147e-01
    -1.13632679e-02 -2.58982301e-01 -5.18610895e-01 -2.68702149e-01
    6.40541375e-01 8.57767105e-01 -1.16585553e-01 -5.41073918e-01
    6.24900341e-01 3.78208995e-01 -1.45243108e-01 -8.81910324e-01
    -2.85197139e-01 1.11314249e+00 5.61074853e-01 5.64163089e-01
    1.19431758e+00 5.07017016e-01 1.68611979e+00 1.49750066e+00
    5.87754607e-01 7.60293782e-01 2.58855104e-01 -3.68405581e-01
    -8.30766976e-01 1.49078107e+00 1.73396468e-02 -6.37028933e-01
    -2.87838697e-01 4.55193579e-01 2.61033177e-01 3.02323997e-01
    1.26437986e+00 1.62652731e-01 1.16558909e-01 1.20720196e+00
    3.22701991e-01 1.34537363e+00 1.35504067e+00 3.16639543e-02
    -4.95964080e-01 4.72562790e-01 2.78152227e-01 3.60582352e-01
    1.52281880e+00 -1.04771197e-01 2.61503100e-01 -3.79795134e-01
    1.34807920e+00 1.16039801e+00 1.07390094e+00 -4.02224422e-01
    6.31813109e-01 2.31862724e-01 -4.20244306e-01 -6.05838299e-02
    -6.58971727e-01 -3.61769408e-01 1.81243777e+00 -6.63122237e-01
    1.15140259e+00 1.73200655e+00 1.18979335e+00 4.21458244e-01
    1.23523653e+00 -6.31129503e-01 1.28685021e+00 9.11728919e-01
    5.29539585e-02 3.66348326e-01 -8.43814611e-02 9.53649163e-01
    1.58470654e+00 1.73255575e+00 1.24667335e+00 5.80775976e-01
    -7.31329203e-01 1.82436895e+00 1.24702561e+00 1.71553540e+00
    1.04188943e+00 -9.25064087e-05 5.24968088e-01 3.25159907e-01
    -7.93227136e-01 1.24126196e+00 2.37844527e-01 1.25060368e+00
    -7.25143015e-01 1.45139718e+00 1.27986562e+00 6.70102954e-01
    -7.63882935e-01 -1.23782814e-01 -1.53885365e-01 4.59649563e-01
    4.24213409e-01 1.84806275e+00 7.72902787e-01 -3.86551797e-01
    7.50408947e-01 -5.36127329e-01 -7.27930963e-01 -7.52115726e-01
    1.13058162e+00 2.42869437e-01 8.01191330e-01 -2.97804832e-01
    -3.70683819e-01 1.16805136e-01 8.62484574e-02 9.12774503e-01
    4.39049184e-01 1.40803683e+00 -4.18691039e-01 9.85984564e-01
    7.70252287e-01 7.06191838e-01 -3.67469579e-01 8.71773183e-01
    9.14093196e-01 -4.83377576e-02 1.66851044e+00 -2.60846019e-02
    8.93037081e-01 1.04398727e+00 2.38445878e-01 1.25574923e+00
    4.68209684e-01 1.74444962e+00 -7.07006454e-02 -5.24636328e-01
    1.70997036e+00 4.59649861e-01 8.97863388e-01 -1.04333222e-01
    3.12824249e-01 1.35024512e+00 4.93633211e-01 -6.69344068e-01
    5.14772117e-01 1.49914742e-01 1.26618147e-03 1.26871610e+00
    4.62017357e-01 1.62730837e+00 6.73204660e-03 -2.40353942e-01
    7.27173865e-01 -1.38982177e-01 9.99816537e-01 -1.56197965e-01
    8.28740060e-01 9.54900861e-01 9.29797947e-01 1.62947440e+00
    1.72096610e+00 4.43233311e-01 1.22430849e+00 1.62817502e+00
    1.28408575e+00 -3.98938477e-01 1.74021375e+00 1.54324055e-01
    1.27684379e+00 3.35182428e-01 3.35745037e-01 -2.61004806e-01
    1.26874161e+00 1.52086353e+00 -1.14031017e-01 -1.36412144e-01
    1.58152771e+00 -1.90532207e-03 1.79277039e+00 1.16244960e+00
    -5.63704133e-01 -6.79161906e-01 7.83203125e-01 5.36525846e-02
    1.37643433e+00 1.50438595e+00 1.71670103e+00 1.84107769e+00
    1.81815863e+00 1.76596928e+00 1.66947651e+00 6.05069578e-01
    1.31122375e+00 -6.46714091e-01 1.00600588e+00 1.39453387e+00
    9.20299590e-01 -3.99013788e-01 -1.63110316e-01 1.34964144e+00
    1.73694813e+00 1.43216181e+00 -5.59396148e-01 -3.91083509e-01
    8.16660225e-01 1.05633259e+00 1.98359370e-01 1.35027695e+00
    -8.88563991e-01 9.30288136e-01 -2.14485884e-01 -4.30090219e-01
    -3.79720509e-01 8.51781607e-01 9.35736060e-01 1.53117085e+00
    -3.61980379e-01 1.60857832e+00 1.44737220e+00 -5.60247123e-01
    5.34458876e-01 2.37025261e-01 1.28798914e+00 -4.04854923e-01
    4.92217243e-01 -9.26098228e-02 1.09682310e+00 1.83536100e+00
    6.67449534e-01 1.61848640e+00 9.44397628e-01 -6.24399126e-01
    -3.06691110e-01 8.72448027e-01 1.26773238e+00 1.07516456e+00
    4.54334021e-01 -6.82179511e-01 -3.60818028e-01 1.56406009e+00
    6.02835119e-01 7.41370916e-01 -3.17387521e-01 4.97571707e-01
    7.54195869e-01 -2.99094915e-01 1.09450042e+00 6.01417959e-01
    1.08480656e+00 -7.81407535e-01 -3.01390231e-01 1.28492856e+00
    -4.19483751e-01 6.60379171e-01 6.71718359e-01 1.36200285e+00
    -5.17066479e-01 1.37668574e+00 7.60908842e-01 3.14189255e-01
    1.33110905e+00 1.30296922e+00 5.76248765e-02 3.15486789e-02
    7.73694217e-01 -3.33476663e-01 1.83658886e+00 -5.31427026e-01
    1.65655267e+00 4.70930338e-02 -2.91861832e-01 7.83502042e-01
    1.43807411e+00 6.24614000e-01 8.01348329e-01 1.02682662e+00
    -3.93164814e-01 1.12906480e+00 1.56579530e+00 1.53630280e+00
    1.07395220e+00 1.28065038e+00 4.72098529e-01 -2.04826593e-01
    -8.48854482e-01 2.97021806e-01 -5.40220618e-01 1.33503675e+00
    3.30676138e-01 8.90659988e-01 4.35782969e-01 -6.75240040e-01
    1.19246805e+00 1.15757072e+00 -7.52729893e-01 1.68078327e+00
    1.50344992e+00 -6.13017678e-01 -9.49385345e-01 1.18434608e-01
    1.35015690e+00 -6.94721520e-01 1.11799717e-01 6.45123422e-01
    1.76337194e+00 9.31197345e-01 8.69823992e-01 3.91283751e-01
    1.26841450e+00 -8.17459822e-03 7.96370327e-01 1.35862660e+00
    1.57418084e+00 6.50226831e-01 1.17818332e+00 1.74025583e+00
    -1.57399595e-01 4.35067773e-01 -4.99527067e-01 1.61373091e+00
    1.25334764e+00 -7.90882111e-03 1.11028588e+00 3.28591406e-01
    1.71699977e+00 1.79829001e+00 -9.79796052e-02 8.42227578e-01
    -7.84594417e-02 1.37681651e+00 -4.33298767e-01 1.73591423e+00
    -6.38089538e-01 -6.90764487e-01 6.69119418e-01 -8.02913308e-02
    1.10269952e+00 -5.47594547e-01 -7.91846275e-01 1.87383223e+00
    1.59698606e+00 6.68041468e-01 1.46041298e+00 -5.10420442e-01
    1.17137265e+00 1.10662282e+00 1.56612468e+00 -4.29302752e-01
    1.36278009e+00 5.82818389e-01 1.13383257e+00 1.68593049e-01
    4.45945382e-01 2.17523038e-01 -3.68537009e-01 8.67103815e-01
    5.21716774e-01 4.45590377e-01 1.26744699e+00 -8.49300385e-01
    9.57908571e-01 1.31799436e+00 9.89606082e-01 -1.34432375e-01
    1.13276386e+00 1.52134597e+00 1.07230639e+00 4.75280106e-01
    9.02373075e-01 1.20085812e+00 -8.50135028e-01 -7.63690710e-01
    1.78567028e+00 1.54865074e+00 -6.84437931e-01 6.24266863e-01
    1.47903728e+00 1.08420253e+00 9.00683343e-01 -3.03987026e-01
    -1.62637174e-01 3.61646950e-01 -5.99005818e-01 8.21723163e-01
    1.51655614e+00 1.14162052e+00 1.80808663e+00 2.57212877e-01
    1.79034972e+00 1.17478943e+00 -6.59491181e-01 9.48968887e-01
    1.22541451e+00 1.01576567e+00 -5.22732139e-01 -1.86493874e-01
    1.01349771e+00 -8.87919843e-01 -4.52719480e-01 1.19237113e+00
    3.61952662e-01 -8.40334177e-01 1.32191014e+00 6.56918883e-02
    -8.17175567e-01 6.32735014e-01 5.07630229e-01 5.43327153e-01
    3.42968524e-01 1.71388507e-01 3.88068974e-01 -8.35117638e-01
    1.14430785e+00 1.12119436e+00 1.66581011e+00 -5.10329008e-03
    -3.08952689e-01 2.16832638e-01 1.19021964e+00 5.87469935e-01
    -5.38052917e-02 1.34365058e+00 -6.25070572e-01 -5.49323797e-01
    -8.49262655e-01 -7.41399884e-01 1.40451872e+00 -6.47212267e-02
    -4.84947383e-01 3.92478645e-01 1.46021914e+00 5.77527106e-01
    2.19434321e-01 1.82508302e+00 9.82038677e-01 3.20504189e-01
    1.13622284e+00 1.28601491e-01 6.54354692e-01 1.64381599e+00
    9.62414145e-02 -5.89010239e-01 -6.40440702e-01 7.53843009e-01
    1.58413625e+00 1.05639315e+00 8.06539655e-01 -7.59692729e-01
    -6.19106650e-01 -4.66153860e-01 -8.67734551e-02 -3.78699571e-01
    -5.11429131e-01 1.35238147e+00 9.64461446e-01 1.47477460e+00
    1.80787349e+00 -7.16725707e-01 1.81466520e+00 1.60583448e+00
    1.47542977e+00 1.27875042e+00 1.14485145e+00 1.44061089e-01
    1.77516294e+00 -4.88754034e-01 2.87337542e-01 -4.61771905e-01
    1.26562476e-01 -4.04157579e-01 1.78450692e+00 1.56647825e+00
    -1.24061584e-01 2.95668602e-01 -3.89575601e-01 -1.36653364e-01
    1.03729939e+00 1.76240158e+00 -4.53240126e-01 1.07818198e+00
    1.77030921e+00 4.65100765e-01 1.24353290e-01 1.85759604e+00
    1.26083779e+00 -2.61960685e-01 1.30214524e+00 8.67163420e-01
    1.06931734e+00 8.68065834e-01 6.95355475e-01 9.71913338e-02
    1.51703846e+00 8.76118064e-01 1.18027627e-01 -2.33212411e-01
    6.65251493e-01 1.77917147e+00 -3.97074372e-01 7.85893083e-01
    -9.01570737e-01 6.05607152e-01 9.22438800e-01 1.77629948e-01
    -8.16642284e-01 1.14722121e+00 1.33672094e+00 4.12948012e-01
    1.55094826e+00 2.83911228e-01 2.58226812e-01 1.22294807e+00
    -4.59330916e-01 9.70225990e-01 1.15979028e+00 5.13066530e-01
    -3.19089830e-01 3.66405547e-01 1.39540267e+00 9.84405339e-01
    1.26892519e+00 1.22277379e-01 1.65974736e+00 2.65882790e-01
    1.26362491e+00 1.09031355e+00 1.04635012e+00 6.47887111e-01
    1.31715345e+00 1.30699062e+00 6.08083129e-01 1.42785859e+00
    -7.75588632e-01 8.44489157e-01 1.86028481e+00 1.38034749e+00
    2.02374697e-01 -7.27066696e-01 1.65044641e+00 1.07836676e+00
    -5.30678988e-01 1.10126793e+00 7.45036125e-01 -7.41736829e-01
    -5.53574145e-01 8.93837571e-01 1.61154890e+00 2.29616821e-01
    1.09928143e+00 1.21079040e+00 -6.51267350e-01 -1.64459884e-01
    -7.34744191e-01 -4.72308517e-01 1.24609494e+00 1.49678838e+00
    -5.13795257e-01 8.02748382e-01 1.22002769e+00 -6.14575148e-02
    -3.70005667e-01 6.41670465e-01 1.41446376e+00 9.17433560e-01
    9.86090302e-01 -6.18113399e-01 6.45042777e-01 -6.93026304e-01
    -1.13851666e-01 4.97638643e-01 -4.07023340e-01 -7.01826930e-01
    1.42372203e+00 1.81425142e+00 7.66432524e-01 6.49758816e-01
    1.20866394e+00 -8.14076781e-01 1.43505049e+00 -5.78995347e-01
    4.88864124e-01 7.37947226e-02 2.27111220e-01 1.18777299e+00
    2.01170444e-01 1.65188599e+00 1.08096004e-01 9.66857493e-01
    -5.03106833e-01 1.50443220e+00 7.86010027e-01 -1.51623249e-01
    2.24059820e-03 -4.03902739e-01 1.36170542e+00 4.00307775e-01
    8.67628694e-01 8.21216941e-01 -6.43925369e-01 -4.66338396e-01
    -5.82851648e-01 1.07391858e+00 1.07953620e+00 1.29043257e+00
    -4.75941867e-01 3.53824556e-01 1.51249290e+00 1.77335143e-02
    6.24913871e-01 3.56850386e-01 1.08596885e+00 -5.80229640e-01
    1.80804968e+00 6.54503703e-02 9.97754514e-01 -4.59207296e-02
    -8.27440143e-01 1.31677985e-01 6.34280741e-01 1.09028447e+00
    6.56145930e-01 7.07956016e-01 1.25151300e+00 -8.29169452e-01
    -1.86553240e-01 1.58925962e+00 5.25806606e-01 1.60842371e+00
    -5.41239500e-01 -6.65534198e-01 -5.37479520e-02 7.87582815e-01
    -3.66615742e-01 1.56274581e+00 9.77666378e-02 1.59335184e+00
    1.08036423e+00 7.09502101e-02 1.74116337e+00 1.11539245e+00
    9.55204844e-01 -8.13692749e-01 7.44020224e-01 -3.22594702e-01
    -2.91985452e-01 -6.02031708e-01 1.82959783e+00 1.41597295e+00
    8.90342176e-01 1.82411194e+00 1.75368190e+00 7.36396492e-01
    8.08248103e-01 1.65690947e+00 7.49925971e-02 -7.10616052e-01
    1.37406087e+00 4.40807939e-01 6.51448667e-01 1.14385772e+00
    -6.34704769e-01 -1.38917208e-01 1.26908970e+00 1.29862487e-01
    -5.80875874e-02 1.28626490e+00 4.89760995e-01 1.06344867e+00
    6.14971161e-01 1.49382007e+00 1.73535514e+00 1.44293118e+00
    4.09562230e-01 1.34567535e+00 1.15523195e+00 7.45517135e-01
    1.52843642e+00 1.67125392e+00 8.35555136e-01 1.08198547e+00
    -6.53189301e-01 -7.70924449e-01 1.09345853e-01 -8.81294489e-01
    9.56430733e-01 1.80944598e+00 -6.37488842e-01 1.12761438e+00
    -5.16393781e-01 1.53754652e+00 -7.45801568e-01 -1.51598394e-01
    5.77251971e-01 1.57512081e+00 7.97785819e-01 5.48338413e-01
    8.73043001e-01 -4.30813730e-01 -3.64501536e-01 8.04087639e-01
    1.23496330e+00 -6.40870392e-01 -2.77409196e-01 -8.06586623e-01
    3.75894904e-01 4.76725459e-01 7.29825079e-01 6.56393230e-01
    6.45812571e-01 4.32365298e-01 1.12040448e+00 -4.10069734e-01
    1.40361643e+00 -2.57207036e-01 1.06562078e-01 9.64246750e-01
    4.54051852e-01 1.13341033e+00 2.19154596e-01 1.30039382e+00
    -4.27049130e-01 3.43413532e-01 3.95347714e-01 4.66995478e-01
    8.51308882e-01 1.33498144e+00 8.74100745e-01 1.37032437e+00
    1.81408656e+00 8.83281469e-01 2.11738884e-01 -7.82701969e-02
    9.61328566e-01 1.53396940e+00 1.30736470e+00 -1.68795645e-01
    -6.48619294e-01 9.20561969e-01 1.47309721e-01 2.43337154e-02
    1.27702248e+00 8.46914530e-01 7.37763941e-01 -5.56278706e-01
    -4.11914229e-01 1.63685977e+00 1.50814080e+00 3.16947818e-01
    4.63250637e-01 -6.43901825e-01 -6.81354880e-01 -7.86158442e-01
    1.55105722e+00 -3.89199108e-01 -7.28876770e-01 1.78360176e+00
    4.12503481e-01 -8.66004646e-01 -1.15388393e-01 1.57022285e+00
    3.11493874e-02 -7.03640461e-01 -4.70718145e-02 -4.77055699e-01
    1.49949765e+00 1.53714967e+00 1.13906360e+00 5.71658909e-01
    1.70315671e+00 5.69602072e-01 2.47168064e-01 -4.74057317e-01
    -1.76631808e-01 1.02851033e+00 5.76580763e-02 -5.47791481e-01
    7.79535532e-01 -3.60284448e-02 -4.02708650e-02 1.03793097e+00
    9.02950764e-04 -4.90805894e-01 6.14842594e-01 9.53630149e-01
    1.79819560e+00 1.51760554e+00 1.11197126e+00 -4.27793205e-01
    1.08602118e+00 7.16886520e-01 -8.21070075e-01 1.35529518e-01
    5.71718216e-02 1.28001463e+00 1.26534593e+00 -6.03256226e-02
    1.54095197e+00 2.07938731e-01 9.64883327e-01 6.04084492e-01
    5.95221639e-01 -2.72164345e-01 -5.66904962e-01 2.25265324e-01
    1.98712230e-01 1.08717144e-01 9.40379620e-01 1.10738480e+00
    1.19584823e+00 1.30991495e+00 9.56784487e-01 1.76379561e-01
    4.38751101e-01 9.01297987e-01 -6.59743190e-01 1.49771190e+00
    4.30761516e-01 9.75336432e-02 1.38528895e+00 -1.93576157e-01
    1.37313080e+00 1.70462298e+00 -3.44896972e-01 -2.85160720e-01
    -4.19078201e-01 1.77619576e-01 -2.97553301e-01 1.53765011e+00
    1.14519501e+00 5.68050742e-01 4.62622881e-01 -1.85542643e-01
    -2.63225853e-01 -8.44009519e-01 8.30921531e-02 1.70593238e+00
    -4.21722710e-01 1.72753811e-01 2.88116992e-01 1.12425971e+00
    1.21003985e+00 1.22038662e-01 -3.23674858e-01 1.82236493e+00
    -2.09054589e-01 1.77377820e+00 3.95737290e-02 1.08117628e+00
    -2.66190112e-01 -2.31461585e-01 1.79502153e+00 -2.62196660e-01
    -2.87113369e-01 1.53136110e+00 9.98645008e-01 1.32653618e+00
    -5.78850746e-01 1.32373452e+00 -4.36434388e-01 1.27100420e+00
    1.18540335e+00 8.23742330e-01 1.06755948e+00 2.15672195e-01
    -1.23885393e-01 1.05847263e+00 7.18155563e-01 6.39789104e-02
    9.65672851e-01 5.92074752e-01 9.22419965e-01 1.80761003e+00
    1.12311506e+00 -5.64941168e-02 8.07573259e-01 -4.99325097e-01
    1.01881313e+00 5.24935722e-02 -3.84225935e-01 1.87156296e+00
    -8.30353916e-01 4.84227836e-01 2.74132907e-01 1.40194464e+00
    9.68932629e-01 -2.59753585e-01 1.41572416e-01 -3.09174895e-01
    -5.46602905e-01 2.59250760e-01 -1.95079684e-01 6.45723999e-01
    6.05589747e-02 1.58692265e+00 1.04643905e+00 1.89131558e-01
    3.87088358e-01 3.67772996e-01 1.68369114e+00 8.06231081e-01
    -3.52199674e-02 1.12133050e+00 -4.03097808e-01 2.60126591e-03
    1.42099535e+00 9.38413739e-01 1.09938455e+00 1.07860351e+00
    2.45667636e-01 -4.08510655e-01 1.72055805e+00 7.02209830e-01
    1.38442957e+00 4.95458007e-01 -5.24635911e-01 1.45015836e+00
    -8.50771785e-01 -5.77845097e-01 1.14828134e+00 1.11837828e+00
    1.85088062e+00 4.17722762e-01 4.35395777e-01 -6.33885145e-01
    1.05803084e+00 3.09703112e-01 1.75419140e+00 6.04685485e-01
    -8.13079894e-01 -1.66338325e-01 9.55958068e-01 1.16407728e+00
    3.54984820e-01 -4.34270144e-01 9.34604824e-01 1.79595327e+00
    1.11397290e+00 -5.37381113e-01 1.70741081e-01 6.34946704e-01
    1.61117315e+00 6.06927454e-01 2.02897072e-01 1.70761275e+00
    9.01613772e-01 2.82033682e-01 1.60248160e+00 1.20084643e-01
    8.06848824e-01 -7.32680917e-01 -2.66104579e-01 1.84880519e+00
    -5.44930696e-01 5.57548702e-01 -5.42093515e-02 4.43953454e-01
    5.43007493e-01 1.38723350e+00 -3.33900213e-01 1.79519117e-01
    -1.68116391e-01 -3.88387382e-01 5.46641350e-01 8.22839260e-01
    -5.89180529e-01 3.71807516e-01 -3.07443082e-01 -6.89063370e-01
    1.38266587e+00 6.07258677e-02 1.46256924e+00 4.77199495e-01
    1.19540381e+00 9.06976342e-01 -6.31005287e-01 9.63708162e-01
    1.64166212e+00 -3.66449356e-03 1.27050447e+00 1.33543491e+00
    1.09123826e-01 -5.80759048e-01 7.67847896e-01 6.76243305e-02
    1.34661651e+00 -4.25584972e-01 2.83946753e-01 1.33782744e+00
    1.42731428e+00 -7.15269983e-01 9.34295654e-01 1.84300625e+00
    1.33336902e+00 -7.24669695e-02 1.22448802e+00 1.26391625e+00
    -3.52476120e-01 9.37064648e-01 -1.36329651e-01 -8.42583656e-01
    -6.04070783e-01 -5.51441729e-01 -8.65425289e-01 -3.52835417e-01
    9.00430083e-01 1.05306745e+00 4.87198472e-01 -3.81409705e-01
    1.41899681e+00 1.19907951e+00 6.25311077e-01 8.95778656e-01
    -4.54180360e-01 5.75588226e-01 1.51808786e+00 3.74748647e-01
    7.52476633e-01 1.45188951e+00 -7.94093251e-01 1.20001459e+00
    1.60206473e+00 1.56199932e+00 -4.43891257e-01 1.79947448e+00
    6.79883063e-01 -6.72915876e-01 2.30682909e-01 1.84107590e+00
    1.52722311e+00 1.15443349e+00 8.57906103e-01 1.67187393e-01
    -6.92048609e-01 1.18727624e-01 1.44460320e+00 3.93008173e-01
    -2.87410021e-02 4.14329767e-02 -9.60106850e-02 1.52887058e+00
    3.28428864e-01 -6.22460008e-01 1.34801698e+00 1.61390412e+00
    4.36849356e-01 1.23251009e+00 -3.68328393e-01 -2.21887350e-01
    -9.14006829e-02 -4.13683861e-01 1.04736257e+00 -1.49215221e-01
    -4.65205163e-01 8.31575692e-01 8.13786566e-01 -3.07984293e-01
    -5.59969902e-01 -3.06276143e-01 -2.59964705e-01 4.25635576e-01
    -5.78765273e-01 1.80829287e+00 -3.79683793e-01 -3.81533861e-01
    -8.13423634e-01 6.21921659e-01 1.18206513e+00 1.80430305e+00
    1.26189327e+00 6.79398775e-01 -2.52154231e-01 8.37711096e-01
    3.06646347e-01 1.06772482e+00 -3.47979069e-01 1.00091970e+00
    1.75167537e+00 -7.43759274e-02 -8.01393926e-01 1.19093633e+00
    -5.48608840e-01 1.87497735e+00 -5.80692172e-01 7.38698721e-01
    -2.91299164e-01 1.71419811e+00 -5.75429261e-01 1.32263613e+00
    -5.95405817e-01 9.12650466e-01 1.82015252e+00 1.01979423e+00
    2.95526028e-01 -3.58807087e-01 -3.03077221e-01 9.35715079e-01
    1.50711322e+00 3.80145609e-01 6.98428214e-01 6.93440437e-03
    -1.68716967e-01 1.59045768e+00 5.19671977e-01 4.08592284e-01
    1.23463464e+00 2.37665594e-01 4.67952788e-01 -4.63835984e-01
    -5.79341888e-01 -3.15691352e-01 -1.75462008e-01 1.17513657e+00
    1.73158157e+00 -1.23871088e-01 9.34741199e-01 -5.50865352e-01
    9.68756080e-02 5.54687917e-01 1.87135553e+00 3.32317889e-01
    1.75837898e+00 -5.07905602e-01 1.21186376e+00 1.09743834e+00
    -7.68896937e-01 1.63843417e+00 7.03093231e-01 -2.97312796e-01
    -1.91630900e-01 4.39557970e-01 7.20487893e-01 1.04086947e+00
    -3.53800625e-01 1.51936638e+00 6.59236133e-01 1.37725449e+00
    -3.85125428e-01 -4.45089012e-01 -7.78915167e-01 1.81401134e+00
    -3.84386897e-01 2.57736444e-02 1.05441999e+00 1.42119241e+00
    1.52431071e+00 -7.65825212e-01 1.42031956e+00 6.81138635e-01
    8.24272513e-01 7.00892210e-01 1.24133468e+00 1.41621351e+00
    -5.97938120e-01 -1.37538612e-01 8.53059292e-01 5.62026501e-01
    4.57944036e-01 2.48898327e-01 -6.66419506e-01 1.87708557e-01
    2.76640654e-02 6.79108679e-01 -8.82703066e-02 -1.44937813e-01
    -1.50832534e-02 3.21448445e-02 3.66480768e-01 2.11270928e-01
    2.76909769e-01 1.29159164e+00 3.59285235e-01 -8.17307711e-01
    1.06163359e+00 -4.91831720e-01 6.40779734e-02 -5.50474286e-01
    -5.11813104e-01 -2.70704150e-01 -4.83283401e-01 -2.73255110e-01
    4.29657340e-01 8.35361362e-01 -4.62581038e-01 1.43333495e-01
    1.14974737e+00 -1.88219786e-01 -3.67249250e-01 1.41652298e+00
    1.75471210e+00 -2.61984348e-01 1.24323642e+00 5.57687163e-01
    1.43957925e+00 3.03644121e-01 -4.64137197e-01 6.99154317e-01
    -3.74786913e-01 7.81202257e-01 1.20919549e+00 -5.03142476e-01
    -8.75923932e-01 1.23088431e+00 1.05566895e+00 1.07514977e-01
    -4.63734657e-01 -6.16511762e-01 1.31233716e+00 -8.10681403e-01
    2.59038329e-01 1.24548221e+00 -6.30208790e-01 2.96660721e-01
    -7.77811766e-01 -3.60753298e-01 7.79328525e-01 4.47934628e-01
    -4.99300957e-02 -5.61553955e-01 7.54315257e-02 6.52961016e-01
    -2.38378584e-01 7.07054257e-01 1.84078693e+00 1.62503779e+00
    3.93830597e-01 -7.37616897e-01 1.44955027e+00 1.30235624e+00
    1.18810701e+00 -8.09867382e-02 7.19859242e-01 1.19685841e+00
    -3.77074480e-01 7.30408669e-01 1.14295363e+00 1.17404819e+00
    2.44977891e-01 2.00302362e-01 8.78839731e-01 1.37917721e+00
    1.43170142e+00 1.35012138e+00 5.80849707e-01 4.21842575e-01
    -2.58876622e-01 -8.34483504e-02 1.56288147e+00 1.28664827e+00
    1.01856148e+00 8.56920123e-01 8.30086529e-01 6.86820567e-01
    6.97116911e-01 -7.50999153e-01 6.87088966e-02 -3.12849402e-01
    1.22708058e+00 -7.99149692e-01 -2.08662331e-01 -8.34734261e-01
    -6.57234192e-01 5.16042173e-01 -4.31093097e-01 1.10519505e+00
    -5.13608336e-01 -3.36601436e-01 1.37636089e+00 1.83137822e+00
    1.32221675e+00 1.42538011e-01 1.52816832e-01 1.29968691e+00
    -4.14444923e-01 -2.03135550e-01 9.28838789e-01 1.52465439e+00
    1.68337786e+00 7.38193214e-01 9.01090682e-01 6.15615964e-01
    -1.20188355e-01 1.06716895e+00 1.48200011e+00 1.38663006e+00
    1.66413140e+00 1.78760588e+00 1.63068461e+00 -2.46239305e-02
    -4.82342392e-01 1.38082123e+00 9.02027130e-01 5.90790808e-01
    6.82350993e-02 1.23858643e+00 1.80745935e+00 1.27361131e+00
    1.23656833e+00 5.60114563e-01 6.52548075e-02 -2.59619296e-01
    1.20702982e-02 1.30682588e-02 9.43359017e-01 1.13737977e+00
    5.57223916e-01 1.18882573e+00 1.24054956e+00 4.10941839e-01
    6.72175705e-01 1.46667004e+00 1.59928703e+00 8.09537649e-01
    -8.50054264e-01 2.23132610e-01 -1.30838037e-01 8.83555949e-01
    2.54658699e-01 1.14272904e+00 7.63890862e-01 3.68714929e-02
    1.28827429e+00 1.08960259e+00 1.34725332e+00 6.06907845e-01
    -1.30393386e-01 5.46720803e-01 7.00067282e-02 5.58387280e-01
    1.48912811e+00 2.64188766e-01 -4.56670582e-01 2.76446342e-02
    5.91949821e-01 -4.93180275e-01 3.97211313e-03 -2.60688007e-01
    1.02448153e+00 1.76854444e+00 -7.12543428e-01 4.05295491e-02
    1.72953224e+00 9.29096758e-01 3.34028244e-01 4.16942954e-01
    1.20700336e+00 1.02576911e-01 -4.05295610e-01 1.20222616e+00
    1.64868796e+00 -1.15842998e-01 -7.12072611e-01 6.65758252e-01
    9.31093454e-01 -4.40830797e-01 8.76500487e-01 9.15708005e-01
    -6.22515976e-01 7.94302583e-01 1.47862852e+00 -7.01289415e-01
    5.70021272e-01 1.13678753e-01 -2.34788001e-01 -5.99868894e-02
    5.19750834e-01 -1.60578310e-01 1.51017165e+00 1.00654864e+00
    8.10331166e-01 -1.42412782e-01 1.43745494e+00 1.41005015e+00
    8.44136000e-01 2.39591897e-01 5.37973344e-01 -1.91605568e-01
    -6.70976281e-01 1.69202280e+00 1.74902630e+00 1.37710869e-01
    1.75815129e+00 -3.84311557e-01 -7.19065249e-01 6.07424676e-01
    5.06025553e-01 -6.08469486e-01 -5.76480806e-01 9.37539995e-01
    9.47611392e-01 1.81920910e+00 1.19066739e+00 1.76038241e+00
    -1.35367632e-01 6.13006592e-01 7.22339094e-01 1.66893196e+00
    -6.92178726e-01 4.62561965e-01 -6.01896286e-01 2.72033870e-01
    -1.43330395e-01 -4.42797154e-01 9.17686760e-01 -6.25154376e-01
    3.87413859e-01 -5.02896428e-01 -4.64745164e-02 -7.24967539e-01
    -5.73604107e-01 8.60519230e-01 -2.90284634e-01 -4.64821279e-01
    9.19215143e-01 -4.62335527e-01 4.14369941e-01 1.21072471e+00
    3.77554119e-01 1.26504791e+00 1.56040418e+00 1.41016293e+00
    5.09984910e-01 2.53723860e-01 4.45484817e-01 -6.98505640e-01
    -3.16456676e-01 -1.17828786e-01 8.84940982e-01 1.88600707e+00
    1.77454841e+00 -2.92666554e-01 1.42505574e+00 2.73911834e-01
    -2.72488177e-01 3.66386354e-01 -2.22712159e-02 -5.21992087e-01
    -4.32911724e-01 -6.80880189e-01 1.37001133e+00 1.23359799e+00
    7.08725572e-01 5.97723722e-01 -9.31922793e-02 9.07758355e-01
    3.18852007e-01 1.81750965e+00 -1.75245047e-01 -5.02188027e-01
    9.30575430e-01 1.80245161e-01 5.00146508e-01 1.11925161e+00
    -2.86832750e-01 1.69234705e+00 1.51847363e+00 4.90065098e-01
    1.22528756e+00 -5.64525604e-01 1.46217406e-01 1.07735407e+00
    1.59331012e+00 9.49236155e-02 1.42523313e+00 -3.24054897e-01
    1.39829409e+00 1.23820293e+00 -7.34426379e-01 1.65399277e+00
    -1.43081367e-01 6.98331237e-01 7.37194717e-01 3.61269414e-01
    8.04914415e-01 -4.45492178e-01 1.43970799e+00 1.05988002e+00
    1.31177318e+00 1.03108215e+00 3.02964330e-01 1.30917120e+00
    1.32657051e+00 -7.09101379e-01 -4.49484915e-01 -4.56132293e-01
    -5.29281735e-01 5.38809001e-01 -6.10996425e-01 1.08971310e+00
    6.32855892e-02 -5.47437072e-01 1.75181556e+00 1.66331029e+00
    -1.92011416e-01 8.10514152e-01 6.12989068e-01 1.52197111e+00
    4.84024942e-01 1.58644915e+00 1.75506639e+00 8.32360983e-02
    -3.79215479e-01 1.05006909e+00 8.19729149e-01 1.07454896e+00
    8.08183968e-01 8.90724123e-01 9.68130410e-01 -3.76511395e-01
    3.30287993e-01 1.29143190e+00 1.44997799e+00 7.31391311e-01
    1.14963078e+00 3.98315132e-01 1.75472569e+00 1.18360436e+00
    1.67585135e+00 -6.34325385e-01 3.84042084e-01 7.40342379e-01
    -2.17468977e-01 -7.27456689e-01 8.92064512e-01 1.27139330e+00
    1.35457754e+00 -4.54177052e-01 1.63634360e-01 1.74688375e+00
    1.48843467e-01 4.46609557e-01 -8.13710392e-01 2.70316005e-01
    1.15315461e+00 -7.11622238e-01 -4.18375254e-01 -7.04576433e-01
    4.61240292e-01 1.42586946e-01 -7.35738516e-01 -4.34610337e-01
    1.37131989e-01 -6.21576309e-01 9.96000230e-01 1.36382878e+00
    -1.35969639e-01 3.44668388e-01 5.33654332e-01 -2.08811939e-01
    7.94033408e-01 1.47378302e+00 8.11359286e-02 6.71495318e-01
    1.81772923e+00 7.30804622e-01 -7.91675925e-01 3.06215107e-01
    -5.07601500e-01 4.90904629e-01 -4.59541172e-01 3.75654638e-01
    1.05748582e+00 6.50246799e-01 -2.86958933e-01 5.72124660e-01
    -5.89818835e-01 8.58056605e-01 4.51681614e-02 -3.84901285e-01
    9.51921761e-01 4.45345223e-01 1.45826101e+00 1.85795677e+00
    4.01069164e-01 -1.95210159e-01 -2.05909073e-01 3.92148554e-01
    7.08289087e-01 -4.83508319e-01 -1.54233158e-01 1.81118202e+00
    5.21326065e-03 2.42943525e-01 -6.19707584e-01 1.58999848e+00
    -2.46540368e-01 8.26490760e-01 1.34956241e-01 9.23941135e-02
    -2.18687415e-01 -4.74585682e-01 6.19711518e-01 -5.19186497e-01
    1.78827047e+00 7.19551206e-01 1.60529828e+00 -7.34866679e-01
    -4.42643613e-01 1.57202792e+00 1.15070724e+00 2.83278823e-01
    1.07488048e+00 6.52729928e-01 2.32211351e-01 1.38010263e-01
    -5.76045036e-01 -6.22123241e-01 9.53443646e-01 1.59415770e+00
    -4.50323582e-01 4.15461481e-01 -8.36823344e-01 -6.64664924e-01
    7.64841080e-01 -4.39359546e-02 7.90996253e-01 -9.71000195e-02
    1.27848613e+00 -5.22226453e-01 1.51974142e+00 1.05477905e+00
    4.90815639e-02 1.65486801e+00 8.29292774e-01 -4.23567683e-01
    -5.99072695e-01 -5.23665071e-01 1.53669322e+00 -3.35668147e-01
    -2.79080689e-01 -1.38987362e-01 6.37943625e-01 2.31523514e-01
    1.29857576e+00 -7.31883168e-01 -1.41011775e-01 5.41145265e-01
    -6.32615924e-01 -5.64276159e-01 -6.23756766e-01 1.81879377e+00
    -5.34766436e-01 -2.40407526e-01 1.52669382e+00 1.58382261e+00
    7.97580779e-01 -5.20118475e-01 1.89869404e+00 1.23185539e+00
    8.21518660e-01 8.00506532e-01 -5.46574593e-01 -2.69917727e-01
    6.21749401e-01 1.01398194e+00 -6.06299818e-01 -2.47871518e-01
    5.45134008e-01 -1.78636670e-01 -4.04684752e-01 -8.05959761e-01
    1.01485014e-01 7.31479406e-01 8.64900529e-01 1.83627462e+00
    6.34920955e-01 -2.70223320e-01 1.80501318e+00 1.50277424e+00
    2.89240777e-01 8.96971405e-01 -8.10051203e-01 1.11916363e-01
    -2.07336247e-01 1.38392544e+00 -7.57397771e-01 1.33635330e+00
    1.49309874e+00 1.33748090e+00 6.24353409e-01 4.14863110e-01
    -9.14023519e-02 4.45953846e-01 4.76173162e-02 1.28047907e+00
    -6.67230964e-01 2.40734518e-01 -5.37385702e-01 1.50499916e+00
    6.35548830e-02 1.25618601e+00 -5.57032585e-01 4.26899314e-01
    8.49489808e-01 5.24462521e-01 6.54592752e-01 -8.15196514e-01
    -4.89812136e-01 6.06981754e-01 1.45026231e+00 9.46593046e-01
    2.24217772e-02 1.25960147e+00 -5.32155752e-01 1.34410524e+00
    -5.41332960e-01 6.96552396e-01 -1.58602893e-01 6.45774841e-01
    -3.91869366e-01 7.54480362e-02 1.23235846e+00 8.25532913e-01
    1.73608375e+00 -7.99987137e-01 -6.52426481e-02 8.24987352e-01
    1.60626709e+00 9.40132737e-01 -5.13994813e-01 8.15073848e-01
    -8.46892595e-01 1.77416229e+00 1.06809807e+00 2.35555291e-01
    -2.97975659e-01 9.37201560e-01 7.74812520e-01 1.45657074e+00
    8.59073579e-01 -8.24476957e-01 1.41460252e+00 -1.07114732e-01
    4.54088926e-01 1.67307913e+00 1.99465573e-01 3.37077558e-01
    -7.11663723e-01 6.88411653e-01 -7.11077869e-01 2.27163672e-01
    2.14048207e-01 -2.96965539e-01 -3.69690955e-01 1.05976772e+00
    1.52500033e+00 4.01313961e-01 1.72613549e+00 8.22347403e-03
    -1.18706644e-01 -6.94597960e-01 1.27632868e+00 1.72129059e+00
    1.59625983e+00 2.71132171e-01 1.72550941e+00 8.95340443e-01
    -8.00075531e-02 -1.78081214e-01 1.75492299e+00 6.91592038e-01
    9.21940088e-01 3.17076027e-01 1.74749994e+00 1.31984854e+00
    1.71225297e+00 6.83543682e-02 4.27611828e-01 -2.50645161e-01
    1.69964135e-01 1.61203289e+00 5.33654809e-01 -8.08301985e-01
    -4.34358120e-02 5.21624923e-01 4.84653234e-01 1.90045714e-01
    8.35928559e-01 -7.99914718e-01 2.35039055e-01 8.25339258e-01
    1.50098467e+00 -4.46068048e-01 5.22480369e-01 7.50755847e-01
    -2.45157540e-01 1.49376309e+00 1.18327332e+00 -6.40444875e-01
    -5.03351986e-01 4.47318494e-01 9.25707221e-02 -5.64106941e-01
    6.35437489e-01 -2.86301374e-02 7.01360703e-02 -1.99085236e-01
    -1.08147860e-01 -8.10523152e-01 1.07311654e+00 -7.53394544e-01
    1.38396275e+00 -5.21228790e-01 1.28537309e+00 1.74403596e+00
    2.51803637e-01 1.33147764e+00 1.04653895e-01 -6.51153624e-01
    1.77602780e+00 -4.68929589e-01 -4.51397777e-01 9.14755344e-01
    1.70533252e+00 1.29818249e+00 -3.81405592e-01 9.25524652e-01
    -1.57456636e-01 1.27267659e+00 1.25279057e+00 5.90815961e-01
    4.72087026e-01 1.35960507e+00 9.56444323e-01 9.03834701e-02
    1.72489595e+00 7.32347369e-01 1.36353803e+00 1.66871309e+00
    1.07722712e+00 1.18410134e+00 2.57435322e-01 1.10820627e+00
    8.78048837e-01 3.20801556e-01 8.44777226e-02 -7.88463950e-01
    3.79891574e-01 1.54698491e-01 1.78237104e+00 -3.56655240e-01
    -6.88386261e-01 1.19037151e-01 -1.91251874e-01 -4.48833466e-01
    1.20086932e+00 -1.80084646e-01 5.47053874e-01 -5.64124942e-01
    1.20137620e+00 -7.62845039e-01 1.43607569e+00 1.26000142e+00
    -4.32038158e-01 1.83530688e-01 9.98318851e-01 -6.35418177e-01
    1.93874300e-01 3.40293109e-01 2.40684807e-01 9.34278965e-02
    -3.98679435e-01 1.65326071e+00 -6.46820366e-01 1.41804481e+00
    1.65795398e+00 5.99976242e-01 1.80338025e+00 4.84018385e-01
    -6.62744820e-01 -7.57896602e-01 1.11535156e+00 -6.48944616e-01
    -7.58916140e-01 1.30970585e+00 1.74462986e+00 5.90441823e-02
    -2.88324535e-01 8.68587971e-01 -2.09610045e-01 -8.42806756e-01
    -3.57327849e-01 1.19415009e+00 6.99121296e-01 8.32798481e-02
    1.18887138e+00 -5.62488496e-01 8.50172162e-01 1.81415486e+00
    -6.26575947e-02 3.90311837e-01 -1.82071567e-01 1.70109439e+00
    1.21753061e+00 -4.52963710e-02 4.57708538e-01 6.25034571e-01
    -7.03114212e-01 -4.38325852e-01 -4.69888896e-01 -5.98063886e-01
    -3.75398934e-01 1.84384513e+00 1.84600294e-01 5.70191085e-01
    1.25804579e+00 8.98969948e-01 6.18771493e-01 1.82206511e-01
    8.32397819e-01 5.63790262e-01 -5.54713726e-01 3.37614894e-01
    1.34760857e+00 -1.01773739e-02 4.66903806e-01 1.42787898e+00
    -5.88905573e-01 7.46830881e-01 -5.83403528e-01 -5.18770158e-01
    8.03768754e-01 -4.47089046e-01 -5.06230712e-01 1.49706864e+00
    6.91867113e-01 1.20755029e+00 -6.39184713e-02 6.72511458e-01
    2.48575330e-01 1.81768465e+00 1.52853346e+00 1.38091779e+00
    5.91184497e-02 1.36910331e+00 7.96977639e-01 3.86661291e-02
    -4.15772498e-01 9.44194078e-01 7.74976254e-01 2.57790923e-01
    5.82477927e-01 1.78822172e+00 1.38262868e-01 -2.27204442e-01
    -8.65832388e-01 8.46850634e-01 -3.92197788e-01 1.31099772e+00
    9.01699305e-01 1.62240887e+00 -5.24236023e-01 -8.11608613e-01
    8.23783934e-01 2.29314625e-01 -4.98949796e-01 9.78804648e-01
    -1.48367405e-01 -4.81693536e-01 3.18567812e-01 6.70148432e-01
    5.63859105e-01 1.48282659e+00 -3.89561236e-01 -2.76861489e-01
    6.13456905e-01 4.09613252e-01 -5.47695518e-01 1.02159572e+00
    1.20586562e+00 6.91159487e-01 1.32259083e+00 7.42615223e-01
    -5.24448812e-01 3.81978095e-01 3.52594018e-01 1.24210238e+00
    -3.78500283e-01 1.05890810e+00 1.43938875e+00 -7.35121548e-01
    1.11393929e+00 1.73337793e+00 -2.26700425e-01 1.02389598e+00
    -7.59010553e-01 -7.90116429e-01 -2.22959638e-01 -3.04995596e-01
    9.04099762e-01 -7.63072252e-01 -7.18506336e-01 1.04087436e+00
    1.48997688e+00 3.58472943e-01 1.73838973e+00 -8.17842782e-01
    1.60334826e+00 -4.52959299e-01 -6.21289313e-01 -7.88314283e-01
    3.42554808e-01 1.54019332e+00 -3.57400954e-01 1.17395329e+00
    1.11855209e-01 1.00308025e+00 -1.61949039e-01 -4.88711029e-01
    -6.67156041e-01 -4.59496260e-01 1.55773187e+00 1.81732070e+00
    -1.36247993e-01 1.75656652e+00 -2.27507710e-01 6.95263147e-02
    -1.93199396e-01 1.26139641e+00 -1.50707245e-01 1.81397676e-01
    1.09221840e+00 1.54937696e+00 9.01801407e-01 1.60625696e+00
    8.24130774e-02 -2.75538564e-02 5.83838224e-02 2.33049035e-01
    -5.13066113e-01 9.92173374e-01 4.41717029e-01 1.47039700e+00
    -4.81569856e-01 6.52916431e-02 1.03247762e-02 -2.21188188e-01
    -2.17782617e-01 1.19245923e+00 1.64069700e+00 -1.22338057e-01
    -3.57259214e-01 1.57149851e+00 1.16827071e-01 -5.27654946e-01
    1.37159705e+00 7.53236115e-01 -8.40233505e-01 2.40787029e-01
    -3.87514830e-01 -8.17919493e-01 -2.48527408e-01 -2.95254707e-01
    -7.36584663e-02 1.00126505e+00 1.45719171e+00 -5.70050895e-01
    -4.16256905e-01 8.99986625e-01 8.48630190e-01 1.65714645e+00
    2.99767256e-02 9.89158928e-01 1.28935194e+00 9.49851155e-01
    -7.67265797e-01 1.26937604e+00 1.12609982e+00 9.51423407e-01
    -8.14288855e-02 1.74197888e+00 1.03194857e+00 1.49499643e+00
    -6.60052598e-01 -2.61056304e-01 -7.93331802e-01 1.77725101e+00
    -2.16567278e-01 -6.86107278e-01 7.58221328e-01 1.45662856e+00
    -7.42166877e-01 7.67741084e-01 1.38907647e+00 -3.74899358e-01
    8.00106049e-01 1.15820336e+00 1.56270802e+00 1.70460224e+00
    5.92294455e-01 -1.31605923e-01 1.60602760e+00 1.36050224e+00
    2.68050551e-01 -5.21983504e-01 1.37914407e+00 -3.73869836e-01
    1.47481298e+00 1.38119757e+00 6.81667805e-01 1.81949139e+00
    1.51351500e+00 -4.20613915e-01 1.28921378e+00 4.80596840e-01
    -1.92175448e-01 2.57541358e-01 3.83055210e-03 3.22159588e-01
    -7.29175985e-01 4.00982976e-01 4.16977346e-01 1.59718156e+00
    1.53391671e+00 -1.87671542e-01 -6.28695965e-01 6.52647078e-01
    -1.38322651e-01 3.79660010e-01 2.00425327e-01 1.48981953e+00
    3.57471406e-01 -7.57826447e-01 -2.23025262e-01 6.71747327e-01
    1.58810186e+00 1.17467129e+00 3.77790451e-01 3.61392379e-01
    9.67828095e-01 -3.70474339e-01 1.01831234e+00 5.18557429e-01
    -3.29046071e-01 -2.41474211e-01 9.61637855e-01 1.37415075e+00
    -1.91851020e-01 -4.71190780e-01 -6.06735170e-01 7.82535911e-01
    -4.98098135e-03 4.36209202e-01 3.39110732e-01 -5.58723629e-01
    6.50965571e-02 1.80927730e+00 7.61165023e-01 1.06737256e+00
    1.07992458e+00 5.37154913e-01 1.15578699e+00 8.47208560e-01
    -7.30827689e-01 -4.84606653e-01 7.37888038e-01 -3.10213566e-01
    1.66255069e+00 -5.64473867e-03 3.81504178e-01 4.57479954e-01
    1.01418126e+00 1.78257656e+00 3.78161669e-01 -5.86135805e-01
    1.53113222e+00 8.52512360e-01 1.39097929e+00 8.70792985e-01
    1.46326470e+00 1.18575406e+00 1.30702543e+00 1.85091519e+00
    -7.20187902e-01 1.45597339e-01 -7.69415557e-01 -7.11554289e-01
    2.22192466e-01 1.73897433e+00 -1.45709932e-01 -8.53729248e-03
    3.46188426e-01 -6.35388970e-01 8.01225066e-01 1.70497179e+00
    -1.94890082e-01 1.03766799e-01 1.19638729e+00 1.81275463e+00
    1.26957369e+00 1.26006615e+00 1.17451322e+00 1.81709182e+00
    3.39983404e-01 1.71210456e+00 1.39026606e+00 -4.64224219e-01
    -4.06150907e-01 1.38353801e+00 1.56205225e+00 1.56850052e+00
    -1.39371276e-01 -7.61097670e-03 -2.95733750e-01 6.82493687e-01
    4.44950044e-01 8.66801858e-01 1.19913387e+00 1.43164825e+00
    -7.57960856e-01 1.74174273e+00 -4.91219133e-01 5.50705791e-01
    8.34753096e-01 -6.51884675e-01 8.82788599e-01 2.10458577e-01
    -2.20096290e-01 -1.23299956e-01 8.37202370e-01 2.23503470e-01
    1.37358165e+00 -3.74560833e-01 -4.75062639e-01 9.42077279e-01
    1.67067337e+00 -6.57297313e-01 1.09223080e+00 -6.91968262e-01
    9.50369835e-01 -2.17419744e-01 8.52404833e-01 1.36606157e-01
    -6.28481209e-01 1.68989897e-02 -6.79808319e-01 -1.25930250e-01
    1.76684010e+00 4.63596404e-01 1.21790338e+00 -4.19484049e-01
    8.08166981e-01 2.87025452e-01 -7.16030717e-01 4.03266966e-01
    -7.91437685e-01 1.73900723e+00 1.53119993e+00 1.00873208e+00
    9.28507149e-01 -3.77473414e-01 1.57557702e+00 -7.05465615e-01
    -3.44780684e-02 -7.05029249e-01 -2.41828501e-01 1.65978098e+00
    -6.62438393e-01 -7.01869726e-02 4.00298536e-01 1.39922142e+00
    -8.10017407e-01 1.69034195e+00 1.49671841e+00 -8.50878835e-01
    -7.81922102e-01 -3.99399638e-01 -6.72528505e-01 9.98999357e-01
    1.48744369e+00 3.81694913e-01 -3.72793078e-02 1.92113280e-01
    2.93945134e-01 -5.01252711e-01 3.18689346e-01 -3.56959820e-01
    1.01874948e+00 1.58028364e+00 -2.91453183e-01 9.81397271e-01
    -4.05229598e-01 1.83508193e+00 2.46847689e-01 -4.81569171e-02
    4.79127765e-02 7.26736128e-01 4.05511737e-01 -2.52720952e-01
    1.37421262e+00 1.13602281e+00 -1.28712356e-01 6.38434947e-01
    1.81241977e+00 4.25632238e-01 4.77297723e-01 1.66425753e+00
    1.49306631e+00 1.60268188e+00 3.77447724e-01 1.00410724e+00
    5.26516378e-01 4.27980006e-01 7.42540956e-02 9.03180420e-01
    3.60503674e-01 1.11838818e+00 8.21650565e-01 -7.66780138e-01
    -7.89961219e-02 8.53067815e-01 3.08142126e-01 8.72881711e-01
    5.86937249e-01 4.99155521e-02 -5.24197817e-02 9.12356138e-01
    1.62640285e+00 1.70120239e+00 -8.40260744e-01 -3.95064950e-02
    1.24057579e+00 1.64125168e+00 -5.43575883e-01 -2.20767021e-01
    5.94359815e-01 3.80099475e-01 1.55381644e+00 -5.65270126e-01
    -9.40053463e-02 1.38863814e+00 1.18352115e-01 -2.54483998e-01
    -8.02368462e-01 -7.21193552e-01 1.38772368e-01 -5.47308564e-01
    5.34074545e-01 -7.45898902e-01 3.03969502e-01 -5.67294121e-01
    6.89970791e-01 -6.71618879e-01 -7.68704712e-01 1.50614858e+00
    1.66102934e+00 -3.81105036e-01 1.63552046e+00 1.59464681e+00
    1.18727934e+00 8.16289186e-01 1.39443696e+00 7.77241647e-01
    3.92527521e-01 -2.22220063e-01 1.15409684e+00 -1.96290374e-01
    3.95891309e-01 8.12187850e-01 -4.51720119e-01 1.42396474e+00
    1.04373288e+00 6.32592857e-01 -5.75405717e-01 -8.38902771e-01
    -2.71625817e-01 4.84508753e-01 7.43185580e-01 -1.01877451e-01
    -7.61166215e-02 1.31873941e+00 9.35505629e-01 -7.58671761e-03
    -5.07124424e-01 5.52909613e-01 2.06868291e-01 1.38379252e+00
    -1.58596575e-01 1.61640573e+00 1.43297005e+00 1.52247703e+00
    3.21716607e-01 8.50073695e-02 -2.50060797e-01 5.67853451e-04
    1.59111905e+00 2.35353410e-01 5.73296785e-01 -4.81705517e-01
    -3.20860147e-02 -1.80742383e-01 -6.43308461e-01 9.08396065e-01
    -1.92860663e-01 7.77670443e-01 1.60315728e+00 2.06246257e-01
    4.98426795e-01 1.65150261e+00 1.43634725e+00 9.22259271e-01
    4.55647767e-01 1.59658992e+00 5.93081892e-01 7.16635585e-02
    3.77248824e-01 -3.11650515e-01 -1.06562197e-01 1.52843046e+00
    5.44660747e-01 3.94908488e-01 1.08984900e+00 8.20079982e-01
    -3.23290974e-01 4.53469753e-01 -4.73070472e-01 7.16914356e-01
    1.13837171e+00 -3.22679162e-01 4.17327881e-01 4.49030638e-01
    1.81246877e-01 6.45284891e-01 3.54001164e-01 1.09267652e+00
    1.82575727e+00 9.61580276e-01 -6.77016973e-01 -6.69886410e-01
    1.55527115e+00 1.58853221e+00 1.09864450e+00 -1.81462884e-01
    7.02177823e-01 -4.34233934e-01 -2.03141391e-01 4.18080747e-01
    -8.11611056e-01 1.29441321e+00 2.18451738e-01 1.26185560e+00
    -3.84092331e-04 -7.26863503e-01 -5.78876734e-02 -4.70770538e-01
    -2.25507438e-01 -6.19110942e-01 4.67387974e-01 1.21162879e+00
    1.03405845e+00 5.24127483e-02 -7.51313865e-01 1.78570557e+00
    8.05113554e-01 -5.67273557e-01 1.05110300e+00 -4.48372453e-01
    1.31277263e+00 1.76751101e+00 7.84547031e-01 1.81638455e+00
    -2.16014326e-01 1.33248842e+00 -8.50193679e-01 1.59243548e+00
    -1.53758347e-01 -8.27998996e-01 6.95924938e-01 -6.80272579e-02
    -4.00974751e-01 4.47325408e-01 -8.62518430e-01 7.69203246e-01
    6.50290191e-01 -7.37747252e-01 6.09748721e-01 -1.60574257e-01
    1.09705353e+00 -6.64965391e-01 -4.69694823e-01 8.29208195e-01
    1.83191752e+00 -3.37073505e-01 1.86609387e-01 1.48304772e+00
    1.31806135e+00 -2.70231128e-01 -6.03914082e-01 1.82911789e+00
    1.72774243e+00 -3.84990752e-01 7.93347299e-01 1.30505133e+00
    -5.44357955e-01 4.73353088e-01 9.26175177e-01 6.83428645e-02
    -8.07818294e-01 6.19252682e-01 -5.20097017e-01 1.05912185e+00
    -6.54210925e-01 1.55892634e+00 -1.78513050e-01 1.22052264e+00
    2.24195719e-01 1.56151652e+00 1.04135752e+00 1.24371910e+00
    1.46788359e-01 1.74854922e+00 8.20182920e-01 6.75022364e-01
    -4.88498032e-01 1.58442187e+00 4.86255407e-01 1.25190854e+00
    1.15503514e+00 -2.65096486e-01 4.79656339e-01 -1.58282876e-01
    1.73194337e+00 1.31653559e+00 -8.16946149e-01 -1.34025812e-02
    9.33630943e-01 9.43446398e-01 1.72164321e+00 1.06203699e+00
    1.48930395e+00 1.55131519e-01 6.55083477e-01 1.85150862e-01
    4.96601105e-01 5.87677300e-01 -1.11606121e-02 -4.77533251e-01
    6.72319591e-01 1.25122166e+00 1.25095487e+00 -3.10816348e-01
    1.13218164e+00 1.61540127e+00 9.91496146e-01 -5.19844711e-01
    5.68317771e-01 1.18231416e+00 4.93728280e-01 1.46642637e+00
    -2.14601874e-01 8.59088480e-01 2.92458951e-01 1.38447309e+00
    -3.77966166e-01 -6.96157396e-01 1.56712770e+00 8.11022103e-01
    -4.78714257e-01 1.35138988e+00 -3.17470849e-01 -2.67833471e-02
    7.01649189e-01 1.28536880e-01 5.57601690e-01 8.21019650e-01
    2.44252384e-01 6.14626527e-01 3.22444081e-01 -3.95118594e-02
    -1.49130702e-01 2.62896895e-01 1.39815545e+00 1.63917017e+00
    1.01743531e+00 2.80012906e-01 3.20123196e-01 -7.67931879e-01
    9.39245880e-01 -3.24762583e-01 1.84210920e+00 -6.79149091e-01
    -2.26702094e-02 -6.48012757e-01 -2.82032609e-01 1.60139525e+00
    1.06240547e+00 1.21722555e+00 -1.14846945e-01 1.07843304e+00
    1.14740884e+00 -4.78463024e-01 2.98904598e-01 8.61047626e-01
    8.37406933e-01 -6.77515864e-01 1.87154865e+00 1.21303725e+00
    1.23814106e-01 4.20979619e-01 1.85642934e+00 2.29452491e-01
    -7.56212473e-01 1.60873175e-01 6.47989273e-01 6.45556390e-01
    -2.20015526e-01 -6.59113050e-01 -6.24457598e-01 1.83117092e-01
    3.45165670e-01 8.30053091e-01 1.02412558e+00 1.84840536e+00
    1.38188767e+00 1.30185986e+00 7.97835827e-01 1.48110282e+00
    1.86109424e+00 1.72269440e+00 -6.69194102e-01 -3.83732021e-01
    1.39461339e-01 -6.08455777e-01 -3.31963837e-01 9.54152524e-01
    1.24495840e+00 -6.42201304e-02 1.21603966e+00 1.73278439e+00
    -1.82032406e-01 1.42753100e+00 -6.90178394e-01 1.80871463e+00
    5.02563596e-01 8.89280438e-01 1.48606873e+00 1.79504454e-01
    1.82648194e+00 1.33690906e+00 -4.52202946e-01 1.77281535e+00
    -1.57058239e-01 -7.41989613e-01 9.88896966e-01 7.71981180e-01
    1.74403930e+00 -3.85035783e-01 9.47465897e-01 1.14552498e+00
    1.88010538e+00 1.66032648e+00 6.49830163e-01 -3.07194650e-01
    3.42241287e-01 1.59998465e+00 -7.67134607e-01 -2.36600280e-01
    -8.79389048e-02 1.39937043e+00 -2.81765461e-02 -1.89711809e-01
    3.79839778e-01 1.71427965e+00 1.18353653e+00 1.54874218e+00
    1.40966296e-01 -5.65187216e-01 1.20588565e+00 -6.16871357e-01
    3.38093579e-01 -5.03637016e-01 1.55536556e+00 1.50484180e+00
    1.11101556e+00 3.23715627e-01 -2.17438161e-01 -3.32539648e-01
    -5.60175180e-02 1.81808388e+00 -3.43864083e-01 -6.81873262e-01
    1.17550659e+00 -7.22863317e-01 8.25011790e-01 -7.86479414e-01
    5.22203326e-01 1.74595177e+00 -6.52938902e-01 -3.99867445e-01
    1.40311289e+00 -7.96218514e-02 7.00164795e-01 2.06239760e-01
    -6.97003961e-01 -4.63791966e-01 1.85003471e+00 1.28207266e+00
    8.75564396e-01 -8.00767541e-02 -1.73377395e-02 6.27712369e-01
    1.19110680e+00 -6.10405922e-01 1.55389845e+00 -8.31793606e-01
    -2.17171073e-01 1.71728384e+00 -8.42684805e-01 2.43909299e-01
    1.04863858e+00 -2.95993805e-01 2.47641325e-01 -3.68693590e-01
    1.10898507e+00 -8.60737622e-01 7.69220114e-01 -1.21173680e-01
    -2.55587518e-01 1.90161824e-01 -2.40094662e-01 1.37652314e+00
    1.33323789e+00 3.60176861e-01 -2.56547868e-01 1.11710072e-01
    1.00215554e+00 3.62959445e-01 6.95552588e-01 1.67136979e+00
    3.44034612e-01 -2.84388602e-01 1.07434762e+00 -2.97627807e-01
    1.37661433e+00 -1.80984855e-01 1.21138692e+00 9.88292515e-01
    -7.15106845e-01 7.31735706e-01 1.80516124e+00 1.82614446e+00
    1.74259686e+00 1.59533024e+00 -5.49739361e-01 7.82932699e-01
    9.23393011e-01 5.17154932e-01 -7.97120631e-01 1.06233311e+00
    3.08455348e-01 9.37291384e-02 7.62285948e-01 -2.94297159e-01
    1.68349719e+00 6.91961110e-01 2.21176147e-02 1.52025962e+00
    -6.27192259e-01 1.92061007e+00 -3.59497160e-01 7.84506798e-01
    8.18445921e-01 7.50283837e-01 -4.95930910e-02 -2.98929095e-01
    9.62714970e-01 7.37642825e-01 1.78688085e+00 -8.12324584e-01
    1.31416440e-01 1.84980035e-01 1.51989317e+00 4.52496529e-01
    1.60269165e+00 -6.97247863e-01 6.05577946e-01 1.23335099e+00
    3.25833678e-01 1.13958621e+00 9.06651020e-02 1.72223628e+00
    -7.60305941e-01 -7.42116928e-01 1.67506170e+00 3.76933038e-01
    -1.28305316e-01 -3.88014793e-01 7.43327737e-02 -2.00457036e-01
    3.47717822e-01 6.82030261e-01 1.02737641e+00 1.79524779e+00
    1.29055619e+00 1.82325006e-01 1.42743707e+00 -3.64378929e-01
    -2.16950119e-01 7.98658967e-01 -3.74535322e-02 1.54359221e+00
    1.33186030e+00 2.06002772e-01 8.66841435e-01 1.77933311e+00
    1.57343912e+00 -2.60432184e-01 4.66895580e-01 -6.37315631e-01
    6.21878564e-01 1.96352541e-01 -2.29675114e-01 -1.67939603e-01
    9.84328687e-01 -2.26045251e-01 2.88538694e-01 3.43635678e-02
    -2.70823717e-01 2.26974547e-01 -4.23867702e-01 1.41124904e-01
    1.63013721e+00 1.33392739e+00 5.43298483e-01 -6.86413467e-01
    2.70586312e-01 1.43723774e+00 8.81072581e-01 8.44912231e-01
    6.88854277e-01 7.60291934e-01 1.06066108e-01 1.10964811e+00
    1.68977165e+00 -5.88144064e-01 -1.33444369e-01 -8.28445613e-01
    1.74273038e+00 3.95560801e-01 1.29256213e+00 1.29654860e+00
    2.98739731e-01 -1.84574783e-01 -7.46132374e-01 1.87875831e+00
    1.31018472e+00 1.88520348e+00 -6.90174043e-01 -1.00403965e-01
    1.38314486e+00 -9.77730155e-02 7.08720565e-01 -5.85135996e-01
    -7.55400360e-01 -2.21923709e-01 -1.06609046e-01 6.99217677e-01
    1.12938023e+00 7.00832605e-01 1.46712732e+00 -5.17482996e-01
    -4.57190484e-01 8.85176182e-01 1.42938483e+00 -6.44164085e-01
    7.24580288e-02 1.07187152e+00 1.62363958e+00 7.16387272e-01
    1.52050495e+00 1.47841418e+00 1.53491497e+00 -8.10471475e-01
    -2.42062271e-01 1.18851197e+00 -6.32265806e-01 1.39913726e+00
    1.19248962e+00 -2.66975820e-01 -2.28931963e-01 -1.48095131e-01
    1.03555369e+00 -7.45075524e-01 8.47853541e-01 1.83003950e+00
    1.32169318e+00 4.77574050e-01 1.00608253e+00 5.63018262e-01
    1.27480650e+00 1.10995889e+00 -3.49872768e-01 6.61099553e-01
    3.75105202e-01 -7.64188588e-01 -1.16426766e-01 8.91991198e-01
    8.39722097e-01 1.69874287e+00 1.31004703e+00 6.05083644e-01
    1.03556061e+00 9.59833145e-01 4.94765401e-01 1.59009910e+00
    -1.85730398e-01 5.84883988e-01 -1.80367529e-01 9.39465761e-02
    -5.00189066e-01 1.36636591e+00 -3.90149951e-02 -2.85656273e-01
    -1.63807750e-01 6.81039751e-01 -1.31032288e-01 4.73574340e-01
    1.27716851e+00 -8.22555423e-02 8.36753488e-01 1.76048589e+00
    5.24028897e-01 -6.14254713e-01 5.88567853e-02 1.47954500e+00
    -4.50242668e-01 -8.16316605e-02 2.16364384e-01 1.43248892e+00
    1.62743032e+00 -2.88044631e-01 2.85125971e-01 -7.78131485e-02
    -4.30145770e-01 8.03134382e-01 2.17866898e-03 1.61036789e+00
    5.55848479e-02 2.46071577e-01 1.04897583e+00 -3.86762053e-01
    -5.48691988e-01 1.48662567e+00 6.76590681e-01 1.24097395e+00
    4.44267750e-01 8.41855228e-01 1.78929925e+00 1.57534444e+00
    -5.23536444e-01 1.29483867e+00 1.26579618e+00 1.39453018e+00
    -3.26340258e-01 -1.78420007e-01 8.11118186e-01 2.34892249e-01
    -5.39769292e-01 -3.43664944e-01 -3.29258025e-01 1.09766161e+00
    2.59868085e-01 1.67483187e+00 1.35747313e-01 1.28691792e+00
    3.08755636e-02 2.06573665e-01 2.51154304e-01 -3.14977229e-01
    1.43573821e+00 1.45160484e+00 1.43916821e+00 8.43390644e-01
    -3.41631472e-01 1.30720270e+00 3.07722747e-01 -2.29177475e-01
    1.26953053e+00 -3.65091383e-01 1.17267656e+00 7.43622482e-01
    1.55882359e+00 1.90413356e-01 4.70988631e-01 1.47334790e+00
    1.06873393e+00 1.07333016e+00 8.22791040e-01 1.32889557e+00
    1.60628247e+00 1.33501446e+00 7.38012135e-01 3.95147204e-01
    2.09152102e-02 1.66793084e+00 7.93421149e-01 9.58492696e-01
    1.29882157e-01 1.29147243e+00 -4.56569016e-01 7.98242688e-02
    4.72916365e-01 -4.91748691e-01 -6.05050921e-01 1.56831622e+00
    9.83235478e-01 1.16232550e+00 -6.33361578e-01 1.37851048e+00
    1.61955965e+00 1.73451471e+00 -6.57448590e-01 3.56529534e-01
    5.39851785e-02 1.54318178e+00 1.38184524e+00 -7.87730515e-01
    9.95215356e-01 7.27242231e-02 1.25958002e+00 5.35915673e-01
    -8.62519264e-01 -7.42055774e-01 9.26969647e-02 -4.42140847e-01
    1.12779605e+00 3.05117011e-01 -1.26443505e-02 5.38392842e-01
    1.72670102e+00 7.00891733e-01 1.63181269e+00 1.05710483e+00
    -6.87584877e-01 -2.73746014e-01 -3.81020844e-01 3.07140470e-01
    -4.08875406e-01 5.59039652e-01 4.16455984e-01 1.17764711e+00
    -5.73115110e-01 6.59389794e-01 1.52284384e+00 -2.76134133e-01
    1.05853605e+00 7.86473215e-01 1.09303761e+00 1.15569496e+00
    1.43887663e+00 3.54666114e-01 1.46581316e+00 -7.18391836e-01
    -4.27001297e-01 1.40809941e+00 1.53178692e+00 8.45032096e-01
    1.35062242e+00 1.67337728e+00 -3.28832686e-01 -2.55177915e-01
    1.70417690e+00 -3.96615684e-01 -2.58195400e-01 -6.86726868e-01
    -6.00522041e-01 1.25676095e+00 1.03541398e+00 1.76758623e+00
    1.38106489e+00 4.61332738e-01 2.85679877e-01 1.35315037e+00
    4.81744707e-01 1.18427479e+00 1.44845009e+00 1.16594148e+00
    3.44500840e-01 1.65269017e-01 1.44729519e+00 1.28097987e+00
    -1.70611143e-02 6.12249374e-02 4.87077713e-01 -2.12723196e-01
    -4.36348289e-01 9.88672972e-01 -6.52322650e-01 9.21326518e-01
    7.38748431e-01 1.65396762e+00 -5.99420667e-01 1.05445337e+00
    7.05955267e-01 -3.55774522e-01 -1.27537072e-01 1.61476386e+00
    7.11392760e-02 1.06196976e+00 1.76022446e+00 -1.90905929e-01
    1.68776727e+00 1.58381999e+00 6.54149890e-01 -1.88897789e-01
    1.04661822e+00 -2.90176153e-01 -1.30282700e-01 1.13659573e+00
    -5.05074263e-01 8.30976367e-02 4.57693100e-01 -2.61126101e-01
    1.73821390e+00 9.07146990e-01 1.53244960e+00 -7.73795545e-01
    -3.30625296e-01 1.53301764e+00 1.50248170e+00 2.15608895e-01
    8.31236899e-01 -3.89773846e-02 -1.18154764e-01 1.15983129e+00
    1.85835290e+00 -2.78351009e-01 -4.58056390e-01 8.83323491e-01
    6.19890630e-01 1.72187304e+00 -6.48708522e-01 1.35811353e+00
    1.05494058e+00 -7.87307501e-01 6.71909630e-01 1.50795650e+00
    2.18379021e-01 1.36258531e+00 1.20123494e+00 9.41774309e-01
    6.29627943e-01 3.16657066e-01 -5.34895122e-01 -7.41936326e-01
    -2.85813332e-01 6.12172842e-01 4.96817529e-01 3.83139849e-02
    8.08711708e-01 9.27153647e-01 1.45417988e+00 3.67010772e-01
    1.59103668e+00 5.65851331e-02 9.45182383e-01 1.52564192e+00
    6.03189349e-01 6.17040277e-01 2.32689023e-01 4.63388741e-01
    1.84499669e+00 5.41013479e-01 -5.67096353e-01 -3.22443783e-01
    -2.40914881e-01 1.40538633e-01 9.10383403e-01 -1.56657517e-01
    -4.89873677e-01 1.77588964e+00 1.67223179e+00 1.06736791e+00
    4.83715236e-01 -7.15828359e-01 9.91804659e-01 6.62337422e-01
    1.26635933e+00 -8.16531122e-01 1.68210483e+00 -4.56690520e-01
    1.55460274e+00 1.50145733e+00 2.54254162e-01 1.62989259e+00
    -8.14829707e-01 6.37730300e-01 1.52891684e+00 -6.51505351e-01
    -6.19769096e-02 3.04722130e-01 1.38169062e+00 -7.30572760e-01
    -3.50546211e-01 -8.43880177e-02 -6.11971259e-01 -4.93250608e-01
    1.18409610e+00 1.03654385e-01 3.77910018e-01 9.13655162e-02
    1.50237596e+00 3.13355267e-01 1.25793934e+00 1.73146033e+00
    6.26103878e-02 1.46828258e+00 -4.27372992e-01 1.85775757e+00
    8.64441574e-01 9.76624072e-01 3.15798640e-01 1.26298821e+00
    8.35020959e-01 1.42880487e+00 1.75745308e-01 8.42089534e-01
    2.65507460e-01 1.62473917e+00 -5.20060897e-01 -1.01389766e-01
    2.11121082e-01 1.89890444e-01 5.44355989e-01 1.30851841e+00
    1.08550417e+00 1.83015788e+00 -5.19680619e-01 -1.41218543e-01
    1.67369461e+00 8.54503512e-01 1.87200093e+00 1.65801847e+00
    1.07933950e+00 -6.33480728e-01 -1.70618296e-03 1.14868855e+00
    -6.78403378e-02 1.82241237e+00 -4.42000270e-01 5.56975782e-01
    -4.05363023e-01 1.47396505e-01 1.06300747e+00 1.28741848e+00
    7.69870937e-01 1.30007529e+00 1.77435160e-01 1.03827715e+00
    3.42251718e-01 -4.21321750e-01 7.71016061e-01 9.03357685e-01
    7.68980801e-01 1.88825452e+00 1.08907986e+00 3.67812753e-01
    1.26978862e+00 4.33906376e-01 8.47590864e-01 -5.21452665e-01
    -1.54221475e-01 -3.05020571e-01 4.45279002e-01 1.63133526e+00
    9.33326721e-01 1.67878270e-02 1.76247883e+00 1.81250572e+00
    4.17100072e-01 8.54602754e-01 1.04165947e+00 -5.57717443e-01
    1.62844932e+00 -7.06087470e-01 5.37267387e-01 1.50925100e-01
    -2.02956915e-01 7.82857537e-01 -1.81655884e-01 -6.85496032e-01
    2.98573673e-01 3.83547544e-02 -5.95010877e-01 1.31899953e+00
    1.69655132e+00 -7.41817594e-01 -3.12213898e-01 -4.52592343e-01
    1.72316420e+00 1.11661816e+00 -4.22338605e-01 -2.87659168e-02
    -1.80289686e-01 -9.13758993e-01 1.10131919e-01 1.69794858e+00
    1.34831131e-01 1.43946409e+00 1.94944322e-01 9.90749836e-01
    7.42110133e-01 1.41558647e+00 2.68794775e-01 -7.67425060e-01
    9.99667525e-01 1.67168593e+00 1.69337487e+00 -3.67904127e-01
    3.63704324e-01 1.12673950e+00 1.77864385e+00 1.27035952e+00
    1.73641920e-01 4.23587143e-01 -7.27872849e-01 1.21449256e+00
    5.43434620e-01 1.23164678e+00 1.01518369e+00 1.56584847e+00
    8.83595943e-02 -5.01571298e-02 -6.31951571e-01 1.69488978e+00
    1.20449507e+00 1.90151572e+00 2.83561885e-01 4.35041368e-01
    1.88318920e+00 1.38158607e+00 9.51873779e-01 1.03808594e+00
    5.54932594e-01 6.41796112e-01 5.40032685e-01 8.28557134e-01
    1.61897230e+00 2.56694138e-01 1.91385746e-01 6.08500540e-01
    -5.01299441e-01 -1.37830675e-01 -4.33632761e-01 -6.99255288e-01
    2.23114014e-01 1.30710411e+00 7.44709790e-01 9.25808072e-01
    1.75391889e+00 8.54072332e-01 6.39713287e-01 -8.11523318e-01
    1.42693830e+00 -4.66818988e-01 1.80379677e+00 -8.71278882e-01
    1.61284971e+00 4.67139363e-01 1.22594249e+00 -4.20192808e-01
    -5.23539484e-01 1.64682174e+00 8.43969464e-01 8.74519646e-01
    -7.06758499e-01 8.69240940e-01 1.09969902e+00 5.87922156e-01
    1.40310252e+00 3.63447011e-01 -4.08247977e-01 8.09996247e-01
    -2.65400231e-01 4.34333086e-03 -3.16529393e-01 1.41591907e+00
    -3.69955063e-01 6.41183197e-01 2.77122974e-01 1.60299647e+00
    2.11951971e-01 -3.66032839e-01 1.44677126e+00 -7.49074578e-01
    4.10710216e-01 9.01335716e-01 8.93950939e-01 5.26188016e-01
    1.77846432e-01 1.67907858e+00 7.09584057e-01 -4.31248367e-01
    1.44227695e+00 7.15867281e-01 -8.34811568e-01 -7.06756413e-01
    9.39253449e-01 3.35362971e-01 -7.00602531e-01 6.57598555e-01
    -6.70609474e-01 1.34099054e+00 1.64450014e+00 2.12044001e-01
    2.13152289e-01 9.74894822e-01 1.88916922e-03 7.37821102e-01
    -1.78954005e-02 -6.38840675e-01 1.13657570e+00 1.69811046e+00
    2.33051181e-01 -1.73450053e-01 -6.41767621e-01 -6.23745203e-01
    -6.38587654e-01 2.45488882e-02 4.21162486e-01 3.63944471e-01
    -7.35476732e-01 1.03897750e+00 1.81463718e-01 -3.53113770e-01
    1.30566037e+00 7.73978591e-01 1.59604692e+00 9.34797347e-01
    1.02175534e+00 -3.46704960e-01 -2.26679742e-01 1.49281192e+00
    1.27643919e+00 1.83306241e+00 -5.51404834e-01 1.82048810e+00
    1.25573921e+00 -8.35813880e-01 3.02511573e-01 8.55128109e-01
    9.34881806e-01 7.82304406e-02 -2.50765860e-01 9.22663450e-01
    8.13359022e-01 1.06789017e+00 5.95650434e-01 1.77703500e-02
    6.55710757e-01 3.05918455e-01 1.70819545e+00 2.04579055e-01
    -2.82766104e-01 -2.23080277e-01 8.89566123e-01 8.56402934e-01
    1.58862352e-01 7.31384456e-01 1.33020425e+00 8.88062537e-01
    1.24151039e+00 -5.27997136e-01 1.68042660e-01 -5.30068994e-01
    5.43953061e-01 2.28816867e-02 -2.73088455e-01 -4.93160486e-01
    1.64445949e+00 8.04855943e-01 -8.86010289e-01 1.42305493e+00
    -6.33217812e-01 1.11602271e+00 3.19136024e-01 1.66881394e+00
    -2.42662787e-01 1.60040855e+00 1.49544096e+00 -8.59463692e-01
    1.74019766e+00 1.81903267e+00 1.10728741e+00 6.80158138e-02
    1.28705025e+00 1.06860447e+00 5.96170306e-01 -7.42904067e-01
    -3.42714310e-01 -6.48836374e-01 1.04679859e+00 6.62290692e-01
    1.36284804e+00 1.00539088e+00 6.22684658e-01 -8.35126877e-01
    7.56785035e-01 1.17161345e+00 -5.53122640e-01 1.62363160e+00
    1.09368014e+00 1.35833621e-02 -8.71322572e-01 -1.81550562e-01
    9.53548610e-01 1.82051110e+00 7.94656217e-01 1.83057964e+00
    1.24388158e+00 7.36376166e-01 1.05331063e-01 -5.66112995e-03
    1.40030694e+00 1.77103424e+00 1.81835055e+00 1.50286996e+00
    -4.20464993e-01 -4.80328918e-01 3.57280910e-01 1.55826509e-01
    6.46081626e-01 -9.50356126e-02 1.10270524e+00 -1.97135389e-01
    1.19678080e+00 2.43107855e-01 9.01999712e-01 7.52629936e-01
    1.30373907e+00 5.08553505e-01 6.63719475e-01 1.74798715e+00
    1.49354339e+00 7.13744044e-01 5.25827467e-01 -8.56868625e-02
    -3.30113590e-01 1.03669119e+00 4.29014981e-01 5.03093183e-01
    1.30659270e+00 -4.53776300e-01 1.24821186e+00 3.84924054e-01
    -4.21922654e-01 1.54029942e+00 1.35915399e+00 -6.07333183e-02
    8.31741452e-01 9.44674075e-01 -2.88547933e-01 -3.27325523e-01
    9.02917981e-02 -5.39769530e-01 -2.71134913e-01 7.18398869e-01
    3.71898890e-01 1.50177395e+00 -3.13940108e-01 4.35370266e-01
    -5.08117914e-01 -3.64456832e-01 2.27403402e-01 -5.08802533e-01
    8.01028907e-01 1.50108576e+00 6.63687110e-01 1.75876129e+00
    -4.46938187e-01 -3.80322516e-01 1.16290152e-01 6.69768929e-01
    -1.12799406e-01 3.96744013e-02 7.50610530e-01 1.31449342e-01
    1.70608103e+00 5.62892079e-01 -7.22001851e-01 8.60690176e-01
    5.90954959e-01 -5.25333047e-01 -5.85725427e-01 1.22662294e+00
    5.59063554e-01 1.82832980e+00 1.68972731e+00 -7.81951010e-01
    1.76532841e+00 -5.77389836e-01 -1.99246466e-01 -6.29326940e-01
    9.48915243e-01 -7.57845521e-01 -2.58617401e-01 -5.30684471e-01
    -5.74999094e-01 5.83990216e-01 9.75582302e-01 7.09067285e-01
    -4.80901599e-02 -1.20107591e-01 -6.76068068e-01 1.44991338e-01
    4.63260293e-01 -6.32383347e-01 -1.03251517e-01 1.19449925e+00
    1.83406794e+00 4.96674895e-01 8.44441354e-01 1.45227075e+00
    7.11469173e-01 2.78992236e-01 -2.41357803e-01 9.29367006e-01
    1.30462706e-01 1.83885801e+00 -7.31270194e-01 7.11479783e-02
    -6.66811943e-01 1.04453397e+00 -5.37642300e-01 -3.87097239e-01
    -5.23693442e-01 1.28995728e+00 5.49560666e-01 6.54185414e-01
    7.82641888e-01 8.07079732e-01 8.32890868e-02 1.31049764e+00
    -5.11789560e-01 6.76721692e-01 1.22182393e+00 8.68119597e-02
    -1.15795851e-01 -8.66950631e-01 7.08749771e-01 1.74820900e+00
    -7.79699624e-01 1.61908817e+00 1.82887220e+00 -1.18419230e-01
    1.84368539e+00 1.34021795e+00 -5.97665370e-01 9.35261786e-01
    1.25899982e+00 -2.00706542e-01 -5.12018919e-01 -7.76820540e-01
    -6.47313774e-01 -5.19825339e-01 -7.34976411e-01 1.59335518e+00
    1.56151867e+00 -7.31394529e-01 1.65375948e+00 -2.51065493e-02
    3.32508862e-01 -5.01864851e-01 1.84951949e+00 1.99868917e-01
    -1.61873698e-01 -5.43992162e-01 1.52487087e+00 1.41365445e+00
    1.70530701e+00 1.57564330e+00 -2.88322687e-01 -7.11872697e-01
    1.61909223e+00 5.70308566e-01 1.73471212e+00 1.29752946e+00
    -6.35958612e-01 -6.78724170e-01 1.63350511e+00 1.04463816e+00
    2.53723204e-01 -3.38456869e-01 1.47217345e+00 9.35323119e-01
    8.65337849e-01 -5.70510864e-01 3.33927453e-01 1.75281906e+00
    1.00246024e+00 -4.97543335e-01 -3.00452054e-01 1.20154619e-01
    9.20449436e-01 -5.06886244e-01 -6.90486133e-01 -5.78120530e-01
    8.07380080e-01 3.22338343e-01 5.82303643e-01 -4.41092014e-01
    -6.61422491e-01 -4.67048317e-01 -1.98018372e-01 3.23479652e-01
    5.03044546e-01 -3.33916992e-01 1.32297492e+00 1.67349410e+00
    -2.26822615e-01 1.24149704e+00 1.35869718e+00 7.61196792e-01
    1.02152872e+00 5.65642476e-01 1.91854417e-01 3.43719840e-01
    2.29036212e-01 9.52804089e-01 1.65187192e+00 1.34855139e+00
    -7.80838728e-01 -1.27203166e-01 -6.43476665e-01 1.92963123e-01
    2.93386817e-01 -1.64727509e-01 -6.45537972e-02 7.79389322e-01
    4.58247662e-02 -8.44112515e-01 1.62749946e+00 -4.49159145e-02
    9.35152948e-01 9.95514989e-02 -2.82955527e-01 1.59388757e+00
    6.57727957e-01 -5.35330772e-02 1.32442486e+00 -9.78478193e-02
    8.95399332e-01 2.85212398e-01 7.70388126e-01 1.48792505e+00
    -5.20413220e-01 -2.63683081e-01 5.53144217e-02 1.60498452e+00
    7.58380175e-01 1.37149668e+00 1.14285445e+00 1.14940643e+00
    -2.79550791e-01 1.07401776e+00 1.69075584e+00 5.89160144e-01
    2.17708528e-01 1.41666889e-01 1.21177971e-01 1.60436690e-01
    1.52598822e+00 -2.17645764e-01 -3.43542874e-01 -6.23893917e-01
    -4.14284319e-01 -1.84173405e-01 1.52118266e-01 -7.03133464e-01
    -4.02162701e-01 3.97724926e-01 1.49045765e-01 1.14792526e-01
    1.02705002e+00 -7.36196220e-01 1.25899076e+00 -2.66619563e-01
    -5.82752228e-01 1.45276499e+00 1.68463695e+00 6.57025516e-01
    4.43544030e-01 1.35190296e+00 1.20945096e+00 -5.28319240e-01
    1.08183622e+00 -5.65660954e-01 6.92656040e-02 4.68466282e-02
    -7.27711737e-01 9.84517097e-01 1.71832824e+00 1.32757735e+00
    5.77646136e-01 5.32735348e-01 1.65265214e+00 1.01050901e+00
    8.36875796e-01 -1.18786097e-01 -6.23498321e-01 3.82746458e-02
    -1.67140424e-01 5.38029313e-01 1.81657267e+00 1.21352482e+00
    1.02377939e+00 4.24355865e-02 1.46603084e+00 1.28742528e+00
    1.74699736e+00 -6.81242466e-01 -5.50085366e-01 9.21751857e-01
    1.67030072e+00 1.60103917e+00 -4.86880720e-01 1.81354666e+00
    9.72930253e-01 1.76522851e-01 8.41342151e-01 6.35497391e-01
    8.03170800e-01 5.54280043e-01 7.12710202e-01 1.32522583e+00
    -5.23572624e-01 1.85251713e-01 1.76862574e+00 1.32379103e+00
    1.42652440e+00 -8.60269248e-01 -8.07212949e-01 1.69122863e+00
    1.82643247e+00 9.95988369e-01 -2.12946653e-01 -3.17396104e-01
    5.69622755e-01 1.76415443e-02 -6.74724579e-05 1.53647280e+00
    8.46092403e-01 5.26224673e-01 1.50944281e+00 -3.52248847e-01
    1.66874170e+00 -2.96029449e-01 -3.98050874e-01 1.82353520e+00
    4.29785490e-01 1.79413366e+00 1.78132951e-01 1.07629132e+00
    -2.92395949e-01 1.09292102e+00 1.34633887e+00 4.17063951e-01
    -6.24364376e-01 8.94464910e-01 1.49832797e+00 9.92605805e-01
    -7.54967988e-01 -7.41218150e-01 -6.06054664e-02 1.65766144e+00
    -1.45588934e-01 5.15381217e-01 -8.19930494e-01 -1.42347038e-01
    1.07536936e+00 8.24826181e-01 -5.44506252e-01 5.79900920e-01
    1.09627771e+00 9.89758372e-01 1.26764667e+00 6.19264603e-01
    -1.38566375e-01 -1.55284584e-01 1.83824801e+00 -7.96923995e-01
    5.51777422e-01 8.62056732e-01 1.13838911e-01 1.55921841e+00
    -3.87502581e-01 -4.66139853e-01 -1.96341872e-02 1.01495981e+00
    3.69325399e-01 3.68394315e-01 4.10514712e-01 8.29156220e-01
    1.02979004e-01 -5.58200538e-01 2.28669703e-01 5.20513356e-01
    -2.69433975e-01 3.62491131e-01 1.33269835e+00 -3.57207835e-01
    -5.67854643e-01 -1.58777237e-02 1.61422992e+00 -1.18941665e-01
    1.88432336e+00 2.95913398e-01 4.21389937e-01 -2.38212228e-01
    -6.63681865e-01 8.42031777e-01 7.74766743e-01 1.44206882e+00
    -7.84497380e-01 1.19589424e+00 -2.08914459e-01 -1.61819458e-02
    9.40200269e-01 1.23303676e+00 4.14694846e-01 1.64862096e-01
    4.94004667e-01 8.07457864e-01 9.49277461e-01 1.47888947e+00
    1.72393048e+00 -4.03665632e-01 6.48289919e-02 -3.48694682e-01
    6.08453393e-01 2.16221333e-01 -1.35382652e-01 5.01373172e-01
    9.00500059e-01 4.50760722e-02 -4.16360497e-01 1.47318530e+00
    1.14645827e+00 4.08986092e-01 1.32850134e+00 -3.72856021e-01
    -6.81133389e-01 -1.92762375e-01 1.38371754e+00 -4.47830468e-01
    9.57632303e-01 1.37241149e+00 1.45949042e+00 -2.54833519e-01
    5.13904333e-01 1.42333841e+00 -1.24163508e-01 -8.06728840e-01
    8.46408129e-01 1.42568338e+00 3.95091534e-01 1.05540156e-02
    2.77876496e-01 1.48214960e+00 9.72912908e-02 1.04913414e+00
    2.95103192e-01 5.91469407e-01 1.55364525e+00 1.17906713e+00
    -4.13011581e-01 4.06725109e-01 -5.78533590e-01 -4.44881618e-01
    1.53407049e+00 7.81687140e-01 -4.31661874e-01 1.73362017e+00
    -3.35670292e-01 1.39565706e+00 1.58857560e+00 -6.02189302e-02
    7.56633043e-01 1.58677816e+00 1.54746807e+00 6.98572874e-01
    5.28176546e-01 8.47584605e-01 1.33365500e+00 9.96237338e-01
    -7.32592702e-01 1.73404026e+00 8.64660203e-01 1.71569538e+00
    1.45703518e+00 2.11394966e-01 1.26683736e+00 8.35113525e-01
    1.00540113e+00 6.01642847e-01 -1.70430779e-01 7.33081281e-01
    1.18868256e+00 -1.74871624e-01 -1.39620483e-01 -5.40275335e-01
    -8.65185678e-01 9.34883356e-01 1.78234160e+00 1.73922527e+00
    2.58641779e-01 1.10022664e-01 9.61579740e-01 1.02129388e+00
    1.71532786e+00 1.98133171e-01 -4.64553475e-01 1.78508914e+00
    -7.42169857e-01 7.60499060e-01 1.17296004e+00 5.41545808e-01
    -1.87502205e-01 -1.97621286e-01 8.09134424e-01 -4.15055990e-01
    -3.51752579e-01 1.56961441e-01 5.03019154e-01 -7.51714587e-01
    1.48065531e+00 1.72181106e+00 -2.22220302e-01 4.79645550e-01
    1.02873456e+00 -7.31923640e-01 2.96316981e-01 -6.59934044e-01
    1.70646214e+00 5.87812781e-01 1.65850103e-01 1.30535269e+00
    7.41567075e-01 1.77309871e+00 -6.51834011e-01 -5.58683515e-01
    8.00704956e-01 -1.57519281e-01 1.40081072e+00 1.44446313e+00
    -5.49969554e-01 8.58542502e-01 1.07472539e-01 -6.94890618e-02
    1.77475333e-01 4.93121743e-01 1.05573714e+00 4.74585593e-01
    7.53844976e-01 8.35150242e-01 5.62904716e-01 -7.14987576e-01
    9.42978740e-01 -2.32860446e-01 -8.70383799e-01 1.47660327e+00
    2.33960390e-01 -3.67625356e-02 6.79200292e-01 6.74888849e-01
    -5.61529219e-01 -3.31251621e-02 1.25392544e+00 1.38621402e+00
    -4.36083734e-01 -3.91332865e-01 -7.37152159e-01 1.12449288e-01
    -6.93009853e-01 -4.36035335e-01 -2.89945781e-01 -7.41470575e-01
    -3.07916284e-01 1.32779860e+00 5.90674281e-02 -5.13449669e-01
    -1.41457319e-01 2.12705910e-01 -2.49500453e-01 -4.70352024e-01
    9.93125975e-01 3.33337903e-01 1.00303125e+00 3.20498288e-01
    1.41076910e+00 1.82548916e+00 6.03702843e-01 1.19565940e+00
    1.68159485e+00 5.39490581e-01 -4.22641993e-01 2.47639775e-01
    -4.61712539e-01 9.62480128e-01 -7.39487290e-01 -7.80027747e-01
    -3.52666289e-01 6.40778542e-01 -5.39383769e-01 4.31865573e-01
    1.93098187e+00 1.54414797e+00 -3.90503407e-02 1.22720480e+00
    -3.03331017e-02 -2.90649712e-01 4.03779924e-01 1.86374128e+00
    2.75115192e-01 1.78476834e+00 1.57936299e+00 5.53924561e-01
    1.26492870e+00 -5.93161464e-01 -1.28369689e-01 2.73605883e-01
    1.81341839e+00 -5.24076164e-01 1.77556896e+00 -1.52944922e-02
    8.60273659e-01 -6.97312117e-01 8.00727606e-02 1.67630172e+00
    7.57580698e-01 3.87665629e-02 8.09027255e-01 4.29213345e-01
    -5.21359146e-01 -1.36040211e-01 1.51906919e+00 1.75542855e+00
    1.07469785e+00 -6.43173873e-01 -3.64592969e-01 6.41403377e-01
    1.08690190e+00 1.79245055e-01 1.57063675e+00 1.32635450e+00
    6.04728043e-01 -1.12478614e-01 2.06362486e-01 2.63551474e-02
    1.36045504e+00 1.00927532e-01 7.94266105e-01 9.43393946e-01
    1.22813618e+00 6.95510209e-01 -1.93235099e-01 1.30019999e+00
    -2.02906728e-01 1.02094269e+00 1.32773125e+00 -4.97856855e-01
    5.04605472e-01 -3.12967241e-01 1.85865521e-01 1.61530519e+00
    1.89405262e-01 -7.60502100e-01 -6.57896340e-01 1.27219713e+00
    1.55595601e-01 1.58011508e+00 7.15970993e-01 1.09425902e-01
    -6.27991438e-01 -3.67622972e-02 1.68570924e+00 1.27375817e+00
    -3.17193389e-01 7.28341460e-01 1.80861402e+00 1.78016484e-01
    7.67840862e-01 1.04223156e+00 -4.54403341e-01 -2.65774727e-02
    -1.71009600e-01 1.25972700e+00 1.00012767e+00 1.37918091e+00
    2.40006506e-01 6.27058625e-01 -4.18545246e-01 -5.35139680e-01
    9.90364552e-02 1.14961815e+00 5.14034212e-01 7.07704663e-01
    1.29447389e+00 -8.76841366e-01 -5.44247866e-01 1.11216021e+00
    2.46583998e-01 1.06114030e+00 -3.18522513e-01 1.01776850e+00
    -6.82462454e-01 1.87180829e+00 1.09328628e-01 -3.93248767e-01
    5.45615137e-01 1.37341893e+00 8.16807747e-01 -2.46856034e-01
    -7.03806341e-01 1.64394355e+00 6.99770808e-01 -3.33077729e-01
    -7.22786784e-01 3.12797368e-01 1.93453777e+00 1.84248543e+00
    1.11398053e+00 -7.66983211e-01 -3.33469808e-01 -6.89463735e-01
    1.31094515e+00 -6.45763040e-01 -8.21810067e-01 -3.40657711e-01
    1.16318238e+00 9.23861504e-01 4.99837577e-01 7.86654294e-01
    -8.32798481e-02 4.71328497e-02 3.88004780e-01 -8.85528743e-01
    1.26127720e+00 3.35129499e-02 1.77116728e+00 -3.30397367e-01
    5.40545821e-01 1.18605745e+00 -5.84852934e-01 1.23183632e+00
    -1.89871371e-01 7.27792382e-01 1.56685519e+00 -7.68337190e-01
    -2.31824040e-01 1.18787670e+00 -5.94059944e-01 1.00295007e-01
    4.86418307e-01 1.24270284e+00 1.68656540e+00 -4.50294942e-01
    -6.28888249e-01 -3.65140736e-01 -7.64550567e-01 9.13362205e-01
    9.42139387e-01 1.74990046e+00 -4.03198719e-01 -7.10631907e-01
    9.06251252e-01 -1.54048324e-01 -6.62883699e-01 1.61321652e+00
    1.78305221e+00 9.62853551e-01 8.50239933e-01 -6.24183416e-02
    -7.97161102e-01 1.07077384e+00 4.79638577e-04 -1.20085478e-01
    2.55339921e-01 6.47701323e-01 1.20042443e-01 9.60455418e-01
    -7.60428667e-01 8.00067425e-01 1.78581095e+00 9.31059897e-01
    -8.18338871e-01 -4.16573614e-01 5.93207121e-01 4.30277169e-01
    8.85854125e-01 6.04271173e-01 -6.95319414e-01 1.38541317e+00
    -7.00388551e-02 -5.67573667e-01 -2.11939096e-01 -5.63711524e-02
    9.87545013e-01 -2.59964168e-01 1.86382174e+00 -3.54006052e-01
    1.35906625e+00 1.46450555e+00 1.07460535e+00 -2.67645836e-01
    4.06072319e-01 1.02452266e+00 9.16801810e-01 5.56380749e-02
    7.42186248e-01 -5.19423366e-01 9.28159535e-01 6.67565405e-01
    8.82682383e-01 5.83450377e-01 6.83098495e-01 1.58799648e+00
    -9.09776449e-01 -1.74511194e-01 -7.43435383e-01 4.02796507e-01
    1.29261076e+00 -1.53543293e-01 1.49386084e+00 1.71821308e+00
    6.28886998e-01 1.49742365e-01 -8.43385100e-01 1.66007113e+00
    -7.98750281e-01 1.70056343e+00 1.42619479e+00 -1.70172930e-01
    -8.10263574e-01 7.03373015e-01 -6.96751535e-01 1.37194872e+00
    6.92849934e-01 1.96996331e-02 2.19826281e-01 7.98491299e-01
    1.83467042e+00 1.50076079e+00 1.06134725e+00 -2.65527785e-01
    9.55367088e-01 -8.56095731e-01 -3.28914523e-02 1.72304296e+00
    8.34216475e-02 -3.03741038e-01 1.39589238e+00 1.36343539e+00
    -7.05672503e-01 -6.65123463e-02 1.15056896e+00 -5.21230638e-01
    1.44833601e+00 7.74270177e-01 6.39011204e-01 5.70219219e-01
    8.19783747e-01 -2.15261161e-01 5.25437713e-01 3.12649012e-02
    3.32872093e-01 -1.54372096e-01 4.87559736e-01 1.23627484e-01
    4.32832837e-02 1.62836337e+00 9.60769057e-02 1.09255099e+00
    1.04793596e+00 1.83165717e+00 6.47846282e-01 -4.84054536e-01
    1.73440921e+00 1.78078949e+00 9.66675520e-01 3.18551183e-01
    4.29162323e-01 1.65736485e+00 1.20740616e+00 -3.16126347e-01
    5.71200848e-01 -4.10741776e-01 4.47345197e-01 4.64459836e-01
    6.82526588e-01 -5.63051939e-01 1.49971783e+00 3.66549969e-01
    1.61327481e+00 -5.50289214e-01 5.27952790e-01 -6.04973555e-01
    1.12941027e+00 1.58544850e+00 -3.98739934e-01 -1.32575274e-01
    1.31190372e+00 1.45945561e+00 1.22745168e+00 1.61060524e+00
    9.31474566e-02 -3.28714609e-01 -5.39257646e-01 -9.24757719e-02
    1.53582740e+00 5.41704237e-01 1.65907907e+00 -1.06790066e-01
    3.52915704e-01 -3.81785035e-01 9.23843086e-01 3.56780112e-01
    -3.13023984e-01 1.47579432e+00 1.37877870e+00 -7.60268629e-01
    8.22146118e-01 1.86703563e+00 -4.18776065e-01 -8.14330518e-01
    1.26871526e+00 1.07557499e+00 2.13836551e-01 1.01052630e+00
    -1.66538358e-01 4.05740738e-03 3.60824466e-01 1.35799944e+00
    1.80504668e+00 1.42931271e+00 3.08820307e-01 1.39980388e+00
    -6.47793710e-01 -4.58247811e-01 -7.19085693e-01 1.12923133e+00
    -7.42599308e-01 7.14197159e-02 -7.79050589e-02 -7.23196208e-01
    8.63315225e-01 -6.02373838e-01 -4.96017098e-01 1.71926618e+00
    1.94864929e-01 1.74439144e+00 3.15999985e-03 -6.54279232e-01
    1.14096987e+00 4.54365194e-01 1.53375268e-02 -1.62596226e-01
    9.70980048e-01 -1.23195469e-01 9.17802930e-01 4.94639456e-01</data></my_img>
<your_img type_id="opencv-matrix">
  <rows>128</rows>
  <cols>256</cols>
  <dt>f</dt>
  <data>
    4.91860777e-01 5.21201253e-01 1.16561770e+00 1.00534165e+00
    1.02455199e+00 -1.00274079e-01 1.83153903e+00 2.14514360e-01
    -1.19561195e-01 1.11284339e+00 -3.88129562e-01 1.84516788e+00
    7.37008154e-01 1.79903790e-01 -6.95505366e-02 9.69105601e-01
    5.34544170e-01 1.63684440e+00 8.33710313e-01 1.38608789e+00
    1.83651388e+00 -1.43336147e-01 1.27262259e+00 1.60099542e+00
    1.19234812e+00 1.40977871e+00 1.12178481e+00 1.60183704e+00
    6.95795834e-01 1.20330191e+00 1.43505943e+00 9.93297875e-01
    2.04219055e+00 -2.44352296e-01 -1.17108203e-01 9.96724248e-01
    1.19054317e+00 1.56332731e+00 2.03178167e+00 1.80629933e+00
    1.64418066e+00 -1.96834117e-01 -2.93413736e-02 1.64432204e+00
    9.93765652e-01 -1.87709793e-01 7.32884780e-02 1.72744393e+00
    1.72295213e+00 1.61245275e+00 1.71005380e+00 4.51276511e-01
    4.05729502e-01 2.23034120e+00 7.27576256e-01 4.60680842e-01
    4.84253585e-01 8.00105691e-01 1.34112489e+00 1.12189507e+00
    1.06879711e+00 1.25418770e+00 2.26487970e+00 1.37681389e+00
    2.78468966e-01 2.01426625e+00 -3.09065312e-01 1.27686512e+00
    2.19907355e+00 -8.86118039e-02 1.75501633e+00 -2.81121582e-01
    8.12476218e-01 1.29683480e-01 -3.39098245e-01 1.24400234e+00
    1.79855740e+00 1.67489123e+00 2.03861070e+00 5.84031865e-02
    1.22044849e+00 3.62604745e-02 1.27686644e+00 -2.58686364e-01
    -4.27760243e-01 7.76127756e-01 9.17179406e-01 -1.99269950e-01
    3.88499796e-01 1.74145067e+00 1.62187350e+00 1.39203358e+00
    8.51730824e-01 5.33362746e-01 3.00120920e-01 8.16842392e-02
    -9.45613608e-02 -2.78588291e-03 1.21037865e+00 1.92171025e+00
    9.72981393e-01 1.98052239e+00 1.64055932e+00 1.78309214e+00
    1.39217961e+00 4.41612750e-01 3.57663423e-01 -3.42128903e-01
    -1.22198105e-01 -8.70697498e-02 2.03243566e+00 1.96401989e+00
    1.30165195e+00 3.47046971e-01 1.83704197e+00 2.98223823e-01
    2.01473904e+00 -3.08159083e-01 -1.71962723e-01 -1.03167139e-01
    1.12018776e+00 1.84822297e+00 5.48551023e-01 1.40410721e+00
    -3.24147046e-01 1.55363691e+00 1.81569016e+00 1.71517730e+00
    4.99941945e-01 3.81297678e-01 1.11127174e+00 1.21644986e+00
    1.40129101e+00 1.65606391e+00 -9.74128256e-04 7.91489840e-01
    3.40560406e-01 5.93785793e-02 1.42375278e+00 -4.30014163e-01
    4.82262522e-01 1.10456526e+00 1.99839354e+00 1.30593276e+00
    7.47957945e-01 1.96323311e+00 -3.09104770e-01 2.25460100e+00
    1.00553870e+00 -4.18548673e-01 -3.22089016e-01 -2.51822114e-01
    7.88673997e-01 1.52862787e+00 2.14332128e+00 -1.73073690e-02
    1.68073475e+00 1.74663925e+00 7.57127464e-01 -7.60694370e-02
    -1.13680206e-01 -3.00929964e-01 1.42351234e+00 8.26776624e-02
    5.85447490e-01 4.79178369e-01 7.78114721e-02 3.82338345e-01
    -1.61736220e-01 1.32748103e+00 2.02395272e+00 4.85791534e-01
    1.78488219e+00 5.74324727e-01 -4.89197150e-02 -3.52335609e-02
    1.28629065e+00 1.12117028e+00 6.53087974e-01 -1.54153973e-01
    1.55029607e+00 1.20876992e+00 1.52077818e+00 1.03321111e+00
    3.48863542e-01 -1.33634314e-01 7.29372203e-01 2.04074693e+00
    1.97109926e+00 1.58846366e+00 3.84571373e-01 1.70634353e+00
    1.71674669e+00 5.93227684e-01 6.62531137e-01 2.44519025e-01
    5.02963126e-01 1.26956165e+00 1.98616815e+00 2.38897383e-01
    2.22595409e-01 4.15080152e-02 1.80760562e+00 2.20385146e+00
    9.99090314e-01 2.02463627e+00 7.01064408e-01 9.43320692e-01
    1.25546980e+00 1.76352513e+00 8.20836365e-01 1.80402160e-01
    -2.72812754e-01 5.20347059e-01 3.39092374e-01 -2.06714436e-01
    1.53568947e+00 3.96299921e-02 4.11106378e-01 -2.65316814e-01
    1.03792644e+00 2.22270989e+00 -1.28561050e-01 2.05331802e+00
    1.61580932e+00 -4.08668548e-01 1.44536719e-01 6.25530303e-01
    2.19632530e+00 -9.12031233e-02 1.44424343e+00 -2.06911474e-01
    1.63337302e+00 1.69629800e+00 2.08292270e+00 1.59066844e+00
    2.11764526e+00 2.44753622e-02 8.86492133e-02 5.59471548e-01
    3.68573248e-01 8.13482881e-01 8.00939977e-01 3.63844097e-01
    9.24949527e-01 1.89074159e+00 5.17191052e-01 1.97132015e+00
    1.36776710e+00 -4.08673465e-01 5.08300841e-01 8.52712512e-01
    1.95329592e-01 -4.05546837e-02 1.14136529e+00 7.57667840e-01
    2.19628906e+00 2.15740299e+00 1.62735331e+00 1.13729680e+00
    1.73080420e+00 8.98569345e-01 1.50915340e-01 2.94350505e-01
    2.12336421e+00 4.19636846e-01 1.88556552e+00 6.14776969e-01
    1.43887174e+00 1.69519043e+00 8.30096185e-01 2.08771658e+00
    1.00247478e+00 6.36312842e-01 4.10321087e-01 1.90661371e+00
    8.11197460e-01 3.75790894e-02 3.78325641e-01 7.08827078e-01
    2.87648410e-01 1.07902849e+00 1.21762860e+00 8.41637701e-02
    -1.17588520e-01 2.76433140e-01 1.13987863e+00 1.40849197e+00
    1.88569045e+00 6.04797006e-01 9.32443261e-01 6.18599355e-01
    1.23112702e+00 1.74294734e+00 1.91485202e+00 1.36778629e+00
    1.35104966e+00 1.52145958e+00 2.02843904e+00 1.24716274e-01
    1.92429042e+00 2.12866402e+00 -1.56042323e-01 1.29507554e+00
    1.77191556e+00 1.94846463e+00 7.14082837e-01 1.99181116e+00
    1.63392246e+00 -1.90960348e-01 1.29664159e+00 -1.44743636e-01
    6.41534567e-01 -1.64639071e-01 2.13220048e+00 9.63593841e-01
    1.46759224e+00 2.69283563e-01 1.83863437e+00 6.03691697e-01
    1.22435760e+00 -1.49379939e-01 3.73396814e-01 1.70210052e+00
    6.94064677e-01 1.27827018e-01 1.73660171e+00 1.74681097e-01
    -1.10370912e-01 1.90207934e+00 1.23013437e+00 -9.64212194e-02
    -4.56549227e-01 1.98411751e+00 2.04043865e+00 1.11358881e+00
    -1.55590728e-01 2.82113045e-01 6.72618806e-01 1.36957240e+00
    1.71188581e+00 -4.39403176e-01 -4.31597471e-01 1.89001298e+00
    1.59924328e+00 2.01711178e+00 -4.85506505e-01 -4.59868222e-01
    1.80392385e+00 1.17832851e+00 1.24748635e+00 1.57558358e+00
    2.31968924e-01 2.46626869e-01 2.10322428e+00 -3.91350001e-01
    1.22222972e+00 1.13067782e+00 9.33891773e-01 2.06298709e-01
    -2.93605514e-02 6.28276467e-01 1.37951517e+00 6.76387012e-01
    1.87159991e+00 1.75335085e+00 2.11774969e+00 -2.16172516e-01
    4.41297203e-01 -3.48641485e-01 1.84325993e+00 3.64300191e-01
    2.16707993e+00 1.53260541e+00 1.45201564e+00 1.35396338e+00
    4.77183640e-01 2.01321125e+00 9.67024326e-01 2.15413761e+00
    1.79109704e+00 -3.33759785e-01 1.96332633e+00 1.73065400e+00
    1.23094296e+00 6.68717325e-01 -2.23878995e-01 3.17107514e-02
    4.11734246e-02 -3.04000646e-01 -4.03740518e-02 1.73828229e-01
    1.17093420e+00 2.09928918e+00 2.19173598e+00 2.24888057e-01
    1.56097090e+00 -4.35671747e-01 4.95385051e-01 -2.71033440e-02
    6.70714557e-01 4.18408215e-01 1.27095103e+00 1.37313056e+00
    -4.76337336e-02 4.67466146e-01 9.86793280e-01 -2.64836460e-01
    1.91352475e+00 1.47822106e+00 5.42020202e-01 2.13732481e+00
    2.87697822e-01 -2.37864450e-01 1.08692777e+00 1.26763904e+00
    3.67874682e-01 1.54211414e+00 1.66808116e+00 2.22476459e+00
    6.86442912e-01 -8.39729011e-02 -1.04459070e-01 4.62748796e-01
    -3.35910350e-01 5.26178360e-01 1.70014656e+00 -3.65919054e-01
    1.09733915e+00 1.81047559e+00 1.34697568e+00 1.63698745e+00
    1.65772355e+00 2.20378771e-01 1.03684974e+00 2.19369483e+00
    1.37269628e+00 2.14359477e-01 1.11017799e+00 1.88727111e-01
    -4.48208690e-01 1.80317426e+00 -3.78332078e-01 7.34248996e-01
    1.78869057e+00 3.28930199e-01 5.13857663e-01 8.47119093e-01
    9.79501978e-02 9.52901021e-02 1.84002593e-01 8.52750957e-01
    2.19500089e+00 2.01670718e+00 2.11463618e+00 1.12056065e+00
    1.37575376e+00 -4.47547257e-01 -2.45615110e-01 2.93239981e-01
    1.64402902e+00 2.48378977e-01 1.20004249e+00 1.59931326e+00
    -2.43280783e-01 1.00013459e+00 1.84702039e+00 8.47722769e-01
    1.18287218e+00 7.27229416e-01 1.16984665e-01 1.08585179e+00
    3.71471465e-01 3.62460792e-01 4.26485017e-02 8.55836928e-01
    1.09205365e+00 1.72138095e+00 2.12427711e+00 3.96921694e-01
    1.76236391e-01 3.84115875e-01 -2.86221266e-01 1.17140448e+00
    2.11262703e+00 1.78898144e+00 1.40588820e+00 1.75457621e+00
    -1.84191301e-01 1.59478891e+00 1.70758545e+00 -2.22063243e-01
    1.85109270e+00 2.28470802e-01 1.55321312e+00 1.97342253e+00
    1.77299082e-01 9.27066803e-01 1.55551755e+00 1.76026297e+00
    6.92729130e-02 2.16855145e+00 8.46688807e-01 -4.79035020e-01
    2.20202708e+00 1.44937348e+00 1.80606520e+00 2.27606940e+00
    7.30562270e-01 5.98140240e-01 1.01400010e-01 1.44431400e+00
    1.29163837e+00 2.41709757e+00 7.10075259e-01 5.59955426e-02
    1.07096148e+00 -1.02679685e-01 -7.20010847e-02 1.44264317e+00
    2.11218929e+00 1.83589590e+00 -1.32785559e-01 4.51550871e-01
    4.23558682e-01 1.00054324e+00 1.59445360e-01 -6.31289557e-02
    6.99738324e-01 1.04880548e+00 5.61725557e-01 1.48823845e+00
    2.10570097e+00 1.87511516e+00 -5.37432849e-01 -4.58226979e-01
    2.42453530e-01 1.29944146e+00 1.30620301e+00 1.72700062e-01
    1.46814704e+00 9.71094146e-02 1.34882617e+00 1.60507572e+00
    1.67795944e+00 1.58113384e+00 1.30118728e+00 -1.97246358e-01
    -2.01754838e-01 -1.85921818e-01 5.08344293e-01 1.69184661e+00
    3.74524087e-01 1.10158014e+00 -1.36795774e-01 6.24038637e-01
    1.55463088e+00 2.10478878e+00 -7.04175979e-02 -3.51631016e-01
    6.71204925e-01 1.83680367e+00 4.61097777e-01 1.47672129e+00
    -5.30658185e-01 1.08422875e+00 1.09247959e+00 9.07535076e-01
    5.29196918e-01 1.72446966e+00 9.71341074e-01 -3.24885637e-01
    8.40646148e-01 1.61671734e+00 8.22605848e-01 -3.52250278e-01
    9.45820093e-01 1.17739236e+00 1.45001733e+00 3.94983590e-01
    -3.68886292e-01 1.22573864e+00 -1.84955478e-01 4.96271461e-01
    1.78386986e-01 9.51622307e-01 -2.06614882e-01 1.19492126e+00
    -4.21360552e-01 2.06077480e+00 9.57510889e-01 9.12976027e-01
    7.60445118e-01 1.83689463e+00 3.57224733e-01 1.22919083e+00
    1.71769834e+00 3.66660714e-01 2.35751182e-01 1.62315929e+00
    -3.59541833e-01 2.59131134e-01 1.53963900e+00 1.52798665e+00
    -1.90107971e-01 1.09032261e+00 1.77937663e+00 8.97074461e-01
    7.17117190e-01 1.07742593e-01 1.61682200e+00 3.62792164e-01
    1.71628034e+00 1.98466575e+00 1.96853769e+00 1.12009382e+00
    4.32557091e-02 -1.77947268e-01 7.91148365e-01 9.37828302e-01
    9.39242005e-01 2.33218029e-01 1.73649609e+00 1.02268410e+00
    1.37033927e+00 4.63633835e-01 1.86075580e+00 2.05227137e+00
    1.50528836e+00 1.51956677e+00 1.37767577e+00 8.02922323e-02
    9.05411005e-01 1.02662563e+00 3.82447362e-01 2.07984042e+00
    7.04703331e-01 -1.80600196e-01 9.92874861e-01 5.22120416e-01
    7.56718099e-01 -3.19418013e-01 1.47159743e+00 -4.99385059e-01
    2.17252851e+00 -1.85670331e-01 1.42356455e+00 1.91722715e+00
    8.56929779e-01 1.94251466e+00 9.43471193e-01 7.25304842e-01
    -4.81892265e-02 6.88593090e-01 -3.68500859e-01 -4.36786562e-01
    1.25192833e+00 -4.91390288e-01 1.52487493e+00 2.06791615e+00
    5.82841158e-01 1.96449471e+00 8.52437675e-01 1.78336537e+00
    -1.24902159e-01 -2.48661831e-01 -1.49771452e-01 7.61466861e-01
    1.66803563e+00 2.40401864e-01 5.86525023e-01 -4.55464065e-01
    8.23109567e-01 1.17509651e+00 1.48997009e+00 1.73859215e+00
    1.66603255e+00 2.68722564e-01 5.39708614e-01 8.17024946e-01
    1.32239068e+00 1.66326535e+00 1.05347073e+00 2.01637030e+00
    -2.49772474e-01 -4.72196937e-01 4.36355561e-01 2.17008305e+00
    -1.91602096e-01 2.00667620e+00 1.51159513e+00 2.76099592e-01
    -1.74801350e-01 7.69091129e-01 3.99794489e-01 1.95210063e+00
    1.62873113e+00 -4.20021534e-01 -4.21374202e-01 -3.53267461e-01
    8.05594146e-01 5.55147469e-01 1.92662621e+00 1.88641465e+00
    7.79784262e-01 -2.48890882e-03 6.72010779e-01 1.30706131e-01
    -3.94840777e-01 1.89339423e+00 1.79463387e+00 1.96823728e+00
    2.51013450e-02 4.88786310e-01 -2.27868915e-01 8.96618962e-01
    -5.75978234e-02 -1.10825896e-01 1.34501636e+00 5.07469177e-02
    2.15964317e+00 8.09440076e-01 2.63310850e-01 9.34480071e-01
    3.28544527e-02 2.15691972e+00 1.71974790e+00 2.04998064e+00
    -3.11515182e-01 1.98598039e+00 1.38433671e+00 8.09593797e-02
    7.86125302e-01 4.90977988e-03 1.17227066e+00 1.25884724e+00
    -4.17216271e-01 3.81064206e-01 1.50813997e+00 -4.08794463e-01
    1.13329828e+00 -3.40726346e-01 9.92216468e-01 4.19281751e-01
    1.32791436e+00 -2.00109169e-01 1.56271648e+00 5.67909956e-01
    6.06615007e-01 -4.93256956e-01 2.31773570e-01 2.14271998e+00
    1.42955446e+00 6.09076083e-01 -4.02162045e-01 1.20522487e+00
    1.95128846e+00 -7.66984522e-02 9.46723461e-01 -4.53396589e-01
    -4.50923368e-02 4.87478346e-01 7.79947415e-02 1.64134324e+00
    1.43282950e-01 7.50323772e-01 1.27485013e+00 1.38788152e+00
    1.15928996e+00 1.74033201e+00 1.03619242e+00 1.37874794e+00
    1.85499027e-01 -4.22881305e-01 1.34883583e+00 3.15151036e-01
    1.72745192e+00 4.30861652e-01 7.16920137e-01 1.75853074e+00
    2.05746007e+00 5.09017766e-01 -1.91993892e-01 -2.44189173e-01
    1.82731223e+00 3.33042294e-01 1.81467485e+00 2.62684263e-02
    4.56253737e-01 1.92383695e+00 2.10635114e+00 1.72610855e+00
    2.00601602e+00 1.47360158e+00 1.92191154e-01 1.02653873e+00
    8.11450541e-01 9.01744545e-01 -4.68749553e-02 3.50402147e-01
    7.54417896e-01 -1.28276721e-01 -1.05819978e-01 -5.57371616e-01
    7.77509689e-01 7.46974647e-02 8.25642467e-01 9.06193554e-02
    1.39996862e+00 1.54820490e+00 1.05356062e-02 6.37571812e-01
    1.07658589e+00 1.76270291e-01 1.36504039e-01 1.36456358e+00
    6.16903365e-01 -3.64751965e-02 4.82727826e-01 -3.11478198e-01
    1.77128875e+00 3.73164207e-01 5.24616195e-03 2.22548977e-01
    1.54481459e+00 -5.16045690e-01 1.34694052e+00 1.10748458e+00
    1.01523697e+00 5.24298549e-01 1.18956017e+00 -2.36930177e-01
    8.09770107e-01 1.20751178e+00 1.66415048e+00 -1.48962855e-01
    1.40102670e-01 -2.66622305e-02 1.06008232e+00 -2.14065239e-02
    6.55954063e-01 1.22578859e+00 1.36303949e+00 5.74867427e-01
    1.90702990e-01 1.25031555e+00 -4.92219478e-01 -5.55390656e-01
    1.77443862e+00 1.87756395e+00 1.39786708e+00 -2.10465550e-01
    6.53820157e-01 5.63136399e-01 7.44037151e-01 1.44567192e+00
    8.37753177e-01 -4.87337381e-01 3.25513445e-02 1.57035246e-01
    8.39466214e-01 -5.45000851e-01 1.14499247e+00 1.34231663e+00
    8.94776523e-01 2.06067133e+00 6.30077422e-01 -3.31948191e-01
    1.65202349e-01 1.95823586e+00 5.81463456e-01 -2.91667543e-02
    4.19470631e-02 2.00909352e+00 8.08773860e-02 -7.18875229e-02
    3.85733396e-01 1.04755056e+00 -5.08137226e-01 1.56130326e+00
    5.15954733e-01 1.91126299e+00 1.37577772e+00 1.91229630e+00
    1.68399203e+00 7.05389738e-01 1.38162851e+00 2.93466568e-01
    1.39272738e+00 -2.03182042e-01 -5.69121361e-01 1.80344820e+00
    1.29271960e+00 1.35709321e+00 4.72922385e-01 4.45991866e-02
    1.00778723e+00 6.90133154e-01 2.07941461e+00 -2.32351631e-01
    1.99319534e-02 6.61841273e-01 -2.12110922e-01 -1.32536739e-01
    1.39064324e+00 1.93818259e+00 5.77474415e-01 4.49690878e-01
    4.74185705e-01 8.41382861e-01 -5.65489173e-01 7.14206994e-01
    7.58839905e-01 1.79405701e+00 1.98051572e+00 1.42979515e+00
    -4.83287424e-02 2.11124277e+00 -3.77624780e-01 8.46621454e-01
    7.36014545e-01 1.47031522e+00 1.71648175e-01 1.92723656e+00
    8.51067305e-01 4.84143570e-02 2.16082597e+00 -1.29153684e-01
    8.48864555e-01 1.79814208e+00 -5.11771083e-01 8.48976746e-02
    1.17189944e+00 -2.17011973e-01 3.05098921e-01 1.42945099e+00
    9.22643960e-01 1.14619657e-01 1.00800860e+00 8.44061077e-01
    5.70992708e-01 1.23904598e+00 -3.65795791e-01 2.10797817e-01
    1.61705017e+00 5.35770297e-01 -1.13266222e-01 -1.66411489e-01
    -1.57618254e-01 6.43704414e-01 1.34375310e+00 4.89855707e-01
    -2.34143630e-01 9.06554103e-01 -2.08079696e-01 1.89897490e+00
    5.40688932e-01 7.00007617e-01 -4.79434520e-01 4.51246291e-01
    1.24827802e+00 5.17949462e-01 1.34522557e+00 -5.55445969e-01
    1.80632949e+00 5.68951726e-01 -5.00367999e-01 1.14081800e+00
    2.85349011e-01 -4.13472414e-01 6.17985904e-01 2.02501249e+00
    1.77461922e+00 -1.77047953e-01 6.21547639e-01 1.43780327e+00
    9.48795676e-01 2.11040378e+00 1.80062437e+00 5.77051282e-01
    2.02649444e-01 4.13122296e-01 1.36141753e+00 7.16929138e-01
    1.20090055e+00 4.27207261e-01 -2.70677321e-02 8.08065414e-01
    8.94178092e-01 1.19863355e+00 6.04233921e-01 2.78871536e-01
    2.04532981e+00 1.94566345e+00 3.64093363e-01 2.03092432e+00
    6.80667222e-01 1.00553358e+00 -5.11205673e-01 1.81146395e+00
    1.56567395e+00 -1.88983023e-01 1.07415426e+00 2.03583455e+00
    -4.94133234e-01 9.12009060e-01 -2.37716362e-01 -8.99224728e-03
    6.11243099e-02 -1.22258537e-01 7.64545381e-01 -1.94935307e-01
    5.70931435e-01 -1.20680846e-01 1.58893108e-01 3.83983016e-01
    1.26935339e+00 1.99557555e+00 1.42855811e+00 1.10711253e+00
    8.90299737e-01 1.89725554e+00 1.29799223e+00 1.63756096e+00
    8.61486912e-01 2.17213869e+00 7.30230212e-01 2.17195892e+00
    4.56245802e-02 3.62231374e-01 -1.22167982e-01 -4.04297382e-01
    3.97134185e-01 -5.75511217e-01 2.20418736e-01 1.91043985e+00
    -5.28510571e-01 2.63155580e-01 1.80238461e+00 1.25295985e+00
    8.06688905e-01 -3.30356777e-01 1.51553977e+00 1.18367064e+00
    1.81004655e+00 -2.36917198e-01 6.66752577e-01 1.58252227e+00
    4.91038680e-01 9.09109235e-01 9.59710181e-01 -4.05948311e-02
    6.64085269e-01 1.48505044e+00 1.13820589e+00 3.42303723e-01
    -5.01637340e-01 -5.96706510e-01 8.81894082e-02 4.75371093e-01
    1.61767885e-01 -2.62926430e-01 1.97543716e+00 2.27926910e-01
    1.13358057e+00 6.59121931e-01 1.26763630e+00 -9.21902955e-02
    -3.85479242e-01 3.76188904e-01 -4.87880141e-01 1.31877744e+00
    3.70812625e-01 4.18386132e-01 6.30875111e-01 1.73648036e+00
    -2.06076160e-01 5.20907998e-01 -1.14770845e-01 1.34823298e+00
    4.28459495e-02 1.06456470e+00 2.03398609e+00 -4.20013011e-01
    9.46516693e-01 1.29027665e+00 -6.03595138e-01 8.49745691e-01
    1.80715573e+00 1.86379540e+00 1.78590882e+00 1.29958236e+00
    -6.64257864e-03 7.14782953e-01 -6.18800521e-01 -5.03560603e-01
    3.33770424e-01 7.19848573e-01 1.65764010e+00 -3.03553119e-02
    1.75718963e+00 1.72472343e-01 1.97340664e-03 3.00091654e-01
    5.93408346e-01 1.67310226e+00 1.49597239e+00 1.42541349e+00
    1.68731761e+00 -4.02051676e-03 -4.50298935e-01 1.46829164e+00
    1.13044155e+00 1.61386979e+00 1.18881679e+00 9.66856599e-01
    1.13698387e+00 -1.41323984e-01 -4.80096012e-01 1.18773735e+00
    1.58298540e+00 1.35406435e+00 1.42625764e-01 1.88159421e-01
    1.78038299e+00 1.06073081e+00 8.24084461e-01 -6.22453034e-01
    -2.98629701e-01 7.96266079e-01 -2.31892735e-01 -3.84717941e-01
    2.65406817e-01 1.68040609e+00 1.27168089e-01 1.29116070e+00
    1.75169873e+00 6.31055772e-01 7.12884486e-01 4.88198847e-01
    1.16410279e+00 -6.41566813e-01 9.89324868e-01 1.46281111e+00
    -2.22953901e-01 1.84790242e+00 -4.86927181e-01 -5.96541047e-01
    5.74855447e-01 1.63919842e+00 4.41226751e-01 3.95127237e-01
    2.24701107e-01 4.49414879e-01 9.73400712e-01 1.70412052e+00
    -2.30578601e-01 1.88029444e+00 1.87216020e+00 7.03785837e-01
    -2.51702577e-01 -3.45782280e-01 -3.96653116e-01 1.13626230e+00
    5.80195263e-02 -4.61690217e-01 1.73388422e+00 4.48383689e-01
    2.02005839e+00 4.95998859e-01 1.71188951e+00 1.39774251e+00
    9.50421453e-01 1.29549193e+00 1.72334349e+00 1.89961977e-02
    3.17310333e-01 1.02111888e+00 4.23897475e-01 -2.95901895e-01
    1.35375166e+00 -2.68883944e-01 1.63387597e+00 1.98234928e+00
    1.71063995e+00 -5.08545697e-01 1.58169019e+00 7.89118350e-01
    5.93113184e-01 1.01264584e+00 1.79280126e+00 9.97148231e-02
    1.31181729e+00 7.04252779e-01 -5.67005336e-01 2.08363390e+00
    -1.02037415e-01 1.05692840e+00 1.58938062e+00 2.01995939e-01
    3.28062087e-01 -3.02565664e-01 1.85276404e-01 1.32603085e+00
    1.04959130e+00 -4.45508450e-01 7.84009933e-01 1.49016309e+00
    -5.79034567e-01 1.53118980e+00 8.68357658e-01 1.75946784e+00
    1.36088610e+00 1.64786816e+00 1.87276527e-01 -5.89230895e-01
    -3.59626144e-01 1.97306550e+00 2.00577116e+00 3.52017015e-01
    9.91411030e-01 1.03600514e+00 1.72615957e+00 8.11961740e-02
    5.96701689e-02 1.27335465e+00 -6.60625041e-01 1.00813258e+00
    -3.81474376e-01 1.55036020e+00 1.12772048e+00 2.03445745e+00
    1.86698139e+00 1.30317056e+00 2.17149347e-01 -3.47334146e-01
    3.90636355e-01 -1.15663350e-01 1.43867350e+00 1.34432697e+00
    1.49247479e+00 8.34140003e-01 1.29084438e-01 6.88466489e-01
    1.59329200e+00 4.20129150e-01 8.46141130e-02 1.80026734e+00
    8.67050409e-01 1.27630138e+00 1.53798759e-02 1.23669541e+00
    1.65895200e+00 1.11826527e+00 3.73049229e-02 6.79363191e-01
    -6.50101975e-02 1.80206323e+00 9.80370164e-01 1.12365150e+00
    -1.52799105e-02 2.89462477e-01 2.78253496e-01 -5.77149034e-01
    -2.47494299e-02 1.94039440e+00 2.73876011e-01 -2.44201571e-01
    8.42244804e-01 9.88200307e-01 4.97850418e-01 4.94272828e-01
    1.02023542e+00 2.00205517e+00 1.96824145e+00 1.22972524e+00
    1.94388378e+00 1.88661456e+00 5.50301313e-01 9.45951760e-01
    2.13808030e-01 2.25411439e+00 1.17086220e+00 6.68160990e-02
    3.94126803e-01 7.88991153e-01 1.02493405e+00 -3.86885077e-01
    8.47221851e-01 9.16226387e-01 -5.46357334e-01 3.02820086e-01
    -2.32711737e-03 9.37543333e-01 -2.97923595e-01 1.37182176e+00
    1.88323522e+00 8.31673324e-01 -2.43894786e-01 9.82242584e-01
    -7.09634483e-01 2.14673772e-01 9.24212754e-01 2.20131829e-01
    1.62615263e+00 1.86612630e+00 1.23019195e+00 1.06859887e+00
    1.23114550e+00 1.98483384e+00 5.78648031e-01 7.53480434e-01
    1.86257041e+00 8.38589072e-01 1.73386002e+00 1.08971417e+00
    1.54740644e+00 1.58552623e+00 -5.43986678e-01 5.42220771e-01
    -1.71604976e-02 1.86801985e-01 2.54139721e-01 2.42784053e-01
    1.33802879e+00 -5.62273741e-01 4.65110242e-01 -6.50935397e-02
    1.42512023e+00 1.95244777e+00 -2.58604407e-01 5.92105865e-01
    1.39615327e-01 1.48905563e+00 4.23343658e-01 2.15210512e-01
    1.26648533e+00 1.97804189e+00 1.82019758e+00 -5.56384861e-01
    1.45804667e+00 1.01919734e+00 -2.03302190e-01 6.40488863e-01
    9.32219625e-02 1.53082001e+00 -5.83758950e-01 3.65854055e-01
    1.45581055e+00 3.26957077e-01 -4.55826581e-01 -2.79541582e-01
    -2.81097561e-01 2.02756166e+00 1.27399981e+00 -3.94634366e-01
    1.81156242e+00 4.56785321e-01 -1.42352924e-01 1.80097663e+00
    1.61908841e+00 6.97006881e-01 4.38642472e-01 6.24239683e-01
    8.85060668e-01 1.86662602e+00 -4.30700839e-01 1.25012147e+00
    -3.49483281e-01 2.87949532e-01 1.85064995e+00 -6.47064507e-01
    1.75065958e+00 1.83020338e-01 9.34865534e-01 3.52942884e-01
    1.14776421e+00 1.09668958e+00 9.53359663e-01 1.22074044e+00
    -5.29605329e-01 1.55282223e+00 1.28437206e-01 1.34049737e+00
    2.29957074e-01 1.15641534e+00 2.02983245e-01 1.67214751e+00
    1.98232985e+00 1.22627449e+00 2.46805876e-01 1.91698027e+00
    1.62898350e+00 2.07981288e-01 1.76184452e+00 1.91482306e+00
    -1.80911124e-01 -1.48754478e-01 8.38256896e-01 1.47761786e+00
    1.79732479e-02 1.95067942e-01 9.47760046e-01 8.40035081e-01
    1.16753876e+00 1.04384983e+00 1.99326658e+00 1.62772548e+00
    2.00124955e+00 9.54475939e-01 6.70602620e-01 3.47010717e-02
    3.34563762e-01 -3.96368429e-02 2.57695299e-02 9.37917709e-01
    2.05287218e+00 -2.18269359e-02 1.61984992e+00 2.03640699e+00
    7.79630005e-01 1.96158254e+00 1.65075648e+00 -9.34177935e-02
    4.27512765e-01 3.62374127e-01 -4.77527499e-01 -7.19595701e-02
    1.08843219e+00 7.63238847e-01 2.00855702e-01 9.10267889e-01
    1.64641544e-01 1.62009597e+00 -2.80840635e-01 -6.15601897e-01
    4.16002601e-01 -1.10705815e-01 1.53097451e+00 1.08689868e+00
    -6.00894429e-02 5.17390847e-01 6.88782990e-01 -6.64643884e-01
    -1.87120453e-01 3.84392105e-02 1.64756310e+00 1.05316746e+00
    1.20861018e+00 1.16291904e+00 5.33804774e-01 -3.21662873e-01
    8.81297514e-02 1.60896540e+00 1.95995665e+00 1.02264807e-01
    1.02493310e+00 8.76562536e-01 -6.00841165e-01 -5.59151590e-01
    1.42661071e+00 2.55238324e-01 -4.95786726e-01 1.13997769e+00
    -1.55921668e-01 -4.19729531e-01 4.01716769e-01 -6.01299293e-02
    5.73368192e-01 9.81601775e-01 6.43773854e-01 1.61326122e+00
    1.25743341e+00 6.56393528e-01 -5.57387710e-01 -1.24429382e-01
    6.82566643e-01 1.33301711e+00 -9.93873775e-02 1.98461139e+00
    1.99351466e+00 1.37042177e+00 8.44200909e-01 4.70621496e-01
    3.63321304e-01 7.96271026e-01 1.47305238e+00 -2.19412185e-02
    1.30514145e+00 3.52739282e-02 4.50067908e-01 3.03344399e-01
    1.01192915e+00 1.72679698e+00 1.59605181e+00 -7.07448483e-01
    6.74080908e-01 9.87198412e-01 9.21097994e-01 1.60074389e+00
    1.60449040e+00 1.69138849e+00 -7.92476609e-02 6.14675403e-01
    -4.56766129e-01 1.07621133e+00 -4.54225779e-01 1.55540967e+00
    2.70710081e-01 -2.41551191e-01 -4.71985012e-01 1.29909885e+00
    1.68230355e+00 2.08855703e-01 1.90203381e+00 8.57670605e-01
    6.26190603e-01 1.37357914e+00 1.19391847e+00 6.34602979e-02
    -5.63237548e-01 1.42044663e+00 -8.57366547e-02 9.62168694e-01
    1.90349483e+00 6.80563986e-01 1.13494980e+00 3.54175776e-01
    3.00712824e-01 1.62657440e+00 3.51068050e-01 9.44826841e-01
    1.90112126e+00 2.78542694e-02 1.81574059e+00 1.92607045e+00
    1.65951908e+00 2.19259873e-01 7.73473620e-01 5.73663712e-01
    -6.43736264e-03 -2.51476318e-01 -3.29045981e-01 -3.50349218e-01
    2.22690448e-01 2.69150198e-01 9.25478816e-01 1.71797708e-01
    1.32837069e+00 6.31113827e-01 1.34692574e+00 1.05789697e+00
    4.22634006e-01 -2.24577680e-01 1.26984966e+00 -9.86667275e-02
    2.73203641e-01 -2.15113908e-01 -6.62958086e-01 2.52785087e-01
    8.81209373e-01 4.92155731e-01 -2.29294375e-01 2.53825426e-01
    -2.18389034e-01 1.28324151e+00 6.04108155e-01 1.64757299e+00
    2.47952595e-01 -3.24606776e-01 1.51244056e+00 -2.07738146e-01
    6.24186695e-01 4.21651602e-02 1.24759352e+00 1.05903137e+00
    -1.15456194e-01 -7.32912362e-01 5.25204837e-01 -5.22412181e-01
    -7.18742609e-01 1.00911371e-01 1.45625031e+00 1.02720165e+00
    1.85916746e+00 1.10458028e+00 -1.52321458e-01 7.05677152e-01
    1.09369898e+00 9.21998084e-01 8.34572852e-01 5.16895056e-02
    2.60035574e-01 -6.89164281e-01 1.61634302e+00 8.81520927e-01
    1.27108169e+00 9.68497515e-01 5.63817978e-01 1.52538753e+00
    9.34642553e-01 1.78424323e+00 4.40605491e-01 8.35996568e-01
    2.07020226e-03 -7.92917237e-02 1.95608592e+00 1.01587139e-02
    -5.62905729e-01 1.24647474e+00 -2.23273203e-01 1.32116452e-01
    1.44189847e+00 1.63634014e+00 9.67475697e-02 4.58057374e-01
    -5.06709158e-01 7.37098977e-02 -1.05716459e-01 8.12381059e-02
    1.22795558e+00 1.55812192e+00 3.10325742e-01 1.05848581e-01
    2.16724023e-01 3.10535729e-01 7.09921718e-01 -3.94699752e-01
    -1.88136071e-01 7.64194012e-01 3.71859282e-01 6.51724577e-01
    6.87165141e-01 7.43539274e-01 7.31557131e-01 1.20709300e+00
    -7.45072424e-01 -3.74731757e-02 -2.72713572e-01 1.33434403e+00
    8.56479526e-01 1.86233580e+00 5.06719537e-02 1.93346834e+00
    1.57167494e+00 3.80202621e-01 8.05984974e-01 9.33580160e-01
    -5.71343340e-02 1.72111201e+00 1.00761247e+00 5.67884207e-01
    1.37776661e+00 1.32708645e+00 1.18915427e+00 1.05219674e+00
    2.46477097e-01 1.02800977e+00 1.62949014e+00 7.27198958e-01
    -4.85367000e-01 4.26195860e-01 1.80606818e+00 2.59985715e-01
    1.79742360e+00 1.02946711e+00 5.26072502e-01 1.84552169e+00
    1.06972730e+00 -6.65132821e-01 3.80871892e-01 -2.96417832e-01
    2.02789998e+00 7.39895046e-01 8.57734084e-01 -2.36466169e-01
    1.58117115e+00 1.61635053e+00 -4.61103469e-01 1.89790249e+00
    1.53645325e+00 7.05630124e-01 -4.48342383e-01 7.75390387e-01
    -4.63491410e-01 1.08426678e+00 -6.87954426e-01 -4.60712500e-02
    1.11330736e+00 9.60248634e-02 -5.39120674e-01 -1.29739717e-01
    -7.23335266e-01 -6.84760332e-01 -6.33507431e-01 1.23417914e+00
    1.45200655e-01 -3.14616531e-01 -6.44573331e-01 1.25183165e+00
    4.18725044e-01 8.21631968e-01 5.29200673e-01 1.04618907e+00
    1.09282203e-01 9.36963618e-01 -6.34515345e-01 1.45874631e+00
    4.35010374e-01 -2.80543774e-01 1.53332043e+00 4.96110141e-01
    1.31290507e+00 1.98782399e-01 -7.42078543e-01 -6.15238845e-01
    1.83692837e+00 1.62180579e+00 5.39859235e-01 1.05773783e+00
    1.28737843e+00 -7.21107244e-01 1.41916931e+00 -1.96156502e-01
    5.97716868e-01 1.45040655e+00 8.09862912e-01 1.27308822e+00
    7.29959786e-01 1.29984832e+00 -1.39243037e-01 -1.17885262e-01
    -4.90800261e-01 4.60078955e-01 -3.97041291e-01 -6.51307642e-01
    2.39804000e-01 -6.28670812e-01 7.57946432e-01 7.49776304e-01
    7.85045266e-01 1.96760565e-01 6.21664941e-01 7.45614767e-01
    2.50349473e-02 -3.68041068e-01 1.32454646e+00 1.26923609e+00
    1.22822487e+00 1.94185352e+00 6.00813150e-01 1.31297886e+00
    8.01551938e-01 1.51273394e+00 6.16303720e-02 -5.92206895e-01
    2.85703212e-01 -7.23774076e-01 6.64800465e-01 -2.58002132e-01
    -6.39901161e-01 1.06950986e+00 -7.13173628e-01 1.77861011e+00
    8.66832435e-01 -2.31075153e-01 1.87962875e-01 1.46358085e+00
    1.38461411e+00 5.85342109e-01 8.65952492e-01 -4.86345053e-01
    1.60804439e+00 -2.70861715e-01 8.59933317e-01 5.27754426e-01
    8.09786499e-01 2.07086593e-01 -7.19883859e-01 5.64639807e-01
    -9.46667045e-02 1.48541701e+00 1.45547032e+00 1.11886430e+00
    -5.97652733e-01 9.13601577e-01 1.88316774e+00 1.52219260e+00
    9.50459003e-01 1.23963189e+00 2.05706859e+00 1.00730491e+00
    1.11172521e+00 8.52690637e-02 8.41350317e-01 1.46713603e+00
    -3.13307755e-02 -4.30353254e-01 -3.23218554e-01 1.49730158e+00
    -7.55842268e-01 1.33868963e-01 3.27515662e-01 5.05697966e-01
    8.34010899e-01 1.34908736e+00 -1.65712655e-01 -1.62320882e-01
    -4.78591532e-01 7.48355150e-01 1.19692674e-02 1.12872171e+00
    1.19799133e-02 1.30909777e+00 -6.01093113e-01 1.57583904e+00
    -6.06199384e-01 1.15465689e+00 -5.40689155e-02 1.79381502e+00
    6.20863736e-01 1.06951213e+00 -1.24515437e-01 9.76903439e-01
    8.84509265e-01 4.79484588e-01 -6.95829093e-02 1.05972040e+00
    1.31681395e+00 -6.63110316e-02 -1.67708501e-01 1.13974452e+00
    -7.90275037e-01 1.31010354e+00 -3.91398668e-01 -4.35193837e-01
    9.20259133e-02 -3.55298460e-01 5.33556640e-01 -5.91702640e-01
    1.74443078e+00 -8.98798108e-02 -5.93531430e-01 1.38432527e+00
    -4.49484028e-02 1.61362016e+00 4.35041398e-01 4.27120090e-01
    -5.68043172e-01 3.68629843e-01 9.35098529e-01 5.71328402e-01
    -4.35148299e-01 7.89885521e-01 1.76557556e-01 1.43671834e+00
    6.89643979e-01 6.96150064e-01 -3.24624956e-01 1.51902878e+00
    2.91177422e-01 -4.81281132e-01 8.88932288e-01 1.45593166e+00
    1.38402736e+00 -6.22343957e-01 -6.88176155e-01 1.05038524e+00
    1.88017413e-01 1.81529653e+00 8.41909528e-01 1.65143359e+00
    -1.53471097e-01 1.30706358e+00 1.19317007e+00 1.61501110e+00
    1.60544848e+00 9.07281458e-01 2.21829966e-01 3.83845955e-01
    3.44336629e-01 3.98114413e-01 -6.92137897e-01 -2.22597659e-01
    1.73583019e+00 6.83820844e-02 1.57646644e+00 1.75008655e+00
    1.93219614e+00 -6.28113389e-01 1.54150093e+00 2.66583979e-01
    2.20882207e-01 4.34478551e-01 3.94651771e-01 2.22716644e-01
    1.54546702e+00 -1.07096292e-01 1.85783339e+00 1.00913024e+00
    -6.61200345e-01 8.97898376e-01 1.77241468e+00 -5.40210545e-01
    8.02403450e-01 1.33832288e+00 7.33311594e-01 1.75031745e+00
    1.79196417e+00 9.60836411e-01 9.87303317e-01 -9.37261954e-02
    1.57892108e+00 1.27203548e+00 -6.07637048e-01 1.37829280e+00
    6.41687930e-01 7.48115897e-01 3.08587432e-01 -4.59171087e-01
    2.65600920e-01 5.09659290e-01 4.62929904e-01 1.12405014e+00
    5.76423287e-01 1.41373980e+00 -4.11546260e-01 1.20971346e+00
    1.82941496e+00 3.74406338e-01 -4.30497527e-01 1.32860884e-01
    -1.35953864e-02 3.70428979e-01 1.27146697e+00 -3.28524351e-01
    -7.36932978e-02 5.20825461e-02 1.06073058e+00 1.43917787e+00
    7.54907966e-01 6.69162333e-01 -5.22482634e-01 1.19657707e+00
    1.09635532e+00 1.31744385e-01 -6.99314058e-01 1.38128769e+00
    -3.83830607e-01 7.04764247e-01 1.60366249e+00 1.13779116e+00
    -7.88641572e-02 9.89061773e-01 -6.09821141e-01 5.38926840e-01
    -5.59828818e-01 5.91181740e-02 6.99050575e-02 7.69019499e-03
    1.53622851e-01 1.57475066e+00 2.41017565e-01 1.37919560e-01
    8.64816427e-01 1.17194951e+00 9.27758515e-01 1.91343462e+00
    7.21740127e-01 5.91131151e-01 1.35795748e+00 1.65525854e+00
    4.10055429e-01 1.73504329e+00 -4.00134057e-01 8.80375683e-01
    8.55593204e-01 1.82797909e+00 2.80878305e-01 9.78859425e-01
    -7.31137693e-01 1.73146629e+00 4.69183594e-01 1.63972366e+00
    1.29143804e-01 -6.84784830e-01 -6.65217459e-01 5.07841766e-01
    1.86052740e+00 9.07921433e-01 1.18079555e+00 2.70114630e-01
    -8.17433074e-02 1.79656041e+00 -1.00154551e-02 -6.66059792e-01
    8.94749641e-01 -6.73437893e-01 6.84999585e-01 1.63519847e+00
    1.92719018e+00 1.57387197e+00 3.77324104e-01 -4.79869604e-01
    -6.48114979e-01 4.47251856e-01 1.05844021e+00 1.03590274e+00
    1.46335435e+00 1.68202400e+00 1.30451250e+00 9.75140214e-01
    9.77919102e-01 -7.21332252e-01 1.48291481e+00 1.61347473e+00
    -3.86781812e-01 3.75381052e-01 7.87932515e-01 -3.50841403e-01
    6.92337036e-01 1.87023664e+00 1.43983591e+00 7.38773942e-01
    1.33406866e+00 -6.25613093e-01 -3.12035143e-01 -5.65588415e-01
    -1.39827445e-01 9.18778896e-01 1.64220011e+00 2.24246591e-01
    1.45092115e-01 3.82725187e-02 6.81392312e-01 -7.40192115e-01
    7.04977751e-01 -1.77595466e-01 -3.38402092e-01 1.15987241e+00
    1.44404185e+00 1.66431248e+00 1.82033908e+00 1.13551891e+00
    9.12407696e-01 1.95257473e+00 2.18818092e+00 1.43372989e+00
    1.00597098e-01 8.84924009e-02 1.25942993e+00 1.77511048e+00
    8.89837444e-01 1.90043235e+00 -1.08868696e-01 -1.28449023e-01
    1.47206926e+00 5.46964705e-01 -7.73617744e-01 8.79536688e-01
    1.09629619e+00 -7.86561489e-01 1.65660667e+00 -1.37789190e-01
    -1.86189897e-02 -4.21876073e-01 -5.16110286e-02 1.42263365e+00
    -5.78766704e-01 5.60957491e-01 8.38724196e-01 4.85505909e-01
    3.24357033e-01 -3.47505510e-01 6.66209519e-01 1.61097622e+00
    7.80196548e-01 1.78486615e-01 -5.19157350e-01 9.55664635e-01
    7.79964387e-01 1.18633962e+00 -5.57300866e-01 -2.25995317e-01
    -4.72624391e-01 3.30971897e-01 1.25536668e+00 3.65503579e-02
    -4.34015960e-01 -6.65915906e-01 1.02116382e+00 4.38853621e-01
    1.78121102e+00 1.56282020e+00 -2.34369561e-01 7.30816126e-01
    2.28415862e-01 -6.49687350e-01 8.49410713e-01 1.68151104e+00
    1.92503586e-01 -1.74756169e-01 -5.90051651e-01 -4.60195363e-01
    -3.52122426e-01 1.12641048e+00 3.32374811e-01 1.81807435e+00
    -3.00382733e-01 -1.70192510e-01 -8.66538703e-01 -3.07923853e-01
    -3.44978273e-01 6.23644352e-01 -1.76893547e-01 1.17558777e+00
    8.55404198e-01 1.17517018e+00 3.06438714e-01 -5.54206967e-01
    1.19190490e+00 4.84106213e-01 8.63585293e-01 -6.39440358e-01
    -3.85493934e-02 -3.91085684e-01 1.19360080e-02 4.24242228e-01
    1.43701661e+00 4.54976633e-02 1.54850674e+00 -6.31193876e-01
    -2.06813186e-01 6.40188098e-01 3.34474862e-01 -4.16003197e-01
    -6.54247105e-01 1.56429148e+00 1.45239544e+00 1.43016264e-01
    1.21244514e+00 1.74145031e+00 -5.00673413e-01 -5.76746762e-01
    9.15965915e-01 -4.40378226e-02 1.62435043e+00 1.83811355e+00
    2.62300879e-01 -7.22027481e-01 1.35241795e+00 -5.23876488e-01
    -7.18540967e-01 1.01778471e+00 1.51117933e+00 1.48700047e+00
    -2.64590651e-01 -7.01047957e-01 -4.89706635e-01 -5.69715738e-01
    5.55109322e-01 -7.49961436e-01 5.95010638e-01 4.11686212e-01
    2.63323635e-01 5.65164208e-01 -3.50179404e-01 2.83429891e-01
    -4.01264340e-01 8.87519658e-01 1.04608059e+00 -8.14463019e-01
    1.80140293e+00 -3.59419376e-01 -2.31191382e-01 5.81190214e-02
    3.52325827e-01 -3.15933883e-01 3.53066713e-01 6.17388725e-01
    -7.25455999e-01 7.33453631e-01 5.12048483e-01 -5.03123820e-01
    -3.09364974e-01 9.54753935e-01 -6.92033291e-01 -7.63672769e-01
    9.82162774e-01 2.35712498e-01 -5.82201064e-01 4.38168705e-01
    9.12854254e-01 1.72243166e+00 -2.32435971e-01 1.54671454e+00
    1.58126152e+00 8.84646103e-02 -2.30050888e-02 3.44095111e-01
    5.74098349e-01 2.90210426e-01 6.12746060e-01 1.01693857e+00
    1.34577954e+00 8.85285079e-01 -7.27557063e-01 8.19452226e-01
    1.33057341e-01 1.18307531e+00 6.00786984e-01 1.70858745e-02
    1.16532278e+00 9.94828165e-01 -5.68119705e-01 8.65557611e-01
    8.03932130e-01 5.57114065e-01 -6.74270988e-01 1.56083059e+00
    1.45187390e+00 -7.69186258e-01 1.52690971e+00 -6.35916531e-01
    1.14449477e+00 2.48816028e-01 1.02226472e+00 -2.02704296e-01
    1.24882066e+00 -4.71093774e-01 -7.43770421e-01 2.80121982e-01
    1.38457149e-01 9.33963537e-01 1.13715363e+00 -7.95317054e-01
    -3.31645817e-01 1.54674023e-01 -4.85536933e-01 8.85200679e-01
    3.09180915e-01 1.70442355e+00 1.22370231e+00 1.54014957e+00
    2.78890759e-01 -1.61178783e-01 1.61411297e+00 4.13872927e-01
    -4.14900035e-01 8.82135108e-02 2.06490949e-01 -2.36519396e-01
    1.30575716e+00 6.59209728e-01 1.98382363e-01 1.19656932e+00
    1.52892482e+00 6.44246876e-01 -6.13991737e-01 3.18435460e-01
    1.67520142e+00 2.78803051e-01 1.59430707e+00 1.35720706e+00
    -7.04706311e-01 -6.30417466e-01 6.87069595e-02 -5.07629275e-01
    -6.06050789e-01 1.80462372e+00 9.78577077e-01 1.19972944e+00
    1.66393161e+00 -8.03504229e-01 3.60212684e-01 -8.65803480e-01
    9.75885332e-01 1.30592692e+00 6.35145068e-01 1.15753055e+00
    9.85770583e-01 -8.33109856e-01 -3.96803200e-01 2.16667905e-01
    1.60337186e+00 -3.90526295e-01 -3.32238436e-01 1.11163294e+00
    -2.14901105e-01 6.12740576e-01 -3.71363670e-01 1.57273400e+00
    5.85222952e-02 -6.36665106e-01 1.53333080e+00 -8.70262623e-01
    4.89215165e-01 -6.05010927e-01 -3.58916849e-01 7.77290165e-01
    1.72613418e+00 1.18323588e+00 -1.35036349e-01 1.81190956e+00
    1.57322848e+00 -4.38486844e-01 4.67640787e-01 -5.89092553e-01
    3.36145759e-01 4.54003334e-01 4.51365322e-01 -7.62893379e-01
    3.58509064e-01 1.29685080e+00 1.81825310e-01 1.21781185e-01
    6.16167843e-01 1.53300261e+00 1.03994250e+00 7.59487271e-01
    -8.35170567e-01 1.03126168e+00 1.13209210e-01 -3.98894876e-01
    1.35243869e+00 2.48375461e-02 -1.00496024e-01 -3.15844983e-01
    1.12158585e+00 -4.86013532e-01 -4.22581673e-01 -8.28731537e-01
    -2.98346937e-01 8.71073604e-01 -7.50455141e-01 1.65341508e+00
    7.31701732e-01 1.76191854e+00 -6.21309459e-01 3.59906793e-01
    -5.49820721e-01 1.16976058e+00 6.69093907e-01 1.57633841e-01
    -2.21028868e-02 6.50311649e-01 6.02374934e-02 3.37413400e-02
    1.37020636e+00 -3.37663233e-01 1.28655267e+00 4.37984735e-01
    -2.54706144e-01 4.40598369e-01 -3.18574309e-01 1.57206726e+00
    -4.42016453e-01 -5.53562224e-01 1.41698706e+00 -2.44903892e-01
    -8.48161936e-01 -3.82542521e-01 -7.53716409e-01 9.03188586e-01
    1.84546506e+00 1.22123921e+00 8.58046174e-01 9.90549803e-01
    -1.94048453e-02 1.83095753e+00 -4.49344516e-01 1.67358890e-01
    8.72455537e-01 1.23549008e+00 7.98392832e-01 1.12654817e+00
    1.70905435e+00 1.40666902e+00 1.90201080e+00 1.07287228e+00
    6.66694403e-01 6.42609835e-01 4.44601417e-01 6.98505104e-01
    5.27252734e-01 1.45068681e+00 -5.68686008e-01 1.84847450e+00
    -6.53484046e-01 -1.59738794e-01 8.17505240e-01 1.78866172e+00
    -5.77378750e-01 4.31125730e-01 -7.98102915e-01 8.88556004e-01
    1.21748042e+00 -5.86624205e-01 2.85023242e-01 -3.12102467e-01
    6.69909954e-01 1.09342074e+00 1.13490665e+00 4.99567479e-01
    1.05178392e+00 9.95660245e-01 5.11435866e-01 1.14591372e+00
    -2.90567309e-01 -5.26438765e-02 7.23956227e-01 1.82853496e+00
    -5.69990695e-01 -1.08153515e-01 -6.24249578e-01 7.62502909e-01
    -7.17381909e-02 -8.74303639e-01 1.40802050e+00 2.84319103e-01
    -3.97351503e-01 1.06245017e+00 1.30630434e+00 -9.14275646e-02
    -1.48303241e-01 -5.03206074e-01 1.38576937e+00 1.30918419e+00
    2.14262873e-01 8.79381076e-02 -5.60970783e-01 1.60789132e+00
    -4.08798903e-01 1.60709500e+00 1.26177537e+00 -2.63570882e-02
    1.89319360e+00 4.49095815e-01 1.22861612e+00 -8.05326760e-01
    8.63741577e-01 -6.00876510e-01 3.95552933e-01 8.18090796e-01
    -4.66334313e-01 -7.64754236e-01 1.81011164e+00 -2.14322209e-01
    4.64330286e-01 9.85925019e-01 -2.89746791e-01 6.23635352e-01
    1.13150191e+00 1.39151657e+00 1.79355502e+00 8.61077428e-01
    1.42335880e+00 1.52175641e+00 -4.89045948e-01 -2.15231314e-01
    8.65589142e-01 3.45117509e-01 -3.01163018e-01 6.73452258e-01
    2.23219275e-01 3.70669603e-01 -4.92173016e-01 1.11652100e+00
    6.89708769e-01 1.81449509e+00 1.43293417e+00 1.74444187e+00
    9.61565077e-01 1.18544197e+00 -5.32288067e-02 2.37435997e-01
    1.22462344e+00 -6.91061795e-01 6.51984572e-01 8.56311500e-01
    1.47120506e-01 1.73479462e+00 1.40369916e+00 -7.63819635e-01
    -8.57597351e-01 -8.56571078e-01 -1.62191898e-01 1.44798434e+00
    7.00789392e-01 1.10539310e-01 1.56572104e+00 -2.35589892e-01
    1.02429159e-01 -7.82780766e-01 1.78772211e+00 1.17724013e+00
    7.89887309e-01 5.43750584e-01 1.85549951e+00 -3.60533535e-01
    -7.00625479e-01 4.39736038e-01 -6.03195488e-01 1.33399737e+00
    8.30951989e-01 1.42262280e+00 1.87945998e+00 1.06598008e+00
    4.25892621e-01 2.61591643e-01 8.18150461e-01 3.62623781e-01
    -2.68542562e-02 -6.91068053e-01 2.24298567e-01 7.29090035e-01
    1.67308688e+00 8.25766027e-01 -4.87777948e-01 1.57582343e-01
    1.29341567e+00 1.25158572e+00 9.83928703e-03 -1.60657153e-01
    4.09214288e-01 1.54523164e-01 -1.05681926e-01 1.80857551e+00
    1.40444195e+00 8.06879699e-02 1.09674895e+00 1.04428434e+00
    6.19166911e-01 1.92609981e-01 -4.47343916e-01 -8.47301483e-01
    2.88963109e-01 -7.37707317e-01 -4.51409906e-01 1.22394490e+00
    -7.37592518e-01 4.62153926e-03 1.49225807e+00 1.34771717e+00
    8.55905354e-01 -2.98035920e-01 1.10216355e+00 1.69958770e+00
    -4.42649394e-01 5.30536234e-01 3.53234351e-01 9.27060962e-01
    -8.23661268e-01 1.70618594e+00 1.94887245e+00 4.26544636e-01
    -4.73350227e-01 2.03670716e+00 2.10909033e+00 1.92043447e+00
    1.25098360e+00 1.19882011e+00 8.42698738e-02 2.68700700e-02
    1.32752609e+00 1.51646948e+00 -4.76448059e-01 1.16077697e+00
    -8.05688024e-01 -4.72344369e-01 1.32635653e+00 -3.16271573e-01
    1.69420874e+00 6.84383154e-01 -1.03917591e-01 -5.86986423e-01
    1.30467665e+00 1.85479307e+00 -3.43625754e-01 1.03099716e+00
    -1.12456545e-01 5.75471461e-01 5.43032467e-01 1.82027423e+00
    1.40444243e+00 6.36095405e-01 1.20858812e+00 1.72763932e+00
    1.69571280e+00 -4.96934950e-01 2.46704951e-01 1.55244660e+00
    1.62265968e+00 1.61917657e-01 1.28558004e+00 -3.46752942e-01
    1.82563210e+00 1.90264022e+00 -2.59679884e-01 -6.22435749e-01
    3.27412397e-01 1.63854015e+00 3.40071708e-01 -3.58551145e-01
    -4.81268018e-01 -6.59804642e-01 -4.40377682e-01 1.76135433e+00
    3.66938114e-01 3.81852277e-02 9.40058410e-01 4.64367867e-01
    2.24121019e-01 1.57236814e+00 5.25619268e-01 -2.98017293e-01
    7.50073731e-01 8.16057682e-01 1.29690719e+00 -8.08225155e-01
    7.01530427e-02 1.33277988e+00 1.15616012e+00 -2.33610168e-01
    1.23349035e+00 -7.39187598e-01 1.10521817e+00 7.15165675e-01
    -8.28489423e-01 8.26450169e-01 -7.71117985e-01 3.08011711e-01
    4.57579494e-01 -3.19843352e-01 7.28876531e-01 1.00720727e+00
    4.50382471e-01 -4.36276346e-01 -1.14677019e-01 4.36520457e-01
    4.12417054e-01 1.70574927e+00 -7.24627614e-01 9.95007038e-01
    1.47746468e+00 9.06128347e-01 1.52836549e+00 5.65368533e-01
    -2.06004009e-01 2.60244817e-01 2.32548356e-01 1.76825869e+00
    5.96906058e-03 -3.23574513e-01 1.00439757e-01 2.07786739e-01
    1.48310244e-01 -4.11908329e-01 6.85981631e-01 6.57289863e-01
    -2.11571194e-02 1.48453331e+00 -7.59805501e-01 1.58579528e+00
    -7.33338237e-01 -2.27436200e-01 1.03310871e+00 -6.15660548e-01
    1.68067312e+00 9.08721268e-01 1.13060260e+00 1.49452531e+00
    1.60552633e+00 8.17613780e-01 -2.57885426e-01 1.88082859e-01
    -6.69369757e-01 1.81555164e+00 1.63677648e-01 6.57035291e-01
    1.62657046e+00 -1.96489170e-01 -5.45937359e-01 6.76884949e-01
    -2.06602305e-01 1.53592360e+00 6.00250959e-02 2.52278686e-01
    6.45183325e-01 -4.18054730e-01 1.34899759e+00 1.00172795e-01
    1.48700273e+00 1.04303014e+00 -7.93484509e-01 1.22040832e+00
    1.40633976e+00 -7.83856452e-01 -2.89594322e-01 -4.88023669e-01
    -8.15235972e-01 1.68048054e-01 -7.58330882e-01 8.01953197e-01
    3.53288762e-02 -7.49630094e-01 1.32002950e-01 -5.79652190e-01
    1.38330901e+00 -2.93254942e-01 -2.51973122e-01 -4.33803648e-02
    5.52934349e-01 -7.87074983e-01 8.54065001e-01 -3.46449494e-01
    8.54258835e-01 1.58949125e+00 1.62314963e+00 1.84784782e+00
    1.03207517e+00 -6.87761426e-01 -8.15202832e-01 -3.98142695e-01
    1.13729250e+00 -6.25031829e-01 9.92571950e-01 -6.46316648e-01
    -6.27659798e-01 4.84386414e-01 -3.53221714e-01 -1.67634651e-01
    5.36750913e-01 7.74989069e-01 1.01757610e+00 -4.37476993e-01
    1.57362330e+00 6.18772745e-01 -6.06019020e-01 9.96884346e-01
    8.99391472e-02 6.54889464e-01 -6.47616386e-01 -5.42139530e-01
    1.82562888e+00 6.92980349e-01 1.57382321e+00 2.41696879e-01
    1.26299167e+00 1.45578766e+00 1.05159390e+00 -5.45968592e-01
    1.56774986e+00 5.57548583e-01 -6.57844484e-01 -5.80088556e-01
    -1.69970885e-01 1.70862055e+00 -6.51342034e-01 -2.52809972e-02
    -6.22049093e-01 6.76321089e-01 1.81777084e+00 -6.44502938e-01
    -3.82794052e-01 -3.58568788e-01 -3.73976052e-01 -3.01664144e-01
    -5.10475278e-01 6.64637029e-01 1.09944034e+00 4.09496933e-01
    -4.86854523e-01 -5.62302709e-01 6.86562598e-01 -3.27385753e-01
    -3.88342500e-01 -1.48960412e-01 3.40933710e-01 8.88671994e-01
    1.26745081e+00 1.24701858e+00 1.45671821e+00 -8.51089656e-01
    8.54356468e-01 -8.59464943e-01 -3.73640567e-01 1.86966920e+00
    1.36346805e+00 9.83789027e-01 1.33265257e+00 2.88427830e-01
    2.65086651e-01 -7.68550158e-01 2.37568200e-01 6.56942666e-01
    8.89111876e-01 -5.42444110e-01 1.70623732e+00 1.04317695e-01
    1.56909442e+00 5.11980832e-01 3.84270340e-01 -5.46114147e-01
    9.51429665e-01 3.81914794e-01 1.52247977e+00 -5.47779143e-01
    -4.12308633e-01 -2.10754961e-01 9.72475827e-01 1.91255748e-01
    1.32911158e+00 9.73653555e-01 1.56685686e+00 8.62853229e-01
    1.77502942e+00 5.85758388e-01 1.43275976e+00 2.29559347e-01
    5.58821201e-01 7.48289466e-01 -3.08293670e-01 1.14586735e+00
    3.12840670e-01 1.83135962e+00 4.75142986e-01 1.30155754e+00
    1.18357527e+00 8.37347686e-01 3.36692512e-01 -1.76942587e-01
    -2.16343515e-02 1.16082454e+00 1.01230001e+00 8.95047009e-01
    1.84362054e+00 1.79056442e+00 1.11881530e+00 1.57738221e+00
    9.78977323e-01 3.32259834e-01 1.02951121e+00 -4.11463529e-01
    1.63704932e+00 1.46549296e+00 -4.55181330e-01 -2.32860908e-01
    -6.57692194e-01 1.51564348e+00 1.49334800e+00 -7.13881731e-01
    6.29026890e-01 1.79440486e+00 4.17324394e-01 3.62241656e-01
    1.86005104e+00 -7.74462044e-01 8.14719379e-01 -1.60750136e-01
    1.45789564e+00 1.77738059e+00 1.06791306e+00 -4.80317362e-02
    -1.33472420e-02 -3.44419241e-01 -6.27168655e-01 7.95514643e-01
    2.55337983e-01 1.50715947e+00 1.58196545e+00 1.52536654e+00
    1.37124753e+00 7.49900460e-01 4.81239349e-01 1.21711910e+00
    -4.27212179e-01 1.38802266e+00 5.85103691e-01 -7.80361295e-01
    1.18478513e+00 6.27285182e-01 1.29544437e+00 -6.93727806e-02
    4.64635074e-01 3.61570835e-01 1.38566220e+00 -6.72064185e-01
    -7.31675088e-01 8.03249478e-01 1.55496502e+00 6.20218692e-03
    -6.33266747e-01 -7.42239892e-01 -4.65013027e-01 2.75614649e-01
    1.82817376e+00 1.60493696e+00 9.14421141e-01 -5.50889134e-01
    -2.17929810e-01 -8.06821585e-01 1.67896402e+00 2.09797800e-01
    1.29095674e-01 8.87506843e-01 1.34586024e+00 1.83077669e+00
    3.77780288e-01 1.28334165e-01 -6.53377295e-01 -4.56761807e-01
    -4.75416780e-01 8.98493111e-01 1.72032082e+00 2.34345034e-01
    1.48332226e+00 2.86171466e-01 1.47684741e+00 -3.74767542e-01
    -1.63581461e-01 1.12826073e+00 -7.42029369e-01 5.56554973e-01
    -8.24298739e-01 -6.90649033e-01 5.31150639e-01 1.81120956e+00
    5.15220702e-01 2.54452705e-01 1.50960100e+00 -6.81865036e-01
    3.76557373e-02 1.77183354e+00 -8.03809285e-01 -3.84511292e-01
    1.40881860e+00 8.17085683e-01 4.06342447e-01 -4.64372486e-01
    1.37994659e+00 1.48182943e-01 -6.79500461e-01 7.11873174e-01
    4.71082341e-04 9.75381255e-01 -5.52678466e-01 1.32241619e+00
    -8.32788169e-01 -5.51354229e-01 1.30409330e-01 1.76829886e+00
    4.42372710e-01 -3.40919316e-01 -3.55693907e-01 1.52842641e+00
    -4.67592776e-01 -6.30674005e-01 4.47360098e-01 1.64766288e+00
    5.98880827e-01 1.51075852e+00 -6.82829738e-01 1.10530412e+00
    -1.98071957e-01 5.76023936e-01 1.60587633e+00 1.61320210e+00
    1.19653332e+00 2.55878001e-01 -1.00772768e-01 8.20623934e-01
    7.22987950e-01 -2.40848511e-01 -2.38833040e-01 4.83540952e-01
    7.00430751e-01 2.58851629e-02 3.87753904e-01 -2.17210650e-01
    1.56763089e+00 2.93959618e-01 8.20180953e-01 1.48513162e+00
    3.90023500e-01 7.42869198e-01 -6.17486477e-01 5.42830050e-01
    -6.72673762e-01 1.25663018e+00 9.42316115e-01 -7.32669771e-01
    4.59124893e-01 1.12886810e+00 1.35225308e+00 9.05945122e-01
    7.11425483e-01 -6.74608886e-01 1.41359532e+00 -2.24367362e-02
    9.40584421e-01 1.50124395e+00 -3.18190038e-01 -3.70956182e-01
    -1.44542381e-01 1.58709574e+00 -5.87893948e-02 1.46459973e+00
    4.52951819e-01 5.88719308e-01 9.25873220e-01 1.31015897e+00
    1.61008537e+00 1.85703087e+00 -2.74911262e-02 1.75107419e+00
    -5.77684939e-01 2.00901911e-01 5.21895885e-01 1.41927436e-01
    -7.34293103e-01 -1.21856183e-01 1.01203382e+00 7.86462367e-01
    9.47202921e-01 4.16821510e-01 2.24082604e-01 9.24151421e-01
    1.72759461e+00 -2.37671286e-01 8.58501256e-01 7.74762928e-01
    3.33227098e-01 -3.79649848e-01 1.56718791e+00 1.48571384e+00
    9.71753418e-01 4.46295738e-01 -8.50842297e-01 3.68705571e-01
    7.08866656e-01 -7.08056569e-01 1.54990399e+00 -5.06573439e-01
    5.17851114e-01 -3.30077767e-01 3.71634036e-01 -5.55149734e-01
    1.03508759e+00 5.34026086e-01 1.68146348e+00 -1.05758205e-01
    -3.87509316e-01 1.71937871e+00 1.45870006e+00 1.34745812e+00
    6.33311510e-01 1.76583850e+00 1.35256457e+00 1.11003065e+00
    -5.53994417e-01 1.33571625e-01 1.86910319e+00 -6.13158643e-01
    5.15610397e-01 1.39637694e-01 5.96877217e-01 4.29762006e-01
    -2.64771014e-01 -4.88367349e-01 1.39847863e+00 5.57015061e-01
    3.82736593e-01 1.39426279e+00 5.87598801e-01 2.89466381e-01
    -4.58319532e-03 1.66507542e+00 5.64819098e-01 1.68653309e+00
    9.63743985e-01 -1.32761642e-01 -3.55048001e-01 -4.03969556e-01
    1.76226413e+00 5.86216263e-02 -6.63640320e-01 -4.18371102e-03
    1.09491253e+00 1.78364265e+00 3.98591965e-01 -6.00987911e-01
    -1.22015595e-01 6.63573146e-01 -5.71182072e-01 1.30380940e+00
    9.52087343e-01 -6.69177234e-01 3.45896572e-01 -3.13853361e-02
    1.68721974e+00 1.05625069e+00 1.00164068e+00 1.34413874e+00
    -7.04947114e-01 1.03377259e+00 1.13013098e-02 2.24662513e-01
    1.63605571e+00 5.10207936e-02 1.86060584e+00 1.77671194e+00
    -1.06727250e-01 -1.47727787e-01 1.49733937e+00 3.09838414e-01
    -4.68163967e-01 1.98578209e-01 1.13367653e+00 5.45209110e-01
    8.69828284e-01 -2.79688478e-01 -7.69262195e-01 -1.02283493e-01
    2.00851932e-01 -3.35791379e-01 1.62826729e+00 1.35376370e+00
    1.37701416e+00 1.17674232e+00 1.24486899e+00 5.44101894e-01
    8.74352083e-02 1.19683683e+00 7.97912300e-01 -2.23475546e-01
    -3.99942338e-01 1.17385030e+00 1.66337466e+00 1.75137627e+00
    -4.75193530e-01 8.12823296e-01 1.64775503e+00 -5.63056648e-01
    7.65689731e-01 1.04074633e+00 1.12744212e+00 4.20831949e-01
    5.54671109e-01 -1.88544601e-01 1.16534628e-01 1.93821564e-01
    1.01303458e+00 1.22359908e+00 1.84378222e-01 1.07723284e+00
    1.30046356e+00 -7.00819671e-01 -7.59544671e-01 1.69803095e+00
    1.61491585e+00 -3.05701286e-01 4.82462436e-01 -3.93260419e-01
    1.49735212e+00 1.47883475e+00 6.34872854e-01 7.55485415e-01
    1.19833398e+00 -1.73261598e-01 1.84207737e+00 1.67746460e+00
    8.31175029e-01 2.17861712e-01 1.44849408e+00 -6.16156340e-01
    -3.17651667e-02 -8.42123330e-01 1.48659551e+00 1.41017270e+00
    -5.54197356e-02 -6.49889469e-01 1.29395664e+00 1.07244337e+00
    -4.53090549e-01 1.31639254e+00 -2.91659962e-02 1.14041412e+00
    -7.38642097e-01 8.53067100e-01 -4.41253424e-01 -3.68274838e-01
    -6.82235420e-01 5.40749371e-01 1.80127180e+00 2.11104397e-02
    3.60119462e-01 1.86016873e-01 -6.73530579e-01 3.74812633e-01
    -1.09920174e-01 8.40240777e-01 -5.94795169e-03 1.51509893e+00
    -4.10924733e-01 -6.17816627e-01 -1.65827692e-01 -8.24912131e-01
    6.56653225e-01 2.78921295e-02 3.25203806e-01 1.01350617e+00
    9.41055059e-01 2.94446588e-01 1.80187380e+00 -3.40062767e-01
    -6.16437197e-01 -3.32659483e-01 1.61112940e+00 8.66925895e-01
    1.28763902e+00 6.14709556e-01 1.76239014e+00 1.34253502e+00
    9.38826442e-01 -7.02627361e-01 2.27515057e-01 3.21110725e-01
    1.30523574e+00 -7.84754574e-01 1.70833206e+00 7.95806229e-01
    6.93678319e-01 1.68064260e+00 1.24321449e+00 8.46926033e-01
    9.54999208e-01 1.74829423e-01 -8.47116292e-01 4.18360174e-01
    -7.01458752e-01 -4.64496583e-01 7.71084785e-01 1.82746911e+00
    1.26759791e+00 1.10756230e+00 -5.77640712e-01 6.14571571e-01
    1.21563542e+00 1.48107123e+00 1.68130577e+00 3.68818849e-01
    1.57645273e+00 1.71224809e+00 1.18315756e+00 -4.12161559e-01
    1.23449135e+00 1.75355041e+00 9.37329590e-01 8.24086547e-01
    1.70453966e+00 2.98528701e-01 7.38072470e-02 1.81808364e+00
    9.01678443e-01 -5.89603126e-01 5.70638239e-01 2.38810986e-01
    1.67848599e+00 1.19767141e+00 -7.68176556e-01 -2.09390372e-01
    1.00701109e-01 2.12277055e-01 1.41409683e+00 -2.45626971e-01
    3.23677063e-02 1.71897411e+00 -3.72108012e-01 3.10239732e-01
    1.87505412e+00 1.45889711e+00 9.00808126e-02 3.41083169e-01
    7.48946667e-01 1.69097215e-01 8.26205552e-01 4.18676734e-01
    -3.03109050e-01 1.55120242e+00 5.26000559e-01 1.48882997e+00
    1.95197627e-01 -7.63521671e-01 1.45928159e-01 9.32762623e-01
    9.85563815e-01 6.92607641e-01 8.06088984e-01 2.31030002e-01
    -3.17999691e-01 1.73494828e+00 -2.82851160e-01 -5.78831613e-01
    1.08833659e+00 7.63203323e-01 4.39147577e-02 1.05348074e+00
    -1.09861739e-01 -7.99756825e-01 -1.81381032e-01 -7.93625772e-01
    1.00482380e+00 1.19906056e+00 7.45802522e-02 -6.39370680e-01
    5.01619995e-01 -5.47475973e-03 5.62377036e-01 5.02439380e-01
    1.15829027e+00 -7.49094188e-01 -2.16435894e-01 5.55660427e-02
    1.22079992e+00 1.09539390e+00 -4.96177047e-01 2.03458595e+00
    2.20532751e+00 1.31943762e+00 6.67891741e-01 4.75603461e-01
    1.82198060e+00 1.90757239e+00 1.76784408e+00 4.86372024e-01
    -1.86729327e-01 1.89681828e+00 6.88383102e-01 5.07928789e-01
    -6.21906042e-01 2.74931222e-01 3.92348289e-01 -7.13118864e-03
    1.33821321e+00 1.87395060e+00 -9.34304819e-02 -2.65515715e-01
    1.51747382e+00 6.24734879e-01 1.04207718e+00 -5.07379413e-01
    -5.25207520e-01 1.61470139e+00 -1.46562651e-01 1.71327382e-01
    -3.79053861e-01 5.86700618e-01 -1.66447282e-01 1.20378017e+00
    -7.37377524e-01 1.80092621e+00 2.47676402e-01 1.25994277e+00
    1.61313570e+00 1.23921418e+00 4.48133312e-02 -8.52756321e-01
    1.62759936e+00 1.22215462e+00 -6.42626762e-01 3.74906868e-01
    1.37136638e+00 1.30316687e+00 -1.19651943e-01 1.49086225e+00
    1.72161870e-02 -4.73552272e-02 1.00935328e+00 1.14291620e+00
    -8.68430972e-01 -5.85631967e-01 9.41595852e-01 1.50226450e+00
    -7.80702174e-01 -2.81949699e-01 6.76743627e-01 8.17167282e-01
    1.80412889e+00 7.71861613e-01 -5.86243153e-01 5.57463169e-01
    -9.19362903e-01 9.50889111e-01 9.01518881e-01 -6.69426918e-01
    7.23494589e-01 -5.87421834e-01 -2.40783572e-01 1.69040823e+00
    8.20154190e-01 1.77931404e+00 -7.16396987e-01 -5.88699222e-01
    6.20038509e-01 -2.44792402e-01 -7.44274035e-02 1.57820678e+00
    -4.95750338e-01 1.25164449e+00 -7.30568528e-01 -7.95428827e-02
    1.76848006e+00 1.66150439e+00 6.31491482e-01 1.23529792e-01
    9.67632830e-01 5.60034871e-01 -5.63866913e-01 6.43284976e-01
    -7.90710866e-01 1.25338817e+00 1.59824288e+00 -4.60622340e-01
    8.38808000e-01 1.06045556e+00 9.09392774e-01 1.18424177e+00
    -7.75224626e-01 -5.23400247e-01 4.45002198e-01 -2.14235663e-01
    -1.98919013e-01 7.44099915e-01 2.40289923e-02 6.67468727e-01
    -6.40570045e-01 -1.15798369e-01 6.86511755e-01 -2.94085354e-01
    2.48497389e-02 8.55074942e-01 4.51330900e-01 -4.07956839e-01
    1.33468020e+00 -2.71022826e-01 -5.83923578e-01 -3.38469118e-01
    7.39553690e-01 4.92683321e-01 1.71857059e+00 6.99389353e-02
    -1.63641229e-01 3.01463693e-01 8.92180860e-01 4.49660599e-01
    -2.50514984e-01 8.62949267e-02 2.74500966e-01 9.33175087e-01
    7.94787943e-01 1.38363913e-02 6.07776523e-01 1.42775393e+00
    -4.19521332e-01 1.61626786e-01 9.46159482e-01 5.96404612e-01
    1.84659100e+00 6.28006041e-01 3.99035305e-01 -2.25476816e-01
    7.72130847e-01 -3.61015238e-02 1.00665903e+00 5.09351909e-01
    1.06153929e+00 7.27592051e-01 1.33803046e+00 -1.83387950e-01
    9.97005522e-01 1.74248469e+00 3.78992371e-02 -3.15928042e-01
    -1.47565201e-01 1.16387582e+00 1.87276185e+00 7.01243877e-01
    -2.35607535e-01 1.02195370e+00 6.02137111e-02 -4.11064178e-01
    -6.71284378e-01 -3.01033646e-01 -9.08933580e-02 7.34381795e-01
    1.30241895e+00 1.62106824e+00 1.09995079e+00 -8.44594240e-02
    1.38168737e-01 6.21893764e-01 -6.05147302e-01 1.36154580e+00
    4.43321049e-01 3.37247074e-01 1.27602971e+00 1.49497604e+00
    -6.00806475e-01 7.13583291e-01 1.37315142e+00 2.37177819e-01
    -6.88951254e-01 1.22826660e+00 2.44589463e-01 1.72528589e+00
    1.25881326e+00 3.91582221e-01 -8.01144391e-02 1.86162019e+00
    1.48670018e+00 1.41226900e+00 1.69503912e-01 1.81030989e+00
    1.33838832e+00 -1.72366753e-01 -5.27880967e-01 1.85493743e+00
    -1.11544453e-01 8.47802684e-02 -2.45149285e-01 1.51345146e+00
    3.58270794e-01 1.47855091e+00 5.24932206e-01 1.70659497e-01
    8.91058266e-01 -1.38463095e-01 -6.51132345e-01 1.11923516e+00
    1.17948210e+00 2.85991520e-01 1.01319253e+00 -5.50477087e-01
    1.65617213e-01 1.81271589e+00 1.78914249e+00 -7.69868791e-01
    -2.44252428e-01 1.65317082e+00 -4.55580831e-01 8.28302145e-01
    7.85657346e-01 3.12253773e-01 1.44441283e+00 1.20204711e+00
    5.83902597e-01 7.28519335e-02 1.81800008e-01 1.78096306e+00
    2.86020905e-01 -2.08952621e-01 7.80232072e-01 1.81264138e+00
    5.85821092e-01 1.78630056e-03 1.35271311e+00 -3.91886413e-01
    1.61880922e+00 3.01733226e-01 1.83659208e+00 -5.39050698e-01
    -3.72919947e-01 1.84696674e+00 1.54284477e+00 1.28754497e-01
    9.47041214e-01 -3.27888757e-01 3.61503124e-01 4.25410569e-01
    -1.67240784e-01 1.73275769e+00 -4.39365298e-01 1.35469639e+00
    -2.97981024e-01 2.05391765e+00 1.97961366e+00 1.21331215e+00
    1.41106522e+00 -3.77682656e-01 3.53630394e-01 6.02115095e-01
    4.77009058e-01 6.57108784e-01 -3.89457732e-01 1.63715914e-01
    1.57860324e-01 4.79263902e-01 3.11647952e-01 1.10133469e+00
    1.74598479e+00 -7.71542788e-02 7.23747686e-02 1.67448759e+00
    1.24038959e+00 1.40400201e-01 3.77695411e-02 9.40458179e-01
    1.39887953e+00 -5.30690253e-01 1.33096862e+00 7.22241461e-01
    1.51722002e+00 3.23135346e-01 -1.89861760e-01 1.18556726e+00
    -1.86422877e-02 1.57789439e-02 5.60177207e-01 1.71784386e-01
    -5.99361598e-01 5.85213423e-01 9.16923702e-01 5.22274315e-01
    8.06277752e-01 1.15858340e+00 8.12175453e-01 1.91229534e+00
    1.97108120e-01 9.67886984e-01 1.69761419e+00 1.55665469e+00
    9.07103658e-01 7.08546162e-01 1.66875470e+00 7.31834412e-01
    1.80340260e-01 1.35858965e+00 1.06256917e-01 1.13110137e+00
    1.29888940e+00 8.26546490e-01 1.61937392e+00 1.42038476e+00
    4.86063093e-01 -4.04125810e-01 1.68450499e+00 1.60198951e+00
    2.34213382e-01 -7.23938406e-01 1.28965485e+00 4.04443592e-01
    1.48357004e-01 1.71925867e+00 2.32466191e-01 1.73832253e-01
    1.68509483e+00 -1.04787767e-01 4.92964000e-01 7.01591551e-01
    -5.22943914e-01 2.42450655e-01 2.30475932e-01 1.02471128e-01
    3.62224549e-01 1.62279296e+00 -7.47347772e-01 -6.84198558e-01
    3.38207394e-01 -1.55820936e-01 -5.80081165e-01 -3.89601797e-01
    8.01455230e-03 -3.49668831e-01 1.06421995e+00 3.86910260e-01
    1.21763097e-02 6.18956268e-01 1.77166080e+00 1.79794872e+00
    -2.13799313e-01 5.87401986e-01 4.37345952e-02 1.02963603e+00
    -2.36300230e-01 5.14061451e-01 -1.41585901e-01 1.30877519e+00
    2.01025456e-01 1.33621073e+00 -3.60470891e-01 1.08802533e+00
    1.06723559e+00 1.32920194e+00 5.35778165e-01 1.23813319e+00
    -5.00060990e-03 4.20130193e-01 -6.82645500e-01 -9.63648111e-02
    7.18582034e-01 -1.34242907e-01 1.48321196e-01 2.52543122e-01
    -8.10690761e-01 -3.04844648e-01 1.77148008e+00 -5.10213315e-01
    8.94504130e-01 2.23260790e-01 1.36202204e+00 1.60285842e+00
    1.36591721e+00 1.54849160e+00 7.20154643e-01 1.33255899e+00
    -1.48568481e-01 -7.64835835e-01 -4.31679219e-01 6.89815581e-02
    -4.77329552e-01 1.93627372e-01 -3.20574343e-01 1.88867009e+00
    9.64630842e-01 4.38614786e-01 -5.22823036e-02 1.11044884e+00
    7.88860083e-01 1.56824338e+00 -7.09001064e-01 6.95752442e-01
    -4.66857404e-01 1.47797060e+00 -5.85049450e-01 -6.78860486e-01
    1.45297003e+00 6.88299984e-02 1.11241794e+00 1.71011353e+00
    -4.58584219e-01 5.14907360e-01 1.30144513e+00 -8.07990372e-01
    6.45511389e-01 -3.55233431e-01 -4.77293074e-01 -5.47948122e-01
    8.55589330e-01 1.05912495e+00 1.20011675e+00 9.68003929e-01
    1.30547845e+00 1.62127292e+00 -2.95638531e-01 -8.76339376e-01
    1.39584884e-01 1.16264606e+00 7.89659739e-01 1.32134056e+00
    -2.09704548e-01 2.93459594e-01 1.55053884e-01 3.00035685e-01
    1.55416358e+00 8.43869925e-01 4.07775581e-01 -4.02568787e-01
    2.17936803e-02 1.68089330e+00 -6.15574539e-01 -3.20414245e-01
    1.47972643e+00 1.44741917e+00 1.77480292e+00 1.99891210e-01
    -3.91757607e-01 1.52095509e+00 1.80424678e+00 1.14283049e+00
    -4.50131357e-01 -7.16884255e-01 -5.65145552e-01 9.24781442e-01
    1.75581753e+00 1.02492607e+00 5.41280568e-01 1.20773172e+00
    8.61724019e-01 -1.50734633e-01 -4.90928024e-01 -7.80600905e-01
    5.68028152e-01 -3.09472084e-01 1.44269037e+00 -1.37063816e-01
    -7.84812510e-01 1.13077319e+00 -3.67385969e-02 -7.89397955e-01
    1.83724451e+00 -3.52823973e-01 1.14319265e+00 6.00343943e-02
    -7.37919629e-01 1.07991731e+00 1.35280883e+00 9.19293880e-01
    -6.01813138e-01 4.42858785e-01 -1.61802694e-01 2.46897474e-01
    -7.07558274e-01 1.26589346e+00 9.35076952e-01 6.41768456e-01
    -2.89663047e-01 1.34843206e+00 -5.16421437e-01 1.47152722e+00
    -1.83990762e-01 1.07094622e+00 9.40725625e-01 6.14168227e-01
    1.25246212e-01 2.53424793e-01 -4.12913203e-01 -7.41037190e-01
    5.31044662e-01 1.00917242e-01 1.32992160e+00 -4.95085597e-01
    -2.64307298e-02 -2.94621676e-01 -1.45990819e-01 1.53577042e+00
    1.44111264e+00 -7.50682056e-02 -4.48443562e-01 1.38233984e+00
    1.17336535e+00 2.05172420e+00 5.18955469e-01 8.62463832e-01
    1.81321704e+00 1.55079091e+00 5.27382076e-01 -7.83835709e-01
    1.01373696e+00 -7.59861946e-01 6.23806000e-01 1.69699192e+00
    1.40362656e+00 -2.58141071e-01 1.24405444e+00 2.50111133e-01
    1.02887499e+00 -4.12873089e-01 9.56711352e-01 4.74120259e-01
    -2.83494499e-02 1.63473773e+00 6.45547688e-01 1.22145164e+00
    -8.41252208e-01 -8.45448151e-02 1.05741799e+00 1.67737579e+00
    -3.50913972e-01 1.30071020e+00 -2.83742011e-01 6.92557514e-01
    1.11930728e+00 7.23633707e-01 9.23992023e-02 -1.25242397e-01
    -1.21288903e-01 1.31677961e+00 -7.33356118e-01 1.17564654e+00
    1.15693533e+00 9.60857332e-01 -7.02338874e-01 1.70192015e+00
    9.87724304e-01 -4.22603041e-01 1.17392993e+00 5.54855645e-01
    -1.68170080e-01 -1.49438292e-01 1.63290548e+00 -4.23895150e-01
    1.61808360e+00 8.40411365e-01 1.47919548e+00 1.76318538e+00
    -1.89842761e-01 -9.46456194e-02 -8.44559371e-01 1.07110274e+00
    1.41704357e+00 1.67675066e+00 -4.17993844e-01 7.60267675e-01
    7.10455298e-01 6.38935387e-01 1.25260854e+00 -6.22589886e-01
    -1.44825220e-01 1.35933423e+00 -4.95716929e-01 1.13839447e-01
    1.13279372e-01 1.84534204e+00 3.03738266e-01 1.43136930e+00
    -8.10431659e-01 1.08704352e+00 1.13554645e+00 -2.39144549e-01
    1.46998703e+00 4.63589191e-01 1.78163409e+00 4.18724120e-01
    -5.23131132e-01 -7.16911927e-02 2.70381540e-01 6.21859193e-01
    -3.05214882e-01 7.40957797e-01 -4.11071420e-01 9.79412436e-01
    1.80172348e+00 4.19597715e-01 3.86673152e-01 1.18810368e+00
    8.94096553e-01 1.75652003e+00 -7.41302013e-01 5.30120552e-01
    -7.04124510e-01 -5.63194573e-01 -9.98331755e-02 8.18775833e-01
    5.65353215e-01 -3.77275050e-01 1.58149695e+00 9.05620828e-02
    -5.78006744e-01 1.51620829e+00 -6.25101686e-01 1.07076764e+00
    1.19146430e+00 1.07306433e+00 6.95738494e-01 -5.90344846e-01
    5.14964342e-01 1.86277354e+00 4.13967073e-01 1.39459074e+00
    7.43595600e-01 8.09624434e-01 -2.21586227e-01 1.32805789e+00
    -7.54744709e-02 1.84573066e+00 5.29155433e-01 -3.30551952e-01
    -8.40455852e-03 1.57898402e+00 -6.87707603e-01 -3.69893685e-02
    4.00246948e-01 1.32362819e+00 5.87451398e-01 3.82342160e-01
    8.90805483e-01 -5.28217554e-01 1.35869086e+00 1.70702899e+00
    9.44915712e-02 7.58804560e-01 -6.26712739e-01 1.78216338e+00
    9.11208630e-01 1.20460212e+00 5.92009127e-01 3.53539258e-01
    1.33289623e+00 -3.65592778e-01 -8.55016649e-01 -2.19010636e-01
    9.37962830e-01 1.14336848e+00 1.04876173e+00 1.61106777e+00
    8.71829033e-01 -5.06961644e-01 1.49529850e+00 1.27509916e+00
    -2.36846551e-01 1.69559205e+00 9.28228319e-01 9.50930178e-01
    1.03999400e+00 1.32836819e-01 1.80282652e+00 -8.31522703e-01
    1.79437160e+00 -2.95790553e-01 5.08131608e-02 -5.87488949e-01
    1.49517798e+00 -8.35414946e-01 -8.58319998e-01 9.78116572e-01
    -5.95543236e-02 -1.52371645e-01 -3.43880542e-02 -8.59450698e-01
    1.50885212e+00 4.83739823e-01 1.38677001e+00 8.49613398e-02
    4.91399378e-01 6.67295456e-01 1.11141336e+00 1.42460680e+00
    1.55630243e+00 -4.90523964e-01 1.48242414e+00 1.56546175e+00
    4.40327257e-01 1.04907382e+00 1.64181054e+00 1.95723906e-01
    1.39803612e+00 7.58044720e-01 9.20781255e-01 1.31663233e-01
    -6.11362085e-02 1.53251636e+00 1.33476067e+00 6.06018126e-01
    1.45623028e+00 1.46940160e+00 2.70308673e-01 7.42782056e-01
    -4.46542770e-01 -7.97969460e-01 8.12695827e-03 1.64408016e+00
    -7.04251766e-01 8.06195498e-01 2.19574928e-01 1.27181792e+00
    -1.91105396e-01 1.41894102e+00 9.08141673e-01 2.82069147e-01
    8.83907616e-01 4.33300793e-01 1.77289176e+00 1.74692130e+00
    -3.28852654e-01 1.87105441e+00 -7.11753890e-02 8.80283341e-02
    6.19292557e-01 -2.37168789e-01 9.03486252e-01 1.42518950e+00
    1.78760028e+00 1.02140844e+00 -2.80204713e-01 1.86697662e+00
    3.25572044e-01 1.85980892e+00 9.89091992e-01 1.00308990e+00
    3.14613223e-01 6.94607943e-02 1.80180120e+00 8.42384040e-01
    -6.91801965e-01 -3.49676758e-02 1.47543812e+00 1.40210581e+00
    1.41251910e+00 1.16111910e+00 1.02326882e+00 1.51250815e+00
    1.35369849e+00 5.12377679e-01 3.71527523e-01 1.44822717e+00
    1.24140108e+00 -1.77526847e-01 1.73114479e+00 1.86685050e+00
    4.96708691e-01 6.08912110e-01 1.91334856e+00 -2.49646470e-01
    3.60195845e-01 7.43395090e-01 1.01020670e+00 8.33600760e-01
    -3.86624038e-01 -2.83356577e-01 -3.96255285e-01 1.65053153e+00
    -7.92468607e-01 -5.02898879e-02 -5.06065369e-01 1.58470690e-01
    -4.18368012e-01 -7.00816751e-01 -3.59361827e-01 2.16878772e-01
    8.11996222e-01 -1.79473922e-01 -5.52713811e-01 -5.51009238e-01
    1.22297549e+00 8.48845780e-01 6.45064831e-01 -3.55258524e-01
    1.88824579e-01 1.03600562e+00 1.82512641e+00 7.27985859e-01
    1.80820692e+00 -2.27005370e-02 7.52250552e-01 2.99030960e-01
    -5.00560820e-01 -6.16960287e-01 4.20894444e-01 1.12496901e+00
    8.38497639e-01 -2.54985958e-01 1.89499581e+00 -9.50326845e-02
    4.74925816e-01 1.24890745e+00 1.00214791e+00 -6.78142667e-01
    -6.64857745e-01 -8.04678679e-01 1.13672304e+00 -6.42933603e-03
    9.55595791e-01 6.26476824e-01 1.27365041e+00 1.73966691e-01
    1.64542317e+00 1.38102281e+00 -5.43969989e-01 3.72221619e-01
    1.66707408e+00 1.12046134e+00 6.37282193e-01 -3.49624544e-01
    -7.32620597e-01 1.33018994e+00 4.23021108e-01 3.43517780e-01
    7.45032012e-01 9.30913836e-02 1.52684212e+00 1.73265791e+00
    2.24624753e-01 1.30731851e-01 6.29008770e-01 1.43678188e+00
    4.64341909e-01 -8.16742599e-01 -8.24469149e-01 1.40020418e+00
    6.37292683e-01 -5.51673174e-01 -1.36662066e-01 1.09870303e+00
    1.82274294e+00 -6.99264169e-01 -1.35560900e-01 6.05425537e-01
    -4.82635826e-01 1.16313612e+00 -2.81149089e-01 -5.95437169e-01
    4.05762821e-01 7.55876362e-01 1.41804028e+00 3.01743507e-01
    9.19337988e-01 1.01476049e+00 -3.31015855e-01 1.16840184e+00
    9.15613234e-01 -5.38461879e-02 -7.77765274e-01 -7.77287483e-01
    3.23347837e-01 1.25974226e+00 1.53381944e-01 1.46320748e+00
    9.05685306e-01 1.03974760e-01 9.52021301e-01 1.02492392e+00
    1.69369924e+00 8.17378998e-01 -1.68066144e-01 1.62753952e+00
    1.74615398e-01 6.22646570e-01 -7.75982559e-01 1.22714174e+00
    1.13490558e+00 1.82256961e+00 1.11628020e+00 3.56944412e-01
    8.57741177e-01 2.44805142e-01 9.95848000e-01 1.00838113e+00
    8.97979736e-01 -6.35325024e-03 -1.89447641e-01 4.01614457e-01
    1.90092945e+00 -3.67710561e-01 -7.77876019e-01 1.09728777e+00
    1.65706408e+00 5.63071549e-01 1.10935831e+00 1.43878058e-01
    -6.50436580e-01 -6.68426275e-01 8.76957998e-02 1.59279644e+00
    1.72435164e+00 5.54197669e-01 -5.96164107e-01 3.90244782e-01
    1.48095751e+00 7.51154721e-01 1.43571675e-01 -6.54670596e-01
    7.90471613e-01 -7.09801540e-02 1.56126225e+00 1.35199368e+00
    7.63750196e-01 -4.20243561e-01 -7.38706350e-01 1.39100969e+00
    2.90135086e-01 1.56200424e-01 -3.07729095e-01 3.58307153e-01
    3.58479768e-01 2.97286630e-01 8.40160251e-02 -3.13141793e-01
    7.54217029e-01 9.20130193e-01 -6.63866460e-01 1.75695205e+00
    1.72021008e+00 7.02551126e-01 9.90410686e-01 9.30534482e-01
    -1.53579652e-01 1.35077548e+00 6.53833985e-01 1.65490434e-01
    -4.10874605e-01 -6.92988157e-01 4.04791653e-01 -2.39979178e-01
    1.29497755e+00 5.54607153e-01 1.33715379e+00 5.30151129e-01
    7.26428390e-01 9.99833763e-01 5.71345031e-01 8.17220330e-01
    -7.81808197e-01 1.41914177e+00 -2.02762499e-01 4.11900878e-01
    -6.30948842e-01 -5.23749590e-01 1.30270076e+00 7.28369594e-01
    1.43588829e+00 -7.89204180e-01 -7.58042216e-01 1.53459978e+00
    5.17959476e-01 1.79076588e+00 -4.99919266e-01 1.32987702e+00
    6.77624702e-01 1.04425251e+00 1.77126622e+00 6.16527259e-01
    1.85610139e+00 -7.80410171e-01 2.99401164e-01 6.70232996e-02
    7.47785151e-01 -3.95875871e-01 5.99728584e-01 1.21548855e+00
    1.67770624e+00 8.44236255e-01 1.65798998e+00 8.55813086e-01
    -7.85395086e-01 3.78833681e-01 -4.88242000e-01 -5.65025985e-01
    -7.44514942e-01 1.59705281e+00 1.58403111e+00 -7.23388731e-01
    -9.67233852e-02 -7.67453492e-01 3.06093246e-01 1.45199466e+00
    6.59378409e-01 1.52057564e+00 6.16254926e-01 -6.58416152e-01
    1.28258497e-01 1.46476436e+00 -1.48191273e-01 6.72041714e-01
    1.26144242e+00 7.01484740e-01 1.45614314e+00 -3.54892045e-01
    2.00452065e+00 -3.40027630e-01 2.27131510e+00 1.03096247e+00
    1.01298976e+00 2.19227219e+00 1.44560134e+00 8.93896878e-01
    1.17526213e-02 -1.29828691e-01 1.43560159e+00 1.24379623e+00
    1.45802009e+00 -1.53780654e-01 -7.22375333e-01 1.91149378e+00
    1.18879810e-01 -3.03602904e-01 1.66021228e+00 3.71541440e-01
    6.30901039e-01 1.97562575e-03 -5.20646274e-01 1.77488542e+00
    4.61194634e-01 -2.21705616e-01 1.39820230e+00 4.42522734e-01
    1.65466154e+00 -8.76315460e-02 1.65293229e+00 9.23450589e-01
    -6.04222655e-01 -1.87086225e-01 -5.73829830e-01 3.00663233e-01
    -6.42528474e-01 -3.90287220e-01 1.00056458e+00 1.53576267e+00
    1.20398962e+00 8.89907122e-01 -2.39699215e-01 -7.44405389e-01
    1.58661827e-01 1.75891459e+00 1.03970535e-01 -6.52679503e-01
    9.13227379e-01 -7.11650789e-01 -6.05962932e-01 -5.96268117e-01
    3.79550278e-01 1.35604665e-01 1.36686718e+00 -2.43777111e-01
    -4.33986843e-01 -9.97451171e-02 6.78561985e-01 9.80600297e-01
    -2.50624120e-01 7.84541816e-02 1.54806530e+00 1.07507133e+00
    -6.81109190e-01 1.03780282e+00 1.25965607e+00 1.70779788e+00
    -3.76246482e-01 9.35946405e-01 5.61929308e-02 -1.91472128e-01
    1.05243528e+00 -3.44902605e-01 7.63101757e-01 -3.36211398e-02
    9.02908325e-01 1.08045316e+00 6.93879306e-01 1.22905016e+00
    -8.08911547e-02 5.93413055e-01 -5.32280862e-01 2.89592117e-01
    3.87684554e-01 -3.70048523e-01 6.15270615e-01 -7.32067585e-01
    -7.51898825e-01 8.87855142e-02 1.67057896e+00 1.41913319e+00
    -3.64498436e-01 8.39590013e-01 1.34149635e+00 7.64320016e-01
    -7.26605237e-01 7.55993366e-01 8.05371642e-01 1.66013515e+00
    8.45324278e-01 1.40892684e+00 1.22217119e+00 1.59543037e+00
    1.21243551e-01 1.96305498e-01 8.86485726e-02 -6.68127656e-01
    7.59158358e-02 -2.85136580e-01 -4.08245593e-01 -5.09013593e-01
    -4.73946095e-01 -3.18798333e-01 -6.73328221e-01 6.15866661e-01
    -1.05071820e-01 3.86806250e-01 -4.15860981e-01 -6.09779537e-01
    -6.97181106e-01 1.12986648e+00 -3.37239206e-01 1.28498748e-01
    7.22054422e-01 4.22640651e-01 3.36192161e-01 -5.17319977e-01
    8.57448995e-01 -6.13496959e-01 1.38835955e+00 6.38118982e-01
    -8.27398360e-01 -7.39964187e-01 2.38607034e-01 1.42181754e+00
    1.09628332e+00 1.80575240e+00 5.06470799e-01 4.13493067e-02
    1.82080996e+00 8.00486565e-01 7.95805395e-01 8.56973231e-01
    1.55309236e+00 1.24729693e+00 -6.97540998e-01 8.67335677e-01
    5.78465223e-01 -1.59770936e-01 1.57433212e+00 1.34162664e+00
    3.99952650e-01 1.20418930e+00 3.08802873e-01 1.49894249e+00
    -2.39282459e-01 1.21381821e-03 3.27483594e-01 4.41008508e-01
    6.30943298e-01 -3.62604707e-02 -2.25283086e-01 1.10837424e+00
    1.23418534e+00 1.11723769e+00 9.83561993e-01 2.43266642e-01
    8.94293725e-01 2.64402956e-01 1.50692332e+00 5.91565847e-01
    1.60899711e+00 -1.86383024e-01 7.79256582e-01 -1.02266520e-01
    -5.15909433e-01 9.80060816e-01 -2.96884924e-01 1.27774388e-01
    -2.24547371e-01 3.73643756e-01 9.97007132e-01 -2.60479748e-01
    3.10750436e-02 -8.78147006e-01 1.68310642e-01 -4.42519635e-02
    1.58405662e+00 -6.40536666e-01 -4.20764685e-01 -3.74329329e-01
    -3.75044644e-01 -1.60330147e-01 6.17216229e-01 1.20601524e-02
    1.03173387e+00 1.63727570e+00 -7.40699530e-01 -6.66820884e-01
    -3.22466254e-01 -4.21178609e-01 2.65193015e-01 -2.33086377e-01
    -4.95124131e-01 1.83284926e+00 -1.23210266e-01 -1.55646086e-01
    1.01049650e+00 1.47783160e-01 -7.21725166e-01 1.63872373e+00
    1.79352021e+00 -2.42906481e-01 -5.66679895e-01 7.61509597e-01
    1.89932871e+00 -3.19357157e-01 -3.76091093e-01 7.82791734e-01
    1.48536503e+00 4.68858063e-01 -8.15442145e-01 9.48903501e-01
    8.43106568e-01 5.01636922e-01 9.02211219e-02 -5.28320298e-03
    6.77325785e-01 -7.41557002e-01 4.76333350e-02 1.08063662e+00
    -2.33787857e-02 2.34173059e-01 1.23738706e+00 9.62415159e-01
    4.84059364e-01 1.86259580e+00 7.35338688e-01 4.97606277e-01
    1.08976372e-01 3.60295773e-01 -6.49176463e-02 -2.16736436e-01
    7.21216917e-01 1.36187589e+00 7.88260400e-01 1.51271820e+00
    -6.80172443e-01 -7.09953725e-01 2.76921600e-01 -5.01496971e-01
    -1.37552351e-01 1.04493618e-01 1.77356434e+00 1.99715281e+00
    1.73767710e+00 1.68330240e+00 1.11691761e+00 5.97852826e-01
    2.22339272e+00 2.15353251e+00 5.01888156e-01 1.44648898e+00
    8.51979911e-01 -4.58137751e-01 9.56812561e-01 -6.14336766e-02
    5.18861227e-02 1.59099960e+00 -7.23014534e-01 1.55859089e+00
    3.22780550e-01 -7.00507879e-01 1.43338656e+00 1.30486798e+00
    9.85420108e-01 -7.02499330e-01 1.37864220e+00 1.12078881e+00
    9.96948540e-01 -7.98396826e-01 1.83979440e+00 1.62861133e+00
    -8.17880094e-01 -4.33317199e-02 4.79973435e-01 7.56799757e-01
    1.65608966e+00 1.24961984e+00 -6.93172157e-01 1.43134379e+00
    -6.01279795e-01 1.13314676e+00 1.33343077e+00 -1.95830339e-03
    1.71696401e+00 1.29583599e-02 5.60170352e-01 1.70675766e+00
    7.87887812e-01 2.46464640e-01 9.65653360e-02 -7.40271270e-01
    9.46170986e-01 3.75908017e-01 6.84128106e-01 1.01852262e+00
    1.53681219e+00 -3.05351049e-01 -2.51784742e-01 -2.32734576e-01
    6.37405217e-01 -6.05948746e-01 -3.47788662e-01 -6.06305897e-01
    -6.78093612e-01 3.36228669e-01 1.19071972e+00 1.46718240e+00
    1.11261046e+00 -1.19076632e-01 1.20059991e+00 -4.98970658e-01
    1.23566166e-01 9.45374846e-01 -8.66836965e-01 8.28866437e-02
    1.37945855e+00 3.16479534e-01 8.56875956e-01 1.70082128e+00
    1.21403062e+00 -6.05992436e-01 -5.12105763e-01 -2.47658074e-01
    -3.66553873e-01 -6.31803632e-01 7.51683831e-01 1.30611920e+00
    -6.72996342e-01 1.43656301e+00 4.22403753e-01 1.29441273e+00
    3.88649970e-01 2.50969063e-02 -6.02906168e-01 -3.24445099e-01
    3.01844269e-01 -7.54841089e-01 1.41841435e+00 1.35494649e+00
    -5.56428097e-02 6.80338323e-01 -8.35319579e-01 -1.78346261e-01
    -7.68773973e-01 -3.63497049e-01 -3.86243403e-01 1.73290408e+00
    -2.72106320e-01 1.76877487e+00 -7.73751199e-01 3.80289644e-01
    4.51038122e-01 -5.07075012e-01 -6.30225003e-01 -5.75711608e-01
    -6.96923971e-01 1.74711549e+00 3.45774800e-01 1.62291729e+00
    1.09949529e+00 1.69749367e+00 -1.40808403e-01 7.58093715e-01
    1.21637607e+00 -7.29176700e-01 -3.47173363e-01 1.80657446e+00
    8.57208908e-01 9.03631270e-01 -7.75192976e-01 -4.35016930e-01
    1.74322987e+00 3.65288481e-02 1.41417015e+00 -2.63757676e-01
    1.41588438e+00 1.28395009e+00 1.40242004e+00 -2.87247598e-01
    1.59509075e+00 1.00654268e+00 -6.76565766e-01 -1.20690204e-01
    1.41174483e+00 1.66388893e+00 1.69173384e+00 -4.71600890e-01
    8.94837081e-01 4.14586276e-01 7.28760540e-01 1.33791256e+00
    9.00355577e-01 -1.67526439e-01 9.59008634e-01 -7.48852670e-01
    1.22258699e+00 1.50826108e+00 1.10989797e+00 1.70131826e+00
    1.59110641e+00 5.15254557e-01 6.78149641e-01 3.40592749e-02
    1.17315412e+00 9.33762252e-01 -4.90842611e-01 -7.89001882e-01
    5.57133079e-01 5.00959575e-01 1.47329926e+00 1.73816657e+00
    1.73999476e+00 1.01211345e+00 -5.45901895e-01 5.06429911e-01
    1.43805236e-01 2.95070857e-01 6.75829411e-01 1.18451190e+00
    1.47525513e+00 1.61540246e+00 4.59282883e-02 -5.05229890e-01
    1.12806571e+00 1.84292257e+00 8.38858843e-01 1.46684837e+00
    4.76074398e-01 1.04306734e+00 8.27978909e-01 4.26863492e-01
    -5.49495280e-01 -2.96928018e-01 -3.38157147e-01 1.00958908e+00
    1.22630072e+00 -5.31942248e-01 5.53875156e-02 1.59004462e+00
    3.84060405e-02 9.67459798e-01 4.99675572e-01 2.70531356e-01
    -6.07309401e-01 2.84106314e-01 -6.75082684e-01 1.55463457e+00
    -4.73442644e-01 -3.64424825e-01 1.50108552e+00 -4.92630213e-01
    1.49883851e-01 6.44014418e-01 5.47007695e-02 -3.49415660e-01
    -5.45314848e-01 1.03984249e+00 -2.41070360e-01 -5.41892231e-01
    4.03463095e-01 1.24551654e+00 1.15057766e+00 -4.91059981e-02
    7.15268672e-01 1.24549592e+00 -5.25218509e-02 1.48839128e+00
    -2.33472824e-01 1.47170854e+00 4.72794354e-01 5.54620147e-01
    8.38952601e-01 -4.20818716e-01 -3.25417578e-01 -1.72333002e-01
    1.09508407e+00 -1.79258227e-01 -5.23330629e-01 -7.92958081e-01
    -7.01623321e-01 1.45569813e+00 -6.04260862e-01 5.47702610e-01
    -5.33020139e-01 9.27170515e-01 1.30844688e+00 2.53832519e-01
    -6.14528079e-04 8.87472212e-01 1.59723446e-01 1.23556554e+00
    7.42272615e-01 2.83653408e-01 6.88466132e-01 -4.20662135e-01
    -6.01968527e-01 1.76398110e+00 1.02444577e+00 5.52394211e-01
    2.03604770e+00 -2.91833788e-01 -2.99556822e-01 3.63981575e-01
    2.80733049e-01 5.29529572e-01 3.99298996e-01 5.56005657e-01
    1.68516314e+00 1.25955510e+00 1.43562341e+00 5.47974929e-02
    1.41235340e+00 7.96111226e-01 4.67565298e-01 -7.27182388e-01
    1.72709966e+00 -3.87599736e-01 1.46086991e+00 -3.71247470e-01
    1.36381495e+00 4.29821283e-01 5.86407840e-01 1.54493964e+00
    1.43352854e+00 1.18142283e+00 -6.22575819e-01 1.87649000e+00
    1.43853977e-01 -6.64247051e-02 1.41566622e+00 -5.23241997e-01
    4.02323604e-02 6.24402285e-01 -8.76247227e-01 -1.02586411e-01
    1.16531658e+00 3.88893157e-01 9.60896015e-02 1.42679226e+00
    6.69221699e-01 -1.31125942e-01 1.32533443e+00 -5.26459634e-01
    -3.82567555e-01 4.80181575e-01 1.83126390e+00 2.01218069e-01
    1.00957227e+00 -6.54380143e-01 1.73575056e+00 1.17476229e-02
    6.67036057e-01 9.50110018e-01 -4.77447324e-02 -1.43357487e-02
    1.36408055e+00 -8.54597390e-01 4.75295454e-01 -7.80699253e-02
    8.18538725e-01 1.63664007e+00 1.19111097e+00 1.76874578e+00
    1.13224745e+00 4.70920146e-01 1.06736887e+00 1.79901159e+00
    1.77839792e+00 -2.66394287e-01 1.41985786e+00 4.14347768e-01
    -3.16078335e-01 7.02897429e-01 5.66567332e-02 1.39039886e+00
    -3.12252522e-01 -2.83687562e-01 1.75817442e+00 -6.58177376e-01
    7.12625623e-01 1.15115166e+00 6.24648929e-01 1.49984133e+00
    3.76169354e-01 1.39275253e+00 7.59708166e-01 9.33228493e-01
    -1.97105959e-01 -1.99135929e-01 7.35662356e-02 1.43556571e+00
    6.94514930e-01 5.34246981e-01 7.81077266e-01 7.35486090e-01
    1.66577721e+00 1.35547400e+00 1.09623218e+00 1.41354096e+00
    -2.10324943e-01 1.42436993e+00 8.49046230e-01 -1.73014626e-01
    1.83985603e+00 9.33692694e-01 6.23809934e-01 1.32196516e-01
    4.11488831e-01 -7.96318054e-01 6.17412746e-01 4.88023460e-01
    1.63473117e+00 1.81467676e+00 7.11603105e-01 8.29521060e-01
    1.80035853e+00 9.41544533e-01 1.06556749e+00 1.00525570e+00
    6.75107062e-01 -1.60495058e-01 5.88522911e-01 -2.19806746e-01
    1.79229259e+00 1.55466354e+00 5.55457056e-01 9.65320110e-01
    2.81026751e-01 1.00706649e+00 1.38465953e+00 4.40947890e-01
    -3.09142113e-01 1.70481420e+00 7.49208033e-01 5.94716907e-01
    8.00647855e-01 1.73892808e+00 2.62770653e-01 -3.30039918e-01
    5.25570810e-01 -2.28612795e-01 1.69401717e+00 -4.78399664e-01
    1.73158073e+00 -7.16871262e-01 -4.59517986e-01 5.26372194e-01
    1.55132997e+00 2.64661252e-01 6.69462264e-01 1.22823842e-01
    9.51810598e-01 1.51804578e+00 1.42926753e+00 1.51992834e+00
    6.93890631e-01 8.50110233e-01 1.71872473e+00 1.43396354e+00
    1.62497342e+00 1.41945124e+00 2.45380402e-01 7.24960268e-01
    1.40276179e-01 -4.63861376e-01 1.04917729e+00 -6.02282405e-01
    1.21463549e+00 -6.81466699e-01 1.16378993e-01 -7.59290040e-01
    1.78991175e+00 5.16625106e-01 8.99249434e-01 1.62773371e+00
    1.32671833e+00 -8.14332247e-01 -6.64409995e-02 5.84986866e-01
    1.70076096e+00 1.66319817e-01 8.58886898e-01 5.64636350e-01
    1.64396834e+00 -8.74402702e-01 -3.00014704e-01 1.36692679e+00
    -3.50156248e-01 1.55145183e-01 -8.29142630e-01 -2.04892218e-01
    -4.29692835e-01 5.23604341e-02 1.86985838e+00 2.42038071e-01
    -6.49366796e-01 6.82643890e-01 -3.87372077e-01 -7.74500847e-01
    4.91052777e-01 4.52742964e-01 1.23974168e+00 -7.34894633e-01
    1.47131205e-01 4.24101442e-01 1.22099602e+00 8.82185400e-01
    -4.83433306e-01 -6.86020851e-01 5.54621458e-01 -7.12917149e-01
    1.31786060e+00 1.39546180e+00 -7.09812045e-01 8.13953817e-01
    9.60436046e-01 1.77830935e+00 -6.60244346e-01 -1.79525420e-01
    1.57977462e+00 1.54758012e+00 1.66497886e+00 1.75321922e-01
    -5.71291089e-01 1.17559385e+00 1.35678899e+00 1.02544867e-01
    6.76739991e-01 -4.78287578e-01 -1.85829848e-01 2.93716341e-01
    -5.42421877e-01 1.43900609e+00 1.33108830e+00 1.67221677e+00
    -8.36857334e-02 9.93395984e-01 1.73572576e+00 1.18252599e+00
    -1.50670245e-01 6.82582259e-02 -5.25930762e-01 -4.10684019e-01
    -2.74585009e-01 7.79576302e-01 -7.73685157e-01 -2.13841185e-01
    9.91948396e-02 1.78684318e+00 -3.14706713e-01 4.82852191e-01
    1.46789980e+00 -4.75890219e-01 8.75486806e-02 -8.27611610e-02
    6.01810455e-01 -1.66396685e-02 -2.35209808e-01 -4.02974218e-01
    5.94274402e-01 3.61256987e-01 1.41552448e+00 -2.47227192e-01
    2.45521501e-01 3.21571261e-01 -1.35570094e-01 3.69044170e-02
    2.26555839e-01 -4.27680492e-01 -2.25462079e-01 -6.43373668e-01
    9.41682041e-01 -6.36173964e-01 1.46098983e+00 1.29286444e+00
    -4.80977923e-01 -4.13123250e-01 -5.51652133e-01 -3.18412125e-01
    -4.52440500e-01 1.84111798e+00 7.87996054e-01 9.66416478e-01
    7.67215908e-01 8.45012963e-01 -5.22813834e-02 7.86905169e-01
    3.91598493e-01 -3.46026830e-02 6.33275568e-01 2.98633635e-01
    7.47402191e-01 2.54741073e-01 7.04291761e-01 -8.11162114e-01
    -3.12670588e-01 5.86499572e-01 -1.16700336e-01 -6.59634292e-01
    -1.35321140e-01 1.58908153e+00 -2.20640510e-01 1.02854812e+00
    3.75266850e-01 -7.03143775e-01 4.67236787e-01 1.51987302e+00
    7.54918456e-01 -8.17464352e-01 1.56939292e+00 -6.27002418e-01
    7.53875077e-01 8.53183627e-01 -2.31073424e-01 1.24907827e+00
    7.36973643e-01 1.82701766e+00 1.76157176e+00 1.45800149e+00
    7.38737509e-02 -3.07959706e-01 3.62597764e-01 1.54872668e+00
    1.60356843e+00 1.69074821e+00 -1.09635685e-02 1.36196315e+00
    9.21080947e-01 2.88457006e-01 -1.08068921e-01 -6.73103094e-01
    -4.69232231e-01 -6.54100358e-01 1.02501523e+00 1.14011037e+00
    1.06981063e+00 1.55709946e+00 -1.02707401e-01 -8.90386403e-02
    4.04694468e-01 2.05578595e-01 -7.99703062e-01 1.33228958e+00
    1.89519775e+00 5.52412093e-01 4.87412065e-01 -8.15454841e-01
    8.12943339e-01 1.84071839e+00 5.50308898e-02 4.32174265e-01
    7.51783311e-01 4.70594227e-01 1.06734002e+00 -1.99392438e-01
    8.90312195e-01 3.13616395e-01 8.03865969e-01 1.80619955e+00
    8.15649807e-01 -4.96131331e-02 4.50256437e-01 8.41326714e-01
    2.70735085e-01 3.44492704e-01 6.08947933e-01 8.38635117e-02
    -8.09116289e-02 -3.67737353e-01 1.53396034e+00 -5.32097042e-01
    1.54833102e+00 1.03650704e-01 -3.72293144e-01 1.62745059e+00
    -7.44981468e-01 1.06793880e+00 -6.18434906e-01 -3.23694646e-01
    1.76833677e+00 8.82913768e-01 1.53682864e+00 1.18061566e+00
    5.65894604e-01 1.43027604e+00 -5.28993726e-01 -1.88361164e-02
    8.40487897e-01 -3.93787503e-01 2.50850260e-01 6.19056821e-01
    1.49787164e+00 -3.19123745e-01 6.54430687e-01 1.21452093e+00
    -8.27897936e-02 -3.07594001e-01 1.46922147e+00 -9.04978439e-02
    -1.74284682e-01 -4.14837211e-01 5.21939874e-01 4.19059306e-01
    -1.41775712e-01 9.59430337e-01 8.32293212e-01 5.01699209e-01
    8.51474881e-01 -4.92525548e-01 1.41795826e+00 -9.19619575e-02
    9.51466382e-01 -5.99120557e-01 4.45355117e-01 1.64468050e+00
    -2.35039204e-01 1.79217124e+00 1.26901746e+00 -1.67932972e-01
    -7.40600467e-01 -5.94646394e-01 3.30359399e-01 9.10961568e-01
    1.49451351e+00 5.59190288e-02 3.01353008e-01 1.58786047e+00
    9.38957706e-02 -6.35652915e-02 -7.62705266e-01 -9.36772749e-02
    1.59608078e+00 -1.42772406e-01 8.53731513e-01 1.13421488e+00
    1.44323635e+00 1.77637911e+00 9.06687021e-01 -2.64148772e-01
    1.64118373e+00 -6.70114219e-01 -6.71871305e-01 1.51491272e+00
    1.70214546e+00 3.17160279e-01 1.00720668e+00 -7.42877722e-01
    -4.13440049e-01 -1.33259997e-01 7.48197794e-01 1.94949001e-01
    1.82836652e+00 1.53590798e-01 1.87517032e-01 -6.97731674e-01
    1.02843332e+00 1.08984208e+00 2.84709662e-01 8.96775186e-01
    3.47364157e-01 2.61884779e-01 4.91898715e-01 -5.89708984e-01
    1.38920474e+00 -5.37409961e-01 6.84746027e-01 8.71865809e-01
    -7.90063679e-01 -5.95046878e-01 1.18229544e+00 -8.37997317e-01
    1.82507291e-01 -2.40144916e-02 1.47657776e+00 1.00495565e+00
    -5.80605328e-01 1.57583463e+00 1.10260904e+00 1.81941843e+00
    2.28633702e-01 -3.42894733e-01 -1.97133303e-01 -3.33672971e-01
    -6.07938826e-01 9.60588872e-01 1.06913972e+00 -4.73978847e-01
    8.23157310e-01 1.12796652e+00 1.06467009e+00 1.97613791e-01
    -2.31236722e-02 -5.31418025e-01 1.88831294e+00 1.87609959e+00
    7.01109409e-01 -6.31305456e-01 -1.43889159e-01 -4.37266678e-01
    -7.03333616e-02 1.03050649e+00 -3.82833660e-01 3.19861978e-01
    -1.90556288e-01 1.86052048e+00 1.24854378e-01 5.62427998e-01
    6.56928644e-02 4.59336460e-01 1.67811167e+00 3.75303417e-01
    2.32903257e-01 -3.12200278e-01 2.17442870e+00 -1.19389631e-01
    2.12640667e+00 1.07202733e+00 1.23686981e+00 1.98519361e+00
    2.78538764e-01 1.05889165e+00 -6.15676463e-01 1.13265455e+00
    7.94119775e-01 5.73155642e-01 8.52985978e-01 1.95630357e-01
    3.07822078e-01 1.67394602e+00 -2.17940733e-01 -3.75905722e-01
    -7.95376360e-01 1.56493735e+00 1.77103713e-01 1.87001038e+00
    1.48514974e+00 3.24369460e-01 -8.17355096e-01 1.32995212e+00
    1.14053059e+00 1.10188091e+00 5.06408453e-01 -3.72688144e-01
    -1.94477066e-01 1.81560266e+00 1.02332795e+00 1.16580689e+00
    4.34384853e-01 1.62180722e+00 -5.22694945e-01 -3.50671113e-01
    1.01664197e+00 1.67997098e+00 -1.74254686e-01 -2.62259543e-01
    4.89813536e-01 1.17984340e-01 8.32626075e-02 8.20847392e-01
    -2.71522492e-01 8.84222090e-01 -1.42136991e-01 1.81539571e+00
    1.36367893e+00 -8.07651579e-01 -2.97639966e-01 5.45703769e-01
    4.92147326e-01 7.01785207e-01 -1.71229929e-01 8.30799520e-01
    7.46151268e-01 3.52249503e-01 -4.97330636e-01 -5.11987329e-01
    -5.53517282e-01 1.35942352e+00 1.53216195e+00 -3.36427271e-01
    -5.67265712e-02 -4.88194823e-01 -1.65019885e-01 8.96390259e-01
    1.57688940e+00 1.72351432e+00 1.24150443e+00 7.51964033e-01
    6.49721146e-01 -7.43999124e-01 1.07504082e+00 -2.24248067e-01
    8.82310510e-01 9.24335837e-01 1.23872674e+00 -5.78992665e-01
    -1.89398244e-01 1.21683814e-01 1.02086522e-01 1.08057737e+00
    1.28974819e+00 3.38884324e-01 1.11432505e+00 -5.72278440e-01
    1.28306460e+00 1.35708237e+00 1.50673604e+00 1.56719422e+00
    7.22838163e-01 -8.33103001e-01 9.18394849e-02 8.76469076e-01
    9.08326626e-01 -5.85217655e-01 1.55248761e+00 1.05448365e+00
    1.22067475e+00 -6.89444423e-01 1.04343623e-01 4.92642432e-01
    -1.62632138e-01 -7.45722532e-01 7.97176123e-01 -1.41853005e-01
    1.16158950e+00 1.47804308e+00 4.36356395e-01 2.42266536e-01
    1.79201162e+00 -7.95654178e-01 1.15236104e+00 -1.97123632e-01
    1.48725748e+00 8.67850065e-01 2.64547110e-01 1.18033266e+00
    1.82012022e+00 1.38564253e+00 -5.95336020e-01 1.55249643e+00
    8.30807567e-01 -3.26368660e-01 1.62258673e+00 1.27108407e+00
    -6.01328909e-01 1.25501141e-01 2.30827942e-01 9.04685855e-02
    6.51929855e-01 1.46797645e+00 1.37389457e+00 9.16331708e-02
    2.10921362e-01 1.78061450e+00 7.99596369e-01 2.84094572e-01
    8.01307261e-02 9.24041510e-01 1.53239894e+00 -2.58572340e-01
    3.87225986e-01 9.19112623e-01 -3.54264855e-01 -8.25781450e-02
    1.24426544e+00 -5.92055917e-01 6.50884449e-01 1.14956903e+00
    2.29368418e-01 -8.76952469e-01 7.42245495e-01 1.37574029e+00
    -8.04096401e-01 -8.88428271e-01 5.89327276e-01 1.22807288e+00
    -4.90618199e-01 3.61655831e-01 5.90963364e-01 1.42279220e+00
    -2.63252407e-01 -7.83620894e-01 6.32304609e-01 -6.92135036e-01
    -3.20761591e-01 3.41645740e-02 1.29921556e+00 -2.79744536e-01
    -1.29078701e-01 9.11348343e-01 9.85907376e-01 -4.16314542e-01
    1.43044579e+00 2.55327404e-01 1.19062293e+00 9.24580812e-01
    -7.04017580e-01 1.81431830e+00 6.99360847e-01 6.99656069e-01
    -2.46562928e-01 9.36383545e-01 7.91038096e-01 3.48731577e-01
    1.41877401e+00 1.71700120e+00 -1.56012133e-01 -4.67262179e-01
    -4.91449147e-01 1.76887012e+00 7.32040882e-01 1.01673460e+00
    -1.86782002e-01 1.04726815e+00 8.69177341e-01 1.69651902e+00
    -4.25073467e-02 -5.96678615e-01 5.85503697e-01 -2.60688782e-01
    5.56340575e-01 1.17893207e+00 -2.78101176e-01 -2.35603005e-01
    2.73466855e-02 2.77159929e-01 1.83337018e-01 1.40004969e+00
    -5.05138859e-02 1.26362979e+00 8.06890249e-01 1.51906848e+00
    -1.28728524e-01 -6.24446273e-01 4.23149556e-01 1.36703670e+00
    -2.75160164e-01 5.80191374e-01 4.98678625e-01 1.74480546e+00
    2.10937947e-01 -3.01431149e-01 -7.95846432e-02 3.14653963e-01
    1.49647093e+00 6.33784235e-01 1.55538309e+00 -1.97307020e-01
    -3.57936680e-01 -2.27326661e-01 -3.42503309e-01 3.06969345e-01
    1.42484057e+00 7.89046407e-01 -7.05163538e-01 -1.59254763e-02
    5.26456814e-03 -3.53361696e-01 6.71055079e-01 9.04896855e-02
    1.89192927e+00 6.56038105e-01 2.23784119e-01 7.60805786e-01
    7.48058781e-02 6.92587197e-01 1.63988006e+00 1.90404132e-02
    1.56283462e+00 1.16110563e+00 -1.85104221e-01 1.81420408e-02
    1.91854572e+00 1.56673300e+00 9.29886758e-01 -3.94296676e-01
    -3.40733707e-01 -3.82633537e-01 4.13387626e-01 -5.43337643e-01
    -1.98705688e-01 1.69270444e+00 7.20336795e-01 -6.45167768e-01
    -3.80506814e-01 9.56943214e-01 4.43913728e-01 -5.44702888e-01
    -4.27839100e-01 1.53277084e-01 3.06645334e-01 -1.51471775e-02
    -5.21639526e-01 -8.04949701e-02 -2.28611231e-01 -4.67361659e-02
    9.46539819e-01 1.77602029e+00 1.44104314e+00 1.56345057e+00
    4.84305084e-01 -4.37819988e-01 1.82143307e+00 -8.58181357e-01
    5.59971929e-01 -1.79556295e-01 5.34188688e-01 -1.59354404e-01
    3.50051820e-01 1.11677460e-01 3.03278834e-01 1.37472689e+00
    1.18803084e+00 -5.27407229e-01 1.67027903e+00 5.26775122e-01
    2.89433971e-02 1.02668965e+00 -6.93590820e-01 8.21435928e-01
    -4.79371399e-01 5.62408149e-01 -3.01566154e-01 -2.53739655e-01
    1.64389634e+00 1.47659385e+00 -6.64545238e-01 7.38420963e-01
    -4.51653004e-01 1.19370592e+00 7.82219972e-03 -2.91158050e-01
    6.66173577e-01 6.87463403e-01 5.87610424e-01 6.68038845e-01
    7.01046661e-02 -2.44816512e-01 7.21837699e-01 8.01116288e-01
    -8.53102386e-01 1.06967723e+00 1.80143988e+00 1.52428782e+00
    1.41321576e+00 -8.38330746e-01 3.76042910e-02 -1.86919704e-01
    1.76852047e-01 1.30207026e+00 1.13616061e+00 3.55378270e-01
    1.36534929e+00 -7.93965638e-01 2.19739482e-01 2.73231510e-02
    1.41992831e+00 1.15728629e+00 1.63024843e+00 1.71673322e+00
    8.82441819e-01 1.19512808e+00 -3.71437639e-01 1.71256864e+00
    -6.00708246e-01 -3.65589112e-01 3.52039993e-01 -7.16583252e-01
    -1.56347692e-01 6.12294197e-01 6.99095249e-01 -5.96766412e-01
    7.91465104e-01 1.83425173e-01 2.95101523e-01 -3.77737015e-01
    7.71386623e-01 1.26482344e+00 1.50178778e+00 1.33181739e+00
    1.56167817e+00 -7.95189619e-01 9.50161815e-01 -3.71299796e-02
    6.85217142e-01 6.23947084e-01 1.42513776e+00 1.30565631e+00
    2.98087269e-01 1.58607408e-01 3.64796251e-01 -8.17929387e-01
    -2.92401046e-01 -2.92864829e-01 -7.21829057e-01 1.18500984e+00
    1.71483231e+00 -5.32099009e-01 1.61726093e+00 8.55155587e-02
    -2.54159570e-01 -6.05670810e-01 5.59318006e-01 -7.69074798e-01
    1.35001972e-01 -5.29226422e-01 -4.46152031e-01 3.59905899e-01
    6.51875675e-01 2.24947721e-01 1.63684034e+00 -4.27636445e-01
    1.13163102e+00 -8.36263657e-01 9.61538911e-01 1.42610967e+00
    4.99482304e-02 9.73085225e-01 -8.47953439e-01 1.75424027e+00
    -8.47163081e-01 -3.29434842e-01 5.08945286e-01 -8.80010054e-02
    6.51837409e-01 -6.30489051e-01 6.65592104e-02 1.71738866e-04
    6.58441901e-01 -8.14005911e-01 -4.03719604e-01 1.27780497e+00
    -1.43439665e-01 1.84757352e-01 1.02072251e+00 1.83322453e+00
    1.01123679e+00 8.99661958e-01 8.35779130e-01 1.80257237e+00
    1.17997319e-01 6.83014929e-01 1.01907648e-01 1.76919663e+00
    9.69646215e-01 1.82011321e-01 -7.49255717e-01 5.95712185e-01
    4.42778468e-01 1.32362247e+00 1.62490964e+00 -3.76290470e-01
    1.30953920e+00 -1.46233797e-01 1.34159231e+00 1.49948394e+00
    -3.80319297e-01 9.62106705e-01 -4.51286852e-01 -9.94862989e-02
    1.57412577e+00 1.58236277e+00 -3.28912318e-01 -4.73791748e-01
    6.87140167e-01 1.35602868e+00 -6.07714593e-01 4.00041461e-01
    3.88682097e-01 1.79193425e+00 9.06771600e-01 -5.70724189e-01
    1.70865536e-01 -3.40514630e-02 1.74102783e+00 1.56107497e+00
    1.84087837e+00 1.44162714e+00 -3.77648175e-01 1.31447792e-01
    7.39935994e-01 -7.09614873e-01 -5.79737306e-01 -8.08248341e-01
    9.60392475e-01 1.07100785e+00 8.80803525e-01 1.44070208e+00
    9.95945573e-01 -2.22901389e-01 1.48251903e+00 -2.33781770e-01
    5.90998828e-01 2.69487888e-01 1.80263424e+00 1.77023304e+00
    5.47780633e-01 1.27818704e+00 7.83899784e-01 5.66043496e-01
    1.03776968e+00 -3.04521918e-01 5.65298140e-01 1.02521062e+00
    -4.38422114e-01 4.80221897e-01 2.47044250e-01 1.49879146e+00
    1.35665166e+00 -4.51038480e-01 -7.98449516e-01 1.40995502e+00
    -7.99553752e-01 2.66019106e-01 1.75632581e-01 1.59691072e+00
    1.12405181e+00 -5.36621690e-01 1.04024780e+00 -1.96563005e-01
    -3.93378913e-01 -6.18651271e-01 1.08310854e+00 1.98511326e+00
    1.35104430e+00 3.64293754e-01 2.01826835e+00 9.72256839e-01
    9.99757826e-01 -6.94914302e-03 -2.50336021e-01 8.81669044e-01
    9.91351545e-01 6.00566855e-03 3.89879644e-01 -4.78285789e-01
    2.70102233e-01 -1.81740999e-01 1.21542943e+00 1.87811840e+00
    -6.15407646e-01 1.59465361e+00 7.76788533e-01 -2.29130492e-01
    -7.73557842e-01 1.05232313e-01 6.32357895e-01 4.91346687e-01
    9.57648456e-01 -5.37201345e-01 -1.10004693e-02 5.15538335e-01
    7.04506576e-01 9.49597359e-03 1.04195523e+00 -5.18276572e-01
    1.52774584e+00 1.62985957e+00 5.31696618e-01 2.48433560e-01
    4.79422867e-01 -6.15611553e-01 1.13800502e+00 1.00344181e+00
    -2.69451678e-01 1.55904172e-02 1.44073606e-01 9.22929272e-02
    3.52428019e-01 4.83602941e-01 -8.27205062e-01 2.43312776e-01
    -8.37437809e-01 1.41727293e+00 9.64986742e-01 1.20870876e+00
    -1.12007018e-02 9.47329879e-01 7.02522516e-01 1.74745417e+00
    1.42395902e+00 1.63388574e+00 3.26299369e-01 1.16352117e+00
    9.79062319e-01 3.95621479e-01 -2.57499486e-01 -7.33640373e-01
    1.32284939e+00 9.95185614e-01 -7.98180878e-01 1.63667393e+00
    8.35972190e-01 -1.75148025e-01 2.98982650e-01 9.49844956e-01
    1.13645267e+00 1.67888629e+00 -5.88345468e-01 3.87048304e-01
    1.42862511e+00 1.34092093e+00 1.43582582e-01 1.55340362e+00
    1.76807749e+00 1.01551986e+00 1.07800329e+00 3.26001972e-01
    -8.26991618e-01 -4.13837992e-02 1.19262111e+00 -7.56347477e-02
    -5.53278029e-01 6.58086121e-01 -2.37023532e-01 5.14280379e-01
    1.52368927e+00 7.26637959e-01 5.16224980e-01 1.08324206e+00
    -4.25184220e-01 1.50817728e+00 1.48516989e+00 1.41442657e+00
    8.13441515e-01 1.94930181e-01 7.44739830e-01 -2.36033037e-01
    8.15227687e-01 -7.29047284e-02 -3.26586425e-01 6.45801067e-01
    1.25324678e+00 1.73495471e+00 1.79386723e+00 6.51416302e-01
    1.15510976e+00 -5.05657732e-01 1.01651299e+00 -2.98459351e-01
    1.03450727e+00 6.60591125e-01 7.93363094e-01 6.66861176e-01
    9.25899982e-01 2.73425668e-01 -9.27931517e-02 1.14823127e+00
    -8.97820413e-01 9.22422528e-01 -7.31181145e-01 8.39454830e-02
    1.79688883e+00 -5.47233403e-01 6.64777577e-01 -5.84885657e-01
    -2.40168720e-01 1.10670638e+00 -1.03203192e-01 -4.40400958e-01
    -5.29334508e-02 1.27742076e+00 4.96844828e-01 5.21785855e-01
    3.67047302e-02 -3.51048186e-02 5.68610787e-01 7.47678757e-01
    4.62314337e-01 3.74299467e-01 5.35037577e-01 8.06481093e-02
    1.80212402e+00 -3.87471020e-01 3.64672989e-01 5.56168675e-01
    4.56786394e-01 8.77240598e-01 1.07736707e+00 5.45768142e-01
    -6.94725394e-01 -8.31832364e-03 -8.22689056e-01 -5.97037613e-01
    6.90913260e-01 5.64418316e-01 -5.50044775e-01 -4.44005221e-01
    3.81404348e-03 1.58594322e+00 6.77695632e-01 8.00720692e-01
    1.08282042e+00 2.32841410e-02 7.24485099e-01 7.64749229e-01
    3.13911624e-02 5.06072521e-01 -3.27787310e-01 -6.71636403e-01
    8.36255729e-01 7.12254882e-01 -8.20925713e-01 1.68410406e-01
    1.48580837e+00 -7.06144035e-01 4.48011607e-01 -3.36125821e-01
    1.30306137e+00 1.16296530e+00 -8.11264157e-01 5.53709090e-01
    1.03222549e+00 3.03432494e-01 1.88644624e+00 1.70992219e+00
    1.43007207e+00 -4.11403090e-01 1.25000393e+00 -5.82583547e-01
    -5.81947803e-01 3.19672853e-01 1.42050004e+00 1.18532908e+00
    5.53208113e-01 6.31102741e-01 -4.59929019e-01 -9.19902697e-02
    1.36858499e+00 -6.50777876e-01 6.50602102e-01 -7.62936652e-01
    1.75308660e-01 1.96923912e-01 1.37955785e+00 7.37959683e-01
    -9.41664800e-02 7.50144601e-01 -5.99009037e-01 2.22545117e-01
    -2.80218780e-01 3.29892874e-01 1.83172548e+00 -5.62931418e-01
    1.28539765e+00 1.27158821e+00 -7.08585322e-01 -7.99786985e-01
    1.21123947e-01 -3.78957093e-01 1.01198271e-01 1.84848595e+00
    2.55828589e-01 5.68345726e-01 2.05043286e-01 4.30745870e-01
    4.46487367e-01 -5.38321316e-01 2.81969249e-01 -5.34528911e-01
    -7.83737957e-01 1.18881285e+00 1.59055972e+00 -7.63885081e-02
    4.75191772e-01 -2.40281820e-01 1.17749786e+00 -6.36126280e-01
    2.05917522e-01 9.05544400e-01 -3.47934991e-01 1.43955600e+00
    -7.76942447e-02 1.61361027e+00 -2.44973525e-01 2.22733587e-01
    9.05726552e-02 -1.58653140e-01 1.30582464e+00 5.27615428e-01
    6.34613395e-01 -3.71513247e-01 1.53846776e+00 3.43827605e-01
    8.85688543e-01 1.52550220e+00 1.06787764e-01 6.48999214e-01
    9.13287640e-01 1.89946902e+00 -7.33490109e-01 8.87377799e-01
    1.31116462e+00 1.13090384e+00 1.63533068e+00 -6.43585682e-01
    -3.06706876e-01 3.58034104e-01 1.82975757e+00 -3.41216803e-01
    -3.33956480e-01 -3.84788513e-01 -3.24315250e-01 5.03765225e-01
    -5.83775580e-01 3.55570734e-01 3.82279128e-01 9.70163047e-01
    2.00444981e-01 2.13586682e-04 -4.79071707e-01 9.57792699e-01
    1.49680614e+00 1.22662401e+00 1.26752913e+00 -7.87693262e-01
    6.30934656e-01 1.62943637e+00 7.74127766e-02 -2.36183956e-01
    -7.29205012e-01 1.13783002e+00 1.45902669e+00 4.09274518e-01
    -3.50705504e-01 1.26100159e+00 6.00972734e-02 -7.52647281e-01
    -3.88502866e-01 6.58043623e-01 1.67794973e-01 4.37670439e-01
    1.04240668e+00 1.06271315e+00 -2.64457129e-02 -6.68005049e-01
    2.22165182e-01 8.63330483e-01 -6.03053905e-03 7.53027916e-01
    7.69220412e-01 -9.63819399e-02 -2.13378221e-01 -5.55409670e-01
    7.01970398e-01 3.23093861e-01 4.21408653e-01 8.72357666e-01
    1.27038789e+00 1.62507021e+00 3.53299618e-01 2.77395755e-01
    1.74638033e+00 1.03965259e+00 -6.35702386e-02 5.21690488e-01
    1.35204840e+00 -4.69580628e-02 8.74464333e-01 -4.16945547e-01
    2.35077173e-01 1.05794981e-01 1.46173751e+00 -1.69092625e-01
    -6.79420471e-01 5.20366788e-01 5.91988623e-01 1.80380654e+00
    -5.47890782e-01 1.41251421e+00 9.48157310e-01 9.82691765e-01
    1.30998802e+00 1.72596529e-01 1.09549022e+00 2.97045857e-02
    -6.20121300e-01 -7.92487323e-01 3.00001293e-01 -3.34658444e-01
    -3.07964951e-01 1.51772463e+00 6.50555670e-01 -2.69156247e-01
    9.53929782e-01 6.91341341e-01 1.54025614e+00 1.25089037e+00
    1.45975840e+00 -1.24990389e-01 1.74533284e+00 7.27362156e-01
    -7.77881801e-01 7.69672811e-01 7.27370441e-01 -3.16860020e-01
    1.55580854e+00 1.75926423e+00 7.34777093e-01 -4.11315113e-01
    5.20459056e-01 1.31729221e+00 1.38418555e+00 -4.57218230e-01
    5.71018100e-01 9.47705328e-01 1.59086275e+00 9.28812087e-01
    1.44787288e+00 1.01744998e+00 1.20159280e+00 4.17523324e-01
    1.61612010e+00 1.03303576e+00 -4.44686621e-01 1.52860785e+00
    1.29751039e+00 1.72251594e+00 4.11260217e-01 -1.86688051e-01
    2.83199459e-01 1.02079844e+00 1.08953440e+00 -4.55788136e-01
    -3.12195063e-01 -1.58242837e-01 -6.08670175e-01 1.18351626e+00
    8.00331175e-01 1.45368850e+00 1.24602294e+00 1.39091241e+00
    1.66384423e+00 3.37159544e-01 1.19641995e+00 3.36331546e-01
    9.80587065e-01 4.91982609e-01 1.55120301e+00 3.21639597e-01
    1.71574426e+00 5.24101369e-02 9.51437354e-01 9.47030902e-01
    4.86391544e-01 1.29952395e+00 2.96914101e-01 1.02404594e+00
    5.95701039e-01 -2.71107435e-01 8.42347205e-01 1.46191692e+00
    -7.95841217e-01 4.62651730e-01 -7.64129031e-03 -7.41250277e-01
    3.27201456e-01 1.19243741e+00 -2.74296403e-01 1.19245708e+00
    -1.99519128e-01 -1.51415840e-01 3.45044792e-01 7.84595430e-01
    1.79653394e+00 3.79642099e-01 1.61520290e+00 1.06923485e+00
    5.03183484e-01 -5.52639902e-01 2.53651798e-01 1.93762884e-01
    -7.51716971e-01 -4.49212044e-01 1.66240072e+00 -1.13321535e-01
    -7.71979913e-02 3.12557727e-01 1.38629830e+00 3.75757039e-01
    -5.28743148e-01 6.03490591e-01 1.44336390e+00 9.71840322e-01
    -3.91434692e-02 -2.39723325e-01 -4.38774705e-01 1.45381010e+00
    -1.03551388e-01 1.08163023e+00 1.91338384e+00 1.60596216e+00
    1.21706820e+00 9.43193436e-01 4.40909833e-01 2.39615560e-01
    3.21163118e-01 -7.99870670e-01 -3.60376477e-01 -6.93847656e-01
    1.61300719e+00 -1.93870276e-01 4.77182865e-02 1.48394334e+00
    -8.07445496e-02 1.25290978e+00 7.48403668e-01 1.47299862e+00
    1.66261518e+00 5.41308820e-02 1.34119201e+00 -2.42395461e-01
    -1.61907673e-01 1.50912321e+00 3.12323689e-01 6.98500872e-01
    1.17381334e+00 8.99067402e-01 1.34244764e+00 -7.81619430e-01
    -1.18492022e-01 1.23057640e+00 1.43553346e-01 -5.20090878e-01
    5.09556770e-01 5.45691907e-01 -8.24669749e-02 -4.38969016e-01
    7.00504959e-01 1.48550794e-01 -1.80396721e-01 9.62298632e-01
    5.70675910e-01 3.82207543e-01 1.88367617e+00 -5.18588364e-01
    -4.39485162e-01 5.88298261e-01 -1.76544592e-01 -4.29788262e-01
    1.35921872e+00 1.10124087e+00 -1.68063924e-01 1.25859189e+00
    3.66862744e-01 -2.40820646e-01 2.53882349e-01 1.36996758e+00
    9.32543933e-01 8.18048976e-03 2.24548668e-01 2.01791562e-02
    -6.43626094e-01 1.12199867e+00 9.03546870e-01 1.53515613e+00
    1.89190972e+00 1.64020979e+00 1.45726013e+00 8.94512236e-01
    1.23873651e+00 4.95726883e-01 1.78403866e+00 8.41185331e-01
    -5.22944927e-01 -6.20190680e-01 -5.11529386e-01 1.06313300e+00
    7.65506506e-01 1.10244238e+00 -5.49851775e-01 1.07044125e+00
    1.27168930e+00 3.21786106e-01 3.32985312e-01 8.71133357e-02
    7.00398803e-01 -5.02070427e-01 1.19095552e+00 5.97822487e-01
    8.83584321e-01 7.62138426e-01 1.33725747e-01 -1.92557827e-01
    5.84385991e-01 3.75245209e-03 1.61722612e+00 2.63252631e-02
    1.61595404e+00 -8.77376571e-02 6.10476494e-01 1.05058610e+00
    -4.80418831e-01 -5.54321110e-01 1.84810543e+00 -3.03600669e-01
    -4.25028861e-01 -4.57168519e-01 1.12919343e+00 -4.50874865e-01
    -4.69893306e-01 9.74046290e-01 3.59053254e-01 -1.18896633e-01
    1.39785790e+00 1.63945174e+00 8.35911810e-01 -8.18843424e-01
    -7.37908721e-01 1.08677757e+00 5.09684265e-01 1.59072906e-01
    9.51156855e-01 7.24751353e-01 2.42889717e-01 4.59561080e-01
    1.81782722e+00 3.65671962e-01 6.87877297e-01 1.36778402e+00
    -4.98736024e-01 -4.35950845e-01 -6.26304805e-01 1.00222135e+00
    4.99542922e-01 1.29471672e+00 1.73532510e+00 1.23013508e+00
    9.01834905e-01 -5.57932794e-01 1.71448076e+00 1.28392720e+00
    -2.03327253e-01 -6.09294295e-01 3.85269612e-01 5.79938352e-01
    1.52556920e+00 1.47691643e+00 9.17447090e-01 6.64744794e-01
    5.97068906e-01 -2.84497857e-01 1.00874662e+00 1.01643515e+00
    -7.41713107e-01 1.20990741e+00 -8.48762572e-01 1.80283737e+00
    1.60147357e+00 -1.62296504e-01 1.56350648e+00 4.55743849e-01
    -5.42115830e-02 5.37280560e-01 -3.55258763e-01 -5.21700382e-02
    -2.33468175e-01 1.42323899e+00 1.11032709e-01 -7.68323839e-01
    1.15118757e-01 -3.16478193e-01 7.35979900e-02 1.85674441e+00
    1.10418642e+00 1.56596446e+00 6.66469276e-01 8.10479581e-01
    -5.56391217e-02 8.99155438e-01 1.44004369e+00 9.63469028e-01
    4.53923345e-01 9.12885785e-01 1.60638958e-01 7.54334927e-02
    8.54772270e-01 2.43287846e-01 -1.69451252e-01 -5.89627266e-01
    9.53159630e-01 1.20325935e+00 9.86521721e-01 -6.36817753e-01
    1.61563826e+00 1.27186191e+00 -6.03002071e-01 4.60662752e-01
    6.39297292e-02 2.23279119e-01 -8.53976309e-01 1.41573250e+00
    3.96749198e-01 -6.19847119e-01 -6.31350994e-01 -3.86250407e-01
    -1.74778417e-01 1.40309739e+00 1.41322994e+00 -9.08041820e-02
    -6.22633100e-01 6.12349272e-01 1.08392656e+00 1.35961378e+00
    -6.09886408e-01 4.87659037e-01 -5.72446704e-01 5.55388331e-01
    -8.28925192e-01 8.42308044e-01 -2.96049535e-01 -2.87186116e-01
    1.20047331e+00 -8.43707263e-01 1.56931353e+00 1.51580787e+00
    5.94420016e-01 7.21052885e-01 1.61401629e+00 -6.57445788e-01
    1.59060001e+00 -4.54373658e-01 2.64660299e-01 1.75391451e-01
    2.99603254e-01 3.21741343e-01 -1.27139926e-01 1.25596404e+00
    -1.41519383e-01 1.26803064e+00 1.29152226e+00 1.01674020e+00
    8.13807249e-01 -3.57209504e-01 9.06589329e-01 -6.08605921e-01
    3.65668327e-01 7.71877408e-01 -2.80615743e-02 8.32716942e-01
    1.66232586e+00 1.49888921e+00 -6.50372863e-01 -4.77098584e-01
    1.32137895e+00 -4.47018258e-02 -7.19618261e-01 -3.18088323e-01
    1.52971971e+00 5.15993416e-01 3.27439278e-01 -2.38715187e-01
    -2.57757723e-01 -5.64854741e-01 -8.35249349e-02 1.73210227e+00
    1.23439527e+00 1.72580886e+00 -8.17999065e-01 1.40977752e+00
    1.90391317e-01 -3.77347581e-02 1.74050558e+00 -5.81977189e-01
    1.57938302e+00 4.57691312e-01 1.65923512e+00 1.78502655e+00
    1.72618675e+00 -8.44081581e-01 4.10157830e-01 -8.04082304e-02
    1.30268347e+00 7.00284302e-01 -7.52518654e-01 -4.26446289e-01
    1.16971695e+00 8.84565830e-01 1.35986090e+00 7.35655069e-01
    -3.77640992e-01 -5.39093137e-01 3.58168989e-01 1.82423913e+00
    3.73433322e-01 1.77674198e+00 4.74683672e-01 -6.28945410e-01
    -2.24555552e-01 3.40229958e-01 4.41829562e-01 3.32388848e-01
    1.51683509e+00 1.07475840e-01 5.89442670e-01 8.81913662e-01
    -1.98727012e-01 2.04649186e+00 1.96404362e+00 5.15845597e-01
    1.28836825e-01 6.01221502e-01 1.83693290e+00 1.91132426e+00
    6.27427459e-01 -6.61440015e-01 8.46017420e-01 1.70592856e+00
    1.93188548e+00 -2.82093555e-01 1.22537625e+00 6.70226812e-01
    6.98221743e-01 1.04383416e-01 5.08313060e-01 -6.35402262e-01
    4.30936128e-01 3.80887538e-01 -8.12727094e-01 1.66919053e+00
    3.94084722e-01 7.62299240e-01 -4.62720990e-01 1.49957025e+00
    1.20525360e+00 7.83818364e-01 1.76276791e+00 1.12930131e+00
    1.08958888e+00 -4.76321995e-01 -1.30346298e-01 4.37496454e-01
    1.02590656e+00 2.86108434e-01 1.55239260e+00 -2.74385780e-01
    -5.44650733e-01 8.52444410e-01 1.50381422e+00 1.82975411e+00
    1.43420947e+00 -8.09132814e-01 -2.01946855e-01 -6.61708593e-01
    1.69010198e+00 -8.61834109e-01 -4.83252972e-01 3.35886270e-01
    1.45291042e+00 1.47518301e+00 1.22843134e+00 -3.41575235e-01
    1.84464848e+00 -2.58146137e-01 1.02461651e-02 -5.28907359e-01
    1.88175738e-01 -2.13617325e-01 -5.33883750e-01 2.88169757e-02
    1.40424180e+00 2.22138420e-01 1.87180378e-02 1.63072157e+00
    1.79349172e+00 -3.44109744e-01 4.15624380e-01 -4.00177032e-01
    1.51755416e+00 1.10312271e+00 3.74708235e-01 3.82466130e-02
    -1.04043506e-01 6.28207684e-01 1.82488024e+00 1.87728441e+00
    1.51686811e+00 1.72946250e+00 1.08058012e+00 -8.22959960e-01
    -7.30993390e-01 -1.00297853e-01 9.81206000e-01 -4.17142093e-01
    -2.00905070e-01 -7.94062793e-01 8.79204154e-01 -6.45634234e-01
    4.35804695e-01 1.05697918e+00 1.73732960e+00 -5.51638007e-01
    -5.39850712e-01 1.21586633e+00 5.41068077e-01 1.70855713e+00
    -2.10934564e-01 9.34776366e-01 -2.75362760e-01 -2.80797601e-01
    4.53395516e-01 8.83341581e-02 5.85081697e-01 1.42013192e+00
    8.28043044e-01 -3.35931242e-01 -8.01383138e-01 1.16477704e+00
    1.43488777e+00 1.32477522e+00 8.25610816e-01 -9.11790729e-01
    6.83707952e-01 2.32358649e-01 1.01301932e+00 -2.05442816e-01
    7.12002873e-01 1.36271167e+00 6.65745020e-01 5.35426259e-01
    1.55882895e+00 1.20727372e+00 -2.91644216e-01 -1.48813888e-01
    1.23617756e+00 1.09613323e+00 1.50793755e+00 1.64177096e+00
    5.84481716e-01 1.27696323e+00 2.60901928e-01 5.51524162e-01
    -7.42112815e-01 8.14655781e-01 1.53752875e+00 7.47358724e-02
    1.19722474e+00 1.96004540e-01 -5.38261235e-01 1.23108470e+00
    1.82726455e+00 1.67090368e+00 8.28030705e-01 2.10830241e-01
    1.38243902e+00 1.50102186e+00 1.02878904e+00 -4.12356108e-01
    1.26769090e+00 6.09963238e-01 3.62501353e-01 -8.55805695e-01
    -1.41421795e-01 1.42980027e+00 -6.41578734e-01 5.94484210e-01
    1.39754844e+00 -3.08674574e-01 1.58759499e+00 3.59194070e-01
    6.26086712e-01 -4.55874413e-01 1.35165703e+00 1.60255933e+00
    1.33855736e+00 2.32095689e-01 -7.63006926e-01 8.88644338e-01
    -7.09194005e-01 1.22417533e+00 1.38747776e+00 -1.60376221e-01
    1.64241552e+00 1.01884985e+00 -1.23236388e-01 9.36188340e-01
    -7.42743075e-01 4.89322335e-01 7.46801198e-01 1.63262099e-01
    1.06704652e+00 -3.53059083e-01 1.52217138e+00 -3.34010780e-01
    1.89390314e+00 2.91872799e-01 -6.31948531e-01 -4.41222459e-01
    -3.05146664e-01 -7.59011567e-01 -5.47536761e-02 1.29098505e-01
    1.84171414e+00 8.59120250e-01 9.38574016e-01 8.53318632e-01
    9.61175919e-01 8.52673352e-01 1.42313528e+00 1.40937686e-01
    1.78777769e-01 1.53283346e+00 8.38357031e-01 1.40994275e+00
    -1.78269282e-01 4.65192020e-01 -5.36201656e-01 2.45332748e-01
    3.52346659e-01 -4.08998013e-01 1.06741810e+00 1.29349542e+00
    7.76408017e-02 4.27407980e-01 1.43736053e+00 -4.00742054e-01
    1.50641966e+00 -1.22825786e-01 1.91162705e-01 7.28306115e-01
    1.27822733e+00 1.19383419e+00 1.36905587e+00 4.30271477e-01
    9.86996144e-02 5.00261188e-01 1.07318199e+00 8.49323213e-01
    1.61228323e+00 7.67963350e-01 5.39056361e-01 1.09529471e+00
    5.15955746e-01 -5.45571327e-01 1.25280070e+00 1.61627352e+00
    -4.30299819e-01 3.04788083e-01 1.30392224e-01 1.67684942e-01
    2.48419270e-01 -6.81937814e-01 1.03912640e+00 1.75150704e+00
    4.16979799e-03 8.61870289e-01 7.83331692e-01 1.08980393e+00
    1.67563128e+00 6.47147238e-01 1.70337009e+00 1.52428746e+00
    3.81113619e-01 8.36645365e-01 1.58604860e+00 1.86008587e-01
    1.87643087e+00 2.74598390e-01 -2.82528043e-01 6.80923641e-01
    8.24642122e-01 -3.85057271e-01 5.60681045e-01 4.45421726e-01
    9.32521820e-01 -5.53992033e-01 -3.64599317e-01 8.99912894e-01
    -5.40427268e-01 -7.06616789e-02 -2.50891149e-01 -6.24710858e-01
    2.30756491e-01 6.19158983e-01 1.53003860e+00 1.00684369e+00
    9.17094707e-01 7.24555850e-01 1.27496719e+00 2.05693021e-02
    -6.32714555e-02 7.31978536e-01 9.45536420e-02 1.15136755e+00
    8.57724369e-01 9.05933440e-01 5.50255299e-01 -1.28127158e-01
    -2.79146075e-01 1.18421841e+00 1.17830642e-01 1.38028717e+00
    9.21887338e-01 8.93017650e-02 1.42616081e+00 1.66535521e+00
    1.36922717e+00 1.82368279e+00 1.93963036e-01 8.33390415e-01
    -3.44004691e-01 -5.69152832e-01 1.25920415e+00 1.69905865e+00
    7.55302548e-01 1.43686926e+00 1.21107709e+00 -6.54659927e-01
    -7.88506866e-02 -6.47374913e-02 1.72885466e+00 6.14428103e-01
    1.61474061e+00 8.76180112e-01 -8.22485387e-01 1.86256945e-01
    6.65947080e-01 1.49695861e+00 1.52277195e+00 1.75957158e-01
    -4.69278753e-01 1.28282809e+00 -5.87126434e-01 1.47926664e+00
    6.51296854e-01 1.37598908e+00 1.04691374e+00 1.49188268e+00
    1.16908062e+00 -7.27186143e-01 6.51865184e-01 2.65229672e-01
    1.32397860e-02 -1.68615490e-01 -4.15091008e-01 9.40810442e-01
    -7.98007786e-01 -2.05334216e-01 1.30955982e+00 1.52834788e-01
    -6.32254720e-01 1.85790408e+00 9.26342309e-01 -7.29464352e-01
    -5.19745126e-02 -2.32696801e-01 1.08717120e+00 -4.39749062e-01
    1.34546864e+00 -1.57765463e-01 -7.62035608e-01 -5.60888886e-01
    -7.15231776e-01 -5.89025915e-01 1.51661292e-01 -1.27026543e-01
    1.63742924e+00 1.06349254e+00 1.22733891e+00 1.04790103e+00
    -3.82043570e-01 1.27698541e+00 5.48524857e-01 9.64155912e-01
    1.11017942e+00 -6.68548703e-01 1.63853908e+00 1.45846999e+00
    1.71677542e+00 1.18533099e+00 1.10765362e+00 -7.52130151e-01
    -3.08223188e-01 2.85419941e-01 5.76677285e-02 3.22111517e-01
    1.79291749e+00 -1.98968828e-01 1.62367022e+00 -3.95807832e-01
    -7.54112065e-01 1.07911110e+00 1.69083464e+00 -7.42118001e-01
    -4.02899273e-02 6.69110477e-01 -6.24813497e-01 1.77825487e+00
    4.31064308e-01 1.08545494e+00 1.09460175e+00 -3.11290413e-01
    1.02965856e+00 1.83260190e+00 1.66843438e+00 1.72560012e+00
    1.48966181e+00 1.24437881e+00 4.63934958e-01 8.17840338e-01
    -2.29741380e-01 -1.20262854e-01 1.40632164e+00 7.50308096e-01
    -4.79359418e-01 -4.90528256e-01 1.77573609e+00 8.18722129e-01
    -4.71443892e-01 1.14508069e+00 9.07065868e-02 3.55415076e-01
    7.36271024e-01 1.33884490e+00 -3.33224565e-01 1.50899827e+00
    6.29628003e-01 5.70887566e-01 1.35804641e+00 1.25963128e+00
    5.09851873e-01 5.52559614e-01 -2.10531399e-01 1.72786736e+00
    -9.19266716e-02 -2.85167515e-01 8.71320069e-02 1.07126212e+00
    -1.43128633e-02 3.12077105e-01 -6.13402091e-02 1.74938214e+00
    -4.60203648e-01 1.87144709e+00 1.53596938e+00 -5.77769816e-01
    1.17906570e+00 -7.72380888e-01 7.34446049e-02 -6.13903880e-01
    2.80786067e-01 -6.89240515e-01 -3.43700796e-02 1.16829216e+00
    1.33007157e+00 -4.64187890e-01 -4.14642155e-01 -3.70515101e-02
    7.42962956e-01 1.16409242e+00 3.34689200e-01 -5.98812997e-01
    1.01821721e+00 1.98879763e-01 -3.01531795e-02 1.47564173e+00
    1.69065285e+00 -6.14596963e-01 4.80707377e-01 1.65974021e+00
    7.24911630e-01 4.70903516e-02 1.07065451e+00 -6.05208218e-01
    8.97336423e-01 1.01709580e+00 -7.59082854e-01 -1.35943905e-01
    -2.03070983e-01 1.17812550e+00 1.44759035e+00 7.51669109e-01
    1.66461062e+00 7.25262702e-01 -3.81999284e-01 5.65537214e-01
    1.14617944e+00 -1.49649382e-01 8.40849936e-01 4.98990625e-01
    9.96560156e-01 -3.31707209e-01 -6.79693460e-01 2.36955091e-01
    -5.91093779e-01 9.36971664e-01 3.31555605e-01 5.39459527e-01
    8.16302955e-01 9.64395046e-01 -3.22625339e-02 -1.12042777e-01
    -6.52703941e-02 -7.50331342e-01 1.30235481e+00 -6.87481284e-01
    -6.88255966e-01 1.18652463e+00 1.06977373e-01 1.35216987e+00
    -2.86099315e-01 1.80799091e+00 1.81774044e+00 9.34068382e-01
    -3.12846214e-01 1.89849544e+00 1.01156902e+00 6.44877493e-01
    1.61631906e+00 6.06991529e-01 1.89904225e+00 -2.09479555e-01
    -2.29632065e-01 8.07860017e-01 8.57990623e-01 1.29474199e+00
    -8.03923905e-01 8.42947245e-01 1.76071525e+00 -5.50827384e-01
    -7.66790032e-01 9.33415890e-02 2.52612978e-01 1.27603233e+00
    -5.85480213e-01 -1.75859377e-01 5.99576219e-04 -4.64985281e-01
    -5.68293333e-01 9.91324186e-01 1.66365445e+00 -6.37997031e-01
    7.23779202e-01 1.23983037e+00 1.15862513e+00 -1.07792795e-01
    3.41286004e-01 7.95371711e-01 1.11739886e+00 1.66834056e+00
    1.65441930e+00 5.16862571e-01 2.62026578e-01 1.58812809e+00
    1.10679448e+00 1.33958066e+00 -1.38772190e-01 -7.66312838e-01
    1.60431278e+00 1.42823720e+00 1.43458760e+00 1.67124760e+00
    5.53982079e-01 -1.79138198e-01 1.42353797e+00 1.04661906e+00
    -1.00864753e-01 1.81234524e-01 -3.11888725e-01 1.47213876e-01
    -3.96905333e-01 -5.04250944e-01 6.57453597e-01 1.20607901e+00
    1.33178508e+00 -3.78784418e-01 1.07123387e+00 -4.36400205e-01
    9.64642107e-01 1.25652444e+00 2.18862876e-01 4.10312593e-01
    -8.11794326e-02 1.93426654e-01 3.11129034e-01 7.44526744e-01
    8.37392509e-01 1.46919191e+00 3.22464198e-01 1.37928367e+00
    -3.04287672e-01 -5.66814303e-01 1.98705032e-01 8.53101373e-01
    -2.78580010e-01 7.39248753e-01 -4.17367131e-01 1.31237268e+00
    1.02514529e+00 -1.01790037e-02 7.12984860e-01 9.92229998e-01
    2.85436511e-02 1.76169443e+00 1.38484025e+00 -1.67253047e-01
    -1.96687225e-02 -6.93890035e-01 1.07215357e+00 1.44194150e+00
    3.73113781e-01 8.55697691e-01 5.01772285e-01 2.26680219e-01
    7.76065737e-02 1.24003959e+00 5.56602955e-01 -1.23705208e-01
    6.46811068e-01 1.55273688e+00 -8.21079969e-01 -7.19925165e-01
    1.42292297e+00 1.38662159e+00 -5.20295739e-01 1.24034739e+00
    -5.75257577e-02 -3.85495067e-01 -2.39841342e-01 1.94508508e-01
    1.07582085e-01 1.59392524e+00 1.78474367e+00 1.74721992e+00
    -5.44047728e-02 -4.56012070e-01 3.19544613e-01 -2.15003595e-01
    -5.17332077e-01 1.33124185e+00 -2.39642501e-01 1.23018920e+00
    3.11343111e-02 -7.63914287e-01 9.48226035e-01 9.35869873e-01
    1.37067294e+00 5.80075562e-01 7.67972589e-01 6.54711962e-01
    1.66788471e+00 -6.13257289e-01 1.48864344e-01 -3.94969314e-01
    -1.18422896e-01 -6.70517683e-02 1.71828926e+00 3.73591959e-01
    6.35857165e-01 -4.29327637e-01 2.58474886e-01 -1.57355994e-01
    6.30379319e-01 -5.16574621e-01 7.72648036e-01 -8.29125643e-02
    -2.07721740e-01 1.64499068e+00 1.54087827e-01 -4.93037403e-01
    1.11908913e+00 1.79430389e+00 1.54344153e+00 9.90904391e-01
    5.52299142e-01 6.95234304e-03 1.61133516e+00 5.75044811e-01
    -6.56513572e-01 1.84002030e+00 5.86692750e-01 1.61041379e+00
    -2.13705003e-01 -5.97534478e-01 1.52013147e+00 6.75884187e-01
    1.26413345e+00 1.26963091e+00 5.25606453e-01 8.70898008e-01
    1.67872441e+00 -1.86725885e-01 2.64325589e-01 1.41843989e-01
    8.98419559e-01 -2.44256966e-02 6.48447096e-01 1.64555120e+00
    -4.00555104e-01 1.39353132e+00 1.34154308e+00 -6.30595488e-03
    9.55016017e-01 5.29424608e-01 1.24817121e+00 5.08811593e-01
    -5.12067139e-01 8.35630834e-01 3.99101317e-01 1.29620457e+00
    9.65706170e-01 -4.13074255e-01 1.30479455e+00 -2.51609683e-01
    1.79772615e+00 4.47122484e-01 4.92862731e-01 1.13145597e-01
    -2.67766714e-01 1.29645693e+00 2.71424681e-01 1.58372319e+00
    -8.53505909e-01 1.29601836e+00 -8.34810793e-01 7.62357056e-01
    6.06145442e-01 -4.01168019e-01 2.19859213e-01 -5.09385169e-01
    1.37083399e+00 1.68959284e+00 -4.72394824e-01 7.48179376e-01
    3.85198385e-01 1.36294663e+00 7.94308305e-01 9.47463632e-01
    -5.52301466e-01 2.92475998e-01 1.32608366e+00 1.08478570e+00
    5.15265703e-01 -4.97166455e-01 1.03395246e-01 -4.69529390e-01
    1.61242023e-01 -7.45011806e-01 -4.24595773e-01 -7.49564290e-01
    1.29971957e+00 -3.08051765e-01 1.06982398e+00 4.30636704e-01
    5.30816197e-01 -3.08509842e-02 2.15448365e-01 1.06135213e+00
    9.42237318e-01 6.76732004e-01 1.75338298e-01 1.74807811e+00
    -6.58248127e-01 -2.71370381e-01 1.26891637e+00 7.37230778e-01
    6.73606247e-02 -2.33037695e-01 -5.77297509e-01 3.05267155e-01
    9.52954888e-01 -3.37905020e-01 1.75752425e+00 -1.91571459e-01
    1.67988563e+00 1.14981163e+00 6.43551409e-01 1.28878009e+00
    8.40257168e-01 1.41411638e+00 8.23881984e-01 1.84682930e+00
    4.01699305e-01 1.28558612e+00 6.61808729e-01 6.22664690e-01
    6.32949829e-01 5.13911843e-01 5.38009107e-01 1.03137505e+00
    1.45659196e+00 -1.76512480e-01 1.09195739e-01 1.68844688e+00
    -2.69403696e-01 -1.15656950e-01 1.06318307e+00 -7.03560174e-01
    2.91765362e-01 6.87678993e-01 8.29385161e-01 2.47663990e-01
    -3.43340456e-01 -1.10753141e-01 1.67027402e+00 1.61096597e+00
    1.05472207e+00 1.83065999e+00 -9.07291114e-01 6.76843643e-01
    9.61222649e-01 9.88543332e-01 -5.03100216e-01 1.52751303e+00
    1.40457547e+00 -3.29425186e-01 5.76310456e-01 -9.77568179e-02
    1.29614162e+00 -4.09871310e-01 3.35712403e-01 6.17478192e-01
    -5.60921729e-01 6.11637235e-01 1.58663726e+00 1.38999379e+00
    1.70484126e+00 -8.76095593e-02 1.66354978e+00 1.67513156e+00
    -2.38180563e-01 9.15430665e-01 3.72651786e-01 -6.05259299e-01
    5.11914492e-01 8.39059770e-01 -7.83987761e-01 1.16741598e+00
    7.19856977e-01 1.16534114e+00 8.39143753e-01 1.14681983e+00
    1.03877103e+00 -4.23143685e-01 1.48422825e+00 -7.58266985e-01
    -5.05380213e-01 1.82662755e-01 -8.17888796e-01 1.74144113e+00
    9.19271469e-01 7.51745820e-01 -5.35027921e-01 2.32368514e-01
    5.99104762e-01 -8.45179558e-01 -2.16960266e-01 1.51973784e+00
    1.96638599e-01 -3.89576405e-01 3.17355394e-02 -1.94046795e-01
    1.86291888e-01 -3.65392268e-02 1.94669276e-01 1.62651813e+00
    7.46448457e-01 8.73017311e-01 -1.43117905e-01 5.71798205e-01
    1.35972750e+00 -6.34026229e-01 1.53604472e+00 1.38455164e+00
    1.03307855e+00 6.75899267e-01 1.17486620e+00 -7.86573946e-01
    -7.54647851e-01 -5.49747832e-02 -8.58354747e-01 -8.22018862e-01
    -4.18542981e-01 -1.86649248e-01 5.89421570e-01 1.65004134e+00
    -4.26757425e-01 1.07419205e+00 9.92647529e-01 -3.98067653e-01
    3.52485150e-01 5.47763109e-01 -7.11622596e-01 -2.90865213e-01
    1.35248411e+00 1.74749866e-01 -8.40267301e-01 7.32757568e-01
    -4.14881319e-01 1.54179573e+00 2.33159196e-02 1.45328856e+00
    1.33922970e+00 -5.73615968e-01 -7.32465863e-01 1.05209351e+00
    4.82084483e-01 -5.16860545e-01 9.33769166e-01 1.08401549e+00
    -4.40241069e-01 -3.24041963e-01 1.23762619e+00 9.47632432e-01
    3.67031455e-01 9.83907580e-01 -2.66294628e-01 -5.25191911e-02
    6.23713195e-01 -9.03530657e-01 7.20281959e-01 1.79569685e+00
    1.18212156e-01 1.57892060e+00 1.62880921e+00 -9.90418270e-02
    -8.24343920e-01 -4.61476654e-01 1.22272182e+00 1.37705433e+00
    6.65069073e-02 1.64557362e+00 -7.23372817e-01 7.15505362e-01
    3.66683125e-01 1.77758241e+00 1.68993604e+00 5.45465052e-01
    1.61839759e+00 -4.94703986e-02 8.87259901e-01 7.18267202e-01
    -5.55883408e-01 1.15902865e+00 -5.76402783e-01 1.77370429e-01
    8.20782185e-01 -3.03712785e-01 6.54929698e-01 3.42994481e-01
    -7.76630864e-02 9.75813866e-01 1.30512464e+00 -2.74405539e-01
    1.81553578e+00 -6.02153420e-01 -4.04275835e-01 -4.12212238e-02
    -4.66552794e-01 1.29202271e+00 8.83999228e-01 1.82993805e+00
    5.62774241e-01 4.17169780e-01 -4.90007520e-01 1.07643950e+00
    9.01024103e-01 -7.74269581e-01 -2.41105467e-01 7.82439590e-01
    5.89909077e-01 -4.68967766e-01 -6.48591995e-01 5.08553386e-01
    1.36712337e+00 1.11343861e+00 1.73402166e+00 1.66880584e+00
    1.09931147e+00 7.27029860e-01 -1.08696530e-02 1.11743402e+00
    -1.36111960e-01 5.21199107e-01 -4.67524052e-01 4.98489402e-02
    -6.35726869e-01 5.10195553e-01 1.64080822e+00 9.72603798e-01
    1.30147889e-01 1.72458220e+00 1.26709533e+00 -7.02317894e-01
    5.25578320e-01 1.39602375e+00 -2.26954147e-02 -1.32127613e-01
    5.56468010e-01 4.10913229e-01 -6.67007029e-01 1.21611118e+00
    -7.41828084e-01 -7.52332211e-01 -2.90889949e-01 1.68515217e+00
    7.89561152e-01 1.76039970e+00 7.11261332e-01 -1.51152790e-01
    1.69522095e+00 -1.25377253e-01 1.82798827e+00 1.30999506e+00
    1.18081498e+00 8.33580613e-01 7.34615684e-01 -1.63670734e-01
    1.31536186e+00 8.95319402e-01 -3.65772307e-01 5.40001512e-01
    -7.81566203e-01 -2.93560505e-01 2.48392761e-01 1.36783826e+00
    1.78160357e+00 2.12270093e+00 2.16047621e+00 1.74355984e+00
    2.04166248e-01 2.09538651e+00 4.05259788e-01 1.68855512e+00
    7.92863190e-01 7.74096012e-01 -1.83630601e-01 1.35243201e+00
    -5.14280081e-01 5.33642650e-01 -6.75470605e-02 -3.75394970e-01
    -2.25620642e-01 1.50616097e+00 1.92572355e-01 2.50619799e-01
    1.83896661e+00 -4.02741194e-01 1.39068592e+00 -3.26141596e-01
    -6.92045867e-01 1.13167536e+00 1.03893675e-01 5.22573352e-01
    1.15396559e+00 -7.75832713e-01 4.30476725e-01 1.57578874e+00
    3.23723733e-01 -4.99886960e-01 -2.47406557e-01 4.63650167e-01
    9.80543137e-01 9.25854504e-01 6.25422955e-01 3.94415170e-01
    1.18381178e+00 1.76051736e+00 7.66390860e-01 1.43318534e+00
    -4.49882954e-01 -2.13849247e-01 1.75229943e+00 1.59119591e-01
    1.18337005e-01 7.17723727e-01 -5.58233440e-01 1.50412118e+00
    1.84286058e-01 -6.83963746e-02 1.69337177e+00 -7.39843726e-01
    5.38483560e-01 1.60782325e+00 -7.97338411e-02 6.09295309e-01
    -2.57243782e-01 -7.86711454e-01 -3.56646597e-01 4.32610512e-02
    -7.19868690e-02 -5.37141383e-01 7.56195009e-01 6.14469767e-01
    1.02757215e+00 6.35470271e-01 1.73441207e+00 1.63583589e+00
    2.74611145e-01 1.46558464e+00 3.97223204e-01 4.73718762e-01
    1.40630901e+00 -2.82155782e-01 6.20806158e-01 3.92389387e-01
    1.57654166e+00 -5.50019205e-01 -4.12138194e-01 9.40422356e-01
    8.33019018e-01 7.51431704e-01 -3.82383168e-01 2.10441008e-01
    1.85468888e+00 2.37904578e-01 4.85264748e-01 1.87134242e+00
    3.02556515e-01 -2.30704114e-01 6.92799389e-02 5.50039172e-01
    -2.37319455e-01 1.01404476e+00 1.14808357e+00 9.91741002e-01
    1.33411193e+00 5.63330472e-01 1.78906047e+00 -4.35587198e-01
    1.46207142e+00 5.61163664e-01 1.44148481e+00 6.02280319e-01
    -8.78074706e-01 1.42591998e-01 -5.30851007e-01 1.47023749e+00
    4.64829564e-01 -7.18341827e-01 8.83597136e-01 5.20136476e-01
    7.24621415e-01 1.58371270e+00 5.19336879e-01 9.62938309e-01
    2.26357177e-01 1.26100302e+00 2.51390100e-01 -6.72577322e-02
    6.04828477e-01 1.29583657e+00 8.18192244e-01 1.46786177e+00
    8.66225958e-01 -1.13489842e-02 5.91768920e-01 1.92215577e-01
    2.05914244e-01 -5.06017089e-01 -7.96422601e-01 -2.17481613e-01
    5.03201127e-01 8.77122760e-01 7.86074519e-01 1.82682610e+00
    7.93812692e-01 6.04255259e-01 -1.38198808e-01 1.18197572e+00
    -5.92155039e-01 -4.94646251e-01 2.21098796e-01 1.25046015e+00
    1.16985333e+00 1.64109993e+00 2.69272357e-01 -3.03692698e-01
    -9.18517172e-01 1.38367701e+00 1.42555499e+00 -2.98871547e-01
    -2.10620835e-02 1.60793960e+00 -8.75329316e-01 5.91217995e-01
    1.51775229e+00 9.90667045e-01 -8.80921423e-01 -4.33739990e-01
    6.36161864e-01 9.21427250e-01 1.43682039e+00 1.30616948e-01
    8.64374399e-01 1.13746893e+00 1.06110680e+00 -1.79279581e-01
    6.01140678e-01 -2.71289915e-01 8.83209825e-01 -7.49722004e-01
    1.18920100e+00 3.68896157e-01 -8.21251154e-01 8.20108831e-01
    -3.66769969e-01 -1.00851178e-01 1.18394876e+00 1.34606764e-01
    1.56731892e+00 -6.79044276e-02 1.34133184e+00 1.17239133e-02
    5.59982836e-01 6.99355900e-01 -2.26231255e-02 -6.43836617e-01
    1.25594389e+00 1.70601439e+00 -2.78831005e-01 -3.40249866e-01
    -5.40016949e-01 7.17357159e-01 7.22784519e-01 -5.49995899e-01
    1.49459040e+00 3.16632628e-01 1.49835134e+00 -2.61755079e-01
    2.08776236e-01 8.72024000e-01 1.19512987e+00 1.10122454e+00
    -8.84058714e-01 -2.88452208e-01 1.59650135e+00 1.77499211e+00
    1.52134669e+00 -2.34929308e-01 6.85665250e-01 -2.42346466e-01
    2.38835797e-01 2.88096666e-01 1.71831799e+00 1.89035594e-01
    -7.90562510e-01 -7.12218285e-01 1.55318546e+00 -5.61692178e-01
    8.18020880e-01 -5.81732512e-01 1.21955998e-01 1.18921900e+00
    -4.92739946e-01 2.81760871e-01 -1.73371226e-01 -1.79018125e-01
    1.71942914e+00 -4.02760893e-01 1.01563096e-01 1.59865105e+00
    1.33840609e+00 1.49381971e+00 -8.57433140e-01 7.29198754e-01
    2.57169843e-01 9.05961692e-01 1.37080622e+00 1.58102602e-01
    1.01059783e+00 5.77432275e-01 1.87280023e+00 1.24584973e+00
    2.62047470e-01 1.28884614e+00 -5.18623590e-01 1.76026821e+00
    7.20704019e-01 8.12442720e-01 2.39505842e-01 -1.28476918e-01
    6.22601390e-01 1.10546410e+00 2.12868237e+00 1.15450430e+00
    -8.00719261e-02 1.75243807e+00 1.88995016e+00 7.98585415e-01
    1.69642258e+00 -1.97771505e-01 1.13647246e+00 1.21516585e+00
    -4.22588736e-01 4.24260348e-01 4.57167387e-01 1.23114014e+00
    -7.42751896e-01 9.91377592e-01 1.41463697e+00 3.10114473e-01
    9.99121487e-01 -3.13355505e-01 1.73554516e+00 1.71256006e+00
    -3.30024987e-01 -3.34396899e-01 8.64345312e-01 9.05555338e-02
    3.37664783e-01 -4.66261944e-03 -3.18749338e-01 6.40067101e-01
    -6.59890696e-02 1.12734056e+00 3.07957262e-01 -7.45549202e-01
    1.35380089e+00 8.51750076e-01 -5.45085013e-01 -1.99786767e-01
    -4.09547389e-01 1.74588859e+00 8.66841257e-01 1.56413877e+00
    6.69404387e-01 1.52268600e+00 -2.33102053e-01 1.60123453e-01
    2.45362118e-01 1.49855971e+00 -2.89469689e-01 -4.29023176e-01
    1.01211047e+00 1.07216144e+00 5.82573235e-01 1.17636681e-01
    1.11022544e+00 8.20055544e-01 5.14085829e-01 8.50818604e-02
    -8.46492231e-01 2.40796655e-02 1.77656507e+00 3.60945344e-01
    -7.97063589e-01 8.50785077e-01 1.51882374e+00 1.77172732e+00
    1.53085279e+00 -7.04640269e-01 6.21082962e-01 7.34423995e-02
    -3.19268912e-01 1.55469203e+00 7.10992455e-01 -7.41153121e-01
    8.12614501e-01 5.24351418e-01 1.53361619e+00 1.16379690e+00
    -5.15203714e-01 1.01442611e+00 2.79952377e-01 -2.37963587e-01
    1.15841734e+00 1.59594786e+00 -2.68603086e-01 9.70386326e-01
    -2.28364795e-01 6.88425183e-01 1.30622402e-01 -7.08679557e-01
    -7.00436294e-01 8.32492709e-01 3.08225960e-01 1.81012690e+00
    1.58908808e+00 1.57801807e+00 1.02054369e+00 1.22143316e+00
    6.94143653e-01 6.85958624e-01 1.49299681e+00 3.22627932e-01
    1.22607076e+00 9.83574510e-01 1.65027344e+00 5.14537573e-01
    1.06339586e+00 -5.84164739e-01 1.46796718e-01 2.22317979e-01
    1.81644571e+00 -6.96900606e-01 9.70683932e-01 7.08102703e-01
    1.26885450e+00 1.43345881e+00 1.45858622e+00 -6.73484385e-01
    -7.71853387e-01 -6.15736425e-01 1.28156829e+00 -5.40815592e-01
    1.70101142e+00 8.12078193e-02 -3.40524077e-01 2.23724768e-02
    -7.21908510e-01 4.30560950e-03 1.51368022e+00 -3.59403729e-01
    1.24804819e+00 -2.37005189e-01 1.33324754e+00 1.32147896e+00
    1.66536355e+00 4.08481419e-01 -7.53282666e-01 1.28042257e+00
    1.43738937e+00 7.49629796e-01 1.38067782e+00 4.50702086e-02
    5.57359397e-01 7.09393799e-01 2.00948402e-01 1.35445690e+00
    3.60995173e-01 3.01545054e-01 4.69128370e-01 1.82307255e+00
    -4.72299606e-01 8.51839006e-01 2.38746256e-01 -8.40263903e-01
    5.65803528e-01 2.74603546e-01 7.84078538e-01 1.49083376e+00
    1.56302118e+00 -7.26643145e-01 7.26131737e-01 -1.47622913e-01
    1.68187690e+00 1.59006298e-01 -4.59017515e-01 2.09628716e-01
    7.45843530e-01 1.06457353e+00 -1.86672151e-01 1.16223526e+00
    5.40499687e-01 1.29489124e+00 -7.70529091e-01 1.73991823e+00
    -4.46003735e-01 4.12609369e-01 1.35685003e+00 -2.63799876e-01
    9.02269363e-01 1.44231057e+00 5.16100109e-01 5.94570875e-01
    1.22197056e+00 -5.36160588e-01 -1.92272827e-01 1.47188818e+00
    4.59305108e-01 -7.99597621e-01 7.29292095e-01 1.70023692e+00
    -1.72844604e-02 6.75253928e-01 2.56363600e-01 1.65425467e+00
    -3.97818983e-01 4.48707223e-01 8.09713423e-01 1.80172431e+00
    -4.75705415e-02 1.03383207e+00 1.25915694e+00 -5.80593407e-01
    -8.60834897e-01 1.07195425e+00 1.56243563e+00 4.56485152e-01
    -5.29215157e-01 -3.51327926e-01 1.12756431e+00 1.25933683e+00
    9.45624232e-01 -4.98669416e-01 1.85161567e+00 1.12328303e+00
    -3.45444739e-01 1.78253889e+00 1.09693420e+00 -2.49410778e-01
    -5.90279937e-01 5.38823962e-01 8.38727474e-01 1.51920545e+00
    7.17207670e-01 -5.47649860e-01 2.90818363e-01 -4.08350646e-01
    -1.06002763e-01 1.09504342e+00 1.26039767e+00 -1.76509157e-01
    1.29690319e-01 -8.06296885e-01 1.29770994e+00 3.40367317e-01
    5.21503501e-02 1.14290047e+00 1.74234140e+00 1.20960593e+00
    -6.09419793e-02 1.81709361e+00 6.81441307e-01 1.15063643e+00
    8.89061615e-02 3.95263374e-01 -3.21859390e-01 1.27998567e+00
    1.77617431e+00 -7.58385777e-01 9.05910075e-01 7.17570186e-01
    1.24993002e+00 -1.90509453e-01 9.42811787e-01 1.94719827e+00
    1.67324460e+00 4.59423959e-01 -4.80387777e-01 1.78252006e+00
    2.01027822e+00 4.17542249e-01 -1.80725276e-01 2.99501240e-01
    1.19199261e-01 -8.26300308e-02 6.06251001e-01 1.60975850e+00
    -3.78545254e-01 1.77825379e+00 1.12069201e+00 7.35148489e-02
    1.08853769e+00 5.53557575e-01 7.17527688e-01 3.39718938e-01
    1.96195722e-01 1.00445352e-01 1.75494230e+00 6.00119829e-01
    -5.89415058e-02 8.18724036e-01 -4.66620415e-01 1.71818948e+00
    -3.28061551e-01 1.44446170e+00 8.16921949e-01 -7.03758597e-01
    -1.28081590e-01 6.00799263e-01 -3.43179107e-01 5.98332644e-01
    2.10671589e-01 -1.36755630e-01 6.54927129e-03 1.58834922e+00
    1.58630979e+00 1.54081321e+00 5.95618665e-01 1.43698394e+00
    -6.78118095e-02 -1.46854922e-01 1.80776608e+00 -3.24302524e-01
    1.20329583e+00 -6.36037230e-01 1.62270331e+00 1.93299167e-02
    1.40896976e+00 -5.14204085e-01 -5.14055908e-01 4.81646776e-01
    -5.29824913e-01 1.70591199e+00 -5.64507961e-01 1.28307152e+00
    4.73829061e-01 9.21778917e-01 -4.34995405e-02 1.81290257e+00
    1.19621670e+00 6.30466104e-01 1.71300352e-01 1.49981606e+00
    1.75125873e+00 -7.78903008e-01 -2.86226422e-01 1.45989597e+00
    -4.12235856e-02 -3.52563620e-01 4.82229650e-01 -2.84560591e-01
    -8.34257424e-01 -7.47112632e-01 5.08201480e-01 -4.15180027e-01
    1.84152102e+00 -3.90091330e-01 -7.93040752e-01 -1.15850531e-01
    2.50451341e-02 1.68854046e+00 -7.60350347e-01 3.11296761e-01
    6.93388402e-01 1.12112689e+00 1.34167600e+00 3.87498319e-01
    1.17188692e+00 1.62269044e+00 4.98010606e-01 -8.56403351e-01
    1.37727106e+00 -7.40836382e-01 1.32019058e-01 9.28603768e-01
    -3.08531761e-01 -2.14116052e-01 1.63247749e-01 6.41800225e-01
    -4.76803660e-01 1.22326636e+00 1.27861118e+00 1.63848925e+00
    6.99560761e-01 -1.99420661e-01 -8.19261611e-01 -3.72986019e-01
    8.92755091e-01 8.23887229e-01 -1.81904301e-01 2.20710989e-02
    1.64211750e+00 -4.47726727e-01 9.75604892e-01 -2.29556948e-01
    5.10019720e-01 1.14541113e+00 -2.18263298e-01 1.80836880e+00
    -1.12639859e-01 -1.36820883e-01 3.50241870e-01 5.57118714e-01
    1.54341066e+00 -3.26529413e-01 9.45469439e-01 -2.86589503e-01
    -5.07889688e-01 1.56590676e+00 1.22351222e-01 -5.08776248e-01
    -8.52714360e-01 8.42048507e-03 1.00831294e+00 1.29016471e+00
    -5.94374001e-01 -9.00393009e-01 -1.62860733e-02 -3.11822683e-01
    -7.78822303e-02 3.75068516e-01 1.52484393e+00 -4.92001474e-01
    5.79625130e-01 7.56910205e-01 4.49641377e-01 -6.01793766e-01
    1.53088200e+00 4.80281442e-01 1.34567118e+00 -6.20402217e-01
    7.77179003e-01 6.08444214e-03 1.01937497e+00 7.39633322e-01
    -3.94635677e-01 2.12810516e-01 1.79493725e+00 1.20582354e+00
    4.95132267e-01 4.14098263e-01 -2.31741890e-01 8.54991198e-01
    1.24622591e-01 1.59386963e-01 2.36218274e-01 1.08690155e+00
    1.22531855e+00 8.95051479e-01 -1.91259772e-01 1.71303535e+00
    1.81280398e+00 -7.00500727e-01 1.87416291e+00 6.77047193e-01
    -7.91081429e-01 1.37322640e+00 -6.15264833e-01 1.29597589e-01
    -2.69191533e-01 9.51633692e-01 8.16312790e-01 -7.67077327e-01
    6.13220513e-01 1.47792971e+00 -7.30771303e-01 1.32204163e+00
    8.52022469e-01 -5.30168712e-01 1.39047956e+00 9.13463652e-01
    -3.37197274e-01 -6.34388983e-01 6.36050344e-01 -3.30684006e-01
    7.15950429e-02 7.55775571e-01 8.76768649e-01 1.31993580e+00
    1.33161378e+00 1.45374405e+00 -8.85677338e-01 6.89342737e-01
    3.06614608e-01 -2.00341582e-01 5.26297271e-01 1.47858155e+00
    4.77320313e-01 -2.12988853e-01 1.13272369e+00 3.45728159e-01
    1.16512883e+00 7.64587879e-01 1.31920218e-01 -4.36855733e-01
    1.18504238e+00 -6.27000034e-01 -4.04010862e-01 1.52383339e+00
    -7.75687277e-01 1.59163868e+00 1.51193821e+00 9.34177935e-02
    1.48189795e+00 1.02319062e-01 1.20068634e+00 5.83871126e-01
    2.67195880e-01 1.59529105e-01 1.32587957e+00 5.96177220e-01
    4.19044375e-01 1.75369036e+00 -7.53080323e-02 -4.19538260e-01
    4.74703372e-01 -1.77601337e-01 -7.43369997e-01 1.40544832e+00
    -7.73076594e-01 -6.64793134e-01 -2.76724309e-01 -4.59104687e-01
    -2.28229672e-01 3.26138675e-01 -4.80978668e-01 1.39294589e+00
    1.84731349e-01 8.82122442e-02 6.09748662e-01 1.95997882e+00
    8.91866028e-01 -4.67888862e-01 -1.55465184e-02 1.81760108e+00
    -2.52047837e-01 -4.31215525e-01 -5.13550043e-01 1.15427589e+00
    -4.77580667e-01 1.42475653e+00 1.64344871e+00 6.14029586e-01
    -2.21919209e-01 2.69244730e-01 1.25505960e+00 -8.02962422e-01
    9.52391505e-01 4.60979223e-01 -5.22295773e-01 1.31881654e+00
    4.81254846e-01 1.90537021e-01 2.68570427e-02 1.63176143e+00
    9.12140906e-01 8.93810272e-01 -6.31939709e-01 2.44526893e-01
    3.75707775e-01 1.26548540e-02 1.37745309e+00 1.58762038e+00
    2.85287917e-01 6.09411478e-01 -8.66659164e-01 2.33986899e-01
    1.68747687e+00 1.40070963e+00 5.34655213e-01 1.79038310e+00
    1.80965281e+00 1.18134892e+00 -6.13235056e-01 1.75107563e+00
    1.30908120e+00 1.12073565e+00 1.10805929e+00 1.26623893e+00
    9.20191109e-01 7.75153190e-02 -3.71962070e-01 -8.92225027e-01
    1.80304646e+00 -7.82335341e-01 4.35294211e-01 2.67059684e-01
    4.28149462e-01 5.18218130e-02 1.73355401e+00 -2.79112250e-01
    1.60923213e-01 1.69042408e+00 3.86012197e-02 1.24030280e+00
    4.22227144e-01 1.69343305e+00 1.49255192e+00 1.00595459e-01
    1.69974792e+00 8.46073091e-01 1.06183493e+00 3.83639008e-01
    1.29805994e+00 -1.38119459e-01 7.54009724e-01 1.12781525e+00
    1.68150163e+00 4.32534963e-01 -4.27105099e-01 7.31264889e-01
    7.61929452e-01 1.11641622e+00 -6.46251976e-01 -3.90173793e-01
    1.09773743e+00 -8.14916432e-01 1.55240440e+00 -5.76135993e-01
    -2.97054917e-01 -8.08062971e-01 -2.23249197e-01 1.55650175e+00
    3.55323762e-01 -4.89796728e-01 1.06614375e+00 -5.19256771e-01
    -6.47210717e-01 8.04552317e-01 7.56646931e-01 -2.71140426e-01
    9.79177296e-01 1.09945476e+00 1.68023419e+00 9.16167617e-01
    1.46908927e+00 -4.78442609e-01 5.85589893e-02 7.65158713e-01
    1.60473835e+00 -2.65630990e-01 -7.72446454e-01 1.55821908e+00
    1.60119665e+00 5.51725447e-01 1.59049416e+00 1.83960211e+00
    1.05879366e+00 3.92965257e-01 1.19140148e+00 1.58843815e+00
    1.08777905e+00 1.62443686e+00 4.69541132e-01 -4.22629863e-01
    -1.13241583e-01 1.79068851e+00 1.30663168e+00 1.43346822e+00
    -6.70901060e-01 1.87726796e+00 -5.71059167e-01 -6.71227992e-01
    -4.78281766e-01 6.04225576e-01 -1.33393660e-01 -1.87967066e-02
    1.03827012e+00 1.18811965e+00 1.46116227e-01 1.53055227e+00
    1.58648813e+00 1.02352291e-01 1.27155173e+00 -5.88648140e-01
    -1.59127370e-01 -2.16206104e-01 6.10611260e-01 -1.60259172e-01
    1.76172391e-01 4.04640764e-01 -8.48493278e-01 9.41373169e-01
    1.35165203e+00 3.84414166e-01 -3.29631895e-01 1.38241553e+00
    6.45670474e-01 8.22540939e-01 7.20623136e-02 3.42977494e-01
    1.30351293e+00 -6.14187837e-01 -5.61732233e-01 7.65559971e-01
    -5.86013086e-02 9.50165689e-01 7.21116424e-01 3.29186410e-01
    4.10700113e-01 1.21155941e+00 2.02519536e-01 1.65761799e-01
    4.76249129e-01 7.54286408e-01 7.44729340e-02 9.99667645e-01
    2.31318295e-01 -4.19163564e-03 1.46328911e-01 -3.28354746e-01
    -8.27847123e-01 2.93800980e-01 3.86981606e-01 2.88496643e-01
    -7.26442039e-01 1.18835695e-01 -6.29410982e-01 1.45290923e+00
    2.05785464e-02 -6.21365048e-02 1.84785759e+00 7.39256084e-01
    1.12035310e+00 4.65693265e-01 3.11069012e-01 -6.97962701e-01
    1.30797780e+00 -4.20127586e-02 -3.33784789e-01 -2.82739073e-01
    -1.02384677e-02 1.45632493e+00 -3.24626386e-01 1.32870519e+00
    5.78366876e-01 -7.30951786e-01 1.43808931e-01 1.56046140e+00
    -2.32446799e-03 7.50642866e-02 6.42966449e-01 1.07098782e+00
    -3.59437764e-02 -6.59746647e-01 1.52634835e+00 1.20653048e-01
    1.41171038e+00 1.22483397e+00 9.65164542e-01 1.69832796e-01
    7.30948627e-01 1.13870752e+00 -7.85725713e-01 1.38287652e+00
    1.38350755e-01 7.33166456e-01 1.65955687e+00 4.41937953e-01
    -2.10209578e-01 1.52214766e+00 1.18438423e+00 1.38285553e+00
    1.13276219e+00 -1.40579045e-01 1.09136844e+00 1.66992962e+00
    -4.88841802e-01 2.94368975e-02 6.01031482e-01 1.36188662e+00
    1.70224583e+00 1.87006497e+00 3.18974517e-02 1.28168368e+00
    4.53920383e-03 -5.28714597e-01 -7.84294605e-01 9.91966248e-01
    1.45063686e+00 -5.46270430e-01 1.68309295e+00 9.88313556e-01
    -4.22563367e-02 1.90301907e+00 1.73292756e+00 -1.86636716e-01
    2.47605667e-01 1.55411923e+00 2.14294267e+00 5.44525385e-01
    2.21598530e+00 3.78190994e-01 4.47199702e-01 -4.60436791e-01
    3.81426573e-01 7.69782364e-01 1.96274854e-02 1.42157519e+00
    1.40638816e+00 -7.71624088e-01 6.57376871e-02 1.22003603e+00
    3.82573530e-02 -7.98643529e-01 -1.06830426e-01 -5.67008495e-01
    -2.36536831e-01 9.96132433e-01 1.26460344e-01 -3.36370319e-01
    -5.97540140e-01 1.12244558e+00 9.29193199e-01 1.28340685e+00
    -7.77521253e-01 5.06094337e-01 1.88147736e+00 7.15560555e-01
    1.14481223e+00 -4.97445583e-01 1.63791448e-01 -8.55682231e-03
    -3.14616472e-01 7.94906855e-01 -7.04711497e-01 -4.02444124e-01
    8.20949316e-01 -6.75532743e-02 4.68746990e-01 1.58012259e+00
    8.10344815e-01 6.85436428e-01 9.44889784e-01 5.35443723e-01
    1.50463596e-01 4.45391715e-01 5.86346567e-01 1.72999263e+00
    1.66881418e+00 -3.55720729e-01 1.39621747e+00 5.10512233e-01
    5.49617290e-01 -2.37995222e-01 7.16517687e-01 -1.09188311e-01
    -5.97969852e-02 1.62487924e+00 5.78751624e-01 1.78751886e-01
    -4.33371216e-01 -7.61916757e-01 1.13842893e+00 1.28747773e+00
    1.35313678e+00 2.42368683e-01 1.34514880e+00 -5.29818594e-01
    -7.94179082e-01 1.18285441e+00 2.94426471e-01 1.85119614e-01
    4.97584909e-01 3.67475271e-01 9.17062700e-01 9.59041238e-01
    2.25998476e-01 5.23659647e-01 2.82047421e-01 2.76438236e-01
    1.85503578e+00 1.71164596e+00 6.05888247e-01 3.44714284e-01
    9.52868462e-01 7.88368642e-01 1.04111588e+00 -7.03350365e-01
    3.63111466e-01 -7.15162992e-01 2.63795108e-01 -7.95901477e-01
    1.13172460e+00 -1.99901238e-01 3.42353195e-01 1.10500371e+00
    7.41649628e-01 6.82657003e-01 2.67024408e-03 1.78634441e+00
    5.34405649e-01 1.32271719e+00 -8.05010974e-01 1.54698896e+00
    1.03339291e+00 1.80165362e+00 -5.48127532e-01 8.70118618e-01
    1.19707167e+00 1.66948509e+00 -5.15945554e-01 -8.03853095e-01
    -2.36058027e-01 1.46020043e+00 1.36470962e+00 -2.38438286e-02
    -3.56591582e-01 2.88994581e-01 4.04624082e-02 8.18799794e-01
    -3.98894519e-01 -7.42332280e-01 9.79953349e-01 8.17641914e-02
    8.43901396e-01 1.15838933e+00 -8.21839750e-01 1.87637836e-01
    1.95107466e-04 -5.56227803e-01 9.66439426e-01 6.79116488e-01
    1.69917047e+00 -2.41391942e-01 3.00648928e-01 -6.08451247e-01
    -8.08364809e-01 7.78257430e-01 -4.63463545e-01 -8.00149560e-01
    2.71617174e-01 9.34327722e-01 7.34017968e-01 -6.77507043e-01
    1.84007645e+00 1.21402121e+00 1.44219947e+00 -5.44089556e-01
    1.31573844e+00 1.38482273e+00 -2.85137624e-01 1.54123461e+00
    1.79733479e+00 1.94226936e-01 1.73223972e+00 9.68424678e-01
    -6.67585611e-01 8.79676163e-01 1.33182335e+00 -4.55032766e-01
    1.86448246e-01 1.62221479e+00 1.75426102e+00 -7.63630867e-01
    -4.30410743e-01 1.75237310e+00 -9.01362658e-01 1.04667440e-01
    1.61566114e+00 2.53926665e-01 1.08837712e+00 -6.20514035e-01
    -3.82884145e-01 1.83266985e+00 7.42871642e-01 2.72421688e-01
    2.53602952e-01 -2.42408648e-01 3.60753864e-01 4.96876538e-01
    1.66238141e+00 8.18614841e-01 1.58457935e+00 1.45647836e+00
    2.30756655e-01 7.01133549e-01 1.20466888e+00 1.19474161e+00
    -4.76945758e-01 1.89269692e-01 -2.48255700e-01 9.79719222e-01
    2.98623145e-01 1.64636984e-01 1.08030498e+00 9.07167137e-01
    -3.69107991e-01 1.46028066e+00 8.84108126e-01 1.81018841e+00
    9.94332492e-01 5.27391315e-01 3.35295312e-02 4.71552193e-01
    1.37457585e+00 1.52259374e+00 -5.33286989e-01 1.19550288e+00
    -4.14665699e-01 1.51866353e+00 1.58951938e+00 -8.17056656e-01
    1.45808995e+00 -6.68045580e-02 7.01575279e-01 1.17768502e+00
    4.33764845e-01 3.20696175e-01 3.78451943e-02 1.62927896e-01
    1.18700922e+00 -7.38930225e-01 -5.51989615e-01 8.70126605e-01
    1.35736442e+00 -3.47193807e-01 -7.70579338e-01 4.94019598e-01
    1.56014180e+00 9.41657245e-01 7.36462921e-02 1.09495938e+00
    -2.53733724e-01 -8.78375411e-01 1.62406099e+00 3.01109374e-01
    -5.14134705e-01 4.27543491e-01 -1.04134165e-01 8.41058850e-01
    1.23704493e+00 1.33060598e+00 6.38317704e-01 4.34667349e-01
    -6.96407035e-02 1.04181778e+00 1.41482794e+00 9.33709621e-01
    1.67275965e+00 -2.44614646e-01 -1.18269943e-01 -3.69973481e-01
    5.78194797e-01 6.89765930e-01 -2.99967658e-02 1.55179417e+00
    -3.17398638e-01 1.88136303e+00 1.00628233e+00 1.73548806e+00
    5.49397945e-01 6.58303142e-01 1.40678239e+00 1.75149262e-01
    -5.60795546e-01 1.85408103e+00 5.93710184e-01 8.35008562e-01
    4.69800979e-01 6.70100376e-02 3.97351533e-01 9.42661464e-01
    1.53403044e+00 -5.78871649e-03 1.16529596e+00 6.08655512e-01
    1.19770598e+00 -1.70617253e-01 1.92282510e+00 -3.81035089e-01
    5.50714731e-01 9.84756649e-01 -1.91590741e-01 6.26251459e-01
    -7.38500416e-01 1.00149357e+00 -1.21517191e-02 -1.14155695e-01
    -2.60881484e-01 3.41798961e-01 1.74000371e+00 9.68017876e-01
    -8.12277615e-01 1.58960617e+00 5.81835955e-02 -9.01286900e-01
    -5.17897546e-01 -9.00215507e-01 9.72906053e-01 2.29767710e-01
    -7.91986406e-01 -2.37403333e-01 -5.16208351e-01 -2.16865599e-01
    1.08626652e+00 1.83084762e+00 1.10316598e+00 1.48361981e+00
    7.29360223e-01 -3.88039835e-02 6.71076119e-01 5.02102196e-01
    3.53181183e-01 -1.90658823e-01 4.29881483e-01 1.56631851e+00
    -3.66533875e-01 1.58344424e+00 -2.77363688e-01 4.50842589e-01
    7.90021479e-01 -5.73316336e-01 1.14318860e+00 -5.91879308e-01
    9.92394984e-01 1.45568049e+00 5.63562274e-01 7.37861037e-01
    1.28282142e+00 2.56976515e-01 -5.19808352e-01 6.74982548e-01
    -4.90741402e-01 1.51548409e+00 6.67511940e-01 8.52086782e-01
    8.03652976e-04 5.91247439e-01 -8.82297978e-02 1.81789386e+00
    1.60155797e+00 2.90765166e-01 -8.26984704e-01 1.09481287e+00
    -8.31120312e-01 1.23789358e+00 2.59401172e-01 1.25449073e+00
    2.01000974e-01 -1.75578520e-01 9.76383507e-01 1.43212426e+00
    -7.85336912e-01 1.67262006e+00 1.08981431e+00 5.92168095e-03
    8.21131647e-01 -8.61587450e-02 8.58787298e-01 -3.86697143e-01
    1.55709103e-01 1.48363614e+00 -1.26552388e-01 -6.11098349e-01
    1.11428452e+00 4.94085282e-01 4.25343841e-01 6.14813983e-01
    1.81752846e-01 1.21018863e+00 -2.87399769e-01 5.07408321e-01
    -6.45637512e-01 -1.82550415e-01 1.49381971e+00 1.37043729e-01
    -7.20972791e-02 1.58388817e+00 5.49906790e-01 6.58264279e-01
    -5.20919561e-02 1.72887456e+00 7.91260660e-01 8.17442834e-01
    1.30548215e+00 1.31392944e+00 4.36382204e-01 1.38771379e+00
    -1.95966855e-01 -1.04137935e-01 -1.16004430e-01 1.42873812e+00
    1.31608796e+00 1.39629436e+00 7.68185616e-01 7.04716980e-01
    1.16476822e+00 1.28129989e-01 9.97399926e-01 4.08587128e-01
    8.45224380e-01 -3.78223777e-01 -7.09717691e-01 1.03462398e+00
    1.36455488e+00 -1.21781461e-01 1.71956766e+00 1.81142104e+00
    -7.50155389e-01 6.36972189e-01 1.18998933e+00 2.28540823e-01
    1.61254898e-01 3.24396551e-01 1.35930216e+00 1.54029620e+00
    8.60304773e-01 1.34813142e+00 1.59013569e+00 2.05674008e-01
    -7.31962919e-01 -3.81822377e-01 1.52801418e+00 -2.20183760e-01
    -4.47194546e-01 -3.66028666e-01 1.72779572e+00 -5.88935733e-01
    2.43540242e-01 2.20311090e-01 1.75397611e+00 -4.46856350e-01
    7.78074801e-01 1.38719594e+00 1.35822225e+00 1.18482220e+00
    4.77309763e-01 -6.17453694e-01 1.64217937e+00 5.38729690e-02
    1.86458349e+00 -4.70261872e-01 -4.84643355e-02 -5.24238907e-02
    1.29871213e+00 1.59874424e-01 1.24047711e-01 6.78277612e-01
    -1.61713108e-01 -2.76164532e-01 1.58881998e+00 -6.84389234e-01
    -2.68257856e-01 1.77520409e-01 8.26713920e-01 9.88513589e-01
    -5.84606767e-01 5.91533661e-01 1.03794110e+00 1.79370320e+00
    3.94978166e-01 3.15247566e-01 1.10216486e+00 1.62667871e-01
    -4.57884729e-01 9.29220319e-01 -1.25022069e-01 5.21398842e-01
    8.61113846e-01 9.91774142e-01 -6.59789622e-01 -2.91695595e-01
    3.05652693e-02 1.03101742e+00 1.61345220e+00 1.35246980e+00
    1.38135242e+00 3.80079538e-01 1.83371258e+00 8.92592311e-01
    1.60545492e+00 1.33483708e+00 1.28136599e+00 1.67679644e+00
    1.79138124e+00 1.20001674e+00 1.12709987e+00 -2.02165559e-01
    7.24383771e-01 1.08565700e+00 -3.86075109e-01 -3.17499012e-01
    1.15146124e+00 4.88550633e-01 9.13554370e-01 2.21647486e-01
    1.12307325e-01 1.01339352e+00 -5.29975593e-01 8.67645085e-01
    1.05444753e+00 7.62568831e-01 2.39550799e-01 1.58611834e-02
    1.49525154e+00 1.37628901e+00 5.52980125e-01 1.22943580e+00
    1.11078691e+00 -5.38878739e-01 9.95742261e-01 1.29759812e+00
    7.68031895e-01 -3.55727613e-01 7.94629753e-01 -2.52613246e-01
    1.06089568e+00 1.72005951e+00 7.20806241e-01 -2.33254820e-01
    -2.22845259e-03 9.00642991e-01 2.96426237e-01 4.44010198e-01
    9.63397264e-01 -9.76778008e-03 -6.98427141e-01 -6.48309410e-01
    1.17790210e+00 2.20113277e-01 -7.42321014e-01 -7.36320078e-01
    -6.89751387e-01 9.77739871e-01 -6.09728813e-01 -7.57160634e-02
    4.94084030e-01 1.66803205e+00 6.93430066e-01 -4.36411560e-01
    -6.15593717e-02 1.00209379e+00 -4.56307739e-01 -4.62766103e-02
    1.28451574e+00 2.98589736e-01 -7.94219673e-01 -3.28379303e-01
    2.47929409e-01 5.27110219e-01 9.58182573e-01 -4.80894476e-01
    1.76076472e+00 -2.48899251e-01 6.85711682e-01 -1.61919430e-01
    1.28579283e+00 1.48258964e-02 9.62418497e-01 1.34849405e+00
    8.53036106e-01 6.08769774e-01 -7.00431287e-01 1.79837441e+00
    7.86639035e-01 2.11016923e-01 3.61342221e-01 -5.93639314e-01
    -6.35600686e-01 -1.84503451e-01 9.63540375e-01 1.36624277e+00
    -2.09922194e-02 4.20208782e-01 4.49241757e-01 1.58319223e+00
    1.78233111e+00 5.04115820e-01 -2.80420452e-01 7.84773886e-01
    1.73642063e+00 -5.76125681e-01 1.80795956e+00 9.74582613e-01
    5.70483327e-01 1.52704024e+00 5.45815349e-01 -3.56086165e-01
    1.74090183e+00 1.14531612e+00 4.15598661e-01 1.09909511e+00
    5.70482194e-01 1.18264782e+00 1.15204895e+00 -2.45377287e-01
    2.51560569e-01 3.86579126e-01 1.29551363e+00 3.77165228e-01
    -6.71683848e-01 1.60873640e+00 -9.81109142e-02 1.53290749e+00
    -6.84421659e-01 -6.49019897e-01 7.74703443e-01 1.54884666e-01
    9.42618608e-01 1.38009655e+00 8.04123878e-01 1.29124570e+00
    5.57526648e-01 4.60801065e-01 -6.23556018e-01 -7.53554404e-01
    9.25170481e-01 1.02773893e+00 7.06922293e-01 -1.85047723e-02
    1.06332958e+00 -4.23477173e-01 -5.75629950e-01 1.80367720e+00
    8.11722994e-01 7.79984057e-01 1.63831532e+00 1.67539310e+00
    -1.36372462e-01 1.51166570e+00 -1.41801117e-02 2.56722551e-02
    -1.78860594e-02 -2.11117849e-01 -7.64625847e-01 1.49795091e+00
    -8.04839075e-01 -5.00002503e-01 4.55540448e-01 9.01202202e-01
    1.14833617e+00 5.33661544e-01 1.83581978e-01 9.19324994e-01
    1.31385469e+00 -7.54307210e-01 2.49090090e-01 1.31212974e+00
    5.06895781e-01 7.12703466e-01 1.35038507e+00 1.79399818e-01
    1.30129194e+00 1.46250713e+00 1.82959831e+00 8.36969137e-01
    2.41955340e-01 9.00064886e-01 3.62503082e-01 1.01129401e+00
    -6.42669976e-01 1.66656470e+00 -1.02657109e-01 1.25563192e+00
    1.24902403e+00 1.00113437e-01 3.13261956e-01 1.44713283e+00
    1.71290696e+00 1.39440775e+00 -8.64596188e-01 1.76614571e+00
    9.02253449e-01 1.71286702e+00 -6.07464015e-01 4.42395836e-01
    -5.32191813e-01 6.12824082e-01 9.30381358e-01 6.06696308e-01
    -7.51867175e-01 1.24464631e+00 1.16090107e+00 -4.61062193e-01
    -1.82062879e-01 1.23366463e+00 -7.98204124e-01 1.39232004e+00
    1.02452099e+00 1.32129681e+00 5.29819608e-01 -6.15699530e-01
    1.47669387e+00 1.39651012e+00 -4.28330839e-01 -2.44864359e-01
    5.33240259e-01 8.81473541e-01 1.43187618e+00 2.74536133e-01
    -1.18523307e-01 -7.20096409e-01 1.15451908e+00 9.75923121e-01
    6.20572269e-01 1.67962801e+00 1.53555131e+00 8.79059911e-01
    1.83566439e+00 1.22270942e+00 -4.20298189e-01 -6.14406288e-01
    1.81964147e+00 5.18229246e-01 -6.60198450e-01 -3.50087911e-01
    1.52371144e+00 1.62496483e+00 7.03899682e-01 5.02093971e-01
    -1.08913533e-01 -4.04343665e-01 -4.88552481e-01 -8.41383517e-01
    1.62736332e+00 1.56446230e+00 -7.52281904e-01 2.28080839e-01
    2.06166282e-01 6.46740854e-01 2.21896812e-01 7.20400989e-01
    6.55509174e-01 9.05233920e-01 -6.04795218e-01 -3.07199389e-01
    1.76327860e+00 1.21637344e+00 1.29594648e+00 -3.68587345e-01
    1.04923117e+00 9.83477175e-01 9.65691984e-01 1.29860377e+00
    3.87592874e-02 2.98843741e-01 -7.95344174e-01 -5.20077765e-01
    1.69921422e+00 1.84702528e+00 -4.80481565e-01 1.39992714e-01
    -5.23507655e-01 1.42237556e+00 3.16091813e-02 4.50524151e-01
    4.04807895e-01 1.60774481e+00 -1.65330961e-01 -5.94572484e-01
    1.02948889e-01 1.31766987e+00 1.10832119e+00 3.50709349e-01
    1.52247524e+00 -4.65407848e-01 2.10262895e+00 1.08061445e+00
    1.25631675e-01 1.47172511e+00 1.69775343e+00 1.50823700e+00
    1.29369986e+00 6.70381486e-01 -4.96717811e-01 -6.51593685e-01
    1.78574073e+00 4.02329236e-01 2.75342166e-01 1.76937684e-01
    1.64566040e+00 3.82427722e-01 4.86460537e-01 3.39928716e-01
    -3.81045550e-01 4.97865558e-01 1.85197008e+00 1.43260431e+00
    -2.82896787e-01 1.30707133e+00 1.37906635e+00 3.83170545e-01
    1.01043141e+00 -2.47203842e-01 1.26287624e-01 4.99014586e-01
    1.36534417e+00 6.89176917e-02 -3.18401784e-01 5.53016067e-01
    4.02720749e-01 6.01524353e-01 -6.80545568e-01 7.52161324e-01
    1.60778272e+00 8.60233068e-01 5.50029814e-01 1.26991308e+00
    6.48119271e-01 1.53966516e-01 1.72797894e+00 -8.56819630e-01
    -5.46089225e-02 -4.16719824e-01 5.55522323e-01 6.14006460e-01
    1.05134058e+00 1.49336660e+00 1.40579236e+00 8.33067536e-01
    6.45030558e-01 7.18650639e-01 1.91468656e-01 1.15187979e+00
    1.52582836e+00 1.71074069e+00 1.58936059e+00 -4.76728469e-01
    1.33622432e+00 -1.19629681e-01 2.12485731e-01 2.35646907e-02
    4.45460886e-01 9.98102248e-01 -4.20469820e-01 6.44623399e-01
    -7.57439494e-01 1.01371872e+00 4.06713486e-01 8.61714303e-01
    -7.69911408e-01 1.43717325e+00 6.57344639e-01 4.52355564e-01
    8.40570450e-01 -4.06643033e-01 1.57791555e+00 1.29177177e+00
    1.73165596e+00 1.25414121e+00 4.86956775e-01 7.60924101e-01
    1.31858706e+00 -3.87307614e-01 2.61652678e-01 1.50148892e+00
    8.92354012e-01 4.48314130e-01 1.64794350e+00 1.31815434e+00
    -3.82643610e-01 1.26420915e+00 -4.75080818e-01 7.78139710e-01
    -2.02459782e-01 7.29421735e-01 1.59535134e+00 1.31690276e+00
    -7.39378631e-01 3.91066559e-02 -3.87438715e-01 1.52226651e+00
    1.11747241e+00 1.26259112e+00 9.27037299e-02 8.67994905e-01
    1.32625863e-01 1.77422464e+00 -4.67005432e-01 -8.45548272e-01
    2.93091446e-01 -2.03379273e-01 1.62165892e+00 5.47927022e-01
    1.49978554e+00 5.65753341e-01 8.73131692e-01 -1.32242650e-01
    3.37636918e-01 1.84148562e+00 8.82744849e-01 1.12742245e+00
    8.96081686e-01 -6.63975120e-01 1.80113292e+00 1.08742106e+00
    7.00666368e-01 3.02890897e-01 -3.71597528e-01 3.14008534e-01
    -3.41705889e-01 1.41503012e+00 1.16634870e+00 -3.82074058e-01
    3.60155851e-01 1.56911600e+00 1.28295469e+00 -3.51746321e-01
    8.74697804e-01 1.70785463e+00 6.56426489e-01 1.30136931e+00
    1.57242417e+00 6.29291177e-01 5.13387322e-01 6.87408373e-02
    -8.36402953e-01 -9.69581008e-02 2.06819866e-02 1.27661681e+00
    -7.91621625e-01 -8.61987531e-01 9.69916403e-01 1.44998062e+00
    4.13836300e-01 1.45203507e+00 -2.49227434e-01 1.72405839e+00
    1.38362193e+00 1.42768848e+00 1.32001376e+00 -6.21086001e-01
    -8.66245031e-01 1.17206085e+00 -5.27236760e-01 9.50899124e-02
    1.31302297e+00 9.05672252e-01 6.05502367e-01 -8.12864840e-01
    1.57704031e+00 1.35788053e-01 -4.58159208e-01 -3.42045240e-02
    1.04027164e+00 9.00562525e-01 9.70258534e-01 9.53914762e-01
    7.27427423e-01 1.40449905e+00 -5.50920963e-01 3.91593188e-01
    1.84872186e+00 6.09050274e-01 1.52192914e+00 6.47191763e-01
    3.56932014e-01 2.84947455e-01 9.47907329e-01 -1.30531684e-01
    9.98045146e-01 8.59229982e-01 1.38438797e+00 -7.51785159e-01
    -6.26839638e-01 3.50337476e-02 -5.63830376e-01 1.66057920e+00
    -8.45229089e-01 1.16841328e+00 1.12959158e+00 1.62448454e+00
    6.87061101e-02 9.95074272e-01 8.83553028e-02 1.79921639e+00
    1.70942998e+00 7.66946077e-02 1.23855996e+00 1.45646572e+00
    4.48222816e-01 1.73079181e+00 1.34765875e+00 9.44379687e-01
    9.60632682e-01 -6.99799299e-01 8.44421804e-01 -4.11058307e-01
    -7.57721066e-01 -4.14492071e-01 4.19554234e-01 1.28333497e+00
    4.28603441e-01 2.91047513e-01 1.57310116e+00 9.20994401e-01
    1.00765848e+00 1.51815534e+00 -8.39418709e-01 1.03556967e+00
    7.46791363e-01 1.81640124e+00 -2.70876825e-01 -3.46375585e-01
    3.49462003e-01 1.22414589e+00 -7.83714652e-01 1.30595458e+00
    5.79248071e-01 -4.51847225e-01 2.88883120e-01 1.46432745e+00
    -1.62826136e-01 1.70309412e+00 -5.33505678e-02 2.32645988e-01
    3.87991875e-01 9.46110904e-01 -1.86254606e-01 1.66273510e+00
    7.80793667e-01 -3.33090037e-01 1.32070410e+00 1.75201356e+00
    2.13437772e+00 2.13298535e+00 1.95753551e+00 1.91337323e+00
    1.66180503e+00 1.97071934e+00 -3.89029622e-01 1.69451296e+00
    -6.86327741e-02 -4.77214336e-01 -3.57779026e-01 -8.27175915e-01
    7.09254682e-01 -5.22862852e-01 2.59729415e-01 8.52798205e-03
    -2.22916305e-02 1.76366234e+00 -3.90473311e-03 1.86481416e+00
    1.73658466e+00 6.47425413e-01 -1.58780906e-02 1.46184433e+00
    1.73207688e+00 2.16728058e-02 6.68447325e-03 1.14607477e+00
    -4.13791776e-01 7.00369358e-01 1.19123459e+00 1.13830268e+00
    1.57815516e+00 3.61966521e-01 1.07277203e+00 8.58761817e-02
    3.84217426e-02 1.30891240e+00 1.94418237e-01 -4.99567389e-01
    1.02216220e+00 8.30271125e-01 -1.23928554e-01 3.79131347e-01
    8.40347946e-01 2.64474571e-01 -1.67530645e-02 1.41151178e+00
    -4.03406531e-01 6.23810232e-01 1.02426338e+00 4.97036606e-01
    3.31995338e-02 1.37822044e+00 1.38966024e+00 -2.70792335e-01
    1.30525291e+00 -3.09939265e-01 -6.38849676e-01 1.08451915e+00
    -7.10426211e-01 9.23912108e-01 6.51012003e-01 -2.13719364e-02
    7.58930326e-01 1.20260060e+00 7.79397547e-01 -4.24238503e-01
    1.22752345e+00 -3.88382636e-02 -4.52143997e-01 1.67241311e+00
    3.64510179e-01 -2.18192115e-02 1.03878655e-01 -2.38806427e-01
    3.83779883e-01 -6.42054915e-01 -8.83933753e-02 -5.12421668e-01
    -5.88486373e-01 1.35096955e+00 8.62647593e-01 -3.20850074e-01
    1.94319203e-01 1.11070730e-01 1.71948886e+00 1.79393649e-01
    1.52079237e+00 -3.49809304e-02 9.62301075e-01 1.35893494e-01
    -3.99869055e-01 1.59132674e-01 5.16266711e-02 1.63072944e-01
    -2.22119883e-01 7.07932532e-01 1.39103734e+00 -1.73180420e-02
    1.42514125e-01 9.41210866e-01 1.72578275e+00 1.00779831e+00
    6.53781712e-01 1.48412728e+00 1.08534610e+00 -3.57566535e-01
    -1.70076385e-01 1.61415279e+00 -4.62013721e-01 3.20541978e-01
    1.44449854e+00 1.39321387e+00 -6.67614460e-01 -4.40102547e-01
    7.59587407e-01 -4.49300945e-01 1.20843613e+00 -1.31861791e-01
    4.88907695e-01 -8.01551104e-01 1.61823535e+00 4.01135022e-03
    1.06924973e-01 -6.57186747e-01 -7.90882170e-01 1.33155167e+00
    -2.26163715e-01 -4.67853248e-01 8.79851758e-01 1.72143281e+00
    9.20208514e-01 7.75791168e-01 1.48939323e+00 8.86014402e-02
    4.82387602e-01 4.16770965e-01 -6.43720925e-01 -6.45461202e-01
    8.10909390e-01 1.77401888e+00 9.71502960e-01 3.91604640e-02
    1.10173345e+00 7.97191143e-01 1.73355150e+00 8.80946279e-01
    1.50655806e-01 1.00469398e+00 3.97049278e-01 2.78732389e-01
    1.61759329e+00 3.36991847e-01 -6.67828739e-01 -1.14666753e-01
    1.00464392e+00 -2.79271662e-01 1.29948866e+00 -8.02393794e-01
    9.32047844e-01 -4.82335508e-01 -4.71690178e-01 1.71116793e+00
    -4.26098973e-01 1.62725997e+00 2.92222738e-01 -8.09044838e-01
    -8.70853841e-01 1.35290301e+00 -2.70122826e-01 1.44480920e+00
    7.16251254e-01 1.46488488e+00 1.11240017e+00 1.69817924e-01
    8.93073678e-01 -1.67859808e-01 4.25209731e-01 -1.86495408e-01
    -5.00603067e-03 -1.09948024e-01 -8.17981541e-01 8.95633578e-01
    4.68693674e-01 1.88353097e+00 -4.26150680e-01 -3.64101410e-01
    1.68077981e+00 1.57895160e+00 -4.99021858e-01 1.59848475e+00
    1.68110216e+00 1.68169105e+00 1.75102875e-01 9.89785314e-01
    9.38055515e-01 1.92551643e-01 8.87537241e-01 1.45988071e+00
    4.25973892e-01 1.55938852e+00 -3.80015075e-01 -6.68357253e-01
    9.58404362e-01 -8.70459497e-01 6.69383228e-01 -5.19637764e-01
    -5.91093786e-02 1.07370436e+00 1.52821064e+00 1.23783684e+00
    1.37134612e+00 -6.89655900e-01 -7.55142689e-01 -4.55694705e-01
    9.87851024e-01 -3.68859589e-01 8.88826907e-01 8.57910872e-01
    1.10166085e+00 2.95406878e-01 2.35128298e-01 1.15585721e+00
    -1.77632555e-01 2.69434657e-02 1.31305170e+00 1.29318094e+00
    8.78738880e-01 -3.84512484e-01 1.38740945e+00 -2.06256509e-01
    1.55225658e+00 1.54283547e+00 1.05861259e+00 1.81160259e+00
    7.39559650e-01 1.20758605e+00 3.89646351e-01 2.40486726e-01
    5.88379383e-01 -2.09305272e-01 -7.56248534e-01 7.93977305e-02
    1.77856112e+00 1.40367377e+00 9.34776485e-01 7.82370627e-01
    1.18722498e+00 1.70872259e+00 8.00246835e-01 5.59771776e-01
    1.94486022e+00 7.86427200e-01 6.04596555e-01 -2.22250387e-01
    2.11592841e+00 1.48508459e-01 -5.32505929e-01 1.48328051e-01
    1.57703316e+00 6.27243698e-01 4.87040669e-01 7.66631722e-01
    2.56218165e-01 -8.25931013e-01 1.20711081e-01 1.15205145e+00
    8.10132623e-01 6.81586385e-01 -2.08954308e-02 9.79501083e-02
    9.72385481e-02 -7.48982906e-01 1.27351737e+00 9.63733718e-02
    1.33550078e-01 -8.05087388e-02 4.44076806e-01 5.32346904e-01
    1.59505475e+00 1.43880391e+00 1.03715348e+00 8.14882398e-01
    -7.41099894e-01 1.42689514e+00 6.60782382e-02 1.28185952e+00
    -6.64022684e-01 2.55344152e-01 1.33300591e+00 1.82333982e+00
    1.51715136e+00 1.25594413e+00 -6.14354670e-01 -3.11453283e-01
    -7.70955086e-01 9.31040049e-01 2.84681082e-01 5.56154311e-01
    6.16015136e-01 1.38961208e+00 1.11505938e+00 -4.72638547e-01
    1.23714435e+00 -7.05112576e-01 2.42129013e-01 -3.53055865e-01
    1.36983323e+00 1.22578382e+00 -4.61201072e-02 -8.08582902e-01
    -2.56123364e-01 1.74342966e+00 1.14380133e+00 -1.13091163e-01
    1.85702229e+00 1.91156864e-01 7.87038207e-01 1.08280385e+00
    3.89212340e-01 1.04830134e+00 -1.34190679e-01 2.30315328e-01
    1.36357534e+00 -6.88927054e-01 -8.12975824e-01 1.42714083e+00
    6.06507123e-01 -7.25612223e-01 2.82622665e-01 1.41099334e+00
    9.63087559e-01 -8.35504849e-03 9.95764017e-01 6.37884080e-01
    3.75361651e-01 -7.75236130e-01 1.13900423e+00 -6.07901692e-01
    1.53878105e+00 -8.68041575e-01 3.67010385e-02 -2.00144738e-01
    -4.36845422e-01 -3.09820294e-01 1.33237660e+00 -8.08472216e-01
    2.99553156e-01 1.29893851e+00 3.56054902e-01 -3.01639646e-01
    -2.21542329e-01 4.25405562e-01 -6.15536988e-01 8.81605923e-01
    7.24980772e-01 1.70755029e+00 7.70678103e-01 1.38122702e+00
    3.72978330e-01 -6.25096038e-02 1.45116401e+00 1.39927059e-01
    1.44777107e+00 1.72585976e+00 -4.53451514e-01 1.05152571e+00
    -1.98060483e-01 7.91137815e-01 1.75919402e+00 1.14595735e+00
    1.20857835e+00 9.56477284e-01 5.37247479e-01 -6.85528636e-01
    -4.81804833e-02 -1.30912334e-01 -8.10594499e-01 1.00288177e+00
    -3.21596086e-01 -9.28077251e-02 1.71777725e+00 -2.67599165e-01
    -6.46447659e-01 2.72691071e-01 1.52129960e+00 1.34285927e+00
    1.80803621e+00 8.66311848e-01 1.29298115e+00 -3.98601681e-01
    7.90752053e-01 1.01161480e+00 3.03305686e-01 -1.83609709e-01
    1.34744215e+00 1.40777242e+00 6.46924496e-01 5.97638786e-01
    1.18549526e+00 5.17261565e-01 2.08367050e-01 5.73476553e-01
    3.45063686e-01 -9.11295652e-01 -6.39751673e-01 -1.25792414e-01
    6.96323067e-02 -3.15227091e-01 -1.05824932e-01 1.21747553e+00
    -2.34696433e-01 9.92673337e-01 5.12161493e-01 1.82729793e+00
    1.30145538e+00 -5.91964304e-01 1.03368497e+00 6.11274064e-01
    1.01294053e+00 2.22628772e-01 9.70370352e-01 -6.22121096e-01
    5.59640169e-01 8.80691230e-01 1.84464598e+00 5.58429241e-01
    1.39081824e+00 1.09072709e+00 8.07420015e-01 -3.33981752e-01
    1.78736544e+00 -3.93522710e-01 1.58656406e+00 -3.94875854e-01
    2.26134583e-01 -8.46403986e-02 9.15436089e-01 9.30590272e-01
    3.82240951e-01 1.85424924e+00 3.96682411e-01 -1.66200995e-01
    -6.03725970e-01 2.55367368e-01 -1.53749272e-01 6.91583395e-01
    -4.33295637e-01 -9.33922604e-02 8.48992348e-01 6.32711232e-01
    -7.94095993e-02 -5.32971799e-01 1.46992290e+00 1.24267483e+00
    7.36109614e-02 3.02488595e-01 -3.65477324e-01 5.44498682e-01
    1.20211744e+00 -5.89167416e-01 1.19962491e-01 4.13399458e-01
    2.13645294e-01 1.70104635e+00 1.52365911e+00 -5.51057875e-01
    -1.34386659e-01 1.50619435e+00 -3.33295673e-01 1.56615287e-01
    5.51210046e-01 1.31114292e+00 1.49522984e+00 4.22217369e-01
    -5.83566651e-02 -8.08322012e-01 -2.11232170e-01 -3.79181147e-01
    1.46017659e+00 1.45034701e-01 -7.93518662e-01 3.06050003e-01
    -1.73983678e-01 1.18505932e-01 4.93880987e-01 5.89387357e-01
    -3.90052944e-01 -4.52933669e-01 1.55542642e-01 -3.21005464e-01
    -8.42046320e-01 9.67896432e-02 7.27674484e-01 1.72364986e+00
    1.44244826e+00 -8.22022200e-01 1.66641068e+00 6.41720593e-01
    1.24457192e+00 6.23981953e-01 -1.44245148e-01 1.45776939e+00
    -7.49167800e-01 8.74391198e-01 3.61990809e-01 5.80627441e-01
    5.47160441e-03 9.44334149e-01 8.57757926e-01 2.34106421e-01
    8.25708687e-01 2.18174267e+00 4.90511537e-01 -5.75639904e-01
    5.92880487e-01 1.69809175e+00 7.22791255e-01 1.06843424e+00
    1.71799600e+00 1.89362061e+00 -3.89249504e-01 -7.02542603e-01
    5.72331607e-01 2.69921869e-01 -3.67990993e-02 5.20214438e-01
    -1.81405336e-01 2.72869885e-01 1.68876612e+00 1.90398061e+00
    5.62799752e-01 -4.89568144e-01 5.22347875e-02 -3.68786305e-01
    1.03407753e+00 2.55798519e-01 7.92792201e-01 2.53661443e-02
    -1.28813460e-01 2.01146305e-01 -4.00498480e-01 -2.35570461e-01
    1.37139976e+00 -2.58767039e-01 1.65441319e-01 1.70717525e+00
    6.91608787e-01 1.55275190e+00 8.29430759e-01 -3.75162989e-01
    8.84061396e-01 -7.44287133e-01 2.86018699e-01 3.02315831e-01
    5.39372861e-01 8.15134346e-01 -2.87668258e-01 1.01481080e+00
    2.46612355e-01 1.65717208e+00 1.42533076e+00 1.35161507e+00
    5.32716215e-01 5.11720002e-01 3.80958498e-01 8.57425034e-01
    -5.03935993e-01 2.38755152e-01 8.65859509e-01 5.25209308e-01
    4.76254106e-01 -7.48980418e-02 -3.21675576e-02 1.29702941e-01
    1.75199187e+00 5.36909878e-01 1.11057341e+00 4.99873340e-01
    1.44043493e+00 -1.92037113e-02 -4.41710383e-01 1.50011584e-01
    -2.84781635e-01 1.75045550e+00 -5.31739652e-01 4.27614957e-01
    7.11195230e-01 -2.94187844e-01 2.80771479e-02 9.11062002e-01
    -8.16702127e-01 -5.05050659e-01 -2.63781786e-01 1.33776009e+00
    2.94089094e-02 -3.44129592e-01 -1.99064597e-01 1.44061470e+00
    1.37247777e+00 -7.92813540e-01 1.04192424e+00 1.83626497e+00
    1.62459958e+00 -8.27629089e-01 8.94959509e-01 -2.07138181e-01
    -4.61110115e-01 -6.16518736e-01 1.32007289e+00 -5.02117202e-02
    2.40479141e-01 1.79841435e+00 1.19568598e+00 -4.76727903e-01
    1.46251631e+00 1.54290676e+00 -3.41704558e-03 2.47306958e-01
    6.96970895e-02 7.18892574e-01 -8.64114881e-01 7.39902794e-01
    3.71513873e-01 1.50847566e+00 1.19924510e+00 -2.36329213e-01
    2.04808265e-01 1.59353304e+00 1.09710610e+00 -2.98075467e-01
    -6.15307271e-01 1.57348335e+00 9.96390581e-01 2.45083928e-01
    -6.97870374e-01 1.74496245e+00 8.51163447e-01 -3.16943347e-01
    -4.50121611e-01 -1.31510079e-01 1.54113913e+00 -8.12739208e-02
    2.99526099e-02 -4.94660169e-01 -6.02721512e-01 1.84699810e+00
    1.00493765e+00 2.23366797e-01 1.06454694e+00 -1.78315878e-01
    1.95643887e-01 1.87302256e+00 -8.42934012e-01 3.03629160e-01
    1.27345836e+00 -3.32403988e-01 -1.22217074e-01 -6.22406781e-01
    1.40265286e+00 -6.70557499e-01 1.25379050e+00 -5.40188968e-01
    -5.68747878e-01 1.26421905e+00 8.12668681e-01 5.14704883e-02
    1.27644241e+00 1.81582212e+00 8.47881258e-01 1.25683773e+00
    3.10415983e-01 1.27867150e+00 1.18495703e+00 6.44962788e-01
    -3.57375085e-01 2.41402835e-01 1.80673614e-01 -5.70982277e-01
    2.77431190e-01 1.41752517e+00 1.40235484e+00 6.94506019e-02
    1.42578936e+00 6.22570693e-01 1.58434540e-01 2.07860425e-01
    8.88371229e-01 6.47614300e-01 6.54165894e-02 1.52012491e+00
    -4.79405075e-01 -7.28661597e-01 -7.85086393e-01 -7.47907102e-01
    2.97708929e-01 4.46775228e-01 4.55611169e-01 -7.07148492e-01
    9.26987007e-02 -7.31217325e-01 1.58388674e+00 2.38329619e-01
    1.11009967e+00 -1.97978795e-01 2.68665463e-01 1.74208069e+00
    1.05956280e+00 1.33205986e+00 3.14774305e-01 2.83002257e-01
    -5.09227931e-01 -6.21858776e-01 2.98906654e-01 1.63886964e+00
    1.22364771e+00 1.08130321e-01 6.30941033e-01 -4.05011512e-02
    -6.24624848e-01 1.19917758e-01 1.64257419e+00 4.44802642e-01
    -5.59166431e-01 -2.09129587e-01 -8.37833226e-01 1.68326068e+00
    -3.74165863e-01 -2.65071392e-01 1.50885940e+00 1.53316045e+00
    1.07550538e+00 1.43535852e-01 -2.56475573e-03 5.86096108e-01
    1.02124608e+00 -4.27643329e-01 2.80857801e-01 -2.87380964e-01
    1.61131167e+00 -5.42949378e-01 1.03002620e+00 1.31591535e+00
    9.31837976e-01 4.15819883e-01 -6.11911297e-01 -4.71283615e-01
    -1.15799144e-01 -7.94774711e-01 1.78591967e+00 -5.60468972e-01
    1.86302614e+00 -5.44427037e-01 -4.72346872e-01 3.03423673e-01
    1.42504621e+00 1.63978672e+00 1.28806007e+00 -7.85525978e-01
    -1.09092765e-01 -2.05569685e-01 1.76046562e+00 1.68932128e+00
    -2.60520369e-01 1.98392582e+00 -2.34318808e-01 1.16149342e+00
    6.10488117e-01 1.58768284e+00 5.75989373e-02 -3.58059645e-01
    1.60257891e-01 5.62448204e-01 -4.56527859e-01 1.80107248e+00
    1.82803619e+00 1.56952715e+00 1.33062288e-01 7.11292028e-01
    -8.30830753e-01 3.33295077e-01 6.45104945e-01 1.82702243e+00
    6.89172447e-01 1.67621498e-03 -2.04312995e-01 -1.13411039e-01
    3.70298773e-01 -6.10319614e-01 -5.42189240e-01 1.09507775e+00
    1.27806747e+00 1.15222663e-01 2.33894855e-01 -3.86360317e-01
    1.09013581e+00 2.76413798e-01 5.43779254e-01 -2.35954732e-01
    6.30428791e-01 1.66437542e+00 9.68325853e-01 7.34694481e-01
    7.28136897e-02 5.02048492e-01 4.23927695e-01 -2.58944035e-01
    1.57193851e+00 -3.51490259e-01 2.50984550e-01 1.15524435e+00
    -7.73346424e-01 9.48419631e-01 2.82041401e-01 -3.63001257e-01
    3.53898346e-01 8.09598505e-01 -6.20522141e-01 2.16283992e-01
    1.55494034e+00 1.18537629e+00 1.44250107e+00 -9.75663513e-02
    -4.32610780e-01 -3.61443251e-01 1.57097232e+00 -5.67142725e-01
    1.40284646e+00 -3.53100151e-01 9.61520135e-01 -8.02937031e-01
    2.53133476e-01 -9.93041545e-02 1.56310546e+00 -4.92749631e-01
    5.89578927e-01 -7.65851215e-02 1.02526236e+00 5.38831055e-01
    -3.41355830e-01 -5.11089303e-02 1.23256850e+00 1.44605207e+00
    5.77156171e-02 5.56079686e-01 8.09321702e-01 -3.58809173e-01
    2.49094516e-01 -3.56674969e-01 1.28098190e+00 3.68716061e-01
    1.27611136e+00 1.57971966e+00 1.01757944e+00 1.14300156e+00
    1.72671664e+00 1.77931666e+00 7.41682053e-02 1.71999192e+00
    1.57171917e+00 -3.07859510e-01 1.69473886e+00 -4.12056208e-01
    2.94130802e-01 1.05095434e+00 3.02653704e-02 1.46289480e+00
    -4.68303949e-01 1.29204571e+00 7.17822850e-01 1.79927146e+00
    9.22014378e-03 7.00685203e-01 5.31660616e-01 1.16695084e-01
    -8.40196848e-01 -8.06661487e-01 9.89709198e-01 6.93123460e-01
    2.71078706e-01 1.58780351e-01 -5.36360860e-01 -4.79597032e-01
    1.40664959e+00 8.84728432e-01 1.80303216e+00 -8.57866406e-01
    5.18103600e-01 -6.34819388e-01 9.33636725e-01 -8.32735822e-02
    1.24624157e+00 9.95999277e-01 4.83490348e-01 1.77895772e+00
    -1.93778068e-01 5.96713185e-01 1.06145513e+00 -3.89966041e-01
    1.40170842e-01 -8.15551996e-01 1.02030110e+00 6.36032939e-01
    -5.22948086e-01 4.00139838e-01 1.04487014e+00 5.64049423e-01
    -1.25493109e-01 -6.33991659e-01 1.27865553e+00 -4.46160108e-01
    3.68424878e-02 -5.67431867e-01 2.13606268e-01 1.06553875e-01
    2.42996395e-01 6.22925580e-01 9.22719479e-01 2.76913613e-01
    -3.77607077e-01 9.55669105e-01 5.80685675e-01 -1.66766778e-01
    1.03281951e+00 -8.24528933e-01 -6.20465696e-01 3.99968743e-01
    6.31867722e-02 1.18296456e+00 5.59008360e-01 1.44456172e+00
    1.26413167e+00 -8.53021443e-01 1.48483396e+00 -2.53961921e-01
    -2.71607161e-01 2.99522489e-01 -1.66899011e-01 -7.73990452e-01
    4.72944498e-01 4.74508166e-01 1.61528623e+00 1.65809524e+00
    1.03100705e+00 1.66497195e+00 -9.15255323e-02 2.46804878e-01
    5.73299706e-01 7.62619257e-01 -5.42533159e-01 -5.50916791e-01
    3.78750890e-01 1.42453015e+00 8.87854099e-01 -4.71428812e-01
    1.50287950e+00 8.00627023e-02 -5.15072882e-01 1.12367034e+00
    -6.08670533e-01 8.29593182e-01 1.54094064e+00 -6.20346248e-01
    3.55738223e-01 4.83295709e-01 9.63126421e-02 -5.07797718e-01
    1.71463525e+00 1.03466356e+00 1.78714156e+00 -7.86481023e-01
    1.84781575e+00 7.07510173e-01 2.12371424e-02 -8.73023629e-01
    7.53884494e-01 1.84638190e+00 1.00951627e-01 -7.72936821e-01
    1.64088714e+00 7.06369221e-01 1.67598712e+00 5.19129813e-01
    6.64229155e-01 1.71129203e+00 -4.89512712e-01 -3.54075283e-01
    5.95005512e-01 1.54415250e+00 2.22598359e-01 1.00104296e+00
    -5.60871303e-01 1.77144349e+00 -3.43032628e-01 3.92811596e-01
    1.55740762e+00 -3.45060974e-01 8.90755773e-01 -4.30871248e-01
    1.36281466e+00 -4.69997793e-01 1.02362561e+00 -7.56355762e-01
    -7.40734935e-01 1.09435129e+00 -8.67475033e-01 -5.34246802e-01
    -4.10227835e-01 1.70793688e+00 1.25125396e+00 -5.14726639e-02
    7.83179820e-01 -3.16847950e-01 1.10567379e+00 1.10068250e+00
    -2.31370792e-01 1.09657466e+00 1.89121699e+00 -2.84380049e-01
    2.08676696e+00 1.51147127e+00 1.53456986e+00 8.82750094e-01
    1.11166716e+00 1.20895934e+00 1.61751962e+00 1.30540884e+00
    1.18452728e+00 1.68461514e+00 1.87104285e+00 7.98002779e-01
    5.72742999e-01 1.89376545e+00 -6.24659419e-01 7.21952856e-01
    1.20086777e+00 -1.19430274e-01 -2.73115665e-01 -7.48350024e-01
    -7.48989135e-02 1.39191353e+00 9.01778877e-01 -6.90724373e-01
    1.16169000e+00 1.67705595e+00 2.87320673e-01 1.58904183e+00
    -4.03424710e-01 -1.27370223e-01 1.27752531e+00 6.46884441e-01
    -3.84846061e-01 -7.04875886e-01 3.24893206e-01 7.58442888e-03
    6.13182783e-01 2.77844537e-02 -5.75604960e-02 7.05500916e-02
    -4.88099158e-01 1.81081903e+00 1.00268520e-01 1.61283469e+00
    1.62818456e+00 4.88352954e-01 1.75524795e+00 1.32035184e+00
    -5.62624872e-01 -7.45362222e-01 -9.68111828e-02 -1.99146643e-01
    -4.88138139e-01 -5.43153822e-01 -4.49125379e-01 1.39984274e+00
    1.76849914e+00 1.00015402e+00 1.33420432e+00 -5.15743792e-01
    4.25994873e-01 -3.92012671e-02 -4.79484409e-01 1.23818271e-01
    3.20601404e-01 1.81166720e+00 -4.97983605e-01 1.71121907e+00
    -7.82442272e-01 -7.66883641e-02 1.09579206e+00 -7.19928741e-01
    -8.17532063e-01 1.38205934e+00 1.13960944e-01 -6.70399487e-01
    2.99886286e-01 3.48207533e-01 1.92564726e-01 1.06130683e+00
    -2.26911783e-01 1.50252116e+00 -7.03613013e-02 -6.55558765e-01
    -2.48217881e-01 -6.75451517e-01 1.23933744e+00 1.51957047e+00
    -1.79831639e-01 -2.81022012e-01 1.49986327e+00 3.89545709e-02
    1.21685207e+00 3.19518119e-01 1.26922381e+00 8.15868318e-01
    8.08346391e-01 -6.26333952e-01 8.56639206e-01 4.58598405e-01
    -7.19006002e-01 -3.22214097e-01 -5.77008665e-01 3.56242448e-01
    -5.89846373e-01 3.77241850e-01 9.81087863e-01 1.60418344e+00
    9.93160486e-01 -6.91239536e-01 3.57087940e-01 -5.65860629e-01
    -3.14155579e-01 1.11258507e+00 1.41883790e+00 -8.87433171e-01
    -1.72491893e-01 -6.67382896e-01 -2.67352223e-01 1.48545897e+00
    1.69825971e+00 1.61107659e+00 8.91093671e-01 1.30260065e-01
    6.15468681e-01 -8.35678995e-01 3.88333023e-01 -2.43193761e-01
    7.35268533e-01 1.36717033e+00 -3.74188393e-01 -3.17416966e-01
    1.69957161e-03 1.31032765e+00 9.24106479e-01 4.42627102e-01
    1.53257990e+00 1.56764948e+00 1.72972488e+00 -2.57196426e-01
    1.75812912e+00 -4.37518328e-01 5.00466049e-01 -3.27944398e-01
    -6.40527546e-01 -3.71247202e-01 1.78956914e+00 -1.88406080e-01
    -2.00903744e-01 -5.78847170e-01 1.24223816e+00 6.78145885e-01
    -4.89116609e-01 6.77668869e-01 1.43483245e+00 3.13436866e-01
    1.21302652e+00 2.20282912e-01 1.04280984e+00 3.63937944e-01
    1.49494183e+00 5.28749764e-01 -3.47656757e-01 6.20675862e-01
    4.70651835e-02 6.31089732e-02 -4.45681475e-02 4.53926623e-01
    1.38350642e+00 7.99946249e-01 1.59246171e+00 7.22985387e-01
    2.07182810e-01 1.18234670e+00 6.20427787e-01 -2.65257269e-01
    3.70643288e-01 9.01130140e-01 3.43766332e-01 1.58399299e-01
    9.44554389e-01 8.52504313e-01 5.07738471e-01 2.40821734e-01
    1.28732431e+00 1.52691746e+00 4.73466754e-01 4.81728941e-01
    1.20460761e+00 -6.23779111e-02 4.99747813e-01 8.33779275e-01
    1.06515896e+00 1.18340111e+00 5.09574056e-01 -3.37020159e-01
    5.95337115e-02 1.79968858e+00 -3.76340032e-01 3.89411479e-01
    1.41282809e+00 4.37560469e-01 1.79113209e+00 1.50837433e+00
    1.13024783e+00 9.68867987e-02 -5.13385117e-01 -1.82044938e-01
    -5.97512070e-03 1.50758302e+00 -7.13327408e-01 1.41260159e+00
    7.21992671e-01 1.85000777e-01 4.48205501e-01 9.57572281e-01
    -2.30042726e-01 -3.22737336e-01 5.38267434e-01 -7.27674901e-01
    -1.48047581e-01 -3.72673720e-01 1.44756114e+00 2.24230886e-02
    8.44256341e-01 1.46558613e-01 4.13425863e-01 1.10956848e+00
    5.68281174e-01 1.61021960e+00 1.10242462e+00 1.29265332e+00
    2.87788510e-01 9.20205534e-01 7.80557215e-01 1.05844152e+00
    -5.55938840e-01 1.38273275e+00 1.62928665e+00 6.28363669e-01
    6.67882264e-01 1.40791130e+00 1.33438095e-01 1.65615189e+00
    1.60532260e+00 -3.11390966e-01 -4.80628937e-01 5.79073787e-01
    -4.16889697e-01 4.11680579e-01 1.08043826e+00 6.83762848e-01
    -6.26253858e-02 1.93777668e+00 1.65741277e+00 6.63777053e-01
    2.86499083e-01 3.58928621e-01 2.23444968e-01 -1.78425714e-01
    1.60568690e+00 1.31581378e+00 8.50223660e-01 5.10287285e-01
    1.58537078e+00 -5.82260907e-01 -1.25066340e-01 3.87570441e-01
    1.51232862e+00 1.07525431e-01 4.79515493e-01 1.41971183e+00
    1.46879065e+00 -5.20764627e-02 7.67069340e-01 -1.17387101e-02
    -5.85437477e-01 2.52227038e-01 6.66962326e-01 3.35781425e-02
    1.51232803e+00 -2.25634389e-02 3.75611246e-01 1.27781367e+00
    1.35813308e+00 1.80288053e+00 -1.76229626e-01 -6.36968791e-01
    1.13251233e+00 -1.77407920e-01 1.37564158e+00 7.23868683e-02
    -3.13143253e-01 1.35082770e-02 3.71111065e-01 -3.35366040e-01
    1.10984659e+00 2.68090218e-01 5.85645199e-01 1.44643664e+00
    1.79243517e+00 5.37418604e-01 7.15030372e-01 9.83407855e-01
    1.05593480e-01 5.99558532e-01 1.20600247e+00 -4.27405149e-01
    6.14160240e-01 2.84621924e-01 3.75609577e-01 -2.23847985e-01
    9.69591737e-01 9.14098680e-01 1.44386733e+00 -2.34258637e-01
    -3.71043891e-01 8.05255055e-01 8.82672727e-01 -2.49939552e-03
    7.68145978e-01 1.33632290e+00 1.55539310e+00 8.51487875e-01
    9.43834364e-01 1.48712397e+00 -1.60028145e-01 1.45136750e+00
    -8.48643243e-01 5.94607592e-01 7.30784714e-01 1.54453754e+00
    1.82683114e-02 3.44708055e-01 7.13411629e-01 2.13206932e-01
    1.81494772e+00 1.62803698e+00 9.88163352e-01 2.68341720e-01
    2.00884983e-01 1.37763131e+00 2.86920875e-01 -3.23927075e-01
    1.55232549e+00 1.53973901e+00 1.69445372e+00 -2.68995285e-01
    -4.84424680e-02 -1.35185272e-01 5.95987499e-01 1.09076333e+00
    7.56630659e-01 1.55565596e+00 7.30038881e-02 2.45304555e-02
    7.90247858e-01 8.72302771e-01 1.71386445e+00 -8.03189993e-01
    -6.49385527e-02 5.85479677e-01 3.00645053e-01 -8.15440357e-01
    9.33949590e-01 3.98469716e-01 6.49627984e-01 -8.87297451e-01
    -2.17702448e-01 -7.31414974e-01 3.80576193e-01 -4.97839689e-01
    1.31030631e+00 1.10551655e+00 4.00773346e-01 1.49215415e-01
    1.44142330e+00 1.14153397e+00 1.62202072e+00 -9.32174176e-02
    1.53417146e+00 1.58831251e+00 9.64310348e-01 1.45142460e+00
    -5.16297460e-01 -1.05259202e-01 1.62521386e+00 1.84565163e+00
    1.44347119e+00 -3.24700981e-01 -2.31158808e-02 8.04705098e-02
    4.93308753e-01 8.40904593e-01 -5.22099316e-01 1.15701890e+00
    -2.60984242e-01 -2.75999099e-01 1.62587094e+00 1.44531322e+00
    -4.15463485e-02 5.89766741e-01 6.96664989e-01 6.98395848e-01
    -7.87374020e-01 1.58577040e-02 6.52451515e-01 3.32331896e-01
    -3.00690979e-01 -3.72237325e-01 6.42000079e-01 1.73040485e+00
    -2.51401532e-02 1.51353562e+00 6.63020849e-01 -7.07733333e-01
    -9.92694199e-02 1.73777544e+00 9.56499040e-01 1.26172936e+00
    7.60030985e-01 3.21072400e-01 3.24255794e-01 1.82769954e+00
    5.30619025e-01 -5.99088371e-01 1.81196070e+00 -7.09946156e-01
    1.81989217e+00 -1.77059039e-01 8.66857529e-01 3.03087413e-01
    5.45820072e-02 6.95571065e-01 6.55941546e-01 1.13827825e+00
    1.18232107e+00 5.11570692e-01 1.06195974e+00 -1.80158302e-01
    -6.10995352e-01 1.68196619e+00 1.81187785e+00 -1.89492106e-02
    -1.80056915e-01 -9.48228985e-02 -6.73713863e-01 9.81894791e-01
    1.70997131e+00 -1.73907146e-01 6.88306570e-01 1.17029607e+00
    5.72538853e-01 -6.28553808e-01 1.51796651e+00 -1.60596922e-01
    1.39659834e+00 3.44295681e-01 4.18682694e-01 4.31641847e-01
    1.80077922e+00 6.47673786e-01 2.86415573e-02 9.38948691e-01
    -1.73356757e-01 9.68458951e-01 2.73820430e-01 1.79142511e+00
    3.96106958e-01 9.03834522e-01 1.81078458e+00 -1.22874409e-01
    1.01966314e-01 8.09081852e-01 1.49869311e+00 -1.19290754e-01
    -5.43539405e-01 1.45130622e+00 8.12992334e-01 7.44170427e-01
    -7.25040436e-01 9.99706864e-01 7.22385406e-01 -3.13191652e-01
    5.94863176e-01 -4.34158057e-01 1.13291299e+00 1.21095669e+00
    7.71064341e-01 -6.15782559e-01 1.46982419e+00 1.10106602e-01
    1.01230371e+00 -3.37251067e-01 -7.52724111e-02 4.37656790e-01
    -3.36612642e-01 1.71409119e-02 -1.03930064e-01 1.17236221e+00
    1.36285555e+00 -3.72300446e-01 7.66711652e-01 1.51893210e+00
    1.80147171e-01 1.41256738e+00 -8.45994115e-01 1.04928946e+00
    -3.32936049e-01 2.22332571e-02 1.12800181e+00 -3.11737925e-01
    -1.75931007e-01 1.17916942e+00 1.54838872e+00 1.56070638e+00
    2.15112758e+00 3.63133371e-01 -4.89902705e-01 6.63573086e-01
    1.93775952e+00 1.57596958e+00 -4.93573487e-01 1.13120639e+00
    -7.80348301e-01 4.49627638e-01 1.71703529e+00 1.56449640e+00
    6.64694548e-01 5.04688084e-01 6.16116583e-01 1.26166332e+00
    1.17645061e+00 1.40224683e+00 -5.06649256e-01 -7.31167853e-01
    8.66758466e-01 7.66305745e-01 1.64707160e+00 -2.77869433e-01
    5.92354238e-01 -2.14319542e-01 1.42333376e+00 1.55693066e+00
    1.26358747e+00 1.82494950e+00 1.57389557e+00 1.65757835e+00
    5.39116681e-01 8.06331560e-02 -2.03679755e-01 1.32969809e+00
    -1.23973481e-01 -1.40991032e-01 1.40086281e+00 -1.52415216e-01
    1.10459638e+00 1.70173812e+00 3.44730884e-01 1.27842590e-01
    -8.92845929e-01 1.32730198e+00 3.94842058e-01 -7.76636750e-02
    3.15769374e-01 1.30350041e+00 -2.82503098e-01 -3.08077425e-01
    -6.67537868e-01 2.49828666e-01 1.59237862e+00 6.57818079e-01
    2.89871395e-01 8.03620666e-02 -6.75334156e-01 9.70544279e-01
    -1.01859704e-01 5.16382039e-01 1.00551382e-01 1.45321679e+00
    -6.80107892e-01 1.69568157e+00 4.11561549e-01 1.26390740e-01
    1.88081419e+00 -3.36758673e-01 8.77017498e-01 1.85239923e+00
    9.20606315e-01 8.02593052e-01 -9.13589299e-02 -2.46265680e-01
    -4.70694602e-01 -4.12683189e-01 1.81608593e+00 -4.16590124e-01
    2.50393569e-01 -6.07249081e-01 1.11644971e+00 4.81955498e-01
    1.21121085e+00 -7.54442990e-01 1.13950717e+00 -1.33473128e-01
    1.80679286e+00 1.83256984e+00 1.79589832e+00 8.92722070e-01
    1.66030800e+00 1.22397709e+00 9.39066708e-01 6.51485264e-01
    -5.85777044e-01 1.67503846e+00 7.50882864e-01 9.35099244e-01
    1.22875118e+00 7.07292676e-01 -5.73347211e-02 1.45845330e+00
    -2.52180308e-01 9.06965733e-01 2.93091059e-01 5.36625803e-01
    1.78854299e+00 1.44219220e+00 1.39417350e+00 1.24079847e+00
    1.07436076e-01 -4.40003239e-02 -8.36900830e-01 1.40474284e+00
    1.81102645e+00 -2.36483589e-01 1.90136462e-01 1.04651272e+00
    7.37112164e-01 -6.82022393e-01 7.79168069e-01 1.55951512e+00
    -3.17024171e-01 -4.50455099e-01 5.69559991e-01 9.03550088e-01
    1.84970844e+00 -6.51857316e-01 1.51001024e+00 1.61571920e+00
    3.57149869e-01 1.73708089e-02 1.67496789e+00 -7.62936026e-02
    1.68378198e+00 1.37922144e+00 -2.58349866e-01 2.25932881e-01
    5.16766667e-01 -1.37397975e-01 2.59928554e-01 1.91224322e-01
    4.95072491e-02 9.35628712e-01 1.20120740e+00 1.57005274e+00
    1.99427381e-01 -2.30680078e-01 -4.13844675e-01 1.81828725e+00
    9.80643779e-02 1.57472402e-01 7.59556890e-01 -5.76353788e-01
    -4.07843530e-01 5.02375364e-01 -6.35246933e-01 -1.70731798e-01
    7.78084517e-01 8.27322483e-01 7.36913562e-01 1.37029111e+00
    7.29910672e-01 -8.12699735e-01 -6.75255179e-01 7.68335640e-01
    9.01752889e-01 1.63760006e+00 -7.91104734e-01 1.16749573e+00
    -6.85701430e-01 -2.17624128e-01 1.66999370e-01 8.99410248e-01
    -7.50564814e-01 -7.44837523e-01 4.81865793e-01 7.34987915e-01
    9.83282089e-01 1.76776186e-01 3.10538530e-01 1.62940443e+00
    -7.25957155e-01 1.07582986e+00 -1.80458248e-01 -1.35592550e-01
    1.80105257e+00 -7.22915307e-02 -4.19735834e-02 3.51810813e-01
    -2.92973723e-02 1.57305181e+00 1.25564659e+00 1.68544686e+00
    1.38740015e+00 9.27278280e-01 1.27235973e+00 5.30222595e-01
    -4.24314439e-01 4.46649104e-01 1.68701792e+00 -2.18461603e-01
    5.89946732e-02 5.95943868e-01 6.63717747e-01 -6.42721653e-01
    1.23342657e+00 -1.50100842e-01 1.09246266e+00 8.14967394e-01
    -2.36402467e-01 5.45044541e-01 1.86187291e+00 4.66691256e-01
    6.68012202e-01 7.70608485e-02 5.72293937e-01 8.19815278e-01
    1.18478990e+00 9.28268194e-01 -4.37944323e-01 2.33113006e-01
    -6.37301981e-01 9.02474940e-01 1.33244359e+00 1.24926138e+00
    7.94040561e-01 -8.47774923e-01 4.71169680e-01 4.08614635e-01
    4.03821468e-01 -5.75582147e-01 3.72522265e-01 9.80214834e-01
    4.74973805e-02 7.88676977e-01 -7.10116386e-01 -7.78644145e-01
    -9.18373019e-02 5.80734372e-01 1.44419241e+00 -4.07376230e-01
    1.28182828e-01 4.86925751e-01 1.23526514e+00 1.64813912e+00
    2.06611559e-01 -1.70628279e-01 -6.46429539e-01 1.74043632e+00
    1.00852978e+00 1.40465653e+00 -5.87427095e-02 1.24753714e+00
    1.30465388e-01 1.80639279e+00 -4.36859339e-01 1.73995778e-01
    8.83305147e-02 3.55632842e-01 -7.68377662e-01 3.41823757e-01
    1.70810652e+00 -1.57873064e-01 -7.57922649e-01 5.39635539e-01
    1.56232822e+00 8.69882405e-01 4.86737370e-01 -7.82250583e-01
    -8.20250154e-01 -4.59293634e-01 2.43468180e-01 1.71945190e+00
    5.67218602e-01 -4.83644575e-01 -2.53334880e-01 1.64141905e+00
    5.78966260e-01 8.62803936e-01 -5.98945498e-01 1.28692240e-01
    -6.58789515e-01 -8.23607504e-01 1.77926683e+00 -8.81770372e-01
    1.04162371e+00 -5.47857583e-01 1.42250693e+00 4.42889124e-01
    8.24640393e-01 4.09049660e-01 1.36046863e+00 1.25423253e+00
    -4.15915728e-01 1.26028550e+00 6.84811831e-01 -5.52970409e-01
    1.70778596e+00 1.03476979e-01 -7.01388061e-01 3.63861829e-01
    1.70578802e+00 1.43365896e+00 3.54901925e-02 1.69170308e+00
    1.16671300e+00 3.10179740e-01 1.87945336e-01 1.05560791e+00
    1.50077271e+00 -1.64835155e-01 3.47037494e-01 -9.09105539e-02
    6.99833035e-01 1.17233956e+00 -2.23921746e-01 -3.75428140e-01
    -1.32520288e-01 2.35681981e-01 4.21558022e-01 1.24865091e+00
    2.70358771e-01 1.47096145e+00 2.79867947e-02 8.96211803e-01
    -1.78802729e-01 6.43500447e-01 -4.88438606e-01 7.75876343e-01
    4.40088958e-01 6.40978634e-01 -7.28931904e-01 2.55341679e-01
    1.79817891e+00 1.55134475e+00 1.71082139e+00 3.78114283e-01
    1.19656706e+00 1.46261051e-01 5.89025021e-01 2.78213412e-01
    -3.21092695e-01 8.27007949e-01 -2.27378443e-01 1.58932066e+00
    1.74456823e+00 2.85184681e-01 1.35826254e+00 1.59689140e+00
    5.40036142e-01 -5.46196401e-01 -5.77059269e-01 9.53597248e-01
    -8.12981427e-01 -4.19104666e-01 -6.46546721e-01 6.61367118e-01
    -1.55998424e-01 1.65103173e+00 -5.91050208e-01 9.79169682e-02
    1.63007450e+00 7.93462634e-01 -7.64922380e-01 -4.59564924e-01
    1.03675580e+00 1.03729916e+00 1.55091035e+00 1.83052027e+00
    -2.89439023e-01 -6.12567738e-02 -6.24262691e-01 1.36499465e-01
    -5.87662160e-01 -4.84851032e-01 -3.13358486e-01 -1.88174352e-01
    -3.17199342e-02 7.61347890e-01 -5.58542013e-01 6.01328492e-01
    8.00559342e-01 1.42242301e+00 1.61956561e+00 1.36966395e+00
    1.68876040e+00 3.52923453e-01 1.11858475e+00 -7.31354296e-01
    9.60536361e-01 -7.85425305e-01 -1.85745105e-01 1.27863944e+00
    3.01595062e-01 1.57596076e+00 1.04900444e+00 4.84306604e-01
    1.64021206e+00 1.21789336e+00 9.54695165e-01 -5.68108797e-01
    4.57772493e-01 1.45133126e+00 1.24787605e+00 8.38688850e-01
    3.90245408e-01 6.01962656e-02 7.81308591e-01 1.23882318e+00
    1.20270383e+00 1.56222773e+00 1.00798607e-01 1.08617258e+00
    1.81366459e-01 1.87306181e-01 5.16270936e-01 6.16690256e-02
    1.71494520e+00 -8.46717954e-01 1.59061491e+00 2.14301094e-01
    -7.65753612e-02 -8.20202380e-02 6.80830300e-01 1.13624120e+00
    1.03290832e+00 9.70802069e-01 1.00419247e+00 3.62714410e-01
    1.84599590e+00 -6.42226398e-01 6.88724637e-01 3.77931982e-01
    -2.03105107e-01 -5.95360160e-01 1.76602232e+00 9.11029398e-01
    2.23334089e-01 1.43284702e+00 7.62276113e-01 7.18176484e-01
    -1.24084808e-01 1.43202758e+00 4.24657017e-01 3.81641567e-01
    -8.25432062e-01 1.52252138e+00 -5.03957197e-02 8.32796454e-01
    1.16206002e+00 2.96164334e-01 1.34869106e-02 1.10204303e+00
    1.75929570e+00 3.39322776e-01 3.22143972e-01 3.33800167e-01
    1.25280571e+00 9.22423154e-02 3.49743129e-03 1.33285308e+00
    -3.00248593e-01 4.56732996e-02 -7.59905756e-01 3.68709564e-01
    -2.25142121e-01 1.79104471e+00 3.20401341e-02 6.80776834e-01
    1.13606286e+00 -2.59120762e-01 -7.12453365e-01 1.24920380e+00
    -8.02352428e-01 5.46703637e-01 1.55569136e+00 1.55386984e-01
    6.41663194e-01 -8.01914036e-01 8.67935181e-01 -6.83110118e-01
    1.14570236e+00 1.23200679e+00 1.47695363e+00 1.75076056e+00
    -1.70085318e-02 9.49807465e-01 1.18135357e+00 8.06754529e-01
    1.45350873e+00 -4.39265549e-01 -1.88264415e-01 9.96834099e-01
    9.88836527e-01 1.28417110e+00 -5.08922756e-01 1.41720068e+00
    3.89505535e-01 -3.03580821e-01 1.66372967e+00 8.79442930e-01
    -8.15526783e-01 -8.66501108e-02 1.91626358e+00 1.08332753e+00
    1.69863594e+00 6.20394826e-01 1.22210991e+00 9.92714167e-01
    9.19242054e-02 1.58452618e+00 1.87942755e+00 -2.90437251e-01
    7.36457825e-01 -6.41217222e-03 9.53153193e-01 1.47738922e+00
    -7.96835482e-01 2.65236169e-01 4.98947114e-01 3.95221591e-01
    -4.78549093e-01 1.56934249e+00 6.65551543e-01 9.54279304e-01
    -1.35959387e-01 4.65439588e-01 1.00758862e+00 8.68366539e-01
    1.14197004e+00 8.30694377e-01 -8.03177133e-02 -8.50227833e-01
    1.66689122e+00 1.39045370e+00 1.50622106e+00 1.02022755e+00
    1.16626167e+00 1.11410379e+00 1.78046012e+00 -6.37328386e-01
    -7.94656873e-01 -6.55681312e-01 3.50111872e-02 1.48811734e+00
    1.57747340e+00 1.25285530e+00 1.51322150e+00 -8.01779211e-01
    1.58897877e+00 -2.58301884e-01 5.79188108e-01 8.90602827e-01
    1.18687057e+00 -7.86259472e-01 1.78828120e+00 1.00057468e-01
    3.01473826e-01 1.59402728e+00 1.59119442e-01 1.95748553e-01
    -4.44796562e-01 1.10079002e+00 1.04323137e+00 -7.59294271e-01
    9.78391588e-01 -6.14591539e-01 2.20876634e-01 -4.06930119e-01
    1.38619542e+00 1.20840645e+00 -4.39055294e-01 5.04674137e-01
    3.05475026e-01 -6.16387010e-01 -7.81950712e-01 -2.89799601e-01
    3.46139669e-01 2.82611966e-01 9.50925708e-01 1.59299886e+00
    1.65178108e+00 1.66659045e+00 2.08036676e-01 1.67153561e+00
    -2.34929562e-01 1.76551712e+00 -9.62648541e-03 -3.40597093e-01
    1.68059587e+00 6.93174124e-01 5.53218126e-01 -6.26189351e-01
    2.79016703e-01 7.97529697e-01 1.07365215e+00 1.53203082e+00
    5.77695310e-01 8.74186158e-01 -8.89210403e-01 1.30108547e+00
    6.29588366e-01 1.46298003e+00 -5.24851203e-01 8.78241301e-01
    1.82553899e+00 2.53421277e-01 7.05005109e-01 -7.24551687e-03
    6.23566508e-01 3.46607685e-01 -1.33133069e-01 -3.27243626e-01
    9.60350871e-01 7.28368521e-01 -3.27371538e-01 9.56245422e-01
    1.14960778e+00 -7.92420089e-01 1.10556221e+00 -3.78846377e-01
    1.28079534e+00 -1.02143683e-01 1.71076262e+00 -4.18708175e-02
    -6.70041859e-01 -2.82244921e-01 -5.85674584e-01 1.81038177e+00
    -1.32006690e-01 5.54527223e-01 1.19340324e+00 -3.20749938e-01
    -3.27780247e-01 8.19793880e-01 9.29672599e-01 1.07282877e+00
    8.88455510e-01 -5.44409454e-01 1.53333187e+00 -3.95992696e-01
    6.00474536e-01 -6.63583517e-01 8.89056444e-01 -7.69273043e-01
    -8.30514789e-01 2.83728242e-01 5.89853168e-01 8.25846314e-01
    3.70211661e-01 3.03649843e-01 5.45576513e-02 1.89515144e-01
    -6.66565657e-01 4.44218546e-01 2.98774898e-01 -6.04639173e-01
    1.57422340e+00 1.46037364e+00 4.32341218e-01 1.21451044e+00
    1.31350562e-01 8.14930022e-01 4.06477079e-02 8.81908715e-01
    1.13528147e-02 -2.98446342e-02 5.13085723e-01 1.15653563e+00
    -3.63156557e-01 4.78260398e-01 5.35085440e-01 1.14994121e+00
    -3.91336381e-01 4.95099694e-01 1.04624951e+00 9.34417188e-01
    2.46843815e-01 1.04067111e+00 7.14035749e-01 -3.47878605e-01
    6.78468049e-01 1.67507124e+00 1.10681546e+00 -1.39816821e-01
    -3.73221427e-01 5.40277421e-01 -6.04197621e-01 1.56447864e+00
    -6.94501519e-01 -6.61799610e-01 1.52231574e+00 4.91913080e-01
    1.13444757e+00 -3.45072597e-02 1.64733565e+00 -6.89444661e-01
    6.82484150e-01 6.45438880e-02 -5.54607391e-01 -8.43433559e-01
    1.56377923e+00 1.06287444e+00 1.22255933e+00 8.56128693e-01
    -8.32000554e-01 -3.06764315e-03 -6.47003949e-01 6.91372633e-01
    -1.30906394e-02 1.36944258e+00 -9.58592743e-02 -6.42075360e-01
    4.04169798e-01 5.05168855e-01 6.24449134e-01 -6.95228517e-01
    1.86524200e+00 1.16442370e+00 -3.14075112e-01 -7.96348512e-01
    -5.45311928e-01 4.99461949e-01 1.14928991e-01 2.23034829e-01
    1.28185546e+00 2.83859968e-01 8.34125876e-01 8.88664603e-01
    -4.05246705e-01 2.16394797e-01 -5.56062162e-01 -5.13541460e-01
    4.77690250e-01 1.60708380e+00 2.23971918e-01 -1.75741091e-01
    1.03328872e+00 9.83067214e-01 1.72278762e+00 1.28351974e+00
    3.19934428e-01 4.75893915e-01 7.75235966e-02 -5.30282676e-01
    1.49157524e-01 1.56465387e+00 1.23020256e+00 8.34301054e-01
    -8.98585021e-02 4.53376144e-01 -1.10382579e-01 4.95000601e-01
    1.78599656e+00 1.53457499e+00 1.12481368e+00 -3.53047878e-01
    -7.49221921e-01 1.12385571e-01 1.72850108e+00 3.03692192e-01
    7.03812659e-01 2.12398067e-01 6.55507088e-01 1.45870161e+00
    3.74617428e-01 4.12359200e-02 4.32194889e-01 3.66459675e-02
    1.05750501e+00 4.52098250e-01 1.34424973e+00 1.69192290e+00
    1.54410422e+00 1.74106455e+00 8.28997865e-02 1.90084910e+00
    1.01035619e+00 -1.35204956e-01 1.48662955e-01 -6.48103833e-01
    -5.34884155e-01 -7.06518650e-01 -2.27457315e-01 1.68706727e+00
    -5.08044064e-01 -6.59970224e-01 -2.55726755e-01 -7.77504385e-01
    1.46064687e+00 1.13761163e+00 2.45524555e-01 1.24661863e+00
    7.99500585e-01 1.38458669e+00 9.47254241e-01 -2.30555668e-01
    1.53419006e+00 9.97020721e-01 1.36491668e+00 -2.77424641e-02
    4.13077563e-01 1.03484678e+00 1.61885810e+00 1.11925936e+00
    2.98914555e-02 -8.14658642e-01 1.41631532e+00 1.70394087e+00
    4.30035979e-01 1.42003015e-01 1.54252660e+00 -1.12732612e-01
    -3.78776044e-01 -3.19148749e-01 1.88035595e+00 1.35359871e+00
    1.26289368e+00 1.44131571e-01 1.77495992e+00 1.08120072e+00
    1.44781664e-01 -7.17472672e-01 -2.13243887e-01 -2.22861364e-01
    -6.44970596e-01 1.75082374e+00 3.34738821e-01 1.70917189e+00
    1.77375948e+00 9.39828694e-01 1.23017418e+00 1.46162438e+00
    -3.58100422e-02 -1.89706758e-01 8.22590828e-01 1.67395878e+00
    1.46833098e+00 -3.61845046e-01 1.44220436e+00 -7.79281318e-01
    1.32842630e-01 -5.39898932e-01 1.61710835e+00 1.32864523e+00
    -3.62894237e-01 1.36558104e+00 9.72631633e-01 1.10340762e+00
    1.64992249e+00 7.99686164e-02 7.35390604e-01 2.19251409e-01
    -8.48299563e-01 1.27657723e+00 7.69414961e-01 4.09971736e-02
    1.66184694e-01 -7.87696362e-01 1.69178379e+00 -1.45167172e-01
    4.48028922e-01 -4.90604155e-03 -8.31505895e-01 1.16323459e+00
    7.38900959e-01 1.70394003e+00 1.30480862e+00 1.44679248e+00
    1.31908596e+00 1.43063694e-01 4.99922752e-01 1.68781593e-01
    5.64740319e-03 2.32065812e-01 1.54620743e+00 9.14516389e-01
    1.39798570e+00 9.27532077e-01 9.96448517e-01 1.84949338e+00
    1.41272271e+00 1.57008782e-01 6.55281007e-01 -3.37519228e-01
    1.22200441e+00 1.40705860e+00 1.56663573e+00 1.34736538e+00
    1.56568480e+00 1.08060908e+00 1.24997711e+00 2.14054614e-01
    -6.75914526e-01 -4.80142772e-01 -2.33814701e-01 -7.04912782e-01
    1.20508397e+00 1.65185547e+00 6.59862339e-01 9.88602102e-01
    4.53910589e-01 3.68368417e-01 -3.18807364e-01 4.23058793e-02
    -2.53556937e-01 9.77906525e-01 -6.78713381e-01 8.20723236e-01
    1.54500782e+00 1.51396310e+00 1.75633883e+00 -2.24126339e-01
    1.64392757e+00 5.86953580e-01 -3.85188341e-01 1.10036469e+00
    8.79341841e-01 7.57914901e-01 1.23078966e+00 -3.74824554e-02
    1.34518647e+00 1.69876051e+00 1.70296878e-01 5.78771643e-02
    1.22903146e-01 1.12857950e+00 1.55883479e+00 -4.22328442e-01
    7.67153025e-01 1.72359586e+00 -8.70365739e-01 -3.94892991e-01
    -6.58994019e-01 -7.68489957e-01 1.52950120e+00 3.51423234e-01
    1.11336577e+00 4.50467855e-01 6.31168723e-01 6.92590654e-01
    -5.44060111e-01 1.48624492e+00 1.31767285e+00 1.20281529e+00
    6.23278737e-01 -1.06569231e-02 3.69332284e-01 -8.08232427e-01
    1.29294932e-01 5.05181551e-01 1.57319033e+00 1.64746892e+00
    7.91872740e-01 1.08524695e-01 -6.39761090e-01 1.65441597e+00
    1.09376752e+00 -1.11123852e-01 1.64475822e+00 1.20678103e+00
    1.64656475e-01 3.18413943e-01 -5.56141973e-01 1.33446813e+00
    -2.87395239e-01 8.18607569e-01 9.45647299e-01 7.44854867e-01
    1.11353028e+00 4.10064846e-01 -2.42412329e-01 -3.29562753e-01
    5.59365392e-01 3.59269947e-01 4.53099966e-01 -1.45660445e-01
    1.46969712e+00 1.65743661e+00 1.35225928e+00 1.12558174e+00
    -3.01770121e-01 -2.11891830e-01 4.23618674e-01 -7.78513253e-01
    8.85720611e-01 1.09152865e+00 8.57754886e-01 9.71962392e-01
    1.32763839e+00 1.28391534e-01 1.17064953e+00 3.00873011e-01
    1.44649732e+00 1.00891805e+00 1.56232893e+00 4.89881635e-01
    -4.70778912e-01 1.64026999e+00 -8.01201016e-02 1.56107867e+00
    1.62665367e+00 7.01619267e-01 2.35878333e-01 2.23927975e-01
    1.16563034e+00 1.78306460e+00 -4.87864137e-01 -9.97693464e-02
    -3.48993212e-01 -2.65510172e-01 -3.85436922e-01 3.83889496e-01
    2.82099038e-01 3.69879939e-02 1.38190722e+00 6.70778692e-01
    1.30338478e+00 6.44804239e-01 -2.51764148e-01 1.46529472e+00
    2.11203289e+00 -2.75108546e-01 -1.57831475e-01 -2.60204196e-01
    -3.15893829e-01 1.23141789e+00 1.23114455e+00 2.93888897e-01
    -2.64661998e-01 2.10622609e-01 1.68164766e+00 1.24932015e+00
    3.85322034e-01 2.23887697e-01 6.16322279e-01 1.18267870e+00
    1.45776555e-01 1.78725910e+00 1.10787642e+00 -3.60063255e-01
    -4.26569402e-01 7.60647535e-01 -7.39894867e-01 7.01960385e-01
    3.64325583e-01 -8.55012715e-01 9.91048455e-01 3.84525299e-01
    1.58423871e-01 1.80366588e+00 -1.00538447e-01 2.36998230e-01
    4.24949348e-01 -5.85090876e-01 8.10018659e-01 -3.13343346e-01
    -1.37980238e-01 1.20699620e+00 1.79683924e-01 1.13949203e+00
    9.21172023e-01 1.82336581e+00 2.25646615e-01 1.69690847e+00
    1.63417935e+00 6.36954367e-01 1.66139317e+00 7.60303020e-01
    4.65642542e-01 -7.16382563e-02 -2.34521940e-01 5.63256621e-01
    -3.37625206e-01 -6.42586112e-01 -9.66841057e-02 1.66768539e+00
    -2.37605304e-01 -5.97146988e-01 1.05324709e+00 7.27270842e-01
    -4.22969818e-01 1.70251224e-02 7.62811542e-01 -9.66723114e-02
    7.30524883e-02 6.93496108e-01 -9.48891938e-02 1.69085038e+00
    6.58718944e-01 -2.23166615e-01 8.44742775e-01 4.03325230e-01
    1.26702929e+00 1.59490407e+00 -2.31699497e-01 -2.38742735e-02
    9.80307162e-02 7.60143459e-01 -7.00817764e-01 1.61000669e+00
    1.25594604e+00 4.69182730e-01 1.67209637e+00 1.62219298e+00
    -4.67832506e-01 -5.62168837e-01 7.46503353e-01 -3.57348233e-01
    -9.23110485e-01 1.17871752e-02 -9.91143957e-02 1.49378133e+00
    6.80250168e-01 6.38085604e-01 -4.25412774e-01 -6.03197038e-01
    -6.75112307e-01 9.80130434e-01 1.30632591e+00 1.00126040e+00
    8.55564237e-01 1.68721601e-01 5.71164250e-01 1.00661945e+00
    1.39900100e+00 -3.10298681e-01 1.14117289e+00 5.04453003e-01
    7.27316499e-01 1.40269518e+00 1.51369143e+00 -8.16611826e-01
    -4.52280045e-01 7.19098270e-01 -5.50496817e-01 -9.56434906e-02
    1.49607170e+00 3.95423323e-01 -1.73554182e-01 7.76215911e-01
    7.03248952e-04 8.64272356e-01 8.56830418e-01 -4.85210180e-01
    1.23571670e+00 1.15889259e-01 5.42961836e-01 4.09938097e-01
    1.27027023e+00 3.46771449e-01 -2.91497290e-01 1.84105194e+00
    -4.41769660e-01 1.23232317e+00 1.10754704e+00 1.69494718e-01
    9.77108181e-01 -5.17217875e-01 1.49916673e+00 1.18528068e+00
    7.39762425e-01 -4.10857946e-01 9.24805999e-01 4.43471789e-01
    -2.07571730e-01 8.07164535e-02 -8.03279459e-01 8.25556517e-01
    -6.87642574e-01 1.39299965e+00 -7.94241250e-01 3.79709862e-02
    -2.31619831e-02 1.35561049e-01 -4.00441587e-02 -6.71675682e-01
    1.23532975e+00 6.84719563e-01 1.71146250e+00 -4.25995111e-01
    -5.38189948e-01 9.44619596e-01 -4.67644393e-01 6.99413896e-01
    -1.12562537e-01 2.15978429e-01 1.28686261e+00 1.53303194e+00
    -4.17434216e-01 -8.74118984e-01 -6.51847780e-01 1.65356386e+00
    1.76064909e+00 1.84990811e+00 1.61310327e+00 5.57926178e-01
    1.41768146e+00 -7.26912737e-01 1.59020412e+00 2.17129830e-02
    -9.26002562e-02 1.29315388e+00 2.22263113e-01 -4.21447426e-01
    1.61519539e+00 8.12278539e-02 3.89675647e-01 9.31742132e-01
    -1.62734762e-01 1.76119566e-01 1.50452030e+00 3.52700502e-01
    -7.19200552e-01 8.50562811e-01 1.15282869e+00 9.34878737e-02
    2.00484067e-01 1.32480752e+00 2.47035742e-01 -4.63620871e-01
    4.41717923e-01 -8.55964869e-02 7.75198221e-01 1.45809114e-01
    -3.23741764e-01 1.76074624e+00 1.09992492e+00 1.58191693e+00
    1.83830917e+00 -1.59798309e-01 1.13239491e+00 -9.95857269e-02
    9.50384438e-01 1.21378517e+00 9.96078789e-01 7.89931059e-01
    -2.52231479e-01 8.84959459e-01 9.63626802e-01 1.70351064e+00
    1.83260888e-01 6.39149845e-01 9.38190639e-01 1.09071560e-01
    9.67100561e-02 1.39642549e+00 1.37034988e+00 5.77684455e-02
    1.17160797e+00 -5.04873157e-01 6.74241260e-02 -5.46451688e-01
    4.76895690e-01 -5.21425247e-01 -2.15060577e-01 5.89660585e-01
    -3.59794125e-02 3.64002556e-01 1.25861421e-01 9.21147168e-01
    2.10424159e-02 -7.74780571e-01 7.74908006e-01 -4.10924286e-01
    6.96302414e-01 1.26902080e+00 3.85349900e-01 1.56906366e+00
    -7.59188831e-01 1.49831760e+00 1.14106512e+00 -2.80573577e-01
    -3.38969022e-01 1.27163672e+00 4.44559693e-01 5.15155196e-01
    8.77190113e-01 -8.14274549e-02 6.24522567e-01 3.00955534e-01
    -3.02502632e-01 1.37618852e+00 9.88612175e-01 9.29131329e-01
    5.57647645e-01 -2.84817457e-01 -6.65335536e-01 -4.68267620e-01
    1.41881108e+00 3.85111421e-01 1.56714630e+00 1.71948826e+00
    -3.03023010e-01 -1.32804334e-01 -1.99015792e-02 -5.72078705e-01
    1.07817411e+00 1.50535834e+00 1.57295048e+00 1.78686702e+00
    -5.41626036e-01 9.98488069e-01 -4.34816852e-02 -6.43949389e-01
    1.45324540e+00 1.82846022e+00 6.17469251e-01 7.96648920e-01
    3.34074050e-01 1.00511980e+00 -3.14988017e-01 7.66561925e-01
    2.71746308e-01 -7.62193501e-01 1.56538057e+00 -8.17114174e-01
    -2.18432546e-01 5.73050797e-01 1.46029377e+00 -2.15122342e-01
    1.22209743e-01 1.73807323e-01 1.25413513e+00 7.88229585e-01
    1.15401649e+00 -7.33007252e-01 -1.44424886e-01 3.07205796e-01
    -6.67402208e-01 6.88162446e-01 5.18387914e-01 -4.71751213e-01
    -1.32744476e-01 -3.56084913e-01 6.32575691e-01 5.03554702e-01
    -7.72878945e-01 -5.21568298e-01 9.97665942e-01 1.03723621e+00
    9.44078922e-01 2.69714534e-01 1.48489368e+00 4.47665155e-01
    -6.71761572e-01 5.90223849e-01 3.53660993e-02 9.94421422e-01
    -5.71881831e-01 -6.55623376e-01 7.41563141e-01 4.67226446e-01
    3.28870803e-01 1.83527672e+00 1.77973151e+00 1.35796797e+00
    1.79649666e-01 -3.92944723e-01 1.57551181e+00 1.57435286e+00
    -7.41990566e-01 4.48754914e-02 -5.33184782e-02 -2.17899993e-01
    1.37575567e+00 1.73281229e+00 1.28468424e-01 -6.23699367e-01
    1.46561778e+00 1.16826522e+00 8.11766565e-01 6.63316131e-01
    1.32496774e+00 1.33024383e+00 -7.63832867e-01 1.59409380e+00
    5.63466370e-01 1.53500289e-01 1.26774299e+00 1.61351576e-01
    6.61953926e-01 1.00231636e+00 8.16541255e-01 -8.15244317e-01
    -1.41134441e-01 -7.37020552e-01 1.00468636e+00 1.76368272e+00
    6.12874866e-01 -6.84738219e-01 8.05542231e-01 1.10494220e+00
    6.55689478e-01 5.71561992e-01 1.47703099e+00 -2.26808220e-01
    5.73014498e-01 -1.61477074e-01 -7.97398314e-02 -1.61477730e-01
    6.52670681e-01 -4.84714329e-01 -1.24142831e-02 1.87240934e+00
    1.04686654e+00 1.72489798e+00 6.26493752e-01 8.71178448e-01
    -7.91912794e-01 -5.84022641e-01 -7.08536029e-01 -5.32346904e-01
    -4.07917708e-01 7.62333453e-01 8.38234127e-01 -2.27085635e-01
    1.44806588e+00 8.26368392e-01 8.97679329e-01 1.78063381e+00
    1.55526924e+00 2.22448394e-01 1.70162022e+00 6.71554327e-01
    -2.85178609e-02 7.32165813e-01 1.68924129e+00 2.54953444e-01
    -2.45878339e-01 1.53642666e+00 -4.33027327e-01 -1.21411838e-01
    6.99472288e-03 1.47776997e+00 7.67604172e-01 4.56725746e-01
    1.41733098e+00 -5.37846573e-02 7.45434165e-01 7.77257085e-01
    -7.61595368e-01 1.21405756e+00 1.67342019e+00 1.06992078e+00
    3.78667116e-01 -6.96181118e-01 1.52735960e+00 -1.54790893e-01
    -1.85762629e-01 1.30190992e+00 -7.40326464e-01 3.26207012e-01
    1.96139012e-02 -6.27829313e-01 1.34237814e+00 1.68643594e+00
    5.17616749e-01 5.24793684e-01 5.91168940e-01 6.61528111e-01
    2.01580614e-01 8.86055231e-01 1.81185627e+00 9.90281343e-01
    -6.52325213e-01 -3.43874425e-01 -2.79129386e-01 4.59097654e-01
    -1.70812130e-01 1.58457172e+00 -5.52959323e-01 -5.42690635e-01
    1.69396186e+00 -7.74527550e-01 3.33318949e-01 2.80884832e-01
    1.52693963e+00 4.20780420e-01 3.02548289e-01 7.20856965e-01
    1.53115839e-01 -7.07794249e-01 -3.82478505e-01 4.06830788e-01
    -4.60135579e-01 -7.42572784e-01 1.08685839e+00 -3.38054821e-02
    1.60971236e+00 -2.61762977e-01 1.38868773e+00 -3.99764180e-01
    1.48340714e+00 -7.11822450e-01 1.70122802e+00 -3.93329024e-01
    1.78378177e+00 1.35562313e+00 1.58585525e+00 8.07897091e-01
    1.09217966e+00 6.28079295e-01 -9.58088934e-02 5.54206312e-01
    -2.06633508e-01 1.11684668e+00 1.23550236e+00 -7.96007752e-01
    -7.60479867e-01 1.63747144e+00 1.44511914e+00 -7.80690074e-01
    2.18999386e-01 -7.96710432e-01 2.11472005e-01 1.61933684e+00
    -2.26339415e-01 1.54163611e+00 1.22633696e+00 1.34690511e+00
    -7.84623086e-01 -3.50435615e-01 1.65769494e+00 -7.01392889e-01
    -4.21091914e-01 5.49324155e-01 1.02742887e+00 9.21701849e-01
    7.96883762e-01 1.61448455e+00 5.77660441e-01 -4.47136164e-02
    3.81921858e-01 1.43550766e+00 1.98220110e+00 -4.02131855e-01
    6.22864306e-01 5.32692850e-01 8.17412972e-01 1.64841801e-01
    -8.59048247e-01 1.85961640e+00 -3.14420849e-01 5.86960793e-01
    7.02046573e-01 1.40556479e+00 7.04782903e-02 -2.85798758e-01
    -6.12726584e-02 9.21574891e-01 1.64408362e+00 -1.64469555e-01
    1.60618794e+00 -3.99318427e-01 1.19623315e+00 1.12685049e+00
    3.62129897e-01 1.55814099e+00 1.74834585e+00 6.51150405e-01
    -8.89863014e-01 1.52530992e+00 5.94494283e-01 -6.81573927e-01
    1.72352433e+00 9.50410008e-01 -9.33688819e-01 7.71755695e-01
    4.44255441e-01 1.51445830e+00 1.14419007e+00 8.03598464e-01
    4.79096711e-01 1.74581671e+00 1.80855379e-01 2.42904767e-01
    1.57913077e+00 -1.93550661e-01 1.04155552e+00 3.32889378e-01
    -6.74921215e-01 4.97497231e-01 1.87502611e+00 -6.05298221e-01
    1.06183612e+00 1.06952906e+00 1.23630953e+00 1.37027764e+00
    -1.93241388e-01 -6.66942000e-01 1.64529872e+00 1.85712218e+00
    1.87733626e+00 -9.44763198e-02 -4.25735116e-01 -3.28255534e-01
    1.83984149e+00 -5.21563172e-01 3.23279500e-01 1.26150620e+00
    9.79914069e-01 -4.18366522e-01 3.86303037e-01 -3.42060149e-01
    -4.16010916e-01 6.04963362e-01 1.38754737e+00 -4.22931314e-01
    -5.68710923e-01 9.33073163e-01 4.30269450e-01 9.68646333e-02
    -5.08301735e-01 -4.83635008e-01 1.29095960e+00 -3.82299155e-01
    1.42806280e+00 -8.34106982e-01 -5.47380090e-01 1.20844376e+00
    1.48303497e+00 -7.36751139e-01 1.41863942e+00 5.30803621e-01
    -5.90173721e-01 -4.45502341e-01 1.81262648e+00 1.53488014e-02
    1.34526837e+00 -3.23795378e-01 -1.90406200e-02 7.17288017e-01
    1.52794313e+00 -7.57448912e-01 4.92822438e-01 1.18903291e+00
    1.78200078e+00 1.04399955e+00 4.93947238e-01 1.48263192e+00
    4.02457863e-01 -7.64025927e-01 3.20795774e-02 -2.88883477e-01
    1.81646824e+00 8.16510081e-01 -1.89877942e-01 1.58078229e+00
    5.55216312e-01 9.86533403e-01 3.88144366e-02 1.80005467e+00
    -5.27636230e-01 1.36479533e+00 6.28003061e-01 9.69688520e-02
    -5.73448718e-01 1.09915864e+00 1.42023945e+00 -2.84583997e-02
    1.15373123e+00 1.16898932e-01 5.01793623e-01 7.30748177e-01
    -3.75583440e-01 1.25398552e+00 1.16827404e+00 -3.04090887e-01
    4.88715582e-02 1.45808280e+00 1.39600885e+00 -2.45268583e-01
    5.08357704e-01 -1.23593763e-01 -1.99845091e-01 1.21981835e+00
    5.50464094e-01 9.13028270e-02 1.36961269e+00 1.29529238e+00
    6.70778632e-01 2.96186209e-01 1.16219735e+00 6.97331727e-01
    -3.58518213e-02 1.47736061e+00 8.04636538e-01 8.08377922e-01
    -3.80170017e-01 1.74743295e+00 -7.54619241e-01 -1.68674886e-01
    8.37453783e-01 4.44744885e-01 -5.10029674e-01 1.35340405e+00
    1.70436001e+00 -1.82727486e-01 1.35445273e+00 -9.72483531e-02
    6.05529726e-01 -8.38940680e-01 1.78449285e+00 -1.74859986e-01
    -8.35702479e-01 -2.91253567e-01 9.21628952e-01 7.46708959e-02
    8.62195849e-01 -1.82459597e-02 9.36355591e-01 -4.78055865e-01
    -5.02452672e-01 1.28865397e+00 1.08803749e+00 6.90434724e-02
    8.38577524e-02 1.54861808e+00 1.81291960e-02 1.44425368e+00
    -5.92707694e-02 -8.23875308e-01 4.17982817e-01 -8.28232944e-01
    6.58080459e-01 -3.26675385e-01 3.59825522e-01 1.73051310e+00
    -3.20677310e-02 -5.58680177e-01 1.54474437e+00 5.09625375e-01
    -2.59274870e-01 1.21627831e+00 -3.82951289e-01 1.57551241e+00
    -6.97480261e-01 4.71246123e-01 -5.57933569e-01 2.75400281e-01
    9.56310034e-01 -2.89046645e-01 -9.91534591e-02 1.35059643e+00
    3.71687144e-01 9.44237351e-01 1.16160667e+00 -5.57994545e-01
    -3.36489469e-01 -2.32790560e-01 4.45263535e-01 4.15749282e-01
    -1.91081688e-01 -2.03173250e-01 -4.96645063e-01 -3.61355036e-01
    -1.99040949e-01 -1.48760408e-01 -7.06157237e-02 -8.42991531e-01
    -3.87401700e-01 -7.15713739e-01 1.83546531e+00 9.00645852e-01
    -4.32451993e-01 -2.16389656e-01 -7.11779952e-01 1.64941859e+00
    -8.43226790e-01 8.43839705e-01 1.09565818e+00 9.73510802e-01
    1.79463708e+00 -2.15705752e-01 1.47318649e+00 -3.07233125e-01
    -5.13840616e-01 -6.79637849e-01 1.69023681e+00 6.93642199e-01
    1.83578289e+00 8.13527644e-01 9.75767851e-01 5.85336328e-01
    1.48758698e+00 1.43944728e+00 2.23158145e+00 1.45130622e+00
    -3.56482476e-01 1.99066794e+00 1.05793953e+00 5.73705792e-01
    1.52307165e+00 4.68626618e-02 1.22759736e+00 3.99863660e-01
    -7.93948174e-01 6.28324330e-01 -4.15954411e-01 -6.65626109e-01
    9.38128054e-01 6.00228429e-01 7.33559012e-01 -6.45889699e-01
    -1.77224576e-02 1.82253814e+00 6.93295598e-01 1.34227681e+00
    9.08230007e-01 -9.33040082e-02 1.00014901e+00 7.38094449e-01
    1.73791111e+00 -4.65563029e-01 -3.33166987e-01 3.22219962e-03
    -4.46603239e-01 -8.80439162e-01 1.73815691e+00 3.55810598e-02
    -8.13467264e-01 -6.91256762e-01 -2.72715669e-02 -9.29050088e-01
    -4.29256827e-01 5.55733383e-01 -7.01880872e-01 -8.03568438e-02
    6.01440310e-01 3.80677193e-01 -8.07224512e-01 -6.41022444e-01
    1.42962265e+00 -7.85386086e-01 -6.25214159e-01 -4.92438734e-01
    1.58766210e+00 1.80776131e+00 1.00951707e+00 4.23463762e-01
    8.53956118e-02 1.77806711e+00 4.32166189e-01 7.40103006e-01
    1.33694911e+00 -7.48119891e-01 7.82594159e-02 1.12953961e+00
    1.72715306e+00 2.10216746e-01 1.49107671e+00 -7.40339398e-01
    7.60519445e-01 1.67489028e+00 6.11543953e-01 3.31889689e-01
    6.06243432e-01 1.32705510e+00 -7.41596818e-01 -4.18718964e-01
    3.63744289e-01 1.31479895e+00 -4.29717302e-01 1.56527206e-01
    6.67704523e-01 6.57640696e-01 1.75628737e-01 -4.93963778e-01
    1.53399003e+00 3.81151736e-01 7.12225318e-01 1.18439507e+00
    -8.33186030e-01 1.60539582e-01 -4.32360679e-01 1.81503922e-01
    -3.94661129e-01 1.58464885e+00 2.95118481e-01 -8.13650265e-02
    -5.38300693e-01 1.31267309e-01 1.63972664e+00 -2.76765436e-01
    1.71605158e+00 -7.04329252e-01 -5.76558173e-01 1.82099029e-01
    -2.14661568e-01 7.18420506e-01 1.72335804e+00 9.47555184e-01
    1.34256876e+00 -5.19488156e-01 1.74774277e+00 -5.56795262e-02
    1.23873043e+00 -5.07614873e-02 7.87409484e-01 8.45639229e-01
    1.63533998e+00 -4.73236144e-01 1.32886791e+00 -7.18053281e-01
    5.29898167e-01 1.86169124e+00 -8.62831414e-01 1.73499095e+00
    5.68483114e-01 8.53476942e-01 -4.67079192e-01 2.75464416e-01
    -3.74819875e-01 1.13303471e+00 3.04140955e-01 8.47106695e-01
    4.43313211e-01 7.07768083e-01 1.36449412e-01 1.03111565e-01
    1.12833345e+00 -4.78895428e-03 -7.53859520e-01 1.74522686e+00
    1.60095203e+00 1.81299615e+00 8.23658288e-01 1.34747505e+00
    1.48582208e+00 1.72559306e-01 1.59054947e+00 -1.99832857e-01
    1.73820066e+00 1.66844821e+00 1.87944129e-01 1.63507271e+00
    -8.96485150e-02 1.31601191e+00 1.83748150e+00 -5.44357061e-01
    -1.90734714e-01 1.24452531e+00 4.04376954e-01 1.70410275e+00
    6.61037024e-03 -7.27917731e-01 7.00833322e-03 -1.03393503e-01
    1.58525968e+00 8.16260040e-01 1.15320134e+00 -8.56284976e-01
    -7.38634825e-01 -8.86934102e-02 -3.97826701e-01 9.95846331e-01
    -4.23218459e-01 7.04717636e-01 1.49632728e+00 1.44658732e+00
    1.35057807e+00 1.73517883e+00 1.78342476e-01 6.68996572e-02
    6.51740670e-01 -8.77310574e-01 8.13915491e-01 1.75580740e+00
    -3.40016842e-01 1.74200428e+00 -5.99826694e-01 -2.68591106e-01
    1.48206198e+00 6.96118698e-02 6.47436738e-01 1.02552629e+00
    1.72881615e+00 9.13371086e-01 6.38617396e-01 -7.06118762e-01
    1.57635808e+00 4.22328830e-01 1.84741306e+00 -3.50644648e-01
    2.89136618e-01 1.39911070e-01 -7.61818886e-01 2.42628410e-01
    1.08585322e+00 6.87175214e-01 1.29682207e+00 1.14666188e+00
    -2.27970332e-01 1.31689802e-01 1.38623786e+00 -7.40350336e-02
    9.81239319e-01 -6.07780695e-01 -8.29959989e-01 1.25179422e+00
    5.00205815e-01 1.20936608e+00 1.35307401e-01 -8.59372020e-01
    9.20891583e-01 6.29025280e-01 1.24215019e+00 9.47589099e-01
    1.70120955e+00 9.75151002e-01 1.64876711e+00 -1.20511718e-01
    -1.82791278e-01 1.25470734e+00 4.75526541e-01 1.43976474e+00
    1.56433475e+00 1.53764188e+00 -2.06850737e-01 7.44656265e-01
    -2.71711126e-02 7.51363158e-01 -6.97415531e-01 7.75135875e-01
    -3.99746358e-01 -8.56116593e-01 4.18738157e-01 1.65392613e+00
    1.57238650e+00 -4.87079099e-02 -3.81785959e-01 1.31521538e-01
    1.47443652e+00 1.66846991e+00 1.32027924e+00 1.33346260e+00
    1.19617748e+00 -3.91268551e-01 1.04682203e-02 2.25356519e-02
    1.42510915e+00 -4.70877469e-01 2.13032216e-01 -2.41399601e-01
    2.15687656e+00 -1.47993356e-01 1.52107787e+00 1.54297996e+00
    6.69495046e-01 -3.38487089e-01 8.44460964e-01 8.51579309e-01
    -4.56620812e-01 -3.33557129e-01 1.87075686e+00 3.04667622e-01
    1.68422318e+00 1.51178086e+00 4.08154011e-01 -1.83289587e-01
    -5.49193561e-01 1.26535666e+00 1.23222339e+00 1.39883506e+00
    1.13345194e+00 1.45853317e+00 6.64792299e-01 1.85917449e+00
    -7.20336735e-01 -3.15335616e-02 -8.41549575e-01 1.14854015e-02
    -6.92550242e-01 -4.65300679e-01 9.87926960e-01 1.77975476e+00
    2.66876549e-01 1.73492324e+00 -7.59245574e-01 2.66984385e-02
    2.24528074e-01 5.49903214e-01 1.26656282e+00 -6.95555687e-01
    7.51661122e-01 1.52697468e+00 -8.24770927e-02 1.17049432e+00
    7.97405839e-01 -6.57886147e-01 1.02072269e-01 1.19347203e+00
    5.79329491e-01 8.39607477e-01 1.57630920e+00 -4.96376276e-01
    1.57899439e+00 1.33282885e-01 3.13073456e-01 -8.07766095e-02
    -5.75053811e-01 9.44210172e-01 -1.70387909e-01 1.58806646e+00
    2.61114668e-02 1.41616285e+00 -1.07068993e-01 1.82947230e+00
    1.32565427e+00 3.88821065e-02 4.29646671e-01 2.23885685e-01
    -1.52684405e-01 1.66806483e+00 -2.54955329e-02 8.15488875e-01
    1.60138503e-01 8.09618592e-01 1.29674029e+00 -7.32802927e-01
    1.22678900e+00 9.54949856e-01 -4.34993684e-01 -8.75460982e-01
    -3.25814188e-02 7.18905568e-01 1.78036022e+00 7.39184380e-01
    1.57066667e+00 8.18980098e-01 1.52495575e+00 7.36380517e-02
    -3.89248073e-01 8.01900148e-01 4.18306112e-01 -6.00934207e-01
    -8.14520359e-01 1.55595088e+00 6.64711356e-01 -6.14393294e-01
    5.77003062e-01 1.21833348e+00 9.98866558e-01 1.31925786e+00
    1.52965415e+00 -4.66180712e-01 1.46102226e+00 6.25021607e-02
    9.09392834e-01 6.83850646e-01 -4.49548870e-01 1.32842422e+00
    1.13713956e+00 -1.21465944e-01 9.18095231e-01 -3.64709049e-01
    1.46306908e+00 -5.51380038e-01 1.53225672e+00 1.75025988e+00
    1.58631003e+00 1.49011159e+00 1.76619494e+00 8.11853170e-01
    1.43660140e+00 -5.86431921e-01 -8.11157644e-01 8.73335898e-01
    1.11113571e-01 -1.14992648e-01 9.65607613e-02 1.60747099e+00
    9.34292197e-01 -2.10836291e-01 8.95552561e-02 -3.68128747e-01
    1.11512542e+00 -6.33939564e-01 1.08630884e+00 -2.47038901e-01
    1.62343299e+00 1.41311610e+00 4.04795945e-01 -4.44558650e-01
    1.78879762e+00 1.34944165e+00 -5.54433644e-01 -6.30609810e-01
    -4.16036487e-01 1.33061934e+00 -7.07353592e-01 9.37955976e-01
    -2.82945365e-01 1.83897567e+00 8.67541373e-01 1.26005268e+00
    1.25951421e+00 1.00629938e+00 1.70598197e+00 -9.98966470e-02
    5.44259608e-01 1.20444584e+00 7.10322082e-01 8.83036315e-01
    3.42600048e-01 -2.71626502e-01 1.58597231e+00 7.57559001e-01
    -6.52129278e-02 -3.69623035e-01 3.51635128e-01 -8.39517355e-01
    1.41976789e-01 -7.73351073e-01 -5.19145727e-01 -6.05978012e-01
    3.41529250e-01 3.53103459e-01 1.46469802e-01 1.59171355e+00
    1.25308383e+00 1.67404640e+00 7.46406794e-01 1.29423475e+00
    1.58405721e-01 1.31704116e+00 1.23096681e+00 3.04442525e-01
    1.11288285e+00 -5.84253132e-01 1.45666695e+00 1.13503814e+00
    -3.27728510e-01 8.83875549e-01 -2.12480742e-02 1.30598247e+00
    1.54547822e+00 -7.82293320e-01 1.40172315e+00 1.65438128e+00
    1.39837205e+00 -7.51550943e-02 1.15529466e+00 -2.91997671e-01
    1.82802081e-01 6.64790809e-01 3.19635600e-01 4.36186194e-02
    -6.68597758e-01 1.53673875e+00 1.58056676e+00 1.62145495e+00
    1.14906001e+00 1.43830001e+00 6.51925445e-01 6.97231889e-01
    1.60522938e+00 -7.99717903e-01 1.28679883e+00 3.67090315e-01
    5.80080986e-01 7.11965203e-01 -4.54453230e-01 4.06171083e-01
    6.12834156e-01 1.26390970e+00 1.25976157e+00 9.40878093e-01
    6.71597421e-02 2.67816246e-01 1.20802355e+00 1.73879004e+00
    1.53439164e+00 7.65755951e-01 5.06674469e-01 8.69233906e-01
    9.99711305e-02 -7.70942926e-01 9.26940382e-01 1.06164277e+00
    -6.77597880e-01 3.63079578e-01 1.10528135e+00 5.51016688e-01
    1.32011151e+00 3.44099924e-02 4.95954037e-01 1.25986624e+00
    1.83813596e+00 9.45233285e-01 1.23673129e+00 2.60908067e-01
    -7.19875753e-01 3.72117728e-01 8.04423809e-01 3.50161642e-01
    1.34179819e+00 1.96800435e+00 8.29904914e-01 9.82195437e-01
    7.13099301e-01 1.80877244e+00 2.66963422e-01 9.80427861e-01
    1.86322260e+00 2.55145133e-01 8.42540562e-01 1.24856472e+00
    1.11440814e+00 9.35877323e-01 1.68012416e+00 -8.31056058e-01
    7.56024003e-01 2.36810744e-01 1.43356502e+00 8.46042275e-01
    6.84468448e-01 -4.89079267e-01 -7.55808473e-01 1.04182083e-02
    7.22691596e-01 4.64970618e-01 7.73059428e-01 5.18529356e-01
    6.07981086e-01 6.38313413e-01 -5.51017284e-01 1.22023082e+00
    -3.52845669e-01 5.62078238e-01 7.24449456e-01 1.75062382e+00
    1.31369531e+00 1.54925251e+00 4.87000287e-01 -4.38812941e-01
    1.76376134e-01 3.82610112e-01 1.56137979e+00 9.01925504e-01
    1.30292809e+00 1.50450027e+00 6.73815727e-01 9.94840860e-02
    1.13089240e+00 -1.12117775e-01 6.60503864e-01 -1.20039761e-01
    1.46256459e+00 1.62851378e-01 -3.41603875e-01 2.43143197e-02
    1.47948694e+00 7.81878412e-01 -3.36833686e-01 -6.70766458e-02
    1.55645919e+00 3.26442927e-01 -5.59604406e-01 -7.97869384e-01
    8.22300136e-01 9.58604634e-01 -4.19753492e-01 1.79450119e+00
    -4.52973008e-01 6.67105556e-01 1.31566560e+00 -7.30336308e-01
    5.54376662e-01 8.35483313e-01 -5.33178784e-02 -6.61654472e-01
    9.31128740e-01 1.46598363e+00 5.13772964e-01 -5.97922385e-01
    -7.95612782e-02 9.40116286e-01 2.30001688e-01 2.89525867e-01
    1.19143653e+00 1.00285673e+00 -3.04755330e-01 1.10653234e+00
    -8.51835072e-01 1.64699233e+00 -1.72687516e-01 1.13994372e+00
    -7.85257638e-01 -1.56333938e-01 -4.11142647e-01 9.77496058e-02
    1.04248393e+00 1.36991417e+00 9.04353321e-01 -5.92353866e-02
    8.20032418e-01 7.76592970e-01 -1.04972571e-01 -5.38100898e-01
    7.25070775e-01 -1.99817404e-01 4.87276772e-03 3.49264532e-01
    -7.46618688e-01 1.19765377e+00 -8.24333668e-01 -1.91658333e-01
    -7.09919691e-01 -2.23975942e-01 1.31109619e+00 -4.76081133e-01
    -3.29196826e-02 2.42600039e-01 -5.05581498e-01 5.74886084e-01
    8.41480792e-01 6.06473148e-01 4.26161140e-01 3.79060239e-01
    -5.82093060e-01 1.48022556e+00 1.52148330e+00 1.86349976e+00
    1.80258262e+00 -8.85775760e-02 -4.54339862e-01 3.31996173e-01
    1.33942783e+00 1.43403018e+00 -3.09254944e-01 1.01098883e+00
    7.93584958e-02 1.56898510e+00 1.38175845e-01 -7.01902434e-02
    1.69542384e+00 -2.11102083e-01 1.70209408e+00 7.59983838e-01
    1.42083752e+00 1.81987107e+00 -8.78672481e-01 9.23840702e-01
    2.43314020e-02 3.26067924e-01 1.09745800e-01 -5.85677981e-01
    3.54098707e-01 -8.01127255e-01 1.46181405e+00 9.64292407e-01
    -9.96550620e-02 2.38651246e-01 8.35767865e-01 -6.50599062e-01
    1.80040443e+00 -2.65460581e-01 -5.10808289e-01 5.01774907e-01
    4.46522564e-01 1.74631321e+00 3.75437319e-01 1.35141087e+00
    1.26802444e+00 -2.99511850e-01 -5.18916070e-01 8.03631246e-02
    -7.79375613e-01 1.87564209e-01 1.67015684e+00 -7.81866193e-01
    6.46059573e-01 4.86609608e-01 1.36508620e+00 3.47855508e-01
    7.86204278e-01 -2.33954579e-01 5.45832992e-01 -6.31493986e-01
    -7.45939136e-01 1.31461871e+00 -8.08857739e-01 1.44102609e+00
    1.53054345e+00 7.00694382e-01 4.67410237e-01 -4.94342059e-01
    -7.38309264e-01 1.06833386e+00 4.36586738e-01 9.50449526e-01
    9.96116281e-01 1.44518352e+00 1.55243671e+00 1.83718812e+00
    1.19856405e+00 9.95863736e-01 3.85001153e-01 -7.94251382e-01
    2.85928845e-01 6.80244207e-01 8.80980372e-01 1.32403183e+00
    6.09409809e-01 4.63130713e-01 1.64103842e+00 1.01061726e+00
    -7.79443622e-01 1.10982883e+00 8.58619928e-01 -2.92291552e-01
    -1.32729933e-01 1.63433886e+00 -2.88107485e-01 1.12903857e+00
    -7.67169416e-01 -5.95443428e-01 7.56839991e-01 -5.32447696e-01
    1.61301637e+00 -5.97912550e-01 1.77501070e+00 -1.83212370e-01
    -6.85352445e-01 -3.99845093e-01 1.14965987e+00 1.14455926e+00
    1.73555708e+00 8.05658638e-01 9.44107711e-01 1.39749348e+00
    6.47247076e-01 -4.87707973e-01 1.14276612e+00 9.78551328e-01
    1.34081280e+00 4.13203418e-01 1.48818588e+00 -2.19671771e-01
    -3.13482702e-01 -5.13120115e-01 1.66124368e+00 4.34718013e-01
    1.65098679e+00 -6.13858581e-01 1.85189962e+00 1.53482556e+00
    2.30598524e-02 -4.13168669e-01 2.76890457e-01 -3.09484601e-01
    6.68730676e-01 8.43860865e-01 1.35730934e+00 -3.19611460e-01
    8.65344703e-01 2.03625202e+00 1.38539362e+00 1.24692857e+00
    3.05136323e-01 -2.25702032e-01 1.21098065e+00 1.40953922e+00
    -6.99981928e-01 -2.29470599e-02 8.70445490e-01 1.66154236e-01
    1.13110590e+00 -1.88423812e-01 6.28163218e-01 -2.52589911e-01
    1.95570365e-01 1.30759507e-01 3.13147843e-01 7.97618091e-01
    -5.88122606e-01 1.15697801e+00 -4.69913781e-01 7.07230330e-01
    8.03298280e-02 2.48328045e-01 1.48770273e+00 -8.39736104e-01
    -3.85231465e-01 5.60011983e-01 1.05626416e+00 1.61302030e+00
    1.42576683e+00 1.70348358e+00 8.79863799e-01 1.11855638e+00
    3.13723922e-01 1.67026711e+00 2.33636141e-01 -2.81569868e-01
    1.61637342e+00 1.08840957e-01 -3.06295663e-01 4.91128206e-01
    1.65304279e+00 3.40897441e-01 -8.20500672e-01 2.92200595e-01
    1.26868927e+00 1.60733759e+00 -7.74171531e-01 1.31951356e+00
    8.80557179e-01 -5.47727466e-01 1.55474746e+00 1.59429526e+00
    2.99784303e-01 -6.38766363e-02 1.79742444e+00 1.45346534e+00
    1.44055724e-01 1.66081572e+00 2.22110413e-02 -6.21989779e-02
    1.10848653e+00 3.63543063e-01 3.27209920e-01 6.90821230e-01
    1.60376382e+00 1.13771474e+00 1.73614264e-01 1.36863065e+00
    1.00726523e-01 -5.89197502e-02 1.46011508e+00 -5.78162968e-01
    7.67661452e-01 2.48511136e-01 9.88705307e-02 6.72191143e-01
    1.60695827e+00 4.40738857e-01 1.51516294e+00 4.20343503e-02
    8.46408486e-01 6.69424355e-01 -1.96088240e-01 9.73769367e-01
    1.49805367e+00 -7.95550406e-01 -2.03092679e-01 1.04934148e-01
    1.83247721e+00 8.02775025e-01 3.30273882e-02 1.38919163e+00
    2.17791751e-01 3.56866419e-01 -2.62221128e-01 8.76085043e-01
    1.39355922e+00 3.05972993e-01 1.59097850e+00 -2.68723696e-01
    -5.28534353e-01 5.24884522e-01 1.24907768e+00 -2.88977206e-01
    -8.31964254e-01 4.20249104e-01 2.44119782e-02 2.22210392e-01
    1.41201243e-01 7.10294485e-01 1.76773357e+00 7.90437818e-01
    1.57017648e+00 1.21914101e+00 1.45911646e+00 1.61058211e+00
    -4.38417196e-01 4.58237499e-01 -6.36246264e-01 -8.60920608e-01
    9.53202784e-01 -1.58652663e-01 1.01593161e+00 -1.21236136e-02
    8.64837691e-02 1.16438413e+00 -2.96246380e-01 -7.86034107e-01
    1.55761614e-01 2.64437050e-01 6.58099771e-01 2.82436639e-01
    -7.89551318e-01 7.07037926e-01 5.55777848e-01 3.22629333e-01
    -7.46597528e-01 1.45620853e-01 1.80111122e+00 1.32553256e+00
    1.91958964e-01 3.63460660e-01 -4.56999630e-01 1.44875038e+00
    1.27042377e+00 1.09745669e+00 -2.27253102e-02 8.61318409e-02
    -7.59561509e-02 -3.76789808e-01 -5.38772166e-01 -6.38362110e-01
    6.54038608e-01 1.23664701e+00 1.28886116e+00 5.87570429e-01
    1.51646423e+00 1.24477661e+00 4.16862130e-01 3.83605480e-01
    1.54987478e+00 7.26372719e-01 2.19617993e-01 1.02738500e+00
    1.34185767e+00 1.45443261e+00 2.66071737e-01 3.81659605e-02
    -3.38750780e-01 -7.49963939e-01 -8.91243756e-01 1.61247492e+00
    1.20726764e+00 -6.86347306e-01 -1.95605278e-01 -2.24121921e-02
    3.62993866e-01 -8.72290015e-01 7.44271100e-01 5.85319042e-01
    -4.21459645e-01 1.14055908e+00 3.08918178e-01 -7.40989685e-01
    -1.08069688e-01 2.37014696e-01 -7.51881838e-01 7.88875341e-01
    4.05717403e-01 1.72994077e+00 -2.62582004e-01 -3.57973516e-01
    1.40448761e+00 3.16549629e-01 3.01156402e-01 1.07117724e+00
    -3.52464259e-01 3.02361101e-01 1.24578416e+00 7.24425733e-01
    1.80922484e+00 -7.15809941e-01 2.30543569e-01 3.09940636e-01
    -1.14062987e-01 3.92014652e-01 7.07833827e-01 1.02156663e+00
    8.75212193e-01 1.59433818e+00 -2.05757588e-01 1.01331091e+00
    -6.20683670e-01 -7.45403349e-01 1.65230691e+00 1.08813798e+00
    5.13887525e-01 3.36433232e-01 -2.59186298e-01 6.53714120e-01
    -2.94386357e-01 1.60467899e+00 1.34417105e+00 2.12234944e-01
    -1.69338688e-01 8.60631049e-01 1.23761380e+00 1.19648385e+00
    9.42640543e-01 -8.14291298e-01 4.47134018e-01 -3.72003376e-01
    -1.32022537e-02 -1.90441296e-01 1.23446071e+00 -1.21979088e-01
    1.75020647e+00 5.63390255e-01 -3.38944465e-01 8.61053824e-01
    -5.88939428e-01 1.94630980e-01 1.64155710e+00 1.34573603e+00
    -6.41376913e-01 9.37628448e-01 -4.95642871e-01 7.91674793e-01
    -5.04401982e-01 1.82951733e-01 7.91729748e-01 2.24877262e+00
    6.54809892e-01 2.18278813e+00 7.21752346e-01 1.58743620e+00
    -2.38193691e-01 -7.27151811e-01 8.91561031e-01 1.77655303e+00
    1.10268481e-01 -4.27432626e-01 -1.23410821e-01 -7.97905922e-01
    3.13172430e-01 1.27235329e+00 1.29477298e+00 1.58086646e+00
    -4.20375168e-02 -5.37644565e-01 -4.69497234e-01 8.96777749e-01
    7.17579305e-01 1.49982721e-01 -6.97815955e-01 1.12298787e+00
    -5.98343492e-01 1.68147540e+00 4.84078109e-01 6.46412015e-01
    8.68015051e-01 9.92519557e-01 1.57339871e+00 6.90592170e-01
    8.15228164e-01 1.81986773e+00 1.47822464e+00 6.04638318e-03
    1.25719047e+00 8.53827059e-01 -7.74436355e-01 1.58742464e+00
    1.33224356e+00 -7.14372993e-01 1.14096642e+00 -5.06452203e-01
    -4.47301179e-01 1.85645185e-02 1.46676517e+00 -8.39553356e-01
    1.05983055e+00 1.46608627e+00 3.46329719e-01 -4.26451534e-01
    -4.31057930e-01 -4.88568157e-01 5.21047235e-01 9.46188092e-01
    7.01255977e-01 1.47062933e+00 6.14130974e-01 -8.46328616e-01
    1.75809872e+00 -8.75930265e-02 1.20383275e+00 -2.61033769e-03
    1.04133201e+00 1.77482665e-01 -5.45023322e-01 -1.25981733e-01
    -5.59765875e-01 -3.75811636e-01 3.09223771e-01 -7.39007518e-02
    1.45533144e+00 -8.34228933e-01 1.55460548e+00 7.13787079e-01
    1.29039228e+00 -3.57719749e-01 -2.57285535e-01 3.16712856e-01
    -1.58438474e-01 7.10167468e-01 -5.81493318e-01 1.81702268e+00
    1.69048190e+00 7.81162620e-01 2.73138821e-01 1.21067929e+00
    6.97327912e-01 1.08754270e-01 1.51535511e+00 -7.35852122e-01
    1.02804315e+00 1.71772206e+00 1.67016017e+00 1.19259870e+00
    1.05306137e+00 -2.38143057e-01 1.48638082e+00 1.21396470e+00
    1.25602102e+00 1.30164599e+00 5.87749064e-01 -6.17630780e-01
    1.44173637e-01 4.91873354e-01 3.11684161e-01 -1.78536952e-01
    1.64106965e+00 -3.79785329e-01 1.54786563e+00 1.78676069e+00
    5.16843677e-01 1.06732392e+00 -3.36982489e-01 -5.66920102e-01
    9.45988655e-01 1.24854648e+00 -8.78105283e-01 -1.29244626e-01
    -1.58041716e-04 -3.05753022e-01 1.15826249e+00 1.39300680e+00
    1.61486518e+00 7.38821447e-01 1.88751304e+00 1.20700502e+00
    -5.26521981e-01 1.87658572e+00 -3.02006900e-01 -1.74737766e-01
    5.62108338e-01 -1.62932456e-01 5.64129965e-04 1.73027945e+00
    1.74632823e+00 -7.12157845e-01 1.73198915e+00 9.58860993e-01
    1.51262200e+00 -4.45041955e-02 -8.54048848e-01 1.57919094e-01
    2.86786377e-01 -3.89220059e-01 -3.13593030e-01 1.51918721e+00
    8.67291927e-01 7.37477541e-01 1.60346806e+00 1.46162689e+00
    1.80729759e+00 1.69215016e-02 1.54217434e+00 -6.50679410e-01
    1.84452450e+00 6.26894012e-02 1.24694443e+00 -5.31129502e-02
    1.14346087e+00 -1.28683791e-01 1.45039964e+00 4.04212236e-01
    1.41568422e+00 1.40919697e+00 -1.98130786e-01 -5.93007445e-01
    1.49778771e+00 1.29900753e+00 -5.66962063e-01 1.29753113e+00
    1.57872880e+00 1.73895824e+00 1.57749522e+00 1.67657113e+00
    8.07297707e-01 1.59187317e+00 1.05377126e+00 4.57264066e-01
    5.51086187e-01 7.40451455e-01 4.67949331e-01 -1.05001532e-01
    7.13491291e-02 1.10978115e+00 -1.97516724e-01 1.73029006e+00
    1.21049643e+00 -1.14250422e-01 2.70820349e-01 -1.70641959e-01
    4.65892494e-01 1.41466784e+00 4.21093494e-01 1.66977620e+00
    4.71012890e-01 -4.53160256e-01 1.10562479e+00 -6.99658215e-01
    6.66527271e-01 1.14213228e+00 -4.19832438e-01 -7.73169696e-01
    2.90475041e-01 9.41788435e-01 9.45613682e-01 1.37731576e+00
    1.39443189e-01 -5.71683884e-01 2.28676692e-01 -6.96441770e-01
    1.62525034e+00 -8.76180649e-01 -1.53913334e-01 7.91134033e-03
    -4.37067658e-01 3.68508846e-01 1.51335275e+00 1.77374363e+00
    1.60382724e+00 -5.29834926e-01 3.88643175e-01 9.93964374e-02
    -5.93441308e-01 -2.32017606e-01 7.82819927e-01 -3.30039971e-02
    1.62046206e+00 1.48459435e+00 1.58947408e+00 1.59575188e+00
    -4.13541883e-01 6.98468626e-01 2.36523181e-01 -8.12654734e-01
    1.66013217e+00 1.10104024e+00 1.59713626e-01 1.40332460e+00
    -5.69383562e-01 4.76062089e-01 -7.08306849e-01 6.65383816e-01
    -2.14796156e-01 1.50284201e-01 7.58821189e-01 1.24539602e+00
    1.24291956e+00 -6.83032453e-01 8.16963732e-01 8.50057900e-01
    -5.55642843e-01 1.30580461e+00 -1.78832691e-02 -1.10302433e-01
    1.85242140e+00 4.58367407e-01 1.69479096e+00 2.10286951e+00
    3.63236189e-01 -6.75321579e-01 1.73174310e+00 -5.87539375e-01
    -8.37276220e-01 -3.37945148e-02 1.14745820e+00 4.15907502e-02
    1.29871309e+00 1.29355180e+00 5.48568368e-01 1.56997275e+00
    -1.70144662e-01 -8.51854205e-01 -1.40267938e-01 4.65489447e-01
    7.24635184e-01 3.95306557e-01 -3.45193118e-01 2.51025349e-01
    4.77754742e-01 1.19830239e+00 3.30529362e-01 1.73615050e+00
    1.09991491e+00 1.74309656e-01 1.50507104e+00 -1.09260552e-01
    -3.90738726e-01 -7.19301999e-02 6.91149473e-01 -7.28697002e-01
    1.57728946e+00 1.74611104e+00 1.50157905e+00 1.36551178e+00
    9.49850023e-01 -1.27455205e-01 1.49914396e+00 1.56621281e-02
    -7.67346919e-01 -5.70829511e-01 1.57330132e+00 -5.69029033e-01
    -3.85118604e-01 -7.90765703e-01 -1.00938983e-01 1.56053066e-01
    -2.38307059e-01 -3.80398482e-01 8.21885169e-01 -6.13535404e-01
    1.43869436e+00 5.76295853e-01 -3.60723317e-01 1.65824127e+00
    2.21567214e-01 -7.44307995e-01 -6.44685030e-01 1.10740173e+00
    1.29458117e+00 1.87752223e+00 6.50139809e-01 -2.15310752e-01
    -3.87951545e-02 9.77310836e-01 1.85605907e+00 6.61791414e-02
    5.36761880e-02 6.68949783e-01 1.55479240e+00 1.12154377e+00
    1.12912321e+00 -2.16728061e-01 -5.15905678e-01 1.16516125e+00
    6.19455099e-01 1.48804617e+00 -6.03953540e-01 -6.14724576e-01
    9.78630304e-01 1.09414744e+00 1.41244125e+00 4.06509072e-01
    -7.35063553e-01 1.63509265e-01 8.18345070e-01 -5.69022119e-01
    1.21595514e+00 1.53554845e+00 1.50432777e+00 -1.45576298e-01
    1.71498430e+00 1.41753769e+00 -4.36141305e-02 3.31815362e-01
    8.79462838e-01 7.83450365e-01 5.68664789e-01 -1.09378910e-02
    -5.55696666e-01 -2.32538626e-01 1.43428385e+00 1.19633698e+00
    6.25690997e-01 2.49272466e-01 -7.73553550e-01 9.21195507e-01
    7.85414279e-01 1.05059937e-01 1.54623580e+00 1.19731629e+00
    -3.40777665e-01 -2.80494630e-01 9.07996833e-01 1.55624866e+00
    5.51493704e-01 5.53723633e-01 -2.87530869e-01 1.49087870e+00
    4.99795616e-01 -5.41417241e-01 7.45140314e-01 2.54732937e-01
    5.86531699e-01 -5.02736390e-01 -3.61106634e-01 -4.18892235e-01
    1.78803813e+00 1.29673004e+00 5.58797270e-02 -7.38279521e-01
    3.69611531e-01 -5.49648643e-01 -1.26174524e-01 4.95956272e-01
    1.80057275e+00 2.07796451e-02 -2.28057876e-01 1.45531133e-01
    -4.19757754e-01 -5.55056095e-01 -2.22251028e-01 -2.19474912e-01
    9.24141049e-01 1.58767581e+00 -2.66149193e-01 8.27531636e-01
    1.70151424e+00 -6.95543170e-01 -6.43813014e-01 1.48562610e+00
    1.80384889e-01 1.62195432e+00 -2.18795851e-01 5.51956713e-01
    3.62379938e-01 8.46813977e-01 6.95229948e-01 -5.10806330e-02
    1.64254761e+00 -1.90427259e-01 1.60572433e+00 -6.45104572e-02
    -6.71426237e-01 8.49280894e-01 -5.56676388e-01 1.17608118e+00
    1.73825228e+00 5.95855474e-01 1.45855749e+00 1.76713932e+00
    1.65128291e+00 3.49102736e-01 -6.50841236e-01 7.46192813e-01
    -4.78470400e-02 1.83355427e+00 1.20390868e+00 -1.12346753e-01
    1.44826841e+00 -8.25414002e-01 7.95282841e-01 -3.57347667e-01
    6.74427569e-01 -7.74349868e-01 1.42229283e+00 1.28960861e-02
    -3.39382961e-02 1.24683332e+00 1.00303197e+00 8.96141291e-01
    7.14985490e-01 1.40782857e+00 5.15606523e-01 -8.30107272e-01
    1.32700479e+00 3.38470578e-01 -3.10860813e-01 1.07877225e-01
    1.22942197e+00 -8.39250088e-01 1.55461586e+00 5.51977158e-01
    7.24405825e-01 -8.75498280e-02 1.83313394e+00 7.26237595e-01
    1.27535892e+00 2.11807480e-03 -3.85061372e-03 8.22458565e-01
    1.32783008e+00 1.47425413e+00 8.73818278e-01 -4.74540204e-01
    -7.90087640e-01 1.26283884e+00 -8.67754579e-01 7.81035542e-01
    -5.59558198e-02 -7.70293653e-01 -4.74992901e-01 1.09360969e+00
    -5.89575708e-01 -2.57436305e-01 1.21244919e+00 -7.28531897e-01
    -3.32724601e-01 6.28421009e-01 -7.40741372e-01 1.81150067e+00
    1.10841274e+00 -5.09223402e-01 1.51420605e+00 -5.98539948e-01
    1.75160408e+00 1.25692666e+00 1.40709066e+00 1.67139113e+00
    5.59608996e-01 1.82162285e+00 1.74053705e+00 1.60516277e-01
    -1.53916836e-01 4.00486946e-01 1.55977750e+00 5.51765934e-02
    -8.81808400e-02 7.07322001e-01 2.07830429e+00 -3.50391567e-02
    8.00949335e-01 1.52211916e+00 1.77599049e+00 1.26415718e+00
    5.35439134e-01 1.40746188e+00 -4.14350778e-01 -5.87179244e-01
    9.48342681e-01 4.69881177e-01 2.22498447e-01 1.15243232e+00
    -6.11083567e-01 1.65317428e+00 -5.23571134e-01 1.61783978e-01
    1.22245356e-01 -7.07767785e-01 1.71844974e-01 1.08430660e+00
    -8.11255097e-01 4.86265898e-01 1.33571243e+00 1.39088199e-01
    5.47926188e-01 5.03082275e-01 -8.06706369e-01 1.27771223e+00
    1.65636194e+00 1.12008905e+00 1.56861973e+00 1.02463150e+00
    1.39519155e+00 8.40301752e-01 1.23047912e+00 -1.96351498e-01
    -5.53554714e-01 9.25547361e-01 1.19264793e+00 1.08777344e+00
    -2.89820224e-01 -8.39403093e-01 1.87432837e+00 1.28801012e+00
    1.26611090e+00 6.12625659e-01 5.18961668e-01 -4.08111334e-01
    4.99744445e-01 6.25918090e-01 2.34569937e-01 5.21801293e-01
    -7.04270899e-01 1.68417826e-01 -5.05239844e-01 1.10837555e+00
    1.82339478e+00 1.10341430e-01 8.33509386e-01 6.58414006e-01
    -8.30516577e-01 1.82478175e-01 9.81360257e-01 1.20340312e+00
    1.87445331e+00 7.15112388e-01 1.76189101e+00 -1.01651832e-01
    8.44993711e-01 -5.97255170e-01 -8.58908534e-01 -1.94981590e-01
    -8.18249166e-01 1.53505182e+00 3.53019536e-01 -8.26133266e-02
    1.50986457e+00 1.16142046e+00 1.81364417e+00 1.09378934e-01
    1.71537781e+00 -5.88556528e-01 9.21429396e-01 1.75860035e+00
    8.71412754e-01 1.33720684e+00 -5.73024154e-02 1.48855877e+00
    1.49362028e+00 -7.19407022e-01 3.33592385e-01 -8.50563347e-01
    1.24269359e-01 1.00340807e+00 7.58573115e-01 1.24707460e+00
    -8.49610567e-01 1.46004319e+00 1.06152105e+00 1.66777134e+00
    3.03067714e-01 -1.90823838e-01 1.63822544e+00 6.46447182e-01
    1.57414758e+00 -1.84005022e-01 -1.84997857e-01 -3.25329393e-01
    -6.66948497e-01 8.86583999e-02 1.10068560e+00 -1.74494218e-02
    1.01323593e+00 -6.09641790e-01 8.20392549e-01 1.28791618e+00
    3.66677940e-01 9.57246065e-01 1.73829174e+00 -4.14934963e-01
    -4.29806650e-01 6.05517961e-02 1.16016316e+00 2.15031728e-01
    -3.41450930e-01 4.67882395e-01 1.48375034e+00 -6.77081704e-01
    4.07330431e-02 1.40225756e+00 1.12384248e+00 -4.68671262e-01
    -7.81766951e-01 7.42139637e-01 1.66493130e+00 -5.39426386e-01
    1.37515700e+00 -5.03026664e-01 -3.24578524e-01 6.19932234e-01
    -6.67563915e-01 1.41301882e+00 1.18105769e+00 1.29575089e-01
    6.16908073e-04 1.71875346e+00 1.32546318e+00 -3.18341434e-01
    1.01527071e+00 1.02044773e+00 1.00161600e+00 1.23524666e+00
    -3.82497162e-01 -9.20472965e-02 -7.72548378e-01 -3.65740389e-01
    2.10842788e-01 -4.98814881e-01 -1.82592012e-02 -2.53462225e-01
    -1.50912896e-01 1.99260592e-01 7.70518899e-01 2.93530196e-01
    -4.02248889e-01 1.70562744e+00 1.57499838e+00 8.85556340e-01
    3.35204303e-02 4.53374982e-01 1.21553266e+00 1.81414235e+00
    -7.48421073e-01 1.79106367e+00 1.62151039e+00 -5.61954677e-01
    1.83738732e+00 9.38076615e-01 4.06297296e-01 1.34437108e+00
    -1.99374110e-01 2.06218705e-01 1.50053060e+00 -2.84407794e-01
    5.92978895e-01 5.99625632e-02 3.47589821e-01 7.13350296e-01
    1.55362320e+00 5.17060399e-01 9.40156221e-01 1.85433352e+00
    -2.22056717e-01 4.27628428e-01 -6.92808181e-02 -2.13076308e-01
    -2.06302460e-02 -8.22116256e-01 -2.53276765e-01 9.11537886e-01
    7.83909321e-01 -6.46602392e-01 -5.56445420e-01 1.17942192e-01
    1.43514252e+00 1.15151560e+00 1.04763258e+00 -9.96339098e-02
    4.28077132e-01 -5.67846596e-01 1.20396698e+00 2.00296700e-01
    1.14537632e+00 3.30349505e-01 3.88683468e-01 1.08331919e+00
    1.39652705e+00 -3.10586423e-01 1.73422766e+00 1.58622098e+00
    1.27552807e+00 1.47557870e-01 -7.41011918e-01 9.47753012e-01
    -7.40842581e-01 1.03353775e+00 -5.58995605e-01 -6.52777731e-01
    1.41216052e+00 4.09085542e-01 1.12650061e+00 7.94109881e-01
    2.96447337e-01 1.62182176e+00 -2.62296706e-01 1.40288115e+00
    1.26285017e+00 -5.35242975e-01 6.29848838e-01 7.60686278e-01
    -5.87301970e-01 -8.56446028e-02 1.68314564e+00 -4.57445085e-02
    -4.61414419e-02 4.87566531e-01 1.27769923e+00 1.25152695e+00
    1.68899381e+00 3.59261513e-01 4.65127349e-01 -3.71543348e-01
    -4.46181633e-02 -2.27186784e-01 1.26527619e+00 1.87773860e+00
    6.93107247e-01 6.06936276e-01 1.75601172e+00 1.05915022e+00
    8.14074099e-01 2.36899465e-01 -2.62425572e-01 -3.95286769e-01
    7.45730460e-01 8.84741247e-02 1.86203575e+00 9.94058013e-01
    1.82279557e-01 9.40891922e-01 -8.30612779e-01 1.05677843e+00
    9.50794518e-01 3.46856751e-02 1.72126198e+00 -2.51724813e-02
    1.41578525e-01 1.24061251e+00 -2.10486546e-01 -1.40570745e-01
    1.41430151e+00 8.68384317e-02 1.23219192e+00 -2.36485332e-01
    3.11376721e-01 -6.10875964e-01 1.37801957e+00 8.70863557e-01
    1.56350994e+00 9.07629073e-01 7.83491850e-01 6.51146472e-01
    1.34562337e+00 -2.99257040e-01 9.30673599e-01 3.83383900e-01
    -7.16910481e-01 -5.83599091e-01 -1.85951412e-01 4.40063000e-01
    -4.83212471e-01 1.25702679e+00 2.82991439e-01 4.30608779e-01
    1.11368358e+00 7.55910993e-01 9.84583378e-01 3.70994449e-01
    1.59233451e+00 8.56890440e-01 8.88056397e-01 1.02675796e+00
    -5.98373234e-01 2.27627069e-01 -1.11905016e-01 -2.85275012e-01
    1.34366788e-02 3.61497194e-01 -4.99011099e-01 1.06375682e+00
    2.23988324e-01 1.53885686e+00 1.73523873e-02 1.80836201e+00
    -2.16695741e-01 -1.28565535e-01 9.77790117e-01 1.67296827e+00
    -2.82117844e-01 8.59903321e-02 1.59702510e-01 1.66903555e+00
    1.41198492e+00 -5.26682317e-01 3.65603358e-01 4.90820445e-02
    -1.35101557e-01 1.35465086e+00 1.63287890e+00 -6.47958219e-01
    1.42594838e+00 5.87966204e-01 -2.45434865e-01 -6.86875820e-01
    4.90353554e-01 1.50514948e+00 -3.57531607e-01 -1.90673992e-01
    1.75438416e+00 5.52082174e-02 -5.57413340e-01 7.22939253e-01
    1.02434206e+00 -1.86959356e-01 -5.16837180e-01 1.18854129e+00
    1.54264653e+00 6.22824311e-01 2.18290314e-01 1.70113885e+00
    1.64550388e+00 1.60429525e+00 1.53995192e+00 1.83625889e+00
    9.24806178e-01 -5.90269983e-01 6.54447675e-01 -7.84556627e-01
    -7.81260729e-01 -2.43474558e-01 2.05906972e-01 6.07079966e-03
    -8.59208822e-01 -5.28508127e-01 4.98924583e-01 1.50839579e+00
    -8.49573791e-01 1.14983475e+00 5.99026859e-01 1.62693286e+00
    -3.45088929e-01 -6.92828834e-01 1.71656477e+00 8.92177284e-01
    3.78054053e-01 9.52812005e-03 -7.62025297e-01 1.69600558e+00
    2.34673455e-01 -2.11253420e-01 4.78690356e-01 6.84711337e-01
    1.58746243e+00 -5.76305687e-01 9.46509004e-01 1.01400471e+00
    1.54206634e+00 -1.84005335e-01 -4.04076338e-01 -1.03733823e-01
    9.06899154e-01 1.68985814e-01 1.40676880e+00 -1.62991241e-01
    1.79944205e+00 1.31800532e+00 -1.14740156e-01 1.22748208e+00
    5.40239736e-02 1.44449830e+00 1.09665608e+00 9.63469863e-01
    -4.44970697e-01 8.20653379e-01 1.50231862e+00 7.01099396e-01
    -4.46181595e-01 8.72538745e-01 1.34874654e+00 1.53086376e+00
    7.65836835e-01 5.21445155e-01 1.53451276e+00 9.61631685e-02
    -7.18223453e-02 -2.58935511e-01 1.58512211e+00 7.71949947e-01
    5.87129593e-01 -1.35625049e-01 6.85540497e-01 5.11018336e-01
    1.08457673e+00 1.42586040e+00 -1.36862606e-01 -5.22317469e-01
    1.60271966e+00 -4.83902574e-01 -8.29296485e-02 6.57891273e-01
    -8.59542489e-01 1.12417424e+00 -2.59991556e-01 -6.92610919e-01
    1.69968810e-02 3.06212634e-01 3.71969730e-01 8.74978542e-01
    1.08968198e+00 -7.61646867e-01 7.73103416e-01 1.46764648e+00
    1.04473794e+00 1.61053264e+00 1.69938731e+00 1.65434539e+00
    1.62037134e-01 4.09225821e-01 1.56836510e+00 -6.73262537e-01
    -2.85362422e-01 -5.45878887e-01 -2.84931034e-01 5.15587032e-01
    9.40017283e-01 1.65105581e+00 -6.85876667e-01 1.40087891e+00
    -5.65559030e-01 5.52083671e-01 -8.62813175e-01 9.30733010e-02
    3.43999803e-01 8.09824824e-01 1.82099652e+00 1.51142430e+00
    -4.12394941e-01 -6.22557759e-01 1.32800567e+00 1.00366712e+00
    7.33430147e-01 6.36548027e-02 1.53633428e+00 -7.19924569e-01
    1.15107632e+00 1.18675351e+00 -1.33016914e-01 -4.83147055e-01
    1.24643004e+00 1.83306372e+00 1.01347268e+00 -4.38960254e-01
    2.65295714e-01 1.03532517e+00 1.25203924e-02 1.24054551e+00
    -5.94239891e-01 1.72685039e+00 1.52757406e+00 1.00623810e+00
    2.60997891e-01 1.41700363e+00 6.72609583e-02 3.64250541e-01
    7.35195339e-01 1.94974542e-01 4.30697799e-01 2.03752592e-01
    7.70577788e-02 2.39392314e-02 1.12937450e+00 2.27051711e+00
    1.08798933e+00 2.55395383e-01 7.26423025e-01 1.51311755e+00
    1.42092025e+00 7.67389715e-01 1.61589563e+00 1.66457903e+00
    1.16633010e+00 1.38062060e+00 -4.34620708e-01 7.18923211e-01
    6.99683309e-01 -2.51875013e-01 1.60094488e+00 6.21178150e-01
    6.12253189e-01 5.83812952e-01 -5.28848529e-01 1.88966465e+00
    1.68265414e+00 6.76718354e-01 1.30803907e+00 -3.06495726e-01
    7.03841209e-01 -6.35589480e-01 1.05604148e+00 5.21521084e-02
    5.44714332e-01 1.07707191e+00 1.67571926e+00 -6.37125492e-01
    7.19291925e-01 -7.06135690e-01 5.08487165e-01 1.76848233e+00
    -6.48624599e-02 1.15610731e+00 1.53836787e+00 1.11891091e+00
    1.45403028e+00 4.85756487e-01 -4.98656660e-01 -4.36744243e-01
    9.00452197e-01 9.48072851e-01 1.40823829e+00 1.07022214e+00
    3.84715676e-01 -6.55985832e-01 -5.67825317e-01 5.60695648e-01
    3.18467408e-01 5.04888475e-01 1.64385283e+00 -3.36418636e-02
    -8.65450680e-01 -6.17045105e-01 -5.92924833e-01 6.85158253e-01
    1.32034612e+00 8.18360150e-01 -7.84757078e-01 1.52498379e-01
    1.47566557e+00 2.60859758e-01 -6.96423709e-01 2.88857251e-01
    -3.42492431e-01 1.37220764e+00 7.91033924e-01 -3.66473883e-01
    4.46027279e-01 -6.51484370e-01 1.53996289e+00 3.39417189e-01
    1.28447580e+00 1.55933821e+00 1.30132449e+00 -2.45209694e-01
    -5.22051692e-01 4.64903712e-01 3.44853193e-01 9.82562065e-01
    6.28032744e-01 3.65326822e-01 -2.67993629e-01 3.09605300e-02
    8.52075279e-01 -4.63829637e-01 -4.06543255e-01 7.59974821e-03
    -8.09406042e-01 1.77300858e+00 -3.49712037e-02 1.24186330e-01
    3.66242193e-02 1.84398770e-01 7.46330738e-01 2.16553673e-01
    -4.08544749e-01 6.39473870e-02 1.63337934e+00 8.39045882e-01
    1.38994718e+00 -7.58954167e-01 2.59088308e-01 8.32410902e-02
    1.64203107e-01 1.65688312e+00 3.26399207e-01 1.46756673e+00
    -1.47038117e-01 8.72242987e-01 -3.40367071e-02 3.50050807e-01
    1.06857681e+00 4.76331443e-01 1.82508337e+00 1.80642462e+00
    2.32848614e-01 7.52916694e-01 -2.98329353e-01 -4.18341249e-01
    1.26513660e+00 7.03253865e-01 8.02555263e-01 7.69879043e-01
    1.51944852e+00 1.63542796e-02 1.51115954e+00 -7.27714717e-01
    1.80805814e+00 2.20238920e-02 2.50064787e-02 4.00697663e-02
    -4.48840588e-01 1.85392427e+00 1.41692626e+00 -5.68253219e-01
    -6.89561546e-01 2.46013515e-02 2.91741252e-01 9.57553387e-01
    -7.21699774e-01 -4.31184858e-01 1.05734861e+00 1.18926954e+00
    -3.05478573e-01 -1.76285341e-01 1.58606446e+00 1.41625094e+00
    -8.21032882e-01 -1.50587082e-01 -9.12130550e-02 1.53948820e+00
    4.85378861e-01 -7.57900417e-01 -4.41923708e-01 1.70087469e+00
    9.35734987e-01 -1.02165416e-01 5.64408489e-02 1.49740219e+00
    -7.40131199e-01 5.31669855e-01 1.62534022e+00 5.53617895e-01
    1.36747646e+00 -3.65759820e-01 1.20086896e+00 7.39340663e-01
    2.97090232e-01 -2.24529549e-01 -2.83809453e-01 9.26067829e-01
    9.81522560e-01 1.54272228e-01 1.96609959e-01 -8.11634779e-01
    8.78150940e-01 1.55741537e+00 5.60580045e-02 1.27689743e+00
    -2.15204820e-01 -4.79246899e-02 -4.59225982e-01 -8.34741235e-01
    -3.56358528e-01 -2.08418332e-02 1.12528145e+00 -1.02025159e-01
    1.31090236e+00 -7.28711367e-01 -3.39220256e-01 -3.76188815e-01
    4.25577223e-01 1.58937371e+00 1.40529215e+00 4.07571256e-01
    -6.16809309e-01 -8.85496810e-02 -6.94131494e-01 1.58587909e+00
    1.08607399e+00 -5.53368211e-01 1.62252021e+00 -2.06083938e-01
    9.54215407e-01 -5.09075284e-01 1.11001098e+00 1.28522563e+00
    -5.65178990e-01 6.92673087e-01 3.45327675e-01 1.69676971e+00
    5.98314881e-01 -8.85404646e-01 -1.94537323e-02 1.00495577e-01
    1.53441858e+00 1.49215174e+00 6.39654934e-01 3.86700720e-01
    1.23348939e+00 1.68824410e+00 1.69717157e+00 9.98226523e-01
    -7.31850684e-01 -3.54913801e-01 9.25309002e-01 2.50465184e-01
    1.87786639e-01 1.52981865e+00 1.54424858e+00 1.93212897e-01
    8.67386103e-01 1.80048311e+00 -6.90000236e-01 -5.50055802e-01
    1.27270639e+00 -1.03279501e-01 1.47980964e+00 8.30248058e-01
    -3.43716145e-01 7.63991356e-01 1.59786880e+00 7.73235321e-01
    -6.20801032e-01 -9.95925590e-02 1.46677101e+00 6.90893233e-01
    -4.86135855e-03 1.67549109e+00 6.96088552e-01 1.22772503e+00
    1.69530821e+00 -4.91665661e-01 -6.78191110e-02 2.20109865e-01
    1.89173257e+00 -5.05501181e-02 1.67170513e+00 -6.30141914e-01
    2.35561669e-01 8.23913455e-01 1.03145802e+00 -8.11650455e-01
    -8.25562418e-01 -7.40932107e-01 1.78786898e+00 2.30713978e-01
    1.68770695e+00 1.78871583e-02 -7.32398510e-01 7.55392313e-02
    1.77798307e+00 7.14913368e-01 1.50356555e+00 -4.47117567e-01
    -1.06973320e-01 -7.13787854e-01 -1.98631231e-02 -1.18203409e-01
    -8.45798999e-02 1.04981911e+00 5.95130444e-01 -6.10758007e-01
    1.24450719e+00 1.08597493e+00 1.37290835e+00 1.68008959e+00
    -4.74840909e-01 1.67747819e+00 1.26413596e+00 -7.42276967e-01
    -1.85579956e-01 5.62830806e-01 8.82937968e-01 1.71940878e-01
    2.23655611e-01 4.85659242e-02 2.39742396e-04 -6.33817911e-01
    9.46940243e-01 7.29686141e-01 9.65943396e-01 1.72399461e+00
    1.12424088e+00 -1.20640649e-02 8.66728008e-01 -1.86382592e-01
    1.74242482e-01 1.11665785e+00 6.44702733e-01 1.16725528e+00
    1.23398530e+00 3.08656335e-01 -8.54111195e-01 -3.35343003e-01
    9.68253434e-01 1.29100537e+00 -6.53858662e-01 1.19178081e+00
    4.27306682e-01 7.37823248e-02 6.55210197e-01 9.91389334e-01
    -4.23444062e-01 8.74539852e-01 1.55502164e+00 2.31615722e-01
    1.44027448e+00 1.22365522e+00 1.53820407e+00 6.89552128e-01
    4.58965302e-01 -8.69977534e-01 4.66760904e-01 1.41636229e+00
    1.53097844e+00 -3.84839416e-01 1.70891035e+00 1.60051513e+00
    5.46443686e-02 -9.76354722e-03 -5.11823416e-01 3.18249911e-01
    -6.17060184e-01 -5.71900189e-01 1.65699041e+00 1.31754863e+00
    -3.93369645e-01 -3.09695490e-02 7.47052491e-01 -7.14307129e-01
    -2.33947709e-01 1.44887698e+00 6.92885578e-01 1.21312475e+00
    7.19351709e-01 -4.19142187e-01 -7.89423212e-02 8.03341866e-01
    6.87468588e-01 1.52723300e+00 -4.95446883e-02 1.79037726e+00
    3.01902473e-01 -2.00977594e-01 1.31347001e+00 9.11113262e-01
    4.90257323e-01 4.31666285e-01 -3.31104040e-01 7.83177435e-01
    -4.96414155e-01 -6.78969502e-01 -1.06242128e-01 -1.15375156e-02
    7.80867219e-01 1.46568227e+00 8.07055354e-01 -4.47527140e-01
    -6.22472703e-01 6.40229583e-01 -4.40106541e-01 1.83257091e+00
    -4.54447269e-02 5.89848936e-01 -6.48286283e-01 2.89044678e-01
    1.38491797e+00 1.74668026e+00 -2.95425266e-01 1.70274270e+00
    9.10365522e-01 -6.71456516e-01 6.94549918e-01 -3.08248043e-01
    1.31456530e+00 -9.63762179e-02 1.53300679e+00 1.19217229e+00
    1.64987493e+00 2.03963608e-01 -2.64409989e-01 1.08703241e-01
    1.39861548e+00 1.34178817e+00 7.15201676e-01 1.41392612e+00
    4.18778121e-01 6.65067136e-01 8.67436707e-01 -7.73008838e-02
    5.69973946e-01 -3.80553752e-01 -4.36765850e-01 1.77961278e+00
    1.51400363e+00 -6.19471371e-01 4.16282803e-01 9.73629892e-01
    9.62052196e-02 7.51764953e-01 1.68579841e+00 9.33123529e-01
    4.53361690e-01 9.91285980e-01 1.11717713e+00 9.34045911e-01
    9.47346330e-01 1.45542371e+00 1.51195478e+00 1.41347742e+00
    1.45613766e+00 -5.62332980e-02 8.64711285e-01 9.46511388e-01
    1.34529555e+00 -5.31307757e-01 9.57665026e-01 5.83327636e-02
    1.45812786e+00 -6.00650668e-01 1.63298202e+00 8.69286582e-02
    5.81848264e-01 1.34735024e+00 2.94105709e-01 -6.43225133e-01
    7.44382620e-01 -1.41543686e-01 1.40632164e+00 1.24549317e+00
    1.30938947e+00 8.06250811e-01 -3.76518846e-01 -5.67246318e-01
    1.81101823e+00 5.79149783e-01 -5.93410790e-01 -7.63367653e-01
    -8.46552789e-01 2.19463244e-01 1.59695947e+00 -5.70528507e-02
    1.49819994e+00 5.96396744e-01 5.22190072e-02 -3.49407166e-01
    -5.72316647e-01 1.04524386e+00 9.80387807e-01 2.56701648e-01
    1.67047083e-01 1.49361753e+00 1.52172995e+00 1.55617511e+00
    1.09029722e+00 3.27267945e-02 1.11041713e+00 1.39139795e+00
    1.39592385e+00 1.20113122e+00 -3.51471215e-01 9.46387708e-01
    5.12718201e-01 3.68133523e-02 6.39050841e-01 -3.47368866e-01
    -3.56410891e-01 1.61673389e-02 2.50652611e-01 1.71245146e+00
    1.40818584e+00 1.25438607e+00 4.80168998e-01 5.12889504e-01
    -8.37002218e-01 2.88830221e-01 1.18104017e+00 3.99369270e-01
    -5.99388719e-01 4.87519145e-01 1.29779473e-01 1.52358770e+00
    -3.43344599e-01 1.79759991e+00 1.61515713e+00 1.92247188e+00
    9.11134958e-01 2.06040621e+00 1.96177900e+00 7.81520963e-01
    2.29759052e-01 1.41656077e+00 9.40266013e-01 1.36847591e+00
    -2.86250919e-01 9.01085377e-01 1.15422535e+00 1.55600786e+00
    1.77208686e+00 1.16447353e+00 5.05239487e-01 -4.17385176e-02
    3.51211756e-01 4.56034809e-01 4.17477489e-01 -3.65070850e-01
    -8.24021578e-01 -2.70593911e-01 -1.79307073e-01 1.40859628e+00
    1.57963884e+00 -3.73020858e-01 -1.20028667e-01 1.59455585e+00
    -2.58751273e-01 1.27389312e+00 5.59851766e-01 -2.40418434e-01
    -1.62875175e-01 9.71007109e-01 9.28935707e-01 4.74369705e-01
    1.53418314e-02 4.74962801e-01 1.32024229e+00 -7.50645816e-01
    7.30050206e-01 -3.45192462e-01 1.70959914e+00 -7.27058828e-01
    9.84763086e-01 -5.16918659e-01 4.14734632e-01 1.28646886e+00
    9.92110148e-02 1.43031013e+00 4.50134069e-01 -4.77500260e-01
    1.59229791e+00 1.16278100e+00 5.42657018e-01 5.47576427e-01
    1.32488057e-01 7.98115790e-01 1.35997391e+00 1.62311089e+00
    -5.02244793e-02 -2.71616012e-01 -3.91064852e-01 1.38863063e+00
    -4.94905859e-02 6.12278700e-01 1.54778254e+00 1.03409648e+00
    1.46807837e+00 -3.80853057e-01 6.04653917e-02 -2.13106811e-01
    5.83315492e-01 2.04633623e-01 7.57096529e-01 -2.24283010e-01
    7.85015106e-01 3.36578399e-01 1.08293962e+00 4.61405188e-01
    -5.99993825e-01 -1.05346665e-01 7.34931946e-01 -6.33497477e-01
    -3.99048150e-01 1.55441380e+00 8.87724400e-01 -4.97807235e-01
    3.07927251e-01 1.32008111e+00 1.16492593e+00 -7.28774905e-01
    -5.37861288e-01 4.13846940e-01 -5.34940481e-01 -1.80759758e-01
    -1.83841199e-01 -4.51543003e-01 1.64375198e+00 2.76056707e-01
    1.40105569e+00 -2.58377671e-01 8.33538771e-02 7.27228701e-01
    -6.79740086e-02 2.51201838e-01 3.55125904e-01 6.00659072e-01
    2.23789543e-01 7.93547451e-01 -4.11286056e-01 1.20949531e+00
    1.31610930e+00 3.77103060e-01 -7.24003911e-01 1.37213182e+00
    1.84076059e+00 1.34417784e+00 -2.66375870e-01 1.54359746e+00
    3.76135051e-01 -2.69323260e-01 1.23388016e+00 1.35443449e+00
    -8.44796658e-01 1.75778496e+00 -8.26496124e-01 5.08065164e-01
    1.06305696e-01 1.59664464e+00 1.38931572e+00 -4.87406343e-01
    1.79403734e+00 1.06874657e+00 -3.80541533e-01 6.83203340e-01
    8.28600228e-01 5.45613647e-01 1.36836684e+00 -6.64319277e-01
    6.56731576e-02 -1.39040843e-01 6.66745961e-01 -7.10463524e-01
    1.42063606e+00 2.15371892e-01 7.10973501e-01 -9.98128206e-02
    -4.75137502e-01 9.32006836e-02 1.48109233e+00 9.09269750e-01
    2.54215747e-01 6.79352939e-01 1.50552309e+00 1.12458491e+00
    1.12435147e-01 9.51544404e-01 1.05669409e-01 -8.44152629e-01
    -2.56625533e-01 7.71520734e-02 -1.05148517e-02 8.11191022e-01
    -7.77907372e-01 -7.19107926e-01 -6.58532679e-01 1.08677888e+00
    3.67487967e-01 1.52240956e+00 7.52756745e-02 1.69024527e+00
    -5.15083790e-01 -3.60212654e-01 -2.31038645e-01 4.52957273e-01
    1.70425713e+00 1.44580078e+00 5.44263899e-01 -6.54333949e-01
    1.81590343e+00 -3.31100315e-01 1.29409122e+00 4.85407114e-01
    1.80782437e+00 -8.00358474e-01 1.63671434e+00 4.56375808e-01
    -7.50817180e-01 -7.12713182e-01 7.59791613e-01 6.41070068e-01
    6.85563862e-01 2.93053180e-01 1.19625056e+00 9.24596131e-01
    6.76109672e-01 6.80577457e-01 1.49964893e+00 1.48346841e+00
    -1.49849266e-01 1.40867805e+00 1.63678145e+00 1.68864250e+00
    3.65152776e-01 9.78640497e-01 -2.38047481e-01 1.77601910e+00
    -4.09847826e-01 -6.67371869e-01 1.19534564e+00 9.51176763e-01
    2.66824573e-01 3.17043394e-01 4.92031962e-01 -2.78422922e-01
    1.76061559e+00 3.32105666e-01 4.18465227e-01 8.92853856e-01
    1.62204039e+00 -6.15205884e-01 -7.78401494e-01 1.02847946e+00
    2.45724261e-01 -5.84836483e-01 9.72082317e-01 -6.94831312e-01
    1.77156126e+00 3.64157408e-01 -3.49126190e-01 -1.99992374e-01
    8.82311344e-01 6.00902200e-01 9.08281386e-01 5.71683422e-02
    1.59323561e+00 -7.76645243e-02 6.43117309e-01 -1.22381359e-01
    3.19593638e-01 -8.65714610e-01 1.44216642e-02 2.61981159e-01
    -8.99556875e-02 2.36079156e-01 1.66652429e+00 -5.56810021e-01
    -7.35480711e-02 1.18580902e+00 -2.64794946e-01 9.11009729e-01
    4.57208604e-01 -4.92351860e-01 1.97318149e+00 1.05299950e+00
    6.08297527e-01 1.93690979e+00 8.47352684e-01 1.40899229e+00
    2.03924179e+00 8.71726930e-01 8.16303134e-01 -1.63540915e-01
    1.11936462e+00 -1.85610741e-01 2.48245180e-01 -7.87660062e-01
    3.57778281e-01 1.37976336e+00 -8.99119228e-02 -5.08044243e-01
    -2.83239335e-01 8.97116244e-01 7.64583290e-01 -6.50338829e-01
    7.84696579e-01 -6.19623899e-01 -1.22399807e-01 8.38519812e-01
    1.62643373e+00 1.10078549e+00 -5.70741236e-01 8.85317683e-01
    1.02073693e+00 1.13959968e+00 -6.53136134e-01 8.41894209e-01
    1.65041387e+00 1.22586489e+00 2.66812742e-01 -2.36872323e-02
    1.10951602e+00 5.44019461e-01 -1.17708355e-01 1.35460138e+00
    -2.18780711e-01 -4.16669399e-02 1.71811330e+00 1.51375532e+00
    1.48536861e+00 -5.07266819e-01 -5.00240445e-01 5.41458964e-01
    5.24869323e-01 4.44335006e-02 -3.95060927e-01 -7.44430900e-01
    1.37114596e+00 1.09211242e+00 -4.26315673e-04 -1.64478332e-01
    -1.90514885e-02 -7.95001507e-01 7.96429276e-01 1.21389031e+00
    1.44219494e+00 2.44278163e-01 -2.09327385e-01 8.22237492e-01
    1.44422424e+00 3.79058510e-01 -1.08365656e-03 -5.98848164e-01
    -7.57832706e-01 1.39067185e+00 4.66496587e-01 4.28080231e-01
    4.98240024e-01 1.38672209e+00 1.63588953e+00 1.48762798e+00
    4.03188109e-01 8.68722379e-01 4.44479346e-01 1.80628562e+00
    2.31726393e-02 2.65362039e-02 1.32089412e+00 3.66176575e-01
    1.07826602e+00 1.82299089e+00 1.13321865e+00 9.49007928e-01
    3.75081867e-01 1.97885394e-01 1.62617457e+00 5.29383302e-01
    1.79655635e+00 -7.32506335e-01 7.96180293e-02 3.58534157e-02
    9.56216753e-01 -8.86661768e-01 1.51967630e-01 -2.81712174e-01
    -4.11893964e-01 -7.92730093e-01 1.22351372e+00 4.84167486e-01
    -5.50843418e-01 7.87351847e-01 1.48723578e+00 6.27181530e-01
    -6.71528161e-01 -8.01466525e-01 -6.69229567e-01 1.65708363e+00
    -1.89520091e-01 -5.02966344e-01 1.40527439e+00 4.44618613e-01
    1.12840605e+00 -6.27723992e-01 7.56024122e-01 -2.61318535e-01
    -7.90798903e-01 -5.19816875e-01 1.80183673e+00 1.45355713e+00
    1.02553105e+00 1.90132588e-01 1.78106487e+00 1.00414002e+00
    -8.22270751e-01 1.68301976e+00 1.20621836e+00 1.21074766e-01
    1.08709419e+00 1.36907029e+00 2.96054810e-01 1.02114189e+00
    1.61768591e+00 8.69933724e-01 1.57884443e+00 -1.20056286e-01
    -6.39873818e-02 -7.77804077e-01 1.41564763e+00 2.97148645e-01
    1.63712049e+00 -2.14311257e-01 1.79952681e+00 -5.45512319e-01
    3.10274690e-01 7.58862555e-01 5.62279344e-01 1.84647465e+00
    6.22822531e-02 -7.78098285e-01 1.10044682e+00 1.46058095e+00
    8.44192743e-01 -2.20267415e-01 1.06208920e+00 -6.61494792e-01
    5.15743315e-01 -4.11226213e-01 4.12897348e-01 1.77395427e+00
    1.91326141e-01 8.06401670e-01 3.84398937e-01 1.29944777e+00
    -1.32299915e-01 8.02686691e-01 5.48605084e-01 3.55875224e-01
    1.18904805e+00 -5.86900473e-01 1.56531775e+00 1.05760920e+00
    -7.67924726e-01 7.33074784e-01 -3.92061889e-01 -5.91709912e-01
    6.58693016e-01 8.79237831e-01 8.78604412e-01 1.20462346e+00
    1.01150990e+00 1.36724186e+00 3.28748822e-01 1.65270114e+00
    7.37206757e-01 1.10080767e+00 5.51511824e-01 -4.42866653e-01
    1.41783345e+00 1.80944288e+00 5.98759413e-01 1.21730733e+00
    7.74855256e-01 -4.75041211e-01 2.94577986e-01 2.28556171e-01
    -5.48472524e-01 -6.21569395e-01 -2.34350581e-02 -7.07664013e-01
    1.19298744e+00 -6.88398898e-01 -4.83490944e-01 1.56568289e+00
    6.05292439e-01 1.35333931e+00 -5.79391241e-01 1.14617550e+00
    9.47624743e-01 6.73470140e-01 9.70687211e-01 1.73764229e+00
    1.16233408e+00 1.13839805e+00 5.16580343e-01 1.52153099e+00
    -7.96207115e-02 -4.81377065e-01 -6.28175020e-01 1.35735318e-01
    5.22533536e-01 6.10699832e-01 6.31318808e-01 4.92985398e-01
    1.30590808e+00 2.31131464e-01 5.41741669e-01 -7.54590929e-01
    9.07321632e-01 1.71966469e+00 1.33573961e+00 1.34785390e+00
    3.98158915e-02 4.13877875e-01 1.33166230e+00 8.27983558e-01
    1.64750051e+00 5.73133230e-01 5.56236878e-03 1.71096456e+00
    4.70501572e-01 -7.77667463e-01 1.18463886e+00 1.01951146e+00
    -3.54643285e-01 1.64552510e+00 -3.74721110e-01 -1.87835336e-01
    1.25157881e+00 5.03273427e-01 -1.88473359e-01 -2.23385170e-01
    9.82540727e-01 1.17551672e+00 -4.64331150e-01 1.15318771e-03
    -9.66653600e-02 5.52698314e-01 -4.12441462e-01 7.08869934e-01
    1.36932659e+00 1.76815879e+00 1.28734899e+00 -1.84481200e-02
    -6.27906561e-01 1.42106378e+00 6.52736962e-01 6.56931520e-01
    1.44408488e+00 1.57914495e+00 1.06539801e-01 1.61626863e+00
    1.68730223e+00 -9.57473144e-02 1.18217623e+00 4.32550281e-01
    4.21867013e-01 1.48539436e+00 9.67363298e-01 -6.48223519e-01
    5.19748867e-01 1.16031516e+00 1.14457560e+00 -5.17890990e-01
    1.78091717e+00 4.97563273e-01 -3.09959024e-01 -2.63326559e-02
    8.89916956e-01 -5.11568666e-01 -5.12379944e-01 5.45823693e-01
    2.56295651e-01 -4.82041210e-01 2.14264721e-01 -3.87728631e-01
    1.27688050e+00 1.37141597e+00 9.08834994e-01 1.67838074e-02
    1.62763286e+00 -1.67973071e-01 1.49566936e+00 -5.00458896e-01
    1.51151526e+00 7.16036558e-01 1.78589451e+00 -7.02272117e-01
    1.46881759e+00 6.65884554e-01 1.66925311e+00 1.24846697e+00
    1.30336797e+00 -7.45377243e-01 -5.19809842e-01 -1.43535078e-01
    1.18424393e-01 -4.19491768e-01 6.83945656e-01 1.51832914e+00
    1.16817284e+00 -8.84184718e-01 1.94622055e-01 -4.42566931e-01
    1.54555345e+00 1.07793880e+00 1.60344526e-01 -2.11612165e-01
    -4.44826752e-01 1.27311957e+00 8.98677349e-01 1.83793843e+00
    7.90732145e-01 1.47212791e+00 3.73034179e-01 -3.70972633e-01
    1.55920774e-01 -2.96657383e-01 -4.71176714e-01 1.46741021e+00
    4.88079488e-01 8.64082515e-01 4.88880962e-01 5.56291878e-01
    -1.77249551e-01 1.30119741e+00 9.33761120e-01 7.55269647e-01
    1.85396984e-01 -5.58623791e-01 5.16312003e-01 1.15636325e+00
    1.68357611e+00 1.23642755e+00 -8.43383968e-01 1.55210888e+00
    -8.94843817e-01 4.61202145e-01 -1.58145979e-01 1.65089953e+00
    1.71235061e+00 9.08645749e-01 -1.81439430e-01 -4.14949516e-03
    1.40057230e+00 -8.27923059e-01 1.75836146e+00 -5.68745375e-01
    -4.74449426e-01 3.98192763e-01 7.25629508e-01 -5.25810599e-01
    1.14237595e+00 -7.96593964e-01 -1.07214972e-02 5.24950683e-01
    3.41716707e-01 5.82279503e-01 -5.04750252e-01 -2.69108534e-01
    1.38558543e+00 -5.42538881e-01 7.59175241e-01 -2.52515823e-01
    5.82380056e-01 3.66584629e-01 3.10464799e-01 9.14927483e-01
    -1.86453164e-01 -6.71081662e-01 -4.16968793e-01 1.63995719e+00
    9.76635933e-01 -4.19479668e-01 1.74122584e+00 8.35188329e-01
    1.34127784e+00 2.34994605e-01 6.36253297e-01 -8.08936715e-01
    1.17719674e+00 -4.55214918e-01 1.50697494e+00 -2.73599345e-02
    1.74589586e+00 6.23976409e-01 3.35614473e-01 3.42755169e-01
    1.20423865e+00 3.84440958e-01 2.29248017e-01 -7.95780420e-01
    8.86054158e-01 9.98096019e-02 1.27861938e-02 -6.76263809e-01
    7.11585701e-01 5.55297792e-01 -2.51573473e-01 -3.19765419e-01
    5.82003415e-01 7.49005318e-01 1.51115954e+00 1.25220108e+00
    1.29826593e+00 3.95643800e-01 -3.05700928e-01 -7.31139004e-01
    4.72460240e-02 1.35370314e+00 -1.29197270e-01 2.54314572e-01
    4.44464415e-01 8.27073380e-02 4.84834202e-02 1.24926083e-01
    -6.57548368e-01 1.27243891e-01 3.95447463e-01 -6.31309807e-01
    -6.35703683e-01 -1.84361979e-01 1.94378495e-01 -3.19314748e-01
    -4.09619242e-01 2.23511472e-01 1.09030470e-01 -8.23382199e-01
    1.76822293e+00 -5.19538224e-01 1.83914196e+00 1.76348317e+00
    -4.85707015e-01 1.31509507e+00 8.20954084e-01 1.65609002e+00
    1.72051609e+00 4.21053350e-01 -4.22193110e-01 -7.12875664e-01
    1.57435763e+00 -5.53494751e-01 5.97200871e-01 -2.84122407e-01
    2.79040217e-01 2.57519223e-02 7.62130618e-01 1.42672420e-01
    1.77291286e+00 4.27100182e-01 -5.62347293e-01 1.65281606e+00
    3.73802334e-01 5.54327309e-01 1.47489023e+00 -2.86325961e-01
    -4.57388043e-01 -5.55849254e-01 6.39518023e-01 -6.65513992e-01
    3.12173307e-01 1.47822833e+00 -8.39482099e-02 1.88267863e+00
    2.31968686e-01 1.59816945e+00 7.44191825e-01 2.82533407e-01
    8.79027307e-01 6.89287707e-02 -8.26490939e-01 5.76560855e-01
    7.48998344e-01 8.62114131e-01 -4.04846251e-01 1.23554409e+00
    -3.42694044e-01 9.79379177e-01 1.71417379e+00 7.03618646e-01
    9.06061888e-01 1.69264424e+00 1.18874896e+00 -8.90868437e-03
    1.51109922e+00 1.56606853e-01 1.98582280e+00 5.77240765e-01
    1.04823077e+00 3.93341109e-02 -5.39134681e-01 -4.76098746e-01
    4.90348548e-01 1.42241013e+00 3.81072462e-01 1.68482256e+00
    1.62373507e+00 3.29825252e-01 1.64536512e+00 1.29487658e+00
    -2.74364580e-03 1.85119772e+00 1.17617047e+00 1.30171478e+00
    1.58645725e+00 -4.54634100e-01 -7.82832742e-01 7.05675602e-01
    -2.88574815e-01 1.54865944e+00 -6.67796373e-01 -4.72840935e-01
    1.70266616e+00 7.93471873e-01 3.99198890e-01 8.67633998e-01
    -7.99565688e-02 -1.27990514e-01 -5.02276421e-01 -1.98000625e-01
    -4.77401137e-01 6.16307378e-01 -5.99399745e-01 1.38965178e+00
    7.83989787e-01 4.95103955e-01 2.51590073e-01 1.82527983e+00
    -4.87345636e-01 1.36073351e+00 1.03202784e+00 1.32084048e+00
    -1.61978319e-01 3.31508398e-01 1.22674096e+00 4.63503510e-01
    1.71222854e+00 1.83050764e+00 3.19214970e-01 1.58283424e+00
    1.06186545e+00 -3.68107766e-01 1.34504342e+00 1.14357245e+00
    6.50866702e-02 6.17855608e-01 4.11567777e-01 -4.67009246e-01
    -2.42625639e-01 8.36497545e-01 2.47038677e-01 1.74492323e+00
    1.89927891e-01 1.82509768e+00 1.20730031e+00 -1.12581238e-01
    -6.18148327e-01 3.35875243e-01 2.17500076e-01 -1.49661139e-01
    -5.71636260e-01 1.51387072e+00 1.25209522e+00 -7.68126190e-01
    1.13801563e+00 8.26245368e-01 1.31953263e+00 -7.74529755e-01
    3.43200654e-01 2.32306868e-01 1.55051899e+00 4.00902033e-01
    1.32367563e+00 -6.19902492e-01 3.07303697e-01 1.40204406e+00
    1.73230720e+00 1.07219681e-01 1.48643339e+00 2.31109589e-01
    -2.92930365e-01 6.47448719e-01 1.65095305e+00 9.74592030e-01
    1.48492873e+00 2.03958619e-03 4.42581981e-01 9.46551383e-01
    1.76339662e+00 1.74594045e+00 1.10036767e+00 -4.22024250e-01
    1.28242588e+00 -1.36316836e-01 3.22580814e-01 5.09784341e-01
    5.90062022e-01 -2.19843552e-01 2.67568797e-01 -3.20657492e-02
    1.71481764e+00 8.53155553e-01 -5.81877589e-01 -1.74078047e-01
    1.57187730e-01 8.07843387e-01 1.49870872e+00 1.71254611e+00
    -7.39907086e-01 4.78798419e-01 -7.42169738e-01 -3.03735465e-01
    -6.94828331e-01 -5.55846430e-02 5.29029191e-01 1.72151792e+00
    -5.34430563e-01 3.69380891e-01 1.35700810e+00 -1.62072852e-02
    1.40363610e+00 1.78367329e+00 6.73921704e-01 1.75845671e+00
    -3.04085851e-01 1.55788469e+00 -8.09825957e-01 1.34382904e+00
    8.48124862e-01 -8.45553577e-01 3.09752524e-01 7.49479055e-01
    -2.91382760e-01 1.79601395e+00 -8.13461661e-01 -6.34079158e-01
    -2.18011260e-01 1.09298420e+00 -6.21328473e-01 3.77419740e-01
    -7.32668519e-01 1.06593704e+00 2.45564803e-01 -6.04930103e-01
    -8.30633998e-01 -4.92490053e-01 1.30871558e+00 1.35130489e+00
    -7.23083854e-01 -5.63446939e-01 1.62015724e+00 -5.41973591e-01
    9.56463933e-01 -7.69195378e-01 9.11561251e-01 7.01444000e-02
    9.39889345e-03 1.60051775e+00 8.38903606e-01 1.00947046e+00
    4.00236011e-01 3.37423414e-01 1.50165665e+00 2.95557767e-01
    2.80525675e-03 1.43492734e+00 -4.36714470e-01 2.36722380e-01
    5.36083996e-01 -6.28231108e-01 7.24575579e-01 8.18799362e-02
    1.61615837e+00 9.56144452e-01 1.30381894e+00 1.59331799e+00
    2.79262057e-03 -8.08301806e-01 1.20797241e+00 9.42245245e-01
    1.21513605e+00 9.22650814e-01 -5.60546815e-01 -5.85380852e-01
    8.92361701e-01 1.66919208e+00 3.94577831e-01 1.13618255e+00
    1.13965631e+00 1.63144708e+00 1.01506376e+00 1.07906795e+00
    4.29165870e-01 1.11203086e+00 1.55241597e+00 1.37630296e+00
    -6.53530061e-02 7.18724370e-01 1.43148994e+00 -6.66603923e-01
    1.25361037e+00 -3.92101318e-01 1.76165318e+00 9.51107442e-01
    9.95336235e-01 1.61806560e+00 1.52058840e+00 -8.23336065e-01
    2.14089870e-01 2.66616344e-01 7.29489982e-01 9.74221230e-01
    2.24932060e-01 1.40098619e+00 -4.32924658e-01 1.87331283e+00
    6.00921810e-01 -6.52630150e-01 1.79990458e+00 -6.41814291e-01
    -5.09089708e-01 1.31977963e+00 1.75755811e+00 6.25566900e-01
    1.13264453e+00 -5.49791992e-01 -2.78077215e-01 -4.94478315e-01
    -6.65559620e-02 9.03890550e-01 -2.81187385e-01 1.23755920e+00
    3.39629471e-01 6.44934654e-01 -3.75977069e-01 8.18476677e-01
    -3.73487502e-01 -7.69657493e-01 1.90469399e-01 1.36310339e+00
    4.71809804e-01 7.01439232e-02 1.40683460e+00 1.27598190e+00
    2.23276997e+00 6.05543256e-01 5.32724261e-01 3.02400261e-01
    3.91595930e-01 3.06668282e-01 -2.62675166e-01 -3.02555054e-01
    -8.52198660e-01 1.65013075e+00 3.07714731e-01 7.95423746e-01
    -6.90333784e-01 -3.82959902e-01 1.36094546e+00 4.77562025e-02
    -3.78416181e-02 -6.16982758e-01 3.03209186e-01 -7.55892098e-01
    1.22775495e+00 4.63166624e-01 8.09147477e-01 7.39513487e-02
    6.62323952e-01 9.82106090e-01 1.77995920e+00 5.22835433e-01
    1.35138556e-01 -5.85043371e-01 1.37141562e+00 -1.75516587e-02
    -6.90263867e-01 -5.28699636e-01 1.49272382e+00 5.88209987e-01
    1.44140446e+00 1.02630079e+00 1.33066595e+00 1.66806364e+00
    1.47868860e+00 -7.00689256e-01 1.53803108e-02 -4.66075361e-01
    -3.92234027e-01 -2.21323922e-01 1.80918014e+00 -8.56058359e-01
    1.39962643e-01 2.53457606e-01 2.68894792e-01 1.64617383e+00
    -5.70643306e-01 1.50412285e+00 9.36632514e-01 1.29245147e-01
    -1.98051110e-01 6.26651347e-01 1.49273956e+00 1.80779660e+00
    -7.99103260e-01 1.13507354e+00 1.73275852e+00 8.08229506e-01
    -4.11316484e-01 1.17229235e+00 -6.45425797e-01 2.99849093e-01
    1.31586850e+00 -8.16643655e-01 7.61451125e-02 1.18863344e+00
    1.76191673e-01 7.00836003e-01 -1.49947390e-01 5.71044087e-01
    2.59662509e-01 -5.07241428e-01 8.01933587e-01 -1.74583375e-01
    1.24890196e+00 1.06785476e+00 4.79451030e-01 1.77606034e+00
    -3.68434414e-02 9.15924191e-01 -7.27506340e-01 8.61766279e-01
    8.02268565e-01 -1.39780149e-01 2.32315585e-01 1.88071236e-01
    1.22372663e+00 -2.69755304e-01 6.84181154e-01 -7.52742469e-01
    1.34837031e+00 1.21955800e+00 1.23180854e+00 2.48805285e-01
    -3.76565933e-01 -3.00402582e-01 -7.55596578e-01 1.63639379e+00
    1.38701046e+00 4.05761957e-01 1.35820174e+00 -7.88544536e-01
    1.81306410e+00 -7.73201525e-01 1.06432319e+00 8.23858798e-01
    1.89335659e-01 -2.84353364e-02 8.80628347e-01 1.20228446e+00
    3.33015621e-01 1.20099914e+00 -6.34593189e-01 1.62753117e+00
    1.32993832e-01 9.61335361e-01 1.42876053e+00 1.19599903e+00
    1.74937212e+00 -2.93749005e-01 1.00362551e+00 -4.33178872e-01
    1.77912012e-01 5.45775294e-01 8.34784150e-01 1.32125902e+00
    1.61307073e+00 1.34440094e-01 -2.15728611e-01 -5.30920982e-01
    -2.16123611e-01 2.52093792e-01 -6.64873838e-01 -3.65849644e-01
    -6.21339977e-01 -8.18329573e-01 8.64926800e-02 1.69629169e+00
    -7.41502643e-01 1.43870366e+00 -4.16540146e-01 -8.37722301e-01
    4.67894554e-01 -2.08873063e-01 5.92188537e-01 9.47369158e-01
    3.29854131e-01 1.57214570e+00 1.15553573e-01 8.79187346e-01
    1.70788479e+00 1.13420641e+00 -7.36578166e-01 9.88936365e-01
    1.82058418e+00 -6.27163708e-01 4.99152035e-01 1.27489102e+00
    -3.23203981e-01 9.51010436e-02 -3.58559430e-01 -1.54644266e-01
    1.21441007e+00 3.24194908e-01 1.69489443e+00 5.76457202e-01
    2.36994073e-01 -7.27591515e-01 -7.82997906e-01 1.42536068e+00
    -6.74485564e-01 -5.42267323e-01 3.43164839e-02 4.92960602e-01
    1.27942598e+00 1.48692712e-01 1.36528850e+00 -3.35331649e-01
    -5.42892277e-01 4.34168756e-01 1.69632101e+00 4.49918568e-01
    8.82153451e-01 5.12893498e-01 4.47938889e-01 3.88859868e-01
    5.08615792e-01 6.46490216e-01 4.78941202e-01 -2.40675673e-01
    -2.11092189e-01 1.94165960e-01 4.56710070e-01 -5.07275581e-01
    -3.96738261e-01 1.33669710e+00 5.62514365e-01 1.75384724e+00
    -7.02678144e-01 1.57104051e+00 -1.10389046e-01 1.42577910e+00
    -3.08985740e-01 -3.05079997e-01 1.44966686e+00 1.69879198e+00
    6.57497883e-01 8.34505260e-01 4.83524753e-03 3.70613337e-01
    -1.28013328e-01 2.48256847e-01 5.73953509e-01 1.55802310e-01
    1.02616823e+00 6.90146208e-01 1.65593579e-01 -8.67556036e-01
    -2.70036191e-01 2.41751671e-01 3.49965185e-01 -3.12289506e-01
    5.25464118e-01 -4.01974380e-01 -2.46231616e-01 -1.38406083e-01
    1.25851035e+00 4.14785177e-01 1.36804986e+00 4.23903823e-01
    -1.29639491e-01 -4.93853062e-01 -2.04747573e-01 2.13407353e-02
    2.94138849e-01 -1.70542255e-01 -3.78821373e-01 -7.68300951e-01
    1.81958580e+00 -2.26144105e-01 2.73505867e-01 1.04053009e+00
    -7.70324826e-01 -1.15161605e-01 1.81950855e+00 5.66799104e-01
    4.23703007e-02 -5.13689280e-01 7.57541001e-01 3.67797799e-02
    1.58131492e+00 1.21799433e+00 -1.34023666e-01 1.26384830e+00
    7.62334704e-01 -3.36067230e-01 1.76532137e+00 1.66278884e-01
    -5.50697565e-01 1.58725083e+00 1.52229667e+00 -8.13602746e-01
    -7.45445311e-01 5.22800207e-01 -8.02208483e-01 6.40273886e-03
    1.48097885e+00 1.09337866e+00 1.16090989e+00 1.80887389e+00
    9.04387772e-01 -6.87738836e-01 1.77352965e+00 6.22524142e-01
    1.51085746e+00 -4.93846714e-01 -4.84166235e-01 -7.51096725e-01
    3.10716152e-01 1.45901799e-01 7.58888245e-01 -6.05116263e-02
    3.13418001e-01 1.38552904e+00 9.22989547e-01 -2.37693023e-02
    6.26284659e-01 -5.50235987e-01 4.70305234e-02 -5.19897044e-01
    -7.04065785e-02 1.84930600e-02 5.97160399e-01 1.15271389e+00
    -4.04555231e-01 1.73986375e+00 1.72117233e+00 -5.87096691e-01
    8.54066849e-01 2.64272124e-01 4.34987664e-01 2.53057122e-01
    -5.30381262e-01 8.01332653e-01 1.72331536e+00 1.50043261e+00
    1.42138863e+00 1.08766258e+00 3.06719303e-01 1.23265386e+00
    3.76539975e-01 1.71745944e+00 -7.51139581e-01 -3.03119779e-01
    1.14445674e+00 1.37437117e+00 1.19298923e+00 1.61595988e+00
    2.80277997e-01 1.57326853e+00 1.13295150e+00 4.79680449e-01
    -4.71845865e-01 -7.71133363e-01 1.28332961e+00 7.47669876e-01
    1.75839496e+00 7.68546581e-01 1.68201184e+00 1.94158349e-02
    -1.78975165e-01 -4.05366898e-01 2.98489094e-01 9.89619136e-01
    9.32659149e-01 7.78280914e-01 -4.74289596e-01 5.13125241e-01
    3.78702544e-02 5.38691759e-01 1.54877734e+00 1.21588910e+00
    1.43943739e+00 8.14298213e-01 -5.24582207e-01 7.77123928e-01
    -4.63349432e-01 1.02215970e+00 -7.09042370e-01 2.79914767e-01
    -1.51667476e-01 1.72772169e+00 -4.26411033e-01 1.62831044e+00
    1.18791234e+00 1.82853162e+00 -6.70796707e-02 -5.24881661e-01
    9.08744097e-01 1.33181369e+00 1.52092350e+00 1.78856766e+00
    -2.83878654e-01 1.66107967e-01 9.54311490e-01 5.81837356e-01
    3.62951458e-01 1.58451843e+00 -1.00404814e-01 1.87865233e+00
    1.64328051e+00 1.35027575e+00 1.19833744e+00 1.36740983e-01
    -2.91362256e-01 -7.43638456e-01 4.12393302e-01 1.41242087e+00
    5.71891546e-01 -7.27964163e-01 -5.58798850e-01 -4.89598960e-01
    1.68366706e+00 8.86105478e-01 -5.51856577e-01 1.80272949e+00
    -4.34959680e-01 -6.14486575e-01 2.90079385e-01 1.14209437e+00
    -8.31478894e-01 3.06586266e-01 -7.03837991e-01 1.03681552e+00
    1.19243181e+00 3.78314517e-02 4.11289446e-02 1.53527129e+00
    -1.85544997e-01 1.42694700e+00 1.02516031e+00 3.09389740e-01
    2.84459800e-01 -1.65183619e-01 -5.59150994e-01 2.57960558e-01
    1.19973409e+00 5.68499506e-01 9.50831771e-01 -6.59216881e-01
    4.27305251e-01 1.31930435e+00 1.07897356e-01 1.07863903e+00
    -7.31848836e-01 6.29955530e-01 -3.34985703e-01 1.00732553e+00
    -1.87400788e-01 1.88519919e+00 5.02130538e-02 1.15806091e+00
    -4.27020848e-01 3.40598673e-02 1.40386891e+00 1.21382403e+00
    6.75977826e-01 4.11298811e-01 1.55094743e+00 -3.08557093e-01
    8.95484030e-01 1.39031303e+00 4.62557822e-01 5.50628901e-01
    1.14812776e-01 5.74422240e-01 1.06829083e+00 8.37838233e-01
    7.50697851e-01 1.44684219e+00 4.36979264e-01 1.43521404e+00
    2.06068814e-01 -5.59947968e-01 8.04848611e-01 5.46609282e-01
    1.40616775e-01 3.23793948e-01 8.30809847e-02 8.93996358e-01
    -1.52382761e-01 -5.07764339e-01 8.92712891e-01 5.65013587e-01
    1.45011640e+00 -9.13659096e-01 -2.33307213e-01 2.53331691e-01
    1.49809408e+00 4.21209484e-01 1.31572855e+00 1.06827295e+00
    1.37677145e+00 1.50394285e+00 6.76773310e-01 1.30113676e-01
    1.38884056e+00 3.17387395e-02 -7.89928198e-01 8.13857734e-01
    -8.71393561e-01 9.44526970e-01 5.85231841e-01 4.48884726e-01
    1.40005267e+00 1.40118432e+00 1.82155341e-01 7.88722336e-01
    -2.41239756e-01 -1.52503774e-01 -8.39572191e-01 5.84612265e-02
    8.96329939e-01 8.98719490e-01 -5.55725157e-01 -2.49293268e-01
    -1.01344287e-01 -2.46796245e-03 -4.14113671e-01 1.31794453e+00
    -6.37216270e-01 1.40603352e+00 4.73899007e-01 -1.42668605e-01
    1.17944980e+00 1.74144197e+00 1.70482069e-01 1.72880220e+00
    1.71534503e+00 6.60621285e-01 6.22951090e-01 -6.30699813e-01
    2.10142827e+00 -5.47296166e-01 1.85578752e+00 1.34635150e+00
    1.58132374e+00 -2.40210354e-01 1.62586236e+00 1.06945777e+00
    -1.18359320e-01 1.60967827e+00 -3.32179248e-01 2.47499913e-01
    -6.86751723e-01 -3.17951381e-01 1.67095447e+00 1.56831229e+00
    1.80561468e-01 8.23754728e-01 1.31307828e+00 1.24710953e+00
    5.76414049e-01 -7.63143241e-01 1.32039881e+00 5.67521334e-01
    6.83248699e-01 -6.42746508e-01 -2.26884678e-01 1.77731037e-01
    -4.73210603e-01 1.58279991e+00 3.55295986e-01 1.40241766e+00
    1.77304542e+00 -6.64263844e-01 6.90332651e-01 1.04697299e+00
    3.02466363e-01 1.58743903e-01 1.77649868e+00 5.91277719e-01
    -1.24611847e-01 -6.06063485e-01 3.93271804e-01 -5.71341634e-01
    -8.45011830e-01 1.43616891e+00 8.47863555e-02 1.05682230e+00
    8.86361659e-01 1.58541775e+00 -1.32144481e-01 1.10971510e+00
    -6.82203412e-01 -8.62154841e-01 1.85183632e+00 6.01992905e-01
    -8.34632158e-01 1.52327824e+00 1.58652997e+00 -6.65596068e-01
    6.21869028e-01 6.07934773e-01 3.16941619e-01 -5.03827155e-01
    1.21956122e+00 -7.83375502e-01 2.75893152e-01 -1.76158234e-01
    1.52914679e+00 -4.59135652e-01 1.80954599e+00 1.87469199e-01
    1.47989675e-01 -7.87863672e-01 4.47464585e-01 1.37907013e-01
    1.36152497e-02 -6.68946188e-03 2.23259479e-01 -4.22685772e-01
    1.68932632e-01 -2.85389245e-01 5.33972271e-02 -5.47638834e-01
    2.34406009e-01 -7.06726015e-01 1.40016878e+00 7.07015991e-01
    1.10247457e+00 -8.14856946e-01 1.53202164e+00 6.82110012e-01
    3.08222145e-01 1.57326424e+00 -1.63904384e-01 -6.12664223e-01
    5.85821688e-01 1.65504086e+00 1.32871521e+00 -8.57076347e-01
    1.51777422e+00 1.54056275e+00 1.74409747e-01 1.67640233e+00
    9.34021413e-01 1.12758648e+00 1.78542364e+00 1.62399948e+00
    1.02820206e+00 3.92503977e-01 1.52139759e+00 1.71593189e+00
    -8.46047461e-01 -3.71197999e-01 2.08653778e-01 1.66336238e+00
    -4.75594312e-01 -3.45889896e-01 2.63033748e-01 -7.51059592e-01
    1.68767953e+00 1.10627365e+00 5.87149896e-02 -3.60164076e-01
    1.63845623e+00 8.04627955e-01 -3.11455309e-01 1.10497189e+00
    1.08858967e+00 -2.84598079e-02 -2.81575490e-02 1.21867287e+00
    1.54647923e+00 1.80151606e+00 -7.99050331e-01 1.60565114e+00
    -6.49743974e-01 1.58356082e+00 -6.26529634e-01 1.39963734e+00
    -8.21227729e-01 1.47067153e+00 9.59332705e-01 1.24798727e+00
    -1.98577315e-01 -5.27459145e-01 -5.64907134e-01 3.33839476e-01
    7.99921930e-01 8.42621982e-01 6.93746030e-01 1.25733948e+00
    1.01268113e+00 1.75820780e+00 2.93225676e-01 1.02164865e+00
    1.25705826e+00 1.11558568e+00 5.87728143e-01 -6.75947845e-01
    3.64254415e-01 1.42045224e+00 2.33596638e-01 8.77647698e-01
    7.37644136e-01 2.67174125e-01 -5.11673331e-01 -6.17389917e-01
    1.24286711e+00 8.98643255e-01 1.53966761e+00 -3.41282561e-02
    8.25751126e-01 2.05387980e-01 -2.14263275e-01 1.40067267e+00
    1.78969920e-01 -4.20656115e-01 2.42217541e-01 -5.07929027e-01
    9.85641301e-01 1.25021374e+00 7.91035056e-01 -2.54791051e-01
    3.60561103e-01 5.61938703e-01 -3.31702173e-01 -2.94399485e-02
    1.50647986e+00 4.05989885e-01 -6.57319367e-01 7.92879045e-01
    1.38443744e+00 -7.70746112e-01 8.69133230e-03 1.82847309e+00
    1.94592133e-01 1.26132798e+00 1.66050947e+00 -2.45002210e-01
    1.36760390e+00 -1.57497957e-01 -1.96128547e-01 4.48721945e-01
    5.31571925e-01 9.25586402e-01 -5.01128197e-01 -1.05283320e-01
    -6.49489582e-01 1.24532080e+00 1.80879784e+00 1.69099009e+00
    1.02350569e+00 1.73054171e+00 -8.94165754e-01 2.41307899e-01
    1.63256621e+00 2.89223790e-01 9.04020548e-01 -5.81972241e-01
    1.81187212e+00 -6.10196888e-01 1.67702496e+00 1.36460602e+00
    1.57346916e+00 -3.52675736e-01 -3.52120101e-01 8.86876822e-01
    1.78349555e+00 1.60048664e+00 1.44098127e+00 1.00984240e+00
    -2.20475420e-01 1.33490074e+00 1.13297939e+00 4.62578326e-01
    5.70739925e-01 -7.40978718e-02 1.96362928e-01 -4.10795391e-01
    2.10874766e-01 6.47903621e-01 1.03236878e+00 1.48502660e+00
    1.55312240e+00 1.60243225e+00 -7.49693587e-02 -8.26098323e-01
    -3.29882801e-01 1.06955302e+00 7.51983821e-02 -6.90663159e-01
    1.56410098e+00 1.15354598e+00 1.55179232e-01 -5.35793543e-01
    -3.87755215e-01 6.02963746e-01 1.85197926e+00 9.18608785e-01
    1.11239290e+00 3.34589094e-01 4.21257347e-01 -4.72687602e-01
    3.09973881e-02 1.27467573e+00 -6.51301801e-01 1.20940745e-01
    6.20322645e-01 3.48812819e-01 9.05789882e-02 9.47344482e-01
    2.76429176e-01 -5.14322996e-01 7.63654888e-01 -1.31366000e-01
    6.75829470e-01 1.56366324e+00 -1.31541014e-01 1.22698343e+00
    1.68689704e+00 1.00637174e+00 6.53921008e-01 1.70702231e+00
    -6.74731195e-01 -4.84263189e-02 -7.57300735e-01 5.64040720e-01
    1.87825632e+00 1.86128747e+00 -4.31293309e-01 6.19330227e-01
    5.85728705e-01 1.29507434e+00 1.07424235e+00 1.34034419e+00
    6.86670303e-01 1.55170465e+00 -2.41680190e-01 1.35502517e+00
    -8.77664909e-02 7.73698017e-02 -7.11570680e-01 -6.52355611e-01
    1.23712277e+00 1.74321041e-01 -4.56759036e-01 -6.71044171e-01
    6.18327141e-01 2.62598861e-02 -3.12278122e-01 1.04932167e-01
    2.67772645e-01 -5.04903376e-01 3.01645637e-01 1.01016271e+00
    8.56217146e-01 1.02721417e+00 -8.32816005e-01 1.61840171e-01
    4.26249325e-01 1.66038620e+00 -5.57948649e-01 7.23087251e-01
    7.08359659e-01 1.86737907e+00 3.78693074e-01 1.63273656e+00
    8.27137768e-01 -6.55102804e-02 1.41183496e+00 -2.54387170e-01
    1.63486362e-01 9.76900637e-01 -3.37448359e-01 7.28154898e-01
    1.45209193e+00 1.41656268e+00 9.50922251e-01 6.51833355e-01
    2.27020711e-01 9.26374435e-01 6.45741224e-01 -6.05891585e-01
    2.53645062e-01 1.67779839e+00 1.42000830e+00 1.75219941e+00
    3.24004233e-01 -4.25577670e-01 -7.59501696e-01 1.55812681e+00
    1.58494842e+00 -6.20183647e-01 1.29578936e+00 3.97096435e-03
    -5.51648736e-01 8.46948206e-01 1.07321477e+00 -6.84058666e-01
    9.49341357e-01 1.61429965e+00 6.81470573e-01 8.91278863e-01
    1.17033768e+00 8.57913435e-01 2.65335858e-01 1.32315934e+00
    1.55449939e+00 -3.43866229e-01 -7.14823604e-01 -6.11140370e-01
    -2.29595080e-01 3.42006505e-01 1.59177887e+00 5.31416424e-02
    1.80685258e+00 -1.36502078e-02 -3.75074327e-01 -7.86482990e-01
    1.83502650e+00 -5.43848336e-01 1.24478161e+00 -7.31439590e-01
    1.26270854e+00 4.52396661e-01 6.77995145e-01 1.76989388e+00
    9.37890232e-01 -3.32979858e-01 1.01987791e+00 7.69627810e-01
    -2.81021357e-01 1.49370611e+00 1.74694705e+00 1.71303880e+00
    1.76098049e+00 4.08213854e-01 -5.68760276e-01 1.09175110e+00
    -4.94857073e-01 6.86740100e-01 6.92769051e-01 8.31795216e-01
    -2.99640924e-01 1.83198333e+00 -4.87169266e-01 1.04828489e+00
    -3.62521112e-01 2.64686584e-01 6.68952823e-01 1.15653789e+00
    5.48836529e-01 -7.41001308e-01 2.98079193e-01 -3.02498668e-01
    6.40544593e-01 1.80428624e+00 -1.93136692e-01 5.24157286e-01
    9.26774561e-01 -4.95416135e-01 1.64628863e+00 7.75413692e-01
    -6.19917035e-01 1.63268054e+00 1.05858481e+00 1.66992104e+00
    -4.50256407e-01 7.18687952e-01 1.48676193e+00 1.45093620e-01
    6.54510688e-03 1.41307890e+00 9.01932061e-01 -4.84652787e-01
    1.99051499e-01 6.06135488e-01 -4.08638090e-01 4.32961226e-01
    6.63181348e-03 1.85620391e+00 -2.49532178e-01 1.70655596e+00
    5.54011345e-01 1.51453602e+00 1.05233788e+00 1.68113852e+00
    4.20414865e-01 1.35202277e+00 1.82931292e+00 1.44232368e+00
    1.04634680e-01 5.57503045e-01 -7.78945267e-01 1.31646121e+00
    3.38291228e-01 -3.38016808e-01 -7.47770727e-01 -7.42411911e-01
    1.64325929e+00 1.29303551e+00 1.55312192e+00 -2.73795396e-01
    1.03341746e+00 1.19913650e+00 1.68323720e+00 5.38649894e-02
    -6.26057163e-02 -9.22992349e-01 1.20417285e+00 1.45203590e+00
    1.57492888e+00 1.44667685e+00 3.34159136e-01 8.26219440e-01
    4.92046416e-01 5.85970700e-01 1.40014470e+00 1.34377861e+00
    -3.66576523e-01 1.62049890e-01 1.16412508e+00 2.09091917e-01
    1.70304966e+00 4.80562925e-01 3.46524864e-01 -4.34140086e-01
    -6.62708461e-01 3.23282123e-01 -5.06346345e-01 5.15911460e-01
    1.71241152e+00 -5.16568780e-01 -7.37218022e-01 8.81439567e-01
    -3.21021318e-01 -8.23879778e-01 1.29906070e+00 -4.64654863e-02
    1.34907913e+00 8.89098287e-01 1.11377585e+00 1.17048156e+00
    1.50476146e+00 1.85087013e+00 1.56560290e+00 -8.38956356e-01
    3.15005243e-01 1.40838051e+00 1.98607421e+00 1.34196624e-01
    1.46599257e+00 1.62512100e+00 4.80008334e-01 2.17523709e-01
    1.65822732e+00 3.40145916e-01 1.70691922e-01 8.33022892e-01
    1.69102502e+00 1.17351568e+00 1.42062497e+00 8.06619823e-02
    1.19750905e+00 -7.46895373e-01 7.86451936e-01 3.68371218e-01
    1.42277431e+00 2.89259166e-01 7.18209326e-01 -8.39016557e-01
    8.89836252e-01 1.18117404e+00 1.24413908e+00 -3.26659441e-01
    1.17651868e+00 1.04204249e+00 1.83625257e+00 1.80846226e+00
    4.18567598e-01 7.67147064e-01 1.71816123e+00 -9.00799483e-02
    1.51806489e-01 5.01765966e-01 -3.77952904e-02 1.68279447e-02
    -6.47733092e-01 8.76914203e-01 2.74281085e-01 1.20745853e-01
    -6.81465343e-02 -5.28024435e-01 4.02132720e-01 -2.59105533e-01
    1.71602309e-01 1.87747335e+00 5.09751141e-01 1.38109791e+00
    9.37376693e-02 8.70332718e-01 1.78588116e+00 1.04658294e+00
    1.59173715e+00 -2.99648941e-01 -3.67960751e-01 4.52768981e-01
    1.50303259e-01 6.16209924e-01 7.24353969e-01 1.43489873e+00
    1.34396577e+00 -2.20382005e-01 5.11332631e-01 -4.89121228e-01
    1.19037795e+00 1.52778387e+00 -5.82268611e-02 5.87224603e-01
    7.10229695e-01 1.70865357e+00 1.03987253e+00 8.64952028e-01
    1.35486937e+00 3.82084936e-01 5.78077912e-01 8.82682085e-01
    1.31317288e-01 8.33501875e-01 3.78228694e-01 1.29611647e+00
    -1.46861300e-01 2.22055048e-01 -3.44235957e-01 3.30699146e-01
    1.19599724e+00 -3.10101002e-01 -6.12513840e-01 3.42018247e-01
    -4.74280328e-01 1.35741758e+00 -7.65419722e-01 -8.48204851e-01
    2.53074318e-01 -1.08955480e-01 1.31541920e+00 1.02333057e+00
    1.75300491e+00 -5.24621308e-01 -4.96428937e-01 5.95865011e-01
    8.32387984e-01 7.63635457e-01 1.28061920e-01 -3.42565864e-01
    -5.58782756e-01 1.20429420e+00 5.11505008e-01 1.62840068e+00
    8.83201599e-01 3.38945925e-01 3.83818373e-02 4.14000064e-01
    9.46032703e-01 1.35565072e-01 1.78859460e+00 1.57106566e+00
    -4.54835266e-01 2.44016573e-01 1.28162014e+00 8.44191253e-01
    -5.80326974e-01 -5.84550463e-02 -5.43867886e-01 1.51258683e+00
    5.91041267e-01 1.88401043e+00 -6.89644694e-01 6.39481902e-01
    -5.74244976e-01 2.08595041e-02 1.42915595e+00 -8.69604945e-01
    -7.32010245e-01 1.27543020e+00 2.26550773e-01 1.14801073e+00
    1.57482851e+00 1.85447717e+00 5.47164306e-02 1.01107574e+00
    5.71706891e-01 2.50717457e-02 -3.11212867e-01 9.91502464e-01
    -6.29154742e-01 -2.72522658e-01 5.22639334e-01 1.45128334e+00
    1.71409595e+00 -3.06776106e-01 -3.20177495e-01 -6.05811894e-01
    6.70493841e-01 1.08400846e+00 -2.78217614e-01 6.66127577e-02
    1.43287098e+00 1.84124565e+00 2.91783273e-01 6.96929395e-01
    2.31432736e-01 -3.35723877e-01 3.95503253e-01 -9.19715166e-02
    6.98568225e-01 -4.30444360e-01 1.75970960e+00 -2.75621891e-01
    8.24299097e-01 8.94268215e-01 -5.01218796e-01 1.14984262e+00
    -2.85268366e-01 -8.10006917e-01 1.22262597e+00 -6.86780155e-01
    4.50827301e-01 3.66287440e-01 -5.15391171e-01 1.22821033e-01
    -6.07783198e-01 1.59791696e+00 -6.73125088e-01 5.06280243e-01
    -6.66468799e-01 5.66492200e-01 1.15003037e+00 -3.25859457e-01
    1.36630821e+00 1.65055469e-01 1.54417956e+00 2.80885212e-02
    -2.84068733e-01 1.83798051e+00 -3.88868183e-01 1.47917461e+00
    1.78654408e+00 1.51970816e+00 1.22282207e+00 1.14347720e+00
    2.50121117e-01 -3.14003110e-01 1.58054066e+00 -8.37772548e-01
    -4.57673728e-01 7.98313737e-01 1.48865056e+00 7.95078993e-01
    7.61400104e-01 3.72861087e-01 1.28911942e-01 -7.74113297e-01
    -3.15985493e-02 1.58226967e+00 1.30249596e+00 -4.67024326e-01
    -5.16436994e-01 9.32341039e-01 1.24308479e+00 -6.65271401e-01
    -4.39400941e-01 -7.23893046e-02 1.97238296e-01 4.98762935e-01
    -6.45143151e-01 1.20237410e+00 2.91564941e-01 -1.55220190e-02
    -1.08307049e-01 -2.59270459e-01 -3.43853176e-01 1.84740663e+00
    1.94822997e-01 -2.37904951e-01 1.04069781e+00 -6.10863328e-01
    -4.41813678e-01 8.17530394e-01 -6.50928199e-01 1.73041975e+00
    -2.58837432e-01 1.73629463e+00 8.29222891e-03 2.85148770e-01
    1.74594998e+00 -1.01145692e-02 -2.77358502e-01 -7.38808393e-01
    -4.81465340e-01 9.57717717e-01 -5.96247017e-01 1.55738503e-01
    1.15907025e+00 3.86877924e-01 -7.86437318e-02 4.88655686e-01
    1.18179405e+00 1.27569330e+00 2.06109881e+00 1.20671082e+00
    6.52778864e-01 1.79954875e+00 -3.01586241e-02 7.91408718e-01
    1.11178003e-01 1.66663909e+00 1.07205510e+00 -2.14083835e-01
    5.52309871e-01 3.07766497e-01 1.10007778e-01 -4.83208388e-01
    -7.59918690e-01 -7.17795968e-01 -2.71242291e-01 2.46247604e-01
    1.18985403e+00 3.60296607e-01 1.03418195e+00 -8.23065817e-01
    -3.43497023e-02 -4.25538450e-01 3.74831825e-01 -6.88057244e-01
    8.27298760e-01 -1.98394984e-01 -4.89575773e-01 1.12697017e+00
    -8.53572711e-02 -2.04642013e-01 1.39522207e+00 1.65998232e+00
    -5.76590657e-01 3.04383278e-01 3.62052649e-01 1.14382756e+00
    1.58506858e+00 -3.48578423e-01 3.79160941e-01 1.31556809e-01
    1.14444399e+00 3.21860492e-01 1.66720212e+00 4.59459305e-01
    -3.15960467e-01 4.58198160e-01 -5.95324002e-02 3.44498098e-01
    1.36824477e+00 2.05714822e-01 9.34003592e-01 1.96118027e-01
    9.15800750e-01 1.61931908e+00 1.81630170e+00 4.45472121e-01
    7.19133914e-01 9.44106877e-01 -4.62613821e-01 1.22882819e+00
    1.48708427e+00 -6.13927484e-01 -4.23914015e-01 1.25365484e+00
    1.69096971e+00 2.50373244e-01 1.75638092e+00 9.72936153e-02
    1.01853454e+00 -3.35364699e-01 9.81841087e-02 1.24517463e-01
    5.82067609e-01 1.07661915e+00 1.59569430e+00 1.52215326e+00
    1.40979528e+00 1.35959959e+00 9.47385848e-01 -5.53763926e-01
    5.68207502e-01 4.35718685e-01 -3.72727141e-02 1.70669436e+00
    -6.37608409e-01 -1.46853343e-01 -6.97414517e-01 8.74960870e-02
    1.14282274e+00 1.55706286e+00 -1.88702390e-01 6.87938035e-02
    -8.37529242e-01 6.31703079e-01 -7.10995317e-01 1.02731955e+00
    9.15827453e-01 1.09511137e+00 8.22988153e-01 5.56829907e-02
    1.37956965e+00 6.15658045e-01 3.38032156e-01 1.46149337e+00
    1.81338102e-01 1.71292973e+00 3.31054986e-01 1.64911699e+00
    1.54844487e+00 1.45542645e+00 1.76066911e+00 1.70670676e+00
    -5.91633260e-01 7.89987743e-02 -7.80553162e-01 2.80254036e-01
    1.88350987e+00 1.51042950e+00 1.15183198e+00 1.38091218e+00
    -2.06852287e-01 -6.02897286e-01 6.22004211e-01 -4.85897690e-01
    -3.29791218e-01 -2.24441379e-01 1.51552784e+00 2.50828087e-01
    4.21962798e-01 6.13126218e-01 1.40774918e+00 4.78271127e-01
    5.97407639e-01 1.52762163e+00 7.59256124e-01 -1.14474207e-01
    -1.49438128e-01 1.04767644e+00 -1.44035965e-01 5.21211326e-01
    6.27957940e-01 9.21743929e-01 1.15099514e+00 1.73353851e+00
    1.00856411e+00 -2.42562100e-01 6.52984917e-01 1.48252451e+00
    -1.61661983e-01 1.29495180e+00 -6.40702724e-01 1.03357232e+00
    -5.28295755e-01 7.51520932e-01 6.71999395e-01 -4.95974869e-01
    -2.60168821e-01 -8.15468967e-01 -2.79609531e-01 -1.17378019e-01
    6.75239921e-01 5.57398498e-01 1.91466257e-01 5.55862010e-01
    1.16209435e+00 -7.14046583e-02 5.66629410e-01 -1.91819698e-01
    -6.06172800e-01 5.86638302e-02 2.73780078e-01 -7.89367735e-01
    3.24786782e-01 1.59165037e+00 9.20181453e-01 -4.73274201e-01
    1.35343027e+00 1.26416504e+00 -4.96427506e-01 -4.96003807e-01
    -2.52564967e-01 -7.59991765e-01 -5.89529991e-01 1.40986776e+00
    -2.85350442e-01 1.40860915e+00 6.31169677e-01 1.93461537e-01
    -7.32019424e-01 -3.59028503e-02 -7.42438316e-01 3.06551665e-01
    3.60870510e-01 1.21552753e+00 9.95127141e-01 -4.74020302e-01
    -8.49022493e-02 8.47995639e-01 -7.21422851e-01 -4.73167092e-01
    1.23971558e+00 8.86315227e-01 9.97391582e-01 7.97917306e-01
    1.41794872e+00 -5.82217634e-01 1.77778876e+00 6.67786717e-01
    6.88914537e-01 -6.44219339e-01 -3.39540035e-01 1.40053976e+00
    1.55499041e+00 8.23131561e-01 9.46402192e-01 1.74142420e+00
    1.64071882e+00 1.00104356e+00 1.99253216e-01 -2.84767032e-01
    4.06615615e-01 1.56720257e+00 -8.81256580e-01 4.47475314e-02
    1.81783462e+00 1.12919080e+00 9.57686126e-01 2.05822110e-01
    6.49857342e-01 1.83563888e+00 1.75603688e+00 -5.43311536e-01
    -5.66603094e-02 2.67077804e-01 -7.46908426e-01 1.19751906e+00
    -5.64745545e-01 1.44740474e+00 -6.97594643e-01 1.34444880e+00
    1.59515357e+00 1.37129235e+00 -2.91669965e-01 6.60062253e-01
    1.44330657e+00 9.38380718e-01 8.36980224e-01 -4.58643019e-01
    1.69141889e+00 -7.37465918e-01 8.16503048e-01 4.83155906e-01
    1.11435580e+00 -2.99579203e-01 1.98145461e+00 1.26029611e+00
    2.17995906e+00 7.24160448e-02 7.38738835e-01 6.98448539e-01
    -1.67110726e-01 2.42368832e-01 -3.22579145e-01 -7.34955668e-01
    1.84390461e+00 1.47644475e-01 1.64897656e+00 1.82563806e+00
    1.31034863e+00 1.66804481e+00 7.01765835e-01 4.77463692e-01
    1.25702691e+00 5.76056063e-01 -3.60282749e-01 2.52181664e-02
    1.67324269e+00 2.39081234e-01 -1.65898323e-01 -5.30378282e-01
    1.60356879e+00 1.37306750e-01 5.56176782e-01 -5.88003695e-01
    -3.39061409e-01 1.39953113e+00 5.14353991e-01 -5.74034989e-01
    1.13454640e+00 -3.91893536e-02 9.04580891e-01 1.88024080e+00
    -7.62151718e-01 -2.61166364e-01 2.60924339e-01 -6.64374828e-01
    -4.39852066e-02 6.32276297e-01 1.47934771e+00 -5.53806365e-01
    8.63737315e-02 1.67793620e+00 -4.59006160e-01 2.14148149e-01
    1.17555451e+00 1.77115273e+00 -1.29686400e-01 8.28850627e-01
    -1.54638961e-01 3.94062877e-01 1.05364811e+00 9.64375794e-01
    1.33640349e+00 2.24089816e-01 9.91236508e-01 -3.52544397e-01
    -1.50102407e-01 1.46880770e+00 1.75741601e+00 5.30104280e-01
    -8.25855043e-03 -3.32458615e-02 1.16733336e+00 1.31358743e+00
    1.24567556e+00 1.57369506e+00 -2.44747490e-01 -1.38157727e-02
    9.69647691e-02 1.52530885e+00 -5.97641349e-01 -6.53504550e-01
    1.58756092e-01 1.79928482e+00 9.62356687e-01 1.10301423e+00
    1.85610926e+00 1.70261455e+00 1.78617680e+00 2.46491954e-02
    6.52118802e-01 -1.84231460e-01 4.61940989e-02 7.29003072e-01
    1.09488726e+00 -7.84898341e-01 8.32835495e-01 6.10895514e-01
    -8.48275959e-01 7.57565141e-01 1.69356418e+00 -4.43348259e-01
    -5.00318348e-01 -1.23228505e-01 4.34284508e-01 5.98427951e-01
    1.13606775e+00 7.01286256e-01 -2.43584022e-01 -3.90152521e-02
    9.39957142e-01 1.67652857e+00 5.50148666e-01 -4.39963728e-01
    5.37934564e-02 1.60959494e+00 1.14052129e+00 -3.92561734e-01
    -7.80082762e-01 -5.95903754e-01 6.29411221e-01 -3.98864090e-01
    5.54201305e-01 -3.02570045e-01 1.83963394e+00 -3.96472245e-01
    6.54512942e-01 -1.35417745e-01 -4.55701321e-01 -2.90655345e-01
    1.43237150e+00 -3.50012958e-01 -6.39917672e-01 -4.31729376e-01
    -2.42736503e-01 -5.49583435e-01 7.57473707e-01 1.19035113e+00
    -6.38784826e-01 9.75542128e-01 -2.67706633e-01 -2.56584853e-01
    -1.03364594e-01 -6.18574202e-01 1.43748629e+00 1.47602260e+00
    1.10425293e+00 -2.98454076e-01 3.19948256e-01 -2.29582161e-01
    -5.10541089e-02 1.79706430e+00 1.07979588e-01 1.81761396e+00
    1.45745707e+00 7.77244806e-01 1.64913785e+00 -2.31009468e-01
    6.18069649e-01 5.63933104e-02 2.80995965e-01 1.35926020e+00
    1.07727432e+00 -4.21453595e-01 1.13586092e+00 1.46418428e+00
    1.21427350e-01 -6.81047857e-01 1.81030035e+00 -6.91058576e-01
    5.68385459e-02 4.83377397e-01 1.86868727e+00 1.34702671e+00
    2.11247012e-01 1.51140141e+00 8.22249532e-01 7.61458352e-02
    5.74867368e-01 -6.15958393e-01 1.63307524e+00 -1.49936050e-01
    1.70470285e+00 -2.03898937e-01 -2.67276347e-01 1.58133209e-01
    -1.63189173e-01 -2.38433257e-01 4.12643105e-01 -7.90712595e-01
    1.04415858e+00 -6.78105429e-02 4.13248122e-01 -6.98374689e-01
    1.73796809e+00 1.80469584e+00 -2.71931559e-01 -6.29327536e-01
    -6.74002588e-01 5.98263681e-01 5.73549747e-01 5.93180954e-01
    5.73583305e-01 2.86897063e-01 8.18161249e-01 2.03457490e-01
    5.38968325e-01 1.51390171e+00 -8.83864224e-01 8.01837385e-01
    3.05961549e-01 1.78314590e+00 5.09816587e-01 -7.31573164e-01
    1.54947829e+00 1.14088690e+00 -8.68760824e-01 6.52026474e-01
    6.14384234e-01 -8.75914812e-01 -6.81764901e-01 1.37971020e+00
    -3.04825306e-01 2.14772388e-01 6.98751211e-01 1.15459261e-03
    1.11776221e+00 1.51842880e+00 6.96278214e-01 -6.56457424e-01
    1.82982290e+00 1.16540596e-01 -4.63747621e-01 -5.79300523e-01
    2.06141040e-01 7.13878810e-01 1.14690840e-01 -1.61788642e-01
    8.44265759e-01 1.57108462e+00 -6.11820042e-01 8.31348300e-01
    1.80394948e-01 1.39838564e+00 -1.39619023e-01 1.61090875e+00
    5.53417265e-01 6.09925210e-01 3.82278524e-02 1.84568012e+00
    -8.63723040e-01 1.37798309e+00 -4.94758189e-01 1.62810707e+00
    1.52590513e+00 -7.78333664e-01 1.81213033e+00 1.31556320e+00
    1.47401333e+00 8.28323603e-01 1.56569171e+00 3.77980530e-01
    1.67664051e+00 -1.17828883e-01 1.33501041e+00 -6.87351227e-02
    2.02210712e+00 3.63481939e-01 1.36143172e+00 1.47026122e+00
    1.83396602e+00 5.32694280e-01 -3.57022375e-01 9.21026349e-01
    9.23580229e-01 2.84481615e-01 6.35373294e-01 8.68719041e-01
    -5.21297336e-01 6.73991799e-01 -9.02874991e-02 1.34407818e+00
    -5.16363740e-01 2.79282212e-01 6.07718349e-01 1.59646356e+00
    1.16524231e+00 -1.47231340e-01 -8.83029103e-02 1.61447972e-01
    9.31186199e-01 1.09242225e+00 7.52384305e-01 1.81736314e+00
    4.41676021e-01 1.21104062e+00 8.45177889e-01 -3.46448302e-01
    2.05348060e-01 1.44555390e+00 1.31116724e+00 -7.62631059e-01
    1.06430936e+00 5.96118689e-01 -7.81699836e-01 1.46110833e+00
    5.86213648e-01 8.89700353e-01 -1.80557698e-01 -4.72535282e-01
    1.23688626e+00 1.03804815e+00 1.09656632e+00 5.54431796e-01
    9.38089132e-01 -8.61684740e-01 1.22108984e+00 6.75227046e-01
    1.70336115e+00 1.55375862e+00 -2.87560016e-01 1.20696723e+00
    -6.31981969e-01 -6.52209580e-01 -2.16202497e-01 6.71402395e-01
    -6.13431156e-01 -3.34982097e-01 8.96694243e-01 1.71316469e+00
    -5.30733913e-02 -9.74913388e-02 -5.47102928e-01 -6.92539454e-01
    3.13338280e-01 1.67482674e-01 -1.81048915e-01 1.16242886e+00
    1.14050937e+00 1.22229695e+00 1.42859101e+00 6.27205610e-01
    -3.57160926e-01 1.25425056e-01 -1.62917510e-01 9.93509591e-01
    -4.58214790e-01 1.02319551e+00 1.57878709e+00 1.59930682e+00
    -5.79015613e-01 1.09034383e+00 1.57817066e+00 -1.54931009e-01
    1.42632198e+00 -3.42731327e-02 -4.26899940e-01 8.97043169e-01
    -5.41800976e-01 1.23106122e+00 8.65515113e-01 1.73493159e+00
    6.76862076e-02 9.96187687e-01 1.84429824e+00 -7.39859879e-01
    1.64579958e-01 1.51453936e+00 1.43469012e+00 7.20676005e-01
    8.85343179e-02 5.81351519e-01 -8.37813616e-01 -5.37244491e-02
    6.58564925e-01 1.93847775e-01 1.21503139e+00 -2.03434557e-01
    9.21979845e-02 1.36941314e+00 -5.07924974e-01 1.22774744e+00
    -8.73870477e-02 6.19305372e-01 -1.82314083e-01 1.59357822e+00
    -7.98495471e-01 1.34972262e+00 1.39602983e+00 -3.57928604e-01
    1.10933435e+00 -6.16931915e-01 9.12035823e-01 -3.75929058e-01
    1.73491880e-01 1.48735809e+00 1.05479181e+00 7.87057400e-01
    3.47595543e-01 -6.91166997e-01 -2.07775384e-01 1.41147804e+00
    2.19962578e-02 -7.95815468e-01 1.50847304e+00 1.47490692e+00
    1.21771574e+00 4.04609412e-01 1.28553903e+00 1.73071766e+00
    1.08684433e+00 -3.23151052e-01 1.62276578e+00 6.68695688e-01
    9.92482126e-01 -3.02396864e-01 1.39775681e+00 8.40972483e-01
    2.99525231e-01 1.20309937e+00 -1.33310676e-01 3.58805746e-01
    -3.22171807e-01 1.76181984e+00 2.49624684e-01 1.16002962e-01
    -6.22466743e-01 9.94124532e-01 9.94457066e-01 8.16312373e-01
    7.90833890e-01 1.45081699e+00 1.94166228e-01 -6.82223022e-01
    1.42075455e+00 5.93122184e-01 -1.21420927e-01 1.49094260e+00
    8.98247421e-01 -3.83203000e-01 1.15549147e+00 7.47787595e-01
    9.26628828e-01 9.55655277e-01 9.90437865e-01 1.09783351e+00
    3.12217083e-02 1.62277627e+00 6.49207160e-02 9.77284193e-01
    1.23050213e+00 2.41062313e-01 -5.53520441e-01 5.98392129e-01
    1.13728178e+00 1.60731763e-01 1.28577781e+00 1.27317762e+00
    1.16807950e+00 -5.23540020e-01 2.04913452e-01 1.23852611e+00
    3.22860807e-01 -4.84834343e-01 1.31626129e+00 1.26608670e+00
    7.52539337e-01 1.59939528e+00 -7.01878220e-02 1.25731099e+00
    7.49682784e-01 1.31860912e+00 4.45425242e-01 3.11055511e-01
    1.22701395e+00 -4.71139878e-01 2.34891728e-01 1.67424589e-01
    1.60724902e+00 -6.53499126e-01 5.46901584e-01 6.71420932e-01
    -4.15983468e-01 1.10332513e+00 -5.74517548e-01 1.00282288e+00
    -7.20234811e-01 -1.98980480e-01 1.29102552e+00 5.16735137e-01
    2.47328252e-01 9.64646101e-01 1.37098694e+00 5.24982095e-01
    8.83068383e-01 1.11879885e+00 4.44022305e-02 1.22739780e+00
    1.00683451e+00 1.41273129e+00 1.44375288e+00 1.27495515e+00
    -1.09963622e-02 1.21604383e+00 4.83789593e-01 -7.78448164e-01
    1.06666040e+00 1.02188468e-01 -1.26946392e-02 1.40865541e+00
    8.77138197e-01 9.70413506e-01 -3.08535457e-01 1.70091486e+00
    -2.31354579e-01 1.49094558e+00 1.99600375e+00 1.95774257e+00
    -3.35975289e-01 4.75393444e-01 1.19875693e+00 3.59774649e-01
    1.36990499e+00 7.83146679e-01 1.55447578e+00 1.00598168e+00
    5.49902201e-01 -1.17691390e-01 7.19420910e-02 7.63830483e-01
    3.31331909e-01 1.60120761e+00 -7.21066117e-01 1.27392995e+00
    1.01362097e+00 4.58458543e-01 2.74454635e-02 1.58175398e-02
    -2.11220711e-01 1.52767396e+00 3.08407843e-01 6.36995971e-01
    -2.48292565e-01 1.83776534e+00 -7.20881760e-01 1.01000834e+00
    -2.04088315e-01 -2.31859222e-01 -2.45921433e-01 1.33742297e+00
    6.88270390e-01 -7.77554095e-01 1.02952886e+00 4.53220278e-01
    -6.05215967e-01 -1.53997540e-01 1.54351962e+00 1.48615348e+00
    1.51686478e+00 6.77759886e-01 1.48999846e+00 1.08913779e+00
    6.40094280e-01 6.38536453e-01 -4.83392715e-01 -3.11841846e-01
    3.02667528e-01 9.35246050e-01 8.41154158e-01 3.36989611e-02
    5.15393436e-01 1.18409967e+00 -8.08210015e-01 -1.89241812e-01
    -5.73234081e-01 -4.01052199e-02 -1.56220971e-02 1.60000503e+00
    8.52160931e-01 6.02602124e-01 1.02832651e+00 -2.55692303e-01
    1.18867385e+00 -8.15918207e-01 -4.27235246e-01 4.07173961e-01
    7.95490384e-01 -4.65974480e-01 -2.30761439e-01 6.20279729e-01
    -6.74918413e-01 -7.68361151e-01 1.16783452e+00 9.13843334e-01
    9.23665285e-01 -7.61848450e-01 2.31631488e-01 3.27998042e-01
    1.45869064e+00 2.27404714e-01 -8.12328219e-01 1.77048787e-01
    5.78246295e-01 1.24374557e+00 -5.72794564e-02 1.42358637e+00
    1.06269169e+00 1.74236432e-01 3.46851982e-02 1.69016206e+00
    5.25280356e-01 1.14832354e+00 -7.59977818e-01 -4.62696552e-01
    1.39798328e-01 -4.20209497e-01 7.64304698e-02 -5.84932446e-01
    9.27053154e-01 -3.96007486e-02 -4.41900164e-01 1.76372755e+00
    9.18930471e-01 -4.31630671e-01 -4.52033252e-01 2.43565828e-01
    -3.44381750e-01 -8.37271869e-01 1.55154705e+00 4.38602775e-01
    1.76849768e-01 1.05164135e+00 -8.41664255e-01 -1.41312897e-01
    -1.41140401e-01 5.37811756e-01 1.46664524e+00 1.36609149e+00
    1.03573140e-03 1.73025882e+00 1.58070886e+00 1.36499941e+00
    8.95252451e-03 4.93737996e-01 7.73757994e-02 -7.42204726e-01
    -4.98246372e-01 1.58652484e+00 -3.41588408e-01 1.67608213e+00
    1.69911397e+00 2.62293309e-01 -6.22406960e-01 1.67982090e+00
    1.54412746e+00 -3.96960020e-01 1.59958649e+00 -6.54909074e-01
    -2.48651743e-01 -3.34928513e-01 1.45126164e+00 5.92785478e-01
    1.30162466e+00 1.57700968e+00 -3.61921489e-01 1.14998007e+00
    -1.24200918e-01 1.27964425e+00 4.31864917e-01 1.19717658e+00
    1.59275091e+00 1.32417154e+00 -8.91134962e-02 7.89881468e-01
    1.72714606e-01 1.75346911e+00 1.79105210e+00 8.50909948e-01
    2.44083717e-01 6.79113030e-01 4.39512789e-01 -7.57983148e-01
    -5.35548210e-01 9.64424074e-01 -2.84653574e-01 7.66474903e-01
    -5.66372991e-01 -1.29034489e-01 -3.64282340e-01 -1.18351884e-01
    -1.52488723e-01 1.61740828e+00 4.65034880e-03 8.94370675e-02
    1.53460181e+00 7.54699409e-01 5.40578067e-01 -1.18341878e-01
    8.61119777e-02 1.85599136e+00 9.83814057e-03 8.83711781e-03
    1.41741705e+00 -1.50567889e-01 1.64322996e+00 -7.00014234e-01
    2.96151787e-01 1.72157097e+00 4.22019154e-01 1.05078864e+00
    -8.01380932e-01 1.17611682e+00 1.16777909e+00 1.52263951e+00
    -6.78370178e-01 1.71290827e+00 1.17371523e+00 9.43111122e-01
    6.04142010e-01 -5.86531043e-01 1.01406062e-02 1.25650942e+00
    -7.74389625e-01 1.33700728e+00 8.14945936e-01 3.59927088e-01
    5.05916595e-01 3.57892811e-02 -3.02776784e-01 1.33935201e+00
    -6.38230264e-01 -2.32336327e-01 8.15682560e-02 5.14435768e-01
    5.70137322e-01 -4.96209174e-01 5.96383214e-01 1.47716343e+00
    6.19858027e-01 6.01523519e-01 8.54763687e-02 8.79670739e-01
    3.41412246e-01 8.26150656e-01 1.87408280e+00 1.01650274e+00
    7.46625960e-01 9.40989554e-01 -1.90538839e-01 9.56217766e-01
    1.75135100e+00 1.05320835e+00 7.60298550e-01 -6.73535585e-01
    1.35946798e+00 4.70998973e-01 -2.15803474e-01 -4.04186279e-01
    1.82796860e+00 5.44969916e-01 8.21492434e-01 5.91869771e-01
    9.90446627e-01 9.73237813e-01 4.17101443e-01 1.11341512e+00
    1.66150939e+00 -6.27878368e-01 1.15390646e+00 -4.26676452e-01
    1.13937676e+00 4.04311508e-01 1.12677026e+00 1.64008129e+00
    1.33394003e+00 2.94395238e-01 3.82667929e-01 1.25513041e+00
    -3.38405758e-01 1.41337588e-01 8.42113018e-01 8.99947286e-01
    -1.86072484e-01 3.83144736e-01 7.56258249e-01 1.47258908e-01
    1.27958643e+00 1.59794593e+00 -1.79022983e-01 4.81097072e-01
    7.72617280e-01 -9.13320705e-02 1.51919335e-01 1.86662865e+00
    -2.43168503e-01 -6.44315630e-02 -7.80271530e-01 1.68277979e+00
    -5.54917276e-01 -2.24613607e-01 2.57859975e-01 -1.64162368e-01
    -2.93545842e-01 -5.43458343e-01 -8.34886357e-03 1.17173731e+00
    1.61295331e+00 1.64297795e+00 -2.77246069e-02 -4.20668185e-01
    2.10969746e-01 5.12288630e-01 -6.31125629e-01 1.70542479e+00
    1.15812218e+00 1.75469190e-01 -3.08139443e-01 -6.65433288e-01
    1.24615657e+00 1.50985444e+00 8.53052974e-01 1.18510224e-01
    1.46386909e+00 9.75955844e-01 5.84676266e-01 -7.35451698e-01
    5.75925522e-02 1.02322435e+00 -4.77572113e-01 1.72967184e+00
    7.51707077e-01 -2.42991596e-02 1.77876306e+00 -1.37669563e-01
    2.02642798e-01 2.28500202e-01 7.66901553e-01 1.75340116e+00
    5.75303555e-01 -6.72305822e-01 -2.10447714e-01 1.57946837e+00
    1.22658861e+00 3.13549072e-01 7.15892240e-02 -1.61962509e-01
    3.91608238e-01 -8.74514997e-01 -3.67186144e-02 6.23416126e-01
    -7.01250732e-01 4.73340899e-01 4.68742818e-01 3.17568600e-01
    -7.96331391e-02 -5.14041901e-01 -7.61772394e-01 -1.32032201e-01
    -6.13609254e-01 9.39279914e-01 4.34375226e-01 5.02350509e-01
    1.47556317e+00 -1.36155160e-02 1.09627581e+00 3.73557806e-01
    -5.07763684e-01 -2.14674160e-01 -7.63555586e-01 -5.56923151e-01
    1.43348479e+00 8.95182848e-01 2.50885308e-01 1.62762630e+00
    1.07504570e+00 1.31067681e+00 -7.85861790e-01 -4.18036014e-01
    9.57928538e-01 8.50537345e-02 3.98084611e-01 1.01560700e+00
    6.29708529e-01 -8.30779850e-01 1.85319528e-01 8.18057835e-01
    -1.24681771e-01 -3.58897716e-01 8.24619234e-01 1.55517769e+00
    5.72640836e-01 1.59835196e+00 -4.58044827e-01 6.68886006e-01
    1.09710455e+00 1.66912365e+00 -4.82784003e-01 2.69838572e-01
    6.17740273e-01 2.28785858e-01 -7.85250187e-01 1.20081544e+00
    9.97570992e-01 1.31767201e+00 1.29063204e-01 5.58610976e-01
    1.54703665e+00 1.08860588e+00 -8.07919726e-03 -2.65602559e-01
    1.72290847e-01 1.33618987e+00 1.62000275e+00 1.04685616e+00
    3.78383435e-02 -6.85875952e-01 1.41604519e+00 1.87384796e+00
    2.95466840e-01 1.10106361e+00 8.31199646e-01 1.78165233e+00
    -3.74647945e-01 -2.29611427e-01 1.63097727e+00 2.47296631e-01
    1.07232046e+00 -6.52869493e-02 -7.88232446e-01 2.02854753e-01
    -7.25919366e-01 -7.02805519e-01 6.46088362e-01 9.85609829e-01
    9.93404508e-01 -8.49316493e-02 1.77491200e+00 1.16303372e+00
    1.35309696e+00 4.51916099e-01 -7.15424567e-02 3.70618373e-01
    2.01497719e-01 -1.40677452e-01 -3.76748154e-03 1.32833648e+00
    -6.63252324e-02 -5.08152962e-01 1.83493745e+00 1.85226882e+00
    3.64283741e-01 4.12889838e-01 9.31785405e-01 6.27610683e-01
    1.01922894e+00 1.38907480e+00 1.10772204e+00 7.14621007e-01
    -3.17602247e-01 -7.43539333e-01 -3.57374042e-01 -6.39257967e-01
    -5.17180702e-03 -1.57792076e-01 1.76163876e+00 1.14838958e+00
    -3.35900597e-02 -5.87571263e-01 1.36571491e+00 -1.75969034e-01
    1.15151441e+00 1.45620763e-01 2.19869122e-01 -4.24974084e-01
    -7.49529243e-01 4.87096995e-01 -3.46323341e-01 1.76817286e+00
    1.06429085e-02 1.78294921e+00 6.48960769e-01 1.54260850e+00
    -3.22090417e-01 3.76483917e-01 1.63529754e+00 3.50095749e-01
    1.47481263e+00 -1.64426729e-01 1.05040705e+00 9.86173868e-01
    8.50755274e-01 1.41292083e+00 -1.88160449e-01 1.00588346e+00
    2.94149488e-01 3.99800837e-01 -8.45359266e-01 6.83549166e-01
    9.58062530e-01 -2.87937671e-01 1.15051174e+00 7.96737224e-02
    1.83599162e+00 -3.20499428e-02 9.94645119e-01 9.32896256e-01
    -7.07618773e-01 1.61917567e+00 1.54806685e+00 1.41688776e+00
    1.68753922e-01 5.12028933e-01 -2.74093002e-01 1.00835443e+00
    1.41659260e+00 -3.19385618e-01 1.76170039e+00 -4.63921487e-01
    1.59162712e+00 5.55671811e-01 -8.23836863e-01 1.66459322e+00
    3.46021920e-01 1.90706515e+00 -6.73726320e-01 -1.21182665e-01
    4.93053287e-01 1.65371096e+00 -2.98298389e-01 7.96582043e-01
    1.12342201e-01 2.18140364e+00 -2.30411179e-02 1.28504384e+00
    -4.97327149e-01 1.07002699e+00 1.73450246e-01 9.36993241e-01
    -8.26682329e-01 5.01538336e-01 4.89218384e-01 -3.91183525e-01
    -2.61671215e-01 -1.03258006e-02 -5.96098863e-02 -3.81386876e-01
    6.85857117e-01 1.07895696e+00 1.36908591e+00 1.43005192e+00
    -4.50853288e-01 8.35318387e-01 6.37597382e-01 4.61118698e-01
    -1.17145717e-01 -2.84695029e-01 -3.83789390e-01 7.21049190e-01
    -8.36667538e-01 5.46840370e-01 1.02097404e+00 -4.24450219e-01
    -2.51750678e-01 -1.26891688e-01 1.86362624e+00 1.12380493e+00
    -4.86611336e-01 -3.87219578e-01 1.17585218e+00 1.77521944e+00
    -2.76993454e-01 7.11737812e-01 -4.07863945e-01 5.03994107e-01
    3.69938254e-01 1.25210166e+00 -9.85458642e-02 -8.35561082e-02
    1.49451447e+00 6.38692379e-01 3.33953530e-01 5.85397661e-01
    -5.16429663e-01 1.60177374e+00 1.18059564e+00 1.40394080e+00
    9.22639817e-02 -6.61721826e-01 -5.45346379e-01 5.39591789e-01
    -9.05290782e-01 1.47240365e+00 1.62882066e+00 1.47758746e+00
    1.38041186e+00 3.42000008e-01 1.18938339e+00 -1.61777645e-01
    3.73250008e-01 2.34641179e-01 5.76977134e-01 1.00642288e+00
    -3.29364568e-01 6.82663500e-01 1.70078158e+00 1.71179855e+00
    -7.79619753e-01 1.56585455e+00 5.59526011e-02 -3.60291213e-01
    1.53374553e+00 1.22077799e+00 -2.40256712e-02 7.70404100e-01
    -8.17386866e-01 1.39583278e+00 -7.76135385e-01 1.84792268e+00
    3.16716880e-01 1.41134679e+00 1.30396068e+00 -7.44320214e-01
    6.36216462e-01 9.95449007e-01 1.74274445e+00 3.49696338e-01
    -6.16531670e-01 -5.91852069e-01 -1.07734978e-01 8.90851021e-01
    8.56267035e-01 -1.61782742e-01 1.21527863e+00 4.30260748e-01
    -7.76414514e-01 -2.01512992e-01 -4.48859543e-01 -2.59513587e-01
    -2.78126206e-02 1.48477817e+00 -7.30558395e-01 9.98072267e-01
    1.04963565e+00 -6.16073847e-01 5.17884672e-01 1.15698373e+00
    1.22301173e+00 -2.43620887e-01 1.86062467e+00 1.01220918e+00
    8.70580554e-01 -7.09138572e-01 2.47735471e-01 2.73266077e-01
    1.37489283e+00 -8.56795967e-01 4.68287677e-01 -6.08739734e-01
    2.62261808e-01 2.40730971e-01 5.27643621e-01 5.80342948e-01
    1.05117404e+00 1.69679657e-01 6.36138499e-01 1.18586183e+00
    3.65354151e-01 9.17392015e-01 4.23386514e-01 1.28189158e+00
    5.19109964e-01 1.28900576e+00 1.93802118e-01 1.73064041e+00
    -3.82327437e-01 1.99118957e-01 -5.55240929e-01 9.11036015e-01
    9.56399739e-01 1.20314586e+00 -7.81001389e-01 -7.69100070e-01
    8.19163620e-01 1.30063164e+00 6.84801817e-01 7.38752544e-01
    -1.35902986e-01 1.21780610e+00 1.32439315e+00 1.68265224e+00
    -7.63977289e-01 1.42765367e+00 1.57138574e+00 7.50003010e-02
    1.24257791e+00 1.77829003e+00 1.23336363e+00 4.78361636e-01
    1.31793213e+00 5.38021624e-01 2.67388076e-01 1.17381608e+00
    3.44938785e-01 8.80074680e-01 1.70482123e+00 -6.84425175e-01
    1.42148703e-01 1.63456237e+00 -9.74330455e-02 7.84963012e-01
    1.57711112e+00 1.31750703e+00 6.70987427e-01 -8.16213608e-01
    -7.15541065e-01 -2.51874089e-01 -3.14352602e-01 5.69629610e-01
    -6.59229577e-01 1.22749031e+00 -4.10197049e-01 1.56513131e+00
    1.51017439e+00 1.30887723e+00 -7.04660937e-02 6.04418159e-01
    7.49368668e-02 1.33667493e+00 4.65643197e-01 9.86290991e-01
    8.79400194e-01 1.97601259e-01 6.37051880e-01 3.05309687e-02
    8.85634124e-01 9.58350480e-01 -1.16940297e-01 -1.45176172e-01
    -6.16015553e-01 3.54675800e-01 1.74502325e+00 2.39306435e-01
    1.25142670e+00 4.71866071e-01 1.62028968e+00 1.37104034e-01
    7.39011645e-01 1.57593572e+00 7.01221347e-01 1.27974105e+00
    6.26064301e-01 -8.02903473e-01 9.83860791e-01 -4.05990392e-01
    -4.83763635e-01 -6.02839470e-01 1.68709683e+00 -3.47452648e-02
    -4.09920901e-01 1.75730109e+00 -5.94951920e-02 1.56307387e+00
    -1.54391319e-01 -3.68366867e-01 7.76433349e-02 -7.84941494e-01
    3.08012635e-01 -3.37796301e-01 -6.63260579e-01 9.24018502e-01
    -6.38454199e-01 8.30157697e-01 -1.49433747e-01 3.50052804e-01
    1.32607985e+00 1.45342040e+00 -4.89198893e-01 -2.23472923e-01
    1.29003060e+00 1.92974079e+00 2.86467403e-01 1.74960089e+00
    1.54668045e+00 1.47221124e+00 -6.82232976e-02 1.94607913e+00
    1.79199052e+00 6.67564690e-01 7.15885162e-01 4.79094148e-01
    1.36116898e+00 5.18113911e-01 -3.46291929e-01 7.81375289e-01
    3.01318198e-01 -7.43154705e-01 -7.56101981e-02 -2.52268523e-01
    1.37634408e+00 2.92241454e-01 -7.47995138e-01 -2.16358244e-01
    -3.51783633e-01 1.19552922e+00 -7.39649057e-01 5.81748784e-01
    1.38597536e+00 4.23315167e-01 3.13306630e-01 9.65897202e-01
    9.85598743e-01 -5.88641584e-01 9.19203579e-01 1.60638320e+00
    8.74199927e-01 1.76617348e+00 -1.50982380e-01 8.09292793e-01
    -2.95779228e-01 5.80958247e-01 3.42266977e-01 4.31475937e-01
    -4.25386101e-01 -2.71843910e-01 -4.83609945e-01 -2.80002832e-01
    8.65403712e-01 -1.82309896e-01 -6.70642972e-01 7.53623605e-01
    8.50294650e-01 -4.45282996e-01 -2.31942222e-01 -3.19591641e-01
    1.58474076e+00 7.62152448e-02 -3.84508610e-01 -1.92651786e-02
    4.65111285e-01 -5.02051175e-01 8.10105979e-01 -7.92781770e-01
    -8.89375627e-01 5.40486991e-01 -1.00123093e-01 -5.65204978e-01
    1.32763481e+00 1.27973783e+00 7.97785997e-01 -5.38289249e-01
    1.06718934e+00 8.09264779e-01 -7.30043888e-01 7.29131758e-01
    -8.99428964e-01 1.68658769e+00 1.27594316e+00 -6.08152859e-02
    -1.78417385e-01 -5.40745616e-01 6.83328956e-02 1.08105648e+00
    -7.04770207e-01 7.73175001e-01 1.59381711e+00 -3.74788105e-01
    1.41997680e-01 1.33627987e+00 1.04246092e+00 1.54535985e+00
    5.19831181e-01 1.81901693e+00 1.71485078e+00 6.00920796e-01
    1.62930691e+00 1.68710613e+00 -5.42869493e-02 1.48092151e+00
    -4.28623527e-01 -2.13657379e-01 1.93672925e-02 7.97291338e-01
    5.68966866e-01 -7.81080365e-01 -6.15543485e-01 2.49230564e-01
    7.93035448e-01 2.16660470e-01 1.72247052e+00 2.42164165e-01
    -4.58474874e-01 -2.64607102e-01 8.11530471e-01 5.68659961e-01
    2.06704289e-01 4.71965708e-02 1.02388799e+00 1.58289242e+00
    -5.52741826e-01 4.41810846e-01 2.00538605e-01 -8.25623095e-01
    1.26492667e+00 1.32892907e+00 3.66153747e-01 1.72495222e+00
    -6.07293487e-01 -2.79956609e-01 8.14908445e-02 1.72932613e+00
    8.67919862e-01 -5.77795863e-01 1.09091926e+00 9.51558232e-01
    1.55261767e+00 1.64468992e+00 3.90121251e-01 4.52053457e-01
    1.02787948e+00 1.16352916e+00 -7.45922625e-02 4.69445974e-01
    1.27530837e+00 -7.28741705e-01 7.71802425e-01 -8.58946741e-01
    -6.83478117e-02 -9.40940231e-02 6.77592218e-01 1.05297267e+00
    1.39254701e+00 1.27562535e+00 1.79109406e+00 5.86847305e-01
    8.85111749e-01 1.19550213e-01 -5.47503352e-01 3.85337979e-01
    5.77062309e-01 1.55018413e+00 1.18850219e+00 1.13877952e+00
    8.40216279e-01 -6.73689470e-02 -7.59556770e-01 1.80786118e-01
    -4.07338351e-01 6.88986659e-01 3.84128168e-02 1.52863216e+00
    1.03402078e+00 6.04919910e-01 1.57215685e-01 6.45837307e-01
    3.28848064e-01 6.93649948e-01 1.65938413e+00 1.41284525e+00
    8.42884183e-01 -2.74485052e-01 1.59417868e+00 7.50614524e-01
    1.33245552e+00 5.41905999e-01 1.61302078e+00 1.72388363e+00
    2.73133039e-01 1.06109083e+00 1.27860260e+00 1.06905818e+00
    3.49271268e-01 2.35381499e-01 -6.21979460e-02 -2.66657829e-01
    5.45859277e-01 3.24839234e-01 -7.73018599e-01 7.60056019e-01
    7.84536839e-01 4.12329972e-01 2.94712394e-01 -4.91843045e-01
    -1.40331864e-01 -6.32286370e-01 3.58998477e-02 2.67546296e-01
    5.55631071e-02 -5.19178033e-01 1.05174041e+00 -2.06266150e-01
    1.81411743e-01 1.27890956e+00 2.22927690e-01 7.30034828e-01
    1.00372219e+00 1.01008844e+00 -7.05313385e-01 8.32243562e-01
    1.57920241e+00 -1.88483968e-01 -6.21356428e-01 -1.73243478e-01
    1.39515364e+00 6.87736213e-01 5.25694311e-01 1.83075547e+00
    1.23763084e+00 -6.42097056e-01 1.32982779e+00 9.51033771e-01
    -7.70770788e-01 -8.07617605e-01 -8.16561431e-02 6.90473020e-01
    2.04504073e-01 1.15804684e+00 -3.12298059e-01 7.59973526e-01
    -5.65622114e-02 8.31318915e-01 2.47366339e-01 1.85142159e-01
    6.43558621e-01 5.21328568e-01 1.75411582e-01 1.47869825e+00
    -8.19526851e-01 4.33469087e-01 1.68756330e+00 1.79479373e+00
    9.37586248e-01 -1.06078252e-01 6.18754923e-01 6.17886007e-01
    1.70941567e+00 5.74861825e-01 -9.32102278e-02 -2.35970706e-01
    8.21589887e-01 -2.48791948e-01 -5.94407273e-03 9.31818426e-01
    5.97073615e-01 1.50568455e-01 7.87737846e-01 1.33095336e+00
    1.65447012e-01 9.62106109e-01 1.40152490e+00 -5.19395769e-01
    2.13803053e-01 8.68138433e-01 6.87810659e-01 8.65768552e-01
    -4.52853411e-01 1.74883986e+00 1.76910722e+00 1.62363246e-01
    1.79771268e+00 1.03143620e+00 -8.59792352e-01 1.07183146e+00
    1.14693797e+00 1.21896136e+00 -6.20533049e-01 1.10935259e+00
    -1.55594843e-02 -6.55687690e-01 1.13996017e+00 -2.44713813e-01
    1.56579590e+00 3.85923654e-01 4.57639724e-01 1.80557656e+00
    1.81347072e+00 7.96856999e-01 -4.78700191e-01 -7.99340129e-01
    9.34710085e-01 2.31519416e-01 1.95828035e-01 1.84564877e+00
    1.23665071e+00 -4.73762164e-04 1.17237198e+00 8.80459666e-01
    8.14294219e-01 3.60342026e-01 -6.47549868e-01 1.12011731e+00
    1.71690321e+00 -6.89641312e-02 -7.51267254e-01 -3.51551980e-01
    9.21770573e-01 6.10095263e-01 1.01345289e+00 1.50164247e+00
    1.35640574e+00 -5.85562468e-01 3.86159152e-01 1.80628622e+00
    -7.83757150e-01 1.56310701e+00 -3.14453095e-01 1.42376173e+00
    -2.46614479e-02 -6.24156594e-01 8.41482058e-02 1.04964137e+00
    1.68585241e+00 1.23640811e+00 7.50996351e-01 1.02131590e-01
    1.80006552e+00 -5.48915744e-01 6.56565368e-01 5.76181054e-01
    -8.28204572e-01 -1.26739651e-01 8.76022652e-02 1.92948595e-01
    1.51765847e+00 1.87408507e+00 2.71332830e-01 8.28399479e-01
    -6.96033314e-02 1.46917772e+00 9.01195705e-01 1.04903615e+00
    -6.42337680e-01 8.88375938e-01 1.82485604e+00 2.05119327e-01
    1.59664750e-01 2.60358274e-01 -7.77401170e-03 1.22453678e+00
    1.69680798e+00 7.61737943e-01 1.08308589e+00 -8.23540688e-02
    1.90969360e+00 -6.42499745e-01 6.50075972e-01 -6.15810454e-01
    1.77078021e+00 -3.52068059e-02 7.77357042e-01 1.48605466e+00
    1.10149598e+00 -6.53591156e-01 2.12097824e-01 2.34418884e-01
    8.11978221e-01 -7.75956094e-01 2.52549291e-01 1.23078108e+00
    1.16124976e+00 8.64497840e-01 1.65687099e-01 1.85279667e-01
    -2.56721042e-02 -2.10460559e-01 6.48280442e-01 1.78561485e+00
    1.65397954e+00 2.94217825e-01 1.46036065e+00 8.48253012e-01
    9.91430521e-01 1.61754918e+00 1.62808573e+00 4.58831429e-01
    -8.05356681e-01 5.25847316e-01 1.12463713e+00 1.08054471e+00
    1.79452121e+00 -1.50138170e-01 1.84970737e+00 8.71529877e-01
    4.79674071e-01 -8.17637503e-01 -5.16616046e-01 4.99399841e-01
    1.45236209e-01 1.21618819e+00 -3.88494045e-01 -6.18917495e-02
    8.93774390e-01 7.46777654e-02 8.84261787e-01 1.05445758e-02
    1.76265073e+00 -5.36704361e-01 8.65771063e-03 1.41956663e+00
    2.00249627e-01 -2.70795614e-01 7.73631513e-01 1.19457030e+00
    1.54250443e+00 -1.90818593e-01 1.06637764e+00 1.46214378e+00
    6.66292086e-02 -8.05397511e-01 1.83455229e+00 -5.09121537e-01
    -5.36822498e-01 1.30221438e+00 1.00990593e+00 3.21788400e-01
    -2.21917033e-01 1.06778157e+00 -3.20003629e-01 1.48192692e+00
    -4.23153818e-01 -4.35166001e-01 -8.39595616e-01 1.53424311e+00
    1.64716923e+00 -2.68869907e-01 -2.13917978e-02 4.85717915e-02
    -5.29078245e-01 5.01632154e-01 1.65195632e+00 6.34795725e-01
    1.53290212e+00 -3.71305496e-01 9.81774777e-02 -7.45277703e-01
    -1.50605246e-01 2.69012481e-01 1.28288567e+00 1.07513797e+00
    1.88778663e+00 1.53976560e+00 1.29896605e+00 3.40957761e-01
    3.00816447e-01 1.21394682e+00 -5.48774600e-01 -2.21521378e-01
    2.28932589e-01 1.55262077e+00 -8.36507499e-01 -4.50369567e-01
    1.58044732e+00 1.79520404e+00 -5.24466932e-01 -1.57884985e-01
    9.08879817e-01 -4.95188892e-01 3.55759829e-01 5.72818756e-01
    -2.85684824e-01 1.37601984e+00 1.71149027e+00 5.70903480e-01
    -1.45275041e-01 1.72958732e+00 2.86887735e-01 1.70148540e+00
    -7.23271668e-01 9.71761227e-01 5.85487902e-01 1.59465504e+00
    5.00493646e-01 -6.97024405e-01 7.29331791e-01 1.35168791e+00
    5.89074612e-01 6.30431890e-01 1.26195359e+00 -5.02977431e-01
    8.18189800e-01 7.74038672e-01 5.34813941e-01 1.27149713e+00
    -4.88244712e-01 -3.45386267e-01 5.19241929e-01 1.06773305e+00
    1.34642816e+00 1.27429152e+00 6.17335796e-01 7.78311849e-01
    -4.16184902e-01 4.62552726e-01 1.32256436e+00 -6.94574296e-01
    6.86124682e-01 -8.44330415e-02 3.95162672e-01 1.50150347e+00
    1.96969390e+00 6.68314874e-01 3.30834091e-01 -4.73555148e-01
    3.04788321e-01 1.32491839e+00 8.63879383e-01 -3.57502371e-01
    7.57203639e-01 7.98351586e-01 7.74326384e-01 -1.88424021e-01
    7.67357588e-01 1.45703661e+00 -5.38050175e-01 1.08231926e+00
    4.71476644e-01 2.46808439e-01 6.43092334e-01 -6.96528852e-01
    1.58461237e+00 8.35881233e-01 1.31354904e+00 6.92171514e-01
    6.69773996e-01 1.01768339e+00 1.47678566e+00 1.62946010e+00
    3.51495415e-01 -5.92274070e-01 1.21751511e+00 8.19042563e-01
    1.77984774e+00 8.56792569e-01 1.44920313e+00 1.61482131e+00
    1.81163442e+00 1.35509801e+00 -7.16452658e-01 9.98495102e-01
    4.36718464e-01 -6.72299504e-01 6.38929963e-01 1.00770020e+00
    1.74911630e+00 -1.65036425e-01 1.52630508e+00 -2.43749857e-01
    1.53273869e+00 9.27962542e-01 -5.95812678e-01 5.18399477e-03
    -1.39127105e-01 1.01667356e+00 1.67289293e+00 -4.59399492e-01
    -2.01464802e-01 1.45886540e+00 6.21382535e-01 6.90839827e-01
    7.16405988e-01 1.64787102e+00 -1.25744345e-03 -6.88886881e-01
    -1.48289293e-01 1.71918726e+00 6.56958640e-01 1.69484448e+00
    3.53903204e-01 1.54764450e+00 7.07572401e-01 1.53849924e+00
    1.66269100e+00 1.32556558e+00 -7.73009360e-01 3.25830281e-02
    8.23958367e-02 1.88215220e+00 -4.45299506e-01 -4.76233125e-01
    1.41890275e+00 6.87471986e-01 1.14324796e+00 1.17654547e-01
    -1.47776917e-01 -8.22973549e-01 9.29020107e-01 1.76553464e+00
    8.59192014e-01 -7.32349455e-01 4.52136815e-01 7.97014475e-01
    1.06171811e+00 -2.83911288e-01 4.27265823e-01 -1.02620833e-01
    -4.93580729e-01 9.19985890e-01 1.16296649e+00 5.57577670e-01
    -3.10423747e-02 -7.31195748e-01 5.16179264e-01 1.02384714e-02
    1.64554727e+00 1.20547318e+00 5.21125257e-01 -6.37927234e-01
    -7.08641946e-01 -1.50285572e-01 -1.99222505e-01 3.42297219e-02
    1.82499778e+00 -8.70333761e-02 1.50732946e+00 1.29030198e-01
    1.57538640e+00 -3.55392039e-01 1.92005277e-01 3.30366462e-01
    7.09040642e-01 8.91071022e-01 1.78872097e+00 9.40839112e-01
    3.05347800e-01 -3.76807123e-01 1.62947440e+00 4.67483401e-01
    1.43591881e+00 9.89362657e-01 1.46740127e+00 1.02148890e+00
    1.23027456e+00 -3.28277320e-01 1.35466409e+00 -8.47541630e-01
    7.96058059e-01 -5.41072488e-01 2.93212980e-01 -8.43724608e-01
    3.90300751e-01 1.01898682e+00 -3.43344688e-01 -6.82194710e-01
    1.03771114e+00 3.27550530e-01 6.15149498e-01 7.23428488e-01
    1.36838043e+00 1.44791722e+00 -7.24086165e-01 5.12355566e-01
    -6.04533494e-01 1.67162490e+00 -4.67232615e-01 1.73416698e+00
    -7.27908462e-02 -6.48338422e-02 1.29380897e-01 9.98748004e-01
    1.47857940e+00 1.31117368e+00 1.63027620e+00 1.04352736e+00
    -2.78697908e-01 1.56907368e+00 -3.49656977e-02 -4.91895825e-02
    -6.73402607e-01 2.04861894e-01 -6.42240465e-01 6.30476177e-01
    -6.77255213e-01 1.77148139e+00 3.13381404e-01 -5.55792630e-01
    9.13374662e-01 -3.66221279e-01 1.30527723e+00 -7.47274041e-01
    5.09104133e-01 -6.40364647e-01 1.28266776e+00 9.78506684e-01
    1.44652724e+00 1.43899488e+00 -1.93022624e-01 8.63873661e-01
    1.75918245e+00 5.34265697e-01 -2.43893281e-01 -2.02708960e-01
    1.85646391e+00 1.14731896e+00 1.84541523e+00 -4.97697443e-02
    4.39446032e-01 -3.04525822e-01 1.57890916e-01 1.53147936e+00
    5.75533032e-01 1.18531275e+00 5.59324443e-01 2.53245890e-01
    -2.47119471e-01 1.41726661e+00 7.72915542e-01 -5.18505812e-01
    4.02843058e-01 -2.67873585e-01 -5.92045560e-02 1.24148238e+00
    1.68051040e+00 8.94832790e-01 -3.04403096e-01 -3.21370542e-01
    -1.50868624e-01 1.49586487e+00 1.56541336e+00 1.16736531e+00
    -4.17922169e-01 -4.21453938e-02 1.79946983e+00 1.41000688e+00
    1.17559469e+00 1.22663081e+00 1.36920661e-01 1.21919227e+00
    1.79292572e+00 8.13257039e-01 3.93926591e-01 9.44718003e-01
    5.99948466e-01 -6.66476130e-01 1.51864231e-01 8.57336760e-01
    -2.69153833e-01 3.51128429e-02 1.04430842e+00 4.90223557e-01
    2.03201711e-01 5.77062108e-02 1.22686720e+00 1.00504148e+00
    1.77130580e+00 -7.59909987e-01 -2.19877705e-01 2.15272054e-01
    2.49837935e-01 1.15579283e+00 8.99057448e-01 -4.09630537e-02
    1.99617112e+00 2.03246021e+00 1.80032277e+00 -5.95148467e-02
    -1.08242162e-01 4.10838991e-01 1.03102481e+00 -1.57128759e-02
    -6.56515658e-02 -5.81543803e-01 1.26793385e+00 1.03891301e+00
    8.61905932e-01 3.65599811e-01 1.69288933e+00 -7.41189659e-01
    1.83271825e+00 -4.54598755e-01 1.56701398e+00 -2.34931353e-02
    1.97046623e-01 -6.26708567e-01 1.63253772e+00 1.10951853e+00
    8.61163199e-01 2.40646243e-01 3.07503998e-01 1.55254579e+00
    1.48528337e+00 3.24773371e-01 -7.90837049e-01 -4.84180361e-01
    1.00014615e+00 1.36832428e+00 2.97672689e-01 5.50843358e-01
    8.89465749e-01 1.01564670e+00 1.08730388e+00 8.48346800e-02
    1.88483274e+00 7.84074128e-01 -7.22059429e-01 5.11073291e-01
    5.90917647e-01 3.78979892e-01 1.30492091e+00 1.19979656e+00
    -7.76472449e-01 1.74565673e+00 -2.89293472e-02 1.60202205e+00
    1.45885730e+00 -2.54624665e-01 4.89703208e-01 3.33880365e-01
    2.01471567e-01 -5.70913255e-01 -1.62698641e-01 -4.46852475e-01
    1.24264121e+00 1.35143614e+00 -6.87881038e-02 1.71118844e+00
    -5.56431055e-01 1.20256424e+00 -3.13925356e-01 1.13526940e+00
    1.56470466e+00 1.27408683e+00 1.69767272e+00 1.32895613e+00
    4.42585498e-01 1.08402514e+00 -2.96628118e-01 -6.08144403e-01
    7.94158876e-01 -7.17397213e-01 -7.82901227e-01 1.31659865e+00
    -6.89166009e-01 1.50780571e+00 9.86236930e-01 5.19294381e-01
    1.62741721e+00 9.29474473e-01 1.67388690e+00 5.01251876e-01
    -4.57759470e-01 -4.49282706e-01 1.75678384e+00 -7.18917977e-03
    5.11481762e-01 -5.46539247e-01 -1.07466266e-01 5.05623400e-01
    9.28644180e-01 1.49930239e+00 1.22104935e-01 5.17266154e-01
    1.05670846e+00 -5.54643035e-01 1.33378178e-01 -7.89550066e-01
    1.35616577e+00 -1.40262634e-01 -6.50047183e-01 1.55472851e+00
    1.34956494e-01 -4.39601243e-01 7.03908145e-01 -2.05584869e-01
    -2.66833454e-01 1.52193913e-02 3.71623486e-01 2.07468584e-01
    -6.52592540e-01 1.42334354e+00 -5.02838969e-01 -4.51308228e-02
    8.66696656e-01 5.86233199e-01 1.01357114e+00 -4.73174453e-02
    1.31402934e+00 -1.50422379e-01 7.36877024e-01 -1.63979948e-01
    5.94173551e-01 -5.42909443e-01 1.67639866e-01 1.81632590e+00
    1.47481894e+00 1.62737715e+00 1.10259008e+00 1.28259993e+00
    -6.50469899e-01 -5.06965518e-01 6.11979783e-01 1.33170116e+00
    1.56611729e+00 -5.56339920e-01 1.68530256e-01 4.35041159e-01
    -6.74380362e-01 -5.57286680e-01 8.81594658e-01 -6.09244287e-01
    6.07349873e-01 -6.12077296e-01 8.80306900e-01 -2.92286396e-01
    -7.57861555e-01 -4.55598265e-01 1.72083402e+00 1.63937414e+00
    1.57464832e-01 1.16436124e+00 -3.73594314e-01 1.14482021e+00
    -4.79297899e-03 1.74305630e+00 4.11962003e-01 1.44153857e+00
    -1.94689929e-02 9.82752979e-01 5.41067719e-01 -7.60695994e-01
    -6.80307567e-01 1.56405127e+00 7.69589722e-01 1.33705342e+00
    -3.37067753e-01 2.61094153e-01 1.35139084e+00 -8.29415262e-01
    1.42160869e+00 4.32920158e-01 4.34810907e-01 2.74929516e-02
    7.66904950e-02 8.32266033e-01 -3.97018582e-01 -7.37759411e-01
    1.11244571e+00 -3.35363895e-02 6.79052293e-01 -2.43209481e-01
    2.86348104e-01 3.23385835e-01 -2.79947639e-01 5.94023764e-01
    5.69442153e-01 1.55402303e+00 7.57065058e-01 1.14465427e+00
    -1.77858293e-01 1.75814819e+00 1.39803779e+00 -6.20878220e-01
    9.79056895e-01 1.05013728e+00 -8.39979589e-01 -5.84478915e-01
    5.59180081e-01 3.88524890e-01 6.28412887e-02 8.29321325e-01
    9.76978660e-01 -3.85350697e-02 1.52005494e+00 1.65560150e+00
    1.88552094e+00 4.92191255e-01 -8.79025236e-02 -6.56147778e-01
    -2.86112666e-01 7.29998767e-01 4.23369855e-01 1.53261018e+00
    3.53203475e-01 1.85163128e+00 -2.97290891e-01 6.32244349e-01
    -5.97748041e-01 1.04877138e+00 1.73443103e+00 7.67313480e-01
    -6.58943236e-01 4.88495827e-03 1.25602171e-01 -6.57615781e-01
    -4.45744663e-01 -7.68549919e-01 1.96346283e-01 6.47505939e-01
    1.29504550e+00 8.39686275e-01 1.39795365e-02 -3.39359164e-01
    1.40019691e+00 -8.93171370e-01 7.72907495e-01 1.18366790e+00
    1.37376118e+00 1.53902304e+00 1.75239944e+00 7.78557718e-01
    -2.26610467e-01 2.11137235e-01 1.39526808e+00 7.00717568e-01
    -2.15711340e-01 1.69287467e+00 -5.73174238e-01 1.29697955e+00
    1.20332325e+00 2.14427376e+00 1.13140512e+00 1.79306316e+00
    5.19368291e-01 1.80393648e+00 -5.79077452e-02 8.65912855e-01
    7.15664029e-01 1.92444846e-01 -3.31640631e-01 -2.52011091e-01
    1.43228710e+00 5.17647862e-01 1.81498826e+00 1.19757068e+00
    9.29012656e-01 1.60952485e+00 5.81789434e-01 3.74953300e-01
    -7.82140434e-01 1.77952218e+00 1.62925708e+00 7.56959200e-01
    1.20547414e+00 7.94946432e-01 -7.52626181e-01 2.67041177e-02
    -2.28298098e-01 2.88375407e-01 7.00852633e-01 1.49059916e+00
    1.64876854e+00 1.43201447e+00 1.32955104e-01 9.22646970e-02
    -7.45269656e-02 1.33045658e-01 -3.08597267e-01 -3.39199424e-01
    3.70079964e-01 -3.85130942e-02 -8.24933529e-01 -5.04429102e-01
    1.28616941e+00 -2.90511847e-01 -4.58655775e-01 8.59545469e-01
    1.56638968e+00 1.21419561e+00 6.02551410e-03 -6.48668036e-02
    7.58447409e-01 5.13972223e-01 1.81898010e+00 3.57155383e-01
    8.41803312e-01 -2.50768363e-01 -7.13407755e-01 1.82023144e+00
    -2.08637089e-01 -8.02938282e-01 2.70172715e-01 1.40568590e+00
    1.17896843e+00 1.54719651e-01 1.60285556e+00 -7.16758192e-01
    8.09005916e-01 -6.03703499e-01 1.78377378e+00 1.92216799e-01
    1.66143239e+00 1.23954678e+00 1.69011700e+00 1.37000179e+00
    2.18226284e-01 -3.67173940e-01 7.31463850e-01 1.63586986e+00
    2.96102256e-01 -7.85923898e-01 1.67473400e+00 7.54899740e-01
    4.43178833e-01 6.21099710e-01 8.05335462e-01 1.48848569e+00
    -8.69958401e-01 1.55035770e+00 5.73180020e-01 -2.73290277e-02
    8.65175903e-01 1.07809961e+00 7.38993883e-01 -8.04225385e-01
    9.60086286e-01 -7.50515640e-01 -4.41246718e-01 3.52671415e-01
    1.70088804e+00 4.60672319e-01 -3.45293701e-01 8.60611498e-01
    1.87562227e+00 1.08491373e+00 -2.82146394e-01 9.02816236e-01
    9.66665864e-01 1.39477104e-01 4.51772660e-01 1.16876376e+00
    -5.05790830e-01 -2.78999329e-01 1.70670867e+00 1.15006603e-01
    7.88862184e-02 1.15070522e+00 1.89643252e+00 1.64134741e+00
    1.18053806e+00 4.13457841e-01 4.50643867e-01 1.88771737e+00
    8.66187736e-02 1.34034824e+00 1.44727612e+00 -7.43914247e-01
    -5.69821179e-01 2.51865447e-01 1.79966938e+00 5.33899128e-01
    1.23015022e+00 1.18277490e+00 9.56928551e-01 6.97713733e-01
    1.20098269e+00 -2.07532644e-01 1.67456675e+00 1.68480802e+00
    1.42311287e+00 1.73439944e+00 6.72566533e-01 1.80554903e+00
    5.65566540e-01 -2.50976235e-01 -8.43333125e-01 -7.49277890e-01
    -3.92145485e-01 1.72294176e+00 8.48234296e-01 1.81897953e-01
    1.57238901e+00 6.46673322e-01 5.16302139e-02 -8.45991850e-01
    7.54906535e-01 1.28472102e+00 1.08058855e-01 1.43406343e+00
    1.08241990e-01 -7.06806600e-01 -1.62337884e-01 -5.70839047e-01
    -5.11115193e-01 1.30821705e+00 -5.70302606e-01 1.59440970e+00
    1.77589035e+00 1.68275201e+00 -6.61128402e-01 -1.10237338e-01
    -4.02633369e-01 -5.91704190e-01 2.00115144e-01 -4.11564857e-01
    1.58432746e+00 1.59446669e+00 -3.05821419e-01 1.17684174e+00
    -1.45509228e-01 9.91769493e-01 6.64277852e-01 -1.95260838e-01
    -7.06568826e-03 1.32742620e+00 -5.83727419e-01 1.62005877e+00
    -2.96135932e-01 2.60363556e-02 1.07272398e+00 7.45462596e-01
    -1.28198877e-01 2.54243761e-01 1.45014846e+00 5.81774712e-01
    1.16798472e+00 -1.88688487e-01 1.68593541e-01 3.06073993e-01
    3.70803446e-01 6.19045436e-01 1.97005674e-01 1.32415998e+00
    1.21568990e+00 1.42730606e+00 2.66812369e-02 1.13931227e+00
    1.08655179e+00 2.66226977e-02 1.29613042e+00 1.27750289e+00
    8.57877672e-01 1.12239063e+00 5.35797775e-01 -7.29699910e-01
    4.57172245e-01 5.76831460e-01 -7.03526974e-01 3.10240060e-01
    2.27650896e-01 4.44798470e-01 7.59383261e-01 -8.38553011e-01
    -4.86462504e-01 8.86487367e-04 2.01456159e-01 1.14020038e+00
    1.68602610e+00 -5.36806583e-01 1.33638132e+00 8.57975185e-01
    4.54411924e-01 1.71472394e+00 1.75557101e+00 -5.08748174e-01
    4.13149208e-01 1.74294066e+00 1.52907419e+00 1.41447520e+00
    -2.91201502e-01 1.62783599e+00 -1.17907703e-01 -7.77344525e-01
    -7.52952099e-01 -2.82224059e-01 1.59838057e+00 2.90544610e-02
    1.39113867e+00 -8.73465121e-01 -6.34185851e-01 9.86984253e-01
    1.46798623e+00 1.52063632e+00 -5.23803473e-01 -4.60884362e-01
    2.07008195e+00 1.62200534e+00 -4.72174108e-01 -5.54502420e-02
    2.43108094e-01 -3.26912612e-01 1.16694033e+00 3.36783350e-01
    1.31812823e+00 1.15245676e+00 -3.75014693e-01 -4.21685100e-01
    9.91294861e-01 1.77044702e+00 1.17135155e+00 1.17663431e+00
    -4.32969451e-01 1.83887720e+00 1.48701325e-01 1.29112542e+00
    5.40511720e-02 9.02730525e-01 -9.26182866e-02 8.61082256e-01
    8.60114753e-01 6.84345126e-01 -4.86395925e-01 3.91915441e-01
    1.79711068e+00 1.79833639e+00 -4.62062359e-01 9.92348194e-01
    7.07226992e-01 1.74106956e+00 -5.10800898e-01 3.25642169e-01
    9.82402325e-01 -2.28862002e-01 -2.04716817e-01 5.97721934e-01
    1.77244079e+00 7.07822561e-01 -6.95112765e-01 -5.35840869e-01
    -6.96068645e-01 -7.48305917e-01 -3.34214658e-01 4.78476644e-01
    4.10883158e-01 6.87104821e-01 2.89510209e-02 7.44321525e-01
    6.71788156e-01 1.75373030e+00 5.64354181e-01 1.79573619e+00
    1.36331129e+00 1.17909379e-01 6.52679265e-01 2.98040479e-01
    1.45793211e+00 1.14784348e+00 1.61595479e-01 5.16097844e-01
    1.36597276e+00 1.31166494e+00 1.34391940e+00 1.38019097e+00
    1.62551594e+00 1.02102304e+00 4.91386324e-01 1.47822142e+00
    4.53872532e-01 4.22949791e-01 -4.14026141e-01 1.75646961e-01
    1.31998968e+00 1.81583858e+00 3.07445735e-01 7.19643295e-01
    1.76049876e+00 1.04101467e+00 -3.40187341e-01 9.01823223e-01
    1.27695179e+00 5.41491024e-02 5.16847260e-02 2.46755965e-03
    -4.57832128e-01 -4.00507301e-01 -7.72576630e-01 -5.74568570e-01
    -4.12009507e-01 8.25322270e-01 4.44849789e-01 1.13619268e+00
    1.73968121e-01 -2.09816203e-01 1.58217263e+00 3.61725122e-01
    -9.30598304e-02 1.40334082e+00 1.85512960e+00 -2.17409451e-02
    1.78252399e+00 1.35820627e+00 7.35586464e-01 8.35122094e-02
    1.10286927e+00 -6.61099628e-02 1.27279985e+00 1.24189734e+00
    9.71240044e-01 7.68690526e-01 1.71751618e-01 -4.18052167e-01
    1.57469720e-01 1.17925370e+00 1.27844644e+00 1.09962797e+00
    -2.42791608e-01 -8.12392592e-01 1.27767241e+00 1.75628924e+00
    8.23323667e-01 2.58268595e-01 1.78805649e-01 1.12649345e+00
    1.13469869e-01 5.70231438e-01 9.33730781e-01 1.33095682e+00
    2.25154355e-01 9.73921120e-01 -2.35989079e-01 1.72241658e-01
    -1.04270011e-01 -1.89086556e-01 -8.38514864e-01 -5.70573747e-01
    5.03511131e-01 -3.03483993e-01 -5.15804291e-01 -5.08883409e-03
    7.63678551e-03 3.99347752e-01 9.55889761e-01 -4.53933738e-02
    7.96398342e-01 -3.65744054e-01 1.66339374e+00 -5.47776401e-01
    -7.08560944e-01 1.24666405e+00 1.16653705e+00 9.45174336e-01
    -8.34118605e-01 -6.81727409e-01 1.19513655e+00 -3.38842958e-01
    -6.89471811e-02 5.17676055e-01 1.74281919e+00 1.63376522e+00
    7.63674080e-02 -5.82878590e-01 -4.01509441e-02 1.34121442e+00
    -8.74764845e-03 -1.75072044e-01 -8.27253044e-01 1.37841761e+00
    -7.01565325e-01 -4.11842555e-01 1.52009630e+00 1.29748559e+00
    2.92000145e-01 2.23839790e-01 6.24373198e-01 1.44714820e+00
    -2.11024210e-02 -6.91280127e-01 1.68152794e-01 1.14378488e+00
    -1.03366695e-01 -6.53761625e-01 1.67053342e-01 9.55018520e-01
    -3.51853579e-01 6.60987258e-01 1.38604307e+00 -4.25756663e-01
    6.41254961e-01 5.69265604e-01 -8.01283658e-01 1.25318432e+00
    6.49529755e-01 -3.01318735e-01 1.64062607e+00 -8.16869020e-01
    -3.85004133e-01 8.89186084e-01 4.43634510e-01 -1.00014329e-01
    1.75489390e+00 -3.49912375e-01 4.96591210e-01 -7.51834571e-01
    -5.62552452e-01 9.33569595e-02 -5.60996950e-01 -6.37407601e-01
    -5.52862398e-02 1.27381003e+00 3.29586357e-01 8.43782127e-01
    1.84313726e+00 4.38169569e-01 -1.50972560e-01 -3.29799712e-01
    -2.29797944e-01 -6.39667034e-01 1.31164455e+00 5.83170295e-01
    -4.00405467e-01 -4.23921406e-01 1.39934435e-01 -2.01916412e-01
    1.21092582e+00 -4.19345498e-01 -6.75219834e-01 1.83436739e+00
    1.14035702e+00 -8.79075408e-01 -5.72102964e-02 7.91793823e-01
    -2.72457987e-01 -1.70473561e-01 6.80532694e-01 -2.11282283e-01
    1.32467091e+00 9.69025731e-01 1.98968619e-01 1.26784587e+00
    -8.66506696e-01 -8.32163572e-01 -8.05398300e-02 1.14202762e+00
    1.46172559e+00 1.48570549e+00 -8.54566753e-01 8.91503155e-01
    -8.17234933e-01 -1.55858502e-01 5.33302762e-02 1.92682493e+00
    4.73809868e-01 1.66997707e+00 2.85897315e-01 1.70534003e+00
    2.28517532e+00 1.86279738e+00 1.70145464e+00 1.89247799e+00
    -5.10509193e-01 1.65125000e+00 -3.62325817e-01 1.13435090e+00
    -1.91090509e-01 -2.32355908e-01 -1.11151025e-01 1.81634057e+00
    4.35281634e-01 5.78269839e-01 1.12384080e-03 1.09268832e+00
    1.61972308e+00 -2.67072290e-01 -6.88644886e-01 8.15371275e-01
    -5.72508752e-01 3.74747425e-01 -1.90986395e-01 1.48634720e+00
    1.08342957e+00 1.29500878e+00 -7.34441638e-01 -6.56979620e-01
    8.53963733e-01 -1.49097994e-01 -2.94802696e-01 -7.06017435e-01
    1.60067046e+00 1.29675519e+00 -5.17380297e-01 8.29979539e-01
    1.35317731e+00 6.88490212e-01 -1.17530957e-01 -4.63003308e-01
    5.60004413e-02 -2.16109455e-01 1.37888598e+00 4.14247625e-03
    6.40796721e-01 1.50315776e-01 3.38543206e-01 1.81389773e+00
    1.36347759e+00 1.81527519e+00 -6.24022245e-01 7.70298541e-01
    7.06662953e-01 1.64235389e+00 -2.18476743e-01 -3.32411706e-01
    1.64341414e+00 9.11081612e-01 1.76448989e+00 1.04240119e+00
    1.77596176e+00 2.81260937e-01 -7.14669943e-01 4.79736328e-01
    9.61687803e-01 -5.82062900e-01 9.95619535e-01 -5.58653772e-01
    -3.71147275e-01 -6.72797263e-01 9.48269606e-01 -2.61163890e-01
    -3.72328877e-01 1.11260962e+00 4.25392300e-01 1.18793893e+00
    -5.15907645e-01 2.71542281e-01 1.53597510e+00 -7.95120478e-01
    1.05128489e-01 1.82702470e+00 7.59913802e-01 -6.65031552e-01
    6.22302711e-01 -4.73260552e-01 1.78913867e+00 -4.50150371e-01
    6.29008234e-01 2.46771574e-02 5.67467332e-01 1.36952043e+00
    -1.05706610e-01 4.68592979e-02 -7.81109095e-01 1.30993152e+00
    -8.11657086e-02 -2.45676681e-01 -3.48615915e-01 -4.34467010e-02
    -6.38316631e-01 3.43509048e-01 3.33995193e-01 3.21587265e-01
    1.63744700e+00 -3.79681438e-01 1.10936129e+00 1.80874392e-01
    4.63590100e-02 1.16203773e+00 1.82578146e+00 1.55831838e+00
    7.85744429e-01 1.26542747e-01 1.78207767e+00 -4.09643948e-02
    1.56037545e+00 -6.25449240e-01 1.05442500e+00 1.86564875e+00
    -1.64631486e-01 5.13890147e-01 4.87607360e-01 1.27581394e+00
    -1.79146096e-01 -5.63582718e-01 1.01101063e-01 -2.71782190e-01
    1.03624642e+00 -4.99562681e-01 -6.28762543e-02 -2.27768630e-01
    -4.83051509e-01 3.68910193e-01 6.30113780e-01 2.27644935e-01
    7.59423137e-01 1.40668535e+00 4.63107377e-01 6.52374148e-01
    -2.55227149e-01 7.18187094e-01 1.94681168e-01 -5.66257894e-01
    -9.59566310e-02 5.14397085e-01 -8.33085775e-01 1.44071841e+00
    9.90529120e-01 -2.69019216e-01 -8.07063222e-01 4.64312255e-01
    -7.75277138e-01 3.08962166e-02 -4.29447256e-02 -2.77303487e-01
    2.85753578e-01 3.15341741e-01 -2.79793501e-01 -9.19988215e-01
    -1.77088037e-01 1.46777368e+00 1.18596494e-01 1.03559442e-01
    -6.79614663e-01 1.09691763e+00 1.18791258e+00 1.70118913e-01
    5.44529796e-01 1.14393854e+00 -3.09332490e-01 -1.62412345e-01
    4.41761881e-01 5.34315467e-01 1.64784336e+00 -4.50733811e-01
    1.55743802e+00 1.23099737e-01 8.45466673e-01 1.21472776e+00
    1.37786698e+00 1.03632045e+00 2.14155629e-01 1.50359535e+00
    5.57547033e-01 -4.88511473e-01 6.66184425e-01 -6.05785191e-01
    -8.53852868e-01 1.35159969e-01 -7.18839407e-01 -1.63311422e-01
    1.14690542e+00 -4.96746227e-03 4.41045821e-01 -3.81435752e-02
    -8.24836671e-01 -5.41143239e-01 1.62495852e+00 3.20919603e-01
    2.88534284e-01 3.27336520e-01 1.80579472e+00 2.46339470e-01
    1.31737006e+00 1.13655055e+00 3.31373751e-01 -1.03310443e-01
    6.40496910e-01 1.85851479e+00 -6.39499784e-01 -6.63199604e-01
    1.65462911e+00 -7.42805600e-01 -1.47145063e-01 -8.32175910e-01
    9.27367210e-01 2.26790488e-01 -8.21973443e-01 -1.66786954e-01
    8.35826278e-01 1.79480386e+00 -3.61382604e-01 4.87232506e-01
    -4.18401837e-01 1.66712737e+00 1.26229405e+00 9.05257046e-01
    -2.35106468e-01 -4.46044236e-01 4.70290840e-01 4.17362064e-01
    1.74359632e+00 -5.09655811e-02 -8.39688957e-01 6.59292936e-01
    6.43857300e-01 1.50456190e+00 -5.38258135e-01 -3.42488647e-01
    4.23801392e-02 2.71987230e-01 1.74479055e+00 -2.64625221e-01
    1.44912871e-02 3.24221671e-01 4.82897878e-01 8.89406562e-01
    6.29792688e-03 1.22850156e+00 4.60151404e-01 1.47102535e+00
    1.19299018e+00 4.82618839e-01 9.47955310e-01 2.22467160e+00
    1.33040380e+00 2.50763744e-01 -4.46112931e-01 6.46686435e-01
    3.09343964e-01 -4.23491359e-01 1.79673958e+00 1.45232618e+00
    9.95837808e-01 5.85804224e-01 1.68317580e+00 -4.88803059e-01
    5.44651687e-01 1.36237586e+00 3.24459583e-01 1.09718990e+00
    -2.33074158e-01 1.72939634e+00 3.18947673e-01 1.77174985e+00
    6.53936386e-01 1.29236519e+00 1.13668156e+00 1.71767044e+00
    8.42741504e-02 8.64826739e-01 6.93035722e-02 1.39237690e+00
    6.97705984e-01 1.41703582e+00 1.13718200e+00 4.74949777e-01
    -5.62818289e-01 4.24215049e-01 1.60452127e+00 2.87347645e-01
    -4.75012183e-01 5.34827292e-01 3.53735954e-01 9.87413287e-01
    6.82472646e-01 -4.92412955e-01 7.04053640e-01 1.57851791e+00
    1.05241418e+00 1.34557754e-01 1.60726786e-01 -1.33025646e-01
    -2.64255702e-01 -1.16158143e-01 1.89497799e-01 -6.27743483e-01
    -2.82300979e-01 2.52371505e-02 -3.24934334e-01 7.74562776e-01
    1.43283439e+00 1.02144611e+00 1.03146815e+00 1.24503589e+00
    -2.56907672e-01 9.95438099e-01 -6.91751957e-01 -7.37304688e-01
    1.77034843e+00 -3.42984706e-01 1.15393603e+00 -2.06493080e-01
    -9.06735659e-01 -3.37835342e-01 -6.77330852e-01 1.83599269e+00
    7.16484129e-01 8.51768613e-01 -3.56579304e-01 1.18387377e+00
    1.11036026e+00 1.54550508e-01 -4.14091423e-02 -2.02826381e-01
    1.08701181e+00 1.76112488e-01 -5.41010797e-01 1.58829510e+00
    -1.72557518e-01 -9.00020480e-01 5.27360499e-01 1.56871665e+00
    7.85256624e-02 -4.05095339e-01 6.31559312e-01 6.25438392e-02
    1.13721299e+00 1.44777989e+00 3.88357751e-02 1.73636818e+00
    -1.02369115e-01 1.73207438e+00 1.73842180e+00 -2.72822469e-01
    1.31074178e+00 6.45729542e-01 -8.20922375e-01 -6.68862045e-01
    -7.07899451e-01 5.86157143e-01 1.53309560e+00 -4.07842755e-01
    3.90792280e-01 -5.70360839e-01 -5.89666478e-02 6.88964920e-03
    4.55908656e-01 -5.76348960e-01 4.28065360e-01 -2.11785473e-02
    9.50293601e-01 1.69369653e-01 1.48887396e+00 7.37031460e-01
    1.87544182e-01 -3.08843106e-01 1.47727281e-01 1.72575390e+00
    1.33288229e+00 2.59669662e-01 1.11644065e+00 5.36815822e-01
    -6.18144311e-02 -2.50786781e-01 1.43746996e+00 1.39349684e-01
    1.47134101e+00 6.93438768e-01 6.04047716e-01 -6.51893020e-01
    -4.52245921e-01 8.19415987e-01 -6.52120769e-01 1.59824443e+00
    -3.15610290e-01 8.51933658e-01 1.74879372e+00 1.05236709e+00
    6.14261031e-01 -1.35032758e-01 1.81722558e+00 3.19733769e-02
    4.59640950e-01 5.59024364e-02 -5.67985177e-02 6.39647067e-01
    2.67673135e-01 4.07255292e-01 1.20553464e-01 1.63933504e+00
    3.39026392e-01 1.33208358e+00 -1.38274372e-01 9.08553123e-01
    1.82111144e+00 1.70047247e+00 1.69077659e+00 9.21693742e-01
    1.14667881e+00 -4.36143219e-01 1.76111090e+00 1.51888490e+00
    3.60919714e-01 4.48309809e-01 7.61304677e-01 -3.10896605e-01
    1.23364401e+00 -3.87514606e-02 8.43761146e-01 1.54702973e+00
    1.66830754e+00 -6.86349273e-01 5.38638234e-01 7.82984555e-01
    1.01952708e+00 -5.98703921e-01 2.82011360e-01 2.27969110e-01
    1.41682959e+00 -1.34269282e-01 -2.32421812e-02 1.86242819e+00
    1.05726384e-01 5.89576423e-01 1.37144983e+00 5.10636628e-01
    -4.94710058e-01 1.48147833e+00 -6.52914643e-01 -6.81330919e-01
    8.07532191e-01 3.51135403e-01 -7.01726913e-01 -4.73740280e-01
    3.56761426e-01 2.23106518e-01 1.21352220e+00 -1.48519814e-01
    9.73175704e-01 -7.69892275e-01 1.56024837e+00 1.00094426e+00
    -3.32718790e-01 1.12442410e+00 6.04936898e-01 1.60849094e+00
    -2.08623201e-01 -7.91826785e-01 -6.37828767e-01 8.58421624e-01
    -1.61525518e-01 -9.73087251e-02 1.80745733e+00 8.08206379e-01
    -5.20239949e-01 1.41891170e+00 1.61476123e+00 -7.13522881e-02
    -3.97379488e-01 8.92600417e-01 5.02773702e-01 4.07260597e-01
    -7.57739902e-01 -8.93879294e-01 1.33362365e+00 1.58476067e+00
    7.43033230e-01 -2.02716235e-02 1.54077423e+00 1.49743354e+00
    8.34013641e-01 1.59144923e-02 -6.37503922e-01 6.64647937e-01
    -2.89330453e-01 5.97560823e-01 -5.39911807e-01 -2.52432555e-01
    -7.42163181e-01 7.93914080e-01 -4.60278332e-01 -5.14833808e-01
    -5.48336744e-01 1.33884656e+00 4.41653252e-01 -5.12143850e-01
    6.49775922e-01 3.86722654e-01 9.22483444e-01 6.95775032e-01
    1.52684939e+00 4.55884963e-01 1.23608744e+00 1.96015167e+00
    -2.98819572e-01 6.45866692e-01 -3.79640818e-01 1.68485367e+00
    1.24097943e+00 -2.06540510e-01 -2.93120921e-01 1.78065789e+00
    6.52732551e-01 -8.74510825e-01 -5.32229066e-01 1.43196356e+00
    1.24759138e+00 -5.11225641e-01 6.42200232e-01 1.11355722e+00
    1.50820935e+00 -5.34258604e-01 -5.55682123e-01 1.14917815e+00
    9.54025269e-01 -5.39585590e-01 2.43498847e-01 -5.41300833e-01
    1.01257920e+00 -8.00890625e-01 -2.64359768e-02 4.13225204e-01
    -8.39676678e-01 -6.38390422e-01 1.74835825e+00 1.67149150e+00
    -2.19133854e-01 5.72193980e-01 8.57793331e-01 -6.49097323e-01
    -3.73439968e-01 1.70816004e+00 1.62689686e+00 -3.35584879e-01
    3.17348301e-01 -2.16431186e-01 1.41040075e+00 5.34248054e-01
    1.28705645e+00 1.83063197e+00 -2.17743769e-01 6.08373463e-01
    -2.94461191e-01 -4.09231305e-01 1.19784355e+00 1.24253082e+00
    -5.98319113e-01 3.44885260e-01 -5.97570956e-01 -7.02894330e-01
    1.21857142e+00 -7.07354009e-01 9.99847233e-01 -6.95668638e-01
    -4.75649148e-01 1.27452517e+00 1.41535807e+00 1.74423599e+00
    1.07638836e+00 -7.12031603e-01 4.33695801e-02 8.89380932e-01
    1.38691998e+00 -7.44994223e-01 4.57910717e-01 2.83457100e-01
    -2.37854928e-01 1.21722770e+00 -8.97429109e-01 1.79821444e+00
    1.74234021e+00 -8.35005522e-01 -6.46646202e-01 9.49595794e-02
    -9.86620132e-03 2.25380182e-01 -3.04382928e-02 1.15886283e+00
    1.31194615e+00 -2.84663469e-01 -7.00722754e-01 1.33831298e+00
    -5.91397107e-01 9.06416237e-01 7.72442102e-01 1.77789128e+00
    -5.44875823e-02 -8.27308372e-02 4.52953815e-01 1.80770814e+00
    -4.19009387e-01 -5.94199598e-01 -2.58544266e-01 3.38967651e-01
    1.64072120e+00 5.83442152e-01 1.09516695e-01 -1.65611237e-01
    1.74401820e-01 -1.31897228e-02 5.72494138e-03 1.58748627e+00
    -4.50710356e-01 1.31868112e+00 1.84198081e+00 -6.42482042e-01
    1.85678232e+00 -6.46113455e-01 -6.48894012e-01 1.72621131e-01
    -8.08457196e-01 -3.47129941e-01 6.60701275e-01 -8.62524450e-01
    -1.91988364e-01 -2.66905963e-01 8.93563330e-01 -1.22096330e-01
    -6.27838373e-01 1.62123752e+00 1.31200328e-01 1.46990418e+00
    -7.47413874e-01 3.80232841e-01 9.54297781e-01 7.43053973e-01
    5.74500263e-02 -6.91213846e-01 -4.25590545e-01 9.25330400e-01
    1.64660197e-02 -1.03413545e-01 1.79066563e+00 -7.90998518e-01
    1.34625280e+00 4.75900084e-01 -1.53320163e-01 -3.45613211e-01
    1.46577287e+00 6.64821267e-02 1.81894720e+00 1.87881362e+00
    6.93555415e-01 -8.59483540e-01 1.17251539e+00 -8.90870094e-01
    -5.02208062e-02 1.15987432e+00 7.39984691e-01 -6.21059537e-02
    1.11930370e+00 -6.56674922e-01 6.74832404e-01 1.01066208e+00
    5.38376510e-01 -4.98405725e-01 7.26585686e-02 -8.28534484e-01
    1.08532882e+00 1.16832688e-01 9.60319281e-01 1.56764555e+00
    2.43515760e-01 1.49736261e+00 -3.80193517e-02 9.95617390e-01
    1.44743466e+00 1.26841456e-01 9.53968346e-01 4.94476557e-01
    -6.18969835e-02 1.78904903e+00 1.25880551e+00 -6.77672327e-01
    -8.53851259e-01 5.68436384e-01 1.22900918e-01 1.18722074e-01
    1.44859314e+00 1.23242581e+00 1.54612815e+00 -3.51918250e-01
    -7.30834246e-01 1.04525471e+00 7.80903935e-01 -6.49051189e-01
    -4.55313116e-01 4.62631579e-04 2.34963298e-01 -6.98679209e-01
    5.12360394e-01 1.09038019e+00 -2.78494149e-01 1.04157650e+00
    7.43537307e-01 -3.63849103e-01 -2.41274118e-01 8.19414139e-01
    1.64911425e+00 1.54867327e+00 -5.53883970e-01 1.84877980e+00
    -5.02786577e-01 -4.88297015e-01 3.48507524e-01 1.86087430e-01
    -8.32424283e-01 -6.83319688e-01 6.27069533e-01 1.40153456e+00
    -1.70866951e-01 -7.35659242e-01 1.04254973e+00 -6.24135613e-01
    1.33518159e+00 3.02487612e-01 -4.80321050e-01 -8.90077874e-02
    -7.91101098e-01 1.40749013e+00 7.31459498e-01 1.64200068e+00
    3.37072611e-01 1.01993930e+00 -3.16705227e-01 1.16283894e+00
    -6.82284355e-01 1.76714504e+00 3.23786110e-01 9.83518124e-01
    1.66464984e+00 6.59652114e-01 -7.83712983e-01 1.08083475e+00
    -3.83498311e-01 1.07547331e+00 2.80222416e-01 1.63890076e+00
    -6.73427045e-01 3.50679994e-01 -5.09074390e-01 -2.23466083e-01
    1.71241021e+00 1.00269890e+00 1.64419734e+00 2.06131506e+00
    4.90554035e-01 5.41915148e-02 1.01914954e+00 1.91885304e+00
    6.51504576e-01 -3.45131040e-01 -6.25446200e-01 -5.36208153e-01
    -6.99430048e-01 -4.23761427e-01 1.56403112e+00 6.42024517e-01
    5.92154443e-01 6.63052261e-01 7.08027780e-01 6.50328398e-02
    -3.78770947e-01 1.63182795e+00 -7.20655143e-01 -5.85130692e-01
    -1.92042425e-01 1.42250299e+00 -2.06905250e-02 1.84318471e+00
    -5.07896766e-02 -2.48341545e-01 -6.57839477e-01 1.51547396e+00
    9.83988822e-01 4.05272841e-01 -5.30302823e-01 -8.14248979e-01
    5.23674607e-01 1.35492265e+00 1.71503234e+00 -4.17083986e-02
    1.30909514e+00 -7.81326413e-01 -4.08143699e-01 1.40668476e+00
    7.75076985e-01 -4.47184354e-01 4.71421957e-01 -5.04638612e-01
    4.91094232e-01 1.36498713e+00 2.50707418e-01 1.13891208e+00
    -7.40974665e-01 1.37573802e+00 6.29515350e-02 1.14399803e+00
    1.67851686e+00 4.83860970e-01 -6.24553502e-01 -1.27977803e-01
    5.01925349e-01 2.56254494e-01 1.35448551e+00 -8.04729387e-02
    1.02149177e+00 -6.98291123e-01 1.62792265e+00 3.59462261e-01
    1.39195144e+00 -4.62391913e-01 1.27872574e+00 1.69089496e+00
    5.09744883e-01 5.84710166e-02 7.57194281e-01 1.47973645e+00
    4.14052457e-01 1.76516926e+00 -6.52015448e-01 7.68309057e-01
    1.06110454e+00 9.39239681e-01 -4.29762453e-01 2.21119478e-01
    2.22623393e-01 5.68423092e-01 7.44698167e-01 1.40300381e+00
    4.44502532e-01 -6.93449974e-02 1.10220551e+00 1.56119192e+00
    1.71525705e+00 6.45358741e-01 5.65153956e-01 3.11916322e-02
    1.63034451e+00 1.15064073e+00 1.07647622e+00 -8.43062103e-01
    -6.01824284e-01 1.48719692e+00 1.79891872e+00 9.91571069e-01
    1.10793519e+00 -2.72575021e-01 6.78659260e-01 7.73209274e-01
    4.13782835e-01 2.80658126e-01 6.08292520e-01 1.24634564e+00
    8.78850102e-01 1.14320564e+00 -7.69421637e-01 -2.82182366e-01
    1.18000554e-02 1.34588826e+00 -5.38303018e-01 5.33046961e-01
    -6.24978662e-01 7.16817439e-01 1.75119504e-01 -8.33094478e-01
    5.76070547e-01 -2.89871573e-01 3.92295271e-01 2.76926219e-01
    -6.18182302e-01 -3.11191976e-01 1.65535343e+00 -1.32936642e-01
    -4.00510699e-01 1.10699379e+00 -4.39035326e-01 6.57988548e-01
    1.12299728e+00 -9.29218680e-02 -3.07840668e-02 2.04235420e-01
    1.79653645e+00 1.20889866e+00 1.64614961e-01 -8.28176141e-01
    6.52696431e-01 1.74560893e+00 -2.06275150e-01 3.23243856e-01
    6.40193641e-01 5.56569397e-01 -4.41826910e-01 6.11586154e-01
    1.05883217e+00 2.17037082e-01 -7.37429440e-01 -7.43990600e-01
    -5.93112350e-01 1.84080338e+00 4.04460996e-01 2.27284282e-01
    5.99305391e-01 1.14315879e+00 7.14595735e-01 2.16709405e-01
    7.50343084e-01 6.56390786e-02 1.71353674e+00 -5.66450059e-02
    1.53139248e-01 1.51970875e+00 7.22093284e-01 2.65733272e-01
    2.60556698e-01 7.08364666e-01 8.10082495e-01 1.12123048e+00
    1.32682729e+00 1.43956840e+00 1.27752948e+00 -2.87990928e-01
    -6.15948319e-01 1.18010640e+00 1.15634739e+00 -8.92631114e-02
    6.61899000e-02 9.18187559e-01 1.53983581e+00 -4.06308562e-01
    2.34723717e-01 -3.47984970e-01 1.47283018e+00 1.51747227e+00
    1.50274408e+00 1.37345850e+00 1.25193143e+00 -7.70673215e-01
    5.01658857e-01 8.90958250e-01 2.32272997e-01 -3.71432185e-01
    -6.95825875e-01 8.18830132e-01 -5.28260827e-01 -2.93171376e-01
    -7.33764231e-01 6.47596121e-01 9.48532462e-01 -7.06451535e-02
    1.67038012e+00 1.19904411e+00 1.20537376e+00 -8.02051008e-01
    5.91993928e-01 -8.20141137e-01 3.66072148e-01 1.75614178e+00
    1.23305833e+00 9.45443153e-01 -2.00677738e-01 1.04348183e+00
    -2.07834825e-01 1.49896014e+00 1.17403328e+00 -7.45261431e-01
    5.11151314e-01 3.47872257e-01 1.84180582e+00 7.47783005e-01
    6.56725407e-01 8.30449998e-01 5.04469097e-01 1.00000894e+00
    -8.96498680e-01 3.05808514e-01 7.75178254e-01 -3.85045797e-01
    1.55941069e+00 5.15625656e-01 2.09763080e-01 1.14747286e+00
    1.42749631e+00 4.85389143e-01 4.16054308e-01 -4.12395835e-01
    1.16467917e+00 -7.01799631e-01 1.03665662e+00 1.74709332e+00
    1.58202279e+00 -3.29744279e-01 1.63276982e+00 -8.26164842e-01
    7.46132910e-01 2.22386390e-01 1.08659899e+00 1.46535826e+00
    -3.01936008e-02 8.32334876e-01 -7.67751485e-02 1.96522570e+00
    8.47038269e-01 1.48581636e+00 1.58748165e-01 1.34598875e+00
    1.89712536e+00 -2.68860430e-01 1.18992698e+00 5.34235597e-01
    1.67093229e+00 8.15174758e-01 8.48800912e-02 -5.81304431e-01
    -3.76375705e-01 -2.38253802e-01 1.17745984e+00 -4.47557382e-02
    -5.23400545e-01 5.40313780e-01 1.45611525e-01 -5.98550320e-01
    1.19251359e+00 8.82607698e-01 -8.19904029e-01 -2.38084912e-01
    9.82315898e-01 1.48290896e+00 1.43629074e+00 8.48373711e-01
    3.99043597e-02 1.25738287e+00 -1.70614079e-01 -4.57997397e-02
    5.16911805e-01 1.77893651e+00 7.81000495e-01 -2.86399543e-01
    1.06344950e+00 1.54407895e+00 1.48049486e+00 8.03306341e-01
    1.22120178e+00 1.21892177e-01 -4.37323958e-01 4.93886352e-01
    5.42195082e-01 1.48654413e+00 2.53608108e-01 1.41961181e+00
    1.69606233e+00 6.92665339e-01 1.26054096e+00 1.54747117e+00
    9.17747080e-01 1.66291094e+00 1.49081874e+00 -3.78828645e-01
    -1.50007099e-01 1.81791186e+00 -5.70062459e-01 -2.45566010e-01
    -1.52030408e-01 7.37148345e-01 3.00916791e-01 1.15252066e+00
    6.83591247e-01 8.38325679e-01 3.63458395e-01 9.91383612e-01
    1.48273420e+00 -2.85232574e-01 9.24336195e-01 -8.25585246e-01
    1.68215632e+00 -5.06762899e-02 -8.71547520e-01 6.47971094e-01
    8.90236437e-01 3.41719717e-01 7.25564718e-01 -6.63610920e-02
    2.45983377e-01 8.24650228e-01 4.63744581e-01 6.18573666e-01
    1.61860645e+00 1.80295378e-01 4.27725106e-01 1.34183899e-01
    1.01529908e+00 1.70040071e+00 -3.17733884e-02 1.19022655e+00
    9.81975496e-01 5.14932871e-01 1.31536853e+00 1.43247712e+00
    -5.05788386e-01 -5.13004720e-01 -6.30557060e-01 -7.64876723e-01
    -7.47590559e-03 1.67780578e+00 4.10167634e-01 -8.33441734e-01
    3.52188617e-01 -1.42439246e-01 9.51834083e-01 1.20460427e+00
    1.31175995e+00 3.23650032e-01 1.13393748e+00 9.22188461e-01
    -5.67200780e-01 5.85001290e-01 -7.28764892e-01 -5.81210479e-03
    -1.13059208e-01 1.40101600e+00 3.25168312e-01 1.30707812e+00
    -5.92670798e-01 1.27910709e+00 -2.49564245e-01 6.88920021e-01
    -3.51295024e-01 1.45584989e+00 -7.53089726e-01 3.40130806e-01
    1.24421380e-01 -5.15500128e-01 -2.56772846e-01 8.01494062e-01
    1.18494368e+00 -5.38671613e-01 1.64137781e+00 1.12203789e+00
    -2.07268625e-01 -2.50623614e-01 1.45958316e+00 1.52271807e+00
    3.61172594e-02 -4.34511691e-01 -7.82848671e-02 -8.20057809e-01
    1.65621710e+00 5.20089805e-01 -3.82835031e-01 1.76342833e+00
    7.21678019e-01 9.30113792e-02 1.39773500e+00 -6.20162547e-01
    1.67067015e+00 1.59252906e+00 7.95372017e-03 1.77885854e+00
    -4.77032006e-01 8.84845197e-01 1.05099452e+00 -1.53487593e-01
    -2.22492829e-01 1.45265484e+00 9.12672162e-01 7.08923399e-01
    1.37400055e+00 5.97518981e-01 1.69451571e+00 2.49803111e-01
    -4.43896413e-01 -3.90776128e-01 -8.78861189e-01 1.83317745e+00
    1.70382750e+00 -2.79722549e-02 1.16560459e+00 -6.79576933e-01
    1.09467387e+00 -5.63350737e-01 -7.07807019e-02 9.91628349e-01
    7.98829496e-01 5.98730445e-01 1.41661692e+00 1.81251264e+00
    1.83893347e+00 1.81024599e+00 1.69436193e+00 1.76510644e+00
    9.44393218e-01 9.03112411e-01 1.44883108e+00 -7.31427014e-01
    1.12996435e+00 1.36640429e+00 2.58875154e-02 1.82375491e+00
    9.89140570e-02 7.70292222e-01 9.90452111e-01 2.58822888e-01
    1.32251382e+00 1.05453089e-01 -4.02079344e-01 1.65771449e+00
    -6.30505085e-01 -8.47959593e-02 7.01937318e-01 8.55916366e-02
    -1.00723945e-01 -2.06902772e-02 -6.93917155e-01 1.16147971e+00
    5.72165251e-01 2.74938196e-01 7.98196137e-01 2.08669499e-01
    1.85252643e+00 5.87581813e-01 5.99178195e-01 -5.86091757e-01
    1.02222395e+00 1.56980872e+00 7.53616035e-01 1.39809704e+00
    1.60851181e+00 1.15198350e+00 3.56998056e-01 4.07800615e-01
    -7.57564306e-01 1.00988579e+00 4.87049192e-01 1.12572849e+00
    1.59655464e+00 1.69578886e+00 -5.94657362e-01 1.43810570e+00
    -6.75191820e-01 1.77344155e+00 7.88881123e-01 1.54766428e+00
    -1.78222612e-01 2.53540426e-01 8.52798522e-01 6.42155409e-01
    9.06195939e-01 1.12246358e+00 -4.35957462e-01 8.75146687e-01
    1.36464107e+00 1.50838327e+00 -2.89191931e-01 1.53833663e+00
    1.47437286e+00 -2.87174612e-01 2.09460664e+00 2.54351320e-03
    5.87719321e-01 1.89783454e+00 2.16153383e+00 1.19382513e+00
    8.89890373e-01 6.57785118e-01 -2.41104469e-01 -5.88258386e-01
    1.88943291e+00 -5.54543197e-01 -1.93825588e-01 5.11148214e-01
    2.54783928e-01 7.53477931e-01 -7.01448917e-01 1.52351749e+00
    1.30788291e+00 -7.27407157e-01 6.73828065e-01 2.49627441e-01
    2.58982509e-01 1.62162066e+00 1.51532185e+00 7.57101834e-01
    8.25807631e-01 1.84606802e+00 -6.50682449e-01 4.96702105e-01
    -1.56831518e-02 4.72839922e-01 5.43277301e-02 1.78275394e+00
    9.10787165e-01 1.22621047e+00 2.39085078e-01 -4.06133011e-02
    1.01697421e+00 1.98760524e-01 9.30071712e-01 -1.16993994e-01
    -7.57252812e-01 -5.71340382e-01 1.09987164e+00 -5.04082084e-01
    4.08257544e-02 6.96600229e-02 1.41778600e+00 1.74976885e+00
    8.90377700e-01 1.32026064e+00 1.04444444e-01 -3.42229217e-01
    1.14291096e+00 1.51257002e+00 1.55163538e+00 -8.84553075e-01
    -6.28983915e-01 1.11316419e+00 5.45533895e-01 -3.13184291e-01
    3.80397230e-01 1.41238892e+00 -4.14569885e-01 -4.73847628e-01
    -8.94946039e-01 7.28102863e-01 9.98831987e-01 3.37048918e-02
    5.53388000e-01 1.35292757e+00 -7.33869821e-02 -2.37339009e-02
    7.62565851e-01 1.66800797e+00 1.65739477e+00 6.48320198e-01
    8.53705943e-01 -1.74777538e-01 1.74011815e+00 -1.92982182e-01
    1.48496962e+00 -4.19711441e-01 4.82068628e-01 -6.23700082e-01
    -4.07857075e-03 1.28866887e+00 2.55630493e-01 5.99974990e-01
    8.79479825e-01 2.00697735e-01 1.49961960e+00 1.07736444e+00
    1.66688991e+00 8.95014226e-01 -2.90564951e-02 1.94625631e-01
    1.67666364e+00 5.39080918e-01 -7.94964373e-01 -4.50675219e-01
    -6.38233364e-01 -4.28717554e-01 6.01511002e-01 1.63931453e+00
    9.73906934e-01 1.76120758e+00 1.30356383e+00 -6.33995086e-02
    1.25595200e+00 1.24300647e+00 9.28815484e-01 7.37041950e-01
    -8.55425596e-01 1.10375214e+00 -2.94348300e-01 -5.54000795e-01
    1.24543607e+00 1.12352014e+00 -3.16784322e-01 -6.32329658e-02
    -6.66637838e-01 6.39845729e-01 1.07714391e+00 -6.02725804e-01
    5.37496768e-02 5.30819654e-01 -2.27318749e-01 1.65441763e+00
    1.58248842e+00 1.52326620e+00 2.64544487e-01 1.40796065e+00
    5.22970676e-01 8.80090177e-01 1.13491261e+00 1.21397185e+00
    1.50169325e+00 2.78010726e-01 1.70650899e-01 1.45354366e+00
    8.14062834e-01 3.45352024e-01 -3.01366836e-01 8.15097213e-01
    1.47357762e+00 7.45834589e-01 -2.69340187e-01 1.51938629e+00
    1.77981389e+00 -3.85382891e-01 4.34471518e-01 1.86084759e+00
    5.80033183e-01 8.32483590e-01 2.80510992e-01 -1.00463755e-01
    8.17794085e-01 -6.56609893e-01 1.44336510e+00 -6.14917576e-01
    1.04719472e+00 1.33320439e+00 4.19561088e-01 -9.16206166e-02
    4.72420394e-01 -7.24650145e-01 2.07142085e-01 -2.14786381e-01
    8.30008164e-02 1.63127410e+00 8.66030037e-01 4.84252483e-01
    6.65524960e-01 1.85146183e-01 9.13924813e-01 1.52207279e+00
    1.53166091e+00 4.04489249e-01 1.34916008e+00 3.47028673e-01
    1.53273797e+00 1.10317993e+00 -5.15757017e-02 -5.99323392e-01
    3.02797437e-01 -5.13824038e-02 8.91308337e-02 -2.40452603e-01
    3.77657950e-01 1.78337479e+00 -7.05398679e-01 2.94152021e-01
    7.66157508e-01 -1.59227341e-01 1.49845898e+00 1.49807274e+00
    1.51442611e+00 1.18492126e+00 2.65402585e-01 6.09957218e-01
    2.00452358e-01 1.00892353e+00 1.10858428e+00 -8.26060250e-02
    8.34242821e-01 9.39972043e-01 1.20966923e+00 1.17606163e+00
    1.18042386e+00 1.13355792e+00 9.25946087e-02 -2.52807975e-01
    4.97318923e-01 1.90797305e+00 -6.13043785e-01 1.02609897e+00
    1.40324211e+00 1.13405931e+00 3.93718034e-01 1.68508625e+00
    -3.35665166e-01 -2.69026812e-02 1.44225442e+00 9.64271903e-01
    5.60781658e-01 -6.89609051e-02 5.04697502e-01 6.33049726e-01
    9.21269953e-01 -3.37919474e-01 -6.52995944e-01 1.67516601e+00
    7.26534903e-01 1.19734272e-01 3.18689533e-02 1.81866550e+00
    1.49052429e+00 8.67039084e-01 1.44640839e+00 4.50158030e-01
    2.13886395e-01 -3.98934633e-01 -1.98615491e-01 1.29565096e+00
    1.34714878e+00 -3.75999540e-01 1.35838035e-02 9.53901231e-01
    8.10674727e-01 -3.81960809e-01 4.04857725e-01 1.45374751e+00
    -4.58619535e-01 8.32690150e-02 1.31981134e+00 4.36680943e-01
    -1.21895596e-01 9.37018394e-01 1.20868349e+00 2.14438963e+00
    5.58177054e-01 -2.13223457e-01 1.22645390e+00 4.15018499e-02
    7.31518686e-01 -7.85896480e-01 1.63854003e+00 1.26751959e+00
    5.25093125e-03 1.00087547e+00 1.47681916e+00 8.90254021e-01
    1.72316849e+00 1.30164325e+00 -5.88482618e-01 5.20672858e-01
    1.17085028e+00 4.59666401e-01 -2.96349406e-01 9.28876877e-01
    -5.61282933e-01 8.69612768e-02 3.40380371e-01 1.73647928e+00
    -7.05920160e-01 6.72194481e-01 1.06281996e+00 1.22773314e+00
    -7.57030189e-01 1.04995656e+00 4.78497356e-01 1.85734093e+00
    1.65765369e+00 1.54027510e+00 1.06532323e+00 -2.47816011e-01
    1.15867925e+00 -5.22731721e-01 1.87118614e+00 -3.07979822e-01
    3.80507112e-02 8.53178557e-03 -2.70982385e-01 2.90565312e-01
    -6.25793219e-01 1.02702610e-01 1.20926189e+00 1.56269705e+00
    1.23143859e-01 1.17044374e-01 2.10752949e-01 2.13765278e-01
    1.55169106e+00 1.48251116e+00 -2.53379345e-03 1.41801238e+00
    -7.11967349e-01 1.82845926e+00 1.38386851e-03 1.18384159e+00
    9.75658178e-01 5.97204685e-01 5.08811593e-01 1.16791594e+00
    1.69040358e+00 -4.53934491e-01 -3.58845264e-01 3.03563148e-01
    2.53708720e-01 -9.94802490e-02 -4.91068870e-01 1.01905131e+00
    -5.01102209e-01 -4.82314378e-02 7.94214070e-01 1.40988064e+00
    1.43754530e+00 1.47287726e+00 3.66449445e-01 1.71162927e+00
    2.19315886e-01 2.19964720e-02 6.89183772e-01 1.02315438e+00
    1.54263794e+00 -8.93453538e-01 1.72314227e+00 1.48675859e+00
    -5.59648752e-01 9.72615719e-01 -3.62221971e-02 7.23468184e-01
    -5.24384737e-01 -7.57828593e-01 7.20172048e-01 -8.40941370e-01
    6.25389442e-02 6.05698764e-01 2.06618860e-01 1.75797939e+00
    3.88124824e-01 3.07131916e-01 6.84927106e-01 -2.40566045e-01
    1.51006901e+00 1.71586514e+00 -3.48492533e-01 -5.70964575e-01
    -6.10099971e-01 4.66122985e-01 4.86236036e-01 -7.77948022e-01
    2.39103556e-01 9.59799588e-01 6.88871562e-01 -6.62776113e-01
    2.01931670e-01 8.17245692e-02 1.59664822e+00 1.78300261e+00
    -7.16646969e-01 1.37702346e+00 -4.94349033e-01 1.34433985e+00
    5.07417202e-01 7.96474338e-01 -1.85691461e-01 1.17463779e+00
    3.60111564e-01 -5.10944724e-01 1.17802107e+00 -6.39781892e-01
    -8.48502815e-01 2.56377339e-01 2.22053409e-01 1.64522958e+00
    -7.69989967e-01 -2.94339597e-01 1.33181512e+00 -3.16975385e-01
    -2.91153640e-01 1.09980655e+00 5.39921522e-01 7.76881218e-01
    -5.86087108e-01 -7.64347136e-01 6.44376218e-01 1.14106202e+00
    1.55175662e+00 9.02484477e-01 1.47249520e+00 5.69031119e-01
    1.39041436e+00 3.94583829e-02 1.32649016e+00 1.66553342e+00
    1.22318268e+00 1.93764642e-02 1.28269792e+00 8.24791968e-01
    7.11609483e-01 -8.35494816e-01 1.00655770e+00 -6.41414464e-01
    1.33182740e+00 6.78743422e-01 6.75109327e-01 6.33930027e-01
    -1.81270808e-01 1.05582464e+00 1.58750868e+00 1.63144159e+00
    8.45178008e-01 -1.48679018e-01 9.26405728e-01 3.44856530e-01
    -6.78781927e-01 1.36852264e+00 7.21726343e-02 -5.01058042e-01
    4.18115221e-02 1.37812048e-01 -4.67296302e-01 1.19356823e+00
    1.54190087e+00 1.52453887e+00 8.11081588e-01 -5.35071671e-01
    2.48028129e-01 1.62527966e+00 1.62915897e+00 2.41689503e-01
    -4.12506610e-02 -8.48298013e-01 1.76482618e+00 1.38913786e+00
    1.48487568e+00 1.54044175e+00 9.22468066e-01 1.78542697e+00
    8.23489904e-01 1.82761204e+00 1.39303780e+00 -3.54244202e-01
    2.90122509e-01 -1.67973250e-01 2.95118362e-01 1.02895176e+00
    -6.98795319e-01 2.39683375e-01 5.63000679e-01 -3.22748363e-01
    1.46152890e+00 1.13381815e+00 1.35758948e+00 2.04415604e-01
    1.54750311e+00 1.22239697e+00 -8.84079039e-02 7.37626791e-01
    -4.37186897e-01 1.81835151e+00 8.10180187e-01 8.03170800e-01
    7.33849823e-01 1.32357192e+00 5.27387738e-01 1.13313103e+00
    8.35483372e-01 4.69046086e-02 -7.87580013e-01 3.90021175e-01
    2.86167383e-01 2.36970887e-01 -4.40464318e-01 -8.50774050e-01
    1.39126980e+00 -1.31643414e-01 6.95959985e-01 1.74677086e+00
    1.29575241e+00 1.29884005e+00 -5.67863345e-01 -7.03566432e-01
    1.80299783e+00 7.49043226e-01 7.62818217e-01 -5.08512668e-02
    7.67027378e-01 5.04284382e-01 7.32871473e-01 1.89983106e+00
    2.24071193e+00 -4.42491680e-01 1.08405411e+00 1.06046140e+00
    7.85401046e-01 -5.10067105e-01 1.50185272e-01 7.95440555e-01
    -2.68503964e-01 1.47730339e+00 1.17877436e+00 8.71205568e-01
    1.70510066e+00 -3.04797411e-01 1.03452170e+00 1.64547339e-01
    -3.47521454e-01 1.21768020e-01 -2.55995274e-01 9.65603441e-02
    1.58135772e+00 -7.74097085e-01 4.20755565e-01 -2.69989103e-01
    -5.74178755e-01 1.47654736e+00 1.34496546e+00 -2.86352783e-01
    1.19440866e+00 1.81261730e+00 -5.92873275e-01 1.07081461e+00
    1.16189396e+00 6.75021410e-01 3.24453592e-01 5.13329983e-01
    1.31968641e+00 -6.27466962e-02 -2.01441839e-01 1.40374005e+00
    2.31359020e-01 1.72189426e+00 -1.21580116e-01 1.41560197e+00
    -3.86312008e-01 1.74401045e-01 -4.56639677e-01 1.89433920e+00
    -8.32660347e-02 3.16133976e-01 -1.65203109e-01 4.42727685e-01
    1.62571943e+00 -6.43547112e-03 1.78528953e+00 5.76949656e-01
    3.47992182e-01 5.18620670e-01 -1.03755571e-01 1.62417877e+00
    -6.95997953e-01 1.71878386e+00 7.71730304e-01 9.61866498e-01
    3.32358748e-01 9.44435060e-01 1.61418986e+00 8.98281991e-01
    -7.46102333e-02 5.11683345e-01 -8.84032071e-01 7.24111080e-01
    1.29388702e+00 1.46156228e+00 1.20184338e+00 1.86702192e-01
    1.73862028e+00 1.23650694e+00 -1.08788140e-01 4.27422434e-01
    1.44356453e+00 1.79682577e+00 -2.58962184e-01 1.57545686e+00
    7.25070536e-01 1.38971245e+00 9.06320870e-01 9.85074937e-01
    -6.01102054e-01 -8.73654425e-01 6.61136508e-01 2.12557033e-01
    1.39558935e+00 3.88108671e-01 7.98381642e-02 7.86679149e-01
    7.28037000e-01 -6.08119488e-01 -1.34239510e-01 1.39442682e+00
    1.28099799e+00 1.73260593e+00 8.42438281e-01 1.76430321e+00
    9.90384638e-01 9.04814959e-01 -1.70924976e-01 1.03615367e+00
    1.24172270e+00 1.33802176e+00 1.27678066e-01 5.22409618e-01
    1.60925603e+00 8.02519172e-02 1.79307908e-01 7.54333615e-01
    1.29254711e+00 -6.98401451e-01 7.96260417e-01 1.43992174e+00
    -7.44506657e-01 -4.34658527e-01 1.26387167e+00 9.88599896e-01
    4.96333420e-01 1.59835458e+00 1.69409943e+00 1.77835119e+00
    -5.94099760e-01 -7.29509711e-01 -6.71780467e-01 1.48687863e+00
    1.48205423e+00 1.83666456e+00 -1.86792463e-01 1.41972756e+00
    -6.33256197e-01 1.16407728e+00 3.58769923e-01 -6.11584544e-01
    4.74608541e-02 1.20455611e+00 1.42723548e+00 -3.12428176e-01
    1.28217995e+00 9.67353165e-01 6.01803184e-01 1.66535580e+00
    1.31074166e+00 2.41934910e-01 1.35001850e+00 1.25842261e+00
    1.82005298e+00 8.58088657e-02 1.49355531e+00 1.32577860e+00
    -4.15098369e-01 7.95280710e-02 1.00543809e+00 1.65220058e+00
    1.52131844e+00 1.53717864e+00 7.15886354e-01 1.31643867e+00
    1.77581668e+00 1.44204211e+00 8.86991918e-01 2.02039242e-01
    8.60946715e-01 1.35787785e+00 1.54321289e+00 -1.15339853e-01
    2.32288539e-02 -9.87700075e-02 -6.39102578e-01 1.64254808e+00
    -6.48657739e-01 3.96947116e-01 1.01005101e+00 -3.17519456e-02
    1.40664971e+00 4.64178383e-01 9.60043013e-01 1.34393823e+00
    1.65105999e+00 5.09172380e-01 -7.10489035e-01 9.68907118e-01
    -2.15132803e-01 1.72134912e+00 6.90575957e-01 -4.73301709e-01
    -7.64037967e-01 6.44688904e-01 1.20007551e+00 9.47290897e-01
    -2.03837350e-01 1.41577053e+00 -3.98374259e-01 1.20613670e+00
    3.85492355e-01 7.99540818e-01 7.25626588e-01 4.56585348e-01
    1.23974741e+00 -3.42241734e-01 -4.93621469e-01 -4.33277965e-01
    -8.28268111e-01 1.71338105e+00 1.21562624e+00 8.50466192e-01
    -6.77654266e-01 5.48384249e-01 -4.78028685e-01 1.28956354e+00
    1.26200929e-01 5.90779424e-01 -7.77080774e-01 1.42120564e+00
    -3.58063966e-01 6.52634323e-01 1.28035092e+00 1.01305687e+00
    -7.97452450e-01 -5.06432727e-02 9.46478546e-01 1.81427419e+00
    1.25073147e+00 5.62021255e-01 -3.74321431e-01 1.39404130e+00
    1.53663492e+00 3.21882427e-01 1.80758667e+00 5.60364723e-01
    6.97865248e-01 6.61057889e-01 1.07158840e+00 -3.35759610e-01
    7.96810865e-01 -2.36218736e-01 -2.20276192e-01 3.53389561e-01
    -7.90478230e-01 1.27245570e-02 -4.90003452e-02 2.83483505e-01
    5.41833222e-01 -1.65693983e-01 1.36124098e+00 2.05675054e+00
    1.37738168e+00 2.09789038e+00 -3.16726863e-01 2.04186130e+00
    2.17902398e+00 4.53281879e-01 1.07060552e+00 -4.55286443e-01
    -5.12166321e-01 -4.16203827e-01 3.38170677e-01 1.29990733e+00
    -6.07329130e-01 1.63400376e+00 3.47098589e-01 -2.24432796e-01
    1.03774011e+00 6.10088170e-01 1.43730056e+00 1.21368743e-01
    1.68267703e+00 1.15073919e+00 8.68282199e-01 1.26534343e+00
    -7.40111694e-02 1.70366442e+00 -5.46242058e-01 1.53836593e-01
    3.76029760e-01 -5.23825467e-01 -4.59777236e-01 8.59340012e-01
    1.28219855e+00 1.57650745e+00 1.08872354e+00 -4.38707545e-02
    1.44719392e-01 -7.33660340e-01 -4.68768865e-01 -6.20773248e-02
    9.25085127e-01 -2.98025966e-01 1.10616863e+00 1.56716561e+00
    8.26874256e-01 1.71207726e+00 5.67945838e-01 1.09889972e+00
    -4.78775740e-01 -4.51562136e-01 7.20154643e-01 1.89003086e+00
    1.46710944e+00 -2.95402586e-01 2.96468437e-01 1.46620989e+00
    8.88699532e-01 -3.42488050e-01 1.57498598e+00 5.72545469e-01
    1.18072593e+00 9.76808548e-01 9.86713529e-01 -3.48925412e-01
    1.41300976e+00 4.38733727e-01 1.47866702e+00 -1.49686903e-01
    9.53197658e-01 -1.20453030e-01 1.51024199e+00 -7.43605256e-01
    -3.17147613e-01 1.67617559e-01 -4.41717625e-01 1.18400645e+00
    -7.11909831e-01 1.41374028e+00 7.66562447e-02 5.53033531e-01
    9.36843872e-01 6.97536826e-01 1.35961151e+00 -3.75047654e-01
    1.65597999e+00 -7.50001490e-01 1.31805694e+00 1.42794645e+00
    -2.32013732e-01 4.86269087e-01 -8.80646884e-01 1.22437561e+00
    1.70820022e+00 1.71508276e+00 1.79200983e+00 4.14625764e-01
    1.62545174e-01 1.52618265e+00 -3.43083292e-01 1.55541503e+00
    1.21647489e+00 -1.56465873e-01 1.30472922e+00 1.14746118e+00
    4.89768803e-01 1.05495584e+00 6.30692959e-01 6.82238579e-01
    3.69722247e-02 7.76734531e-01 2.08340988e-01 8.38230737e-03
    5.60771167e-01 8.99641931e-01 1.77785349e+00 1.57644558e+00
    1.06034529e+00 1.48653543e+00 1.86564815e+00 1.59933519e+00
    8.59110057e-01 -4.48134363e-01 1.70694780e+00 6.29244566e-01
    2.22885787e-01 1.04397929e+00 1.15957916e+00 1.66227102e+00
    1.66804194e+00 -4.01407331e-01 5.76909482e-02 -7.74651349e-01
    1.20051336e+00 1.17598236e+00 3.58595610e-01 4.94930238e-01
    -5.06051123e-01 1.06058824e+00 -4.91816014e-01 7.90992558e-01
    1.00352108e+00 1.41391468e+00 1.44843102e+00 1.60194159e+00
    -3.90661627e-01 6.97635293e-01 -5.17273545e-02 -8.41024339e-01
    7.25132167e-01 2.44958341e-01 -6.01899803e-01 1.55761111e+00
    -6.64026216e-02 -1.16029732e-01 -2.40073234e-01 -6.56048238e-01
    8.68761718e-01 3.33513692e-02 7.79053092e-01 -7.19399750e-01
    -2.06080362e-01 1.18655801e+00 1.22574997e+00 1.50073636e+00
    -7.38565624e-01 1.69112277e+00 1.44204843e+00 1.13473463e+00
    -5.51713943e-01 1.19855833e+00 1.18069386e+00 1.77505326e+00
    -4.28824842e-01 1.23843825e+00 8.58363092e-01 9.61330608e-02
    -3.97930145e-01 -7.82489359e-01 1.78042129e-01 -5.98776400e-01
    1.72305453e+00 -6.01232231e-01 8.64026606e-01 -8.13135028e-01
    1.03173554e+00 1.60940558e-01 -2.57123470e-01 4.84783471e-01
    1.30840015e+00 1.42655289e+00 -8.56260478e-01 5.05038440e-01
    9.66947913e-01 9.52299595e-01 -3.43855023e-01 -7.17716753e-01
    -5.87490462e-02 -7.50407279e-01 1.53696311e+00 -5.07307529e-01
    1.08326364e+00 1.07963622e+00 1.38281024e+00 -5.69217145e-01
    1.54586041e+00 3.38882774e-01 8.18959996e-03 3.05040598e-01
    1.86459398e+00 -4.98775691e-01 8.17469835e-01 9.55557346e-01
    9.07492816e-01 -8.17275643e-01 -7.24035800e-01 1.30710018e+00
    3.42934519e-01 -7.04927891e-02 1.66077101e+00 7.61489868e-01
    4.91765171e-01 3.80997866e-01 1.40577352e+00 1.15794927e-01
    1.81011927e+00 1.83172727e+00 3.76094550e-01 9.76882398e-01
    1.14210892e+00 1.58966526e-01 -9.63712707e-02 9.90162134e-01
    -2.59932935e-01 8.55293274e-01 8.16991389e-01 1.39565110e+00
    -6.00956120e-02 -3.99325341e-01 4.45586681e-01 -4.13779736e-01
    9.29434240e-01 1.63947034e+00 3.38041812e-01 1.30500567e+00
    -3.59673768e-01 1.80588734e+00 -8.30400705e-01 1.28375685e+00
    5.12676060e-01 9.70768034e-01 3.87392312e-01 -5.93669638e-02
    3.99867386e-01 -2.90932059e-01 -1.52858287e-01 -5.23117244e-01
    2.47702040e-02 1.21447682e+00 2.10235691e+00 1.08751214e+00
    2.18982744e+00 1.66629040e+00 4.38606828e-01 1.06052029e+00
    6.15684390e-01 4.00531322e-01 1.53257895e+00 -4.82203178e-02
    1.34770370e+00 -1.81727380e-01 -2.93265760e-01 2.33179718e-01
    1.69198370e+00 -6.23660505e-01 8.66129935e-01 4.77931082e-01
    3.31446797e-01 3.51241887e-01 2.35601470e-01 6.03479624e-01
    1.82838523e+00 7.32813656e-01 1.42238009e+00 1.26614547e+00
    -4.20622975e-01 5.93219817e-01 6.70086682e-01 3.55853975e-01
    -6.37978673e-01 -7.09441364e-01 2.27606371e-01 -1.15396045e-01
    1.37582099e+00 3.96570593e-01 9.10096765e-01 4.51950878e-01
    -7.98918068e-01 7.23119617e-01 1.90398049e+00 3.65609884e-01
    3.76940489e-01 -6.22567654e-01 1.69810903e+00 1.19186928e-02
    5.17477214e-01 9.13413167e-01 -2.48333082e-01 4.16353017e-01
    -7.39292741e-01 -3.31553847e-01 -2.75317550e-01 2.54230261e-01
    2.45875746e-01 1.17211652e+00 -7.80236959e-01 -4.47798431e-01
    -3.97584528e-01 -3.83278012e-01 -4.22837645e-01 1.65651011e+00
    9.01314393e-02 -8.27808022e-01 4.03317541e-01 -9.30663273e-02
    -2.88470268e-01 1.35763955e+00 2.77648687e-01 1.30881977e+00
    1.28173339e+00 -9.16507393e-02 1.58840343e-01 1.83109868e+00
    4.31900263e-01 3.68147880e-01 1.25356868e-01 1.15712976e+00
    1.01086140e+00 -2.54479330e-02 4.80520248e-01 -9.26507115e-01
    5.36633968e-01 1.75012815e+00 -4.55455899e-01 -4.99395758e-01
    3.44175518e-01 1.36311042e+00 -5.83240874e-02 1.58022940e+00
    1.67528200e+00 1.52029526e+00 1.15286136e+00 1.19876659e+00
    3.50854099e-01 -7.17931151e-01 3.89520735e-01 1.65478659e+00
    1.81437278e+00 1.54684937e+00 7.42443129e-02 4.54622746e-01
    4.00768369e-01 3.21433932e-01 1.69164181e+00 1.12913096e+00
    1.30882299e+00 6.26601100e-01 1.35828876e+00 5.30626357e-01
    5.44239394e-02 4.83562768e-01 1.18067312e+00 1.63861883e+00
    -7.46679068e-01 1.06517851e+00 1.18809566e-02 1.14854002e+00
    7.40529656e-01 6.50430083e-01 8.62784028e-01 1.46796310e+00
    -5.81592441e-01 -6.36655986e-01 -7.46781468e-01 1.24038875e-01
    3.68560761e-01 -7.89368510e-01 1.37275076e+00 -4.64839637e-01
    1.37073696e+00 1.12503541e+00 1.45656455e+00 1.69582295e+00
    1.08927536e+00 1.73887360e+00 1.05188048e+00 8.96279395e-01
    1.27329588e+00 1.62648886e-01 -3.28247726e-01 1.77840424e+00
    8.34066629e-01 1.08552420e+00 -3.56846675e-02 1.63621080e+00
    1.04763401e+00 1.15053403e+00 5.20598412e-01 -2.48561189e-01
    1.48701751e+00 -2.37588167e-01 1.08223414e+00 4.37657505e-01
    1.70686170e-01 6.53280914e-01 -1.27265021e-01 -1.00353129e-01
    6.57069445e-01 2.26542559e-02 -9.21522975e-01 7.84292102e-01
    -6.12750530e-01 -6.20391905e-01 2.25598469e-01 1.31689203e+00
    -1.96762964e-01 -6.39939427e-01 1.68100142e+00 5.70010364e-01
    -3.05215359e-01 -5.71935594e-01 8.53510082e-01 1.35620654e+00
    3.13843369e-01 -6.22636676e-01 1.41118109e+00 5.75186849e-01
    1.68091297e+00 -4.62571412e-01 7.60540783e-01 8.38659927e-02
    -2.94285953e-01 -1.87005863e-01 -8.14155102e-01 -8.58334363e-01
    1.41817093e+00 3.16603556e-02 9.21810329e-01 1.46514595e+00
    1.57683849e+00 1.02325666e+00 9.03434455e-01 -3.18061300e-02
    1.82758558e+00 1.43945420e+00 3.33003372e-01 -4.89822447e-01
    -3.81452404e-02 2.81855464e-02 6.99185371e-01 4.23667103e-01
    1.78089726e+00 1.50838506e+00 -1.54183403e-01 1.57895815e+00
    7.73563981e-01 1.17207444e+00 1.48913836e+00 -4.22699094e-01
    1.24859726e+00 4.31100540e-02 4.41944301e-01 -4.83179837e-01
    1.73266399e+00 3.61208767e-01 1.03029299e+00 -5.96307278e-01
    1.51839900e+00 1.84685662e-01 -2.38541260e-01 -3.81926537e-01
    -1.91305190e-01 -3.08659643e-01 -3.87754112e-01 1.00906754e+00
    -6.73929870e-01 3.40693817e-02 -2.18220763e-02 3.65293831e-01
    1.59059298e+00 3.17374945e-01 7.88158000e-01 3.99191827e-01
    1.72192305e-01 2.53778815e-01 1.51551390e+00 2.60546297e-01
    1.56351656e-01 1.76707888e+00 1.28592157e+00 -2.68195808e-01
    9.46732402e-01 1.02706552e+00 -4.72025760e-02 -7.17776000e-01
    1.05574405e+00 1.70516467e+00 1.41285038e+00 1.84756887e+00
    2.92523474e-01 8.49678636e-01 6.59036279e-01 1.05334938e+00
    1.75443304e+00 7.81848669e-01 1.27042496e+00 2.04178977e+00
    -2.78034955e-01 1.94813788e-01 -3.10169935e-01 1.16905773e+00
    1.16431916e+00 -1.53483286e-01 6.83189332e-01 -1.60609320e-01
    3.73583645e-01 3.69165629e-01 -3.92985433e-01 1.66983426e+00
    2.89039552e-01 4.21157330e-01 -1.69581816e-01 1.05386043e+00
    1.37770474e+00 -6.43231720e-02 1.74777961e+00 8.50115359e-01
    1.56214571e+00 -4.29842830e-01 -6.31558955e-01 1.44400752e+00
    1.81754315e+00 -5.49818218e-01 -5.29635549e-01 -5.08448660e-01
    1.29391956e+00 -5.96557483e-02 1.41210055e+00 1.39780486e+00
    1.44690955e+00 1.31721175e+00 9.65809822e-01 -3.63151491e-01
    8.49361777e-01 -7.44170621e-02 6.77439094e-01 1.11230147e+00
    4.51776385e-01 -1.51079193e-01 -7.03461528e-01 -6.42787218e-01
    -7.06700742e-01 -8.16024005e-01 1.17152549e-01 4.21730161e-01
    1.27741313e+00 4.15771395e-01 6.59437299e-01 -5.53806067e-01
    1.50843847e+00 5.75492561e-01 1.25733089e+00 3.04420918e-01
    2.61794627e-01 1.71759829e-01 6.39389157e-01 1.67407417e+00
    1.84579897e+00 3.06642175e-01 1.72206080e+00 1.20956309e-01
    7.02293515e-01 -7.28184134e-02 7.33493805e-01 1.61744952e+00
    2.94127822e-01 -3.56562853e-01 6.69381917e-01 -4.98565942e-01
    5.50820589e-01 1.25628304e+00 3.94219875e-01 -5.75110972e-01
    9.55615520e-01 -1.46857843e-01 1.18195605e+00 -3.47269297e-01
    1.59262705e+00 1.43959630e+00 1.25201464e+00 -9.90923271e-02
    -5.12814701e-01 1.60944843e+00 -3.71214628e-01 1.03543842e+00
    9.13808882e-01 -5.84003389e-01 2.36918524e-01 9.74284649e-01
    1.22366011e+00 -8.45190763e-01 -2.67731428e-01 -4.41665769e-01
    1.70017552e+00 5.33972561e-01 -7.26340473e-01 -1.32023335e-01
    3.82736355e-01 -2.11686566e-01 1.58059299e-02 4.41882432e-01
    1.23807919e+00 -3.58246505e-01 1.47455299e+00 6.34230435e-01
    7.00615287e-01 3.85681629e-01 -5.31576574e-03 4.33390468e-01
    9.89319801e-01 -6.64440930e-01 -4.24426198e-01 1.68728864e+00
    -2.90004164e-01 1.05834758e+00 1.67315245e+00 2.67128915e-01
    4.31416869e-01 -7.10824370e-01 3.12631249e-01 9.49319184e-01
    7.73989320e-01 -6.76201344e-01 1.10824203e+00 1.56927919e+00
    1.34091437e+00 -7.15955019e-01 1.69333053e+00 1.32349908e-01
    1.64004445e+00 -1.54690310e-01 3.95687819e-01 -2.15038717e-01
    1.25414205e+00 5.47194004e-01 8.67316902e-01 1.43632042e+00
    -2.87057430e-01 1.61109400e+00 -1.67615801e-01 1.44730564e-02
    -5.97278893e-01 9.48602974e-01 6.89496815e-01 1.56756306e+00
    1.41972542e+00 2.96897311e-02 -3.37513089e-01 -4.95247036e-01
    -8.25482070e-01 1.61787760e+00 -6.24703586e-01 5.94734848e-01
    9.96745586e-01 2.39977892e-02 6.47991478e-01 1.27148736e+00
    -8.72053325e-01 1.82012773e+00 2.33827248e-01 4.41372246e-02
    1.00878108e+00 2.43457660e-01 1.65028894e+00 5.72738349e-01
    -8.16226065e-01 -3.00978273e-01 4.83084112e-01 -2.00764224e-01
    1.61658919e+00 1.82344091e+00 1.09924328e+00 1.16510630e-01
    -6.42413318e-01 -2.04218894e-01 3.70677039e-02 -5.13643086e-01
    1.37762654e+00 3.91532272e-01 -8.48594606e-01 5.84837675e-01
    1.15496159e+00 5.22062898e-01 1.45890069e+00 1.02034593e+00
    5.35303876e-02 1.36641705e+00 6.04190119e-02 1.43835533e+00
    1.38373995e+00 -2.17400819e-01 -1.13188624e-01 -1.92476194e-02
    7.35305369e-01 9.27394390e-01 -6.33477509e-01 1.57941329e+00
    4.61316735e-01 1.20193779e+00 -2.57888407e-01 7.45703578e-01
    1.01394808e+00 2.56148130e-01 4.61519241e-01 -5.70111752e-01
    3.16403598e-01 -2.96211362e-01 -7.53667772e-01 8.29634964e-01
    4.18025672e-01 1.00907767e+00 1.48561502e+00 4.25161451e-01
    -4.54451263e-01 1.19606471e+00 1.54232323e+00 8.88104796e-01
    -1.31208867e-01 7.03190923e-01 1.50739563e+00 -7.55913854e-01
    6.67184830e-01 7.12440252e-01 8.60295057e-01 1.11970878e+00
    1.21107769e+00 4.18324381e-01 -7.44509399e-01 -6.81392431e-01
    -4.55619097e-01 1.25470030e+00 1.15276659e+00 7.52820730e-01
    -3.32417279e-01 -7.86075950e-01 1.34449756e+00 4.73563492e-01
    -2.72725135e-01 -3.38607311e-01 -6.30621985e-02 8.65926206e-01
    -5.43637685e-02 1.72342896e+00 1.22406268e+00 -7.11463511e-01
    1.03914356e+00 1.98493564e+00 -6.80641890e-01 1.51145089e+00
    2.02551460e+00 -4.94277507e-01 1.11098707e+00 1.83438516e+00
    9.41162765e-01 1.40793049e+00 1.31374443e+00 -3.15631002e-01
    -5.16897023e-01 5.78417420e-01 -1.94758743e-01 4.35972989e-01
    -6.68162256e-02 -2.93062210e-01 1.14373243e+00 3.21319908e-01
    -5.41961908e-01 1.00638521e+00 1.36528146e+00 -2.62310058e-01
    3.53766372e-03 -4.01026189e-01 1.34932399e+00 -5.52636147e-01
    -7.95459330e-01 6.52857944e-02 -8.11245382e-01 -7.34201446e-02
    -3.37573051e-01 -2.67518848e-01 1.06152201e+00 1.39448702e+00
    -5.71220100e-01 -8.83958489e-03 5.30304551e-01 1.77141392e+00
    -2.57892728e-01 1.03262985e+00 -3.73672903e-01 1.15420870e-01
    1.45692855e-01 1.44671810e+00 3.74015778e-01 -2.77485102e-01
    -1.03271147e-02 1.43107319e+00 1.41532704e-01 1.52708662e+00
    1.48957837e+00 -7.59813845e-01 1.50134420e+00 1.46402359e+00
    8.97372544e-01 6.32359266e-01 -7.69231796e-01 -4.03870016e-01
    1.35853457e+00 1.65967250e+00 -7.46778667e-01 -1.41225249e-01
    5.07884800e-01 9.74180758e-01 1.44760382e+00 -8.37685645e-01
    -3.07059258e-01 -7.81476498e-01 1.87371671e+00 1.34188926e+00
    1.17727232e+00 -8.54626834e-01 -1.14381187e-01 -7.41454422e-01
    1.52297723e+00 -3.38748515e-01 1.40096396e-01 5.30400813e-01
    1.58184230e+00 7.62191236e-01 1.58662283e+00 1.15015829e+00
    -4.21963453e-01 1.44196773e+00 5.68343759e-01 1.44926226e+00
    -4.11229581e-01 1.57510555e+00 1.49103272e+00 -3.66032193e-03
    1.59269825e-01 1.13495386e+00 1.17050254e+00 -6.69446230e-01
    9.82376873e-01 -6.80122197e-01 -2.95991153e-01 -2.14369893e-01
    1.68722272e+00 -7.16043293e-01 7.00709701e-01 -8.22756708e-01
    -6.90066814e-01 5.47876835e-01 -7.73336649e-01 9.20247376e-01
    7.37064406e-02 9.97364759e-01 9.30257142e-01 9.54102278e-01
    4.83224779e-01 7.50250936e-01 -5.12735009e-01 2.26916939e-01
    -2.44670153e-01 -2.23680139e-01 3.45188826e-01 -3.52023728e-02
    4.78230178e-01 -1.00120582e-01 1.15814042e+00 -1.22647882e-01
    5.82982838e-01 4.57686394e-01 -8.09897423e-01 1.18324244e+00
    6.39048144e-02 -6.96961656e-02 -5.25851905e-01 1.49985862e+00
    1.84507346e+00 2.62109339e-01 1.61462617e+00 -4.72521812e-01
    5.13782680e-01 -5.98917663e-01 -1.06669515e-01 1.52065563e+00
    -2.91022509e-01 7.10653126e-01 -2.45532706e-01 -7.27631986e-01
    3.08638483e-01 1.25200659e-01 1.01501071e+00 -8.49523127e-01
    1.80876231e+00 9.77836967e-01 -1.17956370e-01 9.41916823e-01
    2.49645725e-01 9.69968855e-01 1.09269178e+00 1.52222323e+00
    -1.46154404e-01 -1.11611933e-01 1.76869667e+00 1.71009457e+00
    -8.13714147e-01 -6.93326235e-01 -5.26829474e-02 4.97686625e-01
    1.38309681e+00 1.69149530e+00 2.52766139e-03 1.42167640e+00
    1.67858672e+00 -5.36175549e-01 -5.13767660e-01 -4.81700957e-01
    1.78105581e+00 3.82930666e-01 5.31072259e-01 1.02064347e+00
    5.33510864e-01 -7.89927542e-02 6.31386161e-01 -2.95213193e-01
    4.45107818e-01 -3.40544075e-01 7.33963132e-01 1.50149512e+00
    7.64830887e-01 7.18189895e-01 -6.68530345e-01 -5.81209719e-01
    1.02752948e+00 1.29993987e+00 1.13401914e+00 -6.54688597e-01
    1.82428813e+00 -1.01163663e-01 5.62745214e-01 1.82887554e+00
    -3.94175380e-01 1.46281588e+00 1.51084518e+00 1.33769071e+00
    8.76564920e-01 4.96201664e-01 -3.46453279e-01 9.07849371e-01
    1.62387207e-01 7.90971816e-01 1.37075591e+00 1.32190084e+00
    -5.90702832e-01 5.80966711e-01 3.56208295e-01 -3.35491329e-01
    1.83447576e+00 7.11829424e-01 1.20889926e+00 6.89273775e-01
    -2.43045408e-02 1.62876976e+00 1.40197587e+00 -6.43806875e-01
    1.07862437e+00 -1.48267463e-01 1.29370117e+00 1.52825224e+00
    1.73282707e+00 -4.74027991e-01 1.77557006e-01 1.71464181e+00
    -2.02201322e-01 9.54271734e-01 5.97472727e-01 6.98950887e-01
    1.46407044e+00 1.17396462e+00 -4.46890414e-01 -2.17055678e-01
    -2.85147250e-01 1.54158270e+00 4.90027040e-01 2.92205006e-01
    9.26571131e-01 2.43380591e-01 1.11374390e+00 -2.97931612e-01
    1.82107103e+00 1.64624500e+00 1.10346663e+00 1.63252056e+00
    1.68355525e+00 1.67197549e+00 1.53577340e+00 1.05242062e+00
    8.34751964e-01 -5.50916493e-01 5.71141005e-01 4.54542249e-01
    -5.72754264e-01 -8.31848234e-02 1.13748682e+00 4.92408812e-01
    -4.54024374e-01 2.72733390e-01 1.55213690e+00 1.20828497e+00
    2.56481767e-01 1.75551248e+00 -3.21734101e-01 -2.69941837e-01
    1.00299418e+00 1.84971064e-01 5.21573842e-01 1.77094817e+00
    7.03224778e-01 -3.44047785e-01 4.21214193e-01 8.18527956e-03
    -7.16834903e-01 1.26268828e+00 3.89958143e-01 9.15095359e-02
    1.01843782e-01 1.19612992e+00 -4.73156929e-01 1.54998899e+00
    1.07771921e+00 1.60741079e+00 1.73551738e-01 -3.85081351e-01
    1.22711372e+00 7.85617381e-02 1.23549473e+00 -3.49485368e-01
    6.23799324e-01 1.05813551e+00 1.51339185e+00 9.40118194e-01
    1.54922569e+00 -2.74392724e-01 -3.82343262e-01 2.50897229e-01
    1.04583824e+00 6.18193626e-01 -5.07794201e-01 -2.68229783e-01
    1.35509419e+00 1.17178440e+00 1.63257852e-01 -7.63535321e-01
    1.01032901e+00 8.14264193e-02 -1.46576107e-01 1.69264483e+00
    -1.39351979e-01 -7.29913175e-01 1.80125570e+00 5.93036592e-01
    -3.04783732e-01 -5.87203503e-01 1.48288682e-01 4.62458611e-01
    -5.20166039e-01 1.63060319e+00 -5.12993455e-01 1.11289525e+00
    1.41339648e+00 1.57562530e+00 4.58220363e-01 8.62477362e-01
    -3.04787695e-01 4.22069848e-01 1.36790824e+00 1.48721561e-01
    -6.65103436e-01 1.09039211e+00 -7.48374104e-01 3.52194011e-01
    -1.20139040e-01 9.87657309e-01 9.18443739e-01 1.06517637e+00
    5.63825071e-01 5.25107563e-01 3.22870940e-01 -2.50627935e-01
    1.30716383e+00 1.41988492e+00 1.14096798e-01 1.63945639e+00
    2.54385412e-01 -1.92319155e-01 -6.09876096e-01 2.09374264e-01
    7.88392723e-01 -1.21528231e-01 1.34713459e+00 1.72491622e+00
    7.73342013e-01 -8.09226692e-01 3.52736831e-01 -1.71527490e-01
    1.39727080e+00 3.24198157e-02 -8.07371259e-01 1.12445664e+00
    7.23589778e-01 -6.45804822e-01 1.35138357e+00 -1.24233969e-01
    -5.97558975e-01 1.65046012e+00 -3.39372791e-02 -5.53550720e-01
    -8.79262626e-01 6.25043511e-01 -2.11528853e-01 8.79872143e-01
    1.62891746e+00 8.88136327e-01 -5.92098415e-01 2.48779029e-01
    5.24032772e-01 1.03564000e+00 8.20166826e-01 1.15465450e+00
    -3.17694873e-01 -8.75651658e-01 9.23998594e-01 -4.31729645e-01
    4.32114184e-01 -6.66053534e-01 -6.17123902e-01 1.06463373e+00
    -5.98764598e-01 1.57040989e+00 1.68332493e+00 1.22720420e+00
    -8.84546161e-01 1.49115574e+00 -2.55522668e-01 1.57740188e+00
    2.58658856e-01 -7.60160461e-02 8.31709146e-01 1.00817657e+00
    7.27969468e-01 -7.14839816e-01 1.08657944e+00 1.67308700e+00
    3.76764625e-01 1.27175140e+00 -7.45540142e-01 -8.22129190e-01
    9.49230611e-01 -8.09485674e-01 1.25055611e+00 3.29612821e-01
    5.26111186e-01 1.67880225e+00 1.38948715e+00 -6.99460655e-02
    -6.22841001e-01 -5.80646396e-01 -4.23845589e-01 4.26324517e-01
    8.05032849e-01 -3.21227133e-01 1.34250724e+00 4.34068501e-01
    -6.66277349e-01 -5.86135328e-01 3.81772459e-01 1.10314751e+00
    -4.63870406e-01 3.09643269e-01 -1.17922828e-01 1.78344357e+00
    3.32727022e-02 1.06303191e+00 1.22811735e+00 5.67368865e-01
    1.21879213e-01 1.72037452e-01 1.58333528e+00 1.44041228e+00
    1.52553189e+00 -6.95600033e-01 1.66871876e-01 -6.67891622e-01
    6.56538188e-01 -2.01692563e-02 3.95923883e-01 1.17645717e+00
    -1.32181853e-01 1.26706147e+00 1.60242093e+00 -3.72682005e-01
    8.03309441e-01 7.92560756e-01 1.15773773e+00 -2.88038909e-01
    -8.36915851e-01 -4.94397670e-01 3.40290070e-01 7.76110232e-01
    1.33704638e+00 9.87423539e-01 1.50326729e+00 -7.73757994e-01
    1.04792964e+00 -2.85690844e-01 -3.25904727e-01 -7.68011868e-01
    3.62066567e-01 1.45411730e+00 7.58889675e-01 8.62265646e-01
    -6.11652076e-01 9.33636606e-01 2.53766060e-01 1.35306656e+00
    1.04542303e+00 1.79216397e+00 2.36225918e-01 -8.54648232e-01
    3.66021991e-01 6.21508658e-01 5.81542850e-01 -6.20163262e-01
    5.56112051e-01 1.10478973e+00 6.93906426e-01 1.45168388e+00
    -7.81835914e-01 1.50575146e-01 1.10765612e+00 -4.43256438e-01
    -4.24791336e-01 1.36025059e+00 3.71173084e-01 8.09285462e-01
    1.40320051e+00 -8.90048742e-02 1.14904380e+00 -2.24114925e-01
    2.91939080e-01 7.13321328e-01 -7.54707575e-01 7.80450404e-01
    5.27631119e-02 1.82405710e+00 1.08596694e+00 -9.80198905e-02
    1.62987268e+00 1.18457329e+00 -1.47180706e-01 6.11369073e-01
    1.51765847e+00 -4.04053360e-01 6.68342590e-01 4.24911499e-01
    2.07260180e+00 3.98254722e-01 -1.82113290e-01 1.27559841e+00
    6.98313117e-01 1.20408702e+00 1.07652438e+00 6.93180203e-01
    6.09350324e-01 -8.10767293e-01 5.80879152e-01 3.95412743e-01
    1.31668568e+00 -7.27855802e-01 4.79956627e-01 7.14191496e-01
    6.59614325e-01 5.50064147e-01 -4.39883530e-01 7.07265019e-01
    4.56727654e-01 5.08145511e-01 3.53306592e-01 8.00068527e-02
    -8.44136178e-01 1.35648954e+00 8.74611586e-02 6.21837676e-01
    4.36088860e-01 -1.23202927e-01 3.98533791e-01 -7.86463857e-01
    -2.91936338e-01 1.60433102e+00 7.97276855e-01 1.76723146e+00
    -7.42459476e-01 1.13602698e+00 7.56414235e-01 1.21009457e+00
    -6.49363175e-02 -8.61436948e-02 -3.19834232e-01 6.39721811e-01
    1.59668416e-01 -6.58329546e-01 1.34070411e-01 1.97265804e-01
    1.50489891e+00 -8.06745708e-01 4.28944111e-01 1.51496947e+00
    1.81947231e+00 1.65219247e+00 1.54321682e+00 2.10596211e-02
    -8.33346605e-01 3.46068382e-01 -7.23379672e-01 3.58635038e-01
    6.07778907e-01 8.61063957e-01 6.88597798e-01 1.44219160e-01
    8.39445710e-01 5.24836302e-01 4.55771208e-01 1.23506033e+00
    -9.07852966e-03 -1.68013260e-01 1.41036677e+00 1.24631882e+00
    3.68099570e-01 1.07075535e-01 5.12051061e-02 -5.51766813e-01
    1.40786493e+00 -6.98966265e-01 -3.72549474e-01 6.32500470e-01
    5.48253357e-01 -3.73280615e-01 1.43893445e+00 1.48001289e+00
    9.73376632e-01 -4.97957081e-01 -5.12206078e-01 1.48338115e+00
    5.25571048e-01 1.58089542e+00 2.01342581e-03 1.52451718e+00
    1.99661359e-01 -6.81937873e-01 -6.12082064e-01 1.25866449e+00
    -3.52538705e-01 9.39912677e-01 1.63870767e-01 1.55271447e+00
    1.33327973e+00 6.48895264e-01 1.39117360e+00 1.15311515e+00
    1.61863148e+00 1.71086025e+00 -5.03572643e-01 1.34339309e+00
    1.31873810e+00 -1.36234045e-01 1.77614033e+00 3.39792222e-01
    1.35596144e+00 1.54528156e-01 2.50985652e-01 6.96853399e-01
    1.77992356e+00 1.18032598e+00 -6.68481812e-02 -1.58577636e-01
    1.09645796e+00 7.43455589e-01 -4.17555533e-02 1.59836280e+00
    3.29649299e-01 2.30936587e-01 -1.50564507e-01 6.48713708e-01
    6.76363766e-01 1.28987777e+00 1.70444071e+00 9.63492274e-01
    6.17279485e-02 8.43715549e-01 -5.15504479e-02 -1.00962088e-01
    -1.65963069e-01 5.38557649e-01 -3.89729917e-01 -8.11142623e-01
    -2.53757685e-01 1.80446267e+00 1.12327456e-01 1.07533371e+00
    1.03466831e-01 -4.11011875e-01 -6.41857743e-01 1.38586080e+00
    9.01874483e-01 1.25837421e+00 8.50818932e-01 1.50922036e+00
    -4.54022110e-01 -6.36365592e-01 -1.14160657e-01 1.38219619e+00
    -1.54561847e-01 -2.38768563e-01 -5.96753120e-01 1.14473701e+00
    1.37459123e+00 8.21070597e-02 1.47846389e+00 1.77056181e+00
    1.12200749e+00 5.88701129e-01 -5.37383109e-02 9.03722420e-02
    8.29471827e-01 1.72205770e+00 1.34927356e+00 -5.05137026e-01
    1.11017168e+00 4.06429291e-01 1.57037067e+00 2.19285518e-01
    1.06897104e+00 -4.30158079e-02 1.94939151e-01 -8.75393569e-01
    1.78066707e+00 1.21392787e+00 1.71058905e+00 3.35396469e-01
    6.88780069e-01 6.70350075e-01 1.14915021e-01 -7.51336575e-01
    -7.60301650e-01 1.17283642e-01 1.09236133e+00 8.47643197e-01
    1.31493366e+00 -6.48489118e-01 -6.74835861e-01 -1.40858904e-01
    -7.77218521e-01 -1.99349761e-01 4.27095026e-01 -2.22405255e-01
    5.44357836e-01 -3.25829297e-01 -3.55539024e-01 -4.09050256e-01
    1.11022961e+00 -4.72899973e-01 -5.21172047e-01 1.70972931e+00
    6.38684988e-01 7.59280264e-01 -8.62412572e-01 -2.14378640e-01
    3.49658757e-01 -4.30006146e-01 3.42939526e-01 1.35620087e-01
    8.80455494e-01 1.48004127e+00 -5.84755898e-01 1.17090166e+00
    -7.67905116e-02 1.06231168e-01 6.89329579e-02 1.45414069e-01
    -5.21836281e-01 -2.60747999e-01 -1.08444184e-01 8.33013296e-01
    -6.86241567e-01 -4.55505461e-01 3.72547731e-02 1.38435543e+00
    9.38850224e-01 -3.71588290e-01 1.44533098e+00 1.69059312e+00
    1.03769898e+00 1.13785855e-01 -4.48031932e-01 1.57381034e+00
    3.23344350e-01 7.82020092e-02 -4.93459031e-02 2.91957967e-02
    1.02423108e+00 -1.29816502e-01 1.21783137e+00 1.52940428e+00
    1.03380299e+00 6.25816584e-01 -4.23283517e-01 1.31594205e+00
    7.54751921e-01 1.58575952e+00 5.81052192e-02 -2.15671286e-01
    1.03220797e+00 1.92641735e-01 1.44942701e+00 2.12684464e+00
    -2.15274133e-02 1.40887257e-02 1.65128350e+00 1.19858181e+00
    -9.49969515e-03 -6.29610956e-01 1.14013243e+00 1.47151387e+00
    6.54725015e-01 7.74556577e-01 -6.37092352e-01 1.22594047e+00
    -1.84172355e-02 1.80273783e+00 1.30061138e+00 -2.39604145e-01
    1.90969300e+00 9.89439428e-01 1.19461977e+00 -2.97328681e-01
    -8.30338717e-01 1.94720790e-01 1.07233191e+00 -1.69563100e-01
    2.44396955e-01 8.70310605e-01 1.84577033e-01 3.94570917e-01
    9.64721441e-01 1.18156838e+00 4.36461002e-01 4.27619874e-01
    -3.17648619e-01 -4.66213077e-01 9.20279682e-01 1.44282067e+00
    -6.58113122e-01 -4.75517422e-01 -4.99753207e-01 2.13500082e-01
    -6.69101119e-01 -1.84758514e-01 1.83216321e+00 3.66996139e-01
    1.00526571e+00 1.31914186e+00 1.06505930e+00 -5.23637414e-01
    -4.99355346e-01 1.68753529e+00 1.38461685e+00 -4.26412731e-01
    9.39831555e-01 2.53205806e-01 5.44948995e-01 -4.32899259e-02
    -3.55147988e-01 1.47535264e+00 -2.09979236e-01 -6.37250006e-01
    -1.79032251e-01 1.14947116e+00 1.29623830e+00 -6.66782141e-01
    1.21217585e+00 -8.60095382e-01 -1.89082414e-01 -4.25617665e-01
    5.10008872e-01 1.34312785e+00 1.16195703e+00 4.48050424e-02
    1.27369559e+00 -1.16590455e-01 -7.50137448e-01 -7.11355567e-01
    1.59241235e+00 1.45076692e+00 -1.47568718e-01 1.63176405e+00
    -1.31784767e-01 1.58537948e+00 3.00200969e-01 1.39542222e+00
    5.22176623e-01 7.73948669e-01 1.83162004e-01 1.55441463e+00
    8.63934040e-01 2.07469589e-03 -6.66816056e-01 1.46421582e-01
    3.76000017e-01 1.39202082e+00 -4.86334026e-01 3.79443318e-01
    1.33980322e+00 1.17101885e-01 -7.51188993e-01 -1.75027013e-01
    1.21619666e+00 8.86276662e-01 -7.14485586e-01 4.32687402e-01
    2.33657107e-01 -1.42427802e-01 5.55910587e-01 1.50287378e+00
    4.84417856e-01 -5.91825426e-01 9.58098471e-01 1.72129238e+00
    1.63736403e+00 -1.19977601e-01 1.19190323e+00 -5.53798974e-01
    9.25199568e-01 1.54119563e+00 1.66576791e+00 2.80605763e-01
    2.84137011e-01 -1.60652455e-02 -7.74289250e-01 1.33600736e+00
    -8.74177217e-02 8.53867710e-01 -3.03533703e-01 1.34519839e+00
    -8.79666090e-01 1.15616250e+00 2.52985448e-01 7.81107724e-01
    -1.73800290e-01 1.39193761e+00 8.93564880e-01 -4.19168055e-01
    -7.25222468e-01 -7.16406941e-01 -6.95531011e-01 -3.66611511e-01
    1.26111567e+00 1.14654040e+00 1.61600649e+00 -2.45379448e-01
    1.71443009e+00 5.08421421e-01 9.99203026e-01 5.95606267e-01
    1.65176570e+00 2.95890838e-01 1.13142216e+00 3.47390510e-02
    1.53789139e+00 -6.00236595e-01 -5.51128089e-02 1.25870323e+00
    8.02008390e-01 5.67027450e-01 7.06591964e-01 -4.09172863e-01
    1.38285053e+00 -9.10665035e-01 -2.18224213e-01 -5.49728811e-01
    -6.79925621e-01 6.90631345e-02 7.20803618e-01 1.72556388e+00
    1.93298250e-01 1.55822372e+00 1.57181954e+00 8.18421483e-01
    2.47857273e-01 7.81268239e-01 -4.34540272e-01 1.04013610e+00
    5.08655727e-01 1.56807423e+00 -6.73526883e-01 4.77010399e-01
    4.68777716e-01 -5.39919972e-01 1.18586218e+00 4.95650135e-02
    1.61000443e+00 -7.19409287e-02 6.78419471e-01 1.03305049e-01
    1.30417037e+00 -1.64220989e-01 1.08121967e+00 -7.76674211e-01
    -3.52681190e-01 1.23664081e+00 -6.19828880e-01 1.64129400e+00
    7.12300241e-01 -1.60013139e-01 5.18368602e-01 1.63985157e+00
    1.85877919e+00 -3.37665886e-01 1.56339824e+00 -4.29420918e-01
    9.72324550e-01 -6.12584114e-01 8.41800809e-01 -3.36276814e-02
    -6.02122784e-01 4.33356196e-01 1.37857449e+00 1.41972005e+00
    1.20775238e-01 -7.02220619e-01 1.32832244e-01 5.27944744e-01
    -8.09894800e-01 9.19634774e-02 5.00328600e-01 5.41813910e-01
    -3.41835529e-01 -3.16546351e-01 1.28258514e+00 -1.00908808e-01
    1.89886361e-01 9.01507080e-01 -6.01036012e-01 3.71116996e-02
    -4.54997361e-01 8.42260659e-01 -7.79991567e-01 1.35767829e+00
    -4.99698848e-01 7.29164720e-01 -4.59621489e-01 3.80452096e-01
    9.34395015e-01 -7.28731155e-01 -1.73683390e-01 4.01878923e-01
    1.80133447e-01 -2.68097520e-01 -5.37870765e-01 1.42376387e+00
    -2.09575951e-01 1.20764768e+00 9.59346712e-01 5.92823625e-01
    1.36796021e+00 1.47544634e+00 1.82421780e+00 1.57571530e+00
    1.15807498e+00 -4.00667191e-01 1.80639505e+00 -4.38536137e-01
    9.00590345e-02 -5.75987518e-01 7.62530625e-01 -3.46080631e-01
    7.26872802e-01 6.82869792e-01 1.55628371e+00 -8.09816301e-01
    1.29856670e+00 -2.68453568e-01 3.55233029e-02 1.10878372e+00
    1.80855900e-01 -5.87364733e-01 1.54617441e+00 1.04812825e+00
    9.44835186e-01 7.25143850e-01 -6.27442777e-01 2.12802649e-01
    -7.55301952e-01 -2.93116868e-01 5.25866687e-01 9.04130936e-01
    -1.83934838e-01 -2.31300980e-01 4.68362600e-01 1.75846767e+00
    -7.86062062e-01 4.42773312e-01 -8.63670111e-01 1.26092494e+00
    8.59396696e-01 7.72642910e-01 1.70978260e+00 1.50720799e+00
    -5.84842026e-01 -3.21040630e-01 1.74959862e+00 8.71652246e-01
    -3.81534070e-01 6.13738894e-01 -3.64144295e-01 4.50550795e-01
    3.52738410e-01 1.19833314e+00 -3.65865916e-01 -4.69766892e-02
    3.17711800e-01 6.57536626e-01 1.22523654e+00 3.40369165e-01
    -1.04289085e-01 -7.15176702e-01 -7.85407066e-01 1.03212261e+00
    -6.74279928e-02 -6.92615807e-01 1.35420108e+00 -1.61669999e-01
    -6.32982194e-01 1.58916485e+00 5.05807400e-01 -1.09599940e-01
    1.78367603e+00 5.28340518e-01 1.82304764e+00 -1.34221300e-01
    1.38413504e-01 -9.03670073e-01 -6.82142317e-01 1.36738050e+00
    1.78260720e+00 3.53995353e-01 7.54248321e-01 5.15915871e-01
    1.43327856e+00 1.70399189e+00 1.05295479e-01 6.69640005e-01
    1.14672518e+00 1.72665668e+00 7.77743757e-01 5.19459426e-01
    3.82286280e-01 -8.60535353e-03 1.27992213e-01 4.89028960e-01
    -1.36293545e-01 7.93980002e-01 3.31794679e-01 1.00706363e+00
    1.28683519e+00 -2.48474032e-01 1.09947729e+00 -6.33603394e-01
    -1.05453737e-01 -1.64112270e-01 3.31497677e-02 1.23282599e+00
    -2.72970319e-01 2.09348723e-01 -3.38942975e-01 -4.15203661e-01
    1.09773326e+00 6.71384156e-01 1.76961422e-01 -8.43068182e-01
    -6.64483130e-01 -5.86199105e-01 7.46515632e-01 -8.77928913e-01
    1.24498665e+00 1.30354896e-01 5.89255020e-02 7.53167748e-01
    -1.25805363e-01 1.08851314e+00 -5.05077720e-01 1.11547709e+00
    9.10408571e-02 -4.06244993e-01 -6.61864161e-01 1.04800415e+00
    7.51275837e-01 6.08942270e-01 1.77590203e+00 -2.48778060e-01
    1.37795818e+00 6.94103718e-01 -3.30092967e-01 -6.01253033e-01
    6.18820786e-01 7.27620244e-01 8.50660279e-02 2.45846212e-01
    9.12946463e-01 6.30380094e-01 -7.55420804e-01 9.93228376e-01
    1.01147628e+00 1.19768190e+00 1.19165480e+00 1.37787569e+00
    -4.19605345e-01 -2.20720246e-01 1.39189827e+00 -6.99950755e-02
    2.83114493e-01 -7.87514448e-01 1.47812068e+00 1.03991520e+00
    4.46956605e-02 1.18063951e+00 1.54317033e+00 5.87786078e-01
    1.22986138e+00 1.03903663e+00 4.79342163e-01 1.66778255e+00
    7.88309202e-02 -3.71585697e-01 5.99749863e-01 -6.55547440e-01
    1.00416064e+00 9.89335418e-01 5.01353323e-01 -6.21465981e-01
    1.60091293e+00 1.94949597e-01 1.25901437e+00 4.87440914e-01
    4.61283654e-01 -1.25629127e-01 1.01557112e+00 -1.52717367e-01
    -3.91282290e-01 -8.04348767e-01 -3.01416308e-01 1.35913241e+00
    -3.43806744e-01 1.29504502e-01 -6.50573373e-01 1.64901340e+00
    1.80446613e+00 1.74135554e+00 1.09791744e+00 1.01857579e+00
    -5.79317927e-01 1.74158919e+00 -7.95792401e-01 1.78186381e+00
    6.44914746e-01 -5.27940154e-01 6.41496360e-01 -5.78620695e-02
    -8.08612764e-01 1.17138363e-01 1.65069818e+00 -1.29236924e-02
    1.04793131e+00 -2.30438232e-01 7.35016704e-01 1.44369215e-01
    -6.39182985e-01 9.75804687e-01 4.05208133e-02 1.72793150e+00
    4.46211308e-01 -1.13562070e-01 -3.77775669e-01 1.23030961e+00
    -4.61727768e-01 -6.64620996e-01 2.93941468e-01 -4.96278256e-01
    1.33542347e+00 -6.20232582e-01 -1.29606500e-01 5.72986543e-01
    9.63452756e-01 7.92759001e-01 1.70268679e+00 1.80412483e+00
    6.99477673e-01 1.30270481e+00 -7.74172008e-01 3.50970298e-01
    2.22752407e-01 1.16979420e+00 1.43693948e+00 -7.67371118e-01
    6.88722670e-01 -8.65550518e-01 1.13709795e+00 2.82251477e-01
    2.88665593e-01 9.21493769e-01 -7.50165761e-01 -5.52895010e-01
    9.87780929e-01 3.04606199e-01 -1.62485674e-01 -2.95248657e-01
    -6.46668851e-01 3.74804288e-01 6.21853054e-01 -8.41875002e-02
    8.86200547e-01 1.48895490e+00 2.85288095e-01 -4.14348900e-01
    1.46291986e-01 2.35735342e-01 8.55865657e-01 -4.24816608e-01
    7.94803321e-01 7.23746642e-02 -6.02771103e-01 -6.12420440e-01
    -7.94476509e-01 1.17283845e+00 2.97619998e-01 5.61199039e-02
    9.38528419e-01 7.86043048e-01 9.76603270e-01 -5.62580109e-01
    5.73834062e-01 9.24526155e-01 -5.27273417e-01 -5.27574308e-02
    -7.10620642e-01 5.90008140e-01 -4.74889666e-01 -4.51201111e-01
    1.73549163e+00 1.14422739e+00 1.29735959e+00 2.88511992e-01
    -2.28289202e-01 1.17129433e+00 1.38412273e+00 6.25790596e-01
    -3.75485182e-01 1.38792574e+00 -5.29049456e-01 1.46958339e+00
    1.65879726e-01 -6.59704328e-01 3.27114850e-01 -2.72640616e-01
    1.31553328e+00 -8.50647092e-01 9.38806415e-01 -7.05223799e-01
    2.14180425e-01 3.76310080e-01 -1.43527925e-01 4.88971680e-01
    6.77983105e-01 1.42780685e+00 -2.97672898e-01 1.57988584e+00
    1.34783530e+00 6.91957772e-02 1.10919297e+00 -5.65524876e-01
    2.30456650e-01 1.09162986e-01 1.48268282e+00 -1.94432244e-01
    1.09565067e+00 1.23694813e+00 1.09825611e+00 1.40284300e+00
    7.79791117e-01 4.45646703e-01 -8.82038057e-01 -5.79406679e-01
    1.62536740e+00 -7.24728465e-01 3.56826276e-01 -6.96481347e-01
    8.48068357e-01 -7.74690986e-01 1.86712071e-02 8.93458486e-01
    1.26831245e+00 3.66596252e-01 -4.90170866e-01 1.78076923e+00
    1.38938427e+00 5.82796991e-01 -1.47860423e-01 1.45224249e+00
    1.37279630e+00 1.26000357e+00 1.41541874e+00 1.42350459e+00
    4.60136801e-01 1.05842280e+00 1.45029080e+00 1.45024610e+00
    7.12326348e-01 1.54488957e+00 5.81101775e-01 -2.31876239e-01
    1.33382034e+00 8.05906534e-01 1.73917234e+00 8.60015899e-02
    -5.59739828e-01 1.76544106e+00 1.38377321e+00 8.99896324e-01
    4.31929141e-01 1.59088635e+00 1.23586953e+00 1.71778351e-01
    1.06105101e+00 1.74439418e+00 1.09954000e+00 1.33732474e+00
    1.21712410e+00 5.61224639e-01 1.20718741e+00 9.17577863e-01
    1.61517113e-01 -6.05378628e-01 1.04062223e+00 -1.36273459e-01
    1.79281259e+00 1.22768807e+00 -8.70036840e-01 3.62709403e-01
    -3.73028159e-01 1.03361142e+00 6.96926471e-03 1.73395896e+00
    8.75723600e-01 8.55787277e-01 -6.12706065e-01 1.06392050e+00
    1.72501135e+00 1.41765845e+00 -1.68785453e-01 4.97023612e-02
    5.98590910e-01 7.51109302e-01 -5.32455802e-01 -2.35100791e-01
    1.35794091e+00 1.65294969e+00 1.47300601e+00 1.41215086e+00
    -3.03798765e-01 1.06405973e+00 8.04508328e-01 1.64320052e+00
    1.73353088e+00 4.15503919e-01 8.53810906e-01 -6.51304066e-01
    8.74186754e-01 5.08761287e-01 1.58027220e+00 1.71237707e-01
    1.51248837e+00 5.38539946e-01 -4.34490800e-01 1.38740814e+00
    1.34627652e+00 1.23093152e+00 1.19531143e+00 1.84594363e-01
    -2.14317754e-01 1.48355007e+00 8.23950708e-01 -1.73269764e-01
    -3.65555227e-01 8.76327902e-02 -2.66093343e-01 1.61774182e+00
    1.15435219e+00 -8.35432410e-01 9.98893738e-01 -4.78122652e-01
    6.18702054e-01 -2.69375920e-01 -8.49792302e-01 1.79308748e+00
    -2.11737648e-01 1.41794789e+00 1.62328124e+00 1.61704719e+00
    -1.23780005e-01 6.91854954e-01 -7.27183372e-02 -3.37362289e-01
    1.42501140e+00 1.18653283e-01 -2.82236218e-01 -4.82488889e-03
    1.37131655e+00 1.71486676e+00 -7.31031895e-01 1.60228693e+00
    2.31603801e-01 1.57801330e+00 3.28098983e-01 1.42075241e+00
    -6.28340006e-01 1.75751376e+00 3.26637983e-01 1.85612786e+00
    1.56713450e+00 3.55908334e-01 8.06166306e-02 1.02685452e+00
    7.77419448e-01 1.08262300e+00 1.35583413e+00 2.26598725e-01
    -7.25194991e-01 7.84900308e-01 1.74163318e+00 1.36526489e+00
    -5.84937215e-01 1.78409386e+00 1.27771211e+00 8.03880692e-01
    1.00533247e+00 -4.76251282e-02 1.61424744e+00 -4.34231192e-01
    2.37719119e-01 1.16411708e-01 -3.16241205e-01 -2.41565451e-01
    -8.23415160e-01 1.09947872e+00 3.76569503e-03 1.35351324e+00
    6.07332468e-01 1.02585733e+00 1.20009804e+00 3.15003902e-01
    1.20981252e+00 -3.98606896e-01 9.41217184e-01 -4.42302600e-02
    7.12244630e-01 -6.46504164e-02 9.88020360e-01 4.20606464e-01
    5.85058928e-01 1.87855005e-01 1.15600693e+00 -2.64380157e-01
    1.88975096e-01 1.55754304e+00 6.20819069e-02 1.14846683e+00
    4.33765054e-01 1.17163599e-01 4.06256288e-01 1.93412220e+00
    1.49849916e+00 1.16897392e+00 -5.46168759e-02 7.99876571e-01
    8.40254545e-01 5.22629321e-01 -4.61931042e-02 -1.57931253e-01
    -8.07580650e-01 1.09570825e+00 8.81232202e-01 -2.36362025e-01
    4.83303338e-01 5.24521768e-01 -3.71300250e-01 8.35553706e-02
    1.26229954e+00 -2.94308752e-01 -7.66550183e-01 -4.34062093e-01
    -5.97545922e-01 1.39664698e+00 -3.55730131e-02 -1.38200046e-02
    -2.93288618e-01 -5.56541085e-01 -2.68854618e-01 8.73567760e-01
    6.79628134e-01 1.50492668e+00 1.52515066e+00 -3.54972064e-01
    3.42711359e-01 1.12406027e+00 -4.92073476e-01 -5.60050346e-02
    5.24045706e-01 3.09316993e-01 2.00722679e-01 1.44462764e+00
    5.30302167e-01 -8.18126976e-01 5.70164144e-01 2.53216416e-01
    1.71787918e+00 1.26273501e+00 1.59315836e+00 -1.43348034e-02
    1.40556312e+00 -3.70619327e-01 1.32835746e+00 1.74582613e+00
    -1.79837048e-01 1.60972923e-01 -8.11112881e-01 1.67029166e+00
    1.68031919e+00 -3.99577230e-01 -5.00705540e-01 2.84379661e-01
    2.19442099e-01 7.28131652e-01 -1.40398264e-01 5.43616235e-01
    -6.81345284e-01 3.41997623e-01 9.11512017e-01 1.31566763e+00
    -8.98660660e-01 1.64208066e+00 1.31500542e+00 1.29009759e+00
    3.06153327e-01 7.63282955e-01 8.42387915e-01 6.63406968e-01
    2.62072206e-01 2.56751984e-01 -1.64557368e-01 1.11640108e+00
    -2.39280872e-02 7.04180524e-02 4.74451542e-01 -8.26811671e-01
    -2.96601634e-02 2.75949836e-01 6.92847192e-01 -1.09340228e-01
    -3.63522559e-01 1.31752479e+00 7.92321265e-01 -1.22468248e-01
    8.80423069e-01 4.29304630e-01 -6.72740698e-01 8.14773262e-01
    -3.20972413e-01 -1.34583220e-01 -2.71845520e-01 3.11416745e-01
    1.39642692e+00 1.56703258e+00 1.73616397e+00 -5.50111711e-01
    1.16804802e+00 1.47199273e+00 2.73239583e-01 -5.81808150e-01
    1.77982640e+00 1.17202711e+00 6.31879270e-01 -8.53197351e-02
    -6.69544935e-01 -4.39156502e-01 1.56060040e+00 4.46015716e-01
    4.08458591e-01 3.78261924e-01 5.87432861e-01 8.42601478e-01
    1.63557935e+00 1.78857899e+00 4.34344471e-01 1.11641681e+00
    8.68997097e-01 1.92068473e-01 1.52369916e-01 4.28865671e-01
    1.27542651e+00 1.73952198e+00 1.78022996e-01 -6.10627651e-01
    7.96431959e-01 1.63822901e+00 6.25427902e-01 -5.71338952e-01
    -2.20119357e-01 1.28324997e+00 3.09146196e-01 5.04334271e-02
    -4.05500159e-02 4.66890365e-01 -8.90203059e-01 1.32366633e+00
    4.99774754e-01 6.73471630e-01 1.25678337e+00 -6.16815090e-01
    1.78672469e+00 1.49891222e+00 4.57295060e-01 1.50545752e+00
    -8.62340569e-01 -8.94170925e-02 5.62248290e-01 1.61235893e+00
    8.66067767e-01 2.13144287e-01 -9.79750380e-02 3.26146811e-01
    -1.63149126e-02 7.05232695e-02 -3.19768280e-01 -5.68632960e-01
    -8.20877135e-01 -3.65414500e-01 3.49665046e-01 2.10357860e-01
    2.63305362e-02 1.50940287e+00 -8.38307858e-01 -4.78305042e-01
    1.47844410e+00 1.47354579e+00 6.53052092e-01 -7.21316755e-01
    1.74518466e+00 5.17526209e-01 2.36674607e-01 -7.42591977e-01
    -8.68569851e-01 -1.87576964e-01 1.72117484e+00 -5.23667276e-01
    8.99049044e-01 1.12850940e+00 1.76862335e+00 1.30170989e+00
    -1.10026985e-01 1.41918385e+00 5.83073080e-01 1.06236386e+00
    -4.01866525e-01 9.41994011e-01 2.58278459e-01 -7.85953760e-01
    1.54671049e+00 1.56185949e+00 7.29472518e-01 -2.66676247e-01
    -7.83812284e-01 1.19477069e+00 -7.36582160e-01 -6.95245788e-02
    -6.85030162e-01 3.37851763e-01 5.66348076e-01 5.09291627e-02
    1.21253800e+00 8.48685145e-01 1.82216561e+00 -4.36990023e-01
    1.49693441e+00 -7.23796308e-01 -7.78055489e-01 -7.41282701e-01
    1.04879498e+00 1.56255221e+00 1.87539661e+00 9.83096778e-01
    5.55913568e-01 4.19144481e-01 2.63055712e-01 5.27425051e-01
    1.81855440e+00 1.56941640e+00 -2.37434477e-01 7.04000592e-01
    9.77267861e-01 -7.01275408e-01 -3.13513517e-01 1.57764864e+00
    1.27965331e+00 9.66665089e-01 6.99632585e-01 1.16849208e+00
    -4.89717841e-01 1.19095314e+00 8.61714244e-01 1.22809863e+00
    1.52049971e+00 4.25048321e-01 9.97292280e-01 -2.58372605e-01
    1.10518897e+00 8.58130038e-01 -3.44856828e-01 -5.63354552e-01
    1.34452689e+00 3.20355296e-01 -2.55601376e-01 1.98752657e-01
    7.07037866e-01 1.10445535e+00 1.65136611e+00 2.17179179e+00
    1.99632332e-01 1.68123937e+00 6.22896016e-01 1.19628954e+00
    7.82873392e-01 5.18117249e-01 4.49976046e-03 1.72994936e+00
    1.41703641e+00 1.37947237e+00 4.99948710e-01 1.33571136e+00
    -5.31077206e-01 1.68051744e+00 1.79639685e+00 1.82091188e+00
    1.56861019e+00 9.41323936e-01 6.85348749e-01 1.60608625e+00
    1.18310928e+00 -6.40967488e-01 1.34924519e+00 -9.95384753e-02
    -4.96770181e-02 5.88766873e-01 4.66521502e-01 -6.53157234e-01
    1.17568128e-01 -5.28207421e-01 1.29688203e+00 1.44055378e+00
    -5.01035213e-01 1.04894400e+00 -4.07294720e-01 1.17697167e+00
    -7.40185380e-01 9.90081728e-01 1.45554328e+00 1.41508901e+00
    4.28978771e-01 2.53173232e-01 1.07938981e+00 1.59145355e+00
    3.02978337e-01 1.82608128e+00 -3.95034522e-01 -5.69339693e-01
    1.33845091e+00 -5.28271556e-01 5.80806792e-01 3.71471077e-01
    6.17073536e-01 -1.89451966e-02 1.53928125e+00 1.20837891e+00
    -8.11930358e-01 2.59964257e-01 1.96907520e-01 1.23571312e+00
    6.45163059e-01 1.07839115e-01 -8.33516240e-01 2.26886403e-02
    1.29778123e+00 -8.58665526e-01 1.61205208e+00 9.32935119e-01
    1.25554013e+00 7.07348406e-01 1.44329095e+00 2.83597410e-01
    1.43995304e-02 8.41456652e-01 -4.93855923e-02 -6.85907081e-02
    1.80794418e+00 1.34980726e+00 1.32857001e+00 -5.32081306e-01
    4.95711237e-01 1.57033718e+00 5.86284220e-01 -7.47755229e-01
    -7.00273871e-01 -4.32983339e-01 1.76444590e-01 2.91148990e-01
    -3.49306911e-02 9.54874933e-01 1.72348118e+00 2.14910313e-01
    5.06991863e-01 2.55480349e-01 -4.23616022e-01 3.55163723e-01
    -4.55384403e-02 7.13424504e-01 -8.04482818e-01 -4.31228280e-01
    1.06733775e+00 -3.56332064e-01 1.77584529e+00 1.22129798e+00
    -1.49784788e-01 9.70112264e-01 6.12420201e-01 -3.09465736e-01
    -9.61199328e-02 -4.92535681e-01 6.15350977e-02 1.15965152e+00
    5.95356598e-02 7.08153725e-01 -5.38263679e-01 7.12774515e-01
    4.65997636e-01 1.20376217e+00 1.54514277e+00 1.06798959e+00
    6.51674390e-01 -5.99375188e-01 7.36013234e-01 1.32628036e+00
    -1.92357838e-01 8.56214643e-01 -8.01116765e-01 5.87007403e-01
    -7.44385496e-02 1.58816707e+00 1.28368914e+00 -2.21585512e-01
    1.20041680e+00 1.20965266e+00 1.82501698e+00 1.03399718e+00
    7.25481033e-01 8.01122785e-02 1.86597958e-01 1.03351331e+00
    -3.37899655e-01 1.04702508e+00 1.47114241e+00 4.25767899e-01
    1.44871473e-01 6.40099406e-01 1.68963170e+00 1.55891681e+00
    3.64878885e-02 5.93057394e-01 1.64243722e+00 -7.14683533e-01
    1.18155897e+00 1.02700341e+00 4.02331918e-01 4.67114210e-01
    -6.19217694e-01 1.22659408e-01 1.46241331e+00 1.17114317e+00
    1.72305334e+00 -2.66325444e-01 1.80683541e+00 7.23019898e-01
    -7.70964503e-01 4.12484378e-01 -6.73179269e-01 -3.75116765e-02
    3.61108422e-01 1.46384978e+00 -5.99426739e-02 9.11991835e-01
    -1.07575012e-02 1.11202109e+00 1.35341680e+00 -5.58906376e-01
    3.27935696e-01 1.32426524e+00 2.61007875e-01 2.70311516e-02
    1.71855485e+00 -1.98650107e-01 2.79498119e-02 4.68115330e-01
    1.58223164e+00 -5.91647267e-01 1.21328485e+00 1.08881116e+00
    1.51232767e+00 6.97126269e-01 9.34607983e-01 -6.19957317e-03
    1.11360967e+00 -1.18798420e-01 5.64731121e-01 1.58818233e+00
    -7.56998360e-01 9.87128437e-01 1.55922627e+00 -4.53967229e-02
    -8.29899967e-01 8.15613985e-01 -7.11766362e-01 2.33234331e-01
    9.84160125e-01 7.77026653e-01 -3.50482672e-01 1.52294147e+00
    8.73982608e-01 1.50484574e+00 9.54333127e-01 8.24620724e-02
    -7.42840588e-01 4.98597175e-01 1.03772414e+00 -2.61871278e-01
    6.52553141e-01 2.17921674e-01 1.25508606e+00 -2.28008777e-01
    1.22848856e+00 3.61129463e-01 -4.80002791e-01 6.03163183e-01
    6.59500539e-01 1.17221475e+00 -1.50715783e-01 7.77947426e-01
    -7.99231753e-02 1.44617236e+00 1.79153669e+00 6.64734602e-01
    8.11319053e-01 7.50638008e-01 1.04022479e+00 -5.73159933e-01
    7.11292177e-02 3.55136782e-01 -2.10147336e-01 1.51804149e+00
    1.88086390e+00 -9.13764238e-02 -7.99413919e-01 8.90497804e-01
    -4.53356445e-01 1.55969810e+00 -2.84889668e-01 -6.83572367e-02
    -5.60253680e-01 8.71437967e-01 -4.71929252e-01 -6.20553911e-01
    1.15633273e+00 1.02654386e+00 1.60294914e+00 -2.67618924e-01
    -1.67134985e-01 9.99008358e-01 9.42517042e-01 2.01549602e+00
    1.41371757e-01 1.39158368e+00 1.25876391e+00 -6.41148508e-01
    9.24018621e-01 1.84723282e+00 1.48403847e+00 -1.93555400e-01
    1.68025494e+00 2.37907529e-01 -4.19534534e-01 3.60710829e-01
    9.87309158e-01 -4.28768694e-01 9.74282026e-01 1.06466973e+00
    -6.27489865e-01 9.06757772e-01 -1.95187494e-01 8.97778511e-01
    -1.92175627e-01 3.39328557e-01 -5.38879514e-01 -8.19847763e-01
    1.30811930e+00 1.60169053e+00 1.72770643e+00 9.30656910e-01
    9.01520133e-01 7.47279227e-01 8.01998019e-01 1.22733426e+00
    -5.35390496e-01 -2.73507625e-01 7.54104078e-01 6.93278313e-01
    7.29676366e-01 -7.53061712e-01 5.80301583e-01 2.14996010e-01
    -4.05999064e-01 1.08531237e+00 4.57917929e-01 -4.53985393e-01
    -3.92733186e-01 1.55725133e+00 1.38244367e+00 1.35946035e+00
    1.65992796e+00 5.62830269e-01 8.10091674e-01 -7.82061696e-01
    8.40567887e-01 7.11046383e-02 6.76120341e-01 1.13484526e+00
    -5.78924060e-01 8.07716787e-01 7.72166789e-01 1.81150341e+00
    2.58198380e-01 -3.39367598e-01 6.48164034e-01 3.78731757e-01
    -4.10774350e-02 1.26547241e+00 9.18001652e-01 1.47397244e+00
    -6.34925902e-01 1.02917790e+00 -4.28492248e-01 1.40585828e+00
    3.30029912e-02 9.21686292e-01 -5.06998718e-01 1.43680739e+00
    -4.01804924e-01 1.40175819e+00 1.39573145e+00 7.55485296e-02
    5.43332875e-01 1.49327362e+00 3.27073216e-01 6.56293511e-01
    -2.60791212e-01 1.61053622e+00 4.75694597e-01 1.01103187e+00
    -3.69334072e-02 9.36655700e-02 6.69759572e-01 1.46591389e+00
    3.74848425e-01 8.02488506e-01 -5.59372425e-01 -5.61866641e-01
    8.38589072e-01 7.64476180e-01 1.10816824e+00 9.14178714e-02
    2.04875469e-01 1.72502232e+00 3.29651117e-01 6.01434052e-01
    -4.73686397e-01 1.88515520e+00 5.90849340e-01 1.00122310e-01
    -5.12366295e-01 1.85322070e+00 1.69865513e+00 -7.82385528e-01
    2.70507038e-01 1.32849908e+00 1.09653354e+00 1.10165799e+00
    1.81064129e+00 -5.49311519e-01 -2.43082777e-01 4.07513380e-01
    1.56871974e+00 -2.13918850e-01 1.14676845e+00 1.14148819e+00
    4.58010107e-01 -4.99970049e-01 7.76385069e-01 2.86880255e-01
    1.44446576e+00 1.35661638e+00 1.39678359e+00 -5.75088441e-01
    -6.75246835e-01 -1.27982855e-01 -9.85264853e-02 -6.07573509e-01
    1.75349486e+00 -2.28113774e-03 1.63324034e+00 1.14820182e+00
    1.13447607e+00 -3.54781330e-01 1.69043803e+00 -1.77322447e-01
    1.23774934e+00 1.82666048e-01 -2.92560041e-01 1.49037588e+00
    -1.98291212e-01 -7.82409072e-01 -8.78984034e-01 3.77427399e-01
    1.19609213e+00 -1.38607576e-01 1.29876661e+00 1.16757226e+00
    -4.03702945e-01 1.57480967e+00 1.77126515e+00 5.76571345e-01
    1.83702266e+00 -2.13731766e-01 1.08827424e+00 1.72055423e+00
    5.21288753e-01 -2.64862776e-01 -7.12106466e-01 1.84963012e+00
    8.04527879e-01 1.11808562e+00 -2.23610535e-01 4.86290097e-01
    3.91874537e-02 4.71068740e-01 2.11343423e-01 1.43845785e+00
    -8.77811432e-01 -4.60204244e-01 -8.72137249e-01 1.43031573e+00
    -2.11966798e-01 -4.47605312e-01 -1.82741359e-01 -3.11652452e-01
    -5.94040528e-02 1.69725430e+00 1.02058339e+00 -7.89984822e-01
    1.01430535e+00 -6.53167069e-01 -5.27082443e-01 1.01693380e+00
    2.03286096e-01 -3.14586431e-01 -6.64777637e-01 3.99089813e-01
    4.68656063e-01 1.19751990e+00 7.29568779e-01 -6.84379578e-01
    1.48919618e+00 1.56185722e+00 1.36456466e+00 -5.68564003e-03
    5.71372211e-01 2.64801264e-01 1.09443617e+00 6.84247911e-01
    5.11028588e-01 1.50233284e-02 3.30919117e-01 2.38241777e-01
    1.27884150e+00 1.74452615e+00 4.14816365e-02 1.12513411e+00
    8.06909263e-01 1.15587425e+00 9.62145850e-02 -2.52652854e-01
    7.64778554e-01 1.81399393e+00 9.05592740e-01 -6.58730090e-01
    1.01303244e+00 1.85398841e+00 -2.37321571e-01 8.34472239e-01
    3.33599597e-01 -5.61150312e-01 5.82965732e-01 6.98327422e-01
    1.52940440e+00 -8.59324217e-01 8.79772127e-01 -4.75732028e-01
    -3.01668439e-02 3.07972103e-01 1.53170037e+00 -7.04658449e-01
    5.62932432e-01 -3.74968529e-01 6.19033277e-01 3.13490897e-01
    6.12249255e-01 9.80926871e-01 6.83333576e-01 1.10546863e+00
    -4.63682979e-01 1.63119376e-01 9.39293444e-01 2.42697760e-01
    2.04772308e-01 -3.11126143e-01 1.56620479e+00 1.61041117e+00
    8.73186648e-01 1.57207525e+00 2.32884303e-01 -6.44460022e-01
    9.88619268e-01 8.49986553e-01 -3.64654839e-01 1.80347526e+00
    1.12033784e+00 9.64240134e-01 7.21503675e-01 1.71075881e-01
    5.88584483e-01 1.14255679e+00 1.78938532e+00 -1.25348136e-01
    -6.74252927e-01 1.70906091e+00 -2.48003140e-01 5.14782548e-01
    1.58664715e+00 8.98217976e-01 5.29664516e-01 1.19073653e+00
    1.49426222e+00 -4.62210864e-01 4.36482914e-02 -4.91358787e-01
    6.70758069e-01 6.03372335e-01 -7.23664641e-01 -3.24259758e-01
    -6.99812889e-01 1.38734698e+00 1.73015380e+00 -3.51211041e-01
    1.56290209e+00 -3.96791339e-01 -4.56001937e-01 -7.20809758e-01
    2.98698038e-01 1.38382757e+00 1.06071568e+00 5.81039906e-01
    1.29385781e+00 1.93234161e-02 -1.19978063e-01 -5.62619328e-01
    1.36894524e+00 1.11756611e+00 -3.13083589e-01 1.58715099e-01
    1.32011247e+00 1.36423945e+00 1.13207638e+00 1.00642967e+00
    1.76817179e+00 -4.95272040e-01 1.55732250e+00 1.11856163e+00
    9.12338018e-01 3.84433329e-01 1.49570179e+00 -2.90498197e-01
    1.10435390e+00 -8.47235262e-01 3.47272485e-01 -2.11142510e-01
    -5.02835810e-02 1.60839796e-01 1.56180525e+00 5.19950092e-01
    -5.51785946e-01 1.33174443e+00 -1.89875633e-01 4.45933610e-01
    -5.22275925e-01 -1.95414737e-01 1.82767987e+00 1.05750585e+00
    1.42901742e+00 -8.19941938e-01 1.23754680e+00 -8.12110066e-01
    1.30808562e-01 -5.59982896e-01 1.80852914e+00 -4.93478447e-01
    -5.51887035e-01 -4.05562043e-01 7.36080587e-01 1.56110835e+00
    1.64736724e+00 -4.85360503e-01 2.76598215e-01 6.99263990e-01
    4.89562243e-01 -5.26944458e-01 3.60424459e-01 -5.12911379e-01
    3.61998022e-01 -6.39087975e-01 1.82633150e+00 -6.07628942e-01
    8.29675853e-01 -1.51883066e-01 1.38020504e+00 6.83942378e-01
    4.09996748e-01 8.02784920e-01 1.01249504e+00 6.43736064e-01
    1.14283717e+00 -6.81234658e-01 -2.73142364e-02 -8.14439118e-01
    1.47044754e+00 -1.32672936e-01 6.50248587e-01 1.63175082e+00
    9.88364577e-01 1.69817984e-01 8.62184048e-01 3.36542130e-01
    -4.94013518e-01 9.04490232e-01 -5.07222533e-01 1.71429169e+00
    1.50826275e+00 5.51250160e-01 -1.16184965e-01 9.67714727e-01
    9.10213053e-01 1.72754335e+00 1.03259929e-01 3.34624857e-01
    1.61838010e-01 -6.69136524e-01 1.65878510e+00 1.17217267e+00
    2.80643459e-02 -3.19507897e-01 -4.29913431e-01 1.42597318e-01
    1.65301871e+00 2.01467029e-03 -1.00787982e-01 4.68102485e-01
    1.75997746e+00 9.21823084e-01 1.86251438e+00 5.94722688e-01
    1.33957577e+00 8.01886380e-01 1.43067324e+00 -3.24973077e-01
    1.02171803e+00 5.90068877e-01 1.55383348e+00 1.17589104e+00
    5.05580544e-01 -5.40850580e-01 1.29374385e+00 1.33197534e+00
    9.24261928e-01 5.39951801e-01 1.77717194e-01 -4.03598875e-01
    -7.07178175e-01 3.48955303e-01 1.36443603e+00 1.58734918e+00
    1.75245094e+00 1.35167587e+00 1.11386955e+00 1.57895494e+00
    1.35299313e+00 1.00440890e-01 1.34002876e+00 -7.85415411e-01
    1.18304896e+00 -6.97115213e-02 -5.50928593e-01 1.28536940e+00
    8.13464284e-01 -2.23591402e-01 -2.13759288e-01 -5.15316188e-01
    7.05123901e-01 6.12155616e-01 1.10317159e+00 1.54129732e+00
    8.48125100e-01 2.60156691e-01 -8.05828273e-01 1.70382333e+00
    1.74790025e+00 5.31042397e-01 1.61476564e+00 -5.07080436e-01
    1.00688863e+00 6.37112379e-01 -5.15391707e-01 7.31434703e-01
    4.45393145e-01 1.57049668e+00 5.68010807e-01 1.05186015e-01
    -6.08693480e-01 5.23945212e-01 1.23249614e+00 1.45319319e+00
    8.86245668e-01 1.78955519e+00 -2.06889927e-01 3.37612569e-01
    1.00848269e+00 1.19580910e-01 1.36734259e+00 -5.45341134e-01
    3.19898337e-01 7.67859876e-01 -5.04839979e-02 1.11646831e+00
    1.76109624e+00 8.32493186e-01 5.81036627e-01 -3.51933151e-01
    -4.41882610e-01 9.54088151e-01 9.94535804e-01 1.80652761e+00
    2.59844363e-01 4.62670205e-03 1.51194894e+00 -3.49192739e-01
    1.39128542e+00 -1.29922986e-01 5.20228744e-01 4.21114534e-01
    -4.96748745e-01 2.77751803e-01 6.31092787e-01 1.74484086e+00
    1.31506884e+00 4.79046881e-01 1.52480340e+00 1.05398810e+00
    3.13916892e-01 1.78691113e+00 -5.33983745e-02 1.20380235e+00
    1.54773247e+00 8.96733522e-01 1.91289914e+00 1.43995309e+00
    -1.15225278e-01 -5.92330277e-01 1.40498829e+00 -4.70882431e-02
    -7.10906446e-01 4.24145103e-01 1.30918729e+00 2.23036841e-01
    9.00761038e-02 4.68832463e-01 4.40878123e-01 9.32570100e-01
    -2.44587258e-01 -2.55979914e-02 1.83364749e+00 -5.18497169e-01
    -7.37752855e-01 3.98176193e-01 1.89325750e+00 7.72956729e-01
    1.29280984e+00 1.70344651e+00 5.48009515e-01 -8.24272990e-01
    1.04620230e+00 1.30491734e+00 1.71828568e+00 1.29867864e+00
    1.38740003e+00 1.36330533e+00 -4.50784490e-02 1.73132384e+00
    1.33883491e-01 1.45337903e+00 1.56816804e+00 -1.54638290e-01
    -3.13919127e-01 2.79946983e-01 9.34750080e-01 5.15538990e-01
    6.90194666e-01 -7.88733780e-01 9.57221925e-01 6.86555684e-01
    4.10625309e-01 1.09017539e+00 1.72129023e+00 4.81354922e-01
    1.09273267e+00 7.85408735e-01 -4.84700114e-01 6.86226785e-02
    -4.30216014e-01 1.10281885e+00 -6.75424576e-01 1.10161662e+00
    -6.68109477e-01 6.33069396e-01 -3.75025496e-02 1.73730600e+00
    2.46698782e-02 1.19246495e+00 1.09945786e+00 2.72602975e-01
    8.13925445e-01 1.66799140e+00 1.73724079e+00 2.63944626e-01
    -3.82362247e-01 1.54475188e+00 -7.79279470e-01 1.63509023e+00
    -4.16743845e-01 8.68148327e-01 -6.44351363e-01 1.77782261e+00
    2.58715332e-01 -2.29050383e-01 7.47510195e-01 -6.90928638e-01
    1.83138919e+00 2.85284936e-01 1.73433805e+00 -7.10811853e-01
    1.39986515e-01 -7.01764598e-02 2.58872420e-01 1.75505280e-01
    8.17183495e-01 1.32003105e+00 -3.77353549e-01 2.58921236e-01
    1.97241485e-01 1.29866076e+00 8.34931910e-01 -3.41113448e-01
    5.47187567e-01 8.89122635e-02 7.36262441e-01 -1.20607935e-01
    1.06610693e-01 -7.43349850e-01 1.68036842e+00 4.09346998e-01
    9.04817939e-01 1.69016922e+00 7.69905567e-01 -6.42685890e-01
    -2.14273706e-01 9.25023377e-01 -5.55356026e-01 2.55618751e-01
    7.78872430e-01 1.08374107e+00 1.60823095e+00 1.12275803e+00
    -2.13210750e-02 1.37821043e+00 9.66583729e-01 3.19871128e-01
    6.20591998e-01 5.15936553e-01 2.25280926e-01 -6.87400579e-01
    -6.19052291e-01 4.96047080e-01 6.29092097e-01 1.66065133e+00
    1.08878839e+00 -6.03200436e-01 3.86337191e-01 1.77081570e-01
    1.26175582e+00 -5.51228940e-01 -5.21314919e-01 1.66812801e+00
    6.12176239e-01 1.36612495e-02 -7.83617735e-01 -1.52110159e-01
    -8.59486401e-01 -1.76599130e-01 6.97498798e-01 1.73365080e+00
    1.50462604e+00 1.81200504e+00 6.28339231e-01 -4.81597334e-01
    4.08466130e-01 1.78593004e+00 -5.87137640e-01 1.67338097e+00
    -6.86521471e-01 7.04141930e-02 1.30203784e+00 1.04357111e+00
    -1.12473913e-01 1.22239494e+00 1.06287324e+00 1.20032465e+00
    5.17948925e-01 1.28243518e+00 -8.03880453e-01 8.59365642e-01
    9.14056301e-01 1.28400290e+00 1.54788232e+00 6.50732875e-01
    -6.95693135e-01 1.15100682e+00 7.35614002e-01 1.31894314e+00
    2.07947582e-01 2.39625141e-01 -1.77281369e-02 3.98760408e-01
    1.41372943e+00 1.09945750e-02 1.82675076e+00 1.73400092e+00
    -5.30301452e-01 1.71752274e+00 -6.66939318e-01 8.38738799e-01
    -8.44239354e-01 9.79297459e-01 5.80809116e-01 1.03341126e+00
    1.62102425e+00 -4.61442202e-01 1.38970768e+00 1.75350213e+00
    1.81496298e+00 6.81053340e-01 1.76728821e+00 -6.24192774e-01
    9.09542680e-01 8.85016263e-01 -3.27341437e-01 -8.70346904e-01
    -4.42786396e-01 -4.67674136e-01 1.48186505e+00 4.14358705e-01
    6.63822234e-01 5.88865221e-01 1.14234507e+00 9.01426375e-01
    -7.05330491e-01 1.43200696e+00 9.07106578e-01 1.44381368e+00
    -7.71231949e-01 -5.71542144e-01 4.71684307e-01 1.82272208e+00
    -2.62650281e-01 9.55713332e-01 1.15240264e+00 6.65357649e-01
    -5.94600379e-01 -5.21866381e-01 -5.95109940e-01 -8.06788504e-01
    1.81854770e-01 -2.16584429e-01 7.25471139e-01 1.83305907e+00
    1.23479202e-01 -2.72221640e-02 -5.70383847e-01 1.73929238e+00
    9.52799022e-01 9.41689074e-01 6.84455812e-01 4.93323773e-01
    -6.67970002e-01 1.74455559e+00 -3.94209288e-02 1.50315332e+00
    1.50265157e+00 1.44378233e+00 2.15407714e-01 -6.60849214e-01
    -3.30447048e-01 7.66947508e-01 7.91877449e-01 -1.57597214e-01
    1.73756278e+00 8.83672118e-01 1.58827758e+00 1.70623374e+00
    -1.04567654e-01 1.58423090e+00 1.54566920e+00 1.52652168e+00
    1.48071003e+00 -6.99835658e-01 -2.87214100e-01 -6.49628639e-01
    4.94800806e-01 -7.25410402e-01 1.73550457e-01 -4.77590829e-01
    1.46443582e+00 1.21144295e+00 1.83110547e+00 -8.74305964e-02
    -4.80241865e-01 -5.52215219e-01 4.96583730e-01 1.79501975e+00
    1.82219493e+00 -1.81817606e-01 5.69122732e-01 -4.00564492e-01
    -7.99672976e-02 4.06292349e-01 2.87654191e-01 -2.24466488e-01
    8.15435171e-01 1.12145865e+00 8.81258965e-01 -6.00360036e-01
    -6.55759394e-01 2.83831239e-01 9.25141335e-01 1.47237337e+00
    1.26125526e+00 6.06258690e-01 4.94080275e-01 7.46135533e-01
    -1.79240242e-01 1.20275331e+00 1.74765718e+00 1.11723804e+00
    1.01928139e+00 1.46353170e-01 6.48793638e-01 1.05830359e+00
    9.08863842e-02 4.27329093e-01 1.74056816e+00 1.70419276e+00
    -4.14651990e-01 1.75681874e-01 -6.75977767e-01 -3.73757750e-01
    1.56573617e+00 4.93847191e-01 1.71247053e+00 4.78754729e-01
    5.21004982e-02 1.54955661e+00 3.95533532e-01 1.16443276e+00
    1.01366293e+00 3.00070494e-01 1.00749588e+00 1.55383611e+00
    -1.71857461e-01 1.20674348e+00 1.04116090e-02 -3.52706552e-01
    8.65050077e-01 1.42904699e+00 -5.73144853e-01 1.26507783e+00
    -8.32484245e-01 2.31019348e-01 -4.48862821e-01 1.35283208e+00
    -8.73812318e-01 1.52659261e+00 1.51959264e+00 1.54576588e+00
    1.76620507e+00 -7.06305146e-01 1.71455812e+00 7.37068176e-01
    5.78601956e-01 5.64594924e-01 7.24831879e-01 -6.48397267e-01
    1.19948268e+00 1.19246447e+00 2.48050734e-01 1.47336006e+00
    -9.78887677e-02 1.38327882e-01 1.17508864e+00 1.81304181e+00
    9.61031735e-01 -3.11934978e-01 1.37259007e+00 1.73152018e+00
    1.83126748e+00 -5.92312872e-01 1.76093864e+00 1.15775383e+00
    3.27172697e-01 5.39179921e-01 -7.19144106e-01 9.63847518e-01
    1.66936874e+00 8.52346182e-01 -4.73960876e-01 1.06151216e-01
    2.22981989e-01 1.54426825e+00 -2.57642925e-01 1.75738502e+00
    9.05358419e-02 -5.59371896e-03 1.09280133e+00 -8.34571362e-01
    -5.52326500e-01 9.18020606e-01 -1.47751778e-01 1.18447936e+00
    7.70465910e-01 1.28745770e+00 1.55917168e+00 1.18326390e+00
    1.54737663e+00 1.09032607e+00 -4.75325525e-01 1.39040232e+00
    -6.28995597e-02 5.84184825e-01 2.66520351e-01 1.53847063e+00
    1.44475973e+00 -7.59927213e-01 2.57081062e-01 1.84737947e-02
    9.45968449e-01 6.41990781e-01 1.91339716e-01 7.69830644e-01
    -4.95845735e-01 3.68792713e-01 -7.20626414e-01 -4.37471509e-01
    -1.65186718e-01 -5.98697484e-01 -7.82369614e-01 8.79218161e-01
    -4.38670069e-01 -2.49513954e-01 4.81883705e-01 7.87694275e-01
    2.24352285e-01 1.72652769e+00 -7.82285810e-01 -6.86115026e-01
    6.59374297e-01 1.64992213e+00 -1.48050874e-01 1.69713870e-02
    2.16145426e-01 1.28312719e+00 1.04669273e+00 1.29086852e+00
    1.04450834e+00 1.28883028e+00 7.82995760e-01 9.05282021e-01
    2.50555634e-01 4.53930020e-01 9.08702850e-01 2.33503282e-01
    1.22537541e+00 1.74769747e+00 7.85343945e-01 1.02086616e+00
    1.98939025e-01 -6.00641251e-01 5.43815196e-01 -3.78458887e-01
    5.20943880e-01 1.02958187e-01 -4.31300342e-01 7.76369214e-01
    1.26670487e-02 6.86470568e-01 1.53044355e+00 6.91147923e-01
    -7.73848057e-01 -6.82658732e-01 9.43025053e-01 -5.90161800e-01
    -3.63774896e-01 1.89518899e-01 9.19217527e-01 1.78427207e+00
    8.53743494e-01 2.33402222e-01 1.24283767e+00 1.60733032e+00
    -5.22562921e-01 -5.77991903e-01 9.37154293e-02 1.93074420e-01
    1.84786654e+00 -1.67573437e-01 1.78668535e+00 5.94934821e-01
    6.67026699e-01 1.63895190e+00 3.54535908e-01 -6.36087775e-01
    -1.23792782e-01 -4.14207190e-01 1.95928335e-01 6.30209804e-01
    1.83040559e+00 1.74042135e-01 6.19836330e-01 2.54504263e-01
    6.72855139e-01 1.00179136e+00 1.58156145e+00 7.39665926e-01
    -3.97926122e-01 -3.37007761e-01 1.65553188e+00 1.35283089e+00
    -7.98552632e-01 -3.66922677e-01 -5.69054008e-01 1.53603804e+00
    -5.06904662e-01 -7.73262501e-01 3.94654483e-01 -7.01023757e-01
    3.20856601e-01 1.03044197e-01 3.21204543e-01 9.52175200e-01
    1.73617736e-01 6.50487542e-01 1.85674894e+00 1.72268271e-01
    7.07295299e-01 -3.25745434e-01 1.86783385e+00 8.92734945e-01
    5.96224606e-01 2.03427529e+00 1.74430668e+00 1.86136782e+00
    1.50455356e-01 6.76371872e-01 1.43059444e+00 8.51866484e-01
    -3.60299312e-02 4.00556237e-01 1.46614432e+00 1.73773754e+00
    -1.42773435e-01 -3.08777750e-01 1.37027371e+00 1.27350843e+00
    -4.00344342e-01 1.39754486e+00 7.48000503e-01 1.82820845e+00
    9.14064705e-01 4.85281974e-01 1.17916965e+00 1.17241073e+00
    4.10034537e-01 1.31536818e+00 5.57993352e-01 2.44430125e-01
    1.42971659e+00 1.26829028e+00 9.06392932e-02 -6.71880901e-01
    1.65895593e+00 -2.93017346e-02 1.40437984e+00 9.80844259e-01
    1.30518639e+00 3.15103531e-02 1.09432292e+00 1.44151485e+00
    4.98859823e-01 2.14010775e-01 -1.67510420e-01 1.42775071e+00
    6.84107184e-01 -8.18663120e-01 1.09418428e+00 8.78405452e-01
    1.78821278e+00 1.38899481e+00 1.48272943e+00 1.02533913e+00
    1.37307435e-01 1.19248402e+00 5.71475506e-01 9.55800951e-01
    1.42500067e+00 8.82415116e-01 1.07513748e-01 -5.31064332e-01
    1.33771658e+00 1.69390416e+00 -4.59191501e-01 1.15855746e-01
    7.12306976e-01 2.09194779e-01 -5.17069578e-01 9.88187551e-01
    4.13890988e-01 -1.15721576e-01 4.35426831e-01 6.43264472e-01
    1.80710340e+00 1.10288572e+00 1.54128850e+00 -8.26704800e-01
    4.60801631e-01 1.53227043e+00 8.41966569e-01 -4.39587981e-01
    -2.04694331e-01 -5.60634673e-01 1.50263536e+00 9.70936716e-02
    3.65237206e-01 6.95179343e-01 1.19980085e+00 1.79543352e+00
    1.27698445e+00 -7.48454154e-01 -8.01444873e-02 9.90428627e-01
    1.38626325e+00 2.36582737e-02 -6.72891080e-01 -5.87156415e-01
    1.19373396e-01 8.78164828e-01 1.69624880e-01 1.76712871e+00
    1.34633565e+00 8.19643378e-01 -4.66490388e-01 -3.64282787e-01
    1.17514646e+00 4.82326031e-01 1.44690597e+00 5.83562374e-01
    1.53391588e+00 -4.15463060e-01 -7.52402127e-01 1.67717755e+00
    -2.31939569e-01 8.37941527e-01 1.25869370e+00 -5.86051524e-01
    8.12214851e-01 -2.49267384e-01 1.47232902e+00 1.44289827e+00
    -7.69076228e-01 2.83679128e-01 -7.65656292e-01 9.80234325e-01
    8.77645314e-01 6.88706815e-01 4.69074130e-01 -6.08477175e-01
    8.19690883e-01 1.27686173e-01 1.49070776e+00 1.10444200e+00
    -8.31503987e-01 6.17235541e-01 2.11344376e-01 -7.29760766e-01
    1.19627357e+00 -7.12716937e-01 9.98833895e-01 1.42480659e+00
    1.61319822e-01 -7.04945624e-01 2.25342602e-01 -4.51504529e-01
    8.88539013e-03 -2.17681170e-01 1.28249931e+00 1.61177480e+00
    1.79311883e+00 1.20908663e-01 1.50893581e+00 -6.65421724e-01
    5.77161849e-01 8.05319697e-02 8.79851937e-01 -8.25227439e-01
    6.04107618e-01 1.78179577e-01 6.25744224e-01 -2.68160939e-01
    4.72819388e-01 9.52665091e-01 1.70992720e+00 9.66074288e-01
    1.38954711e+00 9.90383148e-01 1.22993457e+00 1.49550879e+00
    -6.21949971e-01 4.50491935e-01 1.46487296e+00 1.77956641e+00
    -7.69304514e-01 -3.85360509e-01 -7.11151659e-01 -2.75092199e-02
    -4.56946433e-01 8.41572821e-01 -1.47949681e-01 1.50631452e+00
    1.59659922e+00 -2.48846158e-01 1.53685594e+00 1.36864126e+00
    6.68840349e-01 -3.21581364e-01 1.28243124e+00 8.08817863e-01
    6.85637116e-01 1.21877265e+00 -5.75623274e-01 7.20001400e-01
    1.56236565e+00 1.66442060e+00 1.34116912e+00 1.34311974e+00
    2.33265191e-01 1.21593285e+00 4.34150279e-01 1.67791247e+00
    1.34935987e+00 1.86704263e-01 1.08022881e+00 1.45928276e+00
    9.97935593e-01 1.68343151e+00 8.86750877e-01 -1.16678484e-01
    6.56941772e-01 -6.11646056e-01 -6.32070780e-01 -5.00210404e-01
    -5.75565882e-02 1.16642427e+00 1.20712781e+00 -8.71177912e-01
    -4.93829906e-01 -5.96886277e-01 -4.44001138e-01 1.92832816e-02
    9.75214839e-02 3.71434927e-01 -1.20064683e-01 -5.08814037e-01
    9.45787132e-01 -2.35854819e-01 8.61390054e-01 -7.21706748e-01
    -5.39603591e-01 7.25135028e-01 -5.14956303e-02 1.55653274e+00
    1.07834041e+00 7.69469559e-01 -5.40730774e-01 4.60648894e-01
    -3.84809732e-01 1.53071237e+00 -5.25975078e-02 1.70496011e+00
    7.02504277e-01 1.53595567e+00 1.11129999e+00 9.40406501e-01
    -3.94654930e-01 7.14194000e-01 1.57287455e+00 1.21968246e+00
    1.92981243e+00 6.97308421e-01 9.26259696e-01 1.85297179e+00
    -2.02756390e-01 1.03430533e+00 4.30478215e-01 -4.20329459e-02
    1.37611270e+00 -1.52385488e-01 2.09294701e+00 8.88487935e-01
    1.03259909e+00 1.99254942e+00 -2.64090776e-01 1.35475707e+00
    2.29052067e-01 1.15322959e+00 8.92927349e-01 9.65032041e-01
    1.64930689e+00 1.29515374e+00 -5.77541590e-01 3.95091884e-02
    8.81914258e-01 2.00979356e-02 6.31076097e-01 -3.80756974e-01
    1.85759753e-01 -4.59011421e-02 3.34793627e-01 3.31795663e-01
    1.10841906e+00 3.35550994e-01 7.82217562e-01 1.32046771e+00
    -3.32402349e-01 1.26164532e+00 -2.28675269e-02 -1.25659317e-01
    9.86237705e-01 1.72677338e+00 -2.49187306e-01 -8.38000834e-01
    1.37307692e+00 1.24127734e+00 1.63883889e+00 1.08656490e+00
    1.21271968e+00 6.53370470e-02 1.08710155e-02 7.05491245e-01
    1.39738905e+00 1.44037879e+00 5.31000495e-01 -3.35652322e-01
    9.98791993e-01 -1.33304164e-01 2.80124128e-01 -4.78551686e-01
    -6.46613777e-01 1.14737034e+00 7.25684702e-01 -2.09126055e-01
    1.57046390e+00 1.70245230e+00 9.97502923e-01 1.76483321e+00
    9.93111849e-01 5.50820589e-01 1.23966241e+00 -8.28540981e-01
    -3.37683111e-01 1.74845397e+00 6.46736026e-01 -7.16000497e-01
    3.15740764e-01 -3.44461319e-03 1.72357011e+00 1.58847666e+00
    7.00762451e-01 -2.35264167e-01 1.53351486e+00 1.47247064e+00
    4.84336674e-01 1.09171391e+00 -9.86493528e-02 1.64631975e+00
    1.48933029e+00 1.66623843e+00 4.22940314e-01 -5.69651902e-01
    -3.91495585e-01 7.72161126e-01 5.01452744e-01 5.36941946e-01
    6.10557258e-01 -8.22532892e-01 1.76863337e+00 9.83407736e-01
    8.68291974e-01 1.75772846e+00 -1.65991485e-01 -5.82891941e-01
    7.17221558e-01 2.60100454e-01 -2.17122883e-01 1.78059292e+00
    1.10652041e+00 -8.24579477e-01 1.19663596e+00 8.73591542e-01
    6.48230314e-01 1.54813588e+00 -3.33717883e-01 1.37163317e+00
    1.47614181e+00 1.07409799e+00 -6.11104667e-01 3.99455070e-01
    -4.89988893e-01 1.57398939e-01 -1.86184421e-01 -8.40148568e-01
    1.08006954e+00 8.12335432e-01 -6.15020618e-02 1.71905249e-01
    -6.12872064e-01 1.06771624e+00 1.27576244e+00 1.66642833e+00
    -3.43248665e-01 4.98066694e-01 1.24224877e+00 -3.33695561e-01
    7.11911023e-01 -3.82698447e-01 1.50616693e+00 1.52859831e+00
    4.18701649e-01 1.61099637e+00 6.43522501e-01 4.41155106e-01
    1.07667494e+00 9.67396080e-01 1.48931468e+00 1.06766200e+00
    1.19500601e+00 -1.30608067e-01 1.82308292e+00 2.93228537e-01
    4.59180064e-02 2.43895903e-01 1.07978845e+00 2.54585952e-01
    -7.96900749e-01 -1.97996031e-02 2.70386755e-01 -2.76949316e-01
    5.29856682e-01 -5.56537390e-01 1.86395633e+00 -6.70192897e-01
    3.97768259e-01 -3.02522749e-01 -5.47498345e-01 -7.91973174e-01
    8.57372675e-03 1.83161333e-01 -8.70568037e-01 6.24733329e-01
    1.04089737e+00 1.94482177e-01 -4.02275115e-01 1.45798302e+00
    3.23404312e-01 1.78497779e+00 -6.73246205e-01 6.36665106e-01
    -4.03570354e-01 -3.15513700e-01 -2.24723175e-01 -4.89938647e-01
    6.59373462e-01 3.40449691e-01 -3.99622053e-01 8.30659866e-01
    1.15713942e+00 1.25096536e+00 9.62433457e-01 1.36482501e+00
    -8.96174788e-01 -3.89974236e-01 1.71165550e+00 7.01737702e-01
    8.29885423e-01 -5.19262016e-01 1.00423098e-01 -5.74681878e-01
    9.54272747e-01 1.82977378e-01 1.40271902e+00 -8.96324635e-01
    1.18706226e+00 1.34999275e+00 -6.61379635e-01 -5.07011294e-01
    -2.35523917e-02 -8.03994298e-01 -7.43795872e-01 -7.88399994e-01
    1.63531148e+00 6.74518824e-01 -5.72989464e-01 1.79875624e+00
    9.03411090e-01 1.78782952e+00 -7.96283126e-01 -8.12978745e-02
    -5.25756240e-01 5.48051775e-01 1.36852908e+00 1.34640002e+00
    6.14668310e-01 7.03510046e-02 3.77188236e-01 1.18876326e+00
    1.23460126e+00 7.00657547e-01 6.77481949e-01 5.95134318e-01
    -4.49478477e-01 -3.78696024e-01 -7.79904664e-01 -4.37481672e-01
    9.00649190e-01 1.20839572e+00 -6.29797220e-01 2.23282441e-01
    -6.42276525e-01 1.55451846e+00 1.01366866e+00 -3.19889754e-01
    3.20114642e-02 1.44480252e+00 6.72246754e-01 -8.41143370e-01
    -7.81067833e-02 -4.72372502e-01 1.52255130e+00 3.62310559e-01
    -8.42734456e-01 9.79489267e-01 -6.45622835e-02 -7.97309637e-01
    5.40373206e-01 -1.36285797e-01 6.67055070e-01 5.15489459e-01
    1.83865011e+00 6.57448530e-01 5.99740803e-01 1.04671788e+00
    1.14952838e+00 2.03569627e+00 8.14481974e-01 2.06303525e+00
    1.40297127e+00 2.27121785e-01 -4.74873632e-01 4.47528034e-01
    -2.92076617e-01 2.71261185e-01 -2.93840170e-01 -8.34485769e-01
    3.03960413e-01 9.56865847e-01 4.20650184e-01 1.32604814e+00
    5.33015966e-01 6.89426735e-02 -8.69869441e-02 3.69520932e-01
    1.79872304e-01 3.51094842e-01 1.00530624e+00 -3.32147956e-01
    -1.72242329e-01 2.84259856e-01 1.51188242e+00 -8.64768028e-01
    1.30297792e+00 -8.60287189e-01 1.37632096e+00 1.05135298e+00
    -2.33615980e-01 -3.32137793e-01 -1.36162952e-01 9.88365233e-01
    -7.63795897e-02 -4.93016273e-01 7.07788706e-01 9.35526311e-01
    1.54824281e+00 1.59190941e+00 -3.15045923e-01 1.06955695e+00
    8.72054517e-01 1.66375220e+00 1.45335972e+00 6.51473505e-03
    6.97035313e-01 2.15818286e-01 1.87333182e-01 4.28537875e-01
    1.14054024e+00 9.30099308e-01 5.98306715e-01 -6.12012148e-01
    -9.18106794e-01 4.87987787e-01 -4.06106353e-01 1.76063526e+00
    1.35369432e+00 -7.36289978e-01 1.18245673e+00 -1.40769005e-01
    1.01907480e+00 1.66413069e-01 1.70889759e+00 3.02528501e-01
    -9.70658213e-02 1.58926702e+00 4.20421571e-01 7.65676498e-01
    -6.71607554e-01 3.74167442e-01 1.66445482e+00 9.16014016e-01
    4.48370516e-01 -6.78221524e-01 -2.29472160e-01 -1.91534162e-01
    9.60919380e-01 4.99553345e-02 7.80846179e-01 -3.26603532e-01
    8.91910374e-01 1.33863988e-03 1.28180528e+00 8.99711549e-01
    8.30036640e-01 9.14146900e-01 8.13467503e-01 -8.10371280e-01
    6.20543361e-01 1.16581655e+00 4.67996299e-01 1.17060614e+00
    5.01809835e-01 5.77409089e-01 2.84406334e-01 1.19774067e+00
    -4.89988744e-01 1.70445585e+00 1.14666885e-02 -4.18115973e-01
    -5.81847072e-01 -4.72777069e-01 -8.40636194e-01 -4.94232655e-01
    -7.98529238e-02 7.26826787e-01 5.70279300e-01 6.45697415e-01
    -8.49717438e-01 -1.71604037e-01 4.98400599e-01 2.91920483e-01
    6.47255242e-01 -3.47780973e-01 3.50098431e-01 -8.15699935e-01
    4.39343423e-01 -2.84626871e-01 6.85791075e-01 -7.87340045e-01
    7.85339832e-01 1.54672849e+00 1.53433561e+00 -3.71939093e-01
    1.14201558e+00 9.76702571e-01 -5.09099841e-01 1.22165576e-01
    4.54882950e-01 -8.46152604e-01 1.73532617e+00 9.44835126e-01
    -1.38495162e-01 -3.30214053e-01 -4.64454710e-01 -3.88080627e-01
    9.74855423e-01 1.61516047e+00 6.71778083e-01 7.62735128e-01
    3.34507883e-01 5.34636199e-01 -4.11185265e-01 1.18637264e+00
    1.02346337e+00 1.31236649e+00 -1.28959447e-01 1.25658107e+00
    1.53943634e+00 1.06803489e+00 1.18809432e-01 -5.62593937e-01
    1.21316373e+00 -7.25197256e-01 -8.17578137e-01 1.85650432e+00
    -2.02850640e-01 -5.99342227e-01 7.33582675e-01 9.34267521e-01
    -6.70053005e-01 1.96100697e-01 1.21831119e-01 -6.74757600e-01
    9.78172421e-01 -6.18289351e-01 -6.59965873e-01 -2.75087059e-01
    1.60725296e+00 -7.34296799e-01 6.24380410e-01 7.92015970e-01
    3.72358829e-01 -3.70348394e-01 5.61709046e-01 1.23681664e+00
    -5.54978251e-01 1.30717063e+00 -1.34606495e-01 1.16316116e+00
    1.55319893e+00 2.02462733e-01 2.11867169e-01 -4.92189080e-01
    1.28271997e+00 1.91801697e-01 1.25868750e+00 6.64581299e-01
    -2.58400857e-01 1.59498882e+00 1.46015620e+00 -7.97434747e-01
    -5.59921682e-01 1.23555779e+00 9.10345078e-01 -1.88628644e-01
    1.41726148e+00 7.60210678e-02 1.66097927e+00 1.37129521e+00
    5.55396676e-01 1.72558224e+00 1.72253370e+00 6.68600440e-01
    2.09036618e-01 -6.25193298e-01 -2.43450925e-01 1.63729095e+00
    2.56160676e-01 3.89495879e-01 7.57649302e-01 -7.25032747e-01
    1.32595098e+00 7.45342433e-01 1.45984042e+00 -1.03100650e-02
    1.36940777e+00 4.29110140e-01 9.87729847e-01 1.15265977e+00
    -5.63656390e-01 1.84690070e+00 -1.83580473e-01 -1.74649611e-01
    -8.28787208e-01 2.93596566e-01 1.77608132e+00 -7.69672215e-01
    -3.20603013e-01 3.12865078e-01 -1.10597998e-01 -2.76951611e-01
    -4.48430747e-01 1.63969553e+00 1.32918787e+00 1.71456516e+00
    1.31371200e+00 6.37252986e-01 1.25931191e+00 -2.09438771e-01
    6.26250565e-01 1.38349736e+00 1.00477374e+00 2.72233754e-01
    -6.99991107e-01 7.12981820e-01 1.14630222e+00 1.02223539e+00
    1.95243454e+00 1.32139957e+00 1.22313786e+00 2.06220365e+00
    3.40348780e-02 -3.69585127e-01 8.07013571e-01 -2.24610761e-01
    6.85594499e-01 -4.20006454e-01 -2.98199266e-01 9.85091999e-02
    5.55715680e-01 -1.84572563e-01 7.52131462e-01 1.26511621e+00
    1.77055562e+00 1.21258700e+00 7.33834267e-01 -8.11549649e-02
    -7.19691455e-01 -8.57253790e-01 -1.20186813e-01 1.70695865e+00
    4.64602172e-01 1.69014454e+00 1.57022309e+00 1.16779757e+00
    3.37543428e-01 -7.16108203e-01 9.98054385e-01 -6.41424477e-01
    3.49269152e-01 1.56271279e+00 4.99697149e-01 -2.62284696e-01
    1.05006909e+00 7.43891716e-01 -3.15487266e-01 1.76141453e+00
    1.61018801e+00 8.48733842e-01 9.06954184e-02 5.17193079e-01
    -6.17160320e-01 -2.48781458e-01 -3.33223909e-01 4.56519306e-01
    1.01369642e-01 -6.77989423e-01 -3.28429699e-01 -8.21622491e-01
    9.76289213e-01 -3.11470270e-01 -8.01664233e-01 1.59617558e-01
    1.26609731e+00 -6.98665082e-01 -1.29946187e-01 5.07743120e-01
    1.36362338e+00 -5.01196831e-02 1.31078506e+00 1.78901076e+00
    -2.62990259e-02 1.16813707e+00 1.71585929e+00 1.55310905e+00
    3.16519707e-01 5.44880092e-01 1.62089181e+00 2.81619072e-01
    -3.67361635e-01 5.22665381e-02 2.14064956e-01 -2.06802964e-01
    7.82703698e-01 7.98356116e-01 5.25581837e-01 1.57309246e+00
    -5.20738006e-01 -4.42102164e-01 -5.83675690e-02 1.84824729e+00
    1.60044360e+00 -4.67565358e-01 6.80023372e-01 6.66658655e-02
    -2.53983945e-01 6.69480026e-01 -4.34990644e-01 6.35219574e-01
    -1.18548185e-01 1.03739464e+00 5.70089281e-01 3.63459975e-01
    -5.26670553e-02 1.79230940e+00 6.18681729e-01 5.47914088e-01
    1.23678911e+00 -4.00416320e-03 1.82101524e+00 3.20611924e-01
    1.34506547e+00 1.39097512e+00 -4.40401137e-01 -1.69549480e-01
    -3.95978630e-01 5.21780729e-01 -8.71325374e-01 1.97184578e-01
    -2.67479092e-01 1.46430039e+00 5.76638818e-01 9.87561405e-01
    -2.02516645e-01 -1.41214654e-01 9.92593467e-01 1.44248688e+00
    -7.74600565e-01 1.54481542e+00 1.60692048e+00 -8.07567954e-01
    -2.62014151e-01 1.23728347e+00 4.28773284e-01 9.70657706e-01
    1.03268826e+00 9.39925388e-02 -8.12837780e-01 1.64084232e+00
    1.43791771e+00 1.45160627e+00 1.20352089e+00 -4.86443371e-01
    1.76756358e+00 7.31975913e-01 -5.72847128e-01 3.49076480e-01
    -4.18436527e-02 9.60041881e-01 1.67279625e+00 1.57126331e+00
    -3.05023164e-01 -2.75391966e-01 1.55615902e+00 1.85055983e+00
    1.47518528e+00 -5.70707679e-01 2.37788469e-01 6.42882288e-02
    9.05034184e-01 -4.89609033e-01 3.79780024e-01 1.10641646e+00
    -1.84550628e-01 1.84490979e+00 -4.54976887e-01 1.74156284e+00
    4.68520045e-01 -7.80004323e-01 -4.60748971e-01 -7.12435424e-01
    -7.33762026e-01 9.93181989e-02 1.77955878e+00 1.14814746e+00
    1.55890083e+00 1.65833092e+00 3.84858519e-01 1.75295269e+00
    -3.62893373e-01 4.28389013e-01 -2.47709364e-01 -1.04804806e-01
    1.21058571e+00 1.15633416e+00 1.88524216e-01 7.91690648e-01
    1.45553350e+00 1.04238260e+00 -6.00204229e-01 1.01207399e+00
    -8.34449828e-01 4.38098371e-01 6.48098066e-02 1.20684171e+00
    8.86186838e-01 1.82584012e+00 2.86526561e-01 1.32217634e+00
    1.62943137e+00 -2.12897241e-01 5.60667515e-01 1.37207913e+00
    1.78585291e+00 1.74969524e-01 9.57093358e-01 1.25534117e+00
    3.46793383e-02 1.74518085e+00 5.04816890e-01 -6.87742531e-01
    -3.85998428e-01 7.64773250e-01 -5.85890770e-01 9.02963579e-01
    9.97494996e-01 1.99280471e-01 -4.56075966e-01 5.21507502e-01
    1.52223027e+00 4.21972126e-01 9.40053821e-01 1.05459356e+00
    1.39152122e+00 -7.95546293e-01 1.58432209e+00 1.68837452e+00
    1.13939416e+00 -5.73694408e-01 9.96782705e-02 1.59285140e+00
    -7.99622178e-01 -8.21323931e-01 -1.22651525e-01 4.57877517e-01
    -2.62137085e-01 -3.42793465e-02 1.50393498e+00 9.83578086e-01
    3.75556678e-01 8.70309830e-01 8.88336480e-01 2.92360693e-01
    1.45614612e+00 1.05082881e+00 9.57476258e-01 -1.47567913e-01
    1.55180538e+00 2.05955103e-01 1.17790234e+00 7.70763278e-01
    1.76524913e+00 8.85518491e-01 -1.06835291e-01 1.32144177e+00
    -6.50566697e-01 1.71638954e+00 -5.76407552e-01 -7.02379405e-01
    -4.45427507e-01 -5.16382456e-01 -2.87998915e-01 1.41722274e+00
    7.59226620e-01 1.26486266e+00 6.86117053e-01 2.03183579e+00
    -4.06506151e-01 2.06215954e+00 -2.23533869e-01 7.13833392e-01
    -2.19932199e-01 4.78831708e-01 1.42677259e+00 -1.13453656e-01
    1.84179470e-01 -1.30149901e-01 1.00647497e+00 3.10565174e-01
    9.00838077e-01 -5.02528176e-02 1.51739049e+00 6.78541809e-02
    -1.60994664e-01 2.89342821e-01 1.28644311e+00 4.36217546e-01
    1.18333268e+00 -2.85218537e-01 1.79272449e+00 -3.90366048e-01
    4.97256279e-01 -6.91504240e-01 -4.52546179e-01 4.86962885e-01
    9.05793190e-01 1.73929048e+00 -8.39052200e-01 -2.92369813e-01
    3.78437549e-01 1.00179040e+00 1.60603034e+00 1.67126703e+00
    -4.07206148e-01 6.82513773e-01 1.46508479e+00 -6.35726303e-02
    7.55248889e-02 1.42449045e+00 5.71828485e-01 -7.72724599e-02
    1.63395500e+00 -8.16090032e-02 -8.05303529e-02 1.32065213e+00
    1.56102931e+00 1.21305490e+00 2.51997977e-01 8.22199821e-01
    -1.00976810e-01 -2.36104354e-01 6.60588443e-01 9.37693655e-01
    3.07721198e-02 1.61195815e+00 1.26290178e+00 1.23273981e+00
    -2.11375892e-01 -8.54682624e-01 -3.17337096e-01 7.35302031e-01
    9.50014070e-02 -7.91943192e-01 2.50073485e-02 9.03405249e-01
    -5.81908524e-01 3.56891721e-01 -1.66976303e-01 -2.98932821e-01
    1.84115195e+00 8.13093245e-01 1.72273862e+00 3.90296370e-01
    -6.96171105e-01 -3.70847166e-01 7.21194625e-01 -7.68635392e-01
    -8.36014926e-01 7.94266999e-01 -1.68089569e-01 1.40540612e+00
    1.54582393e+00 5.62799454e-01 -6.63377583e-01 3.94975871e-01
    5.53698242e-01 -8.49555314e-01 -4.14979696e-01 -7.08635747e-02
    1.60724676e+00 8.66868079e-01 5.37229121e-01 -3.15911829e-01
    -3.27085882e-01 -3.97397161e-01 5.22807956e-01 1.05412257e+00
    1.01673520e+00 2.82014221e-01 5.98224759e-01 1.55614123e-01
    9.03661642e-03 4.43635046e-01 5.66364110e-01 1.15832258e-02
    -7.55143523e-01 -1.10282920e-01 3.24654788e-01 1.64093778e-01
    1.26274264e+00 1.11315511e-01 1.51344180e+00 -3.98658961e-01
    9.38980162e-01 -6.48737311e-01 -5.59780717e-01 1.23733677e-01
    1.28644407e+00 8.25959742e-01 -3.17666084e-01 -7.26210117e-01
    1.50178325e+00 -8.08523476e-01 -5.11696041e-01 5.30099154e-01
    2.17105374e-01 4.36434865e-01 4.98173505e-01 6.95442736e-01
    9.96697247e-01 1.17500186e+00 -7.47690558e-01 5.64013064e-01
    -2.86778202e-03 -8.51015389e-01 1.33105159e+00 -9.16922018e-02
    1.19595790e+00 3.55087608e-01 8.95826936e-01 1.05879390e+00
    1.77067840e+00 -4.83259499e-01 -6.70019925e-01 1.50690019e+00
    -2.16743633e-01 9.40875530e-01 -2.73298305e-02 5.97475290e-01
    -7.32780993e-01 4.61363465e-01 9.88651514e-01 3.41030687e-01
    1.62612152e+00 8.96871865e-01 1.50210011e+00 -7.03248620e-01
    1.57582259e+00 8.07657182e-01 3.19024920e-01 7.04676092e-01
    -8.85147631e-01 1.77743685e+00 1.73083746e+00 1.44189924e-01
    4.05291975e-01 1.22563565e+00 1.75306592e-02 -3.55065107e-01
    -8.18804026e-01 4.38665375e-02 1.27623069e+00 1.66424587e-01
    -8.15107763e-01 1.20269656e+00 2.22333685e-01 8.06903243e-01
    3.91036808e-01 1.54942727e+00 -1.70289457e-01 4.62111123e-02
    1.57540095e+00 6.72636628e-01 1.23606598e+00 1.11266196e+00
    1.77298832e+00 1.16094935e+00 1.80383873e+00 1.16120255e+00
    -4.20429945e-01 8.65336716e-01 1.41048837e+00 1.68758988e+00
    1.24399722e+00 7.55994678e-01 1.07211697e+00 2.51392633e-01
    -5.46500444e-01 -5.30267656e-01 -9.17844325e-02 9.31260109e-01
    -1.53772458e-01 6.26880527e-01 1.17610598e+00 1.15399025e-01
    -7.48118758e-01 1.77170777e+00 -2.27922216e-01 -5.80948710e-01
    1.47724795e+00 4.01319057e-01 1.68377256e+00 -8.08314204e-01
    1.03540814e+00 1.51534569e+00 -6.56017900e-01 5.07658124e-01
    4.65825438e-01 1.94181129e-01 1.46779406e+00 4.38955039e-01
    2.18980819e-01 5.15571177e-01 -2.64888704e-01 1.57304978e+00
    1.49287808e+00 9.50972736e-01 9.26990747e-01 9.90014851e-01
    -6.76215738e-02 -5.31105161e-01 1.45781672e+00 -4.82527107e-01
    5.67398071e-02 1.48855948e+00 1.85224319e+00 -3.52347702e-01
    4.73583601e-02 -3.71341795e-01 7.49999344e-01 -1.78021699e-01
    1.15266812e+00 2.53897935e-01 9.72096622e-01 3.70776862e-01
    -5.75057209e-01 1.82677281e+00 1.27889633e+00 1.79751194e+00
    1.15213895e+00 1.79241514e+00 1.11825913e-01 1.42056775e+00
    2.14257169e+00 5.22867382e-01 1.78130865e-01 1.56972146e+00
    -1.14932872e-01 1.34611976e+00 1.64184237e+00 6.39561594e-01
    8.79102945e-02 1.30474412e+00 1.32753551e+00 1.70129061e+00
    6.51271194e-02 1.05315351e+00 1.90545559e+00 -1.49792522e-01
    5.82120419e-01 1.70694068e-01 -3.75563741e-01 5.62511757e-03
    4.09216493e-01 -5.87089360e-01 -2.48452112e-01 -8.54836762e-01
    -3.99579734e-01 -6.59894943e-01 9.54582572e-01 5.65606356e-01
    1.18456602e-01 1.28527045e+00 1.80845177e+00 2.14640036e-01
    1.42443931e+00 -3.27524781e-01 1.09448195e+00 -5.77315569e-01
    -1.63427070e-01 -2.04562768e-01 1.16034603e+00 1.46778464e-01
    4.49140280e-01 6.07821606e-02 9.55801189e-01 1.01807046e+00
    -2.44281068e-01 6.88201606e-01 2.71520108e-01 1.81126308e+00
    1.04916823e+00 -3.94659311e-01 6.24471545e-01 9.60174561e-01
    -5.97520471e-01 -8.85094464e-01 8.51549864e-01 7.20874965e-02
    -3.20502132e-01 1.00179650e-01 3.05542290e-01 1.75301647e+00
    1.88275054e-02 4.89144444e-01 -4.94244099e-01 1.24898517e+00
    1.50799882e+00 1.52118242e+00 1.30095279e+00 -2.51884252e-01
    1.77478230e+00 -2.72104114e-01 4.22100753e-01 4.72387642e-01
    -3.22638750e-01 1.40473998e+00 4.68239158e-01 -3.95351887e-01
    1.26127088e-02 1.52978456e+00 1.87176442e+00 1.55716825e+00
    -1.26302764e-01 1.65852141e+00 -7.16019034e-01 1.01816380e+00
    1.06648818e-01 -3.01083893e-01 7.36266673e-01 -5.62012076e-01
    4.14147496e-01 6.42570555e-01 -8.21099058e-02 -5.62876225e-01
    -2.01981422e-02 5.67532957e-01 1.63706350e+00 3.26729000e-01
    2.15176836e-01 1.78157973e+00 2.78333485e-01 2.96285272e-01
    1.80364966e-01 1.41978097e+00 1.38413787e+00 1.40305388e+00
    1.34704673e+00 -7.96380639e-01 1.48788285e+00 -4.80720729e-01
    -2.63128668e-01 6.35927022e-01 7.84088790e-01 4.09106225e-01
    1.90907985e-01 2.57874399e-01 2.07717791e-01 1.05459321e+00
    -7.63836980e-01 1.23352587e+00 -2.77017325e-01 -6.32537246e-01
    3.60245615e-01 -2.79071271e-01 4.02884990e-01 3.01885307e-01
    1.00856602e+00 1.77565587e+00 1.50726447e-02 1.07625926e+00
    9.19654191e-01 -3.09555233e-01 5.92812061e-01 1.82735848e+00
    1.85473406e+00 1.79574919e+00 1.41578650e+00 -3.73224825e-01
    -8.00685048e-01 1.79868138e+00 5.68220913e-01 -4.97835398e-01
    3.02839521e-02 1.51674879e+00 1.47860336e+00 1.67668319e+00
    2.86028087e-01 -7.88458526e-01 -6.25807941e-01 1.47462368e+00
    9.70293164e-01 -4.68238026e-01 -5.70633709e-01 5.28514087e-01
    -1.13632279e-02 -2.58982301e-01 -5.18610895e-01 -2.68702179e-01
    6.40541375e-01 8.57767045e-01 -1.16585553e-01 -5.41073918e-01
    6.24900281e-01 3.78209054e-01 -1.45243093e-01 -8.81910384e-01
    -2.85197109e-01 1.11314237e+00 5.61074853e-01 5.64163089e-01
    1.19431758e+00 5.07017076e-01 1.68611968e+00 1.49750066e+00
    5.87754607e-01 7.60293782e-01 2.58855104e-01 -3.68405610e-01
    -8.30766916e-01 1.49078095e+00 1.73396189e-02 -6.37028873e-01
    -2.87838697e-01 4.55193549e-01 2.61033267e-01 3.02324027e-01
    1.26437986e+00 1.62652776e-01 1.16558880e-01 1.20720208e+00
    3.22701931e-01 1.34537351e+00 1.35504067e+00 3.16638984e-02
    -4.95964110e-01 4.72562760e-01 2.78152227e-01 3.60582411e-01
    1.52281880e+00 -1.04771197e-01 2.61503041e-01 -3.79795104e-01
    1.34807932e+00 1.16039813e+00 1.07390106e+00 -4.02224422e-01
    6.31813109e-01 2.31862754e-01 -4.20244336e-01 -6.05838113e-02
    -6.58971727e-01 -3.61769378e-01 1.81243777e+00 -6.63122237e-01
    1.15140271e+00 1.73200655e+00 1.18979323e+00 4.21458274e-01
    1.23523664e+00 -6.31129503e-01 1.28685009e+00 9.11728919e-01
    5.29539473e-02 3.66348386e-01 -8.43814760e-02 9.53649163e-01
    1.58470654e+00 1.73255575e+00 1.24667335e+00 5.80775976e-01
    -7.31329203e-01 1.82436883e+00 1.24702561e+00 1.71553540e+00
    1.04188943e+00 -9.25070053e-05 5.24968147e-01 3.25159878e-01
    -7.93227136e-01 1.24126196e+00 2.37844557e-01 1.25060368e+00
    -7.25143015e-01 1.45139718e+00 1.27986550e+00 6.70102954e-01
    -7.63882935e-01 -1.23782799e-01 -1.53885350e-01 4.59649563e-01
    4.73130047e-01 1.95575809e+00 9.43887532e-01 -1.50159344e-01
    1.02831805e+00 -2.07707182e-01 -3.58566642e-01 -3.32972676e-01
    1.52875686e+00 5.94031572e-01 1.10482240e+00 -4.84827943e-02
    -1.77099869e-01 2.62811899e-01 1.90121815e-01 9.65445399e-01
    4.39049125e-01 1.40803683e+00 -4.18691039e-01 9.85984623e-01
    7.70252287e-01 7.06191897e-01 -3.67469579e-01 8.71773183e-01
    9.14093137e-01 -4.83377911e-02 1.66851044e+00 -2.60845739e-02
    8.93037140e-01 1.04398727e+00 2.38445863e-01 1.25574923e+00
    4.68209654e-01 1.74444962e+00 -7.07006380e-02 -5.24636328e-01
    1.70997036e+00 4.59649801e-01 8.97863328e-01 -1.04333222e-01
    3.12824249e-01 1.35024512e+00 4.93633151e-01 -6.69344068e-01
    5.14772177e-01 1.49914801e-01 1.26617192e-03 1.26871610e+00
    4.62017387e-01 1.62730837e+00 6.73207408e-03 -2.40353927e-01
    7.27173805e-01 -1.38982177e-01 9.99816477e-01 -1.56197935e-01
    8.28740060e-01 9.54900861e-01 9.29798007e-01 1.62947428e+00
    1.72096610e+00 4.43233252e-01 1.22430837e+00 1.62817502e+00
    1.28408563e+00 -3.98938477e-01 1.74021387e+00 1.54324055e-01
    1.27684379e+00 3.35182399e-01 3.35745037e-01 -2.61004776e-01
    1.26874161e+00 1.52086353e+00 -1.14031024e-01 -1.36412114e-01
    1.58152771e+00 -1.90534827e-03 1.79277039e+00 1.16244960e+00
    -5.63704133e-01 -6.79161847e-01 7.83203125e-01 5.36525808e-02
    1.37643456e+00 1.50438607e+00 1.71670103e+00 1.84107769e+00
    1.81815851e+00 1.76596940e+00 1.66947639e+00 6.05069518e-01
    1.31122375e+00 -6.46714091e-01 1.00600588e+00 1.39453387e+00
    9.20299590e-01 -3.99013788e-01 -1.63110286e-01 1.34964144e+00
    1.73694801e+00 1.43216181e+00 -5.59396148e-01 -3.91083539e-01
    8.16660166e-01 1.05633259e+00 1.98359400e-01 1.35027695e+00
    -8.88563991e-01 9.30288076e-01 -2.14485884e-01 -4.30090189e-01
    -3.79720509e-01 8.51781607e-01 9.35736120e-01 1.53117073e+00
    -3.61980379e-01 1.60857832e+00 1.44737220e+00 -5.60247123e-01
    5.34458876e-01 2.37025216e-01 1.28798938e+00 -4.04854923e-01
    4.92217243e-01 -9.26098377e-02 1.09682310e+00 1.83536088e+00
    6.67449534e-01 1.61848629e+00 9.44397628e-01 -6.24399126e-01
    -3.06691110e-01 8.72448087e-01 1.26773238e+00 1.07516456e+00
    4.54333961e-01 -6.82179451e-01 -3.60818028e-01 1.56406009e+00
    6.02835059e-01 7.41370916e-01 -3.17387551e-01 4.97571707e-01
    7.54195929e-01 -2.99094915e-01 1.09450042e+00 6.01418018e-01
    1.08480656e+00 -7.81407535e-01 -3.01390260e-01 1.28492868e+00
    -4.19483721e-01 6.60379171e-01 6.71718419e-01 1.36200273e+00
    -5.17066419e-01 1.37668562e+00 7.60908782e-01 3.14189255e-01
    1.33110905e+00 1.30296922e+00 5.76248504e-02 3.15486379e-02
    7.73694217e-01 -3.33476633e-01 1.83658886e+00 -5.31427026e-01
    1.65655267e+00 4.70930226e-02 -2.91861802e-01 7.83502042e-01
    1.43807423e+00 6.24613941e-01 8.01348388e-01 1.02682662e+00
    -3.93164843e-01 1.12906480e+00 1.56579542e+00 1.53630292e+00
    1.07395220e+00 1.28065038e+00 4.72098529e-01 -2.04826593e-01
    -8.48854423e-01 2.97021866e-01 -5.40220618e-01 1.33503664e+00
    3.30676138e-01 8.90659988e-01 4.35782999e-01 -6.75240040e-01
    1.19246805e+00 1.15757072e+00 -7.52729893e-01 1.68078315e+00
    1.50344992e+00 -6.13017678e-01 -9.49385345e-01 1.18434601e-01
    1.35015690e+00 -6.94721520e-01 1.11799695e-01 6.45123363e-01
    1.76337194e+00 9.31197286e-01 8.69824052e-01 3.91283721e-01
    1.26841462e+00 -8.17460474e-03 7.96370387e-01 1.35862648e+00
    1.57418084e+00 6.50226831e-01 1.17818332e+00 1.74025583e+00
    -1.57399610e-01 4.35067743e-01 -4.99527067e-01 1.61373103e+00
    1.25334764e+00 -7.90879317e-03 1.11028588e+00 3.28591377e-01
    1.71699977e+00 1.79828990e+00 -9.79795903e-02 8.42227578e-01
    -7.84594491e-02 1.37681639e+00 -4.33298767e-01 1.73591411e+00
    -6.38089538e-01 -6.90764487e-01 6.69119418e-01 -8.02913159e-02
    1.10269952e+00 -5.47594607e-01 -7.91846275e-01 1.87383223e+00
    1.59698594e+00 6.68041468e-01 1.46041286e+00 -5.10420501e-01
    1.17137253e+00 1.10662282e+00 1.56612480e+00 -4.29302722e-01
    1.36278021e+00 5.82818329e-01 1.13383257e+00 1.68592989e-01
    4.45945442e-01 2.17523023e-01 -3.68537009e-01 8.67103875e-01
    5.74715316e-01 5.58809042e-01 1.44198871e+00 -6.11368179e-01
    1.23802948e+00 1.64931345e+00 1.36233008e+00 2.88218617e-01
    1.53064311e+00 1.87055004e+00 1.37164378e+00 7.19090521e-01
    1.08620989e+00 1.34003282e+00 -7.50612199e-01 -7.15299487e-01
    1.78567028e+00 1.54865086e+00 -6.84437931e-01 6.24266863e-01
    1.47903717e+00 1.08420241e+00 9.00683343e-01 -3.03986996e-01
    -1.62637189e-01 3.61646950e-01 -5.99005818e-01 8.21723223e-01
    1.51655614e+00 1.14162052e+00 1.80808663e+00 2.57212847e-01
    1.79034972e+00 1.17478943e+00 -6.59491181e-01 9.48968887e-01
    1.22541463e+00 1.01576567e+00 -5.22732139e-01 -1.86493903e-01
    1.01349783e+00 -8.87919843e-01 -4.52719510e-01 1.19237113e+00
    3.61952603e-01 -8.40334177e-01 1.32191014e+00 6.56918958e-02
    -8.17175567e-01 6.32734954e-01 5.07630229e-01 5.43327212e-01
    3.42968524e-01 1.71388507e-01 3.88068974e-01 -8.35117638e-01
    1.14430797e+00 1.12119424e+00 1.66581023e+00 -5.10329846e-03
    -3.08952630e-01 2.16832593e-01 1.19021964e+00 5.87469995e-01
    -5.38052805e-02 1.34365058e+00 -6.25070632e-01 -5.49323797e-01
    -8.49262655e-01 -7.41399884e-01 1.40451872e+00 -6.47212043e-02
    -4.84947413e-01 3.92478645e-01 1.46021903e+00 5.77527165e-01
    2.19434291e-01 1.82508290e+00 9.82038617e-01 3.20504278e-01
    1.13622272e+00 1.28601447e-01 6.54354692e-01 1.64381611e+00
    9.62414220e-02 -5.89010239e-01 -6.40440702e-01 7.53843069e-01
    1.58413625e+00 1.05639303e+00 8.06539655e-01 -7.59692729e-01
    -6.19106650e-01 -4.66153860e-01 -8.67734477e-02 -3.78699571e-01
    -5.11429131e-01 1.35238147e+00 9.64461446e-01 1.47477460e+00
    1.80787361e+00 -7.16725707e-01 1.81466532e+00 1.60583448e+00
    1.47542977e+00 1.27875030e+00 1.14485133e+00 1.44061118e-01
    1.77516282e+00 -4.88754034e-01 2.87337542e-01 -4.61771905e-01
    1.26562446e-01 -4.04157549e-01 1.78450680e+00 1.56647837e+00
    -1.24061577e-01 2.95668542e-01 -3.89575541e-01 -1.36653379e-01
    1.03729939e+00 1.76240146e+00 -4.53240126e-01 1.07818198e+00
    1.77030933e+00 4.65100735e-01 1.24353275e-01 1.85759604e+00
    1.26083791e+00 -2.61960685e-01 1.30214524e+00 8.67163420e-01
    1.06931734e+00 8.68065834e-01 6.95355415e-01 9.71913338e-02
    1.51703835e+00 8.76118004e-01 1.18027665e-01 -2.33212426e-01
    6.65251553e-01 1.77917147e+00 -3.97074401e-01 7.85893023e-01
    -9.01570737e-01 6.05607092e-01 9.22438741e-01 1.77629992e-01
    -8.16642225e-01 1.14722109e+00 1.33672106e+00 4.12947983e-01
    1.55094826e+00 2.83911288e-01 2.58226782e-01 1.22294819e+00
    -4.59330916e-01 9.70225990e-01 1.15979028e+00 5.13066590e-01
    -3.19089830e-01 3.66405547e-01 1.39540279e+00 9.84405339e-01
    1.26892519e+00 1.22277357e-01 1.65974724e+00 2.65882730e-01
    1.26362479e+00 1.09031355e+00 1.04635012e+00 6.47887111e-01
    1.31715333e+00 1.30699062e+00 6.08083189e-01 1.42785847e+00
    -7.75588691e-01 8.44489157e-01 1.86028481e+00 1.38034749e+00
    2.02374652e-01 -7.27066696e-01 1.65044641e+00 1.07836676e+00
    -5.30678928e-01 1.10126793e+00 7.45036066e-01 -7.41736829e-01
    -5.53574145e-01 8.93837512e-01 1.61154890e+00 2.29616806e-01
    1.09928155e+00 1.21079051e+00 -6.51267350e-01 -1.64459869e-01
    -7.34744191e-01 -4.72308517e-01 1.24609494e+00 1.49678850e+00
    -5.13795257e-01 8.02748442e-01 1.22002780e+00 -6.14575222e-02
    -3.70005637e-01 6.41670465e-01 1.41446376e+00 9.17433619e-01
    9.86090362e-01 -6.18113399e-01 6.45042717e-01 -6.93026304e-01
    -1.13851622e-01 4.97638583e-01 -4.07023340e-01 -7.01826990e-01
    1.42372215e+00 1.81425154e+00 7.66432524e-01 6.49758816e-01
    1.20866394e+00 -8.14076781e-01 1.43505061e+00 -5.78995347e-01
    4.88864124e-01 7.37946928e-02 2.27111146e-01 1.18777299e+00
    2.01170370e-01 1.65188575e+00 1.08095996e-01 9.66857493e-01
    -5.03106833e-01 1.50443220e+00 7.86009967e-01 -1.51623264e-01
    2.24056188e-03 -4.03902739e-01 1.36170554e+00 4.00307775e-01
    8.67628753e-01 8.21216941e-01 -6.43925369e-01 -4.66338396e-01
    -5.82851589e-01 1.07391858e+00 1.07953608e+00 1.29043257e+00
    -4.75941837e-01 3.53824615e-01 1.51249290e+00 1.77335385e-02
    6.24913931e-01 3.56850415e-01 1.08596885e+00 -5.80229640e-01
    1.85778725e+00 1.75161898e-01 1.16414917e+00 1.82761118e-01
    -5.53498268e-01 4.57593977e-01 9.99544263e-01 1.50655341e+00
    1.05663383e+00 1.05721915e+00 1.55224729e+00 -5.82096517e-01
    -3.45783168e-03 1.72747898e+00 6.24283910e-01 1.65895510e+00
    -5.41239500e-01 -6.65534198e-01 -5.37479334e-02 7.87582874e-01
    -3.66615772e-01 1.56274581e+00 9.77666080e-02 1.59335196e+00
    1.08036435e+00 7.09502175e-02 1.74116337e+00 1.11539245e+00
    9.55204844e-01 -8.13692749e-01 7.44020164e-01 -3.22594672e-01
    -2.91985393e-01 -6.02031708e-01 1.82959783e+00 1.41597295e+00
    8.90342116e-01 1.82411194e+00 1.75368190e+00 7.36396432e-01
    8.08248162e-01 1.65690958e+00 7.49926046e-02 -7.10616052e-01
    1.37406099e+00 4.40807939e-01 6.51448667e-01 1.14385772e+00
    -6.34704769e-01 -1.38917193e-01 1.26908970e+00 1.29862502e-01
    -5.80876134e-02 1.28626478e+00 4.89761025e-01 1.06344867e+00
    6.14971220e-01 1.49381995e+00 1.73535514e+00 1.44293118e+00
    4.09562230e-01 1.34567535e+00 1.15523207e+00 7.45517075e-01
    1.52843642e+00 1.67125392e+00 8.35555077e-01 1.08198535e+00
    -6.53189301e-01 -7.70924449e-01 1.09345868e-01 -8.81294489e-01
    9.56430674e-01 1.80944586e+00 -6.37488842e-01 1.12761426e+00
    -5.16393781e-01 1.53754663e+00 -7.45801568e-01 -1.51598379e-01
    5.77252030e-01 1.57512081e+00 7.97785819e-01 5.48338413e-01
    8.73043001e-01 -4.30813730e-01 -3.64501536e-01 8.04087639e-01
    1.23496342e+00 -6.40870392e-01 -2.77409226e-01 -8.06586564e-01
    3.75894845e-01 4.76725519e-01 7.29825079e-01 6.56393230e-01
    6.45812571e-01 4.32365298e-01 1.12040460e+00 -4.10069704e-01
    1.40361655e+00 -2.57207036e-01 1.06562048e-01 9.64246809e-01
    4.54051882e-01 1.13341045e+00 2.19154596e-01 1.30039370e+00
    -4.27049100e-01 3.43413562e-01 3.95347774e-01 4.66995478e-01
    8.51308882e-01 1.33498168e+00 8.74100745e-01 1.37032437e+00
    1.81408668e+00 8.83281469e-01 2.11738929e-01 -7.82702044e-02
    9.61328566e-01 1.53396952e+00 1.30736470e+00 -1.68795630e-01
    -6.48619294e-01 9.20561969e-01 1.47309780e-01 2.43337620e-02
    1.27702248e+00 8.46914589e-01 7.37763941e-01 -5.56278706e-01
    -4.11914259e-01 1.63685966e+00 1.50814080e+00 3.16947788e-01
    4.63250637e-01 -6.43901885e-01 -6.81354880e-01 -7.86158442e-01
    1.55105710e+00 -3.89199078e-01 -7.28876770e-01 1.78360188e+00
    4.12503541e-01 -8.66004646e-01 -1.15388379e-01 1.57022297e+00
    3.11494023e-02 -7.03640461e-01 -4.70718369e-02 -4.77055699e-01
    1.49949777e+00 1.53714967e+00 1.13906360e+00 5.71658969e-01
    1.70315659e+00 5.69602072e-01 2.47168064e-01 -4.74057317e-01
    -1.76631838e-01 1.02851033e+00 5.76580763e-02 -5.47791481e-01
    7.79535532e-01 -3.60284634e-02 -4.02708724e-02 1.03793085e+00
    9.02914384e-04 -4.90805864e-01 6.14842594e-01 9.53630090e-01
    1.79819560e+00 1.51760554e+00 1.11197138e+00 -4.27793175e-01
    1.08602130e+00 7.16886520e-01 -8.21070075e-01 1.35529518e-01
    5.71718179e-02 1.28001463e+00 1.26534593e+00 -6.03256375e-02
    1.54095209e+00 2.07938746e-01 9.64883327e-01 6.04084492e-01
    5.95221639e-01 -2.72164315e-01 -5.66904962e-01 2.25265309e-01
    1.98712230e-01 1.08717166e-01 9.40379620e-01 1.10738468e+00
    1.19584823e+00 1.30991507e+00 9.56784487e-01 1.76379532e-01
    4.38751161e-01 9.01297987e-01 -6.59743190e-01 1.49771202e+00
    4.30761486e-01 9.75335762e-02 1.38528907e+00 -1.93576157e-01
    1.37313092e+00 1.70462298e+00 -3.44896942e-01 -2.85160691e-01
    -4.19078231e-01 1.77619621e-01 -2.97553301e-01 1.53765023e+00
    1.14519501e+00 5.68050742e-01 4.62622821e-01 -1.85542643e-01
    -2.63225824e-01 -8.44009459e-01 8.30921456e-02 1.70593226e+00
    -4.21722680e-01 1.72753766e-01 2.88116932e-01 1.12425971e+00
    1.21003985e+00 1.22038700e-01 -3.23674858e-01 1.82236481e+00
    -2.09054545e-01 1.77377832e+00 3.95737737e-02 1.08117628e+00
    -2.66190141e-01 -2.31461599e-01 1.79502153e+00 -2.62196630e-01
    -2.87113369e-01 1.53136110e+00 9.98645008e-01 1.32653594e+00
    -5.78850746e-01 1.32373440e+00 -4.36434358e-01 1.27100420e+00
    1.18540335e+00 8.23742390e-01 1.06755948e+00 2.15672210e-01
    -1.23885401e-01 1.05847275e+00 7.18155563e-01 6.39788955e-02
    1.01725101e+00 6.99764848e-01 1.08742750e+00 2.03534770e+00
    1.39561021e+00 2.70387888e-01 1.17404544e+00 -8.11661780e-02
    1.41561306e+00 4.01162475e-01 -8.12195614e-02 2.12041664e+00
    -6.43363595e-01 6.22509360e-01 3.76047015e-01 1.45239592e+00
    9.68932688e-01 -2.59753555e-01 1.41572416e-01 -3.09174895e-01
    -5.46602905e-01 2.59250820e-01 -1.95079699e-01 6.45724058e-01
    6.05589524e-02 1.58692265e+00 1.04643905e+00 1.89131588e-01
    3.87088388e-01 3.67772996e-01 1.68369126e+00 8.06231141e-01
    -3.52199785e-02 1.12133038e+00 -4.03097808e-01 2.60130758e-03
    1.42099524e+00 9.38413680e-01 1.09938455e+00 1.07860351e+00
    2.45667621e-01 -4.08510655e-01 1.72055805e+00 7.02209830e-01
    1.38442969e+00 4.95457977e-01 -5.24635911e-01 1.45015836e+00
    -8.50771785e-01 -5.77845156e-01 1.14828134e+00 1.11837816e+00
    1.85088074e+00 4.17722732e-01 4.35395718e-01 -6.33885145e-01
    1.05803084e+00 3.09703112e-01 1.75419152e+00 6.04685426e-01
    -8.13079894e-01 -1.66338325e-01 9.55958009e-01 1.16407728e+00
    3.54984820e-01 -4.34270144e-01 9.34604824e-01 1.79595327e+00
    1.11397290e+00 -5.37381113e-01 1.70741081e-01 6.34946764e-01
    1.61117327e+00 6.06927514e-01 2.02897131e-01 1.70761263e+00
    9.01613772e-01 2.82033622e-01 1.60248148e+00 1.20084621e-01
    8.06848884e-01 -7.32680917e-01 -2.66104609e-01 1.84880519e+00
    -5.44930696e-01 5.57548702e-01 -5.42093664e-02 4.43953425e-01
    5.43007553e-01 1.38723338e+00 -3.33900243e-01 1.79519117e-01
    -1.68116376e-01 -3.88387382e-01 5.46641409e-01 8.22839260e-01
    -5.89180529e-01 3.71807516e-01 -3.07443112e-01 -6.89063370e-01
    1.38266575e+00 6.07258193e-02 1.46256924e+00 4.77199495e-01
    1.19540393e+00 9.06976342e-01 -6.31005228e-01 9.63708162e-01
    1.64166200e+00 -3.66448285e-03 1.27050436e+00 1.33543479e+00
    1.09123781e-01 -5.80759108e-01 7.67847955e-01 6.76243231e-02
    1.34661639e+00 -4.25584942e-01 2.83946753e-01 1.33782756e+00
    1.42731428e+00 -7.15269983e-01 9.34295654e-01 1.84300625e+00
    1.33336890e+00 -7.24669844e-02 1.22448802e+00 1.26391602e+00
    -3.52476150e-01 9.37064648e-01 -1.36329621e-01 -8.42583656e-01
    -6.04070783e-01 -5.51441729e-01 -8.65425348e-01 -3.52835417e-01
    9.00430143e-01 1.05306745e+00 4.87198502e-01 -3.81409705e-01
    1.41899693e+00 1.19907951e+00 6.25311077e-01 8.95778656e-01
    -4.54180330e-01 5.75588226e-01 1.51808774e+00 3.74748647e-01
    7.52476633e-01 1.45188940e+00 -7.94093251e-01 1.20001471e+00
    1.60206473e+00 1.56199944e+00 -4.43891257e-01 1.79947460e+00
    6.79883063e-01 -6.72915816e-01 2.30682924e-01 1.84107566e+00
    1.52722311e+00 1.15443349e+00 8.57906163e-01 1.67187363e-01
    -6.92048609e-01 1.18727617e-01 1.44460320e+00 3.93008202e-01
    -2.87409872e-02 4.14329693e-02 -9.60106775e-02 1.52887070e+00
    3.28428864e-01 -6.22460067e-01 1.34801686e+00 1.61390400e+00
    4.36849296e-01 1.23251009e+00 -3.68328363e-01 -2.21887335e-01
    -9.14006606e-02 -4.13683891e-01 1.04736257e+00 -1.49215236e-01
    -4.65205163e-01 8.31575632e-01 8.13786566e-01 -3.07984352e-01
    -5.59969902e-01 -3.06276113e-01 -2.59964675e-01 4.25635487e-01
    -5.78765273e-01 1.80829275e+00 -3.79683763e-01 -3.81533831e-01
    -8.13423574e-01 6.21921599e-01 1.18206513e+00 1.80430317e+00
    1.26189327e+00 6.79398835e-01 -2.52154231e-01 8.37711096e-01
    3.06646317e-01 1.06772470e+00 -3.47979069e-01 1.00091970e+00
    1.75167537e+00 -7.43759349e-02 -8.01393867e-01 1.19093645e+00
    -5.48608840e-01 1.87497735e+00 -5.80692112e-01 7.38698661e-01
    -2.91299164e-01 1.71419811e+00 -5.75429261e-01 1.32263601e+00
    -5.95405877e-01 9.12650526e-01 1.82015264e+00 1.01979423e+00
    2.95525938e-01 -3.58807057e-01 -3.03077191e-01 9.35715020e-01
    1.50711322e+00 3.80145609e-01 6.98428273e-01 6.93441555e-03
    -1.68716937e-01 1.59045780e+00 5.19671977e-01 4.08592284e-01
    1.23463452e+00 2.37665534e-01 4.67952847e-01 -4.63836014e-01
    -5.79341829e-01 -3.15691322e-01 -1.75462008e-01 1.17513657e+00
    1.73158169e+00 -1.23871066e-01 9.34741199e-01 -5.50865293e-01
    9.68756080e-02 5.54687917e-01 1.87135553e+00 3.32317889e-01
    1.75837910e+00 -5.07905602e-01 1.21186376e+00 1.09743834e+00
    -7.18764186e-01 1.74075854e+00 8.59999478e-01 -7.81133324e-02
    7.59060904e-02 7.59550393e-01 1.07766044e+00 1.44767678e+00
    4.81847823e-02 1.87212908e+00 9.66603816e-01 1.63212299e+00
    -1.94748253e-01 -3.02778900e-01 -6.76241577e-01 1.86699235e+00
    -3.84386897e-01 2.57736892e-02 1.05441988e+00 1.42119229e+00
    1.52431083e+00 -7.65825272e-01 1.42031956e+00 6.81138694e-01
    8.24272513e-01 7.00892210e-01 1.24133480e+00 1.41621351e+00
    -5.97938061e-01 -1.37538612e-01 8.53059292e-01 5.62026501e-01
    4.57944036e-01 2.48898327e-01 -6.66419506e-01 1.87708527e-01
    2.76640654e-02 6.79108679e-01 -8.82702693e-02 -1.44937783e-01
    -1.50832776e-02 3.21448073e-02 3.66480738e-01 2.11270943e-01
    2.76909679e-01 1.29159176e+00 3.59285206e-01 -8.17307711e-01
    1.06163359e+00 -4.91831750e-01 6.40780032e-02 -5.50474226e-01
    -5.11813104e-01 -2.70704180e-01 -4.83283430e-01 -2.73255110e-01
    4.29657340e-01 8.35361362e-01 -4.62581038e-01 1.43333584e-01
    1.14974737e+00 -1.88219786e-01 -3.67249280e-01 1.41652298e+00
    1.75471199e+00 -2.61984348e-01 1.24323654e+00 5.57687223e-01
    1.43957925e+00 3.03644150e-01 -4.64137226e-01 6.99154317e-01
    -3.74786943e-01 7.81202257e-01 1.20919549e+00 -5.03142536e-01
    -8.75923932e-01 1.23088431e+00 1.05566895e+00 1.07514963e-01
    -4.63734686e-01 -6.16511762e-01 1.31233716e+00 -8.10681343e-01
    2.59038299e-01 1.24548233e+00 -6.30208790e-01 2.96660691e-01
    -7.77811766e-01 -3.60753268e-01 7.79328585e-01 4.47934687e-01
    -4.99301329e-02 -5.61553895e-01 7.54314810e-02 6.52961075e-01
    -2.38378569e-01 7.07054317e-01 1.84078705e+00 1.62503767e+00
    3.93830627e-01 -7.37616897e-01 1.44955027e+00 1.30235624e+00
    1.18810713e+00 -8.09867606e-02 7.19859302e-01 1.19685841e+00
    -3.77074480e-01 7.30408669e-01 1.14295363e+00 1.17404830e+00
    2.44977936e-01 2.00302318e-01 8.78839791e-01 1.37917733e+00
    1.43170154e+00 1.35012150e+00 5.80849767e-01 4.21842545e-01
    -2.58876592e-01 -8.34483802e-02 1.56288147e+00 1.28664827e+00
    1.01856148e+00 8.56920183e-01 8.30086470e-01 6.86820507e-01
    6.97116971e-01 -7.50999153e-01 6.87088743e-02 -3.12849402e-01
    1.22708070e+00 -7.99149692e-01 -2.08662376e-01 -8.34734261e-01
    -6.57234192e-01 5.16042113e-01 -4.31093127e-01 1.10519493e+00
    -5.13608336e-01 -3.36601436e-01 1.37636101e+00 1.83137822e+00
    1.32221651e+00 1.42538056e-01 1.52816772e-01 1.29968691e+00
    -4.14444923e-01 -2.03135550e-01 9.28838730e-01 1.52465439e+00
    1.68337774e+00 7.38193214e-01 9.01090622e-01 6.15615964e-01
    -1.20188326e-01 1.06716895e+00 1.48200011e+00 1.38663006e+00
    1.66413128e+00 1.78760600e+00 1.63068449e+00 -2.46239547e-02
    -4.82342422e-01 1.38082123e+00 9.02027130e-01 5.90790808e-01
    6.82350844e-02 1.23858654e+00 1.80745935e+00 1.27361131e+00
    1.23656833e+00 5.60114503e-01 6.52547851e-02 -2.59619296e-01
    1.20702507e-02 1.30682671e-02 9.43359017e-01 1.13737977e+00
    5.57223916e-01 1.18882561e+00 1.24054956e+00 4.10941869e-01
    6.72175765e-01 1.46667004e+00 1.59928703e+00 8.09537590e-01
    -8.50054264e-01 2.23132551e-01 -1.30838051e-01 8.83555949e-01
    2.54658669e-01 1.14272904e+00 7.63890922e-01 3.68714854e-02
    1.28827429e+00 1.08960271e+00 1.34725320e+00 6.06907845e-01
    -1.30393401e-01 5.46720803e-01 7.00067356e-02 5.58387280e-01
    1.48912811e+00 2.64188856e-01 -4.56670552e-01 2.76446491e-02
    5.91949880e-01 -4.93180305e-01 3.97207402e-03 -2.60688007e-01
    1.02448165e+00 1.76854444e+00 -7.12543428e-01 4.05295454e-02
    1.72953236e+00 9.29096818e-01 3.34028244e-01 4.16943014e-01
    1.20700324e+00 1.02576882e-01 -4.05295581e-01 1.20222616e+00
    1.64868796e+00 -1.15843035e-01 -7.12072611e-01 6.65758312e-01
    9.31093454e-01 -4.40830827e-01 8.76500547e-01 9.15708005e-01
    -6.22515976e-01 7.94302523e-01 1.47862840e+00 -7.01289415e-01
    5.70021331e-01 1.13678791e-01 -2.34787971e-01 -5.99868596e-02
    5.19750893e-01 -1.60578281e-01 1.51017153e+00 1.00654864e+00
    8.10331166e-01 -1.42412782e-01 1.43745506e+00 1.41005015e+00
    8.44136000e-01 2.39591837e-01 5.37973344e-01 -1.91605523e-01
    -6.70976222e-01 1.69202280e+00 1.74902630e+00 1.37710869e-01
    1.80953491e+00 -2.76370466e-01 -5.59950411e-01 8.30982268e-01
    7.74226189e-01 -2.90578306e-01 -2.17342779e-01 1.34191155e+00
    1.34054220e+00 2.15940404e+00 1.48804653e+00 2.00669861e+00
    4.43312302e-02 7.46093035e-01 8.19070399e-01 1.71851659e+00
    -6.92178667e-01 4.62562025e-01 -6.01896346e-01 2.72033870e-01
    -1.43330425e-01 -4.42797184e-01 9.17686820e-01 -6.25154436e-01
    3.87413889e-01 -5.02896428e-01 -4.64745313e-02 -7.24967539e-01
    -5.73604107e-01 8.60519171e-01 -2.90284574e-01 -4.64821309e-01
    9.19215143e-01 -4.62335527e-01 4.14369941e-01 1.21072471e+00
    3.77554119e-01 1.26504779e+00 1.56040430e+00 1.41016293e+00
    5.09984970e-01 2.53723890e-01 4.45484757e-01 -6.98505580e-01
    -3.16456646e-01 -1.17828771e-01 8.84941041e-01 1.88600707e+00
    1.77454829e+00 -2.92666554e-01 1.42505586e+00 2.73911864e-01
    -2.72488177e-01 3.66386324e-01 -2.22712234e-02 -5.21992147e-01
    -4.32911724e-01 -6.80880129e-01 1.37001133e+00 1.23359787e+00
    7.08725572e-01 5.97723722e-01 -9.31923091e-02 9.07758355e-01
    3.18851948e-01 1.81750953e+00 -1.75245076e-01 -5.02188027e-01
    9.30575371e-01 1.80245176e-01 5.00146568e-01 1.11925173e+00
    -2.86832720e-01 1.69234693e+00 1.51847351e+00 4.90065098e-01
    1.22528768e+00 -5.64525545e-01 1.46217406e-01 1.07735407e+00
    1.59331012e+00 9.49236378e-02 1.42523324e+00 -3.24054897e-01
    1.39829409e+00 1.23820281e+00 -7.34426320e-01 1.65399265e+00
    -1.43081382e-01 6.98331237e-01 7.37194777e-01 3.61269414e-01
    8.04914415e-01 -4.45492148e-01 1.43970811e+00 1.05988002e+00
    1.31177318e+00 1.03108227e+00 3.02964270e-01 1.30917120e+00
    1.32657051e+00 -7.09101439e-01 -4.49484915e-01 -4.56132293e-01
    -5.29281735e-01 5.38808942e-01 -6.10996425e-01 1.08971310e+00
    6.32855669e-02 -5.47437131e-01 1.75181568e+00 1.66331029e+00
    -1.92011431e-01 8.10514092e-01 6.12989068e-01 1.52197111e+00
    4.84024972e-01 1.58644927e+00 1.75506628e+00 8.32361057e-02
    -3.79215449e-01 1.05006921e+00 8.19729090e-01 1.07454908e+00
    8.08183908e-01 8.90724123e-01 9.68130410e-01 -3.76511425e-01
    3.30288023e-01 1.29143178e+00 1.44997799e+00 7.31391311e-01
    1.14963078e+00 3.98315161e-01 1.75472581e+00 1.18360436e+00
    1.67585123e+00 -6.34325385e-01 3.84042054e-01 7.40342319e-01
    -2.17469022e-01 -7.27456689e-01 8.92064571e-01 1.27139330e+00
    1.35457742e+00 -4.54177082e-01 1.63634419e-01 1.74688387e+00
    1.48843408e-01 4.46609616e-01 -8.13710392e-01 2.70315975e-01
    1.15315449e+00 -7.11622238e-01 -4.18375283e-01 -7.04576433e-01
    4.61240262e-01 1.42586961e-01 -7.35738575e-01 -4.34610307e-01
    1.37131959e-01 -6.21576309e-01 9.96000171e-01 1.36382890e+00
    -1.35969624e-01 3.44668359e-01 5.33654332e-01 -2.08811924e-01
    7.94033349e-01 1.47378314e+00 8.11359659e-02 6.71495318e-01
    1.81772923e+00 7.30804622e-01 -7.91675866e-01 3.06215137e-01
    -5.07601559e-01 4.90904629e-01 -4.59541172e-01 3.75654668e-01
    1.05748582e+00 6.50246799e-01 -2.86958963e-01 5.72124660e-01
    -5.89818895e-01 8.58056545e-01 4.51681912e-02 -3.84901285e-01
    9.51921821e-01 4.45345283e-01 1.45826113e+00 1.85795689e+00
    4.01069164e-01 -1.95210174e-01 -2.05909088e-01 3.92148525e-01
    7.08289087e-01 -4.83508319e-01 -1.54233128e-01 1.81118202e+00
    5.21320989e-03 2.42943600e-01 -6.19707644e-01 1.58999848e+00
    -2.46540368e-01 8.26490700e-01 1.34956270e-01 9.23940688e-02
    -2.18687400e-01 -4.74585682e-01 6.19711578e-01 -5.19186437e-01
    1.78827047e+00 7.19551206e-01 1.60529840e+00 -7.34866679e-01
    -4.42643613e-01 1.57202804e+00 1.15070713e+00 2.83278793e-01
    1.07488048e+00 6.52729869e-01 2.32211322e-01 1.38010278e-01
    -5.76044977e-01 -6.22123241e-01 9.53443587e-01 1.59415770e+00
    -4.50323582e-01 4.15461421e-01 -8.36823285e-01 -6.64664865e-01
    7.64841080e-01 -4.39359210e-02 7.90996253e-01 -9.71000344e-02
    1.27848601e+00 -5.22226453e-01 1.51974142e+00 1.05477893e+00
    4.90815789e-02 1.65486801e+00 8.29292715e-01 -4.23567683e-01
    -5.99072754e-01 -5.23665071e-01 1.53669322e+00 -3.35668176e-01
    -2.79080719e-01 -1.38987377e-01 6.37943685e-01 2.31523454e-01
    1.29857576e+00 -7.31883168e-01 -1.41011775e-01 5.41145205e-01
    -5.80131829e-01 -4.60798055e-01 -4.69601750e-01 2.03523755e+00
    -2.74378747e-01 6.95275143e-02 1.87845564e+00 1.98182273e+00
    1.19208181e+00 -1.77964523e-01 2.19703102e+00 1.47506917e+00
    1.00166261e+00 9.32938218e-01 -4.51479167e-01 -2.24486351e-01
    6.21749341e-01 1.01398194e+00 -6.06299818e-01 -2.47871503e-01
    5.45133948e-01 -1.78636670e-01 -4.04684752e-01 -8.05959761e-01
    1.01484999e-01 7.31479406e-01 8.64900470e-01 1.83627474e+00
    6.34920955e-01 -2.70223349e-01 1.80501318e+00 1.50277424e+00
    2.89240718e-01 8.96971405e-01 -8.10051203e-01 1.11916378e-01
    -2.07336262e-01 1.38392544e+00 -7.57397771e-01 1.33635318e+00
    1.49309886e+00 1.33748078e+00 6.24353349e-01 4.14863139e-01
    -9.14023221e-02 4.45953906e-01 4.76173162e-02 1.28047907e+00
    -6.67230904e-01 2.40734518e-01 -5.37385702e-01 1.50499928e+00
    6.35548532e-02 1.25618613e+00 -5.57032585e-01 4.26899284e-01
    8.49489868e-01 5.24462521e-01 6.54592752e-01 -8.15196514e-01
    -4.89812106e-01 6.06981814e-01 1.45026231e+00 9.46593046e-01
    2.24217419e-02 1.25960135e+00 -5.32155752e-01 1.34410524e+00
    -5.41332901e-01 6.96552336e-01 -1.58602878e-01 6.45774841e-01
    -3.91869366e-01 7.54480362e-02 1.23235857e+00 8.25532854e-01
    1.73608375e+00 -7.99987137e-01 -6.52426630e-02 8.24987352e-01
    1.60626709e+00 9.40132737e-01 -5.13994753e-01 8.15073848e-01
    -8.46892595e-01 1.77416217e+00 1.06809807e+00 2.35555276e-01
    -2.97975630e-01 9.37201500e-01 7.74812460e-01 1.45657063e+00
    8.59073639e-01 -8.24476957e-01 1.41460240e+00 -1.07114762e-01
    4.54088956e-01 1.67307901e+00 1.99465603e-01 3.37077558e-01
    -7.11663723e-01 6.88411653e-01 -7.11077869e-01 2.27163643e-01
    2.14048147e-01 -2.96965539e-01 -3.69690955e-01 1.05976772e+00
    1.52500021e+00 4.01313901e-01 1.72613549e+00 8.22347309e-03
    -1.18706658e-01 -6.94597960e-01 1.27632880e+00 1.72129059e+00
    1.59625983e+00 2.71132141e-01 1.72550941e+00 8.95340443e-01
    -8.00075158e-02 -1.78081214e-01 1.75492311e+00 6.91592038e-01
    9.21940088e-01 3.17076027e-01 1.74749994e+00 1.31984866e+00
    1.71225286e+00 6.83543831e-02 4.27611858e-01 -2.50645161e-01
    1.69964060e-01 1.61203301e+00 5.33654809e-01 -8.08301985e-01
    -4.34358120e-02 5.21624982e-01 4.84653234e-01 1.90045744e-01
    8.35928559e-01 -7.99914658e-01 2.35039070e-01 8.25339258e-01
    1.50098467e+00 -4.46068019e-01 5.22480369e-01 7.50755787e-01
    -2.45157525e-01 1.49376309e+00 1.18327343e+00 -6.40444934e-01
    -5.03351986e-01 4.47318524e-01 9.25707370e-02 -5.64106941e-01
    6.35437489e-01 -2.86301281e-02 7.01360479e-02 -1.99085265e-01
    -1.08147815e-01 -8.10523093e-01 1.07311654e+00 -7.53394544e-01
    1.38396275e+00 -5.21228850e-01 1.28537309e+00 1.74403584e+00
    2.51803637e-01 1.33147776e+00 1.04653895e-01 -6.51153624e-01
    1.77602768e+00 -4.68929559e-01 -4.51397806e-01 9.14755344e-01
    1.70533264e+00 1.29818261e+00 -3.81405622e-01 9.25524592e-01
    -1.57456636e-01 1.27267659e+00 1.25279057e+00 5.90815961e-01
    4.72087026e-01 1.35960495e+00 9.56444383e-01 9.03835222e-02
    1.72489595e+00 7.32347310e-01 1.36353803e+00 1.66871309e+00
    1.07722700e+00 1.18410122e+00 2.57435292e-01 1.10820627e+00
    8.78048778e-01 3.20801556e-01 8.44777226e-02 -7.88463950e-01
    3.79891515e-01 1.54698506e-01 1.78237116e+00 -3.56655240e-01
    -6.88386261e-01 1.19037114e-01 -1.91251829e-01 -4.48833436e-01
    1.20086932e+00 -1.80084676e-01 5.47053874e-01 -5.64124882e-01
    1.20137632e+00 -7.62845039e-01 1.43607581e+00 1.26000154e+00
    -4.32038188e-01 1.83530644e-01 9.98318851e-01 -6.35418177e-01
    1.93874344e-01 3.40293169e-01 2.40684852e-01 9.34279040e-02
    -3.98679435e-01 1.65326083e+00 -6.46820366e-01 1.41804492e+00
    1.65795410e+00 5.99976182e-01 1.80338025e+00 4.84018385e-01
    -6.62744820e-01 -7.57896543e-01 1.11535156e+00 -6.48944676e-01
    -7.58916140e-01 1.30970597e+00 1.74462986e+00 5.90441786e-02
    -2.88324505e-01 8.68588030e-01 -2.09610075e-01 -8.42806756e-01
    -3.57327849e-01 1.19414997e+00 6.99121237e-01 8.32798034e-02
    1.18887126e+00 -5.62488496e-01 8.50172162e-01 1.81415486e+00
    -6.26576096e-02 3.90311807e-01 -1.82071552e-01 1.70109439e+00
    1.27279961e+00 6.13822117e-02 6.12370133e-01 8.41669917e-01
    -4.41966653e-01 -1.25844464e-01 -1.13598995e-01 -1.96788326e-01
    1.09100817e-02 2.17355037e+00 4.76118892e-01 8.10198843e-01
    1.43592024e+00 1.03043377e+00 7.13739872e-01 2.27627173e-01
    8.32397819e-01 5.63790321e-01 -5.54713786e-01 3.37614894e-01
    1.34760869e+00 -1.01773869e-02 4.66903865e-01 1.42787910e+00
    -5.88905573e-01 7.46830881e-01 -5.83403528e-01 -5.18770158e-01
    8.03768694e-01 -4.47089046e-01 -5.06230712e-01 1.49706852e+00
    6.91867173e-01 1.20755029e+00 -6.39184639e-02 6.72511458e-01
    2.48575300e-01 1.81768477e+00 1.52853358e+00 1.38091779e+00
    5.91184869e-02 1.36910319e+00 7.96977699e-01 3.86661291e-02
    -4.15772498e-01 9.44194078e-01 7.74976194e-01 2.57790923e-01
    5.82477927e-01 1.78822172e+00 1.38262808e-01 -2.27204472e-01
    -8.65832388e-01 8.46850693e-01 -3.92197788e-01 1.31099761e+00
    9.01699305e-01 1.62240887e+00 -5.24236023e-01 -8.11608553e-01
    8.23783934e-01 2.29314700e-01 -4.98949766e-01 9.78804588e-01
    -1.48367375e-01 -4.81693566e-01 3.18567783e-01 6.70148373e-01
    5.63859165e-01 1.48282659e+00 -3.89561296e-01 -2.76861489e-01
    6.13456845e-01 4.09613192e-01 -5.47695518e-01 1.02159572e+00
    1.20586550e+00 6.91159487e-01 1.32259083e+00 7.42615223e-01
    -5.24448812e-01 3.81978095e-01 3.52594078e-01 1.24210250e+00
    -3.78500283e-01 1.05890810e+00 1.43938875e+00 -7.35121548e-01
    1.11393929e+00 1.73337793e+00 -2.26700440e-01 1.02389598e+00
    -7.59010553e-01 -7.90116429e-01 -2.22959638e-01 -3.04995567e-01
    9.04099762e-01 -7.63072312e-01 -7.18506336e-01 1.04087436e+00
    1.48997688e+00 3.58472943e-01 1.73838961e+00 -8.17842782e-01
    1.60334826e+00 -4.52959299e-01 -6.21289313e-01 -7.88314283e-01
    3.42554808e-01 1.54019332e+00 -3.57400954e-01 1.17395329e+00
    1.11855231e-01 1.00308013e+00 -1.61949024e-01 -4.88711059e-01
    -6.67156041e-01 -4.59496260e-01 1.55773175e+00 1.81732059e+00
    -1.36247978e-01 1.75656652e+00 -2.27507681e-01 6.95263445e-02
    -1.93199411e-01 1.26139641e+00 -1.50707275e-01 1.81397721e-01
    1.09221840e+00 1.54937696e+00 9.01801407e-01 1.60625708e+00
    8.24130401e-02 -2.75538415e-02 5.83838299e-02 2.33049050e-01
    -5.13066113e-01 9.92173433e-01 4.41716999e-01 1.47039688e+00
    -4.81569827e-01 6.52916357e-02 1.03247957e-02 -2.21188158e-01
    -2.17782602e-01 1.19245923e+00 1.64069712e+00 -1.22338079e-01
    -3.57259214e-01 1.57149839e+00 1.16827048e-01 -5.27654946e-01
    1.37159705e+00 7.53236055e-01 -8.40233505e-01 2.40786999e-01
    -3.87514859e-01 -8.17919493e-01 -2.48527363e-01 -2.95254707e-01
    -7.36584142e-02 1.00126493e+00 1.45719171e+00 -5.70050895e-01
    -4.16256905e-01 8.99986625e-01 8.48630190e-01 1.65714645e+00
    2.99766921e-02 9.89158928e-01 1.28935206e+00 9.49851096e-01
    -7.67265737e-01 1.26937616e+00 1.12609971e+00 9.51423347e-01
    -8.14289153e-02 1.74197888e+00 1.03194857e+00 1.49499655e+00
    -6.60052598e-01 -2.61056304e-01 -7.93331742e-01 1.77725089e+00
    -2.16567308e-01 -6.86107278e-01 7.58221328e-01 1.45662868e+00
    -7.42166817e-01 7.67741144e-01 1.38907635e+00 -3.74899358e-01
    8.00105989e-01 1.15820336e+00 1.56270802e+00 1.70460212e+00
    5.92294514e-01 -1.31605923e-01 1.60602760e+00 1.36050224e+00
    2.68050551e-01 -5.21983504e-01 1.37914407e+00 -3.73869836e-01
    1.47481310e+00 1.38119757e+00 6.81667805e-01 1.81949139e+00
    1.51351511e+00 -4.20613885e-01 1.28921378e+00 4.80596870e-01
    -1.92175448e-01 2.57541358e-01 3.83054977e-03 3.22159618e-01
    -7.29175985e-01 4.00983006e-01 4.16977316e-01 1.59718144e+00
    1.53391659e+00 -1.87671557e-01 -6.28696024e-01 6.52647078e-01
    -1.38322666e-01 3.79659951e-01 2.00425282e-01 1.48981953e+00
    3.57471406e-01 -7.57826388e-01 -2.23025292e-01 6.71747327e-01
    1.58810186e+00 1.17467129e+00 3.77790451e-01 3.61392379e-01
    9.67828095e-01 -3.70474339e-01 1.01831234e+00 5.18557429e-01
    -3.29046071e-01 -2.41474211e-01 9.61637914e-01 1.37415063e+00
    -1.91851020e-01 -4.71190751e-01 -6.06735170e-01 7.82535911e-01
    -4.98097297e-03 4.36209232e-01 3.39110702e-01 -5.58723629e-01
    6.50966093e-02 1.80927730e+00 7.61164963e-01 1.06737244e+00
    1.13806915e+00 6.46046042e-01 1.31350780e+00 1.06405973e+00
    -4.66789812e-01 -1.66961804e-01 1.09717083e+00 9.43212956e-02
    2.05429006e+00 3.27855468e-01 6.79798126e-01 7.05896616e-01
    1.19991422e+00 1.92133367e+00 4.79480535e-01 -5.38004220e-01
    1.53113210e+00 8.52512300e-01 1.39097917e+00 8.70792985e-01
    1.46326482e+00 1.18575406e+00 1.30702543e+00 1.85091507e+00
    -7.20187902e-01 1.45597309e-01 -7.69415557e-01 -7.11554289e-01
    2.22192481e-01 1.73897445e+00 -1.45709917e-01 -8.53728317e-03
    3.46188366e-01 -6.35388911e-01 8.01225066e-01 1.70497167e+00
    -1.94890097e-01 1.03766829e-01 1.19638729e+00 1.81275475e+00
    1.26957369e+00 1.26006627e+00 1.17451322e+00 1.81709182e+00
    3.39983374e-01 1.71210456e+00 1.39026606e+00 -4.64224190e-01
    -4.06150877e-01 1.38353801e+00 1.56205225e+00 1.56850040e+00
    -1.39371246e-01 -7.61099020e-03 -2.95733720e-01 6.82493746e-01
    4.44950014e-01 8.66801858e-01 1.19913375e+00 1.43164825e+00
    -7.57960856e-01 1.74174285e+00 -4.91219133e-01 5.50705791e-01
    8.34753156e-01 -6.51884675e-01 8.82788599e-01 2.10458592e-01
    -2.20096275e-01 -1.23299956e-01 8.37202430e-01 2.23503485e-01
    1.37358177e+00 -3.74560863e-01 -4.75062609e-01 9.42077279e-01
    1.67067325e+00 -6.57297313e-01 1.09223080e+00 -6.91968262e-01
    9.50369835e-01 -2.17419714e-01 8.52404892e-01 1.36606157e-01
    -6.28481209e-01 1.68989748e-02 -6.79808319e-01 -1.25930265e-01
    1.76684022e+00 4.63596404e-01 1.21790338e+00 -4.19484049e-01
    8.08166981e-01 2.87025481e-01 -7.16030717e-01 4.03266996e-01
    -7.91437685e-01 1.73900723e+00 1.53119981e+00 1.00873220e+00
    9.28507209e-01 -3.77473444e-01 1.57557714e+00 -7.05465674e-01
    -3.44780535e-02 -7.05029190e-01 -2.41828501e-01 1.65978098e+00
    -6.62438393e-01 -7.01869726e-02 4.00298625e-01 1.39922130e+00
    -8.10017347e-01 1.69034195e+00 1.49671841e+00 -8.50878835e-01
    -7.81922102e-01 -3.99399668e-01 -6.72528505e-01 9.98999357e-01
    1.48744369e+00 3.81694943e-01 -3.72793190e-02 1.92113325e-01
    2.93945134e-01 -5.01252711e-01 3.18689376e-01 -3.56959820e-01
    1.01874948e+00 1.58028352e+00 -2.91453183e-01 9.81397271e-01
    -4.05229568e-01 1.83508193e+00 2.46847630e-01 -4.81568724e-02
    4.79127616e-02 7.26736069e-01 4.05511767e-01 -2.52720952e-01
    1.37421262e+00 1.13602269e+00 -1.28712326e-01 6.38435006e-01
    1.81241977e+00 4.25632238e-01 4.77297693e-01 1.66425753e+00
    1.49306631e+00 1.60268188e+00 3.77447695e-01 1.00410724e+00
    5.26516318e-01 4.27980006e-01 7.42540658e-02 9.03180480e-01
    3.60503644e-01 1.11838818e+00 8.21650505e-01 -7.66780138e-01
    -7.89961517e-02 8.53067815e-01 3.08142155e-01 8.72881770e-01
    5.86937249e-01 4.99155894e-02 -5.24198152e-02 9.12356138e-01
    1.62640285e+00 1.70120239e+00 -8.40260744e-01 -3.95064987e-02
    1.24057579e+00 1.64125168e+00 -5.43575883e-01 -2.20766991e-01
    5.94359875e-01 3.80099475e-01 1.55381644e+00 -5.65270126e-01
    -9.40053686e-02 1.38863802e+00 1.18352085e-01 -2.54483968e-01
    -8.02368462e-01 -7.21193552e-01 1.38772354e-01 -5.47308564e-01
    5.34074545e-01 -7.45898902e-01 3.03969532e-01 -5.67294061e-01
    6.89970732e-01 -6.71618938e-01 -7.68704712e-01 1.50614870e+00
    1.66102922e+00 -3.81105036e-01 1.63552034e+00 1.59464669e+00
    1.18727922e+00 8.16289186e-01 1.39443707e+00 7.77241647e-01
    3.92527550e-01 -2.22220093e-01 1.15409672e+00 -1.96290419e-01
    3.95891368e-01 8.12187850e-01 -4.51720119e-01 1.42396462e+00
    1.04373288e+00 6.32592916e-01 -5.75405717e-01 -8.38902771e-01
    -2.71625787e-01 4.84508753e-01 7.43185580e-01 -1.01877458e-01
    -7.61165842e-02 1.31873941e+00 9.35505688e-01 -7.58672645e-03
    -5.07124484e-01 5.52909672e-01 2.06868261e-01 1.38379252e+00
    -1.58596605e-01 1.61640584e+00 1.43296993e+00 1.52247703e+00
    3.21716607e-01 8.50073397e-02 -2.50060767e-01 5.67803392e-04
    1.59111905e+00 2.35353440e-01 5.73296785e-01 -4.81705487e-01
    -3.20860520e-02 -1.80742413e-01 -6.43308401e-01 9.08396125e-01
    -1.92860693e-01 7.77670443e-01 1.60315728e+00 2.06246272e-01
    4.98426825e-01 1.65150273e+00 1.43634725e+00 9.22259271e-01
    4.55647767e-01 1.59658992e+00 5.93081892e-01 7.16635883e-02
    4.30049896e-01 -2.04384968e-01 5.00332266e-02 1.74035847e+00
    8.05575371e-01 7.09700882e-01 1.44456351e+00 1.21807504e+00
    7.87295252e-02 7.99663365e-01 -1.59176171e-01 9.88631845e-01
    1.34729004e+00 -1.56608194e-01 5.50946772e-01 5.33457458e-01
    2.19039142e-01 6.86108112e-01 3.95984471e-01 1.13560951e+00
    1.87090528e+00 1.00449622e+00 -6.30803406e-01 -6.23928189e-01
    1.60359025e+00 1.64034820e+00 1.15062749e+00 -1.24961756e-01
    7.56269157e-01 -3.79002929e-01 -1.45030439e-01 4.78649199e-01
    -7.48607576e-01 1.35574603e+00 2.75935173e-01 1.31967139e+00
    5.69448285e-02 -6.70187712e-01 3.47184949e-03 -4.08334106e-01
    -1.63090691e-01 -5.59890091e-01 5.23318708e-01 1.26860058e+00
    1.08960950e+00 1.05962761e-01 -7.00301826e-01 1.83726203e+00
    8.58141124e-01 -5.15297234e-01 1.10731840e+00 -3.90930831e-01
    1.36893821e+00 1.82598746e+00 8.41218710e-01 1.86969018e+00
    -1.65527806e-01 1.38120675e+00 -7.98014820e-01 1.64724708e+00
    -1.00152470e-01 -7.73776889e-01 7.55563259e-01 -5.51404664e-03
    -3.41606438e-01 5.07410586e-01 -8.06591749e-01 8.24153960e-01
    7.09054410e-01 -6.80106401e-01 6.66293681e-01 -1.06294945e-01
    1.15204167e+00 -6.10816002e-01 -4.18125391e-01 8.80506217e-01
    1.88462365e+00 -2.83088803e-01 2.42265537e-01 1.53381741e+00
    1.36848211e+00 -2.20328972e-01 -5.55641949e-01 1.87748551e+00
    1.77242613e+00 -3.43380541e-01 8.37186694e-01 1.34463894e+00
    -5.03249824e-01 5.16539812e-01 9.72685516e-01 1.18706301e-01
    -7.58270025e-01 6.66068316e-01 -4.76252347e-01 1.09874117e+00
    -6.14879549e-01 1.59562707e+00 -1.39202133e-01 1.26128459e+00
    2.67727584e-01 1.61036384e+00 1.09214926e+00 1.29648387e+00
    2.03115329e-01 1.80503869e+00 8.73718977e-01 7.24314749e-01
    -4.42424059e-01 1.62854517e+00 5.33777177e-01 1.30317748e+00
    1.20906055e+00 -2.09970415e-01 5.38915813e-01 -1.00916244e-01
    1.78962719e+00 1.37149763e+00 -7.66596973e-01 3.32050622e-02
    9.78868783e-01 9.89745319e-01 1.76825273e+00 1.11095548e+00
    1.53824556e+00 2.07675040e-01 7.11709857e-01 2.40968853e-01
    5.49108863e-01 6.38075471e-01 4.07734141e-02 -4.27095622e-01
    7.25015879e-01 1.30295539e+00 1.30318546e+00 -2.56687909e-01
    1.18708873e+00 1.66777277e+00 1.04276145e+00 -4.70886379e-01
    6.15123153e-01 1.23217666e+00 5.44507146e-01 1.51604426e+00
    -1.67121053e-01 9.09754813e-01 3.41544747e-01 1.43603170e+00
    -3.26888084e-01 -6.49094403e-01 1.60984540e+00 8.53202820e-01
    -4.36498970e-01 1.39623332e+00 -2.68032789e-01 1.94937941e-02
    7.52514243e-01 1.82120815e-01 6.10327959e-01 8.69127750e-01
    2.89177656e-01 6.57181740e-01 3.63741428e-01 2.62706517e-03
    -1.10681295e-01 3.00149888e-01 1.43650961e+00 1.67906570e+00
    1.05752540e+00 3.21295291e-01 3.62506300e-01 -7.29178011e-01
    9.81986940e-01 -2.84391344e-01 1.87861252e+00 -6.44269645e-01
    1.52861569e-02 -6.07261181e-01 -2.39133820e-01 1.64089894e+00
    1.10517251e+00 1.26141798e+00 -6.83158785e-02 1.12708557e+00
    1.19601727e+00 -4.29786712e-01 3.46259892e-01 9.08434212e-01
    8.88077855e-01 -6.27265453e-01 1.92140996e+00 1.26679063e+00
    1.81406915e-01 4.77056086e-01 1.91149211e+00 2.83647329e-01
    -7.00544596e-01 2.15948582e-01 7.04774678e-01 6.99561477e-01
    -1.67756319e-01 -6.07479632e-01 -5.68494976e-01 2.42381260e-01
    4.02218223e-01 8.87285531e-01 1.07947004e+00 1.90501559e+00
    1.43753374e+00 1.35767651e+00 8.54220986e-01 1.53651083e+00
    1.91543949e+00 1.77714729e+00 -6.16694093e-01 -3.35947841e-01
    1.90146372e-01 -5.58151901e-01 -2.80876487e-01 1.00065517e+00
    1.28890812e+00 -1.75770242e-02 1.25793684e+00 1.77762973e+00
    -1.35721996e-01 1.47015667e+00 -6.51146114e-01 1.84728122e+00
    5.45538545e-01 9.32600617e-01 1.53134966e+00 2.23497853e-01
    1.87439132e+00 1.38507557e+00 -3.99630427e-01 1.82794666e+00
    -9.67251733e-02 -6.83973610e-01 1.04213107e+00 8.26643765e-01
    1.79491270e+00 -3.36022198e-01 9.99078035e-01 1.19755530e+00
    1.93274128e+00 1.71222091e+00 7.03047156e-01 -2.52797246e-01
    4.00071263e-01 1.65329707e+00 -7.16528535e-01 -1.88818112e-01
    -4.34122644e-02 1.43890452e+00 1.35258175e-02 -1.46889657e-01
    4.70463187e-01 1.85686064e+00 1.37219834e+00 1.79162645e+00
    4.32943702e-01 -2.23968565e-01 1.58459771e+00 -1.99627876e-01
    7.80938089e-01 -1.14792004e-01 1.91484845e+00 1.82364321e+00
    1.36704636e+00 5.39248765e-01 -3.14042494e-02 -1.87740460e-01
    4.58730571e-02 1.92015970e+00 -2.43945107e-01 -5.79886556e-01
    1.27941322e+00 -6.24547780e-01 9.25767899e-01 -6.84502006e-01
    6.26731038e-01 1.85182214e+00 -5.45003772e-01 -2.91233331e-01
    1.50783920e+00 2.37889923e-02 8.05344462e-01 3.15260172e-01
    -5.85920930e-01 -3.55229676e-01 1.95539141e+00 1.38819194e+00
    9.79669213e-01 2.53843237e-02 9.68515426e-02 7.45088160e-01
    1.30977786e+00 -4.92346495e-01 1.67062008e+00 -7.16527224e-01
    -9.93595570e-02 1.83797896e+00 -7.25522459e-01 3.61862749e-01
    1.16872704e+00 -1.76930428e-01 3.71119648e-01 -2.41690651e-01
    1.23696601e+00 -7.33554959e-01 8.93645942e-01 -4.55973344e-03
    -1.43315971e-01 2.97427803e-01 -1.27941057e-01 1.48908997e+00
    1.44761193e+00 4.71589208e-01 -1.40308172e-01 2.32522890e-01
    1.11973870e+00 4.77161884e-01 8.02258432e-01 1.77932096e+00
    4.52988744e-01 -1.79851502e-01 1.18202233e+00 -1.94691390e-01
    1.48031127e+00 -7.53666833e-02 1.31744027e+00 1.08916092e+00
    -6.15994871e-01 8.33241403e-01 1.91220057e+00 1.92668748e+00
    1.84113193e+00 1.69128966e+00 -4.53635514e-01 8.81268382e-01
    1.01808369e+00 6.06285214e-01 -7.07015812e-01 1.14852214e+00
    3.99300992e-01 1.91327706e-01 8.57960224e-01 -1.98462903e-01
    1.78269553e+00 7.92035758e-01 1.17630020e-01 1.61058140e+00
    -5.39081037e-01 2.00700855e+00 -2.66471744e-01 8.76687288e-01
    9.13141251e-01 8.49038780e-01 5.41727804e-02 -1.91711009e-01
    1.06935453e+00 8.42361510e-01 1.88733613e+00 -7.13487089e-01
    2.32258737e-01 2.83868670e-01 1.62433791e+00 5.57545841e-01
    1.70805621e+00 -5.91943681e-01 7.18603790e-01 1.34076488e+00
    4.39269990e-01 1.25105703e+00 1.98331296e-01 1.82716990e+00
    -6.56071842e-01 -6.32279158e-01 1.78604257e+00 4.91938859e-01
    -1.08282641e-02 -2.71839052e-01 1.94978192e-01 -8.15704241e-02
    4.66398835e-01 7.99035788e-01 1.14607501e+00 1.90835273e+00
    1.40504944e+00 2.90258467e-01 1.53224480e+00 -2.60684758e-01
    -1.13075711e-01 9.03369904e-01 6.63656369e-02 1.64329946e+00
    1.42797899e+00 3.00188750e-01 9.63692844e-01 1.87059522e+00
    1.66023135e+00 -1.72262192e-01 5.54755390e-01 -5.43509245e-01
    7.15020299e-01 2.86420047e-01 -1.41087949e-01 -8.03547725e-02
    1.07582533e+00 -1.31209269e-01 3.84567440e-01 1.27137586e-01
    -1.73351005e-01 3.23174983e-01 -3.25250328e-01 2.36777663e-01
    1.72342932e+00 1.42670500e+00 6.37486458e-01 -5.89310467e-01
    3.62475485e-01 1.52780938e+00 9.71494973e-01 9.35717463e-01
    7.79697537e-01 8.49294782e-01 1.96683332e-01 1.19467330e+00
    1.77652931e+00 -5.00352681e-01 -4.59779464e-02 -7.41293550e-01
    1.83387864e+00 4.89236712e-01 1.38730419e+00 1.38910699e+00
    3.92709047e-01 -9.01965648e-02 -6.46757603e-01 1.98090649e+00
    1.41029656e+00 1.99007380e+00 -5.88641226e-01 -1.00332731e-03
    1.49055099e+00 7.51714036e-03 8.10790896e-01 -4.80229855e-01
    -6.50043607e-01 -1.21498138e-01 -7.25893956e-03 7.97344148e-01
    1.22903502e+00 8.01358581e-01 1.57358170e+00 -4.13727283e-01
    -3.52523744e-01 9.89274502e-01 1.53337705e+00 -5.35336673e-01
    1.81165293e-01 1.17745829e+00 1.72932529e+00 8.25775743e-01
    1.62656689e+00 1.58670914e+00 1.64769816e+00 -6.97140396e-01
    -1.29010379e-01 1.29849601e+00 -5.28339863e-01 1.49616480e+00
    1.29081082e+00 -1.71247870e-01 -1.31362468e-01 -5.27045019e-02
    1.13017547e+00 -6.47583008e-01 9.44696426e-01 1.92803383e+00
    1.41800070e+00 5.71525395e-01 1.09354460e+00 6.48472369e-01
    1.36741281e+00 1.20417464e+00 -2.52281070e-01 7.60915875e-01
    4.75910932e-01 -6.60555363e-01 -5.53389825e-03 1.00480425e+00
    9.59854424e-01 1.81453562e+00 1.42056894e+00 7.16605425e-01
    1.14271188e+00 1.06667244e+00 6.06734812e-01 1.70694900e+00
    -7.07345977e-02 6.99221313e-01 -6.67518601e-02 2.04658374e-01
    -3.85070890e-01 1.48054051e+00 7.28428960e-02 -1.75486609e-01
    -5.49976118e-02 7.81851649e-01 -2.86258999e-02 5.76495588e-01
    1.42347348e+00 1.14668429e-01 1.07664883e+00 2.05038810e+00
    8.58782470e-01 -2.33225599e-01 4.72679913e-01 1.93026733e+00
    1.25355860e-02 3.35194230e-01 6.05619252e-01 1.78585184e+00
    1.92131889e+00 -2.82270126e-02 5.16214490e-01 1.13128603e-01
    -2.82349318e-01 9.51234162e-01 1.44642651e-01 1.75718212e+00
    2.09320232e-01 3.96397769e-01 1.20111763e+00 -2.33947664e-01
    -3.95701736e-01 1.63935614e+00 8.30401599e-01 1.39633536e+00
    5.98104835e-01 9.93805945e-01 1.94393885e+00 1.73715711e+00
    -3.55739683e-01 1.46209800e+00 1.43041229e+00 1.55821133e+00
    -1.68446109e-01 -2.42807809e-02 9.70874012e-01 4.02649432e-01
    -3.69016379e-01 -1.71815008e-01 -1.62079170e-01 1.26174688e+00
    4.29415733e-01 1.84856391e+00 3.05471450e-01 1.45354378e+00
    1.97404116e-01 3.72278810e-01 4.18711424e-01 -1.43580183e-01
    1.60737360e+00 1.62527347e+00 1.61292851e+00 1.01030898e+00
    -1.81534275e-01 1.46535885e+00 4.70584214e-01 -6.61812797e-02
    1.43488431e+00 -2.02491030e-01 1.33733749e+00 9.12273824e-01
    1.72717798e+00 3.56622100e-01 6.28969669e-01 1.63247454e+00
    1.22485518e+00 1.22891057e+00 9.78702307e-01 1.47872269e+00
    1.75521696e+00 1.48676503e+00 8.85886371e-01 5.38286090e-01
    1.62020579e-01 1.81408393e+00 9.43623602e-01 1.10239232e+00
    2.74238557e-01 1.43522990e+00 -3.14486921e-01 2.23620057e-01
    6.16007388e-01 -3.52590531e-01 -4.67106611e-01 1.70633829e+00
    1.12406361e+00 1.31010091e+00 -4.86209273e-01 1.52967227e+00
    1.77105951e+00 1.89023948e+00 -5.06882727e-01 5.01819253e-01
    1.96627259e-01 1.68269181e+00 1.52749932e+00 -6.42888486e-01
    1.14368415e+00 2.25842804e-01 1.42127061e+00 7.03075826e-01
    -6.99330866e-01 -5.80332577e-01 2.51427621e-01 -2.86263883e-01
    1.28448498e+00 4.60904866e-01 1.50221035e-01 7.00297654e-01
    1.89003599e+00 8.63756537e-01 1.80636215e+00 1.22712755e+00
    -5.08913636e-01 -9.73659158e-02 -2.09653065e-01 4.71725464e-01
    -2.45384604e-01 7.30335176e-01 5.90198517e-01 1.35824561e+00
    -3.90564591e-01 8.38129342e-01 1.70763433e+00 -9.58736688e-02
    1.23792493e+00 9.60388958e-01 1.27072215e+00 1.32246256e+00
    1.60710990e+00 5.12429953e-01 1.62003696e+00 -5.64328671e-01
    -2.71273762e-01 1.56672168e+00 1.68914044e+00 9.98824835e-01
    1.49599552e+00 1.81664753e+00 -1.83434650e-01 -1.18600518e-01
    1.83784163e+00 -2.64394999e-01 -1.22321963e-01 -5.43668151e-01
    -4.55789268e-01 1.39795566e+00 1.17743289e+00 1.90943909e+00
    1.52241230e+00 6.03638649e-01 4.24619496e-01 1.48847413e+00
    6.23841941e-01 1.32570946e+00 1.59203506e+00 1.30635989e+00
    4.85307634e-01 3.05361032e-01 1.59311414e+00 1.43018842e+00
    1.26066759e-01 2.02328444e-01 6.24917746e-01 -7.45917261e-02
    -2.99212813e-01 1.12788975e+00 -5.08623600e-01 1.06421566e+00
    8.81173611e-01 1.79276609e+00 -4.60461140e-01 1.19666004e+00
    8.52795720e-01 -2.03743905e-01 2.63390746e-02 1.76385772e+00
    2.17483684e-01 1.20679748e+00 1.91039717e+00 -3.48271020e-02
    1.84364402e+00 1.74065506e+00 8.03071082e-01 -4.52074036e-02
    1.19565940e+00 -1.41464829e-01 2.05187201e-02 1.29348445e+00
    -3.50766987e-01 2.32919618e-01 6.03535235e-01 -1.19499013e-01
    1.87993479e+00 1.05430448e+00 1.68779063e+00 -6.17697358e-01
    -1.77843615e-01 1.68272638e+00 1.65252435e+00 3.73404115e-01
    9.89616990e-01 1.14319421e-01 3.70036326e-02 1.31458485e+00
    2.01037192e+00 -1.23992711e-01 -2.98589706e-01 1.04393828e+00
    7.80046701e-01 1.88460648e+00 -4.92339164e-01 1.50823629e+00
    1.20141172e+00 -6.39082372e-01 8.23948026e-01 1.65850365e+00
    3.67966533e-01 1.51521766e+00 1.35605204e+00 1.09756422e+00
    7.82721281e-01 4.63478237e-01 -3.93055707e-01 -6.03595376e-01
    -1.39871463e-01 7.58864403e-01 6.44271910e-01 1.85055450e-01
    9.54739869e-01 1.07614851e+00 1.60942197e+00 5.22345722e-01
    1.75479198e+00 2.13070631e-01 1.09677839e+00 1.68025756e+00
    7.53693759e-01 7.69363701e-01 3.88367623e-01 6.23233438e-01
    2.00812221e+00 7.00768292e-01 -4.05202538e-01 -1.66575223e-01
    -8.16695839e-02 2.96955317e-01 1.06499314e+00 -3.71524342e-03
    -3.39460075e-01 1.91832519e+00 1.81980884e+00 1.21757638e+00
    6.71522677e-01 -4.79190350e-01 1.26655066e+00 9.87615108e-01
    1.63438153e+00 -4.12400901e-01 2.11574650e+00 9.29508172e-03
    2.05589962e+00 1.95505762e+00 6.82929397e-01 2.02690268e+00
    -4.73824769e-01 9.45544481e-01 1.80663395e+00 -4.13418829e-01
    1.38117313e-01 5.04046559e-01 1.57621515e+00 -5.33280969e-01
    -1.47807449e-01 1.19223706e-01 -4.00622398e-01 -2.80075073e-01
    1.40144551e+00 3.20392847e-01 5.95409691e-01 3.11289698e-01
    1.71885753e+00 5.25560737e-01 1.47175598e+00 1.95378041e+00
    2.93178499e-01 1.69402826e+00 -2.05260292e-01 2.07365847e+00
    1.07612443e+00 1.18361390e+00 5.25855422e-01 1.47651267e+00
    1.05067682e+00 1.64435852e+00 3.83203387e-01 1.04725587e+00
    4.76102680e-01 1.83800650e+00 -3.12608540e-01 1.05906792e-01
    4.18728799e-01 3.94786358e-01 7.52356827e-01 1.51984954e+00
    1.30220079e+00 2.04801464e+00 -3.01841170e-01 6.85441494e-02
    1.87991059e+00 1.05467272e+00 2.07655048e+00 1.86527503e+00
    1.28988719e+00 -4.26803529e-01 2.09328860e-01 1.36293936e+00
    1.44969136e-01 2.03448176e+00 -2.34309301e-01 7.64454126e-01
    -1.99877858e-01 3.48378688e-01 1.26577449e+00 1.48397207e+00
    9.66419578e-01 1.49868751e+00 3.76210243e-01 1.23053932e+00
    5.30357242e-01 -2.27727294e-01 9.66347218e-01 1.08849871e+00
    9.58985269e-01 2.08001161e+00 1.27955353e+00 5.55837154e-01
    1.45889997e+00 6.20032489e-01 1.03419316e+00 -3.33886236e-01
    3.80864181e-02 -1.08260281e-01 6.38802588e-01 1.82625198e+00
    1.12919474e+00 2.15309471e-01 1.95566750e+00 2.00451636e+00
    6.09666228e-01 1.04470527e+00 1.23517358e+00 -3.68793637e-01
    1.82185495e+00 -5.05182028e-01 7.46804774e-01 3.64297211e-01
    3.43156047e-03 9.90412474e-01 2.42658909e-02 -4.82574195e-01
    5.02909839e-01 2.42360502e-01 -3.83761495e-01 1.53026438e+00
    1.90748763e+00 -5.28981149e-01 -8.91053826e-02 -2.31074482e-01
    1.95787466e+00 1.35034752e+00 -1.94740772e-01 1.91536218e-01
    4.21204492e-02 -6.84044540e-01 3.36691588e-01 1.93513513e+00
    3.76958460e-01 1.67986131e+00 4.40026581e-01 1.23241651e+00
    9.81622100e-01 1.64992094e+00 5.07114887e-01 -5.43697238e-01
    1.22050917e+00 1.87959778e+00 1.89550316e+00 -1.69509128e-01
    5.65938115e-01 1.33284783e+00 1.98499668e+00 1.47519231e+00
    3.66977125e-01 6.13698661e-01 -5.39963603e-01 1.39405692e+00
    7.21629381e-01 1.41006243e+00 1.20002413e+00 1.75641322e+00
    2.80992419e-01 1.43556774e-01 -4.39632356e-01 1.88945627e+00
    1.40055931e+00 2.09878421e+00 4.73629981e-01 6.24517083e-01
    2.08033609e+00 1.57713187e+00 1.15244257e+00 1.23644030e+00
    7.53941834e-01 8.42333019e-01 7.41178930e-01 1.02892029e+00
    1.81267893e+00 4.47969675e-01 3.75430822e-01 7.96775222e-01
    -3.13894242e-01 5.02702296e-02 -2.42062286e-01 -5.06989717e-01
    4.11968768e-01 1.49322176e+00 9.30132031e-01 1.11026812e+00
    1.94689929e+00 1.05162036e+00 8.34948242e-01 -6.20236039e-01
    1.61498845e+00 -2.81381965e-01 1.99807966e+00 -6.70647383e-01
    1.80968976e+00 6.64946735e-01 1.41514480e+00 -2.34264567e-01
    -3.32913667e-01 1.83742702e+00 1.03294969e+00 1.07146573e+00
    -5.10071695e-01 1.05907536e+00 1.28736794e+00 7.70460606e-01
    1.59011996e+00 5.57532310e-01 -2.08491802e-01 1.01008296e+00
    -6.90677762e-02 1.97207823e-01 -1.23950146e-01 1.62117612e+00
    -1.64330959e-01 8.40185285e-01 4.77818966e-01 1.80749357e+00
    4.14770156e-01 -1.58964932e-01 1.66178799e+00 -5.34578800e-01
    6.26447022e-01 1.11663365e+00 1.10470498e+00 7.33464956e-01
    3.81667048e-01 1.88499749e+00 9.20168757e-01 -2.21730217e-01
    1.64839840e+00 9.23788249e-01 -6.22979641e-01 -4.94700789e-01
    1.14995515e+00 5.41971385e-01 -5.02836287e-01 8.52348268e-01
    -4.68044460e-01 1.54600406e+00 1.84816289e+00 4.15888131e-01
    4.18021083e-01 1.17956424e+00 2.14156136e-01 9.54684138e-01
    2.04479054e-01 -4.23808873e-01 1.34347188e+00 1.90658581e+00
    4.36853111e-01 2.73104627e-02 -4.40275460e-01 -4.19354796e-01
    -4.34159487e-01 2.23816216e-01 6.20758176e-01 5.59544861e-01
    -5.37713051e-01 1.23479843e+00 3.78892750e-01 -1.57489419e-01
    1.49593818e+00 9.61172462e-01 1.78882360e+00 1.13381052e+00
    1.25619102e+00 -6.22995794e-02 9.68675762e-02 1.86181617e+00
    1.68862927e+00 2.27596974e+00 -7.84762278e-02 2.32095504e+00
    1.79555547e+00 -3.41498047e-01 7.69068658e-01 1.29033089e+00
    1.31366193e+00 4.23454791e-01 6.51537180e-02 1.20162785e+00
    1.05859625e+00 1.31050789e+00 8.32723856e-01 2.59269863e-01
    9.02449071e-01 5.53390205e-01 1.96445680e+00 4.66767102e-01
    -1.41324671e-02 4.62859645e-02 1.16326749e+00 1.13214624e+00
    4.28599387e-01 1.00143313e+00 1.60394537e+00 1.16727281e+00
    1.52520728e+00 -2.52172053e-01 4.41168994e-01 -2.65468001e-01
    8.02041352e-01 2.71636128e-01 -1.65248718e-02 -2.34188259e-01
    1.90442622e+00 1.06489861e+00 -6.33491576e-01 1.67079484e+00
    -3.80948365e-01 1.37019742e+00 5.63023865e-01 1.91276562e+00
    1.45435927e-03 1.84366751e+00 1.74440777e+00 -6.03621483e-01
    1.99989951e+00 2.08069086e+00 1.36930048e+00 3.20661902e-01
    1.53581834e+00 1.31127894e+00 8.46372843e-01 -4.93511289e-01
    -8.76147151e-02 -3.93796146e-01 1.30416548e+00 9.25891101e-01
    1.62618601e+00 1.27140868e+00 8.87465596e-01 -5.69046855e-01
    1.01707792e+00 1.42943060e+00 -2.96080083e-01 1.87352967e+00
    1.34128463e+00 2.64703840e-01 -6.18816614e-01 5.98214678e-02
    1.19542027e+00 2.06607676e+00 1.03901923e+00 2.06664634e+00
    1.48421788e+00 9.78155851e-01 3.44972163e-01 2.30667770e-01
    1.63858521e+00 2.00633883e+00 2.05156088e+00 1.74167240e+00
    -1.73272371e-01 -2.25853965e-01 6.09553516e-01 4.08015579e-01
    9.01829362e-01 1.59246877e-01 1.35029733e+00 5.19786440e-02
    1.44930494e+00 4.94875580e-01 1.15383542e+00 9.97041881e-01
    1.55346799e+00 7.64399290e-01 9.30040777e-01 2.01783085e+00
    1.75258601e+00 9.73265290e-01 7.79765189e-01 1.61864758e-01
    -8.26197714e-02 1.28513265e+00 6.85348332e-01 7.63349712e-01
    1.56777096e+00 -1.92688659e-01 1.51824439e+00 6.54217839e-01
    -1.37213096e-01 1.81879401e+00 1.63148391e+00 2.05796555e-01
    1.10129976e+00 1.22626901e+00 -1.28933694e-02 -4.18824330e-02
    3.82747203e-01 -2.46094137e-01 2.43791100e-02 1.01096618e+00
    6.59894645e-01 1.78164065e+00 -2.94950437e-02 7.07235277e-01
    -2.40924403e-01 -1.08842075e-01 4.82528865e-01 -2.58283406e-01
    1.05138218e+00 1.75482833e+00 9.12541032e-01 2.00947595e+00
    -2.06436023e-01 -1.45434275e-01 3.49106431e-01 8.94241631e-01
    1.13899648e-01 2.67167836e-01 9.87277746e-01 3.74779046e-01
    1.94985735e+00 8.11159194e-01 -4.75369364e-01 1.10561204e+00
    8.36650491e-01 -2.75519669e-01 -3.41319442e-01 1.47076190e+00
    8.11409771e-01 2.07839108e+00 1.94941497e+00 -5.23931682e-01
    2.02673531e+00 -3.20079714e-01 6.09937981e-02 -3.71911943e-01
    1.19789338e+00 -5.11203468e-01 -1.81076489e-02 -2.89554149e-01
    -3.31939608e-01 8.28572810e-01 1.22013450e+00 9.57964063e-01
    1.97837755e-01 1.22454405e-01 -4.30067450e-01 3.86965334e-01
    7.10186481e-01 -3.85207832e-01 1.43231019e-01 1.43659520e+00
    2.07358313e+00 7.31388986e-01 1.08759534e+00 1.70118153e+00
    9.55205798e-01 5.24254858e-01 -4.29812307e-03 1.16828060e+00
    3.72526169e-01 2.08479357e+00 -4.88804251e-01 3.16869706e-01
    -4.22548115e-01 1.28559196e+00 -2.93672740e-01 -1.47878349e-01
    -2.80728698e-01 1.53994679e+00 8.09947789e-01 9.13337290e-01
    1.03485584e+00 1.05984437e+00 3.30928504e-01 1.57110548e+00
    -2.55490154e-01 9.26814497e-01 1.47243309e+00 3.45253050e-01
    1.46311581e-01 -5.96932769e-01 9.82877791e-01 2.01666570e+00
    -5.09873271e-01 1.88609838e+00 2.09230542e+00 1.40806273e-01
    2.10263562e+00 1.60301113e+00 -3.32712531e-01 1.20212162e+00
    1.52379608e+00 6.76732957e-02 -2.42932037e-01 -5.06027102e-01
    -3.80433321e-01 -2.58344322e-01 -4.85201806e-01 1.84231842e+00
    1.82267201e+00 -4.66287315e-01 1.91774797e+00 2.37280414e-01
    5.92670321e-01 -2.41363540e-01 2.11784172e+00 4.74911660e-01
    1.17056243e-01 -2.75407672e-01 1.78488255e+00 1.67366815e+00
    1.95653892e+00 1.82606828e+00 -3.94333117e-02 -4.60724622e-01
    1.86934412e+00 8.13877285e-01 1.97728157e+00 1.53716314e+00
    -3.93437088e-01 -4.33673441e-01 1.88036835e+00 1.29001260e+00
    4.95236486e-01 -9.62327793e-02 1.72011793e+00 1.19042552e+00
    1.15727127e+00 -2.29577616e-01 7.07524419e-01 2.17070293e+00
    1.46282053e+00 -8.64939764e-03 2.15658203e-01 6.55809402e-01
    1.49337649e+00 2.23377105e-02 -1.93110511e-01 -1.11550659e-01
    1.22157395e+00 7.01909840e-01 9.33650613e-01 -1.21900752e-01
    -3.70031774e-01 -1.76112264e-01 8.25978518e-02 6.08775258e-01
    7.92455256e-01 -4.36855033e-02 1.62267005e+00 1.97769356e+00
    8.85348096e-02 1.56002116e+00 1.68241513e+00 1.09067655e+00
    1.34720957e+00 8.96149278e-01 5.25409758e-01 6.85209274e-01
    5.76185524e-01 1.28983426e+00 1.98819399e+00 1.67925620e+00
    -4.55440879e-01 1.93843246e-01 -3.16393018e-01 5.21545172e-01
    6.22304916e-01 1.60931632e-01 2.49836400e-01 1.08668053e+00
    3.58104646e-01 -5.34013987e-01 1.92382467e+00 2.49880940e-01
    1.23139203e+00 3.94951791e-01 1.56267062e-02 1.89675760e+00
    9.62364793e-01 2.52934724e-01 1.62871993e+00 1.98823825e-01
    1.18982840e+00 5.78017116e-01 1.07441843e+00 1.78953505e+00
    -2.10320786e-01 4.57620025e-02 3.67992669e-01 1.92436075e+00
    1.07793784e+00 1.69410694e+00 1.45879948e+00 1.46806896e+00
    3.52540910e-02 1.38673973e+00 1.99835014e+00 8.87982547e-01
    5.13071597e-01 4.42188263e-01 4.21449333e-01 4.44603622e-01
    1.81573081e+00 7.35029951e-02 -5.62466122e-02 -3.40570331e-01
    -1.24567442e-01 1.08305492e-01 4.39994305e-01 -4.15994078e-01
    -1.11925364e-01 6.85898781e-01 4.33471709e-01 4.08624977e-01
    1.32918763e+00 -4.25484955e-01 1.56712699e+00 3.72835323e-02
    -2.70502031e-01 1.76003397e+00 1.98634195e+00 9.61425066e-01
    7.49940336e-01 1.65641975e+00 1.51460624e+00 -2.28824228e-01
    1.38415956e+00 -2.55764157e-01 3.85831863e-01 3.70864064e-01
    -4.16696638e-01 1.29934430e+00 2.02745867e+00 1.62996411e+00
    8.85776818e-01 8.40706289e-01 1.96868515e+00 1.33261299e+00
    1.16269910e+00 2.04971313e-01 -2.89258808e-01 3.73977840e-01
    1.80965036e-01 8.80843699e-01 2.15177631e+00 1.54598844e+00
    1.35642123e+00 3.87063891e-01 1.80430222e+00 1.63686132e+00
    2.10232520e+00 -3.26807529e-01 -1.92230612e-01 1.27960300e+00
    2.02372384e+00 1.94478488e+00 -1.37677491e-01 2.14622116e+00
    1.29727459e+00 4.89403486e-01 1.15391052e+00 9.43444908e-01
    1.11199427e+00 8.66205513e-01 1.02269626e+00 1.63930249e+00
    -2.19972581e-01 4.84885991e-01 2.06747293e+00 1.60971642e+00
    1.71207416e+00 -5.77527702e-01 -5.18446028e-01 1.98504817e+00
    2.12306619e+00 1.29811716e+00 8.81894529e-02 -1.59036741e-02
    8.70329499e-01 3.21645617e-01 2.98074782e-01 1.82954156e+00
    1.14385951e+00 8.19771349e-01 1.81165075e+00 -5.29758111e-02
    1.97141814e+00 2.66690901e-03 -9.57979336e-02 2.12251091e+00
    7.20041037e-01 2.07969308e+00 4.59492415e-01 1.36007857e+00
    -6.09312253e-03 1.38289368e+00 1.63386047e+00 7.08826661e-01
    -3.34017992e-01 1.18409324e+00 1.79601395e+00 1.28323209e+00
    -4.59437430e-01 -4.43260521e-01 2.34302431e-01 1.94557512e+00
    1.44441620e-01 8.01694393e-01 -5.26244104e-01 1.56084642e-01
    1.36611295e+00 1.11363339e+00 -2.65497327e-01 8.59511375e-01
    1.38107395e+00 1.28046882e+00 1.55285144e+00 9.07052279e-01
    1.50345281e-01 1.29660949e-01 2.12296915e+00 -5.15871584e-01
    8.39318633e-01 1.15640986e+00 4.17770326e-01 1.86735344e+00
    -8.44776183e-02 -1.59277335e-01 2.84826308e-01 1.33249855e+00
    6.83485210e-01 6.76801741e-01 7.20453024e-01 1.14541125e+00
    4.22137022e-01 -2.33833298e-01 5.56696475e-01 8.44768763e-01
    5.87064996e-02 6.90153956e-01 1.65742385e+00 -3.79379243e-02
    -2.51677692e-01 3.01958948e-01 1.93324745e+00 2.03673422e-01
    2.20742607e+00 6.25549734e-01 7.49840260e-01 9.00753960e-02
    -3.40241611e-01 1.15958226e+00 1.07950640e+00 1.74838758e+00
    -4.66088295e-01 1.51542318e+00 1.04565799e-01 2.94944078e-01
    1.25421464e+00 1.54623806e+00 7.37648964e-01 4.94339466e-01
    8.25135887e-01 1.12759328e+00 1.25962830e+00 1.78944111e+00
    2.02301359e+00 -1.01395160e-01 3.62943172e-01 -4.52784188e-02
    9.11661148e-01 5.13585925e-01 1.64026901e-01 7.99701691e-01
    1.19947970e+00 3.46359372e-01 -1.13148756e-01 1.77251709e+00
    1.44385767e+00 7.05355465e-01 1.63106668e+00 -6.21490441e-02
    -3.37895662e-01 1.99212924e-01 1.80282533e+00 9.71843861e-03
    1.45452261e+00 1.89195740e+00 2.00335789e+00 2.99562544e-01
    1.11778462e+00 1.98998797e+00 4.12548274e-01 -3.01489890e-01
    1.30241632e+00 1.84711051e+00 7.89957702e-01 3.72541875e-01
    6.12093210e-01 1.81262743e+00 4.20515954e-01 1.37583840e+00
    6.25895262e-01 9.23152626e-01 1.89430308e+00 1.52589095e+00
    -5.20117991e-02 7.71680832e-01 -2.09307998e-01 -7.11876526e-02
    1.90327549e+00 1.15576220e+00 -5.44487126e-02 2.11958647e+00
    5.42708933e-02 1.77387965e+00 1.96992052e+00 3.12243521e-01
    1.12533629e+00 1.95054734e+00 1.92037463e+00 1.07669270e+00
    9.05681551e-01 1.21811640e+00 1.69280767e+00 1.34751427e+00
    -3.78579885e-01 2.08646584e+00 1.20358396e+00 2.05387974e+00
    1.79696548e+00 5.52230358e-01 1.61116135e+00 1.18191457e+00
    1.35685468e+00 9.55616415e-01 1.83176398e-01 1.07654536e+00
    1.52821100e+00 1.61870226e-01 2.13630930e-01 -1.88491136e-01
    -5.00876367e-01 1.30236971e+00 2.15418482e+00 2.11798882e+00
    6.37471855e-01 4.91863132e-01 1.33542025e+00 1.40004253e+00
    2.08866334e+00 5.66753864e-01 -9.88983214e-02 2.14003515e+00
    -3.92158061e-01 1.11776972e+00 1.53088486e+00 8.79957139e-01
    1.57549858e-01 1.49513766e-01 1.15034676e+00 -7.81842545e-02
    -1.30353430e-02 4.96472061e-01 8.33653808e-01 -4.22739744e-01
    1.81354403e+00 2.05602551e+00 1.09084375e-01 8.16333115e-01
    1.37423289e+00 -3.75901133e-01 6.48578346e-01 -3.12225163e-01
    2.06188679e+00 9.36829269e-01 5.06601453e-01 1.65012407e+00
    1.08888805e+00 2.12134719e+00 -3.01450014e-01 -2.10990787e-01
    1.14949930e+00 1.96108982e-01 1.75714409e+00 1.81057000e+00
    -1.95156679e-01 1.22083163e+00 4.63583142e-01 2.82624245e-01
    5.39690256e-01 8.56481969e-01 1.42729056e+00 8.53445888e-01
    1.13485360e+00 1.21644151e+00 9.55317497e-01 -3.21398467e-01
    1.34939373e+00 1.72879025e-01 -4.69465882e-01 1.87776339e+00
    6.32942677e-01 3.74605209e-01 1.08373523e+00 1.09206057e+00
    -1.43782616e-01 3.81164491e-01 1.67466521e+00 1.80566156e+00
    -1.92116462e-02 1.81942582e-02 -3.24917585e-01 5.09853721e-01
    -3.02999794e-01 -6.21558391e-02 8.13553780e-02 -3.78269613e-01
    5.80914691e-02 1.69780231e+00 4.26567137e-01 -1.46132112e-01
    2.17100486e-01 5.71799517e-01 1.06796086e-01 -1.26779109e-01
    1.33916008e+00 6.74166679e-01 1.34663963e+00 6.69741988e-01
    1.75780785e+00 2.17810965e+00 9.55393076e-01 1.54688823e+00
    2.03527141e+00 8.92343283e-01 -7.83639252e-02 5.84773719e-01
    -1.20903738e-01 1.29412043e+00 -4.04148102e-01 -4.43919003e-01
    -1.70465559e-02 9.68280613e-01 -2.11376891e-01 7.60281980e-01
    2.24983835e+00 1.86107254e+00 2.72440374e-01 1.54486060e+00
    2.90109843e-01 3.30287665e-02 7.23376989e-01 2.19197798e+00
    6.03215039e-01 2.11318183e+00 1.92079866e+00 8.90905261e-01
    1.60707963e+00 -2.48348519e-01 2.12540790e-01 6.07708693e-01
    2.15103531e+00 -1.87398717e-01 2.11912560e+00 3.34286243e-01
    1.20284379e+00 -3.58376682e-01 4.10365522e-01 2.00823259e+00
    1.09288788e+00 3.82289350e-01 1.14950919e+00 7.71784544e-01
    -1.77100003e-01 2.04288706e-01 1.85845304e+00 2.09257579e+00
    1.41865230e+00 -2.95428783e-01 -1.17505975e-02 9.95799899e-01
    1.43432748e+00 5.26223540e-01 1.91839337e+00 1.68564451e+00
    9.62747812e-01 2.38837242e-01 5.57302356e-01 3.83403838e-01
    1.71756673e+00 4.60788518e-01 1.15780866e+00 1.30623817e+00
    1.59779477e+00 1.07002950e+00 1.78682014e-01 1.67048955e+00
    1.67540178e-01 1.39586794e+00 1.70535672e+00 -1.19583711e-01
    8.82401466e-01 6.80932999e-02 5.66805065e-01 1.99417162e+00
    5.60409725e-01 -3.93078953e-01 -3.04061234e-01 1.62858105e+00
    5.23167312e-01 1.94554770e+00 1.07142699e+00 4.64336306e-01
    -2.70171285e-01 3.19642544e-01 2.05036783e+00 1.64367366e+00
    5.91216832e-02 1.09230411e+00 2.16615367e+00 5.35334408e-01
    1.11592591e+00 1.39521933e+00 -1.09591186e-01 3.26265752e-01
    1.77419230e-01 1.60360026e+00 1.34974301e+00 1.72977316e+00
    5.86648464e-01 9.74836469e-01 -6.62218109e-02 -1.85577780e-01
    4.49426115e-01 1.49770188e+00 8.72884512e-01 1.07433653e+00
    1.69178820e+00 -4.33422685e-01 -7.90036321e-02 1.61368155e+00
    7.82209635e-01 1.61526048e+00 2.55100161e-01 1.59658587e+00
    -4.20284048e-02 2.47638273e+00 6.84175909e-01 1.51850507e-01
    1.04487598e+00 1.83975112e+00 1.25326884e+00 1.55705288e-01
    -3.31240833e-01 2.01286769e+00 1.06208885e+00 3.41155678e-02
    -3.54043901e-01 6.85921252e-01 2.31668878e+00 2.23535967e+00
    1.51672006e+00 -3.55902791e-01 8.16367567e-02 -2.66487837e-01
    1.72984517e+00 -2.21330106e-01 -3.97337645e-01 9.52334926e-02
    1.60543585e+00 1.35654461e+00 9.33861911e-01 1.21407664e+00
    3.40743512e-01 4.65971351e-01 8.12617123e-01 -4.51948076e-01
    1.68889904e+00 4.58190471e-01 2.18087745e+00 7.04534501e-02
    9.40277576e-01 1.58195639e+00 -2.03739032e-01 1.61106956e+00
    1.92651048e-01 1.10895181e+00 1.94906867e+00 -3.80483180e-01
    1.58284992e-01 1.58120334e+00 -1.99920639e-01 4.85717952e-01
    8.64225209e-01 1.62038648e+00 2.08008814e+00 -5.59367649e-02
    -2.21882001e-01 4.67043556e-02 -3.47072631e-01 1.33980834e+00
    1.37152815e+00 2.18010736e+00 1.86131168e-02 -2.79235691e-01
    1.32982039e+00 2.63788939e-01 -2.49725133e-01 2.01777291e+00
    2.18464613e+00 1.37151074e+00 1.25710130e+00 3.25014740e-01
    -4.04105484e-01 1.47072053e+00 3.94447774e-01 2.72643536e-01
    6.46338224e-01 1.04078472e+00 5.05212545e-01 1.34808660e+00
    -3.68755490e-01 1.19438863e+00 2.17874694e+00 1.32831180e+00
    -4.14661199e-01 -4.50267317e-03 1.00135648e+00 8.34943950e-01
    1.29980350e+00 1.01159942e+00 -2.96716422e-01 1.79013312e+00
    3.37886959e-01 -1.59712046e-01 1.98617324e-01 3.49547654e-01
    1.39158559e+00 1.46369055e-01 2.27177167e+00 6.37773126e-02
    1.76815188e+00 1.88010395e+00 1.48729610e+00 1.44823626e-01
    8.27702463e-01 1.44551742e+00 1.34978259e+00 4.91292775e-01
    1.17790747e+00 -8.46316814e-02 1.37714028e+00 1.11826551e+00
    1.34961748e+00 1.05142701e+00 1.14758790e+00 2.05175805e+00
    -4.45153326e-01 3.01945329e-01 -2.74858356e-01 8.82961273e-01
    1.77256417e+00 3.26029748e-01 1.97849429e+00 2.19656420e+00
    1.10638022e+00 6.19178712e-01 -3.73301119e-01 2.11603761e+00
    -3.52933049e-01 2.12923741e+00 1.84906065e+00 2.44849741e-01
    -3.88432980e-01 1.12636161e+00 -2.80205578e-01 1.78977358e+00
    1.09871411e+00 4.25395817e-01 6.23809814e-01 1.18834555e+00
    2.22786641e+00 1.88828945e+00 1.45288777e+00 1.33846819e-01
    1.35178542e+00 -4.53828424e-01 3.64311904e-01 2.12346840e+00
    4.86194700e-01 9.46126208e-02 1.78341269e+00 1.74790108e+00
    -3.18613708e-01 3.12981486e-01 1.53646111e+00 -1.34865761e-01
    1.83475041e+00 1.15485370e+00 1.01857471e+00 9.48995173e-01
    1.18454766e+00 1.45974636e-01 8.79901648e-01 3.92972767e-01
    6.94976747e-01 2.11954102e-01 8.49989295e-01 4.96507823e-01
    4.14894432e-01 2.00372362e+00 4.85011458e-01 1.47778606e+00
    1.43747938e+00 2.22539711e+00 1.03853905e+00 -9.50998366e-02
    2.12669468e+00 2.17729211e+00 1.36917222e+00 7.28982747e-01
    8.34606528e-01 2.06300378e+00 1.60168767e+00 8.15293491e-02
    9.70466256e-01 -1.23223779e-03 8.52397025e-01 8.73289108e-01
    1.08922553e+00 -1.63258880e-01 1.89588475e+00 7.58720934e-01
    2.01279044e+00 -1.45855159e-01 9.36263859e-01 -1.93639979e-01
    1.53160071e+00 1.98918724e+00 1.66000007e-03 2.77186424e-01
    1.72014081e+00 1.86100852e+00 1.62620819e+00 2.01793146e+00
    5.01040578e-01 8.50343704e-02 -1.19553857e-01 3.26879621e-01
    1.95939755e+00 9.66987431e-01 2.08208513e+00 3.14312577e-01
    7.76826739e-01 5.04943803e-02 1.35774648e+00 7.93520987e-01
    1.26910254e-01 1.91549850e+00 1.82315016e+00 -3.15886021e-01
    1.25427544e+00 2.29221582e+00 -8.91715195e-03 -4.03531432e-01
    1.69328380e+00 1.50351214e+00 6.33937001e-01 1.42931795e+00
    2.55694181e-01 4.20175642e-01 7.80742407e-01 1.77900970e+00
    2.22991967e+00 1.84157372e+00 7.19742656e-01 1.80762935e+00
    -2.52532899e-01 -5.72960004e-02 -3.25730503e-01 1.52719116e+00
    -3.46820861e-01 4.60661680e-01 3.12206328e-01 -3.32722574e-01
    1.25129950e+00 -2.12675244e-01 -9.66530740e-02 2.11869407e+00
    5.97927570e-01 2.14923930e+00 4.20978159e-01 -2.29881585e-01
    1.59618473e+00 9.48968053e-01 5.30692697e-01 3.87158930e-01
    1.55140877e+00 4.69153851e-01 1.52590346e+00 1.10957944e+00</data></your_img>
</opencv_storage>
