<?xml version="1.0"?>
<opencv_storage>
<r>9</r>
<L2_diff>4.9213685897560296e+01</L2_diff>
<test_img type_id="opencv-matrix">
  <rows>128</rows>
  <cols>256</cols>
  <dt>f</dt>
  <data>
    6.76452637e-01 6.51263118e-01 3.00210357e-01 1.84309602e-01
    3.93316984e-01 4.14668262e-01 6.82427585e-02 7.67385662e-01
    3.16703975e-01 9.52419281e-01 1.52811050e-01 5.62624216e-01
    5.82423508e-01 5.96777439e-01 2.01979607e-01 8.78915191e-03
    4.50585365e-01 1.47606373e-01 5.13837516e-01 4.65238452e-01
    1.32536292e-02 2.05388218e-01 1.08340561e-01 1.85105532e-01
    8.43103409e-01 7.93161750e-01 4.47383434e-01 9.96741891e-01
    6.25389695e-01 3.75128061e-01 8.35386992e-01 1.64984107e-01
    5.40166080e-01 5.17460942e-01 3.93752545e-01 1.12356752e-01
    5.07864535e-01 8.48552108e-01 6.10632837e-01 8.95749927e-01
    2.07535714e-01 1.34750068e-01 8.63111496e-01 2.09342539e-01
    3.00868750e-01 2.56473243e-01 6.89965963e-01 2.33872592e-01
    3.30432653e-01 4.02707547e-01 6.15248263e-01 3.26663435e-01
    6.42842412e-01 3.20478320e-01 2.56034166e-01 9.10698712e-01
    7.87498891e-01 3.98759842e-01 7.21311927e-01 2.66444683e-01
    5.25203049e-01 4.19583142e-01 8.59715044e-02 5.61697483e-02
    3.87843132e-01 9.06957686e-01 1.45703793e-01 2.86074162e-01
    7.59745121e-01 5.78161657e-01 9.61597443e-01 5.79177976e-01
    7.16187060e-02 8.58255327e-02 4.24361050e-01 7.32549369e-01
    4.23651069e-01 8.02490234e-01 5.52721560e-01 4.36195552e-01
    1.81621075e-01 8.13985825e-01 6.46480918e-01 3.50338936e-01
    9.89146113e-01 7.75766551e-01 8.72761250e-01 7.19152272e-01
    5.30569434e-01 8.12282205e-01 5.68979681e-01 2.34593272e-01
    1.85784966e-01 4.44157064e-01 8.26824009e-01 6.48513675e-01
    2.24305511e-01 9.16960120e-01 5.29281437e-01 7.49980450e-01
    8.46252084e-01 7.78454304e-01 3.77942145e-01 9.43768680e-01
    5.58637023e-01 1.88628167e-01 3.99485350e-01 4.71413851e-01
    5.35701692e-01 4.74522799e-01 9.82419133e-01 1.07524514e-01
    5.84669888e-01 1.04739428e-01 6.09984517e-01 4.19217348e-03
    3.44837785e-01 7.93765008e-01 2.16999441e-01 8.16516280e-01
    8.60072374e-01 8.61306548e-01 3.32123160e-01 9.47252750e-01
    4.62461323e-01 2.03321457e-01 4.78349745e-01 8.07185292e-01
    8.37950051e-01 2.05829620e-01 7.57283688e-01 4.66230035e-01
    9.82921243e-01 4.97755259e-01 4.06197995e-01 3.73576283e-01
    2.02342570e-02 2.81933576e-01 7.78030276e-01 9.78646338e-01
    7.48294234e-01 6.56643867e-01 9.01518524e-01 6.76097393e-01
    2.19796747e-01 5.65886497e-01 9.87015724e-01 2.28457153e-02
    3.75543416e-01 6.87632143e-01 3.14985633e-01 3.09453547e-01
    8.96183252e-01 9.71294761e-01 3.90812874e-01 5.56388319e-01
    7.41552114e-02 1.75313652e-02 1.54010594e-01 5.25630236e-01
    8.63727927e-01 6.49385214e-01 7.41910577e-01 7.25014269e-01
    2.16947913e-01 9.09337223e-01 8.06213021e-01 4.50819582e-01
    1.88760161e-01 6.76696062e-01 4.99846488e-01 8.58860314e-02
    6.71453476e-02 4.87360746e-01 1.98237777e-01 2.38591433e-03
    2.23840833e-01 8.73237789e-01 7.54026473e-01 8.80112112e-01
    4.38458323e-01 3.25759947e-01 2.48385370e-01 7.64271617e-01
    6.54065609e-03 1.43309832e-02 8.55615318e-01 4.44337696e-01
    2.96794057e-01 9.86200333e-01 2.54755557e-01 4.83623862e-01
    3.64857376e-01 7.18084931e-01 1.46970093e-01 2.26829171e-01
    5.41682959e-01 6.66240990e-01 1.74208581e-02 8.48920226e-01
    1.26657814e-01 6.35765076e-01 2.83273578e-01 7.52550542e-01
    8.41296375e-01 8.87364030e-01 2.35890210e-01 1.61937088e-01
    3.00101578e-01 1.94132000e-01 3.79020452e-01 1.31027073e-01
    3.11706960e-01 6.54903650e-02 4.35643226e-01 8.84717166e-01
    4.21177477e-01 5.85548699e-01 2.16310740e-01 3.30580860e-01
    4.80720639e-01 4.87367421e-01 5.10738313e-01 4.78971720e-01
    7.11700678e-01 4.35106456e-01 6.13319397e-01 5.51202118e-01
    6.37395263e-01 2.64155626e-01 9.69800830e-01 2.34351128e-01
    2.55334020e-01 4.54572320e-01 9.56752658e-01 8.13708603e-02
    3.03344727e-02 9.80952621e-01 2.94947028e-02 9.85534251e-01
    4.66299295e-01 3.14238906e-01 9.76672530e-01 4.31256294e-02
    9.36782002e-01 8.45775545e-01 7.21288025e-01 1.07504129e-01
    8.62527668e-01 3.44516516e-01 8.24028373e-01 6.83256328e-01
    6.23325765e-01 7.08882034e-01 7.09650099e-01 2.16226459e-01
    2.45985776e-01 4.51521307e-01 6.67814136e-01 6.65033579e-01
    4.32208657e-01 3.03851455e-01 7.83189416e-01 1.46254480e-01
    7.27102876e-01 6.35177732e-01 5.36897182e-01 6.36157691e-01
    8.04412365e-01 1.28729790e-01 6.86360598e-01 6.14071608e-01
    9.97486591e-01 9.69133258e-01 3.11604887e-01 3.69519264e-01
    1.46050870e-01 2.15350688e-02 4.90587533e-01 7.24978447e-02
    8.36718917e-01 7.84848452e-01 1.63831353e-01 1.74505830e-01
    4.99061257e-01 2.56735146e-01 8.89996409e-01 9.58661556e-01
    3.60153198e-01 8.75283897e-01 1.26445293e-03 4.33204591e-01
    4.98554260e-01 9.57134128e-01 7.41249204e-01 3.26861829e-01
    8.58927608e-01 9.21793342e-01 6.07077956e-01 1.68649077e-01
    5.99356294e-01 5.85017443e-01 9.09321666e-01 6.57367885e-01
    2.01053917e-01 4.27306056e-01 8.48242044e-01 1.86648428e-01
    5.75556695e-01 6.84738219e-01 6.60783052e-03 1.99982494e-01
    7.00638354e-01 5.62151909e-01 6.12059355e-01 8.49838018e-01
    8.69703889e-02 7.49241233e-01 9.80599523e-01 8.48903179e-01
    9.77110207e-01 2.70254612e-02 4.79154229e-01 8.62616420e-01
    7.19813883e-01 2.67631292e-01 2.97658652e-01 7.81124651e-01
    7.98054218e-01 1.17085308e-01 4.42856669e-01 8.52170706e-01
    7.64884830e-01 4.68744516e-01 7.26607740e-01 5.77972651e-01
    4.99567270e-01 9.33274269e-01 6.59077168e-02 1.62037104e-01
    6.46682620e-01 7.32466221e-01 5.61419606e-01 6.55150414e-01
    9.63355899e-02 6.87377274e-01 7.40307450e-01 2.06297338e-01
    8.00464213e-01 6.96045816e-01 2.09417939e-01 1.77447677e-01
    3.34645152e-01 4.00341034e-01 8.06612015e-01 1.18045837e-01
    5.43283761e-01 5.75505257e-01 8.61627460e-01 1.61311358e-01
    1.86561465e-01 7.73578048e-01 6.64478600e-01 9.36854959e-01
    7.59053111e-01 4.58351433e-01 6.44379735e-01 3.99581492e-01
    2.08658159e-01 8.81437004e-01 5.19375741e-01 6.98444784e-01
    5.83307445e-02 3.26447666e-01 1.38209373e-01 5.64961433e-01
    1.11110449e-01 5.29262722e-01 1.90292031e-01 9.61470962e-01
    4.45526958e-01 7.07916498e-01 5.50766706e-01 1.59217954e-01
    7.76705801e-01 4.93243873e-01 8.71885538e-01 5.36422729e-02
    6.19459510e-01 2.03539938e-01 2.89166152e-01 1.72035605e-01
    1.55599326e-01 3.09276611e-01 5.74199736e-01 8.89558792e-01
    1.67818397e-01 8.23176026e-01 8.52409124e-01 9.79715586e-03
    8.93098414e-02 8.20566058e-01 5.22878051e-01 1.47487819e-01
    2.18794465e-01 1.80766612e-01 6.37548923e-01 4.88439798e-02
    3.33839685e-01 6.89212859e-01 9.13581848e-02 6.26792908e-02
    4.33622837e-01 3.17718387e-02 3.48582745e-01 8.10918629e-01
    8.15233231e-01 1.32785648e-01 1.01914525e-01 6.95490003e-01
    9.19876397e-01 8.91494393e-01 1.63461328e-01 7.21665382e-01
    6.37213290e-01 9.43733513e-01 2.46189535e-02 6.58400059e-02
    3.64382565e-01 5.86293042e-01 5.86499572e-01 2.35418946e-01
    4.23781037e-01 5.56821585e-01 9.19680417e-01 6.31228626e-01
    8.39080215e-02 1.17579669e-01 6.57135606e-01 3.95603776e-01
    7.59188414e-01 7.51162529e-01 4.16800529e-01 2.31972128e-01
    3.65561366e-01 4.80063915e-01 4.42725509e-01 1.98683143e-01
    8.83048415e-01 6.33097649e-01 8.94481421e-01 5.74624419e-01
    5.79856753e-01 6.94931865e-01 3.58203679e-01 7.46331394e-01
    9.93484616e-01 1.17411315e-02 7.07331479e-01 1.18445456e-02
    4.49754924e-01 1.21833026e-01 7.36892104e-01 9.25604463e-01
    4.99017179e-01 9.72064257e-01 6.22748315e-01 1.16708279e-02
    9.65321660e-01 2.11106032e-01 3.46011817e-01 4.30821538e-01
    4.27554429e-01 2.97191024e-01 4.99505699e-02 3.68029982e-01
    5.68414152e-01 6.80624962e-01 8.44871342e-01 2.44317979e-01
    9.78652656e-01 6.58567369e-01 5.84764123e-01 8.87895823e-01
    4.85367239e-01 5.08922577e-01 2.33373821e-01 8.91683519e-01
    2.11542487e-01 4.51481104e-01 6.24864221e-01 5.31816185e-02
    6.42470896e-01 2.78614521e-01 7.41813242e-01 6.32217646e-01
    9.32099044e-01 3.20172817e-01 1.32445812e-01 9.94315326e-01
    1.64392322e-01 1.45964921e-02 9.95291352e-01 9.76444721e-01
    5.97632110e-01 7.50084043e-01 6.10686302e-01 1.77134842e-01
    9.25499082e-01 3.74330997e-01 2.40309983e-01 7.30773449e-01
    5.81325948e-01 3.02089959e-01 5.19459367e-01 7.12113261e-01
    5.50696909e-01 6.72114134e-01 6.61039412e-01 8.79834235e-01
    6.49873555e-01 6.87844872e-01 4.03595895e-01 3.57101142e-01
    6.92448497e-01 2.90941298e-01 7.27728248e-01 7.63244390e-01
    7.30569839e-01 5.70684493e-01 1.21647000e-01 5.32634258e-01
    7.00871944e-01 7.91011453e-01 5.57278872e-01 9.32041049e-01
    2.97588587e-01 1.83411926e-01 8.81939769e-01 2.58102298e-01
    6.67237580e-01 5.46048045e-01 1.34171247e-01 1.84071064e-01
    1.34866834e-01 2.91494668e-01 3.13595384e-01 4.49295908e-01
    5.77650964e-01 1.79863781e-01 9.05456424e-01 9.10748363e-01
    7.03142285e-01 2.16853321e-01 7.86964476e-01 5.48385441e-01
    7.90205598e-02 9.87798810e-01 4.94588375e-01 2.71524966e-01
    7.54540563e-01 5.55675447e-01 7.11418509e-01 3.81199509e-01
    7.88984776e-01 1.83895379e-01 3.47889304e-01 7.66575933e-02
    1.34436250e-01 6.71027601e-02 4.71281946e-01 2.19999552e-02
    9.08719301e-01 4.80497897e-01 9.62222636e-01 4.89827216e-01
    5.66700995e-01 8.33968401e-01 4.77295816e-02 3.59090090e-01
    8.30224395e-01 6.32640183e-01 1.09076858e-01 5.05828440e-01
    2.35100478e-01 3.01370323e-01 8.44955146e-01 5.23270309e-01
    1.72892511e-01 1.35089457e-02 2.34939963e-01 7.20289946e-01
    1.00801945e-01 5.32138109e-01 4.33887362e-01 3.88136744e-01
    2.79463887e-01 9.27182317e-01 2.28142858e-01 5.40669560e-01
    3.70401382e-01 5.56281030e-01 9.48811173e-02 1.08487159e-01
    7.58863389e-01 8.58901024e-01 9.03555155e-01 9.85494018e-01
    2.73390472e-01 8.60323906e-01 3.23776364e-01 6.71704531e-01
    1.10974908e-01 2.37157941e-03 7.40972281e-01 5.45150280e-01
    2.12672353e-02 5.13704419e-02 8.15839648e-01 9.24176455e-01
    3.02377224e-01 6.06685281e-01 3.41798723e-01 3.17640573e-01
    9.77528214e-01 8.66098106e-02 4.40395802e-01 3.85013998e-01
    4.08337086e-01 7.65516758e-01 8.09623003e-02 3.94386798e-01
    6.96451664e-01 8.89595747e-02 3.12708378e-01 1.85811609e-01
    1.39428735e-01 8.97360086e-01 4.56969440e-01 5.67490518e-01
    4.83967781e-01 2.56592572e-01 8.14924836e-01 8.18258405e-01
    5.62980056e-01 5.84788203e-01 7.99998045e-01 7.85561264e-01
    8.45007896e-01 9.02395546e-02 8.31976354e-01 2.28040755e-01
    6.96719527e-01 8.77016246e-01 4.17550683e-01 1.33410096e-01
    5.07440567e-01 8.03586245e-01 5.01907468e-01 2.85126448e-01
    9.73550677e-02 5.73875964e-01 5.43132484e-01 4.43377852e-01
    2.31623888e-01 7.29036212e-01 9.32099819e-02 3.88221890e-01
    1.99223250e-01 7.13240147e-01 8.21038723e-01 3.06191921e-01
    3.45636517e-01 8.60178173e-02 2.82672763e-01 9.36765313e-01
    2.88425624e-01 5.50112307e-01 2.35605717e-01 1.35522544e-01
    3.17218900e-02 7.17962086e-01 9.60990369e-01 7.33694196e-01
    2.97602892e-01 8.42226028e-01 7.35194802e-01 2.22180903e-01
    3.31525207e-02 5.42513251e-01 9.48050976e-01 7.44268894e-01
    1.15452468e-01 9.52495456e-01 8.75315011e-01 3.74407768e-02
    1.44774228e-01 6.77376509e-01 9.62068856e-01 6.16333067e-01
    9.57696438e-02 4.87832040e-01 5.21651745e-01 4.77121413e-01
    5.33966303e-01 7.04626739e-02 9.25361037e-01 1.18611962e-01
    8.65982890e-01 5.85206926e-01 7.61642575e-01 9.09410000e-01
    2.69071460e-01 3.26688766e-01 5.42598605e-01 4.35609221e-01
    2.99387902e-01 7.92404771e-01 9.15107250e-01 8.85459781e-01
    4.33669746e-01 8.15875769e-01 8.56979966e-01 9.54945207e-01
    3.44867826e-01 1.14285439e-01 6.37778640e-03 8.34408760e-01
    9.90893483e-01 9.37510133e-01 6.53848171e-01 2.68254042e-01
    8.16032887e-01 5.62957585e-01 5.11897504e-02 1.21683180e-01
    2.04622388e-01 6.49099231e-01 9.43390846e-01 1.89797521e-01
    2.88149536e-01 5.25885224e-01 2.20906377e-01 9.89694118e-01
    2.83062100e-01 1.71386063e-01 8.58730972e-02 8.96554947e-01
    9.69799995e-01 7.78813362e-01 8.59421015e-01 6.95515096e-01
    5.93306303e-01 4.86009032e-01 5.82272410e-01 2.04615384e-01
    9.16697383e-02 2.16255575e-01 8.76058936e-02 2.18122333e-01
    7.30748534e-01 4.54610646e-01 5.97480714e-01 9.93659973e-01
    1.67791069e-01 6.39510155e-01 6.52691483e-01 7.45993257e-01
    1.30888969e-01 4.82335508e-01 1.98001862e-02 2.25363970e-02
    9.86375213e-02 1.20800585e-01 8.23591650e-02 3.63965034e-01
    3.42171371e-01 4.73916054e-01 4.51410383e-01 5.50241947e-01
    5.08493662e-01 8.90333951e-01 5.41801214e-01 8.90348792e-01
    6.19409561e-01 6.14131033e-01 7.30141819e-01 6.18422687e-01
    4.10405695e-02 8.45510960e-01 9.47542548e-01 8.75251293e-02
    2.71788567e-01 8.14722776e-01 1.19716048e-01 9.36842918e-01
    8.80805850e-01 1.53489918e-01 7.51339793e-02 9.42327380e-01
    3.83553863e-01 5.57807148e-01 2.71717101e-01 1.81097239e-01
    8.79067600e-01 1.25997066e-01 6.88733220e-01 1.99331701e-01
    6.13403261e-01 7.02086806e-01 4.22865152e-02 3.11089188e-01
    1.01056606e-01 4.51506078e-01 2.02303737e-01 1.93644702e-01
    5.04590869e-01 8.96843791e-01 1.49708360e-01 5.27073383e-01
    4.47037637e-01 6.82459295e-01 1.05786175e-01 7.75160015e-01
    1.15471095e-01 1.14737153e-01 2.90450156e-01 5.08246243e-01
    1.97595328e-01 2.75080204e-01 2.68473327e-02 9.52741265e-01
    9.18951750e-01 1.75037682e-02 6.65235758e-01 4.98611271e-01
    4.09965217e-01 2.37610996e-01 2.36065179e-01 9.51611698e-01
    4.23002481e-01 4.89499897e-01 8.96511316e-01 2.36167669e-01
    2.55113959e-01 3.60032201e-01 2.19846189e-01 9.81490552e-01
    8.83459747e-02 7.42926002e-01 9.23590839e-01 8.50664496e-01
    7.07808018e-01 9.19532478e-02 4.55588698e-02 5.10630131e-01
    3.43365192e-01 7.74875879e-01 7.06146955e-01 4.92053151e-01
    2.17357606e-01 2.30768770e-01 1.83980048e-01 7.45223761e-02
    6.28443599e-01 1.44837499e-02 6.95457757e-02 8.79144490e-01
    4.57845032e-01 3.51304173e-01 8.83770347e-01 2.58975208e-01
    6.33766174e-01 6.64862752e-01 7.66030014e-01 7.00349092e-01
    6.05956137e-01 6.58375800e-01 6.03357255e-01 5.43935418e-01
    5.96407652e-01 3.27610552e-01 5.83627820e-01 1.59102678e-02
    5.02836108e-01 1.44775093e-01 1.73860073e-01 2.31874436e-01
    7.57676721e-01 4.69174683e-01 2.58696079e-01 7.58234620e-01
    4.73846197e-02 1.50776863e-01 6.65641427e-01 6.13932967e-01
    2.89170265e-01 7.77878106e-01 8.17898989e-01 4.24788296e-02
    4.74234998e-01 3.97795230e-01 1.20200008e-01 5.97002566e-01
    7.74010479e-01 4.04233634e-01 5.99144518e-01 1.64539248e-01
    1.88945860e-01 6.29992604e-01 6.96263433e-01 5.37036121e-01
    9.83700871e-01 6.06107235e-01 2.77289748e-01 9.85666573e-01
    3.29049706e-01 5.64703703e-01 9.84072924e-01 8.81643414e-01
    9.73575950e-01 4.73051697e-01 1.17449492e-01 8.35520923e-02
    5.61779022e-01 7.53393829e-01 8.62367868e-01 8.97666812e-01
    8.75703394e-02 1.50722265e-03 4.07970428e-01 6.86418414e-02
    2.36548066e-01 1.83351874e-01 1.77044123e-01 8.37375939e-01
    6.03171229e-01 2.46579111e-01 6.11719668e-01 8.37463617e-01
    2.21973836e-01 2.55499780e-01 8.53623152e-01 8.24669540e-01
    2.42889822e-02 8.74899328e-02 9.24166679e-01 4.45114851e-01
    9.43993628e-02 1.89125925e-01 8.80743086e-01 5.51643848e-01
    3.81649554e-01 3.28762949e-01 3.28862309e-01 6.11764610e-01
    6.63093030e-02 2.69084275e-01 6.53338790e-01 6.22986794e-01
    8.21637452e-01 7.67782331e-02 2.01867104e-01 4.82606232e-01
    7.42003679e-01 6.52682364e-01 2.04753309e-01 3.60769391e-01
    7.61211634e-01 8.99150372e-02 8.48511934e-01 5.56512535e-01
    4.96460527e-01 8.50737810e-01 3.14210057e-02 6.53731287e-01
    5.03154457e-01 3.15592885e-01 3.96179110e-01 6.17289066e-01
    5.48622549e-01 4.00510609e-01 2.97488689e-01 6.20820999e-01
    5.96032619e-01 9.55577612e-01 2.98305750e-01 3.27955186e-01
    1.28164381e-01 8.97864699e-01 5.18943608e-01 4.57906991e-01
    7.21819878e-01 6.54916823e-01 7.35266507e-01 5.10967135e-01
    3.67012858e-01 8.21758151e-01 6.54574990e-01 9.02425945e-02
    5.48376620e-01 9.65834975e-01 9.55449104e-01 4.92834270e-01
    7.77101517e-01 8.47156644e-01 9.49948430e-02 3.96870613e-01
    5.36140859e-01 2.11872995e-01 3.80406260e-01 2.05956459e-01
    2.78864861e-01 4.10789549e-01 7.04696894e-01 1.32162631e-01
    2.06644624e-01 6.68423653e-01 4.36157286e-02 8.12632322e-01
    5.88909090e-01 9.79180813e-01 3.27831209e-01 4.46397066e-02
    6.34493589e-01 6.22369111e-01 5.54631054e-02 3.38475823e-01
    4.48864281e-01 8.44964087e-01 5.66115975e-01 6.33447766e-01
    4.11058456e-01 7.85904050e-01 4.71618354e-01 4.44393069e-01
    1.62754387e-01 9.03180957e-01 6.59411728e-01 1.44761980e-01
    6.09003603e-01 2.72647083e-01 2.16018379e-01 4.95180815e-01
    6.22292399e-01 8.30154240e-01 8.23559463e-01 9.40419495e-01
    4.61387396e-01 6.70721531e-01 6.20182037e-01 5.41877270e-01
    6.01929605e-01 5.55220723e-01 5.52855909e-01 5.38934469e-01
    9.02712703e-01 6.92846656e-01 3.96577299e-01 8.65832627e-01
    1.26491874e-01 7.46569991e-01 8.35510790e-02 3.87190521e-01
    3.93263489e-01 8.71140778e-01 3.45952570e-01 8.31068873e-01
    9.00376320e-01 9.89270270e-01 2.49317229e-01 8.56070638e-01
    2.16724962e-01 7.17967153e-01 1.55194700e-01 2.15961009e-01
    9.08087850e-01 7.23270476e-01 5.41390300e-01 6.45520210e-01
    7.31572628e-01 5.91109931e-01 5.57862759e-01 3.35003793e-01
    3.06157410e-01 3.58962893e-01 7.21443415e-01 4.76694494e-01
    9.53641891e-01 5.70024073e-01 5.79711199e-02 8.54729056e-01
    6.30652606e-02 8.43330860e-01 4.49194491e-01 6.11133575e-01
    2.73745358e-01 6.78038716e-01 1.03446603e-01 6.02383852e-01
    7.31834292e-01 1.09118730e-01 7.57154822e-01 4.73802269e-01
    3.58978957e-01 9.18381333e-01 6.78495765e-01 2.42978394e-01
    8.99039984e-01 2.71736205e-01 3.22962314e-01 7.38275588e-01
    8.87171984e-01 6.26001179e-01 8.74854445e-01 3.89750898e-01
    3.11148971e-01 5.89928329e-02 7.63027370e-02 9.50769722e-01
    6.93177938e-01 5.99962473e-01 9.97912586e-01 2.22747505e-01
    8.99591565e-01 7.10273862e-01 1.91451907e-01 8.89028609e-01
    2.60306656e-01 3.16077769e-02 5.86612284e-01 4.97234315e-01
    7.11555958e-01 7.56489813e-01 4.08925176e-01 6.36285007e-01
    2.00462073e-01 8.65630507e-02 6.21794403e-01 9.06397820e-01
    3.16963106e-01 8.23025167e-01 7.28820086e-01 8.22147489e-01
    1.47081673e-01 9.66036081e-01 1.36876345e-01 8.96460652e-01
    6.79434538e-02 6.13705337e-01 7.40141690e-01 9.70072389e-01
    2.70676970e-01 6.91185951e-01 9.52880740e-01 4.07692492e-01
    1.37370557e-01 2.49135405e-01 2.88396090e-01 8.60598683e-01
    9.80460346e-02 1.00150883e-01 2.50179291e-01 4.69231069e-01
    6.27663732e-02 6.57157302e-02 3.88618320e-01 9.31290329e-01
    7.60130584e-01 3.72970998e-01 9.65300202e-01 7.56120086e-01
    6.75472617e-02 5.55888355e-01 9.75360990e-01 8.22360873e-01
    9.03451622e-01 4.03321028e-01 1.61839843e-01 9.09948349e-03
    5.07743359e-02 7.79318929e-01 1.23934001e-01 4.56630051e-01
    1.38508826e-01 8.11749995e-02 3.64020377e-01 5.15447140e-01
    6.38882875e-01 5.62556088e-01 9.84072983e-01 9.42117572e-02
    7.99758852e-01 7.94914126e-01 7.14804590e-01 4.71273214e-01
    1.62644804e-01 2.83557653e-01 9.86685753e-01 7.34760940e-01
    4.37137783e-02 1.55511558e-01 3.75216305e-01 2.63054132e-01
    6.32959306e-02 3.78325701e-01 6.48790181e-01 7.00704336e-01
    6.17762208e-02 5.01776159e-01 1.19167566e-03 8.98761511e-01
    6.77772284e-01 6.42123759e-01 5.31475604e-01 9.25140738e-01
    5.70458829e-01 1.53140306e-01 2.37280071e-01 1.93397164e-01
    5.33867478e-02 4.18462157e-01 7.12549984e-02 3.16350400e-01
    4.84042317e-01 9.73097682e-02 4.96145427e-01 9.56594884e-01
    1.08355045e-01 8.37304473e-01 9.94657695e-01 7.25434542e-01
    8.44139814e-01 7.36852288e-01 1.66121423e-02 4.14547950e-01
    7.00341821e-01 4.81939018e-01 9.28400457e-01 3.05892169e-01
    6.40110970e-02 9.54056382e-02 1.17399693e-02 8.87020826e-01
    5.74652910e-01 7.19155550e-01 4.04184252e-01 8.29863191e-01
    7.39371061e-01 2.89421022e-01 6.64458573e-01 5.15688956e-01
    9.32884216e-03 7.24911451e-01 9.95643497e-01 3.34360480e-01
    8.76039267e-01 5.36822677e-02 2.21329480e-01 6.08549356e-01
    6.83227301e-01 2.29104608e-01 3.24057698e-01 6.03626609e-01
    1.19639844e-01 8.95309329e-01 4.33498025e-01 7.98397660e-02
    1.99972093e-01 1.70241922e-01 3.77384245e-01 9.21569705e-01
    7.91169763e-01 5.07610083e-01 6.02339447e-01 8.41759086e-01
    8.65432143e-01 6.25208139e-01 1.67919397e-02 1.13813281e-01
    2.86165297e-01 1.66067481e-01 6.55802429e-01 8.04764032e-01
    8.34047556e-01 5.79443574e-03 4.94447947e-01 5.68281889e-01
    4.86254573e-01 7.49028444e-01 5.60051501e-02 5.43587565e-01
    8.00118208e-01 7.19731450e-02 3.20280671e-01 1.88139260e-01
    3.68973196e-01 6.25712872e-01 3.11447114e-01 2.92374671e-01
    7.90770173e-01 7.11513340e-01 5.17725468e-01 2.18103379e-01
    9.56557393e-01 8.23331833e-01 3.08882892e-01 8.50139856e-01
    6.33573055e-01 5.14178038e-01 7.77541161e-01 1.43522412e-01
    1.94897383e-01 2.08413810e-01 9.28552628e-01 2.36026436e-01
    9.81229544e-01 2.75931656e-02 1.90325409e-01 1.31770879e-01
    8.19472671e-02 8.75189662e-01 7.24277258e-01 1.34075612e-01
    7.54025578e-02 9.63921428e-01 8.13594818e-01 9.58420753e-01
    4.53204900e-01 3.29012245e-01 5.81394792e-01 4.83129323e-02
    4.24636781e-01 9.96282935e-01 9.79184210e-01 4.38000560e-01
    7.56461799e-01 4.35541153e-01 9.55218554e-01 4.54569668e-01
    4.65607792e-01 8.92072916e-02 6.81520462e-01 9.71225262e-01
    6.59628153e-01 5.17304838e-02 9.72204030e-01 4.55919743e-01
    8.44326615e-03 9.97298598e-01 8.61076474e-01 3.71571124e-01
    2.03290969e-01 9.22636330e-01 9.98410583e-01 1.53343171e-01
    7.08217502e-01 1.56367064e-01 8.33778560e-01 1.49135649e-01
    5.65580070e-01 4.39612240e-01 5.90996504e-01 7.49382377e-01
    5.89281738e-01 8.83529186e-01 9.83548880e-01 4.54588473e-01
    2.48385638e-01 4.55659598e-01 6.66287720e-01 3.89406681e-01
    4.93046552e-01 8.30357194e-01 5.52878499e-01 5.84116518e-01
    4.19747829e-02 8.30377638e-01 2.22327441e-01 1.23405159e-02
    3.61595005e-01 5.48695326e-01 5.36117673e-01 7.34601140e-01
    1.98495835e-01 7.94933915e-01 2.48421222e-01 9.39641774e-01
    9.42087889e-01 1.01529896e-01 4.88311946e-02 6.40218496e-01
    8.31153870e-01 3.65935922e-01 7.70449281e-01 8.31082404e-01
    4.59115505e-01 5.19358814e-01 9.38151360e-01 2.35650271e-01
    4.76059526e-01 8.67986500e-01 1.72767609e-01 4.91579592e-01
    9.63866830e-01 1.64082676e-01 3.13209444e-01 8.42542350e-02
    2.64899284e-01 3.88286412e-02 2.14841843e-01 6.10983491e-01
    3.98159325e-01 1.10468894e-01 9.08732891e-01 8.14534724e-02
    2.55100369e-01 4.22292352e-01 5.84900677e-02 5.81463873e-02
    5.02322197e-01 5.76640606e-01 8.28419626e-02 1.62628889e-01
    2.80887902e-01 4.52733099e-01 2.39411980e-01 9.97372627e-01
    7.88108587e-01 8.66607428e-01 7.90010929e-01 3.31520706e-01
    4.84133571e-01 9.52961564e-01 3.52920651e-01 2.60497421e-01
    1.52457803e-01 4.62827146e-01 4.40517843e-01 2.38345563e-02
    9.46430087e-01 4.49223936e-01 3.29456210e-01 7.09707379e-01
    4.97174352e-01 1.95237190e-01 5.50842583e-02 6.60585523e-01
    2.87151188e-01 3.87921542e-01 7.95379579e-01 7.75778234e-01
    9.36368704e-02 1.15430295e-01 8.16839159e-01 2.21380949e-01
    5.80778778e-01 6.72067106e-01 4.77966815e-01 2.51085699e-01
    8.92448783e-01 2.33553380e-01 6.89699173e-01 5.38809776e-01
    1.11063182e-01 7.58152902e-01 4.68088090e-02 8.00196290e-01
    8.04001272e-01 3.75320315e-01 5.97842574e-01 2.44980216e-01
    6.32282138e-01 9.05978680e-01 6.50864542e-01 1.81385428e-01
    5.38543820e-01 7.10596025e-01 9.36203718e-01 8.60915184e-01
    6.92974627e-01 3.56248558e-01 8.15497339e-02 6.00699306e-01
    5.51355481e-02 4.22006160e-01 9.59720731e-01 8.82209182e-01
    9.37076569e-01 9.57795024e-01 9.12516773e-01 9.75252032e-01
    8.81425619e-01 5.48918605e-01 3.00539255e-01 7.95898080e-01
    2.99340785e-02 3.88817430e-01 9.91366744e-01 4.28946108e-01
    4.46460247e-02 3.72349143e-01 3.38642061e-01 5.38595915e-02
    5.17675579e-02 4.54966545e-01 5.45355976e-02 8.00920129e-01
    1.73766792e-01 9.41750526e-01 9.75972652e-01 4.56486344e-01
    4.84018922e-02 6.45667911e-02 5.70976019e-01 2.70775229e-01
    7.21220911e-01 6.24925494e-01 6.11731470e-01 7.15328455e-01
    5.83866000e-01 3.06524336e-01 5.23349822e-01 9.56459522e-01
    4.63135242e-01 4.23353016e-01 1.78618401e-01 6.91344321e-01
    6.28873825e-01 1.86662406e-01 5.46659470e-01 2.64110088e-01
    4.67352778e-01 5.75525224e-01 5.52627146e-01 7.36624241e-01
    3.25975716e-02 4.13848102e-01 7.63625264e-01 4.11284745e-01
    3.37401897e-01 1.47473693e-01 1.44578516e-01 2.87310541e-01
    9.52269554e-01 7.53923655e-02 7.48664021e-01 4.67043310e-01
    2.55114436e-02 7.22869873e-01 1.65830553e-01 3.65017146e-01
    7.20015168e-01 6.11289442e-01 2.05048084e-01 3.05899799e-01
    5.41859865e-01 6.62068248e-01 8.11588049e-01 8.17183018e-01
    5.43489933e-01 5.65631151e-01 2.89354175e-01 6.85211480e-01
    8.61246347e-01 7.41752744e-01 8.76161575e-01 9.29807901e-01
    8.37816656e-01 3.04620147e-01 9.28768039e-01 2.66518950e-01
    5.75943232e-01 3.26978147e-01 2.04550445e-01 1.70012116e-01
    6.79643512e-01 7.88169622e-01 5.35954952e-01 9.74499285e-02
    3.05039257e-01 9.42313313e-01 6.29305959e-01 5.66036105e-01
    5.09195387e-01 8.27189386e-02 3.75022292e-01 5.71411729e-01
    8.97242665e-01 7.90591657e-01 5.36822498e-01 7.19539464e-01
    3.76690626e-02 3.81969839e-01 6.66745663e-01 1.53431654e-01
    8.04754615e-01 8.64583135e-01 6.76574826e-01 1.95595235e-01
    5.92751563e-01 3.60111296e-01 2.71131098e-01 8.37867260e-02
    3.48526120e-01 7.54432559e-01 3.62486720e-01 3.22152108e-01
    1.01739168e-02 4.42503572e-01 4.83771086e-01 8.57973337e-01
    2.77161419e-01 6.51220798e-01 6.86854362e-01 1.94774091e-01
    8.06681991e-01 4.89142269e-01 9.36847031e-02 7.81386495e-01
    6.91599250e-01 9.45280075e-01 1.70610994e-01 6.94699645e-01
    1.08034760e-01 9.87873971e-01 7.22971320e-01 3.40337873e-01
    1.52834594e-01 6.82191491e-01 6.01699352e-02 8.68439198e-01
    9.37517524e-01 3.88864130e-01 2.07031071e-02 5.03848195e-01
    3.93571198e-01 8.50559413e-01 6.96566284e-01 1.07821226e-02
    2.17243701e-01 7.55063295e-02 4.88878399e-01 4.79728192e-01
    5.02709329e-01 8.77550900e-01 9.40462947e-01 1.67174608e-01
    2.49036819e-01 8.07630718e-01 7.58185267e-01 4.12037849e-01
    6.24686182e-02 7.97485888e-01 4.14655775e-01 2.84103960e-01
    1.69857770e-01 6.76579893e-01 3.83962154e-01 9.10268605e-01
    7.70157933e-01 4.26578760e-01 5.19326866e-01 1.90338075e-01
    4.23042178e-02 4.44360912e-01 4.36106950e-01 4.97620016e-01
    9.39143419e-01 6.21500492e-01 9.43149805e-01 9.72353816e-01
    7.33321071e-01 3.05541039e-01 1.11516774e-01 2.61986047e-01
    9.43242669e-01 7.83936620e-01 2.87229240e-01 4.11793977e-01
    6.83472872e-01 5.59769630e-01 3.79355907e-01 1.59091383e-01
    7.60774553e-01 9.91808891e-01 2.17779100e-01 3.80695730e-01
    2.50959992e-01 8.39508593e-01 7.98841298e-01 1.29722297e-01
    6.45437300e-01 9.76432264e-01 5.10938168e-01 4.14940208e-01
    3.65152717e-01 8.94810796e-01 9.45233583e-01 6.57750726e-01
    6.94760025e-01 9.20396447e-01 7.25969672e-01 4.61343080e-01
    1.86776698e-01 8.94179463e-01 5.37473142e-01 1.59657866e-01
    5.75661063e-01 3.06376934e-01 3.12782347e-01 6.13842428e-01
    7.73151875e-01 6.73697293e-01 5.99773347e-01 2.05329567e-01
    6.68415129e-01 9.04036343e-01 7.73562729e-01 2.07603425e-01
    5.25743961e-02 7.93203712e-01 4.81886059e-01 3.23597908e-01
    8.82606268e-01 4.88699675e-02 2.82975405e-01 2.54453123e-02
    6.15354359e-01 6.66047096e-01 7.47698367e-01 1.96742564e-01
    7.49817133e-01 2.08642960e-01 3.54345322e-01 5.81308424e-01
    8.97603095e-01 7.65926778e-01 7.72079945e-01 2.83801794e-01
    1.90230310e-01 2.06033915e-01 4.32474554e-01 2.94937193e-02
    3.96462977e-01 4.30297852e-02 8.91578674e-01 5.54399669e-01
    2.57021487e-01 1.04805738e-01 7.83065796e-01 4.24543560e-01
    2.13691652e-01 7.39338458e-01 9.21552956e-01 2.32724667e-01
    9.59910333e-01 8.13246012e-01 6.10882580e-01 2.08529204e-01
    7.25437939e-01 1.31395876e-01 5.82230926e-01 4.08556759e-01
    6.25995338e-01 3.56090307e-01 1.84220970e-02 1.49494052e-01
    1.09436750e-01 5.00725985e-01 3.14481139e-01 9.14581299e-01
    2.83242434e-01 4.07734096e-01 7.09285617e-01 6.54314756e-02
    9.74828184e-01 6.92007542e-02 3.05462360e-01 8.12652767e-01
    5.31738639e-01 3.45926523e-01 5.12557626e-01 1.97504520e-01
    9.92529511e-01 6.09951496e-01 1.80477828e-01 6.13061905e-01
    5.92936277e-01 6.04397953e-02 8.45806599e-02 5.86641729e-02
    9.86771226e-01 6.87275231e-02 2.76385963e-01 1.50921643e-01
    2.29990214e-01 4.17627573e-01 2.17876405e-01 9.80447412e-01
    2.68734008e-01 4.56924379e-01 8.89677763e-01 4.23017412e-01
    5.94735146e-02 6.30303919e-01 6.64710999e-01 9.35801864e-01
    1.93864018e-01 3.09300214e-01 9.65700209e-01 1.32382154e-01
    5.70593178e-02 2.99026161e-01 3.17770332e-01 5.17820358e-01
    4.18402135e-01 1.52472705e-01 3.35494816e-01 7.42652714e-01
    1.05797201e-01 5.50268769e-01 8.99744987e-01 5.97975969e-01
    8.66494417e-01 4.19165373e-01 4.32325304e-02 8.68673086e-01
    3.95170748e-01 2.05756932e-01 4.94787931e-01 4.33358848e-01
    4.73285675e-01 2.95009017e-01 3.78019333e-01 8.18563282e-01
    4.54339147e-01 9.30860221e-01 5.91617882e-01 1.09842986e-01
    1.17046595e-01 4.70868349e-01 6.04456902e-01 6.47369027e-02
    4.42322671e-01 2.68256843e-01 2.79964864e-01 8.27550888e-02
    2.33629286e-01 3.19630206e-01 3.83318186e-01 8.64700854e-01
    7.12335765e-01 5.29268563e-01 9.79367375e-01 5.55508733e-02
    8.27398300e-01 7.92774916e-01 7.78083682e-01 2.91774392e-01
    7.36796141e-01 2.01470345e-01 9.10564661e-01 2.57716179e-02
    7.06375122e-01 4.15747613e-01 7.01723456e-01 3.59894335e-01
    2.46807992e-01 3.90191644e-01 6.99500442e-02 3.18658650e-01
    1.74802244e-01 2.61241853e-01 7.65612125e-02 1.29427820e-01
    7.73825765e-01 4.43160236e-02 4.19934064e-01 4.52447504e-01
    6.72360957e-02 4.27706420e-01 2.75378466e-01 5.35114527e-01
    4.59677279e-01 4.87204105e-01 4.76684064e-01 2.73160040e-01
    2.16971338e-01 2.62439340e-01 8.99574637e-01 3.95331383e-01
    1.36277676e-02 3.51967275e-01 9.06839848e-01 7.18363106e-01
    2.09959298e-01 9.19780374e-01 7.38374591e-01 1.94010854e-01
    2.74382532e-01 5.01075387e-01 5.98961532e-01 9.88735378e-01
    1.03481203e-01 3.05243850e-01 1.86654717e-01 2.62174308e-01
    5.61583340e-01 2.50814676e-01 5.36375523e-01 7.36906528e-01
    7.05576301e-01 6.99583888e-01 4.91949588e-01 9.96696770e-01
    8.35299253e-01 8.94868672e-01 4.62839216e-01 7.56029606e-01
    5.03984034e-01 2.76548862e-01 3.69553924e-01 6.53971136e-02
    2.95465618e-01 6.68142021e-01 4.97106314e-01 7.56124020e-01
    4.63588595e-01 2.92677581e-02 3.01966190e-01 7.41558433e-01
    9.00701642e-01 6.03588760e-01 9.30853426e-01 9.93906319e-01
    5.09950578e-01 4.09623206e-01 2.19433755e-01 8.79098237e-01
    8.86367142e-01 1.13778025e-01 7.91533232e-01 6.74587250e-01
    4.56601679e-01 5.67589223e-01 6.38566256e-01 7.59498000e-01
    2.89891869e-01 3.66193295e-01 7.36265004e-01 2.91744739e-01
    2.09277421e-01 2.07428396e-01 1.90499425e-02 3.35277557e-01
    2.74197608e-01 1.72447115e-01 6.97286665e-01 8.78546715e-01
    1.39198422e-01 4.00236696e-01 3.34668994e-01 5.06288052e-01
    8.54215026e-01 4.81681466e-01 5.39280772e-01 4.22554016e-01
    2.90251195e-01 8.48458290e-01 6.33099437e-01 7.41993904e-01
    7.41836667e-01 8.48170817e-02 7.85294771e-01 2.63766170e-01
    7.80045688e-02 7.05102444e-01 2.39096463e-01 4.82642055e-01
    7.98666358e-01 8.18153322e-01 3.21150839e-01 3.33898306e-01
    9.59953725e-01 2.27669001e-01 8.26847851e-02 9.51830566e-01
    6.61399364e-01 3.49293649e-01 3.60977054e-01 7.11162329e-01
    4.38490957e-01 1.50940150e-01 2.69196033e-01 8.42311084e-02
    6.68302834e-01 2.49680579e-02 5.66795051e-01 6.48245573e-01
    1.52829081e-01 8.06106091e-01 7.50831008e-01 4.52201962e-02
    5.90580404e-01 1.68439925e-01 5.84114552e-01 7.14200735e-01
    9.02076244e-01 3.60267997e-01 7.97757566e-01 6.50934100e-01
    2.80979574e-02 8.68109047e-01 2.54937112e-02 6.00726724e-01
    7.75926828e-01 9.52143967e-02 4.12976950e-01 5.01056671e-01
    4.71927732e-01 4.80876267e-01 9.27212238e-02 6.07351661e-02
    9.70652521e-01 4.28513646e-01 4.97779936e-01 1.34773076e-01
    8.41446519e-02 7.79955626e-01 3.43751788e-01 6.38462424e-01
    1.51351094e-01 5.74215353e-01 3.07424545e-01 8.50868702e-01
    8.28874111e-01 6.57982469e-01 9.04635727e-01 1.32559836e-01
    4.40023243e-01 3.18486124e-01 1.42586321e-01 1.13082379e-01
    1.83203310e-01 3.58184516e-01 6.76721215e-01 3.95030439e-01
    3.08941543e-01 6.83083415e-01 9.12010908e-01 5.55385351e-01
    9.53114510e-01 2.60214806e-01 9.57123518e-01 2.83025920e-01
    2.32805610e-02 6.59559369e-02 7.42096543e-01 2.29166210e-01
    9.76713121e-01 1.24701411e-01 4.71805394e-01 6.05232775e-01
    1.98720068e-01 1.29750967e-01 3.71454239e-01 6.39281154e-01
    1.56227350e-01 7.44282663e-01 7.24715769e-01 4.26936150e-03
    6.51619673e-01 2.10959613e-01 8.59440148e-01 1.11912012e-01
    6.13184869e-02 6.60456061e-01 5.51768720e-01 8.12928319e-01
    6.89939260e-01 7.56271243e-01 1.50010526e-01 1.09326243e-01
    5.61415076e-01 9.91976798e-01 8.93711269e-01 1.67297274e-01
    5.00840485e-01 3.23893070e-01 6.47770703e-01 7.03427196e-01
    6.34708762e-01 9.36776876e-01 5.76319575e-01 8.34856629e-02
    4.15747643e-01 6.75741196e-01 3.03720891e-01 5.80770969e-01
    7.71908402e-01 7.36751437e-01 9.65343356e-01 4.71070766e-01
    4.14661169e-01 4.65335757e-01 7.68794358e-01 8.27347040e-02
    6.33748770e-01 9.52382445e-01 9.86143827e-01 5.55994987e-01
    7.68187404e-01 3.85986805e-01 4.02330309e-01 6.31496012e-02
    3.40364397e-01 5.75405061e-01 3.51392239e-01 6.83361769e-01
    6.02146566e-01 3.69509459e-01 8.97856951e-02 7.70215154e-01
    8.45849514e-01 4.73466903e-01 5.67522943e-01 3.80099654e-01
    9.92689371e-01 3.52735877e-01 5.74056506e-02 4.03059602e-01
    5.58680296e-01 7.25655317e-01 5.49491882e-01 5.21866679e-01
    2.17389613e-01 2.24881917e-01 7.22458124e-01 9.65290666e-01
    4.84239638e-01 2.91624963e-02 4.77584183e-01 5.21913946e-01
    4.99065489e-01 9.01030183e-01 4.13281977e-01 4.60114390e-01
    5.89491725e-02 8.19168746e-01 5.28824985e-01 6.17450833e-01
    3.44018996e-01 6.42684698e-01 2.93695539e-01 8.00439596e-01
    9.47244585e-01 5.70756376e-01 6.71519041e-02 8.32704127e-01
    5.53137541e-01 9.82406735e-01 3.75090718e-01 1.18314683e-01
    9.47697878e-01 3.07781458e-01 9.32811916e-01 3.59621167e-01
    3.93842727e-01 4.32860970e-01 6.78208768e-01 4.91011947e-01
    4.49339956e-01 7.60047674e-01 6.37185812e-01 8.98968816e-01
    3.72395039e-01 8.25588822e-01 2.18280822e-01 9.19504523e-01
    7.71430790e-01 3.13468188e-01 9.50995207e-01 9.14240599e-01
    8.93990219e-01 7.61357844e-01 3.78612578e-02 3.41546178e-01
    6.05238438e-01 6.85057819e-01 4.80571896e-01 2.67363131e-01
    3.10210586e-02 1.71503812e-01 5.01886129e-01 5.46418309e-01
    5.50786614e-01 9.75214243e-01 5.21489680e-01 8.93538117e-01
    4.77193207e-01 1.36415064e-02 2.33085334e-01 7.91385174e-01
    5.25562584e-01 5.45687556e-01 5.66564500e-02 9.56152439e-01
    3.80071759e-01 4.29192543e-01 3.58295619e-01 4.17964041e-01
    1.32228106e-01 5.91542900e-01 9.10917342e-01 2.67297804e-01
    1.13902688e-02 9.32079852e-01 2.30941266e-01 1.43002629e-01
    6.99623406e-01 6.22644484e-01 5.69707513e-01 8.86715233e-01
    3.42234194e-01 1.96729124e-01 7.63974071e-01 4.56880033e-01
    9.10899043e-01 4.22812730e-01 8.96114588e-01 1.10841721e-01
    8.86123359e-01 9.06737208e-01 8.57252598e-01 8.60047579e-01
    4.77859050e-01 9.45959449e-01 8.27630162e-01 1.08743787e-01
    7.13633478e-01 5.89626074e-01 5.94527483e-01 3.43488336e-01
    3.16576421e-01 7.88530231e-01 9.15372252e-01 3.55421603e-02
    7.07155943e-01 5.33468068e-01 6.82746649e-01 8.59519184e-01
    6.52002633e-01 3.59130859e-01 1.74342811e-01 8.52925420e-01
    3.46808851e-01 5.13340592e-01 4.04084921e-01 3.31051141e-01
    6.89282775e-01 9.25626993e-01 9.90968227e-01 2.48712808e-01
    4.43516850e-01 6.96683228e-01 7.19837487e-01 9.77928519e-01
    4.52145427e-01 6.56183839e-01 8.71754229e-01 7.36895502e-02
    9.08213377e-01 4.65993077e-01 5.63757777e-01 8.40039372e-01
    1.42850250e-01 2.87512481e-01 7.71456659e-02 1.04628563e-01
    1.78916126e-01 7.76069283e-01 3.47482860e-02 5.99728107e-01
    1.36081636e-01 9.79965806e-01 2.78177559e-02 4.68776017e-01
    8.39467287e-01 4.79049623e-01 3.48005444e-01 3.67576241e-01
    7.84277081e-01 8.96480560e-01 9.08601761e-01 2.96437174e-01
    7.19305694e-01 7.58451581e-01 7.82825947e-02 2.90253818e-01
    7.54522979e-02 7.71329403e-01 2.24741280e-01 6.39846623e-02
    6.29872322e-01 2.44046748e-01 1.35282069e-01 9.26925182e-01
    8.94895196e-01 5.87157786e-01 4.43308651e-01 3.52711856e-01
    8.32044363e-01 6.67388201e-01 6.46941662e-01 3.10357630e-01
    1.33811444e-01 7.44385123e-01 8.84344935e-01 6.71821952e-01
    9.50490892e-01 3.97254884e-01 4.34688121e-01 7.74839520e-03
    7.61407971e-01 5.63644350e-01 5.53887784e-02 7.58395493e-01
    1.62421465e-02 9.12803769e-01 7.06754446e-01 6.42054379e-02
    3.16931844e-01 2.59330958e-01 4.58088249e-01 9.50910807e-01
    6.86107934e-01 9.39041257e-01 5.33838749e-01 6.72713816e-01
    6.15891755e-01 2.45179683e-01 2.31524706e-01 3.08861196e-01
    3.88305485e-01 6.13743365e-01 8.60075653e-02 6.20160043e-01
    7.87662983e-01 9.88810062e-01 1.37139827e-01 1.51466489e-01
    1.79411381e-01 3.54185045e-01 5.01613557e-01 5.43181419e-01
    4.76619810e-01 9.26099658e-01 8.95779312e-01 8.82854283e-01
    9.18938935e-01 4.69063908e-01 6.08841479e-02 1.22318864e-02
    3.07047695e-01 5.86965680e-03 3.72029543e-01 6.73494220e-01
    8.02375078e-01 4.23539788e-01 7.12193012e-01 2.35647976e-01
    9.96697783e-01 9.75358486e-02 9.48269010e-01 1.72864050e-01
    1.63983375e-01 2.79217005e-01 7.08171129e-02 7.28814602e-01
    2.20209688e-01 6.91102087e-01 6.95123971e-02 8.45541239e-01
    7.90093422e-01 7.84386158e-01 4.21955109e-01 4.74106371e-01
    2.22283393e-01 2.32546270e-01 8.96657109e-01 2.04115599e-01
    1.39380008e-01 5.57947695e-01 7.03747511e-01 2.68878073e-01
    3.17364007e-01 8.07125449e-01 3.91284794e-01 1.72903627e-01
    4.89141285e-01 1.51354611e-01 1.89523071e-01 5.44162869e-01
    1.47172630e-01 2.55048275e-02 4.13059175e-01 4.59418625e-01
    3.41336191e-01 6.69447780e-01 1.56692266e-01 6.97927713e-01
    5.42619824e-03 5.98403633e-01 2.62730241e-01 4.63231146e-01
    6.32882655e-01 1.62949204e-01 9.88450289e-01 8.12879801e-02
    3.43075514e-01 8.14031720e-01 3.98304433e-01 6.77031517e-01
    7.06315935e-01 5.98845363e-01 1.86397344e-01 3.87305230e-01
    8.86953652e-01 7.35966384e-01 5.37449062e-01 6.08432531e-01
    1.36278659e-01 5.08523583e-01 6.37189150e-01 9.15951610e-01
    1.56816900e-01 1.93090647e-01 3.95612240e-01 8.62109721e-01
    2.15295553e-02 8.56875777e-01 7.68188596e-01 3.25691879e-01
    4.21823561e-02 2.28134811e-01 4.51555848e-02 3.78437281e-01
    2.68159151e-01 7.27920890e-01 3.69806767e-01 1.75141901e-01
    3.78589094e-01 4.96964186e-01 6.36670768e-01 1.16283268e-01
    4.83652830e-01 5.65256298e-01 1.68167233e-01 1.92131937e-01
    1.97549075e-01 7.36236572e-01 7.51432657e-01 2.74464190e-02
    9.40101624e-01 6.93283856e-01 5.84977925e-01 9.62114751e-01
    7.90215850e-01 4.53089774e-01 6.44363761e-01 3.14235985e-01
    5.32844543e-01 9.23141956e-01 5.67879915e-01 6.90681219e-01
    8.83620024e-01 2.78428614e-01 6.68158770e-01 5.11154830e-01
    1.88333422e-01 5.82821965e-01 1.10962182e-01 9.32057023e-01
    9.49037731e-01 7.06755698e-01 1.45628929e-01 1.31047964e-01
    4.46964741e-01 3.56421888e-01 2.89774537e-02 5.11937857e-01
    9.93558764e-01 7.12171733e-01 9.72144485e-01 7.06713498e-01
    1.64695382e-02 1.70801401e-01 5.54765284e-01 3.35315317e-01
    9.54931796e-01 3.99760574e-01 7.12807536e-01 9.28273797e-01
    8.54408741e-01 3.23230922e-02 6.42663538e-02 5.34170628e-01
    7.62094140e-01 2.93187290e-01 8.91514480e-01 7.59700537e-01
    7.10483551e-01 2.84153342e-01 5.95438063e-01 6.77383602e-01
    8.98366034e-01 5.96335769e-01 1.79514349e-01 5.21158040e-01
    1.43738896e-01 5.19392669e-01 3.02896619e-01 5.13395190e-01
    5.94949722e-01 2.45251983e-01 9.49049354e-01 7.76623726e-01
    4.24910575e-01 1.67466640e-01 7.36211121e-01 9.00085330e-01
    3.01151991e-01 1.49417788e-01 5.62396348e-02 9.18272674e-01
    3.92743766e-01 6.07285202e-01 7.55777717e-01 3.24698687e-01
    5.25046051e-01 3.13539326e-01 5.02479553e-01 5.04081547e-01
    1.11065984e-01 7.85868824e-01 7.59334087e-01 5.16405404e-01
    6.50142193e-01 5.64217150e-01 9.15742040e-01 7.72860467e-01
    2.94272900e-02 8.62990320e-01 8.74387860e-01 7.59561062e-01
    2.09409863e-01 7.18181551e-01 2.09794819e-01 6.83315158e-01
    5.17366230e-02 3.76686245e-01 5.31524777e-01 2.70942211e-01
    4.10846114e-01 4.31196928e-01 4.82543170e-01 3.90675187e-01
    9.03653979e-01 7.81257868e-01 1.18579715e-01 1.03732020e-01
    2.00104117e-01 2.44066566e-01 9.24712896e-01 1.02433890e-01
    7.27045774e-01 7.20237255e-01 4.19998884e-01 3.79636317e-01
    1.51658237e-01 5.96347034e-01 7.39285707e-01 1.31274819e-01
    6.19792521e-01 4.14438248e-02 8.65488291e-01 1.28632277e-01
    6.32911682e-01 6.05801702e-01 7.54569173e-02 5.99817157e-01
    4.92388874e-01 5.37907958e-01 4.39935565e-01 2.43727267e-01
    8.47708464e-01 5.97046673e-01 7.08498538e-01 5.61528206e-01
    8.93295050e-01 6.95458055e-01 6.66866302e-01 2.74096072e-01
    9.12752450e-02 5.59217334e-02 1.10057682e-01 4.08759713e-01
    9.91821110e-01 8.52096677e-01 6.17771864e-01 5.94966531e-01
    5.32458365e-01 5.98066211e-01 2.03220129e-01 3.18012178e-01
    7.16668785e-01 2.23533928e-01 3.14140856e-01 4.02142316e-01
    8.34100842e-01 7.93843865e-01 5.74308753e-01 9.26107168e-01
    9.76088285e-01 8.56852293e-01 8.93885970e-01 4.02359217e-01
    4.62379992e-01 9.38415825e-01 4.41573948e-01 5.21532297e-01
    3.83325934e-01 6.73093498e-01 1.35526955e-01 1.43458009e-01
    4.88733292e-01 7.21049190e-01 2.44113326e-01 7.68830061e-01
    3.28401327e-02 3.74980688e-01 2.10920125e-01 1.30265057e-01
    2.21051663e-01 8.99561524e-01 5.76605201e-01 6.62579179e-01
    1.48945153e-02 4.72939759e-01 1.56726032e-01 6.53784871e-01
    3.71607780e-01 2.51719415e-01 4.16159272e-01 7.07928360e-01
    2.81536996e-01 3.97597402e-01 9.19139504e-01 9.79904890e-01
    5.48515499e-01 1.76760852e-01 4.48879749e-01 3.04799080e-02
    4.63834792e-01 1.48091495e-01 5.41910827e-01 9.07121301e-01
    3.31460238e-01 2.79324651e-01 6.81004167e-01 2.21675158e-01
    3.84907901e-01 9.12306368e-01 2.53051758e-01 6.50953531e-01
    2.79671907e-01 8.04419518e-02 2.10768938e-01 4.89817679e-01
    1.05649233e-02 3.18296731e-01 7.80992091e-01 9.93208647e-01
    1.47162884e-01 7.05662966e-01 6.31180465e-01 4.17214781e-01
    9.19373333e-02 1.35760844e-01 8.49345207e-01 7.56339073e-01
    4.11483586e-01 2.49655128e-01 9.97949123e-01 9.35434341e-01
    4.49675143e-01 3.26997221e-01 7.99552202e-01 5.41946173e-01
    8.26847672e-01 8.61484110e-01 3.35718811e-01 9.89553809e-01
    3.49942744e-01 5.23905993e-01 2.80706942e-01 5.26630878e-01
    1.74439281e-01 8.25224221e-01 2.11477280e-03 6.86825395e-01
    1.04840934e-01 4.40201551e-01 3.96874905e-01 8.49865317e-01
    7.01328993e-01 5.52487433e-01 6.23323798e-01 2.91313827e-01
    1.00385547e-02 2.85421252e-01 2.13978380e-01 2.84159780e-01
    7.07229972e-01 1.16224587e-01 4.82158184e-01 1.68158174e-01
    8.38988900e-01 4.86117810e-01 2.45336354e-01 1.47313803e-01
    1.58475012e-01 9.61955845e-01 8.96391869e-01 4.01780099e-01
    2.19483435e-01 2.79846907e-01 9.95615661e-01 6.01693988e-01
    2.72017300e-01 1.35988772e-01 3.50555003e-01 5.76922953e-01
    7.45540082e-01 4.57627237e-01 5.94330490e-01 1.53618753e-01
    2.99631864e-01 5.12506247e-01 1.43761367e-01 4.65734482e-01
    3.74326825e-01 9.47313190e-01 7.89473534e-01 6.19696677e-02
    5.22217751e-01 5.02610803e-01 5.99465370e-01 3.28114033e-01
    9.54995990e-01 6.36695504e-01 6.52287543e-01 5.44714868e-01
    9.38727915e-01 7.68370986e-01 4.39754426e-02 5.41097224e-02
    2.93171018e-01 3.27731371e-02 3.03708911e-02 6.46423519e-01
    2.94278592e-01 9.06127036e-01 8.25840533e-01 3.10388595e-01
    4.51544553e-01 9.92707729e-01 7.66874552e-02 2.34442770e-01
    2.63598830e-01 3.02710831e-01 9.32906389e-01 7.81631827e-01
    3.40612799e-01 3.79809141e-01 3.55583727e-02 5.35026312e-01
    8.93568695e-01 4.53105450e-01 5.32249987e-01 6.54513955e-01
    1.38881505e-01 3.07766795e-02 3.53079885e-01 8.73188853e-01
    9.85343933e-01 4.36853349e-01 7.46925533e-01 5.91067255e-01
    6.20705664e-01 9.77758706e-01 4.44274485e-01 7.69606352e-01
    6.12063527e-01 1.73381776e-01 2.62817919e-01 8.23743463e-01
    9.57438111e-01 8.48483741e-02 3.49700212e-01 9.28675056e-01
    5.87569952e-01 2.12168097e-01 4.13981616e-01 6.65733933e-01
    4.58909571e-01 5.65847754e-03 3.13459575e-01 8.22503448e-01
    8.65784287e-01 6.39040411e-01 5.29514372e-01 3.63614917e-01
    7.97788322e-01 8.10682833e-01 8.77003431e-01 9.58548784e-01
    7.92116284e-01 5.07660747e-01 6.41393661e-02 7.75561213e-01
    4.03956115e-01 8.73057008e-01 9.43492770e-01 5.12644410e-01
    1.08108789e-01 4.88113791e-01 1.74271822e-01 2.00951040e-01
    8.94827962e-01 7.93406725e-01 6.07526660e-01 1.32127672e-01
    8.02591562e-01 8.64022434e-01 9.08134639e-01 7.55895019e-01
    9.90520239e-01 8.98698568e-02 8.39218259e-01 6.80638254e-01
    7.17058539e-01 1.75520778e-01 2.82513946e-01 9.49018240e-01
    2.92423248e-01 5.12580574e-01 9.60061669e-01 5.67932487e-01
    1.45681441e-01 8.93473744e-01 1.82591110e-01 2.05262661e-01
    8.11816454e-01 2.62349367e-01 7.16041982e-01 1.41081721e-01
    5.09934008e-01 6.28648400e-01 2.65267909e-01 2.75330067e-01
    5.35677791e-01 5.10928690e-01 1.62765861e-01 3.28161895e-01
    6.29518270e-01 2.72483051e-01 9.44836974e-01 5.19771099e-01
    9.74254906e-01 5.31077504e-01 3.38891894e-01 1.64460242e-01
    7.67810225e-01 9.17149305e-01 5.32534301e-01 2.81120539e-02
    8.87910128e-01 4.03050303e-01 6.16528869e-01 2.72443473e-01
    8.40374827e-03 3.22839558e-01 2.70179510e-02 1.32331342e-01
    6.70560837e-01 2.44630128e-01 7.90709376e-01 2.23269910e-01
    9.51516688e-01 9.42261636e-01 9.74373460e-01 2.42683470e-01
    1.27433449e-01 5.87556958e-01 2.76278824e-01 7.96760201e-01
    1.82274312e-01 2.43164510e-01 7.76999712e-01 4.86457169e-01
    6.50218487e-01 8.90820265e-01 1.61366135e-01 2.47690976e-01
    7.93685079e-01 4.16977763e-01 4.66008306e-01 5.30828118e-01
    4.45570201e-01 6.53836906e-01 3.90888274e-01 7.51498938e-02
    5.23989320e-01 3.46339345e-01 5.98067522e-01 3.77862543e-01
    6.98068082e-01 8.75352263e-01 4.81920809e-01 6.67441249e-01
    5.85660100e-01 7.45609701e-01 8.18778634e-01 2.55458772e-01
    4.73814577e-01 7.30356097e-01 3.79278600e-01 7.23957658e-01
    5.42447269e-01 5.50189674e-01 3.57037812e-01 4.23219234e-01
    9.63661671e-01 5.10391653e-01 2.24410295e-02 5.27557850e-01
    4.02547419e-01 3.89536321e-02 7.87915170e-01 9.48296309e-01
    3.69881570e-01 9.81662273e-01 2.53305972e-01 8.91718566e-02
    3.66679370e-01 6.16146922e-02 2.88871467e-01 1.18385702e-01
    7.33992755e-01 8.87875438e-01 7.23130703e-02 9.50076461e-01
    5.53685308e-01 4.33781922e-01 3.04997921e-01 3.12153906e-01
    2.11628675e-02 9.65638340e-01 2.62974620e-01 3.94718170e-01
    9.77851748e-01 5.28510094e-01 3.41849327e-01 7.03382730e-01
    6.57033086e-01 1.74641490e-01 7.68492818e-01 6.20893717e-01
    7.98389256e-01 4.75340635e-01 2.92449653e-01 8.91657710e-01
    5.45078456e-01 2.26696521e-01 2.46944666e-01 8.38185906e-01
    4.30651307e-02 6.05247557e-01 2.47556984e-01 2.75049865e-01
    7.98766732e-01 4.05238271e-02 3.47906172e-01 9.49935436e-01
    7.70928383e-01 9.14652944e-01 3.73312294e-01 5.12576997e-02
    7.21581995e-01 2.50858843e-01 1.95755988e-01 5.16947091e-01
    2.13760853e-01 6.93989277e-01 9.19342577e-01 4.59089786e-01
    4.00009751e-01 7.39553988e-01 3.48266810e-01 3.98919046e-01
    8.58889520e-01 6.77907586e-01 5.74548364e-01 3.08780402e-01
    4.26856220e-01 6.72370791e-01 2.69684374e-01 2.77924716e-01
    9.23081636e-02 6.57350421e-01 7.71014094e-01 5.95353425e-01
    4.89215493e-01 8.60144913e-01 2.45226055e-01 1.64274812e-01
    1.38697624e-02 1.92758650e-01 6.41754866e-01 2.56867707e-02
    1.02503091e-01 5.38593471e-01 2.53768474e-01 8.58739138e-01
    5.26995003e-01 5.07122815e-01 1.74230576e-01 1.49292976e-01
    5.70829451e-01 2.79008687e-01 3.86810452e-01 3.05776238e-01
    2.18372226e-01 8.46439421e-01 2.97757387e-02 8.26649547e-01
    6.00464702e-01 7.15325415e-01 6.10640764e-01 8.21820676e-01
    5.96148431e-01 9.12493348e-01 3.73031795e-01 8.80090475e-01
    8.84902716e-01 3.15985858e-01 1.35728329e-01 8.89482796e-02
    2.11885601e-01 6.78599775e-01 2.00577199e-01 1.63273335e-01
    2.56353974e-01 3.41930181e-01 5.86814284e-01 2.22380161e-02
    4.69795316e-01 2.17431247e-01 3.67383003e-01 6.18193150e-01
    4.04804796e-01 2.74047971e-01 8.07962418e-01 6.75128579e-01
    7.04025090e-01 5.11124074e-01 5.37699461e-03 5.16436398e-02
    3.65350187e-01 1.31649554e-01 5.86209536e-01 5.27490199e-01
    9.78840232e-01 5.43008327e-01 9.22852397e-01 4.98159379e-01
    5.94143450e-01 8.76096785e-01 1.25262946e-01 8.47307026e-01
    8.95008922e-01 7.56525874e-01 6.89319491e-01 5.28429985e-01
    4.89620507e-01 9.37882423e-01 7.74281979e-01 9.11193669e-01
    7.03851879e-01 5.02836704e-01 9.87776995e-01 8.25907230e-01
    6.99114084e-01 5.60998499e-01 8.09865534e-01 4.59141105e-01
    5.77647686e-02 9.32487369e-01 7.61395693e-01 8.24496269e-01
    1.17602855e-01 8.47046077e-01 2.64564157e-02 9.24662232e-01
    1.87601328e-01 5.93445778e-01 1.75114095e-01 2.38485098e-01
    1.02868527e-01 2.16391087e-02 9.44673538e-01 4.70847815e-01
    8.97134125e-01 1.09261155e-01 5.33724427e-02 4.85719562e-01
    9.28564548e-01 8.78290832e-02 6.56563938e-02 9.20842588e-01
    1.36928648e-01 6.69748187e-01 9.30321217e-03 9.82576609e-03
    6.68545187e-01 5.05300105e-01 5.80576062e-01 9.65365291e-01
    8.29925179e-01 4.89894837e-01 5.88506341e-01 2.95296848e-01
    7.77784765e-01 6.49836063e-01 2.70587802e-02 7.54663706e-01
    8.42193127e-01 2.90497184e-01 1.49364203e-01 6.93308711e-01
    3.43338013e-01 2.53466100e-01 8.42106640e-02 8.86071622e-02
    7.86931634e-01 7.18470156e-01 9.44951057e-01 4.77820545e-01
    7.41705060e-01 1.20885283e-01 3.11015248e-01 4.79560047e-01
    5.02176464e-01 7.70107508e-02 6.78589880e-01 4.55226183e-01
    5.93669951e-01 3.47140670e-01 5.88602185e-01 8.48070264e-01
    7.12593436e-01 5.17069638e-01 9.44842756e-01 4.44193274e-01
    3.15355271e-01 8.97076607e-01 5.36495984e-01 9.24648523e-01
    1.23390406e-01 1.06488675e-01 8.98828745e-01 5.97096860e-01
    6.67414904e-01 6.20014608e-01 2.28968233e-01 3.46916884e-01
    2.37369955e-01 9.81574178e-01 9.47345018e-01 5.08535206e-01
    3.45272571e-01 2.54228443e-01 4.08513606e-01 2.55913228e-01
    4.23227102e-01 1.26163661e-01 3.33527863e-01 8.13822508e-01
    1.13250107e-01 4.42405611e-01 3.11853230e-01 5.12599051e-02
    7.01568842e-01 5.32790542e-01 5.15071869e-01 8.50724697e-01
    8.12628031e-01 1.26070291e-01 4.14665908e-01 1.18205607e-01
    9.90785480e-01 1.62844747e-01 1.54709816e-02 6.39203370e-01
    7.49780297e-01 8.28479648e-01 3.31577063e-01 2.05970258e-01
    2.18285441e-01 1.74256057e-01 7.51276016e-01 7.16735363e-01
    1.56523347e-01 8.48944604e-01 1.85072124e-02 5.41093588e-01
    2.96400487e-01 6.89524889e-01 1.16304487e-01 5.30860364e-01
    6.05833352e-01 2.46092618e-01 6.61231697e-01 1.78433418e-01
    1.47563994e-01 1.42230570e-01 7.23419368e-01 2.25082427e-01
    4.58430171e-01 8.18395257e-01 8.38746667e-01 5.50592601e-01
    2.74910271e-01 7.48220801e-01 3.78474653e-01 1.98915213e-01
    7.17929423e-01 9.80689406e-01 8.90365541e-02 8.86295557e-01
    3.07855785e-01 5.45813501e-01 5.16689301e-01 6.30788326e-01
    5.14772177e-01 7.18111098e-01 1.41003489e-01 8.03635359e-01
    6.89870238e-01 6.24361336e-01 7.25108981e-01 7.91515470e-01
    4.81793314e-01 6.54957056e-01 9.08405900e-01 8.88554275e-01
    1.81450039e-01 1.72151119e-01 8.78618956e-01 4.53971475e-01
    6.38531268e-01 3.94718528e-01 9.36207175e-03 7.68504143e-01
    8.72295678e-01 2.73371518e-01 9.20658112e-01 6.65869117e-01
    1.49569541e-01 9.65573430e-01 7.12062716e-01 4.09969836e-01
    3.00872713e-01 7.64005542e-01 1.45884991e-01 2.30609536e-01
    8.78931403e-01 1.24117166e-01 6.85549378e-01 4.34131891e-01
    5.77870488e-01 3.39183003e-01 5.43441594e-01 8.11957479e-01
    6.36952460e-01 6.34426236e-01 9.83848929e-01 6.55093074e-01
    5.18635511e-01 8.09998095e-01 6.12229705e-02 4.88542616e-01
    3.75423729e-02 2.63622403e-02 7.59078264e-02 9.56846416e-01
    1.84275210e-02 8.40818286e-01 6.79793298e-01 4.29015219e-01
    9.60929513e-01 5.57310760e-01 3.52155238e-01 7.52905011e-02
    8.28806758e-01 5.34902632e-01 5.50047636e-01 2.45853841e-01
    4.60046321e-01 1.30384237e-01 1.00186467e-03 7.06155241e-01
    9.44053650e-01 4.65610236e-01 2.91712850e-01 8.11940491e-01
    6.71346128e-01 2.49834180e-01 2.67240167e-01 5.14368653e-01
    7.75787711e-01 8.25596213e-01 5.51396608e-01 2.03543067e-01
    4.65355277e-01 4.72331375e-01 3.78500819e-01 8.41940165e-01
    5.86307049e-02 5.08642673e-01 5.81446409e-01 6.18789375e-01
    9.54627395e-01 1.24469638e-01 7.88555861e-01 1.11709207e-01
    8.79409075e-01 6.80413306e-01 4.77922380e-01 2.14099348e-01
    5.92769623e-01 4.62257564e-01 9.06520963e-01 8.61524582e-01
    5.38087010e-01 8.77358615e-02 1.30676389e-01 3.06658268e-01
    2.42266953e-01 2.15099365e-01 1.31943375e-01 1.29652798e-01
    1.09647602e-01 8.38295281e-01 3.85502070e-01 5.79997599e-01
    9.35182452e-01 9.73296165e-01 3.88389409e-01 4.31607872e-01
    3.60558361e-01 9.74423707e-01 4.72151339e-01 4.06647712e-01
    1.27421319e-02 8.09743702e-01 8.21600974e-01 8.56982172e-02
    2.38260329e-02 1.32276148e-01 5.96578658e-01 9.40332770e-01
    5.18473387e-01 6.28035605e-01 6.77842140e-01 8.16882372e-01
    4.94344950e-01 6.13221824e-01 2.18083680e-01 7.59475112e-01
    8.03839087e-01 6.04054987e-01 6.35923624e-01 8.24990988e-01
    5.97667277e-01 7.18426049e-01 6.26595080e-01 6.63401306e-01
    7.32242942e-01 5.93851149e-01 3.04582894e-01 8.79856765e-01
    3.82077813e-01 8.37461233e-01 1.83264613e-01 7.21666992e-01
    1.33778363e-01 8.42278242e-01 5.35508156e-01 9.22732472e-01
    6.75091445e-01 1.96703434e-01 8.53535771e-01 2.03400224e-01
    2.80859351e-01 2.21933872e-01 5.43203771e-01 9.68427062e-01
    2.19160616e-01 4.37676311e-02 3.97562593e-01 3.90098214e-01
    6.09494567e-01 2.41968393e-01 2.56157219e-01 4.10030872e-01
    1.64664119e-01 4.06856000e-01 7.26522744e-01 7.05153823e-01
    6.66182220e-01 3.08654159e-01 8.76417220e-01 2.16315150e-01
    2.07953721e-01 4.43657815e-01 3.31748307e-01 6.26496673e-01
    9.44872499e-01 7.70070434e-01 1.55737668e-01 5.21765590e-01
    1.43138260e-01 7.68799186e-01 3.37764859e-01 7.08562136e-01
    3.82130265e-01 8.99506092e-01 3.12780380e-01 9.89766777e-01
    6.54846072e-01 3.60549539e-01 3.02436471e-01 9.99769688e-01
    5.91109335e-01 5.49860954e-01 5.90292692e-01 7.09553778e-01
    6.98390007e-01 7.54351377e-01 2.81427294e-01 5.15030444e-01
    9.48820114e-01 9.97805417e-01 9.74970937e-01 7.48310566e-01
    3.46094400e-01 8.58360291e-01 5.68818450e-01 6.92210674e-01
    2.46933013e-01 4.89155799e-01 1.50890112e-01 2.70257264e-01
    7.78782189e-01 1.67521894e-01 4.88706768e-01 6.22075677e-01
    5.29547989e-01 3.28139901e-01 3.15464914e-01 2.25593626e-01
    6.75769150e-01 9.70170140e-01 7.91866660e-01 5.82285941e-01
    8.92574072e-01 8.93221200e-01 6.25598609e-01 1.31484300e-01
    8.99566352e-01 1.84362441e-01 4.45374697e-01 1.73574150e-01
    3.48934531e-02 9.05959368e-01 5.14446735e-01 3.02154720e-02
    6.94205284e-01 3.97534847e-01 6.69878662e-01 5.10882974e-01
    3.50946546e-01 8.84117424e-01 5.14584839e-01 8.02593470e-01
    5.49929500e-01 9.02473569e-01 3.13720137e-01 1.27552927e-01
    3.43322814e-01 5.68247914e-01 7.80916095e-01 2.68049240e-01
    4.70749259e-01 3.69942904e-01 7.30049431e-01 2.93775082e-01
    7.98510790e-01 3.55761290e-01 6.20950937e-01 1.25199765e-01
    6.23816073e-01 9.66176689e-01 1.84481591e-01 5.03245831e-01
    9.53106165e-01 9.75596309e-01 5.13700902e-01 3.91507268e-01
    4.07679558e-01 6.80354834e-01 8.83878469e-02 4.53295976e-01
    3.72808397e-01 7.45164275e-01 5.67295372e-01 5.63692808e-01
    5.00431418e-01 2.70931542e-01 9.04652297e-01 4.71614927e-01
    1.99792951e-01 1.00337267e-02 2.29514539e-01 2.69573659e-01
    6.49041772e-01 7.08864093e-01 6.58398807e-01 7.61854827e-01
    4.00845498e-01 7.03716695e-01 3.78646672e-01 7.11404920e-01
    9.64239717e-01 7.63991117e-01 8.37143183e-01 5.77111125e-01
    3.61180902e-01 3.48056614e-01 3.08000743e-01 5.00643909e-01
    7.03736305e-01 7.55759954e-01 6.93182528e-01 8.14286172e-02
    4.91978645e-01 6.80722833e-01 1.57076031e-01 9.12768126e-01
    8.65066409e-01 4.25619960e-01 5.76642156e-01 5.33033013e-01
    9.55094218e-01 3.45306426e-01 5.39532542e-01 7.16772676e-01
    8.29434037e-01 5.55943012e-01 8.58778000e-01 8.02879274e-01
    8.18405032e-01 4.42861706e-01 3.03458154e-01 9.72818434e-01
    9.20499384e-01 7.33186722e-01 7.84927011e-01 6.83999777e-01
    9.92434263e-01 7.58676529e-02 2.81128824e-01 2.76717365e-01
    1.30683243e-01 1.46184742e-01 5.17677188e-01 9.59125757e-01
    4.97678518e-02 3.74613106e-02 4.32826102e-01 5.77517748e-02
    3.84664237e-01 9.68872309e-01 5.55391610e-01 2.17419326e-01
    2.63172537e-01 4.15484905e-01 5.57374120e-01 3.91368568e-01
    2.74609625e-01 4.03827518e-01 1.49278343e-01 8.24089766e-01
    4.63140905e-01 7.87180722e-01 8.55101824e-01 1.37565464e-01
    3.82853746e-01 1.98839247e-01 3.92576694e-01 3.57442737e-01
    3.74716848e-01 1.57819688e-02 2.09430695e-01 5.63809037e-01
    3.77431989e-01 1.19988889e-01 8.93576503e-01 8.50948453e-01
    6.01872146e-01 8.58913541e-01 8.43216300e-01 9.56796825e-01
    7.25552917e-01 4.59372103e-01 6.92186415e-01 6.40875101e-02
    4.45994377e-01 6.16418600e-01 6.04954004e-01 3.53764117e-01
    7.51289785e-01 1.45448893e-01 8.27187777e-01 1.55509830e-01
    2.27633476e-01 3.28698158e-02 8.54618251e-01 8.60219717e-01
    7.34606385e-03 7.49683261e-01 1.10864848e-01 1.18349016e-01
    6.90038204e-02 8.12070727e-01 8.31618965e-01 4.99947459e-01
    6.78262293e-01 6.01830721e-01 6.08008802e-01 9.46059108e-01
    4.95100111e-01 5.27343154e-01 6.54694200e-01 1.93701029e-01
    2.03855455e-01 7.83833086e-01 8.15520704e-01 7.58178353e-01
    1.25478894e-01 5.00177741e-02 9.50822353e-01 4.23337400e-01
    6.90190971e-01 7.21446574e-02 9.69517589e-01 7.32183516e-01
    5.15742123e-01 6.38476074e-01 4.73244399e-01 4.50766951e-01
    8.65960419e-01 7.72878528e-01 6.13487959e-02 7.22671568e-01
    6.91405356e-01 4.91289496e-01 7.98055351e-01 7.21550465e-01
    3.87694061e-01 7.47745991e-01 7.95473099e-01 6.76795840e-01
    5.21005571e-01 9.18679357e-01 9.18340862e-01 3.97631466e-01
    5.89991152e-01 3.21418881e-01 1.07653677e-01 6.24111593e-01
    5.16022086e-01 5.01248837e-01 6.38951540e-01 3.30792129e-01
    1.61636055e-01 1.04842484e-01 7.32039094e-01 3.94636750e-01
    4.16975230e-01 3.43185842e-01 9.36201215e-02 9.96475697e-01
    7.48434246e-01 3.59232247e-01 5.62361538e-01 6.79691851e-01
    2.50813812e-01 5.76110661e-01 5.32606304e-01 7.73249507e-01
    1.09286726e-01 8.51606250e-01 7.92999864e-02 3.24460268e-01
    8.11914921e-01 1.77075624e-01 5.49726963e-01 6.95967793e-01
    2.17437863e-01 1.02476060e-01 1.92087650e-01 3.76004755e-01
    7.05859900e-01 6.37740493e-01 6.90168798e-01 3.24425042e-01
    3.71242225e-01 1.26810253e-01 2.71507382e-01 3.51763427e-01
    7.13990688e-01 7.23184288e-01 7.69963980e-01 2.65386999e-01
    7.02461660e-01 3.46015453e-01 4.28189337e-02 3.64717990e-01
    1.14333659e-01 4.90794063e-01 8.12869549e-01 9.78174806e-01
    6.15797579e-01 7.21891522e-01 9.80881751e-02 2.32999146e-01
    5.04050553e-01 2.45242089e-01 8.49326789e-01 1.11643702e-01
    2.74723798e-01 5.69964468e-01 1.88990563e-01 9.15941894e-02
    5.75124502e-01 5.75017691e-01 6.64241910e-01 9.29613829e-01
    6.13577127e-01 6.13374710e-01 7.77176619e-02 8.35561395e-01
    4.23266292e-01 7.89348125e-01 5.66667676e-01 6.84963584e-01
    8.29639375e-01 8.30372751e-01 7.68762529e-02 9.41794991e-01
    6.24268115e-01 5.65827191e-01 8.92501712e-01 7.72695780e-01
    1.13960326e-01 2.23355472e-01 3.38514149e-01 8.50612760e-01
    5.52449167e-01 3.18502575e-01 5.30012727e-01 1.56106949e-01
    8.32830667e-02 7.32090950e-01 7.95393407e-01 4.01795626e-01
    2.57908016e-01 7.08619356e-01 2.51728535e-01 8.00991058e-02
    3.52914870e-01 1.55459285e-01 4.96551484e-01 9.50284600e-02
    4.63821292e-01 3.11192930e-01 1.62106186e-01 9.47540581e-01
    7.40380049e-01 4.34439421e-01 6.95957422e-01 9.28857744e-01
    5.64024687e-01 5.15496254e-01 1.02920622e-01 6.06153607e-01
    6.07607245e-01 5.89992583e-01 8.61231446e-01 7.85136819e-01
    5.60680270e-01 2.66150951e-01 3.24244320e-01 3.74557018e-01
    8.19560409e-01 2.11169362e-01 6.47666872e-01 3.29502881e-01
    5.04952133e-01 4.94417399e-01 7.60434389e-01 7.21966565e-01
    5.76649725e-01 6.94869995e-01 3.76431346e-02 6.19604409e-01
    4.76420254e-01 5.92819035e-01 3.74827921e-01 3.81336242e-01
    4.38096613e-01 8.29395652e-01 7.06976712e-01 9.66459870e-01
    3.05080414e-03 2.42455482e-01 4.89538074e-01 5.86961210e-01
    3.89818519e-01 1.20169163e-01 3.30562741e-01 8.71982753e-01
    1.41360164e-02 1.12115830e-01 4.10651207e-01 2.14596748e-01
    9.40388680e-01 4.67425436e-01 7.57614374e-01 3.11792910e-01
    7.51082540e-01 8.18887830e-01 5.11006057e-01 3.44120890e-01
    4.58095163e-01 3.62300634e-01 6.46019459e-01 7.44794607e-02
    1.95927531e-01 1.65648967e-01 6.18354559e-01 3.32423210e-01
    3.36086571e-01 4.43421453e-01 5.17942071e-01 3.27946693e-01
    9.96876240e-01 8.20471764e-01 5.75447917e-01 9.98348773e-01
    6.57310247e-01 3.35236132e-01 1.42792314e-01 2.16149569e-01
    7.11182415e-01 1.68221086e-01 6.80664539e-01 2.33895242e-01
    5.92996836e-01 7.14978516e-01 7.24860549e-01 3.49753350e-01
    9.56022501e-01 6.31564260e-02 5.01270771e-01 1.98631942e-01
    1.86589271e-01 5.00517607e-01 5.79970956e-01 9.43336070e-01
    8.48347366e-01 5.36801934e-01 4.99907643e-01 8.71124506e-01
    4.02976543e-01 7.02577829e-01 9.97612715e-01 6.52621210e-01
    4.51973677e-02 7.84441590e-01 8.53775263e-01 4.71095145e-02
    2.41006225e-01 3.23009551e-01 6.02968991e-01 3.21978897e-01
    8.54755998e-01 9.90921378e-01 1.39861077e-01 9.84206676e-01
    6.36961460e-01 2.22095400e-01 6.26770973e-01 4.67206538e-02
    8.57388735e-01 7.96744227e-01 7.18095064e-01 7.74410963e-01
    6.01382375e-01 1.56124741e-01 3.65401775e-01 7.47712255e-01
    4.48416114e-01 1.35337949e-01 9.52601373e-01 7.39880502e-01
    6.89423800e-01 3.22911739e-02 9.18141961e-01 2.79645711e-01
    2.45947063e-01 1.80122703e-01 5.93071282e-02 2.04833895e-01
    8.19154739e-01 3.02186012e-02 7.18405008e-01 5.16356349e-01
    8.31565380e-01 1.04187429e-01 2.34053582e-01 6.71112835e-02
    2.78220654e-01 8.30567479e-01 4.05011415e-01 4.09597725e-01
    7.51074076e-01 5.93248606e-02 8.46267462e-01 9.61179972e-01
    7.32441664e-01 8.26203346e-01 4.35858786e-01 8.57537687e-02
    5.99958241e-01 9.47390199e-01 6.19632602e-02 5.91540635e-02
    4.53346938e-01 6.20743394e-01 4.24067199e-01 3.17858517e-01
    5.77613771e-01 6.09476864e-01 3.92158031e-02 8.05808961e-01
    3.63523901e-01 3.07378948e-01 5.03307045e-01 7.56926298e-01
    2.04166830e-01 6.06365979e-01 4.96987075e-01 9.38524783e-01
    6.10483050e-01 1.75009280e-01 5.69796085e-01 5.19421399e-01
    4.25038874e-01 9.77255523e-01 6.71248555e-01 8.37883234e-01
    4.75220442e-01 5.21193683e-01 8.01755726e-01 8.94501328e-01
    8.32577825e-01 2.88836360e-01 4.80250955e-01 8.35896790e-01
    9.08396721e-01 8.69612932e-01 8.37310135e-01 8.57651114e-01
    6.42252445e-01 1.24839842e-02 2.99047351e-01 9.34716821e-01
    7.41965413e-01 8.27889085e-01 3.86436939e-01 8.58121037e-01
    3.51533353e-01 4.18103039e-02 9.43253815e-01 7.24482238e-01
    5.03581166e-01 2.58695722e-01 7.90494084e-01 7.96923399e-01
    1.69913471e-02 6.73025608e-01 1.80185139e-01 9.00887966e-01
    3.75835419e-01 4.92577165e-01 8.35904360e-01 8.17750931e-01
    2.29708672e-01 5.63439131e-01 2.18256921e-01 2.25623697e-01
    8.03709507e-01 7.93841481e-01 8.51950884e-01 8.43270302e-01
    1.60348803e-01 4.43411976e-01 4.04299051e-01 5.41150928e-01
    9.58670974e-01 5.70754647e-01 2.00516194e-01 5.14547825e-01
    8.33254933e-01 8.94501328e-01 1.52049959e-02 5.94574213e-01
    7.29062557e-01 4.59933788e-01 3.32763463e-01 9.03222859e-02
    3.46051395e-01 1.49355590e-01 9.66259480e-01 3.49533975e-01
    5.75201809e-01 2.69611865e-01 7.29326785e-01 9.61327434e-01
    8.59950066e-01 6.12178326e-01 5.59703410e-02 1.42692119e-01
    7.51675367e-01 4.26753193e-01 2.99034238e-01 1.65508330e-01
    4.33855653e-01 4.57513720e-01 9.71356869e-01 8.48671079e-01
    6.97550356e-01 3.01792026e-02 2.24453807e-02 5.91291964e-01
    2.04519182e-01 5.25898516e-01 5.98646164e-01 1.81868017e-01
    9.18019533e-01 3.62906873e-01 6.04593754e-01 3.37912500e-01
    4.71915901e-02 2.99795091e-01 3.55038524e-01 1.31088644e-01
    7.00987816e-01 8.35192680e-01 4.97426629e-01 3.02938193e-01
    1.35258436e-02 2.83842444e-01 6.27401352e-01 5.33789814e-01
    3.58043492e-01 1.84008837e-01 7.31911600e-01 9.37902808e-01
    3.23401630e-01 2.94770718e-01 1.83549136e-01 5.01778007e-01
    5.83051383e-01 2.00828075e-01 8.15961838e-01 9.01551008e-01
    1.10411614e-01 9.92262602e-01 6.93231106e-01 5.92673540e-01
    5.17800570e-01 2.25507021e-02 8.25052142e-01 2.93169260e-01
    2.33760446e-01 4.69916701e-01 5.79213381e-01 3.08783770e-01
    8.16740334e-01 9.24926400e-02 1.24211013e-01 7.47998238e-01
    7.04073310e-02 5.94426036e-01 6.90889180e-01 5.03600478e-01
    2.96711564e-01 5.62351644e-02 3.09704602e-01 4.67205405e-01
    6.58054709e-01 5.26000202e-01 2.52214074e-02 6.31448030e-01
    3.19308937e-01 8.61382484e-02 6.94390535e-01 8.84196520e-01
    1.44201994e-01 7.91639328e-01 7.79383063e-01 8.36673260e-01
    5.05245328e-02 6.88389361e-01 7.25381196e-01 6.94432139e-01
    3.15232873e-02 8.81173015e-02 6.71958506e-01 9.25877392e-01
    9.21392441e-03 7.71254122e-01 1.34612083e-01 9.61999953e-01
    6.47352457e-01 6.99137390e-01 2.88901925e-01 5.64900219e-01
    7.85910368e-01 8.55856240e-02 2.02869594e-01 7.18146145e-01
    6.08623922e-01 2.49918908e-01 5.71888745e-01 3.88754725e-01
    3.10365885e-01 8.11334014e-01 7.30859160e-01 2.25288868e-01
    9.85547185e-01 9.34203506e-01 2.45019257e-01 2.31894016e-01
    4.44490314e-02 2.92157233e-02 3.13760400e-01 2.06787139e-01
    9.29229736e-01 6.92418277e-01 1.86891735e-01 6.93013847e-01
    2.94261217e-01 2.89934158e-01 2.26707339e-01 6.96230233e-01
    1.96375430e-01 1.51823789e-01 7.47085214e-01 8.28066826e-01
    6.91516519e-01 5.88734567e-01 9.33621824e-01 1.18629247e-01
    1.02724999e-01 8.54351044e-01 3.40190887e-01 4.46130395e-01
    5.23013771e-01 6.60915971e-02 1.09377950e-01 8.54054332e-01
    6.13699913e-01 2.12657303e-01 3.84534925e-01 5.46436489e-01
    4.06738728e-01 6.32470727e-01 5.78471303e-01 8.12865853e-01
    7.09017694e-01 4.73413765e-02 3.43848407e-01 5.68896890e-01
    7.06968725e-01 4.13653165e-01 8.37512255e-01 5.91033041e-01
    3.40368450e-01 4.62394357e-02 8.14845681e-01 3.11691284e-01
    2.75384247e-01 5.02195597e-01 5.44580221e-01 9.04465377e-01
    9.43639278e-01 1.23822153e-01 3.49984467e-01 9.17019010e-01
    4.71900463e-01 9.40084338e-01 4.11690295e-01 3.10102999e-02
    3.47554475e-01 8.27143788e-01 9.53476429e-01 8.35026801e-01
    7.48496771e-01 9.08663511e-01 7.46172667e-03 8.83936882e-04
    8.83562028e-01 2.94208497e-01 1.03390247e-01 5.14693499e-01
    5.80108345e-01 1.07149631e-01 7.92259097e-01 9.14596081e-01
    2.13816971e-01 9.86356795e-01 1.99228674e-01 9.91945565e-02
    2.23787814e-01 3.27485412e-01 9.51706409e-01 8.33478689e-01
    5.79859495e-01 9.07809734e-01 9.64024365e-01 9.31075096e-01
    9.81190503e-02 2.71929264e-01 9.03510034e-01 2.80830324e-01
    5.00924110e-01 7.92137146e-01 4.20133144e-01 3.29623461e-01
    3.08950841e-01 2.15749025e-01 5.71256816e-01 3.97846639e-01
    5.01021922e-01 7.38831162e-01 4.98533010e-01 9.51384425e-01
    4.99888331e-01 4.91433144e-02 5.80303848e-01 9.83686864e-01
    1.85681194e-01 9.98803735e-01 5.19262910e-01 6.73432946e-01
    6.49506986e-01 9.28463757e-01 1.56849623e-03 9.13386226e-01
    7.12213635e-01 5.34060597e-01 4.61730510e-01 1.29463494e-01
    9.14944172e-01 1.56128973e-01 4.31117386e-01 4.96424139e-02
    8.04184675e-01 7.41291344e-01 5.38083136e-01 9.37386394e-01
    9.48585033e-01 2.74004698e-01 5.14172316e-01 9.88556385e-01
    7.05808580e-01 5.31062484e-01 1.06750339e-01 4.63657111e-01
    1.41930908e-01 5.30419350e-01 5.06683767e-01 8.32842231e-01
    1.04692638e-01 2.08197892e-01 5.29363930e-01 3.52274954e-01
    3.03215981e-02 5.19385815e-01 3.54949296e-01 1.67258978e-01
    3.47780555e-01 6.69993401e-01 2.53609240e-01 5.38439929e-01
    3.28311324e-01 1.95043623e-01 6.13178313e-01 3.59253138e-01
    3.99774551e-01 2.29482859e-01 3.18017662e-01 5.55415034e-01
    3.49935830e-01 3.78066778e-01 2.68207729e-01 3.77452075e-02
    7.76460886e-01 1.21396810e-01 2.60923266e-01 6.36794508e-01
    6.75041199e-01 2.79286385e-01 6.27833188e-01 6.99228883e-01
    2.84366846e-01 3.85717481e-01 8.86523604e-01 8.06346953e-01
    5.22507131e-01 8.32417369e-01 7.34256983e-01 6.06775522e-01
    8.20222497e-01 8.30316305e-01 4.04812634e-01 6.15841389e-01
    1.55542493e-01 4.39872742e-02 1.55183285e-01 3.58019680e-01
    9.57245708e-01 2.69541889e-01 6.54501200e-01 3.54247212e-01
    7.28435695e-01 5.89414477e-01 3.41377735e-01 2.84652233e-01
    4.50149864e-01 4.41512048e-01 9.41245675e-01 3.81600827e-01
    8.33261311e-01 1.37102008e-02 1.53738081e-01 4.73925173e-02
    7.95535445e-01 1.76145881e-01 2.98729450e-01 7.95163512e-01
    3.60208005e-01 5.09966791e-01 2.93076307e-01 9.39685941e-01
    8.24731946e-01 4.12714213e-01 3.70111763e-01 2.28153735e-01
    1.88375026e-01 3.47969055e-01 8.33359480e-01 6.98299110e-01
    1.23417050e-01 6.27647042e-01 1.28359884e-01 5.13799012e-01
    4.93766636e-01 6.31307960e-01 5.98499060e-01 4.65570539e-01
    9.90481734e-01 2.46534079e-01 7.99282551e-01 3.59618366e-01
    5.08826673e-02 8.39089036e-01 7.73363829e-01 3.41760516e-01
    5.54512262e-01 1.48142159e-01 1.53961331e-01 2.18092918e-01
    2.39318043e-01 5.74026287e-01 7.86198378e-02 6.36352897e-01
    8.73936415e-01 4.26042438e-01 3.38702053e-01 8.95698428e-01
    7.09653258e-01 5.50063729e-01 6.61661863e-01 4.09960926e-01
    2.24083066e-02 8.27484846e-01 1.25052035e-02 7.46501684e-01
    9.85973179e-02 2.68870056e-01 7.31167257e-01 9.31380272e-01
    5.74114859e-01 7.51937628e-01 9.67841208e-01 1.06705070e-01
    7.10105956e-01 1.35373026e-01 8.00090075e-01 7.18399405e-01
    9.90050673e-01 6.01947367e-01 8.98568928e-01 6.72648847e-01
    8.37901354e-01 9.06580329e-01 2.53750682e-02 8.38435888e-02
    8.40825319e-01 2.93725133e-01 9.87675607e-01 4.20804799e-01
    2.02895463e-01 7.14413166e-01 8.73366237e-01 2.74690330e-01
    5.81927180e-01 3.31316531e-01 3.51798475e-01 3.63708764e-01
    3.89960647e-01 1.36022449e-01 2.39933550e-01 1.44861877e-01
    4.31749701e-01 1.18725747e-01 9.61505175e-02 4.44625467e-01
    2.39366978e-01 3.49921167e-01 7.96706498e-01 9.49632466e-01
    9.67212439e-01 2.85345852e-01 5.26204348e-01 7.44430304e-01
    7.94666350e-01 7.25281239e-03 6.10973418e-01 6.53109670e-01
    3.65622938e-02 3.61909568e-01 1.57981992e-01 8.04083169e-01
    8.69593501e-01 5.31076193e-01 6.33036494e-02 3.99578691e-01
    8.26716363e-01 1.26552761e-01 3.32947612e-01 9.86845732e-01
    8.85175765e-02 2.99320877e-01 2.06404209e-01 4.20720339e-01
    7.38456547e-01 1.34605944e-01 6.09248698e-01 7.13908315e-01
    9.30215955e-01 4.48293179e-01 6.86969936e-01 4.64075446e-01
    4.60137099e-01 3.52844745e-01 2.14742512e-01 4.32560354e-01
    8.89246464e-01 8.54326367e-01 5.91099143e-01 9.51916456e-01
    9.55177307e-01 6.38946950e-01 5.55313647e-01 7.56308496e-01
    4.66398537e-01 1.10625386e-01 6.97015047e-01 7.27032125e-01
    8.06587338e-01 6.55846119e-01 8.64436567e-01 9.68586802e-02
    9.62357044e-01 9.83147502e-01 2.21756130e-01 7.14801669e-01
    8.99952888e-01 5.61740577e-01 1.82262063e-02 2.01519042e-01
    5.99196494e-01 3.09078693e-02 7.48370767e-01 3.31274927e-01
    2.30693430e-01 6.23262644e-01 2.70347893e-01 2.35676348e-01
    7.31692612e-01 5.30957997e-01 6.86668515e-01 9.53684688e-01
    7.65316963e-01 2.43604511e-01 3.97795737e-02 6.66854501e-01
    7.34956920e-01 8.25742602e-01 3.28774750e-01 4.19893265e-01
    3.05261731e-01 8.05257559e-01 6.67916894e-01 8.75012398e-01
    1.89213455e-01 4.87204343e-01 4.17477876e-01 9.09588933e-01
    4.87031996e-01 8.34503651e-01 9.77876782e-01 4.34255958e-01
    7.36942887e-01 5.21108270e-01 2.49885619e-02 6.01501942e-01
    7.92516232e-01 5.27512312e-01 1.64812118e-01 4.44374114e-01
    2.46655375e-01 3.28183293e-01 5.73438764e-01 2.18478948e-01
    5.63819468e-01 8.09927225e-01 3.97234589e-01 2.90382385e-01
    5.88453054e-01 3.19027334e-01 3.57249439e-01 8.35964799e-01
    4.88750994e-01 1.45242929e-01 5.20064712e-01 6.90962076e-01
    3.12262386e-01 8.24497819e-01 4.82525349e-01 4.05070245e-01
    3.22343111e-02 6.69524014e-01 6.95116520e-01 6.47139728e-01
    5.24228692e-01 3.41113925e-01 9.61137950e-01 6.51469469e-01
    4.81839538e-01 2.03692615e-01 6.08481884e-01 4.66147780e-01
    6.28296971e-01 6.75034404e-01 8.61715436e-01 7.79983044e-01
    5.39146781e-01 2.76887178e-01 5.34223378e-01 5.49573958e-01
    2.89605826e-01 9.36676502e-01 4.90890801e-01 1.09108299e-01
    4.65183854e-01 6.92832768e-01 9.66406465e-02 5.11225581e-01
    1.15922540e-01 4.63074923e-01 3.09690833e-03 1.26677424e-01
    3.40158641e-01 9.97517765e-01 1.39678955e-01 4.03346419e-01
    2.03072041e-01 7.64495730e-02 1.87118948e-01 5.71485281e-01
    7.45418131e-01 1.85704201e-01 1.92521214e-01 8.99965525e-01
    3.34881723e-01 8.53486061e-02 8.93141866e-01 8.26366365e-01
    5.17394185e-01 5.35420537e-01 2.20628679e-02 5.31940401e-01
    8.10265481e-01 1.03642046e-02 6.08673036e-01 9.83071208e-01
    4.99150157e-03 3.33318710e-02 4.97043163e-01 8.62305880e-01
    5.38265407e-01 2.33394176e-01 2.34303504e-01 8.25991035e-01
    4.94048834e-01 1.89475417e-01 7.06332862e-01 4.45864290e-01
    6.59011722e-01 4.17374730e-01 2.92971671e-01 7.85035610e-01
    8.47605944e-01 4.83683228e-01 6.97761774e-02 8.13189864e-01
    7.77706861e-01 1.68797970e-02 9.28586066e-01 6.85469151e-01
    7.87208676e-01 4.67300296e-01 3.69952023e-02 9.00657654e-01
    4.60441768e-01 6.22305751e-01 5.93090355e-01 3.87285054e-02
    3.13153207e-01 4.38258916e-01 3.24710965e-01 3.42893302e-01
    6.66791916e-01 2.23370284e-01 8.88963223e-01 2.75602102e-01
    7.84256697e-01 6.41200662e-01 9.76624370e-01 1.14344507e-01
    3.29302996e-01 9.48022008e-01 7.16977000e-01 4.43244278e-02
    8.20861697e-01 7.52636671e-01 6.49395287e-02 2.26245791e-01
    1.49661362e-01 3.52790654e-02 4.60271358e-01 8.20637226e-01
    3.75528425e-01 4.61160451e-01 1.85999334e-01 9.63144422e-01
    4.14380789e-01 8.14403057e-01 4.09115285e-01 3.28042805e-02
    8.20562482e-01 8.83662999e-01 3.19897950e-01 7.71986008e-01
    8.41171980e-01 1.24363750e-01 7.49751687e-01 7.21777201e-01
    1.39963925e-01 2.97357142e-01 6.02511823e-01 9.21411335e-01
    8.81490231e-01 5.97663820e-01 8.36085498e-01 2.90895700e-02
    4.78419274e-01 3.48291457e-01 5.60628533e-01 1.32067740e-01
    7.89652348e-01 2.42399365e-01 6.16768181e-01 3.71727765e-01
    3.41792703e-01 5.99175453e-01 3.10810030e-01 8.02193463e-01
    3.13339740e-01 4.21739161e-01 6.10085785e-01 4.50010806e-01
    6.99692547e-01 6.86538756e-01 3.22892636e-01 4.78331804e-01
    5.95943034e-02 1.22296453e-01 6.69523120e-01 9.49249148e-01
    7.43875504e-02 6.52833998e-01 8.88347507e-01 2.96821326e-01
    4.22823340e-01 7.37710357e-01 4.60254431e-01 7.86974549e-01
    9.66104865e-01 9.91783440e-02 1.39020085e-02 2.64949083e-01
    9.67690766e-01 2.86520898e-01 5.98991573e-01 3.95891368e-01
    7.30545461e-01 6.59385324e-03 1.21808052e-01 5.30387580e-01
    3.34030032e-01 5.19239902e-01 5.72401166e-01 8.88526201e-01
    3.28536749e-01 1.28592134e-01 2.60763109e-01 7.53854752e-01
    9.10001516e-01 3.08167875e-01 5.72826803e-01 6.78827643e-01
    3.28741819e-01 3.55888009e-01 5.42615294e-01 5.86009979e-01
    7.29933202e-01 3.37832987e-01 3.48235250e-01 3.56107771e-01
    2.06480056e-01 8.24316502e-01 4.65795934e-01 8.31136048e-01
    1.29288584e-01 5.24308085e-01 5.88861942e-01 6.32747948e-01
    9.39814389e-01 1.35160148e-01 2.76410878e-01 3.22545528e-01
    1.20817006e-01 7.58252800e-01 7.07076371e-01 1.97138488e-01
    6.37056947e-01 4.56463993e-01 9.29120660e-01 6.64028704e-01
    8.60571265e-01 3.79650950e-01 3.04674625e-01 6.13051355e-01
    5.23231626e-01 1.33928537e-01 9.44138348e-01 1.48374081e-01
    5.08469880e-01 6.16741538e-01 4.34845746e-01 6.79478526e-01
    7.65953243e-01 9.52743292e-01 5.97998977e-01 5.55306017e-01
    1.75246686e-01 4.23374474e-01 5.24431705e-01 3.18564892e-01
    8.26742113e-01 2.86550641e-01 6.22177422e-01 4.82386917e-01
    7.53334284e-01 8.21027279e-01 4.31737602e-02 1.50819391e-01
    2.99422115e-01 9.63995457e-02 9.29698229e-01 3.97681862e-01
    7.08073258e-01 6.18590117e-01 5.74276567e-01 9.90916729e-01
    2.55867064e-01 2.48229951e-01 2.77857721e-01 6.63493872e-02
    4.01066691e-01 6.79322958e-01 3.36828440e-01 9.87368107e-01
    2.83901095e-01 6.97560906e-01 6.36574030e-02 1.28782243e-01
    5.25961578e-01 8.53982687e-01 2.76035547e-01 4.54780519e-01
    9.82773066e-01 9.42042232e-01 8.74966383e-01 9.70892966e-01
    8.74156594e-01 2.49779254e-01 7.81125188e-01 3.13180149e-01
    5.62146664e-01 2.93012142e-01 5.64670801e-01 3.02803874e-01
    1.89787328e-01 2.50198543e-02 6.05932355e-01 6.90301478e-01
    4.60231334e-01 3.63393128e-02 2.49422908e-01 2.98995614e-01
    1.82804346e-01 6.79151475e-01 1.86307997e-01 2.15154588e-01
    1.78848743e-01 1.18583590e-01 2.82781065e-01 5.94023228e-01
    4.31724191e-01 1.85015589e-01 1.27123773e-01 4.64095116e-01
    5.34031630e-01 9.45009947e-01 4.13191617e-01 5.29313385e-01
    9.75058079e-01 1.69331640e-01 3.72176647e-01 1.05430633e-01
    6.33785069e-01 9.19232965e-01 5.10085702e-01 5.05587637e-01
    5.71779668e-01 3.37228477e-01 6.81808472e-01 4.27620411e-01
    6.45696819e-02 2.50379562e-01 3.55795205e-01 9.46361601e-01
    8.93255174e-02 6.36227369e-01 6.70521557e-01 5.89873433e-01
    2.62741148e-01 7.66668022e-01 4.02753234e-01 4.33135659e-01
    8.64516556e-01 9.23159122e-01 6.21693850e-01 3.70139360e-01
    1.61416918e-01 9.65530276e-02 9.54700947e-01 3.17997217e-01
    3.57111812e-01 2.34894514e-01 1.24385357e-02 5.58144867e-01
    7.50730097e-01 9.99229610e-01 2.43226886e-02 7.63232589e-01
    8.12441707e-02 7.69630849e-01 3.86390090e-01 3.34201932e-01
    4.11759853e-01 3.08290660e-01 5.52251220e-01 9.23141301e-01
    2.89006859e-01 2.51100063e-02 8.40597153e-01 5.91331244e-01
    1.74859464e-02 1.08236372e-02 7.72656560e-01 9.75527644e-01
    4.90135431e-01 2.77993828e-01 5.85738361e-01 5.01555681e-01
    8.93065572e-01 8.16298127e-02 1.12978429e-01 7.25658715e-01
    4.69693422e-01 4.97729570e-01 3.70465010e-01 5.90680420e-01
    4.48157668e-01 9.67186987e-02 8.14155400e-01 5.42029500e-01
    6.57637179e-01 4.91835266e-01 9.58846807e-01 5.63238442e-01
    2.37390161e-01 4.61871296e-01 7.90512860e-02 1.80203229e-01
    7.44885445e-01 9.58685160e-01 7.60202646e-01 9.68591213e-01
    6.44589663e-02 8.79694223e-01 6.59273267e-01 2.08195269e-01
    3.22610080e-01 4.25496340e-01 7.93129504e-01 4.50861722e-01
    1.88008547e-02 9.82267261e-01 7.07253814e-03 3.06017190e-01
    2.79069901e-01 6.04685783e-01 1.35918260e-02 6.74904883e-02
    8.36318433e-02 6.87646508e-01 7.64608562e-01 9.30726051e-01
    4.12581444e-01 1.47484779e-01 9.69177186e-01 5.22636473e-01
    8.66462827e-01 1.12803966e-01 5.33005714e-01 7.39502192e-01
    9.74073291e-01 5.06473422e-01 4.38477695e-02 9.75395918e-01
    2.45314509e-01 7.52756119e-01 1.27125859e-01 9.52026129e-01
    1.89240515e-01 7.30942488e-01 1.05551869e-01 2.15843529e-01
    2.55854756e-01 4.88001585e-01 4.75075632e-01 2.90527940e-01
    5.89145005e-01 9.96670723e-02 7.33195841e-01 4.19605374e-01
    7.94396400e-01 5.31635106e-01 3.58192325e-01 2.68487483e-01
    3.25857997e-02 3.30452144e-01 8.70176613e-01 3.31274241e-01
    1.68910623e-01 3.05685192e-01 2.46730566e-01 8.51522684e-01
    9.76231575e-01 2.48616338e-02 7.06166208e-01 1.10293627e-02
    1.70153558e-01 2.70547032e-01 1.04378343e-01 1.32792354e-01
    9.05419290e-01 2.22045183e-03 1.17949247e-02 9.07407403e-01
    4.77324069e-01 6.12843394e-01 3.72966766e-01 2.09566563e-01
    5.69295585e-01 9.89404321e-01 7.35272884e-01 1.46024436e-01
    7.88854361e-02 1.86315686e-01 4.23360795e-01 7.68387914e-01
    9.56209481e-01 8.14219594e-01 7.72828102e-01 5.72998822e-01
    5.04701674e-01 4.43214476e-01 5.99992990e-01 6.50392532e-01
    6.16414130e-01 9.63584006e-01 9.47334051e-01 4.43244427e-01
    4.52720225e-01 6.55931830e-02 5.07920444e-01 9.61139798e-01
    2.13762105e-01 8.99140120e-01 5.16565263e-01 6.80536985e-01
    5.13362765e-01 1.13306373e-01 4.95788544e-01 9.22564685e-01
    3.27770472e-01 3.45163286e-01 7.02891588e-01 6.62217736e-02
    5.98144948e-01 1.40090704e-01 8.95800948e-01 1.51328892e-01
    7.14045703e-01 7.33756900e-01 8.99950862e-01 7.03971863e-01
    6.49521828e-01 2.71949172e-03 9.27074313e-01 6.96595788e-01
    3.49949419e-01 7.56257057e-01 8.91002417e-01 2.13508397e-01
    6.26707375e-01 8.61571133e-02 6.91894770e-01 9.89378333e-01
    3.76908362e-01 2.02579677e-01 3.76210600e-01 8.21120501e-01
    8.41457009e-01 3.07803363e-01 9.14793909e-01 8.15456271e-01
    7.65288234e-01 1.30701005e-01 4.21788990e-02 9.20223117e-01
    6.97186708e-01 7.30871916e-01 8.87410164e-01 5.35462499e-01
    1.19396836e-01 7.07823694e-01 9.58514094e-01 5.19966006e-01
    9.58585143e-01 1.50473952e-01 7.35617638e-01 2.42703736e-01
    2.62625337e-01 7.55517960e-01 3.22377682e-01 2.96740830e-02
    9.05721307e-01 8.79981935e-01 8.16313267e-01 8.32027197e-01
    2.30679303e-01 3.48009765e-02 9.83259082e-01 4.78731304e-01
    3.63097131e-01 1.88528895e-02 4.78251487e-01 5.12749612e-01
    3.47278684e-01 1.10640913e-01 2.03727365e-01 1.47309750e-01
    1.89472139e-01 2.05394924e-01 4.36273634e-01 5.79076409e-02
    5.39879680e-01 2.78756142e-01 2.87510425e-01 1.82039917e-01
    1.34990841e-01 7.37156391e-01 2.41407245e-01 6.96675479e-01
    3.04919928e-01 9.09766614e-01 2.73635924e-01 3.31956387e-01
    6.25399053e-02 1.89147592e-01 6.11991286e-01 1.20273411e-01
    7.30227947e-01 4.48178828e-01 1.31135523e-01 8.67059827e-01
    2.02748746e-01 3.64702195e-01 8.35133255e-01 3.38788390e-01
    3.90427113e-02 7.38690197e-02 1.54079229e-01 5.46634197e-01
    3.07905734e-01 9.81276929e-01 2.43400455e-01 9.67942238e-01
    3.62547636e-01 3.97103459e-01 7.62231648e-01 3.53977203e-01
    2.12021947e-01 1.20651245e-01 2.13079274e-01 5.51226497e-01
    5.50657332e-01 8.00902724e-01 4.47734118e-01 7.28169084e-01
    9.64699090e-01 1.00001246e-01 2.94619888e-01 4.34165508e-01
    5.15537500e-01 3.49245548e-01 4.31939542e-01 8.16938281e-01
    2.69088328e-01 2.45318055e-01 5.58738410e-01 8.07839394e-01
    1.04523718e-01 8.02585363e-01 8.40068579e-01 1.88742697e-01
    6.86263561e-01 3.58734876e-01 8.18010926e-01 8.79081607e-01
    6.54905975e-01 2.16002703e-01 6.53573692e-01 8.32919240e-01
    7.25452363e-01 9.62110877e-01 2.81680673e-01 4.96521294e-01
    7.43610859e-01 6.36248708e-01 9.77186203e-01 5.15139103e-01
    5.23505986e-01 8.81096959e-01 8.45348597e-01 1.32814378e-01
    5.37944973e-01 3.10847163e-01 6.98550999e-01 5.78839183e-02
    5.81884384e-01 6.43537819e-01 3.75110745e-01 9.85644162e-01
    3.54056120e-01 6.80267572e-01 1.50377154e-01 8.10840845e-01
    5.30167460e-01 1.44150704e-01 2.01225549e-01 4.82167959e-01
    8.29520226e-01 6.37101233e-01 9.14379358e-01 9.88009870e-02
    5.27448237e-01 3.43709558e-01 4.48672175e-01 1.80623412e-01
    4.43775982e-01 9.12426710e-02 5.12008607e-01 2.63193369e-01
    9.65875864e-01 6.00481391e-01 6.96537018e-01 1.37012333e-01
    6.66316509e-01 4.88571703e-01 3.29120159e-02 4.73204017e-01
    3.85057300e-01 4.75905836e-01 7.43824959e-01 7.65691042e-01
    9.21358347e-01 4.00766432e-01 5.62484145e-01 3.48215103e-01
    4.89800990e-01 5.67206442e-02 9.97133791e-01 3.99955928e-01
    5.79515100e-03 3.79207790e-01 5.03388941e-02 5.93249798e-01
    2.80273110e-01 4.03131962e-01 4.57408190e-01 4.65454757e-01
    3.24306488e-02 6.11383617e-01 6.64619386e-01 7.74120390e-02
    5.61331868e-01 1.53750122e-01 2.91805923e-01 8.40515494e-01
    7.77218521e-01 6.59488082e-01 5.37018657e-01 2.14080393e-01
    2.73087084e-01 8.00989568e-01 5.76947331e-01 8.47109556e-01
    6.24085844e-01 7.50928819e-01 5.17565310e-01 6.36281908e-01
    9.46497142e-01 5.98711610e-01 2.40153074e-03 6.96667910e-01
    6.88554704e-01 1.17285281e-01 3.83109629e-01 4.49453026e-01
    2.95908153e-02 3.98691505e-01 4.68651742e-01 7.60390878e-01
    8.83454561e-01 2.38907069e-01 5.89320958e-01 6.76465929e-02
    5.74242413e-01 4.22922969e-01 9.69947457e-01 8.02026510e-01
    1.42468274e-01 6.55254126e-01 6.38500988e-01 8.95427823e-01
    3.58351737e-01 6.87995970e-01 2.84016073e-01 5.21758914e-01
    2.94181287e-01 5.39872646e-02 5.28568983e-01 8.03364217e-02
    8.23938131e-01 2.48993933e-01 2.02551901e-01 6.26661062e-01
    3.19741070e-01 4.30148244e-01 9.42241788e-01 1.37470901e-01
    7.32924461e-01 1.40468448e-01 6.44927621e-01 1.07124478e-01
    3.65151942e-01 1.96423084e-01 7.00093567e-01 3.85404825e-01
    2.37552017e-01 5.71195900e-01 5.20131469e-01 6.89448476e-01
    7.50276208e-01 6.12736106e-01 7.94395804e-03 5.06319225e-01
    8.84035230e-01 1.91060394e-01 6.64975643e-01 9.97040749e-01
    8.44503880e-01 7.95325994e-01 1.64088398e-01 5.86070716e-01
    6.42714620e-01 8.61067891e-01 1.31683111e-01 4.07945901e-01
    3.42225730e-02 3.55744362e-03 3.46058309e-01 8.47292066e-01
    5.34976721e-01 3.73900175e-01 1.43971175e-01 1.72683984e-01
    6.43319964e-01 4.64671940e-01 3.23840022e-01 7.57749319e-01
    8.71998072e-01 8.50883007e-01 7.00808465e-02 1.35165036e-01
    5.87212086e-01 5.14968276e-01 2.64574647e-01 2.94686854e-02
    4.53544825e-01 5.19981265e-01 4.63438451e-01 9.60899532e-01
    2.58040965e-01 6.56803727e-01 5.34249187e-01 3.47590327e-01
    2.80480981e-01 2.61936516e-01 6.20576203e-01 5.26829898e-01
    8.92269254e-01 1.64356261e-01 9.93504941e-01 2.71688282e-01
    6.75287962e-01 7.98484802e-01 9.84606504e-01 1.82141781e-01
    1.79175854e-01 8.19490194e-01 6.74829781e-01 7.17109859e-01
    9.65423465e-01 2.58706510e-01 5.67653298e-01 5.35161138e-01
    3.12958360e-01 2.25143045e-01 3.58506471e-01 9.73250985e-01
    4.21832353e-01 3.79709899e-01 8.81664634e-01 6.86296582e-01
    3.26959163e-01 7.80487537e-01 3.25726777e-01 2.70414531e-01
    4.66007084e-01 7.98661828e-01 4.32746112e-02 9.56938505e-01
    3.50751549e-01 7.00309575e-01 7.05378890e-01 5.68835795e-01
    7.14699149e-01 9.01738346e-01 7.46760190e-01 4.58243251e-01
    8.04818511e-01 5.28115332e-01 1.31521225e-02 4.72636849e-01
    5.82332492e-01 7.22231030e-01 8.50154161e-01 4.89878535e-01
    4.03639793e-01 1.95080101e-01 6.45759702e-01 1.80987567e-01
    9.21190500e-01 3.84370387e-02 4.49356765e-01 9.33798850e-01
    1.59577787e-01 2.43482947e-01 7.05653429e-01 7.45731235e-01
    2.28962451e-01 6.32841527e-01 3.29274833e-01 1.55310869e-01
    8.66720676e-02 8.72788310e-01 5.56432009e-01 8.36384296e-03
    4.34362650e-01 4.64588642e-01 3.20369005e-02 6.89874887e-01
    2.22270489e-01 7.13506579e-01 8.19283545e-01 8.09798717e-01
    9.29118812e-01 9.70855117e-01 7.25127101e-01 2.48012155e-01
    9.54078078e-01 9.31739926e-01 6.28665090e-01 4.88883406e-01
    8.14952910e-01 1.50646448e-01 2.25672692e-01 6.63105011e-01
    3.15474540e-01 9.91523266e-01 3.30877841e-01 2.26361603e-01
    1.39934242e-01 5.11674464e-01 5.07511735e-01 9.34527755e-01
    4.21368748e-01 1.97519511e-01 1.14849806e-01 2.82166541e-01
    1.19651258e-01 7.86619782e-01 2.50444025e-01 5.37922621e-01
    2.52907574e-02 5.81309259e-01 1.66781753e-01 9.35759544e-01
    3.32775295e-01 8.82353425e-01 6.56937361e-01 8.14412296e-01
    7.79498339e-01 2.44239926e-01 4.06174660e-02 3.91683280e-02
    2.80418634e-01 4.24305171e-01 2.47171432e-01 1.33752584e-01
    6.56397343e-01 3.00959587e-01 8.56925964e-01 6.40998065e-01
    5.58276415e-01 4.26732153e-01 7.06938863e-01 3.77119482e-01
    6.40652001e-01 6.80262983e-01 2.42248386e-01 3.89881253e-01
    4.49352026e-01 2.56226987e-01 6.80180490e-02 6.29548192e-01
    3.15906644e-01 5.14939487e-01 3.51060033e-01 3.25235367e-01
    2.94486642e-01 7.69619226e-01 6.41981661e-01 6.01511300e-01
    1.13390744e-01 9.45633948e-01 9.42756534e-01 2.52655029e-01
    5.92879593e-01 3.01193267e-01 1.36257440e-01 1.22450352e-01
    7.26108789e-01 9.62949038e-01 3.82574797e-01 6.01662576e-01
    1.91727370e-01 7.56946802e-01 7.16073155e-01 4.19590950e-01
    2.81349510e-01 6.41299725e-01 9.73606110e-03 9.01709497e-02
    7.86420584e-01 4.50175285e-01 9.84509706e-01 4.30419207e-01
    5.02551377e-01 3.13181281e-01 2.05143601e-01 3.17249298e-01
    5.94292760e-01 9.53776717e-01 2.52354980e-01 7.65154481e-01
    1.67748332e-01 1.58376634e-01 9.77953672e-02 5.09517372e-01
    1.59066617e-01 1.90831125e-01 9.74753499e-01 7.59415746e-01
    5.89269996e-01 5.38470149e-02 8.37510586e-01 5.46771348e-01
    5.89872479e-01 3.93038541e-01 3.05050343e-01 1.93293899e-01
    2.04066455e-01 1.23989582e-01 9.71457720e-01 3.84004772e-01
    9.61890221e-01 9.25315499e-01 3.90226990e-01 4.35856372e-01
    8.16675603e-01 1.94924861e-01 2.49333769e-01 7.06645608e-01
    5.96319020e-01 5.52142262e-02 1.33846998e-01 1.02482110e-01
    9.08504426e-02 6.02587223e-01 2.13985562e-01 8.22463632e-01
    1.85504973e-01 1.92056626e-01 2.13405252e-01 5.59382081e-01
    6.00353479e-01 2.75874138e-01 1.51496798e-01 5.83795428e-01
    1.72195822e-01 9.13274884e-01 1.40953183e-01 4.68539536e-01
    3.34211051e-01 2.23567456e-01 7.66148746e-01 7.75509775e-02
    2.52257526e-01 1.72859818e-01 3.33723396e-01 6.11052990e-01
    4.59754556e-01 3.07468593e-01 2.27720141e-02 4.32570904e-01
    4.46437001e-02 1.45233065e-01 9.88317490e-01 8.88107538e-01
    2.50412047e-01 6.94856644e-02 7.00479984e-01 9.02951360e-02
    9.82635915e-02 5.96493304e-01 4.59575653e-03 7.43849874e-01
    6.58786774e-01 9.70645547e-01 8.86591733e-01 8.74569774e-01
    4.71468806e-01 1.38099700e-01 5.96977890e-01 6.78591907e-01
    6.80844069e-01 2.36413151e-01 5.64100623e-01 6.00250423e-01
    9.56812501e-01 9.12363827e-02 6.88817501e-02 5.55375814e-02
    5.16597748e-01 4.11507905e-01 5.85758090e-01 1.49008036e-02
    7.64366984e-01 2.20617652e-01 7.60596693e-01 5.30027986e-01
    9.09115493e-01 1.99699134e-01 3.69622409e-01 6.43537939e-02
    9.64052975e-02 8.08942854e-01 4.47802216e-01 5.33123434e-01
    5.04783869e-01 2.47474700e-01 4.50488925e-01 3.01322341e-01
    4.92232233e-01 8.44093561e-01 7.95220852e-01 2.58045197e-02
    7.26707458e-01 5.44367731e-02 7.16426909e-01 1.86987638e-01
    4.76747364e-01 2.42004812e-01 8.69641900e-01 4.33592319e-01
    7.01696575e-02 4.18980539e-01 1.45194679e-01 1.97883755e-01
    8.34541321e-02 6.10835075e-01 3.85482311e-02 9.96901989e-01
    8.12685251e-01 2.08179563e-01 1.54881775e-02 2.69279838e-01
    1.15078390e-01 3.79301906e-02 9.17231679e-01 7.40271688e-01
    9.90681708e-01 4.58812416e-02 6.14167631e-01 4.77979332e-01
    5.85658848e-01 7.82800913e-01 6.80436790e-01 7.58899629e-01
    7.78131783e-02 3.38342905e-01 4.62876946e-01 2.22845733e-01
    9.18935120e-01 4.65513498e-01 6.15806580e-01 1.87810183e-01
    1.74289703e-01 1.90563470e-01 2.78987885e-02 1.87346935e-02
    3.14548612e-03 2.82528758e-01 5.24344444e-01 8.37724388e-01
    1.32917762e-02 1.23285323e-01 6.35277271e-01 8.77620995e-01
    1.62276000e-01 2.59146273e-01 4.06288266e-01 5.93488395e-01
    9.39536870e-01 8.23740065e-01 4.10000533e-01 4.70815986e-01
    3.68244410e-01 8.28252196e-01 5.89575887e-01 9.51752067e-01
    1.19101226e-01 2.06193388e-01 4.65189427e-01 7.88631678e-01
    1.82312816e-01 9.16212976e-01 4.60152954e-01 9.87321973e-01
    5.87394536e-02 1.61284715e-01 9.99776721e-01 4.91256922e-01
    3.55011761e-01 1.15178972e-01 6.81901217e-01 2.43360251e-01
    7.27312684e-01 6.27259672e-01 7.08986044e-01 8.09738815e-01
    8.31095576e-01 8.22232962e-01 5.20421803e-01 8.38315964e-01
    9.12068367e-01 5.83476007e-01 1.12513572e-01 4.11718100e-01
    7.06637800e-02 1.96355700e-01 4.05592859e-01 9.70392704e-01
    9.96635199e-01 8.59773576e-01 4.90783393e-01 4.55373168e-01
    6.06516004e-03 5.24929762e-02 5.32349944e-03 4.10391182e-01
    1.18073732e-01 7.35357881e-01 5.26511371e-02 9.15341318e-01
    3.58056962e-01 6.00905299e-01 1.96110725e-01 6.29431129e-01
    9.92552757e-01 8.12724948e-01 1.80211067e-02 9.52357531e-01
    9.15126443e-01 1.32093459e-01 9.15060222e-01 1.25752896e-01
    4.11227614e-01 4.51387256e-01 9.95433748e-01 1.68531269e-01
    3.39802265e-01 7.58757591e-01 5.52777827e-01 4.35703218e-01
    1.47019714e-01 8.54687095e-02 2.41299391e-01 9.02405262e-01
    4.09223318e-01 7.51396537e-01 1.17971867e-01 4.56243217e-01
    3.58193606e-01 8.21713388e-01 4.49759573e-01 1.30183578e-01
    3.65673900e-02 2.50437856e-02 7.47611582e-01 1.53168291e-01
    2.63919950e-01 2.56218344e-01 4.39723194e-01 1.17467076e-01
    7.32640028e-01 7.93769836e-01 8.30756962e-01 8.00209045e-01
    3.61967385e-02 8.82063508e-01 3.84849459e-01 6.55563653e-01
    3.56359899e-01 6.00295603e-01 1.86392367e-02 6.85076714e-01
    9.75880384e-01 3.72678727e-01 4.15614247e-02 3.77744436e-04
    1.00503325e-01 7.03424215e-04 3.13457787e-01 3.57931048e-01
    1.64404839e-01 3.65579456e-01 7.74629593e-01 5.63402712e-01
    6.70332611e-02 1.79867566e-01 3.16249430e-01 2.38069326e-01
    8.59976709e-01 7.74383545e-02 9.48570251e-01 3.98128003e-01
    8.36230338e-01 5.78233123e-01 6.40240133e-01 4.67691720e-02
    6.93437576e-01 1.93607211e-02 8.18194747e-01 7.45083809e-01
    1.51774228e-01 3.22542489e-02 9.13981199e-01 1.17420197e-01
    6.61874175e-01 9.25686598e-01 1.72340274e-01 4.66194272e-01
    7.92146266e-01 6.03793383e-01 6.42790318e-01 5.77487588e-01
    8.94933820e-01 8.10773075e-01 1.19006634e-01 1.79632246e-01
    7.91291833e-01 5.78279853e-01 5.70881128e-01 4.63365644e-01
    2.88914531e-01 9.78599429e-01 4.13556665e-01 1.69247150e-01
    3.01881433e-01 2.06996083e-01 1.08231068e-01 2.75108427e-01
    1.19239479e-01 6.88062668e-01 3.34749341e-01 8.59052300e-01
    9.93923247e-02 9.33050990e-01 7.59978592e-01 4.37592238e-01
    9.63347971e-01 1.37130171e-01 9.85156000e-01 1.17478162e-01
    7.70989060e-01 2.29158133e-01 4.54925597e-01 8.11368227e-04
    5.55601180e-01 4.95677143e-01 2.44005293e-01 4.01552588e-01
    4.49082136e-01 3.86138916e-01 7.09426403e-02 3.77402246e-01
    1.49071008e-01 1.10913634e-01 5.63983321e-01 2.20925093e-01
    8.95729065e-01 4.08817947e-01 7.24317729e-01 4.75159556e-01
    7.84086585e-01 5.69160461e-01 7.41543353e-01 9.24568176e-02
    8.16079617e-01 2.42900133e-01 7.15825140e-01 3.65637362e-01
    7.07497597e-01 4.76977229e-03 2.20051736e-01 5.62610030e-01
    5.70239007e-01 1.49280339e-01 2.50613272e-01 2.37999856e-02
    5.74019432e-01 3.33823740e-01 2.37369031e-01 6.84314668e-02
    3.60696614e-01 2.74407208e-01 5.04947960e-01 8.64376724e-01
    8.05954635e-02 8.78701746e-01 1.98305845e-01 2.62840390e-02
    7.05194533e-01 8.61749530e-01 6.82868481e-01 9.49299455e-01
    2.47616947e-01 5.76812088e-01 7.98989952e-01 8.84955645e-01
    2.27675438e-01 1.46973997e-01 1.81375474e-01 4.56952929e-01
    6.52009249e-01 3.63393992e-01 3.21516246e-01 8.94385338e-01
    9.56251144e-01 3.41376603e-01 2.74018347e-02 2.75386333e-01
    8.33459139e-01 9.22906637e-01 8.89689863e-01 4.75146413e-01
    5.58867514e-01 8.55868578e-01 3.78996074e-01 7.83341527e-02
    5.85109770e-01 6.40674353e-01 4.60604101e-01 4.49107856e-01
    8.31371009e-01 5.00834882e-02 1.66907012e-01 3.39165866e-01
    1.09909445e-01 7.08178818e-01 1.19136781e-01 8.48055243e-01
    1.76499486e-02 2.40674198e-01 9.20129716e-01 2.25131899e-01
    4.02899981e-01 4.21912730e-01 3.87481153e-01 7.41442144e-02
    4.88239527e-02 2.89399862e-01 3.67605358e-01 2.26226836e-01
    8.85143518e-01 2.75860161e-01 7.27023721e-01 2.89727449e-02
    4.61938471e-01 5.03783107e-01 7.68596768e-01 3.05547982e-01
    7.50108242e-01 6.70695484e-01 9.71337974e-01 3.86933029e-01
    1.44466519e-01 8.80902112e-02 3.30448151e-02 8.24933946e-02
    2.47308433e-01 8.90688062e-01 7.04641402e-01 8.02088499e-01
    3.02845001e-01 5.09704411e-01 8.57765913e-01 9.19368565e-02
    2.81306684e-01 5.09580314e-01 5.67606091e-01 7.66152978e-01
    3.26237977e-01 8.41043890e-02 9.52065825e-01 7.75877237e-01
    9.10435438e-01 3.20307493e-01 4.83343124e-01 2.07030088e-01
    1.80772901e-01 2.33657271e-01 6.03977978e-01 7.21146762e-01
    9.90696907e-01 8.04282725e-02 5.88394284e-01 7.91898668e-01
    7.78922677e-01 2.80943096e-01 3.62177432e-01 8.57799411e-01
    5.28831005e-01 7.53193736e-01 5.04089773e-01 1.62283152e-01
    7.60936558e-01 1.04997545e-01 4.87125486e-01 4.83232528e-01
    8.98634791e-02 1.56389177e-01 9.49246883e-02 6.29087031e-01
    5.03247559e-01 6.52301013e-01 9.46732163e-01 9.21962798e-01
    4.81060565e-01 5.77925265e-01 5.09027541e-01 6.85913742e-01
    7.52994120e-01 1.81114644e-01 7.39272177e-01 8.56068015e-01
    7.40665615e-01 5.62567770e-01 2.46614128e-01 2.83193529e-01
    5.63654602e-02 8.32261443e-01 7.01725185e-01 5.77606320e-01
    9.70532656e-01 9.61855769e-01 3.82418156e-01 7.57802725e-02
    8.52787137e-01 9.85399365e-01 6.60073042e-01 9.47348297e-01
    8.55848789e-02 5.38237393e-01 2.27659315e-01 2.86518276e-01
    9.86083984e-01 8.02772760e-01 1.95429027e-02 4.55585122e-01
    3.64797711e-01 9.88402486e-01 7.90025115e-01 8.37858319e-01
    7.89364219e-01 3.20216417e-02 2.54550517e-01 3.39675754e-01
    8.77339959e-01 2.37849593e-01 4.86569077e-01 2.49985099e-01
    9.03369665e-01 4.53351140e-01 3.20838660e-01 5.42809427e-01
    8.15025210e-01 9.75061595e-01 9.34621036e-01 6.16122961e-01
    8.98253798e-01 6.88451767e-01 6.37191832e-02 7.60492921e-01
    5.70847690e-01 9.50647891e-02 4.20811683e-01 7.23709404e-01
    5.21353781e-01 9.91199017e-01 9.85863805e-02 7.38203049e-01
    6.35171413e-01 6.33977652e-01 6.59228206e-01 6.58098459e-01
    5.17490089e-01 1.59643799e-01 7.60121107e-01 4.05580819e-01
    1.05202734e-01 4.32446390e-01 6.08362854e-02 6.34460092e-01
    2.45161027e-01 7.47172832e-01 8.72269809e-01 9.49587822e-02
    6.22222185e-01 6.42938614e-01 5.41658759e-01 4.80899781e-01
    5.06721258e-01 4.24856544e-02 3.41552436e-01 5.47010839e-01
    5.29442012e-01 1.05234593e-01 7.15714395e-01 9.70134020e-01
    2.39573836e-01 3.83862644e-01 2.00853676e-01 4.84613419e-01
    4.13629562e-01 8.64670575e-02 8.79679680e-01 4.72975731e-01
    4.55202907e-01 5.22178531e-01 8.07118535e-01 8.65717411e-01
    3.86722356e-01 3.68151844e-01 6.68431163e-01 1.81135625e-01
    7.23369718e-01 1.88901454e-01 7.37150908e-01 6.70117140e-01
    5.68917572e-01 7.61919260e-01 6.42599583e-01 4.52159673e-01
    4.48030919e-01 5.50227761e-01 5.13333321e-01 4.86389697e-01
    5.01394689e-01 2.27691412e-01 6.76913917e-01 1.10458821e-01
    9.39462543e-01 7.17083335e-01 4.92742181e-01 5.70986629e-01
    4.23886210e-01 3.55227530e-01 8.32732201e-01 7.56588578e-01
    5.64930618e-01 6.69380903e-01 4.66039479e-02 7.55741656e-01
    1.59685224e-01 1.65454119e-01 3.13989341e-01 4.47469175e-01
    5.59074342e-01 2.94146359e-01 3.56388181e-01 4.32108939e-02
    4.72284496e-01 1.36985898e-01 8.47364187e-01 3.56868148e-01
    5.32687306e-02 3.49432558e-01 8.15303802e-01 9.35060382e-01
    8.89183700e-01 8.24891567e-01 7.54672050e-01 4.34645921e-01
    2.63341159e-01 1.31533146e-01 2.79519916e-01 5.79099357e-01
    2.11586654e-01 6.53925598e-01 2.96016455e-01 4.20245260e-01
    9.89147842e-01 5.67854583e-01 7.35892832e-01 8.67852986e-01
    1.83952361e-01 8.01606119e-01 4.87247407e-02 4.92304653e-01
    8.65141809e-01 1.76270247e-01 5.38412273e-01 8.79417539e-01
    1.02018028e-01 5.30926883e-02 7.39131212e-01 9.03247833e-01
    7.57225513e-01 5.70929885e-01 2.02694803e-01 8.44967127e-01
    7.15663433e-01 2.59767979e-01 7.99832344e-01 8.58703792e-01
    5.58552682e-01 1.98018372e-01 1.24737501e-01 3.69621426e-01
    2.08340377e-01 2.61982411e-01 6.00120485e-01 3.12315226e-01
    9.35381770e-01 4.86736774e-01 3.50318968e-01 8.54957342e-01
    9.44789886e-01 5.37916601e-01 5.72716296e-01 8.07721972e-01
    9.33647454e-02 7.65831411e-01 3.08107197e-01 2.48700202e-01
    7.46662974e-01 7.70637214e-01 6.83419585e-01 9.16306853e-01
    7.26491809e-02 5.24211168e-01 1.40910149e-01 7.44431257e-01
    8.05592835e-02 9.79645967e-01 1.67636096e-01 6.49880171e-02
    4.49661970e-01 5.47562063e-01 8.20786774e-01 6.70085192e-01
    6.01315975e-01 7.35830009e-01 9.52278256e-01 4.47339207e-01
    6.40802383e-01 2.90555060e-02 4.20086026e-01 4.02888954e-02
    4.57188189e-02 9.09124851e-01 8.45630407e-01 1.93059146e-02
    5.14178872e-02 6.04662895e-01 1.99054897e-01 1.40276313e-01
    7.92923450e-01 5.03399730e-01 5.52310407e-01 7.72761583e-01
    1.09002978e-01 7.66301632e-01 1.95660889e-01 2.94832408e-01
    5.96072376e-02 4.32369262e-01 3.72197330e-01 5.82253933e-01
    6.43545628e-01 6.58302188e-01 8.19395900e-01 9.12247300e-01
    5.98685205e-01 7.94996321e-01 1.81719214e-01 9.63961244e-01
    4.70226705e-01 4.75742698e-01 8.59745502e-01 1.80693477e-01
    1.73248053e-01 1.30789816e-01 2.18437999e-01 2.72225767e-01
    2.15614289e-01 4.30941522e-01 5.80492139e-01 6.26188338e-01
    2.67727077e-02 3.53700519e-01 6.30053699e-01 9.86233354e-01
    9.97343719e-01 4.87142414e-01 2.13456631e-01 7.37925887e-01
    2.33392060e-01 3.67399752e-01 3.62747908e-01 1.31494790e-01
    5.54924607e-01 3.59256625e-01 1.29667759e-01 9.00879264e-01
    7.25619972e-01 5.05825102e-01 6.33984149e-01 5.18733263e-01
    2.83628523e-01 5.53266644e-01 9.76298392e-01 5.12784243e-01
    9.02043879e-01 3.19106698e-01 3.77639085e-01 4.89647537e-01
    8.68530571e-01 7.46698737e-01 2.94731438e-01 1.82763875e-01
    8.24457407e-01 8.41503561e-01 6.01672888e-01 9.55606699e-01
    5.28007150e-01 6.65512025e-01 2.79947698e-01 3.98676693e-01
    5.47657847e-01 4.27592486e-01 1.42198771e-01 1.69595689e-01
    6.68521762e-01 1.83693171e-02 2.59500146e-01 9.02411580e-01
    2.48372376e-01 8.89332652e-01 3.47100168e-01 2.32724845e-01
    3.58315855e-01 3.51233184e-01 2.53134042e-01 6.24702513e-01
    8.04404259e-01 2.61649340e-01 8.63743067e-01 7.30802715e-02
    6.11271203e-01 5.07088840e-01 6.03645086e-01 2.05413908e-01
    4.58491504e-01 4.65037048e-01 8.47493291e-01 8.67546201e-01
    4.10495669e-01 7.63429224e-01 1.86714113e-01 7.15375006e-01
    7.61174023e-01 4.93869513e-01 2.37363398e-01 7.64395714e-01
    4.18543607e-01 3.85464013e-01 9.26440120e-01 6.83885813e-02
    1.20725602e-01 7.77290583e-01 7.02980757e-02 4.90383208e-01
    6.03173137e-01 6.79367900e-01 3.77705127e-01 5.49362898e-01
    7.61650681e-01 3.73240560e-01 4.54734504e-01 9.85230505e-01
    8.40156078e-01 6.05681360e-01 6.06264472e-01 4.86962587e-01
    4.44640458e-01 1.63538277e-01 7.94272959e-01 1.30043983e-01
    7.81977296e-01 5.92937946e-01 7.63502657e-01 4.43900406e-01
    7.95991719e-02 2.07523286e-01 8.69760990e-01 2.95238495e-01
    9.32165980e-03 8.57102990e-01 2.02522308e-01 8.61185789e-03
    9.19857025e-01 5.37816286e-01 7.04910040e-01 9.65250254e-01
    1.02524281e-01 3.50802958e-01 7.64831305e-01 8.73558879e-01
    3.04944575e-01 6.77258730e-01 2.14036971e-01 8.18886399e-01
    5.90123534e-01 1.45739377e-01 4.34270233e-01 4.90296781e-02
    9.44333076e-01 1.71831787e-01 1.05076313e-01 6.41966403e-01
    3.56906086e-01 5.46836019e-01 9.85186398e-01 9.13773060e-01
    3.16775978e-01 8.97677064e-01 5.83775938e-02 2.30001897e-01
    7.36660361e-01 4.22325730e-02 3.85256052e-01 9.68622386e-01
    7.11735904e-01 1.56287044e-01 2.76777238e-01 6.09682858e-01
    3.18170696e-01 7.09082127e-01 4.37903672e-01 8.61252666e-01
    8.65138769e-02 5.03284812e-01 6.08720660e-01 5.71313560e-01
    7.72726595e-01 7.85986781e-01 5.04705489e-01 4.66855437e-01
    4.59886312e-01 2.25202501e-01 6.43153489e-02 4.33520257e-01
    6.91228569e-01 9.65978861e-01 6.29998922e-01 8.95684361e-02
    1.09038264e-01 1.99409306e-01 6.75859213e-01 1.66063160e-01
    9.02642012e-01 6.36151671e-01 6.66455090e-01 9.90591884e-01
    8.98856401e-01 6.41284466e-01 6.62508309e-02 2.78110713e-01
    7.58311629e-01 1.54859990e-01 4.36387777e-01 9.28147435e-01
    3.60335737e-01 6.50710225e-01 4.49591249e-01 6.97651625e-01
    9.28342342e-01 9.21872735e-01 1.51762664e-01 7.75317669e-01
    7.31873214e-02 8.29030752e-01 9.62307155e-02 4.16366160e-02
    4.78306830e-01 8.27727318e-01 1.61835134e-01 2.22586870e-01
    9.14580286e-01 7.08962262e-01 5.40246367e-01 6.90654337e-01
    6.75515294e-01 8.99208069e-01 9.07564282e-01 8.48431110e-01
    2.37680346e-01 5.97549438e-01 5.16758561e-01 6.61532581e-02
    9.85678732e-02 6.85279667e-01 3.91228557e-01 4.99359846e-01
    2.39652663e-01 5.38053513e-02 3.61375839e-01 5.70738614e-01
    2.26884663e-01 4.72842127e-01 4.50247735e-01 6.76549971e-01
    6.93282306e-01 3.46588016e-01 3.76476377e-01 6.07352853e-01
    3.81970227e-01 7.22081959e-02 7.97217846e-01 3.99477303e-01
    3.61022502e-01 2.24834412e-01 5.48862696e-01 2.54284441e-01
    8.66074979e-01 4.78423148e-01 4.65565145e-01 2.54480869e-01
    1.32862955e-01 6.51779175e-02 1.03667259e-01 9.65766013e-02
    6.75718129e-01 2.57934749e-01 8.44712973e-01 9.47365105e-01
    2.40647793e-01 4.31777537e-02 8.75388086e-01 3.27675462e-01
    4.97971594e-01 9.06593680e-01 1.59251720e-01 7.23749161e-01
    3.32049966e-01 4.50131118e-01 9.48155463e-01 4.04697716e-01
    6.52568698e-01 3.07735205e-02 9.69742537e-01 7.58195519e-01
    4.92408842e-01 9.40646112e-01 6.85760260e-01 9.80427027e-01
    5.57025909e-01 1.55106127e-01 2.68992096e-01 8.47313643e-01
    2.42652535e-01 1.34518236e-01 1.09526366e-01 9.09680784e-01
    9.86582160e-01 6.76724017e-01 5.52319169e-01 5.17792583e-01
    1.11187786e-01 4.16519523e-01 8.84088337e-01 4.42784995e-01
    7.91745007e-01 2.80501693e-01 6.74801111e-01 3.97279173e-01
    5.79842508e-01 7.07428098e-01 2.19086111e-02 5.92255235e-01
    8.29710364e-02 6.38870001e-01 7.19733834e-01 1.83412462e-01
    6.09258711e-01 9.98816729e-01 3.33858550e-01 4.92864847e-01
    4.68895018e-01 8.15443158e-01 7.11724997e-01 5.16344428e-01
    7.87951350e-01 3.13768566e-01 6.51111305e-01 9.01645064e-01
    4.60545868e-01 7.61840940e-01 9.43657398e-01 9.24983621e-01
    2.24237859e-01 9.73060071e-01 9.07423913e-01 4.18010682e-01
    2.64199317e-01 2.81782806e-01 7.57743299e-01 5.18281460e-01
    7.72647262e-01 1.11785173e-01 2.84429848e-01 5.64795256e-01
    9.88151550e-01 2.19683349e-02 1.17403299e-01 7.24000692e-01
    5.77434540e-01 2.41203666e-01 9.06926274e-01 6.97384596e-01
    8.27698827e-01 5.34580112e-01 5.14235497e-01 4.01012689e-01
    3.59587401e-01 6.48442507e-02 3.54059935e-01 6.96638942e-01
    9.09536839e-01 1.68634325e-01 1.85131967e-01 7.77672827e-02
    9.45097685e-01 3.24791104e-01 6.18797183e-01 6.85749471e-01
    4.59485084e-01 2.29060531e-01 2.15198070e-01 4.55120981e-01
    3.31521720e-01 3.38386655e-01 4.81230438e-01 5.35428882e-01
    4.37706500e-01 6.16297901e-01 8.96036208e-01 5.78809440e-01
    2.14611858e-01 7.21235275e-01 5.45419872e-01 1.32037193e-01
    7.87178516e-01 3.75980258e-01 6.70038342e-01 7.59780765e-01
    9.57034647e-01 7.39873052e-01 3.17139477e-01 1.42941326e-01
    6.34975433e-01 8.13821375e-01 1.22362435e-01 7.41869986e-01
    3.23091924e-01 6.47454262e-02 6.21808767e-02 2.08301902e-01
    6.49653852e-01 6.67571068e-01 6.05967462e-01 4.87833679e-01
    7.90047646e-03 3.95986348e-01 6.23683810e-01 1.24450415e-01
    7.97397137e-01 6.10604882e-01 2.64505237e-01 8.75070930e-01
    7.34115481e-01 4.98833597e-01 3.45442951e-01 5.08808911e-01
    1.84890181e-01 4.21386451e-01 8.28896880e-01 4.61206228e-01
    9.97564256e-01 1.45336479e-01 8.72394264e-01 9.35143948e-01
    9.10353780e-01 3.71068299e-01 4.25966471e-01 7.02491879e-01
    4.89020556e-01 5.95956206e-01 4.87714529e-01 6.54799938e-02
    8.56167436e-01 2.37096965e-01 2.92576313e-01 4.58456159e-01
    2.33107209e-02 3.42489779e-01 3.64114463e-01 4.60538030e-01
    1.43137276e-02 2.50833184e-01 5.53242207e-01 7.87182212e-01
    7.47044683e-02 8.59866023e-01 5.11610448e-01 8.55952740e-01
    3.72670114e-01 3.58995229e-01 3.85516912e-01 5.56201279e-01
    6.94298625e-01 1.11879110e-01 9.78970766e-01 6.67404115e-01
    2.17436552e-02 1.86236084e-01 4.77534056e-01 2.56089747e-01
    1.05375439e-01 3.89093220e-01 4.31209683e-01 3.27112794e-01
    7.05310702e-01 6.08906150e-03 6.77304983e-01 4.29078937e-01
    9.21438336e-01 7.24273801e-01 1.54953361e-01 5.79388142e-01
    3.73459876e-01 8.86222482e-01 2.58900672e-01 3.67523789e-01
    4.11824107e-01 2.27138549e-01 3.86437476e-01 1.94829106e-02
    6.26147449e-01 2.61016488e-01 1.08549654e-01 7.45754302e-01
    7.74554849e-01 6.48752451e-01 2.02916086e-01 5.17263472e-01
    8.43646526e-01 7.21014440e-01 7.51394510e-01 3.64477932e-01
    6.63966596e-01 3.40939045e-01 3.51128370e-01 5.82691610e-01
    6.64582253e-01 9.39101994e-01 6.69675767e-01 1.29515201e-01
    8.52666974e-01 5.37459314e-01 7.36283779e-01 2.09122866e-01
    4.16463673e-01 7.60556996e-01 7.55138040e-01 5.65833688e-01
    3.70407641e-01 4.89691824e-01 7.09541142e-01 6.55676544e-01
    9.99086261e-01 7.46367574e-01 8.53947520e-01 6.17487907e-01
    2.44290084e-01 8.80366445e-01 4.75884467e-01 6.09168351e-01
    3.30986679e-02 9.04534578e-01 2.54130244e-01 2.64588058e-01
    5.47544718e-01 1.64313197e-01 7.04066038e-01 4.50828791e-01
    6.17218852e-01 6.80704832e-01 8.01980436e-01 6.70650601e-01
    6.32326305e-01 7.64423490e-01 7.60833263e-01 8.30423713e-01
    8.32863152e-01 6.61082685e-01 3.12396049e-01 3.22872818e-01
    5.45941234e-01 8.78820240e-01 2.51625896e-01 3.53250921e-01
    5.60185552e-01 1.15793943e-01 2.71219313e-01 9.09209430e-01
    8.42379510e-01 8.51170301e-01 1.70195848e-01 5.50325751e-01
    7.35110164e-01 8.20585966e-01 9.74318564e-01 2.26243734e-02
    4.27947044e-01 9.06217933e-01 7.25167990e-02 1.30891740e-01
    5.25249302e-01 1.90665662e-01 7.05248117e-01 9.19510126e-01
    3.04535151e-01 2.26801604e-01 5.41241050e-01 7.37291396e-01
    4.03376937e-01 4.04915810e-01 1.10858798e-01 4.70421284e-01
    1.54521763e-02 5.14603019e-01 4.50801343e-01 3.80455792e-01
    6.82568789e-01 5.57097077e-01 6.29064262e-01 5.18408775e-01
    5.30069232e-01 1.09750152e-01 4.92335260e-02 1.94358796e-01
    8.19071531e-01 6.08461618e-01 9.39104080e-01 1.02190375e-02
    9.31973815e-01 9.22935247e-01 5.06501257e-01 8.95651340e-01
    5.66607833e-01 8.88498068e-01 7.83146381e-01 9.75364923e-01
    5.22217751e-02 3.73624682e-01 7.32209921e-01 1.14090562e-01
    2.32565194e-01 7.69710898e-01 6.15027666e-01 8.39659929e-01
    3.98269624e-01 1.61816776e-01 7.55784392e-01 2.86691010e-01
    9.06661749e-01 5.10600209e-01 1.55914962e-01 5.57141721e-01
    1.21572375e-01 1.56693935e-01 6.15725696e-01 7.36989498e-01
    1.42469347e-01 8.98329794e-01 7.76063085e-01 5.30556858e-01
    4.70739901e-01 9.33553815e-01 7.61489987e-01 5.95816791e-01
    9.08748388e-01 5.08774936e-01 5.04122436e-01 1.84821367e-01
    6.48424685e-01 7.75448203e-01 1.14516318e-01 4.61189836e-01
    4.55045938e-01 4.13456142e-01 4.08883572e-01 8.98664236e-01
    1.04948014e-01 8.91906142e-01 3.79418224e-01 1.68461740e-01
    2.77313203e-01 7.81848848e-01 1.18098199e-01 9.50720549e-01
    9.75085974e-01 8.48106623e-01 5.21414757e-01 5.33508480e-01
    4.56865728e-02 1.59240872e-01 6.73394918e-01 8.78184080e-01
    1.71940774e-01 5.74631572e-01 9.59193110e-01 2.00101554e-01
    2.14628816e-01 6.76477432e-01 9.45186734e-01 9.97352004e-02
    7.58489013e-01 6.73236609e-01 4.51091230e-01 1.54046863e-01
    3.89773250e-02 6.96701050e-01 9.98039901e-01 6.87292457e-01
    7.86310554e-01 1.99387342e-01 1.19806767e-01 7.09039688e-01
    7.73788869e-01 5.54220319e-01 3.69997144e-01 8.26680541e-01
    1.05585605e-01 3.30626369e-01 9.64830518e-01 7.37847686e-02
    3.05142105e-01 8.87853146e-01 9.61343467e-01 4.67329890e-01
    9.27739382e-01 1.48651600e-02 3.30382466e-01 6.45717323e-01
    9.63569343e-01 6.62637949e-02 3.53199840e-01 3.15667391e-02
    3.83037806e-01 1.53760046e-01 4.95884091e-01 6.59238875e-01
    2.38484144e-01 2.47927487e-01 5.48005879e-01 1.40325487e-01
    7.22935498e-02 7.33045936e-02 1.57985359e-01 3.30198288e-01
    1.70350492e-01 2.44903207e-01 2.51553893e-01 6.60678685e-01
    9.66086626e-01 9.10098553e-01 5.86578369e-01 7.92335629e-01
    6.36058033e-01 4.48284805e-01 8.27205241e-01 8.78302455e-01
    3.36433351e-01 5.32705486e-02 7.30154097e-01 6.90832496e-01
    2.51072526e-01 8.63363266e-01 2.38227844e-02 6.95416451e-01
    1.50878608e-01 3.50070447e-01 8.99436831e-01 4.98812526e-01
    2.80898094e-01 1.79083109e-01 4.31952447e-01 1.08993590e-01
    6.50010586e-01 6.67353690e-01 1.36092037e-01 4.66593146e-01
    3.35752964e-01 5.46168149e-01 5.83982110e-01 6.26371264e-01
    9.55406189e-01 5.80572069e-01 9.95340586e-01 1.64775074e-01
    1.01061434e-01 8.82435977e-01 7.89745569e-01 5.24368048e-01
    4.80370820e-02 3.32422376e-01 9.22894120e-01 9.51205492e-01
    9.91627336e-01 4.70929235e-01 5.64058244e-01 9.28608537e-01
    2.07307637e-02 9.46234822e-01 2.89005816e-01 7.91464150e-02
    4.02745992e-01 3.49319994e-01 5.23939967e-01 9.88303304e-01
    6.28859997e-01 5.12797713e-01 3.43488097e-01 4.63947654e-03
    9.06105161e-01 7.06236184e-01 5.55820167e-01 9.37611818e-01
    4.09102619e-01 1.44553810e-01 1.22073382e-01 6.05131447e-01
    1.45119488e-01 9.33216512e-01 7.92981386e-01 5.54685175e-01
    2.52434790e-01 6.20373785e-01 7.11716413e-01 3.14537287e-02
    4.23763394e-01 5.82770526e-01 3.81628275e-01 8.71122241e-01
    4.83610511e-01 7.09022403e-01 3.81033182e-01 4.51994658e-01
    6.98701024e-01 7.48899817e-01 4.96288240e-02 3.56251359e-01
    8.85143638e-01 4.09293324e-01 5.46690345e-01 7.12427914e-01
    9.87883210e-01 5.40424526e-01 8.06519985e-02 2.28581727e-02
    8.51720750e-01 9.13166881e-01 5.91939926e-01 7.81186461e-01
    1.84220135e-01 8.09661627e-01 5.82941473e-01 4.94542718e-01
    7.28999138e-01 5.16903400e-01 9.01301503e-01 7.37026095e-01
    5.98256826e-01 3.91685247e-01 3.21960717e-01 6.76781714e-01
    2.27373660e-01 3.51443291e-01 9.35666323e-01 6.88315034e-01
    6.45914674e-02 5.47885001e-01 5.78743339e-01 7.97903657e-01
    2.28425771e-01 8.24359536e-01 9.90660131e-01 8.89436901e-01
    7.05371737e-01 7.38147557e-01 9.18008924e-01 6.77910626e-01
    9.27287936e-01 3.67450118e-02 4.49496984e-01 5.44640005e-01
    3.22942674e-01 4.76976514e-01 4.12266314e-01 1.34827405e-01
    5.78764379e-02 5.06566763e-01 2.68834263e-01 1.47053599e-02
    5.89303553e-01 4.91022110e-01 3.36175770e-01 4.69824463e-01
    8.58830512e-02 3.86574686e-01 8.36850882e-01 7.12771773e-01
    8.84671211e-01 5.47561705e-01 9.97919679e-01 3.18050385e-04
    2.02272892e-01 3.46669137e-01 4.94347423e-01 4.33521837e-01
    3.54820490e-03 2.63647527e-01 4.62914139e-01 6.54575586e-01
    2.76877105e-01 4.69142288e-01 7.03682065e-01 3.42124045e-01
    5.38113058e-01 4.56995010e-01 3.83090854e-01 2.69090831e-02
    3.03680897e-01 2.31278449e-01 7.48398781e-01 1.09220028e-01
    7.88501561e-01 1.66071534e-01 6.78571939e-01 1.31629705e-02
    5.31227112e-01 6.52439415e-01 2.46374428e-01 1.72062486e-01
    3.29033494e-01 7.59629846e-01 8.46003056e-01 3.50153655e-01
    3.82125437e-01 2.53686666e-01 2.02304065e-01 2.41844118e-01
    3.02379429e-02 1.70606405e-01 1.06514305e-01 1.42205298e-01
    1.82963997e-01 4.03900325e-01 8.43652725e-01 5.99588275e-01
    4.94149268e-01 7.57666349e-01 9.47745681e-01 3.89830470e-01
    3.86701107e-01 7.56636858e-01 6.60810709e-01 3.28172565e-01
    9.82199311e-01 2.83015668e-01 1.58718377e-01 3.97735864e-01
    4.10335720e-01 3.74059021e-01 3.76867622e-01 6.44038618e-02
    4.25381243e-01 5.06397724e-01 4.74752396e-01 2.43139714e-01
    2.08368808e-01 2.63395905e-03 7.02297330e-01 3.84429842e-01
    3.72562319e-01 8.04674327e-01 3.38537633e-01 1.52381092e-01
    5.06851256e-01 5.58458865e-02 9.50536966e-01 3.78264427e-01
    4.85397488e-01 1.58101469e-01 8.22023630e-01 3.55686843e-02
    6.18479490e-01 2.59095430e-03 9.96760249e-01 7.29609311e-01
    7.05668211e-01 3.49287152e-01 4.15631801e-01 4.63524759e-02
    4.66890931e-02 7.65093863e-01 3.69358361e-02 5.13653457e-01
    8.45967829e-01 2.66958416e-01 8.73750746e-01 1.07468396e-01
    7.82507896e-01 6.61609888e-01 2.53278315e-02 7.11539865e-01
    9.63011920e-01 4.06650513e-01 7.02212393e-01 2.99189210e-01
    2.97721922e-01 8.26095283e-01 4.38274980e-01 7.32019186e-01
    4.76162136e-01 9.65334594e-01 2.43066251e-01 7.22953558e-01
    1.07021540e-01 7.67808557e-01 7.77764797e-01 6.16620541e-01
    5.70040584e-01 2.85445094e-01 4.33611393e-01 1.62547886e-01
    4.29381818e-01 4.16261196e-01 9.81207013e-01 9.37464237e-01
    8.41542780e-02 7.57852852e-01 2.95535326e-02 4.27169442e-01
    4.16286379e-01 1.08302981e-01 2.13452518e-01 2.55533308e-01
    8.79555345e-01 1.51707530e-02 9.05065179e-01 9.61244285e-01
    5.92491627e-01 2.67752707e-02 3.60378444e-01 2.44822294e-01
    4.95118052e-01 5.60136795e-01 6.55943990e-01 8.57021689e-01
    9.10466313e-02 1.46330029e-01 3.50792319e-01 8.20467949e-01
    4.32650834e-01 5.54282665e-01 2.50638664e-01 7.15224385e-01
    7.01454163e-01 9.38110828e-01 2.56172985e-01 7.26684093e-01
    4.70274687e-03 2.92733073e-01 4.33492690e-01 6.08079672e-01
    3.66152495e-01 1.94488674e-01 9.90057528e-01 5.37522614e-01
    3.70410204e-01 8.34703028e-01 9.21033859e-01 5.60178161e-02
    7.20783651e-01 7.44377434e-01 3.00521791e-01 2.53482521e-01
    7.74981380e-02 6.47657871e-01 7.83250391e-01 9.01996732e-01
    3.32177818e-01 6.77738965e-01 1.03477359e-01 3.97874117e-01
    9.19416785e-01 4.39456880e-01 4.29974735e-01 4.92255330e-01
    7.04462707e-01 7.93204963e-01 7.64640391e-01 7.69615173e-01
    8.04514766e-01 7.63273120e-01 5.18693030e-01 3.77285480e-03
    7.50385880e-01 7.58284569e-01 9.30304885e-01 1.66875780e-01
    1.13283068e-01 6.50415957e-01 3.91293615e-01 9.39019918e-01
    4.50621247e-01 6.82561994e-01 8.81360590e-01 7.62676954e-01
    3.20885360e-01 5.66042542e-01 3.47130746e-01 1.52552068e-01
    8.91828597e-01 8.35942149e-01 8.87639523e-01 5.41724086e-01
    9.08865333e-01 1.34129226e-01 7.63088346e-01 2.58255959e-01
    9.08538699e-01 8.91846716e-01 9.00175035e-01 8.03586841e-03
    4.10214752e-01 7.85377145e-01 6.48909807e-01 6.97776675e-03
    5.32453060e-01 7.48779058e-01 1.83527410e-01 1.44269466e-01
    2.48928398e-01 9.07461047e-01 3.62707078e-02 7.20075965e-01
    3.09148371e-01 7.62223482e-01 1.65776342e-01 8.53311419e-02
    9.37304378e-01 2.59352088e-01 9.88384306e-01 7.12012649e-01
    8.06644082e-01 8.14115524e-01 4.93889093e-01 7.48064280e-01
    2.57714242e-01 7.47546315e-01 7.98448682e-01 3.35838795e-01
    9.62212205e-01 6.23667717e-01 4.90416914e-01 7.37102270e-01
    5.69438934e-03 1.90514714e-01 1.70797080e-01 3.78503501e-01
    7.22043455e-01 8.60956967e-01 5.37566602e-01 4.30590451e-01
    4.96772796e-01 2.05594897e-02 7.01495171e-01 1.65128499e-01
    9.00916517e-01 7.21751153e-01 8.71869087e-01 5.74201226e-01
    3.51357758e-01 7.86600709e-02 3.89720798e-02 1.08908743e-01
    3.79302323e-01 7.89905012e-01 3.83094311e-01 1.94682539e-01
    8.52802396e-03 4.95460331e-02 8.34129810e-01 6.35856926e-01
    4.05439556e-01 9.18669462e-01 7.99373269e-01 2.05279320e-01
    7.07692862e-01 5.80513537e-01 4.81913805e-01 4.70312119e-01
    4.02250409e-01 7.70467222e-02 9.19102907e-01 4.26296949e-01
    2.89641440e-01 7.61767745e-01 2.95070887e-01 4.59072858e-01
    5.07118702e-01 6.87172771e-01 4.54597980e-01 6.34337842e-01
    3.63250315e-01 8.16002488e-01 9.86207187e-01 2.08325088e-02
    5.42635202e-01 8.09550881e-02 8.54660332e-01 5.95491588e-01
    1.86197400e-01 9.75558519e-01 3.40691507e-02 9.15970385e-01
    1.99457049e-01 8.81449223e-01 2.43863314e-01 2.53158212e-01
    7.40697622e-01 3.38797957e-01 6.57781124e-01 5.66918492e-01
    9.91214633e-01 5.33419013e-01 1.48365468e-01 3.61553431e-01
    8.87292206e-01 7.74759293e-01 8.04503441e-01 3.32980812e-01
    8.32777500e-01 3.92601490e-02 1.81212336e-01 4.17449743e-01
    3.19360137e-01 8.80973041e-02 5.76116920e-01 7.99969137e-01
    1.46992832e-01 2.84339249e-01 8.74658942e-01 8.54248643e-01
    3.65274251e-02 7.98900723e-01 2.71103203e-01 9.93557692e-01
    7.82817602e-01 7.41823792e-01 9.66415405e-02 8.17229927e-01
    9.56229091e-01 1.68863297e-01 4.04219896e-01 6.11573458e-04
    2.30420858e-01 1.26233637e-01 4.41114277e-01 1.43880576e-01
    1.52194887e-01 3.14314365e-01 1.69582218e-01 3.59224081e-01
    4.13604736e-01 3.83832395e-01 9.20738041e-01 1.76641524e-01
    3.17335427e-01 4.76293296e-01 3.56035411e-01 2.54374355e-01
    9.50251818e-01 9.72731948e-01 6.09350324e-01 6.64173722e-01
    3.65707815e-01 8.70902777e-01 2.98822910e-01 4.65788543e-02
    2.75177777e-01 1.16213948e-01 6.23440921e-01 4.42961067e-01
    5.99331617e-01 7.37578452e-01 6.19726181e-01 5.28916419e-01
    2.78345346e-01 2.65973538e-01 3.87388200e-01 2.96454430e-01
    2.87854284e-01 9.34412122e-01 3.08302820e-01 5.98100722e-01
    3.16841781e-01 8.56598377e-01 2.17188537e-01 7.39316225e-01
    8.30990672e-02 9.41776335e-01 7.67222404e-01 3.37843537e-01
    4.54072267e-01 3.59220117e-01 7.99122453e-01 8.59533906e-01
    2.22769707e-01 5.88188767e-02 1.11908108e-01 4.59825486e-01
    7.74841249e-01 5.69590151e-01 7.88368881e-02 6.79879546e-01
    6.73002541e-01 4.25839961e-01 5.42586923e-01 2.13831812e-01
    3.63194644e-02 1.93969965e-01 5.85166812e-01 6.80478215e-01
    6.52701974e-01 8.89782906e-02 7.16082811e-01 5.83030462e-01
    3.18271071e-01 1.95090085e-01 9.73735750e-02 8.53768468e-01
    1.54549539e-01 5.73656261e-01 8.05558443e-01 7.16253877e-01
    5.99332094e-01 9.51816440e-01 1.48249120e-01 5.62850058e-01
    6.63035989e-01 2.50336766e-01 8.83895278e-01 5.91977239e-01
    8.47029805e-01 3.42548072e-01 5.62808275e-01 6.12812638e-01
    4.17818904e-01 5.21510661e-01 7.52232671e-01 6.56267822e-01
    1.00052565e-01 4.86232579e-01 8.01598728e-02 2.57178485e-01
    3.82834077e-01 9.37634110e-01 5.09162545e-01 2.54322112e-01
    9.81472790e-01 1.24854058e-01 5.93407154e-01 2.89746225e-02
    3.42568517e-01 6.96693778e-01 9.66171741e-01 1.14429295e-02
    9.42289531e-02 6.84959590e-01 8.41347873e-02 6.67301953e-01
    8.50610018e-01 8.37686360e-02 5.79984963e-01 9.64629829e-01
    5.11878967e-01 1.44035757e-01 3.73817831e-01 2.74649113e-01
    9.37902331e-01 9.29429412e-01 8.93416405e-02 7.77312398e-01
    5.73769391e-01 4.53868687e-01 4.38329816e-01 7.45010078e-01
    1.64294422e-01 9.00655031e-01 8.42794776e-02 3.32532853e-01
    8.03663194e-01 4.95377183e-02 1.24858886e-01 6.83126807e-01
    6.89761519e-01 6.02163017e-01 7.74583817e-01 3.92616838e-01
    3.75536770e-01 1.22892559e-02 1.74214035e-01 6.25287652e-01
    7.42379069e-01 3.63208652e-01 4.22945023e-01 5.00273108e-01
    5.87839901e-01 3.80660087e-01 2.99782217e-01 2.25350916e-01
    2.01827407e-01 3.29431593e-01 2.10955203e-01 1.42652988e-02
    4.34761465e-01 8.29075098e-01 2.71273881e-01 9.80409086e-01
    3.50780070e-01 5.64103603e-01 8.47136497e-01 6.77150607e-01
    7.09293485e-02 5.64825058e-01 4.01902765e-01 5.29543340e-01
    1.63504958e-01 7.17523396e-02 1.15902305e-01 9.48196948e-02
    5.25862336e-01 9.22841311e-01 5.05334139e-03 3.17984521e-01
    3.94872069e-01 4.38066840e-01 1.01271898e-01 9.84341860e-01
    7.41641521e-01 2.92351246e-02 8.86080980e-01 4.13070440e-01
    9.67470229e-01 6.25560403e-01 7.02684581e-01 4.00153697e-02
    6.96508467e-01 8.35319042e-01 5.69028616e-01 5.87563813e-02
    1.69067383e-02 7.55175829e-01 1.92984402e-01 2.26322711e-01
    8.36984694e-01 6.43836975e-01 6.21017039e-01 2.45396286e-01
    4.24614668e-01 2.35774994e-01 6.67506754e-01 4.66161758e-01
    8.68694484e-01 5.46732724e-01 9.88393724e-01 9.01631355e-01
    9.83875751e-01 6.00177050e-03 3.29293519e-01 2.01225430e-01
    7.76493251e-02 4.94898170e-01 1.35889053e-02 9.21236038e-01
    3.80080402e-01 6.00213706e-01 3.48561049e-01 4.14967746e-01
    9.02679443e-01 3.16878855e-01 8.29799712e-01 5.91359198e-01
    9.53383505e-01 6.18519485e-01 1.58678710e-01 4.58117843e-01
    5.77192724e-01 6.31721497e-01 6.79778218e-01 2.47079819e-01
    3.26795816e-01 9.76194143e-01 7.44889736e-01 3.80438983e-01
    5.38162887e-01 4.32003647e-01 8.15418959e-01 1.51673704e-01
    1.19672120e-01 8.98525476e-01 4.60031211e-01 3.29878598e-01
    4.65632021e-01 8.61973286e-01 5.66595078e-01 3.80513281e-01
    3.67583454e-01 1.70345515e-01 2.42080241e-01 7.03956068e-01
    3.32352579e-01 6.74768031e-01 7.54258513e-01 9.77847219e-01
    8.41195107e-01 1.24176055e-01 6.48059368e-01 1.20193779e-01
    4.19878781e-01 4.78077233e-01 1.47640407e-01 1.57843828e-02
    3.80625427e-01 8.21324408e-01 8.44433069e-01 9.23137188e-01
    5.20552039e-01 4.38640118e-02 1.28290743e-01 6.66703880e-01
    3.03399324e-01 9.83473718e-01 8.45864415e-01 6.73025131e-01
    6.96939528e-02 1.53202057e-01 4.19835180e-01 8.12347889e-01
    9.93835509e-01 8.16374838e-01 1.39650822e-01 7.82104075e-01
    4.60373163e-02 6.45714700e-01 3.08691800e-01 9.66388285e-02
    2.83270240e-01 6.03766441e-02 2.65801579e-01 9.56824005e-01
    7.14850426e-02 5.61960101e-01 5.07998347e-01 9.15426910e-01
    5.13096035e-01 2.15339899e-01 2.99580514e-01 9.88802671e-01
    5.16704023e-02 3.73793542e-02 1.30592167e-01 8.15968633e-01
    1.16966814e-01 1.60990238e-01 6.12491488e-01 9.33947027e-01
    1.44643784e-02 7.44105399e-01 3.91773164e-01 2.28479266e-01
    3.22206408e-01 4.79299337e-01 7.62119651e-01 1.85956031e-01
    2.78465629e-01 1.15695983e-01 3.88324261e-05 8.67264032e-01
    7.91523933e-01 9.28959131e-01 3.19272757e-01 7.74929643e-01
    4.52433109e-01 8.57812285e-01 5.22317469e-01 8.80854964e-01
    3.89008015e-01 7.45378256e-01 9.96301293e-01 8.91663432e-01
    4.82216984e-01 4.55626667e-01 3.33556563e-01 2.63583481e-01
    1.27072543e-01 8.14663708e-01 9.34636056e-01 4.33742553e-01
    5.84238529e-01 4.76931632e-02 4.06329274e-01 3.48314732e-01
    5.86619079e-02 3.18054676e-01 9.67415094e-01 1.38773918e-01
    3.76955628e-01 1.52431250e-01 1.45279408e-01 3.95058244e-01
    2.70359397e-01 3.46563518e-01 5.33162534e-01 4.74078745e-01
    6.56737506e-01 7.75758505e-01 7.30740011e-01 7.70214498e-01
    1.08468503e-01 9.73289132e-01 3.43048811e-01 5.40684044e-01
    2.27878839e-01 5.81374764e-01 9.32663321e-01 3.12794507e-01
    9.73053277e-02 5.31250238e-03 1.36127234e-01 5.05018234e-03
    3.72801244e-01 5.35995483e-01 8.22439015e-01 4.79174823e-01
    2.12409049e-01 1.30145699e-01 6.95710838e-01 9.60258782e-01
    9.43876266e-01 2.94549286e-01 4.17309493e-01 7.25266814e-01
    4.88943011e-01 3.61513615e-01 4.22426760e-01 8.44658077e-01
    3.97148371e-01 7.68465996e-01 8.69337440e-01 1.17378026e-01
    8.02797914e-01 6.06541693e-01 5.02122760e-01 5.94600737e-01
    2.01744765e-01 8.98689270e-01 1.96320891e-01 8.19890499e-01
    5.80800414e-01 1.00768566e-01 1.19723678e-02 2.43418843e-01
    5.35254121e-01 6.53962612e-01 4.35135424e-01 8.94679070e-01
    5.93474448e-01 3.23497415e-01 9.55472887e-01 8.44023287e-01
    7.32445121e-02 8.07067275e-01 5.21725893e-01 8.31514895e-02
    1.95179403e-01 5.41354537e-01 2.67613560e-01 2.20531583e-01
    4.65437889e-01 3.97411197e-01 2.76729167e-01 5.14829040e-01
    3.78599852e-01 3.99265528e-01 1.26459569e-01 1.22523010e-01
    4.85160142e-01 1.00546777e-01 3.07268500e-01 5.55419028e-01
    4.41848874e-01 3.18888485e-01 5.59226573e-02 3.19401264e-01
    9.57185030e-03 4.43306237e-01 3.71608734e-02 3.36988151e-01
    9.43958282e-01 2.13557512e-01 7.05887437e-01 8.44092011e-01
    5.89617014e-01 7.52637625e-01 1.28809482e-01 1.39570981e-01
    8.72467041e-01 9.84675109e-01 1.22729391e-01 3.47421765e-01
    5.01161337e-01 8.40620399e-01 5.58337629e-01 3.66855025e-01
    8.43678951e-01 4.17665839e-01 4.73876923e-01 7.59978831e-01
    9.82743084e-01 4.49102312e-01 9.16092157e-01 6.41900122e-01
    4.45249707e-01 8.74166965e-01 4.34696674e-03 2.38108754e-01
    7.72163749e-01 1.45476669e-01 4.13040578e-01 1.99873298e-01
    8.14908087e-01 8.83433342e-01 1.43069744e-01 8.91282320e-01
    8.58339310e-01 2.12425768e-01 1.63668424e-01 8.83426785e-01
    6.06112421e-01 3.86570066e-01 6.06851041e-01 9.85241413e-01
    8.73412311e-01 8.12821329e-01 1.28304869e-01 2.75780916e-01
    5.29756606e-01 6.99894071e-01 5.10513783e-03 1.19090378e-01
    1.07944906e-02 6.49008155e-02 3.56335878e-01 3.14066112e-02
    2.24952221e-01 8.94324899e-01 5.44238508e-01 1.30178034e-01
    7.96759784e-01 8.22170615e-01 4.00147170e-01 3.37897658e-01
    9.53037322e-01 4.04888988e-01 1.90020710e-01 9.83984232e-01
    1.12400055e-01 7.83533573e-01 2.73551941e-02 7.70235181e-01
    2.82738328e-01 8.46597672e-01 8.78389776e-01 6.43607736e-01
    4.96938735e-01 4.99454081e-01 2.88802207e-01 6.14683688e-01
    2.17634737e-02 6.15177393e-01 7.95209527e-01 3.00864279e-02
    9.62947488e-01 7.49082923e-01 2.51157135e-01 4.83944118e-01
    7.71130443e-01 5.10497689e-01 8.10835361e-01 3.70267332e-01
    1.65977776e-02 5.97579062e-01 4.52219725e-01 1.68537289e-01
    5.20315409e-01 8.35207343e-01 4.11404818e-01 5.49387634e-02
    2.86123514e-01 4.16763395e-01 6.44253075e-01 1.83386505e-02
    6.61514521e-01 7.80571818e-01 5.56936026e-01 1.83344781e-01
    1.14922911e-01 6.52416348e-01 4.12563682e-01 9.38573480e-01
    9.16061044e-01 2.32821256e-01 5.63161612e-01 3.40266526e-01
    5.25207162e-01 3.63264740e-01 9.05794859e-01 9.02084112e-01
    8.03285241e-01 1.76025212e-01 4.53949630e-01 2.72563040e-01
    1.51298016e-01 9.99719203e-01 9.36456561e-01 1.53781295e-01
    1.83250904e-01 4.43327159e-01 2.05771953e-01 8.16138506e-01
    1.97134227e-01 7.38236904e-01 8.52876902e-01 8.26373219e-01
    8.29784989e-01 3.23345602e-01 4.72877264e-01 2.96939075e-01
    1.00976288e-01 8.51325989e-01 7.70878792e-03 2.07969695e-01
    4.79036212e-01 3.26674104e-01 7.43065178e-02 8.55455458e-01
    2.44948834e-01 2.76484609e-01 1.38976097e-01 6.11940801e-01
    1.95461810e-01 2.95973003e-01 7.73136973e-01 6.12287104e-01
    5.19074440e-01 9.75370526e-01 8.89316678e-01 6.00166619e-02
    2.00371951e-01 6.63176537e-01 9.02759671e-01 5.02748370e-01
    3.21617663e-01 7.23045945e-01 9.46942270e-02 1.18145794e-01
    6.63161814e-01 9.39813375e-01 8.67191494e-01 3.71562243e-02
    2.83435643e-01 1.70381159e-01 6.21258914e-01 3.82862687e-01
    4.43233013e-01 2.76344240e-01 1.90609723e-01 4.80963945e-01
    1.58769488e-02 5.06244719e-01 9.92511868e-01 8.32255244e-01
    3.96349132e-02 9.35029387e-01 5.05556524e-01 3.35513353e-02
    2.08357483e-01 6.05038464e-01 1.42733246e-01 7.16450512e-02
    6.20135725e-01 6.63400054e-01 6.76353216e-01 7.35011935e-01
    3.42718959e-01 4.57416087e-01 1.23680830e-01 2.01454848e-01
    2.72503614e-01 5.92059791e-01 7.90683270e-01 8.49308670e-02
    4.19694275e-01 9.84045029e-01 2.54241824e-01 8.27236772e-01
    5.50028026e-01 7.37529814e-01 8.60709667e-01 2.69319713e-02
    8.48478675e-01 9.13249135e-01 4.96296734e-01 8.38122249e-01
    3.85849059e-01 1.93837106e-01 9.81691480e-01 1.00071132e-02
    5.54584384e-01 9.46656466e-02 4.41519618e-01 8.30377638e-01
    3.06945026e-01 1.76550806e-01 1.94530785e-02 5.25278270e-01
    3.88332427e-01 8.62182677e-01 2.34362751e-01 7.07156181e-01
    5.65273702e-01 5.63753426e-01 7.68299103e-01 6.14525139e-01
    8.56194198e-01 8.26353252e-01 3.71198535e-01 2.40897477e-01
    3.06650430e-01 3.33519638e-01 6.02850318e-02 8.35876822e-01
    1.61812037e-01 3.44130844e-01 9.54697609e-01 7.77037501e-01
    6.58075213e-02 4.52137142e-01 4.75057453e-01 6.46722198e-01
    1.70488507e-01 3.34047258e-01 1.52701706e-01 1.26679718e-01
    9.55455124e-01 3.19792092e-01 3.26151252e-02 8.06834459e-01
    5.52647769e-01 5.28670847e-02 4.77845848e-01 8.63812864e-01
    9.84547138e-01 4.16962177e-01 8.47564638e-02 4.96841669e-02
    6.72661185e-01 3.57796133e-01 6.65213346e-01 9.42446589e-01
    2.53873348e-01 6.09808087e-01 2.73735464e-01 5.75180948e-02
    2.50855625e-01 6.07764065e-01 8.97997320e-02 9.50834274e-01
    4.94376242e-01 2.83486038e-01 9.01852965e-01 9.87094998e-01
    9.11515951e-01 5.61529696e-01 7.64813423e-01 5.23869216e-01
    9.39029336e-01 1.58347756e-01 7.31035411e-01 6.64438665e-01
    3.62998962e-01 2.42143273e-01 9.44338858e-01 6.81610465e-01
    6.26065671e-01 8.86251450e-01 4.48865414e-01 5.65170586e-01
    1.68004662e-01 8.19888592e-01 1.75073028e-01 2.22978115e-01
    3.57161343e-01 7.51065791e-01 6.49948239e-01 1.11487269e-01
    7.58292437e-01 8.68135691e-01 3.19476008e-01 3.23431313e-01
    9.72729802e-01 3.85218203e-01 6.41788006e-01 7.60215998e-01
    3.92005533e-01 2.89132357e-01 9.04883862e-01 1.60009533e-01
    1.96257889e-01 5.97110450e-01 4.07765836e-01 6.82264447e-01
    7.33242810e-01 4.00769144e-01 6.93825483e-02 4.89024520e-01
    7.51245201e-01 1.28664136e-01 4.80115414e-02 7.57121563e-01
    4.30018604e-02 6.92630827e-01 7.54989386e-02 8.22894573e-01
    2.31379271e-02 5.84931493e-01 2.73908794e-01 1.29869789e-01
    4.41213697e-01 3.03904176e-01 2.22473413e-01 2.81384259e-01
    9.55260754e-01 6.96238518e-01 5.05660236e-01 5.44452310e-01
    9.13632512e-01 8.54513764e-01 6.00235641e-01 1.08951539e-01
    6.73652172e-01 4.29214716e-01 4.48537230e-01 3.23837996e-01
    5.67800224e-01 3.27389538e-02 8.70608568e-01 7.34587431e-01
    2.79570818e-02 3.10264647e-01 2.68940926e-02 9.91361678e-01
    3.36392105e-01 1.22429579e-01 9.62295055e-01 5.23719370e-01
    7.76082873e-02 7.55566001e-01 1.95755243e-01 1.84521228e-01
    6.54384136e-01 2.59131193e-03 6.09391451e-01 2.99628764e-01
    1.77852213e-02 7.36210346e-02 7.91307032e-01 6.69837594e-02
    9.73887742e-02 7.78627396e-01 8.80278468e-01 8.62889051e-01
    5.32107234e-01 7.33830571e-01 9.79914546e-01 6.91466689e-01
    3.41884553e-01 2.84784377e-01 4.82367545e-01 6.80663645e-01
    9.11295414e-01 3.64926308e-01 4.87280935e-01 9.13000822e-01
    5.88790417e-01 1.54920042e-01 4.30507809e-01 2.76337981e-01
    9.09206748e-01 3.43061864e-01 8.86394501e-01 7.25171506e-01
    3.89546692e-01 2.93340385e-01 7.44531095e-01 7.84995079e-01
    4.26250041e-01 2.03637987e-01 9.26116586e-01 3.97194028e-02
    1.58837497e-01 1.82028919e-01 8.35002363e-02 2.68647850e-01
    4.31898296e-01 3.37582678e-01 6.06899440e-01 6.60527110e-01
    4.99828458e-01 6.84511900e-01 2.93927282e-01 4.32483256e-02
    2.42080212e-01 5.16135156e-01 2.04396546e-02 9.69716668e-01
    8.05098057e-01 8.39820623e-01 1.57191396e-01 4.90160286e-01
    3.12418729e-01 6.66524768e-02 6.26965225e-01 8.39234054e-01
    1.78842753e-01 1.71907991e-01 7.15072513e-01 4.87384200e-03
    2.42172450e-01 1.32800400e-01 6.48075581e-01 6.87751651e-01
    3.91951114e-01 3.37294042e-02 9.05739665e-02 4.14625108e-01
    8.10164452e-01 9.31635261e-01 6.08615339e-01 7.11647332e-01
    4.99025583e-02 4.44598496e-01 3.96202505e-01 2.59780109e-01
    6.95291638e-01 3.43122780e-01 2.47375786e-01 5.95034957e-02
    1.56693190e-01 4.28855896e-01 9.10427213e-01 4.44905639e-01
    3.21423262e-01 4.98369694e-01 5.02018034e-01 8.17140937e-02
    3.90949667e-01 7.06217289e-01 2.32380003e-01 2.18976796e-01
    1.70536399e-01 9.62029576e-01 4.05407220e-01 2.73331881e-01
    4.78830755e-01 1.62019134e-02 2.64754891e-01 2.93432772e-02
    9.15494204e-01 8.28065574e-02 9.30014312e-01 1.61090970e-01
    1.55470550e-01 3.80420268e-01 7.93338835e-01 6.01447701e-01
    3.05256546e-01 1.65133357e-01 6.04297757e-01 9.34878111e-01
    3.57834876e-01 6.80353045e-01 2.48510092e-01 3.42649490e-01
    8.57636392e-01 4.92008716e-01 7.74757266e-01 8.67915154e-02
    8.24574471e-01 3.52761596e-01 4.32428896e-01 2.11814642e-02
    1.53991550e-01 5.41182041e-01 6.02342308e-01 6.37553692e-01
    5.71549714e-01 6.00250721e-01 9.93420362e-01 9.82213497e-01
    1.89207107e-01 3.12078536e-01 1.75124496e-01 7.18463123e-01
    9.84874725e-01 2.30032295e-01 3.09313089e-01 6.05912745e-01
    7.48217463e-01 6.82829201e-01 3.06142747e-01 4.53658402e-01
    1.76248610e-01 4.41819429e-01 8.77277315e-01 1.03412807e-01
    4.93753642e-01 1.63950592e-01 2.25293219e-01 6.00481451e-01
    4.29538190e-02 1.84446633e-01 6.91163898e-01 6.16146386e-01
    6.24370873e-02 7.08222747e-01 9.83924687e-01 5.56369305e-01
    7.85120726e-01 5.62455475e-01 1.05462551e-01 8.04437399e-01
    3.94876152e-01 8.33761096e-02 4.74313945e-01 6.32494032e-01
    7.30087042e-01 3.32199365e-01 9.58329201e-01 4.20893610e-01
    5.60079217e-01 7.59627819e-01 8.29840779e-01 1.68283761e-01
    1.82634354e-01 8.99177551e-01 8.04609179e-01 1.53740585e-01
    6.97606266e-01 6.69649184e-01 9.81207490e-02 4.69505727e-01
    3.31902921e-01 4.83934313e-01 5.13426006e-01 1.16051137e-01
    1.88398570e-01 2.86820889e-01 8.89682770e-01 9.69373107e-01
    8.12379658e-01 3.48764867e-01 8.81263614e-01 6.72549665e-01
    5.00957131e-01 9.83087480e-01 6.17156684e-01 8.26405644e-01
    8.74345541e-01 2.29389668e-01 4.97774452e-01 5.53695083e-01
    5.72108507e-01 1.49935722e-01 9.73192692e-01 1.51433498e-01
    9.11182523e-01 1.32850498e-01 1.65870100e-01 5.63284993e-01
    5.13459206e-01 3.78838837e-01 9.26450968e-01 4.59846407e-01
    5.66244662e-01 9.28627193e-01 6.10046804e-01 5.53659081e-01
    7.64187932e-01 3.88645202e-01 7.02409625e-01 2.74787128e-01
    9.80168581e-03 7.11886406e-01 8.55004311e-01 6.77995205e-01
    7.64731944e-01 8.26372743e-01 2.76941419e-01 3.47253501e-01
    9.35764730e-01 9.30954039e-01 7.28115678e-01 3.97539318e-01
    6.11550808e-02 8.86156678e-01 8.60310495e-02 6.52660072e-01
    9.65723693e-01 8.10389042e-01 3.27104688e-01 4.90916133e-01
    8.18817019e-02 9.19229627e-01 5.65262794e-01 6.66336298e-01
    4.43816513e-01 7.82209873e-01 1.70246363e-01 3.29330266e-01
    6.73843682e-01 6.82868540e-01 9.55458999e-01 4.98551041e-01
    6.19544387e-02 3.09479296e-01 3.72561932e-01 6.05750263e-01
    8.37077498e-01 4.43193942e-01 6.84961796e-01 7.66280472e-01
    5.79866469e-01 9.03275847e-01 3.46521795e-01 5.13300300e-03
    9.55700040e-01 7.29191959e-01 1.80811912e-01 9.43651795e-03
    4.26001668e-01 9.56887960e-01 9.13306177e-02 6.82484806e-01
    5.21125615e-01 6.31548464e-01 1.18924081e-02 5.06550431e-01
    5.57503998e-01 6.15217865e-01 1.52070522e-02 3.79591405e-01
    4.93614048e-01 2.05820769e-01 4.13110971e-01 5.89006662e-01
    8.30907226e-01 9.65180397e-01 6.38009191e-01 3.62813830e-01
    6.68293297e-01 1.02946848e-01 6.32343590e-02 8.37433636e-02
    7.10816443e-01 7.57716894e-02 4.54224199e-01 1.30347759e-01
    9.16694283e-01 9.73948598e-01 2.29793817e-01 5.09449244e-01
    7.59783983e-01 6.88120008e-01 4.84316707e-01 7.00959206e-01
    8.72430563e-01 9.89480972e-01 8.09936702e-01 5.93999922e-02
    7.35526621e-01 9.66081262e-01 4.52631474e-01 6.76822841e-01
    7.97149837e-02 7.55995512e-02 3.05517912e-01 8.90849829e-01
    5.46983302e-01 1.72150135e-03 9.62373793e-01 1.62387580e-01
    3.41018200e-01 9.25060272e-01 9.27888453e-02 5.50716162e-01
    3.18490326e-01 2.52503186e-01 3.65948439e-01 9.63434458e-01
    8.29657853e-01 4.62938279e-01 6.96772039e-01 1.55930728e-01
    3.50320458e-01 6.04497671e-01 7.61874795e-01 2.08731055e-01
    1.44481093e-01 8.17424655e-01 4.71131146e-01 2.47802138e-01
    9.08949852e-01 6.53461337e-01 7.98467934e-01 4.36993510e-01
    9.90483403e-01 2.12327093e-01 7.13564396e-01 6.24400616e-01
    7.97291517e-01 9.11449075e-01 4.39563781e-01 1.99595034e-01
    3.80700439e-01 4.60340351e-01 7.87961602e-01 6.62478745e-01
    9.49951708e-02 5.49329758e-01 6.05157793e-01 8.45411420e-01
    7.22405851e-01 6.32124364e-01 8.09858441e-01 7.89909124e-01
    9.93376970e-02 6.93120062e-01 1.37244672e-01 6.15181506e-01
    2.06587136e-01 6.85886919e-01 3.38302135e-01 1.44981563e-01
    9.27887559e-01 5.77995896e-01 2.64027655e-01 8.79710972e-01
    7.31954098e-01 7.28915453e-01 7.74664879e-02 5.38272262e-01
    7.36249089e-01 3.15800428e-01 2.07334042e-01 7.41730034e-02
    7.23189116e-02 1.52421087e-01 7.55020201e-01 9.18676734e-01
    8.88592482e-01 6.07372165e-01 9.73522663e-03 7.42215216e-01
    2.79938161e-01 5.54770231e-01 6.61919892e-01 4.17554617e-01
    2.31572092e-02 8.98396611e-01 3.45994473e-01 3.49753112e-01
    2.94046044e-01 9.52394307e-01 4.73871171e-01 4.45868403e-01
    7.91545272e-01 1.33955359e-01 5.65995812e-01 5.00481248e-01
    6.05362952e-01 6.00093842e-01 8.44746172e-01 8.33070993e-01
    9.17399704e-01 4.51170892e-01 7.70430923e-01 4.04081345e-02
    2.95229971e-01 9.80606198e-01 5.71034312e-01 8.90768766e-01
    2.42734015e-01 3.17531973e-01 6.84649527e-01 9.85092938e-01
    1.06989831e-01 1.44753665e-01 4.72252965e-02 7.99315453e-01
    9.70092535e-01 9.53297019e-01 7.73546875e-01 9.67156649e-01
    1.39689922e-01 2.05095768e-01 8.70653391e-01 8.88679743e-01
    6.89744353e-01 6.93053901e-02 4.86882418e-01 3.80455017e-01
    5.57922602e-01 6.34597898e-01 2.49773681e-01 3.69477332e-01
    7.45920062e-01 2.84548879e-01 4.36200291e-01 3.04004133e-01
    9.65947568e-01 1.42765760e-01 6.40880048e-01 9.10989940e-02
    6.98623240e-01 9.40911174e-02 7.63510287e-01 8.05009723e-01
    5.66164255e-01 9.12463546e-01 5.46147346e-01 5.17783344e-01
    3.32089007e-01 2.19675779e-01 4.46807265e-01 2.99660176e-01
    3.16991091e-01 5.74705541e-01 4.31675315e-02 4.31582183e-01
    2.18537629e-01 4.05982733e-02 7.71973431e-01 2.92728305e-01
    6.43011749e-01 5.21968007e-01 8.84450972e-02 6.70033693e-01
    2.00719714e-01 5.12219310e-01 5.00828743e-01 8.76184583e-01
    7.59560466e-01 2.85535425e-01 4.57507968e-02 3.80685270e-01
    6.59752429e-01 1.58719450e-01 6.85393810e-02 6.04838431e-01
    3.21434885e-01 7.54063129e-01 9.22897995e-01 2.74707258e-01
    3.41442168e-01 4.31135356e-01 1.85736865e-01 8.18207443e-01
    7.34456480e-01 4.14994776e-01 3.54429305e-01 1.10382706e-01
    8.90111625e-01 7.09685802e-01 9.48269308e-01 8.23472261e-01
    3.53314668e-01 1.77388191e-02 7.58223474e-01 9.99459386e-01
    3.34082842e-01 2.63261974e-01 6.96473718e-01 2.77489901e-01
    4.55803871e-02 7.13215292e-01 3.31932843e-01 6.55898809e-01
    4.33480442e-02 5.62317848e-01 8.49318326e-01 8.96486640e-01
    7.46303201e-02 1.88212633e-01 8.11344028e-01 5.74768543e-01
    2.72617757e-01 5.42873502e-01 2.46431172e-01 8.92380774e-02
    5.37975073e-01 8.22570205e-01 1.28517747e-01 4.56292927e-01
    7.80113518e-01 3.69259089e-01 6.22997701e-01 5.25426388e-01
    5.52866161e-02 3.87656271e-01 1.19442105e-01 4.37432826e-01
    3.64321202e-01 3.42151761e-01 4.96084422e-01 6.80158973e-01
    2.11753875e-01 1.97013527e-01 3.26135635e-01 7.57866681e-01
    1.63468927e-01 5.24443150e-01 9.10179257e-01 7.13586390e-01
    9.41900969e-01 9.08621550e-01 8.15872550e-01 2.17422336e-01
    2.93029130e-01 8.88649464e-01 6.13491893e-01 3.80757153e-01
    8.22557807e-01 4.39270318e-01 9.38828468e-01 9.53741848e-01
    2.84645736e-01 8.71996164e-01 4.54560518e-02 4.21697497e-01
    6.68119311e-01 4.34773058e-01 1.73065364e-02 9.61066842e-01
    3.96981657e-01 9.37918544e-01 9.11415637e-01 3.38438988e-01
    3.19592655e-01 3.74697596e-01 3.06169808e-01 2.04118997e-01
    8.92236948e-01 4.32026386e-02 3.65507692e-01 5.41386247e-01
    4.01556015e-01 4.27649349e-01 8.82548332e-01 6.58104420e-01
    6.17010832e-01 3.50034475e-01 7.26023018e-02 6.59743786e-01
    2.32462436e-01 5.81296086e-01 2.50634551e-01 5.10211885e-02
    2.25909024e-01 7.13863790e-01 1.16389602e-01 5.26694596e-01
    5.22442222e-01 3.78853381e-02 5.34612596e-01 9.96542096e-01
    2.51602530e-01 8.91453624e-01 9.75270152e-01 2.27097571e-01
    9.76283908e-01 5.13678193e-01 4.82648015e-01 7.34581232e-01
    3.28126848e-01 4.78749275e-02 6.83559597e-01 6.55797064e-01
    6.00850284e-01 8.84217262e-01 3.45160812e-01 3.89505029e-01
    5.16523242e-01 7.41290331e-01 4.44192529e-01 7.50359774e-01
    1.56347573e-01 4.83193815e-01 5.87619066e-01 5.59732318e-01
    7.99167871e-01 7.55901873e-01 2.08678246e-01 5.78324378e-01
    4.80960101e-01 6.33309722e-01 4.23809111e-01 7.44963288e-01
    5.11108994e-01 9.47445035e-01 2.25947589e-01 1.45612389e-01
    1.64398015e-01 6.86454952e-01 1.84029877e-01 9.70406175e-01
    9.22868729e-01 5.16784132e-01 6.35102034e-01 2.39369631e-01
    9.47394669e-01 8.31096172e-01 5.85187316e-01 4.44136024e-01
    8.10246110e-01 9.09182370e-01 7.10166097e-01 4.84521985e-02
    5.33421695e-01 2.24294186e-01 6.59090877e-02 6.84248686e-01
    3.23143840e-01 9.15056944e-01 2.18483508e-02 1.01582140e-01
    9.70900178e-01 3.58274281e-01 9.68914270e-01 3.29557359e-01
    6.75126016e-02 3.73938322e-01 2.19742745e-01 8.83548319e-01
    4.98067498e-01 3.87113988e-01 1.11377329e-01 4.61611062e-01
    7.61490405e-01 5.36286354e-01 2.08096713e-01 4.86375868e-01
    3.31172347e-03 8.80296469e-01 3.12378764e-01 3.36331755e-01
    1.87271208e-01 9.95937228e-01 4.28223401e-01 7.18400002e-01
    5.28118253e-01 5.99904656e-02 6.94618225e-01 6.83535457e-01
    2.27609277e-03 8.44350100e-01 7.01702237e-01 2.95038819e-01
    3.09150040e-01 4.20699716e-02 7.76221514e-01 8.92121315e-01
    3.07582796e-01 4.90434974e-01 3.34430695e-01 6.69100165e-01
    2.38296568e-01 4.39005792e-01 1.08412057e-01 8.66711676e-01
    7.97639191e-01 9.50826705e-02 7.10245609e-01 9.27424073e-01
    9.65911865e-01 7.91986465e-01 8.97405982e-01 4.57464755e-02
    2.03027695e-01 2.69321561e-01 9.55529213e-01 9.28259373e-01
    5.93337417e-01 3.26894492e-01 2.21319735e-01 2.86859572e-02
    7.11102307e-01 8.72916937e-01 7.04781473e-01 5.35415113e-02
    6.08675420e-01 8.40294719e-01 1.72352046e-01 1.32619530e-01
    7.06956565e-01 2.69866139e-01 2.01110721e-01 7.77477145e-01
    2.15029925e-01 1.59541875e-01 9.71479774e-01 8.80236149e-01
    7.03949332e-01 5.22255063e-01 4.91923213e-01 4.82286811e-02
    9.84193623e-01 4.74030346e-01 8.56513023e-01 4.00954366e-01
    5.60118735e-01 8.27460587e-02 2.04458654e-01 9.23688233e-01
    2.77076006e-01 7.17335880e-01 9.82939005e-01 9.19209659e-01
    1.57591283e-01 5.96781373e-01 8.89677882e-01 3.62687469e-01
    5.36238432e-01 2.31502533e-01 8.77142549e-02 7.74415851e-01
    8.38120937e-01 3.93272579e-01 4.61181611e-01 7.98805535e-01
    6.22495890e-01 5.15912175e-02 7.69918442e-01 5.22646904e-02
    3.88074160e-01 3.18527460e-01 7.74636030e-01 3.80243123e-01
    1.77348375e-01 6.86927855e-01 9.14050639e-02 6.50355458e-01
    2.30730742e-01 5.41048706e-01 8.41674745e-01 9.34169769e-01
    1.13174587e-01 2.68911034e-01 6.39938831e-01 7.96875358e-01
    7.58305788e-01 7.27074742e-01 2.94577837e-01 4.76741344e-01
    4.90317076e-01 7.03557312e-01 4.29627001e-01 8.27976942e-01
    9.68439221e-01 3.90094519e-02 8.24376941e-01 9.80488360e-01
    7.17881680e-01 7.72448778e-02 2.31568813e-02 2.37515688e-01
    7.57597208e-01 1.88741088e-02 3.72902095e-01 9.54584539e-01
    3.13635379e-01 9.62692738e-01 9.74402845e-01 1.83001518e-01
    4.40280676e-01 3.49957883e-01 5.78096390e-01 3.13647121e-01
    3.15886259e-01 2.85444081e-01 8.25787365e-01 9.97621417e-01
    9.85661626e-01 1.69520646e-01 5.39142430e-01 7.28876472e-01
    6.86304152e-01 1.12492323e-01 7.88023472e-01 2.53613651e-01
    6.61388040e-03 7.03841567e-01 9.41404939e-01 4.86064285e-01
    6.32665694e-01 8.73399138e-01 5.94804168e-01 5.46678960e-01
    5.36535561e-01 8.60755742e-02 9.41425443e-01 7.59618580e-01
    2.15213239e-01 5.59781373e-01 9.43713665e-01 4.71470147e-01
    7.90894628e-02 5.97459793e-01 2.07363486e-01 2.08578676e-01
    9.06826019e-01 2.83707201e-01 8.28727782e-01 7.21661150e-01
    7.04384506e-01 3.39644879e-01 6.89450085e-01 3.53441179e-01
    3.40470999e-01 3.36329937e-01 3.91351759e-01 5.97716689e-01
    1.10197216e-01 4.27295089e-01 2.94342667e-01 1.71133161e-01
    4.80661303e-01 4.48328108e-01 3.48874897e-01 9.09832001e-01
    4.51711684e-01 4.34364319e-01 8.25446248e-01 8.83491933e-01
    9.10360515e-01 2.73397923e-01 7.67701387e-01 1.70668453e-01
    7.27825582e-01 4.11486030e-01 6.48357272e-01 8.36240053e-01
    9.99465346e-01 8.37122798e-01 4.26716149e-01 3.13042998e-01
    7.79599547e-01 2.24907935e-01 4.98624474e-01 1.90197438e-01
    9.21445727e-01 8.67206216e-01 2.66616344e-01 3.44354868e-01
    2.83913642e-01 3.17332029e-01 7.70997405e-01 1.53563350e-01
    5.03161728e-01 3.40537429e-01 9.21776056e-01 2.33705491e-01
    2.42618412e-01 8.75161469e-01 8.24167252e-01 9.30363655e-01
    8.18159223e-01 6.57588005e-01 3.46031487e-02 8.99185061e-01
    1.64117873e-01 6.43583596e-01 3.42588902e-01 8.85412097e-01
    8.82692993e-01 7.69383907e-01 7.25863338e-01 1.35405540e-01
    3.66289616e-02 8.06037664e-01 2.68520951e-01 8.59783292e-01
    9.35019672e-01 9.72877502e-01 2.41232008e-01 2.09587932e-01
    9.65668201e-01 1.00101918e-01 8.96027267e-01 8.15033555e-01
    7.65623927e-01 1.58939332e-01 5.26695073e-01 8.49374533e-01
    1.72396779e-01 2.42832273e-01 3.44126940e-01 9.98171449e-01
    2.31511235e-01 8.97963285e-01 2.18340427e-01 7.77685881e-01
    8.86748314e-01 2.37215757e-01 9.57262516e-03 6.12756848e-01
    7.61698425e-01 3.69277239e-01 8.78385603e-01 9.70193267e-01
    2.71053791e-01 8.97149563e-01 1.38055533e-01 8.37983727e-01
    9.95520055e-01 8.93046856e-01 2.79948413e-02 1.41310513e-01
    8.18807960e-01 5.83286881e-01 6.73560798e-02 3.18494678e-01
    7.96374083e-01 8.74847412e-01 2.14443773e-01 3.41811180e-02
    9.08821225e-01 6.88829780e-01 1.98958308e-01 7.66164064e-03
    7.80394912e-01 2.39984542e-01 1.71810389e-01 9.57837224e-01
    8.32791924e-01 2.60096669e-01 2.71769822e-01 6.57400310e-01
    7.93382406e-01 8.67266774e-01 1.34371459e-01 1.09795332e-01
    4.09980685e-01 5.99250734e-01 2.20465183e-01 1.07849449e-01
    4.52951372e-01 8.31950307e-01 7.11512685e-01 7.10201442e-01
    5.33763766e-01 5.52726984e-02 2.76485860e-01 4.25957650e-01
    2.36448139e-01 8.56750011e-02 1.05107307e-01 5.84878385e-01
    2.53514200e-01 6.20836735e-01 2.86497891e-01 1.41366273e-01
    6.43363059e-01 9.38553452e-01 4.60077882e-01 3.32227856e-01
    9.91104901e-01 7.98203468e-01 1.10894650e-01 3.62894952e-01
    2.11404890e-01 7.67936110e-01 9.07700002e-01 5.81547141e-01
    4.83762950e-01 2.25678980e-01 4.09282178e-01 9.09278393e-02
    4.77714151e-01 1.19708389e-01 2.76658595e-01 5.01875877e-01
    9.99101102e-01 1.60012633e-01 1.34133071e-01 3.72162491e-01
    2.03885138e-01 8.24666321e-02 3.60812247e-01 7.31164455e-01
    3.49482775e-01 6.86846375e-01 2.68198371e-01 4.33579504e-01
    7.66011477e-01 3.17507863e-01 8.82454395e-01 7.82784820e-01
    8.16750526e-01 5.62149405e-01 9.61185396e-01 4.43221331e-01
    8.82621288e-01 1.35607421e-02 3.03203464e-01 1.77103966e-01
    2.78442502e-01 4.90627050e-01 8.77394259e-01 4.18665409e-02
    9.87585485e-02 8.42867017e-01 1.35432035e-01 4.82374221e-01
    2.68258154e-01 4.30330753e-01 5.73886633e-02 6.37676358e-01
    2.17771530e-01 7.13923514e-01 7.82044172e-01 6.71751380e-01
    9.27267015e-01 7.31091976e-01 9.63226676e-01 5.77254176e-01
    7.68987000e-01 8.73138070e-01 2.18581110e-01 3.40203404e-01
    6.14008844e-01 2.94504881e-01 6.34402871e-01 8.91449332e-01
    8.20412993e-01 9.05415297e-01 2.91464806e-01 3.45167816e-01
    8.18105698e-01 5.01930773e-01 8.70485663e-01 9.05350447e-01
    4.35017467e-01 6.12750828e-01 4.30233777e-02 1.21057212e-01
    9.70479846e-01 8.39057863e-02 8.90161633e-01 4.28584218e-01
    5.53723752e-01 8.45264673e-01 7.01034427e-01 7.30198026e-01
    1.08003855e-01 2.16498971e-01 5.31435430e-01 1.40129685e-01
    9.44452703e-01 6.59585476e-01 4.06166524e-01 9.77448285e-01
    9.53166366e-01 7.59384573e-01 7.35157311e-01 6.67530417e-01
    3.38437825e-01 8.91402602e-01 5.65870166e-01 4.66086805e-01
    6.81439400e-01 5.06428599e-01 6.79600954e-01 2.22925544e-02
    3.02016377e-01 3.78148854e-02 8.33488643e-01 7.42848039e-01
    3.56917143e-01 4.24637765e-01 5.93671024e-01 3.48405361e-01
    9.06713903e-01 3.11632514e-01 2.56256580e-01 2.32392669e-01
    3.39682698e-02 6.20031357e-02 2.45074600e-01 6.79658055e-01
    2.17340857e-01 7.44180799e-01 2.63030052e-01 8.76544595e-01
    1.22856438e-01 5.58977067e-01 8.54437113e-01 6.24354124e-01
    7.13847518e-01 8.44043851e-01 1.69129848e-01 1.31934375e-01
    2.13536471e-01 2.40020007e-01 8.85839462e-01 2.94537783e-01
    3.33012849e-01 5.15437067e-01 9.17660356e-01 5.87897837e-01
    4.54763502e-01 8.34900141e-01 2.56414950e-01 2.31865227e-01
    9.39470530e-03 4.46178824e-01 7.76281953e-01 8.44627798e-01
    5.02055347e-01 1.46985859e-01 8.43301415e-01 6.08732402e-01
    2.57256269e-01 9.27028954e-01 2.42832273e-01 5.91382086e-01
    5.54010808e-01 1.06591702e-01 1.51514500e-01 7.17387617e-01
    7.21057057e-01 4.80806142e-01 6.63002133e-01 4.44315195e-01
    5.18675685e-01 9.70062315e-02 3.59845340e-01 4.00998384e-01
    5.41750550e-01 9.19324160e-01 8.30473900e-01 8.01711082e-01
    2.24156320e-01 8.27766776e-01 8.60819221e-01 3.97399992e-01
    5.05415618e-01 9.64754581e-01 4.21589911e-02 5.42432427e-01
    2.91292012e-01 6.09003603e-01 3.52838516e-01 2.13840306e-01
    4.69803452e-01 4.12620902e-01 5.82053661e-01 2.46869683e-01
    4.52804267e-01 3.93847287e-01 5.26235580e-01 7.44058728e-01
    9.56131577e-01 8.64769340e-01 6.43442035e-01 7.79199123e-01
    2.84549415e-01 3.30183595e-01 6.23186827e-01 6.26623511e-01
    3.73783648e-01 4.37011063e-01 2.54724264e-01 4.10028934e-01
    1.16780967e-01 8.25239599e-01 7.36767530e-01 6.60424352e-01
    7.87756205e-01 6.73027158e-01 1.25079364e-01 5.13619304e-01
    2.63772607e-01 7.69207716e-01 8.74966204e-01 7.84593165e-01
    1.05197966e-01 8.10554981e-01 3.34328771e-01 4.22952086e-01
    2.66362488e-01 2.44207561e-01 3.97687793e-01 1.62556559e-01
    8.14077139e-01 1.46926939e-02 5.63213050e-01 5.10337055e-01
    2.78872907e-01 3.14319789e-01 3.72237563e-01 7.20927000e-01
    5.14688969e-01 5.72278678e-01 6.58224404e-01 7.12647676e-01
    6.48817301e-01 5.64698339e-01 6.75931573e-01 2.45420635e-02
    7.90085673e-01 2.85463810e-01 6.97780252e-01 8.57771993e-01
    9.53315079e-01 8.06052983e-02 9.99459505e-01 1.43915445e-01
    2.99606860e-01 6.94046915e-01 8.00652504e-01 6.90898597e-01
    6.10515654e-01 4.35363978e-01 8.68495703e-01 3.34353268e-01
    3.07348430e-01 4.25392866e-01 5.59042394e-02 5.19737363e-01
    9.38215733e-01 5.90818763e-01 5.68042815e-01 6.19887948e-01
    9.71384466e-01 4.37919229e-01 6.79274559e-01 8.28800797e-01
    8.75575066e-01 5.81352830e-01 7.79903412e-01 3.79530340e-01
    4.72349226e-01 9.69105422e-01 3.87505293e-01 4.28532332e-01
    4.33982104e-01 5.51598608e-01 5.91621518e-01 1.48797333e-01
    2.28464007e-01 1.55962586e-01 2.73334801e-01 9.74571347e-01
    1.63319200e-01 3.27619195e-01 2.17120737e-01 8.15965831e-01
    7.82491267e-02 2.55940139e-01 1.70486957e-01 3.97574574e-01
    3.42143893e-01 8.15528154e-01 3.97609770e-01 5.11494637e-01
    9.75331664e-03 4.33287024e-01 8.52270246e-01 4.67878073e-01
    7.51258433e-02 7.49941587e-01 2.95847595e-01 2.57792711e-01
    4.00757492e-01 4.74772453e-01 1.88560218e-01 9.87265587e-01
    6.18299782e-01 6.38089299e-01 5.33631444e-01 9.66537416e-01
    7.55032837e-01 7.99288452e-02 9.81351018e-01 1.86305285e-01
    3.02074432e-01 5.45794606e-01 1.15831912e-01 8.92114937e-01
    5.05903184e-01 3.36968273e-01 6.39885008e-01 1.56459510e-01
    2.87342608e-01 2.65443087e-01 4.76962030e-02 3.90594751e-01
    5.51053047e-01 2.84529626e-01 8.77153993e-01 5.36415696e-01
    5.62468708e-01 1.42882168e-02 5.26165545e-01 6.51470304e-01
    3.66415083e-02 5.48451066e-01 3.84439349e-01 3.53641331e-01
    4.38268483e-01 2.26369023e-01 4.65903074e-01 9.57829297e-01
    9.77877736e-01 9.07199264e-01 6.23524070e-01 8.61183286e-01
    9.58809376e-01 6.09183013e-01 3.81938159e-01 8.02613378e-01
    3.62285078e-01 3.57212007e-01 9.25080657e-01 5.12170732e-01
    7.39652932e-01 3.31196755e-01 1.86834157e-01 1.26051039e-01
    2.84324944e-01 4.01547968e-01 1.76996946e-01 6.75957441e-01
    4.70526725e-01 7.26033688e-01 2.56993920e-01 1.48289472e-01
    3.98503095e-01 9.95306253e-01 3.65755618e-01 2.26100266e-01
    7.61093378e-01 7.11071253e-01 1.81938767e-01 6.03027642e-01
    7.35614955e-01 9.01387215e-01 6.42330110e-01 7.71750808e-02
    1.25609010e-01 1.83155566e-01 2.21118510e-01 4.88405913e-01
    8.57699692e-01 7.71522045e-01 4.28254396e-01 4.33836281e-02
    6.77875042e-01 6.23045206e-01 9.85493541e-01 7.72930443e-01
    2.67818034e-01 7.61079311e-01 6.44521713e-01 7.04825640e-01
    3.97523224e-01 7.59934664e-01 7.38920867e-01 8.21709692e-01
    9.21023548e-01 5.68481028e-01 6.03681743e-01 5.74764609e-02
    1.35552347e-01 5.71289420e-01 3.40042919e-01 9.66323614e-02
    2.45740116e-02 3.61073017e-02 1.45758897e-01 1.72725618e-02
    1.52965605e-01 2.12284535e-01 6.87504053e-01 1.44446790e-01
    4.51930285e-01 9.64399457e-01 9.03443396e-02 4.18979734e-01
    4.27079409e-01 4.52839732e-01 7.09854364e-01 8.45938861e-01
    3.03558707e-02 4.01906371e-01 2.03069746e-02 2.06435502e-01
    4.15308118e-01 4.70754802e-01 9.94913936e-01 2.52368450e-01
    7.34153330e-01 3.52968872e-02 1.49793088e-01 4.18477893e-01
    6.22633457e-01 9.16787505e-01 9.43081141e-01 1.69191658e-01
    1.44400775e-01 1.22630000e-02 5.16028583e-01 3.80726874e-01
    6.11612320e-01 8.82930160e-01 3.88921708e-01 8.52673888e-01
    8.98852229e-01 8.42752397e-01 2.21188605e-01 7.05144823e-01
    5.17927289e-01 9.64401007e-01 2.00399041e-01 9.86450195e-01
    3.62892330e-01 4.07422155e-01 9.46600914e-01 3.50728035e-02
    2.13727385e-01 1.96518987e-01 4.03887033e-01 9.43717659e-01
    7.55744219e-01 3.11248362e-01 2.95851737e-01 8.60568404e-01
    4.87401187e-02 4.92796093e-01 4.88566101e-01 8.32041860e-01
    2.14683890e-01 2.28351325e-01 6.36137247e-01 2.71207482e-01
    8.09967637e-01 1.70679688e-01 5.04917026e-01 3.16710711e-01
    6.45641685e-01 8.60072851e-01 6.81788921e-01 6.91255629e-01
    4.40108180e-02 8.40692997e-01 4.54949498e-01 2.76427180e-01
    8.36465836e-01 2.63582170e-01 7.65947104e-02 4.27581072e-02
    6.05620503e-01 6.05720043e-01 7.71256685e-02 4.63532805e-01
    2.78136700e-01 9.17631269e-01 9.79466319e-01 2.16805637e-01
    8.80099416e-01 2.03924060e-01 9.89855170e-01 5.16146421e-02
    1.32076889e-01 8.49841058e-01 9.43877220e-01 6.90905869e-01
    1.41577005e-01 7.45710254e-01 6.74430192e-01 7.32821643e-01
    9.38280225e-01 6.77744329e-01 4.60196972e-01 7.65759826e-01
    4.69959617e-01 2.19264001e-01 4.24885303e-01 3.69934559e-01
    4.44170415e-01 6.18987799e-01 4.28212404e-01 8.50778341e-01
    8.78367782e-01 2.18192369e-01 9.19927359e-01 3.39537084e-01
    6.52645946e-01 4.08712566e-01 1.45639122e-01 4.24074143e-01
    9.44046974e-01 7.34195948e-01 2.25433677e-01 3.01450193e-01
    3.85976851e-01 5.69415092e-01 1.79795712e-01 1.33934230e-01
    2.88327515e-01 5.74541092e-01 8.14708233e-01 3.88693690e-01
    9.06162739e-01 9.58890438e-01 5.43629169e-01 4.45365876e-01
    3.00385416e-01 1.70818120e-01 1.33865923e-01 2.20834792e-01
    8.11354995e-01 1.29669905e-02 9.60155070e-01 5.99912882e-01
    6.68757379e-01 5.18910944e-01 3.68522942e-01 5.20253181e-02
    3.15129817e-01 4.65139747e-01 9.70439613e-01 6.18662775e-01
    5.99253774e-01 7.89604187e-02 2.62277901e-01 3.07385504e-01
    4.57973093e-01 8.38030696e-01 2.38101840e-01 7.37293899e-01
    2.05998302e-01 3.50779325e-01 5.68003774e-01 6.58771038e-01
    7.34573603e-01 4.50717211e-02 5.49250007e-01 2.63304889e-01
    1.82036340e-01 4.96147066e-01 1.80335164e-01 1.02479637e-01
    5.26546121e-01 2.74079978e-01 2.24998146e-01 7.88812518e-01
    6.98337853e-01 1.76196694e-01 6.80049539e-01 2.40941077e-01
    3.20092738e-02 5.85631371e-01 4.78995264e-01 4.96103317e-01
    9.99469161e-01 5.25118709e-02 3.38955373e-01 2.48261929e-01
    5.01322150e-01 1.15105063e-01 8.21902156e-01 3.78960252e-01
    1.43963277e-01 9.80555117e-02 8.63919556e-01 4.17947173e-02
    8.44174504e-01 4.82165396e-01 6.53903544e-01 2.16441184e-01
    6.73342645e-01 1.77105367e-01 3.02672088e-01 2.09299952e-01
    4.49976355e-01 8.62262487e-01 8.06906819e-01 1.91862315e-01
    8.98348212e-01 2.76000589e-01 5.81653535e-01 2.97580063e-02
    2.92037129e-02 9.52203870e-01 3.62112284e-01 8.14603329e-01
    3.36723924e-01 6.37069643e-02 9.04664159e-01 8.73157740e-01
    9.40660715e-01 5.06386161e-02 6.74182415e-01 3.37656140e-01
    8.64221156e-01 8.22825491e-01 1.76545352e-01 5.29410422e-01
    2.75096893e-01 1.11154020e-02 3.50935847e-01 2.55217224e-01
    1.14485830e-01 7.32735276e-01 7.06544995e-01 7.12886930e-01
    6.45913482e-01 6.28396749e-01 4.95490611e-01 4.34186965e-01
    9.37625825e-01 9.29222643e-01 5.86009622e-02 9.96372998e-02
    5.09754777e-01 8.85572672e-01 5.18537998e-01 7.08175480e-01
    2.24885911e-01 8.47812057e-01 4.07410055e-01 5.17089188e-01
    5.59166491e-01 4.57756758e-01 4.89475042e-01 7.09892869e-01
    5.57720840e-01 2.94438004e-01 2.82522678e-01 6.11007035e-01
    3.55929315e-01 8.59480500e-01 3.68917555e-01 6.20677173e-01
    8.31121564e-01 4.14300740e-01 7.30953097e-01 8.77998352e-01
    8.70289207e-02 7.71875918e-01 1.03946447e-01 1.09293431e-01
    9.08051968e-01 4.13568676e-01 3.55294555e-01 1.22492015e-02
    2.80190706e-01 6.75270498e-01 8.31844211e-01 8.25530410e-01
    5.53368688e-01 6.14807189e-01 3.18479359e-01 8.15237403e-01
    5.58304727e-01 6.34016514e-01 3.83181602e-01 5.39856553e-01
    4.29265529e-01 3.09842914e-01 3.04747134e-01 9.99728858e-01
    7.42353678e-01 8.98385346e-02 5.43390512e-01 4.64891911e-01
    7.71469831e-01 8.41581821e-02 9.96707201e-01 5.01519978e-01
    7.30612934e-01 3.98513258e-01 4.12580669e-01 5.01369178e-01
    4.84019905e-01 6.63786590e-01 9.90687609e-01 3.03575009e-01
    9.33590770e-01 7.22793519e-01 9.58636582e-01 8.80166769e-01
    3.26564908e-01 6.36391044e-02 1.17022097e-01 9.63918328e-01
    8.23074818e-01 9.43563402e-01 7.83876657e-01 1.96276486e-01
    6.37199163e-01 3.56865942e-01 3.24690819e-01 6.06825352e-02
    8.02006841e-01 1.83699071e-01 2.63105929e-02 3.78191471e-04
    4.88509685e-01 2.07746983e-01 2.53845751e-01 1.62070453e-01
    4.22470033e-01 8.06136370e-01 6.44883156e-01 1.94750279e-01
    9.37978387e-01 7.33985662e-01 5.51436126e-01 7.33044744e-01
    5.93088865e-02 1.97440207e-01 7.50641465e-01 1.24413520e-01
    8.96634102e-01 3.42711568e-01 3.36422861e-01 9.85039830e-01
    6.95034742e-01 6.61042809e-01 7.45002151e-01 5.57940900e-02
    8.90961349e-01 2.10987777e-01 7.51769722e-01 2.66606212e-01
    3.81164372e-01 9.16871130e-02 8.37518811e-01 1.47294998e-01
    3.11197549e-01 1.36734068e-01 3.80480051e-01 8.80688429e-01
    4.12907600e-01 4.15292919e-01 5.33711433e-01 7.95425832e-01
    6.33312225e-01 1.53100699e-01 8.83857727e-01 1.44499213e-01
    8.05249691e-01 7.64930248e-01 2.77254075e-01 1.91037893e-01
    2.42969066e-01 2.81154543e-01 7.97112346e-01 5.20999312e-01
    9.80940044e-01 6.83276474e-01 7.42914081e-02 2.20752656e-01
    9.83636379e-02 3.57550859e-01 7.89912283e-01 7.20553577e-01
    6.39644742e-01 9.47617650e-01 2.95445204e-01 4.16117609e-01
    6.74458623e-01 1.27102554e-01 4.56234276e-01 3.46766174e-01
    1.47670120e-01 4.70939428e-01 4.19218361e-01 8.46345425e-02
    1.82237446e-01 3.47699046e-01 3.57272148e-01 5.96272349e-01
    5.65847993e-01 6.44216061e-01 8.55174661e-03 2.44222522e-01
    1.12830520e-01 8.74227524e-01 5.82418561e-01 7.69688010e-01
    7.78456330e-01 9.61856484e-01 1.37803048e-01 9.55246091e-01
    7.96262026e-01 4.79504496e-01 6.59809828e-01 1.83988899e-01
    5.33789158e-01 9.29855585e-01 1.50798857e-02 1.18013442e-01
    6.27717137e-01 6.66614532e-01 2.30841905e-01 4.00642872e-01
    6.37398601e-01 8.63570511e-01 5.90790987e-01 1.13747299e-01
    3.49740386e-01 8.41778159e-01 8.28463614e-01 4.54330862e-01
    5.83936036e-01 1.88806355e-02 3.79144937e-01 2.05853641e-01
    2.80206263e-01 3.37829888e-01 6.75946832e-01 7.37173319e-01
    7.82964051e-01 2.20663100e-01 9.11863625e-01 9.74072814e-02
    6.00395143e-01 8.41191530e-01 9.30803478e-01 5.81273913e-01
    7.58214831e-01 4.93798435e-01 2.48016417e-02 9.32427824e-01
    4.58911031e-01 8.46073031e-01 5.71753204e-01 3.42938006e-02
    8.67974162e-01 8.85163724e-01 4.43916500e-01 2.91843563e-01
    1.21037394e-01 2.17560172e-01 8.45886171e-02 9.94412184e-01
    3.85873824e-01 7.41400719e-01 3.05856019e-01 4.37049299e-01
    5.11964142e-01 8.54940414e-01 1.76073730e-01 8.12888503e-01
    6.25347376e-01 6.07960165e-01 5.29534876e-01 9.61822629e-01
    5.28676212e-01 8.53584766e-01 2.06680417e-01 3.89895529e-01
    5.65504372e-01 4.87987161e-01 7.33815193e-01 4.80344027e-01
    6.29342198e-01 2.65528262e-01 4.80716497e-01 4.88952607e-01
    6.56993449e-01 9.45341110e-01 6.19965971e-01 5.74624658e-01
    3.63972098e-01 9.79021430e-01 8.86884809e-01 6.26852274e-01
    9.97921824e-01 1.85977221e-02 6.13134861e-01 9.58010972e-01
    6.08608246e-01 4.24982965e-01 1.12443417e-01 5.55770040e-01
    5.49315512e-01 4.51768726e-01 3.14595222e-01 2.52741873e-02
    2.56683469e-01 4.85841811e-01 3.86795670e-01 1.29261404e-01
    2.52658129e-03 4.42104340e-01 1.69705927e-01 1.16709858e-01
    7.75510490e-01 6.50256515e-01 1.47095650e-01 4.50795889e-02
    4.52106386e-01 4.48532373e-01 1.95178837e-01 3.91341656e-01
    7.35396266e-01 5.96216559e-01 7.48978376e-01 8.09068561e-01
    5.22417367e-01 6.06863260e-01 3.63188922e-01 9.37273741e-01
    3.21744204e-01 3.25231194e-01 8.37892890e-02 6.22038841e-01
    5.15374541e-01 3.07574749e-01 9.14351940e-02 4.76415545e-01
    3.53272557e-02 3.58754128e-01 9.51211333e-01 4.09033328e-01
    5.26944339e-01 3.94834548e-01 1.97999507e-01 8.39932084e-01
    2.56653488e-01 9.25894976e-02 5.44811070e-01 2.69317687e-01
    5.23746848e-01 1.25543058e-01 3.06862473e-01 1.67841792e-01
    2.90325046e-01 7.44734704e-01 5.71688294e-01 7.19510853e-01
    4.35078293e-01 9.30374503e-01 1.74517393e-01 2.48139799e-01
    1.21087164e-01 8.94376040e-01 3.13206673e-01 4.28879648e-01
    9.73706722e-01 5.81454694e-01 7.27786958e-01 1.50502741e-01
    9.55596864e-01 5.73465824e-01 2.11268008e-01 4.99407321e-01
    4.62858498e-01 5.64266741e-01 7.32367039e-02 6.72456324e-02
    1.92916870e-01 7.80535936e-01 8.59303355e-01 9.57936406e-01
    1.54074997e-01 5.51431835e-01 8.54606152e-01 7.67494977e-01
    3.38176012e-01 7.47587442e-01 8.75982285e-01 5.64354658e-01
    2.42857337e-02 9.17296171e-01 6.67900085e-01 4.65892583e-01
    5.04019737e-01 1.90777183e-01 4.67692792e-01 2.99385399e-01
    6.07146919e-02 7.86309540e-01 2.89647847e-01 8.48207593e-01
    5.66161573e-02 1.41767174e-01 5.50432205e-02 4.96109068e-01
    9.07529593e-01 5.93043268e-01 8.59473467e-01 3.46507430e-01
    3.52429241e-01 8.39022994e-01 1.47442281e-01 4.77638364e-01
    9.51120615e-01 5.34093380e-03 1.01270467e-01 9.85594392e-01
    4.32549238e-01 1.85215682e-01 9.48650837e-02 3.56238008e-01
    7.37374842e-01 9.91392314e-01 2.92974472e-01 1.00902766e-01
    6.68350220e-01 6.87843561e-03 6.46419168e-01 5.90011358e-01
    9.86616492e-01 2.84013063e-01 9.66416895e-02 6.89467490e-01
    4.49397564e-01 6.57705188e-01 3.84025574e-02 5.00803471e-01
    8.56837630e-01 9.14513052e-01 2.08636701e-01 4.25351769e-01
    6.60516739e-01 3.62981260e-01 3.64550948e-01 7.85095870e-01
    1.53454334e-01 9.51513708e-01 8.26087058e-01 5.09774327e-01
    2.58694291e-01 3.08222353e-01 7.67657399e-01 3.49506438e-01
    1.41869158e-01 9.31263328e-01 7.48144686e-01 3.47214341e-02
    4.49235320e-01 4.14009094e-02 3.33004206e-01 4.28479195e-01
    7.93385923e-01 2.57310182e-01 5.80257833e-01 8.52151394e-01
    3.61739695e-02 8.93093944e-01 6.69998288e-01 2.99331397e-01
    9.26794529e-01 7.24510849e-01 3.38404477e-02 5.81319273e-01
    4.69878912e-01 8.43850255e-01 1.98147386e-01 5.53656459e-01
    4.41196293e-01 3.22691053e-01 8.70706201e-01 7.78397262e-01
    9.58510578e-01 8.61249566e-01 2.56312609e-01 6.35165095e-01
    4.99266028e-01 5.01719594e-01 7.19529629e-01 8.79603744e-01
    3.38203311e-02 2.25605041e-01 2.73914278e-01 6.51262164e-01
    2.82628894e-01 7.95398951e-01 5.08681655e-01 6.23227477e-01
    2.63574421e-02 2.25128770e-01 4.46752340e-01 5.32651484e-01
    3.63991350e-01 3.69633138e-01 4.27167684e-01 6.53700471e-01
    9.36382771e-01 7.02577174e-01 6.72083557e-01 4.22911316e-01
    3.84841919e-01 8.28389883e-01 8.14737141e-01 2.99972534e-01
    4.67401743e-03 4.72116441e-01 9.47131157e-01 2.91745067e-02
    1.81584418e-01 9.59871769e-01 6.55425370e-01 5.31013012e-01
    6.37955010e-01 7.73356795e-01 1.74932867e-01 5.59086800e-02
    1.46723270e-01 8.27913642e-01 4.90023553e-01 5.02127469e-01
    1.41240954e-02 1.40951365e-01 7.42505908e-01 1.29350305e-01
    3.17829072e-01 2.46177912e-01 7.06659019e-01 4.25507307e-01
    2.99567372e-01 4.12678152e-01 9.99948323e-01 5.30505121e-01
    1.89358085e-01 1.77891791e-01 2.19127804e-01 7.89609194e-01
    4.84118789e-01 1.12277389e-01 1.80691302e-01 4.10834104e-01
    3.61097813e-01 9.31972384e-01 9.00049329e-01 2.41081297e-01
    8.88111472e-01 6.55752420e-01 5.86018324e-01 1.40278101e-01
    2.93489516e-01 8.91976535e-01 8.61248374e-01 8.20409775e-01
    6.87825322e-01 4.79676992e-01 6.28634095e-02 1.17500305e-01
    7.99969733e-01 3.29060197e-01 9.63772118e-01 6.57716751e-01
    9.38628674e-01 9.19177890e-01 1.73462152e-01 2.74899960e-01
    7.91117549e-01 1.27983481e-01 7.44129896e-01 3.63018870e-01
    9.56910849e-01 6.87938631e-01 9.13405418e-01 8.89275491e-01
    8.52575004e-02 2.99667001e-01 5.29806077e-01 4.78108883e-01
    5.51446915e-01 8.45170140e-01 4.50924248e-01 7.48312950e-01
    8.31628680e-01 7.05545902e-01 9.71153677e-01 7.05041528e-01
    5.37447810e-01 1.36477530e-01 8.46203208e-01 3.28486621e-01
    8.20155799e-01 3.39751482e-01 4.60832894e-01 4.38214242e-01
    3.11955452e-01 3.55933875e-01 7.54195213e-01 4.66592669e-01
    8.02216649e-01 5.44481277e-01 6.91307247e-01 5.49409330e-01
    3.73315990e-01 8.97836447e-01 7.88264990e-01 3.52818072e-02
    9.23606634e-01 2.63622642e-01 7.28890896e-02 7.15263963e-01
    6.05006337e-01 5.41277230e-01 5.82622111e-01 2.00144380e-01
    9.35326338e-01 7.76908278e-01 2.94802189e-02 7.38789856e-01
    8.16426396e-01 4.31346595e-01 2.49185652e-01 4.25587356e-01
    6.93580747e-01 5.86074412e-01 4.76061940e-01 1.75234348e-01
    8.21092665e-01 9.26202774e-01 8.58289361e-01 8.39500666e-01
    2.46342450e-01 2.70464540e-01 7.64196396e-01 9.22349989e-02
    4.30543125e-02 2.14797705e-01 7.47460663e-01 7.95077920e-01
    7.51429915e-01 6.61723256e-01 6.70630574e-01 7.00066864e-01
    5.84448636e-01 8.11965883e-01 1.90666825e-01 8.10911059e-01
    3.79111469e-02 6.63234830e-01 7.22514451e-01 5.91712952e-01
    5.34231782e-01 9.53537703e-01 3.02205443e-01 1.29828990e-01
    1.13334060e-02 6.74484611e-01 7.50907183e-01 3.52724433e-01
    4.92767841e-01 9.03783441e-01 7.13203013e-01 5.44229150e-03
    1.65064961e-01 7.62237132e-01 8.19109678e-01 4.97844100e-01
    8.76586556e-01 2.39161074e-01 9.32253122e-01 2.40118980e-01
    5.20193815e-01 9.99798536e-01 4.05488402e-01 5.16302645e-01
    1.29883230e-01 2.37306237e-01 5.11212647e-02 1.84652716e-01
    2.15877920e-01 1.09777302e-01 4.66717631e-01 8.26883256e-01
    8.48957300e-01 8.05440009e-01 8.36061478e-01 7.21656621e-01
    9.54752088e-01 4.29129660e-01 6.29096806e-01 5.27398169e-01
    2.64119118e-01 6.28384233e-01 1.88112885e-01 8.91905129e-01
    9.14998174e-01 2.86814511e-01 6.42966509e-01 2.77896911e-01
    2.79680252e-01 1.42451137e-01 5.31465113e-02 3.25136185e-02
    1.50219262e-01 7.30721414e-01 8.18684816e-01 8.76869440e-01
    5.62324107e-01 4.91283238e-02 3.50891650e-02 9.48270261e-01
    9.85261798e-03 6.68201745e-01 3.20318580e-01 6.65694296e-01
    5.87645710e-01 3.58899593e-01 5.23793757e-01 7.77363896e-01
    7.16447651e-01 6.58870995e-01 3.85931224e-01 3.13844949e-01
    4.75513369e-01 7.76114762e-01 6.10349953e-01 3.58558238e-01
    9.96026099e-01 5.34404755e-01 3.44786078e-01 5.70510864e-01
    5.98749757e-01 9.83848333e-01 8.16011310e-01 9.60333824e-01
    5.50252497e-01 8.90653491e-01 2.48053968e-02 1.00078136e-01
    6.42849028e-01 4.01205689e-01 1.72070265e-02 3.09762627e-01
    5.92589200e-01 3.59622717e-01 1.38258517e-01 3.83365095e-01
    1.89868629e-01 9.27831531e-01 4.52235550e-01 9.23743725e-01
    4.91814941e-01 8.74449849e-01 9.35734391e-01 6.50180817e-01
    4.15526569e-01 2.51464218e-01 5.49397171e-01 9.78466392e-01
    9.74237800e-01 3.23845744e-02 8.25915933e-01 4.74490225e-02
    5.11980057e-01 5.85660815e-01 8.69611621e-01 8.94673765e-01
    3.72963458e-01 3.16827595e-01 4.95649606e-01 4.06988472e-01
    2.00111866e-01 6.67555213e-01 7.96317339e-01 1.60966784e-01
    2.62674332e-01 5.67923188e-02 9.58943665e-02 9.68446851e-01
    7.52658188e-01 8.02088618e-01 5.69401205e-01 9.22967792e-01
    9.51540053e-01 4.69937921e-01 6.95837557e-01 5.16890287e-01
    1.26177788e-01 6.52489781e-01 8.36189568e-01 9.76982117e-02
    5.72045028e-01 3.40901673e-01 1.92702115e-01 2.56986886e-01
    7.76448369e-01 6.17398918e-02 2.27252841e-02 4.36051428e-01
    4.13776100e-01 4.93979156e-02 6.88506067e-01 5.16234040e-02
    4.49095219e-01 5.48178434e-01 3.91369373e-01 3.95712078e-01
    9.43448424e-01 4.56429720e-02 1.04427040e-02 6.58114433e-01
    5.51981747e-01 8.10704470e-01 4.27727103e-01 6.80053830e-02
    1.19233876e-01 2.41979420e-01 1.22886896e-02 3.30396116e-01
    3.77710253e-01 5.33933163e-01 1.84569597e-01 5.50357640e-01
    4.55960870e-01 2.41747499e-02 2.25979775e-01 8.67470324e-01
    3.37475419e-01 7.38025308e-01 5.41103363e-01 4.79545027e-01
    5.42160571e-01 1.79873854e-01 2.93656617e-01 5.86095750e-02
    3.83366764e-01 8.94156814e-01 5.72314560e-01 7.22332656e-01
    8.20535362e-01 1.07369572e-01 8.39812279e-01 8.57706666e-02
    5.80695271e-01 2.83948004e-01 3.50008368e-01 3.58548105e-01
    2.58383483e-01 4.48103100e-01 9.99954104e-01 7.31281638e-01
    6.81358278e-02 6.90740705e-01 3.61358881e-01 6.21638298e-01
    2.70170927e-01 7.60510206e-01 4.29080695e-01 1.55724287e-01
    9.95459914e-01 7.64769971e-01 8.95548224e-01 9.12034631e-01
    8.84233594e-01 6.10477805e-01 5.19496739e-01 4.34895456e-02
    3.37087899e-01 2.25490034e-01 2.99408376e-01 5.18487692e-01
    1.88781917e-01 2.38590956e-01 1.36423141e-01 1.93573684e-01
    3.29875380e-01 3.81665677e-01 5.12809217e-01 1.04185373e-01
    9.28336978e-01 5.99279106e-02 8.57243896e-01 4.38322097e-01
    7.97446072e-01 8.34587514e-01 1.73217744e-01 7.97191262e-01
    1.54457986e-01 7.73605227e-01 8.69647801e-01 4.04091716e-01
    8.43636751e-01 2.76600540e-01 3.40808272e-01 1.20534241e-01
    8.33839417e-01 3.12066853e-01 3.32231224e-01 6.87178373e-01
    6.81004584e-01 7.15809703e-01 5.98887324e-01 3.85029435e-01
    7.53616512e-01 6.82558775e-01 5.91196954e-01 7.67982244e-01
    6.48353934e-01 3.42338324e-01 8.34289849e-01 1.02510333e-01
    3.74426901e-01 6.27990246e-01 5.37409008e-01 7.50463307e-01
    1.23920053e-01 3.97569954e-01 6.24413252e-01 9.54171956e-01
    5.75388670e-01 6.72258437e-02 2.93984592e-01 7.90711164e-01
    1.55524135e-01 2.83674806e-01 8.89603972e-01 9.39391851e-01
    5.39263189e-01 8.79497290e-01 2.73817539e-01 5.45627356e-01
    7.89413393e-01 4.79650557e-01 1.96490824e-01 8.50107551e-01
    6.52464390e-01 1.54004276e-01 3.50118995e-01 7.60412991e-01
    5.08822680e-01 2.49676406e-02 4.37315106e-01 5.86010277e-01
    1.68006688e-01 3.78461570e-01 2.86313713e-01 8.37268233e-01
    8.00429821e-01 8.63802791e-01 2.37472206e-01 6.73085809e-01
    9.34589624e-01 4.69409853e-01 2.34514415e-01 8.69917989e-01
    7.61833727e-01 1.96731478e-01 4.66738433e-01 9.00710464e-01
    5.00772715e-01 6.24706328e-01 5.29203713e-01 6.47595406e-01
    2.41405189e-01 6.13213420e-01 3.63331318e-01 6.87014461e-01
    2.20129400e-01 9.75932181e-01 5.71712494e-01 6.81967199e-01
    8.82619321e-02 5.71065247e-01 5.05480886e-01 9.59774315e-01
    5.87632120e-01 8.85978162e-01 8.38662267e-01 4.91353691e-01
    9.43844438e-01 4.91650373e-01 8.32003236e-01 4.75444496e-02
    9.32098210e-01 2.55785048e-01 1.22029960e-01 7.27788389e-01
    8.00927341e-01 5.46573639e-01 4.92990136e-01 4.42967504e-01
    8.20491254e-01 2.76346564e-01 7.87742496e-01 6.21311903e-01
    1.00340009e-01 9.82194185e-01 8.62242937e-01 8.66984248e-01
    4.32475924e-01 6.39223635e-01 5.51157415e-01 8.98892641e-01
    5.51671922e-01 7.19028473e-01 9.13406074e-01 9.14329290e-03
    8.31800222e-01 9.01352286e-01 7.87835121e-01 4.61085647e-01
    8.70534778e-01 8.94905686e-01 3.49872291e-01 8.84185195e-01
    5.58536291e-01 3.85106206e-02 8.89150023e-01 8.50713432e-01
    6.24976695e-01 9.72387493e-01 2.31408477e-01 7.91354597e-01
    7.79808879e-01 3.62214029e-01 6.14605308e-01 1.05683208e-02
    7.95050859e-01 7.49336243e-01 1.07958883e-01 9.90480185e-01
    3.44230711e-01 9.54838514e-01 8.79690289e-01 9.08884645e-01
    4.65921462e-02 5.67197204e-01 1.11178845e-01 2.33502567e-01
    9.99600768e-01 5.07625222e-01 9.95608687e-01 1.27342075e-01
    1.24813914e-02 5.71931899e-02 9.39448953e-01 4.22810167e-01
    4.27532554e-01 4.48014677e-01 9.01243448e-01 4.45092171e-01
    8.28865767e-01 9.31573808e-01 6.15236223e-01 7.93696046e-01
    2.98416734e-01 6.68336034e-01 2.71100521e-01 6.05595767e-01
    3.88003886e-02 3.02266121e-01 3.64545763e-01 8.49473119e-01
    2.76551902e-01 6.64208949e-01 7.13304520e-01 3.51528287e-01
    9.15522695e-01 7.47737408e-01 8.66185546e-01 7.76949286e-01
    8.84680331e-01 6.10479712e-01 6.82879865e-01 3.93199325e-01
    9.44240451e-01 3.66739362e-01 3.17835242e-01 9.52078223e-01
    6.26829863e-01 1.42702609e-01 5.51278830e-01 8.77568722e-01
    8.00085962e-02 2.74489641e-01 7.02714443e-01 7.79278994e-01
    5.57976246e-01 4.44526166e-01 8.73837948e-01 3.15080494e-01
    9.70788002e-02 7.70393908e-02 8.35319042e-01 2.71814585e-01
    1.36917979e-01 1.12761974e-01 7.52584100e-01 5.60733318e-01
    6.33286655e-01 7.05656171e-01 7.86104202e-01 9.44229543e-01
    1.63492024e-01 5.32959163e-01 2.25476444e-01 3.67514789e-02
    2.08114594e-01 7.37700105e-01 5.43306470e-02 4.88090217e-02
    9.70593691e-01 2.71105915e-01 3.45388055e-03 9.67127442e-01
    7.31623471e-02 9.05825555e-01 3.17685485e-01 8.52554440e-01
    5.37904799e-01 8.82117569e-01 6.61048293e-01 1.87929869e-01
    4.39216197e-01 8.92453790e-01 5.11621416e-01 3.83630455e-01
    4.65943128e-01 6.51611805e-01 9.78136182e-01 9.83125806e-01
    9.89054203e-01 8.23459744e-01 6.40087426e-01 5.84864318e-01
    5.49501181e-01 4.33001697e-01 5.75224698e-01 3.68957728e-01
    4.12473351e-01 6.00069344e-01 4.38482672e-01 3.23961020e-01
    3.11872363e-01 4.77494031e-01 5.95711350e-01 9.81557488e-01
    4.84258741e-01 1.91016644e-01 8.68371010e-01 8.93165350e-01
    8.48068893e-02 2.57813126e-01 5.47902346e-01 3.04351360e-01
    1.34271711e-01 7.42105961e-01 3.59771401e-01 9.64786172e-01
    5.87134898e-01 4.00493354e-01 9.25742149e-01 8.11841428e-01
    8.25283647e-01 2.38099992e-01 1.11080170e-01 1.57099456e-01
    7.30360985e-01 3.46814573e-01 9.51249242e-01 8.44598830e-01
    6.68821216e-01 5.50768733e-01 6.30056024e-01 7.44414806e-01
    8.53863955e-01 1.97547376e-01 3.50802928e-01 4.29678589e-01
    6.05638623e-01 9.79620218e-01 9.61077690e-01 3.32356453e-01
    3.80483925e-01 4.67537552e-01 1.42638862e-01 7.33377337e-01
    2.37368882e-01 4.14917409e-01 7.55029678e-01 1.75680935e-01
    5.72645903e-01 7.92060554e-01 4.70051050e-01 7.67958462e-01
    4.61946547e-01 2.24437237e-01 7.63324678e-01 3.74068677e-01
    6.15852952e-01 7.93692470e-01 9.03636932e-01 1.20798498e-01
    5.61536372e-01 6.04659140e-01 3.07260066e-01 2.20142305e-01
    4.57083166e-01 4.63523030e-01 4.04102743e-01 5.28606653e-01
    8.43618989e-01 5.16877353e-01 8.72317016e-01 1.88753515e-01
    3.55676651e-01 4.29271191e-01 4.42400575e-01 5.43602884e-01
    2.65534192e-01 6.08973026e-01 2.14329094e-01 5.04866600e-01
    3.07860315e-01 8.42498660e-01 5.04239917e-01 2.95565009e-01
    2.78472245e-01 7.08808303e-01 5.36068082e-02 7.64680803e-02
    1.35501504e-01 5.04468799e-01 4.15051252e-01 1.30120218e-01
    7.08650529e-01 5.32355964e-01 8.41122329e-01 9.06276107e-02
    3.76483828e-01 9.16088104e-01 8.87760520e-01 9.83643532e-01
    6.55377865e-01 3.34705830e-01 1.38301104e-01 1.21537149e-01
    6.86543643e-01 9.43385780e-01 9.40094829e-01 8.71998668e-01
    2.93112278e-01 7.50634432e-01 9.10957456e-01 2.12463409e-01
    3.14711928e-02 7.88708746e-01 6.46620989e-03 3.57469738e-01
    5.26738584e-01 7.32952595e-01 1.45897508e-01 7.42630064e-01
    5.31229854e-01 4.16533917e-01 9.37263548e-01 4.52976704e-01
    9.59874272e-01 7.70246148e-01 6.26536369e-01 6.11448705e-01
    6.56975448e-01 2.54473776e-01 4.89424467e-01 6.62882209e-01
    9.68652725e-01 2.50805795e-01 3.79776955e-02 6.32269204e-01
    7.92118907e-03 3.66126329e-01 8.23743939e-01 6.17837846e-01
    2.71158010e-01 7.55533576e-03 5.49111187e-01 2.48123527e-01
    8.57230783e-01 8.12611878e-01 2.70356774e-01 2.52533734e-01
    6.10494018e-01 1.59286290e-01 1.38344973e-01 7.04160213e-01
    5.50645113e-01 9.50596035e-01 2.59608328e-02 4.03097957e-01
    7.32951462e-02 8.26388001e-02 4.41789478e-01 6.01753592e-02
    7.42742181e-01 4.36642945e-01 7.38017261e-01 8.13581944e-01
    5.01618564e-01 9.40901041e-01 7.94651031e-01 7.76612818e-01
    2.87194848e-02 1.63979530e-01 5.02695799e-01 8.21282029e-01
    3.69249940e-01 4.44913268e-01 2.18192756e-01 8.96384001e-01
    3.58742565e-01 8.41677785e-01 6.86729908e-01 8.04253221e-01
    4.39243555e-01 6.25985146e-01 3.48894358e-01 2.27958441e-01
    6.18919015e-01 8.17531228e-01 1.63688749e-01 4.48591650e-01
    9.94042158e-02 2.30593681e-02 9.04734194e-01 1.07361823e-01
    2.17340440e-01 6.99578524e-01 6.39864445e-01 2.34453887e-01
    5.93703270e-01 2.80869305e-02 4.90217298e-01 5.23246527e-02
    9.65844631e-01 1.90075934e-01 8.73388171e-01 6.67536855e-01
    2.17158139e-01 2.89866328e-03 5.65401971e-01 2.61987448e-02
    4.66590047e-01 8.11841786e-02 1.76724702e-01 3.09816658e-01
    6.27808511e-01 7.35186100e-01 2.55604327e-01 4.07417119e-02
    6.69268727e-01 5.72686315e-01 6.62343502e-01 2.82550335e-01
    6.43828213e-01 7.17728794e-01 7.91448474e-01 3.52358341e-01
    5.63353837e-01 6.81375146e-01 7.10875869e-01 7.03160465e-01
    2.43059427e-01 1.17950171e-01 8.04141641e-01 5.12656569e-03
    9.00387883e-01 1.61801994e-01 4.13374156e-01 6.65687919e-01
    6.36390388e-01 7.58784115e-01 7.21098661e-01 7.13276744e-01
    3.90849262e-01 8.94310474e-01 8.68700147e-02 3.39075685e-01
    1.61716521e-01 3.49964529e-01 6.80034459e-02 5.52268922e-02
    7.52393067e-01 7.82281399e-01 5.03921568e-01 7.50767648e-01
    3.93354565e-01 7.15510011e-01 4.26750809e-01 2.99199820e-01
    8.62023711e-01 3.63528967e-01 1.53050125e-02 3.18552077e-01
    8.87989402e-01 1.49378330e-01 4.98838812e-01 5.96597433e-01
    2.93362677e-01 3.70543659e-01 6.21394873e-01 7.87182808e-01
    7.63582110e-01 4.77703363e-01 5.30199170e-01 6.17510080e-02
    1.15009040e-01 4.13193583e-01 5.61632574e-01 7.34594643e-01
    5.10181069e-01 5.23433685e-01 2.02361315e-01 5.09021401e-01
    5.16919136e-01 8.79826546e-02 2.88896978e-01 8.99335444e-02
    4.84489590e-01 2.39861935e-01 9.24176216e-01 5.74396372e-01
    1.20637834e-01 3.68837893e-01 6.96841776e-02 6.13737643e-01
    8.53540778e-01 9.53048587e-01 9.41846609e-01 2.56141424e-02
    8.38269949e-01 1.33136183e-01 6.53120995e-01 8.57729912e-01
    3.44500065e-01 3.89556885e-01 5.06908298e-01 7.28316665e-01
    3.59180033e-01 7.94988036e-01 6.23892903e-01 9.58176553e-01
    7.68464446e-01 4.58168209e-01 8.19335699e-01 3.40340555e-01
    1.78528249e-01 1.70235664e-01 5.45725822e-02 8.89144540e-01
    9.00260568e-01 3.17206293e-01 8.02405477e-01 8.41098666e-01
    4.81961608e-01 4.53602910e-01 3.09708744e-01 1.51265413e-01
    7.49240994e-01 5.45310974e-02 3.30206901e-01 9.70745742e-01
    3.48404944e-02 1.96117580e-01 7.31781125e-03 3.78212333e-01
    7.70324945e-01 1.84274524e-01 1.12057626e-02 8.69022310e-02
    3.43480885e-01 9.01982069e-01 5.37323058e-01 7.86764205e-01
    1.77673638e-01 4.81235087e-02 2.65022278e-01 2.70418286e-01
    7.04093695e-01 9.88183141e-01 5.32341301e-02 2.86844492e-01
    9.29305792e-01 4.41442937e-01 6.41043782e-01 4.01051044e-02
    3.15162510e-01 6.59916401e-01 6.53458238e-01 4.89181578e-02
    9.47889507e-01 7.76980877e-01 5.28988540e-01 5.17371655e-01
    1.05277151e-01 6.15754366e-01 7.85786271e-01 4.53193188e-02
    3.61920893e-01 9.97434378e-01 6.35946393e-02 6.59259081e-01
    5.75004578e-01 6.67080224e-01 9.30641472e-01 8.96942019e-02
    3.93481106e-01 8.60930085e-01 6.99860394e-01 4.01832402e-01
    3.61491233e-01 3.62289310e-01 6.58811390e-01 7.41027355e-01
    9.97647166e-01 2.57147431e-01 5.70346713e-02 3.07904840e-01
    8.82609963e-01 5.04287720e-01 4.29119766e-01 6.05324686e-01
    9.93132055e-01 9.85462546e-01 7.44628072e-01 3.10773432e-01
    9.15127754e-01 4.43107963e-01 7.11615980e-01 1.19206905e-02
    3.74909818e-01 1.49051636e-01 2.76178122e-04 2.54257619e-01
    6.41992629e-01 1.44259125e-01 7.64331162e-01 4.43957746e-01
    2.15146601e-01 6.75593257e-01 5.52332938e-01 3.82336050e-01
    7.84514785e-01 9.67725635e-01 3.64709258e-01 4.63891089e-01
    3.03471565e-01 6.11476481e-01 9.71206188e-01 8.39969575e-01
    6.24163032e-01 4.22051191e-01 9.71412539e-01 1.72176152e-01
    9.73191381e-01 3.59626353e-01 3.72005105e-02 6.10316873e-01
    4.07635689e-01 6.25668228e-01 3.17446053e-01 7.69367337e-01
    1.96813881e-01 1.80918127e-01 1.18238509e-01 4.77134585e-02
    8.09022307e-01 7.60164857e-01 5.58950603e-02 7.13206768e-01
    9.05477881e-01 6.56576455e-01 2.25372851e-01 1.21354192e-01
    6.27739429e-01 3.38683963e-01 9.44515944e-01 5.89943230e-01
    6.27938867e-01 9.44853246e-01 7.95064926e-01 7.50311375e-01
    8.08094680e-01 2.06992328e-01 2.00536847e-03 1.54825836e-01
    1.87396824e-01 6.18446827e-01 9.48160172e-01 3.85281444e-02
    5.77642620e-01 8.14679861e-01 1.69011682e-01 1.94327921e-01
    4.03972745e-01 2.99694419e-01 4.95559633e-01 6.29342079e-01
    5.15199363e-01 1.18468732e-01 9.27750289e-01 5.01749158e-01
    9.85153913e-02 6.25646412e-02 5.97037792e-01 5.12239993e-01
    4.41342771e-01 8.63917172e-01 4.71155494e-01 8.32523942e-01
    3.13295007e-01 1.40435010e-01 4.24471557e-01 3.61923367e-01
    4.10443544e-03 7.23298132e-01 4.32355195e-01 9.58252847e-02
    5.40845454e-01 1.08046174e-01 6.19091272e-01 6.44331574e-01
    3.97382677e-02 2.22274750e-01 1.50206476e-01 2.59048343e-01
    3.05744022e-01 8.70986402e-01 3.28282416e-01 1.86848700e-01
    8.11381817e-01 9.19055820e-01 7.62291551e-02 9.03809547e-01
    6.96348727e-01 7.59202898e-01 2.84422636e-02 3.83649588e-01
    3.55455488e-01 7.89189935e-01 3.27047408e-01 1.28310144e-01
    3.55031431e-01 8.34919930e-01 3.34445536e-02 5.80724359e-01
    1.52607024e-01 3.79844338e-01 9.74465728e-01 6.90296531e-01
    5.13329446e-01 8.93291056e-01 6.93789124e-01 3.05854201e-01
    8.25260282e-02 6.83902502e-01 3.75420064e-01 3.03201318e-01
    6.73456311e-01 9.59383965e-01 5.47655225e-01 2.90684462e-01
    7.16750383e-01 7.13990569e-01 4.58773851e-01 8.31986666e-01
    3.28889906e-01 9.22545373e-01 1.81472301e-03 4.59598720e-01
    2.31028914e-01 7.26698875e-01 3.29125285e-01 9.49786007e-02
    2.10193813e-01 6.68426991e-01 9.39644873e-02 8.20612550e-01
    2.35306263e-01 5.52948058e-01 3.28813493e-01 1.31541848e-01
    5.51896751e-01 3.10280919e-02 7.87941575e-01 9.95675683e-01
    5.82013547e-01 4.15052384e-01 1.32727623e-03 1.76527560e-01
    3.40185910e-01 3.85028094e-01 9.29634094e-01 1.32159531e-01
    7.92241991e-01 7.22138047e-01 6.06927395e-01 6.42019629e-01
    5.89397490e-01 7.16439009e-01 4.84363854e-01 1.00759834e-01
    7.95074821e-01 3.08752537e-01 6.64117038e-02 3.02018046e-01
    7.08037794e-01 4.70742226e-01 3.34632993e-02 4.01496887e-01
    3.10981274e-01 7.68925011e-01 4.09927398e-01 9.71764445e-01
    9.85182166e-01 5.33901274e-01 2.74038017e-01 4.34377521e-01
    7.71533847e-01 4.34539914e-01 5.19248009e-01 8.90568674e-01
    7.54964054e-02 2.47361422e-01 6.66191578e-02 1.20415658e-01
    6.25430465e-01 3.78824174e-02 4.41273123e-01 4.65708971e-02
    9.33424234e-01 7.56812930e-01 3.47509503e-01 1.96209162e-01
    8.78015637e-01 4.04869378e-01 2.29942292e-01 1.41191781e-02
    1.78389519e-01 9.77568626e-02 4.85935509e-01 3.16942453e-01
    6.50457621e-01 8.47021580e-01 7.73526788e-01 6.95774436e-01
    7.19425440e-01 4.29894924e-02 7.33623326e-01 1.56510860e-01
    2.35678732e-01 5.85399270e-01 7.47692466e-01 9.69038904e-01
    8.71790528e-01 4.86993492e-02 8.98951411e-01 3.18047047e-01
    8.48563790e-01 1.03208244e-01 6.85665727e-01 2.56896734e-01
    9.93566871e-01 4.43292946e-01 8.95245850e-01 2.59372741e-01
    1.66011453e-01 7.90972471e-01 2.29437917e-01 3.37670922e-01
    7.47460186e-01 5.12102664e-01 6.20843232e-01 2.79927552e-01
    9.28480923e-02 5.28980911e-01 1.30237877e-01 3.16784650e-01
    4.07990068e-01 5.98818123e-01 7.37629116e-01 9.02420521e-01
    2.45775700e-01 9.78322506e-01 3.32162112e-01 9.92369533e-01
    9.89108801e-01 7.31424391e-01 6.14599764e-01 6.42160535e-01
    8.77083302e-01 9.76121664e-01 8.29484105e-01 7.34376371e-01
    5.25727689e-01 6.57653749e-01 3.41158330e-01 8.87997389e-01
    6.24914050e-01 9.60758865e-01 4.01352912e-01 5.75309753e-01
    6.35625422e-02 3.70888650e-01 2.01651484e-01 7.54017115e-01
    9.01977420e-01 1.07432276e-01 5.19007921e-01 5.26062310e-01
    9.57329214e-01 5.38365066e-01 5.91584921e-01 8.37977171e-01
    2.00104684e-01 3.99840087e-01 7.70388246e-01 1.60385728e-01
    9.15427446e-01 1.04298145e-01 3.31113428e-01 5.70390940e-01
    5.55045366e-01 4.62138206e-01 2.82588840e-01 7.05321789e-01
    8.64687502e-01 2.27965027e-01 3.88592899e-01 2.12563038e-01
    2.75495052e-01 7.01697826e-01 8.74884725e-01 3.03704530e-01
    8.96501184e-01 4.17396367e-01 2.21507430e-01 9.43613291e-01
    3.56370330e-01 1.85099244e-03 2.74695218e-01 7.96145201e-01
    6.38967097e-01 9.08543706e-01 5.43702841e-01 3.44765723e-01
    5.38574636e-01 8.50513458e-01 2.64856935e-01 9.96890664e-03
    5.37682772e-01 4.94286627e-01 6.37058675e-01 5.88039994e-01
    6.00708008e-01 6.91270351e-01 1.51423365e-01 1.18990719e-01
    6.71318054e-01 8.92692864e-01 5.80057204e-01 4.52600271e-01
    9.23551202e-01 2.47610182e-01 2.97933757e-01 5.53484023e-01
    3.08977783e-01 1.38295650e-01 1.66853011e-01 3.34866226e-01
    9.68198419e-01 8.42424035e-01 1.39824331e-01 3.73441368e-01
    2.45517135e-01 1.14760280e-01 1.21220112e-01 5.31769454e-01
    1.12494677e-01 5.24998903e-02 1.34869695e-01 7.76401043e-01
    2.25849926e-01 9.45900321e-01 3.88427794e-01 7.41508722e-01
    4.22105402e-01 7.06548333e-01 3.10496032e-01 1.57956034e-01
    2.85657287e-01 5.47792614e-02 1.17716968e-01 4.94976044e-02
    8.82776260e-01 7.38450646e-01 4.92401302e-01 2.67028034e-01
    1.89737052e-01 9.82788861e-01 7.54582942e-01 7.49444425e-01
    7.46278644e-01 3.31995189e-01 1.08050287e-01 7.42902756e-01
    9.54138160e-01 6.95289612e-01 3.60965192e-01 1.36685818e-01
    4.16479588e-01 3.17650497e-01 6.99465692e-01 6.57542348e-01
    1.59244567e-01 1.33705229e-01 5.16544640e-01 3.53804767e-01
    7.72348344e-02 3.45016062e-01 4.78661060e-01 5.78335702e-01
    9.37788963e-01 3.08888823e-01 6.57054961e-01 7.23014295e-01
    8.79167438e-01 4.82673556e-01 6.43308043e-01 1.52096897e-01
    7.06438363e-01 7.01358438e-01 6.67688131e-01 7.38944590e-01
    1.55898452e-01 6.77855909e-01 6.12348676e-01 4.44203287e-01
    5.59613705e-01 1.90643072e-02 3.49594593e-01 8.04051638e-01
    5.56901097e-01 4.40710604e-01 1.70344710e-01 1.82973206e-01
    8.36901069e-01 9.06533420e-01 5.83923578e-01 8.87644649e-01
    8.01340461e-01 6.40297711e-01 1.46689594e-01 4.28901315e-02
    8.44711959e-01 1.97773129e-01 5.99979341e-01 4.37633634e-01
    3.15601051e-01 9.51027036e-01 7.44352341e-01 3.91718447e-02
    5.71535468e-01 7.83172727e-01 2.56135046e-01 5.20967185e-01
    4.48171049e-01 1.91804528e-01 7.70006418e-01 9.56657767e-01
    6.57059789e-01 9.84545827e-01 4.93944496e-01 1.52330011e-01
    5.50944388e-01 1.51480287e-01 1.13214016e-01 2.68322408e-01
    1.74871325e-01 4.89413619e-01 4.30070311e-01 7.27344275e-01
    4.29546833e-02 1.99232012e-01 2.01653332e-01 8.10406446e-01
    9.61308777e-02 8.92917275e-01 8.93595934e-01 6.17842555e-01
    8.67400646e-01 7.54462004e-01 5.52573442e-01 7.23880351e-01
    6.90655649e-01 9.35500562e-01 9.68927503e-01 4.02696371e-01
    8.23573768e-02 9.35294449e-01 8.89199913e-01 7.79993057e-01
    5.63787878e-01 4.26633000e-01 3.66512477e-01 1.87135339e-01
    2.15339452e-01 1.27789229e-01 1.81973338e-01 5.85720360e-01
    1.78169131e-01 6.78444088e-01 3.03246796e-01 2.53286660e-01
    6.89812839e-01 1.63239419e-01 6.61851645e-01 5.62480450e-01
    1.58369839e-01 4.16281819e-02 5.63694894e-01 1.14437699e-01
    9.09164429e-01 2.65407205e-01 4.72702384e-01 5.54469287e-01
    6.89369082e-01 6.39312863e-01 8.89532328e-01 6.62423074e-01
    6.87521517e-01 7.67151117e-01 1.03155732e-01 5.59595108e-01
    5.88344812e-01 4.15329367e-01 7.18593001e-01 1.98593855e-01
    7.53797829e-01 8.08927894e-01 2.98498422e-01 6.91934228e-01
    4.72502619e-01 5.43994844e-01 1.80920810e-01 3.84481966e-01
    9.74893928e-01 6.42955959e-01 4.23224002e-01 2.00064808e-01
    4.71723437e-01 4.04565632e-02 1.23369843e-01 3.09883893e-01
    5.40024817e-01 2.26543605e-01 7.08675444e-01 1.83965176e-01
    2.46377945e-01 2.66570210e-01 2.17882216e-01 7.01567888e-01
    4.64149445e-01 2.68199146e-01 1.95564270e-01 3.55318815e-01
    7.87379563e-01 1.54388309e-01 1.23929381e-02 7.28498995e-01
    9.71456409e-01 1.90455824e-01 5.63787103e-01 7.57882953e-01
    8.41336727e-01 6.12613261e-01 5.08530855e-01 2.78625607e-01
    6.05887413e-01 6.08815491e-01 7.90003538e-01 4.38417375e-01
    3.46415699e-01 6.07535839e-01 8.93074512e-01 2.94862747e-01
    9.86040831e-02 5.45349717e-02 6.73800349e-01 4.99100655e-01
    4.98640656e-01 1.39458776e-02 8.29004049e-01 5.06770372e-01
    6.81089163e-01 4.04448092e-01 4.23323780e-01 1.58000737e-01
    1.58690721e-01 3.57519627e-01 1.33025169e-01 8.42318535e-01
    5.81956387e-01 1.73898965e-01 9.74459052e-01 1.80787176e-01
    6.72561526e-02 2.72032112e-01 2.97647655e-01 9.19243574e-01
    4.38172519e-01 1.90077662e-01 6.64038479e-01 2.06032753e-01
    6.39010668e-01 9.76145148e-01 6.71120822e-01 6.79500103e-02
    8.13432455e-01 7.05170274e-01 6.34520948e-01 4.62673634e-01
    7.48486161e-01 9.01200533e-01 5.80684483e-01 1.32518709e-02
    9.20139849e-01 2.80473202e-01 5.05367398e-01 2.96020865e-01
    9.63014662e-01 5.45624793e-01 4.20388967e-01 2.36385733e-01
    7.78645456e-01 5.52842796e-01 7.68361032e-01 1.70336187e-01
    7.89027691e-01 7.93069303e-02 9.88624156e-01 4.76512313e-01
    3.16636324e-01 9.42213595e-01 4.23051447e-01 7.96349883e-01
    8.72580767e-01 8.98422897e-01 6.06572628e-02 7.38588214e-01
    9.54792976e-01 8.42302918e-01 1.17336035e-01 4.60682482e-01
    1.78754687e-01 8.17068577e-01 5.55896997e-01 4.50819463e-01
    9.96572554e-01 1.81009322e-01 3.04749548e-01 1.16113037e-01
    7.27451146e-01 5.11844635e-01 2.33013391e-01 5.68056703e-01
    6.64050639e-01 8.33108127e-02 3.63633275e-01 2.17707455e-02
    6.47278428e-02 9.38499093e-01 2.62261689e-01 5.19798994e-01
    7.08952904e-01 6.74540102e-02 7.16143250e-02 1.18087828e-01
    3.59090924e-01 3.03688079e-01 5.72163880e-01 4.16370064e-01
    4.00418729e-01 5.16468585e-01 7.02794373e-01 9.30390835e-01
    4.55576807e-01 7.37452626e-01 5.74505925e-02 4.39319909e-01
    9.31677580e-01 9.57010806e-01 1.06172413e-01 8.25741649e-01
    1.82646900e-01 6.87186122e-01 1.20275497e-01 1.04590356e-01
    2.61690736e-01 6.91860735e-01 4.15102720e-01 8.77131224e-01
    7.10537076e-01 2.61427164e-01 6.44178152e-01 8.09960723e-01
    2.68428564e-01 3.78717959e-01 6.69103861e-01 2.07455844e-01
    1.24312788e-01 5.82390666e-01 9.25103188e-01 1.15231544e-01
    2.57579625e-01 7.68651009e-01 7.52048612e-01 6.56517744e-01
    2.13977516e-01 2.36111015e-01 2.46649981e-03 7.78215647e-01
    2.37601280e-01 6.87796354e-01 6.05447710e-01 5.13272703e-01
    6.66456938e-01 6.67651355e-01 4.82600987e-01 5.23573339e-01
    8.89425278e-01 9.96404886e-01 2.48983979e-01 9.59200978e-01
    7.78147101e-01 2.99188733e-01 6.62394643e-01 1.63575053e-01
    4.75537002e-01 5.62834382e-01 7.09560454e-01 2.51437634e-01
    6.89333975e-02 3.96529317e-01 9.02293921e-02 9.69788432e-01
    1.66175634e-01 6.89450800e-01 8.83939505e-01 8.96099508e-01
    3.09627652e-01 5.32776594e-01 2.56671071e-01 4.45859849e-01
    6.26318693e-01 7.11608231e-02 2.11217523e-01 2.89571524e-01
    6.25380278e-01 4.74936247e-01 1.56602859e-01 3.13169003e-01
    4.70039845e-01 1.48179561e-01 6.58146262e-01 8.74313235e-01
    3.48190874e-01 7.78042614e-01 9.29724693e-01 6.00943744e-01
    8.15724313e-01 4.59957421e-01 8.94997895e-01 7.53680825e-01
    9.79448915e-01 1.79125577e-01 5.56834698e-01 7.91465044e-01
    5.09699285e-01 5.22086740e-01 6.64632916e-02 4.45593119e-01
    5.30110657e-01 9.41558599e-01 3.68735194e-02 2.08126396e-01
    9.80481207e-02 9.19628084e-01 3.33610237e-01 9.55018640e-01
    4.91653562e-01 2.72069395e-01 5.56484461e-01 7.42833495e-01
    6.72021866e-01 3.80589664e-02 8.93699050e-01 1.50137961e-01
    8.95222962e-01 3.18747431e-01 5.32223582e-02 7.96265960e-01
    5.80659509e-01 5.92312396e-01 1.96423829e-01 5.61195135e-01
    8.37402940e-01 6.25931263e-01 7.78975785e-01 1.88264906e-01
    6.45918727e-01 5.74452400e-01 2.67699897e-01 5.45694947e-01
    6.01134539e-01 6.68102086e-01 4.10995424e-01 9.46974397e-01
    8.59691799e-01 1.22956961e-01 2.80491829e-01 3.80754679e-01
    4.03355062e-02 8.17026615e-01 5.06792307e-01 2.71291018e-01
    1.26190931e-01 3.45669329e-01 4.28645551e-01 3.26705635e-01
    3.87517512e-02 8.33419561e-01 4.94384319e-01 1.13108367e-01
    1.16719633e-01 5.69435835e-01 2.09690899e-01 8.68762493e-01
    7.26449966e-01 3.44219804e-01 3.83755952e-01 9.01090503e-02
    8.91561151e-01 9.25992191e-01 1.84828937e-02 2.59871066e-01
    2.95319915e-01 6.48288250e-01 1.43780142e-01 6.83817267e-01
    2.69537061e-01 3.33350748e-01 8.29968095e-01 5.84075749e-02
    1.18013918e-02 7.97416925e-01 6.11360610e-01 4.37246472e-01
    5.83285153e-01 9.14488614e-01 8.79573941e-01 3.00551355e-02
    4.16211247e-01 9.79212403e-01 8.12282979e-01 8.33231688e-01
    8.86489391e-01 8.15569818e-01 5.49771726e-01 3.84248257e-01
    8.34892750e-01 1.80855691e-01 6.06334209e-03 1.73771560e-01
    3.13140094e-01 5.27158380e-03 2.42149830e-01 1.07871532e-01
    5.12443721e-01 4.03898805e-01 2.12621748e-01 1.81896925e-01
    2.39752948e-01 6.44139588e-01 6.80045962e-01 4.43403423e-01
    5.87589622e-01 1.44395828e-01 4.71098691e-01 5.62270880e-01
    3.36438060e-01 3.98450047e-01 2.26524472e-02 7.04771698e-01
    9.55589533e-01 2.57188022e-01 6.29603863e-04 4.74204123e-01
    3.42106700e-01 2.90150732e-01 7.63383865e-01 5.20835280e-01
    4.76129204e-01 6.53970718e-01 4.41745728e-01 1.46041363e-01
    3.86602670e-01 3.28751415e-01 6.63699031e-01 2.59171903e-01
    2.42866695e-01 4.49757218e-01 7.88469791e-01 9.78426933e-01
    7.47828424e-01 4.42591608e-01 1.22266293e-01 8.43657732e-01
    1.56250685e-01 9.09429371e-01 5.81034124e-02 7.48537183e-02
    9.37997401e-02 8.95170569e-01 5.30505121e-01 1.80605143e-01
    4.81462538e-01 2.52667904e-01 5.68997681e-01 1.65797561e-01
    9.55144167e-01 7.83645809e-01 4.16504979e-01 6.06431067e-01
    8.41916621e-01 5.96828103e-01 6.92497492e-02 4.62322831e-02
    2.03702450e-02 2.73145437e-02 7.27472305e-02 9.41084027e-02
    5.67683578e-01 6.73541427e-02 7.99957156e-01 1.85195208e-01
    9.60130394e-02 5.89924335e-01 7.20944107e-02 8.98370683e-01
    2.61330366e-01 1.99047595e-01 3.54601324e-01 1.84075952e-01
    1.68372005e-01 8.63032341e-01 3.88929307e-01 2.82548457e-01
    8.52350354e-01 5.22730947e-01 8.44987273e-01 3.18135440e-01
    8.52470398e-02 7.74340153e-01 1.68113172e-01 9.08028185e-01
    8.58590245e-01 8.96561146e-03 5.77391863e-01 8.72996688e-01
    3.23471129e-01 7.60195255e-01 3.12479794e-01 3.01290125e-01
    1.92803949e-01 5.85438132e-01 2.93964446e-01 9.66813326e-01
    1.68533236e-01 5.14630854e-01 2.89327979e-01 1.16868734e-01
    4.28305477e-01 6.05343223e-01 6.34093404e-01 2.01259851e-01
    8.48276019e-01 1.58836901e-01 5.50616086e-01 9.85575140e-01
    8.58261347e-01 7.40731001e-01 7.64719129e-01 7.40318000e-01
    4.73440856e-01 9.89939690e-01 2.32443660e-01 5.11584222e-01
    6.63403213e-01 2.70860851e-01 1.01038873e-01 2.38993168e-02
    9.71802294e-01 9.05237973e-01 5.57576716e-02 8.20276022e-01
    4.66886789e-01 3.39223444e-01 1.00674123e-01 7.49134421e-01
    4.48621511e-02 8.94128323e-01 4.49757576e-02 2.71957070e-01
    6.92135692e-01 6.55046403e-01 2.39268720e-01 8.91990662e-01
    6.45799637e-01 8.41633797e-01 6.57923818e-01 2.73054481e-01
    3.67516607e-01 6.77995741e-01 1.85337216e-01 7.82736540e-02
    4.10717666e-01 5.06727695e-02 1.88679248e-01 8.32482338e-01
    2.10438758e-01 3.70447427e-01 7.22866476e-01 8.72030377e-01
    3.80338132e-01 7.73080468e-01 1.49625391e-01 9.84543085e-01
    8.23359907e-01 1.07370615e-01 3.26384336e-01 1.65385425e-01
    2.60327309e-01 6.37658834e-02 1.02897555e-01 4.66112196e-01
    4.99555081e-01 9.76938307e-01 1.72910690e-01 6.71461046e-01
    8.30166101e-01 8.44470799e-01 8.76966476e-01 3.87389660e-01
    5.60922325e-01 3.94870639e-02 5.49695849e-01 4.03601885e-01
    2.58180916e-01 4.30274099e-01 9.72977042e-01 7.30395615e-02
    3.30460221e-01 4.30931091e-01 2.09577143e-01 1.21812046e-01
    4.39223528e-01 4.35830832e-01 2.49317259e-01 7.76971936e-01
    2.56584167e-01 5.82435548e-01 1.95744991e-01 9.72334087e-01
    8.98556352e-01 9.71539438e-01 7.52938151e-01 7.54874051e-02
    5.45187712e-01 2.33911693e-01 9.50003743e-01 8.71254742e-01
    2.45295048e-01 2.00588703e-02 6.10874712e-01 3.29543829e-01
    3.94192636e-01 1.82631403e-01 9.80927169e-01 1.14077091e-01
    9.38319445e-01 4.85661656e-01 4.20852900e-01 8.34783852e-01
    9.94160414e-01 5.34805417e-01 3.80833805e-01 8.61409187e-01
    6.33486211e-01 8.86469364e-01 1.25112265e-01 9.44297314e-01
    8.03139508e-02 1.80381536e-03 2.71265864e-01 8.13420653e-01
    3.34126830e-01 8.15322042e-01 6.63065434e-01 9.06204045e-01
    6.36169553e-01 4.02969748e-01 8.23144794e-01 6.06646657e-01
    7.04945028e-01 7.96731353e-01 6.07077360e-01 5.38370550e-01
    6.09640956e-01 7.79431820e-01 6.58629656e-01 1.97995812e-01
    1.39242828e-01 5.07486820e-01 7.44985640e-02 7.83710897e-01
    5.54142416e-01 5.18333375e-01 2.08186865e-01 9.11580205e-01
    9.92232919e-01 7.70524204e-01 5.24438381e-01 4.47523743e-01
    9.30689454e-01 4.73332912e-01 6.34447336e-02 4.56825227e-01
    9.81440783e-01 5.34379959e-01 3.59262764e-01 9.89170969e-02
    9.91173327e-01 8.83692622e-01 3.91593039e-01 4.92636651e-01
    8.39809835e-01 6.39691353e-02 8.15401733e-01 4.16642368e-01
    2.73152649e-01 5.16297638e-01 3.54819626e-01 1.03980660e-01
    8.90015125e-01 4.16812599e-02 3.72397780e-01 1.72111243e-01
    5.99762142e-01 6.55059695e-01 5.16346097e-01 9.99051809e-01
    7.72219896e-03 1.22237116e-01 1.28478050e-01 6.29330277e-01
    6.95460141e-02 1.02140307e-02 4.43348676e-01 3.62802327e-01
    6.31203532e-01 4.24001962e-01 3.54649276e-01 6.01749003e-01
    3.74213040e-01 6.12640142e-01 8.80145788e-01 5.63556433e-01
    7.13614821e-01 7.11340308e-01 5.83120704e-01 8.24865222e-01
    5.90519905e-01 8.18081856e-01 6.05682433e-01 7.20309317e-02
    4.86907750e-01 6.45491421e-01 2.98856556e-01 8.10973048e-01
    7.11887121e-01 7.53919721e-01 2.90764689e-01 8.30327392e-01
    6.43718839e-02 1.14557326e-01 1.54814214e-01 4.38198924e-01
    8.35637331e-01 9.48345065e-01 6.83140039e-01 7.89723456e-01
    8.04779112e-01 2.45243847e-01 5.09508252e-02 7.64364600e-02
    2.07537413e-02 3.29320937e-01 7.50421584e-01 7.81689525e-01
    9.43455875e-01 3.65877986e-01 2.96168238e-01 9.98741984e-01
    1.48072839e-02 6.71984792e-01 1.38090223e-01 6.64494395e-01
    6.91661716e-01 3.51547301e-01 8.50236714e-01 4.24688280e-01
    7.04612970e-01 7.56771326e-01 5.96181750e-01 2.03363448e-01
    7.73842096e-01 2.97558904e-01 8.15582395e-01 6.19671166e-01
    5.51034808e-01 5.53845644e-01 4.06343400e-01 6.72745407e-02
    6.05012596e-01 6.40222728e-01 5.88387370e-01 1.89273655e-01
    8.04414511e-01 4.61082578e-01 7.12332964e-01 8.03935349e-01
    6.80619657e-01 2.79348493e-01 3.63068819e-01 1.81530565e-01
    5.71232259e-01 5.34450769e-01 5.69463968e-02 8.44240785e-01
    8.64531279e-01 2.35307813e-01 4.56557214e-01 2.46610850e-01
    9.85411406e-01 2.12926984e-01 6.19387031e-02 2.71785140e-01
    6.75760269e-01 4.27322149e-01 8.28803122e-01 5.01161337e-01
    2.75805771e-01 3.55240196e-01 4.57273185e-01 5.63482106e-01
    1.45143151e-01 8.29274297e-01 9.98359084e-01 5.61419368e-01
    3.47866297e-01 6.55920446e-01 8.45214128e-01 8.96365404e-01
    5.91559768e-01 3.27772200e-01 9.61128116e-01 8.75228524e-01
    3.19435567e-01 2.75119245e-02 6.70662820e-01 4.90918458e-01
    1.32863015e-01 9.97637987e-01 8.73359144e-02 6.92746043e-01
    8.62692535e-01 9.07167673e-01 9.16465759e-01 1.34562850e-02
    1.66057527e-01 6.18699014e-01 9.97653008e-01 1.34604186e-01
    4.04167652e-01 7.28321910e-01 8.06525350e-01 5.40272713e-01
    9.50773716e-01 1.55253768e-01 5.74640989e-01 7.92050958e-01
    9.27787423e-02 4.21742320e-01 1.84152991e-01 9.89685595e-01
    1.69683129e-01 5.75415730e-01 9.62078333e-01 7.38574743e-01
    8.48450065e-02 9.65419412e-01 6.93329930e-01 9.49605823e-01
    7.95205951e-01 9.52331424e-01 8.23456645e-01 1.19355589e-01
    5.23328781e-01 9.78606343e-02 4.76048201e-01 7.50659347e-01
    3.48974049e-01 6.71245575e-01 1.51207477e-01 1.85540020e-01
    9.21536326e-01 7.38381505e-01 3.40513229e-01 5.90637982e-01
    1.85610414e-01 4.65628952e-01 1.83065563e-01 1.51867479e-01
    7.13143289e-01 2.67636538e-01 4.75439042e-01 3.01023602e-01
    9.12009180e-01 1.59772336e-01 3.14114332e-01 3.36462736e-01
    4.84567583e-01 4.98970896e-01 6.12905562e-01 3.96140814e-02
    6.68911219e-01 7.82870054e-02 5.26860416e-01 8.36649001e-01
    3.62870663e-01 7.41609037e-01 2.96173513e-01 6.61582351e-02
    5.60345292e-01 8.72946382e-01 5.78076243e-02 2.71551669e-01
    9.23565209e-01 4.67851698e-01 9.45129037e-01 5.54941177e-01
    9.23202455e-01 6.10976815e-02 2.54478931e-01 9.36412692e-01
    4.90003556e-01 9.30218816e-01 1.84118986e-01 2.53077984e-01
    9.54907537e-01 3.28805894e-01 6.15913570e-01 3.56078416e-01
    4.30425972e-01 8.58270824e-02 2.09363908e-01 4.94531959e-01
    5.81318140e-03 6.92619681e-02 2.91362941e-01 5.29530168e-01
    5.79880893e-01 7.46846437e-01 7.96583414e-01 2.71877170e-01
    1.13516927e-01 6.84564233e-01 6.79200351e-01 5.25913060e-01
    7.88846314e-02 3.01545918e-01 3.81298244e-01 3.98404539e-01
    6.57036781e-01 7.74161458e-01 4.91743892e-01 1.59650713e-01
    6.67306721e-01 9.42880273e-01 2.85882503e-01 8.15257549e-01
    5.52287757e-01 4.08579588e-01 8.85906339e-01 4.86083657e-01
    8.06863785e-01 8.10020328e-01 3.07038009e-01 6.66158736e-01
    3.04336548e-01 6.87494397e-01 6.35178506e-01 2.94729233e-01
    5.18892944e-01 3.47581506e-01 1.37310326e-02 3.43168527e-01
    2.88819939e-01 3.97485644e-01 1.10268593e-06 8.00253034e-01
    9.26770270e-01 1.95450872e-01 5.60101449e-01 7.80255795e-02
    9.41439390e-01 3.51585448e-01 4.54891026e-02 9.71069813e-01
    2.00928807e-01 7.65754044e-01 4.16847616e-01 7.92811632e-01
    4.82669115e-01 6.88370347e-01 4.34339285e-01 4.24245954e-01
    4.92413253e-01 9.08626318e-01 5.57797849e-01 8.99416804e-02
    2.58464515e-02 5.18508554e-02 7.88184822e-01 3.98215055e-01
    7.62664676e-01 1.43900901e-01 2.60026962e-01 7.85466552e-01
    5.78276455e-01 5.99156260e-01 7.98714161e-02 8.70469213e-01
    3.07179928e-01 3.30763519e-01 7.78883815e-01 3.59041244e-01
    8.69229734e-01 2.09333032e-01 3.89850467e-01 1.68078363e-01
    6.91619337e-01 9.78454113e-01 6.87581420e-01 4.30074692e-01
    5.41099489e-01 9.02229130e-01 8.13286543e-01 8.05861831e-01
    9.18784082e-01 3.57627571e-01 3.14980805e-01 9.30768847e-01
    6.44381046e-02 5.14389813e-01 6.31639659e-01 5.05176842e-01
    2.53452241e-01 6.74997449e-01 1.01602942e-01 1.38866603e-01
    4.82775271e-02 7.02414811e-02 8.33945334e-01 7.10896075e-01
    6.64055824e-01 2.78264105e-01 5.50061643e-01 6.30229414e-02
    1.11089319e-01 1.76383287e-01 1.47082776e-01 5.25507271e-01
    6.88578129e-01 2.62063086e-01 8.03457260e-01 8.37818921e-01
    4.10055518e-01 1.12697154e-01 1.40725851e-01 9.03573275e-01
    8.61133575e-01 9.14207697e-01 9.39509571e-02 3.36518586e-02
    8.20954561e-01 9.35451567e-01 5.94949007e-01 6.23369932e-01
    9.18835640e-01 9.04048085e-01 1.90257937e-01 3.28801274e-01
    6.25137091e-01 2.28825271e-01 7.83644319e-02 3.74223322e-01
    9.09145832e-01 2.00671613e-01 6.24722660e-01 7.77787685e-01
    6.75966740e-01 9.80322957e-01 4.88969088e-02 8.40935826e-01
    8.35587144e-01 9.47020650e-01 5.66964686e-01 1.04310542e-01
    7.04090893e-02 2.74577498e-01 8.74437451e-01 9.56707835e-01
    1.70459092e-01 8.35271180e-01 8.06826949e-01 5.85009813e-01
    2.97278345e-01 1.80748105e-03 1.63607240e-01 4.82406020e-01
    3.63214612e-01 9.59620595e-01 5.14408410e-01 4.20687884e-01
    6.11241460e-01 1.67466402e-02 3.15507174e-01 1.10154241e-01
    5.37423491e-02 2.75087416e-01 2.59091258e-02 5.57729006e-01
    3.75722945e-02 3.29245239e-01 5.20403326e-01 1.18860930e-01
    8.19578469e-02 7.21035957e-01 6.40426993e-01 3.24723423e-02
    8.88547003e-01 1.56522572e-01 5.54426432e-01 5.04871666e-01
    1.71276689e-01 5.21225810e-01 7.84396172e-01 6.14128232e-01
    6.45707250e-01 4.52713132e-01 1.61663055e-01 2.95937002e-01
    1.28400058e-01 9.89036381e-01 2.02994943e-01 6.52193725e-02
    2.30851144e-01 2.55459368e-01 9.53778267e-01 1.19916975e-01
    5.33377528e-01 1.50089949e-01 6.43767297e-01 2.36179799e-01
    6.09613895e-01 4.66078252e-01 9.51337814e-03 2.30159909e-01
    9.09012318e-01 9.37982798e-01 9.34421241e-01 6.08320415e-01
    7.17725992e-01 4.52025503e-01 5.84726930e-01 5.74450374e-01
    6.30052388e-02 5.16421199e-02 8.93991470e-01 3.02943110e-01
    1.59269840e-01 6.83501542e-01 5.97249448e-01 4.15498823e-01
    3.35703820e-01 9.20363903e-01 3.40228200e-01 5.41803598e-01
    5.94878972e-01 9.11566615e-02 8.78709257e-01 8.01784873e-01
    7.47317076e-01 9.43155944e-01 2.34946132e-01 8.24271739e-01
    9.04998183e-02 8.88104558e-01 9.07350421e-01 5.25232732e-01
    9.56680775e-01 9.37989056e-01 4.91971672e-01 3.90817046e-01
    7.87321627e-01 8.51230860e-01 4.97079343e-01 3.76945853e-01
    7.09639311e-01 8.35580945e-01 1.42285526e-02 3.03165257e-01
    6.92919493e-02 9.60612297e-02 9.06404972e-01 2.93555856e-03
    4.72303361e-01 6.48602247e-01 9.60490704e-02 5.63082695e-01
    2.30586141e-01 4.32992369e-01 2.13629991e-01 2.38136053e-01
    8.34428966e-01 8.20606232e-01 1.06239915e-01 1.97608203e-01
    4.58101004e-01 9.70703959e-01 9.50506032e-01 7.29493439e-01
    1.68017775e-01 8.75987113e-02 9.72889006e-01 3.59981418e-01
    3.20515156e-01 5.77648997e-01 3.40973139e-02 5.83354831e-01
    9.44806218e-01 1.22306705e-01 6.30790055e-01 8.27016234e-01
    2.37050891e-01 5.63508987e-01 9.35875952e-01 1.41244799e-01
    4.91670668e-02 2.67161429e-01 3.22462916e-01 9.61647332e-01
    9.37301397e-01 2.42354512e-01 7.11089790e-01 6.25491142e-01
    6.41574204e-01 9.24379706e-01 3.14909637e-01 7.78795123e-01
    3.26159000e-02 4.75108922e-02 3.32031310e-01 6.58078134e-01
    9.79555488e-01 9.29235637e-01 5.33388913e-01 3.20968419e-01
    6.56434774e-01 1.89068675e-01 8.71730089e-01 8.28572452e-01
    3.66445988e-01 7.36956716e-01 1.40630573e-01 7.72955656e-01
    9.75464523e-01 1.26020133e-01 1.52426600e-01 8.01402926e-01
    1.48810536e-01 9.43282008e-01 6.10276997e-01 2.11925715e-01
    6.71537280e-01 2.22976357e-01 5.63191891e-01 2.08230078e-01
    1.24353468e-02 3.76270592e-01 5.48972607e-01 5.00835478e-01
    1.03833467e-01 2.06416070e-01 4.89635170e-02 5.17137349e-01
    4.85695601e-01 6.89674973e-01 9.52872276e-01 7.01899648e-01
    8.27976942e-01 7.47274160e-01 4.53388184e-01 8.73592019e-01
    8.26714933e-01 7.04258084e-01 9.67220545e-01 5.06358743e-01
    4.31932390e-01 5.30578554e-01 9.32795227e-01 6.09674335e-01
    8.19357634e-01 9.01368022e-01 2.70239413e-02 3.36044967e-01
    1.64251059e-01 6.12388313e-01 8.47052336e-01 9.26067591e-01
    1.67992592e-01 2.10212141e-01 5.94537854e-02 7.70862818e-01
    2.01150119e-01 5.35172880e-01 5.24420500e-01 5.76051772e-02
    9.43312526e-01 3.25859070e-01 1.39612913e-01 4.66958344e-01
    2.00144053e-01 3.71157348e-01 4.78722274e-01 8.34087849e-01
    4.35980260e-01 5.60238779e-01 4.29051757e-01 5.08379817e-01
    7.80224800e-05 4.11047190e-01 4.65224266e-01 2.86422074e-01
    3.82848382e-02 2.41419047e-01 5.89841247e-01 4.17839110e-01
    7.70429134e-01 4.64816034e-01 3.33597988e-01 7.82572985e-01
    8.38884294e-01 8.38038743e-01 3.08029175e-01 5.09987235e-01
    5.98947108e-01 9.25561607e-01 1.27302766e-01 1.03322208e-01
    2.27248579e-01 7.71701336e-01 7.90990949e-01 7.86304832e-01
    1.96758091e-01 7.72872925e-01 1.43555403e-01 3.29899848e-01
    9.45385695e-01 4.54733759e-01 3.84421825e-01 3.47106487e-01
    4.73755270e-01 2.69922495e-01 2.36880869e-01 5.18140078e-01
    4.29763824e-01 2.06403464e-01 9.05057251e-01 1.82939172e-01
    1.97211534e-01 7.81993389e-01 9.32700157e-01 7.29650259e-02
    2.05815226e-01 7.65959024e-01 1.42369449e-01 3.65125656e-01
    4.91052568e-01 9.47752237e-01 6.97608352e-01 4.18850482e-02
    8.05759072e-01 6.32891774e-01 6.53212845e-01 7.82476664e-01
    9.31685746e-01 2.68882662e-01 8.15961599e-01 8.81601691e-01
    3.08337510e-02 4.86838609e-01 5.96428454e-01 8.95684242e-01
    7.52373099e-01 1.01194203e-01 2.25847960e-02 5.65242112e-01
    4.27018344e-01 3.46676350e-01 6.72487855e-01 6.54626787e-02
    1.35049731e-01 6.81775093e-01 8.75611126e-01 8.77726138e-01
    3.23241830e-01 1.05341971e-01 4.24023271e-01 5.14233768e-01
    2.96960056e-01 4.22498822e-01 2.26644039e-01 1.11236542e-01
    9.48263049e-01 8.49612296e-01 1.55609518e-01 3.42384577e-02
    1.87989473e-02 1.99991852e-01 7.08239019e-01 4.07970428e-01
    4.84097987e-01 2.08267003e-01 3.88914376e-01 6.21899366e-01
    4.76872206e-01 6.35073543e-01 6.64463580e-01 6.16737187e-01
    5.99130034e-01 8.48087668e-02 8.03189039e-01 6.29956186e-01
    1.29741639e-01 3.13334882e-01 2.58071244e-01 5.08676231e-01
    3.27189445e-01 7.76458740e-01 7.57503092e-01 3.01377565e-01
    1.29178762e-02 7.40621388e-01 4.75639671e-01 7.68700540e-02
    5.13109207e-01 7.57477403e-01 3.27594757e-01 3.23198438e-02
    7.56107211e-01 3.41026336e-01 4.79907244e-01 4.06247497e-01
    4.76717860e-01 4.15805876e-02 7.04259396e-01 4.76149499e-01
    9.61637974e-01 5.43461502e-01 6.31096780e-01 8.95765722e-01
    5.98430157e-01 9.17309284e-01 3.64639699e-01 9.13580060e-01
    3.94099832e-01 8.92934799e-01 1.60098314e-01 6.88772082e-01
    6.70170367e-01 6.02955759e-01 5.05956173e-01 2.36610472e-01
    3.95580739e-01 6.22463584e-01 4.89636183e-01 9.66142178e-01
    3.86926055e-01 5.94941735e-01 7.90797591e-01 2.92871624e-01
    2.70337164e-01 1.65367633e-01 4.19029683e-01 9.32894707e-01
    9.36556578e-01 9.30168033e-01 2.29751885e-01 9.12171602e-01
    7.84576774e-01 3.82353932e-01 8.36305737e-01 2.05174536e-01
    1.80763394e-01 8.29046369e-01 7.04314113e-01 3.54088187e-01
    2.25252450e-01 5.90029359e-02 7.48066127e-01 5.88453412e-02
    7.27095306e-02 3.01895857e-01 2.46431082e-01 2.39884645e-01
    3.34982455e-01 3.54562819e-01 8.81232798e-01 1.25989050e-01
    2.52391994e-02 8.50136995e-01 6.25562251e-01 9.60494936e-01
    6.12179339e-01 7.57099032e-01 5.19664884e-02 7.60746837e-01
    5.39639175e-01 7.83424616e-01 4.21427071e-01 5.15483916e-01
    3.79306048e-01 8.42510760e-01 8.35994542e-01 1.48798376e-01
    4.95027900e-01 7.51862049e-01 4.17919427e-01 1.82226926e-01
    3.64962220e-01 4.15856898e-01 5.36051750e-01 6.63176656e-01
    5.12172341e-01 7.48390794e-01 7.15346217e-01 1.70223922e-01
    5.54693520e-01 1.29531175e-01 7.04953551e-01 7.40173161e-02
    2.35992223e-01 2.07682520e-01 8.61478567e-01 3.17704678e-01
    1.73620313e-01 2.87459612e-01 4.52431798e-01 2.79754996e-02
    6.98002040e-01 3.39836538e-01 1.60525352e-01 1.19538844e-01
    2.03174829e-01 7.96000659e-01 2.43145227e-03 4.27270025e-01
    7.06555068e-01 2.92861938e-01 7.38855720e-01 3.11258405e-01
    7.27698505e-01 5.10461330e-02 1.61794037e-01 6.55621052e-01
    6.15927875e-01 4.31299329e-01 7.04020679e-01 2.25124151e-01
    6.11681223e-01 5.09806335e-01 6.20971799e-01 9.24067795e-02
    3.79212677e-01 1.33079588e-02 9.34357584e-01 5.42088568e-01
    4.85167146e-01 5.99654615e-01 5.20203054e-01 1.86132908e-01
    1.44054919e-01 3.91723424e-01 2.60514617e-01 4.72036451e-01
    6.69100702e-01 8.60402882e-02 7.00483620e-01 3.93283784e-01
    9.09064412e-01 8.66968632e-01 5.44144928e-01 7.90483713e-01
    7.52208889e-01 7.90271282e-01 6.08332574e-01 8.13470125e-01
    9.26838875e-01 5.91920912e-01 8.71697068e-01 2.57385671e-01
    7.35083163e-01 4.03753549e-01 3.48995060e-01 3.10096353e-01
    7.70010591e-01 9.81091559e-01 6.99296713e-01 5.81740141e-01
    3.95287275e-01 4.77743238e-01 1.24943256e-01 1.00005656e-01
    1.36840254e-01 8.88251066e-01 5.65294385e-01 9.89394784e-01
    9.55838144e-01 8.41975212e-02 2.61659265e-01 9.69617426e-01
    6.85895860e-01 2.80871928e-01 6.91535890e-01 1.34712279e-01
    7.96967745e-02 9.07256246e-01 9.51421857e-01 9.98476744e-01
    1.14285648e-01 7.19458342e-01 5.78338921e-01 2.37798810e-01
    9.05416369e-01 2.74899423e-01 9.69633520e-01 5.82358718e-01
    1.18743986e-01 9.46749270e-01 1.93307877e-01 7.69901991e-01
    1.83829814e-01 5.11015415e-01 2.07261950e-01 2.07893163e-01
    5.97023666e-01 1.47812545e-01 9.10775304e-01 5.52108109e-01
    3.71918619e-01 3.19500625e-01 4.25265133e-02 8.93205702e-01
    9.69092011e-01 8.08615386e-01 7.28407502e-02 9.19982076e-01
    8.95625830e-01 9.03796911e-01 2.42276996e-01 2.12763846e-01
    4.08602059e-02 1.58087909e-02 3.06583256e-01 4.55263257e-03
    7.89315999e-02 1.50281608e-01 8.91659498e-01 8.90587568e-01
    5.12069762e-02 4.50133115e-01 6.99374080e-01 7.64273763e-01
    7.23715782e-01 2.86245048e-01 9.62096751e-01 5.40797293e-01
    4.84920740e-01 1.81836873e-01 8.89052927e-01 5.47689795e-01
    8.32695842e-01 9.32472467e-01 3.67352337e-01 4.03350532e-01
    4.47360069e-01 8.00518692e-01 5.44243336e-01 8.53620291e-01
    4.32945937e-01 5.39916456e-02 3.47289026e-01 1.39376700e-01
    3.19438934e-01 2.13205814e-03 2.46471167e-03 8.52631569e-01
    8.16088438e-01 3.83995146e-01 6.99889302e-01 4.78651732e-01
    8.08223844e-01 7.15500474e-01 2.11594254e-01 8.42357516e-01
    6.22744679e-01 8.39215398e-01 7.67247438e-01 6.27486229e-01
    3.17479134e-01 1.02373779e-01 6.10289216e-01 7.47501850e-04
    6.39133215e-01 6.98801637e-01 3.45135212e-01 1.35248661e-01
    2.43036687e-01 2.58023530e-01 5.95457137e-01 9.78486180e-01
    1.03288352e-01 8.06711316e-01 6.40686810e-01 4.85498428e-01
    4.80011106e-03 9.76473153e-01 6.55191839e-01 8.54813337e-01
    8.47263932e-02 2.23791957e-01 4.31819975e-01 4.56634939e-01
    7.98572659e-01 1.05688542e-01 3.96130681e-02 1.81084961e-01
    4.36057568e-01 8.60007823e-01 7.62153506e-01 9.19539928e-01
    4.24048305e-02 7.16322720e-01 5.73818803e-01 6.26288772e-01
    4.47984666e-01 5.76962173e-01 3.79678309e-02 6.67766690e-01
    9.84746814e-01 7.04825103e-01 1.05324328e-01 2.01488882e-01
    7.28654861e-01 3.73274386e-01 8.76654983e-01 8.50050330e-01
    9.79332089e-01 8.75994682e-01 8.36095810e-02 2.64425069e-01
    1.53658301e-01 5.08542120e-01 6.61190510e-01 8.52043271e-01
    2.93693483e-01 7.04684913e-01 9.86004174e-02 3.75655174e-01
    1.09249204e-01 5.56392074e-02 6.60976648e-01 1.31375045e-01
    6.19728208e-01 3.58303726e-01 6.43069923e-01 7.32529283e-01
    7.10342050e-01 4.92711365e-02 3.50610942e-01 9.62276101e-01
    6.78843439e-01 8.36521029e-01 3.57966453e-01 3.25019091e-01
    4.75931466e-02 8.25240493e-01 1.71102047e-01 9.56333637e-01
    7.79511333e-01 5.46117604e-01 9.55110431e-01 1.27833366e-01
    5.23364544e-01 8.48754644e-01 6.21941447e-01 6.09970689e-02
    2.18473256e-01 5.41752875e-01 7.92596340e-01 1.34190768e-01
    3.01800072e-01 5.24665356e-01 8.12807262e-01 9.30720031e-01
    2.65920460e-02 8.85144711e-01 3.96428078e-01 4.75434631e-01
    7.28646815e-02 2.82162189e-01 4.26398456e-01 1.31934702e-01
    9.45304871e-01 6.32228434e-01 8.49634409e-03 2.38840878e-02
    5.58427751e-01 6.83018923e-01 5.79147160e-01 9.37115788e-01
    1.00114524e-01 9.31958437e-01 9.75277543e-01 2.14325249e-01
    9.19840932e-01 4.60000098e-01 7.36694872e-01 6.54149234e-01
    6.66306376e-01 2.61265337e-01 8.69946837e-01 1.11767232e-01
    3.36216271e-01 7.15026021e-01 9.67092395e-01 6.25707865e-01
    7.91812003e-01 3.90800834e-02 1.57167375e-01 5.94420612e-01
    5.47133565e-01 6.56514883e-01 8.88634980e-01 4.06958520e-01
    3.79020572e-02 9.96950269e-01 3.06840837e-01 4.95651156e-01
    6.21718049e-01 9.28566456e-02 2.69266844e-01 6.05897605e-01
    6.66308522e-01 1.31592840e-01 3.42494339e-01 6.52491927e-01
    3.83693337e-01 9.14631844e-01 7.77754486e-02 7.86366224e-01
    1.68184102e-01 7.82247186e-01 2.54687071e-02 2.24558234e-01
    9.46527481e-01 8.97273064e-01 5.28403819e-01 8.11667621e-01
    7.89293408e-01 6.67741895e-03 4.77265716e-02 2.64780521e-01
    4.48561907e-02 6.34330451e-01 8.25397670e-02 8.00827682e-01
    7.44332612e-01 9.33605790e-01 9.40999389e-01 4.83195126e-01
    3.67453098e-02 1.35746241e-01 1.00989401e-01 8.34328532e-01
    2.57926106e-01 5.79656959e-01 3.22457850e-01 9.77941453e-02
    3.82084042e-01 4.53168154e-02 2.72806585e-02 4.53978449e-01
    2.37664640e-01 1.23215139e-01 4.18471187e-01 4.40477252e-01
    7.23897755e-01 3.20146680e-02 4.00978804e-01 5.81452549e-01
    5.59448540e-01 2.77719259e-01 5.13582051e-01 3.26911211e-01
    4.44422960e-01 5.90664029e-01 4.89743710e-01 8.27311933e-01
    8.58182311e-01 2.59736180e-01 9.91532028e-01 3.48117948e-02
    9.33917582e-01 5.93002677e-01 6.00526810e-01 4.02948171e-01
    1.26636565e-01 5.08168817e-01 1.87244058e-01 8.93315911e-01
    2.98409969e-01 9.33652878e-01 9.29464400e-01 4.02392328e-01
    5.55579364e-01 1.67458355e-02 9.48478639e-01 6.17690802e-01
    9.73287284e-01 4.91535902e-01 7.28893340e-01 6.22164190e-01
    8.50847721e-01 8.87621760e-01 2.54423022e-01 5.75965166e-01
    5.89964867e-01 6.35008454e-01 1.18298948e-01 7.40517318e-01
    1.98992997e-01 3.46906662e-01 7.84971714e-02 4.80361611e-01
    4.91575897e-01 1.21281981e-01 6.99817240e-01 5.97612858e-01
    1.70983166e-01 3.11453253e-01 1.43415213e-01 7.89453626e-01
    5.85696399e-01 5.92782497e-01 2.15761572e-01 7.56026864e-01
    1.47105277e-01 1.36516809e-01 3.35190475e-01 6.37919486e-01
    9.53010201e-01 4.02298391e-01 5.35350084e-01 4.21743602e-01
    9.07881677e-01 6.55706227e-02 5.35650015e-01 2.88336277e-01
    3.35078239e-01 4.52806145e-01 6.12719595e-01 8.01131487e-01
    9.95470405e-01 8.89019966e-02 8.71184468e-01 5.43244720e-01
    2.11703777e-03 3.70135307e-01 5.42436004e-01 4.70309019e-01
    7.00062811e-02 7.99655914e-01 6.11239135e-01 6.06513619e-01
    8.72783422e-01 1.76876217e-01 2.73990631e-03 5.76270580e-01
    4.66090679e-01 9.65540886e-01 3.49508584e-01 7.63682127e-01
    3.23772490e-01 3.90814662e-01 6.91738009e-01 2.06215799e-01
    9.69874144e-01 1.26618385e-01 3.88333708e-01 6.46352410e-01
    8.89290094e-01 8.24622631e-01 9.78448749e-01 3.50413203e-01
    4.04893279e-01 6.91419542e-02 6.73519969e-01 7.49889493e-01
    7.45264530e-01 1.29294068e-01 4.01722789e-01 3.74493390e-01
    1.51764303e-01 1.14216626e-01 8.37389529e-01 4.21473384e-01
    4.40062433e-01 2.17886895e-01 9.42734838e-01 6.91951454e-01
    8.37429523e-01 9.11329865e-01 9.07831788e-01 8.11117291e-01
    1.14098370e-01 2.90423870e-01 1.32807791e-01 3.97881657e-01
    4.21301156e-01 4.09903854e-01 2.84947842e-01 8.16258430e-01
    2.16181189e-01 1.72262758e-01 4.95371044e-01 6.90647960e-01
    7.44591177e-01 5.76383710e-01 7.64655173e-02 2.96925962e-01
    3.66611063e-01 2.97142297e-01 1.47830337e-01 1.04095012e-01
    2.65179694e-01 4.62725669e-01 6.39645636e-01 4.72905397e-01
    8.36598158e-01 7.43459105e-01 7.71088004e-01 5.93891740e-01
    4.43754852e-01 2.03231573e-01 4.36649978e-01 6.81691468e-02
    9.97904181e-01 4.58976090e-01 2.31620580e-01 2.72628158e-01
    4.46130693e-01 2.99682617e-02 1.10320002e-01 1.23998880e-01
    6.90625131e-01 5.49091876e-01 5.36420703e-01 9.85264063e-01
    9.27288234e-01 9.02945399e-02 7.52641082e-01 2.52633095e-01
    4.62958813e-02 6.64576411e-01 5.80961347e-01 1.83409810e-01
    6.39270246e-02 6.09364271e-01 3.00496340e-01 8.50147128e-01
    4.05948073e-01 7.80218720e-01 4.66338724e-01 5.43100357e-01
    2.44749546e-01 4.99392599e-01 8.21424127e-01 9.62453187e-01
    5.85385561e-01 1.34579778e-01 3.38273823e-01 5.72715878e-01
    3.35799843e-01 1.16502255e-01 4.07346308e-01 5.39504409e-01
    1.21372789e-01 3.37189496e-01 8.57151389e-01 6.34923816e-01
    8.38240147e-01 4.04032379e-01 4.71846879e-01 5.42939842e-01
    2.66216755e-01 7.24157155e-01 7.72286892e-01 2.05914080e-02
    8.64621162e-01 1.58000529e-01 5.37642360e-01 2.14574605e-01
    8.37362647e-01 5.72400391e-01 9.16249514e-01 6.82173073e-01
    4.70225275e-01 1.99403077e-01 8.47225904e-01 6.15822732e-01
    1.44101650e-01 4.74449158e-01 1.98528767e-02 4.73719865e-01
    6.92196727e-01 7.01012492e-01 4.38197732e-01 5.33659220e-01
    3.54821682e-02 4.54378843e-01 6.53777003e-01 9.18497086e-01
    5.95888615e-01 3.66422951e-01 9.02180314e-01 9.47616458e-01
    8.43532681e-01 6.32134080e-01 3.46156597e-01 7.56754994e-01
    7.37124979e-02 5.50571144e-01 8.49497557e-01 3.99607003e-01
    5.94469547e-01 8.18971515e-01 6.33782506e-01 5.10578215e-01
    8.86456728e-01 8.48119855e-01 4.03772026e-01 8.21804047e-01
    1.60341203e-01 3.99388522e-01 1.18867576e-01 6.34462655e-01
    3.40121329e-01 9.44126725e-01 5.20931959e-01 3.56834352e-01
    6.77816749e-01 3.85528505e-02 7.34429181e-01 4.38962281e-02
    8.63347352e-01 4.96407866e-01 5.39371550e-01 5.99095702e-01
    8.69843245e-01 3.40859145e-01 2.79861689e-02 5.47035694e-01
    5.08928537e-01 8.39541852e-02 1.03475839e-01 1.43415004e-01
    9.02185917e-01 3.65615219e-01 8.41068625e-01 2.65495598e-01
    5.90754449e-02 9.07683611e-01 8.60013485e-01 9.81560111e-01
    9.70957637e-01 8.38218927e-01 7.95837402e-01 4.86136615e-01
    9.27846432e-01 3.51173580e-02 6.73929334e-01 2.67135024e-01
    3.61772448e-01 2.19253927e-01 9.60595429e-01 6.49197459e-01
    3.35778773e-01 3.90434951e-01 1.22628599e-01 5.55703759e-01
    2.24473357e-01 6.60589814e-01 5.19894958e-01 1.92788124e-01
    6.04062617e-01 9.82026458e-02 4.32764202e-01 3.74576151e-01
    4.65218067e-01 2.59880126e-01 7.28542924e-01 3.20911109e-02
    6.56692326e-01 1.14161730e-01 9.81360793e-01 2.83629179e-01
    6.93252921e-01 7.10613906e-01 9.43090677e-01 7.66417265e-01
    9.03882504e-01 8.30462217e-01 8.96109343e-01 5.96446097e-01
    7.04762220e-01 3.24514180e-01 1.63813144e-01 8.41268003e-02
    1.96854830e-01 7.12556541e-01 7.97126293e-01 1.20493889e-01
    8.59088480e-01 3.06967258e-01 3.21453571e-01 8.15488398e-01
    5.91098368e-01 9.34981108e-01 9.35207248e-01 9.53127384e-01
    2.94239700e-01 6.70249760e-01 6.64121032e-01 9.08037782e-01
    2.02641517e-01 2.66600847e-01 7.96936750e-02 3.65579724e-02
    3.99588466e-01 4.67225015e-01 2.07250446e-01 1.05793089e-01
    1.89267486e-01 4.44348156e-02 8.12964439e-01 8.56908977e-01
    3.27820301e-01 8.57291937e-01 8.39070797e-01 3.95892441e-01
    5.71657777e-01 7.86515296e-01 8.18953574e-01 7.82704055e-02
    5.02396405e-01 5.01612425e-01 1.04876965e-01 1.79393917e-01
    3.65071535e-01 6.70695901e-01 3.31196070e-01 3.00787568e-01
    7.10042357e-01 9.13092732e-01 1.89708173e-01 5.24887264e-01
    5.15384972e-02 8.21422815e-01 9.23427701e-01 4.89593744e-02
    6.10882223e-01 2.51631320e-01 6.26814365e-01 8.79539132e-01
    2.66248643e-01 2.74954319e-01 9.07467246e-01 9.02605534e-01
    5.50990880e-01 2.83454120e-01 4.54474270e-01 6.68603182e-02
    4.35781062e-01 5.33095479e-01 7.00176179e-01 7.60651827e-02
    7.73899853e-02 2.26684958e-01 3.62375885e-01 8.11575055e-01
    2.49194801e-01 4.98167992e-01 5.98672569e-01 7.20842600e-01
    3.33607376e-01 1.81378126e-01 4.76662278e-01 5.99447072e-01
    5.00874102e-01 3.26916695e-01 6.36383653e-01 4.20627862e-01
    5.42735934e-01 8.28852296e-01 7.66045988e-01 4.31486577e-01
    6.39875233e-02 1.99252039e-01 9.32793200e-01 9.91611481e-01
    7.11952567e-01 8.57902765e-01 3.06541502e-01 3.87526751e-02
    4.99661207e-01 4.23830509e-01 3.83745879e-01 2.00270653e-01
    5.19989729e-02 4.99265909e-01 1.07892692e-01 1.48732603e-01
    2.54734755e-01 5.60211778e-01 9.67781901e-01 6.93192184e-02
    8.69077265e-01 4.00736928e-02 9.58292723e-01 6.65944099e-01
    2.52492011e-01 3.68465424e-01 1.26091421e-01 6.68398023e-01
    5.22977948e-01 5.90839207e-01 4.37024236e-03 8.34796965e-01
    1.55566633e-01 9.00384903e-01 2.63887882e-01 9.52367783e-01
    7.13322580e-01 7.48117447e-01 8.84565353e-01 1.51103735e-02
    2.68628597e-02 4.44667935e-01 8.63261104e-01 9.60711420e-01
    2.34097600e-01 8.15866113e-01 3.12967896e-02 9.42941070e-01
    4.72467542e-01 7.18779564e-02 4.55622196e-01 8.50463808e-01
    5.97704649e-01 6.60334110e-01 1.72411501e-02 2.23370790e-01
    6.29004240e-02 3.28811824e-01 5.58380783e-02 7.04364181e-01
    2.30408520e-01 3.43802750e-01 1.99476033e-01 8.25396657e-01
    8.33420753e-01 7.29456902e-01 7.22868860e-01 8.24210048e-01
    2.89835602e-01 9.32119966e-01 9.85011458e-01 5.36531031e-01
    2.76030898e-02 9.25422668e-01 4.35699493e-01 3.67515802e-01
    5.24666846e-01 6.46536052e-02 7.01070011e-01 7.05881655e-01
    9.06151056e-01 1.61862254e-01 2.14644372e-02 6.98355436e-01
    3.52416396e-01 3.67103934e-01 2.21712291e-01 5.29664755e-03
    2.41096199e-01 7.39999235e-01 5.91283262e-01 8.43538105e-01
    1.84708387e-01 7.94430375e-01 1.07161105e-02 5.12267590e-01
    9.97732759e-01 6.55944288e-01 1.85612202e-01 5.95048726e-01
    1.62115693e-02 9.51138437e-02 6.63862109e-01 5.44369519e-01
    9.92999494e-01 3.74039739e-01 4.15049732e-01 2.66422987e-01
    4.35121834e-01 3.07873100e-01 1.88291371e-01 3.96896809e-01
    7.23543406e-01 9.15661097e-01 1.94625288e-01 4.56073880e-03
    7.96721220e-01 4.70329255e-01 9.83465075e-01 2.22811222e-01
    6.33852482e-01 7.73451209e-01 2.81697869e-01 1.10333204e-01
    9.11113143e-01 6.68166876e-01 4.02607650e-01 7.76470542e-01
    5.54260612e-01 6.35762691e-01 4.56611037e-01 4.05255705e-01
    9.75140929e-02 5.88225722e-02 4.02519047e-01 9.05139148e-02
    7.05255330e-01 8.44493389e-01 8.09432268e-01 2.24659145e-01
    9.63859379e-01 5.33336759e-01 8.21329415e-01 8.21619868e-01
    1.92027569e-01 6.36058450e-02 6.41291082e-01 5.58748484e-01
    7.04617620e-01 9.28081870e-01 2.54980028e-01 2.09728092e-01
    2.81975567e-01 2.77685404e-01 2.42833138e-01 3.07708651e-01
    4.04814303e-01 4.06727970e-01 7.73493767e-01 7.92834997e-01
    7.08632827e-01 3.13389301e-02 1.74652636e-02 9.39565003e-02
    6.95281923e-02 1.83287233e-01 3.67032886e-01 5.78806579e-01
    6.07949436e-01 6.13349497e-01 7.89601684e-01 2.11263388e-01
    8.21105361e-01 2.14470357e-01 7.46992111e-01 1.27349198e-02
    4.52793598e-01 8.14563215e-01 1.51913941e-01 4.23769087e-01
    9.51512933e-01 2.67034650e-01 9.05781567e-01 8.63402307e-01
    7.45102882e-01 1.57324612e-01 7.93406725e-01 7.69890130e-01
    2.48101890e-01 2.81569600e-01 8.18242669e-01 7.07012415e-01
    3.31584990e-01 7.18817472e-01 5.39125979e-01 4.08428699e-01
    8.18241119e-01 5.45718193e-01 8.49683344e-01 1.50633365e-01
    6.21431172e-02 9.17031884e-01 9.74937201e-01 6.99946582e-02
    2.20017165e-01 4.71224755e-01 1.72777474e-02 3.41982603e-01
    7.89099336e-01 4.52823341e-02 5.14940381e-01 3.74739408e-01
    9.78506029e-01 1.63350701e-01 2.51224875e-01 8.35136652e-01
    1.37946308e-02 1.92154825e-01 4.62604702e-01 7.20774770e-01
    3.07413042e-01 3.55309725e-01 4.69862431e-01 4.03506279e-01
    3.26562881e-01 5.79859793e-01 5.12850583e-02 1.47259355e-01
    1.47892684e-01 4.09123123e-01 2.50026494e-01 6.39171839e-01
    4.80733901e-01 8.20156276e-01 1.05502337e-01 5.41960955e-01
    1.93114579e-01 1.50868505e-01 6.22728407e-01 7.85158277e-01
    8.89811039e-01 9.01491165e-01 9.15074289e-01 5.17266989e-01
    4.87440825e-02 4.74207073e-01 8.26238871e-01 7.27053463e-01
    8.76635909e-01 9.91145313e-01 4.75505352e-01 2.49164313e-01
    5.53285837e-01 5.49210131e-01 3.79615992e-01 1.47826731e-01
    9.32093382e-01 8.76408279e-01 5.27380407e-01 1.71235442e-01
    3.52498084e-01 6.83077455e-01 2.26705909e-01 1.94846600e-01
    2.69081503e-01 3.23582679e-01 6.25824571e-01 5.80630004e-01
    4.15996313e-02 5.52753627e-01 2.71876484e-01 8.77532125e-01
    9.02752757e-01 9.56818223e-01 2.13884830e-01 1.70704424e-02
    4.08223689e-01 4.29780126e-01 4.56380367e-01 2.46836960e-01
    3.95810246e-01 9.45122004e-01 2.35409081e-01 2.16212809e-01
    7.20507503e-01 2.00822771e-01 9.11745667e-01 1.24498367e-01
    1.22849166e-01 7.43698001e-01 6.02792382e-01 9.85564590e-01
    8.08897853e-01 1.26691282e-01 5.37736714e-02 4.08869028e-01
    8.93335581e-01 9.51529443e-02 5.16651750e-01 2.63211966e-01
    7.23817348e-02 7.35328853e-01 4.89296854e-01 9.15426970e-01
    2.84984767e-01 2.13224739e-01 2.63716400e-01 5.03237784e-01
    3.31393838e-01 4.19800967e-01 9.20458555e-01 8.89006615e-01
    7.21467793e-01 4.10528660e-01 7.61303842e-01 8.75547409e-01
    9.62309778e-01 2.05152601e-01 7.90647864e-01 4.15736079e-01
    8.38627815e-02 9.17213559e-01 8.79636288e-01 1.76234841e-01
    7.77945876e-01 9.58010137e-01 8.77331853e-01 9.78815556e-01
    5.87782800e-01 7.60284543e-01 6.36447608e-01 3.08353484e-01
    4.08651441e-01 1.35142297e-01 9.69042659e-01 8.18340898e-01
    8.20995212e-01 6.26869678e-01 9.03570414e-01 7.52348661e-01
    3.19595993e-01 3.68738055e-01 6.47433639e-01 1.19542658e-01
    1.27711862e-01 6.59376383e-04 6.94218755e-01 7.49551773e-01
    9.27114367e-01 9.95049477e-01 2.27115482e-01 8.85949075e-01
    2.93778270e-01 1.48582458e-02 4.77968067e-01 5.40270329e-01
    2.44110554e-01 6.24985039e-01 8.69156241e-01 9.27369893e-01
    6.81698918e-01 6.64375365e-01 5.58545887e-02 3.13513577e-01
    5.05442441e-01 6.68368936e-01 9.10875022e-01 6.93017483e-01
    9.21197772e-01 2.52899855e-01 9.73433554e-01 3.49274278e-02
    1.48870379e-01 7.34837890e-01 5.27223289e-01 5.30293822e-01
    3.67691040e-01 9.06772196e-01 8.52720261e-01 1.90434039e-01
    5.56023002e-01 9.45613265e-01 3.02315176e-01 4.49415386e-01
    2.54928380e-01 1.34620368e-01 6.65752888e-01 5.02428293e-01
    9.63920355e-01 9.78104353e-01 3.64413619e-01 4.91597354e-02
    7.55616069e-01 1.26056999e-01 9.30825591e-01 5.04304409e-01
    3.52359593e-01 5.42503834e-01 8.62793922e-01 9.07907665e-01
    9.63837445e-01 5.63795209e-01 4.24382210e-01 5.62721491e-03
    5.04024923e-01 4.34156835e-01 1.44984812e-01 8.49088669e-01
    9.84664440e-01 8.10388446e-01 2.61762857e-01 2.83125818e-01
    1.84154510e-01 8.36750507e-01 1.60049140e-01 1.47544712e-01
    6.61470771e-01 4.69319284e-01 4.31092352e-01 9.05020714e-01
    7.42782116e-01 1.16273791e-01 9.75098848e-01 1.91162497e-01
    2.94932723e-01 3.51111889e-01 5.27543783e-01 5.58370471e-01
    1.89431936e-01 8.36720228e-01 8.65032911e-01 2.59117424e-01
    5.50455868e-01 2.21181065e-01 3.12319040e-01 5.03480375e-01
    9.84506309e-02 7.03948438e-02 6.08119130e-01 4.69977260e-02
    1.35818273e-01 4.33716983e-01 7.36088753e-02 4.71250564e-01
    6.93909287e-01 4.92165178e-01 6.38254344e-01 1.80213988e-01
    9.50235724e-01 5.56941390e-01 6.30314171e-01 2.49307990e-01
    9.96000171e-02 5.15620172e-01 6.07652783e-01 2.80722022e-01
    3.15802723e-01 6.30167961e-01 4.55453783e-01 4.79183882e-01
    5.53725421e-01 6.77860618e-01 2.54089236e-01 2.08036959e-01
    5.64118981e-01 9.86477077e-01 1.44510895e-01 4.09906805e-02
    1.39258236e-01 2.86771059e-02 8.31905603e-01 9.27469254e-01
    5.22182643e-01 2.32033879e-01 8.35083246e-01 9.21809435e-01
    6.19661093e-01 7.75851607e-01 7.83515096e-01 6.66906714e-01
    5.69432080e-01 2.33616620e-01 6.01476550e-01 4.81488913e-01
    1.64758235e-01 5.03621578e-01 6.22371614e-01 9.34286594e-01
    6.28201842e-01 7.73780823e-01 5.96253753e-01 2.33805150e-01
    8.01326156e-01 1.54436082e-01 8.42687547e-01 6.50870323e-01
    7.76302636e-01 1.10786617e-01 3.14725995e-01 6.98319197e-01
    1.27935380e-01 6.55237317e-01 6.82683527e-01 1.58285916e-01
    6.81812763e-01 6.89981461e-01 2.38273740e-01 2.63159215e-01
    2.18464673e-01 7.48231471e-01 9.75650549e-03 8.79437685e-01
    2.47563720e-01 3.37933362e-01 1.50732040e-01 3.55448484e-01
    3.17660481e-01 2.66196370e-01 8.24801445e-01 4.36059713e-01
    1.84026539e-01 4.66035694e-01 7.17355430e-01 8.94077182e-01
    4.89630610e-01 3.22064161e-01 5.82363844e-01 6.34065807e-01
    9.62503970e-01 7.58144021e-01 9.97889936e-02 1.01825893e-01
    3.84059548e-01 5.14139712e-01 2.14268267e-02 7.37764239e-02
    1.48903310e-01 8.47467184e-01 6.30160809e-01 2.28807092e-01
    5.92668414e-01 7.55736232e-02 5.49687147e-01 2.27037132e-01
    9.17447805e-01 5.90516627e-01 4.09383148e-01 9.48095441e-01
    5.74076593e-01 8.64320457e-01 8.04222405e-01 5.96349478e-01
    5.25227666e-01 7.00191975e-01 9.83908296e-01 6.42251849e-01
    1.42725021e-01 8.46062183e-01 1.68752074e-01 1.75006121e-01
    7.75448620e-01 2.66869962e-01 7.23658562e-01 7.12799311e-01
    1.04496390e-01 3.18524241e-03 5.16202331e-01 9.58703637e-01
    3.86164784e-01 2.06715614e-01 4.19240177e-01 3.58977914e-01
    3.20405066e-01 2.79918313e-01 7.86131859e-01 2.06105500e-01
    6.26825035e-01 6.39202058e-01 4.12122577e-01 4.03408349e-01
    4.85227138e-01 9.83068228e-01 1.38302952e-01 4.25351381e-01
    1.35630220e-01 9.09772754e-01 7.91809738e-01 1.78766906e-01
    5.93690634e-01 5.44402540e-01 5.52346170e-01 6.93353415e-02
    2.00435251e-01 6.90588355e-01 9.39794302e-01 7.49711037e-01
    8.22281480e-01 2.28948891e-02 5.37019968e-03 5.92827797e-01
    7.37102330e-02 2.55164564e-01 3.88827920e-01 9.38996792e-01
    4.70355183e-01 3.76018316e-01 2.45932758e-01 1.20262295e-01
    9.23715591e-01 1.76548272e-01 5.17626286e-01 4.72695291e-01
    7.28403628e-01 1.28742516e-01 3.23564231e-01 5.52502632e-01
    1.82282150e-01 5.97307444e-01 3.94180119e-01 4.74190593e-01
    9.69650507e-01 3.98920923e-01 7.93156326e-02 6.69807553e-01
    6.27211094e-01 6.76149487e-01 2.33394921e-01 9.79217291e-01
    1.77533299e-01 1.88290119e-01 7.99590290e-01 4.77602422e-01
    6.72737122e-01 2.84051806e-01 5.53130925e-01 6.35110617e-01
    1.42378241e-01 5.17709911e-01 7.36475706e-01 8.75645816e-01
    2.18557358e-01 2.48097122e-01 7.26555943e-01 2.51850069e-01
    2.05612987e-01 4.51047510e-01 3.25939566e-01 7.18983352e-01
    3.75342160e-01 5.35832226e-01 3.65026832e-01 1.24590397e-02
    3.46972972e-01 4.18034583e-01 5.26454985e-01 5.97073853e-01
    9.09826159e-01 7.92504787e-01 1.05317175e-01 8.16179752e-01
    1.11250877e-01 2.51304924e-01 7.51540065e-02 4.80808616e-02
    7.61323810e-01 8.02178621e-01 1.26856863e-01 2.26964623e-01
    6.89656973e-01 1.36588335e-01 7.45677054e-01 4.82416987e-01
    9.19595361e-02 2.81092286e-01 8.91898870e-02 6.25233769e-01
    1.83759034e-01 1.86413348e-01 3.44923258e-01 9.45516229e-02
    1.43944740e-01 6.95983887e-01 3.73788953e-01 9.06509995e-01
    4.96312529e-01 2.04640895e-01 5.88894367e-01 8.05211902e-01
    1.22803122e-01 8.54412675e-01 9.86180544e-01 4.41896498e-01
    4.51174349e-01 1.23989373e-01 2.83899486e-01 5.10775566e-01
    4.89011139e-01 4.40542758e-01 8.18643153e-01 2.16111094e-01
    6.28409326e-01 8.10893476e-02 4.23757434e-01 3.25316131e-01
    7.76859879e-01 2.90526211e-01 3.43571305e-02 8.56569052e-01
    2.97301292e-01 1.08530402e-01 9.24999595e-01 4.67032522e-01
    2.28594214e-01 8.50641727e-02 6.43133640e-01 9.74908471e-01
    6.98388219e-01 9.73858535e-01 6.15785241e-01 4.62810159e-01
    7.46358156e-01 7.27802038e-01 4.97555733e-01 4.51926410e-01
    7.57582784e-01 2.14206010e-01 6.19269490e-01 1.46023214e-01
    3.75017881e-01 9.73840654e-02 1.73357129e-03 6.20751381e-02
    9.26271081e-01 6.02331758e-01 4.57447261e-01 5.58615625e-02
    4.76977021e-01 2.58583218e-01 1.66723937e-01 2.06945837e-02
    9.29044485e-02 5.36473393e-02 3.33113730e-01 7.77873635e-01
    2.26902336e-01 2.70941556e-01 2.57290602e-02 9.63065028e-01
    1.12699151e-01 5.16177475e-01 8.77534986e-01 9.35849190e-01
    1.15710437e-01 7.72567630e-01 8.61272573e-01 3.80307972e-01
    6.56232357e-01 7.76493788e-01 6.13102317e-02 2.54554749e-01
    1.62680864e-01 2.08185136e-01 5.05949318e-01 7.13002086e-01
    7.90565133e-01 8.04316103e-02 8.98143172e-01 7.44178295e-02
    4.15545613e-01 3.48681748e-01 4.83866572e-01 7.02025771e-01
    5.49548328e-01 3.94177437e-02 1.78410858e-01 1.88826293e-01
    4.33074504e-01 8.86917830e-01 9.65757966e-01 3.51178408e-01
    8.39090049e-02 3.55451196e-01 4.58321393e-01 8.54441166e-01
    3.61880839e-01 4.50746387e-01 9.70862389e-01 4.44106817e-01
    9.78939652e-01 4.05332357e-01 8.42314839e-01 1.06843561e-01
    1.83153450e-02 1.14190102e-01 4.93489027e-01 3.26498359e-01
    1.17930800e-01 5.00462949e-02 3.62581372e-01 7.44934559e-01
    3.14114332e-01 7.82773435e-01 2.13331729e-01 9.56418276e-01
    8.73756051e-01 8.94435346e-02 6.72239661e-01 6.65138006e-01
    1.22608811e-01 6.17907107e-01 3.43450606e-02 4.59992826e-01
    9.73704219e-01 6.06561244e-01 6.70302868e-01 5.51391006e-01
    3.25847208e-01 9.41749215e-01 4.93773818e-01 7.30615258e-01
    7.47438729e-01 4.82146800e-01 2.15831548e-01 2.15172827e-01
    6.21634722e-03 5.35784662e-01 5.49226701e-02 4.90826875e-01
    6.06213987e-01 6.23229265e-01 5.18134594e-01 4.78329659e-01
    2.15349466e-01 8.55717897e-01 3.45459938e-01 2.66213417e-02
    5.29588401e-01 2.65494615e-01 8.21624041e-01 7.46449411e-01
    8.53453994e-01 5.67575097e-01 3.70638788e-01 2.16911107e-01
    6.12994730e-02 8.66471767e-01 3.57283205e-01 3.30880880e-01
    4.20878083e-01 3.59689713e-01 2.19163686e-01 8.10108364e-01
    6.87257707e-01 5.87492526e-01 9.13915813e-01 4.91711497e-03
    9.84887838e-01 5.62955558e-01 6.95754588e-02 1.42239302e-01
    4.97293204e-01 4.27818209e-01 4.70538229e-01 9.41392183e-01
    2.39409178e-01 6.81718528e-01 2.45298862e-01 7.13930845e-01
    2.12185979e-02 6.54579937e-01 3.80633086e-01 5.31894445e-01
    6.17273927e-01 3.97561610e-01 6.79058433e-01 6.41615093e-01
    7.44486690e-01 9.93473172e-01 9.54645872e-03 1.22617185e-02
    2.13165194e-01 3.39063048e-01 7.02421606e-01 8.48173797e-02
    9.24532592e-01 7.63291299e-01 9.39272404e-01 2.73649812e-01
    8.34763646e-02 5.86049378e-01 7.71887600e-01 9.36064005e-01
    6.85724020e-01 6.11857533e-01 3.87948751e-03 5.64419031e-01
    2.93135166e-01 6.82754457e-01 1.56234473e-01 7.24050105e-02
    3.53616536e-01 8.90423000e-01 7.36724973e-01 2.94410229e-01
    3.72348487e-01 1.60016000e-01 5.65528870e-04 2.34918922e-01
    1.80718631e-01 4.82601285e-01 1.75338089e-02 1.26518309e-01
    8.87508690e-01 5.80548942e-02 5.95338404e-01 2.83603221e-01
    9.11584496e-01 8.97597790e-01 7.78817534e-01 8.49875569e-01
    5.41299701e-01 1.35529816e-01 8.69742990e-01 8.79362762e-01
    3.87823075e-01 4.48052257e-01 8.87487113e-01 5.26878059e-01
    2.79146910e-01 9.95684147e-01 7.66010523e-01 4.21728879e-01
    3.66138935e-01 4.12441790e-01 5.51739812e-01 5.70189595e-01
    9.96689141e-01 5.52180648e-01 7.29241133e-01 1.53122067e-01
    7.75548339e-01 7.30351567e-01 5.81352413e-01 6.62244916e-01
    8.14909101e-01 5.97646117e-01 8.41029584e-02 2.41117299e-01
    8.02355647e-01 7.04989672e-01 7.72363544e-02 1.50906652e-01
    4.61394489e-01 9.77767646e-01 1.89605922e-01 6.09304667e-01
    1.18227631e-01 5.17483294e-01 2.88024485e-01 4.26323026e-01
    4.29473430e-01 7.85971761e-01 1.63729221e-01 3.58059704e-01
    3.21780324e-01 4.19826150e-01 1.00943118e-01 9.34730053e-01
    5.99139333e-02 4.97918695e-01 7.85621703e-02 9.73126888e-01
    2.68757641e-01 2.33521760e-01 4.87530410e-01 1.50302351e-02
    9.96999145e-02 3.27658057e-02 1.74032599e-01 2.78111696e-02
    6.00112915e-01 1.21258020e-01 5.65592945e-02 3.99972200e-02
    6.43286824e-01 2.14735866e-01 4.40699697e-01 3.45135629e-01
    1.45451128e-02 9.77342784e-01 6.47060633e-01 9.24625933e-01
    1.79684281e-01 5.19002855e-01 9.40709233e-01 7.40172148e-01
    3.02510887e-01 8.65422249e-01 4.54107463e-01 5.07517338e-01
    3.33932042e-01 1.30334258e-01 3.23843777e-01 3.06529999e-01
    3.10484529e-01 4.38538253e-01 2.98837900e-01 1.43554538e-01
    7.65808225e-01 5.88210344e-01 7.50527382e-02 7.86130309e-01
    6.95520639e-01 6.72631621e-01 7.75664091e-01 4.15416032e-01
    9.79093909e-01 6.89963341e-01 7.66778827e-01 4.44441617e-01
    9.40189064e-01 7.31152117e-01 2.63410151e-01 5.27592599e-02
    5.51192880e-01 5.04396796e-01 2.27498353e-01 9.90167618e-01
    2.31687188e-01 3.76221538e-03 3.97051781e-01 6.49957180e-01
    5.79753518e-03 1.16973519e-02 6.54034317e-02 1.64289564e-01
    4.54164684e-01 9.53011394e-01 7.78524280e-01 3.49392027e-01
    5.70389628e-02 8.31905127e-01 4.55318034e-01 2.77144015e-02
    4.31975752e-01 5.92718124e-01 6.81611896e-01 3.76354843e-01
    4.88996536e-01 8.28004837e-01 2.37577915e-01 5.84750533e-01
    2.71324307e-01 3.99649292e-01 9.83409286e-01 3.69079649e-01
    5.87751031e-01 9.51968193e-01 9.59882617e-01 4.02011037e-01
    2.92714328e-01 3.11736673e-01 7.13254690e-01 6.20305300e-01
    8.57700109e-02 9.90906954e-02 2.09205210e-01 2.28220880e-01
    8.08589399e-01 7.62701392e-01 7.65014887e-01 5.59829772e-01
    5.61713278e-01 6.83011651e-01 4.60913479e-02 5.48615217e-01
    4.51765120e-01 9.28889811e-02 4.01875377e-01 9.63638306e-01
    9.15743470e-01 8.29492271e-01 3.59451532e-01 5.52023947e-01
    9.73476768e-01 2.30934322e-01 1.23184353e-01 7.37294853e-01
    1.14802390e-01 1.99238926e-01 2.96997130e-01 3.99876952e-01
    8.27656984e-01 7.92124748e-01 1.46961570e-01 5.58673799e-01
    7.90531456e-01 7.01528072e-01 9.47775781e-01 4.34462160e-01
    1.14769250e-01 9.94285464e-01 9.48420346e-01 5.91003358e-01
    6.53448761e-01 3.99587125e-01 4.05478001e-01 6.06069505e-01
    8.31219494e-01 9.43217516e-01 7.59794950e-01 7.27296293e-01
    7.04914510e-01 8.68775249e-01 7.95120716e-01 7.27277100e-02
    1.71995908e-01 5.86565852e-01 2.23154426e-02 8.05577517e-01
    8.06871176e-01 5.51645398e-01 9.61058974e-01 2.35958517e-01
    4.71880674e-01 7.47994483e-02 2.33089596e-01 4.94548351e-01
    5.45480847e-01 5.14255524e-01 5.74565709e-01 6.56035542e-01
    1.31008238e-01 6.46188259e-02 5.06720543e-01 6.97166204e-01
    3.39486688e-01 8.72648776e-01 3.65669668e-01 9.09382045e-01
    4.81808543e-01 5.47130644e-01 6.58267617e-01 1.14352435e-01
    9.82998133e-01 9.90231156e-01 3.00871611e-01 7.91138113e-02
    9.72332478e-01 3.72000337e-01 4.97571588e-01 3.63496721e-01
    8.87296081e-01 7.80785978e-01 4.78418082e-01 6.69547558e-01
    6.26918852e-01 9.07038450e-02 9.45699334e-01 5.71683824e-01
    7.65972853e-01 4.30710137e-01 2.73763508e-01 6.55193210e-01
    5.19981682e-02 3.84429902e-01 2.33158976e-01 6.11970961e-01
    9.73256528e-01 2.68252671e-01 4.63140726e-01 2.95385003e-01
    4.68948573e-01 2.79370189e-01 6.82363033e-01 6.35213256e-01
    7.93526888e-01 9.21061873e-01 6.91914976e-01 3.42739224e-01
    6.61210477e-01 6.73214734e-01 2.77763397e-01 4.31625962e-01
    9.77430582e-01 4.14966047e-02 4.07263666e-01 7.99091101e-01
    3.58407587e-01 6.62331045e-01 4.78740126e-01 1.51664555e-01
    7.86494374e-01 1.65885955e-01 3.64887059e-01 4.12410796e-01
    7.93939948e-01 8.47013056e-01 6.59239173e-01 1.49447680e-01
    7.89353013e-01 6.33695483e-01 7.92902291e-01 8.43858361e-01
    9.41479206e-02 3.87355328e-01 4.55897808e-01 5.64272404e-01
    2.56515652e-01 5.12006223e-01 6.10111117e-01 4.37879860e-01
    3.02004576e-01 6.25677645e-01 4.26111132e-01 6.73328578e-01
    3.65022719e-02 3.17196101e-01 9.27182972e-01 3.85402501e-01
    1.03330970e-01 2.38188058e-01 1.24860942e-01 6.82984233e-01
    5.10868490e-01 1.33079439e-01 1.00230992e-01 2.77205855e-01
    4.15078938e-01 6.79316044e-01 5.34720600e-01 1.87898815e-01
    3.44809473e-01 6.30759060e-01 7.12825537e-01 9.94217157e-01
    3.47112030e-01 4.86690283e-01 8.30354691e-01 8.39803398e-01
    5.59275389e-01 2.99056709e-01 7.92503595e-01 2.30504811e-01
    7.06973195e-01 2.96494424e-01 6.82131588e-01 6.55977190e-01
    2.52678275e-01 9.11672175e-01 9.25111175e-02 2.16069907e-01
    1.92628503e-01 9.50793684e-01 2.21378416e-01 3.73874307e-02
    5.10519683e-01 9.16447401e-01 7.89781630e-01 8.71445537e-02
    8.88550997e-01 1.62465423e-01 9.43676889e-01 6.83204234e-02
    4.87021893e-01 9.27870333e-01 5.66493988e-01 4.14875954e-01
    7.72082090e-01 8.84772003e-01 9.39008832e-01 8.47688377e-01
    4.05776143e-01 4.51664329e-02 4.62053359e-01 7.95509517e-02
    1.85254008e-01 9.31599200e-01 2.59518713e-01 3.42895865e-01
    8.90533030e-01 8.05764318e-01 7.34276891e-01 7.92456686e-01
    5.44506729e-01 9.52917993e-01 2.93775439e-01 3.17227602e-01
    3.40721190e-01 4.83532548e-02 1.79867923e-01 2.07056165e-01
    3.64406645e-01 2.81842649e-02 4.25077379e-01 8.79665136e-01
    7.86074877e-01 5.62535226e-01 7.34943211e-01 8.68959844e-01
    5.38360417e-01 5.25815010e-01 6.63091004e-01 7.55142689e-01
    8.78694057e-01 3.38683486e-01 3.57777357e-01 1.65424019e-01
    5.24136901e-01 2.00280190e-01 5.30384541e-01 9.63301420e-01
    6.69944048e-01 3.80672216e-01 2.20584720e-01 3.14900130e-01
    1.51082546e-01 1.60801083e-01 3.57074320e-01 7.33946979e-01
    2.91832626e-01 3.31502855e-01 3.27211022e-01 8.42636466e-01
    3.44405085e-01 6.33374453e-01 5.53776145e-01 1.44196093e-01
    7.45018184e-01 2.82801628e-01 8.99749637e-01 8.95393848e-01
    4.75522637e-01 1.46120727e-01 1.37655467e-01 7.89485395e-01
    8.27438831e-01 7.23111212e-01 4.98652637e-01 1.20234311e-01
    4.03443277e-01 5.71233392e-01 5.75268865e-01 9.19721186e-01
    3.44692707e-01 2.50672668e-01 3.17040443e-01 1.53108507e-01
    2.87962794e-01 4.47727442e-02 5.23997724e-01 1.65349543e-02
    9.83667135e-01 3.46626788e-01 6.93479538e-01 9.88095343e-01
    1.68744475e-01 4.72563267e-01 9.51651931e-02 5.97765863e-01
    9.73274589e-01 5.22380471e-01 5.29573262e-01 8.53911519e-01
    1.57354891e-01 1.36485040e-01 1.01141065e-01 2.29274869e-01
    4.18488383e-02 4.77349192e-01 9.56624985e-01 4.17910218e-02
    7.32643008e-01 1.59863681e-01 2.32064784e-01 1.39456362e-01
    3.74003679e-01 9.37763691e-01 5.84487736e-01 5.31220198e-01
    8.18733156e-01 9.73609388e-02 8.14859152e-01 2.85697281e-01
    8.34053993e-01 7.55918980e-01 6.42065108e-02 5.18001199e-01
    1.90665573e-01 6.58587098e-01 7.80399144e-02 4.93085057e-01
    2.69915909e-01 5.91780782e-01 9.03412580e-01 3.65203381e-01
    5.00269234e-01 4.36856210e-01 3.91118228e-02 2.67593145e-01
    6.56252146e-01 9.62889433e-01 1.90385193e-01 7.49918342e-01
    4.79621887e-01 9.04858410e-02 5.33458591e-03 9.87617612e-01
    3.68922472e-01 5.05454302e-01 2.69368976e-01 9.74950075e-01
    6.21121764e-01 9.07896757e-01 2.95308143e-01 3.12807798e-01
    6.03642344e-01 6.54799283e-01 2.82441020e-01 8.62783074e-01
    2.88120657e-01 6.06225491e-01 9.12853479e-02 9.84309435e-01
    9.13724661e-01 9.88147855e-01 1.08267963e-02 1.09532505e-01
    5.37312388e-01 2.16505587e-01 5.23410797e-01 1.97326541e-01
    4.12362665e-01 7.53012538e-01 9.07635391e-01 6.16866171e-01
    5.60568511e-01 4.79603082e-01 7.86835432e-01 2.82181263e-01
    4.45189208e-01 9.34423447e-01 8.98825288e-01 6.38516843e-01
    7.24002361e-01 9.80748773e-01 1.32763147e-01 3.67583930e-01
    6.35053396e-01 6.86309516e-01 9.71511066e-01 5.37076473e-01
    3.03802282e-01 1.55874729e-01 4.28929329e-02 9.15011525e-01
    3.78595769e-01 8.56671929e-01 6.07617676e-01 1.05231464e-01
    2.15553224e-01 6.28667057e-01 5.72340250e-01 1.21389687e-01
    3.52391481e-01 4.58144993e-01 6.70900404e-01 8.90853047e-01
    4.81277347e-01 7.83523738e-01 6.21090829e-01 9.11794126e-01
    8.67163301e-01 6.77517772e-01 1.22958213e-01 2.12022603e-01
    3.76684785e-01 2.28294492e-01 5.20868123e-01 9.02387679e-01
    9.36349690e-01 6.46779716e-01 1.32644773e-01 3.91113937e-01
    6.33761883e-02 9.64495718e-01 5.04868329e-02 4.13511634e-01
    2.06559896e-02 3.72064471e-01 8.76526952e-01 5.13559878e-01
    4.65427220e-01 9.05367136e-01 7.90900111e-01 3.57314050e-01
    1.59263611e-04 5.22851348e-02 8.13058972e-01 8.37207377e-01
    4.78274018e-01 9.89844143e-01 1.15725785e-01 9.80137885e-02
    8.17892313e-01 7.09340811e-01 5.58328211e-01 7.55240560e-01
    4.93200928e-01 6.32721066e-01 6.64406478e-01 1.37021065e-01
    9.16510522e-02 7.09583759e-01 3.65134656e-01 7.34271288e-01
    3.06958050e-01 6.41285360e-01 2.35966295e-01 2.93877631e-01
    1.42037362e-01 4.36836839e-01 8.57388496e-01 4.32899505e-01
    9.00831997e-01 9.98034596e-01 3.27678025e-02 7.35609412e-01
    1.36098713e-01 5.05464792e-01 5.92454851e-01 7.19014227e-01
    7.75271654e-02 3.48931968e-01 8.14379573e-01 4.56181049e-01
    9.32278633e-01 1.18657619e-01 5.69045663e-01 7.54858732e-01
    7.39189088e-01 7.32968092e-01 6.66636527e-01 2.17952549e-01
    1.11297399e-01 2.89595485e-01 8.53702784e-01 2.68965960e-01
    3.44989151e-01 6.91250563e-01 1.83124334e-01 3.57071459e-01
    1.71380311e-01 2.03196377e-01 5.99065483e-01 9.89789069e-02
    9.89396214e-01 6.32534742e-01 1.60062850e-01 2.94335157e-01
    1.07444048e-01 7.71182060e-01 8.61073136e-02 8.66528869e-01
    7.20898807e-02 1.55107379e-02 6.42475843e-01 4.88465190e-01
    2.29078233e-02 5.02788842e-01 7.71875441e-01 4.05145109e-01
    3.05995226e-01 9.39468622e-01 1.92687690e-01 8.57795835e-01
    4.17995363e-01 1.88589364e-01 7.29375482e-02 1.55984253e-01
    4.60034043e-01 2.47924834e-01 4.40929890e-01 5.36850512e-01
    3.28837901e-01 5.39200306e-02 2.21797824e-02 1.95068419e-01
    4.74380553e-02 9.47246253e-01 1.07943267e-01 5.52825987e-01
    7.77893782e-01 7.11155355e-01 2.77543664e-02 1.35552883e-03
    3.77691537e-01 2.24635124e-01 1.54735744e-01 6.64521515e-01
    9.81889069e-02 4.19115394e-01 7.57734776e-02 1.45263791e-01
    5.98966897e-01 6.25985622e-01 3.03786397e-02 3.80034685e-01
    7.93042064e-01 4.16560680e-01 2.13695407e-01 9.37701702e-01
    1.60128117e-01 1.40990049e-01 8.50921035e-01 8.84946704e-01
    9.90549862e-01 3.93809408e-01 6.34175122e-01 1.32768899e-01
    2.28880495e-01 7.64645338e-01 1.33646578e-01 5.20891011e-01
    1.64125919e-01 4.31538433e-01 7.75484681e-01 8.60392928e-01
    6.54340744e-01 2.83120513e-01 7.09698856e-01 4.03450400e-01
    4.61099088e-01 4.22890782e-01 4.55708832e-01 3.57210457e-01
    9.41339672e-01 5.93858302e-01 3.98301184e-01 5.45095742e-01
    5.51716864e-01 7.69265532e-01 1.49978966e-01 4.68671471e-01
    9.62982059e-01 7.25368977e-01 2.34645426e-01 6.27722442e-01
    1.51670724e-01 5.58746874e-01 6.33335114e-01 9.78288054e-01
    2.54529238e-01 9.53829885e-01 7.23941147e-01 3.91892731e-01
    2.67213464e-01 4.50551808e-01 6.64833844e-01 6.21086538e-01
    2.71968842e-01 4.56276774e-01 7.26758480e-01 3.93444866e-01
    8.74985099e-01 6.06820166e-01 6.21448994e-01 5.99351108e-01
    4.52858239e-01 5.17992318e-01 3.74919087e-01 2.35222131e-01
    5.64440489e-01 2.89862871e-01 5.06582737e-01 6.69091940e-04
    6.32537544e-01 5.13579249e-02 1.39678836e-01 8.37879419e-01
    3.56628299e-01 9.87854481e-01 8.53898823e-02 9.01263595e-01
    7.54312277e-01 3.26519459e-01 6.58952296e-01 3.17025900e-01
    7.37064898e-01 7.41322160e-01 6.02555454e-01 6.29717708e-01
    7.50235319e-01 8.24281156e-01 5.61023176e-01 7.43011832e-02
    3.74969542e-01 4.03238863e-01 1.11932784e-01 6.67000651e-01
    7.15647817e-01 8.78239751e-01 1.44177407e-01 3.14368099e-01
    8.02979290e-01 7.39996135e-01 9.57864761e-01 7.53661275e-01
    8.55598092e-01 1.17583424e-01 4.89762157e-01 2.13606268e-01
    4.92380857e-02 2.98083186e-01 8.63171339e-01 8.42466950e-02
    9.91653919e-01 8.83681655e-01 5.04977167e-01 1.15412652e-01
    5.61259389e-01 7.40903258e-01 6.91002011e-01 1.20248348e-01
    2.34715879e-01 4.37451422e-01 1.52144909e-01 5.27321160e-01
    3.22624743e-01 5.55599391e-01 2.24175215e-01 7.75050879e-01
    9.23476219e-01 2.50270605e-01 7.78793097e-01 9.42370474e-01
    7.51851797e-01 3.23558807e-01 7.16206729e-01 3.98199469e-01
    4.06533480e-03 4.19798464e-01 5.15521169e-02 2.64964819e-01
    9.86988246e-02 2.00627714e-01 5.24659157e-02 6.91158950e-01
    2.74735749e-01 6.53591454e-01 9.50702190e-01 8.96919191e-01
    1.25684738e-02 4.95090961e-01 4.07215059e-02 9.93034482e-01
    2.31094390e-01 6.61327362e-01 4.48061079e-01 3.43334198e-01
    7.45636106e-01 7.58651376e-01 5.60854733e-01 4.65395987e-01
    3.28694344e-01 1.41540170e-01 4.06884670e-01 2.56997496e-01
    6.95103168e-01 1.73930407e-01 9.01432335e-02 8.99513900e-01
    7.96993315e-01 5.65338552e-01 1.94483697e-01 7.21512198e-01
    9.61143136e-01 7.61199296e-02 4.52119797e-01 9.46152091e-01
    3.37805212e-01 8.73167753e-01 5.35028100e-01 9.56272125e-01
    9.11594391e-01 1.97411120e-01 2.29082912e-01 7.83307791e-01
    4.84102219e-01 2.90560126e-02 1.61461681e-01 8.06640983e-01
    4.04778540e-01 8.41711223e-01 3.94827664e-01 6.00029349e-01
    6.99059010e-01 3.10706258e-01 8.50424588e-01 7.76039600e-01
    8.67180109e-01 6.76641822e-01 9.57666159e-01 2.41840839e-01
    8.41624439e-01 8.16177487e-01 1.41055524e-01 9.97301877e-01
    9.40388858e-01 6.34128749e-01 3.29628497e-01 5.31269789e-01
    9.71264243e-01 2.62875855e-02 7.63282001e-01 6.85451984e-01
    7.84248114e-02 5.21057367e-01 9.00820553e-01 5.95124364e-02
    8.09963584e-01 7.96482563e-01 9.35913086e-01 3.80123556e-01
    3.05736512e-01 4.57058668e-01 3.56925011e-01 5.58145463e-01
    3.76466155e-01 2.87018657e-01 1.38804704e-01 2.77519226e-02
    1.74070269e-01 6.91652358e-01 7.61068225e-01 5.79709649e-01
    3.92996907e-01 8.86213303e-01 1.15062803e-01 4.93806183e-01
    5.90439439e-01 2.90241659e-01 5.73490500e-01 9.53386426e-01
    8.54966402e-01 1.54713094e-02 9.74877477e-02 8.44434977e-01
    2.63039112e-01 9.11877751e-01 6.99078023e-01 8.71640444e-01
    2.81983435e-01 1.78781778e-01 9.37307954e-01 3.26734126e-01
    1.30114436e-01 2.99826920e-01 3.53006363e-01 8.34496856e-01
    7.58534372e-02 4.98148918e-01 5.59049129e-01 8.47985208e-01
    9.28357422e-01 4.04875368e-01 4.66554403e-01 4.40521389e-01
    2.20680237e-03 7.07356393e-01 3.49393010e-01 8.30578089e-01
    4.26581264e-01 8.57530355e-01 7.79332638e-01 2.74685711e-01
    5.72565734e-01 6.20464504e-01 2.08686441e-01 9.17298198e-01
    2.37006187e-01 6.43168747e-01 7.80545354e-01 6.61103010e-01
    2.10431367e-01 2.28697032e-01 2.85907507e-01 2.34579593e-01
    5.43268323e-02 1.98731273e-01 1.13643169e-01 3.13496888e-01
    5.03967822e-01 6.48276925e-01 3.12922001e-02 8.35307956e-01
    3.23675156e-01 1.24033034e-01 1.07607812e-01 5.37955999e-01
    3.03966582e-01 7.71333039e-01 5.52241921e-01 8.35967302e-01
    5.88715494e-01 2.03502536e-01 8.87236834e-01 8.40079069e-01
    2.44316757e-01 7.76304722e-01 4.69363630e-02 5.40344238e-01
    6.89371228e-02 1.51997417e-01 3.80629390e-01 9.95851517e-01
    6.52636647e-01 5.10961235e-01 1.65666491e-01 5.67626417e-01
    7.42812634e-01 5.96461296e-01 6.07864916e-01 4.95676935e-01
    7.59844005e-01 2.24945217e-01 2.64189482e-01 8.42729032e-01
    7.86860824e-01 7.80247808e-01 2.10026652e-01 5.90370417e-01
    4.37247574e-01 6.89380586e-01 4.97099668e-01 8.65269899e-01
    1.58854187e-01 3.13305587e-01 5.25892258e-01 2.19088614e-01
    1.14826411e-01 4.51911837e-01 3.93455267e-01 3.60618412e-01
    4.60663289e-01 7.95470178e-02 5.32900095e-02 1.41036034e-01
    2.90024996e-01 4.90659714e-01 6.99949980e-01 7.06510842e-01
    7.73166060e-01 4.47939903e-01 2.82869458e-01 2.27256417e-02
    3.46758276e-01 9.93245840e-02 1.25410646e-01 8.73146892e-01
    6.94270968e-01 6.80600643e-01 3.82781923e-02 6.21362925e-01
    9.93651032e-01 2.92467475e-01 9.46303725e-01 2.73721814e-01
    8.93598199e-01 8.21398735e-01 7.06913292e-01 8.71082485e-01
    3.71316075e-01 5.63268960e-01 6.53373778e-01 7.92793274e-01
    3.59522462e-01 5.58018863e-01 4.05471206e-01 1.10781729e-01
    9.83292222e-01 7.64526963e-01 9.10438120e-01 6.29214168e-01
    7.10006356e-01 4.40586567e-01 4.18275952e-01 3.25162649e-01
    5.83100677e-01 5.88224232e-01 4.71375287e-01 2.47102439e-01
    6.97780132e-01 7.49989271e-01 4.74154234e-01 6.43436611e-02
    2.27394193e-01 2.51761377e-02 2.85912871e-01 9.59610939e-01
    9.66053069e-01 9.02631879e-03 6.53943241e-01 6.03975415e-01
    2.81177461e-02 9.04954374e-01 6.43213034e-01 5.46830893e-01
    2.15065360e-01 6.53175771e-01 4.59866136e-01 1.05739146e-01
    9.58730400e-01 2.54277617e-01 6.10602021e-01 2.20862806e-01
    7.69119501e-01 8.92813385e-01 5.73733032e-01 5.58461070e-01
    1.08578533e-01 6.05789065e-01 4.69761163e-01 8.14816713e-01
    9.62414920e-01 9.51704144e-01 7.11426437e-02 7.36025214e-01
    9.23804283e-01 6.97049856e-01 9.60129380e-01 9.96442080e-01
    3.04899246e-01 3.11147183e-01 6.08459473e-01 9.87691998e-01
    8.46988797e-01 6.47943556e-01 4.48116362e-01 9.25399721e-01
    3.93099666e-01 3.37330163e-01 5.90168774e-01 7.34070003e-01
    7.23928988e-01 3.34264010e-01 7.40780592e-01 6.85209453e-01
    6.41336441e-02 3.27067018e-01 7.95728207e-01 4.75024611e-01
    1.86178505e-01 9.72953439e-01 6.62970245e-01 5.73365331e-01
    4.06300068e-01 7.73897052e-01 9.62482989e-01 8.88874471e-01
    9.65582430e-02 6.90960646e-01 7.74693608e-01 8.71236682e-01
    2.93251395e-01 4.79525387e-01 9.27289605e-01 7.23419189e-01
    6.64840639e-01 6.86694264e-01 3.77962083e-01 7.98444092e-01
    3.07543993e-01 5.60119450e-02 2.21975267e-01 4.40899670e-01
    4.63164926e-01 5.65125227e-01 3.62151265e-01 4.02509332e-01
    3.87105346e-01 8.73730481e-01 7.96026111e-01 1.36403352e-01
    1.34935230e-01 2.51505792e-01 1.32512957e-01 1.25931621e-01
    3.67078573e-01 3.42009395e-01 7.30903089e-01 4.95963484e-01
    9.99104381e-01 7.11986840e-01 1.48511618e-01 1.78901732e-01
    9.93076921e-01 4.50517803e-01 5.32706439e-01 1.10992163e-01
    5.18937588e-01 6.29535139e-01 7.34415948e-02 7.57801235e-01
    7.15063572e-01 2.16960967e-01 3.96384954e-01 8.37374151e-01
    7.51782179e-01 2.31788963e-01 1.01830095e-01 4.54072624e-01
    7.15611875e-02 9.63815093e-01 8.41015577e-01 4.42870706e-01
    9.86946881e-01 1.33802325e-01 7.27569461e-01 7.79254556e-01
    6.71701789e-01 7.38204598e-01 2.34316230e-01 1.18609041e-01
    4.56230015e-01 1.80532902e-01 8.87590766e-01 7.60979891e-01
    1.23318285e-01 4.97181326e-01 4.75255400e-01 8.34413171e-01
    5.22738159e-01 9.10928845e-01 5.63040376e-01 5.82653165e-01
    3.13616395e-01 8.01743984e-01 8.22847724e-01 6.23358607e-01
    4.89901274e-01 3.11896145e-01 8.85696888e-01 2.45240033e-01
    8.58741283e-01 1.26336545e-01 9.05110657e-01 4.72818434e-01
    2.61002004e-01 4.88361329e-01 5.95676661e-01 6.47082210e-01
    1.24278575e-01 1.88952565e-01 3.56997102e-01 3.21455210e-01
    5.23061454e-01 4.19502020e-01 2.68742442e-03 7.96711981e-01
    2.98451781e-02 8.54640007e-02 8.08475375e-01 5.32676041e-01
    8.18186998e-01 1.73336565e-01 8.97930622e-01 6.52763605e-01
    8.13915730e-01 7.35547721e-01 8.95664275e-01 7.60590315e-01
    2.07044065e-01 7.55251169e-01 2.01298445e-01 3.50546002e-01
    1.60388708e-01 7.38469243e-01 2.56618708e-01 1.83590710e-01
    8.35466743e-01 3.60197544e-01 3.31445336e-02 8.00112844e-01
    9.26476002e-01 7.06360102e-01 9.50618982e-01 4.09349084e-01
    6.69923544e-01 9.08313394e-01 9.53270793e-01 3.68434548e-01
    1.55271143e-01 4.30382371e-01 7.67400265e-01 5.58772385e-02
    4.43407953e-01 3.47393632e-01 2.46080607e-01 2.77958691e-01
    5.08324504e-02 9.40070868e-01 8.03056479e-01 6.04224205e-02
    9.91694689e-01 4.37694430e-01 2.22236872e-01 4.57704037e-01
    6.72967017e-01 6.69451118e-01 2.54645765e-01 4.50844765e-01
    2.05092847e-01 2.22106785e-01 5.01196921e-01 4.74692613e-01
    4.36073452e-01 9.91614163e-02 8.16049695e-01 5.26413918e-01
    1.71234697e-01 4.07912791e-01 3.76603752e-01 7.68350482e-01
    3.83331209e-01 6.12161636e-01 8.39767396e-01 3.11101258e-01
    6.49664044e-01 9.54289079e-01 5.99878669e-01 5.66329062e-02
    3.85769844e-01 6.71173513e-01 2.56443977e-01 3.25607985e-01
    1.29978061e-02 7.49227703e-02 7.50335097e-01 7.44856596e-02
    4.41676944e-01 3.03551346e-01 6.16173804e-01 2.53071904e-01
    1.17504150e-01 6.20492101e-01 2.59762049e-01 5.55373609e-01
    8.75549912e-01 1.64695621e-01 9.59096968e-01 2.03121781e-01
    3.94464344e-01 8.87071490e-01 5.02860427e-01 6.20708525e-01
    8.97056937e-01 4.50731546e-01 7.74961889e-01 5.01243591e-01
    1.88989967e-01 5.77851832e-01 3.27229440e-01 1.69504195e-01
    4.10264820e-01 4.45602715e-01 4.83634651e-01 3.34805548e-01
    1.84584349e-01 6.09206438e-01 9.71529007e-01 2.60609150e-01
    6.82031214e-02 5.06447494e-01 9.68717933e-01 7.99247980e-01
    4.84677494e-01 8.35462928e-01 9.58866179e-01 3.62990201e-02
    9.26705837e-01 4.57213253e-01 1.21901542e-01 9.11791325e-01
    3.49309832e-01 2.83444405e-01 1.74507678e-01 7.44380116e-01
    7.91213036e-01 5.49898028e-01 4.59511459e-01 2.10282147e-01
    6.07751489e-01 6.26113772e-01 5.12041330e-01 8.03870261e-02
    9.34346676e-01 4.49512780e-01 8.78961802e-01 4.96464282e-01
    5.80838621e-01 7.15902925e-01 8.19158614e-01 1.03990734e-01
    5.17974794e-01 5.77237904e-02 2.44982094e-01 2.72137463e-01
    4.43544298e-01 2.85907865e-01 8.37702096e-01 9.06608880e-01
    9.32792008e-01 2.42259204e-01 2.10335165e-01 4.90281671e-01
    9.45245266e-01 1.06961429e-02 6.81236804e-01 6.36577368e-01
    9.96501327e-01 2.02665716e-01 4.86993253e-01 3.87456775e-01
    5.63327014e-01 5.09135723e-02 2.05820769e-01 9.81813192e-01
    2.93198824e-02 2.45527714e-01 6.38089418e-01 3.59187335e-01
    4.01159346e-01 2.58221358e-01 4.89776313e-01 5.82127333e-01
    5.12840748e-01 8.27361703e-01 6.65016413e-01 8.27127337e-01
    8.33509207e-01 1.75569266e-01 9.59589779e-02 8.49468112e-01
    8.28279972e-01 9.54948545e-01 9.38649237e-01 4.79708046e-01
    1.57532901e-01 2.78131247e-01 2.36056149e-02 5.54585695e-01
    8.59325171e-01 7.26307511e-01 1.05625063e-01 3.29477310e-01
    8.78593385e-01 7.18449295e-01 8.26340795e-01 4.00009930e-01
    5.03384352e-01 1.98365808e-01 5.71899295e-01 8.92296672e-01
    2.30815589e-01 5.13877749e-01 5.89767277e-01 6.76161289e-01
    7.67969787e-02 3.24898899e-01 9.32430267e-01 9.29335594e-01
    8.41014504e-01 7.70849168e-01 3.49689782e-01 2.61029243e-01
    4.03967530e-01 6.09428585e-01 4.29265320e-01 2.98043370e-01
    5.57692111e-01 9.47150052e-01 8.47866654e-01 7.29582965e-01
    9.69142318e-01 1.76968455e-01 1.45070404e-01 8.28644991e-01
    9.70759511e-01 4.76008505e-01 6.30315781e-01 3.39349091e-01
    7.87799239e-01 8.28296900e-01 6.07966006e-01 9.90957379e-01
    5.47463834e-01 6.26484632e-01 6.22377098e-01 5.00642955e-01
    2.29945421e-01 7.12576866e-01 2.94794500e-01 6.61487699e-01
    2.63027579e-01 7.32061267e-01 4.20827091e-01 6.19176984e-01
    6.66464269e-01 2.86992788e-01 1.10879511e-01 1.57200515e-01
    5.75337112e-01 3.60359043e-01 3.64388108e-01 2.03986496e-01
    1.58791095e-01 7.94170618e-01 4.39284265e-01 2.74154305e-01
    6.92459881e-01 2.58789062e-01 7.22362161e-01 3.86461794e-01
    2.47987330e-01 1.65757209e-01 3.18788588e-01 3.16408187e-01
    2.01721519e-01 8.79951954e-01 6.13942623e-01 6.12337887e-02
    7.84483671e-01 6.50152922e-01 1.15851223e-01 2.46936917e-01
    4.21588391e-01 8.94485593e-01 6.09683812e-01 4.53557789e-01
    2.69148886e-01 6.85823262e-02 5.95826626e-01 9.68508661e-01
    5.45552135e-01 4.75012362e-02 2.09256113e-02 6.33575439e-01
    7.95970082e-01 5.53203762e-01 2.80168325e-01 1.04383111e-01
    6.77974463e-01 2.29699999e-01 3.71090114e-01 8.71823430e-02
    8.28148544e-01 1.84227437e-01 4.29072231e-01 4.07372743e-01
    9.89857793e-01 8.98587227e-01 6.05955839e-01 2.47856677e-01
    7.17363477e-01 3.80385101e-01 3.71749341e-01 9.85824585e-01
    4.55349267e-01 2.24135160e-01 8.02106798e-01 1.51771039e-01
    6.29373074e-01 8.44788849e-02 6.44527733e-01 5.99235177e-01
    6.99878693e-01 4.32660758e-01 8.14318180e-01 7.96322227e-02
    4.38382775e-01 7.41844654e-01 9.11571264e-01 3.45380634e-01
    9.77490067e-01 7.66794801e-01 5.10693848e-01 1.28148735e-01
    1.10384375e-01 7.54368663e-01 1.86896712e-01 3.47596407e-03
    6.53391123e-01 5.47263384e-01 5.73356748e-01 9.72760558e-01
    4.85257447e-01 4.71919090e-01 4.13424909e-01 9.83071446e-01
    9.54818606e-01 8.23398769e-01 6.07832611e-01 8.74572635e-01
    8.55218172e-02 1.08602881e-01 9.30406928e-01 1.89633191e-01
    2.96224236e-01 3.00618231e-01 3.85173798e-01 4.94715154e-01
    7.96486259e-01 5.53085268e-01 4.93566692e-01 7.43431330e-01
    2.62509584e-02 5.10895789e-01 8.10051262e-02 1.41157389e-01
    5.63078761e-01 8.31468403e-02 8.01629305e-01 7.51824975e-01
    3.98780018e-01 2.88351953e-01 5.62717974e-01 8.06802273e-01
    9.36724603e-01 1.71690673e-01 6.21063590e-01 8.00961673e-01
    7.30430543e-01 1.70440167e-01 9.27856565e-02 3.00204992e-01
    8.15210640e-01 9.74949002e-01 8.40951443e-01 6.65326834e-01
    2.10212678e-01 4.06110704e-01 2.33670354e-01 7.79441357e-01
    1.49762273e-01 6.77544475e-02 7.34939158e-01 6.71152413e-01
    5.49872994e-01 1.97586864e-01 3.65517259e-01 9.75446939e-01
    8.38027000e-02 9.33398843e-01 9.70593095e-03 2.67494917e-02
    9.20076251e-01 1.89243764e-01 2.25381434e-01 6.26116693e-01
    7.56415009e-01 7.04975367e-01 9.53589380e-02 3.90537262e-01
    5.98582327e-01 7.56631494e-02 2.15150982e-01 6.67495012e-01
    4.21046793e-01 5.62917531e-01 4.00762379e-01 5.57453513e-01
    3.08705807e-01 3.83253396e-01 3.43447745e-01 9.77064073e-02
    2.28752553e-01 2.15634108e-01 7.17436075e-01 6.00879848e-01
    7.87003517e-01 9.48617995e-01 2.35418856e-01 4.62088168e-01
    1.70841485e-01 3.49815130e-01 6.05082691e-01 8.82328689e-01
    5.90232313e-01 2.10794032e-01 1.67298853e-01 4.90316063e-01
    9.83557224e-01 3.48308831e-01 5.30812919e-01 6.90339804e-02
    2.87509531e-01 7.80069530e-01 4.11888480e-01 8.28575134e-01
    9.13342595e-01 5.39886117e-01 1.80729747e-01 3.51003528e-01
    2.74309814e-01 4.85742450e-01 8.29442024e-01 1.81202948e-01
    2.74765432e-01 1.03625774e-01 1.49125367e-01 9.02751565e-01
    1.71896517e-01 4.78554726e-01 8.96514297e-01 7.55212784e-01
    6.78826034e-01 1.29944086e-03 2.84651101e-01 5.96904695e-01
    6.09057248e-01 6.76030517e-01 6.98793054e-01 2.06317782e-01
    5.97194195e-01 6.95507050e-01 8.18162501e-01 2.29813457e-01
    4.88639593e-01 8.72610688e-01 1.68265581e-01 9.17909563e-01
    9.09558773e-01 7.15146959e-01 6.73290014e-01 1.75602138e-01
    4.93394822e-01 8.04139316e-01 1.04948670e-01 1.90787613e-01
    5.01756310e-01 7.03457475e-01 5.89728355e-03 5.50283849e-01
    4.16643918e-01 1.82582915e-01 1.76727772e-05 1.83108538e-01
    8.89758229e-01 6.72470570e-01 3.04804981e-01 5.62482119e-01
    4.69858110e-01 9.57876205e-01 2.74787456e-01 7.41826236e-01
    8.47315788e-01 7.99982607e-01 2.46902376e-01 3.54326487e-01
    9.78892326e-01 6.26407981e-01 3.49544704e-01 9.38338280e-01
    7.76313245e-02 5.85071206e-01 4.42251027e-01 9.07398820e-01
    1.78396225e-01 2.73786098e-01 3.42982829e-01 9.44695294e-01
    7.61257529e-01 2.50080764e-01 8.79874110e-01 2.00574547e-01
    3.69646490e-01 3.57077718e-02 6.32879436e-01 1.95339680e-01
    6.52181208e-02 7.18891978e-01 8.18651557e-01 6.41929388e-01
    3.46753895e-01 3.49398136e-01 1.38984025e-01 6.15442455e-01
    2.50427186e-01 5.43321550e-01 2.02237219e-01 5.90808332e-01
    7.08518565e-01 3.28124017e-01 1.09951675e-01 4.58700597e-01
    7.58707404e-01 1.54411316e-01 6.19335890e-01 7.20533431e-02
    4.78483856e-01 3.96722049e-01 8.44822645e-01 2.82078803e-01
    4.40517515e-01 9.17204916e-02 4.93957847e-01 5.15466332e-02
    8.61385167e-01 7.51275122e-02 5.80614328e-01 1.78164899e-01
    7.00531602e-01 9.88316596e-01 3.47118616e-01 4.78591472e-01
    1.99416518e-01 6.00078106e-01 5.04669666e-01 9.31569457e-01
    4.96236861e-01 4.99424905e-01 6.00965977e-01 5.12845278e-01
    2.96206772e-01 7.35348046e-01 7.98536539e-01 2.32496649e-01
    1.11677945e-01 8.36113334e-01 1.59057140e-01 9.54647005e-01
    1.11746073e-01 1.53191507e-01 6.34534836e-01 7.38495171e-01
    9.07880664e-02 7.99250603e-01 2.85022140e-01 4.10781622e-01
    3.84195298e-01 4.00939107e-01 2.31375903e-01 9.19761598e-01
    3.40954870e-01 7.00353563e-01 9.45653617e-02 6.52404726e-01
    4.75251198e-01 5.90019226e-01 3.84024143e-01 6.38321996e-01
    9.53566909e-01 3.17369998e-02 8.24182987e-01 2.99565196e-02
    3.97921056e-01 7.15902030e-01 9.56652999e-01 4.59746689e-01
    6.54583693e-01 1.64067477e-01 1.18291795e-01 3.59930068e-01
    3.01918209e-01 6.19078398e-01 4.41843987e-01 7.43234336e-01
    3.09238493e-01 5.89351952e-01 9.81946826e-01 8.30391765e-01
    8.18882763e-01 6.01389229e-01 5.22406995e-01 5.34188509e-01
    7.28109658e-01 4.58261430e-01 3.99099290e-01 6.33458138e-01
    4.56166089e-01 2.45263755e-01 3.53055745e-01 6.18804753e-01
    2.17550993e-01 5.86863518e-01 9.66414213e-01 4.30479109e-01
    9.94884074e-01 9.18290734e-01 4.17448759e-01 3.11361462e-01
    2.22183198e-01 9.43796039e-02 1.96062595e-01 1.35340095e-02
    5.54989934e-01 8.02943349e-01 6.98487282e-01 3.91795158e-01
    8.21016788e-01 4.50558871e-01 6.02952719e-01 2.98709869e-02
    1.42808914e-01 3.07644308e-02 3.82551610e-01 9.85031128e-01
    4.40698862e-01 1.73396260e-01 4.47681874e-01 3.65121961e-01
    4.36279178e-01 4.51371253e-01 6.89875066e-01 6.11312151e-01
    3.33619565e-01 5.56962729e-01 6.43998146e-01 7.88465500e-01
    3.08945358e-01 3.95846665e-01 3.21598887e-01 3.21657091e-01
    9.14776027e-01 1.22105837e-01 5.96224546e-01 1.23349458e-01
    2.60107279e-01 1.70967072e-01 3.42806995e-01 1.99028015e-01
    3.97539318e-01 2.99936533e-03 3.12509000e-01 9.57362413e-01
    2.48580545e-01 3.74100804e-02 4.46424067e-01 2.41639376e-01
    2.88996816e-01 3.99211049e-01 4.56085742e-01 3.97362053e-01
    8.46156180e-01 3.41615885e-01 8.39929163e-01 7.76081443e-01
    9.13276315e-01 3.63571376e-01 5.68381906e-01 3.25667024e-01
    3.58232260e-01 9.93699014e-01 8.43827605e-01 3.43004644e-01
    7.28551328e-01 5.08187652e-01 1.94461554e-01 6.80847049e-01
    7.56854713e-01 5.81478238e-01 1.40434563e-01 6.45799458e-01
    1.90328717e-01 9.28241491e-01 9.95114267e-01 8.62002730e-01
    5.84430397e-02 5.79800367e-01 8.03995192e-01 8.44658554e-01
    6.88103795e-01 4.64339554e-01 8.39768410e-01 2.23622620e-01
    7.47235477e-01 5.66724300e-01 4.65339124e-02 6.28174484e-01
    5.62388957e-01 4.16150749e-01 6.01679802e-01 8.40016007e-01
    6.99192822e-01 5.68656325e-01 9.00941253e-01 4.76779342e-01
    4.42627192e-01 7.52699375e-02 7.35755801e-01 5.11097193e-01
    9.17584896e-02 8.03574562e-01 2.33793646e-01 9.72347856e-01
    4.05412972e-01 9.34286833e-01 6.49159908e-01 6.19294822e-01
    8.57810378e-01 9.71411109e-01 9.81991708e-01 6.50759757e-01
    7.52918720e-01 9.56357956e-01 2.81697273e-01 7.22138703e-01
    1.06039673e-01 2.41620243e-01 7.49603391e-01 7.88984418e-01
    2.58981586e-02 8.91094089e-01 6.89773023e-01 4.43516135e-01
    1.81406617e-01 1.50396049e-01 4.84750360e-01 3.56905222e-01
    1.54206157e-02 5.54326177e-02 5.22590697e-01 7.61212826e-01
    3.47010136e-01 6.75220907e-01 1.31570667e-01 4.85019565e-01
    4.04217243e-01 4.10571754e-01 1.38272524e-01 5.88319838e-01
    9.87739563e-01 5.41360199e-01 8.62140357e-01 8.28164101e-01
    1.05704010e-01 1.69047475e-01 7.70980597e-01 1.81161821e-01
    4.33216751e-01 4.56962109e-01 9.65487659e-01 1.95131928e-01
    2.09898323e-01 5.97038388e-01 7.05199063e-01 3.24713528e-01
    9.44599688e-01 7.67540336e-01 4.60482895e-01 4.30826843e-01
    2.96429098e-02 8.47267509e-01 4.92117167e-01 2.80602634e-01
    8.08843970e-03 3.79349500e-01 6.72136366e-01 4.25570667e-01
    8.32894921e-01 2.98495322e-01 4.44705218e-01 7.02081800e-01
    4.39934373e-01 3.57978284e-01 9.68228936e-01 1.25774860e-01
    9.16527987e-01 4.54486489e-01 8.33457351e-01 3.66941810e-01
    2.02678025e-01 7.63326049e-01 6.86492562e-01 3.37332934e-01
    1.17098331e-01 6.74895942e-02 5.31830668e-01 7.40360856e-01
    9.12849903e-01 2.05266953e-01 3.18571448e-01 1.79083586e-01
    1.14878297e-01 4.34218645e-02 4.85119790e-01 3.94611120e-01
    9.79275227e-01 7.66303480e-01 3.82222056e-01 9.03085470e-01
    6.96273506e-01 1.02008015e-01 8.24286342e-01 5.21023870e-02
    2.14476287e-01 3.35142970e-01 5.52053392e-01 7.53953576e-01
    3.85054767e-01 8.02318990e-01 5.38566947e-01 5.96768081e-01
    5.87631583e-01 5.46446741e-01 8.92250419e-01 9.73163843e-01
    2.74731070e-01 7.33664632e-01 3.96770954e-01 4.95080739e-01
    7.97623634e-01 5.31765223e-01 2.16073662e-01 9.65624452e-02
    4.94684219e-01 1.01153642e-01 2.76852190e-01 1.59722865e-01
    6.42707050e-02 6.42026544e-01 5.45091212e-01 7.88387358e-01
    3.29042107e-01 9.55847263e-01 2.32384205e-02 3.58863354e-01
    5.22839427e-01 5.86195052e-01 1.20399594e-02 2.85529524e-01
    7.46742189e-01 5.98802626e-01 2.06978291e-01 5.77594459e-01
    8.85604739e-01 5.20578682e-01 5.97375214e-01 1.62237227e-01
    2.82414496e-01 6.56504750e-01 5.71374357e-01 8.62657309e-01
    2.14677542e-01 6.45180583e-01 9.28389132e-01 5.65210879e-02
    5.62144697e-01 1.18095189e-01 7.78709173e-01 5.22187412e-01
    9.54738140e-01 5.94291985e-01 7.12482572e-01 3.57671142e-01
    2.93182373e-01 6.77584648e-01 5.35219848e-01 6.73845887e-01
    1.02469087e-01 1.19803011e-01 9.25763011e-01 8.33988845e-01
    8.14914107e-02 2.54431069e-02 5.31133235e-01 8.41279030e-01
    1.07470512e-01 8.75442266e-01 3.39133024e-01 1.24389529e-01
    1.69699192e-01 9.61625576e-03 2.19414890e-01 5.19244790e-01
    9.19617295e-01 7.72135615e-01 4.82561290e-01 2.65076339e-01
    6.61077201e-01 3.76490653e-01 3.03220570e-01 6.52234197e-01
    1.30369097e-01 3.56941760e-01 1.83741450e-01 4.58154052e-01
    4.76423144e-01 6.87361062e-01 3.66657734e-01 6.52499199e-02
    4.37181234e-01 3.21954072e-01 4.76339757e-01 1.27658635e-01
    8.70687723e-01 4.67670083e-01 5.61984301e-01 7.85866916e-01
    5.45115709e-01 8.18651080e-01 3.70776832e-01 2.46596187e-01
    3.25853437e-01 9.13244009e-01 5.74339747e-01 7.35908389e-01
    5.58267891e-01 9.00614262e-01 1.23414397e-02 6.71944320e-02
    3.20068598e-01 2.04367787e-01 1.96864039e-01 5.07414877e-01
    9.93960738e-01 4.06267017e-01 1.87629819e-01 9.91680920e-01
    9.97569799e-01 8.08807790e-01 4.29852545e-01 3.80703986e-01
    7.49231219e-01 8.83790195e-01 3.67179513e-01 7.30374455e-01
    7.55524516e-01 3.41612160e-01 1.25317723e-01 4.55348551e-01
    5.70509076e-01 5.17406106e-01 5.96992850e-01 3.14386070e-01
    3.80839825e-01 8.68413746e-01 8.19977045e-01 2.02514887e-01
    6.89546466e-01 4.44944531e-01 9.12402034e-01 2.30712831e-01
    2.68736273e-01 8.36054623e-01 3.30287039e-01 9.08028185e-01
    6.82074547e-01 5.31298220e-01 8.94988775e-02 5.83310127e-02
    3.66307795e-01 1.61524266e-01 3.62492323e-01 6.25050128e-01
    7.92535186e-01 5.04713178e-01 8.98102999e-01 2.27271914e-02
    7.89298415e-02 6.53583229e-01 4.37923074e-01 8.88043463e-01
    7.81605363e-01 9.06261563e-01 7.18191326e-01 9.48335886e-01
    6.19114816e-01 1.41337633e-01 8.40307236e-01 2.58628368e-01
    4.13591892e-01 8.35228741e-01 3.54184777e-01 4.45971996e-01
    8.62168312e-01 3.48921835e-01 5.71206510e-02 1.43104643e-01
    3.95811081e-01 7.62571096e-01 7.98788309e-01 9.61911261e-01
    7.64377534e-01 1.76340699e-01 6.25912547e-01 8.44882727e-01
    6.02938652e-01 7.04936445e-01 8.05577636e-01 5.97297788e-01
    6.75284207e-01 8.46896112e-01 9.56548274e-01 4.86954093e-01
    8.35055351e-01 4.76257354e-01 4.61434364e-01 6.67107403e-01
    3.18708420e-02 9.98259544e-01 1.89675540e-01 8.61391425e-01
    5.09755015e-01 1.94726467e-01 4.34516430e-01 7.05711365e-01
    7.27477074e-01 7.64137149e-01 8.29608738e-02 3.17690611e-01
    6.21180594e-01 5.36846995e-01 7.43523121e-01 8.98682952e-01
    4.49290454e-01 2.48239338e-01 7.06136048e-01 4.57676321e-01
    9.67514813e-02 2.50383019e-01 5.05160332e-01 8.85251164e-02
    4.86025512e-01 7.37915099e-01 4.98175502e-01 6.94777906e-01
    4.98714000e-01 3.30222845e-02 9.14952278e-01 4.03105110e-01
    6.77576363e-01 3.11564952e-01 2.81644762e-01 1.39261186e-01
    3.32968235e-02 5.91170788e-03 7.90536582e-01 9.74339724e-01
    8.01731706e-01 9.75086093e-01 3.79868448e-01 8.35394740e-01
    2.64706850e-01 1.05279386e-02 1.27342820e-01 8.19182992e-01
    6.48264110e-01 5.85750878e-01 2.51332343e-01 4.04622078e-01
    4.93600160e-01 5.39471984e-01 8.10741007e-01 4.40370589e-01
    3.50315779e-01 2.01071709e-01 1.00197494e-02 9.25795496e-01
    5.34740090e-03 9.32650268e-02 5.02384245e-01 1.89775765e-01
    6.66382015e-01 8.42255354e-02 5.98900795e-01 2.47436941e-01
    9.55219150e-01 9.57519650e-01 3.28944802e-01 4.20893639e-01
    6.78544879e-01 8.42938900e-01 8.54340255e-01 4.21851307e-01
    6.26770556e-02 8.33650649e-01 7.26304770e-01 8.69257212e-01
    5.86893916e-01 8.82293880e-02 6.79568052e-01 8.82267356e-02
    5.41038632e-01 4.19471264e-02 9.90748405e-01 4.97223139e-01
    6.76186860e-01 2.97095001e-01 4.60018814e-01 3.94906461e-01
    6.26897812e-01 8.44453573e-01 5.45309782e-01 5.88033915e-01
    1.94797516e-01 3.23101550e-01 8.56220424e-01 8.54001284e-01
    1.20252132e-01 9.64280367e-01 4.81954008e-01 3.66814643e-01
    4.43874240e-01 6.62565291e-01 3.74586999e-01 2.38024324e-01
    6.10736847e-01 3.75712216e-01 8.08763027e-01 4.19919431e-01
    7.29471445e-02 8.81982803e-01 5.89993179e-01 2.13010728e-01
    1.71131641e-01 7.83702135e-01 3.97993952e-01 5.69855809e-01
    7.10691392e-01 8.01402569e-01 3.53950202e-01 5.09583950e-01
    6.81387126e-01 3.69438231e-01 7.65220225e-01 8.47812533e-01
    2.43328512e-01 9.78657484e-01 8.67695391e-01 9.33531642e-01
    7.64164209e-01 7.59334862e-01 7.47176766e-01 5.86994827e-01
    2.88856089e-01 4.86025214e-02 5.84594786e-01 6.38714015e-01
    6.92174435e-02 6.43363595e-01 3.08345973e-01 7.03660429e-01
    3.07597876e-01 1.32766575e-01 3.47115457e-01 9.47174489e-01
    8.26588750e-01 2.01554716e-01 8.16246331e-01 9.28063929e-01
    8.94699097e-01 4.49108899e-01 3.41809273e-01 2.38691866e-02
    4.95880842e-01 9.19583440e-03 3.26635182e-01 4.48794454e-01
    6.43132985e-01 6.02633715e-01 7.30003119e-01 2.17869878e-01
    5.01726806e-01 7.70249367e-01 2.21823812e-01 8.77772808e-01
    5.90885162e-01 8.29894185e-01 3.39886367e-01 6.79183662e-01
    6.50302887e-01 6.88346028e-01 5.65916598e-02 7.12254643e-03
    3.61587644e-01 2.06684351e-01 7.70200551e-01 3.57224882e-01
    3.20126951e-01 7.38795400e-01 9.42500949e-01 8.38796139e-01
    4.25324291e-01 3.98248941e-01 8.11490119e-01 9.61044431e-01
    5.52172542e-01 7.78138041e-01 2.74541855e-01 7.66845465e-01
    6.57315493e-01 5.99823833e-01 2.74911582e-01 6.05328262e-01
    1.56137049e-01 6.80682600e-01 8.20519328e-01 3.39445949e-01
    8.67148936e-02 1.37880087e-01 1.95254862e-01 9.32635665e-02
    6.49834096e-01 9.79655504e-01 6.74251795e-01 8.16117406e-01
    7.29395390e-01 9.36169922e-01 7.01780319e-01 4.70699519e-01
    1.04297400e-01 5.63196480e-01 3.98986310e-01 6.55557215e-02
    5.04317403e-01 9.17137742e-01 9.69112277e-01 3.19671303e-01
    5.16657114e-01 7.33759761e-01 8.41850877e-01 6.42306089e-01
    3.85386437e-01 1.27157539e-01 5.62550128e-01 9.99892592e-01
    8.64370704e-01 1.93063706e-01 6.47483706e-01 1.48671508e-01
    3.16005856e-01 6.73022866e-03 9.36488688e-01 7.38784432e-01
    3.17333639e-01 6.53161764e-01 1.57887340e-01 1.91989243e-01
    9.97332394e-01 1.25580698e-01 7.36302018e-01 2.45061636e-01
    7.84956336e-01 6.99856937e-01 9.06505704e-01 4.39858437e-01
    3.80697787e-01 4.01693940e-01 6.86631918e-01 5.53284407e-01
    1.20423496e-01 9.29956317e-01 3.43386829e-02 4.18271422e-01
    2.61982292e-01 3.52713168e-02 7.43938804e-01 7.22134411e-01
    3.04102242e-01 4.97501373e-01 6.78902388e-01 6.57469630e-01
    5.49109042e-01 2.41129965e-01 5.94786763e-01 7.82984853e-01
    4.39495146e-01 8.97336960e-01 9.82721329e-01 2.71060765e-01
    4.25505310e-01 2.47947514e-01 2.26792276e-01 8.55317473e-01
    6.44901216e-01 5.99857569e-01 4.06616241e-01 9.17302072e-01
    3.08614075e-01 2.71146327e-01 6.32032037e-01 3.77261996e-01
    8.64700675e-01 9.92595196e-01 8.80028248e-01 6.51673019e-01
    6.06745005e-01 4.80536342e-01 6.97647631e-02 6.20121956e-02
    1.86283588e-01 6.16146684e-01 2.32826442e-01 9.34424818e-01
    2.44141221e-02 7.28342533e-02 6.26164854e-01 7.95099080e-01
    5.34905910e-01 4.72083718e-01 3.76101434e-01 2.59521306e-01
    5.13134897e-01 9.59172726e-01 6.66248798e-03 5.82429409e-01
    8.74707043e-01 6.85970902e-01 9.24155951e-01 4.85525370e-01
    1.67686045e-02 5.26208758e-01 3.18222135e-01 2.80938804e-01
    5.75878322e-02 9.54983413e-01 2.84466833e-01 4.75582480e-01
    2.99826443e-01 2.83213854e-01 1.15965039e-01 5.42046607e-01
    8.89797807e-01 1.56355739e-01 7.52937078e-01 1.61211103e-01
    9.34662521e-02 9.90517199e-01 3.62734795e-01 7.78125226e-01
    7.61585593e-01 4.48039800e-01 4.10312593e-01 1.38797581e-01
    3.76154125e-01 3.95826787e-01 4.76069808e-01 9.45813000e-01
    9.47021365e-01 7.33289242e-01 3.01518261e-01 5.82758963e-01
    2.25718141e-01 7.89402366e-01 1.78816915e-03 5.27580678e-02
    1.02464020e-01 1.68941259e-01 1.96458995e-02 7.02329278e-01
    7.54462719e-01 4.24326062e-01 8.25511575e-01 6.10858440e-01
    9.98974085e-01 8.91389310e-01 5.03938794e-02 2.02006519e-01
    2.73929477e-01 5.26050210e-01 6.95455313e-01 5.58188498e-01
    2.92497963e-01 9.60653186e-01 4.10512507e-01 3.14923674e-01
    6.23745084e-01 4.35005099e-01 6.89097643e-01 1.12815082e-01
    3.57641101e-01 8.59541655e-01 5.29061317e-01 2.91164219e-01
    8.25177550e-01 2.68895745e-01 1.52817190e-01 4.05114621e-01
    3.59239399e-01 4.86456960e-01 8.64351988e-01 7.04954565e-01
    9.68258679e-01 3.18614125e-01 1.44227803e-01 1.22502446e-03
    1.78535491e-01 9.25392866e-01 3.56286883e-01 8.52037191e-01
    9.51624930e-01 2.09098756e-02 7.79882967e-01 3.30847025e-01
    6.17022157e-01 5.91102719e-01 6.37994230e-01 8.18931460e-01
    2.27557659e-01 4.81089741e-01 1.67745173e-01 6.07101381e-01
    4.70303029e-01 5.18955946e-01 1.44771457e-01 2.34999299e-01
    1.55956715e-01 2.82255828e-01 2.52781540e-01 8.58650565e-01
    8.89889717e-01 8.31905305e-02 4.61569667e-01 8.63356590e-01
    9.76706982e-01 5.68150282e-01 3.05381060e-01 5.91598153e-01
    3.32572758e-02 7.64311433e-01 2.30330884e-01 9.87982452e-01
    6.04401410e-01 4.06022251e-01 3.82799506e-01 2.30163395e-01
    6.65036440e-01 3.48427117e-01 1.99649006e-01 6.50702298e-01
    6.05908036e-01 2.78885067e-01 8.30900550e-01 7.20046520e-01
    2.16435343e-01 1.39753103e-01 2.10249871e-01 2.81488359e-01
    3.86148602e-01 9.32251513e-01 7.27604032e-01 6.52936578e-01
    3.74713123e-01 1.28509283e-01 2.55769312e-01 4.29974645e-01
    6.08276486e-01 5.01433015e-01 3.84015739e-02 4.46146309e-01
    1.60528362e-01 8.76758337e-01 3.00932258e-01 6.95818663e-01
    5.88347554e-01 7.81835198e-01 3.81726444e-01 9.90001321e-01
    8.62210214e-01 5.98918200e-02 5.04919112e-01 7.54320383e-01
    9.21284199e-01 1.26899898e-01 4.45023984e-01 9.37685728e-01
    3.55424225e-01 6.70290947e-01 8.96938443e-02 4.72352445e-01
    5.14291704e-01 1.35648340e-01 7.52454042e-01 4.95929867e-01
    6.42011285e-01 3.97113860e-01 5.92700243e-02 8.58539104e-01
    6.45326078e-01 4.69946980e-01 3.23301554e-03 3.57584834e-01
    5.30333102e-01 3.72858942e-01 1.21990561e-01 7.47803926e-01
    2.10510790e-01 2.12398171e-03 9.52685952e-01 8.73970509e-01
    6.34046197e-01 4.19852585e-01 3.67969126e-01 9.10464525e-01
    1.14694208e-01 8.41684103e-01 1.21493220e-01 3.07725251e-01
    5.80914021e-01 9.04575586e-01 9.85491157e-01 6.27596974e-01
    1.90139413e-01 8.81279111e-01 5.33961177e-01 7.34988749e-02
    5.53596258e-01 6.92212880e-01 3.35661232e-01 6.69961929e-01
    4.16922063e-01 2.01453298e-01 9.01884139e-02 3.69840980e-01
    1.08602703e-01 3.71784985e-01 4.02531028e-03 1.87346876e-01
    8.86628032e-03 1.71000510e-01 9.16047573e-01 6.77845001e-01
    8.56740594e-01 2.89471954e-01 8.71524930e-01 5.15556455e-01
    6.03255928e-01 8.72678339e-01 1.61637157e-01 2.41293550e-01
    8.01160991e-01 5.06585300e-01 7.49820888e-01 4.56466079e-02
    2.58356720e-01 3.94674242e-01 3.66714656e-01 2.12550700e-01
    2.12030888e-01 9.10269439e-01 2.81214476e-01 4.99843359e-01
    7.93968379e-01 4.35714424e-01 8.38455915e-01 4.21037555e-01
    3.19648743e-01 7.23613143e-01 3.30590129e-01 8.97188365e-01
    1.71971053e-01 7.70059466e-01 3.07180405e-01 2.46520519e-01
    4.74100798e-01 9.93281126e-01 6.65326655e-01 1.63543940e-01
    3.80669653e-01 7.49395549e-01 6.48440659e-01 8.02855432e-01
    8.73943090e-01 3.43531340e-01 3.24694157e-01 7.00982451e-01
    1.57082677e-02 2.40476400e-01 8.18543196e-01 5.44309258e-01
    5.10212004e-01 8.15605342e-01 3.01871300e-01 4.68391359e-01
    1.85236931e-01 9.75497484e-01 2.74035633e-02 5.84320128e-01
    1.71283871e-01 1.32506669e-01 8.34966719e-01 9.72905993e-01
    1.88650191e-02 6.71187282e-01 5.25363326e-01 9.56937313e-01
    1.75559223e-02 3.55080664e-01 6.73848629e-01 9.87841845e-01
    9.98277724e-01 8.52198303e-01 7.00319707e-01 8.31578434e-01
    6.56142294e-01 5.66851497e-01 5.90127230e-01 2.53512561e-01
    5.42241454e-01 9.90908146e-01 1.41720831e-01 2.36869305e-01
    4.17019367e-01 8.87672007e-02 7.47299314e-01 4.39842522e-01
    6.00311279e-01 7.35843003e-01 3.87435496e-01 8.92857075e-01
    6.65093601e-01 8.08944285e-01 6.67239606e-01 5.27724981e-01
    6.78877473e-01 5.82246304e-01 9.13724363e-01 9.06661510e-01
    5.77124715e-01 5.18464983e-01 6.05120778e-01 1.77935481e-01
    5.40699363e-01 9.52503681e-02 4.02490377e-01 6.01887286e-01
    9.83922362e-01 6.46581948e-01 9.29662704e-01 6.28517210e-01
    2.75340378e-02 2.25503355e-01 4.91688222e-01 4.85700309e-01
    9.52575922e-01 8.67119789e-01 1.53146476e-01 5.74026942e-01
    1.15060031e-01 7.06389964e-01 3.67948234e-01 5.25250912e-01
    4.67935383e-01 3.17380518e-01 2.54287481e-01 1.18042082e-01
    4.38855082e-01 7.40277648e-01 4.99267876e-01 1.27989024e-01
    9.74240422e-01 2.28754371e-01 7.39374757e-01 8.14425349e-01
    2.36340821e-01 6.49637222e-01 6.14310980e-01 3.52489352e-02
    1.99445903e-01 3.61208498e-01 5.00460684e-01 3.16174537e-01
    3.89698446e-02 2.05458343e-01 1.06074333e-01 2.69300163e-01
    6.08417392e-02 7.98998058e-01 9.11719799e-02 1.35750294e-01
    8.30896199e-02 4.11925375e-01 6.32155299e-01 6.53031886e-01
    6.31129622e-01 8.87264132e-01 2.59479821e-01 1.33342743e-01
    2.28769690e-01 5.28135240e-01 1.55942053e-01 6.86643779e-01
    9.53091979e-01 3.71533334e-01 5.53901613e-01 1.30356431e-01
    1.61674798e-01 9.14270163e-01 6.02850318e-01 3.08858782e-01
    6.00589693e-01 8.01065862e-02 4.02909130e-01 7.42883384e-01
    9.79765654e-01 4.25302178e-01 8.25588822e-01 4.18328434e-01
    5.30310571e-01 3.21610510e-01 3.71623933e-01 7.86284268e-01
    2.72857666e-01 8.27562511e-02 9.95136380e-01 3.28858316e-01
    3.92541349e-01 1.40307695e-01 1.92483455e-01 6.63083494e-01
    3.56146425e-01 6.91273749e-01 1.80500507e-01 1.16922826e-01
    1.45411551e-01 5.12814641e-01 9.52227950e-01 3.42666507e-01
    5.09003997e-02 1.20398819e-01 1.15358829e-01 1.77751422e-01
    3.72120529e-01 3.26630533e-01 6.41626716e-01 4.10483301e-01
    1.03751689e-01 1.94142520e-01 4.43105698e-02 5.35061598e-01
    2.73551941e-01 6.42540157e-02 5.11862934e-01 6.65857732e-01
    1.61116540e-01 1.22511715e-01 5.32040596e-02 1.37006253e-01
    3.03568840e-02 7.40694225e-01 2.18568861e-01 4.79028106e-01
    8.14758658e-01 4.38767225e-01 3.84942174e-01 3.46937180e-01
    7.57341504e-01 2.21439898e-02 1.90406144e-01 6.90445781e-01
    8.15078616e-01 8.45803022e-01 2.05404878e-01 5.45225203e-01
    2.85783172e-01 9.48718071e-01 9.04745460e-01 7.12814927e-01
    5.75224042e-01 8.58080626e-01 9.98893261e-01 2.54988372e-01
    4.86844957e-01 5.78735888e-01 2.74619460e-01 9.85430479e-01
    7.93324411e-02 7.32049227e-01 9.47936058e-01 4.51502860e-01
    9.57032681e-01 9.67806697e-01 9.70593214e-01 3.67805570e-01
    2.28479594e-01 1.76267236e-01 4.16979164e-01 8.07803273e-01
    4.06311631e-01 7.34438837e-01 6.02843761e-02 6.53750122e-01
    1.99607849e-01 2.79045880e-01 5.35000682e-01 5.58949113e-02
    4.81504619e-01 9.22543108e-02 8.11903358e-01 9.49492216e-01
    4.54973012e-01 7.28312194e-01 3.18492889e-01 7.68238902e-01
    6.62408590e-01 5.27032554e-01 7.30489850e-01 5.44960678e-01
    9.55745757e-01 5.01463294e-01 6.58194423e-02 2.50991583e-01
    7.64799714e-01 3.32154930e-01 6.44082904e-01 6.61388278e-01
    5.07810056e-01 3.72846305e-01 3.34683806e-01 4.94085908e-01
    3.87553304e-01 5.16400933e-02 9.11273599e-01 2.24385619e-01
    4.38029975e-01 5.19731522e-01 3.75925839e-01 1.05761707e-01
    1.69181347e-01 1.03770077e-01 8.31472516e-01 5.35203516e-01
    2.22910792e-01 1.87322944e-01 1.71790719e-01 8.02787364e-01
    1.09174252e-02 7.15296388e-01 3.32861304e-01 5.47167063e-02
    3.63312960e-01 3.04388821e-01 6.64506078e-01 4.78352994e-01
    3.24247688e-01 3.87649000e-01 2.03403026e-01 2.84817576e-01
    6.58389926e-01 8.51185977e-01 5.64122498e-01 8.52110088e-01
    5.22469699e-01 7.75887847e-01 1.76527739e-01 5.29941916e-01
    2.89694309e-01 2.13330477e-01 6.11009538e-01 2.63614088e-01
    1.15310997e-01 3.70714247e-01 6.08287871e-01 2.80270338e-01
    4.48506206e-01 2.08835125e-01 9.16610718e-01 8.73606801e-01
    7.12224185e-01 3.83466035e-01 5.56546450e-03 5.50590873e-01
    1.04051471e-01 9.92963195e-01 6.99386001e-01 3.53409797e-01
    4.69280362e-01 4.75932389e-01 8.01734805e-01 3.67897987e-01
    3.98858160e-01 5.55776954e-01 3.08306217e-01 7.08476067e-01
    5.69262207e-02 5.93059242e-01 2.99907833e-01 5.91894925e-01
    4.27113771e-01 7.57122159e-01 6.14128351e-01 9.33440208e-01
    7.18533576e-01 3.28730881e-01 7.14614391e-01 8.83480966e-01
    3.66038084e-01 4.85977590e-01 3.26975524e-01 1.31174535e-01
    9.27440643e-01 8.31362903e-02 2.68312633e-01 3.54789764e-01
    9.04265642e-01 4.91599977e-01 5.06193280e-01 9.50436115e-01
    5.09320378e-01 1.07719272e-01 5.69468975e-01 7.47525275e-01
    9.69422460e-01 7.58015156e-01 1.15000576e-01 2.62914062e-01
    2.74403960e-01 9.86883044e-02 5.37787259e-01 9.93882895e-01
    6.07388496e-01 2.26807356e-01 9.38778400e-01 5.77176690e-01
    2.81446517e-01 2.57723987e-01 1.41196758e-01 6.38916254e-01
    1.60580218e-01 3.90498579e-01 2.69701242e-01 8.05584311e-01
    7.59591937e-01 2.21701264e-01 9.73324418e-01 5.15510261e-01
    8.39742303e-01 6.45309091e-02 9.46384251e-01 4.12243962e-01
    8.87568355e-01 4.30629253e-01 4.23356116e-01 2.96435833e-01
    6.16409481e-01 2.14306861e-01 1.25142694e-01 9.95649457e-01
    8.71969700e-01 8.61560464e-01 7.47807622e-01 3.75978649e-02
    5.55737197e-01 7.43572235e-01 7.57789493e-01 1.62763327e-01
    6.82278156e-01 9.29994464e-01 7.41525710e-01 3.61937612e-01
    7.01123774e-01 4.53638047e-01 2.17255950e-03 7.44903564e-01
    1.83093637e-01 5.27813017e-01 4.63678926e-01 9.91295636e-01
    3.22131157e-01 6.17077887e-01 4.27740544e-01 9.56756830e-01
    4.47596997e-01 7.18320727e-01 5.06848752e-01 4.79119509e-01
    6.43106818e-01 3.89705628e-01 9.98829007e-01 9.79502320e-01
    4.55935597e-01 3.34686935e-01 6.04870379e-01 5.05760670e-01
    4.60242927e-01 1.39019698e-01 8.52601528e-01 4.93390739e-01
    4.37128067e-01 2.42459178e-02 7.26915717e-01 6.08636260e-01
    3.90851885e-01 5.96608877e-01 8.49262774e-01 4.93018001e-01
    5.51709771e-01 2.82053202e-01 4.48557913e-01 6.91055655e-02
    8.55858445e-01 2.03561932e-01 3.67827773e-01 3.54132473e-01
    3.57309580e-01 2.77455151e-01 4.24893022e-01 3.39792669e-01
    5.41115701e-02 4.44723070e-02 7.29588747e-01 7.83131778e-01
    2.17281014e-01 6.13196373e-01 1.30573243e-01 6.39308155e-01
    3.03009272e-01 8.62544179e-02 7.75470972e-01 4.29683685e-01
    3.37749481e-01 2.24421769e-01 5.70428848e-01 4.74769026e-01
    8.12979996e-01 4.10575986e-01 4.49055731e-01 7.07224727e-01
    6.08021200e-01 2.14312375e-01 4.75377500e-01 9.90195155e-01
    7.41083920e-01 3.26391339e-01 6.93130553e-01 8.15433204e-01
    2.46697813e-01 4.46428657e-02 8.00679326e-01 9.63912845e-01
    8.27503204e-01 3.70860338e-01 3.60381782e-01 4.14750636e-01
    8.62306833e-01 2.63387799e-01 9.94969189e-01 7.60778010e-01
    7.09220111e-01 1.95738912e-01 8.38385224e-02 7.45624900e-01
    7.45300770e-01 2.71962583e-01 2.15482324e-01 1.42442882e-01
    3.00477445e-02 5.89523017e-02 4.02054250e-01 7.51638293e-01
    3.92087877e-01 4.07640815e-01 7.08005726e-02 5.35979748e-01
    6.18118107e-01 4.09684449e-01 6.77194953e-01 4.42195982e-01
    1.20899171e-01 4.63117957e-02 1.93783671e-01 3.43476921e-01
    5.10949433e-01 2.03479171e-01 9.01425183e-01 6.97922707e-01
    2.31617272e-01 9.45295572e-01 5.56759477e-01 3.30846757e-01
    8.90753388e-01 8.53190124e-01 1.07417613e-01 8.35425019e-01
    5.42902708e-01 6.07827961e-01 8.98378432e-01 2.42698967e-01
    6.12727761e-01 3.05284232e-01 1.28680855e-01 4.04691994e-02
    4.07060087e-02 5.07999480e-01 5.64019322e-01 7.05143690e-01
    2.60862708e-02 4.61709470e-01 5.04864156e-01 6.68490887e-01
    7.16711938e-01 9.17571723e-01 9.57218528e-01 2.67010272e-01
    3.97953004e-01 9.33916271e-01 6.18968904e-01 3.81402493e-01
    7.67968714e-01 8.51678550e-02 2.70947814e-02 3.08256388e-01
    3.80416751e-01 6.06685638e-01 5.91935813e-02 5.21499515e-02
    6.07073724e-01 4.10274118e-01 6.47710085e-01 8.23531270e-01
    4.95605141e-01 8.80211592e-01 2.89137244e-01 3.47466528e-01
    9.77253020e-01 7.43710518e-01 6.08058691e-01 4.79077309e-01
    8.62898350e-01 7.72101581e-01 8.33812594e-01 5.19664645e-01
    5.55278182e-01 3.77584785e-01 9.07612801e-01 4.98702317e-01
    8.61588180e-01 4.87863302e-01 8.01308870e-01 5.94692588e-01
    9.93897080e-01 7.41963029e-01 3.74086976e-01 7.02046812e-01
    9.36491132e-01 1.07267499e-01 3.51375461e-01 3.47573757e-01
    8.15390468e-01 9.55553472e-01 8.68951678e-01 1.04290366e-01
    3.68608922e-01 9.11640525e-01 3.00063610e-01 6.83297038e-01
    2.88649917e-01 3.13016921e-01 9.25533175e-01 5.62101424e-01
    5.59640110e-01 9.44191158e-01 9.26114321e-02 8.44295382e-01
    6.42028332e-01 3.97200614e-01 5.98393083e-01 2.11573601e-01
    5.68946481e-01 1.62740111e-01 5.09925723e-01 7.78986573e-01
    7.12966919e-02 2.29692280e-01 7.17273295e-01 1.04525268e-01
    2.75625646e-01 4.32523370e-01 1.88273191e-01 1.81290060e-01
    4.07207668e-01 5.83666265e-01 9.91246104e-02 8.20844054e-01
    9.68281507e-01 8.96963477e-01 9.43546653e-01 6.65527582e-02
    1.15667939e-01 3.87255102e-01 2.48811066e-01 7.01094031e-01
    8.52296114e-01 7.89779365e-01 4.94148195e-01 7.29474425e-01
    8.86234701e-01 1.24228925e-01 4.37803388e-01 7.29705572e-01
    5.90080917e-01 1.42839551e-01 9.64093387e-01 8.55255604e-01
    6.78362846e-01 5.96059322e-01 7.28425682e-01 1.35421187e-01
    9.53150690e-02 5.41745722e-01 4.77382779e-01 9.37167108e-01
    1.30745649e-01 5.13558507e-01 7.72767425e-01 6.38871372e-01
    9.60420787e-01 5.45277536e-01 5.07947266e-01 4.87142712e-01
    2.19167650e-01 6.12747192e-01 6.37623131e-01 6.43741846e-01
    8.86773229e-01 2.09856153e-01 6.30975902e-01 3.50473523e-02
    2.40237564e-01 6.53246582e-01 9.10185337e-01 6.71572387e-01
    2.83170402e-01 1.52794242e-01 3.62922311e-01 1.74592406e-01
    2.48155981e-01 1.94494247e-01 1.79448247e-01 5.98811328e-01
    2.29812086e-01 9.78277326e-02 5.92367947e-02 3.16567957e-01
    1.11386865e-01 3.45110178e-01 1.78528160e-01 1.54329240e-02
    1.35506690e-02 3.12873185e-01 8.60881090e-01 5.76939523e-01
    3.16855013e-01 1.83635354e-02 7.50054955e-01 7.04932094e-01
    5.12354076e-01 5.24444044e-01 6.27459466e-01 8.81122828e-01
    5.31179726e-01 2.88112581e-01 8.84937227e-01 1.03874475e-01
    4.46578205e-01 3.99218321e-01 7.54799783e-01 3.31802964e-01
    5.60014725e-01 3.99932534e-01 3.97631854e-01 1.50288016e-01
    4.86467391e-01 6.60154462e-01 6.62294209e-01 1.44488662e-01
    6.43185556e-01 4.53528762e-01 7.18017578e-01 2.56312072e-01
    6.91785038e-01 4.10926342e-02 3.79950792e-01 3.00109595e-01
    8.90776157e-01 4.71717745e-01 9.41510141e-01 6.43121660e-01
    9.73862112e-02 7.20587492e-01 4.32692587e-01 2.98382014e-01
    6.32126629e-01 4.73217547e-01 1.10552102e-01 3.93785059e-01
    6.32861853e-01 5.28055489e-01 2.79296070e-01 4.47224796e-01
    2.24607110e-01 2.39502072e-01 4.85303164e-01 2.80198455e-01
    9.31639671e-01 5.33254266e-01 5.31442642e-01 8.31452727e-01
    8.12320113e-01 1.26198143e-01 1.22121871e-02 5.97508073e-01
    7.61096120e-01 6.10470712e-01 3.25434387e-01 7.84216166e-01
    3.53104532e-01 1.08928919e-01 4.96867329e-01 7.76722133e-02
    2.87188977e-01 9.56290781e-01 8.68119180e-01 6.23410523e-01
    1.06211126e-01 9.26657319e-01 7.32303441e-01 5.32904863e-01
    8.15262198e-01 7.38284290e-01 5.99789023e-02 2.27785647e-01
    9.84862089e-01 8.39337587e-01 5.26882827e-01 2.21881717e-01
    8.85169268e-01 9.33496237e-01 7.65660286e-01 9.73722816e-01
    7.06154585e-01 2.83458829e-01 1.63210332e-02 4.58246738e-01
    2.17996061e-01 8.43208075e-01 8.05080533e-01 1.65548891e-01
    8.12097609e-01 8.71632218e-01 9.52889144e-01 3.15949112e-01
    1.58182323e-01 3.22531462e-01 1.80391729e-01 1.82443976e-01
    5.74796557e-01 4.92006391e-01 5.65362871e-02 8.84566903e-01
    1.77881122e-01 2.99449712e-01 8.85540128e-01 4.83012289e-01
    9.69539285e-01 7.71198273e-02 1.56703740e-01 5.74845731e-01
    7.36467957e-01 5.87652683e-01 3.06462646e-01 1.67704791e-01
    4.42467749e-01 2.78185248e-01 6.31346822e-01 3.99250090e-01
    3.62997591e-01 5.30997813e-01 2.46066988e-01 2.69940883e-01
    3.88261676e-02 8.22993517e-01 4.95676398e-01 8.92094970e-01
    8.06785703e-01 8.45237851e-01 9.18542325e-01 4.12896395e-01
    2.95275331e-01 5.84825635e-01 3.10199648e-01 7.34712481e-01
    9.92692053e-01 5.05054951e-01 7.39279032e-01 8.85696352e-01
    9.75658298e-01 3.54512632e-01 5.33933222e-01 3.14824104e-01
    2.39127815e-01 1.33750737e-01 7.60195971e-01 7.07423568e-01
    3.45201075e-01 6.58252180e-01 7.85512447e-01 8.00627351e-01
    9.50509608e-01 3.30684632e-01 7.87739456e-01 8.97408485e-01
    7.81493485e-01 3.75472397e-01 9.45743322e-01 3.12423468e-01
    4.33960736e-01 9.14887786e-01 5.21270752e-01 2.33255118e-01
    4.19656336e-02 1.18049830e-01 7.86337733e-01 5.20289958e-01
    3.44252765e-01 4.73446667e-01 8.08586001e-01 5.23624480e-01
    5.88698268e-01 1.90701336e-01 2.92126417e-01 5.83364964e-01
    6.49255812e-01 3.11329067e-01 9.95470405e-01 7.93625474e-01
    8.22364390e-02 9.54859376e-01 3.76880825e-01 3.79931927e-01
    8.96031678e-01 5.32291651e-01 3.94351482e-02 3.11580777e-01
    9.76652026e-01 5.30661047e-01 2.07525790e-01 9.18551564e-01
    5.08379996e-01 5.82966328e-01 6.01062655e-01 2.99960285e-01
    8.85702491e-01 1.14856154e-01 9.84991968e-01 8.00202787e-02
    6.13150001e-02 1.15024596e-01 5.83425045e-01 7.00597286e-01
    6.36321187e-01 5.07638693e-01 4.52642173e-01 2.23112762e-01
    6.02549970e-01 8.32068920e-01 1.96119487e-01 6.45200789e-01
    8.15522492e-01 6.88499689e-01 9.38758373e-01 5.82014143e-01
    9.55703855e-01 9.27348793e-01 8.11975360e-01 4.70416993e-01
    9.88910556e-01 1.76353127e-01 8.61622214e-01 8.92825603e-01
    6.06820703e-01 8.67193937e-01 6.55407190e-01 6.76025569e-01
    2.51089275e-01 8.16337466e-01 8.37972522e-01 3.76073182e-01
    2.21296638e-01 9.47086453e-01 3.53435099e-01 3.94496590e-01
    2.61000425e-01 7.30416358e-01 1.83407962e-02 7.49027848e-01
    1.55826390e-01 7.88807273e-01 2.37205625e-02 1.62297994e-01
    6.44587219e-01 8.15404534e-01 8.78393650e-03 1.59381628e-02
    3.09716761e-01 7.86792159e-01 5.10987282e-01 6.19592965e-01
    7.60005832e-01 5.01728952e-02 8.06644559e-01 4.26370829e-01
    9.05915260e-01 3.05004060e-01 5.46514213e-01 5.40938556e-01
    8.77413690e-01 9.61955249e-01 1.77407175e-01 2.70393074e-01
    6.32600188e-02 4.77998942e-01 6.33931458e-01 7.30758667e-01
    3.43012810e-01 1.48446113e-01 2.16715306e-01 1.01463705e-01
    8.95585299e-01 6.45168900e-01 3.55589032e-01 2.88244545e-01
    1.86607629e-01 7.57562041e-01 9.74761724e-01 1.43355608e-01
    4.33364928e-01 1.14989311e-01 5.43765068e-01 4.95447040e-01
    9.29596543e-01 6.77407742e-01 7.11724877e-01 4.88928080e-01
    2.33157188e-01 4.68188077e-01 2.39910960e-01 6.83916390e-01
    4.89202023e-01 5.93627274e-01 7.00587749e-01 5.71838856e-01
    5.04630804e-03 3.36266309e-01 4.73902494e-01 5.39513409e-01
    3.92566621e-01 6.90479279e-01 3.76419783e-01 8.21771324e-02
    5.77022851e-01 5.33113956e-01 1.43777519e-01 7.67692924e-01
    3.07023734e-01 3.82953584e-01 5.24775445e-01 6.08880699e-01
    2.31794268e-01 7.87450671e-01 3.68766963e-01 1.28963381e-01
    4.77023989e-01 6.53496385e-01 7.92316616e-01 4.72703040e-01
    6.97560787e-01 8.45719457e-01 8.59102726e-01 8.26427937e-01
    5.00574768e-01 4.12001550e-01 4.46529686e-01 7.53895700e-01
    3.72444123e-01 7.08061934e-01 3.94419968e-01 7.62278199e-01
    6.72291458e-01 3.34067345e-02 3.77567410e-01 7.26155937e-02
    5.67904055e-01 5.41602254e-01 3.73130322e-01 4.19099450e-01
    8.04564714e-01 9.14998055e-01 4.63978857e-01 3.46563816e-01
    7.48299599e-01 8.44960511e-01 2.12832987e-01 1.20266497e-01
    4.49403226e-02 9.26701188e-01 1.57748133e-01 2.67362893e-01
    7.58504033e-01 1.73009574e-01 8.42604160e-01 4.78174150e-01
    6.80718243e-01 6.85098708e-01 7.73498416e-01 2.87786186e-01
    2.06843823e-01 2.56569386e-01 1.06729984e-01 7.90458798e-01
    8.56775701e-01 6.31676853e-01 6.18577480e-01 4.00949329e-01
    4.40431833e-02 3.74071628e-01 5.70478916e-01 8.48317504e-01
    7.63757825e-01 4.15861428e-01 2.54887760e-01 5.42998314e-01
    5.33676147e-01 5.78718483e-01 1.87145472e-02 9.65933919e-01
    5.01028121e-01 7.70757854e-01 2.33613431e-01 3.66807491e-01
    8.83466661e-01 5.41670561e-01 8.60390663e-01 4.75656390e-02
    6.81699097e-01 5.82308292e-01 2.41257340e-01 6.98227704e-01
    6.76233530e-01 8.24949980e-01 9.84383225e-01 2.18682081e-01
    2.83900917e-01 5.72561026e-02 5.49023092e-01 4.92267966e-01
    1.61412627e-01 3.27527940e-01 1.63687170e-01 3.19043577e-01
    2.38006651e-01 4.45498735e-01 3.86222005e-02 1.14335537e-01
    5.48167229e-01 4.28168595e-01 9.45201874e-01 1.80576831e-01
    9.67078626e-01 6.36147499e-01 8.21887553e-01 4.03371990e-01
    2.68848717e-01 2.90614963e-01 7.68611312e-01 1.56396002e-01
    3.15198511e-01 6.29581034e-01 7.14728653e-01 6.17286325e-01
    2.89339423e-01 9.99499202e-01 2.52571672e-01 4.63874996e-01
    6.76503122e-01 2.10792512e-01 4.80785102e-01 5.52325130e-01
    1.77796602e-01 4.80418593e-01 1.48137629e-01 6.27527475e-01
    1.24326825e-01 3.61944348e-01 9.00279760e-01 5.71063519e-01
    4.77093786e-01 8.75216424e-02 7.55990505e-01 3.17498028e-01
    2.92466164e-01 1.13858968e-01 1.29382700e-01 8.30543041e-03
    9.72366810e-01 8.01997781e-01 3.07349801e-01 7.28543043e-01
    9.08447385e-01 9.61861074e-01 6.30264521e-01 4.79212791e-01
    3.87691915e-01 5.09455502e-01 3.35381061e-01 8.97472799e-01
    8.99597228e-01 7.62567997e-01 1.11035705e-01 5.27753472e-01
    1.57573104e-01 1.51238918e-01 9.95546877e-01 9.23214197e-01
    9.66382265e-01 7.53399134e-02 2.36044019e-01 3.48733544e-01
    2.35586226e-01 1.55782729e-01 4.03465390e-01 2.27556705e-01
    8.43312740e-01 5.12481272e-01 6.20333612e-01 6.84464395e-01
    5.83764851e-01 9.97447610e-01 1.29898787e-01 6.93506181e-01
    1.23571813e-01 7.43842125e-02 7.13069379e-01 4.63833928e-01
    2.79635996e-01 2.93705493e-01 1.30857289e-01 5.64839423e-01
    5.60111046e-01 5.73840559e-01 1.85734481e-01 9.60876286e-01
    3.01010847e-01 6.09266281e-01 7.40381360e-01 1.95667416e-01
    1.40178531e-01 3.81711960e-01 2.61002451e-01 8.94993186e-01
    6.37232780e-01 7.79685974e-02 6.22892678e-02 4.59804982e-01
    5.21001697e-01 9.47715282e-01 4.86787915e-01 3.52430254e-01
    3.96319389e-01 3.60348105e-01 6.95382476e-01 1.57346398e-01
    3.06708366e-01 6.21697903e-01 3.37616861e-01 5.19854367e-01
    2.26323962e-01 2.03582048e-01 3.26036930e-01 6.40231788e-01
    4.38339382e-01 3.02265286e-01 6.81863666e-01 6.18688285e-01
    8.10270011e-02 8.75113726e-01 2.42371678e-01 2.62507856e-01
    3.01848561e-01 4.40465808e-01 5.55845797e-01 6.35217726e-01
    6.65840328e-01 5.85073709e-01 1.67790174e-01 4.26943302e-02
    2.10982412e-01 8.87673795e-01 3.71114463e-01 1.14121884e-01
    9.07966018e-01 3.41606915e-01 2.83283293e-02 1.97282046e-01
    5.78354478e-01 9.04761076e-01 4.64423448e-01 9.79149282e-01
    5.24244845e-01 7.37071514e-01 9.09606218e-01 5.68765700e-01
    3.08681697e-01 2.36010730e-01 7.71492362e-01 8.94848704e-02
    6.79457426e-01 8.67737770e-01 9.89344060e-01 8.63937140e-02
    4.86168236e-01 7.46403098e-01 6.80849135e-01 6.53424323e-01
    9.06106949e-01 7.00286090e-01 9.89719987e-01 2.34442651e-02
    4.34227556e-01 8.26979041e-01 6.56062722e-01 5.84466755e-01
    4.04597521e-01 2.56974339e-01 6.49102092e-01 4.82180327e-01
    1.84951037e-01 1.41004771e-01 4.29098725e-01 3.15223336e-02
    6.26209259e-01 8.29065144e-01 2.86588073e-01 4.85078037e-01
    4.85294878e-01 7.16324449e-02 4.60738659e-01 2.28234917e-01
    5.46507657e-01 4.73545909e-01 1.45853549e-01 1.55629396e-01
    2.61158466e-01 1.12863213e-01 3.99146616e-01 1.37789369e-01
    9.77913141e-01 5.23120880e-01 1.32214904e-01 5.14568925e-01
    5.07357121e-01 8.29077840e-01 1.52119547e-01 7.34207392e-01
    6.02629542e-01 9.10598755e-01 7.72278070e-01 2.22073555e-01
    2.22749263e-01 8.45269978e-01 6.90805554e-01 9.00167346e-01
    9.06999707e-01 3.88382673e-01 1.14744931e-01 1.09807640e-01
    6.43840849e-01 6.19846582e-01 5.42154849e-01 2.83711553e-02
    6.00088596e-01 9.48896527e-01 7.21166134e-01 1.57506645e-01
    9.86712098e-01 4.82556045e-01 2.61962235e-01 3.22292745e-01
    9.86532927e-01 3.37816715e-01 3.07075679e-01 3.00917029e-01
    1.83146656e-01 5.54536343e-01 6.33729398e-01 1.20647252e-01
    8.79733860e-01 4.92193699e-01 3.88276339e-01 9.52954471e-01
    2.52556294e-01 5.36658525e-01 1.24044627e-01 7.14901865e-01
    8.18504632e-01 3.19429964e-01 6.06790543e-01 5.11581123e-01
    5.44631898e-01 1.95399493e-01 1.47730738e-01 9.86325324e-01
    6.11033320e-01 6.27220869e-01 8.61640334e-01 1.77322626e-01
    9.76422131e-01 7.50839829e-01 9.68402922e-02 7.06327200e-01
    8.30223441e-01 1.63771242e-01 3.57484460e-01 4.45365965e-01
    2.49690592e-01 6.60591722e-01 7.37581313e-01 5.94452322e-01
    2.86715686e-01 6.85301721e-01 2.18466848e-01 3.16970587e-01
    4.66496646e-02 4.48143482e-01 5.17381787e-01 5.13400912e-01
    7.22426891e-01 2.59811372e-01 3.95917088e-01 9.04298425e-02
    4.50712860e-01 5.20686626e-01 4.11531031e-02 5.60685873e-01
    4.83114064e-01 5.01903534e-01 3.88165474e-01 4.49419469e-01
    8.75827789e-01 6.35225534e-01 5.94079733e-01 6.80025518e-01
    4.96638894e-01 2.29864061e-01 6.06784105e-01 7.11002648e-01
    1.13748312e-02 2.06822753e-02 5.09674132e-01 9.53574657e-01
    6.72339320e-01 8.32382798e-01 2.13448495e-01 1.21216148e-01
    9.80042100e-01 9.91730988e-02 6.62139297e-01 9.25109982e-01
    3.57630044e-01 5.02952933e-02 2.37980992e-01 7.54756629e-02
    8.41683984e-01 2.85424441e-01 5.39182246e-01 2.42723405e-01
    1.76789314e-01 1.72407478e-01 9.75808501e-01 8.93205762e-01
    1.21716499e-01 7.35811651e-01 4.38188016e-01 9.04299259e-01
    6.46300554e-01 7.88942158e-01 1.03928834e-01 5.33280611e-01
    3.49885523e-01 7.78545737e-02 9.93544459e-01 7.44910657e-01
    5.45530260e-01 8.99754047e-01 9.31850553e-01 8.86537552e-01
    4.26917613e-01 4.18496549e-01 5.14854968e-01 4.66496736e-01
    1.89807117e-02 8.12303424e-01 1.66363925e-01 7.21490860e-01
    1.42554373e-01 8.77801716e-01 9.09564793e-02 3.89420897e-01
    4.10877973e-01 8.61994982e-01 9.74817514e-01 5.53307295e-01
    7.52066374e-01 8.69913816e-01 5.32346249e-01 5.91803789e-02
    1.97462976e-01 4.25126612e-01 1.70507729e-01 9.41480994e-01
    6.38937354e-01 2.51002163e-01 5.91317415e-02 6.36724055e-01
    3.85663569e-01 5.74349940e-01 9.88045037e-01 6.50671899e-01
    4.25007224e-01 8.32075775e-02 9.46916699e-01 4.03977662e-01
    5.18135786e-01 1.90205455e-01 6.98143899e-01 9.79337811e-01
    4.98765171e-01 1.49705678e-01 5.74199259e-01 5.48048317e-02
    1.34191215e-01 3.51871938e-01 9.80944574e-01 8.83006275e-01
    5.44935048e-01 2.97058225e-01 7.26137161e-02 1.74133331e-01
    9.35504436e-02 8.36578965e-01 3.74915600e-01 8.47958803e-01
    2.47171521e-01 6.60625994e-02 3.82072926e-01 5.02441466e-01
    6.21508002e-01 1.73475713e-01 5.27685881e-01 5.55889606e-01
    8.31245661e-01 7.10929394e-01 4.50024605e-02 1.12846941e-01
    5.94048500e-01 4.92368490e-01 2.14809060e-01 1.11655533e-01
    8.38621795e-01 5.85089207e-01 3.82191122e-01 4.61975962e-01
    9.53222275e-01 2.97661781e-01 2.62182355e-01 6.40321672e-01
    6.75354004e-02 8.67380381e-01 5.51626086e-03 4.71873105e-01
    9.50595200e-01 9.68297243e-01 8.46074104e-01 6.09444559e-01
    8.85007381e-01 2.96755731e-01 6.57773912e-01 7.15358973e-01
    7.67653823e-01 5.88527083e-01 5.79758823e-01 3.14074129e-01
    6.44000649e-01 2.20211208e-01 4.07307833e-01 1.15230709e-01
    5.91155171e-01 1.30610079e-01 5.15336692e-01 8.14521670e-01
    6.30566001e-01 8.99276018e-01 4.34462011e-01 4.19110835e-01
    7.31960654e-01 1.90373898e-01 6.35124445e-01 4.79892313e-01
    3.31949115e-01 4.19473588e-01 9.50720370e-01 4.31668073e-01
    5.93867719e-01 4.50275451e-01 5.66826344e-01 2.34309614e-01
    9.53461885e-01 2.34870732e-01 9.78712559e-01 8.54455113e-01
    1.10238731e-01 2.23298222e-01 4.50437486e-01 6.84972763e-01
    7.24291265e-01 6.23314202e-01 5.94183207e-01 5.75268745e-01
    6.28462851e-01 2.94105619e-01 4.29279029e-01 7.00484812e-01
    7.99358785e-01 7.01224804e-01 7.17641056e-01 1.90899998e-01
    4.70533639e-01 8.28430712e-01 8.09395790e-01 5.26768804e-01
    1.60484999e-01 6.65923357e-02 9.78664517e-01 8.20845485e-01
    7.92652786e-01 3.68587971e-01 1.21384829e-01 9.75004673e-01
    5.52306175e-01 8.28490019e-01 9.81084704e-01 9.50326800e-01
    8.58315885e-01 9.89877701e-01 8.51565123e-01 1.74642414e-01
    9.85065997e-02 9.51085985e-01 8.68717730e-01 3.71597171e-01
    7.78132439e-01 9.69971538e-01 5.06653666e-01 3.71993095e-01
    5.38032353e-01 9.26675260e-01 8.33560228e-01 3.68692815e-01
    7.57418871e-01 3.42302859e-01 3.42552006e-01 7.18121529e-01
    7.88724542e-01 6.24088764e-01 1.31786644e-01 7.83444762e-01
    2.93112755e-01 1.28790885e-01 9.24401402e-01 8.89971733e-01
    3.37244034e-01 6.47547185e-01 1.87252462e-02 1.76945329e-01
    2.13273346e-01 8.08253527e-01 3.59733105e-02 7.13701487e-01
    7.05886245e-01 7.43723571e-01 9.67412710e-01 8.55994165e-01
    2.97136366e-01 9.54080939e-01 6.81382418e-01 5.73460817e-01
    5.41552365e-01 6.49305344e-01 9.37657714e-01 6.00575805e-02
    2.87956089e-01 1.30599380e-01 5.05686283e-01 1.39414757e-01
    8.70302677e-01 9.50988770e-01 5.93080759e-01 8.25501442e-01
    1.38571709e-01 3.60622942e-01 4.23148572e-01 3.72220874e-01
    1.95577383e-01 3.21623683e-01 9.18471098e-01 9.84250069e-01
    4.94990885e-01 9.19793248e-01 5.32404900e-01 1.79469973e-01
    3.91814500e-01 6.35913312e-01 4.53079104e-01 4.47325796e-01
    9.59074855e-01 1.29222512e-01 7.22022176e-01 5.55359185e-01
    8.56983781e-01 1.55359328e-01 8.40672374e-01 8.92943382e-01
    3.69508266e-02 9.33127701e-02 7.72559345e-02 3.79173517e-01
    4.10998046e-01 5.62081695e-01 8.94134521e-01 9.00433481e-01
    2.93612599e-01 2.34191865e-01 8.16788435e-01 2.33047068e-01
    7.28953421e-01 6.25533938e-01 8.04659605e-01 2.13442355e-01
    6.82537138e-01 4.91609484e-01 1.75844222e-01 3.90748739e-01
    6.95861220e-01 8.29451323e-01 7.65731931e-01 2.88696706e-01
    4.61361706e-01 9.25982356e-01 5.62791348e-01 6.21848762e-01
    2.76117802e-01 4.41340566e-01 2.61582136e-01 6.40570402e-01
    5.94354451e-01 3.55414271e-01 7.75347829e-01 1.65776193e-01
    2.41358876e-02 6.28611565e-01 3.51020753e-01 4.77775455e-01
    3.43005061e-02 6.61348164e-01 3.41588259e-01 2.90160000e-01
    8.42829943e-01 4.60158855e-01 3.38872313e-01 1.49798483e-01
    6.07637763e-01 5.62481046e-01 7.05649853e-01 4.10082966e-01
    1.89649850e-01 4.52822745e-01 4.38353419e-03 3.93343270e-02
    2.18121231e-01 3.78463328e-01 3.66712034e-01 9.98716474e-01
    8.66694808e-01 2.52995223e-01 6.64567828e-01 8.25461686e-01
    4.21446383e-01 7.80924916e-01 2.23466694e-01 8.04836333e-01
    6.31238818e-02 3.44716042e-01 7.83322334e-01 8.33487749e-01
    2.99466610e-01 9.27277088e-01 5.50434530e-01 7.99230874e-01
    4.98288959e-01 9.18875992e-01 7.14812756e-01 6.95726156e-01
    6.44218028e-01 3.15799117e-02 1.71957612e-01 2.49161661e-01
    6.32850051e-01 9.70355570e-01 9.59784329e-01 3.33903253e-01
    1.00176990e-01 8.67968082e-01 3.25276941e-01 6.50283456e-01
    8.21830332e-02 3.54817003e-01 4.55283016e-01 4.91500407e-01
    2.02445269e-01 4.12014544e-01 1.66929424e-01 8.80452275e-01
    1.03431731e-01 5.06421208e-01 8.70990872e-01 4.27033544e-01
    1.77444488e-01 3.28420043e-01 8.14264417e-02 9.17648554e-01
    8.02793622e-01 3.25164199e-03 5.72379172e-01 6.25583410e-01
    8.34509373e-01 6.66990578e-01 8.47655535e-01 1.97519332e-01
    5.44485867e-01 7.69845247e-02 5.91068387e-01 7.03158200e-01
    9.59485829e-01 3.88440490e-02 8.63995314e-01 6.60673380e-01
    2.51262367e-01 9.38455939e-01 1.17254138e-01 3.98688018e-02
    6.92153752e-01 6.67606354e-01 4.43303347e-01 9.08021927e-01
    3.36901546e-01 1.07276320e-01 9.61904049e-01 1.94171160e-01
    6.07063949e-01 1.50756150e-01 5.29039860e-01 8.86674881e-01
    9.78399575e-01 1.20190382e-02 2.71321326e-01 1.30234808e-01
    8.91980708e-01 5.19809783e-01 3.46745014e-01 7.03233719e-01
    1.66176081e-01 8.04816365e-01 9.08551514e-02 7.25317478e-01
    2.12636739e-01 9.86740291e-02 1.45550519e-01 6.63630247e-01
    4.09292608e-01 3.91576111e-01 5.32431304e-01 1.42933518e-01
    3.15980852e-01 6.16743028e-01 3.14507514e-01 6.21897519e-01
    3.62899780e-01 8.83398771e-01 9.39783871e-01 2.70699322e-01
    7.53935814e-01 6.57716036e-01 3.70210886e-01 5.35622895e-01
    1.93365395e-01 7.64927745e-01 5.86650848e-01 7.56496787e-02
    6.69485390e-01 5.02514303e-01 2.94460058e-01 9.31670368e-01
    5.80452561e-01 7.92236686e-01 9.12040949e-01 7.89250374e-01
    1.52864456e-01 2.30166852e-01 9.86184895e-01 2.12541580e-01
    5.03131747e-02 4.99907225e-01 7.27366686e-01 8.17135513e-01
    1.49608165e-01 9.52617764e-01 7.25288749e-01 4.01216805e-01
    9.31118727e-02 3.90756458e-01 4.98112738e-01 7.21619010e-01
    1.76324189e-01 9.06357050e-01 9.78095889e-01 2.62215137e-02
    1.48387760e-01 6.25386596e-01 9.21939850e-01 5.28459847e-02
    5.46522439e-01 7.39114821e-01 7.74226308e-01 7.83174992e-01
    7.10930347e-01 1.73382193e-01 2.42671698e-01 9.64192986e-01
    1.50865793e-01 6.49520695e-01 6.60322309e-02 5.27994812e-01
    8.22529197e-01 3.11713338e-01 3.79193783e-01 6.42347157e-01
    9.30905700e-01 7.87370086e-01 9.76622581e-01 3.39406818e-01
    5.64967275e-01 9.03944612e-01 3.99896383e-01 5.58734655e-01
    6.60116076e-01 9.36321437e-01 9.25959587e-01 7.68809319e-02
    5.30706942e-01 1.72522992e-01 5.69773555e-01 1.65263325e-01
    8.24666619e-01 4.37701643e-02 2.36065954e-01 1.93149358e-01
    5.44381976e-01 2.87982613e-01 2.38708973e-01 2.48190433e-01
    8.26581538e-01 5.32586336e-01 6.14229858e-01 6.01612091e-01
    1.50538474e-01 3.63268554e-01 9.63227510e-01 4.11822587e-01
    4.91543859e-01 3.31210554e-01 5.99898934e-01 8.90141726e-02
    7.53351212e-01 7.62716413e-01 2.03916728e-02 9.18451488e-01
    9.91850972e-01 3.32536876e-01 9.71123457e-01 5.66015840e-01
    4.15382206e-01 8.94579053e-01 5.51434994e-01 9.11735415e-01
    2.91270018e-03 1.87189370e-01 8.92693222e-01 4.44137305e-01
    3.55990231e-02 2.23066658e-01 7.96158075e-01 5.83043039e-01
    6.38605654e-02 9.78591621e-01 9.37425017e-01 9.49812829e-02
    5.47951877e-01 3.59083652e-01 4.51495379e-01 2.20072955e-01
    2.05076754e-01 2.31835544e-02 9.80998576e-01 8.33137393e-01
    5.82637310e-01 4.13792193e-01 1.33730561e-01 6.92666531e-01
    9.00810480e-01 9.27779317e-01 7.50498235e-01 6.91163003e-01
    3.94423246e-01 9.22868848e-02 1.63368613e-01 7.03482032e-02
    2.23680943e-01 3.43140483e-01 9.63324785e-01 3.01912069e-01
    9.72098589e-01 7.17626214e-01 9.54687595e-01 8.66783559e-02
    8.01232219e-01 7.60730028e-01 6.21975720e-01 4.76691723e-02
    1.45318329e-01 8.87995362e-01 5.89805365e-01 6.83149874e-01
    8.43954563e-01 3.76533031e-01 2.86096275e-01 9.06927884e-01
    5.79001427e-01 3.59861851e-02 4.26970780e-01 7.61495709e-01
    2.03755021e-01 4.54511732e-01 8.82508934e-01 3.84671211e-01
    8.89848530e-01 1.07912987e-01 7.44126439e-01 8.26379359e-01
    5.32470703e-01 5.04234135e-02 2.38721967e-01 4.80900317e-01
    2.29423344e-01 7.09553957e-01 4.24374431e-01 3.80281985e-01
    2.17569560e-01 8.78854990e-01 7.73421645e-01 4.36676443e-02
    7.89020061e-01 2.28080988e-01 3.32838625e-01 7.02344537e-01
    7.72142768e-01 6.82303965e-01 6.46361232e-01 1.51000381e-01
    9.82131958e-02 1.82226658e-01 3.64006519e-01 1.95362329e-01
    9.25325155e-01 4.56756115e-01 4.18438315e-01 8.74664664e-01
    2.65164077e-01 9.13500071e-01 3.45550597e-01 5.45363724e-02
    8.53116512e-01 4.74775463e-01 1.91169113e-01 8.67949188e-01
    5.92299879e-01 6.30052447e-01 6.25562370e-01 3.00179332e-01
    5.24600208e-01 7.23430037e-01 7.94695020e-01 2.62567043e-01
    1.34472132e-01 1.54158026e-01 7.56802797e-01 3.42240751e-01
    1.27603769e-01 7.89995432e-01 9.01979506e-02 3.44039828e-01
    3.40633392e-02 8.28312993e-01 6.42886996e-01 1.27799809e-02
    5.72146058e-01 3.13033998e-01 6.52738929e-01 5.24292409e-01
    2.50235468e-01 4.29237932e-01 6.92056656e-01 8.83672535e-02
    6.14967525e-01 3.47541869e-01 2.99515426e-01 3.58763337e-03
    1.95593804e-01 1.79989666e-01 9.62517917e-01 5.89155734e-01
    4.41332370e-01 2.75859565e-01 6.68520927e-01 5.33814490e-01
    6.04591668e-02 7.49041736e-02 7.25306511e-01 7.88601160e-01
    9.34690952e-01 2.06373781e-01 8.45158219e-01 8.12629819e-01
    4.56637412e-01 4.44124460e-01 4.05291975e-01 2.68502831e-01
    6.25894010e-01 5.96666574e-01 1.20852262e-01 3.30996215e-01
    1.24184072e-01 5.14740765e-01 1.22440159e-02 9.23459172e-01
    1.50453091e-01 4.34829235e-01 7.60530472e-01 3.14856648e-01
    8.35542679e-01 8.15751910e-01 6.02432191e-01 1.09065413e-01
    8.14582705e-01 9.40839648e-01 9.33019519e-02 7.40925968e-01
    5.45092821e-01 9.02068853e-01 9.75786507e-01 4.18906480e-01
    6.47429466e-01 3.17029774e-01 7.60316014e-01 6.26126826e-01
    3.26541066e-03 5.67526758e-01 3.16613138e-01 9.23451722e-01
    8.90664101e-01 3.34581137e-01 3.75537306e-01 2.16074169e-01
    1.39888346e-01 5.71325958e-01 4.27584141e-01 9.54696774e-01
    6.08816266e-01 4.07680094e-01 5.76440990e-01 9.40391898e-01
    1.52686924e-01 5.21946073e-01 6.46422923e-01 1.44839555e-01
    5.81726432e-01 4.54236507e-01 9.33770895e-01 9.79018569e-01
    6.15623534e-01 2.92249441e-01 2.62045562e-01 8.07638466e-01
    3.84072602e-01 7.28229523e-01 3.93685430e-01 4.52317327e-01
    9.38757658e-01 4.47632611e-01 3.11723232e-01 8.48200679e-01
    5.66490889e-01 3.73315752e-01 7.40591884e-02 4.02644187e-01
    8.29448760e-01 5.94789803e-01 4.35582936e-01 6.42068863e-01
    9.96969640e-02 5.66066861e-01 7.02560544e-01 7.45335996e-01
    1.13166749e-01 5.55357575e-01 3.08687001e-01 3.50699008e-01
    4.12231505e-01 1.97758496e-01 6.66121542e-01 7.87054896e-01
    7.23249078e-01 2.31011808e-01 7.68993735e-01 6.72830820e-01
    2.51860738e-01 4.14905995e-01 2.90830374e-01 8.77727985e-01
    7.34083891e-01 4.25531209e-01 6.93272650e-02 1.03028595e-01
    9.53490138e-01 7.75147200e-01 9.41092968e-02 8.42424035e-01
    8.40634465e-01 2.32521743e-01 2.13830739e-01 9.77262259e-01
    7.51296818e-01 7.86422849e-01 2.62013733e-01 1.56643391e-01
    3.27325225e-01 3.89686614e-01 8.58039975e-01 7.36400962e-01
    8.57784867e-01 8.36164594e-01 5.22016287e-01 1.35260135e-01
    9.86333251e-01 8.04949462e-01 3.02872598e-01 7.32290268e-01
    2.05976963e-01 7.94197679e-01 7.77232468e-01 8.87245715e-01
    7.42481112e-01 4.20744956e-01 7.02182949e-01 9.37441468e-01
    2.55426407e-01 1.69002324e-01 8.08981180e-01 9.40173626e-01
    1.03708804e-01 4.65838641e-01 9.34317112e-01 8.30867529e-01
    1.82479024e-01 1.62023425e-01 2.52324939e-02 2.71783829e-01
    2.23139197e-01 6.02028847e-01 2.08246946e-01 1.83829665e-03
    2.70736247e-01 5.39833963e-01 8.13725233e-01 4.58255798e-01
    2.34198987e-01 3.52591872e-01 5.63195944e-01 9.86022294e-01
    9.17723954e-01 9.93797660e-01 7.77583361e-01 8.80647540e-01
    9.08692420e-01 7.67773867e-01 2.94315457e-01 5.59814751e-01
    4.39307094e-02 9.94059265e-01 5.17701387e-01 8.82977962e-01
    7.27627039e-01 5.42062104e-01 6.19969308e-01 6.22805774e-01
    1.17159814e-01 2.32696980e-01 3.18783641e-01 1.94169968e-01
    2.43967056e-01 8.15680385e-01 5.22222221e-02 8.92780721e-01
    6.76884294e-01 8.47820997e-01 2.25388795e-01 3.60106826e-01
    1.64159536e-01 3.47447634e-01 9.41326618e-01 4.19469118e-01
    4.85411406e-01 8.32121193e-01 7.74502516e-01 5.80277264e-01
    3.46781462e-01 6.86446548e-01 9.65400994e-01 6.36982918e-03
    7.56569028e-01 7.88087130e-01 8.61373007e-01 4.31367844e-01
    4.42142665e-01 5.51288128e-01 8.56216788e-01 8.50911379e-01
    4.05944318e-01 6.67707384e-01 7.94945359e-01 8.20285916e-01
    9.83954072e-01 2.52433807e-01 4.20096815e-02 2.67463863e-01
    2.70779908e-01 2.58233935e-01 1.52415454e-01 8.69746625e-01
    3.60362202e-01 5.01067936e-01 6.44207478e-01 3.80798846e-01
    1.42197579e-01 6.27029538e-01 1.07197046e-01 5.94862580e-01
    4.28267181e-01 2.85499245e-01 4.58558291e-01 8.92545581e-01
    5.08247077e-01 1.86693698e-01 5.13809085e-01 4.85753804e-01
    9.57889497e-01 6.54851913e-01 8.03564668e-01 1.65274471e-01
    4.13404316e-01 9.87450898e-01 5.19711435e-01 6.46196246e-01
    8.07153344e-01 7.08410978e-01 2.75171459e-01 2.41335869e-01
    2.28261948e-01 6.21933341e-01 1.20801270e-01 1.33061707e-02
    8.90893459e-01 2.25918889e-02 9.48767662e-01 6.82464242e-01
    2.90273726e-01 6.94507003e-01 4.81634110e-01 9.95374322e-01
    5.48358262e-01 4.30481046e-01 9.69760180e-01 2.23553598e-01
    6.61547422e-01 3.84968489e-01 4.86219347e-01 5.50345480e-02
    9.26742375e-01 3.49409729e-01 5.57079017e-01 7.80865550e-03
    6.32004559e-01 4.28247929e-01 1.02182180e-01 7.63260484e-01
    6.79154813e-01 2.80618072e-01 3.48095417e-01 9.36185837e-01
    1.39057398e-01 1.37587875e-01 3.32382888e-01 2.39354372e-03
    1.70765519e-02 8.24908316e-01 2.69983768e-01 3.57567608e-01
    2.89064944e-01 5.25440633e-01 8.49823236e-01 1.72316223e-01
    8.77032936e-01 1.77184910e-01 9.61307645e-01 5.77260792e-01
    5.24490297e-01 8.93087804e-01 4.92140710e-01 4.64779019e-01
    7.26347685e-01 3.00603479e-01 8.21535051e-01 1.27609074e-02
    4.82180029e-01 3.31190884e-01 1.55728430e-01 3.53345513e-01
    1.72007591e-01 2.97742963e-01 3.48244786e-01 5.72636306e-01
    5.83530784e-01 4.57462490e-01 9.66920257e-01 9.58355427e-01
    8.32500219e-01 8.74235511e-01 3.06610465e-01 6.56671286e-01
    1.29900098e-01 9.00539279e-01 7.19561219e-01 2.21093863e-01
    9.27409947e-01 8.07860315e-01 3.43094647e-01 6.96967661e-01
    9.51760352e-01 7.00896740e-01 8.39053273e-01 2.96291530e-01
    6.27125025e-01 1.34431243e-01 1.64809048e-01 6.14368796e-01
    7.12972760e-01 9.51591134e-01 2.84064829e-01 4.56889570e-02
    1.24377638e-01 9.41524744e-01 7.26586521e-01 5.23670793e-01
    4.41327453e-01 9.05411243e-01 8.18183184e-01 5.05034089e-01
    1.51246786e-01 1.97370261e-01 3.35265160e-01 7.93203115e-01
    6.11741543e-01 1.79994822e-01 2.61554420e-02 2.99362421e-01
    8.18108201e-01 6.42938018e-01 1.79755986e-02 6.80754960e-01
    1.57839537e-01 3.97301644e-01 3.05812716e-01 7.34505713e-01
    7.74265230e-01 3.75903428e-01 6.17181480e-01 5.12484252e-01
    7.79962897e-01 9.09699500e-01 7.78351784e-01 6.49106920e-01
    6.83049023e-01 5.28562725e-01 3.58048439e-01 4.86554265e-01
    8.95939827e-01 3.79260242e-01 9.56643879e-01 3.43927056e-01
    3.14826518e-01 4.77888674e-01 7.79077411e-01 1.52610660e-01
    2.21851796e-01 2.55488694e-01 8.29263866e-01 3.80817711e-01
    7.49855161e-01 4.44617987e-01 2.53094226e-01 7.22118020e-02
    9.25557971e-01 3.61869425e-01 5.29321194e-01 6.36757076e-01
    3.17593575e-01 3.29198688e-01 2.90667236e-01 7.04811752e-01
    5.15176892e-01 4.52907920e-01 6.32074058e-01 3.25664371e-01
    5.81267953e-01 1.39027119e-01 4.04439211e-01 9.43303585e-01
    5.19441605e-01 6.04187846e-01 2.53386796e-02 5.67878783e-01
    1.78808481e-01 4.13447767e-01 7.93006122e-02 8.64819527e-01
    9.77056742e-01 6.06358767e-01 2.55988002e-01 5.40342450e-01
    2.06234813e-01 5.36502302e-01 1.69078648e-01 6.23561323e-01
    2.92862982e-01 3.56191367e-01 3.28569114e-01 3.94317389e-01
    8.11221004e-01 2.33457059e-01 2.67990649e-01 9.09584045e-01
    2.45769203e-01 5.74372172e-01 2.70272851e-01 8.17007542e-01
    3.38752896e-01 9.05819237e-01 8.14299345e-01 4.70200479e-02
    9.40679908e-01 1.26075447e-02 7.51065612e-01 9.09463406e-01
    9.89729881e-01 6.94776356e-01 9.93898988e-01 4.63553876e-01
    7.57404327e-01 8.41657579e-01 7.40891457e-01 3.63088250e-01
    6.80758595e-01 2.92908370e-01 9.62838292e-01 5.43729663e-01
    2.71221519e-01 4.23668563e-01 6.62461042e-01 8.12721848e-01
    3.96504670e-01 1.22676730e-01 2.91955948e-01 2.75013089e-01
    4.63233352e-01 3.21652591e-01 8.11520517e-01 1.52220130e-02
    4.17303741e-01 4.30403352e-02 9.19564128e-01 1.43894166e-01
    9.18674231e-01 1.63600445e-02 4.35172111e-01 7.68089890e-01
    3.98409873e-01 7.07567275e-01 9.09378767e-01 6.16367161e-01
    8.57748151e-01 3.82813841e-01 2.76434124e-01 9.43600476e-01
    7.18320608e-01 4.61671323e-01 5.88494003e-01 5.58122456e-01
    3.60619843e-01 7.74174809e-01 7.92286038e-01 4.74191844e-01
    1.61728591e-01 1.34466469e-01 4.87089455e-02 5.92777550e-01
    1.11537129e-01 4.90628660e-01 6.91022873e-02 5.18640876e-01
    9.38874483e-03 8.42368305e-02 3.66801053e-01 7.25399911e-01
    9.81799126e-01 1.59626156e-01 2.20791876e-01 8.04357529e-01
    6.52821422e-01 8.08477283e-01 3.67601275e-01 2.83452392e-01
    5.22724628e-01 5.92948854e-01 6.87433481e-02 5.42759776e-01
    1.36601835e-01 4.43490833e-01 6.27527237e-01 9.94353414e-01
    2.60402292e-01 5.66657424e-01 8.86141658e-01 5.44503093e-01
    3.01253021e-01 8.88029695e-01 6.95924819e-01 9.29463387e-01
    2.64071196e-01 4.88971293e-01 4.63406354e-01 3.23009193e-01
    8.45140576e-01 1.81089133e-01 2.76993990e-01 3.82304043e-01
    1.29687935e-01 2.53652990e-01 7.26258814e-01 3.42161119e-01
    6.31528497e-01 4.97675359e-01 2.85224617e-02 4.64888394e-01
    7.22062528e-01 2.55654156e-02 2.67311603e-01 3.83886218e-01
    7.30888665e-01 1.30309999e-01 9.33558226e-01 7.54136801e-01
    3.44910979e-01 4.88381475e-01 9.42896307e-01 8.70193303e-01
    7.28656650e-02 8.42269659e-02 9.95491922e-01 5.67120612e-01
    9.16188240e-01 4.70255196e-01 1.46648049e-01 6.00831270e-01
    8.60747874e-01 7.30955362e-01 1.79499060e-01 1.41694993e-01
    6.27418756e-01 1.22559667e-01 7.33863413e-01 3.77166897e-01
    7.28028059e-01 9.06830132e-01 2.98799276e-01 5.72270632e-01
    1.41997546e-01 1.83547229e-01 6.98104501e-03 4.27578807e-01
    3.99546981e-01 5.91063201e-02 8.42138231e-01 9.33219433e-01
    7.50278473e-01 9.26338613e-01 5.07300019e-01 6.01532638e-01
    6.52977049e-01 7.11345732e-01 2.99301326e-01 7.75635719e-01
    1.64053738e-02 1.46467954e-01 4.16664183e-01 6.75191879e-01
    8.60430598e-01 8.90674114e-01 7.24363565e-01 9.26683664e-01
    8.35700631e-01 8.03805947e-01 7.04779506e-01 3.32370460e-01
    1.76219940e-02 3.12384337e-01 3.46682191e-01 6.16635919e-01
    8.22114050e-01 3.41884762e-01 9.14699256e-01 8.63798857e-01
    1.89385921e-01 6.17804170e-01 1.21929914e-01 4.72784638e-02
    7.92226672e-01 3.63017619e-02 4.19491529e-03 1.79691881e-01
    8.94585967e-01 7.06661642e-02 3.85099351e-01 4.34066951e-02
    7.31693864e-01 3.34239006e-01 7.88514316e-01 6.12665772e-01
    3.56356561e-01 6.34256601e-01 2.06374139e-01 3.74565899e-01
    2.36943960e-02 2.74668276e-01 5.36488950e-01 4.44724560e-02
    6.63621187e-01 6.76612854e-02 4.37318772e-01 4.60772276e-01
    6.27727985e-01 8.51785779e-01 3.62856835e-01 8.27410579e-01
    5.20689130e-01 7.72230029e-01 1.18279934e-01 5.24205625e-01
    7.66224384e-01 4.90274340e-01 6.03595018e-01 4.43867207e-01
    7.34687030e-01 3.06146353e-01 7.56591439e-01 8.18866253e-01
    6.44427180e-01 1.17948472e-01 3.78207833e-01 3.65795016e-01
    3.55137587e-01 5.93412459e-01 8.99457097e-01 2.89877951e-01
    4.73507077e-01 3.09146881e-01 2.44820148e-01 1.66930020e-01
    8.89539242e-01 4.38657522e-01 1.05247140e-01 5.67495584e-01
    7.34409034e-01 2.30403870e-01 9.07668591e-01 9.97770429e-01
    4.06582385e-01 5.42413056e-01 3.85713011e-01 8.31938982e-02
    2.34218776e-01 5.58465838e-01 7.42711723e-02 6.44159317e-01
    9.90958929e-01 7.74688721e-01 1.92989320e-01 1.86794072e-01
    6.88333035e-01 2.96125829e-01 5.03224432e-01 5.93810081e-01
    3.31931919e-01 4.29019630e-01 8.27106833e-03 7.91879833e-01
    5.80189466e-01 4.59820628e-01 5.66615820e-01 9.45087612e-01
    3.49276423e-01 8.97878051e-01 7.14350939e-01 7.48229384e-01
    6.14476085e-01 6.67507946e-01 3.30584347e-01 4.31424141e-01
    4.28260416e-01 6.29502416e-01 1.70847267e-01 8.33337069e-01
    1.78800970e-01 5.64157665e-01 6.82028770e-01 1.02833807e-02
    7.61600554e-01 5.80419540e-01 5.79303980e-01 7.69811571e-02
    7.54947066e-01 2.43536085e-01 2.04517335e-01 4.52354163e-01
    7.74519384e-01 2.53933281e-01 7.15919852e-01 9.40423131e-01
    9.16487873e-01 4.21954662e-01 8.34015369e-01 9.56843019e-01
    8.50070477e-01 2.87318021e-01 1.94677323e-01 7.95307875e-01
    8.37403715e-01 4.15361822e-02 4.06626165e-01 5.09931028e-01
    5.65133035e-01 7.19949245e-01 1.48182511e-02 2.02542961e-01
    5.32044888e-01 3.67857814e-02 3.98404896e-01 2.05664933e-02
    5.77222884e-01 6.47615075e-01 2.42542714e-01 6.96430683e-01
    2.43682325e-01 9.18434858e-01 8.50042105e-01 5.71137965e-01
    4.13767159e-01 5.22837818e-01 1.02176994e-01 9.87030566e-02
    6.22054279e-01 7.20088482e-01 1.45445168e-01 6.23781025e-01
    7.60153711e-01 3.58148247e-01 8.39787483e-01 5.34118116e-02
    5.25224149e-01 8.33541036e-01 4.59661782e-02 6.31973147e-01
    7.39177346e-01 1.43128276e-01 3.83996248e-01 2.05376625e-01
    3.48093510e-02 4.14109707e-01 2.91319191e-01 6.64976597e-01
    8.42627704e-01 3.06298435e-01 8.97211790e-01 7.32383132e-01
    7.35223293e-01 4.64827746e-01 4.39026564e-01 1.27580464e-02
    2.56499410e-01 5.35122812e-01 6.16865754e-01 2.84405142e-01
    6.04018807e-01 2.00066417e-01 6.04254723e-01 1.36066467e-01
    9.40612197e-01 9.97405648e-01 5.20762384e-01 3.35096776e-01
    9.85498309e-01 3.64000380e-01 2.31406122e-01 4.79557097e-01
    4.41077381e-01 4.31677759e-01 6.37625217e-01 5.01062155e-01
    1.04032904e-01 2.40614235e-01 4.30111766e-01 7.55898833e-01
    6.75851226e-01 7.06328392e-01 6.22355223e-01 8.58460307e-01
    7.05512404e-01 5.10071039e-01 8.13480079e-01 1.84921443e-01
    3.74992192e-01 4.48314577e-01 3.43574226e-01 5.46917081e-01
    8.40150356e-01 1.09072298e-01 2.18180984e-01 1.24309897e-01
    9.80297804e-01 6.88868046e-01 8.40321481e-01 3.92459720e-01
    5.60886562e-02 1.52596831e-03 2.78818905e-01 9.47730780e-01
    8.73496175e-01 4.57458526e-01 2.97181904e-01 7.09189475e-02
    9.90631878e-01 6.03815913e-03 8.31787586e-01 6.80636942e-01
    5.66707194e-01 1.65596157e-01 3.57643634e-01 6.15632176e-01
    9.54469442e-01 6.35804772e-01 8.98072362e-01 8.47942233e-01
    6.78042650e-01 3.04343104e-01 5.10937810e-01 2.13669270e-01
    3.92541885e-01 8.63375306e-01 4.74696517e-01 8.24380398e-01
    6.47613287e-01 1.43579364e-01 2.00539529e-01 6.11690283e-01
    7.86139011e-01 2.71377027e-01 5.12018979e-01 6.55593276e-02
    4.10327345e-01 4.15525794e-01 5.88030100e-01 4.11970019e-02
    3.82059515e-01 7.20428824e-02 1.57114804e-01 1.79575145e-01
    2.88909882e-01 3.90215576e-01 6.74916983e-01 2.45408088e-01
    2.01841235e-01 9.60614979e-02 2.09728211e-01 5.32898903e-01
    4.25548553e-01 7.14632452e-01 4.53909904e-01 3.40187192e-01
    4.93660420e-01 8.65506887e-01 9.71985698e-01 1.48266166e-01
    5.50178468e-01 2.44031042e-01 1.45868063e-01 7.08063126e-01
    4.92201567e-01 8.16814899e-01 1.75582677e-01 1.22662663e-01
    5.00991940e-03 7.23069608e-02 4.68804538e-02 4.51457620e-01
    8.77881289e-01 1.57785952e-01 5.38019836e-01 2.20686495e-02
    9.14200544e-01 8.40912282e-01 3.25635016e-01 1.72114670e-01
    1.23476118e-01 1.30524904e-01 2.36797333e-02 9.82486904e-02
    6.59600794e-01 8.58006358e-01 5.03025711e-01 7.47520685e-01
    9.57868814e-01 6.84937060e-01 7.17948973e-01 3.18190455e-02
    8.47895265e-01 3.87523055e-01 1.59841716e-01 5.93732595e-01
    8.69561613e-01 3.73914063e-01 7.63136148e-03 4.62663472e-02
    8.61867964e-01 3.49622369e-02 5.37705421e-03 1.92030370e-02
    2.95065105e-01 2.33449548e-01 7.81219184e-01 7.09143162e-01
    2.58060992e-01 3.01772863e-01 6.86949492e-02 1.43935472e-01
    5.91629267e-01 9.45464134e-01 7.06751049e-01 2.85889417e-01
    3.69020641e-01 7.23207593e-01 1.56798303e-01 2.40629971e-01
    3.00192833e-02 1.35442078e-01 2.02931195e-01 9.09155488e-01
    9.35927331e-01 3.36531878e-01 7.94503629e-01 8.00227404e-01
    3.21932912e-01 4.75054860e-01 2.93399513e-01 9.36100960e-01
    3.14181417e-01 5.27076840e-01 8.80776644e-01 3.53551209e-02
    9.61769223e-01 3.47493708e-01 1.76658213e-01 1.83692932e-01
    9.89523530e-02 7.03884661e-01 2.63320744e-01 4.97069329e-01
    7.83910275e-01 7.14664519e-01 9.20039296e-01 4.35435265e-01
    6.07681513e-01 2.13310122e-03 3.73470873e-01 1.31363571e-01
    6.75637245e-01 4.12860364e-01 5.65556467e-01 9.73555624e-01
    8.85325015e-01 8.67499173e-01 5.74727297e-01 8.61301184e-01
    6.43830597e-01 8.19090724e-01 3.12868893e-01 9.38939869e-01
    3.30301374e-01 5.25173724e-01 6.90145552e-01 5.56478441e-01
    8.06369007e-01 6.93159521e-01 4.66811031e-01 7.22691774e-01
    4.16348904e-01 2.83899486e-01 7.94281662e-01 6.38679922e-01
    8.86779606e-01 7.92198598e-01 5.31937182e-01 1.26513392e-01
    6.25814021e-01 5.95735788e-01 6.45425558e-01 7.27786720e-02
    6.07948840e-01 1.61403298e-01 7.50094056e-01 5.14092565e-01
    9.75758314e-01 4.68617022e-01 6.05565012e-01 7.68333077e-01
    3.55027318e-02 5.00003636e-01 2.73267448e-01 3.63835990e-01
    2.19616532e-01 1.13990664e-01 6.27772212e-01 9.03157294e-02
    5.44990659e-01 1.54136628e-01 1.13292843e-01 6.68568313e-01
    4.32762772e-01 4.07773793e-01 7.61856854e-01 1.53755546e-01
    7.14146793e-01 5.81948578e-01 1.00554079e-01 7.02451468e-01
    3.59196723e-01 4.92305160e-01 1.78002208e-01 5.03260732e-01
    7.24929929e-01 7.44961262e-01 1.91451609e-02 7.08293796e-01
    5.71588099e-01 4.91843820e-01 1.35506719e-01 7.53729284e-01
    6.07028127e-01 6.72808528e-01 1.00248158e-02 7.01546252e-01
    3.18079084e-01 8.95552039e-01 3.88825476e-01 8.94716144e-01
    3.14590007e-01 5.46443164e-01 5.59867620e-01 4.31507111e-01
    8.30185115e-01 2.90932655e-01 3.50914329e-01 5.96077740e-01
    9.50442672e-01 8.33697021e-01 3.46316874e-01 6.74673021e-02
    7.25223541e-01 2.70995498e-02 4.01544660e-01 7.60190606e-01
    3.21938753e-01 2.16992497e-01 8.15827608e-01 6.08995259e-01
    5.01625896e-01 1.36687309e-01 2.56476671e-01 6.17963612e-01
    5.31609118e-01 8.96890819e-01 2.30727494e-01 8.30737948e-01
    3.26127291e-01 7.10983574e-02 1.28619969e-01 2.77242869e-01
    7.80665278e-01 2.09562540e-01 2.81595409e-01 1.74849689e-01
    3.48468989e-01 9.39340353e-01 8.18209648e-02 4.99523520e-01
    3.47376585e-01 6.69844627e-01 2.58833468e-01 4.23290730e-02
    9.13466930e-01 9.16012168e-01 6.53588295e-01 4.17209506e-01
    1.68340772e-01 3.13820869e-01 5.65884411e-01 9.27494049e-01
    4.19297189e-01 3.78607452e-01 1.79087788e-01 2.34234393e-01
    8.87350440e-01 1.96618617e-01 7.79401302e-01 7.91206956e-01
    5.41467369e-01 8.94235611e-01 1.83195174e-01 2.85985917e-01
    6.42911315e-01 6.64455354e-01 5.16085684e-01 4.03690040e-02
    7.07906365e-01 9.12284255e-01 4.89507765e-01 5.99922061e-01
    6.16740346e-01 8.22296739e-02 1.35744721e-01 4.67108399e-01
    2.70017982e-01 4.56728637e-02 3.80549967e-01 9.59797144e-01
    4.55275238e-01 2.19286084e-01 4.20830697e-01 8.90718699e-01
    8.69984269e-01 3.33866298e-01 3.45935464e-01 5.81885636e-01
    6.20050728e-02 7.91942477e-01 5.59616446e-01 1.70060545e-01
    6.26951218e-01 4.81134087e-01 6.20389163e-01 4.23230618e-01
    9.36881304e-01 1.76481962e-01 9.79020119e-01 3.50614965e-01
    6.08155549e-01 6.36316955e-01 8.67658734e-01 2.28980780e-01
    8.29038143e-01 6.75773501e-01 2.28438675e-02 3.67021918e-01
    4.49370742e-02 2.15936005e-01 5.20169437e-02 3.79333705e-01
    4.62144256e-01 2.15155125e-01 2.83103794e-01 1.64398521e-01
    9.84990478e-01 1.24309778e-01 5.90066314e-01 5.90400040e-01
    4.98148203e-02 4.59504217e-01 1.55479163e-01 7.19256043e-01
    3.65489662e-01 1.74665570e-01 2.45639294e-01 8.12341213e-01
    7.58712173e-01 9.14067149e-01 2.36308485e-01 4.50850248e-01
    2.11233556e-01 5.07764637e-01 1.97434604e-01 1.82527155e-01
    7.90942907e-01 4.95291501e-01 2.87060201e-01 6.52328491e-01
    3.90697718e-02 7.91236758e-01 5.00232160e-01 6.30390882e-01
    9.83706594e-01 4.90984052e-01 4.68233526e-02 8.94160748e-01
    4.39815551e-01 9.45076168e-01 1.41072273e-01 1.45277381e-03
    2.72047758e-01 3.49268258e-01 7.78249085e-01 7.27224112e-01
    5.09802282e-01 5.64770758e-01 5.04962742e-01 9.73934531e-01
    6.06443882e-02 4.79886532e-01 5.16925335e-01 2.12904513e-02
    1.94925040e-01 8.56788695e-01 7.57511556e-01 6.89926267e-01
    2.66401201e-01 2.61289120e-01 4.57562387e-01 6.43193424e-02
    2.18761384e-01 3.14631343e-01 7.26133466e-01 1.73241585e-01
    6.77864850e-02 6.64347827e-01 6.77065849e-02 9.81191218e-01
    5.59521914e-01 4.97348875e-01 9.55027044e-02 6.26359701e-01
    6.28720462e-01 3.99461269e-01 5.91891766e-01 9.79301453e-01
    5.98295808e-01 1.07365429e-01 2.20813155e-02 8.71048331e-01
    6.20268881e-01 6.19040191e-01 6.38755381e-01 4.86224383e-01
    5.56866407e-01 1.48216724e-01 8.81109715e-01 2.25956768e-01
    4.55380857e-01 7.19913840e-01 6.49343014e-01 5.10115087e-01
    7.96975911e-01 6.13868713e-01 8.60431910e-01 3.74708235e-01
    1.80867016e-01 9.19540823e-02 4.55286562e-01 4.52950060e-01
    1.46183729e-01 5.00437140e-01 6.34806931e-01 5.73592484e-01
    6.20812178e-02 1.91428751e-01 7.33492851e-01 5.34110725e-01
    6.57576263e-01 1.00105792e-01 7.81768560e-01 9.08895850e-01
    4.17199314e-01 8.94438803e-01 7.54343629e-01 2.88236201e-01
    6.35378599e-01 2.68847108e-01 3.16789806e-01 2.64394999e-01
    3.72223377e-01 2.60010958e-01 8.26433718e-01 6.65429533e-01
    7.63600528e-01 1.70396149e-01 9.94802833e-01 4.84010637e-01
    3.97443086e-01 8.24629784e-01 4.03135061e-01 9.81869698e-01
    8.53975892e-01 5.53740382e-01 6.12772822e-01 8.85105729e-01
    3.67659628e-01 1.57366365e-01 9.66856360e-01 8.37140083e-01
    3.23001683e-01 9.18482542e-01 6.49542272e-01 4.77023065e-01
    1.69687599e-01 8.58626604e-01 2.39161521e-01 8.03492785e-01
    7.50896454e-01 4.21735883e-01 5.27253747e-02 4.57443953e-01
    2.04114467e-01 8.85838389e-01 3.51927400e-01 7.13242352e-01
    2.84587622e-01 2.25941151e-01 3.07917774e-01 1.10457659e-01
    5.55039048e-02 7.51624942e-01 8.05834830e-01 6.13405406e-02
    6.83335960e-02 7.45111167e-01 5.61828554e-01 1.25030965e-01
    8.94310236e-01 3.25209737e-01 2.27347791e-01 2.76749581e-01
    9.70916271e-01 2.32735366e-01 9.99296188e-01 2.48175472e-01
    7.78015196e-01 5.42780757e-01 1.02901757e-02 6.11273110e-01
    8.58758569e-01 9.56953764e-01 8.33910942e-01 5.22997439e-01
    5.07519960e-01 5.08669555e-01 8.05709481e-01 4.47612882e-01
    6.79702222e-01 8.00180793e-01 8.21112037e-01 2.48771697e-01
    9.43461657e-01 3.82255375e-01 6.67751610e-01 3.44780385e-01
    5.67017198e-01 6.03056490e-01 4.20198143e-02 4.59386289e-01
    8.36199880e-01 6.25638247e-01 1.28504217e-01 1.78792834e-01
    9.00894523e-01 5.19515336e-01 1.23619139e-01 1.72230333e-01
    1.62752360e-01 7.65113592e-01 6.54489756e-01 8.06126475e-01
    8.32692683e-01 7.29580402e-01 6.10242248e-01 8.32029223e-01
    9.05662894e-01 1.27639562e-01 5.69563746e-01 6.98329568e-01
    7.57808805e-01 9.86339748e-02 1.31594151e-01 9.37159657e-01
    5.74266016e-01 5.63940704e-01 6.31359458e-01 7.74260759e-01
    3.99546325e-02 3.05710435e-01 6.79554999e-01 5.60162485e-01
    9.12590444e-01 9.02611971e-01 6.62692249e-01 8.56620789e-01
    4.65661436e-01 3.84786129e-01 2.32060432e-01 9.19201970e-03
    3.74832273e-01 1.50159299e-02 1.10312998e-01 5.32058954e-01
    8.26320350e-02 5.70849597e-01 5.82624078e-02 9.00999248e-01
    9.01473641e-01 3.15767407e-01 4.95228380e-01 1.57037586e-01
    1.50154620e-01 7.80133963e-01 5.18373668e-01 3.83665025e-01
    5.05994737e-01 9.25552607e-01 2.86757559e-01 1.89123005e-01
    9.93194938e-01 2.88292974e-01 9.22038794e-01 5.04602849e-01
    9.47819173e-01 4.38014507e-01 1.51469022e-01 8.41636181e-01
    4.48826402e-01 3.98291349e-02 1.42399579e-01 2.78201669e-01
    9.50545669e-01 4.75673556e-01 8.30545306e-01 3.40698302e-01
    6.76463127e-01 1.31446064e-01 1.69534713e-01 2.96980888e-01
    1.10030740e-01 1.79316133e-01 7.30780900e-01 9.57324624e-01
    6.69815540e-02 7.64552236e-01 1.17241442e-02 7.36887574e-01
    1.50263041e-01 3.70460927e-01 8.38554025e-01 7.96406746e-01
    1.90481901e-01 8.73292923e-01 3.94213557e-01 1.03114247e-01
    1.65719211e-01 7.83710778e-01 4.19267982e-01 7.90945947e-01
    9.57036614e-01 9.44757760e-02 7.82001197e-01 3.10706794e-02
    8.62924933e-01 7.40529597e-01 6.26200438e-01 8.98010373e-01
    1.47099376e-01 2.74780780e-01 7.07702577e-01 3.99860412e-01
    5.93016148e-02 7.57388115e-01 2.19556242e-01 9.23406124e-01
    9.26508784e-01 5.58416247e-01 8.13871622e-03 5.95055282e-01
    2.90634811e-01 6.59860015e-01 6.35634184e-01 1.17717505e-01
    9.31387901e-01 9.76173520e-01 9.63350534e-01 8.22558343e-01
    4.48652327e-01 6.19148016e-01 5.41801393e-01 9.76513684e-01
    7.60623455e-01 2.25015789e-01 2.79146910e-01 3.70520234e-01
    1.15825444e-01 1.28886789e-01 4.53037024e-01 6.31072044e-01
    4.72638577e-01 6.34629250e-01 7.08776772e-01 5.52290678e-02
    9.87384200e-01 5.24381161e-01 9.87999678e-01 7.50210166e-01
    7.70594716e-01 4.17731434e-01 7.09906578e-01 7.12508500e-01
    8.70965123e-02 9.10904467e-01 2.34221339e-01 2.20104128e-01
    3.99595648e-01 6.35028720e-01 8.16555202e-01 3.18218112e-01
    9.14199054e-02 3.09841335e-01 2.63519019e-01 9.54575419e-01
    5.65599382e-01 2.62973309e-01 5.88431418e-01 6.54107928e-01
    8.30373466e-02 1.90325081e-01 6.73630416e-01 2.54778206e-01
    2.09841013e-01 4.92522925e-01 3.24802577e-01 5.08769453e-01
    6.45399213e-01 6.06280804e-01 2.77722180e-01 9.04286861e-01
    7.44595289e-01 8.66292179e-01 4.33503091e-02 5.09107172e-01
    3.91053289e-01 9.13008630e-01 3.88640583e-01 8.69986176e-01
    1.96314007e-01 6.17642164e-01 2.00251400e-01 5.81423342e-02
    3.17460358e-01 4.92805660e-01 5.79258502e-01 1.02013350e-02
    6.20391309e-01 5.16276479e-01 6.43250942e-02 1.07675433e-01
    5.99869847e-01 8.60663772e-01 5.07490635e-01 5.86500943e-01
    6.52288198e-02 2.41139084e-01 2.53385395e-01 8.49781454e-01
    6.07959926e-01 3.94026935e-01 9.57392931e-01 2.79730141e-01
    3.51558179e-01 4.86604154e-01 7.51050413e-02 5.05381346e-01
    9.15302753e-01 5.66381335e-01 6.11667454e-01 8.25011015e-01
    9.84065175e-01 9.41415370e-01 9.33250070e-01 8.48967135e-01
    4.86853063e-01 3.43810201e-01 7.93119669e-01 1.20482206e-01
    1.12650275e-01 2.08796293e-01 7.91097462e-01 2.25328207e-01
    7.35116243e-01 5.53164244e-01 5.70533097e-01 6.39991164e-01
    8.85542691e-01 3.96347940e-02 2.49230862e-01 2.47113019e-01
    5.21757066e-01 3.37708145e-01 9.33441401e-01 4.69827384e-01
    7.96369553e-01 1.72669291e-01 1.50489330e-01 6.44271135e-01
    6.91581011e-01 8.93783331e-01 9.25570965e-01 4.99837607e-01
    5.25600553e-01 1.07795715e-01 4.10502553e-01 2.01100618e-01
    2.47640878e-01 5.68828285e-01 1.64781004e-01 7.48118401e-01
    1.58225834e-01 2.22029269e-01 8.68114114e-01 9.57146406e-01
    1.04237318e-01 2.38117576e-02 2.13593602e-01 4.96817976e-01
    9.19325233e-01 1.23995870e-01 7.57097602e-01 9.07256842e-01
    8.11813593e-01 5.53755462e-02 1.53213799e-01 4.88960117e-01
    7.50281572e-01 7.98957109e-01 1.06692493e-01 5.44618487e-01
    8.17106009e-01 8.64848971e-01 9.37262177e-03 9.58292723e-01
    4.84758765e-01 5.69447756e-01 9.03877735e-01 1.67510033e-01
    2.16830343e-01 6.93371415e-01 1.03166401e-02 9.65117931e-01
    3.87221456e-01 4.82566357e-01 2.43739814e-01 5.87270200e-01
    2.78027266e-01 2.22924083e-01 1.86128408e-01 4.06537116e-01
    3.03030431e-01 6.06877863e-01 6.28626466e-01 4.80239511e-01
    5.96296430e-01 2.65927315e-01 1.61248624e-01 3.37784588e-01
    6.20408356e-01 3.73743474e-01 6.95983052e-01 8.58281851e-01
    1.21209472e-01 9.96058822e-01 8.43690157e-01 1.29317790e-01
    1.35460615e-01 7.57941246e-01 6.41557872e-02 8.38418722e-01
    6.48083746e-01 3.23497236e-01 2.94560730e-01 2.06460267e-01
    3.79423380e-01 5.89159727e-01 6.48460746e-01 2.41091758e-01
    6.14288568e-01 2.10504293e-01 4.01189327e-01 5.99441111e-01
    6.15341663e-02 4.55184966e-01 2.89938152e-01 3.15205157e-02
    3.93553287e-01 3.82922590e-01 8.23151588e-01 3.59930813e-01
    5.07125378e-01 5.69058537e-01 2.19223291e-01 4.40656841e-02
    6.66720033e-01 5.33314526e-01 9.64556336e-01 8.06305051e-01
    1.64103508e-02 4.56211209e-01 5.98000884e-01 3.91513348e-01
    2.91559219e-01 2.28118896e-02 9.44806337e-02 5.71347415e-01
    6.43138349e-01 5.80627620e-01 3.05604428e-01 4.97342646e-02
    2.41725475e-01 3.57713938e-01 3.45837355e-01 1.69540048e-02
    8.40546727e-01 9.86486197e-01 6.29238129e-01 5.03980339e-01
    7.40187824e-01 5.73818743e-01 7.97506034e-01 2.36938000e-01
    6.61267042e-01 2.14619666e-01 2.36778587e-01 3.91357601e-01
    2.21376449e-01 4.73339230e-01 5.91455281e-01 2.32783407e-01
    5.34707606e-01 1.70682132e-01 6.60337925e-01 1.77990556e-01
    9.88224626e-01 1.47996664e-01 1.94032788e-02 7.45438635e-01
    9.15961862e-01 6.64138675e-01 4.68997478e-01 2.20123023e-01
    9.38343108e-01 7.02631891e-01 1.58375919e-01 1.00131303e-01
    5.13537645e-01 1.70854688e-01 3.06107759e-01 4.62994456e-01
    7.99687266e-01 7.51353145e-01 9.06417608e-01 5.25648236e-01
    7.98015833e-01 7.41518855e-01 2.41905779e-01 7.29408383e-01
    7.83192217e-01 4.49438095e-02 9.32643175e-01 5.32766998e-01
    5.83216548e-02 4.46397066e-02 7.98440278e-01 7.43921399e-01
    7.67198205e-01 1.64789885e-01 3.18813622e-01 1.87756926e-01
    4.39941496e-01 7.52185643e-01 2.78083920e-01 9.74963784e-01
    4.89202291e-01 4.13374603e-01 9.31727052e-01 9.87059951e-01
    5.25119424e-01 7.31279969e-01 2.45439738e-01 7.94632137e-01
    5.48868656e-01 2.67167091e-01 3.30171764e-01 9.13481414e-02
    2.36004323e-01 4.60017353e-01 2.09446371e-01 1.45648420e-01
    6.74852431e-01 2.11455315e-01 5.44915855e-01 9.17044640e-01
    5.19397914e-01 9.63152707e-01 2.14003325e-01 2.61218041e-01
    1.97726846e-01 9.21648622e-01 7.52095222e-01 8.54589224e-01
    4.55899775e-01 1.30426705e-01 6.59785151e-01 3.63969833e-01
    8.34978878e-01 3.74326587e-01 5.86833298e-01 1.89048022e-01
    7.37906158e-01 8.56799006e-01 5.16056418e-01 6.23234630e-01
    2.61580110e-01 8.84915471e-01 8.54414642e-01 2.91857719e-01
    9.01992679e-01 4.15543646e-01 4.05526221e-01 6.63418770e-01
    4.92754161e-01 8.62918437e-01 5.29730082e-01 9.67249393e-01
    9.70614910e-01 2.46532261e-01 1.38553113e-01 4.23970312e-01
    6.39607310e-01 7.10522950e-01 6.50879264e-01 1.96993351e-04
    1.03383958e-02 8.50444198e-01 1.57445461e-01 6.80443347e-02
    3.02921176e-01 6.93281233e-01 3.46355438e-01 2.49508858e-01
    7.12795258e-02 1.94706678e-01 3.19945693e-01 1.02360427e-01
    7.55492330e-01 8.45573306e-01 2.67084956e-01 9.65341687e-01
    3.85515988e-01 7.61218667e-01 8.42098773e-01 1.55159771e-01
    8.75762105e-01 6.69565201e-01 6.68697119e-01 4.91928458e-02
    7.91006386e-02 7.95598149e-01 6.85314715e-01 6.60874367e-01
    4.89134610e-01 1.96287811e-01 7.90002584e-01 9.59578514e-01
    2.89854407e-02 2.44276255e-01 5.01939833e-01 3.15385222e-01
    8.90713096e-01 6.89060092e-02 5.75074553e-01 5.10957658e-01
    7.79913306e-01 1.38474852e-01 1.09091461e-01 1.73033595e-01
    6.03314757e-01 3.51924419e-01 8.66374969e-02 6.33596420e-01
    7.78384805e-01 1.58836514e-01 4.51453447e-01 2.90705919e-01
    3.07675630e-01 9.75926042e-01 4.85071123e-01 2.20269948e-01
    9.06495273e-01 8.53233814e-01 4.36761945e-01 8.84982049e-01
    1.13846153e-01 1.97010517e-01 2.74235785e-01 8.41995418e-01
    2.43728757e-01 4.57999736e-01 3.02971870e-01 2.35127509e-02
    2.97332823e-01 8.92055690e-01 7.13317513e-01 4.61512923e-01
    6.93908155e-01 9.90875423e-01 9.60659742e-01 2.93336779e-01
    4.10432845e-01 6.54265463e-01 9.66961145e-01 3.65592003e-01
    6.75063193e-01 2.91680813e-01 8.95762920e-01 7.79266238e-01
    6.05634093e-01 8.95655990e-01 8.50787878e-01 6.19346619e-01
    6.50682032e-01 9.76618052e-01 6.06202841e-01 6.38763189e-01
    7.31668711e-01 1.16771519e-01 8.00903678e-01 1.73035115e-01
    7.39639997e-02 9.34711576e-01 2.22325027e-01 6.91169739e-01
    9.80733454e-01 8.00227046e-01 3.49336296e-01 2.33662635e-01
    6.29260302e-01 9.09945488e-01 5.56470275e-01 8.85652840e-01
    5.62903404e-01 1.66918367e-01 4.58108425e-01 4.09747362e-02
    2.70264149e-01 5.73396921e-01 9.48615551e-01 2.99768507e-01
    2.79871106e-01 7.51831889e-01 3.96251678e-02 4.03244466e-01
    6.16103709e-02 8.88444543e-01 3.37190509e-01 8.43900442e-01
    6.71318531e-01 9.14275527e-01 8.68035793e-01 7.90311456e-01
    1.85111284e-01 2.15936959e-01 7.26334512e-01 1.87185556e-01
    5.07231057e-01 5.26280701e-01 9.55854177e-01 5.41000366e-01
    3.42867672e-01 9.54825401e-01 1.61010146e-01 9.44007158e-01
    8.64997864e-01 7.65424848e-01 6.59709811e-01 9.49834824e-01
    8.51562321e-02 7.67735422e-01 2.19148964e-01 9.86805081e-01
    2.89935738e-01 9.75285947e-01 3.48624110e-01 4.39236671e-01
    9.19558644e-01 3.89049172e-01 2.68278658e-01 6.08124197e-01
    5.01965523e-01 3.84619594e-01 6.73168600e-02 1.99772418e-01
    6.80125952e-01 9.31624889e-01 5.44654191e-01 7.83021390e-01
    4.11648214e-01 3.12527716e-01 4.03755724e-01 5.51522255e-01
    6.56233072e-01 1.86327964e-01 8.66713047e-01 4.20035005e-01
    8.71110380e-01 7.29987085e-01 2.39213079e-01 5.23265958e-01
    2.70072609e-01 4.84323233e-01 4.39933687e-01 4.82389361e-01
    8.79826963e-01 5.70987761e-01 3.25385720e-01 2.93802917e-02
    1.31317109e-01 2.13432193e-01 7.53040850e-01 7.53718436e-01
    9.58725333e-01 5.94617605e-01 2.02585936e-01 1.31606549e-01
    8.72239590e-01 6.87099218e-01 6.61149144e-01 9.79374051e-01
    3.44495684e-01 6.69942379e-01 1.45819694e-01 2.80494988e-01
    1.94880992e-01 6.74499750e-01 9.37682033e-01 7.45925188e-01
    4.31066126e-01 6.21409297e-01 1.90901220e-01 1.20674968e-01
    3.75313312e-01 2.39903331e-02 7.54513383e-01 3.17591727e-01
    2.52827585e-01 5.29142797e-01 1.16242856e-01 8.05374146e-01
    1.61993682e-01 7.30508566e-02 1.29394740e-01 2.57481396e-01
    1.22409523e-01 5.97653449e-01 9.58165646e-01 5.80721259e-01
    6.61730528e-01 5.30532777e-01 9.34454858e-01 4.37783122e-01
    6.01584375e-01 5.37696779e-02 9.75016892e-01 5.82206488e-01
    7.39545107e-01 7.50933826e-01 9.45156217e-01 3.61363292e-02
    5.61516225e-01 6.51053309e-01 6.47552967e-01 3.97939682e-01
    5.69548786e-01 2.71182239e-01 9.45258081e-01 3.95357251e-01
    6.09331489e-01 3.75253797e-01 1.43826872e-01 2.68131644e-01
    7.74477899e-01 8.33749294e-01 5.37883520e-01 7.98012793e-01
    5.52160680e-01 9.52311158e-01 6.76366091e-02 8.76792073e-02
    7.49243498e-01 6.02922916e-01 3.95228505e-01 2.71610796e-01
    8.74226689e-01 1.74397796e-01 8.29237342e-01 6.67069793e-01
    3.31498861e-01 7.69777119e-01 1.91087753e-01 7.20332325e-01
    7.24545419e-02 8.11104894e-01 4.08509403e-01 2.47591794e-01
    8.97549272e-01 3.41559768e-01 8.29588056e-01 1.29798979e-01
    7.93747187e-01 1.57620132e-01 1.93455070e-01 1.91920847e-01
    8.45226586e-01 5.88195562e-01 8.09939146e-01 1.28905118e-01
    8.10416222e-01 2.41127312e-01 8.92328918e-01 3.46200407e-01
    2.10700065e-01 7.02558875e-01 8.93754244e-01 8.01497221e-01
    4.50935721e-01 7.02361465e-01 6.92334294e-01 7.57717788e-01
    5.78749120e-01 6.56338155e-01 8.61416817e-01 7.45497167e-01
    9.10168648e-01 6.10664248e-01 2.34009445e-01 7.22248435e-01
    2.06037909e-01 7.78841138e-01 1.37304932e-01 1.48726523e-01
    4.80456024e-01 8.26510489e-01 1.89407319e-01 5.32393456e-01
    9.58660126e-01 1.65047795e-01 1.34096265e-01 6.61339641e-01
    6.36507630e-01 7.94871628e-01 1.39294356e-01 3.83043170e-01
    9.08069313e-01 4.88475651e-01 8.88547421e-01 8.74370575e-01
    7.96539426e-01 2.64679790e-02 2.73774147e-01 1.58519030e-01
    2.43682086e-01 1.93077534e-01 9.45520937e-01 1.39205456e-02
    3.64019513e-01 4.66280997e-01 9.99648690e-01 9.91447508e-01
    5.56291640e-01 2.83608198e-01 1.53722882e-01 7.14273334e-01
    9.45104659e-02 1.06253803e-01 3.96101624e-01 3.44800889e-01
    6.32451534e-01 2.92010307e-02 7.88766801e-01 7.79161215e-01
    9.28041339e-03 8.32320690e-01 7.12165475e-01 4.84824777e-01
    4.30139273e-01 8.37111115e-01 3.42054009e-01 4.87923622e-03
    7.42941260e-01 3.23710561e-01 4.12637830e-01 9.42559898e-01
    9.19302404e-01 5.79837859e-02 4.46092099e-01 7.29813874e-02
    7.01506257e-01 2.99433768e-01 5.22373497e-01 8.44455957e-01
    1.50386393e-02 2.66600788e-01 8.00913095e-01 1.35080367e-01
    5.69151044e-02 4.93304342e-01 5.73673844e-03 6.05550826e-01
    7.22598910e-01 5.11808336e-01 3.74982476e-01 8.28316331e-01
    8.68307352e-01 4.92353290e-01 6.44991994e-01 4.98991042e-01
    7.93396831e-01 8.48707259e-01 1.58979475e-01 3.38256478e-01
    8.48162889e-01 8.88559818e-01 3.95226866e-01 6.47277236e-01
    8.22806597e-01 7.48609781e-01 2.20506787e-02 5.87314904e-01
    3.46156150e-01 6.75894737e-01 3.36503506e-01 8.62074912e-01
    4.24811810e-01 2.10495740e-01 9.88297880e-01 6.39438331e-01
    5.67553341e-02 6.06766343e-03 3.70756686e-02 5.25396466e-02
    5.76972723e-01 3.58110189e-01 4.45251644e-01 6.48135841e-01
    8.95402670e-01 3.03026050e-01 7.32563734e-01 4.00207043e-02
    7.35381126e-01 8.77344966e-01 4.20389026e-01 4.79277968e-02
    7.32411385e-01 9.71580505e-01 8.87482524e-01 7.26707697e-01
    8.49490047e-01 8.27093601e-01 6.82281852e-01 2.01599061e-01
    8.93736482e-01 6.48555577e-01 2.96920717e-01 4.96868819e-01
    7.83205986e-01 2.90741980e-01 9.46529448e-01 6.47224009e-01
    2.75794387e-01 8.99499714e-01 3.81486893e-01 7.38149107e-01
    8.57961118e-01 8.25383663e-01 4.94082451e-01 6.55055046e-01
    6.45101786e-01 5.01515388e-01 9.60011303e-01 1.84266776e-01
    7.65575647e-01 8.30494761e-01 9.54302311e-01 8.61327887e-01
    6.69729829e-01 1.44604653e-01 3.98143947e-01 4.12738502e-01
    6.94487691e-02 4.38334882e-01 6.59580290e-01 9.19501424e-01
    6.26736164e-01 1.53325468e-01 4.45062131e-01 9.73786414e-02
    5.97502530e-01 5.12925923e-01 2.41801888e-01 3.26626003e-01
    4.24064070e-01 8.81305337e-01 3.77215445e-01 9.09979105e-01
    8.43466938e-01 4.29464519e-01 5.06651640e-01 9.15145636e-01
    8.84929299e-01 8.12077165e-01 3.70720327e-02 6.71008110e-01
    7.21672773e-01 9.85823333e-01 5.97643077e-01 3.46103907e-01
    1.46017611e-01 7.45077133e-01 8.32768798e-01 1.03516102e-01
    5.80949962e-01 4.36304152e-01 7.47013092e-02 7.60611653e-01
    8.71823311e-01 6.00681365e-01 1.98195100e-01 7.66553521e-01
    7.18633294e-01 8.00343573e-01 1.91829234e-01 7.12822020e-01
    9.88833487e-01 5.28737843e-01 5.70869744e-01 5.43395340e-01
    6.80523515e-01 7.91969657e-01 1.32509381e-01 3.11209559e-01
    7.73659647e-02 3.39684784e-02 6.57825112e-01 5.48207581e-01
    3.71114552e-01 2.16240853e-01 8.66383135e-01 6.19104445e-01
    9.48987544e-01 7.99435377e-01 7.79469490e-01 6.91073000e-01
    7.50329971e-01 8.04580450e-01 4.86117005e-01 5.66474915e-01
    4.54757839e-01 6.55715585e-01 7.79186070e-01 4.34357166e-01
    1.28247738e-01 1.54790729e-01 8.64167452e-01 5.83706021e-01
    6.03910446e-01 5.22832751e-01 9.08365011e-01 5.28347492e-02
    5.55658937e-01 3.53538305e-01 6.81688130e-01 1.99238092e-01
    1.07701361e-01 7.41017699e-01 6.81661129e-01 1.67671502e-01
    1.25922084e-01 8.46279085e-01 9.14384723e-01 9.21205521e-01
    8.35072696e-02 2.94342339e-01 8.10375273e-01 2.92935908e-01
    8.77036095e-01 2.96083957e-01 1.99969679e-01 7.45612800e-01
    2.00695693e-02 5.72751343e-01 9.30230975e-01 6.50635898e-01
    9.36007738e-01 1.64838105e-01 2.49838442e-01 2.99464613e-01
    5.82679093e-01 6.16104424e-01 8.25038075e-01 1.01533592e-01
    7.12796450e-01 9.53958273e-01 5.39042890e-01 4.42171812e-01
    7.06251562e-01 2.61898071e-01 7.21258581e-01 7.50443041e-02
    3.17964554e-02 4.72357929e-01 9.93538678e-01 1.39400572e-01
    7.78796554e-01 6.87148929e-01 8.28144073e-01 5.27427971e-01
    3.49802256e-01 4.10303742e-01 8.52241874e-01 3.40025425e-01
    3.62572789e-01 9.45722401e-01 9.61937487e-01 4.27084595e-01
    7.61913896e-01 3.45085025e-01 1.97592884e-01 9.65056300e-01
    3.63594711e-01 1.62261784e-01 1.91426396e-01 8.67878914e-01
    6.94573581e-01 5.83540857e-01 2.97143936e-01 8.64499509e-01
    4.61457759e-01 4.68449593e-02 4.69557643e-02 3.38210493e-01
    1.44603252e-02 9.94825363e-01 8.62901688e-01 7.71376729e-01
    4.99846190e-01 4.85432804e-01 7.27922320e-02 5.48082292e-02
    5.81090152e-01 5.75590611e-01 1.67776108e-01 1.14869565e-01
    6.66813016e-01 2.03507006e-01 1.38997734e-01 9.67533946e-01
    8.69135141e-01 3.05227339e-01 1.59514487e-01 3.14078748e-01
    6.68797553e-01 3.69074404e-01 2.82785684e-01 9.67083454e-01
    7.30030060e-01 1.26669914e-01 5.73639512e-01 8.67749095e-01
    8.64273310e-02 6.84345722e-01 5.02493083e-02 9.82481122e-01
    6.56834602e-01 4.18818295e-02 7.30666101e-01 6.67013586e-01
    7.45097339e-01 5.18333435e-01 2.14333743e-01 6.09695852e-01
    1.72263891e-01 3.38533163e-01 9.38466549e-01 5.48111200e-01
    8.44739318e-01 1.52670473e-01 6.94539666e-01 1.57518297e-01
    1.55683339e-01 8.41492474e-01 8.09114754e-01 4.45413083e-01
    8.74279737e-01 3.52638036e-01 4.99029845e-01 6.69110715e-01
    1.13428235e-02 4.40151215e-01 1.13633692e-01 7.53789425e-01
    8.73470247e-01 1.74753070e-02 8.62644017e-02 3.36626172e-03
    5.36038101e-01 4.72795218e-01 5.83438516e-01 3.66310358e-01
    2.87460774e-01 6.48612440e-01 5.89028299e-01 4.23068792e-01
    9.30864334e-01 7.34214187e-01 4.36745286e-02 3.50709140e-01
    9.47264194e-01 7.92000890e-02 7.05178857e-01 9.73985970e-01
    9.12275195e-01 6.01442218e-01 6.33129478e-03 7.52315998e-01
    2.20255196e-01 7.60951281e-01 4.75061595e-01 8.49898338e-01
    9.80581999e-01 4.89105433e-01 3.33297819e-01 7.76001036e-01
    1.62628949e-01 5.95673144e-01 4.76919413e-01 5.93647003e-01
    5.22118390e-01 2.00811088e-01 6.45036340e-01 9.18229222e-01
    2.50381470e-01 3.80175471e-01 6.08386040e-01 2.74517596e-01
    5.84750414e-01 8.11267614e-01 1.65002316e-01 5.22819936e-01
    1.84443623e-01 9.54607606e-01 3.45678657e-01 5.29246390e-01
    6.64844513e-01 5.03053963e-02 7.15577841e-01 8.03301215e-01
    3.55301261e-01 3.37254494e-01 2.80243874e-01 3.71542305e-01
    3.79959702e-01 3.11710835e-02 3.82594973e-01 5.71612418e-01
    1.51340067e-02 1.69965565e-01 6.93861067e-01 3.41828197e-01
    7.52651691e-01 1.44270986e-01 4.16236907e-01 9.88738775e-01
    3.45272332e-01 7.90703654e-01 1.00552678e-01 8.14290881e-01
    4.40680385e-01 9.15840626e-01 4.35276806e-01 4.09759581e-02
    4.44489062e-01 4.20767009e-01 1.47515804e-01 5.82286775e-01
    7.94770956e-01 2.17709631e-01 8.20019722e-01 4.04433280e-01
    7.55000114e-01 8.08360815e-01 4.01648104e-01 4.80477691e-01
    4.11960155e-01 5.86523354e-01 6.81721389e-01 1.62776262e-01
    4.28303957e-01 3.06318939e-01 3.37764770e-01 4.64720517e-01
    9.87982750e-02 6.15404308e-01 7.46951342e-01 1.26572043e-01
    8.71279955e-01 6.39945269e-01 9.27242637e-02 5.69627404e-01
    4.42357481e-01 6.00752592e-01 4.11567092e-03 2.01039314e-02
    5.05119920e-01 9.27819014e-01 5.80536127e-01 7.82589793e-01
    1.43871605e-01 8.83667946e-01 6.98100448e-01 5.71739018e-01
    2.65651673e-01 8.46674323e-01 5.25405049e-01 5.69714069e-01
    8.80224109e-01 3.86992007e-01 4.56237793e-01 5.10974228e-01
    9.84048367e-01 3.88328940e-01 7.31320977e-01 9.23257232e-01
    2.65624791e-01 7.31023073e-01 3.93107891e-01 2.55756021e-01
    4.80295420e-02 5.97166836e-01 4.47501838e-02 6.19498193e-01
    9.78717208e-01 7.87559390e-01 7.55479932e-01 8.18958879e-03
    2.06502676e-01 4.84637320e-01 5.56617141e-01 6.91656351e-01
    5.73452711e-02 9.38168705e-01 8.72291446e-01 1.89052790e-01
    1.85842782e-01 9.40206409e-01 5.60373187e-01 5.40420175e-01
    6.22544050e-01 7.15764880e-01 9.79201198e-01 4.62851107e-01
    9.90733266e-01 4.71968412e-01 3.70072603e-01 6.40101373e-01
    6.62813425e-01 4.55250144e-02 8.78824234e-01 5.34921825e-01
    5.41332543e-01 7.47646093e-01 9.28252935e-01 7.68873096e-01
    6.80362821e-01 7.69790769e-01 5.60695946e-01 7.31432438e-03
    6.70151055e-01 9.57716465e-01 1.56243801e-01 2.79841721e-02
    7.52481520e-02 2.87628293e-01 6.22847438e-01 5.71265578e-01
    8.88386965e-01 3.42186689e-01 5.85982680e-01 2.85917044e-01
    4.70385373e-01 6.99053466e-01 7.63382316e-01 2.06413209e-01
    5.00673056e-01 6.27494931e-01 7.59735346e-01 2.71078229e-01
    5.43543994e-01 4.92637038e-01 4.46513236e-01 4.94454324e-01
    8.51443768e-01 6.26401544e-01 7.89450705e-01 9.22748864e-01
    3.47823799e-01 2.53990918e-01 1.90389961e-01 5.69392264e-01
    4.33981806e-01 4.50835913e-01 9.41852927e-02 1.95318550e-01
    6.46413326e-01 9.30749536e-01 6.14063263e-01 6.29677296e-01
    3.93129289e-02 9.64579344e-01 5.95277429e-01 4.18205857e-02
    6.80829406e-01 8.92471433e-01 8.55958939e-01 6.46331489e-01
    6.11101031e-01 5.92857599e-02 4.63372111e-01 8.99545014e-01
    8.03056240e-01 5.45511425e-01 3.19961101e-01 8.30285847e-02
    2.56387591e-01 2.78713405e-01 7.20769227e-01 7.67382264e-01
    6.50951147e-01 5.43121159e-01 5.33073127e-01 1.67054236e-01
    5.12926817e-01 4.50286210e-01 9.37434971e-01 2.04581082e-01
    4.84509259e-01 4.22734290e-01 4.22522038e-01 2.17374206e-01
    5.45953274e-01 7.61768937e-01 6.97576106e-02 4.60914373e-02
    8.71097744e-01 9.67298806e-01 3.83129478e-01 6.05716169e-01
    9.88245606e-02 2.47412592e-01 8.39133263e-01 4.12946373e-01
    4.72309411e-01 1.47150218e-01 2.21756995e-01 4.14864719e-02
    7.31040239e-01 3.68195295e-01 7.18989849e-01 2.55849123e-01
    4.54107285e-01 6.27162993e-01 1.62577510e-01 8.87384176e-01
    9.40435290e-01 1.09648228e-01 1.33528799e-01 7.69729912e-01
    3.79836440e-01 5.21644413e-01 7.64235735e-01 6.45923316e-02
    5.14606595e-01 3.52747858e-01 3.33451599e-01 9.80728626e-01
    9.72044587e-01 4.09180492e-01 8.54861081e-01 5.43139875e-01
    5.39333105e-01 3.59829307e-01 2.23526627e-01 7.86577404e-01
    4.25173998e-01 4.95546192e-01 3.79008949e-02 9.52398300e-01
    5.70749700e-01 3.70008320e-01 7.24218130e-01 9.29885626e-01
    6.25244617e-01 7.61607647e-01 6.45756006e-01 3.16949964e-01
    7.59398222e-01 6.66327059e-01 9.81425881e-01 1.14851534e-01
    9.20050144e-01 1.89099640e-01 4.26367402e-01 8.57806206e-01
    6.67297125e-01 4.82948989e-01 2.57676631e-01 4.04141247e-02
    1.35876536e-01 6.10597670e-01 8.74795914e-01 1.35888666e-01
    1.12821907e-01 2.18752027e-02 2.02789038e-01 2.30900645e-01
    6.31778955e-01 2.78758228e-01 7.04120100e-02 9.72065568e-01
    8.92019331e-01 7.24267840e-01 4.58112717e-01 1.64737880e-01
    9.23857331e-01 3.60068560e-01 6.97391450e-01 8.02255392e-01
    3.13167751e-01 9.26050901e-01 4.68959808e-01 1.41182661e-01
    8.61221731e-01 7.71500766e-02 8.93551230e-01 8.84799004e-01
    2.84418344e-01 2.52760828e-01 8.85635018e-02 3.98043096e-01
    6.23439074e-01 4.95411396e-01 7.27108598e-01 7.69445896e-01
    3.64046484e-01 2.70456970e-01 5.84587097e-01 2.14969516e-01
    3.88921201e-01 5.53872824e-01 6.61552846e-02 4.62946475e-01
    1.22536659e-01 3.01014960e-01 9.41622198e-01 5.20741940e-03
    4.57603276e-01 2.49708056e-01 7.94750929e-01 6.06414020e-01
    6.05667472e-01 6.26410246e-01 6.40208900e-01 7.09207296e-01
    4.19794142e-01 8.74828696e-01 5.58221579e-01 4.01335329e-01
    3.54144722e-01 4.22701269e-01 8.20126176e-01 9.45482254e-01
    3.54323387e-01 6.01165771e-01 8.58791888e-01 7.52004862e-01
    7.25999475e-01 5.89065611e-01 7.39747882e-01 5.34974873e-01
    2.89695203e-01 2.65396237e-01 8.25482607e-01 1.54349834e-01
    2.78898537e-01 8.96161556e-01 7.81171083e-01 1.64321065e-02
    4.45593119e-01 3.30180585e-01 8.21728885e-01 1.01378351e-01
    7.31604695e-01 6.08696580e-01 2.15890527e-01 8.57811809e-01
    9.81658876e-01 4.65011597e-03 7.52719641e-01 3.27223897e-01
    9.75364804e-01 7.21887469e-01 3.34412515e-01 8.88168573e-01
    1.03769898e-02 3.41240346e-01 7.52775908e-01 6.37642920e-01
    7.73734927e-01 8.87683749e-01 8.71174812e-01 2.40122348e-01
    1.76764905e-01 4.12925839e-01 3.80678117e-01 9.99716699e-01
    3.26948166e-02 5.14676630e-01 1.67248845e-02 5.42558253e-01
    9.91662264e-01 5.10288358e-01 4.32040751e-01 4.42789793e-02
    3.23143959e-01 1.86024845e-01 6.53486848e-01 5.29273808e-01
    4.99558002e-01 8.37051988e-01 3.37680519e-01 6.84262633e-01
    9.83828366e-01 5.24640560e-01 5.00798702e-01 9.45248485e-01
    1.76911980e-01 6.37993693e-01 1.57888293e-01 4.41787899e-01
    9.67294276e-01 9.65142667e-01 2.19354928e-01 7.78530478e-01
    3.34314078e-01 2.67760515e-01 4.91140634e-01 2.36099035e-01
    6.25104964e-01 6.78517938e-01 7.59460092e-01 3.35719287e-02
    8.21059108e-01 2.93046802e-01 8.88878822e-01 7.64151514e-01
    7.02295661e-01 7.64652669e-01 9.31012034e-01 9.69013453e-01
    5.23643494e-02 6.68827474e-01 5.98014355e-01 8.58573437e-01
    7.04046130e-01 4.58963841e-01 6.25052154e-02 5.34690022e-02
    4.99859124e-01 1.24530971e-01 4.37900841e-01 9.88077223e-01
    7.71462560e-01 2.28940994e-01 2.47460604e-01 5.63859224e-01
    5.38973033e-01 4.81196433e-01 5.31873345e-01 3.06899786e-01
    9.85199571e-01 9.74502087e-01 4.94039059e-01 8.76353025e-01
    7.55152464e-01 6.94048047e-01 9.48233008e-01 9.22696173e-01
    1.20160878e-02 9.93145227e-01 9.19506788e-01 3.90067726e-01
    7.69856215e-01 7.61778831e-01 5.35225570e-02 8.02432775e-01
    5.34900486e-01 9.12853718e-01 3.64214659e-01 3.29094052e-01
    6.04792833e-01 9.40313578e-01 2.55888551e-01 6.12831295e-01
    6.79777920e-01 5.08883476e-01 8.67901266e-01 3.71090412e-01
    9.14466977e-01 8.52432251e-01 8.95169616e-01 9.97649789e-01
    4.55325574e-01 9.35095072e-01 1.00438833e-01 9.37975883e-01
    7.30317712e-01 2.51322240e-01 2.71605670e-01 1.38491064e-01
    1.77374989e-01 2.80659288e-01 4.13455725e-01 4.17030334e-01
    3.03176761e-01 1.56138033e-01 1.99282259e-01 7.99465477e-01
    5.18937826e-01 7.72104144e-01 5.38286686e-01 6.01462424e-01
    4.29002106e-01 2.92082608e-01 5.82536817e-01 6.37555718e-02
    2.76862592e-01 2.11396217e-01 3.54490727e-01 9.18453336e-01
    2.04901695e-01 5.46530664e-01 9.64534998e-01 6.29449308e-01
    8.35266054e-01 1.40255153e-01 3.57355714e-01 8.38097453e-01
    3.41344178e-02 7.88310885e-01 3.08468759e-01 9.99961376e-01
    8.95197868e-01 2.38262713e-01 5.95344603e-01 1.48036927e-01
    8.34342003e-01 8.10032845e-01 1.13404870e-01 6.18906140e-01
    2.51385421e-01 5.94549298e-01 1.24100685e-01 3.98578346e-02
    4.73925591e-01 7.46767044e-01 6.96982443e-01 2.11173296e-02
    5.93913794e-01 5.71927369e-01 3.21096718e-01 2.67148197e-01
    4.65773463e-01 6.09989583e-01 8.87911201e-01 2.71809101e-02
    6.01985693e-01 4.48063761e-01 7.30840981e-01 6.85279846e-01
    8.70304227e-01 9.49671149e-01 1.56827927e-01 9.43862855e-01
    2.26954609e-01 6.40021622e-01 4.42166626e-02 6.83449447e-01
    6.83260202e-01 7.61687815e-01 6.04657233e-02 2.91496426e-01
    9.40805793e-01 9.49106693e-01 2.55418837e-01 7.33815789e-01
    2.41668671e-01 8.44974220e-02 4.23786938e-01 6.17862821e-01
    6.87020063e-01 1.57005489e-02 1.91708654e-01 4.71720576e-01
    1.76262200e-01 7.01287389e-01 2.20427036e-01 5.56585371e-01
    2.21073449e-01 9.04770851e-01 5.69514036e-02 6.98000073e-01
    5.32085299e-01 7.58135319e-01 4.40563321e-01 8.39112878e-01
    2.52460271e-01 4.73430425e-01 7.31076837e-01 7.23656178e-01
    4.66722637e-01 1.28805280e-01 3.13312352e-01 3.88605237e-01
    5.19938827e-01 8.93082142e-01 8.73071313e-01 2.62282908e-01
    8.46650660e-01 2.20963240e-01 7.56810308e-01 9.72649097e-01
    5.23408890e-01 4.35179114e-01 7.75323033e-01 1.21667534e-01
    9.41473961e-01 7.01958239e-01 2.14609027e-01 8.06873798e-01
    1.44401073e-01 1.70819223e-01 4.72448707e-01 7.16575265e-01
    4.86089826e-01 3.31007898e-01 6.15258276e-01 6.71069086e-01
    5.25671661e-01 1.50423318e-01 1.28812730e-01 8.36081088e-01
    6.45345449e-01 4.31251407e-01 7.49002934e-01 9.68512177e-01
    9.40724969e-01 7.92052984e-01 2.00791925e-01 6.32907152e-01
    5.84585726e-01 2.49469578e-02 2.87697017e-01 4.56939667e-01
    2.06760764e-01 4.79658246e-02 6.19019747e-01 2.17181087e-01
    1.32348776e-01 1.86566055e-01 3.56165230e-01 1.34391785e-02
    5.89046299e-01 3.71182740e-01 3.66513669e-01 8.54635835e-02
    6.75594687e-01 3.65757167e-01 4.43312317e-01 1.52406096e-01
    9.02027667e-01 7.73840606e-01 2.99081147e-01 9.39804018e-02
    5.68343103e-02 1.27745301e-01 7.24436998e-01 7.22704887e-01
    7.19981492e-01 4.11307812e-03 7.59918213e-01 3.46221745e-01
    6.96597695e-01 2.22849607e-01 4.80159789e-01 3.33993375e-01
    7.98466980e-01 6.19094551e-01 6.58904672e-01 8.28277767e-01
    6.37719274e-01 3.31072152e-01 2.27543235e-01 4.81278628e-01
    8.58819604e-01 7.68718362e-01 4.96093571e-01 9.49088454e-01
    4.22451079e-01 8.00659239e-01 7.06377387e-01 8.48703325e-01
    3.38323325e-01 4.78514701e-01 1.23609364e-01 6.44384563e-01
    2.54781067e-01 3.08113694e-01 4.71525550e-01 8.23532820e-01
    9.22566652e-02 4.38109815e-01 5.43648481e-01 4.98143554e-01
    9.70493436e-01 1.79389477e-01 5.75540185e-01 6.65828705e-01
    2.42899299e-01 1.64220273e-01 2.71372676e-01 6.20455980e-01
    5.98616898e-01 5.46773970e-01 1.60647660e-01 4.35215175e-01
    1.34371221e-01 9.72952724e-01 6.41472220e-01 9.76622581e-01
    5.92271328e-01 8.63450050e-01 2.00630575e-01 9.52977538e-01
    7.73251534e-01 7.54467845e-01 5.73144615e-01 9.90296900e-02
    6.51146412e-01 5.92631936e-01 1.92478538e-01 9.95951593e-02
    7.34948874e-01 2.12384522e-01 5.48628330e-01 2.40200311e-01
    6.69380546e-01 7.90500045e-01 8.95102561e-01 4.13624525e-01
    4.71057415e-01 6.59067631e-01 8.18397880e-01 6.80989683e-01
    1.84744090e-01 4.36035931e-01 9.82953429e-01 1.75157249e-01
    9.14479136e-01 7.82172799e-01 6.48653388e-01 6.56559825e-01
    5.61429441e-01 9.21554685e-01 2.69694358e-01 8.11029911e-01
    8.64456058e-01 7.55250275e-01 1.51671290e-01 2.45303899e-01
    5.45845807e-01 8.70570660e-01 4.87527102e-01 7.68912911e-01
    4.41058278e-02 9.31425452e-01 7.43837833e-01 1.50341272e-01
    8.74194145e-01 2.64175892e-01 7.47175157e-01 5.14348447e-01
    3.63003135e-01 6.69872522e-01 7.29819655e-01 7.92928815e-01
    4.21438217e-01 7.03694344e-01 2.33098865e-03 7.57994056e-01
    3.42672706e-01 1.26936764e-01 9.37425494e-01 1.28825456e-01
    4.03013140e-01 6.79096103e-01 7.39563882e-01 5.99527001e-01
    3.73453915e-01 2.47915089e-02 7.23551273e-01 5.73126018e-01
    9.97996628e-01 8.35869193e-01 1.60369277e-01 8.81549358e-01
    2.48779356e-02 2.75079489e-01 5.54322183e-01 6.49600923e-01
    2.21419096e-01 6.74800873e-02 7.94345737e-02 6.58096671e-01
    7.72038877e-01 2.46972501e-01 2.40795344e-01 6.41863823e-01
    1.49056673e-01 2.90160775e-02 1.80050731e-03 1.44999415e-01
    7.30984151e-01 4.40014154e-01 5.95276535e-01 4.26725596e-01
    7.19587445e-01 4.97169763e-01 6.54710948e-01 4.08326179e-01
    1.39296770e-01 2.50187576e-01 4.07470852e-01 4.03859913e-02
    3.51692766e-01 1.95107639e-01 3.81220758e-01 5.91098070e-01
    9.13781643e-01 7.40483046e-01 5.67247927e-01 3.72080505e-01
    1.03150845e-01 9.62393880e-01 3.42228919e-01 1.76715404e-01
    9.06298757e-01 5.46937525e-01 8.57424259e-01 2.48049229e-01
    1.53891265e-01 5.58832586e-01 7.50659704e-01 1.24189526e-01
    3.05672765e-01 2.76236057e-01 5.32402635e-01 2.95155406e-01
    5.20188868e-01 5.32238901e-01 1.19951874e-01 9.93147194e-02
    5.61453700e-01 1.88024163e-01 5.39554417e-01 4.06328797e-01
    4.49429363e-01 9.04349208e-01 5.14892280e-01 7.27701366e-01
    1.04171634e-02 3.42589200e-01 7.20756233e-01 8.21826100e-01
    3.56780171e-01 2.63417393e-01 6.20978117e-01 8.56675446e-01
    6.30378485e-01 2.49478370e-01 9.37688112e-01 7.36888170e-01
    1.95799917e-01 8.96409512e-01 8.26093018e-01 1.25319183e-01
    3.85155946e-01 8.04979384e-01 2.61191636e-01 9.00777578e-01
    7.30238855e-02 6.22862279e-01 8.30425024e-01 1.75326735e-01
    6.47590756e-01 4.96212363e-01 9.43434536e-02 9.85885620e-01
    7.05550075e-01 5.70878983e-01 4.88634884e-01 1.27080142e-01
    3.89885694e-01 8.46810460e-01 8.97731900e-01 1.85897589e-01
    8.15666378e-01 2.93268919e-01 5.51269531e-01 5.53289413e-01
    7.91316628e-01 3.95190358e-01 7.13908076e-01 9.79157209e-01
    9.96455908e-01 3.75768244e-02 8.76159430e-01 7.61143684e-01
    8.62455249e-01 3.76583546e-01 8.16802621e-01 7.86301196e-01
    8.42000961e-01 7.64877915e-01 7.04420328e-01 7.11619854e-01
    5.71622193e-01 3.63365173e-01 6.78644121e-01 2.04842150e-01
    1.08704120e-01 5.41915536e-01 1.86120987e-01 3.84607613e-02
    3.43889296e-01 8.68194759e-01 2.96147108e-01 1.35181397e-01
    7.43712842e-01 2.07822174e-01 2.47993916e-01 2.90974796e-01
    7.24604726e-01 1.23887390e-01 3.82145077e-01 6.48388028e-01
    3.87582093e-01 9.45214272e-01 3.09941649e-01 5.36735415e-01
    6.21716976e-01 3.69640291e-01 2.08655655e-01 7.86772490e-01
    4.57078457e-01 3.60017687e-01 8.53343725e-01 7.91215301e-01
    2.42240399e-01 8.61494899e-01 3.43719393e-01 2.34413892e-01
    6.79737210e-01 6.91951692e-01 5.41865468e-01 3.10628355e-01
    7.62970448e-02 2.75965631e-01 8.04442525e-01 9.91766453e-02
    4.33239341e-02 7.14831948e-01 5.76822996e-01 7.76412606e-01
    1.41353667e-01 3.27367991e-01 7.87157297e-01 2.16803253e-02
    7.36225903e-01 6.51941419e-01 1.61250561e-01 3.95877004e-01
    6.00977302e-01 9.79900956e-02 4.39512402e-01 5.20379305e-01
    1.05873317e-01 6.77682161e-01 5.86721659e-01 1.12791866e-01
    1.21062458e-01 6.76626444e-01 6.85840249e-01 4.38891351e-02
    1.99824929e-01 4.34657186e-01 3.70553136e-01 6.12792671e-01
    5.87885737e-01 9.56553340e-01 1.32131070e-01 7.99622118e-01
    4.30880755e-01 5.29851317e-01 5.98084033e-01 5.65016329e-01
    4.49818671e-01 4.71764535e-01 8.22571099e-01 7.15817690e-01
    7.05256164e-01 4.94039446e-01 6.79602683e-01 1.30257040e-01
    7.03780472e-01 5.08475900e-01 6.17672205e-01 3.52421701e-01
    3.86271596e-01 8.59662592e-02 3.55761111e-01 7.30256140e-01
    3.06488276e-01 2.90932715e-01 9.11656022e-01 7.86398947e-01
    8.54712427e-01 2.60350466e-01 3.19755971e-01 7.66196072e-01
    7.68501997e-01 5.04056811e-01 6.58777654e-02 5.34965932e-01
    6.77851439e-01 1.05400890e-01 2.53526032e-01 2.14616597e-01
    2.71426082e-01 9.48002756e-01 7.44346440e-01 7.03708589e-01
    8.86723876e-01 9.81221139e-01 7.12663531e-01 6.72872007e-01
    6.28049970e-01 8.93370509e-01 1.38694346e-02 5.99181414e-01
    2.64782131e-01 8.71937037e-01 6.73944890e-01 6.10657811e-01
    6.83555007e-01 7.73229241e-01 9.44837630e-01 7.62629867e-01
    4.97296929e-01 3.84268641e-01 5.57757318e-01 4.85970259e-01
    8.14548016e-01 2.85746217e-01 9.36400533e-01 2.24897414e-01
    5.52720726e-01 8.32915545e-01 8.86476278e-01 9.19547319e-01
    1.96418017e-01 4.04593349e-01 3.95579547e-01 8.62207294e-01
    2.27024972e-01 6.48525238e-01 9.51914310e-01 9.11381841e-01
    2.31872410e-01 5.42953908e-02 6.14101410e-01 8.78874660e-01
    4.40953821e-01 3.81058395e-01 7.14961588e-01 8.34132791e-01
    5.42910278e-01 7.48242021e-01 6.65263534e-01 1.94787323e-01
    2.79282331e-02 6.74130321e-01 6.16427064e-02 6.26899660e-01
    5.91380000e-01 5.96055746e-01 4.54668224e-01 7.43444681e-01
    1.82169050e-01 7.99962163e-01 5.50927937e-01 8.95439386e-01
    5.79335690e-01 2.92003542e-01 5.51539779e-01 6.46553040e-01
    8.77542794e-01 4.36174273e-02 7.06763208e-01 7.28445351e-02
    2.72252321e-01 6.83934510e-01 9.59694684e-02 8.91965508e-01
    9.26695764e-01 3.23268682e-01 2.74238974e-01 7.86668897e-01
    9.17283297e-02 2.36930192e-01 9.04005229e-01 5.58926105e-01
    4.25159752e-01 3.73041332e-02 3.78029585e-01 1.58720046e-01
    5.45946181e-01 9.98973370e-01 4.30552781e-01 7.92982459e-01
    3.82725894e-02 9.72285628e-01 5.00067174e-02 5.08153439e-01
    1.71623558e-01 3.72663915e-01 3.03512812e-03 5.76817989e-01
    4.37432081e-01 9.85329509e-01 2.78926641e-01 7.50546336e-01
    6.65851951e-01 9.18644845e-01 9.38455701e-01 6.78483367e-01
    6.36809349e-01 8.24441433e-01 2.87061870e-01 4.18589532e-01
    4.00051475e-01 4.77330565e-01 2.01309144e-01 5.57751417e-01
    6.45581365e-01 9.38876271e-01 3.44803333e-02 2.55135328e-01
    4.77926642e-01 9.30081964e-01 2.46778548e-01 8.37570906e-01
    3.41704577e-01 2.37510741e-01 4.23769951e-01 7.76871443e-01
    4.52312648e-01 9.95816767e-01 1.27527237e-01 7.41265178e-01
    3.91309142e-01 8.63325834e-01 2.62871444e-01 4.18762386e-01
    6.69341683e-02 3.65400463e-01 8.50519896e-01 6.84845865e-01
    2.64780819e-01 7.17006326e-01 7.51846433e-01 1.53683066e-01
    5.27955770e-01 3.88487399e-01 7.26535916e-01 9.86083388e-01
    8.05161297e-02 1.30349219e-01 6.81190431e-01 8.42062533e-01
    1.39391452e-01 1.10405624e-01 6.72379971e-01 7.33927190e-01
    3.32175612e-01 2.00625688e-01 3.44828218e-01 3.33165646e-01
    8.75576258e-01 4.45166886e-01 6.61993384e-01 2.13849515e-01
    2.45634913e-02 6.29195035e-01 7.30486631e-01 5.73747158e-02
    3.52574110e-01 7.55524755e-01 9.39396620e-01 8.85866463e-01
    1.67400002e-01 3.91806394e-01 7.10646212e-02 8.35251927e-01
    1.84273273e-01 2.72118747e-02 9.74394917e-01 1.04798079e-01
    4.79780316e-01 7.50315666e-01 3.26576233e-01 5.27754068e-01
    6.35331333e-01 9.69344616e-01 6.99756384e-01 5.85040569e-01
    3.19002748e-01 5.79617441e-01 6.68427050e-02 4.20149833e-01
    6.22572780e-01 3.08123827e-01 4.21549082e-02 4.91171986e-01
    8.01960051e-01 1.99635237e-01 6.81106448e-01 1.83263540e-01
    5.19242585e-02 6.85989618e-01 9.02527988e-01 5.95167696e-01
    8.07794929e-01 3.36364478e-01 4.21114415e-01 3.91243219e-01
    2.15917200e-01 9.06411290e-01 4.28525299e-01 9.62050557e-01
    7.22351015e-01 8.87428999e-01 4.39929545e-01 3.30964267e-01
    9.32655573e-01 9.13104415e-03 2.69138575e-01 4.37225759e-01
    7.83406079e-01 4.41440821e-01 4.33646142e-02 3.41952264e-01
    3.60845029e-01 7.46751428e-02 1.08652979e-01 8.48830342e-01
    6.15526438e-01 2.72423506e-01 5.46296179e-01 5.89349508e-01
    2.09432572e-01 9.82132792e-01 5.66848397e-01 6.44095242e-02
    1.91310614e-01 3.75048310e-01 3.32323551e-01 9.84181523e-01
    3.48111391e-02 8.99639368e-01 4.94209588e-01 6.86758041e-01
    9.39212441e-02 8.96154046e-01 5.60326219e-01 5.08123219e-01
    2.21619725e-01 3.37652236e-01 3.27701390e-01 5.33266187e-01
    7.97893822e-01 4.18351293e-01 3.66675258e-02 4.92139846e-01
    2.23714799e-01 8.89519155e-02 6.74323499e-01 7.58592010e-01
    6.09952867e-01 9.80314016e-01 9.28307295e-01 1.78292632e-01
    6.84085071e-01 9.42195654e-01 7.08526850e-01 6.63337231e-01
    7.56150484e-01 3.22467327e-01 9.11345541e-01 3.46873403e-01
    6.66939974e-01 2.18068063e-01 6.38240993e-01 4.50237095e-01
    6.37450218e-01 8.78646851e-01 3.93966973e-01 9.49120522e-03
    4.75144058e-01 7.13615835e-01 2.89131582e-01 4.19178098e-01
    8.32206607e-01 6.51993930e-01 9.41393673e-01 1.19633704e-01
    3.56810629e-01 2.29090393e-01 9.52405751e-01 2.21577704e-01
    5.71040809e-01 7.82276988e-01 9.19120073e-01 1.16237551e-01
    2.36880422e-01 1.16392076e-01 1.58732742e-01 1.83503538e-01
    7.38595426e-02 9.26979303e-01 1.71442568e-01 7.43294299e-01
    5.63584149e-01 7.73775458e-01 8.51462603e-01 9.01510119e-01
    5.91994047e-01 1.44289255e-01 3.22389007e-02 8.78784955e-02
    2.79962003e-01 2.65063047e-01 7.97135174e-01 3.08482230e-01
    6.34797871e-01 2.05737591e-01 6.21609271e-01 2.15041041e-02
    9.26620603e-01 8.87914896e-01 4.42133397e-01 4.01256830e-01
    9.94417667e-01 1.35491639e-01 4.77231801e-01 7.52844691e-01
    2.35773295e-01 6.26895428e-01 7.58329272e-01 6.00452304e-01
    5.83961308e-02 6.43426657e-01 9.62414265e-01 4.85808700e-01
    7.99809217e-01 6.50465488e-03 4.34827238e-01 3.88743877e-01
    2.04992890e-02 2.72791684e-01 4.25831914e-01 3.03866029e-01
    5.60685813e-01 5.81782579e-01 1.59262180e-01 6.82416916e-01
    9.90238309e-01 2.09184796e-01 9.54570413e-01 9.57691431e-01
    6.78223252e-01 8.03226650e-01 8.97708118e-01 6.85702026e-01
    6.05446100e-01 7.68013477e-01 9.80543435e-01 8.44558001e-01
    8.71587098e-02 4.73967254e-01 6.25576615e-01 4.21263099e-01
    4.13133711e-01 9.26776528e-01 9.67318773e-01 4.10393804e-01
    2.77330637e-01 8.04968476e-01 2.37263441e-01 4.38869148e-01
    6.24439240e-01 7.67621160e-01 2.63074100e-01 4.53382552e-01
    3.99061918e-01 8.62934470e-01 6.17980599e-01 4.44186807e-01
    1.95153832e-01 1.52783066e-01 1.24852955e-01 2.67559588e-02
    5.32813787e-01 8.81540775e-01 3.24209630e-02 6.26980543e-01
    3.51670563e-01 8.33916545e-01 8.72457385e-01 1.81928039e-01
    3.78830731e-02 4.91925657e-01 9.73258615e-01 1.18173122e-01
    3.43490064e-01 9.13392425e-01 6.10329270e-01 7.24169433e-01
    4.77998734e-01 1.96897566e-01 6.57544494e-01 2.20277399e-01
    3.25858712e-01 6.17729306e-01 9.60940123e-01 1.18157655e-01
    3.52604538e-01 4.59732473e-01 2.56637692e-01 5.61493516e-01
    2.58179128e-01 3.54398787e-02 3.29820812e-01 9.10703242e-01
    3.43249977e-01 4.79864955e-01 2.47487783e-01 1.08057588e-01
    2.36160815e-01 9.87018585e-01 1.93799317e-01 5.83775163e-01
    9.62288439e-01 9.66056883e-02 8.55704486e-01 7.88400650e-01
    3.31349134e-01 2.04583228e-01 3.86597037e-01 5.93842685e-01
    5.35618186e-01 6.07838154e-01 5.95825016e-01 1.42550111e-01
    7.50026226e-01 5.17982244e-02 4.00339544e-01 9.78144944e-01
    7.12765872e-01 7.49721587e-01 5.53345203e-01 7.42675126e-01
    8.71427476e-01 9.06328857e-02 6.80968642e-01 7.70301223e-01
    2.66200185e-01 3.52715164e-01 4.31322008e-01 8.13882351e-01
    8.92981529e-01 5.05094051e-01 1.02396429e-01 2.77121723e-01
    1.03797972e-01 3.29407930e-01 5.72456956e-01 6.44388020e-01
    8.98374796e-01 8.07292461e-02 8.10427308e-01 6.97833300e-01
    5.85179687e-01 4.54321802e-02 7.65130281e-01 5.92892945e-01
    7.99649954e-02 5.41623414e-01 2.23021686e-01 4.56203520e-02
    8.60555291e-01 1.80244267e-01 2.22340494e-01 2.74271905e-01
    2.16660082e-01 2.41437078e-01 6.04087174e-01 7.95230925e-01
    8.50952804e-01 3.38737071e-01 1.68667436e-01 8.53278935e-02
    9.62448239e-01 5.95584571e-01 6.17037475e-01 4.22401845e-01
    8.05547655e-01 3.26450527e-01 5.13326228e-02 7.64835656e-01
    9.30197120e-01 4.42216218e-01 3.44494581e-02 2.09979445e-01
    4.31580782e-01 7.42610216e-01 2.65627533e-01 2.78117895e-01
    3.33807170e-01 2.40635872e-02 6.88992500e-01 6.98230982e-01
    2.17214853e-01 3.25960636e-01 3.25418711e-01 1.15670681e-01
    2.68369198e-01 4.85250771e-01 2.71085501e-01 4.54894662e-01
    6.84569955e-01 3.21400225e-01 6.38448358e-01 3.31510842e-01
    5.63787520e-02 5.80883384e-01 6.34818137e-01 7.47762203e-01
    5.95643938e-01 4.15071845e-01 2.21627682e-01 8.18156958e-01
    2.61837065e-01 7.49850869e-02 3.47155631e-01 4.44447070e-01
    3.41209441e-01 8.20808947e-01 5.18463373e-01 5.19485056e-01
    6.98236763e-01 7.65690923e-01 6.80761755e-01 7.69239366e-02
    9.33349133e-02 2.52009630e-01 6.10423207e-01 5.22892654e-01
    6.25029802e-02 7.38759458e-01 9.62924838e-01 6.52575254e-01
    6.24942005e-01 2.49532253e-01 1.93268210e-01 7.67603397e-01
    9.38884735e-01 2.48807698e-01 2.48341680e-01 7.39631951e-01
    7.65659451e-01 1.72520578e-01 5.59633851e-01 9.61562812e-01
    3.31653655e-02 9.51485515e-01 3.23085785e-01 2.49226421e-01
    8.93045723e-01 3.26593757e-01 9.48550105e-01 4.66070682e-01
    4.98678654e-01 1.17788315e-02 8.98216307e-01 2.69372433e-01
    2.02098697e-01 7.70082593e-01 2.85991430e-01 4.78211254e-01
    1.83981657e-03 3.00693810e-01 9.11387324e-01 6.49903417e-01
    4.05804753e-01 4.31209594e-01 4.27488327e-01 5.21963120e-01
    9.68181729e-01 8.78164828e-01 1.47617966e-01 2.41052032e-01
    1.91419005e-01 4.54582572e-01 7.53368974e-01 4.19637442e-01
    6.63372636e-01 7.34388232e-01 2.16079205e-01 5.30955255e-01
    1.92520678e-01 7.31768131e-01 5.25195301e-02 6.53669059e-01
    6.62639380e-01 2.29202598e-01 2.13240117e-01 5.47282279e-01
    9.28865969e-02 7.41715312e-01 9.42653894e-01 7.44400263e-01
    9.54698920e-01 1.15138590e-02 3.09054196e-01 7.98706412e-01
    8.02771926e-01 9.72351193e-01 1.85764760e-01 5.54600775e-01
    3.27519417e-01 5.62753081e-01 7.42670834e-01 7.52168417e-01
    4.99003112e-01 4.89571750e-01 3.33701968e-02 5.70618510e-01
    3.16580176e-01 8.21210265e-01 4.68070984e-01 1.16319329e-01
    2.71909416e-01 4.06136364e-01 7.37358332e-01 3.63023400e-01
    2.25235015e-01 9.46710706e-01 1.89012825e-01 5.42374432e-01
    9.10414219e-01 6.11393631e-01 5.50873876e-02 6.70391917e-01
    3.01830292e-01 6.72530711e-01 4.74572301e-01 2.42419839e-02
    3.29782039e-01 9.22994494e-01 4.94788140e-01 5.41251957e-01
    8.53961647e-01 9.78493810e-01 3.25288057e-01 7.54091620e-01
    4.09617752e-01 9.20790553e-01 2.17818737e-01 9.09232736e-01
    6.66706920e-01 7.78058231e-01 2.01944649e-01 5.71926951e-01
    7.52853036e-01 4.42530990e-01 8.90264690e-01 8.81328821e-01
    6.85143650e-01 3.00788403e-01 3.69662642e-01 9.32340443e-01
    9.56530094e-01 2.02378035e-01 9.88519132e-01 7.39197373e-01
    2.88465828e-01 3.37126374e-01 8.68762136e-01 8.77200603e-01
    6.66802585e-01 3.37334812e-01 6.25683784e-01 6.91805661e-01
    1.02215499e-01 8.82251501e-01 6.07579648e-01 4.60228086e-01
    4.93270338e-01 5.62162220e-01 9.18770134e-02 9.57728922e-02
    2.01545656e-02 9.66706574e-01 3.83290768e-01 4.40480053e-01
    8.56215656e-02 5.98321378e-01 2.79578954e-01 5.26733279e-01
    4.35542703e-01 8.96295190e-01 4.17578220e-03 5.62730968e-01
    6.88807666e-01 1.57327086e-01 1.67839825e-01 5.82013488e-01
    3.31058860e-01 9.86564040e-01 2.34051853e-01 8.33071411e-01
    3.05370808e-01 7.75250077e-01 4.07161504e-01 8.43167245e-01
    5.89759648e-01 4.79733109e-01 3.00490439e-01 5.73607743e-01
    3.96637410e-01 7.92923689e-01 5.04829764e-01 4.58059400e-01
    7.56264329e-02 3.73863220e-01 6.96924090e-01 9.22469139e-01
    3.09226364e-01 8.60073090e-01 8.28502297e-01 5.27749181e-01
    7.54545689e-01 7.12239146e-02 1.21922404e-01 1.09048367e-01
    1.70878142e-01 3.77372384e-01 4.98720080e-01 8.00574183e-01
    3.24915409e-01 1.62302941e-01 6.10340059e-01 2.39622176e-01
    2.67886579e-01 6.26906514e-01 5.37158847e-01 5.81652164e-01
    5.57142794e-01 3.86318445e-01 2.64049113e-01 6.18978441e-01
    4.42802906e-01 9.68902826e-01 6.91011608e-01 2.94587940e-01
    5.33946753e-01 3.12963068e-01 8.17711830e-01 6.59142733e-01
    3.48123699e-01 3.11589241e-03 3.31630886e-01 6.28823936e-01
    8.96649003e-01 7.61367917e-01 9.44908738e-01 3.84779036e-01
    2.33139455e-01 8.87080133e-01 5.49297631e-01 8.85900140e-01
    1.90308690e-02 5.48302352e-01 1.73019320e-01 7.57450700e-01
    3.17716032e-01 2.73107231e-01 1.98956937e-01 6.37068987e-01
    5.03377676e-01 5.18800080e-01 8.43275428e-01 1.03702366e-01
    7.20719039e-01 2.37424165e-01 9.34449553e-01 4.22875732e-01
    5.45217156e-01 4.03108686e-01 9.03458476e-01 8.07118118e-01
    4.75272745e-01 1.26775891e-01 5.40871620e-02 5.04238188e-01
    5.66471279e-01 2.15677738e-01 2.31197387e-01 5.87863743e-01
    7.34420955e-01 8.92947435e-01 9.52083588e-01 7.74472237e-01
    4.59042192e-01 1.53952569e-01 7.87869453e-01 8.42640162e-01
    2.34805435e-01 1.36826634e-02 6.07830882e-02 1.48761392e-01
    6.48832977e-01 1.61951780e-02 9.96673703e-01 1.89440072e-01
    4.23889667e-01 2.87093401e-01 2.88411200e-01 8.76577854e-01
    3.70937824e-01 2.97097594e-01 8.72928381e-01 5.06349802e-01
    6.82271957e-01 7.87476063e-01 4.66347456e-01 4.29921299e-01
    1.46803111e-01 8.29172969e-01 7.15263486e-02 4.51707512e-01
    5.91925204e-01 6.32187963e-01 8.74488831e-01 9.50949192e-01
    6.72635138e-01 4.83975679e-01 9.55567241e-01 1.09717220e-01
    2.05860555e-01 1.65072739e-01 8.86731446e-02 6.30931795e-01
    9.60400820e-01 7.37715960e-02 8.83644819e-01 2.86851257e-01
    6.56036198e-01 9.98952508e-01 7.22821176e-01 3.93244416e-01
    7.82657266e-01 8.02174032e-01 2.63658762e-01 1.82100922e-01
    1.71482980e-01 4.73848760e-01 5.88470161e-01 6.78690791e-01
    8.42909098e-01 6.28039598e-01 2.79157877e-01 2.31140375e-01
    8.76504779e-01 2.69191623e-01 6.16470098e-01 6.69695377e-01
    3.97147268e-01 8.37080836e-01 5.60360193e-01 3.75693530e-01
    6.19611919e-01 8.21430326e-01 6.77198768e-01 1.41764969e-01
    4.94781256e-01 8.83814335e-01 7.65175462e-01 2.75486827e-01
    8.56110752e-01 2.15358496e-01 2.80637056e-01 3.66849601e-01
    9.52823281e-01 8.56232464e-01 2.37258375e-01 2.92080283e-01
    8.90752077e-01 3.13065410e-01 8.67881775e-02 6.32117033e-01
    9.19107080e-01 9.94745731e-01 3.64545345e-01 2.74943709e-01
    4.95666564e-02 8.24361563e-01 5.97844064e-01 8.73886526e-01
    9.28024411e-01 8.77346158e-01 7.14340210e-02 6.55501366e-01
    1.50492787e-01 4.14339751e-01 9.75636363e-01 9.28213000e-01
    5.50209463e-01 5.10675430e-01 4.47941124e-02 5.66911995e-01
    6.19160950e-01 2.06396371e-01 6.85629189e-01 6.95579112e-01
    8.07420790e-01 8.23686242e-01 3.93108577e-01 5.26848793e-01
    2.24365473e-01 7.69112170e-01 5.03368199e-01 6.09430075e-01
    3.22771519e-01 5.12529254e-01 8.02950621e-01 8.67789626e-01
    2.86494970e-01 4.29226279e-01 5.33094585e-01 7.38150895e-01
    1.91532165e-01 1.04168862e-01 5.74635923e-01 6.01235569e-01
    4.15531397e-01 9.56507683e-01 9.38201964e-01 8.77513051e-01
    5.87856054e-01 2.69377589e-01 3.48581553e-01 1.18176818e-01
    9.68106747e-01 2.08199263e-01 4.24271315e-01 1.12891346e-01
    5.78277946e-01 6.25604272e-01 1.33899361e-01 8.71730447e-01
    4.87240553e-02 9.55778539e-01 5.67714632e-01 1.46712393e-01
    3.19346756e-01 7.83334017e-01 3.05838168e-01 6.24188900e-01
    3.07423651e-01 7.31680393e-01 4.14216280e-01 2.32528061e-01
    9.86554384e-01 9.32980657e-01 5.62871158e-01 7.95007944e-02
    5.00148475e-01 7.26127088e-01 9.51593399e-01 2.48896360e-01
    5.10483623e-01 5.64144731e-01 1.50922686e-01 2.65412986e-01
    2.40296513e-01 9.39644456e-01 1.63274109e-01 2.84088761e-01
    2.84167826e-02 6.49176717e-01 6.28694415e-01 5.82946301e-01
    9.20148253e-01 1.57575905e-02 1.34802997e-01 6.64940774e-02
    7.17743576e-01 6.69247746e-01 2.55270958e-01 4.87621397e-01
    4.29060757e-01 9.15824115e-01 1.42932653e-01 5.53068995e-01
    5.38865209e-01 2.78132737e-01 7.34928191e-01 4.69931334e-01
    4.58547294e-01 6.60821378e-01 1.77366555e-01 2.29465961e-02
    6.30867362e-01 5.67471266e-01 2.24624902e-01 2.45950520e-02
    7.89165795e-02 9.56297994e-01 2.63629049e-01 2.96829581e-01
    7.77868032e-01 7.96386838e-01 8.22579861e-01 3.82023752e-02
    7.76578546e-01 2.84380496e-01 4.97376233e-01 8.73717010e-01
    7.61870742e-01 1.13845527e-01 2.36848533e-01 5.84182203e-01
    6.58089042e-01 5.37782848e-01 2.93204188e-03 2.63888836e-01
    4.07165289e-01 9.48407829e-01 7.22459793e-01 1.73882693e-01
    6.96248591e-01 8.94008160e-01 3.54946285e-01 5.10342836e-01
    1.88782245e-01 2.00179428e-01 3.28165621e-01 8.08666348e-01
    3.05651307e-01 2.22817153e-01 6.74492419e-01 1.76918477e-01
    2.41911352e-01 4.85719681e-01 7.57350087e-01 4.76724684e-01
    8.54618430e-01 1.52575970e-01 7.64387965e-01 4.78117615e-01
    2.64364243e-01 5.23576498e-01 3.43947351e-01 5.06524682e-01
    3.72406840e-01 8.63820791e-01 6.95301771e-01 7.81456828e-01
    2.07931042e-01 2.01954901e-01 4.85319972e-01 7.65560865e-01
    9.31050479e-01 6.43478870e-01 7.73161650e-01 6.99320078e-01
    6.53901100e-01 2.42929906e-01 2.35234916e-01 6.38566911e-02
    3.63960922e-01 7.83908963e-01 6.27477229e-01 3.39630365e-01
    7.16738820e-01 6.33238971e-01 1.04739517e-01 6.93375945e-01
    8.41396689e-01 4.24669147e-01 9.41633463e-01 4.99832153e-01
    5.52211523e-01 5.05467176e-01 5.66386700e-01 5.60591102e-01
    5.42808294e-01 7.04778135e-02 6.71911240e-02 8.76631141e-01
    8.49703074e-01 3.98486376e-01 1.09742880e-02 6.60843313e-01
    8.29020739e-01 3.75058949e-02 5.78024685e-01 3.23579490e-01
    5.59418678e-01 4.93710428e-01 3.13134491e-02 8.05178642e-01
    2.97405005e-01 2.56066561e-01 6.43319964e-01 7.60180354e-01
    5.45118749e-02 7.60758519e-01 6.46718264e-01 7.44219899e-01
    7.17925370e-01 8.25092673e-01 5.75229526e-03 3.73803675e-02
    7.78538048e-01 7.53091395e-01 9.38279748e-01 5.27517617e-01
    1.31023943e-01 4.26163733e-01 9.17016625e-01 5.74998140e-01
    2.36139596e-02 1.76050663e-01 4.85775143e-01 5.15199602e-01
    1.52033836e-01 9.20318842e-01 6.06701016e-01 7.07757354e-01
    6.32083178e-01 1.20574027e-01 7.25719333e-01 8.13335180e-02
    5.29036582e-01 3.53831053e-01 1.32392466e-01 2.68427789e-01
    5.12332022e-02 7.64052033e-01 8.50643039e-01 1.69615448e-02
    5.91528058e-01 1.77123249e-01 1.72382027e-01 2.48143911e-01
    5.96767604e-01 9.92720723e-01 4.33135629e-02 9.24683332e-01
    8.25823188e-01 7.93484449e-01 2.34455019e-01 3.26702237e-01
    8.91711831e-01 9.49361205e-01 3.58550251e-01 1.18094206e-01
    5.85310936e-01 2.53807127e-01 6.27276361e-01 9.43939269e-01
    3.83264810e-01 4.35693294e-01 5.75384200e-01 2.37005889e-01
    1.95383042e-01 1.77339137e-01 1.88793868e-01 9.77863789e-01
    2.84459352e-01 5.99532425e-02 9.19217229e-01 3.73272628e-01
    3.35144401e-01 8.30256939e-01 4.37001944e-01 2.77974308e-02
    5.99809527e-01 4.18958455e-01 4.95860845e-01 1.86944604e-02
    4.42711890e-01 2.65734494e-01 4.12001312e-02 1.60300851e-01
    8.30829024e-01 2.34828144e-01 5.27492166e-03 7.29259551e-01
    9.81966615e-01 3.82890940e-01 6.12013340e-01 5.85537255e-01
    6.80852950e-01 8.28672528e-01 2.71477312e-01 6.92374647e-01
    2.41657108e-01 6.13268018e-01 3.82372022e-01 2.11968213e-01
    9.32309151e-01 2.98867702e-01 5.12365043e-01 2.92306870e-01
    3.96856010e-01 2.16342837e-01 7.85036683e-01 3.51985991e-01
    4.35134023e-01 2.53927708e-02 9.52033758e-01 3.89679700e-01
    9.53634024e-01 2.00139880e-01 2.07919598e-01 7.66981125e-01
    5.61565876e-01 4.34341758e-01 9.42284584e-01 5.54502666e-01
    5.00684083e-01 2.84098208e-01 3.58733833e-01 3.06916893e-01
    7.92419195e-01 9.93556261e-01 5.52464485e-01 1.23212069e-01
    5.49458802e-01 5.46525836e-01 5.44147968e-01 1.47462189e-02
    5.60537159e-01 8.05583119e-01 8.76205981e-01 1.25630051e-01
    8.47735167e-01 8.98082256e-01 6.12792432e-01 5.00024974e-01
    7.47530401e-01 4.98268604e-01 5.84858179e-01 6.03834093e-01
    8.29184353e-01 6.86802328e-01 6.30836427e-01 9.18229222e-01
    8.70546758e-01 4.35907632e-01 1.93105876e-01 7.46955633e-01
    4.83386129e-01 8.74732733e-01 3.96512240e-01 8.35501850e-02
    1.23015106e-01 1.26396209e-01 8.31588089e-01 4.24918503e-01
    3.02973211e-01 5.92160046e-01 6.86127424e-01 5.55974960e-01
    7.96127379e-01 8.58165920e-02 3.18627536e-01 7.56027937e-01
    3.64624381e-01 6.09902442e-01 8.50594640e-01 5.69985151e-01
    3.63517702e-01 7.54410505e-01 2.19432265e-01 1.14836454e-01
    2.03296840e-01 9.72584963e-01 2.56211042e-01 8.86835694e-01
    8.40876400e-01 8.47232938e-01 5.82410395e-02 7.34407663e-01
    7.96723127e-01 8.27552438e-01 3.95989269e-01 2.48329818e-01
    5.78017533e-01 4.24418151e-01 6.89942658e-01 2.47407883e-01
    4.89500433e-01 3.79305840e-01 2.23241866e-01 2.98700899e-01
    6.31062984e-01 1.41931027e-01 2.78146148e-01 6.68123245e-01
    8.44801366e-01 9.97538626e-01 2.89442182e-01 8.74468863e-01
    9.35425162e-02 1.01056904e-01 9.03199077e-01 2.69132853e-02
    5.96631765e-01 6.10274136e-01 5.06877840e-01 2.01561391e-01
    8.44964862e-01 2.71285892e-01 8.88218284e-01 5.74170649e-01
    7.40876198e-01 6.22642696e-01 1.53282702e-01 1.78205699e-01
    1.35801435e-01 4.30184096e-01 1.21550798e-01 6.68046176e-02
    9.01599228e-02 7.92579830e-01 5.60600460e-01 7.57262468e-01
    8.95198882e-02 5.27920246e-01 9.67690468e-01 3.00164551e-01
    2.98922122e-01 5.10459185e-01 7.01610982e-01 9.74229455e-01
    1.34843290e-01 4.36127841e-01 8.60549271e-01 9.65826213e-02
    2.34370530e-02 4.56522018e-01 7.40243077e-01 8.73901010e-01
    5.94172299e-01 4.45324838e-01 1.76206678e-01 3.33157241e-01
    1.02588713e-01 1.86840385e-01 7.48134196e-01 2.83464909e-01
    8.87441218e-01 2.24922776e-01 4.07583058e-01 7.09611654e-01
    2.18848467e-01 5.71442425e-01 1.72843069e-01 8.54267478e-01
    9.29573178e-01 9.91158962e-01 2.89610207e-01 3.81489515e-01
    8.00420523e-01 2.85318911e-01 6.59666061e-01 7.13275492e-01
    9.76819694e-01 4.02010560e-01 9.94520247e-01 6.60049081e-01
    1.77402049e-01 5.93421876e-01 8.46017241e-01 8.23478997e-01
    1.13056958e-01 9.95692730e-01 2.33121753e-01 4.54290569e-01
    8.08030248e-01 1.07553422e-01 2.92658865e-01 2.94660866e-01
    8.17784667e-01 8.53273392e-01 6.95862770e-01 9.25006747e-01
    4.77965266e-01 5.79687059e-02 4.03678387e-01 8.94910097e-03
    4.27881420e-01 6.71561897e-01 5.11546552e-01 8.87454450e-02
    7.35028625e-01 1.95147991e-01 6.54723167e-01 4.53848541e-01
    1.91750556e-01 5.38264513e-01 6.86706007e-01 1.87482655e-01
    4.73391920e-01 6.83640361e-01 4.51358378e-01 5.35917640e-01
    4.37018692e-01 7.71605492e-01 4.22999591e-01 7.28727341e-01
    5.53916931e-01 6.57635868e-01 9.97491360e-01 9.16528106e-02
    9.12732482e-02 7.37654448e-01 5.23228467e-01 7.97916532e-01
    5.34797966e-01 4.51891482e-01 8.18985999e-01 4.50213701e-01
    4.48079228e-01 8.07538867e-01 3.89275938e-01 2.19987333e-02
    6.61778629e-01 4.41929996e-02 7.07536101e-01 1.30392462e-01
    6.83695257e-01 4.97366130e-01 1.39815807e-01 8.13687205e-01
    4.11564708e-02 6.21846735e-01 8.67853761e-01 8.64926219e-01
    4.98374313e-01 6.63652718e-02 2.67182529e-01 2.03277856e-01
    7.71068931e-02 6.82701349e-01 7.55350232e-01 9.66686606e-01
    9.04293120e-01 9.88593936e-01 9.81724501e-01 1.97445750e-01
    3.37271333e-01 5.62099755e-01 2.70904303e-01 5.68056941e-01
    8.11677277e-01 4.55225587e-01 8.22050512e-01 2.08853513e-01
    6.63639426e-01 5.12330711e-01 6.91125453e-01 2.61184275e-01
    2.71723717e-01 2.55809158e-01 6.68812871e-01 7.08790302e-01
    9.91876960e-01 6.00465357e-01 8.43469679e-01 3.35451901e-01
    1.68099314e-01 3.54072452e-02 9.52630699e-01 7.37832308e-01
    2.09049344e-01 3.90915871e-01 9.51820314e-01 9.49618757e-01
    6.52343631e-01 6.01504922e-01 8.40351462e-01 2.46716499e-01
    9.63505030e-01 7.57853150e-01 1.21635616e-01 6.64516568e-01
    1.79764748e-01 2.30646700e-01 4.75846171e-01 7.11904228e-01
    3.98714781e-01 7.60812163e-01 7.32783258e-01 6.25681520e-01
    1.81097627e-01 9.52876449e-01 7.23435640e-01 3.31451178e-01
    1.92701548e-01 9.86423731e-01 4.84731168e-01 4.69767183e-01
    6.75911427e-01 8.47663045e-01 1.59462124e-01 7.43752122e-01
    6.76921070e-01 6.88216925e-01 1.92002684e-01 3.16239178e-01
    7.52631187e-01 6.18083477e-02 3.14703047e-01 1.07593507e-01
    9.33598757e-01 8.28936577e-01 5.29704034e-01 9.23164487e-02
    8.34070802e-01 1.32188201e-03 5.08386075e-01 1.28244907e-01
    1.61846161e-01 4.11771089e-01 4.20346290e-01 7.61531949e-01
    9.55133557e-01 3.83846700e-01 5.70235312e-01 7.79966414e-02
    5.85637808e-01 2.35979199e-01 8.45722616e-01 1.70835257e-02
    6.43430710e-01 9.39183712e-01 4.80302572e-01 2.55844057e-01
    5.10004520e-01 7.78409362e-01 1.47088736e-01 6.58487260e-01
    5.41062355e-01 9.30403352e-01 6.63853705e-01 5.93477845e-01
    4.58078861e-01 2.47541636e-01 4.95858073e-01 8.22026730e-01
    3.63693476e-01 1.49670243e-03 6.09393895e-01 2.97621280e-01
    1.67719722e-01 6.70917690e-01 8.69572520e-01 2.76613683e-01
    6.29742920e-01 5.05511105e-01 6.08283639e-01 6.81622088e-01
    1.27578020e-01 1.24806851e-01 4.17971641e-01 9.00070190e-01
    1.00888282e-01 5.44632077e-01 9.96203899e-01 8.93827438e-01
    8.10701847e-01 9.27171230e-01 3.01103890e-01 5.56478798e-02
    4.19302106e-01 5.66896677e-01 1.34051442e-02 4.72193927e-01
    6.91975594e-01 5.67629576e-01 1.01819932e-02 6.24696493e-01
    6.53559744e-01 3.51575792e-01 7.76140392e-02 9.69042778e-01
    2.28817552e-01 5.59659958e-01 1.32683754e-01 1.50099754e-01
    1.08691454e-01 9.32673335e-01 2.87684500e-02 1.75700009e-01
    4.06130642e-01 1.16248041e-01 6.22063339e-01 6.15319371e-01
    2.29495466e-02 4.94368136e-01 2.84130126e-01 5.51392257e-01
    3.88660729e-01 9.00035501e-02 8.17224085e-01 5.63374281e-01
    4.20721203e-01 5.85375845e-01 2.50979125e-01 8.54298711e-01
    8.46536338e-01 6.16180956e-01 2.78226733e-01 4.95581627e-01
    6.76088631e-02 1.72689468e-01 5.00340939e-01 3.61876607e-01
    5.91321468e-01 8.86818051e-01 5.08036077e-01 6.60227239e-01
    4.91394639e-01 3.59281480e-01 3.80565941e-01 8.33351493e-01
    8.21385026e-01 8.85052562e-01 1.89513713e-01 8.37240279e-01
    6.10782683e-01 6.67829156e-01 1.84972882e-01 3.79689634e-02
    3.25920820e-01 2.96573818e-01 4.83823478e-01 8.45752656e-01
    1.09555274e-01 7.19404101e-01 7.96319366e-01 3.86884153e-01
    9.20931399e-02 9.53389645e-01 3.02569926e-01 3.84799570e-01
    5.77052593e-01 8.96257758e-01 7.98899055e-01 6.28772676e-01
    1.31484866e-02 8.59351516e-01 5.80760360e-01 9.91427481e-01
    7.72865713e-02 9.45006013e-01 5.36834121e-01 4.55073982e-01
    3.78622621e-01 6.23589158e-01 5.81822515e-01 8.40371549e-01
    1.25413418e-01 8.31502974e-01 2.37082273e-01 4.15063560e-01
    3.65985572e-01 6.21896148e-01 2.94613481e-01 4.73468274e-01
    7.58844733e-01 1.32427216e-01 3.17031860e-01 6.24923229e-01
    4.46064532e-01 2.56201625e-01 1.01257682e-01 1.47875905e-01
    5.10966897e-01 8.95167291e-01 8.61188591e-01 9.89862442e-01
    3.81973743e-01 3.85605872e-01 6.74654067e-01 9.92863178e-01
    1.98874146e-01 5.63144684e-01 3.23986888e-01 5.60203850e-01
    8.03319752e-01 1.16925091e-01 2.19592214e-01 5.20623505e-01
    8.44966769e-01 8.39826822e-01 9.76384282e-01 9.19194460e-01
    1.90326303e-01 6.80831492e-01 2.18129069e-01 1.48291290e-02
    8.43260050e-01 1.56870902e-01 2.94084549e-02 1.73899293e-01
    7.30162561e-02 7.11756170e-01 2.93797612e-01 3.45165908e-01
    1.68886274e-01 9.61883605e-01 1.13432467e-01 6.17233813e-01
    1.42317891e-01 6.17313802e-01 1.52697414e-01 8.77974153e-01
    9.99336004e-01 8.83654833e-01 3.93019825e-01 3.25165868e-01
    7.17965782e-01 6.29342198e-01 3.17596585e-01 4.93616253e-01
    6.42201304e-01 9.98425663e-01 5.27460396e-01 6.99224889e-01
    2.94672966e-01 3.27104270e-01 9.52751160e-01 1.28172427e-01
    8.18245113e-02 4.15132731e-01 2.27214158e-01 1.73049748e-01
    2.12482542e-01 5.24558365e-01 6.66953087e-01 8.02899182e-01
    8.47923100e-01 3.42812836e-01 8.79843950e-01 5.76422930e-01
    7.51315057e-02 3.19109082e-01 7.53847361e-01 5.36109984e-01
    2.66380787e-01 4.28561091e-01 1.51318759e-01 7.43484020e-01
    6.70009196e-01 1.32850230e-01 4.22765851e-01 3.09472978e-01
    1.45213306e-01 6.80223882e-01 2.71721750e-01 3.39781225e-01
    5.45118511e-01 5.96877098e-01 9.50663805e-01 8.41237307e-01
    3.99460644e-01 2.89637089e-01 5.68397582e-01 1.64101720e-01
    7.68293381e-01 5.47079802e-01 5.76291144e-01 6.89537048e-01
    6.29258573e-01 3.82114619e-01 4.61571306e-01 4.77172464e-01
    7.29719877e-01 2.10206211e-01 3.01254869e-01 4.53593284e-01
    6.61747575e-01 5.53382158e-01 1.83589458e-02 5.49107850e-01
    6.05369270e-01 3.77898991e-01 2.05766052e-01 7.25660384e-01
    5.53175807e-01 8.71943414e-01 5.29924035e-02 4.67762113e-01
    3.88325751e-02 1.17550522e-01 5.64879537e-01 1.55066639e-01
    4.52300876e-01 4.33292985e-03 2.16556102e-01 7.30649054e-01
    9.59476650e-01 9.35673237e-01 5.14919043e-01 9.89933074e-01
    5.16637206e-01 9.58881915e-01 2.16638297e-01 4.66265678e-01
    7.36393929e-01 7.47016728e-01 2.00324178e-01 1.77487671e-01
    3.77242863e-01 9.13112044e-01 3.17659080e-02 2.07140356e-01
    1.14886075e-01 5.94388783e-01 3.14695716e-01 6.84110403e-01
    5.77120364e-01 1.81825757e-02 9.09032345e-01 1.92095935e-02
    3.46000165e-01 2.63260126e-01 1.83022350e-01 1.67477846e-01
    2.33746141e-01 6.79909527e-01 6.30194247e-02 5.37463665e-01
    4.99953330e-01 4.18042660e-01 2.55558372e-01 4.68383312e-01
    4.12831604e-01 5.92354655e-01 8.29865038e-01 6.56827033e-01
    3.22918594e-01 3.40044677e-01 6.86131418e-02 1.92486107e-01
    3.99333686e-01 8.99228275e-01 8.75982881e-01 1.89456493e-01
    1.57292724e-01 9.97909546e-01 4.96069133e-01 8.65282476e-01
    5.86870790e-01 1.97348416e-01 8.88678133e-01 7.44503379e-01
    8.92216563e-01 8.54037941e-01 1.91953510e-01 8.08597445e-01
    8.81657600e-01 6.68823719e-01 7.69459486e-01 9.18983519e-02
    3.32379013e-01 9.24330413e-01 5.82888365e-01 9.30484235e-01
    3.10008079e-01 5.71038067e-01 1.12804025e-01 3.13103318e-01
    4.76714104e-01 3.83762658e-01 7.39035606e-01 6.98805749e-01
    7.07116008e-01 8.77371430e-03 5.38861275e-01 2.87929118e-01
    5.52320719e-01 7.63536513e-01 3.75909090e-01 3.70653868e-02
    9.50043499e-02 1.05638921e-01 3.46679807e-01 6.31080389e-01
    4.27873701e-01 2.40960807e-01 6.83480382e-01 8.66216302e-01
    6.91447973e-01 3.96828651e-01 2.24594682e-01 2.05741525e-02
    1.06786579e-01 6.62525535e-01 8.37300539e-01 9.47188437e-01
    6.35835946e-01 5.37151814e-01 3.84787917e-02 2.51681447e-01
    3.36468637e-01 5.39901555e-01 2.65151024e-01 4.20613378e-01
    4.08414781e-01 4.63598728e-01 5.41334391e-01 5.99170446e-01
    7.04156220e-01 6.85202718e-01 4.92572188e-02 4.18289274e-01
    4.11279500e-02 7.90396929e-01 9.89181519e-01 5.16767979e-01
    4.13424909e-01 4.82139677e-01 9.39077795e-01 2.69305438e-01
    6.30245090e-01 1.44969314e-01 4.21020925e-01 2.00648129e-01
    5.04174471e-01 4.91679609e-02 2.12711751e-01 9.31383312e-01
    3.09543550e-01 8.91553283e-01 5.45714796e-02 6.44533217e-01
    9.87164617e-01 4.05672401e-01 1.19957626e-02 7.85939813e-01
    4.35640574e-01 9.87551808e-01 3.72420669e-01 6.21215761e-01
    4.96488571e-01 8.96810770e-01 2.73531616e-01 4.66947496e-01
    4.79218692e-01 7.10593760e-01 9.85829532e-01 5.78074932e-01
    5.49544811e-01 6.74588799e-01 3.54839057e-01 6.75456524e-02
    7.54638076e-01 8.97178888e-01 3.33783567e-01 2.90564597e-02
    7.79880524e-01 6.08231068e-01 8.01697135e-01 2.23166883e-01
    5.22745848e-01 6.84528232e-01 7.91175246e-01 9.36272621e-01
    5.65407157e-01 8.09389472e-01 1.42708123e-01 9.04982328e-01
    7.90881872e-01 3.44219804e-01 7.20117450e-01 6.35996938e-01
    6.73343837e-01 2.01608717e-01 7.85761893e-01 3.68341208e-02
    2.61036456e-02 9.60870802e-01 2.77712315e-01 6.33578300e-01
    1.47341132e-01 5.47697246e-01 4.59077865e-01 1.86182797e-01
    3.30137432e-01 7.88035572e-01 9.05497909e-01 9.88980412e-01
    9.68968749e-01 3.69227231e-01 7.63439536e-01 9.48732615e-01
    6.57074988e-01 2.33251214e-01 5.29569447e-01 6.03017569e-01
    3.51949424e-01 9.27685499e-01 9.14004087e-01 9.69928801e-02
    5.83185375e-01 5.46731710e-01 3.54839206e-01 5.03342986e-01
    7.51219690e-02 9.02657032e-01 6.46930575e-01 5.79501390e-01
    3.89487088e-01 2.44955271e-01 9.90590334e-01 7.45556712e-01
    3.27372253e-02 2.86397159e-01 8.97360444e-02 9.52161670e-01
    4.51609671e-01 4.58585918e-01 2.11535990e-01 4.07286763e-01
    2.75634736e-01 1.84381455e-01 3.72079790e-01 8.50131750e-01
    8.68498921e-01 1.34840399e-01 8.40901375e-01 1.37036115e-01
    6.30973339e-01 5.59681296e-01 4.69402611e-01 7.26390421e-01
    9.30699646e-01 7.18806922e-01 3.87538463e-01 7.65997648e-01
    4.10560250e-01 1.56248480e-01 5.11095941e-01 5.15799701e-01
    9.23343599e-02 2.86445439e-01 6.44981980e-01 7.30631471e-01
    4.20976281e-01 2.51221716e-01 5.67553282e-01 3.80548358e-01
    4.77711618e-01 6.33749306e-01 5.17068803e-02 4.69562411e-02
    9.59703565e-01 7.23093987e-01 9.80231941e-01 6.94311023e-01
    4.46857482e-01 3.06540519e-01 2.53180742e-01 9.12297130e-01
    7.49215245e-01 1.87225670e-01 5.59233963e-01 2.46342987e-01
    1.96846932e-01 2.44566947e-01 8.98355961e-01 6.98119342e-01
    4.11202967e-01 1.47758424e-02 5.49848378e-01 2.43677527e-01
    3.90517592e-01 3.37602019e-01 9.14583385e-01 4.24743176e-01
    8.11852694e-01 7.73401380e-01 3.95322561e-01 5.49903929e-01
    4.70709264e-01 7.12977409e-01 1.25469416e-01 1.82086229e-01
    9.71903682e-01 1.39826626e-01 9.71893430e-01 1.50070399e-01
    8.86193275e-01 9.62779760e-01 3.38371962e-01 1.18645847e-01
    9.68676567e-01 4.34597433e-01 7.11782098e-01 3.51921558e-01
    7.32744336e-01 8.75528157e-02 2.28751481e-01 2.02472687e-01
    3.28051984e-01 8.42202723e-01 1.01926178e-01 1.25309050e-01
    5.28841257e-01 2.52835751e-02 7.98180699e-03 2.58661777e-01
    7.51780868e-01 1.29772663e-01 1.27490669e-01 9.66185570e-01
    5.96994102e-01 2.54778743e-01 5.75949728e-01 2.74251997e-01
    6.79809034e-01 1.58472329e-01 2.16306657e-01 4.70304877e-01
    7.86134541e-01 7.48268783e-01 5.60944557e-01 4.43930060e-01
    5.49834788e-01 2.35389173e-02 9.90366578e-01 8.99335623e-01
    1.77689105e-01 9.27585721e-01 7.06072450e-02 2.96864986e-01
    8.80688727e-01 8.39723289e-01 8.28346312e-01 6.81240082e-01
    9.58227217e-01 8.04439425e-01 2.44037956e-01 9.04629230e-01
    8.35729122e-01 6.82015657e-01 3.17349255e-01 4.73284543e-01
    5.37915945e-01 6.04482174e-01 7.81149089e-01 4.60872799e-01
    2.13810861e-01 7.11954713e-01 4.15786028e-01 4.11001652e-01
    6.97481513e-01 6.19356453e-01 1.40183210e-01 6.83134377e-01
    8.48960161e-01 5.20799816e-01 7.51637936e-01 7.82684505e-01
    9.39119101e-01 2.12891728e-01 7.72693753e-01 7.38876700e-01
    3.54127705e-01 9.65951204e-01 8.41700315e-01 9.30793405e-01
    6.75962389e-01 7.22425520e-01 3.27523857e-01 3.52426678e-01
    3.85580301e-01 6.98019922e-01 4.82909411e-01 1.20033860e-01
    3.28614235e-01 4.52860296e-01 3.42247933e-01 4.56616551e-01
    7.21928656e-01 8.98793578e-01 7.38901258e-01 7.10383654e-02
    1.93364382e-01 4.98804033e-01 6.75225556e-01 1.67996109e-01
    3.93294692e-01 6.71365857e-02 6.90358102e-01 1.05243236e-01
    1.67486072e-01 9.65749860e-01 3.41315567e-01 1.27737582e-01
    7.22145081e-01 5.81330061e-02 1.64220840e-01 6.86711133e-01
    1.20128810e-01 5.24716079e-02 7.12946177e-01 7.32632518e-01
    2.66510069e-01 1.91114992e-01 3.27877402e-01 8.21034312e-02
    3.05844188e-01 3.47307116e-01 2.30217427e-01 7.52077758e-01
    3.63296211e-01 4.96488184e-01 5.20458519e-01 6.83033466e-01
    4.74750400e-01 4.54774290e-01 7.83940375e-01 7.77395129e-01
    6.78093135e-01 3.19396466e-01 4.40950096e-02 3.12957883e-01
    5.87079048e-01 2.80697525e-01 7.09904194e-01 4.95732397e-01
    1.36086613e-01 7.35830903e-01 3.65957946e-01 4.49132621e-02
    9.95227933e-01 9.19556379e-01 8.52325499e-01 5.28455377e-01
    5.86322546e-01 2.45489538e-01 8.59788716e-01 1.70189023e-01
    8.43853235e-01 1.33028150e-01 5.11808276e-01 9.80287552e-01
    4.73238558e-01 6.20310009e-02 8.79270434e-01 5.81289172e-01
    6.88379109e-02 2.65883625e-01 6.73469424e-01 1.23743773e-01
    7.89625764e-01 9.52590823e-01 9.76909518e-01 4.93114293e-02
    6.85899556e-01 4.36447501e-01 5.80891967e-02 9.88373220e-01
    8.55997205e-01 6.39148295e-01 6.87683702e-01 9.95172858e-01
    7.84152567e-01 4.71612692e-01 9.79452848e-01 2.15908587e-01
    2.96657085e-02 5.61740220e-01 8.71028543e-01 7.22082257e-01
    9.86980915e-01 1.23444140e-01 5.05277336e-01 4.35938537e-02
    3.88391912e-01 5.04173338e-01 2.23904043e-01 1.56208038e-01
    6.63901210e-01 4.57098365e-01 6.07147515e-01 5.77498674e-01
    7.65483499e-01 1.16387695e-01 9.87170756e-01 5.79196692e-01
    9.33221817e-01 6.46435320e-01 7.71612883e-01 3.89655888e-01
    2.23218501e-01 3.08824182e-01 2.85123944e-01 5.40993094e-01
    8.17753911e-01 4.78729576e-01 1.12908274e-01 3.14958811e-01
    2.06764489e-01 6.29860759e-01 2.57626653e-01 8.09203386e-02
    3.76001328e-01 1.50129586e-01 6.04036987e-01 1.13274157e-02
    9.76152420e-01 1.16166115e-01 8.12182307e-01 9.42279100e-01
    2.07820266e-01 3.67777675e-01 1.25156671e-01 7.83878207e-01
    1.14263296e-01 8.10910106e-01 1.20601714e-01 3.36932451e-01
    2.43687332e-01 8.23550105e-01 8.88069928e-01 4.25937980e-01
    4.83934253e-01 3.87291282e-01 1.14787072e-01 9.21194553e-01
    5.05211890e-01 7.65904367e-01 2.92104185e-01 7.52210617e-01
    6.95500612e-01 5.95884383e-01 1.41593009e-01 7.11540580e-01
    6.47996902e-01 7.41517842e-01 1.93312496e-01 5.47623038e-01
    6.29150510e-01 6.61528111e-02 6.25735462e-01 6.79050207e-01
    9.06041265e-01 5.34023821e-01 7.88579464e-01 5.03201127e-01
    8.64800692e-01 2.31792450e-01 3.02640259e-01 3.76393259e-01
    8.24033141e-01 1.85447305e-01 6.10685945e-02 8.58587742e-01
    3.31332535e-01 2.24481195e-01 3.96742553e-01 4.09891099e-01
    5.15264690e-01 3.41271818e-01 2.51677096e-01 4.64749157e-01
    7.16958702e-01 8.95408213e-01 3.93687457e-01 8.80920410e-01
    7.46283829e-02 3.31045687e-02 7.77942479e-01 5.27373552e-01
    7.86216259e-01 8.14440370e-01 3.41097623e-01 7.63529658e-01
    6.96511269e-01 9.95999098e-01 2.73114860e-01 6.10700965e-01
    7.43891120e-01 7.13644266e-01 8.52751732e-02 5.97021878e-02
    2.09627211e-01 5.21566868e-02 2.85464525e-03 9.13858891e-01
    9.12671924e-01 8.44053030e-01 6.16900623e-01 6.75815463e-01
    7.41357267e-01 9.90813076e-01 9.19693351e-01 1.12794697e-01
    8.27198923e-02 3.15030873e-01 6.83976173e-01 7.30802715e-01
    3.15053463e-01 3.95642132e-01 4.19133902e-03 6.72520280e-01
    1.28290564e-01 9.27851915e-01 2.24834621e-01 5.41853011e-01
    5.03230929e-01 6.09725595e-01 5.54384351e-01 8.94317627e-01
    9.62055683e-01 2.88371682e-01 3.71011317e-01 5.19065559e-02
    3.88606846e-01 5.87054014e-01 2.08555847e-01 1.40824139e-01
    3.27401102e-01 3.01587582e-01 4.53894466e-01 2.04976171e-01
    9.63637650e-01 4.85009134e-01 8.80217850e-01 6.38773620e-01
    7.49542654e-01 6.56677723e-01 6.65484607e-01 6.55847788e-01
    8.10624182e-01 7.02398300e-01 1.81462795e-01 5.55803895e-01
    8.35913420e-01 1.25348508e-01 1.56424582e-01 9.34139907e-01
    2.46505886e-01 7.48629093e-01 4.75231439e-01 6.32566154e-01
    6.64760888e-01 7.31113851e-01 3.37430239e-01 8.58664632e-01
    1.95435256e-01 2.87778556e-01 5.88788986e-01 6.65342033e-01
    5.63201666e-01 6.05804205e-01 1.35901570e-02 3.48283350e-01
    2.22952962e-01 7.62617707e-01 5.57069302e-01 6.57221198e-01
    6.53057516e-01 7.30559945e-01 5.92499077e-02 6.43490672e-01
    4.06451166e-01 1.85373753e-01 5.17061651e-02 6.38895690e-01
    4.04484868e-01 5.16062200e-01 1.99349225e-02 1.00046337e-01
    6.01442158e-01 8.19012225e-01 7.23785281e-01 2.29080975e-01
    6.71875238e-01 7.02857018e-01 2.24397987e-01 7.63159990e-03
    9.82546329e-01 7.96832800e-01 5.98745465e-01 8.30668747e-01
    5.19134164e-01 1.39240175e-01 1.34925604e-01 9.03996825e-01
    6.25177622e-02 9.99546826e-01 6.25388741e-01 9.32979524e-01
    2.67889470e-01 7.02452064e-01 1.17977738e-01 6.15505457e-01
    7.99095750e-01 8.47254753e-01 6.75432980e-01 1.73848361e-01
    3.94246757e-01 2.20353603e-01 9.35643733e-01 1.77339017e-02
    1.07487857e-01 8.86283517e-01 7.90730715e-01 5.51306963e-01
    7.72532165e-01 2.29932606e-01 4.38336879e-01 1.71204001e-01
    3.83321941e-01 2.57981062e-01 4.93984699e-01 7.89092422e-01
    7.12099791e-01 6.74416900e-01 8.77330065e-01 9.14271355e-01
    9.46772814e-01 8.87165964e-01 5.19258499e-01 4.53052282e-01
    1.52895480e-01 5.09989500e-01 8.25881541e-01 3.08078885e-01
    7.39991665e-04 3.59160691e-01 8.61428440e-01 7.47338235e-02
    9.68825877e-01 8.55102837e-01 7.65256643e-01 4.55993712e-01
    9.95345354e-01 1.77705288e-03 6.19228542e-01 3.78502190e-01
    7.70819306e-01 3.66570890e-01 8.40654850e-01 8.42982173e-01
    7.42463708e-01 8.40251982e-01 5.86963534e-01 5.06301045e-01
    4.58013713e-02 8.98890972e-01 9.14697409e-01 8.76258254e-01
    7.61639178e-02 6.17745757e-01 9.37314153e-01 8.64043713e-01
    8.92667055e-01 7.04742432e-01 3.74629706e-01 2.93538332e-01
    9.37313557e-01 9.55144703e-01 6.39779508e-01 6.45871878e-01
    4.82299685e-01 8.00119519e-01 2.44531810e-01 3.40538919e-01
    6.20843410e-01 5.56217551e-01 4.86368299e-01 4.40150052e-01
    5.93227625e-01 9.73859191e-01 2.10520208e-01 6.46414101e-01
    7.11449146e-01 2.85236657e-01 4.25629437e-01 2.63765335e-01
    1.12015218e-01 3.92710209e-01 2.13203609e-01 1.37977242e-01
    8.54110241e-01 9.27177668e-01 8.38264763e-01 1.92552805e-01
    1.25454694e-01 1.24650776e-01 9.12230372e-01 7.00023890e-01
    6.60280704e-01 3.84211183e-01 5.35652339e-02 1.17802382e-01
    1.07163548e-01 1.29429877e-01 4.30447459e-02 6.30064666e-01
    2.70441175e-03 1.43018782e-01 8.20838571e-01 5.08284271e-02
    6.62327230e-01 3.94323051e-01 6.58679426e-01 4.86518919e-01
    9.63377833e-01 5.07208347e-01 4.27335888e-01 4.06525075e-01
    1.88287377e-01 5.70585728e-01 1.92558467e-01 9.63726521e-01
    5.63127100e-01 5.35684228e-01 8.65125299e-01 1.16953045e-01
    5.57001412e-01 4.63294536e-01 3.96870136e-01 8.82164896e-01
    9.40263033e-01 7.99447775e-01 5.44051647e-01 4.63494390e-01
    7.25563049e-01 3.74676943e-01 7.82926440e-01 6.65368080e-01
    8.33031356e-01 6.65531218e-01 3.02530527e-01 8.31784129e-01
    7.28861630e-01 1.96651816e-01 7.52989888e-01 3.70314360e-01
    6.20311141e-01 5.63591778e-01 5.63270926e-01 2.84003675e-01
    6.26432836e-01 1.84863508e-02 3.60754013e-01 9.41839218e-02
    4.72280294e-01 6.41420305e-01 1.57625765e-01 2.03483671e-01
    4.34005022e-01 1.74080998e-01 1.72225535e-02 9.24388170e-01
    4.44743365e-01 6.83347285e-01 4.37154740e-01 8.62261951e-01
    8.39241743e-01 7.75352955e-01 9.57258463e-01 2.64684439e-01
    6.04607046e-01 5.48084676e-01 5.45420408e-01 1.61624163e-01
    5.22104144e-01 6.67521119e-01 3.84998471e-01 4.00703669e-01
    5.26984811e-01 9.01534200e-01 7.90266395e-01 2.09269762e-01
    4.80606794e-01 2.63883471e-01 5.55644929e-01 5.83008409e-01
    8.82632792e-01 3.03605795e-01 7.16773212e-01 4.96653587e-01
    9.37397361e-01 7.40936875e-01 4.29733962e-01 8.87840629e-01
    9.89596248e-01 2.86667049e-02 3.88193011e-01 1.12130642e-01
    5.77095628e-01 2.80164778e-01 6.12773895e-02 2.82354057e-01
    3.64031971e-01 2.62040496e-01 7.67588198e-01 4.41013217e-01
    1.33957595e-01 9.66842651e-01 6.58661008e-01 7.81924427e-02
    8.39824080e-02 2.30230838e-01 3.28975827e-01 7.13809550e-01
    8.63529742e-01 9.99595404e-01 5.60913503e-01 8.64483833e-01
    8.40063691e-01 3.09888691e-01 4.08809483e-01 4.19604301e-01
    2.05308557e-01 3.05803388e-01 1.00309610e-01 1.56112969e-01
    6.42407894e-01 1.42500788e-01 9.92269397e-01 2.56813884e-01
    1.50933415e-01 9.30627048e-01 2.13866234e-01 5.87509036e-01
    7.99841046e-01 7.19853461e-01 4.96658951e-01 9.81901169e-01
    4.61545587e-02 8.78429830e-01 2.57273734e-01 6.15015268e-01
    9.61371183e-01 3.96957785e-01 2.57617205e-01 4.02730703e-03
    4.63586807e-01 7.80281484e-01 2.77872860e-01 3.22536349e-01
    4.78933752e-01 1.06994629e-01 8.57331634e-01 9.25519586e-01
    2.40320683e-01 9.22341466e-01 4.98616129e-01 9.29938197e-01
    6.45312011e-01 4.66469765e-01 4.07735705e-01 3.62990201e-01
    8.97444069e-01 5.81444442e-01 2.76423514e-01 9.42068696e-01
    6.36076927e-01 7.20864296e-01 4.35517639e-01 9.37711954e-01
    2.35832274e-01 5.22051156e-02 6.62210882e-01 7.36317694e-01
    5.55107832e-01 2.96745002e-01 7.09073067e-01 7.50221372e-01
    7.74598718e-02 9.24703479e-01 3.12674046e-02 8.59438777e-01
    1.79510295e-01 4.85581726e-01 7.38279164e-01 4.74534363e-01
    3.95922184e-01 1.97665513e-01 5.99874139e-01 2.00113147e-01
    3.90086114e-01 4.57712084e-01 8.06158364e-01 1.67757332e-01
    7.68185496e-01 7.49029517e-01 9.95596051e-01 8.04610610e-01
    3.72790813e-01 4.05768633e-01 4.77272749e-01 9.97749686e-01
    7.72777200e-03 2.12808877e-01 7.58502364e-01 2.48401970e-01
    3.82819176e-01 7.23718226e-01 3.42694163e-01 2.00536132e-01
    6.32730126e-01 8.04579735e-01 8.82672191e-01 6.82257414e-02
    6.20847702e-01 5.78070581e-02 5.23426056e-01 4.93542105e-01
    3.18636596e-02 5.34496009e-02 8.14163387e-01 3.47361118e-01
    1.43423200e-01 3.35782439e-01 7.03055382e-01 9.29813862e-01
    4.04173434e-01 9.41759109e-01 2.14571446e-01 7.41449177e-01
    2.57542729e-01 4.70488787e-01 1.14740729e-01 5.15455008e-03
    1.50620461e-01 5.16250491e-01 4.80269194e-02 5.31195164e-01
    3.97951782e-01 2.66280949e-01 6.97402358e-02 3.26859325e-01
    7.47779667e-01 9.35446620e-01 6.37663722e-01 6.94778621e-01
    7.90273547e-01 2.98747838e-01 5.95128953e-01 9.18348730e-01
    6.47271276e-01 7.53958344e-01 8.58488262e-01 1.15948081e-01
    6.56287193e-01 6.22207582e-01 9.15056705e-01 2.04311520e-01
    9.12279367e-01 5.48813343e-01 8.43434095e-01 2.21601248e-01
    5.72158694e-01 9.14264679e-01 8.89471650e-01 6.53209984e-01
    1.76531017e-01 5.45395374e-01 1.38343662e-01 7.51730919e-01
    4.27952439e-01 8.07244778e-02 4.85955596e-01 6.83401704e-01
    5.07498980e-01 1.10920578e-01 8.79334688e-01 2.68296212e-01
    7.91245461e-01 7.54382193e-01 5.39327085e-01 5.29629409e-01
    2.33350784e-01 5.47558010e-01 4.11162734e-01 7.96655178e-01
    2.16155589e-01 3.23063314e-01 6.72748685e-03 1.89442635e-01
    1.40550286e-01 3.53403270e-01 3.89997035e-01 5.31791031e-01
    3.99806350e-01 3.84677351e-02 3.63599956e-02 2.44547248e-01
    7.28926659e-01 3.07302952e-01 4.62804794e-01 1.34491324e-01
    7.43352592e-01 4.74666655e-02 7.51934052e-01 2.42124677e-01
    1.60262674e-01 8.58647227e-01 8.11827600e-01 9.52474833e-01
    5.19229233e-01 8.85118604e-01 3.32323313e-01 2.13836998e-01
    6.76883221e-01 6.39696300e-01 2.98216343e-01 9.79587436e-01
    5.67742825e-01 3.47514868e-01 6.02810800e-01 6.86018765e-01
    4.26715672e-01 9.15133476e-01 7.75850832e-01 3.68653953e-01
    8.19902420e-02 9.91473377e-01 7.95870543e-01 6.36889815e-01
    3.57059836e-01 5.72701931e-01 7.19286323e-01 4.94170636e-01
    9.70332026e-02 8.32907081e-01 9.80519474e-01 2.49158889e-01
    1.46225661e-01 3.09210777e-01 2.66453743e-01 7.60868490e-01
    4.11527216e-01 4.39649165e-01 7.42036939e-01 9.90583777e-01
    4.45948839e-01 4.11680639e-02 4.51356173e-04 2.85931379e-01
    9.98005867e-01 5.40461540e-01 8.83434832e-01 3.08652848e-01
    1.85539663e-01 8.01899254e-01 4.08094078e-01 4.77240086e-02
    3.09855551e-01 6.08709335e-01 3.08515489e-01 2.54259169e-01
    7.70967364e-01 4.79858667e-01 9.93502855e-01 2.45908946e-01
    2.56441265e-01 1.91618115e-01 4.11530614e-01 7.30578721e-01
    1.85330629e-01 7.10755885e-02 9.50744569e-01 7.11617351e-01
    8.34369659e-01 8.52910161e-01 4.11601901e-01 5.04713178e-01
    3.45673025e-01 5.71172059e-01 4.93479013e-01 2.62855709e-01
    1.76929235e-01 4.13637578e-01 7.27574825e-01 4.62320447e-03
    6.51454270e-01 6.27003908e-01 1.11010671e-02 8.71982217e-01
    1.15181655e-01 2.33255804e-01 4.04114902e-01 3.93434376e-01
    1.95617586e-01 4.72207785e-01 8.00218225e-01 3.02859247e-01
    8.18252861e-02 4.68947738e-01 7.26271510e-01 2.00613409e-01
    1.14710897e-01 4.22822058e-01 7.82698274e-01 2.67910600e-01
    6.14727139e-02 9.14207458e-01 1.47057265e-01 6.00508928e-01
    2.06496179e-01 6.14500761e-01 4.65600014e-01 7.80433178e-01
    9.80141163e-02 2.48256862e-01 9.77657199e-01 8.34470510e-01
    3.90939146e-01 8.24082196e-01 3.42501223e-01 2.55495042e-01
    9.51459408e-01 4.79380339e-01 2.31527478e-01 3.23481321e-01
    5.96392751e-01 3.62669170e-01 1.76544517e-01 7.36326277e-02
    1.36043012e-01 7.80857265e-01 6.41856551e-01 5.57142138e-01
    3.57651532e-01 1.37425452e-01 7.01029062e-01 1.87313348e-01
    1.02805763e-01 5.48151195e-01 1.13412201e-01 2.44324923e-01
    9.63908732e-01 5.45114875e-02 8.95311117e-01 8.56385231e-01
    2.44586706e-01 4.08991814e-01 8.13636184e-02 2.03846246e-01
    9.96639013e-01 5.08248389e-01 8.87026012e-01 4.75290924e-01
    1.49073392e-01 2.31835604e-01 1.47795707e-01 3.33694637e-01
    5.40642977e-01 3.96061838e-02 3.07989895e-01 5.02827346e-01
    4.86992925e-01 3.76599133e-01 4.12720770e-01 4.76927340e-01
    8.61167312e-01 9.73996401e-01 7.84746110e-01 4.97010320e-01
    9.18366551e-01 2.52898097e-01 2.74000943e-01 8.77714157e-01
    6.37473345e-01 3.35626334e-01 2.49160409e-01 2.27796763e-01
    8.64119589e-01 1.91106915e-01 9.02006984e-01 2.25556940e-01
    1.49191618e-01 4.47893202e-01 6.20069802e-01 1.15260512e-01
    4.79493827e-01 7.98605323e-01 6.96249008e-01 3.21892172e-01
    1.35562986e-01 9.63950992e-01 1.31003559e-02 9.19555426e-02
    6.60414219e-01 7.67466545e-01 6.19004607e-01 1.16083771e-01
    1.55991226e-01 1.97773904e-01 7.27688313e-01 1.42300189e-01
    5.20194829e-01 2.68311679e-01 1.53383344e-01 3.09934318e-01
    1.04164213e-01 1.28716528e-02 2.89466560e-01 4.63932335e-01
    5.83365262e-02 7.84275711e-01 5.40301204e-01 1.35629028e-01
    9.17728245e-01 3.62111241e-01 6.30449355e-01 5.24002016e-02
    9.71407413e-01 2.77429789e-01 3.30702633e-01 8.81459355e-01
    4.32360202e-01 2.00763732e-01 5.93588293e-01 2.14023322e-01
    3.98938179e-01 4.51499969e-01 5.05999744e-01 8.17762017e-01
    1.13728702e-01 9.23412323e-01 9.03238416e-01 9.10532415e-01
    5.35347164e-01 5.64921498e-02 5.13216555e-01 1.90403789e-01
    5.67280054e-01 2.99739420e-01 9.60400224e-01 2.43604928e-01
    9.01624322e-01 8.67901087e-01 9.48557556e-01 5.75541675e-01
    5.54024279e-02 3.82624865e-01 5.27405977e-01 1.60537153e-01
    8.29456449e-02 6.81947827e-01 9.94607508e-01 6.06876373e-01
    8.34587872e-01 2.00167984e-01 2.62179136e-01 1.74444258e-01
    7.58602977e-01 5.29104233e-01 3.75338227e-01 9.49877679e-01
    9.62504983e-01 7.61540532e-01 5.57945013e-01 1.93123072e-01
    6.93006396e-01 2.26548433e-01 3.35649997e-01 7.56842494e-01
    5.20002961e-01 3.38339508e-02 4.55296576e-01 1.45638257e-01
    1.81135535e-01 9.04898763e-01 5.00443578e-02 6.55265093e-01
    6.86901927e-01 9.04583097e-01 9.83667254e-01 2.79033184e-01
    5.86409390e-01 2.22305089e-01 3.48524958e-01 2.44159549e-01
    8.18914533e-01 1.25484407e-01 1.63120121e-01 3.83862436e-01
    4.41126764e-01 1.15534097e-01 5.41554868e-01 1.21465415e-01
    2.38426447e-01 8.92750323e-01 8.19843709e-01 1.24496937e-01
    9.09514308e-01 8.07829380e-01 9.26443040e-02 8.74529004e-01
    2.82541037e-01 1.19017363e-02 9.16285634e-01 2.45151639e-01
    4.17693704e-01 5.26997387e-01 8.32218170e-01 1.23018861e-01
    8.14230978e-01 9.55257297e-01 4.25230742e-01 5.91025293e-01
    9.62570190e-01 2.01751888e-02 5.07520258e-01 1.67582750e-01
    6.19483292e-02 3.07532340e-01 3.29392612e-01 7.63154626e-02
    6.53350055e-01 2.29387164e-01 3.68587375e-01 3.43392640e-01
    1.43078327e-01 8.42349529e-01 3.51630121e-01 2.24490732e-01
    2.14916795e-01 6.40128553e-01 9.92922544e-01 1.42666131e-01
    4.91841435e-01 4.80260819e-01 7.08548307e-01 1.53933167e-02
    9.63737488e-01 8.88071716e-01 3.84373248e-01 9.38323736e-01
    2.55649984e-02 6.23325706e-01 4.91059601e-01 5.68268895e-01
    1.44364029e-01 7.48789907e-01 6.90933526e-01 1.74880356e-01
    3.51481497e-01 6.31164432e-01 5.00309348e-01 1.50540888e-01
    5.01044691e-02 1.47499293e-01 3.05166066e-01 5.90051532e-01
    8.13321948e-01 8.84651303e-01 5.76272130e-01 7.85968065e-01
    4.72721130e-01 5.66966593e-01 9.03515100e-01 9.41791177e-01
    2.48048931e-01 7.84363329e-01 3.08556885e-01 2.94058830e-01
    5.37182689e-01 8.78914893e-01 4.39151049e-01 8.03641081e-02
    4.17959720e-01 3.35980058e-01 2.66937017e-01 9.73511338e-02
    9.12149549e-01 1.88419342e-01 1.36494517e-01 4.98450935e-01
    3.84967029e-01 5.01999140e-01 6.62668049e-01 4.84277934e-01
    3.07087392e-01 6.41073465e-01 6.10026121e-02 2.00219452e-02
    6.16259694e-01 2.91024476e-01 6.40150964e-01 6.52720928e-01
    8.49484921e-01 3.10574114e-01 9.32282686e-01 2.30497122e-03
    8.38858962e-01 5.45793056e-01 4.37555164e-01 4.41863835e-01
    1.10510230e-01 5.42023242e-01 6.82950914e-02 6.52773440e-01
    2.26281226e-01 4.06419635e-02 5.45132220e-01 2.85553813e-01
    7.68370509e-01 6.72671735e-01 3.08759511e-02 4.08190548e-01
    7.75474191e-01 6.27346337e-01 1.36703432e-01 8.10443044e-01
    7.25479364e-01 4.47993577e-02 1.86899602e-02 1.00490957e-01
    1.85520887e-01 8.46071243e-01 4.53198344e-01 8.92670333e-01
    7.66935050e-02 6.62347317e-01 1.97392672e-01 7.77605772e-01
    2.12502003e-01 7.42915869e-02 1.42320246e-01 2.39591599e-02
    6.07887447e-01 7.43829370e-01 4.30426419e-01 2.27356881e-01
    8.65324378e-01 1.50992572e-01 5.43187737e-01 1.07526630e-01
    3.41724396e-01 7.68712759e-01 6.89507902e-01 9.64111984e-02
    7.77311087e-01 5.24988472e-01 8.28589797e-02 5.62164247e-01
    5.04803598e-01 9.26044941e-01 2.00462848e-01 5.85077167e-01
    2.30343252e-01 7.07681656e-01 3.26294303e-01 8.91629934e-01
    3.12443852e-01 2.44081199e-01 5.18509746e-01 9.29996610e-01
    8.95514369e-01 8.28316748e-01 2.84668475e-01 9.10171628e-01
    9.04650092e-02 1.89741790e-01 6.48917079e-01 3.08081985e-01
    6.44027174e-01 6.12593532e-01 6.61444902e-01 6.09808087e-01
    4.54313695e-01 1.24908656e-01 8.26459646e-01 8.19287539e-01
    6.59610093e-01 7.59625793e-01 5.07120967e-01 2.48871148e-02
    8.31175089e-01 3.38562131e-01 2.47216195e-01 9.11755085e-01
    7.80271053e-01 4.98724490e-01 5.73937118e-01 1.27124399e-01
    4.39755499e-01 6.78030968e-01 8.02570939e-01 2.15647519e-02
    1.61286473e-01 8.75733614e-01 9.89893138e-01 2.14862823e-03
    1.60378218e-03 2.32533306e-01 6.77834034e-01 4.20628250e-01
    6.47940874e-01 8.95782888e-01 4.99699712e-01 2.53510177e-02
    7.49729991e-01 5.87067902e-01 3.76319885e-03 6.74113333e-02
    4.37738180e-01 9.46857333e-01 6.84994340e-01 8.69626522e-01
    5.88744938e-01 8.27544391e-01 6.14889205e-01 2.57167220e-01
    7.71588802e-01 3.44498783e-01 3.43907654e-01 2.75880694e-01
    8.35867345e-01 1.51099741e-01 8.88045192e-01 1.35582387e-01
    8.06883454e-01 4.85271335e-01 3.46407890e-02 3.05934489e-01
    7.53912747e-01 1.12360269e-01 5.27044535e-01 5.40401995e-01
    7.04645157e-01 5.18436134e-01 4.66688186e-01 7.23281085e-01
    1.54087335e-01 1.52815729e-01 8.33117127e-01 7.77025521e-02
    4.91434336e-01 6.09791994e-01 9.81868804e-01 9.80245829e-01
    6.36538625e-01 6.19111776e-01 7.56887317e-01 1.10939473e-01
    3.09117138e-01 3.98251742e-01 6.98293328e-01 9.26733971e-01
    9.51783359e-02 8.49061131e-01 6.00766182e-01 3.06009531e-01
    7.93948650e-01 8.09988856e-01 5.86703420e-01 2.02094972e-01
    8.83539021e-02 7.05945849e-01 1.31280899e-01 1.17049605e-01
    6.92212105e-01 5.41920960e-02 2.23277509e-02 9.05611396e-01
    4.09096003e-01 8.10400128e-01 8.04228067e-01 9.44734812e-01
    7.60296941e-01 6.62780643e-01 4.29584235e-01 6.93028569e-02
    1.05065912e-01 6.07353032e-01 1.10042095e-02 4.02004600e-01
    5.40385902e-01 7.32722282e-01 8.65112901e-01 7.42286503e-01
    6.39296234e-01 3.45589936e-01 5.85034192e-02 4.47279215e-01
    4.06277657e-01 4.30362821e-01 3.43470424e-01 7.21808016e-01
    9.08499599e-01 6.42629504e-01 3.15953285e-01 3.75840068e-02
    9.02584493e-01 1.21200323e-01 3.93715352e-01 6.76838994e-01
    5.17205179e-01 4.45049644e-01 7.29748249e-01 8.84934783e-01
    7.81724751e-02 1.74711376e-01 5.85217953e-01 3.18843365e-01
    7.27707922e-01 5.41376114e-01 5.68427324e-01 8.43299985e-01
    4.94844437e-01 2.05062330e-01 4.00182962e-01 2.75513202e-01
    8.87675524e-01 7.02412188e-01 8.88907969e-01 8.46940160e-01
    7.85325170e-02 4.32939708e-01 9.42464232e-01 2.90088624e-01
    5.53833544e-01 1.63372099e-01 1.84505224e-01 9.30404305e-01
    5.52318692e-01 6.34876192e-01 8.26734006e-01 1.05239451e-02
    4.17931736e-01 3.20551157e-01 5.80252409e-01 1.71449274e-01
    1.11879885e-01 5.11126041e-01 9.66856718e-01 5.81573844e-02
    9.52442884e-02 4.97157782e-01 2.49057978e-01 8.47022951e-01
    4.45261717e-01 9.96429443e-01 6.42474174e-01 7.20055044e-01
    8.03283095e-01 3.57607037e-01 9.32013750e-01 1.58469886e-01
    6.71128154e-01 6.41602159e-01 4.29142386e-01 2.81942070e-01
    3.36464256e-01 3.11050832e-01 5.38390458e-01 9.60068583e-01
    7.74721384e-01 5.78606725e-02 6.03950977e-01 2.31538862e-01
    4.31996673e-01 6.09532773e-01 6.93885624e-01 3.55367541e-01
    6.26436770e-01 7.62727618e-01 9.88137484e-01 1.71475410e-01
    5.67383230e-01 6.40647054e-01 6.76278532e-01 7.07523346e-01
    9.07287896e-01 9.56995487e-02 1.18304789e-02 4.82438475e-01
    5.51745594e-01 4.18160766e-01 1.77285075e-01 7.65887558e-01
    3.60819131e-01 6.00590229e-01 2.05520689e-01 6.45481884e-01
    4.98708814e-01 5.04152596e-01 3.76331568e-01 8.20816755e-02
    8.26940060e-01 5.37021697e-01 3.52653563e-02 1.29021436e-01
    3.51141572e-01 5.24519384e-01 9.89564300e-01 3.47751856e-01
    1.26478076e-01 1.65223032e-01 8.91371369e-01 4.72537458e-01
    8.55503738e-01 1.28573716e-01 4.73817050e-01 1.23846233e-01
    8.34612072e-01 7.15627015e-01 2.64584422e-01 8.90495300e-01
    1.78913206e-01 8.29453528e-01 3.36977422e-01 5.06757736e-01
    1.37672186e-01 1.38152421e-01 2.19984353e-01 6.24460936e-01
    5.04547000e-01 8.39771092e-01 5.58253407e-01 6.83246613e-01
    6.14984691e-01 6.89546585e-01 5.87070704e-01 3.11626256e-01
    2.80214518e-01 8.85101199e-01 8.92748356e-01 7.59828329e-01
    8.21661115e-01 6.62732720e-01 8.37320805e-01 5.26754081e-01
    9.10010099e-01 4.96790230e-01 7.29552448e-01 7.03659654e-03
    3.60148758e-01 4.14390624e-01 9.95642304e-01 7.47365236e-01
    8.36568952e-01 3.46724212e-01 5.35033941e-01 9.78927791e-01
    2.20785469e-01 7.07433760e-01 3.13988626e-01 6.99616432e-01
    5.73737860e-01 4.53392744e-01 1.91513240e-01 1.52223796e-01
    3.58064771e-01 2.05631495e-01 2.53023148e-01 4.18790698e-01
    8.83726001e-01 7.67083168e-02 9.33274627e-02 6.32954836e-01
    6.20907128e-01 3.16839695e-01 4.55470562e-01 7.55010903e-01
    4.10840213e-02 1.78487539e-01 6.13099933e-01 4.54958379e-02
    6.89218640e-01 5.85162103e-01 1.16080165e-01 6.88831210e-01
    2.21328884e-01 7.48414516e-01 2.27023959e-01 7.21902549e-01
    4.96387959e-01 2.18962371e-01 2.03319728e-01 5.47540963e-01
    1.70005322e-01 8.94447267e-02 1.79749727e-03 7.60112882e-01
    2.99683511e-01 7.42521286e-01 8.60525489e-01 3.55718136e-01
    1.09592885e-01 5.43508410e-01 8.50323498e-01 5.18678963e-01
    1.67554706e-01 7.86612034e-01 5.16926050e-02 4.39558595e-01
    8.84807944e-01 7.70267904e-01 1.13256156e-01 4.72176254e-01
    6.77426100e-01 8.95883083e-01 9.94502485e-01 6.86464429e-01
    1.47542208e-01 2.56393015e-01 3.88132751e-01 4.28299099e-01
    9.80317116e-01 5.67714989e-01 5.96907735e-01 4.50169057e-01
    2.31516153e-01 4.91805553e-01 6.31365240e-01 7.85228729e-01
    7.16666818e-01 7.75511801e-01 7.39252150e-01 2.64140218e-01
    8.49374175e-01 7.36994445e-01 3.13262999e-01 9.31849778e-01
    1.21010542e-02 4.78376240e-01 8.62524152e-01 2.13256627e-01
    7.76947856e-01 6.15839601e-01 5.74119806e-01 1.17627978e-01
    2.40954429e-01 2.54295379e-01 5.79711080e-01 4.78692710e-01
    6.79172516e-01 9.39690351e-01 3.38203371e-01 8.66739988e-01
    4.22186822e-01 6.31744146e-01 3.76423299e-01 2.08618879e-01
    9.28901911e-01 1.71712041e-01 9.86849666e-01 1.78569257e-01
    6.64858699e-01 6.67173326e-01 3.85726720e-01 8.18871975e-01
    7.46031642e-01 9.93233204e-01 4.62957054e-01 2.13683933e-01
    5.60999393e-01 4.80508268e-01 6.18116260e-01 8.96793246e-01
    5.58654964e-01 6.10936642e-01 3.54984134e-01 8.88288260e-01
    3.43564570e-01 8.61562610e-01 5.69987893e-02 7.74593592e-01
    1.89377367e-02 4.04857278e-01 1.94972754e-01 5.57646632e-01
    1.02969170e-01 5.02301455e-01 3.64065081e-01 5.97262502e-01
    9.09645259e-02 9.08108950e-01 7.58596659e-02 5.05744517e-02
    7.44401395e-01 5.82148969e-01 3.33522916e-01 4.32909846e-01
    8.65763962e-01 2.53913879e-01 3.28112483e-01 3.92155707e-01
    5.27126193e-01 1.58089399e-03 4.80944991e-01 1.84373736e-01
    2.34452218e-01 6.73976779e-01 2.21543640e-01 9.47554946e-01
    1.06753051e-01 3.15259755e-01 6.90712750e-01 6.53295457e-01
    9.00569916e-01 7.65265346e-01 8.27430964e-01 4.99625921e-01
    7.88182139e-01 5.11181295e-01 4.87596482e-01 2.62638032e-02
    4.69596744e-01 1.73976392e-01 2.61422843e-01 7.78829634e-01
    1.93278134e-01 6.88795805e-01 6.15854621e-01 5.79589486e-01
    3.79389942e-01 4.32678759e-02 3.28071982e-01 9.37316120e-02
    6.71998978e-01 7.54269242e-01 3.04464877e-01 3.54292661e-01
    4.60331261e-01 7.30051041e-01 3.07686985e-01 9.35441732e-01
    6.69703484e-01 2.30656654e-01 5.13624907e-01 5.83125234e-01
    4.22835380e-01 8.19567800e-01 8.72156620e-01 8.42867374e-01
    1.55052722e-01 1.18090361e-01 2.57827044e-02 2.64300168e-01
    1.20244801e-01 5.42682171e-01 4.07862276e-01 9.83110130e-01
    8.29415500e-01 3.58167827e-01 3.96597207e-01 5.13892651e-01
    4.21073139e-02 6.73980474e-01 2.92343855e-01 6.47368491e-01
    1.88897252e-02 1.87170804e-02 4.01179194e-01 4.10798013e-01
    2.56425381e-01 6.99236751e-01 9.13561106e-01 7.07639992e-01
    4.88324106e-01 5.51569641e-01 4.32774633e-01 3.86677533e-01
    8.10618639e-01 9.32263970e-01 3.14620495e-01 8.06831598e-01
    4.26935166e-01 4.82195318e-02 7.32114553e-01 1.41394228e-01
    2.64115542e-01 5.79468369e-01 6.95035219e-01 2.44586021e-01
    3.73452365e-01 6.05053902e-02 9.68667984e-01 5.38734436e-01
    2.87107766e-01 4.64247823e-01 9.03015852e-01 7.52908111e-01
    6.80611134e-02 2.17756003e-01 5.09050131e-01 6.96412385e-01
    3.65595579e-01 6.60678267e-01 3.92764807e-02 4.33458507e-01
    6.34063363e-01 9.38849449e-01 9.29512262e-01 3.88304621e-01
    6.84557378e-01 9.53616738e-01 7.72163868e-01 6.08407855e-01
    3.99184287e-01 7.43833482e-02 9.66104388e-01 3.10202420e-01
    3.14580202e-01 3.66337001e-02 5.14302909e-01 5.34735322e-01
    3.75666916e-02 8.51719975e-01 3.76790404e-01 2.38555282e-01
    7.92719603e-01 4.57943141e-01 3.79181206e-02 3.82252991e-01
    9.14379001e-01 9.42749202e-01 6.17525220e-01 6.05660021e-01
    7.18850493e-01 9.47769761e-01 5.90565443e-01 1.37073576e-01
    6.78372979e-02 4.98525709e-01 4.83241439e-01 4.50971603e-01
    5.82566857e-02 8.92207921e-01 7.75052071e-01 9.22397256e-01
    6.84554338e-01 7.54169583e-01 5.64734578e-01 1.44891024e-01
    5.22047579e-01 7.30740428e-01 5.01687229e-01 2.81850398e-01
    9.52432096e-01 7.16138482e-01 2.60083616e-01 2.93883622e-01
    1.08285546e-01 9.42181110e-01 6.45039678e-01 8.08525920e-01
    2.22675145e-01 5.76417387e-01 4.39548939e-01 3.80400717e-02
    8.59755576e-02 3.11338991e-01 8.56503665e-01 5.81654906e-03
    8.03629041e-01 6.75376415e-01 8.17981005e-01 1.60986423e-01
    5.68026006e-01 5.89783430e-01 4.64218616e-01 9.29989994e-01
    4.77843791e-01 5.05113423e-01 9.26510572e-01 2.15542525e-01
    1.61680907e-01 2.54586577e-01 7.23326325e-01 1.22172594e-01
    2.14662731e-01 3.96617919e-01 1.43578231e-01 3.12548399e-01
    5.16300976e-01 8.63220692e-01 3.92982364e-03 5.14884353e-01
    4.06277686e-01 5.28874815e-01 5.47925711e-01 6.84242070e-01
    5.82296669e-01 8.25538933e-02 7.35574484e-01 6.37632012e-01
    3.84112239e-01 4.01702762e-01 5.75068951e-01 7.76240230e-02
    8.69575918e-01 2.67008066e-01 5.17645538e-01 4.44635779e-01
    5.14707685e-01 7.20538616e-01 4.35239315e-01 1.10067993e-01
    9.76978838e-01 1.04694128e-01 1.42414004e-01 8.36877227e-01
    7.08759606e-01 1.83384538e-01 8.98518085e-01 3.96842808e-01
    2.94142693e-01 6.99486732e-01 1.90713435e-01 6.62700236e-01
    4.03240263e-01 5.75850904e-02 7.14035571e-01 1.26716346e-01
    9.56537724e-01 8.40705335e-01 5.63119888e-01 1.84310257e-01
    4.92382854e-01 8.53669167e-01 9.36874866e-01 9.69673514e-01
    6.37761593e-01 4.80359375e-01 2.96479583e-01 7.78460860e-01
    9.31954086e-01 3.78225923e-01 4.53335822e-01 7.52494454e-01
    6.18930519e-01 5.06949782e-01 8.57838035e-01 5.72814822e-01
    1.70708954e-01 5.45488536e-01 9.89849567e-01 4.66687500e-01
    1.51264876e-01 5.81505060e-01 7.95057356e-01 8.63958716e-01
    2.40734726e-01 5.47714353e-01 5.81985712e-01 6.21682525e-01
    9.67410445e-01 4.49123502e-01 7.12809741e-01 2.04014182e-02
    5.05549848e-01 2.07559884e-01 8.76614451e-03 6.38217390e-01
    8.30309808e-01 3.59173357e-01 8.87587726e-01 9.73246634e-01
    8.26107085e-01 2.40925193e-01 8.85428011e-01 8.05121183e-01
    7.97192931e-01 4.86849457e-01 7.07847536e-01 9.00580287e-01
    1.45695329e-01 4.82042551e-01 1.16982877e-01 8.08309317e-01
    9.12826657e-01 3.41827393e-01 1.05508387e-01 5.79394400e-02
    8.63474131e-01 4.98899549e-01 6.89377308e-01 5.46938717e-01
    8.40097785e-01 5.39816320e-01 2.85418779e-01 1.18328333e-01
    3.48963499e-01 2.28645116e-01 1.81613714e-01 1.22352213e-01
    8.15969586e-01 6.19085312e-01 9.90272641e-01 8.59747767e-01
    4.20405805e-01 8.21841955e-01 9.28446174e-01 8.23727369e-01
    6.93677664e-01 3.38909417e-01 2.39127666e-01 2.35934168e-01
    7.46313930e-01 6.01211309e-01 6.54707491e-01 1.50800318e-01
    3.54684174e-01 6.72254086e-01 1.75858945e-01 6.62448287e-01
    1.89941853e-01 8.03787708e-01 7.65030622e-01 9.37100172e-01
    3.15683722e-01 7.72607982e-01 7.42982090e-01 2.21346796e-01
    2.36500740e-01 7.63372123e-01 5.09602726e-01 7.98090696e-01
    2.04324841e-01 3.81495506e-01 1.47107273e-01 4.29483652e-01
    1.04137361e-02 8.16116810e-01 9.34673846e-02 9.96974170e-01
    7.12216139e-01 7.84305334e-02 2.56522149e-01 6.05191410e-01
    2.78949738e-05 1.17736548e-01 2.74070054e-01 9.35452342e-01
    9.78658915e-01 4.77371991e-01 3.02088082e-01 6.49379790e-01
    8.77874255e-01 3.67912591e-01 8.94314051e-01 9.82159257e-01
    2.92065024e-01 3.78305793e-01 3.20651114e-01 9.86666441e-01
    6.72528028e-01 9.67499137e-01 6.58734679e-01 7.79446006e-01
    8.14576149e-01 6.87483668e-01 6.53924644e-01 8.84667397e-01
    2.80385226e-01 4.91231620e-01 1.87039495e-01 7.63537049e-01
    5.24682879e-01 9.33286965e-01 4.97677654e-01 6.01580739e-03
    2.59636760e-01 5.25484979e-01 1.28893822e-01 9.75492835e-01
    2.08676547e-01 7.04909086e-01 8.31805348e-01 2.92030990e-01
    4.86675769e-01 7.87960291e-01 9.72169220e-01 9.91845489e-01
    4.26613361e-01 4.43570316e-02 6.75711811e-01 1.74485326e-01
    6.06684804e-01 4.20640260e-01 4.10113573e-01 2.38114566e-01
    1.56380653e-01 4.24878895e-02 9.82175946e-01 3.69462490e-01
    5.29961467e-01 1.71733081e-01 3.41582298e-02 3.06949615e-02
    5.10570705e-01 3.14718366e-01 3.58939111e-01 3.92276853e-01
    2.38739997e-01 4.39690799e-01 6.77297235e-01 1.77715331e-01
    1.42980993e-01 3.11829031e-01 5.36782205e-01 9.61827219e-01
    7.80311882e-01 4.02257144e-02 8.43591332e-01 6.50683045e-03
    6.68282270e-01 7.08916545e-01 6.02380931e-01 4.92492676e-01
    5.00176847e-01 8.63441646e-01 7.71726489e-01 4.74590600e-01
    9.52126026e-01 6.91799581e-01 5.56741893e-01 5.55034161e-01
    7.76034176e-01 2.59326875e-01 8.51499081e-01 9.38883305e-01
    2.98798740e-01 1.92543834e-01 6.52326345e-02 2.21973091e-01
    3.51026475e-01 4.57848102e-01 9.24613357e-01 5.97468495e-01
    3.25014591e-01 7.67364204e-01 7.60355115e-01 9.43252206e-01
    5.55572331e-01 9.59779620e-01 5.84871531e-01 6.38684154e-01
    2.96617717e-01 9.98762608e-01 3.24503601e-01 9.84221339e-01
    3.64108503e-01 2.31491178e-01 2.52638459e-02 7.00491309e-01
    6.07831359e-01 4.64166641e-01 5.80383301e-01 7.45722115e-01
    5.85316062e-01 9.76762533e-01 5.52886248e-01 3.40696454e-01
    7.90688336e-01 9.75110888e-01 7.69173026e-01 8.82631958e-01
    4.72782552e-02 3.30164433e-01 5.14891386e-01 9.98581111e-01
    8.24646831e-01 4.02738184e-01 7.57793009e-01 9.86701846e-01
    7.82587826e-02 2.91247964e-01 2.40049899e-01 8.61875176e-01
    7.59787083e-01 2.68725276e-01 9.06917453e-01 1.70721799e-01
    6.21352315e-01 1.35909140e-01 6.46146178e-01 1.68914288e-01
    9.30911362e-01 7.61233091e-01 9.60940480e-01 9.84540105e-01
    9.26362038e-01 9.78646755e-01 5.01566291e-01 4.68890697e-01
    5.09127557e-01 9.40183103e-01 6.09423459e-01 4.12953347e-01
    3.41135919e-01 5.19621491e-01 9.00370538e-01 6.52524829e-02
    1.16552740e-01 9.87529397e-01 5.30411601e-02 7.25030303e-01
    4.60842341e-01 6.63536608e-01 3.62237692e-01 1.02517992e-01
    7.64858603e-01 1.54327005e-01 5.38822293e-01 6.17225766e-01
    2.76230156e-01 8.36436749e-01 9.50499177e-02 4.48012650e-01
    1.01030588e-01 6.25178695e-01 7.91486502e-02 1.65338814e-01
    8.19457650e-01 5.33672810e-01 5.57636499e-01 9.83093381e-02
    2.45925486e-02 9.21746790e-01 8.41821551e-01 7.02132523e-01
    2.27114856e-02 9.85593796e-02 4.20679152e-01 6.61980629e-01
    8.35907936e-01 5.09697199e-02 9.86570358e-01 1.82962984e-01
    3.77472639e-01 3.73664886e-01 1.15723073e-01 1.42284155e-01
    8.96398783e-01 2.70544350e-01 6.00837171e-02 1.85539663e-01
    4.68673438e-01 3.49458694e-01 2.76095569e-01 5.15715420e-01
    8.12929511e-01 3.66150379e-01 2.71178782e-02 4.17940021e-02
    3.11711431e-02 8.47365141e-01 7.01797545e-01 3.97996724e-01
    6.12389624e-01 3.09717059e-01 2.40480572e-01 4.65611160e-01
    3.26191723e-01 6.49874449e-01 4.37076598e-01 5.21852195e-01
    9.37372446e-04 1.78530693e-01 7.20369041e-01 8.25195789e-01
    4.21272039e-01 7.16502130e-01 2.89387405e-01 8.41667295e-01
    8.31024945e-01 5.03210902e-01 5.10503888e-01 5.11253893e-01
    2.50742942e-01 9.19620275e-01 4.11495328e-01 5.48895717e-01
    9.69756246e-02 3.05901319e-01 7.20036149e-01 8.05099368e-01
    7.43518114e-01 6.62822723e-01 5.85813165e-01 7.58766234e-02
    3.94966781e-01 2.54573405e-01 1.96563840e-01 9.80216146e-01
    1.77404612e-01 7.62218595e-01 5.87007940e-01 5.92834771e-01
    2.52735615e-03 9.00527954e-01 2.12648749e-01 1.61647141e-01
    4.41327095e-02 6.79946184e-01 7.32910931e-01 7.94635057e-01
    9.76625979e-02 5.85778177e-01 1.22482598e-01 6.00160360e-01
    8.83992136e-01 4.12411869e-01 2.87630558e-02 6.88906670e-01
    5.49320161e-01 2.87737310e-01 4.07623947e-01 4.94863987e-02
    7.05686569e-01 4.37282383e-01 9.15976703e-01 3.23114425e-01
    2.81163156e-01 7.44596660e-01 4.73095775e-01 8.94573629e-02
    6.98449612e-01 5.74299097e-01 4.80670512e-01 9.42838371e-01
    8.27295184e-01 3.91456753e-01 3.20810437e-01 7.88263798e-01
    2.49749631e-01 5.48652530e-01 5.90734959e-01 5.73837399e-01
    1.51597738e-01 1.02232993e-01 6.67734504e-01 7.64343262e-01
    6.98578000e-01 4.46710020e-01 3.42315674e-01 2.46037215e-01
    7.71847069e-02 2.75944948e-01 9.78564084e-01 8.40389132e-02
    3.16033691e-01 6.67090297e-01 7.36731827e-01 1.29120469e-01
    2.13033915e-01 6.17920339e-01 5.74191213e-01 8.10960710e-01
    6.92369640e-01 8.74470055e-01 2.84953564e-01 3.69943798e-01
    6.85910285e-01 1.94465101e-01 8.28613400e-01 7.24789500e-01
    4.31283772e-01 5.48750818e-01 7.62529492e-01 3.93378824e-01
    5.64038217e-01 6.27855182e-01 8.59068871e-01 6.70565665e-02
    2.19556332e-01 9.58498001e-01 5.54533899e-01 4.74723965e-01
    3.34998965e-01 5.02644718e-01 3.36760283e-01 9.52306509e-01
    3.69885445e-01 5.65734208e-01 5.64439833e-01 6.12830758e-01
    9.00619030e-01 1.16579413e-01 5.57307601e-02 1.42062545e-01
    9.08512652e-01 5.48190236e-01 1.08259171e-01 2.59527802e-01
    6.99258208e-01 9.28551435e-01 5.17645001e-01 7.98471093e-01
    6.11385703e-01 5.61499655e-01 9.82361317e-01 8.30682278e-01
    1.55354649e-01 5.60542107e-01 3.75681520e-02 3.37411046e-01
    2.77629137e-01 4.04084384e-01 2.65705824e-01 8.74503851e-02
    2.96336770e-01 1.06336355e-01 5.86595476e-01 7.55388737e-02
    7.65475869e-01 3.60152066e-01 1.03249609e-01 2.33591259e-01
    6.71699286e-01 6.87190056e-01 8.44929576e-01 5.83359659e-01
    9.66779768e-01 7.91872442e-02 6.24053180e-02 7.00605452e-01
    5.07869482e-01 8.99947584e-02 5.90783656e-01 7.54101396e-01
    3.34853411e-01 7.57505298e-01 3.70978892e-01 8.72300982e-01
    8.04263055e-01 7.74170995e-01 5.29194057e-01 1.69728845e-01
    6.45530641e-01 1.85892075e-01 9.22700465e-02 3.16245168e-01
    3.28238249e-01 9.30696487e-01 1.17464691e-01 2.11694777e-01
    4.82810289e-01 3.66569817e-01 4.12412584e-02 5.89366078e-01
    1.94466174e-01 2.51780003e-01 3.27838600e-01 2.21975654e-01
    1.61845148e-01 6.26489758e-01 9.67090011e-01 5.11851609e-01
    9.81602311e-01 8.11849117e-01 6.74299002e-02 6.53127968e-01
    7.96080709e-01 6.50801659e-02 6.45041466e-01 5.69167376e-01
    6.29709423e-01 9.69660819e-01 4.80912536e-01 3.10239494e-02
    7.52156377e-01 3.99027377e-01 1.51443034e-01 7.27601111e-01
    9.75109339e-01 8.46307993e-01 7.37419903e-01 7.13870347e-01
    2.79822052e-02 8.06414366e-01 2.72932649e-01 6.51893258e-01
    6.84622526e-02 2.58960068e-01 7.06552744e-01 2.63746947e-01
    3.91975641e-01 9.37303066e-01 4.10225749e-01 6.73783422e-01
    3.41177315e-01 5.23558021e-01 7.21460342e-01 9.86398399e-01
    9.64743197e-02 3.67714971e-01 7.79020488e-01 8.24625134e-01
    7.92412758e-01 5.42270958e-01 3.49156708e-01 6.77209973e-01
    4.75789070e-01 9.09771800e-01 1.59320325e-01 2.06675261e-01
    3.89674187e-01 6.00600660e-01 5.97325087e-01 2.46989548e-01
    7.03360319e-01 7.05666840e-02 2.50471771e-01 8.00837398e-01
    4.19538260e-01 6.62453532e-01 9.43601608e-01 7.12072849e-03
    9.41662312e-01 6.59179807e-01 7.19536185e-01 1.17427915e-01
    9.33172584e-01 6.18386030e-01 6.90327227e-01 9.53128576e-01
    2.25528985e-01 1.08025968e-02 4.48047459e-01 8.91844213e-01
    4.48564321e-01 8.23054552e-01 3.80594105e-01 9.14368868e-01
    5.78422487e-01 8.73133063e-01 4.18670535e-01 8.56532335e-01
    8.54196846e-02 9.09512103e-01 3.03052545e-01 1.69379026e-01
    9.92431998e-01 2.92312682e-01 1.85566157e-01 9.97875333e-01
    3.81814539e-02 8.23907197e-01 9.12449837e-01 4.50595289e-01
    8.55784416e-01 7.84138739e-02 3.70515794e-01 5.37170231e-01
    4.76163745e-01 8.83675933e-01 7.16206253e-01 2.35731393e-01
    9.48366582e-01 3.63659084e-01 5.30493736e-01 7.07087159e-01
    5.80795944e-01 1.81417704e-01 3.07091743e-01 5.13395607e-01
    3.28913450e-01 8.38851571e-01 1.28544480e-01 3.57125401e-02
    6.01152241e-01 1.05246782e-01 2.98669636e-01 4.15126383e-02
    4.44973975e-01 9.03005838e-01 8.98996055e-01 3.94629836e-01
    3.11609954e-01 6.77138805e-01 8.00385356e-01 6.36499047e-01
    3.23292017e-02 5.66243172e-01 9.00640965e-01 2.82882094e-01
    9.82917666e-01 6.43354893e-01 9.86157417e-01 7.40540683e-01
    6.50814295e-01 8.94291162e-01 2.66367495e-01 4.98086840e-01
    3.18799198e-01 6.52460158e-01 2.65465677e-02 2.37812400e-01
    8.84831727e-01 3.38062048e-01 5.90753913e-01 6.23478711e-01
    7.29926050e-01 8.82015228e-02 3.96057814e-01 1.86231166e-01
    6.27086282e-01 7.79644430e-01 8.82460952e-01 3.75956714e-01
    3.52817774e-01 5.17158926e-01 8.99206400e-01 4.53663826e-01
    7.98879862e-01 9.87593532e-01 4.76102471e-01 6.31139994e-01
    2.20912308e-01 5.16476095e-01 8.44741702e-01 9.36679244e-01
    5.36836088e-01 9.79353309e-01 9.96185541e-01 8.39739323e-01
    2.08963752e-01 1.40984982e-01 2.75814801e-01 3.94988686e-01
    1.86550021e-02 4.92308080e-01 5.56457281e-01 1.66998029e-01
    8.61087322e-01 3.29025894e-01 3.44684124e-01 3.26245904e-01
    8.49121571e-01 5.98786771e-01 8.94239128e-01 4.84078258e-01
    8.13414693e-01 4.16604578e-01 4.43094671e-01 7.39736855e-01
    7.50372708e-02 8.32329154e-01 4.82262164e-01 2.34235823e-02
    2.25459039e-02 8.06455016e-01 1.06636435e-01 2.54123896e-01
    8.47710609e-01 5.24246395e-01 3.48166734e-01 7.34606326e-01
    8.65371406e-01 1.19593740e-03 7.62323141e-02 1.56770051e-02
    3.41881573e-01 2.18928427e-01 3.76910359e-01 8.10125291e-01
    1.01475686e-01 6.04352534e-01 2.72033751e-01 3.24787915e-01
    5.66500247e-01 8.89811397e-01 9.96726871e-01 7.44141817e-01
    8.13956738e-01 2.22901404e-02 9.18442011e-01 8.07534695e-01
    2.45176852e-01 6.86411083e-01 1.17959291e-01 4.50737923e-01
    1.80746019e-01 3.43899816e-01 6.80168450e-01 8.86941552e-01
    1.78108335e-01 8.39440525e-01 3.57000768e-01 2.10900605e-01
    1.12383753e-01 1.01255417e-01 8.52848589e-02 3.98837239e-01
    9.91660655e-02 6.41813278e-02 6.91997468e-01 4.40010726e-01
    2.28668720e-01 8.36945713e-01 6.51230633e-01 8.51740837e-02
    2.42852747e-01 9.85362828e-02 1.73089892e-01 3.94736379e-01
    9.58633065e-01 4.08928663e-01 7.10205793e-01 9.85733867e-01
    5.33118069e-01 8.01876187e-01 9.85929608e-01 8.21293831e-01
    4.66658175e-02 8.55775714e-01 4.15260285e-01 2.46031821e-01
    6.48822546e-01 9.02117729e-01 9.95990872e-01 2.74730355e-01
    8.80365372e-02 2.83275902e-01 1.53218865e-01 6.02963686e-01
    9.39458966e-01 3.98941398e-01 9.21315372e-01 2.83019185e-01
    2.23178655e-01 8.31575155e-01 6.23732209e-02 3.43691111e-02
    7.99603105e-01 4.75233257e-01 2.92510152e-01 2.71827668e-01
    7.46521711e-01 6.61791801e-01 5.89271903e-01 9.11485434e-01
    9.73377228e-01 1.07496113e-01 7.12598741e-01 7.11961687e-01
    6.53931618e-01 3.02144349e-01 6.79476261e-01 5.62728107e-01
    1.53788388e-01 4.29007411e-02 7.42915213e-01 1.82818443e-01
    9.34971571e-02 3.05800259e-01 1.15090281e-01 8.33261132e-01
    1.63869381e-01 4.97584462e-01 3.72463942e-01 5.44565797e-01
    1.31473482e-01 3.21000218e-02 6.10121548e-01 8.87247920e-02
    7.31334090e-01 2.58568108e-01 6.13233209e-01 4.02458668e-01
    4.10628378e-01 8.47813249e-01 8.37112367e-01 3.74082178e-01
    8.31832170e-01 4.56694156e-01 4.55218226e-01 4.13411409e-01
    2.47744977e-01 9.43570137e-01 6.58904672e-01 1.69203132e-01
    8.05998921e-01 7.56680369e-01 9.07881260e-01 9.28339243e-01
    6.01196289e-03 9.56436992e-03 2.76295722e-01 9.77368951e-01
    8.12780023e-01 6.72493815e-01 9.13886786e-01 3.79923314e-01
    3.03411603e-01 6.52102947e-01 8.41181934e-01 1.15878046e-01
    2.48759985e-01 7.88240671e-01 8.04322779e-01 3.37922633e-01
    9.72994328e-01 7.57306516e-01 3.46360683e-01 9.79701161e-01
    1.04148686e-02 1.16067767e-01 2.95209587e-01 7.01141357e-03
    4.46991950e-01 3.29041958e-01 6.43052101e-01 1.87079757e-01
    1.08016908e-01 4.89352822e-01 3.22982430e-01 4.25129890e-01
    3.04175556e-01 2.19844699e-01 4.20326889e-02 1.75439954e-01
    8.75595689e-01 6.78993642e-01 6.86029613e-01 3.50712299e-01
    2.38320410e-01 8.68750334e-01 6.04189456e-01 9.31611419e-01
    9.71211672e-01 7.78652847e-01 5.13522208e-01 6.70863152e-01
    6.18079782e-01 3.35164756e-01 2.10942030e-02 8.08264732e-01
    6.16001844e-01 7.97185779e-01 6.83713138e-01 9.23461914e-02
    5.37694991e-02 7.70003438e-01 2.25900173e-01 4.58035529e-01
    3.36987972e-02 1.91203773e-01 8.78762722e-01 1.83489382e-01
    8.74389350e-01 3.22379887e-01 8.21136951e-01 5.81801176e-01
    7.23137677e-01 3.76083970e-01 6.84175849e-01 6.00422204e-01
    6.40481174e-01 9.87757444e-01 8.12866211e-01 3.49944830e-01
    6.54013574e-01 5.32389164e-01 4.59840268e-01 4.67489392e-01
    9.35459733e-02 3.69650036e-01 1.19325548e-01 2.90361792e-01
    2.55968779e-01 6.51854753e-01 8.61616373e-01 6.65349841e-01
    7.83139467e-02 8.34527850e-01 2.86174119e-01 4.80208933e-01
    5.45694828e-01 3.71896058e-01 5.10472357e-02 9.41880584e-01
    1.61288351e-01 8.18758011e-02 2.69056857e-01 4.04752493e-01
    8.87571275e-02 3.95751297e-02 8.07035446e-01 4.23445135e-01
    9.60668325e-02 5.87269306e-01 3.90468955e-01 1.88127756e-02
    3.82127494e-01 1.40972465e-01 5.69826424e-01 3.34310651e-01
    7.98476100e-01 1.07282281e-01 3.82644832e-01 2.52833307e-01
    4.54486728e-01 5.73289514e-01 3.70408535e-01 8.46267223e-01
    2.69751996e-01 2.02307403e-01 2.74715006e-01 8.33989978e-01
    9.67590511e-02 9.69615340e-01 6.48503721e-01 2.87959814e-01
    6.30778074e-01 3.67797405e-01 9.16509032e-01 4.29982752e-01
    6.20454609e-01 5.76324046e-01 4.42870855e-02 1.05714917e-01
    8.12133491e-01 6.27534032e-01 5.14894009e-01 1.20998442e-01
    3.49462032e-01 3.80868137e-01 4.22602355e-01 1.57578468e-01
    3.22268009e-02 1.99682832e-01 1.93674266e-01 3.74678075e-01
    4.58167315e-01 2.07256734e-01 3.10181975e-01 4.39565271e-01
    8.05992365e-01 8.40870976e-01 2.66400754e-01 1.87899888e-01
    6.63303494e-01 2.32684642e-01 1.39918685e-01 9.53475416e-01
    2.00255066e-01 7.64928460e-01 6.58779025e-01 5.91128528e-01
    7.66966581e-01 8.56011748e-01 2.97639310e-01 8.82744610e-01
    1.41454339e-01 6.65550649e-01 3.20164740e-01 3.53111267e-01
    2.45950758e-01 8.13515306e-01 6.59014225e-01 4.18234497e-01
    4.46849436e-01 8.86702538e-01 2.71927118e-01 5.65943718e-02
    9.91138935e-01 5.18340647e-01 7.78522372e-01 7.35987246e-01
    9.75579679e-01 2.20703512e-01 9.75481212e-01 1.20663047e-02
    1.95270419e-01 2.61709571e-01 3.86357605e-01 8.67340386e-01
    1.63304210e-02 8.47979486e-02 5.68946362e-01 8.75700831e-01
    9.32602763e-01 1.22410387e-01 1.15815192e-01 7.23527551e-01
    7.80838192e-01 8.56162190e-01 6.93991482e-01 9.80181098e-02
    7.53297806e-01 6.40178084e-01 3.64713371e-02 4.73240644e-01
    9.35436845e-01 9.80025828e-02 1.53227091e-01 9.56847668e-01
    4.42520112e-01 2.03003407e-01 2.69863605e-01 2.78720319e-01
    2.14418679e-01 2.43610144e-03 5.60239851e-02 4.56449747e-01
    3.08559358e-01 7.36206174e-01 6.30697012e-02 6.29876912e-01
    3.37689042e-01 4.36211228e-02 3.54404509e-01 5.14207780e-02
    2.41950423e-01 5.16328096e-01 2.15429157e-01 3.95315140e-01
    7.28436351e-01 5.95823586e-01 9.51580048e-01 3.84477735e-01
    7.48586595e-01 5.20926178e-01 7.25574851e-01 5.18054068e-01
    7.92725027e-01 5.66529095e-01 1.85717374e-01 3.75017792e-01
    1.58812881e-01 5.80768883e-01 8.73030722e-01 4.09566164e-02
    1.58449352e-01 1.45753831e-01 6.05630755e-01 5.67531765e-01
    3.05210233e-01 9.24214721e-01 5.90573847e-01 8.74450326e-01
    5.29821098e-01 3.10806453e-01 7.87125111e-01 5.80118895e-02
    4.86950338e-01 1.83587372e-01 5.57674348e-01 1.07774496e-01
    3.24519873e-01 3.84595573e-01 4.71833438e-01 8.08299422e-01
    3.70493472e-01 7.60491014e-01 6.11862421e-01 7.58259892e-02
    5.04435301e-01 9.62933064e-01 9.25271869e-01 7.50058889e-01
    6.19469583e-01 7.55056977e-01 5.08575022e-01 1.62577331e-01
    5.98553121e-02 5.01542032e-01 9.20493662e-01 1.42043740e-01
    2.05097854e-01 7.81372070e-01 9.05483961e-02 8.26248169e-01
    1.95370793e-01 6.84220195e-01 3.71398985e-01 2.85098016e-01
    4.99168545e-01 5.38109899e-01 6.07351720e-01 5.90616703e-01
    9.57211375e-01 9.64815259e-01 1.45113200e-01 7.95622766e-01
    4.05191243e-01 3.51650119e-02 8.54726911e-01 9.35490727e-02
    9.23447073e-01 4.21733260e-01 9.90318000e-01 3.68296444e-01
    9.61457789e-02 4.23999280e-01 1.76760077e-01 3.83818239e-01
    3.41131598e-01 4.50495899e-01 1.80227339e-01 3.83089483e-01
    3.34817946e-01 7.40330875e-01 6.91312790e-01 1.93220317e-01
    4.56059188e-01 3.14223796e-01 8.05207312e-01 1.52925819e-01
    2.13515311e-01 2.70432204e-01 4.38955456e-01 1.56976104e-01
    8.12862158e-01 8.34325790e-01 2.85867810e-01 8.27448010e-01
    5.48941791e-01 4.13110614e-01 2.25463331e-01 8.72066617e-01
    5.97905934e-01 7.84023523e-01 6.89849317e-01 2.97788084e-02
    9.72215295e-01 2.19953358e-02 6.31060719e-01 5.24513960e-01
    8.78365159e-01 1.34331286e-01 4.78408486e-01 7.23360002e-01
    3.91443372e-01 3.58826995e-01 5.99938035e-01 8.81769776e-01
    6.75015926e-01 2.28841752e-01 4.30799723e-02 9.26195085e-02
    6.42744243e-01 5.01457870e-01 7.77338386e-01 4.41307008e-01
    6.79139078e-01 1.48464739e-01 4.03458178e-02 8.21106553e-01
    7.61236906e-01 8.53928328e-01 8.10923815e-01 6.94157958e-01
    6.78724825e-01 2.36315906e-01 2.00866997e-01 6.51629806e-01
    8.88124287e-01 1.95416391e-01 2.84488469e-01 7.41418958e-01
    9.45713401e-01 5.17002165e-01 8.78742337e-01 3.00376624e-01
    3.41883361e-01 4.70249295e-01 8.95146370e-01 6.35808825e-01
    4.32749748e-01 3.06607515e-01 6.38998389e-01 8.54403853e-01
    7.49692798e-01 6.14974141e-01 4.70988423e-01 6.16968513e-01
    8.80527258e-01 9.01083827e-01 5.02523422e-01 7.02761471e-01
    1.77025318e-01 8.28681052e-01 4.05068040e-01 8.73412967e-01
    2.78703272e-01 9.84670579e-01 4.88042295e-01 5.38942933e-01
    1.23569548e-01 9.09189165e-01 2.09348917e-01 5.05941212e-02
    2.79991329e-01 3.53379071e-01 1.18062496e-01 2.49466270e-01
    2.37643898e-01 9.21464562e-02 7.46220708e-01 4.82159466e-01
    8.90603542e-01 4.89258766e-03 9.51706767e-01 7.06795871e-01
    7.91034222e-01 8.16345453e-01 4.78730619e-01 2.02366978e-01
    2.31741846e-01 8.36659133e-01 8.06884766e-02 2.38037586e-01
    4.48793977e-01 1.51083887e-01 1.95530534e-01 3.69884402e-01
    4.07272398e-01 5.12793064e-01 7.52854347e-01 2.61798859e-01
    5.66750526e-01 1.92211181e-01 1.64592266e-02 6.84138656e-01
    5.03926635e-01 6.40769899e-02 6.82958126e-01 2.65580416e-02
    8.34245682e-02 7.52429903e-01 1.32322133e-01 3.31017584e-01
    7.21325874e-01 6.55123413e-01 3.24605167e-01 2.54284143e-02
    3.50886285e-02 9.07487273e-01 8.03371072e-01 7.59359717e-01
    4.26136494e-01 9.48231578e-01 7.84951091e-01 1.51193738e-02
    5.89824557e-01 1.39543533e-01 2.98102200e-01 9.98627543e-01
    8.34473312e-01 1.90929770e-02 7.68450797e-02 7.78816879e-01
    5.11351824e-01 2.68663645e-01 8.55785728e-01 6.22513831e-01
    2.75886327e-01 5.03370225e-01 5.28687239e-03 3.91534984e-01
    7.18528092e-01 5.68001628e-01 6.21754646e-01 9.47531700e-01
    1.75177038e-01 2.44133174e-02 9.01727557e-01 1.10133141e-01
    8.80539596e-01 8.77807856e-01 1.61162317e-01 3.46490741e-03
    9.33946073e-02 3.37509841e-01 4.94066209e-01 8.91298831e-01
    2.11912692e-01 4.17069137e-01 9.65459228e-01 5.05123556e-01
    9.78064299e-01 3.16325843e-01 2.61299908e-01 8.06998730e-01
    8.28456879e-02 4.36860919e-02 1.77720606e-01 1.67716086e-01
    3.29613805e-01 4.99934733e-01 8.74892712e-01 6.84132278e-01
    5.37801564e-01 2.00105071e-01 8.09703171e-01 5.72015285e-01
    5.68651021e-01 7.09154606e-01 7.32690096e-02 6.23620629e-01
    8.95999849e-01 4.24414158e-01 8.93955350e-01 4.11118567e-02
    9.14460719e-01 5.96494019e-01 1.91962659e-01 6.27448380e-01
    6.85882986e-01 8.30453396e-01 6.72443807e-01 9.18580949e-01
    6.63070321e-01 3.07939708e-01 5.30510068e-01 9.17435765e-01
    2.13459730e-02 7.11857617e-01 2.70328999e-01 7.37442970e-02
    4.46666598e-01 5.09603262e-01 1.17771715e-01 8.53140593e-01
    4.19759512e-01 2.17819273e-01 2.57474959e-01 5.56332707e-01
    7.17442155e-01 6.73495889e-01 2.82246292e-01 6.82943881e-01
    5.17446876e-01 9.44684982e-01 8.52516890e-01 6.70931458e-01
    2.79476523e-01 3.01993191e-01 2.94443369e-02 7.67828465e-01
    4.95447427e-01 7.56307006e-01 1.00429028e-01 3.67363691e-01
    7.06019819e-01 1.33830905e-02 5.07406235e-01 3.08328003e-01
    3.73164833e-01 4.94263560e-01 1.40261203e-01 8.55755806e-01
    4.78194535e-01 8.58227015e-01 1.38387501e-01 1.97488844e-01
    6.00432575e-01 7.00997710e-02 2.03379959e-01 5.18491924e-01
    4.02401149e-01 7.74307966e-01 8.86773348e-01 4.96564060e-01
    8.97430122e-01 1.03854120e-01 3.57842207e-01 9.96794939e-01
    9.33255732e-01 3.00671101e-01 9.29343641e-01 7.75520563e-01
    2.52570152e-01 3.56711537e-01 4.40864086e-01 7.64841139e-02
    2.37898618e-01 6.69213653e-01 5.83875537e-01 8.14028025e-01
    9.12903965e-01 4.89010572e-01 9.31820452e-01 2.98981905e-01
    2.88403273e-01 1.07391983e-01 1.18430495e-01 6.32473230e-01
    2.12442070e-01 1.18842334e-01 6.22757077e-01 6.72397375e-01
    2.28585422e-01 5.18879533e-01 2.09597617e-01 8.05161119e-01
    6.87743425e-02 9.26419377e-01 2.87258208e-01 1.59856319e-01
    5.52061439e-01 4.02318358e-01 4.27985311e-01 5.09347200e-01
    2.13209987e-02 1.75969929e-01 2.84321725e-01 8.33685517e-01
    1.25924617e-01 9.85720456e-01 4.10834074e-01 1.07458681e-01
    3.99294913e-01 3.56068909e-01 6.68145061e-01 6.99202955e-01
    4.04653817e-01 8.96680176e-01 5.87141633e-01 1.94683224e-01
    9.93955612e-01 7.14123368e-01 9.66154337e-01 5.42658627e-01
    7.60643542e-01 2.48508334e-01 4.18990016e-01 8.07117939e-01
    3.83123755e-01 6.48023009e-01 5.08624613e-01 1.24678552e-01
    6.67043209e-01 7.82072544e-03 8.18746686e-01 6.09767258e-01
    8.74315500e-01 3.12582344e-01 1.45089269e-01 2.42960155e-02
    3.13432395e-01 9.01761413e-01 8.48991752e-01 6.59274697e-01
    9.06589627e-02 1.50605142e-02 1.05161160e-01 1.98542118e-01
    9.33668256e-01 8.98402333e-01 9.11934972e-02 4.66123164e-01
    7.43355632e-01 2.78596282e-02 5.76831698e-01 9.60412145e-01
    8.83888841e-01 4.49032664e-01 2.80513346e-01 6.27438903e-01
    5.84927082e-01 1.43466085e-01 5.05280018e-01 5.68626463e-01
    3.87596190e-01 7.59553373e-01 7.97654629e-01 1.20187819e-01
    7.12931037e-01 8.83334875e-02 8.81803870e-01 7.79329896e-01
    3.94256115e-01 5.58344483e-01 8.00251782e-01 1.79656237e-01
    7.50180185e-01 9.25956905e-01 9.03563499e-01 5.94083369e-01
    8.97401333e-01 8.13194215e-01 5.92862606e-01 1.58882558e-01
    5.91897964e-02 5.02651572e-01 8.44698906e-01 4.50410396e-01
    6.58914566e-01 3.10880840e-01 7.09991872e-01 7.18952775e-01
    2.75513887e-01 3.78027737e-01 6.52728796e-01 7.67018914e-01
    3.30156684e-02 5.38899064e-01 8.23415816e-02 8.86630118e-02
    3.35394859e-01 1.43751323e-01 7.52910852e-01 8.99307489e-01
    1.06159478e-01 3.71950984e-01 5.82154632e-01 1.64383739e-01
    1.40830994e-01 1.81761175e-01 6.44169927e-01 8.96332622e-01
    5.83944082e-01 4.79155868e-01 3.07776332e-02 7.94807553e-01
    4.97032255e-01 2.29115427e-01 6.58507764e-01 3.72086525e-01
    3.49826932e-01 3.13880563e-01 5.97117126e-01 8.28288019e-01
    2.27090389e-01 6.93190813e-01 5.91514766e-01 6.14963412e-01
    9.33742404e-01 8.09319377e-01 3.76346707e-01 8.77327859e-01
    8.87135088e-01 5.26322603e-01 9.98871982e-01 7.83237576e-01
    9.96913612e-02 3.37496698e-02 1.75217718e-01 9.46995735e-01
    8.22729230e-01 2.85280198e-01 5.89996338e-01 8.17338884e-01
    2.38218635e-01 9.89340484e-01 1.95681125e-01 7.24416971e-01
    3.20101857e-01 6.41865432e-01 6.20417893e-02 4.04379994e-01
    1.75943583e-01 1.53152138e-01 3.36072683e-01 4.55823094e-01
    8.09274793e-01 8.25516582e-01 8.48875165e-01 3.60205531e-01
    1.35031849e-01 4.43172276e-01 3.01930964e-01 9.59807754e-01
    9.62185860e-01 2.42923647e-01 7.19362795e-01 6.35301173e-02
    8.43760550e-01 2.19195485e-01 1.96408510e-01 2.33125895e-01
    9.48321581e-01 8.76964092e-01 2.16496438e-01 4.81353164e-01
    8.44411850e-02 7.32138157e-02 3.64510417e-02 8.27269793e-01
    3.21339369e-02 6.88216090e-01 4.37389672e-01 2.85146475e-01
    4.42039192e-01 9.03055549e-01 6.36279523e-01 2.31079131e-01
    6.86910033e-01 9.27259207e-01 8.87585402e-01 3.52728128e-01
    6.83311820e-02 5.76382279e-01 1.78008735e-01 3.65760505e-01
    7.02707767e-02 2.95900285e-01 2.39232004e-01 4.93441820e-02
    8.76740217e-01 8.90254736e-01 1.62335694e-01 3.97849321e-01
    3.67170900e-01 5.69744349e-01 8.15603793e-01 2.87268758e-01
    6.38216734e-01 9.51429248e-01 4.06310499e-01 8.03156197e-01
    7.20693827e-01 8.13398898e-01 7.25907326e-01 7.27520287e-01
    5.36912918e-01 2.44828910e-01 8.18014979e-01 6.66996121e-01
    1.61750436e-01 6.74975932e-01 2.03994036e-01 2.29283273e-02
    3.12860072e-01 6.11533105e-01 7.47447193e-01 6.16756499e-01
    6.01449609e-01 3.04317653e-01 7.72580564e-01 1.97069317e-01
    7.80309081e-01 7.77649760e-01 1.77120358e-01 1.01096421e-01
    3.59653711e-01 4.47850376e-01 1.31302029e-01 2.18771398e-01
    8.17054510e-03 2.44485438e-01 5.40228963e-01 2.41085321e-01
    7.98280835e-01 3.48871261e-01 5.44358194e-02 2.56275535e-02
    5.36100209e-01 1.64978564e-01 1.93065673e-01 1.71853423e-01
    5.90940714e-01 8.47940087e-01 5.55945754e-01 3.54061365e-01
    2.06236094e-01 4.06156152e-01 7.57391453e-01 2.35413611e-01
    8.22529674e-01 4.00504827e-01 7.89017439e-01 6.76822305e-01
    9.97108459e-01 6.43362641e-01 3.36638898e-01 2.95491397e-01
    9.88699257e-01 8.20489287e-01 7.23433018e-01 4.02642071e-01
    8.50210428e-01 4.58803296e-01 1.59135640e-01 5.65375686e-01
    6.85761213e-01 7.62568414e-01 2.69509554e-01 6.54164791e-01
    9.32352424e-01 9.39113736e-01 2.50602275e-01 7.44540811e-01
    1.67733222e-01 4.90991682e-01 8.89097869e-01 2.38799095e-01
    5.12639046e-01 1.40308231e-01 6.27569437e-01 5.22146881e-01
    9.24662173e-01 2.08028555e-01 3.33703339e-01 6.58528507e-01
    3.68158102e-01 7.79113710e-01 9.27140176e-01 5.16306162e-02
    5.49855351e-01 8.20563436e-01 4.67866898e-01 7.41582632e-01
    8.63075495e-01 9.04609978e-01 4.27330047e-01 9.50564623e-01
    6.62828743e-01 9.76388097e-01 6.58178866e-01 7.22345829e-01
    5.94882011e-01 4.07556653e-01 8.30938041e-01 9.23459470e-01
    5.17493784e-01 8.94282818e-01 3.24982047e-01 7.61938691e-02
    1.09647334e-01 7.92028427e-01 5.30378163e-01 9.85504270e-01
    3.42811912e-01 4.16308433e-01 3.40138078e-02 3.49978000e-01
    2.33536065e-02 2.36320168e-01 5.12695312e-01 5.16938031e-01
    6.14605904e-01 4.20002162e-01 6.21596098e-01 8.10742736e-01
    4.58957255e-01 6.54208004e-01 5.96041620e-01 1.66327357e-01
    6.04795694e-01 5.18103838e-01 5.96853197e-02 9.49483812e-01
    1.18733197e-01 5.47491312e-01 1.38542742e-01 6.62834167e-01
    1.46303147e-01 1.73523515e-01 5.86824477e-01 8.03032756e-01
    4.71253395e-01 2.54664123e-01 2.18150645e-01 5.67675769e-01
    6.59873247e-01 3.59784067e-01 8.34877610e-01 9.94261503e-01
    1.63412720e-01 5.97978234e-01 4.39703166e-02 1.09657317e-01
    9.62735176e-01 3.16939205e-01 2.84569293e-01 3.08100104e-01
    9.24680412e-01 7.37968385e-01 6.15497172e-01 9.53606069e-01
    2.91054189e-01 2.18663901e-01 7.89893091e-01 7.95172155e-01
    1.95463300e-01 4.82082993e-01 1.05315506e-01 4.30805415e-01
    6.42298520e-01 5.40290058e-01 3.30425620e-01 5.74643850e-01
    7.82383919e-01 4.61705327e-01 5.14906406e-01 3.80653739e-02
    9.03297782e-01 6.05309129e-01 5.87127805e-01 4.94727224e-01
    5.87907732e-01 6.32254839e-01 5.04339635e-01 7.58755445e-01
    1.18689835e-02 8.95190954e-01 1.27279073e-01 2.87503660e-01
    5.08027256e-01 3.71791720e-02 6.58739686e-01 1.05622709e-02
    7.37563074e-01 4.72204387e-01 6.36896014e-01 3.06915700e-01
    8.67128372e-01 6.32388711e-01 1.07838243e-01 2.70380795e-01
    2.30769306e-01 4.03944463e-01 9.09044862e-01 8.50584745e-01
    3.68677974e-02 9.85101581e-01 5.92188716e-01 2.96845078e-01
    7.77264953e-01 1.67296350e-01 1.57035053e-01 3.99122775e-01
    6.55448079e-01 5.05098283e-01 5.41521490e-01 4.13153231e-01
    5.56643009e-01 2.09910870e-02 6.96059465e-01 9.78602469e-02
    8.82701874e-01 7.50078619e-01 8.71214628e-01 4.98884916e-02
    1.03996009e-01 6.87043309e-01 1.74848109e-01 6.65299714e-01
    1.18004262e-01 6.72839761e-01 7.02767849e-01 5.03472507e-01
    9.53801274e-02 2.18701929e-01 2.97564328e-01 8.39588165e-01
    2.71526039e-01 6.35494828e-01 6.61039233e-01 2.19968826e-01
    3.88825059e-01 2.92373657e-01 8.18152726e-02 8.00579786e-01
    2.86350846e-01 1.70718849e-01 1.27861500e-01 8.43582273e-01
    7.28079021e-01 8.52726817e-01 6.51381731e-01 3.87393743e-01
    4.85473692e-01 8.82653177e-01 9.49820876e-01 6.40341759e-01
    9.94191527e-01 5.91369092e-01 1.53320193e-01 5.58292150e-01
    9.56804395e-01 3.49329650e-01 4.76052403e-01 2.06397504e-01
    9.18237984e-01 1.90001786e-01 5.95333576e-01 5.64860344e-01
    8.91585469e-01 6.48116112e-01 7.02751517e-01 9.41903889e-01
    5.17286301e-01 9.95274544e-01 8.78234386e-01 8.42246413e-03
    1.44773006e-01 7.84646869e-01 7.63072371e-01 6.85028434e-01
    2.93168396e-01 5.27953207e-02 7.88943768e-02 1.45138562e-01
    8.67816210e-01 5.97896934e-01 3.29650700e-01 6.09189510e-01
    9.43138063e-01 6.98380470e-01 8.18309367e-01 2.41723776e-01
    4.69407439e-02 1.28732890e-01 2.82195270e-01 8.09147000e-01
    7.66491234e-01 5.17580509e-02 2.89632112e-01 1.31582797e-01
    3.77586901e-01 1.36646032e-01 3.68262589e-01 9.01917577e-01
    5.94218850e-01 9.09865856e-01 2.08115518e-01 3.01119894e-01
    1.44464135e-01 4.95689064e-01 4.57828045e-01 5.34512341e-01
    2.35042602e-01 3.89955908e-01 5.08354604e-01 1.07473373e-01
    6.18667006e-01 4.32553649e-01 2.15404242e-01 6.94070578e-01
    7.79248178e-01 3.83741409e-01 9.56839919e-02 7.27160513e-01
    4.77524102e-02 9.66419697e-01 1.38921291e-01 4.25851703e-01
    1.96533769e-01 7.75204599e-02 6.52936459e-01 6.44117892e-01
    4.68652546e-01 7.67014742e-01 2.81239450e-01 5.62317371e-01
    6.31412864e-03 2.52063930e-01 2.15960830e-01 2.00646549e-01
    7.73407578e-01 9.11948085e-03 2.01816410e-01 7.69074917e-01
    1.81304365e-01 1.84301227e-01 3.59399915e-02 7.57365942e-01
    6.34280562e-01 6.81533515e-01 4.23787534e-01 2.49577343e-01
    3.88170481e-02 2.52797544e-01 4.06009495e-01 6.91654801e-01
    2.56914973e-01 7.38882720e-01 6.21810794e-01 9.35828328e-01
    9.70408082e-01 8.80090952e-01 8.40040505e-01 1.57437503e-01
    6.12548590e-02 1.11752868e-01 1.51762038e-01 6.60419941e-01
    2.30809510e-01 8.82570267e-01 7.06316352e-01 7.43374169e-01
    3.55436325e-01 2.90094256e-01 4.74767983e-01 4.20027316e-01
    8.25878143e-01 2.87719071e-01 6.65757120e-01 7.73262262e-01
    9.23708022e-01 2.44815201e-01 8.78557563e-01 1.29929900e-01
    7.96390295e-01 6.80489302e-01 7.62642264e-01 2.89212704e-01
    8.22475791e-01 9.55570817e-01 7.20227182e-01 6.75900936e-01
    7.53658891e-01 9.80134368e-01 9.98940825e-01 5.13209641e-01
    5.63833237e-01 6.23587012e-01 5.44149816e-01 9.49595809e-01
    1.74708068e-01 1.11467808e-01 1.52262300e-01 8.25053453e-02
    3.93298268e-02 1.15177661e-01 1.10166490e-01 6.81066513e-01
    4.46110487e-01 7.29548931e-01 4.39379096e-01 9.12427902e-04
    4.15311217e-01 3.58893335e-01 5.09570539e-01 9.75300074e-02
    5.74668050e-01 8.43230665e-01 3.84238720e-01 3.51256371e-01
    4.16910440e-01 7.61512399e-01 1.33720517e-01 3.45392227e-02
    1.98916882e-01 5.29327929e-01 5.15994608e-01 2.97068000e-01
    9.55259919e-01 4.27342385e-01 5.26453912e-01 2.68338054e-01
    6.93031967e-01 4.62118417e-01 9.17525291e-02 4.80774909e-01
    9.64407623e-02 3.25728893e-01 2.17365652e-01 4.19098437e-02
    3.74008179e-01 2.25386322e-02 1.20981634e-01 6.85358226e-01
    6.11403883e-02 2.20816016e-01 2.60074914e-01 9.38452244e-01
    2.89767236e-01 7.02891946e-02 7.62425661e-01 6.56110466e-01
    9.45630193e-01 1.09519303e-01 5.68356693e-01 8.30271482e-01
    1.16392612e-01 9.61931229e-01 1.37151778e-01 6.80016756e-01
    2.62609512e-01 3.50956738e-01 3.15586627e-01 1.59888357e-01
    2.12959409e-01 9.90134835e-01 9.39334035e-01 8.78548920e-01
    1.70570463e-01 9.24833715e-01 1.72031343e-01 1.29495442e-01
    3.48944128e-01 1.31921411e-01 6.83903575e-01 1.23139173e-01
    2.78667420e-01 4.73476142e-01 2.44872481e-01 8.75045359e-02
    8.92135382e-01 1.25928819e-02 8.54402900e-01 9.08699870e-01
    8.41687322e-01 8.24290514e-02 7.50127435e-02 1.22450441e-01
    4.00851905e-01 9.42175984e-02 3.17121416e-01 4.91865546e-01
    2.31604517e-01 2.42540359e-01 9.68199492e-01 9.06287670e-01
    2.61265188e-01 5.13263404e-01 3.73211801e-01 4.71927762e-01
    3.60242039e-01 3.66975665e-01 5.01205802e-01 6.91346765e-01
    2.47581273e-01 8.63221347e-01 3.49210322e-01 1.31731629e-01
    2.50051707e-01 8.95101666e-01 6.63999677e-01 7.29156494e-01
    6.94121361e-01 9.04430866e-01 7.24708736e-01 9.39510524e-01
    4.49693888e-01 6.85900867e-01 8.79006028e-01 8.38248134e-01
    3.05648893e-01 8.91726911e-01 2.97117531e-01 9.29930329e-01
    6.49603426e-01 3.78737748e-01 5.44408917e-01 8.06015491e-01
    5.95317841e-01 8.88695955e-01 1.31351978e-01 1.97790682e-01
    9.79298353e-01 2.26218045e-01 5.64907432e-01 9.88821507e-01
    5.21181166e-01 6.06256306e-01 3.32394779e-01 3.50891054e-02
    3.06460887e-01 5.08556783e-01 4.75921631e-01 7.21830726e-01
    6.75924182e-01 5.03515184e-01 2.40657330e-02 9.49036837e-01
    5.07866204e-01 9.56227779e-01 2.72816062e-01 9.06483054e-01
    3.23528260e-01 9.08712387e-01 7.78173923e-01 7.93595016e-01
    3.14431965e-01 7.38948286e-02 7.87496746e-01 9.44727421e-01
    4.10460413e-01 5.62300324e-01 8.05801153e-01 7.03723431e-01
    8.71163607e-01 5.64216673e-02 1.98072821e-01 5.20785451e-01
    3.83091867e-01 1.16355389e-01 8.70044887e-01 9.76583481e-01
    5.39817452e-01 9.12289619e-01 7.34090686e-01 8.95988405e-01
    6.89893126e-01 4.33502465e-01 8.49517882e-02 2.24267483e-01
    6.73712492e-01 6.91301763e-01 7.42320538e-01 3.22097242e-02
    5.26402175e-01 1.75372213e-01 4.28781211e-01 4.22436595e-02
    4.72999066e-01 8.82631183e-01 8.15089524e-01 4.36061382e-01
    8.94900382e-01 1.63591236e-01 1.39065295e-01 9.83400226e-01
    6.94415033e-01 1.28922969e-01 2.19471395e-01 4.84909832e-01
    3.77503902e-01 1.12649232e-01 2.78365195e-01 5.30084550e-01
    3.88985276e-01 7.60903120e-01 1.74850434e-01 7.88528442e-01
    1.72099352e-01 6.03423715e-02 9.97121334e-01 4.98609096e-01
    3.61108333e-01 2.35294700e-02 7.87790716e-02 4.48855758e-03
    2.59396076e-01 9.65024412e-01 4.23786342e-02 6.04936481e-01
    5.74617267e-01 6.17434800e-01 2.49509811e-02 3.65997255e-01
    2.56691843e-01 2.73680091e-02 1.30354047e-01 4.42056030e-01
    1.54259801e-01 2.94793785e-01 3.58126640e-01 8.52937996e-02
    8.47904503e-01 9.71565664e-01 1.35197759e-01 3.31302881e-02
    5.88039994e-01 1.07920110e-01 8.59889865e-01 5.55523932e-01
    3.37181032e-01 6.64008141e-01 9.82639432e-01 3.46374750e-01
    4.84907478e-01 5.38471341e-01 9.50241804e-01 2.88533568e-01
    5.49811900e-01 6.70742273e-01 1.42998695e-01 2.37752289e-01
    7.12108076e-01 5.23909092e-01 3.54613483e-01 7.70254016e-01
    5.39092064e-01 6.60594583e-01 6.00429296e-01 7.52833366e-01
    2.16776788e-01 8.80091429e-01 3.64619613e-01 7.32256770e-02
    4.30119187e-01 7.83791065e-01 5.90555608e-01 5.78818738e-01
    8.79871011e-01 2.50890672e-01 3.60327452e-01 6.68388605e-01
    2.33524054e-01 8.62092495e-01 2.78235316e-01 8.76357436e-01
    4.14409488e-01 5.89977622e-01 1.60976470e-01 4.80754703e-01
    4.96694386e-01 1.01941466e-01 1.49523526e-01 8.39889646e-02
    2.01501727e-01 9.64507759e-02 9.25092340e-01 3.06022614e-01
    2.77382314e-01 5.89243174e-01 4.34717774e-01 5.28139532e-01
    7.86195517e-01 6.21043384e-01 9.44634438e-01 9.51010823e-01
    4.56020951e-01 6.64722323e-01 9.96776104e-01 8.71217012e-01
    1.02465570e-01 4.60241854e-01 1.99531913e-01 1.26527578e-01
    8.07072520e-02 8.16852450e-01 2.50867248e-01 6.56019211e-01
    4.55204904e-01 2.40602195e-02 9.06546116e-01 7.46867359e-01
    8.97561252e-01 3.50716054e-01 5.86313784e-01 4.96177137e-01
    1.55964673e-01 4.40709144e-01 5.35534859e-01 5.78140914e-01
    5.16415238e-01 7.82829523e-01 4.09118712e-01 4.84406114e-01
    1.11736894e-01 9.00472403e-01 9.78020906e-01 3.84724975e-01
    9.89704728e-01 4.48359936e-01 7.59391427e-01 1.96976960e-02
    7.76725292e-01 2.03641444e-01 3.84804159e-01 8.78477395e-01
    9.93402123e-01 7.23818183e-01 3.52683276e-01 1.14132166e-02
    5.24488330e-01 9.91715014e-01 4.44484949e-02 2.36090273e-01
    2.77198911e-01 3.69070351e-01 8.52592826e-01 7.18899369e-01
    5.58411181e-01 8.85532260e-01 9.04872656e-01 5.81623614e-01
    9.19937372e-01 5.33450842e-02 7.72580743e-01 8.81547689e-01
    1.10237867e-01 4.46650982e-01 9.43032265e-01 9.79380012e-01
    8.63531709e-01 1.23256117e-01 4.06549096e-01 8.30299139e-01
    6.63821220e-01 6.45025373e-02 5.52433133e-01 9.52465534e-01
    2.18023986e-01 2.35206693e-01 1.00652277e-02 7.91973233e-01
    8.17834496e-01 3.00323308e-01 7.41615653e-01 7.83576250e-01
    9.84573424e-01 4.09810811e-01 7.73384511e-01 4.50729012e-01
    9.19176221e-01 5.65376878e-03 5.32774270e-01 5.17288208e-01
    5.25900364e-01 2.43251294e-01 8.65312934e-01 3.20752919e-01
    9.69983637e-02 9.69920993e-01 9.13428187e-01 9.96756315e-01
    6.65948093e-01 5.90168238e-02 1.41921997e-01 2.42221415e-01
    5.82997501e-01 6.02773845e-01 8.21246982e-01 8.45533013e-02
    8.58547688e-02 5.82976222e-01 5.41361988e-01 1.10430747e-01
    3.97388190e-01 8.11197639e-01 7.48657703e-01 5.11148632e-01
    4.26633239e-01 2.77607858e-01 6.44061148e-01 3.55147243e-01
    1.58288866e-01 5.31128287e-01 9.94930625e-01 1.18818432e-01
    2.73654997e-01 1.31660223e-01 2.11588562e-01 5.99640489e-01
    8.42406034e-01 2.53332525e-01 8.07235420e-01 4.64518517e-01
    3.90538931e-01 8.59886825e-01 7.47489035e-01 7.19554126e-02
    5.15919447e-01 6.82913661e-01 7.81695485e-01 3.02038968e-01
    3.42622340e-01 4.89543527e-01 9.63511765e-02 7.88287997e-01
    9.27104354e-01 6.74569368e-01 1.86781973e-01 2.24632114e-01
    2.21290827e-01 4.16484833e-01 1.58647656e-01 8.04436445e-01
    2.12226063e-01 3.88491929e-01 6.93254590e-01 1.11972809e-01
    5.18464386e-01 6.21446729e-01 4.41132158e-01 5.76688945e-02
    1.88861698e-01 2.41924912e-01 7.95812607e-01 9.35184717e-01
    7.70589769e-01 2.59207487e-01 4.67509776e-01 5.48936725e-01
    4.10658658e-01 7.42895484e-01 2.53759921e-01 8.59320283e-01
    8.84715080e-01 2.25748330e-01 7.96289921e-01 8.33586752e-01
    3.38288784e-01 8.23360562e-01 8.25423300e-02 5.71916997e-01
    8.05183768e-01 1.47950977e-01 8.23138356e-02 9.05019701e-01
    2.51839757e-01 1.19054139e-01 7.36520648e-01 3.66239369e-01
    8.28149617e-02 7.93549538e-01 4.12042022e-01 8.22785854e-01
    3.87591839e-01 9.29517984e-01 7.39605963e-01 4.39491957e-01
    6.38688803e-01 4.01940942e-02 4.89945114e-02 4.44309980e-01
    6.21888757e-01 6.33928239e-01 5.31241298e-01 9.15182114e-01
    3.80444556e-01 5.80481887e-01 8.39088082e-01 8.09770525e-01
    8.94411504e-01 8.82030487e-01 5.30452013e-01 9.42843199e-01
    4.43039805e-01 9.04373407e-01 6.35957897e-01 2.80429959e-01
    5.91720462e-01 4.59849358e-01 4.66478109e-01 2.25027561e-01
    2.26997167e-01 4.32076037e-01 6.53198957e-01 1.36043936e-01
    3.61778557e-01 5.33542931e-01 4.55155969e-03 8.11178267e-01
    4.43197012e-01 4.41785425e-01 7.24758983e-01 1.90911144e-01
    4.46453959e-01 6.85513675e-01 1.62126720e-01 7.31567919e-01
    1.64547175e-01 7.65630603e-01 1.93331689e-01 8.15279961e-01
    3.52030873e-01 5.44936180e-01 1.22595221e-01 9.26949620e-01
    4.93480593e-01 1.59735382e-02 1.24955684e-01 1.86338842e-01
    4.80868489e-01 5.32279849e-01 6.39671683e-02 7.41232753e-01
    9.05117393e-01 5.36986649e-01 5.88333607e-03 6.62607372e-01
    6.37834609e-01 5.59909046e-01 1.17050797e-01 6.04381919e-01
    5.15540838e-02 9.19753909e-01 8.00243199e-01 6.32075906e-01
    6.40395403e-01 5.93775153e-01 5.17849267e-01 8.05407941e-01
    7.60421753e-01 2.56070167e-01 1.62596285e-01 9.47720408e-01
    1.86993808e-01 8.52204263e-02 4.56281632e-01 8.88635814e-02
    4.34480220e-01 6.99180543e-01 4.10372764e-01 8.56357336e-01
    2.04715729e-01 8.96919429e-01 5.83756030e-01 4.97368366e-01
    2.68191487e-01 2.88740098e-01 6.57926917e-01 9.77759123e-01
    9.71469581e-02 2.79888213e-01 4.37610477e-01 3.24145645e-01
    3.87872607e-01 8.21457326e-01 3.12695444e-01 5.31246662e-01
    5.81957042e-01 4.45823550e-01 2.70793021e-01 8.72666478e-01
    5.97472310e-01 4.86755669e-01 2.11256534e-01 9.02113140e-01
    4.85121906e-02 6.59405828e-01 6.53672874e-01 8.83214474e-01
    9.89921808e-01 2.27854967e-01 2.77181923e-01 7.33103514e-01
    5.97410142e-01 6.42526150e-01 9.11538959e-01 4.06564653e-01
    6.74516439e-01 8.10799241e-01 1.15312666e-01 9.85682070e-01
    9.72560167e-01 9.25731778e-01 7.04608202e-01 2.83498406e-01
    4.51462656e-01 4.55248207e-01 6.81759000e-01 3.05828571e-01
    6.31007552e-01 9.09846306e-01 2.70287991e-01 4.87558007e-01
    4.47516590e-01 4.24592316e-01 8.83407950e-01 1.34112090e-01
    3.40662420e-01 9.11979616e-01 1.43217385e-01 1.76567525e-01
    3.14544410e-01 1.89312875e-01 4.32649285e-01 4.96019125e-02
    5.27145088e-01 8.09308887e-03 8.30272734e-02 2.94007182e-01
    8.29345167e-01 9.38696206e-01 7.42498934e-01 6.30328238e-01
    4.68338579e-01 4.01631504e-01 7.98425078e-01 7.42195725e-01
    1.67433083e-01 8.55607212e-01 7.97396898e-01 9.91414785e-01
    7.31873035e-01 4.59879577e-01 1.69722736e-01 6.83998644e-01
    7.23651946e-01 7.83223271e-01 4.62836862e-01 8.36418331e-01
    3.44783336e-01 3.52419078e-01 1.04561269e-01 2.31621742e-01
    4.56418395e-01 8.14668238e-01 6.77641690e-01 2.58099437e-02
    4.78519380e-01 8.63205433e-01 4.02063400e-01 4.17767525e-01
    1.23925000e-01 2.11732984e-02 4.47757155e-01 4.27773505e-01
    9.90654945e-01 6.92686856e-01 7.73405433e-01 6.16801381e-02
    8.86644363e-01 8.08008790e-01 1.44760698e-01 6.40905678e-01
    3.49853754e-01 3.27901125e-01 2.39057034e-01 6.60624743e-01
    2.94765145e-01 2.39700347e-01 4.82466042e-01 2.29446203e-01
    5.15495002e-01 2.44991302e-01 5.46386421e-01 2.83917129e-01
    9.97468233e-01 7.46701479e-01 4.80489194e-01 1.38643026e-01
    1.28555000e-02 7.12093115e-02 6.49963200e-01 7.57153988e-01
    3.52773488e-01 3.71232361e-01 4.18608516e-01 1.07440650e-02
    4.56920415e-01 2.30240524e-02 7.87075877e-01 6.18632317e-01
    1.38235241e-01 2.46284157e-01 7.06659198e-01 6.24002814e-01
    4.56748009e-01 5.11195362e-01 5.06115735e-01 9.26893353e-01
    4.23784256e-01 5.15984595e-02 5.38760960e-01 2.15954781e-01
    4.06655312e-01 2.42420912e-01 2.69372106e-01 5.69064498e-01
    8.66958499e-01 9.10953045e-01 3.64555240e-01 5.68658054e-01
    7.83925176e-01 9.87486959e-01 1.95491672e-01 4.37689513e-01
    1.41863048e-01 1.21123761e-01 9.41897988e-01 5.02281427e-01
    2.23914713e-01 3.24248374e-01 7.85534680e-02 5.35263002e-01
    8.74425828e-01 4.07716215e-01 1.83441103e-01 2.50593305e-01
    5.07004857e-02 1.38762563e-01 3.18587780e-01 3.81645143e-01
    1.42054856e-01 9.80021000e-01 9.52415228e-01 2.90678382e-01
    3.59112024e-02 7.21564949e-01 6.94837511e-01 7.17320204e-01
    6.60284042e-01 8.58328640e-02 8.75237703e-01 7.21606970e-01
    2.55283922e-01 5.14274240e-01 7.20667541e-02 5.74383140e-02
    6.07099652e-01 3.97443414e-01 4.56564814e-01 2.78301120e-01
    8.39660764e-01 5.63817680e-01 9.52530384e-01 9.89331782e-01
    1.31044984e-01 1.27799749e-01 2.87032753e-01 9.21817720e-02
    7.10700274e-01 2.02386677e-01 3.80976528e-01 1.56603366e-01
    9.34356213e-01 6.52351856e-01 1.78145498e-01 3.57044786e-01
    3.95616174e-01 2.99158990e-02 2.62327790e-02 6.31915808e-01
    3.69311005e-01 6.88971400e-01 8.70064855e-01 3.56388122e-01
    9.90690470e-01 3.14482927e-01 1.80582970e-01 7.67922759e-01
    2.26591825e-01 8.17462683e-01 1.89613044e-01 7.68766820e-01
    2.38834888e-01 3.24328601e-01 6.44522727e-01 7.61127114e-01
    7.35263228e-02 8.86818290e-01 8.74542117e-01 1.88640028e-01
    7.06667066e-01 5.69051504e-03 3.08272839e-01 2.12708116e-03
    8.32097411e-01 1.77693337e-01 3.21205020e-01 3.59117091e-01
    8.37176561e-01 1.79060847e-01 5.21213233e-01 9.70588088e-01
    1.43134594e-03 8.19527984e-01 2.74040341e-01 6.10210657e-01
    6.46180332e-01 9.64747131e-01 4.30043042e-02 1.97186440e-01
    2.53191382e-01 3.67802441e-01 9.57501054e-01 1.68781757e-01
    9.85355377e-01 9.93774593e-01 5.98089218e-01 7.07936764e-01
    8.85065317e-01 9.73444045e-01 4.36399221e-01 6.26825094e-01
    5.37425041e-01 6.90851390e-01 4.64105755e-01 4.61874664e-01
    4.10380900e-01 1.21487737e-01 6.86535001e-01 8.26634765e-01
    7.95678377e-01 2.09422410e-02 8.35893154e-01 3.31482738e-01
    6.21898353e-01 4.23207045e-01 7.36032069e-01 8.57570291e-01
    7.95046389e-01 4.82169569e-01 8.15476120e-01 8.93074036e-01
    4.55768496e-01 6.34775758e-01 1.22391999e-01 7.73985863e-01
    5.02783477e-01 1.25581264e-01 2.74530232e-01 9.13403928e-02
    9.61115956e-01 5.84110558e-01 3.15963030e-01 3.11499566e-01
    8.24477315e-01 4.00532603e-01 3.86799902e-01 6.26488209e-01
    9.01588678e-01 4.09675211e-01 2.09917992e-01 3.63309562e-01
    7.07471907e-01 1.64308697e-01 1.42290592e-02 7.26580381e-01
    9.42119241e-01 8.33640575e-01 9.45979059e-02 4.91753221e-03
    4.54149842e-02 2.22649246e-01 9.80848312e-01 9.98143315e-01
    2.49948531e-01 3.72674048e-01 5.08282304e-01 7.41883934e-01
    4.54522520e-01 6.94267154e-02 5.33240974e-01 6.00563645e-01
    9.12626922e-01 7.17623532e-01 6.92892075e-01 2.57474363e-01
    9.95211244e-01 2.76139915e-01 3.60675424e-01 1.19817287e-01
    8.71215820e-01 5.75848460e-01 8.59409094e-01 3.89367044e-02
    9.12467122e-01 5.83680987e-01 4.14399266e-01 3.56719971e-01
    1.20423466e-01 4.02894557e-01 5.44725239e-01 7.17582285e-01
    7.49229074e-01 2.35454679e-01 2.31403798e-01 4.86998677e-01
    5.83983004e-01 4.94379789e-01 6.59571707e-01 1.08757943e-01
    1.45532101e-01 9.21879768e-01 1.82078034e-01 1.52087659e-01
    4.26831901e-01 8.61658275e-01 5.72662413e-01 3.77618790e-01
    1.52153105e-01 3.03003728e-01 8.60470712e-01 4.43115562e-01
    4.40226823e-01 6.79128468e-01 1.95532292e-01 4.56826508e-01
    3.11236084e-01 8.45945597e-01 3.50624859e-01 9.44928765e-01
    5.48475742e-01 2.62208819e-01 5.17317355e-01 4.91099507e-01
    3.86406094e-01 1.22747421e-01 3.94559294e-01 9.41682100e-01
    9.39577818e-01 8.40706468e-01 2.53171414e-01 8.32859516e-01
    9.67125535e-01 6.74868941e-01 6.58536136e-01 6.65640950e-01
    3.05837274e-01 3.09457242e-01 4.51467186e-01 8.64188373e-02
    9.08117414e-01 5.32849133e-01 3.51973981e-01 6.91191196e-01
    6.32151663e-02 1.38022333e-01 4.14161414e-01 3.72414947e-01
    8.51364434e-02 1.54366702e-01 5.71366549e-02 6.48354113e-01
    2.17476368e-01 2.81657517e-01 5.86968660e-03 3.78358871e-01
    1.41000777e-01 4.50408161e-01 1.76532656e-01 2.46716410e-01
    9.79999542e-01 6.08616829e-01 7.05073118e-01 5.40324092e-01
    1.39799774e-01 3.56253684e-02 4.89803702e-01 4.92379367e-02
    7.35592425e-01 8.91489625e-01 9.98003125e-01 3.71788502e-01
    5.04132271e-01 2.43920386e-01 3.64034504e-01 2.64792740e-01
    8.67005467e-01 4.49311733e-03 5.70520759e-01 3.78569961e-03
    4.63010073e-01 5.61386108e-01 1.20067716e-01 4.38011527e-01
    2.10798234e-01 1.95924640e-02 3.40439647e-01 6.80862665e-01
    4.97700363e-01 3.68264914e-02 6.60321236e-01 6.61571503e-01
    5.48990071e-02 3.13632965e-01 9.39784229e-01 2.21206546e-02
    6.11008644e-01 9.43500161e-01 1.71523452e-01 1.84548736e-01
    6.60319149e-01 2.28159219e-01 4.61430550e-01 2.77644396e-01
    1.56821042e-01 5.71346581e-01 5.06995201e-01 3.35265338e-01
    9.27782893e-01 3.92155886e-01 3.98545563e-01 8.92588377e-01
    8.43460560e-02 6.57863200e-01 7.23781109e-01 8.31312776e-01
    7.97391891e-01 4.77209449e-01 5.42170644e-01 9.93901134e-01
    4.49802279e-02 3.34092885e-01 3.29665601e-01 7.22511411e-02
    5.40219426e-01 8.50948453e-01 6.25280499e-01 5.30603290e-01
    9.34243441e-01 5.76712787e-01 1.98547840e-01 1.30733937e-01
    3.56246054e-01 7.11631954e-01 9.19755280e-01 1.37249738e-01
    6.07494950e-01 1.34060293e-01 7.21356750e-01 9.09034908e-02
    4.80292141e-01 2.22846359e-01 6.56806231e-01 5.94029725e-01
    1.76372617e-01 4.46859062e-01 1.54506624e-01 8.74546409e-01
    1.86934739e-01 3.63860130e-01 4.15241659e-01 1.19915754e-01
    6.64705813e-01 5.37179768e-01 8.60092819e-01 8.85665178e-01
    9.63484526e-01 4.75225151e-01 4.15763348e-01 1.78395182e-01
    1.61123872e-01 9.84758377e-01 7.30073869e-01 5.28471649e-01
    3.66756707e-01 8.88334215e-02 5.13795376e-01 2.59350181e-01
    9.57169294e-01 9.27994013e-01 8.63942206e-01 4.81577784e-01
    2.35554576e-01 4.73924160e-01 9.31449294e-01 5.12126088e-02
    7.96910465e-01 2.36708999e-01 5.44106305e-01 8.19469094e-01
    8.05184960e-01 9.76712346e-01 4.61740851e-01 6.11023962e-01
    4.28375602e-03 5.80232441e-01 4.58846807e-01 8.91888857e-01
    6.11660540e-01 5.24203479e-02 4.92920011e-01 8.67847562e-01
    2.33920902e-01 9.13539648e-01 8.12460303e-01 9.39412236e-01
    2.65817344e-01 2.71138549e-01 9.43830311e-02 8.12596023e-01
    1.84500128e-01 9.66452003e-01 2.68786132e-01 8.52764547e-01
    5.13310671e-01 4.79233831e-01 7.67677724e-01 8.87399256e-01
    4.41141665e-01 8.68457496e-01 7.54076242e-02 8.73900294e-01
    9.18312550e-01 4.12077934e-01 6.58651292e-02 5.01281202e-01
    8.94853413e-01 8.71860385e-01 8.33998680e-01 8.55761170e-01
    7.38198638e-01 6.22022390e-01 4.46934521e-01 6.91822350e-01
    2.88552582e-01 1.33250058e-02 7.81258762e-01 9.04714346e-01
    6.92307174e-01 4.16817933e-01 2.03671902e-01 9.56945479e-01
    5.70260108e-01 7.30258167e-01 9.62007642e-01 3.79984379e-01
    1.73444897e-01 1.01347655e-01 4.32977587e-01 8.62634659e-01
    2.22031176e-02 6.73707008e-01 3.55645180e-01 1.63449019e-01
    3.13212186e-01 8.98095131e-01 1.20215774e-01 1.17420107e-01
    2.49529243e-01 2.27347523e-01 6.04613900e-01 6.54006660e-01
    9.93933141e-01 6.32771671e-01 1.20322108e-01 9.20501709e-01
    1.41144395e-01 9.51068997e-02 9.67312396e-01 6.28992558e-01
    9.22957063e-01 8.61720681e-01 8.72203946e-01 8.45480323e-01
    8.49312544e-01 7.24758565e-01 7.04119742e-01 9.98867631e-01
    6.95452094e-01 6.48022950e-01 6.89027965e-01 5.98635077e-01
    3.11809540e-01 6.46416843e-01 1.08651251e-01 6.16390407e-01
    1.60009772e-01 8.46355081e-01 1.57911628e-01 2.48740882e-01
    1.60321295e-02 6.78321123e-01 8.80061388e-01 2.54868209e-01
    3.81696612e-01 9.78669405e-01 1.24515474e-01 8.77705216e-03
    5.35618007e-01 6.63739920e-01 8.30920458e-01 1.59370393e-01
    4.50158447e-01 9.15241480e-01 8.23511541e-01 1.91467434e-01
    7.71808147e-01 3.45932841e-01 1.11279070e-01 2.14607477e-01
    4.63242143e-01 7.53858149e-01 3.17767262e-03 2.15544164e-01
    5.30355394e-01 4.44365025e-01 4.18080330e-01 9.61205006e-01
    9.20302033e-01 2.04042137e-01 9.56901789e-01 4.11960959e-01
    2.10158139e-01 6.62439048e-01 2.05154836e-01 2.38618314e-01
    7.42414117e-01 3.06088030e-01 9.68485475e-01 4.62398946e-01
    1.35596901e-01 6.24702871e-01 4.16982949e-01 2.69070148e-01
    8.23152304e-01 7.03974783e-01 7.36639380e-01 3.43568504e-01
    2.41469771e-01 5.68759203e-01 5.78317285e-01 6.16500676e-02
    6.58959568e-01 1.76467150e-01 4.83176261e-01 1.99096799e-02
    1.17940366e-01 9.77863789e-01 1.18224829e-01 8.43771636e-01
    4.47888762e-01 4.53369677e-01 3.70155811e-01 4.59627599e-01
    3.41509998e-01 5.64600587e-01 1.56375438e-01 3.60541731e-01
    7.46203840e-01 6.25621974e-02 1.20754540e-02 1.35662675e-01
    9.05289054e-01 8.69025111e-01 8.91551256e-01 5.73553503e-01
    9.49436665e-01 9.74159122e-01 5.94312549e-01 4.28909600e-01
    6.37512624e-01 2.23499477e-01 1.82276875e-01 9.72219467e-01
    8.89888883e-01 3.94407749e-01 4.54129457e-01 5.38130224e-01
    6.62523627e-01 5.75153172e-01 2.85876453e-01 7.79668450e-01
    3.66000235e-01 9.45511401e-01 5.34529269e-01 9.40258682e-01
    4.76689696e-01 3.23811561e-01 3.88621330e-01 1.10915840e-01
    1.69642687e-01 4.50075090e-01 7.68785238e-01 8.17643702e-01
    1.47914916e-01 5.66604853e-01 3.27579319e-01 2.93582141e-01
    8.49051833e-01 4.76593375e-02 6.00879073e-01 7.05329716e-01
    8.34257841e-01 7.65858948e-01 6.33373559e-01 7.31581748e-01
    2.18625158e-01 1.81000352e-01 1.26001835e-02 4.28372920e-02
    3.94577444e-01 8.04994345e-01 5.51129878e-02 1.73512161e-01
    5.71244240e-01 1.76813543e-01 8.69853377e-01 2.71814108e-01
    4.29157823e-01 3.24915767e-01 9.53985393e-01 7.65941381e-01
    6.13774002e-01 5.99361241e-01 6.28440499e-01 6.45967305e-01
    7.05825984e-01 7.69371867e-01 8.72464180e-02 8.73564720e-01
    5.80722630e-01 6.06227815e-02 8.55921626e-01 7.82406092e-01
    9.61304724e-01 3.01384687e-01 9.19804633e-01 8.75465572e-01
    1.55060023e-01 8.44035506e-01 7.20974207e-01 4.69009042e-01
    6.15432322e-01 6.88925564e-01 3.22889686e-02 5.43627679e-01
    2.95466959e-01 6.43922091e-02 2.73453236e-01 3.93652737e-01
    4.12636429e-01 3.73364091e-01 2.16348290e-01 8.56676698e-02
    9.35036719e-01 5.21081388e-01 9.45594907e-01 9.77155030e-01
    7.75969028e-01 7.62555957e-01 8.21530700e-01 9.92553174e-01
    8.82320285e-01 5.09246469e-01 4.24587429e-02 3.67326587e-01
    4.53144491e-01 8.39803278e-01 5.77147126e-01 3.70734096e-01
    2.67665327e-01 6.14798605e-01 2.03280330e-01 2.29130089e-02
    6.47408903e-01 9.66895819e-01 1.55186355e-02 8.33985686e-01
    3.46290231e-01 6.59536839e-01 2.03756988e-01 8.89330029e-01
    3.21040273e-01 3.98535311e-01 7.21432567e-01 5.37806153e-01
    9.04842734e-01 5.54393947e-01 7.71684408e-01 3.34844947e-01
    4.64572310e-01 7.29714274e-01 7.09137797e-01 2.23825455e-01
    5.23756385e-01 5.44805586e-01 9.40724850e-01 4.55997944e-01
    7.74399519e-01 5.36527157e-01 6.06579423e-01 2.81354725e-01
    3.66261274e-01 2.10963011e-01 6.65923476e-01 6.44495666e-01
    1.63579732e-01 1.98665619e-01 8.46110880e-01 6.06784225e-02
    3.45360994e-01 2.63032496e-01 1.23459190e-01 7.77747869e-01
    7.03591943e-01 6.87302351e-01 7.85568237e-01 6.48279488e-01
    6.19603455e-01 2.01740742e-01 3.89960706e-01 1.05433077e-01
    5.58568358e-01 8.60210061e-01 2.16584057e-01 9.88161385e-01
    6.29969776e-01 2.46901631e-01 5.80260336e-01 1.21671110e-01
    1.24091536e-01 5.77943027e-02 7.79701710e-01 1.55646563e-01
    5.80386281e-01 6.83877170e-02 4.97707099e-01 6.66526020e-01
    3.21881503e-01 8.15066099e-01 8.83582234e-03 7.67044783e-01
    9.33081567e-01 7.29584754e-01 8.69171917e-02 9.77640152e-01
    1.66492105e-01 3.56968284e-01 4.60206926e-01 8.96243334e-01
    7.90130198e-01 9.09980416e-01 5.72515428e-02 9.43821669e-01
    2.76288748e-01 3.07229638e-01 7.11360216e-01 4.94756550e-01
    9.85598922e-01 2.64696419e-01 7.04183221e-01 1.32230848e-01
    2.88538009e-01 2.64375985e-01 9.32880342e-01 5.98314047e-01
    3.73892188e-01 9.06529427e-01 1.85348809e-01 5.50568819e-01
    4.52573478e-01 3.84544045e-01 2.69638628e-01 3.85961771e-01
    6.50912404e-01 3.80101442e-01 8.65096092e-01 4.54612434e-01
    9.41925764e-01 3.31384331e-01 1.10617638e-01 1.65464342e-01
    6.38475299e-01 9.97453332e-02 5.82857072e-01 5.61553895e-01
    2.46268660e-01 1.01925284e-01 6.50982440e-01 3.46668720e-01
    1.65951252e-01 4.91781116e-01 1.99160188e-01 6.96862936e-01
    5.58279514e-01 9.96976972e-01 7.98382401e-01 2.77954638e-01
    5.70245862e-01 7.43496001e-01 5.68278134e-02 8.29216003e-01
    2.12642342e-01 1.70129508e-01 5.57450771e-01 5.69422781e-01
    2.27219760e-01 6.89050436e-01 6.31834745e-01 6.60975575e-01
    5.04441857e-01 5.81873059e-01 3.60065103e-01 7.90692329e-01
    9.44815755e-01 7.26176977e-01 1.39619946e-01 1.00818783e-01
    8.56221914e-01 2.18911141e-01 1.90698177e-01 5.65540612e-01
    5.96379161e-01 6.27322853e-01 3.77060235e-01 5.34959018e-01
    1.64582461e-01 5.51459670e-01 5.26597440e-01 3.48910093e-01
    5.59857130e-01 2.64466375e-01 2.66290903e-01 9.86830711e-01
    1.70514703e-01 5.17189622e-01 6.94559097e-01 6.52173400e-01
    3.13513517e-01 1.07307553e-01 5.93378186e-01 4.35687035e-01
    3.86269182e-01 4.71927524e-02 4.16578770e-01 5.48359156e-01
    3.41025203e-01 3.32361519e-01 6.14986658e-01 8.80305529e-01
    3.59120727e-01 6.65613532e-01 8.77613544e-01 6.34749174e-01
    9.79184151e-01 7.18678951e-01 9.65661705e-02 6.37072861e-01
    5.56972504e-01 7.27173269e-01 8.16980958e-01 4.41518396e-01
    9.98672009e-01 5.01147509e-01 1.45588875e-01 8.74239564e-01
    1.78149641e-01 3.25848579e-01 2.75392652e-01 8.22568536e-01
    2.74726570e-01 4.68722582e-02 8.45662594e-01 6.74527824e-01
    2.51928627e-01 4.97170180e-01 1.45760596e-01 1.28106236e-01
    3.04611921e-02 9.50573921e-01 5.69238663e-01 8.50885153e-01
    8.73968840e-01 4.50975120e-01 6.83119118e-01 6.69949412e-01
    4.54654932e-01 8.42123389e-01 1.47677809e-01 2.25447178e-01
    1.18714094e-01 3.36574912e-01 5.60176075e-01 7.01486170e-01
    2.06534415e-01 3.38358521e-01 6.41230226e-01 8.07195246e-01
    8.94356787e-01 9.43571329e-01 2.35363275e-01 8.69726956e-01
    9.38850045e-02 4.45702076e-02 5.50830841e-01 7.25588083e-01
    6.62762642e-01 4.98763293e-01 3.48660111e-01 4.10748541e-01
    1.76563859e-01 7.99842596e-01 6.99852049e-01 4.02683109e-01
    5.46960711e-01 7.76903987e-01 8.26653421e-01 5.97648263e-01
    3.71996135e-01 8.90731156e-01 8.10989618e-01 5.43977797e-01
    3.61694276e-01 4.20021474e-01 9.34130907e-01 3.58704090e-01
    4.72567260e-01 6.89211726e-01 7.64988363e-01 8.23170066e-01
    3.34548652e-01 7.61060476e-01 4.04828876e-01 5.97077012e-01
    2.47389317e-01 6.02275133e-01 2.09676921e-01 3.24438751e-01
    5.22000313e-01 4.63932246e-01 1.24400586e-01 8.27096224e-01
    7.53973126e-01 8.37250292e-01 1.19844377e-01 5.64984381e-01
    6.34528756e-01 2.16557652e-01 2.04165876e-02 4.94031459e-01
    9.87182617e-01 2.18792617e-01 3.17943513e-01 3.71053159e-01
    6.59678042e-01 7.46708453e-01 1.79267943e-01 3.10977042e-01
    5.77125549e-01 9.26103473e-01 6.88545346e-01 5.55305958e-01
    3.46553266e-01 3.14277798e-01 2.41096437e-01 8.99411738e-02
    6.76662505e-01 9.73476946e-01 5.78470230e-01 5.37245512e-01
    7.03717470e-01 1.53739750e-01 4.38131750e-01 7.83798516e-01
    3.68101597e-02 4.56052691e-01 5.37002385e-01 5.73399425e-01
    9.74753082e-01 6.47211969e-02 1.31534070e-01 6.50910854e-01
    4.27111238e-01 2.62192786e-01 8.86744022e-01 8.20930839e-01
    3.65343690e-01 9.19649839e-01 5.46000600e-01 8.26470017e-01
    2.48322666e-01 4.65230763e-01 3.60496789e-01 4.72692877e-01
    5.76978445e-01 3.24972868e-01 6.34662271e-01 4.94468212e-01
    5.76441646e-01 6.00799441e-01 5.17994165e-02 1.18886203e-01
    9.45160925e-01 8.33275080e-01 9.97210145e-01 9.72230077e-01
    1.19224638e-01 4.97789532e-01 7.88762450e-01 3.11146617e-01
    1.51385397e-01 6.63956881e-01 3.52734447e-01 3.72149825e-01
    6.78680182e-01 6.16682053e-01 8.51535439e-01 1.06456131e-01
    6.55542135e-01 3.61185074e-02 9.72906828e-01 2.22146034e-01
    3.53527308e-01 7.94954181e-01 3.13236892e-01 1.11784428e-01
    1.70826018e-02 6.07313037e-01 7.21519589e-01 8.49835753e-01
    6.92610979e-01 4.02774632e-01 2.84458190e-01 3.73760462e-02
    4.91788030e-01 7.37424731e-01 8.83001685e-01 7.26396263e-01
    7.20195115e-01 6.04252517e-01 5.68573177e-01 6.72493339e-01
    7.26518214e-01 6.28626347e-01 9.52304244e-01 9.68707800e-01
    7.78704405e-01 7.17669249e-01 1.13308460e-01 7.24143207e-01
    5.35704374e-01 7.31340051e-02 5.99891782e-01 3.59764099e-02
    6.90603554e-01 3.17933202e-01 3.87929201e-01 6.74086034e-01
    1.69710308e-01 3.88549745e-01 6.16863966e-01 9.58387554e-01
    4.35310394e-01 6.38583541e-01 3.72092605e-01 4.36802149e-01
    1.26468539e-01 6.64397001e-01 7.61434317e-01 5.85244238e-01
    1.11871570e-01 8.55354190e-01 6.31489396e-01 5.96084654e-01
    8.53848934e-01 6.55921936e-01 3.77923518e-01 2.37681270e-02
    9.89226460e-01 3.48371625e-01 2.97961712e-01 8.99722278e-01
    4.45119113e-01 8.35683703e-01 5.19717336e-02 2.62127459e-01
    6.31110907e-01 4.58077848e-01 8.33823979e-01 8.41477573e-01
    2.30363637e-01 2.12589025e-01 1.68671042e-01 8.81867051e-01
    1.61742121e-01 9.48103011e-01 5.64446807e-01 8.32270205e-01
    8.33944917e-01 2.65710890e-01 5.52719176e-01 9.50907111e-01
    7.64818668e-01 5.99175990e-01 7.37490714e-01 9.94318962e-01
    3.99440169e-01 2.63978124e-01 3.70160341e-02 1.20964944e-01
    4.00957316e-01 4.07454520e-01 6.76607847e-01 5.29113412e-01
    6.97532594e-01 7.20703483e-01 3.72075617e-01 2.22900778e-01
    7.94894218e-01 3.34010720e-02 7.62673914e-01 7.87236989e-02
    8.47650051e-01 5.80538511e-02 6.16608381e-01 4.22612578e-01
    2.13825077e-01 9.11669970e-01 7.44040251e-01 1.49063140e-01
    6.01564348e-01 1.85515821e-01 6.49609983e-01 2.56138116e-01
    5.97346783e-01 4.92068678e-01 6.85234070e-02 6.60810411e-01
    1.16705239e-01 7.90480733e-01 3.82759720e-01 8.37343335e-02
    1.76070392e-01 1.74618363e-02 9.66736794e-01 1.25705659e-01
    2.02785105e-01 2.31253564e-01 9.13427174e-01 4.30559933e-01
    1.49409831e-01 5.20809889e-01 8.57277811e-01 2.23375797e-01
    8.88295174e-01 8.74213040e-01 7.71381199e-01 4.89012301e-02
    8.92509341e-01 8.12109828e-01 9.06626880e-02 1.23770237e-01
    9.50429082e-01 7.36724138e-01 7.92860985e-03 4.76600915e-01
    6.74019217e-01 1.71715289e-01 1.41972125e-01 4.95767385e-01
    1.70394897e-01 2.12365091e-02 4.76036370e-02 1.99311882e-01
    1.47562325e-01 9.56324756e-01 9.57064211e-01 1.50734782e-02
    7.67790914e-01 5.52952111e-01 4.41384077e-01 8.27416539e-01
    1.16408259e-01 2.58962035e-01 3.79588246e-01 6.18339777e-02
    1.78158730e-01 6.29577279e-01 4.98201221e-01 9.16456223e-01
    2.75296390e-01 8.79758596e-02 7.65723884e-01 4.10875142e-01
    5.55179298e-01 7.08239079e-02 3.96859050e-02 5.98745763e-01
    7.28151560e-01 8.86643767e-01 3.10022950e-01 8.81337285e-01
    3.75230342e-01 6.09644413e-01 3.43710005e-01 4.76932675e-01
    5.30931711e-01 2.76783973e-01 5.87614238e-01 6.39352918e-01
    6.34302497e-01 8.93694341e-01 9.23267365e-01 4.58698809e-01
    1.19912505e-01 3.63122463e-01 5.38949370e-01 4.42276686e-01
    5.17845035e-01 3.80704790e-01 9.95529413e-01 7.15268195e-01
    1.09941870e-01 3.47369850e-01 9.87163484e-02 8.65085602e-01
    3.01782131e-01 6.14819169e-01 4.14475828e-01 4.36162055e-01
    4.70947385e-01 2.69044429e-01 6.71881795e-01 1.89468265e-01
    3.78164113e-01 2.71816045e-01 9.70572531e-01 3.15719366e-01
    2.36897826e-01 1.27294123e-01 5.32793045e-01 4.76056218e-01
    2.93591976e-01 2.73146629e-01 7.83883929e-01 8.79105806e-01
    2.74566889e-01 6.44858420e-01 7.69132018e-01 7.53918350e-01
    7.75832117e-01 7.96804428e-01 1.45986617e-01 5.78960717e-01
    9.30480659e-02 4.41435933e-01 2.20383644e-01 8.06593060e-01
    6.33792698e-01 4.44679707e-01 6.27672970e-01 2.75907516e-02
    6.08162642e-01 6.19465709e-02 7.93817222e-01 2.68584430e-01
    6.37402475e-01 4.04539198e-01 1.47978783e-01 6.27481222e-01
    4.32286143e-01 2.15125710e-01 2.94806361e-02 9.57537174e-01
    6.18105292e-01 5.84743857e-01 2.70629883e-01 6.17418945e-01
    2.01026738e-01 4.50419456e-01 9.75520849e-01 5.57014108e-01
    6.70323253e-01 5.52978873e-01 6.99855447e-01 6.71122313e-01
    3.82491916e-01 1.14816070e-01 1.29630566e-02 3.05507243e-01
    2.63219714e-01 9.04862881e-01 4.04563904e-01 7.66385257e-01
    4.47411984e-01 4.82038856e-01 3.00984979e-01 1.68230981e-01
    5.05776763e-01 7.31994808e-02 5.33307374e-01 7.05360472e-01
    7.75157332e-01 6.90352917e-03 6.27621293e-01 2.58669734e-01
    9.24729824e-01 7.42572308e-01 5.37689626e-02 2.62942553e-01
    6.91331625e-01 1.51815563e-01 1.47747964e-01 4.39995229e-01
    1.70191944e-01 9.03194070e-01 6.30251765e-01 5.84270120e-01
    2.29292572e-01 8.06760013e-01 9.69959021e-01 4.20247287e-01
    6.35287821e-01 8.39587331e-01 4.99285430e-01 2.96035647e-01
    6.34357989e-01 5.65521896e-01 6.08415902e-01 5.66908360e-01
    1.81607306e-01 8.32837999e-01 2.39790618e-01 8.80834639e-01
    4.37477589e-01 7.80105472e-01 9.22339559e-01 1.89544201e-01
    5.52953303e-01 3.46219420e-01 8.97868752e-01 1.40234768e-01
    5.25184572e-01 2.70449698e-01 7.78641105e-01 3.28348130e-01
    4.75451380e-01 9.16284800e-01 3.77604663e-01 9.55742240e-01
    7.02870786e-01 4.81765032e-01 9.00079250e-01 1.94384515e-01
    6.96338117e-01 3.01073015e-01 4.83587623e-01 6.53305411e-01
    8.06148469e-01 2.55671024e-01 6.35757685e-01 5.18324733e-01
    5.93918741e-01 6.07293606e-01 2.57504940e-01 3.29232305e-01
    4.28025126e-01 1.39416218e-01 7.52980113e-02 7.60838032e-01
    1.87218517e-01 7.67060518e-01 2.00560451e-01 9.45272684e-01
    5.06901741e-01 4.55284476e-01 5.24272323e-01 7.68636525e-01
    5.59735596e-02 2.70068526e-01 7.97696412e-01 9.13779318e-01
    3.75079662e-01 2.12560505e-01 3.13885212e-01 9.88506556e-01
    6.02679968e-01 8.59081745e-02 6.37969971e-01 4.03068274e-01
    5.71477354e-01 8.42338443e-01 9.26515341e-01 5.93882918e-01
    5.88218212e-01 8.06172371e-01 7.84974217e-01 6.42589688e-01
    3.46484065e-01 7.76135206e-01 9.90440130e-01 7.49042571e-01
    4.56027687e-02 3.26513946e-01 6.12667561e-01 6.06369674e-01
    9.69408751e-01 1.80788904e-01 4.54214513e-01 2.37972289e-01
    7.72415519e-01 4.27072525e-01 6.20490193e-01 8.47908616e-01
    3.04087996e-01 8.04898441e-02 6.99843466e-01 3.22544366e-01
    8.26264620e-01 6.39516413e-01 2.61466801e-01 2.30607212e-01
    6.08300149e-01 1.22082055e-01 2.92000771e-01 3.50904107e-01
    5.57488739e-01 5.63941836e-01 4.50359583e-02 3.27853262e-02
    6.05994582e-01 6.83276772e-01 5.24098217e-01 8.16354156e-03
    2.94232965e-01 6.23794734e-01 6.71213448e-01 2.91739792e-01
    4.98933494e-02 2.66964316e-01 4.65264767e-01 8.49854469e-01
    8.59632730e-01 1.38784856e-01 5.56534529e-01 6.60318851e-01
    8.97949100e-01 5.86388588e-01 5.61094940e-01 9.33048248e-01
    9.39002275e-01 9.02890086e-01 3.13900858e-01 1.09144360e-01
    3.96718264e-01 2.18662143e-01 8.30941021e-01 8.16370010e-01
    7.71601677e-01 9.44813013e-01 4.79621589e-02 8.64086151e-01
    7.17991531e-01 8.13124299e-01 6.45149887e-01 2.91644454e-01
    4.97286648e-01 3.70982289e-03 2.80384541e-01 2.72683799e-01
    6.01035416e-01 9.66071248e-01 6.30320609e-02 5.05238771e-03
    3.72454941e-01 9.83430505e-01 6.68434381e-01 1.04308128e-03
    7.80524373e-01 3.96949917e-01 6.46129251e-02 2.22102135e-01
    9.59599733e-01 2.27967262e-01 3.09571743e-01 2.37596333e-02
    9.13785458e-01 3.43210101e-01 9.25312042e-01 9.60834622e-02
    3.67035538e-01 2.68042684e-02 7.52979755e-01 1.12098157e-01
    9.55178380e-01 9.20060039e-01 3.16379488e-01 3.52349699e-01
    5.62009037e-01 7.92157531e-01 2.55789816e-01 5.23514926e-01
    7.73685575e-01 9.37789679e-01 4.49555814e-02 6.52096927e-01
    9.99298990e-02 7.91372120e-01 5.98250151e-01 9.56227303e-01
    4.10573840e-01 3.55764031e-02 7.68857360e-01 3.23873341e-01
    4.34284300e-01 1.71348751e-01 4.75405037e-01 9.47682858e-01
    8.01361263e-01 5.37277937e-01 4.15872335e-02 7.95566201e-01
    5.10719836e-01 9.29449558e-01 7.90200949e-01 5.13493896e-01
    9.49907064e-01 1.98011547e-01 2.43652523e-01 6.94527388e-01
    6.88689232e-01 5.06711960e-01 5.87325156e-01 5.85891485e-01
    1.78053975e-02 5.58504403e-01 9.74643946e-01 2.93243527e-01
    7.11577594e-01 9.25139487e-01 2.72857428e-01 7.10843563e-01
    9.79984045e-01 4.36464012e-01 9.31847095e-01 7.68569708e-02
    6.37161851e-01 2.75979370e-01 4.53553796e-01 3.27070117e-01
    4.70101714e-01 7.80602634e-01 4.08695310e-01 3.45153034e-01
    8.57529640e-01 4.55229819e-01 8.40811014e-01 7.47487307e-01
    1.13839954e-01 9.20422375e-01 4.47510451e-01 6.45868242e-01
    9.22744155e-01 4.36485380e-01 8.23749900e-01 2.02297032e-01
    9.09701109e-01 5.96020520e-02 3.64519179e-01 8.79514694e-01
    9.23829913e-01 3.64223778e-01 9.51420367e-01 7.05055892e-01
    3.75476956e-01 2.68978000e-01 8.65830064e-01 5.34100711e-01
    5.82615733e-01 6.72510147e-01 1.73063159e-01 1.73046559e-01
    3.35690379e-02 6.18661344e-02 6.39480233e-01 8.86884212e-01
    6.73468828e-01 6.40894055e-01 9.75930333e-01 2.13800699e-01
    3.29882383e-01 9.78720546e-01 7.64932752e-01 8.76498759e-01
    2.92189538e-01 8.23443770e-01 6.31802797e-01 8.96011710e-01
    8.89437079e-01 6.61903739e-01 9.70912576e-01 2.82329559e-01
    8.54677856e-02 3.81885052e-01 1.05078816e-02 2.56347835e-01
    6.29245996e-01 9.90608633e-01 5.58229387e-01 7.42554903e-01
    7.01212823e-01 2.01461881e-01 5.94354808e-01 5.94258428e-01
    4.49280530e-01 5.14159441e-01 2.51224756e-01 7.41345406e-01
    9.73916769e-01 7.22246647e-01 4.65107024e-01 4.80666757e-03
    2.22860485e-01 9.00763273e-02 1.02571756e-01 1.44782066e-01
    6.94932342e-01 6.40591860e-01 9.43729043e-01 3.34388137e-01
    8.93426538e-01 7.53652930e-01 7.99980044e-01 6.28857911e-01
    3.63179117e-01 3.20437253e-01 4.44915920e-01 8.55500698e-01
    4.44320440e-01 5.84094584e-01 2.44039237e-01 1.03976607e-01
    5.81390381e-01 6.29791319e-01 3.42819035e-01 3.26382399e-01
    2.57029653e-01 1.82212293e-02 7.47164130e-01 5.88718772e-01
    1.87900156e-01 6.04890645e-01 6.39955878e-01 6.36876464e-01
    2.55158305e-01 1.50401443e-01 5.41226804e-01 8.19396496e-01
    2.17540443e-01 8.94068360e-01 6.05954826e-02 2.11613655e-01
    1.95041955e-01 5.37460566e-01 5.07585943e-01 7.71470547e-01
    4.86488223e-01 2.85654008e-01 3.61413121e-01 3.70312512e-01
    4.14092332e-01 1.99555844e-01 4.35939580e-01 3.48209023e-01
    8.31026733e-02 3.30633849e-01 5.62541962e-01 7.58515775e-01
    4.17121381e-01 5.52213132e-01 6.25402689e-01 5.29602826e-01
    1.87832803e-01 2.70096272e-01 6.39916241e-01 6.85868740e-01
    1.77092910e-01 5.66716552e-01 2.75396287e-01 9.74762142e-02
    4.89091277e-01 9.13685620e-01 9.03382182e-01 9.44585383e-01
    4.47915941e-01 7.91437984e-01 9.03914988e-01 2.83956468e-01
    1.59127295e-01 3.19529474e-02 7.32917309e-01 5.38865149e-01
    4.76139247e-01 9.37981606e-01 4.70821559e-02 8.24064851e-01
    8.98117781e-01 5.21785319e-01 2.11285770e-01 4.48219121e-01
    7.04701900e-01 6.63112283e-01 5.05949914e-01 8.11231375e-01
    7.86363125e-01 9.49415565e-01 5.86260617e-01 6.36407793e-01
    1.95727408e-01 9.82542515e-01 2.87935615e-01 1.22253537e-01
    7.04886734e-01 3.50379020e-01 5.00225186e-01 1.40918523e-01
    9.63243484e-01 4.02922869e-01 3.40446055e-01 1.53975517e-01
    9.71161723e-01 3.53914440e-01 8.70295942e-01 4.21894014e-01
    8.82119775e-01 6.19085968e-01 2.36323088e-01 6.48325384e-01
    3.76082271e-01 5.23936927e-01 6.61618352e-01 7.82410502e-01
    8.55394125e-01 9.29444909e-01 8.46207678e-01 9.40358341e-01
    7.72609413e-02 6.67610228e-01 6.39861703e-01 2.72541940e-01
    1.67285949e-01 7.64025629e-01 3.04464132e-01 3.57536376e-01
    1.87161714e-01 8.32398295e-01 1.78148896e-01 3.71909052e-01
    2.47887313e-01 9.41721439e-01 7.61715412e-01 9.19913173e-01
    6.93020761e-01 6.98313594e-01 3.40370834e-01 5.58055639e-02
    1.01305991e-01 9.40201402e-01 8.94230127e-01 3.62231493e-01
    9.07083988e-01 7.38564610e-01 5.77994585e-02 3.40490103e-01
    7.72429705e-01 5.17033339e-01 8.17098498e-01 5.15403211e-01
    7.46130109e-01 6.81792855e-01 4.10554945e-01 9.47571099e-01
    2.09957480e-01 9.52153683e-01 5.38535476e-01 6.72864676e-01
    9.13603663e-01 2.87644297e-01 3.88797820e-02 8.04425836e-01
    6.31396174e-01 1.67393357e-01 4.77190673e-01 2.39181638e-01
    1.20747179e-01 6.98376119e-01 9.43656743e-01 3.22150648e-01
    8.99763465e-01 9.24997151e-01 6.90828383e-01 9.33316946e-01
    4.13398027e-01 1.25386238e-01 9.65172410e-01 5.32525599e-01
    4.48191762e-02 9.47583199e-01 3.03473383e-01 7.25324452e-01
    8.64372253e-02 4.68297333e-01 7.14606881e-01 2.41883039e-01
    5.75795352e-01 3.02002132e-01 4.25916314e-01 3.16723883e-02
    9.67957735e-01 9.30870056e-01 7.05578864e-01 8.70469272e-01
    4.04129922e-02 4.79859620e-01 5.81197500e-01 5.31973660e-01
    1.85599655e-01 7.46995389e-01 8.13655555e-01 3.63023639e-01
    8.33396196e-01 7.80643702e-01 2.72632837e-01 3.84567112e-01
    7.36572266e-01 3.48433554e-01 3.72412741e-01 4.03769851e-01
    3.53872001e-01 6.60621166e-01 3.71447623e-01 6.99538827e-01
    3.71593356e-01 3.12449157e-01 4.46195334e-01 3.53906810e-01
    5.15709519e-01 8.00787568e-01 2.51693904e-01 3.11658621e-01
    9.21301484e-01 8.37529719e-01 1.75318062e-01 5.08162200e-01
    3.88242245e-01 5.81996799e-01 6.59858286e-02 9.14696991e-01
    8.53487611e-01 3.53652716e-01 6.72857225e-01 2.66290307e-02
    7.59164691e-01 7.88690567e-01 3.74305248e-01 3.25999260e-01
    5.30090272e-01 8.12912941e-01 3.31258476e-01 3.49322319e-01
    3.21854889e-01 6.77302241e-01 6.79900408e-01 5.78632951e-01
    6.06994629e-02 1.86372519e-01 9.49967027e-01 1.78697020e-01
    7.33731389e-01 1.07735366e-01 4.28445518e-01 7.68981338e-01
    7.54793346e-01 1.61679596e-01 6.94259465e-01 7.49346077e-01
    1.08637094e-01 5.78248143e-01 8.75339508e-02 1.03634864e-01
    9.37965035e-01 7.86437273e-01 3.94381523e-01 4.22285795e-02
    1.00416064e-01 6.38464808e-01 3.06111038e-01 4.14253861e-01
    2.96835214e-01 3.82498533e-01 1.75449103e-01 6.98973894e-01
    2.60529757e-01 8.12390089e-01 8.71125221e-01 6.62572682e-02
    1.81762010e-01 3.09533507e-01 5.65662622e-01 6.91142380e-02
    7.53677070e-01 3.08252960e-01 3.93468678e-01 3.86001408e-01
    5.80376804e-01 8.31728816e-01 1.53641492e-01 7.79156089e-01
    4.35811251e-01 9.99129832e-01 2.59845555e-01 5.14274836e-01
    9.76499021e-01 2.16117233e-01 4.05305624e-02 5.19225001e-03
    4.15585726e-01 7.17765391e-02 5.85805535e-01 4.12277877e-01
    9.33596492e-02 6.95326924e-01 3.90984118e-02 4.13442940e-01
    1.02859437e-02 7.84100413e-01 5.02151132e-01 9.27570820e-01
    1.25283360e-01 7.93439388e-01 1.88085258e-01 2.86392331e-01
    7.28799939e-01 5.45378625e-01 2.50978082e-01 3.30344081e-01
    8.12761664e-01 2.65922099e-01 7.07059801e-01 3.71396661e-01
    8.93582463e-01 9.74367261e-01 2.92480141e-01 2.39495635e-01
    8.40067267e-01 7.10203171e-01 3.84059697e-01 3.61048162e-01
    5.01661539e-01 8.43555152e-01 9.72718716e-01 3.53881955e-01
    4.71521676e-01 1.66600734e-01 4.90288675e-01 4.49992865e-01
    9.03682232e-01 1.80596560e-01 8.82724464e-01 3.36809576e-01
    4.23294127e-01 7.27243066e-01 9.05311227e-01 5.82020998e-01
    7.90849209e-01 1.17420852e-02 3.52048576e-01 6.28120601e-02
    1.51692033e-02 8.87305617e-01 8.47821832e-01 9.57808733e-01
    1.08217865e-01 9.16422069e-01 5.61896145e-01 9.53386724e-01
    4.75424349e-01 5.35703361e-01 6.56284571e-01 6.75048470e-01
    1.70877874e-01 6.59928262e-01 2.70120263e-01 1.22107744e-01
    1.37379855e-01 4.16876942e-01 3.60603631e-02 2.02156723e-01
    1.62643522e-01 2.73789227e-01 7.82545447e-01 4.16339457e-01
    3.09868693e-01 8.67888570e-01 6.18605733e-01 9.63811219e-01
    8.19590211e-01 4.96217459e-01 6.74956918e-01 1.80958211e-01
    9.15212870e-01 8.03595901e-01 8.26971233e-01 7.61027336e-01
    9.47443604e-01 8.93846869e-01 4.22739416e-01 5.15896082e-02
    1.94372863e-01 1.64612114e-01 1.01830125e-01 5.84906936e-02
    6.50736570e-01 7.52367258e-01 8.71590614e-01 2.14108199e-01
    9.23547149e-01 4.21464950e-01 5.50077319e-01 4.76746470e-01
    1.52569801e-01 6.47710323e-01 4.75873739e-01 7.86384463e-01
    3.27356994e-01 4.54989910e-01 6.86421871e-01 3.51900518e-01
    1.83803529e-01 2.44325012e-01 2.81776845e-01 7.96945274e-01
    7.58763433e-01 4.43728566e-01 1.37034148e-01 6.80519998e-01
    4.27163422e-01 9.76869106e-01 2.41004884e-01 1.08411461e-01
    2.89505482e-01 7.87712097e-01 5.69522619e-01 7.06305265e-01
    9.92942154e-01 7.90671706e-01 7.09519446e-01 7.89051473e-01
    6.36134744e-01 1.14027232e-01 6.33828104e-01 3.64576221e-01
    8.49881768e-01 5.87691307e-01 9.22354341e-01 8.03332567e-01
    7.36798346e-01 6.17994189e-01 3.81458610e-01 5.53320646e-01
    2.16897190e-01 5.74103594e-01 8.04171443e-01 5.68360090e-03
    3.77820522e-01 3.19859684e-01 7.68112838e-02 2.23550022e-01
    2.73787916e-01 9.99286294e-01 7.91884124e-01 8.52608442e-01
    4.50309575e-01 6.01189733e-01 2.80427337e-01 4.81689930e-01
    8.28764439e-02 1.29665375e-01 4.27845597e-01 2.22971559e-01
    6.98843718e-01 1.92203522e-02 7.44692504e-01 5.18617034e-01
    6.23201549e-01 5.41814685e-01 3.16815257e-01 2.26134121e-01
    4.75722730e-01 8.88028383e-01 5.09985924e-01 1.34693027e-01
    3.49196196e-01 1.68850780e-01 9.69272912e-01 7.42021322e-01
    8.72454643e-02 7.34616816e-01 6.14784718e-01 9.30512190e-01
    5.59183836e-01 7.29340732e-01 7.54394174e-01 9.44777429e-02
    8.76922548e-01 1.41626477e-01 8.33895504e-01 4.80207503e-01
    4.97704029e-01 4.94580090e-01 7.56855905e-02 1.57206863e-01
    3.35096985e-01 2.29027987e-01 6.90285742e-01 3.33353341e-01
    5.85500062e-01 2.96137691e-01 2.22651869e-01 4.81322646e-01
    4.97696459e-01 9.30035233e-01 6.86075151e-01 2.51541793e-01
    7.02840984e-02 8.25674832e-01 8.23605001e-01 4.38712776e-01
    2.97232419e-01 8.99285316e-01 7.69215941e-01 8.26747715e-02
    3.94818902e-01 2.25789756e-01 7.71409869e-01 3.95635903e-01
    9.04451966e-01 5.58017790e-02 6.83127403e-01 1.00004077e-02
    2.26470619e-01 9.10236537e-01 3.15115511e-01 2.35840380e-02
    1.70767456e-01 7.33668506e-01 1.78298920e-01 4.05684859e-01
    4.03025299e-01 6.41349137e-01 3.88237178e-01 3.91515344e-01
    9.87234294e-01 8.22501600e-01 3.26590270e-01 9.41009879e-01
    9.57560420e-01 7.35524774e-01 2.52805144e-01 9.85030711e-01
    8.83806825e-01 1.32533610e-01 6.86287403e-01 1.03952080e-01
    7.27793992e-01 3.89370948e-01 4.75570858e-01 3.61515552e-01
    7.29166090e-01 2.95479715e-01 3.22623134e-01 6.94037080e-02
    8.89716744e-01 3.46276820e-01 2.46060789e-01 7.65859842e-01
    2.33308613e-01 8.37047935e-01 7.51821041e-01 7.30476141e-01
    4.16116476e-01 2.40407258e-01 7.12520003e-01 2.40547985e-01
    1.08076751e-01 9.54891145e-01 7.66390562e-01 1.08764142e-01
    5.44455111e-01 5.59197426e-01 1.45356655e-01 4.76004183e-02
    1.01754755e-01 1.21087849e-01 2.38401294e-02 6.66606486e-01
    4.02239859e-02 8.83892536e-01 5.69609106e-02 5.96040905e-01
    9.45678592e-01 7.62185454e-02 8.25659275e-01 5.67857087e-01
    5.53472459e-01 1.39016002e-01 4.10470963e-01 3.34521979e-01</data></test_img>
<my_img type_id="opencv-matrix">
  <rows>146</rows>
  <cols>274</cols>
  <dt>f</dt>
  <data>
    3.63309562e-01 7.07471907e-01 1.64308697e-01 1.42290592e-02
    7.26580381e-01 9.42119241e-01 8.33640575e-01 9.45979059e-02
    4.91753221e-03 5.27145088e-01 8.09308887e-03 8.30272734e-02
    2.94007182e-01 8.29345167e-01 9.38696206e-01 7.42498934e-01
    6.30328238e-01 4.68338579e-01 4.01631504e-01 7.98425078e-01
    7.42195725e-01 1.67433083e-01 8.55607212e-01 7.97396898e-01
    9.91414785e-01 7.31873035e-01 4.59879577e-01 1.69722736e-01
    6.83998644e-01 7.23651946e-01 7.83223271e-01 4.62836862e-01
    8.36418331e-01 3.44783336e-01 3.52419078e-01 1.04561269e-01
    2.31621742e-01 4.56418395e-01 8.14668238e-01 6.77641690e-01
    2.58099437e-02 4.78519380e-01 8.63205433e-01 4.02063400e-01
    4.17767525e-01 1.23925000e-01 2.11732984e-02 4.47757155e-01
    4.27773505e-01 9.90654945e-01 6.92686856e-01 7.73405433e-01
    6.16801381e-02 8.86644363e-01 8.08008790e-01 1.44760698e-01
    6.40905678e-01 3.49853754e-01 3.27901125e-01 2.39057034e-01
    6.60624743e-01 2.94765145e-01 2.39700347e-01 4.82466042e-01
    2.29446203e-01 5.15495002e-01 2.44991302e-01 5.46386421e-01
    2.83917129e-01 9.97468233e-01 7.46701479e-01 4.80489194e-01
    1.38643026e-01 1.28555000e-02 7.12093115e-02 6.49963200e-01
    7.57153988e-01 3.52773488e-01 3.71232361e-01 4.18608516e-01
    1.07440650e-02 4.56920415e-01 2.30240524e-02 7.87075877e-01
    6.18632317e-01 1.38235241e-01 2.46284157e-01 7.06659198e-01
    6.24002814e-01 4.56748009e-01 5.11195362e-01 5.06115735e-01
    9.26893353e-01 4.23784256e-01 5.15984595e-02 5.38760960e-01
    2.15954781e-01 4.06655312e-01 2.42420912e-01 2.69372106e-01
    5.69064498e-01 8.66958499e-01 9.10953045e-01 3.64555240e-01
    5.68658054e-01 7.83925176e-01 9.87486959e-01 1.95491672e-01
    4.37689513e-01 1.41863048e-01 1.21123761e-01 9.41897988e-01
    5.02281427e-01 2.23914713e-01 3.24248374e-01 7.85534680e-02
    5.35263002e-01 8.74425828e-01 4.07716215e-01 1.83441103e-01
    2.50593305e-01 5.07004857e-02 1.38762563e-01 3.18587780e-01
    3.81645143e-01 1.42054856e-01 9.80021000e-01 9.52415228e-01
    2.90678382e-01 3.59112024e-02 7.21564949e-01 6.94837511e-01
    7.17320204e-01 6.60284042e-01 8.58328640e-02 8.75237703e-01
    7.21606970e-01 2.55283922e-01 5.14274240e-01 7.20667541e-02
    5.74383140e-02 6.07099652e-01 3.97443414e-01 4.56564814e-01
    2.78301120e-01 8.39660764e-01 5.63817680e-01 9.52530384e-01
    9.89331782e-01 1.31044984e-01 1.27799749e-01 2.87032753e-01
    9.21817720e-02 7.10700274e-01 2.02386677e-01 3.80976528e-01
    1.56603366e-01 9.34356213e-01 6.52351856e-01 1.78145498e-01
    3.57044786e-01 3.95616174e-01 2.99158990e-02 2.62327790e-02
    6.31915808e-01 3.69311005e-01 6.88971400e-01 8.70064855e-01
    3.56388122e-01 9.90690470e-01 3.14482927e-01 1.80582970e-01
    7.67922759e-01 2.26591825e-01 8.17462683e-01 1.89613044e-01
    7.68766820e-01 2.38834888e-01 3.24328601e-01 6.44522727e-01
    7.61127114e-01 7.35263228e-02 8.86818290e-01 8.74542117e-01
    1.88640028e-01 7.06667066e-01 5.69051504e-03 3.08272839e-01
    2.12708116e-03 8.32097411e-01 1.77693337e-01 3.21205020e-01
    3.59117091e-01 8.37176561e-01 1.79060847e-01 5.21213233e-01
    9.70588088e-01 1.43134594e-03 8.19527984e-01 2.74040341e-01
    6.10210657e-01 6.46180332e-01 9.64747131e-01 4.30043042e-02
    1.97186440e-01 2.53191382e-01 3.67802441e-01 9.57501054e-01
    1.68781757e-01 9.85355377e-01 9.93774593e-01 5.98089218e-01
    7.07936764e-01 8.85065317e-01 9.73444045e-01 4.36399221e-01
    6.26825094e-01 5.37425041e-01 6.90851390e-01 4.64105755e-01
    4.61874664e-01 4.10380900e-01 1.21487737e-01 6.86535001e-01
    8.26634765e-01 7.95678377e-01 2.09422410e-02 8.35893154e-01
    3.31482738e-01 6.21898353e-01 4.23207045e-01 7.36032069e-01
    8.57570291e-01 7.95046389e-01 4.82169569e-01 8.15476120e-01
    8.93074036e-01 4.55768496e-01 6.34775758e-01 1.22391999e-01
    7.73985863e-01 5.02783477e-01 1.25581264e-01 2.74530232e-01
    9.13403928e-02 9.61115956e-01 5.84110558e-01 3.15963030e-01
    3.11499566e-01 8.24477315e-01 4.00532603e-01 3.86799902e-01
    6.26488209e-01 9.01588678e-01 4.09675211e-01 2.09917992e-01
    3.63309562e-01 7.07471907e-01 1.64308697e-01 1.42290592e-02
    7.26580381e-01 9.42119241e-01 8.33640575e-01 9.45979059e-02
    4.91753221e-03 5.27145088e-01 8.09308887e-03 8.30272734e-02
    2.94007182e-01 8.29345167e-01 9.38696206e-01 7.42498934e-01
    6.30328238e-01 4.68338579e-01 8.87399256e-01 4.41141665e-01
    8.68457496e-01 7.54076242e-02 8.73900294e-01 9.18312550e-01
    4.12077934e-01 6.58651292e-02 5.01281202e-01 4.54149842e-02
    2.22649246e-01 9.80848312e-01 9.98143315e-01 2.49948531e-01
    3.72674048e-01 5.08282304e-01 7.41883934e-01 4.54522520e-01
    6.94267154e-02 5.33240974e-01 6.00563645e-01 9.12626922e-01
    7.17623532e-01 6.92892075e-01 2.57474363e-01 9.95211244e-01
    2.76139915e-01 3.60675424e-01 1.19817287e-01 8.71215820e-01
    5.75848460e-01 8.59409094e-01 3.89367044e-02 9.12467122e-01
    5.83680987e-01 4.14399266e-01 3.56719971e-01 1.20423466e-01
    4.02894557e-01 5.44725239e-01 7.17582285e-01 7.49229074e-01
    2.35454679e-01 2.31403798e-01 4.86998677e-01 5.83983004e-01
    4.94379789e-01 6.59571707e-01 1.08757943e-01 1.45532101e-01
    9.21879768e-01 1.82078034e-01 1.52087659e-01 4.26831901e-01
    8.61658275e-01 5.72662413e-01 3.77618790e-01 1.52153105e-01
    3.03003728e-01 8.60470712e-01 4.43115562e-01 4.40226823e-01
    6.79128468e-01 1.95532292e-01 4.56826508e-01 3.11236084e-01
    8.45945597e-01 3.50624859e-01 9.44928765e-01 5.48475742e-01
    2.62208819e-01 5.17317355e-01 4.91099507e-01 3.86406094e-01
    1.22747421e-01 3.94559294e-01 9.41682100e-01 9.39577818e-01
    8.40706468e-01 2.53171414e-01 8.32859516e-01 9.67125535e-01
    6.74868941e-01 6.58536136e-01 6.65640950e-01 3.05837274e-01
    3.09457242e-01 4.51467186e-01 8.64188373e-02 9.08117414e-01
    5.32849133e-01 3.51973981e-01 6.91191196e-01 6.32151663e-02
    1.38022333e-01 4.14161414e-01 3.72414947e-01 8.51364434e-02
    1.54366702e-01 5.71366549e-02 6.48354113e-01 2.17476368e-01
    2.81657517e-01 5.86968660e-03 3.78358871e-01 1.41000777e-01
    4.50408161e-01 1.76532656e-01 2.46716410e-01 9.79999542e-01
    6.08616829e-01 7.05073118e-01 5.40324092e-01 1.39799774e-01
    3.56253684e-02 4.89803702e-01 4.92379367e-02 7.35592425e-01
    8.91489625e-01 9.98003125e-01 3.71788502e-01 5.04132271e-01
    2.43920386e-01 3.64034504e-01 2.64792740e-01 8.67005467e-01
    4.49311733e-03 5.70520759e-01 3.78569961e-03 4.63010073e-01
    5.61386108e-01 1.20067716e-01 4.38011527e-01 2.10798234e-01
    1.95924640e-02 3.40439647e-01 6.80862665e-01 4.97700363e-01
    3.68264914e-02 6.60321236e-01 6.61571503e-01 5.48990071e-02
    3.13632965e-01 9.39784229e-01 2.21206546e-02 6.11008644e-01
    9.43500161e-01 1.71523452e-01 1.84548736e-01 6.60319149e-01
    2.28159219e-01 4.61430550e-01 2.77644396e-01 1.56821042e-01
    5.71346581e-01 5.06995201e-01 3.35265338e-01 9.27782893e-01
    3.92155886e-01 3.98545563e-01 8.92588377e-01 8.43460560e-02
    6.57863200e-01 7.23781109e-01 8.31312776e-01 7.97391891e-01
    4.77209449e-01 5.42170644e-01 9.93901134e-01 4.49802279e-02
    3.34092885e-01 3.29665601e-01 7.22511411e-02 5.40219426e-01
    8.50948453e-01 6.25280499e-01 5.30603290e-01 9.34243441e-01
    5.76712787e-01 1.98547840e-01 1.30733937e-01 3.56246054e-01
    7.11631954e-01 9.19755280e-01 1.37249738e-01 6.07494950e-01
    1.34060293e-01 7.21356750e-01 9.09034908e-02 4.80292141e-01
    2.22846359e-01 6.56806231e-01 5.94029725e-01 1.76372617e-01
    4.46859062e-01 1.54506624e-01 8.74546409e-01 1.86934739e-01
    3.63860130e-01 4.15241659e-01 1.19915754e-01 6.64705813e-01
    5.37179768e-01 8.60092819e-01 8.85665178e-01 9.63484526e-01
    4.75225151e-01 4.15763348e-01 1.78395182e-01 1.61123872e-01
    9.84758377e-01 7.30073869e-01 5.28471649e-01 3.66756707e-01
    8.88334215e-02 5.13795376e-01 2.59350181e-01 9.57169294e-01
    9.27994013e-01 8.63942206e-01 4.81577784e-01 2.35554576e-01
    4.73924160e-01 9.31449294e-01 5.12126088e-02 7.96910465e-01
    2.36708999e-01 5.44106305e-01 8.19469094e-01 8.05184960e-01
    9.76712346e-01 4.61740851e-01 6.11023962e-01 4.28375602e-03
    5.80232441e-01 4.58846807e-01 8.91888857e-01 6.11660540e-01
    5.24203479e-02 4.92920011e-01 8.67847562e-01 2.33920902e-01
    9.13539648e-01 8.12460303e-01 9.39412236e-01 2.65817344e-01
    2.71138549e-01 9.43830311e-02 8.12596023e-01 1.84500128e-01
    9.66452003e-01 2.68786132e-01 8.52764547e-01 5.13310671e-01
    4.79233831e-01 7.67677724e-01 8.87399256e-01 4.41141665e-01
    8.68457496e-01 7.54076242e-02 8.73900294e-01 9.18312550e-01
    4.12077934e-01 6.58651292e-02 5.01281202e-01 4.54149842e-02
    2.22649246e-01 9.80848312e-01 9.98143315e-01 2.49948531e-01
    3.72674048e-01 5.08282304e-01 7.41883934e-01 4.54522520e-01
    2.29130089e-02 6.47408903e-01 9.66895819e-01 1.55186355e-02
    8.33985686e-01 3.46290231e-01 6.59536839e-01 2.03756988e-01
    8.89330029e-01 8.94853413e-01 8.71860385e-01 8.33998680e-01
    8.55761170e-01 7.38198638e-01 6.22022390e-01 4.46934521e-01
    6.91822350e-01 2.88552582e-01 1.33250058e-02 7.81258762e-01
    9.04714346e-01 6.92307174e-01 4.16817933e-01 2.03671902e-01
    9.56945479e-01 5.70260108e-01 7.30258167e-01 9.62007642e-01
    3.79984379e-01 1.73444897e-01 1.01347655e-01 4.32977587e-01
    8.62634659e-01 2.22031176e-02 6.73707008e-01 3.55645180e-01
    1.63449019e-01 3.13212186e-01 8.98095131e-01 1.20215774e-01
    1.17420107e-01 2.49529243e-01 2.27347523e-01 6.04613900e-01
    6.54006660e-01 9.93933141e-01 6.32771671e-01 1.20322108e-01
    9.20501709e-01 1.41144395e-01 9.51068997e-02 9.67312396e-01
    6.28992558e-01 9.22957063e-01 8.61720681e-01 8.72203946e-01
    8.45480323e-01 8.49312544e-01 7.24758565e-01 7.04119742e-01
    9.98867631e-01 6.95452094e-01 6.48022950e-01 6.89027965e-01
    5.98635077e-01 3.11809540e-01 6.46416843e-01 1.08651251e-01
    6.16390407e-01 1.60009772e-01 8.46355081e-01 1.57911628e-01
    2.48740882e-01 1.60321295e-02 6.78321123e-01 8.80061388e-01
    2.54868209e-01 3.81696612e-01 9.78669405e-01 1.24515474e-01
    8.77705216e-03 5.35618007e-01 6.63739920e-01 8.30920458e-01
    1.59370393e-01 4.50158447e-01 9.15241480e-01 8.23511541e-01
    1.91467434e-01 7.71808147e-01 3.45932841e-01 1.11279070e-01
    2.14607477e-01 4.63242143e-01 7.53858149e-01 3.17767262e-03
    2.15544164e-01 5.30355394e-01 4.44365025e-01 4.18080330e-01
    9.61205006e-01 9.20302033e-01 2.04042137e-01 9.56901789e-01
    4.11960959e-01 2.10158139e-01 6.62439048e-01 2.05154836e-01
    2.38618314e-01 7.42414117e-01 3.06088030e-01 9.68485475e-01
    4.62398946e-01 1.35596901e-01 6.24702871e-01 4.16982949e-01
    2.69070148e-01 8.23152304e-01 7.03974783e-01 7.36639380e-01
    3.43568504e-01 2.41469771e-01 5.68759203e-01 5.78317285e-01
    6.16500676e-02 6.58959568e-01 1.76467150e-01 4.83176261e-01
    1.99096799e-02 1.17940366e-01 9.77863789e-01 1.18224829e-01
    8.43771636e-01 4.47888762e-01 4.53369677e-01 3.70155811e-01
    4.59627599e-01 3.41509998e-01 5.64600587e-01 1.56375438e-01
    3.60541731e-01 7.46203840e-01 6.25621974e-02 1.20754540e-02
    1.35662675e-01 9.05289054e-01 8.69025111e-01 8.91551256e-01
    5.73553503e-01 9.49436665e-01 9.74159122e-01 5.94312549e-01
    4.28909600e-01 6.37512624e-01 2.23499477e-01 1.82276875e-01
    9.72219467e-01 8.89888883e-01 3.94407749e-01 4.54129457e-01
    5.38130224e-01 6.62523627e-01 5.75153172e-01 2.85876453e-01
    7.79668450e-01 3.66000235e-01 9.45511401e-01 5.34529269e-01
    9.40258682e-01 4.76689696e-01 3.23811561e-01 3.88621330e-01
    1.10915840e-01 1.69642687e-01 4.50075090e-01 7.68785238e-01
    8.17643702e-01 1.47914916e-01 5.66604853e-01 3.27579319e-01
    2.93582141e-01 8.49051833e-01 4.76593375e-02 6.00879073e-01
    7.05329716e-01 8.34257841e-01 7.65858948e-01 6.33373559e-01
    7.31581748e-01 2.18625158e-01 1.81000352e-01 1.26001835e-02
    4.28372920e-02 3.94577444e-01 8.04994345e-01 5.51129878e-02
    1.73512161e-01 5.71244240e-01 1.76813543e-01 8.69853377e-01
    2.71814108e-01 4.29157823e-01 3.24915767e-01 9.53985393e-01
    7.65941381e-01 6.13774002e-01 5.99361241e-01 6.28440499e-01
    6.45967305e-01 7.05825984e-01 7.69371867e-01 8.72464180e-02
    8.73564720e-01 5.80722630e-01 6.06227815e-02 8.55921626e-01
    7.82406092e-01 9.61304724e-01 3.01384687e-01 9.19804633e-01
    8.75465572e-01 1.55060023e-01 8.44035506e-01 7.20974207e-01
    4.69009042e-01 6.15432322e-01 6.88925564e-01 3.22889686e-02
    5.43627679e-01 2.95466959e-01 6.43922091e-02 2.73453236e-01
    3.93652737e-01 4.12636429e-01 3.73364091e-01 2.16348290e-01
    8.56676698e-02 9.35036719e-01 5.21081388e-01 9.45594907e-01
    9.77155030e-01 7.75969028e-01 7.62555957e-01 8.21530700e-01
    9.92553174e-01 8.82320285e-01 5.09246469e-01 4.24587429e-02
    3.67326587e-01 4.53144491e-01 8.39803278e-01 5.77147126e-01
    3.70734096e-01 2.67665327e-01 6.14798605e-01 2.03280330e-01
    2.29130089e-02 6.47408903e-01 9.66895819e-01 1.55186355e-02
    8.33985686e-01 3.46290231e-01 6.59536839e-01 2.03756988e-01
    8.89330029e-01 8.94853413e-01 8.71860385e-01 8.33998680e-01
    8.55761170e-01 7.38198638e-01 6.22022390e-01 4.46934521e-01
    6.91822350e-01 2.88552582e-01 8.23170066e-01 3.34548652e-01
    7.61060476e-01 4.04828876e-01 5.97077012e-01 2.47389317e-01
    6.02275133e-01 2.09676921e-01 3.24438751e-01 3.21040273e-01
    3.98535311e-01 7.21432567e-01 5.37806153e-01 9.04842734e-01
    5.54393947e-01 7.71684408e-01 3.34844947e-01 4.64572310e-01
    7.29714274e-01 7.09137797e-01 2.23825455e-01 5.23756385e-01
    5.44805586e-01 9.40724850e-01 4.55997944e-01 7.74399519e-01
    5.36527157e-01 6.06579423e-01 2.81354725e-01 3.66261274e-01
    2.10963011e-01 6.65923476e-01 6.44495666e-01 1.63579732e-01
    1.98665619e-01 8.46110880e-01 6.06784225e-02 3.45360994e-01
    2.63032496e-01 1.23459190e-01 7.77747869e-01 7.03591943e-01
    6.87302351e-01 7.85568237e-01 6.48279488e-01 6.19603455e-01
    2.01740742e-01 3.89960706e-01 1.05433077e-01 5.58568358e-01
    8.60210061e-01 2.16584057e-01 9.88161385e-01 6.29969776e-01
    2.46901631e-01 5.80260336e-01 1.21671110e-01 1.24091536e-01
    5.77943027e-02 7.79701710e-01 1.55646563e-01 5.80386281e-01
    6.83877170e-02 4.97707099e-01 6.66526020e-01 3.21881503e-01
    8.15066099e-01 8.83582234e-03 7.67044783e-01 9.33081567e-01
    7.29584754e-01 8.69171917e-02 9.77640152e-01 1.66492105e-01
    3.56968284e-01 4.60206926e-01 8.96243334e-01 7.90130198e-01
    9.09980416e-01 5.72515428e-02 9.43821669e-01 2.76288748e-01
    3.07229638e-01 7.11360216e-01 4.94756550e-01 9.85598922e-01
    2.64696419e-01 7.04183221e-01 1.32230848e-01 2.88538009e-01
    2.64375985e-01 9.32880342e-01 5.98314047e-01 3.73892188e-01
    9.06529427e-01 1.85348809e-01 5.50568819e-01 4.52573478e-01
    3.84544045e-01 2.69638628e-01 3.85961771e-01 6.50912404e-01
    3.80101442e-01 8.65096092e-01 4.54612434e-01 9.41925764e-01
    3.31384331e-01 1.10617638e-01 1.65464342e-01 6.38475299e-01
    9.97453332e-02 5.82857072e-01 5.61553895e-01 2.46268660e-01
    1.01925284e-01 6.50982440e-01 3.46668720e-01 1.65951252e-01
    4.91781116e-01 1.99160188e-01 6.96862936e-01 5.58279514e-01
    9.96976972e-01 7.98382401e-01 2.77954638e-01 5.70245862e-01
    7.43496001e-01 5.68278134e-02 8.29216003e-01 2.12642342e-01
    1.70129508e-01 5.57450771e-01 5.69422781e-01 2.27219760e-01
    6.89050436e-01 6.31834745e-01 6.60975575e-01 5.04441857e-01
    5.81873059e-01 3.60065103e-01 7.90692329e-01 9.44815755e-01
    7.26176977e-01 1.39619946e-01 1.00818783e-01 8.56221914e-01
    2.18911141e-01 1.90698177e-01 5.65540612e-01 5.96379161e-01
    6.27322853e-01 3.77060235e-01 5.34959018e-01 1.64582461e-01
    5.51459670e-01 5.26597440e-01 3.48910093e-01 5.59857130e-01
    2.64466375e-01 2.66290903e-01 9.86830711e-01 1.70514703e-01
    5.17189622e-01 6.94559097e-01 6.52173400e-01 3.13513517e-01
    1.07307553e-01 5.93378186e-01 4.35687035e-01 3.86269182e-01
    4.71927524e-02 4.16578770e-01 5.48359156e-01 3.41025203e-01
    3.32361519e-01 6.14986658e-01 8.80305529e-01 3.59120727e-01
    6.65613532e-01 8.77613544e-01 6.34749174e-01 9.79184151e-01
    7.18678951e-01 9.65661705e-02 6.37072861e-01 5.56972504e-01
    7.27173269e-01 8.16980958e-01 4.41518396e-01 9.98672009e-01
    5.01147509e-01 1.45588875e-01 8.74239564e-01 1.78149641e-01
    3.25848579e-01 2.75392652e-01 8.22568536e-01 2.74726570e-01
    4.68722582e-02 8.45662594e-01 6.74527824e-01 2.51928627e-01
    4.97170180e-01 1.45760596e-01 1.28106236e-01 3.04611921e-02
    9.50573921e-01 5.69238663e-01 8.50885153e-01 8.73968840e-01
    4.50975120e-01 6.83119118e-01 6.69949412e-01 4.54654932e-01
    8.42123389e-01 1.47677809e-01 2.25447178e-01 1.18714094e-01
    3.36574912e-01 5.60176075e-01 7.01486170e-01 2.06534415e-01
    3.38358521e-01 6.41230226e-01 8.07195246e-01 8.94356787e-01
    9.43571329e-01 2.35363275e-01 8.69726956e-01 9.38850045e-02
    4.45702076e-02 5.50830841e-01 7.25588083e-01 6.62762642e-01
    4.98763293e-01 3.48660111e-01 4.10748541e-01 1.76563859e-01
    7.99842596e-01 6.99852049e-01 4.02683109e-01 5.46960711e-01
    7.76903987e-01 8.26653421e-01 5.97648263e-01 3.71996135e-01
    8.90731156e-01 8.10989618e-01 5.43977797e-01 3.61694276e-01
    4.20021474e-01 9.34130907e-01 3.58704090e-01 4.72567260e-01
    6.89211726e-01 7.64988363e-01 8.23170066e-01 3.34548652e-01
    7.61060476e-01 4.04828876e-01 5.97077012e-01 2.47389317e-01
    6.02275133e-01 2.09676921e-01 3.24438751e-01 3.21040273e-01
    3.98535311e-01 7.21432567e-01 5.37806153e-01 9.04842734e-01
    5.54393947e-01 7.71684408e-01 3.34844947e-01 4.64572310e-01
    6.18339777e-02 1.78158730e-01 6.29577279e-01 4.98201221e-01
    9.16456223e-01 2.75296390e-01 8.79758596e-02 7.65723884e-01
    4.10875142e-01 5.22000313e-01 4.63932246e-01 1.24400586e-01
    8.27096224e-01 7.53973126e-01 8.37250292e-01 1.19844377e-01
    5.64984381e-01 6.34528756e-01 2.16557652e-01 2.04165876e-02
    4.94031459e-01 9.87182617e-01 2.18792617e-01 3.17943513e-01
    3.71053159e-01 6.59678042e-01 7.46708453e-01 1.79267943e-01
    3.10977042e-01 5.77125549e-01 9.26103473e-01 6.88545346e-01
    5.55305958e-01 3.46553266e-01 3.14277798e-01 2.41096437e-01
    8.99411738e-02 6.76662505e-01 9.73476946e-01 5.78470230e-01
    5.37245512e-01 7.03717470e-01 1.53739750e-01 4.38131750e-01
    7.83798516e-01 3.68101597e-02 4.56052691e-01 5.37002385e-01
    5.73399425e-01 9.74753082e-01 6.47211969e-02 1.31534070e-01
    6.50910854e-01 4.27111238e-01 2.62192786e-01 8.86744022e-01
    8.20930839e-01 3.65343690e-01 9.19649839e-01 5.46000600e-01
    8.26470017e-01 2.48322666e-01 4.65230763e-01 3.60496789e-01
    4.72692877e-01 5.76978445e-01 3.24972868e-01 6.34662271e-01
    4.94468212e-01 5.76441646e-01 6.00799441e-01 5.17994165e-02
    1.18886203e-01 9.45160925e-01 8.33275080e-01 9.97210145e-01
    9.72230077e-01 1.19224638e-01 4.97789532e-01 7.88762450e-01
    3.11146617e-01 1.51385397e-01 6.63956881e-01 3.52734447e-01
    3.72149825e-01 6.78680182e-01 6.16682053e-01 8.51535439e-01
    1.06456131e-01 6.55542135e-01 3.61185074e-02 9.72906828e-01
    2.22146034e-01 3.53527308e-01 7.94954181e-01 3.13236892e-01
    1.11784428e-01 1.70826018e-02 6.07313037e-01 7.21519589e-01
    8.49835753e-01 6.92610979e-01 4.02774632e-01 2.84458190e-01
    3.73760462e-02 4.91788030e-01 7.37424731e-01 8.83001685e-01
    7.26396263e-01 7.20195115e-01 6.04252517e-01 5.68573177e-01
    6.72493339e-01 7.26518214e-01 6.28626347e-01 9.52304244e-01
    9.68707800e-01 7.78704405e-01 7.17669249e-01 1.13308460e-01
    7.24143207e-01 5.35704374e-01 7.31340051e-02 5.99891782e-01
    3.59764099e-02 6.90603554e-01 3.17933202e-01 3.87929201e-01
    6.74086034e-01 1.69710308e-01 3.88549745e-01 6.16863966e-01
    9.58387554e-01 4.35310394e-01 6.38583541e-01 3.72092605e-01
    4.36802149e-01 1.26468539e-01 6.64397001e-01 7.61434317e-01
    5.85244238e-01 1.11871570e-01 8.55354190e-01 6.31489396e-01
    5.96084654e-01 8.53848934e-01 6.55921936e-01 3.77923518e-01
    2.37681270e-02 9.89226460e-01 3.48371625e-01 2.97961712e-01
    8.99722278e-01 4.45119113e-01 8.35683703e-01 5.19717336e-02
    2.62127459e-01 6.31110907e-01 4.58077848e-01 8.33823979e-01
    8.41477573e-01 2.30363637e-01 2.12589025e-01 1.68671042e-01
    8.81867051e-01 1.61742121e-01 9.48103011e-01 5.64446807e-01
    8.32270205e-01 8.33944917e-01 2.65710890e-01 5.52719176e-01
    9.50907111e-01 7.64818668e-01 5.99175990e-01 7.37490714e-01
    9.94318962e-01 3.99440169e-01 2.63978124e-01 3.70160341e-02
    1.20964944e-01 4.00957316e-01 4.07454520e-01 6.76607847e-01
    5.29113412e-01 6.97532594e-01 7.20703483e-01 3.72075617e-01
    2.22900778e-01 7.94894218e-01 3.34010720e-02 7.62673914e-01
    7.87236989e-02 8.47650051e-01 5.80538511e-02 6.16608381e-01
    4.22612578e-01 2.13825077e-01 9.11669970e-01 7.44040251e-01
    1.49063140e-01 6.01564348e-01 1.85515821e-01 6.49609983e-01
    2.56138116e-01 5.97346783e-01 4.92068678e-01 6.85234070e-02
    6.60810411e-01 1.16705239e-01 7.90480733e-01 3.82759720e-01
    8.37343335e-02 1.76070392e-01 1.74618363e-02 9.66736794e-01
    1.25705659e-01 2.02785105e-01 2.31253564e-01 9.13427174e-01
    4.30559933e-01 1.49409831e-01 5.20809889e-01 8.57277811e-01
    2.23375797e-01 8.88295174e-01 8.74213040e-01 7.71381199e-01
    4.89012301e-02 8.92509341e-01 8.12109828e-01 9.06626880e-02
    1.23770237e-01 9.50429082e-01 7.36724138e-01 7.92860985e-03
    4.76600915e-01 6.74019217e-01 1.71715289e-01 1.41972125e-01
    4.95767385e-01 1.70394897e-01 2.12365091e-02 4.76036370e-02
    1.99311882e-01 1.47562325e-01 9.56324756e-01 9.57064211e-01
    1.50734782e-02 7.67790914e-01 5.52952111e-01 4.41384077e-01
    8.27416539e-01 1.16408259e-01 2.58962035e-01 3.79588246e-01
    6.18339777e-02 1.78158730e-01 6.29577279e-01 4.98201221e-01
    9.16456223e-01 2.75296390e-01 8.79758596e-02 7.65723884e-01
    4.10875142e-01 5.22000313e-01 4.63932246e-01 1.24400586e-01
    8.27096224e-01 7.53973126e-01 8.37250292e-01 1.19844377e-01
    5.64984381e-01 6.34528756e-01 8.49854469e-01 8.59632730e-01
    1.38784856e-01 5.56534529e-01 6.60318851e-01 8.97949100e-01
    5.86388588e-01 5.61094940e-01 9.33048248e-01 5.55179298e-01
    7.08239079e-02 3.96859050e-02 5.98745763e-01 7.28151560e-01
    8.86643767e-01 3.10022950e-01 8.81337285e-01 3.75230342e-01
    6.09644413e-01 3.43710005e-01 4.76932675e-01 5.30931711e-01
    2.76783973e-01 5.87614238e-01 6.39352918e-01 6.34302497e-01
    8.93694341e-01 9.23267365e-01 4.58698809e-01 1.19912505e-01
    3.63122463e-01 5.38949370e-01 4.42276686e-01 5.17845035e-01
    3.80704790e-01 9.95529413e-01 7.15268195e-01 1.09941870e-01
    3.47369850e-01 9.87163484e-02 8.65085602e-01 3.01782131e-01
    6.14819169e-01 4.14475828e-01 4.36162055e-01 4.70947385e-01
    2.69044429e-01 6.71881795e-01 1.89468265e-01 3.78164113e-01
    2.71816045e-01 9.70572531e-01 3.15719366e-01 2.36897826e-01
    1.27294123e-01 5.32793045e-01 4.76056218e-01 2.93591976e-01
    2.73146629e-01 7.83883929e-01 8.79105806e-01 2.74566889e-01
    6.44858420e-01 7.69132018e-01 7.53918350e-01 7.75832117e-01
    7.96804428e-01 1.45986617e-01 5.78960717e-01 9.30480659e-02
    4.41435933e-01 2.20383644e-01 8.06593060e-01 6.33792698e-01
    4.44679707e-01 6.27672970e-01 2.75907516e-02 6.08162642e-01
    6.19465709e-02 7.93817222e-01 2.68584430e-01 6.37402475e-01
    4.04539198e-01 1.47978783e-01 6.27481222e-01 4.32286143e-01
    2.15125710e-01 2.94806361e-02 9.57537174e-01 6.18105292e-01
    5.84743857e-01 2.70629883e-01 6.17418945e-01 2.01026738e-01
    4.50419456e-01 9.75520849e-01 5.57014108e-01 6.70323253e-01
    5.52978873e-01 6.99855447e-01 6.71122313e-01 3.82491916e-01
    1.14816070e-01 1.29630566e-02 3.05507243e-01 2.63219714e-01
    9.04862881e-01 4.04563904e-01 7.66385257e-01 4.47411984e-01
    4.82038856e-01 3.00984979e-01 1.68230981e-01 5.05776763e-01
    7.31994808e-02 5.33307374e-01 7.05360472e-01 7.75157332e-01
    6.90352917e-03 6.27621293e-01 2.58669734e-01 9.24729824e-01
    7.42572308e-01 5.37689626e-02 2.62942553e-01 6.91331625e-01
    1.51815563e-01 1.47747964e-01 4.39995229e-01 1.70191944e-01
    9.03194070e-01 6.30251765e-01 5.84270120e-01 2.29292572e-01
    8.06760013e-01 9.69959021e-01 4.20247287e-01 6.35287821e-01
    8.39587331e-01 4.99285430e-01 2.96035647e-01 6.34357989e-01
    5.65521896e-01 6.08415902e-01 5.66908360e-01 1.81607306e-01
    8.32837999e-01 2.39790618e-01 8.80834639e-01 4.37477589e-01
    7.80105472e-01 9.22339559e-01 1.89544201e-01 5.52953303e-01
    3.46219420e-01 8.97868752e-01 1.40234768e-01 5.25184572e-01
    2.70449698e-01 7.78641105e-01 3.28348130e-01 4.75451380e-01
    9.16284800e-01 3.77604663e-01 9.55742240e-01 7.02870786e-01
    4.81765032e-01 9.00079250e-01 1.94384515e-01 6.96338117e-01
    3.01073015e-01 4.83587623e-01 6.53305411e-01 8.06148469e-01
    2.55671024e-01 6.35757685e-01 5.18324733e-01 5.93918741e-01
    6.07293606e-01 2.57504940e-01 3.29232305e-01 4.28025126e-01
    1.39416218e-01 7.52980113e-02 7.60838032e-01 1.87218517e-01
    7.67060518e-01 2.00560451e-01 9.45272684e-01 5.06901741e-01
    4.55284476e-01 5.24272323e-01 7.68636525e-01 5.59735596e-02
    2.70068526e-01 7.97696412e-01 9.13779318e-01 3.75079662e-01
    2.12560505e-01 3.13885212e-01 9.88506556e-01 6.02679968e-01
    8.59081745e-02 6.37969971e-01 4.03068274e-01 5.71477354e-01
    8.42338443e-01 9.26515341e-01 5.93882918e-01 5.88218212e-01
    8.06172371e-01 7.84974217e-01 6.42589688e-01 3.46484065e-01
    7.76135206e-01 9.90440130e-01 7.49042571e-01 4.56027687e-02
    3.26513946e-01 6.12667561e-01 6.06369674e-01 9.69408751e-01
    1.80788904e-01 4.54214513e-01 2.37972289e-01 7.72415519e-01
    4.27072525e-01 6.20490193e-01 8.47908616e-01 3.04087996e-01
    8.04898441e-02 6.99843466e-01 3.22544366e-01 8.26264620e-01
    6.39516413e-01 2.61466801e-01 2.30607212e-01 6.08300149e-01
    1.22082055e-01 2.92000771e-01 3.50904107e-01 5.57488739e-01
    5.63941836e-01 4.50359583e-02 3.27853262e-02 6.05994582e-01
    6.83276772e-01 5.24098217e-01 8.16354156e-03 2.94232965e-01
    6.23794734e-01 6.71213448e-01 2.91739792e-01 4.98933494e-02
    2.66964316e-01 4.65264767e-01 8.49854469e-01 8.59632730e-01
    1.38784856e-01 5.56534529e-01 6.60318851e-01 8.97949100e-01
    5.86388588e-01 5.61094940e-01 9.33048248e-01 5.55179298e-01
    7.08239079e-02 3.96859050e-02 5.98745763e-01 7.28151560e-01
    8.86643767e-01 3.10022950e-01 8.81337285e-01 3.75230342e-01
    2.83956468e-01 1.59127295e-01 3.19529474e-02 7.32917309e-01
    5.38865149e-01 4.76139247e-01 9.37981606e-01 4.70821559e-02
    8.24064851e-01 9.39002275e-01 9.02890086e-01 3.13900858e-01
    1.09144360e-01 3.96718264e-01 2.18662143e-01 8.30941021e-01
    8.16370010e-01 7.71601677e-01 9.44813013e-01 4.79621589e-02
    8.64086151e-01 7.17991531e-01 8.13124299e-01 6.45149887e-01
    2.91644454e-01 4.97286648e-01 3.70982289e-03 2.80384541e-01
    2.72683799e-01 6.01035416e-01 9.66071248e-01 6.30320609e-02
    5.05238771e-03 3.72454941e-01 9.83430505e-01 6.68434381e-01
    1.04308128e-03 7.80524373e-01 3.96949917e-01 6.46129251e-02
    2.22102135e-01 9.59599733e-01 2.27967262e-01 3.09571743e-01
    2.37596333e-02 9.13785458e-01 3.43210101e-01 9.25312042e-01
    9.60834622e-02 3.67035538e-01 2.68042684e-02 7.52979755e-01
    1.12098157e-01 9.55178380e-01 9.20060039e-01 3.16379488e-01
    3.52349699e-01 5.62009037e-01 7.92157531e-01 2.55789816e-01
    5.23514926e-01 7.73685575e-01 9.37789679e-01 4.49555814e-02
    6.52096927e-01 9.99298990e-02 7.91372120e-01 5.98250151e-01
    9.56227303e-01 4.10573840e-01 3.55764031e-02 7.68857360e-01
    3.23873341e-01 4.34284300e-01 1.71348751e-01 4.75405037e-01
    9.47682858e-01 8.01361263e-01 5.37277937e-01 4.15872335e-02
    7.95566201e-01 5.10719836e-01 9.29449558e-01 7.90200949e-01
    5.13493896e-01 9.49907064e-01 1.98011547e-01 2.43652523e-01
    6.94527388e-01 6.88689232e-01 5.06711960e-01 5.87325156e-01
    5.85891485e-01 1.78053975e-02 5.58504403e-01 9.74643946e-01
    2.93243527e-01 7.11577594e-01 9.25139487e-01 2.72857428e-01
    7.10843563e-01 9.79984045e-01 4.36464012e-01 9.31847095e-01
    7.68569708e-02 6.37161851e-01 2.75979370e-01 4.53553796e-01
    3.27070117e-01 4.70101714e-01 7.80602634e-01 4.08695310e-01
    3.45153034e-01 8.57529640e-01 4.55229819e-01 8.40811014e-01
    7.47487307e-01 1.13839954e-01 9.20422375e-01 4.47510451e-01
    6.45868242e-01 9.22744155e-01 4.36485380e-01 8.23749900e-01
    2.02297032e-01 9.09701109e-01 5.96020520e-02 3.64519179e-01
    8.79514694e-01 9.23829913e-01 3.64223778e-01 9.51420367e-01
    7.05055892e-01 3.75476956e-01 2.68978000e-01 8.65830064e-01
    5.34100711e-01 5.82615733e-01 6.72510147e-01 1.73063159e-01
    1.73046559e-01 3.35690379e-02 6.18661344e-02 6.39480233e-01
    8.86884212e-01 6.73468828e-01 6.40894055e-01 9.75930333e-01
    2.13800699e-01 3.29882383e-01 9.78720546e-01 7.64932752e-01
    8.76498759e-01 2.92189538e-01 8.23443770e-01 6.31802797e-01
    8.96011710e-01 8.89437079e-01 6.61903739e-01 9.70912576e-01
    2.82329559e-01 8.54677856e-02 3.81885052e-01 1.05078816e-02
    2.56347835e-01 6.29245996e-01 9.90608633e-01 5.58229387e-01
    7.42554903e-01 7.01212823e-01 2.01461881e-01 5.94354808e-01
    5.94258428e-01 4.49280530e-01 5.14159441e-01 2.51224756e-01
    7.41345406e-01 9.73916769e-01 7.22246647e-01 4.65107024e-01
    4.80666757e-03 2.22860485e-01 9.00763273e-02 1.02571756e-01
    1.44782066e-01 6.94932342e-01 6.40591860e-01 9.43729043e-01
    3.34388137e-01 8.93426538e-01 7.53652930e-01 7.99980044e-01
    6.28857911e-01 3.63179117e-01 3.20437253e-01 4.44915920e-01
    8.55500698e-01 4.44320440e-01 5.84094584e-01 2.44039237e-01
    1.03976607e-01 5.81390381e-01 6.29791319e-01 3.42819035e-01
    3.26382399e-01 2.57029653e-01 1.82212293e-02 7.47164130e-01
    5.88718772e-01 1.87900156e-01 6.04890645e-01 6.39955878e-01
    6.36876464e-01 2.55158305e-01 1.50401443e-01 5.41226804e-01
    8.19396496e-01 2.17540443e-01 8.94068360e-01 6.05954826e-02
    2.11613655e-01 1.95041955e-01 5.37460566e-01 5.07585943e-01
    7.71470547e-01 4.86488223e-01 2.85654008e-01 3.61413121e-01
    3.70312512e-01 4.14092332e-01 1.99555844e-01 4.35939580e-01
    3.48209023e-01 8.31026733e-02 3.30633849e-01 5.62541962e-01
    7.58515775e-01 4.17121381e-01 5.52213132e-01 6.25402689e-01
    5.29602826e-01 1.87832803e-01 2.70096272e-01 6.39916241e-01
    6.85868740e-01 1.77092910e-01 5.66716552e-01 2.75396287e-01
    9.74762142e-02 4.89091277e-01 9.13685620e-01 9.03382182e-01
    9.44585383e-01 4.47915941e-01 7.91437984e-01 9.03914988e-01
    2.83956468e-01 1.59127295e-01 3.19529474e-02 7.32917309e-01
    5.38865149e-01 4.76139247e-01 9.37981606e-01 4.70821559e-02
    8.24064851e-01 9.39002275e-01 9.02890086e-01 3.13900858e-01
    1.09144360e-01 3.96718264e-01 2.18662143e-01 8.30941021e-01
    8.16370010e-01 7.71601677e-01 2.39495635e-01 8.40067267e-01
    7.10203171e-01 3.84059697e-01 3.61048162e-01 5.01661539e-01
    8.43555152e-01 9.72718716e-01 3.53881955e-01 8.98117781e-01
    5.21785319e-01 2.11285770e-01 4.48219121e-01 7.04701900e-01
    6.63112283e-01 5.05949914e-01 8.11231375e-01 7.86363125e-01
    9.49415565e-01 5.86260617e-01 6.36407793e-01 1.95727408e-01
    9.82542515e-01 2.87935615e-01 1.22253537e-01 7.04886734e-01
    3.50379020e-01 5.00225186e-01 1.40918523e-01 9.63243484e-01
    4.02922869e-01 3.40446055e-01 1.53975517e-01 9.71161723e-01
    3.53914440e-01 8.70295942e-01 4.21894014e-01 8.82119775e-01
    6.19085968e-01 2.36323088e-01 6.48325384e-01 3.76082271e-01
    5.23936927e-01 6.61618352e-01 7.82410502e-01 8.55394125e-01
    9.29444909e-01 8.46207678e-01 9.40358341e-01 7.72609413e-02
    6.67610228e-01 6.39861703e-01 2.72541940e-01 1.67285949e-01
    7.64025629e-01 3.04464132e-01 3.57536376e-01 1.87161714e-01
    8.32398295e-01 1.78148896e-01 3.71909052e-01 2.47887313e-01
    9.41721439e-01 7.61715412e-01 9.19913173e-01 6.93020761e-01
    6.98313594e-01 3.40370834e-01 5.58055639e-02 1.01305991e-01
    9.40201402e-01 8.94230127e-01 3.62231493e-01 9.07083988e-01
    7.38564610e-01 5.77994585e-02 3.40490103e-01 7.72429705e-01
    5.17033339e-01 8.17098498e-01 5.15403211e-01 7.46130109e-01
    6.81792855e-01 4.10554945e-01 9.47571099e-01 2.09957480e-01
    9.52153683e-01 5.38535476e-01 6.72864676e-01 9.13603663e-01
    2.87644297e-01 3.88797820e-02 8.04425836e-01 6.31396174e-01
    1.67393357e-01 4.77190673e-01 2.39181638e-01 1.20747179e-01
    6.98376119e-01 9.43656743e-01 3.22150648e-01 8.99763465e-01
    9.24997151e-01 6.90828383e-01 9.33316946e-01 4.13398027e-01
    1.25386238e-01 9.65172410e-01 5.32525599e-01 4.48191762e-02
    9.47583199e-01 3.03473383e-01 7.25324452e-01 8.64372253e-02
    4.68297333e-01 7.14606881e-01 2.41883039e-01 5.75795352e-01
    3.02002132e-01 4.25916314e-01 3.16723883e-02 9.67957735e-01
    9.30870056e-01 7.05578864e-01 8.70469272e-01 4.04129922e-02
    4.79859620e-01 5.81197500e-01 5.31973660e-01 1.85599655e-01
    7.46995389e-01 8.13655555e-01 3.63023639e-01 8.33396196e-01
    7.80643702e-01 2.72632837e-01 3.84567112e-01 7.36572266e-01
    3.48433554e-01 3.72412741e-01 4.03769851e-01 3.53872001e-01
    6.60621166e-01 3.71447623e-01 6.99538827e-01 3.71593356e-01
    3.12449157e-01 4.46195334e-01 3.53906810e-01 5.15709519e-01
    8.00787568e-01 2.51693904e-01 3.11658621e-01 9.21301484e-01
    8.37529719e-01 1.75318062e-01 5.08162200e-01 3.88242245e-01
    5.81996799e-01 6.59858286e-02 9.14696991e-01 8.53487611e-01
    3.53652716e-01 6.72857225e-01 2.66290307e-02 7.59164691e-01
    7.88690567e-01 3.74305248e-01 3.25999260e-01 5.30090272e-01
    8.12912941e-01 3.31258476e-01 3.49322319e-01 3.21854889e-01
    6.77302241e-01 6.79900408e-01 5.78632951e-01 6.06994629e-02
    1.86372519e-01 9.49967027e-01 1.78697020e-01 7.33731389e-01
    1.07735366e-01 4.28445518e-01 7.68981338e-01 7.54793346e-01
    1.61679596e-01 6.94259465e-01 7.49346077e-01 1.08637094e-01
    5.78248143e-01 8.75339508e-02 1.03634864e-01 9.37965035e-01
    7.86437273e-01 3.94381523e-01 4.22285795e-02 1.00416064e-01
    6.38464808e-01 3.06111038e-01 4.14253861e-01 2.96835214e-01
    3.82498533e-01 1.75449103e-01 6.98973894e-01 2.60529757e-01
    8.12390089e-01 8.71125221e-01 6.62572682e-02 1.81762010e-01
    3.09533507e-01 5.65662622e-01 6.91142380e-02 7.53677070e-01
    3.08252960e-01 3.93468678e-01 3.86001408e-01 5.80376804e-01
    8.31728816e-01 1.53641492e-01 7.79156089e-01 4.35811251e-01
    9.99129832e-01 2.59845555e-01 5.14274836e-01 9.76499021e-01
    2.16117233e-01 4.05305624e-02 5.19225001e-03 4.15585726e-01
    7.17765391e-02 5.85805535e-01 4.12277877e-01 9.33596492e-02
    6.95326924e-01 3.90984118e-02 4.13442940e-01 1.02859437e-02
    7.84100413e-01 5.02151132e-01 9.27570820e-01 1.25283360e-01
    7.93439388e-01 1.88085258e-01 2.86392331e-01 7.28799939e-01
    5.45378625e-01 2.50978082e-01 3.30344081e-01 8.12761664e-01
    2.65922099e-01 7.07059801e-01 3.71396661e-01 8.93582463e-01
    9.74367261e-01 2.92480141e-01 2.39495635e-01 8.40067267e-01
    7.10203171e-01 3.84059697e-01 3.61048162e-01 5.01661539e-01
    8.43555152e-01 9.72718716e-01 3.53881955e-01 8.98117781e-01
    5.21785319e-01 2.11285770e-01 4.48219121e-01 7.04701900e-01
    6.63112283e-01 5.05949914e-01 8.11231375e-01 7.86363125e-01
    5.96040905e-01 9.45678592e-01 7.62185454e-02 8.25659275e-01
    5.67857087e-01 5.53472459e-01 1.39016002e-01 4.10470963e-01
    3.34521979e-01 4.71521676e-01 1.66600734e-01 4.90288675e-01
    4.49992865e-01 9.03682232e-01 1.80596560e-01 8.82724464e-01
    3.36809576e-01 4.23294127e-01 7.27243066e-01 9.05311227e-01
    5.82020998e-01 7.90849209e-01 1.17420852e-02 3.52048576e-01
    6.28120601e-02 1.51692033e-02 8.87305617e-01 8.47821832e-01
    9.57808733e-01 1.08217865e-01 9.16422069e-01 5.61896145e-01
    9.53386724e-01 4.75424349e-01 5.35703361e-01 6.56284571e-01
    6.75048470e-01 1.70877874e-01 6.59928262e-01 2.70120263e-01
    1.22107744e-01 1.37379855e-01 4.16876942e-01 3.60603631e-02
    2.02156723e-01 1.62643522e-01 2.73789227e-01 7.82545447e-01
    4.16339457e-01 3.09868693e-01 8.67888570e-01 6.18605733e-01
    9.63811219e-01 8.19590211e-01 4.96217459e-01 6.74956918e-01
    1.80958211e-01 9.15212870e-01 8.03595901e-01 8.26971233e-01
    7.61027336e-01 9.47443604e-01 8.93846869e-01 4.22739416e-01
    5.15896082e-02 1.94372863e-01 1.64612114e-01 1.01830125e-01
    5.84906936e-02 6.50736570e-01 7.52367258e-01 8.71590614e-01
    2.14108199e-01 9.23547149e-01 4.21464950e-01 5.50077319e-01
    4.76746470e-01 1.52569801e-01 6.47710323e-01 4.75873739e-01
    7.86384463e-01 3.27356994e-01 4.54989910e-01 6.86421871e-01
    3.51900518e-01 1.83803529e-01 2.44325012e-01 2.81776845e-01
    7.96945274e-01 7.58763433e-01 4.43728566e-01 1.37034148e-01
    6.80519998e-01 4.27163422e-01 9.76869106e-01 2.41004884e-01
    1.08411461e-01 2.89505482e-01 7.87712097e-01 5.69522619e-01
    7.06305265e-01 9.92942154e-01 7.90671706e-01 7.09519446e-01
    7.89051473e-01 6.36134744e-01 1.14027232e-01 6.33828104e-01
    3.64576221e-01 8.49881768e-01 5.87691307e-01 9.22354341e-01
    8.03332567e-01 7.36798346e-01 6.17994189e-01 3.81458610e-01
    5.53320646e-01 2.16897190e-01 5.74103594e-01 8.04171443e-01
    5.68360090e-03 3.77820522e-01 3.19859684e-01 7.68112838e-02
    2.23550022e-01 2.73787916e-01 9.99286294e-01 7.91884124e-01
    8.52608442e-01 4.50309575e-01 6.01189733e-01 2.80427337e-01
    4.81689930e-01 8.28764439e-02 1.29665375e-01 4.27845597e-01
    2.22971559e-01 6.98843718e-01 1.92203522e-02 7.44692504e-01
    5.18617034e-01 6.23201549e-01 5.41814685e-01 3.16815257e-01
    2.26134121e-01 4.75722730e-01 8.88028383e-01 5.09985924e-01
    1.34693027e-01 3.49196196e-01 1.68850780e-01 9.69272912e-01
    7.42021322e-01 8.72454643e-02 7.34616816e-01 6.14784718e-01
    9.30512190e-01 5.59183836e-01 7.29340732e-01 7.54394174e-01
    9.44777429e-02 8.76922548e-01 1.41626477e-01 8.33895504e-01
    4.80207503e-01 4.97704029e-01 4.94580090e-01 7.56855905e-02
    1.57206863e-01 3.35096985e-01 2.29027987e-01 6.90285742e-01
    3.33353341e-01 5.85500062e-01 2.96137691e-01 2.22651869e-01
    4.81322646e-01 4.97696459e-01 9.30035233e-01 6.86075151e-01
    2.51541793e-01 7.02840984e-02 8.25674832e-01 8.23605001e-01
    4.38712776e-01 2.97232419e-01 8.99285316e-01 7.69215941e-01
    8.26747715e-02 3.94818902e-01 2.25789756e-01 7.71409869e-01
    3.95635903e-01 9.04451966e-01 5.58017790e-02 6.83127403e-01
    1.00004077e-02 2.26470619e-01 9.10236537e-01 3.15115511e-01
    2.35840380e-02 1.70767456e-01 7.33668506e-01 1.78298920e-01
    4.05684859e-01 4.03025299e-01 6.41349137e-01 3.88237178e-01
    3.91515344e-01 9.87234294e-01 8.22501600e-01 3.26590270e-01
    9.41009879e-01 9.57560420e-01 7.35524774e-01 2.52805144e-01
    9.85030711e-01 8.83806825e-01 1.32533610e-01 6.86287403e-01
    1.03952080e-01 7.27793992e-01 3.89370948e-01 4.75570858e-01
    3.61515552e-01 7.29166090e-01 2.95479715e-01 3.22623134e-01
    6.94037080e-02 8.89716744e-01 3.46276820e-01 2.46060789e-01
    7.65859842e-01 2.33308613e-01 8.37047935e-01 7.51821041e-01
    7.30476141e-01 4.16116476e-01 2.40407258e-01 7.12520003e-01
    2.40547985e-01 1.08076751e-01 9.54891145e-01 7.66390562e-01
    1.08764142e-01 5.44455111e-01 5.59197426e-01 1.45356655e-01
    4.76004183e-02 1.01754755e-01 1.21087849e-01 2.38401294e-02
    6.66606486e-01 4.02239859e-02 8.83892536e-01 5.69609106e-02
    5.96040905e-01 9.45678592e-01 7.62185454e-02 8.25659275e-01
    5.67857087e-01 5.53472459e-01 1.39016002e-01 4.10470963e-01
    3.34521979e-01 4.71521676e-01 1.66600734e-01 4.90288675e-01
    4.49992865e-01 9.03682232e-01 1.80596560e-01 8.82724464e-01
    3.36809576e-01 4.23294127e-01 1.07504129e-01 8.62527668e-01
    3.44516516e-01 8.24028373e-01 6.83256328e-01 6.23325765e-01
    7.08882034e-01 7.09650099e-01 2.16226459e-01 6.76452637e-01
    6.51263118e-01 3.00210357e-01 1.84309602e-01 3.93316984e-01
    4.14668262e-01 6.82427585e-02 7.67385662e-01 3.16703975e-01
    9.52419281e-01 1.52811050e-01 5.62624216e-01 5.82423508e-01
    5.96777439e-01 2.01979607e-01 8.78915191e-03 4.50585365e-01
    1.47606373e-01 5.13837516e-01 4.65238452e-01 1.32536292e-02
    2.05388218e-01 1.08340561e-01 1.85105532e-01 8.43103409e-01
    7.93161750e-01 4.47383434e-01 9.96741891e-01 6.25389695e-01
    3.75128061e-01 8.35386992e-01 1.64984107e-01 5.40166080e-01
    5.17460942e-01 3.93752545e-01 1.12356752e-01 5.07864535e-01
    8.48552108e-01 6.10632837e-01 8.95749927e-01 2.07535714e-01
    1.34750068e-01 8.63111496e-01 2.09342539e-01 3.00868750e-01
    2.56473243e-01 6.89965963e-01 2.33872592e-01 3.30432653e-01
    4.02707547e-01 6.15248263e-01 3.26663435e-01 6.42842412e-01
    3.20478320e-01 2.56034166e-01 9.10698712e-01 7.87498891e-01
    3.98759842e-01 7.21311927e-01 2.66444683e-01 5.25203049e-01
    4.19583142e-01 8.59715044e-02 5.61697483e-02 3.87843132e-01
    9.06957686e-01 1.45703793e-01 2.86074162e-01 7.59745121e-01
    5.78161657e-01 9.61597443e-01 5.79177976e-01 7.16187060e-02
    8.58255327e-02 4.24361050e-01 7.32549369e-01 4.23651069e-01
    8.02490234e-01 5.52721560e-01 4.36195552e-01 1.81621075e-01
    8.13985825e-01 6.46480918e-01 3.50338936e-01 9.89146113e-01
    7.75766551e-01 8.72761250e-01 7.19152272e-01 5.30569434e-01
    8.12282205e-01 5.68979681e-01 2.34593272e-01 1.85784966e-01
    4.44157064e-01 8.26824009e-01 6.48513675e-01 2.24305511e-01
    9.16960120e-01 5.29281437e-01 7.49980450e-01 8.46252084e-01
    7.78454304e-01 3.77942145e-01 9.43768680e-01 5.58637023e-01
    1.88628167e-01 3.99485350e-01 4.71413851e-01 5.35701692e-01
    4.74522799e-01 9.82419133e-01 1.07524514e-01 5.84669888e-01
    1.04739428e-01 6.09984517e-01 4.19217348e-03 3.44837785e-01
    7.93765008e-01 2.16999441e-01 8.16516280e-01 8.60072374e-01
    8.61306548e-01 3.32123160e-01 9.47252750e-01 4.62461323e-01
    2.03321457e-01 4.78349745e-01 8.07185292e-01 8.37950051e-01
    2.05829620e-01 7.57283688e-01 4.66230035e-01 9.82921243e-01
    4.97755259e-01 4.06197995e-01 3.73576283e-01 2.02342570e-02
    2.81933576e-01 7.78030276e-01 9.78646338e-01 7.48294234e-01
    6.56643867e-01 9.01518524e-01 6.76097393e-01 2.19796747e-01
    5.65886497e-01 9.87015724e-01 2.28457153e-02 3.75543416e-01
    6.87632143e-01 3.14985633e-01 3.09453547e-01 8.96183252e-01
    9.71294761e-01 3.90812874e-01 5.56388319e-01 7.41552114e-02
    1.75313652e-02 1.54010594e-01 5.25630236e-01 8.63727927e-01
    6.49385214e-01 7.41910577e-01 7.25014269e-01 2.16947913e-01
    9.09337223e-01 8.06213021e-01 4.50819582e-01 1.88760161e-01
    6.76696062e-01 4.99846488e-01 8.58860314e-02 6.71453476e-02
    4.87360746e-01 1.98237777e-01 2.38591433e-03 2.23840833e-01
    8.73237789e-01 7.54026473e-01 8.80112112e-01 4.38458323e-01
    3.25759947e-01 2.48385370e-01 7.64271617e-01 6.54065609e-03
    1.43309832e-02 8.55615318e-01 4.44337696e-01 2.96794057e-01
    9.86200333e-01 2.54755557e-01 4.83623862e-01 3.64857376e-01
    7.18084931e-01 1.46970093e-01 2.26829171e-01 5.41682959e-01
    6.66240990e-01 1.74208581e-02 8.48920226e-01 1.26657814e-01
    6.35765076e-01 2.83273578e-01 7.52550542e-01 8.41296375e-01
    8.87364030e-01 2.35890210e-01 1.61937088e-01 3.00101578e-01
    1.94132000e-01 3.79020452e-01 1.31027073e-01 3.11706960e-01
    6.54903650e-02 4.35643226e-01 8.84717166e-01 4.21177477e-01
    5.85548699e-01 2.16310740e-01 3.30580860e-01 4.80720639e-01
    4.87367421e-01 5.10738313e-01 4.78971720e-01 7.11700678e-01
    4.35106456e-01 6.13319397e-01 5.51202118e-01 6.37395263e-01
    2.64155626e-01 9.69800830e-01 2.34351128e-01 2.55334020e-01
    4.54572320e-01 9.56752658e-01 8.13708603e-02 3.03344727e-02
    9.80952621e-01 2.94947028e-02 9.85534251e-01 4.66299295e-01
    3.14238906e-01 9.76672530e-01 4.31256294e-02 9.36782002e-01
    8.45775545e-01 7.21288025e-01 1.07504129e-01 8.62527668e-01
    3.44516516e-01 8.24028373e-01 6.83256328e-01 6.23325765e-01
    7.08882034e-01 7.09650099e-01 2.16226459e-01 6.76452637e-01
    6.51263118e-01 3.00210357e-01 1.84309602e-01 3.93316984e-01
    4.14668262e-01 6.82427585e-02 7.67385662e-01 3.16703975e-01
    9.76444721e-01 5.97632110e-01 7.50084043e-01 6.10686302e-01
    1.77134842e-01 9.25499082e-01 3.74330997e-01 2.40309983e-01
    7.30773449e-01 2.45985776e-01 4.51521307e-01 6.67814136e-01
    6.65033579e-01 4.32208657e-01 3.03851455e-01 7.83189416e-01
    1.46254480e-01 7.27102876e-01 6.35177732e-01 5.36897182e-01
    6.36157691e-01 8.04412365e-01 1.28729790e-01 6.86360598e-01
    6.14071608e-01 9.97486591e-01 9.69133258e-01 3.11604887e-01
    3.69519264e-01 1.46050870e-01 2.15350688e-02 4.90587533e-01
    7.24978447e-02 8.36718917e-01 7.84848452e-01 1.63831353e-01
    1.74505830e-01 4.99061257e-01 2.56735146e-01 8.89996409e-01
    9.58661556e-01 3.60153198e-01 8.75283897e-01 1.26445293e-03
    4.33204591e-01 4.98554260e-01 9.57134128e-01 7.41249204e-01
    3.26861829e-01 8.58927608e-01 9.21793342e-01 6.07077956e-01
    1.68649077e-01 5.99356294e-01 5.85017443e-01 9.09321666e-01
    6.57367885e-01 2.01053917e-01 4.27306056e-01 8.48242044e-01
    1.86648428e-01 5.75556695e-01 6.84738219e-01 6.60783052e-03
    1.99982494e-01 7.00638354e-01 5.62151909e-01 6.12059355e-01
    8.49838018e-01 8.69703889e-02 7.49241233e-01 9.80599523e-01
    8.48903179e-01 9.77110207e-01 2.70254612e-02 4.79154229e-01
    8.62616420e-01 7.19813883e-01 2.67631292e-01 2.97658652e-01
    7.81124651e-01 7.98054218e-01 1.17085308e-01 4.42856669e-01
    8.52170706e-01 7.64884830e-01 4.68744516e-01 7.26607740e-01
    5.77972651e-01 4.99567270e-01 9.33274269e-01 6.59077168e-02
    1.62037104e-01 6.46682620e-01 7.32466221e-01 5.61419606e-01
    6.55150414e-01 9.63355899e-02 6.87377274e-01 7.40307450e-01
    2.06297338e-01 8.00464213e-01 6.96045816e-01 2.09417939e-01
    1.77447677e-01 3.34645152e-01 4.00341034e-01 8.06612015e-01
    1.18045837e-01 5.43283761e-01 5.75505257e-01 8.61627460e-01
    1.61311358e-01 1.86561465e-01 7.73578048e-01 6.64478600e-01
    9.36854959e-01 7.59053111e-01 4.58351433e-01 6.44379735e-01
    3.99581492e-01 2.08658159e-01 8.81437004e-01 5.19375741e-01
    6.98444784e-01 5.83307445e-02 3.26447666e-01 1.38209373e-01
    5.64961433e-01 1.11110449e-01 5.29262722e-01 1.90292031e-01
    9.61470962e-01 4.45526958e-01 7.07916498e-01 5.50766706e-01
    1.59217954e-01 7.76705801e-01 4.93243873e-01 8.71885538e-01
    5.36422729e-02 6.19459510e-01 2.03539938e-01 2.89166152e-01
    1.72035605e-01 1.55599326e-01 3.09276611e-01 5.74199736e-01
    8.89558792e-01 1.67818397e-01 8.23176026e-01 8.52409124e-01
    9.79715586e-03 8.93098414e-02 8.20566058e-01 5.22878051e-01
    1.47487819e-01 2.18794465e-01 1.80766612e-01 6.37548923e-01
    4.88439798e-02 3.33839685e-01 6.89212859e-01 9.13581848e-02
    6.26792908e-02 4.33622837e-01 3.17718387e-02 3.48582745e-01
    8.10918629e-01 8.15233231e-01 1.32785648e-01 1.01914525e-01
    6.95490003e-01 9.19876397e-01 8.91494393e-01 1.63461328e-01
    7.21665382e-01 6.37213290e-01 9.43733513e-01 2.46189535e-02
    6.58400059e-02 3.64382565e-01 5.86293042e-01 5.86499572e-01
    2.35418946e-01 4.23781037e-01 5.56821585e-01 9.19680417e-01
    6.31228626e-01 8.39080215e-02 1.17579669e-01 6.57135606e-01
    3.95603776e-01 7.59188414e-01 7.51162529e-01 4.16800529e-01
    2.31972128e-01 3.65561366e-01 4.80063915e-01 4.42725509e-01
    1.98683143e-01 8.83048415e-01 6.33097649e-01 8.94481421e-01
    5.74624419e-01 5.79856753e-01 6.94931865e-01 3.58203679e-01
    7.46331394e-01 9.93484616e-01 1.17411315e-02 7.07331479e-01
    1.18445456e-02 4.49754924e-01 1.21833026e-01 7.36892104e-01
    9.25604463e-01 4.99017179e-01 9.72064257e-01 6.22748315e-01
    1.16708279e-02 9.65321660e-01 2.11106032e-01 3.46011817e-01
    4.30821538e-01 4.27554429e-01 2.97191024e-01 4.99505699e-02
    3.68029982e-01 5.68414152e-01 6.80624962e-01 8.44871342e-01
    2.44317979e-01 9.78652656e-01 6.58567369e-01 5.84764123e-01
    8.87895823e-01 4.85367239e-01 5.08922577e-01 2.33373821e-01
    8.91683519e-01 2.11542487e-01 4.51481104e-01 6.24864221e-01
    5.31816185e-02 6.42470896e-01 2.78614521e-01 7.41813242e-01
    6.32217646e-01 9.32099044e-01 3.20172817e-01 1.32445812e-01
    9.94315326e-01 1.64392322e-01 1.45964921e-02 9.95291352e-01
    9.76444721e-01 5.97632110e-01 7.50084043e-01 6.10686302e-01
    1.77134842e-01 9.25499082e-01 3.74330997e-01 2.40309983e-01
    7.30773449e-01 2.45985776e-01 4.51521307e-01 6.67814136e-01
    6.65033579e-01 4.32208657e-01 3.03851455e-01 7.83189416e-01
    1.46254480e-01 7.27102876e-01 2.18122333e-01 7.30748534e-01
    4.54610646e-01 5.97480714e-01 9.93659973e-01 1.67791069e-01
    6.39510155e-01 6.52691483e-01 7.45993257e-01 5.81325948e-01
    3.02089959e-01 5.19459367e-01 7.12113261e-01 5.50696909e-01
    6.72114134e-01 6.61039412e-01 8.79834235e-01 6.49873555e-01
    6.87844872e-01 4.03595895e-01 3.57101142e-01 6.92448497e-01
    2.90941298e-01 7.27728248e-01 7.63244390e-01 7.30569839e-01
    5.70684493e-01 1.21647000e-01 5.32634258e-01 7.00871944e-01
    7.91011453e-01 5.57278872e-01 9.32041049e-01 2.97588587e-01
    1.83411926e-01 8.81939769e-01 2.58102298e-01 6.67237580e-01
    5.46048045e-01 1.34171247e-01 1.84071064e-01 1.34866834e-01
    2.91494668e-01 3.13595384e-01 4.49295908e-01 5.77650964e-01
    1.79863781e-01 9.05456424e-01 9.10748363e-01 7.03142285e-01
    2.16853321e-01 7.86964476e-01 5.48385441e-01 7.90205598e-02
    9.87798810e-01 4.94588375e-01 2.71524966e-01 7.54540563e-01
    5.55675447e-01 7.11418509e-01 3.81199509e-01 7.88984776e-01
    1.83895379e-01 3.47889304e-01 7.66575933e-02 1.34436250e-01
    6.71027601e-02 4.71281946e-01 2.19999552e-02 9.08719301e-01
    4.80497897e-01 9.62222636e-01 4.89827216e-01 5.66700995e-01
    8.33968401e-01 4.77295816e-02 3.59090090e-01 8.30224395e-01
    6.32640183e-01 1.09076858e-01 5.05828440e-01 2.35100478e-01
    3.01370323e-01 8.44955146e-01 5.23270309e-01 1.72892511e-01
    1.35089457e-02 2.34939963e-01 7.20289946e-01 1.00801945e-01
    5.32138109e-01 4.33887362e-01 3.88136744e-01 2.79463887e-01
    9.27182317e-01 2.28142858e-01 5.40669560e-01 3.70401382e-01
    5.56281030e-01 9.48811173e-02 1.08487159e-01 7.58863389e-01
    8.58901024e-01 9.03555155e-01 9.85494018e-01 2.73390472e-01
    8.60323906e-01 3.23776364e-01 6.71704531e-01 1.10974908e-01
    2.37157941e-03 7.40972281e-01 5.45150280e-01 2.12672353e-02
    5.13704419e-02 8.15839648e-01 9.24176455e-01 3.02377224e-01
    6.06685281e-01 3.41798723e-01 3.17640573e-01 9.77528214e-01
    8.66098106e-02 4.40395802e-01 3.85013998e-01 4.08337086e-01
    7.65516758e-01 8.09623003e-02 3.94386798e-01 6.96451664e-01
    8.89595747e-02 3.12708378e-01 1.85811609e-01 1.39428735e-01
    8.97360086e-01 4.56969440e-01 5.67490518e-01 4.83967781e-01
    2.56592572e-01 8.14924836e-01 8.18258405e-01 5.62980056e-01
    5.84788203e-01 7.99998045e-01 7.85561264e-01 8.45007896e-01
    9.02395546e-02 8.31976354e-01 2.28040755e-01 6.96719527e-01
    8.77016246e-01 4.17550683e-01 1.33410096e-01 5.07440567e-01
    8.03586245e-01 5.01907468e-01 2.85126448e-01 9.73550677e-02
    5.73875964e-01 5.43132484e-01 4.43377852e-01 2.31623888e-01
    7.29036212e-01 9.32099819e-02 3.88221890e-01 1.99223250e-01
    7.13240147e-01 8.21038723e-01 3.06191921e-01 3.45636517e-01
    8.60178173e-02 2.82672763e-01 9.36765313e-01 2.88425624e-01
    5.50112307e-01 2.35605717e-01 1.35522544e-01 3.17218900e-02
    7.17962086e-01 9.60990369e-01 7.33694196e-01 2.97602892e-01
    8.42226028e-01 7.35194802e-01 2.22180903e-01 3.31525207e-02
    5.42513251e-01 9.48050976e-01 7.44268894e-01 1.15452468e-01
    9.52495456e-01 8.75315011e-01 3.74407768e-02 1.44774228e-01
    6.77376509e-01 9.62068856e-01 6.16333067e-01 9.57696438e-02
    4.87832040e-01 5.21651745e-01 4.77121413e-01 5.33966303e-01
    7.04626739e-02 9.25361037e-01 1.18611962e-01 8.65982890e-01
    5.85206926e-01 7.61642575e-01 9.09410000e-01 2.69071460e-01
    3.26688766e-01 5.42598605e-01 4.35609221e-01 2.99387902e-01
    7.92404771e-01 9.15107250e-01 8.85459781e-01 4.33669746e-01
    8.15875769e-01 8.56979966e-01 9.54945207e-01 3.44867826e-01
    1.14285439e-01 6.37778640e-03 8.34408760e-01 9.90893483e-01
    9.37510133e-01 6.53848171e-01 2.68254042e-01 8.16032887e-01
    5.62957585e-01 5.11897504e-02 1.21683180e-01 2.04622388e-01
    6.49099231e-01 9.43390846e-01 1.89797521e-01 2.88149536e-01
    5.25885224e-01 2.20906377e-01 9.89694118e-01 2.83062100e-01
    1.71386063e-01 8.58730972e-02 8.96554947e-01 9.69799995e-01
    7.78813362e-01 8.59421015e-01 6.95515096e-01 5.93306303e-01
    4.86009032e-01 5.82272410e-01 2.04615384e-01 9.16697383e-02
    2.16255575e-01 8.76058936e-02 2.18122333e-01 7.30748534e-01
    4.54610646e-01 5.97480714e-01 9.93659973e-01 1.67791069e-01
    6.39510155e-01 6.52691483e-01 7.45993257e-01 5.81325948e-01
    3.02089959e-01 5.19459367e-01 7.12113261e-01 5.50696909e-01
    6.72114134e-01 6.61039412e-01 8.79834235e-01 6.49873555e-01
    1.32162631e-01 2.06644624e-01 6.68423653e-01 4.36157286e-02
    8.12632322e-01 5.88909090e-01 9.79180813e-01 3.27831209e-01
    4.46397066e-02 1.30888969e-01 4.82335508e-01 1.98001862e-02
    2.25363970e-02 9.86375213e-02 1.20800585e-01 8.23591650e-02
    3.63965034e-01 3.42171371e-01 4.73916054e-01 4.51410383e-01
    5.50241947e-01 5.08493662e-01 8.90333951e-01 5.41801214e-01
    8.90348792e-01 6.19409561e-01 6.14131033e-01 7.30141819e-01
    6.18422687e-01 4.10405695e-02 8.45510960e-01 9.47542548e-01
    8.75251293e-02 2.71788567e-01 8.14722776e-01 1.19716048e-01
    9.36842918e-01 8.80805850e-01 1.53489918e-01 7.51339793e-02
    9.42327380e-01 3.83553863e-01 5.57807148e-01 2.71717101e-01
    1.81097239e-01 8.79067600e-01 1.25997066e-01 6.88733220e-01
    1.99331701e-01 6.13403261e-01 7.02086806e-01 4.22865152e-02
    3.11089188e-01 1.01056606e-01 4.51506078e-01 2.02303737e-01
    1.93644702e-01 5.04590869e-01 8.96843791e-01 1.49708360e-01
    5.27073383e-01 4.47037637e-01 6.82459295e-01 1.05786175e-01
    7.75160015e-01 1.15471095e-01 1.14737153e-01 2.90450156e-01
    5.08246243e-01 1.97595328e-01 2.75080204e-01 2.68473327e-02
    9.52741265e-01 9.18951750e-01 1.75037682e-02 6.65235758e-01
    4.98611271e-01 4.09965217e-01 2.37610996e-01 2.36065179e-01
    9.51611698e-01 4.23002481e-01 4.89499897e-01 8.96511316e-01
    2.36167669e-01 2.55113959e-01 3.60032201e-01 2.19846189e-01
    9.81490552e-01 8.83459747e-02 7.42926002e-01 9.23590839e-01
    8.50664496e-01 7.07808018e-01 9.19532478e-02 4.55588698e-02
    5.10630131e-01 3.43365192e-01 7.74875879e-01 7.06146955e-01
    4.92053151e-01 2.17357606e-01 2.30768770e-01 1.83980048e-01
    7.45223761e-02 6.28443599e-01 1.44837499e-02 6.95457757e-02
    8.79144490e-01 4.57845032e-01 3.51304173e-01 8.83770347e-01
    2.58975208e-01 6.33766174e-01 6.64862752e-01 7.66030014e-01
    7.00349092e-01 6.05956137e-01 6.58375800e-01 6.03357255e-01
    5.43935418e-01 5.96407652e-01 3.27610552e-01 5.83627820e-01
    1.59102678e-02 5.02836108e-01 1.44775093e-01 1.73860073e-01
    2.31874436e-01 7.57676721e-01 4.69174683e-01 2.58696079e-01
    7.58234620e-01 4.73846197e-02 1.50776863e-01 6.65641427e-01
    6.13932967e-01 2.89170265e-01 7.77878106e-01 8.17898989e-01
    4.24788296e-02 4.74234998e-01 3.97795230e-01 1.20200008e-01
    5.97002566e-01 7.74010479e-01 4.04233634e-01 5.99144518e-01
    1.64539248e-01 1.88945860e-01 6.29992604e-01 6.96263433e-01
    5.37036121e-01 9.83700871e-01 6.06107235e-01 2.77289748e-01
    9.85666573e-01 3.29049706e-01 5.64703703e-01 9.84072924e-01
    8.81643414e-01 9.73575950e-01 4.73051697e-01 1.17449492e-01
    8.35520923e-02 5.61779022e-01 7.53393829e-01 8.62367868e-01
    8.97666812e-01 8.75703394e-02 1.50722265e-03 4.07970428e-01
    6.86418414e-02 2.36548066e-01 1.83351874e-01 1.77044123e-01
    8.37375939e-01 6.03171229e-01 2.46579111e-01 6.11719668e-01
    8.37463617e-01 2.21973836e-01 2.55499780e-01 8.53623152e-01
    8.24669540e-01 2.42889822e-02 8.74899328e-02 9.24166679e-01
    4.45114851e-01 9.43993628e-02 1.89125925e-01 8.80743086e-01
    5.51643848e-01 3.81649554e-01 3.28762949e-01 3.28862309e-01
    6.11764610e-01 6.63093030e-02 2.69084275e-01 6.53338790e-01
    6.22986794e-01 8.21637452e-01 7.67782331e-02 2.01867104e-01
    4.82606232e-01 7.42003679e-01 6.52682364e-01 2.04753309e-01
    3.60769391e-01 7.61211634e-01 8.99150372e-02 8.48511934e-01
    5.56512535e-01 4.96460527e-01 8.50737810e-01 3.14210057e-02
    6.53731287e-01 5.03154457e-01 3.15592885e-01 3.96179110e-01
    6.17289066e-01 5.48622549e-01 4.00510609e-01 2.97488689e-01
    6.20820999e-01 5.96032619e-01 9.55577612e-01 2.98305750e-01
    3.27955186e-01 1.28164381e-01 8.97864699e-01 5.18943608e-01
    4.57906991e-01 7.21819878e-01 6.54916823e-01 7.35266507e-01
    5.10967135e-01 3.67012858e-01 8.21758151e-01 6.54574990e-01
    9.02425945e-02 5.48376620e-01 9.65834975e-01 9.55449104e-01
    4.92834270e-01 7.77101517e-01 8.47156644e-01 9.49948430e-02
    3.96870613e-01 5.36140859e-01 2.11872995e-01 3.80406260e-01
    2.05956459e-01 2.78864861e-01 4.10789549e-01 7.04696894e-01
    1.32162631e-01 2.06644624e-01 6.68423653e-01 4.36157286e-02
    8.12632322e-01 5.88909090e-01 9.79180813e-01 3.27831209e-01
    4.46397066e-02 1.30888969e-01 4.82335508e-01 1.98001862e-02
    2.25363970e-02 9.86375213e-02 1.20800585e-01 8.23591650e-02
    3.63965034e-01 3.42171371e-01 9.21569705e-01 7.91169763e-01
    5.07610083e-01 6.02339447e-01 8.41759086e-01 8.65432143e-01
    6.25208139e-01 1.67919397e-02 1.13813281e-01 6.34493589e-01
    6.22369111e-01 5.54631054e-02 3.38475823e-01 4.48864281e-01
    8.44964087e-01 5.66115975e-01 6.33447766e-01 4.11058456e-01
    7.85904050e-01 4.71618354e-01 4.44393069e-01 1.62754387e-01
    9.03180957e-01 6.59411728e-01 1.44761980e-01 6.09003603e-01
    2.72647083e-01 2.16018379e-01 4.95180815e-01 6.22292399e-01
    8.30154240e-01 8.23559463e-01 9.40419495e-01 4.61387396e-01
    6.70721531e-01 6.20182037e-01 5.41877270e-01 6.01929605e-01
    5.55220723e-01 5.52855909e-01 5.38934469e-01 9.02712703e-01
    6.92846656e-01 3.96577299e-01 8.65832627e-01 1.26491874e-01
    7.46569991e-01 8.35510790e-02 3.87190521e-01 3.93263489e-01
    8.71140778e-01 3.45952570e-01 8.31068873e-01 9.00376320e-01
    9.89270270e-01 2.49317229e-01 8.56070638e-01 2.16724962e-01
    7.17967153e-01 1.55194700e-01 2.15961009e-01 9.08087850e-01
    7.23270476e-01 5.41390300e-01 6.45520210e-01 7.31572628e-01
    5.91109931e-01 5.57862759e-01 3.35003793e-01 3.06157410e-01
    3.58962893e-01 7.21443415e-01 4.76694494e-01 9.53641891e-01
    5.70024073e-01 5.79711199e-02 8.54729056e-01 6.30652606e-02
    8.43330860e-01 4.49194491e-01 6.11133575e-01 2.73745358e-01
    6.78038716e-01 1.03446603e-01 6.02383852e-01 7.31834292e-01
    1.09118730e-01 7.57154822e-01 4.73802269e-01 3.58978957e-01
    9.18381333e-01 6.78495765e-01 2.42978394e-01 8.99039984e-01
    2.71736205e-01 3.22962314e-01 7.38275588e-01 8.87171984e-01
    6.26001179e-01 8.74854445e-01 3.89750898e-01 3.11148971e-01
    5.89928329e-02 7.63027370e-02 9.50769722e-01 6.93177938e-01
    5.99962473e-01 9.97912586e-01 2.22747505e-01 8.99591565e-01
    7.10273862e-01 1.91451907e-01 8.89028609e-01 2.60306656e-01
    3.16077769e-02 5.86612284e-01 4.97234315e-01 7.11555958e-01
    7.56489813e-01 4.08925176e-01 6.36285007e-01 2.00462073e-01
    8.65630507e-02 6.21794403e-01 9.06397820e-01 3.16963106e-01
    8.23025167e-01 7.28820086e-01 8.22147489e-01 1.47081673e-01
    9.66036081e-01 1.36876345e-01 8.96460652e-01 6.79434538e-02
    6.13705337e-01 7.40141690e-01 9.70072389e-01 2.70676970e-01
    6.91185951e-01 9.52880740e-01 4.07692492e-01 1.37370557e-01
    2.49135405e-01 2.88396090e-01 8.60598683e-01 9.80460346e-02
    1.00150883e-01 2.50179291e-01 4.69231069e-01 6.27663732e-02
    6.57157302e-02 3.88618320e-01 9.31290329e-01 7.60130584e-01
    3.72970998e-01 9.65300202e-01 7.56120086e-01 6.75472617e-02
    5.55888355e-01 9.75360990e-01 8.22360873e-01 9.03451622e-01
    4.03321028e-01 1.61839843e-01 9.09948349e-03 5.07743359e-02
    7.79318929e-01 1.23934001e-01 4.56630051e-01 1.38508826e-01
    8.11749995e-02 3.64020377e-01 5.15447140e-01 6.38882875e-01
    5.62556088e-01 9.84072983e-01 9.42117572e-02 7.99758852e-01
    7.94914126e-01 7.14804590e-01 4.71273214e-01 1.62644804e-01
    2.83557653e-01 9.86685753e-01 7.34760940e-01 4.37137783e-02
    1.55511558e-01 3.75216305e-01 2.63054132e-01 6.32959306e-02
    3.78325701e-01 6.48790181e-01 7.00704336e-01 6.17762208e-02
    5.01776159e-01 1.19167566e-03 8.98761511e-01 6.77772284e-01
    6.42123759e-01 5.31475604e-01 9.25140738e-01 5.70458829e-01
    1.53140306e-01 2.37280071e-01 1.93397164e-01 5.33867478e-02
    4.18462157e-01 7.12549984e-02 3.16350400e-01 4.84042317e-01
    9.73097682e-02 4.96145427e-01 9.56594884e-01 1.08355045e-01
    8.37304473e-01 9.94657695e-01 7.25434542e-01 8.44139814e-01
    7.36852288e-01 1.66121423e-02 4.14547950e-01 7.00341821e-01
    4.81939018e-01 9.28400457e-01 3.05892169e-01 6.40110970e-02
    9.54056382e-02 1.17399693e-02 8.87020826e-01 5.74652910e-01
    7.19155550e-01 4.04184252e-01 8.29863191e-01 7.39371061e-01
    2.89421022e-01 6.64458573e-01 5.15688956e-01 9.32884216e-03
    7.24911451e-01 9.95643497e-01 3.34360480e-01 8.76039267e-01
    5.36822677e-02 2.21329480e-01 6.08549356e-01 6.83227301e-01
    2.29104608e-01 3.24057698e-01 6.03626609e-01 1.19639844e-01
    8.95309329e-01 4.33498025e-01 7.98397660e-02 1.99972093e-01
    1.70241922e-01 3.77384245e-01 9.21569705e-01 7.91169763e-01
    5.07610083e-01 6.02339447e-01 8.41759086e-01 8.65432143e-01
    6.25208139e-01 1.67919397e-02 1.13813281e-01 6.34493589e-01
    6.22369111e-01 5.54631054e-02 3.38475823e-01 4.48864281e-01
    8.44964087e-01 5.66115975e-01 6.33447766e-01 4.11058456e-01
    6.91344321e-01 6.28873825e-01 1.86662406e-01 5.46659470e-01
    2.64110088e-01 4.67352778e-01 5.75525224e-01 5.52627146e-01
    7.36624241e-01 2.86165297e-01 1.66067481e-01 6.55802429e-01
    8.04764032e-01 8.34047556e-01 5.79443574e-03 4.94447947e-01
    5.68281889e-01 4.86254573e-01 7.49028444e-01 5.60051501e-02
    5.43587565e-01 8.00118208e-01 7.19731450e-02 3.20280671e-01
    1.88139260e-01 3.68973196e-01 6.25712872e-01 3.11447114e-01
    2.92374671e-01 7.90770173e-01 7.11513340e-01 5.17725468e-01
    2.18103379e-01 9.56557393e-01 8.23331833e-01 3.08882892e-01
    8.50139856e-01 6.33573055e-01 5.14178038e-01 7.77541161e-01
    1.43522412e-01 1.94897383e-01 2.08413810e-01 9.28552628e-01
    2.36026436e-01 9.81229544e-01 2.75931656e-02 1.90325409e-01
    1.31770879e-01 8.19472671e-02 8.75189662e-01 7.24277258e-01
    1.34075612e-01 7.54025578e-02 9.63921428e-01 8.13594818e-01
    9.58420753e-01 4.53204900e-01 3.29012245e-01 5.81394792e-01
    4.83129323e-02 4.24636781e-01 9.96282935e-01 9.79184210e-01
    4.38000560e-01 7.56461799e-01 4.35541153e-01 9.55218554e-01
    4.54569668e-01 4.65607792e-01 8.92072916e-02 6.81520462e-01
    9.71225262e-01 6.59628153e-01 5.17304838e-02 9.72204030e-01
    4.55919743e-01 8.44326615e-03 9.97298598e-01 8.61076474e-01
    3.71571124e-01 2.03290969e-01 9.22636330e-01 9.98410583e-01
    1.53343171e-01 7.08217502e-01 1.56367064e-01 8.33778560e-01
    1.49135649e-01 5.65580070e-01 4.39612240e-01 5.90996504e-01
    7.49382377e-01 5.89281738e-01 8.83529186e-01 9.83548880e-01
    4.54588473e-01 2.48385638e-01 4.55659598e-01 6.66287720e-01
    3.89406681e-01 4.93046552e-01 8.30357194e-01 5.52878499e-01
    5.84116518e-01 4.19747829e-02 8.30377638e-01 2.22327441e-01
    1.23405159e-02 3.61595005e-01 5.48695326e-01 5.36117673e-01
    7.34601140e-01 1.98495835e-01 7.94933915e-01 2.48421222e-01
    9.39641774e-01 9.42087889e-01 1.01529896e-01 4.88311946e-02
    6.40218496e-01 8.31153870e-01 3.65935922e-01 7.70449281e-01
    8.31082404e-01 4.59115505e-01 5.19358814e-01 9.38151360e-01
    2.35650271e-01 4.76059526e-01 8.67986500e-01 1.72767609e-01
    4.91579592e-01 9.63866830e-01 1.64082676e-01 3.13209444e-01
    8.42542350e-02 2.64899284e-01 3.88286412e-02 2.14841843e-01
    6.10983491e-01 3.98159325e-01 1.10468894e-01 9.08732891e-01
    8.14534724e-02 2.55100369e-01 4.22292352e-01 5.84900677e-02
    5.81463873e-02 5.02322197e-01 5.76640606e-01 8.28419626e-02
    1.62628889e-01 2.80887902e-01 4.52733099e-01 2.39411980e-01
    9.97372627e-01 7.88108587e-01 8.66607428e-01 7.90010929e-01
    3.31520706e-01 4.84133571e-01 9.52961564e-01 3.52920651e-01
    2.60497421e-01 1.52457803e-01 4.62827146e-01 4.40517843e-01
    2.38345563e-02 9.46430087e-01 4.49223936e-01 3.29456210e-01
    7.09707379e-01 4.97174352e-01 1.95237190e-01 5.50842583e-02
    6.60585523e-01 2.87151188e-01 3.87921542e-01 7.95379579e-01
    7.75778234e-01 9.36368704e-02 1.15430295e-01 8.16839159e-01
    2.21380949e-01 5.80778778e-01 6.72067106e-01 4.77966815e-01
    2.51085699e-01 8.92448783e-01 2.33553380e-01 6.89699173e-01
    5.38809776e-01 1.11063182e-01 7.58152902e-01 4.68088090e-02
    8.00196290e-01 8.04001272e-01 3.75320315e-01 5.97842574e-01
    2.44980216e-01 6.32282138e-01 9.05978680e-01 6.50864542e-01
    1.81385428e-01 5.38543820e-01 7.10596025e-01 9.36203718e-01
    8.60915184e-01 6.92974627e-01 3.56248558e-01 8.15497339e-02
    6.00699306e-01 5.51355481e-02 4.22006160e-01 9.59720731e-01
    8.82209182e-01 9.37076569e-01 9.57795024e-01 9.12516773e-01
    9.75252032e-01 8.81425619e-01 5.48918605e-01 3.00539255e-01
    7.95898080e-01 2.99340785e-02 3.88817430e-01 9.91366744e-01
    4.28946108e-01 4.46460247e-02 3.72349143e-01 3.38642061e-01
    5.38595915e-02 5.17675579e-02 4.54966545e-01 5.45355976e-02
    8.00920129e-01 1.73766792e-01 9.41750526e-01 9.75972652e-01
    4.56486344e-01 4.84018922e-02 6.45667911e-02 5.70976019e-01
    2.70775229e-01 7.21220911e-01 6.24925494e-01 6.11731470e-01
    7.15328455e-01 5.83866000e-01 3.06524336e-01 5.23349822e-01
    9.56459522e-01 4.63135242e-01 4.23353016e-01 1.78618401e-01
    6.91344321e-01 6.28873825e-01 1.86662406e-01 5.46659470e-01
    2.64110088e-01 4.67352778e-01 5.75525224e-01 5.52627146e-01
    7.36624241e-01 2.86165297e-01 1.66067481e-01 6.55802429e-01
    8.04764032e-01 8.34047556e-01 5.79443574e-03 4.94447947e-01
    5.68281889e-01 4.86254573e-01 1.97504520e-01 9.92529511e-01
    6.09951496e-01 1.80477828e-01 6.13061905e-01 5.92936277e-01
    6.04397953e-02 8.45806599e-02 5.86641729e-02 3.25975716e-02
    4.13848102e-01 7.63625264e-01 4.11284745e-01 3.37401897e-01
    1.47473693e-01 1.44578516e-01 2.87310541e-01 9.52269554e-01
    7.53923655e-02 7.48664021e-01 4.67043310e-01 2.55114436e-02
    7.22869873e-01 1.65830553e-01 3.65017146e-01 7.20015168e-01
    6.11289442e-01 2.05048084e-01 3.05899799e-01 5.41859865e-01
    6.62068248e-01 8.11588049e-01 8.17183018e-01 5.43489933e-01
    5.65631151e-01 2.89354175e-01 6.85211480e-01 8.61246347e-01
    7.41752744e-01 8.76161575e-01 9.29807901e-01 8.37816656e-01
    3.04620147e-01 9.28768039e-01 2.66518950e-01 5.75943232e-01
    3.26978147e-01 2.04550445e-01 1.70012116e-01 6.79643512e-01
    7.88169622e-01 5.35954952e-01 9.74499285e-02 3.05039257e-01
    9.42313313e-01 6.29305959e-01 5.66036105e-01 5.09195387e-01
    8.27189386e-02 3.75022292e-01 5.71411729e-01 8.97242665e-01
    7.90591657e-01 5.36822498e-01 7.19539464e-01 3.76690626e-02
    3.81969839e-01 6.66745663e-01 1.53431654e-01 8.04754615e-01
    8.64583135e-01 6.76574826e-01 1.95595235e-01 5.92751563e-01
    3.60111296e-01 2.71131098e-01 8.37867260e-02 3.48526120e-01
    7.54432559e-01 3.62486720e-01 3.22152108e-01 1.01739168e-02
    4.42503572e-01 4.83771086e-01 8.57973337e-01 2.77161419e-01
    6.51220798e-01 6.86854362e-01 1.94774091e-01 8.06681991e-01
    4.89142269e-01 9.36847031e-02 7.81386495e-01 6.91599250e-01
    9.45280075e-01 1.70610994e-01 6.94699645e-01 1.08034760e-01
    9.87873971e-01 7.22971320e-01 3.40337873e-01 1.52834594e-01
    6.82191491e-01 6.01699352e-02 8.68439198e-01 9.37517524e-01
    3.88864130e-01 2.07031071e-02 5.03848195e-01 3.93571198e-01
    8.50559413e-01 6.96566284e-01 1.07821226e-02 2.17243701e-01
    7.55063295e-02 4.88878399e-01 4.79728192e-01 5.02709329e-01
    8.77550900e-01 9.40462947e-01 1.67174608e-01 2.49036819e-01
    8.07630718e-01 7.58185267e-01 4.12037849e-01 6.24686182e-02
    7.97485888e-01 4.14655775e-01 2.84103960e-01 1.69857770e-01
    6.76579893e-01 3.83962154e-01 9.10268605e-01 7.70157933e-01
    4.26578760e-01 5.19326866e-01 1.90338075e-01 4.23042178e-02
    4.44360912e-01 4.36106950e-01 4.97620016e-01 9.39143419e-01
    6.21500492e-01 9.43149805e-01 9.72353816e-01 7.33321071e-01
    3.05541039e-01 1.11516774e-01 2.61986047e-01 9.43242669e-01
    7.83936620e-01 2.87229240e-01 4.11793977e-01 6.83472872e-01
    5.59769630e-01 3.79355907e-01 1.59091383e-01 7.60774553e-01
    9.91808891e-01 2.17779100e-01 3.80695730e-01 2.50959992e-01
    8.39508593e-01 7.98841298e-01 1.29722297e-01 6.45437300e-01
    9.76432264e-01 5.10938168e-01 4.14940208e-01 3.65152717e-01
    8.94810796e-01 9.45233583e-01 6.57750726e-01 6.94760025e-01
    9.20396447e-01 7.25969672e-01 4.61343080e-01 1.86776698e-01
    8.94179463e-01 5.37473142e-01 1.59657866e-01 5.75661063e-01
    3.06376934e-01 3.12782347e-01 6.13842428e-01 7.73151875e-01
    6.73697293e-01 5.99773347e-01 2.05329567e-01 6.68415129e-01
    9.04036343e-01 7.73562729e-01 2.07603425e-01 5.25743961e-02
    7.93203712e-01 4.81886059e-01 3.23597908e-01 8.82606268e-01
    4.88699675e-02 2.82975405e-01 2.54453123e-02 6.15354359e-01
    6.66047096e-01 7.47698367e-01 1.96742564e-01 7.49817133e-01
    2.08642960e-01 3.54345322e-01 5.81308424e-01 8.97603095e-01
    7.65926778e-01 7.72079945e-01 2.83801794e-01 1.90230310e-01
    2.06033915e-01 4.32474554e-01 2.94937193e-02 3.96462977e-01
    4.30297852e-02 8.91578674e-01 5.54399669e-01 2.57021487e-01
    1.04805738e-01 7.83065796e-01 4.24543560e-01 2.13691652e-01
    7.39338458e-01 9.21552956e-01 2.32724667e-01 9.59910333e-01
    8.13246012e-01 6.10882580e-01 2.08529204e-01 7.25437939e-01
    1.31395876e-01 5.82230926e-01 4.08556759e-01 6.25995338e-01
    3.56090307e-01 1.84220970e-02 1.49494052e-01 1.09436750e-01
    5.00725985e-01 3.14481139e-01 9.14581299e-01 2.83242434e-01
    4.07734096e-01 7.09285617e-01 6.54314756e-02 9.74828184e-01
    6.92007542e-02 3.05462360e-01 8.12652767e-01 5.31738639e-01
    3.45926523e-01 5.12557626e-01 1.97504520e-01 9.92529511e-01
    6.09951496e-01 1.80477828e-01 6.13061905e-01 5.92936277e-01
    6.04397953e-02 8.45806599e-02 5.86641729e-02 3.25975716e-02
    4.13848102e-01 7.63625264e-01 4.11284745e-01 3.37401897e-01
    1.47473693e-01 1.44578516e-01 2.87310541e-01 9.52269554e-01
    1.32559836e-01 4.40023243e-01 3.18486124e-01 1.42586321e-01
    1.13082379e-01 1.83203310e-01 3.58184516e-01 6.76721215e-01
    3.95030439e-01 9.86771226e-01 6.87275231e-02 2.76385963e-01
    1.50921643e-01 2.29990214e-01 4.17627573e-01 2.17876405e-01
    9.80447412e-01 2.68734008e-01 4.56924379e-01 8.89677763e-01
    4.23017412e-01 5.94735146e-02 6.30303919e-01 6.64710999e-01
    9.35801864e-01 1.93864018e-01 3.09300214e-01 9.65700209e-01
    1.32382154e-01 5.70593178e-02 2.99026161e-01 3.17770332e-01
    5.17820358e-01 4.18402135e-01 1.52472705e-01 3.35494816e-01
    7.42652714e-01 1.05797201e-01 5.50268769e-01 8.99744987e-01
    5.97975969e-01 8.66494417e-01 4.19165373e-01 4.32325304e-02
    8.68673086e-01 3.95170748e-01 2.05756932e-01 4.94787931e-01
    4.33358848e-01 4.73285675e-01 2.95009017e-01 3.78019333e-01
    8.18563282e-01 4.54339147e-01 9.30860221e-01 5.91617882e-01
    1.09842986e-01 1.17046595e-01 4.70868349e-01 6.04456902e-01
    6.47369027e-02 4.42322671e-01 2.68256843e-01 2.79964864e-01
    8.27550888e-02 2.33629286e-01 3.19630206e-01 3.83318186e-01
    8.64700854e-01 7.12335765e-01 5.29268563e-01 9.79367375e-01
    5.55508733e-02 8.27398300e-01 7.92774916e-01 7.78083682e-01
    2.91774392e-01 7.36796141e-01 2.01470345e-01 9.10564661e-01
    2.57716179e-02 7.06375122e-01 4.15747613e-01 7.01723456e-01
    3.59894335e-01 2.46807992e-01 3.90191644e-01 6.99500442e-02
    3.18658650e-01 1.74802244e-01 2.61241853e-01 7.65612125e-02
    1.29427820e-01 7.73825765e-01 4.43160236e-02 4.19934064e-01
    4.52447504e-01 6.72360957e-02 4.27706420e-01 2.75378466e-01
    5.35114527e-01 4.59677279e-01 4.87204105e-01 4.76684064e-01
    2.73160040e-01 2.16971338e-01 2.62439340e-01 8.99574637e-01
    3.95331383e-01 1.36277676e-02 3.51967275e-01 9.06839848e-01
    7.18363106e-01 2.09959298e-01 9.19780374e-01 7.38374591e-01
    1.94010854e-01 2.74382532e-01 5.01075387e-01 5.98961532e-01
    9.88735378e-01 1.03481203e-01 3.05243850e-01 1.86654717e-01
    2.62174308e-01 5.61583340e-01 2.50814676e-01 5.36375523e-01
    7.36906528e-01 7.05576301e-01 6.99583888e-01 4.91949588e-01
    9.96696770e-01 8.35299253e-01 8.94868672e-01 4.62839216e-01
    7.56029606e-01 5.03984034e-01 2.76548862e-01 3.69553924e-01
    6.53971136e-02 2.95465618e-01 6.68142021e-01 4.97106314e-01
    7.56124020e-01 4.63588595e-01 2.92677581e-02 3.01966190e-01
    7.41558433e-01 9.00701642e-01 6.03588760e-01 9.30853426e-01
    9.93906319e-01 5.09950578e-01 4.09623206e-01 2.19433755e-01
    8.79098237e-01 8.86367142e-01 1.13778025e-01 7.91533232e-01
    6.74587250e-01 4.56601679e-01 5.67589223e-01 6.38566256e-01
    7.59498000e-01 2.89891869e-01 3.66193295e-01 7.36265004e-01
    2.91744739e-01 2.09277421e-01 2.07428396e-01 1.90499425e-02
    3.35277557e-01 2.74197608e-01 1.72447115e-01 6.97286665e-01
    8.78546715e-01 1.39198422e-01 4.00236696e-01 3.34668994e-01
    5.06288052e-01 8.54215026e-01 4.81681466e-01 5.39280772e-01
    4.22554016e-01 2.90251195e-01 8.48458290e-01 6.33099437e-01
    7.41993904e-01 7.41836667e-01 8.48170817e-02 7.85294771e-01
    2.63766170e-01 7.80045688e-02 7.05102444e-01 2.39096463e-01
    4.82642055e-01 7.98666358e-01 8.18153322e-01 3.21150839e-01
    3.33898306e-01 9.59953725e-01 2.27669001e-01 8.26847851e-02
    9.51830566e-01 6.61399364e-01 3.49293649e-01 3.60977054e-01
    7.11162329e-01 4.38490957e-01 1.50940150e-01 2.69196033e-01
    8.42311084e-02 6.68302834e-01 2.49680579e-02 5.66795051e-01
    6.48245573e-01 1.52829081e-01 8.06106091e-01 7.50831008e-01
    4.52201962e-02 5.90580404e-01 1.68439925e-01 5.84114552e-01
    7.14200735e-01 9.02076244e-01 3.60267997e-01 7.97757566e-01
    6.50934100e-01 2.80979574e-02 8.68109047e-01 2.54937112e-02
    6.00726724e-01 7.75926828e-01 9.52143967e-02 4.12976950e-01
    5.01056671e-01 4.71927732e-01 4.80876267e-01 9.27212238e-02
    6.07351661e-02 9.70652521e-01 4.28513646e-01 4.97779936e-01
    1.34773076e-01 8.41446519e-02 7.79955626e-01 3.43751788e-01
    6.38462424e-01 1.51351094e-01 5.74215353e-01 3.07424545e-01
    8.50868702e-01 8.28874111e-01 6.57982469e-01 9.04635727e-01
    1.32559836e-01 4.40023243e-01 3.18486124e-01 1.42586321e-01
    1.13082379e-01 1.83203310e-01 3.58184516e-01 6.76721215e-01
    3.95030439e-01 9.86771226e-01 6.87275231e-02 2.76385963e-01
    1.50921643e-01 2.29990214e-01 4.17627573e-01 2.17876405e-01
    9.80447412e-01 2.68734008e-01 2.96437174e-01 7.19305694e-01
    7.58451581e-01 7.82825947e-02 2.90253818e-01 7.54522979e-02
    7.71329403e-01 2.24741280e-01 6.39846623e-02 3.08941543e-01
    6.83083415e-01 9.12010908e-01 5.55385351e-01 9.53114510e-01
    2.60214806e-01 9.57123518e-01 2.83025920e-01 2.32805610e-02
    6.59559369e-02 7.42096543e-01 2.29166210e-01 9.76713121e-01
    1.24701411e-01 4.71805394e-01 6.05232775e-01 1.98720068e-01
    1.29750967e-01 3.71454239e-01 6.39281154e-01 1.56227350e-01
    7.44282663e-01 7.24715769e-01 4.26936150e-03 6.51619673e-01
    2.10959613e-01 8.59440148e-01 1.11912012e-01 6.13184869e-02
    6.60456061e-01 5.51768720e-01 8.12928319e-01 6.89939260e-01
    7.56271243e-01 1.50010526e-01 1.09326243e-01 5.61415076e-01
    9.91976798e-01 8.93711269e-01 1.67297274e-01 5.00840485e-01
    3.23893070e-01 6.47770703e-01 7.03427196e-01 6.34708762e-01
    9.36776876e-01 5.76319575e-01 8.34856629e-02 4.15747643e-01
    6.75741196e-01 3.03720891e-01 5.80770969e-01 7.71908402e-01
    7.36751437e-01 9.65343356e-01 4.71070766e-01 4.14661169e-01
    4.65335757e-01 7.68794358e-01 8.27347040e-02 6.33748770e-01
    9.52382445e-01 9.86143827e-01 5.55994987e-01 7.68187404e-01
    3.85986805e-01 4.02330309e-01 6.31496012e-02 3.40364397e-01
    5.75405061e-01 3.51392239e-01 6.83361769e-01 6.02146566e-01
    3.69509459e-01 8.97856951e-02 7.70215154e-01 8.45849514e-01
    4.73466903e-01 5.67522943e-01 3.80099654e-01 9.92689371e-01
    3.52735877e-01 5.74056506e-02 4.03059602e-01 5.58680296e-01
    7.25655317e-01 5.49491882e-01 5.21866679e-01 2.17389613e-01
    2.24881917e-01 7.22458124e-01 9.65290666e-01 4.84239638e-01
    2.91624963e-02 4.77584183e-01 5.21913946e-01 4.99065489e-01
    9.01030183e-01 4.13281977e-01 4.60114390e-01 5.89491725e-02
    8.19168746e-01 5.28824985e-01 6.17450833e-01 3.44018996e-01
    6.42684698e-01 2.93695539e-01 8.00439596e-01 9.47244585e-01
    5.70756376e-01 6.71519041e-02 8.32704127e-01 5.53137541e-01
    9.82406735e-01 3.75090718e-01 1.18314683e-01 9.47697878e-01
    3.07781458e-01 9.32811916e-01 3.59621167e-01 3.93842727e-01
    4.32860970e-01 6.78208768e-01 4.91011947e-01 4.49339956e-01
    7.60047674e-01 6.37185812e-01 8.98968816e-01 3.72395039e-01
    8.25588822e-01 2.18280822e-01 9.19504523e-01 7.71430790e-01
    3.13468188e-01 9.50995207e-01 9.14240599e-01 8.93990219e-01
    7.61357844e-01 3.78612578e-02 3.41546178e-01 6.05238438e-01
    6.85057819e-01 4.80571896e-01 2.67363131e-01 3.10210586e-02
    1.71503812e-01 5.01886129e-01 5.46418309e-01 5.50786614e-01
    9.75214243e-01 5.21489680e-01 8.93538117e-01 4.77193207e-01
    1.36415064e-02 2.33085334e-01 7.91385174e-01 5.25562584e-01
    5.45687556e-01 5.66564500e-02 9.56152439e-01 3.80071759e-01
    4.29192543e-01 3.58295619e-01 4.17964041e-01 1.32228106e-01
    5.91542900e-01 9.10917342e-01 2.67297804e-01 1.13902688e-02
    9.32079852e-01 2.30941266e-01 1.43002629e-01 6.99623406e-01
    6.22644484e-01 5.69707513e-01 8.86715233e-01 3.42234194e-01
    1.96729124e-01 7.63974071e-01 4.56880033e-01 9.10899043e-01
    4.22812730e-01 8.96114588e-01 1.10841721e-01 8.86123359e-01
    9.06737208e-01 8.57252598e-01 8.60047579e-01 4.77859050e-01
    9.45959449e-01 8.27630162e-01 1.08743787e-01 7.13633478e-01
    5.89626074e-01 5.94527483e-01 3.43488336e-01 3.16576421e-01
    7.88530231e-01 9.15372252e-01 3.55421603e-02 7.07155943e-01
    5.33468068e-01 6.82746649e-01 8.59519184e-01 6.52002633e-01
    3.59130859e-01 1.74342811e-01 8.52925420e-01 3.46808851e-01
    5.13340592e-01 4.04084921e-01 3.31051141e-01 6.89282775e-01
    9.25626993e-01 9.90968227e-01 2.48712808e-01 4.43516850e-01
    6.96683228e-01 7.19837487e-01 9.77928519e-01 4.52145427e-01
    6.56183839e-01 8.71754229e-01 7.36895502e-02 9.08213377e-01
    4.65993077e-01 5.63757777e-01 8.40039372e-01 1.42850250e-01
    2.87512481e-01 7.71456659e-02 1.04628563e-01 1.78916126e-01
    7.76069283e-01 3.47482860e-02 5.99728107e-01 1.36081636e-01
    9.79965806e-01 2.78177559e-02 4.68776017e-01 8.39467287e-01
    4.79049623e-01 3.48005444e-01 3.67576241e-01 7.84277081e-01
    8.96480560e-01 9.08601761e-01 2.96437174e-01 7.19305694e-01
    7.58451581e-01 7.82825947e-02 2.90253818e-01 7.54522979e-02
    7.71329403e-01 2.24741280e-01 6.39846623e-02 3.08941543e-01
    6.83083415e-01 9.12010908e-01 5.55385351e-01 9.53114510e-01
    2.60214806e-01 9.57123518e-01 2.83025920e-01 2.32805610e-02
    7.72860467e-01 2.94272900e-02 8.62990320e-01 8.74387860e-01
    7.59561062e-01 2.09409863e-01 7.18181551e-01 2.09794819e-01
    6.83315158e-01 6.29872322e-01 2.44046748e-01 1.35282069e-01
    9.26925182e-01 8.94895196e-01 5.87157786e-01 4.43308651e-01
    3.52711856e-01 8.32044363e-01 6.67388201e-01 6.46941662e-01
    3.10357630e-01 1.33811444e-01 7.44385123e-01 8.84344935e-01
    6.71821952e-01 9.50490892e-01 3.97254884e-01 4.34688121e-01
    7.74839520e-03 7.61407971e-01 5.63644350e-01 5.53887784e-02
    7.58395493e-01 1.62421465e-02 9.12803769e-01 7.06754446e-01
    6.42054379e-02 3.16931844e-01 2.59330958e-01 4.58088249e-01
    9.50910807e-01 6.86107934e-01 9.39041257e-01 5.33838749e-01
    6.72713816e-01 6.15891755e-01 2.45179683e-01 2.31524706e-01
    3.08861196e-01 3.88305485e-01 6.13743365e-01 8.60075653e-02
    6.20160043e-01 7.87662983e-01 9.88810062e-01 1.37139827e-01
    1.51466489e-01 1.79411381e-01 3.54185045e-01 5.01613557e-01
    5.43181419e-01 4.76619810e-01 9.26099658e-01 8.95779312e-01
    8.82854283e-01 9.18938935e-01 4.69063908e-01 6.08841479e-02
    1.22318864e-02 3.07047695e-01 5.86965680e-03 3.72029543e-01
    6.73494220e-01 8.02375078e-01 4.23539788e-01 7.12193012e-01
    2.35647976e-01 9.96697783e-01 9.75358486e-02 9.48269010e-01
    1.72864050e-01 1.63983375e-01 2.79217005e-01 7.08171129e-02
    7.28814602e-01 2.20209688e-01 6.91102087e-01 6.95123971e-02
    8.45541239e-01 7.90093422e-01 7.84386158e-01 4.21955109e-01
    4.74106371e-01 2.22283393e-01 2.32546270e-01 8.96657109e-01
    2.04115599e-01 1.39380008e-01 5.57947695e-01 7.03747511e-01
    2.68878073e-01 3.17364007e-01 8.07125449e-01 3.91284794e-01
    1.72903627e-01 4.89141285e-01 1.51354611e-01 1.89523071e-01
    5.44162869e-01 1.47172630e-01 2.55048275e-02 4.13059175e-01
    4.59418625e-01 3.41336191e-01 6.69447780e-01 1.56692266e-01
    6.97927713e-01 5.42619824e-03 5.98403633e-01 2.62730241e-01
    4.63231146e-01 6.32882655e-01 1.62949204e-01 9.88450289e-01
    8.12879801e-02 3.43075514e-01 8.14031720e-01 3.98304433e-01
    6.77031517e-01 7.06315935e-01 5.98845363e-01 1.86397344e-01
    3.87305230e-01 8.86953652e-01 7.35966384e-01 5.37449062e-01
    6.08432531e-01 1.36278659e-01 5.08523583e-01 6.37189150e-01
    9.15951610e-01 1.56816900e-01 1.93090647e-01 3.95612240e-01
    8.62109721e-01 2.15295553e-02 8.56875777e-01 7.68188596e-01
    3.25691879e-01 4.21823561e-02 2.28134811e-01 4.51555848e-02
    3.78437281e-01 2.68159151e-01 7.27920890e-01 3.69806767e-01
    1.75141901e-01 3.78589094e-01 4.96964186e-01 6.36670768e-01
    1.16283268e-01 4.83652830e-01 5.65256298e-01 1.68167233e-01
    1.92131937e-01 1.97549075e-01 7.36236572e-01 7.51432657e-01
    2.74464190e-02 9.40101624e-01 6.93283856e-01 5.84977925e-01
    9.62114751e-01 7.90215850e-01 4.53089774e-01 6.44363761e-01
    3.14235985e-01 5.32844543e-01 9.23141956e-01 5.67879915e-01
    6.90681219e-01 8.83620024e-01 2.78428614e-01 6.68158770e-01
    5.11154830e-01 1.88333422e-01 5.82821965e-01 1.10962182e-01
    9.32057023e-01 9.49037731e-01 7.06755698e-01 1.45628929e-01
    1.31047964e-01 4.46964741e-01 3.56421888e-01 2.89774537e-02
    5.11937857e-01 9.93558764e-01 7.12171733e-01 9.72144485e-01
    7.06713498e-01 1.64695382e-02 1.70801401e-01 5.54765284e-01
    3.35315317e-01 9.54931796e-01 3.99760574e-01 7.12807536e-01
    9.28273797e-01 8.54408741e-01 3.23230922e-02 6.42663538e-02
    5.34170628e-01 7.62094140e-01 2.93187290e-01 8.91514480e-01
    7.59700537e-01 7.10483551e-01 2.84153342e-01 5.95438063e-01
    6.77383602e-01 8.98366034e-01 5.96335769e-01 1.79514349e-01
    5.21158040e-01 1.43738896e-01 5.19392669e-01 3.02896619e-01
    5.13395190e-01 5.94949722e-01 2.45251983e-01 9.49049354e-01
    7.76623726e-01 4.24910575e-01 1.67466640e-01 7.36211121e-01
    9.00085330e-01 3.01151991e-01 1.49417788e-01 5.62396348e-02
    9.18272674e-01 3.92743766e-01 6.07285202e-01 7.55777717e-01
    3.24698687e-01 5.25046051e-01 3.13539326e-01 5.02479553e-01
    5.04081547e-01 1.11065984e-01 7.85868824e-01 7.59334087e-01
    5.16405404e-01 6.50142193e-01 5.64217150e-01 9.15742040e-01
    7.72860467e-01 2.94272900e-02 8.62990320e-01 8.74387860e-01
    7.59561062e-01 2.09409863e-01 7.18181551e-01 2.09794819e-01
    6.83315158e-01 6.29872322e-01 2.44046748e-01 1.35282069e-01
    9.26925182e-01 8.94895196e-01 5.87157786e-01 4.43308651e-01
    3.52711856e-01 8.32044363e-01 8.23743463e-01 9.57438111e-01
    8.48483741e-02 3.49700212e-01 9.28675056e-01 5.87569952e-01
    2.12168097e-01 4.13981616e-01 6.65733933e-01 5.17366230e-02
    3.76686245e-01 5.31524777e-01 2.70942211e-01 4.10846114e-01
    4.31196928e-01 4.82543170e-01 3.90675187e-01 9.03653979e-01
    7.81257868e-01 1.18579715e-01 1.03732020e-01 2.00104117e-01
    2.44066566e-01 9.24712896e-01 1.02433890e-01 7.27045774e-01
    7.20237255e-01 4.19998884e-01 3.79636317e-01 1.51658237e-01
    5.96347034e-01 7.39285707e-01 1.31274819e-01 6.19792521e-01
    4.14438248e-02 8.65488291e-01 1.28632277e-01 6.32911682e-01
    6.05801702e-01 7.54569173e-02 5.99817157e-01 4.92388874e-01
    5.37907958e-01 4.39935565e-01 2.43727267e-01 8.47708464e-01
    5.97046673e-01 7.08498538e-01 5.61528206e-01 8.93295050e-01
    6.95458055e-01 6.66866302e-01 2.74096072e-01 9.12752450e-02
    5.59217334e-02 1.10057682e-01 4.08759713e-01 9.91821110e-01
    8.52096677e-01 6.17771864e-01 5.94966531e-01 5.32458365e-01
    5.98066211e-01 2.03220129e-01 3.18012178e-01 7.16668785e-01
    2.23533928e-01 3.14140856e-01 4.02142316e-01 8.34100842e-01
    7.93843865e-01 5.74308753e-01 9.26107168e-01 9.76088285e-01
    8.56852293e-01 8.93885970e-01 4.02359217e-01 4.62379992e-01
    9.38415825e-01 4.41573948e-01 5.21532297e-01 3.83325934e-01
    6.73093498e-01 1.35526955e-01 1.43458009e-01 4.88733292e-01
    7.21049190e-01 2.44113326e-01 7.68830061e-01 3.28401327e-02
    3.74980688e-01 2.10920125e-01 1.30265057e-01 2.21051663e-01
    8.99561524e-01 5.76605201e-01 6.62579179e-01 1.48945153e-02
    4.72939759e-01 1.56726032e-01 6.53784871e-01 3.71607780e-01
    2.51719415e-01 4.16159272e-01 7.07928360e-01 2.81536996e-01
    3.97597402e-01 9.19139504e-01 9.79904890e-01 5.48515499e-01
    1.76760852e-01 4.48879749e-01 3.04799080e-02 4.63834792e-01
    1.48091495e-01 5.41910827e-01 9.07121301e-01 3.31460238e-01
    2.79324651e-01 6.81004167e-01 2.21675158e-01 3.84907901e-01
    9.12306368e-01 2.53051758e-01 6.50953531e-01 2.79671907e-01
    8.04419518e-02 2.10768938e-01 4.89817679e-01 1.05649233e-02
    3.18296731e-01 7.80992091e-01 9.93208647e-01 1.47162884e-01
    7.05662966e-01 6.31180465e-01 4.17214781e-01 9.19373333e-02
    1.35760844e-01 8.49345207e-01 7.56339073e-01 4.11483586e-01
    2.49655128e-01 9.97949123e-01 9.35434341e-01 4.49675143e-01
    3.26997221e-01 7.99552202e-01 5.41946173e-01 8.26847672e-01
    8.61484110e-01 3.35718811e-01 9.89553809e-01 3.49942744e-01
    5.23905993e-01 2.80706942e-01 5.26630878e-01 1.74439281e-01
    8.25224221e-01 2.11477280e-03 6.86825395e-01 1.04840934e-01
    4.40201551e-01 3.96874905e-01 8.49865317e-01 7.01328993e-01
    5.52487433e-01 6.23323798e-01 2.91313827e-01 1.00385547e-02
    2.85421252e-01 2.13978380e-01 2.84159780e-01 7.07229972e-01
    1.16224587e-01 4.82158184e-01 1.68158174e-01 8.38988900e-01
    4.86117810e-01 2.45336354e-01 1.47313803e-01 1.58475012e-01
    9.61955845e-01 8.96391869e-01 4.01780099e-01 2.19483435e-01
    2.79846907e-01 9.95615661e-01 6.01693988e-01 2.72017300e-01
    1.35988772e-01 3.50555003e-01 5.76922953e-01 7.45540082e-01
    4.57627237e-01 5.94330490e-01 1.53618753e-01 2.99631864e-01
    5.12506247e-01 1.43761367e-01 4.65734482e-01 3.74326825e-01
    9.47313190e-01 7.89473534e-01 6.19696677e-02 5.22217751e-01
    5.02610803e-01 5.99465370e-01 3.28114033e-01 9.54995990e-01
    6.36695504e-01 6.52287543e-01 5.44714868e-01 9.38727915e-01
    7.68370986e-01 4.39754426e-02 5.41097224e-02 2.93171018e-01
    3.27731371e-02 3.03708911e-02 6.46423519e-01 2.94278592e-01
    9.06127036e-01 8.25840533e-01 3.10388595e-01 4.51544553e-01
    9.92707729e-01 7.66874552e-02 2.34442770e-01 2.63598830e-01
    3.02710831e-01 9.32906389e-01 7.81631827e-01 3.40612799e-01
    3.79809141e-01 3.55583727e-02 5.35026312e-01 8.93568695e-01
    4.53105450e-01 5.32249987e-01 6.54513955e-01 1.38881505e-01
    3.07766795e-02 3.53079885e-01 8.73188853e-01 9.85343933e-01
    4.36853349e-01 7.46925533e-01 5.91067255e-01 6.20705664e-01
    9.77758706e-01 4.44274485e-01 7.69606352e-01 6.12063527e-01
    1.73381776e-01 2.62817919e-01 8.23743463e-01 9.57438111e-01
    8.48483741e-02 3.49700212e-01 9.28675056e-01 5.87569952e-01
    2.12168097e-01 4.13981616e-01 6.65733933e-01 5.17366230e-02
    3.76686245e-01 5.31524777e-01 2.70942211e-01 4.10846114e-01
    4.31196928e-01 4.82543170e-01 3.90675187e-01 9.03653979e-01
    1.63273335e-01 2.56353974e-01 3.41930181e-01 5.86814284e-01
    2.22380161e-02 4.69795316e-01 2.17431247e-01 3.67383003e-01
    6.18193150e-01 4.58909571e-01 5.65847754e-03 3.13459575e-01
    8.22503448e-01 8.65784287e-01 6.39040411e-01 5.29514372e-01
    3.63614917e-01 7.97788322e-01 8.10682833e-01 8.77003431e-01
    9.58548784e-01 7.92116284e-01 5.07660747e-01 6.41393661e-02
    7.75561213e-01 4.03956115e-01 8.73057008e-01 9.43492770e-01
    5.12644410e-01 1.08108789e-01 4.88113791e-01 1.74271822e-01
    2.00951040e-01 8.94827962e-01 7.93406725e-01 6.07526660e-01
    1.32127672e-01 8.02591562e-01 8.64022434e-01 9.08134639e-01
    7.55895019e-01 9.90520239e-01 8.98698568e-02 8.39218259e-01
    6.80638254e-01 7.17058539e-01 1.75520778e-01 2.82513946e-01
    9.49018240e-01 2.92423248e-01 5.12580574e-01 9.60061669e-01
    5.67932487e-01 1.45681441e-01 8.93473744e-01 1.82591110e-01
    2.05262661e-01 8.11816454e-01 2.62349367e-01 7.16041982e-01
    1.41081721e-01 5.09934008e-01 6.28648400e-01 2.65267909e-01
    2.75330067e-01 5.35677791e-01 5.10928690e-01 1.62765861e-01
    3.28161895e-01 6.29518270e-01 2.72483051e-01 9.44836974e-01
    5.19771099e-01 9.74254906e-01 5.31077504e-01 3.38891894e-01
    1.64460242e-01 7.67810225e-01 9.17149305e-01 5.32534301e-01
    2.81120539e-02 8.87910128e-01 4.03050303e-01 6.16528869e-01
    2.72443473e-01 8.40374827e-03 3.22839558e-01 2.70179510e-02
    1.32331342e-01 6.70560837e-01 2.44630128e-01 7.90709376e-01
    2.23269910e-01 9.51516688e-01 9.42261636e-01 9.74373460e-01
    2.42683470e-01 1.27433449e-01 5.87556958e-01 2.76278824e-01
    7.96760201e-01 1.82274312e-01 2.43164510e-01 7.76999712e-01
    4.86457169e-01 6.50218487e-01 8.90820265e-01 1.61366135e-01
    2.47690976e-01 7.93685079e-01 4.16977763e-01 4.66008306e-01
    5.30828118e-01 4.45570201e-01 6.53836906e-01 3.90888274e-01
    7.51498938e-02 5.23989320e-01 3.46339345e-01 5.98067522e-01
    3.77862543e-01 6.98068082e-01 8.75352263e-01 4.81920809e-01
    6.67441249e-01 5.85660100e-01 7.45609701e-01 8.18778634e-01
    2.55458772e-01 4.73814577e-01 7.30356097e-01 3.79278600e-01
    7.23957658e-01 5.42447269e-01 5.50189674e-01 3.57037812e-01
    4.23219234e-01 9.63661671e-01 5.10391653e-01 2.24410295e-02
    5.27557850e-01 4.02547419e-01 3.89536321e-02 7.87915170e-01
    9.48296309e-01 3.69881570e-01 9.81662273e-01 2.53305972e-01
    8.91718566e-02 3.66679370e-01 6.16146922e-02 2.88871467e-01
    1.18385702e-01 7.33992755e-01 8.87875438e-01 7.23130703e-02
    9.50076461e-01 5.53685308e-01 4.33781922e-01 3.04997921e-01
    3.12153906e-01 2.11628675e-02 9.65638340e-01 2.62974620e-01
    3.94718170e-01 9.77851748e-01 5.28510094e-01 3.41849327e-01
    7.03382730e-01 6.57033086e-01 1.74641490e-01 7.68492818e-01
    6.20893717e-01 7.98389256e-01 4.75340635e-01 2.92449653e-01
    8.91657710e-01 5.45078456e-01 2.26696521e-01 2.46944666e-01
    8.38185906e-01 4.30651307e-02 6.05247557e-01 2.47556984e-01
    2.75049865e-01 7.98766732e-01 4.05238271e-02 3.47906172e-01
    9.49935436e-01 7.70928383e-01 9.14652944e-01 3.73312294e-01
    5.12576997e-02 7.21581995e-01 2.50858843e-01 1.95755988e-01
    5.16947091e-01 2.13760853e-01 6.93989277e-01 9.19342577e-01
    4.59089786e-01 4.00009751e-01 7.39553988e-01 3.48266810e-01
    3.98919046e-01 8.58889520e-01 6.77907586e-01 5.74548364e-01
    3.08780402e-01 4.26856220e-01 6.72370791e-01 2.69684374e-01
    2.77924716e-01 9.23081636e-02 6.57350421e-01 7.71014094e-01
    5.95353425e-01 4.89215493e-01 8.60144913e-01 2.45226055e-01
    1.64274812e-01 1.38697624e-02 1.92758650e-01 6.41754866e-01
    2.56867707e-02 1.02503091e-01 5.38593471e-01 2.53768474e-01
    8.58739138e-01 5.26995003e-01 5.07122815e-01 1.74230576e-01
    1.49292976e-01 5.70829451e-01 2.79008687e-01 3.86810452e-01
    3.05776238e-01 2.18372226e-01 8.46439421e-01 2.97757387e-02
    8.26649547e-01 6.00464702e-01 7.15325415e-01 6.10640764e-01
    8.21820676e-01 5.96148431e-01 9.12493348e-01 3.73031795e-01
    8.80090475e-01 8.84902716e-01 3.15985858e-01 1.35728329e-01
    8.89482796e-02 2.11885601e-01 6.78599775e-01 2.00577199e-01
    1.63273335e-01 2.56353974e-01 3.41930181e-01 5.86814284e-01
    2.22380161e-02 4.69795316e-01 2.17431247e-01 3.67383003e-01
    6.18193150e-01 4.58909571e-01 5.65847754e-03 3.13459575e-01
    8.22503448e-01 8.65784287e-01 6.39040411e-01 5.29514372e-01
    3.63614917e-01 7.97788322e-01 2.45853841e-01 4.60046321e-01
    1.30384237e-01 1.00186467e-03 7.06155241e-01 9.44053650e-01
    4.65610236e-01 2.91712850e-01 8.11940491e-01 4.04804796e-01
    2.74047971e-01 8.07962418e-01 6.75128579e-01 7.04025090e-01
    5.11124074e-01 5.37699461e-03 5.16436398e-02 3.65350187e-01
    1.31649554e-01 5.86209536e-01 5.27490199e-01 9.78840232e-01
    5.43008327e-01 9.22852397e-01 4.98159379e-01 5.94143450e-01
    8.76096785e-01 1.25262946e-01 8.47307026e-01 8.95008922e-01
    7.56525874e-01 6.89319491e-01 5.28429985e-01 4.89620507e-01
    9.37882423e-01 7.74281979e-01 9.11193669e-01 7.03851879e-01
    5.02836704e-01 9.87776995e-01 8.25907230e-01 6.99114084e-01
    5.60998499e-01 8.09865534e-01 4.59141105e-01 5.77647686e-02
    9.32487369e-01 7.61395693e-01 8.24496269e-01 1.17602855e-01
    8.47046077e-01 2.64564157e-02 9.24662232e-01 1.87601328e-01
    5.93445778e-01 1.75114095e-01 2.38485098e-01 1.02868527e-01
    2.16391087e-02 9.44673538e-01 4.70847815e-01 8.97134125e-01
    1.09261155e-01 5.33724427e-02 4.85719562e-01 9.28564548e-01
    8.78290832e-02 6.56563938e-02 9.20842588e-01 1.36928648e-01
    6.69748187e-01 9.30321217e-03 9.82576609e-03 6.68545187e-01
    5.05300105e-01 5.80576062e-01 9.65365291e-01 8.29925179e-01
    4.89894837e-01 5.88506341e-01 2.95296848e-01 7.77784765e-01
    6.49836063e-01 2.70587802e-02 7.54663706e-01 8.42193127e-01
    2.90497184e-01 1.49364203e-01 6.93308711e-01 3.43338013e-01
    2.53466100e-01 8.42106640e-02 8.86071622e-02 7.86931634e-01
    7.18470156e-01 9.44951057e-01 4.77820545e-01 7.41705060e-01
    1.20885283e-01 3.11015248e-01 4.79560047e-01 5.02176464e-01
    7.70107508e-02 6.78589880e-01 4.55226183e-01 5.93669951e-01
    3.47140670e-01 5.88602185e-01 8.48070264e-01 7.12593436e-01
    5.17069638e-01 9.44842756e-01 4.44193274e-01 3.15355271e-01
    8.97076607e-01 5.36495984e-01 9.24648523e-01 1.23390406e-01
    1.06488675e-01 8.98828745e-01 5.97096860e-01 6.67414904e-01
    6.20014608e-01 2.28968233e-01 3.46916884e-01 2.37369955e-01
    9.81574178e-01 9.47345018e-01 5.08535206e-01 3.45272571e-01
    2.54228443e-01 4.08513606e-01 2.55913228e-01 4.23227102e-01
    1.26163661e-01 3.33527863e-01 8.13822508e-01 1.13250107e-01
    4.42405611e-01 3.11853230e-01 5.12599051e-02 7.01568842e-01
    5.32790542e-01 5.15071869e-01 8.50724697e-01 8.12628031e-01
    1.26070291e-01 4.14665908e-01 1.18205607e-01 9.90785480e-01
    1.62844747e-01 1.54709816e-02 6.39203370e-01 7.49780297e-01
    8.28479648e-01 3.31577063e-01 2.05970258e-01 2.18285441e-01
    1.74256057e-01 7.51276016e-01 7.16735363e-01 1.56523347e-01
    8.48944604e-01 1.85072124e-02 5.41093588e-01 2.96400487e-01
    6.89524889e-01 1.16304487e-01 5.30860364e-01 6.05833352e-01
    2.46092618e-01 6.61231697e-01 1.78433418e-01 1.47563994e-01
    1.42230570e-01 7.23419368e-01 2.25082427e-01 4.58430171e-01
    8.18395257e-01 8.38746667e-01 5.50592601e-01 2.74910271e-01
    7.48220801e-01 3.78474653e-01 1.98915213e-01 7.17929423e-01
    9.80689406e-01 8.90365541e-02 8.86295557e-01 3.07855785e-01
    5.45813501e-01 5.16689301e-01 6.30788326e-01 5.14772177e-01
    7.18111098e-01 1.41003489e-01 8.03635359e-01 6.89870238e-01
    6.24361336e-01 7.25108981e-01 7.91515470e-01 4.81793314e-01
    6.54957056e-01 9.08405900e-01 8.88554275e-01 1.81450039e-01
    1.72151119e-01 8.78618956e-01 4.53971475e-01 6.38531268e-01
    3.94718528e-01 9.36207175e-03 7.68504143e-01 8.72295678e-01
    2.73371518e-01 9.20658112e-01 6.65869117e-01 1.49569541e-01
    9.65573430e-01 7.12062716e-01 4.09969836e-01 3.00872713e-01
    7.64005542e-01 1.45884991e-01 2.30609536e-01 8.78931403e-01
    1.24117166e-01 6.85549378e-01 4.34131891e-01 5.77870488e-01
    3.39183003e-01 5.43441594e-01 8.11957479e-01 6.36952460e-01
    6.34426236e-01 9.83848929e-01 6.55093074e-01 5.18635511e-01
    8.09998095e-01 6.12229705e-02 4.88542616e-01 3.75423729e-02
    2.63622403e-02 7.59078264e-02 9.56846416e-01 1.84275210e-02
    8.40818286e-01 6.79793298e-01 4.29015219e-01 9.60929513e-01
    5.57310760e-01 3.52155238e-01 7.52905011e-02 8.28806758e-01
    5.34902632e-01 5.50047636e-01 2.45853841e-01 4.60046321e-01
    1.30384237e-01 1.00186467e-03 7.06155241e-01 9.44053650e-01
    4.65610236e-01 2.91712850e-01 8.11940491e-01 4.04804796e-01
    2.74047971e-01 8.07962418e-01 6.75128579e-01 7.04025090e-01
    5.11124074e-01 5.37699461e-03 5.16436398e-02 3.65350187e-01
    5.33033013e-01 9.55094218e-01 3.45306426e-01 5.39532542e-01
    7.16772676e-01 8.29434037e-01 5.55943012e-01 8.58778000e-01
    8.02879274e-01 6.71346128e-01 2.49834180e-01 2.67240167e-01
    5.14368653e-01 7.75787711e-01 8.25596213e-01 5.51396608e-01
    2.03543067e-01 4.65355277e-01 4.72331375e-01 3.78500819e-01
    8.41940165e-01 5.86307049e-02 5.08642673e-01 5.81446409e-01
    6.18789375e-01 9.54627395e-01 1.24469638e-01 7.88555861e-01
    1.11709207e-01 8.79409075e-01 6.80413306e-01 4.77922380e-01
    2.14099348e-01 5.92769623e-01 4.62257564e-01 9.06520963e-01
    8.61524582e-01 5.38087010e-01 8.77358615e-02 1.30676389e-01
    3.06658268e-01 2.42266953e-01 2.15099365e-01 1.31943375e-01
    1.29652798e-01 1.09647602e-01 8.38295281e-01 3.85502070e-01
    5.79997599e-01 9.35182452e-01 9.73296165e-01 3.88389409e-01
    4.31607872e-01 3.60558361e-01 9.74423707e-01 4.72151339e-01
    4.06647712e-01 1.27421319e-02 8.09743702e-01 8.21600974e-01
    8.56982172e-02 2.38260329e-02 1.32276148e-01 5.96578658e-01
    9.40332770e-01 5.18473387e-01 6.28035605e-01 6.77842140e-01
    8.16882372e-01 4.94344950e-01 6.13221824e-01 2.18083680e-01
    7.59475112e-01 8.03839087e-01 6.04054987e-01 6.35923624e-01
    8.24990988e-01 5.97667277e-01 7.18426049e-01 6.26595080e-01
    6.63401306e-01 7.32242942e-01 5.93851149e-01 3.04582894e-01
    8.79856765e-01 3.82077813e-01 8.37461233e-01 1.83264613e-01
    7.21666992e-01 1.33778363e-01 8.42278242e-01 5.35508156e-01
    9.22732472e-01 6.75091445e-01 1.96703434e-01 8.53535771e-01
    2.03400224e-01 2.80859351e-01 2.21933872e-01 5.43203771e-01
    9.68427062e-01 2.19160616e-01 4.37676311e-02 3.97562593e-01
    3.90098214e-01 6.09494567e-01 2.41968393e-01 2.56157219e-01
    4.10030872e-01 1.64664119e-01 4.06856000e-01 7.26522744e-01
    7.05153823e-01 6.66182220e-01 3.08654159e-01 8.76417220e-01
    2.16315150e-01 2.07953721e-01 4.43657815e-01 3.31748307e-01
    6.26496673e-01 9.44872499e-01 7.70070434e-01 1.55737668e-01
    5.21765590e-01 1.43138260e-01 7.68799186e-01 3.37764859e-01
    7.08562136e-01 3.82130265e-01 8.99506092e-01 3.12780380e-01
    9.89766777e-01 6.54846072e-01 3.60549539e-01 3.02436471e-01
    9.99769688e-01 5.91109335e-01 5.49860954e-01 5.90292692e-01
    7.09553778e-01 6.98390007e-01 7.54351377e-01 2.81427294e-01
    5.15030444e-01 9.48820114e-01 9.97805417e-01 9.74970937e-01
    7.48310566e-01 3.46094400e-01 8.58360291e-01 5.68818450e-01
    6.92210674e-01 2.46933013e-01 4.89155799e-01 1.50890112e-01
    2.70257264e-01 7.78782189e-01 1.67521894e-01 4.88706768e-01
    6.22075677e-01 5.29547989e-01 3.28139901e-01 3.15464914e-01
    2.25593626e-01 6.75769150e-01 9.70170140e-01 7.91866660e-01
    5.82285941e-01 8.92574072e-01 8.93221200e-01 6.25598609e-01
    1.31484300e-01 8.99566352e-01 1.84362441e-01 4.45374697e-01
    1.73574150e-01 3.48934531e-02 9.05959368e-01 5.14446735e-01
    3.02154720e-02 6.94205284e-01 3.97534847e-01 6.69878662e-01
    5.10882974e-01 3.50946546e-01 8.84117424e-01 5.14584839e-01
    8.02593470e-01 5.49929500e-01 9.02473569e-01 3.13720137e-01
    1.27552927e-01 3.43322814e-01 5.68247914e-01 7.80916095e-01
    2.68049240e-01 4.70749259e-01 3.69942904e-01 7.30049431e-01
    2.93775082e-01 7.98510790e-01 3.55761290e-01 6.20950937e-01
    1.25199765e-01 6.23816073e-01 9.66176689e-01 1.84481591e-01
    5.03245831e-01 9.53106165e-01 9.75596309e-01 5.13700902e-01
    3.91507268e-01 4.07679558e-01 6.80354834e-01 8.83878469e-02
    4.53295976e-01 3.72808397e-01 7.45164275e-01 5.67295372e-01
    5.63692808e-01 5.00431418e-01 2.70931542e-01 9.04652297e-01
    4.71614927e-01 1.99792951e-01 1.00337267e-02 2.29514539e-01
    2.69573659e-01 6.49041772e-01 7.08864093e-01 6.58398807e-01
    7.61854827e-01 4.00845498e-01 7.03716695e-01 3.78646672e-01
    7.11404920e-01 9.64239717e-01 7.63991117e-01 8.37143183e-01
    5.77111125e-01 3.61180902e-01 3.48056614e-01 3.08000743e-01
    5.00643909e-01 7.03736305e-01 7.55759954e-01 6.93182528e-01
    8.14286172e-02 4.91978645e-01 6.80722833e-01 1.57076031e-01
    9.12768126e-01 8.65066409e-01 4.25619960e-01 5.76642156e-01
    5.33033013e-01 9.55094218e-01 3.45306426e-01 5.39532542e-01
    7.16772676e-01 8.29434037e-01 5.55943012e-01 8.58778000e-01
    8.02879274e-01 6.71346128e-01 2.49834180e-01 2.67240167e-01
    5.14368653e-01 7.75787711e-01 8.25596213e-01 5.51396608e-01
    2.03543067e-01 4.65355277e-01 3.29502881e-01 5.04952133e-01
    4.94417399e-01 7.60434389e-01 7.21966565e-01 5.76649725e-01
    6.94869995e-01 3.76431346e-02 6.19604409e-01 8.18405032e-01
    4.42861706e-01 3.03458154e-01 9.72818434e-01 9.20499384e-01
    7.33186722e-01 7.84927011e-01 6.83999777e-01 9.92434263e-01
    7.58676529e-02 2.81128824e-01 2.76717365e-01 1.30683243e-01
    1.46184742e-01 5.17677188e-01 9.59125757e-01 4.97678518e-02
    3.74613106e-02 4.32826102e-01 5.77517748e-02 3.84664237e-01
    9.68872309e-01 5.55391610e-01 2.17419326e-01 2.63172537e-01
    4.15484905e-01 5.57374120e-01 3.91368568e-01 2.74609625e-01
    4.03827518e-01 1.49278343e-01 8.24089766e-01 4.63140905e-01
    7.87180722e-01 8.55101824e-01 1.37565464e-01 3.82853746e-01
    1.98839247e-01 3.92576694e-01 3.57442737e-01 3.74716848e-01
    1.57819688e-02 2.09430695e-01 5.63809037e-01 3.77431989e-01
    1.19988889e-01 8.93576503e-01 8.50948453e-01 6.01872146e-01
    8.58913541e-01 8.43216300e-01 9.56796825e-01 7.25552917e-01
    4.59372103e-01 6.92186415e-01 6.40875101e-02 4.45994377e-01
    6.16418600e-01 6.04954004e-01 3.53764117e-01 7.51289785e-01
    1.45448893e-01 8.27187777e-01 1.55509830e-01 2.27633476e-01
    3.28698158e-02 8.54618251e-01 8.60219717e-01 7.34606385e-03
    7.49683261e-01 1.10864848e-01 1.18349016e-01 6.90038204e-02
    8.12070727e-01 8.31618965e-01 4.99947459e-01 6.78262293e-01
    6.01830721e-01 6.08008802e-01 9.46059108e-01 4.95100111e-01
    5.27343154e-01 6.54694200e-01 1.93701029e-01 2.03855455e-01
    7.83833086e-01 8.15520704e-01 7.58178353e-01 1.25478894e-01
    5.00177741e-02 9.50822353e-01 4.23337400e-01 6.90190971e-01
    7.21446574e-02 9.69517589e-01 7.32183516e-01 5.15742123e-01
    6.38476074e-01 4.73244399e-01 4.50766951e-01 8.65960419e-01
    7.72878528e-01 6.13487959e-02 7.22671568e-01 6.91405356e-01
    4.91289496e-01 7.98055351e-01 7.21550465e-01 3.87694061e-01
    7.47745991e-01 7.95473099e-01 6.76795840e-01 5.21005571e-01
    9.18679357e-01 9.18340862e-01 3.97631466e-01 5.89991152e-01
    3.21418881e-01 1.07653677e-01 6.24111593e-01 5.16022086e-01
    5.01248837e-01 6.38951540e-01 3.30792129e-01 1.61636055e-01
    1.04842484e-01 7.32039094e-01 3.94636750e-01 4.16975230e-01
    3.43185842e-01 9.36201215e-02 9.96475697e-01 7.48434246e-01
    3.59232247e-01 5.62361538e-01 6.79691851e-01 2.50813812e-01
    5.76110661e-01 5.32606304e-01 7.73249507e-01 1.09286726e-01
    8.51606250e-01 7.92999864e-02 3.24460268e-01 8.11914921e-01
    1.77075624e-01 5.49726963e-01 6.95967793e-01 2.17437863e-01
    1.02476060e-01 1.92087650e-01 3.76004755e-01 7.05859900e-01
    6.37740493e-01 6.90168798e-01 3.24425042e-01 3.71242225e-01
    1.26810253e-01 2.71507382e-01 3.51763427e-01 7.13990688e-01
    7.23184288e-01 7.69963980e-01 2.65386999e-01 7.02461660e-01
    3.46015453e-01 4.28189337e-02 3.64717990e-01 1.14333659e-01
    4.90794063e-01 8.12869549e-01 9.78174806e-01 6.15797579e-01
    7.21891522e-01 9.80881751e-02 2.32999146e-01 5.04050553e-01
    2.45242089e-01 8.49326789e-01 1.11643702e-01 2.74723798e-01
    5.69964468e-01 1.88990563e-01 9.15941894e-02 5.75124502e-01
    5.75017691e-01 6.64241910e-01 9.29613829e-01 6.13577127e-01
    6.13374710e-01 7.77176619e-02 8.35561395e-01 4.23266292e-01
    7.89348125e-01 5.66667676e-01 6.84963584e-01 8.29639375e-01
    8.30372751e-01 7.68762529e-02 9.41794991e-01 6.24268115e-01
    5.65827191e-01 8.92501712e-01 7.72695780e-01 1.13960326e-01
    2.23355472e-01 3.38514149e-01 8.50612760e-01 5.52449167e-01
    3.18502575e-01 5.30012727e-01 1.56106949e-01 8.32830667e-02
    7.32090950e-01 7.95393407e-01 4.01795626e-01 2.57908016e-01
    7.08619356e-01 2.51728535e-01 8.00991058e-02 3.52914870e-01
    1.55459285e-01 4.96551484e-01 9.50284600e-02 4.63821292e-01
    3.11192930e-01 1.62106186e-01 9.47540581e-01 7.40380049e-01
    4.34439421e-01 6.95957422e-01 9.28857744e-01 5.64024687e-01
    5.15496254e-01 1.02920622e-01 6.06153607e-01 6.07607245e-01
    5.89992583e-01 8.61231446e-01 7.85136819e-01 5.60680270e-01
    2.66150951e-01 3.24244320e-01 3.74557018e-01 8.19560409e-01
    2.11169362e-01 6.47666872e-01 3.29502881e-01 5.04952133e-01
    4.94417399e-01 7.60434389e-01 7.21966565e-01 5.76649725e-01
    6.94869995e-01 3.76431346e-02 6.19604409e-01 8.18405032e-01
    4.42861706e-01 3.03458154e-01 9.72818434e-01 9.20499384e-01
    7.33186722e-01 7.84927011e-01 6.83999777e-01 9.92434263e-01
    3.37912500e-01 4.71915901e-02 2.99795091e-01 3.55038524e-01
    1.31088644e-01 7.00987816e-01 8.35192680e-01 4.97426629e-01
    3.02938193e-01 4.76420254e-01 5.92819035e-01 3.74827921e-01
    3.81336242e-01 4.38096613e-01 8.29395652e-01 7.06976712e-01
    9.66459870e-01 3.05080414e-03 2.42455482e-01 4.89538074e-01
    5.86961210e-01 3.89818519e-01 1.20169163e-01 3.30562741e-01
    8.71982753e-01 1.41360164e-02 1.12115830e-01 4.10651207e-01
    2.14596748e-01 9.40388680e-01 4.67425436e-01 7.57614374e-01
    3.11792910e-01 7.51082540e-01 8.18887830e-01 5.11006057e-01
    3.44120890e-01 4.58095163e-01 3.62300634e-01 6.46019459e-01
    7.44794607e-02 1.95927531e-01 1.65648967e-01 6.18354559e-01
    3.32423210e-01 3.36086571e-01 4.43421453e-01 5.17942071e-01
    3.27946693e-01 9.96876240e-01 8.20471764e-01 5.75447917e-01
    9.98348773e-01 6.57310247e-01 3.35236132e-01 1.42792314e-01
    2.16149569e-01 7.11182415e-01 1.68221086e-01 6.80664539e-01
    2.33895242e-01 5.92996836e-01 7.14978516e-01 7.24860549e-01
    3.49753350e-01 9.56022501e-01 6.31564260e-02 5.01270771e-01
    1.98631942e-01 1.86589271e-01 5.00517607e-01 5.79970956e-01
    9.43336070e-01 8.48347366e-01 5.36801934e-01 4.99907643e-01
    8.71124506e-01 4.02976543e-01 7.02577829e-01 9.97612715e-01
    6.52621210e-01 4.51973677e-02 7.84441590e-01 8.53775263e-01
    4.71095145e-02 2.41006225e-01 3.23009551e-01 6.02968991e-01
    3.21978897e-01 8.54755998e-01 9.90921378e-01 1.39861077e-01
    9.84206676e-01 6.36961460e-01 2.22095400e-01 6.26770973e-01
    4.67206538e-02 8.57388735e-01 7.96744227e-01 7.18095064e-01
    7.74410963e-01 6.01382375e-01 1.56124741e-01 3.65401775e-01
    7.47712255e-01 4.48416114e-01 1.35337949e-01 9.52601373e-01
    7.39880502e-01 6.89423800e-01 3.22911739e-02 9.18141961e-01
    2.79645711e-01 2.45947063e-01 1.80122703e-01 5.93071282e-02
    2.04833895e-01 8.19154739e-01 3.02186012e-02 7.18405008e-01
    5.16356349e-01 8.31565380e-01 1.04187429e-01 2.34053582e-01
    6.71112835e-02 2.78220654e-01 8.30567479e-01 4.05011415e-01
    4.09597725e-01 7.51074076e-01 5.93248606e-02 8.46267462e-01
    9.61179972e-01 7.32441664e-01 8.26203346e-01 4.35858786e-01
    8.57537687e-02 5.99958241e-01 9.47390199e-01 6.19632602e-02
    5.91540635e-02 4.53346938e-01 6.20743394e-01 4.24067199e-01
    3.17858517e-01 5.77613771e-01 6.09476864e-01 3.92158031e-02
    8.05808961e-01 3.63523901e-01 3.07378948e-01 5.03307045e-01
    7.56926298e-01 2.04166830e-01 6.06365979e-01 4.96987075e-01
    9.38524783e-01 6.10483050e-01 1.75009280e-01 5.69796085e-01
    5.19421399e-01 4.25038874e-01 9.77255523e-01 6.71248555e-01
    8.37883234e-01 4.75220442e-01 5.21193683e-01 8.01755726e-01
    8.94501328e-01 8.32577825e-01 2.88836360e-01 4.80250955e-01
    8.35896790e-01 9.08396721e-01 8.69612932e-01 8.37310135e-01
    8.57651114e-01 6.42252445e-01 1.24839842e-02 2.99047351e-01
    9.34716821e-01 7.41965413e-01 8.27889085e-01 3.86436939e-01
    8.58121037e-01 3.51533353e-01 4.18103039e-02 9.43253815e-01
    7.24482238e-01 5.03581166e-01 2.58695722e-01 7.90494084e-01
    7.96923399e-01 1.69913471e-02 6.73025608e-01 1.80185139e-01
    9.00887966e-01 3.75835419e-01 4.92577165e-01 8.35904360e-01
    8.17750931e-01 2.29708672e-01 5.63439131e-01 2.18256921e-01
    2.25623697e-01 8.03709507e-01 7.93841481e-01 8.51950884e-01
    8.43270302e-01 1.60348803e-01 4.43411976e-01 4.04299051e-01
    5.41150928e-01 9.58670974e-01 5.70754647e-01 2.00516194e-01
    5.14547825e-01 8.33254933e-01 8.94501328e-01 1.52049959e-02
    5.94574213e-01 7.29062557e-01 4.59933788e-01 3.32763463e-01
    9.03222859e-02 3.46051395e-01 1.49355590e-01 9.66259480e-01
    3.49533975e-01 5.75201809e-01 2.69611865e-01 7.29326785e-01
    9.61327434e-01 8.59950066e-01 6.12178326e-01 5.59703410e-02
    1.42692119e-01 7.51675367e-01 4.26753193e-01 2.99034238e-01
    1.65508330e-01 4.33855653e-01 4.57513720e-01 9.71356869e-01
    8.48671079e-01 6.97550356e-01 3.01792026e-02 2.24453807e-02
    5.91291964e-01 2.04519182e-01 5.25898516e-01 5.98646164e-01
    1.81868017e-01 9.18019533e-01 3.62906873e-01 6.04593754e-01
    3.37912500e-01 4.71915901e-02 2.99795091e-01 3.55038524e-01
    1.31088644e-01 7.00987816e-01 8.35192680e-01 4.97426629e-01
    3.02938193e-01 4.76420254e-01 5.92819035e-01 3.74827921e-01
    3.81336242e-01 4.38096613e-01 8.29395652e-01 7.06976712e-01
    9.66459870e-01 3.05080414e-03 3.77452075e-02 7.76460886e-01
    1.21396810e-01 2.60923266e-01 6.36794508e-01 6.75041199e-01
    2.79286385e-01 6.27833188e-01 6.99228883e-01 1.35258436e-02
    2.83842444e-01 6.27401352e-01 5.33789814e-01 3.58043492e-01
    1.84008837e-01 7.31911600e-01 9.37902808e-01 3.23401630e-01
    2.94770718e-01 1.83549136e-01 5.01778007e-01 5.83051383e-01
    2.00828075e-01 8.15961838e-01 9.01551008e-01 1.10411614e-01
    9.92262602e-01 6.93231106e-01 5.92673540e-01 5.17800570e-01
    2.25507021e-02 8.25052142e-01 2.93169260e-01 2.33760446e-01
    4.69916701e-01 5.79213381e-01 3.08783770e-01 8.16740334e-01
    9.24926400e-02 1.24211013e-01 7.47998238e-01 7.04073310e-02
    5.94426036e-01 6.90889180e-01 5.03600478e-01 2.96711564e-01
    5.62351644e-02 3.09704602e-01 4.67205405e-01 6.58054709e-01
    5.26000202e-01 2.52214074e-02 6.31448030e-01 3.19308937e-01
    8.61382484e-02 6.94390535e-01 8.84196520e-01 1.44201994e-01
    7.91639328e-01 7.79383063e-01 8.36673260e-01 5.05245328e-02
    6.88389361e-01 7.25381196e-01 6.94432139e-01 3.15232873e-02
    8.81173015e-02 6.71958506e-01 9.25877392e-01 9.21392441e-03
    7.71254122e-01 1.34612083e-01 9.61999953e-01 6.47352457e-01
    6.99137390e-01 2.88901925e-01 5.64900219e-01 7.85910368e-01
    8.55856240e-02 2.02869594e-01 7.18146145e-01 6.08623922e-01
    2.49918908e-01 5.71888745e-01 3.88754725e-01 3.10365885e-01
    8.11334014e-01 7.30859160e-01 2.25288868e-01 9.85547185e-01
    9.34203506e-01 2.45019257e-01 2.31894016e-01 4.44490314e-02
    2.92157233e-02 3.13760400e-01 2.06787139e-01 9.29229736e-01
    6.92418277e-01 1.86891735e-01 6.93013847e-01 2.94261217e-01
    2.89934158e-01 2.26707339e-01 6.96230233e-01 1.96375430e-01
    1.51823789e-01 7.47085214e-01 8.28066826e-01 6.91516519e-01
    5.88734567e-01 9.33621824e-01 1.18629247e-01 1.02724999e-01
    8.54351044e-01 3.40190887e-01 4.46130395e-01 5.23013771e-01
    6.60915971e-02 1.09377950e-01 8.54054332e-01 6.13699913e-01
    2.12657303e-01 3.84534925e-01 5.46436489e-01 4.06738728e-01
    6.32470727e-01 5.78471303e-01 8.12865853e-01 7.09017694e-01
    4.73413765e-02 3.43848407e-01 5.68896890e-01 7.06968725e-01
    4.13653165e-01 8.37512255e-01 5.91033041e-01 3.40368450e-01
    4.62394357e-02 8.14845681e-01 3.11691284e-01 2.75384247e-01
    5.02195597e-01 5.44580221e-01 9.04465377e-01 9.43639278e-01
    1.23822153e-01 3.49984467e-01 9.17019010e-01 4.71900463e-01
    9.40084338e-01 4.11690295e-01 3.10102999e-02 3.47554475e-01
    8.27143788e-01 9.53476429e-01 8.35026801e-01 7.48496771e-01
    9.08663511e-01 7.46172667e-03 8.83936882e-04 8.83562028e-01
    2.94208497e-01 1.03390247e-01 5.14693499e-01 5.80108345e-01
    1.07149631e-01 7.92259097e-01 9.14596081e-01 2.13816971e-01
    9.86356795e-01 1.99228674e-01 9.91945565e-02 2.23787814e-01
    3.27485412e-01 9.51706409e-01 8.33478689e-01 5.79859495e-01
    9.07809734e-01 9.64024365e-01 9.31075096e-01 9.81190503e-02
    2.71929264e-01 9.03510034e-01 2.80830324e-01 5.00924110e-01
    7.92137146e-01 4.20133144e-01 3.29623461e-01 3.08950841e-01
    2.15749025e-01 5.71256816e-01 3.97846639e-01 5.01021922e-01
    7.38831162e-01 4.98533010e-01 9.51384425e-01 4.99888331e-01
    4.91433144e-02 5.80303848e-01 9.83686864e-01 1.85681194e-01
    9.98803735e-01 5.19262910e-01 6.73432946e-01 6.49506986e-01
    9.28463757e-01 1.56849623e-03 9.13386226e-01 7.12213635e-01
    5.34060597e-01 4.61730510e-01 1.29463494e-01 9.14944172e-01
    1.56128973e-01 4.31117386e-01 4.96424139e-02 8.04184675e-01
    7.41291344e-01 5.38083136e-01 9.37386394e-01 9.48585033e-01
    2.74004698e-01 5.14172316e-01 9.88556385e-01 7.05808580e-01
    5.31062484e-01 1.06750339e-01 4.63657111e-01 1.41930908e-01
    5.30419350e-01 5.06683767e-01 8.32842231e-01 1.04692638e-01
    2.08197892e-01 5.29363930e-01 3.52274954e-01 3.03215981e-02
    5.19385815e-01 3.54949296e-01 1.67258978e-01 3.47780555e-01
    6.69993401e-01 2.53609240e-01 5.38439929e-01 3.28311324e-01
    1.95043623e-01 6.13178313e-01 3.59253138e-01 3.99774551e-01
    2.29482859e-01 3.18017662e-01 5.55415034e-01 3.49935830e-01
    3.78066778e-01 2.68207729e-01 3.77452075e-02 7.76460886e-01
    1.21396810e-01 2.60923266e-01 6.36794508e-01 6.75041199e-01
    2.79286385e-01 6.27833188e-01 6.99228883e-01 1.35258436e-02
    2.83842444e-01 6.27401352e-01 5.33789814e-01 3.58043492e-01
    1.84008837e-01 7.31911600e-01 9.37902808e-01 3.23401630e-01
    4.05070245e-01 3.22343111e-02 6.69524014e-01 6.95116520e-01
    6.47139728e-01 5.24228692e-01 3.41113925e-01 9.61137950e-01
    6.51469469e-01 2.84366846e-01 3.85717481e-01 8.86523604e-01
    8.06346953e-01 5.22507131e-01 8.32417369e-01 7.34256983e-01
    6.06775522e-01 8.20222497e-01 8.30316305e-01 4.04812634e-01
    6.15841389e-01 1.55542493e-01 4.39872742e-02 1.55183285e-01
    3.58019680e-01 9.57245708e-01 2.69541889e-01 6.54501200e-01
    3.54247212e-01 7.28435695e-01 5.89414477e-01 3.41377735e-01
    2.84652233e-01 4.50149864e-01 4.41512048e-01 9.41245675e-01
    3.81600827e-01 8.33261311e-01 1.37102008e-02 1.53738081e-01
    4.73925173e-02 7.95535445e-01 1.76145881e-01 2.98729450e-01
    7.95163512e-01 3.60208005e-01 5.09966791e-01 2.93076307e-01
    9.39685941e-01 8.24731946e-01 4.12714213e-01 3.70111763e-01
    2.28153735e-01 1.88375026e-01 3.47969055e-01 8.33359480e-01
    6.98299110e-01 1.23417050e-01 6.27647042e-01 1.28359884e-01
    5.13799012e-01 4.93766636e-01 6.31307960e-01 5.98499060e-01
    4.65570539e-01 9.90481734e-01 2.46534079e-01 7.99282551e-01
    3.59618366e-01 5.08826673e-02 8.39089036e-01 7.73363829e-01
    3.41760516e-01 5.54512262e-01 1.48142159e-01 1.53961331e-01
    2.18092918e-01 2.39318043e-01 5.74026287e-01 7.86198378e-02
    6.36352897e-01 8.73936415e-01 4.26042438e-01 3.38702053e-01
    8.95698428e-01 7.09653258e-01 5.50063729e-01 6.61661863e-01
    4.09960926e-01 2.24083066e-02 8.27484846e-01 1.25052035e-02
    7.46501684e-01 9.85973179e-02 2.68870056e-01 7.31167257e-01
    9.31380272e-01 5.74114859e-01 7.51937628e-01 9.67841208e-01
    1.06705070e-01 7.10105956e-01 1.35373026e-01 8.00090075e-01
    7.18399405e-01 9.90050673e-01 6.01947367e-01 8.98568928e-01
    6.72648847e-01 8.37901354e-01 9.06580329e-01 2.53750682e-02
    8.38435888e-02 8.40825319e-01 2.93725133e-01 9.87675607e-01
    4.20804799e-01 2.02895463e-01 7.14413166e-01 8.73366237e-01
    2.74690330e-01 5.81927180e-01 3.31316531e-01 3.51798475e-01
    3.63708764e-01 3.89960647e-01 1.36022449e-01 2.39933550e-01
    1.44861877e-01 4.31749701e-01 1.18725747e-01 9.61505175e-02
    4.44625467e-01 2.39366978e-01 3.49921167e-01 7.96706498e-01
    9.49632466e-01 9.67212439e-01 2.85345852e-01 5.26204348e-01
    7.44430304e-01 7.94666350e-01 7.25281239e-03 6.10973418e-01
    6.53109670e-01 3.65622938e-02 3.61909568e-01 1.57981992e-01
    8.04083169e-01 8.69593501e-01 5.31076193e-01 6.33036494e-02
    3.99578691e-01 8.26716363e-01 1.26552761e-01 3.32947612e-01
    9.86845732e-01 8.85175765e-02 2.99320877e-01 2.06404209e-01
    4.20720339e-01 7.38456547e-01 1.34605944e-01 6.09248698e-01
    7.13908315e-01 9.30215955e-01 4.48293179e-01 6.86969936e-01
    4.64075446e-01 4.60137099e-01 3.52844745e-01 2.14742512e-01
    4.32560354e-01 8.89246464e-01 8.54326367e-01 5.91099143e-01
    9.51916456e-01 9.55177307e-01 6.38946950e-01 5.55313647e-01
    7.56308496e-01 4.66398537e-01 1.10625386e-01 6.97015047e-01
    7.27032125e-01 8.06587338e-01 6.55846119e-01 8.64436567e-01
    9.68586802e-02 9.62357044e-01 9.83147502e-01 2.21756130e-01
    7.14801669e-01 8.99952888e-01 5.61740577e-01 1.82262063e-02
    2.01519042e-01 5.99196494e-01 3.09078693e-02 7.48370767e-01
    3.31274927e-01 2.30693430e-01 6.23262644e-01 2.70347893e-01
    2.35676348e-01 7.31692612e-01 5.30957997e-01 6.86668515e-01
    9.53684688e-01 7.65316963e-01 2.43604511e-01 3.97795737e-02
    6.66854501e-01 7.34956920e-01 8.25742602e-01 3.28774750e-01
    4.19893265e-01 3.05261731e-01 8.05257559e-01 6.67916894e-01
    8.75012398e-01 1.89213455e-01 4.87204343e-01 4.17477876e-01
    9.09588933e-01 4.87031996e-01 8.34503651e-01 9.77876782e-01
    4.34255958e-01 7.36942887e-01 5.21108270e-01 2.49885619e-02
    6.01501942e-01 7.92516232e-01 5.27512312e-01 1.64812118e-01
    4.44374114e-01 2.46655375e-01 3.28183293e-01 5.73438764e-01
    2.18478948e-01 5.63819468e-01 8.09927225e-01 3.97234589e-01
    2.90382385e-01 5.88453054e-01 3.19027334e-01 3.57249439e-01
    8.35964799e-01 4.88750994e-01 1.45242929e-01 5.20064712e-01
    6.90962076e-01 3.12262386e-01 8.24497819e-01 4.82525349e-01
    4.05070245e-01 3.22343111e-02 6.69524014e-01 6.95116520e-01
    6.47139728e-01 5.24228692e-01 3.41113925e-01 9.61137950e-01
    6.51469469e-01 2.84366846e-01 3.85717481e-01 8.86523604e-01
    8.06346953e-01 5.22507131e-01 8.32417369e-01 7.34256983e-01
    6.06775522e-01 8.20222497e-01 9.90916729e-01 2.55867064e-01
    2.48229951e-01 2.77857721e-01 6.63493872e-02 4.01066691e-01
    6.79322958e-01 3.36828440e-01 9.87368107e-01 4.81839538e-01
    2.03692615e-01 6.08481884e-01 4.66147780e-01 6.28296971e-01
    6.75034404e-01 8.61715436e-01 7.79983044e-01 5.39146781e-01
    2.76887178e-01 5.34223378e-01 5.49573958e-01 2.89605826e-01
    9.36676502e-01 4.90890801e-01 1.09108299e-01 4.65183854e-01
    6.92832768e-01 9.66406465e-02 5.11225581e-01 1.15922540e-01
    4.63074923e-01 3.09690833e-03 1.26677424e-01 3.40158641e-01
    9.97517765e-01 1.39678955e-01 4.03346419e-01 2.03072041e-01
    7.64495730e-02 1.87118948e-01 5.71485281e-01 7.45418131e-01
    1.85704201e-01 1.92521214e-01 8.99965525e-01 3.34881723e-01
    8.53486061e-02 8.93141866e-01 8.26366365e-01 5.17394185e-01
    5.35420537e-01 2.20628679e-02 5.31940401e-01 8.10265481e-01
    1.03642046e-02 6.08673036e-01 9.83071208e-01 4.99150157e-03
    3.33318710e-02 4.97043163e-01 8.62305880e-01 5.38265407e-01
    2.33394176e-01 2.34303504e-01 8.25991035e-01 4.94048834e-01
    1.89475417e-01 7.06332862e-01 4.45864290e-01 6.59011722e-01
    4.17374730e-01 2.92971671e-01 7.85035610e-01 8.47605944e-01
    4.83683228e-01 6.97761774e-02 8.13189864e-01 7.77706861e-01
    1.68797970e-02 9.28586066e-01 6.85469151e-01 7.87208676e-01
    4.67300296e-01 3.69952023e-02 9.00657654e-01 4.60441768e-01
    6.22305751e-01 5.93090355e-01 3.87285054e-02 3.13153207e-01
    4.38258916e-01 3.24710965e-01 3.42893302e-01 6.66791916e-01
    2.23370284e-01 8.88963223e-01 2.75602102e-01 7.84256697e-01
    6.41200662e-01 9.76624370e-01 1.14344507e-01 3.29302996e-01
    9.48022008e-01 7.16977000e-01 4.43244278e-02 8.20861697e-01
    7.52636671e-01 6.49395287e-02 2.26245791e-01 1.49661362e-01
    3.52790654e-02 4.60271358e-01 8.20637226e-01 3.75528425e-01
    4.61160451e-01 1.85999334e-01 9.63144422e-01 4.14380789e-01
    8.14403057e-01 4.09115285e-01 3.28042805e-02 8.20562482e-01
    8.83662999e-01 3.19897950e-01 7.71986008e-01 8.41171980e-01
    1.24363750e-01 7.49751687e-01 7.21777201e-01 1.39963925e-01
    2.97357142e-01 6.02511823e-01 9.21411335e-01 8.81490231e-01
    5.97663820e-01 8.36085498e-01 2.90895700e-02 4.78419274e-01
    3.48291457e-01 5.60628533e-01 1.32067740e-01 7.89652348e-01
    2.42399365e-01 6.16768181e-01 3.71727765e-01 3.41792703e-01
    5.99175453e-01 3.10810030e-01 8.02193463e-01 3.13339740e-01
    4.21739161e-01 6.10085785e-01 4.50010806e-01 6.99692547e-01
    6.86538756e-01 3.22892636e-01 4.78331804e-01 5.95943034e-02
    1.22296453e-01 6.69523120e-01 9.49249148e-01 7.43875504e-02
    6.52833998e-01 8.88347507e-01 2.96821326e-01 4.22823340e-01
    7.37710357e-01 4.60254431e-01 7.86974549e-01 9.66104865e-01
    9.91783440e-02 1.39020085e-02 2.64949083e-01 9.67690766e-01
    2.86520898e-01 5.98991573e-01 3.95891368e-01 7.30545461e-01
    6.59385324e-03 1.21808052e-01 5.30387580e-01 3.34030032e-01
    5.19239902e-01 5.72401166e-01 8.88526201e-01 3.28536749e-01
    1.28592134e-01 2.60763109e-01 7.53854752e-01 9.10001516e-01
    3.08167875e-01 5.72826803e-01 6.78827643e-01 3.28741819e-01
    3.55888009e-01 5.42615294e-01 5.86009979e-01 7.29933202e-01
    3.37832987e-01 3.48235250e-01 3.56107771e-01 2.06480056e-01
    8.24316502e-01 4.65795934e-01 8.31136048e-01 1.29288584e-01
    5.24308085e-01 5.88861942e-01 6.32747948e-01 9.39814389e-01
    1.35160148e-01 2.76410878e-01 3.22545528e-01 1.20817006e-01
    7.58252800e-01 7.07076371e-01 1.97138488e-01 6.37056947e-01
    4.56463993e-01 9.29120660e-01 6.64028704e-01 8.60571265e-01
    3.79650950e-01 3.04674625e-01 6.13051355e-01 5.23231626e-01
    1.33928537e-01 9.44138348e-01 1.48374081e-01 5.08469880e-01
    6.16741538e-01 4.34845746e-01 6.79478526e-01 7.65953243e-01
    9.52743292e-01 5.97998977e-01 5.55306017e-01 1.75246686e-01
    4.23374474e-01 5.24431705e-01 3.18564892e-01 8.26742113e-01
    2.86550641e-01 6.22177422e-01 4.82386917e-01 7.53334284e-01
    8.21027279e-01 4.31737602e-02 1.50819391e-01 2.99422115e-01
    9.63995457e-02 9.29698229e-01 3.97681862e-01 7.08073258e-01
    6.18590117e-01 5.74276567e-01 9.90916729e-01 2.55867064e-01
    2.48229951e-01 2.77857721e-01 6.63493872e-02 4.01066691e-01
    6.79322958e-01 3.36828440e-01 9.87368107e-01 4.81839538e-01
    2.03692615e-01 6.08481884e-01 4.66147780e-01 6.28296971e-01
    6.75034404e-01 8.61715436e-01 7.79983044e-01 5.39146781e-01
    7.03971863e-01 6.49521828e-01 2.71949172e-03 9.27074313e-01
    6.96595788e-01 3.49949419e-01 7.56257057e-01 8.91002417e-01
    2.13508397e-01 2.83901095e-01 6.97560906e-01 6.36574030e-02
    1.28782243e-01 5.25961578e-01 8.53982687e-01 2.76035547e-01
    4.54780519e-01 9.82773066e-01 9.42042232e-01 8.74966383e-01
    9.70892966e-01 8.74156594e-01 2.49779254e-01 7.81125188e-01
    3.13180149e-01 5.62146664e-01 2.93012142e-01 5.64670801e-01
    3.02803874e-01 1.89787328e-01 2.50198543e-02 6.05932355e-01
    6.90301478e-01 4.60231334e-01 3.63393128e-02 2.49422908e-01
    2.98995614e-01 1.82804346e-01 6.79151475e-01 1.86307997e-01
    2.15154588e-01 1.78848743e-01 1.18583590e-01 2.82781065e-01
    5.94023228e-01 4.31724191e-01 1.85015589e-01 1.27123773e-01
    4.64095116e-01 5.34031630e-01 9.45009947e-01 4.13191617e-01
    5.29313385e-01 9.75058079e-01 1.69331640e-01 3.72176647e-01
    1.05430633e-01 6.33785069e-01 9.19232965e-01 5.10085702e-01
    5.05587637e-01 5.71779668e-01 3.37228477e-01 6.81808472e-01
    4.27620411e-01 6.45696819e-02 2.50379562e-01 3.55795205e-01
    9.46361601e-01 8.93255174e-02 6.36227369e-01 6.70521557e-01
    5.89873433e-01 2.62741148e-01 7.66668022e-01 4.02753234e-01
    4.33135659e-01 8.64516556e-01 9.23159122e-01 6.21693850e-01
    3.70139360e-01 1.61416918e-01 9.65530276e-02 9.54700947e-01
    3.17997217e-01 3.57111812e-01 2.34894514e-01 1.24385357e-02
    5.58144867e-01 7.50730097e-01 9.99229610e-01 2.43226886e-02
    7.63232589e-01 8.12441707e-02 7.69630849e-01 3.86390090e-01
    3.34201932e-01 4.11759853e-01 3.08290660e-01 5.52251220e-01
    9.23141301e-01 2.89006859e-01 2.51100063e-02 8.40597153e-01
    5.91331244e-01 1.74859464e-02 1.08236372e-02 7.72656560e-01
    9.75527644e-01 4.90135431e-01 2.77993828e-01 5.85738361e-01
    5.01555681e-01 8.93065572e-01 8.16298127e-02 1.12978429e-01
    7.25658715e-01 4.69693422e-01 4.97729570e-01 3.70465010e-01
    5.90680420e-01 4.48157668e-01 9.67186987e-02 8.14155400e-01
    5.42029500e-01 6.57637179e-01 4.91835266e-01 9.58846807e-01
    5.63238442e-01 2.37390161e-01 4.61871296e-01 7.90512860e-02
    1.80203229e-01 7.44885445e-01 9.58685160e-01 7.60202646e-01
    9.68591213e-01 6.44589663e-02 8.79694223e-01 6.59273267e-01
    2.08195269e-01 3.22610080e-01 4.25496340e-01 7.93129504e-01
    4.50861722e-01 1.88008547e-02 9.82267261e-01 7.07253814e-03
    3.06017190e-01 2.79069901e-01 6.04685783e-01 1.35918260e-02
    6.74904883e-02 8.36318433e-02 6.87646508e-01 7.64608562e-01
    9.30726051e-01 4.12581444e-01 1.47484779e-01 9.69177186e-01
    5.22636473e-01 8.66462827e-01 1.12803966e-01 5.33005714e-01
    7.39502192e-01 9.74073291e-01 5.06473422e-01 4.38477695e-02
    9.75395918e-01 2.45314509e-01 7.52756119e-01 1.27125859e-01
    9.52026129e-01 1.89240515e-01 7.30942488e-01 1.05551869e-01
    2.15843529e-01 2.55854756e-01 4.88001585e-01 4.75075632e-01
    2.90527940e-01 5.89145005e-01 9.96670723e-02 7.33195841e-01
    4.19605374e-01 7.94396400e-01 5.31635106e-01 3.58192325e-01
    2.68487483e-01 3.25857997e-02 3.30452144e-01 8.70176613e-01
    3.31274241e-01 1.68910623e-01 3.05685192e-01 2.46730566e-01
    8.51522684e-01 9.76231575e-01 2.48616338e-02 7.06166208e-01
    1.10293627e-02 1.70153558e-01 2.70547032e-01 1.04378343e-01
    1.32792354e-01 9.05419290e-01 2.22045183e-03 1.17949247e-02
    9.07407403e-01 4.77324069e-01 6.12843394e-01 3.72966766e-01
    2.09566563e-01 5.69295585e-01 9.89404321e-01 7.35272884e-01
    1.46024436e-01 7.88854361e-02 1.86315686e-01 4.23360795e-01
    7.68387914e-01 9.56209481e-01 8.14219594e-01 7.72828102e-01
    5.72998822e-01 5.04701674e-01 4.43214476e-01 5.99992990e-01
    6.50392532e-01 6.16414130e-01 9.63584006e-01 9.47334051e-01
    4.43244427e-01 4.52720225e-01 6.55931830e-02 5.07920444e-01
    9.61139798e-01 2.13762105e-01 8.99140120e-01 5.16565263e-01
    6.80536985e-01 5.13362765e-01 1.13306373e-01 4.95788544e-01
    9.22564685e-01 3.27770472e-01 3.45163286e-01 7.02891588e-01
    6.62217736e-02 5.98144948e-01 1.40090704e-01 8.95800948e-01
    1.51328892e-01 7.14045703e-01 7.33756900e-01 8.99950862e-01
    7.03971863e-01 6.49521828e-01 2.71949172e-03 9.27074313e-01
    6.96595788e-01 3.49949419e-01 7.56257057e-01 8.91002417e-01
    2.13508397e-01 2.83901095e-01 6.97560906e-01 6.36574030e-02
    1.28782243e-01 5.25961578e-01 8.53982687e-01 2.76035547e-01
    4.54780519e-01 9.82773066e-01 1.37470901e-01 7.32924461e-01
    1.40468448e-01 6.44927621e-01 1.07124478e-01 3.65151942e-01
    1.96423084e-01 7.00093567e-01 3.85404825e-01 6.26707375e-01
    8.61571133e-02 6.91894770e-01 9.89378333e-01 3.76908362e-01
    2.02579677e-01 3.76210600e-01 8.21120501e-01 8.41457009e-01
    3.07803363e-01 9.14793909e-01 8.15456271e-01 7.65288234e-01
    1.30701005e-01 4.21788990e-02 9.20223117e-01 6.97186708e-01
    7.30871916e-01 8.87410164e-01 5.35462499e-01 1.19396836e-01
    7.07823694e-01 9.58514094e-01 5.19966006e-01 9.58585143e-01
    1.50473952e-01 7.35617638e-01 2.42703736e-01 2.62625337e-01
    7.55517960e-01 3.22377682e-01 2.96740830e-02 9.05721307e-01
    8.79981935e-01 8.16313267e-01 8.32027197e-01 2.30679303e-01
    3.48009765e-02 9.83259082e-01 4.78731304e-01 3.63097131e-01
    1.88528895e-02 4.78251487e-01 5.12749612e-01 3.47278684e-01
    1.10640913e-01 2.03727365e-01 1.47309750e-01 1.89472139e-01
    2.05394924e-01 4.36273634e-01 5.79076409e-02 5.39879680e-01
    2.78756142e-01 2.87510425e-01 1.82039917e-01 1.34990841e-01
    7.37156391e-01 2.41407245e-01 6.96675479e-01 3.04919928e-01
    9.09766614e-01 2.73635924e-01 3.31956387e-01 6.25399053e-02
    1.89147592e-01 6.11991286e-01 1.20273411e-01 7.30227947e-01
    4.48178828e-01 1.31135523e-01 8.67059827e-01 2.02748746e-01
    3.64702195e-01 8.35133255e-01 3.38788390e-01 3.90427113e-02
    7.38690197e-02 1.54079229e-01 5.46634197e-01 3.07905734e-01
    9.81276929e-01 2.43400455e-01 9.67942238e-01 3.62547636e-01
    3.97103459e-01 7.62231648e-01 3.53977203e-01 2.12021947e-01
    1.20651245e-01 2.13079274e-01 5.51226497e-01 5.50657332e-01
    8.00902724e-01 4.47734118e-01 7.28169084e-01 9.64699090e-01
    1.00001246e-01 2.94619888e-01 4.34165508e-01 5.15537500e-01
    3.49245548e-01 4.31939542e-01 8.16938281e-01 2.69088328e-01
    2.45318055e-01 5.58738410e-01 8.07839394e-01 1.04523718e-01
    8.02585363e-01 8.40068579e-01 1.88742697e-01 6.86263561e-01
    3.58734876e-01 8.18010926e-01 8.79081607e-01 6.54905975e-01
    2.16002703e-01 6.53573692e-01 8.32919240e-01 7.25452363e-01
    9.62110877e-01 2.81680673e-01 4.96521294e-01 7.43610859e-01
    6.36248708e-01 9.77186203e-01 5.15139103e-01 5.23505986e-01
    8.81096959e-01 8.45348597e-01 1.32814378e-01 5.37944973e-01
    3.10847163e-01 6.98550999e-01 5.78839183e-02 5.81884384e-01
    6.43537819e-01 3.75110745e-01 9.85644162e-01 3.54056120e-01
    6.80267572e-01 1.50377154e-01 8.10840845e-01 5.30167460e-01
    1.44150704e-01 2.01225549e-01 4.82167959e-01 8.29520226e-01
    6.37101233e-01 9.14379358e-01 9.88009870e-02 5.27448237e-01
    3.43709558e-01 4.48672175e-01 1.80623412e-01 4.43775982e-01
    9.12426710e-02 5.12008607e-01 2.63193369e-01 9.65875864e-01
    6.00481391e-01 6.96537018e-01 1.37012333e-01 6.66316509e-01
    4.88571703e-01 3.29120159e-02 4.73204017e-01 3.85057300e-01
    4.75905836e-01 7.43824959e-01 7.65691042e-01 9.21358347e-01
    4.00766432e-01 5.62484145e-01 3.48215103e-01 4.89800990e-01
    5.67206442e-02 9.97133791e-01 3.99955928e-01 5.79515100e-03
    3.79207790e-01 5.03388941e-02 5.93249798e-01 2.80273110e-01
    4.03131962e-01 4.57408190e-01 4.65454757e-01 3.24306488e-02
    6.11383617e-01 6.64619386e-01 7.74120390e-02 5.61331868e-01
    1.53750122e-01 2.91805923e-01 8.40515494e-01 7.77218521e-01
    6.59488082e-01 5.37018657e-01 2.14080393e-01 2.73087084e-01
    8.00989568e-01 5.76947331e-01 8.47109556e-01 6.24085844e-01
    7.50928819e-01 5.17565310e-01 6.36281908e-01 9.46497142e-01
    5.98711610e-01 2.40153074e-03 6.96667910e-01 6.88554704e-01
    1.17285281e-01 3.83109629e-01 4.49453026e-01 2.95908153e-02
    3.98691505e-01 4.68651742e-01 7.60390878e-01 8.83454561e-01
    2.38907069e-01 5.89320958e-01 6.76465929e-02 5.74242413e-01
    4.22922969e-01 9.69947457e-01 8.02026510e-01 1.42468274e-01
    6.55254126e-01 6.38500988e-01 8.95427823e-01 3.58351737e-01
    6.87995970e-01 2.84016073e-01 5.21758914e-01 2.94181287e-01
    5.39872646e-02 5.28568983e-01 8.03364217e-02 8.23938131e-01
    2.48993933e-01 2.02551901e-01 6.26661062e-01 3.19741070e-01
    4.30148244e-01 9.42241788e-01 1.37470901e-01 7.32924461e-01
    1.40468448e-01 6.44927621e-01 1.07124478e-01 3.65151942e-01
    1.96423084e-01 7.00093567e-01 3.85404825e-01 6.26707375e-01
    8.61571133e-02 6.91894770e-01 9.89378333e-01 3.76908362e-01
    2.02579677e-01 3.76210600e-01 8.21120501e-01 8.41457009e-01
    3.84004772e-01 9.61890221e-01 9.25315499e-01 3.90226990e-01
    4.35856372e-01 8.16675603e-01 1.94924861e-01 2.49333769e-01
    7.06645608e-01 2.37552017e-01 5.71195900e-01 5.20131469e-01
    6.89448476e-01 7.50276208e-01 6.12736106e-01 7.94395804e-03
    5.06319225e-01 8.84035230e-01 1.91060394e-01 6.64975643e-01
    9.97040749e-01 8.44503880e-01 7.95325994e-01 1.64088398e-01
    5.86070716e-01 6.42714620e-01 8.61067891e-01 1.31683111e-01
    4.07945901e-01 3.42225730e-02 3.55744362e-03 3.46058309e-01
    8.47292066e-01 5.34976721e-01 3.73900175e-01 1.43971175e-01
    1.72683984e-01 6.43319964e-01 4.64671940e-01 3.23840022e-01
    7.57749319e-01 8.71998072e-01 8.50883007e-01 7.00808465e-02
    1.35165036e-01 5.87212086e-01 5.14968276e-01 2.64574647e-01
    2.94686854e-02 4.53544825e-01 5.19981265e-01 4.63438451e-01
    9.60899532e-01 2.58040965e-01 6.56803727e-01 5.34249187e-01
    3.47590327e-01 2.80480981e-01 2.61936516e-01 6.20576203e-01
    5.26829898e-01 8.92269254e-01 1.64356261e-01 9.93504941e-01
    2.71688282e-01 6.75287962e-01 7.98484802e-01 9.84606504e-01
    1.82141781e-01 1.79175854e-01 8.19490194e-01 6.74829781e-01
    7.17109859e-01 9.65423465e-01 2.58706510e-01 5.67653298e-01
    5.35161138e-01 3.12958360e-01 2.25143045e-01 3.58506471e-01
    9.73250985e-01 4.21832353e-01 3.79709899e-01 8.81664634e-01
    6.86296582e-01 3.26959163e-01 7.80487537e-01 3.25726777e-01
    2.70414531e-01 4.66007084e-01 7.98661828e-01 4.32746112e-02
    9.56938505e-01 3.50751549e-01 7.00309575e-01 7.05378890e-01
    5.68835795e-01 7.14699149e-01 9.01738346e-01 7.46760190e-01
    4.58243251e-01 8.04818511e-01 5.28115332e-01 1.31521225e-02
    4.72636849e-01 5.82332492e-01 7.22231030e-01 8.50154161e-01
    4.89878535e-01 4.03639793e-01 1.95080101e-01 6.45759702e-01
    1.80987567e-01 9.21190500e-01 3.84370387e-02 4.49356765e-01
    9.33798850e-01 1.59577787e-01 2.43482947e-01 7.05653429e-01
    7.45731235e-01 2.28962451e-01 6.32841527e-01 3.29274833e-01
    1.55310869e-01 8.66720676e-02 8.72788310e-01 5.56432009e-01
    8.36384296e-03 4.34362650e-01 4.64588642e-01 3.20369005e-02
    6.89874887e-01 2.22270489e-01 7.13506579e-01 8.19283545e-01
    8.09798717e-01 9.29118812e-01 9.70855117e-01 7.25127101e-01
    2.48012155e-01 9.54078078e-01 9.31739926e-01 6.28665090e-01
    4.88883406e-01 8.14952910e-01 1.50646448e-01 2.25672692e-01
    6.63105011e-01 3.15474540e-01 9.91523266e-01 3.30877841e-01
    2.26361603e-01 1.39934242e-01 5.11674464e-01 5.07511735e-01
    9.34527755e-01 4.21368748e-01 1.97519511e-01 1.14849806e-01
    2.82166541e-01 1.19651258e-01 7.86619782e-01 2.50444025e-01
    5.37922621e-01 2.52907574e-02 5.81309259e-01 1.66781753e-01
    9.35759544e-01 3.32775295e-01 8.82353425e-01 6.56937361e-01
    8.14412296e-01 7.79498339e-01 2.44239926e-01 4.06174660e-02
    3.91683280e-02 2.80418634e-01 4.24305171e-01 2.47171432e-01
    1.33752584e-01 6.56397343e-01 3.00959587e-01 8.56925964e-01
    6.40998065e-01 5.58276415e-01 4.26732153e-01 7.06938863e-01
    3.77119482e-01 6.40652001e-01 6.80262983e-01 2.42248386e-01
    3.89881253e-01 4.49352026e-01 2.56226987e-01 6.80180490e-02
    6.29548192e-01 3.15906644e-01 5.14939487e-01 3.51060033e-01
    3.25235367e-01 2.94486642e-01 7.69619226e-01 6.41981661e-01
    6.01511300e-01 1.13390744e-01 9.45633948e-01 9.42756534e-01
    2.52655029e-01 5.92879593e-01 3.01193267e-01 1.36257440e-01
    1.22450352e-01 7.26108789e-01 9.62949038e-01 3.82574797e-01
    6.01662576e-01 1.91727370e-01 7.56946802e-01 7.16073155e-01
    4.19590950e-01 2.81349510e-01 6.41299725e-01 9.73606110e-03
    9.01709497e-02 7.86420584e-01 4.50175285e-01 9.84509706e-01
    4.30419207e-01 5.02551377e-01 3.13181281e-01 2.05143601e-01
    3.17249298e-01 5.94292760e-01 9.53776717e-01 2.52354980e-01
    7.65154481e-01 1.67748332e-01 1.58376634e-01 9.77953672e-02
    5.09517372e-01 1.59066617e-01 1.90831125e-01 9.74753499e-01
    7.59415746e-01 5.89269996e-01 5.38470149e-02 8.37510586e-01
    5.46771348e-01 5.89872479e-01 3.93038541e-01 3.05050343e-01
    1.93293899e-01 2.04066455e-01 1.23989582e-01 9.71457720e-01
    3.84004772e-01 9.61890221e-01 9.25315499e-01 3.90226990e-01
    4.35856372e-01 8.16675603e-01 1.94924861e-01 2.49333769e-01
    7.06645608e-01 2.37552017e-01 5.71195900e-01 5.20131469e-01
    6.89448476e-01 7.50276208e-01 6.12736106e-01 7.94395804e-03
    5.06319225e-01 8.84035230e-01 3.77744436e-04 1.00503325e-01
    7.03424215e-04 3.13457787e-01 3.57931048e-01 1.64404839e-01
    3.65579456e-01 7.74629593e-01 5.63402712e-01 5.96319020e-01
    5.52142262e-02 1.33846998e-01 1.02482110e-01 9.08504426e-02
    6.02587223e-01 2.13985562e-01 8.22463632e-01 1.85504973e-01
    1.92056626e-01 2.13405252e-01 5.59382081e-01 6.00353479e-01
    2.75874138e-01 1.51496798e-01 5.83795428e-01 1.72195822e-01
    9.13274884e-01 1.40953183e-01 4.68539536e-01 3.34211051e-01
    2.23567456e-01 7.66148746e-01 7.75509775e-02 2.52257526e-01
    1.72859818e-01 3.33723396e-01 6.11052990e-01 4.59754556e-01
    3.07468593e-01 2.27720141e-02 4.32570904e-01 4.46437001e-02
    1.45233065e-01 9.88317490e-01 8.88107538e-01 2.50412047e-01
    6.94856644e-02 7.00479984e-01 9.02951360e-02 9.82635915e-02
    5.96493304e-01 4.59575653e-03 7.43849874e-01 6.58786774e-01
    9.70645547e-01 8.86591733e-01 8.74569774e-01 4.71468806e-01
    1.38099700e-01 5.96977890e-01 6.78591907e-01 6.80844069e-01
    2.36413151e-01 5.64100623e-01 6.00250423e-01 9.56812501e-01
    9.12363827e-02 6.88817501e-02 5.55375814e-02 5.16597748e-01
    4.11507905e-01 5.85758090e-01 1.49008036e-02 7.64366984e-01
    2.20617652e-01 7.60596693e-01 5.30027986e-01 9.09115493e-01
    1.99699134e-01 3.69622409e-01 6.43537939e-02 9.64052975e-02
    8.08942854e-01 4.47802216e-01 5.33123434e-01 5.04783869e-01
    2.47474700e-01 4.50488925e-01 3.01322341e-01 4.92232233e-01
    8.44093561e-01 7.95220852e-01 2.58045197e-02 7.26707458e-01
    5.44367731e-02 7.16426909e-01 1.86987638e-01 4.76747364e-01
    2.42004812e-01 8.69641900e-01 4.33592319e-01 7.01696575e-02
    4.18980539e-01 1.45194679e-01 1.97883755e-01 8.34541321e-02
    6.10835075e-01 3.85482311e-02 9.96901989e-01 8.12685251e-01
    2.08179563e-01 1.54881775e-02 2.69279838e-01 1.15078390e-01
    3.79301906e-02 9.17231679e-01 7.40271688e-01 9.90681708e-01
    4.58812416e-02 6.14167631e-01 4.77979332e-01 5.85658848e-01
    7.82800913e-01 6.80436790e-01 7.58899629e-01 7.78131783e-02
    3.38342905e-01 4.62876946e-01 2.22845733e-01 9.18935120e-01
    4.65513498e-01 6.15806580e-01 1.87810183e-01 1.74289703e-01
    1.90563470e-01 2.78987885e-02 1.87346935e-02 3.14548612e-03
    2.82528758e-01 5.24344444e-01 8.37724388e-01 1.32917762e-02
    1.23285323e-01 6.35277271e-01 8.77620995e-01 1.62276000e-01
    2.59146273e-01 4.06288266e-01 5.93488395e-01 9.39536870e-01
    8.23740065e-01 4.10000533e-01 4.70815986e-01 3.68244410e-01
    8.28252196e-01 5.89575887e-01 9.51752067e-01 1.19101226e-01
    2.06193388e-01 4.65189427e-01 7.88631678e-01 1.82312816e-01
    9.16212976e-01 4.60152954e-01 9.87321973e-01 5.87394536e-02
    1.61284715e-01 9.99776721e-01 4.91256922e-01 3.55011761e-01
    1.15178972e-01 6.81901217e-01 2.43360251e-01 7.27312684e-01
    6.27259672e-01 7.08986044e-01 8.09738815e-01 8.31095576e-01
    8.22232962e-01 5.20421803e-01 8.38315964e-01 9.12068367e-01
    5.83476007e-01 1.12513572e-01 4.11718100e-01 7.06637800e-02
    1.96355700e-01 4.05592859e-01 9.70392704e-01 9.96635199e-01
    8.59773576e-01 4.90783393e-01 4.55373168e-01 6.06516004e-03
    5.24929762e-02 5.32349944e-03 4.10391182e-01 1.18073732e-01
    7.35357881e-01 5.26511371e-02 9.15341318e-01 3.58056962e-01
    6.00905299e-01 1.96110725e-01 6.29431129e-01 9.92552757e-01
    8.12724948e-01 1.80211067e-02 9.52357531e-01 9.15126443e-01
    1.32093459e-01 9.15060222e-01 1.25752896e-01 4.11227614e-01
    4.51387256e-01 9.95433748e-01 1.68531269e-01 3.39802265e-01
    7.58757591e-01 5.52777827e-01 4.35703218e-01 1.47019714e-01
    8.54687095e-02 2.41299391e-01 9.02405262e-01 4.09223318e-01
    7.51396537e-01 1.17971867e-01 4.56243217e-01 3.58193606e-01
    8.21713388e-01 4.49759573e-01 1.30183578e-01 3.65673900e-02
    2.50437856e-02 7.47611582e-01 1.53168291e-01 2.63919950e-01
    2.56218344e-01 4.39723194e-01 1.17467076e-01 7.32640028e-01
    7.93769836e-01 8.30756962e-01 8.00209045e-01 3.61967385e-02
    8.82063508e-01 3.84849459e-01 6.55563653e-01 3.56359899e-01
    6.00295603e-01 1.86392367e-02 6.85076714e-01 9.75880384e-01
    3.72678727e-01 4.15614247e-02 3.77744436e-04 1.00503325e-01
    7.03424215e-04 3.13457787e-01 3.57931048e-01 1.64404839e-01
    3.65579456e-01 7.74629593e-01 5.63402712e-01 5.96319020e-01
    5.52142262e-02 1.33846998e-01 1.02482110e-01 9.08504426e-02
    6.02587223e-01 2.13985562e-01 8.22463632e-01 1.85504973e-01
    2.86518276e-01 9.86083984e-01 8.02772760e-01 1.95429027e-02
    4.55585122e-01 3.64797711e-01 9.88402486e-01 7.90025115e-01
    8.37858319e-01 6.70332611e-02 1.79867566e-01 3.16249430e-01
    2.38069326e-01 8.59976709e-01 7.74383545e-02 9.48570251e-01
    3.98128003e-01 8.36230338e-01 5.78233123e-01 6.40240133e-01
    4.67691720e-02 6.93437576e-01 1.93607211e-02 8.18194747e-01
    7.45083809e-01 1.51774228e-01 3.22542489e-02 9.13981199e-01
    1.17420197e-01 6.61874175e-01 9.25686598e-01 1.72340274e-01
    4.66194272e-01 7.92146266e-01 6.03793383e-01 6.42790318e-01
    5.77487588e-01 8.94933820e-01 8.10773075e-01 1.19006634e-01
    1.79632246e-01 7.91291833e-01 5.78279853e-01 5.70881128e-01
    4.63365644e-01 2.88914531e-01 9.78599429e-01 4.13556665e-01
    1.69247150e-01 3.01881433e-01 2.06996083e-01 1.08231068e-01
    2.75108427e-01 1.19239479e-01 6.88062668e-01 3.34749341e-01
    8.59052300e-01 9.93923247e-02 9.33050990e-01 7.59978592e-01
    4.37592238e-01 9.63347971e-01 1.37130171e-01 9.85156000e-01
    1.17478162e-01 7.70989060e-01 2.29158133e-01 4.54925597e-01
    8.11368227e-04 5.55601180e-01 4.95677143e-01 2.44005293e-01
    4.01552588e-01 4.49082136e-01 3.86138916e-01 7.09426403e-02
    3.77402246e-01 1.49071008e-01 1.10913634e-01 5.63983321e-01
    2.20925093e-01 8.95729065e-01 4.08817947e-01 7.24317729e-01
    4.75159556e-01 7.84086585e-01 5.69160461e-01 7.41543353e-01
    9.24568176e-02 8.16079617e-01 2.42900133e-01 7.15825140e-01
    3.65637362e-01 7.07497597e-01 4.76977229e-03 2.20051736e-01
    5.62610030e-01 5.70239007e-01 1.49280339e-01 2.50613272e-01
    2.37999856e-02 5.74019432e-01 3.33823740e-01 2.37369031e-01
    6.84314668e-02 3.60696614e-01 2.74407208e-01 5.04947960e-01
    8.64376724e-01 8.05954635e-02 8.78701746e-01 1.98305845e-01
    2.62840390e-02 7.05194533e-01 8.61749530e-01 6.82868481e-01
    9.49299455e-01 2.47616947e-01 5.76812088e-01 7.98989952e-01
    8.84955645e-01 2.27675438e-01 1.46973997e-01 1.81375474e-01
    4.56952929e-01 6.52009249e-01 3.63393992e-01 3.21516246e-01
    8.94385338e-01 9.56251144e-01 3.41376603e-01 2.74018347e-02
    2.75386333e-01 8.33459139e-01 9.22906637e-01 8.89689863e-01
    4.75146413e-01 5.58867514e-01 8.55868578e-01 3.78996074e-01
    7.83341527e-02 5.85109770e-01 6.40674353e-01 4.60604101e-01
    4.49107856e-01 8.31371009e-01 5.00834882e-02 1.66907012e-01
    3.39165866e-01 1.09909445e-01 7.08178818e-01 1.19136781e-01
    8.48055243e-01 1.76499486e-02 2.40674198e-01 9.20129716e-01
    2.25131899e-01 4.02899981e-01 4.21912730e-01 3.87481153e-01
    7.41442144e-02 4.88239527e-02 2.89399862e-01 3.67605358e-01
    2.26226836e-01 8.85143518e-01 2.75860161e-01 7.27023721e-01
    2.89727449e-02 4.61938471e-01 5.03783107e-01 7.68596768e-01
    3.05547982e-01 7.50108242e-01 6.70695484e-01 9.71337974e-01
    3.86933029e-01 1.44466519e-01 8.80902112e-02 3.30448151e-02
    8.24933946e-02 2.47308433e-01 8.90688062e-01 7.04641402e-01
    8.02088499e-01 3.02845001e-01 5.09704411e-01 8.57765913e-01
    9.19368565e-02 2.81306684e-01 5.09580314e-01 5.67606091e-01
    7.66152978e-01 3.26237977e-01 8.41043890e-02 9.52065825e-01
    7.75877237e-01 9.10435438e-01 3.20307493e-01 4.83343124e-01
    2.07030088e-01 1.80772901e-01 2.33657271e-01 6.03977978e-01
    7.21146762e-01 9.90696907e-01 8.04282725e-02 5.88394284e-01
    7.91898668e-01 7.78922677e-01 2.80943096e-01 3.62177432e-01
    8.57799411e-01 5.28831005e-01 7.53193736e-01 5.04089773e-01
    1.62283152e-01 7.60936558e-01 1.04997545e-01 4.87125486e-01
    4.83232528e-01 8.98634791e-02 1.56389177e-01 9.49246883e-02
    6.29087031e-01 5.03247559e-01 6.52301013e-01 9.46732163e-01
    9.21962798e-01 4.81060565e-01 5.77925265e-01 5.09027541e-01
    6.85913742e-01 7.52994120e-01 1.81114644e-01 7.39272177e-01
    8.56068015e-01 7.40665615e-01 5.62567770e-01 2.46614128e-01
    2.83193529e-01 5.63654602e-02 8.32261443e-01 7.01725185e-01
    5.77606320e-01 9.70532656e-01 9.61855769e-01 3.82418156e-01
    7.57802725e-02 8.52787137e-01 9.85399365e-01 6.60073042e-01
    9.47348297e-01 8.55848789e-02 5.38237393e-01 2.27659315e-01
    2.86518276e-01 9.86083984e-01 8.02772760e-01 1.95429027e-02
    4.55585122e-01 3.64797711e-01 9.88402486e-01 7.90025115e-01
    8.37858319e-01 6.70332611e-02 1.79867566e-01 3.16249430e-01
    2.38069326e-01 8.59976709e-01 7.74383545e-02 9.48570251e-01
    3.98128003e-01 8.36230338e-01 1.31494790e-01 5.54924607e-01
    3.59256625e-01 1.29667759e-01 9.00879264e-01 7.25619972e-01
    5.05825102e-01 6.33984149e-01 5.18733263e-01 7.89364219e-01
    3.20216417e-02 2.54550517e-01 3.39675754e-01 8.77339959e-01
    2.37849593e-01 4.86569077e-01 2.49985099e-01 9.03369665e-01
    4.53351140e-01 3.20838660e-01 5.42809427e-01 8.15025210e-01
    9.75061595e-01 9.34621036e-01 6.16122961e-01 8.98253798e-01
    6.88451767e-01 6.37191832e-02 7.60492921e-01 5.70847690e-01
    9.50647891e-02 4.20811683e-01 7.23709404e-01 5.21353781e-01
    9.91199017e-01 9.85863805e-02 7.38203049e-01 6.35171413e-01
    6.33977652e-01 6.59228206e-01 6.58098459e-01 5.17490089e-01
    1.59643799e-01 7.60121107e-01 4.05580819e-01 1.05202734e-01
    4.32446390e-01 6.08362854e-02 6.34460092e-01 2.45161027e-01
    7.47172832e-01 8.72269809e-01 9.49587822e-02 6.22222185e-01
    6.42938614e-01 5.41658759e-01 4.80899781e-01 5.06721258e-01
    4.24856544e-02 3.41552436e-01 5.47010839e-01 5.29442012e-01
    1.05234593e-01 7.15714395e-01 9.70134020e-01 2.39573836e-01
    3.83862644e-01 2.00853676e-01 4.84613419e-01 4.13629562e-01
    8.64670575e-02 8.79679680e-01 4.72975731e-01 4.55202907e-01
    5.22178531e-01 8.07118535e-01 8.65717411e-01 3.86722356e-01
    3.68151844e-01 6.68431163e-01 1.81135625e-01 7.23369718e-01
    1.88901454e-01 7.37150908e-01 6.70117140e-01 5.68917572e-01
    7.61919260e-01 6.42599583e-01 4.52159673e-01 4.48030919e-01
    5.50227761e-01 5.13333321e-01 4.86389697e-01 5.01394689e-01
    2.27691412e-01 6.76913917e-01 1.10458821e-01 9.39462543e-01
    7.17083335e-01 4.92742181e-01 5.70986629e-01 4.23886210e-01
    3.55227530e-01 8.32732201e-01 7.56588578e-01 5.64930618e-01
    6.69380903e-01 4.66039479e-02 7.55741656e-01 1.59685224e-01
    1.65454119e-01 3.13989341e-01 4.47469175e-01 5.59074342e-01
    2.94146359e-01 3.56388181e-01 4.32108939e-02 4.72284496e-01
    1.36985898e-01 8.47364187e-01 3.56868148e-01 5.32687306e-02
    3.49432558e-01 8.15303802e-01 9.35060382e-01 8.89183700e-01
    8.24891567e-01 7.54672050e-01 4.34645921e-01 2.63341159e-01
    1.31533146e-01 2.79519916e-01 5.79099357e-01 2.11586654e-01
    6.53925598e-01 2.96016455e-01 4.20245260e-01 9.89147842e-01
    5.67854583e-01 7.35892832e-01 8.67852986e-01 1.83952361e-01
    8.01606119e-01 4.87247407e-02 4.92304653e-01 8.65141809e-01
    1.76270247e-01 5.38412273e-01 8.79417539e-01 1.02018028e-01
    5.30926883e-02 7.39131212e-01 9.03247833e-01 7.57225513e-01
    5.70929885e-01 2.02694803e-01 8.44967127e-01 7.15663433e-01
    2.59767979e-01 7.99832344e-01 8.58703792e-01 5.58552682e-01
    1.98018372e-01 1.24737501e-01 3.69621426e-01 2.08340377e-01
    2.61982411e-01 6.00120485e-01 3.12315226e-01 9.35381770e-01
    4.86736774e-01 3.50318968e-01 8.54957342e-01 9.44789886e-01
    5.37916601e-01 5.72716296e-01 8.07721972e-01 9.33647454e-02
    7.65831411e-01 3.08107197e-01 2.48700202e-01 7.46662974e-01
    7.70637214e-01 6.83419585e-01 9.16306853e-01 7.26491809e-02
    5.24211168e-01 1.40910149e-01 7.44431257e-01 8.05592835e-02
    9.79645967e-01 1.67636096e-01 6.49880171e-02 4.49661970e-01
    5.47562063e-01 8.20786774e-01 6.70085192e-01 6.01315975e-01
    7.35830009e-01 9.52278256e-01 4.47339207e-01 6.40802383e-01
    2.90555060e-02 4.20086026e-01 4.02888954e-02 4.57188189e-02
    9.09124851e-01 8.45630407e-01 1.93059146e-02 5.14178872e-02
    6.04662895e-01 1.99054897e-01 1.40276313e-01 7.92923450e-01
    5.03399730e-01 5.52310407e-01 7.72761583e-01 1.09002978e-01
    7.66301632e-01 1.95660889e-01 2.94832408e-01 5.96072376e-02
    4.32369262e-01 3.72197330e-01 5.82253933e-01 6.43545628e-01
    6.58302188e-01 8.19395900e-01 9.12247300e-01 5.98685205e-01
    7.94996321e-01 1.81719214e-01 9.63961244e-01 4.70226705e-01
    4.75742698e-01 8.59745502e-01 1.80693477e-01 1.73248053e-01
    1.30789816e-01 2.18437999e-01 2.72225767e-01 2.15614289e-01
    4.30941522e-01 5.80492139e-01 6.26188338e-01 2.67727077e-02
    3.53700519e-01 6.30053699e-01 9.86233354e-01 9.97343719e-01
    4.87142414e-01 2.13456631e-01 7.37925887e-01 2.33392060e-01
    3.67399752e-01 3.62747908e-01 1.31494790e-01 5.54924607e-01
    3.59256625e-01 1.29667759e-01 9.00879264e-01 7.25619972e-01
    5.05825102e-01 6.33984149e-01 5.18733263e-01 7.89364219e-01
    3.20216417e-02 2.54550517e-01 3.39675754e-01 8.77339959e-01
    2.37849593e-01 4.86569077e-01 2.49985099e-01 9.03369665e-01
    9.80427027e-01 5.57025909e-01 1.55106127e-01 2.68992096e-01
    8.47313643e-01 2.42652535e-01 1.34518236e-01 1.09526366e-01
    9.09680784e-01 2.83628523e-01 5.53266644e-01 9.76298392e-01
    5.12784243e-01 9.02043879e-01 3.19106698e-01 3.77639085e-01
    4.89647537e-01 8.68530571e-01 7.46698737e-01 2.94731438e-01
    1.82763875e-01 8.24457407e-01 8.41503561e-01 6.01672888e-01
    9.55606699e-01 5.28007150e-01 6.65512025e-01 2.79947698e-01
    3.98676693e-01 5.47657847e-01 4.27592486e-01 1.42198771e-01
    1.69595689e-01 6.68521762e-01 1.83693171e-02 2.59500146e-01
    9.02411580e-01 2.48372376e-01 8.89332652e-01 3.47100168e-01
    2.32724845e-01 3.58315855e-01 3.51233184e-01 2.53134042e-01
    6.24702513e-01 8.04404259e-01 2.61649340e-01 8.63743067e-01
    7.30802715e-02 6.11271203e-01 5.07088840e-01 6.03645086e-01
    2.05413908e-01 4.58491504e-01 4.65037048e-01 8.47493291e-01
    8.67546201e-01 4.10495669e-01 7.63429224e-01 1.86714113e-01
    7.15375006e-01 7.61174023e-01 4.93869513e-01 2.37363398e-01
    7.64395714e-01 4.18543607e-01 3.85464013e-01 9.26440120e-01
    6.83885813e-02 1.20725602e-01 7.77290583e-01 7.02980757e-02
    4.90383208e-01 6.03173137e-01 6.79367900e-01 3.77705127e-01
    5.49362898e-01 7.61650681e-01 3.73240560e-01 4.54734504e-01
    9.85230505e-01 8.40156078e-01 6.05681360e-01 6.06264472e-01
    4.86962587e-01 4.44640458e-01 1.63538277e-01 7.94272959e-01
    1.30043983e-01 7.81977296e-01 5.92937946e-01 7.63502657e-01
    4.43900406e-01 7.95991719e-02 2.07523286e-01 8.69760990e-01
    2.95238495e-01 9.32165980e-03 8.57102990e-01 2.02522308e-01
    8.61185789e-03 9.19857025e-01 5.37816286e-01 7.04910040e-01
    9.65250254e-01 1.02524281e-01 3.50802958e-01 7.64831305e-01
    8.73558879e-01 3.04944575e-01 6.77258730e-01 2.14036971e-01
    8.18886399e-01 5.90123534e-01 1.45739377e-01 4.34270233e-01
    4.90296781e-02 9.44333076e-01 1.71831787e-01 1.05076313e-01
    6.41966403e-01 3.56906086e-01 5.46836019e-01 9.85186398e-01
    9.13773060e-01 3.16775978e-01 8.97677064e-01 5.83775938e-02
    2.30001897e-01 7.36660361e-01 4.22325730e-02 3.85256052e-01
    9.68622386e-01 7.11735904e-01 1.56287044e-01 2.76777238e-01
    6.09682858e-01 3.18170696e-01 7.09082127e-01 4.37903672e-01
    8.61252666e-01 8.65138769e-02 5.03284812e-01 6.08720660e-01
    5.71313560e-01 7.72726595e-01 7.85986781e-01 5.04705489e-01
    4.66855437e-01 4.59886312e-01 2.25202501e-01 6.43153489e-02
    4.33520257e-01 6.91228569e-01 9.65978861e-01 6.29998922e-01
    8.95684361e-02 1.09038264e-01 1.99409306e-01 6.75859213e-01
    1.66063160e-01 9.02642012e-01 6.36151671e-01 6.66455090e-01
    9.90591884e-01 8.98856401e-01 6.41284466e-01 6.62508309e-02
    2.78110713e-01 7.58311629e-01 1.54859990e-01 4.36387777e-01
    9.28147435e-01 3.60335737e-01 6.50710225e-01 4.49591249e-01
    6.97651625e-01 9.28342342e-01 9.21872735e-01 1.51762664e-01
    7.75317669e-01 7.31873214e-02 8.29030752e-01 9.62307155e-02
    4.16366160e-02 4.78306830e-01 8.27727318e-01 1.61835134e-01
    2.22586870e-01 9.14580286e-01 7.08962262e-01 5.40246367e-01
    6.90654337e-01 6.75515294e-01 8.99208069e-01 9.07564282e-01
    8.48431110e-01 2.37680346e-01 5.97549438e-01 5.16758561e-01
    6.61532581e-02 9.85678732e-02 6.85279667e-01 3.91228557e-01
    4.99359846e-01 2.39652663e-01 5.38053513e-02 3.61375839e-01
    5.70738614e-01 2.26884663e-01 4.72842127e-01 4.50247735e-01
    6.76549971e-01 6.93282306e-01 3.46588016e-01 3.76476377e-01
    6.07352853e-01 3.81970227e-01 7.22081959e-02 7.97217846e-01
    3.99477303e-01 3.61022502e-01 2.24834412e-01 5.48862696e-01
    2.54284441e-01 8.66074979e-01 4.78423148e-01 4.65565145e-01
    2.54480869e-01 1.32862955e-01 6.51779175e-02 1.03667259e-01
    9.65766013e-02 6.75718129e-01 2.57934749e-01 8.44712973e-01
    9.47365105e-01 2.40647793e-01 4.31777537e-02 8.75388086e-01
    3.27675462e-01 4.97971594e-01 9.06593680e-01 1.59251720e-01
    7.23749161e-01 3.32049966e-01 4.50131118e-01 9.48155463e-01
    4.04697716e-01 6.52568698e-01 3.07735205e-02 9.69742537e-01
    7.58195519e-01 4.92408842e-01 9.40646112e-01 6.85760260e-01
    9.80427027e-01 5.57025909e-01 1.55106127e-01 2.68992096e-01
    8.47313643e-01 2.42652535e-01 1.34518236e-01 1.09526366e-01
    9.09680784e-01 2.83628523e-01 5.53266644e-01 9.76298392e-01
    5.12784243e-01 9.02043879e-01 3.19106698e-01 3.77639085e-01
    4.89647537e-01 8.68530571e-01 3.53250921e-01 5.60185552e-01
    1.15793943e-01 2.71219313e-01 9.09209430e-01 8.42379510e-01
    8.51170301e-01 1.70195848e-01 5.50325751e-01 9.86582160e-01
    6.76724017e-01 5.52319169e-01 5.17792583e-01 1.11187786e-01
    4.16519523e-01 8.84088337e-01 4.42784995e-01 7.91745007e-01
    2.80501693e-01 6.74801111e-01 3.97279173e-01 5.79842508e-01
    7.07428098e-01 2.19086111e-02 5.92255235e-01 8.29710364e-02
    6.38870001e-01 7.19733834e-01 1.83412462e-01 6.09258711e-01
    9.98816729e-01 3.33858550e-01 4.92864847e-01 4.68895018e-01
    8.15443158e-01 7.11724997e-01 5.16344428e-01 7.87951350e-01
    3.13768566e-01 6.51111305e-01 9.01645064e-01 4.60545868e-01
    7.61840940e-01 9.43657398e-01 9.24983621e-01 2.24237859e-01
    9.73060071e-01 9.07423913e-01 4.18010682e-01 2.64199317e-01
    2.81782806e-01 7.57743299e-01 5.18281460e-01 7.72647262e-01
    1.11785173e-01 2.84429848e-01 5.64795256e-01 9.88151550e-01
    2.19683349e-02 1.17403299e-01 7.24000692e-01 5.77434540e-01
    2.41203666e-01 9.06926274e-01 6.97384596e-01 8.27698827e-01
    5.34580112e-01 5.14235497e-01 4.01012689e-01 3.59587401e-01
    6.48442507e-02 3.54059935e-01 6.96638942e-01 9.09536839e-01
    1.68634325e-01 1.85131967e-01 7.77672827e-02 9.45097685e-01
    3.24791104e-01 6.18797183e-01 6.85749471e-01 4.59485084e-01
    2.29060531e-01 2.15198070e-01 4.55120981e-01 3.31521720e-01
    3.38386655e-01 4.81230438e-01 5.35428882e-01 4.37706500e-01
    6.16297901e-01 8.96036208e-01 5.78809440e-01 2.14611858e-01
    7.21235275e-01 5.45419872e-01 1.32037193e-01 7.87178516e-01
    3.75980258e-01 6.70038342e-01 7.59780765e-01 9.57034647e-01
    7.39873052e-01 3.17139477e-01 1.42941326e-01 6.34975433e-01
    8.13821375e-01 1.22362435e-01 7.41869986e-01 3.23091924e-01
    6.47454262e-02 6.21808767e-02 2.08301902e-01 6.49653852e-01
    6.67571068e-01 6.05967462e-01 4.87833679e-01 7.90047646e-03
    3.95986348e-01 6.23683810e-01 1.24450415e-01 7.97397137e-01
    6.10604882e-01 2.64505237e-01 8.75070930e-01 7.34115481e-01
    4.98833597e-01 3.45442951e-01 5.08808911e-01 1.84890181e-01
    4.21386451e-01 8.28896880e-01 4.61206228e-01 9.97564256e-01
    1.45336479e-01 8.72394264e-01 9.35143948e-01 9.10353780e-01
    3.71068299e-01 4.25966471e-01 7.02491879e-01 4.89020556e-01
    5.95956206e-01 4.87714529e-01 6.54799938e-02 8.56167436e-01
    2.37096965e-01 2.92576313e-01 4.58456159e-01 2.33107209e-02
    3.42489779e-01 3.64114463e-01 4.60538030e-01 1.43137276e-02
    2.50833184e-01 5.53242207e-01 7.87182212e-01 7.47044683e-02
    8.59866023e-01 5.11610448e-01 8.55952740e-01 3.72670114e-01
    3.58995229e-01 3.85516912e-01 5.56201279e-01 6.94298625e-01
    1.11879110e-01 9.78970766e-01 6.67404115e-01 2.17436552e-02
    1.86236084e-01 4.77534056e-01 2.56089747e-01 1.05375439e-01
    3.89093220e-01 4.31209683e-01 3.27112794e-01 7.05310702e-01
    6.08906150e-03 6.77304983e-01 4.29078937e-01 9.21438336e-01
    7.24273801e-01 1.54953361e-01 5.79388142e-01 3.73459876e-01
    8.86222482e-01 2.58900672e-01 3.67523789e-01 4.11824107e-01
    2.27138549e-01 3.86437476e-01 1.94829106e-02 6.26147449e-01
    2.61016488e-01 1.08549654e-01 7.45754302e-01 7.74554849e-01
    6.48752451e-01 2.02916086e-01 5.17263472e-01 8.43646526e-01
    7.21014440e-01 7.51394510e-01 3.64477932e-01 6.63966596e-01
    3.40939045e-01 3.51128370e-01 5.82691610e-01 6.64582253e-01
    9.39101994e-01 6.69675767e-01 1.29515201e-01 8.52666974e-01
    5.37459314e-01 7.36283779e-01 2.09122866e-01 4.16463673e-01
    7.60556996e-01 7.55138040e-01 5.65833688e-01 3.70407641e-01
    4.89691824e-01 7.09541142e-01 6.55676544e-01 9.99086261e-01
    7.46367574e-01 8.53947520e-01 6.17487907e-01 2.44290084e-01
    8.80366445e-01 4.75884467e-01 6.09168351e-01 3.30986679e-02
    9.04534578e-01 2.54130244e-01 2.64588058e-01 5.47544718e-01
    1.64313197e-01 7.04066038e-01 4.50828791e-01 6.17218852e-01
    6.80704832e-01 8.01980436e-01 6.70650601e-01 6.32326305e-01
    7.64423490e-01 7.60833263e-01 8.30423713e-01 8.32863152e-01
    6.61082685e-01 3.12396049e-01 3.22872818e-01 5.45941234e-01
    8.78820240e-01 2.51625896e-01 3.53250921e-01 5.60185552e-01
    1.15793943e-01 2.71219313e-01 9.09209430e-01 8.42379510e-01
    8.51170301e-01 1.70195848e-01 5.50325751e-01 9.86582160e-01
    6.76724017e-01 5.52319169e-01 5.17792583e-01 1.11187786e-01
    4.16519523e-01 8.84088337e-01 4.42784995e-01 7.91745007e-01
    7.12427914e-01 9.87883210e-01 5.40424526e-01 8.06519985e-02
    2.28581727e-02 8.51720750e-01 9.13166881e-01 5.91939926e-01
    7.81186461e-01 7.35110164e-01 8.20585966e-01 9.74318564e-01
    2.26243734e-02 4.27947044e-01 9.06217933e-01 7.25167990e-02
    1.30891740e-01 5.25249302e-01 1.90665662e-01 7.05248117e-01
    9.19510126e-01 3.04535151e-01 2.26801604e-01 5.41241050e-01
    7.37291396e-01 4.03376937e-01 4.04915810e-01 1.10858798e-01
    4.70421284e-01 1.54521763e-02 5.14603019e-01 4.50801343e-01
    3.80455792e-01 6.82568789e-01 5.57097077e-01 6.29064262e-01
    5.18408775e-01 5.30069232e-01 1.09750152e-01 4.92335260e-02
    1.94358796e-01 8.19071531e-01 6.08461618e-01 9.39104080e-01
    1.02190375e-02 9.31973815e-01 9.22935247e-01 5.06501257e-01
    8.95651340e-01 5.66607833e-01 8.88498068e-01 7.83146381e-01
    9.75364923e-01 5.22217751e-02 3.73624682e-01 7.32209921e-01
    1.14090562e-01 2.32565194e-01 7.69710898e-01 6.15027666e-01
    8.39659929e-01 3.98269624e-01 1.61816776e-01 7.55784392e-01
    2.86691010e-01 9.06661749e-01 5.10600209e-01 1.55914962e-01
    5.57141721e-01 1.21572375e-01 1.56693935e-01 6.15725696e-01
    7.36989498e-01 1.42469347e-01 8.98329794e-01 7.76063085e-01
    5.30556858e-01 4.70739901e-01 9.33553815e-01 7.61489987e-01
    5.95816791e-01 9.08748388e-01 5.08774936e-01 5.04122436e-01
    1.84821367e-01 6.48424685e-01 7.75448203e-01 1.14516318e-01
    4.61189836e-01 4.55045938e-01 4.13456142e-01 4.08883572e-01
    8.98664236e-01 1.04948014e-01 8.91906142e-01 3.79418224e-01
    1.68461740e-01 2.77313203e-01 7.81848848e-01 1.18098199e-01
    9.50720549e-01 9.75085974e-01 8.48106623e-01 5.21414757e-01
    5.33508480e-01 4.56865728e-02 1.59240872e-01 6.73394918e-01
    8.78184080e-01 1.71940774e-01 5.74631572e-01 9.59193110e-01
    2.00101554e-01 2.14628816e-01 6.76477432e-01 9.45186734e-01
    9.97352004e-02 7.58489013e-01 6.73236609e-01 4.51091230e-01
    1.54046863e-01 3.89773250e-02 6.96701050e-01 9.98039901e-01
    6.87292457e-01 7.86310554e-01 1.99387342e-01 1.19806767e-01
    7.09039688e-01 7.73788869e-01 5.54220319e-01 3.69997144e-01
    8.26680541e-01 1.05585605e-01 3.30626369e-01 9.64830518e-01
    7.37847686e-02 3.05142105e-01 8.87853146e-01 9.61343467e-01
    4.67329890e-01 9.27739382e-01 1.48651600e-02 3.30382466e-01
    6.45717323e-01 9.63569343e-01 6.62637949e-02 3.53199840e-01
    3.15667391e-02 3.83037806e-01 1.53760046e-01 4.95884091e-01
    6.59238875e-01 2.38484144e-01 2.47927487e-01 5.48005879e-01
    1.40325487e-01 7.22935498e-02 7.33045936e-02 1.57985359e-01
    3.30198288e-01 1.70350492e-01 2.44903207e-01 2.51553893e-01
    6.60678685e-01 9.66086626e-01 9.10098553e-01 5.86578369e-01
    7.92335629e-01 6.36058033e-01 4.48284805e-01 8.27205241e-01
    8.78302455e-01 3.36433351e-01 5.32705486e-02 7.30154097e-01
    6.90832496e-01 2.51072526e-01 8.63363266e-01 2.38227844e-02
    6.95416451e-01 1.50878608e-01 3.50070447e-01 8.99436831e-01
    4.98812526e-01 2.80898094e-01 1.79083109e-01 4.31952447e-01
    1.08993590e-01 6.50010586e-01 6.67353690e-01 1.36092037e-01
    4.66593146e-01 3.35752964e-01 5.46168149e-01 5.83982110e-01
    6.26371264e-01 9.55406189e-01 5.80572069e-01 9.95340586e-01
    1.64775074e-01 1.01061434e-01 8.82435977e-01 7.89745569e-01
    5.24368048e-01 4.80370820e-02 3.32422376e-01 9.22894120e-01
    9.51205492e-01 9.91627336e-01 4.70929235e-01 5.64058244e-01
    9.28608537e-01 2.07307637e-02 9.46234822e-01 2.89005816e-01
    7.91464150e-02 4.02745992e-01 3.49319994e-01 5.23939967e-01
    9.88303304e-01 6.28859997e-01 5.12797713e-01 3.43488097e-01
    4.63947654e-03 9.06105161e-01 7.06236184e-01 5.55820167e-01
    9.37611818e-01 4.09102619e-01 1.44553810e-01 1.22073382e-01
    6.05131447e-01 1.45119488e-01 9.33216512e-01 7.92981386e-01
    5.54685175e-01 2.52434790e-01 6.20373785e-01 7.11716413e-01
    3.14537287e-02 4.23763394e-01 5.82770526e-01 3.81628275e-01
    8.71122241e-01 4.83610511e-01 7.09022403e-01 3.81033182e-01
    4.51994658e-01 6.98701024e-01 7.48899817e-01 4.96288240e-02
    3.56251359e-01 8.85143638e-01 4.09293324e-01 5.46690345e-01
    7.12427914e-01 9.87883210e-01 5.40424526e-01 8.06519985e-02
    2.28581727e-02 8.51720750e-01 9.13166881e-01 5.91939926e-01
    7.81186461e-01 7.35110164e-01 8.20585966e-01 9.74318564e-01
    2.26243734e-02 4.27947044e-01 9.06217933e-01 7.25167990e-02
    1.30891740e-01 5.25249302e-01 1.66875780e-01 1.13283068e-01
    6.50415957e-01 3.91293615e-01 9.39019918e-01 4.50621247e-01
    6.82561994e-01 8.81360590e-01 7.62676954e-01 1.84220135e-01
    8.09661627e-01 5.82941473e-01 4.94542718e-01 7.28999138e-01
    5.16903400e-01 9.01301503e-01 7.37026095e-01 5.98256826e-01
    3.91685247e-01 3.21960717e-01 6.76781714e-01 2.27373660e-01
    3.51443291e-01 9.35666323e-01 6.88315034e-01 6.45914674e-02
    5.47885001e-01 5.78743339e-01 7.97903657e-01 2.28425771e-01
    8.24359536e-01 9.90660131e-01 8.89436901e-01 7.05371737e-01
    7.38147557e-01 9.18008924e-01 6.77910626e-01 9.27287936e-01
    3.67450118e-02 4.49496984e-01 5.44640005e-01 3.22942674e-01
    4.76976514e-01 4.12266314e-01 1.34827405e-01 5.78764379e-02
    5.06566763e-01 2.68834263e-01 1.47053599e-02 5.89303553e-01
    4.91022110e-01 3.36175770e-01 4.69824463e-01 8.58830512e-02
    3.86574686e-01 8.36850882e-01 7.12771773e-01 8.84671211e-01
    5.47561705e-01 9.97919679e-01 3.18050385e-04 2.02272892e-01
    3.46669137e-01 4.94347423e-01 4.33521837e-01 3.54820490e-03
    2.63647527e-01 4.62914139e-01 6.54575586e-01 2.76877105e-01
    4.69142288e-01 7.03682065e-01 3.42124045e-01 5.38113058e-01
    4.56995010e-01 3.83090854e-01 2.69090831e-02 3.03680897e-01
    2.31278449e-01 7.48398781e-01 1.09220028e-01 7.88501561e-01
    1.66071534e-01 6.78571939e-01 1.31629705e-02 5.31227112e-01
    6.52439415e-01 2.46374428e-01 1.72062486e-01 3.29033494e-01
    7.59629846e-01 8.46003056e-01 3.50153655e-01 3.82125437e-01
    2.53686666e-01 2.02304065e-01 2.41844118e-01 3.02379429e-02
    1.70606405e-01 1.06514305e-01 1.42205298e-01 1.82963997e-01
    4.03900325e-01 8.43652725e-01 5.99588275e-01 4.94149268e-01
    7.57666349e-01 9.47745681e-01 3.89830470e-01 3.86701107e-01
    7.56636858e-01 6.60810709e-01 3.28172565e-01 9.82199311e-01
    2.83015668e-01 1.58718377e-01 3.97735864e-01 4.10335720e-01
    3.74059021e-01 3.76867622e-01 6.44038618e-02 4.25381243e-01
    5.06397724e-01 4.74752396e-01 2.43139714e-01 2.08368808e-01
    2.63395905e-03 7.02297330e-01 3.84429842e-01 3.72562319e-01
    8.04674327e-01 3.38537633e-01 1.52381092e-01 5.06851256e-01
    5.58458865e-02 9.50536966e-01 3.78264427e-01 4.85397488e-01
    1.58101469e-01 8.22023630e-01 3.55686843e-02 6.18479490e-01
    2.59095430e-03 9.96760249e-01 7.29609311e-01 7.05668211e-01
    3.49287152e-01 4.15631801e-01 4.63524759e-02 4.66890931e-02
    7.65093863e-01 3.69358361e-02 5.13653457e-01 8.45967829e-01
    2.66958416e-01 8.73750746e-01 1.07468396e-01 7.82507896e-01
    6.61609888e-01 2.53278315e-02 7.11539865e-01 9.63011920e-01
    4.06650513e-01 7.02212393e-01 2.99189210e-01 2.97721922e-01
    8.26095283e-01 4.38274980e-01 7.32019186e-01 4.76162136e-01
    9.65334594e-01 2.43066251e-01 7.22953558e-01 1.07021540e-01
    7.67808557e-01 7.77764797e-01 6.16620541e-01 5.70040584e-01
    2.85445094e-01 4.33611393e-01 1.62547886e-01 4.29381818e-01
    4.16261196e-01 9.81207013e-01 9.37464237e-01 8.41542780e-02
    7.57852852e-01 2.95535326e-02 4.27169442e-01 4.16286379e-01
    1.08302981e-01 2.13452518e-01 2.55533308e-01 8.79555345e-01
    1.51707530e-02 9.05065179e-01 9.61244285e-01 5.92491627e-01
    2.67752707e-02 3.60378444e-01 2.44822294e-01 4.95118052e-01
    5.60136795e-01 6.55943990e-01 8.57021689e-01 9.10466313e-02
    1.46330029e-01 3.50792319e-01 8.20467949e-01 4.32650834e-01
    5.54282665e-01 2.50638664e-01 7.15224385e-01 7.01454163e-01
    9.38110828e-01 2.56172985e-01 7.26684093e-01 4.70274687e-03
    2.92733073e-01 4.33492690e-01 6.08079672e-01 3.66152495e-01
    1.94488674e-01 9.90057528e-01 5.37522614e-01 3.70410204e-01
    8.34703028e-01 9.21033859e-01 5.60178161e-02 7.20783651e-01
    7.44377434e-01 3.00521791e-01 2.53482521e-01 7.74981380e-02
    6.47657871e-01 7.83250391e-01 9.01996732e-01 3.32177818e-01
    6.77738965e-01 1.03477359e-01 3.97874117e-01 9.19416785e-01
    4.39456880e-01 4.29974735e-01 4.92255330e-01 7.04462707e-01
    7.93204963e-01 7.64640391e-01 7.69615173e-01 8.04514766e-01
    7.63273120e-01 5.18693030e-01 3.77285480e-03 7.50385880e-01
    7.58284569e-01 9.30304885e-01 1.66875780e-01 1.13283068e-01
    6.50415957e-01 3.91293615e-01 9.39019918e-01 4.50621247e-01
    6.82561994e-01 8.81360590e-01 7.62676954e-01 1.84220135e-01
    8.09661627e-01 5.82941473e-01 4.94542718e-01 7.28999138e-01
    5.16903400e-01 9.01301503e-01 7.37026095e-01 5.98256826e-01
    2.57178485e-01 3.82834077e-01 9.37634110e-01 5.09162545e-01
    2.54322112e-01 9.81472790e-01 1.24854058e-01 5.93407154e-01
    2.89746225e-02 3.20885360e-01 5.66042542e-01 3.47130746e-01
    1.52552068e-01 8.91828597e-01 8.35942149e-01 8.87639523e-01
    5.41724086e-01 9.08865333e-01 1.34129226e-01 7.63088346e-01
    2.58255959e-01 9.08538699e-01 8.91846716e-01 9.00175035e-01
    8.03586841e-03 4.10214752e-01 7.85377145e-01 6.48909807e-01
    6.97776675e-03 5.32453060e-01 7.48779058e-01 1.83527410e-01
    1.44269466e-01 2.48928398e-01 9.07461047e-01 3.62707078e-02
    7.20075965e-01 3.09148371e-01 7.62223482e-01 1.65776342e-01
    8.53311419e-02 9.37304378e-01 2.59352088e-01 9.88384306e-01
    7.12012649e-01 8.06644082e-01 8.14115524e-01 4.93889093e-01
    7.48064280e-01 2.57714242e-01 7.47546315e-01 7.98448682e-01
    3.35838795e-01 9.62212205e-01 6.23667717e-01 4.90416914e-01
    7.37102270e-01 5.69438934e-03 1.90514714e-01 1.70797080e-01
    3.78503501e-01 7.22043455e-01 8.60956967e-01 5.37566602e-01
    4.30590451e-01 4.96772796e-01 2.05594897e-02 7.01495171e-01
    1.65128499e-01 9.00916517e-01 7.21751153e-01 8.71869087e-01
    5.74201226e-01 3.51357758e-01 7.86600709e-02 3.89720798e-02
    1.08908743e-01 3.79302323e-01 7.89905012e-01 3.83094311e-01
    1.94682539e-01 8.52802396e-03 4.95460331e-02 8.34129810e-01
    6.35856926e-01 4.05439556e-01 9.18669462e-01 7.99373269e-01
    2.05279320e-01 7.07692862e-01 5.80513537e-01 4.81913805e-01
    4.70312119e-01 4.02250409e-01 7.70467222e-02 9.19102907e-01
    4.26296949e-01 2.89641440e-01 7.61767745e-01 2.95070887e-01
    4.59072858e-01 5.07118702e-01 6.87172771e-01 4.54597980e-01
    6.34337842e-01 3.63250315e-01 8.16002488e-01 9.86207187e-01
    2.08325088e-02 5.42635202e-01 8.09550881e-02 8.54660332e-01
    5.95491588e-01 1.86197400e-01 9.75558519e-01 3.40691507e-02
    9.15970385e-01 1.99457049e-01 8.81449223e-01 2.43863314e-01
    2.53158212e-01 7.40697622e-01 3.38797957e-01 6.57781124e-01
    5.66918492e-01 9.91214633e-01 5.33419013e-01 1.48365468e-01
    3.61553431e-01 8.87292206e-01 7.74759293e-01 8.04503441e-01
    3.32980812e-01 8.32777500e-01 3.92601490e-02 1.81212336e-01
    4.17449743e-01 3.19360137e-01 8.80973041e-02 5.76116920e-01
    7.99969137e-01 1.46992832e-01 2.84339249e-01 8.74658942e-01
    8.54248643e-01 3.65274251e-02 7.98900723e-01 2.71103203e-01
    9.93557692e-01 7.82817602e-01 7.41823792e-01 9.66415405e-02
    8.17229927e-01 9.56229091e-01 1.68863297e-01 4.04219896e-01
    6.11573458e-04 2.30420858e-01 1.26233637e-01 4.41114277e-01
    1.43880576e-01 1.52194887e-01 3.14314365e-01 1.69582218e-01
    3.59224081e-01 4.13604736e-01 3.83832395e-01 9.20738041e-01
    1.76641524e-01 3.17335427e-01 4.76293296e-01 3.56035411e-01
    2.54374355e-01 9.50251818e-01 9.72731948e-01 6.09350324e-01
    6.64173722e-01 3.65707815e-01 8.70902777e-01 2.98822910e-01
    4.65788543e-02 2.75177777e-01 1.16213948e-01 6.23440921e-01
    4.42961067e-01 5.99331617e-01 7.37578452e-01 6.19726181e-01
    5.28916419e-01 2.78345346e-01 2.65973538e-01 3.87388200e-01
    2.96454430e-01 2.87854284e-01 9.34412122e-01 3.08302820e-01
    5.98100722e-01 3.16841781e-01 8.56598377e-01 2.17188537e-01
    7.39316225e-01 8.30990672e-02 9.41776335e-01 7.67222404e-01
    3.37843537e-01 4.54072267e-01 3.59220117e-01 7.99122453e-01
    8.59533906e-01 2.22769707e-01 5.88188767e-02 1.11908108e-01
    4.59825486e-01 7.74841249e-01 5.69590151e-01 7.88368881e-02
    6.79879546e-01 6.73002541e-01 4.25839961e-01 5.42586923e-01
    2.13831812e-01 3.63194644e-02 1.93969965e-01 5.85166812e-01
    6.80478215e-01 6.52701974e-01 8.89782906e-02 7.16082811e-01
    5.83030462e-01 3.18271071e-01 1.95090085e-01 9.73735750e-02
    8.53768468e-01 1.54549539e-01 5.73656261e-01 8.05558443e-01
    7.16253877e-01 5.99332094e-01 9.51816440e-01 1.48249120e-01
    5.62850058e-01 6.63035989e-01 2.50336766e-01 8.83895278e-01
    5.91977239e-01 8.47029805e-01 3.42548072e-01 5.62808275e-01
    6.12812638e-01 4.17818904e-01 5.21510661e-01 7.52232671e-01
    6.56267822e-01 1.00052565e-01 4.86232579e-01 8.01598728e-02
    2.57178485e-01 3.82834077e-01 9.37634110e-01 5.09162545e-01
    2.54322112e-01 9.81472790e-01 1.24854058e-01 5.93407154e-01
    2.89746225e-02 3.20885360e-01 5.66042542e-01 3.47130746e-01
    1.52552068e-01 8.91828597e-01 8.35942149e-01 8.87639523e-01
    5.41724086e-01 9.08865333e-01 3.95058244e-01 2.70359397e-01
    3.46563518e-01 5.33162534e-01 4.74078745e-01 6.56737506e-01
    7.75758505e-01 7.30740011e-01 7.70214498e-01 3.42568517e-01
    6.96693778e-01 9.66171741e-01 1.14429295e-02 9.42289531e-02
    6.84959590e-01 8.41347873e-02 6.67301953e-01 8.50610018e-01
    8.37686360e-02 5.79984963e-01 9.64629829e-01 5.11878967e-01
    1.44035757e-01 3.73817831e-01 2.74649113e-01 9.37902331e-01
    9.29429412e-01 8.93416405e-02 7.77312398e-01 5.73769391e-01
    4.53868687e-01 4.38329816e-01 7.45010078e-01 1.64294422e-01
    9.00655031e-01 8.42794776e-02 3.32532853e-01 8.03663194e-01
    4.95377183e-02 1.24858886e-01 6.83126807e-01 6.89761519e-01
    6.02163017e-01 7.74583817e-01 3.92616838e-01 3.75536770e-01
    1.22892559e-02 1.74214035e-01 6.25287652e-01 7.42379069e-01
    3.63208652e-01 4.22945023e-01 5.00273108e-01 5.87839901e-01
    3.80660087e-01 2.99782217e-01 2.25350916e-01 2.01827407e-01
    3.29431593e-01 2.10955203e-01 1.42652988e-02 4.34761465e-01
    8.29075098e-01 2.71273881e-01 9.80409086e-01 3.50780070e-01
    5.64103603e-01 8.47136497e-01 6.77150607e-01 7.09293485e-02
    5.64825058e-01 4.01902765e-01 5.29543340e-01 1.63504958e-01
    7.17523396e-02 1.15902305e-01 9.48196948e-02 5.25862336e-01
    9.22841311e-01 5.05334139e-03 3.17984521e-01 3.94872069e-01
    4.38066840e-01 1.01271898e-01 9.84341860e-01 7.41641521e-01
    2.92351246e-02 8.86080980e-01 4.13070440e-01 9.67470229e-01
    6.25560403e-01 7.02684581e-01 4.00153697e-02 6.96508467e-01
    8.35319042e-01 5.69028616e-01 5.87563813e-02 1.69067383e-02
    7.55175829e-01 1.92984402e-01 2.26322711e-01 8.36984694e-01
    6.43836975e-01 6.21017039e-01 2.45396286e-01 4.24614668e-01
    2.35774994e-01 6.67506754e-01 4.66161758e-01 8.68694484e-01
    5.46732724e-01 9.88393724e-01 9.01631355e-01 9.83875751e-01
    6.00177050e-03 3.29293519e-01 2.01225430e-01 7.76493251e-02
    4.94898170e-01 1.35889053e-02 9.21236038e-01 3.80080402e-01
    6.00213706e-01 3.48561049e-01 4.14967746e-01 9.02679443e-01
    3.16878855e-01 8.29799712e-01 5.91359198e-01 9.53383505e-01
    6.18519485e-01 1.58678710e-01 4.58117843e-01 5.77192724e-01
    6.31721497e-01 6.79778218e-01 2.47079819e-01 3.26795816e-01
    9.76194143e-01 7.44889736e-01 3.80438983e-01 5.38162887e-01
    4.32003647e-01 8.15418959e-01 1.51673704e-01 1.19672120e-01
    8.98525476e-01 4.60031211e-01 3.29878598e-01 4.65632021e-01
    8.61973286e-01 5.66595078e-01 3.80513281e-01 3.67583454e-01
    1.70345515e-01 2.42080241e-01 7.03956068e-01 3.32352579e-01
    6.74768031e-01 7.54258513e-01 9.77847219e-01 8.41195107e-01
    1.24176055e-01 6.48059368e-01 1.20193779e-01 4.19878781e-01
    4.78077233e-01 1.47640407e-01 1.57843828e-02 3.80625427e-01
    8.21324408e-01 8.44433069e-01 9.23137188e-01 5.20552039e-01
    4.38640118e-02 1.28290743e-01 6.66703880e-01 3.03399324e-01
    9.83473718e-01 8.45864415e-01 6.73025131e-01 6.96939528e-02
    1.53202057e-01 4.19835180e-01 8.12347889e-01 9.93835509e-01
    8.16374838e-01 1.39650822e-01 7.82104075e-01 4.60373163e-02
    6.45714700e-01 3.08691800e-01 9.66388285e-02 2.83270240e-01
    6.03766441e-02 2.65801579e-01 9.56824005e-01 7.14850426e-02
    5.61960101e-01 5.07998347e-01 9.15426910e-01 5.13096035e-01
    2.15339899e-01 2.99580514e-01 9.88802671e-01 5.16704023e-02
    3.73793542e-02 1.30592167e-01 8.15968633e-01 1.16966814e-01
    1.60990238e-01 6.12491488e-01 9.33947027e-01 1.44643784e-02
    7.44105399e-01 3.91773164e-01 2.28479266e-01 3.22206408e-01
    4.79299337e-01 7.62119651e-01 1.85956031e-01 2.78465629e-01
    1.15695983e-01 3.88324261e-05 8.67264032e-01 7.91523933e-01
    9.28959131e-01 3.19272757e-01 7.74929643e-01 4.52433109e-01
    8.57812285e-01 5.22317469e-01 8.80854964e-01 3.89008015e-01
    7.45378256e-01 9.96301293e-01 8.91663432e-01 4.82216984e-01
    4.55626667e-01 3.33556563e-01 2.63583481e-01 1.27072543e-01
    8.14663708e-01 9.34636056e-01 4.33742553e-01 5.84238529e-01
    4.76931632e-02 4.06329274e-01 3.48314732e-01 5.86619079e-02
    3.18054676e-01 9.67415094e-01 1.38773918e-01 3.76955628e-01
    1.52431250e-01 1.45279408e-01 3.95058244e-01 2.70359397e-01
    3.46563518e-01 5.33162534e-01 4.74078745e-01 6.56737506e-01
    7.75758505e-01 7.30740011e-01 7.70214498e-01 3.42568517e-01
    6.96693778e-01 9.66171741e-01 1.14429295e-02 9.42289531e-02
    6.84959590e-01 8.41347873e-02 6.67301953e-01 8.50610018e-01
    1.18145794e-01 6.63161814e-01 9.39813375e-01 8.67191494e-01
    3.71562243e-02 2.83435643e-01 1.70381159e-01 6.21258914e-01
    3.82862687e-01 1.08468503e-01 9.73289132e-01 3.43048811e-01
    5.40684044e-01 2.27878839e-01 5.81374764e-01 9.32663321e-01
    3.12794507e-01 9.73053277e-02 5.31250238e-03 1.36127234e-01
    5.05018234e-03 3.72801244e-01 5.35995483e-01 8.22439015e-01
    4.79174823e-01 2.12409049e-01 1.30145699e-01 6.95710838e-01
    9.60258782e-01 9.43876266e-01 2.94549286e-01 4.17309493e-01
    7.25266814e-01 4.88943011e-01 3.61513615e-01 4.22426760e-01
    8.44658077e-01 3.97148371e-01 7.68465996e-01 8.69337440e-01
    1.17378026e-01 8.02797914e-01 6.06541693e-01 5.02122760e-01
    5.94600737e-01 2.01744765e-01 8.98689270e-01 1.96320891e-01
    8.19890499e-01 5.80800414e-01 1.00768566e-01 1.19723678e-02
    2.43418843e-01 5.35254121e-01 6.53962612e-01 4.35135424e-01
    8.94679070e-01 5.93474448e-01 3.23497415e-01 9.55472887e-01
    8.44023287e-01 7.32445121e-02 8.07067275e-01 5.21725893e-01
    8.31514895e-02 1.95179403e-01 5.41354537e-01 2.67613560e-01
    2.20531583e-01 4.65437889e-01 3.97411197e-01 2.76729167e-01
    5.14829040e-01 3.78599852e-01 3.99265528e-01 1.26459569e-01
    1.22523010e-01 4.85160142e-01 1.00546777e-01 3.07268500e-01
    5.55419028e-01 4.41848874e-01 3.18888485e-01 5.59226573e-02
    3.19401264e-01 9.57185030e-03 4.43306237e-01 3.71608734e-02
    3.36988151e-01 9.43958282e-01 2.13557512e-01 7.05887437e-01
    8.44092011e-01 5.89617014e-01 7.52637625e-01 1.28809482e-01
    1.39570981e-01 8.72467041e-01 9.84675109e-01 1.22729391e-01
    3.47421765e-01 5.01161337e-01 8.40620399e-01 5.58337629e-01
    3.66855025e-01 8.43678951e-01 4.17665839e-01 4.73876923e-01
    7.59978831e-01 9.82743084e-01 4.49102312e-01 9.16092157e-01
    6.41900122e-01 4.45249707e-01 8.74166965e-01 4.34696674e-03
    2.38108754e-01 7.72163749e-01 1.45476669e-01 4.13040578e-01
    1.99873298e-01 8.14908087e-01 8.83433342e-01 1.43069744e-01
    8.91282320e-01 8.58339310e-01 2.12425768e-01 1.63668424e-01
    8.83426785e-01 6.06112421e-01 3.86570066e-01 6.06851041e-01
    9.85241413e-01 8.73412311e-01 8.12821329e-01 1.28304869e-01
    2.75780916e-01 5.29756606e-01 6.99894071e-01 5.10513783e-03
    1.19090378e-01 1.07944906e-02 6.49008155e-02 3.56335878e-01
    3.14066112e-02 2.24952221e-01 8.94324899e-01 5.44238508e-01
    1.30178034e-01 7.96759784e-01 8.22170615e-01 4.00147170e-01
    3.37897658e-01 9.53037322e-01 4.04888988e-01 1.90020710e-01
    9.83984232e-01 1.12400055e-01 7.83533573e-01 2.73551941e-02
    7.70235181e-01 2.82738328e-01 8.46597672e-01 8.78389776e-01
    6.43607736e-01 4.96938735e-01 4.99454081e-01 2.88802207e-01
    6.14683688e-01 2.17634737e-02 6.15177393e-01 7.95209527e-01
    3.00864279e-02 9.62947488e-01 7.49082923e-01 2.51157135e-01
    4.83944118e-01 7.71130443e-01 5.10497689e-01 8.10835361e-01
    3.70267332e-01 1.65977776e-02 5.97579062e-01 4.52219725e-01
    1.68537289e-01 5.20315409e-01 8.35207343e-01 4.11404818e-01
    5.49387634e-02 2.86123514e-01 4.16763395e-01 6.44253075e-01
    1.83386505e-02 6.61514521e-01 7.80571818e-01 5.56936026e-01
    1.83344781e-01 1.14922911e-01 6.52416348e-01 4.12563682e-01
    9.38573480e-01 9.16061044e-01 2.32821256e-01 5.63161612e-01
    3.40266526e-01 5.25207162e-01 3.63264740e-01 9.05794859e-01
    9.02084112e-01 8.03285241e-01 1.76025212e-01 4.53949630e-01
    2.72563040e-01 1.51298016e-01 9.99719203e-01 9.36456561e-01
    1.53781295e-01 1.83250904e-01 4.43327159e-01 2.05771953e-01
    8.16138506e-01 1.97134227e-01 7.38236904e-01 8.52876902e-01
    8.26373219e-01 8.29784989e-01 3.23345602e-01 4.72877264e-01
    2.96939075e-01 1.00976288e-01 8.51325989e-01 7.70878792e-03
    2.07969695e-01 4.79036212e-01 3.26674104e-01 7.43065178e-02
    8.55455458e-01 2.44948834e-01 2.76484609e-01 1.38976097e-01
    6.11940801e-01 1.95461810e-01 2.95973003e-01 7.73136973e-01
    6.12287104e-01 5.19074440e-01 9.75370526e-01 8.89316678e-01
    6.00166619e-02 2.00371951e-01 6.63176537e-01 9.02759671e-01
    5.02748370e-01 3.21617663e-01 7.23045945e-01 9.46942270e-02
    1.18145794e-01 6.63161814e-01 9.39813375e-01 8.67191494e-01
    3.71562243e-02 2.83435643e-01 1.70381159e-01 6.21258914e-01
    3.82862687e-01 1.08468503e-01 9.73289132e-01 3.43048811e-01
    5.40684044e-01 2.27878839e-01 5.81374764e-01 9.32663321e-01
    3.12794507e-01 9.73053277e-02 4.32483256e-02 2.42080212e-01
    5.16135156e-01 2.04396546e-02 9.69716668e-01 8.05098057e-01
    8.39820623e-01 1.57191396e-01 4.90160286e-01 4.43233013e-01
    2.76344240e-01 1.90609723e-01 4.80963945e-01 1.58769488e-02
    5.06244719e-01 9.92511868e-01 8.32255244e-01 3.96349132e-02
    9.35029387e-01 5.05556524e-01 3.35513353e-02 2.08357483e-01
    6.05038464e-01 1.42733246e-01 7.16450512e-02 6.20135725e-01
    6.63400054e-01 6.76353216e-01 7.35011935e-01 3.42718959e-01
    4.57416087e-01 1.23680830e-01 2.01454848e-01 2.72503614e-01
    5.92059791e-01 7.90683270e-01 8.49308670e-02 4.19694275e-01
    9.84045029e-01 2.54241824e-01 8.27236772e-01 5.50028026e-01
    7.37529814e-01 8.60709667e-01 2.69319713e-02 8.48478675e-01
    9.13249135e-01 4.96296734e-01 8.38122249e-01 3.85849059e-01
    1.93837106e-01 9.81691480e-01 1.00071132e-02 5.54584384e-01
    9.46656466e-02 4.41519618e-01 8.30377638e-01 3.06945026e-01
    1.76550806e-01 1.94530785e-02 5.25278270e-01 3.88332427e-01
    8.62182677e-01 2.34362751e-01 7.07156181e-01 5.65273702e-01
    5.63753426e-01 7.68299103e-01 6.14525139e-01 8.56194198e-01
    8.26353252e-01 3.71198535e-01 2.40897477e-01 3.06650430e-01
    3.33519638e-01 6.02850318e-02 8.35876822e-01 1.61812037e-01
    3.44130844e-01 9.54697609e-01 7.77037501e-01 6.58075213e-02
    4.52137142e-01 4.75057453e-01 6.46722198e-01 1.70488507e-01
    3.34047258e-01 1.52701706e-01 1.26679718e-01 9.55455124e-01
    3.19792092e-01 3.26151252e-02 8.06834459e-01 5.52647769e-01
    5.28670847e-02 4.77845848e-01 8.63812864e-01 9.84547138e-01
    4.16962177e-01 8.47564638e-02 4.96841669e-02 6.72661185e-01
    3.57796133e-01 6.65213346e-01 9.42446589e-01 2.53873348e-01
    6.09808087e-01 2.73735464e-01 5.75180948e-02 2.50855625e-01
    6.07764065e-01 8.97997320e-02 9.50834274e-01 4.94376242e-01
    2.83486038e-01 9.01852965e-01 9.87094998e-01 9.11515951e-01
    5.61529696e-01 7.64813423e-01 5.23869216e-01 9.39029336e-01
    1.58347756e-01 7.31035411e-01 6.64438665e-01 3.62998962e-01
    2.42143273e-01 9.44338858e-01 6.81610465e-01 6.26065671e-01
    8.86251450e-01 4.48865414e-01 5.65170586e-01 1.68004662e-01
    8.19888592e-01 1.75073028e-01 2.22978115e-01 3.57161343e-01
    7.51065791e-01 6.49948239e-01 1.11487269e-01 7.58292437e-01
    8.68135691e-01 3.19476008e-01 3.23431313e-01 9.72729802e-01
    3.85218203e-01 6.41788006e-01 7.60215998e-01 3.92005533e-01
    2.89132357e-01 9.04883862e-01 1.60009533e-01 1.96257889e-01
    5.97110450e-01 4.07765836e-01 6.82264447e-01 7.33242810e-01
    4.00769144e-01 6.93825483e-02 4.89024520e-01 7.51245201e-01
    1.28664136e-01 4.80115414e-02 7.57121563e-01 4.30018604e-02
    6.92630827e-01 7.54989386e-02 8.22894573e-01 2.31379271e-02
    5.84931493e-01 2.73908794e-01 1.29869789e-01 4.41213697e-01
    3.03904176e-01 2.22473413e-01 2.81384259e-01 9.55260754e-01
    6.96238518e-01 5.05660236e-01 5.44452310e-01 9.13632512e-01
    8.54513764e-01 6.00235641e-01 1.08951539e-01 6.73652172e-01
    4.29214716e-01 4.48537230e-01 3.23837996e-01 5.67800224e-01
    3.27389538e-02 8.70608568e-01 7.34587431e-01 2.79570818e-02
    3.10264647e-01 2.68940926e-02 9.91361678e-01 3.36392105e-01
    1.22429579e-01 9.62295055e-01 5.23719370e-01 7.76082873e-02
    7.55566001e-01 1.95755243e-01 1.84521228e-01 6.54384136e-01
    2.59131193e-03 6.09391451e-01 2.99628764e-01 1.77852213e-02
    7.36210346e-02 7.91307032e-01 6.69837594e-02 9.73887742e-02
    7.78627396e-01 8.80278468e-01 8.62889051e-01 5.32107234e-01
    7.33830571e-01 9.79914546e-01 6.91466689e-01 3.41884553e-01
    2.84784377e-01 4.82367545e-01 6.80663645e-01 9.11295414e-01
    3.64926308e-01 4.87280935e-01 9.13000822e-01 5.88790417e-01
    1.54920042e-01 4.30507809e-01 2.76337981e-01 9.09206748e-01
    3.43061864e-01 8.86394501e-01 7.25171506e-01 3.89546692e-01
    2.93340385e-01 7.44531095e-01 7.84995079e-01 4.26250041e-01
    2.03637987e-01 9.26116586e-01 3.97194028e-02 1.58837497e-01
    1.82028919e-01 8.35002363e-02 2.68647850e-01 4.31898296e-01
    3.37582678e-01 6.06899440e-01 6.60527110e-01 4.99828458e-01
    6.84511900e-01 2.93927282e-01 4.32483256e-02 2.42080212e-01
    5.16135156e-01 2.04396546e-02 9.69716668e-01 8.05098057e-01
    8.39820623e-01 1.57191396e-01 4.90160286e-01 4.43233013e-01
    2.76344240e-01 1.90609723e-01 4.80963945e-01 1.58769488e-02
    5.06244719e-01 9.92511868e-01 8.32255244e-01 3.96349132e-02
    1.30347759e-01 9.16694283e-01 9.73948598e-01 2.29793817e-01
    5.09449244e-01 7.59783983e-01 6.88120008e-01 4.84316707e-01
    7.00959206e-01 3.12418729e-01 6.66524768e-02 6.26965225e-01
    8.39234054e-01 1.78842753e-01 1.71907991e-01 7.15072513e-01
    4.87384200e-03 2.42172450e-01 1.32800400e-01 6.48075581e-01
    6.87751651e-01 3.91951114e-01 3.37294042e-02 9.05739665e-02
    4.14625108e-01 8.10164452e-01 9.31635261e-01 6.08615339e-01
    7.11647332e-01 4.99025583e-02 4.44598496e-01 3.96202505e-01
    2.59780109e-01 6.95291638e-01 3.43122780e-01 2.47375786e-01
    5.95034957e-02 1.56693190e-01 4.28855896e-01 9.10427213e-01
    4.44905639e-01 3.21423262e-01 4.98369694e-01 5.02018034e-01
    8.17140937e-02 3.90949667e-01 7.06217289e-01 2.32380003e-01
    2.18976796e-01 1.70536399e-01 9.62029576e-01 4.05407220e-01
    2.73331881e-01 4.78830755e-01 1.62019134e-02 2.64754891e-01
    2.93432772e-02 9.15494204e-01 8.28065574e-02 9.30014312e-01
    1.61090970e-01 1.55470550e-01 3.80420268e-01 7.93338835e-01
    6.01447701e-01 3.05256546e-01 1.65133357e-01 6.04297757e-01
    9.34878111e-01 3.57834876e-01 6.80353045e-01 2.48510092e-01
    3.42649490e-01 8.57636392e-01 4.92008716e-01 7.74757266e-01
    8.67915154e-02 8.24574471e-01 3.52761596e-01 4.32428896e-01
    2.11814642e-02 1.53991550e-01 5.41182041e-01 6.02342308e-01
    6.37553692e-01 5.71549714e-01 6.00250721e-01 9.93420362e-01
    9.82213497e-01 1.89207107e-01 3.12078536e-01 1.75124496e-01
    7.18463123e-01 9.84874725e-01 2.30032295e-01 3.09313089e-01
    6.05912745e-01 7.48217463e-01 6.82829201e-01 3.06142747e-01
    4.53658402e-01 1.76248610e-01 4.41819429e-01 8.77277315e-01
    1.03412807e-01 4.93753642e-01 1.63950592e-01 2.25293219e-01
    6.00481451e-01 4.29538190e-02 1.84446633e-01 6.91163898e-01
    6.16146386e-01 6.24370873e-02 7.08222747e-01 9.83924687e-01
    5.56369305e-01 7.85120726e-01 5.62455475e-01 1.05462551e-01
    8.04437399e-01 3.94876152e-01 8.33761096e-02 4.74313945e-01
    6.32494032e-01 7.30087042e-01 3.32199365e-01 9.58329201e-01
    4.20893610e-01 5.60079217e-01 7.59627819e-01 8.29840779e-01
    1.68283761e-01 1.82634354e-01 8.99177551e-01 8.04609179e-01
    1.53740585e-01 6.97606266e-01 6.69649184e-01 9.81207490e-02
    4.69505727e-01 3.31902921e-01 4.83934313e-01 5.13426006e-01
    1.16051137e-01 1.88398570e-01 2.86820889e-01 8.89682770e-01
    9.69373107e-01 8.12379658e-01 3.48764867e-01 8.81263614e-01
    6.72549665e-01 5.00957131e-01 9.83087480e-01 6.17156684e-01
    8.26405644e-01 8.74345541e-01 2.29389668e-01 4.97774452e-01
    5.53695083e-01 5.72108507e-01 1.49935722e-01 9.73192692e-01
    1.51433498e-01 9.11182523e-01 1.32850498e-01 1.65870100e-01
    5.63284993e-01 5.13459206e-01 3.78838837e-01 9.26450968e-01
    4.59846407e-01 5.66244662e-01 9.28627193e-01 6.10046804e-01
    5.53659081e-01 7.64187932e-01 3.88645202e-01 7.02409625e-01
    2.74787128e-01 9.80168581e-03 7.11886406e-01 8.55004311e-01
    6.77995205e-01 7.64731944e-01 8.26372743e-01 2.76941419e-01
    3.47253501e-01 9.35764730e-01 9.30954039e-01 7.28115678e-01
    3.97539318e-01 6.11550808e-02 8.86156678e-01 8.60310495e-02
    6.52660072e-01 9.65723693e-01 8.10389042e-01 3.27104688e-01
    4.90916133e-01 8.18817019e-02 9.19229627e-01 5.65262794e-01
    6.66336298e-01 4.43816513e-01 7.82209873e-01 1.70246363e-01
    3.29330266e-01 6.73843682e-01 6.82868540e-01 9.55458999e-01
    4.98551041e-01 6.19544387e-02 3.09479296e-01 3.72561932e-01
    6.05750263e-01 8.37077498e-01 4.43193942e-01 6.84961796e-01
    7.66280472e-01 5.79866469e-01 9.03275847e-01 3.46521795e-01
    5.13300300e-03 9.55700040e-01 7.29191959e-01 1.80811912e-01
    9.43651795e-03 4.26001668e-01 9.56887960e-01 9.13306177e-02
    6.82484806e-01 5.21125615e-01 6.31548464e-01 1.18924081e-02
    5.06550431e-01 5.57503998e-01 6.15217865e-01 1.52070522e-02
    3.79591405e-01 4.93614048e-01 2.05820769e-01 4.13110971e-01
    5.89006662e-01 8.30907226e-01 9.65180397e-01 6.38009191e-01
    3.62813830e-01 6.68293297e-01 1.02946848e-01 6.32343590e-02
    8.37433636e-02 7.10816443e-01 7.57716894e-02 4.54224199e-01
    1.30347759e-01 9.16694283e-01 9.73948598e-01 2.29793817e-01
    5.09449244e-01 7.59783983e-01 6.88120008e-01 4.84316707e-01
    7.00959206e-01 3.12418729e-01 6.66524768e-02 6.26965225e-01
    8.39234054e-01 1.78842753e-01 1.71907991e-01 7.15072513e-01
    4.87384200e-03 2.42172450e-01 7.13586390e-01 9.41900969e-01
    9.08621550e-01 8.15872550e-01 2.17422336e-01 2.93029130e-01
    8.88649464e-01 6.13491893e-01 3.80757153e-01 8.72430563e-01
    9.89480972e-01 8.09936702e-01 5.93999922e-02 7.35526621e-01
    9.66081262e-01 4.52631474e-01 6.76822841e-01 7.97149837e-02
    7.55995512e-02 3.05517912e-01 8.90849829e-01 5.46983302e-01
    1.72150135e-03 9.62373793e-01 1.62387580e-01 3.41018200e-01
    9.25060272e-01 9.27888453e-02 5.50716162e-01 3.18490326e-01
    2.52503186e-01 3.65948439e-01 9.63434458e-01 8.29657853e-01
    4.62938279e-01 6.96772039e-01 1.55930728e-01 3.50320458e-01
    6.04497671e-01 7.61874795e-01 2.08731055e-01 1.44481093e-01
    8.17424655e-01 4.71131146e-01 2.47802138e-01 9.08949852e-01
    6.53461337e-01 7.98467934e-01 4.36993510e-01 9.90483403e-01
    2.12327093e-01 7.13564396e-01 6.24400616e-01 7.97291517e-01
    9.11449075e-01 4.39563781e-01 1.99595034e-01 3.80700439e-01
    4.60340351e-01 7.87961602e-01 6.62478745e-01 9.49951708e-02
    5.49329758e-01 6.05157793e-01 8.45411420e-01 7.22405851e-01
    6.32124364e-01 8.09858441e-01 7.89909124e-01 9.93376970e-02
    6.93120062e-01 1.37244672e-01 6.15181506e-01 2.06587136e-01
    6.85886919e-01 3.38302135e-01 1.44981563e-01 9.27887559e-01
    5.77995896e-01 2.64027655e-01 8.79710972e-01 7.31954098e-01
    7.28915453e-01 7.74664879e-02 5.38272262e-01 7.36249089e-01
    3.15800428e-01 2.07334042e-01 7.41730034e-02 7.23189116e-02
    1.52421087e-01 7.55020201e-01 9.18676734e-01 8.88592482e-01
    6.07372165e-01 9.73522663e-03 7.42215216e-01 2.79938161e-01
    5.54770231e-01 6.61919892e-01 4.17554617e-01 2.31572092e-02
    8.98396611e-01 3.45994473e-01 3.49753112e-01 2.94046044e-01
    9.52394307e-01 4.73871171e-01 4.45868403e-01 7.91545272e-01
    1.33955359e-01 5.65995812e-01 5.00481248e-01 6.05362952e-01
    6.00093842e-01 8.44746172e-01 8.33070993e-01 9.17399704e-01
    4.51170892e-01 7.70430923e-01 4.04081345e-02 2.95229971e-01
    9.80606198e-01 5.71034312e-01 8.90768766e-01 2.42734015e-01
    3.17531973e-01 6.84649527e-01 9.85092938e-01 1.06989831e-01
    1.44753665e-01 4.72252965e-02 7.99315453e-01 9.70092535e-01
    9.53297019e-01 7.73546875e-01 9.67156649e-01 1.39689922e-01
    2.05095768e-01 8.70653391e-01 8.88679743e-01 6.89744353e-01
    6.93053901e-02 4.86882418e-01 3.80455017e-01 5.57922602e-01
    6.34597898e-01 2.49773681e-01 3.69477332e-01 7.45920062e-01
    2.84548879e-01 4.36200291e-01 3.04004133e-01 9.65947568e-01
    1.42765760e-01 6.40880048e-01 9.10989940e-02 6.98623240e-01
    9.40911174e-02 7.63510287e-01 8.05009723e-01 5.66164255e-01
    9.12463546e-01 5.46147346e-01 5.17783344e-01 3.32089007e-01
    2.19675779e-01 4.46807265e-01 2.99660176e-01 3.16991091e-01
    5.74705541e-01 4.31675315e-02 4.31582183e-01 2.18537629e-01
    4.05982733e-02 7.71973431e-01 2.92728305e-01 6.43011749e-01
    5.21968007e-01 8.84450972e-02 6.70033693e-01 2.00719714e-01
    5.12219310e-01 5.00828743e-01 8.76184583e-01 7.59560466e-01
    2.85535425e-01 4.57507968e-02 3.80685270e-01 6.59752429e-01
    1.58719450e-01 6.85393810e-02 6.04838431e-01 3.21434885e-01
    7.54063129e-01 9.22897995e-01 2.74707258e-01 3.41442168e-01
    4.31135356e-01 1.85736865e-01 8.18207443e-01 7.34456480e-01
    4.14994776e-01 3.54429305e-01 1.10382706e-01 8.90111625e-01
    7.09685802e-01 9.48269308e-01 8.23472261e-01 3.53314668e-01
    1.77388191e-02 7.58223474e-01 9.99459386e-01 3.34082842e-01
    2.63261974e-01 6.96473718e-01 2.77489901e-01 4.55803871e-02
    7.13215292e-01 3.31932843e-01 6.55898809e-01 4.33480442e-02
    5.62317848e-01 8.49318326e-01 8.96486640e-01 7.46303201e-02
    1.88212633e-01 8.11344028e-01 5.74768543e-01 2.72617757e-01
    5.42873502e-01 2.46431172e-01 8.92380774e-02 5.37975073e-01
    8.22570205e-01 1.28517747e-01 4.56292927e-01 7.80113518e-01
    3.69259089e-01 6.22997701e-01 5.25426388e-01 5.52866161e-02
    3.87656271e-01 1.19442105e-01 4.37432826e-01 3.64321202e-01
    3.42151761e-01 4.96084422e-01 6.80158973e-01 2.11753875e-01
    1.97013527e-01 3.26135635e-01 7.57866681e-01 1.63468927e-01
    5.24443150e-01 9.10179257e-01 7.13586390e-01 9.41900969e-01
    9.08621550e-01 8.15872550e-01 2.17422336e-01 2.93029130e-01
    8.88649464e-01 6.13491893e-01 3.80757153e-01 8.72430563e-01
    9.89480972e-01 8.09936702e-01 5.93999922e-02 7.35526621e-01
    9.66081262e-01 4.52631474e-01 6.76822841e-01 7.97149837e-02
    9.54584539e-01 3.13635379e-01 9.62692738e-01 9.74402845e-01
    1.83001518e-01 4.40280676e-01 3.49957883e-01 5.78096390e-01
    3.13647121e-01 8.22557807e-01 4.39270318e-01 9.38828468e-01
    9.53741848e-01 2.84645736e-01 8.71996164e-01 4.54560518e-02
    4.21697497e-01 6.68119311e-01 4.34773058e-01 1.73065364e-02
    9.61066842e-01 3.96981657e-01 9.37918544e-01 9.11415637e-01
    3.38438988e-01 3.19592655e-01 3.74697596e-01 3.06169808e-01
    2.04118997e-01 8.92236948e-01 4.32026386e-02 3.65507692e-01
    5.41386247e-01 4.01556015e-01 4.27649349e-01 8.82548332e-01
    6.58104420e-01 6.17010832e-01 3.50034475e-01 7.26023018e-02
    6.59743786e-01 2.32462436e-01 5.81296086e-01 2.50634551e-01
    5.10211885e-02 2.25909024e-01 7.13863790e-01 1.16389602e-01
    5.26694596e-01 5.22442222e-01 3.78853381e-02 5.34612596e-01
    9.96542096e-01 2.51602530e-01 8.91453624e-01 9.75270152e-01
    2.27097571e-01 9.76283908e-01 5.13678193e-01 4.82648015e-01
    7.34581232e-01 3.28126848e-01 4.78749275e-02 6.83559597e-01
    6.55797064e-01 6.00850284e-01 8.84217262e-01 3.45160812e-01
    3.89505029e-01 5.16523242e-01 7.41290331e-01 4.44192529e-01
    7.50359774e-01 1.56347573e-01 4.83193815e-01 5.87619066e-01
    5.59732318e-01 7.99167871e-01 7.55901873e-01 2.08678246e-01
    5.78324378e-01 4.80960101e-01 6.33309722e-01 4.23809111e-01
    7.44963288e-01 5.11108994e-01 9.47445035e-01 2.25947589e-01
    1.45612389e-01 1.64398015e-01 6.86454952e-01 1.84029877e-01
    9.70406175e-01 9.22868729e-01 5.16784132e-01 6.35102034e-01
    2.39369631e-01 9.47394669e-01 8.31096172e-01 5.85187316e-01
    4.44136024e-01 8.10246110e-01 9.09182370e-01 7.10166097e-01
    4.84521985e-02 5.33421695e-01 2.24294186e-01 6.59090877e-02
    6.84248686e-01 3.23143840e-01 9.15056944e-01 2.18483508e-02
    1.01582140e-01 9.70900178e-01 3.58274281e-01 9.68914270e-01
    3.29557359e-01 6.75126016e-02 3.73938322e-01 2.19742745e-01
    8.83548319e-01 4.98067498e-01 3.87113988e-01 1.11377329e-01
    4.61611062e-01 7.61490405e-01 5.36286354e-01 2.08096713e-01
    4.86375868e-01 3.31172347e-03 8.80296469e-01 3.12378764e-01
    3.36331755e-01 1.87271208e-01 9.95937228e-01 4.28223401e-01
    7.18400002e-01 5.28118253e-01 5.99904656e-02 6.94618225e-01
    6.83535457e-01 2.27609277e-03 8.44350100e-01 7.01702237e-01
    2.95038819e-01 3.09150040e-01 4.20699716e-02 7.76221514e-01
    8.92121315e-01 3.07582796e-01 4.90434974e-01 3.34430695e-01
    6.69100165e-01 2.38296568e-01 4.39005792e-01 1.08412057e-01
    8.66711676e-01 7.97639191e-01 9.50826705e-02 7.10245609e-01
    9.27424073e-01 9.65911865e-01 7.91986465e-01 8.97405982e-01
    4.57464755e-02 2.03027695e-01 2.69321561e-01 9.55529213e-01
    9.28259373e-01 5.93337417e-01 3.26894492e-01 2.21319735e-01
    2.86859572e-02 7.11102307e-01 8.72916937e-01 7.04781473e-01
    5.35415113e-02 6.08675420e-01 8.40294719e-01 1.72352046e-01
    1.32619530e-01 7.06956565e-01 2.69866139e-01 2.01110721e-01
    7.77477145e-01 2.15029925e-01 1.59541875e-01 9.71479774e-01
    8.80236149e-01 7.03949332e-01 5.22255063e-01 4.91923213e-01
    4.82286811e-02 9.84193623e-01 4.74030346e-01 8.56513023e-01
    4.00954366e-01 5.60118735e-01 8.27460587e-02 2.04458654e-01
    9.23688233e-01 2.77076006e-01 7.17335880e-01 9.82939005e-01
    9.19209659e-01 1.57591283e-01 5.96781373e-01 8.89677882e-01
    3.62687469e-01 5.36238432e-01 2.31502533e-01 8.77142549e-02
    7.74415851e-01 8.38120937e-01 3.93272579e-01 4.61181611e-01
    7.98805535e-01 6.22495890e-01 5.15912175e-02 7.69918442e-01
    5.22646904e-02 3.88074160e-01 3.18527460e-01 7.74636030e-01
    3.80243123e-01 1.77348375e-01 6.86927855e-01 9.14050639e-02
    6.50355458e-01 2.30730742e-01 5.41048706e-01 8.41674745e-01
    9.34169769e-01 1.13174587e-01 2.68911034e-01 6.39938831e-01
    7.96875358e-01 7.58305788e-01 7.27074742e-01 2.94577837e-01
    4.76741344e-01 4.90317076e-01 7.03557312e-01 4.29627001e-01
    8.27976942e-01 9.68439221e-01 3.90094519e-02 8.24376941e-01
    9.80488360e-01 7.17881680e-01 7.72448778e-02 2.31568813e-02
    2.37515688e-01 7.57597208e-01 1.88741088e-02 3.72902095e-01
    9.54584539e-01 3.13635379e-01 9.62692738e-01 9.74402845e-01
    1.83001518e-01 4.40280676e-01 3.49957883e-01 5.78096390e-01
    3.13647121e-01 8.22557807e-01 4.39270318e-01 9.38828468e-01
    9.53741848e-01 2.84645736e-01 8.71996164e-01 4.54560518e-02
    4.21697497e-01 6.68119311e-01 5.77254176e-01 7.68987000e-01
    8.73138070e-01 2.18581110e-01 3.40203404e-01 6.14008844e-01
    2.94504881e-01 6.34402871e-01 8.91449332e-01 3.15886259e-01
    2.85444081e-01 8.25787365e-01 9.97621417e-01 9.85661626e-01
    1.69520646e-01 5.39142430e-01 7.28876472e-01 6.86304152e-01
    1.12492323e-01 7.88023472e-01 2.53613651e-01 6.61388040e-03
    7.03841567e-01 9.41404939e-01 4.86064285e-01 6.32665694e-01
    8.73399138e-01 5.94804168e-01 5.46678960e-01 5.36535561e-01
    8.60755742e-02 9.41425443e-01 7.59618580e-01 2.15213239e-01
    5.59781373e-01 9.43713665e-01 4.71470147e-01 7.90894628e-02
    5.97459793e-01 2.07363486e-01 2.08578676e-01 9.06826019e-01
    2.83707201e-01 8.28727782e-01 7.21661150e-01 7.04384506e-01
    3.39644879e-01 6.89450085e-01 3.53441179e-01 3.40470999e-01
    3.36329937e-01 3.91351759e-01 5.97716689e-01 1.10197216e-01
    4.27295089e-01 2.94342667e-01 1.71133161e-01 4.80661303e-01
    4.48328108e-01 3.48874897e-01 9.09832001e-01 4.51711684e-01
    4.34364319e-01 8.25446248e-01 8.83491933e-01 9.10360515e-01
    2.73397923e-01 7.67701387e-01 1.70668453e-01 7.27825582e-01
    4.11486030e-01 6.48357272e-01 8.36240053e-01 9.99465346e-01
    8.37122798e-01 4.26716149e-01 3.13042998e-01 7.79599547e-01
    2.24907935e-01 4.98624474e-01 1.90197438e-01 9.21445727e-01
    8.67206216e-01 2.66616344e-01 3.44354868e-01 2.83913642e-01
    3.17332029e-01 7.70997405e-01 1.53563350e-01 5.03161728e-01
    3.40537429e-01 9.21776056e-01 2.33705491e-01 2.42618412e-01
    8.75161469e-01 8.24167252e-01 9.30363655e-01 8.18159223e-01
    6.57588005e-01 3.46031487e-02 8.99185061e-01 1.64117873e-01
    6.43583596e-01 3.42588902e-01 8.85412097e-01 8.82692993e-01
    7.69383907e-01 7.25863338e-01 1.35405540e-01 3.66289616e-02
    8.06037664e-01 2.68520951e-01 8.59783292e-01 9.35019672e-01
    9.72877502e-01 2.41232008e-01 2.09587932e-01 9.65668201e-01
    1.00101918e-01 8.96027267e-01 8.15033555e-01 7.65623927e-01
    1.58939332e-01 5.26695073e-01 8.49374533e-01 1.72396779e-01
    2.42832273e-01 3.44126940e-01 9.98171449e-01 2.31511235e-01
    8.97963285e-01 2.18340427e-01 7.77685881e-01 8.86748314e-01
    2.37215757e-01 9.57262516e-03 6.12756848e-01 7.61698425e-01
    3.69277239e-01 8.78385603e-01 9.70193267e-01 2.71053791e-01
    8.97149563e-01 1.38055533e-01 8.37983727e-01 9.95520055e-01
    8.93046856e-01 2.79948413e-02 1.41310513e-01 8.18807960e-01
    5.83286881e-01 6.73560798e-02 3.18494678e-01 7.96374083e-01
    8.74847412e-01 2.14443773e-01 3.41811180e-02 9.08821225e-01
    6.88829780e-01 1.98958308e-01 7.66164064e-03 7.80394912e-01
    2.39984542e-01 1.71810389e-01 9.57837224e-01 8.32791924e-01
    2.60096669e-01 2.71769822e-01 6.57400310e-01 7.93382406e-01
    8.67266774e-01 1.34371459e-01 1.09795332e-01 4.09980685e-01
    5.99250734e-01 2.20465183e-01 1.07849449e-01 4.52951372e-01
    8.31950307e-01 7.11512685e-01 7.10201442e-01 5.33763766e-01
    5.52726984e-02 2.76485860e-01 4.25957650e-01 2.36448139e-01
    8.56750011e-02 1.05107307e-01 5.84878385e-01 2.53514200e-01
    6.20836735e-01 2.86497891e-01 1.41366273e-01 6.43363059e-01
    9.38553452e-01 4.60077882e-01 3.32227856e-01 9.91104901e-01
    7.98203468e-01 1.10894650e-01 3.62894952e-01 2.11404890e-01
    7.67936110e-01 9.07700002e-01 5.81547141e-01 4.83762950e-01
    2.25678980e-01 4.09282178e-01 9.09278393e-02 4.77714151e-01
    1.19708389e-01 2.76658595e-01 5.01875877e-01 9.99101102e-01
    1.60012633e-01 1.34133071e-01 3.72162491e-01 2.03885138e-01
    8.24666321e-02 3.60812247e-01 7.31164455e-01 3.49482775e-01
    6.86846375e-01 2.68198371e-01 4.33579504e-01 7.66011477e-01
    3.17507863e-01 8.82454395e-01 7.82784820e-01 8.16750526e-01
    5.62149405e-01 9.61185396e-01 4.43221331e-01 8.82621288e-01
    1.35607421e-02 3.03203464e-01 1.77103966e-01 2.78442502e-01
    4.90627050e-01 8.77394259e-01 4.18665409e-02 9.87585485e-02
    8.42867017e-01 1.35432035e-01 4.82374221e-01 2.68258154e-01
    4.30330753e-01 5.73886633e-02 6.37676358e-01 2.17771530e-01
    7.13923514e-01 7.82044172e-01 6.71751380e-01 9.27267015e-01
    7.31091976e-01 9.63226676e-01 5.77254176e-01 7.68987000e-01
    8.73138070e-01 2.18581110e-01 3.40203404e-01 6.14008844e-01
    2.94504881e-01 6.34402871e-01 8.91449332e-01 3.15886259e-01
    2.85444081e-01 8.25787365e-01 9.97621417e-01 9.85661626e-01
    1.69520646e-01 5.39142430e-01 7.28876472e-01 6.86304152e-01
    9.66537416e-01 7.55032837e-01 7.99288452e-02 9.81351018e-01
    1.86305285e-01 3.02074432e-01 5.45794606e-01 1.15831912e-01
    8.92114937e-01 8.20412993e-01 9.05415297e-01 2.91464806e-01
    3.45167816e-01 8.18105698e-01 5.01930773e-01 8.70485663e-01
    9.05350447e-01 4.35017467e-01 6.12750828e-01 4.30233777e-02
    1.21057212e-01 9.70479846e-01 8.39057863e-02 8.90161633e-01
    4.28584218e-01 5.53723752e-01 8.45264673e-01 7.01034427e-01
    7.30198026e-01 1.08003855e-01 2.16498971e-01 5.31435430e-01
    1.40129685e-01 9.44452703e-01 6.59585476e-01 4.06166524e-01
    9.77448285e-01 9.53166366e-01 7.59384573e-01 7.35157311e-01
    6.67530417e-01 3.38437825e-01 8.91402602e-01 5.65870166e-01
    4.66086805e-01 6.81439400e-01 5.06428599e-01 6.79600954e-01
    2.22925544e-02 3.02016377e-01 3.78148854e-02 8.33488643e-01
    7.42848039e-01 3.56917143e-01 4.24637765e-01 5.93671024e-01
    3.48405361e-01 9.06713903e-01 3.11632514e-01 2.56256580e-01
    2.32392669e-01 3.39682698e-02 6.20031357e-02 2.45074600e-01
    6.79658055e-01 2.17340857e-01 7.44180799e-01 2.63030052e-01
    8.76544595e-01 1.22856438e-01 5.58977067e-01 8.54437113e-01
    6.24354124e-01 7.13847518e-01 8.44043851e-01 1.69129848e-01
    1.31934375e-01 2.13536471e-01 2.40020007e-01 8.85839462e-01
    2.94537783e-01 3.33012849e-01 5.15437067e-01 9.17660356e-01
    5.87897837e-01 4.54763502e-01 8.34900141e-01 2.56414950e-01
    2.31865227e-01 9.39470530e-03 4.46178824e-01 7.76281953e-01
    8.44627798e-01 5.02055347e-01 1.46985859e-01 8.43301415e-01
    6.08732402e-01 2.57256269e-01 9.27028954e-01 2.42832273e-01
    5.91382086e-01 5.54010808e-01 1.06591702e-01 1.51514500e-01
    7.17387617e-01 7.21057057e-01 4.80806142e-01 6.63002133e-01
    4.44315195e-01 5.18675685e-01 9.70062315e-02 3.59845340e-01
    4.00998384e-01 5.41750550e-01 9.19324160e-01 8.30473900e-01
    8.01711082e-01 2.24156320e-01 8.27766776e-01 8.60819221e-01
    3.97399992e-01 5.05415618e-01 9.64754581e-01 4.21589911e-02
    5.42432427e-01 2.91292012e-01 6.09003603e-01 3.52838516e-01
    2.13840306e-01 4.69803452e-01 4.12620902e-01 5.82053661e-01
    2.46869683e-01 4.52804267e-01 3.93847287e-01 5.26235580e-01
    7.44058728e-01 9.56131577e-01 8.64769340e-01 6.43442035e-01
    7.79199123e-01 2.84549415e-01 3.30183595e-01 6.23186827e-01
    6.26623511e-01 3.73783648e-01 4.37011063e-01 2.54724264e-01
    4.10028934e-01 1.16780967e-01 8.25239599e-01 7.36767530e-01
    6.60424352e-01 7.87756205e-01 6.73027158e-01 1.25079364e-01
    5.13619304e-01 2.63772607e-01 7.69207716e-01 8.74966204e-01
    7.84593165e-01 1.05197966e-01 8.10554981e-01 3.34328771e-01
    4.22952086e-01 2.66362488e-01 2.44207561e-01 3.97687793e-01
    1.62556559e-01 8.14077139e-01 1.46926939e-02 5.63213050e-01
    5.10337055e-01 2.78872907e-01 3.14319789e-01 3.72237563e-01
    7.20927000e-01 5.14688969e-01 5.72278678e-01 6.58224404e-01
    7.12647676e-01 6.48817301e-01 5.64698339e-01 6.75931573e-01
    2.45420635e-02 7.90085673e-01 2.85463810e-01 6.97780252e-01
    8.57771993e-01 9.53315079e-01 8.06052983e-02 9.99459505e-01
    1.43915445e-01 2.99606860e-01 6.94046915e-01 8.00652504e-01
    6.90898597e-01 6.10515654e-01 4.35363978e-01 8.68495703e-01
    3.34353268e-01 3.07348430e-01 4.25392866e-01 5.59042394e-02
    5.19737363e-01 9.38215733e-01 5.90818763e-01 5.68042815e-01
    6.19887948e-01 9.71384466e-01 4.37919229e-01 6.79274559e-01
    8.28800797e-01 8.75575066e-01 5.81352830e-01 7.79903412e-01
    3.79530340e-01 4.72349226e-01 9.69105422e-01 3.87505293e-01
    4.28532332e-01 4.33982104e-01 5.51598608e-01 5.91621518e-01
    1.48797333e-01 2.28464007e-01 1.55962586e-01 2.73334801e-01
    9.74571347e-01 1.63319200e-01 3.27619195e-01 2.17120737e-01
    8.15965831e-01 7.82491267e-02 2.55940139e-01 1.70486957e-01
    3.97574574e-01 3.42143893e-01 8.15528154e-01 3.97609770e-01
    5.11494637e-01 9.75331664e-03 4.33287024e-01 8.52270246e-01
    4.67878073e-01 7.51258433e-02 7.49941587e-01 2.95847595e-01
    2.57792711e-01 4.00757492e-01 4.74772453e-01 1.88560218e-01
    9.87265587e-01 6.18299782e-01 6.38089299e-01 5.33631444e-01
    9.66537416e-01 7.55032837e-01 7.99288452e-02 9.81351018e-01
    1.86305285e-01 3.02074432e-01 5.45794606e-01 1.15831912e-01
    8.92114937e-01 8.20412993e-01 9.05415297e-01 2.91464806e-01
    3.45167816e-01 8.18105698e-01 5.01930773e-01 8.70485663e-01
    9.05350447e-01 4.35017467e-01 3.07385504e-01 4.57973093e-01
    8.38030696e-01 2.38101840e-01 7.37293899e-01 2.05998302e-01
    3.50779325e-01 5.68003774e-01 6.58771038e-01 5.05903184e-01
    3.36968273e-01 6.39885008e-01 1.56459510e-01 2.87342608e-01
    2.65443087e-01 4.76962030e-02 3.90594751e-01 5.51053047e-01
    2.84529626e-01 8.77153993e-01 5.36415696e-01 5.62468708e-01
    1.42882168e-02 5.26165545e-01 6.51470304e-01 3.66415083e-02
    5.48451066e-01 3.84439349e-01 3.53641331e-01 4.38268483e-01
    2.26369023e-01 4.65903074e-01 9.57829297e-01 9.77877736e-01
    9.07199264e-01 6.23524070e-01 8.61183286e-01 9.58809376e-01
    6.09183013e-01 3.81938159e-01 8.02613378e-01 3.62285078e-01
    3.57212007e-01 9.25080657e-01 5.12170732e-01 7.39652932e-01
    3.31196755e-01 1.86834157e-01 1.26051039e-01 2.84324944e-01
    4.01547968e-01 1.76996946e-01 6.75957441e-01 4.70526725e-01
    7.26033688e-01 2.56993920e-01 1.48289472e-01 3.98503095e-01
    9.95306253e-01 3.65755618e-01 2.26100266e-01 7.61093378e-01
    7.11071253e-01 1.81938767e-01 6.03027642e-01 7.35614955e-01
    9.01387215e-01 6.42330110e-01 7.71750808e-02 1.25609010e-01
    1.83155566e-01 2.21118510e-01 4.88405913e-01 8.57699692e-01
    7.71522045e-01 4.28254396e-01 4.33836281e-02 6.77875042e-01
    6.23045206e-01 9.85493541e-01 7.72930443e-01 2.67818034e-01
    7.61079311e-01 6.44521713e-01 7.04825640e-01 3.97523224e-01
    7.59934664e-01 7.38920867e-01 8.21709692e-01 9.21023548e-01
    5.68481028e-01 6.03681743e-01 5.74764609e-02 1.35552347e-01
    5.71289420e-01 3.40042919e-01 9.66323614e-02 2.45740116e-02
    3.61073017e-02 1.45758897e-01 1.72725618e-02 1.52965605e-01
    2.12284535e-01 6.87504053e-01 1.44446790e-01 4.51930285e-01
    9.64399457e-01 9.03443396e-02 4.18979734e-01 4.27079409e-01
    4.52839732e-01 7.09854364e-01 8.45938861e-01 3.03558707e-02
    4.01906371e-01 2.03069746e-02 2.06435502e-01 4.15308118e-01
    4.70754802e-01 9.94913936e-01 2.52368450e-01 7.34153330e-01
    3.52968872e-02 1.49793088e-01 4.18477893e-01 6.22633457e-01
    9.16787505e-01 9.43081141e-01 1.69191658e-01 1.44400775e-01
    1.22630000e-02 5.16028583e-01 3.80726874e-01 6.11612320e-01
    8.82930160e-01 3.88921708e-01 8.52673888e-01 8.98852229e-01
    8.42752397e-01 2.21188605e-01 7.05144823e-01 5.17927289e-01
    9.64401007e-01 2.00399041e-01 9.86450195e-01 3.62892330e-01
    4.07422155e-01 9.46600914e-01 3.50728035e-02 2.13727385e-01
    1.96518987e-01 4.03887033e-01 9.43717659e-01 7.55744219e-01
    3.11248362e-01 2.95851737e-01 8.60568404e-01 4.87401187e-02
    4.92796093e-01 4.88566101e-01 8.32041860e-01 2.14683890e-01
    2.28351325e-01 6.36137247e-01 2.71207482e-01 8.09967637e-01
    1.70679688e-01 5.04917026e-01 3.16710711e-01 6.45641685e-01
    8.60072851e-01 6.81788921e-01 6.91255629e-01 4.40108180e-02
    8.40692997e-01 4.54949498e-01 2.76427180e-01 8.36465836e-01
    2.63582170e-01 7.65947104e-02 4.27581072e-02 6.05620503e-01
    6.05720043e-01 7.71256685e-02 4.63532805e-01 2.78136700e-01
    9.17631269e-01 9.79466319e-01 2.16805637e-01 8.80099416e-01
    2.03924060e-01 9.89855170e-01 5.16146421e-02 1.32076889e-01
    8.49841058e-01 9.43877220e-01 6.90905869e-01 1.41577005e-01
    7.45710254e-01 6.74430192e-01 7.32821643e-01 9.38280225e-01
    6.77744329e-01 4.60196972e-01 7.65759826e-01 4.69959617e-01
    2.19264001e-01 4.24885303e-01 3.69934559e-01 4.44170415e-01
    6.18987799e-01 4.28212404e-01 8.50778341e-01 8.78367782e-01
    2.18192369e-01 9.19927359e-01 3.39537084e-01 6.52645946e-01
    4.08712566e-01 1.45639122e-01 4.24074143e-01 9.44046974e-01
    7.34195948e-01 2.25433677e-01 3.01450193e-01 3.85976851e-01
    5.69415092e-01 1.79795712e-01 1.33934230e-01 2.88327515e-01
    5.74541092e-01 8.14708233e-01 3.88693690e-01 9.06162739e-01
    9.58890438e-01 5.43629169e-01 4.45365876e-01 3.00385416e-01
    1.70818120e-01 1.33865923e-01 2.20834792e-01 8.11354995e-01
    1.29669905e-02 9.60155070e-01 5.99912882e-01 6.68757379e-01
    5.18910944e-01 3.68522942e-01 5.20253181e-02 3.15129817e-01
    4.65139747e-01 9.70439613e-01 6.18662775e-01 5.99253774e-01
    7.89604187e-02 2.62277901e-01 3.07385504e-01 4.57973093e-01
    8.38030696e-01 2.38101840e-01 7.37293899e-01 2.05998302e-01
    3.50779325e-01 5.68003774e-01 6.58771038e-01 5.05903184e-01
    3.36968273e-01 6.39885008e-01 1.56459510e-01 2.87342608e-01
    2.65443087e-01 4.76962030e-02 3.90594751e-01 5.51053047e-01
    7.69688010e-01 7.78456330e-01 9.61856484e-01 1.37803048e-01
    9.55246091e-01 7.96262026e-01 4.79504496e-01 6.59809828e-01
    1.83988899e-01 7.34573603e-01 4.50717211e-02 5.49250007e-01
    2.63304889e-01 1.82036340e-01 4.96147066e-01 1.80335164e-01
    1.02479637e-01 5.26546121e-01 2.74079978e-01 2.24998146e-01
    7.88812518e-01 6.98337853e-01 1.76196694e-01 6.80049539e-01
    2.40941077e-01 3.20092738e-02 5.85631371e-01 4.78995264e-01
    4.96103317e-01 9.99469161e-01 5.25118709e-02 3.38955373e-01
    2.48261929e-01 5.01322150e-01 1.15105063e-01 8.21902156e-01
    3.78960252e-01 1.43963277e-01 9.80555117e-02 8.63919556e-01
    4.17947173e-02 8.44174504e-01 4.82165396e-01 6.53903544e-01
    2.16441184e-01 6.73342645e-01 1.77105367e-01 3.02672088e-01
    2.09299952e-01 4.49976355e-01 8.62262487e-01 8.06906819e-01
    1.91862315e-01 8.98348212e-01 2.76000589e-01 5.81653535e-01
    2.97580063e-02 2.92037129e-02 9.52203870e-01 3.62112284e-01
    8.14603329e-01 3.36723924e-01 6.37069643e-02 9.04664159e-01
    8.73157740e-01 9.40660715e-01 5.06386161e-02 6.74182415e-01
    3.37656140e-01 8.64221156e-01 8.22825491e-01 1.76545352e-01
    5.29410422e-01 2.75096893e-01 1.11154020e-02 3.50935847e-01
    2.55217224e-01 1.14485830e-01 7.32735276e-01 7.06544995e-01
    7.12886930e-01 6.45913482e-01 6.28396749e-01 4.95490611e-01
    4.34186965e-01 9.37625825e-01 9.29222643e-01 5.86009622e-02
    9.96372998e-02 5.09754777e-01 8.85572672e-01 5.18537998e-01
    7.08175480e-01 2.24885911e-01 8.47812057e-01 4.07410055e-01
    5.17089188e-01 5.59166491e-01 4.57756758e-01 4.89475042e-01
    7.09892869e-01 5.57720840e-01 2.94438004e-01 2.82522678e-01
    6.11007035e-01 3.55929315e-01 8.59480500e-01 3.68917555e-01
    6.20677173e-01 8.31121564e-01 4.14300740e-01 7.30953097e-01
    8.77998352e-01 8.70289207e-02 7.71875918e-01 1.03946447e-01
    1.09293431e-01 9.08051968e-01 4.13568676e-01 3.55294555e-01
    1.22492015e-02 2.80190706e-01 6.75270498e-01 8.31844211e-01
    8.25530410e-01 5.53368688e-01 6.14807189e-01 3.18479359e-01
    8.15237403e-01 5.58304727e-01 6.34016514e-01 3.83181602e-01
    5.39856553e-01 4.29265529e-01 3.09842914e-01 3.04747134e-01
    9.99728858e-01 7.42353678e-01 8.98385346e-02 5.43390512e-01
    4.64891911e-01 7.71469831e-01 8.41581821e-02 9.96707201e-01
    5.01519978e-01 7.30612934e-01 3.98513258e-01 4.12580669e-01
    5.01369178e-01 4.84019905e-01 6.63786590e-01 9.90687609e-01
    3.03575009e-01 9.33590770e-01 7.22793519e-01 9.58636582e-01
    8.80166769e-01 3.26564908e-01 6.36391044e-02 1.17022097e-01
    9.63918328e-01 8.23074818e-01 9.43563402e-01 7.83876657e-01
    1.96276486e-01 6.37199163e-01 3.56865942e-01 3.24690819e-01
    6.06825352e-02 8.02006841e-01 1.83699071e-01 2.63105929e-02
    3.78191471e-04 4.88509685e-01 2.07746983e-01 2.53845751e-01
    1.62070453e-01 4.22470033e-01 8.06136370e-01 6.44883156e-01
    1.94750279e-01 9.37978387e-01 7.33985662e-01 5.51436126e-01
    7.33044744e-01 5.93088865e-02 1.97440207e-01 7.50641465e-01
    1.24413520e-01 8.96634102e-01 3.42711568e-01 3.36422861e-01
    9.85039830e-01 6.95034742e-01 6.61042809e-01 7.45002151e-01
    5.57940900e-02 8.90961349e-01 2.10987777e-01 7.51769722e-01
    2.66606212e-01 3.81164372e-01 9.16871130e-02 8.37518811e-01
    1.47294998e-01 3.11197549e-01 1.36734068e-01 3.80480051e-01
    8.80688429e-01 4.12907600e-01 4.15292919e-01 5.33711433e-01
    7.95425832e-01 6.33312225e-01 1.53100699e-01 8.83857727e-01
    1.44499213e-01 8.05249691e-01 7.64930248e-01 2.77254075e-01
    1.91037893e-01 2.42969066e-01 2.81154543e-01 7.97112346e-01
    5.20999312e-01 9.80940044e-01 6.83276474e-01 7.42914081e-02
    2.20752656e-01 9.83636379e-02 3.57550859e-01 7.89912283e-01
    7.20553577e-01 6.39644742e-01 9.47617650e-01 2.95445204e-01
    4.16117609e-01 6.74458623e-01 1.27102554e-01 4.56234276e-01
    3.46766174e-01 1.47670120e-01 4.70939428e-01 4.19218361e-01
    8.46345425e-02 1.82237446e-01 3.47699046e-01 3.57272148e-01
    5.96272349e-01 5.65847993e-01 6.44216061e-01 8.55174661e-03
    2.44222522e-01 1.12830520e-01 8.74227524e-01 5.82418561e-01
    7.69688010e-01 7.78456330e-01 9.61856484e-01 1.37803048e-01
    9.55246091e-01 7.96262026e-01 4.79504496e-01 6.59809828e-01
    1.83988899e-01 7.34573603e-01 4.50717211e-02 5.49250007e-01
    2.63304889e-01 1.82036340e-01 4.96147066e-01 1.80335164e-01
    1.02479637e-01 5.26546121e-01 4.28479195e-01 7.93385923e-01
    2.57310182e-01 5.80257833e-01 8.52151394e-01 3.61739695e-02
    8.93093944e-01 6.69998288e-01 2.99331397e-01 5.33789158e-01
    9.29855585e-01 1.50798857e-02 1.18013442e-01 6.27717137e-01
    6.66614532e-01 2.30841905e-01 4.00642872e-01 6.37398601e-01
    8.63570511e-01 5.90790987e-01 1.13747299e-01 3.49740386e-01
    8.41778159e-01 8.28463614e-01 4.54330862e-01 5.83936036e-01
    1.88806355e-02 3.79144937e-01 2.05853641e-01 2.80206263e-01
    3.37829888e-01 6.75946832e-01 7.37173319e-01 7.82964051e-01
    2.20663100e-01 9.11863625e-01 9.74072814e-02 6.00395143e-01
    8.41191530e-01 9.30803478e-01 5.81273913e-01 7.58214831e-01
    4.93798435e-01 2.48016417e-02 9.32427824e-01 4.58911031e-01
    8.46073031e-01 5.71753204e-01 3.42938006e-02 8.67974162e-01
    8.85163724e-01 4.43916500e-01 2.91843563e-01 1.21037394e-01
    2.17560172e-01 8.45886171e-02 9.94412184e-01 3.85873824e-01
    7.41400719e-01 3.05856019e-01 4.37049299e-01 5.11964142e-01
    8.54940414e-01 1.76073730e-01 8.12888503e-01 6.25347376e-01
    6.07960165e-01 5.29534876e-01 9.61822629e-01 5.28676212e-01
    8.53584766e-01 2.06680417e-01 3.89895529e-01 5.65504372e-01
    4.87987161e-01 7.33815193e-01 4.80344027e-01 6.29342198e-01
    2.65528262e-01 4.80716497e-01 4.88952607e-01 6.56993449e-01
    9.45341110e-01 6.19965971e-01 5.74624658e-01 3.63972098e-01
    9.79021430e-01 8.86884809e-01 6.26852274e-01 9.97921824e-01
    1.85977221e-02 6.13134861e-01 9.58010972e-01 6.08608246e-01
    4.24982965e-01 1.12443417e-01 5.55770040e-01 5.49315512e-01
    4.51768726e-01 3.14595222e-01 2.52741873e-02 2.56683469e-01
    4.85841811e-01 3.86795670e-01 1.29261404e-01 2.52658129e-03
    4.42104340e-01 1.69705927e-01 1.16709858e-01 7.75510490e-01
    6.50256515e-01 1.47095650e-01 4.50795889e-02 4.52106386e-01
    4.48532373e-01 1.95178837e-01 3.91341656e-01 7.35396266e-01
    5.96216559e-01 7.48978376e-01 8.09068561e-01 5.22417367e-01
    6.06863260e-01 3.63188922e-01 9.37273741e-01 3.21744204e-01
    3.25231194e-01 8.37892890e-02 6.22038841e-01 5.15374541e-01
    3.07574749e-01 9.14351940e-02 4.76415545e-01 3.53272557e-02
    3.58754128e-01 9.51211333e-01 4.09033328e-01 5.26944339e-01
    3.94834548e-01 1.97999507e-01 8.39932084e-01 2.56653488e-01
    9.25894976e-02 5.44811070e-01 2.69317687e-01 5.23746848e-01
    1.25543058e-01 3.06862473e-01 1.67841792e-01 2.90325046e-01
    7.44734704e-01 5.71688294e-01 7.19510853e-01 4.35078293e-01
    9.30374503e-01 1.74517393e-01 2.48139799e-01 1.21087164e-01
    8.94376040e-01 3.13206673e-01 4.28879648e-01 9.73706722e-01
    5.81454694e-01 7.27786958e-01 1.50502741e-01 9.55596864e-01
    5.73465824e-01 2.11268008e-01 4.99407321e-01 4.62858498e-01
    5.64266741e-01 7.32367039e-02 6.72456324e-02 1.92916870e-01
    7.80535936e-01 8.59303355e-01 9.57936406e-01 1.54074997e-01
    5.51431835e-01 8.54606152e-01 7.67494977e-01 3.38176012e-01
    7.47587442e-01 8.75982285e-01 5.64354658e-01 2.42857337e-02
    9.17296171e-01 6.67900085e-01 4.65892583e-01 5.04019737e-01
    1.90777183e-01 4.67692792e-01 2.99385399e-01 6.07146919e-02
    7.86309540e-01 2.89647847e-01 8.48207593e-01 5.66161573e-02
    1.41767174e-01 5.50432205e-02 4.96109068e-01 9.07529593e-01
    5.93043268e-01 8.59473467e-01 3.46507430e-01 3.52429241e-01
    8.39022994e-01 1.47442281e-01 4.77638364e-01 9.51120615e-01
    5.34093380e-03 1.01270467e-01 9.85594392e-01 4.32549238e-01
    1.85215682e-01 9.48650837e-02 3.56238008e-01 7.37374842e-01
    9.91392314e-01 2.92974472e-01 1.00902766e-01 6.68350220e-01
    6.87843561e-03 6.46419168e-01 5.90011358e-01 9.86616492e-01
    2.84013063e-01 9.66416895e-02 6.89467490e-01 4.49397564e-01
    6.57705188e-01 3.84025574e-02 5.00803471e-01 8.56837630e-01
    9.14513052e-01 2.08636701e-01 4.25351769e-01 6.60516739e-01
    3.62981260e-01 3.64550948e-01 7.85095870e-01 1.53454334e-01
    9.51513708e-01 8.26087058e-01 5.09774327e-01 2.58694291e-01
    3.08222353e-01 7.67657399e-01 3.49506438e-01 1.41869158e-01
    9.31263328e-01 7.48144686e-01 3.47214341e-02 4.49235320e-01
    4.14009094e-02 3.33004206e-01 4.28479195e-01 7.93385923e-01
    2.57310182e-01 5.80257833e-01 8.52151394e-01 3.61739695e-02
    8.93093944e-01 6.69998288e-01 2.99331397e-01 5.33789158e-01
    9.29855585e-01 1.50798857e-02 1.18013442e-01 6.27717137e-01
    6.66614532e-01 2.30841905e-01 4.00642872e-01 6.37398601e-01
    9.48270261e-01 9.85261798e-03 6.68201745e-01 3.20318580e-01
    6.65694296e-01 5.87645710e-01 3.58899593e-01 5.23793757e-01
    7.77363896e-01 9.26794529e-01 7.24510849e-01 3.38404477e-02
    5.81319273e-01 4.69878912e-01 8.43850255e-01 1.98147386e-01
    5.53656459e-01 4.41196293e-01 3.22691053e-01 8.70706201e-01
    7.78397262e-01 9.58510578e-01 8.61249566e-01 2.56312609e-01
    6.35165095e-01 4.99266028e-01 5.01719594e-01 7.19529629e-01
    8.79603744e-01 3.38203311e-02 2.25605041e-01 2.73914278e-01
    6.51262164e-01 2.82628894e-01 7.95398951e-01 5.08681655e-01
    6.23227477e-01 2.63574421e-02 2.25128770e-01 4.46752340e-01
    5.32651484e-01 3.63991350e-01 3.69633138e-01 4.27167684e-01
    6.53700471e-01 9.36382771e-01 7.02577174e-01 6.72083557e-01
    4.22911316e-01 3.84841919e-01 8.28389883e-01 8.14737141e-01
    2.99972534e-01 4.67401743e-03 4.72116441e-01 9.47131157e-01
    2.91745067e-02 1.81584418e-01 9.59871769e-01 6.55425370e-01
    5.31013012e-01 6.37955010e-01 7.73356795e-01 1.74932867e-01
    5.59086800e-02 1.46723270e-01 8.27913642e-01 4.90023553e-01
    5.02127469e-01 1.41240954e-02 1.40951365e-01 7.42505908e-01
    1.29350305e-01 3.17829072e-01 2.46177912e-01 7.06659019e-01
    4.25507307e-01 2.99567372e-01 4.12678152e-01 9.99948323e-01
    5.30505121e-01 1.89358085e-01 1.77891791e-01 2.19127804e-01
    7.89609194e-01 4.84118789e-01 1.12277389e-01 1.80691302e-01
    4.10834104e-01 3.61097813e-01 9.31972384e-01 9.00049329e-01
    2.41081297e-01 8.88111472e-01 6.55752420e-01 5.86018324e-01
    1.40278101e-01 2.93489516e-01 8.91976535e-01 8.61248374e-01
    8.20409775e-01 6.87825322e-01 4.79676992e-01 6.28634095e-02
    1.17500305e-01 7.99969733e-01 3.29060197e-01 9.63772118e-01
    6.57716751e-01 9.38628674e-01 9.19177890e-01 1.73462152e-01
    2.74899960e-01 7.91117549e-01 1.27983481e-01 7.44129896e-01
    3.63018870e-01 9.56910849e-01 6.87938631e-01 9.13405418e-01
    8.89275491e-01 8.52575004e-02 2.99667001e-01 5.29806077e-01
    4.78108883e-01 5.51446915e-01 8.45170140e-01 4.50924248e-01
    7.48312950e-01 8.31628680e-01 7.05545902e-01 9.71153677e-01
    7.05041528e-01 5.37447810e-01 1.36477530e-01 8.46203208e-01
    3.28486621e-01 8.20155799e-01 3.39751482e-01 4.60832894e-01
    4.38214242e-01 3.11955452e-01 3.55933875e-01 7.54195213e-01
    4.66592669e-01 8.02216649e-01 5.44481277e-01 6.91307247e-01
    5.49409330e-01 3.73315990e-01 8.97836447e-01 7.88264990e-01
    3.52818072e-02 9.23606634e-01 2.63622642e-01 7.28890896e-02
    7.15263963e-01 6.05006337e-01 5.41277230e-01 5.82622111e-01
    2.00144380e-01 9.35326338e-01 7.76908278e-01 2.94802189e-02
    7.38789856e-01 8.16426396e-01 4.31346595e-01 2.49185652e-01
    4.25587356e-01 6.93580747e-01 5.86074412e-01 4.76061940e-01
    1.75234348e-01 8.21092665e-01 9.26202774e-01 8.58289361e-01
    8.39500666e-01 2.46342450e-01 2.70464540e-01 7.64196396e-01
    9.22349989e-02 4.30543125e-02 2.14797705e-01 7.47460663e-01
    7.95077920e-01 7.51429915e-01 6.61723256e-01 6.70630574e-01
    7.00066864e-01 5.84448636e-01 8.11965883e-01 1.90666825e-01
    8.10911059e-01 3.79111469e-02 6.63234830e-01 7.22514451e-01
    5.91712952e-01 5.34231782e-01 9.53537703e-01 3.02205443e-01
    1.29828990e-01 1.13334060e-02 6.74484611e-01 7.50907183e-01
    3.52724433e-01 4.92767841e-01 9.03783441e-01 7.13203013e-01
    5.44229150e-03 1.65064961e-01 7.62237132e-01 8.19109678e-01
    4.97844100e-01 8.76586556e-01 2.39161074e-01 9.32253122e-01
    2.40118980e-01 5.20193815e-01 9.99798536e-01 4.05488402e-01
    5.16302645e-01 1.29883230e-01 2.37306237e-01 5.11212647e-02
    1.84652716e-01 2.15877920e-01 1.09777302e-01 4.66717631e-01
    8.26883256e-01 8.48957300e-01 8.05440009e-01 8.36061478e-01
    7.21656621e-01 9.54752088e-01 4.29129660e-01 6.29096806e-01
    5.27398169e-01 2.64119118e-01 6.28384233e-01 1.88112885e-01
    8.91905129e-01 9.14998174e-01 2.86814511e-01 6.42966509e-01
    2.77896911e-01 2.79680252e-01 1.42451137e-01 5.31465113e-02
    3.25136185e-02 1.50219262e-01 7.30721414e-01 8.18684816e-01
    8.76869440e-01 5.62324107e-01 4.91283238e-02 3.50891650e-02
    9.48270261e-01 9.85261798e-03 6.68201745e-01 3.20318580e-01
    6.65694296e-01 5.87645710e-01 3.58899593e-01 5.23793757e-01
    7.77363896e-01 9.26794529e-01 7.24510849e-01 3.38404477e-02
    5.81319273e-01 4.69878912e-01 8.43850255e-01 1.98147386e-01
    5.53656459e-01 4.41196293e-01 6.87014461e-01 2.20129400e-01
    9.75932181e-01 5.71712494e-01 6.81967199e-01 8.82619321e-02
    5.71065247e-01 5.05480886e-01 9.59774315e-01 7.16447651e-01
    6.58870995e-01 3.85931224e-01 3.13844949e-01 4.75513369e-01
    7.76114762e-01 6.10349953e-01 3.58558238e-01 9.96026099e-01
    5.34404755e-01 3.44786078e-01 5.70510864e-01 5.98749757e-01
    9.83848333e-01 8.16011310e-01 9.60333824e-01 5.50252497e-01
    8.90653491e-01 2.48053968e-02 1.00078136e-01 6.42849028e-01
    4.01205689e-01 1.72070265e-02 3.09762627e-01 5.92589200e-01
    3.59622717e-01 1.38258517e-01 3.83365095e-01 1.89868629e-01
    9.27831531e-01 4.52235550e-01 9.23743725e-01 4.91814941e-01
    8.74449849e-01 9.35734391e-01 6.50180817e-01 4.15526569e-01
    2.51464218e-01 5.49397171e-01 9.78466392e-01 9.74237800e-01
    3.23845744e-02 8.25915933e-01 4.74490225e-02 5.11980057e-01
    5.85660815e-01 8.69611621e-01 8.94673765e-01 3.72963458e-01
    3.16827595e-01 4.95649606e-01 4.06988472e-01 2.00111866e-01
    6.67555213e-01 7.96317339e-01 1.60966784e-01 2.62674332e-01
    5.67923188e-02 9.58943665e-02 9.68446851e-01 7.52658188e-01
    8.02088618e-01 5.69401205e-01 9.22967792e-01 9.51540053e-01
    4.69937921e-01 6.95837557e-01 5.16890287e-01 1.26177788e-01
    6.52489781e-01 8.36189568e-01 9.76982117e-02 5.72045028e-01
    3.40901673e-01 1.92702115e-01 2.56986886e-01 7.76448369e-01
    6.17398918e-02 2.27252841e-02 4.36051428e-01 4.13776100e-01
    4.93979156e-02 6.88506067e-01 5.16234040e-02 4.49095219e-01
    5.48178434e-01 3.91369373e-01 3.95712078e-01 9.43448424e-01
    4.56429720e-02 1.04427040e-02 6.58114433e-01 5.51981747e-01
    8.10704470e-01 4.27727103e-01 6.80053830e-02 1.19233876e-01
    2.41979420e-01 1.22886896e-02 3.30396116e-01 3.77710253e-01
    5.33933163e-01 1.84569597e-01 5.50357640e-01 4.55960870e-01
    2.41747499e-02 2.25979775e-01 8.67470324e-01 3.37475419e-01
    7.38025308e-01 5.41103363e-01 4.79545027e-01 5.42160571e-01
    1.79873854e-01 2.93656617e-01 5.86095750e-02 3.83366764e-01
    8.94156814e-01 5.72314560e-01 7.22332656e-01 8.20535362e-01
    1.07369572e-01 8.39812279e-01 8.57706666e-02 5.80695271e-01
    2.83948004e-01 3.50008368e-01 3.58548105e-01 2.58383483e-01
    4.48103100e-01 9.99954104e-01 7.31281638e-01 6.81358278e-02
    6.90740705e-01 3.61358881e-01 6.21638298e-01 2.70170927e-01
    7.60510206e-01 4.29080695e-01 1.55724287e-01 9.95459914e-01
    7.64769971e-01 8.95548224e-01 9.12034631e-01 8.84233594e-01
    6.10477805e-01 5.19496739e-01 4.34895456e-02 3.37087899e-01
    2.25490034e-01 2.99408376e-01 5.18487692e-01 1.88781917e-01
    2.38590956e-01 1.36423141e-01 1.93573684e-01 3.29875380e-01
    3.81665677e-01 5.12809217e-01 1.04185373e-01 9.28336978e-01
    5.99279106e-02 8.57243896e-01 4.38322097e-01 7.97446072e-01
    8.34587514e-01 1.73217744e-01 7.97191262e-01 1.54457986e-01
    7.73605227e-01 8.69647801e-01 4.04091716e-01 8.43636751e-01
    2.76600540e-01 3.40808272e-01 1.20534241e-01 8.33839417e-01
    3.12066853e-01 3.32231224e-01 6.87178373e-01 6.81004584e-01
    7.15809703e-01 5.98887324e-01 3.85029435e-01 7.53616512e-01
    6.82558775e-01 5.91196954e-01 7.67982244e-01 6.48353934e-01
    3.42338324e-01 8.34289849e-01 1.02510333e-01 3.74426901e-01
    6.27990246e-01 5.37409008e-01 7.50463307e-01 1.23920053e-01
    3.97569954e-01 6.24413252e-01 9.54171956e-01 5.75388670e-01
    6.72258437e-02 2.93984592e-01 7.90711164e-01 1.55524135e-01
    2.83674806e-01 8.89603972e-01 9.39391851e-01 5.39263189e-01
    8.79497290e-01 2.73817539e-01 5.45627356e-01 7.89413393e-01
    4.79650557e-01 1.96490824e-01 8.50107551e-01 6.52464390e-01
    1.54004276e-01 3.50118995e-01 7.60412991e-01 5.08822680e-01
    2.49676406e-02 4.37315106e-01 5.86010277e-01 1.68006688e-01
    3.78461570e-01 2.86313713e-01 8.37268233e-01 8.00429821e-01
    8.63802791e-01 2.37472206e-01 6.73085809e-01 9.34589624e-01
    4.69409853e-01 2.34514415e-01 8.69917989e-01 7.61833727e-01
    1.96731478e-01 4.66738433e-01 9.00710464e-01 5.00772715e-01
    6.24706328e-01 5.29203713e-01 6.47595406e-01 2.41405189e-01
    6.13213420e-01 3.63331318e-01 6.87014461e-01 2.20129400e-01
    9.75932181e-01 5.71712494e-01 6.81967199e-01 8.82619321e-02
    5.71065247e-01 5.05480886e-01 9.59774315e-01 7.16447651e-01
    6.58870995e-01 3.85931224e-01 3.13844949e-01 4.75513369e-01
    7.76114762e-01 6.10349953e-01 3.58558238e-01 9.96026099e-01
    5.04866600e-01 3.07860315e-01 8.42498660e-01 5.04239917e-01
    2.95565009e-01 2.78472245e-01 7.08808303e-01 5.36068082e-02
    7.64680803e-02 5.87632120e-01 8.85978162e-01 8.38662267e-01
    4.91353691e-01 9.43844438e-01 4.91650373e-01 8.32003236e-01
    4.75444496e-02 9.32098210e-01 2.55785048e-01 1.22029960e-01
    7.27788389e-01 8.00927341e-01 5.46573639e-01 4.92990136e-01
    4.42967504e-01 8.20491254e-01 2.76346564e-01 7.87742496e-01
    6.21311903e-01 1.00340009e-01 9.82194185e-01 8.62242937e-01
    8.66984248e-01 4.32475924e-01 6.39223635e-01 5.51157415e-01
    8.98892641e-01 5.51671922e-01 7.19028473e-01 9.13406074e-01
    9.14329290e-03 8.31800222e-01 9.01352286e-01 7.87835121e-01
    4.61085647e-01 8.70534778e-01 8.94905686e-01 3.49872291e-01
    8.84185195e-01 5.58536291e-01 3.85106206e-02 8.89150023e-01
    8.50713432e-01 6.24976695e-01 9.72387493e-01 2.31408477e-01
    7.91354597e-01 7.79808879e-01 3.62214029e-01 6.14605308e-01
    1.05683208e-02 7.95050859e-01 7.49336243e-01 1.07958883e-01
    9.90480185e-01 3.44230711e-01 9.54838514e-01 8.79690289e-01
    9.08884645e-01 4.65921462e-02 5.67197204e-01 1.11178845e-01
    2.33502567e-01 9.99600768e-01 5.07625222e-01 9.95608687e-01
    1.27342075e-01 1.24813914e-02 5.71931899e-02 9.39448953e-01
    4.22810167e-01 4.27532554e-01 4.48014677e-01 9.01243448e-01
    4.45092171e-01 8.28865767e-01 9.31573808e-01 6.15236223e-01
    7.93696046e-01 2.98416734e-01 6.68336034e-01 2.71100521e-01
    6.05595767e-01 3.88003886e-02 3.02266121e-01 3.64545763e-01
    8.49473119e-01 2.76551902e-01 6.64208949e-01 7.13304520e-01
    3.51528287e-01 9.15522695e-01 7.47737408e-01 8.66185546e-01
    7.76949286e-01 8.84680331e-01 6.10479712e-01 6.82879865e-01
    3.93199325e-01 9.44240451e-01 3.66739362e-01 3.17835242e-01
    9.52078223e-01 6.26829863e-01 1.42702609e-01 5.51278830e-01
    8.77568722e-01 8.00085962e-02 2.74489641e-01 7.02714443e-01
    7.79278994e-01 5.57976246e-01 4.44526166e-01 8.73837948e-01
    3.15080494e-01 9.70788002e-02 7.70393908e-02 8.35319042e-01
    2.71814585e-01 1.36917979e-01 1.12761974e-01 7.52584100e-01
    5.60733318e-01 6.33286655e-01 7.05656171e-01 7.86104202e-01
    9.44229543e-01 1.63492024e-01 5.32959163e-01 2.25476444e-01
    3.67514789e-02 2.08114594e-01 7.37700105e-01 5.43306470e-02
    4.88090217e-02 9.70593691e-01 2.71105915e-01 3.45388055e-03
    9.67127442e-01 7.31623471e-02 9.05825555e-01 3.17685485e-01
    8.52554440e-01 5.37904799e-01 8.82117569e-01 6.61048293e-01
    1.87929869e-01 4.39216197e-01 8.92453790e-01 5.11621416e-01
    3.83630455e-01 4.65943128e-01 6.51611805e-01 9.78136182e-01
    9.83125806e-01 9.89054203e-01 8.23459744e-01 6.40087426e-01
    5.84864318e-01 5.49501181e-01 4.33001697e-01 5.75224698e-01
    3.68957728e-01 4.12473351e-01 6.00069344e-01 4.38482672e-01
    3.23961020e-01 3.11872363e-01 4.77494031e-01 5.95711350e-01
    9.81557488e-01 4.84258741e-01 1.91016644e-01 8.68371010e-01
    8.93165350e-01 8.48068893e-02 2.57813126e-01 5.47902346e-01
    3.04351360e-01 1.34271711e-01 7.42105961e-01 3.59771401e-01
    9.64786172e-01 5.87134898e-01 4.00493354e-01 9.25742149e-01
    8.11841428e-01 8.25283647e-01 2.38099992e-01 1.11080170e-01
    1.57099456e-01 7.30360985e-01 3.46814573e-01 9.51249242e-01
    8.44598830e-01 6.68821216e-01 5.50768733e-01 6.30056024e-01
    7.44414806e-01 8.53863955e-01 1.97547376e-01 3.50802928e-01
    4.29678589e-01 6.05638623e-01 9.79620218e-01 9.61077690e-01
    3.32356453e-01 3.80483925e-01 4.67537552e-01 1.42638862e-01
    7.33377337e-01 2.37368882e-01 4.14917409e-01 7.55029678e-01
    1.75680935e-01 5.72645903e-01 7.92060554e-01 4.70051050e-01
    7.67958462e-01 4.61946547e-01 2.24437237e-01 7.63324678e-01
    3.74068677e-01 6.15852952e-01 7.93692470e-01 9.03636932e-01
    1.20798498e-01 5.61536372e-01 6.04659140e-01 3.07260066e-01
    2.20142305e-01 4.57083166e-01 4.63523030e-01 4.04102743e-01
    5.28606653e-01 8.43618989e-01 5.16877353e-01 8.72317016e-01
    1.88753515e-01 3.55676651e-01 4.29271191e-01 4.42400575e-01
    5.43602884e-01 2.65534192e-01 6.08973026e-01 2.14329094e-01
    5.04866600e-01 3.07860315e-01 8.42498660e-01 5.04239917e-01
    2.95565009e-01 2.78472245e-01 7.08808303e-01 5.36068082e-02
    7.64680803e-02 5.87632120e-01 8.85978162e-01 8.38662267e-01
    4.91353691e-01 9.43844438e-01 4.91650373e-01 8.32003236e-01
    4.75444496e-02 9.32098210e-01 8.69022310e-02 3.43480885e-01
    9.01982069e-01 5.37323058e-01 7.86764205e-01 1.77673638e-01
    4.81235087e-02 2.65022278e-01 2.70418286e-01 1.35501504e-01
    5.04468799e-01 4.15051252e-01 1.30120218e-01 7.08650529e-01
    5.32355964e-01 8.41122329e-01 9.06276107e-02 3.76483828e-01
    9.16088104e-01 8.87760520e-01 9.83643532e-01 6.55377865e-01
    3.34705830e-01 1.38301104e-01 1.21537149e-01 6.86543643e-01
    9.43385780e-01 9.40094829e-01 8.71998668e-01 2.93112278e-01
    7.50634432e-01 9.10957456e-01 2.12463409e-01 3.14711928e-02
    7.88708746e-01 6.46620989e-03 3.57469738e-01 5.26738584e-01
    7.32952595e-01 1.45897508e-01 7.42630064e-01 5.31229854e-01
    4.16533917e-01 9.37263548e-01 4.52976704e-01 9.59874272e-01
    7.70246148e-01 6.26536369e-01 6.11448705e-01 6.56975448e-01
    2.54473776e-01 4.89424467e-01 6.62882209e-01 9.68652725e-01
    2.50805795e-01 3.79776955e-02 6.32269204e-01 7.92118907e-03
    3.66126329e-01 8.23743939e-01 6.17837846e-01 2.71158010e-01
    7.55533576e-03 5.49111187e-01 2.48123527e-01 8.57230783e-01
    8.12611878e-01 2.70356774e-01 2.52533734e-01 6.10494018e-01
    1.59286290e-01 1.38344973e-01 7.04160213e-01 5.50645113e-01
    9.50596035e-01 2.59608328e-02 4.03097957e-01 7.32951462e-02
    8.26388001e-02 4.41789478e-01 6.01753592e-02 7.42742181e-01
    4.36642945e-01 7.38017261e-01 8.13581944e-01 5.01618564e-01
    9.40901041e-01 7.94651031e-01 7.76612818e-01 2.87194848e-02
    1.63979530e-01 5.02695799e-01 8.21282029e-01 3.69249940e-01
    4.44913268e-01 2.18192756e-01 8.96384001e-01 3.58742565e-01
    8.41677785e-01 6.86729908e-01 8.04253221e-01 4.39243555e-01
    6.25985146e-01 3.48894358e-01 2.27958441e-01 6.18919015e-01
    8.17531228e-01 1.63688749e-01 4.48591650e-01 9.94042158e-02
    2.30593681e-02 9.04734194e-01 1.07361823e-01 2.17340440e-01
    6.99578524e-01 6.39864445e-01 2.34453887e-01 5.93703270e-01
    2.80869305e-02 4.90217298e-01 5.23246527e-02 9.65844631e-01
    1.90075934e-01 8.73388171e-01 6.67536855e-01 2.17158139e-01
    2.89866328e-03 5.65401971e-01 2.61987448e-02 4.66590047e-01
    8.11841786e-02 1.76724702e-01 3.09816658e-01 6.27808511e-01
    7.35186100e-01 2.55604327e-01 4.07417119e-02 6.69268727e-01
    5.72686315e-01 6.62343502e-01 2.82550335e-01 6.43828213e-01
    7.17728794e-01 7.91448474e-01 3.52358341e-01 5.63353837e-01
    6.81375146e-01 7.10875869e-01 7.03160465e-01 2.43059427e-01
    1.17950171e-01 8.04141641e-01 5.12656569e-03 9.00387883e-01
    1.61801994e-01 4.13374156e-01 6.65687919e-01 6.36390388e-01
    7.58784115e-01 7.21098661e-01 7.13276744e-01 3.90849262e-01
    8.94310474e-01 8.68700147e-02 3.39075685e-01 1.61716521e-01
    3.49964529e-01 6.80034459e-02 5.52268922e-02 7.52393067e-01
    7.82281399e-01 5.03921568e-01 7.50767648e-01 3.93354565e-01
    7.15510011e-01 4.26750809e-01 2.99199820e-01 8.62023711e-01
    3.63528967e-01 1.53050125e-02 3.18552077e-01 8.87989402e-01
    1.49378330e-01 4.98838812e-01 5.96597433e-01 2.93362677e-01
    3.70543659e-01 6.21394873e-01 7.87182808e-01 7.63582110e-01
    4.77703363e-01 5.30199170e-01 6.17510080e-02 1.15009040e-01
    4.13193583e-01 5.61632574e-01 7.34594643e-01 5.10181069e-01
    5.23433685e-01 2.02361315e-01 5.09021401e-01 5.16919136e-01
    8.79826546e-02 2.88896978e-01 8.99335444e-02 4.84489590e-01
    2.39861935e-01 9.24176216e-01 5.74396372e-01 1.20637834e-01
    3.68837893e-01 6.96841776e-02 6.13737643e-01 8.53540778e-01
    9.53048587e-01 9.41846609e-01 2.56141424e-02 8.38269949e-01
    1.33136183e-01 6.53120995e-01 8.57729912e-01 3.44500065e-01
    3.89556885e-01 5.06908298e-01 7.28316665e-01 3.59180033e-01
    7.94988036e-01 6.23892903e-01 9.58176553e-01 7.68464446e-01
    4.58168209e-01 8.19335699e-01 3.40340555e-01 1.78528249e-01
    1.70235664e-01 5.45725822e-02 8.89144540e-01 9.00260568e-01
    3.17206293e-01 8.02405477e-01 8.41098666e-01 4.81961608e-01
    4.53602910e-01 3.09708744e-01 1.51265413e-01 7.49240994e-01
    5.45310974e-02 3.30206901e-01 9.70745742e-01 3.48404944e-02
    1.96117580e-01 7.31781125e-03 3.78212333e-01 7.70324945e-01
    1.84274524e-01 1.12057626e-02 8.69022310e-02 3.43480885e-01
    9.01982069e-01 5.37323058e-01 7.86764205e-01 1.77673638e-01
    4.81235087e-02 2.65022278e-01 2.70418286e-01 1.35501504e-01
    5.04468799e-01 4.15051252e-01 1.30120218e-01 7.08650529e-01
    5.32355964e-01 8.41122329e-01 9.06276107e-02 3.76483828e-01
    1.20415658e-01 6.25430465e-01 3.78824174e-02 4.41273123e-01
    4.65708971e-02 9.33424234e-01 7.56812930e-01 3.47509503e-01
    1.96209162e-01 7.04093695e-01 9.88183141e-01 5.32341301e-02
    2.86844492e-01 9.29305792e-01 4.41442937e-01 6.41043782e-01
    4.01051044e-02 3.15162510e-01 6.59916401e-01 6.53458238e-01
    4.89181578e-02 9.47889507e-01 7.76980877e-01 5.28988540e-01
    5.17371655e-01 1.05277151e-01 6.15754366e-01 7.85786271e-01
    4.53193188e-02 3.61920893e-01 9.97434378e-01 6.35946393e-02
    6.59259081e-01 5.75004578e-01 6.67080224e-01 9.30641472e-01
    8.96942019e-02 3.93481106e-01 8.60930085e-01 6.99860394e-01
    4.01832402e-01 3.61491233e-01 3.62289310e-01 6.58811390e-01
    7.41027355e-01 9.97647166e-01 2.57147431e-01 5.70346713e-02
    3.07904840e-01 8.82609963e-01 5.04287720e-01 4.29119766e-01
    6.05324686e-01 9.93132055e-01 9.85462546e-01 7.44628072e-01
    3.10773432e-01 9.15127754e-01 4.43107963e-01 7.11615980e-01
    1.19206905e-02 3.74909818e-01 1.49051636e-01 2.76178122e-04
    2.54257619e-01 6.41992629e-01 1.44259125e-01 7.64331162e-01
    4.43957746e-01 2.15146601e-01 6.75593257e-01 5.52332938e-01
    3.82336050e-01 7.84514785e-01 9.67725635e-01 3.64709258e-01
    4.63891089e-01 3.03471565e-01 6.11476481e-01 9.71206188e-01
    8.39969575e-01 6.24163032e-01 4.22051191e-01 9.71412539e-01
    1.72176152e-01 9.73191381e-01 3.59626353e-01 3.72005105e-02
    6.10316873e-01 4.07635689e-01 6.25668228e-01 3.17446053e-01
    7.69367337e-01 1.96813881e-01 1.80918127e-01 1.18238509e-01
    4.77134585e-02 8.09022307e-01 7.60164857e-01 5.58950603e-02
    7.13206768e-01 9.05477881e-01 6.56576455e-01 2.25372851e-01
    1.21354192e-01 6.27739429e-01 3.38683963e-01 9.44515944e-01
    5.89943230e-01 6.27938867e-01 9.44853246e-01 7.95064926e-01
    7.50311375e-01 8.08094680e-01 2.06992328e-01 2.00536847e-03
    1.54825836e-01 1.87396824e-01 6.18446827e-01 9.48160172e-01
    3.85281444e-02 5.77642620e-01 8.14679861e-01 1.69011682e-01
    1.94327921e-01 4.03972745e-01 2.99694419e-01 4.95559633e-01
    6.29342079e-01 5.15199363e-01 1.18468732e-01 9.27750289e-01
    5.01749158e-01 9.85153913e-02 6.25646412e-02 5.97037792e-01
    5.12239993e-01 4.41342771e-01 8.63917172e-01 4.71155494e-01
    8.32523942e-01 3.13295007e-01 1.40435010e-01 4.24471557e-01
    3.61923367e-01 4.10443544e-03 7.23298132e-01 4.32355195e-01
    9.58252847e-02 5.40845454e-01 1.08046174e-01 6.19091272e-01
    6.44331574e-01 3.97382677e-02 2.22274750e-01 1.50206476e-01
    2.59048343e-01 3.05744022e-01 8.70986402e-01 3.28282416e-01
    1.86848700e-01 8.11381817e-01 9.19055820e-01 7.62291551e-02
    9.03809547e-01 6.96348727e-01 7.59202898e-01 2.84422636e-02
    3.83649588e-01 3.55455488e-01 7.89189935e-01 3.27047408e-01
    1.28310144e-01 3.55031431e-01 8.34919930e-01 3.34445536e-02
    5.80724359e-01 1.52607024e-01 3.79844338e-01 9.74465728e-01
    6.90296531e-01 5.13329446e-01 8.93291056e-01 6.93789124e-01
    3.05854201e-01 8.25260282e-02 6.83902502e-01 3.75420064e-01
    3.03201318e-01 6.73456311e-01 9.59383965e-01 5.47655225e-01
    2.90684462e-01 7.16750383e-01 7.13990569e-01 4.58773851e-01
    8.31986666e-01 3.28889906e-01 9.22545373e-01 1.81472301e-03
    4.59598720e-01 2.31028914e-01 7.26698875e-01 3.29125285e-01
    9.49786007e-02 2.10193813e-01 6.68426991e-01 9.39644873e-02
    8.20612550e-01 2.35306263e-01 5.52948058e-01 3.28813493e-01
    1.31541848e-01 5.51896751e-01 3.10280919e-02 7.87941575e-01
    9.95675683e-01 5.82013547e-01 4.15052384e-01 1.32727623e-03
    1.76527560e-01 3.40185910e-01 3.85028094e-01 9.29634094e-01
    1.32159531e-01 7.92241991e-01 7.22138047e-01 6.06927395e-01
    6.42019629e-01 5.89397490e-01 7.16439009e-01 4.84363854e-01
    1.00759834e-01 7.95074821e-01 3.08752537e-01 6.64117038e-02
    3.02018046e-01 7.08037794e-01 4.70742226e-01 3.34632993e-02
    4.01496887e-01 3.10981274e-01 7.68925011e-01 4.09927398e-01
    9.71764445e-01 9.85182166e-01 5.33901274e-01 2.74038017e-01
    4.34377521e-01 7.71533847e-01 4.34539914e-01 5.19248009e-01
    8.90568674e-01 7.54964054e-02 2.47361422e-01 6.66191578e-02
    1.20415658e-01 6.25430465e-01 3.78824174e-02 4.41273123e-01
    4.65708971e-02 9.33424234e-01 7.56812930e-01 3.47509503e-01
    1.96209162e-01 7.04093695e-01 9.88183141e-01 5.32341301e-02
    2.86844492e-01 9.29305792e-01 4.41442937e-01 6.41043782e-01
    4.01051044e-02 3.15162510e-01 7.27344275e-01 4.29546833e-02
    1.99232012e-01 2.01653332e-01 8.10406446e-01 9.61308777e-02
    8.92917275e-01 8.93595934e-01 6.17842555e-01 8.78015637e-01
    4.04869378e-01 2.29942292e-01 1.41191781e-02 1.78389519e-01
    9.77568626e-02 4.85935509e-01 3.16942453e-01 6.50457621e-01
    8.47021580e-01 7.73526788e-01 6.95774436e-01 7.19425440e-01
    4.29894924e-02 7.33623326e-01 1.56510860e-01 2.35678732e-01
    5.85399270e-01 7.47692466e-01 9.69038904e-01 8.71790528e-01
    4.86993492e-02 8.98951411e-01 3.18047047e-01 8.48563790e-01
    1.03208244e-01 6.85665727e-01 2.56896734e-01 9.93566871e-01
    4.43292946e-01 8.95245850e-01 2.59372741e-01 1.66011453e-01
    7.90972471e-01 2.29437917e-01 3.37670922e-01 7.47460186e-01
    5.12102664e-01 6.20843232e-01 2.79927552e-01 9.28480923e-02
    5.28980911e-01 1.30237877e-01 3.16784650e-01 4.07990068e-01
    5.98818123e-01 7.37629116e-01 9.02420521e-01 2.45775700e-01
    9.78322506e-01 3.32162112e-01 9.92369533e-01 9.89108801e-01
    7.31424391e-01 6.14599764e-01 6.42160535e-01 8.77083302e-01
    9.76121664e-01 8.29484105e-01 7.34376371e-01 5.25727689e-01
    6.57653749e-01 3.41158330e-01 8.87997389e-01 6.24914050e-01
    9.60758865e-01 4.01352912e-01 5.75309753e-01 6.35625422e-02
    3.70888650e-01 2.01651484e-01 7.54017115e-01 9.01977420e-01
    1.07432276e-01 5.19007921e-01 5.26062310e-01 9.57329214e-01
    5.38365066e-01 5.91584921e-01 8.37977171e-01 2.00104684e-01
    3.99840087e-01 7.70388246e-01 1.60385728e-01 9.15427446e-01
    1.04298145e-01 3.31113428e-01 5.70390940e-01 5.55045366e-01
    4.62138206e-01 2.82588840e-01 7.05321789e-01 8.64687502e-01
    2.27965027e-01 3.88592899e-01 2.12563038e-01 2.75495052e-01
    7.01697826e-01 8.74884725e-01 3.03704530e-01 8.96501184e-01
    4.17396367e-01 2.21507430e-01 9.43613291e-01 3.56370330e-01
    1.85099244e-03 2.74695218e-01 7.96145201e-01 6.38967097e-01
    9.08543706e-01 5.43702841e-01 3.44765723e-01 5.38574636e-01
    8.50513458e-01 2.64856935e-01 9.96890664e-03 5.37682772e-01
    4.94286627e-01 6.37058675e-01 5.88039994e-01 6.00708008e-01
    6.91270351e-01 1.51423365e-01 1.18990719e-01 6.71318054e-01
    8.92692864e-01 5.80057204e-01 4.52600271e-01 9.23551202e-01
    2.47610182e-01 2.97933757e-01 5.53484023e-01 3.08977783e-01
    1.38295650e-01 1.66853011e-01 3.34866226e-01 9.68198419e-01
    8.42424035e-01 1.39824331e-01 3.73441368e-01 2.45517135e-01
    1.14760280e-01 1.21220112e-01 5.31769454e-01 1.12494677e-01
    5.24998903e-02 1.34869695e-01 7.76401043e-01 2.25849926e-01
    9.45900321e-01 3.88427794e-01 7.41508722e-01 4.22105402e-01
    7.06548333e-01 3.10496032e-01 1.57956034e-01 2.85657287e-01
    5.47792614e-02 1.17716968e-01 4.94976044e-02 8.82776260e-01
    7.38450646e-01 4.92401302e-01 2.67028034e-01 1.89737052e-01
    9.82788861e-01 7.54582942e-01 7.49444425e-01 7.46278644e-01
    3.31995189e-01 1.08050287e-01 7.42902756e-01 9.54138160e-01
    6.95289612e-01 3.60965192e-01 1.36685818e-01 4.16479588e-01
    3.17650497e-01 6.99465692e-01 6.57542348e-01 1.59244567e-01
    1.33705229e-01 5.16544640e-01 3.53804767e-01 7.72348344e-02
    3.45016062e-01 4.78661060e-01 5.78335702e-01 9.37788963e-01
    3.08888823e-01 6.57054961e-01 7.23014295e-01 8.79167438e-01
    4.82673556e-01 6.43308043e-01 1.52096897e-01 7.06438363e-01
    7.01358438e-01 6.67688131e-01 7.38944590e-01 1.55898452e-01
    6.77855909e-01 6.12348676e-01 4.44203287e-01 5.59613705e-01
    1.90643072e-02 3.49594593e-01 8.04051638e-01 5.56901097e-01
    4.40710604e-01 1.70344710e-01 1.82973206e-01 8.36901069e-01
    9.06533420e-01 5.83923578e-01 8.87644649e-01 8.01340461e-01
    6.40297711e-01 1.46689594e-01 4.28901315e-02 8.44711959e-01
    1.97773129e-01 5.99979341e-01 4.37633634e-01 3.15601051e-01
    9.51027036e-01 7.44352341e-01 3.91718447e-02 5.71535468e-01
    7.83172727e-01 2.56135046e-01 5.20967185e-01 4.48171049e-01
    1.91804528e-01 7.70006418e-01 9.56657767e-01 6.57059789e-01
    9.84545827e-01 4.93944496e-01 1.52330011e-01 5.50944388e-01
    1.51480287e-01 1.13214016e-01 2.68322408e-01 1.74871325e-01
    4.89413619e-01 4.30070311e-01 7.27344275e-01 4.29546833e-02
    1.99232012e-01 2.01653332e-01 8.10406446e-01 9.61308777e-02
    8.92917275e-01 8.93595934e-01 6.17842555e-01 8.78015637e-01
    4.04869378e-01 2.29942292e-01 1.41191781e-02 1.78389519e-01
    9.77568626e-02 4.85935509e-01 3.16942453e-01 6.50457621e-01
    1.63575053e-01 4.75537002e-01 5.62834382e-01 7.09560454e-01
    2.51437634e-01 6.89333975e-02 3.96529317e-01 9.02293921e-02
    9.69788432e-01 8.67400646e-01 7.54462004e-01 5.52573442e-01
    7.23880351e-01 6.90655649e-01 9.35500562e-01 9.68927503e-01
    4.02696371e-01 8.23573768e-02 9.35294449e-01 8.89199913e-01
    7.79993057e-01 5.63787878e-01 4.26633000e-01 3.66512477e-01
    1.87135339e-01 2.15339452e-01 1.27789229e-01 1.81973338e-01
    5.85720360e-01 1.78169131e-01 6.78444088e-01 3.03246796e-01
    2.53286660e-01 6.89812839e-01 1.63239419e-01 6.61851645e-01
    5.62480450e-01 1.58369839e-01 4.16281819e-02 5.63694894e-01
    1.14437699e-01 9.09164429e-01 2.65407205e-01 4.72702384e-01
    5.54469287e-01 6.89369082e-01 6.39312863e-01 8.89532328e-01
    6.62423074e-01 6.87521517e-01 7.67151117e-01 1.03155732e-01
    5.59595108e-01 5.88344812e-01 4.15329367e-01 7.18593001e-01
    1.98593855e-01 7.53797829e-01 8.08927894e-01 2.98498422e-01
    6.91934228e-01 4.72502619e-01 5.43994844e-01 1.80920810e-01
    3.84481966e-01 9.74893928e-01 6.42955959e-01 4.23224002e-01
    2.00064808e-01 4.71723437e-01 4.04565632e-02 1.23369843e-01
    3.09883893e-01 5.40024817e-01 2.26543605e-01 7.08675444e-01
    1.83965176e-01 2.46377945e-01 2.66570210e-01 2.17882216e-01
    7.01567888e-01 4.64149445e-01 2.68199146e-01 1.95564270e-01
    3.55318815e-01 7.87379563e-01 1.54388309e-01 1.23929381e-02
    7.28498995e-01 9.71456409e-01 1.90455824e-01 5.63787103e-01
    7.57882953e-01 8.41336727e-01 6.12613261e-01 5.08530855e-01
    2.78625607e-01 6.05887413e-01 6.08815491e-01 7.90003538e-01
    4.38417375e-01 3.46415699e-01 6.07535839e-01 8.93074512e-01
    2.94862747e-01 9.86040831e-02 5.45349717e-02 6.73800349e-01
    4.99100655e-01 4.98640656e-01 1.39458776e-02 8.29004049e-01
    5.06770372e-01 6.81089163e-01 4.04448092e-01 4.23323780e-01
    1.58000737e-01 1.58690721e-01 3.57519627e-01 1.33025169e-01
    8.42318535e-01 5.81956387e-01 1.73898965e-01 9.74459052e-01
    1.80787176e-01 6.72561526e-02 2.72032112e-01 2.97647655e-01
    9.19243574e-01 4.38172519e-01 1.90077662e-01 6.64038479e-01
    2.06032753e-01 6.39010668e-01 9.76145148e-01 6.71120822e-01
    6.79500103e-02 8.13432455e-01 7.05170274e-01 6.34520948e-01
    4.62673634e-01 7.48486161e-01 9.01200533e-01 5.80684483e-01
    1.32518709e-02 9.20139849e-01 2.80473202e-01 5.05367398e-01
    2.96020865e-01 9.63014662e-01 5.45624793e-01 4.20388967e-01
    2.36385733e-01 7.78645456e-01 5.52842796e-01 7.68361032e-01
    1.70336187e-01 7.89027691e-01 7.93069303e-02 9.88624156e-01
    4.76512313e-01 3.16636324e-01 9.42213595e-01 4.23051447e-01
    7.96349883e-01 8.72580767e-01 8.98422897e-01 6.06572628e-02
    7.38588214e-01 9.54792976e-01 8.42302918e-01 1.17336035e-01
    4.60682482e-01 1.78754687e-01 8.17068577e-01 5.55896997e-01
    4.50819463e-01 9.96572554e-01 1.81009322e-01 3.04749548e-01
    1.16113037e-01 7.27451146e-01 5.11844635e-01 2.33013391e-01
    5.68056703e-01 6.64050639e-01 8.33108127e-02 3.63633275e-01
    2.17707455e-02 6.47278428e-02 9.38499093e-01 2.62261689e-01
    5.19798994e-01 7.08952904e-01 6.74540102e-02 7.16143250e-02
    1.18087828e-01 3.59090924e-01 3.03688079e-01 5.72163880e-01
    4.16370064e-01 4.00418729e-01 5.16468585e-01 7.02794373e-01
    9.30390835e-01 4.55576807e-01 7.37452626e-01 5.74505925e-02
    4.39319909e-01 9.31677580e-01 9.57010806e-01 1.06172413e-01
    8.25741649e-01 1.82646900e-01 6.87186122e-01 1.20275497e-01
    1.04590356e-01 2.61690736e-01 6.91860735e-01 4.15102720e-01
    8.77131224e-01 7.10537076e-01 2.61427164e-01 6.44178152e-01
    8.09960723e-01 2.68428564e-01 3.78717959e-01 6.69103861e-01
    2.07455844e-01 1.24312788e-01 5.82390666e-01 9.25103188e-01
    1.15231544e-01 2.57579625e-01 7.68651009e-01 7.52048612e-01
    6.56517744e-01 2.13977516e-01 2.36111015e-01 2.46649981e-03
    7.78215647e-01 2.37601280e-01 6.87796354e-01 6.05447710e-01
    5.13272703e-01 6.66456938e-01 6.67651355e-01 4.82600987e-01
    5.23573339e-01 8.89425278e-01 9.96404886e-01 2.48983979e-01
    9.59200978e-01 7.78147101e-01 2.99188733e-01 6.62394643e-01
    1.63575053e-01 4.75537002e-01 5.62834382e-01 7.09560454e-01
    2.51437634e-01 6.89333975e-02 3.96529317e-01 9.02293921e-02
    9.69788432e-01 8.67400646e-01 7.54462004e-01 5.52573442e-01
    7.23880351e-01 6.90655649e-01 9.35500562e-01 9.68927503e-01
    4.02696371e-01 8.23573768e-02 7.40318000e-01 4.73440856e-01
    9.89939690e-01 2.32443660e-01 5.11584222e-01 6.63403213e-01
    2.70860851e-01 1.01038873e-01 2.38993168e-02 1.66175634e-01
    6.89450800e-01 8.83939505e-01 8.96099508e-01 3.09627652e-01
    5.32776594e-01 2.56671071e-01 4.45859849e-01 6.26318693e-01
    7.11608231e-02 2.11217523e-01 2.89571524e-01 6.25380278e-01
    4.74936247e-01 1.56602859e-01 3.13169003e-01 4.70039845e-01
    1.48179561e-01 6.58146262e-01 8.74313235e-01 3.48190874e-01
    7.78042614e-01 9.29724693e-01 6.00943744e-01 8.15724313e-01
    4.59957421e-01 8.94997895e-01 7.53680825e-01 9.79448915e-01
    1.79125577e-01 5.56834698e-01 7.91465044e-01 5.09699285e-01
    5.22086740e-01 6.64632916e-02 4.45593119e-01 5.30110657e-01
    9.41558599e-01 3.68735194e-02 2.08126396e-01 9.80481207e-02
    9.19628084e-01 3.33610237e-01 9.55018640e-01 4.91653562e-01
    2.72069395e-01 5.56484461e-01 7.42833495e-01 6.72021866e-01
    3.80589664e-02 8.93699050e-01 1.50137961e-01 8.95222962e-01
    3.18747431e-01 5.32223582e-02 7.96265960e-01 5.80659509e-01
    5.92312396e-01 1.96423829e-01 5.61195135e-01 8.37402940e-01
    6.25931263e-01 7.78975785e-01 1.88264906e-01 6.45918727e-01
    5.74452400e-01 2.67699897e-01 5.45694947e-01 6.01134539e-01
    6.68102086e-01 4.10995424e-01 9.46974397e-01 8.59691799e-01
    1.22956961e-01 2.80491829e-01 3.80754679e-01 4.03355062e-02
    8.17026615e-01 5.06792307e-01 2.71291018e-01 1.26190931e-01
    3.45669329e-01 4.28645551e-01 3.26705635e-01 3.87517512e-02
    8.33419561e-01 4.94384319e-01 1.13108367e-01 1.16719633e-01
    5.69435835e-01 2.09690899e-01 8.68762493e-01 7.26449966e-01
    3.44219804e-01 3.83755952e-01 9.01090503e-02 8.91561151e-01
    9.25992191e-01 1.84828937e-02 2.59871066e-01 2.95319915e-01
    6.48288250e-01 1.43780142e-01 6.83817267e-01 2.69537061e-01
    3.33350748e-01 8.29968095e-01 5.84075749e-02 1.18013918e-02
    7.97416925e-01 6.11360610e-01 4.37246472e-01 5.83285153e-01
    9.14488614e-01 8.79573941e-01 3.00551355e-02 4.16211247e-01
    9.79212403e-01 8.12282979e-01 8.33231688e-01 8.86489391e-01
    8.15569818e-01 5.49771726e-01 3.84248257e-01 8.34892750e-01
    1.80855691e-01 6.06334209e-03 1.73771560e-01 3.13140094e-01
    5.27158380e-03 2.42149830e-01 1.07871532e-01 5.12443721e-01
    4.03898805e-01 2.12621748e-01 1.81896925e-01 2.39752948e-01
    6.44139588e-01 6.80045962e-01 4.43403423e-01 5.87589622e-01
    1.44395828e-01 4.71098691e-01 5.62270880e-01 3.36438060e-01
    3.98450047e-01 2.26524472e-02 7.04771698e-01 9.55589533e-01
    2.57188022e-01 6.29603863e-04 4.74204123e-01 3.42106700e-01
    2.90150732e-01 7.63383865e-01 5.20835280e-01 4.76129204e-01
    6.53970718e-01 4.41745728e-01 1.46041363e-01 3.86602670e-01
    3.28751415e-01 6.63699031e-01 2.59171903e-01 2.42866695e-01
    4.49757218e-01 7.88469791e-01 9.78426933e-01 7.47828424e-01
    4.42591608e-01 1.22266293e-01 8.43657732e-01 1.56250685e-01
    9.09429371e-01 5.81034124e-02 7.48537183e-02 9.37997401e-02
    8.95170569e-01 5.30505121e-01 1.80605143e-01 4.81462538e-01
    2.52667904e-01 5.68997681e-01 1.65797561e-01 9.55144167e-01
    7.83645809e-01 4.16504979e-01 6.06431067e-01 8.41916621e-01
    5.96828103e-01 6.92497492e-02 4.62322831e-02 2.03702450e-02
    2.73145437e-02 7.27472305e-02 9.41084027e-02 5.67683578e-01
    6.73541427e-02 7.99957156e-01 1.85195208e-01 9.60130394e-02
    5.89924335e-01 7.20944107e-02 8.98370683e-01 2.61330366e-01
    1.99047595e-01 3.54601324e-01 1.84075952e-01 1.68372005e-01
    8.63032341e-01 3.88929307e-01 2.82548457e-01 8.52350354e-01
    5.22730947e-01 8.44987273e-01 3.18135440e-01 8.52470398e-02
    7.74340153e-01 1.68113172e-01 9.08028185e-01 8.58590245e-01
    8.96561146e-03 5.77391863e-01 8.72996688e-01 3.23471129e-01
    7.60195255e-01 3.12479794e-01 3.01290125e-01 1.92803949e-01
    5.85438132e-01 2.93964446e-01 9.66813326e-01 1.68533236e-01
    5.14630854e-01 2.89327979e-01 1.16868734e-01 4.28305477e-01
    6.05343223e-01 6.34093404e-01 2.01259851e-01 8.48276019e-01
    1.58836901e-01 5.50616086e-01 9.85575140e-01 8.58261347e-01
    7.40731001e-01 7.64719129e-01 7.40318000e-01 4.73440856e-01
    9.89939690e-01 2.32443660e-01 5.11584222e-01 6.63403213e-01
    2.70860851e-01 1.01038873e-01 2.38993168e-02 1.66175634e-01
    6.89450800e-01 8.83939505e-01 8.96099508e-01 3.09627652e-01
    5.32776594e-01 2.56671071e-01 4.45859849e-01 6.26318693e-01
    8.44240785e-01 8.64531279e-01 2.35307813e-01 4.56557214e-01
    2.46610850e-01 9.85411406e-01 2.12926984e-01 6.19387031e-02
    2.71785140e-01 9.71802294e-01 9.05237973e-01 5.57576716e-02
    8.20276022e-01 4.66886789e-01 3.39223444e-01 1.00674123e-01
    7.49134421e-01 4.48621511e-02 8.94128323e-01 4.49757576e-02
    2.71957070e-01 6.92135692e-01 6.55046403e-01 2.39268720e-01
    8.91990662e-01 6.45799637e-01 8.41633797e-01 6.57923818e-01
    2.73054481e-01 3.67516607e-01 6.77995741e-01 1.85337216e-01
    7.82736540e-02 4.10717666e-01 5.06727695e-02 1.88679248e-01
    8.32482338e-01 2.10438758e-01 3.70447427e-01 7.22866476e-01
    8.72030377e-01 3.80338132e-01 7.73080468e-01 1.49625391e-01
    9.84543085e-01 8.23359907e-01 1.07370615e-01 3.26384336e-01
    1.65385425e-01 2.60327309e-01 6.37658834e-02 1.02897555e-01
    4.66112196e-01 4.99555081e-01 9.76938307e-01 1.72910690e-01
    6.71461046e-01 8.30166101e-01 8.44470799e-01 8.76966476e-01
    3.87389660e-01 5.60922325e-01 3.94870639e-02 5.49695849e-01
    4.03601885e-01 2.58180916e-01 4.30274099e-01 9.72977042e-01
    7.30395615e-02 3.30460221e-01 4.30931091e-01 2.09577143e-01
    1.21812046e-01 4.39223528e-01 4.35830832e-01 2.49317259e-01
    7.76971936e-01 2.56584167e-01 5.82435548e-01 1.95744991e-01
    9.72334087e-01 8.98556352e-01 9.71539438e-01 7.52938151e-01
    7.54874051e-02 5.45187712e-01 2.33911693e-01 9.50003743e-01
    8.71254742e-01 2.45295048e-01 2.00588703e-02 6.10874712e-01
    3.29543829e-01 3.94192636e-01 1.82631403e-01 9.80927169e-01
    1.14077091e-01 9.38319445e-01 4.85661656e-01 4.20852900e-01
    8.34783852e-01 9.94160414e-01 5.34805417e-01 3.80833805e-01
    8.61409187e-01 6.33486211e-01 8.86469364e-01 1.25112265e-01
    9.44297314e-01 8.03139508e-02 1.80381536e-03 2.71265864e-01
    8.13420653e-01 3.34126830e-01 8.15322042e-01 6.63065434e-01
    9.06204045e-01 6.36169553e-01 4.02969748e-01 8.23144794e-01
    6.06646657e-01 7.04945028e-01 7.96731353e-01 6.07077360e-01
    5.38370550e-01 6.09640956e-01 7.79431820e-01 6.58629656e-01
    1.97995812e-01 1.39242828e-01 5.07486820e-01 7.44985640e-02
    7.83710897e-01 5.54142416e-01 5.18333375e-01 2.08186865e-01
    9.11580205e-01 9.92232919e-01 7.70524204e-01 5.24438381e-01
    4.47523743e-01 9.30689454e-01 4.73332912e-01 6.34447336e-02
    4.56825227e-01 9.81440783e-01 5.34379959e-01 3.59262764e-01
    9.89170969e-02 9.91173327e-01 8.83692622e-01 3.91593039e-01
    4.92636651e-01 8.39809835e-01 6.39691353e-02 8.15401733e-01
    4.16642368e-01 2.73152649e-01 5.16297638e-01 3.54819626e-01
    1.03980660e-01 8.90015125e-01 4.16812599e-02 3.72397780e-01
    1.72111243e-01 5.99762142e-01 6.55059695e-01 5.16346097e-01
    9.99051809e-01 7.72219896e-03 1.22237116e-01 1.28478050e-01
    6.29330277e-01 6.95460141e-02 1.02140307e-02 4.43348676e-01
    3.62802327e-01 6.31203532e-01 4.24001962e-01 3.54649276e-01
    6.01749003e-01 3.74213040e-01 6.12640142e-01 8.80145788e-01
    5.63556433e-01 7.13614821e-01 7.11340308e-01 5.83120704e-01
    8.24865222e-01 5.90519905e-01 8.18081856e-01 6.05682433e-01
    7.20309317e-02 4.86907750e-01 6.45491421e-01 2.98856556e-01
    8.10973048e-01 7.11887121e-01 7.53919721e-01 2.90764689e-01
    8.30327392e-01 6.43718839e-02 1.14557326e-01 1.54814214e-01
    4.38198924e-01 8.35637331e-01 9.48345065e-01 6.83140039e-01
    7.89723456e-01 8.04779112e-01 2.45243847e-01 5.09508252e-02
    7.64364600e-02 2.07537413e-02 3.29320937e-01 7.50421584e-01
    7.81689525e-01 9.43455875e-01 3.65877986e-01 2.96168238e-01
    9.98741984e-01 1.48072839e-02 6.71984792e-01 1.38090223e-01
    6.64494395e-01 6.91661716e-01 3.51547301e-01 8.50236714e-01
    4.24688280e-01 7.04612970e-01 7.56771326e-01 5.96181750e-01
    2.03363448e-01 7.73842096e-01 2.97558904e-01 8.15582395e-01
    6.19671166e-01 5.51034808e-01 5.53845644e-01 4.06343400e-01
    6.72745407e-02 6.05012596e-01 6.40222728e-01 5.88387370e-01
    1.89273655e-01 8.04414511e-01 4.61082578e-01 7.12332964e-01
    8.03935349e-01 6.80619657e-01 2.79348493e-01 3.63068819e-01
    1.81530565e-01 5.71232259e-01 5.34450769e-01 5.69463968e-02
    8.44240785e-01 8.64531279e-01 2.35307813e-01 4.56557214e-01
    2.46610850e-01 9.85411406e-01 2.12926984e-01 6.19387031e-02
    2.71785140e-01 9.71802294e-01 9.05237973e-01 5.57576716e-02
    8.20276022e-01 4.66886789e-01 3.39223444e-01 1.00674123e-01
    7.49134421e-01 4.48621511e-02 3.36518586e-02 8.20954561e-01
    9.35451567e-01 5.94949007e-01 6.23369932e-01 9.18835640e-01
    9.04048085e-01 1.90257937e-01 3.28801274e-01 6.75760269e-01
    4.27322149e-01 8.28803122e-01 5.01161337e-01 2.75805771e-01
    3.55240196e-01 4.57273185e-01 5.63482106e-01 1.45143151e-01
    8.29274297e-01 9.98359084e-01 5.61419368e-01 3.47866297e-01
    6.55920446e-01 8.45214128e-01 8.96365404e-01 5.91559768e-01
    3.27772200e-01 9.61128116e-01 8.75228524e-01 3.19435567e-01
    2.75119245e-02 6.70662820e-01 4.90918458e-01 1.32863015e-01
    9.97637987e-01 8.73359144e-02 6.92746043e-01 8.62692535e-01
    9.07167673e-01 9.16465759e-01 1.34562850e-02 1.66057527e-01
    6.18699014e-01 9.97653008e-01 1.34604186e-01 4.04167652e-01
    7.28321910e-01 8.06525350e-01 5.40272713e-01 9.50773716e-01
    1.55253768e-01 5.74640989e-01 7.92050958e-01 9.27787423e-02
    4.21742320e-01 1.84152991e-01 9.89685595e-01 1.69683129e-01
    5.75415730e-01 9.62078333e-01 7.38574743e-01 8.48450065e-02
    9.65419412e-01 6.93329930e-01 9.49605823e-01 7.95205951e-01
    9.52331424e-01 8.23456645e-01 1.19355589e-01 5.23328781e-01
    9.78606343e-02 4.76048201e-01 7.50659347e-01 3.48974049e-01
    6.71245575e-01 1.51207477e-01 1.85540020e-01 9.21536326e-01
    7.38381505e-01 3.40513229e-01 5.90637982e-01 1.85610414e-01
    4.65628952e-01 1.83065563e-01 1.51867479e-01 7.13143289e-01
    2.67636538e-01 4.75439042e-01 3.01023602e-01 9.12009180e-01
    1.59772336e-01 3.14114332e-01 3.36462736e-01 4.84567583e-01
    4.98970896e-01 6.12905562e-01 3.96140814e-02 6.68911219e-01
    7.82870054e-02 5.26860416e-01 8.36649001e-01 3.62870663e-01
    7.41609037e-01 2.96173513e-01 6.61582351e-02 5.60345292e-01
    8.72946382e-01 5.78076243e-02 2.71551669e-01 9.23565209e-01
    4.67851698e-01 9.45129037e-01 5.54941177e-01 9.23202455e-01
    6.10976815e-02 2.54478931e-01 9.36412692e-01 4.90003556e-01
    9.30218816e-01 1.84118986e-01 2.53077984e-01 9.54907537e-01
    3.28805894e-01 6.15913570e-01 3.56078416e-01 4.30425972e-01
    8.58270824e-02 2.09363908e-01 4.94531959e-01 5.81318140e-03
    6.92619681e-02 2.91362941e-01 5.29530168e-01 5.79880893e-01
    7.46846437e-01 7.96583414e-01 2.71877170e-01 1.13516927e-01
    6.84564233e-01 6.79200351e-01 5.25913060e-01 7.88846314e-02
    3.01545918e-01 3.81298244e-01 3.98404539e-01 6.57036781e-01
    7.74161458e-01 4.91743892e-01 1.59650713e-01 6.67306721e-01
    9.42880273e-01 2.85882503e-01 8.15257549e-01 5.52287757e-01
    4.08579588e-01 8.85906339e-01 4.86083657e-01 8.06863785e-01
    8.10020328e-01 3.07038009e-01 6.66158736e-01 3.04336548e-01
    6.87494397e-01 6.35178506e-01 2.94729233e-01 5.18892944e-01
    3.47581506e-01 1.37310326e-02 3.43168527e-01 2.88819939e-01
    3.97485644e-01 1.10268593e-06 8.00253034e-01 9.26770270e-01
    1.95450872e-01 5.60101449e-01 7.80255795e-02 9.41439390e-01
    3.51585448e-01 4.54891026e-02 9.71069813e-01 2.00928807e-01
    7.65754044e-01 4.16847616e-01 7.92811632e-01 4.82669115e-01
    6.88370347e-01 4.34339285e-01 4.24245954e-01 4.92413253e-01
    9.08626318e-01 5.57797849e-01 8.99416804e-02 2.58464515e-02
    5.18508554e-02 7.88184822e-01 3.98215055e-01 7.62664676e-01
    1.43900901e-01 2.60026962e-01 7.85466552e-01 5.78276455e-01
    5.99156260e-01 7.98714161e-02 8.70469213e-01 3.07179928e-01
    3.30763519e-01 7.78883815e-01 3.59041244e-01 8.69229734e-01
    2.09333032e-01 3.89850467e-01 1.68078363e-01 6.91619337e-01
    9.78454113e-01 6.87581420e-01 4.30074692e-01 5.41099489e-01
    9.02229130e-01 8.13286543e-01 8.05861831e-01 9.18784082e-01
    3.57627571e-01 3.14980805e-01 9.30768847e-01 6.44381046e-02
    5.14389813e-01 6.31639659e-01 5.05176842e-01 2.53452241e-01
    6.74997449e-01 1.01602942e-01 1.38866603e-01 4.82775271e-02
    7.02414811e-02 8.33945334e-01 7.10896075e-01 6.64055824e-01
    2.78264105e-01 5.50061643e-01 6.30229414e-02 1.11089319e-01
    1.76383287e-01 1.47082776e-01 5.25507271e-01 6.88578129e-01
    2.62063086e-01 8.03457260e-01 8.37818921e-01 4.10055518e-01
    1.12697154e-01 1.40725851e-01 9.03573275e-01 8.61133575e-01
    9.14207697e-01 9.39509571e-02 3.36518586e-02 8.20954561e-01
    9.35451567e-01 5.94949007e-01 6.23369932e-01 9.18835640e-01
    9.04048085e-01 1.90257937e-01 3.28801274e-01 6.75760269e-01
    4.27322149e-01 8.28803122e-01 5.01161337e-01 2.75805771e-01
    3.55240196e-01 4.57273185e-01 5.63482106e-01 1.45143151e-01
    5.08379817e-01 7.80224800e-05 4.11047190e-01 4.65224266e-01
    2.86422074e-01 3.82848382e-02 2.41419047e-01 5.89841247e-01
    4.17839110e-01 6.25137091e-01 2.28825271e-01 7.83644319e-02
    3.74223322e-01 9.09145832e-01 2.00671613e-01 6.24722660e-01
    7.77787685e-01 6.75966740e-01 9.80322957e-01 4.88969088e-02
    8.40935826e-01 8.35587144e-01 9.47020650e-01 5.66964686e-01
    1.04310542e-01 7.04090893e-02 2.74577498e-01 8.74437451e-01
    9.56707835e-01 1.70459092e-01 8.35271180e-01 8.06826949e-01
    5.85009813e-01 2.97278345e-01 1.80748105e-03 1.63607240e-01
    4.82406020e-01 3.63214612e-01 9.59620595e-01 5.14408410e-01
    4.20687884e-01 6.11241460e-01 1.67466402e-02 3.15507174e-01
    1.10154241e-01 5.37423491e-02 2.75087416e-01 2.59091258e-02
    5.57729006e-01 3.75722945e-02 3.29245239e-01 5.20403326e-01
    1.18860930e-01 8.19578469e-02 7.21035957e-01 6.40426993e-01
    3.24723423e-02 8.88547003e-01 1.56522572e-01 5.54426432e-01
    5.04871666e-01 1.71276689e-01 5.21225810e-01 7.84396172e-01
    6.14128232e-01 6.45707250e-01 4.52713132e-01 1.61663055e-01
    2.95937002e-01 1.28400058e-01 9.89036381e-01 2.02994943e-01
    6.52193725e-02 2.30851144e-01 2.55459368e-01 9.53778267e-01
    1.19916975e-01 5.33377528e-01 1.50089949e-01 6.43767297e-01
    2.36179799e-01 6.09613895e-01 4.66078252e-01 9.51337814e-03
    2.30159909e-01 9.09012318e-01 9.37982798e-01 9.34421241e-01
    6.08320415e-01 7.17725992e-01 4.52025503e-01 5.84726930e-01
    5.74450374e-01 6.30052388e-02 5.16421199e-02 8.93991470e-01
    3.02943110e-01 1.59269840e-01 6.83501542e-01 5.97249448e-01
    4.15498823e-01 3.35703820e-01 9.20363903e-01 3.40228200e-01
    5.41803598e-01 5.94878972e-01 9.11566615e-02 8.78709257e-01
    8.01784873e-01 7.47317076e-01 9.43155944e-01 2.34946132e-01
    8.24271739e-01 9.04998183e-02 8.88104558e-01 9.07350421e-01
    5.25232732e-01 9.56680775e-01 9.37989056e-01 4.91971672e-01
    3.90817046e-01 7.87321627e-01 8.51230860e-01 4.97079343e-01
    3.76945853e-01 7.09639311e-01 8.35580945e-01 1.42285526e-02
    3.03165257e-01 6.92919493e-02 9.60612297e-02 9.06404972e-01
    2.93555856e-03 4.72303361e-01 6.48602247e-01 9.60490704e-02
    5.63082695e-01 2.30586141e-01 4.32992369e-01 2.13629991e-01
    2.38136053e-01 8.34428966e-01 8.20606232e-01 1.06239915e-01
    1.97608203e-01 4.58101004e-01 9.70703959e-01 9.50506032e-01
    7.29493439e-01 1.68017775e-01 8.75987113e-02 9.72889006e-01
    3.59981418e-01 3.20515156e-01 5.77648997e-01 3.40973139e-02
    5.83354831e-01 9.44806218e-01 1.22306705e-01 6.30790055e-01
    8.27016234e-01 2.37050891e-01 5.63508987e-01 9.35875952e-01
    1.41244799e-01 4.91670668e-02 2.67161429e-01 3.22462916e-01
    9.61647332e-01 9.37301397e-01 2.42354512e-01 7.11089790e-01
    6.25491142e-01 6.41574204e-01 9.24379706e-01 3.14909637e-01
    7.78795123e-01 3.26159000e-02 4.75108922e-02 3.32031310e-01
    6.58078134e-01 9.79555488e-01 9.29235637e-01 5.33388913e-01
    3.20968419e-01 6.56434774e-01 1.89068675e-01 8.71730089e-01
    8.28572452e-01 3.66445988e-01 7.36956716e-01 1.40630573e-01
    7.72955656e-01 9.75464523e-01 1.26020133e-01 1.52426600e-01
    8.01402926e-01 1.48810536e-01 9.43282008e-01 6.10276997e-01
    2.11925715e-01 6.71537280e-01 2.22976357e-01 5.63191891e-01
    2.08230078e-01 1.24353468e-02 3.76270592e-01 5.48972607e-01
    5.00835478e-01 1.03833467e-01 2.06416070e-01 4.89635170e-02
    5.17137349e-01 4.85695601e-01 6.89674973e-01 9.52872276e-01
    7.01899648e-01 8.27976942e-01 7.47274160e-01 4.53388184e-01
    8.73592019e-01 8.26714933e-01 7.04258084e-01 9.67220545e-01
    5.06358743e-01 4.31932390e-01 5.30578554e-01 9.32795227e-01
    6.09674335e-01 8.19357634e-01 9.01368022e-01 2.70239413e-02
    3.36044967e-01 1.64251059e-01 6.12388313e-01 8.47052336e-01
    9.26067591e-01 1.67992592e-01 2.10212141e-01 5.94537854e-02
    7.70862818e-01 2.01150119e-01 5.35172880e-01 5.24420500e-01
    5.76051772e-02 9.43312526e-01 3.25859070e-01 1.39612913e-01
    4.66958344e-01 2.00144053e-01 3.71157348e-01 4.78722274e-01
    8.34087849e-01 4.35980260e-01 5.60238779e-01 4.29051757e-01
    5.08379817e-01 7.80224800e-05 4.11047190e-01 4.65224266e-01
    2.86422074e-01 3.82848382e-02 2.41419047e-01 5.89841247e-01
    4.17839110e-01 6.25137091e-01 2.28825271e-01 7.83644319e-02
    3.74223322e-01 9.09145832e-01 2.00671613e-01 6.24722660e-01
    7.77787685e-01 6.75966740e-01 4.72036451e-01 6.69100702e-01
    8.60402882e-02 7.00483620e-01 3.93283784e-01 9.09064412e-01
    8.66968632e-01 5.44144928e-01 7.90483713e-01 7.70429134e-01
    4.64816034e-01 3.33597988e-01 7.82572985e-01 8.38884294e-01
    8.38038743e-01 3.08029175e-01 5.09987235e-01 5.98947108e-01
    9.25561607e-01 1.27302766e-01 1.03322208e-01 2.27248579e-01
    7.71701336e-01 7.90990949e-01 7.86304832e-01 1.96758091e-01
    7.72872925e-01 1.43555403e-01 3.29899848e-01 9.45385695e-01
    4.54733759e-01 3.84421825e-01 3.47106487e-01 4.73755270e-01
    2.69922495e-01 2.36880869e-01 5.18140078e-01 4.29763824e-01
    2.06403464e-01 9.05057251e-01 1.82939172e-01 1.97211534e-01
    7.81993389e-01 9.32700157e-01 7.29650259e-02 2.05815226e-01
    7.65959024e-01 1.42369449e-01 3.65125656e-01 4.91052568e-01
    9.47752237e-01 6.97608352e-01 4.18850482e-02 8.05759072e-01
    6.32891774e-01 6.53212845e-01 7.82476664e-01 9.31685746e-01
    2.68882662e-01 8.15961599e-01 8.81601691e-01 3.08337510e-02
    4.86838609e-01 5.96428454e-01 8.95684242e-01 7.52373099e-01
    1.01194203e-01 2.25847960e-02 5.65242112e-01 4.27018344e-01
    3.46676350e-01 6.72487855e-01 6.54626787e-02 1.35049731e-01
    6.81775093e-01 8.75611126e-01 8.77726138e-01 3.23241830e-01
    1.05341971e-01 4.24023271e-01 5.14233768e-01 2.96960056e-01
    4.22498822e-01 2.26644039e-01 1.11236542e-01 9.48263049e-01
    8.49612296e-01 1.55609518e-01 3.42384577e-02 1.87989473e-02
    1.99991852e-01 7.08239019e-01 4.07970428e-01 4.84097987e-01
    2.08267003e-01 3.88914376e-01 6.21899366e-01 4.76872206e-01
    6.35073543e-01 6.64463580e-01 6.16737187e-01 5.99130034e-01
    8.48087668e-02 8.03189039e-01 6.29956186e-01 1.29741639e-01
    3.13334882e-01 2.58071244e-01 5.08676231e-01 3.27189445e-01
    7.76458740e-01 7.57503092e-01 3.01377565e-01 1.29178762e-02
    7.40621388e-01 4.75639671e-01 7.68700540e-02 5.13109207e-01
    7.57477403e-01 3.27594757e-01 3.23198438e-02 7.56107211e-01
    3.41026336e-01 4.79907244e-01 4.06247497e-01 4.76717860e-01
    4.15805876e-02 7.04259396e-01 4.76149499e-01 9.61637974e-01
    5.43461502e-01 6.31096780e-01 8.95765722e-01 5.98430157e-01
    9.17309284e-01 3.64639699e-01 9.13580060e-01 3.94099832e-01
    8.92934799e-01 1.60098314e-01 6.88772082e-01 6.70170367e-01
    6.02955759e-01 5.05956173e-01 2.36610472e-01 3.95580739e-01
    6.22463584e-01 4.89636183e-01 9.66142178e-01 3.86926055e-01
    5.94941735e-01 7.90797591e-01 2.92871624e-01 2.70337164e-01
    1.65367633e-01 4.19029683e-01 9.32894707e-01 9.36556578e-01
    9.30168033e-01 2.29751885e-01 9.12171602e-01 7.84576774e-01
    3.82353932e-01 8.36305737e-01 2.05174536e-01 1.80763394e-01
    8.29046369e-01 7.04314113e-01 3.54088187e-01 2.25252450e-01
    5.90029359e-02 7.48066127e-01 5.88453412e-02 7.27095306e-02
    3.01895857e-01 2.46431082e-01 2.39884645e-01 3.34982455e-01
    3.54562819e-01 8.81232798e-01 1.25989050e-01 2.52391994e-02
    8.50136995e-01 6.25562251e-01 9.60494936e-01 6.12179339e-01
    7.57099032e-01 5.19664884e-02 7.60746837e-01 5.39639175e-01
    7.83424616e-01 4.21427071e-01 5.15483916e-01 3.79306048e-01
    8.42510760e-01 8.35994542e-01 1.48798376e-01 4.95027900e-01
    7.51862049e-01 4.17919427e-01 1.82226926e-01 3.64962220e-01
    4.15856898e-01 5.36051750e-01 6.63176656e-01 5.12172341e-01
    7.48390794e-01 7.15346217e-01 1.70223922e-01 5.54693520e-01
    1.29531175e-01 7.04953551e-01 7.40173161e-02 2.35992223e-01
    2.07682520e-01 8.61478567e-01 3.17704678e-01 1.73620313e-01
    2.87459612e-01 4.52431798e-01 2.79754996e-02 6.98002040e-01
    3.39836538e-01 1.60525352e-01 1.19538844e-01 2.03174829e-01
    7.96000659e-01 2.43145227e-03 4.27270025e-01 7.06555068e-01
    2.92861938e-01 7.38855720e-01 3.11258405e-01 7.27698505e-01
    5.10461330e-02 1.61794037e-01 6.55621052e-01 6.15927875e-01
    4.31299329e-01 7.04020679e-01 2.25124151e-01 6.11681223e-01
    5.09806335e-01 6.20971799e-01 9.24067795e-02 3.79212677e-01
    1.33079588e-02 9.34357584e-01 5.42088568e-01 4.85167146e-01
    5.99654615e-01 5.20203054e-01 1.86132908e-01 1.44054919e-01
    3.91723424e-01 2.60514617e-01 4.72036451e-01 6.69100702e-01
    8.60402882e-02 7.00483620e-01 3.93283784e-01 9.09064412e-01
    8.66968632e-01 5.44144928e-01 7.90483713e-01 7.70429134e-01
    4.64816034e-01 3.33597988e-01 7.82572985e-01 8.38884294e-01
    8.38038743e-01 3.08029175e-01 5.09987235e-01 5.98947108e-01
    5.94420612e-01 5.47133565e-01 6.56514883e-01 8.88634980e-01
    4.06958520e-01 3.79020572e-02 9.96950269e-01 3.06840837e-01
    4.95651156e-01 7.52208889e-01 7.90271282e-01 6.08332574e-01
    8.13470125e-01 9.26838875e-01 5.91920912e-01 8.71697068e-01
    2.57385671e-01 7.35083163e-01 4.03753549e-01 3.48995060e-01
    3.10096353e-01 7.70010591e-01 9.81091559e-01 6.99296713e-01
    5.81740141e-01 3.95287275e-01 4.77743238e-01 1.24943256e-01
    1.00005656e-01 1.36840254e-01 8.88251066e-01 5.65294385e-01
    9.89394784e-01 9.55838144e-01 8.41975212e-02 2.61659265e-01
    9.69617426e-01 6.85895860e-01 2.80871928e-01 6.91535890e-01
    1.34712279e-01 7.96967745e-02 9.07256246e-01 9.51421857e-01
    9.98476744e-01 1.14285648e-01 7.19458342e-01 5.78338921e-01
    2.37798810e-01 9.05416369e-01 2.74899423e-01 9.69633520e-01
    5.82358718e-01 1.18743986e-01 9.46749270e-01 1.93307877e-01
    7.69901991e-01 1.83829814e-01 5.11015415e-01 2.07261950e-01
    2.07893163e-01 5.97023666e-01 1.47812545e-01 9.10775304e-01
    5.52108109e-01 3.71918619e-01 3.19500625e-01 4.25265133e-02
    8.93205702e-01 9.69092011e-01 8.08615386e-01 7.28407502e-02
    9.19982076e-01 8.95625830e-01 9.03796911e-01 2.42276996e-01
    2.12763846e-01 4.08602059e-02 1.58087909e-02 3.06583256e-01
    4.55263257e-03 7.89315999e-02 1.50281608e-01 8.91659498e-01
    8.90587568e-01 5.12069762e-02 4.50133115e-01 6.99374080e-01
    7.64273763e-01 7.23715782e-01 2.86245048e-01 9.62096751e-01
    5.40797293e-01 4.84920740e-01 1.81836873e-01 8.89052927e-01
    5.47689795e-01 8.32695842e-01 9.32472467e-01 3.67352337e-01
    4.03350532e-01 4.47360069e-01 8.00518692e-01 5.44243336e-01
    8.53620291e-01 4.32945937e-01 5.39916456e-02 3.47289026e-01
    1.39376700e-01 3.19438934e-01 2.13205814e-03 2.46471167e-03
    8.52631569e-01 8.16088438e-01 3.83995146e-01 6.99889302e-01
    4.78651732e-01 8.08223844e-01 7.15500474e-01 2.11594254e-01
    8.42357516e-01 6.22744679e-01 8.39215398e-01 7.67247438e-01
    6.27486229e-01 3.17479134e-01 1.02373779e-01 6.10289216e-01
    7.47501850e-04 6.39133215e-01 6.98801637e-01 3.45135212e-01
    1.35248661e-01 2.43036687e-01 2.58023530e-01 5.95457137e-01
    9.78486180e-01 1.03288352e-01 8.06711316e-01 6.40686810e-01
    4.85498428e-01 4.80011106e-03 9.76473153e-01 6.55191839e-01
    8.54813337e-01 8.47263932e-02 2.23791957e-01 4.31819975e-01
    4.56634939e-01 7.98572659e-01 1.05688542e-01 3.96130681e-02
    1.81084961e-01 4.36057568e-01 8.60007823e-01 7.62153506e-01
    9.19539928e-01 4.24048305e-02 7.16322720e-01 5.73818803e-01
    6.26288772e-01 4.47984666e-01 5.76962173e-01 3.79678309e-02
    6.67766690e-01 9.84746814e-01 7.04825103e-01 1.05324328e-01
    2.01488882e-01 7.28654861e-01 3.73274386e-01 8.76654983e-01
    8.50050330e-01 9.79332089e-01 8.75994682e-01 8.36095810e-02
    2.64425069e-01 1.53658301e-01 5.08542120e-01 6.61190510e-01
    8.52043271e-01 2.93693483e-01 7.04684913e-01 9.86004174e-02
    3.75655174e-01 1.09249204e-01 5.56392074e-02 6.60976648e-01
    1.31375045e-01 6.19728208e-01 3.58303726e-01 6.43069923e-01
    7.32529283e-01 7.10342050e-01 4.92711365e-02 3.50610942e-01
    9.62276101e-01 6.78843439e-01 8.36521029e-01 3.57966453e-01
    3.25019091e-01 4.75931466e-02 8.25240493e-01 1.71102047e-01
    9.56333637e-01 7.79511333e-01 5.46117604e-01 9.55110431e-01
    1.27833366e-01 5.23364544e-01 8.48754644e-01 6.21941447e-01
    6.09970689e-02 2.18473256e-01 5.41752875e-01 7.92596340e-01
    1.34190768e-01 3.01800072e-01 5.24665356e-01 8.12807262e-01
    9.30720031e-01 2.65920460e-02 8.85144711e-01 3.96428078e-01
    4.75434631e-01 7.28646815e-02 2.82162189e-01 4.26398456e-01
    1.31934702e-01 9.45304871e-01 6.32228434e-01 8.49634409e-03
    2.38840878e-02 5.58427751e-01 6.83018923e-01 5.79147160e-01
    9.37115788e-01 1.00114524e-01 9.31958437e-01 9.75277543e-01
    2.14325249e-01 9.19840932e-01 4.60000098e-01 7.36694872e-01
    6.54149234e-01 6.66306376e-01 2.61265337e-01 8.69946837e-01
    1.11767232e-01 3.36216271e-01 7.15026021e-01 9.67092395e-01
    6.25707865e-01 7.91812003e-01 3.90800834e-02 1.57167375e-01
    5.94420612e-01 5.47133565e-01 6.56514883e-01 8.88634980e-01
    4.06958520e-01 3.79020572e-02 9.96950269e-01 3.06840837e-01
    4.95651156e-01 7.52208889e-01 7.90271282e-01 6.08332574e-01
    8.13470125e-01 9.26838875e-01 5.91920912e-01 8.71697068e-01
    2.57385671e-01 7.35083163e-01 5.39504409e-01 1.21372789e-01
    3.37189496e-01 8.57151389e-01 6.34923816e-01 8.38240147e-01
    4.04032379e-01 4.71846879e-01 5.42939842e-01 6.21718049e-01
    9.28566456e-02 2.69266844e-01 6.05897605e-01 6.66308522e-01
    1.31592840e-01 3.42494339e-01 6.52491927e-01 3.83693337e-01
    9.14631844e-01 7.77754486e-02 7.86366224e-01 1.68184102e-01
    7.82247186e-01 2.54687071e-02 2.24558234e-01 9.46527481e-01
    8.97273064e-01 5.28403819e-01 8.11667621e-01 7.89293408e-01
    6.67741895e-03 4.77265716e-02 2.64780521e-01 4.48561907e-02
    6.34330451e-01 8.25397670e-02 8.00827682e-01 7.44332612e-01
    9.33605790e-01 9.40999389e-01 4.83195126e-01 3.67453098e-02
    1.35746241e-01 1.00989401e-01 8.34328532e-01 2.57926106e-01
    5.79656959e-01 3.22457850e-01 9.77941453e-02 3.82084042e-01
    4.53168154e-02 2.72806585e-02 4.53978449e-01 2.37664640e-01
    1.23215139e-01 4.18471187e-01 4.40477252e-01 7.23897755e-01
    3.20146680e-02 4.00978804e-01 5.81452549e-01 5.59448540e-01
    2.77719259e-01 5.13582051e-01 3.26911211e-01 4.44422960e-01
    5.90664029e-01 4.89743710e-01 8.27311933e-01 8.58182311e-01
    2.59736180e-01 9.91532028e-01 3.48117948e-02 9.33917582e-01
    5.93002677e-01 6.00526810e-01 4.02948171e-01 1.26636565e-01
    5.08168817e-01 1.87244058e-01 8.93315911e-01 2.98409969e-01
    9.33652878e-01 9.29464400e-01 4.02392328e-01 5.55579364e-01
    1.67458355e-02 9.48478639e-01 6.17690802e-01 9.73287284e-01
    4.91535902e-01 7.28893340e-01 6.22164190e-01 8.50847721e-01
    8.87621760e-01 2.54423022e-01 5.75965166e-01 5.89964867e-01
    6.35008454e-01 1.18298948e-01 7.40517318e-01 1.98992997e-01
    3.46906662e-01 7.84971714e-02 4.80361611e-01 4.91575897e-01
    1.21281981e-01 6.99817240e-01 5.97612858e-01 1.70983166e-01
    3.11453253e-01 1.43415213e-01 7.89453626e-01 5.85696399e-01
    5.92782497e-01 2.15761572e-01 7.56026864e-01 1.47105277e-01
    1.36516809e-01 3.35190475e-01 6.37919486e-01 9.53010201e-01
    4.02298391e-01 5.35350084e-01 4.21743602e-01 9.07881677e-01
    6.55706227e-02 5.35650015e-01 2.88336277e-01 3.35078239e-01
    4.52806145e-01 6.12719595e-01 8.01131487e-01 9.95470405e-01
    8.89019966e-02 8.71184468e-01 5.43244720e-01 2.11703777e-03
    3.70135307e-01 5.42436004e-01 4.70309019e-01 7.00062811e-02
    7.99655914e-01 6.11239135e-01 6.06513619e-01 8.72783422e-01
    1.76876217e-01 2.73990631e-03 5.76270580e-01 4.66090679e-01
    9.65540886e-01 3.49508584e-01 7.63682127e-01 3.23772490e-01
    3.90814662e-01 6.91738009e-01 2.06215799e-01 9.69874144e-01
    1.26618385e-01 3.88333708e-01 6.46352410e-01 8.89290094e-01
    8.24622631e-01 9.78448749e-01 3.50413203e-01 4.04893279e-01
    6.91419542e-02 6.73519969e-01 7.49889493e-01 7.45264530e-01
    1.29294068e-01 4.01722789e-01 3.74493390e-01 1.51764303e-01
    1.14216626e-01 8.37389529e-01 4.21473384e-01 4.40062433e-01
    2.17886895e-01 9.42734838e-01 6.91951454e-01 8.37429523e-01
    9.11329865e-01 9.07831788e-01 8.11117291e-01 1.14098370e-01
    2.90423870e-01 1.32807791e-01 3.97881657e-01 4.21301156e-01
    4.09903854e-01 2.84947842e-01 8.16258430e-01 2.16181189e-01
    1.72262758e-01 4.95371044e-01 6.90647960e-01 7.44591177e-01
    5.76383710e-01 7.64655173e-02 2.96925962e-01 3.66611063e-01
    2.97142297e-01 1.47830337e-01 1.04095012e-01 2.65179694e-01
    4.62725669e-01 6.39645636e-01 4.72905397e-01 8.36598158e-01
    7.43459105e-01 7.71088004e-01 5.93891740e-01 4.43754852e-01
    2.03231573e-01 4.36649978e-01 6.81691468e-02 9.97904181e-01
    4.58976090e-01 2.31620580e-01 2.72628158e-01 4.46130693e-01
    2.99682617e-02 1.10320002e-01 1.23998880e-01 6.90625131e-01
    5.49091876e-01 5.36420703e-01 9.85264063e-01 9.27288234e-01
    9.02945399e-02 7.52641082e-01 2.52633095e-01 4.62958813e-02
    6.64576411e-01 5.80961347e-01 1.83409810e-01 6.39270246e-02
    6.09364271e-01 3.00496340e-01 8.50147128e-01 4.05948073e-01
    7.80218720e-01 4.66338724e-01 5.43100357e-01 2.44749546e-01
    4.99392599e-01 8.21424127e-01 9.62453187e-01 5.85385561e-01
    1.34579778e-01 3.38273823e-01 5.72715878e-01 3.35799843e-01
    1.16502255e-01 4.07346308e-01 5.39504409e-01 1.21372789e-01
    3.37189496e-01 8.57151389e-01 6.34923816e-01 8.38240147e-01
    4.04032379e-01 4.71846879e-01 5.42939842e-01 6.21718049e-01
    9.28566456e-02 2.69266844e-01 6.05897605e-01 6.66308522e-01
    1.31592840e-01 3.42494339e-01 6.52491927e-01 3.83693337e-01
    9.52367783e-01 7.13322580e-01 7.48117447e-01 8.84565353e-01
    1.51103735e-02 2.68628597e-02 4.44667935e-01 8.63261104e-01
    9.60711420e-01 2.66216755e-01 7.24157155e-01 7.72286892e-01
    2.05914080e-02 8.64621162e-01 1.58000529e-01 5.37642360e-01
    2.14574605e-01 8.37362647e-01 5.72400391e-01 9.16249514e-01
    6.82173073e-01 4.70225275e-01 1.99403077e-01 8.47225904e-01
    6.15822732e-01 1.44101650e-01 4.74449158e-01 1.98528767e-02
    4.73719865e-01 6.92196727e-01 7.01012492e-01 4.38197732e-01
    5.33659220e-01 3.54821682e-02 4.54378843e-01 6.53777003e-01
    9.18497086e-01 5.95888615e-01 3.66422951e-01 9.02180314e-01
    9.47616458e-01 8.43532681e-01 6.32134080e-01 3.46156597e-01
    7.56754994e-01 7.37124979e-02 5.50571144e-01 8.49497557e-01
    3.99607003e-01 5.94469547e-01 8.18971515e-01 6.33782506e-01
    5.10578215e-01 8.86456728e-01 8.48119855e-01 4.03772026e-01
    8.21804047e-01 1.60341203e-01 3.99388522e-01 1.18867576e-01
    6.34462655e-01 3.40121329e-01 9.44126725e-01 5.20931959e-01
    3.56834352e-01 6.77816749e-01 3.85528505e-02 7.34429181e-01
    4.38962281e-02 8.63347352e-01 4.96407866e-01 5.39371550e-01
    5.99095702e-01 8.69843245e-01 3.40859145e-01 2.79861689e-02
    5.47035694e-01 5.08928537e-01 8.39541852e-02 1.03475839e-01
    1.43415004e-01 9.02185917e-01 3.65615219e-01 8.41068625e-01
    2.65495598e-01 5.90754449e-02 9.07683611e-01 8.60013485e-01
    9.81560111e-01 9.70957637e-01 8.38218927e-01 7.95837402e-01
    4.86136615e-01 9.27846432e-01 3.51173580e-02 6.73929334e-01
    2.67135024e-01 3.61772448e-01 2.19253927e-01 9.60595429e-01
    6.49197459e-01 3.35778773e-01 3.90434951e-01 1.22628599e-01
    5.55703759e-01 2.24473357e-01 6.60589814e-01 5.19894958e-01
    1.92788124e-01 6.04062617e-01 9.82026458e-02 4.32764202e-01
    3.74576151e-01 4.65218067e-01 2.59880126e-01 7.28542924e-01
    3.20911109e-02 6.56692326e-01 1.14161730e-01 9.81360793e-01
    2.83629179e-01 6.93252921e-01 7.10613906e-01 9.43090677e-01
    7.66417265e-01 9.03882504e-01 8.30462217e-01 8.96109343e-01
    5.96446097e-01 7.04762220e-01 3.24514180e-01 1.63813144e-01
    8.41268003e-02 1.96854830e-01 7.12556541e-01 7.97126293e-01
    1.20493889e-01 8.59088480e-01 3.06967258e-01 3.21453571e-01
    8.15488398e-01 5.91098368e-01 9.34981108e-01 9.35207248e-01
    9.53127384e-01 2.94239700e-01 6.70249760e-01 6.64121032e-01
    9.08037782e-01 2.02641517e-01 2.66600847e-01 7.96936750e-02
    3.65579724e-02 3.99588466e-01 4.67225015e-01 2.07250446e-01
    1.05793089e-01 1.89267486e-01 4.44348156e-02 8.12964439e-01
    8.56908977e-01 3.27820301e-01 8.57291937e-01 8.39070797e-01
    3.95892441e-01 5.71657777e-01 7.86515296e-01 8.18953574e-01
    7.82704055e-02 5.02396405e-01 5.01612425e-01 1.04876965e-01
    1.79393917e-01 3.65071535e-01 6.70695901e-01 3.31196070e-01
    3.00787568e-01 7.10042357e-01 9.13092732e-01 1.89708173e-01
    5.24887264e-01 5.15384972e-02 8.21422815e-01 9.23427701e-01
    4.89593744e-02 6.10882223e-01 2.51631320e-01 6.26814365e-01
    8.79539132e-01 2.66248643e-01 2.74954319e-01 9.07467246e-01
    9.02605534e-01 5.50990880e-01 2.83454120e-01 4.54474270e-01
    6.68603182e-02 4.35781062e-01 5.33095479e-01 7.00176179e-01
    7.60651827e-02 7.73899853e-02 2.26684958e-01 3.62375885e-01
    8.11575055e-01 2.49194801e-01 4.98167992e-01 5.98672569e-01
    7.20842600e-01 3.33607376e-01 1.81378126e-01 4.76662278e-01
    5.99447072e-01 5.00874102e-01 3.26916695e-01 6.36383653e-01
    4.20627862e-01 5.42735934e-01 8.28852296e-01 7.66045988e-01
    4.31486577e-01 6.39875233e-02 1.99252039e-01 9.32793200e-01
    9.91611481e-01 7.11952567e-01 8.57902765e-01 3.06541502e-01
    3.87526751e-02 4.99661207e-01 4.23830509e-01 3.83745879e-01
    2.00270653e-01 5.19989729e-02 4.99265909e-01 1.07892692e-01
    1.48732603e-01 2.54734755e-01 5.60211778e-01 9.67781901e-01
    6.93192184e-02 8.69077265e-01 4.00736928e-02 9.58292723e-01
    6.65944099e-01 2.52492011e-01 3.68465424e-01 1.26091421e-01
    6.68398023e-01 5.22977948e-01 5.90839207e-01 4.37024236e-03
    8.34796965e-01 1.55566633e-01 9.00384903e-01 2.63887882e-01
    9.52367783e-01 7.13322580e-01 7.48117447e-01 8.84565353e-01
    1.51103735e-02 2.68628597e-02 4.44667935e-01 8.63261104e-01
    9.60711420e-01 2.66216755e-01 7.24157155e-01 7.72286892e-01
    2.05914080e-02 8.64621162e-01 1.58000529e-01 5.37642360e-01
    2.14574605e-01 8.37362647e-01 9.85564590e-01 8.08897853e-01
    1.26691282e-01 5.37736714e-02 4.08869028e-01 8.93335581e-01
    9.51529443e-02 5.16651750e-01 2.63211966e-01 2.34097600e-01
    8.15866113e-01 3.12967896e-02 9.42941070e-01 4.72467542e-01
    7.18779564e-02 4.55622196e-01 8.50463808e-01 5.97704649e-01
    6.60334110e-01 1.72411501e-02 2.23370790e-01 6.29004240e-02
    3.28811824e-01 5.58380783e-02 7.04364181e-01 2.30408520e-01
    3.43802750e-01 1.99476033e-01 8.25396657e-01 8.33420753e-01
    7.29456902e-01 7.22868860e-01 8.24210048e-01 2.89835602e-01
    9.32119966e-01 9.85011458e-01 5.36531031e-01 2.76030898e-02
    9.25422668e-01 4.35699493e-01 3.67515802e-01 5.24666846e-01
    6.46536052e-02 7.01070011e-01 7.05881655e-01 9.06151056e-01
    1.61862254e-01 2.14644372e-02 6.98355436e-01 3.52416396e-01
    3.67103934e-01 2.21712291e-01 5.29664755e-03 2.41096199e-01
    7.39999235e-01 5.91283262e-01 8.43538105e-01 1.84708387e-01
    7.94430375e-01 1.07161105e-02 5.12267590e-01 9.97732759e-01
    6.55944288e-01 1.85612202e-01 5.95048726e-01 1.62115693e-02
    9.51138437e-02 6.63862109e-01 5.44369519e-01 9.92999494e-01
    3.74039739e-01 4.15049732e-01 2.66422987e-01 4.35121834e-01
    3.07873100e-01 1.88291371e-01 3.96896809e-01 7.23543406e-01
    9.15661097e-01 1.94625288e-01 4.56073880e-03 7.96721220e-01
    4.70329255e-01 9.83465075e-01 2.22811222e-01 6.33852482e-01
    7.73451209e-01 2.81697869e-01 1.10333204e-01 9.11113143e-01
    6.68166876e-01 4.02607650e-01 7.76470542e-01 5.54260612e-01
    6.35762691e-01 4.56611037e-01 4.05255705e-01 9.75140929e-02
    5.88225722e-02 4.02519047e-01 9.05139148e-02 7.05255330e-01
    8.44493389e-01 8.09432268e-01 2.24659145e-01 9.63859379e-01
    5.33336759e-01 8.21329415e-01 8.21619868e-01 1.92027569e-01
    6.36058450e-02 6.41291082e-01 5.58748484e-01 7.04617620e-01
    9.28081870e-01 2.54980028e-01 2.09728092e-01 2.81975567e-01
    2.77685404e-01 2.42833138e-01 3.07708651e-01 4.04814303e-01
    4.06727970e-01 7.73493767e-01 7.92834997e-01 7.08632827e-01
    3.13389301e-02 1.74652636e-02 9.39565003e-02 6.95281923e-02
    1.83287233e-01 3.67032886e-01 5.78806579e-01 6.07949436e-01
    6.13349497e-01 7.89601684e-01 2.11263388e-01 8.21105361e-01
    2.14470357e-01 7.46992111e-01 1.27349198e-02 4.52793598e-01
    8.14563215e-01 1.51913941e-01 4.23769087e-01 9.51512933e-01
    2.67034650e-01 9.05781567e-01 8.63402307e-01 7.45102882e-01
    1.57324612e-01 7.93406725e-01 7.69890130e-01 2.48101890e-01
    2.81569600e-01 8.18242669e-01 7.07012415e-01 3.31584990e-01
    7.18817472e-01 5.39125979e-01 4.08428699e-01 8.18241119e-01
    5.45718193e-01 8.49683344e-01 1.50633365e-01 6.21431172e-02
    9.17031884e-01 9.74937201e-01 6.99946582e-02 2.20017165e-01
    4.71224755e-01 1.72777474e-02 3.41982603e-01 7.89099336e-01
    4.52823341e-02 5.14940381e-01 3.74739408e-01 9.78506029e-01
    1.63350701e-01 2.51224875e-01 8.35136652e-01 1.37946308e-02
    1.92154825e-01 4.62604702e-01 7.20774770e-01 3.07413042e-01
    3.55309725e-01 4.69862431e-01 4.03506279e-01 3.26562881e-01
    5.79859793e-01 5.12850583e-02 1.47259355e-01 1.47892684e-01
    4.09123123e-01 2.50026494e-01 6.39171839e-01 4.80733901e-01
    8.20156276e-01 1.05502337e-01 5.41960955e-01 1.93114579e-01
    1.50868505e-01 6.22728407e-01 7.85158277e-01 8.89811039e-01
    9.01491165e-01 9.15074289e-01 5.17266989e-01 4.87440825e-02
    4.74207073e-01 8.26238871e-01 7.27053463e-01 8.76635909e-01
    9.91145313e-01 4.75505352e-01 2.49164313e-01 5.53285837e-01
    5.49210131e-01 3.79615992e-01 1.47826731e-01 9.32093382e-01
    8.76408279e-01 5.27380407e-01 1.71235442e-01 3.52498084e-01
    6.83077455e-01 2.26705909e-01 1.94846600e-01 2.69081503e-01
    3.23582679e-01 6.25824571e-01 5.80630004e-01 4.15996313e-02
    5.52753627e-01 2.71876484e-01 8.77532125e-01 9.02752757e-01
    9.56818223e-01 2.13884830e-01 1.70704424e-02 4.08223689e-01
    4.29780126e-01 4.56380367e-01 2.46836960e-01 3.95810246e-01
    9.45122004e-01 2.35409081e-01 2.16212809e-01 7.20507503e-01
    2.00822771e-01 9.11745667e-01 1.24498367e-01 1.22849166e-01
    7.43698001e-01 6.02792382e-01 9.85564590e-01 8.08897853e-01
    1.26691282e-01 5.37736714e-02 4.08869028e-01 8.93335581e-01
    9.51529443e-02 5.16651750e-01 2.63211966e-01 2.34097600e-01
    8.15866113e-01 3.12967896e-02 9.42941070e-01 4.72467542e-01
    7.18779564e-02 4.55622196e-01 8.50463808e-01 5.97704649e-01
    9.48095441e-01 5.74076593e-01 8.64320457e-01 8.04222405e-01
    5.96349478e-01 5.25227666e-01 7.00191975e-01 9.83908296e-01
    6.42251849e-01 7.23817348e-02 7.35328853e-01 4.89296854e-01
    9.15426970e-01 2.84984767e-01 2.13224739e-01 2.63716400e-01
    5.03237784e-01 3.31393838e-01 4.19800967e-01 9.20458555e-01
    8.89006615e-01 7.21467793e-01 4.10528660e-01 7.61303842e-01
    8.75547409e-01 9.62309778e-01 2.05152601e-01 7.90647864e-01
    4.15736079e-01 8.38627815e-02 9.17213559e-01 8.79636288e-01
    1.76234841e-01 7.77945876e-01 9.58010137e-01 8.77331853e-01
    9.78815556e-01 5.87782800e-01 7.60284543e-01 6.36447608e-01
    3.08353484e-01 4.08651441e-01 1.35142297e-01 9.69042659e-01
    8.18340898e-01 8.20995212e-01 6.26869678e-01 9.03570414e-01
    7.52348661e-01 3.19595993e-01 3.68738055e-01 6.47433639e-01
    1.19542658e-01 1.27711862e-01 6.59376383e-04 6.94218755e-01
    7.49551773e-01 9.27114367e-01 9.95049477e-01 2.27115482e-01
    8.85949075e-01 2.93778270e-01 1.48582458e-02 4.77968067e-01
    5.40270329e-01 2.44110554e-01 6.24985039e-01 8.69156241e-01
    9.27369893e-01 6.81698918e-01 6.64375365e-01 5.58545887e-02
    3.13513577e-01 5.05442441e-01 6.68368936e-01 9.10875022e-01
    6.93017483e-01 9.21197772e-01 2.52899855e-01 9.73433554e-01
    3.49274278e-02 1.48870379e-01 7.34837890e-01 5.27223289e-01
    5.30293822e-01 3.67691040e-01 9.06772196e-01 8.52720261e-01
    1.90434039e-01 5.56023002e-01 9.45613265e-01 3.02315176e-01
    4.49415386e-01 2.54928380e-01 1.34620368e-01 6.65752888e-01
    5.02428293e-01 9.63920355e-01 9.78104353e-01 3.64413619e-01
    4.91597354e-02 7.55616069e-01 1.26056999e-01 9.30825591e-01
    5.04304409e-01 3.52359593e-01 5.42503834e-01 8.62793922e-01
    9.07907665e-01 9.63837445e-01 5.63795209e-01 4.24382210e-01
    5.62721491e-03 5.04024923e-01 4.34156835e-01 1.44984812e-01
    8.49088669e-01 9.84664440e-01 8.10388446e-01 2.61762857e-01
    2.83125818e-01 1.84154510e-01 8.36750507e-01 1.60049140e-01
    1.47544712e-01 6.61470771e-01 4.69319284e-01 4.31092352e-01
    9.05020714e-01 7.42782116e-01 1.16273791e-01 9.75098848e-01
    1.91162497e-01 2.94932723e-01 3.51111889e-01 5.27543783e-01
    5.58370471e-01 1.89431936e-01 8.36720228e-01 8.65032911e-01
    2.59117424e-01 5.50455868e-01 2.21181065e-01 3.12319040e-01
    5.03480375e-01 9.84506309e-02 7.03948438e-02 6.08119130e-01
    4.69977260e-02 1.35818273e-01 4.33716983e-01 7.36088753e-02
    4.71250564e-01 6.93909287e-01 4.92165178e-01 6.38254344e-01
    1.80213988e-01 9.50235724e-01 5.56941390e-01 6.30314171e-01
    2.49307990e-01 9.96000171e-02 5.15620172e-01 6.07652783e-01
    2.80722022e-01 3.15802723e-01 6.30167961e-01 4.55453783e-01
    4.79183882e-01 5.53725421e-01 6.77860618e-01 2.54089236e-01
    2.08036959e-01 5.64118981e-01 9.86477077e-01 1.44510895e-01
    4.09906805e-02 1.39258236e-01 2.86771059e-02 8.31905603e-01
    9.27469254e-01 5.22182643e-01 2.32033879e-01 8.35083246e-01
    9.21809435e-01 6.19661093e-01 7.75851607e-01 7.83515096e-01
    6.66906714e-01 5.69432080e-01 2.33616620e-01 6.01476550e-01
    4.81488913e-01 1.64758235e-01 5.03621578e-01 6.22371614e-01
    9.34286594e-01 6.28201842e-01 7.73780823e-01 5.96253753e-01
    2.33805150e-01 8.01326156e-01 1.54436082e-01 8.42687547e-01
    6.50870323e-01 7.76302636e-01 1.10786617e-01 3.14725995e-01
    6.98319197e-01 1.27935380e-01 6.55237317e-01 6.82683527e-01
    1.58285916e-01 6.81812763e-01 6.89981461e-01 2.38273740e-01
    2.63159215e-01 2.18464673e-01 7.48231471e-01 9.75650549e-03
    8.79437685e-01 2.47563720e-01 3.37933362e-01 1.50732040e-01
    3.55448484e-01 3.17660481e-01 2.66196370e-01 8.24801445e-01
    4.36059713e-01 1.84026539e-01 4.66035694e-01 7.17355430e-01
    8.94077182e-01 4.89630610e-01 3.22064161e-01 5.82363844e-01
    6.34065807e-01 9.62503970e-01 7.58144021e-01 9.97889936e-02
    1.01825893e-01 3.84059548e-01 5.14139712e-01 2.14268267e-02
    7.37764239e-02 1.48903310e-01 8.47467184e-01 6.30160809e-01
    2.28807092e-01 5.92668414e-01 7.55736232e-02 5.49687147e-01
    2.27037132e-01 9.17447805e-01 5.90516627e-01 4.09383148e-01
    9.48095441e-01 5.74076593e-01 8.64320457e-01 8.04222405e-01
    5.96349478e-01 5.25227666e-01 7.00191975e-01 9.83908296e-01
    6.42251849e-01 7.23817348e-02 7.35328853e-01 4.89296854e-01
    9.15426970e-01 2.84984767e-01 2.13224739e-01 2.63716400e-01
    5.03237784e-01 3.31393838e-01 9.56418276e-01 8.73756051e-01
    8.94435346e-02 6.72239661e-01 6.65138006e-01 1.22608811e-01
    6.17907107e-01 3.43450606e-02 4.59992826e-01 1.42725021e-01
    8.46062183e-01 1.68752074e-01 1.75006121e-01 7.75448620e-01
    2.66869962e-01 7.23658562e-01 7.12799311e-01 1.04496390e-01
    3.18524241e-03 5.16202331e-01 9.58703637e-01 3.86164784e-01
    2.06715614e-01 4.19240177e-01 3.58977914e-01 3.20405066e-01
    2.79918313e-01 7.86131859e-01 2.06105500e-01 6.26825035e-01
    6.39202058e-01 4.12122577e-01 4.03408349e-01 4.85227138e-01
    9.83068228e-01 1.38302952e-01 4.25351381e-01 1.35630220e-01
    9.09772754e-01 7.91809738e-01 1.78766906e-01 5.93690634e-01
    5.44402540e-01 5.52346170e-01 6.93353415e-02 2.00435251e-01
    6.90588355e-01 9.39794302e-01 7.49711037e-01 8.22281480e-01
    2.28948891e-02 5.37019968e-03 5.92827797e-01 7.37102330e-02
    2.55164564e-01 3.88827920e-01 9.38996792e-01 4.70355183e-01
    3.76018316e-01 2.45932758e-01 1.20262295e-01 9.23715591e-01
    1.76548272e-01 5.17626286e-01 4.72695291e-01 7.28403628e-01
    1.28742516e-01 3.23564231e-01 5.52502632e-01 1.82282150e-01
    5.97307444e-01 3.94180119e-01 4.74190593e-01 9.69650507e-01
    3.98920923e-01 7.93156326e-02 6.69807553e-01 6.27211094e-01
    6.76149487e-01 2.33394921e-01 9.79217291e-01 1.77533299e-01
    1.88290119e-01 7.99590290e-01 4.77602422e-01 6.72737122e-01
    2.84051806e-01 5.53130925e-01 6.35110617e-01 1.42378241e-01
    5.17709911e-01 7.36475706e-01 8.75645816e-01 2.18557358e-01
    2.48097122e-01 7.26555943e-01 2.51850069e-01 2.05612987e-01
    4.51047510e-01 3.25939566e-01 7.18983352e-01 3.75342160e-01
    5.35832226e-01 3.65026832e-01 1.24590397e-02 3.46972972e-01
    4.18034583e-01 5.26454985e-01 5.97073853e-01 9.09826159e-01
    7.92504787e-01 1.05317175e-01 8.16179752e-01 1.11250877e-01
    2.51304924e-01 7.51540065e-02 4.80808616e-02 7.61323810e-01
    8.02178621e-01 1.26856863e-01 2.26964623e-01 6.89656973e-01
    1.36588335e-01 7.45677054e-01 4.82416987e-01 9.19595361e-02
    2.81092286e-01 8.91898870e-02 6.25233769e-01 1.83759034e-01
    1.86413348e-01 3.44923258e-01 9.45516229e-02 1.43944740e-01
    6.95983887e-01 3.73788953e-01 9.06509995e-01 4.96312529e-01
    2.04640895e-01 5.88894367e-01 8.05211902e-01 1.22803122e-01
    8.54412675e-01 9.86180544e-01 4.41896498e-01 4.51174349e-01
    1.23989373e-01 2.83899486e-01 5.10775566e-01 4.89011139e-01
    4.40542758e-01 8.18643153e-01 2.16111094e-01 6.28409326e-01
    8.10893476e-02 4.23757434e-01 3.25316131e-01 7.76859879e-01
    2.90526211e-01 3.43571305e-02 8.56569052e-01 2.97301292e-01
    1.08530402e-01 9.24999595e-01 4.67032522e-01 2.28594214e-01
    8.50641727e-02 6.43133640e-01 9.74908471e-01 6.98388219e-01
    9.73858535e-01 6.15785241e-01 4.62810159e-01 7.46358156e-01
    7.27802038e-01 4.97555733e-01 4.51926410e-01 7.57582784e-01
    2.14206010e-01 6.19269490e-01 1.46023214e-01 3.75017881e-01
    9.73840654e-02 1.73357129e-03 6.20751381e-02 9.26271081e-01
    6.02331758e-01 4.57447261e-01 5.58615625e-02 4.76977021e-01
    2.58583218e-01 1.66723937e-01 2.06945837e-02 9.29044485e-02
    5.36473393e-02 3.33113730e-01 7.77873635e-01 2.26902336e-01
    2.70941556e-01 2.57290602e-02 9.63065028e-01 1.12699151e-01
    5.16177475e-01 8.77534986e-01 9.35849190e-01 1.15710437e-01
    7.72567630e-01 8.61272573e-01 3.80307972e-01 6.56232357e-01
    7.76493788e-01 6.13102317e-02 2.54554749e-01 1.62680864e-01
    2.08185136e-01 5.05949318e-01 7.13002086e-01 7.90565133e-01
    8.04316103e-02 8.98143172e-01 7.44178295e-02 4.15545613e-01
    3.48681748e-01 4.83866572e-01 7.02025771e-01 5.49548328e-01
    3.94177437e-02 1.78410858e-01 1.88826293e-01 4.33074504e-01
    8.86917830e-01 9.65757966e-01 3.51178408e-01 8.39090049e-02
    3.55451196e-01 4.58321393e-01 8.54441166e-01 3.61880839e-01
    4.50746387e-01 9.70862389e-01 4.44106817e-01 9.78939652e-01
    4.05332357e-01 8.42314839e-01 1.06843561e-01 1.83153450e-02
    1.14190102e-01 4.93489027e-01 3.26498359e-01 1.17930800e-01
    5.00462949e-02 3.62581372e-01 7.44934559e-01 3.14114332e-01
    7.82773435e-01 2.13331729e-01 9.56418276e-01 8.73756051e-01
    8.94435346e-02 6.72239661e-01 6.65138006e-01 1.22608811e-01
    6.17907107e-01 3.43450606e-02 4.59992826e-01 1.42725021e-01
    8.46062183e-01 1.68752074e-01 1.75006121e-01 7.75448620e-01
    2.66869962e-01 7.23658562e-01 7.12799311e-01 1.04496390e-01
    4.02011037e-01 2.92714328e-01 3.11736673e-01 7.13254690e-01
    6.20305300e-01 8.57700109e-02 9.90906954e-02 2.09205210e-01
    2.28220880e-01 9.73704219e-01 6.06561244e-01 6.70302868e-01
    5.51391006e-01 3.25847208e-01 9.41749215e-01 4.93773818e-01
    7.30615258e-01 7.47438729e-01 4.82146800e-01 2.15831548e-01
    2.15172827e-01 6.21634722e-03 5.35784662e-01 5.49226701e-02
    4.90826875e-01 6.06213987e-01 6.23229265e-01 5.18134594e-01
    4.78329659e-01 2.15349466e-01 8.55717897e-01 3.45459938e-01
    2.66213417e-02 5.29588401e-01 2.65494615e-01 8.21624041e-01
    7.46449411e-01 8.53453994e-01 5.67575097e-01 3.70638788e-01
    2.16911107e-01 6.12994730e-02 8.66471767e-01 3.57283205e-01
    3.30880880e-01 4.20878083e-01 3.59689713e-01 2.19163686e-01
    8.10108364e-01 6.87257707e-01 5.87492526e-01 9.13915813e-01
    4.91711497e-03 9.84887838e-01 5.62955558e-01 6.95754588e-02
    1.42239302e-01 4.97293204e-01 4.27818209e-01 4.70538229e-01
    9.41392183e-01 2.39409178e-01 6.81718528e-01 2.45298862e-01
    7.13930845e-01 2.12185979e-02 6.54579937e-01 3.80633086e-01
    5.31894445e-01 6.17273927e-01 3.97561610e-01 6.79058433e-01
    6.41615093e-01 7.44486690e-01 9.93473172e-01 9.54645872e-03
    1.22617185e-02 2.13165194e-01 3.39063048e-01 7.02421606e-01
    8.48173797e-02 9.24532592e-01 7.63291299e-01 9.39272404e-01
    2.73649812e-01 8.34763646e-02 5.86049378e-01 7.71887600e-01
    9.36064005e-01 6.85724020e-01 6.11857533e-01 3.87948751e-03
    5.64419031e-01 2.93135166e-01 6.82754457e-01 1.56234473e-01
    7.24050105e-02 3.53616536e-01 8.90423000e-01 7.36724973e-01
    2.94410229e-01 3.72348487e-01 1.60016000e-01 5.65528870e-04
    2.34918922e-01 1.80718631e-01 4.82601285e-01 1.75338089e-02
    1.26518309e-01 8.87508690e-01 5.80548942e-02 5.95338404e-01
    2.83603221e-01 9.11584496e-01 8.97597790e-01 7.78817534e-01
    8.49875569e-01 5.41299701e-01 1.35529816e-01 8.69742990e-01
    8.79362762e-01 3.87823075e-01 4.48052257e-01 8.87487113e-01
    5.26878059e-01 2.79146910e-01 9.95684147e-01 7.66010523e-01
    4.21728879e-01 3.66138935e-01 4.12441790e-01 5.51739812e-01
    5.70189595e-01 9.96689141e-01 5.52180648e-01 7.29241133e-01
    1.53122067e-01 7.75548339e-01 7.30351567e-01 5.81352413e-01
    6.62244916e-01 8.14909101e-01 5.97646117e-01 8.41029584e-02
    2.41117299e-01 8.02355647e-01 7.04989672e-01 7.72363544e-02
    1.50906652e-01 4.61394489e-01 9.77767646e-01 1.89605922e-01
    6.09304667e-01 1.18227631e-01 5.17483294e-01 2.88024485e-01
    4.26323026e-01 4.29473430e-01 7.85971761e-01 1.63729221e-01
    3.58059704e-01 3.21780324e-01 4.19826150e-01 1.00943118e-01
    9.34730053e-01 5.99139333e-02 4.97918695e-01 7.85621703e-02
    9.73126888e-01 2.68757641e-01 2.33521760e-01 4.87530410e-01
    1.50302351e-02 9.96999145e-02 3.27658057e-02 1.74032599e-01
    2.78111696e-02 6.00112915e-01 1.21258020e-01 5.65592945e-02
    3.99972200e-02 6.43286824e-01 2.14735866e-01 4.40699697e-01
    3.45135629e-01 1.45451128e-02 9.77342784e-01 6.47060633e-01
    9.24625933e-01 1.79684281e-01 5.19002855e-01 9.40709233e-01
    7.40172148e-01 3.02510887e-01 8.65422249e-01 4.54107463e-01
    5.07517338e-01 3.33932042e-01 1.30334258e-01 3.23843777e-01
    3.06529999e-01 3.10484529e-01 4.38538253e-01 2.98837900e-01
    1.43554538e-01 7.65808225e-01 5.88210344e-01 7.50527382e-02
    7.86130309e-01 6.95520639e-01 6.72631621e-01 7.75664091e-01
    4.15416032e-01 9.79093909e-01 6.89963341e-01 7.66778827e-01
    4.44441617e-01 9.40189064e-01 7.31152117e-01 2.63410151e-01
    5.27592599e-02 5.51192880e-01 5.04396796e-01 2.27498353e-01
    9.90167618e-01 2.31687188e-01 3.76221538e-03 3.97051781e-01
    6.49957180e-01 5.79753518e-03 1.16973519e-02 6.54034317e-02
    1.64289564e-01 4.54164684e-01 9.53011394e-01 7.78524280e-01
    3.49392027e-01 5.70389628e-02 8.31905127e-01 4.55318034e-01
    2.77144015e-02 4.31975752e-01 5.92718124e-01 6.81611896e-01
    3.76354843e-01 4.88996536e-01 8.28004837e-01 2.37577915e-01
    5.84750533e-01 2.71324307e-01 3.99649292e-01 9.83409286e-01
    3.69079649e-01 5.87751031e-01 9.51968193e-01 9.59882617e-01
    4.02011037e-01 2.92714328e-01 3.11736673e-01 7.13254690e-01
    6.20305300e-01 8.57700109e-02 9.90906954e-02 2.09205210e-01
    2.28220880e-01 9.73704219e-01 6.06561244e-01 6.70302868e-01
    5.51391006e-01 3.25847208e-01 9.41749215e-01 4.93773818e-01
    7.30615258e-01 7.47438729e-01 3.14900130e-01 1.51082546e-01
    1.60801083e-01 3.57074320e-01 7.33946979e-01 2.91832626e-01
    3.31502855e-01 3.27211022e-01 8.42636466e-01 8.08589399e-01
    7.62701392e-01 7.65014887e-01 5.59829772e-01 5.61713278e-01
    6.83011651e-01 4.60913479e-02 5.48615217e-01 4.51765120e-01
    9.28889811e-02 4.01875377e-01 9.63638306e-01 9.15743470e-01
    8.29492271e-01 3.59451532e-01 5.52023947e-01 9.73476768e-01
    2.30934322e-01 1.23184353e-01 7.37294853e-01 1.14802390e-01
    1.99238926e-01 2.96997130e-01 3.99876952e-01 8.27656984e-01
    7.92124748e-01 1.46961570e-01 5.58673799e-01 7.90531456e-01
    7.01528072e-01 9.47775781e-01 4.34462160e-01 1.14769250e-01
    9.94285464e-01 9.48420346e-01 5.91003358e-01 6.53448761e-01
    3.99587125e-01 4.05478001e-01 6.06069505e-01 8.31219494e-01
    9.43217516e-01 7.59794950e-01 7.27296293e-01 7.04914510e-01
    8.68775249e-01 7.95120716e-01 7.27277100e-02 1.71995908e-01
    5.86565852e-01 2.23154426e-02 8.05577517e-01 8.06871176e-01
    5.51645398e-01 9.61058974e-01 2.35958517e-01 4.71880674e-01
    7.47994483e-02 2.33089596e-01 4.94548351e-01 5.45480847e-01
    5.14255524e-01 5.74565709e-01 6.56035542e-01 1.31008238e-01
    6.46188259e-02 5.06720543e-01 6.97166204e-01 3.39486688e-01
    8.72648776e-01 3.65669668e-01 9.09382045e-01 4.81808543e-01
    5.47130644e-01 6.58267617e-01 1.14352435e-01 9.82998133e-01
    9.90231156e-01 3.00871611e-01 7.91138113e-02 9.72332478e-01
    3.72000337e-01 4.97571588e-01 3.63496721e-01 8.87296081e-01
    7.80785978e-01 4.78418082e-01 6.69547558e-01 6.26918852e-01
    9.07038450e-02 9.45699334e-01 5.71683824e-01 7.65972853e-01
    4.30710137e-01 2.73763508e-01 6.55193210e-01 5.19981682e-02
    3.84429902e-01 2.33158976e-01 6.11970961e-01 9.73256528e-01
    2.68252671e-01 4.63140726e-01 2.95385003e-01 4.68948573e-01
    2.79370189e-01 6.82363033e-01 6.35213256e-01 7.93526888e-01
    9.21061873e-01 6.91914976e-01 3.42739224e-01 6.61210477e-01
    6.73214734e-01 2.77763397e-01 4.31625962e-01 9.77430582e-01
    4.14966047e-02 4.07263666e-01 7.99091101e-01 3.58407587e-01
    6.62331045e-01 4.78740126e-01 1.51664555e-01 7.86494374e-01
    1.65885955e-01 3.64887059e-01 4.12410796e-01 7.93939948e-01
    8.47013056e-01 6.59239173e-01 1.49447680e-01 7.89353013e-01
    6.33695483e-01 7.92902291e-01 8.43858361e-01 9.41479206e-02
    3.87355328e-01 4.55897808e-01 5.64272404e-01 2.56515652e-01
    5.12006223e-01 6.10111117e-01 4.37879860e-01 3.02004576e-01
    6.25677645e-01 4.26111132e-01 6.73328578e-01 3.65022719e-02
    3.17196101e-01 9.27182972e-01 3.85402501e-01 1.03330970e-01
    2.38188058e-01 1.24860942e-01 6.82984233e-01 5.10868490e-01
    1.33079439e-01 1.00230992e-01 2.77205855e-01 4.15078938e-01
    6.79316044e-01 5.34720600e-01 1.87898815e-01 3.44809473e-01
    6.30759060e-01 7.12825537e-01 9.94217157e-01 3.47112030e-01
    4.86690283e-01 8.30354691e-01 8.39803398e-01 5.59275389e-01
    2.99056709e-01 7.92503595e-01 2.30504811e-01 7.06973195e-01
    2.96494424e-01 6.82131588e-01 6.55977190e-01 2.52678275e-01
    9.11672175e-01 9.25111175e-02 2.16069907e-01 1.92628503e-01
    9.50793684e-01 2.21378416e-01 3.73874307e-02 5.10519683e-01
    9.16447401e-01 7.89781630e-01 8.71445537e-02 8.88550997e-01
    1.62465423e-01 9.43676889e-01 6.83204234e-02 4.87021893e-01
    9.27870333e-01 5.66493988e-01 4.14875954e-01 7.72082090e-01
    8.84772003e-01 9.39008832e-01 8.47688377e-01 4.05776143e-01
    4.51664329e-02 4.62053359e-01 7.95509517e-02 1.85254008e-01
    9.31599200e-01 2.59518713e-01 3.42895865e-01 8.90533030e-01
    8.05764318e-01 7.34276891e-01 7.92456686e-01 5.44506729e-01
    9.52917993e-01 2.93775439e-01 3.17227602e-01 3.40721190e-01
    4.83532548e-02 1.79867923e-01 2.07056165e-01 3.64406645e-01
    2.81842649e-02 4.25077379e-01 8.79665136e-01 7.86074877e-01
    5.62535226e-01 7.34943211e-01 8.68959844e-01 5.38360417e-01
    5.25815010e-01 6.63091004e-01 7.55142689e-01 8.78694057e-01
    3.38683486e-01 3.57777357e-01 1.65424019e-01 5.24136901e-01
    2.00280190e-01 5.30384541e-01 9.63301420e-01 6.69944048e-01
    3.80672216e-01 2.20584720e-01 3.14900130e-01 1.51082546e-01
    1.60801083e-01 3.57074320e-01 7.33946979e-01 2.91832626e-01
    3.31502855e-01 3.27211022e-01 8.42636466e-01 8.08589399e-01
    7.62701392e-01 7.65014887e-01 5.59829772e-01 5.61713278e-01
    6.83011651e-01 4.60913479e-02 5.48615217e-01 4.51765120e-01
    4.05145109e-01 3.05995226e-01 9.39468622e-01 1.92687690e-01
    8.57795835e-01 4.17995363e-01 1.88589364e-01 7.29375482e-02
    1.55984253e-01 3.44405085e-01 6.33374453e-01 5.53776145e-01
    1.44196093e-01 7.45018184e-01 2.82801628e-01 8.99749637e-01
    8.95393848e-01 4.75522637e-01 1.46120727e-01 1.37655467e-01
    7.89485395e-01 8.27438831e-01 7.23111212e-01 4.98652637e-01
    1.20234311e-01 4.03443277e-01 5.71233392e-01 5.75268865e-01
    9.19721186e-01 3.44692707e-01 2.50672668e-01 3.17040443e-01
    1.53108507e-01 2.87962794e-01 4.47727442e-02 5.23997724e-01
    1.65349543e-02 9.83667135e-01 3.46626788e-01 6.93479538e-01
    9.88095343e-01 1.68744475e-01 4.72563267e-01 9.51651931e-02
    5.97765863e-01 9.73274589e-01 5.22380471e-01 5.29573262e-01
    8.53911519e-01 1.57354891e-01 1.36485040e-01 1.01141065e-01
    2.29274869e-01 4.18488383e-02 4.77349192e-01 9.56624985e-01
    4.17910218e-02 7.32643008e-01 1.59863681e-01 2.32064784e-01
    1.39456362e-01 3.74003679e-01 9.37763691e-01 5.84487736e-01
    5.31220198e-01 8.18733156e-01 9.73609388e-02 8.14859152e-01
    2.85697281e-01 8.34053993e-01 7.55918980e-01 6.42065108e-02
    5.18001199e-01 1.90665573e-01 6.58587098e-01 7.80399144e-02
    4.93085057e-01 2.69915909e-01 5.91780782e-01 9.03412580e-01
    3.65203381e-01 5.00269234e-01 4.36856210e-01 3.91118228e-02
    2.67593145e-01 6.56252146e-01 9.62889433e-01 1.90385193e-01
    7.49918342e-01 4.79621887e-01 9.04858410e-02 5.33458591e-03
    9.87617612e-01 3.68922472e-01 5.05454302e-01 2.69368976e-01
    9.74950075e-01 6.21121764e-01 9.07896757e-01 2.95308143e-01
    3.12807798e-01 6.03642344e-01 6.54799283e-01 2.82441020e-01
    8.62783074e-01 2.88120657e-01 6.06225491e-01 9.12853479e-02
    9.84309435e-01 9.13724661e-01 9.88147855e-01 1.08267963e-02
    1.09532505e-01 5.37312388e-01 2.16505587e-01 5.23410797e-01
    1.97326541e-01 4.12362665e-01 7.53012538e-01 9.07635391e-01
    6.16866171e-01 5.60568511e-01 4.79603082e-01 7.86835432e-01
    2.82181263e-01 4.45189208e-01 9.34423447e-01 8.98825288e-01
    6.38516843e-01 7.24002361e-01 9.80748773e-01 1.32763147e-01
    3.67583930e-01 6.35053396e-01 6.86309516e-01 9.71511066e-01
    5.37076473e-01 3.03802282e-01 1.55874729e-01 4.28929329e-02
    9.15011525e-01 3.78595769e-01 8.56671929e-01 6.07617676e-01
    1.05231464e-01 2.15553224e-01 6.28667057e-01 5.72340250e-01
    1.21389687e-01 3.52391481e-01 4.58144993e-01 6.70900404e-01
    8.90853047e-01 4.81277347e-01 7.83523738e-01 6.21090829e-01
    9.11794126e-01 8.67163301e-01 6.77517772e-01 1.22958213e-01
    2.12022603e-01 3.76684785e-01 2.28294492e-01 5.20868123e-01
    9.02387679e-01 9.36349690e-01 6.46779716e-01 1.32644773e-01
    3.91113937e-01 6.33761883e-02 9.64495718e-01 5.04868329e-02
    4.13511634e-01 2.06559896e-02 3.72064471e-01 8.76526952e-01
    5.13559878e-01 4.65427220e-01 9.05367136e-01 7.90900111e-01
    3.57314050e-01 1.59263611e-04 5.22851348e-02 8.13058972e-01
    8.37207377e-01 4.78274018e-01 9.89844143e-01 1.15725785e-01
    9.80137885e-02 8.17892313e-01 7.09340811e-01 5.58328211e-01
    7.55240560e-01 4.93200928e-01 6.32721066e-01 6.64406478e-01
    1.37021065e-01 9.16510522e-02 7.09583759e-01 3.65134656e-01
    7.34271288e-01 3.06958050e-01 6.41285360e-01 2.35966295e-01
    2.93877631e-01 1.42037362e-01 4.36836839e-01 8.57388496e-01
    4.32899505e-01 9.00831997e-01 9.98034596e-01 3.27678025e-02
    7.35609412e-01 1.36098713e-01 5.05464792e-01 5.92454851e-01
    7.19014227e-01 7.75271654e-02 3.48931968e-01 8.14379573e-01
    4.56181049e-01 9.32278633e-01 1.18657619e-01 5.69045663e-01
    7.54858732e-01 7.39189088e-01 7.32968092e-01 6.66636527e-01
    2.17952549e-01 1.11297399e-01 2.89595485e-01 8.53702784e-01
    2.68965960e-01 3.44989151e-01 6.91250563e-01 1.83124334e-01
    3.57071459e-01 1.71380311e-01 2.03196377e-01 5.99065483e-01
    9.89789069e-02 9.89396214e-01 6.32534742e-01 1.60062850e-01
    2.94335157e-01 1.07444048e-01 7.71182060e-01 8.61073136e-02
    8.66528869e-01 7.20898807e-02 1.55107379e-02 6.42475843e-01
    4.88465190e-01 2.29078233e-02 5.02788842e-01 7.71875441e-01
    4.05145109e-01 3.05995226e-01 9.39468622e-01 1.92687690e-01
    8.57795835e-01 4.17995363e-01 1.88589364e-01 7.29375482e-02
    1.55984253e-01 3.44405085e-01 6.33374453e-01 5.53776145e-01
    1.44196093e-01 7.45018184e-01 2.82801628e-01 8.99749637e-01
    8.95393848e-01 4.75522637e-01 5.58145463e-01 3.76466155e-01
    2.87018657e-01 1.38804704e-01 2.77519226e-02 1.74070269e-01
    6.91652358e-01 7.61068225e-01 5.79709649e-01 4.60034043e-01
    2.47924834e-01 4.40929890e-01 5.36850512e-01 3.28837901e-01
    5.39200306e-02 2.21797824e-02 1.95068419e-01 4.74380553e-02
    9.47246253e-01 1.07943267e-01 5.52825987e-01 7.77893782e-01
    7.11155355e-01 2.77543664e-02 1.35552883e-03 3.77691537e-01
    2.24635124e-01 1.54735744e-01 6.64521515e-01 9.81889069e-02
    4.19115394e-01 7.57734776e-02 1.45263791e-01 5.98966897e-01
    6.25985622e-01 3.03786397e-02 3.80034685e-01 7.93042064e-01
    4.16560680e-01 2.13695407e-01 9.37701702e-01 1.60128117e-01
    1.40990049e-01 8.50921035e-01 8.84946704e-01 9.90549862e-01
    3.93809408e-01 6.34175122e-01 1.32768899e-01 2.28880495e-01
    7.64645338e-01 1.33646578e-01 5.20891011e-01 1.64125919e-01
    4.31538433e-01 7.75484681e-01 8.60392928e-01 6.54340744e-01
    2.83120513e-01 7.09698856e-01 4.03450400e-01 4.61099088e-01
    4.22890782e-01 4.55708832e-01 3.57210457e-01 9.41339672e-01
    5.93858302e-01 3.98301184e-01 5.45095742e-01 5.51716864e-01
    7.69265532e-01 1.49978966e-01 4.68671471e-01 9.62982059e-01
    7.25368977e-01 2.34645426e-01 6.27722442e-01 1.51670724e-01
    5.58746874e-01 6.33335114e-01 9.78288054e-01 2.54529238e-01
    9.53829885e-01 7.23941147e-01 3.91892731e-01 2.67213464e-01
    4.50551808e-01 6.64833844e-01 6.21086538e-01 2.71968842e-01
    4.56276774e-01 7.26758480e-01 3.93444866e-01 8.74985099e-01
    6.06820166e-01 6.21448994e-01 5.99351108e-01 4.52858239e-01
    5.17992318e-01 3.74919087e-01 2.35222131e-01 5.64440489e-01
    2.89862871e-01 5.06582737e-01 6.69091940e-04 6.32537544e-01
    5.13579249e-02 1.39678836e-01 8.37879419e-01 3.56628299e-01
    9.87854481e-01 8.53898823e-02 9.01263595e-01 7.54312277e-01
    3.26519459e-01 6.58952296e-01 3.17025900e-01 7.37064898e-01
    7.41322160e-01 6.02555454e-01 6.29717708e-01 7.50235319e-01
    8.24281156e-01 5.61023176e-01 7.43011832e-02 3.74969542e-01
    4.03238863e-01 1.11932784e-01 6.67000651e-01 7.15647817e-01
    8.78239751e-01 1.44177407e-01 3.14368099e-01 8.02979290e-01
    7.39996135e-01 9.57864761e-01 7.53661275e-01 8.55598092e-01
    1.17583424e-01 4.89762157e-01 2.13606268e-01 4.92380857e-02
    2.98083186e-01 8.63171339e-01 8.42466950e-02 9.91653919e-01
    8.83681655e-01 5.04977167e-01 1.15412652e-01 5.61259389e-01
    7.40903258e-01 6.91002011e-01 1.20248348e-01 2.34715879e-01
    4.37451422e-01 1.52144909e-01 5.27321160e-01 3.22624743e-01
    5.55599391e-01 2.24175215e-01 7.75050879e-01 9.23476219e-01
    2.50270605e-01 7.78793097e-01 9.42370474e-01 7.51851797e-01
    3.23558807e-01 7.16206729e-01 3.98199469e-01 4.06533480e-03
    4.19798464e-01 5.15521169e-02 2.64964819e-01 9.86988246e-02
    2.00627714e-01 5.24659157e-02 6.91158950e-01 2.74735749e-01
    6.53591454e-01 9.50702190e-01 8.96919191e-01 1.25684738e-02
    4.95090961e-01 4.07215059e-02 9.93034482e-01 2.31094390e-01
    6.61327362e-01 4.48061079e-01 3.43334198e-01 7.45636106e-01
    7.58651376e-01 5.60854733e-01 4.65395987e-01 3.28694344e-01
    1.41540170e-01 4.06884670e-01 2.56997496e-01 6.95103168e-01
    1.73930407e-01 9.01432335e-02 8.99513900e-01 7.96993315e-01
    5.65338552e-01 1.94483697e-01 7.21512198e-01 9.61143136e-01
    7.61199296e-02 4.52119797e-01 9.46152091e-01 3.37805212e-01
    8.73167753e-01 5.35028100e-01 9.56272125e-01 9.11594391e-01
    1.97411120e-01 2.29082912e-01 7.83307791e-01 4.84102219e-01
    2.90560126e-02 1.61461681e-01 8.06640983e-01 4.04778540e-01
    8.41711223e-01 3.94827664e-01 6.00029349e-01 6.99059010e-01
    3.10706258e-01 8.50424588e-01 7.76039600e-01 8.67180109e-01
    6.76641822e-01 9.57666159e-01 2.41840839e-01 8.41624439e-01
    8.16177487e-01 1.41055524e-01 9.97301877e-01 9.40388858e-01
    6.34128749e-01 3.29628497e-01 5.31269789e-01 9.71264243e-01
    2.62875855e-02 7.63282001e-01 6.85451984e-01 7.84248114e-02
    5.21057367e-01 9.00820553e-01 5.95124364e-02 8.09963584e-01
    7.96482563e-01 9.35913086e-01 3.80123556e-01 3.05736512e-01
    4.57058668e-01 3.56925011e-01 5.58145463e-01 3.76466155e-01
    2.87018657e-01 1.38804704e-01 2.77519226e-02 1.74070269e-01
    6.91652358e-01 7.61068225e-01 5.79709649e-01 4.60034043e-01
    2.47924834e-01 4.40929890e-01 5.36850512e-01 3.28837901e-01
    5.39200306e-02 2.21797824e-02 1.95068419e-01 4.74380553e-02
    1.36403352e-01 1.34935230e-01 2.51505792e-01 1.32512957e-01
    1.25931621e-01 3.67078573e-01 3.42009395e-01 7.30903089e-01
    4.95963484e-01 3.92996907e-01 8.86213303e-01 1.15062803e-01
    4.93806183e-01 5.90439439e-01 2.90241659e-01 5.73490500e-01
    9.53386426e-01 8.54966402e-01 1.54713094e-02 9.74877477e-02
    8.44434977e-01 2.63039112e-01 9.11877751e-01 6.99078023e-01
    8.71640444e-01 2.81983435e-01 1.78781778e-01 9.37307954e-01
    3.26734126e-01 1.30114436e-01 2.99826920e-01 3.53006363e-01
    8.34496856e-01 7.58534372e-02 4.98148918e-01 5.59049129e-01
    8.47985208e-01 9.28357422e-01 4.04875368e-01 4.66554403e-01
    4.40521389e-01 2.20680237e-03 7.07356393e-01 3.49393010e-01
    8.30578089e-01 4.26581264e-01 8.57530355e-01 7.79332638e-01
    2.74685711e-01 5.72565734e-01 6.20464504e-01 2.08686441e-01
    9.17298198e-01 2.37006187e-01 6.43168747e-01 7.80545354e-01
    6.61103010e-01 2.10431367e-01 2.28697032e-01 2.85907507e-01
    2.34579593e-01 5.43268323e-02 1.98731273e-01 1.13643169e-01
    3.13496888e-01 5.03967822e-01 6.48276925e-01 3.12922001e-02
    8.35307956e-01 3.23675156e-01 1.24033034e-01 1.07607812e-01
    5.37955999e-01 3.03966582e-01 7.71333039e-01 5.52241921e-01
    8.35967302e-01 5.88715494e-01 2.03502536e-01 8.87236834e-01
    8.40079069e-01 2.44316757e-01 7.76304722e-01 4.69363630e-02
    5.40344238e-01 6.89371228e-02 1.51997417e-01 3.80629390e-01
    9.95851517e-01 6.52636647e-01 5.10961235e-01 1.65666491e-01
    5.67626417e-01 7.42812634e-01 5.96461296e-01 6.07864916e-01
    4.95676935e-01 7.59844005e-01 2.24945217e-01 2.64189482e-01
    8.42729032e-01 7.86860824e-01 7.80247808e-01 2.10026652e-01
    5.90370417e-01 4.37247574e-01 6.89380586e-01 4.97099668e-01
    8.65269899e-01 1.58854187e-01 3.13305587e-01 5.25892258e-01
    2.19088614e-01 1.14826411e-01 4.51911837e-01 3.93455267e-01
    3.60618412e-01 4.60663289e-01 7.95470178e-02 5.32900095e-02
    1.41036034e-01 2.90024996e-01 4.90659714e-01 6.99949980e-01
    7.06510842e-01 7.73166060e-01 4.47939903e-01 2.82869458e-01
    2.27256417e-02 3.46758276e-01 9.93245840e-02 1.25410646e-01
    8.73146892e-01 6.94270968e-01 6.80600643e-01 3.82781923e-02
    6.21362925e-01 9.93651032e-01 2.92467475e-01 9.46303725e-01
    2.73721814e-01 8.93598199e-01 8.21398735e-01 7.06913292e-01
    8.71082485e-01 3.71316075e-01 5.63268960e-01 6.53373778e-01
    7.92793274e-01 3.59522462e-01 5.58018863e-01 4.05471206e-01
    1.10781729e-01 9.83292222e-01 7.64526963e-01 9.10438120e-01
    6.29214168e-01 7.10006356e-01 4.40586567e-01 4.18275952e-01
    3.25162649e-01 5.83100677e-01 5.88224232e-01 4.71375287e-01
    2.47102439e-01 6.97780132e-01 7.49989271e-01 4.74154234e-01
    6.43436611e-02 2.27394193e-01 2.51761377e-02 2.85912871e-01
    9.59610939e-01 9.66053069e-01 9.02631879e-03 6.53943241e-01
    6.03975415e-01 2.81177461e-02 9.04954374e-01 6.43213034e-01
    5.46830893e-01 2.15065360e-01 6.53175771e-01 4.59866136e-01
    1.05739146e-01 9.58730400e-01 2.54277617e-01 6.10602021e-01
    2.20862806e-01 7.69119501e-01 8.92813385e-01 5.73733032e-01
    5.58461070e-01 1.08578533e-01 6.05789065e-01 4.69761163e-01
    8.14816713e-01 9.62414920e-01 9.51704144e-01 7.11426437e-02
    7.36025214e-01 9.23804283e-01 6.97049856e-01 9.60129380e-01
    9.96442080e-01 3.04899246e-01 3.11147183e-01 6.08459473e-01
    9.87691998e-01 8.46988797e-01 6.47943556e-01 4.48116362e-01
    9.25399721e-01 3.93099666e-01 3.37330163e-01 5.90168774e-01
    7.34070003e-01 7.23928988e-01 3.34264010e-01 7.40780592e-01
    6.85209453e-01 6.41336441e-02 3.27067018e-01 7.95728207e-01
    4.75024611e-01 1.86178505e-01 9.72953439e-01 6.62970245e-01
    5.73365331e-01 4.06300068e-01 7.73897052e-01 9.62482989e-01
    8.88874471e-01 9.65582430e-02 6.90960646e-01 7.74693608e-01
    8.71236682e-01 2.93251395e-01 4.79525387e-01 9.27289605e-01
    7.23419189e-01 6.64840639e-01 6.86694264e-01 3.77962083e-01
    7.98444092e-01 3.07543993e-01 5.60119450e-02 2.21975267e-01
    4.40899670e-01 4.63164926e-01 5.65125227e-01 3.62151265e-01
    4.02509332e-01 3.87105346e-01 8.73730481e-01 7.96026111e-01
    1.36403352e-01 1.34935230e-01 2.51505792e-01 1.32512957e-01
    1.25931621e-01 3.67078573e-01 3.42009395e-01 7.30903089e-01
    4.95963484e-01 3.92996907e-01 8.86213303e-01 1.15062803e-01
    4.93806183e-01 5.90439439e-01 2.90241659e-01 5.73490500e-01
    9.53386426e-01 8.54966402e-01 8.27127337e-01 8.33509207e-01
    1.75569266e-01 9.59589779e-02 8.49468112e-01 8.28279972e-01
    9.54948545e-01 9.38649237e-01 4.79708046e-01 9.99104381e-01
    7.11986840e-01 1.48511618e-01 1.78901732e-01 9.93076921e-01
    4.50517803e-01 5.32706439e-01 1.10992163e-01 5.18937588e-01
    6.29535139e-01 7.34415948e-02 7.57801235e-01 7.15063572e-01
    2.16960967e-01 3.96384954e-01 8.37374151e-01 7.51782179e-01
    2.31788963e-01 1.01830095e-01 4.54072624e-01 7.15611875e-02
    9.63815093e-01 8.41015577e-01 4.42870706e-01 9.86946881e-01
    1.33802325e-01 7.27569461e-01 7.79254556e-01 6.71701789e-01
    7.38204598e-01 2.34316230e-01 1.18609041e-01 4.56230015e-01
    1.80532902e-01 8.87590766e-01 7.60979891e-01 1.23318285e-01
    4.97181326e-01 4.75255400e-01 8.34413171e-01 5.22738159e-01
    9.10928845e-01 5.63040376e-01 5.82653165e-01 3.13616395e-01
    8.01743984e-01 8.22847724e-01 6.23358607e-01 4.89901274e-01
    3.11896145e-01 8.85696888e-01 2.45240033e-01 8.58741283e-01
    1.26336545e-01 9.05110657e-01 4.72818434e-01 2.61002004e-01
    4.88361329e-01 5.95676661e-01 6.47082210e-01 1.24278575e-01
    1.88952565e-01 3.56997102e-01 3.21455210e-01 5.23061454e-01
    4.19502020e-01 2.68742442e-03 7.96711981e-01 2.98451781e-02
    8.54640007e-02 8.08475375e-01 5.32676041e-01 8.18186998e-01
    1.73336565e-01 8.97930622e-01 6.52763605e-01 8.13915730e-01
    7.35547721e-01 8.95664275e-01 7.60590315e-01 2.07044065e-01
    7.55251169e-01 2.01298445e-01 3.50546002e-01 1.60388708e-01
    7.38469243e-01 2.56618708e-01 1.83590710e-01 8.35466743e-01
    3.60197544e-01 3.31445336e-02 8.00112844e-01 9.26476002e-01
    7.06360102e-01 9.50618982e-01 4.09349084e-01 6.69923544e-01
    9.08313394e-01 9.53270793e-01 3.68434548e-01 1.55271143e-01
    4.30382371e-01 7.67400265e-01 5.58772385e-02 4.43407953e-01
    3.47393632e-01 2.46080607e-01 2.77958691e-01 5.08324504e-02
    9.40070868e-01 8.03056479e-01 6.04224205e-02 9.91694689e-01
    4.37694430e-01 2.22236872e-01 4.57704037e-01 6.72967017e-01
    6.69451118e-01 2.54645765e-01 4.50844765e-01 2.05092847e-01
    2.22106785e-01 5.01196921e-01 4.74692613e-01 4.36073452e-01
    9.91614163e-02 8.16049695e-01 5.26413918e-01 1.71234697e-01
    4.07912791e-01 3.76603752e-01 7.68350482e-01 3.83331209e-01
    6.12161636e-01 8.39767396e-01 3.11101258e-01 6.49664044e-01
    9.54289079e-01 5.99878669e-01 5.66329062e-02 3.85769844e-01
    6.71173513e-01 2.56443977e-01 3.25607985e-01 1.29978061e-02
    7.49227703e-02 7.50335097e-01 7.44856596e-02 4.41676944e-01
    3.03551346e-01 6.16173804e-01 2.53071904e-01 1.17504150e-01
    6.20492101e-01 2.59762049e-01 5.55373609e-01 8.75549912e-01
    1.64695621e-01 9.59096968e-01 2.03121781e-01 3.94464344e-01
    8.87071490e-01 5.02860427e-01 6.20708525e-01 8.97056937e-01
    4.50731546e-01 7.74961889e-01 5.01243591e-01 1.88989967e-01
    5.77851832e-01 3.27229440e-01 1.69504195e-01 4.10264820e-01
    4.45602715e-01 4.83634651e-01 3.34805548e-01 1.84584349e-01
    6.09206438e-01 9.71529007e-01 2.60609150e-01 6.82031214e-02
    5.06447494e-01 9.68717933e-01 7.99247980e-01 4.84677494e-01
    8.35462928e-01 9.58866179e-01 3.62990201e-02 9.26705837e-01
    4.57213253e-01 1.21901542e-01 9.11791325e-01 3.49309832e-01
    2.83444405e-01 1.74507678e-01 7.44380116e-01 7.91213036e-01
    5.49898028e-01 4.59511459e-01 2.10282147e-01 6.07751489e-01
    6.26113772e-01 5.12041330e-01 8.03870261e-02 9.34346676e-01
    4.49512780e-01 8.78961802e-01 4.96464282e-01 5.80838621e-01
    7.15902925e-01 8.19158614e-01 1.03990734e-01 5.17974794e-01
    5.77237904e-02 2.44982094e-01 2.72137463e-01 4.43544298e-01
    2.85907865e-01 8.37702096e-01 9.06608880e-01 9.32792008e-01
    2.42259204e-01 2.10335165e-01 4.90281671e-01 9.45245266e-01
    1.06961429e-02 6.81236804e-01 6.36577368e-01 9.96501327e-01
    2.02665716e-01 4.86993253e-01 3.87456775e-01 5.63327014e-01
    5.09135723e-02 2.05820769e-01 9.81813192e-01 2.93198824e-02
    2.45527714e-01 6.38089418e-01 3.59187335e-01 4.01159346e-01
    2.58221358e-01 4.89776313e-01 5.82127333e-01 5.12840748e-01
    8.27361703e-01 6.65016413e-01 8.27127337e-01 8.33509207e-01
    1.75569266e-01 9.59589779e-02 8.49468112e-01 8.28279972e-01
    9.54948545e-01 9.38649237e-01 4.79708046e-01 9.99104381e-01
    7.11986840e-01 1.48511618e-01 1.78901732e-01 9.93076921e-01
    4.50517803e-01 5.32706439e-01 1.10992163e-01 5.18937588e-01
    6.90339804e-02 2.87509531e-01 7.80069530e-01 4.11888480e-01
    8.28575134e-01 9.13342595e-01 5.39886117e-01 1.80729747e-01
    3.51003528e-01 1.57532901e-01 2.78131247e-01 2.36056149e-02
    5.54585695e-01 8.59325171e-01 7.26307511e-01 1.05625063e-01
    3.29477310e-01 8.78593385e-01 7.18449295e-01 8.26340795e-01
    4.00009930e-01 5.03384352e-01 1.98365808e-01 5.71899295e-01
    8.92296672e-01 2.30815589e-01 5.13877749e-01 5.89767277e-01
    6.76161289e-01 7.67969787e-02 3.24898899e-01 9.32430267e-01
    9.29335594e-01 8.41014504e-01 7.70849168e-01 3.49689782e-01
    2.61029243e-01 4.03967530e-01 6.09428585e-01 4.29265320e-01
    2.98043370e-01 5.57692111e-01 9.47150052e-01 8.47866654e-01
    7.29582965e-01 9.69142318e-01 1.76968455e-01 1.45070404e-01
    8.28644991e-01 9.70759511e-01 4.76008505e-01 6.30315781e-01
    3.39349091e-01 7.87799239e-01 8.28296900e-01 6.07966006e-01
    9.90957379e-01 5.47463834e-01 6.26484632e-01 6.22377098e-01
    5.00642955e-01 2.29945421e-01 7.12576866e-01 2.94794500e-01
    6.61487699e-01 2.63027579e-01 7.32061267e-01 4.20827091e-01
    6.19176984e-01 6.66464269e-01 2.86992788e-01 1.10879511e-01
    1.57200515e-01 5.75337112e-01 3.60359043e-01 3.64388108e-01
    2.03986496e-01 1.58791095e-01 7.94170618e-01 4.39284265e-01
    2.74154305e-01 6.92459881e-01 2.58789062e-01 7.22362161e-01
    3.86461794e-01 2.47987330e-01 1.65757209e-01 3.18788588e-01
    3.16408187e-01 2.01721519e-01 8.79951954e-01 6.13942623e-01
    6.12337887e-02 7.84483671e-01 6.50152922e-01 1.15851223e-01
    2.46936917e-01 4.21588391e-01 8.94485593e-01 6.09683812e-01
    4.53557789e-01 2.69148886e-01 6.85823262e-02 5.95826626e-01
    9.68508661e-01 5.45552135e-01 4.75012362e-02 2.09256113e-02
    6.33575439e-01 7.95970082e-01 5.53203762e-01 2.80168325e-01
    1.04383111e-01 6.77974463e-01 2.29699999e-01 3.71090114e-01
    8.71823430e-02 8.28148544e-01 1.84227437e-01 4.29072231e-01
    4.07372743e-01 9.89857793e-01 8.98587227e-01 6.05955839e-01
    2.47856677e-01 7.17363477e-01 3.80385101e-01 3.71749341e-01
    9.85824585e-01 4.55349267e-01 2.24135160e-01 8.02106798e-01
    1.51771039e-01 6.29373074e-01 8.44788849e-02 6.44527733e-01
    5.99235177e-01 6.99878693e-01 4.32660758e-01 8.14318180e-01
    7.96322227e-02 4.38382775e-01 7.41844654e-01 9.11571264e-01
    3.45380634e-01 9.77490067e-01 7.66794801e-01 5.10693848e-01
    1.28148735e-01 1.10384375e-01 7.54368663e-01 1.86896712e-01
    3.47596407e-03 6.53391123e-01 5.47263384e-01 5.73356748e-01
    9.72760558e-01 4.85257447e-01 4.71919090e-01 4.13424909e-01
    9.83071446e-01 9.54818606e-01 8.23398769e-01 6.07832611e-01
    8.74572635e-01 8.55218172e-02 1.08602881e-01 9.30406928e-01
    1.89633191e-01 2.96224236e-01 3.00618231e-01 3.85173798e-01
    4.94715154e-01 7.96486259e-01 5.53085268e-01 4.93566692e-01
    7.43431330e-01 2.62509584e-02 5.10895789e-01 8.10051262e-02
    1.41157389e-01 5.63078761e-01 8.31468403e-02 8.01629305e-01
    7.51824975e-01 3.98780018e-01 2.88351953e-01 5.62717974e-01
    8.06802273e-01 9.36724603e-01 1.71690673e-01 6.21063590e-01
    8.00961673e-01 7.30430543e-01 1.70440167e-01 9.27856565e-02
    3.00204992e-01 8.15210640e-01 9.74949002e-01 8.40951443e-01
    6.65326834e-01 2.10212678e-01 4.06110704e-01 2.33670354e-01
    7.79441357e-01 1.49762273e-01 6.77544475e-02 7.34939158e-01
    6.71152413e-01 5.49872994e-01 1.97586864e-01 3.65517259e-01
    9.75446939e-01 8.38027000e-02 9.33398843e-01 9.70593095e-03
    2.67494917e-02 9.20076251e-01 1.89243764e-01 2.25381434e-01
    6.26116693e-01 7.56415009e-01 7.04975367e-01 9.53589380e-02
    3.90537262e-01 5.98582327e-01 7.56631494e-02 2.15150982e-01
    6.67495012e-01 4.21046793e-01 5.62917531e-01 4.00762379e-01
    5.57453513e-01 3.08705807e-01 3.83253396e-01 3.43447745e-01
    9.77064073e-02 2.28752553e-01 2.15634108e-01 7.17436075e-01
    6.00879848e-01 7.87003517e-01 9.48617995e-01 2.35418856e-01
    4.62088168e-01 1.70841485e-01 3.49815130e-01 6.05082691e-01
    8.82328689e-01 5.90232313e-01 2.10794032e-01 1.67298853e-01
    4.90316063e-01 9.83557224e-01 3.48308831e-01 5.30812919e-01
    6.90339804e-02 2.87509531e-01 7.80069530e-01 4.11888480e-01
    8.28575134e-01 9.13342595e-01 5.39886117e-01 1.80729747e-01
    3.51003528e-01 1.57532901e-01 2.78131247e-01 2.36056149e-02
    5.54585695e-01 8.59325171e-01 7.26307511e-01 1.05625063e-01
    3.29477310e-01 8.78593385e-01 3.25667024e-01 3.58232260e-01
    9.93699014e-01 8.43827605e-01 3.43004644e-01 7.28551328e-01
    5.08187652e-01 1.94461554e-01 6.80847049e-01 2.74309814e-01
    4.85742450e-01 8.29442024e-01 1.81202948e-01 2.74765432e-01
    1.03625774e-01 1.49125367e-01 9.02751565e-01 1.71896517e-01
    4.78554726e-01 8.96514297e-01 7.55212784e-01 6.78826034e-01
    1.29944086e-03 2.84651101e-01 5.96904695e-01 6.09057248e-01
    6.76030517e-01 6.98793054e-01 2.06317782e-01 5.97194195e-01
    6.95507050e-01 8.18162501e-01 2.29813457e-01 4.88639593e-01
    8.72610688e-01 1.68265581e-01 9.17909563e-01 9.09558773e-01
    7.15146959e-01 6.73290014e-01 1.75602138e-01 4.93394822e-01
    8.04139316e-01 1.04948670e-01 1.90787613e-01 5.01756310e-01
    7.03457475e-01 5.89728355e-03 5.50283849e-01 4.16643918e-01
    1.82582915e-01 1.76727772e-05 1.83108538e-01 8.89758229e-01
    6.72470570e-01 3.04804981e-01 5.62482119e-01 4.69858110e-01
    9.57876205e-01 2.74787456e-01 7.41826236e-01 8.47315788e-01
    7.99982607e-01 2.46902376e-01 3.54326487e-01 9.78892326e-01
    6.26407981e-01 3.49544704e-01 9.38338280e-01 7.76313245e-02
    5.85071206e-01 4.42251027e-01 9.07398820e-01 1.78396225e-01
    2.73786098e-01 3.42982829e-01 9.44695294e-01 7.61257529e-01
    2.50080764e-01 8.79874110e-01 2.00574547e-01 3.69646490e-01
    3.57077718e-02 6.32879436e-01 1.95339680e-01 6.52181208e-02
    7.18891978e-01 8.18651557e-01 6.41929388e-01 3.46753895e-01
    3.49398136e-01 1.38984025e-01 6.15442455e-01 2.50427186e-01
    5.43321550e-01 2.02237219e-01 5.90808332e-01 7.08518565e-01
    3.28124017e-01 1.09951675e-01 4.58700597e-01 7.58707404e-01
    1.54411316e-01 6.19335890e-01 7.20533431e-02 4.78483856e-01
    3.96722049e-01 8.44822645e-01 2.82078803e-01 4.40517515e-01
    9.17204916e-02 4.93957847e-01 5.15466332e-02 8.61385167e-01
    7.51275122e-02 5.80614328e-01 1.78164899e-01 7.00531602e-01
    9.88316596e-01 3.47118616e-01 4.78591472e-01 1.99416518e-01
    6.00078106e-01 5.04669666e-01 9.31569457e-01 4.96236861e-01
    4.99424905e-01 6.00965977e-01 5.12845278e-01 2.96206772e-01
    7.35348046e-01 7.98536539e-01 2.32496649e-01 1.11677945e-01
    8.36113334e-01 1.59057140e-01 9.54647005e-01 1.11746073e-01
    1.53191507e-01 6.34534836e-01 7.38495171e-01 9.07880664e-02
    7.99250603e-01 2.85022140e-01 4.10781622e-01 3.84195298e-01
    4.00939107e-01 2.31375903e-01 9.19761598e-01 3.40954870e-01
    7.00353563e-01 9.45653617e-02 6.52404726e-01 4.75251198e-01
    5.90019226e-01 3.84024143e-01 6.38321996e-01 9.53566909e-01
    3.17369998e-02 8.24182987e-01 2.99565196e-02 3.97921056e-01
    7.15902030e-01 9.56652999e-01 4.59746689e-01 6.54583693e-01
    1.64067477e-01 1.18291795e-01 3.59930068e-01 3.01918209e-01
    6.19078398e-01 4.41843987e-01 7.43234336e-01 3.09238493e-01
    5.89351952e-01 9.81946826e-01 8.30391765e-01 8.18882763e-01
    6.01389229e-01 5.22406995e-01 5.34188509e-01 7.28109658e-01
    4.58261430e-01 3.99099290e-01 6.33458138e-01 4.56166089e-01
    2.45263755e-01 3.53055745e-01 6.18804753e-01 2.17550993e-01
    5.86863518e-01 9.66414213e-01 4.30479109e-01 9.94884074e-01
    9.18290734e-01 4.17448759e-01 3.11361462e-01 2.22183198e-01
    9.43796039e-02 1.96062595e-01 1.35340095e-02 5.54989934e-01
    8.02943349e-01 6.98487282e-01 3.91795158e-01 8.21016788e-01
    4.50558871e-01 6.02952719e-01 2.98709869e-02 1.42808914e-01
    3.07644308e-02 3.82551610e-01 9.85031128e-01 4.40698862e-01
    1.73396260e-01 4.47681874e-01 3.65121961e-01 4.36279178e-01
    4.51371253e-01 6.89875066e-01 6.11312151e-01 3.33619565e-01
    5.56962729e-01 6.43998146e-01 7.88465500e-01 3.08945358e-01
    3.95846665e-01 3.21598887e-01 3.21657091e-01 9.14776027e-01
    1.22105837e-01 5.96224546e-01 1.23349458e-01 2.60107279e-01
    1.70967072e-01 3.42806995e-01 1.99028015e-01 3.97539318e-01
    2.99936533e-03 3.12509000e-01 9.57362413e-01 2.48580545e-01
    3.74100804e-02 4.46424067e-01 2.41639376e-01 2.88996816e-01
    3.99211049e-01 4.56085742e-01 3.97362053e-01 8.46156180e-01
    3.41615885e-01 8.39929163e-01 7.76081443e-01 9.13276315e-01
    3.63571376e-01 5.68381906e-01 3.25667024e-01 3.58232260e-01
    9.93699014e-01 8.43827605e-01 3.43004644e-01 7.28551328e-01
    5.08187652e-01 1.94461554e-01 6.80847049e-01 2.74309814e-01
    4.85742450e-01 8.29442024e-01 1.81202948e-01 2.74765432e-01
    1.03625774e-01 1.49125367e-01 9.02751565e-01 1.71896517e-01
    7.35908389e-01 5.58267891e-01 9.00614262e-01 1.23414397e-02
    6.71944320e-02 3.20068598e-01 2.04367787e-01 1.96864039e-01
    5.07414877e-01 7.56854713e-01 5.81478238e-01 1.40434563e-01
    6.45799458e-01 1.90328717e-01 9.28241491e-01 9.95114267e-01
    8.62002730e-01 5.84430397e-02 5.79800367e-01 8.03995192e-01
    8.44658554e-01 6.88103795e-01 4.64339554e-01 8.39768410e-01
    2.23622620e-01 7.47235477e-01 5.66724300e-01 4.65339124e-02
    6.28174484e-01 5.62388957e-01 4.16150749e-01 6.01679802e-01
    8.40016007e-01 6.99192822e-01 5.68656325e-01 9.00941253e-01
    4.76779342e-01 4.42627192e-01 7.52699375e-02 7.35755801e-01
    5.11097193e-01 9.17584896e-02 8.03574562e-01 2.33793646e-01
    9.72347856e-01 4.05412972e-01 9.34286833e-01 6.49159908e-01
    6.19294822e-01 8.57810378e-01 9.71411109e-01 9.81991708e-01
    6.50759757e-01 7.52918720e-01 9.56357956e-01 2.81697273e-01
    7.22138703e-01 1.06039673e-01 2.41620243e-01 7.49603391e-01
    7.88984418e-01 2.58981586e-02 8.91094089e-01 6.89773023e-01
    4.43516135e-01 1.81406617e-01 1.50396049e-01 4.84750360e-01
    3.56905222e-01 1.54206157e-02 5.54326177e-02 5.22590697e-01
    7.61212826e-01 3.47010136e-01 6.75220907e-01 1.31570667e-01
    4.85019565e-01 4.04217243e-01 4.10571754e-01 1.38272524e-01
    5.88319838e-01 9.87739563e-01 5.41360199e-01 8.62140357e-01
    8.28164101e-01 1.05704010e-01 1.69047475e-01 7.70980597e-01
    1.81161821e-01 4.33216751e-01 4.56962109e-01 9.65487659e-01
    1.95131928e-01 2.09898323e-01 5.97038388e-01 7.05199063e-01
    3.24713528e-01 9.44599688e-01 7.67540336e-01 4.60482895e-01
    4.30826843e-01 2.96429098e-02 8.47267509e-01 4.92117167e-01
    2.80602634e-01 8.08843970e-03 3.79349500e-01 6.72136366e-01
    4.25570667e-01 8.32894921e-01 2.98495322e-01 4.44705218e-01
    7.02081800e-01 4.39934373e-01 3.57978284e-01 9.68228936e-01
    1.25774860e-01 9.16527987e-01 4.54486489e-01 8.33457351e-01
    3.66941810e-01 2.02678025e-01 7.63326049e-01 6.86492562e-01
    3.37332934e-01 1.17098331e-01 6.74895942e-02 5.31830668e-01
    7.40360856e-01 9.12849903e-01 2.05266953e-01 3.18571448e-01
    1.79083586e-01 1.14878297e-01 4.34218645e-02 4.85119790e-01
    3.94611120e-01 9.79275227e-01 7.66303480e-01 3.82222056e-01
    9.03085470e-01 6.96273506e-01 1.02008015e-01 8.24286342e-01
    5.21023870e-02 2.14476287e-01 3.35142970e-01 5.52053392e-01
    7.53953576e-01 3.85054767e-01 8.02318990e-01 5.38566947e-01
    5.96768081e-01 5.87631583e-01 5.46446741e-01 8.92250419e-01
    9.73163843e-01 2.74731070e-01 7.33664632e-01 3.96770954e-01
    4.95080739e-01 7.97623634e-01 5.31765223e-01 2.16073662e-01
    9.65624452e-02 4.94684219e-01 1.01153642e-01 2.76852190e-01
    1.59722865e-01 6.42707050e-02 6.42026544e-01 5.45091212e-01
    7.88387358e-01 3.29042107e-01 9.55847263e-01 2.32384205e-02
    3.58863354e-01 5.22839427e-01 5.86195052e-01 1.20399594e-02
    2.85529524e-01 7.46742189e-01 5.98802626e-01 2.06978291e-01
    5.77594459e-01 8.85604739e-01 5.20578682e-01 5.97375214e-01
    1.62237227e-01 2.82414496e-01 6.56504750e-01 5.71374357e-01
    8.62657309e-01 2.14677542e-01 6.45180583e-01 9.28389132e-01
    5.65210879e-02 5.62144697e-01 1.18095189e-01 7.78709173e-01
    5.22187412e-01 9.54738140e-01 5.94291985e-01 7.12482572e-01
    3.57671142e-01 2.93182373e-01 6.77584648e-01 5.35219848e-01
    6.73845887e-01 1.02469087e-01 1.19803011e-01 9.25763011e-01
    8.33988845e-01 8.14914107e-02 2.54431069e-02 5.31133235e-01
    8.41279030e-01 1.07470512e-01 8.75442266e-01 3.39133024e-01
    1.24389529e-01 1.69699192e-01 9.61625576e-03 2.19414890e-01
    5.19244790e-01 9.19617295e-01 7.72135615e-01 4.82561290e-01
    2.65076339e-01 6.61077201e-01 3.76490653e-01 3.03220570e-01
    6.52234197e-01 1.30369097e-01 3.56941760e-01 1.83741450e-01
    4.58154052e-01 4.76423144e-01 6.87361062e-01 3.66657734e-01
    6.52499199e-02 4.37181234e-01 3.21954072e-01 4.76339757e-01
    1.27658635e-01 8.70687723e-01 4.67670083e-01 5.61984301e-01
    7.85866916e-01 5.45115709e-01 8.18651080e-01 3.70776832e-01
    2.46596187e-01 3.25853437e-01 9.13244009e-01 5.74339747e-01
    7.35908389e-01 5.58267891e-01 9.00614262e-01 1.23414397e-02
    6.71944320e-02 3.20068598e-01 2.04367787e-01 1.96864039e-01
    5.07414877e-01 7.56854713e-01 5.81478238e-01 1.40434563e-01
    6.45799458e-01 1.90328717e-01 9.28241491e-01 9.95114267e-01
    8.62002730e-01 5.84430397e-02 2.17869878e-01 5.01726806e-01
    7.70249367e-01 2.21823812e-01 8.77772808e-01 5.90885162e-01
    8.29894185e-01 3.39886367e-01 6.79183662e-01 9.93960738e-01
    4.06267017e-01 1.87629819e-01 9.91680920e-01 9.97569799e-01
    8.08807790e-01 4.29852545e-01 3.80703986e-01 7.49231219e-01
    8.83790195e-01 3.67179513e-01 7.30374455e-01 7.55524516e-01
    3.41612160e-01 1.25317723e-01 4.55348551e-01 5.70509076e-01
    5.17406106e-01 5.96992850e-01 3.14386070e-01 3.80839825e-01
    8.68413746e-01 8.19977045e-01 2.02514887e-01 6.89546466e-01
    4.44944531e-01 9.12402034e-01 2.30712831e-01 2.68736273e-01
    8.36054623e-01 3.30287039e-01 9.08028185e-01 6.82074547e-01
    5.31298220e-01 8.94988775e-02 5.83310127e-02 3.66307795e-01
    1.61524266e-01 3.62492323e-01 6.25050128e-01 7.92535186e-01
    5.04713178e-01 8.98102999e-01 2.27271914e-02 7.89298415e-02
    6.53583229e-01 4.37923074e-01 8.88043463e-01 7.81605363e-01
    9.06261563e-01 7.18191326e-01 9.48335886e-01 6.19114816e-01
    1.41337633e-01 8.40307236e-01 2.58628368e-01 4.13591892e-01
    8.35228741e-01 3.54184777e-01 4.45971996e-01 8.62168312e-01
    3.48921835e-01 5.71206510e-02 1.43104643e-01 3.95811081e-01
    7.62571096e-01 7.98788309e-01 9.61911261e-01 7.64377534e-01
    1.76340699e-01 6.25912547e-01 8.44882727e-01 6.02938652e-01
    7.04936445e-01 8.05577636e-01 5.97297788e-01 6.75284207e-01
    8.46896112e-01 9.56548274e-01 4.86954093e-01 8.35055351e-01
    4.76257354e-01 4.61434364e-01 6.67107403e-01 3.18708420e-02
    9.98259544e-01 1.89675540e-01 8.61391425e-01 5.09755015e-01
    1.94726467e-01 4.34516430e-01 7.05711365e-01 7.27477074e-01
    7.64137149e-01 8.29608738e-02 3.17690611e-01 6.21180594e-01
    5.36846995e-01 7.43523121e-01 8.98682952e-01 4.49290454e-01
    2.48239338e-01 7.06136048e-01 4.57676321e-01 9.67514813e-02
    2.50383019e-01 5.05160332e-01 8.85251164e-02 4.86025512e-01
    7.37915099e-01 4.98175502e-01 6.94777906e-01 4.98714000e-01
    3.30222845e-02 9.14952278e-01 4.03105110e-01 6.77576363e-01
    3.11564952e-01 2.81644762e-01 1.39261186e-01 3.32968235e-02
    5.91170788e-03 7.90536582e-01 9.74339724e-01 8.01731706e-01
    9.75086093e-01 3.79868448e-01 8.35394740e-01 2.64706850e-01
    1.05279386e-02 1.27342820e-01 8.19182992e-01 6.48264110e-01
    5.85750878e-01 2.51332343e-01 4.04622078e-01 4.93600160e-01
    5.39471984e-01 8.10741007e-01 4.40370589e-01 3.50315779e-01
    2.01071709e-01 1.00197494e-02 9.25795496e-01 5.34740090e-03
    9.32650268e-02 5.02384245e-01 1.89775765e-01 6.66382015e-01
    8.42255354e-02 5.98900795e-01 2.47436941e-01 9.55219150e-01
    9.57519650e-01 3.28944802e-01 4.20893639e-01 6.78544879e-01
    8.42938900e-01 8.54340255e-01 4.21851307e-01 6.26770556e-02
    8.33650649e-01 7.26304770e-01 8.69257212e-01 5.86893916e-01
    8.82293880e-02 6.79568052e-01 8.82267356e-02 5.41038632e-01
    4.19471264e-02 9.90748405e-01 4.97223139e-01 6.76186860e-01
    2.97095001e-01 4.60018814e-01 3.94906461e-01 6.26897812e-01
    8.44453573e-01 5.45309782e-01 5.88033915e-01 1.94797516e-01
    3.23101550e-01 8.56220424e-01 8.54001284e-01 1.20252132e-01
    9.64280367e-01 4.81954008e-01 3.66814643e-01 4.43874240e-01
    6.62565291e-01 3.74586999e-01 2.38024324e-01 6.10736847e-01
    3.75712216e-01 8.08763027e-01 4.19919431e-01 7.29471445e-02
    8.81982803e-01 5.89993179e-01 2.13010728e-01 1.71131641e-01
    7.83702135e-01 3.97993952e-01 5.69855809e-01 7.10691392e-01
    8.01402569e-01 3.53950202e-01 5.09583950e-01 6.81387126e-01
    3.69438231e-01 7.65220225e-01 8.47812533e-01 2.43328512e-01
    9.78657484e-01 8.67695391e-01 9.33531642e-01 7.64164209e-01
    7.59334862e-01 7.47176766e-01 5.86994827e-01 2.88856089e-01
    4.86025214e-02 5.84594786e-01 6.38714015e-01 6.92174435e-02
    6.43363595e-01 3.08345973e-01 7.03660429e-01 3.07597876e-01
    1.32766575e-01 3.47115457e-01 9.47174489e-01 8.26588750e-01
    2.01554716e-01 8.16246331e-01 9.28063929e-01 8.94699097e-01
    4.49108899e-01 3.41809273e-01 2.38691866e-02 4.95880842e-01
    9.19583440e-03 3.26635182e-01 4.48794454e-01 6.43132985e-01
    6.02633715e-01 7.30003119e-01 2.17869878e-01 5.01726806e-01
    7.70249367e-01 2.21823812e-01 8.77772808e-01 5.90885162e-01
    8.29894185e-01 3.39886367e-01 6.79183662e-01 9.93960738e-01
    4.06267017e-01 1.87629819e-01 9.91680920e-01 9.97569799e-01
    8.08807790e-01 4.29852545e-01 3.80703986e-01 7.49231219e-01
    5.91598153e-01 3.32572758e-02 7.64311433e-01 2.30330884e-01
    9.87982452e-01 6.04401410e-01 4.06022251e-01 3.82799506e-01
    2.30163395e-01 6.50302887e-01 6.88346028e-01 5.65916598e-02
    7.12254643e-03 3.61587644e-01 2.06684351e-01 7.70200551e-01
    3.57224882e-01 3.20126951e-01 7.38795400e-01 9.42500949e-01
    8.38796139e-01 4.25324291e-01 3.98248941e-01 8.11490119e-01
    9.61044431e-01 5.52172542e-01 7.78138041e-01 2.74541855e-01
    7.66845465e-01 6.57315493e-01 5.99823833e-01 2.74911582e-01
    6.05328262e-01 1.56137049e-01 6.80682600e-01 8.20519328e-01
    3.39445949e-01 8.67148936e-02 1.37880087e-01 1.95254862e-01
    9.32635665e-02 6.49834096e-01 9.79655504e-01 6.74251795e-01
    8.16117406e-01 7.29395390e-01 9.36169922e-01 7.01780319e-01
    4.70699519e-01 1.04297400e-01 5.63196480e-01 3.98986310e-01
    6.55557215e-02 5.04317403e-01 9.17137742e-01 9.69112277e-01
    3.19671303e-01 5.16657114e-01 7.33759761e-01 8.41850877e-01
    6.42306089e-01 3.85386437e-01 1.27157539e-01 5.62550128e-01
    9.99892592e-01 8.64370704e-01 1.93063706e-01 6.47483706e-01
    1.48671508e-01 3.16005856e-01 6.73022866e-03 9.36488688e-01
    7.38784432e-01 3.17333639e-01 6.53161764e-01 1.57887340e-01
    1.91989243e-01 9.97332394e-01 1.25580698e-01 7.36302018e-01
    2.45061636e-01 7.84956336e-01 6.99856937e-01 9.06505704e-01
    4.39858437e-01 3.80697787e-01 4.01693940e-01 6.86631918e-01
    5.53284407e-01 1.20423496e-01 9.29956317e-01 3.43386829e-02
    4.18271422e-01 2.61982292e-01 3.52713168e-02 7.43938804e-01
    7.22134411e-01 3.04102242e-01 4.97501373e-01 6.78902388e-01
    6.57469630e-01 5.49109042e-01 2.41129965e-01 5.94786763e-01
    7.82984853e-01 4.39495146e-01 8.97336960e-01 9.82721329e-01
    2.71060765e-01 4.25505310e-01 2.47947514e-01 2.26792276e-01
    8.55317473e-01 6.44901216e-01 5.99857569e-01 4.06616241e-01
    9.17302072e-01 3.08614075e-01 2.71146327e-01 6.32032037e-01
    3.77261996e-01 8.64700675e-01 9.92595196e-01 8.80028248e-01
    6.51673019e-01 6.06745005e-01 4.80536342e-01 6.97647631e-02
    6.20121956e-02 1.86283588e-01 6.16146684e-01 2.32826442e-01
    9.34424818e-01 2.44141221e-02 7.28342533e-02 6.26164854e-01
    7.95099080e-01 5.34905910e-01 4.72083718e-01 3.76101434e-01
    2.59521306e-01 5.13134897e-01 9.59172726e-01 6.66248798e-03
    5.82429409e-01 8.74707043e-01 6.85970902e-01 9.24155951e-01
    4.85525370e-01 1.67686045e-02 5.26208758e-01 3.18222135e-01
    2.80938804e-01 5.75878322e-02 9.54983413e-01 2.84466833e-01
    4.75582480e-01 2.99826443e-01 2.83213854e-01 1.15965039e-01
    5.42046607e-01 8.89797807e-01 1.56355739e-01 7.52937078e-01
    1.61211103e-01 9.34662521e-02 9.90517199e-01 3.62734795e-01
    7.78125226e-01 7.61585593e-01 4.48039800e-01 4.10312593e-01
    1.38797581e-01 3.76154125e-01 3.95826787e-01 4.76069808e-01
    9.45813000e-01 9.47021365e-01 7.33289242e-01 3.01518261e-01
    5.82758963e-01 2.25718141e-01 7.89402366e-01 1.78816915e-03
    5.27580678e-02 1.02464020e-01 1.68941259e-01 1.96458995e-02
    7.02329278e-01 7.54462719e-01 4.24326062e-01 8.25511575e-01
    6.10858440e-01 9.98974085e-01 8.91389310e-01 5.03938794e-02
    2.02006519e-01 2.73929477e-01 5.26050210e-01 6.95455313e-01
    5.58188498e-01 2.92497963e-01 9.60653186e-01 4.10512507e-01
    3.14923674e-01 6.23745084e-01 4.35005099e-01 6.89097643e-01
    1.12815082e-01 3.57641101e-01 8.59541655e-01 5.29061317e-01
    2.91164219e-01 8.25177550e-01 2.68895745e-01 1.52817190e-01
    4.05114621e-01 3.59239399e-01 4.86456960e-01 8.64351988e-01
    7.04954565e-01 9.68258679e-01 3.18614125e-01 1.44227803e-01
    1.22502446e-03 1.78535491e-01 9.25392866e-01 3.56286883e-01
    8.52037191e-01 9.51624930e-01 2.09098756e-02 7.79882967e-01
    3.30847025e-01 6.17022157e-01 5.91102719e-01 6.37994230e-01
    8.18931460e-01 2.27557659e-01 4.81089741e-01 1.67745173e-01
    6.07101381e-01 4.70303029e-01 5.18955946e-01 1.44771457e-01
    2.34999299e-01 1.55956715e-01 2.82255828e-01 2.52781540e-01
    8.58650565e-01 8.89889717e-01 8.31905305e-02 4.61569667e-01
    8.63356590e-01 9.76706982e-01 5.68150282e-01 3.05381060e-01
    5.91598153e-01 3.32572758e-02 7.64311433e-01 2.30330884e-01
    9.87982452e-01 6.04401410e-01 4.06022251e-01 3.82799506e-01
    2.30163395e-01 6.50302887e-01 6.88346028e-01 5.65916598e-02
    7.12254643e-03 3.61587644e-01 2.06684351e-01 7.70200551e-01
    3.57224882e-01 3.20126951e-01 6.53031886e-01 6.31129622e-01
    8.87264132e-01 2.59479821e-01 1.33342743e-01 2.28769690e-01
    5.28135240e-01 1.55942053e-01 6.86643779e-01 6.65036440e-01
    3.48427117e-01 1.99649006e-01 6.50702298e-01 6.05908036e-01
    2.78885067e-01 8.30900550e-01 7.20046520e-01 2.16435343e-01
    1.39753103e-01 2.10249871e-01 2.81488359e-01 3.86148602e-01
    9.32251513e-01 7.27604032e-01 6.52936578e-01 3.74713123e-01
    1.28509283e-01 2.55769312e-01 4.29974645e-01 6.08276486e-01
    5.01433015e-01 3.84015739e-02 4.46146309e-01 1.60528362e-01
    8.76758337e-01 3.00932258e-01 6.95818663e-01 5.88347554e-01
    7.81835198e-01 3.81726444e-01 9.90001321e-01 8.62210214e-01
    5.98918200e-02 5.04919112e-01 7.54320383e-01 9.21284199e-01
    1.26899898e-01 4.45023984e-01 9.37685728e-01 3.55424225e-01
    6.70290947e-01 8.96938443e-02 4.72352445e-01 5.14291704e-01
    1.35648340e-01 7.52454042e-01 4.95929867e-01 6.42011285e-01
    3.97113860e-01 5.92700243e-02 8.58539104e-01 6.45326078e-01
    4.69946980e-01 3.23301554e-03 3.57584834e-01 5.30333102e-01
    3.72858942e-01 1.21990561e-01 7.47803926e-01 2.10510790e-01
    2.12398171e-03 9.52685952e-01 8.73970509e-01 6.34046197e-01
    4.19852585e-01 3.67969126e-01 9.10464525e-01 1.14694208e-01
    8.41684103e-01 1.21493220e-01 3.07725251e-01 5.80914021e-01
    9.04575586e-01 9.85491157e-01 6.27596974e-01 1.90139413e-01
    8.81279111e-01 5.33961177e-01 7.34988749e-02 5.53596258e-01
    6.92212880e-01 3.35661232e-01 6.69961929e-01 4.16922063e-01
    2.01453298e-01 9.01884139e-02 3.69840980e-01 1.08602703e-01
    3.71784985e-01 4.02531028e-03 1.87346876e-01 8.86628032e-03
    1.71000510e-01 9.16047573e-01 6.77845001e-01 8.56740594e-01
    2.89471954e-01 8.71524930e-01 5.15556455e-01 6.03255928e-01
    8.72678339e-01 1.61637157e-01 2.41293550e-01 8.01160991e-01
    5.06585300e-01 7.49820888e-01 4.56466079e-02 2.58356720e-01
    3.94674242e-01 3.66714656e-01 2.12550700e-01 2.12030888e-01
    9.10269439e-01 2.81214476e-01 4.99843359e-01 7.93968379e-01
    4.35714424e-01 8.38455915e-01 4.21037555e-01 3.19648743e-01
    7.23613143e-01 3.30590129e-01 8.97188365e-01 1.71971053e-01
    7.70059466e-01 3.07180405e-01 2.46520519e-01 4.74100798e-01
    9.93281126e-01 6.65326655e-01 1.63543940e-01 3.80669653e-01
    7.49395549e-01 6.48440659e-01 8.02855432e-01 8.73943090e-01
    3.43531340e-01 3.24694157e-01 7.00982451e-01 1.57082677e-02
    2.40476400e-01 8.18543196e-01 5.44309258e-01 5.10212004e-01
    8.15605342e-01 3.01871300e-01 4.68391359e-01 1.85236931e-01
    9.75497484e-01 2.74035633e-02 5.84320128e-01 1.71283871e-01
    1.32506669e-01 8.34966719e-01 9.72905993e-01 1.88650191e-02
    6.71187282e-01 5.25363326e-01 9.56937313e-01 1.75559223e-02
    3.55080664e-01 6.73848629e-01 9.87841845e-01 9.98277724e-01
    8.52198303e-01 7.00319707e-01 8.31578434e-01 6.56142294e-01
    5.66851497e-01 5.90127230e-01 2.53512561e-01 5.42241454e-01
    9.90908146e-01 1.41720831e-01 2.36869305e-01 4.17019367e-01
    8.87672007e-02 7.47299314e-01 4.39842522e-01 6.00311279e-01
    7.35843003e-01 3.87435496e-01 8.92857075e-01 6.65093601e-01
    8.08944285e-01 6.67239606e-01 5.27724981e-01 6.78877473e-01
    5.82246304e-01 9.13724363e-01 9.06661510e-01 5.77124715e-01
    5.18464983e-01 6.05120778e-01 1.77935481e-01 5.40699363e-01
    9.52503681e-02 4.02490377e-01 6.01887286e-01 9.83922362e-01
    6.46581948e-01 9.29662704e-01 6.28517210e-01 2.75340378e-02
    2.25503355e-01 4.91688222e-01 4.85700309e-01 9.52575922e-01
    8.67119789e-01 1.53146476e-01 5.74026942e-01 1.15060031e-01
    7.06389964e-01 3.67948234e-01 5.25250912e-01 4.67935383e-01
    3.17380518e-01 2.54287481e-01 1.18042082e-01 4.38855082e-01
    7.40277648e-01 4.99267876e-01 1.27989024e-01 9.74240422e-01
    2.28754371e-01 7.39374757e-01 8.14425349e-01 2.36340821e-01
    6.49637222e-01 6.14310980e-01 3.52489352e-02 1.99445903e-01
    3.61208498e-01 5.00460684e-01 3.16174537e-01 3.89698446e-02
    2.05458343e-01 1.06074333e-01 2.69300163e-01 6.08417392e-02
    7.98998058e-01 9.11719799e-02 1.35750294e-01 8.30896199e-02
    4.11925375e-01 6.32155299e-01 6.53031886e-01 6.31129622e-01
    8.87264132e-01 2.59479821e-01 1.33342743e-01 2.28769690e-01
    5.28135240e-01 1.55942053e-01 6.86643779e-01 6.65036440e-01
    3.48427117e-01 1.99649006e-01 6.50702298e-01 6.05908036e-01
    2.78885067e-01 8.30900550e-01 7.20046520e-01 2.16435343e-01
    4.12243962e-01 8.87568355e-01 4.30629253e-01 4.23356116e-01
    2.96435833e-01 6.16409481e-01 2.14306861e-01 1.25142694e-01
    9.95649457e-01 9.53091979e-01 3.71533334e-01 5.53901613e-01
    1.30356431e-01 1.61674798e-01 9.14270163e-01 6.02850318e-01
    3.08858782e-01 6.00589693e-01 8.01065862e-02 4.02909130e-01
    7.42883384e-01 9.79765654e-01 4.25302178e-01 8.25588822e-01
    4.18328434e-01 5.30310571e-01 3.21610510e-01 3.71623933e-01
    7.86284268e-01 2.72857666e-01 8.27562511e-02 9.95136380e-01
    3.28858316e-01 3.92541349e-01 1.40307695e-01 1.92483455e-01
    6.63083494e-01 3.56146425e-01 6.91273749e-01 1.80500507e-01
    1.16922826e-01 1.45411551e-01 5.12814641e-01 9.52227950e-01
    3.42666507e-01 5.09003997e-02 1.20398819e-01 1.15358829e-01
    1.77751422e-01 3.72120529e-01 3.26630533e-01 6.41626716e-01
    4.10483301e-01 1.03751689e-01 1.94142520e-01 4.43105698e-02
    5.35061598e-01 2.73551941e-01 6.42540157e-02 5.11862934e-01
    6.65857732e-01 1.61116540e-01 1.22511715e-01 5.32040596e-02
    1.37006253e-01 3.03568840e-02 7.40694225e-01 2.18568861e-01
    4.79028106e-01 8.14758658e-01 4.38767225e-01 3.84942174e-01
    3.46937180e-01 7.57341504e-01 2.21439898e-02 1.90406144e-01
    6.90445781e-01 8.15078616e-01 8.45803022e-01 2.05404878e-01
    5.45225203e-01 2.85783172e-01 9.48718071e-01 9.04745460e-01
    7.12814927e-01 5.75224042e-01 8.58080626e-01 9.98893261e-01
    2.54988372e-01 4.86844957e-01 5.78735888e-01 2.74619460e-01
    9.85430479e-01 7.93324411e-02 7.32049227e-01 9.47936058e-01
    4.51502860e-01 9.57032681e-01 9.67806697e-01 9.70593214e-01
    3.67805570e-01 2.28479594e-01 1.76267236e-01 4.16979164e-01
    8.07803273e-01 4.06311631e-01 7.34438837e-01 6.02843761e-02
    6.53750122e-01 1.99607849e-01 2.79045880e-01 5.35000682e-01
    5.58949113e-02 4.81504619e-01 9.22543108e-02 8.11903358e-01
    9.49492216e-01 4.54973012e-01 7.28312194e-01 3.18492889e-01
    7.68238902e-01 6.62408590e-01 5.27032554e-01 7.30489850e-01
    5.44960678e-01 9.55745757e-01 5.01463294e-01 6.58194423e-02
    2.50991583e-01 7.64799714e-01 3.32154930e-01 6.44082904e-01
    6.61388278e-01 5.07810056e-01 3.72846305e-01 3.34683806e-01
    4.94085908e-01 3.87553304e-01 5.16400933e-02 9.11273599e-01
    2.24385619e-01 4.38029975e-01 5.19731522e-01 3.75925839e-01
    1.05761707e-01 1.69181347e-01 1.03770077e-01 8.31472516e-01
    5.35203516e-01 2.22910792e-01 1.87322944e-01 1.71790719e-01
    8.02787364e-01 1.09174252e-02 7.15296388e-01 3.32861304e-01
    5.47167063e-02 3.63312960e-01 3.04388821e-01 6.64506078e-01
    4.78352994e-01 3.24247688e-01 3.87649000e-01 2.03403026e-01
    2.84817576e-01 6.58389926e-01 8.51185977e-01 5.64122498e-01
    8.52110088e-01 5.22469699e-01 7.75887847e-01 1.76527739e-01
    5.29941916e-01 2.89694309e-01 2.13330477e-01 6.11009538e-01
    2.63614088e-01 1.15310997e-01 3.70714247e-01 6.08287871e-01
    2.80270338e-01 4.48506206e-01 2.08835125e-01 9.16610718e-01
    8.73606801e-01 7.12224185e-01 3.83466035e-01 5.56546450e-03
    5.50590873e-01 1.04051471e-01 9.92963195e-01 6.99386001e-01
    3.53409797e-01 4.69280362e-01 4.75932389e-01 8.01734805e-01
    3.67897987e-01 3.98858160e-01 5.55776954e-01 3.08306217e-01
    7.08476067e-01 5.69262207e-02 5.93059242e-01 2.99907833e-01
    5.91894925e-01 4.27113771e-01 7.57122159e-01 6.14128351e-01
    9.33440208e-01 7.18533576e-01 3.28730881e-01 7.14614391e-01
    8.83480966e-01 3.66038084e-01 4.85977590e-01 3.26975524e-01
    1.31174535e-01 9.27440643e-01 8.31362903e-02 2.68312633e-01
    3.54789764e-01 9.04265642e-01 4.91599977e-01 5.06193280e-01
    9.50436115e-01 5.09320378e-01 1.07719272e-01 5.69468975e-01
    7.47525275e-01 9.69422460e-01 7.58015156e-01 1.15000576e-01
    2.62914062e-01 2.74403960e-01 9.86883044e-02 5.37787259e-01
    9.93882895e-01 6.07388496e-01 2.26807356e-01 9.38778400e-01
    5.77176690e-01 2.81446517e-01 2.57723987e-01 1.41196758e-01
    6.38916254e-01 1.60580218e-01 3.90498579e-01 2.69701242e-01
    8.05584311e-01 7.59591937e-01 2.21701264e-01 9.73324418e-01
    5.15510261e-01 8.39742303e-01 6.45309091e-02 9.46384251e-01
    4.12243962e-01 8.87568355e-01 4.30629253e-01 4.23356116e-01
    2.96435833e-01 6.16409481e-01 2.14306861e-01 1.25142694e-01
    9.95649457e-01 9.53091979e-01 3.71533334e-01 5.53901613e-01
    1.30356431e-01 1.61674798e-01 9.14270163e-01 6.02850318e-01
    3.08858782e-01 6.00589693e-01 7.29474425e-01 8.86234701e-01
    1.24228925e-01 4.37803388e-01 7.29705572e-01 5.90080917e-01
    1.42839551e-01 9.64093387e-01 8.55255604e-01 8.71969700e-01
    8.61560464e-01 7.47807622e-01 3.75978649e-02 5.55737197e-01
    7.43572235e-01 7.57789493e-01 1.62763327e-01 6.82278156e-01
    9.29994464e-01 7.41525710e-01 3.61937612e-01 7.01123774e-01
    4.53638047e-01 2.17255950e-03 7.44903564e-01 1.83093637e-01
    5.27813017e-01 4.63678926e-01 9.91295636e-01 3.22131157e-01
    6.17077887e-01 4.27740544e-01 9.56756830e-01 4.47596997e-01
    7.18320727e-01 5.06848752e-01 4.79119509e-01 6.43106818e-01
    3.89705628e-01 9.98829007e-01 9.79502320e-01 4.55935597e-01
    3.34686935e-01 6.04870379e-01 5.05760670e-01 4.60242927e-01
    1.39019698e-01 8.52601528e-01 4.93390739e-01 4.37128067e-01
    2.42459178e-02 7.26915717e-01 6.08636260e-01 3.90851885e-01
    5.96608877e-01 8.49262774e-01 4.93018001e-01 5.51709771e-01
    2.82053202e-01 4.48557913e-01 6.91055655e-02 8.55858445e-01
    2.03561932e-01 3.67827773e-01 3.54132473e-01 3.57309580e-01
    2.77455151e-01 4.24893022e-01 3.39792669e-01 5.41115701e-02
    4.44723070e-02 7.29588747e-01 7.83131778e-01 2.17281014e-01
    6.13196373e-01 1.30573243e-01 6.39308155e-01 3.03009272e-01
    8.62544179e-02 7.75470972e-01 4.29683685e-01 3.37749481e-01
    2.24421769e-01 5.70428848e-01 4.74769026e-01 8.12979996e-01
    4.10575986e-01 4.49055731e-01 7.07224727e-01 6.08021200e-01
    2.14312375e-01 4.75377500e-01 9.90195155e-01 7.41083920e-01
    3.26391339e-01 6.93130553e-01 8.15433204e-01 2.46697813e-01
    4.46428657e-02 8.00679326e-01 9.63912845e-01 8.27503204e-01
    3.70860338e-01 3.60381782e-01 4.14750636e-01 8.62306833e-01
    2.63387799e-01 9.94969189e-01 7.60778010e-01 7.09220111e-01
    1.95738912e-01 8.38385224e-02 7.45624900e-01 7.45300770e-01
    2.71962583e-01 2.15482324e-01 1.42442882e-01 3.00477445e-02
    5.89523017e-02 4.02054250e-01 7.51638293e-01 3.92087877e-01
    4.07640815e-01 7.08005726e-02 5.35979748e-01 6.18118107e-01
    4.09684449e-01 6.77194953e-01 4.42195982e-01 1.20899171e-01
    4.63117957e-02 1.93783671e-01 3.43476921e-01 5.10949433e-01
    2.03479171e-01 9.01425183e-01 6.97922707e-01 2.31617272e-01
    9.45295572e-01 5.56759477e-01 3.30846757e-01 8.90753388e-01
    8.53190124e-01 1.07417613e-01 8.35425019e-01 5.42902708e-01
    6.07827961e-01 8.98378432e-01 2.42698967e-01 6.12727761e-01
    3.05284232e-01 1.28680855e-01 4.04691994e-02 4.07060087e-02
    5.07999480e-01 5.64019322e-01 7.05143690e-01 2.60862708e-02
    4.61709470e-01 5.04864156e-01 6.68490887e-01 7.16711938e-01
    9.17571723e-01 9.57218528e-01 2.67010272e-01 3.97953004e-01
    9.33916271e-01 6.18968904e-01 3.81402493e-01 7.67968714e-01
    8.51678550e-02 2.70947814e-02 3.08256388e-01 3.80416751e-01
    6.06685638e-01 5.91935813e-02 5.21499515e-02 6.07073724e-01
    4.10274118e-01 6.47710085e-01 8.23531270e-01 4.95605141e-01
    8.80211592e-01 2.89137244e-01 3.47466528e-01 9.77253020e-01
    7.43710518e-01 6.08058691e-01 4.79077309e-01 8.62898350e-01
    7.72101581e-01 8.33812594e-01 5.19664645e-01 5.55278182e-01
    3.77584785e-01 9.07612801e-01 4.98702317e-01 8.61588180e-01
    4.87863302e-01 8.01308870e-01 5.94692588e-01 9.93897080e-01
    7.41963029e-01 3.74086976e-01 7.02046812e-01 9.36491132e-01
    1.07267499e-01 3.51375461e-01 3.47573757e-01 8.15390468e-01
    9.55553472e-01 8.68951678e-01 1.04290366e-01 3.68608922e-01
    9.11640525e-01 3.00063610e-01 6.83297038e-01 2.88649917e-01
    3.13016921e-01 9.25533175e-01 5.62101424e-01 5.59640110e-01
    9.44191158e-01 9.26114321e-02 8.44295382e-01 6.42028332e-01
    3.97200614e-01 5.98393083e-01 2.11573601e-01 5.68946481e-01
    1.62740111e-01 5.09925723e-01 7.78986573e-01 7.12966919e-02
    2.29692280e-01 7.17273295e-01 1.04525268e-01 2.75625646e-01
    4.32523370e-01 1.88273191e-01 1.81290060e-01 4.07207668e-01
    5.83666265e-01 9.91246104e-02 8.20844054e-01 9.68281507e-01
    8.96963477e-01 9.43546653e-01 6.65527582e-02 1.15667939e-01
    3.87255102e-01 2.48811066e-01 7.01094031e-01 8.52296114e-01
    7.89779365e-01 4.94148195e-01 7.29474425e-01 8.86234701e-01
    1.24228925e-01 4.37803388e-01 7.29705572e-01 5.90080917e-01
    1.42839551e-01 9.64093387e-01 8.55255604e-01 8.71969700e-01
    8.61560464e-01 7.47807622e-01 3.75978649e-02 5.55737197e-01
    7.43572235e-01 7.57789493e-01 1.62763327e-01 6.82278156e-01
    2.99960285e-01 8.85702491e-01 1.14856154e-01 9.84991968e-01
    8.00202787e-02 6.13150001e-02 1.15024596e-01 5.83425045e-01
    7.00597286e-01 6.78362846e-01 5.96059322e-01 7.28425682e-01
    1.35421187e-01 9.53150690e-02 5.41745722e-01 4.77382779e-01
    9.37167108e-01 1.30745649e-01 5.13558507e-01 7.72767425e-01
    6.38871372e-01 9.60420787e-01 5.45277536e-01 5.07947266e-01
    4.87142712e-01 2.19167650e-01 6.12747192e-01 6.37623131e-01
    6.43741846e-01 8.86773229e-01 2.09856153e-01 6.30975902e-01
    3.50473523e-02 2.40237564e-01 6.53246582e-01 9.10185337e-01
    6.71572387e-01 2.83170402e-01 1.52794242e-01 3.62922311e-01
    1.74592406e-01 2.48155981e-01 1.94494247e-01 1.79448247e-01
    5.98811328e-01 2.29812086e-01 9.78277326e-02 5.92367947e-02
    3.16567957e-01 1.11386865e-01 3.45110178e-01 1.78528160e-01
    1.54329240e-02 1.35506690e-02 3.12873185e-01 8.60881090e-01
    5.76939523e-01 3.16855013e-01 1.83635354e-02 7.50054955e-01
    7.04932094e-01 5.12354076e-01 5.24444044e-01 6.27459466e-01
    8.81122828e-01 5.31179726e-01 2.88112581e-01 8.84937227e-01
    1.03874475e-01 4.46578205e-01 3.99218321e-01 7.54799783e-01
    3.31802964e-01 5.60014725e-01 3.99932534e-01 3.97631854e-01
    1.50288016e-01 4.86467391e-01 6.60154462e-01 6.62294209e-01
    1.44488662e-01 6.43185556e-01 4.53528762e-01 7.18017578e-01
    2.56312072e-01 6.91785038e-01 4.10926342e-02 3.79950792e-01
    3.00109595e-01 8.90776157e-01 4.71717745e-01 9.41510141e-01
    6.43121660e-01 9.73862112e-02 7.20587492e-01 4.32692587e-01
    2.98382014e-01 6.32126629e-01 4.73217547e-01 1.10552102e-01
    3.93785059e-01 6.32861853e-01 5.28055489e-01 2.79296070e-01
    4.47224796e-01 2.24607110e-01 2.39502072e-01 4.85303164e-01
    2.80198455e-01 9.31639671e-01 5.33254266e-01 5.31442642e-01
    8.31452727e-01 8.12320113e-01 1.26198143e-01 1.22121871e-02
    5.97508073e-01 7.61096120e-01 6.10470712e-01 3.25434387e-01
    7.84216166e-01 3.53104532e-01 1.08928919e-01 4.96867329e-01
    7.76722133e-02 2.87188977e-01 9.56290781e-01 8.68119180e-01
    6.23410523e-01 1.06211126e-01 9.26657319e-01 7.32303441e-01
    5.32904863e-01 8.15262198e-01 7.38284290e-01 5.99789023e-02
    2.27785647e-01 9.84862089e-01 8.39337587e-01 5.26882827e-01
    2.21881717e-01 8.85169268e-01 9.33496237e-01 7.65660286e-01
    9.73722816e-01 7.06154585e-01 2.83458829e-01 1.63210332e-02
    4.58246738e-01 2.17996061e-01 8.43208075e-01 8.05080533e-01
    1.65548891e-01 8.12097609e-01 8.71632218e-01 9.52889144e-01
    3.15949112e-01 1.58182323e-01 3.22531462e-01 1.80391729e-01
    1.82443976e-01 5.74796557e-01 4.92006391e-01 5.65362871e-02
    8.84566903e-01 1.77881122e-01 2.99449712e-01 8.85540128e-01
    4.83012289e-01 9.69539285e-01 7.71198273e-02 1.56703740e-01
    5.74845731e-01 7.36467957e-01 5.87652683e-01 3.06462646e-01
    1.67704791e-01 4.42467749e-01 2.78185248e-01 6.31346822e-01
    3.99250090e-01 3.62997591e-01 5.30997813e-01 2.46066988e-01
    2.69940883e-01 3.88261676e-02 8.22993517e-01 4.95676398e-01
    8.92094970e-01 8.06785703e-01 8.45237851e-01 9.18542325e-01
    4.12896395e-01 2.95275331e-01 5.84825635e-01 3.10199648e-01
    7.34712481e-01 9.92692053e-01 5.05054951e-01 7.39279032e-01
    8.85696352e-01 9.75658298e-01 3.54512632e-01 5.33933222e-01
    3.14824104e-01 2.39127815e-01 1.33750737e-01 7.60195971e-01
    7.07423568e-01 3.45201075e-01 6.58252180e-01 7.85512447e-01
    8.00627351e-01 9.50509608e-01 3.30684632e-01 7.87739456e-01
    8.97408485e-01 7.81493485e-01 3.75472397e-01 9.45743322e-01
    3.12423468e-01 4.33960736e-01 9.14887786e-01 5.21270752e-01
    2.33255118e-01 4.19656336e-02 1.18049830e-01 7.86337733e-01
    5.20289958e-01 3.44252765e-01 4.73446667e-01 8.08586001e-01
    5.23624480e-01 5.88698268e-01 1.90701336e-01 2.92126417e-01
    5.83364964e-01 6.49255812e-01 3.11329067e-01 9.95470405e-01
    7.93625474e-01 8.22364390e-02 9.54859376e-01 3.76880825e-01
    3.79931927e-01 8.96031678e-01 5.32291651e-01 3.94351482e-02
    3.11580777e-01 9.76652026e-01 5.30661047e-01 2.07525790e-01
    9.18551564e-01 5.08379996e-01 5.82966328e-01 6.01062655e-01
    2.99960285e-01 8.85702491e-01 1.14856154e-01 9.84991968e-01
    8.00202787e-02 6.13150001e-02 1.15024596e-01 5.83425045e-01
    7.00597286e-01 6.78362846e-01 5.96059322e-01 7.28425682e-01
    1.35421187e-01 9.53150690e-02 5.41745722e-01 4.77382779e-01
    9.37167108e-01 1.30745649e-01 7.28543043e-01 9.08447385e-01
    9.61861074e-01 6.30264521e-01 4.79212791e-01 3.87691915e-01
    5.09455502e-01 3.35381061e-01 8.97472799e-01 6.36321187e-01
    5.07638693e-01 4.52642173e-01 2.23112762e-01 6.02549970e-01
    8.32068920e-01 1.96119487e-01 6.45200789e-01 8.15522492e-01
    6.88499689e-01 9.38758373e-01 5.82014143e-01 9.55703855e-01
    9.27348793e-01 8.11975360e-01 4.70416993e-01 9.88910556e-01
    1.76353127e-01 8.61622214e-01 8.92825603e-01 6.06820703e-01
    8.67193937e-01 6.55407190e-01 6.76025569e-01 2.51089275e-01
    8.16337466e-01 8.37972522e-01 3.76073182e-01 2.21296638e-01
    9.47086453e-01 3.53435099e-01 3.94496590e-01 2.61000425e-01
    7.30416358e-01 1.83407962e-02 7.49027848e-01 1.55826390e-01
    7.88807273e-01 2.37205625e-02 1.62297994e-01 6.44587219e-01
    8.15404534e-01 8.78393650e-03 1.59381628e-02 3.09716761e-01
    7.86792159e-01 5.10987282e-01 6.19592965e-01 7.60005832e-01
    5.01728952e-02 8.06644559e-01 4.26370829e-01 9.05915260e-01
    3.05004060e-01 5.46514213e-01 5.40938556e-01 8.77413690e-01
    9.61955249e-01 1.77407175e-01 2.70393074e-01 6.32600188e-02
    4.77998942e-01 6.33931458e-01 7.30758667e-01 3.43012810e-01
    1.48446113e-01 2.16715306e-01 1.01463705e-01 8.95585299e-01
    6.45168900e-01 3.55589032e-01 2.88244545e-01 1.86607629e-01
    7.57562041e-01 9.74761724e-01 1.43355608e-01 4.33364928e-01
    1.14989311e-01 5.43765068e-01 4.95447040e-01 9.29596543e-01
    6.77407742e-01 7.11724877e-01 4.88928080e-01 2.33157188e-01
    4.68188077e-01 2.39910960e-01 6.83916390e-01 4.89202023e-01
    5.93627274e-01 7.00587749e-01 5.71838856e-01 5.04630804e-03
    3.36266309e-01 4.73902494e-01 5.39513409e-01 3.92566621e-01
    6.90479279e-01 3.76419783e-01 8.21771324e-02 5.77022851e-01
    5.33113956e-01 1.43777519e-01 7.67692924e-01 3.07023734e-01
    3.82953584e-01 5.24775445e-01 6.08880699e-01 2.31794268e-01
    7.87450671e-01 3.68766963e-01 1.28963381e-01 4.77023989e-01
    6.53496385e-01 7.92316616e-01 4.72703040e-01 6.97560787e-01
    8.45719457e-01 8.59102726e-01 8.26427937e-01 5.00574768e-01
    4.12001550e-01 4.46529686e-01 7.53895700e-01 3.72444123e-01
    7.08061934e-01 3.94419968e-01 7.62278199e-01 6.72291458e-01
    3.34067345e-02 3.77567410e-01 7.26155937e-02 5.67904055e-01
    5.41602254e-01 3.73130322e-01 4.19099450e-01 8.04564714e-01
    9.14998055e-01 4.63978857e-01 3.46563816e-01 7.48299599e-01
    8.44960511e-01 2.12832987e-01 1.20266497e-01 4.49403226e-02
    9.26701188e-01 1.57748133e-01 2.67362893e-01 7.58504033e-01
    1.73009574e-01 8.42604160e-01 4.78174150e-01 6.80718243e-01
    6.85098708e-01 7.73498416e-01 2.87786186e-01 2.06843823e-01
    2.56569386e-01 1.06729984e-01 7.90458798e-01 8.56775701e-01
    6.31676853e-01 6.18577480e-01 4.00949329e-01 4.40431833e-02
    3.74071628e-01 5.70478916e-01 8.48317504e-01 7.63757825e-01
    4.15861428e-01 2.54887760e-01 5.42998314e-01 5.33676147e-01
    5.78718483e-01 1.87145472e-02 9.65933919e-01 5.01028121e-01
    7.70757854e-01 2.33613431e-01 3.66807491e-01 8.83466661e-01
    5.41670561e-01 8.60390663e-01 4.75656390e-02 6.81699097e-01
    5.82308292e-01 2.41257340e-01 6.98227704e-01 6.76233530e-01
    8.24949980e-01 9.84383225e-01 2.18682081e-01 2.83900917e-01
    5.72561026e-02 5.49023092e-01 4.92267966e-01 1.61412627e-01
    3.27527940e-01 1.63687170e-01 3.19043577e-01 2.38006651e-01
    4.45498735e-01 3.86222005e-02 1.14335537e-01 5.48167229e-01
    4.28168595e-01 9.45201874e-01 1.80576831e-01 9.67078626e-01
    6.36147499e-01 8.21887553e-01 4.03371990e-01 2.68848717e-01
    2.90614963e-01 7.68611312e-01 1.56396002e-01 3.15198511e-01
    6.29581034e-01 7.14728653e-01 6.17286325e-01 2.89339423e-01
    9.99499202e-01 2.52571672e-01 4.63874996e-01 6.76503122e-01
    2.10792512e-01 4.80785102e-01 5.52325130e-01 1.77796602e-01
    4.80418593e-01 1.48137629e-01 6.27527475e-01 1.24326825e-01
    3.61944348e-01 9.00279760e-01 5.71063519e-01 4.77093786e-01
    8.75216424e-02 7.55990505e-01 3.17498028e-01 2.92466164e-01
    1.13858968e-01 1.29382700e-01 8.30543041e-03 9.72366810e-01
    8.01997781e-01 3.07349801e-01 7.28543043e-01 9.08447385e-01
    9.61861074e-01 6.30264521e-01 4.79212791e-01 3.87691915e-01
    5.09455502e-01 3.35381061e-01 8.97472799e-01 6.36321187e-01
    5.07638693e-01 4.52642173e-01 2.23112762e-01 6.02549970e-01
    8.32068920e-01 1.96119487e-01 6.45200789e-01 8.15522492e-01
    1.21216148e-01 9.80042100e-01 9.91730988e-02 6.62139297e-01
    9.25109982e-01 3.57630044e-01 5.02952933e-02 2.37980992e-01
    7.54756629e-02 8.99597228e-01 7.62567997e-01 1.11035705e-01
    5.27753472e-01 1.57573104e-01 1.51238918e-01 9.95546877e-01
    9.23214197e-01 9.66382265e-01 7.53399134e-02 2.36044019e-01
    3.48733544e-01 2.35586226e-01 1.55782729e-01 4.03465390e-01
    2.27556705e-01 8.43312740e-01 5.12481272e-01 6.20333612e-01
    6.84464395e-01 5.83764851e-01 9.97447610e-01 1.29898787e-01
    6.93506181e-01 1.23571813e-01 7.43842125e-02 7.13069379e-01
    4.63833928e-01 2.79635996e-01 2.93705493e-01 1.30857289e-01
    5.64839423e-01 5.60111046e-01 5.73840559e-01 1.85734481e-01
    9.60876286e-01 3.01010847e-01 6.09266281e-01 7.40381360e-01
    1.95667416e-01 1.40178531e-01 3.81711960e-01 2.61002451e-01
    8.94993186e-01 6.37232780e-01 7.79685974e-02 6.22892678e-02
    4.59804982e-01 5.21001697e-01 9.47715282e-01 4.86787915e-01
    3.52430254e-01 3.96319389e-01 3.60348105e-01 6.95382476e-01
    1.57346398e-01 3.06708366e-01 6.21697903e-01 3.37616861e-01
    5.19854367e-01 2.26323962e-01 2.03582048e-01 3.26036930e-01
    6.40231788e-01 4.38339382e-01 3.02265286e-01 6.81863666e-01
    6.18688285e-01 8.10270011e-02 8.75113726e-01 2.42371678e-01
    2.62507856e-01 3.01848561e-01 4.40465808e-01 5.55845797e-01
    6.35217726e-01 6.65840328e-01 5.85073709e-01 1.67790174e-01
    4.26943302e-02 2.10982412e-01 8.87673795e-01 3.71114463e-01
    1.14121884e-01 9.07966018e-01 3.41606915e-01 2.83283293e-02
    1.97282046e-01 5.78354478e-01 9.04761076e-01 4.64423448e-01
    9.79149282e-01 5.24244845e-01 7.37071514e-01 9.09606218e-01
    5.68765700e-01 3.08681697e-01 2.36010730e-01 7.71492362e-01
    8.94848704e-02 6.79457426e-01 8.67737770e-01 9.89344060e-01
    8.63937140e-02 4.86168236e-01 7.46403098e-01 6.80849135e-01
    6.53424323e-01 9.06106949e-01 7.00286090e-01 9.89719987e-01
    2.34442651e-02 4.34227556e-01 8.26979041e-01 6.56062722e-01
    5.84466755e-01 4.04597521e-01 2.56974339e-01 6.49102092e-01
    4.82180327e-01 1.84951037e-01 1.41004771e-01 4.29098725e-01
    3.15223336e-02 6.26209259e-01 8.29065144e-01 2.86588073e-01
    4.85078037e-01 4.85294878e-01 7.16324449e-02 4.60738659e-01
    2.28234917e-01 5.46507657e-01 4.73545909e-01 1.45853549e-01
    1.55629396e-01 2.61158466e-01 1.12863213e-01 3.99146616e-01
    1.37789369e-01 9.77913141e-01 5.23120880e-01 1.32214904e-01
    5.14568925e-01 5.07357121e-01 8.29077840e-01 1.52119547e-01
    7.34207392e-01 6.02629542e-01 9.10598755e-01 7.72278070e-01
    2.22073555e-01 2.22749263e-01 8.45269978e-01 6.90805554e-01
    9.00167346e-01 9.06999707e-01 3.88382673e-01 1.14744931e-01
    1.09807640e-01 6.43840849e-01 6.19846582e-01 5.42154849e-01
    2.83711553e-02 6.00088596e-01 9.48896527e-01 7.21166134e-01
    1.57506645e-01 9.86712098e-01 4.82556045e-01 2.61962235e-01
    3.22292745e-01 9.86532927e-01 3.37816715e-01 3.07075679e-01
    3.00917029e-01 1.83146656e-01 5.54536343e-01 6.33729398e-01
    1.20647252e-01 8.79733860e-01 4.92193699e-01 3.88276339e-01
    9.52954471e-01 2.52556294e-01 5.36658525e-01 1.24044627e-01
    7.14901865e-01 8.18504632e-01 3.19429964e-01 6.06790543e-01
    5.11581123e-01 5.44631898e-01 1.95399493e-01 1.47730738e-01
    9.86325324e-01 6.11033320e-01 6.27220869e-01 8.61640334e-01
    1.77322626e-01 9.76422131e-01 7.50839829e-01 9.68402922e-02
    7.06327200e-01 8.30223441e-01 1.63771242e-01 3.57484460e-01
    4.45365965e-01 2.49690592e-01 6.60591722e-01 7.37581313e-01
    5.94452322e-01 2.86715686e-01 6.85301721e-01 2.18466848e-01
    3.16970587e-01 4.66496646e-02 4.48143482e-01 5.17381787e-01
    5.13400912e-01 7.22426891e-01 2.59811372e-01 3.95917088e-01
    9.04298425e-02 4.50712860e-01 5.20686626e-01 4.11531031e-02
    5.60685873e-01 4.83114064e-01 5.01903534e-01 3.88165474e-01
    4.49419469e-01 8.75827789e-01 6.35225534e-01 5.94079733e-01
    6.80025518e-01 4.96638894e-01 2.29864061e-01 6.06784105e-01
    7.11002648e-01 1.13748312e-02 2.06822753e-02 5.09674132e-01
    9.53574657e-01 6.72339320e-01 8.32382798e-01 2.13448495e-01
    1.21216148e-01 9.80042100e-01 9.91730988e-02 6.62139297e-01
    9.25109982e-01 3.57630044e-01 5.02952933e-02 2.37980992e-01
    7.54756629e-02 8.99597228e-01 7.62567997e-01 1.11035705e-01
    5.27753472e-01 1.57573104e-01 1.51238918e-01 9.95546877e-01
    9.23214197e-01 9.66382265e-01 1.79469973e-01 3.91814500e-01
    6.35913312e-01 4.53079104e-01 4.47325796e-01 9.59074855e-01
    1.29222512e-01 7.22022176e-01 5.55359185e-01 8.41683984e-01
    2.85424441e-01 5.39182246e-01 2.42723405e-01 1.76789314e-01
    1.72407478e-01 9.75808501e-01 8.93205762e-01 1.21716499e-01
    7.35811651e-01 4.38188016e-01 9.04299259e-01 6.46300554e-01
    7.88942158e-01 1.03928834e-01 5.33280611e-01 3.49885523e-01
    7.78545737e-02 9.93544459e-01 7.44910657e-01 5.45530260e-01
    8.99754047e-01 9.31850553e-01 8.86537552e-01 4.26917613e-01
    4.18496549e-01 5.14854968e-01 4.66496736e-01 1.89807117e-02
    8.12303424e-01 1.66363925e-01 7.21490860e-01 1.42554373e-01
    8.77801716e-01 9.09564793e-02 3.89420897e-01 4.10877973e-01
    8.61994982e-01 9.74817514e-01 5.53307295e-01 7.52066374e-01
    8.69913816e-01 5.32346249e-01 5.91803789e-02 1.97462976e-01
    4.25126612e-01 1.70507729e-01 9.41480994e-01 6.38937354e-01
    2.51002163e-01 5.91317415e-02 6.36724055e-01 3.85663569e-01
    5.74349940e-01 9.88045037e-01 6.50671899e-01 4.25007224e-01
    8.32075775e-02 9.46916699e-01 4.03977662e-01 5.18135786e-01
    1.90205455e-01 6.98143899e-01 9.79337811e-01 4.98765171e-01
    1.49705678e-01 5.74199259e-01 5.48048317e-02 1.34191215e-01
    3.51871938e-01 9.80944574e-01 8.83006275e-01 5.44935048e-01
    2.97058225e-01 7.26137161e-02 1.74133331e-01 9.35504436e-02
    8.36578965e-01 3.74915600e-01 8.47958803e-01 2.47171521e-01
    6.60625994e-02 3.82072926e-01 5.02441466e-01 6.21508002e-01
    1.73475713e-01 5.27685881e-01 5.55889606e-01 8.31245661e-01
    7.10929394e-01 4.50024605e-02 1.12846941e-01 5.94048500e-01
    4.92368490e-01 2.14809060e-01 1.11655533e-01 8.38621795e-01
    5.85089207e-01 3.82191122e-01 4.61975962e-01 9.53222275e-01
    2.97661781e-01 2.62182355e-01 6.40321672e-01 6.75354004e-02
    8.67380381e-01 5.51626086e-03 4.71873105e-01 9.50595200e-01
    9.68297243e-01 8.46074104e-01 6.09444559e-01 8.85007381e-01
    2.96755731e-01 6.57773912e-01 7.15358973e-01 7.67653823e-01
    5.88527083e-01 5.79758823e-01 3.14074129e-01 6.44000649e-01
    2.20211208e-01 4.07307833e-01 1.15230709e-01 5.91155171e-01
    1.30610079e-01 5.15336692e-01 8.14521670e-01 6.30566001e-01
    8.99276018e-01 4.34462011e-01 4.19110835e-01 7.31960654e-01
    1.90373898e-01 6.35124445e-01 4.79892313e-01 3.31949115e-01
    4.19473588e-01 9.50720370e-01 4.31668073e-01 5.93867719e-01
    4.50275451e-01 5.66826344e-01 2.34309614e-01 9.53461885e-01
    2.34870732e-01 9.78712559e-01 8.54455113e-01 1.10238731e-01
    2.23298222e-01 4.50437486e-01 6.84972763e-01 7.24291265e-01
    6.23314202e-01 5.94183207e-01 5.75268745e-01 6.28462851e-01
    2.94105619e-01 4.29279029e-01 7.00484812e-01 7.99358785e-01
    7.01224804e-01 7.17641056e-01 1.90899998e-01 4.70533639e-01
    8.28430712e-01 8.09395790e-01 5.26768804e-01 1.60484999e-01
    6.65923357e-02 9.78664517e-01 8.20845485e-01 7.92652786e-01
    3.68587971e-01 1.21384829e-01 9.75004673e-01 5.52306175e-01
    8.28490019e-01 9.81084704e-01 9.50326800e-01 8.58315885e-01
    9.89877701e-01 8.51565123e-01 1.74642414e-01 9.85065997e-02
    9.51085985e-01 8.68717730e-01 3.71597171e-01 7.78132439e-01
    9.69971538e-01 5.06653666e-01 3.71993095e-01 5.38032353e-01
    9.26675260e-01 8.33560228e-01 3.68692815e-01 7.57418871e-01
    3.42302859e-01 3.42552006e-01 7.18121529e-01 7.88724542e-01
    6.24088764e-01 1.31786644e-01 7.83444762e-01 2.93112755e-01
    1.28790885e-01 9.24401402e-01 8.89971733e-01 3.37244034e-01
    6.47547185e-01 1.87252462e-02 1.76945329e-01 2.13273346e-01
    8.08253527e-01 3.59733105e-02 7.13701487e-01 7.05886245e-01
    7.43723571e-01 9.67412710e-01 8.55994165e-01 2.97136366e-01
    9.54080939e-01 6.81382418e-01 5.73460817e-01 5.41552365e-01
    6.49305344e-01 9.37657714e-01 6.00575805e-02 2.87956089e-01
    1.30599380e-01 5.05686283e-01 1.39414757e-01 8.70302677e-01
    9.50988770e-01 5.93080759e-01 8.25501442e-01 1.38571709e-01
    3.60622942e-01 4.23148572e-01 3.72220874e-01 1.95577383e-01
    3.21623683e-01 9.18471098e-01 9.84250069e-01 4.94990885e-01
    9.19793248e-01 5.32404900e-01 1.79469973e-01 3.91814500e-01
    6.35913312e-01 4.53079104e-01 4.47325796e-01 9.59074855e-01
    1.29222512e-01 7.22022176e-01 5.55359185e-01 8.41683984e-01
    2.85424441e-01 5.39182246e-01 2.42723405e-01 1.76789314e-01
    1.72407478e-01 9.75808501e-01 8.93205762e-01 1.21716499e-01
    1.93149358e-01 5.44381976e-01 2.87982613e-01 2.38708973e-01
    2.48190433e-01 8.26581538e-01 5.32586336e-01 6.14229858e-01
    6.01612091e-01 8.56983781e-01 1.55359328e-01 8.40672374e-01
    8.92943382e-01 3.69508266e-02 9.33127701e-02 7.72559345e-02
    3.79173517e-01 4.10998046e-01 5.62081695e-01 8.94134521e-01
    9.00433481e-01 2.93612599e-01 2.34191865e-01 8.16788435e-01
    2.33047068e-01 7.28953421e-01 6.25533938e-01 8.04659605e-01
    2.13442355e-01 6.82537138e-01 4.91609484e-01 1.75844222e-01
    3.90748739e-01 6.95861220e-01 8.29451323e-01 7.65731931e-01
    2.88696706e-01 4.61361706e-01 9.25982356e-01 5.62791348e-01
    6.21848762e-01 2.76117802e-01 4.41340566e-01 2.61582136e-01
    6.40570402e-01 5.94354451e-01 3.55414271e-01 7.75347829e-01
    1.65776193e-01 2.41358876e-02 6.28611565e-01 3.51020753e-01
    4.77775455e-01 3.43005061e-02 6.61348164e-01 3.41588259e-01
    2.90160000e-01 8.42829943e-01 4.60158855e-01 3.38872313e-01
    1.49798483e-01 6.07637763e-01 5.62481046e-01 7.05649853e-01
    4.10082966e-01 1.89649850e-01 4.52822745e-01 4.38353419e-03
    3.93343270e-02 2.18121231e-01 3.78463328e-01 3.66712034e-01
    9.98716474e-01 8.66694808e-01 2.52995223e-01 6.64567828e-01
    8.25461686e-01 4.21446383e-01 7.80924916e-01 2.23466694e-01
    8.04836333e-01 6.31238818e-02 3.44716042e-01 7.83322334e-01
    8.33487749e-01 2.99466610e-01 9.27277088e-01 5.50434530e-01
    7.99230874e-01 4.98288959e-01 9.18875992e-01 7.14812756e-01
    6.95726156e-01 6.44218028e-01 3.15799117e-02 1.71957612e-01
    2.49161661e-01 6.32850051e-01 9.70355570e-01 9.59784329e-01
    3.33903253e-01 1.00176990e-01 8.67968082e-01 3.25276941e-01
    6.50283456e-01 8.21830332e-02 3.54817003e-01 4.55283016e-01
    4.91500407e-01 2.02445269e-01 4.12014544e-01 1.66929424e-01
    8.80452275e-01 1.03431731e-01 5.06421208e-01 8.70990872e-01
    4.27033544e-01 1.77444488e-01 3.28420043e-01 8.14264417e-02
    9.17648554e-01 8.02793622e-01 3.25164199e-03 5.72379172e-01
    6.25583410e-01 8.34509373e-01 6.66990578e-01 8.47655535e-01
    1.97519332e-01 5.44485867e-01 7.69845247e-02 5.91068387e-01
    7.03158200e-01 9.59485829e-01 3.88440490e-02 8.63995314e-01
    6.60673380e-01 2.51262367e-01 9.38455939e-01 1.17254138e-01
    3.98688018e-02 6.92153752e-01 6.67606354e-01 4.43303347e-01
    9.08021927e-01 3.36901546e-01 1.07276320e-01 9.61904049e-01
    1.94171160e-01 6.07063949e-01 1.50756150e-01 5.29039860e-01
    8.86674881e-01 9.78399575e-01 1.20190382e-02 2.71321326e-01
    1.30234808e-01 8.91980708e-01 5.19809783e-01 3.46745014e-01
    7.03233719e-01 1.66176081e-01 8.04816365e-01 9.08551514e-02
    7.25317478e-01 2.12636739e-01 9.86740291e-02 1.45550519e-01
    6.63630247e-01 4.09292608e-01 3.91576111e-01 5.32431304e-01
    1.42933518e-01 3.15980852e-01 6.16743028e-01 3.14507514e-01
    6.21897519e-01 3.62899780e-01 8.83398771e-01 9.39783871e-01
    2.70699322e-01 7.53935814e-01 6.57716036e-01 3.70210886e-01
    5.35622895e-01 1.93365395e-01 7.64927745e-01 5.86650848e-01
    7.56496787e-02 6.69485390e-01 5.02514303e-01 2.94460058e-01
    9.31670368e-01 5.80452561e-01 7.92236686e-01 9.12040949e-01
    7.89250374e-01 1.52864456e-01 2.30166852e-01 9.86184895e-01
    2.12541580e-01 5.03131747e-02 4.99907225e-01 7.27366686e-01
    8.17135513e-01 1.49608165e-01 9.52617764e-01 7.25288749e-01
    4.01216805e-01 9.31118727e-02 3.90756458e-01 4.98112738e-01
    7.21619010e-01 1.76324189e-01 9.06357050e-01 9.78095889e-01
    2.62215137e-02 1.48387760e-01 6.25386596e-01 9.21939850e-01
    5.28459847e-02 5.46522439e-01 7.39114821e-01 7.74226308e-01
    7.83174992e-01 7.10930347e-01 1.73382193e-01 2.42671698e-01
    9.64192986e-01 1.50865793e-01 6.49520695e-01 6.60322309e-02
    5.27994812e-01 8.22529197e-01 3.11713338e-01 3.79193783e-01
    6.42347157e-01 9.30905700e-01 7.87370086e-01 9.76622581e-01
    3.39406818e-01 5.64967275e-01 9.03944612e-01 3.99896383e-01
    5.58734655e-01 6.60116076e-01 9.36321437e-01 9.25959587e-01
    7.68809319e-02 5.30706942e-01 1.72522992e-01 5.69773555e-01
    1.65263325e-01 8.24666619e-01 4.37701643e-02 2.36065954e-01
    1.93149358e-01 5.44381976e-01 2.87982613e-01 2.38708973e-01
    2.48190433e-01 8.26581538e-01 5.32586336e-01 6.14229858e-01
    6.01612091e-01 8.56983781e-01 1.55359328e-01 8.40672374e-01
    8.92943382e-01 3.69508266e-02 9.33127701e-02 7.72559345e-02
    3.79173517e-01 4.10998046e-01 7.45335996e-01 1.13166749e-01
    5.55357575e-01 3.08687001e-01 3.50699008e-01 4.12231505e-01
    1.97758496e-01 6.66121542e-01 7.87054896e-01 1.50538474e-01
    3.63268554e-01 9.63227510e-01 4.11822587e-01 4.91543859e-01
    3.31210554e-01 5.99898934e-01 8.90141726e-02 7.53351212e-01
    7.62716413e-01 2.03916728e-02 9.18451488e-01 9.91850972e-01
    3.32536876e-01 9.71123457e-01 5.66015840e-01 4.15382206e-01
    8.94579053e-01 5.51434994e-01 9.11735415e-01 2.91270018e-03
    1.87189370e-01 8.92693222e-01 4.44137305e-01 3.55990231e-02
    2.23066658e-01 7.96158075e-01 5.83043039e-01 6.38605654e-02
    9.78591621e-01 9.37425017e-01 9.49812829e-02 5.47951877e-01
    3.59083652e-01 4.51495379e-01 2.20072955e-01 2.05076754e-01
    2.31835544e-02 9.80998576e-01 8.33137393e-01 5.82637310e-01
    4.13792193e-01 1.33730561e-01 6.92666531e-01 9.00810480e-01
    9.27779317e-01 7.50498235e-01 6.91163003e-01 3.94423246e-01
    9.22868848e-02 1.63368613e-01 7.03482032e-02 2.23680943e-01
    3.43140483e-01 9.63324785e-01 3.01912069e-01 9.72098589e-01
    7.17626214e-01 9.54687595e-01 8.66783559e-02 8.01232219e-01
    7.60730028e-01 6.21975720e-01 4.76691723e-02 1.45318329e-01
    8.87995362e-01 5.89805365e-01 6.83149874e-01 8.43954563e-01
    3.76533031e-01 2.86096275e-01 9.06927884e-01 5.79001427e-01
    3.59861851e-02 4.26970780e-01 7.61495709e-01 2.03755021e-01
    4.54511732e-01 8.82508934e-01 3.84671211e-01 8.89848530e-01
    1.07912987e-01 7.44126439e-01 8.26379359e-01 5.32470703e-01
    5.04234135e-02 2.38721967e-01 4.80900317e-01 2.29423344e-01
    7.09553957e-01 4.24374431e-01 3.80281985e-01 2.17569560e-01
    8.78854990e-01 7.73421645e-01 4.36676443e-02 7.89020061e-01
    2.28080988e-01 3.32838625e-01 7.02344537e-01 7.72142768e-01
    6.82303965e-01 6.46361232e-01 1.51000381e-01 9.82131958e-02
    1.82226658e-01 3.64006519e-01 1.95362329e-01 9.25325155e-01
    4.56756115e-01 4.18438315e-01 8.74664664e-01 2.65164077e-01
    9.13500071e-01 3.45550597e-01 5.45363724e-02 8.53116512e-01
    4.74775463e-01 1.91169113e-01 8.67949188e-01 5.92299879e-01
    6.30052447e-01 6.25562370e-01 3.00179332e-01 5.24600208e-01
    7.23430037e-01 7.94695020e-01 2.62567043e-01 1.34472132e-01
    1.54158026e-01 7.56802797e-01 3.42240751e-01 1.27603769e-01
    7.89995432e-01 9.01979506e-02 3.44039828e-01 3.40633392e-02
    8.28312993e-01 6.42886996e-01 1.27799809e-02 5.72146058e-01
    3.13033998e-01 6.52738929e-01 5.24292409e-01 2.50235468e-01
    4.29237932e-01 6.92056656e-01 8.83672535e-02 6.14967525e-01
    3.47541869e-01 2.99515426e-01 3.58763337e-03 1.95593804e-01
    1.79989666e-01 9.62517917e-01 5.89155734e-01 4.41332370e-01
    2.75859565e-01 6.68520927e-01 5.33814490e-01 6.04591668e-02
    7.49041736e-02 7.25306511e-01 7.88601160e-01 9.34690952e-01
    2.06373781e-01 8.45158219e-01 8.12629819e-01 4.56637412e-01
    4.44124460e-01 4.05291975e-01 2.68502831e-01 6.25894010e-01
    5.96666574e-01 1.20852262e-01 3.30996215e-01 1.24184072e-01
    5.14740765e-01 1.22440159e-02 9.23459172e-01 1.50453091e-01
    4.34829235e-01 7.60530472e-01 3.14856648e-01 8.35542679e-01
    8.15751910e-01 6.02432191e-01 1.09065413e-01 8.14582705e-01
    9.40839648e-01 9.33019519e-02 7.40925968e-01 5.45092821e-01
    9.02068853e-01 9.75786507e-01 4.18906480e-01 6.47429466e-01
    3.17029774e-01 7.60316014e-01 6.26126826e-01 3.26541066e-03
    5.67526758e-01 3.16613138e-01 9.23451722e-01 8.90664101e-01
    3.34581137e-01 3.75537306e-01 2.16074169e-01 1.39888346e-01
    5.71325958e-01 4.27584141e-01 9.54696774e-01 6.08816266e-01
    4.07680094e-01 5.76440990e-01 9.40391898e-01 1.52686924e-01
    5.21946073e-01 6.46422923e-01 1.44839555e-01 5.81726432e-01
    4.54236507e-01 9.33770895e-01 9.79018569e-01 6.15623534e-01
    2.92249441e-01 2.62045562e-01 8.07638466e-01 3.84072602e-01
    7.28229523e-01 3.93685430e-01 4.52317327e-01 9.38757658e-01
    4.47632611e-01 3.11723232e-01 8.48200679e-01 5.66490889e-01
    3.73315752e-01 7.40591884e-02 4.02644187e-01 8.29448760e-01
    5.94789803e-01 4.35582936e-01 6.42068863e-01 9.96969640e-02
    5.66066861e-01 7.02560544e-01 7.45335996e-01 1.13166749e-01
    5.55357575e-01 3.08687001e-01 3.50699008e-01 4.12231505e-01
    1.97758496e-01 6.66121542e-01 7.87054896e-01 1.50538474e-01
    3.63268554e-01 9.63227510e-01 4.11822587e-01 4.91543859e-01
    3.31210554e-01 5.99898934e-01 8.90141726e-02 7.53351212e-01
    4.56889570e-02 1.24377638e-01 9.41524744e-01 7.26586521e-01
    5.23670793e-01 4.41327453e-01 9.05411243e-01 8.18183184e-01
    5.05034089e-01 7.23249078e-01 2.31011808e-01 7.68993735e-01
    6.72830820e-01 2.51860738e-01 4.14905995e-01 2.90830374e-01
    8.77727985e-01 7.34083891e-01 4.25531209e-01 6.93272650e-02
    1.03028595e-01 9.53490138e-01 7.75147200e-01 9.41092968e-02
    8.42424035e-01 8.40634465e-01 2.32521743e-01 2.13830739e-01
    9.77262259e-01 7.51296818e-01 7.86422849e-01 2.62013733e-01
    1.56643391e-01 3.27325225e-01 3.89686614e-01 8.58039975e-01
    7.36400962e-01 8.57784867e-01 8.36164594e-01 5.22016287e-01
    1.35260135e-01 9.86333251e-01 8.04949462e-01 3.02872598e-01
    7.32290268e-01 2.05976963e-01 7.94197679e-01 7.77232468e-01
    8.87245715e-01 7.42481112e-01 4.20744956e-01 7.02182949e-01
    9.37441468e-01 2.55426407e-01 1.69002324e-01 8.08981180e-01
    9.40173626e-01 1.03708804e-01 4.65838641e-01 9.34317112e-01
    8.30867529e-01 1.82479024e-01 1.62023425e-01 2.52324939e-02
    2.71783829e-01 2.23139197e-01 6.02028847e-01 2.08246946e-01
    1.83829665e-03 2.70736247e-01 5.39833963e-01 8.13725233e-01
    4.58255798e-01 2.34198987e-01 3.52591872e-01 5.63195944e-01
    9.86022294e-01 9.17723954e-01 9.93797660e-01 7.77583361e-01
    8.80647540e-01 9.08692420e-01 7.67773867e-01 2.94315457e-01
    5.59814751e-01 4.39307094e-02 9.94059265e-01 5.17701387e-01
    8.82977962e-01 7.27627039e-01 5.42062104e-01 6.19969308e-01
    6.22805774e-01 1.17159814e-01 2.32696980e-01 3.18783641e-01
    1.94169968e-01 2.43967056e-01 8.15680385e-01 5.22222221e-02
    8.92780721e-01 6.76884294e-01 8.47820997e-01 2.25388795e-01
    3.60106826e-01 1.64159536e-01 3.47447634e-01 9.41326618e-01
    4.19469118e-01 4.85411406e-01 8.32121193e-01 7.74502516e-01
    5.80277264e-01 3.46781462e-01 6.86446548e-01 9.65400994e-01
    6.36982918e-03 7.56569028e-01 7.88087130e-01 8.61373007e-01
    4.31367844e-01 4.42142665e-01 5.51288128e-01 8.56216788e-01
    8.50911379e-01 4.05944318e-01 6.67707384e-01 7.94945359e-01
    8.20285916e-01 9.83954072e-01 2.52433807e-01 4.20096815e-02
    2.67463863e-01 2.70779908e-01 2.58233935e-01 1.52415454e-01
    8.69746625e-01 3.60362202e-01 5.01067936e-01 6.44207478e-01
    3.80798846e-01 1.42197579e-01 6.27029538e-01 1.07197046e-01
    5.94862580e-01 4.28267181e-01 2.85499245e-01 4.58558291e-01
    8.92545581e-01 5.08247077e-01 1.86693698e-01 5.13809085e-01
    4.85753804e-01 9.57889497e-01 6.54851913e-01 8.03564668e-01
    1.65274471e-01 4.13404316e-01 9.87450898e-01 5.19711435e-01
    6.46196246e-01 8.07153344e-01 7.08410978e-01 2.75171459e-01
    2.41335869e-01 2.28261948e-01 6.21933341e-01 1.20801270e-01
    1.33061707e-02 8.90893459e-01 2.25918889e-02 9.48767662e-01
    6.82464242e-01 2.90273726e-01 6.94507003e-01 4.81634110e-01
    9.95374322e-01 5.48358262e-01 4.30481046e-01 9.69760180e-01
    2.23553598e-01 6.61547422e-01 3.84968489e-01 4.86219347e-01
    5.50345480e-02 9.26742375e-01 3.49409729e-01 5.57079017e-01
    7.80865550e-03 6.32004559e-01 4.28247929e-01 1.02182180e-01
    7.63260484e-01 6.79154813e-01 2.80618072e-01 3.48095417e-01
    9.36185837e-01 1.39057398e-01 1.37587875e-01 3.32382888e-01
    2.39354372e-03 1.70765519e-02 8.24908316e-01 2.69983768e-01
    3.57567608e-01 2.89064944e-01 5.25440633e-01 8.49823236e-01
    1.72316223e-01 8.77032936e-01 1.77184910e-01 9.61307645e-01
    5.77260792e-01 5.24490297e-01 8.93087804e-01 4.92140710e-01
    4.64779019e-01 7.26347685e-01 3.00603479e-01 8.21535051e-01
    1.27609074e-02 4.82180029e-01 3.31190884e-01 1.55728430e-01
    3.53345513e-01 1.72007591e-01 2.97742963e-01 3.48244786e-01
    5.72636306e-01 5.83530784e-01 4.57462490e-01 9.66920257e-01
    9.58355427e-01 8.32500219e-01 8.74235511e-01 3.06610465e-01
    6.56671286e-01 1.29900098e-01 9.00539279e-01 7.19561219e-01
    2.21093863e-01 9.27409947e-01 8.07860315e-01 3.43094647e-01
    6.96967661e-01 9.51760352e-01 7.00896740e-01 8.39053273e-01
    2.96291530e-01 6.27125025e-01 1.34431243e-01 1.64809048e-01
    6.14368796e-01 7.12972760e-01 9.51591134e-01 2.84064829e-01
    4.56889570e-02 1.24377638e-01 9.41524744e-01 7.26586521e-01
    5.23670793e-01 4.41327453e-01 9.05411243e-01 8.18183184e-01
    5.05034089e-01 7.23249078e-01 2.31011808e-01 7.68993735e-01
    6.72830820e-01 2.51860738e-01 4.14905995e-01 2.90830374e-01
    8.77727985e-01 7.34083891e-01 6.75191879e-01 8.60430598e-01
    8.90674114e-01 7.24363565e-01 9.26683664e-01 8.35700631e-01
    8.03805947e-01 7.04779506e-01 3.32370460e-01 1.51246786e-01
    1.97370261e-01 3.35265160e-01 7.93203115e-01 6.11741543e-01
    1.79994822e-01 2.61554420e-02 2.99362421e-01 8.18108201e-01
    6.42938018e-01 1.79755986e-02 6.80754960e-01 1.57839537e-01
    3.97301644e-01 3.05812716e-01 7.34505713e-01 7.74265230e-01
    3.75903428e-01 6.17181480e-01 5.12484252e-01 7.79962897e-01
    9.09699500e-01 7.78351784e-01 6.49106920e-01 6.83049023e-01
    5.28562725e-01 3.58048439e-01 4.86554265e-01 8.95939827e-01
    3.79260242e-01 9.56643879e-01 3.43927056e-01 3.14826518e-01
    4.77888674e-01 7.79077411e-01 1.52610660e-01 2.21851796e-01
    2.55488694e-01 8.29263866e-01 3.80817711e-01 7.49855161e-01
    4.44617987e-01 2.53094226e-01 7.22118020e-02 9.25557971e-01
    3.61869425e-01 5.29321194e-01 6.36757076e-01 3.17593575e-01
    3.29198688e-01 2.90667236e-01 7.04811752e-01 5.15176892e-01
    4.52907920e-01 6.32074058e-01 3.25664371e-01 5.81267953e-01
    1.39027119e-01 4.04439211e-01 9.43303585e-01 5.19441605e-01
    6.04187846e-01 2.53386796e-02 5.67878783e-01 1.78808481e-01
    4.13447767e-01 7.93006122e-02 8.64819527e-01 9.77056742e-01
    6.06358767e-01 2.55988002e-01 5.40342450e-01 2.06234813e-01
    5.36502302e-01 1.69078648e-01 6.23561323e-01 2.92862982e-01
    3.56191367e-01 3.28569114e-01 3.94317389e-01 8.11221004e-01
    2.33457059e-01 2.67990649e-01 9.09584045e-01 2.45769203e-01
    5.74372172e-01 2.70272851e-01 8.17007542e-01 3.38752896e-01
    9.05819237e-01 8.14299345e-01 4.70200479e-02 9.40679908e-01
    1.26075447e-02 7.51065612e-01 9.09463406e-01 9.89729881e-01
    6.94776356e-01 9.93898988e-01 4.63553876e-01 7.57404327e-01
    8.41657579e-01 7.40891457e-01 3.63088250e-01 6.80758595e-01
    2.92908370e-01 9.62838292e-01 5.43729663e-01 2.71221519e-01
    4.23668563e-01 6.62461042e-01 8.12721848e-01 3.96504670e-01
    1.22676730e-01 2.91955948e-01 2.75013089e-01 4.63233352e-01
    3.21652591e-01 8.11520517e-01 1.52220130e-02 4.17303741e-01
    4.30403352e-02 9.19564128e-01 1.43894166e-01 9.18674231e-01
    1.63600445e-02 4.35172111e-01 7.68089890e-01 3.98409873e-01
    7.07567275e-01 9.09378767e-01 6.16367161e-01 8.57748151e-01
    3.82813841e-01 2.76434124e-01 9.43600476e-01 7.18320608e-01
    4.61671323e-01 5.88494003e-01 5.58122456e-01 3.60619843e-01
    7.74174809e-01 7.92286038e-01 4.74191844e-01 1.61728591e-01
    1.34466469e-01 4.87089455e-02 5.92777550e-01 1.11537129e-01
    4.90628660e-01 6.91022873e-02 5.18640876e-01 9.38874483e-03
    8.42368305e-02 3.66801053e-01 7.25399911e-01 9.81799126e-01
    1.59626156e-01 2.20791876e-01 8.04357529e-01 6.52821422e-01
    8.08477283e-01 3.67601275e-01 2.83452392e-01 5.22724628e-01
    5.92948854e-01 6.87433481e-02 5.42759776e-01 1.36601835e-01
    4.43490833e-01 6.27527237e-01 9.94353414e-01 2.60402292e-01
    5.66657424e-01 8.86141658e-01 5.44503093e-01 3.01253021e-01
    8.88029695e-01 6.95924819e-01 9.29463387e-01 2.64071196e-01
    4.88971293e-01 4.63406354e-01 3.23009193e-01 8.45140576e-01
    1.81089133e-01 2.76993990e-01 3.82304043e-01 1.29687935e-01
    2.53652990e-01 7.26258814e-01 3.42161119e-01 6.31528497e-01
    4.97675359e-01 2.85224617e-02 4.64888394e-01 7.22062528e-01
    2.55654156e-02 2.67311603e-01 3.83886218e-01 7.30888665e-01
    1.30309999e-01 9.33558226e-01 7.54136801e-01 3.44910979e-01
    4.88381475e-01 9.42896307e-01 8.70193303e-01 7.28656650e-02
    8.42269659e-02 9.95491922e-01 5.67120612e-01 9.16188240e-01
    4.70255196e-01 1.46648049e-01 6.00831270e-01 8.60747874e-01
    7.30955362e-01 1.79499060e-01 1.41694993e-01 6.27418756e-01
    1.22559667e-01 7.33863413e-01 3.77166897e-01 7.28028059e-01
    9.06830132e-01 2.98799276e-01 5.72270632e-01 1.41997546e-01
    1.83547229e-01 6.98104501e-03 4.27578807e-01 3.99546981e-01
    5.91063201e-02 8.42138231e-01 9.33219433e-01 7.50278473e-01
    9.26338613e-01 5.07300019e-01 6.01532638e-01 6.52977049e-01
    7.11345732e-01 2.99301326e-01 7.75635719e-01 1.64053738e-02
    1.46467954e-01 4.16664183e-01 6.75191879e-01 8.60430598e-01
    8.90674114e-01 7.24363565e-01 9.26683664e-01 8.35700631e-01
    8.03805947e-01 7.04779506e-01 3.32370460e-01 1.51246786e-01
    1.97370261e-01 3.35265160e-01 7.93203115e-01 6.11741543e-01
    1.79994822e-01 2.61554420e-02 2.99362421e-01 8.18108201e-01
    8.47942233e-01 6.78042650e-01 3.04343104e-01 5.10937810e-01
    2.13669270e-01 3.92541885e-01 8.63375306e-01 4.74696517e-01
    8.24380398e-01 1.76219940e-02 3.12384337e-01 3.46682191e-01
    6.16635919e-01 8.22114050e-01 3.41884762e-01 9.14699256e-01
    8.63798857e-01 1.89385921e-01 6.17804170e-01 1.21929914e-01
    4.72784638e-02 7.92226672e-01 3.63017619e-02 4.19491529e-03
    1.79691881e-01 8.94585967e-01 7.06661642e-02 3.85099351e-01
    4.34066951e-02 7.31693864e-01 3.34239006e-01 7.88514316e-01
    6.12665772e-01 3.56356561e-01 6.34256601e-01 2.06374139e-01
    3.74565899e-01 2.36943960e-02 2.74668276e-01 5.36488950e-01
    4.44724560e-02 6.63621187e-01 6.76612854e-02 4.37318772e-01
    4.60772276e-01 6.27727985e-01 8.51785779e-01 3.62856835e-01
    8.27410579e-01 5.20689130e-01 7.72230029e-01 1.18279934e-01
    5.24205625e-01 7.66224384e-01 4.90274340e-01 6.03595018e-01
    4.43867207e-01 7.34687030e-01 3.06146353e-01 7.56591439e-01
    8.18866253e-01 6.44427180e-01 1.17948472e-01 3.78207833e-01
    3.65795016e-01 3.55137587e-01 5.93412459e-01 8.99457097e-01
    2.89877951e-01 4.73507077e-01 3.09146881e-01 2.44820148e-01
    1.66930020e-01 8.89539242e-01 4.38657522e-01 1.05247140e-01
    5.67495584e-01 7.34409034e-01 2.30403870e-01 9.07668591e-01
    9.97770429e-01 4.06582385e-01 5.42413056e-01 3.85713011e-01
    8.31938982e-02 2.34218776e-01 5.58465838e-01 7.42711723e-02
    6.44159317e-01 9.90958929e-01 7.74688721e-01 1.92989320e-01
    1.86794072e-01 6.88333035e-01 2.96125829e-01 5.03224432e-01
    5.93810081e-01 3.31931919e-01 4.29019630e-01 8.27106833e-03
    7.91879833e-01 5.80189466e-01 4.59820628e-01 5.66615820e-01
    9.45087612e-01 3.49276423e-01 8.97878051e-01 7.14350939e-01
    7.48229384e-01 6.14476085e-01 6.67507946e-01 3.30584347e-01
    4.31424141e-01 4.28260416e-01 6.29502416e-01 1.70847267e-01
    8.33337069e-01 1.78800970e-01 5.64157665e-01 6.82028770e-01
    1.02833807e-02 7.61600554e-01 5.80419540e-01 5.79303980e-01
    7.69811571e-02 7.54947066e-01 2.43536085e-01 2.04517335e-01
    4.52354163e-01 7.74519384e-01 2.53933281e-01 7.15919852e-01
    9.40423131e-01 9.16487873e-01 4.21954662e-01 8.34015369e-01
    9.56843019e-01 8.50070477e-01 2.87318021e-01 1.94677323e-01
    7.95307875e-01 8.37403715e-01 4.15361822e-02 4.06626165e-01
    5.09931028e-01 5.65133035e-01 7.19949245e-01 1.48182511e-02
    2.02542961e-01 5.32044888e-01 3.67857814e-02 3.98404896e-01
    2.05664933e-02 5.77222884e-01 6.47615075e-01 2.42542714e-01
    6.96430683e-01 2.43682325e-01 9.18434858e-01 8.50042105e-01
    5.71137965e-01 4.13767159e-01 5.22837818e-01 1.02176994e-01
    9.87030566e-02 6.22054279e-01 7.20088482e-01 1.45445168e-01
    6.23781025e-01 7.60153711e-01 3.58148247e-01 8.39787483e-01
    5.34118116e-02 5.25224149e-01 8.33541036e-01 4.59661782e-02
    6.31973147e-01 7.39177346e-01 1.43128276e-01 3.83996248e-01
    2.05376625e-01 3.48093510e-02 4.14109707e-01 2.91319191e-01
    6.64976597e-01 8.42627704e-01 3.06298435e-01 8.97211790e-01
    7.32383132e-01 7.35223293e-01 4.64827746e-01 4.39026564e-01
    1.27580464e-02 2.56499410e-01 5.35122812e-01 6.16865754e-01
    2.84405142e-01 6.04018807e-01 2.00066417e-01 6.04254723e-01
    1.36066467e-01 9.40612197e-01 9.97405648e-01 5.20762384e-01
    3.35096776e-01 9.85498309e-01 3.64000380e-01 2.31406122e-01
    4.79557097e-01 4.41077381e-01 4.31677759e-01 6.37625217e-01
    5.01062155e-01 1.04032904e-01 2.40614235e-01 4.30111766e-01
    7.55898833e-01 6.75851226e-01 7.06328392e-01 6.22355223e-01
    8.58460307e-01 7.05512404e-01 5.10071039e-01 8.13480079e-01
    1.84921443e-01 3.74992192e-01 4.48314577e-01 3.43574226e-01
    5.46917081e-01 8.40150356e-01 1.09072298e-01 2.18180984e-01
    1.24309897e-01 9.80297804e-01 6.88868046e-01 8.40321481e-01
    3.92459720e-01 5.60886562e-02 1.52596831e-03 2.78818905e-01
    9.47730780e-01 8.73496175e-01 4.57458526e-01 2.97181904e-01
    7.09189475e-02 9.90631878e-01 6.03815913e-03 8.31787586e-01
    6.80636942e-01 5.66707194e-01 1.65596157e-01 3.57643634e-01
    6.15632176e-01 9.54469442e-01 6.35804772e-01 8.98072362e-01
    8.47942233e-01 6.78042650e-01 3.04343104e-01 5.10937810e-01
    2.13669270e-01 3.92541885e-01 8.63375306e-01 4.74696517e-01
    8.24380398e-01 1.76219940e-02 3.12384337e-01 3.46682191e-01
    6.16635919e-01 8.22114050e-01 3.41884762e-01 9.14699256e-01
    8.63798857e-01 1.89385921e-01 4.23290730e-02 9.13466930e-01
    9.16012168e-01 6.53588295e-01 4.17209506e-01 1.68340772e-01
    3.13820869e-01 5.65884411e-01 9.27494049e-01 6.47613287e-01
    1.43579364e-01 2.00539529e-01 6.11690283e-01 7.86139011e-01
    2.71377027e-01 5.12018979e-01 6.55593276e-02 4.10327345e-01
    4.15525794e-01 5.88030100e-01 4.11970019e-02 3.82059515e-01
    7.20428824e-02 1.57114804e-01 1.79575145e-01 2.88909882e-01
    3.90215576e-01 6.74916983e-01 2.45408088e-01 2.01841235e-01
    9.60614979e-02 2.09728211e-01 5.32898903e-01 4.25548553e-01
    7.14632452e-01 4.53909904e-01 3.40187192e-01 4.93660420e-01
    8.65506887e-01 9.71985698e-01 1.48266166e-01 5.50178468e-01
    2.44031042e-01 1.45868063e-01 7.08063126e-01 4.92201567e-01
    8.16814899e-01 1.75582677e-01 1.22662663e-01 5.00991940e-03
    7.23069608e-02 4.68804538e-02 4.51457620e-01 8.77881289e-01
    1.57785952e-01 5.38019836e-01 2.20686495e-02 9.14200544e-01
    8.40912282e-01 3.25635016e-01 1.72114670e-01 1.23476118e-01
    1.30524904e-01 2.36797333e-02 9.82486904e-02 6.59600794e-01
    8.58006358e-01 5.03025711e-01 7.47520685e-01 9.57868814e-01
    6.84937060e-01 7.17948973e-01 3.18190455e-02 8.47895265e-01
    3.87523055e-01 1.59841716e-01 5.93732595e-01 8.69561613e-01
    3.73914063e-01 7.63136148e-03 4.62663472e-02 8.61867964e-01
    3.49622369e-02 5.37705421e-03 1.92030370e-02 2.95065105e-01
    2.33449548e-01 7.81219184e-01 7.09143162e-01 2.58060992e-01
    3.01772863e-01 6.86949492e-02 1.43935472e-01 5.91629267e-01
    9.45464134e-01 7.06751049e-01 2.85889417e-01 3.69020641e-01
    7.23207593e-01 1.56798303e-01 2.40629971e-01 3.00192833e-02
    1.35442078e-01 2.02931195e-01 9.09155488e-01 9.35927331e-01
    3.36531878e-01 7.94503629e-01 8.00227404e-01 3.21932912e-01
    4.75054860e-01 2.93399513e-01 9.36100960e-01 3.14181417e-01
    5.27076840e-01 8.80776644e-01 3.53551209e-02 9.61769223e-01
    3.47493708e-01 1.76658213e-01 1.83692932e-01 9.89523530e-02
    7.03884661e-01 2.63320744e-01 4.97069329e-01 7.83910275e-01
    7.14664519e-01 9.20039296e-01 4.35435265e-01 6.07681513e-01
    2.13310122e-03 3.73470873e-01 1.31363571e-01 6.75637245e-01
    4.12860364e-01 5.65556467e-01 9.73555624e-01 8.85325015e-01
    8.67499173e-01 5.74727297e-01 8.61301184e-01 6.43830597e-01
    8.19090724e-01 3.12868893e-01 9.38939869e-01 3.30301374e-01
    5.25173724e-01 6.90145552e-01 5.56478441e-01 8.06369007e-01
    6.93159521e-01 4.66811031e-01 7.22691774e-01 4.16348904e-01
    2.83899486e-01 7.94281662e-01 6.38679922e-01 8.86779606e-01
    7.92198598e-01 5.31937182e-01 1.26513392e-01 6.25814021e-01
    5.95735788e-01 6.45425558e-01 7.27786720e-02 6.07948840e-01
    1.61403298e-01 7.50094056e-01 5.14092565e-01 9.75758314e-01
    4.68617022e-01 6.05565012e-01 7.68333077e-01 3.55027318e-02
    5.00003636e-01 2.73267448e-01 3.63835990e-01 2.19616532e-01
    1.13990664e-01 6.27772212e-01 9.03157294e-02 5.44990659e-01
    1.54136628e-01 1.13292843e-01 6.68568313e-01 4.32762772e-01
    4.07773793e-01 7.61856854e-01 1.53755546e-01 7.14146793e-01
    5.81948578e-01 1.00554079e-01 7.02451468e-01 3.59196723e-01
    4.92305160e-01 1.78002208e-01 5.03260732e-01 7.24929929e-01
    7.44961262e-01 1.91451609e-02 7.08293796e-01 5.71588099e-01
    4.91843820e-01 1.35506719e-01 7.53729284e-01 6.07028127e-01
    6.72808528e-01 1.00248158e-02 7.01546252e-01 3.18079084e-01
    8.95552039e-01 3.88825476e-01 8.94716144e-01 3.14590007e-01
    5.46443164e-01 5.59867620e-01 4.31507111e-01 8.30185115e-01
    2.90932655e-01 3.50914329e-01 5.96077740e-01 9.50442672e-01
    8.33697021e-01 3.46316874e-01 6.74673021e-02 7.25223541e-01
    2.70995498e-02 4.01544660e-01 7.60190606e-01 3.21938753e-01
    2.16992497e-01 8.15827608e-01 6.08995259e-01 5.01625896e-01
    1.36687309e-01 2.56476671e-01 6.17963612e-01 5.31609118e-01
    8.96890819e-01 2.30727494e-01 8.30737948e-01 3.26127291e-01
    7.10983574e-02 1.28619969e-01 2.77242869e-01 7.80665278e-01
    2.09562540e-01 2.81595409e-01 1.74849689e-01 3.48468989e-01
    9.39340353e-01 8.18209648e-02 4.99523520e-01 3.47376585e-01
    6.69844627e-01 2.58833468e-01 4.23290730e-02 9.13466930e-01
    9.16012168e-01 6.53588295e-01 4.17209506e-01 1.68340772e-01
    3.13820869e-01 5.65884411e-01 9.27494049e-01 6.47613287e-01
    1.43579364e-01 2.00539529e-01 6.11690283e-01 7.86139011e-01
    2.71377027e-01 5.12018979e-01 6.55593276e-02 4.10327345e-01
    4.47612882e-01 6.79702222e-01 8.00180793e-01 8.21112037e-01
    2.48771697e-01 9.43461657e-01 3.82255375e-01 6.67751610e-01
    3.44780385e-01 4.19297189e-01 3.78607452e-01 1.79087788e-01
    2.34234393e-01 8.87350440e-01 1.96618617e-01 7.79401302e-01
    7.91206956e-01 5.41467369e-01 8.94235611e-01 1.83195174e-01
    2.85985917e-01 6.42911315e-01 6.64455354e-01 5.16085684e-01
    4.03690040e-02 7.07906365e-01 9.12284255e-01 4.89507765e-01
    5.99922061e-01 6.16740346e-01 8.22296739e-02 1.35744721e-01
    4.67108399e-01 2.70017982e-01 4.56728637e-02 3.80549967e-01
    9.59797144e-01 4.55275238e-01 2.19286084e-01 4.20830697e-01
    8.90718699e-01 8.69984269e-01 3.33866298e-01 3.45935464e-01
    5.81885636e-01 6.20050728e-02 7.91942477e-01 5.59616446e-01
    1.70060545e-01 6.26951218e-01 4.81134087e-01 6.20389163e-01
    4.23230618e-01 9.36881304e-01 1.76481962e-01 9.79020119e-01
    3.50614965e-01 6.08155549e-01 6.36316955e-01 8.67658734e-01
    2.28980780e-01 8.29038143e-01 6.75773501e-01 2.28438675e-02
    3.67021918e-01 4.49370742e-02 2.15936005e-01 5.20169437e-02
    3.79333705e-01 4.62144256e-01 2.15155125e-01 2.83103794e-01
    1.64398521e-01 9.84990478e-01 1.24309778e-01 5.90066314e-01
    5.90400040e-01 4.98148203e-02 4.59504217e-01 1.55479163e-01
    7.19256043e-01 3.65489662e-01 1.74665570e-01 2.45639294e-01
    8.12341213e-01 7.58712173e-01 9.14067149e-01 2.36308485e-01
    4.50850248e-01 2.11233556e-01 5.07764637e-01 1.97434604e-01
    1.82527155e-01 7.90942907e-01 4.95291501e-01 2.87060201e-01
    6.52328491e-01 3.90697718e-02 7.91236758e-01 5.00232160e-01
    6.30390882e-01 9.83706594e-01 4.90984052e-01 4.68233526e-02
    8.94160748e-01 4.39815551e-01 9.45076168e-01 1.41072273e-01
    1.45277381e-03 2.72047758e-01 3.49268258e-01 7.78249085e-01
    7.27224112e-01 5.09802282e-01 5.64770758e-01 5.04962742e-01
    9.73934531e-01 6.06443882e-02 4.79886532e-01 5.16925335e-01
    2.12904513e-02 1.94925040e-01 8.56788695e-01 7.57511556e-01
    6.89926267e-01 2.66401201e-01 2.61289120e-01 4.57562387e-01
    6.43193424e-02 2.18761384e-01 3.14631343e-01 7.26133466e-01
    1.73241585e-01 6.77864850e-02 6.64347827e-01 6.77065849e-02
    9.81191218e-01 5.59521914e-01 4.97348875e-01 9.55027044e-02
    6.26359701e-01 6.28720462e-01 3.99461269e-01 5.91891766e-01
    9.79301453e-01 5.98295808e-01 1.07365429e-01 2.20813155e-02
    8.71048331e-01 6.20268881e-01 6.19040191e-01 6.38755381e-01
    4.86224383e-01 5.56866407e-01 1.48216724e-01 8.81109715e-01
    2.25956768e-01 4.55380857e-01 7.19913840e-01 6.49343014e-01
    5.10115087e-01 7.96975911e-01 6.13868713e-01 8.60431910e-01
    3.74708235e-01 1.80867016e-01 9.19540823e-02 4.55286562e-01
    4.52950060e-01 1.46183729e-01 5.00437140e-01 6.34806931e-01
    5.73592484e-01 6.20812178e-02 1.91428751e-01 7.33492851e-01
    5.34110725e-01 6.57576263e-01 1.00105792e-01 7.81768560e-01
    9.08895850e-01 4.17199314e-01 8.94438803e-01 7.54343629e-01
    2.88236201e-01 6.35378599e-01 2.68847108e-01 3.16789806e-01
    2.64394999e-01 3.72223377e-01 2.60010958e-01 8.26433718e-01
    6.65429533e-01 7.63600528e-01 1.70396149e-01 9.94802833e-01
    4.84010637e-01 3.97443086e-01 8.24629784e-01 4.03135061e-01
    9.81869698e-01 8.53975892e-01 5.53740382e-01 6.12772822e-01
    8.85105729e-01 3.67659628e-01 1.57366365e-01 9.66856360e-01
    8.37140083e-01 3.23001683e-01 9.18482542e-01 6.49542272e-01
    4.77023065e-01 1.69687599e-01 8.58626604e-01 2.39161521e-01
    8.03492785e-01 7.50896454e-01 4.21735883e-01 5.27253747e-02
    4.57443953e-01 2.04114467e-01 8.85838389e-01 3.51927400e-01
    7.13242352e-01 2.84587622e-01 2.25941151e-01 3.07917774e-01
    1.10457659e-01 5.55039048e-02 7.51624942e-01 8.05834830e-01
    6.13405406e-02 6.83335960e-02 7.45111167e-01 5.61828554e-01
    1.25030965e-01 8.94310236e-01 3.25209737e-01 2.27347791e-01
    2.76749581e-01 9.70916271e-01 2.32735366e-01 9.99296188e-01
    2.48175472e-01 7.78015196e-01 5.42780757e-01 1.02901757e-02
    6.11273110e-01 8.58758569e-01 9.56953764e-01 8.33910942e-01
    5.22997439e-01 5.07519960e-01 5.08669555e-01 8.05709481e-01
    4.47612882e-01 6.79702222e-01 8.00180793e-01 8.21112037e-01
    2.48771697e-01 9.43461657e-01 3.82255375e-01 6.67751610e-01
    3.44780385e-01 4.19297189e-01 3.78607452e-01 1.79087788e-01
    2.34234393e-01 8.87350440e-01 1.96618617e-01 7.79401302e-01
    7.91206956e-01 5.41467369e-01 4.69827384e-01 7.96369553e-01
    1.72669291e-01 1.50489330e-01 6.44271135e-01 6.91581011e-01
    8.93783331e-01 9.25570965e-01 4.99837607e-01 5.67017198e-01
    6.03056490e-01 4.20198143e-02 4.59386289e-01 8.36199880e-01
    6.25638247e-01 1.28504217e-01 1.78792834e-01 9.00894523e-01
    5.19515336e-01 1.23619139e-01 1.72230333e-01 1.62752360e-01
    7.65113592e-01 6.54489756e-01 8.06126475e-01 8.32692683e-01
    7.29580402e-01 6.10242248e-01 8.32029223e-01 9.05662894e-01
    1.27639562e-01 5.69563746e-01 6.98329568e-01 7.57808805e-01
    9.86339748e-02 1.31594151e-01 9.37159657e-01 5.74266016e-01
    5.63940704e-01 6.31359458e-01 7.74260759e-01 3.99546325e-02
    3.05710435e-01 6.79554999e-01 5.60162485e-01 9.12590444e-01
    9.02611971e-01 6.62692249e-01 8.56620789e-01 4.65661436e-01
    3.84786129e-01 2.32060432e-01 9.19201970e-03 3.74832273e-01
    1.50159299e-02 1.10312998e-01 5.32058954e-01 8.26320350e-02
    5.70849597e-01 5.82624078e-02 9.00999248e-01 9.01473641e-01
    3.15767407e-01 4.95228380e-01 1.57037586e-01 1.50154620e-01
    7.80133963e-01 5.18373668e-01 3.83665025e-01 5.05994737e-01
    9.25552607e-01 2.86757559e-01 1.89123005e-01 9.93194938e-01
    2.88292974e-01 9.22038794e-01 5.04602849e-01 9.47819173e-01
    4.38014507e-01 1.51469022e-01 8.41636181e-01 4.48826402e-01
    3.98291349e-02 1.42399579e-01 2.78201669e-01 9.50545669e-01
    4.75673556e-01 8.30545306e-01 3.40698302e-01 6.76463127e-01
    1.31446064e-01 1.69534713e-01 2.96980888e-01 1.10030740e-01
    1.79316133e-01 7.30780900e-01 9.57324624e-01 6.69815540e-02
    7.64552236e-01 1.17241442e-02 7.36887574e-01 1.50263041e-01
    3.70460927e-01 8.38554025e-01 7.96406746e-01 1.90481901e-01
    8.73292923e-01 3.94213557e-01 1.03114247e-01 1.65719211e-01
    7.83710778e-01 4.19267982e-01 7.90945947e-01 9.57036614e-01
    9.44757760e-02 7.82001197e-01 3.10706794e-02 8.62924933e-01
    7.40529597e-01 6.26200438e-01 8.98010373e-01 1.47099376e-01
    2.74780780e-01 7.07702577e-01 3.99860412e-01 5.93016148e-02
    7.57388115e-01 2.19556242e-01 9.23406124e-01 9.26508784e-01
    5.58416247e-01 8.13871622e-03 5.95055282e-01 2.90634811e-01
    6.59860015e-01 6.35634184e-01 1.17717505e-01 9.31387901e-01
    9.76173520e-01 9.63350534e-01 8.22558343e-01 4.48652327e-01
    6.19148016e-01 5.41801393e-01 9.76513684e-01 7.60623455e-01
    2.25015789e-01 2.79146910e-01 3.70520234e-01 1.15825444e-01
    1.28886789e-01 4.53037024e-01 6.31072044e-01 4.72638577e-01
    6.34629250e-01 7.08776772e-01 5.52290678e-02 9.87384200e-01
    5.24381161e-01 9.87999678e-01 7.50210166e-01 7.70594716e-01
    4.17731434e-01 7.09906578e-01 7.12508500e-01 8.70965123e-02
    9.10904467e-01 2.34221339e-01 2.20104128e-01 3.99595648e-01
    6.35028720e-01 8.16555202e-01 3.18218112e-01 9.14199054e-02
    3.09841335e-01 2.63519019e-01 9.54575419e-01 5.65599382e-01
    2.62973309e-01 5.88431418e-01 6.54107928e-01 8.30373466e-02
    1.90325081e-01 6.73630416e-01 2.54778206e-01 2.09841013e-01
    4.92522925e-01 3.24802577e-01 5.08769453e-01 6.45399213e-01
    6.06280804e-01 2.77722180e-01 9.04286861e-01 7.44595289e-01
    8.66292179e-01 4.33503091e-02 5.09107172e-01 3.91053289e-01
    9.13008630e-01 3.88640583e-01 8.69986176e-01 1.96314007e-01
    6.17642164e-01 2.00251400e-01 5.81423342e-02 3.17460358e-01
    4.92805660e-01 5.79258502e-01 1.02013350e-02 6.20391309e-01
    5.16276479e-01 6.43250942e-02 1.07675433e-01 5.99869847e-01
    8.60663772e-01 5.07490635e-01 5.86500943e-01 6.52288198e-02
    2.41139084e-01 2.53385395e-01 8.49781454e-01 6.07959926e-01
    3.94026935e-01 9.57392931e-01 2.79730141e-01 3.51558179e-01
    4.86604154e-01 7.51050413e-02 5.05381346e-01 9.15302753e-01
    5.66381335e-01 6.11667454e-01 8.25011015e-01 9.84065175e-01
    9.41415370e-01 9.33250070e-01 8.48967135e-01 4.86853063e-01
    3.43810201e-01 7.93119669e-01 1.20482206e-01 1.12650275e-01
    2.08796293e-01 7.91097462e-01 2.25328207e-01 7.35116243e-01
    5.53164244e-01 5.70533097e-01 6.39991164e-01 8.85542691e-01
    3.96347940e-02 2.49230862e-01 2.47113019e-01 5.21757066e-01
    3.37708145e-01 9.33441401e-01 4.69827384e-01 7.96369553e-01
    1.72669291e-01 1.50489330e-01 6.44271135e-01 6.91581011e-01
    8.93783331e-01 9.25570965e-01 4.99837607e-01 5.67017198e-01
    6.03056490e-01 4.20198143e-02 4.59386289e-01 8.36199880e-01
    6.25638247e-01 1.28504217e-01 1.78792834e-01 9.00894523e-01
    9.65341687e-01 3.85515988e-01 7.61218667e-01 8.42098773e-01
    1.55159771e-01 8.75762105e-01 6.69565201e-01 6.68697119e-01
    4.91928458e-02 5.25600553e-01 1.07795715e-01 4.10502553e-01
    2.01100618e-01 2.47640878e-01 5.68828285e-01 1.64781004e-01
    7.48118401e-01 1.58225834e-01 2.22029269e-01 8.68114114e-01
    9.57146406e-01 1.04237318e-01 2.38117576e-02 2.13593602e-01
    4.96817976e-01 9.19325233e-01 1.23995870e-01 7.57097602e-01
    9.07256842e-01 8.11813593e-01 5.53755462e-02 1.53213799e-01
    4.88960117e-01 7.50281572e-01 7.98957109e-01 1.06692493e-01
    5.44618487e-01 8.17106009e-01 8.64848971e-01 9.37262177e-03
    9.58292723e-01 4.84758765e-01 5.69447756e-01 9.03877735e-01
    1.67510033e-01 2.16830343e-01 6.93371415e-01 1.03166401e-02
    9.65117931e-01 3.87221456e-01 4.82566357e-01 2.43739814e-01
    5.87270200e-01 2.78027266e-01 2.22924083e-01 1.86128408e-01
    4.06537116e-01 3.03030431e-01 6.06877863e-01 6.28626466e-01
    4.80239511e-01 5.96296430e-01 2.65927315e-01 1.61248624e-01
    3.37784588e-01 6.20408356e-01 3.73743474e-01 6.95983052e-01
    8.58281851e-01 1.21209472e-01 9.96058822e-01 8.43690157e-01
    1.29317790e-01 1.35460615e-01 7.57941246e-01 6.41557872e-02
    8.38418722e-01 6.48083746e-01 3.23497236e-01 2.94560730e-01
    2.06460267e-01 3.79423380e-01 5.89159727e-01 6.48460746e-01
    2.41091758e-01 6.14288568e-01 2.10504293e-01 4.01189327e-01
    5.99441111e-01 6.15341663e-02 4.55184966e-01 2.89938152e-01
    3.15205157e-02 3.93553287e-01 3.82922590e-01 8.23151588e-01
    3.59930813e-01 5.07125378e-01 5.69058537e-01 2.19223291e-01
    4.40656841e-02 6.66720033e-01 5.33314526e-01 9.64556336e-01
    8.06305051e-01 1.64103508e-02 4.56211209e-01 5.98000884e-01
    3.91513348e-01 2.91559219e-01 2.28118896e-02 9.44806337e-02
    5.71347415e-01 6.43138349e-01 5.80627620e-01 3.05604428e-01
    4.97342646e-02 2.41725475e-01 3.57713938e-01 3.45837355e-01
    1.69540048e-02 8.40546727e-01 9.86486197e-01 6.29238129e-01
    5.03980339e-01 7.40187824e-01 5.73818743e-01 7.97506034e-01
    2.36938000e-01 6.61267042e-01 2.14619666e-01 2.36778587e-01
    3.91357601e-01 2.21376449e-01 4.73339230e-01 5.91455281e-01
    2.32783407e-01 5.34707606e-01 1.70682132e-01 6.60337925e-01
    1.77990556e-01 9.88224626e-01 1.47996664e-01 1.94032788e-02
    7.45438635e-01 9.15961862e-01 6.64138675e-01 4.68997478e-01
    2.20123023e-01 9.38343108e-01 7.02631891e-01 1.58375919e-01
    1.00131303e-01 5.13537645e-01 1.70854688e-01 3.06107759e-01
    4.62994456e-01 7.99687266e-01 7.51353145e-01 9.06417608e-01
    5.25648236e-01 7.98015833e-01 7.41518855e-01 2.41905779e-01
    7.29408383e-01 7.83192217e-01 4.49438095e-02 9.32643175e-01
    5.32766998e-01 5.83216548e-02 4.46397066e-02 7.98440278e-01
    7.43921399e-01 7.67198205e-01 1.64789885e-01 3.18813622e-01
    1.87756926e-01 4.39941496e-01 7.52185643e-01 2.78083920e-01
    9.74963784e-01 4.89202291e-01 4.13374603e-01 9.31727052e-01
    9.87059951e-01 5.25119424e-01 7.31279969e-01 2.45439738e-01
    7.94632137e-01 5.48868656e-01 2.67167091e-01 3.30171764e-01
    9.13481414e-02 2.36004323e-01 4.60017353e-01 2.09446371e-01
    1.45648420e-01 6.74852431e-01 2.11455315e-01 5.44915855e-01
    9.17044640e-01 5.19397914e-01 9.63152707e-01 2.14003325e-01
    2.61218041e-01 1.97726846e-01 9.21648622e-01 7.52095222e-01
    8.54589224e-01 4.55899775e-01 1.30426705e-01 6.59785151e-01
    3.63969833e-01 8.34978878e-01 3.74326587e-01 5.86833298e-01
    1.89048022e-01 7.37906158e-01 8.56799006e-01 5.16056418e-01
    6.23234630e-01 2.61580110e-01 8.84915471e-01 8.54414642e-01
    2.91857719e-01 9.01992679e-01 4.15543646e-01 4.05526221e-01
    6.63418770e-01 4.92754161e-01 8.62918437e-01 5.29730082e-01
    9.67249393e-01 9.70614910e-01 2.46532261e-01 1.38553113e-01
    4.23970312e-01 6.39607310e-01 7.10522950e-01 6.50879264e-01
    1.96993351e-04 1.03383958e-02 8.50444198e-01 1.57445461e-01
    6.80443347e-02 3.02921176e-01 6.93281233e-01 3.46355438e-01
    2.49508858e-01 7.12795258e-02 1.94706678e-01 3.19945693e-01
    1.02360427e-01 7.55492330e-01 8.45573306e-01 2.67084956e-01
    9.65341687e-01 3.85515988e-01 7.61218667e-01 8.42098773e-01
    1.55159771e-01 8.75762105e-01 6.69565201e-01 6.68697119e-01
    4.91928458e-02 5.25600553e-01 1.07795715e-01 4.10502553e-01
    2.01100618e-01 2.47640878e-01 5.68828285e-01 1.64781004e-01
    7.48118401e-01 1.58225834e-01 2.47591794e-01 8.97549272e-01
    3.41559768e-01 8.29588056e-01 1.29798979e-01 7.93747187e-01
    1.57620132e-01 1.93455070e-01 1.91920847e-01 7.91006386e-02
    7.95598149e-01 6.85314715e-01 6.60874367e-01 4.89134610e-01
    1.96287811e-01 7.90002584e-01 9.59578514e-01 2.89854407e-02
    2.44276255e-01 5.01939833e-01 3.15385222e-01 8.90713096e-01
    6.89060092e-02 5.75074553e-01 5.10957658e-01 7.79913306e-01
    1.38474852e-01 1.09091461e-01 1.73033595e-01 6.03314757e-01
    3.51924419e-01 8.66374969e-02 6.33596420e-01 7.78384805e-01
    1.58836514e-01 4.51453447e-01 2.90705919e-01 3.07675630e-01
    9.75926042e-01 4.85071123e-01 2.20269948e-01 9.06495273e-01
    8.53233814e-01 4.36761945e-01 8.84982049e-01 1.13846153e-01
    1.97010517e-01 2.74235785e-01 8.41995418e-01 2.43728757e-01
    4.57999736e-01 3.02971870e-01 2.35127509e-02 2.97332823e-01
    8.92055690e-01 7.13317513e-01 4.61512923e-01 6.93908155e-01
    9.90875423e-01 9.60659742e-01 2.93336779e-01 4.10432845e-01
    6.54265463e-01 9.66961145e-01 3.65592003e-01 6.75063193e-01
    2.91680813e-01 8.95762920e-01 7.79266238e-01 6.05634093e-01
    8.95655990e-01 8.50787878e-01 6.19346619e-01 6.50682032e-01
    9.76618052e-01 6.06202841e-01 6.38763189e-01 7.31668711e-01
    1.16771519e-01 8.00903678e-01 1.73035115e-01 7.39639997e-02
    9.34711576e-01 2.22325027e-01 6.91169739e-01 9.80733454e-01
    8.00227046e-01 3.49336296e-01 2.33662635e-01 6.29260302e-01
    9.09945488e-01 5.56470275e-01 8.85652840e-01 5.62903404e-01
    1.66918367e-01 4.58108425e-01 4.09747362e-02 2.70264149e-01
    5.73396921e-01 9.48615551e-01 2.99768507e-01 2.79871106e-01
    7.51831889e-01 3.96251678e-02 4.03244466e-01 6.16103709e-02
    8.88444543e-01 3.37190509e-01 8.43900442e-01 6.71318531e-01
    9.14275527e-01 8.68035793e-01 7.90311456e-01 1.85111284e-01
    2.15936959e-01 7.26334512e-01 1.87185556e-01 5.07231057e-01
    5.26280701e-01 9.55854177e-01 5.41000366e-01 3.42867672e-01
    9.54825401e-01 1.61010146e-01 9.44007158e-01 8.64997864e-01
    7.65424848e-01 6.59709811e-01 9.49834824e-01 8.51562321e-02
    7.67735422e-01 2.19148964e-01 9.86805081e-01 2.89935738e-01
    9.75285947e-01 3.48624110e-01 4.39236671e-01 9.19558644e-01
    3.89049172e-01 2.68278658e-01 6.08124197e-01 5.01965523e-01
    3.84619594e-01 6.73168600e-02 1.99772418e-01 6.80125952e-01
    9.31624889e-01 5.44654191e-01 7.83021390e-01 4.11648214e-01
    3.12527716e-01 4.03755724e-01 5.51522255e-01 6.56233072e-01
    1.86327964e-01 8.66713047e-01 4.20035005e-01 8.71110380e-01
    7.29987085e-01 2.39213079e-01 5.23265958e-01 2.70072609e-01
    4.84323233e-01 4.39933687e-01 4.82389361e-01 8.79826963e-01
    5.70987761e-01 3.25385720e-01 2.93802917e-02 1.31317109e-01
    2.13432193e-01 7.53040850e-01 7.53718436e-01 9.58725333e-01
    5.94617605e-01 2.02585936e-01 1.31606549e-01 8.72239590e-01
    6.87099218e-01 6.61149144e-01 9.79374051e-01 3.44495684e-01
    6.69942379e-01 1.45819694e-01 2.80494988e-01 1.94880992e-01
    6.74499750e-01 9.37682033e-01 7.45925188e-01 4.31066126e-01
    6.21409297e-01 1.90901220e-01 1.20674968e-01 3.75313312e-01
    2.39903331e-02 7.54513383e-01 3.17591727e-01 2.52827585e-01
    5.29142797e-01 1.16242856e-01 8.05374146e-01 1.61993682e-01
    7.30508566e-02 1.29394740e-01 2.57481396e-01 1.22409523e-01
    5.97653449e-01 9.58165646e-01 5.80721259e-01 6.61730528e-01
    5.30532777e-01 9.34454858e-01 4.37783122e-01 6.01584375e-01
    5.37696779e-02 9.75016892e-01 5.82206488e-01 7.39545107e-01
    7.50933826e-01 9.45156217e-01 3.61363292e-02 5.61516225e-01
    6.51053309e-01 6.47552967e-01 3.97939682e-01 5.69548786e-01
    2.71182239e-01 9.45258081e-01 3.95357251e-01 6.09331489e-01
    3.75253797e-01 1.43826872e-01 2.68131644e-01 7.74477899e-01
    8.33749294e-01 5.37883520e-01 7.98012793e-01 5.52160680e-01
    9.52311158e-01 6.76366091e-02 8.76792073e-02 7.49243498e-01
    6.02922916e-01 3.95228505e-01 2.71610796e-01 8.74226689e-01
    1.74397796e-01 8.29237342e-01 6.67069793e-01 3.31498861e-01
    7.69777119e-01 1.91087753e-01 7.20332325e-01 7.24545419e-02
    8.11104894e-01 4.08509403e-01 2.47591794e-01 8.97549272e-01
    3.41559768e-01 8.29588056e-01 1.29798979e-01 7.93747187e-01
    1.57620132e-01 1.93455070e-01 1.91920847e-01 7.91006386e-02
    7.95598149e-01 6.85314715e-01 6.60874367e-01 4.89134610e-01
    1.96287811e-01 7.90002584e-01 9.59578514e-01 2.89854407e-02
    4.34357166e-01 1.28247738e-01 1.54790729e-01 8.64167452e-01
    5.83706021e-01 6.03910446e-01 5.22832751e-01 9.08365011e-01
    5.28347492e-02 8.45226586e-01 5.88195562e-01 8.09939146e-01
    1.28905118e-01 8.10416222e-01 2.41127312e-01 8.92328918e-01
    3.46200407e-01 2.10700065e-01 7.02558875e-01 8.93754244e-01
    8.01497221e-01 4.50935721e-01 7.02361465e-01 6.92334294e-01
    7.57717788e-01 5.78749120e-01 6.56338155e-01 8.61416817e-01
    7.45497167e-01 9.10168648e-01 6.10664248e-01 2.34009445e-01
    7.22248435e-01 2.06037909e-01 7.78841138e-01 1.37304932e-01
    1.48726523e-01 4.80456024e-01 8.26510489e-01 1.89407319e-01
    5.32393456e-01 9.58660126e-01 1.65047795e-01 1.34096265e-01
    6.61339641e-01 6.36507630e-01 7.94871628e-01 1.39294356e-01
    3.83043170e-01 9.08069313e-01 4.88475651e-01 8.88547421e-01
    8.74370575e-01 7.96539426e-01 2.64679790e-02 2.73774147e-01
    1.58519030e-01 2.43682086e-01 1.93077534e-01 9.45520937e-01
    1.39205456e-02 3.64019513e-01 4.66280997e-01 9.99648690e-01
    9.91447508e-01 5.56291640e-01 2.83608198e-01 1.53722882e-01
    7.14273334e-01 9.45104659e-02 1.06253803e-01 3.96101624e-01
    3.44800889e-01 6.32451534e-01 2.92010307e-02 7.88766801e-01
    7.79161215e-01 9.28041339e-03 8.32320690e-01 7.12165475e-01
    4.84824777e-01 4.30139273e-01 8.37111115e-01 3.42054009e-01
    4.87923622e-03 7.42941260e-01 3.23710561e-01 4.12637830e-01
    9.42559898e-01 9.19302404e-01 5.79837859e-02 4.46092099e-01
    7.29813874e-02 7.01506257e-01 2.99433768e-01 5.22373497e-01
    8.44455957e-01 1.50386393e-02 2.66600788e-01 8.00913095e-01
    1.35080367e-01 5.69151044e-02 4.93304342e-01 5.73673844e-03
    6.05550826e-01 7.22598910e-01 5.11808336e-01 3.74982476e-01
    8.28316331e-01 8.68307352e-01 4.92353290e-01 6.44991994e-01
    4.98991042e-01 7.93396831e-01 8.48707259e-01 1.58979475e-01
    3.38256478e-01 8.48162889e-01 8.88559818e-01 3.95226866e-01
    6.47277236e-01 8.22806597e-01 7.48609781e-01 2.20506787e-02
    5.87314904e-01 3.46156150e-01 6.75894737e-01 3.36503506e-01
    8.62074912e-01 4.24811810e-01 2.10495740e-01 9.88297880e-01
    6.39438331e-01 5.67553341e-02 6.06766343e-03 3.70756686e-02
    5.25396466e-02 5.76972723e-01 3.58110189e-01 4.45251644e-01
    6.48135841e-01 8.95402670e-01 3.03026050e-01 7.32563734e-01
    4.00207043e-02 7.35381126e-01 8.77344966e-01 4.20389026e-01
    4.79277968e-02 7.32411385e-01 9.71580505e-01 8.87482524e-01
    7.26707697e-01 8.49490047e-01 8.27093601e-01 6.82281852e-01
    2.01599061e-01 8.93736482e-01 6.48555577e-01 2.96920717e-01
    4.96868819e-01 7.83205986e-01 2.90741980e-01 9.46529448e-01
    6.47224009e-01 2.75794387e-01 8.99499714e-01 3.81486893e-01
    7.38149107e-01 8.57961118e-01 8.25383663e-01 4.94082451e-01
    6.55055046e-01 6.45101786e-01 5.01515388e-01 9.60011303e-01
    1.84266776e-01 7.65575647e-01 8.30494761e-01 9.54302311e-01
    8.61327887e-01 6.69729829e-01 1.44604653e-01 3.98143947e-01
    4.12738502e-01 6.94487691e-02 4.38334882e-01 6.59580290e-01
    9.19501424e-01 6.26736164e-01 1.53325468e-01 4.45062131e-01
    9.73786414e-02 5.97502530e-01 5.12925923e-01 2.41801888e-01
    3.26626003e-01 4.24064070e-01 8.81305337e-01 3.77215445e-01
    9.09979105e-01 8.43466938e-01 4.29464519e-01 5.06651640e-01
    9.15145636e-01 8.84929299e-01 8.12077165e-01 3.70720327e-02
    6.71008110e-01 7.21672773e-01 9.85823333e-01 5.97643077e-01
    3.46103907e-01 1.46017611e-01 7.45077133e-01 8.32768798e-01
    1.03516102e-01 5.80949962e-01 4.36304152e-01 7.47013092e-02
    7.60611653e-01 8.71823311e-01 6.00681365e-01 1.98195100e-01
    7.66553521e-01 7.18633294e-01 8.00343573e-01 1.91829234e-01
    7.12822020e-01 9.88833487e-01 5.28737843e-01 5.70869744e-01
    5.43395340e-01 6.80523515e-01 7.91969657e-01 1.32509381e-01
    3.11209559e-01 7.73659647e-02 3.39684784e-02 6.57825112e-01
    5.48207581e-01 3.71114552e-01 2.16240853e-01 8.66383135e-01
    6.19104445e-01 9.48987544e-01 7.99435377e-01 7.79469490e-01
    6.91073000e-01 7.50329971e-01 8.04580450e-01 4.86117005e-01
    5.66474915e-01 4.54757839e-01 6.55715585e-01 7.79186070e-01
    4.34357166e-01 1.28247738e-01 1.54790729e-01 8.64167452e-01
    5.83706021e-01 6.03910446e-01 5.22832751e-01 9.08365011e-01
    5.28347492e-02 8.45226586e-01 5.88195562e-01 8.09939146e-01
    1.28905118e-01 8.10416222e-01 2.41127312e-01 8.92328918e-01
    3.46200407e-01 2.10700065e-01 7.82589793e-01 1.43871605e-01
    8.83667946e-01 6.98100448e-01 5.71739018e-01 2.65651673e-01
    8.46674323e-01 5.25405049e-01 5.69714069e-01 5.55658937e-01
    3.53538305e-01 6.81688130e-01 1.99238092e-01 1.07701361e-01
    7.41017699e-01 6.81661129e-01 1.67671502e-01 1.25922084e-01
    8.46279085e-01 9.14384723e-01 9.21205521e-01 8.35072696e-02
    2.94342339e-01 8.10375273e-01 2.92935908e-01 8.77036095e-01
    2.96083957e-01 1.99969679e-01 7.45612800e-01 2.00695693e-02
    5.72751343e-01 9.30230975e-01 6.50635898e-01 9.36007738e-01
    1.64838105e-01 2.49838442e-01 2.99464613e-01 5.82679093e-01
    6.16104424e-01 8.25038075e-01 1.01533592e-01 7.12796450e-01
    9.53958273e-01 5.39042890e-01 4.42171812e-01 7.06251562e-01
    2.61898071e-01 7.21258581e-01 7.50443041e-02 3.17964554e-02
    4.72357929e-01 9.93538678e-01 1.39400572e-01 7.78796554e-01
    6.87148929e-01 8.28144073e-01 5.27427971e-01 3.49802256e-01
    4.10303742e-01 8.52241874e-01 3.40025425e-01 3.62572789e-01
    9.45722401e-01 9.61937487e-01 4.27084595e-01 7.61913896e-01
    3.45085025e-01 1.97592884e-01 9.65056300e-01 3.63594711e-01
    1.62261784e-01 1.91426396e-01 8.67878914e-01 6.94573581e-01
    5.83540857e-01 2.97143936e-01 8.64499509e-01 4.61457759e-01
    4.68449593e-02 4.69557643e-02 3.38210493e-01 1.44603252e-02
    9.94825363e-01 8.62901688e-01 7.71376729e-01 4.99846190e-01
    4.85432804e-01 7.27922320e-02 5.48082292e-02 5.81090152e-01
    5.75590611e-01 1.67776108e-01 1.14869565e-01 6.66813016e-01
    2.03507006e-01 1.38997734e-01 9.67533946e-01 8.69135141e-01
    3.05227339e-01 1.59514487e-01 3.14078748e-01 6.68797553e-01
    3.69074404e-01 2.82785684e-01 9.67083454e-01 7.30030060e-01
    1.26669914e-01 5.73639512e-01 8.67749095e-01 8.64273310e-02
    6.84345722e-01 5.02493083e-02 9.82481122e-01 6.56834602e-01
    4.18818295e-02 7.30666101e-01 6.67013586e-01 7.45097339e-01
    5.18333435e-01 2.14333743e-01 6.09695852e-01 1.72263891e-01
    3.38533163e-01 9.38466549e-01 5.48111200e-01 8.44739318e-01
    1.52670473e-01 6.94539666e-01 1.57518297e-01 1.55683339e-01
    8.41492474e-01 8.09114754e-01 4.45413083e-01 8.74279737e-01
    3.52638036e-01 4.99029845e-01 6.69110715e-01 1.13428235e-02
    4.40151215e-01 1.13633692e-01 7.53789425e-01 8.73470247e-01
    1.74753070e-02 8.62644017e-02 3.36626172e-03 5.36038101e-01
    4.72795218e-01 5.83438516e-01 3.66310358e-01 2.87460774e-01
    6.48612440e-01 5.89028299e-01 4.23068792e-01 9.30864334e-01
    7.34214187e-01 4.36745286e-02 3.50709140e-01 9.47264194e-01
    7.92000890e-02 7.05178857e-01 9.73985970e-01 9.12275195e-01
    6.01442218e-01 6.33129478e-03 7.52315998e-01 2.20255196e-01
    7.60951281e-01 4.75061595e-01 8.49898338e-01 9.80581999e-01
    4.89105433e-01 3.33297819e-01 7.76001036e-01 1.62628949e-01
    5.95673144e-01 4.76919413e-01 5.93647003e-01 5.22118390e-01
    2.00811088e-01 6.45036340e-01 9.18229222e-01 2.50381470e-01
    3.80175471e-01 6.08386040e-01 2.74517596e-01 5.84750414e-01
    8.11267614e-01 1.65002316e-01 5.22819936e-01 1.84443623e-01
    9.54607606e-01 3.45678657e-01 5.29246390e-01 6.64844513e-01
    5.03053963e-02 7.15577841e-01 8.03301215e-01 3.55301261e-01
    3.37254494e-01 2.80243874e-01 3.71542305e-01 3.79959702e-01
    3.11710835e-02 3.82594973e-01 5.71612418e-01 1.51340067e-02
    1.69965565e-01 6.93861067e-01 3.41828197e-01 7.52651691e-01
    1.44270986e-01 4.16236907e-01 9.88738775e-01 3.45272332e-01
    7.90703654e-01 1.00552678e-01 8.14290881e-01 4.40680385e-01
    9.15840626e-01 4.35276806e-01 4.09759581e-02 4.44489062e-01
    4.20767009e-01 1.47515804e-01 5.82286775e-01 7.94770956e-01
    2.17709631e-01 8.20019722e-01 4.04433280e-01 7.55000114e-01
    8.08360815e-01 4.01648104e-01 4.80477691e-01 4.11960155e-01
    5.86523354e-01 6.81721389e-01 1.62776262e-01 4.28303957e-01
    3.06318939e-01 3.37764770e-01 4.64720517e-01 9.87982750e-02
    6.15404308e-01 7.46951342e-01 1.26572043e-01 8.71279955e-01
    6.39945269e-01 9.27242637e-02 5.69627404e-01 4.42357481e-01
    6.00752592e-01 4.11567092e-03 2.01039314e-02 5.05119920e-01
    9.27819014e-01 5.80536127e-01 7.82589793e-01 1.43871605e-01
    8.83667946e-01 6.98100448e-01 5.71739018e-01 2.65651673e-01
    8.46674323e-01 5.25405049e-01 5.69714069e-01 5.55658937e-01
    3.53538305e-01 6.81688130e-01 1.99238092e-01 1.07701361e-01
    7.41017699e-01 6.81661129e-01 1.67671502e-01 1.25922084e-01
    7.09207296e-01 4.19794142e-01 8.74828696e-01 5.58221579e-01
    4.01335329e-01 3.54144722e-01 4.22701269e-01 8.20126176e-01
    9.45482254e-01 8.80224109e-01 3.86992007e-01 4.56237793e-01
    5.10974228e-01 9.84048367e-01 3.88328940e-01 7.31320977e-01
    9.23257232e-01 2.65624791e-01 7.31023073e-01 3.93107891e-01
    2.55756021e-01 4.80295420e-02 5.97166836e-01 4.47501838e-02
    6.19498193e-01 9.78717208e-01 7.87559390e-01 7.55479932e-01
    8.18958879e-03 2.06502676e-01 4.84637320e-01 5.56617141e-01
    6.91656351e-01 5.73452711e-02 9.38168705e-01 8.72291446e-01
    1.89052790e-01 1.85842782e-01 9.40206409e-01 5.60373187e-01
    5.40420175e-01 6.22544050e-01 7.15764880e-01 9.79201198e-01
    4.62851107e-01 9.90733266e-01 4.71968412e-01 3.70072603e-01
    6.40101373e-01 6.62813425e-01 4.55250144e-02 8.78824234e-01
    5.34921825e-01 5.41332543e-01 7.47646093e-01 9.28252935e-01
    7.68873096e-01 6.80362821e-01 7.69790769e-01 5.60695946e-01
    7.31432438e-03 6.70151055e-01 9.57716465e-01 1.56243801e-01
    2.79841721e-02 7.52481520e-02 2.87628293e-01 6.22847438e-01
    5.71265578e-01 8.88386965e-01 3.42186689e-01 5.85982680e-01
    2.85917044e-01 4.70385373e-01 6.99053466e-01 7.63382316e-01
    2.06413209e-01 5.00673056e-01 6.27494931e-01 7.59735346e-01
    2.71078229e-01 5.43543994e-01 4.92637038e-01 4.46513236e-01
    4.94454324e-01 8.51443768e-01 6.26401544e-01 7.89450705e-01
    9.22748864e-01 3.47823799e-01 2.53990918e-01 1.90389961e-01
    5.69392264e-01 4.33981806e-01 4.50835913e-01 9.41852927e-02
    1.95318550e-01 6.46413326e-01 9.30749536e-01 6.14063263e-01
    6.29677296e-01 3.93129289e-02 9.64579344e-01 5.95277429e-01
    4.18205857e-02 6.80829406e-01 8.92471433e-01 8.55958939e-01
    6.46331489e-01 6.11101031e-01 5.92857599e-02 4.63372111e-01
    8.99545014e-01 8.03056240e-01 5.45511425e-01 3.19961101e-01
    8.30285847e-02 2.56387591e-01 2.78713405e-01 7.20769227e-01
    7.67382264e-01 6.50951147e-01 5.43121159e-01 5.33073127e-01
    1.67054236e-01 5.12926817e-01 4.50286210e-01 9.37434971e-01
    2.04581082e-01 4.84509259e-01 4.22734290e-01 4.22522038e-01
    2.17374206e-01 5.45953274e-01 7.61768937e-01 6.97576106e-02
    4.60914373e-02 8.71097744e-01 9.67298806e-01 3.83129478e-01
    6.05716169e-01 9.88245606e-02 2.47412592e-01 8.39133263e-01
    4.12946373e-01 4.72309411e-01 1.47150218e-01 2.21756995e-01
    4.14864719e-02 7.31040239e-01 3.68195295e-01 7.18989849e-01
    2.55849123e-01 4.54107285e-01 6.27162993e-01 1.62577510e-01
    8.87384176e-01 9.40435290e-01 1.09648228e-01 1.33528799e-01
    7.69729912e-01 3.79836440e-01 5.21644413e-01 7.64235735e-01
    6.45923316e-02 5.14606595e-01 3.52747858e-01 3.33451599e-01
    9.80728626e-01 9.72044587e-01 4.09180492e-01 8.54861081e-01
    5.43139875e-01 5.39333105e-01 3.59829307e-01 2.23526627e-01
    7.86577404e-01 4.25173998e-01 4.95546192e-01 3.79008949e-02
    9.52398300e-01 5.70749700e-01 3.70008320e-01 7.24218130e-01
    9.29885626e-01 6.25244617e-01 7.61607647e-01 6.45756006e-01
    3.16949964e-01 7.59398222e-01 6.66327059e-01 9.81425881e-01
    1.14851534e-01 9.20050144e-01 1.89099640e-01 4.26367402e-01
    8.57806206e-01 6.67297125e-01 4.82948989e-01 2.57676631e-01
    4.04141247e-02 1.35876536e-01 6.10597670e-01 8.74795914e-01
    1.35888666e-01 1.12821907e-01 2.18752027e-02 2.02789038e-01
    2.30900645e-01 6.31778955e-01 2.78758228e-01 7.04120100e-02
    9.72065568e-01 8.92019331e-01 7.24267840e-01 4.58112717e-01
    1.64737880e-01 9.23857331e-01 3.60068560e-01 6.97391450e-01
    8.02255392e-01 3.13167751e-01 9.26050901e-01 4.68959808e-01
    1.41182661e-01 8.61221731e-01 7.71500766e-02 8.93551230e-01
    8.84799004e-01 2.84418344e-01 2.52760828e-01 8.85635018e-02
    3.98043096e-01 6.23439074e-01 4.95411396e-01 7.27108598e-01
    7.69445896e-01 3.64046484e-01 2.70456970e-01 5.84587097e-01
    2.14969516e-01 3.88921201e-01 5.53872824e-01 6.61552846e-02
    4.62946475e-01 1.22536659e-01 3.01014960e-01 9.41622198e-01
    5.20741940e-03 4.57603276e-01 2.49708056e-01 7.94750929e-01
    6.06414020e-01 6.05667472e-01 6.26410246e-01 6.40208900e-01
    7.09207296e-01 4.19794142e-01 8.74828696e-01 5.58221579e-01
    4.01335329e-01 3.54144722e-01 4.22701269e-01 8.20126176e-01
    9.45482254e-01 8.80224109e-01 3.86992007e-01 4.56237793e-01
    5.10974228e-01 9.84048367e-01 3.88328940e-01 7.31320977e-01
    9.23257232e-01 2.65624791e-01 7.23656178e-01 4.66722637e-01
    1.28805280e-01 3.13312352e-01 3.88605237e-01 5.19938827e-01
    8.93082142e-01 8.73071313e-01 2.62282908e-01 3.54323387e-01
    6.01165771e-01 8.58791888e-01 7.52004862e-01 7.25999475e-01
    5.89065611e-01 7.39747882e-01 5.34974873e-01 2.89695203e-01
    2.65396237e-01 8.25482607e-01 1.54349834e-01 2.78898537e-01
    8.96161556e-01 7.81171083e-01 1.64321065e-02 4.45593119e-01
    3.30180585e-01 8.21728885e-01 1.01378351e-01 7.31604695e-01
    6.08696580e-01 2.15890527e-01 8.57811809e-01 9.81658876e-01
    4.65011597e-03 7.52719641e-01 3.27223897e-01 9.75364804e-01
    7.21887469e-01 3.34412515e-01 8.88168573e-01 1.03769898e-02
    3.41240346e-01 7.52775908e-01 6.37642920e-01 7.73734927e-01
    8.87683749e-01 8.71174812e-01 2.40122348e-01 1.76764905e-01
    4.12925839e-01 3.80678117e-01 9.99716699e-01 3.26948166e-02
    5.14676630e-01 1.67248845e-02 5.42558253e-01 9.91662264e-01
    5.10288358e-01 4.32040751e-01 4.42789793e-02 3.23143959e-01
    1.86024845e-01 6.53486848e-01 5.29273808e-01 4.99558002e-01
    8.37051988e-01 3.37680519e-01 6.84262633e-01 9.83828366e-01
    5.24640560e-01 5.00798702e-01 9.45248485e-01 1.76911980e-01
    6.37993693e-01 1.57888293e-01 4.41787899e-01 9.67294276e-01
    9.65142667e-01 2.19354928e-01 7.78530478e-01 3.34314078e-01
    2.67760515e-01 4.91140634e-01 2.36099035e-01 6.25104964e-01
    6.78517938e-01 7.59460092e-01 3.35719287e-02 8.21059108e-01
    2.93046802e-01 8.88878822e-01 7.64151514e-01 7.02295661e-01
    7.64652669e-01 9.31012034e-01 9.69013453e-01 5.23643494e-02
    6.68827474e-01 5.98014355e-01 8.58573437e-01 7.04046130e-01
    4.58963841e-01 6.25052154e-02 5.34690022e-02 4.99859124e-01
    1.24530971e-01 4.37900841e-01 9.88077223e-01 7.71462560e-01
    2.28940994e-01 2.47460604e-01 5.63859224e-01 5.38973033e-01
    4.81196433e-01 5.31873345e-01 3.06899786e-01 9.85199571e-01
    9.74502087e-01 4.94039059e-01 8.76353025e-01 7.55152464e-01
    6.94048047e-01 9.48233008e-01 9.22696173e-01 1.20160878e-02
    9.93145227e-01 9.19506788e-01 3.90067726e-01 7.69856215e-01
    7.61778831e-01 5.35225570e-02 8.02432775e-01 5.34900486e-01
    9.12853718e-01 3.64214659e-01 3.29094052e-01 6.04792833e-01
    9.40313578e-01 2.55888551e-01 6.12831295e-01 6.79777920e-01
    5.08883476e-01 8.67901266e-01 3.71090412e-01 9.14466977e-01
    8.52432251e-01 8.95169616e-01 9.97649789e-01 4.55325574e-01
    9.35095072e-01 1.00438833e-01 9.37975883e-01 7.30317712e-01
    2.51322240e-01 2.71605670e-01 1.38491064e-01 1.77374989e-01
    2.80659288e-01 4.13455725e-01 4.17030334e-01 3.03176761e-01
    1.56138033e-01 1.99282259e-01 7.99465477e-01 5.18937826e-01
    7.72104144e-01 5.38286686e-01 6.01462424e-01 4.29002106e-01
    2.92082608e-01 5.82536817e-01 6.37555718e-02 2.76862592e-01
    2.11396217e-01 3.54490727e-01 9.18453336e-01 2.04901695e-01
    5.46530664e-01 9.64534998e-01 6.29449308e-01 8.35266054e-01
    1.40255153e-01 3.57355714e-01 8.38097453e-01 3.41344178e-02
    7.88310885e-01 3.08468759e-01 9.99961376e-01 8.95197868e-01
    2.38262713e-01 5.95344603e-01 1.48036927e-01 8.34342003e-01
    8.10032845e-01 1.13404870e-01 6.18906140e-01 2.51385421e-01
    5.94549298e-01 1.24100685e-01 3.98578346e-02 4.73925591e-01
    7.46767044e-01 6.96982443e-01 2.11173296e-02 5.93913794e-01
    5.71927369e-01 3.21096718e-01 2.67148197e-01 4.65773463e-01
    6.09989583e-01 8.87911201e-01 2.71809101e-02 6.01985693e-01
    4.48063761e-01 7.30840981e-01 6.85279846e-01 8.70304227e-01
    9.49671149e-01 1.56827927e-01 9.43862855e-01 2.26954609e-01
    6.40021622e-01 4.42166626e-02 6.83449447e-01 6.83260202e-01
    7.61687815e-01 6.04657233e-02 2.91496426e-01 9.40805793e-01
    9.49106693e-01 2.55418837e-01 7.33815789e-01 2.41668671e-01
    8.44974220e-02 4.23786938e-01 6.17862821e-01 6.87020063e-01
    1.57005489e-02 1.91708654e-01 4.71720576e-01 1.76262200e-01
    7.01287389e-01 2.20427036e-01 5.56585371e-01 2.21073449e-01
    9.04770851e-01 5.69514036e-02 6.98000073e-01 5.32085299e-01
    7.58135319e-01 4.40563321e-01 8.39112878e-01 2.52460271e-01
    4.73430425e-01 7.31076837e-01 7.23656178e-01 4.66722637e-01
    1.28805280e-01 3.13312352e-01 3.88605237e-01 5.19938827e-01
    8.93082142e-01 8.73071313e-01 2.62282908e-01 3.54323387e-01
    6.01165771e-01 8.58791888e-01 7.52004862e-01 7.25999475e-01
    5.89065611e-01 7.39747882e-01 5.34974873e-01 2.89695203e-01
    4.06328797e-01 4.49429363e-01 9.04349208e-01 5.14892280e-01
    7.27701366e-01 1.04171634e-02 3.42589200e-01 7.20756233e-01
    8.21826100e-01 8.46650660e-01 2.20963240e-01 7.56810308e-01
    9.72649097e-01 5.23408890e-01 4.35179114e-01 7.75323033e-01
    1.21667534e-01 9.41473961e-01 7.01958239e-01 2.14609027e-01
    8.06873798e-01 1.44401073e-01 1.70819223e-01 4.72448707e-01
    7.16575265e-01 4.86089826e-01 3.31007898e-01 6.15258276e-01
    6.71069086e-01 5.25671661e-01 1.50423318e-01 1.28812730e-01
    8.36081088e-01 6.45345449e-01 4.31251407e-01 7.49002934e-01
    9.68512177e-01 9.40724969e-01 7.92052984e-01 2.00791925e-01
    6.32907152e-01 5.84585726e-01 2.49469578e-02 2.87697017e-01
    4.56939667e-01 2.06760764e-01 4.79658246e-02 6.19019747e-01
    2.17181087e-01 1.32348776e-01 1.86566055e-01 3.56165230e-01
    1.34391785e-02 5.89046299e-01 3.71182740e-01 3.66513669e-01
    8.54635835e-02 6.75594687e-01 3.65757167e-01 4.43312317e-01
    1.52406096e-01 9.02027667e-01 7.73840606e-01 2.99081147e-01
    9.39804018e-02 5.68343103e-02 1.27745301e-01 7.24436998e-01
    7.22704887e-01 7.19981492e-01 4.11307812e-03 7.59918213e-01
    3.46221745e-01 6.96597695e-01 2.22849607e-01 4.80159789e-01
    3.33993375e-01 7.98466980e-01 6.19094551e-01 6.58904672e-01
    8.28277767e-01 6.37719274e-01 3.31072152e-01 2.27543235e-01
    4.81278628e-01 8.58819604e-01 7.68718362e-01 4.96093571e-01
    9.49088454e-01 4.22451079e-01 8.00659239e-01 7.06377387e-01
    8.48703325e-01 3.38323325e-01 4.78514701e-01 1.23609364e-01
    6.44384563e-01 2.54781067e-01 3.08113694e-01 4.71525550e-01
    8.23532820e-01 9.22566652e-02 4.38109815e-01 5.43648481e-01
    4.98143554e-01 9.70493436e-01 1.79389477e-01 5.75540185e-01
    6.65828705e-01 2.42899299e-01 1.64220273e-01 2.71372676e-01
    6.20455980e-01 5.98616898e-01 5.46773970e-01 1.60647660e-01
    4.35215175e-01 1.34371221e-01 9.72952724e-01 6.41472220e-01
    9.76622581e-01 5.92271328e-01 8.63450050e-01 2.00630575e-01
    9.52977538e-01 7.73251534e-01 7.54467845e-01 5.73144615e-01
    9.90296900e-02 6.51146412e-01 5.92631936e-01 1.92478538e-01
    9.95951593e-02 7.34948874e-01 2.12384522e-01 5.48628330e-01
    2.40200311e-01 6.69380546e-01 7.90500045e-01 8.95102561e-01
    4.13624525e-01 4.71057415e-01 6.59067631e-01 8.18397880e-01
    6.80989683e-01 1.84744090e-01 4.36035931e-01 9.82953429e-01
    1.75157249e-01 9.14479136e-01 7.82172799e-01 6.48653388e-01
    6.56559825e-01 5.61429441e-01 9.21554685e-01 2.69694358e-01
    8.11029911e-01 8.64456058e-01 7.55250275e-01 1.51671290e-01
    2.45303899e-01 5.45845807e-01 8.70570660e-01 4.87527102e-01
    7.68912911e-01 4.41058278e-02 9.31425452e-01 7.43837833e-01
    1.50341272e-01 8.74194145e-01 2.64175892e-01 7.47175157e-01
    5.14348447e-01 3.63003135e-01 6.69872522e-01 7.29819655e-01
    7.92928815e-01 4.21438217e-01 7.03694344e-01 2.33098865e-03
    7.57994056e-01 3.42672706e-01 1.26936764e-01 9.37425494e-01
    1.28825456e-01 4.03013140e-01 6.79096103e-01 7.39563882e-01
    5.99527001e-01 3.73453915e-01 2.47915089e-02 7.23551273e-01
    5.73126018e-01 9.97996628e-01 8.35869193e-01 1.60369277e-01
    8.81549358e-01 2.48779356e-02 2.75079489e-01 5.54322183e-01
    6.49600923e-01 2.21419096e-01 6.74800873e-02 7.94345737e-02
    6.58096671e-01 7.72038877e-01 2.46972501e-01 2.40795344e-01
    6.41863823e-01 1.49056673e-01 2.90160775e-02 1.80050731e-03
    1.44999415e-01 7.30984151e-01 4.40014154e-01 5.95276535e-01
    4.26725596e-01 7.19587445e-01 4.97169763e-01 6.54710948e-01
    4.08326179e-01 1.39296770e-01 2.50187576e-01 4.07470852e-01
    4.03859913e-02 3.51692766e-01 1.95107639e-01 3.81220758e-01
    5.91098070e-01 9.13781643e-01 7.40483046e-01 5.67247927e-01
    3.72080505e-01 1.03150845e-01 9.62393880e-01 3.42228919e-01
    1.76715404e-01 9.06298757e-01 5.46937525e-01 8.57424259e-01
    2.48049229e-01 1.53891265e-01 5.58832586e-01 7.50659704e-01
    1.24189526e-01 3.05672765e-01 2.76236057e-01 5.32402635e-01
    2.95155406e-01 5.20188868e-01 5.32238901e-01 1.19951874e-01
    9.93147194e-02 5.61453700e-01 1.88024163e-01 5.39554417e-01
    4.06328797e-01 4.49429363e-01 9.04349208e-01 5.14892280e-01
    7.27701366e-01 1.04171634e-02 3.42589200e-01 7.20756233e-01
    8.21826100e-01 8.46650660e-01 2.20963240e-01 7.56810308e-01
    9.72649097e-01 5.23408890e-01 4.35179114e-01 7.75323033e-01
    1.21667534e-01 9.41473961e-01 5.58926105e-01 4.25159752e-01
    3.73041332e-02 3.78029585e-01 1.58720046e-01 5.45946181e-01
    9.98973370e-01 4.30552781e-01 7.92982459e-01 3.56780171e-01
    2.63417393e-01 6.20978117e-01 8.56675446e-01 6.30378485e-01
    2.49478370e-01 9.37688112e-01 7.36888170e-01 1.95799917e-01
    8.96409512e-01 8.26093018e-01 1.25319183e-01 3.85155946e-01
    8.04979384e-01 2.61191636e-01 9.00777578e-01 7.30238855e-02
    6.22862279e-01 8.30425024e-01 1.75326735e-01 6.47590756e-01
    4.96212363e-01 9.43434536e-02 9.85885620e-01 7.05550075e-01
    5.70878983e-01 4.88634884e-01 1.27080142e-01 3.89885694e-01
    8.46810460e-01 8.97731900e-01 1.85897589e-01 8.15666378e-01
    2.93268919e-01 5.51269531e-01 5.53289413e-01 7.91316628e-01
    3.95190358e-01 7.13908076e-01 9.79157209e-01 9.96455908e-01
    3.75768244e-02 8.76159430e-01 7.61143684e-01 8.62455249e-01
    3.76583546e-01 8.16802621e-01 7.86301196e-01 8.42000961e-01
    7.64877915e-01 7.04420328e-01 7.11619854e-01 5.71622193e-01
    3.63365173e-01 6.78644121e-01 2.04842150e-01 1.08704120e-01
    5.41915536e-01 1.86120987e-01 3.84607613e-02 3.43889296e-01
    8.68194759e-01 2.96147108e-01 1.35181397e-01 7.43712842e-01
    2.07822174e-01 2.47993916e-01 2.90974796e-01 7.24604726e-01
    1.23887390e-01 3.82145077e-01 6.48388028e-01 3.87582093e-01
    9.45214272e-01 3.09941649e-01 5.36735415e-01 6.21716976e-01
    3.69640291e-01 2.08655655e-01 7.86772490e-01 4.57078457e-01
    3.60017687e-01 8.53343725e-01 7.91215301e-01 2.42240399e-01
    8.61494899e-01 3.43719393e-01 2.34413892e-01 6.79737210e-01
    6.91951692e-01 5.41865468e-01 3.10628355e-01 7.62970448e-02
    2.75965631e-01 8.04442525e-01 9.91766453e-02 4.33239341e-02
    7.14831948e-01 5.76822996e-01 7.76412606e-01 1.41353667e-01
    3.27367991e-01 7.87157297e-01 2.16803253e-02 7.36225903e-01
    6.51941419e-01 1.61250561e-01 3.95877004e-01 6.00977302e-01
    9.79900956e-02 4.39512402e-01 5.20379305e-01 1.05873317e-01
    6.77682161e-01 5.86721659e-01 1.12791866e-01 1.21062458e-01
    6.76626444e-01 6.85840249e-01 4.38891351e-02 1.99824929e-01
    4.34657186e-01 3.70553136e-01 6.12792671e-01 5.87885737e-01
    9.56553340e-01 1.32131070e-01 7.99622118e-01 4.30880755e-01
    5.29851317e-01 5.98084033e-01 5.65016329e-01 4.49818671e-01
    4.71764535e-01 8.22571099e-01 7.15817690e-01 7.05256164e-01
    4.94039446e-01 6.79602683e-01 1.30257040e-01 7.03780472e-01
    5.08475900e-01 6.17672205e-01 3.52421701e-01 3.86271596e-01
    8.59662592e-02 3.55761111e-01 7.30256140e-01 3.06488276e-01
    2.90932715e-01 9.11656022e-01 7.86398947e-01 8.54712427e-01
    2.60350466e-01 3.19755971e-01 7.66196072e-01 7.68501997e-01
    5.04056811e-01 6.58777654e-02 5.34965932e-01 6.77851439e-01
    1.05400890e-01 2.53526032e-01 2.14616597e-01 2.71426082e-01
    9.48002756e-01 7.44346440e-01 7.03708589e-01 8.86723876e-01
    9.81221139e-01 7.12663531e-01 6.72872007e-01 6.28049970e-01
    8.93370509e-01 1.38694346e-02 5.99181414e-01 2.64782131e-01
    8.71937037e-01 6.73944890e-01 6.10657811e-01 6.83555007e-01
    7.73229241e-01 9.44837630e-01 7.62629867e-01 4.97296929e-01
    3.84268641e-01 5.57757318e-01 4.85970259e-01 8.14548016e-01
    2.85746217e-01 9.36400533e-01 2.24897414e-01 5.52720726e-01
    8.32915545e-01 8.86476278e-01 9.19547319e-01 1.96418017e-01
    4.04593349e-01 3.95579547e-01 8.62207294e-01 2.27024972e-01
    6.48525238e-01 9.51914310e-01 9.11381841e-01 2.31872410e-01
    5.42953908e-02 6.14101410e-01 8.78874660e-01 4.40953821e-01
    3.81058395e-01 7.14961588e-01 8.34132791e-01 5.42910278e-01
    7.48242021e-01 6.65263534e-01 1.94787323e-01 2.79282331e-02
    6.74130321e-01 6.16427064e-02 6.26899660e-01 5.91380000e-01
    5.96055746e-01 4.54668224e-01 7.43444681e-01 1.82169050e-01
    7.99962163e-01 5.50927937e-01 8.95439386e-01 5.79335690e-01
    2.92003542e-01 5.51539779e-01 6.46553040e-01 8.77542794e-01
    4.36174273e-02 7.06763208e-01 7.28445351e-02 2.72252321e-01
    6.83934510e-01 9.59694684e-02 8.91965508e-01 9.26695764e-01
    3.23268682e-01 2.74238974e-01 7.86668897e-01 9.17283297e-02
    2.36930192e-01 9.04005229e-01 5.58926105e-01 4.25159752e-01
    3.73041332e-02 3.78029585e-01 1.58720046e-01 5.45946181e-01
    9.98973370e-01 4.30552781e-01 7.92982459e-01 3.56780171e-01
    2.63417393e-01 6.20978117e-01 8.56675446e-01 6.30378485e-01
    2.49478370e-01 9.37688112e-01 7.36888170e-01 1.95799917e-01
    3.88743877e-01 2.04992890e-02 2.72791684e-01 4.25831914e-01
    3.03866029e-01 5.60685813e-01 5.81782579e-01 1.59262180e-01
    6.82416916e-01 3.82725894e-02 9.72285628e-01 5.00067174e-02
    5.08153439e-01 1.71623558e-01 3.72663915e-01 3.03512812e-03
    5.76817989e-01 4.37432081e-01 9.85329509e-01 2.78926641e-01
    7.50546336e-01 6.65851951e-01 9.18644845e-01 9.38455701e-01
    6.78483367e-01 6.36809349e-01 8.24441433e-01 2.87061870e-01
    4.18589532e-01 4.00051475e-01 4.77330565e-01 2.01309144e-01
    5.57751417e-01 6.45581365e-01 9.38876271e-01 3.44803333e-02
    2.55135328e-01 4.77926642e-01 9.30081964e-01 2.46778548e-01
    8.37570906e-01 3.41704577e-01 2.37510741e-01 4.23769951e-01
    7.76871443e-01 4.52312648e-01 9.95816767e-01 1.27527237e-01
    7.41265178e-01 3.91309142e-01 8.63325834e-01 2.62871444e-01
    4.18762386e-01 6.69341683e-02 3.65400463e-01 8.50519896e-01
    6.84845865e-01 2.64780819e-01 7.17006326e-01 7.51846433e-01
    1.53683066e-01 5.27955770e-01 3.88487399e-01 7.26535916e-01
    9.86083388e-01 8.05161297e-02 1.30349219e-01 6.81190431e-01
    8.42062533e-01 1.39391452e-01 1.10405624e-01 6.72379971e-01
    7.33927190e-01 3.32175612e-01 2.00625688e-01 3.44828218e-01
    3.33165646e-01 8.75576258e-01 4.45166886e-01 6.61993384e-01
    2.13849515e-01 2.45634913e-02 6.29195035e-01 7.30486631e-01
    5.73747158e-02 3.52574110e-01 7.55524755e-01 9.39396620e-01
    8.85866463e-01 1.67400002e-01 3.91806394e-01 7.10646212e-02
    8.35251927e-01 1.84273273e-01 2.72118747e-02 9.74394917e-01
    1.04798079e-01 4.79780316e-01 7.50315666e-01 3.26576233e-01
    5.27754068e-01 6.35331333e-01 9.69344616e-01 6.99756384e-01
    5.85040569e-01 3.19002748e-01 5.79617441e-01 6.68427050e-02
    4.20149833e-01 6.22572780e-01 3.08123827e-01 4.21549082e-02
    4.91171986e-01 8.01960051e-01 1.99635237e-01 6.81106448e-01
    1.83263540e-01 5.19242585e-02 6.85989618e-01 9.02527988e-01
    5.95167696e-01 8.07794929e-01 3.36364478e-01 4.21114415e-01
    3.91243219e-01 2.15917200e-01 9.06411290e-01 4.28525299e-01
    9.62050557e-01 7.22351015e-01 8.87428999e-01 4.39929545e-01
    3.30964267e-01 9.32655573e-01 9.13104415e-03 2.69138575e-01
    4.37225759e-01 7.83406079e-01 4.41440821e-01 4.33646142e-02
    3.41952264e-01 3.60845029e-01 7.46751428e-02 1.08652979e-01
    8.48830342e-01 6.15526438e-01 2.72423506e-01 5.46296179e-01
    5.89349508e-01 2.09432572e-01 9.82132792e-01 5.66848397e-01
    6.44095242e-02 1.91310614e-01 3.75048310e-01 3.32323551e-01
    9.84181523e-01 3.48111391e-02 8.99639368e-01 4.94209588e-01
    6.86758041e-01 9.39212441e-02 8.96154046e-01 5.60326219e-01
    5.08123219e-01 2.21619725e-01 3.37652236e-01 3.27701390e-01
    5.33266187e-01 7.97893822e-01 4.18351293e-01 3.66675258e-02
    4.92139846e-01 2.23714799e-01 8.89519155e-02 6.74323499e-01
    7.58592010e-01 6.09952867e-01 9.80314016e-01 9.28307295e-01
    1.78292632e-01 6.84085071e-01 9.42195654e-01 7.08526850e-01
    6.63337231e-01 7.56150484e-01 3.22467327e-01 9.11345541e-01
    3.46873403e-01 6.66939974e-01 2.18068063e-01 6.38240993e-01
    4.50237095e-01 6.37450218e-01 8.78646851e-01 3.93966973e-01
    9.49120522e-03 4.75144058e-01 7.13615835e-01 2.89131582e-01
    4.19178098e-01 8.32206607e-01 6.51993930e-01 9.41393673e-01
    1.19633704e-01 3.56810629e-01 2.29090393e-01 9.52405751e-01
    2.21577704e-01 5.71040809e-01 7.82276988e-01 9.19120073e-01
    1.16237551e-01 2.36880422e-01 1.16392076e-01 1.58732742e-01
    1.83503538e-01 7.38595426e-02 9.26979303e-01 1.71442568e-01
    7.43294299e-01 5.63584149e-01 7.73775458e-01 8.51462603e-01
    9.01510119e-01 5.91994047e-01 1.44289255e-01 3.22389007e-02
    8.78784955e-02 2.79962003e-01 2.65063047e-01 7.97135174e-01
    3.08482230e-01 6.34797871e-01 2.05737591e-01 6.21609271e-01
    2.15041041e-02 9.26620603e-01 8.87914896e-01 4.42133397e-01
    4.01256830e-01 9.94417667e-01 1.35491639e-01 4.77231801e-01
    7.52844691e-01 2.35773295e-01 6.26895428e-01 7.58329272e-01
    6.00452304e-01 5.83961308e-02 6.43426657e-01 9.62414265e-01
    4.85808700e-01 7.99809217e-01 6.50465488e-03 4.34827238e-01
    3.88743877e-01 2.04992890e-02 2.72791684e-01 4.25831914e-01
    3.03866029e-01 5.60685813e-01 5.81782579e-01 1.59262180e-01
    6.82416916e-01 3.82725894e-02 9.72285628e-01 5.00067174e-02
    5.08153439e-01 1.71623558e-01 3.72663915e-01 3.03512812e-03
    5.76817989e-01 4.37432081e-01 6.53669059e-01 6.62639380e-01
    2.29202598e-01 2.13240117e-01 5.47282279e-01 9.28865969e-02
    7.41715312e-01 9.42653894e-01 7.44400263e-01 9.90238309e-01
    2.09184796e-01 9.54570413e-01 9.57691431e-01 6.78223252e-01
    8.03226650e-01 8.97708118e-01 6.85702026e-01 6.05446100e-01
    7.68013477e-01 9.80543435e-01 8.44558001e-01 8.71587098e-02
    4.73967254e-01 6.25576615e-01 4.21263099e-01 4.13133711e-01
    9.26776528e-01 9.67318773e-01 4.10393804e-01 2.77330637e-01
    8.04968476e-01 2.37263441e-01 4.38869148e-01 6.24439240e-01
    7.67621160e-01 2.63074100e-01 4.53382552e-01 3.99061918e-01
    8.62934470e-01 6.17980599e-01 4.44186807e-01 1.95153832e-01
    1.52783066e-01 1.24852955e-01 2.67559588e-02 5.32813787e-01
    8.81540775e-01 3.24209630e-02 6.26980543e-01 3.51670563e-01
    8.33916545e-01 8.72457385e-01 1.81928039e-01 3.78830731e-02
    4.91925657e-01 9.73258615e-01 1.18173122e-01 3.43490064e-01
    9.13392425e-01 6.10329270e-01 7.24169433e-01 4.77998734e-01
    1.96897566e-01 6.57544494e-01 2.20277399e-01 3.25858712e-01
    6.17729306e-01 9.60940123e-01 1.18157655e-01 3.52604538e-01
    4.59732473e-01 2.56637692e-01 5.61493516e-01 2.58179128e-01
    3.54398787e-02 3.29820812e-01 9.10703242e-01 3.43249977e-01
    4.79864955e-01 2.47487783e-01 1.08057588e-01 2.36160815e-01
    9.87018585e-01 1.93799317e-01 5.83775163e-01 9.62288439e-01
    9.66056883e-02 8.55704486e-01 7.88400650e-01 3.31349134e-01
    2.04583228e-01 3.86597037e-01 5.93842685e-01 5.35618186e-01
    6.07838154e-01 5.95825016e-01 1.42550111e-01 7.50026226e-01
    5.17982244e-02 4.00339544e-01 9.78144944e-01 7.12765872e-01
    7.49721587e-01 5.53345203e-01 7.42675126e-01 8.71427476e-01
    9.06328857e-02 6.80968642e-01 7.70301223e-01 2.66200185e-01
    3.52715164e-01 4.31322008e-01 8.13882351e-01 8.92981529e-01
    5.05094051e-01 1.02396429e-01 2.77121723e-01 1.03797972e-01
    3.29407930e-01 5.72456956e-01 6.44388020e-01 8.98374796e-01
    8.07292461e-02 8.10427308e-01 6.97833300e-01 5.85179687e-01
    4.54321802e-02 7.65130281e-01 5.92892945e-01 7.99649954e-02
    5.41623414e-01 2.23021686e-01 4.56203520e-02 8.60555291e-01
    1.80244267e-01 2.22340494e-01 2.74271905e-01 2.16660082e-01
    2.41437078e-01 6.04087174e-01 7.95230925e-01 8.50952804e-01
    3.38737071e-01 1.68667436e-01 8.53278935e-02 9.62448239e-01
    5.95584571e-01 6.17037475e-01 4.22401845e-01 8.05547655e-01
    3.26450527e-01 5.13326228e-02 7.64835656e-01 9.30197120e-01
    4.42216218e-01 3.44494581e-02 2.09979445e-01 4.31580782e-01
    7.42610216e-01 2.65627533e-01 2.78117895e-01 3.33807170e-01
    2.40635872e-02 6.88992500e-01 6.98230982e-01 2.17214853e-01
    3.25960636e-01 3.25418711e-01 1.15670681e-01 2.68369198e-01
    4.85250771e-01 2.71085501e-01 4.54894662e-01 6.84569955e-01
    3.21400225e-01 6.38448358e-01 3.31510842e-01 5.63787520e-02
    5.80883384e-01 6.34818137e-01 7.47762203e-01 5.95643938e-01
    4.15071845e-01 2.21627682e-01 8.18156958e-01 2.61837065e-01
    7.49850869e-02 3.47155631e-01 4.44447070e-01 3.41209441e-01
    8.20808947e-01 5.18463373e-01 5.19485056e-01 6.98236763e-01
    7.65690923e-01 6.80761755e-01 7.69239366e-02 9.33349133e-02
    2.52009630e-01 6.10423207e-01 5.22892654e-01 6.25029802e-02
    7.38759458e-01 9.62924838e-01 6.52575254e-01 6.24942005e-01
    2.49532253e-01 1.93268210e-01 7.67603397e-01 9.38884735e-01
    2.48807698e-01 2.48341680e-01 7.39631951e-01 7.65659451e-01
    1.72520578e-01 5.59633851e-01 9.61562812e-01 3.31653655e-02
    9.51485515e-01 3.23085785e-01 2.49226421e-01 8.93045723e-01
    3.26593757e-01 9.48550105e-01 4.66070682e-01 4.98678654e-01
    1.17788315e-02 8.98216307e-01 2.69372433e-01 2.02098697e-01
    7.70082593e-01 2.85991430e-01 4.78211254e-01 1.83981657e-03
    3.00693810e-01 9.11387324e-01 6.49903417e-01 4.05804753e-01
    4.31209594e-01 4.27488327e-01 5.21963120e-01 9.68181729e-01
    8.78164828e-01 1.47617966e-01 2.41052032e-01 1.91419005e-01
    4.54582572e-01 7.53368974e-01 4.19637442e-01 6.63372636e-01
    7.34388232e-01 2.16079205e-01 5.30955255e-01 1.92520678e-01
    7.31768131e-01 5.25195301e-02 6.53669059e-01 6.62639380e-01
    2.29202598e-01 2.13240117e-01 5.47282279e-01 9.28865969e-02
    7.41715312e-01 9.42653894e-01 7.44400263e-01 9.90238309e-01
    2.09184796e-01 9.54570413e-01 9.57691431e-01 6.78223252e-01
    8.03226650e-01 8.97708118e-01 6.85702026e-01 6.05446100e-01
    6.78690791e-01 8.42909098e-01 6.28039598e-01 2.79157877e-01
    2.31140375e-01 8.76504779e-01 2.69191623e-01 6.16470098e-01
    6.69695377e-01 9.54698920e-01 1.15138590e-02 3.09054196e-01
    7.98706412e-01 8.02771926e-01 9.72351193e-01 1.85764760e-01
    5.54600775e-01 3.27519417e-01 5.62753081e-01 7.42670834e-01
    7.52168417e-01 4.99003112e-01 4.89571750e-01 3.33701968e-02
    5.70618510e-01 3.16580176e-01 8.21210265e-01 4.68070984e-01
    1.16319329e-01 2.71909416e-01 4.06136364e-01 7.37358332e-01
    3.63023400e-01 2.25235015e-01 9.46710706e-01 1.89012825e-01
    5.42374432e-01 9.10414219e-01 6.11393631e-01 5.50873876e-02
    6.70391917e-01 3.01830292e-01 6.72530711e-01 4.74572301e-01
    2.42419839e-02 3.29782039e-01 9.22994494e-01 4.94788140e-01
    5.41251957e-01 8.53961647e-01 9.78493810e-01 3.25288057e-01
    7.54091620e-01 4.09617752e-01 9.20790553e-01 2.17818737e-01
    9.09232736e-01 6.66706920e-01 7.78058231e-01 2.01944649e-01
    5.71926951e-01 7.52853036e-01 4.42530990e-01 8.90264690e-01
    8.81328821e-01 6.85143650e-01 3.00788403e-01 3.69662642e-01
    9.32340443e-01 9.56530094e-01 2.02378035e-01 9.88519132e-01
    7.39197373e-01 2.88465828e-01 3.37126374e-01 8.68762136e-01
    8.77200603e-01 6.66802585e-01 3.37334812e-01 6.25683784e-01
    6.91805661e-01 1.02215499e-01 8.82251501e-01 6.07579648e-01
    4.60228086e-01 4.93270338e-01 5.62162220e-01 9.18770134e-02
    9.57728922e-02 2.01545656e-02 9.66706574e-01 3.83290768e-01
    4.40480053e-01 8.56215656e-02 5.98321378e-01 2.79578954e-01
    5.26733279e-01 4.35542703e-01 8.96295190e-01 4.17578220e-03
    5.62730968e-01 6.88807666e-01 1.57327086e-01 1.67839825e-01
    5.82013488e-01 3.31058860e-01 9.86564040e-01 2.34051853e-01
    8.33071411e-01 3.05370808e-01 7.75250077e-01 4.07161504e-01
    8.43167245e-01 5.89759648e-01 4.79733109e-01 3.00490439e-01
    5.73607743e-01 3.96637410e-01 7.92923689e-01 5.04829764e-01
    4.58059400e-01 7.56264329e-02 3.73863220e-01 6.96924090e-01
    9.22469139e-01 3.09226364e-01 8.60073090e-01 8.28502297e-01
    5.27749181e-01 7.54545689e-01 7.12239146e-02 1.21922404e-01
    1.09048367e-01 1.70878142e-01 3.77372384e-01 4.98720080e-01
    8.00574183e-01 3.24915409e-01 1.62302941e-01 6.10340059e-01
    2.39622176e-01 2.67886579e-01 6.26906514e-01 5.37158847e-01
    5.81652164e-01 5.57142794e-01 3.86318445e-01 2.64049113e-01
    6.18978441e-01 4.42802906e-01 9.68902826e-01 6.91011608e-01
    2.94587940e-01 5.33946753e-01 3.12963068e-01 8.17711830e-01
    6.59142733e-01 3.48123699e-01 3.11589241e-03 3.31630886e-01
    6.28823936e-01 8.96649003e-01 7.61367917e-01 9.44908738e-01
    3.84779036e-01 2.33139455e-01 8.87080133e-01 5.49297631e-01
    8.85900140e-01 1.90308690e-02 5.48302352e-01 1.73019320e-01
    7.57450700e-01 3.17716032e-01 2.73107231e-01 1.98956937e-01
    6.37068987e-01 5.03377676e-01 5.18800080e-01 8.43275428e-01
    1.03702366e-01 7.20719039e-01 2.37424165e-01 9.34449553e-01
    4.22875732e-01 5.45217156e-01 4.03108686e-01 9.03458476e-01
    8.07118118e-01 4.75272745e-01 1.26775891e-01 5.40871620e-02
    5.04238188e-01 5.66471279e-01 2.15677738e-01 2.31197387e-01
    5.87863743e-01 7.34420955e-01 8.92947435e-01 9.52083588e-01
    7.74472237e-01 4.59042192e-01 1.53952569e-01 7.87869453e-01
    8.42640162e-01 2.34805435e-01 1.36826634e-02 6.07830882e-02
    1.48761392e-01 6.48832977e-01 1.61951780e-02 9.96673703e-01
    1.89440072e-01 4.23889667e-01 2.87093401e-01 2.88411200e-01
    8.76577854e-01 3.70937824e-01 2.97097594e-01 8.72928381e-01
    5.06349802e-01 6.82271957e-01 7.87476063e-01 4.66347456e-01
    4.29921299e-01 1.46803111e-01 8.29172969e-01 7.15263486e-02
    4.51707512e-01 5.91925204e-01 6.32187963e-01 8.74488831e-01
    9.50949192e-01 6.72635138e-01 4.83975679e-01 9.55567241e-01
    1.09717220e-01 2.05860555e-01 1.65072739e-01 8.86731446e-02
    6.30931795e-01 9.60400820e-01 7.37715960e-02 8.83644819e-01
    2.86851257e-01 6.56036198e-01 9.98952508e-01 7.22821176e-01
    3.93244416e-01 7.82657266e-01 8.02174032e-01 2.63658762e-01
    1.82100922e-01 1.71482980e-01 4.73848760e-01 5.88470161e-01
    6.78690791e-01 8.42909098e-01 6.28039598e-01 2.79157877e-01
    2.31140375e-01 8.76504779e-01 2.69191623e-01 6.16470098e-01
    6.69695377e-01 9.54698920e-01 1.15138590e-02 3.09054196e-01
    7.98706412e-01 8.02771926e-01 9.72351193e-01 1.85764760e-01
    5.54600775e-01 3.27519417e-01 3.73803675e-02 7.78538048e-01
    7.53091395e-01 9.38279748e-01 5.27517617e-01 1.31023943e-01
    4.26163733e-01 9.17016625e-01 5.74998140e-01 3.97147268e-01
    8.37080836e-01 5.60360193e-01 3.75693530e-01 6.19611919e-01
    8.21430326e-01 6.77198768e-01 1.41764969e-01 4.94781256e-01
    8.83814335e-01 7.65175462e-01 2.75486827e-01 8.56110752e-01
    2.15358496e-01 2.80637056e-01 3.66849601e-01 9.52823281e-01
    8.56232464e-01 2.37258375e-01 2.92080283e-01 8.90752077e-01
    3.13065410e-01 8.67881775e-02 6.32117033e-01 9.19107080e-01
    9.94745731e-01 3.64545345e-01 2.74943709e-01 4.95666564e-02
    8.24361563e-01 5.97844064e-01 8.73886526e-01 9.28024411e-01
    8.77346158e-01 7.14340210e-02 6.55501366e-01 1.50492787e-01
    4.14339751e-01 9.75636363e-01 9.28213000e-01 5.50209463e-01
    5.10675430e-01 4.47941124e-02 5.66911995e-01 6.19160950e-01
    2.06396371e-01 6.85629189e-01 6.95579112e-01 8.07420790e-01
    8.23686242e-01 3.93108577e-01 5.26848793e-01 2.24365473e-01
    7.69112170e-01 5.03368199e-01 6.09430075e-01 3.22771519e-01
    5.12529254e-01 8.02950621e-01 8.67789626e-01 2.86494970e-01
    4.29226279e-01 5.33094585e-01 7.38150895e-01 1.91532165e-01
    1.04168862e-01 5.74635923e-01 6.01235569e-01 4.15531397e-01
    9.56507683e-01 9.38201964e-01 8.77513051e-01 5.87856054e-01
    2.69377589e-01 3.48581553e-01 1.18176818e-01 9.68106747e-01
    2.08199263e-01 4.24271315e-01 1.12891346e-01 5.78277946e-01
    6.25604272e-01 1.33899361e-01 8.71730447e-01 4.87240553e-02
    9.55778539e-01 5.67714632e-01 1.46712393e-01 3.19346756e-01
    7.83334017e-01 3.05838168e-01 6.24188900e-01 3.07423651e-01
    7.31680393e-01 4.14216280e-01 2.32528061e-01 9.86554384e-01
    9.32980657e-01 5.62871158e-01 7.95007944e-02 5.00148475e-01
    7.26127088e-01 9.51593399e-01 2.48896360e-01 5.10483623e-01
    5.64144731e-01 1.50922686e-01 2.65412986e-01 2.40296513e-01
    9.39644456e-01 1.63274109e-01 2.84088761e-01 2.84167826e-02
    6.49176717e-01 6.28694415e-01 5.82946301e-01 9.20148253e-01
    1.57575905e-02 1.34802997e-01 6.64940774e-02 7.17743576e-01
    6.69247746e-01 2.55270958e-01 4.87621397e-01 4.29060757e-01
    9.15824115e-01 1.42932653e-01 5.53068995e-01 5.38865209e-01
    2.78132737e-01 7.34928191e-01 4.69931334e-01 4.58547294e-01
    6.60821378e-01 1.77366555e-01 2.29465961e-02 6.30867362e-01
    5.67471266e-01 2.24624902e-01 2.45950520e-02 7.89165795e-02
    9.56297994e-01 2.63629049e-01 2.96829581e-01 7.77868032e-01
    7.96386838e-01 8.22579861e-01 3.82023752e-02 7.76578546e-01
    2.84380496e-01 4.97376233e-01 8.73717010e-01 7.61870742e-01
    1.13845527e-01 2.36848533e-01 5.84182203e-01 6.58089042e-01
    5.37782848e-01 2.93204188e-03 2.63888836e-01 4.07165289e-01
    9.48407829e-01 7.22459793e-01 1.73882693e-01 6.96248591e-01
    8.94008160e-01 3.54946285e-01 5.10342836e-01 1.88782245e-01
    2.00179428e-01 3.28165621e-01 8.08666348e-01 3.05651307e-01
    2.22817153e-01 6.74492419e-01 1.76918477e-01 2.41911352e-01
    4.85719681e-01 7.57350087e-01 4.76724684e-01 8.54618430e-01
    1.52575970e-01 7.64387965e-01 4.78117615e-01 2.64364243e-01
    5.23576498e-01 3.43947351e-01 5.06524682e-01 3.72406840e-01
    8.63820791e-01 6.95301771e-01 7.81456828e-01 2.07931042e-01
    2.01954901e-01 4.85319972e-01 7.65560865e-01 9.31050479e-01
    6.43478870e-01 7.73161650e-01 6.99320078e-01 6.53901100e-01
    2.42929906e-01 2.35234916e-01 6.38566911e-02 3.63960922e-01
    7.83908963e-01 6.27477229e-01 3.39630365e-01 7.16738820e-01
    6.33238971e-01 1.04739517e-01 6.93375945e-01 8.41396689e-01
    4.24669147e-01 9.41633463e-01 4.99832153e-01 5.52211523e-01
    5.05467176e-01 5.66386700e-01 5.60591102e-01 5.42808294e-01
    7.04778135e-02 6.71911240e-02 8.76631141e-01 8.49703074e-01
    3.98486376e-01 1.09742880e-02 6.60843313e-01 8.29020739e-01
    3.75058949e-02 5.78024685e-01 3.23579490e-01 5.59418678e-01
    4.93710428e-01 3.13134491e-02 8.05178642e-01 2.97405005e-01
    2.56066561e-01 6.43319964e-01 7.60180354e-01 5.45118749e-02
    7.60758519e-01 6.46718264e-01 7.44219899e-01 7.17925370e-01
    8.25092673e-01 5.75229526e-03 3.73803675e-02 7.78538048e-01
    7.53091395e-01 9.38279748e-01 5.27517617e-01 1.31023943e-01
    4.26163733e-01 9.17016625e-01 5.74998140e-01 3.97147268e-01
    8.37080836e-01 5.60360193e-01 3.75693530e-01 6.19611919e-01
    8.21430326e-01 6.77198768e-01 1.41764969e-01 4.94781256e-01
    7.13275492e-01 9.76819694e-01 4.02010560e-01 9.94520247e-01
    6.60049081e-01 1.77402049e-01 5.93421876e-01 8.46017241e-01
    8.23478997e-01 2.36139596e-02 1.76050663e-01 4.85775143e-01
    5.15199602e-01 1.52033836e-01 9.20318842e-01 6.06701016e-01
    7.07757354e-01 6.32083178e-01 1.20574027e-01 7.25719333e-01
    8.13335180e-02 5.29036582e-01 3.53831053e-01 1.32392466e-01
    2.68427789e-01 5.12332022e-02 7.64052033e-01 8.50643039e-01
    1.69615448e-02 5.91528058e-01 1.77123249e-01 1.72382027e-01
    2.48143911e-01 5.96767604e-01 9.92720723e-01 4.33135629e-02
    9.24683332e-01 8.25823188e-01 7.93484449e-01 2.34455019e-01
    3.26702237e-01 8.91711831e-01 9.49361205e-01 3.58550251e-01
    1.18094206e-01 5.85310936e-01 2.53807127e-01 6.27276361e-01
    9.43939269e-01 3.83264810e-01 4.35693294e-01 5.75384200e-01
    2.37005889e-01 1.95383042e-01 1.77339137e-01 1.88793868e-01
    9.77863789e-01 2.84459352e-01 5.99532425e-02 9.19217229e-01
    3.73272628e-01 3.35144401e-01 8.30256939e-01 4.37001944e-01
    2.77974308e-02 5.99809527e-01 4.18958455e-01 4.95860845e-01
    1.86944604e-02 4.42711890e-01 2.65734494e-01 4.12001312e-02
    1.60300851e-01 8.30829024e-01 2.34828144e-01 5.27492166e-03
    7.29259551e-01 9.81966615e-01 3.82890940e-01 6.12013340e-01
    5.85537255e-01 6.80852950e-01 8.28672528e-01 2.71477312e-01
    6.92374647e-01 2.41657108e-01 6.13268018e-01 3.82372022e-01
    2.11968213e-01 9.32309151e-01 2.98867702e-01 5.12365043e-01
    2.92306870e-01 3.96856010e-01 2.16342837e-01 7.85036683e-01
    3.51985991e-01 4.35134023e-01 2.53927708e-02 9.52033758e-01
    3.89679700e-01 9.53634024e-01 2.00139880e-01 2.07919598e-01
    7.66981125e-01 5.61565876e-01 4.34341758e-01 9.42284584e-01
    5.54502666e-01 5.00684083e-01 2.84098208e-01 3.58733833e-01
    3.06916893e-01 7.92419195e-01 9.93556261e-01 5.52464485e-01
    1.23212069e-01 5.49458802e-01 5.46525836e-01 5.44147968e-01
    1.47462189e-02 5.60537159e-01 8.05583119e-01 8.76205981e-01
    1.25630051e-01 8.47735167e-01 8.98082256e-01 6.12792432e-01
    5.00024974e-01 7.47530401e-01 4.98268604e-01 5.84858179e-01
    6.03834093e-01 8.29184353e-01 6.86802328e-01 6.30836427e-01
    9.18229222e-01 8.70546758e-01 4.35907632e-01 1.93105876e-01
    7.46955633e-01 4.83386129e-01 8.74732733e-01 3.96512240e-01
    8.35501850e-02 1.23015106e-01 1.26396209e-01 8.31588089e-01
    4.24918503e-01 3.02973211e-01 5.92160046e-01 6.86127424e-01
    5.55974960e-01 7.96127379e-01 8.58165920e-02 3.18627536e-01
    7.56027937e-01 3.64624381e-01 6.09902442e-01 8.50594640e-01
    5.69985151e-01 3.63517702e-01 7.54410505e-01 2.19432265e-01
    1.14836454e-01 2.03296840e-01 9.72584963e-01 2.56211042e-01
    8.86835694e-01 8.40876400e-01 8.47232938e-01 5.82410395e-02
    7.34407663e-01 7.96723127e-01 8.27552438e-01 3.95989269e-01
    2.48329818e-01 5.78017533e-01 4.24418151e-01 6.89942658e-01
    2.47407883e-01 4.89500433e-01 3.79305840e-01 2.23241866e-01
    2.98700899e-01 6.31062984e-01 1.41931027e-01 2.78146148e-01
    6.68123245e-01 8.44801366e-01 9.97538626e-01 2.89442182e-01
    8.74468863e-01 9.35425162e-02 1.01056904e-01 9.03199077e-01
    2.69132853e-02 5.96631765e-01 6.10274136e-01 5.06877840e-01
    2.01561391e-01 8.44964862e-01 2.71285892e-01 8.88218284e-01
    5.74170649e-01 7.40876198e-01 6.22642696e-01 1.53282702e-01
    1.78205699e-01 1.35801435e-01 4.30184096e-01 1.21550798e-01
    6.68046176e-02 9.01599228e-02 7.92579830e-01 5.60600460e-01
    7.57262468e-01 8.95198882e-02 5.27920246e-01 9.67690468e-01
    3.00164551e-01 2.98922122e-01 5.10459185e-01 7.01610982e-01
    9.74229455e-01 1.34843290e-01 4.36127841e-01 8.60549271e-01
    9.65826213e-02 2.34370530e-02 4.56522018e-01 7.40243077e-01
    8.73901010e-01 5.94172299e-01 4.45324838e-01 1.76206678e-01
    3.33157241e-01 1.02588713e-01 1.86840385e-01 7.48134196e-01
    2.83464909e-01 8.87441218e-01 2.24922776e-01 4.07583058e-01
    7.09611654e-01 2.18848467e-01 5.71442425e-01 1.72843069e-01
    8.54267478e-01 9.29573178e-01 9.91158962e-01 2.89610207e-01
    3.81489515e-01 8.00420523e-01 2.85318911e-01 6.59666061e-01
    7.13275492e-01 9.76819694e-01 4.02010560e-01 9.94520247e-01
    6.60049081e-01 1.77402049e-01 5.93421876e-01 8.46017241e-01
    8.23478997e-01 2.36139596e-02 1.76050663e-01 4.85775143e-01
    5.15199602e-01 1.52033836e-01 9.20318842e-01 6.06701016e-01
    7.07757354e-01 6.32083178e-01 6.60227239e-01 4.91394639e-01
    3.59281480e-01 3.80565941e-01 8.33351493e-01 8.21385026e-01
    8.85052562e-01 1.89513713e-01 8.37240279e-01 1.13056958e-01
    9.95692730e-01 2.33121753e-01 4.54290569e-01 8.08030248e-01
    1.07553422e-01 2.92658865e-01 2.94660866e-01 8.17784667e-01
    8.53273392e-01 6.95862770e-01 9.25006747e-01 4.77965266e-01
    5.79687059e-02 4.03678387e-01 8.94910097e-03 4.27881420e-01
    6.71561897e-01 5.11546552e-01 8.87454450e-02 7.35028625e-01
    1.95147991e-01 6.54723167e-01 4.53848541e-01 1.91750556e-01
    5.38264513e-01 6.86706007e-01 1.87482655e-01 4.73391920e-01
    6.83640361e-01 4.51358378e-01 5.35917640e-01 4.37018692e-01
    7.71605492e-01 4.22999591e-01 7.28727341e-01 5.53916931e-01
    6.57635868e-01 9.97491360e-01 9.16528106e-02 9.12732482e-02
    7.37654448e-01 5.23228467e-01 7.97916532e-01 5.34797966e-01
    4.51891482e-01 8.18985999e-01 4.50213701e-01 4.48079228e-01
    8.07538867e-01 3.89275938e-01 2.19987333e-02 6.61778629e-01
    4.41929996e-02 7.07536101e-01 1.30392462e-01 6.83695257e-01
    4.97366130e-01 1.39815807e-01 8.13687205e-01 4.11564708e-02
    6.21846735e-01 8.67853761e-01 8.64926219e-01 4.98374313e-01
    6.63652718e-02 2.67182529e-01 2.03277856e-01 7.71068931e-02
    6.82701349e-01 7.55350232e-01 9.66686606e-01 9.04293120e-01
    9.88593936e-01 9.81724501e-01 1.97445750e-01 3.37271333e-01
    5.62099755e-01 2.70904303e-01 5.68056941e-01 8.11677277e-01
    4.55225587e-01 8.22050512e-01 2.08853513e-01 6.63639426e-01
    5.12330711e-01 6.91125453e-01 2.61184275e-01 2.71723717e-01
    2.55809158e-01 6.68812871e-01 7.08790302e-01 9.91876960e-01
    6.00465357e-01 8.43469679e-01 3.35451901e-01 1.68099314e-01
    3.54072452e-02 9.52630699e-01 7.37832308e-01 2.09049344e-01
    3.90915871e-01 9.51820314e-01 9.49618757e-01 6.52343631e-01
    6.01504922e-01 8.40351462e-01 2.46716499e-01 9.63505030e-01
    7.57853150e-01 1.21635616e-01 6.64516568e-01 1.79764748e-01
    2.30646700e-01 4.75846171e-01 7.11904228e-01 3.98714781e-01
    7.60812163e-01 7.32783258e-01 6.25681520e-01 1.81097627e-01
    9.52876449e-01 7.23435640e-01 3.31451178e-01 1.92701548e-01
    9.86423731e-01 4.84731168e-01 4.69767183e-01 6.75911427e-01
    8.47663045e-01 1.59462124e-01 7.43752122e-01 6.76921070e-01
    6.88216925e-01 1.92002684e-01 3.16239178e-01 7.52631187e-01
    6.18083477e-02 3.14703047e-01 1.07593507e-01 9.33598757e-01
    8.28936577e-01 5.29704034e-01 9.23164487e-02 8.34070802e-01
    1.32188201e-03 5.08386075e-01 1.28244907e-01 1.61846161e-01
    4.11771089e-01 4.20346290e-01 7.61531949e-01 9.55133557e-01
    3.83846700e-01 5.70235312e-01 7.79966414e-02 5.85637808e-01
    2.35979199e-01 8.45722616e-01 1.70835257e-02 6.43430710e-01
    9.39183712e-01 4.80302572e-01 2.55844057e-01 5.10004520e-01
    7.78409362e-01 1.47088736e-01 6.58487260e-01 5.41062355e-01
    9.30403352e-01 6.63853705e-01 5.93477845e-01 4.58078861e-01
    2.47541636e-01 4.95858073e-01 8.22026730e-01 3.63693476e-01
    1.49670243e-03 6.09393895e-01 2.97621280e-01 1.67719722e-01
    6.70917690e-01 8.69572520e-01 2.76613683e-01 6.29742920e-01
    5.05511105e-01 6.08283639e-01 6.81622088e-01 1.27578020e-01
    1.24806851e-01 4.17971641e-01 9.00070190e-01 1.00888282e-01
    5.44632077e-01 9.96203899e-01 8.93827438e-01 8.10701847e-01
    9.27171230e-01 3.01103890e-01 5.56478798e-02 4.19302106e-01
    5.66896677e-01 1.34051442e-02 4.72193927e-01 6.91975594e-01
    5.67629576e-01 1.01819932e-02 6.24696493e-01 6.53559744e-01
    3.51575792e-01 7.76140392e-02 9.69042778e-01 2.28817552e-01
    5.59659958e-01 1.32683754e-01 1.50099754e-01 1.08691454e-01
    9.32673335e-01 2.87684500e-02 1.75700009e-01 4.06130642e-01
    1.16248041e-01 6.22063339e-01 6.15319371e-01 2.29495466e-02
    4.94368136e-01 2.84130126e-01 5.51392257e-01 3.88660729e-01
    9.00035501e-02 8.17224085e-01 5.63374281e-01 4.20721203e-01
    5.85375845e-01 2.50979125e-01 8.54298711e-01 8.46536338e-01
    6.16180956e-01 2.78226733e-01 4.95581627e-01 6.76088631e-02
    1.72689468e-01 5.00340939e-01 3.61876607e-01 5.91321468e-01
    8.86818051e-01 5.08036077e-01 6.60227239e-01 4.91394639e-01
    3.59281480e-01 3.80565941e-01 8.33351493e-01 8.21385026e-01
    8.85052562e-01 1.89513713e-01 8.37240279e-01 1.13056958e-01
    9.95692730e-01 2.33121753e-01 4.54290569e-01 8.08030248e-01
    1.07553422e-01 2.92658865e-01 2.94660866e-01 8.17784667e-01
    6.98805749e-01 7.07116008e-01 8.77371430e-03 5.38861275e-01
    2.87929118e-01 5.52320719e-01 7.63536513e-01 3.75909090e-01
    3.70653868e-02 6.10782683e-01 6.67829156e-01 1.84972882e-01
    3.79689634e-02 3.25920820e-01 2.96573818e-01 4.83823478e-01
    8.45752656e-01 1.09555274e-01 7.19404101e-01 7.96319366e-01
    3.86884153e-01 9.20931399e-02 9.53389645e-01 3.02569926e-01
    3.84799570e-01 5.77052593e-01 8.96257758e-01 7.98899055e-01
    6.28772676e-01 1.31484866e-02 8.59351516e-01 5.80760360e-01
    9.91427481e-01 7.72865713e-02 9.45006013e-01 5.36834121e-01
    4.55073982e-01 3.78622621e-01 6.23589158e-01 5.81822515e-01
    8.40371549e-01 1.25413418e-01 8.31502974e-01 2.37082273e-01
    4.15063560e-01 3.65985572e-01 6.21896148e-01 2.94613481e-01
    4.73468274e-01 7.58844733e-01 1.32427216e-01 3.17031860e-01
    6.24923229e-01 4.46064532e-01 2.56201625e-01 1.01257682e-01
    1.47875905e-01 5.10966897e-01 8.95167291e-01 8.61188591e-01
    9.89862442e-01 3.81973743e-01 3.85605872e-01 6.74654067e-01
    9.92863178e-01 1.98874146e-01 5.63144684e-01 3.23986888e-01
    5.60203850e-01 8.03319752e-01 1.16925091e-01 2.19592214e-01
    5.20623505e-01 8.44966769e-01 8.39826822e-01 9.76384282e-01
    9.19194460e-01 1.90326303e-01 6.80831492e-01 2.18129069e-01
    1.48291290e-02 8.43260050e-01 1.56870902e-01 2.94084549e-02
    1.73899293e-01 7.30162561e-02 7.11756170e-01 2.93797612e-01
    3.45165908e-01 1.68886274e-01 9.61883605e-01 1.13432467e-01
    6.17233813e-01 1.42317891e-01 6.17313802e-01 1.52697414e-01
    8.77974153e-01 9.99336004e-01 8.83654833e-01 3.93019825e-01
    3.25165868e-01 7.17965782e-01 6.29342198e-01 3.17596585e-01
    4.93616253e-01 6.42201304e-01 9.98425663e-01 5.27460396e-01
    6.99224889e-01 2.94672966e-01 3.27104270e-01 9.52751160e-01
    1.28172427e-01 8.18245113e-02 4.15132731e-01 2.27214158e-01
    1.73049748e-01 2.12482542e-01 5.24558365e-01 6.66953087e-01
    8.02899182e-01 8.47923100e-01 3.42812836e-01 8.79843950e-01
    5.76422930e-01 7.51315057e-02 3.19109082e-01 7.53847361e-01
    5.36109984e-01 2.66380787e-01 4.28561091e-01 1.51318759e-01
    7.43484020e-01 6.70009196e-01 1.32850230e-01 4.22765851e-01
    3.09472978e-01 1.45213306e-01 6.80223882e-01 2.71721750e-01
    3.39781225e-01 5.45118511e-01 5.96877098e-01 9.50663805e-01
    8.41237307e-01 3.99460644e-01 2.89637089e-01 5.68397582e-01
    1.64101720e-01 7.68293381e-01 5.47079802e-01 5.76291144e-01
    6.89537048e-01 6.29258573e-01 3.82114619e-01 4.61571306e-01
    4.77172464e-01 7.29719877e-01 2.10206211e-01 3.01254869e-01
    4.53593284e-01 6.61747575e-01 5.53382158e-01 1.83589458e-02
    5.49107850e-01 6.05369270e-01 3.77898991e-01 2.05766052e-01
    7.25660384e-01 5.53175807e-01 8.71943414e-01 5.29924035e-02
    4.67762113e-01 3.88325751e-02 1.17550522e-01 5.64879537e-01
    1.55066639e-01 4.52300876e-01 4.33292985e-03 2.16556102e-01
    7.30649054e-01 9.59476650e-01 9.35673237e-01 5.14919043e-01
    9.89933074e-01 5.16637206e-01 9.58881915e-01 2.16638297e-01
    4.66265678e-01 7.36393929e-01 7.47016728e-01 2.00324178e-01
    1.77487671e-01 3.77242863e-01 9.13112044e-01 3.17659080e-02
    2.07140356e-01 1.14886075e-01 5.94388783e-01 3.14695716e-01
    6.84110403e-01 5.77120364e-01 1.81825757e-02 9.09032345e-01
    1.92095935e-02 3.46000165e-01 2.63260126e-01 1.83022350e-01
    1.67477846e-01 2.33746141e-01 6.79909527e-01 6.30194247e-02
    5.37463665e-01 4.99953330e-01 4.18042660e-01 2.55558372e-01
    4.68383312e-01 4.12831604e-01 5.92354655e-01 8.29865038e-01
    6.56827033e-01 3.22918594e-01 3.40044677e-01 6.86131418e-02
    1.92486107e-01 3.99333686e-01 8.99228275e-01 8.75982881e-01
    1.89456493e-01 1.57292724e-01 9.97909546e-01 4.96069133e-01
    8.65282476e-01 5.86870790e-01 1.97348416e-01 8.88678133e-01
    7.44503379e-01 8.92216563e-01 8.54037941e-01 1.91953510e-01
    8.08597445e-01 8.81657600e-01 6.68823719e-01 7.69459486e-01
    9.18983519e-02 3.32379013e-01 9.24330413e-01 5.82888365e-01
    9.30484235e-01 3.10008079e-01 5.71038067e-01 1.12804025e-01
    3.13103318e-01 4.76714104e-01 3.83762658e-01 7.39035606e-01
    6.98805749e-01 7.07116008e-01 8.77371430e-03 5.38861275e-01
    2.87929118e-01 5.52320719e-01 7.63536513e-01 3.75909090e-01
    3.70653868e-02 6.10782683e-01 6.67829156e-01 1.84972882e-01
    3.79689634e-02 3.25920820e-01 2.96573818e-01 4.83823478e-01
    8.45752656e-01 1.09555274e-01 8.99335623e-01 1.77689105e-01
    9.27585721e-01 7.06072450e-02 2.96864986e-01 8.80688727e-01
    8.39723289e-01 8.28346312e-01 6.81240082e-01 9.50043499e-02
    1.05638921e-01 3.46679807e-01 6.31080389e-01 4.27873701e-01
    2.40960807e-01 6.83480382e-01 8.66216302e-01 6.91447973e-01
    3.96828651e-01 2.24594682e-01 2.05741525e-02 1.06786579e-01
    6.62525535e-01 8.37300539e-01 9.47188437e-01 6.35835946e-01
    5.37151814e-01 3.84787917e-02 2.51681447e-01 3.36468637e-01
    5.39901555e-01 2.65151024e-01 4.20613378e-01 4.08414781e-01
    4.63598728e-01 5.41334391e-01 5.99170446e-01 7.04156220e-01
    6.85202718e-01 4.92572188e-02 4.18289274e-01 4.11279500e-02
    7.90396929e-01 9.89181519e-01 5.16767979e-01 4.13424909e-01
    4.82139677e-01 9.39077795e-01 2.69305438e-01 6.30245090e-01
    1.44969314e-01 4.21020925e-01 2.00648129e-01 5.04174471e-01
    4.91679609e-02 2.12711751e-01 9.31383312e-01 3.09543550e-01
    8.91553283e-01 5.45714796e-02 6.44533217e-01 9.87164617e-01
    4.05672401e-01 1.19957626e-02 7.85939813e-01 4.35640574e-01
    9.87551808e-01 3.72420669e-01 6.21215761e-01 4.96488571e-01
    8.96810770e-01 2.73531616e-01 4.66947496e-01 4.79218692e-01
    7.10593760e-01 9.85829532e-01 5.78074932e-01 5.49544811e-01
    6.74588799e-01 3.54839057e-01 6.75456524e-02 7.54638076e-01
    8.97178888e-01 3.33783567e-01 2.90564597e-02 7.79880524e-01
    6.08231068e-01 8.01697135e-01 2.23166883e-01 5.22745848e-01
    6.84528232e-01 7.91175246e-01 9.36272621e-01 5.65407157e-01
    8.09389472e-01 1.42708123e-01 9.04982328e-01 7.90881872e-01
    3.44219804e-01 7.20117450e-01 6.35996938e-01 6.73343837e-01
    2.01608717e-01 7.85761893e-01 3.68341208e-02 2.61036456e-02
    9.60870802e-01 2.77712315e-01 6.33578300e-01 1.47341132e-01
    5.47697246e-01 4.59077865e-01 1.86182797e-01 3.30137432e-01
    7.88035572e-01 9.05497909e-01 9.88980412e-01 9.68968749e-01
    3.69227231e-01 7.63439536e-01 9.48732615e-01 6.57074988e-01
    2.33251214e-01 5.29569447e-01 6.03017569e-01 3.51949424e-01
    9.27685499e-01 9.14004087e-01 9.69928801e-02 5.83185375e-01
    5.46731710e-01 3.54839206e-01 5.03342986e-01 7.51219690e-02
    9.02657032e-01 6.46930575e-01 5.79501390e-01 3.89487088e-01
    2.44955271e-01 9.90590334e-01 7.45556712e-01 3.27372253e-02
    2.86397159e-01 8.97360444e-02 9.52161670e-01 4.51609671e-01
    4.58585918e-01 2.11535990e-01 4.07286763e-01 2.75634736e-01
    1.84381455e-01 3.72079790e-01 8.50131750e-01 8.68498921e-01
    1.34840399e-01 8.40901375e-01 1.37036115e-01 6.30973339e-01
    5.59681296e-01 4.69402611e-01 7.26390421e-01 9.30699646e-01
    7.18806922e-01 3.87538463e-01 7.65997648e-01 4.10560250e-01
    1.56248480e-01 5.11095941e-01 5.15799701e-01 9.23343599e-02
    2.86445439e-01 6.44981980e-01 7.30631471e-01 4.20976281e-01
    2.51221716e-01 5.67553282e-01 3.80548358e-01 4.77711618e-01
    6.33749306e-01 5.17068803e-02 4.69562411e-02 9.59703565e-01
    7.23093987e-01 9.80231941e-01 6.94311023e-01 4.46857482e-01
    3.06540519e-01 2.53180742e-01 9.12297130e-01 7.49215245e-01
    1.87225670e-01 5.59233963e-01 2.46342987e-01 1.96846932e-01
    2.44566947e-01 8.98355961e-01 6.98119342e-01 4.11202967e-01
    1.47758424e-02 5.49848378e-01 2.43677527e-01 3.90517592e-01
    3.37602019e-01 9.14583385e-01 4.24743176e-01 8.11852694e-01
    7.73401380e-01 3.95322561e-01 5.49903929e-01 4.70709264e-01
    7.12977409e-01 1.25469416e-01 1.82086229e-01 9.71903682e-01
    1.39826626e-01 9.71893430e-01 1.50070399e-01 8.86193275e-01
    9.62779760e-01 3.38371962e-01 1.18645847e-01 9.68676567e-01
    4.34597433e-01 7.11782098e-01 3.51921558e-01 7.32744336e-01
    8.75528157e-02 2.28751481e-01 2.02472687e-01 3.28051984e-01
    8.42202723e-01 1.01926178e-01 1.25309050e-01 5.28841257e-01
    2.52835751e-02 7.98180699e-03 2.58661777e-01 7.51780868e-01
    1.29772663e-01 1.27490669e-01 9.66185570e-01 5.96994102e-01
    2.54778743e-01 5.75949728e-01 2.74251997e-01 6.79809034e-01
    1.58472329e-01 2.16306657e-01 4.70304877e-01 7.86134541e-01
    7.48268783e-01 5.60944557e-01 4.43930060e-01 5.49834788e-01
    2.35389173e-02 9.90366578e-01 8.99335623e-01 1.77689105e-01
    9.27585721e-01 7.06072450e-02 2.96864986e-01 8.80688727e-01
    8.39723289e-01 8.28346312e-01 6.81240082e-01 9.50043499e-02
    1.05638921e-01 3.46679807e-01 6.31080389e-01 4.27873701e-01
    2.40960807e-01 6.83480382e-01 8.66216302e-01 6.91447973e-01
    5.97021878e-02 2.09627211e-01 5.21566868e-02 2.85464525e-03
    9.13858891e-01 9.12671924e-01 8.44053030e-01 6.16900623e-01
    6.75815463e-01 9.58227217e-01 8.04439425e-01 2.44037956e-01
    9.04629230e-01 8.35729122e-01 6.82015657e-01 3.17349255e-01
    4.73284543e-01 5.37915945e-01 6.04482174e-01 7.81149089e-01
    4.60872799e-01 2.13810861e-01 7.11954713e-01 4.15786028e-01
    4.11001652e-01 6.97481513e-01 6.19356453e-01 1.40183210e-01
    6.83134377e-01 8.48960161e-01 5.20799816e-01 7.51637936e-01
    7.82684505e-01 9.39119101e-01 2.12891728e-01 7.72693753e-01
    7.38876700e-01 3.54127705e-01 9.65951204e-01 8.41700315e-01
    9.30793405e-01 6.75962389e-01 7.22425520e-01 3.27523857e-01
    3.52426678e-01 3.85580301e-01 6.98019922e-01 4.82909411e-01
    1.20033860e-01 3.28614235e-01 4.52860296e-01 3.42247933e-01
    4.56616551e-01 7.21928656e-01 8.98793578e-01 7.38901258e-01
    7.10383654e-02 1.93364382e-01 4.98804033e-01 6.75225556e-01
    1.67996109e-01 3.93294692e-01 6.71365857e-02 6.90358102e-01
    1.05243236e-01 1.67486072e-01 9.65749860e-01 3.41315567e-01
    1.27737582e-01 7.22145081e-01 5.81330061e-02 1.64220840e-01
    6.86711133e-01 1.20128810e-01 5.24716079e-02 7.12946177e-01
    7.32632518e-01 2.66510069e-01 1.91114992e-01 3.27877402e-01
    8.21034312e-02 3.05844188e-01 3.47307116e-01 2.30217427e-01
    7.52077758e-01 3.63296211e-01 4.96488184e-01 5.20458519e-01
    6.83033466e-01 4.74750400e-01 4.54774290e-01 7.83940375e-01
    7.77395129e-01 6.78093135e-01 3.19396466e-01 4.40950096e-02
    3.12957883e-01 5.87079048e-01 2.80697525e-01 7.09904194e-01
    4.95732397e-01 1.36086613e-01 7.35830903e-01 3.65957946e-01
    4.49132621e-02 9.95227933e-01 9.19556379e-01 8.52325499e-01
    5.28455377e-01 5.86322546e-01 2.45489538e-01 8.59788716e-01
    1.70189023e-01 8.43853235e-01 1.33028150e-01 5.11808276e-01
    9.80287552e-01 4.73238558e-01 6.20310009e-02 8.79270434e-01
    5.81289172e-01 6.88379109e-02 2.65883625e-01 6.73469424e-01
    1.23743773e-01 7.89625764e-01 9.52590823e-01 9.76909518e-01
    4.93114293e-02 6.85899556e-01 4.36447501e-01 5.80891967e-02
    9.88373220e-01 8.55997205e-01 6.39148295e-01 6.87683702e-01
    9.95172858e-01 7.84152567e-01 4.71612692e-01 9.79452848e-01
    2.15908587e-01 2.96657085e-02 5.61740220e-01 8.71028543e-01
    7.22082257e-01 9.86980915e-01 1.23444140e-01 5.05277336e-01
    4.35938537e-02 3.88391912e-01 5.04173338e-01 2.23904043e-01
    1.56208038e-01 6.63901210e-01 4.57098365e-01 6.07147515e-01
    5.77498674e-01 7.65483499e-01 1.16387695e-01 9.87170756e-01
    5.79196692e-01 9.33221817e-01 6.46435320e-01 7.71612883e-01
    3.89655888e-01 2.23218501e-01 3.08824182e-01 2.85123944e-01
    5.40993094e-01 8.17753911e-01 4.78729576e-01 1.12908274e-01
    3.14958811e-01 2.06764489e-01 6.29860759e-01 2.57626653e-01
    8.09203386e-02 3.76001328e-01 1.50129586e-01 6.04036987e-01
    1.13274157e-02 9.76152420e-01 1.16166115e-01 8.12182307e-01
    9.42279100e-01 2.07820266e-01 3.67777675e-01 1.25156671e-01
    7.83878207e-01 1.14263296e-01 8.10910106e-01 1.20601714e-01
    3.36932451e-01 2.43687332e-01 8.23550105e-01 8.88069928e-01
    4.25937980e-01 4.83934253e-01 3.87291282e-01 1.14787072e-01
    9.21194553e-01 5.05211890e-01 7.65904367e-01 2.92104185e-01
    7.52210617e-01 6.95500612e-01 5.95884383e-01 1.41593009e-01
    7.11540580e-01 6.47996902e-01 7.41517842e-01 1.93312496e-01
    5.47623038e-01 6.29150510e-01 6.61528111e-02 6.25735462e-01
    6.79050207e-01 9.06041265e-01 5.34023821e-01 7.88579464e-01
    5.03201127e-01 8.64800692e-01 2.31792450e-01 3.02640259e-01
    3.76393259e-01 8.24033141e-01 1.85447305e-01 6.10685945e-02
    8.58587742e-01 3.31332535e-01 2.24481195e-01 3.96742553e-01
    4.09891099e-01 5.15264690e-01 3.41271818e-01 2.51677096e-01
    4.64749157e-01 7.16958702e-01 8.95408213e-01 3.93687457e-01
    8.80920410e-01 7.46283829e-02 3.31045687e-02 7.77942479e-01
    5.27373552e-01 7.86216259e-01 8.14440370e-01 3.41097623e-01
    7.63529658e-01 6.96511269e-01 9.95999098e-01 2.73114860e-01
    6.10700965e-01 7.43891120e-01 7.13644266e-01 8.52751732e-02
    5.97021878e-02 2.09627211e-01 5.21566868e-02 2.85464525e-03
    9.13858891e-01 9.12671924e-01 8.44053030e-01 6.16900623e-01
    6.75815463e-01 9.58227217e-01 8.04439425e-01 2.44037956e-01
    9.04629230e-01 8.35729122e-01 6.82015657e-01 3.17349255e-01
    4.73284543e-01 5.37915945e-01 3.70314360e-01 6.20311141e-01
    5.63591778e-01 5.63270926e-01 2.84003675e-01 6.26432836e-01
    1.84863508e-02 3.60754013e-01 9.41839218e-02 7.41357267e-01
    9.90813076e-01 9.19693351e-01 1.12794697e-01 8.27198923e-02
    3.15030873e-01 6.83976173e-01 7.30802715e-01 3.15053463e-01
    3.95642132e-01 4.19133902e-03 6.72520280e-01 1.28290564e-01
    9.27851915e-01 2.24834621e-01 5.41853011e-01 5.03230929e-01
    6.09725595e-01 5.54384351e-01 8.94317627e-01 9.62055683e-01
    2.88371682e-01 3.71011317e-01 5.19065559e-02 3.88606846e-01
    5.87054014e-01 2.08555847e-01 1.40824139e-01 3.27401102e-01
    3.01587582e-01 4.53894466e-01 2.04976171e-01 9.63637650e-01
    4.85009134e-01 8.80217850e-01 6.38773620e-01 7.49542654e-01
    6.56677723e-01 6.65484607e-01 6.55847788e-01 8.10624182e-01
    7.02398300e-01 1.81462795e-01 5.55803895e-01 8.35913420e-01
    1.25348508e-01 1.56424582e-01 9.34139907e-01 2.46505886e-01
    7.48629093e-01 4.75231439e-01 6.32566154e-01 6.64760888e-01
    7.31113851e-01 3.37430239e-01 8.58664632e-01 1.95435256e-01
    2.87778556e-01 5.88788986e-01 6.65342033e-01 5.63201666e-01
    6.05804205e-01 1.35901570e-02 3.48283350e-01 2.22952962e-01
    7.62617707e-01 5.57069302e-01 6.57221198e-01 6.53057516e-01
    7.30559945e-01 5.92499077e-02 6.43490672e-01 4.06451166e-01
    1.85373753e-01 5.17061651e-02 6.38895690e-01 4.04484868e-01
    5.16062200e-01 1.99349225e-02 1.00046337e-01 6.01442158e-01
    8.19012225e-01 7.23785281e-01 2.29080975e-01 6.71875238e-01
    7.02857018e-01 2.24397987e-01 7.63159990e-03 9.82546329e-01
    7.96832800e-01 5.98745465e-01 8.30668747e-01 5.19134164e-01
    1.39240175e-01 1.34925604e-01 9.03996825e-01 6.25177622e-02
    9.99546826e-01 6.25388741e-01 9.32979524e-01 2.67889470e-01
    7.02452064e-01 1.17977738e-01 6.15505457e-01 7.99095750e-01
    8.47254753e-01 6.75432980e-01 1.73848361e-01 3.94246757e-01
    2.20353603e-01 9.35643733e-01 1.77339017e-02 1.07487857e-01
    8.86283517e-01 7.90730715e-01 5.51306963e-01 7.72532165e-01
    2.29932606e-01 4.38336879e-01 1.71204001e-01 3.83321941e-01
    2.57981062e-01 4.93984699e-01 7.89092422e-01 7.12099791e-01
    6.74416900e-01 8.77330065e-01 9.14271355e-01 9.46772814e-01
    8.87165964e-01 5.19258499e-01 4.53052282e-01 1.52895480e-01
    5.09989500e-01 8.25881541e-01 3.08078885e-01 7.39991665e-04
    3.59160691e-01 8.61428440e-01 7.47338235e-02 9.68825877e-01
    8.55102837e-01 7.65256643e-01 4.55993712e-01 9.95345354e-01
    1.77705288e-03 6.19228542e-01 3.78502190e-01 7.70819306e-01
    3.66570890e-01 8.40654850e-01 8.42982173e-01 7.42463708e-01
    8.40251982e-01 5.86963534e-01 5.06301045e-01 4.58013713e-02
    8.98890972e-01 9.14697409e-01 8.76258254e-01 7.61639178e-02
    6.17745757e-01 9.37314153e-01 8.64043713e-01 8.92667055e-01
    7.04742432e-01 3.74629706e-01 2.93538332e-01 9.37313557e-01
    9.55144703e-01 6.39779508e-01 6.45871878e-01 4.82299685e-01
    8.00119519e-01 2.44531810e-01 3.40538919e-01 6.20843410e-01
    5.56217551e-01 4.86368299e-01 4.40150052e-01 5.93227625e-01
    9.73859191e-01 2.10520208e-01 6.46414101e-01 7.11449146e-01
    2.85236657e-01 4.25629437e-01 2.63765335e-01 1.12015218e-01
    3.92710209e-01 2.13203609e-01 1.37977242e-01 8.54110241e-01
    9.27177668e-01 8.38264763e-01 1.92552805e-01 1.25454694e-01
    1.24650776e-01 9.12230372e-01 7.00023890e-01 6.60280704e-01
    3.84211183e-01 5.35652339e-02 1.17802382e-01 1.07163548e-01
    1.29429877e-01 4.30447459e-02 6.30064666e-01 2.70441175e-03
    1.43018782e-01 8.20838571e-01 5.08284271e-02 6.62327230e-01
    3.94323051e-01 6.58679426e-01 4.86518919e-01 9.63377833e-01
    5.07208347e-01 4.27335888e-01 4.06525075e-01 1.88287377e-01
    5.70585728e-01 1.92558467e-01 9.63726521e-01 5.63127100e-01
    5.35684228e-01 8.65125299e-01 1.16953045e-01 5.57001412e-01
    4.63294536e-01 3.96870136e-01 8.82164896e-01 9.40263033e-01
    7.99447775e-01 5.44051647e-01 4.63494390e-01 7.25563049e-01
    3.74676943e-01 7.82926440e-01 6.65368080e-01 8.33031356e-01
    6.65531218e-01 3.02530527e-01 8.31784129e-01 7.28861630e-01
    1.96651816e-01 7.52989888e-01 3.70314360e-01 6.20311141e-01
    5.63591778e-01 5.63270926e-01 2.84003675e-01 6.26432836e-01
    1.84863508e-02 3.60754013e-01 9.41839218e-02 7.41357267e-01
    9.90813076e-01 9.19693351e-01 1.12794697e-01 8.27198923e-02
    3.15030873e-01 6.83976173e-01 7.30802715e-01 3.15053463e-01
    1.34491324e-01 7.43352592e-01 4.74666655e-02 7.51934052e-01
    2.42124677e-01 1.60262674e-01 8.58647227e-01 8.11827600e-01
    9.52474833e-01 4.72280294e-01 6.41420305e-01 1.57625765e-01
    2.03483671e-01 4.34005022e-01 1.74080998e-01 1.72225535e-02
    9.24388170e-01 4.44743365e-01 6.83347285e-01 4.37154740e-01
    8.62261951e-01 8.39241743e-01 7.75352955e-01 9.57258463e-01
    2.64684439e-01 6.04607046e-01 5.48084676e-01 5.45420408e-01
    1.61624163e-01 5.22104144e-01 6.67521119e-01 3.84998471e-01
    4.00703669e-01 5.26984811e-01 9.01534200e-01 7.90266395e-01
    2.09269762e-01 4.80606794e-01 2.63883471e-01 5.55644929e-01
    5.83008409e-01 8.82632792e-01 3.03605795e-01 7.16773212e-01
    4.96653587e-01 9.37397361e-01 7.40936875e-01 4.29733962e-01
    8.87840629e-01 9.89596248e-01 2.86667049e-02 3.88193011e-01
    1.12130642e-01 5.77095628e-01 2.80164778e-01 6.12773895e-02
    2.82354057e-01 3.64031971e-01 2.62040496e-01 7.67588198e-01
    4.41013217e-01 1.33957595e-01 9.66842651e-01 6.58661008e-01
    7.81924427e-02 8.39824080e-02 2.30230838e-01 3.28975827e-01
    7.13809550e-01 8.63529742e-01 9.99595404e-01 5.60913503e-01
    8.64483833e-01 8.40063691e-01 3.09888691e-01 4.08809483e-01
    4.19604301e-01 2.05308557e-01 3.05803388e-01 1.00309610e-01
    1.56112969e-01 6.42407894e-01 1.42500788e-01 9.92269397e-01
    2.56813884e-01 1.50933415e-01 9.30627048e-01 2.13866234e-01
    5.87509036e-01 7.99841046e-01 7.19853461e-01 4.96658951e-01
    9.81901169e-01 4.61545587e-02 8.78429830e-01 2.57273734e-01
    6.15015268e-01 9.61371183e-01 3.96957785e-01 2.57617205e-01
    4.02730703e-03 4.63586807e-01 7.80281484e-01 2.77872860e-01
    3.22536349e-01 4.78933752e-01 1.06994629e-01 8.57331634e-01
    9.25519586e-01 2.40320683e-01 9.22341466e-01 4.98616129e-01
    9.29938197e-01 6.45312011e-01 4.66469765e-01 4.07735705e-01
    3.62990201e-01 8.97444069e-01 5.81444442e-01 2.76423514e-01
    9.42068696e-01 6.36076927e-01 7.20864296e-01 4.35517639e-01
    9.37711954e-01 2.35832274e-01 5.22051156e-02 6.62210882e-01
    7.36317694e-01 5.55107832e-01 2.96745002e-01 7.09073067e-01
    7.50221372e-01 7.74598718e-02 9.24703479e-01 3.12674046e-02
    8.59438777e-01 1.79510295e-01 4.85581726e-01 7.38279164e-01
    4.74534363e-01 3.95922184e-01 1.97665513e-01 5.99874139e-01
    2.00113147e-01 3.90086114e-01 4.57712084e-01 8.06158364e-01
    1.67757332e-01 7.68185496e-01 7.49029517e-01 9.95596051e-01
    8.04610610e-01 3.72790813e-01 4.05768633e-01 4.77272749e-01
    9.97749686e-01 7.72777200e-03 2.12808877e-01 7.58502364e-01
    2.48401970e-01 3.82819176e-01 7.23718226e-01 3.42694163e-01
    2.00536132e-01 6.32730126e-01 8.04579735e-01 8.82672191e-01
    6.82257414e-02 6.20847702e-01 5.78070581e-02 5.23426056e-01
    4.93542105e-01 3.18636596e-02 5.34496009e-02 8.14163387e-01
    3.47361118e-01 1.43423200e-01 3.35782439e-01 7.03055382e-01
    9.29813862e-01 4.04173434e-01 9.41759109e-01 2.14571446e-01
    7.41449177e-01 2.57542729e-01 4.70488787e-01 1.14740729e-01
    5.15455008e-03 1.50620461e-01 5.16250491e-01 4.80269194e-02
    5.31195164e-01 3.97951782e-01 2.66280949e-01 6.97402358e-02
    3.26859325e-01 7.47779667e-01 9.35446620e-01 6.37663722e-01
    6.94778621e-01 7.90273547e-01 2.98747838e-01 5.95128953e-01
    9.18348730e-01 6.47271276e-01 7.53958344e-01 8.58488262e-01
    1.15948081e-01 6.56287193e-01 6.22207582e-01 9.15056705e-01
    2.04311520e-01 9.12279367e-01 5.48813343e-01 8.43434095e-01
    2.21601248e-01 5.72158694e-01 9.14264679e-01 8.89471650e-01
    6.53209984e-01 1.76531017e-01 5.45395374e-01 1.38343662e-01
    7.51730919e-01 4.27952439e-01 8.07244778e-02 4.85955596e-01
    6.83401704e-01 5.07498980e-01 1.10920578e-01 8.79334688e-01
    2.68296212e-01 7.91245461e-01 7.54382193e-01 5.39327085e-01
    5.29629409e-01 2.33350784e-01 5.47558010e-01 4.11162734e-01
    7.96655178e-01 2.16155589e-01 3.23063314e-01 6.72748685e-03
    1.89442635e-01 1.40550286e-01 3.53403270e-01 3.89997035e-01
    5.31791031e-01 3.99806350e-01 3.84677351e-02 3.63599956e-02
    2.44547248e-01 7.28926659e-01 3.07302952e-01 4.62804794e-01
    1.34491324e-01 7.43352592e-01 4.74666655e-02 7.51934052e-01
    2.42124677e-01 1.60262674e-01 8.58647227e-01 8.11827600e-01
    9.52474833e-01 4.72280294e-01 6.41420305e-01 1.57625765e-01
    2.03483671e-01 4.34005022e-01 1.74080998e-01 1.72225535e-02
    9.24388170e-01 4.44743365e-01 1.74444258e-01 7.58602977e-01
    5.29104233e-01 3.75338227e-01 9.49877679e-01 9.62504983e-01
    7.61540532e-01 5.57945013e-01 1.93123072e-01 5.19229233e-01
    8.85118604e-01 3.32323313e-01 2.13836998e-01 6.76883221e-01
    6.39696300e-01 2.98216343e-01 9.79587436e-01 5.67742825e-01
    3.47514868e-01 6.02810800e-01 6.86018765e-01 4.26715672e-01
    9.15133476e-01 7.75850832e-01 3.68653953e-01 8.19902420e-02
    9.91473377e-01 7.95870543e-01 6.36889815e-01 3.57059836e-01
    5.72701931e-01 7.19286323e-01 4.94170636e-01 9.70332026e-02
    8.32907081e-01 9.80519474e-01 2.49158889e-01 1.46225661e-01
    3.09210777e-01 2.66453743e-01 7.60868490e-01 4.11527216e-01
    4.39649165e-01 7.42036939e-01 9.90583777e-01 4.45948839e-01
    4.11680639e-02 4.51356173e-04 2.85931379e-01 9.98005867e-01
    5.40461540e-01 8.83434832e-01 3.08652848e-01 1.85539663e-01
    8.01899254e-01 4.08094078e-01 4.77240086e-02 3.09855551e-01
    6.08709335e-01 3.08515489e-01 2.54259169e-01 7.70967364e-01
    4.79858667e-01 9.93502855e-01 2.45908946e-01 2.56441265e-01
    1.91618115e-01 4.11530614e-01 7.30578721e-01 1.85330629e-01
    7.10755885e-02 9.50744569e-01 7.11617351e-01 8.34369659e-01
    8.52910161e-01 4.11601901e-01 5.04713178e-01 3.45673025e-01
    5.71172059e-01 4.93479013e-01 2.62855709e-01 1.76929235e-01
    4.13637578e-01 7.27574825e-01 4.62320447e-03 6.51454270e-01
    6.27003908e-01 1.11010671e-02 8.71982217e-01 1.15181655e-01
    2.33255804e-01 4.04114902e-01 3.93434376e-01 1.95617586e-01
    4.72207785e-01 8.00218225e-01 3.02859247e-01 8.18252861e-02
    4.68947738e-01 7.26271510e-01 2.00613409e-01 1.14710897e-01
    4.22822058e-01 7.82698274e-01 2.67910600e-01 6.14727139e-02
    9.14207458e-01 1.47057265e-01 6.00508928e-01 2.06496179e-01
    6.14500761e-01 4.65600014e-01 7.80433178e-01 9.80141163e-02
    2.48256862e-01 9.77657199e-01 8.34470510e-01 3.90939146e-01
    8.24082196e-01 3.42501223e-01 2.55495042e-01 9.51459408e-01
    4.79380339e-01 2.31527478e-01 3.23481321e-01 5.96392751e-01
    3.62669170e-01 1.76544517e-01 7.36326277e-02 1.36043012e-01
    7.80857265e-01 6.41856551e-01 5.57142138e-01 3.57651532e-01
    1.37425452e-01 7.01029062e-01 1.87313348e-01 1.02805763e-01
    5.48151195e-01 1.13412201e-01 2.44324923e-01 9.63908732e-01
    5.45114875e-02 8.95311117e-01 8.56385231e-01 2.44586706e-01
    4.08991814e-01 8.13636184e-02 2.03846246e-01 9.96639013e-01
    5.08248389e-01 8.87026012e-01 4.75290924e-01 1.49073392e-01
    2.31835604e-01 1.47795707e-01 3.33694637e-01 5.40642977e-01
    3.96061838e-02 3.07989895e-01 5.02827346e-01 4.86992925e-01
    3.76599133e-01 4.12720770e-01 4.76927340e-01 8.61167312e-01
    9.73996401e-01 7.84746110e-01 4.97010320e-01 9.18366551e-01
    2.52898097e-01 2.74000943e-01 8.77714157e-01 6.37473345e-01
    3.35626334e-01 2.49160409e-01 2.27796763e-01 8.64119589e-01
    1.91106915e-01 9.02006984e-01 2.25556940e-01 1.49191618e-01
    4.47893202e-01 6.20069802e-01 1.15260512e-01 4.79493827e-01
    7.98605323e-01 6.96249008e-01 3.21892172e-01 1.35562986e-01
    9.63950992e-01 1.31003559e-02 9.19555426e-02 6.60414219e-01
    7.67466545e-01 6.19004607e-01 1.16083771e-01 1.55991226e-01
    1.97773904e-01 7.27688313e-01 1.42300189e-01 5.20194829e-01
    2.68311679e-01 1.53383344e-01 3.09934318e-01 1.04164213e-01
    1.28716528e-02 2.89466560e-01 4.63932335e-01 5.83365262e-02
    7.84275711e-01 5.40301204e-01 1.35629028e-01 9.17728245e-01
    3.62111241e-01 6.30449355e-01 5.24002016e-02 9.71407413e-01
    2.77429789e-01 3.30702633e-01 8.81459355e-01 4.32360202e-01
    2.00763732e-01 5.93588293e-01 2.14023322e-01 3.98938179e-01
    4.51499969e-01 5.05999744e-01 8.17762017e-01 1.13728702e-01
    9.23412323e-01 9.03238416e-01 9.10532415e-01 5.35347164e-01
    5.64921498e-02 5.13216555e-01 1.90403789e-01 5.67280054e-01
    2.99739420e-01 9.60400224e-01 2.43604928e-01 9.01624322e-01
    8.67901087e-01 9.48557556e-01 5.75541675e-01 5.54024279e-02
    3.82624865e-01 5.27405977e-01 1.60537153e-01 8.29456449e-02
    6.81947827e-01 9.94607508e-01 6.06876373e-01 8.34587872e-01
    2.00167984e-01 2.62179136e-01 1.74444258e-01 7.58602977e-01
    5.29104233e-01 3.75338227e-01 9.49877679e-01 9.62504983e-01
    7.61540532e-01 5.57945013e-01 1.93123072e-01 5.19229233e-01
    8.85118604e-01 3.32323313e-01 2.13836998e-01 6.76883221e-01
    6.39696300e-01 2.98216343e-01 9.79587436e-01 5.67742825e-01
    8.69626522e-01 5.88744938e-01 8.27544391e-01 6.14889205e-01
    2.57167220e-01 7.71588802e-01 3.44498783e-01 3.43907654e-01
    2.75880694e-01 6.93006396e-01 2.26548433e-01 3.35649997e-01
    7.56842494e-01 5.20002961e-01 3.38339508e-02 4.55296576e-01
    1.45638257e-01 1.81135535e-01 9.04898763e-01 5.00443578e-02
    6.55265093e-01 6.86901927e-01 9.04583097e-01 9.83667254e-01
    2.79033184e-01 5.86409390e-01 2.22305089e-01 3.48524958e-01
    2.44159549e-01 8.18914533e-01 1.25484407e-01 1.63120121e-01
    3.83862436e-01 4.41126764e-01 1.15534097e-01 5.41554868e-01
    1.21465415e-01 2.38426447e-01 8.92750323e-01 8.19843709e-01
    1.24496937e-01 9.09514308e-01 8.07829380e-01 9.26443040e-02
    8.74529004e-01 2.82541037e-01 1.19017363e-02 9.16285634e-01
    2.45151639e-01 4.17693704e-01 5.26997387e-01 8.32218170e-01
    1.23018861e-01 8.14230978e-01 9.55257297e-01 4.25230742e-01
    5.91025293e-01 9.62570190e-01 2.01751888e-02 5.07520258e-01
    1.67582750e-01 6.19483292e-02 3.07532340e-01 3.29392612e-01
    7.63154626e-02 6.53350055e-01 2.29387164e-01 3.68587375e-01
    3.43392640e-01 1.43078327e-01 8.42349529e-01 3.51630121e-01
    2.24490732e-01 2.14916795e-01 6.40128553e-01 9.92922544e-01
    1.42666131e-01 4.91841435e-01 4.80260819e-01 7.08548307e-01
    1.53933167e-02 9.63737488e-01 8.88071716e-01 3.84373248e-01
    9.38323736e-01 2.55649984e-02 6.23325706e-01 4.91059601e-01
    5.68268895e-01 1.44364029e-01 7.48789907e-01 6.90933526e-01
    1.74880356e-01 3.51481497e-01 6.31164432e-01 5.00309348e-01
    1.50540888e-01 5.01044691e-02 1.47499293e-01 3.05166066e-01
    5.90051532e-01 8.13321948e-01 8.84651303e-01 5.76272130e-01
    7.85968065e-01 4.72721130e-01 5.66966593e-01 9.03515100e-01
    9.41791177e-01 2.48048931e-01 7.84363329e-01 3.08556885e-01
    2.94058830e-01 5.37182689e-01 8.78914893e-01 4.39151049e-01
    8.03641081e-02 4.17959720e-01 3.35980058e-01 2.66937017e-01
    9.73511338e-02 9.12149549e-01 1.88419342e-01 1.36494517e-01
    4.98450935e-01 3.84967029e-01 5.01999140e-01 6.62668049e-01
    4.84277934e-01 3.07087392e-01 6.41073465e-01 6.10026121e-02
    2.00219452e-02 6.16259694e-01 2.91024476e-01 6.40150964e-01
    6.52720928e-01 8.49484921e-01 3.10574114e-01 9.32282686e-01
    2.30497122e-03 8.38858962e-01 5.45793056e-01 4.37555164e-01
    4.41863835e-01 1.10510230e-01 5.42023242e-01 6.82950914e-02
    6.52773440e-01 2.26281226e-01 4.06419635e-02 5.45132220e-01
    2.85553813e-01 7.68370509e-01 6.72671735e-01 3.08759511e-02
    4.08190548e-01 7.75474191e-01 6.27346337e-01 1.36703432e-01
    8.10443044e-01 7.25479364e-01 4.47993577e-02 1.86899602e-02
    1.00490957e-01 1.85520887e-01 8.46071243e-01 4.53198344e-01
    8.92670333e-01 7.66935050e-02 6.62347317e-01 1.97392672e-01
    7.77605772e-01 2.12502003e-01 7.42915869e-02 1.42320246e-01
    2.39591599e-02 6.07887447e-01 7.43829370e-01 4.30426419e-01
    2.27356881e-01 8.65324378e-01 1.50992572e-01 5.43187737e-01
    1.07526630e-01 3.41724396e-01 7.68712759e-01 6.89507902e-01
    9.64111984e-02 7.77311087e-01 5.24988472e-01 8.28589797e-02
    5.62164247e-01 5.04803598e-01 9.26044941e-01 2.00462848e-01
    5.85077167e-01 2.30343252e-01 7.07681656e-01 3.26294303e-01
    8.91629934e-01 3.12443852e-01 2.44081199e-01 5.18509746e-01
    9.29996610e-01 8.95514369e-01 8.28316748e-01 2.84668475e-01
    9.10171628e-01 9.04650092e-02 1.89741790e-01 6.48917079e-01
    3.08081985e-01 6.44027174e-01 6.12593532e-01 6.61444902e-01
    6.09808087e-01 4.54313695e-01 1.24908656e-01 8.26459646e-01
    8.19287539e-01 6.59610093e-01 7.59625793e-01 5.07120967e-01
    2.48871148e-02 8.31175089e-01 3.38562131e-01 2.47216195e-01
    9.11755085e-01 7.80271053e-01 4.98724490e-01 5.73937118e-01
    1.27124399e-01 4.39755499e-01 6.78030968e-01 8.02570939e-01
    2.15647519e-02 1.61286473e-01 8.75733614e-01 9.89893138e-01
    2.14862823e-03 1.60378218e-03 2.32533306e-01 6.77834034e-01
    4.20628250e-01 6.47940874e-01 8.95782888e-01 4.99699712e-01
    2.53510177e-02 7.49729991e-01 5.87067902e-01 3.76319885e-03
    6.74113333e-02 4.37738180e-01 9.46857333e-01 6.84994340e-01
    8.69626522e-01 5.88744938e-01 8.27544391e-01 6.14889205e-01
    2.57167220e-01 7.71588802e-01 3.44498783e-01 3.43907654e-01
    2.75880694e-01 6.93006396e-01 2.26548433e-01 3.35649997e-01
    7.56842494e-01 5.20002961e-01 3.38339508e-02 4.55296576e-01
    1.45638257e-01 1.81135535e-01 7.55010903e-01 4.10840213e-02
    1.78487539e-01 6.13099933e-01 4.54958379e-02 6.89218640e-01
    5.85162103e-01 1.16080165e-01 6.88831210e-01 8.35867345e-01
    1.51099741e-01 8.88045192e-01 1.35582387e-01 8.06883454e-01
    4.85271335e-01 3.46407890e-02 3.05934489e-01 7.53912747e-01
    1.12360269e-01 5.27044535e-01 5.40401995e-01 7.04645157e-01
    5.18436134e-01 4.66688186e-01 7.23281085e-01 1.54087335e-01
    1.52815729e-01 8.33117127e-01 7.77025521e-02 4.91434336e-01
    6.09791994e-01 9.81868804e-01 9.80245829e-01 6.36538625e-01
    6.19111776e-01 7.56887317e-01 1.10939473e-01 3.09117138e-01
    3.98251742e-01 6.98293328e-01 9.26733971e-01 9.51783359e-02
    8.49061131e-01 6.00766182e-01 3.06009531e-01 7.93948650e-01
    8.09988856e-01 5.86703420e-01 2.02094972e-01 8.83539021e-02
    7.05945849e-01 1.31280899e-01 1.17049605e-01 6.92212105e-01
    5.41920960e-02 2.23277509e-02 9.05611396e-01 4.09096003e-01
    8.10400128e-01 8.04228067e-01 9.44734812e-01 7.60296941e-01
    6.62780643e-01 4.29584235e-01 6.93028569e-02 1.05065912e-01
    6.07353032e-01 1.10042095e-02 4.02004600e-01 5.40385902e-01
    7.32722282e-01 8.65112901e-01 7.42286503e-01 6.39296234e-01
    3.45589936e-01 5.85034192e-02 4.47279215e-01 4.06277657e-01
    4.30362821e-01 3.43470424e-01 7.21808016e-01 9.08499599e-01
    6.42629504e-01 3.15953285e-01 3.75840068e-02 9.02584493e-01
    1.21200323e-01 3.93715352e-01 6.76838994e-01 5.17205179e-01
    4.45049644e-01 7.29748249e-01 8.84934783e-01 7.81724751e-02
    1.74711376e-01 5.85217953e-01 3.18843365e-01 7.27707922e-01
    5.41376114e-01 5.68427324e-01 8.43299985e-01 4.94844437e-01
    2.05062330e-01 4.00182962e-01 2.75513202e-01 8.87675524e-01
    7.02412188e-01 8.88907969e-01 8.46940160e-01 7.85325170e-02
    4.32939708e-01 9.42464232e-01 2.90088624e-01 5.53833544e-01
    1.63372099e-01 1.84505224e-01 9.30404305e-01 5.52318692e-01
    6.34876192e-01 8.26734006e-01 1.05239451e-02 4.17931736e-01
    3.20551157e-01 5.80252409e-01 1.71449274e-01 1.11879885e-01
    5.11126041e-01 9.66856718e-01 5.81573844e-02 9.52442884e-02
    4.97157782e-01 2.49057978e-01 8.47022951e-01 4.45261717e-01
    9.96429443e-01 6.42474174e-01 7.20055044e-01 8.03283095e-01
    3.57607037e-01 9.32013750e-01 1.58469886e-01 6.71128154e-01
    6.41602159e-01 4.29142386e-01 2.81942070e-01 3.36464256e-01
    3.11050832e-01 5.38390458e-01 9.60068583e-01 7.74721384e-01
    5.78606725e-02 6.03950977e-01 2.31538862e-01 4.31996673e-01
    6.09532773e-01 6.93885624e-01 3.55367541e-01 6.26436770e-01
    7.62727618e-01 9.88137484e-01 1.71475410e-01 5.67383230e-01
    6.40647054e-01 6.76278532e-01 7.07523346e-01 9.07287896e-01
    9.56995487e-02 1.18304789e-02 4.82438475e-01 5.51745594e-01
    4.18160766e-01 1.77285075e-01 7.65887558e-01 3.60819131e-01
    6.00590229e-01 2.05520689e-01 6.45481884e-01 4.98708814e-01
    5.04152596e-01 3.76331568e-01 8.20816755e-02 8.26940060e-01
    5.37021697e-01 3.52653563e-02 1.29021436e-01 3.51141572e-01
    5.24519384e-01 9.89564300e-01 3.47751856e-01 1.26478076e-01
    1.65223032e-01 8.91371369e-01 4.72537458e-01 8.55503738e-01
    1.28573716e-01 4.73817050e-01 1.23846233e-01 8.34612072e-01
    7.15627015e-01 2.64584422e-01 8.90495300e-01 1.78913206e-01
    8.29453528e-01 3.36977422e-01 5.06757736e-01 1.37672186e-01
    1.38152421e-01 2.19984353e-01 6.24460936e-01 5.04547000e-01
    8.39771092e-01 5.58253407e-01 6.83246613e-01 6.14984691e-01
    6.89546585e-01 5.87070704e-01 3.11626256e-01 2.80214518e-01
    8.85101199e-01 8.92748356e-01 7.59828329e-01 8.21661115e-01
    6.62732720e-01 8.37320805e-01 5.26754081e-01 9.10010099e-01
    4.96790230e-01 7.29552448e-01 7.03659654e-03 3.60148758e-01
    4.14390624e-01 9.95642304e-01 7.47365236e-01 8.36568952e-01
    3.46724212e-01 5.35033941e-01 9.78927791e-01 2.20785469e-01
    7.07433760e-01 3.13988626e-01 6.99616432e-01 5.73737860e-01
    4.53392744e-01 1.91513240e-01 1.52223796e-01 3.58064771e-01
    2.05631495e-01 2.53023148e-01 4.18790698e-01 8.83726001e-01
    7.67083168e-02 9.33274627e-02 6.32954836e-01 6.20907128e-01
    3.16839695e-01 4.55470562e-01 7.55010903e-01 4.10840213e-02
    1.78487539e-01 6.13099933e-01 4.54958379e-02 6.89218640e-01
    5.85162103e-01 1.16080165e-01 6.88831210e-01 8.35867345e-01
    1.51099741e-01 8.88045192e-01 1.35582387e-01 8.06883454e-01
    4.85271335e-01 3.46407890e-02 3.05934489e-01 7.53912747e-01
    6.05660021e-01 7.18850493e-01 9.47769761e-01 5.90565443e-01
    1.37073576e-01 6.78372979e-02 4.98525709e-01 4.83241439e-01
    4.50971603e-01 2.21328884e-01 7.48414516e-01 2.27023959e-01
    7.21902549e-01 4.96387959e-01 2.18962371e-01 2.03319728e-01
    5.47540963e-01 1.70005322e-01 8.94447267e-02 1.79749727e-03
    7.60112882e-01 2.99683511e-01 7.42521286e-01 8.60525489e-01
    3.55718136e-01 1.09592885e-01 5.43508410e-01 8.50323498e-01
    5.18678963e-01 1.67554706e-01 7.86612034e-01 5.16926050e-02
    4.39558595e-01 8.84807944e-01 7.70267904e-01 1.13256156e-01
    4.72176254e-01 6.77426100e-01 8.95883083e-01 9.94502485e-01
    6.86464429e-01 1.47542208e-01 2.56393015e-01 3.88132751e-01
    4.28299099e-01 9.80317116e-01 5.67714989e-01 5.96907735e-01
    4.50169057e-01 2.31516153e-01 4.91805553e-01 6.31365240e-01
    7.85228729e-01 7.16666818e-01 7.75511801e-01 7.39252150e-01
    2.64140218e-01 8.49374175e-01 7.36994445e-01 3.13262999e-01
    9.31849778e-01 1.21010542e-02 4.78376240e-01 8.62524152e-01
    2.13256627e-01 7.76947856e-01 6.15839601e-01 5.74119806e-01
    1.17627978e-01 2.40954429e-01 2.54295379e-01 5.79711080e-01
    4.78692710e-01 6.79172516e-01 9.39690351e-01 3.38203371e-01
    8.66739988e-01 4.22186822e-01 6.31744146e-01 3.76423299e-01
    2.08618879e-01 9.28901911e-01 1.71712041e-01 9.86849666e-01
    1.78569257e-01 6.64858699e-01 6.67173326e-01 3.85726720e-01
    8.18871975e-01 7.46031642e-01 9.93233204e-01 4.62957054e-01
    2.13683933e-01 5.60999393e-01 4.80508268e-01 6.18116260e-01
    8.96793246e-01 5.58654964e-01 6.10936642e-01 3.54984134e-01
    8.88288260e-01 3.43564570e-01 8.61562610e-01 5.69987893e-02
    7.74593592e-01 1.89377367e-02 4.04857278e-01 1.94972754e-01
    5.57646632e-01 1.02969170e-01 5.02301455e-01 3.64065081e-01
    5.97262502e-01 9.09645259e-02 9.08108950e-01 7.58596659e-02
    5.05744517e-02 7.44401395e-01 5.82148969e-01 3.33522916e-01
    4.32909846e-01 8.65763962e-01 2.53913879e-01 3.28112483e-01
    3.92155707e-01 5.27126193e-01 1.58089399e-03 4.80944991e-01
    1.84373736e-01 2.34452218e-01 6.73976779e-01 2.21543640e-01
    9.47554946e-01 1.06753051e-01 3.15259755e-01 6.90712750e-01
    6.53295457e-01 9.00569916e-01 7.65265346e-01 8.27430964e-01
    4.99625921e-01 7.88182139e-01 5.11181295e-01 4.87596482e-01
    2.62638032e-02 4.69596744e-01 1.73976392e-01 2.61422843e-01
    7.78829634e-01 1.93278134e-01 6.88795805e-01 6.15854621e-01
    5.79589486e-01 3.79389942e-01 4.32678759e-02 3.28071982e-01
    9.37316120e-02 6.71998978e-01 7.54269242e-01 3.04464877e-01
    3.54292661e-01 4.60331261e-01 7.30051041e-01 3.07686985e-01
    9.35441732e-01 6.69703484e-01 2.30656654e-01 5.13624907e-01
    5.83125234e-01 4.22835380e-01 8.19567800e-01 8.72156620e-01
    8.42867374e-01 1.55052722e-01 1.18090361e-01 2.57827044e-02
    2.64300168e-01 1.20244801e-01 5.42682171e-01 4.07862276e-01
    9.83110130e-01 8.29415500e-01 3.58167827e-01 3.96597207e-01
    5.13892651e-01 4.21073139e-02 6.73980474e-01 2.92343855e-01
    6.47368491e-01 1.88897252e-02 1.87170804e-02 4.01179194e-01
    4.10798013e-01 2.56425381e-01 6.99236751e-01 9.13561106e-01
    7.07639992e-01 4.88324106e-01 5.51569641e-01 4.32774633e-01
    3.86677533e-01 8.10618639e-01 9.32263970e-01 3.14620495e-01
    8.06831598e-01 4.26935166e-01 4.82195318e-02 7.32114553e-01
    1.41394228e-01 2.64115542e-01 5.79468369e-01 6.95035219e-01
    2.44586021e-01 3.73452365e-01 6.05053902e-02 9.68667984e-01
    5.38734436e-01 2.87107766e-01 4.64247823e-01 9.03015852e-01
    7.52908111e-01 6.80611134e-02 2.17756003e-01 5.09050131e-01
    6.96412385e-01 3.65595579e-01 6.60678267e-01 3.92764807e-02
    4.33458507e-01 6.34063363e-01 9.38849449e-01 9.29512262e-01
    3.88304621e-01 6.84557378e-01 9.53616738e-01 7.72163868e-01
    6.08407855e-01 3.99184287e-01 7.43833482e-02 9.66104388e-01
    3.10202420e-01 3.14580202e-01 3.66337001e-02 5.14302909e-01
    5.34735322e-01 3.75666916e-02 8.51719975e-01 3.76790404e-01
    2.38555282e-01 7.92719603e-01 4.57943141e-01 3.79181206e-02
    3.82252991e-01 9.14379001e-01 9.42749202e-01 6.17525220e-01
    6.05660021e-01 7.18850493e-01 9.47769761e-01 5.90565443e-01
    1.37073576e-01 6.78372979e-02 4.98525709e-01 4.83241439e-01
    4.50971603e-01 2.21328884e-01 7.48414516e-01 2.27023959e-01
    7.21902549e-01 4.96387959e-01 2.18962371e-01 2.03319728e-01
    5.47540963e-01 1.70005322e-01 9.91845489e-01 4.26613361e-01
    4.43570316e-02 6.75711811e-01 1.74485326e-01 6.06684804e-01
    4.20640260e-01 4.10113573e-01 2.38114566e-01 5.82566857e-02
    8.92207921e-01 7.75052071e-01 9.22397256e-01 6.84554338e-01
    7.54169583e-01 5.64734578e-01 1.44891024e-01 5.22047579e-01
    7.30740428e-01 5.01687229e-01 2.81850398e-01 9.52432096e-01
    7.16138482e-01 2.60083616e-01 2.93883622e-01 1.08285546e-01
    9.42181110e-01 6.45039678e-01 8.08525920e-01 2.22675145e-01
    5.76417387e-01 4.39548939e-01 3.80400717e-02 8.59755576e-02
    3.11338991e-01 8.56503665e-01 5.81654906e-03 8.03629041e-01
    6.75376415e-01 8.17981005e-01 1.60986423e-01 5.68026006e-01
    5.89783430e-01 4.64218616e-01 9.29989994e-01 4.77843791e-01
    5.05113423e-01 9.26510572e-01 2.15542525e-01 1.61680907e-01
    2.54586577e-01 7.23326325e-01 1.22172594e-01 2.14662731e-01
    3.96617919e-01 1.43578231e-01 3.12548399e-01 5.16300976e-01
    8.63220692e-01 3.92982364e-03 5.14884353e-01 4.06277686e-01
    5.28874815e-01 5.47925711e-01 6.84242070e-01 5.82296669e-01
    8.25538933e-02 7.35574484e-01 6.37632012e-01 3.84112239e-01
    4.01702762e-01 5.75068951e-01 7.76240230e-02 8.69575918e-01
    2.67008066e-01 5.17645538e-01 4.44635779e-01 5.14707685e-01
    7.20538616e-01 4.35239315e-01 1.10067993e-01 9.76978838e-01
    1.04694128e-01 1.42414004e-01 8.36877227e-01 7.08759606e-01
    1.83384538e-01 8.98518085e-01 3.96842808e-01 2.94142693e-01
    6.99486732e-01 1.90713435e-01 6.62700236e-01 4.03240263e-01
    5.75850904e-02 7.14035571e-01 1.26716346e-01 9.56537724e-01
    8.40705335e-01 5.63119888e-01 1.84310257e-01 4.92382854e-01
    8.53669167e-01 9.36874866e-01 9.69673514e-01 6.37761593e-01
    4.80359375e-01 2.96479583e-01 7.78460860e-01 9.31954086e-01
    3.78225923e-01 4.53335822e-01 7.52494454e-01 6.18930519e-01
    5.06949782e-01 8.57838035e-01 5.72814822e-01 1.70708954e-01
    5.45488536e-01 9.89849567e-01 4.66687500e-01 1.51264876e-01
    5.81505060e-01 7.95057356e-01 8.63958716e-01 2.40734726e-01
    5.47714353e-01 5.81985712e-01 6.21682525e-01 9.67410445e-01
    4.49123502e-01 7.12809741e-01 2.04014182e-02 5.05549848e-01
    2.07559884e-01 8.76614451e-03 6.38217390e-01 8.30309808e-01
    3.59173357e-01 8.87587726e-01 9.73246634e-01 8.26107085e-01
    2.40925193e-01 8.85428011e-01 8.05121183e-01 7.97192931e-01
    4.86849457e-01 7.07847536e-01 9.00580287e-01 1.45695329e-01
    4.82042551e-01 1.16982877e-01 8.08309317e-01 9.12826657e-01
    3.41827393e-01 1.05508387e-01 5.79394400e-02 8.63474131e-01
    4.98899549e-01 6.89377308e-01 5.46938717e-01 8.40097785e-01
    5.39816320e-01 2.85418779e-01 1.18328333e-01 3.48963499e-01
    2.28645116e-01 1.81613714e-01 1.22352213e-01 8.15969586e-01
    6.19085312e-01 9.90272641e-01 8.59747767e-01 4.20405805e-01
    8.21841955e-01 9.28446174e-01 8.23727369e-01 6.93677664e-01
    3.38909417e-01 2.39127666e-01 2.35934168e-01 7.46313930e-01
    6.01211309e-01 6.54707491e-01 1.50800318e-01 3.54684174e-01
    6.72254086e-01 1.75858945e-01 6.62448287e-01 1.89941853e-01
    8.03787708e-01 7.65030622e-01 9.37100172e-01 3.15683722e-01
    7.72607982e-01 7.42982090e-01 2.21346796e-01 2.36500740e-01
    7.63372123e-01 5.09602726e-01 7.98090696e-01 2.04324841e-01
    3.81495506e-01 1.47107273e-01 4.29483652e-01 1.04137361e-02
    8.16116810e-01 9.34673846e-02 9.96974170e-01 7.12216139e-01
    7.84305334e-02 2.56522149e-01 6.05191410e-01 2.78949738e-05
    1.17736548e-01 2.74070054e-01 9.35452342e-01 9.78658915e-01
    4.77371991e-01 3.02088082e-01 6.49379790e-01 8.77874255e-01
    3.67912591e-01 8.94314051e-01 9.82159257e-01 2.92065024e-01
    3.78305793e-01 3.20651114e-01 9.86666441e-01 6.72528028e-01
    9.67499137e-01 6.58734679e-01 7.79446006e-01 8.14576149e-01
    6.87483668e-01 6.53924644e-01 8.84667397e-01 2.80385226e-01
    4.91231620e-01 1.87039495e-01 7.63537049e-01 5.24682879e-01
    9.33286965e-01 4.97677654e-01 6.01580739e-03 2.59636760e-01
    5.25484979e-01 1.28893822e-01 9.75492835e-01 2.08676547e-01
    7.04909086e-01 8.31805348e-01 2.92030990e-01 4.86675769e-01
    7.87960291e-01 9.72169220e-01 9.91845489e-01 4.26613361e-01
    4.43570316e-02 6.75711811e-01 1.74485326e-01 6.06684804e-01
    4.20640260e-01 4.10113573e-01 2.38114566e-01 5.82566857e-02
    8.92207921e-01 7.75052071e-01 9.22397256e-01 6.84554338e-01
    7.54169583e-01 5.64734578e-01 1.44891024e-01 5.22047579e-01
    5.73837399e-01 1.51597738e-01 1.02232993e-01 6.67734504e-01
    7.64343262e-01 6.98578000e-01 4.46710020e-01 3.42315674e-01
    2.46037215e-01 1.56380653e-01 4.24878895e-02 9.82175946e-01
    3.69462490e-01 5.29961467e-01 1.71733081e-01 3.41582298e-02
    3.06949615e-02 5.10570705e-01 3.14718366e-01 3.58939111e-01
    3.92276853e-01 2.38739997e-01 4.39690799e-01 6.77297235e-01
    1.77715331e-01 1.42980993e-01 3.11829031e-01 5.36782205e-01
    9.61827219e-01 7.80311882e-01 4.02257144e-02 8.43591332e-01
    6.50683045e-03 6.68282270e-01 7.08916545e-01 6.02380931e-01
    4.92492676e-01 5.00176847e-01 8.63441646e-01 7.71726489e-01
    4.74590600e-01 9.52126026e-01 6.91799581e-01 5.56741893e-01
    5.55034161e-01 7.76034176e-01 2.59326875e-01 8.51499081e-01
    9.38883305e-01 2.98798740e-01 1.92543834e-01 6.52326345e-02
    2.21973091e-01 3.51026475e-01 4.57848102e-01 9.24613357e-01
    5.97468495e-01 3.25014591e-01 7.67364204e-01 7.60355115e-01
    9.43252206e-01 5.55572331e-01 9.59779620e-01 5.84871531e-01
    6.38684154e-01 2.96617717e-01 9.98762608e-01 3.24503601e-01
    9.84221339e-01 3.64108503e-01 2.31491178e-01 2.52638459e-02
    7.00491309e-01 6.07831359e-01 4.64166641e-01 5.80383301e-01
    7.45722115e-01 5.85316062e-01 9.76762533e-01 5.52886248e-01
    3.40696454e-01 7.90688336e-01 9.75110888e-01 7.69173026e-01
    8.82631958e-01 4.72782552e-02 3.30164433e-01 5.14891386e-01
    9.98581111e-01 8.24646831e-01 4.02738184e-01 7.57793009e-01
    9.86701846e-01 7.82587826e-02 2.91247964e-01 2.40049899e-01
    8.61875176e-01 7.59787083e-01 2.68725276e-01 9.06917453e-01
    1.70721799e-01 6.21352315e-01 1.35909140e-01 6.46146178e-01
    1.68914288e-01 9.30911362e-01 7.61233091e-01 9.60940480e-01
    9.84540105e-01 9.26362038e-01 9.78646755e-01 5.01566291e-01
    4.68890697e-01 5.09127557e-01 9.40183103e-01 6.09423459e-01
    4.12953347e-01 3.41135919e-01 5.19621491e-01 9.00370538e-01
    6.52524829e-02 1.16552740e-01 9.87529397e-01 5.30411601e-02
    7.25030303e-01 4.60842341e-01 6.63536608e-01 3.62237692e-01
    1.02517992e-01 7.64858603e-01 1.54327005e-01 5.38822293e-01
    6.17225766e-01 2.76230156e-01 8.36436749e-01 9.50499177e-02
    4.48012650e-01 1.01030588e-01 6.25178695e-01 7.91486502e-02
    1.65338814e-01 8.19457650e-01 5.33672810e-01 5.57636499e-01
    9.83093381e-02 2.45925486e-02 9.21746790e-01 8.41821551e-01
    7.02132523e-01 2.27114856e-02 9.85593796e-02 4.20679152e-01
    6.61980629e-01 8.35907936e-01 5.09697199e-02 9.86570358e-01
    1.82962984e-01 3.77472639e-01 3.73664886e-01 1.15723073e-01
    1.42284155e-01 8.96398783e-01 2.70544350e-01 6.00837171e-02
    1.85539663e-01 4.68673438e-01 3.49458694e-01 2.76095569e-01
    5.15715420e-01 8.12929511e-01 3.66150379e-01 2.71178782e-02
    4.17940021e-02 3.11711431e-02 8.47365141e-01 7.01797545e-01
    3.97996724e-01 6.12389624e-01 3.09717059e-01 2.40480572e-01
    4.65611160e-01 3.26191723e-01 6.49874449e-01 4.37076598e-01
    5.21852195e-01 9.37372446e-04 1.78530693e-01 7.20369041e-01
    8.25195789e-01 4.21272039e-01 7.16502130e-01 2.89387405e-01
    8.41667295e-01 8.31024945e-01 5.03210902e-01 5.10503888e-01
    5.11253893e-01 2.50742942e-01 9.19620275e-01 4.11495328e-01
    5.48895717e-01 9.69756246e-02 3.05901319e-01 7.20036149e-01
    8.05099368e-01 7.43518114e-01 6.62822723e-01 5.85813165e-01
    7.58766234e-02 3.94966781e-01 2.54573405e-01 1.96563840e-01
    9.80216146e-01 1.77404612e-01 7.62218595e-01 5.87007940e-01
    5.92834771e-01 2.52735615e-03 9.00527954e-01 2.12648749e-01
    1.61647141e-01 4.41327095e-02 6.79946184e-01 7.32910931e-01
    7.94635057e-01 9.76625979e-02 5.85778177e-01 1.22482598e-01
    6.00160360e-01 8.83992136e-01 4.12411869e-01 2.87630558e-02
    6.88906670e-01 5.49320161e-01 2.87737310e-01 4.07623947e-01
    4.94863987e-02 7.05686569e-01 4.37282383e-01 9.15976703e-01
    3.23114425e-01 2.81163156e-01 7.44596660e-01 4.73095775e-01
    8.94573629e-02 6.98449612e-01 5.74299097e-01 4.80670512e-01
    9.42838371e-01 8.27295184e-01 3.91456753e-01 3.20810437e-01
    7.88263798e-01 2.49749631e-01 5.48652530e-01 5.90734959e-01
    5.73837399e-01 1.51597738e-01 1.02232993e-01 6.67734504e-01
    7.64343262e-01 6.98578000e-01 4.46710020e-01 3.42315674e-01
    2.46037215e-01 1.56380653e-01 4.24878895e-02 9.82175946e-01
    3.69462490e-01 5.29961467e-01 1.71733081e-01 3.41582298e-02
    3.06949615e-02 5.10570705e-01 4.98086840e-01 3.18799198e-01
    6.52460158e-01 2.65465677e-02 2.37812400e-01 8.84831727e-01
    3.38062048e-01 5.90753913e-01 6.23478711e-01 7.71847069e-02
    2.75944948e-01 9.78564084e-01 8.40389132e-02 3.16033691e-01
    6.67090297e-01 7.36731827e-01 1.29120469e-01 2.13033915e-01
    6.17920339e-01 5.74191213e-01 8.10960710e-01 6.92369640e-01
    8.74470055e-01 2.84953564e-01 3.69943798e-01 6.85910285e-01
    1.94465101e-01 8.28613400e-01 7.24789500e-01 4.31283772e-01
    5.48750818e-01 7.62529492e-01 3.93378824e-01 5.64038217e-01
    6.27855182e-01 8.59068871e-01 6.70565665e-02 2.19556332e-01
    9.58498001e-01 5.54533899e-01 4.74723965e-01 3.34998965e-01
    5.02644718e-01 3.36760283e-01 9.52306509e-01 3.69885445e-01
    5.65734208e-01 5.64439833e-01 6.12830758e-01 9.00619030e-01
    1.16579413e-01 5.57307601e-02 1.42062545e-01 9.08512652e-01
    5.48190236e-01 1.08259171e-01 2.59527802e-01 6.99258208e-01
    9.28551435e-01 5.17645001e-01 7.98471093e-01 6.11385703e-01
    5.61499655e-01 9.82361317e-01 8.30682278e-01 1.55354649e-01
    5.60542107e-01 3.75681520e-02 3.37411046e-01 2.77629137e-01
    4.04084384e-01 2.65705824e-01 8.74503851e-02 2.96336770e-01
    1.06336355e-01 5.86595476e-01 7.55388737e-02 7.65475869e-01
    3.60152066e-01 1.03249609e-01 2.33591259e-01 6.71699286e-01
    6.87190056e-01 8.44929576e-01 5.83359659e-01 9.66779768e-01
    7.91872442e-02 6.24053180e-02 7.00605452e-01 5.07869482e-01
    8.99947584e-02 5.90783656e-01 7.54101396e-01 3.34853411e-01
    7.57505298e-01 3.70978892e-01 8.72300982e-01 8.04263055e-01
    7.74170995e-01 5.29194057e-01 1.69728845e-01 6.45530641e-01
    1.85892075e-01 9.22700465e-02 3.16245168e-01 3.28238249e-01
    9.30696487e-01 1.17464691e-01 2.11694777e-01 4.82810289e-01
    3.66569817e-01 4.12412584e-02 5.89366078e-01 1.94466174e-01
    2.51780003e-01 3.27838600e-01 2.21975654e-01 1.61845148e-01
    6.26489758e-01 9.67090011e-01 5.11851609e-01 9.81602311e-01
    8.11849117e-01 6.74299002e-02 6.53127968e-01 7.96080709e-01
    6.50801659e-02 6.45041466e-01 5.69167376e-01 6.29709423e-01
    9.69660819e-01 4.80912536e-01 3.10239494e-02 7.52156377e-01
    3.99027377e-01 1.51443034e-01 7.27601111e-01 9.75109339e-01
    8.46307993e-01 7.37419903e-01 7.13870347e-01 2.79822052e-02
    8.06414366e-01 2.72932649e-01 6.51893258e-01 6.84622526e-02
    2.58960068e-01 7.06552744e-01 2.63746947e-01 3.91975641e-01
    9.37303066e-01 4.10225749e-01 6.73783422e-01 3.41177315e-01
    5.23558021e-01 7.21460342e-01 9.86398399e-01 9.64743197e-02
    3.67714971e-01 7.79020488e-01 8.24625134e-01 7.92412758e-01
    5.42270958e-01 3.49156708e-01 6.77209973e-01 4.75789070e-01
    9.09771800e-01 1.59320325e-01 2.06675261e-01 3.89674187e-01
    6.00600660e-01 5.97325087e-01 2.46989548e-01 7.03360319e-01
    7.05666840e-02 2.50471771e-01 8.00837398e-01 4.19538260e-01
    6.62453532e-01 9.43601608e-01 7.12072849e-03 9.41662312e-01
    6.59179807e-01 7.19536185e-01 1.17427915e-01 9.33172584e-01
    6.18386030e-01 6.90327227e-01 9.53128576e-01 2.25528985e-01
    1.08025968e-02 4.48047459e-01 8.91844213e-01 4.48564321e-01
    8.23054552e-01 3.80594105e-01 9.14368868e-01 5.78422487e-01
    8.73133063e-01 4.18670535e-01 8.56532335e-01 8.54196846e-02
    9.09512103e-01 3.03052545e-01 1.69379026e-01 9.92431998e-01
    2.92312682e-01 1.85566157e-01 9.97875333e-01 3.81814539e-02
    8.23907197e-01 9.12449837e-01 4.50595289e-01 8.55784416e-01
    7.84138739e-02 3.70515794e-01 5.37170231e-01 4.76163745e-01
    8.83675933e-01 7.16206253e-01 2.35731393e-01 9.48366582e-01
    3.63659084e-01 5.30493736e-01 7.07087159e-01 5.80795944e-01
    1.81417704e-01 3.07091743e-01 5.13395607e-01 3.28913450e-01
    8.38851571e-01 1.28544480e-01 3.57125401e-02 6.01152241e-01
    1.05246782e-01 2.98669636e-01 4.15126383e-02 4.44973975e-01
    9.03005838e-01 8.98996055e-01 3.94629836e-01 3.11609954e-01
    6.77138805e-01 8.00385356e-01 6.36499047e-01 3.23292017e-02
    5.66243172e-01 9.00640965e-01 2.82882094e-01 9.82917666e-01
    6.43354893e-01 9.86157417e-01 7.40540683e-01 6.50814295e-01
    8.94291162e-01 2.66367495e-01 4.98086840e-01 3.18799198e-01
    6.52460158e-01 2.65465677e-02 2.37812400e-01 8.84831727e-01
    3.38062048e-01 5.90753913e-01 6.23478711e-01 7.71847069e-02
    2.75944948e-01 9.78564084e-01 8.40389132e-02 3.16033691e-01
    6.67090297e-01 7.36731827e-01 1.29120469e-01 2.13033915e-01
    1.83489382e-01 8.74389350e-01 3.22379887e-01 8.21136951e-01
    5.81801176e-01 7.23137677e-01 3.76083970e-01 6.84175849e-01
    6.00422204e-01 7.29926050e-01 8.82015228e-02 3.96057814e-01
    1.86231166e-01 6.27086282e-01 7.79644430e-01 8.82460952e-01
    3.75956714e-01 3.52817774e-01 5.17158926e-01 8.99206400e-01
    4.53663826e-01 7.98879862e-01 9.87593532e-01 4.76102471e-01
    6.31139994e-01 2.20912308e-01 5.16476095e-01 8.44741702e-01
    9.36679244e-01 5.36836088e-01 9.79353309e-01 9.96185541e-01
    8.39739323e-01 2.08963752e-01 1.40984982e-01 2.75814801e-01
    3.94988686e-01 1.86550021e-02 4.92308080e-01 5.56457281e-01
    1.66998029e-01 8.61087322e-01 3.29025894e-01 3.44684124e-01
    3.26245904e-01 8.49121571e-01 5.98786771e-01 8.94239128e-01
    4.84078258e-01 8.13414693e-01 4.16604578e-01 4.43094671e-01
    7.39736855e-01 7.50372708e-02 8.32329154e-01 4.82262164e-01
    2.34235823e-02 2.25459039e-02 8.06455016e-01 1.06636435e-01
    2.54123896e-01 8.47710609e-01 5.24246395e-01 3.48166734e-01
    7.34606326e-01 8.65371406e-01 1.19593740e-03 7.62323141e-02
    1.56770051e-02 3.41881573e-01 2.18928427e-01 3.76910359e-01
    8.10125291e-01 1.01475686e-01 6.04352534e-01 2.72033751e-01
    3.24787915e-01 5.66500247e-01 8.89811397e-01 9.96726871e-01
    7.44141817e-01 8.13956738e-01 2.22901404e-02 9.18442011e-01
    8.07534695e-01 2.45176852e-01 6.86411083e-01 1.17959291e-01
    4.50737923e-01 1.80746019e-01 3.43899816e-01 6.80168450e-01
    8.86941552e-01 1.78108335e-01 8.39440525e-01 3.57000768e-01
    2.10900605e-01 1.12383753e-01 1.01255417e-01 8.52848589e-02
    3.98837239e-01 9.91660655e-02 6.41813278e-02 6.91997468e-01
    4.40010726e-01 2.28668720e-01 8.36945713e-01 6.51230633e-01
    8.51740837e-02 2.42852747e-01 9.85362828e-02 1.73089892e-01
    3.94736379e-01 9.58633065e-01 4.08928663e-01 7.10205793e-01
    9.85733867e-01 5.33118069e-01 8.01876187e-01 9.85929608e-01
    8.21293831e-01 4.66658175e-02 8.55775714e-01 4.15260285e-01
    2.46031821e-01 6.48822546e-01 9.02117729e-01 9.95990872e-01
    2.74730355e-01 8.80365372e-02 2.83275902e-01 1.53218865e-01
    6.02963686e-01 9.39458966e-01 3.98941398e-01 9.21315372e-01
    2.83019185e-01 2.23178655e-01 8.31575155e-01 6.23732209e-02
    3.43691111e-02 7.99603105e-01 4.75233257e-01 2.92510152e-01
    2.71827668e-01 7.46521711e-01 6.61791801e-01 5.89271903e-01
    9.11485434e-01 9.73377228e-01 1.07496113e-01 7.12598741e-01
    7.11961687e-01 6.53931618e-01 3.02144349e-01 6.79476261e-01
    5.62728107e-01 1.53788388e-01 4.29007411e-02 7.42915213e-01
    1.82818443e-01 9.34971571e-02 3.05800259e-01 1.15090281e-01
    8.33261132e-01 1.63869381e-01 4.97584462e-01 3.72463942e-01
    5.44565797e-01 1.31473482e-01 3.21000218e-02 6.10121548e-01
    8.87247920e-02 7.31334090e-01 2.58568108e-01 6.13233209e-01
    4.02458668e-01 4.10628378e-01 8.47813249e-01 8.37112367e-01
    3.74082178e-01 8.31832170e-01 4.56694156e-01 4.55218226e-01
    4.13411409e-01 2.47744977e-01 9.43570137e-01 6.58904672e-01
    1.69203132e-01 8.05998921e-01 7.56680369e-01 9.07881260e-01
    9.28339243e-01 6.01196289e-03 9.56436992e-03 2.76295722e-01
    9.77368951e-01 8.12780023e-01 6.72493815e-01 9.13886786e-01
    3.79923314e-01 3.03411603e-01 6.52102947e-01 8.41181934e-01
    1.15878046e-01 2.48759985e-01 7.88240671e-01 8.04322779e-01
    3.37922633e-01 9.72994328e-01 7.57306516e-01 3.46360683e-01
    9.79701161e-01 1.04148686e-02 1.16067767e-01 2.95209587e-01
    7.01141357e-03 4.46991950e-01 3.29041958e-01 6.43052101e-01
    1.87079757e-01 1.08016908e-01 4.89352822e-01 3.22982430e-01
    4.25129890e-01 3.04175556e-01 2.19844699e-01 4.20326889e-02
    1.75439954e-01 8.75595689e-01 6.78993642e-01 6.86029613e-01
    3.50712299e-01 2.38320410e-01 8.68750334e-01 6.04189456e-01
    9.31611419e-01 9.71211672e-01 7.78652847e-01 5.13522208e-01
    6.70863152e-01 6.18079782e-01 3.35164756e-01 2.10942030e-02
    8.08264732e-01 6.16001844e-01 7.97185779e-01 6.83713138e-01
    9.23461914e-02 5.37694991e-02 7.70003438e-01 2.25900173e-01
    4.58035529e-01 3.36987972e-02 1.91203773e-01 8.78762722e-01
    1.83489382e-01 8.74389350e-01 3.22379887e-01 8.21136951e-01
    5.81801176e-01 7.23137677e-01 3.76083970e-01 6.84175849e-01
    6.00422204e-01 7.29926050e-01 8.82015228e-02 3.96057814e-01
    1.86231166e-01 6.27086282e-01 7.79644430e-01 8.82460952e-01
    3.75956714e-01 3.52817774e-01 1.93220317e-01 4.56059188e-01
    3.14223796e-01 8.05207312e-01 1.52925819e-01 2.13515311e-01
    2.70432204e-01 4.38955456e-01 1.56976104e-01 6.40481174e-01
    9.87757444e-01 8.12866211e-01 3.49944830e-01 6.54013574e-01
    5.32389164e-01 4.59840268e-01 4.67489392e-01 9.35459733e-02
    3.69650036e-01 1.19325548e-01 2.90361792e-01 2.55968779e-01
    6.51854753e-01 8.61616373e-01 6.65349841e-01 7.83139467e-02
    8.34527850e-01 2.86174119e-01 4.80208933e-01 5.45694828e-01
    3.71896058e-01 5.10472357e-02 9.41880584e-01 1.61288351e-01
    8.18758011e-02 2.69056857e-01 4.04752493e-01 8.87571275e-02
    3.95751297e-02 8.07035446e-01 4.23445135e-01 9.60668325e-02
    5.87269306e-01 3.90468955e-01 1.88127756e-02 3.82127494e-01
    1.40972465e-01 5.69826424e-01 3.34310651e-01 7.98476100e-01
    1.07282281e-01 3.82644832e-01 2.52833307e-01 4.54486728e-01
    5.73289514e-01 3.70408535e-01 8.46267223e-01 2.69751996e-01
    2.02307403e-01 2.74715006e-01 8.33989978e-01 9.67590511e-02
    9.69615340e-01 6.48503721e-01 2.87959814e-01 6.30778074e-01
    3.67797405e-01 9.16509032e-01 4.29982752e-01 6.20454609e-01
    5.76324046e-01 4.42870855e-02 1.05714917e-01 8.12133491e-01
    6.27534032e-01 5.14894009e-01 1.20998442e-01 3.49462032e-01
    3.80868137e-01 4.22602355e-01 1.57578468e-01 3.22268009e-02
    1.99682832e-01 1.93674266e-01 3.74678075e-01 4.58167315e-01
    2.07256734e-01 3.10181975e-01 4.39565271e-01 8.05992365e-01
    8.40870976e-01 2.66400754e-01 1.87899888e-01 6.63303494e-01
    2.32684642e-01 1.39918685e-01 9.53475416e-01 2.00255066e-01
    7.64928460e-01 6.58779025e-01 5.91128528e-01 7.66966581e-01
    8.56011748e-01 2.97639310e-01 8.82744610e-01 1.41454339e-01
    6.65550649e-01 3.20164740e-01 3.53111267e-01 2.45950758e-01
    8.13515306e-01 6.59014225e-01 4.18234497e-01 4.46849436e-01
    8.86702538e-01 2.71927118e-01 5.65943718e-02 9.91138935e-01
    5.18340647e-01 7.78522372e-01 7.35987246e-01 9.75579679e-01
    2.20703512e-01 9.75481212e-01 1.20663047e-02 1.95270419e-01
    2.61709571e-01 3.86357605e-01 8.67340386e-01 1.63304210e-02
    8.47979486e-02 5.68946362e-01 8.75700831e-01 9.32602763e-01
    1.22410387e-01 1.15815192e-01 7.23527551e-01 7.80838192e-01
    8.56162190e-01 6.93991482e-01 9.80181098e-02 7.53297806e-01
    6.40178084e-01 3.64713371e-02 4.73240644e-01 9.35436845e-01
    9.80025828e-02 1.53227091e-01 9.56847668e-01 4.42520112e-01
    2.03003407e-01 2.69863605e-01 2.78720319e-01 2.14418679e-01
    2.43610144e-03 5.60239851e-02 4.56449747e-01 3.08559358e-01
    7.36206174e-01 6.30697012e-02 6.29876912e-01 3.37689042e-01
    4.36211228e-02 3.54404509e-01 5.14207780e-02 2.41950423e-01
    5.16328096e-01 2.15429157e-01 3.95315140e-01 7.28436351e-01
    5.95823586e-01 9.51580048e-01 3.84477735e-01 7.48586595e-01
    5.20926178e-01 7.25574851e-01 5.18054068e-01 7.92725027e-01
    5.66529095e-01 1.85717374e-01 3.75017792e-01 1.58812881e-01
    5.80768883e-01 8.73030722e-01 4.09566164e-02 1.58449352e-01
    1.45753831e-01 6.05630755e-01 5.67531765e-01 3.05210233e-01
    9.24214721e-01 5.90573847e-01 8.74450326e-01 5.29821098e-01
    3.10806453e-01 7.87125111e-01 5.80118895e-02 4.86950338e-01
    1.83587372e-01 5.57674348e-01 1.07774496e-01 3.24519873e-01
    3.84595573e-01 4.71833438e-01 8.08299422e-01 3.70493472e-01
    7.60491014e-01 6.11862421e-01 7.58259892e-02 5.04435301e-01
    9.62933064e-01 9.25271869e-01 7.50058889e-01 6.19469583e-01
    7.55056977e-01 5.08575022e-01 1.62577331e-01 5.98553121e-02
    5.01542032e-01 9.20493662e-01 1.42043740e-01 2.05097854e-01
    7.81372070e-01 9.05483961e-02 8.26248169e-01 1.95370793e-01
    6.84220195e-01 3.71398985e-01 2.85098016e-01 4.99168545e-01
    5.38109899e-01 6.07351720e-01 5.90616703e-01 9.57211375e-01
    9.64815259e-01 1.45113200e-01 7.95622766e-01 4.05191243e-01
    3.51650119e-02 8.54726911e-01 9.35490727e-02 9.23447073e-01
    4.21733260e-01 9.90318000e-01 3.68296444e-01 9.61457789e-02
    4.23999280e-01 1.76760077e-01 3.83818239e-01 3.41131598e-01
    4.50495899e-01 1.80227339e-01 3.83089483e-01 3.34817946e-01
    7.40330875e-01 6.91312790e-01 1.93220317e-01 4.56059188e-01
    3.14223796e-01 8.05207312e-01 1.52925819e-01 2.13515311e-01
    2.70432204e-01 4.38955456e-01 1.56976104e-01 6.40481174e-01
    9.87757444e-01 8.12866211e-01 3.49944830e-01 6.54013574e-01
    5.32389164e-01 4.59840268e-01 4.67489392e-01 9.35459733e-02
    5.18491924e-01 4.02401149e-01 7.74307966e-01 8.86773348e-01
    4.96564060e-01 8.97430122e-01 1.03854120e-01 3.57842207e-01
    9.96794939e-01 8.12862158e-01 8.34325790e-01 2.85867810e-01
    8.27448010e-01 5.48941791e-01 4.13110614e-01 2.25463331e-01
    8.72066617e-01 5.97905934e-01 7.84023523e-01 6.89849317e-01
    2.97788084e-02 9.72215295e-01 2.19953358e-02 6.31060719e-01
    5.24513960e-01 8.78365159e-01 1.34331286e-01 4.78408486e-01
    7.23360002e-01 3.91443372e-01 3.58826995e-01 5.99938035e-01
    8.81769776e-01 6.75015926e-01 2.28841752e-01 4.30799723e-02
    9.26195085e-02 6.42744243e-01 5.01457870e-01 7.77338386e-01
    4.41307008e-01 6.79139078e-01 1.48464739e-01 4.03458178e-02
    8.21106553e-01 7.61236906e-01 8.53928328e-01 8.10923815e-01
    6.94157958e-01 6.78724825e-01 2.36315906e-01 2.00866997e-01
    6.51629806e-01 8.88124287e-01 1.95416391e-01 2.84488469e-01
    7.41418958e-01 9.45713401e-01 5.17002165e-01 8.78742337e-01
    3.00376624e-01 3.41883361e-01 4.70249295e-01 8.95146370e-01
    6.35808825e-01 4.32749748e-01 3.06607515e-01 6.38998389e-01
    8.54403853e-01 7.49692798e-01 6.14974141e-01 4.70988423e-01
    6.16968513e-01 8.80527258e-01 9.01083827e-01 5.02523422e-01
    7.02761471e-01 1.77025318e-01 8.28681052e-01 4.05068040e-01
    8.73412967e-01 2.78703272e-01 9.84670579e-01 4.88042295e-01
    5.38942933e-01 1.23569548e-01 9.09189165e-01 2.09348917e-01
    5.05941212e-02 2.79991329e-01 3.53379071e-01 1.18062496e-01
    2.49466270e-01 2.37643898e-01 9.21464562e-02 7.46220708e-01
    4.82159466e-01 8.90603542e-01 4.89258766e-03 9.51706767e-01
    7.06795871e-01 7.91034222e-01 8.16345453e-01 4.78730619e-01
    2.02366978e-01 2.31741846e-01 8.36659133e-01 8.06884766e-02
    2.38037586e-01 4.48793977e-01 1.51083887e-01 1.95530534e-01
    3.69884402e-01 4.07272398e-01 5.12793064e-01 7.52854347e-01
    2.61798859e-01 5.66750526e-01 1.92211181e-01 1.64592266e-02
    6.84138656e-01 5.03926635e-01 6.40769899e-02 6.82958126e-01
    2.65580416e-02 8.34245682e-02 7.52429903e-01 1.32322133e-01
    3.31017584e-01 7.21325874e-01 6.55123413e-01 3.24605167e-01
    2.54284143e-02 3.50886285e-02 9.07487273e-01 8.03371072e-01
    7.59359717e-01 4.26136494e-01 9.48231578e-01 7.84951091e-01
    1.51193738e-02 5.89824557e-01 1.39543533e-01 2.98102200e-01
    9.98627543e-01 8.34473312e-01 1.90929770e-02 7.68450797e-02
    7.78816879e-01 5.11351824e-01 2.68663645e-01 8.55785728e-01
    6.22513831e-01 2.75886327e-01 5.03370225e-01 5.28687239e-03
    3.91534984e-01 7.18528092e-01 5.68001628e-01 6.21754646e-01
    9.47531700e-01 1.75177038e-01 2.44133174e-02 9.01727557e-01
    1.10133141e-01 8.80539596e-01 8.77807856e-01 1.61162317e-01
    3.46490741e-03 9.33946073e-02 3.37509841e-01 4.94066209e-01
    8.91298831e-01 2.11912692e-01 4.17069137e-01 9.65459228e-01
    5.05123556e-01 9.78064299e-01 3.16325843e-01 2.61299908e-01
    8.06998730e-01 8.28456879e-02 4.36860919e-02 1.77720606e-01
    1.67716086e-01 3.29613805e-01 4.99934733e-01 8.74892712e-01
    6.84132278e-01 5.37801564e-01 2.00105071e-01 8.09703171e-01
    5.72015285e-01 5.68651021e-01 7.09154606e-01 7.32690096e-02
    6.23620629e-01 8.95999849e-01 4.24414158e-01 8.93955350e-01
    4.11118567e-02 9.14460719e-01 5.96494019e-01 1.91962659e-01
    6.27448380e-01 6.85882986e-01 8.30453396e-01 6.72443807e-01
    9.18580949e-01 6.63070321e-01 3.07939708e-01 5.30510068e-01
    9.17435765e-01 2.13459730e-02 7.11857617e-01 2.70328999e-01
    7.37442970e-02 4.46666598e-01 5.09603262e-01 1.17771715e-01
    8.53140593e-01 4.19759512e-01 2.17819273e-01 2.57474959e-01
    5.56332707e-01 7.17442155e-01 6.73495889e-01 2.82246292e-01
    6.82943881e-01 5.17446876e-01 9.44684982e-01 8.52516890e-01
    6.70931458e-01 2.79476523e-01 3.01993191e-01 2.94443369e-02
    7.67828465e-01 4.95447427e-01 7.56307006e-01 1.00429028e-01
    3.67363691e-01 7.06019819e-01 1.33830905e-02 5.07406235e-01
    3.08328003e-01 3.73164833e-01 4.94263560e-01 1.40261203e-01
    8.55755806e-01 4.78194535e-01 8.58227015e-01 1.38387501e-01
    1.97488844e-01 6.00432575e-01 7.00997710e-02 2.03379959e-01
    5.18491924e-01 4.02401149e-01 7.74307966e-01 8.86773348e-01
    4.96564060e-01 8.97430122e-01 1.03854120e-01 3.57842207e-01
    9.96794939e-01 8.12862158e-01 8.34325790e-01 2.85867810e-01
    8.27448010e-01 5.48941791e-01 4.13110614e-01 2.25463331e-01
    8.72066617e-01 5.97905934e-01 7.27520287e-01 5.36912918e-01
    2.44828910e-01 8.18014979e-01 6.66996121e-01 1.61750436e-01
    6.74975932e-01 2.03994036e-01 2.29283273e-02 9.33255732e-01
    3.00671101e-01 9.29343641e-01 7.75520563e-01 2.52570152e-01
    3.56711537e-01 4.40864086e-01 7.64841139e-02 2.37898618e-01
    6.69213653e-01 5.83875537e-01 8.14028025e-01 9.12903965e-01
    4.89010572e-01 9.31820452e-01 2.98981905e-01 2.88403273e-01
    1.07391983e-01 1.18430495e-01 6.32473230e-01 2.12442070e-01
    1.18842334e-01 6.22757077e-01 6.72397375e-01 2.28585422e-01
    5.18879533e-01 2.09597617e-01 8.05161119e-01 6.87743425e-02
    9.26419377e-01 2.87258208e-01 1.59856319e-01 5.52061439e-01
    4.02318358e-01 4.27985311e-01 5.09347200e-01 2.13209987e-02
    1.75969929e-01 2.84321725e-01 8.33685517e-01 1.25924617e-01
    9.85720456e-01 4.10834074e-01 1.07458681e-01 3.99294913e-01
    3.56068909e-01 6.68145061e-01 6.99202955e-01 4.04653817e-01
    8.96680176e-01 5.87141633e-01 1.94683224e-01 9.93955612e-01
    7.14123368e-01 9.66154337e-01 5.42658627e-01 7.60643542e-01
    2.48508334e-01 4.18990016e-01 8.07117939e-01 3.83123755e-01
    6.48023009e-01 5.08624613e-01 1.24678552e-01 6.67043209e-01
    7.82072544e-03 8.18746686e-01 6.09767258e-01 8.74315500e-01
    3.12582344e-01 1.45089269e-01 2.42960155e-02 3.13432395e-01
    9.01761413e-01 8.48991752e-01 6.59274697e-01 9.06589627e-02
    1.50605142e-02 1.05161160e-01 1.98542118e-01 9.33668256e-01
    8.98402333e-01 9.11934972e-02 4.66123164e-01 7.43355632e-01
    2.78596282e-02 5.76831698e-01 9.60412145e-01 8.83888841e-01
    4.49032664e-01 2.80513346e-01 6.27438903e-01 5.84927082e-01
    1.43466085e-01 5.05280018e-01 5.68626463e-01 3.87596190e-01
    7.59553373e-01 7.97654629e-01 1.20187819e-01 7.12931037e-01
    8.83334875e-02 8.81803870e-01 7.79329896e-01 3.94256115e-01
    5.58344483e-01 8.00251782e-01 1.79656237e-01 7.50180185e-01
    9.25956905e-01 9.03563499e-01 5.94083369e-01 8.97401333e-01
    8.13194215e-01 5.92862606e-01 1.58882558e-01 5.91897964e-02
    5.02651572e-01 8.44698906e-01 4.50410396e-01 6.58914566e-01
    3.10880840e-01 7.09991872e-01 7.18952775e-01 2.75513887e-01
    3.78027737e-01 6.52728796e-01 7.67018914e-01 3.30156684e-02
    5.38899064e-01 8.23415816e-02 8.86630118e-02 3.35394859e-01
    1.43751323e-01 7.52910852e-01 8.99307489e-01 1.06159478e-01
    3.71950984e-01 5.82154632e-01 1.64383739e-01 1.40830994e-01
    1.81761175e-01 6.44169927e-01 8.96332622e-01 5.83944082e-01
    4.79155868e-01 3.07776332e-02 7.94807553e-01 4.97032255e-01
    2.29115427e-01 6.58507764e-01 3.72086525e-01 3.49826932e-01
    3.13880563e-01 5.97117126e-01 8.28288019e-01 2.27090389e-01
    6.93190813e-01 5.91514766e-01 6.14963412e-01 9.33742404e-01
    8.09319377e-01 3.76346707e-01 8.77327859e-01 8.87135088e-01
    5.26322603e-01 9.98871982e-01 7.83237576e-01 9.96913612e-02
    3.37496698e-02 1.75217718e-01 9.46995735e-01 8.22729230e-01
    2.85280198e-01 5.89996338e-01 8.17338884e-01 2.38218635e-01
    9.89340484e-01 1.95681125e-01 7.24416971e-01 3.20101857e-01
    6.41865432e-01 6.20417893e-02 4.04379994e-01 1.75943583e-01
    1.53152138e-01 3.36072683e-01 4.55823094e-01 8.09274793e-01
    8.25516582e-01 8.48875165e-01 3.60205531e-01 1.35031849e-01
    4.43172276e-01 3.01930964e-01 9.59807754e-01 9.62185860e-01
    2.42923647e-01 7.19362795e-01 6.35301173e-02 8.43760550e-01
    2.19195485e-01 1.96408510e-01 2.33125895e-01 9.48321581e-01
    8.76964092e-01 2.16496438e-01 4.81353164e-01 8.44411850e-02
    7.32138157e-02 3.64510417e-02 8.27269793e-01 3.21339369e-02
    6.88216090e-01 4.37389672e-01 2.85146475e-01 4.42039192e-01
    9.03055549e-01 6.36279523e-01 2.31079131e-01 6.86910033e-01
    9.27259207e-01 8.87585402e-01 3.52728128e-01 6.83311820e-02
    5.76382279e-01 1.78008735e-01 3.65760505e-01 7.02707767e-02
    2.95900285e-01 2.39232004e-01 4.93441820e-02 8.76740217e-01
    8.90254736e-01 1.62335694e-01 3.97849321e-01 3.67170900e-01
    5.69744349e-01 8.15603793e-01 2.87268758e-01 6.38216734e-01
    9.51429248e-01 4.06310499e-01 8.03156197e-01 7.20693827e-01
    8.13398898e-01 7.25907326e-01 7.27520287e-01 5.36912918e-01
    2.44828910e-01 8.18014979e-01 6.66996121e-01 1.61750436e-01
    6.74975932e-01 2.03994036e-01 2.29283273e-02 9.33255732e-01
    3.00671101e-01 9.29343641e-01 7.75520563e-01 2.52570152e-01
    3.56711537e-01 4.40864086e-01 7.64841139e-02 2.37898618e-01
    5.58292150e-01 9.56804395e-01 3.49329650e-01 4.76052403e-01
    2.06397504e-01 9.18237984e-01 1.90001786e-01 5.95333576e-01
    5.64860344e-01 3.12860072e-01 6.11533105e-01 7.47447193e-01
    6.16756499e-01 6.01449609e-01 3.04317653e-01 7.72580564e-01
    1.97069317e-01 7.80309081e-01 7.77649760e-01 1.77120358e-01
    1.01096421e-01 3.59653711e-01 4.47850376e-01 1.31302029e-01
    2.18771398e-01 8.17054510e-03 2.44485438e-01 5.40228963e-01
    2.41085321e-01 7.98280835e-01 3.48871261e-01 5.44358194e-02
    2.56275535e-02 5.36100209e-01 1.64978564e-01 1.93065673e-01
    1.71853423e-01 5.90940714e-01 8.47940087e-01 5.55945754e-01
    3.54061365e-01 2.06236094e-01 4.06156152e-01 7.57391453e-01
    2.35413611e-01 8.22529674e-01 4.00504827e-01 7.89017439e-01
    6.76822305e-01 9.97108459e-01 6.43362641e-01 3.36638898e-01
    2.95491397e-01 9.88699257e-01 8.20489287e-01 7.23433018e-01
    4.02642071e-01 8.50210428e-01 4.58803296e-01 1.59135640e-01
    5.65375686e-01 6.85761213e-01 7.62568414e-01 2.69509554e-01
    6.54164791e-01 9.32352424e-01 9.39113736e-01 2.50602275e-01
    7.44540811e-01 1.67733222e-01 4.90991682e-01 8.89097869e-01
    2.38799095e-01 5.12639046e-01 1.40308231e-01 6.27569437e-01
    5.22146881e-01 9.24662173e-01 2.08028555e-01 3.33703339e-01
    6.58528507e-01 3.68158102e-01 7.79113710e-01 9.27140176e-01
    5.16306162e-02 5.49855351e-01 8.20563436e-01 4.67866898e-01
    7.41582632e-01 8.63075495e-01 9.04609978e-01 4.27330047e-01
    9.50564623e-01 6.62828743e-01 9.76388097e-01 6.58178866e-01
    7.22345829e-01 5.94882011e-01 4.07556653e-01 8.30938041e-01
    9.23459470e-01 5.17493784e-01 8.94282818e-01 3.24982047e-01
    7.61938691e-02 1.09647334e-01 7.92028427e-01 5.30378163e-01
    9.85504270e-01 3.42811912e-01 4.16308433e-01 3.40138078e-02
    3.49978000e-01 2.33536065e-02 2.36320168e-01 5.12695312e-01
    5.16938031e-01 6.14605904e-01 4.20002162e-01 6.21596098e-01
    8.10742736e-01 4.58957255e-01 6.54208004e-01 5.96041620e-01
    1.66327357e-01 6.04795694e-01 5.18103838e-01 5.96853197e-02
    9.49483812e-01 1.18733197e-01 5.47491312e-01 1.38542742e-01
    6.62834167e-01 1.46303147e-01 1.73523515e-01 5.86824477e-01
    8.03032756e-01 4.71253395e-01 2.54664123e-01 2.18150645e-01
    5.67675769e-01 6.59873247e-01 3.59784067e-01 8.34877610e-01
    9.94261503e-01 1.63412720e-01 5.97978234e-01 4.39703166e-02
    1.09657317e-01 9.62735176e-01 3.16939205e-01 2.84569293e-01
    3.08100104e-01 9.24680412e-01 7.37968385e-01 6.15497172e-01
    9.53606069e-01 2.91054189e-01 2.18663901e-01 7.89893091e-01
    7.95172155e-01 1.95463300e-01 4.82082993e-01 1.05315506e-01
    4.30805415e-01 6.42298520e-01 5.40290058e-01 3.30425620e-01
    5.74643850e-01 7.82383919e-01 4.61705327e-01 5.14906406e-01
    3.80653739e-02 9.03297782e-01 6.05309129e-01 5.87127805e-01
    4.94727224e-01 5.87907732e-01 6.32254839e-01 5.04339635e-01
    7.58755445e-01 1.18689835e-02 8.95190954e-01 1.27279073e-01
    2.87503660e-01 5.08027256e-01 3.71791720e-02 6.58739686e-01
    1.05622709e-02 7.37563074e-01 4.72204387e-01 6.36896014e-01
    3.06915700e-01 8.67128372e-01 6.32388711e-01 1.07838243e-01
    2.70380795e-01 2.30769306e-01 4.03944463e-01 9.09044862e-01
    8.50584745e-01 3.68677974e-02 9.85101581e-01 5.92188716e-01
    2.96845078e-01 7.77264953e-01 1.67296350e-01 1.57035053e-01
    3.99122775e-01 6.55448079e-01 5.05098283e-01 5.41521490e-01
    4.13153231e-01 5.56643009e-01 2.09910870e-02 6.96059465e-01
    9.78602469e-02 8.82701874e-01 7.50078619e-01 8.71214628e-01
    4.98884916e-02 1.03996009e-01 6.87043309e-01 1.74848109e-01
    6.65299714e-01 1.18004262e-01 6.72839761e-01 7.02767849e-01
    5.03472507e-01 9.53801274e-02 2.18701929e-01 2.97564328e-01
    8.39588165e-01 2.71526039e-01 6.35494828e-01 6.61039233e-01
    2.19968826e-01 3.88825059e-01 2.92373657e-01 8.18152726e-02
    8.00579786e-01 2.86350846e-01 1.70718849e-01 1.27861500e-01
    8.43582273e-01 7.28079021e-01 8.52726817e-01 6.51381731e-01
    3.87393743e-01 4.85473692e-01 8.82653177e-01 9.49820876e-01
    6.40341759e-01 9.94191527e-01 5.91369092e-01 1.53320193e-01
    5.58292150e-01 9.56804395e-01 3.49329650e-01 4.76052403e-01
    2.06397504e-01 9.18237984e-01 1.90001786e-01 5.95333576e-01
    5.64860344e-01 3.12860072e-01 6.11533105e-01 7.47447193e-01
    6.16756499e-01 6.01449609e-01 3.04317653e-01 7.72580564e-01
    1.97069317e-01 7.80309081e-01 9.39510524e-01 4.49693888e-01
    6.85900867e-01 8.79006028e-01 8.38248134e-01 3.05648893e-01
    8.91726911e-01 2.97117531e-01 9.29930329e-01 8.91585469e-01
    6.48116112e-01 7.02751517e-01 9.41903889e-01 5.17286301e-01
    9.95274544e-01 8.78234386e-01 8.42246413e-03 1.44773006e-01
    7.84646869e-01 7.63072371e-01 6.85028434e-01 2.93168396e-01
    5.27953207e-02 7.88943768e-02 1.45138562e-01 8.67816210e-01
    5.97896934e-01 3.29650700e-01 6.09189510e-01 9.43138063e-01
    6.98380470e-01 8.18309367e-01 2.41723776e-01 4.69407439e-02
    1.28732890e-01 2.82195270e-01 8.09147000e-01 7.66491234e-01
    5.17580509e-02 2.89632112e-01 1.31582797e-01 3.77586901e-01
    1.36646032e-01 3.68262589e-01 9.01917577e-01 5.94218850e-01
    9.09865856e-01 2.08115518e-01 3.01119894e-01 1.44464135e-01
    4.95689064e-01 4.57828045e-01 5.34512341e-01 2.35042602e-01
    3.89955908e-01 5.08354604e-01 1.07473373e-01 6.18667006e-01
    4.32553649e-01 2.15404242e-01 6.94070578e-01 7.79248178e-01
    3.83741409e-01 9.56839919e-02 7.27160513e-01 4.77524102e-02
    9.66419697e-01 1.38921291e-01 4.25851703e-01 1.96533769e-01
    7.75204599e-02 6.52936459e-01 6.44117892e-01 4.68652546e-01
    7.67014742e-01 2.81239450e-01 5.62317371e-01 6.31412864e-03
    2.52063930e-01 2.15960830e-01 2.00646549e-01 7.73407578e-01
    9.11948085e-03 2.01816410e-01 7.69074917e-01 1.81304365e-01
    1.84301227e-01 3.59399915e-02 7.57365942e-01 6.34280562e-01
    6.81533515e-01 4.23787534e-01 2.49577343e-01 3.88170481e-02
    2.52797544e-01 4.06009495e-01 6.91654801e-01 2.56914973e-01
    7.38882720e-01 6.21810794e-01 9.35828328e-01 9.70408082e-01
    8.80090952e-01 8.40040505e-01 1.57437503e-01 6.12548590e-02
    1.11752868e-01 1.51762038e-01 6.60419941e-01 2.30809510e-01
    8.82570267e-01 7.06316352e-01 7.43374169e-01 3.55436325e-01
    2.90094256e-01 4.74767983e-01 4.20027316e-01 8.25878143e-01
    2.87719071e-01 6.65757120e-01 7.73262262e-01 9.23708022e-01
    2.44815201e-01 8.78557563e-01 1.29929900e-01 7.96390295e-01
    6.80489302e-01 7.62642264e-01 2.89212704e-01 8.22475791e-01
    9.55570817e-01 7.20227182e-01 6.75900936e-01 7.53658891e-01
    9.80134368e-01 9.98940825e-01 5.13209641e-01 5.63833237e-01
    6.23587012e-01 5.44149816e-01 9.49595809e-01 1.74708068e-01
    1.11467808e-01 1.52262300e-01 8.25053453e-02 3.93298268e-02
    1.15177661e-01 1.10166490e-01 6.81066513e-01 4.46110487e-01
    7.29548931e-01 4.39379096e-01 9.12427902e-04 4.15311217e-01
    3.58893335e-01 5.09570539e-01 9.75300074e-02 5.74668050e-01
    8.43230665e-01 3.84238720e-01 3.51256371e-01 4.16910440e-01
    7.61512399e-01 1.33720517e-01 3.45392227e-02 1.98916882e-01
    5.29327929e-01 5.15994608e-01 2.97068000e-01 9.55259919e-01
    4.27342385e-01 5.26453912e-01 2.68338054e-01 6.93031967e-01
    4.62118417e-01 9.17525291e-02 4.80774909e-01 9.64407623e-02
    3.25728893e-01 2.17365652e-01 4.19098437e-02 3.74008179e-01
    2.25386322e-02 1.20981634e-01 6.85358226e-01 6.11403883e-02
    2.20816016e-01 2.60074914e-01 9.38452244e-01 2.89767236e-01
    7.02891946e-02 7.62425661e-01 6.56110466e-01 9.45630193e-01
    1.09519303e-01 5.68356693e-01 8.30271482e-01 1.16392612e-01
    9.61931229e-01 1.37151778e-01 6.80016756e-01 2.62609512e-01
    3.50956738e-01 3.15586627e-01 1.59888357e-01 2.12959409e-01
    9.90134835e-01 9.39334035e-01 8.78548920e-01 1.70570463e-01
    9.24833715e-01 1.72031343e-01 1.29495442e-01 3.48944128e-01
    1.31921411e-01 6.83903575e-01 1.23139173e-01 2.78667420e-01
    4.73476142e-01 2.44872481e-01 8.75045359e-02 8.92135382e-01
    1.25928819e-02 8.54402900e-01 9.08699870e-01 8.41687322e-01
    8.24290514e-02 7.50127435e-02 1.22450441e-01 4.00851905e-01
    9.42175984e-02 3.17121416e-01 4.91865546e-01 2.31604517e-01
    2.42540359e-01 9.68199492e-01 9.06287670e-01 2.61265188e-01
    5.13263404e-01 3.73211801e-01 4.71927762e-01 3.60242039e-01
    3.66975665e-01 5.01205802e-01 6.91346765e-01 2.47581273e-01
    8.63221347e-01 3.49210322e-01 1.31731629e-01 2.50051707e-01
    8.95101666e-01 6.63999677e-01 7.29156494e-01 6.94121361e-01
    9.04430866e-01 7.24708736e-01 9.39510524e-01 4.49693888e-01
    6.85900867e-01 8.79006028e-01 8.38248134e-01 3.05648893e-01
    8.91726911e-01 2.97117531e-01 9.29930329e-01 8.91585469e-01
    6.48116112e-01 7.02751517e-01 9.41903889e-01 5.17286301e-01
    9.95274544e-01 8.78234386e-01 8.42246413e-03 1.44773006e-01
    7.91973233e-01 8.17834496e-01 3.00323308e-01 7.41615653e-01
    7.83576250e-01 9.84573424e-01 4.09810811e-01 7.73384511e-01
    4.50729012e-01 6.49603426e-01 3.78737748e-01 5.44408917e-01
    8.06015491e-01 5.95317841e-01 8.88695955e-01 1.31351978e-01
    1.97790682e-01 9.79298353e-01 2.26218045e-01 5.64907432e-01
    9.88821507e-01 5.21181166e-01 6.06256306e-01 3.32394779e-01
    3.50891054e-02 3.06460887e-01 5.08556783e-01 4.75921631e-01
    7.21830726e-01 6.75924182e-01 5.03515184e-01 2.40657330e-02
    9.49036837e-01 5.07866204e-01 9.56227779e-01 2.72816062e-01
    9.06483054e-01 3.23528260e-01 9.08712387e-01 7.78173923e-01
    7.93595016e-01 3.14431965e-01 7.38948286e-02 7.87496746e-01
    9.44727421e-01 4.10460413e-01 5.62300324e-01 8.05801153e-01
    7.03723431e-01 8.71163607e-01 5.64216673e-02 1.98072821e-01
    5.20785451e-01 3.83091867e-01 1.16355389e-01 8.70044887e-01
    9.76583481e-01 5.39817452e-01 9.12289619e-01 7.34090686e-01
    8.95988405e-01 6.89893126e-01 4.33502465e-01 8.49517882e-02
    2.24267483e-01 6.73712492e-01 6.91301763e-01 7.42320538e-01
    3.22097242e-02 5.26402175e-01 1.75372213e-01 4.28781211e-01
    4.22436595e-02 4.72999066e-01 8.82631183e-01 8.15089524e-01
    4.36061382e-01 8.94900382e-01 1.63591236e-01 1.39065295e-01
    9.83400226e-01 6.94415033e-01 1.28922969e-01 2.19471395e-01
    4.84909832e-01 3.77503902e-01 1.12649232e-01 2.78365195e-01
    5.30084550e-01 3.88985276e-01 7.60903120e-01 1.74850434e-01
    7.88528442e-01 1.72099352e-01 6.03423715e-02 9.97121334e-01
    4.98609096e-01 3.61108333e-01 2.35294700e-02 7.87790716e-02
    4.48855758e-03 2.59396076e-01 9.65024412e-01 4.23786342e-02
    6.04936481e-01 5.74617267e-01 6.17434800e-01 2.49509811e-02
    3.65997255e-01 2.56691843e-01 2.73680091e-02 1.30354047e-01
    4.42056030e-01 1.54259801e-01 2.94793785e-01 3.58126640e-01
    8.52937996e-02 8.47904503e-01 9.71565664e-01 1.35197759e-01
    3.31302881e-02 5.88039994e-01 1.07920110e-01 8.59889865e-01
    5.55523932e-01 3.37181032e-01 6.64008141e-01 9.82639432e-01
    3.46374750e-01 4.84907478e-01 5.38471341e-01 9.50241804e-01
    2.88533568e-01 5.49811900e-01 6.70742273e-01 1.42998695e-01
    2.37752289e-01 7.12108076e-01 5.23909092e-01 3.54613483e-01
    7.70254016e-01 5.39092064e-01 6.60594583e-01 6.00429296e-01
    7.52833366e-01 2.16776788e-01 8.80091429e-01 3.64619613e-01
    7.32256770e-02 4.30119187e-01 7.83791065e-01 5.90555608e-01
    5.78818738e-01 8.79871011e-01 2.50890672e-01 3.60327452e-01
    6.68388605e-01 2.33524054e-01 8.62092495e-01 2.78235316e-01
    8.76357436e-01 4.14409488e-01 5.89977622e-01 1.60976470e-01
    4.80754703e-01 4.96694386e-01 1.01941466e-01 1.49523526e-01
    8.39889646e-02 2.01501727e-01 9.64507759e-02 9.25092340e-01
    3.06022614e-01 2.77382314e-01 5.89243174e-01 4.34717774e-01
    5.28139532e-01 7.86195517e-01 6.21043384e-01 9.44634438e-01
    9.51010823e-01 4.56020951e-01 6.64722323e-01 9.96776104e-01
    8.71217012e-01 1.02465570e-01 4.60241854e-01 1.99531913e-01
    1.26527578e-01 8.07072520e-02 8.16852450e-01 2.50867248e-01
    6.56019211e-01 4.55204904e-01 2.40602195e-02 9.06546116e-01
    7.46867359e-01 8.97561252e-01 3.50716054e-01 5.86313784e-01
    4.96177137e-01 1.55964673e-01 4.40709144e-01 5.35534859e-01
    5.78140914e-01 5.16415238e-01 7.82829523e-01 4.09118712e-01
    4.84406114e-01 1.11736894e-01 9.00472403e-01 9.78020906e-01
    3.84724975e-01 9.89704728e-01 4.48359936e-01 7.59391427e-01
    1.96976960e-02 7.76725292e-01 2.03641444e-01 3.84804159e-01
    8.78477395e-01 9.93402123e-01 7.23818183e-01 3.52683276e-01
    1.14132166e-02 5.24488330e-01 9.91715014e-01 4.44484949e-02
    2.36090273e-01 2.77198911e-01 3.69070351e-01 8.52592826e-01
    7.18899369e-01 5.58411181e-01 8.85532260e-01 9.04872656e-01
    5.81623614e-01 9.19937372e-01 5.33450842e-02 7.72580743e-01
    8.81547689e-01 1.10237867e-01 4.46650982e-01 9.43032265e-01
    9.79380012e-01 8.63531709e-01 1.23256117e-01 4.06549096e-01
    8.30299139e-01 6.63821220e-01 6.45025373e-02 5.52433133e-01
    9.52465534e-01 2.18023986e-01 2.35206693e-01 1.00652277e-02
    7.91973233e-01 8.17834496e-01 3.00323308e-01 7.41615653e-01
    7.83576250e-01 9.84573424e-01 4.09810811e-01 7.73384511e-01
    4.50729012e-01 6.49603426e-01 3.78737748e-01 5.44408917e-01
    8.06015491e-01 5.95317841e-01 8.88695955e-01 1.31351978e-01
    1.97790682e-01 9.79298353e-01 1.34112090e-01 3.40662420e-01
    9.11979616e-01 1.43217385e-01 1.76567525e-01 3.14544410e-01
    1.89312875e-01 4.32649285e-01 4.96019125e-02 9.19176221e-01
    5.65376878e-03 5.32774270e-01 5.17288208e-01 5.25900364e-01
    2.43251294e-01 8.65312934e-01 3.20752919e-01 9.69983637e-02
    9.69920993e-01 9.13428187e-01 9.96756315e-01 6.65948093e-01
    5.90168238e-02 1.41921997e-01 2.42221415e-01 5.82997501e-01
    6.02773845e-01 8.21246982e-01 8.45533013e-02 8.58547688e-02
    5.82976222e-01 5.41361988e-01 1.10430747e-01 3.97388190e-01
    8.11197639e-01 7.48657703e-01 5.11148632e-01 4.26633239e-01
    2.77607858e-01 6.44061148e-01 3.55147243e-01 1.58288866e-01
    5.31128287e-01 9.94930625e-01 1.18818432e-01 2.73654997e-01
    1.31660223e-01 2.11588562e-01 5.99640489e-01 8.42406034e-01
    2.53332525e-01 8.07235420e-01 4.64518517e-01 3.90538931e-01
    8.59886825e-01 7.47489035e-01 7.19554126e-02 5.15919447e-01
    6.82913661e-01 7.81695485e-01 3.02038968e-01 3.42622340e-01
    4.89543527e-01 9.63511765e-02 7.88287997e-01 9.27104354e-01
    6.74569368e-01 1.86781973e-01 2.24632114e-01 2.21290827e-01
    4.16484833e-01 1.58647656e-01 8.04436445e-01 2.12226063e-01
    3.88491929e-01 6.93254590e-01 1.11972809e-01 5.18464386e-01
    6.21446729e-01 4.41132158e-01 5.76688945e-02 1.88861698e-01
    2.41924912e-01 7.95812607e-01 9.35184717e-01 7.70589769e-01
    2.59207487e-01 4.67509776e-01 5.48936725e-01 4.10658658e-01
    7.42895484e-01 2.53759921e-01 8.59320283e-01 8.84715080e-01
    2.25748330e-01 7.96289921e-01 8.33586752e-01 3.38288784e-01
    8.23360562e-01 8.25423300e-02 5.71916997e-01 8.05183768e-01
    1.47950977e-01 8.23138356e-02 9.05019701e-01 2.51839757e-01
    1.19054139e-01 7.36520648e-01 3.66239369e-01 8.28149617e-02
    7.93549538e-01 4.12042022e-01 8.22785854e-01 3.87591839e-01
    9.29517984e-01 7.39605963e-01 4.39491957e-01 6.38688803e-01
    4.01940942e-02 4.89945114e-02 4.44309980e-01 6.21888757e-01
    6.33928239e-01 5.31241298e-01 9.15182114e-01 3.80444556e-01
    5.80481887e-01 8.39088082e-01 8.09770525e-01 8.94411504e-01
    8.82030487e-01 5.30452013e-01 9.42843199e-01 4.43039805e-01
    9.04373407e-01 6.35957897e-01 2.80429959e-01 5.91720462e-01
    4.59849358e-01 4.66478109e-01 2.25027561e-01 2.26997167e-01
    4.32076037e-01 6.53198957e-01 1.36043936e-01 3.61778557e-01
    5.33542931e-01 4.55155969e-03 8.11178267e-01 4.43197012e-01
    4.41785425e-01 7.24758983e-01 1.90911144e-01 4.46453959e-01
    6.85513675e-01 1.62126720e-01 7.31567919e-01 1.64547175e-01
    7.65630603e-01 1.93331689e-01 8.15279961e-01 3.52030873e-01
    5.44936180e-01 1.22595221e-01 9.26949620e-01 4.93480593e-01
    1.59735382e-02 1.24955684e-01 1.86338842e-01 4.80868489e-01
    5.32279849e-01 6.39671683e-02 7.41232753e-01 9.05117393e-01
    5.36986649e-01 5.88333607e-03 6.62607372e-01 6.37834609e-01
    5.59909046e-01 1.17050797e-01 6.04381919e-01 5.15540838e-02
    9.19753909e-01 8.00243199e-01 6.32075906e-01 6.40395403e-01
    5.93775153e-01 5.17849267e-01 8.05407941e-01 7.60421753e-01
    2.56070167e-01 1.62596285e-01 9.47720408e-01 1.86993808e-01
    8.52204263e-02 4.56281632e-01 8.88635814e-02 4.34480220e-01
    6.99180543e-01 4.10372764e-01 8.56357336e-01 2.04715729e-01
    8.96919429e-01 5.83756030e-01 4.97368366e-01 2.68191487e-01
    2.88740098e-01 6.57926917e-01 9.77759123e-01 9.71469581e-02
    2.79888213e-01 4.37610477e-01 3.24145645e-01 3.87872607e-01
    8.21457326e-01 3.12695444e-01 5.31246662e-01 5.81957042e-01
    4.45823550e-01 2.70793021e-01 8.72666478e-01 5.97472310e-01
    4.86755669e-01 2.11256534e-01 9.02113140e-01 4.85121906e-02
    6.59405828e-01 6.53672874e-01 8.83214474e-01 9.89921808e-01
    2.27854967e-01 2.77181923e-01 7.33103514e-01 5.97410142e-01
    6.42526150e-01 9.11538959e-01 4.06564653e-01 6.74516439e-01
    8.10799241e-01 1.15312666e-01 9.85682070e-01 9.72560167e-01
    9.25731778e-01 7.04608202e-01 2.83498406e-01 4.51462656e-01
    4.55248207e-01 6.81759000e-01 3.05828571e-01 6.31007552e-01
    9.09846306e-01 2.70287991e-01 4.87558007e-01 4.47516590e-01
    4.24592316e-01 8.83407950e-01 1.34112090e-01 3.40662420e-01
    9.11979616e-01 1.43217385e-01 1.76567525e-01 3.14544410e-01
    1.89312875e-01 4.32649285e-01 4.96019125e-02 9.19176221e-01
    5.65376878e-03 5.32774270e-01 5.17288208e-01 5.25900364e-01
    2.43251294e-01 8.65312934e-01 3.20752919e-01 9.69983637e-02
    3.63309562e-01 7.07471907e-01 1.64308697e-01 1.42290592e-02
    7.26580381e-01 9.42119241e-01 8.33640575e-01 9.45979059e-02
    4.91753221e-03 5.27145088e-01 8.09308887e-03 8.30272734e-02
    2.94007182e-01 8.29345167e-01 9.38696206e-01 7.42498934e-01
    6.30328238e-01 4.68338579e-01 4.01631504e-01 7.98425078e-01
    7.42195725e-01 1.67433083e-01 8.55607212e-01 7.97396898e-01
    9.91414785e-01 7.31873035e-01 4.59879577e-01 1.69722736e-01
    6.83998644e-01 7.23651946e-01 7.83223271e-01 4.62836862e-01
    8.36418331e-01 3.44783336e-01 3.52419078e-01 1.04561269e-01
    2.31621742e-01 4.56418395e-01 8.14668238e-01 6.77641690e-01
    2.58099437e-02 4.78519380e-01 8.63205433e-01 4.02063400e-01
    4.17767525e-01 1.23925000e-01 2.11732984e-02 4.47757155e-01
    4.27773505e-01 9.90654945e-01 6.92686856e-01 7.73405433e-01
    6.16801381e-02 8.86644363e-01 8.08008790e-01 1.44760698e-01
    6.40905678e-01 3.49853754e-01 3.27901125e-01 2.39057034e-01
    6.60624743e-01 2.94765145e-01 2.39700347e-01 4.82466042e-01
    2.29446203e-01 5.15495002e-01 2.44991302e-01 5.46386421e-01
    2.83917129e-01 9.97468233e-01 7.46701479e-01 4.80489194e-01
    1.38643026e-01 1.28555000e-02 7.12093115e-02 6.49963200e-01
    7.57153988e-01 3.52773488e-01 3.71232361e-01 4.18608516e-01
    1.07440650e-02 4.56920415e-01 2.30240524e-02 7.87075877e-01
    6.18632317e-01 1.38235241e-01 2.46284157e-01 7.06659198e-01
    6.24002814e-01 4.56748009e-01 5.11195362e-01 5.06115735e-01
    9.26893353e-01 4.23784256e-01 5.15984595e-02 5.38760960e-01
    2.15954781e-01 4.06655312e-01 2.42420912e-01 2.69372106e-01
    5.69064498e-01 8.66958499e-01 9.10953045e-01 3.64555240e-01
    5.68658054e-01 7.83925176e-01 9.87486959e-01 1.95491672e-01
    4.37689513e-01 1.41863048e-01 1.21123761e-01 9.41897988e-01
    5.02281427e-01 2.23914713e-01 3.24248374e-01 7.85534680e-02
    5.35263002e-01 8.74425828e-01 4.07716215e-01 1.83441103e-01
    2.50593305e-01 5.07004857e-02 1.38762563e-01 3.18587780e-01
    3.81645143e-01 1.42054856e-01 9.80021000e-01 9.52415228e-01
    2.90678382e-01 3.59112024e-02 7.21564949e-01 6.94837511e-01
    7.17320204e-01 6.60284042e-01 8.58328640e-02 8.75237703e-01
    7.21606970e-01 2.55283922e-01 5.14274240e-01 7.20667541e-02
    5.74383140e-02 6.07099652e-01 3.97443414e-01 4.56564814e-01
    2.78301120e-01 8.39660764e-01 5.63817680e-01 9.52530384e-01
    9.89331782e-01 1.31044984e-01 1.27799749e-01 2.87032753e-01
    9.21817720e-02 7.10700274e-01 2.02386677e-01 3.80976528e-01
    1.56603366e-01 9.34356213e-01 6.52351856e-01 1.78145498e-01
    3.57044786e-01 3.95616174e-01 2.99158990e-02 2.62327790e-02
    6.31915808e-01 3.69311005e-01 6.88971400e-01 8.70064855e-01
    3.56388122e-01 9.90690470e-01 3.14482927e-01 1.80582970e-01
    7.67922759e-01 2.26591825e-01 8.17462683e-01 1.89613044e-01
    7.68766820e-01 2.38834888e-01 3.24328601e-01 6.44522727e-01
    7.61127114e-01 7.35263228e-02 8.86818290e-01 8.74542117e-01
    1.88640028e-01 7.06667066e-01 5.69051504e-03 3.08272839e-01
    2.12708116e-03 8.32097411e-01 1.77693337e-01 3.21205020e-01
    3.59117091e-01 8.37176561e-01 1.79060847e-01 5.21213233e-01
    9.70588088e-01 1.43134594e-03 8.19527984e-01 2.74040341e-01
    6.10210657e-01 6.46180332e-01 9.64747131e-01 4.30043042e-02
    1.97186440e-01 2.53191382e-01 3.67802441e-01 9.57501054e-01
    1.68781757e-01 9.85355377e-01 9.93774593e-01 5.98089218e-01
    7.07936764e-01 8.85065317e-01 9.73444045e-01 4.36399221e-01
    6.26825094e-01 5.37425041e-01 6.90851390e-01 4.64105755e-01
    4.61874664e-01 4.10380900e-01 1.21487737e-01 6.86535001e-01
    8.26634765e-01 7.95678377e-01 2.09422410e-02 8.35893154e-01
    3.31482738e-01 6.21898353e-01 4.23207045e-01 7.36032069e-01
    8.57570291e-01 7.95046389e-01 4.82169569e-01 8.15476120e-01
    8.93074036e-01 4.55768496e-01 6.34775758e-01 1.22391999e-01
    7.73985863e-01 5.02783477e-01 1.25581264e-01 2.74530232e-01
    9.13403928e-02 9.61115956e-01 5.84110558e-01 3.15963030e-01
    3.11499566e-01 8.24477315e-01 4.00532603e-01 3.86799902e-01
    6.26488209e-01 9.01588678e-01 4.09675211e-01 2.09917992e-01
    3.63309562e-01 7.07471907e-01 1.64308697e-01 1.42290592e-02
    7.26580381e-01 9.42119241e-01 8.33640575e-01 9.45979059e-02
    4.91753221e-03 5.27145088e-01 8.09308887e-03 8.30272734e-02
    2.94007182e-01 8.29345167e-01 9.38696206e-01 7.42498934e-01
    6.30328238e-01 4.68338579e-01 8.87399256e-01 4.41141665e-01
    8.68457496e-01 7.54076242e-02 8.73900294e-01 9.18312550e-01
    4.12077934e-01 6.58651292e-02 5.01281202e-01 4.54149842e-02
    2.22649246e-01 9.80848312e-01 9.98143315e-01 2.49948531e-01
    3.72674048e-01 5.08282304e-01 7.41883934e-01 4.54522520e-01
    6.94267154e-02 5.33240974e-01 6.00563645e-01 9.12626922e-01
    7.17623532e-01 6.92892075e-01 2.57474363e-01 9.95211244e-01
    2.76139915e-01 3.60675424e-01 1.19817287e-01 8.71215820e-01
    5.75848460e-01 8.59409094e-01 3.89367044e-02 9.12467122e-01
    5.83680987e-01 4.14399266e-01 3.56719971e-01 1.20423466e-01
    4.02894557e-01 5.44725239e-01 7.17582285e-01 7.49229074e-01
    2.35454679e-01 2.31403798e-01 4.86998677e-01 5.83983004e-01
    4.94379789e-01 6.59571707e-01 1.08757943e-01 1.45532101e-01
    9.21879768e-01 1.82078034e-01 1.52087659e-01 4.26831901e-01
    8.61658275e-01 5.72662413e-01 3.77618790e-01 1.52153105e-01
    3.03003728e-01 8.60470712e-01 4.43115562e-01 4.40226823e-01
    6.79128468e-01 1.95532292e-01 4.56826508e-01 3.11236084e-01
    8.45945597e-01 3.50624859e-01 9.44928765e-01 5.48475742e-01
    2.62208819e-01 5.17317355e-01 4.91099507e-01 3.86406094e-01
    1.22747421e-01 3.94559294e-01 9.41682100e-01 9.39577818e-01
    8.40706468e-01 2.53171414e-01 8.32859516e-01 9.67125535e-01
    6.74868941e-01 6.58536136e-01 6.65640950e-01 3.05837274e-01
    3.09457242e-01 4.51467186e-01 8.64188373e-02 9.08117414e-01
    5.32849133e-01 3.51973981e-01 6.91191196e-01 6.32151663e-02
    1.38022333e-01 4.14161414e-01 3.72414947e-01 8.51364434e-02
    1.54366702e-01 5.71366549e-02 6.48354113e-01 2.17476368e-01
    2.81657517e-01 5.86968660e-03 3.78358871e-01 1.41000777e-01
    4.50408161e-01 1.76532656e-01 2.46716410e-01 9.79999542e-01
    6.08616829e-01 7.05073118e-01 5.40324092e-01 1.39799774e-01
    3.56253684e-02 4.89803702e-01 4.92379367e-02 7.35592425e-01
    8.91489625e-01 9.98003125e-01 3.71788502e-01 5.04132271e-01
    2.43920386e-01 3.64034504e-01 2.64792740e-01 8.67005467e-01
    4.49311733e-03 5.70520759e-01 3.78569961e-03 4.63010073e-01
    5.61386108e-01 1.20067716e-01 4.38011527e-01 2.10798234e-01
    1.95924640e-02 3.40439647e-01 6.80862665e-01 4.97700363e-01
    3.68264914e-02 6.60321236e-01 6.61571503e-01 5.48990071e-02
    3.13632965e-01 9.39784229e-01 2.21206546e-02 6.11008644e-01
    9.43500161e-01 1.71523452e-01 1.84548736e-01 6.60319149e-01
    2.28159219e-01 4.61430550e-01 2.77644396e-01 1.56821042e-01
    5.71346581e-01 5.06995201e-01 3.35265338e-01 9.27782893e-01
    3.92155886e-01 3.98545563e-01 8.92588377e-01 8.43460560e-02
    6.57863200e-01 7.23781109e-01 8.31312776e-01 7.97391891e-01
    4.77209449e-01 5.42170644e-01 9.93901134e-01 4.49802279e-02
    3.34092885e-01 3.29665601e-01 7.22511411e-02 5.40219426e-01
    8.50948453e-01 6.25280499e-01 5.30603290e-01 9.34243441e-01
    5.76712787e-01 1.98547840e-01 1.30733937e-01 3.56246054e-01
    7.11631954e-01 9.19755280e-01 1.37249738e-01 6.07494950e-01
    1.34060293e-01 7.21356750e-01 9.09034908e-02 4.80292141e-01
    2.22846359e-01 6.56806231e-01 5.94029725e-01 1.76372617e-01
    4.46859062e-01 1.54506624e-01 8.74546409e-01 1.86934739e-01
    3.63860130e-01 4.15241659e-01 1.19915754e-01 6.64705813e-01
    5.37179768e-01 8.60092819e-01 8.85665178e-01 9.63484526e-01
    4.75225151e-01 4.15763348e-01 1.78395182e-01 1.61123872e-01
    9.84758377e-01 7.30073869e-01 5.28471649e-01 3.66756707e-01
    8.88334215e-02 5.13795376e-01 2.59350181e-01 9.57169294e-01
    9.27994013e-01 8.63942206e-01 4.81577784e-01 2.35554576e-01
    4.73924160e-01 9.31449294e-01 5.12126088e-02 7.96910465e-01
    2.36708999e-01 5.44106305e-01 8.19469094e-01 8.05184960e-01
    9.76712346e-01 4.61740851e-01 6.11023962e-01 4.28375602e-03
    5.80232441e-01 4.58846807e-01 8.91888857e-01 6.11660540e-01
    5.24203479e-02 4.92920011e-01 8.67847562e-01 2.33920902e-01
    9.13539648e-01 8.12460303e-01 9.39412236e-01 2.65817344e-01
    2.71138549e-01 9.43830311e-02 8.12596023e-01 1.84500128e-01
    9.66452003e-01 2.68786132e-01 8.52764547e-01 5.13310671e-01
    4.79233831e-01 7.67677724e-01 8.87399256e-01 4.41141665e-01
    8.68457496e-01 7.54076242e-02 8.73900294e-01 9.18312550e-01
    4.12077934e-01 6.58651292e-02 5.01281202e-01 4.54149842e-02
    2.22649246e-01 9.80848312e-01 9.98143315e-01 2.49948531e-01
    3.72674048e-01 5.08282304e-01 7.41883934e-01 4.54522520e-01
    2.29130089e-02 6.47408903e-01 9.66895819e-01 1.55186355e-02
    8.33985686e-01 3.46290231e-01 6.59536839e-01 2.03756988e-01
    8.89330029e-01 8.94853413e-01 8.71860385e-01 8.33998680e-01
    8.55761170e-01 7.38198638e-01 6.22022390e-01 4.46934521e-01
    6.91822350e-01 2.88552582e-01 1.33250058e-02 7.81258762e-01
    9.04714346e-01 6.92307174e-01 4.16817933e-01 2.03671902e-01
    9.56945479e-01 5.70260108e-01 7.30258167e-01 9.62007642e-01
    3.79984379e-01 1.73444897e-01 1.01347655e-01 4.32977587e-01
    8.62634659e-01 2.22031176e-02 6.73707008e-01 3.55645180e-01
    1.63449019e-01 3.13212186e-01 8.98095131e-01 1.20215774e-01
    1.17420107e-01 2.49529243e-01 2.27347523e-01 6.04613900e-01
    6.54006660e-01 9.93933141e-01 6.32771671e-01 1.20322108e-01
    9.20501709e-01 1.41144395e-01 9.51068997e-02 9.67312396e-01
    6.28992558e-01 9.22957063e-01 8.61720681e-01 8.72203946e-01
    8.45480323e-01 8.49312544e-01 7.24758565e-01 7.04119742e-01
    9.98867631e-01 6.95452094e-01 6.48022950e-01 6.89027965e-01
    5.98635077e-01 3.11809540e-01 6.46416843e-01 1.08651251e-01
    6.16390407e-01 1.60009772e-01 8.46355081e-01 1.57911628e-01
    2.48740882e-01 1.60321295e-02 6.78321123e-01 8.80061388e-01
    2.54868209e-01 3.81696612e-01 9.78669405e-01 1.24515474e-01
    8.77705216e-03 5.35618007e-01 6.63739920e-01 8.30920458e-01
    1.59370393e-01 4.50158447e-01 9.15241480e-01 8.23511541e-01
    1.91467434e-01 7.71808147e-01 3.45932841e-01 1.11279070e-01
    2.14607477e-01 4.63242143e-01 7.53858149e-01 3.17767262e-03
    2.15544164e-01 5.30355394e-01 4.44365025e-01 4.18080330e-01
    9.61205006e-01 9.20302033e-01 2.04042137e-01 9.56901789e-01
    4.11960959e-01 2.10158139e-01 6.62439048e-01 2.05154836e-01
    2.38618314e-01 7.42414117e-01 3.06088030e-01 9.68485475e-01
    4.62398946e-01 1.35596901e-01 6.24702871e-01 4.16982949e-01
    2.69070148e-01 8.23152304e-01 7.03974783e-01 7.36639380e-01
    3.43568504e-01 2.41469771e-01 5.68759203e-01 5.78317285e-01
    6.16500676e-02 6.58959568e-01 1.76467150e-01 4.83176261e-01
    1.99096799e-02 1.17940366e-01 9.77863789e-01 1.18224829e-01
    8.43771636e-01 4.47888762e-01 4.53369677e-01 3.70155811e-01
    4.59627599e-01 3.41509998e-01 5.64600587e-01 1.56375438e-01
    3.60541731e-01 7.46203840e-01 6.25621974e-02 1.20754540e-02
    1.35662675e-01 9.05289054e-01 8.69025111e-01 8.91551256e-01
    5.73553503e-01 9.49436665e-01 9.74159122e-01 5.94312549e-01
    4.28909600e-01 6.37512624e-01 2.23499477e-01 1.82276875e-01
    9.72219467e-01 8.89888883e-01 3.94407749e-01 4.54129457e-01
    5.38130224e-01 6.62523627e-01 5.75153172e-01 2.85876453e-01
    7.79668450e-01 3.66000235e-01 9.45511401e-01 5.34529269e-01
    9.40258682e-01 4.76689696e-01 3.23811561e-01 3.88621330e-01
    1.10915840e-01 1.69642687e-01 4.50075090e-01 7.68785238e-01
    8.17643702e-01 1.47914916e-01 5.66604853e-01 3.27579319e-01
    2.93582141e-01 8.49051833e-01 4.76593375e-02 6.00879073e-01
    7.05329716e-01 8.34257841e-01 7.65858948e-01 6.33373559e-01
    7.31581748e-01 2.18625158e-01 1.81000352e-01 1.26001835e-02
    4.28372920e-02 3.94577444e-01 8.04994345e-01 5.51129878e-02
    1.73512161e-01 5.71244240e-01 1.76813543e-01 8.69853377e-01
    2.71814108e-01 4.29157823e-01 3.24915767e-01 9.53985393e-01
    7.65941381e-01 6.13774002e-01 5.99361241e-01 6.28440499e-01
    6.45967305e-01 7.05825984e-01 7.69371867e-01 8.72464180e-02
    8.73564720e-01 5.80722630e-01 6.06227815e-02 8.55921626e-01
    7.82406092e-01 9.61304724e-01 3.01384687e-01 9.19804633e-01
    8.75465572e-01 1.55060023e-01 8.44035506e-01 7.20974207e-01
    4.69009042e-01 6.15432322e-01 6.88925564e-01 3.22889686e-02
    5.43627679e-01 2.95466959e-01 6.43922091e-02 2.73453236e-01
    3.93652737e-01 4.12636429e-01 3.73364091e-01 2.16348290e-01
    8.56676698e-02 9.35036719e-01 5.21081388e-01 9.45594907e-01
    9.77155030e-01 7.75969028e-01 7.62555957e-01 8.21530700e-01
    9.92553174e-01 8.82320285e-01 5.09246469e-01 4.24587429e-02
    3.67326587e-01 4.53144491e-01 8.39803278e-01 5.77147126e-01
    3.70734096e-01 2.67665327e-01 6.14798605e-01 2.03280330e-01
    2.29130089e-02 6.47408903e-01 9.66895819e-01 1.55186355e-02
    8.33985686e-01 3.46290231e-01 6.59536839e-01 2.03756988e-01
    8.89330029e-01 8.94853413e-01 8.71860385e-01 8.33998680e-01
    8.55761170e-01 7.38198638e-01 6.22022390e-01 4.46934521e-01
    6.91822350e-01 2.88552582e-01 8.23170066e-01 3.34548652e-01
    7.61060476e-01 4.04828876e-01 5.97077012e-01 2.47389317e-01
    6.02275133e-01 2.09676921e-01 3.24438751e-01 3.21040273e-01
    3.98535311e-01 7.21432567e-01 5.37806153e-01 9.04842734e-01
    5.54393947e-01 7.71684408e-01 3.34844947e-01 4.64572310e-01
    7.29714274e-01 7.09137797e-01 2.23825455e-01 5.23756385e-01
    5.44805586e-01 9.40724850e-01 4.55997944e-01 7.74399519e-01
    5.36527157e-01 6.06579423e-01 2.81354725e-01 3.66261274e-01
    2.10963011e-01 6.65923476e-01 6.44495666e-01 1.63579732e-01
    1.98665619e-01 8.46110880e-01 6.06784225e-02 3.45360994e-01
    2.63032496e-01 1.23459190e-01 7.77747869e-01 7.03591943e-01
    6.87302351e-01 7.85568237e-01 6.48279488e-01 6.19603455e-01
    2.01740742e-01 3.89960706e-01 1.05433077e-01 5.58568358e-01
    8.60210061e-01 2.16584057e-01 9.88161385e-01 6.29969776e-01
    2.46901631e-01 5.80260336e-01 1.21671110e-01 1.24091536e-01
    5.77943027e-02 7.79701710e-01 1.55646563e-01 5.80386281e-01
    6.83877170e-02 4.97707099e-01 6.66526020e-01 3.21881503e-01
    8.15066099e-01 8.83582234e-03 7.67044783e-01 9.33081567e-01
    7.29584754e-01 8.69171917e-02 9.77640152e-01 1.66492105e-01
    3.56968284e-01 4.60206926e-01 8.96243334e-01 7.90130198e-01
    9.09980416e-01 5.72515428e-02 9.43821669e-01 2.76288748e-01
    3.07229638e-01 7.11360216e-01 4.94756550e-01 9.85598922e-01
    2.64696419e-01 7.04183221e-01 1.32230848e-01 2.88538009e-01
    2.64375985e-01 9.32880342e-01 5.98314047e-01 3.73892188e-01
    9.06529427e-01 1.85348809e-01 5.50568819e-01 4.52573478e-01
    3.84544045e-01 2.69638628e-01 3.85961771e-01 6.50912404e-01
    3.80101442e-01 8.65096092e-01 4.54612434e-01 9.41925764e-01
    3.31384331e-01 1.10617638e-01 1.65464342e-01 6.38475299e-01
    9.97453332e-02 5.82857072e-01 5.61553895e-01 2.46268660e-01
    1.01925284e-01 6.50982440e-01 3.46668720e-01 1.65951252e-01
    4.91781116e-01 1.99160188e-01 6.96862936e-01 5.58279514e-01
    9.96976972e-01 7.98382401e-01 2.77954638e-01 5.70245862e-01
    7.43496001e-01 5.68278134e-02 8.29216003e-01 2.12642342e-01
    1.70129508e-01 5.57450771e-01 5.69422781e-01 2.27219760e-01
    6.89050436e-01 6.31834745e-01 6.60975575e-01 5.04441857e-01
    5.81873059e-01 3.60065103e-01 7.90692329e-01 9.44815755e-01
    7.26176977e-01 1.39619946e-01 1.00818783e-01 8.56221914e-01
    2.18911141e-01 1.90698177e-01 5.65540612e-01 5.96379161e-01
    6.27322853e-01 3.77060235e-01 5.34959018e-01 1.64582461e-01
    5.51459670e-01 5.26597440e-01 3.48910093e-01 5.59857130e-01
    2.64466375e-01 2.66290903e-01 9.86830711e-01 1.70514703e-01
    5.17189622e-01 6.94559097e-01 6.52173400e-01 3.13513517e-01
    1.07307553e-01 5.93378186e-01 4.35687035e-01 3.86269182e-01
    4.71927524e-02 4.16578770e-01 5.48359156e-01 3.41025203e-01
    3.32361519e-01 6.14986658e-01 8.80305529e-01 3.59120727e-01
    6.65613532e-01 8.77613544e-01 6.34749174e-01 9.79184151e-01
    7.18678951e-01 9.65661705e-02 6.37072861e-01 5.56972504e-01
    7.27173269e-01 8.16980958e-01 4.41518396e-01 9.98672009e-01
    5.01147509e-01 1.45588875e-01 8.74239564e-01 1.78149641e-01
    3.25848579e-01 2.75392652e-01 8.22568536e-01 2.74726570e-01
    4.68722582e-02 8.45662594e-01 6.74527824e-01 2.51928627e-01
    4.97170180e-01 1.45760596e-01 1.28106236e-01 3.04611921e-02
    9.50573921e-01 5.69238663e-01 8.50885153e-01 8.73968840e-01
    4.50975120e-01 6.83119118e-01 6.69949412e-01 4.54654932e-01
    8.42123389e-01 1.47677809e-01 2.25447178e-01 1.18714094e-01
    3.36574912e-01 5.60176075e-01 7.01486170e-01 2.06534415e-01
    3.38358521e-01 6.41230226e-01 8.07195246e-01 8.94356787e-01
    9.43571329e-01 2.35363275e-01 8.69726956e-01 9.38850045e-02
    4.45702076e-02 5.50830841e-01 7.25588083e-01 6.62762642e-01
    4.98763293e-01 3.48660111e-01 4.10748541e-01 1.76563859e-01
    7.99842596e-01 6.99852049e-01 4.02683109e-01 5.46960711e-01
    7.76903987e-01 8.26653421e-01 5.97648263e-01 3.71996135e-01
    8.90731156e-01 8.10989618e-01 5.43977797e-01 3.61694276e-01
    4.20021474e-01 9.34130907e-01 3.58704090e-01 4.72567260e-01
    6.89211726e-01 7.64988363e-01 8.23170066e-01 3.34548652e-01
    7.61060476e-01 4.04828876e-01 5.97077012e-01 2.47389317e-01
    6.02275133e-01 2.09676921e-01 3.24438751e-01 3.21040273e-01
    3.98535311e-01 7.21432567e-01 5.37806153e-01 9.04842734e-01
    5.54393947e-01 7.71684408e-01 3.34844947e-01 4.64572310e-01
    6.18339777e-02 1.78158730e-01 6.29577279e-01 4.98201221e-01
    9.16456223e-01 2.75296390e-01 8.79758596e-02 7.65723884e-01
    4.10875142e-01 5.22000313e-01 4.63932246e-01 1.24400586e-01
    8.27096224e-01 7.53973126e-01 8.37250292e-01 1.19844377e-01
    5.64984381e-01 6.34528756e-01 2.16557652e-01 2.04165876e-02
    4.94031459e-01 9.87182617e-01 2.18792617e-01 3.17943513e-01
    3.71053159e-01 6.59678042e-01 7.46708453e-01 1.79267943e-01
    3.10977042e-01 5.77125549e-01 9.26103473e-01 6.88545346e-01
    5.55305958e-01 3.46553266e-01 3.14277798e-01 2.41096437e-01
    8.99411738e-02 6.76662505e-01 9.73476946e-01 5.78470230e-01
    5.37245512e-01 7.03717470e-01 1.53739750e-01 4.38131750e-01
    7.83798516e-01 3.68101597e-02 4.56052691e-01 5.37002385e-01
    5.73399425e-01 9.74753082e-01 6.47211969e-02 1.31534070e-01
    6.50910854e-01 4.27111238e-01 2.62192786e-01 8.86744022e-01
    8.20930839e-01 3.65343690e-01 9.19649839e-01 5.46000600e-01
    8.26470017e-01 2.48322666e-01 4.65230763e-01 3.60496789e-01
    4.72692877e-01 5.76978445e-01 3.24972868e-01 6.34662271e-01
    4.94468212e-01 5.76441646e-01 6.00799441e-01 5.17994165e-02
    1.18886203e-01 9.45160925e-01 8.33275080e-01 9.97210145e-01
    9.72230077e-01 1.19224638e-01 4.97789532e-01 7.88762450e-01
    3.11146617e-01 1.51385397e-01 6.63956881e-01 3.52734447e-01
    3.72149825e-01 6.78680182e-01 6.16682053e-01 8.51535439e-01
    1.06456131e-01 6.55542135e-01 3.61185074e-02 9.72906828e-01
    2.22146034e-01 3.53527308e-01 7.94954181e-01 3.13236892e-01
    1.11784428e-01 1.70826018e-02 6.07313037e-01 7.21519589e-01
    8.49835753e-01 6.92610979e-01 4.02774632e-01 2.84458190e-01
    3.73760462e-02 4.91788030e-01 7.37424731e-01 8.83001685e-01
    7.26396263e-01 7.20195115e-01 6.04252517e-01 5.68573177e-01
    6.72493339e-01 7.26518214e-01 6.28626347e-01 9.52304244e-01
    9.68707800e-01 7.78704405e-01 7.17669249e-01 1.13308460e-01
    7.24143207e-01 5.35704374e-01 7.31340051e-02 5.99891782e-01
    3.59764099e-02 6.90603554e-01 3.17933202e-01 3.87929201e-01
    6.74086034e-01 1.69710308e-01 3.88549745e-01 6.16863966e-01
    9.58387554e-01 4.35310394e-01 6.38583541e-01 3.72092605e-01
    4.36802149e-01 1.26468539e-01 6.64397001e-01 7.61434317e-01
    5.85244238e-01 1.11871570e-01 8.55354190e-01 6.31489396e-01
    5.96084654e-01 8.53848934e-01 6.55921936e-01 3.77923518e-01
    2.37681270e-02 9.89226460e-01 3.48371625e-01 2.97961712e-01
    8.99722278e-01 4.45119113e-01 8.35683703e-01 5.19717336e-02
    2.62127459e-01 6.31110907e-01 4.58077848e-01 8.33823979e-01
    8.41477573e-01 2.30363637e-01 2.12589025e-01 1.68671042e-01
    8.81867051e-01 1.61742121e-01 9.48103011e-01 5.64446807e-01
    8.32270205e-01 8.33944917e-01 2.65710890e-01 5.52719176e-01
    9.50907111e-01 7.64818668e-01 5.99175990e-01 7.37490714e-01
    9.94318962e-01 3.99440169e-01 2.63978124e-01 3.70160341e-02
    1.20964944e-01 4.00957316e-01 4.07454520e-01 6.76607847e-01
    5.29113412e-01 6.97532594e-01 7.20703483e-01 3.72075617e-01
    2.22900778e-01 7.94894218e-01 3.34010720e-02 7.62673914e-01
    7.87236989e-02 8.47650051e-01 5.80538511e-02 6.16608381e-01
    4.22612578e-01 2.13825077e-01 9.11669970e-01 7.44040251e-01
    1.49063140e-01 6.01564348e-01 1.85515821e-01 6.49609983e-01
    2.56138116e-01 5.97346783e-01 4.92068678e-01 6.85234070e-02
    6.60810411e-01 1.16705239e-01 7.90480733e-01 3.82759720e-01
    8.37343335e-02 1.76070392e-01 1.74618363e-02 9.66736794e-01
    1.25705659e-01 2.02785105e-01 2.31253564e-01 9.13427174e-01
    4.30559933e-01 1.49409831e-01 5.20809889e-01 8.57277811e-01
    2.23375797e-01 8.88295174e-01 8.74213040e-01 7.71381199e-01
    4.89012301e-02 8.92509341e-01 8.12109828e-01 9.06626880e-02
    1.23770237e-01 9.50429082e-01 7.36724138e-01 7.92860985e-03
    4.76600915e-01 6.74019217e-01 1.71715289e-01 1.41972125e-01
    4.95767385e-01 1.70394897e-01 2.12365091e-02 4.76036370e-02
    1.99311882e-01 1.47562325e-01 9.56324756e-01 9.57064211e-01
    1.50734782e-02 7.67790914e-01 5.52952111e-01 4.41384077e-01
    8.27416539e-01 1.16408259e-01 2.58962035e-01 3.79588246e-01
    6.18339777e-02 1.78158730e-01 6.29577279e-01 4.98201221e-01
    9.16456223e-01 2.75296390e-01 8.79758596e-02 7.65723884e-01
    4.10875142e-01 5.22000313e-01 4.63932246e-01 1.24400586e-01
    8.27096224e-01 7.53973126e-01 8.37250292e-01 1.19844377e-01
    5.64984381e-01 6.34528756e-01 8.49854469e-01 8.59632730e-01
    1.38784856e-01 5.56534529e-01 6.60318851e-01 8.97949100e-01
    5.86388588e-01 5.61094940e-01 9.33048248e-01 5.55179298e-01
    7.08239079e-02 3.96859050e-02 5.98745763e-01 7.28151560e-01
    8.86643767e-01 3.10022950e-01 8.81337285e-01 3.75230342e-01
    6.09644413e-01 3.43710005e-01 4.76932675e-01 5.30931711e-01
    2.76783973e-01 5.87614238e-01 6.39352918e-01 6.34302497e-01
    8.93694341e-01 9.23267365e-01 4.58698809e-01 1.19912505e-01
    3.63122463e-01 5.38949370e-01 4.42276686e-01 5.17845035e-01
    3.80704790e-01 9.95529413e-01 7.15268195e-01 1.09941870e-01
    3.47369850e-01 9.87163484e-02 8.65085602e-01 3.01782131e-01
    6.14819169e-01 4.14475828e-01 4.36162055e-01 4.70947385e-01
    2.69044429e-01 6.71881795e-01 1.89468265e-01 3.78164113e-01
    2.71816045e-01 9.70572531e-01 3.15719366e-01 2.36897826e-01
    1.27294123e-01 5.32793045e-01 4.76056218e-01 2.93591976e-01
    2.73146629e-01 7.83883929e-01 8.79105806e-01 2.74566889e-01
    6.44858420e-01 7.69132018e-01 7.53918350e-01 7.75832117e-01
    7.96804428e-01 1.45986617e-01 5.78960717e-01 9.30480659e-02
    4.41435933e-01 2.20383644e-01 8.06593060e-01 6.33792698e-01
    4.44679707e-01 6.27672970e-01 2.75907516e-02 6.08162642e-01
    6.19465709e-02 7.93817222e-01 2.68584430e-01 6.37402475e-01
    4.04539198e-01 1.47978783e-01 6.27481222e-01 4.32286143e-01
    2.15125710e-01 2.94806361e-02 9.57537174e-01 6.18105292e-01
    5.84743857e-01 2.70629883e-01 6.17418945e-01 2.01026738e-01
    4.50419456e-01 9.75520849e-01 5.57014108e-01 6.70323253e-01
    5.52978873e-01 6.99855447e-01 6.71122313e-01 3.82491916e-01
    1.14816070e-01 1.29630566e-02 3.05507243e-01 2.63219714e-01
    9.04862881e-01 4.04563904e-01 7.66385257e-01 4.47411984e-01
    4.82038856e-01 3.00984979e-01 1.68230981e-01 5.05776763e-01
    7.31994808e-02 5.33307374e-01 7.05360472e-01 7.75157332e-01
    6.90352917e-03 6.27621293e-01 2.58669734e-01 9.24729824e-01
    7.42572308e-01 5.37689626e-02 2.62942553e-01 6.91331625e-01
    1.51815563e-01 1.47747964e-01 4.39995229e-01 1.70191944e-01
    9.03194070e-01 6.30251765e-01 5.84270120e-01 2.29292572e-01
    8.06760013e-01 9.69959021e-01 4.20247287e-01 6.35287821e-01
    8.39587331e-01 4.99285430e-01 2.96035647e-01 6.34357989e-01
    5.65521896e-01 6.08415902e-01 5.66908360e-01 1.81607306e-01
    8.32837999e-01 2.39790618e-01 8.80834639e-01 4.37477589e-01
    7.80105472e-01 9.22339559e-01 1.89544201e-01 5.52953303e-01
    3.46219420e-01 8.97868752e-01 1.40234768e-01 5.25184572e-01
    2.70449698e-01 7.78641105e-01 3.28348130e-01 4.75451380e-01
    9.16284800e-01 3.77604663e-01 9.55742240e-01 7.02870786e-01
    4.81765032e-01 9.00079250e-01 1.94384515e-01 6.96338117e-01
    3.01073015e-01 4.83587623e-01 6.53305411e-01 8.06148469e-01
    2.55671024e-01 6.35757685e-01 5.18324733e-01 5.93918741e-01
    6.07293606e-01 2.57504940e-01 3.29232305e-01 4.28025126e-01
    1.39416218e-01 7.52980113e-02 7.60838032e-01 1.87218517e-01
    7.67060518e-01 2.00560451e-01 9.45272684e-01 5.06901741e-01
    4.55284476e-01 5.24272323e-01 7.68636525e-01 5.59735596e-02
    2.70068526e-01 7.97696412e-01 9.13779318e-01 3.75079662e-01
    2.12560505e-01 3.13885212e-01 9.88506556e-01 6.02679968e-01
    8.59081745e-02 6.37969971e-01 4.03068274e-01 5.71477354e-01
    8.42338443e-01 9.26515341e-01 5.93882918e-01 5.88218212e-01
    8.06172371e-01 7.84974217e-01 6.42589688e-01 3.46484065e-01
    7.76135206e-01 9.90440130e-01 7.49042571e-01 4.56027687e-02
    3.26513946e-01 6.12667561e-01 6.06369674e-01 9.69408751e-01
    1.80788904e-01 4.54214513e-01 2.37972289e-01 7.72415519e-01
    4.27072525e-01 6.20490193e-01 8.47908616e-01 3.04087996e-01
    8.04898441e-02 6.99843466e-01 3.22544366e-01 8.26264620e-01
    6.39516413e-01 2.61466801e-01 2.30607212e-01 6.08300149e-01
    1.22082055e-01 2.92000771e-01 3.50904107e-01 5.57488739e-01
    5.63941836e-01 4.50359583e-02 3.27853262e-02 6.05994582e-01
    6.83276772e-01 5.24098217e-01 8.16354156e-03 2.94232965e-01
    6.23794734e-01 6.71213448e-01 2.91739792e-01 4.98933494e-02
    2.66964316e-01 4.65264767e-01 8.49854469e-01 8.59632730e-01
    1.38784856e-01 5.56534529e-01 6.60318851e-01 8.97949100e-01
    5.86388588e-01 5.61094940e-01 9.33048248e-01 5.55179298e-01
    7.08239079e-02 3.96859050e-02 5.98745763e-01 7.28151560e-01
    8.86643767e-01 3.10022950e-01 8.81337285e-01 3.75230342e-01
    2.83956468e-01 1.59127295e-01 3.19529474e-02 7.32917309e-01
    5.38865149e-01 4.76139247e-01 9.37981606e-01 4.70821559e-02
    8.24064851e-01 9.39002275e-01 9.02890086e-01 3.13900858e-01
    1.09144360e-01 3.96718264e-01 2.18662143e-01 8.30941021e-01
    8.16370010e-01 7.71601677e-01 9.44813013e-01 4.79621589e-02
    8.64086151e-01 7.17991531e-01 8.13124299e-01 6.45149887e-01
    2.91644454e-01 4.97286648e-01 3.70982289e-03 2.80384541e-01
    2.72683799e-01 6.01035416e-01 9.66071248e-01 6.30320609e-02
    5.05238771e-03 3.72454941e-01 9.83430505e-01 6.68434381e-01
    1.04308128e-03 7.80524373e-01 3.96949917e-01 6.46129251e-02
    2.22102135e-01 9.59599733e-01 2.27967262e-01 3.09571743e-01
    2.37596333e-02 9.13785458e-01 3.43210101e-01 9.25312042e-01
    9.60834622e-02 3.67035538e-01 2.68042684e-02 7.52979755e-01
    1.12098157e-01 9.55178380e-01 9.20060039e-01 3.16379488e-01
    3.52349699e-01 5.62009037e-01 7.92157531e-01 2.55789816e-01
    5.23514926e-01 7.73685575e-01 9.37789679e-01 4.49555814e-02
    6.52096927e-01 9.99298990e-02 7.91372120e-01 5.98250151e-01
    9.56227303e-01 4.10573840e-01 3.55764031e-02 7.68857360e-01
    3.23873341e-01 4.34284300e-01 1.71348751e-01 4.75405037e-01
    9.47682858e-01 8.01361263e-01 5.37277937e-01 4.15872335e-02
    7.95566201e-01 5.10719836e-01 9.29449558e-01 7.90200949e-01
    5.13493896e-01 9.49907064e-01 1.98011547e-01 2.43652523e-01
    6.94527388e-01 6.88689232e-01 5.06711960e-01 5.87325156e-01
    5.85891485e-01 1.78053975e-02 5.58504403e-01 9.74643946e-01
    2.93243527e-01 7.11577594e-01 9.25139487e-01 2.72857428e-01
    7.10843563e-01 9.79984045e-01 4.36464012e-01 9.31847095e-01
    7.68569708e-02 6.37161851e-01 2.75979370e-01 4.53553796e-01
    3.27070117e-01 4.70101714e-01 7.80602634e-01 4.08695310e-01
    3.45153034e-01 8.57529640e-01 4.55229819e-01 8.40811014e-01
    7.47487307e-01 1.13839954e-01 9.20422375e-01 4.47510451e-01
    6.45868242e-01 9.22744155e-01 4.36485380e-01 8.23749900e-01
    2.02297032e-01 9.09701109e-01 5.96020520e-02 3.64519179e-01
    8.79514694e-01 9.23829913e-01 3.64223778e-01 9.51420367e-01
    7.05055892e-01 3.75476956e-01 2.68978000e-01 8.65830064e-01
    5.34100711e-01 5.82615733e-01 6.72510147e-01 1.73063159e-01
    1.73046559e-01 3.35690379e-02 6.18661344e-02 6.39480233e-01
    8.86884212e-01 6.73468828e-01 6.40894055e-01 9.75930333e-01
    2.13800699e-01 3.29882383e-01 9.78720546e-01 7.64932752e-01
    8.76498759e-01 2.92189538e-01 8.23443770e-01 6.31802797e-01
    8.96011710e-01 8.89437079e-01 6.61903739e-01 9.70912576e-01
    2.82329559e-01 8.54677856e-02 3.81885052e-01 1.05078816e-02
    2.56347835e-01 6.29245996e-01 9.90608633e-01 5.58229387e-01
    7.42554903e-01 7.01212823e-01 2.01461881e-01 5.94354808e-01
    5.94258428e-01 4.49280530e-01 5.14159441e-01 2.51224756e-01
    7.41345406e-01 9.73916769e-01 7.22246647e-01 4.65107024e-01
    4.80666757e-03 2.22860485e-01 9.00763273e-02 1.02571756e-01
    1.44782066e-01 6.94932342e-01 6.40591860e-01 9.43729043e-01
    3.34388137e-01 8.93426538e-01 7.53652930e-01 7.99980044e-01
    6.28857911e-01 3.63179117e-01 3.20437253e-01 4.44915920e-01
    8.55500698e-01 4.44320440e-01 5.84094584e-01 2.44039237e-01
    1.03976607e-01 5.81390381e-01 6.29791319e-01 3.42819035e-01
    3.26382399e-01 2.57029653e-01 1.82212293e-02 7.47164130e-01
    5.88718772e-01 1.87900156e-01 6.04890645e-01 6.39955878e-01
    6.36876464e-01 2.55158305e-01 1.50401443e-01 5.41226804e-01
    8.19396496e-01 2.17540443e-01 8.94068360e-01 6.05954826e-02
    2.11613655e-01 1.95041955e-01 5.37460566e-01 5.07585943e-01
    7.71470547e-01 4.86488223e-01 2.85654008e-01 3.61413121e-01
    3.70312512e-01 4.14092332e-01 1.99555844e-01 4.35939580e-01
    3.48209023e-01 8.31026733e-02 3.30633849e-01 5.62541962e-01
    7.58515775e-01 4.17121381e-01 5.52213132e-01 6.25402689e-01
    5.29602826e-01 1.87832803e-01 2.70096272e-01 6.39916241e-01
    6.85868740e-01 1.77092910e-01 5.66716552e-01 2.75396287e-01
    9.74762142e-02 4.89091277e-01 9.13685620e-01 9.03382182e-01
    9.44585383e-01 4.47915941e-01 7.91437984e-01 9.03914988e-01
    2.83956468e-01 1.59127295e-01 3.19529474e-02 7.32917309e-01
    5.38865149e-01 4.76139247e-01 9.37981606e-01 4.70821559e-02
    8.24064851e-01 9.39002275e-01 9.02890086e-01 3.13900858e-01
    1.09144360e-01 3.96718264e-01 2.18662143e-01 8.30941021e-01
    8.16370010e-01 7.71601677e-01 2.39495635e-01 8.40067267e-01
    7.10203171e-01 3.84059697e-01 3.61048162e-01 5.01661539e-01
    8.43555152e-01 9.72718716e-01 3.53881955e-01 8.98117781e-01
    5.21785319e-01 2.11285770e-01 4.48219121e-01 7.04701900e-01
    6.63112283e-01 5.05949914e-01 8.11231375e-01 7.86363125e-01
    9.49415565e-01 5.86260617e-01 6.36407793e-01 1.95727408e-01
    9.82542515e-01 2.87935615e-01 1.22253537e-01 7.04886734e-01
    3.50379020e-01 5.00225186e-01 1.40918523e-01 9.63243484e-01
    4.02922869e-01 3.40446055e-01 1.53975517e-01 9.71161723e-01
    3.53914440e-01 8.70295942e-01 4.21894014e-01 8.82119775e-01
    6.19085968e-01 2.36323088e-01 6.48325384e-01 3.76082271e-01
    5.23936927e-01 6.61618352e-01 7.82410502e-01 8.55394125e-01
    9.29444909e-01 8.46207678e-01 9.40358341e-01 7.72609413e-02
    6.67610228e-01 6.39861703e-01 2.72541940e-01 1.67285949e-01
    7.64025629e-01 3.04464132e-01 3.57536376e-01 1.87161714e-01
    8.32398295e-01 1.78148896e-01 3.71909052e-01 2.47887313e-01
    9.41721439e-01 7.61715412e-01 9.19913173e-01 6.93020761e-01
    6.98313594e-01 3.40370834e-01 5.58055639e-02 1.01305991e-01
    9.40201402e-01 8.94230127e-01 3.62231493e-01 9.07083988e-01
    7.38564610e-01 5.77994585e-02 3.40490103e-01 7.72429705e-01
    5.17033339e-01 8.17098498e-01 5.15403211e-01 7.46130109e-01
    6.81792855e-01 4.10554945e-01 9.47571099e-01 2.09957480e-01
    9.52153683e-01 5.38535476e-01 6.72864676e-01 9.13603663e-01
    2.87644297e-01 3.88797820e-02 8.04425836e-01 6.31396174e-01
    1.67393357e-01 4.77190673e-01 2.39181638e-01 1.20747179e-01
    6.98376119e-01 9.43656743e-01 3.22150648e-01 8.99763465e-01
    9.24997151e-01 6.90828383e-01 9.33316946e-01 4.13398027e-01
    1.25386238e-01 9.65172410e-01 5.32525599e-01 4.48191762e-02
    9.47583199e-01 3.03473383e-01 7.25324452e-01 8.64372253e-02
    4.68297333e-01 7.14606881e-01 2.41883039e-01 5.75795352e-01
    3.02002132e-01 4.25916314e-01 3.16723883e-02 9.67957735e-01
    9.30870056e-01 7.05578864e-01 8.70469272e-01 4.04129922e-02
    4.79859620e-01 5.81197500e-01 5.31973660e-01 1.85599655e-01
    7.46995389e-01 8.13655555e-01 3.63023639e-01 8.33396196e-01
    7.80643702e-01 2.72632837e-01 3.84567112e-01 7.36572266e-01
    3.48433554e-01 3.72412741e-01 4.03769851e-01 3.53872001e-01
    6.60621166e-01 3.71447623e-01 6.99538827e-01 3.71593356e-01
    3.12449157e-01 4.46195334e-01 3.53906810e-01 5.15709519e-01
    8.00787568e-01 2.51693904e-01 3.11658621e-01 9.21301484e-01
    8.37529719e-01 1.75318062e-01 5.08162200e-01 3.88242245e-01
    5.81996799e-01 6.59858286e-02 9.14696991e-01 8.53487611e-01
    3.53652716e-01 6.72857225e-01 2.66290307e-02 7.59164691e-01
    7.88690567e-01 3.74305248e-01 3.25999260e-01 5.30090272e-01
    8.12912941e-01 3.31258476e-01 3.49322319e-01 3.21854889e-01
    6.77302241e-01 6.79900408e-01 5.78632951e-01 6.06994629e-02
    1.86372519e-01 9.49967027e-01 1.78697020e-01 7.33731389e-01
    1.07735366e-01 4.28445518e-01 7.68981338e-01 7.54793346e-01
    1.61679596e-01 6.94259465e-01 7.49346077e-01 1.08637094e-01
    5.78248143e-01 8.75339508e-02 1.03634864e-01 9.37965035e-01
    7.86437273e-01 3.94381523e-01 4.22285795e-02 1.00416064e-01
    6.38464808e-01 3.06111038e-01 4.14253861e-01 2.96835214e-01
    3.82498533e-01 1.75449103e-01 6.98973894e-01 2.60529757e-01
    8.12390089e-01 8.71125221e-01 6.62572682e-02 1.81762010e-01
    3.09533507e-01 5.65662622e-01 6.91142380e-02 7.53677070e-01
    3.08252960e-01 3.93468678e-01 3.86001408e-01 5.80376804e-01
    8.31728816e-01 1.53641492e-01 7.79156089e-01 4.35811251e-01
    9.99129832e-01 2.59845555e-01 5.14274836e-01 9.76499021e-01
    2.16117233e-01 4.05305624e-02 5.19225001e-03 4.15585726e-01
    7.17765391e-02 5.85805535e-01 4.12277877e-01 9.33596492e-02
    6.95326924e-01 3.90984118e-02 4.13442940e-01 1.02859437e-02
    7.84100413e-01 5.02151132e-01 9.27570820e-01 1.25283360e-01
    7.93439388e-01 1.88085258e-01 2.86392331e-01 7.28799939e-01
    5.45378625e-01 2.50978082e-01 3.30344081e-01 8.12761664e-01
    2.65922099e-01 7.07059801e-01 3.71396661e-01 8.93582463e-01
    9.74367261e-01 2.92480141e-01 2.39495635e-01 8.40067267e-01
    7.10203171e-01 3.84059697e-01 3.61048162e-01 5.01661539e-01
    8.43555152e-01 9.72718716e-01 3.53881955e-01 8.98117781e-01
    5.21785319e-01 2.11285770e-01 4.48219121e-01 7.04701900e-01
    6.63112283e-01 5.05949914e-01 8.11231375e-01 7.86363125e-01
    5.96040905e-01 9.45678592e-01 7.62185454e-02 8.25659275e-01
    5.67857087e-01 5.53472459e-01 1.39016002e-01 4.10470963e-01
    3.34521979e-01 4.71521676e-01 1.66600734e-01 4.90288675e-01
    4.49992865e-01 9.03682232e-01 1.80596560e-01 8.82724464e-01
    3.36809576e-01 4.23294127e-01 7.27243066e-01 9.05311227e-01
    5.82020998e-01 7.90849209e-01 1.17420852e-02 3.52048576e-01
    6.28120601e-02 1.51692033e-02 8.87305617e-01 8.47821832e-01
    9.57808733e-01 1.08217865e-01 9.16422069e-01 5.61896145e-01
    9.53386724e-01 4.75424349e-01 5.35703361e-01 6.56284571e-01
    6.75048470e-01 1.70877874e-01 6.59928262e-01 2.70120263e-01
    1.22107744e-01 1.37379855e-01 4.16876942e-01 3.60603631e-02
    2.02156723e-01 1.62643522e-01 2.73789227e-01 7.82545447e-01
    4.16339457e-01 3.09868693e-01 8.67888570e-01 6.18605733e-01
    9.63811219e-01 8.19590211e-01 4.96217459e-01 6.74956918e-01
    1.80958211e-01 9.15212870e-01 8.03595901e-01 8.26971233e-01
    7.61027336e-01 9.47443604e-01 8.93846869e-01 4.22739416e-01
    5.15896082e-02 1.94372863e-01 1.64612114e-01 1.01830125e-01
    5.84906936e-02 6.50736570e-01 7.52367258e-01 8.71590614e-01
    2.14108199e-01 9.23547149e-01 4.21464950e-01 5.50077319e-01
    4.76746470e-01 1.52569801e-01 6.47710323e-01 4.75873739e-01
    7.86384463e-01 3.27356994e-01 4.54989910e-01 6.86421871e-01
    3.51900518e-01 1.83803529e-01 2.44325012e-01 2.81776845e-01
    7.96945274e-01 7.58763433e-01 4.43728566e-01 1.37034148e-01
    6.80519998e-01 4.27163422e-01 9.76869106e-01 2.41004884e-01
    1.08411461e-01 2.89505482e-01 7.87712097e-01 5.69522619e-01
    7.06305265e-01 9.92942154e-01 7.90671706e-01 7.09519446e-01
    7.89051473e-01 6.36134744e-01 1.14027232e-01 6.33828104e-01
    3.64576221e-01 8.49881768e-01 5.87691307e-01 9.22354341e-01
    8.03332567e-01 7.36798346e-01 6.17994189e-01 3.81458610e-01
    5.53320646e-01 2.16897190e-01 5.74103594e-01 8.04171443e-01
    5.68360090e-03 3.77820522e-01 3.19859684e-01 7.68112838e-02
    2.23550022e-01 2.73787916e-01 9.99286294e-01 7.91884124e-01
    8.52608442e-01 4.50309575e-01 6.01189733e-01 2.80427337e-01
    4.81689930e-01 8.28764439e-02 1.29665375e-01 4.27845597e-01
    2.22971559e-01 6.98843718e-01 1.92203522e-02 7.44692504e-01
    5.18617034e-01 6.23201549e-01 5.41814685e-01 3.16815257e-01
    2.26134121e-01 4.75722730e-01 8.88028383e-01 5.09985924e-01
    1.34693027e-01 3.49196196e-01 1.68850780e-01 9.69272912e-01
    7.42021322e-01 8.72454643e-02 7.34616816e-01 6.14784718e-01
    9.30512190e-01 5.59183836e-01 7.29340732e-01 7.54394174e-01
    9.44777429e-02 8.76922548e-01 1.41626477e-01 8.33895504e-01
    4.80207503e-01 4.97704029e-01 4.94580090e-01 7.56855905e-02
    1.57206863e-01 3.35096985e-01 2.29027987e-01 6.90285742e-01
    3.33353341e-01 5.85500062e-01 2.96137691e-01 2.22651869e-01
    4.81322646e-01 4.97696459e-01 9.30035233e-01 6.86075151e-01
    2.51541793e-01 7.02840984e-02 8.25674832e-01 8.23605001e-01
    4.38712776e-01 2.97232419e-01 8.99285316e-01 7.69215941e-01
    8.26747715e-02 3.94818902e-01 2.25789756e-01 7.71409869e-01
    3.95635903e-01 9.04451966e-01 5.58017790e-02 6.83127403e-01
    1.00004077e-02 2.26470619e-01 9.10236537e-01 3.15115511e-01
    2.35840380e-02 1.70767456e-01 7.33668506e-01 1.78298920e-01
    4.05684859e-01 4.03025299e-01 6.41349137e-01 3.88237178e-01
    3.91515344e-01 9.87234294e-01 8.22501600e-01 3.26590270e-01
    9.41009879e-01 9.57560420e-01 7.35524774e-01 2.52805144e-01
    9.85030711e-01 8.83806825e-01 1.32533610e-01 6.86287403e-01
    1.03952080e-01 7.27793992e-01 3.89370948e-01 4.75570858e-01
    3.61515552e-01 7.29166090e-01 2.95479715e-01 3.22623134e-01
    6.94037080e-02 8.89716744e-01 3.46276820e-01 2.46060789e-01
    7.65859842e-01 2.33308613e-01 8.37047935e-01 7.51821041e-01
    7.30476141e-01 4.16116476e-01 2.40407258e-01 7.12520003e-01
    2.40547985e-01 1.08076751e-01 9.54891145e-01 7.66390562e-01
    1.08764142e-01 5.44455111e-01 5.59197426e-01 1.45356655e-01
    4.76004183e-02 1.01754755e-01 1.21087849e-01 2.38401294e-02
    6.66606486e-01 4.02239859e-02 8.83892536e-01 5.69609106e-02
    5.96040905e-01 9.45678592e-01 7.62185454e-02 8.25659275e-01
    5.67857087e-01 5.53472459e-01 1.39016002e-01 4.10470963e-01
    3.34521979e-01 4.71521676e-01 1.66600734e-01 4.90288675e-01
    4.49992865e-01 9.03682232e-01 1.80596560e-01 8.82724464e-01
    3.36809576e-01 4.23294127e-01 1.07504129e-01 8.62527668e-01
    3.44516516e-01 8.24028373e-01 6.83256328e-01 6.23325765e-01
    7.08882034e-01 7.09650099e-01 2.16226459e-01 6.76452637e-01
    6.51263118e-01 3.00210357e-01 1.84309602e-01 3.93316984e-01
    4.14668262e-01 6.82427585e-02 7.67385662e-01 3.16703975e-01
    9.52419281e-01 1.52811050e-01 5.62624216e-01 5.82423508e-01
    5.96777439e-01 2.01979607e-01 8.78915191e-03 4.50585365e-01
    1.47606373e-01 5.13837516e-01 4.65238452e-01 1.32536292e-02
    2.05388218e-01 1.08340561e-01 1.85105532e-01 8.43103409e-01
    7.93161750e-01 4.47383434e-01 9.96741891e-01 6.25389695e-01
    3.75128061e-01 8.35386992e-01 1.64984107e-01 5.40166080e-01
    5.17460942e-01 3.93752545e-01 1.12356752e-01 5.07864535e-01
    8.48552108e-01 6.10632837e-01 8.95749927e-01 2.07535714e-01
    1.34750068e-01 8.63111496e-01 2.09342539e-01 3.00868750e-01
    2.56473243e-01 6.89965963e-01 2.33872592e-01 3.30432653e-01
    4.02707547e-01 6.15248263e-01 3.26663435e-01 6.42842412e-01
    3.20478320e-01 2.56034166e-01 9.10698712e-01 7.87498891e-01
    3.98759842e-01 7.21311927e-01 2.66444683e-01 5.25203049e-01
    4.19583142e-01 8.59715044e-02 5.61697483e-02 3.87843132e-01
    9.06957686e-01 1.45703793e-01 2.86074162e-01 7.59745121e-01
    5.78161657e-01 9.61597443e-01 5.79177976e-01 7.16187060e-02
    8.58255327e-02 4.24361050e-01 7.32549369e-01 4.23651069e-01
    8.02490234e-01 5.52721560e-01 4.36195552e-01 1.81621075e-01
    8.13985825e-01 6.46480918e-01 3.50338936e-01 9.89146113e-01
    7.75766551e-01 8.72761250e-01 7.19152272e-01 5.30569434e-01
    8.12282205e-01 5.68979681e-01 2.34593272e-01 1.85784966e-01
    4.44157064e-01 8.26824009e-01 6.48513675e-01 2.24305511e-01
    9.16960120e-01 5.29281437e-01 7.49980450e-01 8.46252084e-01
    7.78454304e-01 3.77942145e-01 9.43768680e-01 5.58637023e-01
    1.88628167e-01 3.99485350e-01 4.71413851e-01 5.35701692e-01
    4.74522799e-01 9.82419133e-01 1.07524514e-01 5.84669888e-01
    1.04739428e-01 6.09984517e-01 4.19217348e-03 3.44837785e-01
    7.93765008e-01 2.16999441e-01 8.16516280e-01 8.60072374e-01
    8.61306548e-01 3.32123160e-01 9.47252750e-01 4.62461323e-01
    2.03321457e-01 4.78349745e-01 8.07185292e-01 8.37950051e-01
    2.05829620e-01 7.57283688e-01 4.66230035e-01 9.82921243e-01
    4.97755259e-01 4.06197995e-01 3.73576283e-01 2.02342570e-02
    2.81933576e-01 7.78030276e-01 9.78646338e-01 7.48294234e-01
    6.56643867e-01 9.01518524e-01 6.76097393e-01 2.19796747e-01
    5.65886497e-01 9.87015724e-01 2.28457153e-02 3.75543416e-01
    6.87632143e-01 3.14985633e-01 3.09453547e-01 8.96183252e-01
    9.71294761e-01 3.90812874e-01 5.56388319e-01 7.41552114e-02
    1.75313652e-02 1.54010594e-01 5.25630236e-01 8.63727927e-01
    6.49385214e-01 7.41910577e-01 7.25014269e-01 2.16947913e-01
    9.09337223e-01 8.06213021e-01 4.50819582e-01 1.88760161e-01
    6.76696062e-01 4.99846488e-01 8.58860314e-02 6.71453476e-02
    4.87360746e-01 1.98237777e-01 2.38591433e-03 2.23840833e-01
    8.73237789e-01 7.54026473e-01 8.80112112e-01 4.38458323e-01
    3.25759947e-01 2.48385370e-01 7.64271617e-01 6.54065609e-03
    1.43309832e-02 8.55615318e-01 4.44337696e-01 2.96794057e-01
    9.86200333e-01 2.54755557e-01 4.83623862e-01 3.64857376e-01
    7.18084931e-01 1.46970093e-01 2.26829171e-01 5.41682959e-01
    6.66240990e-01 1.74208581e-02 8.48920226e-01 1.26657814e-01
    6.35765076e-01 2.83273578e-01 7.52550542e-01 8.41296375e-01
    8.87364030e-01 2.35890210e-01 1.61937088e-01 3.00101578e-01
    1.94132000e-01 3.79020452e-01 1.31027073e-01 3.11706960e-01
    6.54903650e-02 4.35643226e-01 8.84717166e-01 4.21177477e-01
    5.85548699e-01 2.16310740e-01 3.30580860e-01 4.80720639e-01
    4.87367421e-01 5.10738313e-01 4.78971720e-01 7.11700678e-01
    4.35106456e-01 6.13319397e-01 5.51202118e-01 6.37395263e-01
    2.64155626e-01 9.69800830e-01 2.34351128e-01 2.55334020e-01
    4.54572320e-01 9.56752658e-01 8.13708603e-02 3.03344727e-02
    9.80952621e-01 2.94947028e-02 9.85534251e-01 4.66299295e-01
    3.14238906e-01 9.76672530e-01 4.31256294e-02 9.36782002e-01
    8.45775545e-01 7.21288025e-01 1.07504129e-01 8.62527668e-01
    3.44516516e-01 8.24028373e-01 6.83256328e-01 6.23325765e-01
    7.08882034e-01 7.09650099e-01 2.16226459e-01 6.76452637e-01
    6.51263118e-01 3.00210357e-01 1.84309602e-01 3.93316984e-01
    4.14668262e-01 6.82427585e-02 7.67385662e-01 3.16703975e-01
    9.76444721e-01 5.97632110e-01 7.50084043e-01 6.10686302e-01
    1.77134842e-01 9.25499082e-01 3.74330997e-01 2.40309983e-01
    7.30773449e-01 2.45985776e-01 4.51521307e-01 6.67814136e-01
    6.65033579e-01 4.32208657e-01 3.03851455e-01 7.83189416e-01
    1.46254480e-01 7.27102876e-01 6.35177732e-01 5.36897182e-01
    6.36157691e-01 8.04412365e-01 1.28729790e-01 6.86360598e-01
    6.14071608e-01 9.97486591e-01 9.69133258e-01 3.11604887e-01
    3.69519264e-01 1.46050870e-01 2.15350688e-02 4.90587533e-01
    7.24978447e-02 8.36718917e-01 7.84848452e-01 1.63831353e-01
    1.74505830e-01 4.99061257e-01 2.56735146e-01 8.89996409e-01
    9.58661556e-01 3.60153198e-01 8.75283897e-01 1.26445293e-03
    4.33204591e-01 4.98554260e-01 9.57134128e-01 7.41249204e-01
    3.26861829e-01 8.58927608e-01 9.21793342e-01 6.07077956e-01
    1.68649077e-01 5.99356294e-01 5.85017443e-01 9.09321666e-01
    6.57367885e-01 2.01053917e-01 4.27306056e-01 8.48242044e-01
    1.86648428e-01 5.75556695e-01 6.84738219e-01 6.60783052e-03
    1.99982494e-01 7.00638354e-01 5.62151909e-01 6.12059355e-01
    8.49838018e-01 8.69703889e-02 7.49241233e-01 9.80599523e-01
    8.48903179e-01 9.77110207e-01 2.70254612e-02 4.79154229e-01
    8.62616420e-01 7.19813883e-01 2.67631292e-01 2.97658652e-01
    7.81124651e-01 7.98054218e-01 1.17085308e-01 4.42856669e-01
    8.52170706e-01 7.64884830e-01 4.68744516e-01 7.26607740e-01
    5.77972651e-01 4.99567270e-01 9.33274269e-01 6.59077168e-02
    1.62037104e-01 6.46682620e-01 7.32466221e-01 5.61419606e-01
    6.55150414e-01 9.63355899e-02 6.87377274e-01 7.40307450e-01
    2.06297338e-01 8.00464213e-01 6.96045816e-01 2.09417939e-01
    1.77447677e-01 3.34645152e-01 4.00341034e-01 8.06612015e-01
    1.18045837e-01 5.43283761e-01 5.75505257e-01 8.61627460e-01
    1.61311358e-01 1.86561465e-01 7.73578048e-01 6.64478600e-01
    9.36854959e-01 7.59053111e-01 4.58351433e-01 6.44379735e-01
    3.99581492e-01 2.08658159e-01 8.81437004e-01 5.19375741e-01
    6.98444784e-01 5.83307445e-02 3.26447666e-01 1.38209373e-01
    5.64961433e-01 1.11110449e-01 5.29262722e-01 1.90292031e-01
    9.61470962e-01 4.45526958e-01 7.07916498e-01 5.50766706e-01
    1.59217954e-01 7.76705801e-01 4.93243873e-01 8.71885538e-01
    5.36422729e-02 6.19459510e-01 2.03539938e-01 2.89166152e-01
    1.72035605e-01 1.55599326e-01 3.09276611e-01 5.74199736e-01
    8.89558792e-01 1.67818397e-01 8.23176026e-01 8.52409124e-01
    9.79715586e-03 8.93098414e-02 8.20566058e-01 5.22878051e-01
    1.47487819e-01 2.18794465e-01 1.80766612e-01 6.37548923e-01
    4.88439798e-02 3.33839685e-01 6.89212859e-01 9.13581848e-02
    6.26792908e-02 4.33622837e-01 3.17718387e-02 3.48582745e-01
    8.10918629e-01 8.15233231e-01 1.32785648e-01 1.01914525e-01
    6.95490003e-01 9.19876397e-01 8.91494393e-01 1.63461328e-01
    7.21665382e-01 6.37213290e-01 9.43733513e-01 2.46189535e-02
    6.58400059e-02 3.64382565e-01 5.86293042e-01 5.86499572e-01
    2.35418946e-01 4.23781037e-01 5.56821585e-01 9.19680417e-01
    6.31228626e-01 8.39080215e-02 1.17579669e-01 6.57135606e-01
    3.95603776e-01 7.59188414e-01 7.51162529e-01 4.16800529e-01
    2.31972128e-01 3.65561366e-01 4.80063915e-01 4.42725509e-01
    1.98683143e-01 8.83048415e-01 6.33097649e-01 8.94481421e-01
    5.74624419e-01 5.79856753e-01 6.94931865e-01 3.58203679e-01
    7.46331394e-01 9.93484616e-01 1.17411315e-02 7.07331479e-01
    1.18445456e-02 4.49754924e-01 1.21833026e-01 7.36892104e-01
    9.25604463e-01 4.99017179e-01 9.72064257e-01 6.22748315e-01
    1.16708279e-02 9.65321660e-01 2.11106032e-01 3.46011817e-01
    4.30821538e-01 4.27554429e-01 2.97191024e-01 4.99505699e-02
    3.68029982e-01 5.68414152e-01 6.80624962e-01 8.44871342e-01
    2.44317979e-01 9.78652656e-01 6.58567369e-01 5.84764123e-01
    8.87895823e-01 4.85367239e-01 5.08922577e-01 2.33373821e-01
    8.91683519e-01 2.11542487e-01 4.51481104e-01 6.24864221e-01
    5.31816185e-02 6.42470896e-01 2.78614521e-01 7.41813242e-01
    6.32217646e-01 9.32099044e-01 3.20172817e-01 1.32445812e-01
    9.94315326e-01 1.64392322e-01 1.45964921e-02 9.95291352e-01
    9.76444721e-01 5.97632110e-01 7.50084043e-01 6.10686302e-01
    1.77134842e-01 9.25499082e-01 3.74330997e-01 2.40309983e-01
    7.30773449e-01 2.45985776e-01 4.51521307e-01 6.67814136e-01
    6.65033579e-01 4.32208657e-01 3.03851455e-01 7.83189416e-01
    1.46254480e-01 7.27102876e-01 2.18122333e-01 7.30748534e-01
    4.54610646e-01 5.97480714e-01 9.93659973e-01 1.67791069e-01
    6.39510155e-01 6.52691483e-01 7.45993257e-01 5.81325948e-01
    3.02089959e-01 5.19459367e-01 7.12113261e-01 5.50696909e-01
    6.72114134e-01 6.61039412e-01 8.79834235e-01 6.49873555e-01
    6.87844872e-01 4.03595895e-01 3.57101142e-01 6.92448497e-01
    2.90941298e-01 7.27728248e-01 7.63244390e-01 7.30569839e-01
    5.70684493e-01 1.21647000e-01 5.32634258e-01 7.00871944e-01
    7.91011453e-01 5.57278872e-01 9.32041049e-01 2.97588587e-01
    1.83411926e-01 8.81939769e-01 2.58102298e-01 6.67237580e-01
    5.46048045e-01 1.34171247e-01 1.84071064e-01 1.34866834e-01
    2.91494668e-01 3.13595384e-01 4.49295908e-01 5.77650964e-01
    1.79863781e-01 9.05456424e-01 9.10748363e-01 7.03142285e-01
    2.16853321e-01 7.86964476e-01 5.48385441e-01 7.90205598e-02
    9.87798810e-01 4.94588375e-01 2.71524966e-01 7.54540563e-01
    5.55675447e-01 7.11418509e-01 3.81199509e-01 7.88984776e-01
    1.83895379e-01 3.47889304e-01 7.66575933e-02 1.34436250e-01
    6.71027601e-02 4.71281946e-01 2.19999552e-02 9.08719301e-01
    4.80497897e-01 9.62222636e-01 4.89827216e-01 5.66700995e-01
    8.33968401e-01 4.77295816e-02 3.59090090e-01 8.30224395e-01
    6.32640183e-01 1.09076858e-01 5.05828440e-01 2.35100478e-01
    3.01370323e-01 8.44955146e-01 5.23270309e-01 1.72892511e-01
    1.35089457e-02 2.34939963e-01 7.20289946e-01 1.00801945e-01
    5.32138109e-01 4.33887362e-01 3.88136744e-01 2.79463887e-01
    9.27182317e-01 2.28142858e-01 5.40669560e-01 3.70401382e-01
    5.56281030e-01 9.48811173e-02 1.08487159e-01 7.58863389e-01
    8.58901024e-01 9.03555155e-01 9.85494018e-01 2.73390472e-01
    8.60323906e-01 3.23776364e-01 6.71704531e-01 1.10974908e-01
    2.37157941e-03 7.40972281e-01 5.45150280e-01 2.12672353e-02
    5.13704419e-02 8.15839648e-01 9.24176455e-01 3.02377224e-01
    6.06685281e-01 3.41798723e-01 3.17640573e-01 9.77528214e-01
    8.66098106e-02 4.40395802e-01 3.85013998e-01 4.08337086e-01
    7.65516758e-01 8.09623003e-02 3.94386798e-01 6.96451664e-01
    8.89595747e-02 3.12708378e-01 1.85811609e-01 1.39428735e-01
    8.97360086e-01 4.56969440e-01 5.67490518e-01 4.83967781e-01
    2.56592572e-01 8.14924836e-01 8.18258405e-01 5.62980056e-01
    5.84788203e-01 7.99998045e-01 7.85561264e-01 8.45007896e-01
    9.02395546e-02 8.31976354e-01 2.28040755e-01 6.96719527e-01
    8.77016246e-01 4.17550683e-01 1.33410096e-01 5.07440567e-01
    8.03586245e-01 5.01907468e-01 2.85126448e-01 9.73550677e-02
    5.73875964e-01 5.43132484e-01 4.43377852e-01 2.31623888e-01
    7.29036212e-01 9.32099819e-02 3.88221890e-01 1.99223250e-01
    7.13240147e-01 8.21038723e-01 3.06191921e-01 3.45636517e-01
    8.60178173e-02 2.82672763e-01 9.36765313e-01 2.88425624e-01
    5.50112307e-01 2.35605717e-01 1.35522544e-01 3.17218900e-02
    7.17962086e-01 9.60990369e-01 7.33694196e-01 2.97602892e-01
    8.42226028e-01 7.35194802e-01 2.22180903e-01 3.31525207e-02
    5.42513251e-01 9.48050976e-01 7.44268894e-01 1.15452468e-01
    9.52495456e-01 8.75315011e-01 3.74407768e-02 1.44774228e-01
    6.77376509e-01 9.62068856e-01 6.16333067e-01 9.57696438e-02
    4.87832040e-01 5.21651745e-01 4.77121413e-01 5.33966303e-01
    7.04626739e-02 9.25361037e-01 1.18611962e-01 8.65982890e-01
    5.85206926e-01 7.61642575e-01 9.09410000e-01 2.69071460e-01
    3.26688766e-01 5.42598605e-01 4.35609221e-01 2.99387902e-01
    7.92404771e-01 9.15107250e-01 8.85459781e-01 4.33669746e-01
    8.15875769e-01 8.56979966e-01 9.54945207e-01 3.44867826e-01
    1.14285439e-01 6.37778640e-03 8.34408760e-01 9.90893483e-01
    9.37510133e-01 6.53848171e-01 2.68254042e-01 8.16032887e-01
    5.62957585e-01 5.11897504e-02 1.21683180e-01 2.04622388e-01
    6.49099231e-01 9.43390846e-01 1.89797521e-01 2.88149536e-01
    5.25885224e-01 2.20906377e-01 9.89694118e-01 2.83062100e-01
    1.71386063e-01 8.58730972e-02 8.96554947e-01 9.69799995e-01
    7.78813362e-01 8.59421015e-01 6.95515096e-01 5.93306303e-01
    4.86009032e-01 5.82272410e-01 2.04615384e-01 9.16697383e-02
    2.16255575e-01 8.76058936e-02 2.18122333e-01 7.30748534e-01
    4.54610646e-01 5.97480714e-01 9.93659973e-01 1.67791069e-01
    6.39510155e-01 6.52691483e-01 7.45993257e-01 5.81325948e-01
    3.02089959e-01 5.19459367e-01 7.12113261e-01 5.50696909e-01
    6.72114134e-01 6.61039412e-01 8.79834235e-01 6.49873555e-01
    1.32162631e-01 2.06644624e-01 6.68423653e-01 4.36157286e-02
    8.12632322e-01 5.88909090e-01 9.79180813e-01 3.27831209e-01
    4.46397066e-02 1.30888969e-01 4.82335508e-01 1.98001862e-02
    2.25363970e-02 9.86375213e-02 1.20800585e-01 8.23591650e-02
    3.63965034e-01 3.42171371e-01 4.73916054e-01 4.51410383e-01
    5.50241947e-01 5.08493662e-01 8.90333951e-01 5.41801214e-01
    8.90348792e-01 6.19409561e-01 6.14131033e-01 7.30141819e-01
    6.18422687e-01 4.10405695e-02 8.45510960e-01 9.47542548e-01
    8.75251293e-02 2.71788567e-01 8.14722776e-01 1.19716048e-01
    9.36842918e-01 8.80805850e-01 1.53489918e-01 7.51339793e-02
    9.42327380e-01 3.83553863e-01 5.57807148e-01 2.71717101e-01
    1.81097239e-01 8.79067600e-01 1.25997066e-01 6.88733220e-01
    1.99331701e-01 6.13403261e-01 7.02086806e-01 4.22865152e-02
    3.11089188e-01 1.01056606e-01 4.51506078e-01 2.02303737e-01
    1.93644702e-01 5.04590869e-01 8.96843791e-01 1.49708360e-01
    5.27073383e-01 4.47037637e-01 6.82459295e-01 1.05786175e-01
    7.75160015e-01 1.15471095e-01 1.14737153e-01 2.90450156e-01
    5.08246243e-01 1.97595328e-01 2.75080204e-01 2.68473327e-02
    9.52741265e-01 9.18951750e-01 1.75037682e-02 6.65235758e-01
    4.98611271e-01 4.09965217e-01 2.37610996e-01 2.36065179e-01
    9.51611698e-01 4.23002481e-01 4.89499897e-01 8.96511316e-01
    2.36167669e-01 2.55113959e-01 3.60032201e-01 2.19846189e-01
    9.81490552e-01 8.83459747e-02 7.42926002e-01 9.23590839e-01
    8.50664496e-01 7.07808018e-01 9.19532478e-02 4.55588698e-02
    5.10630131e-01 3.43365192e-01 7.74875879e-01 7.06146955e-01
    4.92053151e-01 2.17357606e-01 2.30768770e-01 1.83980048e-01
    7.45223761e-02 6.28443599e-01 1.44837499e-02 6.95457757e-02
    8.79144490e-01 4.57845032e-01 3.51304173e-01 8.83770347e-01
    2.58975208e-01 6.33766174e-01 6.64862752e-01 7.66030014e-01
    7.00349092e-01 6.05956137e-01 6.58375800e-01 6.03357255e-01
    5.43935418e-01 5.96407652e-01 3.27610552e-01 5.83627820e-01
    1.59102678e-02 5.02836108e-01 1.44775093e-01 1.73860073e-01
    2.31874436e-01 7.57676721e-01 4.69174683e-01 2.58696079e-01
    7.58234620e-01 4.73846197e-02 1.50776863e-01 6.65641427e-01
    6.13932967e-01 2.89170265e-01 7.77878106e-01 8.17898989e-01
    4.24788296e-02 4.74234998e-01 3.97795230e-01 1.20200008e-01
    5.97002566e-01 7.74010479e-01 4.04233634e-01 5.99144518e-01
    1.64539248e-01 1.88945860e-01 6.29992604e-01 6.96263433e-01
    5.37036121e-01 9.83700871e-01 6.06107235e-01 2.77289748e-01
    9.85666573e-01 3.29049706e-01 5.64703703e-01 9.84072924e-01
    8.81643414e-01 9.73575950e-01 4.73051697e-01 1.17449492e-01
    8.35520923e-02 5.61779022e-01 7.53393829e-01 8.62367868e-01
    8.97666812e-01 8.75703394e-02 1.50722265e-03 4.07970428e-01
    6.86418414e-02 2.36548066e-01 1.83351874e-01 1.77044123e-01
    8.37375939e-01 6.03171229e-01 2.46579111e-01 6.11719668e-01
    8.37463617e-01 2.21973836e-01 2.55499780e-01 8.53623152e-01
    8.24669540e-01 2.42889822e-02 8.74899328e-02 9.24166679e-01
    4.45114851e-01 9.43993628e-02 1.89125925e-01 8.80743086e-01
    5.51643848e-01 3.81649554e-01 3.28762949e-01 3.28862309e-01
    6.11764610e-01 6.63093030e-02 2.69084275e-01 6.53338790e-01
    6.22986794e-01 8.21637452e-01 7.67782331e-02 2.01867104e-01
    4.82606232e-01 7.42003679e-01 6.52682364e-01 2.04753309e-01
    3.60769391e-01 7.61211634e-01 8.99150372e-02 8.48511934e-01
    5.56512535e-01 4.96460527e-01 8.50737810e-01 3.14210057e-02
    6.53731287e-01 5.03154457e-01 3.15592885e-01 3.96179110e-01
    6.17289066e-01 5.48622549e-01 4.00510609e-01 2.97488689e-01
    6.20820999e-01 5.96032619e-01 9.55577612e-01 2.98305750e-01
    3.27955186e-01 1.28164381e-01 8.97864699e-01 5.18943608e-01
    4.57906991e-01 7.21819878e-01 6.54916823e-01 7.35266507e-01
    5.10967135e-01 3.67012858e-01 8.21758151e-01 6.54574990e-01
    9.02425945e-02 5.48376620e-01 9.65834975e-01 9.55449104e-01
    4.92834270e-01 7.77101517e-01 8.47156644e-01 9.49948430e-02
    3.96870613e-01 5.36140859e-01 2.11872995e-01 3.80406260e-01
    2.05956459e-01 2.78864861e-01 4.10789549e-01 7.04696894e-01
    1.32162631e-01 2.06644624e-01 6.68423653e-01 4.36157286e-02
    8.12632322e-01 5.88909090e-01 9.79180813e-01 3.27831209e-01
    4.46397066e-02 1.30888969e-01 4.82335508e-01 1.98001862e-02
    2.25363970e-02 9.86375213e-02 1.20800585e-01 8.23591650e-02
    3.63965034e-01 3.42171371e-01 9.21569705e-01 7.91169763e-01
    5.07610083e-01 6.02339447e-01 8.41759086e-01 8.65432143e-01
    6.25208139e-01 1.67919397e-02 1.13813281e-01 6.34493589e-01
    6.22369111e-01 5.54631054e-02 3.38475823e-01 4.48864281e-01
    8.44964087e-01 5.66115975e-01 6.33447766e-01 4.11058456e-01
    7.85904050e-01 4.71618354e-01 4.44393069e-01 1.62754387e-01
    9.03180957e-01 6.59411728e-01 1.44761980e-01 6.09003603e-01
    2.72647083e-01 2.16018379e-01 4.95180815e-01 6.22292399e-01
    8.30154240e-01 8.23559463e-01 9.40419495e-01 4.61387396e-01
    6.70721531e-01 6.20182037e-01 5.41877270e-01 6.01929605e-01
    5.55220723e-01 5.52855909e-01 5.38934469e-01 9.02712703e-01
    6.92846656e-01 3.96577299e-01 8.65832627e-01 1.26491874e-01
    7.46569991e-01 8.35510790e-02 3.87190521e-01 3.93263489e-01
    8.71140778e-01 3.45952570e-01 8.31068873e-01 9.00376320e-01
    9.89270270e-01 2.49317229e-01 8.56070638e-01 2.16724962e-01
    7.17967153e-01 1.55194700e-01 2.15961009e-01 9.08087850e-01
    7.23270476e-01 5.41390300e-01 6.45520210e-01 7.31572628e-01
    5.91109931e-01 5.57862759e-01 3.35003793e-01 3.06157410e-01
    3.58962893e-01 7.21443415e-01 4.76694494e-01 9.53641891e-01
    5.70024073e-01 5.79711199e-02 8.54729056e-01 6.30652606e-02
    8.43330860e-01 4.49194491e-01 6.11133575e-01 2.73745358e-01
    6.78038716e-01 1.03446603e-01 6.02383852e-01 7.31834292e-01
    1.09118730e-01 7.57154822e-01 4.73802269e-01 3.58978957e-01
    9.18381333e-01 6.78495765e-01 2.42978394e-01 8.99039984e-01
    2.71736205e-01 3.22962314e-01 7.38275588e-01 8.87171984e-01
    6.26001179e-01 8.74854445e-01 3.89750898e-01 3.11148971e-01
    5.89928329e-02 7.63027370e-02 9.50769722e-01 6.93177938e-01
    5.99962473e-01 9.97912586e-01 2.22747505e-01 8.99591565e-01
    7.10273862e-01 1.91451907e-01 8.89028609e-01 2.60306656e-01
    3.16077769e-02 5.86612284e-01 4.97234315e-01 7.11555958e-01
    7.56489813e-01 4.08925176e-01 6.36285007e-01 2.00462073e-01
    8.65630507e-02 6.21794403e-01 9.06397820e-01 3.16963106e-01
    8.23025167e-01 7.28820086e-01 8.22147489e-01 1.47081673e-01
    9.66036081e-01 1.36876345e-01 8.96460652e-01 6.79434538e-02
    6.13705337e-01 7.40141690e-01 9.70072389e-01 2.70676970e-01
    6.91185951e-01 9.52880740e-01 4.07692492e-01 1.37370557e-01
    2.49135405e-01 2.88396090e-01 8.60598683e-01 9.80460346e-02
    1.00150883e-01 2.50179291e-01 4.69231069e-01 6.27663732e-02
    6.57157302e-02 3.88618320e-01 9.31290329e-01 7.60130584e-01
    3.72970998e-01 9.65300202e-01 7.56120086e-01 6.75472617e-02
    5.55888355e-01 9.75360990e-01 8.22360873e-01 9.03451622e-01
    4.03321028e-01 1.61839843e-01 9.09948349e-03 5.07743359e-02
    7.79318929e-01 1.23934001e-01 4.56630051e-01 1.38508826e-01
    8.11749995e-02 3.64020377e-01 5.15447140e-01 6.38882875e-01
    5.62556088e-01 9.84072983e-01 9.42117572e-02 7.99758852e-01
    7.94914126e-01 7.14804590e-01 4.71273214e-01 1.62644804e-01
    2.83557653e-01 9.86685753e-01 7.34760940e-01 4.37137783e-02
    1.55511558e-01 3.75216305e-01 2.63054132e-01 6.32959306e-02
    3.78325701e-01 6.48790181e-01 7.00704336e-01 6.17762208e-02
    5.01776159e-01 1.19167566e-03 8.98761511e-01 6.77772284e-01
    6.42123759e-01 5.31475604e-01 9.25140738e-01 5.70458829e-01
    1.53140306e-01 2.37280071e-01 1.93397164e-01 5.33867478e-02
    4.18462157e-01 7.12549984e-02 3.16350400e-01 4.84042317e-01
    9.73097682e-02 4.96145427e-01 9.56594884e-01 1.08355045e-01
    8.37304473e-01 9.94657695e-01 7.25434542e-01 8.44139814e-01
    7.36852288e-01 1.66121423e-02 4.14547950e-01 7.00341821e-01
    4.81939018e-01 9.28400457e-01 3.05892169e-01 6.40110970e-02
    9.54056382e-02 1.17399693e-02 8.87020826e-01 5.74652910e-01
    7.19155550e-01 4.04184252e-01 8.29863191e-01 7.39371061e-01
    2.89421022e-01 6.64458573e-01 5.15688956e-01 9.32884216e-03
    7.24911451e-01 9.95643497e-01 3.34360480e-01 8.76039267e-01
    5.36822677e-02 2.21329480e-01 6.08549356e-01 6.83227301e-01
    2.29104608e-01 3.24057698e-01 6.03626609e-01 1.19639844e-01
    8.95309329e-01 4.33498025e-01 7.98397660e-02 1.99972093e-01
    1.70241922e-01 3.77384245e-01 9.21569705e-01 7.91169763e-01
    5.07610083e-01 6.02339447e-01 8.41759086e-01 8.65432143e-01
    6.25208139e-01 1.67919397e-02 1.13813281e-01 6.34493589e-01
    6.22369111e-01 5.54631054e-02 3.38475823e-01 4.48864281e-01
    8.44964087e-01 5.66115975e-01 6.33447766e-01 4.11058456e-01
    6.91344321e-01 6.28873825e-01 1.86662406e-01 5.46659470e-01
    2.64110088e-01 4.67352778e-01 5.75525224e-01 5.52627146e-01
    7.36624241e-01 2.86165297e-01 1.66067481e-01 6.55802429e-01
    8.04764032e-01 8.34047556e-01 5.79443574e-03 4.94447947e-01
    5.68281889e-01 4.86254573e-01 7.49028444e-01 5.60051501e-02
    5.43587565e-01 8.00118208e-01 7.19731450e-02 3.20280671e-01
    1.88139260e-01 3.68973196e-01 6.25712872e-01 3.11447114e-01
    2.92374671e-01 7.90770173e-01 7.11513340e-01 5.17725468e-01
    2.18103379e-01 9.56557393e-01 8.23331833e-01 3.08882892e-01
    8.50139856e-01 6.33573055e-01 5.14178038e-01 7.77541161e-01
    1.43522412e-01 1.94897383e-01 2.08413810e-01 9.28552628e-01
    2.36026436e-01 9.81229544e-01 2.75931656e-02 1.90325409e-01
    1.31770879e-01 8.19472671e-02 8.75189662e-01 7.24277258e-01
    1.34075612e-01 7.54025578e-02 9.63921428e-01 8.13594818e-01
    9.58420753e-01 4.53204900e-01 3.29012245e-01 5.81394792e-01
    4.83129323e-02 4.24636781e-01 9.96282935e-01 9.79184210e-01
    4.38000560e-01 7.56461799e-01 4.35541153e-01 9.55218554e-01
    4.54569668e-01 4.65607792e-01 8.92072916e-02 6.81520462e-01
    9.71225262e-01 6.59628153e-01 5.17304838e-02 9.72204030e-01
    4.55919743e-01 8.44326615e-03 9.97298598e-01 8.61076474e-01
    3.71571124e-01 2.03290969e-01 9.22636330e-01 9.98410583e-01
    1.53343171e-01 7.08217502e-01 1.56367064e-01 8.33778560e-01
    1.49135649e-01 5.65580070e-01 4.39612240e-01 5.90996504e-01
    7.49382377e-01 5.89281738e-01 8.83529186e-01 9.83548880e-01
    4.54588473e-01 2.48385638e-01 4.55659598e-01 6.66287720e-01
    3.89406681e-01 4.93046552e-01 8.30357194e-01 5.52878499e-01
    5.84116518e-01 4.19747829e-02 8.30377638e-01 2.22327441e-01
    1.23405159e-02 3.61595005e-01 5.48695326e-01 5.36117673e-01
    7.34601140e-01 1.98495835e-01 7.94933915e-01 2.48421222e-01
    9.39641774e-01 9.42087889e-01 1.01529896e-01 4.88311946e-02
    6.40218496e-01 8.31153870e-01 3.65935922e-01 7.70449281e-01
    8.31082404e-01 4.59115505e-01 5.19358814e-01 9.38151360e-01
    2.35650271e-01 4.76059526e-01 8.67986500e-01 1.72767609e-01
    4.91579592e-01 9.63866830e-01 1.64082676e-01 3.13209444e-01
    8.42542350e-02 2.64899284e-01 3.88286412e-02 2.14841843e-01
    6.10983491e-01 3.98159325e-01 1.10468894e-01 9.08732891e-01
    8.14534724e-02 2.55100369e-01 4.22292352e-01 5.84900677e-02
    5.81463873e-02 5.02322197e-01 5.76640606e-01 8.28419626e-02
    1.62628889e-01 2.80887902e-01 4.52733099e-01 2.39411980e-01
    9.97372627e-01 7.88108587e-01 8.66607428e-01 7.90010929e-01
    3.31520706e-01 4.84133571e-01 9.52961564e-01 3.52920651e-01
    2.60497421e-01 1.52457803e-01 4.62827146e-01 4.40517843e-01
    2.38345563e-02 9.46430087e-01 4.49223936e-01 3.29456210e-01
    7.09707379e-01 4.97174352e-01 1.95237190e-01 5.50842583e-02
    6.60585523e-01 2.87151188e-01 3.87921542e-01 7.95379579e-01
    7.75778234e-01 9.36368704e-02 1.15430295e-01 8.16839159e-01
    2.21380949e-01 5.80778778e-01 6.72067106e-01 4.77966815e-01
    2.51085699e-01 8.92448783e-01 2.33553380e-01 6.89699173e-01
    5.38809776e-01 1.11063182e-01 7.58152902e-01 4.68088090e-02
    8.00196290e-01 8.04001272e-01 3.75320315e-01 5.97842574e-01
    2.44980216e-01 6.32282138e-01 9.05978680e-01 6.50864542e-01
    1.81385428e-01 5.38543820e-01 7.10596025e-01 9.36203718e-01
    8.60915184e-01 6.92974627e-01 3.56248558e-01 8.15497339e-02
    6.00699306e-01 5.51355481e-02 4.22006160e-01 9.59720731e-01
    8.82209182e-01 9.37076569e-01 9.57795024e-01 9.12516773e-01
    9.75252032e-01 8.81425619e-01 5.48918605e-01 3.00539255e-01
    7.95898080e-01 2.99340785e-02 3.88817430e-01 9.91366744e-01
    4.28946108e-01 4.46460247e-02 3.72349143e-01 3.38642061e-01
    5.38595915e-02 5.17675579e-02 4.54966545e-01 5.45355976e-02
    8.00920129e-01 1.73766792e-01 9.41750526e-01 9.75972652e-01
    4.56486344e-01 4.84018922e-02 6.45667911e-02 5.70976019e-01
    2.70775229e-01 7.21220911e-01 6.24925494e-01 6.11731470e-01
    7.15328455e-01 5.83866000e-01 3.06524336e-01 5.23349822e-01
    9.56459522e-01 4.63135242e-01 4.23353016e-01 1.78618401e-01
    6.91344321e-01 6.28873825e-01 1.86662406e-01 5.46659470e-01
    2.64110088e-01 4.67352778e-01 5.75525224e-01 5.52627146e-01
    7.36624241e-01 2.86165297e-01 1.66067481e-01 6.55802429e-01
    8.04764032e-01 8.34047556e-01 5.79443574e-03 4.94447947e-01
    5.68281889e-01 4.86254573e-01 1.97504520e-01 9.92529511e-01
    6.09951496e-01 1.80477828e-01 6.13061905e-01 5.92936277e-01
    6.04397953e-02 8.45806599e-02 5.86641729e-02 3.25975716e-02
    4.13848102e-01 7.63625264e-01 4.11284745e-01 3.37401897e-01
    1.47473693e-01 1.44578516e-01 2.87310541e-01 9.52269554e-01
    7.53923655e-02 7.48664021e-01 4.67043310e-01 2.55114436e-02
    7.22869873e-01 1.65830553e-01 3.65017146e-01 7.20015168e-01
    6.11289442e-01 2.05048084e-01 3.05899799e-01 5.41859865e-01
    6.62068248e-01 8.11588049e-01 8.17183018e-01 5.43489933e-01
    5.65631151e-01 2.89354175e-01 6.85211480e-01 8.61246347e-01
    7.41752744e-01 8.76161575e-01 9.29807901e-01 8.37816656e-01
    3.04620147e-01 9.28768039e-01 2.66518950e-01 5.75943232e-01
    3.26978147e-01 2.04550445e-01 1.70012116e-01 6.79643512e-01
    7.88169622e-01 5.35954952e-01 9.74499285e-02 3.05039257e-01
    9.42313313e-01 6.29305959e-01 5.66036105e-01 5.09195387e-01
    8.27189386e-02 3.75022292e-01 5.71411729e-01 8.97242665e-01
    7.90591657e-01 5.36822498e-01 7.19539464e-01 3.76690626e-02
    3.81969839e-01 6.66745663e-01 1.53431654e-01 8.04754615e-01
    8.64583135e-01 6.76574826e-01 1.95595235e-01 5.92751563e-01
    3.60111296e-01 2.71131098e-01 8.37867260e-02 3.48526120e-01
    7.54432559e-01 3.62486720e-01 3.22152108e-01 1.01739168e-02
    4.42503572e-01 4.83771086e-01 8.57973337e-01 2.77161419e-01
    6.51220798e-01 6.86854362e-01 1.94774091e-01 8.06681991e-01
    4.89142269e-01 9.36847031e-02 7.81386495e-01 6.91599250e-01
    9.45280075e-01 1.70610994e-01 6.94699645e-01 1.08034760e-01
    9.87873971e-01 7.22971320e-01 3.40337873e-01 1.52834594e-01
    6.82191491e-01 6.01699352e-02 8.68439198e-01 9.37517524e-01
    3.88864130e-01 2.07031071e-02 5.03848195e-01 3.93571198e-01
    8.50559413e-01 6.96566284e-01 1.07821226e-02 2.17243701e-01
    7.55063295e-02 4.88878399e-01 4.79728192e-01 5.02709329e-01
    8.77550900e-01 9.40462947e-01 1.67174608e-01 2.49036819e-01
    8.07630718e-01 7.58185267e-01 4.12037849e-01 6.24686182e-02
    7.97485888e-01 4.14655775e-01 2.84103960e-01 1.69857770e-01
    6.76579893e-01 3.83962154e-01 9.10268605e-01 7.70157933e-01
    4.26578760e-01 5.19326866e-01 1.90338075e-01 4.23042178e-02
    4.44360912e-01 4.36106950e-01 4.97620016e-01 9.39143419e-01
    6.21500492e-01 9.43149805e-01 9.72353816e-01 7.33321071e-01
    3.05541039e-01 1.11516774e-01 2.61986047e-01 9.43242669e-01
    7.83936620e-01 2.87229240e-01 4.11793977e-01 6.83472872e-01
    5.59769630e-01 3.79355907e-01 1.59091383e-01 7.60774553e-01
    9.91808891e-01 2.17779100e-01 3.80695730e-01 2.50959992e-01
    8.39508593e-01 7.98841298e-01 1.29722297e-01 6.45437300e-01
    9.76432264e-01 5.10938168e-01 4.14940208e-01 3.65152717e-01
    8.94810796e-01 9.45233583e-01 6.57750726e-01 6.94760025e-01
    9.20396447e-01 7.25969672e-01 4.61343080e-01 1.86776698e-01
    8.94179463e-01 5.37473142e-01 1.59657866e-01 5.75661063e-01
    3.06376934e-01 3.12782347e-01 6.13842428e-01 7.73151875e-01
    6.73697293e-01 5.99773347e-01 2.05329567e-01 6.68415129e-01
    9.04036343e-01 7.73562729e-01 2.07603425e-01 5.25743961e-02
    7.93203712e-01 4.81886059e-01 3.23597908e-01 8.82606268e-01
    4.88699675e-02 2.82975405e-01 2.54453123e-02 6.15354359e-01
    6.66047096e-01 7.47698367e-01 1.96742564e-01 7.49817133e-01
    2.08642960e-01 3.54345322e-01 5.81308424e-01 8.97603095e-01
    7.65926778e-01 7.72079945e-01 2.83801794e-01 1.90230310e-01
    2.06033915e-01 4.32474554e-01 2.94937193e-02 3.96462977e-01
    4.30297852e-02 8.91578674e-01 5.54399669e-01 2.57021487e-01
    1.04805738e-01 7.83065796e-01 4.24543560e-01 2.13691652e-01
    7.39338458e-01 9.21552956e-01 2.32724667e-01 9.59910333e-01
    8.13246012e-01 6.10882580e-01 2.08529204e-01 7.25437939e-01
    1.31395876e-01 5.82230926e-01 4.08556759e-01 6.25995338e-01
    3.56090307e-01 1.84220970e-02 1.49494052e-01 1.09436750e-01
    5.00725985e-01 3.14481139e-01 9.14581299e-01 2.83242434e-01
    4.07734096e-01 7.09285617e-01 6.54314756e-02 9.74828184e-01
    6.92007542e-02 3.05462360e-01 8.12652767e-01 5.31738639e-01
    3.45926523e-01 5.12557626e-01 1.97504520e-01 9.92529511e-01
    6.09951496e-01 1.80477828e-01 6.13061905e-01 5.92936277e-01
    6.04397953e-02 8.45806599e-02 5.86641729e-02 3.25975716e-02
    4.13848102e-01 7.63625264e-01 4.11284745e-01 3.37401897e-01
    1.47473693e-01 1.44578516e-01 2.87310541e-01 9.52269554e-01
    1.32559836e-01 4.40023243e-01 3.18486124e-01 1.42586321e-01
    1.13082379e-01 1.83203310e-01 3.58184516e-01 6.76721215e-01
    3.95030439e-01 9.86771226e-01 6.87275231e-02 2.76385963e-01
    1.50921643e-01 2.29990214e-01 4.17627573e-01 2.17876405e-01
    9.80447412e-01 2.68734008e-01 4.56924379e-01 8.89677763e-01
    4.23017412e-01 5.94735146e-02 6.30303919e-01 6.64710999e-01
    9.35801864e-01 1.93864018e-01 3.09300214e-01 9.65700209e-01
    1.32382154e-01 5.70593178e-02 2.99026161e-01 3.17770332e-01
    5.17820358e-01 4.18402135e-01 1.52472705e-01 3.35494816e-01
    7.42652714e-01 1.05797201e-01 5.50268769e-01 8.99744987e-01
    5.97975969e-01 8.66494417e-01 4.19165373e-01 4.32325304e-02
    8.68673086e-01 3.95170748e-01 2.05756932e-01 4.94787931e-01
    4.33358848e-01 4.73285675e-01 2.95009017e-01 3.78019333e-01
    8.18563282e-01 4.54339147e-01 9.30860221e-01 5.91617882e-01
    1.09842986e-01 1.17046595e-01 4.70868349e-01 6.04456902e-01
    6.47369027e-02 4.42322671e-01 2.68256843e-01 2.79964864e-01
    8.27550888e-02 2.33629286e-01 3.19630206e-01 3.83318186e-01
    8.64700854e-01 7.12335765e-01 5.29268563e-01 9.79367375e-01
    5.55508733e-02 8.27398300e-01 7.92774916e-01 7.78083682e-01
    2.91774392e-01 7.36796141e-01 2.01470345e-01 9.10564661e-01
    2.57716179e-02 7.06375122e-01 4.15747613e-01 7.01723456e-01
    3.59894335e-01 2.46807992e-01 3.90191644e-01 6.99500442e-02
    3.18658650e-01 1.74802244e-01 2.61241853e-01 7.65612125e-02
    1.29427820e-01 7.73825765e-01 4.43160236e-02 4.19934064e-01
    4.52447504e-01 6.72360957e-02 4.27706420e-01 2.75378466e-01
    5.35114527e-01 4.59677279e-01 4.87204105e-01 4.76684064e-01
    2.73160040e-01 2.16971338e-01 2.62439340e-01 8.99574637e-01
    3.95331383e-01 1.36277676e-02 3.51967275e-01 9.06839848e-01
    7.18363106e-01 2.09959298e-01 9.19780374e-01 7.38374591e-01
    1.94010854e-01 2.74382532e-01 5.01075387e-01 5.98961532e-01
    9.88735378e-01 1.03481203e-01 3.05243850e-01 1.86654717e-01
    2.62174308e-01 5.61583340e-01 2.50814676e-01 5.36375523e-01
    7.36906528e-01 7.05576301e-01 6.99583888e-01 4.91949588e-01
    9.96696770e-01 8.35299253e-01 8.94868672e-01 4.62839216e-01
    7.56029606e-01 5.03984034e-01 2.76548862e-01 3.69553924e-01
    6.53971136e-02 2.95465618e-01 6.68142021e-01 4.97106314e-01
    7.56124020e-01 4.63588595e-01 2.92677581e-02 3.01966190e-01
    7.41558433e-01 9.00701642e-01 6.03588760e-01 9.30853426e-01
    9.93906319e-01 5.09950578e-01 4.09623206e-01 2.19433755e-01
    8.79098237e-01 8.86367142e-01 1.13778025e-01 7.91533232e-01
    6.74587250e-01 4.56601679e-01 5.67589223e-01 6.38566256e-01
    7.59498000e-01 2.89891869e-01 3.66193295e-01 7.36265004e-01
    2.91744739e-01 2.09277421e-01 2.07428396e-01 1.90499425e-02
    3.35277557e-01 2.74197608e-01 1.72447115e-01 6.97286665e-01
    8.78546715e-01 1.39198422e-01 4.00236696e-01 3.34668994e-01
    5.06288052e-01 8.54215026e-01 4.81681466e-01 5.39280772e-01
    4.22554016e-01 2.90251195e-01 8.48458290e-01 6.33099437e-01
    7.41993904e-01 7.41836667e-01 8.48170817e-02 7.85294771e-01
    2.63766170e-01 7.80045688e-02 7.05102444e-01 2.39096463e-01
    4.82642055e-01 7.98666358e-01 8.18153322e-01 3.21150839e-01
    3.33898306e-01 9.59953725e-01 2.27669001e-01 8.26847851e-02
    9.51830566e-01 6.61399364e-01 3.49293649e-01 3.60977054e-01
    7.11162329e-01 4.38490957e-01 1.50940150e-01 2.69196033e-01
    8.42311084e-02 6.68302834e-01 2.49680579e-02 5.66795051e-01
    6.48245573e-01 1.52829081e-01 8.06106091e-01 7.50831008e-01
    4.52201962e-02 5.90580404e-01 1.68439925e-01 5.84114552e-01
    7.14200735e-01 9.02076244e-01 3.60267997e-01 7.97757566e-01
    6.50934100e-01 2.80979574e-02 8.68109047e-01 2.54937112e-02
    6.00726724e-01 7.75926828e-01 9.52143967e-02 4.12976950e-01
    5.01056671e-01 4.71927732e-01 4.80876267e-01 9.27212238e-02
    6.07351661e-02 9.70652521e-01 4.28513646e-01 4.97779936e-01
    1.34773076e-01 8.41446519e-02 7.79955626e-01 3.43751788e-01
    6.38462424e-01 1.51351094e-01 5.74215353e-01 3.07424545e-01
    8.50868702e-01 8.28874111e-01 6.57982469e-01 9.04635727e-01
    1.32559836e-01 4.40023243e-01 3.18486124e-01 1.42586321e-01
    1.13082379e-01 1.83203310e-01 3.58184516e-01 6.76721215e-01
    3.95030439e-01 9.86771226e-01 6.87275231e-02 2.76385963e-01
    1.50921643e-01 2.29990214e-01 4.17627573e-01 2.17876405e-01
    9.80447412e-01 2.68734008e-01 2.96437174e-01 7.19305694e-01
    7.58451581e-01 7.82825947e-02 2.90253818e-01 7.54522979e-02
    7.71329403e-01 2.24741280e-01 6.39846623e-02 3.08941543e-01
    6.83083415e-01 9.12010908e-01 5.55385351e-01 9.53114510e-01
    2.60214806e-01 9.57123518e-01 2.83025920e-01 2.32805610e-02
    6.59559369e-02 7.42096543e-01 2.29166210e-01 9.76713121e-01
    1.24701411e-01 4.71805394e-01 6.05232775e-01 1.98720068e-01
    1.29750967e-01 3.71454239e-01 6.39281154e-01 1.56227350e-01
    7.44282663e-01 7.24715769e-01 4.26936150e-03 6.51619673e-01
    2.10959613e-01 8.59440148e-01 1.11912012e-01 6.13184869e-02
    6.60456061e-01 5.51768720e-01 8.12928319e-01 6.89939260e-01
    7.56271243e-01 1.50010526e-01 1.09326243e-01 5.61415076e-01
    9.91976798e-01 8.93711269e-01 1.67297274e-01 5.00840485e-01
    3.23893070e-01 6.47770703e-01 7.03427196e-01 6.34708762e-01
    9.36776876e-01 5.76319575e-01 8.34856629e-02 4.15747643e-01
    6.75741196e-01 3.03720891e-01 5.80770969e-01 7.71908402e-01
    7.36751437e-01 9.65343356e-01 4.71070766e-01 4.14661169e-01
    4.65335757e-01 7.68794358e-01 8.27347040e-02 6.33748770e-01
    9.52382445e-01 9.86143827e-01 5.55994987e-01 7.68187404e-01
    3.85986805e-01 4.02330309e-01 6.31496012e-02 3.40364397e-01
    5.75405061e-01 3.51392239e-01 6.83361769e-01 6.02146566e-01
    3.69509459e-01 8.97856951e-02 7.70215154e-01 8.45849514e-01
    4.73466903e-01 5.67522943e-01 3.80099654e-01 9.92689371e-01
    3.52735877e-01 5.74056506e-02 4.03059602e-01 5.58680296e-01
    7.25655317e-01 5.49491882e-01 5.21866679e-01 2.17389613e-01
    2.24881917e-01 7.22458124e-01 9.65290666e-01 4.84239638e-01
    2.91624963e-02 4.77584183e-01 5.21913946e-01 4.99065489e-01
    9.01030183e-01 4.13281977e-01 4.60114390e-01 5.89491725e-02
    8.19168746e-01 5.28824985e-01 6.17450833e-01 3.44018996e-01
    6.42684698e-01 2.93695539e-01 8.00439596e-01 9.47244585e-01
    5.70756376e-01 6.71519041e-02 8.32704127e-01 5.53137541e-01
    9.82406735e-01 3.75090718e-01 1.18314683e-01 9.47697878e-01
    3.07781458e-01 9.32811916e-01 3.59621167e-01 3.93842727e-01
    4.32860970e-01 6.78208768e-01 4.91011947e-01 4.49339956e-01
    7.60047674e-01 6.37185812e-01 8.98968816e-01 3.72395039e-01
    8.25588822e-01 2.18280822e-01 9.19504523e-01 7.71430790e-01
    3.13468188e-01 9.50995207e-01 9.14240599e-01 8.93990219e-01
    7.61357844e-01 3.78612578e-02 3.41546178e-01 6.05238438e-01
    6.85057819e-01 4.80571896e-01 2.67363131e-01 3.10210586e-02
    1.71503812e-01 5.01886129e-01 5.46418309e-01 5.50786614e-01
    9.75214243e-01 5.21489680e-01 8.93538117e-01 4.77193207e-01
    1.36415064e-02 2.33085334e-01 7.91385174e-01 5.25562584e-01
    5.45687556e-01 5.66564500e-02 9.56152439e-01 3.80071759e-01
    4.29192543e-01 3.58295619e-01 4.17964041e-01 1.32228106e-01
    5.91542900e-01 9.10917342e-01 2.67297804e-01 1.13902688e-02
    9.32079852e-01 2.30941266e-01 1.43002629e-01 6.99623406e-01
    6.22644484e-01 5.69707513e-01 8.86715233e-01 3.42234194e-01
    1.96729124e-01 7.63974071e-01 4.56880033e-01 9.10899043e-01
    4.22812730e-01 8.96114588e-01 1.10841721e-01 8.86123359e-01
    9.06737208e-01 8.57252598e-01 8.60047579e-01 4.77859050e-01
    9.45959449e-01 8.27630162e-01 1.08743787e-01 7.13633478e-01
    5.89626074e-01 5.94527483e-01 3.43488336e-01 3.16576421e-01
    7.88530231e-01 9.15372252e-01 3.55421603e-02 7.07155943e-01
    5.33468068e-01 6.82746649e-01 8.59519184e-01 6.52002633e-01
    3.59130859e-01 1.74342811e-01 8.52925420e-01 3.46808851e-01
    5.13340592e-01 4.04084921e-01 3.31051141e-01 6.89282775e-01
    9.25626993e-01 9.90968227e-01 2.48712808e-01 4.43516850e-01
    6.96683228e-01 7.19837487e-01 9.77928519e-01 4.52145427e-01
    6.56183839e-01 8.71754229e-01 7.36895502e-02 9.08213377e-01
    4.65993077e-01 5.63757777e-01 8.40039372e-01 1.42850250e-01
    2.87512481e-01 7.71456659e-02 1.04628563e-01 1.78916126e-01
    7.76069283e-01 3.47482860e-02 5.99728107e-01 1.36081636e-01
    9.79965806e-01 2.78177559e-02 4.68776017e-01 8.39467287e-01
    4.79049623e-01 3.48005444e-01 3.67576241e-01 7.84277081e-01
    8.96480560e-01 9.08601761e-01 2.96437174e-01 7.19305694e-01
    7.58451581e-01 7.82825947e-02 2.90253818e-01 7.54522979e-02
    7.71329403e-01 2.24741280e-01 6.39846623e-02 3.08941543e-01
    6.83083415e-01 9.12010908e-01 5.55385351e-01 9.53114510e-01
    2.60214806e-01 9.57123518e-01 2.83025920e-01 2.32805610e-02</data></my_img>
<your_img type_id="opencv-matrix">
  <rows>146</rows>
  <cols>274</cols>
  <dt>f</dt>
  <data>
    0. 0. 0. 0. 0. 0. 0. 0. 0. 0. 0. 0. 0. 0. 0. 0. 0. 0. 0. 0. 0. 0. 0.
    0. 0. 0. 0. 0. 0. 0. 0. 0. 0. 0. 0. 0. 0. 0. 0. 0. 0. 0. 0. 0. 0. 0.
    0. 0. 0. 0. 0. 0. 0. 0. 0. 0. 0. 0. 0. 0. 0. 0. 0. 0. 0. 0. 0. 0. 0.
    0. 0. 0. 0. 0. 0. 0. 0. 0. 0. 0. 0. 0. 0. 0. 0. 0. 0. 0. 0. 0. 0. 0.
    0. 0. 0. 0. 0. 0. 0. 0. 0. 0. 0. 0. 0. 0. 0. 0. 0. 0. 0. 0. 0. 0. 0.
    0. 0. 0. 0. 0. 0. 0. 0. 0. 0. 0. 0. 0. 0. 0. 0. 0. 0. 0. 0. 0. 0. 0.
    0. 0. 0. 0. 0. 0. 0. 0. 0. 0. 0. 0. 0. 0. 0. 0. 0. 0. 0. 0. 0. 0. 0.
    0. 0. 0. 0. 0. 0. 0. 0. 0. 0. 0. 0. 0. 0. 0. 0. 0. 0. 0. 0. 0. 0. 0.
    0. 0. 0. 0. 0. 0. 0. 0. 0. 0. 0. 0. 0. 0. 0. 0. 0. 0. 0. 0. 0. 0. 0.
    0. 0. 0. 0. 0. 0. 0. 0. 0. 0. 0. 0. 0. 0. 0. 0. 0. 0. 0. 0. 0. 0. 0.
    0. 0. 0. 0. 0. 0. 0. 0. 0. 0. 0. 0. 0. 0. 0. 0. 0. 0. 0. 0. 0. 0. 0.
    0. 0. 0. 0. 0. 0. 0. 0. 0. 0. 0. 0. 0. 0. 0. 0. 0. 0. 0. 0. 0. 0. 0.
    0. 0. 0. 0. 0. 0. 0. 0. 0. 0. 0. 0. 0. 0. 0. 0. 0. 0. 0. 0. 0. 0. 0.
    0. 0. 0. 0. 0. 0. 0. 0. 0. 0. 0. 0. 0. 0. 0. 0. 0. 0. 0. 0. 0. 0. 0.
    0. 0. 0. 0. 0. 0. 0. 0. 0. 0. 0. 0. 0. 0. 0. 0. 0. 0. 0. 0. 0. 0. 0.
    0. 0. 0. 0. 0. 0. 0. 0. 0. 0. 0. 0. 0. 0. 0. 0. 0. 0. 0. 0. 0. 0. 0.
    0. 0. 0. 0. 0. 0. 0. 0. 0. 0. 0. 0. 0. 0. 0. 0. 0. 0. 0. 0. 0. 0. 0.
    0. 0. 0. 0. 0. 0. 0. 0. 0. 0. 0. 0. 0. 0. 0. 0. 0. 0. 0. 0. 0. 0. 0.
    0. 0. 0. 0. 0. 0. 0. 0. 0. 0. 0. 0. 0. 0. 0. 0. 0. 0. 0. 0. 0. 0. 0.
    0. 0. 0. 0. 0. 0. 0. 0. 0. 0. 0. 0. 0. 0. 0. 0. 0. 0. 0. 0. 0. 0. 0.
    0. 0. 0. 0. 0. 0. 0. 0. 0. 0. 0. 0. 0. 0. 0. 0. 0. 0. 0. 0. 0. 0. 0.
    0. 0. 0. 0. 0. 0. 0. 0. 0. 0. 0. 0. 0. 0. 0. 0. 0. 0. 0. 0. 0. 0. 0.
    0. 0. 0. 0. 0. 0. 0. 0. 0. 0. 0. 0. 0. 0. 0. 0. 0. 0. 0. 0. 0. 0. 0.
    0. 0. 0. 0. 0. 0. 0. 0. 0. 0. 0. 0. 0. 0. 0. 0. 0. 0. 0. 0. 0. 0. 0.
    0. 0. 0. 0. 0. 0. 0. 0. 0. 0. 0. 0. 0. 0. 0. 0. 0. 0. 0. 0. 0. 0. 0.
    0. 0. 0. 0. 0. 0. 0. 0. 0. 0. 0. 0. 0. 0. 0. 0. 0. 0. 0. 0. 0. 0. 0.
    0. 0. 0. 0. 0. 0. 0. 0. 0. 0. 0. 0. 0. 0. 0. 0. 0. 0. 0. 0. 0. 0. 0.
    0. 0. 0. 0. 0. 0. 0. 0. 0. 0. 0. 0. 0. 0. 0. 0. 0. 0. 0. 0. 0. 0. 0.
    0. 0. 0. 0. 0. 0. 0. 0. 0. 0. 0. 0. 0. 0. 0. 0. 0. 0. 0. 0. 0. 0. 0.
    0. 0. 0. 0. 0. 0. 0. 0. 0. 0. 0. 0. 0. 0. 0. 0. 0. 0. 0. 0. 0. 0. 0.
    0. 0. 0. 0. 0. 0. 0. 0. 0. 0. 0. 0. 0. 0. 0. 0. 0. 0. 0. 0. 0. 0. 0.
    0. 0. 0. 0. 0. 0. 0. 0. 0. 0. 0. 0. 0. 0. 0. 0. 0. 0. 0. 0. 0. 0. 0.
    0. 0. 0. 0. 0. 0. 0. 0. 0. 0. 0. 0. 0. 0. 0. 0. 0. 0. 0. 0. 0. 0. 0.
    0. 0. 0. 0. 0. 0. 0. 0. 0. 0. 0. 0. 0. 0. 0. 0. 0. 0. 0. 0. 0. 0. 0.
    0. 0. 0. 0. 0. 0. 0. 0. 0. 0. 0. 0. 0. 0. 0. 0. 0. 0. 0. 0. 0. 0. 0.
    0. 0. 0. 0. 0. 0. 0. 0. 0. 0. 0. 0. 0. 0. 0. 0. 0. 0. 0. 0. 0. 0. 0.
    0. 0. 0. 0. 0. 0. 0. 0. 0. 0. 0. 0. 0. 0. 0. 0. 0. 0. 0. 0. 0. 0. 0.
    0. 0. 0. 0. 0. 0. 0. 0. 0. 0. 0. 0. 0. 0. 0. 0. 0. 0. 0. 0. 0. 0. 0.
    0. 0. 0. 0. 0. 0. 0. 0. 0. 0. 0. 0. 0. 0. 0. 0. 0. 0. 0. 0. 0. 0. 0.
    0. 0. 0. 0. 0. 0. 0. 0. 0. 0. 0. 0. 0. 0. 0. 0. 0. 0. 0. 0. 0. 0. 0.
    0. 0. 0. 0. 0. 0. 0. 0. 0. 0. 0. 0. 0. 0. 0. 0. 0. 0. 0. 0. 0. 0. 0.
    0. 0. 0. 0. 0. 0. 0. 0. 0. 0. 0. 0. 0. 0. 0. 0. 0. 0. 0. 0. 0. 0. 0.
    0. 0. 0. 0. 0. 0. 0. 0. 0. 0. 0. 0. 0. 0. 0. 0. 0. 0. 0. 0. 0. 0. 0.
    0. 0. 0. 0. 0. 0. 0. 0. 0. 0. 0. 0. 0. 0. 0. 0. 0. 0. 0. 0. 0. 0. 0.
    0. 0. 0. 0. 0. 0. 0. 0. 0. 0. 0. 0. 0. 0. 0. 0. 0. 0. 0. 0. 0. 0. 0.
    0. 0. 0. 0. 0. 0. 0. 0. 0. 0. 0. 0. 0. 0. 0. 0. 0. 0. 0. 0. 0. 0. 0.
    0. 0. 0. 0. 0. 0. 0. 0. 0. 0. 0. 0. 0. 0. 0. 0. 0. 0. 0. 0. 0. 0. 0.
    0. 0. 0. 0. 0. 0. 0. 0. 0. 0. 0. 0. 0. 0. 0. 0. 0. 0. 0. 0. 0. 0. 0.
    0. 0. 0. 0. 0. 0. 0. 0. 0. 0. 0. 0. 0. 0. 0. 0. 0. 0. 0. 0. 0. 0. 0.
    0. 0. 0. 0. 0. 0. 0. 0. 0. 0. 0. 0. 0. 0. 0. 0. 0. 0. 0. 0. 0. 0. 0.
    0. 0. 0. 0. 0. 0. 0. 0. 0. 0. 0. 0. 0. 0. 0. 0. 0. 0. 0. 0. 0. 0. 0.
    0. 0. 0. 0. 0. 0. 0. 0. 0. 0. 0. 0. 0. 0. 0. 0. 0. 0. 0. 0. 0. 0. 0.
    0. 0. 0. 0. 0. 0. 0. 0. 0. 0. 0. 0. 0. 0. 0. 0. 0. 0. 0. 0. 0. 0. 0.
    0. 0. 0. 0. 0. 0. 0. 0. 0. 0. 0. 0. 0. 0. 0. 0. 0. 0. 0. 0. 0. 0. 0.
    0. 0. 0. 0. 0. 0. 0. 0. 0. 0. 0. 0. 0. 0. 0. 0. 0. 0. 0. 0. 0. 0. 0.
    0. 0. 0. 0. 0. 0. 0. 0. 0. 0. 0. 0. 0. 0. 0. 0. 0. 0. 0. 0. 0. 0. 0.
    0. 0. 0. 0. 0. 0. 0. 0. 0. 0. 0. 0. 0. 0. 0. 0. 0. 0. 0. 0. 0. 0. 0.
    0. 0. 0. 0. 0. 0. 0. 0. 0. 0. 0. 0. 0. 0. 0. 0. 0. 0. 0. 0. 0. 0. 0.
    0. 0. 0. 0. 0. 0. 0. 0. 0. 0. 0. 0. 0. 0. 0. 0. 0. 0. 0. 0. 0. 0. 0.
    0. 0. 0. 0. 0. 0. 0. 0. 0. 0. 0. 0. 0. 0. 0. 0. 0. 0. 0. 0. 0. 0. 0.
    0. 0. 0. 0. 0. 0. 0. 0. 0. 0. 0. 0. 0. 0. 0. 0. 0. 0. 0. 0. 0. 0. 0.
    0. 0. 0. 0. 0. 0. 0. 0. 0. 0. 0. 0. 0. 0. 0. 0. 0. 0. 0. 0. 0. 0. 0.
    0. 0. 0. 0. 0. 0. 0. 0. 0. 0. 0. 0. 0. 0. 0. 0. 0. 0. 0. 0. 0. 0. 0.
    0. 0. 0. 0. 0. 0. 0. 0. 0. 0. 0. 0. 0. 0. 0. 0. 0. 0. 0. 0. 0. 0. 0.
    0. 0. 0. 0. 0. 0. 0. 0. 0. 0. 0. 0. 0. 0. 0. 0. 0. 0. 0. 0. 0. 0. 0.
    0. 0. 0. 0. 0. 0. 0. 0. 0. 0. 0. 0. 0. 0. 0. 0. 0. 0. 0. 0. 0. 0. 0.
    0. 0. 0. 0. 0. 0. 0. 0. 0. 0. 0. 0. 0. 0. 0. 0. 0. 0. 0. 0. 0. 0. 0.
    0. 0. 0. 0. 0. 0. 0. 0. 0. 0. 0. 0. 0. 0. 0. 0. 0. 0. 0. 0. 0. 0. 0.
    0. 0. 0. 0. 0. 0. 0. 0. 0. 0. 0. 0. 0. 0. 0. 0. 0. 0. 0. 0. 0. 0. 0.
    0. 0. 0. 0. 0. 0. 0. 0. 0. 0. 0. 0. 0. 0. 0. 0. 0. 0. 0. 0. 0. 0. 0.
    0. 0. 0. 0. 0. 0. 0. 0. 0. 0. 0. 0. 0. 0. 0. 0. 0. 0. 0. 0. 0. 0. 0.
    0. 0. 0. 0. 0. 0. 0. 0. 0. 0. 0. 0. 0. 0. 0. 0. 0. 0. 0. 0. 0. 0. 0.
    0. 0. 0. 0. 0. 0. 0. 0. 0. 0. 0. 0. 0. 0. 0. 0. 0. 0. 0. 0. 0. 0. 0.
    0. 0. 0. 0. 0. 0. 0. 0. 0. 0. 0. 0. 0. 0. 0. 0. 0. 0. 0. 0. 0. 0. 0.
    0. 0. 0. 0. 0. 0. 0. 0. 0. 0. 0. 0. 0. 0. 0. 0. 0. 0. 0. 0. 0. 0. 0.
    0. 0. 0. 0. 0. 0. 0. 0. 0. 0. 0. 0. 0. 0. 0. 0. 0. 0. 0. 0. 0. 0. 0.
    0. 0. 0. 0. 0. 0. 0. 0. 0. 0. 0. 0. 0. 0. 0. 0. 0. 0. 0. 0. 0. 0. 0.
    0. 0. 0. 0. 0. 0. 0. 0. 0. 0. 0. 0. 0. 0. 0. 0. 0. 0. 0. 0. 0. 0. 0.
    0. 0. 0. 0. 0. 0. 0. 0. 0. 0. 0. 0. 0. 0. 0. 0. 0. 0. 0. 0. 0. 0. 0.
    0. 0. 0. 0. 0. 0. 0. 0. 0. 0. 0. 0. 0. 0. 0. 0. 0. 0. 0. 0. 0. 0. 0.
    0. 0. 0. 0. 0. 0. 0. 0. 0. 0. 0. 0. 0. 0. 0. 0. 0. 0. 0. 0. 0. 0. 0.
    0. 0. 0. 0. 0. 0. 0. 0. 0. 0. 0. 0. 0. 0. 0. 0. 0. 0. 0. 0. 0. 0. 0.
    0. 0. 0. 0. 0. 0. 0. 0. 0. 0. 0. 0. 0. 0. 0. 0. 0. 0. 0. 0. 0. 0. 0.
    0. 0. 0. 0. 0. 0. 0. 0. 0. 0. 0. 0. 0. 0. 0. 0. 0. 0. 0. 0. 0. 0. 0.
    0. 0. 0. 0. 0. 0. 0. 0. 0. 0. 0. 0. 0. 0. 0. 0. 0. 0. 0. 0. 0. 0. 0.
    0. 0. 0. 0. 0. 0. 0. 0. 0. 0. 0. 0. 0. 0. 0. 0. 0. 0. 0. 0. 0. 0. 0.
    0. 0. 0. 0. 0. 0. 0. 0. 0. 0. 0. 0. 0. 0. 0. 0. 0. 0. 0. 0. 0. 0. 0.
    0. 0. 0. 0. 0. 0. 0. 0. 0. 0. 0. 0. 0. 0. 0. 0. 0. 0. 0. 0. 0. 0. 0.
    0. 0. 0. 0. 0. 0. 0. 0. 0. 0. 0. 0. 0. 0. 0. 0. 0. 0. 0. 0. 0. 0. 0.
    0. 0. 0. 0. 0. 0. 0. 0. 0. 0. 0. 0. 0. 0. 0. 0. 0. 0. 0. 0. 0. 0. 0.
    0. 0. 0. 0. 0. 0. 0. 0. 0. 0. 0. 0. 0. 0. 0. 0. 0. 0. 0. 0. 0. 0. 0.
    0. 0. 0. 0. 0. 0. 0. 0. 0. 0. 0. 0. 0. 0. 0. 0. 0. 0. 0. 0. 0. 0. 0.
    0. 0. 0. 0. 0. 0. 0. 0. 0. 0. 0. 0. 0. 0. 0. 0. 0. 0. 0. 0. 0. 0. 0.
    0. 0. 0. 0. 0. 0. 0. 0. 0. 0. 0. 0. 0. 0. 0. 0. 0. 0. 0. 0. 0. 0. 0.
    0. 0. 0. 0. 0. 0. 0. 0. 0. 0. 0. 0. 0. 0. 0. 0. 0. 0. 0. 0. 0. 0. 0.
    0. 0. 0. 0. 0. 0. 0. 0. 0. 0. 0. 0. 0. 0. 0. 0. 0. 0. 0. 0. 0. 0. 0.
    0. 0. 0. 0. 0. 0. 0. 0. 0. 0. 0. 0. 0. 0. 0. 0. 0. 0. 0. 0. 0. 0. 0.
    0. 0. 0. 0. 0. 0. 0. 0. 0. 0. 0. 0. 0. 0. 0. 0. 0. 0. 0. 0. 0. 0. 0.
    0. 0. 0. 0. 0. 0. 0. 0. 0. 0. 0. 0. 0. 0. 0. 0. 0. 0. 0. 0. 0. 0. 0.
    0. 0. 0. 0. 0. 0. 0. 0. 0. 0. 0. 0. 0. 0. 0. 0. 0. 0. 0. 0. 0. 0. 0.
    0. 0. 0. 0. 0. 0. 0. 0. 0. 0. 0. 0. 0. 0. 0. 0. 0. 0. 0. 0. 0. 0. 0.
    0. 0. 0. 0. 0. 0. 0. 0. 0. 0. 0. 0. 0. 0. 0. 0. 0. 0. 0. 0. 0. 0. 0.
    0. 0. 0. 0. 0. 0. 0. 0. 0. 0. 0. 0. 0. 0. 0. 0. 0. 0. 0. 0. 0. 0. 0.
    0. 0. 0. 0. 0. 0. 0. 0. 0. 0. 0. 0. 0. 0. 0. 0. 0. 0. 0. 0. 0. 0. 0.
    0. 0. 0. 0. 0. 0. 0. 0. 0. 0. 0. 0. 0. 0. 0. 0. 0. 0. 0. 0. 0. 0. 0.
    0. 0. 0. 0. 0. 0. 0. 0. 0. 0. 0. 0. 0. 0. 0. 0. 0. 0. 0. 0. 0. 0. 0.
    0. 0. 0. 0. 0. 0. 0. 0. 0. 0. 0. 0. 0. 0. 0. 0. 0. 0. 0. 0. 0. 0. 0.
    0. 0. 0. 0. 0. 0. 0. 0. 0. 0. 0. 0. 0. 0. 6.76452637e-01
    6.51263118e-01 3.00210357e-01 1.84309602e-01 3.93316984e-01
    4.14668262e-01 6.82427585e-02 7.67385662e-01 3.16703975e-01
    9.52419281e-01 1.52811050e-01 5.62624216e-01 5.82423508e-01
    5.96777439e-01 2.01979607e-01 8.78915191e-03 4.50585365e-01
    1.47606373e-01 5.13837516e-01 4.65238452e-01 1.32536292e-02
    2.05388218e-01 1.08340561e-01 1.85105532e-01 8.43103409e-01
    7.93161750e-01 4.47383434e-01 9.96741891e-01 6.25389695e-01
    3.75128061e-01 8.35386992e-01 1.64984107e-01 5.40166080e-01
    5.17460942e-01 3.93752545e-01 1.12356752e-01 5.07864535e-01
    8.48552108e-01 6.10632837e-01 8.95749927e-01 2.07535714e-01
    1.34750068e-01 8.63111496e-01 2.09342539e-01 3.00868750e-01
    2.56473243e-01 6.89965963e-01 2.33872592e-01 3.30432653e-01
    4.02707547e-01 6.15248263e-01 3.26663435e-01 6.42842412e-01
    3.20478320e-01 2.56034166e-01 9.10698712e-01 7.87498891e-01
    3.98759842e-01 7.21311927e-01 2.66444683e-01 5.25203049e-01
    4.19583142e-01 8.59715044e-02 5.61697483e-02 3.87843132e-01
    9.06957686e-01 1.45703793e-01 2.86074162e-01 7.59745121e-01
    5.78161657e-01 9.61597443e-01 5.79177976e-01 7.16187060e-02
    8.58255327e-02 4.24361050e-01 7.32549369e-01 4.23651069e-01
    8.02490234e-01 5.52721560e-01 4.36195552e-01 1.81621075e-01
    8.13985825e-01 6.46480918e-01 3.50338936e-01 9.89146113e-01
    7.75766551e-01 8.72761250e-01 7.19152272e-01 5.30569434e-01
    8.12282205e-01 5.68979681e-01 2.34593272e-01 1.85784966e-01
    4.44157064e-01 8.26824009e-01 6.48513675e-01 2.24305511e-01
    9.16960120e-01 5.29281437e-01 7.49980450e-01 8.46252084e-01
    7.78454304e-01 3.77942145e-01 9.43768680e-01 5.58637023e-01
    1.88628167e-01 3.99485350e-01 4.71413851e-01 5.35701692e-01
    4.74522799e-01 9.82419133e-01 1.07524514e-01 5.84669888e-01
    1.04739428e-01 6.09984517e-01 4.19217348e-03 3.44837785e-01
    7.93765008e-01 2.16999441e-01 8.16516280e-01 8.60072374e-01
    8.61306548e-01 3.32123160e-01 9.47252750e-01 4.62461323e-01
    2.03321457e-01 4.78349745e-01 8.07185292e-01 8.37950051e-01
    2.05829620e-01 7.57283688e-01 4.66230035e-01 9.82921243e-01
    4.97755259e-01 4.06197995e-01 3.73576283e-01 2.02342570e-02
    2.81933576e-01 7.78030276e-01 9.78646338e-01 7.48294234e-01
    6.56643867e-01 9.01518524e-01 6.76097393e-01 2.19796747e-01
    5.65886497e-01 9.87015724e-01 2.28457153e-02 3.75543416e-01
    6.87632143e-01 3.14985633e-01 3.09453547e-01 8.96183252e-01
    9.71294761e-01 3.90812874e-01 5.56388319e-01 7.41552114e-02
    1.75313652e-02 1.54010594e-01 5.25630236e-01 8.63727927e-01
    6.49385214e-01 7.41910577e-01 7.25014269e-01 2.16947913e-01
    9.09337223e-01 8.06213021e-01 4.50819582e-01 1.88760161e-01
    6.76696062e-01 4.99846488e-01 8.58860314e-02 6.71453476e-02
    4.87360746e-01 1.98237777e-01 2.38591433e-03 2.23840833e-01
    8.73237789e-01 7.54026473e-01 8.80112112e-01 4.38458323e-01
    3.25759947e-01 2.48385370e-01 7.64271617e-01 6.54065609e-03
    1.43309832e-02 8.55615318e-01 4.44337696e-01 2.96794057e-01
    9.86200333e-01 2.54755557e-01 4.83623862e-01 3.64857376e-01
    7.18084931e-01 1.46970093e-01 2.26829171e-01 5.41682959e-01
    6.66240990e-01 1.74208581e-02 8.48920226e-01 1.26657814e-01
    6.35765076e-01 2.83273578e-01 7.52550542e-01 8.41296375e-01
    8.87364030e-01 2.35890210e-01 1.61937088e-01 3.00101578e-01
    1.94132000e-01 3.79020452e-01 1.31027073e-01 3.11706960e-01
    6.54903650e-02 4.35643226e-01 8.84717166e-01 4.21177477e-01
    5.85548699e-01 2.16310740e-01 3.30580860e-01 4.80720639e-01
    4.87367421e-01 5.10738313e-01 4.78971720e-01 7.11700678e-01
    4.35106456e-01 6.13319397e-01 5.51202118e-01 6.37395263e-01
    2.64155626e-01 9.69800830e-01 2.34351128e-01 2.55334020e-01
    4.54572320e-01 9.56752658e-01 8.13708603e-02 3.03344727e-02
    9.80952621e-01 2.94947028e-02 9.85534251e-01 4.66299295e-01
    3.14238906e-01 9.76672530e-01 4.31256294e-02 9.36782002e-01
    8.45775545e-01 7.21288025e-01 1.07504129e-01 8.62527668e-01
    3.44516516e-01 8.24028373e-01 6.83256328e-01 6.23325765e-01
    7.08882034e-01 7.09650099e-01 2.16226459e-01 0. 0. 0. 0. 0. 0. 0. 0.
    0. 0. 0. 0. 0. 0. 0. 0. 0. 0. 2.45985776e-01 4.51521307e-01
    6.67814136e-01 6.65033579e-01 4.32208657e-01 3.03851455e-01
    7.83189416e-01 1.46254480e-01 7.27102876e-01 6.35177732e-01
    5.36897182e-01 6.36157691e-01 8.04412365e-01 1.28729790e-01
    6.86360598e-01 6.14071608e-01 9.97486591e-01 9.69133258e-01
    3.11604887e-01 3.69519264e-01 1.46050870e-01 2.15350688e-02
    4.90587533e-01 7.24978447e-02 8.36718917e-01 7.84848452e-01
    1.63831353e-01 1.74505830e-01 4.99061257e-01 2.56735146e-01
    8.89996409e-01 9.58661556e-01 3.60153198e-01 8.75283897e-01
    1.26445293e-03 4.33204591e-01 4.98554260e-01 9.57134128e-01
    7.41249204e-01 3.26861829e-01 8.58927608e-01 9.21793342e-01
    6.07077956e-01 1.68649077e-01 5.99356294e-01 5.85017443e-01
    9.09321666e-01 6.57367885e-01 2.01053917e-01 4.27306056e-01
    8.48242044e-01 1.86648428e-01 5.75556695e-01 6.84738219e-01
    6.60783052e-03 1.99982494e-01 7.00638354e-01 5.62151909e-01
    6.12059355e-01 8.49838018e-01 8.69703889e-02 7.49241233e-01
    9.80599523e-01 8.48903179e-01 9.77110207e-01 2.70254612e-02
    4.79154229e-01 8.62616420e-01 7.19813883e-01 2.67631292e-01
    2.97658652e-01 7.81124651e-01 7.98054218e-01 1.17085308e-01
    4.42856669e-01 8.52170706e-01 7.64884830e-01 4.68744516e-01
    7.26607740e-01 5.77972651e-01 4.99567270e-01 9.33274269e-01
    6.59077168e-02 1.62037104e-01 6.46682620e-01 7.32466221e-01
    5.61419606e-01 6.55150414e-01 9.63355899e-02 6.87377274e-01
    7.40307450e-01 2.06297338e-01 8.00464213e-01 6.96045816e-01
    2.09417939e-01 1.77447677e-01 3.34645152e-01 4.00341034e-01
    8.06612015e-01 1.18045837e-01 5.43283761e-01 5.75505257e-01
    8.61627460e-01 1.61311358e-01 1.86561465e-01 7.73578048e-01
    6.64478600e-01 9.36854959e-01 7.59053111e-01 4.58351433e-01
    6.44379735e-01 3.99581492e-01 2.08658159e-01 8.81437004e-01
    5.19375741e-01 6.98444784e-01 5.83307445e-02 3.26447666e-01
    1.38209373e-01 5.64961433e-01 1.11110449e-01 5.29262722e-01
    1.90292031e-01 9.61470962e-01 4.45526958e-01 7.07916498e-01
    5.50766706e-01 1.59217954e-01 7.76705801e-01 4.93243873e-01
    8.71885538e-01 5.36422729e-02 6.19459510e-01 2.03539938e-01
    2.89166152e-01 1.72035605e-01 1.55599326e-01 3.09276611e-01
    5.74199736e-01 8.89558792e-01 1.67818397e-01 8.23176026e-01
    8.52409124e-01 9.79715586e-03 8.93098414e-02 8.20566058e-01
    5.22878051e-01 1.47487819e-01 2.18794465e-01 1.80766612e-01
    6.37548923e-01 4.88439798e-02 3.33839685e-01 6.89212859e-01
    9.13581848e-02 6.26792908e-02 4.33622837e-01 3.17718387e-02
    3.48582745e-01 8.10918629e-01 8.15233231e-01 1.32785648e-01
    1.01914525e-01 6.95490003e-01 9.19876397e-01 8.91494393e-01
    1.63461328e-01 7.21665382e-01 6.37213290e-01 9.43733513e-01
    2.46189535e-02 6.58400059e-02 3.64382565e-01 5.86293042e-01
    5.86499572e-01 2.35418946e-01 4.23781037e-01 5.56821585e-01
    9.19680417e-01 6.31228626e-01 8.39080215e-02 1.17579669e-01
    6.57135606e-01 3.95603776e-01 7.59188414e-01 7.51162529e-01
    4.16800529e-01 2.31972128e-01 3.65561366e-01 4.80063915e-01
    4.42725509e-01 1.98683143e-01 8.83048415e-01 6.33097649e-01
    8.94481421e-01 5.74624419e-01 5.79856753e-01 6.94931865e-01
    3.58203679e-01 7.46331394e-01 9.93484616e-01 1.17411315e-02
    7.07331479e-01 1.18445456e-02 4.49754924e-01 1.21833026e-01
    7.36892104e-01 9.25604463e-01 4.99017179e-01 9.72064257e-01
    6.22748315e-01 1.16708279e-02 9.65321660e-01 2.11106032e-01
    3.46011817e-01 4.30821538e-01 4.27554429e-01 2.97191024e-01
    4.99505699e-02 3.68029982e-01 5.68414152e-01 6.80624962e-01
    8.44871342e-01 2.44317979e-01 9.78652656e-01 6.58567369e-01
    5.84764123e-01 8.87895823e-01 4.85367239e-01 5.08922577e-01
    2.33373821e-01 8.91683519e-01 2.11542487e-01 4.51481104e-01
    6.24864221e-01 5.31816185e-02 6.42470896e-01 2.78614521e-01
    7.41813242e-01 6.32217646e-01 9.32099044e-01 3.20172817e-01
    1.32445812e-01 9.94315326e-01 1.64392322e-01 1.45964921e-02
    9.95291352e-01 9.76444721e-01 5.97632110e-01 7.50084043e-01
    6.10686302e-01 1.77134842e-01 9.25499082e-01 3.74330997e-01
    2.40309983e-01 7.30773449e-01 0. 0. 0. 0. 0. 0. 0. 0. 0. 0. 0. 0. 0.
    0. 0. 0. 0. 0. 5.81325948e-01 3.02089959e-01 5.19459367e-01
    7.12113261e-01 5.50696909e-01 6.72114134e-01 6.61039412e-01
    8.79834235e-01 6.49873555e-01 6.87844872e-01 4.03595895e-01
    3.57101142e-01 6.92448497e-01 2.90941298e-01 7.27728248e-01
    7.63244390e-01 7.30569839e-01 5.70684493e-01 1.21647000e-01
    5.32634258e-01 7.00871944e-01 7.91011453e-01 5.57278872e-01
    9.32041049e-01 2.97588587e-01 1.83411926e-01 8.81939769e-01
    2.58102298e-01 6.67237580e-01 5.46048045e-01 1.34171247e-01
    1.84071064e-01 1.34866834e-01 2.91494668e-01 3.13595384e-01
    4.49295908e-01 5.77650964e-01 1.79863781e-01 9.05456424e-01
    9.10748363e-01 7.03142285e-01 2.16853321e-01 7.86964476e-01
    5.48385441e-01 7.90205598e-02 9.87798810e-01 4.94588375e-01
    2.71524966e-01 7.54540563e-01 5.55675447e-01 7.11418509e-01
    3.81199509e-01 7.88984776e-01 1.83895379e-01 3.47889304e-01
    7.66575933e-02 1.34436250e-01 6.71027601e-02 4.71281946e-01
    2.19999552e-02 9.08719301e-01 4.80497897e-01 9.62222636e-01
    4.89827216e-01 5.66700995e-01 8.33968401e-01 4.77295816e-02
    3.59090090e-01 8.30224395e-01 6.32640183e-01 1.09076858e-01
    5.05828440e-01 2.35100478e-01 3.01370323e-01 8.44955146e-01
    5.23270309e-01 1.72892511e-01 1.35089457e-02 2.34939963e-01
    7.20289946e-01 1.00801945e-01 5.32138109e-01 4.33887362e-01
    3.88136744e-01 2.79463887e-01 9.27182317e-01 2.28142858e-01
    5.40669560e-01 3.70401382e-01 5.56281030e-01 9.48811173e-02
    1.08487159e-01 7.58863389e-01 8.58901024e-01 9.03555155e-01
    9.85494018e-01 2.73390472e-01 8.60323906e-01 3.23776364e-01
    6.71704531e-01 1.10974908e-01 2.37157941e-03 7.40972281e-01
    5.45150280e-01 2.12672353e-02 5.13704419e-02 8.15839648e-01
    9.24176455e-01 3.02377224e-01 6.06685281e-01 3.41798723e-01
    3.17640573e-01 9.77528214e-01 8.66098106e-02 4.40395802e-01
    3.85013998e-01 4.08337086e-01 7.65516758e-01 8.09623003e-02
    3.94386798e-01 6.96451664e-01 8.89595747e-02 3.12708378e-01
    1.85811609e-01 1.39428735e-01 8.97360086e-01 4.56969440e-01
    5.67490518e-01 4.83967781e-01 2.56592572e-01 8.14924836e-01
    8.18258405e-01 5.62980056e-01 5.84788203e-01 7.99998045e-01
    7.85561264e-01 8.45007896e-01 9.02395546e-02 8.31976354e-01
    2.28040755e-01 6.96719527e-01 8.77016246e-01 4.17550683e-01
    1.33410096e-01 5.07440567e-01 8.03586245e-01 5.01907468e-01
    2.85126448e-01 9.73550677e-02 5.73875964e-01 5.43132484e-01
    4.43377852e-01 2.31623888e-01 7.29036212e-01 9.32099819e-02
    3.88221890e-01 1.99223250e-01 7.13240147e-01 8.21038723e-01
    3.06191921e-01 3.45636517e-01 8.60178173e-02 2.82672763e-01
    9.36765313e-01 2.88425624e-01 5.50112307e-01 2.35605717e-01
    1.35522544e-01 3.17218900e-02 7.17962086e-01 9.60990369e-01
    7.33694196e-01 2.97602892e-01 8.42226028e-01 7.35194802e-01
    2.22180903e-01 3.31525207e-02 5.42513251e-01 9.48050976e-01
    7.44268894e-01 1.15452468e-01 9.52495456e-01 8.75315011e-01
    3.74407768e-02 1.44774228e-01 6.77376509e-01 9.62068856e-01
    6.16333067e-01 9.57696438e-02 4.87832040e-01 5.21651745e-01
    4.77121413e-01 5.33966303e-01 7.04626739e-02 9.25361037e-01
    1.18611962e-01 8.65982890e-01 5.85206926e-01 7.61642575e-01
    9.09410000e-01 2.69071460e-01 3.26688766e-01 5.42598605e-01
    4.35609221e-01 2.99387902e-01 7.92404771e-01 9.15107250e-01
    8.85459781e-01 4.33669746e-01 8.15875769e-01 8.56979966e-01
    9.54945207e-01 3.44867826e-01 1.14285439e-01 6.37778640e-03
    8.34408760e-01 9.90893483e-01 9.37510133e-01 6.53848171e-01
    2.68254042e-01 8.16032887e-01 5.62957585e-01 5.11897504e-02
    1.21683180e-01 2.04622388e-01 6.49099231e-01 9.43390846e-01
    1.89797521e-01 2.88149536e-01 5.25885224e-01 2.20906377e-01
    9.89694118e-01 2.83062100e-01 1.71386063e-01 8.58730972e-02
    8.96554947e-01 9.69799995e-01 7.78813362e-01 8.59421015e-01
    6.95515096e-01 5.93306303e-01 4.86009032e-01 5.82272410e-01
    2.04615384e-01 9.16697383e-02 2.16255575e-01 8.76058936e-02
    2.18122333e-01 7.30748534e-01 4.54610646e-01 5.97480714e-01
    9.93659973e-01 1.67791069e-01 6.39510155e-01 6.52691483e-01
    7.45993257e-01 0. 0. 0. 0. 0. 0. 0. 0. 0. 0. 0. 0. 0. 0. 0. 0. 0. 0.
    1.30888969e-01 4.82335508e-01 1.98001862e-02 2.25363970e-02
    9.86375213e-02 1.20800585e-01 8.23591650e-02 3.63965034e-01
    3.42171371e-01 4.73916054e-01 4.51410383e-01 5.50241947e-01
    5.08493662e-01 8.90333951e-01 5.41801214e-01 8.90348792e-01
    6.19409561e-01 6.14131033e-01 7.30141819e-01 6.18422687e-01
    4.10405695e-02 8.45510960e-01 9.47542548e-01 8.75251293e-02
    2.71788567e-01 8.14722776e-01 1.19716048e-01 9.36842918e-01
    8.80805850e-01 1.53489918e-01 7.51339793e-02 9.42327380e-01
    3.83553863e-01 5.57807148e-01 2.71717101e-01 1.81097239e-01
    8.79067600e-01 1.25997066e-01 6.88733220e-01 1.99331701e-01
    6.13403261e-01 7.02086806e-01 4.22865152e-02 3.11089188e-01
    1.01056606e-01 4.51506078e-01 2.02303737e-01 1.93644702e-01
    5.04590869e-01 8.96843791e-01 1.49708360e-01 5.27073383e-01
    4.47037637e-01 6.82459295e-01 1.05786175e-01 7.75160015e-01
    1.15471095e-01 1.14737153e-01 2.90450156e-01 5.08246243e-01
    1.97595328e-01 2.75080204e-01 2.68473327e-02 9.52741265e-01
    9.18951750e-01 1.75037682e-02 6.65235758e-01 4.98611271e-01
    4.09965217e-01 2.37610996e-01 2.36065179e-01 9.51611698e-01
    4.23002481e-01 4.89499897e-01 8.96511316e-01 2.36167669e-01
    2.55113959e-01 3.60032201e-01 2.19846189e-01 9.81490552e-01
    8.83459747e-02 7.42926002e-01 9.23590839e-01 8.50664496e-01
    7.07808018e-01 9.19532478e-02 4.55588698e-02 5.10630131e-01
    3.43365192e-01 7.74875879e-01 7.06146955e-01 4.92053151e-01
    2.17357606e-01 2.30768770e-01 1.83980048e-01 7.45223761e-02
    6.28443599e-01 1.44837499e-02 6.95457757e-02 8.79144490e-01
    4.57845032e-01 3.51304173e-01 8.83770347e-01 2.58975208e-01
    6.33766174e-01 6.64862752e-01 7.66030014e-01 7.00349092e-01
    6.05956137e-01 6.58375800e-01 6.03357255e-01 5.43935418e-01
    5.96407652e-01 3.27610552e-01 5.83627820e-01 1.59102678e-02
    5.02836108e-01 1.44775093e-01 1.73860073e-01 2.31874436e-01
    7.57676721e-01 4.69174683e-01 2.58696079e-01 7.58234620e-01
    4.73846197e-02 1.50776863e-01 6.65641427e-01 6.13932967e-01
    2.89170265e-01 7.77878106e-01 8.17898989e-01 4.24788296e-02
    4.74234998e-01 3.97795230e-01 1.20200008e-01 5.97002566e-01
    7.74010479e-01 4.04233634e-01 5.99144518e-01 1.64539248e-01
    1.88945860e-01 6.29992604e-01 6.96263433e-01 5.37036121e-01
    9.83700871e-01 6.06107235e-01 2.77289748e-01 9.85666573e-01
    3.29049706e-01 5.64703703e-01 9.84072924e-01 8.81643414e-01
    9.73575950e-01 4.73051697e-01 1.17449492e-01 8.35520923e-02
    5.61779022e-01 7.53393829e-01 8.62367868e-01 8.97666812e-01
    8.75703394e-02 1.50722265e-03 4.07970428e-01 6.86418414e-02
    2.36548066e-01 1.83351874e-01 1.77044123e-01 8.37375939e-01
    6.03171229e-01 2.46579111e-01 6.11719668e-01 8.37463617e-01
    2.21973836e-01 2.55499780e-01 8.53623152e-01 8.24669540e-01
    2.42889822e-02 8.74899328e-02 9.24166679e-01 4.45114851e-01
    9.43993628e-02 1.89125925e-01 8.80743086e-01 5.51643848e-01
    3.81649554e-01 3.28762949e-01 3.28862309e-01 6.11764610e-01
    6.63093030e-02 2.69084275e-01 6.53338790e-01 6.22986794e-01
    8.21637452e-01 7.67782331e-02 2.01867104e-01 4.82606232e-01
    7.42003679e-01 6.52682364e-01 2.04753309e-01 3.60769391e-01
    7.61211634e-01 8.99150372e-02 8.48511934e-01 5.56512535e-01
    4.96460527e-01 8.50737810e-01 3.14210057e-02 6.53731287e-01
    5.03154457e-01 3.15592885e-01 3.96179110e-01 6.17289066e-01
    5.48622549e-01 4.00510609e-01 2.97488689e-01 6.20820999e-01
    5.96032619e-01 9.55577612e-01 2.98305750e-01 3.27955186e-01
    1.28164381e-01 8.97864699e-01 5.18943608e-01 4.57906991e-01
    7.21819878e-01 6.54916823e-01 7.35266507e-01 5.10967135e-01
    3.67012858e-01 8.21758151e-01 6.54574990e-01 9.02425945e-02
    5.48376620e-01 9.65834975e-01 9.55449104e-01 4.92834270e-01
    7.77101517e-01 8.47156644e-01 9.49948430e-02 3.96870613e-01
    5.36140859e-01 2.11872995e-01 3.80406260e-01 2.05956459e-01
    2.78864861e-01 4.10789549e-01 7.04696894e-01 1.32162631e-01
    2.06644624e-01 6.68423653e-01 4.36157286e-02 8.12632322e-01
    5.88909090e-01 9.79180813e-01 3.27831209e-01 4.46397066e-02 0. 0. 0.
    0. 0. 0. 0. 0. 0. 0. 0. 0. 0. 0. 0. 0. 0. 0. 6.34493589e-01
    6.22369111e-01 5.54631054e-02 3.38475823e-01 4.48864281e-01
    8.44964087e-01 5.66115975e-01 6.33447766e-01 4.11058456e-01
    7.85904050e-01 4.71618354e-01 4.44393069e-01 1.62754387e-01
    9.03180957e-01 6.59411728e-01 1.44761980e-01 6.09003603e-01
    2.72647083e-01 2.16018379e-01 4.95180815e-01 6.22292399e-01
    8.30154240e-01 8.23559463e-01 9.40419495e-01 4.61387396e-01
    6.70721531e-01 6.20182037e-01 5.41877270e-01 6.01929605e-01
    5.55220723e-01 5.52855909e-01 5.38934469e-01 9.02712703e-01
    6.92846656e-01 3.96577299e-01 8.65832627e-01 1.26491874e-01
    7.46569991e-01 8.35510790e-02 3.87190521e-01 3.93263489e-01
    8.71140778e-01 3.45952570e-01 8.31068873e-01 9.00376320e-01
    9.89270270e-01 2.49317229e-01 8.56070638e-01 2.16724962e-01
    7.17967153e-01 1.55194700e-01 2.15961009e-01 9.08087850e-01
    7.23270476e-01 5.41390300e-01 6.45520210e-01 7.31572628e-01
    5.91109931e-01 5.57862759e-01 3.35003793e-01 3.06157410e-01
    3.58962893e-01 7.21443415e-01 4.76694494e-01 9.53641891e-01
    5.70024073e-01 5.79711199e-02 8.54729056e-01 6.30652606e-02
    8.43330860e-01 4.49194491e-01 6.11133575e-01 2.73745358e-01
    6.78038716e-01 1.03446603e-01 6.02383852e-01 7.31834292e-01
    1.09118730e-01 7.57154822e-01 4.73802269e-01 3.58978957e-01
    9.18381333e-01 6.78495765e-01 2.42978394e-01 8.99039984e-01
    2.71736205e-01 3.22962314e-01 7.38275588e-01 8.87171984e-01
    6.26001179e-01 8.74854445e-01 3.89750898e-01 3.11148971e-01
    5.89928329e-02 7.63027370e-02 9.50769722e-01 6.93177938e-01
    5.99962473e-01 9.97912586e-01 2.22747505e-01 8.99591565e-01
    7.10273862e-01 1.91451907e-01 8.89028609e-01 2.60306656e-01
    3.16077769e-02 5.86612284e-01 4.97234315e-01 7.11555958e-01
    7.56489813e-01 4.08925176e-01 6.36285007e-01 2.00462073e-01
    8.65630507e-02 6.21794403e-01 9.06397820e-01 3.16963106e-01
    8.23025167e-01 7.28820086e-01 8.22147489e-01 1.47081673e-01
    9.66036081e-01 1.36876345e-01 8.96460652e-01 6.79434538e-02
    6.13705337e-01 7.40141690e-01 9.70072389e-01 2.70676970e-01
    6.91185951e-01 9.52880740e-01 4.07692492e-01 1.37370557e-01
    2.49135405e-01 2.88396090e-01 8.60598683e-01 9.80460346e-02
    1.00150883e-01 2.50179291e-01 4.69231069e-01 6.27663732e-02
    6.57157302e-02 3.88618320e-01 9.31290329e-01 7.60130584e-01
    3.72970998e-01 9.65300202e-01 7.56120086e-01 6.75472617e-02
    5.55888355e-01 9.75360990e-01 8.22360873e-01 9.03451622e-01
    4.03321028e-01 1.61839843e-01 9.09948349e-03 5.07743359e-02
    7.79318929e-01 1.23934001e-01 4.56630051e-01 1.38508826e-01
    8.11749995e-02 3.64020377e-01 5.15447140e-01 6.38882875e-01
    5.62556088e-01 9.84072983e-01 9.42117572e-02 7.99758852e-01
    7.94914126e-01 7.14804590e-01 4.71273214e-01 1.62644804e-01
    2.83557653e-01 9.86685753e-01 7.34760940e-01 4.37137783e-02
    1.55511558e-01 3.75216305e-01 2.63054132e-01 6.32959306e-02
    3.78325701e-01 6.48790181e-01 7.00704336e-01 6.17762208e-02
    5.01776159e-01 1.19167566e-03 8.98761511e-01 6.77772284e-01
    6.42123759e-01 5.31475604e-01 9.25140738e-01 5.70458829e-01
    1.53140306e-01 2.37280071e-01 1.93397164e-01 5.33867478e-02
    4.18462157e-01 7.12549984e-02 3.16350400e-01 4.84042317e-01
    9.73097682e-02 4.96145427e-01 9.56594884e-01 1.08355045e-01
    8.37304473e-01 9.94657695e-01 7.25434542e-01 8.44139814e-01
    7.36852288e-01 1.66121423e-02 4.14547950e-01 7.00341821e-01
    4.81939018e-01 9.28400457e-01 3.05892169e-01 6.40110970e-02
    9.54056382e-02 1.17399693e-02 8.87020826e-01 5.74652910e-01
    7.19155550e-01 4.04184252e-01 8.29863191e-01 7.39371061e-01
    2.89421022e-01 6.64458573e-01 5.15688956e-01 9.32884216e-03
    7.24911451e-01 9.95643497e-01 3.34360480e-01 8.76039267e-01
    5.36822677e-02 2.21329480e-01 6.08549356e-01 6.83227301e-01
    2.29104608e-01 3.24057698e-01 6.03626609e-01 1.19639844e-01
    8.95309329e-01 4.33498025e-01 7.98397660e-02 1.99972093e-01
    1.70241922e-01 3.77384245e-01 9.21569705e-01 7.91169763e-01
    5.07610083e-01 6.02339447e-01 8.41759086e-01 8.65432143e-01
    6.25208139e-01 1.67919397e-02 1.13813281e-01 0. 0. 0. 0. 0. 0. 0. 0.
    0. 0. 0. 0. 0. 0. 0. 0. 0. 0. 2.86165297e-01 1.66067481e-01
    6.55802429e-01 8.04764032e-01 8.34047556e-01 5.79443574e-03
    4.94447947e-01 5.68281889e-01 4.86254573e-01 7.49028444e-01
    5.60051501e-02 5.43587565e-01 8.00118208e-01 7.19731450e-02
    3.20280671e-01 1.88139260e-01 3.68973196e-01 6.25712872e-01
    3.11447114e-01 2.92374671e-01 7.90770173e-01 7.11513340e-01
    5.17725468e-01 2.18103379e-01 9.56557393e-01 8.23331833e-01
    3.08882892e-01 8.50139856e-01 6.33573055e-01 5.14178038e-01
    7.77541161e-01 1.43522412e-01 1.94897383e-01 2.08413810e-01
    9.28552628e-01 2.36026436e-01 9.81229544e-01 2.75931656e-02
    1.90325409e-01 1.31770879e-01 8.19472671e-02 8.75189662e-01
    7.24277258e-01 1.34075612e-01 7.54025578e-02 9.63921428e-01
    8.13594818e-01 9.58420753e-01 4.53204900e-01 3.29012245e-01
    5.81394792e-01 4.83129323e-02 4.24636781e-01 9.96282935e-01
    9.79184210e-01 4.38000560e-01 7.56461799e-01 4.35541153e-01
    9.55218554e-01 4.54569668e-01 4.65607792e-01 8.92072916e-02
    6.81520462e-01 9.71225262e-01 6.59628153e-01 5.17304838e-02
    9.72204030e-01 4.55919743e-01 8.44326615e-03 9.97298598e-01
    8.61076474e-01 3.71571124e-01 2.03290969e-01 9.22636330e-01
    9.98410583e-01 1.53343171e-01 7.08217502e-01 1.56367064e-01
    8.33778560e-01 1.49135649e-01 5.65580070e-01 4.39612240e-01
    5.90996504e-01 7.49382377e-01 5.89281738e-01 8.83529186e-01
    9.83548880e-01 4.54588473e-01 2.48385638e-01 4.55659598e-01
    6.66287720e-01 3.89406681e-01 4.93046552e-01 8.30357194e-01
    5.52878499e-01 5.84116518e-01 4.19747829e-02 8.30377638e-01
    2.22327441e-01 1.23405159e-02 3.61595005e-01 5.48695326e-01
    5.36117673e-01 7.34601140e-01 1.98495835e-01 7.94933915e-01
    2.48421222e-01 9.39641774e-01 9.42087889e-01 1.01529896e-01
    4.88311946e-02 6.40218496e-01 8.31153870e-01 3.65935922e-01
    7.70449281e-01 8.31082404e-01 4.59115505e-01 5.19358814e-01
    9.38151360e-01 2.35650271e-01 4.76059526e-01 8.67986500e-01
    1.72767609e-01 4.91579592e-01 9.63866830e-01 1.64082676e-01
    3.13209444e-01 8.42542350e-02 2.64899284e-01 3.88286412e-02
    2.14841843e-01 6.10983491e-01 3.98159325e-01 1.10468894e-01
    9.08732891e-01 8.14534724e-02 2.55100369e-01 4.22292352e-01
    5.84900677e-02 5.81463873e-02 5.02322197e-01 5.76640606e-01
    8.28419626e-02 1.62628889e-01 2.80887902e-01 4.52733099e-01
    2.39411980e-01 9.97372627e-01 7.88108587e-01 8.66607428e-01
    7.90010929e-01 3.31520706e-01 4.84133571e-01 9.52961564e-01
    3.52920651e-01 2.60497421e-01 1.52457803e-01 4.62827146e-01
    4.40517843e-01 2.38345563e-02 9.46430087e-01 4.49223936e-01
    3.29456210e-01 7.09707379e-01 4.97174352e-01 1.95237190e-01
    5.50842583e-02 6.60585523e-01 2.87151188e-01 3.87921542e-01
    7.95379579e-01 7.75778234e-01 9.36368704e-02 1.15430295e-01
    8.16839159e-01 2.21380949e-01 5.80778778e-01 6.72067106e-01
    4.77966815e-01 2.51085699e-01 8.92448783e-01 2.33553380e-01
    6.89699173e-01 5.38809776e-01 1.11063182e-01 7.58152902e-01
    4.68088090e-02 8.00196290e-01 8.04001272e-01 3.75320315e-01
    5.97842574e-01 2.44980216e-01 6.32282138e-01 9.05978680e-01
    6.50864542e-01 1.81385428e-01 5.38543820e-01 7.10596025e-01
    9.36203718e-01 8.60915184e-01 6.92974627e-01 3.56248558e-01
    8.15497339e-02 6.00699306e-01 5.51355481e-02 4.22006160e-01
    9.59720731e-01 8.82209182e-01 9.37076569e-01 9.57795024e-01
    9.12516773e-01 9.75252032e-01 8.81425619e-01 5.48918605e-01
    3.00539255e-01 7.95898080e-01 2.99340785e-02 3.88817430e-01
    9.91366744e-01 4.28946108e-01 4.46460247e-02 3.72349143e-01
    3.38642061e-01 5.38595915e-02 5.17675579e-02 4.54966545e-01
    5.45355976e-02 8.00920129e-01 1.73766792e-01 9.41750526e-01
    9.75972652e-01 4.56486344e-01 4.84018922e-02 6.45667911e-02
    5.70976019e-01 2.70775229e-01 7.21220911e-01 6.24925494e-01
    6.11731470e-01 7.15328455e-01 5.83866000e-01 3.06524336e-01
    5.23349822e-01 9.56459522e-01 4.63135242e-01 4.23353016e-01
    1.78618401e-01 6.91344321e-01 6.28873825e-01 1.86662406e-01
    5.46659470e-01 2.64110088e-01 4.67352778e-01 5.75525224e-01
    5.52627146e-01 7.36624241e-01 0. 0. 0. 0. 0. 0. 0. 0. 0. 0. 0. 0. 0.
    0. 0. 0. 0. 0. 3.25975716e-02 4.13848102e-01 7.63625264e-01
    4.11284745e-01 3.37401897e-01 1.47473693e-01 1.44578516e-01
    2.87310541e-01 9.52269554e-01 7.53923655e-02 7.48664021e-01
    4.67043310e-01 2.55114436e-02 7.22869873e-01 1.65830553e-01
    3.65017146e-01 7.20015168e-01 6.11289442e-01 2.05048084e-01
    3.05899799e-01 5.41859865e-01 6.62068248e-01 8.11588049e-01
    8.17183018e-01 5.43489933e-01 5.65631151e-01 2.89354175e-01
    6.85211480e-01 8.61246347e-01 7.41752744e-01 8.76161575e-01
    9.29807901e-01 8.37816656e-01 3.04620147e-01 9.28768039e-01
    2.66518950e-01 5.75943232e-01 3.26978147e-01 2.04550445e-01
    1.70012116e-01 6.79643512e-01 7.88169622e-01 5.35954952e-01
    9.74499285e-02 3.05039257e-01 9.42313313e-01 6.29305959e-01
    5.66036105e-01 5.09195387e-01 8.27189386e-02 3.75022292e-01
    5.71411729e-01 8.97242665e-01 7.90591657e-01 5.36822498e-01
    7.19539464e-01 3.76690626e-02 3.81969839e-01 6.66745663e-01
    1.53431654e-01 8.04754615e-01 8.64583135e-01 6.76574826e-01
    1.95595235e-01 5.92751563e-01 3.60111296e-01 2.71131098e-01
    8.37867260e-02 3.48526120e-01 7.54432559e-01 3.62486720e-01
    3.22152108e-01 1.01739168e-02 4.42503572e-01 4.83771086e-01
    8.57973337e-01 2.77161419e-01 6.51220798e-01 6.86854362e-01
    1.94774091e-01 8.06681991e-01 4.89142269e-01 9.36847031e-02
    7.81386495e-01 6.91599250e-01 9.45280075e-01 1.70610994e-01
    6.94699645e-01 1.08034760e-01 9.87873971e-01 7.22971320e-01
    3.40337873e-01 1.52834594e-01 6.82191491e-01 6.01699352e-02
    8.68439198e-01 9.37517524e-01 3.88864130e-01 2.07031071e-02
    5.03848195e-01 3.93571198e-01 8.50559413e-01 6.96566284e-01
    1.07821226e-02 2.17243701e-01 7.55063295e-02 4.88878399e-01
    4.79728192e-01 5.02709329e-01 8.77550900e-01 9.40462947e-01
    1.67174608e-01 2.49036819e-01 8.07630718e-01 7.58185267e-01
    4.12037849e-01 6.24686182e-02 7.97485888e-01 4.14655775e-01
    2.84103960e-01 1.69857770e-01 6.76579893e-01 3.83962154e-01
    9.10268605e-01 7.70157933e-01 4.26578760e-01 5.19326866e-01
    1.90338075e-01 4.23042178e-02 4.44360912e-01 4.36106950e-01
    4.97620016e-01 9.39143419e-01 6.21500492e-01 9.43149805e-01
    9.72353816e-01 7.33321071e-01 3.05541039e-01 1.11516774e-01
    2.61986047e-01 9.43242669e-01 7.83936620e-01 2.87229240e-01
    4.11793977e-01 6.83472872e-01 5.59769630e-01 3.79355907e-01
    1.59091383e-01 7.60774553e-01 9.91808891e-01 2.17779100e-01
    3.80695730e-01 2.50959992e-01 8.39508593e-01 7.98841298e-01
    1.29722297e-01 6.45437300e-01 9.76432264e-01 5.10938168e-01
    4.14940208e-01 3.65152717e-01 8.94810796e-01 9.45233583e-01
    6.57750726e-01 6.94760025e-01 9.20396447e-01 7.25969672e-01
    4.61343080e-01 1.86776698e-01 8.94179463e-01 5.37473142e-01
    1.59657866e-01 5.75661063e-01 3.06376934e-01 3.12782347e-01
    6.13842428e-01 7.73151875e-01 6.73697293e-01 5.99773347e-01
    2.05329567e-01 6.68415129e-01 9.04036343e-01 7.73562729e-01
    2.07603425e-01 5.25743961e-02 7.93203712e-01 4.81886059e-01
    3.23597908e-01 8.82606268e-01 4.88699675e-02 2.82975405e-01
    2.54453123e-02 6.15354359e-01 6.66047096e-01 7.47698367e-01
    1.96742564e-01 7.49817133e-01 2.08642960e-01 3.54345322e-01
    5.81308424e-01 8.97603095e-01 7.65926778e-01 7.72079945e-01
    2.83801794e-01 1.90230310e-01 2.06033915e-01 4.32474554e-01
    2.94937193e-02 3.96462977e-01 4.30297852e-02 8.91578674e-01
    5.54399669e-01 2.57021487e-01 1.04805738e-01 7.83065796e-01
    4.24543560e-01 2.13691652e-01 7.39338458e-01 9.21552956e-01
    2.32724667e-01 9.59910333e-01 8.13246012e-01 6.10882580e-01
    2.08529204e-01 7.25437939e-01 1.31395876e-01 5.82230926e-01
    4.08556759e-01 6.25995338e-01 3.56090307e-01 1.84220970e-02
    1.49494052e-01 1.09436750e-01 5.00725985e-01 3.14481139e-01
    9.14581299e-01 2.83242434e-01 4.07734096e-01 7.09285617e-01
    6.54314756e-02 9.74828184e-01 6.92007542e-02 3.05462360e-01
    8.12652767e-01 5.31738639e-01 3.45926523e-01 5.12557626e-01
    1.97504520e-01 9.92529511e-01 6.09951496e-01 1.80477828e-01
    6.13061905e-01 5.92936277e-01 6.04397953e-02 8.45806599e-02
    5.86641729e-02 0. 0. 0. 0. 0. 0. 0. 0. 0. 0. 0. 0. 0. 0. 0. 0. 0. 0.
    9.86771226e-01 6.87275231e-02 2.76385963e-01 1.50921643e-01
    2.29990214e-01 4.17627573e-01 2.17876405e-01 9.80447412e-01
    2.68734008e-01 4.56924379e-01 8.89677763e-01 4.23017412e-01
    5.94735146e-02 6.30303919e-01 6.64710999e-01 9.35801864e-01
    1.93864018e-01 3.09300214e-01 9.65700209e-01 1.32382154e-01
    5.70593178e-02 2.99026161e-01 3.17770332e-01 5.17820358e-01
    4.18402135e-01 1.52472705e-01 3.35494816e-01 7.42652714e-01
    1.05797201e-01 5.50268769e-01 8.99744987e-01 5.97975969e-01
    8.66494417e-01 4.19165373e-01 4.32325304e-02 8.68673086e-01
    3.95170748e-01 2.05756932e-01 4.94787931e-01 4.33358848e-01
    4.73285675e-01 2.95009017e-01 3.78019333e-01 8.18563282e-01
    4.54339147e-01 9.30860221e-01 5.91617882e-01 1.09842986e-01
    1.17046595e-01 4.70868349e-01 6.04456902e-01 6.47369027e-02
    4.42322671e-01 2.68256843e-01 2.79964864e-01 8.27550888e-02
    2.33629286e-01 3.19630206e-01 3.83318186e-01 8.64700854e-01
    7.12335765e-01 5.29268563e-01 9.79367375e-01 5.55508733e-02
    8.27398300e-01 7.92774916e-01 7.78083682e-01 2.91774392e-01
    7.36796141e-01 2.01470345e-01 9.10564661e-01 2.57716179e-02
    7.06375122e-01 4.15747613e-01 7.01723456e-01 3.59894335e-01
    2.46807992e-01 3.90191644e-01 6.99500442e-02 3.18658650e-01
    1.74802244e-01 2.61241853e-01 7.65612125e-02 1.29427820e-01
    7.73825765e-01 4.43160236e-02 4.19934064e-01 4.52447504e-01
    6.72360957e-02 4.27706420e-01 2.75378466e-01 5.35114527e-01
    4.59677279e-01 4.87204105e-01 4.76684064e-01 2.73160040e-01
    2.16971338e-01 2.62439340e-01 8.99574637e-01 3.95331383e-01
    1.36277676e-02 3.51967275e-01 9.06839848e-01 7.18363106e-01
    2.09959298e-01 9.19780374e-01 7.38374591e-01 1.94010854e-01
    2.74382532e-01 5.01075387e-01 5.98961532e-01 9.88735378e-01
    1.03481203e-01 3.05243850e-01 1.86654717e-01 2.62174308e-01
    5.61583340e-01 2.50814676e-01 5.36375523e-01 7.36906528e-01
    7.05576301e-01 6.99583888e-01 4.91949588e-01 9.96696770e-01
    8.35299253e-01 8.94868672e-01 4.62839216e-01 7.56029606e-01
    5.03984034e-01 2.76548862e-01 3.69553924e-01 6.53971136e-02
    2.95465618e-01 6.68142021e-01 4.97106314e-01 7.56124020e-01
    4.63588595e-01 2.92677581e-02 3.01966190e-01 7.41558433e-01
    9.00701642e-01 6.03588760e-01 9.30853426e-01 9.93906319e-01
    5.09950578e-01 4.09623206e-01 2.19433755e-01 8.79098237e-01
    8.86367142e-01 1.13778025e-01 7.91533232e-01 6.74587250e-01
    4.56601679e-01 5.67589223e-01 6.38566256e-01 7.59498000e-01
    2.89891869e-01 3.66193295e-01 7.36265004e-01 2.91744739e-01
    2.09277421e-01 2.07428396e-01 1.90499425e-02 3.35277557e-01
    2.74197608e-01 1.72447115e-01 6.97286665e-01 8.78546715e-01
    1.39198422e-01 4.00236696e-01 3.34668994e-01 5.06288052e-01
    8.54215026e-01 4.81681466e-01 5.39280772e-01 4.22554016e-01
    2.90251195e-01 8.48458290e-01 6.33099437e-01 7.41993904e-01
    7.41836667e-01 8.48170817e-02 7.85294771e-01 2.63766170e-01
    7.80045688e-02 7.05102444e-01 2.39096463e-01 4.82642055e-01
    7.98666358e-01 8.18153322e-01 3.21150839e-01 3.33898306e-01
    9.59953725e-01 2.27669001e-01 8.26847851e-02 9.51830566e-01
    6.61399364e-01 3.49293649e-01 3.60977054e-01 7.11162329e-01
    4.38490957e-01 1.50940150e-01 2.69196033e-01 8.42311084e-02
    6.68302834e-01 2.49680579e-02 5.66795051e-01 6.48245573e-01
    1.52829081e-01 8.06106091e-01 7.50831008e-01 4.52201962e-02
    5.90580404e-01 1.68439925e-01 5.84114552e-01 7.14200735e-01
    9.02076244e-01 3.60267997e-01 7.97757566e-01 6.50934100e-01
    2.80979574e-02 8.68109047e-01 2.54937112e-02 6.00726724e-01
    7.75926828e-01 9.52143967e-02 4.12976950e-01 5.01056671e-01
    4.71927732e-01 4.80876267e-01 9.27212238e-02 6.07351661e-02
    9.70652521e-01 4.28513646e-01 4.97779936e-01 1.34773076e-01
    8.41446519e-02 7.79955626e-01 3.43751788e-01 6.38462424e-01
    1.51351094e-01 5.74215353e-01 3.07424545e-01 8.50868702e-01
    8.28874111e-01 6.57982469e-01 9.04635727e-01 1.32559836e-01
    4.40023243e-01 3.18486124e-01 1.42586321e-01 1.13082379e-01
    1.83203310e-01 3.58184516e-01 6.76721215e-01 3.95030439e-01 0. 0. 0.
    0. 0. 0. 0. 0. 0. 0. 0. 0. 0. 0. 0. 0. 0. 0. 3.08941543e-01
    6.83083415e-01 9.12010908e-01 5.55385351e-01 9.53114510e-01
    2.60214806e-01 9.57123518e-01 2.83025920e-01 2.32805610e-02
    6.59559369e-02 7.42096543e-01 2.29166210e-01 9.76713121e-01
    1.24701411e-01 4.71805394e-01 6.05232775e-01 1.98720068e-01
    1.29750967e-01 3.71454239e-01 6.39281154e-01 1.56227350e-01
    7.44282663e-01 7.24715769e-01 4.26936150e-03 6.51619673e-01
    2.10959613e-01 8.59440148e-01 1.11912012e-01 6.13184869e-02
    6.60456061e-01 5.51768720e-01 8.12928319e-01 6.89939260e-01
    7.56271243e-01 1.50010526e-01 1.09326243e-01 5.61415076e-01
    9.91976798e-01 8.93711269e-01 1.67297274e-01 5.00840485e-01
    3.23893070e-01 6.47770703e-01 7.03427196e-01 6.34708762e-01
    9.36776876e-01 5.76319575e-01 8.34856629e-02 4.15747643e-01
    6.75741196e-01 3.03720891e-01 5.80770969e-01 7.71908402e-01
    7.36751437e-01 9.65343356e-01 4.71070766e-01 4.14661169e-01
    4.65335757e-01 7.68794358e-01 8.27347040e-02 6.33748770e-01
    9.52382445e-01 9.86143827e-01 5.55994987e-01 7.68187404e-01
    3.85986805e-01 4.02330309e-01 6.31496012e-02 3.40364397e-01
    5.75405061e-01 3.51392239e-01 6.83361769e-01 6.02146566e-01
    3.69509459e-01 8.97856951e-02 7.70215154e-01 8.45849514e-01
    4.73466903e-01 5.67522943e-01 3.80099654e-01 9.92689371e-01
    3.52735877e-01 5.74056506e-02 4.03059602e-01 5.58680296e-01
    7.25655317e-01 5.49491882e-01 5.21866679e-01 2.17389613e-01
    2.24881917e-01 7.22458124e-01 9.65290666e-01 4.84239638e-01
    2.91624963e-02 4.77584183e-01 5.21913946e-01 4.99065489e-01
    9.01030183e-01 4.13281977e-01 4.60114390e-01 5.89491725e-02
    8.19168746e-01 5.28824985e-01 6.17450833e-01 3.44018996e-01
    6.42684698e-01 2.93695539e-01 8.00439596e-01 9.47244585e-01
    5.70756376e-01 6.71519041e-02 8.32704127e-01 5.53137541e-01
    9.82406735e-01 3.75090718e-01 1.18314683e-01 9.47697878e-01
    3.07781458e-01 9.32811916e-01 3.59621167e-01 3.93842727e-01
    4.32860970e-01 6.78208768e-01 4.91011947e-01 4.49339956e-01
    7.60047674e-01 6.37185812e-01 8.98968816e-01 3.72395039e-01
    8.25588822e-01 2.18280822e-01 9.19504523e-01 7.71430790e-01
    3.13468188e-01 9.50995207e-01 9.14240599e-01 8.93990219e-01
    7.61357844e-01 3.78612578e-02 3.41546178e-01 6.05238438e-01
    6.85057819e-01 4.80571896e-01 2.67363131e-01 3.10210586e-02
    1.71503812e-01 5.01886129e-01 5.46418309e-01 5.50786614e-01
    9.75214243e-01 5.21489680e-01 8.93538117e-01 4.77193207e-01
    1.36415064e-02 2.33085334e-01 7.91385174e-01 5.25562584e-01
    5.45687556e-01 5.66564500e-02 9.56152439e-01 3.80071759e-01
    4.29192543e-01 3.58295619e-01 4.17964041e-01 1.32228106e-01
    5.91542900e-01 9.10917342e-01 2.67297804e-01 1.13902688e-02
    9.32079852e-01 2.30941266e-01 1.43002629e-01 6.99623406e-01
    6.22644484e-01 5.69707513e-01 8.86715233e-01 3.42234194e-01
    1.96729124e-01 7.63974071e-01 4.56880033e-01 9.10899043e-01
    4.22812730e-01 8.96114588e-01 1.10841721e-01 8.86123359e-01
    9.06737208e-01 8.57252598e-01 8.60047579e-01 4.77859050e-01
    9.45959449e-01 8.27630162e-01 1.08743787e-01 7.13633478e-01
    5.89626074e-01 5.94527483e-01 3.43488336e-01 3.16576421e-01
    7.88530231e-01 9.15372252e-01 3.55421603e-02 7.07155943e-01
    5.33468068e-01 6.82746649e-01 8.59519184e-01 6.52002633e-01
    3.59130859e-01 1.74342811e-01 8.52925420e-01 3.46808851e-01
    5.13340592e-01 4.04084921e-01 3.31051141e-01 6.89282775e-01
    9.25626993e-01 9.90968227e-01 2.48712808e-01 4.43516850e-01
    6.96683228e-01 7.19837487e-01 9.77928519e-01 4.52145427e-01
    6.56183839e-01 8.71754229e-01 7.36895502e-02 9.08213377e-01
    4.65993077e-01 5.63757777e-01 8.40039372e-01 1.42850250e-01
    2.87512481e-01 7.71456659e-02 1.04628563e-01 1.78916126e-01
    7.76069283e-01 3.47482860e-02 5.99728107e-01 1.36081636e-01
    9.79965806e-01 2.78177559e-02 4.68776017e-01 8.39467287e-01
    4.79049623e-01 3.48005444e-01 3.67576241e-01 7.84277081e-01
    8.96480560e-01 9.08601761e-01 2.96437174e-01 7.19305694e-01
    7.58451581e-01 7.82825947e-02 2.90253818e-01 7.54522979e-02
    7.71329403e-01 2.24741280e-01 6.39846623e-02 0. 0. 0. 0. 0. 0. 0. 0.
    0. 0. 0. 0. 0. 0. 0. 0. 0. 0. 6.29872322e-01 2.44046748e-01
    1.35282069e-01 9.26925182e-01 8.94895196e-01 5.87157786e-01
    4.43308651e-01 3.52711856e-01 8.32044363e-01 6.67388201e-01
    6.46941662e-01 3.10357630e-01 1.33811444e-01 7.44385123e-01
    8.84344935e-01 6.71821952e-01 9.50490892e-01 3.97254884e-01
    4.34688121e-01 7.74839520e-03 7.61407971e-01 5.63644350e-01
    5.53887784e-02 7.58395493e-01 1.62421465e-02 9.12803769e-01
    7.06754446e-01 6.42054379e-02 3.16931844e-01 2.59330958e-01
    4.58088249e-01 9.50910807e-01 6.86107934e-01 9.39041257e-01
    5.33838749e-01 6.72713816e-01 6.15891755e-01 2.45179683e-01
    2.31524706e-01 3.08861196e-01 3.88305485e-01 6.13743365e-01
    8.60075653e-02 6.20160043e-01 7.87662983e-01 9.88810062e-01
    1.37139827e-01 1.51466489e-01 1.79411381e-01 3.54185045e-01
    5.01613557e-01 5.43181419e-01 4.76619810e-01 9.26099658e-01
    8.95779312e-01 8.82854283e-01 9.18938935e-01 4.69063908e-01
    6.08841479e-02 1.22318864e-02 3.07047695e-01 5.86965680e-03
    3.72029543e-01 6.73494220e-01 8.02375078e-01 4.23539788e-01
    7.12193012e-01 2.35647976e-01 9.96697783e-01 9.75358486e-02
    9.48269010e-01 1.72864050e-01 1.63983375e-01 2.79217005e-01
    7.08171129e-02 7.28814602e-01 2.20209688e-01 6.91102087e-01
    6.95123971e-02 8.45541239e-01 7.90093422e-01 7.84386158e-01
    4.21955109e-01 4.74106371e-01 2.22283393e-01 2.32546270e-01
    8.96657109e-01 2.04115599e-01 1.39380008e-01 5.57947695e-01
    7.03747511e-01 2.68878073e-01 3.17364007e-01 8.07125449e-01
    3.91284794e-01 1.72903627e-01 4.89141285e-01 1.51354611e-01
    1.89523071e-01 5.44162869e-01 1.47172630e-01 2.55048275e-02
    4.13059175e-01 4.59418625e-01 3.41336191e-01 6.69447780e-01
    1.56692266e-01 6.97927713e-01 5.42619824e-03 5.98403633e-01
    2.62730241e-01 4.63231146e-01 6.32882655e-01 1.62949204e-01
    9.88450289e-01 8.12879801e-02 3.43075514e-01 8.14031720e-01
    3.98304433e-01 6.77031517e-01 7.06315935e-01 5.98845363e-01
    1.86397344e-01 3.87305230e-01 8.86953652e-01 7.35966384e-01
    5.37449062e-01 6.08432531e-01 1.36278659e-01 5.08523583e-01
    6.37189150e-01 9.15951610e-01 1.56816900e-01 1.93090647e-01
    3.95612240e-01 8.62109721e-01 2.15295553e-02 8.56875777e-01
    7.68188596e-01 3.25691879e-01 4.21823561e-02 2.28134811e-01
    4.51555848e-02 3.78437281e-01 2.68159151e-01 7.27920890e-01
    3.69806767e-01 1.75141901e-01 3.78589094e-01 4.96964186e-01
    6.36670768e-01 1.16283268e-01 4.83652830e-01 5.65256298e-01
    1.68167233e-01 1.92131937e-01 1.97549075e-01 7.36236572e-01
    7.51432657e-01 2.74464190e-02 9.40101624e-01 6.93283856e-01
    5.84977925e-01 9.62114751e-01 7.90215850e-01 4.53089774e-01
    6.44363761e-01 3.14235985e-01 5.32844543e-01 9.23141956e-01
    5.67879915e-01 6.90681219e-01 8.83620024e-01 2.78428614e-01
    6.68158770e-01 5.11154830e-01 1.88333422e-01 5.82821965e-01
    1.10962182e-01 9.32057023e-01 9.49037731e-01 7.06755698e-01
    1.45628929e-01 1.31047964e-01 4.46964741e-01 3.56421888e-01
    2.89774537e-02 5.11937857e-01 9.93558764e-01 7.12171733e-01
    9.72144485e-01 7.06713498e-01 1.64695382e-02 1.70801401e-01
    5.54765284e-01 3.35315317e-01 9.54931796e-01 3.99760574e-01
    7.12807536e-01 9.28273797e-01 8.54408741e-01 3.23230922e-02
    6.42663538e-02 5.34170628e-01 7.62094140e-01 2.93187290e-01
    8.91514480e-01 7.59700537e-01 7.10483551e-01 2.84153342e-01
    5.95438063e-01 6.77383602e-01 8.98366034e-01 5.96335769e-01
    1.79514349e-01 5.21158040e-01 1.43738896e-01 5.19392669e-01
    3.02896619e-01 5.13395190e-01 5.94949722e-01 2.45251983e-01
    9.49049354e-01 7.76623726e-01 4.24910575e-01 1.67466640e-01
    7.36211121e-01 9.00085330e-01 3.01151991e-01 1.49417788e-01
    5.62396348e-02 9.18272674e-01 3.92743766e-01 6.07285202e-01
    7.55777717e-01 3.24698687e-01 5.25046051e-01 3.13539326e-01
    5.02479553e-01 5.04081547e-01 1.11065984e-01 7.85868824e-01
    7.59334087e-01 5.16405404e-01 6.50142193e-01 5.64217150e-01
    9.15742040e-01 7.72860467e-01 2.94272900e-02 8.62990320e-01
    8.74387860e-01 7.59561062e-01 2.09409863e-01 7.18181551e-01
    2.09794819e-01 6.83315158e-01 0. 0. 0. 0. 0. 0. 0. 0. 0. 0. 0. 0. 0.
    0. 0. 0. 0. 0. 5.17366230e-02 3.76686245e-01 5.31524777e-01
    2.70942211e-01 4.10846114e-01 4.31196928e-01 4.82543170e-01
    3.90675187e-01 9.03653979e-01 7.81257868e-01 1.18579715e-01
    1.03732020e-01 2.00104117e-01 2.44066566e-01 9.24712896e-01
    1.02433890e-01 7.27045774e-01 7.20237255e-01 4.19998884e-01
    3.79636317e-01 1.51658237e-01 5.96347034e-01 7.39285707e-01
    1.31274819e-01 6.19792521e-01 4.14438248e-02 8.65488291e-01
    1.28632277e-01 6.32911682e-01 6.05801702e-01 7.54569173e-02
    5.99817157e-01 4.92388874e-01 5.37907958e-01 4.39935565e-01
    2.43727267e-01 8.47708464e-01 5.97046673e-01 7.08498538e-01
    5.61528206e-01 8.93295050e-01 6.95458055e-01 6.66866302e-01
    2.74096072e-01 9.12752450e-02 5.59217334e-02 1.10057682e-01
    4.08759713e-01 9.91821110e-01 8.52096677e-01 6.17771864e-01
    5.94966531e-01 5.32458365e-01 5.98066211e-01 2.03220129e-01
    3.18012178e-01 7.16668785e-01 2.23533928e-01 3.14140856e-01
    4.02142316e-01 8.34100842e-01 7.93843865e-01 5.74308753e-01
    9.26107168e-01 9.76088285e-01 8.56852293e-01 8.93885970e-01
    4.02359217e-01 4.62379992e-01 9.38415825e-01 4.41573948e-01
    5.21532297e-01 3.83325934e-01 6.73093498e-01 1.35526955e-01
    1.43458009e-01 4.88733292e-01 7.21049190e-01 2.44113326e-01
    7.68830061e-01 3.28401327e-02 3.74980688e-01 2.10920125e-01
    1.30265057e-01 2.21051663e-01 8.99561524e-01 5.76605201e-01
    6.62579179e-01 1.48945153e-02 4.72939759e-01 1.56726032e-01
    6.53784871e-01 3.71607780e-01 2.51719415e-01 4.16159272e-01
    7.07928360e-01 2.81536996e-01 3.97597402e-01 9.19139504e-01
    9.79904890e-01 5.48515499e-01 1.76760852e-01 4.48879749e-01
    3.04799080e-02 4.63834792e-01 1.48091495e-01 5.41910827e-01
    9.07121301e-01 3.31460238e-01 2.79324651e-01 6.81004167e-01
    2.21675158e-01 3.84907901e-01 9.12306368e-01 2.53051758e-01
    6.50953531e-01 2.79671907e-01 8.04419518e-02 2.10768938e-01
    4.89817679e-01 1.05649233e-02 3.18296731e-01 7.80992091e-01
    9.93208647e-01 1.47162884e-01 7.05662966e-01 6.31180465e-01
    4.17214781e-01 9.19373333e-02 1.35760844e-01 8.49345207e-01
    7.56339073e-01 4.11483586e-01 2.49655128e-01 9.97949123e-01
    9.35434341e-01 4.49675143e-01 3.26997221e-01 7.99552202e-01
    5.41946173e-01 8.26847672e-01 8.61484110e-01 3.35718811e-01
    9.89553809e-01 3.49942744e-01 5.23905993e-01 2.80706942e-01
    5.26630878e-01 1.74439281e-01 8.25224221e-01 2.11477280e-03
    6.86825395e-01 1.04840934e-01 4.40201551e-01 3.96874905e-01
    8.49865317e-01 7.01328993e-01 5.52487433e-01 6.23323798e-01
    2.91313827e-01 1.00385547e-02 2.85421252e-01 2.13978380e-01
    2.84159780e-01 7.07229972e-01 1.16224587e-01 4.82158184e-01
    1.68158174e-01 8.38988900e-01 4.86117810e-01 2.45336354e-01
    1.47313803e-01 1.58475012e-01 9.61955845e-01 8.96391869e-01
    4.01780099e-01 2.19483435e-01 2.79846907e-01 9.95615661e-01
    6.01693988e-01 2.72017300e-01 1.35988772e-01 3.50555003e-01
    5.76922953e-01 7.45540082e-01 4.57627237e-01 5.94330490e-01
    1.53618753e-01 2.99631864e-01 5.12506247e-01 1.43761367e-01
    4.65734482e-01 3.74326825e-01 9.47313190e-01 7.89473534e-01
    6.19696677e-02 5.22217751e-01 5.02610803e-01 5.99465370e-01
    3.28114033e-01 9.54995990e-01 6.36695504e-01 6.52287543e-01
    5.44714868e-01 9.38727915e-01 7.68370986e-01 4.39754426e-02
    5.41097224e-02 2.93171018e-01 3.27731371e-02 3.03708911e-02
    6.46423519e-01 2.94278592e-01 9.06127036e-01 8.25840533e-01
    3.10388595e-01 4.51544553e-01 9.92707729e-01 7.66874552e-02
    2.34442770e-01 2.63598830e-01 3.02710831e-01 9.32906389e-01
    7.81631827e-01 3.40612799e-01 3.79809141e-01 3.55583727e-02
    5.35026312e-01 8.93568695e-01 4.53105450e-01 5.32249987e-01
    6.54513955e-01 1.38881505e-01 3.07766795e-02 3.53079885e-01
    8.73188853e-01 9.85343933e-01 4.36853349e-01 7.46925533e-01
    5.91067255e-01 6.20705664e-01 9.77758706e-01 4.44274485e-01
    7.69606352e-01 6.12063527e-01 1.73381776e-01 2.62817919e-01
    8.23743463e-01 9.57438111e-01 8.48483741e-02 3.49700212e-01
    9.28675056e-01 5.87569952e-01 2.12168097e-01 4.13981616e-01
    6.65733933e-01 0. 0. 0. 0. 0. 0. 0. 0. 0. 0. 0. 0. 0. 0. 0. 0. 0. 0.
    4.58909571e-01 5.65847754e-03 3.13459575e-01 8.22503448e-01
    8.65784287e-01 6.39040411e-01 5.29514372e-01 3.63614917e-01
    7.97788322e-01 8.10682833e-01 8.77003431e-01 9.58548784e-01
    7.92116284e-01 5.07660747e-01 6.41393661e-02 7.75561213e-01
    4.03956115e-01 8.73057008e-01 9.43492770e-01 5.12644410e-01
    1.08108789e-01 4.88113791e-01 1.74271822e-01 2.00951040e-01
    8.94827962e-01 7.93406725e-01 6.07526660e-01 1.32127672e-01
    8.02591562e-01 8.64022434e-01 9.08134639e-01 7.55895019e-01
    9.90520239e-01 8.98698568e-02 8.39218259e-01 6.80638254e-01
    7.17058539e-01 1.75520778e-01 2.82513946e-01 9.49018240e-01
    2.92423248e-01 5.12580574e-01 9.60061669e-01 5.67932487e-01
    1.45681441e-01 8.93473744e-01 1.82591110e-01 2.05262661e-01
    8.11816454e-01 2.62349367e-01 7.16041982e-01 1.41081721e-01
    5.09934008e-01 6.28648400e-01 2.65267909e-01 2.75330067e-01
    5.35677791e-01 5.10928690e-01 1.62765861e-01 3.28161895e-01
    6.29518270e-01 2.72483051e-01 9.44836974e-01 5.19771099e-01
    9.74254906e-01 5.31077504e-01 3.38891894e-01 1.64460242e-01
    7.67810225e-01 9.17149305e-01 5.32534301e-01 2.81120539e-02
    8.87910128e-01 4.03050303e-01 6.16528869e-01 2.72443473e-01
    8.40374827e-03 3.22839558e-01 2.70179510e-02 1.32331342e-01
    6.70560837e-01 2.44630128e-01 7.90709376e-01 2.23269910e-01
    9.51516688e-01 9.42261636e-01 9.74373460e-01 2.42683470e-01
    1.27433449e-01 5.87556958e-01 2.76278824e-01 7.96760201e-01
    1.82274312e-01 2.43164510e-01 7.76999712e-01 4.86457169e-01
    6.50218487e-01 8.90820265e-01 1.61366135e-01 2.47690976e-01
    7.93685079e-01 4.16977763e-01 4.66008306e-01 5.30828118e-01
    4.45570201e-01 6.53836906e-01 3.90888274e-01 7.51498938e-02
    5.23989320e-01 3.46339345e-01 5.98067522e-01 3.77862543e-01
    6.98068082e-01 8.75352263e-01 4.81920809e-01 6.67441249e-01
    5.85660100e-01 7.45609701e-01 8.18778634e-01 2.55458772e-01
    4.73814577e-01 7.30356097e-01 3.79278600e-01 7.23957658e-01
    5.42447269e-01 5.50189674e-01 3.57037812e-01 4.23219234e-01
    9.63661671e-01 5.10391653e-01 2.24410295e-02 5.27557850e-01
    4.02547419e-01 3.89536321e-02 7.87915170e-01 9.48296309e-01
    3.69881570e-01 9.81662273e-01 2.53305972e-01 8.91718566e-02
    3.66679370e-01 6.16146922e-02 2.88871467e-01 1.18385702e-01
    7.33992755e-01 8.87875438e-01 7.23130703e-02 9.50076461e-01
    5.53685308e-01 4.33781922e-01 3.04997921e-01 3.12153906e-01
    2.11628675e-02 9.65638340e-01 2.62974620e-01 3.94718170e-01
    9.77851748e-01 5.28510094e-01 3.41849327e-01 7.03382730e-01
    6.57033086e-01 1.74641490e-01 7.68492818e-01 6.20893717e-01
    7.98389256e-01 4.75340635e-01 2.92449653e-01 8.91657710e-01
    5.45078456e-01 2.26696521e-01 2.46944666e-01 8.38185906e-01
    4.30651307e-02 6.05247557e-01 2.47556984e-01 2.75049865e-01
    7.98766732e-01 4.05238271e-02 3.47906172e-01 9.49935436e-01
    7.70928383e-01 9.14652944e-01 3.73312294e-01 5.12576997e-02
    7.21581995e-01 2.50858843e-01 1.95755988e-01 5.16947091e-01
    2.13760853e-01 6.93989277e-01 9.19342577e-01 4.59089786e-01
    4.00009751e-01 7.39553988e-01 3.48266810e-01 3.98919046e-01
    8.58889520e-01 6.77907586e-01 5.74548364e-01 3.08780402e-01
    4.26856220e-01 6.72370791e-01 2.69684374e-01 2.77924716e-01
    9.23081636e-02 6.57350421e-01 7.71014094e-01 5.95353425e-01
    4.89215493e-01 8.60144913e-01 2.45226055e-01 1.64274812e-01
    1.38697624e-02 1.92758650e-01 6.41754866e-01 2.56867707e-02
    1.02503091e-01 5.38593471e-01 2.53768474e-01 8.58739138e-01
    5.26995003e-01 5.07122815e-01 1.74230576e-01 1.49292976e-01
    5.70829451e-01 2.79008687e-01 3.86810452e-01 3.05776238e-01
    2.18372226e-01 8.46439421e-01 2.97757387e-02 8.26649547e-01
    6.00464702e-01 7.15325415e-01 6.10640764e-01 8.21820676e-01
    5.96148431e-01 9.12493348e-01 3.73031795e-01 8.80090475e-01
    8.84902716e-01 3.15985858e-01 1.35728329e-01 8.89482796e-02
    2.11885601e-01 6.78599775e-01 2.00577199e-01 1.63273335e-01
    2.56353974e-01 3.41930181e-01 5.86814284e-01 2.22380161e-02
    4.69795316e-01 2.17431247e-01 3.67383003e-01 6.18193150e-01 0. 0. 0.
    0. 0. 0. 0. 0. 0. 0. 0. 0. 0. 0. 0. 0. 0. 0. 4.04804796e-01
    2.74047971e-01 8.07962418e-01 6.75128579e-01 7.04025090e-01
    5.11124074e-01 5.37699461e-03 5.16436398e-02 3.65350187e-01
    1.31649554e-01 5.86209536e-01 5.27490199e-01 9.78840232e-01
    5.43008327e-01 9.22852397e-01 4.98159379e-01 5.94143450e-01
    8.76096785e-01 1.25262946e-01 8.47307026e-01 8.95008922e-01
    7.56525874e-01 6.89319491e-01 5.28429985e-01 4.89620507e-01
    9.37882423e-01 7.74281979e-01 9.11193669e-01 7.03851879e-01
    5.02836704e-01 9.87776995e-01 8.25907230e-01 6.99114084e-01
    5.60998499e-01 8.09865534e-01 4.59141105e-01 5.77647686e-02
    9.32487369e-01 7.61395693e-01 8.24496269e-01 1.17602855e-01
    8.47046077e-01 2.64564157e-02 9.24662232e-01 1.87601328e-01
    5.93445778e-01 1.75114095e-01 2.38485098e-01 1.02868527e-01
    2.16391087e-02 9.44673538e-01 4.70847815e-01 8.97134125e-01
    1.09261155e-01 5.33724427e-02 4.85719562e-01 9.28564548e-01
    8.78290832e-02 6.56563938e-02 9.20842588e-01 1.36928648e-01
    6.69748187e-01 9.30321217e-03 9.82576609e-03 6.68545187e-01
    5.05300105e-01 5.80576062e-01 9.65365291e-01 8.29925179e-01
    4.89894837e-01 5.88506341e-01 2.95296848e-01 7.77784765e-01
    6.49836063e-01 2.70587802e-02 7.54663706e-01 8.42193127e-01
    2.90497184e-01 1.49364203e-01 6.93308711e-01 3.43338013e-01
    2.53466100e-01 8.42106640e-02 8.86071622e-02 7.86931634e-01
    7.18470156e-01 9.44951057e-01 4.77820545e-01 7.41705060e-01
    1.20885283e-01 3.11015248e-01 4.79560047e-01 5.02176464e-01
    7.70107508e-02 6.78589880e-01 4.55226183e-01 5.93669951e-01
    3.47140670e-01 5.88602185e-01 8.48070264e-01 7.12593436e-01
    5.17069638e-01 9.44842756e-01 4.44193274e-01 3.15355271e-01
    8.97076607e-01 5.36495984e-01 9.24648523e-01 1.23390406e-01
    1.06488675e-01 8.98828745e-01 5.97096860e-01 6.67414904e-01
    6.20014608e-01 2.28968233e-01 3.46916884e-01 2.37369955e-01
    9.81574178e-01 9.47345018e-01 5.08535206e-01 3.45272571e-01
    2.54228443e-01 4.08513606e-01 2.55913228e-01 4.23227102e-01
    1.26163661e-01 3.33527863e-01 8.13822508e-01 1.13250107e-01
    4.42405611e-01 3.11853230e-01 5.12599051e-02 7.01568842e-01
    5.32790542e-01 5.15071869e-01 8.50724697e-01 8.12628031e-01
    1.26070291e-01 4.14665908e-01 1.18205607e-01 9.90785480e-01
    1.62844747e-01 1.54709816e-02 6.39203370e-01 7.49780297e-01
    8.28479648e-01 3.31577063e-01 2.05970258e-01 2.18285441e-01
    1.74256057e-01 7.51276016e-01 7.16735363e-01 1.56523347e-01
    8.48944604e-01 1.85072124e-02 5.41093588e-01 2.96400487e-01
    6.89524889e-01 1.16304487e-01 5.30860364e-01 6.05833352e-01
    2.46092618e-01 6.61231697e-01 1.78433418e-01 1.47563994e-01
    1.42230570e-01 7.23419368e-01 2.25082427e-01 4.58430171e-01
    8.18395257e-01 8.38746667e-01 5.50592601e-01 2.74910271e-01
    7.48220801e-01 3.78474653e-01 1.98915213e-01 7.17929423e-01
    9.80689406e-01 8.90365541e-02 8.86295557e-01 3.07855785e-01
    5.45813501e-01 5.16689301e-01 6.30788326e-01 5.14772177e-01
    7.18111098e-01 1.41003489e-01 8.03635359e-01 6.89870238e-01
    6.24361336e-01 7.25108981e-01 7.91515470e-01 4.81793314e-01
    6.54957056e-01 9.08405900e-01 8.88554275e-01 1.81450039e-01
    1.72151119e-01 8.78618956e-01 4.53971475e-01 6.38531268e-01
    3.94718528e-01 9.36207175e-03 7.68504143e-01 8.72295678e-01
    2.73371518e-01 9.20658112e-01 6.65869117e-01 1.49569541e-01
    9.65573430e-01 7.12062716e-01 4.09969836e-01 3.00872713e-01
    7.64005542e-01 1.45884991e-01 2.30609536e-01 8.78931403e-01
    1.24117166e-01 6.85549378e-01 4.34131891e-01 5.77870488e-01
    3.39183003e-01 5.43441594e-01 8.11957479e-01 6.36952460e-01
    6.34426236e-01 9.83848929e-01 6.55093074e-01 5.18635511e-01
    8.09998095e-01 6.12229705e-02 4.88542616e-01 3.75423729e-02
    2.63622403e-02 7.59078264e-02 9.56846416e-01 1.84275210e-02
    8.40818286e-01 6.79793298e-01 4.29015219e-01 9.60929513e-01
    5.57310760e-01 3.52155238e-01 7.52905011e-02 8.28806758e-01
    5.34902632e-01 5.50047636e-01 2.45853841e-01 4.60046321e-01
    1.30384237e-01 1.00186467e-03 7.06155241e-01 9.44053650e-01
    4.65610236e-01 2.91712850e-01 8.11940491e-01 0. 0. 0. 0. 0. 0. 0. 0.
    0. 0. 0. 0. 0. 0. 0. 0. 0. 0. 6.71346128e-01 2.49834180e-01
    2.67240167e-01 5.14368653e-01 7.75787711e-01 8.25596213e-01
    5.51396608e-01 2.03543067e-01 4.65355277e-01 4.72331375e-01
    3.78500819e-01 8.41940165e-01 5.86307049e-02 5.08642673e-01
    5.81446409e-01 6.18789375e-01 9.54627395e-01 1.24469638e-01
    7.88555861e-01 1.11709207e-01 8.79409075e-01 6.80413306e-01
    4.77922380e-01 2.14099348e-01 5.92769623e-01 4.62257564e-01
    9.06520963e-01 8.61524582e-01 5.38087010e-01 8.77358615e-02
    1.30676389e-01 3.06658268e-01 2.42266953e-01 2.15099365e-01
    1.31943375e-01 1.29652798e-01 1.09647602e-01 8.38295281e-01
    3.85502070e-01 5.79997599e-01 9.35182452e-01 9.73296165e-01
    3.88389409e-01 4.31607872e-01 3.60558361e-01 9.74423707e-01
    4.72151339e-01 4.06647712e-01 1.27421319e-02 8.09743702e-01
    8.21600974e-01 8.56982172e-02 2.38260329e-02 1.32276148e-01
    5.96578658e-01 9.40332770e-01 5.18473387e-01 6.28035605e-01
    6.77842140e-01 8.16882372e-01 4.94344950e-01 6.13221824e-01
    2.18083680e-01 7.59475112e-01 8.03839087e-01 6.04054987e-01
    6.35923624e-01 8.24990988e-01 5.97667277e-01 7.18426049e-01
    6.26595080e-01 6.63401306e-01 7.32242942e-01 5.93851149e-01
    3.04582894e-01 8.79856765e-01 3.82077813e-01 8.37461233e-01
    1.83264613e-01 7.21666992e-01 1.33778363e-01 8.42278242e-01
    5.35508156e-01 9.22732472e-01 6.75091445e-01 1.96703434e-01
    8.53535771e-01 2.03400224e-01 2.80859351e-01 2.21933872e-01
    5.43203771e-01 9.68427062e-01 2.19160616e-01 4.37676311e-02
    3.97562593e-01 3.90098214e-01 6.09494567e-01 2.41968393e-01
    2.56157219e-01 4.10030872e-01 1.64664119e-01 4.06856000e-01
    7.26522744e-01 7.05153823e-01 6.66182220e-01 3.08654159e-01
    8.76417220e-01 2.16315150e-01 2.07953721e-01 4.43657815e-01
    3.31748307e-01 6.26496673e-01 9.44872499e-01 7.70070434e-01
    1.55737668e-01 5.21765590e-01 1.43138260e-01 7.68799186e-01
    3.37764859e-01 7.08562136e-01 3.82130265e-01 8.99506092e-01
    3.12780380e-01 9.89766777e-01 6.54846072e-01 3.60549539e-01
    3.02436471e-01 9.99769688e-01 5.91109335e-01 5.49860954e-01
    5.90292692e-01 7.09553778e-01 6.98390007e-01 7.54351377e-01
    2.81427294e-01 5.15030444e-01 9.48820114e-01 9.97805417e-01
    9.74970937e-01 7.48310566e-01 3.46094400e-01 8.58360291e-01
    5.68818450e-01 6.92210674e-01 2.46933013e-01 4.89155799e-01
    1.50890112e-01 2.70257264e-01 7.78782189e-01 1.67521894e-01
    4.88706768e-01 6.22075677e-01 5.29547989e-01 3.28139901e-01
    3.15464914e-01 2.25593626e-01 6.75769150e-01 9.70170140e-01
    7.91866660e-01 5.82285941e-01 8.92574072e-01 8.93221200e-01
    6.25598609e-01 1.31484300e-01 8.99566352e-01 1.84362441e-01
    4.45374697e-01 1.73574150e-01 3.48934531e-02 9.05959368e-01
    5.14446735e-01 3.02154720e-02 6.94205284e-01 3.97534847e-01
    6.69878662e-01 5.10882974e-01 3.50946546e-01 8.84117424e-01
    5.14584839e-01 8.02593470e-01 5.49929500e-01 9.02473569e-01
    3.13720137e-01 1.27552927e-01 3.43322814e-01 5.68247914e-01
    7.80916095e-01 2.68049240e-01 4.70749259e-01 3.69942904e-01
    7.30049431e-01 2.93775082e-01 7.98510790e-01 3.55761290e-01
    6.20950937e-01 1.25199765e-01 6.23816073e-01 9.66176689e-01
    1.84481591e-01 5.03245831e-01 9.53106165e-01 9.75596309e-01
    5.13700902e-01 3.91507268e-01 4.07679558e-01 6.80354834e-01
    8.83878469e-02 4.53295976e-01 3.72808397e-01 7.45164275e-01
    5.67295372e-01 5.63692808e-01 5.00431418e-01 2.70931542e-01
    9.04652297e-01 4.71614927e-01 1.99792951e-01 1.00337267e-02
    2.29514539e-01 2.69573659e-01 6.49041772e-01 7.08864093e-01
    6.58398807e-01 7.61854827e-01 4.00845498e-01 7.03716695e-01
    3.78646672e-01 7.11404920e-01 9.64239717e-01 7.63991117e-01
    8.37143183e-01 5.77111125e-01 3.61180902e-01 3.48056614e-01
    3.08000743e-01 5.00643909e-01 7.03736305e-01 7.55759954e-01
    6.93182528e-01 8.14286172e-02 4.91978645e-01 6.80722833e-01
    1.57076031e-01 9.12768126e-01 8.65066409e-01 4.25619960e-01
    5.76642156e-01 5.33033013e-01 9.55094218e-01 3.45306426e-01
    5.39532542e-01 7.16772676e-01 8.29434037e-01 5.55943012e-01
    8.58778000e-01 8.02879274e-01 0. 0. 0. 0. 0. 0. 0. 0. 0. 0. 0. 0. 0.
    0. 0. 0. 0. 0. 8.18405032e-01 4.42861706e-01 3.03458154e-01
    9.72818434e-01 9.20499384e-01 7.33186722e-01 7.84927011e-01
    6.83999777e-01 9.92434263e-01 7.58676529e-02 2.81128824e-01
    2.76717365e-01 1.30683243e-01 1.46184742e-01 5.17677188e-01
    9.59125757e-01 4.97678518e-02 3.74613106e-02 4.32826102e-01
    5.77517748e-02 3.84664237e-01 9.68872309e-01 5.55391610e-01
    2.17419326e-01 2.63172537e-01 4.15484905e-01 5.57374120e-01
    3.91368568e-01 2.74609625e-01 4.03827518e-01 1.49278343e-01
    8.24089766e-01 4.63140905e-01 7.87180722e-01 8.55101824e-01
    1.37565464e-01 3.82853746e-01 1.98839247e-01 3.92576694e-01
    3.57442737e-01 3.74716848e-01 1.57819688e-02 2.09430695e-01
    5.63809037e-01 3.77431989e-01 1.19988889e-01 8.93576503e-01
    8.50948453e-01 6.01872146e-01 8.58913541e-01 8.43216300e-01
    9.56796825e-01 7.25552917e-01 4.59372103e-01 6.92186415e-01
    6.40875101e-02 4.45994377e-01 6.16418600e-01 6.04954004e-01
    3.53764117e-01 7.51289785e-01 1.45448893e-01 8.27187777e-01
    1.55509830e-01 2.27633476e-01 3.28698158e-02 8.54618251e-01
    8.60219717e-01 7.34606385e-03 7.49683261e-01 1.10864848e-01
    1.18349016e-01 6.90038204e-02 8.12070727e-01 8.31618965e-01
    4.99947459e-01 6.78262293e-01 6.01830721e-01 6.08008802e-01
    9.46059108e-01 4.95100111e-01 5.27343154e-01 6.54694200e-01
    1.93701029e-01 2.03855455e-01 7.83833086e-01 8.15520704e-01
    7.58178353e-01 1.25478894e-01 5.00177741e-02 9.50822353e-01
    4.23337400e-01 6.90190971e-01 7.21446574e-02 9.69517589e-01
    7.32183516e-01 5.15742123e-01 6.38476074e-01 4.73244399e-01
    4.50766951e-01 8.65960419e-01 7.72878528e-01 6.13487959e-02
    7.22671568e-01 6.91405356e-01 4.91289496e-01 7.98055351e-01
    7.21550465e-01 3.87694061e-01 7.47745991e-01 7.95473099e-01
    6.76795840e-01 5.21005571e-01 9.18679357e-01 9.18340862e-01
    3.97631466e-01 5.89991152e-01 3.21418881e-01 1.07653677e-01
    6.24111593e-01 5.16022086e-01 5.01248837e-01 6.38951540e-01
    3.30792129e-01 1.61636055e-01 1.04842484e-01 7.32039094e-01
    3.94636750e-01 4.16975230e-01 3.43185842e-01 9.36201215e-02
    9.96475697e-01 7.48434246e-01 3.59232247e-01 5.62361538e-01
    6.79691851e-01 2.50813812e-01 5.76110661e-01 5.32606304e-01
    7.73249507e-01 1.09286726e-01 8.51606250e-01 7.92999864e-02
    3.24460268e-01 8.11914921e-01 1.77075624e-01 5.49726963e-01
    6.95967793e-01 2.17437863e-01 1.02476060e-01 1.92087650e-01
    3.76004755e-01 7.05859900e-01 6.37740493e-01 6.90168798e-01
    3.24425042e-01 3.71242225e-01 1.26810253e-01 2.71507382e-01
    3.51763427e-01 7.13990688e-01 7.23184288e-01 7.69963980e-01
    2.65386999e-01 7.02461660e-01 3.46015453e-01 4.28189337e-02
    3.64717990e-01 1.14333659e-01 4.90794063e-01 8.12869549e-01
    9.78174806e-01 6.15797579e-01 7.21891522e-01 9.80881751e-02
    2.32999146e-01 5.04050553e-01 2.45242089e-01 8.49326789e-01
    1.11643702e-01 2.74723798e-01 5.69964468e-01 1.88990563e-01
    9.15941894e-02 5.75124502e-01 5.75017691e-01 6.64241910e-01
    9.29613829e-01 6.13577127e-01 6.13374710e-01 7.77176619e-02
    8.35561395e-01 4.23266292e-01 7.89348125e-01 5.66667676e-01
    6.84963584e-01 8.29639375e-01 8.30372751e-01 7.68762529e-02
    9.41794991e-01 6.24268115e-01 5.65827191e-01 8.92501712e-01
    7.72695780e-01 1.13960326e-01 2.23355472e-01 3.38514149e-01
    8.50612760e-01 5.52449167e-01 3.18502575e-01 5.30012727e-01
    1.56106949e-01 8.32830667e-02 7.32090950e-01 7.95393407e-01
    4.01795626e-01 2.57908016e-01 7.08619356e-01 2.51728535e-01
    8.00991058e-02 3.52914870e-01 1.55459285e-01 4.96551484e-01
    9.50284600e-02 4.63821292e-01 3.11192930e-01 1.62106186e-01
    9.47540581e-01 7.40380049e-01 4.34439421e-01 6.95957422e-01
    9.28857744e-01 5.64024687e-01 5.15496254e-01 1.02920622e-01
    6.06153607e-01 6.07607245e-01 5.89992583e-01 8.61231446e-01
    7.85136819e-01 5.60680270e-01 2.66150951e-01 3.24244320e-01
    3.74557018e-01 8.19560409e-01 2.11169362e-01 6.47666872e-01
    3.29502881e-01 5.04952133e-01 4.94417399e-01 7.60434389e-01
    7.21966565e-01 5.76649725e-01 6.94869995e-01 3.76431346e-02
    6.19604409e-01 0. 0. 0. 0. 0. 0. 0. 0. 0. 0. 0. 0. 0. 0. 0. 0. 0. 0.
    4.76420254e-01 5.92819035e-01 3.74827921e-01 3.81336242e-01
    4.38096613e-01 8.29395652e-01 7.06976712e-01 9.66459870e-01
    3.05080414e-03 2.42455482e-01 4.89538074e-01 5.86961210e-01
    3.89818519e-01 1.20169163e-01 3.30562741e-01 8.71982753e-01
    1.41360164e-02 1.12115830e-01 4.10651207e-01 2.14596748e-01
    9.40388680e-01 4.67425436e-01 7.57614374e-01 3.11792910e-01
    7.51082540e-01 8.18887830e-01 5.11006057e-01 3.44120890e-01
    4.58095163e-01 3.62300634e-01 6.46019459e-01 7.44794607e-02
    1.95927531e-01 1.65648967e-01 6.18354559e-01 3.32423210e-01
    3.36086571e-01 4.43421453e-01 5.17942071e-01 3.27946693e-01
    9.96876240e-01 8.20471764e-01 5.75447917e-01 9.98348773e-01
    6.57310247e-01 3.35236132e-01 1.42792314e-01 2.16149569e-01
    7.11182415e-01 1.68221086e-01 6.80664539e-01 2.33895242e-01
    5.92996836e-01 7.14978516e-01 7.24860549e-01 3.49753350e-01
    9.56022501e-01 6.31564260e-02 5.01270771e-01 1.98631942e-01
    1.86589271e-01 5.00517607e-01 5.79970956e-01 9.43336070e-01
    8.48347366e-01 5.36801934e-01 4.99907643e-01 8.71124506e-01
    4.02976543e-01 7.02577829e-01 9.97612715e-01 6.52621210e-01
    4.51973677e-02 7.84441590e-01 8.53775263e-01 4.71095145e-02
    2.41006225e-01 3.23009551e-01 6.02968991e-01 3.21978897e-01
    8.54755998e-01 9.90921378e-01 1.39861077e-01 9.84206676e-01
    6.36961460e-01 2.22095400e-01 6.26770973e-01 4.67206538e-02
    8.57388735e-01 7.96744227e-01 7.18095064e-01 7.74410963e-01
    6.01382375e-01 1.56124741e-01 3.65401775e-01 7.47712255e-01
    4.48416114e-01 1.35337949e-01 9.52601373e-01 7.39880502e-01
    6.89423800e-01 3.22911739e-02 9.18141961e-01 2.79645711e-01
    2.45947063e-01 1.80122703e-01 5.93071282e-02 2.04833895e-01
    8.19154739e-01 3.02186012e-02 7.18405008e-01 5.16356349e-01
    8.31565380e-01 1.04187429e-01 2.34053582e-01 6.71112835e-02
    2.78220654e-01 8.30567479e-01 4.05011415e-01 4.09597725e-01
    7.51074076e-01 5.93248606e-02 8.46267462e-01 9.61179972e-01
    7.32441664e-01 8.26203346e-01 4.35858786e-01 8.57537687e-02
    5.99958241e-01 9.47390199e-01 6.19632602e-02 5.91540635e-02
    4.53346938e-01 6.20743394e-01 4.24067199e-01 3.17858517e-01
    5.77613771e-01 6.09476864e-01 3.92158031e-02 8.05808961e-01
    3.63523901e-01 3.07378948e-01 5.03307045e-01 7.56926298e-01
    2.04166830e-01 6.06365979e-01 4.96987075e-01 9.38524783e-01
    6.10483050e-01 1.75009280e-01 5.69796085e-01 5.19421399e-01
    4.25038874e-01 9.77255523e-01 6.71248555e-01 8.37883234e-01
    4.75220442e-01 5.21193683e-01 8.01755726e-01 8.94501328e-01
    8.32577825e-01 2.88836360e-01 4.80250955e-01 8.35896790e-01
    9.08396721e-01 8.69612932e-01 8.37310135e-01 8.57651114e-01
    6.42252445e-01 1.24839842e-02 2.99047351e-01 9.34716821e-01
    7.41965413e-01 8.27889085e-01 3.86436939e-01 8.58121037e-01
    3.51533353e-01 4.18103039e-02 9.43253815e-01 7.24482238e-01
    5.03581166e-01 2.58695722e-01 7.90494084e-01 7.96923399e-01
    1.69913471e-02 6.73025608e-01 1.80185139e-01 9.00887966e-01
    3.75835419e-01 4.92577165e-01 8.35904360e-01 8.17750931e-01
    2.29708672e-01 5.63439131e-01 2.18256921e-01 2.25623697e-01
    8.03709507e-01 7.93841481e-01 8.51950884e-01 8.43270302e-01
    1.60348803e-01 4.43411976e-01 4.04299051e-01 5.41150928e-01
    9.58670974e-01 5.70754647e-01 2.00516194e-01 5.14547825e-01
    8.33254933e-01 8.94501328e-01 1.52049959e-02 5.94574213e-01
    7.29062557e-01 4.59933788e-01 3.32763463e-01 9.03222859e-02
    3.46051395e-01 1.49355590e-01 9.66259480e-01 3.49533975e-01
    5.75201809e-01 2.69611865e-01 7.29326785e-01 9.61327434e-01
    8.59950066e-01 6.12178326e-01 5.59703410e-02 1.42692119e-01
    7.51675367e-01 4.26753193e-01 2.99034238e-01 1.65508330e-01
    4.33855653e-01 4.57513720e-01 9.71356869e-01 8.48671079e-01
    6.97550356e-01 3.01792026e-02 2.24453807e-02 5.91291964e-01
    2.04519182e-01 5.25898516e-01 5.98646164e-01 1.81868017e-01
    9.18019533e-01 3.62906873e-01 6.04593754e-01 3.37912500e-01
    4.71915901e-02 2.99795091e-01 3.55038524e-01 1.31088644e-01
    7.00987816e-01 8.35192680e-01 4.97426629e-01 3.02938193e-01 0. 0. 0.
    0. 0. 0. 0. 0. 0. 0. 0. 0. 0. 0. 0. 0. 0. 0. 1.35258436e-02
    2.83842444e-01 6.27401352e-01 5.33789814e-01 3.58043492e-01
    1.84008837e-01 7.31911600e-01 9.37902808e-01 3.23401630e-01
    2.94770718e-01 1.83549136e-01 5.01778007e-01 5.83051383e-01
    2.00828075e-01 8.15961838e-01 9.01551008e-01 1.10411614e-01
    9.92262602e-01 6.93231106e-01 5.92673540e-01 5.17800570e-01
    2.25507021e-02 8.25052142e-01 2.93169260e-01 2.33760446e-01
    4.69916701e-01 5.79213381e-01 3.08783770e-01 8.16740334e-01
    9.24926400e-02 1.24211013e-01 7.47998238e-01 7.04073310e-02
    5.94426036e-01 6.90889180e-01 5.03600478e-01 2.96711564e-01
    5.62351644e-02 3.09704602e-01 4.67205405e-01 6.58054709e-01
    5.26000202e-01 2.52214074e-02 6.31448030e-01 3.19308937e-01
    8.61382484e-02 6.94390535e-01 8.84196520e-01 1.44201994e-01
    7.91639328e-01 7.79383063e-01 8.36673260e-01 5.05245328e-02
    6.88389361e-01 7.25381196e-01 6.94432139e-01 3.15232873e-02
    8.81173015e-02 6.71958506e-01 9.25877392e-01 9.21392441e-03
    7.71254122e-01 1.34612083e-01 9.61999953e-01 6.47352457e-01
    6.99137390e-01 2.88901925e-01 5.64900219e-01 7.85910368e-01
    8.55856240e-02 2.02869594e-01 7.18146145e-01 6.08623922e-01
    2.49918908e-01 5.71888745e-01 3.88754725e-01 3.10365885e-01
    8.11334014e-01 7.30859160e-01 2.25288868e-01 9.85547185e-01
    9.34203506e-01 2.45019257e-01 2.31894016e-01 4.44490314e-02
    2.92157233e-02 3.13760400e-01 2.06787139e-01 9.29229736e-01
    6.92418277e-01 1.86891735e-01 6.93013847e-01 2.94261217e-01
    2.89934158e-01 2.26707339e-01 6.96230233e-01 1.96375430e-01
    1.51823789e-01 7.47085214e-01 8.28066826e-01 6.91516519e-01
    5.88734567e-01 9.33621824e-01 1.18629247e-01 1.02724999e-01
    8.54351044e-01 3.40190887e-01 4.46130395e-01 5.23013771e-01
    6.60915971e-02 1.09377950e-01 8.54054332e-01 6.13699913e-01
    2.12657303e-01 3.84534925e-01 5.46436489e-01 4.06738728e-01
    6.32470727e-01 5.78471303e-01 8.12865853e-01 7.09017694e-01
    4.73413765e-02 3.43848407e-01 5.68896890e-01 7.06968725e-01
    4.13653165e-01 8.37512255e-01 5.91033041e-01 3.40368450e-01
    4.62394357e-02 8.14845681e-01 3.11691284e-01 2.75384247e-01
    5.02195597e-01 5.44580221e-01 9.04465377e-01 9.43639278e-01
    1.23822153e-01 3.49984467e-01 9.17019010e-01 4.71900463e-01
    9.40084338e-01 4.11690295e-01 3.10102999e-02 3.47554475e-01
    8.27143788e-01 9.53476429e-01 8.35026801e-01 7.48496771e-01
    9.08663511e-01 7.46172667e-03 8.83936882e-04 8.83562028e-01
    2.94208497e-01 1.03390247e-01 5.14693499e-01 5.80108345e-01
    1.07149631e-01 7.92259097e-01 9.14596081e-01 2.13816971e-01
    9.86356795e-01 1.99228674e-01 9.91945565e-02 2.23787814e-01
    3.27485412e-01 9.51706409e-01 8.33478689e-01 5.79859495e-01
    9.07809734e-01 9.64024365e-01 9.31075096e-01 9.81190503e-02
    2.71929264e-01 9.03510034e-01 2.80830324e-01 5.00924110e-01
    7.92137146e-01 4.20133144e-01 3.29623461e-01 3.08950841e-01
    2.15749025e-01 5.71256816e-01 3.97846639e-01 5.01021922e-01
    7.38831162e-01 4.98533010e-01 9.51384425e-01 4.99888331e-01
    4.91433144e-02 5.80303848e-01 9.83686864e-01 1.85681194e-01
    9.98803735e-01 5.19262910e-01 6.73432946e-01 6.49506986e-01
    9.28463757e-01 1.56849623e-03 9.13386226e-01 7.12213635e-01
    5.34060597e-01 4.61730510e-01 1.29463494e-01 9.14944172e-01
    1.56128973e-01 4.31117386e-01 4.96424139e-02 8.04184675e-01
    7.41291344e-01 5.38083136e-01 9.37386394e-01 9.48585033e-01
    2.74004698e-01 5.14172316e-01 9.88556385e-01 7.05808580e-01
    5.31062484e-01 1.06750339e-01 4.63657111e-01 1.41930908e-01
    5.30419350e-01 5.06683767e-01 8.32842231e-01 1.04692638e-01
    2.08197892e-01 5.29363930e-01 3.52274954e-01 3.03215981e-02
    5.19385815e-01 3.54949296e-01 1.67258978e-01 3.47780555e-01
    6.69993401e-01 2.53609240e-01 5.38439929e-01 3.28311324e-01
    1.95043623e-01 6.13178313e-01 3.59253138e-01 3.99774551e-01
    2.29482859e-01 3.18017662e-01 5.55415034e-01 3.49935830e-01
    3.78066778e-01 2.68207729e-01 3.77452075e-02 7.76460886e-01
    1.21396810e-01 2.60923266e-01 6.36794508e-01 6.75041199e-01
    2.79286385e-01 6.27833188e-01 6.99228883e-01 0. 0. 0. 0. 0. 0. 0. 0.
    0. 0. 0. 0. 0. 0. 0. 0. 0. 0. 2.84366846e-01 3.85717481e-01
    8.86523604e-01 8.06346953e-01 5.22507131e-01 8.32417369e-01
    7.34256983e-01 6.06775522e-01 8.20222497e-01 8.30316305e-01
    4.04812634e-01 6.15841389e-01 1.55542493e-01 4.39872742e-02
    1.55183285e-01 3.58019680e-01 9.57245708e-01 2.69541889e-01
    6.54501200e-01 3.54247212e-01 7.28435695e-01 5.89414477e-01
    3.41377735e-01 2.84652233e-01 4.50149864e-01 4.41512048e-01
    9.41245675e-01 3.81600827e-01 8.33261311e-01 1.37102008e-02
    1.53738081e-01 4.73925173e-02 7.95535445e-01 1.76145881e-01
    2.98729450e-01 7.95163512e-01 3.60208005e-01 5.09966791e-01
    2.93076307e-01 9.39685941e-01 8.24731946e-01 4.12714213e-01
    3.70111763e-01 2.28153735e-01 1.88375026e-01 3.47969055e-01
    8.33359480e-01 6.98299110e-01 1.23417050e-01 6.27647042e-01
    1.28359884e-01 5.13799012e-01 4.93766636e-01 6.31307960e-01
    5.98499060e-01 4.65570539e-01 9.90481734e-01 2.46534079e-01
    7.99282551e-01 3.59618366e-01 5.08826673e-02 8.39089036e-01
    7.73363829e-01 3.41760516e-01 5.54512262e-01 1.48142159e-01
    1.53961331e-01 2.18092918e-01 2.39318043e-01 5.74026287e-01
    7.86198378e-02 6.36352897e-01 8.73936415e-01 4.26042438e-01
    3.38702053e-01 8.95698428e-01 7.09653258e-01 5.50063729e-01
    6.61661863e-01 4.09960926e-01 2.24083066e-02 8.27484846e-01
    1.25052035e-02 7.46501684e-01 9.85973179e-02 2.68870056e-01
    7.31167257e-01 9.31380272e-01 5.74114859e-01 7.51937628e-01
    9.67841208e-01 1.06705070e-01 7.10105956e-01 1.35373026e-01
    8.00090075e-01 7.18399405e-01 9.90050673e-01 6.01947367e-01
    8.98568928e-01 6.72648847e-01 8.37901354e-01 9.06580329e-01
    2.53750682e-02 8.38435888e-02 8.40825319e-01 2.93725133e-01
    9.87675607e-01 4.20804799e-01 2.02895463e-01 7.14413166e-01
    8.73366237e-01 2.74690330e-01 5.81927180e-01 3.31316531e-01
    3.51798475e-01 3.63708764e-01 3.89960647e-01 1.36022449e-01
    2.39933550e-01 1.44861877e-01 4.31749701e-01 1.18725747e-01
    9.61505175e-02 4.44625467e-01 2.39366978e-01 3.49921167e-01
    7.96706498e-01 9.49632466e-01 9.67212439e-01 2.85345852e-01
    5.26204348e-01 7.44430304e-01 7.94666350e-01 7.25281239e-03
    6.10973418e-01 6.53109670e-01 3.65622938e-02 3.61909568e-01
    1.57981992e-01 8.04083169e-01 8.69593501e-01 5.31076193e-01
    6.33036494e-02 3.99578691e-01 8.26716363e-01 1.26552761e-01
    3.32947612e-01 9.86845732e-01 8.85175765e-02 2.99320877e-01
    2.06404209e-01 4.20720339e-01 7.38456547e-01 1.34605944e-01
    6.09248698e-01 7.13908315e-01 9.30215955e-01 4.48293179e-01
    6.86969936e-01 4.64075446e-01 4.60137099e-01 3.52844745e-01
    2.14742512e-01 4.32560354e-01 8.89246464e-01 8.54326367e-01
    5.91099143e-01 9.51916456e-01 9.55177307e-01 6.38946950e-01
    5.55313647e-01 7.56308496e-01 4.66398537e-01 1.10625386e-01
    6.97015047e-01 7.27032125e-01 8.06587338e-01 6.55846119e-01
    8.64436567e-01 9.68586802e-02 9.62357044e-01 9.83147502e-01
    2.21756130e-01 7.14801669e-01 8.99952888e-01 5.61740577e-01
    1.82262063e-02 2.01519042e-01 5.99196494e-01 3.09078693e-02
    7.48370767e-01 3.31274927e-01 2.30693430e-01 6.23262644e-01
    2.70347893e-01 2.35676348e-01 7.31692612e-01 5.30957997e-01
    6.86668515e-01 9.53684688e-01 7.65316963e-01 2.43604511e-01
    3.97795737e-02 6.66854501e-01 7.34956920e-01 8.25742602e-01
    3.28774750e-01 4.19893265e-01 3.05261731e-01 8.05257559e-01
    6.67916894e-01 8.75012398e-01 1.89213455e-01 4.87204343e-01
    4.17477876e-01 9.09588933e-01 4.87031996e-01 8.34503651e-01
    9.77876782e-01 4.34255958e-01 7.36942887e-01 5.21108270e-01
    2.49885619e-02 6.01501942e-01 7.92516232e-01 5.27512312e-01
    1.64812118e-01 4.44374114e-01 2.46655375e-01 3.28183293e-01
    5.73438764e-01 2.18478948e-01 5.63819468e-01 8.09927225e-01
    3.97234589e-01 2.90382385e-01 5.88453054e-01 3.19027334e-01
    3.57249439e-01 8.35964799e-01 4.88750994e-01 1.45242929e-01
    5.20064712e-01 6.90962076e-01 3.12262386e-01 8.24497819e-01
    4.82525349e-01 4.05070245e-01 3.22343111e-02 6.69524014e-01
    6.95116520e-01 6.47139728e-01 5.24228692e-01 3.41113925e-01
    9.61137950e-01 6.51469469e-01 0. 0. 0. 0. 0. 0. 0. 0. 0. 0. 0. 0. 0.
    0. 0. 0. 0. 0. 4.81839538e-01 2.03692615e-01 6.08481884e-01
    4.66147780e-01 6.28296971e-01 6.75034404e-01 8.61715436e-01
    7.79983044e-01 5.39146781e-01 2.76887178e-01 5.34223378e-01
    5.49573958e-01 2.89605826e-01 9.36676502e-01 4.90890801e-01
    1.09108299e-01 4.65183854e-01 6.92832768e-01 9.66406465e-02
    5.11225581e-01 1.15922540e-01 4.63074923e-01 3.09690833e-03
    1.26677424e-01 3.40158641e-01 9.97517765e-01 1.39678955e-01
    4.03346419e-01 2.03072041e-01 7.64495730e-02 1.87118948e-01
    5.71485281e-01 7.45418131e-01 1.85704201e-01 1.92521214e-01
    8.99965525e-01 3.34881723e-01 8.53486061e-02 8.93141866e-01
    8.26366365e-01 5.17394185e-01 5.35420537e-01 2.20628679e-02
    5.31940401e-01 8.10265481e-01 1.03642046e-02 6.08673036e-01
    9.83071208e-01 4.99150157e-03 3.33318710e-02 4.97043163e-01
    8.62305880e-01 5.38265407e-01 2.33394176e-01 2.34303504e-01
    8.25991035e-01 4.94048834e-01 1.89475417e-01 7.06332862e-01
    4.45864290e-01 6.59011722e-01 4.17374730e-01 2.92971671e-01
    7.85035610e-01 8.47605944e-01 4.83683228e-01 6.97761774e-02
    8.13189864e-01 7.77706861e-01 1.68797970e-02 9.28586066e-01
    6.85469151e-01 7.87208676e-01 4.67300296e-01 3.69952023e-02
    9.00657654e-01 4.60441768e-01 6.22305751e-01 5.93090355e-01
    3.87285054e-02 3.13153207e-01 4.38258916e-01 3.24710965e-01
    3.42893302e-01 6.66791916e-01 2.23370284e-01 8.88963223e-01
    2.75602102e-01 7.84256697e-01 6.41200662e-01 9.76624370e-01
    1.14344507e-01 3.29302996e-01 9.48022008e-01 7.16977000e-01
    4.43244278e-02 8.20861697e-01 7.52636671e-01 6.49395287e-02
    2.26245791e-01 1.49661362e-01 3.52790654e-02 4.60271358e-01
    8.20637226e-01 3.75528425e-01 4.61160451e-01 1.85999334e-01
    9.63144422e-01 4.14380789e-01 8.14403057e-01 4.09115285e-01
    3.28042805e-02 8.20562482e-01 8.83662999e-01 3.19897950e-01
    7.71986008e-01 8.41171980e-01 1.24363750e-01 7.49751687e-01
    7.21777201e-01 1.39963925e-01 2.97357142e-01 6.02511823e-01
    9.21411335e-01 8.81490231e-01 5.97663820e-01 8.36085498e-01
    2.90895700e-02 4.78419274e-01 3.48291457e-01 5.60628533e-01
    1.32067740e-01 7.89652348e-01 2.42399365e-01 6.16768181e-01
    3.71727765e-01 3.41792703e-01 5.99175453e-01 3.10810030e-01
    8.02193463e-01 3.13339740e-01 4.21739161e-01 6.10085785e-01
    4.50010806e-01 6.99692547e-01 6.86538756e-01 3.22892636e-01
    4.78331804e-01 5.95943034e-02 1.22296453e-01 6.69523120e-01
    9.49249148e-01 7.43875504e-02 6.52833998e-01 8.88347507e-01
    2.96821326e-01 4.22823340e-01 7.37710357e-01 4.60254431e-01
    7.86974549e-01 9.66104865e-01 9.91783440e-02 1.39020085e-02
    2.64949083e-01 9.67690766e-01 2.86520898e-01 5.98991573e-01
    3.95891368e-01 7.30545461e-01 6.59385324e-03 1.21808052e-01
    5.30387580e-01 3.34030032e-01 5.19239902e-01 5.72401166e-01
    8.88526201e-01 3.28536749e-01 1.28592134e-01 2.60763109e-01
    7.53854752e-01 9.10001516e-01 3.08167875e-01 5.72826803e-01
    6.78827643e-01 3.28741819e-01 3.55888009e-01 5.42615294e-01
    5.86009979e-01 7.29933202e-01 3.37832987e-01 3.48235250e-01
    3.56107771e-01 2.06480056e-01 8.24316502e-01 4.65795934e-01
    8.31136048e-01 1.29288584e-01 5.24308085e-01 5.88861942e-01
    6.32747948e-01 9.39814389e-01 1.35160148e-01 2.76410878e-01
    3.22545528e-01 1.20817006e-01 7.58252800e-01 7.07076371e-01
    1.97138488e-01 6.37056947e-01 4.56463993e-01 9.29120660e-01
    6.64028704e-01 8.60571265e-01 3.79650950e-01 3.04674625e-01
    6.13051355e-01 5.23231626e-01 1.33928537e-01 9.44138348e-01
    1.48374081e-01 5.08469880e-01 6.16741538e-01 4.34845746e-01
    6.79478526e-01 7.65953243e-01 9.52743292e-01 5.97998977e-01
    5.55306017e-01 1.75246686e-01 4.23374474e-01 5.24431705e-01
    3.18564892e-01 8.26742113e-01 2.86550641e-01 6.22177422e-01
    4.82386917e-01 7.53334284e-01 8.21027279e-01 4.31737602e-02
    1.50819391e-01 2.99422115e-01 9.63995457e-02 9.29698229e-01
    3.97681862e-01 7.08073258e-01 6.18590117e-01 5.74276567e-01
    9.90916729e-01 2.55867064e-01 2.48229951e-01 2.77857721e-01
    6.63493872e-02 4.01066691e-01 6.79322958e-01 3.36828440e-01
    9.87368107e-01 0. 0. 0. 0. 0. 0. 0. 0. 0. 0. 0. 0. 0. 0. 0. 0. 0. 0.
    2.83901095e-01 6.97560906e-01 6.36574030e-02 1.28782243e-01
    5.25961578e-01 8.53982687e-01 2.76035547e-01 4.54780519e-01
    9.82773066e-01 9.42042232e-01 8.74966383e-01 9.70892966e-01
    8.74156594e-01 2.49779254e-01 7.81125188e-01 3.13180149e-01
    5.62146664e-01 2.93012142e-01 5.64670801e-01 3.02803874e-01
    1.89787328e-01 2.50198543e-02 6.05932355e-01 6.90301478e-01
    4.60231334e-01 3.63393128e-02 2.49422908e-01 2.98995614e-01
    1.82804346e-01 6.79151475e-01 1.86307997e-01 2.15154588e-01
    1.78848743e-01 1.18583590e-01 2.82781065e-01 5.94023228e-01
    4.31724191e-01 1.85015589e-01 1.27123773e-01 4.64095116e-01
    5.34031630e-01 9.45009947e-01 4.13191617e-01 5.29313385e-01
    9.75058079e-01 1.69331640e-01 3.72176647e-01 1.05430633e-01
    6.33785069e-01 9.19232965e-01 5.10085702e-01 5.05587637e-01
    5.71779668e-01 3.37228477e-01 6.81808472e-01 4.27620411e-01
    6.45696819e-02 2.50379562e-01 3.55795205e-01 9.46361601e-01
    8.93255174e-02 6.36227369e-01 6.70521557e-01 5.89873433e-01
    2.62741148e-01 7.66668022e-01 4.02753234e-01 4.33135659e-01
    8.64516556e-01 9.23159122e-01 6.21693850e-01 3.70139360e-01
    1.61416918e-01 9.65530276e-02 9.54700947e-01 3.17997217e-01
    3.57111812e-01 2.34894514e-01 1.24385357e-02 5.58144867e-01
    7.50730097e-01 9.99229610e-01 2.43226886e-02 7.63232589e-01
    8.12441707e-02 7.69630849e-01 3.86390090e-01 3.34201932e-01
    4.11759853e-01 3.08290660e-01 5.52251220e-01 9.23141301e-01
    2.89006859e-01 2.51100063e-02 8.40597153e-01 5.91331244e-01
    1.74859464e-02 1.08236372e-02 7.72656560e-01 9.75527644e-01
    4.90135431e-01 2.77993828e-01 5.85738361e-01 5.01555681e-01
    8.93065572e-01 8.16298127e-02 1.12978429e-01 7.25658715e-01
    4.69693422e-01 4.97729570e-01 3.70465010e-01 5.90680420e-01
    4.48157668e-01 9.67186987e-02 8.14155400e-01 5.42029500e-01
    6.57637179e-01 4.91835266e-01 9.58846807e-01 5.63238442e-01
    2.37390161e-01 4.61871296e-01 7.90512860e-02 1.80203229e-01
    7.44885445e-01 9.58685160e-01 7.60202646e-01 9.68591213e-01
    6.44589663e-02 8.79694223e-01 6.59273267e-01 2.08195269e-01
    3.22610080e-01 4.25496340e-01 7.93129504e-01 4.50861722e-01
    1.88008547e-02 9.82267261e-01 7.07253814e-03 3.06017190e-01
    2.79069901e-01 6.04685783e-01 1.35918260e-02 6.74904883e-02
    8.36318433e-02 6.87646508e-01 7.64608562e-01 9.30726051e-01
    4.12581444e-01 1.47484779e-01 9.69177186e-01 5.22636473e-01
    8.66462827e-01 1.12803966e-01 5.33005714e-01 7.39502192e-01
    9.74073291e-01 5.06473422e-01 4.38477695e-02 9.75395918e-01
    2.45314509e-01 7.52756119e-01 1.27125859e-01 9.52026129e-01
    1.89240515e-01 7.30942488e-01 1.05551869e-01 2.15843529e-01
    2.55854756e-01 4.88001585e-01 4.75075632e-01 2.90527940e-01
    5.89145005e-01 9.96670723e-02 7.33195841e-01 4.19605374e-01
    7.94396400e-01 5.31635106e-01 3.58192325e-01 2.68487483e-01
    3.25857997e-02 3.30452144e-01 8.70176613e-01 3.31274241e-01
    1.68910623e-01 3.05685192e-01 2.46730566e-01 8.51522684e-01
    9.76231575e-01 2.48616338e-02 7.06166208e-01 1.10293627e-02
    1.70153558e-01 2.70547032e-01 1.04378343e-01 1.32792354e-01
    9.05419290e-01 2.22045183e-03 1.17949247e-02 9.07407403e-01
    4.77324069e-01 6.12843394e-01 3.72966766e-01 2.09566563e-01
    5.69295585e-01 9.89404321e-01 7.35272884e-01 1.46024436e-01
    7.88854361e-02 1.86315686e-01 4.23360795e-01 7.68387914e-01
    9.56209481e-01 8.14219594e-01 7.72828102e-01 5.72998822e-01
    5.04701674e-01 4.43214476e-01 5.99992990e-01 6.50392532e-01
    6.16414130e-01 9.63584006e-01 9.47334051e-01 4.43244427e-01
    4.52720225e-01 6.55931830e-02 5.07920444e-01 9.61139798e-01
    2.13762105e-01 8.99140120e-01 5.16565263e-01 6.80536985e-01
    5.13362765e-01 1.13306373e-01 4.95788544e-01 9.22564685e-01
    3.27770472e-01 3.45163286e-01 7.02891588e-01 6.62217736e-02
    5.98144948e-01 1.40090704e-01 8.95800948e-01 1.51328892e-01
    7.14045703e-01 7.33756900e-01 8.99950862e-01 7.03971863e-01
    6.49521828e-01 2.71949172e-03 9.27074313e-01 6.96595788e-01
    3.49949419e-01 7.56257057e-01 8.91002417e-01 2.13508397e-01 0. 0. 0.
    0. 0. 0. 0. 0. 0. 0. 0. 0. 0. 0. 0. 0. 0. 0. 6.26707375e-01
    8.61571133e-02 6.91894770e-01 9.89378333e-01 3.76908362e-01
    2.02579677e-01 3.76210600e-01 8.21120501e-01 8.41457009e-01
    3.07803363e-01 9.14793909e-01 8.15456271e-01 7.65288234e-01
    1.30701005e-01 4.21788990e-02 9.20223117e-01 6.97186708e-01
    7.30871916e-01 8.87410164e-01 5.35462499e-01 1.19396836e-01
    7.07823694e-01 9.58514094e-01 5.19966006e-01 9.58585143e-01
    1.50473952e-01 7.35617638e-01 2.42703736e-01 2.62625337e-01
    7.55517960e-01 3.22377682e-01 2.96740830e-02 9.05721307e-01
    8.79981935e-01 8.16313267e-01 8.32027197e-01 2.30679303e-01
    3.48009765e-02 9.83259082e-01 4.78731304e-01 3.63097131e-01
    1.88528895e-02 4.78251487e-01 5.12749612e-01 3.47278684e-01
    1.10640913e-01 2.03727365e-01 1.47309750e-01 1.89472139e-01
    2.05394924e-01 4.36273634e-01 5.79076409e-02 5.39879680e-01
    2.78756142e-01 2.87510425e-01 1.82039917e-01 1.34990841e-01
    7.37156391e-01 2.41407245e-01 6.96675479e-01 3.04919928e-01
    9.09766614e-01 2.73635924e-01 3.31956387e-01 6.25399053e-02
    1.89147592e-01 6.11991286e-01 1.20273411e-01 7.30227947e-01
    4.48178828e-01 1.31135523e-01 8.67059827e-01 2.02748746e-01
    3.64702195e-01 8.35133255e-01 3.38788390e-01 3.90427113e-02
    7.38690197e-02 1.54079229e-01 5.46634197e-01 3.07905734e-01
    9.81276929e-01 2.43400455e-01 9.67942238e-01 3.62547636e-01
    3.97103459e-01 7.62231648e-01 3.53977203e-01 2.12021947e-01
    1.20651245e-01 2.13079274e-01 5.51226497e-01 5.50657332e-01
    8.00902724e-01 4.47734118e-01 7.28169084e-01 9.64699090e-01
    1.00001246e-01 2.94619888e-01 4.34165508e-01 5.15537500e-01
    3.49245548e-01 4.31939542e-01 8.16938281e-01 2.69088328e-01
    2.45318055e-01 5.58738410e-01 8.07839394e-01 1.04523718e-01
    8.02585363e-01 8.40068579e-01 1.88742697e-01 6.86263561e-01
    3.58734876e-01 8.18010926e-01 8.79081607e-01 6.54905975e-01
    2.16002703e-01 6.53573692e-01 8.32919240e-01 7.25452363e-01
    9.62110877e-01 2.81680673e-01 4.96521294e-01 7.43610859e-01
    6.36248708e-01 9.77186203e-01 5.15139103e-01 5.23505986e-01
    8.81096959e-01 8.45348597e-01 1.32814378e-01 5.37944973e-01
    3.10847163e-01 6.98550999e-01 5.78839183e-02 5.81884384e-01
    6.43537819e-01 3.75110745e-01 9.85644162e-01 3.54056120e-01
    6.80267572e-01 1.50377154e-01 8.10840845e-01 5.30167460e-01
    1.44150704e-01 2.01225549e-01 4.82167959e-01 8.29520226e-01
    6.37101233e-01 9.14379358e-01 9.88009870e-02 5.27448237e-01
    3.43709558e-01 4.48672175e-01 1.80623412e-01 4.43775982e-01
    9.12426710e-02 5.12008607e-01 2.63193369e-01 9.65875864e-01
    6.00481391e-01 6.96537018e-01 1.37012333e-01 6.66316509e-01
    4.88571703e-01 3.29120159e-02 4.73204017e-01 3.85057300e-01
    4.75905836e-01 7.43824959e-01 7.65691042e-01 9.21358347e-01
    4.00766432e-01 5.62484145e-01 3.48215103e-01 4.89800990e-01
    5.67206442e-02 9.97133791e-01 3.99955928e-01 5.79515100e-03
    3.79207790e-01 5.03388941e-02 5.93249798e-01 2.80273110e-01
    4.03131962e-01 4.57408190e-01 4.65454757e-01 3.24306488e-02
    6.11383617e-01 6.64619386e-01 7.74120390e-02 5.61331868e-01
    1.53750122e-01 2.91805923e-01 8.40515494e-01 7.77218521e-01
    6.59488082e-01 5.37018657e-01 2.14080393e-01 2.73087084e-01
    8.00989568e-01 5.76947331e-01 8.47109556e-01 6.24085844e-01
    7.50928819e-01 5.17565310e-01 6.36281908e-01 9.46497142e-01
    5.98711610e-01 2.40153074e-03 6.96667910e-01 6.88554704e-01
    1.17285281e-01 3.83109629e-01 4.49453026e-01 2.95908153e-02
    3.98691505e-01 4.68651742e-01 7.60390878e-01 8.83454561e-01
    2.38907069e-01 5.89320958e-01 6.76465929e-02 5.74242413e-01
    4.22922969e-01 9.69947457e-01 8.02026510e-01 1.42468274e-01
    6.55254126e-01 6.38500988e-01 8.95427823e-01 3.58351737e-01
    6.87995970e-01 2.84016073e-01 5.21758914e-01 2.94181287e-01
    5.39872646e-02 5.28568983e-01 8.03364217e-02 8.23938131e-01
    2.48993933e-01 2.02551901e-01 6.26661062e-01 3.19741070e-01
    4.30148244e-01 9.42241788e-01 1.37470901e-01 7.32924461e-01
    1.40468448e-01 6.44927621e-01 1.07124478e-01 3.65151942e-01
    1.96423084e-01 7.00093567e-01 3.85404825e-01 0. 0. 0. 0. 0. 0. 0. 0.
    0. 0. 0. 0. 0. 0. 0. 0. 0. 0. 2.37552017e-01 5.71195900e-01
    5.20131469e-01 6.89448476e-01 7.50276208e-01 6.12736106e-01
    7.94395804e-03 5.06319225e-01 8.84035230e-01 1.91060394e-01
    6.64975643e-01 9.97040749e-01 8.44503880e-01 7.95325994e-01
    1.64088398e-01 5.86070716e-01 6.42714620e-01 8.61067891e-01
    1.31683111e-01 4.07945901e-01 3.42225730e-02 3.55744362e-03
    3.46058309e-01 8.47292066e-01 5.34976721e-01 3.73900175e-01
    1.43971175e-01 1.72683984e-01 6.43319964e-01 4.64671940e-01
    3.23840022e-01 7.57749319e-01 8.71998072e-01 8.50883007e-01
    7.00808465e-02 1.35165036e-01 5.87212086e-01 5.14968276e-01
    2.64574647e-01 2.94686854e-02 4.53544825e-01 5.19981265e-01
    4.63438451e-01 9.60899532e-01 2.58040965e-01 6.56803727e-01
    5.34249187e-01 3.47590327e-01 2.80480981e-01 2.61936516e-01
    6.20576203e-01 5.26829898e-01 8.92269254e-01 1.64356261e-01
    9.93504941e-01 2.71688282e-01 6.75287962e-01 7.98484802e-01
    9.84606504e-01 1.82141781e-01 1.79175854e-01 8.19490194e-01
    6.74829781e-01 7.17109859e-01 9.65423465e-01 2.58706510e-01
    5.67653298e-01 5.35161138e-01 3.12958360e-01 2.25143045e-01
    3.58506471e-01 9.73250985e-01 4.21832353e-01 3.79709899e-01
    8.81664634e-01 6.86296582e-01 3.26959163e-01 7.80487537e-01
    3.25726777e-01 2.70414531e-01 4.66007084e-01 7.98661828e-01
    4.32746112e-02 9.56938505e-01 3.50751549e-01 7.00309575e-01
    7.05378890e-01 5.68835795e-01 7.14699149e-01 9.01738346e-01
    7.46760190e-01 4.58243251e-01 8.04818511e-01 5.28115332e-01
    1.31521225e-02 4.72636849e-01 5.82332492e-01 7.22231030e-01
    8.50154161e-01 4.89878535e-01 4.03639793e-01 1.95080101e-01
    6.45759702e-01 1.80987567e-01 9.21190500e-01 3.84370387e-02
    4.49356765e-01 9.33798850e-01 1.59577787e-01 2.43482947e-01
    7.05653429e-01 7.45731235e-01 2.28962451e-01 6.32841527e-01
    3.29274833e-01 1.55310869e-01 8.66720676e-02 8.72788310e-01
    5.56432009e-01 8.36384296e-03 4.34362650e-01 4.64588642e-01
    3.20369005e-02 6.89874887e-01 2.22270489e-01 7.13506579e-01
    8.19283545e-01 8.09798717e-01 9.29118812e-01 9.70855117e-01
    7.25127101e-01 2.48012155e-01 9.54078078e-01 9.31739926e-01
    6.28665090e-01 4.88883406e-01 8.14952910e-01 1.50646448e-01
    2.25672692e-01 6.63105011e-01 3.15474540e-01 9.91523266e-01
    3.30877841e-01 2.26361603e-01 1.39934242e-01 5.11674464e-01
    5.07511735e-01 9.34527755e-01 4.21368748e-01 1.97519511e-01
    1.14849806e-01 2.82166541e-01 1.19651258e-01 7.86619782e-01
    2.50444025e-01 5.37922621e-01 2.52907574e-02 5.81309259e-01
    1.66781753e-01 9.35759544e-01 3.32775295e-01 8.82353425e-01
    6.56937361e-01 8.14412296e-01 7.79498339e-01 2.44239926e-01
    4.06174660e-02 3.91683280e-02 2.80418634e-01 4.24305171e-01
    2.47171432e-01 1.33752584e-01 6.56397343e-01 3.00959587e-01
    8.56925964e-01 6.40998065e-01 5.58276415e-01 4.26732153e-01
    7.06938863e-01 3.77119482e-01 6.40652001e-01 6.80262983e-01
    2.42248386e-01 3.89881253e-01 4.49352026e-01 2.56226987e-01
    6.80180490e-02 6.29548192e-01 3.15906644e-01 5.14939487e-01
    3.51060033e-01 3.25235367e-01 2.94486642e-01 7.69619226e-01
    6.41981661e-01 6.01511300e-01 1.13390744e-01 9.45633948e-01
    9.42756534e-01 2.52655029e-01 5.92879593e-01 3.01193267e-01
    1.36257440e-01 1.22450352e-01 7.26108789e-01 9.62949038e-01
    3.82574797e-01 6.01662576e-01 1.91727370e-01 7.56946802e-01
    7.16073155e-01 4.19590950e-01 2.81349510e-01 6.41299725e-01
    9.73606110e-03 9.01709497e-02 7.86420584e-01 4.50175285e-01
    9.84509706e-01 4.30419207e-01 5.02551377e-01 3.13181281e-01
    2.05143601e-01 3.17249298e-01 5.94292760e-01 9.53776717e-01
    2.52354980e-01 7.65154481e-01 1.67748332e-01 1.58376634e-01
    9.77953672e-02 5.09517372e-01 1.59066617e-01 1.90831125e-01
    9.74753499e-01 7.59415746e-01 5.89269996e-01 5.38470149e-02
    8.37510586e-01 5.46771348e-01 5.89872479e-01 3.93038541e-01
    3.05050343e-01 1.93293899e-01 2.04066455e-01 1.23989582e-01
    9.71457720e-01 3.84004772e-01 9.61890221e-01 9.25315499e-01
    3.90226990e-01 4.35856372e-01 8.16675603e-01 1.94924861e-01
    2.49333769e-01 7.06645608e-01 0. 0. 0. 0. 0. 0. 0. 0. 0. 0. 0. 0. 0.
    0. 0. 0. 0. 0. 5.96319020e-01 5.52142262e-02 1.33846998e-01
    1.02482110e-01 9.08504426e-02 6.02587223e-01 2.13985562e-01
    8.22463632e-01 1.85504973e-01 1.92056626e-01 2.13405252e-01
    5.59382081e-01 6.00353479e-01 2.75874138e-01 1.51496798e-01
    5.83795428e-01 1.72195822e-01 9.13274884e-01 1.40953183e-01
    4.68539536e-01 3.34211051e-01 2.23567456e-01 7.66148746e-01
    7.75509775e-02 2.52257526e-01 1.72859818e-01 3.33723396e-01
    6.11052990e-01 4.59754556e-01 3.07468593e-01 2.27720141e-02
    4.32570904e-01 4.46437001e-02 1.45233065e-01 9.88317490e-01
    8.88107538e-01 2.50412047e-01 6.94856644e-02 7.00479984e-01
    9.02951360e-02 9.82635915e-02 5.96493304e-01 4.59575653e-03
    7.43849874e-01 6.58786774e-01 9.70645547e-01 8.86591733e-01
    8.74569774e-01 4.71468806e-01 1.38099700e-01 5.96977890e-01
    6.78591907e-01 6.80844069e-01 2.36413151e-01 5.64100623e-01
    6.00250423e-01 9.56812501e-01 9.12363827e-02 6.88817501e-02
    5.55375814e-02 5.16597748e-01 4.11507905e-01 5.85758090e-01
    1.49008036e-02 7.64366984e-01 2.20617652e-01 7.60596693e-01
    5.30027986e-01 9.09115493e-01 1.99699134e-01 3.69622409e-01
    6.43537939e-02 9.64052975e-02 8.08942854e-01 4.47802216e-01
    5.33123434e-01 5.04783869e-01 2.47474700e-01 4.50488925e-01
    3.01322341e-01 4.92232233e-01 8.44093561e-01 7.95220852e-01
    2.58045197e-02 7.26707458e-01 5.44367731e-02 7.16426909e-01
    1.86987638e-01 4.76747364e-01 2.42004812e-01 8.69641900e-01
    4.33592319e-01 7.01696575e-02 4.18980539e-01 1.45194679e-01
    1.97883755e-01 8.34541321e-02 6.10835075e-01 3.85482311e-02
    9.96901989e-01 8.12685251e-01 2.08179563e-01 1.54881775e-02
    2.69279838e-01 1.15078390e-01 3.79301906e-02 9.17231679e-01
    7.40271688e-01 9.90681708e-01 4.58812416e-02 6.14167631e-01
    4.77979332e-01 5.85658848e-01 7.82800913e-01 6.80436790e-01
    7.58899629e-01 7.78131783e-02 3.38342905e-01 4.62876946e-01
    2.22845733e-01 9.18935120e-01 4.65513498e-01 6.15806580e-01
    1.87810183e-01 1.74289703e-01 1.90563470e-01 2.78987885e-02
    1.87346935e-02 3.14548612e-03 2.82528758e-01 5.24344444e-01
    8.37724388e-01 1.32917762e-02 1.23285323e-01 6.35277271e-01
    8.77620995e-01 1.62276000e-01 2.59146273e-01 4.06288266e-01
    5.93488395e-01 9.39536870e-01 8.23740065e-01 4.10000533e-01
    4.70815986e-01 3.68244410e-01 8.28252196e-01 5.89575887e-01
    9.51752067e-01 1.19101226e-01 2.06193388e-01 4.65189427e-01
    7.88631678e-01 1.82312816e-01 9.16212976e-01 4.60152954e-01
    9.87321973e-01 5.87394536e-02 1.61284715e-01 9.99776721e-01
    4.91256922e-01 3.55011761e-01 1.15178972e-01 6.81901217e-01
    2.43360251e-01 7.27312684e-01 6.27259672e-01 7.08986044e-01
    8.09738815e-01 8.31095576e-01 8.22232962e-01 5.20421803e-01
    8.38315964e-01 9.12068367e-01 5.83476007e-01 1.12513572e-01
    4.11718100e-01 7.06637800e-02 1.96355700e-01 4.05592859e-01
    9.70392704e-01 9.96635199e-01 8.59773576e-01 4.90783393e-01
    4.55373168e-01 6.06516004e-03 5.24929762e-02 5.32349944e-03
    4.10391182e-01 1.18073732e-01 7.35357881e-01 5.26511371e-02
    9.15341318e-01 3.58056962e-01 6.00905299e-01 1.96110725e-01
    6.29431129e-01 9.92552757e-01 8.12724948e-01 1.80211067e-02
    9.52357531e-01 9.15126443e-01 1.32093459e-01 9.15060222e-01
    1.25752896e-01 4.11227614e-01 4.51387256e-01 9.95433748e-01
    1.68531269e-01 3.39802265e-01 7.58757591e-01 5.52777827e-01
    4.35703218e-01 1.47019714e-01 8.54687095e-02 2.41299391e-01
    9.02405262e-01 4.09223318e-01 7.51396537e-01 1.17971867e-01
    4.56243217e-01 3.58193606e-01 8.21713388e-01 4.49759573e-01
    1.30183578e-01 3.65673900e-02 2.50437856e-02 7.47611582e-01
    1.53168291e-01 2.63919950e-01 2.56218344e-01 4.39723194e-01
    1.17467076e-01 7.32640028e-01 7.93769836e-01 8.30756962e-01
    8.00209045e-01 3.61967385e-02 8.82063508e-01 3.84849459e-01
    6.55563653e-01 3.56359899e-01 6.00295603e-01 1.86392367e-02
    6.85076714e-01 9.75880384e-01 3.72678727e-01 4.15614247e-02
    3.77744436e-04 1.00503325e-01 7.03424215e-04 3.13457787e-01
    3.57931048e-01 1.64404839e-01 3.65579456e-01 7.74629593e-01
    5.63402712e-01 0. 0. 0. 0. 0. 0. 0. 0. 0. 0. 0. 0. 0. 0. 0. 0. 0. 0.
    6.70332611e-02 1.79867566e-01 3.16249430e-01 2.38069326e-01
    8.59976709e-01 7.74383545e-02 9.48570251e-01 3.98128003e-01
    8.36230338e-01 5.78233123e-01 6.40240133e-01 4.67691720e-02
    6.93437576e-01 1.93607211e-02 8.18194747e-01 7.45083809e-01
    1.51774228e-01 3.22542489e-02 9.13981199e-01 1.17420197e-01
    6.61874175e-01 9.25686598e-01 1.72340274e-01 4.66194272e-01
    7.92146266e-01 6.03793383e-01 6.42790318e-01 5.77487588e-01
    8.94933820e-01 8.10773075e-01 1.19006634e-01 1.79632246e-01
    7.91291833e-01 5.78279853e-01 5.70881128e-01 4.63365644e-01
    2.88914531e-01 9.78599429e-01 4.13556665e-01 1.69247150e-01
    3.01881433e-01 2.06996083e-01 1.08231068e-01 2.75108427e-01
    1.19239479e-01 6.88062668e-01 3.34749341e-01 8.59052300e-01
    9.93923247e-02 9.33050990e-01 7.59978592e-01 4.37592238e-01
    9.63347971e-01 1.37130171e-01 9.85156000e-01 1.17478162e-01
    7.70989060e-01 2.29158133e-01 4.54925597e-01 8.11368227e-04
    5.55601180e-01 4.95677143e-01 2.44005293e-01 4.01552588e-01
    4.49082136e-01 3.86138916e-01 7.09426403e-02 3.77402246e-01
    1.49071008e-01 1.10913634e-01 5.63983321e-01 2.20925093e-01
    8.95729065e-01 4.08817947e-01 7.24317729e-01 4.75159556e-01
    7.84086585e-01 5.69160461e-01 7.41543353e-01 9.24568176e-02
    8.16079617e-01 2.42900133e-01 7.15825140e-01 3.65637362e-01
    7.07497597e-01 4.76977229e-03 2.20051736e-01 5.62610030e-01
    5.70239007e-01 1.49280339e-01 2.50613272e-01 2.37999856e-02
    5.74019432e-01 3.33823740e-01 2.37369031e-01 6.84314668e-02
    3.60696614e-01 2.74407208e-01 5.04947960e-01 8.64376724e-01
    8.05954635e-02 8.78701746e-01 1.98305845e-01 2.62840390e-02
    7.05194533e-01 8.61749530e-01 6.82868481e-01 9.49299455e-01
    2.47616947e-01 5.76812088e-01 7.98989952e-01 8.84955645e-01
    2.27675438e-01 1.46973997e-01 1.81375474e-01 4.56952929e-01
    6.52009249e-01 3.63393992e-01 3.21516246e-01 8.94385338e-01
    9.56251144e-01 3.41376603e-01 2.74018347e-02 2.75386333e-01
    8.33459139e-01 9.22906637e-01 8.89689863e-01 4.75146413e-01
    5.58867514e-01 8.55868578e-01 3.78996074e-01 7.83341527e-02
    5.85109770e-01 6.40674353e-01 4.60604101e-01 4.49107856e-01
    8.31371009e-01 5.00834882e-02 1.66907012e-01 3.39165866e-01
    1.09909445e-01 7.08178818e-01 1.19136781e-01 8.48055243e-01
    1.76499486e-02 2.40674198e-01 9.20129716e-01 2.25131899e-01
    4.02899981e-01 4.21912730e-01 3.87481153e-01 7.41442144e-02
    4.88239527e-02 2.89399862e-01 3.67605358e-01 2.26226836e-01
    8.85143518e-01 2.75860161e-01 7.27023721e-01 2.89727449e-02
    4.61938471e-01 5.03783107e-01 7.68596768e-01 3.05547982e-01
    7.50108242e-01 6.70695484e-01 9.71337974e-01 3.86933029e-01
    1.44466519e-01 8.80902112e-02 3.30448151e-02 8.24933946e-02
    2.47308433e-01 8.90688062e-01 7.04641402e-01 8.02088499e-01
    3.02845001e-01 5.09704411e-01 8.57765913e-01 9.19368565e-02
    2.81306684e-01 5.09580314e-01 5.67606091e-01 7.66152978e-01
    3.26237977e-01 8.41043890e-02 9.52065825e-01 7.75877237e-01
    9.10435438e-01 3.20307493e-01 4.83343124e-01 2.07030088e-01
    1.80772901e-01 2.33657271e-01 6.03977978e-01 7.21146762e-01
    9.90696907e-01 8.04282725e-02 5.88394284e-01 7.91898668e-01
    7.78922677e-01 2.80943096e-01 3.62177432e-01 8.57799411e-01
    5.28831005e-01 7.53193736e-01 5.04089773e-01 1.62283152e-01
    7.60936558e-01 1.04997545e-01 4.87125486e-01 4.83232528e-01
    8.98634791e-02 1.56389177e-01 9.49246883e-02 6.29087031e-01
    5.03247559e-01 6.52301013e-01 9.46732163e-01 9.21962798e-01
    4.81060565e-01 5.77925265e-01 5.09027541e-01 6.85913742e-01
    7.52994120e-01 1.81114644e-01 7.39272177e-01 8.56068015e-01
    7.40665615e-01 5.62567770e-01 2.46614128e-01 2.83193529e-01
    5.63654602e-02 8.32261443e-01 7.01725185e-01 5.77606320e-01
    9.70532656e-01 9.61855769e-01 3.82418156e-01 7.57802725e-02
    8.52787137e-01 9.85399365e-01 6.60073042e-01 9.47348297e-01
    8.55848789e-02 5.38237393e-01 2.27659315e-01 2.86518276e-01
    9.86083984e-01 8.02772760e-01 1.95429027e-02 4.55585122e-01
    3.64797711e-01 9.88402486e-01 7.90025115e-01 8.37858319e-01 0. 0. 0.
    0. 0. 0. 0. 0. 0. 0. 0. 0. 0. 0. 0. 0. 0. 0. 7.89364219e-01
    3.20216417e-02 2.54550517e-01 3.39675754e-01 8.77339959e-01
    2.37849593e-01 4.86569077e-01 2.49985099e-01 9.03369665e-01
    4.53351140e-01 3.20838660e-01 5.42809427e-01 8.15025210e-01
    9.75061595e-01 9.34621036e-01 6.16122961e-01 8.98253798e-01
    6.88451767e-01 6.37191832e-02 7.60492921e-01 5.70847690e-01
    9.50647891e-02 4.20811683e-01 7.23709404e-01 5.21353781e-01
    9.91199017e-01 9.85863805e-02 7.38203049e-01 6.35171413e-01
    6.33977652e-01 6.59228206e-01 6.58098459e-01 5.17490089e-01
    1.59643799e-01 7.60121107e-01 4.05580819e-01 1.05202734e-01
    4.32446390e-01 6.08362854e-02 6.34460092e-01 2.45161027e-01
    7.47172832e-01 8.72269809e-01 9.49587822e-02 6.22222185e-01
    6.42938614e-01 5.41658759e-01 4.80899781e-01 5.06721258e-01
    4.24856544e-02 3.41552436e-01 5.47010839e-01 5.29442012e-01
    1.05234593e-01 7.15714395e-01 9.70134020e-01 2.39573836e-01
    3.83862644e-01 2.00853676e-01 4.84613419e-01 4.13629562e-01
    8.64670575e-02 8.79679680e-01 4.72975731e-01 4.55202907e-01
    5.22178531e-01 8.07118535e-01 8.65717411e-01 3.86722356e-01
    3.68151844e-01 6.68431163e-01 1.81135625e-01 7.23369718e-01
    1.88901454e-01 7.37150908e-01 6.70117140e-01 5.68917572e-01
    7.61919260e-01 6.42599583e-01 4.52159673e-01 4.48030919e-01
    5.50227761e-01 5.13333321e-01 4.86389697e-01 5.01394689e-01
    2.27691412e-01 6.76913917e-01 1.10458821e-01 9.39462543e-01
    7.17083335e-01 4.92742181e-01 5.70986629e-01 4.23886210e-01
    3.55227530e-01 8.32732201e-01 7.56588578e-01 5.64930618e-01
    6.69380903e-01 4.66039479e-02 7.55741656e-01 1.59685224e-01
    1.65454119e-01 3.13989341e-01 4.47469175e-01 5.59074342e-01
    2.94146359e-01 3.56388181e-01 4.32108939e-02 4.72284496e-01
    1.36985898e-01 8.47364187e-01 3.56868148e-01 5.32687306e-02
    3.49432558e-01 8.15303802e-01 9.35060382e-01 8.89183700e-01
    8.24891567e-01 7.54672050e-01 4.34645921e-01 2.63341159e-01
    1.31533146e-01 2.79519916e-01 5.79099357e-01 2.11586654e-01
    6.53925598e-01 2.96016455e-01 4.20245260e-01 9.89147842e-01
    5.67854583e-01 7.35892832e-01 8.67852986e-01 1.83952361e-01
    8.01606119e-01 4.87247407e-02 4.92304653e-01 8.65141809e-01
    1.76270247e-01 5.38412273e-01 8.79417539e-01 1.02018028e-01
    5.30926883e-02 7.39131212e-01 9.03247833e-01 7.57225513e-01
    5.70929885e-01 2.02694803e-01 8.44967127e-01 7.15663433e-01
    2.59767979e-01 7.99832344e-01 8.58703792e-01 5.58552682e-01
    1.98018372e-01 1.24737501e-01 3.69621426e-01 2.08340377e-01
    2.61982411e-01 6.00120485e-01 3.12315226e-01 9.35381770e-01
    4.86736774e-01 3.50318968e-01 8.54957342e-01 9.44789886e-01
    5.37916601e-01 5.72716296e-01 8.07721972e-01 9.33647454e-02
    7.65831411e-01 3.08107197e-01 2.48700202e-01 7.46662974e-01
    7.70637214e-01 6.83419585e-01 9.16306853e-01 7.26491809e-02
    5.24211168e-01 1.40910149e-01 7.44431257e-01 8.05592835e-02
    9.79645967e-01 1.67636096e-01 6.49880171e-02 4.49661970e-01
    5.47562063e-01 8.20786774e-01 6.70085192e-01 6.01315975e-01
    7.35830009e-01 9.52278256e-01 4.47339207e-01 6.40802383e-01
    2.90555060e-02 4.20086026e-01 4.02888954e-02 4.57188189e-02
    9.09124851e-01 8.45630407e-01 1.93059146e-02 5.14178872e-02
    6.04662895e-01 1.99054897e-01 1.40276313e-01 7.92923450e-01
    5.03399730e-01 5.52310407e-01 7.72761583e-01 1.09002978e-01
    7.66301632e-01 1.95660889e-01 2.94832408e-01 5.96072376e-02
    4.32369262e-01 3.72197330e-01 5.82253933e-01 6.43545628e-01
    6.58302188e-01 8.19395900e-01 9.12247300e-01 5.98685205e-01
    7.94996321e-01 1.81719214e-01 9.63961244e-01 4.70226705e-01
    4.75742698e-01 8.59745502e-01 1.80693477e-01 1.73248053e-01
    1.30789816e-01 2.18437999e-01 2.72225767e-01 2.15614289e-01
    4.30941522e-01 5.80492139e-01 6.26188338e-01 2.67727077e-02
    3.53700519e-01 6.30053699e-01 9.86233354e-01 9.97343719e-01
    4.87142414e-01 2.13456631e-01 7.37925887e-01 2.33392060e-01
    3.67399752e-01 3.62747908e-01 1.31494790e-01 5.54924607e-01
    3.59256625e-01 1.29667759e-01 9.00879264e-01 7.25619972e-01
    5.05825102e-01 6.33984149e-01 5.18733263e-01 0. 0. 0. 0. 0. 0. 0. 0.
    0. 0. 0. 0. 0. 0. 0. 0. 0. 0. 2.83628523e-01 5.53266644e-01
    9.76298392e-01 5.12784243e-01 9.02043879e-01 3.19106698e-01
    3.77639085e-01 4.89647537e-01 8.68530571e-01 7.46698737e-01
    2.94731438e-01 1.82763875e-01 8.24457407e-01 8.41503561e-01
    6.01672888e-01 9.55606699e-01 5.28007150e-01 6.65512025e-01
    2.79947698e-01 3.98676693e-01 5.47657847e-01 4.27592486e-01
    1.42198771e-01 1.69595689e-01 6.68521762e-01 1.83693171e-02
    2.59500146e-01 9.02411580e-01 2.48372376e-01 8.89332652e-01
    3.47100168e-01 2.32724845e-01 3.58315855e-01 3.51233184e-01
    2.53134042e-01 6.24702513e-01 8.04404259e-01 2.61649340e-01
    8.63743067e-01 7.30802715e-02 6.11271203e-01 5.07088840e-01
    6.03645086e-01 2.05413908e-01 4.58491504e-01 4.65037048e-01
    8.47493291e-01 8.67546201e-01 4.10495669e-01 7.63429224e-01
    1.86714113e-01 7.15375006e-01 7.61174023e-01 4.93869513e-01
    2.37363398e-01 7.64395714e-01 4.18543607e-01 3.85464013e-01
    9.26440120e-01 6.83885813e-02 1.20725602e-01 7.77290583e-01
    7.02980757e-02 4.90383208e-01 6.03173137e-01 6.79367900e-01
    3.77705127e-01 5.49362898e-01 7.61650681e-01 3.73240560e-01
    4.54734504e-01 9.85230505e-01 8.40156078e-01 6.05681360e-01
    6.06264472e-01 4.86962587e-01 4.44640458e-01 1.63538277e-01
    7.94272959e-01 1.30043983e-01 7.81977296e-01 5.92937946e-01
    7.63502657e-01 4.43900406e-01 7.95991719e-02 2.07523286e-01
    8.69760990e-01 2.95238495e-01 9.32165980e-03 8.57102990e-01
    2.02522308e-01 8.61185789e-03 9.19857025e-01 5.37816286e-01
    7.04910040e-01 9.65250254e-01 1.02524281e-01 3.50802958e-01
    7.64831305e-01 8.73558879e-01 3.04944575e-01 6.77258730e-01
    2.14036971e-01 8.18886399e-01 5.90123534e-01 1.45739377e-01
    4.34270233e-01 4.90296781e-02 9.44333076e-01 1.71831787e-01
    1.05076313e-01 6.41966403e-01 3.56906086e-01 5.46836019e-01
    9.85186398e-01 9.13773060e-01 3.16775978e-01 8.97677064e-01
    5.83775938e-02 2.30001897e-01 7.36660361e-01 4.22325730e-02
    3.85256052e-01 9.68622386e-01 7.11735904e-01 1.56287044e-01
    2.76777238e-01 6.09682858e-01 3.18170696e-01 7.09082127e-01
    4.37903672e-01 8.61252666e-01 8.65138769e-02 5.03284812e-01
    6.08720660e-01 5.71313560e-01 7.72726595e-01 7.85986781e-01
    5.04705489e-01 4.66855437e-01 4.59886312e-01 2.25202501e-01
    6.43153489e-02 4.33520257e-01 6.91228569e-01 9.65978861e-01
    6.29998922e-01 8.95684361e-02 1.09038264e-01 1.99409306e-01
    6.75859213e-01 1.66063160e-01 9.02642012e-01 6.36151671e-01
    6.66455090e-01 9.90591884e-01 8.98856401e-01 6.41284466e-01
    6.62508309e-02 2.78110713e-01 7.58311629e-01 1.54859990e-01
    4.36387777e-01 9.28147435e-01 3.60335737e-01 6.50710225e-01
    4.49591249e-01 6.97651625e-01 9.28342342e-01 9.21872735e-01
    1.51762664e-01 7.75317669e-01 7.31873214e-02 8.29030752e-01
    9.62307155e-02 4.16366160e-02 4.78306830e-01 8.27727318e-01
    1.61835134e-01 2.22586870e-01 9.14580286e-01 7.08962262e-01
    5.40246367e-01 6.90654337e-01 6.75515294e-01 8.99208069e-01
    9.07564282e-01 8.48431110e-01 2.37680346e-01 5.97549438e-01
    5.16758561e-01 6.61532581e-02 9.85678732e-02 6.85279667e-01
    3.91228557e-01 4.99359846e-01 2.39652663e-01 5.38053513e-02
    3.61375839e-01 5.70738614e-01 2.26884663e-01 4.72842127e-01
    4.50247735e-01 6.76549971e-01 6.93282306e-01 3.46588016e-01
    3.76476377e-01 6.07352853e-01 3.81970227e-01 7.22081959e-02
    7.97217846e-01 3.99477303e-01 3.61022502e-01 2.24834412e-01
    5.48862696e-01 2.54284441e-01 8.66074979e-01 4.78423148e-01
    4.65565145e-01 2.54480869e-01 1.32862955e-01 6.51779175e-02
    1.03667259e-01 9.65766013e-02 6.75718129e-01 2.57934749e-01
    8.44712973e-01 9.47365105e-01 2.40647793e-01 4.31777537e-02
    8.75388086e-01 3.27675462e-01 4.97971594e-01 9.06593680e-01
    1.59251720e-01 7.23749161e-01 3.32049966e-01 4.50131118e-01
    9.48155463e-01 4.04697716e-01 6.52568698e-01 3.07735205e-02
    9.69742537e-01 7.58195519e-01 4.92408842e-01 9.40646112e-01
    6.85760260e-01 9.80427027e-01 5.57025909e-01 1.55106127e-01
    2.68992096e-01 8.47313643e-01 2.42652535e-01 1.34518236e-01
    1.09526366e-01 9.09680784e-01 0. 0. 0. 0. 0. 0. 0. 0. 0. 0. 0. 0. 0.
    0. 0. 0. 0. 0. 9.86582160e-01 6.76724017e-01 5.52319169e-01
    5.17792583e-01 1.11187786e-01 4.16519523e-01 8.84088337e-01
    4.42784995e-01 7.91745007e-01 2.80501693e-01 6.74801111e-01
    3.97279173e-01 5.79842508e-01 7.07428098e-01 2.19086111e-02
    5.92255235e-01 8.29710364e-02 6.38870001e-01 7.19733834e-01
    1.83412462e-01 6.09258711e-01 9.98816729e-01 3.33858550e-01
    4.92864847e-01 4.68895018e-01 8.15443158e-01 7.11724997e-01
    5.16344428e-01 7.87951350e-01 3.13768566e-01 6.51111305e-01
    9.01645064e-01 4.60545868e-01 7.61840940e-01 9.43657398e-01
    9.24983621e-01 2.24237859e-01 9.73060071e-01 9.07423913e-01
    4.18010682e-01 2.64199317e-01 2.81782806e-01 7.57743299e-01
    5.18281460e-01 7.72647262e-01 1.11785173e-01 2.84429848e-01
    5.64795256e-01 9.88151550e-01 2.19683349e-02 1.17403299e-01
    7.24000692e-01 5.77434540e-01 2.41203666e-01 9.06926274e-01
    6.97384596e-01 8.27698827e-01 5.34580112e-01 5.14235497e-01
    4.01012689e-01 3.59587401e-01 6.48442507e-02 3.54059935e-01
    6.96638942e-01 9.09536839e-01 1.68634325e-01 1.85131967e-01
    7.77672827e-02 9.45097685e-01 3.24791104e-01 6.18797183e-01
    6.85749471e-01 4.59485084e-01 2.29060531e-01 2.15198070e-01
    4.55120981e-01 3.31521720e-01 3.38386655e-01 4.81230438e-01
    5.35428882e-01 4.37706500e-01 6.16297901e-01 8.96036208e-01
    5.78809440e-01 2.14611858e-01 7.21235275e-01 5.45419872e-01
    1.32037193e-01 7.87178516e-01 3.75980258e-01 6.70038342e-01
    7.59780765e-01 9.57034647e-01 7.39873052e-01 3.17139477e-01
    1.42941326e-01 6.34975433e-01 8.13821375e-01 1.22362435e-01
    7.41869986e-01 3.23091924e-01 6.47454262e-02 6.21808767e-02
    2.08301902e-01 6.49653852e-01 6.67571068e-01 6.05967462e-01
    4.87833679e-01 7.90047646e-03 3.95986348e-01 6.23683810e-01
    1.24450415e-01 7.97397137e-01 6.10604882e-01 2.64505237e-01
    8.75070930e-01 7.34115481e-01 4.98833597e-01 3.45442951e-01
    5.08808911e-01 1.84890181e-01 4.21386451e-01 8.28896880e-01
    4.61206228e-01 9.97564256e-01 1.45336479e-01 8.72394264e-01
    9.35143948e-01 9.10353780e-01 3.71068299e-01 4.25966471e-01
    7.02491879e-01 4.89020556e-01 5.95956206e-01 4.87714529e-01
    6.54799938e-02 8.56167436e-01 2.37096965e-01 2.92576313e-01
    4.58456159e-01 2.33107209e-02 3.42489779e-01 3.64114463e-01
    4.60538030e-01 1.43137276e-02 2.50833184e-01 5.53242207e-01
    7.87182212e-01 7.47044683e-02 8.59866023e-01 5.11610448e-01
    8.55952740e-01 3.72670114e-01 3.58995229e-01 3.85516912e-01
    5.56201279e-01 6.94298625e-01 1.11879110e-01 9.78970766e-01
    6.67404115e-01 2.17436552e-02 1.86236084e-01 4.77534056e-01
    2.56089747e-01 1.05375439e-01 3.89093220e-01 4.31209683e-01
    3.27112794e-01 7.05310702e-01 6.08906150e-03 6.77304983e-01
    4.29078937e-01 9.21438336e-01 7.24273801e-01 1.54953361e-01
    5.79388142e-01 3.73459876e-01 8.86222482e-01 2.58900672e-01
    3.67523789e-01 4.11824107e-01 2.27138549e-01 3.86437476e-01
    1.94829106e-02 6.26147449e-01 2.61016488e-01 1.08549654e-01
    7.45754302e-01 7.74554849e-01 6.48752451e-01 2.02916086e-01
    5.17263472e-01 8.43646526e-01 7.21014440e-01 7.51394510e-01
    3.64477932e-01 6.63966596e-01 3.40939045e-01 3.51128370e-01
    5.82691610e-01 6.64582253e-01 9.39101994e-01 6.69675767e-01
    1.29515201e-01 8.52666974e-01 5.37459314e-01 7.36283779e-01
    2.09122866e-01 4.16463673e-01 7.60556996e-01 7.55138040e-01
    5.65833688e-01 3.70407641e-01 4.89691824e-01 7.09541142e-01
    6.55676544e-01 9.99086261e-01 7.46367574e-01 8.53947520e-01
    6.17487907e-01 2.44290084e-01 8.80366445e-01 4.75884467e-01
    6.09168351e-01 3.30986679e-02 9.04534578e-01 2.54130244e-01
    2.64588058e-01 5.47544718e-01 1.64313197e-01 7.04066038e-01
    4.50828791e-01 6.17218852e-01 6.80704832e-01 8.01980436e-01
    6.70650601e-01 6.32326305e-01 7.64423490e-01 7.60833263e-01
    8.30423713e-01 8.32863152e-01 6.61082685e-01 3.12396049e-01
    3.22872818e-01 5.45941234e-01 8.78820240e-01 2.51625896e-01
    3.53250921e-01 5.60185552e-01 1.15793943e-01 2.71219313e-01
    9.09209430e-01 8.42379510e-01 8.51170301e-01 1.70195848e-01
    5.50325751e-01 0. 0. 0. 0. 0. 0. 0. 0. 0. 0. 0. 0. 0. 0. 0. 0. 0. 0.
    7.35110164e-01 8.20585966e-01 9.74318564e-01 2.26243734e-02
    4.27947044e-01 9.06217933e-01 7.25167990e-02 1.30891740e-01
    5.25249302e-01 1.90665662e-01 7.05248117e-01 9.19510126e-01
    3.04535151e-01 2.26801604e-01 5.41241050e-01 7.37291396e-01
    4.03376937e-01 4.04915810e-01 1.10858798e-01 4.70421284e-01
    1.54521763e-02 5.14603019e-01 4.50801343e-01 3.80455792e-01
    6.82568789e-01 5.57097077e-01 6.29064262e-01 5.18408775e-01
    5.30069232e-01 1.09750152e-01 4.92335260e-02 1.94358796e-01
    8.19071531e-01 6.08461618e-01 9.39104080e-01 1.02190375e-02
    9.31973815e-01 9.22935247e-01 5.06501257e-01 8.95651340e-01
    5.66607833e-01 8.88498068e-01 7.83146381e-01 9.75364923e-01
    5.22217751e-02 3.73624682e-01 7.32209921e-01 1.14090562e-01
    2.32565194e-01 7.69710898e-01 6.15027666e-01 8.39659929e-01
    3.98269624e-01 1.61816776e-01 7.55784392e-01 2.86691010e-01
    9.06661749e-01 5.10600209e-01 1.55914962e-01 5.57141721e-01
    1.21572375e-01 1.56693935e-01 6.15725696e-01 7.36989498e-01
    1.42469347e-01 8.98329794e-01 7.76063085e-01 5.30556858e-01
    4.70739901e-01 9.33553815e-01 7.61489987e-01 5.95816791e-01
    9.08748388e-01 5.08774936e-01 5.04122436e-01 1.84821367e-01
    6.48424685e-01 7.75448203e-01 1.14516318e-01 4.61189836e-01
    4.55045938e-01 4.13456142e-01 4.08883572e-01 8.98664236e-01
    1.04948014e-01 8.91906142e-01 3.79418224e-01 1.68461740e-01
    2.77313203e-01 7.81848848e-01 1.18098199e-01 9.50720549e-01
    9.75085974e-01 8.48106623e-01 5.21414757e-01 5.33508480e-01
    4.56865728e-02 1.59240872e-01 6.73394918e-01 8.78184080e-01
    1.71940774e-01 5.74631572e-01 9.59193110e-01 2.00101554e-01
    2.14628816e-01 6.76477432e-01 9.45186734e-01 9.97352004e-02
    7.58489013e-01 6.73236609e-01 4.51091230e-01 1.54046863e-01
    3.89773250e-02 6.96701050e-01 9.98039901e-01 6.87292457e-01
    7.86310554e-01 1.99387342e-01 1.19806767e-01 7.09039688e-01
    7.73788869e-01 5.54220319e-01 3.69997144e-01 8.26680541e-01
    1.05585605e-01 3.30626369e-01 9.64830518e-01 7.37847686e-02
    3.05142105e-01 8.87853146e-01 9.61343467e-01 4.67329890e-01
    9.27739382e-01 1.48651600e-02 3.30382466e-01 6.45717323e-01
    9.63569343e-01 6.62637949e-02 3.53199840e-01 3.15667391e-02
    3.83037806e-01 1.53760046e-01 4.95884091e-01 6.59238875e-01
    2.38484144e-01 2.47927487e-01 5.48005879e-01 1.40325487e-01
    7.22935498e-02 7.33045936e-02 1.57985359e-01 3.30198288e-01
    1.70350492e-01 2.44903207e-01 2.51553893e-01 6.60678685e-01
    9.66086626e-01 9.10098553e-01 5.86578369e-01 7.92335629e-01
    6.36058033e-01 4.48284805e-01 8.27205241e-01 8.78302455e-01
    3.36433351e-01 5.32705486e-02 7.30154097e-01 6.90832496e-01
    2.51072526e-01 8.63363266e-01 2.38227844e-02 6.95416451e-01
    1.50878608e-01 3.50070447e-01 8.99436831e-01 4.98812526e-01
    2.80898094e-01 1.79083109e-01 4.31952447e-01 1.08993590e-01
    6.50010586e-01 6.67353690e-01 1.36092037e-01 4.66593146e-01
    3.35752964e-01 5.46168149e-01 5.83982110e-01 6.26371264e-01
    9.55406189e-01 5.80572069e-01 9.95340586e-01 1.64775074e-01
    1.01061434e-01 8.82435977e-01 7.89745569e-01 5.24368048e-01
    4.80370820e-02 3.32422376e-01 9.22894120e-01 9.51205492e-01
    9.91627336e-01 4.70929235e-01 5.64058244e-01 9.28608537e-01
    2.07307637e-02 9.46234822e-01 2.89005816e-01 7.91464150e-02
    4.02745992e-01 3.49319994e-01 5.23939967e-01 9.88303304e-01
    6.28859997e-01 5.12797713e-01 3.43488097e-01 4.63947654e-03
    9.06105161e-01 7.06236184e-01 5.55820167e-01 9.37611818e-01
    4.09102619e-01 1.44553810e-01 1.22073382e-01 6.05131447e-01
    1.45119488e-01 9.33216512e-01 7.92981386e-01 5.54685175e-01
    2.52434790e-01 6.20373785e-01 7.11716413e-01 3.14537287e-02
    4.23763394e-01 5.82770526e-01 3.81628275e-01 8.71122241e-01
    4.83610511e-01 7.09022403e-01 3.81033182e-01 4.51994658e-01
    6.98701024e-01 7.48899817e-01 4.96288240e-02 3.56251359e-01
    8.85143638e-01 4.09293324e-01 5.46690345e-01 7.12427914e-01
    9.87883210e-01 5.40424526e-01 8.06519985e-02 2.28581727e-02
    8.51720750e-01 9.13166881e-01 5.91939926e-01 7.81186461e-01 0. 0. 0.
    0. 0. 0. 0. 0. 0. 0. 0. 0. 0. 0. 0. 0. 0. 0. 1.84220135e-01
    8.09661627e-01 5.82941473e-01 4.94542718e-01 7.28999138e-01
    5.16903400e-01 9.01301503e-01 7.37026095e-01 5.98256826e-01
    3.91685247e-01 3.21960717e-01 6.76781714e-01 2.27373660e-01
    3.51443291e-01 9.35666323e-01 6.88315034e-01 6.45914674e-02
    5.47885001e-01 5.78743339e-01 7.97903657e-01 2.28425771e-01
    8.24359536e-01 9.90660131e-01 8.89436901e-01 7.05371737e-01
    7.38147557e-01 9.18008924e-01 6.77910626e-01 9.27287936e-01
    3.67450118e-02 4.49496984e-01 5.44640005e-01 3.22942674e-01
    4.76976514e-01 4.12266314e-01 1.34827405e-01 5.78764379e-02
    5.06566763e-01 2.68834263e-01 1.47053599e-02 5.89303553e-01
    4.91022110e-01 3.36175770e-01 4.69824463e-01 8.58830512e-02
    3.86574686e-01 8.36850882e-01 7.12771773e-01 8.84671211e-01
    5.47561705e-01 9.97919679e-01 3.18050385e-04 2.02272892e-01
    3.46669137e-01 4.94347423e-01 4.33521837e-01 3.54820490e-03
    2.63647527e-01 4.62914139e-01 6.54575586e-01 2.76877105e-01
    4.69142288e-01 7.03682065e-01 3.42124045e-01 5.38113058e-01
    4.56995010e-01 3.83090854e-01 2.69090831e-02 3.03680897e-01
    2.31278449e-01 7.48398781e-01 1.09220028e-01 7.88501561e-01
    1.66071534e-01 6.78571939e-01 1.31629705e-02 5.31227112e-01
    6.52439415e-01 2.46374428e-01 1.72062486e-01 3.29033494e-01
    7.59629846e-01 8.46003056e-01 3.50153655e-01 3.82125437e-01
    2.53686666e-01 2.02304065e-01 2.41844118e-01 3.02379429e-02
    1.70606405e-01 1.06514305e-01 1.42205298e-01 1.82963997e-01
    4.03900325e-01 8.43652725e-01 5.99588275e-01 4.94149268e-01
    7.57666349e-01 9.47745681e-01 3.89830470e-01 3.86701107e-01
    7.56636858e-01 6.60810709e-01 3.28172565e-01 9.82199311e-01
    2.83015668e-01 1.58718377e-01 3.97735864e-01 4.10335720e-01
    3.74059021e-01 3.76867622e-01 6.44038618e-02 4.25381243e-01
    5.06397724e-01 4.74752396e-01 2.43139714e-01 2.08368808e-01
    2.63395905e-03 7.02297330e-01 3.84429842e-01 3.72562319e-01
    8.04674327e-01 3.38537633e-01 1.52381092e-01 5.06851256e-01
    5.58458865e-02 9.50536966e-01 3.78264427e-01 4.85397488e-01
    1.58101469e-01 8.22023630e-01 3.55686843e-02 6.18479490e-01
    2.59095430e-03 9.96760249e-01 7.29609311e-01 7.05668211e-01
    3.49287152e-01 4.15631801e-01 4.63524759e-02 4.66890931e-02
    7.65093863e-01 3.69358361e-02 5.13653457e-01 8.45967829e-01
    2.66958416e-01 8.73750746e-01 1.07468396e-01 7.82507896e-01
    6.61609888e-01 2.53278315e-02 7.11539865e-01 9.63011920e-01
    4.06650513e-01 7.02212393e-01 2.99189210e-01 2.97721922e-01
    8.26095283e-01 4.38274980e-01 7.32019186e-01 4.76162136e-01
    9.65334594e-01 2.43066251e-01 7.22953558e-01 1.07021540e-01
    7.67808557e-01 7.77764797e-01 6.16620541e-01 5.70040584e-01
    2.85445094e-01 4.33611393e-01 1.62547886e-01 4.29381818e-01
    4.16261196e-01 9.81207013e-01 9.37464237e-01 8.41542780e-02
    7.57852852e-01 2.95535326e-02 4.27169442e-01 4.16286379e-01
    1.08302981e-01 2.13452518e-01 2.55533308e-01 8.79555345e-01
    1.51707530e-02 9.05065179e-01 9.61244285e-01 5.92491627e-01
    2.67752707e-02 3.60378444e-01 2.44822294e-01 4.95118052e-01
    5.60136795e-01 6.55943990e-01 8.57021689e-01 9.10466313e-02
    1.46330029e-01 3.50792319e-01 8.20467949e-01 4.32650834e-01
    5.54282665e-01 2.50638664e-01 7.15224385e-01 7.01454163e-01
    9.38110828e-01 2.56172985e-01 7.26684093e-01 4.70274687e-03
    2.92733073e-01 4.33492690e-01 6.08079672e-01 3.66152495e-01
    1.94488674e-01 9.90057528e-01 5.37522614e-01 3.70410204e-01
    8.34703028e-01 9.21033859e-01 5.60178161e-02 7.20783651e-01
    7.44377434e-01 3.00521791e-01 2.53482521e-01 7.74981380e-02
    6.47657871e-01 7.83250391e-01 9.01996732e-01 3.32177818e-01
    6.77738965e-01 1.03477359e-01 3.97874117e-01 9.19416785e-01
    4.39456880e-01 4.29974735e-01 4.92255330e-01 7.04462707e-01
    7.93204963e-01 7.64640391e-01 7.69615173e-01 8.04514766e-01
    7.63273120e-01 5.18693030e-01 3.77285480e-03 7.50385880e-01
    7.58284569e-01 9.30304885e-01 1.66875780e-01 1.13283068e-01
    6.50415957e-01 3.91293615e-01 9.39019918e-01 4.50621247e-01
    6.82561994e-01 8.81360590e-01 7.62676954e-01 0. 0. 0. 0. 0. 0. 0. 0.
    0. 0. 0. 0. 0. 0. 0. 0. 0. 0. 3.20885360e-01 5.66042542e-01
    3.47130746e-01 1.52552068e-01 8.91828597e-01 8.35942149e-01
    8.87639523e-01 5.41724086e-01 9.08865333e-01 1.34129226e-01
    7.63088346e-01 2.58255959e-01 9.08538699e-01 8.91846716e-01
    9.00175035e-01 8.03586841e-03 4.10214752e-01 7.85377145e-01
    6.48909807e-01 6.97776675e-03 5.32453060e-01 7.48779058e-01
    1.83527410e-01 1.44269466e-01 2.48928398e-01 9.07461047e-01
    3.62707078e-02 7.20075965e-01 3.09148371e-01 7.62223482e-01
    1.65776342e-01 8.53311419e-02 9.37304378e-01 2.59352088e-01
    9.88384306e-01 7.12012649e-01 8.06644082e-01 8.14115524e-01
    4.93889093e-01 7.48064280e-01 2.57714242e-01 7.47546315e-01
    7.98448682e-01 3.35838795e-01 9.62212205e-01 6.23667717e-01
    4.90416914e-01 7.37102270e-01 5.69438934e-03 1.90514714e-01
    1.70797080e-01 3.78503501e-01 7.22043455e-01 8.60956967e-01
    5.37566602e-01 4.30590451e-01 4.96772796e-01 2.05594897e-02
    7.01495171e-01 1.65128499e-01 9.00916517e-01 7.21751153e-01
    8.71869087e-01 5.74201226e-01 3.51357758e-01 7.86600709e-02
    3.89720798e-02 1.08908743e-01 3.79302323e-01 7.89905012e-01
    3.83094311e-01 1.94682539e-01 8.52802396e-03 4.95460331e-02
    8.34129810e-01 6.35856926e-01 4.05439556e-01 9.18669462e-01
    7.99373269e-01 2.05279320e-01 7.07692862e-01 5.80513537e-01
    4.81913805e-01 4.70312119e-01 4.02250409e-01 7.70467222e-02
    9.19102907e-01 4.26296949e-01 2.89641440e-01 7.61767745e-01
    2.95070887e-01 4.59072858e-01 5.07118702e-01 6.87172771e-01
    4.54597980e-01 6.34337842e-01 3.63250315e-01 8.16002488e-01
    9.86207187e-01 2.08325088e-02 5.42635202e-01 8.09550881e-02
    8.54660332e-01 5.95491588e-01 1.86197400e-01 9.75558519e-01
    3.40691507e-02 9.15970385e-01 1.99457049e-01 8.81449223e-01
    2.43863314e-01 2.53158212e-01 7.40697622e-01 3.38797957e-01
    6.57781124e-01 5.66918492e-01 9.91214633e-01 5.33419013e-01
    1.48365468e-01 3.61553431e-01 8.87292206e-01 7.74759293e-01
    8.04503441e-01 3.32980812e-01 8.32777500e-01 3.92601490e-02
    1.81212336e-01 4.17449743e-01 3.19360137e-01 8.80973041e-02
    5.76116920e-01 7.99969137e-01 1.46992832e-01 2.84339249e-01
    8.74658942e-01 8.54248643e-01 3.65274251e-02 7.98900723e-01
    2.71103203e-01 9.93557692e-01 7.82817602e-01 7.41823792e-01
    9.66415405e-02 8.17229927e-01 9.56229091e-01 1.68863297e-01
    4.04219896e-01 6.11573458e-04 2.30420858e-01 1.26233637e-01
    4.41114277e-01 1.43880576e-01 1.52194887e-01 3.14314365e-01
    1.69582218e-01 3.59224081e-01 4.13604736e-01 3.83832395e-01
    9.20738041e-01 1.76641524e-01 3.17335427e-01 4.76293296e-01
    3.56035411e-01 2.54374355e-01 9.50251818e-01 9.72731948e-01
    6.09350324e-01 6.64173722e-01 3.65707815e-01 8.70902777e-01
    2.98822910e-01 4.65788543e-02 2.75177777e-01 1.16213948e-01
    6.23440921e-01 4.42961067e-01 5.99331617e-01 7.37578452e-01
    6.19726181e-01 5.28916419e-01 2.78345346e-01 2.65973538e-01
    3.87388200e-01 2.96454430e-01 2.87854284e-01 9.34412122e-01
    3.08302820e-01 5.98100722e-01 3.16841781e-01 8.56598377e-01
    2.17188537e-01 7.39316225e-01 8.30990672e-02 9.41776335e-01
    7.67222404e-01 3.37843537e-01 4.54072267e-01 3.59220117e-01
    7.99122453e-01 8.59533906e-01 2.22769707e-01 5.88188767e-02
    1.11908108e-01 4.59825486e-01 7.74841249e-01 5.69590151e-01
    7.88368881e-02 6.79879546e-01 6.73002541e-01 4.25839961e-01
    5.42586923e-01 2.13831812e-01 3.63194644e-02 1.93969965e-01
    5.85166812e-01 6.80478215e-01 6.52701974e-01 8.89782906e-02
    7.16082811e-01 5.83030462e-01 3.18271071e-01 1.95090085e-01
    9.73735750e-02 8.53768468e-01 1.54549539e-01 5.73656261e-01
    8.05558443e-01 7.16253877e-01 5.99332094e-01 9.51816440e-01
    1.48249120e-01 5.62850058e-01 6.63035989e-01 2.50336766e-01
    8.83895278e-01 5.91977239e-01 8.47029805e-01 3.42548072e-01
    5.62808275e-01 6.12812638e-01 4.17818904e-01 5.21510661e-01
    7.52232671e-01 6.56267822e-01 1.00052565e-01 4.86232579e-01
    8.01598728e-02 2.57178485e-01 3.82834077e-01 9.37634110e-01
    5.09162545e-01 2.54322112e-01 9.81472790e-01 1.24854058e-01
    5.93407154e-01 2.89746225e-02 0. 0. 0. 0. 0. 0. 0. 0. 0. 0. 0. 0. 0.
    0. 0. 0. 0. 0. 3.42568517e-01 6.96693778e-01 9.66171741e-01
    1.14429295e-02 9.42289531e-02 6.84959590e-01 8.41347873e-02
    6.67301953e-01 8.50610018e-01 8.37686360e-02 5.79984963e-01
    9.64629829e-01 5.11878967e-01 1.44035757e-01 3.73817831e-01
    2.74649113e-01 9.37902331e-01 9.29429412e-01 8.93416405e-02
    7.77312398e-01 5.73769391e-01 4.53868687e-01 4.38329816e-01
    7.45010078e-01 1.64294422e-01 9.00655031e-01 8.42794776e-02
    3.32532853e-01 8.03663194e-01 4.95377183e-02 1.24858886e-01
    6.83126807e-01 6.89761519e-01 6.02163017e-01 7.74583817e-01
    3.92616838e-01 3.75536770e-01 1.22892559e-02 1.74214035e-01
    6.25287652e-01 7.42379069e-01 3.63208652e-01 4.22945023e-01
    5.00273108e-01 5.87839901e-01 3.80660087e-01 2.99782217e-01
    2.25350916e-01 2.01827407e-01 3.29431593e-01 2.10955203e-01
    1.42652988e-02 4.34761465e-01 8.29075098e-01 2.71273881e-01
    9.80409086e-01 3.50780070e-01 5.64103603e-01 8.47136497e-01
    6.77150607e-01 7.09293485e-02 5.64825058e-01 4.01902765e-01
    5.29543340e-01 1.63504958e-01 7.17523396e-02 1.15902305e-01
    9.48196948e-02 5.25862336e-01 9.22841311e-01 5.05334139e-03
    3.17984521e-01 3.94872069e-01 4.38066840e-01 1.01271898e-01
    9.84341860e-01 7.41641521e-01 2.92351246e-02 8.86080980e-01
    4.13070440e-01 9.67470229e-01 6.25560403e-01 7.02684581e-01
    4.00153697e-02 6.96508467e-01 8.35319042e-01 5.69028616e-01
    5.87563813e-02 1.69067383e-02 7.55175829e-01 1.92984402e-01
    2.26322711e-01 8.36984694e-01 6.43836975e-01 6.21017039e-01
    2.45396286e-01 4.24614668e-01 2.35774994e-01 6.67506754e-01
    4.66161758e-01 8.68694484e-01 5.46732724e-01 9.88393724e-01
    9.01631355e-01 9.83875751e-01 6.00177050e-03 3.29293519e-01
    2.01225430e-01 7.76493251e-02 4.94898170e-01 1.35889053e-02
    9.21236038e-01 3.80080402e-01 6.00213706e-01 3.48561049e-01
    4.14967746e-01 9.02679443e-01 3.16878855e-01 8.29799712e-01
    5.91359198e-01 9.53383505e-01 6.18519485e-01 1.58678710e-01
    4.58117843e-01 5.77192724e-01 6.31721497e-01 6.79778218e-01
    2.47079819e-01 3.26795816e-01 9.76194143e-01 7.44889736e-01
    3.80438983e-01 5.38162887e-01 4.32003647e-01 8.15418959e-01
    1.51673704e-01 1.19672120e-01 8.98525476e-01 4.60031211e-01
    3.29878598e-01 4.65632021e-01 8.61973286e-01 5.66595078e-01
    3.80513281e-01 3.67583454e-01 1.70345515e-01 2.42080241e-01
    7.03956068e-01 3.32352579e-01 6.74768031e-01 7.54258513e-01
    9.77847219e-01 8.41195107e-01 1.24176055e-01 6.48059368e-01
    1.20193779e-01 4.19878781e-01 4.78077233e-01 1.47640407e-01
    1.57843828e-02 3.80625427e-01 8.21324408e-01 8.44433069e-01
    9.23137188e-01 5.20552039e-01 4.38640118e-02 1.28290743e-01
    6.66703880e-01 3.03399324e-01 9.83473718e-01 8.45864415e-01
    6.73025131e-01 6.96939528e-02 1.53202057e-01 4.19835180e-01
    8.12347889e-01 9.93835509e-01 8.16374838e-01 1.39650822e-01
    7.82104075e-01 4.60373163e-02 6.45714700e-01 3.08691800e-01
    9.66388285e-02 2.83270240e-01 6.03766441e-02 2.65801579e-01
    9.56824005e-01 7.14850426e-02 5.61960101e-01 5.07998347e-01
    9.15426910e-01 5.13096035e-01 2.15339899e-01 2.99580514e-01
    9.88802671e-01 5.16704023e-02 3.73793542e-02 1.30592167e-01
    8.15968633e-01 1.16966814e-01 1.60990238e-01 6.12491488e-01
    9.33947027e-01 1.44643784e-02 7.44105399e-01 3.91773164e-01
    2.28479266e-01 3.22206408e-01 4.79299337e-01 7.62119651e-01
    1.85956031e-01 2.78465629e-01 1.15695983e-01 3.88324261e-05
    8.67264032e-01 7.91523933e-01 9.28959131e-01 3.19272757e-01
    7.74929643e-01 4.52433109e-01 8.57812285e-01 5.22317469e-01
    8.80854964e-01 3.89008015e-01 7.45378256e-01 9.96301293e-01
    8.91663432e-01 4.82216984e-01 4.55626667e-01 3.33556563e-01
    2.63583481e-01 1.27072543e-01 8.14663708e-01 9.34636056e-01
    4.33742553e-01 5.84238529e-01 4.76931632e-02 4.06329274e-01
    3.48314732e-01 5.86619079e-02 3.18054676e-01 9.67415094e-01
    1.38773918e-01 3.76955628e-01 1.52431250e-01 1.45279408e-01
    3.95058244e-01 2.70359397e-01 3.46563518e-01 5.33162534e-01
    4.74078745e-01 6.56737506e-01 7.75758505e-01 7.30740011e-01
    7.70214498e-01 0. 0. 0. 0. 0. 0. 0. 0. 0. 0. 0. 0. 0. 0. 0. 0. 0. 0.
    1.08468503e-01 9.73289132e-01 3.43048811e-01 5.40684044e-01
    2.27878839e-01 5.81374764e-01 9.32663321e-01 3.12794507e-01
    9.73053277e-02 5.31250238e-03 1.36127234e-01 5.05018234e-03
    3.72801244e-01 5.35995483e-01 8.22439015e-01 4.79174823e-01
    2.12409049e-01 1.30145699e-01 6.95710838e-01 9.60258782e-01
    9.43876266e-01 2.94549286e-01 4.17309493e-01 7.25266814e-01
    4.88943011e-01 3.61513615e-01 4.22426760e-01 8.44658077e-01
    3.97148371e-01 7.68465996e-01 8.69337440e-01 1.17378026e-01
    8.02797914e-01 6.06541693e-01 5.02122760e-01 5.94600737e-01
    2.01744765e-01 8.98689270e-01 1.96320891e-01 8.19890499e-01
    5.80800414e-01 1.00768566e-01 1.19723678e-02 2.43418843e-01
    5.35254121e-01 6.53962612e-01 4.35135424e-01 8.94679070e-01
    5.93474448e-01 3.23497415e-01 9.55472887e-01 8.44023287e-01
    7.32445121e-02 8.07067275e-01 5.21725893e-01 8.31514895e-02
    1.95179403e-01 5.41354537e-01 2.67613560e-01 2.20531583e-01
    4.65437889e-01 3.97411197e-01 2.76729167e-01 5.14829040e-01
    3.78599852e-01 3.99265528e-01 1.26459569e-01 1.22523010e-01
    4.85160142e-01 1.00546777e-01 3.07268500e-01 5.55419028e-01
    4.41848874e-01 3.18888485e-01 5.59226573e-02 3.19401264e-01
    9.57185030e-03 4.43306237e-01 3.71608734e-02 3.36988151e-01
    9.43958282e-01 2.13557512e-01 7.05887437e-01 8.44092011e-01
    5.89617014e-01 7.52637625e-01 1.28809482e-01 1.39570981e-01
    8.72467041e-01 9.84675109e-01 1.22729391e-01 3.47421765e-01
    5.01161337e-01 8.40620399e-01 5.58337629e-01 3.66855025e-01
    8.43678951e-01 4.17665839e-01 4.73876923e-01 7.59978831e-01
    9.82743084e-01 4.49102312e-01 9.16092157e-01 6.41900122e-01
    4.45249707e-01 8.74166965e-01 4.34696674e-03 2.38108754e-01
    7.72163749e-01 1.45476669e-01 4.13040578e-01 1.99873298e-01
    8.14908087e-01 8.83433342e-01 1.43069744e-01 8.91282320e-01
    8.58339310e-01 2.12425768e-01 1.63668424e-01 8.83426785e-01
    6.06112421e-01 3.86570066e-01 6.06851041e-01 9.85241413e-01
    8.73412311e-01 8.12821329e-01 1.28304869e-01 2.75780916e-01
    5.29756606e-01 6.99894071e-01 5.10513783e-03 1.19090378e-01
    1.07944906e-02 6.49008155e-02 3.56335878e-01 3.14066112e-02
    2.24952221e-01 8.94324899e-01 5.44238508e-01 1.30178034e-01
    7.96759784e-01 8.22170615e-01 4.00147170e-01 3.37897658e-01
    9.53037322e-01 4.04888988e-01 1.90020710e-01 9.83984232e-01
    1.12400055e-01 7.83533573e-01 2.73551941e-02 7.70235181e-01
    2.82738328e-01 8.46597672e-01 8.78389776e-01 6.43607736e-01
    4.96938735e-01 4.99454081e-01 2.88802207e-01 6.14683688e-01
    2.17634737e-02 6.15177393e-01 7.95209527e-01 3.00864279e-02
    9.62947488e-01 7.49082923e-01 2.51157135e-01 4.83944118e-01
    7.71130443e-01 5.10497689e-01 8.10835361e-01 3.70267332e-01
    1.65977776e-02 5.97579062e-01 4.52219725e-01 1.68537289e-01
    5.20315409e-01 8.35207343e-01 4.11404818e-01 5.49387634e-02
    2.86123514e-01 4.16763395e-01 6.44253075e-01 1.83386505e-02
    6.61514521e-01 7.80571818e-01 5.56936026e-01 1.83344781e-01
    1.14922911e-01 6.52416348e-01 4.12563682e-01 9.38573480e-01
    9.16061044e-01 2.32821256e-01 5.63161612e-01 3.40266526e-01
    5.25207162e-01 3.63264740e-01 9.05794859e-01 9.02084112e-01
    8.03285241e-01 1.76025212e-01 4.53949630e-01 2.72563040e-01
    1.51298016e-01 9.99719203e-01 9.36456561e-01 1.53781295e-01
    1.83250904e-01 4.43327159e-01 2.05771953e-01 8.16138506e-01
    1.97134227e-01 7.38236904e-01 8.52876902e-01 8.26373219e-01
    8.29784989e-01 3.23345602e-01 4.72877264e-01 2.96939075e-01
    1.00976288e-01 8.51325989e-01 7.70878792e-03 2.07969695e-01
    4.79036212e-01 3.26674104e-01 7.43065178e-02 8.55455458e-01
    2.44948834e-01 2.76484609e-01 1.38976097e-01 6.11940801e-01
    1.95461810e-01 2.95973003e-01 7.73136973e-01 6.12287104e-01
    5.19074440e-01 9.75370526e-01 8.89316678e-01 6.00166619e-02
    2.00371951e-01 6.63176537e-01 9.02759671e-01 5.02748370e-01
    3.21617663e-01 7.23045945e-01 9.46942270e-02 1.18145794e-01
    6.63161814e-01 9.39813375e-01 8.67191494e-01 3.71562243e-02
    2.83435643e-01 1.70381159e-01 6.21258914e-01 3.82862687e-01 0. 0. 0.
    0. 0. 0. 0. 0. 0. 0. 0. 0. 0. 0. 0. 0. 0. 0. 4.43233013e-01
    2.76344240e-01 1.90609723e-01 4.80963945e-01 1.58769488e-02
    5.06244719e-01 9.92511868e-01 8.32255244e-01 3.96349132e-02
    9.35029387e-01 5.05556524e-01 3.35513353e-02 2.08357483e-01
    6.05038464e-01 1.42733246e-01 7.16450512e-02 6.20135725e-01
    6.63400054e-01 6.76353216e-01 7.35011935e-01 3.42718959e-01
    4.57416087e-01 1.23680830e-01 2.01454848e-01 2.72503614e-01
    5.92059791e-01 7.90683270e-01 8.49308670e-02 4.19694275e-01
    9.84045029e-01 2.54241824e-01 8.27236772e-01 5.50028026e-01
    7.37529814e-01 8.60709667e-01 2.69319713e-02 8.48478675e-01
    9.13249135e-01 4.96296734e-01 8.38122249e-01 3.85849059e-01
    1.93837106e-01 9.81691480e-01 1.00071132e-02 5.54584384e-01
    9.46656466e-02 4.41519618e-01 8.30377638e-01 3.06945026e-01
    1.76550806e-01 1.94530785e-02 5.25278270e-01 3.88332427e-01
    8.62182677e-01 2.34362751e-01 7.07156181e-01 5.65273702e-01
    5.63753426e-01 7.68299103e-01 6.14525139e-01 8.56194198e-01
    8.26353252e-01 3.71198535e-01 2.40897477e-01 3.06650430e-01
    3.33519638e-01 6.02850318e-02 8.35876822e-01 1.61812037e-01
    3.44130844e-01 9.54697609e-01 7.77037501e-01 6.58075213e-02
    4.52137142e-01 4.75057453e-01 6.46722198e-01 1.70488507e-01
    3.34047258e-01 1.52701706e-01 1.26679718e-01 9.55455124e-01
    3.19792092e-01 3.26151252e-02 8.06834459e-01 5.52647769e-01
    5.28670847e-02 4.77845848e-01 8.63812864e-01 9.84547138e-01
    4.16962177e-01 8.47564638e-02 4.96841669e-02 6.72661185e-01
    3.57796133e-01 6.65213346e-01 9.42446589e-01 2.53873348e-01
    6.09808087e-01 2.73735464e-01 5.75180948e-02 2.50855625e-01
    6.07764065e-01 8.97997320e-02 9.50834274e-01 4.94376242e-01
    2.83486038e-01 9.01852965e-01 9.87094998e-01 9.11515951e-01
    5.61529696e-01 7.64813423e-01 5.23869216e-01 9.39029336e-01
    1.58347756e-01 7.31035411e-01 6.64438665e-01 3.62998962e-01
    2.42143273e-01 9.44338858e-01 6.81610465e-01 6.26065671e-01
    8.86251450e-01 4.48865414e-01 5.65170586e-01 1.68004662e-01
    8.19888592e-01 1.75073028e-01 2.22978115e-01 3.57161343e-01
    7.51065791e-01 6.49948239e-01 1.11487269e-01 7.58292437e-01
    8.68135691e-01 3.19476008e-01 3.23431313e-01 9.72729802e-01
    3.85218203e-01 6.41788006e-01 7.60215998e-01 3.92005533e-01
    2.89132357e-01 9.04883862e-01 1.60009533e-01 1.96257889e-01
    5.97110450e-01 4.07765836e-01 6.82264447e-01 7.33242810e-01
    4.00769144e-01 6.93825483e-02 4.89024520e-01 7.51245201e-01
    1.28664136e-01 4.80115414e-02 7.57121563e-01 4.30018604e-02
    6.92630827e-01 7.54989386e-02 8.22894573e-01 2.31379271e-02
    5.84931493e-01 2.73908794e-01 1.29869789e-01 4.41213697e-01
    3.03904176e-01 2.22473413e-01 2.81384259e-01 9.55260754e-01
    6.96238518e-01 5.05660236e-01 5.44452310e-01 9.13632512e-01
    8.54513764e-01 6.00235641e-01 1.08951539e-01 6.73652172e-01
    4.29214716e-01 4.48537230e-01 3.23837996e-01 5.67800224e-01
    3.27389538e-02 8.70608568e-01 7.34587431e-01 2.79570818e-02
    3.10264647e-01 2.68940926e-02 9.91361678e-01 3.36392105e-01
    1.22429579e-01 9.62295055e-01 5.23719370e-01 7.76082873e-02
    7.55566001e-01 1.95755243e-01 1.84521228e-01 6.54384136e-01
    2.59131193e-03 6.09391451e-01 2.99628764e-01 1.77852213e-02
    7.36210346e-02 7.91307032e-01 6.69837594e-02 9.73887742e-02
    7.78627396e-01 8.80278468e-01 8.62889051e-01 5.32107234e-01
    7.33830571e-01 9.79914546e-01 6.91466689e-01 3.41884553e-01
    2.84784377e-01 4.82367545e-01 6.80663645e-01 9.11295414e-01
    3.64926308e-01 4.87280935e-01 9.13000822e-01 5.88790417e-01
    1.54920042e-01 4.30507809e-01 2.76337981e-01 9.09206748e-01
    3.43061864e-01 8.86394501e-01 7.25171506e-01 3.89546692e-01
    2.93340385e-01 7.44531095e-01 7.84995079e-01 4.26250041e-01
    2.03637987e-01 9.26116586e-01 3.97194028e-02 1.58837497e-01
    1.82028919e-01 8.35002363e-02 2.68647850e-01 4.31898296e-01
    3.37582678e-01 6.06899440e-01 6.60527110e-01 4.99828458e-01
    6.84511900e-01 2.93927282e-01 4.32483256e-02 2.42080212e-01
    5.16135156e-01 2.04396546e-02 9.69716668e-01 8.05098057e-01
    8.39820623e-01 1.57191396e-01 4.90160286e-01 0. 0. 0. 0. 0. 0. 0. 0.
    0. 0. 0. 0. 0. 0. 0. 0. 0. 0. 3.12418729e-01 6.66524768e-02
    6.26965225e-01 8.39234054e-01 1.78842753e-01 1.71907991e-01
    7.15072513e-01 4.87384200e-03 2.42172450e-01 1.32800400e-01
    6.48075581e-01 6.87751651e-01 3.91951114e-01 3.37294042e-02
    9.05739665e-02 4.14625108e-01 8.10164452e-01 9.31635261e-01
    6.08615339e-01 7.11647332e-01 4.99025583e-02 4.44598496e-01
    3.96202505e-01 2.59780109e-01 6.95291638e-01 3.43122780e-01
    2.47375786e-01 5.95034957e-02 1.56693190e-01 4.28855896e-01
    9.10427213e-01 4.44905639e-01 3.21423262e-01 4.98369694e-01
    5.02018034e-01 8.17140937e-02 3.90949667e-01 7.06217289e-01
    2.32380003e-01 2.18976796e-01 1.70536399e-01 9.62029576e-01
    4.05407220e-01 2.73331881e-01 4.78830755e-01 1.62019134e-02
    2.64754891e-01 2.93432772e-02 9.15494204e-01 8.28065574e-02
    9.30014312e-01 1.61090970e-01 1.55470550e-01 3.80420268e-01
    7.93338835e-01 6.01447701e-01 3.05256546e-01 1.65133357e-01
    6.04297757e-01 9.34878111e-01 3.57834876e-01 6.80353045e-01
    2.48510092e-01 3.42649490e-01 8.57636392e-01 4.92008716e-01
    7.74757266e-01 8.67915154e-02 8.24574471e-01 3.52761596e-01
    4.32428896e-01 2.11814642e-02 1.53991550e-01 5.41182041e-01
    6.02342308e-01 6.37553692e-01 5.71549714e-01 6.00250721e-01
    9.93420362e-01 9.82213497e-01 1.89207107e-01 3.12078536e-01
    1.75124496e-01 7.18463123e-01 9.84874725e-01 2.30032295e-01
    3.09313089e-01 6.05912745e-01 7.48217463e-01 6.82829201e-01
    3.06142747e-01 4.53658402e-01 1.76248610e-01 4.41819429e-01
    8.77277315e-01 1.03412807e-01 4.93753642e-01 1.63950592e-01
    2.25293219e-01 6.00481451e-01 4.29538190e-02 1.84446633e-01
    6.91163898e-01 6.16146386e-01 6.24370873e-02 7.08222747e-01
    9.83924687e-01 5.56369305e-01 7.85120726e-01 5.62455475e-01
    1.05462551e-01 8.04437399e-01 3.94876152e-01 8.33761096e-02
    4.74313945e-01 6.32494032e-01 7.30087042e-01 3.32199365e-01
    9.58329201e-01 4.20893610e-01 5.60079217e-01 7.59627819e-01
    8.29840779e-01 1.68283761e-01 1.82634354e-01 8.99177551e-01
    8.04609179e-01 1.53740585e-01 6.97606266e-01 6.69649184e-01
    9.81207490e-02 4.69505727e-01 3.31902921e-01 4.83934313e-01
    5.13426006e-01 1.16051137e-01 1.88398570e-01 2.86820889e-01
    8.89682770e-01 9.69373107e-01 8.12379658e-01 3.48764867e-01
    8.81263614e-01 6.72549665e-01 5.00957131e-01 9.83087480e-01
    6.17156684e-01 8.26405644e-01 8.74345541e-01 2.29389668e-01
    4.97774452e-01 5.53695083e-01 5.72108507e-01 1.49935722e-01
    9.73192692e-01 1.51433498e-01 9.11182523e-01 1.32850498e-01
    1.65870100e-01 5.63284993e-01 5.13459206e-01 3.78838837e-01
    9.26450968e-01 4.59846407e-01 5.66244662e-01 9.28627193e-01
    6.10046804e-01 5.53659081e-01 7.64187932e-01 3.88645202e-01
    7.02409625e-01 2.74787128e-01 9.80168581e-03 7.11886406e-01
    8.55004311e-01 6.77995205e-01 7.64731944e-01 8.26372743e-01
    2.76941419e-01 3.47253501e-01 9.35764730e-01 9.30954039e-01
    7.28115678e-01 3.97539318e-01 6.11550808e-02 8.86156678e-01
    8.60310495e-02 6.52660072e-01 9.65723693e-01 8.10389042e-01
    3.27104688e-01 4.90916133e-01 8.18817019e-02 9.19229627e-01
    5.65262794e-01 6.66336298e-01 4.43816513e-01 7.82209873e-01
    1.70246363e-01 3.29330266e-01 6.73843682e-01 6.82868540e-01
    9.55458999e-01 4.98551041e-01 6.19544387e-02 3.09479296e-01
    3.72561932e-01 6.05750263e-01 8.37077498e-01 4.43193942e-01
    6.84961796e-01 7.66280472e-01 5.79866469e-01 9.03275847e-01
    3.46521795e-01 5.13300300e-03 9.55700040e-01 7.29191959e-01
    1.80811912e-01 9.43651795e-03 4.26001668e-01 9.56887960e-01
    9.13306177e-02 6.82484806e-01 5.21125615e-01 6.31548464e-01
    1.18924081e-02 5.06550431e-01 5.57503998e-01 6.15217865e-01
    1.52070522e-02 3.79591405e-01 4.93614048e-01 2.05820769e-01
    4.13110971e-01 5.89006662e-01 8.30907226e-01 9.65180397e-01
    6.38009191e-01 3.62813830e-01 6.68293297e-01 1.02946848e-01
    6.32343590e-02 8.37433636e-02 7.10816443e-01 7.57716894e-02
    4.54224199e-01 1.30347759e-01 9.16694283e-01 9.73948598e-01
    2.29793817e-01 5.09449244e-01 7.59783983e-01 6.88120008e-01
    4.84316707e-01 7.00959206e-01 0. 0. 0. 0. 0. 0. 0. 0. 0. 0. 0. 0. 0.
    0. 0. 0. 0. 0. 8.72430563e-01 9.89480972e-01 8.09936702e-01
    5.93999922e-02 7.35526621e-01 9.66081262e-01 4.52631474e-01
    6.76822841e-01 7.97149837e-02 7.55995512e-02 3.05517912e-01
    8.90849829e-01 5.46983302e-01 1.72150135e-03 9.62373793e-01
    1.62387580e-01 3.41018200e-01 9.25060272e-01 9.27888453e-02
    5.50716162e-01 3.18490326e-01 2.52503186e-01 3.65948439e-01
    9.63434458e-01 8.29657853e-01 4.62938279e-01 6.96772039e-01
    1.55930728e-01 3.50320458e-01 6.04497671e-01 7.61874795e-01
    2.08731055e-01 1.44481093e-01 8.17424655e-01 4.71131146e-01
    2.47802138e-01 9.08949852e-01 6.53461337e-01 7.98467934e-01
    4.36993510e-01 9.90483403e-01 2.12327093e-01 7.13564396e-01
    6.24400616e-01 7.97291517e-01 9.11449075e-01 4.39563781e-01
    1.99595034e-01 3.80700439e-01 4.60340351e-01 7.87961602e-01
    6.62478745e-01 9.49951708e-02 5.49329758e-01 6.05157793e-01
    8.45411420e-01 7.22405851e-01 6.32124364e-01 8.09858441e-01
    7.89909124e-01 9.93376970e-02 6.93120062e-01 1.37244672e-01
    6.15181506e-01 2.06587136e-01 6.85886919e-01 3.38302135e-01
    1.44981563e-01 9.27887559e-01 5.77995896e-01 2.64027655e-01
    8.79710972e-01 7.31954098e-01 7.28915453e-01 7.74664879e-02
    5.38272262e-01 7.36249089e-01 3.15800428e-01 2.07334042e-01
    7.41730034e-02 7.23189116e-02 1.52421087e-01 7.55020201e-01
    9.18676734e-01 8.88592482e-01 6.07372165e-01 9.73522663e-03
    7.42215216e-01 2.79938161e-01 5.54770231e-01 6.61919892e-01
    4.17554617e-01 2.31572092e-02 8.98396611e-01 3.45994473e-01
    3.49753112e-01 2.94046044e-01 9.52394307e-01 4.73871171e-01
    4.45868403e-01 7.91545272e-01 1.33955359e-01 5.65995812e-01
    5.00481248e-01 6.05362952e-01 6.00093842e-01 8.44746172e-01
    8.33070993e-01 9.17399704e-01 4.51170892e-01 7.70430923e-01
    4.04081345e-02 2.95229971e-01 9.80606198e-01 5.71034312e-01
    8.90768766e-01 2.42734015e-01 3.17531973e-01 6.84649527e-01
    9.85092938e-01 1.06989831e-01 1.44753665e-01 4.72252965e-02
    7.99315453e-01 9.70092535e-01 9.53297019e-01 7.73546875e-01
    9.67156649e-01 1.39689922e-01 2.05095768e-01 8.70653391e-01
    8.88679743e-01 6.89744353e-01 6.93053901e-02 4.86882418e-01
    3.80455017e-01 5.57922602e-01 6.34597898e-01 2.49773681e-01
    3.69477332e-01 7.45920062e-01 2.84548879e-01 4.36200291e-01
    3.04004133e-01 9.65947568e-01 1.42765760e-01 6.40880048e-01
    9.10989940e-02 6.98623240e-01 9.40911174e-02 7.63510287e-01
    8.05009723e-01 5.66164255e-01 9.12463546e-01 5.46147346e-01
    5.17783344e-01 3.32089007e-01 2.19675779e-01 4.46807265e-01
    2.99660176e-01 3.16991091e-01 5.74705541e-01 4.31675315e-02
    4.31582183e-01 2.18537629e-01 4.05982733e-02 7.71973431e-01
    2.92728305e-01 6.43011749e-01 5.21968007e-01 8.84450972e-02
    6.70033693e-01 2.00719714e-01 5.12219310e-01 5.00828743e-01
    8.76184583e-01 7.59560466e-01 2.85535425e-01 4.57507968e-02
    3.80685270e-01 6.59752429e-01 1.58719450e-01 6.85393810e-02
    6.04838431e-01 3.21434885e-01 7.54063129e-01 9.22897995e-01
    2.74707258e-01 3.41442168e-01 4.31135356e-01 1.85736865e-01
    8.18207443e-01 7.34456480e-01 4.14994776e-01 3.54429305e-01
    1.10382706e-01 8.90111625e-01 7.09685802e-01 9.48269308e-01
    8.23472261e-01 3.53314668e-01 1.77388191e-02 7.58223474e-01
    9.99459386e-01 3.34082842e-01 2.63261974e-01 6.96473718e-01
    2.77489901e-01 4.55803871e-02 7.13215292e-01 3.31932843e-01
    6.55898809e-01 4.33480442e-02 5.62317848e-01 8.49318326e-01
    8.96486640e-01 7.46303201e-02 1.88212633e-01 8.11344028e-01
    5.74768543e-01 2.72617757e-01 5.42873502e-01 2.46431172e-01
    8.92380774e-02 5.37975073e-01 8.22570205e-01 1.28517747e-01
    4.56292927e-01 7.80113518e-01 3.69259089e-01 6.22997701e-01
    5.25426388e-01 5.52866161e-02 3.87656271e-01 1.19442105e-01
    4.37432826e-01 3.64321202e-01 3.42151761e-01 4.96084422e-01
    6.80158973e-01 2.11753875e-01 1.97013527e-01 3.26135635e-01
    7.57866681e-01 1.63468927e-01 5.24443150e-01 9.10179257e-01
    7.13586390e-01 9.41900969e-01 9.08621550e-01 8.15872550e-01
    2.17422336e-01 2.93029130e-01 8.88649464e-01 6.13491893e-01
    3.80757153e-01 0. 0. 0. 0. 0. 0. 0. 0. 0. 0. 0. 0. 0. 0. 0. 0. 0. 0.
    8.22557807e-01 4.39270318e-01 9.38828468e-01 9.53741848e-01
    2.84645736e-01 8.71996164e-01 4.54560518e-02 4.21697497e-01
    6.68119311e-01 4.34773058e-01 1.73065364e-02 9.61066842e-01
    3.96981657e-01 9.37918544e-01 9.11415637e-01 3.38438988e-01
    3.19592655e-01 3.74697596e-01 3.06169808e-01 2.04118997e-01
    8.92236948e-01 4.32026386e-02 3.65507692e-01 5.41386247e-01
    4.01556015e-01 4.27649349e-01 8.82548332e-01 6.58104420e-01
    6.17010832e-01 3.50034475e-01 7.26023018e-02 6.59743786e-01
    2.32462436e-01 5.81296086e-01 2.50634551e-01 5.10211885e-02
    2.25909024e-01 7.13863790e-01 1.16389602e-01 5.26694596e-01
    5.22442222e-01 3.78853381e-02 5.34612596e-01 9.96542096e-01
    2.51602530e-01 8.91453624e-01 9.75270152e-01 2.27097571e-01
    9.76283908e-01 5.13678193e-01 4.82648015e-01 7.34581232e-01
    3.28126848e-01 4.78749275e-02 6.83559597e-01 6.55797064e-01
    6.00850284e-01 8.84217262e-01 3.45160812e-01 3.89505029e-01
    5.16523242e-01 7.41290331e-01 4.44192529e-01 7.50359774e-01
    1.56347573e-01 4.83193815e-01 5.87619066e-01 5.59732318e-01
    7.99167871e-01 7.55901873e-01 2.08678246e-01 5.78324378e-01
    4.80960101e-01 6.33309722e-01 4.23809111e-01 7.44963288e-01
    5.11108994e-01 9.47445035e-01 2.25947589e-01 1.45612389e-01
    1.64398015e-01 6.86454952e-01 1.84029877e-01 9.70406175e-01
    9.22868729e-01 5.16784132e-01 6.35102034e-01 2.39369631e-01
    9.47394669e-01 8.31096172e-01 5.85187316e-01 4.44136024e-01
    8.10246110e-01 9.09182370e-01 7.10166097e-01 4.84521985e-02
    5.33421695e-01 2.24294186e-01 6.59090877e-02 6.84248686e-01
    3.23143840e-01 9.15056944e-01 2.18483508e-02 1.01582140e-01
    9.70900178e-01 3.58274281e-01 9.68914270e-01 3.29557359e-01
    6.75126016e-02 3.73938322e-01 2.19742745e-01 8.83548319e-01
    4.98067498e-01 3.87113988e-01 1.11377329e-01 4.61611062e-01
    7.61490405e-01 5.36286354e-01 2.08096713e-01 4.86375868e-01
    3.31172347e-03 8.80296469e-01 3.12378764e-01 3.36331755e-01
    1.87271208e-01 9.95937228e-01 4.28223401e-01 7.18400002e-01
    5.28118253e-01 5.99904656e-02 6.94618225e-01 6.83535457e-01
    2.27609277e-03 8.44350100e-01 7.01702237e-01 2.95038819e-01
    3.09150040e-01 4.20699716e-02 7.76221514e-01 8.92121315e-01
    3.07582796e-01 4.90434974e-01 3.34430695e-01 6.69100165e-01
    2.38296568e-01 4.39005792e-01 1.08412057e-01 8.66711676e-01
    7.97639191e-01 9.50826705e-02 7.10245609e-01 9.27424073e-01
    9.65911865e-01 7.91986465e-01 8.97405982e-01 4.57464755e-02
    2.03027695e-01 2.69321561e-01 9.55529213e-01 9.28259373e-01
    5.93337417e-01 3.26894492e-01 2.21319735e-01 2.86859572e-02
    7.11102307e-01 8.72916937e-01 7.04781473e-01 5.35415113e-02
    6.08675420e-01 8.40294719e-01 1.72352046e-01 1.32619530e-01
    7.06956565e-01 2.69866139e-01 2.01110721e-01 7.77477145e-01
    2.15029925e-01 1.59541875e-01 9.71479774e-01 8.80236149e-01
    7.03949332e-01 5.22255063e-01 4.91923213e-01 4.82286811e-02
    9.84193623e-01 4.74030346e-01 8.56513023e-01 4.00954366e-01
    5.60118735e-01 8.27460587e-02 2.04458654e-01 9.23688233e-01
    2.77076006e-01 7.17335880e-01 9.82939005e-01 9.19209659e-01
    1.57591283e-01 5.96781373e-01 8.89677882e-01 3.62687469e-01
    5.36238432e-01 2.31502533e-01 8.77142549e-02 7.74415851e-01
    8.38120937e-01 3.93272579e-01 4.61181611e-01 7.98805535e-01
    6.22495890e-01 5.15912175e-02 7.69918442e-01 5.22646904e-02
    3.88074160e-01 3.18527460e-01 7.74636030e-01 3.80243123e-01
    1.77348375e-01 6.86927855e-01 9.14050639e-02 6.50355458e-01
    2.30730742e-01 5.41048706e-01 8.41674745e-01 9.34169769e-01
    1.13174587e-01 2.68911034e-01 6.39938831e-01 7.96875358e-01
    7.58305788e-01 7.27074742e-01 2.94577837e-01 4.76741344e-01
    4.90317076e-01 7.03557312e-01 4.29627001e-01 8.27976942e-01
    9.68439221e-01 3.90094519e-02 8.24376941e-01 9.80488360e-01
    7.17881680e-01 7.72448778e-02 2.31568813e-02 2.37515688e-01
    7.57597208e-01 1.88741088e-02 3.72902095e-01 9.54584539e-01
    3.13635379e-01 9.62692738e-01 9.74402845e-01 1.83001518e-01
    4.40280676e-01 3.49957883e-01 5.78096390e-01 3.13647121e-01 0. 0. 0.
    0. 0. 0. 0. 0. 0. 0. 0. 0. 0. 0. 0. 0. 0. 0. 3.15886259e-01
    2.85444081e-01 8.25787365e-01 9.97621417e-01 9.85661626e-01
    1.69520646e-01 5.39142430e-01 7.28876472e-01 6.86304152e-01
    1.12492323e-01 7.88023472e-01 2.53613651e-01 6.61388040e-03
    7.03841567e-01 9.41404939e-01 4.86064285e-01 6.32665694e-01
    8.73399138e-01 5.94804168e-01 5.46678960e-01 5.36535561e-01
    8.60755742e-02 9.41425443e-01 7.59618580e-01 2.15213239e-01
    5.59781373e-01 9.43713665e-01 4.71470147e-01 7.90894628e-02
    5.97459793e-01 2.07363486e-01 2.08578676e-01 9.06826019e-01
    2.83707201e-01 8.28727782e-01 7.21661150e-01 7.04384506e-01
    3.39644879e-01 6.89450085e-01 3.53441179e-01 3.40470999e-01
    3.36329937e-01 3.91351759e-01 5.97716689e-01 1.10197216e-01
    4.27295089e-01 2.94342667e-01 1.71133161e-01 4.80661303e-01
    4.48328108e-01 3.48874897e-01 9.09832001e-01 4.51711684e-01
    4.34364319e-01 8.25446248e-01 8.83491933e-01 9.10360515e-01
    2.73397923e-01 7.67701387e-01 1.70668453e-01 7.27825582e-01
    4.11486030e-01 6.48357272e-01 8.36240053e-01 9.99465346e-01
    8.37122798e-01 4.26716149e-01 3.13042998e-01 7.79599547e-01
    2.24907935e-01 4.98624474e-01 1.90197438e-01 9.21445727e-01
    8.67206216e-01 2.66616344e-01 3.44354868e-01 2.83913642e-01
    3.17332029e-01 7.70997405e-01 1.53563350e-01 5.03161728e-01
    3.40537429e-01 9.21776056e-01 2.33705491e-01 2.42618412e-01
    8.75161469e-01 8.24167252e-01 9.30363655e-01 8.18159223e-01
    6.57588005e-01 3.46031487e-02 8.99185061e-01 1.64117873e-01
    6.43583596e-01 3.42588902e-01 8.85412097e-01 8.82692993e-01
    7.69383907e-01 7.25863338e-01 1.35405540e-01 3.66289616e-02
    8.06037664e-01 2.68520951e-01 8.59783292e-01 9.35019672e-01
    9.72877502e-01 2.41232008e-01 2.09587932e-01 9.65668201e-01
    1.00101918e-01 8.96027267e-01 8.15033555e-01 7.65623927e-01
    1.58939332e-01 5.26695073e-01 8.49374533e-01 1.72396779e-01
    2.42832273e-01 3.44126940e-01 9.98171449e-01 2.31511235e-01
    8.97963285e-01 2.18340427e-01 7.77685881e-01 8.86748314e-01
    2.37215757e-01 9.57262516e-03 6.12756848e-01 7.61698425e-01
    3.69277239e-01 8.78385603e-01 9.70193267e-01 2.71053791e-01
    8.97149563e-01 1.38055533e-01 8.37983727e-01 9.95520055e-01
    8.93046856e-01 2.79948413e-02 1.41310513e-01 8.18807960e-01
    5.83286881e-01 6.73560798e-02 3.18494678e-01 7.96374083e-01
    8.74847412e-01 2.14443773e-01 3.41811180e-02 9.08821225e-01
    6.88829780e-01 1.98958308e-01 7.66164064e-03 7.80394912e-01
    2.39984542e-01 1.71810389e-01 9.57837224e-01 8.32791924e-01
    2.60096669e-01 2.71769822e-01 6.57400310e-01 7.93382406e-01
    8.67266774e-01 1.34371459e-01 1.09795332e-01 4.09980685e-01
    5.99250734e-01 2.20465183e-01 1.07849449e-01 4.52951372e-01
    8.31950307e-01 7.11512685e-01 7.10201442e-01 5.33763766e-01
    5.52726984e-02 2.76485860e-01 4.25957650e-01 2.36448139e-01
    8.56750011e-02 1.05107307e-01 5.84878385e-01 2.53514200e-01
    6.20836735e-01 2.86497891e-01 1.41366273e-01 6.43363059e-01
    9.38553452e-01 4.60077882e-01 3.32227856e-01 9.91104901e-01
    7.98203468e-01 1.10894650e-01 3.62894952e-01 2.11404890e-01
    7.67936110e-01 9.07700002e-01 5.81547141e-01 4.83762950e-01
    2.25678980e-01 4.09282178e-01 9.09278393e-02 4.77714151e-01
    1.19708389e-01 2.76658595e-01 5.01875877e-01 9.99101102e-01
    1.60012633e-01 1.34133071e-01 3.72162491e-01 2.03885138e-01
    8.24666321e-02 3.60812247e-01 7.31164455e-01 3.49482775e-01
    6.86846375e-01 2.68198371e-01 4.33579504e-01 7.66011477e-01
    3.17507863e-01 8.82454395e-01 7.82784820e-01 8.16750526e-01
    5.62149405e-01 9.61185396e-01 4.43221331e-01 8.82621288e-01
    1.35607421e-02 3.03203464e-01 1.77103966e-01 2.78442502e-01
    4.90627050e-01 8.77394259e-01 4.18665409e-02 9.87585485e-02
    8.42867017e-01 1.35432035e-01 4.82374221e-01 2.68258154e-01
    4.30330753e-01 5.73886633e-02 6.37676358e-01 2.17771530e-01
    7.13923514e-01 7.82044172e-01 6.71751380e-01 9.27267015e-01
    7.31091976e-01 9.63226676e-01 5.77254176e-01 7.68987000e-01
    8.73138070e-01 2.18581110e-01 3.40203404e-01 6.14008844e-01
    2.94504881e-01 6.34402871e-01 8.91449332e-01 0. 0. 0. 0. 0. 0. 0. 0.
    0. 0. 0. 0. 0. 0. 0. 0. 0. 0. 8.20412993e-01 9.05415297e-01
    2.91464806e-01 3.45167816e-01 8.18105698e-01 5.01930773e-01
    8.70485663e-01 9.05350447e-01 4.35017467e-01 6.12750828e-01
    4.30233777e-02 1.21057212e-01 9.70479846e-01 8.39057863e-02
    8.90161633e-01 4.28584218e-01 5.53723752e-01 8.45264673e-01
    7.01034427e-01 7.30198026e-01 1.08003855e-01 2.16498971e-01
    5.31435430e-01 1.40129685e-01 9.44452703e-01 6.59585476e-01
    4.06166524e-01 9.77448285e-01 9.53166366e-01 7.59384573e-01
    7.35157311e-01 6.67530417e-01 3.38437825e-01 8.91402602e-01
    5.65870166e-01 4.66086805e-01 6.81439400e-01 5.06428599e-01
    6.79600954e-01 2.22925544e-02 3.02016377e-01 3.78148854e-02
    8.33488643e-01 7.42848039e-01 3.56917143e-01 4.24637765e-01
    5.93671024e-01 3.48405361e-01 9.06713903e-01 3.11632514e-01
    2.56256580e-01 2.32392669e-01 3.39682698e-02 6.20031357e-02
    2.45074600e-01 6.79658055e-01 2.17340857e-01 7.44180799e-01
    2.63030052e-01 8.76544595e-01 1.22856438e-01 5.58977067e-01
    8.54437113e-01 6.24354124e-01 7.13847518e-01 8.44043851e-01
    1.69129848e-01 1.31934375e-01 2.13536471e-01 2.40020007e-01
    8.85839462e-01 2.94537783e-01 3.33012849e-01 5.15437067e-01
    9.17660356e-01 5.87897837e-01 4.54763502e-01 8.34900141e-01
    2.56414950e-01 2.31865227e-01 9.39470530e-03 4.46178824e-01
    7.76281953e-01 8.44627798e-01 5.02055347e-01 1.46985859e-01
    8.43301415e-01 6.08732402e-01 2.57256269e-01 9.27028954e-01
    2.42832273e-01 5.91382086e-01 5.54010808e-01 1.06591702e-01
    1.51514500e-01 7.17387617e-01 7.21057057e-01 4.80806142e-01
    6.63002133e-01 4.44315195e-01 5.18675685e-01 9.70062315e-02
    3.59845340e-01 4.00998384e-01 5.41750550e-01 9.19324160e-01
    8.30473900e-01 8.01711082e-01 2.24156320e-01 8.27766776e-01
    8.60819221e-01 3.97399992e-01 5.05415618e-01 9.64754581e-01
    4.21589911e-02 5.42432427e-01 2.91292012e-01 6.09003603e-01
    3.52838516e-01 2.13840306e-01 4.69803452e-01 4.12620902e-01
    5.82053661e-01 2.46869683e-01 4.52804267e-01 3.93847287e-01
    5.26235580e-01 7.44058728e-01 9.56131577e-01 8.64769340e-01
    6.43442035e-01 7.79199123e-01 2.84549415e-01 3.30183595e-01
    6.23186827e-01 6.26623511e-01 3.73783648e-01 4.37011063e-01
    2.54724264e-01 4.10028934e-01 1.16780967e-01 8.25239599e-01
    7.36767530e-01 6.60424352e-01 7.87756205e-01 6.73027158e-01
    1.25079364e-01 5.13619304e-01 2.63772607e-01 7.69207716e-01
    8.74966204e-01 7.84593165e-01 1.05197966e-01 8.10554981e-01
    3.34328771e-01 4.22952086e-01 2.66362488e-01 2.44207561e-01
    3.97687793e-01 1.62556559e-01 8.14077139e-01 1.46926939e-02
    5.63213050e-01 5.10337055e-01 2.78872907e-01 3.14319789e-01
    3.72237563e-01 7.20927000e-01 5.14688969e-01 5.72278678e-01
    6.58224404e-01 7.12647676e-01 6.48817301e-01 5.64698339e-01
    6.75931573e-01 2.45420635e-02 7.90085673e-01 2.85463810e-01
    6.97780252e-01 8.57771993e-01 9.53315079e-01 8.06052983e-02
    9.99459505e-01 1.43915445e-01 2.99606860e-01 6.94046915e-01
    8.00652504e-01 6.90898597e-01 6.10515654e-01 4.35363978e-01
    8.68495703e-01 3.34353268e-01 3.07348430e-01 4.25392866e-01
    5.59042394e-02 5.19737363e-01 9.38215733e-01 5.90818763e-01
    5.68042815e-01 6.19887948e-01 9.71384466e-01 4.37919229e-01
    6.79274559e-01 8.28800797e-01 8.75575066e-01 5.81352830e-01
    7.79903412e-01 3.79530340e-01 4.72349226e-01 9.69105422e-01
    3.87505293e-01 4.28532332e-01 4.33982104e-01 5.51598608e-01
    5.91621518e-01 1.48797333e-01 2.28464007e-01 1.55962586e-01
    2.73334801e-01 9.74571347e-01 1.63319200e-01 3.27619195e-01
    2.17120737e-01 8.15965831e-01 7.82491267e-02 2.55940139e-01
    1.70486957e-01 3.97574574e-01 3.42143893e-01 8.15528154e-01
    3.97609770e-01 5.11494637e-01 9.75331664e-03 4.33287024e-01
    8.52270246e-01 4.67878073e-01 7.51258433e-02 7.49941587e-01
    2.95847595e-01 2.57792711e-01 4.00757492e-01 4.74772453e-01
    1.88560218e-01 9.87265587e-01 6.18299782e-01 6.38089299e-01
    5.33631444e-01 9.66537416e-01 7.55032837e-01 7.99288452e-02
    9.81351018e-01 1.86305285e-01 3.02074432e-01 5.45794606e-01
    1.15831912e-01 8.92114937e-01 0. 0. 0. 0. 0. 0. 0. 0. 0. 0. 0. 0. 0.
    0. 0. 0. 0. 0. 5.05903184e-01 3.36968273e-01 6.39885008e-01
    1.56459510e-01 2.87342608e-01 2.65443087e-01 4.76962030e-02
    3.90594751e-01 5.51053047e-01 2.84529626e-01 8.77153993e-01
    5.36415696e-01 5.62468708e-01 1.42882168e-02 5.26165545e-01
    6.51470304e-01 3.66415083e-02 5.48451066e-01 3.84439349e-01
    3.53641331e-01 4.38268483e-01 2.26369023e-01 4.65903074e-01
    9.57829297e-01 9.77877736e-01 9.07199264e-01 6.23524070e-01
    8.61183286e-01 9.58809376e-01 6.09183013e-01 3.81938159e-01
    8.02613378e-01 3.62285078e-01 3.57212007e-01 9.25080657e-01
    5.12170732e-01 7.39652932e-01 3.31196755e-01 1.86834157e-01
    1.26051039e-01 2.84324944e-01 4.01547968e-01 1.76996946e-01
    6.75957441e-01 4.70526725e-01 7.26033688e-01 2.56993920e-01
    1.48289472e-01 3.98503095e-01 9.95306253e-01 3.65755618e-01
    2.26100266e-01 7.61093378e-01 7.11071253e-01 1.81938767e-01
    6.03027642e-01 7.35614955e-01 9.01387215e-01 6.42330110e-01
    7.71750808e-02 1.25609010e-01 1.83155566e-01 2.21118510e-01
    4.88405913e-01 8.57699692e-01 7.71522045e-01 4.28254396e-01
    4.33836281e-02 6.77875042e-01 6.23045206e-01 9.85493541e-01
    7.72930443e-01 2.67818034e-01 7.61079311e-01 6.44521713e-01
    7.04825640e-01 3.97523224e-01 7.59934664e-01 7.38920867e-01
    8.21709692e-01 9.21023548e-01 5.68481028e-01 6.03681743e-01
    5.74764609e-02 1.35552347e-01 5.71289420e-01 3.40042919e-01
    9.66323614e-02 2.45740116e-02 3.61073017e-02 1.45758897e-01
    1.72725618e-02 1.52965605e-01 2.12284535e-01 6.87504053e-01
    1.44446790e-01 4.51930285e-01 9.64399457e-01 9.03443396e-02
    4.18979734e-01 4.27079409e-01 4.52839732e-01 7.09854364e-01
    8.45938861e-01 3.03558707e-02 4.01906371e-01 2.03069746e-02
    2.06435502e-01 4.15308118e-01 4.70754802e-01 9.94913936e-01
    2.52368450e-01 7.34153330e-01 3.52968872e-02 1.49793088e-01
    4.18477893e-01 6.22633457e-01 9.16787505e-01 9.43081141e-01
    1.69191658e-01 1.44400775e-01 1.22630000e-02 5.16028583e-01
    3.80726874e-01 6.11612320e-01 8.82930160e-01 3.88921708e-01
    8.52673888e-01 8.98852229e-01 8.42752397e-01 2.21188605e-01
    7.05144823e-01 5.17927289e-01 9.64401007e-01 2.00399041e-01
    9.86450195e-01 3.62892330e-01 4.07422155e-01 9.46600914e-01
    3.50728035e-02 2.13727385e-01 1.96518987e-01 4.03887033e-01
    9.43717659e-01 7.55744219e-01 3.11248362e-01 2.95851737e-01
    8.60568404e-01 4.87401187e-02 4.92796093e-01 4.88566101e-01
    8.32041860e-01 2.14683890e-01 2.28351325e-01 6.36137247e-01
    2.71207482e-01 8.09967637e-01 1.70679688e-01 5.04917026e-01
    3.16710711e-01 6.45641685e-01 8.60072851e-01 6.81788921e-01
    6.91255629e-01 4.40108180e-02 8.40692997e-01 4.54949498e-01
    2.76427180e-01 8.36465836e-01 2.63582170e-01 7.65947104e-02
    4.27581072e-02 6.05620503e-01 6.05720043e-01 7.71256685e-02
    4.63532805e-01 2.78136700e-01 9.17631269e-01 9.79466319e-01
    2.16805637e-01 8.80099416e-01 2.03924060e-01 9.89855170e-01
    5.16146421e-02 1.32076889e-01 8.49841058e-01 9.43877220e-01
    6.90905869e-01 1.41577005e-01 7.45710254e-01 6.74430192e-01
    7.32821643e-01 9.38280225e-01 6.77744329e-01 4.60196972e-01
    7.65759826e-01 4.69959617e-01 2.19264001e-01 4.24885303e-01
    3.69934559e-01 4.44170415e-01 6.18987799e-01 4.28212404e-01
    8.50778341e-01 8.78367782e-01 2.18192369e-01 9.19927359e-01
    3.39537084e-01 6.52645946e-01 4.08712566e-01 1.45639122e-01
    4.24074143e-01 9.44046974e-01 7.34195948e-01 2.25433677e-01
    3.01450193e-01 3.85976851e-01 5.69415092e-01 1.79795712e-01
    1.33934230e-01 2.88327515e-01 5.74541092e-01 8.14708233e-01
    3.88693690e-01 9.06162739e-01 9.58890438e-01 5.43629169e-01
    4.45365876e-01 3.00385416e-01 1.70818120e-01 1.33865923e-01
    2.20834792e-01 8.11354995e-01 1.29669905e-02 9.60155070e-01
    5.99912882e-01 6.68757379e-01 5.18910944e-01 3.68522942e-01
    5.20253181e-02 3.15129817e-01 4.65139747e-01 9.70439613e-01
    6.18662775e-01 5.99253774e-01 7.89604187e-02 2.62277901e-01
    3.07385504e-01 4.57973093e-01 8.38030696e-01 2.38101840e-01
    7.37293899e-01 2.05998302e-01 3.50779325e-01 5.68003774e-01
    6.58771038e-01 0. 0. 0. 0. 0. 0. 0. 0. 0. 0. 0. 0. 0. 0. 0. 0. 0. 0.
    7.34573603e-01 4.50717211e-02 5.49250007e-01 2.63304889e-01
    1.82036340e-01 4.96147066e-01 1.80335164e-01 1.02479637e-01
    5.26546121e-01 2.74079978e-01 2.24998146e-01 7.88812518e-01
    6.98337853e-01 1.76196694e-01 6.80049539e-01 2.40941077e-01
    3.20092738e-02 5.85631371e-01 4.78995264e-01 4.96103317e-01
    9.99469161e-01 5.25118709e-02 3.38955373e-01 2.48261929e-01
    5.01322150e-01 1.15105063e-01 8.21902156e-01 3.78960252e-01
    1.43963277e-01 9.80555117e-02 8.63919556e-01 4.17947173e-02
    8.44174504e-01 4.82165396e-01 6.53903544e-01 2.16441184e-01
    6.73342645e-01 1.77105367e-01 3.02672088e-01 2.09299952e-01
    4.49976355e-01 8.62262487e-01 8.06906819e-01 1.91862315e-01
    8.98348212e-01 2.76000589e-01 5.81653535e-01 2.97580063e-02
    2.92037129e-02 9.52203870e-01 3.62112284e-01 8.14603329e-01
    3.36723924e-01 6.37069643e-02 9.04664159e-01 8.73157740e-01
    9.40660715e-01 5.06386161e-02 6.74182415e-01 3.37656140e-01
    8.64221156e-01 8.22825491e-01 1.76545352e-01 5.29410422e-01
    2.75096893e-01 1.11154020e-02 3.50935847e-01 2.55217224e-01
    1.14485830e-01 7.32735276e-01 7.06544995e-01 7.12886930e-01
    6.45913482e-01 6.28396749e-01 4.95490611e-01 4.34186965e-01
    9.37625825e-01 9.29222643e-01 5.86009622e-02 9.96372998e-02
    5.09754777e-01 8.85572672e-01 5.18537998e-01 7.08175480e-01
    2.24885911e-01 8.47812057e-01 4.07410055e-01 5.17089188e-01
    5.59166491e-01 4.57756758e-01 4.89475042e-01 7.09892869e-01
    5.57720840e-01 2.94438004e-01 2.82522678e-01 6.11007035e-01
    3.55929315e-01 8.59480500e-01 3.68917555e-01 6.20677173e-01
    8.31121564e-01 4.14300740e-01 7.30953097e-01 8.77998352e-01
    8.70289207e-02 7.71875918e-01 1.03946447e-01 1.09293431e-01
    9.08051968e-01 4.13568676e-01 3.55294555e-01 1.22492015e-02
    2.80190706e-01 6.75270498e-01 8.31844211e-01 8.25530410e-01
    5.53368688e-01 6.14807189e-01 3.18479359e-01 8.15237403e-01
    5.58304727e-01 6.34016514e-01 3.83181602e-01 5.39856553e-01
    4.29265529e-01 3.09842914e-01 3.04747134e-01 9.99728858e-01
    7.42353678e-01 8.98385346e-02 5.43390512e-01 4.64891911e-01
    7.71469831e-01 8.41581821e-02 9.96707201e-01 5.01519978e-01
    7.30612934e-01 3.98513258e-01 4.12580669e-01 5.01369178e-01
    4.84019905e-01 6.63786590e-01 9.90687609e-01 3.03575009e-01
    9.33590770e-01 7.22793519e-01 9.58636582e-01 8.80166769e-01
    3.26564908e-01 6.36391044e-02 1.17022097e-01 9.63918328e-01
    8.23074818e-01 9.43563402e-01 7.83876657e-01 1.96276486e-01
    6.37199163e-01 3.56865942e-01 3.24690819e-01 6.06825352e-02
    8.02006841e-01 1.83699071e-01 2.63105929e-02 3.78191471e-04
    4.88509685e-01 2.07746983e-01 2.53845751e-01 1.62070453e-01
    4.22470033e-01 8.06136370e-01 6.44883156e-01 1.94750279e-01
    9.37978387e-01 7.33985662e-01 5.51436126e-01 7.33044744e-01
    5.93088865e-02 1.97440207e-01 7.50641465e-01 1.24413520e-01
    8.96634102e-01 3.42711568e-01 3.36422861e-01 9.85039830e-01
    6.95034742e-01 6.61042809e-01 7.45002151e-01 5.57940900e-02
    8.90961349e-01 2.10987777e-01 7.51769722e-01 2.66606212e-01
    3.81164372e-01 9.16871130e-02 8.37518811e-01 1.47294998e-01
    3.11197549e-01 1.36734068e-01 3.80480051e-01 8.80688429e-01
    4.12907600e-01 4.15292919e-01 5.33711433e-01 7.95425832e-01
    6.33312225e-01 1.53100699e-01 8.83857727e-01 1.44499213e-01
    8.05249691e-01 7.64930248e-01 2.77254075e-01 1.91037893e-01
    2.42969066e-01 2.81154543e-01 7.97112346e-01 5.20999312e-01
    9.80940044e-01 6.83276474e-01 7.42914081e-02 2.20752656e-01
    9.83636379e-02 3.57550859e-01 7.89912283e-01 7.20553577e-01
    6.39644742e-01 9.47617650e-01 2.95445204e-01 4.16117609e-01
    6.74458623e-01 1.27102554e-01 4.56234276e-01 3.46766174e-01
    1.47670120e-01 4.70939428e-01 4.19218361e-01 8.46345425e-02
    1.82237446e-01 3.47699046e-01 3.57272148e-01 5.96272349e-01
    5.65847993e-01 6.44216061e-01 8.55174661e-03 2.44222522e-01
    1.12830520e-01 8.74227524e-01 5.82418561e-01 7.69688010e-01
    7.78456330e-01 9.61856484e-01 1.37803048e-01 9.55246091e-01
    7.96262026e-01 4.79504496e-01 6.59809828e-01 1.83988899e-01 0. 0. 0.
    0. 0. 0. 0. 0. 0. 0. 0. 0. 0. 0. 0. 0. 0. 0. 5.33789158e-01
    9.29855585e-01 1.50798857e-02 1.18013442e-01 6.27717137e-01
    6.66614532e-01 2.30841905e-01 4.00642872e-01 6.37398601e-01
    8.63570511e-01 5.90790987e-01 1.13747299e-01 3.49740386e-01
    8.41778159e-01 8.28463614e-01 4.54330862e-01 5.83936036e-01
    1.88806355e-02 3.79144937e-01 2.05853641e-01 2.80206263e-01
    3.37829888e-01 6.75946832e-01 7.37173319e-01 7.82964051e-01
    2.20663100e-01 9.11863625e-01 9.74072814e-02 6.00395143e-01
    8.41191530e-01 9.30803478e-01 5.81273913e-01 7.58214831e-01
    4.93798435e-01 2.48016417e-02 9.32427824e-01 4.58911031e-01
    8.46073031e-01 5.71753204e-01 3.42938006e-02 8.67974162e-01
    8.85163724e-01 4.43916500e-01 2.91843563e-01 1.21037394e-01
    2.17560172e-01 8.45886171e-02 9.94412184e-01 3.85873824e-01
    7.41400719e-01 3.05856019e-01 4.37049299e-01 5.11964142e-01
    8.54940414e-01 1.76073730e-01 8.12888503e-01 6.25347376e-01
    6.07960165e-01 5.29534876e-01 9.61822629e-01 5.28676212e-01
    8.53584766e-01 2.06680417e-01 3.89895529e-01 5.65504372e-01
    4.87987161e-01 7.33815193e-01 4.80344027e-01 6.29342198e-01
    2.65528262e-01 4.80716497e-01 4.88952607e-01 6.56993449e-01
    9.45341110e-01 6.19965971e-01 5.74624658e-01 3.63972098e-01
    9.79021430e-01 8.86884809e-01 6.26852274e-01 9.97921824e-01
    1.85977221e-02 6.13134861e-01 9.58010972e-01 6.08608246e-01
    4.24982965e-01 1.12443417e-01 5.55770040e-01 5.49315512e-01
    4.51768726e-01 3.14595222e-01 2.52741873e-02 2.56683469e-01
    4.85841811e-01 3.86795670e-01 1.29261404e-01 2.52658129e-03
    4.42104340e-01 1.69705927e-01 1.16709858e-01 7.75510490e-01
    6.50256515e-01 1.47095650e-01 4.50795889e-02 4.52106386e-01
    4.48532373e-01 1.95178837e-01 3.91341656e-01 7.35396266e-01
    5.96216559e-01 7.48978376e-01 8.09068561e-01 5.22417367e-01
    6.06863260e-01 3.63188922e-01 9.37273741e-01 3.21744204e-01
    3.25231194e-01 8.37892890e-02 6.22038841e-01 5.15374541e-01
    3.07574749e-01 9.14351940e-02 4.76415545e-01 3.53272557e-02
    3.58754128e-01 9.51211333e-01 4.09033328e-01 5.26944339e-01
    3.94834548e-01 1.97999507e-01 8.39932084e-01 2.56653488e-01
    9.25894976e-02 5.44811070e-01 2.69317687e-01 5.23746848e-01
    1.25543058e-01 3.06862473e-01 1.67841792e-01 2.90325046e-01
    7.44734704e-01 5.71688294e-01 7.19510853e-01 4.35078293e-01
    9.30374503e-01 1.74517393e-01 2.48139799e-01 1.21087164e-01
    8.94376040e-01 3.13206673e-01 4.28879648e-01 9.73706722e-01
    5.81454694e-01 7.27786958e-01 1.50502741e-01 9.55596864e-01
    5.73465824e-01 2.11268008e-01 4.99407321e-01 4.62858498e-01
    5.64266741e-01 7.32367039e-02 6.72456324e-02 1.92916870e-01
    7.80535936e-01 8.59303355e-01 9.57936406e-01 1.54074997e-01
    5.51431835e-01 8.54606152e-01 7.67494977e-01 3.38176012e-01
    7.47587442e-01 8.75982285e-01 5.64354658e-01 2.42857337e-02
    9.17296171e-01 6.67900085e-01 4.65892583e-01 5.04019737e-01
    1.90777183e-01 4.67692792e-01 2.99385399e-01 6.07146919e-02
    7.86309540e-01 2.89647847e-01 8.48207593e-01 5.66161573e-02
    1.41767174e-01 5.50432205e-02 4.96109068e-01 9.07529593e-01
    5.93043268e-01 8.59473467e-01 3.46507430e-01 3.52429241e-01
    8.39022994e-01 1.47442281e-01 4.77638364e-01 9.51120615e-01
    5.34093380e-03 1.01270467e-01 9.85594392e-01 4.32549238e-01
    1.85215682e-01 9.48650837e-02 3.56238008e-01 7.37374842e-01
    9.91392314e-01 2.92974472e-01 1.00902766e-01 6.68350220e-01
    6.87843561e-03 6.46419168e-01 5.90011358e-01 9.86616492e-01
    2.84013063e-01 9.66416895e-02 6.89467490e-01 4.49397564e-01
    6.57705188e-01 3.84025574e-02 5.00803471e-01 8.56837630e-01
    9.14513052e-01 2.08636701e-01 4.25351769e-01 6.60516739e-01
    3.62981260e-01 3.64550948e-01 7.85095870e-01 1.53454334e-01
    9.51513708e-01 8.26087058e-01 5.09774327e-01 2.58694291e-01
    3.08222353e-01 7.67657399e-01 3.49506438e-01 1.41869158e-01
    9.31263328e-01 7.48144686e-01 3.47214341e-02 4.49235320e-01
    4.14009094e-02 3.33004206e-01 4.28479195e-01 7.93385923e-01
    2.57310182e-01 5.80257833e-01 8.52151394e-01 3.61739695e-02
    8.93093944e-01 6.69998288e-01 2.99331397e-01 0. 0. 0. 0. 0. 0. 0. 0.
    0. 0. 0. 0. 0. 0. 0. 0. 0. 0. 9.26794529e-01 7.24510849e-01
    3.38404477e-02 5.81319273e-01 4.69878912e-01 8.43850255e-01
    1.98147386e-01 5.53656459e-01 4.41196293e-01 3.22691053e-01
    8.70706201e-01 7.78397262e-01 9.58510578e-01 8.61249566e-01
    2.56312609e-01 6.35165095e-01 4.99266028e-01 5.01719594e-01
    7.19529629e-01 8.79603744e-01 3.38203311e-02 2.25605041e-01
    2.73914278e-01 6.51262164e-01 2.82628894e-01 7.95398951e-01
    5.08681655e-01 6.23227477e-01 2.63574421e-02 2.25128770e-01
    4.46752340e-01 5.32651484e-01 3.63991350e-01 3.69633138e-01
    4.27167684e-01 6.53700471e-01 9.36382771e-01 7.02577174e-01
    6.72083557e-01 4.22911316e-01 3.84841919e-01 8.28389883e-01
    8.14737141e-01 2.99972534e-01 4.67401743e-03 4.72116441e-01
    9.47131157e-01 2.91745067e-02 1.81584418e-01 9.59871769e-01
    6.55425370e-01 5.31013012e-01 6.37955010e-01 7.73356795e-01
    1.74932867e-01 5.59086800e-02 1.46723270e-01 8.27913642e-01
    4.90023553e-01 5.02127469e-01 1.41240954e-02 1.40951365e-01
    7.42505908e-01 1.29350305e-01 3.17829072e-01 2.46177912e-01
    7.06659019e-01 4.25507307e-01 2.99567372e-01 4.12678152e-01
    9.99948323e-01 5.30505121e-01 1.89358085e-01 1.77891791e-01
    2.19127804e-01 7.89609194e-01 4.84118789e-01 1.12277389e-01
    1.80691302e-01 4.10834104e-01 3.61097813e-01 9.31972384e-01
    9.00049329e-01 2.41081297e-01 8.88111472e-01 6.55752420e-01
    5.86018324e-01 1.40278101e-01 2.93489516e-01 8.91976535e-01
    8.61248374e-01 8.20409775e-01 6.87825322e-01 4.79676992e-01
    6.28634095e-02 1.17500305e-01 7.99969733e-01 3.29060197e-01
    9.63772118e-01 6.57716751e-01 9.38628674e-01 9.19177890e-01
    1.73462152e-01 2.74899960e-01 7.91117549e-01 1.27983481e-01
    7.44129896e-01 3.63018870e-01 9.56910849e-01 6.87938631e-01
    9.13405418e-01 8.89275491e-01 8.52575004e-02 2.99667001e-01
    5.29806077e-01 4.78108883e-01 5.51446915e-01 8.45170140e-01
    4.50924248e-01 7.48312950e-01 8.31628680e-01 7.05545902e-01
    9.71153677e-01 7.05041528e-01 5.37447810e-01 1.36477530e-01
    8.46203208e-01 3.28486621e-01 8.20155799e-01 3.39751482e-01
    4.60832894e-01 4.38214242e-01 3.11955452e-01 3.55933875e-01
    7.54195213e-01 4.66592669e-01 8.02216649e-01 5.44481277e-01
    6.91307247e-01 5.49409330e-01 3.73315990e-01 8.97836447e-01
    7.88264990e-01 3.52818072e-02 9.23606634e-01 2.63622642e-01
    7.28890896e-02 7.15263963e-01 6.05006337e-01 5.41277230e-01
    5.82622111e-01 2.00144380e-01 9.35326338e-01 7.76908278e-01
    2.94802189e-02 7.38789856e-01 8.16426396e-01 4.31346595e-01
    2.49185652e-01 4.25587356e-01 6.93580747e-01 5.86074412e-01
    4.76061940e-01 1.75234348e-01 8.21092665e-01 9.26202774e-01
    8.58289361e-01 8.39500666e-01 2.46342450e-01 2.70464540e-01
    7.64196396e-01 9.22349989e-02 4.30543125e-02 2.14797705e-01
    7.47460663e-01 7.95077920e-01 7.51429915e-01 6.61723256e-01
    6.70630574e-01 7.00066864e-01 5.84448636e-01 8.11965883e-01
    1.90666825e-01 8.10911059e-01 3.79111469e-02 6.63234830e-01
    7.22514451e-01 5.91712952e-01 5.34231782e-01 9.53537703e-01
    3.02205443e-01 1.29828990e-01 1.13334060e-02 6.74484611e-01
    7.50907183e-01 3.52724433e-01 4.92767841e-01 9.03783441e-01
    7.13203013e-01 5.44229150e-03 1.65064961e-01 7.62237132e-01
    8.19109678e-01 4.97844100e-01 8.76586556e-01 2.39161074e-01
    9.32253122e-01 2.40118980e-01 5.20193815e-01 9.99798536e-01
    4.05488402e-01 5.16302645e-01 1.29883230e-01 2.37306237e-01
    5.11212647e-02 1.84652716e-01 2.15877920e-01 1.09777302e-01
    4.66717631e-01 8.26883256e-01 8.48957300e-01 8.05440009e-01
    8.36061478e-01 7.21656621e-01 9.54752088e-01 4.29129660e-01
    6.29096806e-01 5.27398169e-01 2.64119118e-01 6.28384233e-01
    1.88112885e-01 8.91905129e-01 9.14998174e-01 2.86814511e-01
    6.42966509e-01 2.77896911e-01 2.79680252e-01 1.42451137e-01
    5.31465113e-02 3.25136185e-02 1.50219262e-01 7.30721414e-01
    8.18684816e-01 8.76869440e-01 5.62324107e-01 4.91283238e-02
    3.50891650e-02 9.48270261e-01 9.85261798e-03 6.68201745e-01
    3.20318580e-01 6.65694296e-01 5.87645710e-01 3.58899593e-01
    5.23793757e-01 7.77363896e-01 0. 0. 0. 0. 0. 0. 0. 0. 0. 0. 0. 0. 0.
    0. 0. 0. 0. 0. 7.16447651e-01 6.58870995e-01 3.85931224e-01
    3.13844949e-01 4.75513369e-01 7.76114762e-01 6.10349953e-01
    3.58558238e-01 9.96026099e-01 5.34404755e-01 3.44786078e-01
    5.70510864e-01 5.98749757e-01 9.83848333e-01 8.16011310e-01
    9.60333824e-01 5.50252497e-01 8.90653491e-01 2.48053968e-02
    1.00078136e-01 6.42849028e-01 4.01205689e-01 1.72070265e-02
    3.09762627e-01 5.92589200e-01 3.59622717e-01 1.38258517e-01
    3.83365095e-01 1.89868629e-01 9.27831531e-01 4.52235550e-01
    9.23743725e-01 4.91814941e-01 8.74449849e-01 9.35734391e-01
    6.50180817e-01 4.15526569e-01 2.51464218e-01 5.49397171e-01
    9.78466392e-01 9.74237800e-01 3.23845744e-02 8.25915933e-01
    4.74490225e-02 5.11980057e-01 5.85660815e-01 8.69611621e-01
    8.94673765e-01 3.72963458e-01 3.16827595e-01 4.95649606e-01
    4.06988472e-01 2.00111866e-01 6.67555213e-01 7.96317339e-01
    1.60966784e-01 2.62674332e-01 5.67923188e-02 9.58943665e-02
    9.68446851e-01 7.52658188e-01 8.02088618e-01 5.69401205e-01
    9.22967792e-01 9.51540053e-01 4.69937921e-01 6.95837557e-01
    5.16890287e-01 1.26177788e-01 6.52489781e-01 8.36189568e-01
    9.76982117e-02 5.72045028e-01 3.40901673e-01 1.92702115e-01
    2.56986886e-01 7.76448369e-01 6.17398918e-02 2.27252841e-02
    4.36051428e-01 4.13776100e-01 4.93979156e-02 6.88506067e-01
    5.16234040e-02 4.49095219e-01 5.48178434e-01 3.91369373e-01
    3.95712078e-01 9.43448424e-01 4.56429720e-02 1.04427040e-02
    6.58114433e-01 5.51981747e-01 8.10704470e-01 4.27727103e-01
    6.80053830e-02 1.19233876e-01 2.41979420e-01 1.22886896e-02
    3.30396116e-01 3.77710253e-01 5.33933163e-01 1.84569597e-01
    5.50357640e-01 4.55960870e-01 2.41747499e-02 2.25979775e-01
    8.67470324e-01 3.37475419e-01 7.38025308e-01 5.41103363e-01
    4.79545027e-01 5.42160571e-01 1.79873854e-01 2.93656617e-01
    5.86095750e-02 3.83366764e-01 8.94156814e-01 5.72314560e-01
    7.22332656e-01 8.20535362e-01 1.07369572e-01 8.39812279e-01
    8.57706666e-02 5.80695271e-01 2.83948004e-01 3.50008368e-01
    3.58548105e-01 2.58383483e-01 4.48103100e-01 9.99954104e-01
    7.31281638e-01 6.81358278e-02 6.90740705e-01 3.61358881e-01
    6.21638298e-01 2.70170927e-01 7.60510206e-01 4.29080695e-01
    1.55724287e-01 9.95459914e-01 7.64769971e-01 8.95548224e-01
    9.12034631e-01 8.84233594e-01 6.10477805e-01 5.19496739e-01
    4.34895456e-02 3.37087899e-01 2.25490034e-01 2.99408376e-01
    5.18487692e-01 1.88781917e-01 2.38590956e-01 1.36423141e-01
    1.93573684e-01 3.29875380e-01 3.81665677e-01 5.12809217e-01
    1.04185373e-01 9.28336978e-01 5.99279106e-02 8.57243896e-01
    4.38322097e-01 7.97446072e-01 8.34587514e-01 1.73217744e-01
    7.97191262e-01 1.54457986e-01 7.73605227e-01 8.69647801e-01
    4.04091716e-01 8.43636751e-01 2.76600540e-01 3.40808272e-01
    1.20534241e-01 8.33839417e-01 3.12066853e-01 3.32231224e-01
    6.87178373e-01 6.81004584e-01 7.15809703e-01 5.98887324e-01
    3.85029435e-01 7.53616512e-01 6.82558775e-01 5.91196954e-01
    7.67982244e-01 6.48353934e-01 3.42338324e-01 8.34289849e-01
    1.02510333e-01 3.74426901e-01 6.27990246e-01 5.37409008e-01
    7.50463307e-01 1.23920053e-01 3.97569954e-01 6.24413252e-01
    9.54171956e-01 5.75388670e-01 6.72258437e-02 2.93984592e-01
    7.90711164e-01 1.55524135e-01 2.83674806e-01 8.89603972e-01
    9.39391851e-01 5.39263189e-01 8.79497290e-01 2.73817539e-01
    5.45627356e-01 7.89413393e-01 4.79650557e-01 1.96490824e-01
    8.50107551e-01 6.52464390e-01 1.54004276e-01 3.50118995e-01
    7.60412991e-01 5.08822680e-01 2.49676406e-02 4.37315106e-01
    5.86010277e-01 1.68006688e-01 3.78461570e-01 2.86313713e-01
    8.37268233e-01 8.00429821e-01 8.63802791e-01 2.37472206e-01
    6.73085809e-01 9.34589624e-01 4.69409853e-01 2.34514415e-01
    8.69917989e-01 7.61833727e-01 1.96731478e-01 4.66738433e-01
    9.00710464e-01 5.00772715e-01 6.24706328e-01 5.29203713e-01
    6.47595406e-01 2.41405189e-01 6.13213420e-01 3.63331318e-01
    6.87014461e-01 2.20129400e-01 9.75932181e-01 5.71712494e-01
    6.81967199e-01 8.82619321e-02 5.71065247e-01 5.05480886e-01
    9.59774315e-01 0. 0. 0. 0. 0. 0. 0. 0. 0. 0. 0. 0. 0. 0. 0. 0. 0. 0.
    5.87632120e-01 8.85978162e-01 8.38662267e-01 4.91353691e-01
    9.43844438e-01 4.91650373e-01 8.32003236e-01 4.75444496e-02
    9.32098210e-01 2.55785048e-01 1.22029960e-01 7.27788389e-01
    8.00927341e-01 5.46573639e-01 4.92990136e-01 4.42967504e-01
    8.20491254e-01 2.76346564e-01 7.87742496e-01 6.21311903e-01
    1.00340009e-01 9.82194185e-01 8.62242937e-01 8.66984248e-01
    4.32475924e-01 6.39223635e-01 5.51157415e-01 8.98892641e-01
    5.51671922e-01 7.19028473e-01 9.13406074e-01 9.14329290e-03
    8.31800222e-01 9.01352286e-01 7.87835121e-01 4.61085647e-01
    8.70534778e-01 8.94905686e-01 3.49872291e-01 8.84185195e-01
    5.58536291e-01 3.85106206e-02 8.89150023e-01 8.50713432e-01
    6.24976695e-01 9.72387493e-01 2.31408477e-01 7.91354597e-01
    7.79808879e-01 3.62214029e-01 6.14605308e-01 1.05683208e-02
    7.95050859e-01 7.49336243e-01 1.07958883e-01 9.90480185e-01
    3.44230711e-01 9.54838514e-01 8.79690289e-01 9.08884645e-01
    4.65921462e-02 5.67197204e-01 1.11178845e-01 2.33502567e-01
    9.99600768e-01 5.07625222e-01 9.95608687e-01 1.27342075e-01
    1.24813914e-02 5.71931899e-02 9.39448953e-01 4.22810167e-01
    4.27532554e-01 4.48014677e-01 9.01243448e-01 4.45092171e-01
    8.28865767e-01 9.31573808e-01 6.15236223e-01 7.93696046e-01
    2.98416734e-01 6.68336034e-01 2.71100521e-01 6.05595767e-01
    3.88003886e-02 3.02266121e-01 3.64545763e-01 8.49473119e-01
    2.76551902e-01 6.64208949e-01 7.13304520e-01 3.51528287e-01
    9.15522695e-01 7.47737408e-01 8.66185546e-01 7.76949286e-01
    8.84680331e-01 6.10479712e-01 6.82879865e-01 3.93199325e-01
    9.44240451e-01 3.66739362e-01 3.17835242e-01 9.52078223e-01
    6.26829863e-01 1.42702609e-01 5.51278830e-01 8.77568722e-01
    8.00085962e-02 2.74489641e-01 7.02714443e-01 7.79278994e-01
    5.57976246e-01 4.44526166e-01 8.73837948e-01 3.15080494e-01
    9.70788002e-02 7.70393908e-02 8.35319042e-01 2.71814585e-01
    1.36917979e-01 1.12761974e-01 7.52584100e-01 5.60733318e-01
    6.33286655e-01 7.05656171e-01 7.86104202e-01 9.44229543e-01
    1.63492024e-01 5.32959163e-01 2.25476444e-01 3.67514789e-02
    2.08114594e-01 7.37700105e-01 5.43306470e-02 4.88090217e-02
    9.70593691e-01 2.71105915e-01 3.45388055e-03 9.67127442e-01
    7.31623471e-02 9.05825555e-01 3.17685485e-01 8.52554440e-01
    5.37904799e-01 8.82117569e-01 6.61048293e-01 1.87929869e-01
    4.39216197e-01 8.92453790e-01 5.11621416e-01 3.83630455e-01
    4.65943128e-01 6.51611805e-01 9.78136182e-01 9.83125806e-01
    9.89054203e-01 8.23459744e-01 6.40087426e-01 5.84864318e-01
    5.49501181e-01 4.33001697e-01 5.75224698e-01 3.68957728e-01
    4.12473351e-01 6.00069344e-01 4.38482672e-01 3.23961020e-01
    3.11872363e-01 4.77494031e-01 5.95711350e-01 9.81557488e-01
    4.84258741e-01 1.91016644e-01 8.68371010e-01 8.93165350e-01
    8.48068893e-02 2.57813126e-01 5.47902346e-01 3.04351360e-01
    1.34271711e-01 7.42105961e-01 3.59771401e-01 9.64786172e-01
    5.87134898e-01 4.00493354e-01 9.25742149e-01 8.11841428e-01
    8.25283647e-01 2.38099992e-01 1.11080170e-01 1.57099456e-01
    7.30360985e-01 3.46814573e-01 9.51249242e-01 8.44598830e-01
    6.68821216e-01 5.50768733e-01 6.30056024e-01 7.44414806e-01
    8.53863955e-01 1.97547376e-01 3.50802928e-01 4.29678589e-01
    6.05638623e-01 9.79620218e-01 9.61077690e-01 3.32356453e-01
    3.80483925e-01 4.67537552e-01 1.42638862e-01 7.33377337e-01
    2.37368882e-01 4.14917409e-01 7.55029678e-01 1.75680935e-01
    5.72645903e-01 7.92060554e-01 4.70051050e-01 7.67958462e-01
    4.61946547e-01 2.24437237e-01 7.63324678e-01 3.74068677e-01
    6.15852952e-01 7.93692470e-01 9.03636932e-01 1.20798498e-01
    5.61536372e-01 6.04659140e-01 3.07260066e-01 2.20142305e-01
    4.57083166e-01 4.63523030e-01 4.04102743e-01 5.28606653e-01
    8.43618989e-01 5.16877353e-01 8.72317016e-01 1.88753515e-01
    3.55676651e-01 4.29271191e-01 4.42400575e-01 5.43602884e-01
    2.65534192e-01 6.08973026e-01 2.14329094e-01 5.04866600e-01
    3.07860315e-01 8.42498660e-01 5.04239917e-01 2.95565009e-01
    2.78472245e-01 7.08808303e-01 5.36068082e-02 7.64680803e-02 0. 0. 0.
    0. 0. 0. 0. 0. 0. 0. 0. 0. 0. 0. 0. 0. 0. 0. 1.35501504e-01
    5.04468799e-01 4.15051252e-01 1.30120218e-01 7.08650529e-01
    5.32355964e-01 8.41122329e-01 9.06276107e-02 3.76483828e-01
    9.16088104e-01 8.87760520e-01 9.83643532e-01 6.55377865e-01
    3.34705830e-01 1.38301104e-01 1.21537149e-01 6.86543643e-01
    9.43385780e-01 9.40094829e-01 8.71998668e-01 2.93112278e-01
    7.50634432e-01 9.10957456e-01 2.12463409e-01 3.14711928e-02
    7.88708746e-01 6.46620989e-03 3.57469738e-01 5.26738584e-01
    7.32952595e-01 1.45897508e-01 7.42630064e-01 5.31229854e-01
    4.16533917e-01 9.37263548e-01 4.52976704e-01 9.59874272e-01
    7.70246148e-01 6.26536369e-01 6.11448705e-01 6.56975448e-01
    2.54473776e-01 4.89424467e-01 6.62882209e-01 9.68652725e-01
    2.50805795e-01 3.79776955e-02 6.32269204e-01 7.92118907e-03
    3.66126329e-01 8.23743939e-01 6.17837846e-01 2.71158010e-01
    7.55533576e-03 5.49111187e-01 2.48123527e-01 8.57230783e-01
    8.12611878e-01 2.70356774e-01 2.52533734e-01 6.10494018e-01
    1.59286290e-01 1.38344973e-01 7.04160213e-01 5.50645113e-01
    9.50596035e-01 2.59608328e-02 4.03097957e-01 7.32951462e-02
    8.26388001e-02 4.41789478e-01 6.01753592e-02 7.42742181e-01
    4.36642945e-01 7.38017261e-01 8.13581944e-01 5.01618564e-01
    9.40901041e-01 7.94651031e-01 7.76612818e-01 2.87194848e-02
    1.63979530e-01 5.02695799e-01 8.21282029e-01 3.69249940e-01
    4.44913268e-01 2.18192756e-01 8.96384001e-01 3.58742565e-01
    8.41677785e-01 6.86729908e-01 8.04253221e-01 4.39243555e-01
    6.25985146e-01 3.48894358e-01 2.27958441e-01 6.18919015e-01
    8.17531228e-01 1.63688749e-01 4.48591650e-01 9.94042158e-02
    2.30593681e-02 9.04734194e-01 1.07361823e-01 2.17340440e-01
    6.99578524e-01 6.39864445e-01 2.34453887e-01 5.93703270e-01
    2.80869305e-02 4.90217298e-01 5.23246527e-02 9.65844631e-01
    1.90075934e-01 8.73388171e-01 6.67536855e-01 2.17158139e-01
    2.89866328e-03 5.65401971e-01 2.61987448e-02 4.66590047e-01
    8.11841786e-02 1.76724702e-01 3.09816658e-01 6.27808511e-01
    7.35186100e-01 2.55604327e-01 4.07417119e-02 6.69268727e-01
    5.72686315e-01 6.62343502e-01 2.82550335e-01 6.43828213e-01
    7.17728794e-01 7.91448474e-01 3.52358341e-01 5.63353837e-01
    6.81375146e-01 7.10875869e-01 7.03160465e-01 2.43059427e-01
    1.17950171e-01 8.04141641e-01 5.12656569e-03 9.00387883e-01
    1.61801994e-01 4.13374156e-01 6.65687919e-01 6.36390388e-01
    7.58784115e-01 7.21098661e-01 7.13276744e-01 3.90849262e-01
    8.94310474e-01 8.68700147e-02 3.39075685e-01 1.61716521e-01
    3.49964529e-01 6.80034459e-02 5.52268922e-02 7.52393067e-01
    7.82281399e-01 5.03921568e-01 7.50767648e-01 3.93354565e-01
    7.15510011e-01 4.26750809e-01 2.99199820e-01 8.62023711e-01
    3.63528967e-01 1.53050125e-02 3.18552077e-01 8.87989402e-01
    1.49378330e-01 4.98838812e-01 5.96597433e-01 2.93362677e-01
    3.70543659e-01 6.21394873e-01 7.87182808e-01 7.63582110e-01
    4.77703363e-01 5.30199170e-01 6.17510080e-02 1.15009040e-01
    4.13193583e-01 5.61632574e-01 7.34594643e-01 5.10181069e-01
    5.23433685e-01 2.02361315e-01 5.09021401e-01 5.16919136e-01
    8.79826546e-02 2.88896978e-01 8.99335444e-02 4.84489590e-01
    2.39861935e-01 9.24176216e-01 5.74396372e-01 1.20637834e-01
    3.68837893e-01 6.96841776e-02 6.13737643e-01 8.53540778e-01
    9.53048587e-01 9.41846609e-01 2.56141424e-02 8.38269949e-01
    1.33136183e-01 6.53120995e-01 8.57729912e-01 3.44500065e-01
    3.89556885e-01 5.06908298e-01 7.28316665e-01 3.59180033e-01
    7.94988036e-01 6.23892903e-01 9.58176553e-01 7.68464446e-01
    4.58168209e-01 8.19335699e-01 3.40340555e-01 1.78528249e-01
    1.70235664e-01 5.45725822e-02 8.89144540e-01 9.00260568e-01
    3.17206293e-01 8.02405477e-01 8.41098666e-01 4.81961608e-01
    4.53602910e-01 3.09708744e-01 1.51265413e-01 7.49240994e-01
    5.45310974e-02 3.30206901e-01 9.70745742e-01 3.48404944e-02
    1.96117580e-01 7.31781125e-03 3.78212333e-01 7.70324945e-01
    1.84274524e-01 1.12057626e-02 8.69022310e-02 3.43480885e-01
    9.01982069e-01 5.37323058e-01 7.86764205e-01 1.77673638e-01
    4.81235087e-02 2.65022278e-01 2.70418286e-01 0. 0. 0. 0. 0. 0. 0. 0.
    0. 0. 0. 0. 0. 0. 0. 0. 0. 0. 7.04093695e-01 9.88183141e-01
    5.32341301e-02 2.86844492e-01 9.29305792e-01 4.41442937e-01
    6.41043782e-01 4.01051044e-02 3.15162510e-01 6.59916401e-01
    6.53458238e-01 4.89181578e-02 9.47889507e-01 7.76980877e-01
    5.28988540e-01 5.17371655e-01 1.05277151e-01 6.15754366e-01
    7.85786271e-01 4.53193188e-02 3.61920893e-01 9.97434378e-01
    6.35946393e-02 6.59259081e-01 5.75004578e-01 6.67080224e-01
    9.30641472e-01 8.96942019e-02 3.93481106e-01 8.60930085e-01
    6.99860394e-01 4.01832402e-01 3.61491233e-01 3.62289310e-01
    6.58811390e-01 7.41027355e-01 9.97647166e-01 2.57147431e-01
    5.70346713e-02 3.07904840e-01 8.82609963e-01 5.04287720e-01
    4.29119766e-01 6.05324686e-01 9.93132055e-01 9.85462546e-01
    7.44628072e-01 3.10773432e-01 9.15127754e-01 4.43107963e-01
    7.11615980e-01 1.19206905e-02 3.74909818e-01 1.49051636e-01
    2.76178122e-04 2.54257619e-01 6.41992629e-01 1.44259125e-01
    7.64331162e-01 4.43957746e-01 2.15146601e-01 6.75593257e-01
    5.52332938e-01 3.82336050e-01 7.84514785e-01 9.67725635e-01
    3.64709258e-01 4.63891089e-01 3.03471565e-01 6.11476481e-01
    9.71206188e-01 8.39969575e-01 6.24163032e-01 4.22051191e-01
    9.71412539e-01 1.72176152e-01 9.73191381e-01 3.59626353e-01
    3.72005105e-02 6.10316873e-01 4.07635689e-01 6.25668228e-01
    3.17446053e-01 7.69367337e-01 1.96813881e-01 1.80918127e-01
    1.18238509e-01 4.77134585e-02 8.09022307e-01 7.60164857e-01
    5.58950603e-02 7.13206768e-01 9.05477881e-01 6.56576455e-01
    2.25372851e-01 1.21354192e-01 6.27739429e-01 3.38683963e-01
    9.44515944e-01 5.89943230e-01 6.27938867e-01 9.44853246e-01
    7.95064926e-01 7.50311375e-01 8.08094680e-01 2.06992328e-01
    2.00536847e-03 1.54825836e-01 1.87396824e-01 6.18446827e-01
    9.48160172e-01 3.85281444e-02 5.77642620e-01 8.14679861e-01
    1.69011682e-01 1.94327921e-01 4.03972745e-01 2.99694419e-01
    4.95559633e-01 6.29342079e-01 5.15199363e-01 1.18468732e-01
    9.27750289e-01 5.01749158e-01 9.85153913e-02 6.25646412e-02
    5.97037792e-01 5.12239993e-01 4.41342771e-01 8.63917172e-01
    4.71155494e-01 8.32523942e-01 3.13295007e-01 1.40435010e-01
    4.24471557e-01 3.61923367e-01 4.10443544e-03 7.23298132e-01
    4.32355195e-01 9.58252847e-02 5.40845454e-01 1.08046174e-01
    6.19091272e-01 6.44331574e-01 3.97382677e-02 2.22274750e-01
    1.50206476e-01 2.59048343e-01 3.05744022e-01 8.70986402e-01
    3.28282416e-01 1.86848700e-01 8.11381817e-01 9.19055820e-01
    7.62291551e-02 9.03809547e-01 6.96348727e-01 7.59202898e-01
    2.84422636e-02 3.83649588e-01 3.55455488e-01 7.89189935e-01
    3.27047408e-01 1.28310144e-01 3.55031431e-01 8.34919930e-01
    3.34445536e-02 5.80724359e-01 1.52607024e-01 3.79844338e-01
    9.74465728e-01 6.90296531e-01 5.13329446e-01 8.93291056e-01
    6.93789124e-01 3.05854201e-01 8.25260282e-02 6.83902502e-01
    3.75420064e-01 3.03201318e-01 6.73456311e-01 9.59383965e-01
    5.47655225e-01 2.90684462e-01 7.16750383e-01 7.13990569e-01
    4.58773851e-01 8.31986666e-01 3.28889906e-01 9.22545373e-01
    1.81472301e-03 4.59598720e-01 2.31028914e-01 7.26698875e-01
    3.29125285e-01 9.49786007e-02 2.10193813e-01 6.68426991e-01
    9.39644873e-02 8.20612550e-01 2.35306263e-01 5.52948058e-01
    3.28813493e-01 1.31541848e-01 5.51896751e-01 3.10280919e-02
    7.87941575e-01 9.95675683e-01 5.82013547e-01 4.15052384e-01
    1.32727623e-03 1.76527560e-01 3.40185910e-01 3.85028094e-01
    9.29634094e-01 1.32159531e-01 7.92241991e-01 7.22138047e-01
    6.06927395e-01 6.42019629e-01 5.89397490e-01 7.16439009e-01
    4.84363854e-01 1.00759834e-01 7.95074821e-01 3.08752537e-01
    6.64117038e-02 3.02018046e-01 7.08037794e-01 4.70742226e-01
    3.34632993e-02 4.01496887e-01 3.10981274e-01 7.68925011e-01
    4.09927398e-01 9.71764445e-01 9.85182166e-01 5.33901274e-01
    2.74038017e-01 4.34377521e-01 7.71533847e-01 4.34539914e-01
    5.19248009e-01 8.90568674e-01 7.54964054e-02 2.47361422e-01
    6.66191578e-02 1.20415658e-01 6.25430465e-01 3.78824174e-02
    4.41273123e-01 4.65708971e-02 9.33424234e-01 7.56812930e-01
    3.47509503e-01 1.96209162e-01 0. 0. 0. 0. 0. 0. 0. 0. 0. 0. 0. 0. 0.
    0. 0. 0. 0. 0. 8.78015637e-01 4.04869378e-01 2.29942292e-01
    1.41191781e-02 1.78389519e-01 9.77568626e-02 4.85935509e-01
    3.16942453e-01 6.50457621e-01 8.47021580e-01 7.73526788e-01
    6.95774436e-01 7.19425440e-01 4.29894924e-02 7.33623326e-01
    1.56510860e-01 2.35678732e-01 5.85399270e-01 7.47692466e-01
    9.69038904e-01 8.71790528e-01 4.86993492e-02 8.98951411e-01
    3.18047047e-01 8.48563790e-01 1.03208244e-01 6.85665727e-01
    2.56896734e-01 9.93566871e-01 4.43292946e-01 8.95245850e-01
    2.59372741e-01 1.66011453e-01 7.90972471e-01 2.29437917e-01
    3.37670922e-01 7.47460186e-01 5.12102664e-01 6.20843232e-01
    2.79927552e-01 9.28480923e-02 5.28980911e-01 1.30237877e-01
    3.16784650e-01 4.07990068e-01 5.98818123e-01 7.37629116e-01
    9.02420521e-01 2.45775700e-01 9.78322506e-01 3.32162112e-01
    9.92369533e-01 9.89108801e-01 7.31424391e-01 6.14599764e-01
    6.42160535e-01 8.77083302e-01 9.76121664e-01 8.29484105e-01
    7.34376371e-01 5.25727689e-01 6.57653749e-01 3.41158330e-01
    8.87997389e-01 6.24914050e-01 9.60758865e-01 4.01352912e-01
    5.75309753e-01 6.35625422e-02 3.70888650e-01 2.01651484e-01
    7.54017115e-01 9.01977420e-01 1.07432276e-01 5.19007921e-01
    5.26062310e-01 9.57329214e-01 5.38365066e-01 5.91584921e-01
    8.37977171e-01 2.00104684e-01 3.99840087e-01 7.70388246e-01
    1.60385728e-01 9.15427446e-01 1.04298145e-01 3.31113428e-01
    5.70390940e-01 5.55045366e-01 4.62138206e-01 2.82588840e-01
    7.05321789e-01 8.64687502e-01 2.27965027e-01 3.88592899e-01
    2.12563038e-01 2.75495052e-01 7.01697826e-01 8.74884725e-01
    3.03704530e-01 8.96501184e-01 4.17396367e-01 2.21507430e-01
    9.43613291e-01 3.56370330e-01 1.85099244e-03 2.74695218e-01
    7.96145201e-01 6.38967097e-01 9.08543706e-01 5.43702841e-01
    3.44765723e-01 5.38574636e-01 8.50513458e-01 2.64856935e-01
    9.96890664e-03 5.37682772e-01 4.94286627e-01 6.37058675e-01
    5.88039994e-01 6.00708008e-01 6.91270351e-01 1.51423365e-01
    1.18990719e-01 6.71318054e-01 8.92692864e-01 5.80057204e-01
    4.52600271e-01 9.23551202e-01 2.47610182e-01 2.97933757e-01
    5.53484023e-01 3.08977783e-01 1.38295650e-01 1.66853011e-01
    3.34866226e-01 9.68198419e-01 8.42424035e-01 1.39824331e-01
    3.73441368e-01 2.45517135e-01 1.14760280e-01 1.21220112e-01
    5.31769454e-01 1.12494677e-01 5.24998903e-02 1.34869695e-01
    7.76401043e-01 2.25849926e-01 9.45900321e-01 3.88427794e-01
    7.41508722e-01 4.22105402e-01 7.06548333e-01 3.10496032e-01
    1.57956034e-01 2.85657287e-01 5.47792614e-02 1.17716968e-01
    4.94976044e-02 8.82776260e-01 7.38450646e-01 4.92401302e-01
    2.67028034e-01 1.89737052e-01 9.82788861e-01 7.54582942e-01
    7.49444425e-01 7.46278644e-01 3.31995189e-01 1.08050287e-01
    7.42902756e-01 9.54138160e-01 6.95289612e-01 3.60965192e-01
    1.36685818e-01 4.16479588e-01 3.17650497e-01 6.99465692e-01
    6.57542348e-01 1.59244567e-01 1.33705229e-01 5.16544640e-01
    3.53804767e-01 7.72348344e-02 3.45016062e-01 4.78661060e-01
    5.78335702e-01 9.37788963e-01 3.08888823e-01 6.57054961e-01
    7.23014295e-01 8.79167438e-01 4.82673556e-01 6.43308043e-01
    1.52096897e-01 7.06438363e-01 7.01358438e-01 6.67688131e-01
    7.38944590e-01 1.55898452e-01 6.77855909e-01 6.12348676e-01
    4.44203287e-01 5.59613705e-01 1.90643072e-02 3.49594593e-01
    8.04051638e-01 5.56901097e-01 4.40710604e-01 1.70344710e-01
    1.82973206e-01 8.36901069e-01 9.06533420e-01 5.83923578e-01
    8.87644649e-01 8.01340461e-01 6.40297711e-01 1.46689594e-01
    4.28901315e-02 8.44711959e-01 1.97773129e-01 5.99979341e-01
    4.37633634e-01 3.15601051e-01 9.51027036e-01 7.44352341e-01
    3.91718447e-02 5.71535468e-01 7.83172727e-01 2.56135046e-01
    5.20967185e-01 4.48171049e-01 1.91804528e-01 7.70006418e-01
    9.56657767e-01 6.57059789e-01 9.84545827e-01 4.93944496e-01
    1.52330011e-01 5.50944388e-01 1.51480287e-01 1.13214016e-01
    2.68322408e-01 1.74871325e-01 4.89413619e-01 4.30070311e-01
    7.27344275e-01 4.29546833e-02 1.99232012e-01 2.01653332e-01
    8.10406446e-01 9.61308777e-02 8.92917275e-01 8.93595934e-01
    6.17842555e-01 0. 0. 0. 0. 0. 0. 0. 0. 0. 0. 0. 0. 0. 0. 0. 0. 0. 0.
    8.67400646e-01 7.54462004e-01 5.52573442e-01 7.23880351e-01
    6.90655649e-01 9.35500562e-01 9.68927503e-01 4.02696371e-01
    8.23573768e-02 9.35294449e-01 8.89199913e-01 7.79993057e-01
    5.63787878e-01 4.26633000e-01 3.66512477e-01 1.87135339e-01
    2.15339452e-01 1.27789229e-01 1.81973338e-01 5.85720360e-01
    1.78169131e-01 6.78444088e-01 3.03246796e-01 2.53286660e-01
    6.89812839e-01 1.63239419e-01 6.61851645e-01 5.62480450e-01
    1.58369839e-01 4.16281819e-02 5.63694894e-01 1.14437699e-01
    9.09164429e-01 2.65407205e-01 4.72702384e-01 5.54469287e-01
    6.89369082e-01 6.39312863e-01 8.89532328e-01 6.62423074e-01
    6.87521517e-01 7.67151117e-01 1.03155732e-01 5.59595108e-01
    5.88344812e-01 4.15329367e-01 7.18593001e-01 1.98593855e-01
    7.53797829e-01 8.08927894e-01 2.98498422e-01 6.91934228e-01
    4.72502619e-01 5.43994844e-01 1.80920810e-01 3.84481966e-01
    9.74893928e-01 6.42955959e-01 4.23224002e-01 2.00064808e-01
    4.71723437e-01 4.04565632e-02 1.23369843e-01 3.09883893e-01
    5.40024817e-01 2.26543605e-01 7.08675444e-01 1.83965176e-01
    2.46377945e-01 2.66570210e-01 2.17882216e-01 7.01567888e-01
    4.64149445e-01 2.68199146e-01 1.95564270e-01 3.55318815e-01
    7.87379563e-01 1.54388309e-01 1.23929381e-02 7.28498995e-01
    9.71456409e-01 1.90455824e-01 5.63787103e-01 7.57882953e-01
    8.41336727e-01 6.12613261e-01 5.08530855e-01 2.78625607e-01
    6.05887413e-01 6.08815491e-01 7.90003538e-01 4.38417375e-01
    3.46415699e-01 6.07535839e-01 8.93074512e-01 2.94862747e-01
    9.86040831e-02 5.45349717e-02 6.73800349e-01 4.99100655e-01
    4.98640656e-01 1.39458776e-02 8.29004049e-01 5.06770372e-01
    6.81089163e-01 4.04448092e-01 4.23323780e-01 1.58000737e-01
    1.58690721e-01 3.57519627e-01 1.33025169e-01 8.42318535e-01
    5.81956387e-01 1.73898965e-01 9.74459052e-01 1.80787176e-01
    6.72561526e-02 2.72032112e-01 2.97647655e-01 9.19243574e-01
    4.38172519e-01 1.90077662e-01 6.64038479e-01 2.06032753e-01
    6.39010668e-01 9.76145148e-01 6.71120822e-01 6.79500103e-02
    8.13432455e-01 7.05170274e-01 6.34520948e-01 4.62673634e-01
    7.48486161e-01 9.01200533e-01 5.80684483e-01 1.32518709e-02
    9.20139849e-01 2.80473202e-01 5.05367398e-01 2.96020865e-01
    9.63014662e-01 5.45624793e-01 4.20388967e-01 2.36385733e-01
    7.78645456e-01 5.52842796e-01 7.68361032e-01 1.70336187e-01
    7.89027691e-01 7.93069303e-02 9.88624156e-01 4.76512313e-01
    3.16636324e-01 9.42213595e-01 4.23051447e-01 7.96349883e-01
    8.72580767e-01 8.98422897e-01 6.06572628e-02 7.38588214e-01
    9.54792976e-01 8.42302918e-01 1.17336035e-01 4.60682482e-01
    1.78754687e-01 8.17068577e-01 5.55896997e-01 4.50819463e-01
    9.96572554e-01 1.81009322e-01 3.04749548e-01 1.16113037e-01
    7.27451146e-01 5.11844635e-01 2.33013391e-01 5.68056703e-01
    6.64050639e-01 8.33108127e-02 3.63633275e-01 2.17707455e-02
    6.47278428e-02 9.38499093e-01 2.62261689e-01 5.19798994e-01
    7.08952904e-01 6.74540102e-02 7.16143250e-02 1.18087828e-01
    3.59090924e-01 3.03688079e-01 5.72163880e-01 4.16370064e-01
    4.00418729e-01 5.16468585e-01 7.02794373e-01 9.30390835e-01
    4.55576807e-01 7.37452626e-01 5.74505925e-02 4.39319909e-01
    9.31677580e-01 9.57010806e-01 1.06172413e-01 8.25741649e-01
    1.82646900e-01 6.87186122e-01 1.20275497e-01 1.04590356e-01
    2.61690736e-01 6.91860735e-01 4.15102720e-01 8.77131224e-01
    7.10537076e-01 2.61427164e-01 6.44178152e-01 8.09960723e-01
    2.68428564e-01 3.78717959e-01 6.69103861e-01 2.07455844e-01
    1.24312788e-01 5.82390666e-01 9.25103188e-01 1.15231544e-01
    2.57579625e-01 7.68651009e-01 7.52048612e-01 6.56517744e-01
    2.13977516e-01 2.36111015e-01 2.46649981e-03 7.78215647e-01
    2.37601280e-01 6.87796354e-01 6.05447710e-01 5.13272703e-01
    6.66456938e-01 6.67651355e-01 4.82600987e-01 5.23573339e-01
    8.89425278e-01 9.96404886e-01 2.48983979e-01 9.59200978e-01
    7.78147101e-01 2.99188733e-01 6.62394643e-01 1.63575053e-01
    4.75537002e-01 5.62834382e-01 7.09560454e-01 2.51437634e-01
    6.89333975e-02 3.96529317e-01 9.02293921e-02 9.69788432e-01 0. 0. 0.
    0. 0. 0. 0. 0. 0. 0. 0. 0. 0. 0. 0. 0. 0. 0. 1.66175634e-01
    6.89450800e-01 8.83939505e-01 8.96099508e-01 3.09627652e-01
    5.32776594e-01 2.56671071e-01 4.45859849e-01 6.26318693e-01
    7.11608231e-02 2.11217523e-01 2.89571524e-01 6.25380278e-01
    4.74936247e-01 1.56602859e-01 3.13169003e-01 4.70039845e-01
    1.48179561e-01 6.58146262e-01 8.74313235e-01 3.48190874e-01
    7.78042614e-01 9.29724693e-01 6.00943744e-01 8.15724313e-01
    4.59957421e-01 8.94997895e-01 7.53680825e-01 9.79448915e-01
    1.79125577e-01 5.56834698e-01 7.91465044e-01 5.09699285e-01
    5.22086740e-01 6.64632916e-02 4.45593119e-01 5.30110657e-01
    9.41558599e-01 3.68735194e-02 2.08126396e-01 9.80481207e-02
    9.19628084e-01 3.33610237e-01 9.55018640e-01 4.91653562e-01
    2.72069395e-01 5.56484461e-01 7.42833495e-01 6.72021866e-01
    3.80589664e-02 8.93699050e-01 1.50137961e-01 8.95222962e-01
    3.18747431e-01 5.32223582e-02 7.96265960e-01 5.80659509e-01
    5.92312396e-01 1.96423829e-01 5.61195135e-01 8.37402940e-01
    6.25931263e-01 7.78975785e-01 1.88264906e-01 6.45918727e-01
    5.74452400e-01 2.67699897e-01 5.45694947e-01 6.01134539e-01
    6.68102086e-01 4.10995424e-01 9.46974397e-01 8.59691799e-01
    1.22956961e-01 2.80491829e-01 3.80754679e-01 4.03355062e-02
    8.17026615e-01 5.06792307e-01 2.71291018e-01 1.26190931e-01
    3.45669329e-01 4.28645551e-01 3.26705635e-01 3.87517512e-02
    8.33419561e-01 4.94384319e-01 1.13108367e-01 1.16719633e-01
    5.69435835e-01 2.09690899e-01 8.68762493e-01 7.26449966e-01
    3.44219804e-01 3.83755952e-01 9.01090503e-02 8.91561151e-01
    9.25992191e-01 1.84828937e-02 2.59871066e-01 2.95319915e-01
    6.48288250e-01 1.43780142e-01 6.83817267e-01 2.69537061e-01
    3.33350748e-01 8.29968095e-01 5.84075749e-02 1.18013918e-02
    7.97416925e-01 6.11360610e-01 4.37246472e-01 5.83285153e-01
    9.14488614e-01 8.79573941e-01 3.00551355e-02 4.16211247e-01
    9.79212403e-01 8.12282979e-01 8.33231688e-01 8.86489391e-01
    8.15569818e-01 5.49771726e-01 3.84248257e-01 8.34892750e-01
    1.80855691e-01 6.06334209e-03 1.73771560e-01 3.13140094e-01
    5.27158380e-03 2.42149830e-01 1.07871532e-01 5.12443721e-01
    4.03898805e-01 2.12621748e-01 1.81896925e-01 2.39752948e-01
    6.44139588e-01 6.80045962e-01 4.43403423e-01 5.87589622e-01
    1.44395828e-01 4.71098691e-01 5.62270880e-01 3.36438060e-01
    3.98450047e-01 2.26524472e-02 7.04771698e-01 9.55589533e-01
    2.57188022e-01 6.29603863e-04 4.74204123e-01 3.42106700e-01
    2.90150732e-01 7.63383865e-01 5.20835280e-01 4.76129204e-01
    6.53970718e-01 4.41745728e-01 1.46041363e-01 3.86602670e-01
    3.28751415e-01 6.63699031e-01 2.59171903e-01 2.42866695e-01
    4.49757218e-01 7.88469791e-01 9.78426933e-01 7.47828424e-01
    4.42591608e-01 1.22266293e-01 8.43657732e-01 1.56250685e-01
    9.09429371e-01 5.81034124e-02 7.48537183e-02 9.37997401e-02
    8.95170569e-01 5.30505121e-01 1.80605143e-01 4.81462538e-01
    2.52667904e-01 5.68997681e-01 1.65797561e-01 9.55144167e-01
    7.83645809e-01 4.16504979e-01 6.06431067e-01 8.41916621e-01
    5.96828103e-01 6.92497492e-02 4.62322831e-02 2.03702450e-02
    2.73145437e-02 7.27472305e-02 9.41084027e-02 5.67683578e-01
    6.73541427e-02 7.99957156e-01 1.85195208e-01 9.60130394e-02
    5.89924335e-01 7.20944107e-02 8.98370683e-01 2.61330366e-01
    1.99047595e-01 3.54601324e-01 1.84075952e-01 1.68372005e-01
    8.63032341e-01 3.88929307e-01 2.82548457e-01 8.52350354e-01
    5.22730947e-01 8.44987273e-01 3.18135440e-01 8.52470398e-02
    7.74340153e-01 1.68113172e-01 9.08028185e-01 8.58590245e-01
    8.96561146e-03 5.77391863e-01 8.72996688e-01 3.23471129e-01
    7.60195255e-01 3.12479794e-01 3.01290125e-01 1.92803949e-01
    5.85438132e-01 2.93964446e-01 9.66813326e-01 1.68533236e-01
    5.14630854e-01 2.89327979e-01 1.16868734e-01 4.28305477e-01
    6.05343223e-01 6.34093404e-01 2.01259851e-01 8.48276019e-01
    1.58836901e-01 5.50616086e-01 9.85575140e-01 8.58261347e-01
    7.40731001e-01 7.64719129e-01 7.40318000e-01 4.73440856e-01
    9.89939690e-01 2.32443660e-01 5.11584222e-01 6.63403213e-01
    2.70860851e-01 1.01038873e-01 2.38993168e-02 0. 0. 0. 0. 0. 0. 0. 0.
    0. 0. 0. 0. 0. 0. 0. 0. 0. 0. 9.71802294e-01 9.05237973e-01
    5.57576716e-02 8.20276022e-01 4.66886789e-01 3.39223444e-01
    1.00674123e-01 7.49134421e-01 4.48621511e-02 8.94128323e-01
    4.49757576e-02 2.71957070e-01 6.92135692e-01 6.55046403e-01
    2.39268720e-01 8.91990662e-01 6.45799637e-01 8.41633797e-01
    6.57923818e-01 2.73054481e-01 3.67516607e-01 6.77995741e-01
    1.85337216e-01 7.82736540e-02 4.10717666e-01 5.06727695e-02
    1.88679248e-01 8.32482338e-01 2.10438758e-01 3.70447427e-01
    7.22866476e-01 8.72030377e-01 3.80338132e-01 7.73080468e-01
    1.49625391e-01 9.84543085e-01 8.23359907e-01 1.07370615e-01
    3.26384336e-01 1.65385425e-01 2.60327309e-01 6.37658834e-02
    1.02897555e-01 4.66112196e-01 4.99555081e-01 9.76938307e-01
    1.72910690e-01 6.71461046e-01 8.30166101e-01 8.44470799e-01
    8.76966476e-01 3.87389660e-01 5.60922325e-01 3.94870639e-02
    5.49695849e-01 4.03601885e-01 2.58180916e-01 4.30274099e-01
    9.72977042e-01 7.30395615e-02 3.30460221e-01 4.30931091e-01
    2.09577143e-01 1.21812046e-01 4.39223528e-01 4.35830832e-01
    2.49317259e-01 7.76971936e-01 2.56584167e-01 5.82435548e-01
    1.95744991e-01 9.72334087e-01 8.98556352e-01 9.71539438e-01
    7.52938151e-01 7.54874051e-02 5.45187712e-01 2.33911693e-01
    9.50003743e-01 8.71254742e-01 2.45295048e-01 2.00588703e-02
    6.10874712e-01 3.29543829e-01 3.94192636e-01 1.82631403e-01
    9.80927169e-01 1.14077091e-01 9.38319445e-01 4.85661656e-01
    4.20852900e-01 8.34783852e-01 9.94160414e-01 5.34805417e-01
    3.80833805e-01 8.61409187e-01 6.33486211e-01 8.86469364e-01
    1.25112265e-01 9.44297314e-01 8.03139508e-02 1.80381536e-03
    2.71265864e-01 8.13420653e-01 3.34126830e-01 8.15322042e-01
    6.63065434e-01 9.06204045e-01 6.36169553e-01 4.02969748e-01
    8.23144794e-01 6.06646657e-01 7.04945028e-01 7.96731353e-01
    6.07077360e-01 5.38370550e-01 6.09640956e-01 7.79431820e-01
    6.58629656e-01 1.97995812e-01 1.39242828e-01 5.07486820e-01
    7.44985640e-02 7.83710897e-01 5.54142416e-01 5.18333375e-01
    2.08186865e-01 9.11580205e-01 9.92232919e-01 7.70524204e-01
    5.24438381e-01 4.47523743e-01 9.30689454e-01 4.73332912e-01
    6.34447336e-02 4.56825227e-01 9.81440783e-01 5.34379959e-01
    3.59262764e-01 9.89170969e-02 9.91173327e-01 8.83692622e-01
    3.91593039e-01 4.92636651e-01 8.39809835e-01 6.39691353e-02
    8.15401733e-01 4.16642368e-01 2.73152649e-01 5.16297638e-01
    3.54819626e-01 1.03980660e-01 8.90015125e-01 4.16812599e-02
    3.72397780e-01 1.72111243e-01 5.99762142e-01 6.55059695e-01
    5.16346097e-01 9.99051809e-01 7.72219896e-03 1.22237116e-01
    1.28478050e-01 6.29330277e-01 6.95460141e-02 1.02140307e-02
    4.43348676e-01 3.62802327e-01 6.31203532e-01 4.24001962e-01
    3.54649276e-01 6.01749003e-01 3.74213040e-01 6.12640142e-01
    8.80145788e-01 5.63556433e-01 7.13614821e-01 7.11340308e-01
    5.83120704e-01 8.24865222e-01 5.90519905e-01 8.18081856e-01
    6.05682433e-01 7.20309317e-02 4.86907750e-01 6.45491421e-01
    2.98856556e-01 8.10973048e-01 7.11887121e-01 7.53919721e-01
    2.90764689e-01 8.30327392e-01 6.43718839e-02 1.14557326e-01
    1.54814214e-01 4.38198924e-01 8.35637331e-01 9.48345065e-01
    6.83140039e-01 7.89723456e-01 8.04779112e-01 2.45243847e-01
    5.09508252e-02 7.64364600e-02 2.07537413e-02 3.29320937e-01
    7.50421584e-01 7.81689525e-01 9.43455875e-01 3.65877986e-01
    2.96168238e-01 9.98741984e-01 1.48072839e-02 6.71984792e-01
    1.38090223e-01 6.64494395e-01 6.91661716e-01 3.51547301e-01
    8.50236714e-01 4.24688280e-01 7.04612970e-01 7.56771326e-01
    5.96181750e-01 2.03363448e-01 7.73842096e-01 2.97558904e-01
    8.15582395e-01 6.19671166e-01 5.51034808e-01 5.53845644e-01
    4.06343400e-01 6.72745407e-02 6.05012596e-01 6.40222728e-01
    5.88387370e-01 1.89273655e-01 8.04414511e-01 4.61082578e-01
    7.12332964e-01 8.03935349e-01 6.80619657e-01 2.79348493e-01
    3.63068819e-01 1.81530565e-01 5.71232259e-01 5.34450769e-01
    5.69463968e-02 8.44240785e-01 8.64531279e-01 2.35307813e-01
    4.56557214e-01 2.46610850e-01 9.85411406e-01 2.12926984e-01
    6.19387031e-02 2.71785140e-01 0. 0. 0. 0. 0. 0. 0. 0. 0. 0. 0. 0. 0.
    0. 0. 0. 0. 0. 6.75760269e-01 4.27322149e-01 8.28803122e-01
    5.01161337e-01 2.75805771e-01 3.55240196e-01 4.57273185e-01
    5.63482106e-01 1.45143151e-01 8.29274297e-01 9.98359084e-01
    5.61419368e-01 3.47866297e-01 6.55920446e-01 8.45214128e-01
    8.96365404e-01 5.91559768e-01 3.27772200e-01 9.61128116e-01
    8.75228524e-01 3.19435567e-01 2.75119245e-02 6.70662820e-01
    4.90918458e-01 1.32863015e-01 9.97637987e-01 8.73359144e-02
    6.92746043e-01 8.62692535e-01 9.07167673e-01 9.16465759e-01
    1.34562850e-02 1.66057527e-01 6.18699014e-01 9.97653008e-01
    1.34604186e-01 4.04167652e-01 7.28321910e-01 8.06525350e-01
    5.40272713e-01 9.50773716e-01 1.55253768e-01 5.74640989e-01
    7.92050958e-01 9.27787423e-02 4.21742320e-01 1.84152991e-01
    9.89685595e-01 1.69683129e-01 5.75415730e-01 9.62078333e-01
    7.38574743e-01 8.48450065e-02 9.65419412e-01 6.93329930e-01
    9.49605823e-01 7.95205951e-01 9.52331424e-01 8.23456645e-01
    1.19355589e-01 5.23328781e-01 9.78606343e-02 4.76048201e-01
    7.50659347e-01 3.48974049e-01 6.71245575e-01 1.51207477e-01
    1.85540020e-01 9.21536326e-01 7.38381505e-01 3.40513229e-01
    5.90637982e-01 1.85610414e-01 4.65628952e-01 1.83065563e-01
    1.51867479e-01 7.13143289e-01 2.67636538e-01 4.75439042e-01
    3.01023602e-01 9.12009180e-01 1.59772336e-01 3.14114332e-01
    3.36462736e-01 4.84567583e-01 4.98970896e-01 6.12905562e-01
    3.96140814e-02 6.68911219e-01 7.82870054e-02 5.26860416e-01
    8.36649001e-01 3.62870663e-01 7.41609037e-01 2.96173513e-01
    6.61582351e-02 5.60345292e-01 8.72946382e-01 5.78076243e-02
    2.71551669e-01 9.23565209e-01 4.67851698e-01 9.45129037e-01
    5.54941177e-01 9.23202455e-01 6.10976815e-02 2.54478931e-01
    9.36412692e-01 4.90003556e-01 9.30218816e-01 1.84118986e-01
    2.53077984e-01 9.54907537e-01 3.28805894e-01 6.15913570e-01
    3.56078416e-01 4.30425972e-01 8.58270824e-02 2.09363908e-01
    4.94531959e-01 5.81318140e-03 6.92619681e-02 2.91362941e-01
    5.29530168e-01 5.79880893e-01 7.46846437e-01 7.96583414e-01
    2.71877170e-01 1.13516927e-01 6.84564233e-01 6.79200351e-01
    5.25913060e-01 7.88846314e-02 3.01545918e-01 3.81298244e-01
    3.98404539e-01 6.57036781e-01 7.74161458e-01 4.91743892e-01
    1.59650713e-01 6.67306721e-01 9.42880273e-01 2.85882503e-01
    8.15257549e-01 5.52287757e-01 4.08579588e-01 8.85906339e-01
    4.86083657e-01 8.06863785e-01 8.10020328e-01 3.07038009e-01
    6.66158736e-01 3.04336548e-01 6.87494397e-01 6.35178506e-01
    2.94729233e-01 5.18892944e-01 3.47581506e-01 1.37310326e-02
    3.43168527e-01 2.88819939e-01 3.97485644e-01 1.10268593e-06
    8.00253034e-01 9.26770270e-01 1.95450872e-01 5.60101449e-01
    7.80255795e-02 9.41439390e-01 3.51585448e-01 4.54891026e-02
    9.71069813e-01 2.00928807e-01 7.65754044e-01 4.16847616e-01
    7.92811632e-01 4.82669115e-01 6.88370347e-01 4.34339285e-01
    4.24245954e-01 4.92413253e-01 9.08626318e-01 5.57797849e-01
    8.99416804e-02 2.58464515e-02 5.18508554e-02 7.88184822e-01
    3.98215055e-01 7.62664676e-01 1.43900901e-01 2.60026962e-01
    7.85466552e-01 5.78276455e-01 5.99156260e-01 7.98714161e-02
    8.70469213e-01 3.07179928e-01 3.30763519e-01 7.78883815e-01
    3.59041244e-01 8.69229734e-01 2.09333032e-01 3.89850467e-01
    1.68078363e-01 6.91619337e-01 9.78454113e-01 6.87581420e-01
    4.30074692e-01 5.41099489e-01 9.02229130e-01 8.13286543e-01
    8.05861831e-01 9.18784082e-01 3.57627571e-01 3.14980805e-01
    9.30768847e-01 6.44381046e-02 5.14389813e-01 6.31639659e-01
    5.05176842e-01 2.53452241e-01 6.74997449e-01 1.01602942e-01
    1.38866603e-01 4.82775271e-02 7.02414811e-02 8.33945334e-01
    7.10896075e-01 6.64055824e-01 2.78264105e-01 5.50061643e-01
    6.30229414e-02 1.11089319e-01 1.76383287e-01 1.47082776e-01
    5.25507271e-01 6.88578129e-01 2.62063086e-01 8.03457260e-01
    8.37818921e-01 4.10055518e-01 1.12697154e-01 1.40725851e-01
    9.03573275e-01 8.61133575e-01 9.14207697e-01 9.39509571e-02
    3.36518586e-02 8.20954561e-01 9.35451567e-01 5.94949007e-01
    6.23369932e-01 9.18835640e-01 9.04048085e-01 1.90257937e-01
    3.28801274e-01 0. 0. 0. 0. 0. 0. 0. 0. 0. 0. 0. 0. 0. 0. 0. 0. 0. 0.
    6.25137091e-01 2.28825271e-01 7.83644319e-02 3.74223322e-01
    9.09145832e-01 2.00671613e-01 6.24722660e-01 7.77787685e-01
    6.75966740e-01 9.80322957e-01 4.88969088e-02 8.40935826e-01
    8.35587144e-01 9.47020650e-01 5.66964686e-01 1.04310542e-01
    7.04090893e-02 2.74577498e-01 8.74437451e-01 9.56707835e-01
    1.70459092e-01 8.35271180e-01 8.06826949e-01 5.85009813e-01
    2.97278345e-01 1.80748105e-03 1.63607240e-01 4.82406020e-01
    3.63214612e-01 9.59620595e-01 5.14408410e-01 4.20687884e-01
    6.11241460e-01 1.67466402e-02 3.15507174e-01 1.10154241e-01
    5.37423491e-02 2.75087416e-01 2.59091258e-02 5.57729006e-01
    3.75722945e-02 3.29245239e-01 5.20403326e-01 1.18860930e-01
    8.19578469e-02 7.21035957e-01 6.40426993e-01 3.24723423e-02
    8.88547003e-01 1.56522572e-01 5.54426432e-01 5.04871666e-01
    1.71276689e-01 5.21225810e-01 7.84396172e-01 6.14128232e-01
    6.45707250e-01 4.52713132e-01 1.61663055e-01 2.95937002e-01
    1.28400058e-01 9.89036381e-01 2.02994943e-01 6.52193725e-02
    2.30851144e-01 2.55459368e-01 9.53778267e-01 1.19916975e-01
    5.33377528e-01 1.50089949e-01 6.43767297e-01 2.36179799e-01
    6.09613895e-01 4.66078252e-01 9.51337814e-03 2.30159909e-01
    9.09012318e-01 9.37982798e-01 9.34421241e-01 6.08320415e-01
    7.17725992e-01 4.52025503e-01 5.84726930e-01 5.74450374e-01
    6.30052388e-02 5.16421199e-02 8.93991470e-01 3.02943110e-01
    1.59269840e-01 6.83501542e-01 5.97249448e-01 4.15498823e-01
    3.35703820e-01 9.20363903e-01 3.40228200e-01 5.41803598e-01
    5.94878972e-01 9.11566615e-02 8.78709257e-01 8.01784873e-01
    7.47317076e-01 9.43155944e-01 2.34946132e-01 8.24271739e-01
    9.04998183e-02 8.88104558e-01 9.07350421e-01 5.25232732e-01
    9.56680775e-01 9.37989056e-01 4.91971672e-01 3.90817046e-01
    7.87321627e-01 8.51230860e-01 4.97079343e-01 3.76945853e-01
    7.09639311e-01 8.35580945e-01 1.42285526e-02 3.03165257e-01
    6.92919493e-02 9.60612297e-02 9.06404972e-01 2.93555856e-03
    4.72303361e-01 6.48602247e-01 9.60490704e-02 5.63082695e-01
    2.30586141e-01 4.32992369e-01 2.13629991e-01 2.38136053e-01
    8.34428966e-01 8.20606232e-01 1.06239915e-01 1.97608203e-01
    4.58101004e-01 9.70703959e-01 9.50506032e-01 7.29493439e-01
    1.68017775e-01 8.75987113e-02 9.72889006e-01 3.59981418e-01
    3.20515156e-01 5.77648997e-01 3.40973139e-02 5.83354831e-01
    9.44806218e-01 1.22306705e-01 6.30790055e-01 8.27016234e-01
    2.37050891e-01 5.63508987e-01 9.35875952e-01 1.41244799e-01
    4.91670668e-02 2.67161429e-01 3.22462916e-01 9.61647332e-01
    9.37301397e-01 2.42354512e-01 7.11089790e-01 6.25491142e-01
    6.41574204e-01 9.24379706e-01 3.14909637e-01 7.78795123e-01
    3.26159000e-02 4.75108922e-02 3.32031310e-01 6.58078134e-01
    9.79555488e-01 9.29235637e-01 5.33388913e-01 3.20968419e-01
    6.56434774e-01 1.89068675e-01 8.71730089e-01 8.28572452e-01
    3.66445988e-01 7.36956716e-01 1.40630573e-01 7.72955656e-01
    9.75464523e-01 1.26020133e-01 1.52426600e-01 8.01402926e-01
    1.48810536e-01 9.43282008e-01 6.10276997e-01 2.11925715e-01
    6.71537280e-01 2.22976357e-01 5.63191891e-01 2.08230078e-01
    1.24353468e-02 3.76270592e-01 5.48972607e-01 5.00835478e-01
    1.03833467e-01 2.06416070e-01 4.89635170e-02 5.17137349e-01
    4.85695601e-01 6.89674973e-01 9.52872276e-01 7.01899648e-01
    8.27976942e-01 7.47274160e-01 4.53388184e-01 8.73592019e-01
    8.26714933e-01 7.04258084e-01 9.67220545e-01 5.06358743e-01
    4.31932390e-01 5.30578554e-01 9.32795227e-01 6.09674335e-01
    8.19357634e-01 9.01368022e-01 2.70239413e-02 3.36044967e-01
    1.64251059e-01 6.12388313e-01 8.47052336e-01 9.26067591e-01
    1.67992592e-01 2.10212141e-01 5.94537854e-02 7.70862818e-01
    2.01150119e-01 5.35172880e-01 5.24420500e-01 5.76051772e-02
    9.43312526e-01 3.25859070e-01 1.39612913e-01 4.66958344e-01
    2.00144053e-01 3.71157348e-01 4.78722274e-01 8.34087849e-01
    4.35980260e-01 5.60238779e-01 4.29051757e-01 5.08379817e-01
    7.80224800e-05 4.11047190e-01 4.65224266e-01 2.86422074e-01
    3.82848382e-02 2.41419047e-01 5.89841247e-01 4.17839110e-01 0. 0. 0.
    0. 0. 0. 0. 0. 0. 0. 0. 0. 0. 0. 0. 0. 0. 0. 7.70429134e-01
    4.64816034e-01 3.33597988e-01 7.82572985e-01 8.38884294e-01
    8.38038743e-01 3.08029175e-01 5.09987235e-01 5.98947108e-01
    9.25561607e-01 1.27302766e-01 1.03322208e-01 2.27248579e-01
    7.71701336e-01 7.90990949e-01 7.86304832e-01 1.96758091e-01
    7.72872925e-01 1.43555403e-01 3.29899848e-01 9.45385695e-01
    4.54733759e-01 3.84421825e-01 3.47106487e-01 4.73755270e-01
    2.69922495e-01 2.36880869e-01 5.18140078e-01 4.29763824e-01
    2.06403464e-01 9.05057251e-01 1.82939172e-01 1.97211534e-01
    7.81993389e-01 9.32700157e-01 7.29650259e-02 2.05815226e-01
    7.65959024e-01 1.42369449e-01 3.65125656e-01 4.91052568e-01
    9.47752237e-01 6.97608352e-01 4.18850482e-02 8.05759072e-01
    6.32891774e-01 6.53212845e-01 7.82476664e-01 9.31685746e-01
    2.68882662e-01 8.15961599e-01 8.81601691e-01 3.08337510e-02
    4.86838609e-01 5.96428454e-01 8.95684242e-01 7.52373099e-01
    1.01194203e-01 2.25847960e-02 5.65242112e-01 4.27018344e-01
    3.46676350e-01 6.72487855e-01 6.54626787e-02 1.35049731e-01
    6.81775093e-01 8.75611126e-01 8.77726138e-01 3.23241830e-01
    1.05341971e-01 4.24023271e-01 5.14233768e-01 2.96960056e-01
    4.22498822e-01 2.26644039e-01 1.11236542e-01 9.48263049e-01
    8.49612296e-01 1.55609518e-01 3.42384577e-02 1.87989473e-02
    1.99991852e-01 7.08239019e-01 4.07970428e-01 4.84097987e-01
    2.08267003e-01 3.88914376e-01 6.21899366e-01 4.76872206e-01
    6.35073543e-01 6.64463580e-01 6.16737187e-01 5.99130034e-01
    8.48087668e-02 8.03189039e-01 6.29956186e-01 1.29741639e-01
    3.13334882e-01 2.58071244e-01 5.08676231e-01 3.27189445e-01
    7.76458740e-01 7.57503092e-01 3.01377565e-01 1.29178762e-02
    7.40621388e-01 4.75639671e-01 7.68700540e-02 5.13109207e-01
    7.57477403e-01 3.27594757e-01 3.23198438e-02 7.56107211e-01
    3.41026336e-01 4.79907244e-01 4.06247497e-01 4.76717860e-01
    4.15805876e-02 7.04259396e-01 4.76149499e-01 9.61637974e-01
    5.43461502e-01 6.31096780e-01 8.95765722e-01 5.98430157e-01
    9.17309284e-01 3.64639699e-01 9.13580060e-01 3.94099832e-01
    8.92934799e-01 1.60098314e-01 6.88772082e-01 6.70170367e-01
    6.02955759e-01 5.05956173e-01 2.36610472e-01 3.95580739e-01
    6.22463584e-01 4.89636183e-01 9.66142178e-01 3.86926055e-01
    5.94941735e-01 7.90797591e-01 2.92871624e-01 2.70337164e-01
    1.65367633e-01 4.19029683e-01 9.32894707e-01 9.36556578e-01
    9.30168033e-01 2.29751885e-01 9.12171602e-01 7.84576774e-01
    3.82353932e-01 8.36305737e-01 2.05174536e-01 1.80763394e-01
    8.29046369e-01 7.04314113e-01 3.54088187e-01 2.25252450e-01
    5.90029359e-02 7.48066127e-01 5.88453412e-02 7.27095306e-02
    3.01895857e-01 2.46431082e-01 2.39884645e-01 3.34982455e-01
    3.54562819e-01 8.81232798e-01 1.25989050e-01 2.52391994e-02
    8.50136995e-01 6.25562251e-01 9.60494936e-01 6.12179339e-01
    7.57099032e-01 5.19664884e-02 7.60746837e-01 5.39639175e-01
    7.83424616e-01 4.21427071e-01 5.15483916e-01 3.79306048e-01
    8.42510760e-01 8.35994542e-01 1.48798376e-01 4.95027900e-01
    7.51862049e-01 4.17919427e-01 1.82226926e-01 3.64962220e-01
    4.15856898e-01 5.36051750e-01 6.63176656e-01 5.12172341e-01
    7.48390794e-01 7.15346217e-01 1.70223922e-01 5.54693520e-01
    1.29531175e-01 7.04953551e-01 7.40173161e-02 2.35992223e-01
    2.07682520e-01 8.61478567e-01 3.17704678e-01 1.73620313e-01
    2.87459612e-01 4.52431798e-01 2.79754996e-02 6.98002040e-01
    3.39836538e-01 1.60525352e-01 1.19538844e-01 2.03174829e-01
    7.96000659e-01 2.43145227e-03 4.27270025e-01 7.06555068e-01
    2.92861938e-01 7.38855720e-01 3.11258405e-01 7.27698505e-01
    5.10461330e-02 1.61794037e-01 6.55621052e-01 6.15927875e-01
    4.31299329e-01 7.04020679e-01 2.25124151e-01 6.11681223e-01
    5.09806335e-01 6.20971799e-01 9.24067795e-02 3.79212677e-01
    1.33079588e-02 9.34357584e-01 5.42088568e-01 4.85167146e-01
    5.99654615e-01 5.20203054e-01 1.86132908e-01 1.44054919e-01
    3.91723424e-01 2.60514617e-01 4.72036451e-01 6.69100702e-01
    8.60402882e-02 7.00483620e-01 3.93283784e-01 9.09064412e-01
    8.66968632e-01 5.44144928e-01 7.90483713e-01 0. 0. 0. 0. 0. 0. 0. 0.
    0. 0. 0. 0. 0. 0. 0. 0. 0. 0. 7.52208889e-01 7.90271282e-01
    6.08332574e-01 8.13470125e-01 9.26838875e-01 5.91920912e-01
    8.71697068e-01 2.57385671e-01 7.35083163e-01 4.03753549e-01
    3.48995060e-01 3.10096353e-01 7.70010591e-01 9.81091559e-01
    6.99296713e-01 5.81740141e-01 3.95287275e-01 4.77743238e-01
    1.24943256e-01 1.00005656e-01 1.36840254e-01 8.88251066e-01
    5.65294385e-01 9.89394784e-01 9.55838144e-01 8.41975212e-02
    2.61659265e-01 9.69617426e-01 6.85895860e-01 2.80871928e-01
    6.91535890e-01 1.34712279e-01 7.96967745e-02 9.07256246e-01
    9.51421857e-01 9.98476744e-01 1.14285648e-01 7.19458342e-01
    5.78338921e-01 2.37798810e-01 9.05416369e-01 2.74899423e-01
    9.69633520e-01 5.82358718e-01 1.18743986e-01 9.46749270e-01
    1.93307877e-01 7.69901991e-01 1.83829814e-01 5.11015415e-01
    2.07261950e-01 2.07893163e-01 5.97023666e-01 1.47812545e-01
    9.10775304e-01 5.52108109e-01 3.71918619e-01 3.19500625e-01
    4.25265133e-02 8.93205702e-01 9.69092011e-01 8.08615386e-01
    7.28407502e-02 9.19982076e-01 8.95625830e-01 9.03796911e-01
    2.42276996e-01 2.12763846e-01 4.08602059e-02 1.58087909e-02
    3.06583256e-01 4.55263257e-03 7.89315999e-02 1.50281608e-01
    8.91659498e-01 8.90587568e-01 5.12069762e-02 4.50133115e-01
    6.99374080e-01 7.64273763e-01 7.23715782e-01 2.86245048e-01
    9.62096751e-01 5.40797293e-01 4.84920740e-01 1.81836873e-01
    8.89052927e-01 5.47689795e-01 8.32695842e-01 9.32472467e-01
    3.67352337e-01 4.03350532e-01 4.47360069e-01 8.00518692e-01
    5.44243336e-01 8.53620291e-01 4.32945937e-01 5.39916456e-02
    3.47289026e-01 1.39376700e-01 3.19438934e-01 2.13205814e-03
    2.46471167e-03 8.52631569e-01 8.16088438e-01 3.83995146e-01
    6.99889302e-01 4.78651732e-01 8.08223844e-01 7.15500474e-01
    2.11594254e-01 8.42357516e-01 6.22744679e-01 8.39215398e-01
    7.67247438e-01 6.27486229e-01 3.17479134e-01 1.02373779e-01
    6.10289216e-01 7.47501850e-04 6.39133215e-01 6.98801637e-01
    3.45135212e-01 1.35248661e-01 2.43036687e-01 2.58023530e-01
    5.95457137e-01 9.78486180e-01 1.03288352e-01 8.06711316e-01
    6.40686810e-01 4.85498428e-01 4.80011106e-03 9.76473153e-01
    6.55191839e-01 8.54813337e-01 8.47263932e-02 2.23791957e-01
    4.31819975e-01 4.56634939e-01 7.98572659e-01 1.05688542e-01
    3.96130681e-02 1.81084961e-01 4.36057568e-01 8.60007823e-01
    7.62153506e-01 9.19539928e-01 4.24048305e-02 7.16322720e-01
    5.73818803e-01 6.26288772e-01 4.47984666e-01 5.76962173e-01
    3.79678309e-02 6.67766690e-01 9.84746814e-01 7.04825103e-01
    1.05324328e-01 2.01488882e-01 7.28654861e-01 3.73274386e-01
    8.76654983e-01 8.50050330e-01 9.79332089e-01 8.75994682e-01
    8.36095810e-02 2.64425069e-01 1.53658301e-01 5.08542120e-01
    6.61190510e-01 8.52043271e-01 2.93693483e-01 7.04684913e-01
    9.86004174e-02 3.75655174e-01 1.09249204e-01 5.56392074e-02
    6.60976648e-01 1.31375045e-01 6.19728208e-01 3.58303726e-01
    6.43069923e-01 7.32529283e-01 7.10342050e-01 4.92711365e-02
    3.50610942e-01 9.62276101e-01 6.78843439e-01 8.36521029e-01
    3.57966453e-01 3.25019091e-01 4.75931466e-02 8.25240493e-01
    1.71102047e-01 9.56333637e-01 7.79511333e-01 5.46117604e-01
    9.55110431e-01 1.27833366e-01 5.23364544e-01 8.48754644e-01
    6.21941447e-01 6.09970689e-02 2.18473256e-01 5.41752875e-01
    7.92596340e-01 1.34190768e-01 3.01800072e-01 5.24665356e-01
    8.12807262e-01 9.30720031e-01 2.65920460e-02 8.85144711e-01
    3.96428078e-01 4.75434631e-01 7.28646815e-02 2.82162189e-01
    4.26398456e-01 1.31934702e-01 9.45304871e-01 6.32228434e-01
    8.49634409e-03 2.38840878e-02 5.58427751e-01 6.83018923e-01
    5.79147160e-01 9.37115788e-01 1.00114524e-01 9.31958437e-01
    9.75277543e-01 2.14325249e-01 9.19840932e-01 4.60000098e-01
    7.36694872e-01 6.54149234e-01 6.66306376e-01 2.61265337e-01
    8.69946837e-01 1.11767232e-01 3.36216271e-01 7.15026021e-01
    9.67092395e-01 6.25707865e-01 7.91812003e-01 3.90800834e-02
    1.57167375e-01 5.94420612e-01 5.47133565e-01 6.56514883e-01
    8.88634980e-01 4.06958520e-01 3.79020572e-02 9.96950269e-01
    3.06840837e-01 4.95651156e-01 0. 0. 0. 0. 0. 0. 0. 0. 0. 0. 0. 0. 0.
    0. 0. 0. 0. 0. 6.21718049e-01 9.28566456e-02 2.69266844e-01
    6.05897605e-01 6.66308522e-01 1.31592840e-01 3.42494339e-01
    6.52491927e-01 3.83693337e-01 9.14631844e-01 7.77754486e-02
    7.86366224e-01 1.68184102e-01 7.82247186e-01 2.54687071e-02
    2.24558234e-01 9.46527481e-01 8.97273064e-01 5.28403819e-01
    8.11667621e-01 7.89293408e-01 6.67741895e-03 4.77265716e-02
    2.64780521e-01 4.48561907e-02 6.34330451e-01 8.25397670e-02
    8.00827682e-01 7.44332612e-01 9.33605790e-01 9.40999389e-01
    4.83195126e-01 3.67453098e-02 1.35746241e-01 1.00989401e-01
    8.34328532e-01 2.57926106e-01 5.79656959e-01 3.22457850e-01
    9.77941453e-02 3.82084042e-01 4.53168154e-02 2.72806585e-02
    4.53978449e-01 2.37664640e-01 1.23215139e-01 4.18471187e-01
    4.40477252e-01 7.23897755e-01 3.20146680e-02 4.00978804e-01
    5.81452549e-01 5.59448540e-01 2.77719259e-01 5.13582051e-01
    3.26911211e-01 4.44422960e-01 5.90664029e-01 4.89743710e-01
    8.27311933e-01 8.58182311e-01 2.59736180e-01 9.91532028e-01
    3.48117948e-02 9.33917582e-01 5.93002677e-01 6.00526810e-01
    4.02948171e-01 1.26636565e-01 5.08168817e-01 1.87244058e-01
    8.93315911e-01 2.98409969e-01 9.33652878e-01 9.29464400e-01
    4.02392328e-01 5.55579364e-01 1.67458355e-02 9.48478639e-01
    6.17690802e-01 9.73287284e-01 4.91535902e-01 7.28893340e-01
    6.22164190e-01 8.50847721e-01 8.87621760e-01 2.54423022e-01
    5.75965166e-01 5.89964867e-01 6.35008454e-01 1.18298948e-01
    7.40517318e-01 1.98992997e-01 3.46906662e-01 7.84971714e-02
    4.80361611e-01 4.91575897e-01 1.21281981e-01 6.99817240e-01
    5.97612858e-01 1.70983166e-01 3.11453253e-01 1.43415213e-01
    7.89453626e-01 5.85696399e-01 5.92782497e-01 2.15761572e-01
    7.56026864e-01 1.47105277e-01 1.36516809e-01 3.35190475e-01
    6.37919486e-01 9.53010201e-01 4.02298391e-01 5.35350084e-01
    4.21743602e-01 9.07881677e-01 6.55706227e-02 5.35650015e-01
    2.88336277e-01 3.35078239e-01 4.52806145e-01 6.12719595e-01
    8.01131487e-01 9.95470405e-01 8.89019966e-02 8.71184468e-01
    5.43244720e-01 2.11703777e-03 3.70135307e-01 5.42436004e-01
    4.70309019e-01 7.00062811e-02 7.99655914e-01 6.11239135e-01
    6.06513619e-01 8.72783422e-01 1.76876217e-01 2.73990631e-03
    5.76270580e-01 4.66090679e-01 9.65540886e-01 3.49508584e-01
    7.63682127e-01 3.23772490e-01 3.90814662e-01 6.91738009e-01
    2.06215799e-01 9.69874144e-01 1.26618385e-01 3.88333708e-01
    6.46352410e-01 8.89290094e-01 8.24622631e-01 9.78448749e-01
    3.50413203e-01 4.04893279e-01 6.91419542e-02 6.73519969e-01
    7.49889493e-01 7.45264530e-01 1.29294068e-01 4.01722789e-01
    3.74493390e-01 1.51764303e-01 1.14216626e-01 8.37389529e-01
    4.21473384e-01 4.40062433e-01 2.17886895e-01 9.42734838e-01
    6.91951454e-01 8.37429523e-01 9.11329865e-01 9.07831788e-01
    8.11117291e-01 1.14098370e-01 2.90423870e-01 1.32807791e-01
    3.97881657e-01 4.21301156e-01 4.09903854e-01 2.84947842e-01
    8.16258430e-01 2.16181189e-01 1.72262758e-01 4.95371044e-01
    6.90647960e-01 7.44591177e-01 5.76383710e-01 7.64655173e-02
    2.96925962e-01 3.66611063e-01 2.97142297e-01 1.47830337e-01
    1.04095012e-01 2.65179694e-01 4.62725669e-01 6.39645636e-01
    4.72905397e-01 8.36598158e-01 7.43459105e-01 7.71088004e-01
    5.93891740e-01 4.43754852e-01 2.03231573e-01 4.36649978e-01
    6.81691468e-02 9.97904181e-01 4.58976090e-01 2.31620580e-01
    2.72628158e-01 4.46130693e-01 2.99682617e-02 1.10320002e-01
    1.23998880e-01 6.90625131e-01 5.49091876e-01 5.36420703e-01
    9.85264063e-01 9.27288234e-01 9.02945399e-02 7.52641082e-01
    2.52633095e-01 4.62958813e-02 6.64576411e-01 5.80961347e-01
    1.83409810e-01 6.39270246e-02 6.09364271e-01 3.00496340e-01
    8.50147128e-01 4.05948073e-01 7.80218720e-01 4.66338724e-01
    5.43100357e-01 2.44749546e-01 4.99392599e-01 8.21424127e-01
    9.62453187e-01 5.85385561e-01 1.34579778e-01 3.38273823e-01
    5.72715878e-01 3.35799843e-01 1.16502255e-01 4.07346308e-01
    5.39504409e-01 1.21372789e-01 3.37189496e-01 8.57151389e-01
    6.34923816e-01 8.38240147e-01 4.04032379e-01 4.71846879e-01
    5.42939842e-01 0. 0. 0. 0. 0. 0. 0. 0. 0. 0. 0. 0. 0. 0. 0. 0. 0. 0.
    2.66216755e-01 7.24157155e-01 7.72286892e-01 2.05914080e-02
    8.64621162e-01 1.58000529e-01 5.37642360e-01 2.14574605e-01
    8.37362647e-01 5.72400391e-01 9.16249514e-01 6.82173073e-01
    4.70225275e-01 1.99403077e-01 8.47225904e-01 6.15822732e-01
    1.44101650e-01 4.74449158e-01 1.98528767e-02 4.73719865e-01
    6.92196727e-01 7.01012492e-01 4.38197732e-01 5.33659220e-01
    3.54821682e-02 4.54378843e-01 6.53777003e-01 9.18497086e-01
    5.95888615e-01 3.66422951e-01 9.02180314e-01 9.47616458e-01
    8.43532681e-01 6.32134080e-01 3.46156597e-01 7.56754994e-01
    7.37124979e-02 5.50571144e-01 8.49497557e-01 3.99607003e-01
    5.94469547e-01 8.18971515e-01 6.33782506e-01 5.10578215e-01
    8.86456728e-01 8.48119855e-01 4.03772026e-01 8.21804047e-01
    1.60341203e-01 3.99388522e-01 1.18867576e-01 6.34462655e-01
    3.40121329e-01 9.44126725e-01 5.20931959e-01 3.56834352e-01
    6.77816749e-01 3.85528505e-02 7.34429181e-01 4.38962281e-02
    8.63347352e-01 4.96407866e-01 5.39371550e-01 5.99095702e-01
    8.69843245e-01 3.40859145e-01 2.79861689e-02 5.47035694e-01
    5.08928537e-01 8.39541852e-02 1.03475839e-01 1.43415004e-01
    9.02185917e-01 3.65615219e-01 8.41068625e-01 2.65495598e-01
    5.90754449e-02 9.07683611e-01 8.60013485e-01 9.81560111e-01
    9.70957637e-01 8.38218927e-01 7.95837402e-01 4.86136615e-01
    9.27846432e-01 3.51173580e-02 6.73929334e-01 2.67135024e-01
    3.61772448e-01 2.19253927e-01 9.60595429e-01 6.49197459e-01
    3.35778773e-01 3.90434951e-01 1.22628599e-01 5.55703759e-01
    2.24473357e-01 6.60589814e-01 5.19894958e-01 1.92788124e-01
    6.04062617e-01 9.82026458e-02 4.32764202e-01 3.74576151e-01
    4.65218067e-01 2.59880126e-01 7.28542924e-01 3.20911109e-02
    6.56692326e-01 1.14161730e-01 9.81360793e-01 2.83629179e-01
    6.93252921e-01 7.10613906e-01 9.43090677e-01 7.66417265e-01
    9.03882504e-01 8.30462217e-01 8.96109343e-01 5.96446097e-01
    7.04762220e-01 3.24514180e-01 1.63813144e-01 8.41268003e-02
    1.96854830e-01 7.12556541e-01 7.97126293e-01 1.20493889e-01
    8.59088480e-01 3.06967258e-01 3.21453571e-01 8.15488398e-01
    5.91098368e-01 9.34981108e-01 9.35207248e-01 9.53127384e-01
    2.94239700e-01 6.70249760e-01 6.64121032e-01 9.08037782e-01
    2.02641517e-01 2.66600847e-01 7.96936750e-02 3.65579724e-02
    3.99588466e-01 4.67225015e-01 2.07250446e-01 1.05793089e-01
    1.89267486e-01 4.44348156e-02 8.12964439e-01 8.56908977e-01
    3.27820301e-01 8.57291937e-01 8.39070797e-01 3.95892441e-01
    5.71657777e-01 7.86515296e-01 8.18953574e-01 7.82704055e-02
    5.02396405e-01 5.01612425e-01 1.04876965e-01 1.79393917e-01
    3.65071535e-01 6.70695901e-01 3.31196070e-01 3.00787568e-01
    7.10042357e-01 9.13092732e-01 1.89708173e-01 5.24887264e-01
    5.15384972e-02 8.21422815e-01 9.23427701e-01 4.89593744e-02
    6.10882223e-01 2.51631320e-01 6.26814365e-01 8.79539132e-01
    2.66248643e-01 2.74954319e-01 9.07467246e-01 9.02605534e-01
    5.50990880e-01 2.83454120e-01 4.54474270e-01 6.68603182e-02
    4.35781062e-01 5.33095479e-01 7.00176179e-01 7.60651827e-02
    7.73899853e-02 2.26684958e-01 3.62375885e-01 8.11575055e-01
    2.49194801e-01 4.98167992e-01 5.98672569e-01 7.20842600e-01
    3.33607376e-01 1.81378126e-01 4.76662278e-01 5.99447072e-01
    5.00874102e-01 3.26916695e-01 6.36383653e-01 4.20627862e-01
    5.42735934e-01 8.28852296e-01 7.66045988e-01 4.31486577e-01
    6.39875233e-02 1.99252039e-01 9.32793200e-01 9.91611481e-01
    7.11952567e-01 8.57902765e-01 3.06541502e-01 3.87526751e-02
    4.99661207e-01 4.23830509e-01 3.83745879e-01 2.00270653e-01
    5.19989729e-02 4.99265909e-01 1.07892692e-01 1.48732603e-01
    2.54734755e-01 5.60211778e-01 9.67781901e-01 6.93192184e-02
    8.69077265e-01 4.00736928e-02 9.58292723e-01 6.65944099e-01
    2.52492011e-01 3.68465424e-01 1.26091421e-01 6.68398023e-01
    5.22977948e-01 5.90839207e-01 4.37024236e-03 8.34796965e-01
    1.55566633e-01 9.00384903e-01 2.63887882e-01 9.52367783e-01
    7.13322580e-01 7.48117447e-01 8.84565353e-01 1.51103735e-02
    2.68628597e-02 4.44667935e-01 8.63261104e-01 9.60711420e-01 0. 0. 0.
    0. 0. 0. 0. 0. 0. 0. 0. 0. 0. 0. 0. 0. 0. 0. 2.34097600e-01
    8.15866113e-01 3.12967896e-02 9.42941070e-01 4.72467542e-01
    7.18779564e-02 4.55622196e-01 8.50463808e-01 5.97704649e-01
    6.60334110e-01 1.72411501e-02 2.23370790e-01 6.29004240e-02
    3.28811824e-01 5.58380783e-02 7.04364181e-01 2.30408520e-01
    3.43802750e-01 1.99476033e-01 8.25396657e-01 8.33420753e-01
    7.29456902e-01 7.22868860e-01 8.24210048e-01 2.89835602e-01
    9.32119966e-01 9.85011458e-01 5.36531031e-01 2.76030898e-02
    9.25422668e-01 4.35699493e-01 3.67515802e-01 5.24666846e-01
    6.46536052e-02 7.01070011e-01 7.05881655e-01 9.06151056e-01
    1.61862254e-01 2.14644372e-02 6.98355436e-01 3.52416396e-01
    3.67103934e-01 2.21712291e-01 5.29664755e-03 2.41096199e-01
    7.39999235e-01 5.91283262e-01 8.43538105e-01 1.84708387e-01
    7.94430375e-01 1.07161105e-02 5.12267590e-01 9.97732759e-01
    6.55944288e-01 1.85612202e-01 5.95048726e-01 1.62115693e-02
    9.51138437e-02 6.63862109e-01 5.44369519e-01 9.92999494e-01
    3.74039739e-01 4.15049732e-01 2.66422987e-01 4.35121834e-01
    3.07873100e-01 1.88291371e-01 3.96896809e-01 7.23543406e-01
    9.15661097e-01 1.94625288e-01 4.56073880e-03 7.96721220e-01
    4.70329255e-01 9.83465075e-01 2.22811222e-01 6.33852482e-01
    7.73451209e-01 2.81697869e-01 1.10333204e-01 9.11113143e-01
    6.68166876e-01 4.02607650e-01 7.76470542e-01 5.54260612e-01
    6.35762691e-01 4.56611037e-01 4.05255705e-01 9.75140929e-02
    5.88225722e-02 4.02519047e-01 9.05139148e-02 7.05255330e-01
    8.44493389e-01 8.09432268e-01 2.24659145e-01 9.63859379e-01
    5.33336759e-01 8.21329415e-01 8.21619868e-01 1.92027569e-01
    6.36058450e-02 6.41291082e-01 5.58748484e-01 7.04617620e-01
    9.28081870e-01 2.54980028e-01 2.09728092e-01 2.81975567e-01
    2.77685404e-01 2.42833138e-01 3.07708651e-01 4.04814303e-01
    4.06727970e-01 7.73493767e-01 7.92834997e-01 7.08632827e-01
    3.13389301e-02 1.74652636e-02 9.39565003e-02 6.95281923e-02
    1.83287233e-01 3.67032886e-01 5.78806579e-01 6.07949436e-01
    6.13349497e-01 7.89601684e-01 2.11263388e-01 8.21105361e-01
    2.14470357e-01 7.46992111e-01 1.27349198e-02 4.52793598e-01
    8.14563215e-01 1.51913941e-01 4.23769087e-01 9.51512933e-01
    2.67034650e-01 9.05781567e-01 8.63402307e-01 7.45102882e-01
    1.57324612e-01 7.93406725e-01 7.69890130e-01 2.48101890e-01
    2.81569600e-01 8.18242669e-01 7.07012415e-01 3.31584990e-01
    7.18817472e-01 5.39125979e-01 4.08428699e-01 8.18241119e-01
    5.45718193e-01 8.49683344e-01 1.50633365e-01 6.21431172e-02
    9.17031884e-01 9.74937201e-01 6.99946582e-02 2.20017165e-01
    4.71224755e-01 1.72777474e-02 3.41982603e-01 7.89099336e-01
    4.52823341e-02 5.14940381e-01 3.74739408e-01 9.78506029e-01
    1.63350701e-01 2.51224875e-01 8.35136652e-01 1.37946308e-02
    1.92154825e-01 4.62604702e-01 7.20774770e-01 3.07413042e-01
    3.55309725e-01 4.69862431e-01 4.03506279e-01 3.26562881e-01
    5.79859793e-01 5.12850583e-02 1.47259355e-01 1.47892684e-01
    4.09123123e-01 2.50026494e-01 6.39171839e-01 4.80733901e-01
    8.20156276e-01 1.05502337e-01 5.41960955e-01 1.93114579e-01
    1.50868505e-01 6.22728407e-01 7.85158277e-01 8.89811039e-01
    9.01491165e-01 9.15074289e-01 5.17266989e-01 4.87440825e-02
    4.74207073e-01 8.26238871e-01 7.27053463e-01 8.76635909e-01
    9.91145313e-01 4.75505352e-01 2.49164313e-01 5.53285837e-01
    5.49210131e-01 3.79615992e-01 1.47826731e-01 9.32093382e-01
    8.76408279e-01 5.27380407e-01 1.71235442e-01 3.52498084e-01
    6.83077455e-01 2.26705909e-01 1.94846600e-01 2.69081503e-01
    3.23582679e-01 6.25824571e-01 5.80630004e-01 4.15996313e-02
    5.52753627e-01 2.71876484e-01 8.77532125e-01 9.02752757e-01
    9.56818223e-01 2.13884830e-01 1.70704424e-02 4.08223689e-01
    4.29780126e-01 4.56380367e-01 2.46836960e-01 3.95810246e-01
    9.45122004e-01 2.35409081e-01 2.16212809e-01 7.20507503e-01
    2.00822771e-01 9.11745667e-01 1.24498367e-01 1.22849166e-01
    7.43698001e-01 6.02792382e-01 9.85564590e-01 8.08897853e-01
    1.26691282e-01 5.37736714e-02 4.08869028e-01 8.93335581e-01
    9.51529443e-02 5.16651750e-01 2.63211966e-01 0. 0. 0. 0. 0. 0. 0. 0.
    0. 0. 0. 0. 0. 0. 0. 0. 0. 0. 7.23817348e-02 7.35328853e-01
    4.89296854e-01 9.15426970e-01 2.84984767e-01 2.13224739e-01
    2.63716400e-01 5.03237784e-01 3.31393838e-01 4.19800967e-01
    9.20458555e-01 8.89006615e-01 7.21467793e-01 4.10528660e-01
    7.61303842e-01 8.75547409e-01 9.62309778e-01 2.05152601e-01
    7.90647864e-01 4.15736079e-01 8.38627815e-02 9.17213559e-01
    8.79636288e-01 1.76234841e-01 7.77945876e-01 9.58010137e-01
    8.77331853e-01 9.78815556e-01 5.87782800e-01 7.60284543e-01
    6.36447608e-01 3.08353484e-01 4.08651441e-01 1.35142297e-01
    9.69042659e-01 8.18340898e-01 8.20995212e-01 6.26869678e-01
    9.03570414e-01 7.52348661e-01 3.19595993e-01 3.68738055e-01
    6.47433639e-01 1.19542658e-01 1.27711862e-01 6.59376383e-04
    6.94218755e-01 7.49551773e-01 9.27114367e-01 9.95049477e-01
    2.27115482e-01 8.85949075e-01 2.93778270e-01 1.48582458e-02
    4.77968067e-01 5.40270329e-01 2.44110554e-01 6.24985039e-01
    8.69156241e-01 9.27369893e-01 6.81698918e-01 6.64375365e-01
    5.58545887e-02 3.13513577e-01 5.05442441e-01 6.68368936e-01
    9.10875022e-01 6.93017483e-01 9.21197772e-01 2.52899855e-01
    9.73433554e-01 3.49274278e-02 1.48870379e-01 7.34837890e-01
    5.27223289e-01 5.30293822e-01 3.67691040e-01 9.06772196e-01
    8.52720261e-01 1.90434039e-01 5.56023002e-01 9.45613265e-01
    3.02315176e-01 4.49415386e-01 2.54928380e-01 1.34620368e-01
    6.65752888e-01 5.02428293e-01 9.63920355e-01 9.78104353e-01
    3.64413619e-01 4.91597354e-02 7.55616069e-01 1.26056999e-01
    9.30825591e-01 5.04304409e-01 3.52359593e-01 5.42503834e-01
    8.62793922e-01 9.07907665e-01 9.63837445e-01 5.63795209e-01
    4.24382210e-01 5.62721491e-03 5.04024923e-01 4.34156835e-01
    1.44984812e-01 8.49088669e-01 9.84664440e-01 8.10388446e-01
    2.61762857e-01 2.83125818e-01 1.84154510e-01 8.36750507e-01
    1.60049140e-01 1.47544712e-01 6.61470771e-01 4.69319284e-01
    4.31092352e-01 9.05020714e-01 7.42782116e-01 1.16273791e-01
    9.75098848e-01 1.91162497e-01 2.94932723e-01 3.51111889e-01
    5.27543783e-01 5.58370471e-01 1.89431936e-01 8.36720228e-01
    8.65032911e-01 2.59117424e-01 5.50455868e-01 2.21181065e-01
    3.12319040e-01 5.03480375e-01 9.84506309e-02 7.03948438e-02
    6.08119130e-01 4.69977260e-02 1.35818273e-01 4.33716983e-01
    7.36088753e-02 4.71250564e-01 6.93909287e-01 4.92165178e-01
    6.38254344e-01 1.80213988e-01 9.50235724e-01 5.56941390e-01
    6.30314171e-01 2.49307990e-01 9.96000171e-02 5.15620172e-01
    6.07652783e-01 2.80722022e-01 3.15802723e-01 6.30167961e-01
    4.55453783e-01 4.79183882e-01 5.53725421e-01 6.77860618e-01
    2.54089236e-01 2.08036959e-01 5.64118981e-01 9.86477077e-01
    1.44510895e-01 4.09906805e-02 1.39258236e-01 2.86771059e-02
    8.31905603e-01 9.27469254e-01 5.22182643e-01 2.32033879e-01
    8.35083246e-01 9.21809435e-01 6.19661093e-01 7.75851607e-01
    7.83515096e-01 6.66906714e-01 5.69432080e-01 2.33616620e-01
    6.01476550e-01 4.81488913e-01 1.64758235e-01 5.03621578e-01
    6.22371614e-01 9.34286594e-01 6.28201842e-01 7.73780823e-01
    5.96253753e-01 2.33805150e-01 8.01326156e-01 1.54436082e-01
    8.42687547e-01 6.50870323e-01 7.76302636e-01 1.10786617e-01
    3.14725995e-01 6.98319197e-01 1.27935380e-01 6.55237317e-01
    6.82683527e-01 1.58285916e-01 6.81812763e-01 6.89981461e-01
    2.38273740e-01 2.63159215e-01 2.18464673e-01 7.48231471e-01
    9.75650549e-03 8.79437685e-01 2.47563720e-01 3.37933362e-01
    1.50732040e-01 3.55448484e-01 3.17660481e-01 2.66196370e-01
    8.24801445e-01 4.36059713e-01 1.84026539e-01 4.66035694e-01
    7.17355430e-01 8.94077182e-01 4.89630610e-01 3.22064161e-01
    5.82363844e-01 6.34065807e-01 9.62503970e-01 7.58144021e-01
    9.97889936e-02 1.01825893e-01 3.84059548e-01 5.14139712e-01
    2.14268267e-02 7.37764239e-02 1.48903310e-01 8.47467184e-01
    6.30160809e-01 2.28807092e-01 5.92668414e-01 7.55736232e-02
    5.49687147e-01 2.27037132e-01 9.17447805e-01 5.90516627e-01
    4.09383148e-01 9.48095441e-01 5.74076593e-01 8.64320457e-01
    8.04222405e-01 5.96349478e-01 5.25227666e-01 7.00191975e-01
    9.83908296e-01 6.42251849e-01 0. 0. 0. 0. 0. 0. 0. 0. 0. 0. 0. 0. 0.
    0. 0. 0. 0. 0. 1.42725021e-01 8.46062183e-01 1.68752074e-01
    1.75006121e-01 7.75448620e-01 2.66869962e-01 7.23658562e-01
    7.12799311e-01 1.04496390e-01 3.18524241e-03 5.16202331e-01
    9.58703637e-01 3.86164784e-01 2.06715614e-01 4.19240177e-01
    3.58977914e-01 3.20405066e-01 2.79918313e-01 7.86131859e-01
    2.06105500e-01 6.26825035e-01 6.39202058e-01 4.12122577e-01
    4.03408349e-01 4.85227138e-01 9.83068228e-01 1.38302952e-01
    4.25351381e-01 1.35630220e-01 9.09772754e-01 7.91809738e-01
    1.78766906e-01 5.93690634e-01 5.44402540e-01 5.52346170e-01
    6.93353415e-02 2.00435251e-01 6.90588355e-01 9.39794302e-01
    7.49711037e-01 8.22281480e-01 2.28948891e-02 5.37019968e-03
    5.92827797e-01 7.37102330e-02 2.55164564e-01 3.88827920e-01
    9.38996792e-01 4.70355183e-01 3.76018316e-01 2.45932758e-01
    1.20262295e-01 9.23715591e-01 1.76548272e-01 5.17626286e-01
    4.72695291e-01 7.28403628e-01 1.28742516e-01 3.23564231e-01
    5.52502632e-01 1.82282150e-01 5.97307444e-01 3.94180119e-01
    4.74190593e-01 9.69650507e-01 3.98920923e-01 7.93156326e-02
    6.69807553e-01 6.27211094e-01 6.76149487e-01 2.33394921e-01
    9.79217291e-01 1.77533299e-01 1.88290119e-01 7.99590290e-01
    4.77602422e-01 6.72737122e-01 2.84051806e-01 5.53130925e-01
    6.35110617e-01 1.42378241e-01 5.17709911e-01 7.36475706e-01
    8.75645816e-01 2.18557358e-01 2.48097122e-01 7.26555943e-01
    2.51850069e-01 2.05612987e-01 4.51047510e-01 3.25939566e-01
    7.18983352e-01 3.75342160e-01 5.35832226e-01 3.65026832e-01
    1.24590397e-02 3.46972972e-01 4.18034583e-01 5.26454985e-01
    5.97073853e-01 9.09826159e-01 7.92504787e-01 1.05317175e-01
    8.16179752e-01 1.11250877e-01 2.51304924e-01 7.51540065e-02
    4.80808616e-02 7.61323810e-01 8.02178621e-01 1.26856863e-01
    2.26964623e-01 6.89656973e-01 1.36588335e-01 7.45677054e-01
    4.82416987e-01 9.19595361e-02 2.81092286e-01 8.91898870e-02
    6.25233769e-01 1.83759034e-01 1.86413348e-01 3.44923258e-01
    9.45516229e-02 1.43944740e-01 6.95983887e-01 3.73788953e-01
    9.06509995e-01 4.96312529e-01 2.04640895e-01 5.88894367e-01
    8.05211902e-01 1.22803122e-01 8.54412675e-01 9.86180544e-01
    4.41896498e-01 4.51174349e-01 1.23989373e-01 2.83899486e-01
    5.10775566e-01 4.89011139e-01 4.40542758e-01 8.18643153e-01
    2.16111094e-01 6.28409326e-01 8.10893476e-02 4.23757434e-01
    3.25316131e-01 7.76859879e-01 2.90526211e-01 3.43571305e-02
    8.56569052e-01 2.97301292e-01 1.08530402e-01 9.24999595e-01
    4.67032522e-01 2.28594214e-01 8.50641727e-02 6.43133640e-01
    9.74908471e-01 6.98388219e-01 9.73858535e-01 6.15785241e-01
    4.62810159e-01 7.46358156e-01 7.27802038e-01 4.97555733e-01
    4.51926410e-01 7.57582784e-01 2.14206010e-01 6.19269490e-01
    1.46023214e-01 3.75017881e-01 9.73840654e-02 1.73357129e-03
    6.20751381e-02 9.26271081e-01 6.02331758e-01 4.57447261e-01
    5.58615625e-02 4.76977021e-01 2.58583218e-01 1.66723937e-01
    2.06945837e-02 9.29044485e-02 5.36473393e-02 3.33113730e-01
    7.77873635e-01 2.26902336e-01 2.70941556e-01 2.57290602e-02
    9.63065028e-01 1.12699151e-01 5.16177475e-01 8.77534986e-01
    9.35849190e-01 1.15710437e-01 7.72567630e-01 8.61272573e-01
    3.80307972e-01 6.56232357e-01 7.76493788e-01 6.13102317e-02
    2.54554749e-01 1.62680864e-01 2.08185136e-01 5.05949318e-01
    7.13002086e-01 7.90565133e-01 8.04316103e-02 8.98143172e-01
    7.44178295e-02 4.15545613e-01 3.48681748e-01 4.83866572e-01
    7.02025771e-01 5.49548328e-01 3.94177437e-02 1.78410858e-01
    1.88826293e-01 4.33074504e-01 8.86917830e-01 9.65757966e-01
    3.51178408e-01 8.39090049e-02 3.55451196e-01 4.58321393e-01
    8.54441166e-01 3.61880839e-01 4.50746387e-01 9.70862389e-01
    4.44106817e-01 9.78939652e-01 4.05332357e-01 8.42314839e-01
    1.06843561e-01 1.83153450e-02 1.14190102e-01 4.93489027e-01
    3.26498359e-01 1.17930800e-01 5.00462949e-02 3.62581372e-01
    7.44934559e-01 3.14114332e-01 7.82773435e-01 2.13331729e-01
    9.56418276e-01 8.73756051e-01 8.94435346e-02 6.72239661e-01
    6.65138006e-01 1.22608811e-01 6.17907107e-01 3.43450606e-02
    4.59992826e-01 0. 0. 0. 0. 0. 0. 0. 0. 0. 0. 0. 0. 0. 0. 0. 0. 0. 0.
    9.73704219e-01 6.06561244e-01 6.70302868e-01 5.51391006e-01
    3.25847208e-01 9.41749215e-01 4.93773818e-01 7.30615258e-01
    7.47438729e-01 4.82146800e-01 2.15831548e-01 2.15172827e-01
    6.21634722e-03 5.35784662e-01 5.49226701e-02 4.90826875e-01
    6.06213987e-01 6.23229265e-01 5.18134594e-01 4.78329659e-01
    2.15349466e-01 8.55717897e-01 3.45459938e-01 2.66213417e-02
    5.29588401e-01 2.65494615e-01 8.21624041e-01 7.46449411e-01
    8.53453994e-01 5.67575097e-01 3.70638788e-01 2.16911107e-01
    6.12994730e-02 8.66471767e-01 3.57283205e-01 3.30880880e-01
    4.20878083e-01 3.59689713e-01 2.19163686e-01 8.10108364e-01
    6.87257707e-01 5.87492526e-01 9.13915813e-01 4.91711497e-03
    9.84887838e-01 5.62955558e-01 6.95754588e-02 1.42239302e-01
    4.97293204e-01 4.27818209e-01 4.70538229e-01 9.41392183e-01
    2.39409178e-01 6.81718528e-01 2.45298862e-01 7.13930845e-01
    2.12185979e-02 6.54579937e-01 3.80633086e-01 5.31894445e-01
    6.17273927e-01 3.97561610e-01 6.79058433e-01 6.41615093e-01
    7.44486690e-01 9.93473172e-01 9.54645872e-03 1.22617185e-02
    2.13165194e-01 3.39063048e-01 7.02421606e-01 8.48173797e-02
    9.24532592e-01 7.63291299e-01 9.39272404e-01 2.73649812e-01
    8.34763646e-02 5.86049378e-01 7.71887600e-01 9.36064005e-01
    6.85724020e-01 6.11857533e-01 3.87948751e-03 5.64419031e-01
    2.93135166e-01 6.82754457e-01 1.56234473e-01 7.24050105e-02
    3.53616536e-01 8.90423000e-01 7.36724973e-01 2.94410229e-01
    3.72348487e-01 1.60016000e-01 5.65528870e-04 2.34918922e-01
    1.80718631e-01 4.82601285e-01 1.75338089e-02 1.26518309e-01
    8.87508690e-01 5.80548942e-02 5.95338404e-01 2.83603221e-01
    9.11584496e-01 8.97597790e-01 7.78817534e-01 8.49875569e-01
    5.41299701e-01 1.35529816e-01 8.69742990e-01 8.79362762e-01
    3.87823075e-01 4.48052257e-01 8.87487113e-01 5.26878059e-01
    2.79146910e-01 9.95684147e-01 7.66010523e-01 4.21728879e-01
    3.66138935e-01 4.12441790e-01 5.51739812e-01 5.70189595e-01
    9.96689141e-01 5.52180648e-01 7.29241133e-01 1.53122067e-01
    7.75548339e-01 7.30351567e-01 5.81352413e-01 6.62244916e-01
    8.14909101e-01 5.97646117e-01 8.41029584e-02 2.41117299e-01
    8.02355647e-01 7.04989672e-01 7.72363544e-02 1.50906652e-01
    4.61394489e-01 9.77767646e-01 1.89605922e-01 6.09304667e-01
    1.18227631e-01 5.17483294e-01 2.88024485e-01 4.26323026e-01
    4.29473430e-01 7.85971761e-01 1.63729221e-01 3.58059704e-01
    3.21780324e-01 4.19826150e-01 1.00943118e-01 9.34730053e-01
    5.99139333e-02 4.97918695e-01 7.85621703e-02 9.73126888e-01
    2.68757641e-01 2.33521760e-01 4.87530410e-01 1.50302351e-02
    9.96999145e-02 3.27658057e-02 1.74032599e-01 2.78111696e-02
    6.00112915e-01 1.21258020e-01 5.65592945e-02 3.99972200e-02
    6.43286824e-01 2.14735866e-01 4.40699697e-01 3.45135629e-01
    1.45451128e-02 9.77342784e-01 6.47060633e-01 9.24625933e-01
    1.79684281e-01 5.19002855e-01 9.40709233e-01 7.40172148e-01
    3.02510887e-01 8.65422249e-01 4.54107463e-01 5.07517338e-01
    3.33932042e-01 1.30334258e-01 3.23843777e-01 3.06529999e-01
    3.10484529e-01 4.38538253e-01 2.98837900e-01 1.43554538e-01
    7.65808225e-01 5.88210344e-01 7.50527382e-02 7.86130309e-01
    6.95520639e-01 6.72631621e-01 7.75664091e-01 4.15416032e-01
    9.79093909e-01 6.89963341e-01 7.66778827e-01 4.44441617e-01
    9.40189064e-01 7.31152117e-01 2.63410151e-01 5.27592599e-02
    5.51192880e-01 5.04396796e-01 2.27498353e-01 9.90167618e-01
    2.31687188e-01 3.76221538e-03 3.97051781e-01 6.49957180e-01
    5.79753518e-03 1.16973519e-02 6.54034317e-02 1.64289564e-01
    4.54164684e-01 9.53011394e-01 7.78524280e-01 3.49392027e-01
    5.70389628e-02 8.31905127e-01 4.55318034e-01 2.77144015e-02
    4.31975752e-01 5.92718124e-01 6.81611896e-01 3.76354843e-01
    4.88996536e-01 8.28004837e-01 2.37577915e-01 5.84750533e-01
    2.71324307e-01 3.99649292e-01 9.83409286e-01 3.69079649e-01
    5.87751031e-01 9.51968193e-01 9.59882617e-01 4.02011037e-01
    2.92714328e-01 3.11736673e-01 7.13254690e-01 6.20305300e-01
    8.57700109e-02 9.90906954e-02 2.09205210e-01 2.28220880e-01 0. 0. 0.
    0. 0. 0. 0. 0. 0. 0. 0. 0. 0. 0. 0. 0. 0. 0. 8.08589399e-01
    7.62701392e-01 7.65014887e-01 5.59829772e-01 5.61713278e-01
    6.83011651e-01 4.60913479e-02 5.48615217e-01 4.51765120e-01
    9.28889811e-02 4.01875377e-01 9.63638306e-01 9.15743470e-01
    8.29492271e-01 3.59451532e-01 5.52023947e-01 9.73476768e-01
    2.30934322e-01 1.23184353e-01 7.37294853e-01 1.14802390e-01
    1.99238926e-01 2.96997130e-01 3.99876952e-01 8.27656984e-01
    7.92124748e-01 1.46961570e-01 5.58673799e-01 7.90531456e-01
    7.01528072e-01 9.47775781e-01 4.34462160e-01 1.14769250e-01
    9.94285464e-01 9.48420346e-01 5.91003358e-01 6.53448761e-01
    3.99587125e-01 4.05478001e-01 6.06069505e-01 8.31219494e-01
    9.43217516e-01 7.59794950e-01 7.27296293e-01 7.04914510e-01
    8.68775249e-01 7.95120716e-01 7.27277100e-02 1.71995908e-01
    5.86565852e-01 2.23154426e-02 8.05577517e-01 8.06871176e-01
    5.51645398e-01 9.61058974e-01 2.35958517e-01 4.71880674e-01
    7.47994483e-02 2.33089596e-01 4.94548351e-01 5.45480847e-01
    5.14255524e-01 5.74565709e-01 6.56035542e-01 1.31008238e-01
    6.46188259e-02 5.06720543e-01 6.97166204e-01 3.39486688e-01
    8.72648776e-01 3.65669668e-01 9.09382045e-01 4.81808543e-01
    5.47130644e-01 6.58267617e-01 1.14352435e-01 9.82998133e-01
    9.90231156e-01 3.00871611e-01 7.91138113e-02 9.72332478e-01
    3.72000337e-01 4.97571588e-01 3.63496721e-01 8.87296081e-01
    7.80785978e-01 4.78418082e-01 6.69547558e-01 6.26918852e-01
    9.07038450e-02 9.45699334e-01 5.71683824e-01 7.65972853e-01
    4.30710137e-01 2.73763508e-01 6.55193210e-01 5.19981682e-02
    3.84429902e-01 2.33158976e-01 6.11970961e-01 9.73256528e-01
    2.68252671e-01 4.63140726e-01 2.95385003e-01 4.68948573e-01
    2.79370189e-01 6.82363033e-01 6.35213256e-01 7.93526888e-01
    9.21061873e-01 6.91914976e-01 3.42739224e-01 6.61210477e-01
    6.73214734e-01 2.77763397e-01 4.31625962e-01 9.77430582e-01
    4.14966047e-02 4.07263666e-01 7.99091101e-01 3.58407587e-01
    6.62331045e-01 4.78740126e-01 1.51664555e-01 7.86494374e-01
    1.65885955e-01 3.64887059e-01 4.12410796e-01 7.93939948e-01
    8.47013056e-01 6.59239173e-01 1.49447680e-01 7.89353013e-01
    6.33695483e-01 7.92902291e-01 8.43858361e-01 9.41479206e-02
    3.87355328e-01 4.55897808e-01 5.64272404e-01 2.56515652e-01
    5.12006223e-01 6.10111117e-01 4.37879860e-01 3.02004576e-01
    6.25677645e-01 4.26111132e-01 6.73328578e-01 3.65022719e-02
    3.17196101e-01 9.27182972e-01 3.85402501e-01 1.03330970e-01
    2.38188058e-01 1.24860942e-01 6.82984233e-01 5.10868490e-01
    1.33079439e-01 1.00230992e-01 2.77205855e-01 4.15078938e-01
    6.79316044e-01 5.34720600e-01 1.87898815e-01 3.44809473e-01
    6.30759060e-01 7.12825537e-01 9.94217157e-01 3.47112030e-01
    4.86690283e-01 8.30354691e-01 8.39803398e-01 5.59275389e-01
    2.99056709e-01 7.92503595e-01 2.30504811e-01 7.06973195e-01
    2.96494424e-01 6.82131588e-01 6.55977190e-01 2.52678275e-01
    9.11672175e-01 9.25111175e-02 2.16069907e-01 1.92628503e-01
    9.50793684e-01 2.21378416e-01 3.73874307e-02 5.10519683e-01
    9.16447401e-01 7.89781630e-01 8.71445537e-02 8.88550997e-01
    1.62465423e-01 9.43676889e-01 6.83204234e-02 4.87021893e-01
    9.27870333e-01 5.66493988e-01 4.14875954e-01 7.72082090e-01
    8.84772003e-01 9.39008832e-01 8.47688377e-01 4.05776143e-01
    4.51664329e-02 4.62053359e-01 7.95509517e-02 1.85254008e-01
    9.31599200e-01 2.59518713e-01 3.42895865e-01 8.90533030e-01
    8.05764318e-01 7.34276891e-01 7.92456686e-01 5.44506729e-01
    9.52917993e-01 2.93775439e-01 3.17227602e-01 3.40721190e-01
    4.83532548e-02 1.79867923e-01 2.07056165e-01 3.64406645e-01
    2.81842649e-02 4.25077379e-01 8.79665136e-01 7.86074877e-01
    5.62535226e-01 7.34943211e-01 8.68959844e-01 5.38360417e-01
    5.25815010e-01 6.63091004e-01 7.55142689e-01 8.78694057e-01
    3.38683486e-01 3.57777357e-01 1.65424019e-01 5.24136901e-01
    2.00280190e-01 5.30384541e-01 9.63301420e-01 6.69944048e-01
    3.80672216e-01 2.20584720e-01 3.14900130e-01 1.51082546e-01
    1.60801083e-01 3.57074320e-01 7.33946979e-01 2.91832626e-01
    3.31502855e-01 3.27211022e-01 8.42636466e-01 0. 0. 0. 0. 0. 0. 0. 0.
    0. 0. 0. 0. 0. 0. 0. 0. 0. 0. 3.44405085e-01 6.33374453e-01
    5.53776145e-01 1.44196093e-01 7.45018184e-01 2.82801628e-01
    8.99749637e-01 8.95393848e-01 4.75522637e-01 1.46120727e-01
    1.37655467e-01 7.89485395e-01 8.27438831e-01 7.23111212e-01
    4.98652637e-01 1.20234311e-01 4.03443277e-01 5.71233392e-01
    5.75268865e-01 9.19721186e-01 3.44692707e-01 2.50672668e-01
    3.17040443e-01 1.53108507e-01 2.87962794e-01 4.47727442e-02
    5.23997724e-01 1.65349543e-02 9.83667135e-01 3.46626788e-01
    6.93479538e-01 9.88095343e-01 1.68744475e-01 4.72563267e-01
    9.51651931e-02 5.97765863e-01 9.73274589e-01 5.22380471e-01
    5.29573262e-01 8.53911519e-01 1.57354891e-01 1.36485040e-01
    1.01141065e-01 2.29274869e-01 4.18488383e-02 4.77349192e-01
    9.56624985e-01 4.17910218e-02 7.32643008e-01 1.59863681e-01
    2.32064784e-01 1.39456362e-01 3.74003679e-01 9.37763691e-01
    5.84487736e-01 5.31220198e-01 8.18733156e-01 9.73609388e-02
    8.14859152e-01 2.85697281e-01 8.34053993e-01 7.55918980e-01
    6.42065108e-02 5.18001199e-01 1.90665573e-01 6.58587098e-01
    7.80399144e-02 4.93085057e-01 2.69915909e-01 5.91780782e-01
    9.03412580e-01 3.65203381e-01 5.00269234e-01 4.36856210e-01
    3.91118228e-02 2.67593145e-01 6.56252146e-01 9.62889433e-01
    1.90385193e-01 7.49918342e-01 4.79621887e-01 9.04858410e-02
    5.33458591e-03 9.87617612e-01 3.68922472e-01 5.05454302e-01
    2.69368976e-01 9.74950075e-01 6.21121764e-01 9.07896757e-01
    2.95308143e-01 3.12807798e-01 6.03642344e-01 6.54799283e-01
    2.82441020e-01 8.62783074e-01 2.88120657e-01 6.06225491e-01
    9.12853479e-02 9.84309435e-01 9.13724661e-01 9.88147855e-01
    1.08267963e-02 1.09532505e-01 5.37312388e-01 2.16505587e-01
    5.23410797e-01 1.97326541e-01 4.12362665e-01 7.53012538e-01
    9.07635391e-01 6.16866171e-01 5.60568511e-01 4.79603082e-01
    7.86835432e-01 2.82181263e-01 4.45189208e-01 9.34423447e-01
    8.98825288e-01 6.38516843e-01 7.24002361e-01 9.80748773e-01
    1.32763147e-01 3.67583930e-01 6.35053396e-01 6.86309516e-01
    9.71511066e-01 5.37076473e-01 3.03802282e-01 1.55874729e-01
    4.28929329e-02 9.15011525e-01 3.78595769e-01 8.56671929e-01
    6.07617676e-01 1.05231464e-01 2.15553224e-01 6.28667057e-01
    5.72340250e-01 1.21389687e-01 3.52391481e-01 4.58144993e-01
    6.70900404e-01 8.90853047e-01 4.81277347e-01 7.83523738e-01
    6.21090829e-01 9.11794126e-01 8.67163301e-01 6.77517772e-01
    1.22958213e-01 2.12022603e-01 3.76684785e-01 2.28294492e-01
    5.20868123e-01 9.02387679e-01 9.36349690e-01 6.46779716e-01
    1.32644773e-01 3.91113937e-01 6.33761883e-02 9.64495718e-01
    5.04868329e-02 4.13511634e-01 2.06559896e-02 3.72064471e-01
    8.76526952e-01 5.13559878e-01 4.65427220e-01 9.05367136e-01
    7.90900111e-01 3.57314050e-01 1.59263611e-04 5.22851348e-02
    8.13058972e-01 8.37207377e-01 4.78274018e-01 9.89844143e-01
    1.15725785e-01 9.80137885e-02 8.17892313e-01 7.09340811e-01
    5.58328211e-01 7.55240560e-01 4.93200928e-01 6.32721066e-01
    6.64406478e-01 1.37021065e-01 9.16510522e-02 7.09583759e-01
    3.65134656e-01 7.34271288e-01 3.06958050e-01 6.41285360e-01
    2.35966295e-01 2.93877631e-01 1.42037362e-01 4.36836839e-01
    8.57388496e-01 4.32899505e-01 9.00831997e-01 9.98034596e-01
    3.27678025e-02 7.35609412e-01 1.36098713e-01 5.05464792e-01
    5.92454851e-01 7.19014227e-01 7.75271654e-02 3.48931968e-01
    8.14379573e-01 4.56181049e-01 9.32278633e-01 1.18657619e-01
    5.69045663e-01 7.54858732e-01 7.39189088e-01 7.32968092e-01
    6.66636527e-01 2.17952549e-01 1.11297399e-01 2.89595485e-01
    8.53702784e-01 2.68965960e-01 3.44989151e-01 6.91250563e-01
    1.83124334e-01 3.57071459e-01 1.71380311e-01 2.03196377e-01
    5.99065483e-01 9.89789069e-02 9.89396214e-01 6.32534742e-01
    1.60062850e-01 2.94335157e-01 1.07444048e-01 7.71182060e-01
    8.61073136e-02 8.66528869e-01 7.20898807e-02 1.55107379e-02
    6.42475843e-01 4.88465190e-01 2.29078233e-02 5.02788842e-01
    7.71875441e-01 4.05145109e-01 3.05995226e-01 9.39468622e-01
    1.92687690e-01 8.57795835e-01 4.17995363e-01 1.88589364e-01
    7.29375482e-02 1.55984253e-01 0. 0. 0. 0. 0. 0. 0. 0. 0. 0. 0. 0. 0.
    0. 0. 0. 0. 0. 4.60034043e-01 2.47924834e-01 4.40929890e-01
    5.36850512e-01 3.28837901e-01 5.39200306e-02 2.21797824e-02
    1.95068419e-01 4.74380553e-02 9.47246253e-01 1.07943267e-01
    5.52825987e-01 7.77893782e-01 7.11155355e-01 2.77543664e-02
    1.35552883e-03 3.77691537e-01 2.24635124e-01 1.54735744e-01
    6.64521515e-01 9.81889069e-02 4.19115394e-01 7.57734776e-02
    1.45263791e-01 5.98966897e-01 6.25985622e-01 3.03786397e-02
    3.80034685e-01 7.93042064e-01 4.16560680e-01 2.13695407e-01
    9.37701702e-01 1.60128117e-01 1.40990049e-01 8.50921035e-01
    8.84946704e-01 9.90549862e-01 3.93809408e-01 6.34175122e-01
    1.32768899e-01 2.28880495e-01 7.64645338e-01 1.33646578e-01
    5.20891011e-01 1.64125919e-01 4.31538433e-01 7.75484681e-01
    8.60392928e-01 6.54340744e-01 2.83120513e-01 7.09698856e-01
    4.03450400e-01 4.61099088e-01 4.22890782e-01 4.55708832e-01
    3.57210457e-01 9.41339672e-01 5.93858302e-01 3.98301184e-01
    5.45095742e-01 5.51716864e-01 7.69265532e-01 1.49978966e-01
    4.68671471e-01 9.62982059e-01 7.25368977e-01 2.34645426e-01
    6.27722442e-01 1.51670724e-01 5.58746874e-01 6.33335114e-01
    9.78288054e-01 2.54529238e-01 9.53829885e-01 7.23941147e-01
    3.91892731e-01 2.67213464e-01 4.50551808e-01 6.64833844e-01
    6.21086538e-01 2.71968842e-01 4.56276774e-01 7.26758480e-01
    3.93444866e-01 8.74985099e-01 6.06820166e-01 6.21448994e-01
    5.99351108e-01 4.52858239e-01 5.17992318e-01 3.74919087e-01
    2.35222131e-01 5.64440489e-01 2.89862871e-01 5.06582737e-01
    6.69091940e-04 6.32537544e-01 5.13579249e-02 1.39678836e-01
    8.37879419e-01 3.56628299e-01 9.87854481e-01 8.53898823e-02
    9.01263595e-01 7.54312277e-01 3.26519459e-01 6.58952296e-01
    3.17025900e-01 7.37064898e-01 7.41322160e-01 6.02555454e-01
    6.29717708e-01 7.50235319e-01 8.24281156e-01 5.61023176e-01
    7.43011832e-02 3.74969542e-01 4.03238863e-01 1.11932784e-01
    6.67000651e-01 7.15647817e-01 8.78239751e-01 1.44177407e-01
    3.14368099e-01 8.02979290e-01 7.39996135e-01 9.57864761e-01
    7.53661275e-01 8.55598092e-01 1.17583424e-01 4.89762157e-01
    2.13606268e-01 4.92380857e-02 2.98083186e-01 8.63171339e-01
    8.42466950e-02 9.91653919e-01 8.83681655e-01 5.04977167e-01
    1.15412652e-01 5.61259389e-01 7.40903258e-01 6.91002011e-01
    1.20248348e-01 2.34715879e-01 4.37451422e-01 1.52144909e-01
    5.27321160e-01 3.22624743e-01 5.55599391e-01 2.24175215e-01
    7.75050879e-01 9.23476219e-01 2.50270605e-01 7.78793097e-01
    9.42370474e-01 7.51851797e-01 3.23558807e-01 7.16206729e-01
    3.98199469e-01 4.06533480e-03 4.19798464e-01 5.15521169e-02
    2.64964819e-01 9.86988246e-02 2.00627714e-01 5.24659157e-02
    6.91158950e-01 2.74735749e-01 6.53591454e-01 9.50702190e-01
    8.96919191e-01 1.25684738e-02 4.95090961e-01 4.07215059e-02
    9.93034482e-01 2.31094390e-01 6.61327362e-01 4.48061079e-01
    3.43334198e-01 7.45636106e-01 7.58651376e-01 5.60854733e-01
    4.65395987e-01 3.28694344e-01 1.41540170e-01 4.06884670e-01
    2.56997496e-01 6.95103168e-01 1.73930407e-01 9.01432335e-02
    8.99513900e-01 7.96993315e-01 5.65338552e-01 1.94483697e-01
    7.21512198e-01 9.61143136e-01 7.61199296e-02 4.52119797e-01
    9.46152091e-01 3.37805212e-01 8.73167753e-01 5.35028100e-01
    9.56272125e-01 9.11594391e-01 1.97411120e-01 2.29082912e-01
    7.83307791e-01 4.84102219e-01 2.90560126e-02 1.61461681e-01
    8.06640983e-01 4.04778540e-01 8.41711223e-01 3.94827664e-01
    6.00029349e-01 6.99059010e-01 3.10706258e-01 8.50424588e-01
    7.76039600e-01 8.67180109e-01 6.76641822e-01 9.57666159e-01
    2.41840839e-01 8.41624439e-01 8.16177487e-01 1.41055524e-01
    9.97301877e-01 9.40388858e-01 6.34128749e-01 3.29628497e-01
    5.31269789e-01 9.71264243e-01 2.62875855e-02 7.63282001e-01
    6.85451984e-01 7.84248114e-02 5.21057367e-01 9.00820553e-01
    5.95124364e-02 8.09963584e-01 7.96482563e-01 9.35913086e-01
    3.80123556e-01 3.05736512e-01 4.57058668e-01 3.56925011e-01
    5.58145463e-01 3.76466155e-01 2.87018657e-01 1.38804704e-01
    2.77519226e-02 1.74070269e-01 6.91652358e-01 7.61068225e-01
    5.79709649e-01 0. 0. 0. 0. 0. 0. 0. 0. 0. 0. 0. 0. 0. 0. 0. 0. 0. 0.
    3.92996907e-01 8.86213303e-01 1.15062803e-01 4.93806183e-01
    5.90439439e-01 2.90241659e-01 5.73490500e-01 9.53386426e-01
    8.54966402e-01 1.54713094e-02 9.74877477e-02 8.44434977e-01
    2.63039112e-01 9.11877751e-01 6.99078023e-01 8.71640444e-01
    2.81983435e-01 1.78781778e-01 9.37307954e-01 3.26734126e-01
    1.30114436e-01 2.99826920e-01 3.53006363e-01 8.34496856e-01
    7.58534372e-02 4.98148918e-01 5.59049129e-01 8.47985208e-01
    9.28357422e-01 4.04875368e-01 4.66554403e-01 4.40521389e-01
    2.20680237e-03 7.07356393e-01 3.49393010e-01 8.30578089e-01
    4.26581264e-01 8.57530355e-01 7.79332638e-01 2.74685711e-01
    5.72565734e-01 6.20464504e-01 2.08686441e-01 9.17298198e-01
    2.37006187e-01 6.43168747e-01 7.80545354e-01 6.61103010e-01
    2.10431367e-01 2.28697032e-01 2.85907507e-01 2.34579593e-01
    5.43268323e-02 1.98731273e-01 1.13643169e-01 3.13496888e-01
    5.03967822e-01 6.48276925e-01 3.12922001e-02 8.35307956e-01
    3.23675156e-01 1.24033034e-01 1.07607812e-01 5.37955999e-01
    3.03966582e-01 7.71333039e-01 5.52241921e-01 8.35967302e-01
    5.88715494e-01 2.03502536e-01 8.87236834e-01 8.40079069e-01
    2.44316757e-01 7.76304722e-01 4.69363630e-02 5.40344238e-01
    6.89371228e-02 1.51997417e-01 3.80629390e-01 9.95851517e-01
    6.52636647e-01 5.10961235e-01 1.65666491e-01 5.67626417e-01
    7.42812634e-01 5.96461296e-01 6.07864916e-01 4.95676935e-01
    7.59844005e-01 2.24945217e-01 2.64189482e-01 8.42729032e-01
    7.86860824e-01 7.80247808e-01 2.10026652e-01 5.90370417e-01
    4.37247574e-01 6.89380586e-01 4.97099668e-01 8.65269899e-01
    1.58854187e-01 3.13305587e-01 5.25892258e-01 2.19088614e-01
    1.14826411e-01 4.51911837e-01 3.93455267e-01 3.60618412e-01
    4.60663289e-01 7.95470178e-02 5.32900095e-02 1.41036034e-01
    2.90024996e-01 4.90659714e-01 6.99949980e-01 7.06510842e-01
    7.73166060e-01 4.47939903e-01 2.82869458e-01 2.27256417e-02
    3.46758276e-01 9.93245840e-02 1.25410646e-01 8.73146892e-01
    6.94270968e-01 6.80600643e-01 3.82781923e-02 6.21362925e-01
    9.93651032e-01 2.92467475e-01 9.46303725e-01 2.73721814e-01
    8.93598199e-01 8.21398735e-01 7.06913292e-01 8.71082485e-01
    3.71316075e-01 5.63268960e-01 6.53373778e-01 7.92793274e-01
    3.59522462e-01 5.58018863e-01 4.05471206e-01 1.10781729e-01
    9.83292222e-01 7.64526963e-01 9.10438120e-01 6.29214168e-01
    7.10006356e-01 4.40586567e-01 4.18275952e-01 3.25162649e-01
    5.83100677e-01 5.88224232e-01 4.71375287e-01 2.47102439e-01
    6.97780132e-01 7.49989271e-01 4.74154234e-01 6.43436611e-02
    2.27394193e-01 2.51761377e-02 2.85912871e-01 9.59610939e-01
    9.66053069e-01 9.02631879e-03 6.53943241e-01 6.03975415e-01
    2.81177461e-02 9.04954374e-01 6.43213034e-01 5.46830893e-01
    2.15065360e-01 6.53175771e-01 4.59866136e-01 1.05739146e-01
    9.58730400e-01 2.54277617e-01 6.10602021e-01 2.20862806e-01
    7.69119501e-01 8.92813385e-01 5.73733032e-01 5.58461070e-01
    1.08578533e-01 6.05789065e-01 4.69761163e-01 8.14816713e-01
    9.62414920e-01 9.51704144e-01 7.11426437e-02 7.36025214e-01
    9.23804283e-01 6.97049856e-01 9.60129380e-01 9.96442080e-01
    3.04899246e-01 3.11147183e-01 6.08459473e-01 9.87691998e-01
    8.46988797e-01 6.47943556e-01 4.48116362e-01 9.25399721e-01
    3.93099666e-01 3.37330163e-01 5.90168774e-01 7.34070003e-01
    7.23928988e-01 3.34264010e-01 7.40780592e-01 6.85209453e-01
    6.41336441e-02 3.27067018e-01 7.95728207e-01 4.75024611e-01
    1.86178505e-01 9.72953439e-01 6.62970245e-01 5.73365331e-01
    4.06300068e-01 7.73897052e-01 9.62482989e-01 8.88874471e-01
    9.65582430e-02 6.90960646e-01 7.74693608e-01 8.71236682e-01
    2.93251395e-01 4.79525387e-01 9.27289605e-01 7.23419189e-01
    6.64840639e-01 6.86694264e-01 3.77962083e-01 7.98444092e-01
    3.07543993e-01 5.60119450e-02 2.21975267e-01 4.40899670e-01
    4.63164926e-01 5.65125227e-01 3.62151265e-01 4.02509332e-01
    3.87105346e-01 8.73730481e-01 7.96026111e-01 1.36403352e-01
    1.34935230e-01 2.51505792e-01 1.32512957e-01 1.25931621e-01
    3.67078573e-01 3.42009395e-01 7.30903089e-01 4.95963484e-01 0. 0. 0.
    0. 0. 0. 0. 0. 0. 0. 0. 0. 0. 0. 0. 0. 0. 0. 9.99104381e-01
    7.11986840e-01 1.48511618e-01 1.78901732e-01 9.93076921e-01
    4.50517803e-01 5.32706439e-01 1.10992163e-01 5.18937588e-01
    6.29535139e-01 7.34415948e-02 7.57801235e-01 7.15063572e-01
    2.16960967e-01 3.96384954e-01 8.37374151e-01 7.51782179e-01
    2.31788963e-01 1.01830095e-01 4.54072624e-01 7.15611875e-02
    9.63815093e-01 8.41015577e-01 4.42870706e-01 9.86946881e-01
    1.33802325e-01 7.27569461e-01 7.79254556e-01 6.71701789e-01
    7.38204598e-01 2.34316230e-01 1.18609041e-01 4.56230015e-01
    1.80532902e-01 8.87590766e-01 7.60979891e-01 1.23318285e-01
    4.97181326e-01 4.75255400e-01 8.34413171e-01 5.22738159e-01
    9.10928845e-01 5.63040376e-01 5.82653165e-01 3.13616395e-01
    8.01743984e-01 8.22847724e-01 6.23358607e-01 4.89901274e-01
    3.11896145e-01 8.85696888e-01 2.45240033e-01 8.58741283e-01
    1.26336545e-01 9.05110657e-01 4.72818434e-01 2.61002004e-01
    4.88361329e-01 5.95676661e-01 6.47082210e-01 1.24278575e-01
    1.88952565e-01 3.56997102e-01 3.21455210e-01 5.23061454e-01
    4.19502020e-01 2.68742442e-03 7.96711981e-01 2.98451781e-02
    8.54640007e-02 8.08475375e-01 5.32676041e-01 8.18186998e-01
    1.73336565e-01 8.97930622e-01 6.52763605e-01 8.13915730e-01
    7.35547721e-01 8.95664275e-01 7.60590315e-01 2.07044065e-01
    7.55251169e-01 2.01298445e-01 3.50546002e-01 1.60388708e-01
    7.38469243e-01 2.56618708e-01 1.83590710e-01 8.35466743e-01
    3.60197544e-01 3.31445336e-02 8.00112844e-01 9.26476002e-01
    7.06360102e-01 9.50618982e-01 4.09349084e-01 6.69923544e-01
    9.08313394e-01 9.53270793e-01 3.68434548e-01 1.55271143e-01
    4.30382371e-01 7.67400265e-01 5.58772385e-02 4.43407953e-01
    3.47393632e-01 2.46080607e-01 2.77958691e-01 5.08324504e-02
    9.40070868e-01 8.03056479e-01 6.04224205e-02 9.91694689e-01
    4.37694430e-01 2.22236872e-01 4.57704037e-01 6.72967017e-01
    6.69451118e-01 2.54645765e-01 4.50844765e-01 2.05092847e-01
    2.22106785e-01 5.01196921e-01 4.74692613e-01 4.36073452e-01
    9.91614163e-02 8.16049695e-01 5.26413918e-01 1.71234697e-01
    4.07912791e-01 3.76603752e-01 7.68350482e-01 3.83331209e-01
    6.12161636e-01 8.39767396e-01 3.11101258e-01 6.49664044e-01
    9.54289079e-01 5.99878669e-01 5.66329062e-02 3.85769844e-01
    6.71173513e-01 2.56443977e-01 3.25607985e-01 1.29978061e-02
    7.49227703e-02 7.50335097e-01 7.44856596e-02 4.41676944e-01
    3.03551346e-01 6.16173804e-01 2.53071904e-01 1.17504150e-01
    6.20492101e-01 2.59762049e-01 5.55373609e-01 8.75549912e-01
    1.64695621e-01 9.59096968e-01 2.03121781e-01 3.94464344e-01
    8.87071490e-01 5.02860427e-01 6.20708525e-01 8.97056937e-01
    4.50731546e-01 7.74961889e-01 5.01243591e-01 1.88989967e-01
    5.77851832e-01 3.27229440e-01 1.69504195e-01 4.10264820e-01
    4.45602715e-01 4.83634651e-01 3.34805548e-01 1.84584349e-01
    6.09206438e-01 9.71529007e-01 2.60609150e-01 6.82031214e-02
    5.06447494e-01 9.68717933e-01 7.99247980e-01 4.84677494e-01
    8.35462928e-01 9.58866179e-01 3.62990201e-02 9.26705837e-01
    4.57213253e-01 1.21901542e-01 9.11791325e-01 3.49309832e-01
    2.83444405e-01 1.74507678e-01 7.44380116e-01 7.91213036e-01
    5.49898028e-01 4.59511459e-01 2.10282147e-01 6.07751489e-01
    6.26113772e-01 5.12041330e-01 8.03870261e-02 9.34346676e-01
    4.49512780e-01 8.78961802e-01 4.96464282e-01 5.80838621e-01
    7.15902925e-01 8.19158614e-01 1.03990734e-01 5.17974794e-01
    5.77237904e-02 2.44982094e-01 2.72137463e-01 4.43544298e-01
    2.85907865e-01 8.37702096e-01 9.06608880e-01 9.32792008e-01
    2.42259204e-01 2.10335165e-01 4.90281671e-01 9.45245266e-01
    1.06961429e-02 6.81236804e-01 6.36577368e-01 9.96501327e-01
    2.02665716e-01 4.86993253e-01 3.87456775e-01 5.63327014e-01
    5.09135723e-02 2.05820769e-01 9.81813192e-01 2.93198824e-02
    2.45527714e-01 6.38089418e-01 3.59187335e-01 4.01159346e-01
    2.58221358e-01 4.89776313e-01 5.82127333e-01 5.12840748e-01
    8.27361703e-01 6.65016413e-01 8.27127337e-01 8.33509207e-01
    1.75569266e-01 9.59589779e-02 8.49468112e-01 8.28279972e-01
    9.54948545e-01 9.38649237e-01 4.79708046e-01 0. 0. 0. 0. 0. 0. 0. 0.
    0. 0. 0. 0. 0. 0. 0. 0. 0. 0. 1.57532901e-01 2.78131247e-01
    2.36056149e-02 5.54585695e-01 8.59325171e-01 7.26307511e-01
    1.05625063e-01 3.29477310e-01 8.78593385e-01 7.18449295e-01
    8.26340795e-01 4.00009930e-01 5.03384352e-01 1.98365808e-01
    5.71899295e-01 8.92296672e-01 2.30815589e-01 5.13877749e-01
    5.89767277e-01 6.76161289e-01 7.67969787e-02 3.24898899e-01
    9.32430267e-01 9.29335594e-01 8.41014504e-01 7.70849168e-01
    3.49689782e-01 2.61029243e-01 4.03967530e-01 6.09428585e-01
    4.29265320e-01 2.98043370e-01 5.57692111e-01 9.47150052e-01
    8.47866654e-01 7.29582965e-01 9.69142318e-01 1.76968455e-01
    1.45070404e-01 8.28644991e-01 9.70759511e-01 4.76008505e-01
    6.30315781e-01 3.39349091e-01 7.87799239e-01 8.28296900e-01
    6.07966006e-01 9.90957379e-01 5.47463834e-01 6.26484632e-01
    6.22377098e-01 5.00642955e-01 2.29945421e-01 7.12576866e-01
    2.94794500e-01 6.61487699e-01 2.63027579e-01 7.32061267e-01
    4.20827091e-01 6.19176984e-01 6.66464269e-01 2.86992788e-01
    1.10879511e-01 1.57200515e-01 5.75337112e-01 3.60359043e-01
    3.64388108e-01 2.03986496e-01 1.58791095e-01 7.94170618e-01
    4.39284265e-01 2.74154305e-01 6.92459881e-01 2.58789062e-01
    7.22362161e-01 3.86461794e-01 2.47987330e-01 1.65757209e-01
    3.18788588e-01 3.16408187e-01 2.01721519e-01 8.79951954e-01
    6.13942623e-01 6.12337887e-02 7.84483671e-01 6.50152922e-01
    1.15851223e-01 2.46936917e-01 4.21588391e-01 8.94485593e-01
    6.09683812e-01 4.53557789e-01 2.69148886e-01 6.85823262e-02
    5.95826626e-01 9.68508661e-01 5.45552135e-01 4.75012362e-02
    2.09256113e-02 6.33575439e-01 7.95970082e-01 5.53203762e-01
    2.80168325e-01 1.04383111e-01 6.77974463e-01 2.29699999e-01
    3.71090114e-01 8.71823430e-02 8.28148544e-01 1.84227437e-01
    4.29072231e-01 4.07372743e-01 9.89857793e-01 8.98587227e-01
    6.05955839e-01 2.47856677e-01 7.17363477e-01 3.80385101e-01
    3.71749341e-01 9.85824585e-01 4.55349267e-01 2.24135160e-01
    8.02106798e-01 1.51771039e-01 6.29373074e-01 8.44788849e-02
    6.44527733e-01 5.99235177e-01 6.99878693e-01 4.32660758e-01
    8.14318180e-01 7.96322227e-02 4.38382775e-01 7.41844654e-01
    9.11571264e-01 3.45380634e-01 9.77490067e-01 7.66794801e-01
    5.10693848e-01 1.28148735e-01 1.10384375e-01 7.54368663e-01
    1.86896712e-01 3.47596407e-03 6.53391123e-01 5.47263384e-01
    5.73356748e-01 9.72760558e-01 4.85257447e-01 4.71919090e-01
    4.13424909e-01 9.83071446e-01 9.54818606e-01 8.23398769e-01
    6.07832611e-01 8.74572635e-01 8.55218172e-02 1.08602881e-01
    9.30406928e-01 1.89633191e-01 2.96224236e-01 3.00618231e-01
    3.85173798e-01 4.94715154e-01 7.96486259e-01 5.53085268e-01
    4.93566692e-01 7.43431330e-01 2.62509584e-02 5.10895789e-01
    8.10051262e-02 1.41157389e-01 5.63078761e-01 8.31468403e-02
    8.01629305e-01 7.51824975e-01 3.98780018e-01 2.88351953e-01
    5.62717974e-01 8.06802273e-01 9.36724603e-01 1.71690673e-01
    6.21063590e-01 8.00961673e-01 7.30430543e-01 1.70440167e-01
    9.27856565e-02 3.00204992e-01 8.15210640e-01 9.74949002e-01
    8.40951443e-01 6.65326834e-01 2.10212678e-01 4.06110704e-01
    2.33670354e-01 7.79441357e-01 1.49762273e-01 6.77544475e-02
    7.34939158e-01 6.71152413e-01 5.49872994e-01 1.97586864e-01
    3.65517259e-01 9.75446939e-01 8.38027000e-02 9.33398843e-01
    9.70593095e-03 2.67494917e-02 9.20076251e-01 1.89243764e-01
    2.25381434e-01 6.26116693e-01 7.56415009e-01 7.04975367e-01
    9.53589380e-02 3.90537262e-01 5.98582327e-01 7.56631494e-02
    2.15150982e-01 6.67495012e-01 4.21046793e-01 5.62917531e-01
    4.00762379e-01 5.57453513e-01 3.08705807e-01 3.83253396e-01
    3.43447745e-01 9.77064073e-02 2.28752553e-01 2.15634108e-01
    7.17436075e-01 6.00879848e-01 7.87003517e-01 9.48617995e-01
    2.35418856e-01 4.62088168e-01 1.70841485e-01 3.49815130e-01
    6.05082691e-01 8.82328689e-01 5.90232313e-01 2.10794032e-01
    1.67298853e-01 4.90316063e-01 9.83557224e-01 3.48308831e-01
    5.30812919e-01 6.90339804e-02 2.87509531e-01 7.80069530e-01
    4.11888480e-01 8.28575134e-01 9.13342595e-01 5.39886117e-01
    1.80729747e-01 3.51003528e-01 0. 0. 0. 0. 0. 0. 0. 0. 0. 0. 0. 0. 0.
    0. 0. 0. 0. 0. 2.74309814e-01 4.85742450e-01 8.29442024e-01
    1.81202948e-01 2.74765432e-01 1.03625774e-01 1.49125367e-01
    9.02751565e-01 1.71896517e-01 4.78554726e-01 8.96514297e-01
    7.55212784e-01 6.78826034e-01 1.29944086e-03 2.84651101e-01
    5.96904695e-01 6.09057248e-01 6.76030517e-01 6.98793054e-01
    2.06317782e-01 5.97194195e-01 6.95507050e-01 8.18162501e-01
    2.29813457e-01 4.88639593e-01 8.72610688e-01 1.68265581e-01
    9.17909563e-01 9.09558773e-01 7.15146959e-01 6.73290014e-01
    1.75602138e-01 4.93394822e-01 8.04139316e-01 1.04948670e-01
    1.90787613e-01 5.01756310e-01 7.03457475e-01 5.89728355e-03
    5.50283849e-01 4.16643918e-01 1.82582915e-01 1.76727772e-05
    1.83108538e-01 8.89758229e-01 6.72470570e-01 3.04804981e-01
    5.62482119e-01 4.69858110e-01 9.57876205e-01 2.74787456e-01
    7.41826236e-01 8.47315788e-01 7.99982607e-01 2.46902376e-01
    3.54326487e-01 9.78892326e-01 6.26407981e-01 3.49544704e-01
    9.38338280e-01 7.76313245e-02 5.85071206e-01 4.42251027e-01
    9.07398820e-01 1.78396225e-01 2.73786098e-01 3.42982829e-01
    9.44695294e-01 7.61257529e-01 2.50080764e-01 8.79874110e-01
    2.00574547e-01 3.69646490e-01 3.57077718e-02 6.32879436e-01
    1.95339680e-01 6.52181208e-02 7.18891978e-01 8.18651557e-01
    6.41929388e-01 3.46753895e-01 3.49398136e-01 1.38984025e-01
    6.15442455e-01 2.50427186e-01 5.43321550e-01 2.02237219e-01
    5.90808332e-01 7.08518565e-01 3.28124017e-01 1.09951675e-01
    4.58700597e-01 7.58707404e-01 1.54411316e-01 6.19335890e-01
    7.20533431e-02 4.78483856e-01 3.96722049e-01 8.44822645e-01
    2.82078803e-01 4.40517515e-01 9.17204916e-02 4.93957847e-01
    5.15466332e-02 8.61385167e-01 7.51275122e-02 5.80614328e-01
    1.78164899e-01 7.00531602e-01 9.88316596e-01 3.47118616e-01
    4.78591472e-01 1.99416518e-01 6.00078106e-01 5.04669666e-01
    9.31569457e-01 4.96236861e-01 4.99424905e-01 6.00965977e-01
    5.12845278e-01 2.96206772e-01 7.35348046e-01 7.98536539e-01
    2.32496649e-01 1.11677945e-01 8.36113334e-01 1.59057140e-01
    9.54647005e-01 1.11746073e-01 1.53191507e-01 6.34534836e-01
    7.38495171e-01 9.07880664e-02 7.99250603e-01 2.85022140e-01
    4.10781622e-01 3.84195298e-01 4.00939107e-01 2.31375903e-01
    9.19761598e-01 3.40954870e-01 7.00353563e-01 9.45653617e-02
    6.52404726e-01 4.75251198e-01 5.90019226e-01 3.84024143e-01
    6.38321996e-01 9.53566909e-01 3.17369998e-02 8.24182987e-01
    2.99565196e-02 3.97921056e-01 7.15902030e-01 9.56652999e-01
    4.59746689e-01 6.54583693e-01 1.64067477e-01 1.18291795e-01
    3.59930068e-01 3.01918209e-01 6.19078398e-01 4.41843987e-01
    7.43234336e-01 3.09238493e-01 5.89351952e-01 9.81946826e-01
    8.30391765e-01 8.18882763e-01 6.01389229e-01 5.22406995e-01
    5.34188509e-01 7.28109658e-01 4.58261430e-01 3.99099290e-01
    6.33458138e-01 4.56166089e-01 2.45263755e-01 3.53055745e-01
    6.18804753e-01 2.17550993e-01 5.86863518e-01 9.66414213e-01
    4.30479109e-01 9.94884074e-01 9.18290734e-01 4.17448759e-01
    3.11361462e-01 2.22183198e-01 9.43796039e-02 1.96062595e-01
    1.35340095e-02 5.54989934e-01 8.02943349e-01 6.98487282e-01
    3.91795158e-01 8.21016788e-01 4.50558871e-01 6.02952719e-01
    2.98709869e-02 1.42808914e-01 3.07644308e-02 3.82551610e-01
    9.85031128e-01 4.40698862e-01 1.73396260e-01 4.47681874e-01
    3.65121961e-01 4.36279178e-01 4.51371253e-01 6.89875066e-01
    6.11312151e-01 3.33619565e-01 5.56962729e-01 6.43998146e-01
    7.88465500e-01 3.08945358e-01 3.95846665e-01 3.21598887e-01
    3.21657091e-01 9.14776027e-01 1.22105837e-01 5.96224546e-01
    1.23349458e-01 2.60107279e-01 1.70967072e-01 3.42806995e-01
    1.99028015e-01 3.97539318e-01 2.99936533e-03 3.12509000e-01
    9.57362413e-01 2.48580545e-01 3.74100804e-02 4.46424067e-01
    2.41639376e-01 2.88996816e-01 3.99211049e-01 4.56085742e-01
    3.97362053e-01 8.46156180e-01 3.41615885e-01 8.39929163e-01
    7.76081443e-01 9.13276315e-01 3.63571376e-01 5.68381906e-01
    3.25667024e-01 3.58232260e-01 9.93699014e-01 8.43827605e-01
    3.43004644e-01 7.28551328e-01 5.08187652e-01 1.94461554e-01
    6.80847049e-01 0. 0. 0. 0. 0. 0. 0. 0. 0. 0. 0. 0. 0. 0. 0. 0. 0. 0.
    7.56854713e-01 5.81478238e-01 1.40434563e-01 6.45799458e-01
    1.90328717e-01 9.28241491e-01 9.95114267e-01 8.62002730e-01
    5.84430397e-02 5.79800367e-01 8.03995192e-01 8.44658554e-01
    6.88103795e-01 4.64339554e-01 8.39768410e-01 2.23622620e-01
    7.47235477e-01 5.66724300e-01 4.65339124e-02 6.28174484e-01
    5.62388957e-01 4.16150749e-01 6.01679802e-01 8.40016007e-01
    6.99192822e-01 5.68656325e-01 9.00941253e-01 4.76779342e-01
    4.42627192e-01 7.52699375e-02 7.35755801e-01 5.11097193e-01
    9.17584896e-02 8.03574562e-01 2.33793646e-01 9.72347856e-01
    4.05412972e-01 9.34286833e-01 6.49159908e-01 6.19294822e-01
    8.57810378e-01 9.71411109e-01 9.81991708e-01 6.50759757e-01
    7.52918720e-01 9.56357956e-01 2.81697273e-01 7.22138703e-01
    1.06039673e-01 2.41620243e-01 7.49603391e-01 7.88984418e-01
    2.58981586e-02 8.91094089e-01 6.89773023e-01 4.43516135e-01
    1.81406617e-01 1.50396049e-01 4.84750360e-01 3.56905222e-01
    1.54206157e-02 5.54326177e-02 5.22590697e-01 7.61212826e-01
    3.47010136e-01 6.75220907e-01 1.31570667e-01 4.85019565e-01
    4.04217243e-01 4.10571754e-01 1.38272524e-01 5.88319838e-01
    9.87739563e-01 5.41360199e-01 8.62140357e-01 8.28164101e-01
    1.05704010e-01 1.69047475e-01 7.70980597e-01 1.81161821e-01
    4.33216751e-01 4.56962109e-01 9.65487659e-01 1.95131928e-01
    2.09898323e-01 5.97038388e-01 7.05199063e-01 3.24713528e-01
    9.44599688e-01 7.67540336e-01 4.60482895e-01 4.30826843e-01
    2.96429098e-02 8.47267509e-01 4.92117167e-01 2.80602634e-01
    8.08843970e-03 3.79349500e-01 6.72136366e-01 4.25570667e-01
    8.32894921e-01 2.98495322e-01 4.44705218e-01 7.02081800e-01
    4.39934373e-01 3.57978284e-01 9.68228936e-01 1.25774860e-01
    9.16527987e-01 4.54486489e-01 8.33457351e-01 3.66941810e-01
    2.02678025e-01 7.63326049e-01 6.86492562e-01 3.37332934e-01
    1.17098331e-01 6.74895942e-02 5.31830668e-01 7.40360856e-01
    9.12849903e-01 2.05266953e-01 3.18571448e-01 1.79083586e-01
    1.14878297e-01 4.34218645e-02 4.85119790e-01 3.94611120e-01
    9.79275227e-01 7.66303480e-01 3.82222056e-01 9.03085470e-01
    6.96273506e-01 1.02008015e-01 8.24286342e-01 5.21023870e-02
    2.14476287e-01 3.35142970e-01 5.52053392e-01 7.53953576e-01
    3.85054767e-01 8.02318990e-01 5.38566947e-01 5.96768081e-01
    5.87631583e-01 5.46446741e-01 8.92250419e-01 9.73163843e-01
    2.74731070e-01 7.33664632e-01 3.96770954e-01 4.95080739e-01
    7.97623634e-01 5.31765223e-01 2.16073662e-01 9.65624452e-02
    4.94684219e-01 1.01153642e-01 2.76852190e-01 1.59722865e-01
    6.42707050e-02 6.42026544e-01 5.45091212e-01 7.88387358e-01
    3.29042107e-01 9.55847263e-01 2.32384205e-02 3.58863354e-01
    5.22839427e-01 5.86195052e-01 1.20399594e-02 2.85529524e-01
    7.46742189e-01 5.98802626e-01 2.06978291e-01 5.77594459e-01
    8.85604739e-01 5.20578682e-01 5.97375214e-01 1.62237227e-01
    2.82414496e-01 6.56504750e-01 5.71374357e-01 8.62657309e-01
    2.14677542e-01 6.45180583e-01 9.28389132e-01 5.65210879e-02
    5.62144697e-01 1.18095189e-01 7.78709173e-01 5.22187412e-01
    9.54738140e-01 5.94291985e-01 7.12482572e-01 3.57671142e-01
    2.93182373e-01 6.77584648e-01 5.35219848e-01 6.73845887e-01
    1.02469087e-01 1.19803011e-01 9.25763011e-01 8.33988845e-01
    8.14914107e-02 2.54431069e-02 5.31133235e-01 8.41279030e-01
    1.07470512e-01 8.75442266e-01 3.39133024e-01 1.24389529e-01
    1.69699192e-01 9.61625576e-03 2.19414890e-01 5.19244790e-01
    9.19617295e-01 7.72135615e-01 4.82561290e-01 2.65076339e-01
    6.61077201e-01 3.76490653e-01 3.03220570e-01 6.52234197e-01
    1.30369097e-01 3.56941760e-01 1.83741450e-01 4.58154052e-01
    4.76423144e-01 6.87361062e-01 3.66657734e-01 6.52499199e-02
    4.37181234e-01 3.21954072e-01 4.76339757e-01 1.27658635e-01
    8.70687723e-01 4.67670083e-01 5.61984301e-01 7.85866916e-01
    5.45115709e-01 8.18651080e-01 3.70776832e-01 2.46596187e-01
    3.25853437e-01 9.13244009e-01 5.74339747e-01 7.35908389e-01
    5.58267891e-01 9.00614262e-01 1.23414397e-02 6.71944320e-02
    3.20068598e-01 2.04367787e-01 1.96864039e-01 5.07414877e-01 0. 0. 0.
    0. 0. 0. 0. 0. 0. 0. 0. 0. 0. 0. 0. 0. 0. 0. 9.93960738e-01
    4.06267017e-01 1.87629819e-01 9.91680920e-01 9.97569799e-01
    8.08807790e-01 4.29852545e-01 3.80703986e-01 7.49231219e-01
    8.83790195e-01 3.67179513e-01 7.30374455e-01 7.55524516e-01
    3.41612160e-01 1.25317723e-01 4.55348551e-01 5.70509076e-01
    5.17406106e-01 5.96992850e-01 3.14386070e-01 3.80839825e-01
    8.68413746e-01 8.19977045e-01 2.02514887e-01 6.89546466e-01
    4.44944531e-01 9.12402034e-01 2.30712831e-01 2.68736273e-01
    8.36054623e-01 3.30287039e-01 9.08028185e-01 6.82074547e-01
    5.31298220e-01 8.94988775e-02 5.83310127e-02 3.66307795e-01
    1.61524266e-01 3.62492323e-01 6.25050128e-01 7.92535186e-01
    5.04713178e-01 8.98102999e-01 2.27271914e-02 7.89298415e-02
    6.53583229e-01 4.37923074e-01 8.88043463e-01 7.81605363e-01
    9.06261563e-01 7.18191326e-01 9.48335886e-01 6.19114816e-01
    1.41337633e-01 8.40307236e-01 2.58628368e-01 4.13591892e-01
    8.35228741e-01 3.54184777e-01 4.45971996e-01 8.62168312e-01
    3.48921835e-01 5.71206510e-02 1.43104643e-01 3.95811081e-01
    7.62571096e-01 7.98788309e-01 9.61911261e-01 7.64377534e-01
    1.76340699e-01 6.25912547e-01 8.44882727e-01 6.02938652e-01
    7.04936445e-01 8.05577636e-01 5.97297788e-01 6.75284207e-01
    8.46896112e-01 9.56548274e-01 4.86954093e-01 8.35055351e-01
    4.76257354e-01 4.61434364e-01 6.67107403e-01 3.18708420e-02
    9.98259544e-01 1.89675540e-01 8.61391425e-01 5.09755015e-01
    1.94726467e-01 4.34516430e-01 7.05711365e-01 7.27477074e-01
    7.64137149e-01 8.29608738e-02 3.17690611e-01 6.21180594e-01
    5.36846995e-01 7.43523121e-01 8.98682952e-01 4.49290454e-01
    2.48239338e-01 7.06136048e-01 4.57676321e-01 9.67514813e-02
    2.50383019e-01 5.05160332e-01 8.85251164e-02 4.86025512e-01
    7.37915099e-01 4.98175502e-01 6.94777906e-01 4.98714000e-01
    3.30222845e-02 9.14952278e-01 4.03105110e-01 6.77576363e-01
    3.11564952e-01 2.81644762e-01 1.39261186e-01 3.32968235e-02
    5.91170788e-03 7.90536582e-01 9.74339724e-01 8.01731706e-01
    9.75086093e-01 3.79868448e-01 8.35394740e-01 2.64706850e-01
    1.05279386e-02 1.27342820e-01 8.19182992e-01 6.48264110e-01
    5.85750878e-01 2.51332343e-01 4.04622078e-01 4.93600160e-01
    5.39471984e-01 8.10741007e-01 4.40370589e-01 3.50315779e-01
    2.01071709e-01 1.00197494e-02 9.25795496e-01 5.34740090e-03
    9.32650268e-02 5.02384245e-01 1.89775765e-01 6.66382015e-01
    8.42255354e-02 5.98900795e-01 2.47436941e-01 9.55219150e-01
    9.57519650e-01 3.28944802e-01 4.20893639e-01 6.78544879e-01
    8.42938900e-01 8.54340255e-01 4.21851307e-01 6.26770556e-02
    8.33650649e-01 7.26304770e-01 8.69257212e-01 5.86893916e-01
    8.82293880e-02 6.79568052e-01 8.82267356e-02 5.41038632e-01
    4.19471264e-02 9.90748405e-01 4.97223139e-01 6.76186860e-01
    2.97095001e-01 4.60018814e-01 3.94906461e-01 6.26897812e-01
    8.44453573e-01 5.45309782e-01 5.88033915e-01 1.94797516e-01
    3.23101550e-01 8.56220424e-01 8.54001284e-01 1.20252132e-01
    9.64280367e-01 4.81954008e-01 3.66814643e-01 4.43874240e-01
    6.62565291e-01 3.74586999e-01 2.38024324e-01 6.10736847e-01
    3.75712216e-01 8.08763027e-01 4.19919431e-01 7.29471445e-02
    8.81982803e-01 5.89993179e-01 2.13010728e-01 1.71131641e-01
    7.83702135e-01 3.97993952e-01 5.69855809e-01 7.10691392e-01
    8.01402569e-01 3.53950202e-01 5.09583950e-01 6.81387126e-01
    3.69438231e-01 7.65220225e-01 8.47812533e-01 2.43328512e-01
    9.78657484e-01 8.67695391e-01 9.33531642e-01 7.64164209e-01
    7.59334862e-01 7.47176766e-01 5.86994827e-01 2.88856089e-01
    4.86025214e-02 5.84594786e-01 6.38714015e-01 6.92174435e-02
    6.43363595e-01 3.08345973e-01 7.03660429e-01 3.07597876e-01
    1.32766575e-01 3.47115457e-01 9.47174489e-01 8.26588750e-01
    2.01554716e-01 8.16246331e-01 9.28063929e-01 8.94699097e-01
    4.49108899e-01 3.41809273e-01 2.38691866e-02 4.95880842e-01
    9.19583440e-03 3.26635182e-01 4.48794454e-01 6.43132985e-01
    6.02633715e-01 7.30003119e-01 2.17869878e-01 5.01726806e-01
    7.70249367e-01 2.21823812e-01 8.77772808e-01 5.90885162e-01
    8.29894185e-01 3.39886367e-01 6.79183662e-01 0. 0. 0. 0. 0. 0. 0. 0.
    0. 0. 0. 0. 0. 0. 0. 0. 0. 0. 6.50302887e-01 6.88346028e-01
    5.65916598e-02 7.12254643e-03 3.61587644e-01 2.06684351e-01
    7.70200551e-01 3.57224882e-01 3.20126951e-01 7.38795400e-01
    9.42500949e-01 8.38796139e-01 4.25324291e-01 3.98248941e-01
    8.11490119e-01 9.61044431e-01 5.52172542e-01 7.78138041e-01
    2.74541855e-01 7.66845465e-01 6.57315493e-01 5.99823833e-01
    2.74911582e-01 6.05328262e-01 1.56137049e-01 6.80682600e-01
    8.20519328e-01 3.39445949e-01 8.67148936e-02 1.37880087e-01
    1.95254862e-01 9.32635665e-02 6.49834096e-01 9.79655504e-01
    6.74251795e-01 8.16117406e-01 7.29395390e-01 9.36169922e-01
    7.01780319e-01 4.70699519e-01 1.04297400e-01 5.63196480e-01
    3.98986310e-01 6.55557215e-02 5.04317403e-01 9.17137742e-01
    9.69112277e-01 3.19671303e-01 5.16657114e-01 7.33759761e-01
    8.41850877e-01 6.42306089e-01 3.85386437e-01 1.27157539e-01
    5.62550128e-01 9.99892592e-01 8.64370704e-01 1.93063706e-01
    6.47483706e-01 1.48671508e-01 3.16005856e-01 6.73022866e-03
    9.36488688e-01 7.38784432e-01 3.17333639e-01 6.53161764e-01
    1.57887340e-01 1.91989243e-01 9.97332394e-01 1.25580698e-01
    7.36302018e-01 2.45061636e-01 7.84956336e-01 6.99856937e-01
    9.06505704e-01 4.39858437e-01 3.80697787e-01 4.01693940e-01
    6.86631918e-01 5.53284407e-01 1.20423496e-01 9.29956317e-01
    3.43386829e-02 4.18271422e-01 2.61982292e-01 3.52713168e-02
    7.43938804e-01 7.22134411e-01 3.04102242e-01 4.97501373e-01
    6.78902388e-01 6.57469630e-01 5.49109042e-01 2.41129965e-01
    5.94786763e-01 7.82984853e-01 4.39495146e-01 8.97336960e-01
    9.82721329e-01 2.71060765e-01 4.25505310e-01 2.47947514e-01
    2.26792276e-01 8.55317473e-01 6.44901216e-01 5.99857569e-01
    4.06616241e-01 9.17302072e-01 3.08614075e-01 2.71146327e-01
    6.32032037e-01 3.77261996e-01 8.64700675e-01 9.92595196e-01
    8.80028248e-01 6.51673019e-01 6.06745005e-01 4.80536342e-01
    6.97647631e-02 6.20121956e-02 1.86283588e-01 6.16146684e-01
    2.32826442e-01 9.34424818e-01 2.44141221e-02 7.28342533e-02
    6.26164854e-01 7.95099080e-01 5.34905910e-01 4.72083718e-01
    3.76101434e-01 2.59521306e-01 5.13134897e-01 9.59172726e-01
    6.66248798e-03 5.82429409e-01 8.74707043e-01 6.85970902e-01
    9.24155951e-01 4.85525370e-01 1.67686045e-02 5.26208758e-01
    3.18222135e-01 2.80938804e-01 5.75878322e-02 9.54983413e-01
    2.84466833e-01 4.75582480e-01 2.99826443e-01 2.83213854e-01
    1.15965039e-01 5.42046607e-01 8.89797807e-01 1.56355739e-01
    7.52937078e-01 1.61211103e-01 9.34662521e-02 9.90517199e-01
    3.62734795e-01 7.78125226e-01 7.61585593e-01 4.48039800e-01
    4.10312593e-01 1.38797581e-01 3.76154125e-01 3.95826787e-01
    4.76069808e-01 9.45813000e-01 9.47021365e-01 7.33289242e-01
    3.01518261e-01 5.82758963e-01 2.25718141e-01 7.89402366e-01
    1.78816915e-03 5.27580678e-02 1.02464020e-01 1.68941259e-01
    1.96458995e-02 7.02329278e-01 7.54462719e-01 4.24326062e-01
    8.25511575e-01 6.10858440e-01 9.98974085e-01 8.91389310e-01
    5.03938794e-02 2.02006519e-01 2.73929477e-01 5.26050210e-01
    6.95455313e-01 5.58188498e-01 2.92497963e-01 9.60653186e-01
    4.10512507e-01 3.14923674e-01 6.23745084e-01 4.35005099e-01
    6.89097643e-01 1.12815082e-01 3.57641101e-01 8.59541655e-01
    5.29061317e-01 2.91164219e-01 8.25177550e-01 2.68895745e-01
    1.52817190e-01 4.05114621e-01 3.59239399e-01 4.86456960e-01
    8.64351988e-01 7.04954565e-01 9.68258679e-01 3.18614125e-01
    1.44227803e-01 1.22502446e-03 1.78535491e-01 9.25392866e-01
    3.56286883e-01 8.52037191e-01 9.51624930e-01 2.09098756e-02
    7.79882967e-01 3.30847025e-01 6.17022157e-01 5.91102719e-01
    6.37994230e-01 8.18931460e-01 2.27557659e-01 4.81089741e-01
    1.67745173e-01 6.07101381e-01 4.70303029e-01 5.18955946e-01
    1.44771457e-01 2.34999299e-01 1.55956715e-01 2.82255828e-01
    2.52781540e-01 8.58650565e-01 8.89889717e-01 8.31905305e-02
    4.61569667e-01 8.63356590e-01 9.76706982e-01 5.68150282e-01
    3.05381060e-01 5.91598153e-01 3.32572758e-02 7.64311433e-01
    2.30330884e-01 9.87982452e-01 6.04401410e-01 4.06022251e-01
    3.82799506e-01 2.30163395e-01 0. 0. 0. 0. 0. 0. 0. 0. 0. 0. 0. 0. 0.
    0. 0. 0. 0. 0. 6.65036440e-01 3.48427117e-01 1.99649006e-01
    6.50702298e-01 6.05908036e-01 2.78885067e-01 8.30900550e-01
    7.20046520e-01 2.16435343e-01 1.39753103e-01 2.10249871e-01
    2.81488359e-01 3.86148602e-01 9.32251513e-01 7.27604032e-01
    6.52936578e-01 3.74713123e-01 1.28509283e-01 2.55769312e-01
    4.29974645e-01 6.08276486e-01 5.01433015e-01 3.84015739e-02
    4.46146309e-01 1.60528362e-01 8.76758337e-01 3.00932258e-01
    6.95818663e-01 5.88347554e-01 7.81835198e-01 3.81726444e-01
    9.90001321e-01 8.62210214e-01 5.98918200e-02 5.04919112e-01
    7.54320383e-01 9.21284199e-01 1.26899898e-01 4.45023984e-01
    9.37685728e-01 3.55424225e-01 6.70290947e-01 8.96938443e-02
    4.72352445e-01 5.14291704e-01 1.35648340e-01 7.52454042e-01
    4.95929867e-01 6.42011285e-01 3.97113860e-01 5.92700243e-02
    8.58539104e-01 6.45326078e-01 4.69946980e-01 3.23301554e-03
    3.57584834e-01 5.30333102e-01 3.72858942e-01 1.21990561e-01
    7.47803926e-01 2.10510790e-01 2.12398171e-03 9.52685952e-01
    8.73970509e-01 6.34046197e-01 4.19852585e-01 3.67969126e-01
    9.10464525e-01 1.14694208e-01 8.41684103e-01 1.21493220e-01
    3.07725251e-01 5.80914021e-01 9.04575586e-01 9.85491157e-01
    6.27596974e-01 1.90139413e-01 8.81279111e-01 5.33961177e-01
    7.34988749e-02 5.53596258e-01 6.92212880e-01 3.35661232e-01
    6.69961929e-01 4.16922063e-01 2.01453298e-01 9.01884139e-02
    3.69840980e-01 1.08602703e-01 3.71784985e-01 4.02531028e-03
    1.87346876e-01 8.86628032e-03 1.71000510e-01 9.16047573e-01
    6.77845001e-01 8.56740594e-01 2.89471954e-01 8.71524930e-01
    5.15556455e-01 6.03255928e-01 8.72678339e-01 1.61637157e-01
    2.41293550e-01 8.01160991e-01 5.06585300e-01 7.49820888e-01
    4.56466079e-02 2.58356720e-01 3.94674242e-01 3.66714656e-01
    2.12550700e-01 2.12030888e-01 9.10269439e-01 2.81214476e-01
    4.99843359e-01 7.93968379e-01 4.35714424e-01 8.38455915e-01
    4.21037555e-01 3.19648743e-01 7.23613143e-01 3.30590129e-01
    8.97188365e-01 1.71971053e-01 7.70059466e-01 3.07180405e-01
    2.46520519e-01 4.74100798e-01 9.93281126e-01 6.65326655e-01
    1.63543940e-01 3.80669653e-01 7.49395549e-01 6.48440659e-01
    8.02855432e-01 8.73943090e-01 3.43531340e-01 3.24694157e-01
    7.00982451e-01 1.57082677e-02 2.40476400e-01 8.18543196e-01
    5.44309258e-01 5.10212004e-01 8.15605342e-01 3.01871300e-01
    4.68391359e-01 1.85236931e-01 9.75497484e-01 2.74035633e-02
    5.84320128e-01 1.71283871e-01 1.32506669e-01 8.34966719e-01
    9.72905993e-01 1.88650191e-02 6.71187282e-01 5.25363326e-01
    9.56937313e-01 1.75559223e-02 3.55080664e-01 6.73848629e-01
    9.87841845e-01 9.98277724e-01 8.52198303e-01 7.00319707e-01
    8.31578434e-01 6.56142294e-01 5.66851497e-01 5.90127230e-01
    2.53512561e-01 5.42241454e-01 9.90908146e-01 1.41720831e-01
    2.36869305e-01 4.17019367e-01 8.87672007e-02 7.47299314e-01
    4.39842522e-01 6.00311279e-01 7.35843003e-01 3.87435496e-01
    8.92857075e-01 6.65093601e-01 8.08944285e-01 6.67239606e-01
    5.27724981e-01 6.78877473e-01 5.82246304e-01 9.13724363e-01
    9.06661510e-01 5.77124715e-01 5.18464983e-01 6.05120778e-01
    1.77935481e-01 5.40699363e-01 9.52503681e-02 4.02490377e-01
    6.01887286e-01 9.83922362e-01 6.46581948e-01 9.29662704e-01
    6.28517210e-01 2.75340378e-02 2.25503355e-01 4.91688222e-01
    4.85700309e-01 9.52575922e-01 8.67119789e-01 1.53146476e-01
    5.74026942e-01 1.15060031e-01 7.06389964e-01 3.67948234e-01
    5.25250912e-01 4.67935383e-01 3.17380518e-01 2.54287481e-01
    1.18042082e-01 4.38855082e-01 7.40277648e-01 4.99267876e-01
    1.27989024e-01 9.74240422e-01 2.28754371e-01 7.39374757e-01
    8.14425349e-01 2.36340821e-01 6.49637222e-01 6.14310980e-01
    3.52489352e-02 1.99445903e-01 3.61208498e-01 5.00460684e-01
    3.16174537e-01 3.89698446e-02 2.05458343e-01 1.06074333e-01
    2.69300163e-01 6.08417392e-02 7.98998058e-01 9.11719799e-02
    1.35750294e-01 8.30896199e-02 4.11925375e-01 6.32155299e-01
    6.53031886e-01 6.31129622e-01 8.87264132e-01 2.59479821e-01
    1.33342743e-01 2.28769690e-01 5.28135240e-01 1.55942053e-01
    6.86643779e-01 0. 0. 0. 0. 0. 0. 0. 0. 0. 0. 0. 0. 0. 0. 0. 0. 0. 0.
    9.53091979e-01 3.71533334e-01 5.53901613e-01 1.30356431e-01
    1.61674798e-01 9.14270163e-01 6.02850318e-01 3.08858782e-01
    6.00589693e-01 8.01065862e-02 4.02909130e-01 7.42883384e-01
    9.79765654e-01 4.25302178e-01 8.25588822e-01 4.18328434e-01
    5.30310571e-01 3.21610510e-01 3.71623933e-01 7.86284268e-01
    2.72857666e-01 8.27562511e-02 9.95136380e-01 3.28858316e-01
    3.92541349e-01 1.40307695e-01 1.92483455e-01 6.63083494e-01
    3.56146425e-01 6.91273749e-01 1.80500507e-01 1.16922826e-01
    1.45411551e-01 5.12814641e-01 9.52227950e-01 3.42666507e-01
    5.09003997e-02 1.20398819e-01 1.15358829e-01 1.77751422e-01
    3.72120529e-01 3.26630533e-01 6.41626716e-01 4.10483301e-01
    1.03751689e-01 1.94142520e-01 4.43105698e-02 5.35061598e-01
    2.73551941e-01 6.42540157e-02 5.11862934e-01 6.65857732e-01
    1.61116540e-01 1.22511715e-01 5.32040596e-02 1.37006253e-01
    3.03568840e-02 7.40694225e-01 2.18568861e-01 4.79028106e-01
    8.14758658e-01 4.38767225e-01 3.84942174e-01 3.46937180e-01
    7.57341504e-01 2.21439898e-02 1.90406144e-01 6.90445781e-01
    8.15078616e-01 8.45803022e-01 2.05404878e-01 5.45225203e-01
    2.85783172e-01 9.48718071e-01 9.04745460e-01 7.12814927e-01
    5.75224042e-01 8.58080626e-01 9.98893261e-01 2.54988372e-01
    4.86844957e-01 5.78735888e-01 2.74619460e-01 9.85430479e-01
    7.93324411e-02 7.32049227e-01 9.47936058e-01 4.51502860e-01
    9.57032681e-01 9.67806697e-01 9.70593214e-01 3.67805570e-01
    2.28479594e-01 1.76267236e-01 4.16979164e-01 8.07803273e-01
    4.06311631e-01 7.34438837e-01 6.02843761e-02 6.53750122e-01
    1.99607849e-01 2.79045880e-01 5.35000682e-01 5.58949113e-02
    4.81504619e-01 9.22543108e-02 8.11903358e-01 9.49492216e-01
    4.54973012e-01 7.28312194e-01 3.18492889e-01 7.68238902e-01
    6.62408590e-01 5.27032554e-01 7.30489850e-01 5.44960678e-01
    9.55745757e-01 5.01463294e-01 6.58194423e-02 2.50991583e-01
    7.64799714e-01 3.32154930e-01 6.44082904e-01 6.61388278e-01
    5.07810056e-01 3.72846305e-01 3.34683806e-01 4.94085908e-01
    3.87553304e-01 5.16400933e-02 9.11273599e-01 2.24385619e-01
    4.38029975e-01 5.19731522e-01 3.75925839e-01 1.05761707e-01
    1.69181347e-01 1.03770077e-01 8.31472516e-01 5.35203516e-01
    2.22910792e-01 1.87322944e-01 1.71790719e-01 8.02787364e-01
    1.09174252e-02 7.15296388e-01 3.32861304e-01 5.47167063e-02
    3.63312960e-01 3.04388821e-01 6.64506078e-01 4.78352994e-01
    3.24247688e-01 3.87649000e-01 2.03403026e-01 2.84817576e-01
    6.58389926e-01 8.51185977e-01 5.64122498e-01 8.52110088e-01
    5.22469699e-01 7.75887847e-01 1.76527739e-01 5.29941916e-01
    2.89694309e-01 2.13330477e-01 6.11009538e-01 2.63614088e-01
    1.15310997e-01 3.70714247e-01 6.08287871e-01 2.80270338e-01
    4.48506206e-01 2.08835125e-01 9.16610718e-01 8.73606801e-01
    7.12224185e-01 3.83466035e-01 5.56546450e-03 5.50590873e-01
    1.04051471e-01 9.92963195e-01 6.99386001e-01 3.53409797e-01
    4.69280362e-01 4.75932389e-01 8.01734805e-01 3.67897987e-01
    3.98858160e-01 5.55776954e-01 3.08306217e-01 7.08476067e-01
    5.69262207e-02 5.93059242e-01 2.99907833e-01 5.91894925e-01
    4.27113771e-01 7.57122159e-01 6.14128351e-01 9.33440208e-01
    7.18533576e-01 3.28730881e-01 7.14614391e-01 8.83480966e-01
    3.66038084e-01 4.85977590e-01 3.26975524e-01 1.31174535e-01
    9.27440643e-01 8.31362903e-02 2.68312633e-01 3.54789764e-01
    9.04265642e-01 4.91599977e-01 5.06193280e-01 9.50436115e-01
    5.09320378e-01 1.07719272e-01 5.69468975e-01 7.47525275e-01
    9.69422460e-01 7.58015156e-01 1.15000576e-01 2.62914062e-01
    2.74403960e-01 9.86883044e-02 5.37787259e-01 9.93882895e-01
    6.07388496e-01 2.26807356e-01 9.38778400e-01 5.77176690e-01
    2.81446517e-01 2.57723987e-01 1.41196758e-01 6.38916254e-01
    1.60580218e-01 3.90498579e-01 2.69701242e-01 8.05584311e-01
    7.59591937e-01 2.21701264e-01 9.73324418e-01 5.15510261e-01
    8.39742303e-01 6.45309091e-02 9.46384251e-01 4.12243962e-01
    8.87568355e-01 4.30629253e-01 4.23356116e-01 2.96435833e-01
    6.16409481e-01 2.14306861e-01 1.25142694e-01 9.95649457e-01 0. 0. 0.
    0. 0. 0. 0. 0. 0. 0. 0. 0. 0. 0. 0. 0. 0. 0. 8.71969700e-01
    8.61560464e-01 7.47807622e-01 3.75978649e-02 5.55737197e-01
    7.43572235e-01 7.57789493e-01 1.62763327e-01 6.82278156e-01
    9.29994464e-01 7.41525710e-01 3.61937612e-01 7.01123774e-01
    4.53638047e-01 2.17255950e-03 7.44903564e-01 1.83093637e-01
    5.27813017e-01 4.63678926e-01 9.91295636e-01 3.22131157e-01
    6.17077887e-01 4.27740544e-01 9.56756830e-01 4.47596997e-01
    7.18320727e-01 5.06848752e-01 4.79119509e-01 6.43106818e-01
    3.89705628e-01 9.98829007e-01 9.79502320e-01 4.55935597e-01
    3.34686935e-01 6.04870379e-01 5.05760670e-01 4.60242927e-01
    1.39019698e-01 8.52601528e-01 4.93390739e-01 4.37128067e-01
    2.42459178e-02 7.26915717e-01 6.08636260e-01 3.90851885e-01
    5.96608877e-01 8.49262774e-01 4.93018001e-01 5.51709771e-01
    2.82053202e-01 4.48557913e-01 6.91055655e-02 8.55858445e-01
    2.03561932e-01 3.67827773e-01 3.54132473e-01 3.57309580e-01
    2.77455151e-01 4.24893022e-01 3.39792669e-01 5.41115701e-02
    4.44723070e-02 7.29588747e-01 7.83131778e-01 2.17281014e-01
    6.13196373e-01 1.30573243e-01 6.39308155e-01 3.03009272e-01
    8.62544179e-02 7.75470972e-01 4.29683685e-01 3.37749481e-01
    2.24421769e-01 5.70428848e-01 4.74769026e-01 8.12979996e-01
    4.10575986e-01 4.49055731e-01 7.07224727e-01 6.08021200e-01
    2.14312375e-01 4.75377500e-01 9.90195155e-01 7.41083920e-01
    3.26391339e-01 6.93130553e-01 8.15433204e-01 2.46697813e-01
    4.46428657e-02 8.00679326e-01 9.63912845e-01 8.27503204e-01
    3.70860338e-01 3.60381782e-01 4.14750636e-01 8.62306833e-01
    2.63387799e-01 9.94969189e-01 7.60778010e-01 7.09220111e-01
    1.95738912e-01 8.38385224e-02 7.45624900e-01 7.45300770e-01
    2.71962583e-01 2.15482324e-01 1.42442882e-01 3.00477445e-02
    5.89523017e-02 4.02054250e-01 7.51638293e-01 3.92087877e-01
    4.07640815e-01 7.08005726e-02 5.35979748e-01 6.18118107e-01
    4.09684449e-01 6.77194953e-01 4.42195982e-01 1.20899171e-01
    4.63117957e-02 1.93783671e-01 3.43476921e-01 5.10949433e-01
    2.03479171e-01 9.01425183e-01 6.97922707e-01 2.31617272e-01
    9.45295572e-01 5.56759477e-01 3.30846757e-01 8.90753388e-01
    8.53190124e-01 1.07417613e-01 8.35425019e-01 5.42902708e-01
    6.07827961e-01 8.98378432e-01 2.42698967e-01 6.12727761e-01
    3.05284232e-01 1.28680855e-01 4.04691994e-02 4.07060087e-02
    5.07999480e-01 5.64019322e-01 7.05143690e-01 2.60862708e-02
    4.61709470e-01 5.04864156e-01 6.68490887e-01 7.16711938e-01
    9.17571723e-01 9.57218528e-01 2.67010272e-01 3.97953004e-01
    9.33916271e-01 6.18968904e-01 3.81402493e-01 7.67968714e-01
    8.51678550e-02 2.70947814e-02 3.08256388e-01 3.80416751e-01
    6.06685638e-01 5.91935813e-02 5.21499515e-02 6.07073724e-01
    4.10274118e-01 6.47710085e-01 8.23531270e-01 4.95605141e-01
    8.80211592e-01 2.89137244e-01 3.47466528e-01 9.77253020e-01
    7.43710518e-01 6.08058691e-01 4.79077309e-01 8.62898350e-01
    7.72101581e-01 8.33812594e-01 5.19664645e-01 5.55278182e-01
    3.77584785e-01 9.07612801e-01 4.98702317e-01 8.61588180e-01
    4.87863302e-01 8.01308870e-01 5.94692588e-01 9.93897080e-01
    7.41963029e-01 3.74086976e-01 7.02046812e-01 9.36491132e-01
    1.07267499e-01 3.51375461e-01 3.47573757e-01 8.15390468e-01
    9.55553472e-01 8.68951678e-01 1.04290366e-01 3.68608922e-01
    9.11640525e-01 3.00063610e-01 6.83297038e-01 2.88649917e-01
    3.13016921e-01 9.25533175e-01 5.62101424e-01 5.59640110e-01
    9.44191158e-01 9.26114321e-02 8.44295382e-01 6.42028332e-01
    3.97200614e-01 5.98393083e-01 2.11573601e-01 5.68946481e-01
    1.62740111e-01 5.09925723e-01 7.78986573e-01 7.12966919e-02
    2.29692280e-01 7.17273295e-01 1.04525268e-01 2.75625646e-01
    4.32523370e-01 1.88273191e-01 1.81290060e-01 4.07207668e-01
    5.83666265e-01 9.91246104e-02 8.20844054e-01 9.68281507e-01
    8.96963477e-01 9.43546653e-01 6.65527582e-02 1.15667939e-01
    3.87255102e-01 2.48811066e-01 7.01094031e-01 8.52296114e-01
    7.89779365e-01 4.94148195e-01 7.29474425e-01 8.86234701e-01
    1.24228925e-01 4.37803388e-01 7.29705572e-01 5.90080917e-01
    1.42839551e-01 9.64093387e-01 8.55255604e-01 0. 0. 0. 0. 0. 0. 0. 0.
    0. 0. 0. 0. 0. 0. 0. 0. 0. 0. 6.78362846e-01 5.96059322e-01
    7.28425682e-01 1.35421187e-01 9.53150690e-02 5.41745722e-01
    4.77382779e-01 9.37167108e-01 1.30745649e-01 5.13558507e-01
    7.72767425e-01 6.38871372e-01 9.60420787e-01 5.45277536e-01
    5.07947266e-01 4.87142712e-01 2.19167650e-01 6.12747192e-01
    6.37623131e-01 6.43741846e-01 8.86773229e-01 2.09856153e-01
    6.30975902e-01 3.50473523e-02 2.40237564e-01 6.53246582e-01
    9.10185337e-01 6.71572387e-01 2.83170402e-01 1.52794242e-01
    3.62922311e-01 1.74592406e-01 2.48155981e-01 1.94494247e-01
    1.79448247e-01 5.98811328e-01 2.29812086e-01 9.78277326e-02
    5.92367947e-02 3.16567957e-01 1.11386865e-01 3.45110178e-01
    1.78528160e-01 1.54329240e-02 1.35506690e-02 3.12873185e-01
    8.60881090e-01 5.76939523e-01 3.16855013e-01 1.83635354e-02
    7.50054955e-01 7.04932094e-01 5.12354076e-01 5.24444044e-01
    6.27459466e-01 8.81122828e-01 5.31179726e-01 2.88112581e-01
    8.84937227e-01 1.03874475e-01 4.46578205e-01 3.99218321e-01
    7.54799783e-01 3.31802964e-01 5.60014725e-01 3.99932534e-01
    3.97631854e-01 1.50288016e-01 4.86467391e-01 6.60154462e-01
    6.62294209e-01 1.44488662e-01 6.43185556e-01 4.53528762e-01
    7.18017578e-01 2.56312072e-01 6.91785038e-01 4.10926342e-02
    3.79950792e-01 3.00109595e-01 8.90776157e-01 4.71717745e-01
    9.41510141e-01 6.43121660e-01 9.73862112e-02 7.20587492e-01
    4.32692587e-01 2.98382014e-01 6.32126629e-01 4.73217547e-01
    1.10552102e-01 3.93785059e-01 6.32861853e-01 5.28055489e-01
    2.79296070e-01 4.47224796e-01 2.24607110e-01 2.39502072e-01
    4.85303164e-01 2.80198455e-01 9.31639671e-01 5.33254266e-01
    5.31442642e-01 8.31452727e-01 8.12320113e-01 1.26198143e-01
    1.22121871e-02 5.97508073e-01 7.61096120e-01 6.10470712e-01
    3.25434387e-01 7.84216166e-01 3.53104532e-01 1.08928919e-01
    4.96867329e-01 7.76722133e-02 2.87188977e-01 9.56290781e-01
    8.68119180e-01 6.23410523e-01 1.06211126e-01 9.26657319e-01
    7.32303441e-01 5.32904863e-01 8.15262198e-01 7.38284290e-01
    5.99789023e-02 2.27785647e-01 9.84862089e-01 8.39337587e-01
    5.26882827e-01 2.21881717e-01 8.85169268e-01 9.33496237e-01
    7.65660286e-01 9.73722816e-01 7.06154585e-01 2.83458829e-01
    1.63210332e-02 4.58246738e-01 2.17996061e-01 8.43208075e-01
    8.05080533e-01 1.65548891e-01 8.12097609e-01 8.71632218e-01
    9.52889144e-01 3.15949112e-01 1.58182323e-01 3.22531462e-01
    1.80391729e-01 1.82443976e-01 5.74796557e-01 4.92006391e-01
    5.65362871e-02 8.84566903e-01 1.77881122e-01 2.99449712e-01
    8.85540128e-01 4.83012289e-01 9.69539285e-01 7.71198273e-02
    1.56703740e-01 5.74845731e-01 7.36467957e-01 5.87652683e-01
    3.06462646e-01 1.67704791e-01 4.42467749e-01 2.78185248e-01
    6.31346822e-01 3.99250090e-01 3.62997591e-01 5.30997813e-01
    2.46066988e-01 2.69940883e-01 3.88261676e-02 8.22993517e-01
    4.95676398e-01 8.92094970e-01 8.06785703e-01 8.45237851e-01
    9.18542325e-01 4.12896395e-01 2.95275331e-01 5.84825635e-01
    3.10199648e-01 7.34712481e-01 9.92692053e-01 5.05054951e-01
    7.39279032e-01 8.85696352e-01 9.75658298e-01 3.54512632e-01
    5.33933222e-01 3.14824104e-01 2.39127815e-01 1.33750737e-01
    7.60195971e-01 7.07423568e-01 3.45201075e-01 6.58252180e-01
    7.85512447e-01 8.00627351e-01 9.50509608e-01 3.30684632e-01
    7.87739456e-01 8.97408485e-01 7.81493485e-01 3.75472397e-01
    9.45743322e-01 3.12423468e-01 4.33960736e-01 9.14887786e-01
    5.21270752e-01 2.33255118e-01 4.19656336e-02 1.18049830e-01
    7.86337733e-01 5.20289958e-01 3.44252765e-01 4.73446667e-01
    8.08586001e-01 5.23624480e-01 5.88698268e-01 1.90701336e-01
    2.92126417e-01 5.83364964e-01 6.49255812e-01 3.11329067e-01
    9.95470405e-01 7.93625474e-01 8.22364390e-02 9.54859376e-01
    3.76880825e-01 3.79931927e-01 8.96031678e-01 5.32291651e-01
    3.94351482e-02 3.11580777e-01 9.76652026e-01 5.30661047e-01
    2.07525790e-01 9.18551564e-01 5.08379996e-01 5.82966328e-01
    6.01062655e-01 2.99960285e-01 8.85702491e-01 1.14856154e-01
    9.84991968e-01 8.00202787e-02 6.13150001e-02 1.15024596e-01
    5.83425045e-01 7.00597286e-01 0. 0. 0. 0. 0. 0. 0. 0. 0. 0. 0. 0. 0.
    0. 0. 0. 0. 0. 6.36321187e-01 5.07638693e-01 4.52642173e-01
    2.23112762e-01 6.02549970e-01 8.32068920e-01 1.96119487e-01
    6.45200789e-01 8.15522492e-01 6.88499689e-01 9.38758373e-01
    5.82014143e-01 9.55703855e-01 9.27348793e-01 8.11975360e-01
    4.70416993e-01 9.88910556e-01 1.76353127e-01 8.61622214e-01
    8.92825603e-01 6.06820703e-01 8.67193937e-01 6.55407190e-01
    6.76025569e-01 2.51089275e-01 8.16337466e-01 8.37972522e-01
    3.76073182e-01 2.21296638e-01 9.47086453e-01 3.53435099e-01
    3.94496590e-01 2.61000425e-01 7.30416358e-01 1.83407962e-02
    7.49027848e-01 1.55826390e-01 7.88807273e-01 2.37205625e-02
    1.62297994e-01 6.44587219e-01 8.15404534e-01 8.78393650e-03
    1.59381628e-02 3.09716761e-01 7.86792159e-01 5.10987282e-01
    6.19592965e-01 7.60005832e-01 5.01728952e-02 8.06644559e-01
    4.26370829e-01 9.05915260e-01 3.05004060e-01 5.46514213e-01
    5.40938556e-01 8.77413690e-01 9.61955249e-01 1.77407175e-01
    2.70393074e-01 6.32600188e-02 4.77998942e-01 6.33931458e-01
    7.30758667e-01 3.43012810e-01 1.48446113e-01 2.16715306e-01
    1.01463705e-01 8.95585299e-01 6.45168900e-01 3.55589032e-01
    2.88244545e-01 1.86607629e-01 7.57562041e-01 9.74761724e-01
    1.43355608e-01 4.33364928e-01 1.14989311e-01 5.43765068e-01
    4.95447040e-01 9.29596543e-01 6.77407742e-01 7.11724877e-01
    4.88928080e-01 2.33157188e-01 4.68188077e-01 2.39910960e-01
    6.83916390e-01 4.89202023e-01 5.93627274e-01 7.00587749e-01
    5.71838856e-01 5.04630804e-03 3.36266309e-01 4.73902494e-01
    5.39513409e-01 3.92566621e-01 6.90479279e-01 3.76419783e-01
    8.21771324e-02 5.77022851e-01 5.33113956e-01 1.43777519e-01
    7.67692924e-01 3.07023734e-01 3.82953584e-01 5.24775445e-01
    6.08880699e-01 2.31794268e-01 7.87450671e-01 3.68766963e-01
    1.28963381e-01 4.77023989e-01 6.53496385e-01 7.92316616e-01
    4.72703040e-01 6.97560787e-01 8.45719457e-01 8.59102726e-01
    8.26427937e-01 5.00574768e-01 4.12001550e-01 4.46529686e-01
    7.53895700e-01 3.72444123e-01 7.08061934e-01 3.94419968e-01
    7.62278199e-01 6.72291458e-01 3.34067345e-02 3.77567410e-01
    7.26155937e-02 5.67904055e-01 5.41602254e-01 3.73130322e-01
    4.19099450e-01 8.04564714e-01 9.14998055e-01 4.63978857e-01
    3.46563816e-01 7.48299599e-01 8.44960511e-01 2.12832987e-01
    1.20266497e-01 4.49403226e-02 9.26701188e-01 1.57748133e-01
    2.67362893e-01 7.58504033e-01 1.73009574e-01 8.42604160e-01
    4.78174150e-01 6.80718243e-01 6.85098708e-01 7.73498416e-01
    2.87786186e-01 2.06843823e-01 2.56569386e-01 1.06729984e-01
    7.90458798e-01 8.56775701e-01 6.31676853e-01 6.18577480e-01
    4.00949329e-01 4.40431833e-02 3.74071628e-01 5.70478916e-01
    8.48317504e-01 7.63757825e-01 4.15861428e-01 2.54887760e-01
    5.42998314e-01 5.33676147e-01 5.78718483e-01 1.87145472e-02
    9.65933919e-01 5.01028121e-01 7.70757854e-01 2.33613431e-01
    3.66807491e-01 8.83466661e-01 5.41670561e-01 8.60390663e-01
    4.75656390e-02 6.81699097e-01 5.82308292e-01 2.41257340e-01
    6.98227704e-01 6.76233530e-01 8.24949980e-01 9.84383225e-01
    2.18682081e-01 2.83900917e-01 5.72561026e-02 5.49023092e-01
    4.92267966e-01 1.61412627e-01 3.27527940e-01 1.63687170e-01
    3.19043577e-01 2.38006651e-01 4.45498735e-01 3.86222005e-02
    1.14335537e-01 5.48167229e-01 4.28168595e-01 9.45201874e-01
    1.80576831e-01 9.67078626e-01 6.36147499e-01 8.21887553e-01
    4.03371990e-01 2.68848717e-01 2.90614963e-01 7.68611312e-01
    1.56396002e-01 3.15198511e-01 6.29581034e-01 7.14728653e-01
    6.17286325e-01 2.89339423e-01 9.99499202e-01 2.52571672e-01
    4.63874996e-01 6.76503122e-01 2.10792512e-01 4.80785102e-01
    5.52325130e-01 1.77796602e-01 4.80418593e-01 1.48137629e-01
    6.27527475e-01 1.24326825e-01 3.61944348e-01 9.00279760e-01
    5.71063519e-01 4.77093786e-01 8.75216424e-02 7.55990505e-01
    3.17498028e-01 2.92466164e-01 1.13858968e-01 1.29382700e-01
    8.30543041e-03 9.72366810e-01 8.01997781e-01 3.07349801e-01
    7.28543043e-01 9.08447385e-01 9.61861074e-01 6.30264521e-01
    4.79212791e-01 3.87691915e-01 5.09455502e-01 3.35381061e-01
    8.97472799e-01 0. 0. 0. 0. 0. 0. 0. 0. 0. 0. 0. 0. 0. 0. 0. 0. 0. 0.
    8.99597228e-01 7.62567997e-01 1.11035705e-01 5.27753472e-01
    1.57573104e-01 1.51238918e-01 9.95546877e-01 9.23214197e-01
    9.66382265e-01 7.53399134e-02 2.36044019e-01 3.48733544e-01
    2.35586226e-01 1.55782729e-01 4.03465390e-01 2.27556705e-01
    8.43312740e-01 5.12481272e-01 6.20333612e-01 6.84464395e-01
    5.83764851e-01 9.97447610e-01 1.29898787e-01 6.93506181e-01
    1.23571813e-01 7.43842125e-02 7.13069379e-01 4.63833928e-01
    2.79635996e-01 2.93705493e-01 1.30857289e-01 5.64839423e-01
    5.60111046e-01 5.73840559e-01 1.85734481e-01 9.60876286e-01
    3.01010847e-01 6.09266281e-01 7.40381360e-01 1.95667416e-01
    1.40178531e-01 3.81711960e-01 2.61002451e-01 8.94993186e-01
    6.37232780e-01 7.79685974e-02 6.22892678e-02 4.59804982e-01
    5.21001697e-01 9.47715282e-01 4.86787915e-01 3.52430254e-01
    3.96319389e-01 3.60348105e-01 6.95382476e-01 1.57346398e-01
    3.06708366e-01 6.21697903e-01 3.37616861e-01 5.19854367e-01
    2.26323962e-01 2.03582048e-01 3.26036930e-01 6.40231788e-01
    4.38339382e-01 3.02265286e-01 6.81863666e-01 6.18688285e-01
    8.10270011e-02 8.75113726e-01 2.42371678e-01 2.62507856e-01
    3.01848561e-01 4.40465808e-01 5.55845797e-01 6.35217726e-01
    6.65840328e-01 5.85073709e-01 1.67790174e-01 4.26943302e-02
    2.10982412e-01 8.87673795e-01 3.71114463e-01 1.14121884e-01
    9.07966018e-01 3.41606915e-01 2.83283293e-02 1.97282046e-01
    5.78354478e-01 9.04761076e-01 4.64423448e-01 9.79149282e-01
    5.24244845e-01 7.37071514e-01 9.09606218e-01 5.68765700e-01
    3.08681697e-01 2.36010730e-01 7.71492362e-01 8.94848704e-02
    6.79457426e-01 8.67737770e-01 9.89344060e-01 8.63937140e-02
    4.86168236e-01 7.46403098e-01 6.80849135e-01 6.53424323e-01
    9.06106949e-01 7.00286090e-01 9.89719987e-01 2.34442651e-02
    4.34227556e-01 8.26979041e-01 6.56062722e-01 5.84466755e-01
    4.04597521e-01 2.56974339e-01 6.49102092e-01 4.82180327e-01
    1.84951037e-01 1.41004771e-01 4.29098725e-01 3.15223336e-02
    6.26209259e-01 8.29065144e-01 2.86588073e-01 4.85078037e-01
    4.85294878e-01 7.16324449e-02 4.60738659e-01 2.28234917e-01
    5.46507657e-01 4.73545909e-01 1.45853549e-01 1.55629396e-01
    2.61158466e-01 1.12863213e-01 3.99146616e-01 1.37789369e-01
    9.77913141e-01 5.23120880e-01 1.32214904e-01 5.14568925e-01
    5.07357121e-01 8.29077840e-01 1.52119547e-01 7.34207392e-01
    6.02629542e-01 9.10598755e-01 7.72278070e-01 2.22073555e-01
    2.22749263e-01 8.45269978e-01 6.90805554e-01 9.00167346e-01
    9.06999707e-01 3.88382673e-01 1.14744931e-01 1.09807640e-01
    6.43840849e-01 6.19846582e-01 5.42154849e-01 2.83711553e-02
    6.00088596e-01 9.48896527e-01 7.21166134e-01 1.57506645e-01
    9.86712098e-01 4.82556045e-01 2.61962235e-01 3.22292745e-01
    9.86532927e-01 3.37816715e-01 3.07075679e-01 3.00917029e-01
    1.83146656e-01 5.54536343e-01 6.33729398e-01 1.20647252e-01
    8.79733860e-01 4.92193699e-01 3.88276339e-01 9.52954471e-01
    2.52556294e-01 5.36658525e-01 1.24044627e-01 7.14901865e-01
    8.18504632e-01 3.19429964e-01 6.06790543e-01 5.11581123e-01
    5.44631898e-01 1.95399493e-01 1.47730738e-01 9.86325324e-01
    6.11033320e-01 6.27220869e-01 8.61640334e-01 1.77322626e-01
    9.76422131e-01 7.50839829e-01 9.68402922e-02 7.06327200e-01
    8.30223441e-01 1.63771242e-01 3.57484460e-01 4.45365965e-01
    2.49690592e-01 6.60591722e-01 7.37581313e-01 5.94452322e-01
    2.86715686e-01 6.85301721e-01 2.18466848e-01 3.16970587e-01
    4.66496646e-02 4.48143482e-01 5.17381787e-01 5.13400912e-01
    7.22426891e-01 2.59811372e-01 3.95917088e-01 9.04298425e-02
    4.50712860e-01 5.20686626e-01 4.11531031e-02 5.60685873e-01
    4.83114064e-01 5.01903534e-01 3.88165474e-01 4.49419469e-01
    8.75827789e-01 6.35225534e-01 5.94079733e-01 6.80025518e-01
    4.96638894e-01 2.29864061e-01 6.06784105e-01 7.11002648e-01
    1.13748312e-02 2.06822753e-02 5.09674132e-01 9.53574657e-01
    6.72339320e-01 8.32382798e-01 2.13448495e-01 1.21216148e-01
    9.80042100e-01 9.91730988e-02 6.62139297e-01 9.25109982e-01
    3.57630044e-01 5.02952933e-02 2.37980992e-01 7.54756629e-02 0. 0. 0.
    0. 0. 0. 0. 0. 0. 0. 0. 0. 0. 0. 0. 0. 0. 0. 8.41683984e-01
    2.85424441e-01 5.39182246e-01 2.42723405e-01 1.76789314e-01
    1.72407478e-01 9.75808501e-01 8.93205762e-01 1.21716499e-01
    7.35811651e-01 4.38188016e-01 9.04299259e-01 6.46300554e-01
    7.88942158e-01 1.03928834e-01 5.33280611e-01 3.49885523e-01
    7.78545737e-02 9.93544459e-01 7.44910657e-01 5.45530260e-01
    8.99754047e-01 9.31850553e-01 8.86537552e-01 4.26917613e-01
    4.18496549e-01 5.14854968e-01 4.66496736e-01 1.89807117e-02
    8.12303424e-01 1.66363925e-01 7.21490860e-01 1.42554373e-01
    8.77801716e-01 9.09564793e-02 3.89420897e-01 4.10877973e-01
    8.61994982e-01 9.74817514e-01 5.53307295e-01 7.52066374e-01
    8.69913816e-01 5.32346249e-01 5.91803789e-02 1.97462976e-01
    4.25126612e-01 1.70507729e-01 9.41480994e-01 6.38937354e-01
    2.51002163e-01 5.91317415e-02 6.36724055e-01 3.85663569e-01
    5.74349940e-01 9.88045037e-01 6.50671899e-01 4.25007224e-01
    8.32075775e-02 9.46916699e-01 4.03977662e-01 5.18135786e-01
    1.90205455e-01 6.98143899e-01 9.79337811e-01 4.98765171e-01
    1.49705678e-01 5.74199259e-01 5.48048317e-02 1.34191215e-01
    3.51871938e-01 9.80944574e-01 8.83006275e-01 5.44935048e-01
    2.97058225e-01 7.26137161e-02 1.74133331e-01 9.35504436e-02
    8.36578965e-01 3.74915600e-01 8.47958803e-01 2.47171521e-01
    6.60625994e-02 3.82072926e-01 5.02441466e-01 6.21508002e-01
    1.73475713e-01 5.27685881e-01 5.55889606e-01 8.31245661e-01
    7.10929394e-01 4.50024605e-02 1.12846941e-01 5.94048500e-01
    4.92368490e-01 2.14809060e-01 1.11655533e-01 8.38621795e-01
    5.85089207e-01 3.82191122e-01 4.61975962e-01 9.53222275e-01
    2.97661781e-01 2.62182355e-01 6.40321672e-01 6.75354004e-02
    8.67380381e-01 5.51626086e-03 4.71873105e-01 9.50595200e-01
    9.68297243e-01 8.46074104e-01 6.09444559e-01 8.85007381e-01
    2.96755731e-01 6.57773912e-01 7.15358973e-01 7.67653823e-01
    5.88527083e-01 5.79758823e-01 3.14074129e-01 6.44000649e-01
    2.20211208e-01 4.07307833e-01 1.15230709e-01 5.91155171e-01
    1.30610079e-01 5.15336692e-01 8.14521670e-01 6.30566001e-01
    8.99276018e-01 4.34462011e-01 4.19110835e-01 7.31960654e-01
    1.90373898e-01 6.35124445e-01 4.79892313e-01 3.31949115e-01
    4.19473588e-01 9.50720370e-01 4.31668073e-01 5.93867719e-01
    4.50275451e-01 5.66826344e-01 2.34309614e-01 9.53461885e-01
    2.34870732e-01 9.78712559e-01 8.54455113e-01 1.10238731e-01
    2.23298222e-01 4.50437486e-01 6.84972763e-01 7.24291265e-01
    6.23314202e-01 5.94183207e-01 5.75268745e-01 6.28462851e-01
    2.94105619e-01 4.29279029e-01 7.00484812e-01 7.99358785e-01
    7.01224804e-01 7.17641056e-01 1.90899998e-01 4.70533639e-01
    8.28430712e-01 8.09395790e-01 5.26768804e-01 1.60484999e-01
    6.65923357e-02 9.78664517e-01 8.20845485e-01 7.92652786e-01
    3.68587971e-01 1.21384829e-01 9.75004673e-01 5.52306175e-01
    8.28490019e-01 9.81084704e-01 9.50326800e-01 8.58315885e-01
    9.89877701e-01 8.51565123e-01 1.74642414e-01 9.85065997e-02
    9.51085985e-01 8.68717730e-01 3.71597171e-01 7.78132439e-01
    9.69971538e-01 5.06653666e-01 3.71993095e-01 5.38032353e-01
    9.26675260e-01 8.33560228e-01 3.68692815e-01 7.57418871e-01
    3.42302859e-01 3.42552006e-01 7.18121529e-01 7.88724542e-01
    6.24088764e-01 1.31786644e-01 7.83444762e-01 2.93112755e-01
    1.28790885e-01 9.24401402e-01 8.89971733e-01 3.37244034e-01
    6.47547185e-01 1.87252462e-02 1.76945329e-01 2.13273346e-01
    8.08253527e-01 3.59733105e-02 7.13701487e-01 7.05886245e-01
    7.43723571e-01 9.67412710e-01 8.55994165e-01 2.97136366e-01
    9.54080939e-01 6.81382418e-01 5.73460817e-01 5.41552365e-01
    6.49305344e-01 9.37657714e-01 6.00575805e-02 2.87956089e-01
    1.30599380e-01 5.05686283e-01 1.39414757e-01 8.70302677e-01
    9.50988770e-01 5.93080759e-01 8.25501442e-01 1.38571709e-01
    3.60622942e-01 4.23148572e-01 3.72220874e-01 1.95577383e-01
    3.21623683e-01 9.18471098e-01 9.84250069e-01 4.94990885e-01
    9.19793248e-01 5.32404900e-01 1.79469973e-01 3.91814500e-01
    6.35913312e-01 4.53079104e-01 4.47325796e-01 9.59074855e-01
    1.29222512e-01 7.22022176e-01 5.55359185e-01 0. 0. 0. 0. 0. 0. 0. 0.
    0. 0. 0. 0. 0. 0. 0. 0. 0. 0. 8.56983781e-01 1.55359328e-01
    8.40672374e-01 8.92943382e-01 3.69508266e-02 9.33127701e-02
    7.72559345e-02 3.79173517e-01 4.10998046e-01 5.62081695e-01
    8.94134521e-01 9.00433481e-01 2.93612599e-01 2.34191865e-01
    8.16788435e-01 2.33047068e-01 7.28953421e-01 6.25533938e-01
    8.04659605e-01 2.13442355e-01 6.82537138e-01 4.91609484e-01
    1.75844222e-01 3.90748739e-01 6.95861220e-01 8.29451323e-01
    7.65731931e-01 2.88696706e-01 4.61361706e-01 9.25982356e-01
    5.62791348e-01 6.21848762e-01 2.76117802e-01 4.41340566e-01
    2.61582136e-01 6.40570402e-01 5.94354451e-01 3.55414271e-01
    7.75347829e-01 1.65776193e-01 2.41358876e-02 6.28611565e-01
    3.51020753e-01 4.77775455e-01 3.43005061e-02 6.61348164e-01
    3.41588259e-01 2.90160000e-01 8.42829943e-01 4.60158855e-01
    3.38872313e-01 1.49798483e-01 6.07637763e-01 5.62481046e-01
    7.05649853e-01 4.10082966e-01 1.89649850e-01 4.52822745e-01
    4.38353419e-03 3.93343270e-02 2.18121231e-01 3.78463328e-01
    3.66712034e-01 9.98716474e-01 8.66694808e-01 2.52995223e-01
    6.64567828e-01 8.25461686e-01 4.21446383e-01 7.80924916e-01
    2.23466694e-01 8.04836333e-01 6.31238818e-02 3.44716042e-01
    7.83322334e-01 8.33487749e-01 2.99466610e-01 9.27277088e-01
    5.50434530e-01 7.99230874e-01 4.98288959e-01 9.18875992e-01
    7.14812756e-01 6.95726156e-01 6.44218028e-01 3.15799117e-02
    1.71957612e-01 2.49161661e-01 6.32850051e-01 9.70355570e-01
    9.59784329e-01 3.33903253e-01 1.00176990e-01 8.67968082e-01
    3.25276941e-01 6.50283456e-01 8.21830332e-02 3.54817003e-01
    4.55283016e-01 4.91500407e-01 2.02445269e-01 4.12014544e-01
    1.66929424e-01 8.80452275e-01 1.03431731e-01 5.06421208e-01
    8.70990872e-01 4.27033544e-01 1.77444488e-01 3.28420043e-01
    8.14264417e-02 9.17648554e-01 8.02793622e-01 3.25164199e-03
    5.72379172e-01 6.25583410e-01 8.34509373e-01 6.66990578e-01
    8.47655535e-01 1.97519332e-01 5.44485867e-01 7.69845247e-02
    5.91068387e-01 7.03158200e-01 9.59485829e-01 3.88440490e-02
    8.63995314e-01 6.60673380e-01 2.51262367e-01 9.38455939e-01
    1.17254138e-01 3.98688018e-02 6.92153752e-01 6.67606354e-01
    4.43303347e-01 9.08021927e-01 3.36901546e-01 1.07276320e-01
    9.61904049e-01 1.94171160e-01 6.07063949e-01 1.50756150e-01
    5.29039860e-01 8.86674881e-01 9.78399575e-01 1.20190382e-02
    2.71321326e-01 1.30234808e-01 8.91980708e-01 5.19809783e-01
    3.46745014e-01 7.03233719e-01 1.66176081e-01 8.04816365e-01
    9.08551514e-02 7.25317478e-01 2.12636739e-01 9.86740291e-02
    1.45550519e-01 6.63630247e-01 4.09292608e-01 3.91576111e-01
    5.32431304e-01 1.42933518e-01 3.15980852e-01 6.16743028e-01
    3.14507514e-01 6.21897519e-01 3.62899780e-01 8.83398771e-01
    9.39783871e-01 2.70699322e-01 7.53935814e-01 6.57716036e-01
    3.70210886e-01 5.35622895e-01 1.93365395e-01 7.64927745e-01
    5.86650848e-01 7.56496787e-02 6.69485390e-01 5.02514303e-01
    2.94460058e-01 9.31670368e-01 5.80452561e-01 7.92236686e-01
    9.12040949e-01 7.89250374e-01 1.52864456e-01 2.30166852e-01
    9.86184895e-01 2.12541580e-01 5.03131747e-02 4.99907225e-01
    7.27366686e-01 8.17135513e-01 1.49608165e-01 9.52617764e-01
    7.25288749e-01 4.01216805e-01 9.31118727e-02 3.90756458e-01
    4.98112738e-01 7.21619010e-01 1.76324189e-01 9.06357050e-01
    9.78095889e-01 2.62215137e-02 1.48387760e-01 6.25386596e-01
    9.21939850e-01 5.28459847e-02 5.46522439e-01 7.39114821e-01
    7.74226308e-01 7.83174992e-01 7.10930347e-01 1.73382193e-01
    2.42671698e-01 9.64192986e-01 1.50865793e-01 6.49520695e-01
    6.60322309e-02 5.27994812e-01 8.22529197e-01 3.11713338e-01
    3.79193783e-01 6.42347157e-01 9.30905700e-01 7.87370086e-01
    9.76622581e-01 3.39406818e-01 5.64967275e-01 9.03944612e-01
    3.99896383e-01 5.58734655e-01 6.60116076e-01 9.36321437e-01
    9.25959587e-01 7.68809319e-02 5.30706942e-01 1.72522992e-01
    5.69773555e-01 1.65263325e-01 8.24666619e-01 4.37701643e-02
    2.36065954e-01 1.93149358e-01 5.44381976e-01 2.87982613e-01
    2.38708973e-01 2.48190433e-01 8.26581538e-01 5.32586336e-01
    6.14229858e-01 6.01612091e-01 0. 0. 0. 0. 0. 0. 0. 0. 0. 0. 0. 0. 0.
    0. 0. 0. 0. 0. 1.50538474e-01 3.63268554e-01 9.63227510e-01
    4.11822587e-01 4.91543859e-01 3.31210554e-01 5.99898934e-01
    8.90141726e-02 7.53351212e-01 7.62716413e-01 2.03916728e-02
    9.18451488e-01 9.91850972e-01 3.32536876e-01 9.71123457e-01
    5.66015840e-01 4.15382206e-01 8.94579053e-01 5.51434994e-01
    9.11735415e-01 2.91270018e-03 1.87189370e-01 8.92693222e-01
    4.44137305e-01 3.55990231e-02 2.23066658e-01 7.96158075e-01
    5.83043039e-01 6.38605654e-02 9.78591621e-01 9.37425017e-01
    9.49812829e-02 5.47951877e-01 3.59083652e-01 4.51495379e-01
    2.20072955e-01 2.05076754e-01 2.31835544e-02 9.80998576e-01
    8.33137393e-01 5.82637310e-01 4.13792193e-01 1.33730561e-01
    6.92666531e-01 9.00810480e-01 9.27779317e-01 7.50498235e-01
    6.91163003e-01 3.94423246e-01 9.22868848e-02 1.63368613e-01
    7.03482032e-02 2.23680943e-01 3.43140483e-01 9.63324785e-01
    3.01912069e-01 9.72098589e-01 7.17626214e-01 9.54687595e-01
    8.66783559e-02 8.01232219e-01 7.60730028e-01 6.21975720e-01
    4.76691723e-02 1.45318329e-01 8.87995362e-01 5.89805365e-01
    6.83149874e-01 8.43954563e-01 3.76533031e-01 2.86096275e-01
    9.06927884e-01 5.79001427e-01 3.59861851e-02 4.26970780e-01
    7.61495709e-01 2.03755021e-01 4.54511732e-01 8.82508934e-01
    3.84671211e-01 8.89848530e-01 1.07912987e-01 7.44126439e-01
    8.26379359e-01 5.32470703e-01 5.04234135e-02 2.38721967e-01
    4.80900317e-01 2.29423344e-01 7.09553957e-01 4.24374431e-01
    3.80281985e-01 2.17569560e-01 8.78854990e-01 7.73421645e-01
    4.36676443e-02 7.89020061e-01 2.28080988e-01 3.32838625e-01
    7.02344537e-01 7.72142768e-01 6.82303965e-01 6.46361232e-01
    1.51000381e-01 9.82131958e-02 1.82226658e-01 3.64006519e-01
    1.95362329e-01 9.25325155e-01 4.56756115e-01 4.18438315e-01
    8.74664664e-01 2.65164077e-01 9.13500071e-01 3.45550597e-01
    5.45363724e-02 8.53116512e-01 4.74775463e-01 1.91169113e-01
    8.67949188e-01 5.92299879e-01 6.30052447e-01 6.25562370e-01
    3.00179332e-01 5.24600208e-01 7.23430037e-01 7.94695020e-01
    2.62567043e-01 1.34472132e-01 1.54158026e-01 7.56802797e-01
    3.42240751e-01 1.27603769e-01 7.89995432e-01 9.01979506e-02
    3.44039828e-01 3.40633392e-02 8.28312993e-01 6.42886996e-01
    1.27799809e-02 5.72146058e-01 3.13033998e-01 6.52738929e-01
    5.24292409e-01 2.50235468e-01 4.29237932e-01 6.92056656e-01
    8.83672535e-02 6.14967525e-01 3.47541869e-01 2.99515426e-01
    3.58763337e-03 1.95593804e-01 1.79989666e-01 9.62517917e-01
    5.89155734e-01 4.41332370e-01 2.75859565e-01 6.68520927e-01
    5.33814490e-01 6.04591668e-02 7.49041736e-02 7.25306511e-01
    7.88601160e-01 9.34690952e-01 2.06373781e-01 8.45158219e-01
    8.12629819e-01 4.56637412e-01 4.44124460e-01 4.05291975e-01
    2.68502831e-01 6.25894010e-01 5.96666574e-01 1.20852262e-01
    3.30996215e-01 1.24184072e-01 5.14740765e-01 1.22440159e-02
    9.23459172e-01 1.50453091e-01 4.34829235e-01 7.60530472e-01
    3.14856648e-01 8.35542679e-01 8.15751910e-01 6.02432191e-01
    1.09065413e-01 8.14582705e-01 9.40839648e-01 9.33019519e-02
    7.40925968e-01 5.45092821e-01 9.02068853e-01 9.75786507e-01
    4.18906480e-01 6.47429466e-01 3.17029774e-01 7.60316014e-01
    6.26126826e-01 3.26541066e-03 5.67526758e-01 3.16613138e-01
    9.23451722e-01 8.90664101e-01 3.34581137e-01 3.75537306e-01
    2.16074169e-01 1.39888346e-01 5.71325958e-01 4.27584141e-01
    9.54696774e-01 6.08816266e-01 4.07680094e-01 5.76440990e-01
    9.40391898e-01 1.52686924e-01 5.21946073e-01 6.46422923e-01
    1.44839555e-01 5.81726432e-01 4.54236507e-01 9.33770895e-01
    9.79018569e-01 6.15623534e-01 2.92249441e-01 2.62045562e-01
    8.07638466e-01 3.84072602e-01 7.28229523e-01 3.93685430e-01
    4.52317327e-01 9.38757658e-01 4.47632611e-01 3.11723232e-01
    8.48200679e-01 5.66490889e-01 3.73315752e-01 7.40591884e-02
    4.02644187e-01 8.29448760e-01 5.94789803e-01 4.35582936e-01
    6.42068863e-01 9.96969640e-02 5.66066861e-01 7.02560544e-01
    7.45335996e-01 1.13166749e-01 5.55357575e-01 3.08687001e-01
    3.50699008e-01 4.12231505e-01 1.97758496e-01 6.66121542e-01
    7.87054896e-01 0. 0. 0. 0. 0. 0. 0. 0. 0. 0. 0. 0. 0. 0. 0. 0. 0. 0.
    7.23249078e-01 2.31011808e-01 7.68993735e-01 6.72830820e-01
    2.51860738e-01 4.14905995e-01 2.90830374e-01 8.77727985e-01
    7.34083891e-01 4.25531209e-01 6.93272650e-02 1.03028595e-01
    9.53490138e-01 7.75147200e-01 9.41092968e-02 8.42424035e-01
    8.40634465e-01 2.32521743e-01 2.13830739e-01 9.77262259e-01
    7.51296818e-01 7.86422849e-01 2.62013733e-01 1.56643391e-01
    3.27325225e-01 3.89686614e-01 8.58039975e-01 7.36400962e-01
    8.57784867e-01 8.36164594e-01 5.22016287e-01 1.35260135e-01
    9.86333251e-01 8.04949462e-01 3.02872598e-01 7.32290268e-01
    2.05976963e-01 7.94197679e-01 7.77232468e-01 8.87245715e-01
    7.42481112e-01 4.20744956e-01 7.02182949e-01 9.37441468e-01
    2.55426407e-01 1.69002324e-01 8.08981180e-01 9.40173626e-01
    1.03708804e-01 4.65838641e-01 9.34317112e-01 8.30867529e-01
    1.82479024e-01 1.62023425e-01 2.52324939e-02 2.71783829e-01
    2.23139197e-01 6.02028847e-01 2.08246946e-01 1.83829665e-03
    2.70736247e-01 5.39833963e-01 8.13725233e-01 4.58255798e-01
    2.34198987e-01 3.52591872e-01 5.63195944e-01 9.86022294e-01
    9.17723954e-01 9.93797660e-01 7.77583361e-01 8.80647540e-01
    9.08692420e-01 7.67773867e-01 2.94315457e-01 5.59814751e-01
    4.39307094e-02 9.94059265e-01 5.17701387e-01 8.82977962e-01
    7.27627039e-01 5.42062104e-01 6.19969308e-01 6.22805774e-01
    1.17159814e-01 2.32696980e-01 3.18783641e-01 1.94169968e-01
    2.43967056e-01 8.15680385e-01 5.22222221e-02 8.92780721e-01
    6.76884294e-01 8.47820997e-01 2.25388795e-01 3.60106826e-01
    1.64159536e-01 3.47447634e-01 9.41326618e-01 4.19469118e-01
    4.85411406e-01 8.32121193e-01 7.74502516e-01 5.80277264e-01
    3.46781462e-01 6.86446548e-01 9.65400994e-01 6.36982918e-03
    7.56569028e-01 7.88087130e-01 8.61373007e-01 4.31367844e-01
    4.42142665e-01 5.51288128e-01 8.56216788e-01 8.50911379e-01
    4.05944318e-01 6.67707384e-01 7.94945359e-01 8.20285916e-01
    9.83954072e-01 2.52433807e-01 4.20096815e-02 2.67463863e-01
    2.70779908e-01 2.58233935e-01 1.52415454e-01 8.69746625e-01
    3.60362202e-01 5.01067936e-01 6.44207478e-01 3.80798846e-01
    1.42197579e-01 6.27029538e-01 1.07197046e-01 5.94862580e-01
    4.28267181e-01 2.85499245e-01 4.58558291e-01 8.92545581e-01
    5.08247077e-01 1.86693698e-01 5.13809085e-01 4.85753804e-01
    9.57889497e-01 6.54851913e-01 8.03564668e-01 1.65274471e-01
    4.13404316e-01 9.87450898e-01 5.19711435e-01 6.46196246e-01
    8.07153344e-01 7.08410978e-01 2.75171459e-01 2.41335869e-01
    2.28261948e-01 6.21933341e-01 1.20801270e-01 1.33061707e-02
    8.90893459e-01 2.25918889e-02 9.48767662e-01 6.82464242e-01
    2.90273726e-01 6.94507003e-01 4.81634110e-01 9.95374322e-01
    5.48358262e-01 4.30481046e-01 9.69760180e-01 2.23553598e-01
    6.61547422e-01 3.84968489e-01 4.86219347e-01 5.50345480e-02
    9.26742375e-01 3.49409729e-01 5.57079017e-01 7.80865550e-03
    6.32004559e-01 4.28247929e-01 1.02182180e-01 7.63260484e-01
    6.79154813e-01 2.80618072e-01 3.48095417e-01 9.36185837e-01
    1.39057398e-01 1.37587875e-01 3.32382888e-01 2.39354372e-03
    1.70765519e-02 8.24908316e-01 2.69983768e-01 3.57567608e-01
    2.89064944e-01 5.25440633e-01 8.49823236e-01 1.72316223e-01
    8.77032936e-01 1.77184910e-01 9.61307645e-01 5.77260792e-01
    5.24490297e-01 8.93087804e-01 4.92140710e-01 4.64779019e-01
    7.26347685e-01 3.00603479e-01 8.21535051e-01 1.27609074e-02
    4.82180029e-01 3.31190884e-01 1.55728430e-01 3.53345513e-01
    1.72007591e-01 2.97742963e-01 3.48244786e-01 5.72636306e-01
    5.83530784e-01 4.57462490e-01 9.66920257e-01 9.58355427e-01
    8.32500219e-01 8.74235511e-01 3.06610465e-01 6.56671286e-01
    1.29900098e-01 9.00539279e-01 7.19561219e-01 2.21093863e-01
    9.27409947e-01 8.07860315e-01 3.43094647e-01 6.96967661e-01
    9.51760352e-01 7.00896740e-01 8.39053273e-01 2.96291530e-01
    6.27125025e-01 1.34431243e-01 1.64809048e-01 6.14368796e-01
    7.12972760e-01 9.51591134e-01 2.84064829e-01 4.56889570e-02
    1.24377638e-01 9.41524744e-01 7.26586521e-01 5.23670793e-01
    4.41327453e-01 9.05411243e-01 8.18183184e-01 5.05034089e-01 0. 0. 0.
    0. 0. 0. 0. 0. 0. 0. 0. 0. 0. 0. 0. 0. 0. 0. 1.51246786e-01
    1.97370261e-01 3.35265160e-01 7.93203115e-01 6.11741543e-01
    1.79994822e-01 2.61554420e-02 2.99362421e-01 8.18108201e-01
    6.42938018e-01 1.79755986e-02 6.80754960e-01 1.57839537e-01
    3.97301644e-01 3.05812716e-01 7.34505713e-01 7.74265230e-01
    3.75903428e-01 6.17181480e-01 5.12484252e-01 7.79962897e-01
    9.09699500e-01 7.78351784e-01 6.49106920e-01 6.83049023e-01
    5.28562725e-01 3.58048439e-01 4.86554265e-01 8.95939827e-01
    3.79260242e-01 9.56643879e-01 3.43927056e-01 3.14826518e-01
    4.77888674e-01 7.79077411e-01 1.52610660e-01 2.21851796e-01
    2.55488694e-01 8.29263866e-01 3.80817711e-01 7.49855161e-01
    4.44617987e-01 2.53094226e-01 7.22118020e-02 9.25557971e-01
    3.61869425e-01 5.29321194e-01 6.36757076e-01 3.17593575e-01
    3.29198688e-01 2.90667236e-01 7.04811752e-01 5.15176892e-01
    4.52907920e-01 6.32074058e-01 3.25664371e-01 5.81267953e-01
    1.39027119e-01 4.04439211e-01 9.43303585e-01 5.19441605e-01
    6.04187846e-01 2.53386796e-02 5.67878783e-01 1.78808481e-01
    4.13447767e-01 7.93006122e-02 8.64819527e-01 9.77056742e-01
    6.06358767e-01 2.55988002e-01 5.40342450e-01 2.06234813e-01
    5.36502302e-01 1.69078648e-01 6.23561323e-01 2.92862982e-01
    3.56191367e-01 3.28569114e-01 3.94317389e-01 8.11221004e-01
    2.33457059e-01 2.67990649e-01 9.09584045e-01 2.45769203e-01
    5.74372172e-01 2.70272851e-01 8.17007542e-01 3.38752896e-01
    9.05819237e-01 8.14299345e-01 4.70200479e-02 9.40679908e-01
    1.26075447e-02 7.51065612e-01 9.09463406e-01 9.89729881e-01
    6.94776356e-01 9.93898988e-01 4.63553876e-01 7.57404327e-01
    8.41657579e-01 7.40891457e-01 3.63088250e-01 6.80758595e-01
    2.92908370e-01 9.62838292e-01 5.43729663e-01 2.71221519e-01
    4.23668563e-01 6.62461042e-01 8.12721848e-01 3.96504670e-01
    1.22676730e-01 2.91955948e-01 2.75013089e-01 4.63233352e-01
    3.21652591e-01 8.11520517e-01 1.52220130e-02 4.17303741e-01
    4.30403352e-02 9.19564128e-01 1.43894166e-01 9.18674231e-01
    1.63600445e-02 4.35172111e-01 7.68089890e-01 3.98409873e-01
    7.07567275e-01 9.09378767e-01 6.16367161e-01 8.57748151e-01
    3.82813841e-01 2.76434124e-01 9.43600476e-01 7.18320608e-01
    4.61671323e-01 5.88494003e-01 5.58122456e-01 3.60619843e-01
    7.74174809e-01 7.92286038e-01 4.74191844e-01 1.61728591e-01
    1.34466469e-01 4.87089455e-02 5.92777550e-01 1.11537129e-01
    4.90628660e-01 6.91022873e-02 5.18640876e-01 9.38874483e-03
    8.42368305e-02 3.66801053e-01 7.25399911e-01 9.81799126e-01
    1.59626156e-01 2.20791876e-01 8.04357529e-01 6.52821422e-01
    8.08477283e-01 3.67601275e-01 2.83452392e-01 5.22724628e-01
    5.92948854e-01 6.87433481e-02 5.42759776e-01 1.36601835e-01
    4.43490833e-01 6.27527237e-01 9.94353414e-01 2.60402292e-01
    5.66657424e-01 8.86141658e-01 5.44503093e-01 3.01253021e-01
    8.88029695e-01 6.95924819e-01 9.29463387e-01 2.64071196e-01
    4.88971293e-01 4.63406354e-01 3.23009193e-01 8.45140576e-01
    1.81089133e-01 2.76993990e-01 3.82304043e-01 1.29687935e-01
    2.53652990e-01 7.26258814e-01 3.42161119e-01 6.31528497e-01
    4.97675359e-01 2.85224617e-02 4.64888394e-01 7.22062528e-01
    2.55654156e-02 2.67311603e-01 3.83886218e-01 7.30888665e-01
    1.30309999e-01 9.33558226e-01 7.54136801e-01 3.44910979e-01
    4.88381475e-01 9.42896307e-01 8.70193303e-01 7.28656650e-02
    8.42269659e-02 9.95491922e-01 5.67120612e-01 9.16188240e-01
    4.70255196e-01 1.46648049e-01 6.00831270e-01 8.60747874e-01
    7.30955362e-01 1.79499060e-01 1.41694993e-01 6.27418756e-01
    1.22559667e-01 7.33863413e-01 3.77166897e-01 7.28028059e-01
    9.06830132e-01 2.98799276e-01 5.72270632e-01 1.41997546e-01
    1.83547229e-01 6.98104501e-03 4.27578807e-01 3.99546981e-01
    5.91063201e-02 8.42138231e-01 9.33219433e-01 7.50278473e-01
    9.26338613e-01 5.07300019e-01 6.01532638e-01 6.52977049e-01
    7.11345732e-01 2.99301326e-01 7.75635719e-01 1.64053738e-02
    1.46467954e-01 4.16664183e-01 6.75191879e-01 8.60430598e-01
    8.90674114e-01 7.24363565e-01 9.26683664e-01 8.35700631e-01
    8.03805947e-01 7.04779506e-01 3.32370460e-01 0. 0. 0. 0. 0. 0. 0. 0.
    0. 0. 0. 0. 0. 0. 0. 0. 0. 0. 1.76219940e-02 3.12384337e-01
    3.46682191e-01 6.16635919e-01 8.22114050e-01 3.41884762e-01
    9.14699256e-01 8.63798857e-01 1.89385921e-01 6.17804170e-01
    1.21929914e-01 4.72784638e-02 7.92226672e-01 3.63017619e-02
    4.19491529e-03 1.79691881e-01 8.94585967e-01 7.06661642e-02
    3.85099351e-01 4.34066951e-02 7.31693864e-01 3.34239006e-01
    7.88514316e-01 6.12665772e-01 3.56356561e-01 6.34256601e-01
    2.06374139e-01 3.74565899e-01 2.36943960e-02 2.74668276e-01
    5.36488950e-01 4.44724560e-02 6.63621187e-01 6.76612854e-02
    4.37318772e-01 4.60772276e-01 6.27727985e-01 8.51785779e-01
    3.62856835e-01 8.27410579e-01 5.20689130e-01 7.72230029e-01
    1.18279934e-01 5.24205625e-01 7.66224384e-01 4.90274340e-01
    6.03595018e-01 4.43867207e-01 7.34687030e-01 3.06146353e-01
    7.56591439e-01 8.18866253e-01 6.44427180e-01 1.17948472e-01
    3.78207833e-01 3.65795016e-01 3.55137587e-01 5.93412459e-01
    8.99457097e-01 2.89877951e-01 4.73507077e-01 3.09146881e-01
    2.44820148e-01 1.66930020e-01 8.89539242e-01 4.38657522e-01
    1.05247140e-01 5.67495584e-01 7.34409034e-01 2.30403870e-01
    9.07668591e-01 9.97770429e-01 4.06582385e-01 5.42413056e-01
    3.85713011e-01 8.31938982e-02 2.34218776e-01 5.58465838e-01
    7.42711723e-02 6.44159317e-01 9.90958929e-01 7.74688721e-01
    1.92989320e-01 1.86794072e-01 6.88333035e-01 2.96125829e-01
    5.03224432e-01 5.93810081e-01 3.31931919e-01 4.29019630e-01
    8.27106833e-03 7.91879833e-01 5.80189466e-01 4.59820628e-01
    5.66615820e-01 9.45087612e-01 3.49276423e-01 8.97878051e-01
    7.14350939e-01 7.48229384e-01 6.14476085e-01 6.67507946e-01
    3.30584347e-01 4.31424141e-01 4.28260416e-01 6.29502416e-01
    1.70847267e-01 8.33337069e-01 1.78800970e-01 5.64157665e-01
    6.82028770e-01 1.02833807e-02 7.61600554e-01 5.80419540e-01
    5.79303980e-01 7.69811571e-02 7.54947066e-01 2.43536085e-01
    2.04517335e-01 4.52354163e-01 7.74519384e-01 2.53933281e-01
    7.15919852e-01 9.40423131e-01 9.16487873e-01 4.21954662e-01
    8.34015369e-01 9.56843019e-01 8.50070477e-01 2.87318021e-01
    1.94677323e-01 7.95307875e-01 8.37403715e-01 4.15361822e-02
    4.06626165e-01 5.09931028e-01 5.65133035e-01 7.19949245e-01
    1.48182511e-02 2.02542961e-01 5.32044888e-01 3.67857814e-02
    3.98404896e-01 2.05664933e-02 5.77222884e-01 6.47615075e-01
    2.42542714e-01 6.96430683e-01 2.43682325e-01 9.18434858e-01
    8.50042105e-01 5.71137965e-01 4.13767159e-01 5.22837818e-01
    1.02176994e-01 9.87030566e-02 6.22054279e-01 7.20088482e-01
    1.45445168e-01 6.23781025e-01 7.60153711e-01 3.58148247e-01
    8.39787483e-01 5.34118116e-02 5.25224149e-01 8.33541036e-01
    4.59661782e-02 6.31973147e-01 7.39177346e-01 1.43128276e-01
    3.83996248e-01 2.05376625e-01 3.48093510e-02 4.14109707e-01
    2.91319191e-01 6.64976597e-01 8.42627704e-01 3.06298435e-01
    8.97211790e-01 7.32383132e-01 7.35223293e-01 4.64827746e-01
    4.39026564e-01 1.27580464e-02 2.56499410e-01 5.35122812e-01
    6.16865754e-01 2.84405142e-01 6.04018807e-01 2.00066417e-01
    6.04254723e-01 1.36066467e-01 9.40612197e-01 9.97405648e-01
    5.20762384e-01 3.35096776e-01 9.85498309e-01 3.64000380e-01
    2.31406122e-01 4.79557097e-01 4.41077381e-01 4.31677759e-01
    6.37625217e-01 5.01062155e-01 1.04032904e-01 2.40614235e-01
    4.30111766e-01 7.55898833e-01 6.75851226e-01 7.06328392e-01
    6.22355223e-01 8.58460307e-01 7.05512404e-01 5.10071039e-01
    8.13480079e-01 1.84921443e-01 3.74992192e-01 4.48314577e-01
    3.43574226e-01 5.46917081e-01 8.40150356e-01 1.09072298e-01
    2.18180984e-01 1.24309897e-01 9.80297804e-01 6.88868046e-01
    8.40321481e-01 3.92459720e-01 5.60886562e-02 1.52596831e-03
    2.78818905e-01 9.47730780e-01 8.73496175e-01 4.57458526e-01
    2.97181904e-01 7.09189475e-02 9.90631878e-01 6.03815913e-03
    8.31787586e-01 6.80636942e-01 5.66707194e-01 1.65596157e-01
    3.57643634e-01 6.15632176e-01 9.54469442e-01 6.35804772e-01
    8.98072362e-01 8.47942233e-01 6.78042650e-01 3.04343104e-01
    5.10937810e-01 2.13669270e-01 3.92541885e-01 8.63375306e-01
    4.74696517e-01 8.24380398e-01 0. 0. 0. 0. 0. 0. 0. 0. 0. 0. 0. 0. 0.
    0. 0. 0. 0. 0. 6.47613287e-01 1.43579364e-01 2.00539529e-01
    6.11690283e-01 7.86139011e-01 2.71377027e-01 5.12018979e-01
    6.55593276e-02 4.10327345e-01 4.15525794e-01 5.88030100e-01
    4.11970019e-02 3.82059515e-01 7.20428824e-02 1.57114804e-01
    1.79575145e-01 2.88909882e-01 3.90215576e-01 6.74916983e-01
    2.45408088e-01 2.01841235e-01 9.60614979e-02 2.09728211e-01
    5.32898903e-01 4.25548553e-01 7.14632452e-01 4.53909904e-01
    3.40187192e-01 4.93660420e-01 8.65506887e-01 9.71985698e-01
    1.48266166e-01 5.50178468e-01 2.44031042e-01 1.45868063e-01
    7.08063126e-01 4.92201567e-01 8.16814899e-01 1.75582677e-01
    1.22662663e-01 5.00991940e-03 7.23069608e-02 4.68804538e-02
    4.51457620e-01 8.77881289e-01 1.57785952e-01 5.38019836e-01
    2.20686495e-02 9.14200544e-01 8.40912282e-01 3.25635016e-01
    1.72114670e-01 1.23476118e-01 1.30524904e-01 2.36797333e-02
    9.82486904e-02 6.59600794e-01 8.58006358e-01 5.03025711e-01
    7.47520685e-01 9.57868814e-01 6.84937060e-01 7.17948973e-01
    3.18190455e-02 8.47895265e-01 3.87523055e-01 1.59841716e-01
    5.93732595e-01 8.69561613e-01 3.73914063e-01 7.63136148e-03
    4.62663472e-02 8.61867964e-01 3.49622369e-02 5.37705421e-03
    1.92030370e-02 2.95065105e-01 2.33449548e-01 7.81219184e-01
    7.09143162e-01 2.58060992e-01 3.01772863e-01 6.86949492e-02
    1.43935472e-01 5.91629267e-01 9.45464134e-01 7.06751049e-01
    2.85889417e-01 3.69020641e-01 7.23207593e-01 1.56798303e-01
    2.40629971e-01 3.00192833e-02 1.35442078e-01 2.02931195e-01
    9.09155488e-01 9.35927331e-01 3.36531878e-01 7.94503629e-01
    8.00227404e-01 3.21932912e-01 4.75054860e-01 2.93399513e-01
    9.36100960e-01 3.14181417e-01 5.27076840e-01 8.80776644e-01
    3.53551209e-02 9.61769223e-01 3.47493708e-01 1.76658213e-01
    1.83692932e-01 9.89523530e-02 7.03884661e-01 2.63320744e-01
    4.97069329e-01 7.83910275e-01 7.14664519e-01 9.20039296e-01
    4.35435265e-01 6.07681513e-01 2.13310122e-03 3.73470873e-01
    1.31363571e-01 6.75637245e-01 4.12860364e-01 5.65556467e-01
    9.73555624e-01 8.85325015e-01 8.67499173e-01 5.74727297e-01
    8.61301184e-01 6.43830597e-01 8.19090724e-01 3.12868893e-01
    9.38939869e-01 3.30301374e-01 5.25173724e-01 6.90145552e-01
    5.56478441e-01 8.06369007e-01 6.93159521e-01 4.66811031e-01
    7.22691774e-01 4.16348904e-01 2.83899486e-01 7.94281662e-01
    6.38679922e-01 8.86779606e-01 7.92198598e-01 5.31937182e-01
    1.26513392e-01 6.25814021e-01 5.95735788e-01 6.45425558e-01
    7.27786720e-02 6.07948840e-01 1.61403298e-01 7.50094056e-01
    5.14092565e-01 9.75758314e-01 4.68617022e-01 6.05565012e-01
    7.68333077e-01 3.55027318e-02 5.00003636e-01 2.73267448e-01
    3.63835990e-01 2.19616532e-01 1.13990664e-01 6.27772212e-01
    9.03157294e-02 5.44990659e-01 1.54136628e-01 1.13292843e-01
    6.68568313e-01 4.32762772e-01 4.07773793e-01 7.61856854e-01
    1.53755546e-01 7.14146793e-01 5.81948578e-01 1.00554079e-01
    7.02451468e-01 3.59196723e-01 4.92305160e-01 1.78002208e-01
    5.03260732e-01 7.24929929e-01 7.44961262e-01 1.91451609e-02
    7.08293796e-01 5.71588099e-01 4.91843820e-01 1.35506719e-01
    7.53729284e-01 6.07028127e-01 6.72808528e-01 1.00248158e-02
    7.01546252e-01 3.18079084e-01 8.95552039e-01 3.88825476e-01
    8.94716144e-01 3.14590007e-01 5.46443164e-01 5.59867620e-01
    4.31507111e-01 8.30185115e-01 2.90932655e-01 3.50914329e-01
    5.96077740e-01 9.50442672e-01 8.33697021e-01 3.46316874e-01
    6.74673021e-02 7.25223541e-01 2.70995498e-02 4.01544660e-01
    7.60190606e-01 3.21938753e-01 2.16992497e-01 8.15827608e-01
    6.08995259e-01 5.01625896e-01 1.36687309e-01 2.56476671e-01
    6.17963612e-01 5.31609118e-01 8.96890819e-01 2.30727494e-01
    8.30737948e-01 3.26127291e-01 7.10983574e-02 1.28619969e-01
    2.77242869e-01 7.80665278e-01 2.09562540e-01 2.81595409e-01
    1.74849689e-01 3.48468989e-01 9.39340353e-01 8.18209648e-02
    4.99523520e-01 3.47376585e-01 6.69844627e-01 2.58833468e-01
    4.23290730e-02 9.13466930e-01 9.16012168e-01 6.53588295e-01
    4.17209506e-01 1.68340772e-01 3.13820869e-01 5.65884411e-01
    9.27494049e-01 0. 0. 0. 0. 0. 0. 0. 0. 0. 0. 0. 0. 0. 0. 0. 0. 0. 0.
    4.19297189e-01 3.78607452e-01 1.79087788e-01 2.34234393e-01
    8.87350440e-01 1.96618617e-01 7.79401302e-01 7.91206956e-01
    5.41467369e-01 8.94235611e-01 1.83195174e-01 2.85985917e-01
    6.42911315e-01 6.64455354e-01 5.16085684e-01 4.03690040e-02
    7.07906365e-01 9.12284255e-01 4.89507765e-01 5.99922061e-01
    6.16740346e-01 8.22296739e-02 1.35744721e-01 4.67108399e-01
    2.70017982e-01 4.56728637e-02 3.80549967e-01 9.59797144e-01
    4.55275238e-01 2.19286084e-01 4.20830697e-01 8.90718699e-01
    8.69984269e-01 3.33866298e-01 3.45935464e-01 5.81885636e-01
    6.20050728e-02 7.91942477e-01 5.59616446e-01 1.70060545e-01
    6.26951218e-01 4.81134087e-01 6.20389163e-01 4.23230618e-01
    9.36881304e-01 1.76481962e-01 9.79020119e-01 3.50614965e-01
    6.08155549e-01 6.36316955e-01 8.67658734e-01 2.28980780e-01
    8.29038143e-01 6.75773501e-01 2.28438675e-02 3.67021918e-01
    4.49370742e-02 2.15936005e-01 5.20169437e-02 3.79333705e-01
    4.62144256e-01 2.15155125e-01 2.83103794e-01 1.64398521e-01
    9.84990478e-01 1.24309778e-01 5.90066314e-01 5.90400040e-01
    4.98148203e-02 4.59504217e-01 1.55479163e-01 7.19256043e-01
    3.65489662e-01 1.74665570e-01 2.45639294e-01 8.12341213e-01
    7.58712173e-01 9.14067149e-01 2.36308485e-01 4.50850248e-01
    2.11233556e-01 5.07764637e-01 1.97434604e-01 1.82527155e-01
    7.90942907e-01 4.95291501e-01 2.87060201e-01 6.52328491e-01
    3.90697718e-02 7.91236758e-01 5.00232160e-01 6.30390882e-01
    9.83706594e-01 4.90984052e-01 4.68233526e-02 8.94160748e-01
    4.39815551e-01 9.45076168e-01 1.41072273e-01 1.45277381e-03
    2.72047758e-01 3.49268258e-01 7.78249085e-01 7.27224112e-01
    5.09802282e-01 5.64770758e-01 5.04962742e-01 9.73934531e-01
    6.06443882e-02 4.79886532e-01 5.16925335e-01 2.12904513e-02
    1.94925040e-01 8.56788695e-01 7.57511556e-01 6.89926267e-01
    2.66401201e-01 2.61289120e-01 4.57562387e-01 6.43193424e-02
    2.18761384e-01 3.14631343e-01 7.26133466e-01 1.73241585e-01
    6.77864850e-02 6.64347827e-01 6.77065849e-02 9.81191218e-01
    5.59521914e-01 4.97348875e-01 9.55027044e-02 6.26359701e-01
    6.28720462e-01 3.99461269e-01 5.91891766e-01 9.79301453e-01
    5.98295808e-01 1.07365429e-01 2.20813155e-02 8.71048331e-01
    6.20268881e-01 6.19040191e-01 6.38755381e-01 4.86224383e-01
    5.56866407e-01 1.48216724e-01 8.81109715e-01 2.25956768e-01
    4.55380857e-01 7.19913840e-01 6.49343014e-01 5.10115087e-01
    7.96975911e-01 6.13868713e-01 8.60431910e-01 3.74708235e-01
    1.80867016e-01 9.19540823e-02 4.55286562e-01 4.52950060e-01
    1.46183729e-01 5.00437140e-01 6.34806931e-01 5.73592484e-01
    6.20812178e-02 1.91428751e-01 7.33492851e-01 5.34110725e-01
    6.57576263e-01 1.00105792e-01 7.81768560e-01 9.08895850e-01
    4.17199314e-01 8.94438803e-01 7.54343629e-01 2.88236201e-01
    6.35378599e-01 2.68847108e-01 3.16789806e-01 2.64394999e-01
    3.72223377e-01 2.60010958e-01 8.26433718e-01 6.65429533e-01
    7.63600528e-01 1.70396149e-01 9.94802833e-01 4.84010637e-01
    3.97443086e-01 8.24629784e-01 4.03135061e-01 9.81869698e-01
    8.53975892e-01 5.53740382e-01 6.12772822e-01 8.85105729e-01
    3.67659628e-01 1.57366365e-01 9.66856360e-01 8.37140083e-01
    3.23001683e-01 9.18482542e-01 6.49542272e-01 4.77023065e-01
    1.69687599e-01 8.58626604e-01 2.39161521e-01 8.03492785e-01
    7.50896454e-01 4.21735883e-01 5.27253747e-02 4.57443953e-01
    2.04114467e-01 8.85838389e-01 3.51927400e-01 7.13242352e-01
    2.84587622e-01 2.25941151e-01 3.07917774e-01 1.10457659e-01
    5.55039048e-02 7.51624942e-01 8.05834830e-01 6.13405406e-02
    6.83335960e-02 7.45111167e-01 5.61828554e-01 1.25030965e-01
    8.94310236e-01 3.25209737e-01 2.27347791e-01 2.76749581e-01
    9.70916271e-01 2.32735366e-01 9.99296188e-01 2.48175472e-01
    7.78015196e-01 5.42780757e-01 1.02901757e-02 6.11273110e-01
    8.58758569e-01 9.56953764e-01 8.33910942e-01 5.22997439e-01
    5.07519960e-01 5.08669555e-01 8.05709481e-01 4.47612882e-01
    6.79702222e-01 8.00180793e-01 8.21112037e-01 2.48771697e-01
    9.43461657e-01 3.82255375e-01 6.67751610e-01 3.44780385e-01 0. 0. 0.
    0. 0. 0. 0. 0. 0. 0. 0. 0. 0. 0. 0. 0. 0. 0. 5.67017198e-01
    6.03056490e-01 4.20198143e-02 4.59386289e-01 8.36199880e-01
    6.25638247e-01 1.28504217e-01 1.78792834e-01 9.00894523e-01
    5.19515336e-01 1.23619139e-01 1.72230333e-01 1.62752360e-01
    7.65113592e-01 6.54489756e-01 8.06126475e-01 8.32692683e-01
    7.29580402e-01 6.10242248e-01 8.32029223e-01 9.05662894e-01
    1.27639562e-01 5.69563746e-01 6.98329568e-01 7.57808805e-01
    9.86339748e-02 1.31594151e-01 9.37159657e-01 5.74266016e-01
    5.63940704e-01 6.31359458e-01 7.74260759e-01 3.99546325e-02
    3.05710435e-01 6.79554999e-01 5.60162485e-01 9.12590444e-01
    9.02611971e-01 6.62692249e-01 8.56620789e-01 4.65661436e-01
    3.84786129e-01 2.32060432e-01 9.19201970e-03 3.74832273e-01
    1.50159299e-02 1.10312998e-01 5.32058954e-01 8.26320350e-02
    5.70849597e-01 5.82624078e-02 9.00999248e-01 9.01473641e-01
    3.15767407e-01 4.95228380e-01 1.57037586e-01 1.50154620e-01
    7.80133963e-01 5.18373668e-01 3.83665025e-01 5.05994737e-01
    9.25552607e-01 2.86757559e-01 1.89123005e-01 9.93194938e-01
    2.88292974e-01 9.22038794e-01 5.04602849e-01 9.47819173e-01
    4.38014507e-01 1.51469022e-01 8.41636181e-01 4.48826402e-01
    3.98291349e-02 1.42399579e-01 2.78201669e-01 9.50545669e-01
    4.75673556e-01 8.30545306e-01 3.40698302e-01 6.76463127e-01
    1.31446064e-01 1.69534713e-01 2.96980888e-01 1.10030740e-01
    1.79316133e-01 7.30780900e-01 9.57324624e-01 6.69815540e-02
    7.64552236e-01 1.17241442e-02 7.36887574e-01 1.50263041e-01
    3.70460927e-01 8.38554025e-01 7.96406746e-01 1.90481901e-01
    8.73292923e-01 3.94213557e-01 1.03114247e-01 1.65719211e-01
    7.83710778e-01 4.19267982e-01 7.90945947e-01 9.57036614e-01
    9.44757760e-02 7.82001197e-01 3.10706794e-02 8.62924933e-01
    7.40529597e-01 6.26200438e-01 8.98010373e-01 1.47099376e-01
    2.74780780e-01 7.07702577e-01 3.99860412e-01 5.93016148e-02
    7.57388115e-01 2.19556242e-01 9.23406124e-01 9.26508784e-01
    5.58416247e-01 8.13871622e-03 5.95055282e-01 2.90634811e-01
    6.59860015e-01 6.35634184e-01 1.17717505e-01 9.31387901e-01
    9.76173520e-01 9.63350534e-01 8.22558343e-01 4.48652327e-01
    6.19148016e-01 5.41801393e-01 9.76513684e-01 7.60623455e-01
    2.25015789e-01 2.79146910e-01 3.70520234e-01 1.15825444e-01
    1.28886789e-01 4.53037024e-01 6.31072044e-01 4.72638577e-01
    6.34629250e-01 7.08776772e-01 5.52290678e-02 9.87384200e-01
    5.24381161e-01 9.87999678e-01 7.50210166e-01 7.70594716e-01
    4.17731434e-01 7.09906578e-01 7.12508500e-01 8.70965123e-02
    9.10904467e-01 2.34221339e-01 2.20104128e-01 3.99595648e-01
    6.35028720e-01 8.16555202e-01 3.18218112e-01 9.14199054e-02
    3.09841335e-01 2.63519019e-01 9.54575419e-01 5.65599382e-01
    2.62973309e-01 5.88431418e-01 6.54107928e-01 8.30373466e-02
    1.90325081e-01 6.73630416e-01 2.54778206e-01 2.09841013e-01
    4.92522925e-01 3.24802577e-01 5.08769453e-01 6.45399213e-01
    6.06280804e-01 2.77722180e-01 9.04286861e-01 7.44595289e-01
    8.66292179e-01 4.33503091e-02 5.09107172e-01 3.91053289e-01
    9.13008630e-01 3.88640583e-01 8.69986176e-01 1.96314007e-01
    6.17642164e-01 2.00251400e-01 5.81423342e-02 3.17460358e-01
    4.92805660e-01 5.79258502e-01 1.02013350e-02 6.20391309e-01
    5.16276479e-01 6.43250942e-02 1.07675433e-01 5.99869847e-01
    8.60663772e-01 5.07490635e-01 5.86500943e-01 6.52288198e-02
    2.41139084e-01 2.53385395e-01 8.49781454e-01 6.07959926e-01
    3.94026935e-01 9.57392931e-01 2.79730141e-01 3.51558179e-01
    4.86604154e-01 7.51050413e-02 5.05381346e-01 9.15302753e-01
    5.66381335e-01 6.11667454e-01 8.25011015e-01 9.84065175e-01
    9.41415370e-01 9.33250070e-01 8.48967135e-01 4.86853063e-01
    3.43810201e-01 7.93119669e-01 1.20482206e-01 1.12650275e-01
    2.08796293e-01 7.91097462e-01 2.25328207e-01 7.35116243e-01
    5.53164244e-01 5.70533097e-01 6.39991164e-01 8.85542691e-01
    3.96347940e-02 2.49230862e-01 2.47113019e-01 5.21757066e-01
    3.37708145e-01 9.33441401e-01 4.69827384e-01 7.96369553e-01
    1.72669291e-01 1.50489330e-01 6.44271135e-01 6.91581011e-01
    8.93783331e-01 9.25570965e-01 4.99837607e-01 0. 0. 0. 0. 0. 0. 0. 0.
    0. 0. 0. 0. 0. 0. 0. 0. 0. 0. 5.25600553e-01 1.07795715e-01
    4.10502553e-01 2.01100618e-01 2.47640878e-01 5.68828285e-01
    1.64781004e-01 7.48118401e-01 1.58225834e-01 2.22029269e-01
    8.68114114e-01 9.57146406e-01 1.04237318e-01 2.38117576e-02
    2.13593602e-01 4.96817976e-01 9.19325233e-01 1.23995870e-01
    7.57097602e-01 9.07256842e-01 8.11813593e-01 5.53755462e-02
    1.53213799e-01 4.88960117e-01 7.50281572e-01 7.98957109e-01
    1.06692493e-01 5.44618487e-01 8.17106009e-01 8.64848971e-01
    9.37262177e-03 9.58292723e-01 4.84758765e-01 5.69447756e-01
    9.03877735e-01 1.67510033e-01 2.16830343e-01 6.93371415e-01
    1.03166401e-02 9.65117931e-01 3.87221456e-01 4.82566357e-01
    2.43739814e-01 5.87270200e-01 2.78027266e-01 2.22924083e-01
    1.86128408e-01 4.06537116e-01 3.03030431e-01 6.06877863e-01
    6.28626466e-01 4.80239511e-01 5.96296430e-01 2.65927315e-01
    1.61248624e-01 3.37784588e-01 6.20408356e-01 3.73743474e-01
    6.95983052e-01 8.58281851e-01 1.21209472e-01 9.96058822e-01
    8.43690157e-01 1.29317790e-01 1.35460615e-01 7.57941246e-01
    6.41557872e-02 8.38418722e-01 6.48083746e-01 3.23497236e-01
    2.94560730e-01 2.06460267e-01 3.79423380e-01 5.89159727e-01
    6.48460746e-01 2.41091758e-01 6.14288568e-01 2.10504293e-01
    4.01189327e-01 5.99441111e-01 6.15341663e-02 4.55184966e-01
    2.89938152e-01 3.15205157e-02 3.93553287e-01 3.82922590e-01
    8.23151588e-01 3.59930813e-01 5.07125378e-01 5.69058537e-01
    2.19223291e-01 4.40656841e-02 6.66720033e-01 5.33314526e-01
    9.64556336e-01 8.06305051e-01 1.64103508e-02 4.56211209e-01
    5.98000884e-01 3.91513348e-01 2.91559219e-01 2.28118896e-02
    9.44806337e-02 5.71347415e-01 6.43138349e-01 5.80627620e-01
    3.05604428e-01 4.97342646e-02 2.41725475e-01 3.57713938e-01
    3.45837355e-01 1.69540048e-02 8.40546727e-01 9.86486197e-01
    6.29238129e-01 5.03980339e-01 7.40187824e-01 5.73818743e-01
    7.97506034e-01 2.36938000e-01 6.61267042e-01 2.14619666e-01
    2.36778587e-01 3.91357601e-01 2.21376449e-01 4.73339230e-01
    5.91455281e-01 2.32783407e-01 5.34707606e-01 1.70682132e-01
    6.60337925e-01 1.77990556e-01 9.88224626e-01 1.47996664e-01
    1.94032788e-02 7.45438635e-01 9.15961862e-01 6.64138675e-01
    4.68997478e-01 2.20123023e-01 9.38343108e-01 7.02631891e-01
    1.58375919e-01 1.00131303e-01 5.13537645e-01 1.70854688e-01
    3.06107759e-01 4.62994456e-01 7.99687266e-01 7.51353145e-01
    9.06417608e-01 5.25648236e-01 7.98015833e-01 7.41518855e-01
    2.41905779e-01 7.29408383e-01 7.83192217e-01 4.49438095e-02
    9.32643175e-01 5.32766998e-01 5.83216548e-02 4.46397066e-02
    7.98440278e-01 7.43921399e-01 7.67198205e-01 1.64789885e-01
    3.18813622e-01 1.87756926e-01 4.39941496e-01 7.52185643e-01
    2.78083920e-01 9.74963784e-01 4.89202291e-01 4.13374603e-01
    9.31727052e-01 9.87059951e-01 5.25119424e-01 7.31279969e-01
    2.45439738e-01 7.94632137e-01 5.48868656e-01 2.67167091e-01
    3.30171764e-01 9.13481414e-02 2.36004323e-01 4.60017353e-01
    2.09446371e-01 1.45648420e-01 6.74852431e-01 2.11455315e-01
    5.44915855e-01 9.17044640e-01 5.19397914e-01 9.63152707e-01
    2.14003325e-01 2.61218041e-01 1.97726846e-01 9.21648622e-01
    7.52095222e-01 8.54589224e-01 4.55899775e-01 1.30426705e-01
    6.59785151e-01 3.63969833e-01 8.34978878e-01 3.74326587e-01
    5.86833298e-01 1.89048022e-01 7.37906158e-01 8.56799006e-01
    5.16056418e-01 6.23234630e-01 2.61580110e-01 8.84915471e-01
    8.54414642e-01 2.91857719e-01 9.01992679e-01 4.15543646e-01
    4.05526221e-01 6.63418770e-01 4.92754161e-01 8.62918437e-01
    5.29730082e-01 9.67249393e-01 9.70614910e-01 2.46532261e-01
    1.38553113e-01 4.23970312e-01 6.39607310e-01 7.10522950e-01
    6.50879264e-01 1.96993351e-04 1.03383958e-02 8.50444198e-01
    1.57445461e-01 6.80443347e-02 3.02921176e-01 6.93281233e-01
    3.46355438e-01 2.49508858e-01 7.12795258e-02 1.94706678e-01
    3.19945693e-01 1.02360427e-01 7.55492330e-01 8.45573306e-01
    2.67084956e-01 9.65341687e-01 3.85515988e-01 7.61218667e-01
    8.42098773e-01 1.55159771e-01 8.75762105e-01 6.69565201e-01
    6.68697119e-01 4.91928458e-02 0. 0. 0. 0. 0. 0. 0. 0. 0. 0. 0. 0. 0.
    0. 0. 0. 0. 0. 7.91006386e-02 7.95598149e-01 6.85314715e-01
    6.60874367e-01 4.89134610e-01 1.96287811e-01 7.90002584e-01
    9.59578514e-01 2.89854407e-02 2.44276255e-01 5.01939833e-01
    3.15385222e-01 8.90713096e-01 6.89060092e-02 5.75074553e-01
    5.10957658e-01 7.79913306e-01 1.38474852e-01 1.09091461e-01
    1.73033595e-01 6.03314757e-01 3.51924419e-01 8.66374969e-02
    6.33596420e-01 7.78384805e-01 1.58836514e-01 4.51453447e-01
    2.90705919e-01 3.07675630e-01 9.75926042e-01 4.85071123e-01
    2.20269948e-01 9.06495273e-01 8.53233814e-01 4.36761945e-01
    8.84982049e-01 1.13846153e-01 1.97010517e-01 2.74235785e-01
    8.41995418e-01 2.43728757e-01 4.57999736e-01 3.02971870e-01
    2.35127509e-02 2.97332823e-01 8.92055690e-01 7.13317513e-01
    4.61512923e-01 6.93908155e-01 9.90875423e-01 9.60659742e-01
    2.93336779e-01 4.10432845e-01 6.54265463e-01 9.66961145e-01
    3.65592003e-01 6.75063193e-01 2.91680813e-01 8.95762920e-01
    7.79266238e-01 6.05634093e-01 8.95655990e-01 8.50787878e-01
    6.19346619e-01 6.50682032e-01 9.76618052e-01 6.06202841e-01
    6.38763189e-01 7.31668711e-01 1.16771519e-01 8.00903678e-01
    1.73035115e-01 7.39639997e-02 9.34711576e-01 2.22325027e-01
    6.91169739e-01 9.80733454e-01 8.00227046e-01 3.49336296e-01
    2.33662635e-01 6.29260302e-01 9.09945488e-01 5.56470275e-01
    8.85652840e-01 5.62903404e-01 1.66918367e-01 4.58108425e-01
    4.09747362e-02 2.70264149e-01 5.73396921e-01 9.48615551e-01
    2.99768507e-01 2.79871106e-01 7.51831889e-01 3.96251678e-02
    4.03244466e-01 6.16103709e-02 8.88444543e-01 3.37190509e-01
    8.43900442e-01 6.71318531e-01 9.14275527e-01 8.68035793e-01
    7.90311456e-01 1.85111284e-01 2.15936959e-01 7.26334512e-01
    1.87185556e-01 5.07231057e-01 5.26280701e-01 9.55854177e-01
    5.41000366e-01 3.42867672e-01 9.54825401e-01 1.61010146e-01
    9.44007158e-01 8.64997864e-01 7.65424848e-01 6.59709811e-01
    9.49834824e-01 8.51562321e-02 7.67735422e-01 2.19148964e-01
    9.86805081e-01 2.89935738e-01 9.75285947e-01 3.48624110e-01
    4.39236671e-01 9.19558644e-01 3.89049172e-01 2.68278658e-01
    6.08124197e-01 5.01965523e-01 3.84619594e-01 6.73168600e-02
    1.99772418e-01 6.80125952e-01 9.31624889e-01 5.44654191e-01
    7.83021390e-01 4.11648214e-01 3.12527716e-01 4.03755724e-01
    5.51522255e-01 6.56233072e-01 1.86327964e-01 8.66713047e-01
    4.20035005e-01 8.71110380e-01 7.29987085e-01 2.39213079e-01
    5.23265958e-01 2.70072609e-01 4.84323233e-01 4.39933687e-01
    4.82389361e-01 8.79826963e-01 5.70987761e-01 3.25385720e-01
    2.93802917e-02 1.31317109e-01 2.13432193e-01 7.53040850e-01
    7.53718436e-01 9.58725333e-01 5.94617605e-01 2.02585936e-01
    1.31606549e-01 8.72239590e-01 6.87099218e-01 6.61149144e-01
    9.79374051e-01 3.44495684e-01 6.69942379e-01 1.45819694e-01
    2.80494988e-01 1.94880992e-01 6.74499750e-01 9.37682033e-01
    7.45925188e-01 4.31066126e-01 6.21409297e-01 1.90901220e-01
    1.20674968e-01 3.75313312e-01 2.39903331e-02 7.54513383e-01
    3.17591727e-01 2.52827585e-01 5.29142797e-01 1.16242856e-01
    8.05374146e-01 1.61993682e-01 7.30508566e-02 1.29394740e-01
    2.57481396e-01 1.22409523e-01 5.97653449e-01 9.58165646e-01
    5.80721259e-01 6.61730528e-01 5.30532777e-01 9.34454858e-01
    4.37783122e-01 6.01584375e-01 5.37696779e-02 9.75016892e-01
    5.82206488e-01 7.39545107e-01 7.50933826e-01 9.45156217e-01
    3.61363292e-02 5.61516225e-01 6.51053309e-01 6.47552967e-01
    3.97939682e-01 5.69548786e-01 2.71182239e-01 9.45258081e-01
    3.95357251e-01 6.09331489e-01 3.75253797e-01 1.43826872e-01
    2.68131644e-01 7.74477899e-01 8.33749294e-01 5.37883520e-01
    7.98012793e-01 5.52160680e-01 9.52311158e-01 6.76366091e-02
    8.76792073e-02 7.49243498e-01 6.02922916e-01 3.95228505e-01
    2.71610796e-01 8.74226689e-01 1.74397796e-01 8.29237342e-01
    6.67069793e-01 3.31498861e-01 7.69777119e-01 1.91087753e-01
    7.20332325e-01 7.24545419e-02 8.11104894e-01 4.08509403e-01
    2.47591794e-01 8.97549272e-01 3.41559768e-01 8.29588056e-01
    1.29798979e-01 7.93747187e-01 1.57620132e-01 1.93455070e-01
    1.91920847e-01 0. 0. 0. 0. 0. 0. 0. 0. 0. 0. 0. 0. 0. 0. 0. 0. 0. 0.
    8.45226586e-01 5.88195562e-01 8.09939146e-01 1.28905118e-01
    8.10416222e-01 2.41127312e-01 8.92328918e-01 3.46200407e-01
    2.10700065e-01 7.02558875e-01 8.93754244e-01 8.01497221e-01
    4.50935721e-01 7.02361465e-01 6.92334294e-01 7.57717788e-01
    5.78749120e-01 6.56338155e-01 8.61416817e-01 7.45497167e-01
    9.10168648e-01 6.10664248e-01 2.34009445e-01 7.22248435e-01
    2.06037909e-01 7.78841138e-01 1.37304932e-01 1.48726523e-01
    4.80456024e-01 8.26510489e-01 1.89407319e-01 5.32393456e-01
    9.58660126e-01 1.65047795e-01 1.34096265e-01 6.61339641e-01
    6.36507630e-01 7.94871628e-01 1.39294356e-01 3.83043170e-01
    9.08069313e-01 4.88475651e-01 8.88547421e-01 8.74370575e-01
    7.96539426e-01 2.64679790e-02 2.73774147e-01 1.58519030e-01
    2.43682086e-01 1.93077534e-01 9.45520937e-01 1.39205456e-02
    3.64019513e-01 4.66280997e-01 9.99648690e-01 9.91447508e-01
    5.56291640e-01 2.83608198e-01 1.53722882e-01 7.14273334e-01
    9.45104659e-02 1.06253803e-01 3.96101624e-01 3.44800889e-01
    6.32451534e-01 2.92010307e-02 7.88766801e-01 7.79161215e-01
    9.28041339e-03 8.32320690e-01 7.12165475e-01 4.84824777e-01
    4.30139273e-01 8.37111115e-01 3.42054009e-01 4.87923622e-03
    7.42941260e-01 3.23710561e-01 4.12637830e-01 9.42559898e-01
    9.19302404e-01 5.79837859e-02 4.46092099e-01 7.29813874e-02
    7.01506257e-01 2.99433768e-01 5.22373497e-01 8.44455957e-01
    1.50386393e-02 2.66600788e-01 8.00913095e-01 1.35080367e-01
    5.69151044e-02 4.93304342e-01 5.73673844e-03 6.05550826e-01
    7.22598910e-01 5.11808336e-01 3.74982476e-01 8.28316331e-01
    8.68307352e-01 4.92353290e-01 6.44991994e-01 4.98991042e-01
    7.93396831e-01 8.48707259e-01 1.58979475e-01 3.38256478e-01
    8.48162889e-01 8.88559818e-01 3.95226866e-01 6.47277236e-01
    8.22806597e-01 7.48609781e-01 2.20506787e-02 5.87314904e-01
    3.46156150e-01 6.75894737e-01 3.36503506e-01 8.62074912e-01
    4.24811810e-01 2.10495740e-01 9.88297880e-01 6.39438331e-01
    5.67553341e-02 6.06766343e-03 3.70756686e-02 5.25396466e-02
    5.76972723e-01 3.58110189e-01 4.45251644e-01 6.48135841e-01
    8.95402670e-01 3.03026050e-01 7.32563734e-01 4.00207043e-02
    7.35381126e-01 8.77344966e-01 4.20389026e-01 4.79277968e-02
    7.32411385e-01 9.71580505e-01 8.87482524e-01 7.26707697e-01
    8.49490047e-01 8.27093601e-01 6.82281852e-01 2.01599061e-01
    8.93736482e-01 6.48555577e-01 2.96920717e-01 4.96868819e-01
    7.83205986e-01 2.90741980e-01 9.46529448e-01 6.47224009e-01
    2.75794387e-01 8.99499714e-01 3.81486893e-01 7.38149107e-01
    8.57961118e-01 8.25383663e-01 4.94082451e-01 6.55055046e-01
    6.45101786e-01 5.01515388e-01 9.60011303e-01 1.84266776e-01
    7.65575647e-01 8.30494761e-01 9.54302311e-01 8.61327887e-01
    6.69729829e-01 1.44604653e-01 3.98143947e-01 4.12738502e-01
    6.94487691e-02 4.38334882e-01 6.59580290e-01 9.19501424e-01
    6.26736164e-01 1.53325468e-01 4.45062131e-01 9.73786414e-02
    5.97502530e-01 5.12925923e-01 2.41801888e-01 3.26626003e-01
    4.24064070e-01 8.81305337e-01 3.77215445e-01 9.09979105e-01
    8.43466938e-01 4.29464519e-01 5.06651640e-01 9.15145636e-01
    8.84929299e-01 8.12077165e-01 3.70720327e-02 6.71008110e-01
    7.21672773e-01 9.85823333e-01 5.97643077e-01 3.46103907e-01
    1.46017611e-01 7.45077133e-01 8.32768798e-01 1.03516102e-01
    5.80949962e-01 4.36304152e-01 7.47013092e-02 7.60611653e-01
    8.71823311e-01 6.00681365e-01 1.98195100e-01 7.66553521e-01
    7.18633294e-01 8.00343573e-01 1.91829234e-01 7.12822020e-01
    9.88833487e-01 5.28737843e-01 5.70869744e-01 5.43395340e-01
    6.80523515e-01 7.91969657e-01 1.32509381e-01 3.11209559e-01
    7.73659647e-02 3.39684784e-02 6.57825112e-01 5.48207581e-01
    3.71114552e-01 2.16240853e-01 8.66383135e-01 6.19104445e-01
    9.48987544e-01 7.99435377e-01 7.79469490e-01 6.91073000e-01
    7.50329971e-01 8.04580450e-01 4.86117005e-01 5.66474915e-01
    4.54757839e-01 6.55715585e-01 7.79186070e-01 4.34357166e-01
    1.28247738e-01 1.54790729e-01 8.64167452e-01 5.83706021e-01
    6.03910446e-01 5.22832751e-01 9.08365011e-01 5.28347492e-02 0. 0. 0.
    0. 0. 0. 0. 0. 0. 0. 0. 0. 0. 0. 0. 0. 0. 0. 5.55658937e-01
    3.53538305e-01 6.81688130e-01 1.99238092e-01 1.07701361e-01
    7.41017699e-01 6.81661129e-01 1.67671502e-01 1.25922084e-01
    8.46279085e-01 9.14384723e-01 9.21205521e-01 8.35072696e-02
    2.94342339e-01 8.10375273e-01 2.92935908e-01 8.77036095e-01
    2.96083957e-01 1.99969679e-01 7.45612800e-01 2.00695693e-02
    5.72751343e-01 9.30230975e-01 6.50635898e-01 9.36007738e-01
    1.64838105e-01 2.49838442e-01 2.99464613e-01 5.82679093e-01
    6.16104424e-01 8.25038075e-01 1.01533592e-01 7.12796450e-01
    9.53958273e-01 5.39042890e-01 4.42171812e-01 7.06251562e-01
    2.61898071e-01 7.21258581e-01 7.50443041e-02 3.17964554e-02
    4.72357929e-01 9.93538678e-01 1.39400572e-01 7.78796554e-01
    6.87148929e-01 8.28144073e-01 5.27427971e-01 3.49802256e-01
    4.10303742e-01 8.52241874e-01 3.40025425e-01 3.62572789e-01
    9.45722401e-01 9.61937487e-01 4.27084595e-01 7.61913896e-01
    3.45085025e-01 1.97592884e-01 9.65056300e-01 3.63594711e-01
    1.62261784e-01 1.91426396e-01 8.67878914e-01 6.94573581e-01
    5.83540857e-01 2.97143936e-01 8.64499509e-01 4.61457759e-01
    4.68449593e-02 4.69557643e-02 3.38210493e-01 1.44603252e-02
    9.94825363e-01 8.62901688e-01 7.71376729e-01 4.99846190e-01
    4.85432804e-01 7.27922320e-02 5.48082292e-02 5.81090152e-01
    5.75590611e-01 1.67776108e-01 1.14869565e-01 6.66813016e-01
    2.03507006e-01 1.38997734e-01 9.67533946e-01 8.69135141e-01
    3.05227339e-01 1.59514487e-01 3.14078748e-01 6.68797553e-01
    3.69074404e-01 2.82785684e-01 9.67083454e-01 7.30030060e-01
    1.26669914e-01 5.73639512e-01 8.67749095e-01 8.64273310e-02
    6.84345722e-01 5.02493083e-02 9.82481122e-01 6.56834602e-01
    4.18818295e-02 7.30666101e-01 6.67013586e-01 7.45097339e-01
    5.18333435e-01 2.14333743e-01 6.09695852e-01 1.72263891e-01
    3.38533163e-01 9.38466549e-01 5.48111200e-01 8.44739318e-01
    1.52670473e-01 6.94539666e-01 1.57518297e-01 1.55683339e-01
    8.41492474e-01 8.09114754e-01 4.45413083e-01 8.74279737e-01
    3.52638036e-01 4.99029845e-01 6.69110715e-01 1.13428235e-02
    4.40151215e-01 1.13633692e-01 7.53789425e-01 8.73470247e-01
    1.74753070e-02 8.62644017e-02 3.36626172e-03 5.36038101e-01
    4.72795218e-01 5.83438516e-01 3.66310358e-01 2.87460774e-01
    6.48612440e-01 5.89028299e-01 4.23068792e-01 9.30864334e-01
    7.34214187e-01 4.36745286e-02 3.50709140e-01 9.47264194e-01
    7.92000890e-02 7.05178857e-01 9.73985970e-01 9.12275195e-01
    6.01442218e-01 6.33129478e-03 7.52315998e-01 2.20255196e-01
    7.60951281e-01 4.75061595e-01 8.49898338e-01 9.80581999e-01
    4.89105433e-01 3.33297819e-01 7.76001036e-01 1.62628949e-01
    5.95673144e-01 4.76919413e-01 5.93647003e-01 5.22118390e-01
    2.00811088e-01 6.45036340e-01 9.18229222e-01 2.50381470e-01
    3.80175471e-01 6.08386040e-01 2.74517596e-01 5.84750414e-01
    8.11267614e-01 1.65002316e-01 5.22819936e-01 1.84443623e-01
    9.54607606e-01 3.45678657e-01 5.29246390e-01 6.64844513e-01
    5.03053963e-02 7.15577841e-01 8.03301215e-01 3.55301261e-01
    3.37254494e-01 2.80243874e-01 3.71542305e-01 3.79959702e-01
    3.11710835e-02 3.82594973e-01 5.71612418e-01 1.51340067e-02
    1.69965565e-01 6.93861067e-01 3.41828197e-01 7.52651691e-01
    1.44270986e-01 4.16236907e-01 9.88738775e-01 3.45272332e-01
    7.90703654e-01 1.00552678e-01 8.14290881e-01 4.40680385e-01
    9.15840626e-01 4.35276806e-01 4.09759581e-02 4.44489062e-01
    4.20767009e-01 1.47515804e-01 5.82286775e-01 7.94770956e-01
    2.17709631e-01 8.20019722e-01 4.04433280e-01 7.55000114e-01
    8.08360815e-01 4.01648104e-01 4.80477691e-01 4.11960155e-01
    5.86523354e-01 6.81721389e-01 1.62776262e-01 4.28303957e-01
    3.06318939e-01 3.37764770e-01 4.64720517e-01 9.87982750e-02
    6.15404308e-01 7.46951342e-01 1.26572043e-01 8.71279955e-01
    6.39945269e-01 9.27242637e-02 5.69627404e-01 4.42357481e-01
    6.00752592e-01 4.11567092e-03 2.01039314e-02 5.05119920e-01
    9.27819014e-01 5.80536127e-01 7.82589793e-01 1.43871605e-01
    8.83667946e-01 6.98100448e-01 5.71739018e-01 2.65651673e-01
    8.46674323e-01 5.25405049e-01 5.69714069e-01 0. 0. 0. 0. 0. 0. 0. 0.
    0. 0. 0. 0. 0. 0. 0. 0. 0. 0. 8.80224109e-01 3.86992007e-01
    4.56237793e-01 5.10974228e-01 9.84048367e-01 3.88328940e-01
    7.31320977e-01 9.23257232e-01 2.65624791e-01 7.31023073e-01
    3.93107891e-01 2.55756021e-01 4.80295420e-02 5.97166836e-01
    4.47501838e-02 6.19498193e-01 9.78717208e-01 7.87559390e-01
    7.55479932e-01 8.18958879e-03 2.06502676e-01 4.84637320e-01
    5.56617141e-01 6.91656351e-01 5.73452711e-02 9.38168705e-01
    8.72291446e-01 1.89052790e-01 1.85842782e-01 9.40206409e-01
    5.60373187e-01 5.40420175e-01 6.22544050e-01 7.15764880e-01
    9.79201198e-01 4.62851107e-01 9.90733266e-01 4.71968412e-01
    3.70072603e-01 6.40101373e-01 6.62813425e-01 4.55250144e-02
    8.78824234e-01 5.34921825e-01 5.41332543e-01 7.47646093e-01
    9.28252935e-01 7.68873096e-01 6.80362821e-01 7.69790769e-01
    5.60695946e-01 7.31432438e-03 6.70151055e-01 9.57716465e-01
    1.56243801e-01 2.79841721e-02 7.52481520e-02 2.87628293e-01
    6.22847438e-01 5.71265578e-01 8.88386965e-01 3.42186689e-01
    5.85982680e-01 2.85917044e-01 4.70385373e-01 6.99053466e-01
    7.63382316e-01 2.06413209e-01 5.00673056e-01 6.27494931e-01
    7.59735346e-01 2.71078229e-01 5.43543994e-01 4.92637038e-01
    4.46513236e-01 4.94454324e-01 8.51443768e-01 6.26401544e-01
    7.89450705e-01 9.22748864e-01 3.47823799e-01 2.53990918e-01
    1.90389961e-01 5.69392264e-01 4.33981806e-01 4.50835913e-01
    9.41852927e-02 1.95318550e-01 6.46413326e-01 9.30749536e-01
    6.14063263e-01 6.29677296e-01 3.93129289e-02 9.64579344e-01
    5.95277429e-01 4.18205857e-02 6.80829406e-01 8.92471433e-01
    8.55958939e-01 6.46331489e-01 6.11101031e-01 5.92857599e-02
    4.63372111e-01 8.99545014e-01 8.03056240e-01 5.45511425e-01
    3.19961101e-01 8.30285847e-02 2.56387591e-01 2.78713405e-01
    7.20769227e-01 7.67382264e-01 6.50951147e-01 5.43121159e-01
    5.33073127e-01 1.67054236e-01 5.12926817e-01 4.50286210e-01
    9.37434971e-01 2.04581082e-01 4.84509259e-01 4.22734290e-01
    4.22522038e-01 2.17374206e-01 5.45953274e-01 7.61768937e-01
    6.97576106e-02 4.60914373e-02 8.71097744e-01 9.67298806e-01
    3.83129478e-01 6.05716169e-01 9.88245606e-02 2.47412592e-01
    8.39133263e-01 4.12946373e-01 4.72309411e-01 1.47150218e-01
    2.21756995e-01 4.14864719e-02 7.31040239e-01 3.68195295e-01
    7.18989849e-01 2.55849123e-01 4.54107285e-01 6.27162993e-01
    1.62577510e-01 8.87384176e-01 9.40435290e-01 1.09648228e-01
    1.33528799e-01 7.69729912e-01 3.79836440e-01 5.21644413e-01
    7.64235735e-01 6.45923316e-02 5.14606595e-01 3.52747858e-01
    3.33451599e-01 9.80728626e-01 9.72044587e-01 4.09180492e-01
    8.54861081e-01 5.43139875e-01 5.39333105e-01 3.59829307e-01
    2.23526627e-01 7.86577404e-01 4.25173998e-01 4.95546192e-01
    3.79008949e-02 9.52398300e-01 5.70749700e-01 3.70008320e-01
    7.24218130e-01 9.29885626e-01 6.25244617e-01 7.61607647e-01
    6.45756006e-01 3.16949964e-01 7.59398222e-01 6.66327059e-01
    9.81425881e-01 1.14851534e-01 9.20050144e-01 1.89099640e-01
    4.26367402e-01 8.57806206e-01 6.67297125e-01 4.82948989e-01
    2.57676631e-01 4.04141247e-02 1.35876536e-01 6.10597670e-01
    8.74795914e-01 1.35888666e-01 1.12821907e-01 2.18752027e-02
    2.02789038e-01 2.30900645e-01 6.31778955e-01 2.78758228e-01
    7.04120100e-02 9.72065568e-01 8.92019331e-01 7.24267840e-01
    4.58112717e-01 1.64737880e-01 9.23857331e-01 3.60068560e-01
    6.97391450e-01 8.02255392e-01 3.13167751e-01 9.26050901e-01
    4.68959808e-01 1.41182661e-01 8.61221731e-01 7.71500766e-02
    8.93551230e-01 8.84799004e-01 2.84418344e-01 2.52760828e-01
    8.85635018e-02 3.98043096e-01 6.23439074e-01 4.95411396e-01
    7.27108598e-01 7.69445896e-01 3.64046484e-01 2.70456970e-01
    5.84587097e-01 2.14969516e-01 3.88921201e-01 5.53872824e-01
    6.61552846e-02 4.62946475e-01 1.22536659e-01 3.01014960e-01
    9.41622198e-01 5.20741940e-03 4.57603276e-01 2.49708056e-01
    7.94750929e-01 6.06414020e-01 6.05667472e-01 6.26410246e-01
    6.40208900e-01 7.09207296e-01 4.19794142e-01 8.74828696e-01
    5.58221579e-01 4.01335329e-01 3.54144722e-01 4.22701269e-01
    8.20126176e-01 9.45482254e-01 0. 0. 0. 0. 0. 0. 0. 0. 0. 0. 0. 0. 0.
    0. 0. 0. 0. 0. 3.54323387e-01 6.01165771e-01 8.58791888e-01
    7.52004862e-01 7.25999475e-01 5.89065611e-01 7.39747882e-01
    5.34974873e-01 2.89695203e-01 2.65396237e-01 8.25482607e-01
    1.54349834e-01 2.78898537e-01 8.96161556e-01 7.81171083e-01
    1.64321065e-02 4.45593119e-01 3.30180585e-01 8.21728885e-01
    1.01378351e-01 7.31604695e-01 6.08696580e-01 2.15890527e-01
    8.57811809e-01 9.81658876e-01 4.65011597e-03 7.52719641e-01
    3.27223897e-01 9.75364804e-01 7.21887469e-01 3.34412515e-01
    8.88168573e-01 1.03769898e-02 3.41240346e-01 7.52775908e-01
    6.37642920e-01 7.73734927e-01 8.87683749e-01 8.71174812e-01
    2.40122348e-01 1.76764905e-01 4.12925839e-01 3.80678117e-01
    9.99716699e-01 3.26948166e-02 5.14676630e-01 1.67248845e-02
    5.42558253e-01 9.91662264e-01 5.10288358e-01 4.32040751e-01
    4.42789793e-02 3.23143959e-01 1.86024845e-01 6.53486848e-01
    5.29273808e-01 4.99558002e-01 8.37051988e-01 3.37680519e-01
    6.84262633e-01 9.83828366e-01 5.24640560e-01 5.00798702e-01
    9.45248485e-01 1.76911980e-01 6.37993693e-01 1.57888293e-01
    4.41787899e-01 9.67294276e-01 9.65142667e-01 2.19354928e-01
    7.78530478e-01 3.34314078e-01 2.67760515e-01 4.91140634e-01
    2.36099035e-01 6.25104964e-01 6.78517938e-01 7.59460092e-01
    3.35719287e-02 8.21059108e-01 2.93046802e-01 8.88878822e-01
    7.64151514e-01 7.02295661e-01 7.64652669e-01 9.31012034e-01
    9.69013453e-01 5.23643494e-02 6.68827474e-01 5.98014355e-01
    8.58573437e-01 7.04046130e-01 4.58963841e-01 6.25052154e-02
    5.34690022e-02 4.99859124e-01 1.24530971e-01 4.37900841e-01
    9.88077223e-01 7.71462560e-01 2.28940994e-01 2.47460604e-01
    5.63859224e-01 5.38973033e-01 4.81196433e-01 5.31873345e-01
    3.06899786e-01 9.85199571e-01 9.74502087e-01 4.94039059e-01
    8.76353025e-01 7.55152464e-01 6.94048047e-01 9.48233008e-01
    9.22696173e-01 1.20160878e-02 9.93145227e-01 9.19506788e-01
    3.90067726e-01 7.69856215e-01 7.61778831e-01 5.35225570e-02
    8.02432775e-01 5.34900486e-01 9.12853718e-01 3.64214659e-01
    3.29094052e-01 6.04792833e-01 9.40313578e-01 2.55888551e-01
    6.12831295e-01 6.79777920e-01 5.08883476e-01 8.67901266e-01
    3.71090412e-01 9.14466977e-01 8.52432251e-01 8.95169616e-01
    9.97649789e-01 4.55325574e-01 9.35095072e-01 1.00438833e-01
    9.37975883e-01 7.30317712e-01 2.51322240e-01 2.71605670e-01
    1.38491064e-01 1.77374989e-01 2.80659288e-01 4.13455725e-01
    4.17030334e-01 3.03176761e-01 1.56138033e-01 1.99282259e-01
    7.99465477e-01 5.18937826e-01 7.72104144e-01 5.38286686e-01
    6.01462424e-01 4.29002106e-01 2.92082608e-01 5.82536817e-01
    6.37555718e-02 2.76862592e-01 2.11396217e-01 3.54490727e-01
    9.18453336e-01 2.04901695e-01 5.46530664e-01 9.64534998e-01
    6.29449308e-01 8.35266054e-01 1.40255153e-01 3.57355714e-01
    8.38097453e-01 3.41344178e-02 7.88310885e-01 3.08468759e-01
    9.99961376e-01 8.95197868e-01 2.38262713e-01 5.95344603e-01
    1.48036927e-01 8.34342003e-01 8.10032845e-01 1.13404870e-01
    6.18906140e-01 2.51385421e-01 5.94549298e-01 1.24100685e-01
    3.98578346e-02 4.73925591e-01 7.46767044e-01 6.96982443e-01
    2.11173296e-02 5.93913794e-01 5.71927369e-01 3.21096718e-01
    2.67148197e-01 4.65773463e-01 6.09989583e-01 8.87911201e-01
    2.71809101e-02 6.01985693e-01 4.48063761e-01 7.30840981e-01
    6.85279846e-01 8.70304227e-01 9.49671149e-01 1.56827927e-01
    9.43862855e-01 2.26954609e-01 6.40021622e-01 4.42166626e-02
    6.83449447e-01 6.83260202e-01 7.61687815e-01 6.04657233e-02
    2.91496426e-01 9.40805793e-01 9.49106693e-01 2.55418837e-01
    7.33815789e-01 2.41668671e-01 8.44974220e-02 4.23786938e-01
    6.17862821e-01 6.87020063e-01 1.57005489e-02 1.91708654e-01
    4.71720576e-01 1.76262200e-01 7.01287389e-01 2.20427036e-01
    5.56585371e-01 2.21073449e-01 9.04770851e-01 5.69514036e-02
    6.98000073e-01 5.32085299e-01 7.58135319e-01 4.40563321e-01
    8.39112878e-01 2.52460271e-01 4.73430425e-01 7.31076837e-01
    7.23656178e-01 4.66722637e-01 1.28805280e-01 3.13312352e-01
    3.88605237e-01 5.19938827e-01 8.93082142e-01 8.73071313e-01
    2.62282908e-01 0. 0. 0. 0. 0. 0. 0. 0. 0. 0. 0. 0. 0. 0. 0. 0. 0. 0.
    8.46650660e-01 2.20963240e-01 7.56810308e-01 9.72649097e-01
    5.23408890e-01 4.35179114e-01 7.75323033e-01 1.21667534e-01
    9.41473961e-01 7.01958239e-01 2.14609027e-01 8.06873798e-01
    1.44401073e-01 1.70819223e-01 4.72448707e-01 7.16575265e-01
    4.86089826e-01 3.31007898e-01 6.15258276e-01 6.71069086e-01
    5.25671661e-01 1.50423318e-01 1.28812730e-01 8.36081088e-01
    6.45345449e-01 4.31251407e-01 7.49002934e-01 9.68512177e-01
    9.40724969e-01 7.92052984e-01 2.00791925e-01 6.32907152e-01
    5.84585726e-01 2.49469578e-02 2.87697017e-01 4.56939667e-01
    2.06760764e-01 4.79658246e-02 6.19019747e-01 2.17181087e-01
    1.32348776e-01 1.86566055e-01 3.56165230e-01 1.34391785e-02
    5.89046299e-01 3.71182740e-01 3.66513669e-01 8.54635835e-02
    6.75594687e-01 3.65757167e-01 4.43312317e-01 1.52406096e-01
    9.02027667e-01 7.73840606e-01 2.99081147e-01 9.39804018e-02
    5.68343103e-02 1.27745301e-01 7.24436998e-01 7.22704887e-01
    7.19981492e-01 4.11307812e-03 7.59918213e-01 3.46221745e-01
    6.96597695e-01 2.22849607e-01 4.80159789e-01 3.33993375e-01
    7.98466980e-01 6.19094551e-01 6.58904672e-01 8.28277767e-01
    6.37719274e-01 3.31072152e-01 2.27543235e-01 4.81278628e-01
    8.58819604e-01 7.68718362e-01 4.96093571e-01 9.49088454e-01
    4.22451079e-01 8.00659239e-01 7.06377387e-01 8.48703325e-01
    3.38323325e-01 4.78514701e-01 1.23609364e-01 6.44384563e-01
    2.54781067e-01 3.08113694e-01 4.71525550e-01 8.23532820e-01
    9.22566652e-02 4.38109815e-01 5.43648481e-01 4.98143554e-01
    9.70493436e-01 1.79389477e-01 5.75540185e-01 6.65828705e-01
    2.42899299e-01 1.64220273e-01 2.71372676e-01 6.20455980e-01
    5.98616898e-01 5.46773970e-01 1.60647660e-01 4.35215175e-01
    1.34371221e-01 9.72952724e-01 6.41472220e-01 9.76622581e-01
    5.92271328e-01 8.63450050e-01 2.00630575e-01 9.52977538e-01
    7.73251534e-01 7.54467845e-01 5.73144615e-01 9.90296900e-02
    6.51146412e-01 5.92631936e-01 1.92478538e-01 9.95951593e-02
    7.34948874e-01 2.12384522e-01 5.48628330e-01 2.40200311e-01
    6.69380546e-01 7.90500045e-01 8.95102561e-01 4.13624525e-01
    4.71057415e-01 6.59067631e-01 8.18397880e-01 6.80989683e-01
    1.84744090e-01 4.36035931e-01 9.82953429e-01 1.75157249e-01
    9.14479136e-01 7.82172799e-01 6.48653388e-01 6.56559825e-01
    5.61429441e-01 9.21554685e-01 2.69694358e-01 8.11029911e-01
    8.64456058e-01 7.55250275e-01 1.51671290e-01 2.45303899e-01
    5.45845807e-01 8.70570660e-01 4.87527102e-01 7.68912911e-01
    4.41058278e-02 9.31425452e-01 7.43837833e-01 1.50341272e-01
    8.74194145e-01 2.64175892e-01 7.47175157e-01 5.14348447e-01
    3.63003135e-01 6.69872522e-01 7.29819655e-01 7.92928815e-01
    4.21438217e-01 7.03694344e-01 2.33098865e-03 7.57994056e-01
    3.42672706e-01 1.26936764e-01 9.37425494e-01 1.28825456e-01
    4.03013140e-01 6.79096103e-01 7.39563882e-01 5.99527001e-01
    3.73453915e-01 2.47915089e-02 7.23551273e-01 5.73126018e-01
    9.97996628e-01 8.35869193e-01 1.60369277e-01 8.81549358e-01
    2.48779356e-02 2.75079489e-01 5.54322183e-01 6.49600923e-01
    2.21419096e-01 6.74800873e-02 7.94345737e-02 6.58096671e-01
    7.72038877e-01 2.46972501e-01 2.40795344e-01 6.41863823e-01
    1.49056673e-01 2.90160775e-02 1.80050731e-03 1.44999415e-01
    7.30984151e-01 4.40014154e-01 5.95276535e-01 4.26725596e-01
    7.19587445e-01 4.97169763e-01 6.54710948e-01 4.08326179e-01
    1.39296770e-01 2.50187576e-01 4.07470852e-01 4.03859913e-02
    3.51692766e-01 1.95107639e-01 3.81220758e-01 5.91098070e-01
    9.13781643e-01 7.40483046e-01 5.67247927e-01 3.72080505e-01
    1.03150845e-01 9.62393880e-01 3.42228919e-01 1.76715404e-01
    9.06298757e-01 5.46937525e-01 8.57424259e-01 2.48049229e-01
    1.53891265e-01 5.58832586e-01 7.50659704e-01 1.24189526e-01
    3.05672765e-01 2.76236057e-01 5.32402635e-01 2.95155406e-01
    5.20188868e-01 5.32238901e-01 1.19951874e-01 9.93147194e-02
    5.61453700e-01 1.88024163e-01 5.39554417e-01 4.06328797e-01
    4.49429363e-01 9.04349208e-01 5.14892280e-01 7.27701366e-01
    1.04171634e-02 3.42589200e-01 7.20756233e-01 8.21826100e-01 0. 0. 0.
    0. 0. 0. 0. 0. 0. 0. 0. 0. 0. 0. 0. 0. 0. 0. 3.56780171e-01
    2.63417393e-01 6.20978117e-01 8.56675446e-01 6.30378485e-01
    2.49478370e-01 9.37688112e-01 7.36888170e-01 1.95799917e-01
    8.96409512e-01 8.26093018e-01 1.25319183e-01 3.85155946e-01
    8.04979384e-01 2.61191636e-01 9.00777578e-01 7.30238855e-02
    6.22862279e-01 8.30425024e-01 1.75326735e-01 6.47590756e-01
    4.96212363e-01 9.43434536e-02 9.85885620e-01 7.05550075e-01
    5.70878983e-01 4.88634884e-01 1.27080142e-01 3.89885694e-01
    8.46810460e-01 8.97731900e-01 1.85897589e-01 8.15666378e-01
    2.93268919e-01 5.51269531e-01 5.53289413e-01 7.91316628e-01
    3.95190358e-01 7.13908076e-01 9.79157209e-01 9.96455908e-01
    3.75768244e-02 8.76159430e-01 7.61143684e-01 8.62455249e-01
    3.76583546e-01 8.16802621e-01 7.86301196e-01 8.42000961e-01
    7.64877915e-01 7.04420328e-01 7.11619854e-01 5.71622193e-01
    3.63365173e-01 6.78644121e-01 2.04842150e-01 1.08704120e-01
    5.41915536e-01 1.86120987e-01 3.84607613e-02 3.43889296e-01
    8.68194759e-01 2.96147108e-01 1.35181397e-01 7.43712842e-01
    2.07822174e-01 2.47993916e-01 2.90974796e-01 7.24604726e-01
    1.23887390e-01 3.82145077e-01 6.48388028e-01 3.87582093e-01
    9.45214272e-01 3.09941649e-01 5.36735415e-01 6.21716976e-01
    3.69640291e-01 2.08655655e-01 7.86772490e-01 4.57078457e-01
    3.60017687e-01 8.53343725e-01 7.91215301e-01 2.42240399e-01
    8.61494899e-01 3.43719393e-01 2.34413892e-01 6.79737210e-01
    6.91951692e-01 5.41865468e-01 3.10628355e-01 7.62970448e-02
    2.75965631e-01 8.04442525e-01 9.91766453e-02 4.33239341e-02
    7.14831948e-01 5.76822996e-01 7.76412606e-01 1.41353667e-01
    3.27367991e-01 7.87157297e-01 2.16803253e-02 7.36225903e-01
    6.51941419e-01 1.61250561e-01 3.95877004e-01 6.00977302e-01
    9.79900956e-02 4.39512402e-01 5.20379305e-01 1.05873317e-01
    6.77682161e-01 5.86721659e-01 1.12791866e-01 1.21062458e-01
    6.76626444e-01 6.85840249e-01 4.38891351e-02 1.99824929e-01
    4.34657186e-01 3.70553136e-01 6.12792671e-01 5.87885737e-01
    9.56553340e-01 1.32131070e-01 7.99622118e-01 4.30880755e-01
    5.29851317e-01 5.98084033e-01 5.65016329e-01 4.49818671e-01
    4.71764535e-01 8.22571099e-01 7.15817690e-01 7.05256164e-01
    4.94039446e-01 6.79602683e-01 1.30257040e-01 7.03780472e-01
    5.08475900e-01 6.17672205e-01 3.52421701e-01 3.86271596e-01
    8.59662592e-02 3.55761111e-01 7.30256140e-01 3.06488276e-01
    2.90932715e-01 9.11656022e-01 7.86398947e-01 8.54712427e-01
    2.60350466e-01 3.19755971e-01 7.66196072e-01 7.68501997e-01
    5.04056811e-01 6.58777654e-02 5.34965932e-01 6.77851439e-01
    1.05400890e-01 2.53526032e-01 2.14616597e-01 2.71426082e-01
    9.48002756e-01 7.44346440e-01 7.03708589e-01 8.86723876e-01
    9.81221139e-01 7.12663531e-01 6.72872007e-01 6.28049970e-01
    8.93370509e-01 1.38694346e-02 5.99181414e-01 2.64782131e-01
    8.71937037e-01 6.73944890e-01 6.10657811e-01 6.83555007e-01
    7.73229241e-01 9.44837630e-01 7.62629867e-01 4.97296929e-01
    3.84268641e-01 5.57757318e-01 4.85970259e-01 8.14548016e-01
    2.85746217e-01 9.36400533e-01 2.24897414e-01 5.52720726e-01
    8.32915545e-01 8.86476278e-01 9.19547319e-01 1.96418017e-01
    4.04593349e-01 3.95579547e-01 8.62207294e-01 2.27024972e-01
    6.48525238e-01 9.51914310e-01 9.11381841e-01 2.31872410e-01
    5.42953908e-02 6.14101410e-01 8.78874660e-01 4.40953821e-01
    3.81058395e-01 7.14961588e-01 8.34132791e-01 5.42910278e-01
    7.48242021e-01 6.65263534e-01 1.94787323e-01 2.79282331e-02
    6.74130321e-01 6.16427064e-02 6.26899660e-01 5.91380000e-01
    5.96055746e-01 4.54668224e-01 7.43444681e-01 1.82169050e-01
    7.99962163e-01 5.50927937e-01 8.95439386e-01 5.79335690e-01
    2.92003542e-01 5.51539779e-01 6.46553040e-01 8.77542794e-01
    4.36174273e-02 7.06763208e-01 7.28445351e-02 2.72252321e-01
    6.83934510e-01 9.59694684e-02 8.91965508e-01 9.26695764e-01
    3.23268682e-01 2.74238974e-01 7.86668897e-01 9.17283297e-02
    2.36930192e-01 9.04005229e-01 5.58926105e-01 4.25159752e-01
    3.73041332e-02 3.78029585e-01 1.58720046e-01 5.45946181e-01
    9.98973370e-01 4.30552781e-01 7.92982459e-01 0. 0. 0. 0. 0. 0. 0. 0.
    0. 0. 0. 0. 0. 0. 0. 0. 0. 0. 3.82725894e-02 9.72285628e-01
    5.00067174e-02 5.08153439e-01 1.71623558e-01 3.72663915e-01
    3.03512812e-03 5.76817989e-01 4.37432081e-01 9.85329509e-01
    2.78926641e-01 7.50546336e-01 6.65851951e-01 9.18644845e-01
    9.38455701e-01 6.78483367e-01 6.36809349e-01 8.24441433e-01
    2.87061870e-01 4.18589532e-01 4.00051475e-01 4.77330565e-01
    2.01309144e-01 5.57751417e-01 6.45581365e-01 9.38876271e-01
    3.44803333e-02 2.55135328e-01 4.77926642e-01 9.30081964e-01
    2.46778548e-01 8.37570906e-01 3.41704577e-01 2.37510741e-01
    4.23769951e-01 7.76871443e-01 4.52312648e-01 9.95816767e-01
    1.27527237e-01 7.41265178e-01 3.91309142e-01 8.63325834e-01
    2.62871444e-01 4.18762386e-01 6.69341683e-02 3.65400463e-01
    8.50519896e-01 6.84845865e-01 2.64780819e-01 7.17006326e-01
    7.51846433e-01 1.53683066e-01 5.27955770e-01 3.88487399e-01
    7.26535916e-01 9.86083388e-01 8.05161297e-02 1.30349219e-01
    6.81190431e-01 8.42062533e-01 1.39391452e-01 1.10405624e-01
    6.72379971e-01 7.33927190e-01 3.32175612e-01 2.00625688e-01
    3.44828218e-01 3.33165646e-01 8.75576258e-01 4.45166886e-01
    6.61993384e-01 2.13849515e-01 2.45634913e-02 6.29195035e-01
    7.30486631e-01 5.73747158e-02 3.52574110e-01 7.55524755e-01
    9.39396620e-01 8.85866463e-01 1.67400002e-01 3.91806394e-01
    7.10646212e-02 8.35251927e-01 1.84273273e-01 2.72118747e-02
    9.74394917e-01 1.04798079e-01 4.79780316e-01 7.50315666e-01
    3.26576233e-01 5.27754068e-01 6.35331333e-01 9.69344616e-01
    6.99756384e-01 5.85040569e-01 3.19002748e-01 5.79617441e-01
    6.68427050e-02 4.20149833e-01 6.22572780e-01 3.08123827e-01
    4.21549082e-02 4.91171986e-01 8.01960051e-01 1.99635237e-01
    6.81106448e-01 1.83263540e-01 5.19242585e-02 6.85989618e-01
    9.02527988e-01 5.95167696e-01 8.07794929e-01 3.36364478e-01
    4.21114415e-01 3.91243219e-01 2.15917200e-01 9.06411290e-01
    4.28525299e-01 9.62050557e-01 7.22351015e-01 8.87428999e-01
    4.39929545e-01 3.30964267e-01 9.32655573e-01 9.13104415e-03
    2.69138575e-01 4.37225759e-01 7.83406079e-01 4.41440821e-01
    4.33646142e-02 3.41952264e-01 3.60845029e-01 7.46751428e-02
    1.08652979e-01 8.48830342e-01 6.15526438e-01 2.72423506e-01
    5.46296179e-01 5.89349508e-01 2.09432572e-01 9.82132792e-01
    5.66848397e-01 6.44095242e-02 1.91310614e-01 3.75048310e-01
    3.32323551e-01 9.84181523e-01 3.48111391e-02 8.99639368e-01
    4.94209588e-01 6.86758041e-01 9.39212441e-02 8.96154046e-01
    5.60326219e-01 5.08123219e-01 2.21619725e-01 3.37652236e-01
    3.27701390e-01 5.33266187e-01 7.97893822e-01 4.18351293e-01
    3.66675258e-02 4.92139846e-01 2.23714799e-01 8.89519155e-02
    6.74323499e-01 7.58592010e-01 6.09952867e-01 9.80314016e-01
    9.28307295e-01 1.78292632e-01 6.84085071e-01 9.42195654e-01
    7.08526850e-01 6.63337231e-01 7.56150484e-01 3.22467327e-01
    9.11345541e-01 3.46873403e-01 6.66939974e-01 2.18068063e-01
    6.38240993e-01 4.50237095e-01 6.37450218e-01 8.78646851e-01
    3.93966973e-01 9.49120522e-03 4.75144058e-01 7.13615835e-01
    2.89131582e-01 4.19178098e-01 8.32206607e-01 6.51993930e-01
    9.41393673e-01 1.19633704e-01 3.56810629e-01 2.29090393e-01
    9.52405751e-01 2.21577704e-01 5.71040809e-01 7.82276988e-01
    9.19120073e-01 1.16237551e-01 2.36880422e-01 1.16392076e-01
    1.58732742e-01 1.83503538e-01 7.38595426e-02 9.26979303e-01
    1.71442568e-01 7.43294299e-01 5.63584149e-01 7.73775458e-01
    8.51462603e-01 9.01510119e-01 5.91994047e-01 1.44289255e-01
    3.22389007e-02 8.78784955e-02 2.79962003e-01 2.65063047e-01
    7.97135174e-01 3.08482230e-01 6.34797871e-01 2.05737591e-01
    6.21609271e-01 2.15041041e-02 9.26620603e-01 8.87914896e-01
    4.42133397e-01 4.01256830e-01 9.94417667e-01 1.35491639e-01
    4.77231801e-01 7.52844691e-01 2.35773295e-01 6.26895428e-01
    7.58329272e-01 6.00452304e-01 5.83961308e-02 6.43426657e-01
    9.62414265e-01 4.85808700e-01 7.99809217e-01 6.50465488e-03
    4.34827238e-01 3.88743877e-01 2.04992890e-02 2.72791684e-01
    4.25831914e-01 3.03866029e-01 5.60685813e-01 5.81782579e-01
    1.59262180e-01 6.82416916e-01 0. 0. 0. 0. 0. 0. 0. 0. 0. 0. 0. 0. 0.
    0. 0. 0. 0. 0. 9.90238309e-01 2.09184796e-01 9.54570413e-01
    9.57691431e-01 6.78223252e-01 8.03226650e-01 8.97708118e-01
    6.85702026e-01 6.05446100e-01 7.68013477e-01 9.80543435e-01
    8.44558001e-01 8.71587098e-02 4.73967254e-01 6.25576615e-01
    4.21263099e-01 4.13133711e-01 9.26776528e-01 9.67318773e-01
    4.10393804e-01 2.77330637e-01 8.04968476e-01 2.37263441e-01
    4.38869148e-01 6.24439240e-01 7.67621160e-01 2.63074100e-01
    4.53382552e-01 3.99061918e-01 8.62934470e-01 6.17980599e-01
    4.44186807e-01 1.95153832e-01 1.52783066e-01 1.24852955e-01
    2.67559588e-02 5.32813787e-01 8.81540775e-01 3.24209630e-02
    6.26980543e-01 3.51670563e-01 8.33916545e-01 8.72457385e-01
    1.81928039e-01 3.78830731e-02 4.91925657e-01 9.73258615e-01
    1.18173122e-01 3.43490064e-01 9.13392425e-01 6.10329270e-01
    7.24169433e-01 4.77998734e-01 1.96897566e-01 6.57544494e-01
    2.20277399e-01 3.25858712e-01 6.17729306e-01 9.60940123e-01
    1.18157655e-01 3.52604538e-01 4.59732473e-01 2.56637692e-01
    5.61493516e-01 2.58179128e-01 3.54398787e-02 3.29820812e-01
    9.10703242e-01 3.43249977e-01 4.79864955e-01 2.47487783e-01
    1.08057588e-01 2.36160815e-01 9.87018585e-01 1.93799317e-01
    5.83775163e-01 9.62288439e-01 9.66056883e-02 8.55704486e-01
    7.88400650e-01 3.31349134e-01 2.04583228e-01 3.86597037e-01
    5.93842685e-01 5.35618186e-01 6.07838154e-01 5.95825016e-01
    1.42550111e-01 7.50026226e-01 5.17982244e-02 4.00339544e-01
    9.78144944e-01 7.12765872e-01 7.49721587e-01 5.53345203e-01
    7.42675126e-01 8.71427476e-01 9.06328857e-02 6.80968642e-01
    7.70301223e-01 2.66200185e-01 3.52715164e-01 4.31322008e-01
    8.13882351e-01 8.92981529e-01 5.05094051e-01 1.02396429e-01
    2.77121723e-01 1.03797972e-01 3.29407930e-01 5.72456956e-01
    6.44388020e-01 8.98374796e-01 8.07292461e-02 8.10427308e-01
    6.97833300e-01 5.85179687e-01 4.54321802e-02 7.65130281e-01
    5.92892945e-01 7.99649954e-02 5.41623414e-01 2.23021686e-01
    4.56203520e-02 8.60555291e-01 1.80244267e-01 2.22340494e-01
    2.74271905e-01 2.16660082e-01 2.41437078e-01 6.04087174e-01
    7.95230925e-01 8.50952804e-01 3.38737071e-01 1.68667436e-01
    8.53278935e-02 9.62448239e-01 5.95584571e-01 6.17037475e-01
    4.22401845e-01 8.05547655e-01 3.26450527e-01 5.13326228e-02
    7.64835656e-01 9.30197120e-01 4.42216218e-01 3.44494581e-02
    2.09979445e-01 4.31580782e-01 7.42610216e-01 2.65627533e-01
    2.78117895e-01 3.33807170e-01 2.40635872e-02 6.88992500e-01
    6.98230982e-01 2.17214853e-01 3.25960636e-01 3.25418711e-01
    1.15670681e-01 2.68369198e-01 4.85250771e-01 2.71085501e-01
    4.54894662e-01 6.84569955e-01 3.21400225e-01 6.38448358e-01
    3.31510842e-01 5.63787520e-02 5.80883384e-01 6.34818137e-01
    7.47762203e-01 5.95643938e-01 4.15071845e-01 2.21627682e-01
    8.18156958e-01 2.61837065e-01 7.49850869e-02 3.47155631e-01
    4.44447070e-01 3.41209441e-01 8.20808947e-01 5.18463373e-01
    5.19485056e-01 6.98236763e-01 7.65690923e-01 6.80761755e-01
    7.69239366e-02 9.33349133e-02 2.52009630e-01 6.10423207e-01
    5.22892654e-01 6.25029802e-02 7.38759458e-01 9.62924838e-01
    6.52575254e-01 6.24942005e-01 2.49532253e-01 1.93268210e-01
    7.67603397e-01 9.38884735e-01 2.48807698e-01 2.48341680e-01
    7.39631951e-01 7.65659451e-01 1.72520578e-01 5.59633851e-01
    9.61562812e-01 3.31653655e-02 9.51485515e-01 3.23085785e-01
    2.49226421e-01 8.93045723e-01 3.26593757e-01 9.48550105e-01
    4.66070682e-01 4.98678654e-01 1.17788315e-02 8.98216307e-01
    2.69372433e-01 2.02098697e-01 7.70082593e-01 2.85991430e-01
    4.78211254e-01 1.83981657e-03 3.00693810e-01 9.11387324e-01
    6.49903417e-01 4.05804753e-01 4.31209594e-01 4.27488327e-01
    5.21963120e-01 9.68181729e-01 8.78164828e-01 1.47617966e-01
    2.41052032e-01 1.91419005e-01 4.54582572e-01 7.53368974e-01
    4.19637442e-01 6.63372636e-01 7.34388232e-01 2.16079205e-01
    5.30955255e-01 1.92520678e-01 7.31768131e-01 5.25195301e-02
    6.53669059e-01 6.62639380e-01 2.29202598e-01 2.13240117e-01
    5.47282279e-01 9.28865969e-02 7.41715312e-01 9.42653894e-01
    7.44400263e-01 0. 0. 0. 0. 0. 0. 0. 0. 0. 0. 0. 0. 0. 0. 0. 0. 0. 0.
    9.54698920e-01 1.15138590e-02 3.09054196e-01 7.98706412e-01
    8.02771926e-01 9.72351193e-01 1.85764760e-01 5.54600775e-01
    3.27519417e-01 5.62753081e-01 7.42670834e-01 7.52168417e-01
    4.99003112e-01 4.89571750e-01 3.33701968e-02 5.70618510e-01
    3.16580176e-01 8.21210265e-01 4.68070984e-01 1.16319329e-01
    2.71909416e-01 4.06136364e-01 7.37358332e-01 3.63023400e-01
    2.25235015e-01 9.46710706e-01 1.89012825e-01 5.42374432e-01
    9.10414219e-01 6.11393631e-01 5.50873876e-02 6.70391917e-01
    3.01830292e-01 6.72530711e-01 4.74572301e-01 2.42419839e-02
    3.29782039e-01 9.22994494e-01 4.94788140e-01 5.41251957e-01
    8.53961647e-01 9.78493810e-01 3.25288057e-01 7.54091620e-01
    4.09617752e-01 9.20790553e-01 2.17818737e-01 9.09232736e-01
    6.66706920e-01 7.78058231e-01 2.01944649e-01 5.71926951e-01
    7.52853036e-01 4.42530990e-01 8.90264690e-01 8.81328821e-01
    6.85143650e-01 3.00788403e-01 3.69662642e-01 9.32340443e-01
    9.56530094e-01 2.02378035e-01 9.88519132e-01 7.39197373e-01
    2.88465828e-01 3.37126374e-01 8.68762136e-01 8.77200603e-01
    6.66802585e-01 3.37334812e-01 6.25683784e-01 6.91805661e-01
    1.02215499e-01 8.82251501e-01 6.07579648e-01 4.60228086e-01
    4.93270338e-01 5.62162220e-01 9.18770134e-02 9.57728922e-02
    2.01545656e-02 9.66706574e-01 3.83290768e-01 4.40480053e-01
    8.56215656e-02 5.98321378e-01 2.79578954e-01 5.26733279e-01
    4.35542703e-01 8.96295190e-01 4.17578220e-03 5.62730968e-01
    6.88807666e-01 1.57327086e-01 1.67839825e-01 5.82013488e-01
    3.31058860e-01 9.86564040e-01 2.34051853e-01 8.33071411e-01
    3.05370808e-01 7.75250077e-01 4.07161504e-01 8.43167245e-01
    5.89759648e-01 4.79733109e-01 3.00490439e-01 5.73607743e-01
    3.96637410e-01 7.92923689e-01 5.04829764e-01 4.58059400e-01
    7.56264329e-02 3.73863220e-01 6.96924090e-01 9.22469139e-01
    3.09226364e-01 8.60073090e-01 8.28502297e-01 5.27749181e-01
    7.54545689e-01 7.12239146e-02 1.21922404e-01 1.09048367e-01
    1.70878142e-01 3.77372384e-01 4.98720080e-01 8.00574183e-01
    3.24915409e-01 1.62302941e-01 6.10340059e-01 2.39622176e-01
    2.67886579e-01 6.26906514e-01 5.37158847e-01 5.81652164e-01
    5.57142794e-01 3.86318445e-01 2.64049113e-01 6.18978441e-01
    4.42802906e-01 9.68902826e-01 6.91011608e-01 2.94587940e-01
    5.33946753e-01 3.12963068e-01 8.17711830e-01 6.59142733e-01
    3.48123699e-01 3.11589241e-03 3.31630886e-01 6.28823936e-01
    8.96649003e-01 7.61367917e-01 9.44908738e-01 3.84779036e-01
    2.33139455e-01 8.87080133e-01 5.49297631e-01 8.85900140e-01
    1.90308690e-02 5.48302352e-01 1.73019320e-01 7.57450700e-01
    3.17716032e-01 2.73107231e-01 1.98956937e-01 6.37068987e-01
    5.03377676e-01 5.18800080e-01 8.43275428e-01 1.03702366e-01
    7.20719039e-01 2.37424165e-01 9.34449553e-01 4.22875732e-01
    5.45217156e-01 4.03108686e-01 9.03458476e-01 8.07118118e-01
    4.75272745e-01 1.26775891e-01 5.40871620e-02 5.04238188e-01
    5.66471279e-01 2.15677738e-01 2.31197387e-01 5.87863743e-01
    7.34420955e-01 8.92947435e-01 9.52083588e-01 7.74472237e-01
    4.59042192e-01 1.53952569e-01 7.87869453e-01 8.42640162e-01
    2.34805435e-01 1.36826634e-02 6.07830882e-02 1.48761392e-01
    6.48832977e-01 1.61951780e-02 9.96673703e-01 1.89440072e-01
    4.23889667e-01 2.87093401e-01 2.88411200e-01 8.76577854e-01
    3.70937824e-01 2.97097594e-01 8.72928381e-01 5.06349802e-01
    6.82271957e-01 7.87476063e-01 4.66347456e-01 4.29921299e-01
    1.46803111e-01 8.29172969e-01 7.15263486e-02 4.51707512e-01
    5.91925204e-01 6.32187963e-01 8.74488831e-01 9.50949192e-01
    6.72635138e-01 4.83975679e-01 9.55567241e-01 1.09717220e-01
    2.05860555e-01 1.65072739e-01 8.86731446e-02 6.30931795e-01
    9.60400820e-01 7.37715960e-02 8.83644819e-01 2.86851257e-01
    6.56036198e-01 9.98952508e-01 7.22821176e-01 3.93244416e-01
    7.82657266e-01 8.02174032e-01 2.63658762e-01 1.82100922e-01
    1.71482980e-01 4.73848760e-01 5.88470161e-01 6.78690791e-01
    8.42909098e-01 6.28039598e-01 2.79157877e-01 2.31140375e-01
    8.76504779e-01 2.69191623e-01 6.16470098e-01 6.69695377e-01 0. 0. 0.
    0. 0. 0. 0. 0. 0. 0. 0. 0. 0. 0. 0. 0. 0. 0. 3.97147268e-01
    8.37080836e-01 5.60360193e-01 3.75693530e-01 6.19611919e-01
    8.21430326e-01 6.77198768e-01 1.41764969e-01 4.94781256e-01
    8.83814335e-01 7.65175462e-01 2.75486827e-01 8.56110752e-01
    2.15358496e-01 2.80637056e-01 3.66849601e-01 9.52823281e-01
    8.56232464e-01 2.37258375e-01 2.92080283e-01 8.90752077e-01
    3.13065410e-01 8.67881775e-02 6.32117033e-01 9.19107080e-01
    9.94745731e-01 3.64545345e-01 2.74943709e-01 4.95666564e-02
    8.24361563e-01 5.97844064e-01 8.73886526e-01 9.28024411e-01
    8.77346158e-01 7.14340210e-02 6.55501366e-01 1.50492787e-01
    4.14339751e-01 9.75636363e-01 9.28213000e-01 5.50209463e-01
    5.10675430e-01 4.47941124e-02 5.66911995e-01 6.19160950e-01
    2.06396371e-01 6.85629189e-01 6.95579112e-01 8.07420790e-01
    8.23686242e-01 3.93108577e-01 5.26848793e-01 2.24365473e-01
    7.69112170e-01 5.03368199e-01 6.09430075e-01 3.22771519e-01
    5.12529254e-01 8.02950621e-01 8.67789626e-01 2.86494970e-01
    4.29226279e-01 5.33094585e-01 7.38150895e-01 1.91532165e-01
    1.04168862e-01 5.74635923e-01 6.01235569e-01 4.15531397e-01
    9.56507683e-01 9.38201964e-01 8.77513051e-01 5.87856054e-01
    2.69377589e-01 3.48581553e-01 1.18176818e-01 9.68106747e-01
    2.08199263e-01 4.24271315e-01 1.12891346e-01 5.78277946e-01
    6.25604272e-01 1.33899361e-01 8.71730447e-01 4.87240553e-02
    9.55778539e-01 5.67714632e-01 1.46712393e-01 3.19346756e-01
    7.83334017e-01 3.05838168e-01 6.24188900e-01 3.07423651e-01
    7.31680393e-01 4.14216280e-01 2.32528061e-01 9.86554384e-01
    9.32980657e-01 5.62871158e-01 7.95007944e-02 5.00148475e-01
    7.26127088e-01 9.51593399e-01 2.48896360e-01 5.10483623e-01
    5.64144731e-01 1.50922686e-01 2.65412986e-01 2.40296513e-01
    9.39644456e-01 1.63274109e-01 2.84088761e-01 2.84167826e-02
    6.49176717e-01 6.28694415e-01 5.82946301e-01 9.20148253e-01
    1.57575905e-02 1.34802997e-01 6.64940774e-02 7.17743576e-01
    6.69247746e-01 2.55270958e-01 4.87621397e-01 4.29060757e-01
    9.15824115e-01 1.42932653e-01 5.53068995e-01 5.38865209e-01
    2.78132737e-01 7.34928191e-01 4.69931334e-01 4.58547294e-01
    6.60821378e-01 1.77366555e-01 2.29465961e-02 6.30867362e-01
    5.67471266e-01 2.24624902e-01 2.45950520e-02 7.89165795e-02
    9.56297994e-01 2.63629049e-01 2.96829581e-01 7.77868032e-01
    7.96386838e-01 8.22579861e-01 3.82023752e-02 7.76578546e-01
    2.84380496e-01 4.97376233e-01 8.73717010e-01 7.61870742e-01
    1.13845527e-01 2.36848533e-01 5.84182203e-01 6.58089042e-01
    5.37782848e-01 2.93204188e-03 2.63888836e-01 4.07165289e-01
    9.48407829e-01 7.22459793e-01 1.73882693e-01 6.96248591e-01
    8.94008160e-01 3.54946285e-01 5.10342836e-01 1.88782245e-01
    2.00179428e-01 3.28165621e-01 8.08666348e-01 3.05651307e-01
    2.22817153e-01 6.74492419e-01 1.76918477e-01 2.41911352e-01
    4.85719681e-01 7.57350087e-01 4.76724684e-01 8.54618430e-01
    1.52575970e-01 7.64387965e-01 4.78117615e-01 2.64364243e-01
    5.23576498e-01 3.43947351e-01 5.06524682e-01 3.72406840e-01
    8.63820791e-01 6.95301771e-01 7.81456828e-01 2.07931042e-01
    2.01954901e-01 4.85319972e-01 7.65560865e-01 9.31050479e-01
    6.43478870e-01 7.73161650e-01 6.99320078e-01 6.53901100e-01
    2.42929906e-01 2.35234916e-01 6.38566911e-02 3.63960922e-01
    7.83908963e-01 6.27477229e-01 3.39630365e-01 7.16738820e-01
    6.33238971e-01 1.04739517e-01 6.93375945e-01 8.41396689e-01
    4.24669147e-01 9.41633463e-01 4.99832153e-01 5.52211523e-01
    5.05467176e-01 5.66386700e-01 5.60591102e-01 5.42808294e-01
    7.04778135e-02 6.71911240e-02 8.76631141e-01 8.49703074e-01
    3.98486376e-01 1.09742880e-02 6.60843313e-01 8.29020739e-01
    3.75058949e-02 5.78024685e-01 3.23579490e-01 5.59418678e-01
    4.93710428e-01 3.13134491e-02 8.05178642e-01 2.97405005e-01
    2.56066561e-01 6.43319964e-01 7.60180354e-01 5.45118749e-02
    7.60758519e-01 6.46718264e-01 7.44219899e-01 7.17925370e-01
    8.25092673e-01 5.75229526e-03 3.73803675e-02 7.78538048e-01
    7.53091395e-01 9.38279748e-01 5.27517617e-01 1.31023943e-01
    4.26163733e-01 9.17016625e-01 5.74998140e-01 0. 0. 0. 0. 0. 0. 0. 0.
    0. 0. 0. 0. 0. 0. 0. 0. 0. 0. 2.36139596e-02 1.76050663e-01
    4.85775143e-01 5.15199602e-01 1.52033836e-01 9.20318842e-01
    6.06701016e-01 7.07757354e-01 6.32083178e-01 1.20574027e-01
    7.25719333e-01 8.13335180e-02 5.29036582e-01 3.53831053e-01
    1.32392466e-01 2.68427789e-01 5.12332022e-02 7.64052033e-01
    8.50643039e-01 1.69615448e-02 5.91528058e-01 1.77123249e-01
    1.72382027e-01 2.48143911e-01 5.96767604e-01 9.92720723e-01
    4.33135629e-02 9.24683332e-01 8.25823188e-01 7.93484449e-01
    2.34455019e-01 3.26702237e-01 8.91711831e-01 9.49361205e-01
    3.58550251e-01 1.18094206e-01 5.85310936e-01 2.53807127e-01
    6.27276361e-01 9.43939269e-01 3.83264810e-01 4.35693294e-01
    5.75384200e-01 2.37005889e-01 1.95383042e-01 1.77339137e-01
    1.88793868e-01 9.77863789e-01 2.84459352e-01 5.99532425e-02
    9.19217229e-01 3.73272628e-01 3.35144401e-01 8.30256939e-01
    4.37001944e-01 2.77974308e-02 5.99809527e-01 4.18958455e-01
    4.95860845e-01 1.86944604e-02 4.42711890e-01 2.65734494e-01
    4.12001312e-02 1.60300851e-01 8.30829024e-01 2.34828144e-01
    5.27492166e-03 7.29259551e-01 9.81966615e-01 3.82890940e-01
    6.12013340e-01 5.85537255e-01 6.80852950e-01 8.28672528e-01
    2.71477312e-01 6.92374647e-01 2.41657108e-01 6.13268018e-01
    3.82372022e-01 2.11968213e-01 9.32309151e-01 2.98867702e-01
    5.12365043e-01 2.92306870e-01 3.96856010e-01 2.16342837e-01
    7.85036683e-01 3.51985991e-01 4.35134023e-01 2.53927708e-02
    9.52033758e-01 3.89679700e-01 9.53634024e-01 2.00139880e-01
    2.07919598e-01 7.66981125e-01 5.61565876e-01 4.34341758e-01
    9.42284584e-01 5.54502666e-01 5.00684083e-01 2.84098208e-01
    3.58733833e-01 3.06916893e-01 7.92419195e-01 9.93556261e-01
    5.52464485e-01 1.23212069e-01 5.49458802e-01 5.46525836e-01
    5.44147968e-01 1.47462189e-02 5.60537159e-01 8.05583119e-01
    8.76205981e-01 1.25630051e-01 8.47735167e-01 8.98082256e-01
    6.12792432e-01 5.00024974e-01 7.47530401e-01 4.98268604e-01
    5.84858179e-01 6.03834093e-01 8.29184353e-01 6.86802328e-01
    6.30836427e-01 9.18229222e-01 8.70546758e-01 4.35907632e-01
    1.93105876e-01 7.46955633e-01 4.83386129e-01 8.74732733e-01
    3.96512240e-01 8.35501850e-02 1.23015106e-01 1.26396209e-01
    8.31588089e-01 4.24918503e-01 3.02973211e-01 5.92160046e-01
    6.86127424e-01 5.55974960e-01 7.96127379e-01 8.58165920e-02
    3.18627536e-01 7.56027937e-01 3.64624381e-01 6.09902442e-01
    8.50594640e-01 5.69985151e-01 3.63517702e-01 7.54410505e-01
    2.19432265e-01 1.14836454e-01 2.03296840e-01 9.72584963e-01
    2.56211042e-01 8.86835694e-01 8.40876400e-01 8.47232938e-01
    5.82410395e-02 7.34407663e-01 7.96723127e-01 8.27552438e-01
    3.95989269e-01 2.48329818e-01 5.78017533e-01 4.24418151e-01
    6.89942658e-01 2.47407883e-01 4.89500433e-01 3.79305840e-01
    2.23241866e-01 2.98700899e-01 6.31062984e-01 1.41931027e-01
    2.78146148e-01 6.68123245e-01 8.44801366e-01 9.97538626e-01
    2.89442182e-01 8.74468863e-01 9.35425162e-02 1.01056904e-01
    9.03199077e-01 2.69132853e-02 5.96631765e-01 6.10274136e-01
    5.06877840e-01 2.01561391e-01 8.44964862e-01 2.71285892e-01
    8.88218284e-01 5.74170649e-01 7.40876198e-01 6.22642696e-01
    1.53282702e-01 1.78205699e-01 1.35801435e-01 4.30184096e-01
    1.21550798e-01 6.68046176e-02 9.01599228e-02 7.92579830e-01
    5.60600460e-01 7.57262468e-01 8.95198882e-02 5.27920246e-01
    9.67690468e-01 3.00164551e-01 2.98922122e-01 5.10459185e-01
    7.01610982e-01 9.74229455e-01 1.34843290e-01 4.36127841e-01
    8.60549271e-01 9.65826213e-02 2.34370530e-02 4.56522018e-01
    7.40243077e-01 8.73901010e-01 5.94172299e-01 4.45324838e-01
    1.76206678e-01 3.33157241e-01 1.02588713e-01 1.86840385e-01
    7.48134196e-01 2.83464909e-01 8.87441218e-01 2.24922776e-01
    4.07583058e-01 7.09611654e-01 2.18848467e-01 5.71442425e-01
    1.72843069e-01 8.54267478e-01 9.29573178e-01 9.91158962e-01
    2.89610207e-01 3.81489515e-01 8.00420523e-01 2.85318911e-01
    6.59666061e-01 7.13275492e-01 9.76819694e-01 4.02010560e-01
    9.94520247e-01 6.60049081e-01 1.77402049e-01 5.93421876e-01
    8.46017241e-01 8.23478997e-01 0. 0. 0. 0. 0. 0. 0. 0. 0. 0. 0. 0. 0.
    0. 0. 0. 0. 0. 1.13056958e-01 9.95692730e-01 2.33121753e-01
    4.54290569e-01 8.08030248e-01 1.07553422e-01 2.92658865e-01
    2.94660866e-01 8.17784667e-01 8.53273392e-01 6.95862770e-01
    9.25006747e-01 4.77965266e-01 5.79687059e-02 4.03678387e-01
    8.94910097e-03 4.27881420e-01 6.71561897e-01 5.11546552e-01
    8.87454450e-02 7.35028625e-01 1.95147991e-01 6.54723167e-01
    4.53848541e-01 1.91750556e-01 5.38264513e-01 6.86706007e-01
    1.87482655e-01 4.73391920e-01 6.83640361e-01 4.51358378e-01
    5.35917640e-01 4.37018692e-01 7.71605492e-01 4.22999591e-01
    7.28727341e-01 5.53916931e-01 6.57635868e-01 9.97491360e-01
    9.16528106e-02 9.12732482e-02 7.37654448e-01 5.23228467e-01
    7.97916532e-01 5.34797966e-01 4.51891482e-01 8.18985999e-01
    4.50213701e-01 4.48079228e-01 8.07538867e-01 3.89275938e-01
    2.19987333e-02 6.61778629e-01 4.41929996e-02 7.07536101e-01
    1.30392462e-01 6.83695257e-01 4.97366130e-01 1.39815807e-01
    8.13687205e-01 4.11564708e-02 6.21846735e-01 8.67853761e-01
    8.64926219e-01 4.98374313e-01 6.63652718e-02 2.67182529e-01
    2.03277856e-01 7.71068931e-02 6.82701349e-01 7.55350232e-01
    9.66686606e-01 9.04293120e-01 9.88593936e-01 9.81724501e-01
    1.97445750e-01 3.37271333e-01 5.62099755e-01 2.70904303e-01
    5.68056941e-01 8.11677277e-01 4.55225587e-01 8.22050512e-01
    2.08853513e-01 6.63639426e-01 5.12330711e-01 6.91125453e-01
    2.61184275e-01 2.71723717e-01 2.55809158e-01 6.68812871e-01
    7.08790302e-01 9.91876960e-01 6.00465357e-01 8.43469679e-01
    3.35451901e-01 1.68099314e-01 3.54072452e-02 9.52630699e-01
    7.37832308e-01 2.09049344e-01 3.90915871e-01 9.51820314e-01
    9.49618757e-01 6.52343631e-01 6.01504922e-01 8.40351462e-01
    2.46716499e-01 9.63505030e-01 7.57853150e-01 1.21635616e-01
    6.64516568e-01 1.79764748e-01 2.30646700e-01 4.75846171e-01
    7.11904228e-01 3.98714781e-01 7.60812163e-01 7.32783258e-01
    6.25681520e-01 1.81097627e-01 9.52876449e-01 7.23435640e-01
    3.31451178e-01 1.92701548e-01 9.86423731e-01 4.84731168e-01
    4.69767183e-01 6.75911427e-01 8.47663045e-01 1.59462124e-01
    7.43752122e-01 6.76921070e-01 6.88216925e-01 1.92002684e-01
    3.16239178e-01 7.52631187e-01 6.18083477e-02 3.14703047e-01
    1.07593507e-01 9.33598757e-01 8.28936577e-01 5.29704034e-01
    9.23164487e-02 8.34070802e-01 1.32188201e-03 5.08386075e-01
    1.28244907e-01 1.61846161e-01 4.11771089e-01 4.20346290e-01
    7.61531949e-01 9.55133557e-01 3.83846700e-01 5.70235312e-01
    7.79966414e-02 5.85637808e-01 2.35979199e-01 8.45722616e-01
    1.70835257e-02 6.43430710e-01 9.39183712e-01 4.80302572e-01
    2.55844057e-01 5.10004520e-01 7.78409362e-01 1.47088736e-01
    6.58487260e-01 5.41062355e-01 9.30403352e-01 6.63853705e-01
    5.93477845e-01 4.58078861e-01 2.47541636e-01 4.95858073e-01
    8.22026730e-01 3.63693476e-01 1.49670243e-03 6.09393895e-01
    2.97621280e-01 1.67719722e-01 6.70917690e-01 8.69572520e-01
    2.76613683e-01 6.29742920e-01 5.05511105e-01 6.08283639e-01
    6.81622088e-01 1.27578020e-01 1.24806851e-01 4.17971641e-01
    9.00070190e-01 1.00888282e-01 5.44632077e-01 9.96203899e-01
    8.93827438e-01 8.10701847e-01 9.27171230e-01 3.01103890e-01
    5.56478798e-02 4.19302106e-01 5.66896677e-01 1.34051442e-02
    4.72193927e-01 6.91975594e-01 5.67629576e-01 1.01819932e-02
    6.24696493e-01 6.53559744e-01 3.51575792e-01 7.76140392e-02
    9.69042778e-01 2.28817552e-01 5.59659958e-01 1.32683754e-01
    1.50099754e-01 1.08691454e-01 9.32673335e-01 2.87684500e-02
    1.75700009e-01 4.06130642e-01 1.16248041e-01 6.22063339e-01
    6.15319371e-01 2.29495466e-02 4.94368136e-01 2.84130126e-01
    5.51392257e-01 3.88660729e-01 9.00035501e-02 8.17224085e-01
    5.63374281e-01 4.20721203e-01 5.85375845e-01 2.50979125e-01
    8.54298711e-01 8.46536338e-01 6.16180956e-01 2.78226733e-01
    4.95581627e-01 6.76088631e-02 1.72689468e-01 5.00340939e-01
    3.61876607e-01 5.91321468e-01 8.86818051e-01 5.08036077e-01
    6.60227239e-01 4.91394639e-01 3.59281480e-01 3.80565941e-01
    8.33351493e-01 8.21385026e-01 8.85052562e-01 1.89513713e-01
    8.37240279e-01 0. 0. 0. 0. 0. 0. 0. 0. 0. 0. 0. 0. 0. 0. 0. 0. 0. 0.
    6.10782683e-01 6.67829156e-01 1.84972882e-01 3.79689634e-02
    3.25920820e-01 2.96573818e-01 4.83823478e-01 8.45752656e-01
    1.09555274e-01 7.19404101e-01 7.96319366e-01 3.86884153e-01
    9.20931399e-02 9.53389645e-01 3.02569926e-01 3.84799570e-01
    5.77052593e-01 8.96257758e-01 7.98899055e-01 6.28772676e-01
    1.31484866e-02 8.59351516e-01 5.80760360e-01 9.91427481e-01
    7.72865713e-02 9.45006013e-01 5.36834121e-01 4.55073982e-01
    3.78622621e-01 6.23589158e-01 5.81822515e-01 8.40371549e-01
    1.25413418e-01 8.31502974e-01 2.37082273e-01 4.15063560e-01
    3.65985572e-01 6.21896148e-01 2.94613481e-01 4.73468274e-01
    7.58844733e-01 1.32427216e-01 3.17031860e-01 6.24923229e-01
    4.46064532e-01 2.56201625e-01 1.01257682e-01 1.47875905e-01
    5.10966897e-01 8.95167291e-01 8.61188591e-01 9.89862442e-01
    3.81973743e-01 3.85605872e-01 6.74654067e-01 9.92863178e-01
    1.98874146e-01 5.63144684e-01 3.23986888e-01 5.60203850e-01
    8.03319752e-01 1.16925091e-01 2.19592214e-01 5.20623505e-01
    8.44966769e-01 8.39826822e-01 9.76384282e-01 9.19194460e-01
    1.90326303e-01 6.80831492e-01 2.18129069e-01 1.48291290e-02
    8.43260050e-01 1.56870902e-01 2.94084549e-02 1.73899293e-01
    7.30162561e-02 7.11756170e-01 2.93797612e-01 3.45165908e-01
    1.68886274e-01 9.61883605e-01 1.13432467e-01 6.17233813e-01
    1.42317891e-01 6.17313802e-01 1.52697414e-01 8.77974153e-01
    9.99336004e-01 8.83654833e-01 3.93019825e-01 3.25165868e-01
    7.17965782e-01 6.29342198e-01 3.17596585e-01 4.93616253e-01
    6.42201304e-01 9.98425663e-01 5.27460396e-01 6.99224889e-01
    2.94672966e-01 3.27104270e-01 9.52751160e-01 1.28172427e-01
    8.18245113e-02 4.15132731e-01 2.27214158e-01 1.73049748e-01
    2.12482542e-01 5.24558365e-01 6.66953087e-01 8.02899182e-01
    8.47923100e-01 3.42812836e-01 8.79843950e-01 5.76422930e-01
    7.51315057e-02 3.19109082e-01 7.53847361e-01 5.36109984e-01
    2.66380787e-01 4.28561091e-01 1.51318759e-01 7.43484020e-01
    6.70009196e-01 1.32850230e-01 4.22765851e-01 3.09472978e-01
    1.45213306e-01 6.80223882e-01 2.71721750e-01 3.39781225e-01
    5.45118511e-01 5.96877098e-01 9.50663805e-01 8.41237307e-01
    3.99460644e-01 2.89637089e-01 5.68397582e-01 1.64101720e-01
    7.68293381e-01 5.47079802e-01 5.76291144e-01 6.89537048e-01
    6.29258573e-01 3.82114619e-01 4.61571306e-01 4.77172464e-01
    7.29719877e-01 2.10206211e-01 3.01254869e-01 4.53593284e-01
    6.61747575e-01 5.53382158e-01 1.83589458e-02 5.49107850e-01
    6.05369270e-01 3.77898991e-01 2.05766052e-01 7.25660384e-01
    5.53175807e-01 8.71943414e-01 5.29924035e-02 4.67762113e-01
    3.88325751e-02 1.17550522e-01 5.64879537e-01 1.55066639e-01
    4.52300876e-01 4.33292985e-03 2.16556102e-01 7.30649054e-01
    9.59476650e-01 9.35673237e-01 5.14919043e-01 9.89933074e-01
    5.16637206e-01 9.58881915e-01 2.16638297e-01 4.66265678e-01
    7.36393929e-01 7.47016728e-01 2.00324178e-01 1.77487671e-01
    3.77242863e-01 9.13112044e-01 3.17659080e-02 2.07140356e-01
    1.14886075e-01 5.94388783e-01 3.14695716e-01 6.84110403e-01
    5.77120364e-01 1.81825757e-02 9.09032345e-01 1.92095935e-02
    3.46000165e-01 2.63260126e-01 1.83022350e-01 1.67477846e-01
    2.33746141e-01 6.79909527e-01 6.30194247e-02 5.37463665e-01
    4.99953330e-01 4.18042660e-01 2.55558372e-01 4.68383312e-01
    4.12831604e-01 5.92354655e-01 8.29865038e-01 6.56827033e-01
    3.22918594e-01 3.40044677e-01 6.86131418e-02 1.92486107e-01
    3.99333686e-01 8.99228275e-01 8.75982881e-01 1.89456493e-01
    1.57292724e-01 9.97909546e-01 4.96069133e-01 8.65282476e-01
    5.86870790e-01 1.97348416e-01 8.88678133e-01 7.44503379e-01
    8.92216563e-01 8.54037941e-01 1.91953510e-01 8.08597445e-01
    8.81657600e-01 6.68823719e-01 7.69459486e-01 9.18983519e-02
    3.32379013e-01 9.24330413e-01 5.82888365e-01 9.30484235e-01
    3.10008079e-01 5.71038067e-01 1.12804025e-01 3.13103318e-01
    4.76714104e-01 3.83762658e-01 7.39035606e-01 6.98805749e-01
    7.07116008e-01 8.77371430e-03 5.38861275e-01 2.87929118e-01
    5.52320719e-01 7.63536513e-01 3.75909090e-01 3.70653868e-02 0. 0. 0.
    0. 0. 0. 0. 0. 0. 0. 0. 0. 0. 0. 0. 0. 0. 0. 9.50043499e-02
    1.05638921e-01 3.46679807e-01 6.31080389e-01 4.27873701e-01
    2.40960807e-01 6.83480382e-01 8.66216302e-01 6.91447973e-01
    3.96828651e-01 2.24594682e-01 2.05741525e-02 1.06786579e-01
    6.62525535e-01 8.37300539e-01 9.47188437e-01 6.35835946e-01
    5.37151814e-01 3.84787917e-02 2.51681447e-01 3.36468637e-01
    5.39901555e-01 2.65151024e-01 4.20613378e-01 4.08414781e-01
    4.63598728e-01 5.41334391e-01 5.99170446e-01 7.04156220e-01
    6.85202718e-01 4.92572188e-02 4.18289274e-01 4.11279500e-02
    7.90396929e-01 9.89181519e-01 5.16767979e-01 4.13424909e-01
    4.82139677e-01 9.39077795e-01 2.69305438e-01 6.30245090e-01
    1.44969314e-01 4.21020925e-01 2.00648129e-01 5.04174471e-01
    4.91679609e-02 2.12711751e-01 9.31383312e-01 3.09543550e-01
    8.91553283e-01 5.45714796e-02 6.44533217e-01 9.87164617e-01
    4.05672401e-01 1.19957626e-02 7.85939813e-01 4.35640574e-01
    9.87551808e-01 3.72420669e-01 6.21215761e-01 4.96488571e-01
    8.96810770e-01 2.73531616e-01 4.66947496e-01 4.79218692e-01
    7.10593760e-01 9.85829532e-01 5.78074932e-01 5.49544811e-01
    6.74588799e-01 3.54839057e-01 6.75456524e-02 7.54638076e-01
    8.97178888e-01 3.33783567e-01 2.90564597e-02 7.79880524e-01
    6.08231068e-01 8.01697135e-01 2.23166883e-01 5.22745848e-01
    6.84528232e-01 7.91175246e-01 9.36272621e-01 5.65407157e-01
    8.09389472e-01 1.42708123e-01 9.04982328e-01 7.90881872e-01
    3.44219804e-01 7.20117450e-01 6.35996938e-01 6.73343837e-01
    2.01608717e-01 7.85761893e-01 3.68341208e-02 2.61036456e-02
    9.60870802e-01 2.77712315e-01 6.33578300e-01 1.47341132e-01
    5.47697246e-01 4.59077865e-01 1.86182797e-01 3.30137432e-01
    7.88035572e-01 9.05497909e-01 9.88980412e-01 9.68968749e-01
    3.69227231e-01 7.63439536e-01 9.48732615e-01 6.57074988e-01
    2.33251214e-01 5.29569447e-01 6.03017569e-01 3.51949424e-01
    9.27685499e-01 9.14004087e-01 9.69928801e-02 5.83185375e-01
    5.46731710e-01 3.54839206e-01 5.03342986e-01 7.51219690e-02
    9.02657032e-01 6.46930575e-01 5.79501390e-01 3.89487088e-01
    2.44955271e-01 9.90590334e-01 7.45556712e-01 3.27372253e-02
    2.86397159e-01 8.97360444e-02 9.52161670e-01 4.51609671e-01
    4.58585918e-01 2.11535990e-01 4.07286763e-01 2.75634736e-01
    1.84381455e-01 3.72079790e-01 8.50131750e-01 8.68498921e-01
    1.34840399e-01 8.40901375e-01 1.37036115e-01 6.30973339e-01
    5.59681296e-01 4.69402611e-01 7.26390421e-01 9.30699646e-01
    7.18806922e-01 3.87538463e-01 7.65997648e-01 4.10560250e-01
    1.56248480e-01 5.11095941e-01 5.15799701e-01 9.23343599e-02
    2.86445439e-01 6.44981980e-01 7.30631471e-01 4.20976281e-01
    2.51221716e-01 5.67553282e-01 3.80548358e-01 4.77711618e-01
    6.33749306e-01 5.17068803e-02 4.69562411e-02 9.59703565e-01
    7.23093987e-01 9.80231941e-01 6.94311023e-01 4.46857482e-01
    3.06540519e-01 2.53180742e-01 9.12297130e-01 7.49215245e-01
    1.87225670e-01 5.59233963e-01 2.46342987e-01 1.96846932e-01
    2.44566947e-01 8.98355961e-01 6.98119342e-01 4.11202967e-01
    1.47758424e-02 5.49848378e-01 2.43677527e-01 3.90517592e-01
    3.37602019e-01 9.14583385e-01 4.24743176e-01 8.11852694e-01
    7.73401380e-01 3.95322561e-01 5.49903929e-01 4.70709264e-01
    7.12977409e-01 1.25469416e-01 1.82086229e-01 9.71903682e-01
    1.39826626e-01 9.71893430e-01 1.50070399e-01 8.86193275e-01
    9.62779760e-01 3.38371962e-01 1.18645847e-01 9.68676567e-01
    4.34597433e-01 7.11782098e-01 3.51921558e-01 7.32744336e-01
    8.75528157e-02 2.28751481e-01 2.02472687e-01 3.28051984e-01
    8.42202723e-01 1.01926178e-01 1.25309050e-01 5.28841257e-01
    2.52835751e-02 7.98180699e-03 2.58661777e-01 7.51780868e-01
    1.29772663e-01 1.27490669e-01 9.66185570e-01 5.96994102e-01
    2.54778743e-01 5.75949728e-01 2.74251997e-01 6.79809034e-01
    1.58472329e-01 2.16306657e-01 4.70304877e-01 7.86134541e-01
    7.48268783e-01 5.60944557e-01 4.43930060e-01 5.49834788e-01
    2.35389173e-02 9.90366578e-01 8.99335623e-01 1.77689105e-01
    9.27585721e-01 7.06072450e-02 2.96864986e-01 8.80688727e-01
    8.39723289e-01 8.28346312e-01 6.81240082e-01 0. 0. 0. 0. 0. 0. 0. 0.
    0. 0. 0. 0. 0. 0. 0. 0. 0. 0. 9.58227217e-01 8.04439425e-01
    2.44037956e-01 9.04629230e-01 8.35729122e-01 6.82015657e-01
    3.17349255e-01 4.73284543e-01 5.37915945e-01 6.04482174e-01
    7.81149089e-01 4.60872799e-01 2.13810861e-01 7.11954713e-01
    4.15786028e-01 4.11001652e-01 6.97481513e-01 6.19356453e-01
    1.40183210e-01 6.83134377e-01 8.48960161e-01 5.20799816e-01
    7.51637936e-01 7.82684505e-01 9.39119101e-01 2.12891728e-01
    7.72693753e-01 7.38876700e-01 3.54127705e-01 9.65951204e-01
    8.41700315e-01 9.30793405e-01 6.75962389e-01 7.22425520e-01
    3.27523857e-01 3.52426678e-01 3.85580301e-01 6.98019922e-01
    4.82909411e-01 1.20033860e-01 3.28614235e-01 4.52860296e-01
    3.42247933e-01 4.56616551e-01 7.21928656e-01 8.98793578e-01
    7.38901258e-01 7.10383654e-02 1.93364382e-01 4.98804033e-01
    6.75225556e-01 1.67996109e-01 3.93294692e-01 6.71365857e-02
    6.90358102e-01 1.05243236e-01 1.67486072e-01 9.65749860e-01
    3.41315567e-01 1.27737582e-01 7.22145081e-01 5.81330061e-02
    1.64220840e-01 6.86711133e-01 1.20128810e-01 5.24716079e-02
    7.12946177e-01 7.32632518e-01 2.66510069e-01 1.91114992e-01
    3.27877402e-01 8.21034312e-02 3.05844188e-01 3.47307116e-01
    2.30217427e-01 7.52077758e-01 3.63296211e-01 4.96488184e-01
    5.20458519e-01 6.83033466e-01 4.74750400e-01 4.54774290e-01
    7.83940375e-01 7.77395129e-01 6.78093135e-01 3.19396466e-01
    4.40950096e-02 3.12957883e-01 5.87079048e-01 2.80697525e-01
    7.09904194e-01 4.95732397e-01 1.36086613e-01 7.35830903e-01
    3.65957946e-01 4.49132621e-02 9.95227933e-01 9.19556379e-01
    8.52325499e-01 5.28455377e-01 5.86322546e-01 2.45489538e-01
    8.59788716e-01 1.70189023e-01 8.43853235e-01 1.33028150e-01
    5.11808276e-01 9.80287552e-01 4.73238558e-01 6.20310009e-02
    8.79270434e-01 5.81289172e-01 6.88379109e-02 2.65883625e-01
    6.73469424e-01 1.23743773e-01 7.89625764e-01 9.52590823e-01
    9.76909518e-01 4.93114293e-02 6.85899556e-01 4.36447501e-01
    5.80891967e-02 9.88373220e-01 8.55997205e-01 6.39148295e-01
    6.87683702e-01 9.95172858e-01 7.84152567e-01 4.71612692e-01
    9.79452848e-01 2.15908587e-01 2.96657085e-02 5.61740220e-01
    8.71028543e-01 7.22082257e-01 9.86980915e-01 1.23444140e-01
    5.05277336e-01 4.35938537e-02 3.88391912e-01 5.04173338e-01
    2.23904043e-01 1.56208038e-01 6.63901210e-01 4.57098365e-01
    6.07147515e-01 5.77498674e-01 7.65483499e-01 1.16387695e-01
    9.87170756e-01 5.79196692e-01 9.33221817e-01 6.46435320e-01
    7.71612883e-01 3.89655888e-01 2.23218501e-01 3.08824182e-01
    2.85123944e-01 5.40993094e-01 8.17753911e-01 4.78729576e-01
    1.12908274e-01 3.14958811e-01 2.06764489e-01 6.29860759e-01
    2.57626653e-01 8.09203386e-02 3.76001328e-01 1.50129586e-01
    6.04036987e-01 1.13274157e-02 9.76152420e-01 1.16166115e-01
    8.12182307e-01 9.42279100e-01 2.07820266e-01 3.67777675e-01
    1.25156671e-01 7.83878207e-01 1.14263296e-01 8.10910106e-01
    1.20601714e-01 3.36932451e-01 2.43687332e-01 8.23550105e-01
    8.88069928e-01 4.25937980e-01 4.83934253e-01 3.87291282e-01
    1.14787072e-01 9.21194553e-01 5.05211890e-01 7.65904367e-01
    2.92104185e-01 7.52210617e-01 6.95500612e-01 5.95884383e-01
    1.41593009e-01 7.11540580e-01 6.47996902e-01 7.41517842e-01
    1.93312496e-01 5.47623038e-01 6.29150510e-01 6.61528111e-02
    6.25735462e-01 6.79050207e-01 9.06041265e-01 5.34023821e-01
    7.88579464e-01 5.03201127e-01 8.64800692e-01 2.31792450e-01
    3.02640259e-01 3.76393259e-01 8.24033141e-01 1.85447305e-01
    6.10685945e-02 8.58587742e-01 3.31332535e-01 2.24481195e-01
    3.96742553e-01 4.09891099e-01 5.15264690e-01 3.41271818e-01
    2.51677096e-01 4.64749157e-01 7.16958702e-01 8.95408213e-01
    3.93687457e-01 8.80920410e-01 7.46283829e-02 3.31045687e-02
    7.77942479e-01 5.27373552e-01 7.86216259e-01 8.14440370e-01
    3.41097623e-01 7.63529658e-01 6.96511269e-01 9.95999098e-01
    2.73114860e-01 6.10700965e-01 7.43891120e-01 7.13644266e-01
    8.52751732e-02 5.97021878e-02 2.09627211e-01 5.21566868e-02
    2.85464525e-03 9.13858891e-01 9.12671924e-01 8.44053030e-01
    6.16900623e-01 6.75815463e-01 0. 0. 0. 0. 0. 0. 0. 0. 0. 0. 0. 0. 0.
    0. 0. 0. 0. 0. 7.41357267e-01 9.90813076e-01 9.19693351e-01
    1.12794697e-01 8.27198923e-02 3.15030873e-01 6.83976173e-01
    7.30802715e-01 3.15053463e-01 3.95642132e-01 4.19133902e-03
    6.72520280e-01 1.28290564e-01 9.27851915e-01 2.24834621e-01
    5.41853011e-01 5.03230929e-01 6.09725595e-01 5.54384351e-01
    8.94317627e-01 9.62055683e-01 2.88371682e-01 3.71011317e-01
    5.19065559e-02 3.88606846e-01 5.87054014e-01 2.08555847e-01
    1.40824139e-01 3.27401102e-01 3.01587582e-01 4.53894466e-01
    2.04976171e-01 9.63637650e-01 4.85009134e-01 8.80217850e-01
    6.38773620e-01 7.49542654e-01 6.56677723e-01 6.65484607e-01
    6.55847788e-01 8.10624182e-01 7.02398300e-01 1.81462795e-01
    5.55803895e-01 8.35913420e-01 1.25348508e-01 1.56424582e-01
    9.34139907e-01 2.46505886e-01 7.48629093e-01 4.75231439e-01
    6.32566154e-01 6.64760888e-01 7.31113851e-01 3.37430239e-01
    8.58664632e-01 1.95435256e-01 2.87778556e-01 5.88788986e-01
    6.65342033e-01 5.63201666e-01 6.05804205e-01 1.35901570e-02
    3.48283350e-01 2.22952962e-01 7.62617707e-01 5.57069302e-01
    6.57221198e-01 6.53057516e-01 7.30559945e-01 5.92499077e-02
    6.43490672e-01 4.06451166e-01 1.85373753e-01 5.17061651e-02
    6.38895690e-01 4.04484868e-01 5.16062200e-01 1.99349225e-02
    1.00046337e-01 6.01442158e-01 8.19012225e-01 7.23785281e-01
    2.29080975e-01 6.71875238e-01 7.02857018e-01 2.24397987e-01
    7.63159990e-03 9.82546329e-01 7.96832800e-01 5.98745465e-01
    8.30668747e-01 5.19134164e-01 1.39240175e-01 1.34925604e-01
    9.03996825e-01 6.25177622e-02 9.99546826e-01 6.25388741e-01
    9.32979524e-01 2.67889470e-01 7.02452064e-01 1.17977738e-01
    6.15505457e-01 7.99095750e-01 8.47254753e-01 6.75432980e-01
    1.73848361e-01 3.94246757e-01 2.20353603e-01 9.35643733e-01
    1.77339017e-02 1.07487857e-01 8.86283517e-01 7.90730715e-01
    5.51306963e-01 7.72532165e-01 2.29932606e-01 4.38336879e-01
    1.71204001e-01 3.83321941e-01 2.57981062e-01 4.93984699e-01
    7.89092422e-01 7.12099791e-01 6.74416900e-01 8.77330065e-01
    9.14271355e-01 9.46772814e-01 8.87165964e-01 5.19258499e-01
    4.53052282e-01 1.52895480e-01 5.09989500e-01 8.25881541e-01
    3.08078885e-01 7.39991665e-04 3.59160691e-01 8.61428440e-01
    7.47338235e-02 9.68825877e-01 8.55102837e-01 7.65256643e-01
    4.55993712e-01 9.95345354e-01 1.77705288e-03 6.19228542e-01
    3.78502190e-01 7.70819306e-01 3.66570890e-01 8.40654850e-01
    8.42982173e-01 7.42463708e-01 8.40251982e-01 5.86963534e-01
    5.06301045e-01 4.58013713e-02 8.98890972e-01 9.14697409e-01
    8.76258254e-01 7.61639178e-02 6.17745757e-01 9.37314153e-01
    8.64043713e-01 8.92667055e-01 7.04742432e-01 3.74629706e-01
    2.93538332e-01 9.37313557e-01 9.55144703e-01 6.39779508e-01
    6.45871878e-01 4.82299685e-01 8.00119519e-01 2.44531810e-01
    3.40538919e-01 6.20843410e-01 5.56217551e-01 4.86368299e-01
    4.40150052e-01 5.93227625e-01 9.73859191e-01 2.10520208e-01
    6.46414101e-01 7.11449146e-01 2.85236657e-01 4.25629437e-01
    2.63765335e-01 1.12015218e-01 3.92710209e-01 2.13203609e-01
    1.37977242e-01 8.54110241e-01 9.27177668e-01 8.38264763e-01
    1.92552805e-01 1.25454694e-01 1.24650776e-01 9.12230372e-01
    7.00023890e-01 6.60280704e-01 3.84211183e-01 5.35652339e-02
    1.17802382e-01 1.07163548e-01 1.29429877e-01 4.30447459e-02
    6.30064666e-01 2.70441175e-03 1.43018782e-01 8.20838571e-01
    5.08284271e-02 6.62327230e-01 3.94323051e-01 6.58679426e-01
    4.86518919e-01 9.63377833e-01 5.07208347e-01 4.27335888e-01
    4.06525075e-01 1.88287377e-01 5.70585728e-01 1.92558467e-01
    9.63726521e-01 5.63127100e-01 5.35684228e-01 8.65125299e-01
    1.16953045e-01 5.57001412e-01 4.63294536e-01 3.96870136e-01
    8.82164896e-01 9.40263033e-01 7.99447775e-01 5.44051647e-01
    4.63494390e-01 7.25563049e-01 3.74676943e-01 7.82926440e-01
    6.65368080e-01 8.33031356e-01 6.65531218e-01 3.02530527e-01
    8.31784129e-01 7.28861630e-01 1.96651816e-01 7.52989888e-01
    3.70314360e-01 6.20311141e-01 5.63591778e-01 5.63270926e-01
    2.84003675e-01 6.26432836e-01 1.84863508e-02 3.60754013e-01
    9.41839218e-02 0. 0. 0. 0. 0. 0. 0. 0. 0. 0. 0. 0. 0. 0. 0. 0. 0. 0.
    4.72280294e-01 6.41420305e-01 1.57625765e-01 2.03483671e-01
    4.34005022e-01 1.74080998e-01 1.72225535e-02 9.24388170e-01
    4.44743365e-01 6.83347285e-01 4.37154740e-01 8.62261951e-01
    8.39241743e-01 7.75352955e-01 9.57258463e-01 2.64684439e-01
    6.04607046e-01 5.48084676e-01 5.45420408e-01 1.61624163e-01
    5.22104144e-01 6.67521119e-01 3.84998471e-01 4.00703669e-01
    5.26984811e-01 9.01534200e-01 7.90266395e-01 2.09269762e-01
    4.80606794e-01 2.63883471e-01 5.55644929e-01 5.83008409e-01
    8.82632792e-01 3.03605795e-01 7.16773212e-01 4.96653587e-01
    9.37397361e-01 7.40936875e-01 4.29733962e-01 8.87840629e-01
    9.89596248e-01 2.86667049e-02 3.88193011e-01 1.12130642e-01
    5.77095628e-01 2.80164778e-01 6.12773895e-02 2.82354057e-01
    3.64031971e-01 2.62040496e-01 7.67588198e-01 4.41013217e-01
    1.33957595e-01 9.66842651e-01 6.58661008e-01 7.81924427e-02
    8.39824080e-02 2.30230838e-01 3.28975827e-01 7.13809550e-01
    8.63529742e-01 9.99595404e-01 5.60913503e-01 8.64483833e-01
    8.40063691e-01 3.09888691e-01 4.08809483e-01 4.19604301e-01
    2.05308557e-01 3.05803388e-01 1.00309610e-01 1.56112969e-01
    6.42407894e-01 1.42500788e-01 9.92269397e-01 2.56813884e-01
    1.50933415e-01 9.30627048e-01 2.13866234e-01 5.87509036e-01
    7.99841046e-01 7.19853461e-01 4.96658951e-01 9.81901169e-01
    4.61545587e-02 8.78429830e-01 2.57273734e-01 6.15015268e-01
    9.61371183e-01 3.96957785e-01 2.57617205e-01 4.02730703e-03
    4.63586807e-01 7.80281484e-01 2.77872860e-01 3.22536349e-01
    4.78933752e-01 1.06994629e-01 8.57331634e-01 9.25519586e-01
    2.40320683e-01 9.22341466e-01 4.98616129e-01 9.29938197e-01
    6.45312011e-01 4.66469765e-01 4.07735705e-01 3.62990201e-01
    8.97444069e-01 5.81444442e-01 2.76423514e-01 9.42068696e-01
    6.36076927e-01 7.20864296e-01 4.35517639e-01 9.37711954e-01
    2.35832274e-01 5.22051156e-02 6.62210882e-01 7.36317694e-01
    5.55107832e-01 2.96745002e-01 7.09073067e-01 7.50221372e-01
    7.74598718e-02 9.24703479e-01 3.12674046e-02 8.59438777e-01
    1.79510295e-01 4.85581726e-01 7.38279164e-01 4.74534363e-01
    3.95922184e-01 1.97665513e-01 5.99874139e-01 2.00113147e-01
    3.90086114e-01 4.57712084e-01 8.06158364e-01 1.67757332e-01
    7.68185496e-01 7.49029517e-01 9.95596051e-01 8.04610610e-01
    3.72790813e-01 4.05768633e-01 4.77272749e-01 9.97749686e-01
    7.72777200e-03 2.12808877e-01 7.58502364e-01 2.48401970e-01
    3.82819176e-01 7.23718226e-01 3.42694163e-01 2.00536132e-01
    6.32730126e-01 8.04579735e-01 8.82672191e-01 6.82257414e-02
    6.20847702e-01 5.78070581e-02 5.23426056e-01 4.93542105e-01
    3.18636596e-02 5.34496009e-02 8.14163387e-01 3.47361118e-01
    1.43423200e-01 3.35782439e-01 7.03055382e-01 9.29813862e-01
    4.04173434e-01 9.41759109e-01 2.14571446e-01 7.41449177e-01
    2.57542729e-01 4.70488787e-01 1.14740729e-01 5.15455008e-03
    1.50620461e-01 5.16250491e-01 4.80269194e-02 5.31195164e-01
    3.97951782e-01 2.66280949e-01 6.97402358e-02 3.26859325e-01
    7.47779667e-01 9.35446620e-01 6.37663722e-01 6.94778621e-01
    7.90273547e-01 2.98747838e-01 5.95128953e-01 9.18348730e-01
    6.47271276e-01 7.53958344e-01 8.58488262e-01 1.15948081e-01
    6.56287193e-01 6.22207582e-01 9.15056705e-01 2.04311520e-01
    9.12279367e-01 5.48813343e-01 8.43434095e-01 2.21601248e-01
    5.72158694e-01 9.14264679e-01 8.89471650e-01 6.53209984e-01
    1.76531017e-01 5.45395374e-01 1.38343662e-01 7.51730919e-01
    4.27952439e-01 8.07244778e-02 4.85955596e-01 6.83401704e-01
    5.07498980e-01 1.10920578e-01 8.79334688e-01 2.68296212e-01
    7.91245461e-01 7.54382193e-01 5.39327085e-01 5.29629409e-01
    2.33350784e-01 5.47558010e-01 4.11162734e-01 7.96655178e-01
    2.16155589e-01 3.23063314e-01 6.72748685e-03 1.89442635e-01
    1.40550286e-01 3.53403270e-01 3.89997035e-01 5.31791031e-01
    3.99806350e-01 3.84677351e-02 3.63599956e-02 2.44547248e-01
    7.28926659e-01 3.07302952e-01 4.62804794e-01 1.34491324e-01
    7.43352592e-01 4.74666655e-02 7.51934052e-01 2.42124677e-01
    1.60262674e-01 8.58647227e-01 8.11827600e-01 9.52474833e-01 0. 0. 0.
    0. 0. 0. 0. 0. 0. 0. 0. 0. 0. 0. 0. 0. 0. 0. 5.19229233e-01
    8.85118604e-01 3.32323313e-01 2.13836998e-01 6.76883221e-01
    6.39696300e-01 2.98216343e-01 9.79587436e-01 5.67742825e-01
    3.47514868e-01 6.02810800e-01 6.86018765e-01 4.26715672e-01
    9.15133476e-01 7.75850832e-01 3.68653953e-01 8.19902420e-02
    9.91473377e-01 7.95870543e-01 6.36889815e-01 3.57059836e-01
    5.72701931e-01 7.19286323e-01 4.94170636e-01 9.70332026e-02
    8.32907081e-01 9.80519474e-01 2.49158889e-01 1.46225661e-01
    3.09210777e-01 2.66453743e-01 7.60868490e-01 4.11527216e-01
    4.39649165e-01 7.42036939e-01 9.90583777e-01 4.45948839e-01
    4.11680639e-02 4.51356173e-04 2.85931379e-01 9.98005867e-01
    5.40461540e-01 8.83434832e-01 3.08652848e-01 1.85539663e-01
    8.01899254e-01 4.08094078e-01 4.77240086e-02 3.09855551e-01
    6.08709335e-01 3.08515489e-01 2.54259169e-01 7.70967364e-01
    4.79858667e-01 9.93502855e-01 2.45908946e-01 2.56441265e-01
    1.91618115e-01 4.11530614e-01 7.30578721e-01 1.85330629e-01
    7.10755885e-02 9.50744569e-01 7.11617351e-01 8.34369659e-01
    8.52910161e-01 4.11601901e-01 5.04713178e-01 3.45673025e-01
    5.71172059e-01 4.93479013e-01 2.62855709e-01 1.76929235e-01
    4.13637578e-01 7.27574825e-01 4.62320447e-03 6.51454270e-01
    6.27003908e-01 1.11010671e-02 8.71982217e-01 1.15181655e-01
    2.33255804e-01 4.04114902e-01 3.93434376e-01 1.95617586e-01
    4.72207785e-01 8.00218225e-01 3.02859247e-01 8.18252861e-02
    4.68947738e-01 7.26271510e-01 2.00613409e-01 1.14710897e-01
    4.22822058e-01 7.82698274e-01 2.67910600e-01 6.14727139e-02
    9.14207458e-01 1.47057265e-01 6.00508928e-01 2.06496179e-01
    6.14500761e-01 4.65600014e-01 7.80433178e-01 9.80141163e-02
    2.48256862e-01 9.77657199e-01 8.34470510e-01 3.90939146e-01
    8.24082196e-01 3.42501223e-01 2.55495042e-01 9.51459408e-01
    4.79380339e-01 2.31527478e-01 3.23481321e-01 5.96392751e-01
    3.62669170e-01 1.76544517e-01 7.36326277e-02 1.36043012e-01
    7.80857265e-01 6.41856551e-01 5.57142138e-01 3.57651532e-01
    1.37425452e-01 7.01029062e-01 1.87313348e-01 1.02805763e-01
    5.48151195e-01 1.13412201e-01 2.44324923e-01 9.63908732e-01
    5.45114875e-02 8.95311117e-01 8.56385231e-01 2.44586706e-01
    4.08991814e-01 8.13636184e-02 2.03846246e-01 9.96639013e-01
    5.08248389e-01 8.87026012e-01 4.75290924e-01 1.49073392e-01
    2.31835604e-01 1.47795707e-01 3.33694637e-01 5.40642977e-01
    3.96061838e-02 3.07989895e-01 5.02827346e-01 4.86992925e-01
    3.76599133e-01 4.12720770e-01 4.76927340e-01 8.61167312e-01
    9.73996401e-01 7.84746110e-01 4.97010320e-01 9.18366551e-01
    2.52898097e-01 2.74000943e-01 8.77714157e-01 6.37473345e-01
    3.35626334e-01 2.49160409e-01 2.27796763e-01 8.64119589e-01
    1.91106915e-01 9.02006984e-01 2.25556940e-01 1.49191618e-01
    4.47893202e-01 6.20069802e-01 1.15260512e-01 4.79493827e-01
    7.98605323e-01 6.96249008e-01 3.21892172e-01 1.35562986e-01
    9.63950992e-01 1.31003559e-02 9.19555426e-02 6.60414219e-01
    7.67466545e-01 6.19004607e-01 1.16083771e-01 1.55991226e-01
    1.97773904e-01 7.27688313e-01 1.42300189e-01 5.20194829e-01
    2.68311679e-01 1.53383344e-01 3.09934318e-01 1.04164213e-01
    1.28716528e-02 2.89466560e-01 4.63932335e-01 5.83365262e-02
    7.84275711e-01 5.40301204e-01 1.35629028e-01 9.17728245e-01
    3.62111241e-01 6.30449355e-01 5.24002016e-02 9.71407413e-01
    2.77429789e-01 3.30702633e-01 8.81459355e-01 4.32360202e-01
    2.00763732e-01 5.93588293e-01 2.14023322e-01 3.98938179e-01
    4.51499969e-01 5.05999744e-01 8.17762017e-01 1.13728702e-01
    9.23412323e-01 9.03238416e-01 9.10532415e-01 5.35347164e-01
    5.64921498e-02 5.13216555e-01 1.90403789e-01 5.67280054e-01
    2.99739420e-01 9.60400224e-01 2.43604928e-01 9.01624322e-01
    8.67901087e-01 9.48557556e-01 5.75541675e-01 5.54024279e-02
    3.82624865e-01 5.27405977e-01 1.60537153e-01 8.29456449e-02
    6.81947827e-01 9.94607508e-01 6.06876373e-01 8.34587872e-01
    2.00167984e-01 2.62179136e-01 1.74444258e-01 7.58602977e-01
    5.29104233e-01 3.75338227e-01 9.49877679e-01 9.62504983e-01
    7.61540532e-01 5.57945013e-01 1.93123072e-01 0. 0. 0. 0. 0. 0. 0. 0.
    0. 0. 0. 0. 0. 0. 0. 0. 0. 0. 6.93006396e-01 2.26548433e-01
    3.35649997e-01 7.56842494e-01 5.20002961e-01 3.38339508e-02
    4.55296576e-01 1.45638257e-01 1.81135535e-01 9.04898763e-01
    5.00443578e-02 6.55265093e-01 6.86901927e-01 9.04583097e-01
    9.83667254e-01 2.79033184e-01 5.86409390e-01 2.22305089e-01
    3.48524958e-01 2.44159549e-01 8.18914533e-01 1.25484407e-01
    1.63120121e-01 3.83862436e-01 4.41126764e-01 1.15534097e-01
    5.41554868e-01 1.21465415e-01 2.38426447e-01 8.92750323e-01
    8.19843709e-01 1.24496937e-01 9.09514308e-01 8.07829380e-01
    9.26443040e-02 8.74529004e-01 2.82541037e-01 1.19017363e-02
    9.16285634e-01 2.45151639e-01 4.17693704e-01 5.26997387e-01
    8.32218170e-01 1.23018861e-01 8.14230978e-01 9.55257297e-01
    4.25230742e-01 5.91025293e-01 9.62570190e-01 2.01751888e-02
    5.07520258e-01 1.67582750e-01 6.19483292e-02 3.07532340e-01
    3.29392612e-01 7.63154626e-02 6.53350055e-01 2.29387164e-01
    3.68587375e-01 3.43392640e-01 1.43078327e-01 8.42349529e-01
    3.51630121e-01 2.24490732e-01 2.14916795e-01 6.40128553e-01
    9.92922544e-01 1.42666131e-01 4.91841435e-01 4.80260819e-01
    7.08548307e-01 1.53933167e-02 9.63737488e-01 8.88071716e-01
    3.84373248e-01 9.38323736e-01 2.55649984e-02 6.23325706e-01
    4.91059601e-01 5.68268895e-01 1.44364029e-01 7.48789907e-01
    6.90933526e-01 1.74880356e-01 3.51481497e-01 6.31164432e-01
    5.00309348e-01 1.50540888e-01 5.01044691e-02 1.47499293e-01
    3.05166066e-01 5.90051532e-01 8.13321948e-01 8.84651303e-01
    5.76272130e-01 7.85968065e-01 4.72721130e-01 5.66966593e-01
    9.03515100e-01 9.41791177e-01 2.48048931e-01 7.84363329e-01
    3.08556885e-01 2.94058830e-01 5.37182689e-01 8.78914893e-01
    4.39151049e-01 8.03641081e-02 4.17959720e-01 3.35980058e-01
    2.66937017e-01 9.73511338e-02 9.12149549e-01 1.88419342e-01
    1.36494517e-01 4.98450935e-01 3.84967029e-01 5.01999140e-01
    6.62668049e-01 4.84277934e-01 3.07087392e-01 6.41073465e-01
    6.10026121e-02 2.00219452e-02 6.16259694e-01 2.91024476e-01
    6.40150964e-01 6.52720928e-01 8.49484921e-01 3.10574114e-01
    9.32282686e-01 2.30497122e-03 8.38858962e-01 5.45793056e-01
    4.37555164e-01 4.41863835e-01 1.10510230e-01 5.42023242e-01
    6.82950914e-02 6.52773440e-01 2.26281226e-01 4.06419635e-02
    5.45132220e-01 2.85553813e-01 7.68370509e-01 6.72671735e-01
    3.08759511e-02 4.08190548e-01 7.75474191e-01 6.27346337e-01
    1.36703432e-01 8.10443044e-01 7.25479364e-01 4.47993577e-02
    1.86899602e-02 1.00490957e-01 1.85520887e-01 8.46071243e-01
    4.53198344e-01 8.92670333e-01 7.66935050e-02 6.62347317e-01
    1.97392672e-01 7.77605772e-01 2.12502003e-01 7.42915869e-02
    1.42320246e-01 2.39591599e-02 6.07887447e-01 7.43829370e-01
    4.30426419e-01 2.27356881e-01 8.65324378e-01 1.50992572e-01
    5.43187737e-01 1.07526630e-01 3.41724396e-01 7.68712759e-01
    6.89507902e-01 9.64111984e-02 7.77311087e-01 5.24988472e-01
    8.28589797e-02 5.62164247e-01 5.04803598e-01 9.26044941e-01
    2.00462848e-01 5.85077167e-01 2.30343252e-01 7.07681656e-01
    3.26294303e-01 8.91629934e-01 3.12443852e-01 2.44081199e-01
    5.18509746e-01 9.29996610e-01 8.95514369e-01 8.28316748e-01
    2.84668475e-01 9.10171628e-01 9.04650092e-02 1.89741790e-01
    6.48917079e-01 3.08081985e-01 6.44027174e-01 6.12593532e-01
    6.61444902e-01 6.09808087e-01 4.54313695e-01 1.24908656e-01
    8.26459646e-01 8.19287539e-01 6.59610093e-01 7.59625793e-01
    5.07120967e-01 2.48871148e-02 8.31175089e-01 3.38562131e-01
    2.47216195e-01 9.11755085e-01 7.80271053e-01 4.98724490e-01
    5.73937118e-01 1.27124399e-01 4.39755499e-01 6.78030968e-01
    8.02570939e-01 2.15647519e-02 1.61286473e-01 8.75733614e-01
    9.89893138e-01 2.14862823e-03 1.60378218e-03 2.32533306e-01
    6.77834034e-01 4.20628250e-01 6.47940874e-01 8.95782888e-01
    4.99699712e-01 2.53510177e-02 7.49729991e-01 5.87067902e-01
    3.76319885e-03 6.74113333e-02 4.37738180e-01 9.46857333e-01
    6.84994340e-01 8.69626522e-01 5.88744938e-01 8.27544391e-01
    6.14889205e-01 2.57167220e-01 7.71588802e-01 3.44498783e-01
    3.43907654e-01 2.75880694e-01 0. 0. 0. 0. 0. 0. 0. 0. 0. 0. 0. 0. 0.
    0. 0. 0. 0. 0. 8.35867345e-01 1.51099741e-01 8.88045192e-01
    1.35582387e-01 8.06883454e-01 4.85271335e-01 3.46407890e-02
    3.05934489e-01 7.53912747e-01 1.12360269e-01 5.27044535e-01
    5.40401995e-01 7.04645157e-01 5.18436134e-01 4.66688186e-01
    7.23281085e-01 1.54087335e-01 1.52815729e-01 8.33117127e-01
    7.77025521e-02 4.91434336e-01 6.09791994e-01 9.81868804e-01
    9.80245829e-01 6.36538625e-01 6.19111776e-01 7.56887317e-01
    1.10939473e-01 3.09117138e-01 3.98251742e-01 6.98293328e-01
    9.26733971e-01 9.51783359e-02 8.49061131e-01 6.00766182e-01
    3.06009531e-01 7.93948650e-01 8.09988856e-01 5.86703420e-01
    2.02094972e-01 8.83539021e-02 7.05945849e-01 1.31280899e-01
    1.17049605e-01 6.92212105e-01 5.41920960e-02 2.23277509e-02
    9.05611396e-01 4.09096003e-01 8.10400128e-01 8.04228067e-01
    9.44734812e-01 7.60296941e-01 6.62780643e-01 4.29584235e-01
    6.93028569e-02 1.05065912e-01 6.07353032e-01 1.10042095e-02
    4.02004600e-01 5.40385902e-01 7.32722282e-01 8.65112901e-01
    7.42286503e-01 6.39296234e-01 3.45589936e-01 5.85034192e-02
    4.47279215e-01 4.06277657e-01 4.30362821e-01 3.43470424e-01
    7.21808016e-01 9.08499599e-01 6.42629504e-01 3.15953285e-01
    3.75840068e-02 9.02584493e-01 1.21200323e-01 3.93715352e-01
    6.76838994e-01 5.17205179e-01 4.45049644e-01 7.29748249e-01
    8.84934783e-01 7.81724751e-02 1.74711376e-01 5.85217953e-01
    3.18843365e-01 7.27707922e-01 5.41376114e-01 5.68427324e-01
    8.43299985e-01 4.94844437e-01 2.05062330e-01 4.00182962e-01
    2.75513202e-01 8.87675524e-01 7.02412188e-01 8.88907969e-01
    8.46940160e-01 7.85325170e-02 4.32939708e-01 9.42464232e-01
    2.90088624e-01 5.53833544e-01 1.63372099e-01 1.84505224e-01
    9.30404305e-01 5.52318692e-01 6.34876192e-01 8.26734006e-01
    1.05239451e-02 4.17931736e-01 3.20551157e-01 5.80252409e-01
    1.71449274e-01 1.11879885e-01 5.11126041e-01 9.66856718e-01
    5.81573844e-02 9.52442884e-02 4.97157782e-01 2.49057978e-01
    8.47022951e-01 4.45261717e-01 9.96429443e-01 6.42474174e-01
    7.20055044e-01 8.03283095e-01 3.57607037e-01 9.32013750e-01
    1.58469886e-01 6.71128154e-01 6.41602159e-01 4.29142386e-01
    2.81942070e-01 3.36464256e-01 3.11050832e-01 5.38390458e-01
    9.60068583e-01 7.74721384e-01 5.78606725e-02 6.03950977e-01
    2.31538862e-01 4.31996673e-01 6.09532773e-01 6.93885624e-01
    3.55367541e-01 6.26436770e-01 7.62727618e-01 9.88137484e-01
    1.71475410e-01 5.67383230e-01 6.40647054e-01 6.76278532e-01
    7.07523346e-01 9.07287896e-01 9.56995487e-02 1.18304789e-02
    4.82438475e-01 5.51745594e-01 4.18160766e-01 1.77285075e-01
    7.65887558e-01 3.60819131e-01 6.00590229e-01 2.05520689e-01
    6.45481884e-01 4.98708814e-01 5.04152596e-01 3.76331568e-01
    8.20816755e-02 8.26940060e-01 5.37021697e-01 3.52653563e-02
    1.29021436e-01 3.51141572e-01 5.24519384e-01 9.89564300e-01
    3.47751856e-01 1.26478076e-01 1.65223032e-01 8.91371369e-01
    4.72537458e-01 8.55503738e-01 1.28573716e-01 4.73817050e-01
    1.23846233e-01 8.34612072e-01 7.15627015e-01 2.64584422e-01
    8.90495300e-01 1.78913206e-01 8.29453528e-01 3.36977422e-01
    5.06757736e-01 1.37672186e-01 1.38152421e-01 2.19984353e-01
    6.24460936e-01 5.04547000e-01 8.39771092e-01 5.58253407e-01
    6.83246613e-01 6.14984691e-01 6.89546585e-01 5.87070704e-01
    3.11626256e-01 2.80214518e-01 8.85101199e-01 8.92748356e-01
    7.59828329e-01 8.21661115e-01 6.62732720e-01 8.37320805e-01
    5.26754081e-01 9.10010099e-01 4.96790230e-01 7.29552448e-01
    7.03659654e-03 3.60148758e-01 4.14390624e-01 9.95642304e-01
    7.47365236e-01 8.36568952e-01 3.46724212e-01 5.35033941e-01
    9.78927791e-01 2.20785469e-01 7.07433760e-01 3.13988626e-01
    6.99616432e-01 5.73737860e-01 4.53392744e-01 1.91513240e-01
    1.52223796e-01 3.58064771e-01 2.05631495e-01 2.53023148e-01
    4.18790698e-01 8.83726001e-01 7.67083168e-02 9.33274627e-02
    6.32954836e-01 6.20907128e-01 3.16839695e-01 4.55470562e-01
    7.55010903e-01 4.10840213e-02 1.78487539e-01 6.13099933e-01
    4.54958379e-02 6.89218640e-01 5.85162103e-01 1.16080165e-01
    6.88831210e-01 0. 0. 0. 0. 0. 0. 0. 0. 0. 0. 0. 0. 0. 0. 0. 0. 0. 0.
    2.21328884e-01 7.48414516e-01 2.27023959e-01 7.21902549e-01
    4.96387959e-01 2.18962371e-01 2.03319728e-01 5.47540963e-01
    1.70005322e-01 8.94447267e-02 1.79749727e-03 7.60112882e-01
    2.99683511e-01 7.42521286e-01 8.60525489e-01 3.55718136e-01
    1.09592885e-01 5.43508410e-01 8.50323498e-01 5.18678963e-01
    1.67554706e-01 7.86612034e-01 5.16926050e-02 4.39558595e-01
    8.84807944e-01 7.70267904e-01 1.13256156e-01 4.72176254e-01
    6.77426100e-01 8.95883083e-01 9.94502485e-01 6.86464429e-01
    1.47542208e-01 2.56393015e-01 3.88132751e-01 4.28299099e-01
    9.80317116e-01 5.67714989e-01 5.96907735e-01 4.50169057e-01
    2.31516153e-01 4.91805553e-01 6.31365240e-01 7.85228729e-01
    7.16666818e-01 7.75511801e-01 7.39252150e-01 2.64140218e-01
    8.49374175e-01 7.36994445e-01 3.13262999e-01 9.31849778e-01
    1.21010542e-02 4.78376240e-01 8.62524152e-01 2.13256627e-01
    7.76947856e-01 6.15839601e-01 5.74119806e-01 1.17627978e-01
    2.40954429e-01 2.54295379e-01 5.79711080e-01 4.78692710e-01
    6.79172516e-01 9.39690351e-01 3.38203371e-01 8.66739988e-01
    4.22186822e-01 6.31744146e-01 3.76423299e-01 2.08618879e-01
    9.28901911e-01 1.71712041e-01 9.86849666e-01 1.78569257e-01
    6.64858699e-01 6.67173326e-01 3.85726720e-01 8.18871975e-01
    7.46031642e-01 9.93233204e-01 4.62957054e-01 2.13683933e-01
    5.60999393e-01 4.80508268e-01 6.18116260e-01 8.96793246e-01
    5.58654964e-01 6.10936642e-01 3.54984134e-01 8.88288260e-01
    3.43564570e-01 8.61562610e-01 5.69987893e-02 7.74593592e-01
    1.89377367e-02 4.04857278e-01 1.94972754e-01 5.57646632e-01
    1.02969170e-01 5.02301455e-01 3.64065081e-01 5.97262502e-01
    9.09645259e-02 9.08108950e-01 7.58596659e-02 5.05744517e-02
    7.44401395e-01 5.82148969e-01 3.33522916e-01 4.32909846e-01
    8.65763962e-01 2.53913879e-01 3.28112483e-01 3.92155707e-01
    5.27126193e-01 1.58089399e-03 4.80944991e-01 1.84373736e-01
    2.34452218e-01 6.73976779e-01 2.21543640e-01 9.47554946e-01
    1.06753051e-01 3.15259755e-01 6.90712750e-01 6.53295457e-01
    9.00569916e-01 7.65265346e-01 8.27430964e-01 4.99625921e-01
    7.88182139e-01 5.11181295e-01 4.87596482e-01 2.62638032e-02
    4.69596744e-01 1.73976392e-01 2.61422843e-01 7.78829634e-01
    1.93278134e-01 6.88795805e-01 6.15854621e-01 5.79589486e-01
    3.79389942e-01 4.32678759e-02 3.28071982e-01 9.37316120e-02
    6.71998978e-01 7.54269242e-01 3.04464877e-01 3.54292661e-01
    4.60331261e-01 7.30051041e-01 3.07686985e-01 9.35441732e-01
    6.69703484e-01 2.30656654e-01 5.13624907e-01 5.83125234e-01
    4.22835380e-01 8.19567800e-01 8.72156620e-01 8.42867374e-01
    1.55052722e-01 1.18090361e-01 2.57827044e-02 2.64300168e-01
    1.20244801e-01 5.42682171e-01 4.07862276e-01 9.83110130e-01
    8.29415500e-01 3.58167827e-01 3.96597207e-01 5.13892651e-01
    4.21073139e-02 6.73980474e-01 2.92343855e-01 6.47368491e-01
    1.88897252e-02 1.87170804e-02 4.01179194e-01 4.10798013e-01
    2.56425381e-01 6.99236751e-01 9.13561106e-01 7.07639992e-01
    4.88324106e-01 5.51569641e-01 4.32774633e-01 3.86677533e-01
    8.10618639e-01 9.32263970e-01 3.14620495e-01 8.06831598e-01
    4.26935166e-01 4.82195318e-02 7.32114553e-01 1.41394228e-01
    2.64115542e-01 5.79468369e-01 6.95035219e-01 2.44586021e-01
    3.73452365e-01 6.05053902e-02 9.68667984e-01 5.38734436e-01
    2.87107766e-01 4.64247823e-01 9.03015852e-01 7.52908111e-01
    6.80611134e-02 2.17756003e-01 5.09050131e-01 6.96412385e-01
    3.65595579e-01 6.60678267e-01 3.92764807e-02 4.33458507e-01
    6.34063363e-01 9.38849449e-01 9.29512262e-01 3.88304621e-01
    6.84557378e-01 9.53616738e-01 7.72163868e-01 6.08407855e-01
    3.99184287e-01 7.43833482e-02 9.66104388e-01 3.10202420e-01
    3.14580202e-01 3.66337001e-02 5.14302909e-01 5.34735322e-01
    3.75666916e-02 8.51719975e-01 3.76790404e-01 2.38555282e-01
    7.92719603e-01 4.57943141e-01 3.79181206e-02 3.82252991e-01
    9.14379001e-01 9.42749202e-01 6.17525220e-01 6.05660021e-01
    7.18850493e-01 9.47769761e-01 5.90565443e-01 1.37073576e-01
    6.78372979e-02 4.98525709e-01 4.83241439e-01 4.50971603e-01 0. 0. 0.
    0. 0. 0. 0. 0. 0. 0. 0. 0. 0. 0. 0. 0. 0. 0. 5.82566857e-02
    8.92207921e-01 7.75052071e-01 9.22397256e-01 6.84554338e-01
    7.54169583e-01 5.64734578e-01 1.44891024e-01 5.22047579e-01
    7.30740428e-01 5.01687229e-01 2.81850398e-01 9.52432096e-01
    7.16138482e-01 2.60083616e-01 2.93883622e-01 1.08285546e-01
    9.42181110e-01 6.45039678e-01 8.08525920e-01 2.22675145e-01
    5.76417387e-01 4.39548939e-01 3.80400717e-02 8.59755576e-02
    3.11338991e-01 8.56503665e-01 5.81654906e-03 8.03629041e-01
    6.75376415e-01 8.17981005e-01 1.60986423e-01 5.68026006e-01
    5.89783430e-01 4.64218616e-01 9.29989994e-01 4.77843791e-01
    5.05113423e-01 9.26510572e-01 2.15542525e-01 1.61680907e-01
    2.54586577e-01 7.23326325e-01 1.22172594e-01 2.14662731e-01
    3.96617919e-01 1.43578231e-01 3.12548399e-01 5.16300976e-01
    8.63220692e-01 3.92982364e-03 5.14884353e-01 4.06277686e-01
    5.28874815e-01 5.47925711e-01 6.84242070e-01 5.82296669e-01
    8.25538933e-02 7.35574484e-01 6.37632012e-01 3.84112239e-01
    4.01702762e-01 5.75068951e-01 7.76240230e-02 8.69575918e-01
    2.67008066e-01 5.17645538e-01 4.44635779e-01 5.14707685e-01
    7.20538616e-01 4.35239315e-01 1.10067993e-01 9.76978838e-01
    1.04694128e-01 1.42414004e-01 8.36877227e-01 7.08759606e-01
    1.83384538e-01 8.98518085e-01 3.96842808e-01 2.94142693e-01
    6.99486732e-01 1.90713435e-01 6.62700236e-01 4.03240263e-01
    5.75850904e-02 7.14035571e-01 1.26716346e-01 9.56537724e-01
    8.40705335e-01 5.63119888e-01 1.84310257e-01 4.92382854e-01
    8.53669167e-01 9.36874866e-01 9.69673514e-01 6.37761593e-01
    4.80359375e-01 2.96479583e-01 7.78460860e-01 9.31954086e-01
    3.78225923e-01 4.53335822e-01 7.52494454e-01 6.18930519e-01
    5.06949782e-01 8.57838035e-01 5.72814822e-01 1.70708954e-01
    5.45488536e-01 9.89849567e-01 4.66687500e-01 1.51264876e-01
    5.81505060e-01 7.95057356e-01 8.63958716e-01 2.40734726e-01
    5.47714353e-01 5.81985712e-01 6.21682525e-01 9.67410445e-01
    4.49123502e-01 7.12809741e-01 2.04014182e-02 5.05549848e-01
    2.07559884e-01 8.76614451e-03 6.38217390e-01 8.30309808e-01
    3.59173357e-01 8.87587726e-01 9.73246634e-01 8.26107085e-01
    2.40925193e-01 8.85428011e-01 8.05121183e-01 7.97192931e-01
    4.86849457e-01 7.07847536e-01 9.00580287e-01 1.45695329e-01
    4.82042551e-01 1.16982877e-01 8.08309317e-01 9.12826657e-01
    3.41827393e-01 1.05508387e-01 5.79394400e-02 8.63474131e-01
    4.98899549e-01 6.89377308e-01 5.46938717e-01 8.40097785e-01
    5.39816320e-01 2.85418779e-01 1.18328333e-01 3.48963499e-01
    2.28645116e-01 1.81613714e-01 1.22352213e-01 8.15969586e-01
    6.19085312e-01 9.90272641e-01 8.59747767e-01 4.20405805e-01
    8.21841955e-01 9.28446174e-01 8.23727369e-01 6.93677664e-01
    3.38909417e-01 2.39127666e-01 2.35934168e-01 7.46313930e-01
    6.01211309e-01 6.54707491e-01 1.50800318e-01 3.54684174e-01
    6.72254086e-01 1.75858945e-01 6.62448287e-01 1.89941853e-01
    8.03787708e-01 7.65030622e-01 9.37100172e-01 3.15683722e-01
    7.72607982e-01 7.42982090e-01 2.21346796e-01 2.36500740e-01
    7.63372123e-01 5.09602726e-01 7.98090696e-01 2.04324841e-01
    3.81495506e-01 1.47107273e-01 4.29483652e-01 1.04137361e-02
    8.16116810e-01 9.34673846e-02 9.96974170e-01 7.12216139e-01
    7.84305334e-02 2.56522149e-01 6.05191410e-01 2.78949738e-05
    1.17736548e-01 2.74070054e-01 9.35452342e-01 9.78658915e-01
    4.77371991e-01 3.02088082e-01 6.49379790e-01 8.77874255e-01
    3.67912591e-01 8.94314051e-01 9.82159257e-01 2.92065024e-01
    3.78305793e-01 3.20651114e-01 9.86666441e-01 6.72528028e-01
    9.67499137e-01 6.58734679e-01 7.79446006e-01 8.14576149e-01
    6.87483668e-01 6.53924644e-01 8.84667397e-01 2.80385226e-01
    4.91231620e-01 1.87039495e-01 7.63537049e-01 5.24682879e-01
    9.33286965e-01 4.97677654e-01 6.01580739e-03 2.59636760e-01
    5.25484979e-01 1.28893822e-01 9.75492835e-01 2.08676547e-01
    7.04909086e-01 8.31805348e-01 2.92030990e-01 4.86675769e-01
    7.87960291e-01 9.72169220e-01 9.91845489e-01 4.26613361e-01
    4.43570316e-02 6.75711811e-01 1.74485326e-01 6.06684804e-01
    4.20640260e-01 4.10113573e-01 2.38114566e-01 0. 0. 0. 0. 0. 0. 0. 0.
    0. 0. 0. 0. 0. 0. 0. 0. 0. 0. 1.56380653e-01 4.24878895e-02
    9.82175946e-01 3.69462490e-01 5.29961467e-01 1.71733081e-01
    3.41582298e-02 3.06949615e-02 5.10570705e-01 3.14718366e-01
    3.58939111e-01 3.92276853e-01 2.38739997e-01 4.39690799e-01
    6.77297235e-01 1.77715331e-01 1.42980993e-01 3.11829031e-01
    5.36782205e-01 9.61827219e-01 7.80311882e-01 4.02257144e-02
    8.43591332e-01 6.50683045e-03 6.68282270e-01 7.08916545e-01
    6.02380931e-01 4.92492676e-01 5.00176847e-01 8.63441646e-01
    7.71726489e-01 4.74590600e-01 9.52126026e-01 6.91799581e-01
    5.56741893e-01 5.55034161e-01 7.76034176e-01 2.59326875e-01
    8.51499081e-01 9.38883305e-01 2.98798740e-01 1.92543834e-01
    6.52326345e-02 2.21973091e-01 3.51026475e-01 4.57848102e-01
    9.24613357e-01 5.97468495e-01 3.25014591e-01 7.67364204e-01
    7.60355115e-01 9.43252206e-01 5.55572331e-01 9.59779620e-01
    5.84871531e-01 6.38684154e-01 2.96617717e-01 9.98762608e-01
    3.24503601e-01 9.84221339e-01 3.64108503e-01 2.31491178e-01
    2.52638459e-02 7.00491309e-01 6.07831359e-01 4.64166641e-01
    5.80383301e-01 7.45722115e-01 5.85316062e-01 9.76762533e-01
    5.52886248e-01 3.40696454e-01 7.90688336e-01 9.75110888e-01
    7.69173026e-01 8.82631958e-01 4.72782552e-02 3.30164433e-01
    5.14891386e-01 9.98581111e-01 8.24646831e-01 4.02738184e-01
    7.57793009e-01 9.86701846e-01 7.82587826e-02 2.91247964e-01
    2.40049899e-01 8.61875176e-01 7.59787083e-01 2.68725276e-01
    9.06917453e-01 1.70721799e-01 6.21352315e-01 1.35909140e-01
    6.46146178e-01 1.68914288e-01 9.30911362e-01 7.61233091e-01
    9.60940480e-01 9.84540105e-01 9.26362038e-01 9.78646755e-01
    5.01566291e-01 4.68890697e-01 5.09127557e-01 9.40183103e-01
    6.09423459e-01 4.12953347e-01 3.41135919e-01 5.19621491e-01
    9.00370538e-01 6.52524829e-02 1.16552740e-01 9.87529397e-01
    5.30411601e-02 7.25030303e-01 4.60842341e-01 6.63536608e-01
    3.62237692e-01 1.02517992e-01 7.64858603e-01 1.54327005e-01
    5.38822293e-01 6.17225766e-01 2.76230156e-01 8.36436749e-01
    9.50499177e-02 4.48012650e-01 1.01030588e-01 6.25178695e-01
    7.91486502e-02 1.65338814e-01 8.19457650e-01 5.33672810e-01
    5.57636499e-01 9.83093381e-02 2.45925486e-02 9.21746790e-01
    8.41821551e-01 7.02132523e-01 2.27114856e-02 9.85593796e-02
    4.20679152e-01 6.61980629e-01 8.35907936e-01 5.09697199e-02
    9.86570358e-01 1.82962984e-01 3.77472639e-01 3.73664886e-01
    1.15723073e-01 1.42284155e-01 8.96398783e-01 2.70544350e-01
    6.00837171e-02 1.85539663e-01 4.68673438e-01 3.49458694e-01
    2.76095569e-01 5.15715420e-01 8.12929511e-01 3.66150379e-01
    2.71178782e-02 4.17940021e-02 3.11711431e-02 8.47365141e-01
    7.01797545e-01 3.97996724e-01 6.12389624e-01 3.09717059e-01
    2.40480572e-01 4.65611160e-01 3.26191723e-01 6.49874449e-01
    4.37076598e-01 5.21852195e-01 9.37372446e-04 1.78530693e-01
    7.20369041e-01 8.25195789e-01 4.21272039e-01 7.16502130e-01
    2.89387405e-01 8.41667295e-01 8.31024945e-01 5.03210902e-01
    5.10503888e-01 5.11253893e-01 2.50742942e-01 9.19620275e-01
    4.11495328e-01 5.48895717e-01 9.69756246e-02 3.05901319e-01
    7.20036149e-01 8.05099368e-01 7.43518114e-01 6.62822723e-01
    5.85813165e-01 7.58766234e-02 3.94966781e-01 2.54573405e-01
    1.96563840e-01 9.80216146e-01 1.77404612e-01 7.62218595e-01
    5.87007940e-01 5.92834771e-01 2.52735615e-03 9.00527954e-01
    2.12648749e-01 1.61647141e-01 4.41327095e-02 6.79946184e-01
    7.32910931e-01 7.94635057e-01 9.76625979e-02 5.85778177e-01
    1.22482598e-01 6.00160360e-01 8.83992136e-01 4.12411869e-01
    2.87630558e-02 6.88906670e-01 5.49320161e-01 2.87737310e-01
    4.07623947e-01 4.94863987e-02 7.05686569e-01 4.37282383e-01
    9.15976703e-01 3.23114425e-01 2.81163156e-01 7.44596660e-01
    4.73095775e-01 8.94573629e-02 6.98449612e-01 5.74299097e-01
    4.80670512e-01 9.42838371e-01 8.27295184e-01 3.91456753e-01
    3.20810437e-01 7.88263798e-01 2.49749631e-01 5.48652530e-01
    5.90734959e-01 5.73837399e-01 1.51597738e-01 1.02232993e-01
    6.67734504e-01 7.64343262e-01 6.98578000e-01 4.46710020e-01
    3.42315674e-01 2.46037215e-01 0. 0. 0. 0. 0. 0. 0. 0. 0. 0. 0. 0. 0.
    0. 0. 0. 0. 0. 7.71847069e-02 2.75944948e-01 9.78564084e-01
    8.40389132e-02 3.16033691e-01 6.67090297e-01 7.36731827e-01
    1.29120469e-01 2.13033915e-01 6.17920339e-01 5.74191213e-01
    8.10960710e-01 6.92369640e-01 8.74470055e-01 2.84953564e-01
    3.69943798e-01 6.85910285e-01 1.94465101e-01 8.28613400e-01
    7.24789500e-01 4.31283772e-01 5.48750818e-01 7.62529492e-01
    3.93378824e-01 5.64038217e-01 6.27855182e-01 8.59068871e-01
    6.70565665e-02 2.19556332e-01 9.58498001e-01 5.54533899e-01
    4.74723965e-01 3.34998965e-01 5.02644718e-01 3.36760283e-01
    9.52306509e-01 3.69885445e-01 5.65734208e-01 5.64439833e-01
    6.12830758e-01 9.00619030e-01 1.16579413e-01 5.57307601e-02
    1.42062545e-01 9.08512652e-01 5.48190236e-01 1.08259171e-01
    2.59527802e-01 6.99258208e-01 9.28551435e-01 5.17645001e-01
    7.98471093e-01 6.11385703e-01 5.61499655e-01 9.82361317e-01
    8.30682278e-01 1.55354649e-01 5.60542107e-01 3.75681520e-02
    3.37411046e-01 2.77629137e-01 4.04084384e-01 2.65705824e-01
    8.74503851e-02 2.96336770e-01 1.06336355e-01 5.86595476e-01
    7.55388737e-02 7.65475869e-01 3.60152066e-01 1.03249609e-01
    2.33591259e-01 6.71699286e-01 6.87190056e-01 8.44929576e-01
    5.83359659e-01 9.66779768e-01 7.91872442e-02 6.24053180e-02
    7.00605452e-01 5.07869482e-01 8.99947584e-02 5.90783656e-01
    7.54101396e-01 3.34853411e-01 7.57505298e-01 3.70978892e-01
    8.72300982e-01 8.04263055e-01 7.74170995e-01 5.29194057e-01
    1.69728845e-01 6.45530641e-01 1.85892075e-01 9.22700465e-02
    3.16245168e-01 3.28238249e-01 9.30696487e-01 1.17464691e-01
    2.11694777e-01 4.82810289e-01 3.66569817e-01 4.12412584e-02
    5.89366078e-01 1.94466174e-01 2.51780003e-01 3.27838600e-01
    2.21975654e-01 1.61845148e-01 6.26489758e-01 9.67090011e-01
    5.11851609e-01 9.81602311e-01 8.11849117e-01 6.74299002e-02
    6.53127968e-01 7.96080709e-01 6.50801659e-02 6.45041466e-01
    5.69167376e-01 6.29709423e-01 9.69660819e-01 4.80912536e-01
    3.10239494e-02 7.52156377e-01 3.99027377e-01 1.51443034e-01
    7.27601111e-01 9.75109339e-01 8.46307993e-01 7.37419903e-01
    7.13870347e-01 2.79822052e-02 8.06414366e-01 2.72932649e-01
    6.51893258e-01 6.84622526e-02 2.58960068e-01 7.06552744e-01
    2.63746947e-01 3.91975641e-01 9.37303066e-01 4.10225749e-01
    6.73783422e-01 3.41177315e-01 5.23558021e-01 7.21460342e-01
    9.86398399e-01 9.64743197e-02 3.67714971e-01 7.79020488e-01
    8.24625134e-01 7.92412758e-01 5.42270958e-01 3.49156708e-01
    6.77209973e-01 4.75789070e-01 9.09771800e-01 1.59320325e-01
    2.06675261e-01 3.89674187e-01 6.00600660e-01 5.97325087e-01
    2.46989548e-01 7.03360319e-01 7.05666840e-02 2.50471771e-01
    8.00837398e-01 4.19538260e-01 6.62453532e-01 9.43601608e-01
    7.12072849e-03 9.41662312e-01 6.59179807e-01 7.19536185e-01
    1.17427915e-01 9.33172584e-01 6.18386030e-01 6.90327227e-01
    9.53128576e-01 2.25528985e-01 1.08025968e-02 4.48047459e-01
    8.91844213e-01 4.48564321e-01 8.23054552e-01 3.80594105e-01
    9.14368868e-01 5.78422487e-01 8.73133063e-01 4.18670535e-01
    8.56532335e-01 8.54196846e-02 9.09512103e-01 3.03052545e-01
    1.69379026e-01 9.92431998e-01 2.92312682e-01 1.85566157e-01
    9.97875333e-01 3.81814539e-02 8.23907197e-01 9.12449837e-01
    4.50595289e-01 8.55784416e-01 7.84138739e-02 3.70515794e-01
    5.37170231e-01 4.76163745e-01 8.83675933e-01 7.16206253e-01
    2.35731393e-01 9.48366582e-01 3.63659084e-01 5.30493736e-01
    7.07087159e-01 5.80795944e-01 1.81417704e-01 3.07091743e-01
    5.13395607e-01 3.28913450e-01 8.38851571e-01 1.28544480e-01
    3.57125401e-02 6.01152241e-01 1.05246782e-01 2.98669636e-01
    4.15126383e-02 4.44973975e-01 9.03005838e-01 8.98996055e-01
    3.94629836e-01 3.11609954e-01 6.77138805e-01 8.00385356e-01
    6.36499047e-01 3.23292017e-02 5.66243172e-01 9.00640965e-01
    2.82882094e-01 9.82917666e-01 6.43354893e-01 9.86157417e-01
    7.40540683e-01 6.50814295e-01 8.94291162e-01 2.66367495e-01
    4.98086840e-01 3.18799198e-01 6.52460158e-01 2.65465677e-02
    2.37812400e-01 8.84831727e-01 3.38062048e-01 5.90753913e-01
    6.23478711e-01 0. 0. 0. 0. 0. 0. 0. 0. 0. 0. 0. 0. 0. 0. 0. 0. 0. 0.
    7.29926050e-01 8.82015228e-02 3.96057814e-01 1.86231166e-01
    6.27086282e-01 7.79644430e-01 8.82460952e-01 3.75956714e-01
    3.52817774e-01 5.17158926e-01 8.99206400e-01 4.53663826e-01
    7.98879862e-01 9.87593532e-01 4.76102471e-01 6.31139994e-01
    2.20912308e-01 5.16476095e-01 8.44741702e-01 9.36679244e-01
    5.36836088e-01 9.79353309e-01 9.96185541e-01 8.39739323e-01
    2.08963752e-01 1.40984982e-01 2.75814801e-01 3.94988686e-01
    1.86550021e-02 4.92308080e-01 5.56457281e-01 1.66998029e-01
    8.61087322e-01 3.29025894e-01 3.44684124e-01 3.26245904e-01
    8.49121571e-01 5.98786771e-01 8.94239128e-01 4.84078258e-01
    8.13414693e-01 4.16604578e-01 4.43094671e-01 7.39736855e-01
    7.50372708e-02 8.32329154e-01 4.82262164e-01 2.34235823e-02
    2.25459039e-02 8.06455016e-01 1.06636435e-01 2.54123896e-01
    8.47710609e-01 5.24246395e-01 3.48166734e-01 7.34606326e-01
    8.65371406e-01 1.19593740e-03 7.62323141e-02 1.56770051e-02
    3.41881573e-01 2.18928427e-01 3.76910359e-01 8.10125291e-01
    1.01475686e-01 6.04352534e-01 2.72033751e-01 3.24787915e-01
    5.66500247e-01 8.89811397e-01 9.96726871e-01 7.44141817e-01
    8.13956738e-01 2.22901404e-02 9.18442011e-01 8.07534695e-01
    2.45176852e-01 6.86411083e-01 1.17959291e-01 4.50737923e-01
    1.80746019e-01 3.43899816e-01 6.80168450e-01 8.86941552e-01
    1.78108335e-01 8.39440525e-01 3.57000768e-01 2.10900605e-01
    1.12383753e-01 1.01255417e-01 8.52848589e-02 3.98837239e-01
    9.91660655e-02 6.41813278e-02 6.91997468e-01 4.40010726e-01
    2.28668720e-01 8.36945713e-01 6.51230633e-01 8.51740837e-02
    2.42852747e-01 9.85362828e-02 1.73089892e-01 3.94736379e-01
    9.58633065e-01 4.08928663e-01 7.10205793e-01 9.85733867e-01
    5.33118069e-01 8.01876187e-01 9.85929608e-01 8.21293831e-01
    4.66658175e-02 8.55775714e-01 4.15260285e-01 2.46031821e-01
    6.48822546e-01 9.02117729e-01 9.95990872e-01 2.74730355e-01
    8.80365372e-02 2.83275902e-01 1.53218865e-01 6.02963686e-01
    9.39458966e-01 3.98941398e-01 9.21315372e-01 2.83019185e-01
    2.23178655e-01 8.31575155e-01 6.23732209e-02 3.43691111e-02
    7.99603105e-01 4.75233257e-01 2.92510152e-01 2.71827668e-01
    7.46521711e-01 6.61791801e-01 5.89271903e-01 9.11485434e-01
    9.73377228e-01 1.07496113e-01 7.12598741e-01 7.11961687e-01
    6.53931618e-01 3.02144349e-01 6.79476261e-01 5.62728107e-01
    1.53788388e-01 4.29007411e-02 7.42915213e-01 1.82818443e-01
    9.34971571e-02 3.05800259e-01 1.15090281e-01 8.33261132e-01
    1.63869381e-01 4.97584462e-01 3.72463942e-01 5.44565797e-01
    1.31473482e-01 3.21000218e-02 6.10121548e-01 8.87247920e-02
    7.31334090e-01 2.58568108e-01 6.13233209e-01 4.02458668e-01
    4.10628378e-01 8.47813249e-01 8.37112367e-01 3.74082178e-01
    8.31832170e-01 4.56694156e-01 4.55218226e-01 4.13411409e-01
    2.47744977e-01 9.43570137e-01 6.58904672e-01 1.69203132e-01
    8.05998921e-01 7.56680369e-01 9.07881260e-01 9.28339243e-01
    6.01196289e-03 9.56436992e-03 2.76295722e-01 9.77368951e-01
    8.12780023e-01 6.72493815e-01 9.13886786e-01 3.79923314e-01
    3.03411603e-01 6.52102947e-01 8.41181934e-01 1.15878046e-01
    2.48759985e-01 7.88240671e-01 8.04322779e-01 3.37922633e-01
    9.72994328e-01 7.57306516e-01 3.46360683e-01 9.79701161e-01
    1.04148686e-02 1.16067767e-01 2.95209587e-01 7.01141357e-03
    4.46991950e-01 3.29041958e-01 6.43052101e-01 1.87079757e-01
    1.08016908e-01 4.89352822e-01 3.22982430e-01 4.25129890e-01
    3.04175556e-01 2.19844699e-01 4.20326889e-02 1.75439954e-01
    8.75595689e-01 6.78993642e-01 6.86029613e-01 3.50712299e-01
    2.38320410e-01 8.68750334e-01 6.04189456e-01 9.31611419e-01
    9.71211672e-01 7.78652847e-01 5.13522208e-01 6.70863152e-01
    6.18079782e-01 3.35164756e-01 2.10942030e-02 8.08264732e-01
    6.16001844e-01 7.97185779e-01 6.83713138e-01 9.23461914e-02
    5.37694991e-02 7.70003438e-01 2.25900173e-01 4.58035529e-01
    3.36987972e-02 1.91203773e-01 8.78762722e-01 1.83489382e-01
    8.74389350e-01 3.22379887e-01 8.21136951e-01 5.81801176e-01
    7.23137677e-01 3.76083970e-01 6.84175849e-01 6.00422204e-01 0. 0. 0.
    0. 0. 0. 0. 0. 0. 0. 0. 0. 0. 0. 0. 0. 0. 0. 6.40481174e-01
    9.87757444e-01 8.12866211e-01 3.49944830e-01 6.54013574e-01
    5.32389164e-01 4.59840268e-01 4.67489392e-01 9.35459733e-02
    3.69650036e-01 1.19325548e-01 2.90361792e-01 2.55968779e-01
    6.51854753e-01 8.61616373e-01 6.65349841e-01 7.83139467e-02
    8.34527850e-01 2.86174119e-01 4.80208933e-01 5.45694828e-01
    3.71896058e-01 5.10472357e-02 9.41880584e-01 1.61288351e-01
    8.18758011e-02 2.69056857e-01 4.04752493e-01 8.87571275e-02
    3.95751297e-02 8.07035446e-01 4.23445135e-01 9.60668325e-02
    5.87269306e-01 3.90468955e-01 1.88127756e-02 3.82127494e-01
    1.40972465e-01 5.69826424e-01 3.34310651e-01 7.98476100e-01
    1.07282281e-01 3.82644832e-01 2.52833307e-01 4.54486728e-01
    5.73289514e-01 3.70408535e-01 8.46267223e-01 2.69751996e-01
    2.02307403e-01 2.74715006e-01 8.33989978e-01 9.67590511e-02
    9.69615340e-01 6.48503721e-01 2.87959814e-01 6.30778074e-01
    3.67797405e-01 9.16509032e-01 4.29982752e-01 6.20454609e-01
    5.76324046e-01 4.42870855e-02 1.05714917e-01 8.12133491e-01
    6.27534032e-01 5.14894009e-01 1.20998442e-01 3.49462032e-01
    3.80868137e-01 4.22602355e-01 1.57578468e-01 3.22268009e-02
    1.99682832e-01 1.93674266e-01 3.74678075e-01 4.58167315e-01
    2.07256734e-01 3.10181975e-01 4.39565271e-01 8.05992365e-01
    8.40870976e-01 2.66400754e-01 1.87899888e-01 6.63303494e-01
    2.32684642e-01 1.39918685e-01 9.53475416e-01 2.00255066e-01
    7.64928460e-01 6.58779025e-01 5.91128528e-01 7.66966581e-01
    8.56011748e-01 2.97639310e-01 8.82744610e-01 1.41454339e-01
    6.65550649e-01 3.20164740e-01 3.53111267e-01 2.45950758e-01
    8.13515306e-01 6.59014225e-01 4.18234497e-01 4.46849436e-01
    8.86702538e-01 2.71927118e-01 5.65943718e-02 9.91138935e-01
    5.18340647e-01 7.78522372e-01 7.35987246e-01 9.75579679e-01
    2.20703512e-01 9.75481212e-01 1.20663047e-02 1.95270419e-01
    2.61709571e-01 3.86357605e-01 8.67340386e-01 1.63304210e-02
    8.47979486e-02 5.68946362e-01 8.75700831e-01 9.32602763e-01
    1.22410387e-01 1.15815192e-01 7.23527551e-01 7.80838192e-01
    8.56162190e-01 6.93991482e-01 9.80181098e-02 7.53297806e-01
    6.40178084e-01 3.64713371e-02 4.73240644e-01 9.35436845e-01
    9.80025828e-02 1.53227091e-01 9.56847668e-01 4.42520112e-01
    2.03003407e-01 2.69863605e-01 2.78720319e-01 2.14418679e-01
    2.43610144e-03 5.60239851e-02 4.56449747e-01 3.08559358e-01
    7.36206174e-01 6.30697012e-02 6.29876912e-01 3.37689042e-01
    4.36211228e-02 3.54404509e-01 5.14207780e-02 2.41950423e-01
    5.16328096e-01 2.15429157e-01 3.95315140e-01 7.28436351e-01
    5.95823586e-01 9.51580048e-01 3.84477735e-01 7.48586595e-01
    5.20926178e-01 7.25574851e-01 5.18054068e-01 7.92725027e-01
    5.66529095e-01 1.85717374e-01 3.75017792e-01 1.58812881e-01
    5.80768883e-01 8.73030722e-01 4.09566164e-02 1.58449352e-01
    1.45753831e-01 6.05630755e-01 5.67531765e-01 3.05210233e-01
    9.24214721e-01 5.90573847e-01 8.74450326e-01 5.29821098e-01
    3.10806453e-01 7.87125111e-01 5.80118895e-02 4.86950338e-01
    1.83587372e-01 5.57674348e-01 1.07774496e-01 3.24519873e-01
    3.84595573e-01 4.71833438e-01 8.08299422e-01 3.70493472e-01
    7.60491014e-01 6.11862421e-01 7.58259892e-02 5.04435301e-01
    9.62933064e-01 9.25271869e-01 7.50058889e-01 6.19469583e-01
    7.55056977e-01 5.08575022e-01 1.62577331e-01 5.98553121e-02
    5.01542032e-01 9.20493662e-01 1.42043740e-01 2.05097854e-01
    7.81372070e-01 9.05483961e-02 8.26248169e-01 1.95370793e-01
    6.84220195e-01 3.71398985e-01 2.85098016e-01 4.99168545e-01
    5.38109899e-01 6.07351720e-01 5.90616703e-01 9.57211375e-01
    9.64815259e-01 1.45113200e-01 7.95622766e-01 4.05191243e-01
    3.51650119e-02 8.54726911e-01 9.35490727e-02 9.23447073e-01
    4.21733260e-01 9.90318000e-01 3.68296444e-01 9.61457789e-02
    4.23999280e-01 1.76760077e-01 3.83818239e-01 3.41131598e-01
    4.50495899e-01 1.80227339e-01 3.83089483e-01 3.34817946e-01
    7.40330875e-01 6.91312790e-01 1.93220317e-01 4.56059188e-01
    3.14223796e-01 8.05207312e-01 1.52925819e-01 2.13515311e-01
    2.70432204e-01 4.38955456e-01 1.56976104e-01 0. 0. 0. 0. 0. 0. 0. 0.
    0. 0. 0. 0. 0. 0. 0. 0. 0. 0. 8.12862158e-01 8.34325790e-01
    2.85867810e-01 8.27448010e-01 5.48941791e-01 4.13110614e-01
    2.25463331e-01 8.72066617e-01 5.97905934e-01 7.84023523e-01
    6.89849317e-01 2.97788084e-02 9.72215295e-01 2.19953358e-02
    6.31060719e-01 5.24513960e-01 8.78365159e-01 1.34331286e-01
    4.78408486e-01 7.23360002e-01 3.91443372e-01 3.58826995e-01
    5.99938035e-01 8.81769776e-01 6.75015926e-01 2.28841752e-01
    4.30799723e-02 9.26195085e-02 6.42744243e-01 5.01457870e-01
    7.77338386e-01 4.41307008e-01 6.79139078e-01 1.48464739e-01
    4.03458178e-02 8.21106553e-01 7.61236906e-01 8.53928328e-01
    8.10923815e-01 6.94157958e-01 6.78724825e-01 2.36315906e-01
    2.00866997e-01 6.51629806e-01 8.88124287e-01 1.95416391e-01
    2.84488469e-01 7.41418958e-01 9.45713401e-01 5.17002165e-01
    8.78742337e-01 3.00376624e-01 3.41883361e-01 4.70249295e-01
    8.95146370e-01 6.35808825e-01 4.32749748e-01 3.06607515e-01
    6.38998389e-01 8.54403853e-01 7.49692798e-01 6.14974141e-01
    4.70988423e-01 6.16968513e-01 8.80527258e-01 9.01083827e-01
    5.02523422e-01 7.02761471e-01 1.77025318e-01 8.28681052e-01
    4.05068040e-01 8.73412967e-01 2.78703272e-01 9.84670579e-01
    4.88042295e-01 5.38942933e-01 1.23569548e-01 9.09189165e-01
    2.09348917e-01 5.05941212e-02 2.79991329e-01 3.53379071e-01
    1.18062496e-01 2.49466270e-01 2.37643898e-01 9.21464562e-02
    7.46220708e-01 4.82159466e-01 8.90603542e-01 4.89258766e-03
    9.51706767e-01 7.06795871e-01 7.91034222e-01 8.16345453e-01
    4.78730619e-01 2.02366978e-01 2.31741846e-01 8.36659133e-01
    8.06884766e-02 2.38037586e-01 4.48793977e-01 1.51083887e-01
    1.95530534e-01 3.69884402e-01 4.07272398e-01 5.12793064e-01
    7.52854347e-01 2.61798859e-01 5.66750526e-01 1.92211181e-01
    1.64592266e-02 6.84138656e-01 5.03926635e-01 6.40769899e-02
    6.82958126e-01 2.65580416e-02 8.34245682e-02 7.52429903e-01
    1.32322133e-01 3.31017584e-01 7.21325874e-01 6.55123413e-01
    3.24605167e-01 2.54284143e-02 3.50886285e-02 9.07487273e-01
    8.03371072e-01 7.59359717e-01 4.26136494e-01 9.48231578e-01
    7.84951091e-01 1.51193738e-02 5.89824557e-01 1.39543533e-01
    2.98102200e-01 9.98627543e-01 8.34473312e-01 1.90929770e-02
    7.68450797e-02 7.78816879e-01 5.11351824e-01 2.68663645e-01
    8.55785728e-01 6.22513831e-01 2.75886327e-01 5.03370225e-01
    5.28687239e-03 3.91534984e-01 7.18528092e-01 5.68001628e-01
    6.21754646e-01 9.47531700e-01 1.75177038e-01 2.44133174e-02
    9.01727557e-01 1.10133141e-01 8.80539596e-01 8.77807856e-01
    1.61162317e-01 3.46490741e-03 9.33946073e-02 3.37509841e-01
    4.94066209e-01 8.91298831e-01 2.11912692e-01 4.17069137e-01
    9.65459228e-01 5.05123556e-01 9.78064299e-01 3.16325843e-01
    2.61299908e-01 8.06998730e-01 8.28456879e-02 4.36860919e-02
    1.77720606e-01 1.67716086e-01 3.29613805e-01 4.99934733e-01
    8.74892712e-01 6.84132278e-01 5.37801564e-01 2.00105071e-01
    8.09703171e-01 5.72015285e-01 5.68651021e-01 7.09154606e-01
    7.32690096e-02 6.23620629e-01 8.95999849e-01 4.24414158e-01
    8.93955350e-01 4.11118567e-02 9.14460719e-01 5.96494019e-01
    1.91962659e-01 6.27448380e-01 6.85882986e-01 8.30453396e-01
    6.72443807e-01 9.18580949e-01 6.63070321e-01 3.07939708e-01
    5.30510068e-01 9.17435765e-01 2.13459730e-02 7.11857617e-01
    2.70328999e-01 7.37442970e-02 4.46666598e-01 5.09603262e-01
    1.17771715e-01 8.53140593e-01 4.19759512e-01 2.17819273e-01
    2.57474959e-01 5.56332707e-01 7.17442155e-01 6.73495889e-01
    2.82246292e-01 6.82943881e-01 5.17446876e-01 9.44684982e-01
    8.52516890e-01 6.70931458e-01 2.79476523e-01 3.01993191e-01
    2.94443369e-02 7.67828465e-01 4.95447427e-01 7.56307006e-01
    1.00429028e-01 3.67363691e-01 7.06019819e-01 1.33830905e-02
    5.07406235e-01 3.08328003e-01 3.73164833e-01 4.94263560e-01
    1.40261203e-01 8.55755806e-01 4.78194535e-01 8.58227015e-01
    1.38387501e-01 1.97488844e-01 6.00432575e-01 7.00997710e-02
    2.03379959e-01 5.18491924e-01 4.02401149e-01 7.74307966e-01
    8.86773348e-01 4.96564060e-01 8.97430122e-01 1.03854120e-01
    3.57842207e-01 9.96794939e-01 0. 0. 0. 0. 0. 0. 0. 0. 0. 0. 0. 0. 0.
    0. 0. 0. 0. 0. 9.33255732e-01 3.00671101e-01 9.29343641e-01
    7.75520563e-01 2.52570152e-01 3.56711537e-01 4.40864086e-01
    7.64841139e-02 2.37898618e-01 6.69213653e-01 5.83875537e-01
    8.14028025e-01 9.12903965e-01 4.89010572e-01 9.31820452e-01
    2.98981905e-01 2.88403273e-01 1.07391983e-01 1.18430495e-01
    6.32473230e-01 2.12442070e-01 1.18842334e-01 6.22757077e-01
    6.72397375e-01 2.28585422e-01 5.18879533e-01 2.09597617e-01
    8.05161119e-01 6.87743425e-02 9.26419377e-01 2.87258208e-01
    1.59856319e-01 5.52061439e-01 4.02318358e-01 4.27985311e-01
    5.09347200e-01 2.13209987e-02 1.75969929e-01 2.84321725e-01
    8.33685517e-01 1.25924617e-01 9.85720456e-01 4.10834074e-01
    1.07458681e-01 3.99294913e-01 3.56068909e-01 6.68145061e-01
    6.99202955e-01 4.04653817e-01 8.96680176e-01 5.87141633e-01
    1.94683224e-01 9.93955612e-01 7.14123368e-01 9.66154337e-01
    5.42658627e-01 7.60643542e-01 2.48508334e-01 4.18990016e-01
    8.07117939e-01 3.83123755e-01 6.48023009e-01 5.08624613e-01
    1.24678552e-01 6.67043209e-01 7.82072544e-03 8.18746686e-01
    6.09767258e-01 8.74315500e-01 3.12582344e-01 1.45089269e-01
    2.42960155e-02 3.13432395e-01 9.01761413e-01 8.48991752e-01
    6.59274697e-01 9.06589627e-02 1.50605142e-02 1.05161160e-01
    1.98542118e-01 9.33668256e-01 8.98402333e-01 9.11934972e-02
    4.66123164e-01 7.43355632e-01 2.78596282e-02 5.76831698e-01
    9.60412145e-01 8.83888841e-01 4.49032664e-01 2.80513346e-01
    6.27438903e-01 5.84927082e-01 1.43466085e-01 5.05280018e-01
    5.68626463e-01 3.87596190e-01 7.59553373e-01 7.97654629e-01
    1.20187819e-01 7.12931037e-01 8.83334875e-02 8.81803870e-01
    7.79329896e-01 3.94256115e-01 5.58344483e-01 8.00251782e-01
    1.79656237e-01 7.50180185e-01 9.25956905e-01 9.03563499e-01
    5.94083369e-01 8.97401333e-01 8.13194215e-01 5.92862606e-01
    1.58882558e-01 5.91897964e-02 5.02651572e-01 8.44698906e-01
    4.50410396e-01 6.58914566e-01 3.10880840e-01 7.09991872e-01
    7.18952775e-01 2.75513887e-01 3.78027737e-01 6.52728796e-01
    7.67018914e-01 3.30156684e-02 5.38899064e-01 8.23415816e-02
    8.86630118e-02 3.35394859e-01 1.43751323e-01 7.52910852e-01
    8.99307489e-01 1.06159478e-01 3.71950984e-01 5.82154632e-01
    1.64383739e-01 1.40830994e-01 1.81761175e-01 6.44169927e-01
    8.96332622e-01 5.83944082e-01 4.79155868e-01 3.07776332e-02
    7.94807553e-01 4.97032255e-01 2.29115427e-01 6.58507764e-01
    3.72086525e-01 3.49826932e-01 3.13880563e-01 5.97117126e-01
    8.28288019e-01 2.27090389e-01 6.93190813e-01 5.91514766e-01
    6.14963412e-01 9.33742404e-01 8.09319377e-01 3.76346707e-01
    8.77327859e-01 8.87135088e-01 5.26322603e-01 9.98871982e-01
    7.83237576e-01 9.96913612e-02 3.37496698e-02 1.75217718e-01
    9.46995735e-01 8.22729230e-01 2.85280198e-01 5.89996338e-01
    8.17338884e-01 2.38218635e-01 9.89340484e-01 1.95681125e-01
    7.24416971e-01 3.20101857e-01 6.41865432e-01 6.20417893e-02
    4.04379994e-01 1.75943583e-01 1.53152138e-01 3.36072683e-01
    4.55823094e-01 8.09274793e-01 8.25516582e-01 8.48875165e-01
    3.60205531e-01 1.35031849e-01 4.43172276e-01 3.01930964e-01
    9.59807754e-01 9.62185860e-01 2.42923647e-01 7.19362795e-01
    6.35301173e-02 8.43760550e-01 2.19195485e-01 1.96408510e-01
    2.33125895e-01 9.48321581e-01 8.76964092e-01 2.16496438e-01
    4.81353164e-01 8.44411850e-02 7.32138157e-02 3.64510417e-02
    8.27269793e-01 3.21339369e-02 6.88216090e-01 4.37389672e-01
    2.85146475e-01 4.42039192e-01 9.03055549e-01 6.36279523e-01
    2.31079131e-01 6.86910033e-01 9.27259207e-01 8.87585402e-01
    3.52728128e-01 6.83311820e-02 5.76382279e-01 1.78008735e-01
    3.65760505e-01 7.02707767e-02 2.95900285e-01 2.39232004e-01
    4.93441820e-02 8.76740217e-01 8.90254736e-01 1.62335694e-01
    3.97849321e-01 3.67170900e-01 5.69744349e-01 8.15603793e-01
    2.87268758e-01 6.38216734e-01 9.51429248e-01 4.06310499e-01
    8.03156197e-01 7.20693827e-01 8.13398898e-01 7.25907326e-01
    7.27520287e-01 5.36912918e-01 2.44828910e-01 8.18014979e-01
    6.66996121e-01 1.61750436e-01 6.74975932e-01 2.03994036e-01
    2.29283273e-02 0. 0. 0. 0. 0. 0. 0. 0. 0. 0. 0. 0. 0. 0. 0. 0. 0. 0.
    3.12860072e-01 6.11533105e-01 7.47447193e-01 6.16756499e-01
    6.01449609e-01 3.04317653e-01 7.72580564e-01 1.97069317e-01
    7.80309081e-01 7.77649760e-01 1.77120358e-01 1.01096421e-01
    3.59653711e-01 4.47850376e-01 1.31302029e-01 2.18771398e-01
    8.17054510e-03 2.44485438e-01 5.40228963e-01 2.41085321e-01
    7.98280835e-01 3.48871261e-01 5.44358194e-02 2.56275535e-02
    5.36100209e-01 1.64978564e-01 1.93065673e-01 1.71853423e-01
    5.90940714e-01 8.47940087e-01 5.55945754e-01 3.54061365e-01
    2.06236094e-01 4.06156152e-01 7.57391453e-01 2.35413611e-01
    8.22529674e-01 4.00504827e-01 7.89017439e-01 6.76822305e-01
    9.97108459e-01 6.43362641e-01 3.36638898e-01 2.95491397e-01
    9.88699257e-01 8.20489287e-01 7.23433018e-01 4.02642071e-01
    8.50210428e-01 4.58803296e-01 1.59135640e-01 5.65375686e-01
    6.85761213e-01 7.62568414e-01 2.69509554e-01 6.54164791e-01
    9.32352424e-01 9.39113736e-01 2.50602275e-01 7.44540811e-01
    1.67733222e-01 4.90991682e-01 8.89097869e-01 2.38799095e-01
    5.12639046e-01 1.40308231e-01 6.27569437e-01 5.22146881e-01
    9.24662173e-01 2.08028555e-01 3.33703339e-01 6.58528507e-01
    3.68158102e-01 7.79113710e-01 9.27140176e-01 5.16306162e-02
    5.49855351e-01 8.20563436e-01 4.67866898e-01 7.41582632e-01
    8.63075495e-01 9.04609978e-01 4.27330047e-01 9.50564623e-01
    6.62828743e-01 9.76388097e-01 6.58178866e-01 7.22345829e-01
    5.94882011e-01 4.07556653e-01 8.30938041e-01 9.23459470e-01
    5.17493784e-01 8.94282818e-01 3.24982047e-01 7.61938691e-02
    1.09647334e-01 7.92028427e-01 5.30378163e-01 9.85504270e-01
    3.42811912e-01 4.16308433e-01 3.40138078e-02 3.49978000e-01
    2.33536065e-02 2.36320168e-01 5.12695312e-01 5.16938031e-01
    6.14605904e-01 4.20002162e-01 6.21596098e-01 8.10742736e-01
    4.58957255e-01 6.54208004e-01 5.96041620e-01 1.66327357e-01
    6.04795694e-01 5.18103838e-01 5.96853197e-02 9.49483812e-01
    1.18733197e-01 5.47491312e-01 1.38542742e-01 6.62834167e-01
    1.46303147e-01 1.73523515e-01 5.86824477e-01 8.03032756e-01
    4.71253395e-01 2.54664123e-01 2.18150645e-01 5.67675769e-01
    6.59873247e-01 3.59784067e-01 8.34877610e-01 9.94261503e-01
    1.63412720e-01 5.97978234e-01 4.39703166e-02 1.09657317e-01
    9.62735176e-01 3.16939205e-01 2.84569293e-01 3.08100104e-01
    9.24680412e-01 7.37968385e-01 6.15497172e-01 9.53606069e-01
    2.91054189e-01 2.18663901e-01 7.89893091e-01 7.95172155e-01
    1.95463300e-01 4.82082993e-01 1.05315506e-01 4.30805415e-01
    6.42298520e-01 5.40290058e-01 3.30425620e-01 5.74643850e-01
    7.82383919e-01 4.61705327e-01 5.14906406e-01 3.80653739e-02
    9.03297782e-01 6.05309129e-01 5.87127805e-01 4.94727224e-01
    5.87907732e-01 6.32254839e-01 5.04339635e-01 7.58755445e-01
    1.18689835e-02 8.95190954e-01 1.27279073e-01 2.87503660e-01
    5.08027256e-01 3.71791720e-02 6.58739686e-01 1.05622709e-02
    7.37563074e-01 4.72204387e-01 6.36896014e-01 3.06915700e-01
    8.67128372e-01 6.32388711e-01 1.07838243e-01 2.70380795e-01
    2.30769306e-01 4.03944463e-01 9.09044862e-01 8.50584745e-01
    3.68677974e-02 9.85101581e-01 5.92188716e-01 2.96845078e-01
    7.77264953e-01 1.67296350e-01 1.57035053e-01 3.99122775e-01
    6.55448079e-01 5.05098283e-01 5.41521490e-01 4.13153231e-01
    5.56643009e-01 2.09910870e-02 6.96059465e-01 9.78602469e-02
    8.82701874e-01 7.50078619e-01 8.71214628e-01 4.98884916e-02
    1.03996009e-01 6.87043309e-01 1.74848109e-01 6.65299714e-01
    1.18004262e-01 6.72839761e-01 7.02767849e-01 5.03472507e-01
    9.53801274e-02 2.18701929e-01 2.97564328e-01 8.39588165e-01
    2.71526039e-01 6.35494828e-01 6.61039233e-01 2.19968826e-01
    3.88825059e-01 2.92373657e-01 8.18152726e-02 8.00579786e-01
    2.86350846e-01 1.70718849e-01 1.27861500e-01 8.43582273e-01
    7.28079021e-01 8.52726817e-01 6.51381731e-01 3.87393743e-01
    4.85473692e-01 8.82653177e-01 9.49820876e-01 6.40341759e-01
    9.94191527e-01 5.91369092e-01 1.53320193e-01 5.58292150e-01
    9.56804395e-01 3.49329650e-01 4.76052403e-01 2.06397504e-01
    9.18237984e-01 1.90001786e-01 5.95333576e-01 5.64860344e-01 0. 0. 0.
    0. 0. 0. 0. 0. 0. 0. 0. 0. 0. 0. 0. 0. 0. 0. 8.91585469e-01
    6.48116112e-01 7.02751517e-01 9.41903889e-01 5.17286301e-01
    9.95274544e-01 8.78234386e-01 8.42246413e-03 1.44773006e-01
    7.84646869e-01 7.63072371e-01 6.85028434e-01 2.93168396e-01
    5.27953207e-02 7.88943768e-02 1.45138562e-01 8.67816210e-01
    5.97896934e-01 3.29650700e-01 6.09189510e-01 9.43138063e-01
    6.98380470e-01 8.18309367e-01 2.41723776e-01 4.69407439e-02
    1.28732890e-01 2.82195270e-01 8.09147000e-01 7.66491234e-01
    5.17580509e-02 2.89632112e-01 1.31582797e-01 3.77586901e-01
    1.36646032e-01 3.68262589e-01 9.01917577e-01 5.94218850e-01
    9.09865856e-01 2.08115518e-01 3.01119894e-01 1.44464135e-01
    4.95689064e-01 4.57828045e-01 5.34512341e-01 2.35042602e-01
    3.89955908e-01 5.08354604e-01 1.07473373e-01 6.18667006e-01
    4.32553649e-01 2.15404242e-01 6.94070578e-01 7.79248178e-01
    3.83741409e-01 9.56839919e-02 7.27160513e-01 4.77524102e-02
    9.66419697e-01 1.38921291e-01 4.25851703e-01 1.96533769e-01
    7.75204599e-02 6.52936459e-01 6.44117892e-01 4.68652546e-01
    7.67014742e-01 2.81239450e-01 5.62317371e-01 6.31412864e-03
    2.52063930e-01 2.15960830e-01 2.00646549e-01 7.73407578e-01
    9.11948085e-03 2.01816410e-01 7.69074917e-01 1.81304365e-01
    1.84301227e-01 3.59399915e-02 7.57365942e-01 6.34280562e-01
    6.81533515e-01 4.23787534e-01 2.49577343e-01 3.88170481e-02
    2.52797544e-01 4.06009495e-01 6.91654801e-01 2.56914973e-01
    7.38882720e-01 6.21810794e-01 9.35828328e-01 9.70408082e-01
    8.80090952e-01 8.40040505e-01 1.57437503e-01 6.12548590e-02
    1.11752868e-01 1.51762038e-01 6.60419941e-01 2.30809510e-01
    8.82570267e-01 7.06316352e-01 7.43374169e-01 3.55436325e-01
    2.90094256e-01 4.74767983e-01 4.20027316e-01 8.25878143e-01
    2.87719071e-01 6.65757120e-01 7.73262262e-01 9.23708022e-01
    2.44815201e-01 8.78557563e-01 1.29929900e-01 7.96390295e-01
    6.80489302e-01 7.62642264e-01 2.89212704e-01 8.22475791e-01
    9.55570817e-01 7.20227182e-01 6.75900936e-01 7.53658891e-01
    9.80134368e-01 9.98940825e-01 5.13209641e-01 5.63833237e-01
    6.23587012e-01 5.44149816e-01 9.49595809e-01 1.74708068e-01
    1.11467808e-01 1.52262300e-01 8.25053453e-02 3.93298268e-02
    1.15177661e-01 1.10166490e-01 6.81066513e-01 4.46110487e-01
    7.29548931e-01 4.39379096e-01 9.12427902e-04 4.15311217e-01
    3.58893335e-01 5.09570539e-01 9.75300074e-02 5.74668050e-01
    8.43230665e-01 3.84238720e-01 3.51256371e-01 4.16910440e-01
    7.61512399e-01 1.33720517e-01 3.45392227e-02 1.98916882e-01
    5.29327929e-01 5.15994608e-01 2.97068000e-01 9.55259919e-01
    4.27342385e-01 5.26453912e-01 2.68338054e-01 6.93031967e-01
    4.62118417e-01 9.17525291e-02 4.80774909e-01 9.64407623e-02
    3.25728893e-01 2.17365652e-01 4.19098437e-02 3.74008179e-01
    2.25386322e-02 1.20981634e-01 6.85358226e-01 6.11403883e-02
    2.20816016e-01 2.60074914e-01 9.38452244e-01 2.89767236e-01
    7.02891946e-02 7.62425661e-01 6.56110466e-01 9.45630193e-01
    1.09519303e-01 5.68356693e-01 8.30271482e-01 1.16392612e-01
    9.61931229e-01 1.37151778e-01 6.80016756e-01 2.62609512e-01
    3.50956738e-01 3.15586627e-01 1.59888357e-01 2.12959409e-01
    9.90134835e-01 9.39334035e-01 8.78548920e-01 1.70570463e-01
    9.24833715e-01 1.72031343e-01 1.29495442e-01 3.48944128e-01
    1.31921411e-01 6.83903575e-01 1.23139173e-01 2.78667420e-01
    4.73476142e-01 2.44872481e-01 8.75045359e-02 8.92135382e-01
    1.25928819e-02 8.54402900e-01 9.08699870e-01 8.41687322e-01
    8.24290514e-02 7.50127435e-02 1.22450441e-01 4.00851905e-01
    9.42175984e-02 3.17121416e-01 4.91865546e-01 2.31604517e-01
    2.42540359e-01 9.68199492e-01 9.06287670e-01 2.61265188e-01
    5.13263404e-01 3.73211801e-01 4.71927762e-01 3.60242039e-01
    3.66975665e-01 5.01205802e-01 6.91346765e-01 2.47581273e-01
    8.63221347e-01 3.49210322e-01 1.31731629e-01 2.50051707e-01
    8.95101666e-01 6.63999677e-01 7.29156494e-01 6.94121361e-01
    9.04430866e-01 7.24708736e-01 9.39510524e-01 4.49693888e-01
    6.85900867e-01 8.79006028e-01 8.38248134e-01 3.05648893e-01
    8.91726911e-01 2.97117531e-01 9.29930329e-01 0. 0. 0. 0. 0. 0. 0. 0.
    0. 0. 0. 0. 0. 0. 0. 0. 0. 0. 6.49603426e-01 3.78737748e-01
    5.44408917e-01 8.06015491e-01 5.95317841e-01 8.88695955e-01
    1.31351978e-01 1.97790682e-01 9.79298353e-01 2.26218045e-01
    5.64907432e-01 9.88821507e-01 5.21181166e-01 6.06256306e-01
    3.32394779e-01 3.50891054e-02 3.06460887e-01 5.08556783e-01
    4.75921631e-01 7.21830726e-01 6.75924182e-01 5.03515184e-01
    2.40657330e-02 9.49036837e-01 5.07866204e-01 9.56227779e-01
    2.72816062e-01 9.06483054e-01 3.23528260e-01 9.08712387e-01
    7.78173923e-01 7.93595016e-01 3.14431965e-01 7.38948286e-02
    7.87496746e-01 9.44727421e-01 4.10460413e-01 5.62300324e-01
    8.05801153e-01 7.03723431e-01 8.71163607e-01 5.64216673e-02
    1.98072821e-01 5.20785451e-01 3.83091867e-01 1.16355389e-01
    8.70044887e-01 9.76583481e-01 5.39817452e-01 9.12289619e-01
    7.34090686e-01 8.95988405e-01 6.89893126e-01 4.33502465e-01
    8.49517882e-02 2.24267483e-01 6.73712492e-01 6.91301763e-01
    7.42320538e-01 3.22097242e-02 5.26402175e-01 1.75372213e-01
    4.28781211e-01 4.22436595e-02 4.72999066e-01 8.82631183e-01
    8.15089524e-01 4.36061382e-01 8.94900382e-01 1.63591236e-01
    1.39065295e-01 9.83400226e-01 6.94415033e-01 1.28922969e-01
    2.19471395e-01 4.84909832e-01 3.77503902e-01 1.12649232e-01
    2.78365195e-01 5.30084550e-01 3.88985276e-01 7.60903120e-01
    1.74850434e-01 7.88528442e-01 1.72099352e-01 6.03423715e-02
    9.97121334e-01 4.98609096e-01 3.61108333e-01 2.35294700e-02
    7.87790716e-02 4.48855758e-03 2.59396076e-01 9.65024412e-01
    4.23786342e-02 6.04936481e-01 5.74617267e-01 6.17434800e-01
    2.49509811e-02 3.65997255e-01 2.56691843e-01 2.73680091e-02
    1.30354047e-01 4.42056030e-01 1.54259801e-01 2.94793785e-01
    3.58126640e-01 8.52937996e-02 8.47904503e-01 9.71565664e-01
    1.35197759e-01 3.31302881e-02 5.88039994e-01 1.07920110e-01
    8.59889865e-01 5.55523932e-01 3.37181032e-01 6.64008141e-01
    9.82639432e-01 3.46374750e-01 4.84907478e-01 5.38471341e-01
    9.50241804e-01 2.88533568e-01 5.49811900e-01 6.70742273e-01
    1.42998695e-01 2.37752289e-01 7.12108076e-01 5.23909092e-01
    3.54613483e-01 7.70254016e-01 5.39092064e-01 6.60594583e-01
    6.00429296e-01 7.52833366e-01 2.16776788e-01 8.80091429e-01
    3.64619613e-01 7.32256770e-02 4.30119187e-01 7.83791065e-01
    5.90555608e-01 5.78818738e-01 8.79871011e-01 2.50890672e-01
    3.60327452e-01 6.68388605e-01 2.33524054e-01 8.62092495e-01
    2.78235316e-01 8.76357436e-01 4.14409488e-01 5.89977622e-01
    1.60976470e-01 4.80754703e-01 4.96694386e-01 1.01941466e-01
    1.49523526e-01 8.39889646e-02 2.01501727e-01 9.64507759e-02
    9.25092340e-01 3.06022614e-01 2.77382314e-01 5.89243174e-01
    4.34717774e-01 5.28139532e-01 7.86195517e-01 6.21043384e-01
    9.44634438e-01 9.51010823e-01 4.56020951e-01 6.64722323e-01
    9.96776104e-01 8.71217012e-01 1.02465570e-01 4.60241854e-01
    1.99531913e-01 1.26527578e-01 8.07072520e-02 8.16852450e-01
    2.50867248e-01 6.56019211e-01 4.55204904e-01 2.40602195e-02
    9.06546116e-01 7.46867359e-01 8.97561252e-01 3.50716054e-01
    5.86313784e-01 4.96177137e-01 1.55964673e-01 4.40709144e-01
    5.35534859e-01 5.78140914e-01 5.16415238e-01 7.82829523e-01
    4.09118712e-01 4.84406114e-01 1.11736894e-01 9.00472403e-01
    9.78020906e-01 3.84724975e-01 9.89704728e-01 4.48359936e-01
    7.59391427e-01 1.96976960e-02 7.76725292e-01 2.03641444e-01
    3.84804159e-01 8.78477395e-01 9.93402123e-01 7.23818183e-01
    3.52683276e-01 1.14132166e-02 5.24488330e-01 9.91715014e-01
    4.44484949e-02 2.36090273e-01 2.77198911e-01 3.69070351e-01
    8.52592826e-01 7.18899369e-01 5.58411181e-01 8.85532260e-01
    9.04872656e-01 5.81623614e-01 9.19937372e-01 5.33450842e-02
    7.72580743e-01 8.81547689e-01 1.10237867e-01 4.46650982e-01
    9.43032265e-01 9.79380012e-01 8.63531709e-01 1.23256117e-01
    4.06549096e-01 8.30299139e-01 6.63821220e-01 6.45025373e-02
    5.52433133e-01 9.52465534e-01 2.18023986e-01 2.35206693e-01
    1.00652277e-02 7.91973233e-01 8.17834496e-01 3.00323308e-01
    7.41615653e-01 7.83576250e-01 9.84573424e-01 4.09810811e-01
    7.73384511e-01 4.50729012e-01 0. 0. 0. 0. 0. 0. 0. 0. 0. 0. 0. 0. 0.
    0. 0. 0. 0. 0. 9.19176221e-01 5.65376878e-03 5.32774270e-01
    5.17288208e-01 5.25900364e-01 2.43251294e-01 8.65312934e-01
    3.20752919e-01 9.69983637e-02 9.69920993e-01 9.13428187e-01
    9.96756315e-01 6.65948093e-01 5.90168238e-02 1.41921997e-01
    2.42221415e-01 5.82997501e-01 6.02773845e-01 8.21246982e-01
    8.45533013e-02 8.58547688e-02 5.82976222e-01 5.41361988e-01
    1.10430747e-01 3.97388190e-01 8.11197639e-01 7.48657703e-01
    5.11148632e-01 4.26633239e-01 2.77607858e-01 6.44061148e-01
    3.55147243e-01 1.58288866e-01 5.31128287e-01 9.94930625e-01
    1.18818432e-01 2.73654997e-01 1.31660223e-01 2.11588562e-01
    5.99640489e-01 8.42406034e-01 2.53332525e-01 8.07235420e-01
    4.64518517e-01 3.90538931e-01 8.59886825e-01 7.47489035e-01
    7.19554126e-02 5.15919447e-01 6.82913661e-01 7.81695485e-01
    3.02038968e-01 3.42622340e-01 4.89543527e-01 9.63511765e-02
    7.88287997e-01 9.27104354e-01 6.74569368e-01 1.86781973e-01
    2.24632114e-01 2.21290827e-01 4.16484833e-01 1.58647656e-01
    8.04436445e-01 2.12226063e-01 3.88491929e-01 6.93254590e-01
    1.11972809e-01 5.18464386e-01 6.21446729e-01 4.41132158e-01
    5.76688945e-02 1.88861698e-01 2.41924912e-01 7.95812607e-01
    9.35184717e-01 7.70589769e-01 2.59207487e-01 4.67509776e-01
    5.48936725e-01 4.10658658e-01 7.42895484e-01 2.53759921e-01
    8.59320283e-01 8.84715080e-01 2.25748330e-01 7.96289921e-01
    8.33586752e-01 3.38288784e-01 8.23360562e-01 8.25423300e-02
    5.71916997e-01 8.05183768e-01 1.47950977e-01 8.23138356e-02
    9.05019701e-01 2.51839757e-01 1.19054139e-01 7.36520648e-01
    3.66239369e-01 8.28149617e-02 7.93549538e-01 4.12042022e-01
    8.22785854e-01 3.87591839e-01 9.29517984e-01 7.39605963e-01
    4.39491957e-01 6.38688803e-01 4.01940942e-02 4.89945114e-02
    4.44309980e-01 6.21888757e-01 6.33928239e-01 5.31241298e-01
    9.15182114e-01 3.80444556e-01 5.80481887e-01 8.39088082e-01
    8.09770525e-01 8.94411504e-01 8.82030487e-01 5.30452013e-01
    9.42843199e-01 4.43039805e-01 9.04373407e-01 6.35957897e-01
    2.80429959e-01 5.91720462e-01 4.59849358e-01 4.66478109e-01
    2.25027561e-01 2.26997167e-01 4.32076037e-01 6.53198957e-01
    1.36043936e-01 3.61778557e-01 5.33542931e-01 4.55155969e-03
    8.11178267e-01 4.43197012e-01 4.41785425e-01 7.24758983e-01
    1.90911144e-01 4.46453959e-01 6.85513675e-01 1.62126720e-01
    7.31567919e-01 1.64547175e-01 7.65630603e-01 1.93331689e-01
    8.15279961e-01 3.52030873e-01 5.44936180e-01 1.22595221e-01
    9.26949620e-01 4.93480593e-01 1.59735382e-02 1.24955684e-01
    1.86338842e-01 4.80868489e-01 5.32279849e-01 6.39671683e-02
    7.41232753e-01 9.05117393e-01 5.36986649e-01 5.88333607e-03
    6.62607372e-01 6.37834609e-01 5.59909046e-01 1.17050797e-01
    6.04381919e-01 5.15540838e-02 9.19753909e-01 8.00243199e-01
    6.32075906e-01 6.40395403e-01 5.93775153e-01 5.17849267e-01
    8.05407941e-01 7.60421753e-01 2.56070167e-01 1.62596285e-01
    9.47720408e-01 1.86993808e-01 8.52204263e-02 4.56281632e-01
    8.88635814e-02 4.34480220e-01 6.99180543e-01 4.10372764e-01
    8.56357336e-01 2.04715729e-01 8.96919429e-01 5.83756030e-01
    4.97368366e-01 2.68191487e-01 2.88740098e-01 6.57926917e-01
    9.77759123e-01 9.71469581e-02 2.79888213e-01 4.37610477e-01
    3.24145645e-01 3.87872607e-01 8.21457326e-01 3.12695444e-01
    5.31246662e-01 5.81957042e-01 4.45823550e-01 2.70793021e-01
    8.72666478e-01 5.97472310e-01 4.86755669e-01 2.11256534e-01
    9.02113140e-01 4.85121906e-02 6.59405828e-01 6.53672874e-01
    8.83214474e-01 9.89921808e-01 2.27854967e-01 2.77181923e-01
    7.33103514e-01 5.97410142e-01 6.42526150e-01 9.11538959e-01
    4.06564653e-01 6.74516439e-01 8.10799241e-01 1.15312666e-01
    9.85682070e-01 9.72560167e-01 9.25731778e-01 7.04608202e-01
    2.83498406e-01 4.51462656e-01 4.55248207e-01 6.81759000e-01
    3.05828571e-01 6.31007552e-01 9.09846306e-01 2.70287991e-01
    4.87558007e-01 4.47516590e-01 4.24592316e-01 8.83407950e-01
    1.34112090e-01 3.40662420e-01 9.11979616e-01 1.43217385e-01
    1.76567525e-01 3.14544410e-01 1.89312875e-01 4.32649285e-01
    4.96019125e-02 0. 0. 0. 0. 0. 0. 0. 0. 0. 0. 0. 0. 0. 0. 0. 0. 0. 0.
    5.27145088e-01 8.09308887e-03 8.30272734e-02 2.94007182e-01
    8.29345167e-01 9.38696206e-01 7.42498934e-01 6.30328238e-01
    4.68338579e-01 4.01631504e-01 7.98425078e-01 7.42195725e-01
    1.67433083e-01 8.55607212e-01 7.97396898e-01 9.91414785e-01
    7.31873035e-01 4.59879577e-01 1.69722736e-01 6.83998644e-01
    7.23651946e-01 7.83223271e-01 4.62836862e-01 8.36418331e-01
    3.44783336e-01 3.52419078e-01 1.04561269e-01 2.31621742e-01
    4.56418395e-01 8.14668238e-01 6.77641690e-01 2.58099437e-02
    4.78519380e-01 8.63205433e-01 4.02063400e-01 4.17767525e-01
    1.23925000e-01 2.11732984e-02 4.47757155e-01 4.27773505e-01
    9.90654945e-01 6.92686856e-01 7.73405433e-01 6.16801381e-02
    8.86644363e-01 8.08008790e-01 1.44760698e-01 6.40905678e-01
    3.49853754e-01 3.27901125e-01 2.39057034e-01 6.60624743e-01
    2.94765145e-01 2.39700347e-01 4.82466042e-01 2.29446203e-01
    5.15495002e-01 2.44991302e-01 5.46386421e-01 2.83917129e-01
    9.97468233e-01 7.46701479e-01 4.80489194e-01 1.38643026e-01
    1.28555000e-02 7.12093115e-02 6.49963200e-01 7.57153988e-01
    3.52773488e-01 3.71232361e-01 4.18608516e-01 1.07440650e-02
    4.56920415e-01 2.30240524e-02 7.87075877e-01 6.18632317e-01
    1.38235241e-01 2.46284157e-01 7.06659198e-01 6.24002814e-01
    4.56748009e-01 5.11195362e-01 5.06115735e-01 9.26893353e-01
    4.23784256e-01 5.15984595e-02 5.38760960e-01 2.15954781e-01
    4.06655312e-01 2.42420912e-01 2.69372106e-01 5.69064498e-01
    8.66958499e-01 9.10953045e-01 3.64555240e-01 5.68658054e-01
    7.83925176e-01 9.87486959e-01 1.95491672e-01 4.37689513e-01
    1.41863048e-01 1.21123761e-01 9.41897988e-01 5.02281427e-01
    2.23914713e-01 3.24248374e-01 7.85534680e-02 5.35263002e-01
    8.74425828e-01 4.07716215e-01 1.83441103e-01 2.50593305e-01
    5.07004857e-02 1.38762563e-01 3.18587780e-01 3.81645143e-01
    1.42054856e-01 9.80021000e-01 9.52415228e-01 2.90678382e-01
    3.59112024e-02 7.21564949e-01 6.94837511e-01 7.17320204e-01
    6.60284042e-01 8.58328640e-02 8.75237703e-01 7.21606970e-01
    2.55283922e-01 5.14274240e-01 7.20667541e-02 5.74383140e-02
    6.07099652e-01 3.97443414e-01 4.56564814e-01 2.78301120e-01
    8.39660764e-01 5.63817680e-01 9.52530384e-01 9.89331782e-01
    1.31044984e-01 1.27799749e-01 2.87032753e-01 9.21817720e-02
    7.10700274e-01 2.02386677e-01 3.80976528e-01 1.56603366e-01
    9.34356213e-01 6.52351856e-01 1.78145498e-01 3.57044786e-01
    3.95616174e-01 2.99158990e-02 2.62327790e-02 6.31915808e-01
    3.69311005e-01 6.88971400e-01 8.70064855e-01 3.56388122e-01
    9.90690470e-01 3.14482927e-01 1.80582970e-01 7.67922759e-01
    2.26591825e-01 8.17462683e-01 1.89613044e-01 7.68766820e-01
    2.38834888e-01 3.24328601e-01 6.44522727e-01 7.61127114e-01
    7.35263228e-02 8.86818290e-01 8.74542117e-01 1.88640028e-01
    7.06667066e-01 5.69051504e-03 3.08272839e-01 2.12708116e-03
    8.32097411e-01 1.77693337e-01 3.21205020e-01 3.59117091e-01
    8.37176561e-01 1.79060847e-01 5.21213233e-01 9.70588088e-01
    1.43134594e-03 8.19527984e-01 2.74040341e-01 6.10210657e-01
    6.46180332e-01 9.64747131e-01 4.30043042e-02 1.97186440e-01
    2.53191382e-01 3.67802441e-01 9.57501054e-01 1.68781757e-01
    9.85355377e-01 9.93774593e-01 5.98089218e-01 7.07936764e-01
    8.85065317e-01 9.73444045e-01 4.36399221e-01 6.26825094e-01
    5.37425041e-01 6.90851390e-01 4.64105755e-01 4.61874664e-01
    4.10380900e-01 1.21487737e-01 6.86535001e-01 8.26634765e-01
    7.95678377e-01 2.09422410e-02 8.35893154e-01 3.31482738e-01
    6.21898353e-01 4.23207045e-01 7.36032069e-01 8.57570291e-01
    7.95046389e-01 4.82169569e-01 8.15476120e-01 8.93074036e-01
    4.55768496e-01 6.34775758e-01 1.22391999e-01 7.73985863e-01
    5.02783477e-01 1.25581264e-01 2.74530232e-01 9.13403928e-02
    9.61115956e-01 5.84110558e-01 3.15963030e-01 3.11499566e-01
    8.24477315e-01 4.00532603e-01 3.86799902e-01 6.26488209e-01
    9.01588678e-01 4.09675211e-01 2.09917992e-01 3.63309562e-01
    7.07471907e-01 1.64308697e-01 1.42290592e-02 7.26580381e-01
    9.42119241e-01 8.33640575e-01 9.45979059e-02 4.91753221e-03 0. 0. 0.
    0. 0. 0. 0. 0. 0. 0. 0. 0. 0. 0. 0. 0. 0. 0. 4.54149842e-02
    2.22649246e-01 9.80848312e-01 9.98143315e-01 2.49948531e-01
    3.72674048e-01 5.08282304e-01 7.41883934e-01 4.54522520e-01
    6.94267154e-02 5.33240974e-01 6.00563645e-01 9.12626922e-01
    7.17623532e-01 6.92892075e-01 2.57474363e-01 9.95211244e-01
    2.76139915e-01 3.60675424e-01 1.19817287e-01 8.71215820e-01
    5.75848460e-01 8.59409094e-01 3.89367044e-02 9.12467122e-01
    5.83680987e-01 4.14399266e-01 3.56719971e-01 1.20423466e-01
    4.02894557e-01 5.44725239e-01 7.17582285e-01 7.49229074e-01
    2.35454679e-01 2.31403798e-01 4.86998677e-01 5.83983004e-01
    4.94379789e-01 6.59571707e-01 1.08757943e-01 1.45532101e-01
    9.21879768e-01 1.82078034e-01 1.52087659e-01 4.26831901e-01
    8.61658275e-01 5.72662413e-01 3.77618790e-01 1.52153105e-01
    3.03003728e-01 8.60470712e-01 4.43115562e-01 4.40226823e-01
    6.79128468e-01 1.95532292e-01 4.56826508e-01 3.11236084e-01
    8.45945597e-01 3.50624859e-01 9.44928765e-01 5.48475742e-01
    2.62208819e-01 5.17317355e-01 4.91099507e-01 3.86406094e-01
    1.22747421e-01 3.94559294e-01 9.41682100e-01 9.39577818e-01
    8.40706468e-01 2.53171414e-01 8.32859516e-01 9.67125535e-01
    6.74868941e-01 6.58536136e-01 6.65640950e-01 3.05837274e-01
    3.09457242e-01 4.51467186e-01 8.64188373e-02 9.08117414e-01
    5.32849133e-01 3.51973981e-01 6.91191196e-01 6.32151663e-02
    1.38022333e-01 4.14161414e-01 3.72414947e-01 8.51364434e-02
    1.54366702e-01 5.71366549e-02 6.48354113e-01 2.17476368e-01
    2.81657517e-01 5.86968660e-03 3.78358871e-01 1.41000777e-01
    4.50408161e-01 1.76532656e-01 2.46716410e-01 9.79999542e-01
    6.08616829e-01 7.05073118e-01 5.40324092e-01 1.39799774e-01
    3.56253684e-02 4.89803702e-01 4.92379367e-02 7.35592425e-01
    8.91489625e-01 9.98003125e-01 3.71788502e-01 5.04132271e-01
    2.43920386e-01 3.64034504e-01 2.64792740e-01 8.67005467e-01
    4.49311733e-03 5.70520759e-01 3.78569961e-03 4.63010073e-01
    5.61386108e-01 1.20067716e-01 4.38011527e-01 2.10798234e-01
    1.95924640e-02 3.40439647e-01 6.80862665e-01 4.97700363e-01
    3.68264914e-02 6.60321236e-01 6.61571503e-01 5.48990071e-02
    3.13632965e-01 9.39784229e-01 2.21206546e-02 6.11008644e-01
    9.43500161e-01 1.71523452e-01 1.84548736e-01 6.60319149e-01
    2.28159219e-01 4.61430550e-01 2.77644396e-01 1.56821042e-01
    5.71346581e-01 5.06995201e-01 3.35265338e-01 9.27782893e-01
    3.92155886e-01 3.98545563e-01 8.92588377e-01 8.43460560e-02
    6.57863200e-01 7.23781109e-01 8.31312776e-01 7.97391891e-01
    4.77209449e-01 5.42170644e-01 9.93901134e-01 4.49802279e-02
    3.34092885e-01 3.29665601e-01 7.22511411e-02 5.40219426e-01
    8.50948453e-01 6.25280499e-01 5.30603290e-01 9.34243441e-01
    5.76712787e-01 1.98547840e-01 1.30733937e-01 3.56246054e-01
    7.11631954e-01 9.19755280e-01 1.37249738e-01 6.07494950e-01
    1.34060293e-01 7.21356750e-01 9.09034908e-02 4.80292141e-01
    2.22846359e-01 6.56806231e-01 5.94029725e-01 1.76372617e-01
    4.46859062e-01 1.54506624e-01 8.74546409e-01 1.86934739e-01
    3.63860130e-01 4.15241659e-01 1.19915754e-01 6.64705813e-01
    5.37179768e-01 8.60092819e-01 8.85665178e-01 9.63484526e-01
    4.75225151e-01 4.15763348e-01 1.78395182e-01 1.61123872e-01
    9.84758377e-01 7.30073869e-01 5.28471649e-01 3.66756707e-01
    8.88334215e-02 5.13795376e-01 2.59350181e-01 9.57169294e-01
    9.27994013e-01 8.63942206e-01 4.81577784e-01 2.35554576e-01
    4.73924160e-01 9.31449294e-01 5.12126088e-02 7.96910465e-01
    2.36708999e-01 5.44106305e-01 8.19469094e-01 8.05184960e-01
    9.76712346e-01 4.61740851e-01 6.11023962e-01 4.28375602e-03
    5.80232441e-01 4.58846807e-01 8.91888857e-01 6.11660540e-01
    5.24203479e-02 4.92920011e-01 8.67847562e-01 2.33920902e-01
    9.13539648e-01 8.12460303e-01 9.39412236e-01 2.65817344e-01
    2.71138549e-01 9.43830311e-02 8.12596023e-01 1.84500128e-01
    9.66452003e-01 2.68786132e-01 8.52764547e-01 5.13310671e-01
    4.79233831e-01 7.67677724e-01 8.87399256e-01 4.41141665e-01
    8.68457496e-01 7.54076242e-02 8.73900294e-01 9.18312550e-01
    4.12077934e-01 6.58651292e-02 5.01281202e-01 0. 0. 0. 0. 0. 0. 0. 0.
    0. 0. 0. 0. 0. 0. 0. 0. 0. 0. 8.94853413e-01 8.71860385e-01
    8.33998680e-01 8.55761170e-01 7.38198638e-01 6.22022390e-01
    4.46934521e-01 6.91822350e-01 2.88552582e-01 1.33250058e-02
    7.81258762e-01 9.04714346e-01 6.92307174e-01 4.16817933e-01
    2.03671902e-01 9.56945479e-01 5.70260108e-01 7.30258167e-01
    9.62007642e-01 3.79984379e-01 1.73444897e-01 1.01347655e-01
    4.32977587e-01 8.62634659e-01 2.22031176e-02 6.73707008e-01
    3.55645180e-01 1.63449019e-01 3.13212186e-01 8.98095131e-01
    1.20215774e-01 1.17420107e-01 2.49529243e-01 2.27347523e-01
    6.04613900e-01 6.54006660e-01 9.93933141e-01 6.32771671e-01
    1.20322108e-01 9.20501709e-01 1.41144395e-01 9.51068997e-02
    9.67312396e-01 6.28992558e-01 9.22957063e-01 8.61720681e-01
    8.72203946e-01 8.45480323e-01 8.49312544e-01 7.24758565e-01
    7.04119742e-01 9.98867631e-01 6.95452094e-01 6.48022950e-01
    6.89027965e-01 5.98635077e-01 3.11809540e-01 6.46416843e-01
    1.08651251e-01 6.16390407e-01 1.60009772e-01 8.46355081e-01
    1.57911628e-01 2.48740882e-01 1.60321295e-02 6.78321123e-01
    8.80061388e-01 2.54868209e-01 3.81696612e-01 9.78669405e-01
    1.24515474e-01 8.77705216e-03 5.35618007e-01 6.63739920e-01
    8.30920458e-01 1.59370393e-01 4.50158447e-01 9.15241480e-01
    8.23511541e-01 1.91467434e-01 7.71808147e-01 3.45932841e-01
    1.11279070e-01 2.14607477e-01 4.63242143e-01 7.53858149e-01
    3.17767262e-03 2.15544164e-01 5.30355394e-01 4.44365025e-01
    4.18080330e-01 9.61205006e-01 9.20302033e-01 2.04042137e-01
    9.56901789e-01 4.11960959e-01 2.10158139e-01 6.62439048e-01
    2.05154836e-01 2.38618314e-01 7.42414117e-01 3.06088030e-01
    9.68485475e-01 4.62398946e-01 1.35596901e-01 6.24702871e-01
    4.16982949e-01 2.69070148e-01 8.23152304e-01 7.03974783e-01
    7.36639380e-01 3.43568504e-01 2.41469771e-01 5.68759203e-01
    5.78317285e-01 6.16500676e-02 6.58959568e-01 1.76467150e-01
    4.83176261e-01 1.99096799e-02 1.17940366e-01 9.77863789e-01
    1.18224829e-01 8.43771636e-01 4.47888762e-01 4.53369677e-01
    3.70155811e-01 4.59627599e-01 3.41509998e-01 5.64600587e-01
    1.56375438e-01 3.60541731e-01 7.46203840e-01 6.25621974e-02
    1.20754540e-02 1.35662675e-01 9.05289054e-01 8.69025111e-01
    8.91551256e-01 5.73553503e-01 9.49436665e-01 9.74159122e-01
    5.94312549e-01 4.28909600e-01 6.37512624e-01 2.23499477e-01
    1.82276875e-01 9.72219467e-01 8.89888883e-01 3.94407749e-01
    4.54129457e-01 5.38130224e-01 6.62523627e-01 5.75153172e-01
    2.85876453e-01 7.79668450e-01 3.66000235e-01 9.45511401e-01
    5.34529269e-01 9.40258682e-01 4.76689696e-01 3.23811561e-01
    3.88621330e-01 1.10915840e-01 1.69642687e-01 4.50075090e-01
    7.68785238e-01 8.17643702e-01 1.47914916e-01 5.66604853e-01
    3.27579319e-01 2.93582141e-01 8.49051833e-01 4.76593375e-02
    6.00879073e-01 7.05329716e-01 8.34257841e-01 7.65858948e-01
    6.33373559e-01 7.31581748e-01 2.18625158e-01 1.81000352e-01
    1.26001835e-02 4.28372920e-02 3.94577444e-01 8.04994345e-01
    5.51129878e-02 1.73512161e-01 5.71244240e-01 1.76813543e-01
    8.69853377e-01 2.71814108e-01 4.29157823e-01 3.24915767e-01
    9.53985393e-01 7.65941381e-01 6.13774002e-01 5.99361241e-01
    6.28440499e-01 6.45967305e-01 7.05825984e-01 7.69371867e-01
    8.72464180e-02 8.73564720e-01 5.80722630e-01 6.06227815e-02
    8.55921626e-01 7.82406092e-01 9.61304724e-01 3.01384687e-01
    9.19804633e-01 8.75465572e-01 1.55060023e-01 8.44035506e-01
    7.20974207e-01 4.69009042e-01 6.15432322e-01 6.88925564e-01
    3.22889686e-02 5.43627679e-01 2.95466959e-01 6.43922091e-02
    2.73453236e-01 3.93652737e-01 4.12636429e-01 3.73364091e-01
    2.16348290e-01 8.56676698e-02 9.35036719e-01 5.21081388e-01
    9.45594907e-01 9.77155030e-01 7.75969028e-01 7.62555957e-01
    8.21530700e-01 9.92553174e-01 8.82320285e-01 5.09246469e-01
    4.24587429e-02 3.67326587e-01 4.53144491e-01 8.39803278e-01
    5.77147126e-01 3.70734096e-01 2.67665327e-01 6.14798605e-01
    2.03280330e-01 2.29130089e-02 6.47408903e-01 9.66895819e-01
    1.55186355e-02 8.33985686e-01 3.46290231e-01 6.59536839e-01
    2.03756988e-01 8.89330029e-01 0. 0. 0. 0. 0. 0. 0. 0. 0. 0. 0. 0. 0.
    0. 0. 0. 0. 0. 3.21040273e-01 3.98535311e-01 7.21432567e-01
    5.37806153e-01 9.04842734e-01 5.54393947e-01 7.71684408e-01
    3.34844947e-01 4.64572310e-01 7.29714274e-01 7.09137797e-01
    2.23825455e-01 5.23756385e-01 5.44805586e-01 9.40724850e-01
    4.55997944e-01 7.74399519e-01 5.36527157e-01 6.06579423e-01
    2.81354725e-01 3.66261274e-01 2.10963011e-01 6.65923476e-01
    6.44495666e-01 1.63579732e-01 1.98665619e-01 8.46110880e-01
    6.06784225e-02 3.45360994e-01 2.63032496e-01 1.23459190e-01
    7.77747869e-01 7.03591943e-01 6.87302351e-01 7.85568237e-01
    6.48279488e-01 6.19603455e-01 2.01740742e-01 3.89960706e-01
    1.05433077e-01 5.58568358e-01 8.60210061e-01 2.16584057e-01
    9.88161385e-01 6.29969776e-01 2.46901631e-01 5.80260336e-01
    1.21671110e-01 1.24091536e-01 5.77943027e-02 7.79701710e-01
    1.55646563e-01 5.80386281e-01 6.83877170e-02 4.97707099e-01
    6.66526020e-01 3.21881503e-01 8.15066099e-01 8.83582234e-03
    7.67044783e-01 9.33081567e-01 7.29584754e-01 8.69171917e-02
    9.77640152e-01 1.66492105e-01 3.56968284e-01 4.60206926e-01
    8.96243334e-01 7.90130198e-01 9.09980416e-01 5.72515428e-02
    9.43821669e-01 2.76288748e-01 3.07229638e-01 7.11360216e-01
    4.94756550e-01 9.85598922e-01 2.64696419e-01 7.04183221e-01
    1.32230848e-01 2.88538009e-01 2.64375985e-01 9.32880342e-01
    5.98314047e-01 3.73892188e-01 9.06529427e-01 1.85348809e-01
    5.50568819e-01 4.52573478e-01 3.84544045e-01 2.69638628e-01
    3.85961771e-01 6.50912404e-01 3.80101442e-01 8.65096092e-01
    4.54612434e-01 9.41925764e-01 3.31384331e-01 1.10617638e-01
    1.65464342e-01 6.38475299e-01 9.97453332e-02 5.82857072e-01
    5.61553895e-01 2.46268660e-01 1.01925284e-01 6.50982440e-01
    3.46668720e-01 1.65951252e-01 4.91781116e-01 1.99160188e-01
    6.96862936e-01 5.58279514e-01 9.96976972e-01 7.98382401e-01
    2.77954638e-01 5.70245862e-01 7.43496001e-01 5.68278134e-02
    8.29216003e-01 2.12642342e-01 1.70129508e-01 5.57450771e-01
    5.69422781e-01 2.27219760e-01 6.89050436e-01 6.31834745e-01
    6.60975575e-01 5.04441857e-01 5.81873059e-01 3.60065103e-01
    7.90692329e-01 9.44815755e-01 7.26176977e-01 1.39619946e-01
    1.00818783e-01 8.56221914e-01 2.18911141e-01 1.90698177e-01
    5.65540612e-01 5.96379161e-01 6.27322853e-01 3.77060235e-01
    5.34959018e-01 1.64582461e-01 5.51459670e-01 5.26597440e-01
    3.48910093e-01 5.59857130e-01 2.64466375e-01 2.66290903e-01
    9.86830711e-01 1.70514703e-01 5.17189622e-01 6.94559097e-01
    6.52173400e-01 3.13513517e-01 1.07307553e-01 5.93378186e-01
    4.35687035e-01 3.86269182e-01 4.71927524e-02 4.16578770e-01
    5.48359156e-01 3.41025203e-01 3.32361519e-01 6.14986658e-01
    8.80305529e-01 3.59120727e-01 6.65613532e-01 8.77613544e-01
    6.34749174e-01 9.79184151e-01 7.18678951e-01 9.65661705e-02
    6.37072861e-01 5.56972504e-01 7.27173269e-01 8.16980958e-01
    4.41518396e-01 9.98672009e-01 5.01147509e-01 1.45588875e-01
    8.74239564e-01 1.78149641e-01 3.25848579e-01 2.75392652e-01
    8.22568536e-01 2.74726570e-01 4.68722582e-02 8.45662594e-01
    6.74527824e-01 2.51928627e-01 4.97170180e-01 1.45760596e-01
    1.28106236e-01 3.04611921e-02 9.50573921e-01 5.69238663e-01
    8.50885153e-01 8.73968840e-01 4.50975120e-01 6.83119118e-01
    6.69949412e-01 4.54654932e-01 8.42123389e-01 1.47677809e-01
    2.25447178e-01 1.18714094e-01 3.36574912e-01 5.60176075e-01
    7.01486170e-01 2.06534415e-01 3.38358521e-01 6.41230226e-01
    8.07195246e-01 8.94356787e-01 9.43571329e-01 2.35363275e-01
    8.69726956e-01 9.38850045e-02 4.45702076e-02 5.50830841e-01
    7.25588083e-01 6.62762642e-01 4.98763293e-01 3.48660111e-01
    4.10748541e-01 1.76563859e-01 7.99842596e-01 6.99852049e-01
    4.02683109e-01 5.46960711e-01 7.76903987e-01 8.26653421e-01
    5.97648263e-01 3.71996135e-01 8.90731156e-01 8.10989618e-01
    5.43977797e-01 3.61694276e-01 4.20021474e-01 9.34130907e-01
    3.58704090e-01 4.72567260e-01 6.89211726e-01 7.64988363e-01
    8.23170066e-01 3.34548652e-01 7.61060476e-01 4.04828876e-01
    5.97077012e-01 2.47389317e-01 6.02275133e-01 2.09676921e-01
    3.24438751e-01 0. 0. 0. 0. 0. 0. 0. 0. 0. 0. 0. 0. 0. 0. 0. 0. 0. 0.
    5.22000313e-01 4.63932246e-01 1.24400586e-01 8.27096224e-01
    7.53973126e-01 8.37250292e-01 1.19844377e-01 5.64984381e-01
    6.34528756e-01 2.16557652e-01 2.04165876e-02 4.94031459e-01
    9.87182617e-01 2.18792617e-01 3.17943513e-01 3.71053159e-01
    6.59678042e-01 7.46708453e-01 1.79267943e-01 3.10977042e-01
    5.77125549e-01 9.26103473e-01 6.88545346e-01 5.55305958e-01
    3.46553266e-01 3.14277798e-01 2.41096437e-01 8.99411738e-02
    6.76662505e-01 9.73476946e-01 5.78470230e-01 5.37245512e-01
    7.03717470e-01 1.53739750e-01 4.38131750e-01 7.83798516e-01
    3.68101597e-02 4.56052691e-01 5.37002385e-01 5.73399425e-01
    9.74753082e-01 6.47211969e-02 1.31534070e-01 6.50910854e-01
    4.27111238e-01 2.62192786e-01 8.86744022e-01 8.20930839e-01
    3.65343690e-01 9.19649839e-01 5.46000600e-01 8.26470017e-01
    2.48322666e-01 4.65230763e-01 3.60496789e-01 4.72692877e-01
    5.76978445e-01 3.24972868e-01 6.34662271e-01 4.94468212e-01
    5.76441646e-01 6.00799441e-01 5.17994165e-02 1.18886203e-01
    9.45160925e-01 8.33275080e-01 9.97210145e-01 9.72230077e-01
    1.19224638e-01 4.97789532e-01 7.88762450e-01 3.11146617e-01
    1.51385397e-01 6.63956881e-01 3.52734447e-01 3.72149825e-01
    6.78680182e-01 6.16682053e-01 8.51535439e-01 1.06456131e-01
    6.55542135e-01 3.61185074e-02 9.72906828e-01 2.22146034e-01
    3.53527308e-01 7.94954181e-01 3.13236892e-01 1.11784428e-01
    1.70826018e-02 6.07313037e-01 7.21519589e-01 8.49835753e-01
    6.92610979e-01 4.02774632e-01 2.84458190e-01 3.73760462e-02
    4.91788030e-01 7.37424731e-01 8.83001685e-01 7.26396263e-01
    7.20195115e-01 6.04252517e-01 5.68573177e-01 6.72493339e-01
    7.26518214e-01 6.28626347e-01 9.52304244e-01 9.68707800e-01
    7.78704405e-01 7.17669249e-01 1.13308460e-01 7.24143207e-01
    5.35704374e-01 7.31340051e-02 5.99891782e-01 3.59764099e-02
    6.90603554e-01 3.17933202e-01 3.87929201e-01 6.74086034e-01
    1.69710308e-01 3.88549745e-01 6.16863966e-01 9.58387554e-01
    4.35310394e-01 6.38583541e-01 3.72092605e-01 4.36802149e-01
    1.26468539e-01 6.64397001e-01 7.61434317e-01 5.85244238e-01
    1.11871570e-01 8.55354190e-01 6.31489396e-01 5.96084654e-01
    8.53848934e-01 6.55921936e-01 3.77923518e-01 2.37681270e-02
    9.89226460e-01 3.48371625e-01 2.97961712e-01 8.99722278e-01
    4.45119113e-01 8.35683703e-01 5.19717336e-02 2.62127459e-01
    6.31110907e-01 4.58077848e-01 8.33823979e-01 8.41477573e-01
    2.30363637e-01 2.12589025e-01 1.68671042e-01 8.81867051e-01
    1.61742121e-01 9.48103011e-01 5.64446807e-01 8.32270205e-01
    8.33944917e-01 2.65710890e-01 5.52719176e-01 9.50907111e-01
    7.64818668e-01 5.99175990e-01 7.37490714e-01 9.94318962e-01
    3.99440169e-01 2.63978124e-01 3.70160341e-02 1.20964944e-01
    4.00957316e-01 4.07454520e-01 6.76607847e-01 5.29113412e-01
    6.97532594e-01 7.20703483e-01 3.72075617e-01 2.22900778e-01
    7.94894218e-01 3.34010720e-02 7.62673914e-01 7.87236989e-02
    8.47650051e-01 5.80538511e-02 6.16608381e-01 4.22612578e-01
    2.13825077e-01 9.11669970e-01 7.44040251e-01 1.49063140e-01
    6.01564348e-01 1.85515821e-01 6.49609983e-01 2.56138116e-01
    5.97346783e-01 4.92068678e-01 6.85234070e-02 6.60810411e-01
    1.16705239e-01 7.90480733e-01 3.82759720e-01 8.37343335e-02
    1.76070392e-01 1.74618363e-02 9.66736794e-01 1.25705659e-01
    2.02785105e-01 2.31253564e-01 9.13427174e-01 4.30559933e-01
    1.49409831e-01 5.20809889e-01 8.57277811e-01 2.23375797e-01
    8.88295174e-01 8.74213040e-01 7.71381199e-01 4.89012301e-02
    8.92509341e-01 8.12109828e-01 9.06626880e-02 1.23770237e-01
    9.50429082e-01 7.36724138e-01 7.92860985e-03 4.76600915e-01
    6.74019217e-01 1.71715289e-01 1.41972125e-01 4.95767385e-01
    1.70394897e-01 2.12365091e-02 4.76036370e-02 1.99311882e-01
    1.47562325e-01 9.56324756e-01 9.57064211e-01 1.50734782e-02
    7.67790914e-01 5.52952111e-01 4.41384077e-01 8.27416539e-01
    1.16408259e-01 2.58962035e-01 3.79588246e-01 6.18339777e-02
    1.78158730e-01 6.29577279e-01 4.98201221e-01 9.16456223e-01
    2.75296390e-01 8.79758596e-02 7.65723884e-01 4.10875142e-01 0. 0. 0.
    0. 0. 0. 0. 0. 0. 0. 0. 0. 0. 0. 0. 0. 0. 0. 5.55179298e-01
    7.08239079e-02 3.96859050e-02 5.98745763e-01 7.28151560e-01
    8.86643767e-01 3.10022950e-01 8.81337285e-01 3.75230342e-01
    6.09644413e-01 3.43710005e-01 4.76932675e-01 5.30931711e-01
    2.76783973e-01 5.87614238e-01 6.39352918e-01 6.34302497e-01
    8.93694341e-01 9.23267365e-01 4.58698809e-01 1.19912505e-01
    3.63122463e-01 5.38949370e-01 4.42276686e-01 5.17845035e-01
    3.80704790e-01 9.95529413e-01 7.15268195e-01 1.09941870e-01
    3.47369850e-01 9.87163484e-02 8.65085602e-01 3.01782131e-01
    6.14819169e-01 4.14475828e-01 4.36162055e-01 4.70947385e-01
    2.69044429e-01 6.71881795e-01 1.89468265e-01 3.78164113e-01
    2.71816045e-01 9.70572531e-01 3.15719366e-01 2.36897826e-01
    1.27294123e-01 5.32793045e-01 4.76056218e-01 2.93591976e-01
    2.73146629e-01 7.83883929e-01 8.79105806e-01 2.74566889e-01
    6.44858420e-01 7.69132018e-01 7.53918350e-01 7.75832117e-01
    7.96804428e-01 1.45986617e-01 5.78960717e-01 9.30480659e-02
    4.41435933e-01 2.20383644e-01 8.06593060e-01 6.33792698e-01
    4.44679707e-01 6.27672970e-01 2.75907516e-02 6.08162642e-01
    6.19465709e-02 7.93817222e-01 2.68584430e-01 6.37402475e-01
    4.04539198e-01 1.47978783e-01 6.27481222e-01 4.32286143e-01
    2.15125710e-01 2.94806361e-02 9.57537174e-01 6.18105292e-01
    5.84743857e-01 2.70629883e-01 6.17418945e-01 2.01026738e-01
    4.50419456e-01 9.75520849e-01 5.57014108e-01 6.70323253e-01
    5.52978873e-01 6.99855447e-01 6.71122313e-01 3.82491916e-01
    1.14816070e-01 1.29630566e-02 3.05507243e-01 2.63219714e-01
    9.04862881e-01 4.04563904e-01 7.66385257e-01 4.47411984e-01
    4.82038856e-01 3.00984979e-01 1.68230981e-01 5.05776763e-01
    7.31994808e-02 5.33307374e-01 7.05360472e-01 7.75157332e-01
    6.90352917e-03 6.27621293e-01 2.58669734e-01 9.24729824e-01
    7.42572308e-01 5.37689626e-02 2.62942553e-01 6.91331625e-01
    1.51815563e-01 1.47747964e-01 4.39995229e-01 1.70191944e-01
    9.03194070e-01 6.30251765e-01 5.84270120e-01 2.29292572e-01
    8.06760013e-01 9.69959021e-01 4.20247287e-01 6.35287821e-01
    8.39587331e-01 4.99285430e-01 2.96035647e-01 6.34357989e-01
    5.65521896e-01 6.08415902e-01 5.66908360e-01 1.81607306e-01
    8.32837999e-01 2.39790618e-01 8.80834639e-01 4.37477589e-01
    7.80105472e-01 9.22339559e-01 1.89544201e-01 5.52953303e-01
    3.46219420e-01 8.97868752e-01 1.40234768e-01 5.25184572e-01
    2.70449698e-01 7.78641105e-01 3.28348130e-01 4.75451380e-01
    9.16284800e-01 3.77604663e-01 9.55742240e-01 7.02870786e-01
    4.81765032e-01 9.00079250e-01 1.94384515e-01 6.96338117e-01
    3.01073015e-01 4.83587623e-01 6.53305411e-01 8.06148469e-01
    2.55671024e-01 6.35757685e-01 5.18324733e-01 5.93918741e-01
    6.07293606e-01 2.57504940e-01 3.29232305e-01 4.28025126e-01
    1.39416218e-01 7.52980113e-02 7.60838032e-01 1.87218517e-01
    7.67060518e-01 2.00560451e-01 9.45272684e-01 5.06901741e-01
    4.55284476e-01 5.24272323e-01 7.68636525e-01 5.59735596e-02
    2.70068526e-01 7.97696412e-01 9.13779318e-01 3.75079662e-01
    2.12560505e-01 3.13885212e-01 9.88506556e-01 6.02679968e-01
    8.59081745e-02 6.37969971e-01 4.03068274e-01 5.71477354e-01
    8.42338443e-01 9.26515341e-01 5.93882918e-01 5.88218212e-01
    8.06172371e-01 7.84974217e-01 6.42589688e-01 3.46484065e-01
    7.76135206e-01 9.90440130e-01 7.49042571e-01 4.56027687e-02
    3.26513946e-01 6.12667561e-01 6.06369674e-01 9.69408751e-01
    1.80788904e-01 4.54214513e-01 2.37972289e-01 7.72415519e-01
    4.27072525e-01 6.20490193e-01 8.47908616e-01 3.04087996e-01
    8.04898441e-02 6.99843466e-01 3.22544366e-01 8.26264620e-01
    6.39516413e-01 2.61466801e-01 2.30607212e-01 6.08300149e-01
    1.22082055e-01 2.92000771e-01 3.50904107e-01 5.57488739e-01
    5.63941836e-01 4.50359583e-02 3.27853262e-02 6.05994582e-01
    6.83276772e-01 5.24098217e-01 8.16354156e-03 2.94232965e-01
    6.23794734e-01 6.71213448e-01 2.91739792e-01 4.98933494e-02
    2.66964316e-01 4.65264767e-01 8.49854469e-01 8.59632730e-01
    1.38784856e-01 5.56534529e-01 6.60318851e-01 8.97949100e-01
    5.86388588e-01 5.61094940e-01 9.33048248e-01 0. 0. 0. 0. 0. 0. 0. 0.
    0. 0. 0. 0. 0. 0. 0. 0. 0. 0. 9.39002275e-01 9.02890086e-01
    3.13900858e-01 1.09144360e-01 3.96718264e-01 2.18662143e-01
    8.30941021e-01 8.16370010e-01 7.71601677e-01 9.44813013e-01
    4.79621589e-02 8.64086151e-01 7.17991531e-01 8.13124299e-01
    6.45149887e-01 2.91644454e-01 4.97286648e-01 3.70982289e-03
    2.80384541e-01 2.72683799e-01 6.01035416e-01 9.66071248e-01
    6.30320609e-02 5.05238771e-03 3.72454941e-01 9.83430505e-01
    6.68434381e-01 1.04308128e-03 7.80524373e-01 3.96949917e-01
    6.46129251e-02 2.22102135e-01 9.59599733e-01 2.27967262e-01
    3.09571743e-01 2.37596333e-02 9.13785458e-01 3.43210101e-01
    9.25312042e-01 9.60834622e-02 3.67035538e-01 2.68042684e-02
    7.52979755e-01 1.12098157e-01 9.55178380e-01 9.20060039e-01
    3.16379488e-01 3.52349699e-01 5.62009037e-01 7.92157531e-01
    2.55789816e-01 5.23514926e-01 7.73685575e-01 9.37789679e-01
    4.49555814e-02 6.52096927e-01 9.99298990e-02 7.91372120e-01
    5.98250151e-01 9.56227303e-01 4.10573840e-01 3.55764031e-02
    7.68857360e-01 3.23873341e-01 4.34284300e-01 1.71348751e-01
    4.75405037e-01 9.47682858e-01 8.01361263e-01 5.37277937e-01
    4.15872335e-02 7.95566201e-01 5.10719836e-01 9.29449558e-01
    7.90200949e-01 5.13493896e-01 9.49907064e-01 1.98011547e-01
    2.43652523e-01 6.94527388e-01 6.88689232e-01 5.06711960e-01
    5.87325156e-01 5.85891485e-01 1.78053975e-02 5.58504403e-01
    9.74643946e-01 2.93243527e-01 7.11577594e-01 9.25139487e-01
    2.72857428e-01 7.10843563e-01 9.79984045e-01 4.36464012e-01
    9.31847095e-01 7.68569708e-02 6.37161851e-01 2.75979370e-01
    4.53553796e-01 3.27070117e-01 4.70101714e-01 7.80602634e-01
    4.08695310e-01 3.45153034e-01 8.57529640e-01 4.55229819e-01
    8.40811014e-01 7.47487307e-01 1.13839954e-01 9.20422375e-01
    4.47510451e-01 6.45868242e-01 9.22744155e-01 4.36485380e-01
    8.23749900e-01 2.02297032e-01 9.09701109e-01 5.96020520e-02
    3.64519179e-01 8.79514694e-01 9.23829913e-01 3.64223778e-01
    9.51420367e-01 7.05055892e-01 3.75476956e-01 2.68978000e-01
    8.65830064e-01 5.34100711e-01 5.82615733e-01 6.72510147e-01
    1.73063159e-01 1.73046559e-01 3.35690379e-02 6.18661344e-02
    6.39480233e-01 8.86884212e-01 6.73468828e-01 6.40894055e-01
    9.75930333e-01 2.13800699e-01 3.29882383e-01 9.78720546e-01
    7.64932752e-01 8.76498759e-01 2.92189538e-01 8.23443770e-01
    6.31802797e-01 8.96011710e-01 8.89437079e-01 6.61903739e-01
    9.70912576e-01 2.82329559e-01 8.54677856e-02 3.81885052e-01
    1.05078816e-02 2.56347835e-01 6.29245996e-01 9.90608633e-01
    5.58229387e-01 7.42554903e-01 7.01212823e-01 2.01461881e-01
    5.94354808e-01 5.94258428e-01 4.49280530e-01 5.14159441e-01
    2.51224756e-01 7.41345406e-01 9.73916769e-01 7.22246647e-01
    4.65107024e-01 4.80666757e-03 2.22860485e-01 9.00763273e-02
    1.02571756e-01 1.44782066e-01 6.94932342e-01 6.40591860e-01
    9.43729043e-01 3.34388137e-01 8.93426538e-01 7.53652930e-01
    7.99980044e-01 6.28857911e-01 3.63179117e-01 3.20437253e-01
    4.44915920e-01 8.55500698e-01 4.44320440e-01 5.84094584e-01
    2.44039237e-01 1.03976607e-01 5.81390381e-01 6.29791319e-01
    3.42819035e-01 3.26382399e-01 2.57029653e-01 1.82212293e-02
    7.47164130e-01 5.88718772e-01 1.87900156e-01 6.04890645e-01
    6.39955878e-01 6.36876464e-01 2.55158305e-01 1.50401443e-01
    5.41226804e-01 8.19396496e-01 2.17540443e-01 8.94068360e-01
    6.05954826e-02 2.11613655e-01 1.95041955e-01 5.37460566e-01
    5.07585943e-01 7.71470547e-01 4.86488223e-01 2.85654008e-01
    3.61413121e-01 3.70312512e-01 4.14092332e-01 1.99555844e-01
    4.35939580e-01 3.48209023e-01 8.31026733e-02 3.30633849e-01
    5.62541962e-01 7.58515775e-01 4.17121381e-01 5.52213132e-01
    6.25402689e-01 5.29602826e-01 1.87832803e-01 2.70096272e-01
    6.39916241e-01 6.85868740e-01 1.77092910e-01 5.66716552e-01
    2.75396287e-01 9.74762142e-02 4.89091277e-01 9.13685620e-01
    9.03382182e-01 9.44585383e-01 4.47915941e-01 7.91437984e-01
    9.03914988e-01 2.83956468e-01 1.59127295e-01 3.19529474e-02
    7.32917309e-01 5.38865149e-01 4.76139247e-01 9.37981606e-01
    4.70821559e-02 8.24064851e-01 0. 0. 0. 0. 0. 0. 0. 0. 0. 0. 0. 0. 0.
    0. 0. 0. 0. 0. 8.98117781e-01 5.21785319e-01 2.11285770e-01
    4.48219121e-01 7.04701900e-01 6.63112283e-01 5.05949914e-01
    8.11231375e-01 7.86363125e-01 9.49415565e-01 5.86260617e-01
    6.36407793e-01 1.95727408e-01 9.82542515e-01 2.87935615e-01
    1.22253537e-01 7.04886734e-01 3.50379020e-01 5.00225186e-01
    1.40918523e-01 9.63243484e-01 4.02922869e-01 3.40446055e-01
    1.53975517e-01 9.71161723e-01 3.53914440e-01 8.70295942e-01
    4.21894014e-01 8.82119775e-01 6.19085968e-01 2.36323088e-01
    6.48325384e-01 3.76082271e-01 5.23936927e-01 6.61618352e-01
    7.82410502e-01 8.55394125e-01 9.29444909e-01 8.46207678e-01
    9.40358341e-01 7.72609413e-02 6.67610228e-01 6.39861703e-01
    2.72541940e-01 1.67285949e-01 7.64025629e-01 3.04464132e-01
    3.57536376e-01 1.87161714e-01 8.32398295e-01 1.78148896e-01
    3.71909052e-01 2.47887313e-01 9.41721439e-01 7.61715412e-01
    9.19913173e-01 6.93020761e-01 6.98313594e-01 3.40370834e-01
    5.58055639e-02 1.01305991e-01 9.40201402e-01 8.94230127e-01
    3.62231493e-01 9.07083988e-01 7.38564610e-01 5.77994585e-02
    3.40490103e-01 7.72429705e-01 5.17033339e-01 8.17098498e-01
    5.15403211e-01 7.46130109e-01 6.81792855e-01 4.10554945e-01
    9.47571099e-01 2.09957480e-01 9.52153683e-01 5.38535476e-01
    6.72864676e-01 9.13603663e-01 2.87644297e-01 3.88797820e-02
    8.04425836e-01 6.31396174e-01 1.67393357e-01 4.77190673e-01
    2.39181638e-01 1.20747179e-01 6.98376119e-01 9.43656743e-01
    3.22150648e-01 8.99763465e-01 9.24997151e-01 6.90828383e-01
    9.33316946e-01 4.13398027e-01 1.25386238e-01 9.65172410e-01
    5.32525599e-01 4.48191762e-02 9.47583199e-01 3.03473383e-01
    7.25324452e-01 8.64372253e-02 4.68297333e-01 7.14606881e-01
    2.41883039e-01 5.75795352e-01 3.02002132e-01 4.25916314e-01
    3.16723883e-02 9.67957735e-01 9.30870056e-01 7.05578864e-01
    8.70469272e-01 4.04129922e-02 4.79859620e-01 5.81197500e-01
    5.31973660e-01 1.85599655e-01 7.46995389e-01 8.13655555e-01
    3.63023639e-01 8.33396196e-01 7.80643702e-01 2.72632837e-01
    3.84567112e-01 7.36572266e-01 3.48433554e-01 3.72412741e-01
    4.03769851e-01 3.53872001e-01 6.60621166e-01 3.71447623e-01
    6.99538827e-01 3.71593356e-01 3.12449157e-01 4.46195334e-01
    3.53906810e-01 5.15709519e-01 8.00787568e-01 2.51693904e-01
    3.11658621e-01 9.21301484e-01 8.37529719e-01 1.75318062e-01
    5.08162200e-01 3.88242245e-01 5.81996799e-01 6.59858286e-02
    9.14696991e-01 8.53487611e-01 3.53652716e-01 6.72857225e-01
    2.66290307e-02 7.59164691e-01 7.88690567e-01 3.74305248e-01
    3.25999260e-01 5.30090272e-01 8.12912941e-01 3.31258476e-01
    3.49322319e-01 3.21854889e-01 6.77302241e-01 6.79900408e-01
    5.78632951e-01 6.06994629e-02 1.86372519e-01 9.49967027e-01
    1.78697020e-01 7.33731389e-01 1.07735366e-01 4.28445518e-01
    7.68981338e-01 7.54793346e-01 1.61679596e-01 6.94259465e-01
    7.49346077e-01 1.08637094e-01 5.78248143e-01 8.75339508e-02
    1.03634864e-01 9.37965035e-01 7.86437273e-01 3.94381523e-01
    4.22285795e-02 1.00416064e-01 6.38464808e-01 3.06111038e-01
    4.14253861e-01 2.96835214e-01 3.82498533e-01 1.75449103e-01
    6.98973894e-01 2.60529757e-01 8.12390089e-01 8.71125221e-01
    6.62572682e-02 1.81762010e-01 3.09533507e-01 5.65662622e-01
    6.91142380e-02 7.53677070e-01 3.08252960e-01 3.93468678e-01
    3.86001408e-01 5.80376804e-01 8.31728816e-01 1.53641492e-01
    7.79156089e-01 4.35811251e-01 9.99129832e-01 2.59845555e-01
    5.14274836e-01 9.76499021e-01 2.16117233e-01 4.05305624e-02
    5.19225001e-03 4.15585726e-01 7.17765391e-02 5.85805535e-01
    4.12277877e-01 9.33596492e-02 6.95326924e-01 3.90984118e-02
    4.13442940e-01 1.02859437e-02 7.84100413e-01 5.02151132e-01
    9.27570820e-01 1.25283360e-01 7.93439388e-01 1.88085258e-01
    2.86392331e-01 7.28799939e-01 5.45378625e-01 2.50978082e-01
    3.30344081e-01 8.12761664e-01 2.65922099e-01 7.07059801e-01
    3.71396661e-01 8.93582463e-01 9.74367261e-01 2.92480141e-01
    2.39495635e-01 8.40067267e-01 7.10203171e-01 3.84059697e-01
    3.61048162e-01 5.01661539e-01 8.43555152e-01 9.72718716e-01
    3.53881955e-01 0. 0. 0. 0. 0. 0. 0. 0. 0. 0. 0. 0. 0. 0. 0. 0. 0. 0.
    4.71521676e-01 1.66600734e-01 4.90288675e-01 4.49992865e-01
    9.03682232e-01 1.80596560e-01 8.82724464e-01 3.36809576e-01
    4.23294127e-01 7.27243066e-01 9.05311227e-01 5.82020998e-01
    7.90849209e-01 1.17420852e-02 3.52048576e-01 6.28120601e-02
    1.51692033e-02 8.87305617e-01 8.47821832e-01 9.57808733e-01
    1.08217865e-01 9.16422069e-01 5.61896145e-01 9.53386724e-01
    4.75424349e-01 5.35703361e-01 6.56284571e-01 6.75048470e-01
    1.70877874e-01 6.59928262e-01 2.70120263e-01 1.22107744e-01
    1.37379855e-01 4.16876942e-01 3.60603631e-02 2.02156723e-01
    1.62643522e-01 2.73789227e-01 7.82545447e-01 4.16339457e-01
    3.09868693e-01 8.67888570e-01 6.18605733e-01 9.63811219e-01
    8.19590211e-01 4.96217459e-01 6.74956918e-01 1.80958211e-01
    9.15212870e-01 8.03595901e-01 8.26971233e-01 7.61027336e-01
    9.47443604e-01 8.93846869e-01 4.22739416e-01 5.15896082e-02
    1.94372863e-01 1.64612114e-01 1.01830125e-01 5.84906936e-02
    6.50736570e-01 7.52367258e-01 8.71590614e-01 2.14108199e-01
    9.23547149e-01 4.21464950e-01 5.50077319e-01 4.76746470e-01
    1.52569801e-01 6.47710323e-01 4.75873739e-01 7.86384463e-01
    3.27356994e-01 4.54989910e-01 6.86421871e-01 3.51900518e-01
    1.83803529e-01 2.44325012e-01 2.81776845e-01 7.96945274e-01
    7.58763433e-01 4.43728566e-01 1.37034148e-01 6.80519998e-01
    4.27163422e-01 9.76869106e-01 2.41004884e-01 1.08411461e-01
    2.89505482e-01 7.87712097e-01 5.69522619e-01 7.06305265e-01
    9.92942154e-01 7.90671706e-01 7.09519446e-01 7.89051473e-01
    6.36134744e-01 1.14027232e-01 6.33828104e-01 3.64576221e-01
    8.49881768e-01 5.87691307e-01 9.22354341e-01 8.03332567e-01
    7.36798346e-01 6.17994189e-01 3.81458610e-01 5.53320646e-01
    2.16897190e-01 5.74103594e-01 8.04171443e-01 5.68360090e-03
    3.77820522e-01 3.19859684e-01 7.68112838e-02 2.23550022e-01
    2.73787916e-01 9.99286294e-01 7.91884124e-01 8.52608442e-01
    4.50309575e-01 6.01189733e-01 2.80427337e-01 4.81689930e-01
    8.28764439e-02 1.29665375e-01 4.27845597e-01 2.22971559e-01
    6.98843718e-01 1.92203522e-02 7.44692504e-01 5.18617034e-01
    6.23201549e-01 5.41814685e-01 3.16815257e-01 2.26134121e-01
    4.75722730e-01 8.88028383e-01 5.09985924e-01 1.34693027e-01
    3.49196196e-01 1.68850780e-01 9.69272912e-01 7.42021322e-01
    8.72454643e-02 7.34616816e-01 6.14784718e-01 9.30512190e-01
    5.59183836e-01 7.29340732e-01 7.54394174e-01 9.44777429e-02
    8.76922548e-01 1.41626477e-01 8.33895504e-01 4.80207503e-01
    4.97704029e-01 4.94580090e-01 7.56855905e-02 1.57206863e-01
    3.35096985e-01 2.29027987e-01 6.90285742e-01 3.33353341e-01
    5.85500062e-01 2.96137691e-01 2.22651869e-01 4.81322646e-01
    4.97696459e-01 9.30035233e-01 6.86075151e-01 2.51541793e-01
    7.02840984e-02 8.25674832e-01 8.23605001e-01 4.38712776e-01
    2.97232419e-01 8.99285316e-01 7.69215941e-01 8.26747715e-02
    3.94818902e-01 2.25789756e-01 7.71409869e-01 3.95635903e-01
    9.04451966e-01 5.58017790e-02 6.83127403e-01 1.00004077e-02
    2.26470619e-01 9.10236537e-01 3.15115511e-01 2.35840380e-02
    1.70767456e-01 7.33668506e-01 1.78298920e-01 4.05684859e-01
    4.03025299e-01 6.41349137e-01 3.88237178e-01 3.91515344e-01
    9.87234294e-01 8.22501600e-01 3.26590270e-01 9.41009879e-01
    9.57560420e-01 7.35524774e-01 2.52805144e-01 9.85030711e-01
    8.83806825e-01 1.32533610e-01 6.86287403e-01 1.03952080e-01
    7.27793992e-01 3.89370948e-01 4.75570858e-01 3.61515552e-01
    7.29166090e-01 2.95479715e-01 3.22623134e-01 6.94037080e-02
    8.89716744e-01 3.46276820e-01 2.46060789e-01 7.65859842e-01
    2.33308613e-01 8.37047935e-01 7.51821041e-01 7.30476141e-01
    4.16116476e-01 2.40407258e-01 7.12520003e-01 2.40547985e-01
    1.08076751e-01 9.54891145e-01 7.66390562e-01 1.08764142e-01
    5.44455111e-01 5.59197426e-01 1.45356655e-01 4.76004183e-02
    1.01754755e-01 1.21087849e-01 2.38401294e-02 6.66606486e-01
    4.02239859e-02 8.83892536e-01 5.69609106e-02 5.96040905e-01
    9.45678592e-01 7.62185454e-02 8.25659275e-01 5.67857087e-01
    5.53472459e-01 1.39016002e-01 4.10470963e-01 3.34521979e-01 0. 0. 0.
    0. 0. 0. 0. 0. 0. 0. 0. 0. 0. 0. 0. 0. 0. 0. 0. 0. 0. 0. 0. 0. 0. 0.
    0. 0. 0. 0. 0. 0. 0. 0. 0. 0. 0. 0. 0. 0. 0. 0. 0. 0. 0. 0. 0. 0. 0.
    0. 0. 0. 0. 0. 0. 0. 0. 0. 0. 0. 0. 0. 0. 0. 0. 0. 0. 0. 0. 0. 0. 0.
    0. 0. 0. 0. 0. 0. 0. 0. 0. 0. 0. 0. 0. 0. 0. 0. 0. 0. 0. 0. 0. 0. 0.
    0. 0. 0. 0. 0. 0. 0. 0. 0. 0. 0. 0. 0. 0. 0. 0. 0. 0. 0. 0. 0. 0. 0.
    0. 0. 0. 0. 0. 0. 0. 0. 0. 0. 0. 0. 0. 0. 0. 0. 0. 0. 0. 0. 0. 0. 0.
    0. 0. 0. 0. 0. 0. 0. 0. 0. 0. 0. 0. 0. 0. 0. 0. 0. 0. 0. 0. 0. 0. 0.
    0. 0. 0. 0. 0. 0. 0. 0. 0. 0. 0. 0. 0. 0. 0. 0. 0. 0. 0. 0. 0. 0. 0.
    0. 0. 0. 0. 0. 0. 0. 0. 0. 0. 0. 0. 0. 0. 0. 0. 0. 0. 0. 0. 0. 0. 0.
    0. 0. 0. 0. 0. 0. 0. 0. 0. 0. 0. 0. 0. 0. 0. 0. 0. 0. 0. 0. 0. 0. 0.
    0. 0. 0. 0. 0. 0. 0. 0. 0. 0. 0. 0. 0. 0. 0. 0. 0. 0. 0. 0. 0. 0. 0.
    0. 0. 0. 0. 0. 0. 0. 0. 0. 0. 0. 0. 0. 0. 0. 0. 0. 0. 0. 0. 0. 0. 0.
    0. 0. 0. 0. 0. 0. 0. 0. 0. 0. 0. 0. 0. 0. 0. 0. 0. 0. 0. 0. 0. 0. 0.
    0. 0. 0. 0. 0. 0. 0. 0. 0. 0. 0. 0. 0. 0. 0. 0. 0. 0. 0. 0. 0. 0. 0.
    0. 0. 0. 0. 0. 0. 0. 0. 0. 0. 0. 0. 0. 0. 0. 0. 0. 0. 0. 0. 0. 0. 0.
    0. 0. 0. 0. 0. 0. 0. 0. 0. 0. 0. 0. 0. 0. 0. 0. 0. 0. 0. 0. 0. 0. 0.
    0. 0. 0. 0. 0. 0. 0. 0. 0. 0. 0. 0. 0. 0. 0. 0. 0. 0. 0. 0. 0. 0. 0.
    0. 0. 0. 0. 0. 0. 0. 0. 0. 0. 0. 0. 0. 0. 0. 0. 0. 0. 0. 0. 0. 0. 0.
    0. 0. 0. 0. 0. 0. 0. 0. 0. 0. 0. 0. 0. 0. 0. 0. 0. 0. 0. 0. 0. 0. 0.
    0. 0. 0. 0. 0. 0. 0. 0. 0. 0. 0. 0. 0. 0. 0. 0. 0. 0. 0. 0. 0. 0. 0.
    0. 0. 0. 0. 0. 0. 0. 0. 0. 0. 0. 0. 0. 0. 0. 0. 0. 0. 0. 0. 0. 0. 0.
    0. 0. 0. 0. 0. 0. 0. 0. 0. 0. 0. 0. 0. 0. 0. 0. 0. 0. 0. 0. 0. 0. 0.
    0. 0. 0. 0. 0. 0. 0. 0. 0. 0. 0. 0. 0. 0. 0. 0. 0. 0. 0. 0. 0. 0. 0.
    0. 0. 0. 0. 0. 0. 0. 0. 0. 0. 0. 0. 0. 0. 0. 0. 0. 0. 0. 0. 0. 0. 0.
    0. 0. 0. 0. 0. 0. 0. 0. 0. 0. 0. 0. 0. 0. 0. 0. 0. 0. 0. 0. 0. 0. 0.
    0. 0. 0. 0. 0. 0. 0. 0. 0. 0. 0. 0. 0. 0. 0. 0. 0. 0. 0. 0. 0. 0. 0.
    0. 0. 0. 0. 0. 0. 0. 0. 0. 0. 0. 0. 0. 0. 0. 0. 0. 0. 0. 0. 0. 0. 0.
    0. 0. 0. 0. 0. 0. 0. 0. 0. 0. 0. 0. 0. 0. 0. 0. 0. 0. 0. 0. 0. 0. 0.
    0. 0. 0. 0. 0. 0. 0. 0. 0. 0. 0. 0. 0. 0. 0. 0. 0. 0. 0. 0. 0. 0. 0.
    0. 0. 0. 0. 0. 0. 0. 0. 0. 0. 0. 0. 0. 0. 0. 0. 0. 0. 0. 0. 0. 0. 0.
    0. 0. 0. 0. 0. 0. 0. 0. 0. 0. 0. 0. 0. 0. 0. 0. 0. 0. 0. 0. 0. 0. 0.
    0. 0. 0. 0. 0. 0. 0. 0. 0. 0. 0. 0. 0. 0. 0. 0. 0. 0. 0. 0. 0. 0. 0.
    0. 0. 0. 0. 0. 0. 0. 0. 0. 0. 0. 0. 0. 0. 0. 0. 0. 0. 0. 0. 0. 0. 0.
    0. 0. 0. 0. 0. 0. 0. 0. 0. 0. 0. 0. 0. 0. 0. 0. 0. 0. 0. 0. 0. 0. 0.
    0. 0. 0. 0. 0. 0. 0. 0. 0. 0. 0. 0. 0. 0. 0. 0. 0. 0. 0. 0. 0. 0. 0.
    0. 0. 0. 0. 0. 0. 0. 0. 0. 0. 0. 0. 0. 0. 0. 0. 0. 0. 0. 0. 0. 0. 0.
    0. 0. 0. 0. 0. 0. 0. 0. 0. 0. 0. 0. 0. 0. 0. 0. 0. 0. 0. 0. 0. 0. 0.
    0. 0. 0. 0. 0. 0. 0. 0. 0. 0. 0. 0. 0. 0. 0. 0. 0. 0. 0. 0. 0. 0. 0.
    0. 0. 0. 0. 0. 0. 0. 0. 0. 0. 0. 0. 0. 0. 0. 0. 0. 0. 0. 0. 0. 0. 0.
    0. 0. 0. 0. 0. 0. 0. 0. 0. 0. 0. 0. 0. 0. 0. 0. 0. 0. 0. 0. 0. 0. 0.
    0. 0. 0. 0. 0. 0. 0. 0. 0. 0. 0. 0. 0. 0. 0. 0. 0. 0. 0. 0. 0. 0. 0.
    0. 0. 0. 0. 0. 0. 0. 0. 0. 0. 0. 0. 0. 0. 0. 0. 0. 0. 0. 0. 0. 0. 0.
    0. 0. 0. 0. 0. 0. 0. 0. 0. 0. 0. 0. 0. 0. 0. 0. 0. 0. 0. 0. 0. 0. 0.
    0. 0. 0. 0. 0. 0. 0. 0. 0. 0. 0. 0. 0. 0. 0. 0. 0. 0. 0. 0. 0. 0. 0.
    0. 0. 0. 0. 0. 0. 0. 0. 0. 0. 0. 0. 0. 0. 0. 0. 0. 0. 0. 0. 0. 0. 0.
    0. 0. 0. 0. 0. 0. 0. 0. 0. 0. 0. 0. 0. 0. 0. 0. 0. 0. 0. 0. 0. 0. 0.
    0. 0. 0. 0. 0. 0. 0. 0. 0. 0. 0. 0. 0. 0. 0. 0. 0. 0. 0. 0. 0. 0. 0.
    0. 0. 0. 0. 0. 0. 0. 0. 0. 0. 0. 0. 0. 0. 0. 0. 0. 0. 0. 0. 0. 0. 0.
    0. 0. 0. 0. 0. 0. 0. 0. 0. 0. 0. 0. 0. 0. 0. 0. 0. 0. 0. 0. 0. 0. 0.
    0. 0. 0. 0. 0. 0. 0. 0. 0. 0. 0. 0. 0. 0. 0. 0. 0. 0. 0. 0. 0. 0. 0.
    0. 0. 0. 0. 0. 0. 0. 0. 0. 0. 0. 0. 0. 0. 0. 0. 0. 0. 0. 0. 0. 0. 0.
    0. 0. 0. 0. 0. 0. 0. 0. 0. 0. 0. 0. 0. 0. 0. 0. 0. 0. 0. 0. 0. 0. 0.
    0. 0. 0. 0. 0. 0. 0. 0. 0. 0. 0. 0. 0. 0. 0. 0. 0. 0. 0. 0. 0. 0. 0.
    0. 0. 0. 0. 0. 0. 0. 0. 0. 0. 0. 0. 0. 0. 0. 0. 0. 0. 0. 0. 0. 0. 0.
    0. 0. 0. 0. 0. 0. 0. 0. 0. 0. 0. 0. 0. 0. 0. 0. 0. 0. 0. 0. 0. 0. 0.
    0. 0. 0. 0. 0. 0. 0. 0. 0. 0. 0. 0. 0. 0. 0. 0. 0. 0. 0. 0. 0. 0. 0.
    0. 0. 0. 0. 0. 0. 0. 0. 0. 0. 0. 0. 0. 0. 0. 0. 0. 0. 0. 0. 0. 0. 0.
    0. 0. 0. 0. 0. 0. 0. 0. 0. 0. 0. 0. 0. 0. 0. 0. 0. 0. 0. 0. 0. 0. 0.
    0. 0. 0. 0. 0. 0. 0. 0. 0. 0. 0. 0. 0. 0. 0. 0. 0. 0. 0. 0. 0. 0. 0.
    0. 0. 0. 0. 0. 0. 0. 0. 0. 0. 0. 0. 0. 0. 0. 0. 0. 0. 0. 0. 0. 0. 0.
    0. 0. 0. 0. 0. 0. 0. 0. 0. 0. 0. 0. 0. 0. 0. 0. 0. 0. 0. 0. 0. 0. 0.
    0. 0. 0. 0. 0. 0. 0. 0. 0. 0. 0. 0. 0. 0. 0. 0. 0. 0. 0. 0. 0. 0. 0.
    0. 0. 0. 0. 0. 0. 0. 0. 0. 0. 0. 0. 0. 0. 0. 0. 0. 0. 0. 0. 0. 0. 0.
    0. 0. 0. 0. 0. 0. 0. 0. 0. 0. 0. 0. 0. 0. 0. 0. 0. 0. 0. 0. 0. 0. 0.
    0. 0. 0. 0. 0. 0. 0. 0. 0. 0. 0. 0. 0. 0. 0. 0. 0. 0. 0. 0. 0. 0. 0.
    0. 0. 0. 0. 0. 0. 0. 0. 0. 0. 0. 0. 0. 0. 0. 0. 0. 0. 0. 0. 0. 0. 0.
    0. 0. 0. 0. 0. 0. 0. 0. 0. 0. 0. 0. 0. 0. 0. 0. 0. 0. 0. 0. 0. 0. 0.
    0. 0. 0. 0. 0. 0. 0. 0. 0. 0. 0. 0. 0. 0. 0. 0. 0. 0. 0. 0. 0. 0. 0.
    0. 0. 0. 0. 0. 0. 0. 0. 0. 0. 0. 0. 0. 0. 0. 0. 0. 0. 0. 0. 0. 0. 0.
    0. 0. 0. 0. 0. 0. 0. 0. 0. 0. 0. 0. 0. 0. 0. 0. 0. 0. 0. 0. 0. 0. 0.
    0. 0. 0. 0. 0. 0. 0. 0. 0. 0. 0. 0. 0. 0. 0. 0. 0. 0. 0. 0. 0. 0. 0.
    0. 0. 0. 0. 0. 0. 0. 0. 0. 0. 0. 0. 0. 0. 0. 0. 0. 0. 0. 0. 0. 0. 0.
    0. 0. 0. 0. 0. 0. 0. 0. 0. 0. 0. 0. 0. 0. 0. 0. 0. 0. 0. 0. 0. 0. 0.
    0. 0. 0. 0. 0. 0. 0. 0. 0. 0. 0. 0. 0. 0. 0. 0. 0. 0. 0. 0. 0. 0. 0.
    0. 0. 0. 0. 0. 0. 0. 0. 0. 0. 0. 0. 0. 0. 0. 0. 0. 0. 0. 0. 0. 0. 0.
    0. 0. 0. 0. 0. 0. 0. 0. 0. 0. 0. 0. 0. 0. 0. 0. 0. 0. 0. 0. 0. 0. 0.
    0. 0. 0. 0. 0. 0. 0. 0. 0. 0. 0. 0. 0. 0. 0. 0. 0. 0. 0. 0. 0. 0. 0.
    0. 0. 0. 0. 0. 0. 0. 0. 0. 0. 0. 0. 0. 0. 0. 0. 0. 0. 0. 0. 0. 0. 0.
    0. 0. 0. 0. 0. 0. 0. 0. 0. 0. 0. 0. 0. 0. 0. 0. 0. 0. 0. 0. 0. 0. 0.
    0. 0. 0. 0. 0. 0. 0. 0. 0. 0. 0. 0. 0. 0. 0. 0. 0. 0. 0. 0. 0. 0. 0.
    0. 0. 0. 0. 0. 0. 0. 0. 0. 0. 0. 0. 0. 0. 0. 0. 0. 0. 0. 0. 0. 0. 0.
    0. 0. 0. 0. 0. 0. 0. 0. 0. 0. 0. 0. 0. 0. 0. 0. 0. 0. 0. 0. 0. 0. 0.
    0. 0. 0. 0. 0. 0. 0. 0. 0. 0. 0. 0. 0. 0. 0. 0. 0. 0. 0. 0. 0. 0. 0.
    0. 0. 0. 0. 0. 0. 0. 0. 0. 0. 0. 0. 0. 0. 0. 0. 0. 0. 0. 0. 0. 0. 0.
    0. 0. 0. 0. 0. 0. 0. 0. 0. 0. 0. 0. 0. 0. 0. 0. 0. 0. 0. 0. 0. 0. 0.
    0. 0. 0. 0. 0. 0. 0. 0. 0. 0. 0. 0. 0. 0. 0. 0. 0. 0. 0. 0. 0. 0. 0.
    0. 0. 0. 0. 0. 0. 0. 0. 0. 0. 0. 0. 0. 0. 0. 0. 0. 0. 0. 0. 0. 0. 0.
    0. 0. 0. 0. 0. 0. 0. 0. 0. 0. 0. 0. 0. 0. 0. 0. 0. 0. 0. 0. 0. 0. 0.
    0. 0. 0. 0. 0. 0. 0. 0. 0. 0. 0. 0. 0. 0. 0. 0. 0. 0. 0. 0. 0. 0. 0.
    0. 0. 0. 0. 0. 0. 0. 0. 0. 0. 0. 0. 0. 0. 0. 0. 0. 0. 0. 0. 0. 0. 0.
    0. 0. 0. 0. 0. 0. 0. 0. 0. 0. 0. 0. 0. 0. 0. 0. 0. 0. 0. 0. 0. 0. 0.
    0. 0. 0. 0. 0. 0. 0. 0. 0. 0. 0. 0. 0. 0. 0. 0. 0. 0. 0. 0. 0. 0. 0.
    0. 0. 0. 0. 0. 0. 0. 0. 0. 0. 0. 0. 0. 0. 0. 0. 0. 0. 0. 0. 0. 0. 0.
    0. 0. 0. 0. 0. 0. 0. 0. 0. 0. 0. 0. 0. 0. 0. 0. 0. 0. 0. 0. 0. 0. 0.
    0. 0. 0. 0. 0. 0. 0. 0. 0. 0. 0. 0. 0. 0. 0. 0. 0. 0. 0. 0. 0. 0. 0.
    0. 0. 0. 0. 0. 0. 0. 0. 0. 0. 0. 0. 0. 0. 0. 0. 0. 0. 0. 0. 0. 0. 0.
    0. 0. 0. 0. 0. 0. 0. 0. 0. 0. 0. 0. 0. 0. 0. 0. 0. 0. 0. 0. 0. 0. 0.
    0. 0. 0. 0. 0. 0. 0. 0. 0. 0. 0. 0. 0. 0. 0. 0. 0. 0. 0. 0. 0. 0. 0.
    0. 0. 0. 0. 0. 0. 0. 0. 0. 0. 0. 0. 0. 0. 0. 0. 0. 0. 0. 0. 0. 0. 0.
    0. 0. 0. 0. 0. 0. 0. 0. 0. 0. 0. 0. 0. 0. 0. 0. 0. 0. 0. 0. 0. 0. 0.
    0. 0. 0. 0. 0. 0. 0. 0. 0. 0. 0. 0. 0. 0. 0. 0. 0. 0. 0. 0. 0. 0. 0.
    0. 0. 0. 0. 0. 0. 0. 0. 0. 0. 0. 0. 0. 0. 0. 0. 0. 0. 0. 0. 0. 0. 0.
    0. 0. 0. 0. 0. 0. 0. 0. 0. 0. 0. 0. 0. 0. 0. 0. 0. 0. 0. 0. 0. 0. 0.
    0. 0. 0. 0. 0. 0. 0. 0. 0. 0. 0. 0. 0. 0. 0. 0. 0. 0. 0. 0. 0. 0. 0.
    0. 0. 0. 0. 0. 0. 0. 0. 0. 0. 0. 0. 0. 0. 0. 0. 0. 0. 0. 0. 0. 0. 0.
    0. 0. 0. 0. 0. 0. 0. 0. 0. 0. 0. 0. 0. 0. 0. 0. 0. 0. 0. 0. 0. 0. 0.
    0. 0. 0. 0. 0. 0. 0. 0. 0. 0. 0. 0. 0. 0. 0. 0. 0. 0. 0. 0. 0. 0. 0.
    0. 0. 0. 0. 0. 0. 0. 0. 0. 0. 0.</data></your_img>
</opencv_storage>
