<?xml version="1.0"?>
<opencv_storage>
<g>1.0100000000000000e+00</g>
<r>9</r>
<L2_diff>1.2558993375178311e+01</L2_diff>
<filter-type>0</filter-type>
<circular>1</circular>
<test_img type_id="opencv-matrix">
  <rows>128</rows>
  <cols>256</cols>
  <dt>f</dt>
  <data>
    4.82674122e-01 4.55970943e-01 8.94628525e-01 1.31863683e-01
    3.18140745e-01 5.79971313e-01 2.48772711e-01 8.28727126e-01
    8.92680883e-02 7.71737933e-01 2.44236290e-02 8.91255140e-01
    9.28941250e-01 8.30330431e-01 7.36370683e-01 3.85377109e-01
    9.53388929e-01 8.61314297e-01 6.48335218e-02 3.01982045e-01
    6.08685374e-01 4.62191761e-01 1.42112970e-01 9.28548038e-01
    8.95507097e-01 8.00135076e-01 6.67137742e-01 6.36844039e-01
    6.75263822e-01 8.52186978e-02 2.02795535e-01 4.62296158e-01
    7.01157987e-01 7.36105800e-01 4.17118549e-01 4.96700764e-01
    2.93037117e-01 4.75743413e-03 8.06844473e-01 9.97462034e-01
    7.76757419e-01 9.14368868e-01 3.25314552e-01 6.91750467e-01
    6.46535635e-01 8.33988547e-01 8.43236685e-01 2.17845231e-01
    5.92274785e-01 2.76759148e-01 5.81532538e-01 3.01563919e-01
    2.81363010e-01 5.17855525e-01 4.70695168e-01 8.81062627e-01
    1.15114450e-01 4.92088795e-01 9.54923153e-01 3.13952208e-01
    9.87423182e-01 1.57522559e-02 8.86646628e-01 2.31690347e-01
    9.03972447e-01 1.61137462e-01 6.88053548e-01 5.52384257e-01
    4.92114276e-01 9.27246332e-01 1.21160567e-01 8.54246318e-02
    6.27158344e-01 7.34134555e-01 9.79213595e-01 4.57344055e-02
    1.42352372e-01 8.78634810e-01 1.05631530e-01 6.16211295e-01
    9.54079866e-01 1.69844151e-01 4.15421546e-01 3.56312662e-01
    9.00231123e-01 5.17278731e-01 4.79418069e-01 2.09324360e-01
    1.97300345e-01 1.28599107e-02 3.90292227e-01 9.80630517e-01
    7.15658963e-01 2.13291287e-01 3.44940692e-01 6.67535067e-01
    1.82377040e-01 7.75499105e-01 1.20562166e-01 4.70272869e-01
    5.16775250e-01 8.77777338e-01 2.10357398e-01 5.24440289e-01
    5.86084723e-01 7.26414919e-01 3.86198163e-01 6.40242338e-01
    1.69340312e-01 6.50063515e-01 7.51164675e-01 1.02292180e-01
    1.20876223e-01 2.40601003e-02 7.54021168e-01 2.11435556e-02
    1.71451241e-01 3.76604944e-01 9.61369872e-02 3.65901172e-01
    8.25126648e-01 4.34489936e-01 4.40314084e-01 5.28495848e-01
    5.83105147e-01 5.05850732e-01 4.49109495e-01 9.87879753e-01
    8.01525235e-01 1.62814289e-01 1.22771919e-01 9.44715261e-01
    3.39958012e-01 3.81414115e-01 9.92354989e-01 2.90818185e-01
    4.99646723e-01 5.29870987e-01 6.46283686e-01 7.78941929e-01
    2.04986721e-01 3.46515298e-01 9.74987328e-01 2.36388326e-01
    8.14052105e-01 6.97858691e-01 3.42291087e-01 3.53199720e-01
    1.97701544e-01 3.54775161e-01 8.69748235e-01 6.65219247e-01
    2.54614890e-01 5.81712723e-01 4.54788744e-01 2.66314209e-01
    3.20713401e-01 3.54046464e-01 7.12824345e-01 9.87100124e-01
    5.90933621e-01 7.19933808e-01 6.22330606e-02 2.88018644e-01
    9.63838220e-01 8.80230367e-02 2.62667120e-01 7.84929931e-01
    5.40065467e-01 6.43971384e-01 2.91950881e-01 1.89676881e-01
    5.96837401e-01 8.50489020e-01 6.81520224e-01 9.62631345e-01
    3.61268848e-01 1.21591926e-01 2.10128665e-01 6.20064139e-02
    3.96231353e-01 8.52044463e-01 7.72870898e-01 6.00019991e-01
    4.35995162e-02 8.82941782e-01 2.73827940e-01 4.20919925e-01
    2.12563455e-01 7.97815561e-01 5.74741542e-01 2.12241322e-01
    7.64603734e-01 1.66997612e-02 3.28575194e-01 1.07497871e-01
    6.34599805e-01 3.85081172e-02 3.49518538e-01 3.66833627e-01
    1.15729779e-01 2.04533666e-01 8.39735985e-01 7.32163787e-01
    1.93723708e-01 4.61718082e-01 4.17395532e-01 3.33421230e-01
    2.22466826e-01 5.55314541e-01 4.33247685e-01 2.35245675e-01
    9.12160397e-01 5.69942117e-01 1.09346747e-01 9.33426619e-01
    4.15719390e-01 4.06399131e-01 3.51122648e-01 7.24678636e-01
    3.03888023e-01 1.85096681e-01 8.99998128e-01 4.62099254e-01
    8.07917893e-01 2.30353951e-01 5.49894512e-01 6.11931086e-03
    9.11566973e-01 6.95765615e-02 6.06075883e-01 3.94233465e-01
    8.15925241e-01 2.40679264e-01 5.59624255e-01 8.56423020e-01
    7.81486273e-01 2.53060281e-01 4.49083924e-01 3.50215137e-02
    1.82678521e-01 9.18133557e-02 1.24641955e-02 2.26649761e-01
    2.71716118e-01 9.26568031e-01 2.86724240e-01 2.63456255e-01
    6.58370852e-01 7.82586098e-01 8.38226438e-01 9.31191504e-01
    8.81072402e-01 8.36437225e-01 9.98197675e-01 6.26150966e-01
    9.68196511e-01 8.68418217e-01 7.16321349e-01 4.96871501e-01
    8.16654205e-01 1.48590744e-01 6.40877843e-01 2.07241148e-01
    4.95062888e-01 4.23859626e-01 4.56779599e-01 7.90007472e-01
    5.76354742e-01 2.38066971e-01 9.39468443e-01 8.66522789e-01
    5.82001090e-01 4.17238057e-01 6.43138111e-01 5.95518351e-01
    2.16276050e-01 3.25674504e-01 6.04016423e-01 2.44371176e-01
    5.81109822e-01 9.84527230e-01 7.73868740e-01 9.43794966e-01
    6.52507067e-01 6.19523108e-01 7.35838175e-01 9.53715622e-01
    6.26142085e-01 1.24105573e-01 6.76261246e-01 7.64577508e-01
    4.33641344e-01 4.66628671e-02 4.23876345e-02 1.61965311e-01
    8.01972747e-02 8.00039768e-01 4.07079697e-01 3.92115861e-01
    3.83945763e-01 8.46549034e-01 1.09905422e-01 7.61410356e-01
    2.70756781e-01 9.08757806e-01 7.41773665e-01 5.01805842e-01
    4.23447609e-01 3.18616688e-01 4.15678322e-01 3.92750263e-01
    6.54610217e-01 3.99766237e-01 6.10273719e-01 5.36257029e-03
    1.54094100e-02 8.01408529e-01 8.62175524e-01 5.30660987e-01
    3.91997814e-01 2.42612541e-01 7.61370063e-01 4.11496520e-01
    6.20082259e-01 4.07156646e-02 3.32143009e-01 2.11624682e-01
    3.86416197e-01 6.39748693e-01 3.57147157e-01 1.05437934e-01
    7.38171697e-01 4.93119448e-01 7.16889143e-01 6.64428115e-01
    5.50813556e-01 1.88123971e-01 7.19125390e-01 2.88341343e-01
    5.58083951e-01 1.74642801e-01 9.98050332e-01 3.61166507e-01
    8.67465258e-01 3.04733813e-02 4.23889875e-01 8.78426909e-01
    3.97407115e-01 8.03328753e-02 5.40961444e-01 5.97172856e-01
    7.12553084e-01 7.62332261e-01 8.90937805e-01 8.78853142e-01
    4.47148740e-01 3.45927954e-01 9.47753727e-01 3.23711365e-01
    8.63734484e-01 5.65657020e-01 9.40660596e-01 8.35952163e-01
    9.54582691e-01 5.72101533e-01 5.07001042e-01 3.61693084e-01
    8.27077150e-01 8.09720516e-01 9.31553721e-01 3.69115889e-01
    7.99495876e-02 1.08763099e-01 5.46382427e-01 7.43310511e-01
    4.54746008e-01 3.12213272e-01 9.01385784e-01 7.65836239e-02
    7.58805335e-01 7.50239253e-01 2.92055249e-01 7.89124727e-01
    5.04194021e-01 6.49884641e-01 3.77435952e-01 3.65692407e-01
    8.29894662e-01 3.15000176e-01 7.38549411e-01 1.31731808e-01
    9.76071298e-01 4.55880612e-01 2.46885747e-01 5.45182943e-01
    2.59947240e-01 8.81155491e-01 7.35176623e-01 4.65200305e-01
    3.69038820e-01 8.99124324e-01 2.98093081e-01 3.94065291e-01
    9.00524855e-01 7.46486545e-01 1.26625896e-01 4.31170046e-01
    8.70868802e-01 8.31124425e-01 5.73572636e-01 5.27454853e-01
    9.54476476e-01 4.42357957e-02 6.21657729e-01 2.86190391e-01
    3.86751860e-01 3.10735047e-01 7.88724124e-02 5.75460553e-01
    6.48325264e-01 3.92104357e-01 9.51258421e-01 5.38496375e-01
    6.65762186e-01 3.66363227e-01 9.90893006e-01 7.15445936e-01
    1.62630558e-01 3.85856628e-02 3.89964163e-01 8.85015547e-01
    3.42252076e-01 5.66751301e-01 7.89916992e-01 6.69247031e-01
    6.58830643e-01 4.47086096e-02 1.88813746e-01 7.57948875e-01
    1.72722429e-01 4.89665926e-01 9.95385826e-01 4.95319277e-01
    2.93185323e-01 1.89309299e-01 6.77438021e-01 5.68537951e-01
    1.63326144e-01 7.49577343e-01 6.32157862e-01 5.35288334e-01
    8.53352189e-01 8.51209581e-01 4.41353858e-01 7.31670201e-01
    9.04820561e-01 1.46811694e-01 7.30823040e-01 5.87503612e-01
    7.68423200e-01 8.91944170e-02 6.92017376e-02 9.87707615e-01
    1.93891108e-01 6.54496670e-01 4.60906446e-01 9.84460592e-01
    4.69328165e-02 6.16024733e-01 4.83677387e-02 7.66255260e-01
    9.53772187e-01 4.53725487e-01 6.35069430e-01 8.01540971e-01
    8.85571182e-01 2.18355507e-01 9.84430671e-01 6.39172137e-01
    9.43059325e-01 8.50603104e-01 3.25503469e-01 7.75913775e-01
    1.76875472e-01 6.33380532e-01 4.35046792e-01 1.99607402e-01
    3.01444471e-01 3.16307306e-01 1.14165217e-01 6.51649415e-01
    9.67260957e-01 3.20215225e-02 3.26194286e-01 5.72265029e-01
    9.58936453e-01 4.31086421e-02 8.98593664e-01 1.90290064e-01
    4.49478030e-01 9.86774445e-01 6.68964148e-01 4.72959250e-01
    6.95243478e-01 7.29967237e-01 1.62644118e-01 3.53182077e-01
    3.06462228e-01 5.37539244e-01 7.27400362e-01 2.29789317e-02
    2.79294848e-01 2.67276168e-03 1.41601801e-01 3.26918304e-01
    9.64598954e-02 3.23279262e-01 8.72513950e-02 6.30803168e-01
    7.82258213e-01 2.84336269e-01 2.33573079e-01 7.82697201e-01
    8.39482784e-01 8.59931111e-01 1.85613781e-01 9.60045755e-01
    3.56327713e-01 3.42292845e-01 8.73451471e-01 9.89608288e-01
    3.94977868e-01 9.20609832e-01 9.22945857e-01 9.57499027e-01
    5.96047699e-01 2.91513503e-01 4.61560786e-01 4.75058943e-01
    7.23517776e-01 8.55767131e-01 8.53928924e-02 6.70903385e-01
    5.18632174e-01 3.53127837e-01 1.52125299e-01 4.40430522e-01
    3.43324095e-01 1.33256197e-01 8.48229647e-01 3.96999002e-01
    4.55580950e-01 1.84492707e-01 7.01246023e-01 3.64285946e-01
    1.08687878e-01 2.22841948e-01 6.69524074e-01 9.16913152e-01
    1.51800007e-01 1.66228980e-01 7.15993285e-01 2.72761405e-01
    7.26757944e-02 2.43791938e-01 9.92212415e-01 3.72144878e-01
    7.46245146e-01 6.00150764e-01 6.56752110e-01 7.43594050e-01
    5.39728642e-01 4.19841945e-01 5.92493176e-01 2.37650335e-01
    4.36550677e-02 6.31149173e-01 1.78326905e-01 3.45490038e-01
    5.31382680e-01 1.05204493e-01 7.36986160e-01 6.28780425e-01
    2.93837845e-01 3.37489426e-01 3.99881721e-01 4.60669488e-01
    4.43910837e-01 5.09146333e-01 7.32498586e-01 7.89367855e-01
    6.60417378e-02 3.99529338e-01 9.32922959e-01 7.18426704e-03
    3.92340571e-01 3.76702189e-01 6.58599138e-02 3.16349685e-01
    5.09554505e-01 5.69666505e-01 9.50616598e-02 8.44364643e-01
    9.40087259e-01 6.33641243e-01 5.61994076e-01 7.34387577e-01
    7.84453273e-01 1.90463364e-02 3.68302107e-01 4.62107837e-01
    4.62245703e-01 4.77480531e-01 4.47026551e-01 3.99483502e-01
    4.08958972e-01 7.37784803e-02 7.04345584e-01 5.09195864e-01
    4.08991456e-01 3.66979241e-02 1.88226610e-01 9.90674496e-01
    7.95954227e-01 1.82639271e-01 6.60701454e-01 1.83531582e-01
    2.40460604e-01 1.82935894e-01 3.89377296e-01 8.93850207e-01
    9.93052483e-01 5.62542617e-01 7.61803448e-01 5.70918977e-01
    7.48686135e-01 6.88543141e-01 7.37352848e-01 1.28430694e-01
    1.09996617e-01 6.27424002e-01 5.44608355e-01 9.90300894e-01
    4.81383920e-01 1.42061979e-01 3.02807212e-01 3.13411504e-01
    2.05268949e-01 7.89121866e-01 6.61471248e-01 6.79298997e-01
    8.94726396e-01 5.51721811e-01 6.56849325e-01 5.06709516e-01
    2.84182489e-01 3.86482745e-01 8.56890380e-01 8.67989659e-02
    6.73812270e-01 6.56368852e-01 6.83473945e-01 8.03592563e-01
    3.13080639e-01 2.06106991e-01 4.18121070e-01 9.68156457e-01
    4.30903882e-01 3.40717614e-01 6.63679123e-01 7.57088542e-01
    8.90833199e-01 7.20728993e-01 3.77023637e-01 5.37525177e-01
    1.82695389e-01 5.00559092e-01 3.64829004e-01 6.92178845e-01
    6.20096445e-01 5.14089584e-01 5.61633050e-01 7.84995675e-01
    9.99488950e-01 1.74111009e-01 4.76944864e-01 5.77057302e-01
    1.31469965e-03 1.48208588e-01 9.98545647e-01 5.68072438e-01
    2.59303987e-01 3.58884156e-01 5.29282987e-01 4.66172636e-01
    7.11918950e-01 5.18145859e-01 2.44547993e-01 9.87689018e-01
    7.18837261e-01 9.28639531e-01 1.91939771e-01 6.57249033e-01
    5.68446457e-01 6.78452611e-01 6.36309385e-01 1.83829218e-01
    3.89943331e-01 9.35809314e-02 3.31732541e-01 3.84376943e-02
    2.07727522e-01 2.46259034e-01 7.70611703e-01 1.02112591e-01
    7.71524906e-01 5.80586910e-01 2.59352624e-01 4.73898500e-01
    8.45113397e-01 1.91899538e-02 6.97512686e-01 3.43798697e-01
    6.64551139e-01 7.94768751e-01 7.28621781e-02 4.64962542e-01
    6.34891272e-01 4.76260215e-01 3.04451942e-01 4.45273221e-01
    9.25604582e-01 5.88972449e-01 3.50705326e-01 5.66762030e-01
    4.56520945e-01 7.79942453e-01 7.71506608e-01 2.51444936e-01
    9.14186120e-01 4.44432855e-01 1.96487904e-02 6.76826835e-01
    3.40225339e-01 5.11451542e-01 8.73147070e-01 4.80996937e-01
    9.08790708e-01 9.50688779e-01 7.06485808e-01 3.27725232e-01
    6.30089045e-01 6.07089460e-01 4.26599681e-01 8.17633390e-01
    5.26858509e-01 9.35746193e-01 6.78020000e-01 2.98933119e-01
    2.55824804e-01 5.48954606e-02 1.88345730e-01 4.53169525e-01
    4.78631496e-01 9.02101398e-01 8.02157044e-01 4.22401041e-01
    7.33910501e-01 3.09178531e-02 4.41682011e-01 3.97905558e-01
    9.80130434e-01 6.49818540e-01 8.48036766e-01 2.56574988e-01
    7.63781548e-01 3.30252945e-01 8.12223315e-01 6.86467588e-01
    1.86030209e-01 5.32517314e-01 8.12283516e-01 9.32672024e-01
    2.38136530e-01 9.05544639e-01 9.01634991e-02 6.74197972e-01
    3.11630666e-02 7.58063436e-01 6.73369467e-02 5.21591842e-01
    3.17217499e-01 1.66634351e-01 2.60399818e-01 6.70762479e-01
    7.72155046e-01 5.67452967e-01 5.89839578e-01 7.08208919e-01
    8.35685134e-01 4.28639054e-01 8.72838855e-01 1.53872073e-01
    1.94308162e-01 9.13233399e-01 6.10013783e-01 9.23671722e-02
    6.85675979e-01 2.88680047e-01 4.49351460e-01 9.28977966e-01
    4.97166246e-01 7.01973736e-01 4.91486847e-01 1.12203509e-01
    7.37726033e-01 1.58683807e-01 1.58163905e-02 4.15766776e-01
    8.49052966e-01 8.10072660e-01 3.16476047e-01 5.75714290e-01
    2.04951853e-01 3.91385138e-01 1.58045292e-01 1.21583074e-01
    7.27578700e-01 2.08076358e-01 7.21103072e-01 7.80569077e-01
    6.94707930e-02 9.51950788e-01 7.64306545e-01 2.69834965e-01
    4.26215947e-01 5.30283093e-01 4.28971261e-01 5.42398572e-01
    1.80855006e-01 2.83870399e-02 6.90695345e-01 1.32265687e-02
    7.67097175e-01 8.86268198e-01 3.44986200e-01 4.85651702e-01
    8.90470028e-01 2.83642173e-01 4.92148757e-01 2.69508898e-01
    7.30180860e-01 7.24810362e-02 5.76899111e-01 4.03617710e-01
    2.67944694e-01 5.33888519e-01 3.77742529e-01 7.20507562e-01
    7.86094844e-01 7.81823575e-01 8.37610722e-01 8.11097264e-01
    5.42564631e-01 1.67533159e-01 9.96415615e-01 9.59754467e-01
    1.59007758e-01 2.07710296e-01 6.84879303e-01 6.42010808e-01
    6.91685736e-01 5.66517115e-02 4.73700196e-01 8.06930661e-01
    2.17775464e-01 1.59414440e-01 5.34158945e-01 1.69526041e-02
    5.06608784e-01 5.75999975e-01 7.67589033e-01 5.14762640e-01
    5.65749586e-01 6.46240950e-01 7.91773796e-01 5.87805986e-01
    3.83099109e-01 1.72497928e-01 8.86124015e-01 5.04477203e-01
    7.49743760e-01 1.56247914e-01 4.87760872e-01 4.54776436e-01
    6.20822906e-01 6.39629900e-01 6.23900950e-01 3.56660366e-01
    9.60877001e-01 8.94933462e-01 3.20368111e-02 6.44931853e-01
    1.28354996e-01 5.91682315e-01 1.46025747e-01 1.45357966e-01
    8.53323340e-01 4.14293796e-01 1.77713394e-01 6.89366698e-01
    2.19021410e-01 4.01578963e-01 8.07019949e-01 7.29638159e-01
    9.39853907e-01 2.72081137e-01 6.76438570e-01 7.13875234e-01
    9.14258361e-02 8.75969052e-01 9.62432265e-01 1.48066878e-03
    2.82773018e-01 2.55167782e-02 6.45594358e-01 6.43571973e-01
    4.96233732e-01 9.18727994e-01 6.68094277e-01 9.20662820e-01
    8.23413908e-01 4.30812836e-02 2.06676155e-01 8.69898498e-01
    8.25908840e-01 6.37539923e-01 9.81268167e-01 5.61469972e-01
    6.10478282e-01 6.68532610e-01 3.53915811e-01 3.30307543e-01
    8.89143348e-01 4.92766112e-01 8.79352808e-01 2.15987355e-01
    4.46055561e-01 9.29548383e-01 8.06961656e-01 4.45352346e-01
    2.90854007e-01 3.54498744e-01 1.46291077e-01 4.02744651e-01
    2.98229337e-01 4.54480976e-01 3.00808132e-01 4.68625873e-01
    9.02088463e-01 1.23410225e-01 4.13263083e-01 4.88481611e-01
    3.79197985e-01 2.40297556e-01 7.95747936e-02 8.92404556e-01
    2.79778838e-01 7.02926397e-01 6.60676181e-01 4.91577774e-01
    3.68237734e-01 8.11129808e-01 9.79560435e-01 9.00741994e-01
    8.58625293e-01 2.88120925e-01 2.33226895e-01 9.68601048e-01
    7.38145411e-02 1.77618563e-02 8.23781133e-01 8.70139897e-02
    3.01248014e-01 4.96834874e-01 5.63058794e-01 1.47279024e-01
    7.92587101e-02 2.67874777e-01 2.34972090e-01 9.41504955e-01
    3.59109282e-01 9.10925388e-01 7.69397795e-01 9.33061719e-01
    7.60598302e-01 1.08665228e-03 7.78279245e-01 7.66544163e-01
    2.88043469e-01 1.98248297e-01 1.49991006e-01 5.36162555e-02
    5.05411863e-01 4.27948505e-01 6.82969332e-01 1.45798504e-01
    1.18815899e-01 8.66460323e-01 5.08175194e-01 6.10374808e-01
    6.87121212e-01 4.36329275e-01 8.13692331e-01 1.04571104e-01
    1.41405106e-01 7.82248855e-01 7.50075102e-01 4.53149974e-02
    4.37832326e-01 1.68220371e-01 2.92250901e-01 8.95180464e-01
    4.33030367e-01 2.19068527e-01 5.49616754e-01 2.17266709e-01
    2.34773904e-01 8.97738039e-02 2.74655282e-01 4.72606361e-01
    9.75332558e-01 7.89452970e-01 7.59614706e-01 9.12286639e-01
    3.57007504e-01 9.25787687e-01 7.87116945e-01 9.73416090e-01
    2.48977691e-01 4.19572443e-01 2.80167758e-01 4.70469534e-01
    5.85571289e-01 6.82433188e-01 7.87145972e-01 1.68299943e-01
    1.84951812e-01 7.22383440e-01 1.32456899e-01 8.63496542e-01
    8.21373820e-01 9.26737487e-02 1.13668203e-01 6.58978760e-01
    7.47068763e-01 1.91536993e-01 4.70978975e-01 5.67290783e-01
    9.55008268e-01 6.01371527e-01 2.48868465e-02 8.08942914e-02
    8.86373758e-01 3.07086200e-01 8.35963190e-01 6.01355314e-01
    2.87015229e-01 9.38569069e-01 6.52576029e-01 8.49135518e-01
    9.40302491e-01 4.99541581e-01 4.75375146e-01 3.96877915e-01
    4.20310825e-01 1.77869081e-01 3.18909764e-01 5.57635546e-01
    6.53821826e-01 5.50004303e-01 8.05935502e-01 8.04430246e-03
    8.10509324e-01 7.58413315e-01 6.93535566e-01 2.23589271e-01
    1.92919225e-01 1.47013366e-02 4.98856485e-01 3.02826911e-01
    4.33612645e-01 6.20702147e-01 3.46824825e-02 6.67220712e-01
    2.24902302e-01 4.76171970e-01 6.90451920e-01 2.59720087e-01
    9.86747742e-02 1.04573369e-01 5.23250461e-01 1.54559612e-01
    1.00390017e-01 8.15233469e-01 2.46486485e-01 1.28755331e-01
    3.33570957e-01 1.97451949e-01 3.99764419e-01 1.92384571e-01
    6.54187441e-01 6.72233701e-01 9.09196496e-01 4.68686134e-01
    3.97382617e-01 6.94409311e-02 6.82362020e-01 3.74438584e-01
    2.34995484e-01 9.55242276e-01 6.85742438e-01 2.34577149e-01
    1.69118881e-01 4.03565884e-01 9.54704285e-02 3.34192872e-01
    3.73231858e-01 4.65937108e-01 9.67872858e-01 1.60863370e-01
    7.43570030e-01 4.55752164e-01 3.90468836e-02 4.89355624e-01
    4.56162095e-02 3.65188450e-01 1.59548402e-01 3.50298226e-01
    8.86624217e-01 9.47173178e-01 8.48150551e-02 6.25742078e-01
    3.92610252e-01 8.10955882e-01 9.42806423e-01 6.41960621e-01
    3.37936282e-02 1.27363533e-01 1.57014966e-01 9.98902321e-02
    8.03390622e-01 5.54709196e-01 1.06560051e-01 2.50663459e-01
    1.15129948e-02 4.91644382e-01 2.57589400e-01 1.33887947e-01
    4.01337087e-01 3.97753775e-01 1.99489594e-02 3.88474166e-01
    7.81753659e-01 4.99269664e-01 2.32964516e-01 5.79688072e-01
    7.29741275e-01 7.09932923e-01 7.57957101e-01 2.72840738e-01
    1.00873500e-01 8.02910447e-01 6.12467706e-01 9.51573551e-02
    7.18470812e-01 4.51594591e-04 3.57770354e-01 6.50999308e-01
    7.50035048e-04 6.86346292e-01 3.10377061e-01 1.63119107e-01
    1.41892046e-01 1.63270205e-01 6.86713398e-01 7.70458043e-01
    5.97970128e-01 5.36401570e-01 5.52135825e-01 9.33879495e-01
    2.38480866e-01 9.26928759e-01 2.41604030e-01 1.60538852e-02
    2.59192586e-01 9.85995770e-01 1.33885294e-01 9.08235312e-01
    3.42836857e-01 5.11151552e-01 8.29295278e-01 9.65141535e-01
    3.82376254e-01 9.20491278e-01 7.27943897e-01 4.20476943e-01
    2.42175072e-01 7.63547122e-01 6.35367632e-01 1.10552758e-01
    6.99974179e-01 1.62769556e-02 2.45472312e-01 6.60325646e-01
    7.58700371e-01 4.05089706e-01 3.86665434e-01 6.57220781e-02
    2.84617245e-01 6.58365607e-01 9.50632334e-01 6.49966300e-01
    1.50957525e-01 2.56770819e-01 8.05239916e-01 9.61088300e-01
    1.15809619e-01 9.91399407e-01 3.69205952e-01 2.41475374e-01
    7.46020257e-01 8.07662606e-01 4.03276324e-01 6.35768592e-01
    6.10443234e-01 5.43205202e-01 8.94014120e-01 7.53051102e-01
    6.67966068e-01 1.92003638e-01 9.85735893e-01 1.51024193e-01
    4.06060219e-01 7.88646460e-01 3.50644708e-01 6.43310845e-01
    3.60675216e-01 7.89613008e-01 8.90053153e-01 4.70546544e-01
    8.40341628e-01 2.05006748e-01 7.51402617e-01 9.86603260e-01
    5.03832877e-01 3.30347836e-01 4.45760459e-01 2.77949274e-02
    5.88158965e-02 1.79195881e-01 1.99331164e-01 1.64064407e-01
    9.85067546e-01 6.18883371e-02 7.64063954e-01 1.09423548e-01
    4.02931124e-01 8.05102170e-01 6.46151125e-01 6.32879138e-03
    3.63976181e-01 2.96691298e-01 8.23327661e-01 9.30537283e-02
    8.09201717e-01 3.06392014e-01 9.40376997e-01 9.30344343e-01
    3.16503584e-01 6.03316963e-01 6.82716250e-01 5.30928135e-01
    9.20194507e-01 3.51034224e-01 2.33390480e-01 2.46992409e-01
    6.29829109e-01 6.36702538e-01 9.26339626e-03 3.36068928e-01
    2.31318504e-01 8.98465991e-01 3.65020722e-01 8.92418146e-01
    2.23828167e-01 8.46381247e-01 6.46500230e-01 3.02934408e-01
    9.19694483e-01 1.51576936e-01 2.65745699e-01 6.14114463e-01
    7.03753412e-01 4.95508015e-02 9.83588398e-01 9.31760311e-01
    1.56483412e-01 3.74778032e-01 2.29000539e-01 2.51100630e-01
    3.87916565e-02 4.71063346e-01 5.40789068e-02 1.80750519e-01
    1.98517948e-01 2.10146278e-01 5.15182137e-01 9.35665369e-02
    1.72722548e-01 1.28633350e-01 5.70763826e-01 2.23283470e-01
    9.79516625e-01 6.98376894e-02 4.88554597e-01 2.84774601e-02
    1.19950235e-01 9.53085959e-01 3.59657377e-01 4.61671352e-02
    4.57775950e-01 6.29961491e-01 1.03507876e-01 1.55568957e-01
    3.91589582e-01 7.01358855e-01 3.70157212e-01 2.46278524e-01
    1.37208849e-01 9.77610588e-01 9.24015522e-01 1.10208690e-01
    4.68234241e-01 9.81580377e-01 7.70720601e-01 4.64655936e-01
    4.20358956e-01 3.05735946e-01 5.69123209e-01 8.25399101e-01
    7.65633225e-01 2.47604102e-01 6.78447485e-01 7.28995800e-01
    9.83446181e-01 1.07340664e-01 3.02389622e-01 6.79812074e-01
    5.18665016e-02 2.97518969e-01 3.09655607e-01 8.67740154e-01
    4.17147547e-01 8.39899063e-01 7.77867198e-01 1.63376004e-01
    1.05740190e-01 6.35356903e-02 9.74489748e-01 1.97315127e-01
    5.22275567e-01 2.67588019e-01 8.59036565e-01 6.96168721e-01
    6.77578509e-01 9.35495138e-01 3.95247340e-01 1.99339002e-01
    5.38614333e-01 6.73875213e-03 2.86653161e-01 6.46982253e-01
    3.81108820e-01 7.84232020e-01 3.91812980e-01 2.71160543e-01
    7.67831564e-01 8.71554315e-02 2.42213607e-02 4.34192896e-01
    6.94698572e-01 2.98799276e-02 5.84500968e-01 2.54402995e-01
    4.16526735e-01 5.26922107e-01 5.27969837e-01 4.62415636e-01
    6.12517118e-01 6.31807327e-01 5.68012059e-01 9.57373977e-01
    4.09910679e-01 7.01313615e-01 5.75549662e-01 5.13525665e-01
    4.68933761e-01 9.90018010e-01 2.47220039e-01 4.21151519e-01
    2.57860839e-01 5.05128264e-01 7.00604439e-01 1.80807352e-01
    8.31633806e-03 2.12811798e-01 4.36138898e-01 2.02953219e-02
    7.13065028e-01 6.68663383e-01 4.89383459e-01 2.56734729e-01
    2.82492340e-02 8.15735102e-01 7.19768941e-01 1.18820369e-02
    6.90531969e-01 3.42291921e-01 6.00584805e-01 3.84293139e-01
    4.51837778e-01 2.78804243e-01 7.77747869e-01 6.67193294e-01
    6.87126756e-01 1.88917398e-01 6.03223264e-01 4.43114638e-01
    5.93819261e-01 8.26762795e-01 2.61748910e-01 2.66590357e-01
    5.59204876e-01 9.18711185e-01 6.95917606e-01 7.58756042e-01
    2.15446264e-01 7.54260361e-01 9.35643792e-01 5.71765721e-01
    2.09711194e-01 7.86836505e-01 3.87171328e-01 1.63419932e-01
    5.44846416e-01 2.01370031e-01 5.52363515e-01 6.07371390e-01
    5.55671990e-01 9.02118802e-01 7.80499220e-01 9.63139534e-01
    5.98425448e-01 9.03703928e-01 2.21044719e-02 1.10345960e-01
    5.84274650e-01 4.21309382e-01 4.26359147e-01 2.75556535e-01
    1.94414526e-01 3.67487490e-01 8.00128698e-01 3.30269456e-01
    6.77643418e-01 1.01353317e-01 4.15432215e-01 8.51443708e-01
    5.49104631e-01 6.79832041e-01 9.67564464e-01 1.06100738e-01
    3.02983463e-01 3.56243670e-01 8.54003310e-01 8.71620297e-01
    6.27285659e-01 2.89881408e-01 3.90304655e-01 3.89038175e-01
    3.75431418e-01 6.11307085e-01 4.21738029e-02 2.75948286e-01
    8.70389283e-01 4.90677834e-01 7.90713727e-02 4.37027991e-01
    1.97898686e-01 6.33088470e-01 4.89920110e-01 6.56016827e-01
    2.99630910e-01 8.85261178e-01 7.89472997e-01 2.30933130e-01
    5.08128703e-01 2.86846459e-01 8.46220136e-01 5.24906337e-01
    8.30910325e-01 9.27222073e-01 1.91954464e-01 8.10294211e-01
    7.25443244e-01 6.01701438e-01 7.50003338e-01 8.45372081e-01
    2.86830872e-01 7.26712286e-01 5.48596680e-01 6.22105777e-01
    4.20159578e-01 7.66899705e-01 1.48657680e-01 3.81129801e-01
    8.20004106e-01 6.91071272e-01 3.38551402e-01 8.47292662e-01
    1.55828625e-01 3.20696533e-01 2.94496775e-01 8.88344884e-01
    8.09783399e-01 3.05053830e-01 5.35883129e-01 8.12073708e-01
    6.29592836e-02 7.11751342e-01 5.62489331e-01 3.73293161e-02
    6.70056760e-01 2.76433885e-01 4.74655181e-01 9.03894901e-01
    3.19910109e-01 4.22813863e-01 7.54303813e-01 7.48470426e-03
    8.48671257e-01 3.88557673e-01 2.68625826e-01 6.92592502e-01
    8.70981932e-01 4.07592177e-01 6.43625259e-01 2.61553019e-01
    8.82371187e-01 5.57184279e-01 7.03484595e-01 7.50189066e-01
    9.97958422e-01 8.28108788e-02 1.73988700e-01 7.80088902e-02
    3.87039125e-01 8.05721402e-01 6.99245036e-01 5.29534698e-01
    2.16012061e-01 2.85515308e-01 6.79441333e-01 1.74876004e-01
    7.50367284e-01 1.89623237e-03 2.57822871e-01 8.61401737e-01
    1.40956193e-01 6.48407221e-01 9.74012375e-01 6.37739003e-01
    9.14162040e-01 8.48523796e-01 6.00907922e-01 5.97293973e-01
    1.79191917e-01 9.82559443e-01 7.41789520e-01 1.32797748e-01
    9.02830184e-01 9.61664557e-01 2.42296815e-01 3.86886477e-01
    9.99462068e-01 2.11069793e-01 3.81057054e-01 4.98971730e-01
    7.36069024e-01 9.91877794e-01 7.58273304e-01 8.49666357e-01
    8.16947818e-01 8.95947814e-01 4.81030792e-01 9.02964592e-01
    4.06956315e-01 8.29848409e-01 8.48831534e-01 2.09754944e-01
    4.95397061e-01 5.04412413e-01 8.63528728e-01 3.14041972e-01
    7.01027155e-01 9.47358668e-01 3.00079077e-01 9.70086575e-01
    9.55619454e-01 3.57919574e-01 7.28152096e-01 9.62059796e-02
    7.63792753e-01 7.52085447e-01 7.92806864e-01 8.78226519e-01
    5.25913894e-01 5.24370253e-01 1.07663989e-01 4.76215094e-01
    5.38595796e-01 7.28334665e-01 2.60127455e-01 5.10679245e-01
    5.48981011e-01 7.28509963e-01 2.35476971e-01 3.92278194e-01
    9.31722879e-01 7.25103080e-01 3.22551429e-02 7.29112804e-01
    8.57609272e-01 5.73241889e-01 2.87681192e-01 3.10077757e-01
    2.76775151e-01 9.19747055e-02 3.10456991e-01 7.79126287e-02
    1.23882592e-01 2.48799443e-01 8.29618096e-01 1.92805022e-01
    1.91262722e-01 5.50301015e-01 8.14442158e-01 8.80264521e-01
    6.22942984e-01 1.13274515e-01 3.78327101e-01 6.05484664e-01
    8.82339358e-01 3.37101221e-02 8.90532255e-01 3.17359805e-01
    7.56030679e-02 3.27023804e-01 7.92668462e-02 5.12131572e-01
    9.22438204e-02 2.08664834e-02 4.17565823e-01 2.22459823e-01
    5.12376845e-01 9.52534974e-02 9.97376442e-02 5.69954634e-01
    4.66644168e-01 1.89517051e-01 9.03704286e-01 1.96925700e-02
    8.35288227e-01 5.97445369e-01 8.66175354e-01 9.30037022e-01
    5.92675686e-01 5.02156615e-02 7.55186677e-01 4.71261442e-02
    5.30016661e-01 6.56831980e-01 5.22129178e-01 5.35494745e-01
    1.11137152e-01 6.68639898e-01 8.94417286e-01 5.79155207e-01
    4.18704510e-01 6.46389842e-01 2.09836364e-02 4.57830429e-02
    5.01722813e-01 1.06692940e-01 4.46533263e-01 4.04311210e-01
    1.76721960e-01 2.13505328e-02 6.31858826e-01 2.59884834e-01
    7.22806931e-01 8.66371393e-01 6.34979963e-01 1.18002683e-01
    2.64271140e-01 3.83123457e-01 6.71610713e-01 6.80570364e-01
    6.55604780e-01 3.08855444e-01 9.67565298e-01 7.84193993e-01
    3.18313032e-01 3.10381711e-01 2.72342563e-02 1.63865447e-01
    2.22624630e-01 4.99746561e-01 8.40002954e-01 6.75015450e-01
    1.79220676e-01 6.17504001e-01 4.76958632e-01 9.02278006e-01
    4.24434662e-01 5.60008585e-01 3.53180230e-01 6.22363150e-01
    2.64434457e-01 9.85060036e-02 8.64269316e-01 4.80707884e-02
    8.02434325e-01 8.15261126e-01 6.07334852e-01 3.91489774e-01
    7.96137691e-01 9.30788815e-02 7.25037038e-01 4.48745996e-01
    9.00261700e-02 5.97308636e-01 5.01083016e-01 2.45489806e-01
    9.53254104e-01 1.89655662e-01 9.98562574e-01 7.11420417e-01
    2.20561802e-01 9.16047573e-01 2.72999167e-01 5.40258408e-01
    8.31190348e-01 3.77947509e-01 1.56887889e-01 4.80048597e-01
    2.09547341e-01 9.71947074e-01 1.22714907e-01 5.30465901e-01
    5.06138206e-01 7.16611683e-01 1.36500686e-01 6.07479334e-01
    5.64328551e-01 7.08618402e-01 2.23129004e-01 6.86521292e-01
    6.18004918e-01 9.62163627e-01 7.97081590e-01 6.28534734e-01
    5.44749618e-01 1.15972251e-01 5.72162986e-01 1.85817927e-01
    4.53452498e-01 9.50474262e-01 1.97900236e-01 3.57403576e-01
    5.68702936e-01 9.80599403e-01 2.99753368e-01 8.72799039e-01
    8.73037815e-01 3.95457953e-01 7.77708054e-01 6.51406527e-01
    1.00990444e-01 1.51984721e-01 3.70361954e-01 9.34439659e-01
    5.23479581e-02 2.70721972e-01 8.33850622e-01 6.10424697e-01
    4.69291210e-03 8.15769434e-02 5.34386992e-01 2.51129121e-01
    5.68305016e-01 7.14707315e-01 4.91328925e-01 9.12829041e-01
    9.08361912e-01 1.32939160e-01 2.03644753e-01 4.76795733e-02
    3.10115695e-01 4.31955040e-01 1.26669675e-01 3.55404615e-01
    8.60188305e-02 2.88782060e-01 5.22622049e-01 1.04573339e-01
    3.25364411e-01 4.22376126e-01 3.49389315e-01 1.71101451e-01
    7.87406266e-02 6.22081757e-01 9.64411974e-01 9.23282266e-01
    5.77259183e-01 3.74984086e-01 6.08737707e-01 2.63254106e-01
    3.09906363e-01 3.86138767e-01 5.89514196e-01 8.87825727e-01
    4.27664459e-01 8.79688978e-01 7.38386035e-01 2.35034734e-01
    9.32079554e-01 8.43055665e-01 9.64246392e-02 3.06219101e-01
    4.62653279e-01 9.01309609e-01 9.95300651e-01 2.21753687e-01
    7.58483410e-01 1.88571215e-03 6.21978819e-01 6.54640198e-02
    7.19083250e-01 7.76234984e-01 6.86380506e-01 7.35390306e-01
    2.11336911e-01 2.20212042e-01 2.42904186e-01 8.82955790e-01
    7.48841166e-02 2.63722211e-01 7.51497388e-01 6.20316148e-01
    9.40689147e-01 1.57288432e-01 5.22526503e-02 1.72137260e-01
    6.40756965e-01 9.65404212e-01 7.27743983e-01 9.08128381e-01
    9.89951134e-01 4.60463166e-02 2.05334723e-01 7.61265635e-01
    2.23495960e-02 8.22349668e-01 6.27520680e-03 6.95712030e-01
    4.28177416e-01 9.75408196e-01 4.38257068e-01 6.22932076e-01
    2.24200785e-01 7.61382759e-01 7.97050238e-01 1.05444819e-01
    1.55467510e-01 4.26060826e-01 3.60565305e-01 3.31166327e-01
    5.41654527e-02 4.48373169e-01 3.95858467e-01 2.99555302e-01
    6.08650684e-01 7.15138257e-01 5.62944233e-01 6.72202647e-01
    3.05057168e-01 1.17600679e-01 8.81128848e-01 5.87949276e-01
    4.36870456e-01 5.73600888e-01 5.38173199e-01 6.67622566e-01
    8.55183959e-01 4.31915164e-01 9.76899266e-02 7.31972277e-01
    2.18213528e-01 7.68576503e-01 1.46433502e-01 2.13419408e-01
    5.35970867e-01 4.41322446e-01 2.11373627e-01 7.32921541e-01
    1.99953169e-01 3.71334374e-01 1.97729588e-01 4.76820886e-01
    3.71654928e-01 2.64910758e-02 2.62922645e-01 2.73901522e-02
    3.63903463e-01 5.42551875e-01 1.40763015e-01 3.45501006e-02
    6.66865408e-01 2.81853437e-01 1.07194185e-01 4.65281606e-01
    5.53145051e-01 8.83566439e-01 6.97603345e-01 1.22263700e-01
    2.29282588e-01 5.37595153e-03 8.37590814e-01 8.74247074e-01
    1.63210154e-01 9.64502215e-01 1.97472274e-01 1.11104250e-01
    3.31137300e-01 8.63911092e-01 8.94597769e-01 2.21091509e-03
    6.57719493e-01 3.12854946e-02 8.39495420e-01 4.48149443e-02
    5.13890564e-01 4.31151778e-01 9.92090344e-01 7.26730585e-01
    7.30412543e-01 5.03453970e-01 2.70460665e-01 7.37502277e-01
    8.32052588e-01 9.07851279e-01 5.22834063e-03 4.53325868e-01
    7.17135668e-02 8.83216262e-02 4.40857977e-01 9.80467439e-01
    4.63577330e-01 9.64286327e-01 9.64380503e-01 2.12199062e-01
    6.22140765e-01 4.10487056e-02 1.12557113e-02 4.09356892e-01
    8.31863880e-01 9.74480271e-01 8.49738717e-01 7.11220443e-01
    3.30632657e-01 6.44166172e-01 3.82353067e-01 9.30181861e-01
    5.92928767e-01 6.23972654e-01 9.06266928e-01 2.15843976e-01
    8.29461455e-01 1.80447847e-01 3.11577111e-01 3.84386778e-02
    9.10938680e-01 7.68532991e-01 4.30617064e-01 5.50243020e-01
    6.15447819e-01 5.48102260e-02 1.90099418e-01 5.77917576e-01
    9.20439839e-01 9.04038429e-01 6.54514313e-01 5.00516295e-01
    4.62614208e-01 6.93819165e-01 3.49347323e-01 1.49375409e-01
    6.93118870e-01 8.15860033e-02 7.76686907e-01 2.62970597e-01
    1.33424371e-01 9.31476116e-01 8.13487291e-01 2.49602526e-01
    1.19326532e-01 2.88378716e-01 9.83167887e-01 4.92016315e-01
    3.45657110e-01 4.51005101e-01 4.10604864e-01 5.76788247e-01
    1.25699580e-01 5.38655996e-01 8.28836083e-01 8.37497890e-01
    6.83571935e-01 7.36969471e-01 1.03840768e-01 9.19089437e-01
    5.20500898e-01 8.34468842e-01 4.09699738e-01 2.77872324e-01
    2.21260339e-01 9.13856030e-02 3.24149728e-01 9.22224164e-01
    2.32767612e-01 9.66263056e-01 9.48932528e-01 8.06005478e-01
    6.30215883e-01 2.20523328e-01 6.74517930e-01 3.93217623e-01
    4.66999501e-01 7.82027245e-01 4.59184945e-02 6.79075301e-01
    3.11592728e-01 3.34569663e-01 8.47217917e-01 9.01609182e-01
    6.81369126e-01 5.17314553e-01 4.39826339e-01 7.28583694e-01
    3.22115600e-01 6.75524175e-01 3.76407564e-01 6.73385978e-01
    3.82100046e-02 4.15518880e-01 9.28964496e-01 5.12314081e-01
    4.77628648e-01 8.85435879e-01 4.45966989e-01 2.13785350e-01
    1.46533906e-01 5.82962036e-01 3.62051070e-01 1.08348578e-01
    7.59687662e-01 7.93598890e-02 8.07106733e-01 6.86409533e-01
    3.75889361e-01 8.54284108e-01 3.91288638e-01 6.14449263e-01
    6.56211376e-01 9.10501242e-01 9.52488780e-01 9.49488878e-01
    8.47221971e-01 6.66151881e-01 5.07631600e-02 6.87714875e-01
    3.72905731e-01 1.30365133e-01 7.12525964e-01 4.96651560e-01
    9.07507837e-02 9.29418921e-01 4.49779123e-01 9.32245433e-01
    5.63216090e-01 4.18961972e-01 6.15494490e-01 8.33811641e-01
    4.67340648e-02 3.46653581e-01 3.85511875e-01 5.90663135e-01
    8.38337600e-01 7.42325425e-01 5.72587669e-01 4.34832692e-01
    8.95030975e-01 9.11149979e-01 1.73086613e-01 4.43337530e-01
    3.55815589e-02 6.42417550e-01 3.83893222e-01 7.34644830e-01
    3.05730373e-01 7.82057226e-01 2.87424028e-01 5.83000958e-01
    3.98700595e-01 7.05162644e-01 6.32432401e-01 6.55193567e-01
    7.91247845e-01 9.69857156e-01 6.40658319e-01 6.20305002e-01
    9.89994586e-01 6.92247152e-01 9.20388043e-01 8.43518913e-01
    8.05998445e-01 4.92973119e-01 2.75863498e-01 7.87312627e-01
    3.54079843e-01 6.50014281e-02 2.83014923e-01 3.24979872e-01
    2.01589763e-01 4.37022984e-01 9.10898209e-01 3.64385724e-01
    1.34479612e-01 8.43864381e-02 2.49114066e-01 7.69597888e-02
    9.36705768e-02 6.98641241e-01 4.18374866e-01 7.47053504e-01
    3.35096002e-01 5.93063712e-01 9.28714573e-01 4.13622379e-01
    1.64578021e-01 5.92883289e-01 5.31517267e-02 9.83993888e-01
    1.44899845e-01 9.38206792e-01 8.52517784e-02 6.97503150e-01
    7.59446979e-01 6.07430339e-02 2.91661620e-02 3.53847623e-01
    9.65029120e-01 7.86946297e-01 6.93824172e-01 6.39696836e-01
    9.07818139e-01 2.39849180e-01 4.09123659e-01 1.44351721e-01
    8.28767717e-01 4.21955287e-01 6.53635144e-01 4.08210456e-01
    2.01900065e-01 9.43531096e-01 5.24711430e-01 7.40025938e-02
    4.47204143e-01 3.83159310e-01 7.85394669e-01 2.01826096e-02
    4.04122889e-01 7.87166834e-01 6.85293972e-01 4.22933340e-01
    2.80027896e-01 1.05949879e-01 6.13651693e-01 3.26203912e-01
    4.68832254e-03 9.53028142e-01 1.00683689e-01 5.40526032e-01
    8.61293912e-01 7.39309013e-01 7.86054730e-02 6.68256044e-01
    5.58765948e-01 9.73521829e-01 2.19964981e-03 7.54550338e-01
    5.98224759e-01 1.05690807e-01 4.10057604e-02 7.45670199e-01
    1.84363812e-01 2.63598263e-01 5.46508133e-02 5.08959532e-01
    9.66050506e-01 8.98064673e-01 6.21490777e-01 3.63344491e-01
    1.93910599e-02 8.31853509e-01 5.88177145e-02 9.64430869e-01
    3.18752468e-01 3.47117692e-01 5.06565869e-02 3.26216042e-01
    3.32881093e-01 1.83759898e-01 9.88417864e-02 3.05888981e-01
    4.66949970e-01 3.32628191e-01 4.01253313e-01 1.28121614e-01
    9.77933526e-01 4.69192922e-01 2.39402622e-01 8.04907918e-01
    1.19030863e-01 2.19707578e-01 7.61409640e-01 5.57388186e-01
    9.77889538e-01 4.26208049e-01 9.53660250e-01 1.38604641e-03
    8.37989390e-01 5.40881991e-01 9.42690492e-01 2.70927429e-01
    9.80297029e-02 3.50797236e-01 7.16515303e-01 6.39584184e-01
    2.88878977e-01 7.25664496e-01 9.59441185e-01 9.38327670e-01
    5.92035294e-01 3.09981048e-01 7.40003109e-01 6.32609367e-01
    5.56914032e-01 3.36512804e-01 6.46284938e-01 5.48213303e-01
    6.46143734e-01 7.50707686e-01 1.06227487e-01 2.29642272e-01
    5.26722848e-01 8.44269633e-01 7.32919097e-01 9.34424818e-01
    7.21342087e-01 4.40733761e-01 8.58113885e-01 7.27883220e-01
    9.66357946e-01 4.33128327e-01 8.03561091e-01 1.78331137e-03
    8.86683226e-01 7.67743707e-01 2.03517705e-01 4.40368861e-01
    4.89601493e-03 5.08794069e-01 1.41789436e-01 1.85962319e-01
    8.30195308e-01 2.69470364e-01 1.02510899e-01 3.62659156e-01
    5.84509194e-01 8.68389010e-01 5.07019222e-01 5.30580699e-01
    8.58821392e-01 3.60360146e-02 4.25527096e-01 5.80220699e-01
    5.44065118e-01 1.78677887e-01 9.48439956e-01 4.42489564e-01
    7.81162024e-01 5.47535241e-01 2.05205828e-01 8.02496552e-01
    6.46915615e-01 3.33527505e-01 6.21195316e-01 4.40757126e-01
    5.50269306e-01 6.94600582e-01 8.33607554e-01 5.60960174e-01
    5.49263954e-01 3.67350876e-01 2.07019448e-01 9.31372404e-01
    2.00287402e-01 5.53713620e-01 4.09905881e-01 1.64362192e-01
    6.18020535e-01 7.54948497e-01 1.37340933e-01 3.74793410e-01
    5.77043712e-01 2.43652761e-02 2.53176093e-02 5.66772103e-01
    2.58103460e-01 9.78599191e-01 9.31670785e-01 7.96079814e-01
    5.90162814e-01 1.76836312e-01 9.58488703e-01 2.20511407e-01
    1.76145434e-02 7.09273219e-02 5.37864864e-02 2.85030067e-01
    6.79250419e-01 7.96877861e-01 4.44215834e-02 3.43023837e-01
    9.25082803e-01 9.29669857e-01 6.19220734e-03 8.89403462e-01
    3.00575614e-01 1.36874914e-02 9.97531414e-01 4.32447493e-01
    8.08720291e-02 2.86329955e-01 5.19944131e-02 6.41606987e-01
    4.91751522e-01 3.61820340e-01 5.58836460e-02 5.16897917e-01
    4.39298004e-01 5.63415408e-01 6.04181111e-01 5.15250146e-01
    5.38025558e-01 4.13333178e-01 5.88788927e-01 2.07046658e-01
    4.79263991e-01 3.05227011e-01 2.68208444e-01 2.72817224e-01
    1.87391192e-01 3.02577376e-01 6.22233450e-01 3.46169770e-02
    6.42364025e-01 7.44134188e-04 8.62252891e-01 2.43578553e-02
    5.66587806e-01 4.21022892e-01 5.38200378e-01 2.11543113e-01
    9.52820420e-01 7.60025144e-01 1.98967189e-01 3.34570169e-01
    2.06706583e-01 3.94202173e-02 8.79295111e-01 3.21936905e-02
    5.68968177e-01 5.68570614e-01 1.70957237e-01 7.87777603e-01
    7.23168314e-01 9.65906620e-01 3.87398273e-01 8.80996466e-01
    4.64037061e-01 7.95009971e-01 6.31554663e-01 2.10763872e-01
    1.30568683e-01 5.79159856e-01 4.17137355e-01 4.01305348e-01
    6.71367168e-01 6.16909444e-01 6.39754355e-01 7.67350197e-01
    6.95364237e-01 9.94211912e-01 5.38271129e-01 9.18067217e-01
    5.16605794e-01 9.44461942e-01 1.64507359e-01 9.35353756e-01
    7.27476358e-01 3.13050956e-01 1.87748313e-01 6.24485135e-01
    4.52474028e-01 4.49134886e-01 2.08230615e-02 2.01734602e-01
    5.48931718e-01 6.87225461e-01 2.89757788e-01 6.73467159e-01
    2.22430944e-01 7.34689295e-01 9.84261394e-01 7.54058778e-01
    5.24111629e-01 6.95067585e-01 6.74024165e-01 9.98015285e-01
    7.64505625e-01 1.65013164e-01 1.18286610e-01 8.48829985e-01
    8.20121169e-02 7.83040643e-01 7.01832771e-01 2.73807615e-01
    6.60587966e-01 7.37896025e-01 6.15559280e-01 1.38939589e-01
    2.22139955e-01 2.29210615e-01 6.95271909e-01 7.54586339e-01
    9.69213843e-02 9.71528649e-01 9.14814174e-01 6.13819897e-01
    6.64389133e-02 8.11210930e-01 4.04714763e-01 3.94021511e-01
    9.26090479e-01 7.17471600e-01 8.34770024e-01 5.00919521e-02
    8.78459811e-02 6.21773839e-01 8.79608393e-01 9.18433666e-01
    4.87667501e-01 8.67795348e-01 5.29963374e-02 8.64229500e-01
    4.84026343e-01 1.80953920e-01 2.03998923e-01 6.05211556e-01
    4.60548341e-01 8.40170920e-01 4.48364496e-01 1.32874548e-01
    2.31995016e-01 1.99487597e-01 5.69973648e-01 7.62004972e-01
    8.83933067e-01 6.14121735e-01 7.55959809e-01 7.02598631e-01
    6.03293717e-01 4.29281205e-01 1.89305067e-01 4.10488904e-01
    4.56137568e-01 2.14956105e-01 9.96700525e-02 2.95677006e-01
    4.07094806e-01 8.84868622e-01 7.98639297e-01 8.58113766e-01
    9.25444365e-02 6.96440697e-01 2.67226845e-01 3.02909315e-01
    9.75101531e-01 4.54471886e-01 1.35524184e-01 8.73403490e-01
    5.54612696e-01 3.59906852e-01 9.18162584e-01 7.55186677e-01
    1.64005667e-01 2.96748698e-01 2.56695509e-01 3.38000238e-01
    3.96986246e-01 4.90150928e-01 4.27374214e-01 9.94321525e-01
    6.86498463e-01 4.69904661e-01 9.71087456e-01 4.17701513e-01
    1.20774508e-01 3.43055427e-02 3.59576851e-01 8.23265254e-01
    6.69373035e-01 6.11924291e-01 8.23064566e-01 2.00546145e-01
    3.01175982e-01 3.45376700e-01 5.28843939e-01 7.45639622e-01
    2.14125633e-01 9.54653502e-01 1.85038865e-01 5.05653381e-01
    5.16935647e-01 1.55816972e-01 1.67610198e-01 6.50130630e-01
    5.54014504e-01 1.79954886e-01 5.00143945e-01 5.80266953e-01
    3.36588323e-01 2.61288166e-01 6.25845790e-01 8.51957977e-01
    8.75479162e-01 3.29885036e-01 8.21814895e-01 9.75105762e-01
    8.72062564e-01 8.49767327e-01 7.95398712e-01 4.60566312e-01
    1.26101375e-02 6.02733195e-01 5.83242357e-01 7.75783777e-01
    8.53284359e-01 9.12287354e-01 2.38071203e-01 9.35361266e-01
    2.72922456e-01 5.57617247e-01 1.72546923e-01 8.88799548e-01
    9.97581482e-01 2.83035636e-02 8.93630683e-01 7.65483677e-02
    5.35209954e-01 1.37996733e-01 7.68460035e-01 1.03806317e-01
    3.50099087e-01 9.20828104e-01 7.90508986e-01 5.52893460e-01
    1.20284051e-01 2.33131915e-01 4.59980547e-01 4.90955442e-01
    1.12532556e-01 5.79192996e-01 1.90475434e-01 1.30628943e-01
    4.33196872e-01 5.57822466e-01 1.04411423e-01 1.93514556e-01
    7.14951754e-03 5.03325045e-01 9.07374144e-01 6.71270490e-01
    4.63450849e-01 7.61521995e-01 8.29935908e-01 1.61275029e-01
    6.94176793e-01 1.35829806e-01 5.17281055e-01 2.11726189e-01
    5.72319269e-01 4.41667020e-01 8.00341189e-01 2.31699020e-01
    3.91893476e-01 7.02575326e-01 1.07479692e-02 8.59564781e-01
    7.51931667e-01 7.27748275e-01 5.60964227e-01 1.59945637e-01
    1.87967002e-01 3.63931894e-01 8.96683276e-01 9.69537079e-01
    9.82433558e-01 5.39568663e-01 6.23474181e-01 5.31206131e-01
    2.72356510e-01 1.24261081e-01 1.21230781e-01 7.42475986e-01
    2.06210196e-01 3.20917547e-01 9.16141272e-01 8.91795456e-02
    8.28015924e-01 8.14211667e-01 2.12197304e-02 3.35187197e-01
    4.83881712e-01 7.01732457e-01 2.97504067e-01 2.80194819e-01
    7.95702994e-01 8.43439698e-02 2.30848670e-01 5.89643121e-02
    3.05474818e-01 3.67796153e-01 5.83049297e-01 6.18712783e-01
    3.57169777e-01 6.86394513e-01 5.14846981e-01 7.28245497e-01
    6.37036026e-01 8.75772953e-01 4.42547232e-01 6.33229494e-01
    9.24571276e-01 8.73594761e-01 6.43842816e-01 8.93525839e-01
    6.23507857e-01 5.00708818e-01 4.39517617e-01 1.22095227e-01
    2.73653865e-01 6.43658638e-01 4.23051298e-01 7.35741794e-01
    9.90951300e-01 2.29959935e-01 9.34088469e-01 5.12929559e-01
    1.89576775e-01 1.70563102e-01 7.18564093e-02 1.08574748e-01
    4.39284116e-01 8.10614526e-01 4.86131608e-02 7.40563571e-02
    1.73788965e-01 6.79724216e-01 7.77746856e-01 9.02858675e-02
    7.33187437e-01 1.07203037e-01 7.95420110e-01 9.94733214e-01
    1.56712681e-01 8.99407864e-02 7.55824149e-02 9.80556607e-02
    2.97494173e-01 2.28981137e-01 7.63105273e-01 5.78529716e-01
    1.36989653e-02 6.28864110e-01 9.88231778e-01 6.34930134e-01
    5.12969732e-01 6.95044458e-01 3.17944229e-01 3.79515439e-01
    8.19642186e-01 5.92873514e-01 2.30574697e-01 9.82960939e-01
    9.61496353e-01 3.91747087e-01 1.11446470e-01 5.06835699e-01
    4.80767429e-01 5.44994175e-01 1.56514049e-02 8.14176381e-01
    2.56303906e-01 5.93277693e-01 6.31670237e-01 8.18342090e-01
    2.29952186e-01 9.42038596e-02 9.58656788e-01 7.25507021e-01
    2.60929376e-01 4.21758533e-01 2.72471070e-01 4.01400983e-01
    7.52016544e-01 8.95850956e-02 7.98345923e-01 8.31515610e-01
    1.69241965e-01 5.60563326e-01 4.40665245e-01 4.74639475e-01
    9.41043258e-01 5.82885385e-01 8.65263641e-01 7.91282177e-01
    1.91709518e-01 1.45862520e-01 2.37055719e-01 4.12558824e-01
    6.29199386e-01 1.85234040e-01 6.13615513e-02 5.35297334e-01
    1.12818033e-01 4.09850478e-02 7.40138650e-01 9.67871368e-01
    3.53093505e-01 1.17378056e-01 9.71080065e-01 7.99465001e-01
    2.26626009e-01 3.04407597e-01 1.33846492e-01 6.61442637e-01
    6.14771128e-01 1.67366236e-01 5.87494314e-01 8.06966424e-01
    5.90946674e-01 4.98865366e-01 2.86426842e-02 9.16209698e-01
    2.86452770e-02 6.01133108e-02 5.85339367e-01 6.99779391e-03
    6.35793567e-01 4.90792572e-01 2.48209566e-01 6.63651228e-02
    7.68974543e-01 5.55804372e-02 8.58731270e-01 4.40309227e-01
    5.77720702e-01 8.09392035e-02 3.56201738e-01 1.46429330e-01
    2.98820317e-01 8.47109258e-01 1.47307128e-01 1.30731672e-01
    1.80316567e-02 1.47378683e-01 8.81354153e-01 5.31979144e-01
    2.56991416e-01 4.99469489e-01 2.45037317e-01 8.35297525e-01
    4.12057996e-01 5.55846989e-01 2.26658762e-01 3.08124840e-01
    2.90138185e-01 5.17401636e-01 3.31448615e-01 5.27590096e-01
    8.11109841e-02 2.98110187e-01 6.96403027e-01 8.34157526e-01
    5.50848544e-01 9.40426707e-01 2.75595725e-01 9.75001156e-02
    7.18310535e-01 7.34720528e-01 6.95986927e-01 7.86507249e-01
    7.86060274e-01 2.34944254e-01 2.35102594e-01 7.97714889e-01
    6.69030190e-01 3.63382310e-01 3.83489251e-01 9.87622797e-01
    6.99528456e-02 9.61393952e-01 9.11747336e-01 2.53225237e-01
    4.88365680e-01 5.69742620e-02 7.97135293e-01 5.13059974e-01
    3.91142160e-01 4.60575461e-01 9.30785894e-01 2.56228149e-01
    1.21575058e-01 9.79647338e-02 6.49665296e-01 3.42991054e-01
    8.50008428e-02 4.92760718e-01 2.67353415e-01 4.69916075e-01
    1.63350880e-01 9.87379551e-01 2.85758615e-01 3.03671092e-01
    2.07517743e-01 3.02047849e-01 9.20566797e-01 4.25437927e-01
    7.49058723e-01 3.53722602e-01 9.18028474e-01 8.20380449e-01
    6.82987273e-01 1.42950594e-01 2.19103575e-01 3.16954732e-01
    5.19460320e-01 5.96023321e-01 3.81657809e-01 7.84881830e-01
    8.18430781e-02 6.94373965e-01 4.45151329e-02 4.34991479e-01
    3.21947932e-02 8.08690488e-02 4.85663444e-01 2.59779781e-01
    2.58719623e-02 3.42885256e-01 5.89609981e-01 3.79662216e-01
    5.97662866e-01 5.41859984e-01 1.70331985e-01 2.94932425e-01
    3.23217511e-02 3.73244286e-01 5.26297808e-01 5.55439413e-01
    4.26660001e-01 6.13647044e-01 1.75272018e-01 7.72624969e-01
    2.07859725e-01 3.90293896e-01 4.64054316e-01 4.55714643e-01
    8.41439545e-01 2.86748111e-01 7.28138387e-02 8.93489122e-01
    7.84035325e-01 5.17072141e-01 4.13529754e-01 6.54173136e-01
    1.29715025e-01 7.81201124e-01 3.10364515e-01 5.88497996e-01
    1.52344346e-01 3.43710661e-01 7.57135570e-01 1.19230151e-01
    4.05315459e-01 5.70369542e-01 6.43965602e-01 3.24460864e-02
    2.16335028e-01 2.37673908e-01 3.03156406e-01 1.52571917e-01
    5.87095022e-02 1.73247874e-01 2.74226069e-02 4.32962537e-01
    8.47403109e-01 6.35423899e-01 4.78718966e-01 8.94702017e-01
    2.55513787e-02 3.22373807e-02 2.63797700e-01 3.92680168e-01
    3.83786500e-01 7.01536357e-01 7.91413069e-01 9.84089971e-01
    7.28132725e-01 6.55759275e-01 5.99956036e-01 3.39191556e-02
    4.83459741e-01 2.78250158e-01 2.82622814e-01 9.35046077e-01
    7.94692278e-01 6.89612567e-01 3.97270620e-02 6.86168075e-01
    4.01665598e-01 8.20727706e-01 1.80364728e-01 3.20142627e-01
    4.17523324e-01 2.45548636e-01 2.87273586e-01 8.06312442e-01
    3.04915726e-01 6.52117372e-01 3.95944417e-02 6.07627451e-01
    2.54558176e-01 3.53030920e-01 1.36287928e-01 8.85227442e-01
    5.47231257e-01 5.18121183e-01 9.97011423e-01 2.44514585e-01
    2.44842738e-01 3.80533338e-02 7.75955379e-01 7.88297772e-01
    4.31598097e-01 2.01707512e-01 4.41092968e-01 8.80658090e-01
    7.40245581e-02 6.71408296e-01 3.28663051e-01 9.25415277e-01
    3.60408753e-01 1.76791757e-01 2.26353049e-01 2.16939330e-01
    5.58014393e-01 6.65882826e-01 6.29257917e-01 4.54493135e-01
    7.08598435e-01 1.35334104e-01 2.65334904e-01 1.35219485e-01
    8.41532350e-02 6.17868245e-01 3.15018117e-01 6.27063513e-02
    5.18741906e-01 5.11239588e-01 5.91945112e-01 5.09103596e-01
    9.90234017e-02 9.82196093e-01 7.78314710e-01 5.55701733e-01
    8.64358068e-01 8.23640823e-02 4.51849610e-01 2.87018239e-01
    1.14609212e-01 1.84722066e-01 9.32762921e-02 4.12432134e-01
    4.77963567e-01 4.44944829e-01 3.47640216e-02 3.73129129e-01
    7.00961769e-01 5.65041006e-01 9.67856407e-01 3.71231437e-02
    5.37004650e-01 4.27402318e-01 7.84162283e-01 9.20590878e-01
    8.37849736e-01 8.97467434e-01 3.13046694e-01 1.62976176e-01
    8.40678215e-01 8.87728572e-01 2.84435868e-01 6.60456657e-01
    5.18059969e-01 9.10027504e-01 7.95019984e-01 5.46821356e-02
    9.26047146e-01 5.29008448e-01 4.25219417e-01 2.53872097e-01
    1.19183660e-01 6.01050496e-01 9.19524848e-01 2.44127572e-01
    7.13587523e-01 6.04833782e-01 2.37414181e-01 1.34926587e-01
    5.07971048e-01 5.18870652e-01 4.22924459e-02 9.82095003e-01
    7.85279036e-01 5.23898542e-01 1.15632772e-01 4.59812582e-02
    8.22791755e-01 7.85766959e-01 6.22391224e-01 6.40974522e-01
    9.40358639e-03 6.76809132e-01 4.27554131e-01 5.08348525e-01
    2.19333678e-01 8.83370042e-01 1.49472415e-01 7.62757540e-01
    5.18478513e-01 2.98962176e-01 5.36658406e-01 4.92138505e-01
    6.53595924e-01 3.08602571e-01 5.33166766e-01 2.87093818e-01
    6.70700610e-01 1.77762091e-01 6.84172392e-01 4.36019480e-01
    5.83196640e-01 8.26915562e-01 2.54649103e-01 9.52607870e-01
    8.13569248e-01 1.47143006e-03 9.09726560e-01 8.61384511e-01
    9.75692153e-01 9.65883076e-01 6.65687323e-02 3.44044924e-01
    4.23636645e-01 1.40619814e-01 5.63112199e-01 3.83355677e-01
    5.72455943e-01 3.95901471e-01 8.23933482e-01 8.14517200e-01
    4.81911927e-01 4.12480593e-01 4.88774985e-01 5.69909811e-04
    2.35876203e-01 3.55757236e-01 5.10761917e-01 9.94179249e-02
    1.54288173e-01 4.89384890e-01 8.82152200e-01 6.23896956e-01
    3.98653299e-01 3.31512988e-01 3.72227132e-01 7.49554038e-02
    2.99011409e-01 4.75518793e-01 5.66995323e-01 2.48482585e-01
    3.54705483e-01 5.60302258e-01 9.58678842e-01 5.14108181e-01
    5.06772995e-01 4.84330744e-01 7.45225072e-01 9.55286086e-01
    2.87963003e-01 5.69480002e-01 5.16582072e-01 4.27054912e-01
    5.99480748e-01 8.04484546e-01 8.82879734e-01 3.79371792e-01
    6.99399173e-01 8.14211369e-01 1.46336824e-01 5.79848230e-01
    8.38481963e-01 4.29730445e-01 6.95751905e-02 7.85195529e-02
    3.68790030e-01 6.27348244e-01 7.58545518e-01 3.81824374e-02
    4.04761791e-01 6.72277868e-01 2.03169674e-01 7.92372584e-01
    8.35026205e-02 2.19616979e-01 8.83551896e-01 4.74706858e-01
    5.91428101e-01 7.79151320e-01 5.02845883e-01 7.14975595e-02
    7.84994066e-01 2.63488948e-01 5.30252218e-01 9.47894931e-01
    1.67173743e-02 7.34148920e-01 9.96150613e-01 9.97320950e-01
    5.17986000e-01 1.68219209e-02 2.52975941e-01 1.95134699e-01
    8.19279194e-01 3.81372511e-01 7.50025809e-01 5.51489294e-01
    6.41843915e-01 5.31111956e-02 5.98193526e-01 7.45063484e-01
    2.95165718e-01 2.90859401e-01 5.56544006e-01 2.40214676e-01
    6.54684782e-01 3.09158266e-01 2.28535116e-01 4.59926188e-01
    5.79920292e-01 9.22941625e-01 9.00434792e-01 3.44229698e-01
    6.25281453e-01 6.97413027e-01 2.40196198e-01 7.00637639e-01
    6.58167601e-01 3.23160887e-01 9.47048306e-01 8.05342972e-01
    2.26644695e-01 9.94830012e-01 9.92178559e-01 2.43496478e-01
    2.15281248e-02 5.25788426e-01 3.68037075e-01 9.19460237e-01
    8.55313778e-01 5.37787139e-01 8.38041544e-01 7.48338878e-01
    2.48293996e-01 7.94973969e-02 6.25369132e-01 9.11868632e-01
    2.26105779e-01 3.16594779e-01 7.25720167e-01 7.03306496e-02
    2.71963835e-01 1.22046530e-01 6.67170584e-01 1.64024770e-01
    4.46322769e-01 5.89394748e-01 8.07068408e-01 6.08280182e-01
    2.17947423e-01 6.99447751e-01 9.40247536e-01 9.99371052e-01
    4.44246292e-01 5.83234727e-01 2.96728969e-01 1.88506544e-01
    1.20222479e-01 6.49607718e-01 1.79513097e-01 4.13374007e-02
    5.22907138e-01 8.86630058e-01 8.60359430e-01 4.25764799e-01
    6.76104546e-01 7.69199252e-01 4.76296395e-01 4.57026362e-01
    1.38063610e-01 6.27215147e-01 9.36412454e-01 4.43751574e-01
    6.85206652e-02 1.21484697e-02 7.01790094e-01 3.04605067e-02
    6.90378547e-01 6.03169262e-01 2.95127213e-01 8.04774165e-01
    6.39707923e-01 5.51117539e-01 5.85418463e-01 8.73226404e-01
    5.67172348e-01 4.76473510e-01 5.02249897e-02 9.70057249e-01
    5.23619950e-01 3.22314203e-01 8.31628799e-01 8.50226641e-01
    9.51472640e-01 9.59831715e-01 2.22105831e-01 8.46105933e-01
    9.87774134e-01 3.71269524e-01 2.44031847e-02 9.68086958e-01
    4.89793152e-01 6.54817224e-02 9.78829324e-01 2.36188203e-01
    9.67960715e-01 8.48139822e-02 1.27777278e-01 9.86645699e-01
    1.96499914e-01 8.61247897e-01 2.88289040e-01 5.12725353e-01
    1.74532384e-01 6.29259050e-01 6.51565850e-01 8.09786260e-01
    5.95086515e-01 1.79741144e-01 8.08924675e-01 2.19743639e-01
    8.66686940e-01 4.21415687e-01 4.25475329e-01 7.58270741e-01
    4.70789075e-02 2.75788844e-01 1.67800009e-01 6.90446734e-01
    9.06250477e-01 5.15371859e-01 7.12833464e-01 6.60367250e-01
    4.65469658e-01 8.87554884e-01 5.57810545e-01 8.41652393e-01
    2.80926287e-01 5.08894324e-01 6.69034302e-01 3.19464654e-01
    8.71432662e-01 8.90095413e-01 5.52712321e-01 8.36210966e-01
    4.95445371e-01 3.71095717e-01 3.17586929e-01 7.06200898e-02
    3.07139099e-01 5.52725792e-01 3.50761712e-01 1.30640179e-01
    8.07923436e-01 7.56500959e-01 2.28462189e-01 2.53209531e-01
    5.83199382e-01 1.87544882e-01 5.29655218e-02 7.08954573e-01
    7.61679649e-01 5.53838849e-01 5.06110013e-01 2.29119331e-01
    4.60808963e-01 9.76768374e-01 8.48850250e-01 9.73043561e-01
    8.32358122e-01 7.78600574e-01 1.08187050e-01 6.99922681e-01
    8.71312618e-01 1.82275623e-01 4.30993438e-01 5.86711466e-02
    6.84815347e-01 6.62603199e-01 6.63034558e-01 1.05728984e-01
    6.65218830e-01 3.25587809e-01 3.52850407e-01 1.22882664e-01
    2.09306449e-01 5.97015679e-01 1.06817484e-03 3.17688346e-01
    4.35607046e-01 1.06276363e-01 6.59331560e-01 4.35494483e-01
    8.63874435e-01 5.36375880e-01 6.99906707e-01 7.19763339e-01
    9.28858042e-01 9.83474851e-02 9.33453441e-02 8.45915794e-01
    3.35513741e-01 9.69107568e-01 6.21498585e-01 1.71982318e-01
    8.16200137e-01 3.99882436e-01 1.69356018e-01 5.41095495e-01
    3.92983764e-01 4.65188563e-01 4.69674051e-01 3.80524695e-01
    5.08251786e-01 4.31331724e-01 7.77892470e-01 8.37860465e-01
    4.81401622e-01 8.98309827e-01 7.35780120e-01 3.59650820e-01
    3.86916101e-01 2.92725980e-01 3.39140564e-01 3.04639041e-01
    3.28976035e-01 5.31450629e-01 7.22245514e-01 3.61160576e-01
    9.93601263e-01 8.05473328e-01 2.70377100e-01 9.50114369e-01
    7.33978212e-01 8.21892083e-01 2.24033475e-01 9.26509857e-01
    1.80355281e-01 9.35739756e-01 5.36768794e-01 9.79529262e-01
    3.47268164e-01 7.40545273e-01 7.63744056e-01 5.68179727e-01
    3.84769917e-01 5.59632123e-01 9.22935903e-01 4.11508679e-01
    2.59221345e-01 7.19075739e-01 9.16645169e-01 6.05197489e-01
    7.95673132e-02 2.32396632e-01 4.50826734e-01 7.99826145e-01
    3.26682210e-01 8.18062961e-01 9.79523540e-01 9.22295451e-02
    7.17805386e-01 9.64924395e-02 7.42558897e-01 7.83093512e-01
    3.28035712e-01 2.04764754e-01 1.00914925e-01 4.28003341e-01
    3.29552889e-01 2.45822459e-01 2.16660470e-01 4.90838557e-01
    9.91467237e-01 7.86955953e-02 8.38580728e-01 3.50321203e-01
    3.91820043e-01 9.88146663e-03 5.16499758e-01 1.84206665e-01
    9.89279985e-01 1.57374859e-01 9.44208384e-01 4.68335688e-01
    6.35932207e-01 2.58316159e-01 7.68929124e-02 9.25092816e-01
    5.37770569e-01 5.85666537e-01 9.04956758e-01 7.24014997e-01
    9.14405346e-01 9.30875421e-01 6.62210882e-01 1.95370942e-01
    6.30023181e-01 1.51139855e-01 2.44166553e-02 2.89386660e-01
    8.01597238e-01 6.23223245e-01 4.58572805e-01 7.25166798e-01
    2.30188102e-01 5.99679351e-01 5.74096739e-01 4.01969820e-01
    3.36383551e-01 8.37208867e-01 1.48263514e-01 4.01062071e-01
    7.21453428e-01 7.20808983e-01 2.30099618e-01 5.48284054e-02
    5.47247052e-01 1.48491651e-01 2.51848191e-01 1.78608418e-01
    6.88475609e-01 6.81066096e-01 6.36959672e-02 7.06876397e-01
    2.92142332e-01 4.36029255e-01 4.75806475e-01 8.85696411e-01
    3.93064201e-01 2.14801013e-01 4.35270548e-01 3.03414404e-01
    8.29735696e-01 7.09798753e-01 9.52389956e-01 2.24494636e-01
    7.12113500e-01 9.19970155e-01 6.64774835e-01 2.79148161e-01
    2.07310289e-01 3.06150377e-01 7.76823580e-01 9.03139949e-01
    2.05496401e-01 7.07964301e-02 7.98300982e-01 1.47430718e-01
    3.93925309e-02 9.31774259e-01 4.27379638e-01 9.54623222e-01
    8.82392943e-01 4.83280003e-01 9.04499650e-01 2.91340739e-01
    1.06624663e-01 1.25840873e-01 6.19210303e-02 2.86603451e-01
    1.09106779e-01 3.46164703e-01 1.68775469e-01 3.92007113e-01
    7.91941464e-01 1.25250429e-01 9.51021850e-01 9.26617801e-01
    9.37199950e-01 5.41803181e-01 1.06759399e-01 5.95219970e-01
    9.42749619e-01 6.77204609e-01 6.47163868e-01 3.91858488e-01
    3.07769477e-01 7.16055095e-01 8.10300708e-01 4.36596990e-01
    5.38043141e-01 4.10141885e-01 9.64321077e-01 4.80909348e-01
    8.04724991e-02 6.35900378e-01 1.49010450e-01 6.12573504e-01
    5.00547290e-02 5.75519741e-01 6.10571504e-01 6.07942343e-02
    3.93764794e-01 6.64793849e-02 8.41387272e-01 6.66224957e-01
    3.96146268e-01 2.22803026e-01 9.89021540e-01 4.92159873e-01
    8.29025745e-01 1.83548361e-01 8.29936862e-01 7.16568768e-01
    8.12192500e-01 6.83252335e-01 9.65756893e-01 5.76327801e-01
    6.16187692e-01 3.57619882e-01 6.86830878e-01 8.68515074e-01
    7.12701440e-01 1.91083610e-01 2.43124664e-01 4.83071804e-02
    5.95071793e-01 3.74411345e-01 2.37141460e-01 3.89971256e-01
    5.42549491e-01 9.88629818e-01 9.03108120e-01 7.07983255e-01
    1.62642688e-01 9.94332671e-01 9.41220641e-01 7.15622067e-01
    4.55362380e-01 3.74642134e-01 3.73849899e-01 2.84449100e-01
    4.33270097e-01 6.48090959e-01 8.90818536e-01 1.59120142e-01
    3.94369751e-01 9.86837268e-01 3.79179478e-01 2.45842338e-02
    4.09620643e-01 3.42678785e-01 4.61553037e-02 4.12189096e-01
    2.45643467e-01 7.97642946e-01 3.63144457e-01 3.51744860e-01
    4.91541237e-01 4.39567059e-01 6.83221459e-01 4.02117372e-02
    1.85194314e-02 4.55971718e-01 4.21131968e-01 5.79640567e-01
    6.94854975e-01 4.87335324e-01 8.22893381e-02 9.81957316e-01
    8.67468119e-03 4.09728318e-01 6.57908678e-01 3.27963889e-01
    8.09567213e-01 7.27377594e-01 4.50000167e-03 6.10203505e-01
    1.52724206e-01 1.80974901e-02 1.92812830e-01 9.91313934e-01
    9.53061104e-01 6.48531437e-01 7.09708393e-01 3.14692497e-01
    6.99818254e-01 5.69156051e-01 8.78810525e-01 1.84402019e-01
    1.66416466e-02 7.46781409e-01 2.31174588e-01 7.56710231e-01
    1.91244006e-01 3.78117323e-01 1.45901889e-01 4.76374060e-01
    5.85838556e-02 8.09856534e-01 4.89403576e-01 5.37036955e-01
    7.93329477e-01 2.73018181e-01 6.49503112e-01 5.07085323e-01
    4.88271654e-01 4.64718133e-01 3.99778664e-01 3.56598973e-01
    7.24845231e-02 7.00856447e-01 5.47553003e-01 2.13100880e-01
    5.71148694e-02 6.00706518e-01 6.56527400e-01 2.07502306e-01
    8.47643137e-01 3.70576024e-01 8.22369814e-01 2.72022486e-01
    9.51511741e-01 6.18686795e-01 1.22770250e-01 5.81637919e-02
    4.40011114e-01 2.54412204e-01 5.62998176e-01 6.70648754e-01
    2.72588730e-01 7.77015209e-01 9.48172331e-01 6.08852386e-01
    6.01376653e-01 7.10695505e-01 1.28691137e-01 5.38468659e-01
    9.51887667e-02 4.07742798e-01 7.99050808e-01 9.52974916e-01
    3.36366892e-02 9.27428603e-02 5.37924767e-01 6.05782926e-01
    5.05260885e-01 9.60375845e-01 8.42699885e-01 5.62829554e-01
    9.49704528e-01 1.27776146e-01 4.53293532e-01 5.00794828e-01
    9.32485342e-01 4.66273665e-01 5.20783722e-01 6.74606383e-01
    2.82904685e-01 5.46780229e-01 7.77062774e-03 2.27425814e-01
    2.04955310e-01 9.00592208e-01 6.91161513e-01 7.71803379e-01
    6.88986778e-01 7.44766593e-01 9.13462520e-01 2.13844866e-01
    4.70037550e-01 4.26456332e-03 9.57646549e-01 3.72057021e-01
    7.75292158e-01 2.49315947e-01 2.35732794e-02 2.63517976e-01
    8.89647543e-01 9.46687222e-01 6.65949941e-01 7.48786926e-01
    9.36271608e-01 9.22677398e-01 6.40791297e-01 4.34807569e-01
    7.18142807e-01 7.56348372e-01 8.45388710e-01 5.58469534e-01
    8.34073007e-01 9.08643007e-03 4.47547853e-01 4.05455858e-01
    2.14426666e-01 9.24196541e-02 4.99937803e-01 8.21164191e-01
    4.56545413e-01 3.05753529e-01 7.67474413e-01 8.04186463e-01
    3.77670527e-01 5.71657419e-01 1.00850791e-01 6.65005445e-01
    2.27521390e-01 5.42404056e-01 7.06617236e-02 2.04004079e-01
    3.40048015e-01 9.72595274e-01 1.94865197e-01 4.57780093e-01
    1.64398462e-01 3.62349689e-01 3.24471951e-01 2.83855766e-01
    2.97588229e-01 9.77709532e-01 1.59004927e-01 4.34270740e-01
    7.43517280e-02 9.78136659e-01 1.02694213e-01 3.16676170e-01
    1.02967799e-01 3.32787335e-01 3.04967165e-01 5.40903568e-01
    9.35004890e-01 2.56287038e-01 2.42561936e-01 6.85697913e-01
    5.79897702e-01 6.91267014e-01 2.97651410e-01 9.57849801e-01
    2.64042556e-01 5.71926832e-01 4.99557227e-01 4.48904902e-01
    2.27808803e-01 5.88158131e-01 9.54222977e-01 2.47820139e-01
    7.27481723e-01 2.35616148e-01 5.79159856e-01 9.40959334e-01
    6.89047694e-01 9.64414597e-01 7.26082265e-01 3.23329031e-01
    8.18889439e-02 5.38560808e-01 5.77207744e-01 4.70909089e-01
    7.66979158e-02 9.40854907e-01 6.99393272e-01 1.22351676e-01
    9.67157841e-01 9.83135462e-01 1.80593431e-01 9.00613129e-01
    7.90863514e-01 2.28399456e-01 3.48526061e-01 7.39912868e-01
    1.28511280e-01 7.21643746e-01 3.31046045e-01 8.89569521e-01
    2.57991850e-01 5.89420974e-01 3.27027798e-01 5.91016769e-01
    7.92273879e-01 6.96990132e-01 5.83663285e-01 1.24353647e-01
    9.54290628e-01 7.39517033e-01 7.63691962e-01 3.12523961e-01
    9.01092052e-01 6.33119047e-02 8.19600821e-02 7.34865069e-02
    1.92162246e-01 8.01549137e-01 2.24539369e-01 8.47609520e-01
    8.01133156e-01 7.03947842e-01 2.23137081e-01 9.60587800e-01
    4.76338357e-01 3.50191653e-01 2.66165316e-01 9.45008516e-01
    1.22740805e-01 3.63249540e-01 7.67922819e-01 7.15236425e-01
    1.60714567e-01 9.29494798e-01 5.35713732e-01 1.46246642e-01
    8.06605101e-01 4.81245130e-01 1.43220156e-01 5.76003551e-01
    2.40552157e-01 7.64955223e-01 3.85957420e-01 7.85525203e-01
    5.84606767e-01 4.26750243e-01 2.43304789e-01 7.51692295e-01
    3.25314969e-01 4.19316709e-01 8.85290504e-01 5.62815070e-02
    9.97641087e-01 6.75216556e-01 8.68365169e-01 6.08884037e-01
    2.89112329e-03 7.94824362e-02 5.72997630e-01 7.57786274e-01
    5.36505520e-01 7.69764304e-01 1.56821966e-01 7.96260118e-01
    8.15521955e-01 3.91221195e-01 9.87214804e-01 6.80640340e-03
    4.50477421e-01 3.38745773e-01 2.05861062e-01 6.43221855e-01
    9.31552947e-02 1.89351022e-01 2.30900913e-01 5.80888391e-01
    9.68937278e-01 8.14779997e-01 3.73386025e-01 6.03810191e-01
    4.56323743e-01 9.85014439e-03 9.76112247e-01 4.12686646e-01
    6.65832400e-01 8.63783598e-01 4.09102321e-01 7.65309632e-02
    6.55287802e-02 8.79170239e-01 2.56187320e-02 5.38910389e-01
    2.70190537e-01 6.57796741e-01 6.75049901e-01 3.90747786e-01
    9.74004269e-01 3.50213289e-01 8.40007186e-01 4.12123173e-01
    4.67858464e-01 4.90437359e-01 8.16007018e-01 1.06545508e-01
    1.18051648e-01 1.59318894e-01 8.58469367e-01 4.99444485e-01
    3.82644445e-01 9.63121891e-01 9.78775263e-01 4.98658180e-01
    7.60147154e-01 1.53017789e-01 3.16466540e-01 3.25769246e-01
    9.37491536e-01 3.02542269e-01 1.77182853e-01 3.76650333e-01
    2.28249848e-01 1.85178369e-01 4.41133916e-01 7.86208868e-01
    9.04661775e-01 6.15026474e-01 5.62847257e-01 8.12690973e-01
    9.20071602e-01 1.53672665e-01 6.64381087e-01 6.18058741e-01
    7.39290059e-01 8.00861120e-01 1.07219547e-01 8.11013579e-01
    3.49001020e-01 6.48552418e-01 9.01174545e-03 5.33430219e-01
    8.37824106e-01 9.00481641e-01 8.17959726e-01 1.68002188e-01
    5.75433493e-01 3.18762153e-01 5.36254048e-02 4.96073365e-01
    5.29546559e-01 6.56442583e-01 8.01305175e-01 1.99354202e-01
    4.05420512e-01 4.46832001e-01 2.37176657e-01 5.48464537e-01
    8.53856802e-02 6.24017596e-01 2.00611055e-02 5.36527693e-01
    4.68258381e-01 2.18755126e-01 1.02828473e-01 3.40092063e-01
    4.28590953e-01 1.81369692e-01 6.82745099e-01 4.74698335e-01
    5.04255295e-02 6.40232503e-01 9.91587698e-01 4.25229490e-01
    2.17243016e-01 1.16474152e-01 8.18515480e-01 5.01068056e-01
    5.52078068e-01 3.93027216e-01 7.37596571e-01 3.28853279e-01
    7.96889663e-01 6.98132455e-01 8.14849019e-01 6.24685347e-01
    7.11649358e-02 7.80904531e-01 6.55132711e-01 2.54355818e-01
    5.37975132e-01 5.93686223e-01 2.34851211e-01 2.66660333e-01
    3.74769479e-01 5.33318877e-01 4.24166530e-01 3.80897284e-01
    1.19631171e-01 6.83085084e-01 2.67028272e-01 9.11854208e-02
    1.51981980e-01 4.24599499e-01 5.22734106e-01 9.80551362e-01
    2.96572387e-01 8.44335735e-01 8.02153468e-01 8.06904197e-01
    6.00345075e-01 2.40206867e-01 1.66430175e-02 8.57868433e-01
    7.95173049e-01 3.36176813e-01 9.47105587e-01 6.16258979e-01
    6.40207529e-02 6.90742731e-01 1.88674033e-02 4.83464152e-01
    7.37835646e-01 2.28963554e-01 6.62122250e-01 9.04174685e-01
    9.09489632e-01 6.01198435e-01 3.57880592e-01 7.56983161e-01
    7.03576803e-01 1.07947886e-01 4.76305425e-01 7.52578855e-01
    1.58320397e-01 7.17854977e-01 1.44962668e-02 2.75091380e-01
    8.79544377e-01 1.10761434e-01 9.21538591e-01 4.65861142e-01
    7.44681418e-01 1.10523790e-01 5.00914693e-01 7.16714978e-01
    7.20041215e-01 5.81001878e-01 2.12892175e-01 3.95283997e-02
    7.44552314e-01 2.32663125e-01 5.89716256e-01 5.12841523e-01
    9.29782867e-01 7.08067536e-01 6.62654042e-01 6.78635716e-01
    7.62460768e-01 9.36616957e-01 2.24664688e-01 3.26433957e-01
    8.05941582e-01 3.54453623e-01 2.37768173e-01 9.03882980e-01
    2.71718174e-01 7.30652153e-01 7.66627491e-01 7.27379918e-01
    2.85007954e-01 4.07766253e-01 2.04364210e-01 1.82009995e-01
    2.10243583e-01 4.12121236e-01 7.79721677e-01 6.62225842e-01
    4.08952802e-01 3.09777439e-01 7.76790082e-02 3.31395149e-01
    8.50786150e-01 3.72814775e-01 4.12369192e-01 8.21947217e-01
    7.65060604e-01 5.64580262e-01 1.02855682e-01 7.36058831e-01
    5.09570360e-01 8.06632578e-01 5.26549518e-01 3.09315503e-01
    2.52558947e-01 4.15456384e-01 7.36330569e-01 4.64052081e-01
    2.03926057e-01 8.79837692e-01 1.12113357e-01 3.68875027e-01
    8.37458372e-01 8.31849217e-01 5.38693726e-01 2.81834900e-01
    1.28505558e-01 2.66434222e-01 6.47758722e-01 9.74633336e-01
    4.54185843e-01 3.64030033e-01 3.22945237e-01 9.77796614e-01
    2.79693007e-02 2.15614170e-01 4.26326782e-01 5.04794717e-01
    5.09508312e-01 5.53724706e-01 1.59298360e-01 4.22715545e-02
    9.69669938e-01 4.27423269e-01 1.76973104e-01 2.04152972e-01
    7.79316545e-01 7.29859293e-01 5.56361020e-01 3.67260337e-01
    3.15273225e-01 6.01229072e-01 3.83054197e-01 4.35479194e-01
    6.32383466e-01 8.65733862e-01 1.01339698e-01 9.58858490e-01
    1.12824798e-01 8.58379006e-01 2.72269070e-01 8.71262312e-01
    9.76688325e-01 4.41527039e-01 9.97033179e-01 9.35721934e-01
    9.32772636e-01 1.08561814e-02 3.06111455e-01 5.03540635e-02
    4.46314663e-01 1.67616636e-01 1.58360124e-01 3.59010220e-01
    7.53173709e-01 1.71754509e-01 8.70252252e-01 2.33999223e-01
    5.70289254e-01 5.31324446e-01 8.97001088e-01 9.98814404e-01
    1.09043211e-01 1.78758919e-01 5.09604573e-01 7.27909684e-01
    2.04285204e-01 1.88629925e-02 8.19788575e-02 9.06820297e-01
    5.97572029e-02 6.97091401e-01 2.49335378e-01 2.72615522e-01
    1.22470200e-01 3.10123473e-01 2.71838605e-01 4.09756809e-01
    7.53469586e-01 8.48159552e-01 8.15658212e-01 1.95959926e-01
    5.16911805e-01 2.69092977e-01 5.55849969e-02 9.83992338e-01
    1.37496412e-01 7.76615500e-01 4.11221981e-01 4.52606678e-02
    3.54744852e-01 9.07650232e-01 1.89794987e-01 5.49919128e-01
    7.44450569e-01 8.23658228e-01 3.18433374e-01 1.11663550e-01
    9.10200953e-01 4.44185913e-01 1.86406046e-01 9.34080243e-01
    6.04705036e-01 2.08504796e-02 2.48874605e-01 9.61571872e-01
    6.49437010e-02 7.30918646e-01 2.75475562e-01 8.74138713e-01
    5.38196981e-01 2.36629844e-01 7.77328074e-01 1.70481980e-01
    7.41630554e-01 4.36441600e-01 8.11220407e-01 5.86944222e-01
    4.67454791e-01 8.77738893e-02 5.19344032e-01 2.36595958e-01
    6.01278663e-01 3.16094846e-01 1.19177818e-01 5.17901301e-01
    3.81851375e-01 9.57667172e-01 8.03871870e-01 3.10751677e-01
    8.97589326e-01 3.35763216e-01 4.28364247e-01 5.31478643e-01
    7.04912543e-02 3.46702009e-01 8.91748190e-01 4.60023075e-01
    2.20397264e-01 6.74229443e-01 1.36473119e-01 5.04661262e-01
    9.92326975e-01 3.06563377e-02 9.62758183e-01 1.14000678e-01
    4.30568457e-01 9.33784127e-01 7.42672920e-01 2.64665633e-01
    2.78488636e-01 4.04813319e-01 4.73271996e-01 3.20857048e-01
    7.65226662e-01 8.43531132e-01 2.94090509e-01 9.91106689e-01
    9.17492747e-01 5.25361598e-02 2.19050705e-01 6.93853855e-01
    7.93955207e-01 7.18784153e-01 5.47371089e-01 3.28149378e-01
    6.73658609e-01 4.72623706e-01 5.96327007e-01 6.65745437e-02
    5.21508396e-01 4.87828791e-01 8.94269168e-01 1.68715537e-01
    8.34920943e-01 6.05809867e-01 7.10707903e-01 8.17187667e-01
    9.97775316e-01 9.56227183e-01 6.25314415e-02 8.75535250e-01
    7.87843168e-02 9.22090411e-01 9.39986765e-01 9.56262946e-02
    3.73642206e-01 6.60340667e-01 1.29362077e-01 7.16173708e-01
    7.35907853e-01 5.89161038e-01 3.16988796e-01 9.59922671e-01
    2.36695647e-01 8.43657613e-01 3.78996372e-01 9.70071435e-01
    1.60151720e-02 3.57486129e-01 7.80113697e-01 5.88961065e-01
    2.52186000e-01 7.84418106e-01 9.82663751e-01 1.52186036e-01
    9.35735881e-01 9.00322318e-01 1.85963094e-01 4.19893026e-01
    6.31264687e-01 9.13731933e-01 4.00693953e-01 1.32079720e-02
    1.43615693e-01 3.80777150e-01 7.39869118e-01 4.81645256e-01
    7.37171233e-01 4.14232969e-01 4.45444167e-01 1.94054663e-01
    7.08095670e-01 7.27901340e-01 6.10271156e-01 5.53412676e-01
    3.15553606e-01 1.21160835e-01 2.91014910e-02 3.97765636e-03
    6.22993052e-01 3.41876179e-01 3.68781090e-02 7.21801400e-01
    2.46168196e-01 6.16321623e-01 4.67050821e-01 2.46816427e-01
    4.70308095e-01 7.92044401e-01 3.64054024e-01 4.62985367e-01
    1.55351371e-01 3.43444616e-01 3.01947594e-02 3.36245388e-01
    1.95269942e-01 2.05266476e-02 2.19713062e-01 5.35058022e-01
    7.71044970e-01 9.84409571e-01 6.15150690e-01 5.88364005e-01
    6.48236513e-01 5.73415399e-01 5.90828001e-01 1.71103776e-01
    6.06068075e-01 2.28136182e-02 7.93324471e-01 1.90200686e-01
    5.19995332e-01 9.14050579e-01 2.02258497e-01 1.62251174e-01
    4.16201621e-01 3.02903414e-01 1.01745129e-03 3.19320738e-01
    6.55335248e-01 3.48118424e-01 4.18827087e-01 8.64224792e-01
    3.98449749e-01 6.29542232e-01 5.73675215e-01 5.47633111e-01
    5.68685412e-01 4.33780700e-01 1.83076411e-01 7.91411221e-01
    6.83777452e-01 8.89779329e-01 4.72350389e-01 3.21814418e-01
    5.24757802e-01 2.89473683e-01 3.95693153e-01 7.76487589e-01
    6.98357880e-01 4.78641331e-01 4.50261712e-01 7.75153160e-01
    5.17362833e-01 6.06268167e-01 6.93596542e-01 2.85751343e-01
    4.75864589e-01 9.42457616e-02 8.37450922e-01 5.85968554e-01
    2.05605298e-01 8.04392338e-01 7.91831374e-01 1.77460611e-02
    6.62476063e-01 7.50970721e-01 1.06944472e-01 8.53735566e-01
    6.05684817e-01 9.48902369e-01 4.91060019e-02 1.35475010e-01
    5.69609642e-01 3.34140182e-01 6.78345442e-01 4.24009800e-01
    5.95019579e-01 9.57249641e-01 8.39289069e-01 3.12389791e-01
    6.77522302e-01 6.16277456e-01 8.96590590e-01 6.40482306e-02
    8.66212189e-01 9.77751970e-01 6.76709414e-01 2.10311234e-01
    4.69234437e-01 4.97643083e-01 2.78246433e-01 2.76643813e-01
    7.67060161e-01 3.46738189e-01 6.52125776e-01 9.59496498e-01
    3.13317299e-01 4.41189438e-01 6.16394579e-01 3.61919165e-01
    3.41724724e-01 6.49106264e-01 2.89720356e-01 8.34416509e-01
    6.31991029e-01 3.55939329e-01 9.62655902e-01 6.93396509e-01
    6.10518098e-01 1.97249234e-01 3.81470323e-01 1.63754195e-01
    4.39743400e-01 5.60670793e-02 7.17207909e-01 4.09649312e-02
    3.95488471e-01 2.00820655e-01 4.14252162e-01 8.34496021e-01
    5.50061464e-04 5.74251652e-01 8.59762728e-01 8.05775166e-01
    4.06484365e-01 1.67861640e-01 5.36555886e-01 3.94953549e-01
    6.34389222e-02 6.92241430e-01 8.56134534e-01 1.38657689e-01
    3.47176850e-01 3.21116537e-01 6.83354259e-01 8.90037298e-01
    5.01913309e-01 9.07459140e-01 4.82038110e-01 9.84481454e-01
    3.66654396e-02 2.24873900e-01 3.64802182e-01 6.97108150e-01
    6.40952647e-01 8.50113153e-01 8.11239779e-01 4.59034801e-01
    3.66127521e-01 3.94992679e-01 9.07077253e-01 3.18992138e-02
    9.69795108e-01 6.06937110e-02 5.81629455e-01 2.72421777e-01
    9.66816783e-01 1.78959370e-01 8.85489583e-01 2.83374339e-01
    1.77899510e-01 7.23121762e-02 1.84132576e-01 5.81158400e-02
    7.54894018e-01 6.48849607e-01 2.62466729e-01 9.35242176e-02
    6.73224390e-01 9.90018904e-01 7.96005130e-01 5.38074970e-03
    6.52462006e-01 7.60431111e-01 2.85231292e-01 5.19120514e-01
    8.79167914e-01 1.68935150e-01 1.82008207e-01 3.24447155e-01
    4.99653727e-01 8.99663091e-01 6.16222322e-01 8.93710375e-01
    8.44581366e-01 8.52790177e-01 9.36148822e-01 5.03058910e-01
    2.22451925e-01 5.45360625e-01 1.95243508e-01 1.66240960e-01
    6.78133368e-01 4.07195717e-01 4.80565816e-01 4.50368524e-02
    5.44877529e-01 2.72459537e-01 2.23907828e-03 5.02677560e-01
    7.17626631e-01 5.62488258e-01 8.60018015e-01 1.06744826e-01
    8.48908782e-01 8.60162675e-01 7.74788558e-02 2.85837829e-01
    3.65857959e-01 8.95419717e-03 9.84722137e-01 5.56839526e-01
    1.96731389e-02 8.25364888e-02 3.14633429e-01 3.21441054e-01
    4.04591709e-01 6.78732812e-01 4.99313146e-01 5.48906684e-01
    8.91526222e-01 1.46576524e-01 9.75569665e-01 1.12740904e-01
    6.72754347e-01 1.83910936e-01 5.56579113e-01 6.38044477e-01
    7.26415873e-01 3.28668356e-02 8.05146396e-02 1.68624252e-01
    6.25488281e-01 8.37584734e-02 3.27398419e-01 4.99038488e-01
    7.60002911e-01 2.81143546e-01 9.16864991e-01 4.34787571e-02
    6.01760268e-01 5.04407227e-01 4.53986019e-01 2.67972201e-01
    8.53091240e-01 4.85262632e-01 7.47427464e-01 3.55369329e-01
    7.55555630e-02 5.36748469e-02 4.05621022e-01 1.26871407e-01
    5.60855567e-01 4.39680994e-01 1.38177991e-01 1.27050817e-01
    9.24234688e-01 3.04907680e-01 7.93372273e-01 2.52911091e-01
    6.44146323e-01 7.00446129e-01 3.73997450e-01 4.27352905e-01
    6.35455251e-01 2.80650675e-01 9.26664710e-01 6.63706183e-01
    7.35942721e-01 4.14799064e-01 4.08005416e-02 3.90105307e-01
    9.10891771e-01 5.49941003e-01 5.25377035e-01 9.70201612e-01
    5.35536289e-01 9.80227590e-02 2.16992021e-01 4.96721506e-01
    4.76143062e-01 1.70462459e-01 9.96881962e-01 9.57983494e-01
    8.03894401e-01 9.68972564e-01 3.57961953e-02 8.98081362e-01
    1.98504925e-02 5.87984025e-01 3.78660560e-01 5.94629765e-01
    7.89442360e-01 8.01281393e-01 5.32609165e-01 5.15249789e-01
    5.30752838e-01 7.83929229e-03 9.97227192e-01 4.41720843e-01
    2.85526484e-01 4.45377320e-01 3.48657787e-01 4.54562902e-03
    8.45119476e-01 3.41242731e-01 4.03869659e-01 1.50141299e-01
    4.31748927e-02 7.19551563e-01 2.81695276e-01 9.85757589e-01
    4.82663780e-01 6.53595448e-01 3.77804965e-01 7.47213900e-01
    1.74756020e-01 8.71815324e-01 2.51852721e-01 4.25460160e-01
    8.19305420e-01 2.46744603e-01 3.86677772e-01 4.46011126e-02
    3.37727517e-01 6.99418902e-01 6.42894983e-01 1.89321458e-01
    9.81544673e-01 3.99530202e-01 7.45420218e-01 9.60346699e-01
    3.26529652e-01 2.30147183e-01 8.15586746e-02 2.24817455e-01
    5.33424437e-01 6.66019380e-01 4.12812561e-01 9.81781483e-02
    4.82332468e-01 7.85521388e-01 6.20701551e-01 9.92068887e-01
    4.98203844e-01 4.64081347e-01 3.65352094e-01 1.81743443e-01
    1.37513191e-01 3.52409482e-02 9.82648373e-01 1.19584799e-03
    3.92587781e-01 5.25139630e-01 2.04524398e-03 4.13889050e-01
    2.09744871e-02 7.20776618e-01 4.35115039e-01 1.85719460e-01
    5.80646396e-01 3.44797820e-01 4.83711123e-01 3.60239148e-02
    1.30410969e-01 8.83577526e-01 6.47025943e-01 6.38097107e-01
    4.21029568e-01 3.64724696e-02 9.05325174e-01 2.87528932e-02
    4.65053916e-01 1.97847486e-02 6.33161724e-01 2.03083396e-01
    1.05325818e-01 3.28356743e-01 6.02111399e-01 5.94561100e-02
    8.98336291e-01 8.99155915e-01 1.17112398e-02 2.29989231e-01
    7.73859620e-01 3.60165149e-01 8.55681539e-01 9.27378535e-01
    1.18446141e-01 4.84497517e-01 1.99639380e-01 9.47867513e-01
    8.31453919e-01 5.90189397e-01 8.84548664e-01 2.85637140e-01
    5.53414702e-01 7.26154208e-01 4.79805946e-01 9.44789827e-01
    2.30684459e-01 2.88765430e-01 7.32535183e-01 9.37552810e-01
    5.31986356e-02 3.03797483e-01 3.32494646e-01 4.83447045e-01
    4.94147599e-01 1.67680740e-01 4.13037270e-01 5.10279953e-01
    2.18747854e-02 9.45824564e-01 2.40451783e-01 1.55478358e-01
    1.95120662e-01 9.30575490e-01 2.31837094e-01 7.93595791e-01
    1.86536759e-01 5.41809320e-01 3.04095507e-01 5.28311729e-01
    8.38862181e-01 6.58167899e-02 9.56099749e-01 8.66886854e-01
    2.37800241e-01 2.48208791e-01 3.29624414e-01 7.10903823e-01
    4.25553977e-01 8.43925714e-01 1.41198516e-01 6.34179592e-01
    9.38697934e-01 4.92860854e-01 8.97225738e-03 1.32851601e-01
    5.99795818e-01 5.42741954e-01 2.51622856e-01 1.55898750e-01
    7.15193748e-01 6.15179241e-01 5.39074540e-01 5.01040697e-01
    3.54535639e-01 6.76816702e-01 7.53155589e-01 6.88544929e-01
    6.87314689e-01 8.75794470e-01 5.46256721e-01 1.39497727e-01
    7.89072633e-01 8.32391739e-01 4.01483536e-01 7.84488916e-02
    8.53467584e-01 9.53783631e-01 7.40664840e-01 4.27798629e-02
    1.70661807e-02 9.63172078e-01 9.56903100e-01 8.36338282e-01
    2.89082676e-01 1.36714935e-01 9.06120062e-01 3.70156556e-01
    5.40155411e-01 9.29711759e-02 2.36822069e-02 6.38930559e-01
    4.98759896e-01 3.31194341e-01 5.30890763e-01 6.06220305e-01
    3.03218246e-01 9.16253209e-01 4.41543192e-01 3.41534168e-01
    1.63524985e-01 4.79049414e-01 5.80981553e-01 9.69196081e-01
    1.61234856e-01 4.57612246e-01 5.74041724e-01 3.58756304e-01
    7.83738375e-01 7.96768069e-03 1.89972490e-01 7.10624337e-01
    8.76768470e-01 6.19043469e-01 7.20411420e-01 5.10811269e-01
    4.38990682e-01 9.07643259e-01 1.77238256e-01 8.69313002e-01
    7.58147836e-01 5.84260702e-01 9.53843236e-01 3.24835241e-01
    1.59116417e-01 8.25125337e-01 8.47223520e-01 5.29041648e-01
    8.40121984e-01 7.16966748e-01 5.38009286e-01 4.30683196e-02
    4.98457700e-01 2.46119708e-01 1.55466020e-01 9.47056770e-01
    4.11626577e-01 6.22611403e-01 7.80830860e-01 9.72451925e-01
    7.06393719e-01 1.91497236e-01 9.78198886e-01 2.86575198e-01
    9.67329621e-01 3.99441540e-01 9.93953705e-01 5.66698611e-01
    9.65723634e-01 6.32843256e-01 1.66374624e-01 9.61606026e-01
    7.14512825e-01 1.79309666e-01 5.13052166e-01 5.05185902e-01
    3.84741426e-01 8.41212034e-01 4.09924924e-01 6.13506615e-01
    7.42885768e-02 8.77052248e-01 7.29426146e-01 5.02347946e-03
    4.75350469e-01 4.06875730e-01 5.33473849e-01 2.86774635e-01
    2.94834018e-01 9.22808647e-01 2.46249318e-01 7.42370844e-01
    6.71410203e-01 3.59045535e-01 8.96731973e-01 1.03302956e-01
    2.98465490e-01 5.38376689e-01 5.08854866e-01 5.76902509e-01
    9.73214090e-01 2.71953166e-01 5.57171524e-01 5.18433094e-01
    7.87343383e-01 7.55785406e-02 8.01815152e-01 4.16048110e-01
    6.41136169e-01 4.66059178e-01 2.91016579e-01 2.01648384e-01
    2.87633747e-01 3.70991588e-01 9.39471424e-02 5.38443327e-02
    2.76865214e-01 7.31674433e-01 4.16781843e-01 1.96576685e-01
    9.19673979e-01 5.10941625e-01 8.72402787e-01 2.76271701e-02
    2.82861769e-01 1.57289535e-01 2.07017511e-01 1.36215985e-02
    9.98487473e-01 5.61131120e-01 2.95771360e-01 1.17406607e-01
    6.69018745e-01 4.68353540e-01 8.32262754e-01 6.06440663e-01
    2.93183863e-01 8.05449188e-01 3.46068740e-02 9.73456502e-01
    8.78611803e-01 8.52861524e-01 2.02882737e-01 8.78052950e-01
    3.75756443e-01 3.64238471e-01 4.85518903e-01 3.64402354e-01
    1.69832349e-01 8.17149997e-01 1.10742837e-01 1.24427408e-01
    7.85705984e-01 1.06919110e-02 2.19121337e-01 9.42694902e-01
    7.97153354e-01 4.55493152e-01 3.67225111e-01 3.23354006e-02
    9.32905436e-01 7.65737176e-01 1.76919311e-01 7.67915368e-01
    1.32357478e-01 8.09714198e-01 4.08093363e-01 1.44608319e-01
    7.67147958e-01 1.53463632e-01 2.27373302e-01 7.81634212e-01
    9.88609910e-01 7.15004802e-02 2.66224295e-01 5.87686837e-01
    8.19621086e-01 1.49928987e-01 9.92254257e-01 6.41561747e-01
    7.56885409e-02 4.33716506e-01 3.66235375e-01 7.73685217e-01
    3.93162847e-01 9.53634262e-01 2.80111015e-01 8.67339075e-02
    6.71982050e-01 4.86235201e-01 9.23064590e-01 3.13132703e-01
    8.87558460e-02 2.05267429e-01 1.36879474e-01 3.39019895e-01
    3.02552760e-01 8.42865825e-01 4.67129052e-01 1.74805343e-01
    9.16612983e-01 6.16328895e-01 2.96719253e-01 5.58828950e-01
    1.78935826e-01 8.07694137e-01 9.60862160e-01 9.82835650e-01
    3.87730032e-01 9.69372690e-02 5.41939616e-01 9.08963680e-01
    8.92508507e-01 3.92304987e-01 6.87596679e-01 1.28083766e-01
    7.24292040e-01 9.08477664e-01 2.49858618e-01 8.65148485e-01
    3.69426608e-01 3.85899752e-01 3.57641369e-01 8.71649086e-02
    4.51220036e-01 1.76865935e-01 1.57302439e-01 8.00219417e-01
    2.54420847e-01 5.73423982e-01 7.39582956e-01 9.15012121e-01
    7.17944980e-01 8.66819024e-02 6.05563521e-02 9.68200803e-01
    2.90490985e-02 1.48983240e-01 1.43178433e-01 3.24003488e-01
    7.93199837e-02 2.18747288e-01 2.24845111e-01 8.73696804e-03
    2.41036505e-01 4.32515383e-01 6.61668181e-03 3.01443875e-01
    4.67875302e-02 7.18746781e-01 4.83667582e-01 6.14069283e-01
    8.36835325e-01 6.73878074e-01 5.85489392e-01 6.39507771e-01
    4.57705647e-01 5.81239104e-01 9.43077207e-01 3.48459423e-01
    4.57846373e-01 1.04973525e-01 9.23219860e-01 4.58697379e-02
    1.25051588e-01 7.64469922e-01 1.82135999e-01 7.36712098e-01
    5.22582710e-01 3.94877613e-01 2.70054758e-01 6.56377375e-01
    6.98117852e-01 1.99743181e-01 3.88014555e-01 9.78372693e-01
    4.37999815e-01 8.71924520e-01 6.34898067e-01 6.13339722e-01
    2.10523218e-01 9.52276886e-01 5.49860835e-01 8.42328608e-01
    1.77799463e-02 7.76359618e-01 7.83256531e-01 4.66207802e-01
    8.62099051e-01 4.94817555e-01 3.72423410e-01 6.57033801e-01
    5.22136211e-01 3.27781737e-01 3.30908239e-01 8.02690625e-01
    4.54438150e-01 6.11943960e-01 4.14457917e-01 9.96463180e-01
    4.87140208e-01 7.78673887e-01 7.20540166e-01 1.03332967e-01
    7.07197070e-01 2.03702450e-01 7.42399931e-01 8.88673544e-01
    2.94976056e-01 2.48958081e-01 4.21442568e-01 4.04776573e-01
    6.00709558e-01 8.94059300e-01 3.71330082e-02 7.16609359e-01
    7.84845710e-01 2.38914162e-01 4.43881720e-01 2.79182673e-01
    1.46405786e-01 7.84233332e-01 3.06027412e-01 5.58181226e-01
    8.89421761e-01 5.75357020e-01 3.75453293e-01 7.22904027e-01
    2.63693094e-01 3.04404169e-01 8.42324972e-01 6.81940615e-02
    9.50735569e-01 7.18824327e-01 9.47208822e-01 2.01178044e-01
    2.85814047e-01 3.56315494e-01 2.33624279e-01 1.19867831e-01
    8.99388075e-01 9.78316784e-01 3.14364374e-01 2.28732228e-01
    2.66318411e-01 1.02742910e-01 6.16175354e-01 5.53300083e-01
    3.26959759e-01 3.70498389e-01 9.62064028e-01 2.04183728e-01
    5.47057629e-01 3.73790979e-01 8.91463161e-02 7.99563229e-02
    2.70874858e-01 7.23763108e-01 1.35589093e-01 7.78402686e-02
    6.03475809e-01 2.24327624e-01 7.05105662e-02 8.48902345e-01
    1.84489787e-02 6.60615623e-01 8.96453440e-01 2.79839516e-01
    4.01975572e-01 5.19621730e-01 9.77399111e-01 6.71296716e-01
    6.60572767e-01 9.57805872e-01 7.03147531e-01 4.77685362e-01
    6.36332810e-01 4.22363788e-01 2.13680297e-01 3.88117522e-01
    3.05507720e-01 8.53454709e-01 7.96274841e-02 8.22689891e-01
    5.70658684e-01 2.42960721e-01 4.40829486e-01 7.80777037e-02
    2.34523177e-01 2.54431367e-01 8.78549039e-01 3.32369804e-02
    1.26758009e-01 8.26468825e-01 6.50085568e-01 2.45161146e-01
    2.27920115e-01 6.41444623e-01 3.66782963e-01 2.99323440e-01
    2.12532282e-03 9.43699479e-01 5.38463712e-01 6.40471220e-01
    7.88289845e-01 9.75467563e-02 3.30426216e-01 8.03054452e-01
    1.69798374e-01 2.28151143e-01 3.74725610e-01 5.91831446e-01
    4.53105271e-02 9.56270576e-01 3.19318175e-02 3.04665655e-01
    1.26504004e-02 4.96060878e-01 7.97600865e-01 7.27567375e-02
    8.48200083e-01 4.66370612e-01 1.38245493e-01 2.32445657e-01
    9.49497461e-01 6.52017117e-01 8.54649961e-01 6.71651959e-01
    8.43847871e-01 6.70640469e-01 6.13703549e-01 6.25896692e-01
    4.37030613e-01 6.22783184e-01 9.54753458e-02 7.93820262e-01
    3.19288313e-01 2.65169442e-02 9.76192892e-01 9.54511046e-01
    4.53658730e-01 3.47170979e-01 9.03710723e-01 9.80484664e-01
    4.89610732e-02 5.53957522e-02 1.70517206e-01 3.76095384e-01
    8.05567980e-01 7.77408898e-01 8.99152160e-01 3.84177864e-01
    4.20452863e-01 8.44794512e-01 9.17400301e-01 7.87175059e-01
    2.60997027e-01 5.13195693e-01 8.48776519e-01 3.01406354e-01
    7.24240899e-01 1.18686557e-01 7.30265200e-01 5.59798241e-01
    2.75782853e-01 7.51746535e-01 7.11618483e-01 4.36072797e-01
    1.52351618e-01 2.22010463e-01 5.00788629e-01 3.50966007e-01
    7.87402391e-02 3.08198392e-01 2.98218787e-01 7.78313339e-01
    9.59935427e-01 8.23594570e-01 5.70481360e-01 8.61993790e-01
    6.64684355e-01 9.37301040e-01 8.32816005e-01 6.02360368e-01
    5.50316751e-01 5.82137346e-01 5.62858522e-01 7.58497596e-01
    8.05061817e-01 7.56064177e-01 1.13612831e-01 4.28680331e-01
    8.79998684e-01 4.72465068e-01 7.36571133e-01 7.92412281e-01
    1.98155940e-01 3.38584542e-01 6.12370610e-01 6.25506401e-01
    8.47976208e-02 8.90031457e-01 1.42724156e-01 2.84754634e-01
    8.53487849e-01 3.36858988e-01 8.54224265e-02 3.40494692e-01
    2.25520790e-01 4.61218655e-01 5.52902997e-01 6.92308784e-01
    1.92120671e-03 3.71294647e-01 7.65672922e-01 3.15811068e-01
    7.96079040e-01 2.85556853e-01 3.39153409e-02 3.61478597e-01
    1.48531795e-01 2.28661984e-01 5.43981791e-01 5.95174253e-01
    8.50738049e-01 1.45176768e-01 3.62688065e-01 8.03564191e-02
    3.72488856e-01 9.42344189e-01 7.07148314e-01 1.75619274e-01
    8.96355867e-01 8.11307788e-01 6.91371977e-01 8.27612221e-01
    6.98835969e-01 5.68987012e-01 8.51870656e-01 3.85233819e-01
    6.66505992e-02 9.88199353e-01 8.47550154e-01 6.20954037e-01
    7.53438354e-01 3.67856622e-01 6.96542323e-01 3.09664100e-01
    2.33556241e-01 3.42044085e-01 6.46948934e-01 9.00511622e-01
    9.67518866e-01 4.46720868e-01 3.05158257e-01 1.86665058e-02
    5.55682123e-01 8.17762017e-01 1.68584824e-01 3.62528563e-02
    2.75844038e-02 6.95006251e-01 1.95043445e-01 4.49248552e-02
    1.10454172e-01 3.76150250e-01 5.45896232e-01 2.28993654e-01
    5.15835345e-01 1.16828084e-02 9.32404637e-01 9.42357183e-02
    1.94667488e-01 9.04667139e-01 9.90731359e-01 8.55247140e-01
    8.72057080e-01 4.35066938e-01 7.58808970e-01 5.05933225e-01
    2.75150776e-01 4.86788690e-01 1.62027597e-01 5.29539764e-01
    9.25853252e-01 1.64466321e-01 5.63088298e-01 6.61978900e-01
    1.00963235e-01 2.81983912e-01 9.27090049e-01 3.36450040e-01
    1.25807703e-01 8.55348647e-01 6.77639425e-01 3.83056760e-01
    8.53093445e-01 7.86525190e-01 6.18917942e-01 3.24249208e-01
    6.56187117e-01 8.18910480e-01 5.06225824e-02 3.45395148e-01
    5.84500849e-01 3.07415903e-01 7.46143043e-01 3.93414080e-01
    7.15327263e-03 4.18082952e-01 2.48151541e-01 7.42217898e-02
    1.39958650e-01 9.08453822e-01 5.50385654e-01 1.99815035e-01
    7.64161229e-01 4.55609411e-01 4.09181923e-01 3.25531304e-01
    5.26473045e-01 6.21189296e-01 3.72821003e-01 9.47268903e-02
    9.21625614e-01 8.32431614e-01 7.25506425e-01 6.57134354e-01
    9.95392561e-01 8.80675435e-01 2.73578584e-01 3.49363267e-01
    3.54192257e-02 5.61889470e-01 9.99906421e-01 8.78780484e-01
    4.48482901e-01 3.70690942e-01 6.02353334e-01 1.87628061e-01
    3.92957985e-01 4.58572030e-01 7.06301332e-01 7.83014715e-01
    7.47131288e-01 6.88704073e-01 7.24163413e-01 2.76024729e-01
    5.71623683e-01 9.19105649e-01 6.30171537e-01 7.98174143e-02
    5.70445895e-01 6.04473770e-01 6.55460060e-01 2.30566502e-01
    6.33907974e-01 3.60425055e-01 7.96434879e-01 2.64600933e-01
    8.89210343e-01 5.80274642e-01 1.09155178e-01 2.62883991e-01
    3.21747363e-01 1.89338982e-01 4.37035233e-01 8.60025585e-02
    7.40834296e-01 7.51859248e-01 1.39979899e-01 4.80526686e-02
    7.99221575e-01 1.73434228e-01 5.78273058e-01 6.82198763e-01
    3.13798189e-01 5.75943112e-01 6.03734910e-01 7.14359343e-01
    2.52159297e-01 6.16936266e-01 8.37172806e-01 1.61734760e-01
    4.16397303e-01 8.55727971e-01 2.00622857e-01 4.25068587e-01
    8.58260036e-01 8.69684458e-01 8.50746393e-01 2.00539559e-01
    2.95720100e-02 8.26637268e-01 7.12771773e-01 2.38160491e-01
    5.61942875e-01 7.79348254e-01 2.31290191e-01 6.25782132e-01
    5.30175030e-01 1.66928768e-01 7.24954009e-01 4.82171357e-01
    1.15089715e-01 4.63881493e-02 3.70010734e-02 5.18187523e-01
    5.89483678e-02 4.62880433e-02 7.65957832e-01 4.62204278e-01
    4.73362386e-01 5.97563922e-01 1.23286366e-01 8.06820273e-01
    1.07478797e-02 7.09708810e-01 6.42772794e-01 1.84492171e-01
    4.71292078e-01 1.98395908e-01 3.08073848e-01 7.39569366e-02
    6.94189668e-01 2.43637860e-02 4.63599414e-01 1.70384943e-02
    8.72213125e-01 3.37397754e-02 4.59863096e-01 4.53916878e-01
    1.68058276e-03 8.92652035e-01 3.84533316e-01 9.76082563e-01
    4.36463952e-01 2.23545581e-01 8.72483552e-01 1.40723586e-02
    3.38722527e-01 4.26710844e-01 7.34331608e-01 2.11433470e-01
    6.12443566e-01 4.19938266e-01 6.70832396e-01 7.59828150e-01
    3.19895923e-01 1.09529942e-01 3.71037424e-01 8.77217412e-01
    6.74304485e-01 7.20702648e-01 7.00716853e-01 9.46189344e-01
    7.85551965e-01 9.97003853e-01 4.18738335e-01 5.97685993e-01
    4.48238254e-02 9.29613590e-01 5.70926249e-01 9.36187983e-01
    2.86602080e-02 3.79079223e-01 5.34357607e-01 7.74537444e-01
    8.15339267e-01 2.19340533e-01 6.85918093e-01 9.09967899e-01
    7.62766004e-02 1.11016661e-01 7.82073140e-01 9.63531256e-01
    3.42978299e-01 7.07398534e-01 5.25912225e-01 9.10301089e-01
    1.83623135e-01 4.46563363e-02 4.86925334e-01 6.62410855e-01
    6.89502478e-01 3.39477479e-01 8.82127106e-01 4.78432924e-01
    1.80529654e-01 4.44265634e-01 7.41989672e-01 9.77432966e-01
    3.74469757e-01 2.01560587e-01 4.64080006e-01 2.93265074e-01
    4.23510134e-01 3.97755265e-01 5.04119873e-01 4.59765106e-01
    7.87590384e-01 7.90839016e-01 7.17887402e-01 6.62747562e-01
    9.01696086e-02 4.85819578e-01 5.30399978e-02 6.82762027e-01
    3.17594409e-03 5.72380722e-01 3.09528708e-02 4.19850707e-01
    1.18620396e-02 2.40663290e-02 1.30686551e-01 3.71383011e-01
    9.95851815e-01 5.51255763e-01 8.52145314e-01 3.55995953e-01
    5.54278612e-01 6.26153052e-02 7.15200067e-01 4.00530994e-02
    8.67883205e-01 7.58530498e-02 1.04792207e-01 4.59618479e-01
    8.06278348e-01 4.19377446e-01 6.91432297e-01 2.04805255e-01
    3.68438423e-01 5.54076850e-01 8.14746320e-01 9.22868907e-01
    9.88857508e-01 1.20877653e-01 7.97349811e-01 6.71011686e-01
    1.03913426e-01 5.03885984e-01 9.40334916e-01 2.21903175e-01
    7.27384448e-01 1.17175758e-01 7.81752348e-01 4.53095645e-01
    5.11106074e-01 2.87506729e-01 5.70653200e-01 4.89309430e-03
    4.43927586e-01 2.81441957e-01 8.82566571e-01 4.94755983e-01
    8.88886213e-01 4.80403572e-01 5.32758176e-01 9.40620184e-01
    3.81456584e-01 1.13161385e-01 6.94644749e-02 3.91070545e-01
    5.62661409e-01 9.86523867e-01 5.71557939e-01 7.15797722e-01
    9.69758272e-01 5.52598834e-01 3.82089645e-01 2.78026521e-01
    7.96410739e-02 8.10135841e-01 9.67723489e-01 7.50992060e-01
    6.81464732e-01 1.64895028e-01 1.33971334e-01 7.71363020e-01
    2.65135467e-01 1.43304020e-01 2.01535434e-01 2.04860777e-01
    8.40230942e-01 1.44944489e-01 1.64068699e-01 3.30983996e-02
    8.12933385e-01 7.80491590e-01 1.86860561e-04 9.83951449e-01
    4.11804974e-01 4.66171771e-01 3.40837181e-01 5.16575813e-01
    1.74528331e-01 3.87853682e-02 6.38420284e-02 4.45671141e-01
    3.61458063e-02 1.71797961e-01 2.53663480e-01 8.32095861e-01
    1.64244503e-01 5.55378854e-01 3.56843293e-01 1.85743958e-01
    9.66890275e-01 6.93989754e-01 2.81881392e-02 4.74273473e-01
    5.46721518e-01 1.47031635e-01 1.37409568e-01 5.69293737e-01
    6.99256063e-01 4.10013378e-01 5.27275145e-01 2.70904243e-01
    1.95833594e-01 3.85147631e-02 9.56620097e-01 5.50893843e-01
    9.35459256e-01 9.08710182e-01 6.36820555e-01 2.32700765e-01
    1.51278794e-01 2.31597126e-01 3.62001359e-01 7.46935606e-01
    8.17963123e-01 5.91505706e-01 8.88690770e-01 8.00006270e-01
    5.52574039e-01 5.80544889e-01 1.18130565e-01 7.79046655e-01
    7.05805957e-01 1.27111703e-01 4.34764683e-01 5.51434755e-01
    4.13524389e-01 9.18523550e-01 5.72541654e-02 3.61532032e-01
    9.65983629e-01 9.99556065e-01 3.30145359e-02 9.08506811e-02
    6.77057147e-01 7.57844806e-01 5.76182306e-01 3.43292236e-01
    2.53821194e-01 4.00061011e-02 1.81956917e-01 5.90258777e-01
    7.99343705e-01 5.86886764e-01 1.25472575e-01 6.35783434e-01
    4.79213417e-01 8.70428979e-01 6.83543384e-01 9.23862219e-01
    3.15513074e-01 3.81560266e-01 7.91863799e-01 9.40758705e-01
    6.13750875e-01 6.22190535e-02 5.44310153e-01 4.00017589e-01
    1.37980849e-01 8.64621282e-01 1.02827042e-01 6.60486877e-01
    3.61525476e-01 1.94606960e-01 7.51302242e-01 8.95970285e-01
    1.92411453e-01 2.90399075e-01 4.15059507e-01 8.82042408e-01
    8.53811860e-01 5.02311170e-01 9.96869922e-01 1.69392198e-01
    5.35346687e-01 1.12022340e-01 9.72315669e-01 2.44865477e-01
    9.92461741e-01 8.59825730e-01 4.82298136e-02 7.73572028e-01
    4.29382592e-01 9.84716177e-01 9.32162225e-01 9.36459303e-02
    5.38304210e-01 1.04806900e-01 3.67984235e-01 1.01608723e-01
    4.05291319e-02 1.33996785e-01 1.96387053e-01 1.62797719e-01
    8.83475184e-01 9.02095079e-01 4.64089870e-01 3.14600855e-01
    1.62010729e-01 5.63573778e-01 6.75260067e-01 7.13875413e-01
    8.62045050e-01 3.77274245e-01 1.83883995e-01 5.04016221e-01
    1.78068876e-03 6.71975911e-01 5.08202434e-01 2.73085892e-01
    4.09321904e-01 3.17023098e-01 9.17458415e-01 7.19175220e-01
    9.32107806e-01 4.37030137e-01 3.64176333e-01 4.46374804e-01
    3.97530377e-01 8.90799165e-01 6.87463403e-01 7.55466104e-01
    1.91556156e-01 9.03089762e-01 3.96833360e-01 1.72984242e-01
    8.04197669e-01 7.14310348e-01 8.54703665e-01 7.83357024e-03
    7.23655760e-01 5.81243694e-01 2.94835299e-01 1.09243661e-01
    2.81112194e-01 4.56003249e-02 9.63212490e-01 1.96522236e-01
    2.32137829e-01 7.94584095e-01 6.02973342e-01 6.68731630e-01
    8.00131321e-01 9.10685897e-01 2.01850563e-01 6.13169014e-01
    1.04208410e-01 8.75723124e-01 1.46093458e-01 5.17006397e-01
    7.76809394e-01 3.90276074e-01 2.56438315e-01 4.62204516e-02
    7.48808682e-01 4.28969562e-02 4.15972322e-01 7.41707087e-01
    7.21073389e-01 2.58637190e-01 9.71783042e-01 2.19032317e-01
    5.61857045e-01 5.44762313e-01 2.15798467e-01 9.73982811e-02
    3.85644883e-01 5.77945709e-01 7.11238980e-02 7.43417919e-01
    9.96999741e-01 3.53035331e-01 7.24104047e-01 6.20938838e-02
    7.09839702e-01 5.25253594e-01 2.76143312e-01 7.74834514e-01
    5.04293263e-01 8.66677403e-01 2.65589654e-01 1.65248513e-02
    2.18284518e-01 7.28711486e-01 8.25590968e-01 2.62934923e-01
    1.41356975e-01 8.56551528e-02 7.11856008e-01 8.60004008e-01
    2.73730516e-01 2.93347597e-01 1.38848990e-01 3.98055375e-01
    7.69673228e-01 3.42387199e-01 6.26617432e-01 9.72254634e-01
    5.63124537e-01 9.25887704e-01 6.14196777e-01 2.26464927e-01
    7.59013534e-01 4.74897146e-01 4.03639376e-02 8.63137484e-01
    6.75896645e-01 7.92806566e-01 3.81284237e-01 2.33379483e-01
    3.52951229e-01 8.58602643e-01 2.70684063e-01 7.63620436e-02
    6.14507914e-01 2.33031601e-01 1.57510757e-01 5.69155216e-01
    6.74850345e-02 8.44717801e-01 5.76422632e-01 4.06028837e-01
    4.13188875e-01 1.60580307e-01 3.00084114e-01 9.77004111e-01
    8.18551898e-01 5.03713250e-01 3.13731253e-01 5.24850190e-01
    1.89128339e-01 9.91713405e-01 9.12778854e-01 5.47486186e-01
    6.60859942e-02 6.77213490e-01 7.18467355e-01 1.99118614e-01
    9.71293867e-01 6.71011209e-01 2.04241037e-01 7.00387180e-01
    5.21011949e-01 1.04848206e-01 4.27317530e-01 5.11089742e-01
    1.47539020e-01 5.07688403e-01 2.08658338e-01 6.05950356e-01
    6.50421262e-01 2.50112414e-02 6.07477903e-01 3.60946536e-01
    3.98429245e-01 3.88687551e-01 3.61903995e-01 1.39332116e-02
    4.43746418e-01 2.69618869e-01 5.15074670e-01 1.73726052e-01
    2.13919550e-01 7.28512049e-01 9.05839682e-01 3.89964819e-01
    2.43665278e-02 3.16821247e-01 9.09479260e-01 3.78803313e-02
    5.04788280e-01 6.01464808e-01 6.64778113e-01 2.54782557e-01
    7.61611819e-01 3.71923059e-01 3.17989886e-02 1.22479200e-02
    9.45812643e-01 9.20767128e-01 2.49998987e-01 8.05732250e-01
    8.96325588e-01 6.40352011e-01 4.72476065e-01 2.47863531e-01
    4.25890446e-01 3.67871761e-01 1.81729972e-01 2.98202634e-02
    8.30813646e-02 1.68664992e-01 2.01085865e-01 3.37256193e-02
    6.39486492e-01 1.34669453e-01 8.20224047e-01 8.39851022e-01
    2.62684822e-01 2.30503976e-02 9.83455777e-03 3.22736263e-01
    4.43806559e-01 1.29268438e-01 1.54733658e-01 7.85405636e-01
    9.36032474e-01 2.93849945e-01 5.05568862e-01 3.96142781e-01
    5.41281700e-03 1.14122480e-01 2.71650851e-01 9.32272792e-01
    3.45325083e-01 4.41715717e-01 9.66330171e-01 6.24973416e-01
    8.28955650e-01 9.46535110e-01 6.89607322e-01 4.26681757e-01
    3.94113272e-01 4.07115012e-01 4.02264327e-01 4.99747902e-01
    8.88142347e-01 5.56963384e-01 1.77928239e-01 9.84702110e-01
    2.24603444e-01 8.07546318e-01 1.57478154e-01 8.07486653e-01
    6.36829972e-01 9.50628042e-01 5.85538745e-01 5.58724165e-01
    8.05417180e-01 8.43714356e-01 5.89189768e-01 2.54988134e-01
    7.96300709e-01 8.29186082e-01 7.81439424e-01 3.96497399e-01
    9.76051927e-01 5.17566442e-01 6.22986794e-01 9.04627562e-01
    9.92375493e-01 6.18048310e-02 3.91400456e-01 1.97742879e-02
    4.71796334e-01 5.64032495e-01 1.49807751e-01 6.62330329e-01
    6.22675121e-02 8.61969709e-01 8.91181469e-01 5.51975429e-01
    1.23030066e-01 2.13339597e-01 9.00219977e-02 1.27531737e-01
    9.81702209e-01 4.47088480e-03 4.16607946e-01 5.27197361e-01
    9.07884598e-01 7.58055329e-01 4.28937256e-01 1.41246498e-01
    6.85633421e-02 3.05452138e-01 9.52770948e-01 2.22512037e-01
    7.20677495e-01 4.37528133e-01 8.98640990e-01 9.32853162e-01
    5.80055833e-01 4.05625165e-01 4.22565997e-01 5.96798360e-01
    3.80933076e-01 5.20911157e-01 8.23192954e-01 7.56214201e-01
    5.00301778e-01 9.78054881e-01 7.02699125e-02 4.20511812e-01
    1.18876159e-01 3.39008510e-01 5.38304210e-01 8.84490371e-01
    6.86661243e-01 5.12664318e-01 3.78084600e-01 6.72540605e-01
    8.31302881e-01 7.39126205e-02 6.22756898e-01 6.11464739e-01
    3.81513119e-01 2.84558415e-01 6.98287547e-01 4.03789937e-01
    2.32392848e-02 9.27935600e-01 4.52834338e-01 7.59014487e-01
    1.94844604e-02 9.07244980e-02 2.42628902e-01 4.11036015e-02
    3.22013348e-01 2.14264154e-01 7.65149832e-01 7.58393764e-01
    8.25457931e-01 3.17779779e-02 5.63638568e-01 2.98553884e-01
    6.36510909e-01 1.22578561e-01 6.58749282e-01 6.26000047e-01
    2.77958483e-01 3.84897888e-02 2.60162205e-01 3.77116859e-01
    9.19110179e-01 7.41385698e-01 2.15849102e-01 2.96711087e-01
    4.61911619e-01 3.39175344e-01 8.84965599e-01 7.10526884e-01
    5.03280342e-01 4.02537644e-01 7.70896673e-02 5.30071318e-01
    4.40153271e-01 7.33062387e-01 4.54445481e-01 3.21213901e-02
    5.30869365e-02 5.97110927e-01 2.49102414e-01 9.56074953e-01
    5.24145126e-01 6.53284311e-01 8.87152672e-01 1.42552644e-01
    4.95844960e-01 1.85891122e-01 3.18548530e-01 1.99115187e-01
    1.94118381e-01 5.83561957e-01 2.50686765e-01 1.05247110e-01
    5.03009081e-01 8.43587458e-01 2.66097695e-01 5.93833923e-02
    4.03590918e-01 1.04942828e-01 9.01811481e-01 6.90878272e-01
    3.17196846e-02 8.82468939e-01 7.33447075e-02 6.11383557e-01
    6.36810064e-02 5.49687445e-01 5.78497052e-02 4.62356567e-01
    1.44841194e-01 8.47641587e-01 1.72907799e-01 6.57702208e-01
    3.94712150e-01 6.55352235e-01 9.91981268e-01 2.81295478e-01
    6.80553436e-01 7.11697459e-01 3.26491535e-01 4.33672398e-01
    9.88759875e-01 6.79891467e-01 6.81351781e-01 6.73892796e-01
    1.41570389e-01 6.09790325e-01 9.49251652e-01 4.77105558e-01
    8.43433976e-01 3.60037595e-01 5.63328862e-01 2.77455211e-01
    1.73770756e-01 1.11847430e-01 3.27076137e-01 6.34708583e-01
    8.86902213e-01 4.72485125e-01 1.20898843e-01 5.00541151e-01
    7.46194065e-01 1.34194404e-01 8.16283464e-01 5.12310207e-01
    1.82520837e-01 7.59308457e-01 9.77995396e-02 2.11951524e-01
    4.17812228e-01 3.39799106e-01 9.08377051e-01 6.48616850e-01
    2.42031664e-01 5.51393330e-01 9.57476139e-01 9.41456795e-01
    1.47670865e-01 3.82942110e-01 6.96857274e-02 5.21389246e-01
    8.93247604e-01 4.66790527e-01 8.90690506e-01 4.92571831e-01
    7.82183051e-01 1.93641603e-01 4.03431118e-01 7.04389811e-02
    8.61665070e-01 4.21741933e-01 7.75900602e-01 7.58142471e-01
    1.47996604e-01 2.47191429e-01 4.21134412e-01 4.67752934e-01
    1.44865930e-01 1.23742938e-01 2.65470028e-01 2.29118913e-01
    7.07536638e-01 5.08548021e-01 1.96380019e-01 6.41063452e-01
    3.84960562e-01 1.94198787e-02 2.07090467e-01 4.63880926e-01
    8.74081373e-01 6.45382822e-01 7.48701036e-01 1.78136647e-01
    1.35816932e-02 6.53198242e-01 8.22200060e-01 6.14079595e-01
    4.28073496e-01 9.55394745e-01 8.21182251e-01 1.93724096e-01
    9.75776315e-01 7.83903837e-01 5.61341047e-01 9.67340827e-01
    5.25126517e-01 4.77973461e-01 1.08889282e-01 8.09906244e-01
    7.40570784e-01 2.45191962e-01 3.57047647e-01 2.24539459e-01
    5.15431106e-01 8.40663552e-01 6.51131392e-01 6.44146085e-01
    9.77059662e-01 2.53133953e-01 4.04592216e-01 9.28448200e-01
    9.84421134e-01 9.53228951e-01 6.88791692e-01 8.63525867e-02
    7.72585511e-01 6.61387324e-01 2.17835605e-01 6.99607670e-01
    2.05033392e-01 5.07665515e-01 9.41174388e-01 9.83111143e-01
    5.57865381e-01 9.72478330e-01 3.33265513e-01 4.06905740e-01
    3.35333765e-01 6.24980152e-01 1.80710554e-02 4.99446094e-02
    9.32679176e-02 3.76608372e-02 4.22813624e-01 9.58378613e-02
    2.29146957e-01 6.76448822e-01 3.84097874e-01 1.01452470e-02
    9.80625629e-01 1.17982030e-02 8.97748172e-01 7.32736588e-01
    1.55659556e-01 9.67635751e-01 9.15037990e-01 7.27415085e-01
    1.82743430e-01 7.98723817e-01 5.20016134e-01 4.92984354e-01
    8.83389354e-01 6.71799302e-01 9.49857593e-01 9.31585133e-01
    9.89487290e-01 1.41037822e-01 5.96405625e-01 6.34352565e-02
    8.41584325e-01 7.64105558e-01 6.03594005e-01 9.53027844e-01
    8.72729778e-01 9.38301325e-01 4.64237958e-01 7.98129916e-01
    7.51290917e-01 6.72525227e-01 9.48400497e-01 3.71623397e-01
    3.79631639e-01 8.50790262e-01 4.75386053e-01 1.08428568e-01
    4.89901513e-01 2.57221341e-01 5.95490873e-01 8.18623304e-01
    3.71494293e-01 9.69039321e-01 2.06597537e-01 4.19127882e-01
    9.92906213e-01 5.67118466e-01 4.85762358e-01 6.30409896e-01
    8.33860099e-01 3.31081212e-01 9.31232393e-01 7.30148613e-01
    8.23115885e-01 7.41989374e-01 4.39896494e-01 7.53398240e-02
    5.33787489e-01 2.58290291e-01 9.73531485e-01 8.55114043e-01
    6.22381389e-01 1.54226631e-01 9.49371994e-01 2.18970329e-01
    5.45767307e-01 2.45105624e-02 7.44740725e-01 5.66290855e-01
    3.41005266e-01 4.94270593e-01 2.94843078e-01 4.26865160e-01
    4.66489702e-01 7.96629786e-02 1.09515846e-01 3.68193209e-01
    5.41629314e-01 5.03277063e-01 7.69224286e-01 5.81344008e-01
    1.48362517e-01 4.84024197e-01 5.41368127e-01 8.51565301e-01
    2.98829675e-01 3.10683906e-01 8.51379693e-01 4.87508476e-01
    1.90718740e-01 6.86884820e-02 3.82417262e-01 5.87102294e-01
    6.36102557e-01 1.78557754e-01 2.03863949e-01 4.78150845e-01
    5.79554200e-01 9.99498248e-01 3.91957372e-01 9.16267335e-02
    3.57264936e-01 3.85750204e-01 5.90848267e-01 1.41855985e-01
    2.62902319e-01 7.03964531e-01 6.15465343e-02 7.52876878e-01
    2.02908009e-01 4.62773770e-01 9.11274910e-01 8.55727434e-01
    8.44410121e-01 6.28586411e-01 3.24048340e-01 9.34666753e-01
    7.88621604e-02 5.64164340e-01 9.85765338e-01 3.76529694e-01
    4.68221873e-01 3.16047847e-01 6.31835580e-01 6.74221814e-01
    9.94765878e-01 3.33029747e-01 7.24914551e-01 5.50397098e-01
    1.89006329e-02 8.09760630e-01 3.00800800e-01 1.44420624e-01
    2.27611214e-01 6.02894962e-01 7.03433633e-01 8.83629084e-01
    6.23254001e-01 4.85315442e-01 8.72267604e-01 7.37541676e-01
    2.34599560e-01 7.75062144e-01 5.20947456e-01 9.01955724e-01
    7.59891152e-01 7.17379212e-01 8.83234799e-01 5.16610861e-01
    1.11191779e-01 4.61151689e-01 6.51533008e-01 5.50211847e-01
    2.70375282e-01 3.32328171e-01 9.80546951e-01 8.51066172e-01
    7.97533274e-01 9.63419259e-01 7.75128126e-01 8.73487711e-01
    7.09557593e-01 3.10387015e-02 1.94205284e-01 1.25788003e-01
    3.38879883e-01 6.67063832e-01 7.62383461e-01 2.33324945e-01
    9.81601059e-01 8.58195901e-01 5.92075825e-01 5.70030987e-01
    6.70457065e-01 6.17776036e-01 8.09069395e-01 3.75129551e-01
    2.03628540e-01 7.53623843e-01 9.93680477e-01 7.96806395e-01
    2.26709515e-01 9.53456879e-01 2.50326037e-01 6.24906838e-01
    9.55566645e-01 6.76811218e-01 3.45017046e-01 9.35586452e-01
    1.31019801e-01 8.55592251e-01 6.46193862e-01 1.33454204e-02
    6.91176057e-01 4.48835671e-01 6.69710517e-01 3.40901554e-01
    5.49269915e-01 7.34091759e-01 9.67229426e-01 6.83745742e-02
    5.17535090e-01 2.26699919e-01 1.21738881e-01 2.17236072e-01
    7.01646924e-01 8.73881578e-01 7.18398273e-01 8.41637850e-01
    8.07723999e-01 8.07669044e-01 3.91487241e-01 4.06628549e-01
    2.99241364e-01 6.62763238e-01 8.68212104e-01 5.40617824e-01
    2.22726583e-01 4.24335063e-01 5.17866611e-01 4.78825450e-01
    6.72066987e-01 1.27489001e-01 7.41483212e-01 3.77843291e-01
    7.38269866e-01 6.23888254e-01 4.74200070e-01 5.01694322e-01
    5.57967484e-01 7.75413990e-01 5.05868077e-01 9.89464283e-01
    2.77833879e-01 4.08036411e-01 2.25989848e-01 3.25873584e-01
    4.92891878e-01 4.75455403e-01 3.07753980e-02 9.30659831e-01
    2.79410511e-01 8.44828069e-01 3.96208107e-01 7.09441185e-01
    6.96892500e-01 8.37559581e-01 1.59206867e-01 5.16433179e-01
    5.41615486e-01 8.37946534e-01 2.52099812e-01 3.84094536e-01
    3.35930288e-02 6.24026120e-01 7.09789932e-01 5.92567384e-01
    8.78517032e-01 5.75624049e-01 6.04844391e-01 3.89959991e-01
    5.85635602e-01 2.55312681e-01 9.43332791e-01 5.83472431e-01
    1.04836464e-01 1.94232881e-01 5.63901663e-01 5.09547949e-01
    4.23097372e-01 4.57905293e-01 9.65810895e-01 7.14847922e-01
    9.74908948e-01 8.39618802e-01 2.94170201e-01 4.57776070e-01
    8.50856781e-01 6.32704794e-01 7.92936981e-02 1.42613411e-01
    5.48647940e-02 8.38557243e-01 1.61192566e-01 5.04459858e-01
    6.93563521e-01 2.87755609e-01 4.70039785e-01 7.52796173e-01
    7.34247386e-01 1.80641264e-01 8.46772134e-01 8.19944859e-01
    9.66717720e-01 3.56951058e-02 5.33913136e-01 3.50140274e-01
    3.59262228e-02 3.58042210e-01 7.28837848e-02 3.73634577e-01
    4.60326493e-01 8.77840877e-01 1.65081054e-01 5.83356917e-01
    8.86072040e-01 3.91718298e-01 6.55751526e-01 9.03386772e-01
    9.69352841e-01 9.19203639e-01 9.81561899e-01 7.89615035e-01
    5.79599321e-01 9.20854449e-01 1.80573523e-01 4.14708048e-01
    5.91830790e-01 6.29633546e-01 7.00335443e-01 4.96268630e-01
    9.77430820e-01 3.69818032e-01 6.41064942e-01 8.07175279e-01
    1.30900949e-01 6.13758743e-01 5.15899360e-02 8.32283258e-01
    7.78092980e-01 4.10702974e-01 7.24958181e-01 5.55858016e-02
    7.99002528e-01 2.64107019e-01 3.54742587e-01 4.37667668e-01
    1.25112206e-01 1.40350431e-01 6.78560913e-01 3.91945928e-01
    1.50074214e-01 5.02301157e-01 8.07657480e-01 2.69958675e-02
    7.73979306e-01 6.22629225e-01 6.78899407e-01 3.58342826e-02
    1.10246629e-01 2.68076181e-01 3.75776350e-01 5.03742874e-01
    6.72155023e-01 7.61664212e-02 3.33371609e-01 6.38637781e-01
    1.09235346e-01 4.08056945e-01 6.64567888e-01 1.31916493e-01
    2.59063959e-01 5.86471617e-01 9.74402547e-01 8.83644342e-01
    4.84868109e-01 6.05235696e-01 9.90968943e-02 3.72340262e-01
    7.73520529e-01 9.01832223e-01 5.07741213e-01 1.06129855e-01
    8.73344302e-01 2.11097300e-02 9.53707218e-01 2.95973837e-01
    4.91033286e-01 9.93803203e-01 1.48813605e-01 9.40741479e-01
    2.78921366e-01 5.52674532e-01 1.41533077e-01 4.61919069e-01
    9.26669955e-01 2.06098855e-01 6.69293165e-01 9.21300530e-01
    2.19983310e-01 8.17568004e-02 8.00962687e-01 1.13244146e-01
    1.25016123e-01 5.94361901e-01 3.80130619e-01 5.58647156e-01
    6.09764755e-01 8.60626042e-01 9.08948302e-01 3.49745721e-01
    1.37604058e-01 5.19176960e-01 9.11747098e-01 5.91717601e-01
    2.43568689e-01 2.13602275e-01 7.35107005e-01 9.16086435e-01
    2.13071764e-01 3.34995985e-02 1.26086205e-01 9.51354384e-01
    5.85408330e-01 7.56467879e-02 2.05197752e-01 4.00081158e-01
    7.58035183e-01 1.51177585e-01 4.28253740e-01 6.56269073e-01
    7.39319563e-01 7.19331503e-02 9.97259736e-01 2.59568989e-02
    8.63490582e-01 8.38474631e-01 4.61352050e-01 2.87209153e-01
    8.40472698e-01 5.67768335e-01 7.03681529e-01 5.15485823e-01
    2.11642802e-01 6.55755520e-01 8.91666770e-01 9.57964182e-01
    5.38421988e-01 1.18848115e-01 1.06625468e-01 8.14710677e-01
    7.84591317e-01 8.95532966e-03 4.30383682e-01 9.51693416e-01
    4.68850076e-01 9.00011122e-01 6.24961853e-01 3.54484916e-02
    5.86880803e-01 3.22053492e-01 6.27925217e-01 8.02509785e-01
    9.93517995e-01 2.24846303e-02 4.22582209e-01 1.49184257e-01
    8.46423447e-01 9.99563992e-01 5.15424728e-01 4.62548107e-01
    2.98068970e-01 9.07352865e-01 1.95717067e-01 6.49214506e-01
    1.34534806e-01 9.56947207e-02 9.02980506e-01 8.10036719e-01
    3.74597311e-03 2.92886198e-02 9.41746116e-01 6.66519642e-01
    4.41107005e-01 5.19229293e-01 7.54633427e-01 9.86371517e-01
    6.04519248e-02 6.72683239e-01 3.46136630e-01 9.26783681e-02
    5.08428872e-01 1.48614526e-01 4.39195871e-01 8.14043999e-01
    4.05285180e-01 7.62979746e-01 6.60836458e-01 9.03989017e-01
    1.64564848e-02 6.51422739e-01 2.59771943e-01 6.56173527e-01
    8.79162192e-01 6.83175027e-01 2.16829032e-01 9.88373756e-01
    7.20895767e-01 2.46033341e-01 3.19694787e-01 1.30237192e-01
    4.49411631e-01 3.37534547e-01 4.10994947e-01 6.13959193e-01
    8.05387914e-01 4.14086699e-01 1.62888885e-01 5.64783514e-01
    3.42186093e-02 1.73104376e-01 4.69422579e-01 2.38618165e-01
    4.72238064e-02 1.53787434e-01 8.54540884e-01 7.06025004e-01
    2.42090076e-01 3.81061018e-01 3.57508540e-01 3.56706858e-01
    4.09130573e-01 3.44575852e-01 5.40658891e-01 9.78987098e-01
    8.36779416e-01 4.41844016e-01 9.57014084e-01 9.12995636e-01
    5.04670143e-01 9.70916986e-01 6.09520972e-02 7.07983315e-01
    1.68967515e-01 2.23241895e-01 9.74268854e-01 1.23192340e-01
    6.35848999e-01 6.29149795e-01 3.62812012e-01 6.54844403e-01
    9.41902697e-02 6.43536866e-01 1.23538315e-01 1.76100701e-01
    9.93468523e-01 5.83440065e-02 5.54563940e-01 7.86404967e-01
    1.53142124e-01 8.76839221e-01 1.69906318e-01 6.51729584e-01
    9.90763664e-01 8.08521748e-01 5.31749010e-01 3.65287006e-01
    8.62738907e-01 7.10813284e-01 1.66362703e-01 4.26041156e-01
    8.43856335e-01 4.70573664e-01 5.14365435e-01 1.19106442e-01
    9.62294042e-01 2.25038886e-01 4.20966953e-01 6.46701336e-01
    9.14546728e-01 2.62392044e-01 1.31767631e-01 6.27745926e-01
    8.80142331e-01 4.57375586e-01 6.48121536e-02 2.32740223e-01
    3.91952336e-01 2.43104041e-01 3.90077978e-01 9.56673324e-02
    2.53836334e-01 1.16168290e-01 1.78268403e-01 3.97202939e-01
    1.85860097e-02 8.61424148e-01 3.73784900e-02 6.27044559e-01
    6.77887917e-01 2.76691973e-01 3.72161657e-01 2.64035761e-02
    2.03282803e-01 9.39921856e-01 7.27163136e-01 5.78678310e-01
    8.97303700e-01 4.37975407e-01 9.15887833e-01 2.96863735e-01
    6.19795263e-01 1.37604773e-01 9.35340643e-01 8.66905808e-01
    5.67715347e-01 8.78373146e-01 9.28659439e-01 9.61197376e-01
    7.81881452e-01 4.96405423e-01 5.81782103e-01 7.50023842e-01
    3.93169254e-01 7.30587840e-01 5.36277652e-01 6.95361972e-01
    1.53843403e-01 8.63651514e-01 1.31167859e-01 1.96040869e-02
    9.71483827e-01 3.13803434e-01 3.13261926e-01 6.52526319e-02
    6.81711197e-01 2.83219904e-01 1.02713972e-01 3.89403284e-01
    4.69662786e-01 8.12523723e-01 6.60504639e-01 1.10559106e-01
    4.28057402e-01 5.52547991e-01 7.73559332e-01 5.69575787e-01
    2.55386472e-01 3.99470568e-01 2.20299453e-01 8.31137896e-02
    8.97727907e-01 8.27515781e-01 3.34673196e-01 7.70454347e-01
    3.29041898e-01 3.43049377e-01 9.96316254e-01 8.31393719e-01
    1.57804042e-01 6.70662165e-01 3.76799375e-01 9.95084882e-01
    1.97445869e-01 9.36285496e-01 2.58347183e-01 1.26072168e-01
    3.73898685e-01 5.57993054e-01 7.21937060e-01 9.09400344e-01
    6.58311546e-01 1.28869236e-01 9.37633574e-01 4.82881069e-03
    3.31876189e-01 7.40907252e-01 8.77736807e-01 3.30873728e-01
    6.02253377e-02 5.24494529e-01 9.42715049e-01 4.11927700e-04
    4.30725336e-01 3.97439301e-01 6.87317073e-01 6.80735409e-01
    9.84155416e-01 6.76095426e-01 2.17144340e-01 2.36406446e-01
    5.34100831e-01 6.47823930e-01 8.99376333e-01 6.22593820e-01
    9.06849384e-01 6.90440774e-01 2.25148469e-01 1.96044028e-01
    7.38850713e-01 9.62309897e-01 9.29195404e-01 9.28403616e-01
    7.79863000e-02 6.43465817e-02 3.50965858e-02 6.67379141e-01
    7.52980232e-01 2.01310366e-01 9.30570483e-01 1.03883147e-02
    8.49257350e-01 2.75373697e-01 4.09383237e-01 2.55497932e-01
    3.56931984e-01 6.96530938e-01 5.19325793e-01 3.59287262e-01
    5.16849160e-01 1.29580796e-02 2.63948977e-01 1.27831727e-01
    4.39968407e-02 2.60581553e-01 8.94392550e-01 6.13096774e-01
    4.32884693e-02 2.83914119e-01 3.38665426e-01 5.13106227e-01
    7.86517501e-01 4.68649209e-01 8.55523705e-01 7.40691841e-01
    2.95577615e-01 8.75546277e-01 1.09020650e-01 8.24600816e-01
    6.64966464e-01 1.18173212e-01 1.44064039e-01 9.65783596e-01
    6.41371310e-01 9.81767535e-01 4.20211822e-01 3.53402317e-01
    4.25629407e-01 4.47658747e-01 9.03051257e-01 8.73842537e-02
    1.06491089e-01 6.51655316e-01 7.10966289e-01 4.48049903e-02
    9.78658736e-01 4.17974800e-01 9.43312287e-01 4.76215184e-02
    5.27036250e-01 5.77344358e-01 8.48516941e-01 3.46812695e-01
    1.76757962e-01 7.90870070e-01 4.03624356e-01 5.08684576e-01
    8.27530861e-01 2.47588754e-02 9.03654218e-01 3.61619473e-01
    9.93622720e-01 9.74656820e-01 5.26961684e-01 9.34473276e-01
    9.44922566e-01 2.39381194e-02 7.24799633e-02 2.55460680e-01
    1.88282341e-01 9.86668825e-01 9.64509547e-01 3.91507417e-01
    4.03283298e-01 6.28627241e-01 2.30465472e-01 2.19630182e-01
    5.96683502e-01 2.62020290e-01 4.21843529e-01 6.62374318e-01
    8.45882893e-01 6.05717242e-01 1.53864413e-01 6.92075014e-01
    5.39239943e-01 3.17331076e-01 9.02827024e-01 5.61301112e-01
    4.61883992e-01 9.51314330e-01 5.85740328e-01 1.75371766e-01
    2.65223861e-01 8.24759305e-01 7.11516261e-01 2.01475263e-01
    4.03640687e-01 4.76067543e-01 9.98643458e-01 5.67810237e-01
    5.59292316e-01 2.33356059e-02 3.59100342e-01 2.74827778e-01
    3.30828339e-01 2.89121509e-01 9.92099285e-01 7.03470469e-01
    2.18347251e-01 9.09568667e-01 3.16883564e-01 8.50178838e-01
    6.01717830e-02 2.52183676e-01 1.92424893e-01 6.22159123e-01
    5.59419394e-01 7.55843520e-01 4.76740658e-01 7.86661446e-01
    5.21177173e-01 4.86239165e-01 1.51040524e-01 1.28843874e-01
    7.25081861e-01 4.39432323e-01 5.61389506e-01 2.71920443e-01
    9.95570421e-02 6.81256533e-01 9.52536225e-01 2.46034116e-01
    5.80820501e-01 9.58216608e-01 2.37697005e-01 6.96283162e-01
    5.67438245e-01 3.86117995e-01 7.61563957e-01 3.11103404e-01
    3.53691876e-02 5.09005189e-01 5.79134941e-01 8.00045371e-01
    5.29836297e-01 4.37818795e-01 7.64852405e-01 1.53852224e-01
    4.55441356e-01 4.83840942e-01 6.39580548e-01 8.66495848e-01
    2.51950920e-01 8.34676027e-01 5.18645346e-01 1.72740757e-01
    3.34235102e-01 4.81268764e-01 4.08285558e-01 4.09351438e-01
    9.23074007e-01 4.24066544e-01 6.45784616e-01 6.00423217e-01
    6.03896558e-01 3.01328540e-01 7.51965046e-01 1.53368562e-01
    3.13011944e-01 3.03034127e-01 1.72524244e-01 4.27713990e-03
    1.26437992e-01 8.62900198e-01 5.90419769e-01 7.27875710e-01
    6.63965523e-01 3.56906116e-01 2.06778884e-01 1.34026408e-01
    8.71512413e-01 8.78575802e-01 5.05436420e-01 5.71611464e-01
    4.77407426e-01 8.95204425e-01 4.47261512e-01 1.05596483e-01
    9.68238950e-01 3.25920582e-01 7.51339555e-01 3.82734895e-01
    9.18977857e-01 4.56817269e-01 3.92409414e-01 7.65504360e-01
    1.40392721e-01 5.51324606e-01 6.41598642e-01 8.24069262e-01
    2.22692847e-01 1.30832881e-01 4.64469284e-01 4.55180049e-01
    3.75060558e-01 4.99302149e-01 5.41031361e-01 5.24070561e-02
    8.60554278e-02 3.26569438e-01 9.62142587e-01 3.23233724e-01
    6.64340615e-01 5.67864597e-01 7.48014331e-01 3.25687408e-01
    7.55742311e-01 8.54483068e-01 9.92470503e-01 2.14977235e-01
    8.78910899e-01 2.04059362e-01 1.73107058e-01 4.44568515e-01
    4.54234898e-01 4.49210942e-01 9.06569719e-01 1.80427134e-01
    7.97866464e-01 3.67623448e-01 4.44111615e-01 9.91054058e-01
    3.01023722e-02 5.07653058e-01 6.27758741e-01 7.21974969e-01
    4.53811765e-01 6.96681201e-01 7.06263781e-01 2.04481363e-01
    6.22886002e-01 3.26988310e-01 1.32272065e-01 4.74042594e-01
    9.44161177e-01 7.05902576e-01 7.45056808e-01 6.66521132e-01
    2.28518546e-01 4.58814651e-01 1.49643362e-01 1.80609554e-01
    8.57525289e-01 4.64772493e-01 7.86226809e-01 3.98117244e-01
    6.83946609e-01 8.94903541e-02 6.17817700e-01 8.67325425e-01
    8.20057452e-01 4.35877562e-01 7.42915392e-01 2.49483317e-01
    9.62090611e-01 5.47595382e-01 2.96981931e-02 8.88654709e-01
    8.49887133e-01 3.45388591e-01 6.44530058e-02 9.68441367e-01
    3.32849234e-01 7.35563159e-01 1.08617127e-01 8.89176130e-03
    1.58425331e-01 8.62606168e-02 5.98829329e-01 5.52084923e-01
    5.05761802e-02 4.75594133e-01 4.19223964e-01 4.83810633e-01
    1.21293724e-01 5.31031072e-01 9.59935009e-01 4.29278076e-01
    4.15422171e-01 8.43680978e-01 8.28776002e-01 5.46144366e-01
    2.68361330e-01 9.77238536e-01 7.37249434e-01 2.68009186e-01
    2.81465650e-01 6.79371953e-01 8.06686580e-01 5.67066491e-01
    4.52881426e-01 9.24812734e-01 4.39591199e-01 8.07342649e-01
    2.99122632e-02 2.31407583e-01 6.46534681e-01 7.59685218e-01
    7.50936866e-01 5.64260423e-01 8.95820975e-01 6.67073846e-01
    7.47343481e-01 9.88052487e-01 6.47248507e-01 7.15636253e-01
    7.63156772e-01 2.23400593e-01 6.49276316e-01 1.38373792e-01
    3.50554973e-01 5.16666651e-01 9.58547235e-01 3.94631743e-01
    1.09016389e-01 8.66474211e-01 7.04101384e-01 9.02909279e-01
    1.15736932e-01 3.15840185e-01 3.63781065e-01 1.24542147e-01
    7.32542634e-01 4.83989775e-01 6.32800639e-01 8.71654272e-01
    4.51421350e-01 3.44503164e-01 3.52864087e-01 4.82708067e-01
    2.84906268e-01 3.03525239e-01 4.07519549e-01 2.93849587e-01
    4.47533220e-01 7.14215338e-01 3.65000665e-02 6.79317772e-01
    9.84088778e-01 4.61363554e-01 2.47790664e-01 4.46833819e-01
    3.06158662e-02 4.31811094e-01 2.82649100e-01 6.10857487e-01
    6.64288998e-01 5.88198006e-02 8.01225185e-01 5.48615336e-01
    1.34151101e-01 7.38344371e-01 3.48025382e-01 3.52031648e-01
    5.52958250e-01 8.10732603e-01 5.99626601e-02 6.66134357e-02
    5.33344269e-01 1.79763138e-01 6.60374939e-01 3.96611094e-02
    8.64617467e-01 3.15519989e-01 5.59757590e-01 1.25470221e-01
    8.90313029e-01 1.41238183e-01 3.09520960e-01 7.24098384e-02
    7.37386346e-02 8.24453235e-01 3.47541481e-01 6.79242015e-01
    2.46688306e-01 2.67502010e-01 4.20963347e-01 9.20425534e-01
    8.67060840e-01 3.88065130e-01 6.57062531e-01 5.15497446e-01
    8.45083714e-01 5.14668465e-01 2.46693373e-01 6.98756814e-01
    3.07396114e-01 7.53815472e-02 7.59726524e-01 1.50714934e-01
    8.83540034e-01 1.40397251e-02 9.06856418e-01 1.31329864e-01
    8.99716854e-01 9.91740227e-01 5.73180795e-01 7.14176178e-01
    2.10002601e-01 1.93068802e-01 6.08451009e-01 4.70353991e-01
    4.66776609e-01 4.21913564e-01 3.72138321e-01 9.87620831e-01
    8.56363297e-01 6.75725877e-01 4.24953133e-01 4.94840950e-01
    4.35624838e-01 5.81822991e-01 6.69050813e-02 5.71836352e-01
    4.97068763e-02 8.88067186e-02 8.54027092e-01 1.07174814e-01
    7.92780042e-01 7.99660206e-01 4.14899290e-01 6.95272803e-01
    7.97469020e-01 1.05501920e-01 9.69090521e-01 4.93919134e-01
    9.31507945e-01 9.01595950e-01 1.89148277e-01 3.01374823e-01
    7.98065186e-01 2.39456713e-01 5.83733261e-01 3.38623106e-01
    7.92340517e-01 5.78087568e-01 6.16580486e-01 9.55590069e-01
    5.54197431e-01 1.50831044e-02 8.50518703e-01 9.07845259e-01
    1.94726855e-01 8.24995577e-01 7.24613070e-01 9.73321080e-01
    5.00040054e-01 6.24073446e-01 5.79425871e-01 9.26378608e-01
    1.80390060e-01 7.46220946e-01 3.15888315e-01 4.61272746e-01
    7.96950459e-01 5.97590387e-01 2.53216922e-01 3.58379781e-02
    5.94053209e-01 1.27894402e-01 2.34198302e-01 7.01588631e-01
    7.92571008e-01 2.66383827e-01 1.24080122e-01 1.76117837e-01
    4.81246144e-01 6.81880355e-01 6.93673551e-01 9.31579292e-01
    7.49655247e-01 7.56578088e-01 9.07231092e-01 9.03858721e-01
    6.28207862e-01 5.32004833e-02 9.83070135e-01 1.27242863e-01
    7.10442305e-01 7.84457088e-01 9.97297168e-01 3.95186931e-01
    4.93333012e-01 7.64864206e-01 5.08017242e-01 1.46047592e-01
    9.63528395e-01 5.08064330e-01 3.74673307e-02 4.62054372e-01
    1.31291121e-01 1.10169947e-02 3.26173037e-01 9.79233861e-01
    9.55611110e-01 7.32377410e-01 5.64864039e-01 8.90794635e-01
    9.98130381e-01 4.37018991e-01 3.38718295e-01 4.69544262e-01
    1.57968253e-01 8.03895235e-01 3.51482958e-01 7.29408264e-01
    8.50486517e-01 6.86552167e-01 5.74581683e-01 6.04536831e-01
    8.06553721e-01 5.52077413e-01 4.47460651e-01 3.22544515e-01
    4.97910082e-02 9.78758931e-02 2.22025037e-01 6.85884476e-01
    8.11131775e-01 2.44568855e-01 8.42867494e-02 8.74505699e-01
    6.70870900e-01 3.04852128e-01 6.89671993e-01 7.90265441e-01
    6.97553754e-02 6.06841981e-01 7.39237964e-01 7.78255582e-01
    3.97821486e-01 6.96313381e-01 8.00850511e-01 9.01011944e-01
    7.86058843e-01 6.77343011e-01 3.43769014e-01 5.18748105e-01
    3.81289870e-01 8.81764889e-01 7.63034225e-01 2.16503948e-01
    2.66271204e-01 3.21530282e-01 8.09680998e-01 8.84211779e-01
    9.77318883e-01 5.64193428e-01 8.09368968e-01 9.69429791e-01
    3.29955488e-01 3.39060307e-01 9.70269144e-01 1.03935778e-01
    3.74066144e-01 9.99647021e-01 4.56282109e-01 8.95872951e-01
    9.59756255e-01 9.10946608e-01 3.50480795e-01 2.10976124e-01
    4.89110440e-01 2.94966519e-01 5.77143192e-01 2.60877728e-01
    7.88749933e-01 1.73878998e-01 2.28662312e-01 7.79642582e-01
    7.09533691e-04 4.43055987e-01 4.59784329e-01 3.37379307e-01
    1.77760124e-02 4.60249126e-01 8.29505026e-02 8.77839863e-01
    4.07484055e-01 4.33633447e-01 2.58790016e-01 1.89455211e-01
    5.69061935e-01 8.41623664e-01 2.82025337e-01 3.05478007e-01
    7.41455197e-01 8.42329621e-01 1.85125768e-02 6.67044103e-01
    1.62698865e-01 5.04678428e-01 6.32820129e-01 4.67535347e-01
    1.26346648e-02 8.02430511e-01 8.67604256e-01 2.34545767e-01
    2.84954488e-01 5.56324542e-01 3.48565578e-02 4.92833942e-01
    4.31043506e-01 1.66299701e-01 1.01847947e-01 2.46093810e-01
    7.01984227e-01 1.08596981e-02 5.10643840e-01 3.80658060e-01
    3.81060243e-01 2.44068623e-01 7.93974459e-01 1.70846641e-01
    1.21098965e-01 8.74691606e-02 7.57329226e-01 2.19487906e-01
    5.30115724e-01 9.79366541e-01 6.23524725e-01 8.66799295e-01
    7.01747835e-01 2.18464226e-01 5.27812898e-01 6.10427797e-01
    6.73561692e-01 3.22375715e-01 2.02527016e-01 5.65009594e-01
    7.82047629e-01 6.75119758e-01 6.89854920e-02 9.72527146e-01
    8.26683044e-01 8.15397084e-01 7.19269276e-01 6.92490935e-02
    7.73086071e-01 4.51927572e-01 7.93836117e-01 7.16242194e-01
    1.48907572e-01 1.12998992e-01 9.71682250e-01 9.20225620e-01
    8.47872376e-01 7.41420984e-01 5.14257669e-01 6.48736060e-01
    3.41656953e-01 4.91239339e-01 3.71864438e-01 9.45966363e-01
    8.43369007e-01 2.53722787e-01 6.15828931e-02 1.72266632e-01
    6.81371748e-01 9.14653063e-01 2.06972390e-01 6.13250732e-01
    9.10030127e-01 2.32181549e-01 2.26526648e-01 1.15952134e-01
    5.15871644e-01 1.48398608e-01 1.64980471e-01 7.39795864e-01
    2.66036749e-01 7.20755816e-01 5.56776047e-01 9.45951581e-01
    4.03334171e-01 6.77480996e-01 3.86103541e-01 6.73323870e-01
    1.16191506e-02 3.80320251e-02 1.82433039e-01 4.85761344e-01
    8.05827022e-01 5.50977707e-01 8.64588618e-01 3.62889498e-01
    3.75265390e-01 5.78821242e-01 4.95803714e-01 3.88110727e-01
    9.86724496e-01 5.41788340e-01 5.87989092e-01 5.98104000e-01
    4.81547952e-01 8.68448734e-01 3.54602396e-01 1.71635300e-01
    9.14538503e-02 3.60422432e-01 5.26535451e-01 3.20714653e-01
    7.13907719e-01 2.98172355e-01 4.68496948e-01 3.31326306e-01
    8.82639647e-01 1.06818229e-01 7.34459937e-01 7.84076333e-01
    9.27055120e-01 1.78398132e-01 7.92914748e-01 2.74253458e-01
    6.22079074e-01 6.21443510e-01 1.11043185e-01 6.16071999e-01
    8.81226957e-01 7.19280303e-01 9.39336360e-01 4.28579092e-01
    2.15198159e-01 5.95378041e-01 1.22905195e-01 4.02560413e-01
    1.39912933e-01 2.84893215e-01 6.24492168e-01 9.74707007e-01
    4.74701107e-01 2.40853280e-01 5.34723282e-01 7.85809696e-01
    1.81306243e-01 3.33196402e-01 8.14947248e-01 2.22925842e-02
    5.85345864e-01 8.33457708e-01 1.61164939e-01 2.20473289e-01
    7.50313997e-01 1.14571214e-01 2.60809064e-02 8.16553712e-01
    4.47406203e-01 8.47452760e-01 5.40973485e-01 6.91711724e-01
    2.79168487e-01 6.68060601e-01 6.15644634e-01 5.18395841e-01
    6.37367845e-01 8.17247510e-01 6.57968223e-02 7.43210077e-01
    9.57378268e-01 7.74761260e-01 1.91505879e-01 1.26909405e-01
    8.07046235e-01 9.88851547e-01 7.62873292e-01 5.76963007e-01
    9.00638700e-01 2.43007272e-01 5.33971608e-01 6.35346532e-01
    2.62715042e-01 1.48477167e-01 8.07925820e-01 7.96456337e-01
    4.05700564e-01 7.61179209e-01 8.89958084e-01 2.37168550e-01
    5.17879128e-01 2.36475497e-01 3.10016990e-01 9.46606755e-01
    8.95730019e-01 5.58060229e-01 9.15369272e-01 1.54583246e-01
    6.54667735e-01 8.06602836e-02 6.48717582e-02 7.75894880e-01
    5.20871401e-01 5.07255852e-01 6.98774397e-01 1.49291128e-01
    7.06562579e-01 3.43325734e-01 3.23600292e-01 1.06682479e-01
    6.07153654e-01 5.30362010e-01 9.82906520e-02 3.74654949e-01
    1.72478497e-01 7.02471197e-01 5.24083078e-02 1.71101183e-01
    1.32108241e-01 7.51679540e-01 7.86090493e-02 6.28066123e-01
    2.65967548e-01 5.68338573e-01 4.65138704e-01 7.60426760e-01
    5.74844062e-01 3.90972972e-01 7.85308301e-01 4.62814540e-01
    8.97733092e-01 7.97247946e-01 2.39175230e-01 2.99438715e-01
    6.23919666e-01 6.83882117e-01 1.54947788e-01 3.57536823e-01
    9.88055229e-01 1.78556979e-01 7.80535936e-01 5.53543866e-02
    1.93505347e-01 1.60856187e-01 5.20315409e-01 3.42566282e-01
    5.54858446e-01 7.24427342e-01 4.44831520e-01 7.29473114e-01
    7.86114216e-01 2.61463791e-01 4.46091354e-01 9.33642864e-01
    9.29948986e-01 1.27929598e-01 5.29060245e-01 6.99523330e-01
    4.77581233e-01 7.33831763e-01 7.56004393e-01 9.96247530e-01
    3.80591571e-01 8.62601817e-01 3.55363429e-01 9.79181886e-01
    7.06322193e-01 4.34121907e-01 9.41817880e-01 6.25039816e-01
    3.95523340e-01 7.67527342e-01 9.62228179e-02 5.08783996e-01
    9.90099370e-01 3.89109135e-01 1.55401856e-01 5.07351577e-01
    3.32394302e-01 3.83634478e-01 7.62548566e-01 1.06064677e-02
    9.52786088e-01 9.49387670e-01 7.82346010e-01 9.84948874e-01
    8.93942118e-01 7.97398448e-01 9.25902426e-01 5.79850733e-01
    5.41610360e-01 2.67043710e-02 6.65135145e-01 1.27726942e-01
    2.63298988e-01 9.85837877e-01 5.66758394e-01 8.89803171e-02
    3.84421408e-01 3.50042701e-01 1.98238432e-01 8.66761684e-01
    7.13489056e-01 9.54564750e-01 9.24252152e-01 1.10527009e-01
    8.92966032e-01 8.43430340e-01 7.46910989e-01 7.80364156e-01
    4.92841423e-01 1.07267112e-01 3.98511291e-02 3.29497933e-01
    8.21243763e-01 2.11297274e-01 7.36343741e-01 3.46827388e-01
    8.58339965e-01 9.82150495e-01 4.03004974e-01 1.59404963e-01
    4.65052873e-01 5.40180445e-01 9.03195262e-01 3.01189661e-01
    6.33991063e-02 4.74412560e-01 7.31116056e-01 4.38032389e-01
    8.27806175e-01 5.85690677e-01 7.40101397e-01 8.95059705e-01
    2.18989402e-01 9.00824666e-02 9.96473551e-01 1.35895312e-02
    5.52564740e-01 9.79588807e-01 8.72028768e-01 6.12844884e-01
    4.58646834e-01 8.46794367e-01 1.74306780e-01 5.86717844e-01
    2.32184142e-01 7.74669528e-01 9.72659111e-01 4.06231999e-01
    3.94892007e-01 1.37245357e-02 4.00772840e-01 8.14677417e-01
    7.24563241e-01 5.09986043e-01 8.23864341e-02 9.29120719e-01
    3.69858742e-01 2.53499985e-01 9.33917165e-01 7.38055110e-01
    4.32766795e-01 2.49057114e-01 6.78166747e-01 4.78060097e-01
    3.63092899e-01 8.92491281e-01 1.84666187e-01 9.60208476e-01
    9.83855724e-01 6.23270571e-01 9.92728412e-01 8.29025686e-01
    3.62791181e-01 1.59985691e-01 5.69364905e-01 2.56961286e-02
    1.46543860e-01 3.58257353e-01 2.12437093e-01 4.79408085e-01
    5.30730724e-01 2.04492360e-01 8.34292650e-01 2.98769414e-01
    5.44025719e-01 5.71703613e-02 2.88416058e-01 3.49565387e-01
    8.61947894e-01 3.36385548e-01 8.79516184e-01 9.64205503e-01
    4.26876843e-02 9.20416594e-01 3.95788729e-01 9.09415245e-01
    8.23997140e-01 4.20805693e-01 4.54084516e-01 7.76732385e-01
    9.05326009e-02 5.71829975e-01 3.70247096e-01 4.78678346e-01
    5.59656858e-01 1.63737774e-01 6.40295923e-01 9.46161032e-01
    5.33684194e-02 2.82448262e-01 7.57912755e-01 3.67661566e-01
    5.05813479e-01 9.39324737e-01 3.92850101e-01 7.78918505e-01
    3.44976842e-01 4.79961663e-01 7.45957613e-01 5.03947318e-01
    1.33127689e-01 4.40894634e-01 9.67860103e-01 1.14158899e-01
    4.29685622e-01 2.59100437e-01 9.56556559e-01 7.25721657e-01
    2.74045169e-01 1.20337576e-01 9.78876829e-01 8.74806702e-01
    4.68280911e-03 3.39963794e-01 3.38787585e-01 7.61959434e-01
    2.75570750e-01 3.01759005e-01 1.55461997e-01 1.67212635e-01
    9.50471461e-02 4.36837554e-01 5.71769178e-01 3.59643370e-01
    3.56565714e-02 8.19272697e-02 5.60441554e-01 3.46967041e-01
    5.83270133e-01 2.18512058e-01 3.28555763e-01 1.90303445e-01
    9.09312129e-01 4.16885674e-01 7.86866605e-01 1.43387377e-01
    1.32950544e-02 3.71743679e-01 9.88251567e-01 7.38519609e-01
    8.62984538e-01 7.53633380e-01 2.82817960e-01 5.53604066e-02
    5.20720184e-02 2.21253425e-01 3.91841561e-01 6.95409775e-01
    1.67001545e-01 8.46787333e-01 3.54973376e-02 2.58013129e-01
    7.32226312e-01 3.95505816e-01 7.72779942e-01 1.29763722e-01
    6.74666047e-01 9.95220244e-01 7.66219795e-01 7.90594518e-01
    6.87146425e-01 4.71676290e-02 7.06244946e-01 4.81545866e-01
    9.58292782e-02 7.83735156e-01 4.38225448e-01 6.29054844e-01
    6.74560785e-01 1.17504954e-01 5.55584371e-01 6.61769629e-01
    1.15376025e-01 5.30437112e-01 7.52405465e-01 4.71053034e-01
    7.29394436e-01 4.57511008e-01 1.13051057e-01 4.93312657e-01
    1.76438600e-01 8.72516453e-01 1.92091376e-01 5.96700907e-01
    4.87695634e-02 8.24981987e-01 3.41123044e-01 8.30176353e-01
    5.05199015e-01 7.97954321e-01 4.09350276e-01 8.65654230e-01
    1.46727026e-01 5.77647686e-01 7.82991886e-01 9.70700502e-01
    8.14957500e-01 4.42528486e-01 2.46916324e-01 7.35947371e-01
    6.02373719e-01 1.92439198e-01 8.10227633e-01 8.43663394e-01
    4.07083780e-01 8.51604044e-01 1.41454786e-01 6.74087048e-01
    7.45640099e-01 3.37145776e-01 3.90697420e-01 9.36279535e-01
    5.68125725e-01 5.24809122e-01 9.29517031e-01 7.62245834e-01
    3.15725088e-01 4.99457359e-01 1.26361310e-01 5.56365848e-01
    9.56500053e-01 1.79423988e-02 4.00630414e-01 8.92152250e-01
    1.77130103e-01 4.84899491e-01 3.46700430e-01 7.91305304e-01
    9.42609072e-01 1.10364974e-01 3.82611156e-02 7.98465490e-01
    7.49853134e-01 9.86064672e-02 7.35059857e-01 8.28581512e-01
    3.53726178e-01 8.52108896e-01 2.75497109e-01 2.28976995e-01
    6.22741878e-01 5.80700576e-01 2.02222437e-01 9.71207023e-03
    5.47813714e-01 5.97291052e-01 2.95886606e-01 9.26288545e-01
    8.34231019e-01 7.07970083e-01 1.30888015e-01 5.76636195e-01
    5.17680407e-01 5.95796168e-01 6.66557372e-01 6.58547997e-01
    2.95030653e-01 7.98996329e-01 4.68164384e-01 4.85436350e-01
    5.92868567e-01 4.45457935e-01 6.54876232e-01 9.66751456e-01
    3.28206569e-01 6.86918974e-01 6.79669082e-01 3.01002860e-02
    9.03585255e-01 2.80861735e-01 3.20589304e-01 4.88549054e-01
    3.23942006e-02 3.44472945e-01 4.71374005e-01 2.92213857e-01
    6.68064356e-01 1.04273170e-01 7.08821654e-01 1.38219327e-01
    4.04913098e-01 1.32127374e-01 9.13179159e-01 6.57830715e-01
    8.23734939e-01 3.29326272e-01 1.45308316e-01 1.99427456e-01
    7.12398946e-01 7.39081979e-01 9.57649469e-01 9.88055766e-02
    3.02547544e-01 1.57138646e-01 8.38762283e-01 2.00478345e-01
    8.90405476e-02 9.00273085e-01 5.44385016e-01 8.12189877e-01
    5.61098754e-01 7.84078598e-01 6.85411274e-01 7.08515525e-01
    1.51395380e-01 1.58394992e-01 5.57582378e-01 3.34381461e-01
    6.06188416e-01 6.73617840e-01 4.75969255e-01 5.67515135e-01
    5.82214355e-01 4.19911951e-01 5.07626235e-01 8.27794850e-01
    8.49828005e-01 5.14170468e-01 2.39378512e-02 8.56402218e-02
    3.60969067e-01 1.25013620e-01 7.07053781e-01 2.52929538e-01
    8.00502419e-01 4.90338922e-01 3.72393459e-01 6.84769392e-01
    9.73215699e-01 1.51400357e-01 5.75286508e-01 2.57913768e-01
    1.04514271e-01 9.95646536e-01 6.62096262e-01 5.05503535e-01
    2.86010563e-01 5.83042979e-01 7.46851563e-01 6.00548983e-02
    2.12702155e-02 8.69697213e-01 4.80807632e-01 3.29708129e-01
    5.77838361e-01 9.90824282e-01 2.51629949e-01 3.29283655e-01
    5.22694647e-01 6.37184501e-01 7.00802803e-02 8.79186571e-01
    6.30862951e-01 1.69201940e-01 8.26707065e-01 5.49990714e-01
    8.24484468e-01 6.70829952e-01 6.09314919e-01 5.69280624e-01
    5.61979294e-01 4.77923930e-01 9.30657268e-01 7.33561695e-01
    5.69803476e-01 5.19141436e-01 3.63286525e-01 6.70069635e-01
    6.20283127e-01 2.56936550e-02 4.06842232e-01 6.39062524e-02
    9.31379676e-01 8.15072060e-01 1.47725880e-01 8.30718994e-01
    4.21754181e-01 3.27219903e-01 6.43601418e-01 5.62915981e-01
    5.41573942e-01 9.38966811e-01 9.22431529e-01 1.84074521e-01
    1.09598279e-01 3.01455230e-01 2.25216061e-01 9.68266666e-01
    8.80387127e-01 3.36233675e-02 9.23569977e-01 7.64764547e-02
    3.88269722e-02 3.12501132e-01 6.33158684e-02 5.54967940e-01
    3.30899894e-01 5.41381240e-02 3.44529092e-01 7.96903133e-01
    9.48607981e-01 3.45892131e-01 1.38250232e-01 4.67099667e-01
    8.48241806e-01 1.70912415e-01 3.76188129e-01 5.03237724e-01
    3.94371450e-02 8.82336617e-01 6.38730288e-01 8.02016795e-01
    3.97767007e-01 7.12579489e-01 2.00738549e-01 2.81838536e-01
    5.41294038e-01 6.39599264e-01 1.56696647e-01 2.01726675e-01
    7.18947351e-01 6.99046254e-03 5.52874863e-01 1.99927270e-01
    5.51148832e-01 6.04469121e-01 4.74973917e-01 9.57777739e-01
    3.27192605e-01 5.18055856e-01 7.73322463e-01 1.29093230e-02
    6.26416206e-02 8.10645461e-01 8.84854674e-01 5.21616697e-01
    8.15491199e-01 9.35296416e-02 4.09110785e-01 2.77528107e-01
    6.33784711e-01 1.75194263e-01 4.29416597e-01 3.90547037e-01
    5.62692344e-01 3.13968182e-01 8.13787222e-01 9.03815627e-01
    7.89744854e-01 4.24430192e-01 3.93982619e-01 5.04767478e-01
    1.70592278e-01 7.61829972e-01 4.01991606e-01 3.21542561e-01
    4.00152862e-01 8.60762179e-01 1.72857642e-01 6.92519844e-02
    1.00648165e-01 5.03876507e-02 1.67483777e-01 6.82592213e-01
    5.36859334e-01 9.35504079e-01 5.77892065e-01 3.96468729e-01
    4.07466918e-01 1.13522559e-01 7.89422512e-01 8.22391927e-01
    5.77741861e-02 8.30949545e-01 5.87346613e-01 4.58718061e-01
    9.81880069e-01 5.43576181e-01 5.26537716e-01 7.27617443e-01
    9.08057213e-01 8.33355725e-01 5.48793674e-01 9.67748880e-01
    1.90594882e-01 4.97126549e-01 5.07607162e-02 8.87479782e-01
    4.14329499e-01 4.64976877e-01 3.62930566e-01 4.24863994e-02
    4.78207171e-01 7.12584615e-01 2.94882059e-01 2.11493671e-01
    4.47678715e-01 2.19772518e-01 1.78158700e-01 2.29918659e-02
    3.55164409e-01 6.22659564e-01 3.03027332e-01 2.16881543e-01
    4.88503695e-01 7.45374441e-01 1.88171864e-01 1.62548363e-01
    6.56739295e-01 4.77184206e-01 6.97156012e-01 3.33789110e-01
    1.05282873e-01 5.63940406e-02 2.35573560e-01 3.47756982e-01
    2.62717009e-01 3.85570526e-02 3.95041466e-01 8.89362216e-01
    2.75101364e-02 3.09321135e-01 1.68636829e-01 6.30666018e-02
    9.01208997e-01 4.05030251e-01 7.52887726e-01 4.52019125e-01
    9.48097110e-02 4.55258787e-02 6.16133094e-01 7.03650415e-02
    7.01985776e-01 7.62038469e-01 9.22340453e-01 1.57308310e-01
    3.67785633e-01 7.08717406e-02 5.91902971e-01 9.68801618e-01
    5.52442312e-01 7.78180122e-01 6.88897610e-01 4.25437093e-01
    3.00197929e-01 4.91768539e-01 3.59242260e-01 8.51204932e-01
    2.54675448e-01 2.66142756e-01 5.57196379e-01 7.66754150e-03
    7.00573921e-01 1.08368695e-01 2.01061130e-01 5.20686567e-01
    6.13357782e-01 2.27612257e-03 1.73980862e-01 9.24384594e-01
    3.48115921e-01 1.92143202e-01 2.60235429e-01 4.36272979e-01
    2.66301632e-01 7.22996294e-01 9.96092558e-01 2.10941881e-01
    2.58458912e-01 5.56867421e-01 9.55604076e-01 3.83970946e-01
    3.38514358e-01 9.04600203e-01 9.87922847e-02 1.87279075e-01
    5.40962815e-01 1.54200137e-01 3.85384649e-01 4.67946142e-01
    8.43495548e-01 3.36393833e-01 4.92028147e-01 7.77206600e-01
    2.22516328e-01 2.89142370e-01 3.65773052e-01 7.22843468e-01
    7.93332160e-02 7.54840672e-01 8.19381714e-01 3.53100240e-01
    7.11819589e-01 3.19911808e-01 2.32731104e-01 8.76898170e-01
    9.19088423e-01 6.37572289e-01 9.78313982e-02 4.69039083e-01
    8.34345698e-01 1.39043510e-01 2.25743443e-01 3.46300900e-01
    6.02314532e-01 6.11085773e-01 5.13274074e-01 7.58511305e-01
    6.21283233e-01 7.63361454e-01 4.59686518e-02 8.11194181e-02
    1.70004249e-01 4.21852857e-01 2.92371333e-01 6.39613807e-01
    1.77506328e-01 3.63481760e-01 4.88642395e-01 7.91078448e-01
    4.83771920e-01 4.79429513e-01 1.11997724e-01 2.92511612e-01
    4.71470058e-02 8.64889860e-01 1.44009233e-01 1.71211362e-02
    3.20828468e-01 1.42733961e-01 2.50490397e-01 7.32563674e-01
    4.99876499e-01 7.18313932e-01 2.64153779e-02 2.01342404e-01
    1.62263334e-01 9.85956311e-01 3.72266769e-02 3.80589962e-02
    2.78795063e-01 8.20039868e-01 3.08232725e-01 5.76296926e-01
    1.09539837e-01 6.30582094e-01 4.33045238e-01 7.72208214e-01
    9.26683545e-01 1.42620593e-01 2.89032638e-01 7.79996991e-01
    4.08561021e-01 2.79265225e-01 8.31049800e-01 6.64020479e-01
    8.38487744e-02 6.37701452e-01 2.43526608e-01 6.60399258e-01
    4.89049017e-01 6.96329057e-01 4.65666920e-01 6.89031184e-02
    4.56887007e-01 4.77199465e-01 2.23337859e-01 9.34621692e-03
    1.94302112e-01 5.80614507e-01 7.91611791e-01 4.43688363e-01
    5.83965003e-01 4.30817306e-02 8.30847859e-01 9.75994349e-01
    6.59514427e-01 8.06440830e-01 7.04821110e-01 5.52861273e-01
    7.26189137e-01 6.05394423e-01 5.55056632e-01 2.01904058e-01
    3.71299505e-01 7.13441849e-01 5.82952917e-01 6.37226701e-01
    1.55609876e-01 7.29875565e-02 7.75057375e-01 9.79791284e-01
    2.64422804e-01 9.77773786e-01 5.91423333e-01 2.46607125e-01
    2.76153862e-01 3.03093731e-01 5.91002345e-01 8.80281270e-01
    4.05888438e-01 2.32085675e-01 9.80539024e-01 6.67645693e-01
    8.10458064e-01 3.58136594e-02 5.03599346e-02 7.26041019e-01
    7.61875033e-01 2.52441049e-01 9.42277610e-01 7.73726344e-01
    7.41961122e-01 3.89974385e-01 3.63117605e-01 4.99229312e-01
    2.88624346e-01 7.61914492e-01 8.05995107e-01 3.63593757e-01
    1.05567843e-01 6.10758543e-01 1.31208777e-01 6.62994623e-01
    4.51501310e-01 4.85921204e-01 6.29126787e-01 9.61494446e-02
    8.14455807e-01 1.67679042e-01 8.17650259e-01 8.62123728e-01
    2.88850367e-01 7.89588869e-01 6.93809569e-01 9.19812799e-01
    5.47524393e-02 7.96293974e-01 5.99762142e-01 5.61832726e-01
    2.22243637e-01 3.46132517e-01 7.51497746e-01 4.88688529e-01
    5.71861267e-02 2.10792899e-01 9.14281964e-01 3.73436391e-01
    9.87060964e-01 4.37285602e-01 3.80473018e-01 4.70895588e-01
    1.07559651e-01 8.07113945e-02 9.98558998e-02 1.39219999e-01
    6.09231830e-01 9.79955733e-01 6.37393355e-01 8.49418342e-01
    6.01168036e-01 2.04128087e-01 9.67006266e-01 4.58897322e-01
    8.38945985e-01 4.29240018e-01 8.98162484e-01 4.54307795e-01
    8.58685136e-01 6.34292245e-01 9.75911438e-01 4.13796633e-01
    2.05263227e-01 2.98087090e-01 4.14293677e-01 8.41921270e-01
    8.73107076e-01 2.00277954e-01 6.75116837e-01 9.46227491e-01
    9.85643268e-01 1.90464199e-01 8.21619630e-01 6.50412440e-01
    1.39091611e-02 6.04938090e-01 3.22524548e-01 1.93602502e-01
    4.68936771e-01 7.30259776e-01 1.23791993e-01 2.78912902e-01
    8.73104453e-01 2.20620722e-01 8.01397324e-01 3.58689249e-01
    2.04356253e-01 7.46713281e-01 2.80264974e-01 9.05952096e-01
    6.13928139e-02 8.89679551e-01 9.27864969e-01 8.85826290e-01
    5.14736176e-01 2.59276628e-01 1.69287562e-01 2.70702839e-01
    1.90170527e-01 6.62518144e-01 1.24295235e-01 5.29304683e-01
    1.51576728e-01 1.11409009e-01 5.33085942e-01 9.52532649e-01
    4.58699971e-01 4.90728050e-01 1.65234149e-01 9.98290122e-01
    4.04252589e-01 3.73314798e-01 4.40914810e-01 7.12226748e-01
    9.80867147e-02 7.63629079e-01 4.06713068e-01 7.32337236e-01
    3.04265440e-01 4.19509798e-01 7.07953334e-01 2.92633772e-02
    6.75080061e-01 5.50546587e-01 9.92109656e-01 3.72685850e-01
    3.44600379e-01 4.86277580e-01 1.37920409e-01 6.93800986e-01
    8.44743073e-01 2.59793848e-01 4.75738943e-01 7.84694910e-01
    1.83476508e-02 2.77569473e-01 5.16660571e-01 7.85482764e-01
    5.38414955e-01 9.45515633e-01 1.03317797e-01 5.93062341e-02
    9.02140737e-01 3.86173934e-01 7.66887188e-01 2.99687266e-01
    8.30056667e-01 2.42627501e-01 2.44161457e-01 7.89661169e-01
    7.51699924e-01 8.20439100e-01 5.27707934e-01 3.76478672e-01
    7.08787680e-01 5.70178866e-01 4.89238888e-01 5.36157310e-01
    6.67358458e-01 5.00973105e-01 3.04565966e-01 3.76461238e-01
    4.01061147e-01 9.83064711e-01 1.17553324e-01 4.52397466e-01
    2.13138968e-01 3.03542018e-01 9.78825748e-01 9.45187747e-01
    3.93571615e-01 4.06112880e-01 1.46897823e-01 1.28577769e-01
    2.88693190e-01 8.33953321e-02 4.95825380e-01 2.76822031e-01
    5.89444160e-01 5.72103381e-01 4.34329748e-01 6.66425943e-01
    8.67467284e-01 1.15922391e-02 3.72088373e-01 2.17894703e-01
    3.74970973e-01 7.58216143e-01 7.96943009e-01 9.33585048e-01
    4.00861442e-01 9.21542525e-01 1.17383182e-01 8.95549357e-02
    2.58211672e-01 3.45477492e-01 3.68207455e-01 4.30553496e-01
    4.86356050e-01 1.31975174e-01 7.62489676e-01 3.11886966e-01
    2.03233808e-01 2.31235951e-01 8.37443173e-01 1.65435553e-01
    8.71890903e-01 3.53986412e-01 7.55692244e-01 5.29692173e-01
    9.61884975e-01 5.80849826e-01 3.83852273e-01 1.45702839e-01
    2.91099250e-02 2.46243775e-01 3.02048028e-01 2.46693075e-01
    2.55885899e-01 6.49917245e-01 6.36461556e-01 7.48549819e-01
    2.26300359e-02 3.68761301e-01 7.72647858e-01 5.00736773e-01
    5.62795520e-01 7.78748214e-01 9.22026396e-01 6.62740827e-01
    8.83470774e-01 5.78270674e-01 1.63038999e-01 1.36070549e-02
    3.26245964e-01 6.84159279e-01 1.97762698e-01 1.13419533e-01
    3.29675198e-01 4.51450467e-01 1.67639047e-01 7.47332335e-01
    3.57702076e-01 4.40277964e-01 3.44190419e-01 9.19209659e-01
    6.59984827e-01 7.31308818e-01 1.01236105e-01 9.87324715e-02
    9.05041099e-01 5.23341000e-01 7.11623311e-01 9.09196258e-01
    3.35434139e-01 6.26584530e-01 2.84899503e-01 7.94122934e-01
    6.02738976e-01 3.27819824e-01 4.17999566e-01 7.15827048e-02
    4.66976881e-01 2.61117458e-01 4.00340557e-03 5.69730282e-01
    6.02031589e-01 5.68105936e-01 3.88842881e-01 7.23750830e-01
    3.92104328e-01 9.59827363e-01 5.43948650e-01 3.04729491e-01
    6.94080710e-01 8.34910154e-01 3.89614999e-01 7.02808619e-01
    1.08768076e-01 4.62000698e-01 5.04037976e-01 7.68419027e-01
    7.42484748e-01 1.99443579e-01 8.44007611e-01 2.20671594e-01
    3.15999746e-01 6.11022711e-02 5.79164624e-01 1.88454658e-01
    3.98404628e-01 7.49256432e-01 3.34359735e-01 8.64738226e-02
    9.96154547e-01 7.07180083e-01 3.81608188e-01 4.58710194e-01
    2.80881107e-01 2.63539255e-02 7.38698483e-01 4.77911770e-01
    5.01766980e-01 5.43434501e-01 8.40409040e-01 8.61326635e-01
    7.53257573e-01 7.66501665e-01 7.18767405e-01 9.79870558e-04
    5.16143858e-01 5.60932457e-02 7.62420058e-01 4.88608748e-01
    8.59842122e-01 9.87450480e-01 7.32866883e-01 9.92961764e-01
    6.73474789e-01 6.28726244e-01 6.41856790e-01 3.07853878e-01
    7.80430019e-01 3.10513437e-01 9.26598072e-01 8.16425204e-01
    3.57872427e-01 3.13017875e-01 4.08580810e-01 6.08912706e-02
    7.85303950e-01 3.12499762e-01 3.17076743e-02 6.22480273e-01
    6.51876450e-01 2.51716912e-01 4.09663200e-01 8.08456659e-01
    9.97660458e-02 9.11547899e-01 9.26798224e-01 7.94165850e-01
    2.59180307e-01 6.45744205e-01 4.45235461e-01 6.50369227e-02
    2.73741543e-01 9.96262372e-01 9.87857342e-01 5.65752208e-01
    2.75511801e-01 3.50645304e-01 5.93485713e-01 6.51839256e-01
    7.80002713e-01 5.62076092e-01 8.21676910e-01 7.49167264e-01
    5.68711460e-01 7.70680845e-01 7.87974954e-01 3.59286666e-02
    9.94319439e-01 9.72508192e-01 5.97282350e-01 7.37756252e-01
    6.47979975e-01 3.85228008e-01 5.14802635e-01 8.86997104e-01
    2.68767804e-01 3.35028470e-01 8.67383718e-01 1.30787015e-01
    2.85738379e-01 4.09796953e-01 9.52184439e-01 5.57719231e-01
    7.53877759e-01 7.02994168e-02 9.16992068e-01 2.84575999e-01
    2.89962888e-01 1.67897105e-01 3.25226605e-01 8.98633718e-01
    9.42579031e-01 5.21361828e-02 4.18374568e-01 6.69454217e-01
    7.32475162e-01 9.10618067e-01 1.82098448e-01 4.33063954e-01
    8.12720180e-01 4.84045476e-01 5.49629450e-01 4.28060234e-01
    1.33902133e-01 8.60021055e-01 1.94520444e-01 1.10642254e-01
    5.06659448e-02 6.68053508e-01 1.41718179e-01 3.58276844e-01
    9.04039800e-01 6.81822538e-01 2.03398734e-01 5.30545652e-01
    1.51700735e-01 6.48420811e-01 8.32708001e-01 9.37245965e-01
    9.67835963e-01 4.66882020e-01 6.69260025e-02 4.28949118e-01
    5.31787395e-01 9.96558189e-01 4.08370823e-01 8.96628857e-01
    4.33153033e-01 4.89333272e-01 9.08368349e-01 7.32810378e-01
    4.86255318e-01 8.22607696e-01 2.75462031e-01 1.22120887e-01
    4.66909766e-01 8.29741955e-02 9.74829912e-01 1.48296386e-01
    5.43564141e-01 6.40092850e-01 7.25033283e-01 4.49678004e-02
    6.58375561e-01 5.81741333e-01 3.64263266e-01 3.84768307e-01
    5.86376190e-01 8.60442638e-01 8.26761603e-01 4.46399897e-01
    3.29392552e-01 9.64708447e-01 6.44506931e-01 4.91581917e-01
    8.95549595e-01 5.56684494e-01 6.13862991e-01 7.99446225e-01
    3.06617737e-01 4.58841980e-01 4.49426562e-01 4.68584895e-01
    4.24783587e-01 6.47867978e-01 6.83258951e-01 8.04031730e-01
    5.71407497e-01 6.72742248e-01 5.77527046e-01 8.10854793e-01
    1.86772108e-01 7.42897689e-01 3.16496879e-01 9.89279270e-01
    3.78971934e-01 9.25690055e-01 4.11174953e-01 9.51301515e-01
    1.48749560e-01 1.21203721e-01 5.64880013e-01 5.31121790e-01
    7.91272640e-01 3.43743682e-01 2.15420246e-01 8.76568198e-01
    8.87996078e-01 5.15772104e-01 9.68135536e-01 9.47361827e-01
    5.94652653e-01 8.44520092e-01 5.69306016e-01 5.70601821e-01
    1.11883879e-01 3.66592675e-01 6.69670522e-01 4.18373406e-01
    8.63950133e-01 1.63784057e-01 3.53380233e-01 7.72691667e-02
    9.94011998e-01 2.30910540e-01 3.18433434e-01 7.54188061e-01
    2.39785522e-01 4.52645123e-01 5.83210230e-01 9.94142056e-01
    6.31505132e-01 9.76581693e-01 3.95827681e-01 2.88532376e-01
    9.40292120e-01 3.25557232e-01 8.21029246e-02 1.69337124e-01
    8.00727010e-01 6.58003390e-01 8.45914066e-01 1.27155274e-01
    8.46676826e-02 9.00490761e-01 1.20581299e-01 7.09947824e-01
    9.76301670e-01 4.68029678e-01 4.65160877e-01 1.96162045e-01
    8.66702199e-01 4.21358228e-01 3.09008002e-01 8.96434486e-02
    6.50880098e-01 2.27314681e-01 7.69461989e-02 8.60861421e-01
    8.77441406e-01 1.68263614e-02 8.96034241e-01 2.83440858e-01
    3.94803733e-01 1.00848615e-01 8.17983985e-01 4.73304749e-01
    5.36846697e-01 1.18502557e-01 4.95510995e-01 5.59398770e-01
    9.93998528e-01 2.57864177e-01 3.83419216e-01 7.96047390e-01
    4.81875569e-01 1.73843980e-01 6.91795349e-03 8.74070764e-01
    3.10938597e-01 7.56996393e-01 4.16382700e-01 1.02189630e-01
    4.27826762e-01 4.37015384e-01 6.53502822e-01 3.86105776e-02
    6.67675257e-01 9.17757511e-01 2.98666537e-01 8.63111615e-01
    1.05099618e-01 4.05514240e-03 5.21912336e-01 6.26419425e-01
    2.67531395e-01 9.80910301e-01 7.30524361e-01 8.92791629e-01
    3.41522992e-01 4.46386665e-01 7.09516883e-01 5.65248609e-01
    4.44815218e-01 7.62972474e-01 7.63240874e-01 4.29934561e-01
    7.25688636e-02 1.01379961e-01 4.77150232e-01 4.18127924e-01
    6.75280094e-01 2.86249280e-01 2.22535312e-01 1.28808409e-01
    9.84932065e-01 6.13952518e-01 6.32191896e-01 7.82867193e-01
    3.05312872e-03 5.61303496e-02 9.74999487e-01 8.59218597e-01
    9.33121443e-01 2.25762993e-01 2.86007524e-02 3.38817149e-01
    1.80572331e-01 2.29972214e-01 5.80167830e-01 4.04363871e-03
    1.31389201e-02 2.41734475e-01 1.40724480e-02 6.96554780e-03
    8.24711561e-01 7.06209540e-01 7.39577234e-01 6.10525310e-02
    6.67066514e-01 5.45012355e-01 4.17670369e-01 9.71281648e-01
    1.84492141e-01 6.37103200e-01 3.68332207e-01 2.84988523e-01
    9.47364092e-01 3.10079157e-02 6.28361523e-01 5.92282534e-01
    9.22719359e-01 8.66716862e-01 4.44877148e-03 5.95076144e-01
    5.24835646e-01 6.24385953e-01 2.50550091e-01 2.35233486e-01
    5.82300961e-01 2.35109031e-01 6.04011714e-01 4.45009828e-01
    5.64554811e-01 7.03786314e-01 7.57809281e-02 3.94919813e-02
    5.04102409e-02 1.91388428e-01 3.08264017e-01 8.09211731e-01
    3.83928955e-01 5.75824022e-01 8.34933221e-02 1.71271861e-01
    1.18506938e-01 4.60435152e-01 2.57890522e-01 6.99081421e-01
    2.92378694e-01 3.65861475e-01 2.88875759e-01 9.38816488e-01
    9.75398779e-01 5.70253372e-01 2.52648294e-01 8.58619452e-01
    9.38121259e-01 9.17805552e-01 5.85435152e-01 9.48537707e-01
    6.40535414e-01 9.48678255e-01 1.21182561e-01 1.68276519e-01
    7.13593006e-01 9.69535410e-02 2.11827964e-01 5.86806715e-01
    3.57393086e-01 3.68693829e-01 5.35238624e-01 2.19795108e-01
    8.33471894e-01 4.97075021e-01 3.18184137e-01 4.94034141e-01
    2.37795293e-01 8.80525231e-01 5.70401728e-01 7.83187151e-01
    6.61297798e-01 1.41756713e-01 6.62784874e-02 4.38148558e-01
    9.46209669e-01 5.84159791e-02 5.20680010e-01 5.69593310e-01
    3.77391219e-01 9.74445045e-01 4.15395796e-02 1.69811547e-01
    8.45665395e-01 6.97875023e-02 2.40104407e-01 4.15641308e-01
    5.23648739e-01 3.77886206e-01 1.96951807e-01 2.13425726e-01
    2.53709197e-01 1.79816186e-01 2.42820382e-01 1.46965086e-02
    9.47489619e-01 1.56516135e-02 8.27502489e-01 9.04014587e-01
    3.73662233e-01 8.81779671e-01 1.94623262e-01 2.18022346e-01
    1.76369905e-01 9.38011289e-01 9.39861357e-01 4.84662652e-01
    4.38644886e-01 1.88760072e-01 8.08290064e-01 9.48799729e-01
    9.92290854e-01 2.07434297e-01 1.09546483e-01 5.47732651e-01
    4.68827009e-01 4.42231387e-01 6.03182614e-01 6.08855426e-01
    1.08670503e-01 7.69685745e-01 7.26365685e-01 8.02278280e-01
    2.08256394e-01 3.81512940e-01 4.23290551e-01 9.14962530e-01
    9.48321342e-01 6.08298540e-01 2.52523243e-01 3.59727859e-01
    8.27916861e-01 6.68036938e-03 6.45789742e-01 7.33969569e-01
    2.32390374e-01 4.50283945e-01 7.72548378e-01 9.65044320e-01
    9.07607079e-01 7.85491228e-01 8.60773325e-01 6.33064210e-02
    7.18782961e-01 6.14203930e-01 4.67686206e-01 8.66451859e-01
    7.41798520e-01 2.55138636e-01 2.10064471e-01 3.37260187e-01
    4.20950353e-01 7.97541142e-01 8.41182590e-01 6.80758953e-02
    3.74942482e-01 1.33957922e-01 5.38480878e-01 4.03736591e-01
    8.64811838e-01 7.71915019e-01 8.01173389e-01 9.15979505e-01
    4.08740938e-02 4.50251818e-01 5.22099078e-01 1.11630112e-01
    6.54887140e-01 6.84200048e-01 8.80919874e-01 5.18903732e-01
    7.64805794e-01 1.84110373e-01 4.34887677e-01 4.50042307e-01
    5.52459955e-02 9.35831904e-01 3.67478967e-01 8.66650105e-01
    8.50975156e-01 1.39392465e-01 4.50131774e-01 4.25089061e-01
    3.94781351e-01 5.06140530e-01 6.35306001e-01 3.54884923e-01
    6.52322352e-01 5.36956489e-01 7.16228724e-01 3.96662146e-01
    9.29548979e-01 2.35113651e-01 3.92806232e-02 7.79123902e-02
    7.48699367e-01 9.35838461e-01 5.15402079e-01 8.86906147e-01
    8.79080415e-01 6.24212027e-01 8.08227479e-01 5.06313860e-01
    2.82785177e-01 9.94189024e-01 6.33252203e-01 2.81524628e-01
    3.93362045e-02 4.37172294e-01 5.20809352e-01 4.81250912e-01
    5.21035135e-01 9.09187555e-01 2.74173260e-01 8.84508967e-01
    3.50167662e-01 2.42571026e-01 7.79423058e-01 6.92766011e-01
    9.65341866e-01 8.55435729e-02 1.47141308e-01 2.82667309e-01
    1.60490066e-01 8.82846117e-02 5.18876314e-03 8.56539726e-01
    2.87563801e-02 6.91324711e-01 8.08200955e-01 9.06666517e-01
    4.87597048e-01 4.28909034e-01 4.25379574e-01 4.93924320e-02
    1.00462377e-01 2.47117817e-01 7.64603257e-01 8.44696164e-03
    1.91896826e-01 8.80351841e-01 9.42222178e-01 8.09179306e-01
    6.05751097e-01 2.12134928e-01 9.11993623e-01 5.38859844e-01
    7.07138181e-01 4.14289415e-01 6.25678420e-01 2.68667698e-01
    9.87488091e-01 9.75041091e-02 7.24964559e-01 6.99176908e-01
    9.53554511e-01 5.57297647e-01 2.36640215e-01 4.53151852e-01
    5.00254333e-02 9.94294405e-01 7.80780554e-01 8.69763136e-01
    9.51286316e-01 8.14238429e-01 3.46337497e-01 2.34723747e-01
    8.86975408e-01 2.37031102e-01 4.76701409e-01 5.09570718e-01
    1.65897161e-01 1.00992829e-01 5.56429505e-01 8.88811231e-01
    6.26531601e-01 7.35661387e-01 6.87984705e-01 5.82687318e-01
    6.78487539e-01 3.19998711e-01 5.72510421e-01 5.23603201e-01
    2.66291082e-01 7.69623339e-01 6.27760887e-02 8.69370341e-01
    2.67088473e-01 2.92947590e-01 3.02730560e-01 8.27093959e-01
    7.64851213e-01 6.10190392e-01 6.31608129e-01 6.19723976e-01
    2.04205871e-01 1.79648995e-02 2.65127122e-01 3.83964330e-01
    2.45361298e-01 2.75252342e-01 4.28186387e-01 1.35056496e-01
    6.82436228e-01 7.69486904e-01 9.28958356e-02 2.14829534e-01
    1.70262188e-01 4.87967521e-01 9.84842777e-02 7.37506807e-01
    7.25523949e-01 2.71431446e-01 8.78631473e-01 6.09189451e-01
    6.21565521e-01 9.43238258e-01 6.64456010e-01 7.11333632e-01
    4.75258410e-01 3.73035669e-04 8.68090391e-01 4.98253942e-01
    6.08581007e-01 7.90724993e-01 9.37232137e-01 8.40823054e-01
    8.67035031e-01 5.82447648e-01 8.05248499e-01 9.03070688e-01
    3.63340259e-01 5.60409486e-01 1.08897418e-01 6.27358198e-01
    3.41077268e-01 6.60955608e-01 7.58014679e-01 7.19246626e-01
    9.82947230e-01 1.22166336e-01 8.60908628e-01 6.63703203e-01
    1.67459309e-01 5.43312192e-01 9.30490792e-02 4.04171765e-01
    5.33176780e-01 7.99045563e-01 7.10000336e-01 5.64219296e-01
    5.26176214e-01 6.27835870e-01 9.30119514e-01 5.91917157e-01
    3.67949605e-01 7.62048066e-02 9.19935703e-01 8.98163021e-01
    3.47860157e-02 9.06977773e-01 8.26259732e-01 5.64858854e-01
    7.10743546e-01 6.00312829e-01 1.16425753e-02 5.18913865e-01
    1.02873981e-01 9.49430108e-01 3.69210243e-02 9.51261640e-01
    2.30290771e-01 5.29793382e-01 8.23725343e-01 2.21639067e-01
    3.25954974e-01 4.70787317e-01 4.32353258e-01 6.24106526e-01
    7.22565532e-01 7.16267943e-01 4.78118658e-02 1.25510961e-01
    4.80450898e-01 7.23953903e-01 8.91364694e-01 7.30823636e-01
    8.78410935e-01 7.03804195e-02 5.03819585e-02 4.00342166e-01
    3.86197567e-01 3.16945314e-02 1.87231869e-01 3.11530352e-01
    1.01749212e-01 4.40611750e-01 4.78604138e-02 8.95173013e-01
    5.46244383e-01 6.60463452e-01 7.26361156e-01 6.65070891e-01
    2.21821189e-01 6.28576577e-02 2.52100825e-03 4.39294547e-01
    9.76740241e-01 5.64767003e-01 1.43328935e-01 1.11432463e-01
    5.32347322e-01 2.09191263e-01 4.36917901e-01 9.38475728e-01
    6.55553699e-01 2.11416423e-01 2.66121268e-01 6.76280499e-01
    7.28618324e-01 2.91434765e-01 7.59904087e-02 9.98027265e-01
    1.36880428e-01 1.91919029e-01 4.80008245e-01 4.15859520e-02
    2.34827310e-01 6.82614446e-01 8.09405386e-01 7.63907492e-01
    1.72759801e-01 7.73372889e-01 1.48532063e-01 8.61433029e-01
    7.20747352e-01 9.43954110e-01 4.40710783e-03 2.61660159e-01
    3.33772659e-01 1.32692665e-01 4.01794612e-02 2.53823400e-01
    2.70849645e-01 6.59515858e-02 8.48443866e-01 9.85725522e-01
    9.78870094e-01 2.48098969e-01 5.33942342e-01 4.90204722e-01
    5.08857369e-01 7.81523108e-01 2.99950361e-01 8.33803415e-01
    9.31982398e-01 1.12973452e-02 7.72473216e-01 5.84037781e-01
    5.62435627e-01 2.46703476e-01 1.76149309e-02 3.71979952e-01
    9.83051181e-01 4.28783596e-01 2.43802130e-01 4.27146852e-02
    7.80555069e-01 7.39266276e-01 3.80041629e-01 2.67211288e-01
    8.46984982e-03 1.24988526e-01 4.28369850e-01 3.59691292e-01
    5.16082823e-01 8.61131310e-01 4.63909209e-01 3.60933900e-01
    6.44488573e-01 6.97243512e-02 3.75115216e-01 2.10891575e-01
    3.43916476e-01 1.87534273e-01 2.93670714e-01 5.35767615e-01
    7.60246336e-01 1.41765893e-01 2.08502412e-02 2.34161615e-01
    8.63150835e-01 1.13355011e-01 3.95443887e-01 6.98442519e-01
    1.66437507e-01 2.78740883e-01 4.48325217e-01 7.80166984e-01
    5.56039155e-01 8.62699151e-01 5.93198240e-01 3.74929637e-01
    2.84975708e-01 4.77099448e-01 3.94470394e-01 1.07756555e-02
    2.08567768e-01 2.22117990e-01 3.56460333e-01 4.85860080e-01
    2.54677594e-01 3.82877290e-02 2.80710131e-01 2.73636997e-01
    6.03789985e-02 3.40352029e-01 6.80548251e-01 7.74427354e-01
    9.61169720e-01 7.71227121e-01 2.58087307e-01 1.66097462e-01
    9.32945967e-01 2.85702050e-02 5.81949234e-01 7.63713479e-01
    1.52779877e-01 2.77247578e-01 3.24429572e-02 5.58633566e-01
    9.72091198e-01 8.06644499e-01 7.20980763e-02 6.99626863e-01
    5.50245941e-01 9.98029709e-02 5.98191142e-01 3.96943182e-01
    1.50034547e-01 1.21721864e-01 3.29207659e-01 7.29335785e-01
    2.87672877e-01 4.05076653e-01 3.70635837e-01 1.66281283e-01
    3.51638317e-01 6.13910735e-01 3.22524428e-01 5.85962296e-01
    1.61992669e-01 8.64314198e-01 7.05584884e-01 3.01226437e-01
    9.82789695e-02 7.12065399e-01 9.52757478e-01 5.06675601e-01
    7.75420189e-01 7.55475283e-01 1.41479462e-01 5.90426028e-02
    7.51430750e-01 5.68531990e-01 5.66765547e-01 5.22713542e-01
    5.69560826e-01 5.55787742e-01 4.73370790e-01 3.87298465e-01
    3.11224759e-02 9.51718450e-01 3.20699066e-01 8.92323852e-01
    1.93240106e-01 1.30380392e-01 6.82910085e-01 1.30245894e-01
    9.19666529e-01 7.67876029e-01 1.59453750e-01 9.07498538e-01
    3.29635799e-01 7.35628843e-01 2.96613127e-01 1.78603053e-01
    8.41782153e-01 3.71837080e-01 4.83132482e-01 7.07576990e-01
    2.58961141e-01 6.63407147e-01 8.25396717e-01 1.35895789e-01
    2.57364482e-01 4.50236917e-01 7.07657337e-01 2.75108218e-01
    2.28240222e-01 4.03340638e-01 4.22683656e-01 7.61798143e-01
    3.09608489e-01 8.87726188e-01 9.92391467e-01 2.81079441e-01
    5.41582704e-01 7.62770653e-01 4.04761314e-01 2.73620456e-01
    3.77443612e-01 4.55335021e-01 3.66410196e-01 4.16362435e-01
    7.51058161e-01 8.93457532e-01 3.62522423e-01 9.52702880e-01
    5.10311425e-01 3.98411959e-01 4.26596761e-01 5.72144628e-01
    6.51336670e-01 8.95003319e-01 6.83296084e-01 4.20704663e-01
    5.37713885e-01 5.95950603e-01 6.83357716e-01 2.80049086e-01
    5.62414467e-01 9.63980317e-01 4.06761199e-01 2.32360691e-01
    9.15891767e-01 3.75498652e-01 1.75674230e-01 8.05294812e-01
    1.09653771e-01 3.61517668e-01 2.84101784e-01 8.20832253e-02
    4.76056874e-01 2.80901790e-03 2.36226797e-01 1.66019320e-01
    4.22100186e-01 5.97605705e-02 9.42181945e-01 8.77414346e-01
    4.05809700e-01 5.07874429e-01 8.38527441e-01 4.04992223e-01
    1.73042268e-01 7.64027834e-01 3.77910167e-01 3.60924214e-01
    7.20966578e-01 8.51514518e-01 9.98082876e-01 5.43630719e-01
    5.57707071e-01 8.20007205e-01 7.40430951e-01 1.59085572e-01
    1.51795566e-01 5.91772079e-01 6.39212072e-01 7.01216817e-01
    3.57670546e-01 8.00889432e-02 5.12214899e-01 3.34964275e-01
    9.17434692e-01 5.57864904e-01 4.44094151e-01 2.04655886e-01
    9.94606555e-01 5.45752168e-01 7.34250784e-01 5.79210579e-01
    5.31332076e-01 1.15898877e-01 3.34814996e-01 4.05146837e-01
    9.12635922e-01 9.75033045e-02 6.87853992e-02 3.82892162e-01
    9.55805063e-01 4.50225174e-02 1.84185684e-01 8.89271975e-01
    7.67424107e-01 3.34216416e-01 3.13323259e-01 2.00997055e-01
    7.56075501e-01 3.23843777e-01 4.59747940e-01 6.05371237e-01
    1.06384754e-02 6.72051311e-01 5.56045234e-01 8.92432928e-01
    2.36387342e-01 6.47180021e-01 9.77826953e-01 7.07091689e-01
    2.59858310e-01 2.49493808e-01 4.66480017e-01 6.73191607e-01
    3.19027483e-01 1.80233270e-01 3.47206146e-01 6.95212603e-01
    9.88595486e-01 2.46319622e-01 6.72522783e-01 2.77302563e-01
    7.11101174e-01 2.88379252e-01 4.51688111e-01 2.08130389e-01
    1.18780851e-01 1.81767076e-01 7.11052239e-01 5.14376342e-01
    5.42212486e-01 5.41793883e-01 7.31293678e-01 5.78819752e-01
    4.37611133e-01 1.85597509e-01 1.97289169e-01 2.90707469e-01
    2.86289930e-01 1.76877975e-02 4.71500099e-01 1.46356314e-01
    5.79736114e-01 2.44305670e-01 7.56455958e-02 1.38415098e-02
    7.11108804e-01 6.32812500e-01 1.83586985e-01 2.08814770e-01
    2.23749191e-01 4.11062717e-01 3.34629714e-01 7.98019767e-01
    9.00883913e-01 3.50469947e-01 3.51097345e-01 5.01569450e-01
    5.25827467e-01 1.63536906e-01 7.54128098e-01 8.42227101e-01
    9.10299122e-02 5.87942123e-01 9.29154873e-01 3.11120033e-01
    5.19929349e-01 9.01659966e-01 4.14939106e-01 6.78825796e-01
    6.20344818e-01 7.86510229e-01 8.49359095e-01 5.64531565e-01
    2.87023783e-01 6.76435471e-01 7.94345021e-01 9.52198386e-01
    7.14095414e-01 1.65665150e-01 2.84345776e-01 2.80058265e-01
    1.85519338e-01 8.54348958e-01 4.18522149e-01 4.26421583e-01
    4.88309622e-01 1.41143352e-01 1.31604135e-01 3.59361768e-01
    4.33093488e-01 1.56733006e-01 7.14544356e-02 9.38542187e-02
    3.52223814e-01 4.34148848e-01 3.95423919e-01 2.73169905e-01
    6.62551999e-01 6.88981056e-01 8.06177855e-01 9.32216346e-01
    7.14872837e-01 8.07940245e-01 5.98544657e-01 8.11054945e-01
    1.22210622e-01 5.74531078e-01 7.20205486e-01 4.19119120e-01
    8.52103949e-01 1.78034753e-01 1.48603320e-02 9.41722870e-01
    8.40322137e-01 8.80126476e-01 4.01844680e-02 1.43504769e-01
    5.22578478e-01 6.94591403e-01 8.03336501e-03 9.34582829e-01
    7.51616180e-01 1.08280957e-01 3.83038968e-01 3.00045967e-01
    3.95108342e-01 5.32413244e-01 4.24214125e-01 2.74949133e-01
    3.05701852e-01 6.44658685e-01 6.22844040e-01 7.58783519e-02
    6.40367448e-01 1.37667745e-01 4.28805411e-01 6.53760612e-01
    4.97500926e-01 3.13016653e-01 8.91370416e-01 5.02762020e-01
    1.62188858e-01 4.40933168e-01 6.19077742e-01 8.20040464e-01
    6.27064347e-01 8.82624149e-01 5.65406501e-01 5.17567873e-01
    8.61128926e-01 3.18220437e-01 8.49799633e-01 4.60887909e-01
    9.27110195e-01 8.05402935e-01 5.70451498e-01 1.25372320e-01
    9.96878803e-01 4.25130755e-01 5.47936499e-01 9.76847291e-01
    3.24118137e-03 1.63355798e-01 5.37619591e-01 5.99654019e-02
    9.50672805e-01 5.23898780e-01 8.70757997e-01 1.71842396e-01
    1.08081132e-01 2.59977579e-02 2.50586241e-01 9.20229971e-01
    1.92157209e-01 4.88051653e-01 8.24769855e-01 3.30383956e-01
    2.58494318e-01 5.10451376e-01 1.62252128e-01 2.52114087e-01
    5.45726717e-01 2.84251243e-01 5.21839380e-01 6.49958551e-01
    1.82442665e-01 8.24428916e-01 8.50747406e-01 2.41468608e-01
    6.86524332e-01 3.52487326e-01 3.37983787e-01 5.15635729e-01
    4.93996590e-01 4.37471002e-01 2.28333414e-01 1.75675899e-01
    2.92697310e-01 8.84226799e-01 2.97737122e-01 3.81936520e-01
    8.41540635e-01 6.38419271e-01 6.72455430e-02 2.47777730e-01
    4.54836488e-01 4.55098569e-01 9.19345677e-01 2.54973382e-01
    8.35565090e-01 2.50157833e-01 5.91012955e-01 3.57542127e-01
    9.32281852e-01 6.39943242e-01 8.86727452e-01 1.98308200e-01
    2.39757597e-01 8.21827292e-01 7.78542161e-01 9.59915757e-01
    6.93557620e-01 3.07375759e-01 8.16739619e-01 7.55806327e-01
    6.77682817e-01 9.00379717e-02 4.21804637e-01 1.44003570e-01
    7.30535626e-01 9.68747914e-01 6.82979286e-01 2.32229888e-01
    3.59069407e-01 7.26152897e-01 1.15914017e-01 5.95090747e-01
    9.92646337e-01 5.79119146e-01 4.53973413e-02 2.15179473e-01
    9.93319511e-01 2.05622941e-01 3.98293555e-01 4.14615959e-01
    2.84903347e-01 8.61921668e-01 3.24825197e-01 9.25918221e-01
    8.30424070e-01 5.26161790e-02 1.79556608e-01 6.99242234e-01
    3.13177764e-01 6.99008048e-01 2.99344718e-01 8.98955882e-01
    8.92551422e-01 7.18073726e-01 8.30394864e-01 1.00673199e-01
    9.62927878e-01 2.50588059e-02 1.65505409e-01 7.91267812e-01
    6.25694215e-01 4.61525708e-01 2.06731766e-01 9.25707698e-01
    4.44372296e-01 3.95489633e-02 6.03379786e-01 2.67316103e-01
    3.13861966e-02 6.97320819e-01 1.34210587e-01 3.27417076e-01
    3.80092263e-01 3.28048289e-01 6.33320570e-01 7.63590813e-01
    2.06948280e-01 4.63303924e-01 8.43888044e-01 4.14246738e-01
    5.04081964e-01 4.25629139e-01 2.98524141e-01 2.81581253e-01
    3.03108692e-02 7.91758418e-01 7.88318217e-02 6.05299830e-01
    3.73901606e-01 4.56843972e-01 8.22482884e-01 4.28363651e-01
    5.57692230e-01 4.75881964e-01 7.92216063e-02 6.01845741e-01
    8.19239974e-01 8.55706453e-01 9.05716956e-01 9.69898582e-01
    6.57419205e-01 5.19925058e-02 8.95067334e-01 2.71640420e-02
    9.31063831e-01 9.66328263e-01 7.50849009e-01 6.08554065e-01
    8.77967238e-01 9.25181150e-01 7.18720019e-01 5.84122419e-01
    1.71931207e-01 2.47385591e-01 4.13201302e-01 2.07749754e-01
    1.49358541e-01 9.68128562e-01 7.18304217e-02 8.93936157e-01
    8.78222167e-01 5.15864015e-01 6.83433414e-02 5.79101801e-01
    1.26322448e-01 6.49402380e-01 6.11817539e-02 6.91352606e-01
    7.80001998e-01 9.95198071e-01 7.29703546e-01 9.27345932e-01
    5.56366682e-01 4.62807417e-02 2.81433702e-01 2.04341561e-01
    1.51312768e-01 6.57144785e-02 3.95910174e-01 9.07489538e-01
    5.92537403e-01 4.05136168e-01 5.98334670e-01 5.61727226e-01
    3.85363996e-01 4.02457803e-01 5.67101479e-01 2.21976548e-01
    7.12924957e-01 7.53643394e-01 2.19461650e-01 2.13623732e-01
    3.04427505e-01 8.83865714e-01 7.41518378e-01 7.51101673e-02
    1.68402135e-01 5.58951020e-01 1.83097154e-01 4.12429988e-01
    7.11183429e-01 5.64502835e-01 5.96794844e-01 3.66124094e-01
    1.37877971e-01 6.46611512e-01 1.08147860e-02 8.85938108e-01
    2.52836704e-01 8.42706680e-01 4.84598279e-02 6.26593769e-01
    2.93201268e-01 9.14998174e-01 6.18063986e-01 3.19316387e-01
    2.66042620e-01 6.43536627e-01 2.08250433e-01 4.35463399e-01
    6.65192604e-01 8.47226620e-01 8.27454686e-01 9.79142606e-01
    5.07251978e-01 3.85962754e-01 8.79432857e-02 3.75228167e-01
    6.82899833e-01 5.95924556e-01 3.50235164e-01 4.15714085e-02
    2.99028218e-01 5.64344823e-02 6.06955886e-02 9.50394034e-01
    2.39416957e-02 5.39739609e-01 5.87463498e-01 8.84418488e-01
    3.52334678e-02 9.05057192e-01 8.30581129e-01 4.74143982e-01
    1.01534545e-01 2.71638811e-01 4.49620992e-01 9.74450409e-01
    4.86209571e-01 7.44902253e-01 9.59561884e-01 6.29584491e-01
    3.37776542e-02 9.09313023e-01 2.51719534e-01 1.29963279e-01
    3.33176106e-01 1.82455152e-01 8.15774679e-01 8.84658456e-01
    2.94585586e-01 6.69456005e-01 7.62028337e-01 3.55390608e-02
    1.66186452e-01 9.06159103e-01 2.46209890e-01 4.19397235e-01
    6.84280276e-01 7.89240003e-02 8.47451329e-01 3.02364171e-01
    6.12963080e-01 7.57470727e-01 8.14467549e-01 6.20773911e-01
    9.74625230e-01 5.79063594e-02 8.30605745e-01 8.21314216e-01
    1.83935523e-01 6.55991912e-01 1.44649953e-01 5.11245430e-02
    6.23562753e-01 8.67103040e-02 6.80253506e-01 5.48539340e-01
    2.00047553e-01 2.73664057e-01 4.69595194e-04 2.79842079e-01
    2.72322208e-01 2.63387620e-01 7.40601659e-01 5.81587434e-01
    5.54607093e-01 6.24371171e-01 4.81047720e-01 3.23483825e-01
    9.06658173e-01 5.62839270e-01 4.63519514e-01 2.31073976e-01
    3.14867347e-01 3.11633497e-01 5.84782302e-01 9.22240078e-01
    8.06677401e-01 1.55939817e-01 5.51101267e-01 7.33459711e-01
    8.51136684e-01 2.29001939e-01 8.65529060e-01 1.54828668e-01
    7.57059336e-01 1.03931129e-02 5.84921181e-01 6.97768092e-01
    9.72529888e-01 5.54375470e-01 4.75462049e-01 4.88374770e-01
    7.29410529e-01 3.31656009e-01 8.81650031e-01 4.58334565e-01
    5.70595264e-01 8.58575106e-01 3.60787928e-01 8.27676594e-01
    5.20416915e-01 2.66106725e-01 4.11569208e-01 6.40498996e-01
    1.13057017e-01 3.08789074e-01 4.00206804e-01 9.91454840e-01
    6.76682651e-01 6.88914955e-01 6.23656392e-01 5.12227416e-01
    6.13512397e-01 1.89839125e-01 8.87375534e-01 8.49500418e-01
    9.46364522e-01 4.01902318e-01 2.24188268e-01 1.56327158e-01
    3.81570578e-01 8.06268334e-01 8.97472739e-01 9.84149456e-01
    8.53895426e-01 6.50636852e-01 2.79240847e-01 2.49605626e-01
    9.93527770e-01 3.38472068e-01 6.09330535e-01 6.02677703e-01
    5.06237149e-03 9.75914121e-01 4.58649069e-01 7.85547376e-01
    7.59469748e-01 7.30550289e-01 1.73569769e-01 3.54730487e-01
    2.96040058e-01 2.72525609e-01 5.32534420e-01 8.06703091e-01
    2.23230809e-01 9.93077993e-01 2.22271144e-01 1.56477213e-01
    1.48505092e-01 2.83204883e-01 8.86375427e-01 1.67671144e-01
    8.67754459e-01 8.21778774e-01 7.51573205e-01 3.57920349e-01
    2.35009909e-01 3.46154273e-01 2.92439729e-01 2.38664359e-01
    7.39166498e-01 6.92951322e-01 2.72563159e-01 9.69120324e-01
    3.68223786e-01 6.07861936e-01 1.67315722e-01 4.63708222e-01
    7.33900249e-01 6.94899499e-01 5.40606856e-01 2.51082718e-01
    4.82095242e-01 7.68858194e-01 1.65445596e-01 1.31807745e-01
    5.04320383e-01 8.13870192e-01 2.66652465e-01 2.82013535e-01
    7.85372138e-01 6.59197688e-01 3.01707208e-01 7.50428796e-01
    8.08632612e-01 9.67063963e-01 6.37190342e-01 6.40473604e-01
    9.69254255e-01 3.38285506e-01 2.16183215e-01 5.52627742e-01
    9.55062211e-01 3.39207530e-01 6.77523255e-01 8.19281220e-01
    8.86964500e-02 8.34604979e-01 6.07555687e-01 3.92971128e-01
    3.41546953e-01 8.02394271e-01 8.91677320e-01 3.48196983e-01
    5.99684656e-01 4.21878248e-01 4.90915507e-01 4.23186958e-01
    9.23879743e-01 1.67739391e-01 1.88007653e-02 5.77237904e-01
    1.62817657e-01 6.21076405e-01 1.79506838e-01 5.60906768e-01
    5.73725581e-01 1.93800688e-01 9.07527030e-01 3.22436631e-01
    9.37260211e-01 4.22767699e-02 3.30277503e-01 2.77227759e-01
    1.77406490e-01 3.34316999e-01 4.23139423e-01 8.83771718e-01
    5.65968335e-01 4.41088229e-01 4.88059819e-01 9.89378572e-01
    9.61693406e-01 7.39729702e-01 3.16906035e-01 2.45870531e-01
    7.76670635e-01 3.67682874e-02 7.80532718e-01 5.20915449e-01
    7.95319080e-01 5.51414311e-01 2.57948041e-01 9.14948583e-02
    7.34436870e-01 3.71389866e-01 7.80673563e-01 4.18460011e-01
    7.10656941e-01 7.81851172e-01 6.21543169e-01 2.30529755e-01
    9.22273755e-01 6.95072651e-01 9.26189899e-01 2.23797917e-01
    4.31589544e-01 9.40625072e-01 9.17398214e-01 3.38400155e-01
    3.43201578e-01 5.06892204e-02 4.31227773e-01 4.20276761e-01
    1.31570995e-01 9.31398273e-01 6.49580300e-01 7.01107144e-01
    8.60760629e-01 8.82024765e-02 2.72630244e-01 4.88036990e-01
    9.91984248e-01 4.97281551e-02 2.85548449e-01 7.62595057e-01
    7.70144463e-01 8.69077206e-01 8.37468028e-01 2.15593219e-01
    3.59862745e-01 9.08828378e-01 8.06757450e-01 7.41644204e-01
    7.52982676e-01 7.85852313e-01 9.13028121e-01 2.86737323e-01
    5.69333673e-01 5.54353178e-01 2.09008932e-01 9.14202571e-01
    9.53564346e-01 7.41094470e-01 9.32580769e-01 8.42302084e-01
    9.29483652e-01 9.54429924e-01 4.44948643e-01 4.35035676e-01
    2.09201276e-02 3.21233541e-01 8.69100094e-01 5.14076829e-01
    5.58923483e-02 7.22684622e-01 5.81830144e-01 5.65322042e-02
    9.79779720e-01 4.43448275e-01 6.85508370e-01 6.62785530e-01
    9.64163423e-01 2.34725833e-01 4.54425752e-01 3.78984660e-01
    9.10003483e-02 8.44023824e-02 6.24980152e-01 8.95201921e-01
    7.40721822e-01 3.97498876e-01 3.17007929e-01 7.70734012e-01
    7.37449825e-02 5.32558560e-02 3.18329692e-01 1.39609337e-01
    6.33641779e-01 6.79087341e-01 8.69441986e-01 3.91717911e-01
    3.35024178e-01 6.62011802e-02 3.91073823e-01 7.23528147e-01
    7.69412398e-01 9.87925708e-01 5.88259101e-01 4.40301150e-01
    9.76945758e-01 7.04014063e-01 5.11022329e-01 2.54844159e-01
    8.74302626e-01 7.90566087e-01 5.60584843e-01 5.81984162e-01
    1.07304454e-02 1.88359916e-01 6.13536835e-01 8.21113646e-01
    3.25147927e-01 8.15980434e-01 1.23441607e-01 5.13416231e-01
    8.56432796e-01 7.69854605e-01 4.04884458e-01 5.28854251e-01
    5.45484781e-01 4.95106131e-01 8.75123620e-01 3.53327215e-01
    1.90007061e-01 1.72548920e-01 5.55878460e-01 3.38152021e-01
    7.58913577e-01 1.70648336e-01 3.05377424e-01 7.99402833e-01
    8.41906965e-01 3.67120206e-01 5.34129977e-01 7.63895035e-01
    8.24607491e-01 2.97621787e-02 2.04392672e-02 5.56865096e-01
    9.74678993e-01 9.66891348e-02 3.62590671e-01 2.01920271e-02
    9.64293242e-01 3.81068498e-01 8.90670180e-01 3.36206645e-01
    5.70984423e-01 5.66952646e-01 2.99499452e-01 4.93493885e-01
    8.07131946e-01 2.79812813e-01 2.07305193e-01 3.49885523e-01
    6.97845876e-01 8.67089093e-01 7.81245589e-01 7.72335529e-01
    2.72349626e-01 3.66706312e-01 2.48874068e-01 3.08768392e-01
    3.82824242e-02 1.44239157e-01 7.44711161e-01 5.95114052e-01
    5.68693161e-01 3.11951041e-02 4.10312176e-01 3.34480405e-03
    9.25132394e-01 5.41700840e-01 9.87613142e-01 3.83246154e-01
    9.48075294e-01 4.88180727e-01 7.45683014e-01 4.60056305e-01
    8.89090002e-02 5.18913865e-02 6.74956560e-01 5.11425734e-02
    8.85562778e-01 3.37454319e-01 3.15391421e-01 4.51842368e-01
    9.74075735e-01 7.41386294e-01 3.15230250e-01 3.20381433e-01
    6.67114437e-01 1.43426031e-01 1.33875668e-01 4.36089635e-01
    8.13052535e-01 5.30621946e-01 6.78584874e-01 4.29394335e-01
    8.82095575e-01 5.23369849e-01 6.47300482e-01 5.13673663e-01
    5.25342941e-01 5.49257755e-01 8.83388042e-01 1.88878745e-01
    8.28044295e-01 8.30085516e-01 8.08435440e-01 9.64409053e-01
    5.74333906e-01 4.26049799e-01 1.71140224e-01 1.59544528e-01
    7.03074336e-01 7.65830398e-01 4.14852172e-01 1.40717715e-01
    8.50738764e-01 4.90038276e-01 1.98831171e-01 8.55194092e-01
    3.73660058e-01 8.16804171e-03 8.73476028e-01 3.14118624e-01
    6.75082147e-01 1.61842167e-01 1.41871959e-01 5.07178783e-01
    7.55407453e-01 5.84756076e-01 2.52304912e-01 4.50755656e-01
    6.70004964e-01 9.31916177e-01 7.65345216e-01 5.30690610e-01
    3.55764508e-01 7.59520769e-01 2.00355053e-02 3.80824387e-01
    1.18844301e-01 8.33869517e-01 9.56591845e-01 5.07174134e-01
    4.16636050e-01 6.19111955e-02 7.45391548e-01 9.27303672e-01
    4.59343791e-02 1.12175077e-01 4.69974607e-01 7.37657309e-01
    8.93292129e-01 4.27443027e-01 9.22113657e-04 6.21670485e-02
    9.43998396e-02 8.58512342e-01 7.79978693e-01 8.88176441e-01
    3.96847397e-01 1.06766373e-01 8.48393977e-01 1.09719276e-01
    4.30321068e-01 6.35235906e-02 1.46564454e-01 2.74897993e-01
    5.62452078e-01 8.92219663e-01 1.63956374e-01 6.60992742e-01
    6.03224754e-01 1.53587431e-01 3.42593253e-01 7.25007892e-01
    2.18199611e-01 7.94649482e-01 9.36888635e-01 9.00547802e-01
    7.86487341e-01 3.78555268e-01 3.03436458e-01 5.54646850e-02
    7.32541680e-02 8.81847739e-01 6.36565328e-01 4.14425105e-01
    5.63058913e-01 1.34775341e-02 1.25473857e-01 9.80621994e-01
    3.20555866e-01 9.27621841e-01 8.39808464e-01 8.18479061e-01
    1.27842993e-01 9.53778028e-01 9.16232586e-01 3.96409124e-01
    6.93619549e-02 6.04837835e-01 2.07572907e-01 9.95420754e-01
    1.37250066e-01 7.11589098e-01 9.86923218e-01 4.26986694e-01
    7.93493807e-01 9.36326981e-01 1.99684381e-01 2.66530335e-01
    5.54495275e-01 5.65669060e-01 4.73956794e-01 4.83510852e-01
    5.10077596e-01 5.59531152e-01 1.48729950e-01 4.32013005e-01
    1.60344899e-01 2.20159739e-01 8.28582346e-01 6.84949517e-01
    2.25559205e-01 4.68827188e-01 9.64145362e-01 8.10356796e-01
    3.38333368e-01 3.44462991e-01 6.90564275e-01 2.31422186e-01
    1.03814453e-01 7.18918324e-01 2.42612064e-02 2.63216794e-02
    9.91808414e-01 5.62356651e-01 9.01995420e-01 1.26909524e-01
    1.11025631e-01 3.68265271e-01 1.66251659e-02 9.76443291e-01
    5.54001689e-01 5.00064194e-02 4.70167339e-01 1.26332611e-01
    6.08999550e-01 5.05147338e-01 2.47087359e-01 6.01948321e-01
    6.86210036e-01 4.67743874e-02 3.13269317e-01 9.63567674e-01
    9.01124716e-01 8.98972631e-01 6.57423615e-01 5.15957952e-01
    3.82485747e-01 7.32248485e-01 1.08445525e-01 4.25528467e-01
    7.70646453e-01 7.48108387e-01 2.76463032e-02 1.61004305e-01
    2.32525200e-01 9.15869713e-01 3.98427159e-01 8.38008821e-01
    9.77561474e-01 9.67438340e-01 6.14119649e-01 3.83409917e-01
    6.67889357e-01 5.89256048e-01 4.79772061e-01 6.85888410e-01
    6.70871615e-01 9.43127990e-01 3.65193784e-01 9.96770859e-02
    6.60754561e-01 2.00959980e-01 8.41102123e-01 1.28804445e-02
    5.26488245e-01 3.68427843e-01 4.59891558e-01 5.54263413e-01
    5.71859837e-01 9.30588484e-01 6.61891580e-01 3.23050559e-01
    6.63482189e-01 4.14820015e-02 8.02999318e-01 3.98765117e-01
    1.14403069e-02 8.62701654e-01 5.54012656e-01 4.08174604e-01
    8.00588727e-02 9.16361451e-01 7.50622094e-01 3.84239554e-01
    3.97482395e-01 7.48806655e-01 9.95903492e-01 4.97235924e-01
    8.22733879e-01 7.14793205e-02 8.13267827e-01 8.54626775e-01
    7.50614405e-01 8.68526280e-01 9.29942846e-01 2.89596111e-01
    1.87511802e-01 2.28369474e-01 1.87864780e-01 4.53320295e-01
    7.33693600e-01 6.02469802e-01 8.46270084e-01 1.66508973e-01
    6.94122553e-01 8.51336658e-01 8.85499120e-02 6.15408480e-01
    5.53885639e-01 8.85580778e-01 2.68561959e-01 6.85482025e-01
    5.69279015e-01 5.55493772e-01 5.86228848e-01 7.99782515e-01
    4.22460467e-01 9.27537680e-01 2.57177949e-01 4.30348098e-01
    6.46782935e-01 7.71707773e-01 8.22032750e-01 1.55434430e-01
    1.82713479e-01 9.15420651e-01 7.13279903e-01 9.26870406e-02
    9.21259344e-01 8.11408281e-01 6.89630449e-01 7.60717988e-01
    2.55288035e-01 7.88357437e-01 2.64461637e-01 6.52530611e-01
    7.34440744e-01 7.64825046e-01 2.46389687e-01 8.19997907e-01
    5.36949873e-01 1.53748661e-01 1.10992253e-01 5.83428800e-01
    2.12513208e-02 8.24660063e-03 9.65932965e-01 9.23541903e-01
    9.92549300e-01 7.30830729e-01 1.40030116e-01 3.94586086e-01
    7.51769841e-02 6.09122574e-01 8.76252413e-01 5.73786020e-01
    5.40081859e-01 8.63697946e-01 7.22421408e-01 1.85240537e-01
    2.33553737e-01 5.19819736e-01 5.73093891e-01 4.30870652e-01
    9.77079868e-01 5.94063461e-01 3.86424720e-01 4.76678431e-01
    8.07046056e-01 2.20484495e-01 7.13054478e-01 7.09626079e-03
    1.67106539e-01 9.10838842e-01 9.38999534e-01 3.69057894e-01
    8.05480003e-01 9.36918378e-01 3.41458142e-01 5.52554965e-01
    5.36896765e-01 2.13139415e-01 6.14907444e-02 7.29310870e-01
    4.04049158e-01 8.86653185e-01 2.70069599e-01 2.09520608e-01
    2.92204738e-01 3.77831131e-01 1.55245036e-01 4.11810458e-01
    9.57693100e-01 8.71523380e-01 7.58766890e-01 5.76979697e-01
    8.02755892e-01 8.52114201e-01 4.77897108e-01 2.75631726e-01
    7.17852116e-01 7.90310442e-01 8.58470440e-01 9.06670570e-01
    1.34558707e-01 9.11911428e-02 6.41518950e-01 9.96251702e-01
    4.45831925e-01 3.09625417e-01 7.80007541e-01 1.36825442e-02
    6.38019621e-01 1.00102812e-01 3.52273047e-01 2.06176102e-01
    7.36449480e-01 2.93582499e-01 9.12866831e-01 8.19283485e-01
    6.96954727e-01 1.67775959e-01 8.55140507e-01 6.87450767e-01
    4.62698340e-02 4.60900784e-01 1.44058079e-01 1.74242258e-01
    1.75714433e-01 3.45801890e-01 6.07695103e-01 2.50686526e-01
    4.80490625e-02 2.27967530e-01 9.35527563e-01 4.60227728e-02
    9.23302770e-01 8.32506895e-01 8.74758363e-02 5.13396323e-01
    6.65919900e-01 7.49029577e-01 2.69081295e-02 1.20817602e-01
    3.71576905e-01 1.92740858e-02 6.12262607e-01 8.36329162e-02
    9.74377096e-02 3.21379781e-01 4.41417217e-01 5.42427480e-01
    8.29094231e-01 8.54870200e-01 7.28204548e-02 2.31386036e-01
    7.25374162e-01 4.59844738e-01 9.22842622e-01 9.36105728e-01
    8.88381481e-01 6.45112157e-01 9.02556419e-01 3.88548344e-01
    1.45407200e-01 1.24343336e-01 6.63364172e-01 6.27252460e-01
    6.87440991e-01 9.96085703e-02 5.92261314e-01 1.96804404e-02
    4.47826147e-01 3.64188373e-01 5.03997684e-01 5.10171354e-02
    8.18162143e-01 5.76123953e-01 4.48759526e-01 9.37966824e-01
    3.40619177e-01 3.27969223e-01 3.59702647e-01 7.98780441e-01
    6.75407708e-01 6.84755206e-01 1.87661380e-01 4.28463101e-01
    5.24554968e-01 9.16327477e-01 8.98084283e-01 3.07184666e-01
    4.36481297e-01 8.70211303e-01 3.57150435e-01 6.42363191e-01
    2.13105679e-01 8.07372987e-01 1.70316905e-01 6.65418327e-01
    6.96079016e-01 2.27071047e-02 5.29662788e-01 9.68533099e-01
    4.23387170e-01 8.80803347e-01 4.88696694e-02 8.93123984e-01
    9.63076353e-01 6.05762005e-01 3.11022490e-01 9.29866731e-02
    9.36516881e-01 8.19782257e-01 7.69093871e-01 1.21920317e-01
    2.09791601e-01 8.54237676e-01 1.68483555e-02 3.32617611e-01
    2.26212263e-01 7.68046439e-01 9.03737128e-01 6.21369481e-01
    3.71607840e-01 5.89689672e-01 7.29903400e-01 9.02311683e-01
    8.37067068e-01 1.56975418e-01 3.81075740e-01 7.67176628e-01
    6.00554407e-01 3.65696579e-01 9.53977168e-01 9.70448315e-01
    5.14899194e-01 5.12639225e-01 9.07931983e-01 4.21245396e-02
    3.98850143e-02 3.00960839e-01 1.86242491e-01 6.70661032e-01
    6.72270775e-01 2.40291595e-01 5.11759758e-01 6.24708652e-01
    4.30342555e-02 7.13567734e-01 3.24109048e-01 8.07720661e-01
    5.55055082e-01 5.38418531e-01 2.43249714e-01 1.33555800e-01
    3.05929750e-01 8.93360257e-01 8.67180467e-01 5.45913219e-01
    1.54109597e-01 5.21171689e-01 2.78889596e-01 9.87995446e-01
    6.00425065e-01 6.44044578e-02 2.73700058e-02 3.61122847e-01
    1.91480815e-01 9.41019535e-01 3.08618754e-01 3.99360389e-01
    6.95938766e-01 2.14591622e-03 6.03942633e-01 8.80216539e-01
    5.49726427e-01 4.18576956e-01 7.73507476e-01 1.76758677e-01
    8.11841607e-01 1.17012769e-01 4.83708382e-01 7.90037572e-01
    6.49315715e-02 9.65656519e-01 7.36755490e-01 1.45115107e-01
    2.56901562e-01 5.87289155e-01 3.93898845e-01 6.23631895e-01
    8.83795381e-01 6.64548874e-01 6.98112369e-01 3.36662233e-02
    6.24039590e-01 6.67247653e-01 3.48459721e-01 2.49369085e-01
    6.50986195e-01 3.30354869e-01 1.98184252e-01 6.22006178e-01
    8.75265002e-02 4.38377202e-01 3.25222582e-01 5.45791686e-02
    6.80117011e-02 5.17651975e-01 6.00661278e-01 4.10539836e-01
    9.48287845e-01 2.10509598e-02 3.71741474e-01 9.23233747e-01
    6.63405597e-01 8.79074574e-01 1.35514766e-01 8.58731925e-01
    2.69756854e-01 5.16666234e-01 7.52617002e-01 9.63458300e-01
    8.19972992e-01 3.42422783e-01 5.56124449e-01 9.13667262e-01
    7.35002995e-01 4.07161385e-01 9.75150526e-01 2.56156921e-02
    8.52049053e-01 7.85895765e-01 7.89666951e-01 7.82574534e-01
    7.20206976e-01 5.09494364e-01 2.16060102e-01 8.64631712e-01
    8.61196220e-02 6.03717327e-01 9.52306092e-01 6.51925504e-01
    4.43293691e-01 4.18085724e-01 8.52272451e-01 8.86398196e-01
    8.43014836e-01 4.42057014e-01 5.66092014e-01 6.42308533e-01
    6.32507563e-01 4.04153019e-01 2.74717689e-01 3.84594053e-01
    6.25088096e-01 9.89901662e-01 6.51795983e-01 3.42643082e-01
    2.61877775e-02 2.96251237e-01 5.50102234e-01 4.59856272e-01
    8.46804023e-01 9.81317043e-01 7.35228837e-01 7.36156404e-01
    5.42971432e-01 3.33202183e-01 4.53883588e-01 7.44899154e-01
    7.50596523e-01 6.60324931e-01 7.34181583e-01 6.73186421e-01
    9.79763806e-01 5.62834203e-01 3.97140831e-01 9.92787242e-01
    6.30448341e-01 5.77827811e-01 8.76998186e-01 6.73634410e-01
    5.68751812e-01 3.85895163e-01 3.95167530e-01 8.50119770e-01
    9.39256907e-01 4.97368634e-01 4.85554665e-01 5.41005373e-01
    9.58172441e-01 9.39794183e-01 8.75372052e-01 8.33666325e-01
    2.07196951e-01 9.62467432e-01 1.04776680e-01 1.21785730e-01
    7.76406169e-01 4.41948891e-01 7.41771579e-01 4.12574351e-01
    1.13976002e-02 8.90425682e-01 6.40612543e-01 4.74181175e-01
    9.07342315e-01 7.50393152e-01 8.38918090e-02 9.85677838e-02
    9.08147395e-02 9.81924415e-01 4.62135255e-01 5.02664030e-01
    1.38297468e-01 6.03797436e-01 8.76162410e-01 2.03269869e-01
    2.75932312e-01 8.82459044e-01 8.71955454e-01 6.62387967e-01
    5.30327380e-01 3.23649764e-01 3.48572522e-01 6.58653140e-01
    9.11246061e-01 9.64612484e-01 6.89215064e-01 9.53258097e-01
    5.09633005e-01 7.97167659e-01 6.40430748e-01 3.91899347e-02
    3.46323013e-01 4.25939858e-02 7.82074928e-01 9.96893644e-01
    9.58513379e-01 5.86092353e-01 4.45766717e-01 4.56680834e-01
    9.53113556e-01 9.00659740e-01 6.81880593e-01 3.02117705e-01
    5.74417710e-02 3.42018187e-01 8.62194896e-01 3.76435190e-01
    1.93343073e-01 6.09287858e-01 3.91438663e-01 4.76773053e-01
    1.89623356e-01 8.19143653e-01 8.10198843e-01 8.62197816e-01
    9.90692854e-01 1.93698615e-01 5.93194187e-01 7.71258593e-01
    1.78428382e-01 3.32974970e-01 8.06957603e-01 1.85128063e-01
    1.73803687e-01 5.50847054e-01 1.96787447e-01 8.53384793e-01
    5.96143305e-01 1.34266973e-01 1.60773546e-01 8.55757415e-01
    5.13859212e-01 7.04111516e-01 8.65128398e-01 9.71370041e-01
    5.12401104e-01 2.31976658e-01 2.45961517e-01 5.41495025e-01
    7.11119175e-01 9.88828063e-01 3.61099482e-01 2.15426147e-01
    4.36572909e-01 1.09805614e-01 1.41006500e-01 9.30449247e-01
    8.68499756e-01 9.17450547e-01 1.75751954e-01 7.82415986e-01
    5.56906462e-01 1.88033968e-01 4.16907966e-01 7.81200826e-01
    2.59987235e-01 4.05040145e-01 3.51968288e-01 2.22470641e-01
    1.15854204e-01 4.53381091e-01 1.89978570e-01 6.40518248e-01
    5.71085095e-01 8.52853656e-01 7.65235662e-01 8.11672091e-01
    5.24753273e-01 3.87036502e-02 5.68481088e-02 2.43946016e-01
    2.16730535e-01 3.25134993e-02 5.72045028e-01 9.15633082e-01
    5.84535778e-01 6.23784900e-01 2.46648312e-01 7.36345589e-01
    6.97475314e-01 9.70616341e-01 4.18649793e-01 5.90839684e-02
    2.20779806e-01 6.57702744e-01 3.93027067e-01 4.94223177e-01
    6.78366899e-01 1.70606881e-01 2.60278255e-01 4.70971018e-01
    6.98482871e-01 9.28137302e-01 1.58256114e-01 4.51129019e-01
    1.81300282e-01 3.99568141e-01 8.72130573e-01 5.94941914e-01
    2.73997486e-01 2.40652502e-01 7.08731592e-01 1.98594779e-01
    7.92755961e-01 4.59557772e-01 2.87750632e-01 6.28671288e-01
    6.75210118e-01 8.34472775e-01 2.03811854e-01 3.44068974e-01
    8.90622258e-01 6.24285877e-01 9.06804264e-01 7.06692815e-01
    3.03390741e-01 9.65948701e-02 9.71627235e-01 7.61949956e-01
    3.41963172e-02 1.55722499e-01 5.49781799e-01 3.48027706e-01
    3.41916054e-01 5.99658608e-01 3.35551947e-01 3.83857638e-01
    5.85956514e-01 1.13606274e-01 2.99722850e-01 4.70965624e-01
    2.49877870e-02 7.56636679e-01 2.65076101e-01 7.87022471e-01
    1.21771514e-01 8.38449121e-01 2.82644093e-01 3.26827586e-01
    5.30554295e-01 6.29689455e-01 1.98536426e-01 2.81898469e-01
    7.77161598e-01 1.37636065e-02 5.60378373e-01 6.70860767e-01
    8.77778292e-01 7.46083140e-01 2.54259437e-01 3.39789391e-01
    4.81015980e-01 7.80799687e-02 4.58749831e-02 1.24356896e-01
    6.85664177e-01 7.47491777e-01 6.25947893e-01 8.33470702e-01
    6.93895400e-01 4.22668636e-01 1.30959511e-01 5.74008703e-01
    7.18098164e-01 7.67657280e-01 7.38956094e-01 1.03167862e-01
    3.11537445e-01 7.88049817e-01 2.46744871e-01 5.31156600e-01
    1.17025912e-01 2.63995916e-01 3.08507323e-01 3.91112745e-01
    9.48035240e-01 6.57708168e-01 3.62440765e-01 9.30583835e-01
    2.38279700e-02 2.12052882e-01 9.34942663e-02 5.14277220e-02
    6.83505833e-01 3.80796224e-01 6.19465888e-01 5.90559006e-01
    4.13157403e-01 7.85797060e-01 5.09935498e-01 4.69486415e-02
    7.43574142e-01 6.44680619e-01 1.33343041e-02 1.18373960e-01
    8.29654634e-02 7.56397545e-01 2.94235170e-01 5.51763475e-02
    3.66823912e-01 3.19277644e-01 1.09465569e-01 3.19800109e-01
    6.36911452e-01 8.64853799e-01 6.14752769e-01 6.78328872e-01
    2.58291662e-01 3.55035901e-01 3.20026040e-01 1.47120863e-01
    7.03344584e-01 7.29145885e-01 9.00185347e-01 7.19543159e-01
    4.50319350e-02 7.73835182e-01 3.26990724e-01 8.20122957e-01
    3.31026614e-02 3.94470096e-01 9.20243859e-01 6.28629029e-01
    2.21153408e-01 6.81117296e-01 8.18666816e-01 3.54227841e-01
    1.72417879e-01 6.26817584e-01 7.78694451e-02 4.95106816e-01
    7.53650784e-01 6.47350729e-01 6.48328662e-01 5.43682098e-01
    2.28730440e-01 9.01577473e-02 3.65594864e-01 4.67587918e-01
    2.01647460e-01 5.90698242e-01 1.97873950e-01 2.07073122e-01
    7.33964026e-01 5.07152319e-01 2.75673270e-02 4.24802303e-01
    8.16083193e-01 3.33302170e-01 7.13997662e-01 6.80716038e-02
    3.33203167e-01 5.94990134e-01 4.89102691e-01 9.93513346e-01
    9.26866770e-01 4.37663585e-01 5.27492464e-02 2.73960829e-03
    4.59472239e-01 1.48633957e-01 8.39731276e-01 6.91869855e-01
    4.91797954e-01 9.90666151e-01 6.35613322e-01 7.78103411e-01
    9.92872119e-02 2.04531282e-01 7.68846631e-01 9.75376487e-01
    7.44614720e-01 1.06686413e-01 8.27977061e-02 1.33431792e-01
    2.20184118e-01 7.10857511e-01 7.80958652e-01 4.97110546e-01
    5.64604521e-01 6.76803231e-01 9.03953075e-01 2.71903217e-01
    8.42960954e-01 6.82845354e-01 7.98451781e-01 9.26645696e-02
    6.25161290e-01 7.40103066e-01 6.87916517e-01 3.86143118e-01
    2.44554907e-01 1.86847776e-01 1.03624552e-01 7.14087486e-01
    7.44438767e-01 8.04322124e-01 5.96564114e-02 1.38626069e-01
    7.03054667e-02 2.40296513e-01 2.05354989e-01 1.48585141e-02
    7.50042796e-01 5.85799932e-01 3.12616348e-01 4.26771939e-01
    4.91965711e-02 8.35955143e-01 5.29592872e-01 2.88249075e-01
    1.12086177e-01 3.10628116e-01 9.10039485e-01 6.33677363e-01
    2.78637826e-01 9.70786929e-01 8.34263206e-01 4.54463482e-01
    8.45056057e-01 3.23848307e-01 3.02778006e-01 9.49944198e-01
    4.92497295e-01 9.37087059e-01 4.91469532e-01 8.66531849e-01
    5.39925694e-01 6.06267512e-01 5.65191090e-01 8.60809922e-01
    3.59644562e-01 1.46244645e-01 4.01666999e-01 8.73609066e-01
    5.57290554e-01 2.08932191e-01 4.89050537e-01 8.43669772e-01
    9.86379683e-01 6.78335249e-01 1.13063872e-01 5.48841178e-01
    5.78809083e-01 1.82324976e-01 1.15101337e-02 8.12882185e-01
    9.43756461e-01 1.14117265e-02 5.12526095e-01 4.07571435e-01
    2.50627398e-01 8.04487765e-02 8.65147710e-01 4.08237994e-01
    6.18804991e-01 5.97931921e-01 3.38775694e-01 8.55851471e-01
    9.52197790e-01 8.48790348e-01 3.52495372e-01 6.48793399e-01
    7.14549303e-01 1.98229581e-01 5.11458099e-01 3.94621044e-01
    6.55669689e-01 6.77177608e-02 3.69092077e-01 9.61363316e-01
    5.67478180e-01 1.46157444e-01 2.03723907e-01 3.34134519e-01
    2.83589125e-01 5.25678694e-01 8.09082389e-02 6.44672990e-01
    5.25886118e-01 4.93355185e-01 7.57054925e-01 9.89013910e-03
    7.15500116e-01 3.14532250e-01 6.54753864e-01 1.14454389e-01
    8.41663957e-01 8.21119308e-01 7.33724236e-01 1.97800636e-01
    3.06466997e-01 6.50170207e-01 7.92864561e-01 4.31389868e-01
    2.58084506e-01 7.79868066e-02 5.51255047e-01 7.20274568e-01
    7.62376547e-01 5.38475871e-01 3.39445949e-01 8.42827499e-01
    4.18049872e-01 6.39766455e-01 3.57803047e-01 5.37187636e-01
    4.90605295e-01 6.01077259e-01 3.91759545e-01 6.62793815e-01
    5.81592977e-01 4.76802409e-01 8.01986337e-01 8.33732724e-01
    3.68988246e-01 7.40391493e-01 9.03428078e-01 7.94420898e-01
    4.94570106e-01 6.17707908e-01 4.77289796e-01 9.90011930e-01
    8.77817512e-01 1.92284644e-01 7.65107751e-01 3.25657010e-01
    3.42371404e-01 2.48288393e-01 8.35583925e-01 3.64377797e-01
    2.82067299e-01 5.22645414e-01 5.56224108e-01 8.41005504e-01
    1.41817838e-01 7.03859389e-01 5.00075758e-01 6.46528125e-01
    9.33749437e-01 2.96237350e-01 1.64853692e-01 1.37214065e-01
    8.97864699e-01 1.61654413e-01 9.87688303e-02 2.45589316e-01
    7.26298928e-01 5.78139722e-01 6.30843282e-01 4.70460743e-01
    2.82763720e-01 6.45640194e-02 1.13968253e-02 6.37585282e-01
    7.12988615e-01 9.33216631e-01 8.09916675e-01 2.65148401e-01
    2.13795781e-01 1.21031165e-01 5.08083642e-01 1.91975534e-02
    3.33998650e-01 5.38384259e-01 1.40556633e-01 5.15280902e-01
    4.30647850e-01 6.15916491e-01 5.84140539e-01 6.74589992e-01
    9.37917829e-03 2.53939599e-01 3.70822757e-01 8.49358737e-02
    5.67767441e-01 3.15512121e-01 8.92205000e-01 7.41127610e-01
    6.96861684e-01 2.19244629e-01 8.40859294e-01 9.83815670e-01
    3.59928519e-01 8.24633598e-01 2.13474363e-01 3.93895805e-01
    5.85787296e-02 4.21725214e-02 3.86836350e-01 2.66125798e-01
    9.69864905e-01 9.56690550e-01 5.48404872e-01 1.74137533e-01
    9.51853514e-01 4.12441045e-01 2.06351966e-01 4.12478030e-01
    6.06164634e-01 6.52140021e-01 9.95645285e-01 9.58476484e-01
    6.52521908e-01 3.76241475e-01 8.50588202e-01 7.28537560e-01
    9.26119804e-01 6.19235098e-01 3.02759171e-01 6.31158710e-01
    4.07769233e-01 4.66039002e-01 8.86374235e-01 6.94361448e-01
    4.42942977e-02 8.78886461e-01 5.21176934e-01 1.61292374e-01
    1.14702314e-01 3.64847481e-01 8.92513990e-01 8.86585414e-01
    2.49182075e-01 4.63648558e-01 6.87503338e-01 5.40073872e-01
    9.77938533e-01 8.16229939e-01 7.71267772e-01 9.49833870e-01
    6.89237475e-01 4.93303984e-01 2.85362601e-01 1.90068603e-01
    5.16507685e-01 4.74675596e-02 3.47214341e-02 9.82424021e-01
    1.07783437e-01 3.02446663e-01 3.38037431e-01 4.91941124e-01
    5.77709913e-01 3.46127123e-01 5.06253362e-01 4.55740094e-01
    2.02187896e-03 1.65648848e-01 5.09148419e-01 3.67760181e-01
    2.29159027e-01 1.89088285e-02 9.68560338e-01 9.00537372e-01
    6.68027639e-01 9.28589106e-01 3.36424530e-01 5.14393687e-01
    1.79916620e-02 8.29396248e-01 9.92965519e-01 7.58534551e-01
    4.05447930e-01 3.11322331e-01 2.26147175e-02 1.56880558e-01
    5.58266401e-01 2.10898101e-01 2.70871639e-01 4.78067935e-01
    9.84430254e-01 4.27658796e-01 3.60715747e-01 2.54028589e-01
    6.28664494e-01 7.80940175e-01 8.10613155e-01 9.27938819e-01
    8.66255939e-01 7.16664195e-02 1.17743462e-01 7.31936693e-01
    1.46285504e-01 4.35323805e-01 3.20597053e-01 1.01527810e-01
    5.38678169e-02 5.18847108e-02 3.33847225e-01 6.83082461e-01
    3.70830536e-01 1.15691274e-01 4.66913104e-01 5.18646836e-03
    1.44485235e-01 5.56043923e-01 2.67980099e-01 9.10462737e-01
    9.24030542e-01 7.11419523e-01 2.80794859e-01 7.15814948e-01
    6.70930326e-01 9.84838963e-01 6.24966145e-01 9.46600735e-01
    8.33653510e-01 5.29732525e-01 1.20957136e-01 5.31347334e-01
    3.88833374e-01 6.52026474e-01 4.89775509e-01 2.25660115e-01
    5.03718436e-01 7.33999968e-01 3.87077034e-02 4.00391668e-01
    5.87509990e-01 3.63685220e-01 6.63158536e-01 1.32181346e-02
    8.26090574e-01 4.50180471e-01 9.58954632e-01 4.71847296e-01
    5.09460807e-01 6.08583033e-01 6.16508961e-01 1.39557421e-02
    5.28248608e-01 4.07086372e-01 4.07405317e-01 2.24086136e-01
    7.68755019e-01 6.70439839e-01 7.98405051e-01 9.24719334e-01
    9.90984619e-01 3.90416682e-02 9.20989633e-01 5.25941014e-01
    1.06970251e-01 9.65594947e-01 3.33366156e-01 7.85379767e-01
    5.56516111e-01 3.55442911e-01 4.52844799e-02 1.58273369e-01
    5.78809202e-01 8.81507099e-02 1.05717987e-01 1.81029767e-01
    4.31277186e-01 8.11187267e-01 6.03142083e-02 2.89730728e-01
    8.02964211e-01 2.83360124e-01 2.57403970e-01 7.82271862e-01
    4.09798831e-01 9.30410028e-01 1.45186752e-01 3.55781913e-02
    4.54463422e-01 7.03157008e-01 8.14352751e-01 4.66289282e-01
    5.20324171e-01 9.73443151e-01 7.01071858e-01 4.15654063e-01
    2.62283206e-01 3.47864628e-02 8.43895674e-01 3.00468862e-01
    9.90248919e-01 3.62896323e-02 3.22749555e-01 8.36114049e-01
    1.27023906e-01 9.29859936e-01 2.95737386e-02 9.26395357e-01
    7.40327597e-01 6.48038149e-01 9.59987938e-01 3.25771272e-01
    7.67446756e-01 6.95970535e-01 2.99578488e-01 5.20166457e-01
    1.64515644e-01 3.95907074e-01 4.91234004e-01 7.47016251e-01
    8.62620950e-01 4.05201077e-01 5.32330275e-01 3.97656560e-02
    2.80487746e-01 1.27162874e-01 7.11653113e-01 2.33311057e-01
    1.17315203e-01 3.92094642e-01 7.13993669e-01 8.10767412e-01
    7.23234236e-01 4.47620034e-01 2.50419259e-01 1.77243471e-01
    7.91229308e-02 2.81098247e-01 7.43051052e-01 4.07367408e-01
    9.51987267e-01 8.07906747e-01 6.76491082e-01 7.67793894e-01
    2.07187980e-01 5.43861866e-01 9.69867349e-01 1.98126286e-01
    8.42670441e-01 1.77706003e-01 6.73632383e-01 7.17668772e-01
    7.54026532e-01 7.05649614e-01 3.64481360e-01 2.18950391e-01
    3.37092221e-01 4.36510205e-01 1.99601293e-01 7.10707128e-01
    6.59325361e-01 8.13791692e-01 7.47853458e-01 6.08802855e-01
    1.04310334e-01 4.28063154e-01 8.93941760e-01 2.59610802e-01
    5.22940814e-01 2.09082425e-01 1.49046212e-01 5.81299365e-01
    3.29512060e-02 5.14135003e-01 5.45453429e-01 2.72238910e-01
    6.13478661e-01 8.14710796e-01 3.76961410e-01 2.79822469e-01
    6.89518571e-01 3.69577408e-01 1.40677482e-01 5.53019464e-01
    1.41680598e-01 8.30302954e-01 9.78475094e-01 8.83490205e-01
    8.46592784e-01 4.87113535e-01 2.54746497e-01 7.27757335e-01
    7.13454425e-01 5.21329045e-02 3.95550787e-01 2.27448344e-02
    6.69351101e-01 3.52956951e-01 5.66255987e-01 4.77577567e-01
    1.28333867e-02 6.29285932e-01 5.57611823e-01 3.47456783e-01
    2.87340879e-02 8.94893110e-01 3.19198579e-01 1.45276427e-01
    6.90666735e-01 9.71669853e-02 1.50616467e-02 4.81520116e-01
    9.43420649e-01 9.21292424e-01 2.68526971e-02 7.71465302e-02
    5.04035532e-01 7.92513013e-01 8.81968260e-01 9.25376296e-01
    8.42179298e-01 1.27476543e-01 7.01428533e-01 9.61263120e-01
    7.28371561e-01 6.64256334e-01 8.43304634e-01 7.48209178e-01
    5.24889052e-01 6.85493469e-01 8.61199796e-02 2.48744398e-01
    1.91046178e-01 1.47220492e-01 5.42155623e-01 4.55143511e-01
    8.19963992e-01 9.14057553e-01 6.65766895e-02 8.33576500e-01
    8.31307411e-01 4.38386530e-01 2.20616013e-01 4.84605104e-01
    1.94060773e-01 4.87637550e-01 3.49518836e-01 5.23576021e-01
    9.02596712e-01 6.50982022e-01 2.03487217e-01 1.59723997e-01
    7.58855224e-01 1.67066991e-01 8.08847070e-01 3.72881114e-01
    1.66671395e-01 3.52278233e-01 6.28660619e-01 3.86211932e-01
    7.66418278e-02 1.95560157e-01 6.89139903e-01 4.35881317e-01
    4.57337648e-01 2.14472562e-01 4.14844155e-02 1.23043001e-01
    5.69048703e-01 7.76633859e-01 2.14502037e-01 9.52630043e-02
    6.67936742e-01 7.02876925e-01 2.50409067e-01 3.56866360e-01
    6.24954343e-01 5.20502031e-01 8.30444098e-01 6.44101799e-01
    7.26210475e-01 3.40456754e-01 9.44850802e-01 3.32866490e-01
    6.05636418e-01 2.08880812e-01 4.03947264e-01 3.72503042e-01
    1.85449898e-01 1.20147318e-01 4.76679057e-01 2.10585654e-01
    4.25997376e-03 7.92550921e-01 9.37322617e-01 1.65849030e-01
    8.47326159e-01 5.07744133e-01 9.44323242e-01 8.55355382e-01
    1.75512761e-01 1.74320430e-01 3.09780538e-02 9.82057214e-01
    6.11729860e-01 2.24897146e-01 9.42630708e-01 1.65827632e-01
    8.40491652e-01 9.49518621e-01 3.26448649e-01 2.99203277e-01
    2.16027588e-01 1.07675135e-01 7.81498671e-01 4.23831522e-01
    2.91627705e-01 3.69225085e-01 4.96327221e-01 3.54857057e-01
    3.99504840e-01 1.14240289e-01 5.28881133e-01 1.17849916e-01
    7.91451573e-01 8.23793530e-01 4.29955542e-01 7.55885243e-02
    6.86819553e-01 9.39082325e-01 8.62473130e-01 4.86135781e-02
    6.45599782e-01 2.59922504e-01 8.57741237e-01 4.94012684e-01
    8.64151955e-01 5.05749226e-01 2.60364175e-01 5.05875647e-01
    4.51985478e-01 5.68134785e-01 2.96123743e-01 7.21827924e-01
    1.99251890e-01 1.03113919e-01 6.45116985e-01 4.42672640e-01
    8.24649215e-01 5.82826912e-01 3.68733436e-01 4.57512140e-02
    1.22339725e-02 2.62710422e-01 5.96443892e-01 7.48131752e-01
    4.35341179e-01 9.88881350e-01 1.43006325e-01 5.42520821e-01
    4.38507557e-01 8.24925303e-01 6.74034119e-01 9.86106038e-01
    5.19845903e-01 9.16175544e-02 1.68419093e-01 6.84792876e-01
    9.05144453e-01 5.01234293e-01 5.22490740e-02 9.22582448e-01
    6.83942497e-01 4.53432858e-01 9.07575727e-01 7.14046359e-01
    7.35179484e-01 2.77034998e-01 6.66843653e-01 4.75628972e-01
    4.99001712e-01 3.11841577e-01 8.50117326e-01 5.25621772e-01
    2.29438931e-01 9.57197309e-01 2.90568173e-02 6.29786432e-01
    6.25403404e-01 5.16188860e-01 1.18832290e-01 6.79057777e-01
    1.32196546e-01 7.06949830e-01 4.97399569e-01 5.53944707e-01
    9.04068947e-01 5.59388459e-01 8.25734615e-01 4.65317875e-01
    4.02740479e-01 6.09693885e-01 6.68525934e-01 8.69003892e-01
    6.08109713e-01 1.86366200e-01 4.47321087e-01 6.26174569e-01
    5.79756141e-01 6.02702200e-01 5.03769279e-01 5.21979034e-01
    7.57666707e-01 6.99953556e-01 8.51345062e-01 9.53494906e-02
    4.38501239e-01 8.12726259e-01 7.49031603e-01 1.93493485e-01
    4.98905241e-01 8.96603703e-01 7.32161283e-01 4.53780949e-01
    2.39213973e-01 7.27904081e-01 8.48912716e-01 2.86960483e-01
    5.70435941e-01 8.77938032e-01 2.93245703e-01 4.44737583e-01
    2.67618954e-01 5.64704895e-01 8.99170339e-02 4.98480350e-01
    9.87760544e-01 4.28156972e-01 3.28773618e-01 1.77771509e-01
    6.86164081e-01 7.03734577e-01 5.43138504e-01 1.87068373e-01
    4.15084660e-01 9.39361453e-01 9.52662647e-01 2.69440711e-01
    5.53274274e-01 2.90578902e-01 5.16632140e-01 1.73718423e-01
    7.04358757e-01 8.85514915e-02 8.51380706e-01 4.51772302e-01
    4.33528215e-01 8.80620718e-01 8.89167488e-02 1.93455786e-01
    3.98717701e-01 6.92867219e-01 8.14746976e-01 5.76630235e-02
    6.75545096e-01 6.36965871e-01 7.57016778e-01 2.04268992e-02
    9.73578691e-01 7.84145594e-01 1.50451958e-01 6.55137897e-01
    6.01568818e-02 1.90754682e-01 8.05362165e-02 4.99818802e-01
    3.74141634e-01 9.56946015e-02 5.18322408e-01 4.77521360e-01
    7.46077776e-01 4.28926826e-01 1.14099383e-02 1.01281077e-01
    5.81306756e-01 3.56537580e-01 3.57069969e-02 7.94979274e-01
    3.96810144e-01 2.94238269e-01 3.71292591e-01 7.50364423e-01
    7.04341888e-01 2.99645364e-01 1.88974530e-01 9.80127215e-01
    6.80198669e-01 5.88717282e-01 1.15203053e-01 3.17841172e-02
    3.49924386e-01 7.87720382e-01 1.55872107e-02 2.87487417e-01
    9.87262189e-01 9.66145098e-01 6.10453069e-01 1.14076227e-01
    1.71824783e-01 6.92238808e-01 6.12377763e-01 3.19656909e-01
    8.90937150e-01 6.03750050e-02 1.98011905e-01 5.31573534e-01
    4.91801798e-01 5.63482046e-01 5.28201759e-02 7.44374871e-01
    4.30399537e-01 1.93984807e-01 4.39920634e-01 6.42912745e-01
    8.12806308e-01 1.44940436e-01 9.66558337e-01 4.07251149e-01
    2.14571744e-01 3.09070647e-01 7.01318502e-01 1.15149170e-01
    1.52668625e-01 6.90273046e-02 7.36352801e-03 1.67311937e-01
    6.12721086e-01 7.15074778e-01 1.40815407e-01 8.15663159e-01
    3.33125651e-01 1.27987266e-01 4.46881741e-01 7.45235205e-01
    1.98186934e-01 8.96004617e-01 3.35763395e-02 1.85387760e-01
    5.73126495e-01 9.69773948e-01 5.61965644e-01 4.98530477e-01
    2.86278784e-01 9.50042784e-01 4.39070880e-01 2.14178264e-01
    1.71422482e-01 3.67610812e-01 6.76828146e-01 4.87685055e-01
    6.73085153e-02 3.62476349e-01 4.79052305e-01 6.93904042e-01
    4.06330049e-01 1.14565194e-02 7.93293536e-01 6.45507276e-02
    4.76287603e-02 7.88504362e-01 6.25319004e-01 4.20854837e-01
    7.86067545e-02 5.02591193e-01 8.60003889e-01 6.07211351e-01
    4.28338349e-01 2.79842019e-02 1.58741802e-01 9.44371700e-01
    5.86824715e-02 2.27590621e-01 9.40364003e-02 4.59624797e-01
    8.00380170e-01 7.29186773e-01 1.86403453e-01 1.50075555e-02
    7.46084094e-01 8.03254366e-01 1.01826727e-01 5.62974334e-01
    1.81208730e-01 5.50191998e-01 3.59836489e-01 1.63306981e-01
    6.26626611e-02 8.46234202e-01 1.91850573e-01 2.78769672e-01
    5.79639196e-01 9.81017232e-01 5.08367240e-01 8.13723207e-02
    2.97119975e-01 5.35510242e-01 3.30130756e-01 9.40118432e-01
    8.46360087e-01 5.04573166e-01 6.62014484e-01 7.72200823e-01
    2.99631774e-01 3.17657232e-01 6.58369422e-01 5.84455967e-01
    2.86839724e-01 9.71157670e-01 3.70401025e-01 1.25377268e-01
    5.96360981e-01 2.28735745e-01 8.74587595e-01 5.34308732e-01
    9.31622386e-02 7.97929168e-02 4.04521018e-01 7.23679185e-01
    9.69170809e-01 8.86471629e-01 9.51804161e-01 3.87116164e-01
    6.21241093e-01 7.71796823e-01 7.49366641e-01 1.21608377e-03
    7.68425167e-02 8.72205496e-01 3.95298004e-03 6.58896506e-01
    2.15696514e-01 7.10732162e-01 3.65523219e-01 8.21354687e-02
    4.59634274e-01 7.63017297e-01 9.14644480e-01 6.61980987e-01
    3.18023175e-01 8.15706253e-01 7.94567108e-01 7.81815410e-01
    1.04307175e-01 3.21359217e-01 2.36344874e-01 7.67045677e-01
    8.10907483e-02 2.55781025e-01 9.48855162e-01 3.26276720e-02
    7.79955506e-01 5.54986954e-01 2.87038326e-01 2.08904147e-02
    2.00216383e-01 4.07224059e-01 8.13848495e-01 4.39300776e-01
    9.42381024e-01 4.88310337e-01 2.79626966e-01 7.13104308e-01
    4.25592959e-01 3.55748355e-01 1.03085846e-01 8.42492342e-01
    8.15942168e-01 5.66540122e-01 2.58080304e-01 7.23947108e-01
    3.57913554e-01 4.05213356e-01 3.51022124e-01 7.11790740e-01
    3.55293989e-01 7.95775652e-01 8.07261586e-01 7.18062282e-01
    9.05374169e-01 7.49130845e-02 2.58749634e-01 5.96183538e-02
    9.38431025e-01 2.52176672e-01 5.26545405e-01 1.72099918e-01
    5.81831336e-01 1.11994356e-01 2.82336324e-01 3.88009936e-01
    3.83219510e-01 3.52763444e-01 7.38696158e-02 3.89926851e-01
    1.90399498e-01 8.32813740e-01 4.73763168e-01 1.83850050e-01
    7.99202323e-01 2.65478283e-01 8.85664225e-02 1.77621812e-01
    4.12329584e-01 5.84357738e-01 5.09406090e-01 2.03680038e-01
    2.65044570e-02 9.60562408e-01 3.49699318e-01 2.15877265e-01
    9.71465945e-01 3.73389214e-01 7.61022449e-01 8.99826527e-01
    5.29948175e-01 7.64524341e-02 9.65175629e-01 7.04327822e-01
    4.69036102e-02 7.44060993e-01 1.13619030e-01 8.33510756e-01
    5.83611548e-01 6.24164045e-02 3.64741445e-01 4.15145725e-01
    7.51991391e-01 4.56861317e-01 8.47824037e-01 3.06771278e-01
    3.96045387e-01 5.30284226e-01 1.04208708e-01 5.17897904e-01
    4.64496404e-01 8.23226154e-01 3.41589689e-01 5.72121441e-02
    9.97638047e-01 5.01171947e-01 9.69457269e-01 9.35386419e-01
    1.07394487e-01 8.12786877e-01 5.13411760e-01 6.79313838e-01
    2.58047968e-01 8.23168457e-02 9.05386806e-02 6.99240088e-01
    8.30555558e-01 2.65344322e-01 6.27476573e-01 6.31261289e-01
    6.69103324e-01 7.69664884e-01 3.66494358e-01 4.91467506e-01
    6.22104287e-01 3.27385902e-01 6.59977436e-01 3.64878654e-01
    1.91219151e-01 8.38396788e-01 7.79664814e-02 5.59569240e-01
    7.30802715e-02 1.21450126e-02 4.35304135e-01 2.68232524e-01
    7.02571034e-01 5.83424330e-01 2.37858206e-01 1.94454700e-01
    2.15342343e-01 7.18433022e-01 9.53751743e-01 3.24762821e-01
    9.25317526e-01 7.69006848e-01 6.61111355e-01 4.96537000e-01
    5.39676249e-02 8.36800396e-01 2.45539397e-01 4.07268047e-01
    3.46666008e-01 2.71250546e-01 3.15097868e-02 7.90828764e-02
    8.09806108e-01 5.86548448e-03 6.46343052e-01 1.85507715e-01
    9.56188202e-01 1.83121443e-01 3.02985072e-01 9.94467020e-01
    9.34010446e-02 2.84103870e-01 9.05764699e-02 8.75797153e-01
    8.07652771e-01 4.05097783e-01 5.91599882e-01 2.78212070e-01
    1.67914778e-01 3.34359944e-01 2.38608032e-01 5.19911230e-01
    9.25498962e-01 1.83237940e-01 9.72865820e-01 1.31721258e-01
    7.09655821e-01 1.22456849e-01 4.53448951e-01 3.37565422e-01
    3.71454537e-01 9.88646686e-01 4.74953443e-01 1.56216502e-01
    7.32806981e-01 3.72188210e-01 3.23812306e-01 1.76173747e-02
    3.54959309e-01 9.14926291e-01 2.16440976e-01 3.62671494e-01
    8.27418089e-01 5.71328104e-01 1.27200067e-01 6.81549430e-01
    5.60735404e-01 1.98958516e-01 1.14792913e-01 1.56601340e-01
    9.85119402e-01 5.30201793e-01 1.72535330e-01 9.67246592e-02
    3.41632962e-02 3.71226668e-03 1.66121870e-01 4.74851936e-01
    5.95158637e-01 4.25340176e-01 5.42389214e-01 9.72246945e-01
    6.91820264e-01 7.18854964e-02 6.26299202e-01 9.87956822e-01
    7.60505557e-01 1.13434941e-01 6.98895812e-01 2.02524662e-02
    4.22415435e-01 9.86266494e-01 5.20913184e-01 1.59203470e-01
    4.88901138e-01 4.76427227e-01 1.03411973e-01 3.96978378e-01
    9.42204595e-01 3.89830559e-01 7.53403068e-01 3.20665538e-01
    5.72966695e-01 1.20626897e-01 2.33432502e-01 1.00538909e-01
    6.82136238e-01 5.07933617e-01 5.83873332e-01 7.39846230e-01
    4.14583862e-01 8.25928867e-01 2.68147469e-01 5.97665906e-01
    3.93350571e-01 2.21109897e-01 2.16813773e-01 6.09007418e-01
    3.40648770e-01 1.26534104e-01 4.21142876e-01 8.42429757e-01
    1.04195476e-01 2.75579512e-01 2.95577347e-02 8.12044442e-02
    9.38615441e-01 1.46887869e-01 5.19951284e-02 2.93946981e-01
    2.92274356e-01 2.06723750e-01 9.14959192e-01 5.04366398e-01
    8.15187812e-01 7.05622733e-01 9.34979677e-01 2.27546781e-01
    7.69110918e-01 8.78114939e-01 7.13893652e-01 1.30708039e-01
    4.23041910e-01 4.82804954e-01 6.22184038e-01 1.84460849e-01
    3.67203355e-01 9.71074581e-01 1.39601201e-01 1.16286576e-02
    2.56394207e-01 8.75323653e-01 5.41023850e-01 5.16968966e-01
    8.91561806e-02 5.01583993e-01 8.70462775e-01 2.46662825e-01
    6.31424010e-01 2.29093015e-01 2.64067680e-01 9.28571939e-01
    6.96368575e-01 4.49652195e-01 1.91218197e-01 8.07227492e-02
    8.03969026e-01 8.72090340e-01 1.90194070e-01 2.63638675e-01
    7.54106998e-01 5.63023806e-01 4.44317937e-01 6.29188836e-01
    7.19723940e-01 3.75763625e-01 7.75893092e-01 8.53116274e-01
    6.71063602e-01 5.52710712e-01 6.06702924e-01 8.15055847e-01
    2.39396811e-01 4.83337611e-01 4.47491407e-02 2.67545313e-01
    3.22126925e-01 4.26140547e-01 5.72021067e-01 7.26521611e-01
    3.14240307e-01 1.99145287e-01 1.38932317e-01 9.44976687e-01
    2.29879439e-01 8.02495003e-01 6.90026164e-01 1.15584671e-01
    9.94858384e-01 9.85372305e-01 2.62720525e-01 9.95014906e-01
    4.01930511e-01 6.61727369e-01 1.69520557e-01 6.55899048e-02
    2.52965838e-01 3.64232481e-01 6.32225990e-01 6.54606819e-01
    4.30997610e-01 9.10947680e-01 6.90303624e-01 9.64191854e-02
    8.95914793e-01 2.84680724e-03 6.25586629e-01 2.54541069e-01
    5.81033885e-01 5.91340661e-02 1.28830463e-01 7.14865148e-01
    7.56067395e-01 2.44733959e-01 7.47235715e-01 8.49493504e-01
    8.16415191e-01 9.91635501e-01 8.71096134e-01 3.81907463e-01
    6.61836445e-01 4.81175005e-01 7.25875616e-01 8.34936023e-01
    9.08613920e-01 8.99583459e-01 9.36678946e-01 2.92762280e-01
    3.62855017e-01 8.23544979e-01 1.57688558e-02 4.43451792e-01
    5.42415798e-01 7.21781611e-01 7.47534513e-01 2.85916388e-01
    9.94238734e-01 4.42993939e-01 9.69284832e-01 9.21864450e-01
    2.85843313e-01 4.19239819e-01 7.12108016e-02 7.48972714e-01
    4.45714623e-01 6.92412972e-01 2.57217765e-01 1.46215647e-01
    2.05251604e-01 5.74611902e-01 6.52020276e-02 1.14210188e-01
    3.78177106e-01 1.44433349e-01 6.20546520e-01 5.57850301e-01
    3.09947431e-01 5.73127687e-01 2.86926746e-01 1.90210074e-01
    8.59448314e-02 5.15045047e-01 3.00007343e-01 2.54792094e-01
    2.64940768e-01 8.10471535e-01 5.13177693e-01 5.77300191e-01
    6.02060497e-01 1.49047673e-01 9.97748017e-01 2.10745156e-01
    7.96943188e-01 1.79129869e-01 7.53839314e-01 3.04806530e-01
    1.39013618e-01 9.91923749e-01 3.89562219e-01 1.45292342e-01
    2.01717019e-02 5.92827022e-01 1.41076267e-01 1.57887220e-01
    4.72746313e-01 1.48380548e-01 3.71401489e-01 4.10911739e-02
    5.78320742e-01 6.36500716e-01 5.36613107e-01 1.58495575e-01
    6.13768935e-01 5.69544315e-01 1.18075699e-01 6.07748985e-01
    8.03512514e-01 7.67156482e-03 4.40118760e-01 9.55390930e-01
    9.87480521e-01 1.61084831e-02 8.49196434e-01 5.29469669e-01
    4.09440309e-01 1.60362989e-01 8.62520993e-01 4.19084817e-01
    6.74480617e-01 5.23823917e-01 3.97776961e-01 6.71041429e-01
    5.45199692e-01 7.63061285e-01 3.94969583e-01 1.06199682e-02
    2.84519136e-01 8.92404735e-01 7.05856383e-02 8.70010555e-01
    1.60325289e-01 8.80699515e-01 7.36464620e-01 5.07565796e-01
    3.02248955e-01 8.72946739e-01 2.56195933e-01 1.12536401e-01
    2.92448044e-01 3.75385582e-02 7.77508616e-01 1.83506131e-01
    1.71500206e-01 1.23227179e-01 5.83828747e-01 4.03876603e-01
    8.67298365e-01 3.23075116e-01 4.21672821e-01 8.51498723e-01
    7.32482135e-01 3.28140318e-01 3.98238063e-01 7.71605134e-01
    6.29889727e-01 8.68162990e-01 6.57934010e-01 6.37225986e-01
    2.58396387e-01 5.16040325e-02 5.60396433e-01 3.67798656e-01
    2.59942591e-01 4.55853254e-01 8.11583400e-01 6.70090318e-01
    9.50587690e-02 4.18766826e-01 2.29642123e-01 7.55875468e-01
    9.06833768e-01 3.07239532e-01 7.87960649e-01 7.93261409e-01
    1.18872315e-01 5.17970383e-01 9.00801182e-01 3.12359810e-01
    5.57270646e-01 3.28014016e-01 2.80196220e-01 4.91923928e-01
    9.36173558e-01 1.84398115e-01 4.90748852e-01 4.64786053e-01
    6.70506597e-01 1.87935859e-01 5.16387463e-01 2.91736275e-01
    4.88005877e-02 4.37252402e-01 9.78618741e-01 5.05527258e-01
    1.08105987e-01 7.83213139e-01 2.63622224e-01 3.53590667e-01
    4.96166617e-01 1.66779131e-01 7.76879907e-01 7.28406429e-01
    9.41353500e-01 5.79862356e-01 1.69333458e-01 6.33084059e-01
    2.00018018e-01 8.80035162e-01 7.26404488e-01 9.76984322e-01
    2.84490585e-02 4.88691390e-01 7.26264238e-01 3.44396204e-01
    4.75304604e-01 5.07445633e-01 3.92193258e-01 2.38583237e-01
    7.84974694e-01 3.13955188e-01 2.64102936e-01 2.57890046e-01
    4.33303118e-02 9.99744773e-01 3.88735324e-01 6.13705635e-01
    1.60309374e-02 8.01343620e-02 5.82024515e-01 5.40791869e-01
    6.49546623e-01 3.36010814e-01 9.81792569e-01 5.14531910e-01
    4.17777091e-01 4.89727855e-01 2.51649201e-01 6.40072644e-01
    5.94723225e-01 3.76369983e-01 5.39998531e-01 3.71107042e-01
    7.12880790e-02 7.52418995e-01 9.87202048e-01 5.19013822e-01
    4.08244729e-02 1.77771032e-01 4.26095128e-01 5.74687839e-01
    8.22272182e-01 1.09005183e-01 3.97652328e-01 4.35951948e-01
    3.88004482e-02 6.26291215e-01 1.40201718e-01 2.07139850e-01
    2.38797069e-02 1.59082294e-01 6.87924266e-01 8.90231729e-01
    4.34003443e-01 9.44722235e-01 8.87429833e-01 8.19876194e-01
    9.09958899e-01 6.05848610e-01 6.64800286e-01 1.85716450e-01
    7.23952293e-01 8.56984615e-01 1.77657098e-01 4.31136489e-02
    2.40615189e-01 6.05261922e-01 3.23901057e-01 6.56885862e-01
    1.00586176e-01 3.84274513e-01 1.38190180e-01 9.20517325e-01
    6.34624898e-01 9.82127786e-02 2.53085136e-01 9.14638162e-01
    6.46815956e-01 8.07491899e-01 7.76783705e-01 5.63219428e-01
    8.35933089e-01 4.44495052e-01 2.87929237e-01 5.33398688e-01
    7.89486051e-01 2.67963171e-01 7.57127404e-01 5.79473734e-01
    2.11962759e-01 5.56432605e-01 6.89514279e-01 2.34212518e-01
    7.84510195e-01 8.17735195e-01 5.77613115e-02 6.92125857e-02
    6.55933201e-01 4.70945418e-01 6.75257742e-01 9.98409033e-01
    3.51924300e-01 1.86536759e-01 8.45656991e-02 7.91169405e-01
    5.09144068e-01 4.48940754e-01 5.35553873e-01 9.36168790e-01
    2.63556391e-01 7.49684095e-01 6.48096144e-01 4.04836327e-01
    4.07203704e-01 5.46024382e-01 7.92816401e-01 4.74893451e-01
    8.72381449e-01 6.53588474e-01 8.94356072e-02 4.35094774e-01
    3.58861566e-01 2.20861673e-01 3.54045630e-03 8.06880474e-01
    2.20577687e-01 3.29118848e-01 3.79658759e-01 4.65412140e-02
    6.57918811e-01 6.44660234e-01 3.70505631e-01 2.01397449e-01
    4.00714338e-01 1.23138905e-01 3.13790679e-01 5.01808822e-01
    8.10629010e-01 2.48971879e-01 8.78636241e-01 2.77347445e-01
    5.40167689e-02 7.13309705e-01 2.11933762e-01 8.03108335e-01
    5.54669380e-01 2.82209873e-01 7.33987689e-01 3.16441059e-04
    7.93026984e-02 8.55824232e-01 4.50257510e-01 7.76279926e-01
    6.19458258e-02 7.30931163e-02 3.11752498e-01 5.10612190e-01
    4.07517135e-01 1.02602929e-01 8.57823133e-01 9.71066356e-02
    2.03247041e-01 5.06069720e-01 7.51117468e-01 3.77672344e-01
    4.35540468e-01 6.50262296e-01 7.09964454e-01 2.79734135e-02
    6.14004970e-01 8.65788817e-01 1.36373371e-01 7.77082920e-01
    9.74192321e-01 3.76450121e-02 2.51386762e-02 7.84348726e-01
    8.55142832e-01 7.91199565e-01 8.77609611e-01 8.39899063e-01
    1.94102436e-01 5.45317888e-01 2.39979804e-01 5.62085271e-01
    3.41662943e-01 4.44929153e-01 9.64849472e-01 3.48300159e-01
    7.26407945e-01 9.40899611e-01 2.51142919e-01 4.64085877e-01
    8.82516861e-01 6.57858789e-01 5.52180409e-02 4.04970169e-01
    7.10103452e-01 1.43657118e-01 5.34360826e-01 9.43188608e-01
    5.32260001e-01 9.10422742e-01 7.95112669e-01 8.39193225e-01
    4.90234077e-01 5.37662864e-01 9.24835086e-01 2.84822643e-01
    2.21364737e-01 4.43109453e-01 1.06519341e-01 1.18431896e-01
    2.70524621e-02 8.43147218e-01 6.62499189e-01 2.91663885e-01
    2.61608869e-01 8.79364371e-01 1.48992628e-01 3.29587311e-01
    2.39006251e-01 3.52715552e-02 7.41693377e-01 3.73620689e-02
    9.01427269e-01 8.18787217e-02 6.94798708e-01 9.64734554e-01
    7.88276076e-01 3.92265320e-01 9.56161857e-01 9.29689705e-02
    2.41124928e-02 8.26634049e-01 5.74396968e-01 5.04102647e-01
    3.17488253e-01 2.88242042e-01 2.27971673e-02 2.36333042e-01
    9.63877797e-01 5.41787684e-01 8.57776105e-02 7.75616407e-01
    3.08118820e-01 9.36169267e-01 3.54287863e-01 7.16746926e-01
    4.44862664e-01 1.54182225e-01 5.55127263e-01 2.36806333e-01
    6.78169668e-01 2.27827132e-02 2.58257985e-02 4.95100647e-01
    9.85888600e-01 2.02542186e-01 3.15409541e-01 7.67823160e-02
    7.62757719e-01 3.45557719e-01 1.94324464e-01 3.33879948e-01
    6.63483322e-01 3.03571582e-01 3.48726809e-01 1.10395968e-01
    6.71855390e-01 7.11353302e-01 9.76086020e-01 3.60744238e-01
    9.00095046e-01 7.84528613e-01 9.74055350e-01 9.87419605e-01
    7.21127689e-02 4.55309868e-01 6.43598974e-01 5.07711947e-01
    7.02966094e-01 8.16229224e-01 8.24598670e-02 7.29650199e-01
    3.43619257e-01 9.77469087e-01 4.55389082e-01 1.31625384e-01
    8.74696076e-01 7.79017448e-01 7.87373483e-02 5.34753084e-01
    8.55045319e-01 5.24664164e-01 7.88204312e-01 6.13558114e-01
    8.86610866e-01 7.10001290e-01 4.28447783e-01 5.19735336e-01
    6.26055300e-02 8.63176703e-01 7.70942926e-01 5.22685349e-01
    1.51352882e-02 9.02272344e-01 8.53886902e-02 3.21751386e-01
    6.99603319e-01 7.17167974e-01 1.90973580e-01 4.41233546e-01
    1.79672629e-01 2.19518930e-01 9.08234775e-01 2.28383213e-01
    1.41403705e-01 9.01230216e-01 6.34373486e-01 8.95077705e-01
    6.47561550e-01 6.54418588e-01 5.10721326e-01 7.08774924e-02
    4.90163565e-02 1.89665854e-01 9.46681499e-01 4.91637528e-01
    8.15401077e-02 7.75404751e-01 6.06536388e-01 1.63500667e-01
    9.56130624e-01 5.81039429e-01 8.86534870e-01 7.96431780e-01
    7.10277557e-01 8.22016895e-02 2.18180120e-01 3.86182040e-01
    4.43467885e-01 5.12690365e-01 9.50614035e-01 4.02461678e-01
    4.22204316e-01 5.66479564e-03 4.04864579e-01 5.44660747e-01
    1.74312770e-01 3.01167428e-01 8.47187221e-01 8.95747662e-01
    9.06138897e-01 1.05774999e-01 4.45671439e-01 9.81055200e-01
    4.66881216e-01 6.76512301e-01 2.52020597e-01 8.28105986e-01
    2.52635777e-01 9.31927383e-01 5.75902462e-01 5.20258725e-01
    3.35290015e-01 6.92698777e-01 3.54048610e-01 4.73851919e-01
    5.55459678e-01 4.60155010e-02 9.83545065e-01 7.04870820e-01
    6.20820343e-01 1.17345154e-01 5.81705272e-01 8.87866139e-01
    8.99243593e-01 8.64401937e-01 8.20593834e-02 3.00961047e-01
    7.29695797e-01 2.73459345e-01 5.22532463e-02 7.00274229e-01
    8.31108689e-01 9.75860596e-01 5.19415736e-01 4.49752271e-01
    1.10420018e-01 9.82588887e-01 7.24083185e-01 2.82054186e-01
    3.36464167e-01 7.26436913e-01 9.92890477e-01 3.80286038e-01
    8.91960859e-02 8.98302674e-01 2.16225296e-01 6.92144811e-01
    9.67751205e-01 4.08154249e-01 3.47463608e-01 4.44547206e-01
    6.50961995e-01 7.95154274e-02 4.33156431e-01 6.59033418e-01
    7.16291785e-01 1.78268522e-01 9.59555507e-01 6.74555719e-01
    7.56971955e-01 4.95218188e-01 2.12813616e-01 3.69561911e-02
    9.29537892e-01 1.08023584e-02 7.84158707e-02 8.47224176e-01
    6.19447649e-01 2.44124144e-01 6.10606670e-01 3.70786726e-01
    8.75398993e-01 8.02069902e-02 1.84588879e-01 4.85126704e-01
    7.06468821e-02 3.73693466e-01 5.43434501e-01 9.84752119e-01
    5.58530986e-01 8.27312768e-01 6.65236831e-01 2.85876691e-01
    1.89886868e-01 7.19542682e-01 4.16249633e-02 2.21730381e-01
    7.75880098e-01 4.48645055e-01 4.25307333e-01 6.36865377e-01
    4.21120107e-01 9.35242116e-01 9.24209952e-02 7.15289712e-02
    1.47360265e-01 4.52244014e-01 4.17660862e-01 6.29924953e-01
    4.36180800e-01 9.14359689e-01 5.88670313e-01 7.75985599e-01
    8.53951395e-01 6.79966152e-01 5.55382431e-01 2.00441390e-01
    9.96335268e-01 9.84587669e-01 9.03251767e-03 4.82730836e-01
    8.99977446e-01 2.25473255e-01 6.90880001e-01 7.69722104e-01
    2.87336111e-03 4.16883737e-01 9.51564312e-01 8.42577815e-01
    4.90932584e-01 7.39018738e-01 2.78954268e-01 4.71904874e-03
    8.19446683e-01 8.19271088e-01 2.24326164e-01 3.33912671e-01
    4.76956755e-01 7.67152607e-01 8.19885612e-01 7.07603872e-01
    1.65175647e-01 9.73680139e-01 8.35359395e-01 7.67861128e-01
    1.47511005e-01 2.59215325e-01 4.24688250e-01 5.22494316e-01
    1.37068033e-01 6.85197115e-03 4.66498047e-01 2.16600895e-01
    1.01868808e-01 3.78565550e-01 9.86677527e-01 6.91696167e-01
    2.06274718e-01 9.99219894e-01 3.21113527e-01 4.77154464e-01
    5.13320029e-01 2.01625317e-01 5.58284342e-01 5.59278131e-02
    4.53901827e-01 8.78411889e-01 1.86147511e-01 9.40673053e-02
    4.71504420e-01 6.56307578e-01 2.21932471e-01 6.65942252e-01
    1.95119739e-01 1.61741585e-01 7.82498121e-01 9.86561775e-01
    7.91313350e-02 2.22474128e-01 4.59304690e-01 7.22771287e-02
    3.50488454e-01 8.21933568e-01 9.44286585e-01 9.46212947e-01
    4.38041568e-01 1.97169095e-01 2.48774290e-01 5.02237916e-01
    5.89511514e-01 7.64665902e-01 3.94933820e-01 7.53359914e-01
    2.07693577e-01 1.72101170e-01 2.61027813e-01 1.68774307e-01
    2.36885726e-01 1.74564898e-01 6.68881536e-02 4.61420953e-01
    4.36550796e-01 4.57293570e-01 7.19576478e-01 5.11920750e-01
    1.45041674e-01 6.55110717e-01 3.61028910e-01 7.55146205e-01
    7.20054507e-02 6.58923268e-01 6.71636641e-01 5.95612943e-01
    4.95820820e-01 7.38896489e-01 5.96655011e-01 5.92084706e-01
    7.57311821e-01 7.68894434e-01 6.96255982e-01 7.81676412e-01
    3.25653970e-01 2.46060371e-01 8.00647199e-01 4.88842368e-01
    7.17687249e-01 1.85632795e-01 8.67323577e-01 6.33690119e-01
    2.85911620e-01 4.99403685e-01 8.24347258e-01 5.15347183e-01
    3.10658216e-01 1.61903322e-01 2.53802538e-01 4.53936279e-01
    8.21235716e-01 1.74502790e-01 2.67109752e-01 4.57139015e-02
    3.67888689e-01 9.74196196e-03 4.28779542e-01 4.03599828e-01
    7.50636697e-01 5.22611022e-01 4.14415777e-01 9.15025651e-01
    9.08054411e-02 4.80393648e-01 9.25627112e-01 9.49168324e-01
    6.60582423e-01 8.52071285e-01 8.46463442e-01 4.86312389e-01
    4.68816012e-01 9.72767830e-01 8.03000093e-01 9.40831304e-02
    8.08127642e-01 7.09497988e-01 8.78834844e-01 8.02236915e-01
    4.58364069e-01 8.15782905e-01 2.88743317e-01 6.20837331e-01
    4.89207089e-01 6.40730858e-02 5.70354581e-01 4.95985568e-01
    5.81725478e-01 4.36721772e-01 1.00677729e-01 1.87174231e-01
    2.47250199e-01 3.25077116e-01 8.92815828e-01 8.14423442e-01
    2.15507090e-01 5.49675584e-01 4.14878845e-01 7.04716086e-01
    5.89042902e-01 6.25882685e-01 2.83843994e-01 9.59100008e-01
    2.51346707e-01 1.63577765e-01 1.92216516e-01 1.81819886e-01
    4.03194249e-01 8.66863728e-01 3.27415645e-01 9.35392022e-01
    7.87274003e-01 3.27627897e-01 9.12607729e-01 9.65748429e-01
    7.57960141e-01 2.96350420e-02 7.24236846e-01 8.31636012e-01
    1.07326925e-01 4.45625484e-01 1.08746171e-01 9.75518346e-01
    6.74865067e-01 8.74512076e-01 1.34979486e-01 4.80839193e-01
    9.38052356e-01 1.79645717e-02 1.90296441e-01 9.09554958e-01
    5.54522991e-01 4.50668514e-01 5.40651381e-01 7.65849233e-01
    5.03188491e-01 1.37858540e-01 3.92081320e-01 8.16828430e-01
    1.32739842e-01 3.66138637e-01 4.42576408e-02 1.62417769e-01
    7.11874425e-01 3.53528202e-01 6.52819514e-01 3.52418274e-01
    1.82401180e-01 5.05670428e-01 1.77316338e-01 9.32867169e-01
    3.47878337e-02 8.24357510e-01 2.32903272e-01 3.59697461e-01
    4.08559263e-01 9.92641807e-01 3.36660922e-01 6.41039371e-01
    1.60818964e-01 5.24503589e-02 3.61438125e-01 4.67360437e-01
    1.24418348e-01 1.00557387e-01 3.11349332e-02 5.13947010e-01
    4.73826408e-01 9.96516943e-02 8.30804348e-01 9.11825418e-01
    7.93927312e-01 3.88816297e-01 6.93951249e-01 8.43247652e-01
    3.38534474e-01 7.35615849e-01 5.99237025e-01 2.84269065e-01
    7.29413152e-01 4.49637502e-01 7.93625951e-01 6.23953164e-01
    5.62028587e-01 7.87443817e-01 4.25741494e-01 4.91698653e-01
    9.19895411e-01 3.73023659e-01 8.17313194e-01 9.17067587e-01
    5.68371475e-01 3.83457929e-01 4.94621575e-01 4.78984594e-01
    8.14015448e-01 2.65049279e-01 4.21096742e-01 5.86291552e-02
    6.62814438e-01 2.27208734e-02 6.04640067e-01 3.97754788e-01
    6.10747874e-01 9.12897468e-01 8.96297991e-02 9.59571838e-01
    7.95087576e-01 9.82948661e-01 4.44396913e-01 3.54571879e-01
    5.62055349e-01 5.45429051e-01 8.93523812e-01 1.64060652e-01
    6.03547633e-01 9.47805524e-01 6.82347476e-01 7.17740238e-01
    3.69622618e-01 5.54455698e-01 5.01543343e-01 3.96522701e-01
    1.75665796e-01 3.64952564e-01 5.39752245e-01 6.52662754e-01
    6.40780330e-01 8.87536764e-01 3.03820819e-01 4.10018206e-01
    2.01820523e-01 3.04477215e-01 8.58818591e-01 2.59287059e-02
    7.04276860e-01 7.96579361e-01 2.10426599e-01 9.14399147e-01
    3.15858603e-01 5.87626517e-01 8.63560557e-01 6.15788043e-01
    9.30716634e-01 3.30383241e-01 8.12596560e-01 3.10691059e-01
    6.36889517e-01 7.37393022e-01 8.43625188e-01 8.91545415e-01
    4.94279921e-01 6.10506952e-01 8.23164940e-01 6.17505312e-01
    7.30408490e-01 9.54074979e-01 4.31217849e-01 7.05349445e-01
    9.93043065e-01 9.25722599e-01 2.32583761e-01 6.27149403e-01
    6.14293396e-01 8.51517200e-01 3.08740854e-01 1.58662498e-02
    3.49055350e-01 8.70235503e-01 8.91504407e-01 7.20304132e-01
    9.95233893e-01 2.38132298e-01 1.74279749e-01 7.99819648e-01
    9.13479745e-01 1.58844501e-01 2.44711876e-01 9.14315224e-01
    4.22492325e-01 5.03919780e-01 6.39278650e-01 1.04110241e-02
    5.41553140e-01 6.54613674e-01 9.06486630e-01 8.85843992e-01
    3.63119572e-01 6.05956197e-01 3.05340588e-02 5.66601932e-01
    1.41675323e-01 6.87504411e-01 8.94716382e-01 7.75672913e-01
    1.24896467e-01 2.91559875e-01 2.74608314e-01 4.95002836e-01
    2.10883588e-01 8.57816815e-01 1.65474117e-02 2.99745351e-01
    2.73015469e-01 2.36615211e-01 4.29662049e-01 1.76871389e-01
    2.44490087e-01 7.44463265e-01 1.16590053e-01 9.48372841e-01
    9.76773262e-01 7.80009627e-01 5.72402596e-01 8.25827122e-02
    6.55628622e-01 2.23201394e-01 5.33064365e-01 6.99151397e-01
    2.46781945e-01 4.86189902e-01 9.66237307e-01 7.11188436e-01
    5.69249213e-01 7.47655869e-01 1.35240406e-01 7.93654144e-01
    7.70672262e-01 1.40346736e-01 5.58051765e-01 4.45579320e-01
    9.58140075e-01 7.59151340e-01 4.33781713e-01 8.78551126e-01
    7.23919392e-01 2.80198723e-01 6.70260787e-01 3.36292833e-01
    1.21485591e-01 1.24870807e-01 3.97023797e-01 6.37997866e-01
    2.48104572e-01 8.39153528e-02 1.40902907e-01 2.21537054e-02
    9.82527316e-01 2.83179730e-01 4.79058415e-01 8.66983533e-02
    8.94661665e-01 7.43627191e-01 6.18488073e-01 1.62625790e-01
    9.85420465e-01 9.80755270e-01 8.61734331e-01 1.12978190e-01
    9.74908590e-01 5.02475262e-01 1.37504041e-01 5.11926413e-03
    5.60271680e-01 9.33445573e-01 2.30646074e-01 5.46285748e-01
    1.27119720e-01 7.93587029e-01 2.93384135e-01 2.74728745e-01
    1.15716755e-01 7.39652097e-01 6.91590667e-01 6.17762685e-01
    3.68721932e-01 5.95366359e-01 7.99100757e-01 9.28702831e-01
    9.52365875e-01 4.68935847e-01 8.41483951e-01 6.41466260e-01
    9.62164581e-01 4.47733313e-01 1.46868497e-01 2.26831108e-01
    9.52139378e-01 8.27546120e-01 1.80109352e-01 9.98835862e-02
    9.13000464e-01 4.58288729e-01 1.32879555e-01 7.67890692e-01
    9.76207316e-01 2.90340066e-01 8.34891558e-01 2.93780744e-01
    8.15658271e-01 2.09469974e-01 5.88971078e-02 8.38266850e-01
    4.76906598e-02 4.33617473e-01 3.99962068e-03 3.48537534e-01
    2.46830076e-01 9.34454143e-01 9.80100393e-01 9.80868340e-01
    4.40729290e-01 3.28764588e-01 7.70662606e-01 7.57891893e-01
    8.49581659e-01 3.37321579e-01 1.36117578e-01 5.16492844e-01
    1.59149140e-01 2.18650609e-01 2.92657554e-01 8.67575169e-01
    8.79371762e-01 4.39624399e-01 7.69424498e-01 1.30512714e-01
    8.64105284e-01 3.43027115e-02 6.23325169e-01 4.54788268e-01
    8.10351491e-01 2.22099125e-02 5.47145367e-01 9.43715334e-01
    7.83160865e-01 4.06892896e-01 7.76128292e-01 7.51470447e-01
    8.02744985e-01 6.47043049e-01 6.19666338e-01 8.49075794e-01
    6.87082171e-01 2.77240604e-01 7.31530190e-01 2.42074907e-01
    8.44571829e-01 9.99105453e-01 5.95772624e-01 3.01830381e-01
    2.13173121e-01 3.09060931e-01 8.53156745e-01 4.90215272e-01
    9.48647678e-01 2.25276381e-01 9.58770871e-01 6.15098119e-01
    8.64087641e-02 5.84279537e-01 9.40627515e-01 3.70685428e-01
    5.63395321e-02 6.95471704e-01 5.89747488e-01 4.32088643e-01
    9.20508265e-01 9.46550727e-01 4.79040444e-02 1.77716285e-01
    8.46672058e-03 8.85525465e-01 3.27648282e-01 8.39528441e-01
    9.95221615e-01 6.18332684e-01 3.56031984e-01 5.49170971e-01
    5.73774040e-01 6.04385495e-01 2.59228230e-01 9.60062861e-01
    7.90494800e-01 7.25530624e-01 1.79041356e-01 4.75739241e-01
    1.26777261e-01 6.88220382e-01 6.54877603e-01 1.72293037e-01
    1.89297855e-01 8.68639231e-01 5.39486408e-02 6.98178291e-01
    5.64526558e-01 9.74203527e-01 1.85334086e-02 7.89105535e-01
    8.17658782e-01 2.37638921e-01 5.42823136e-01 5.62356055e-01
    3.23667675e-01 8.13870788e-01 5.07622361e-01 8.39616418e-01
    8.42648149e-01 4.07492191e-01 7.13060677e-01 6.38532877e-01
    5.74226081e-01 5.57387471e-01 7.32930779e-01 6.44251704e-03
    9.70587373e-01 3.78907949e-01 7.53536522e-02 7.99870312e-01
    1.05611682e-02 8.39486122e-01 4.02350426e-01 2.22341418e-01
    1.45164460e-01 2.89116979e-01 7.21535325e-01 8.47753286e-01
    4.40348834e-01 9.92394388e-02 6.02653384e-01 7.74216652e-03
    5.65710962e-01 9.49486554e-01 5.99056482e-04 5.81103504e-01
    4.39441711e-01 4.51839656e-01 6.76261663e-01 1.82354301e-01
    3.21999073e-01 5.65991163e-01 9.10726428e-01 1.65816665e-01
    2.19956994e-01 2.71817446e-01 3.63327891e-01 5.67701161e-02
    2.34530777e-01 5.59804201e-01 4.00819778e-02 4.07250702e-01
    1.87904954e-01 4.21015501e-01 3.16555321e-01 6.95408463e-01
    4.94604111e-01 7.20429301e-01 9.75927114e-02 7.73037612e-01
    8.44132483e-01 5.38246870e-01 5.73352277e-01 4.82489496e-01
    5.91872096e-01 9.85447347e-01 2.44532347e-01 6.87465847e-01
    6.59227669e-02 3.53078008e-01 7.87670016e-02 9.18677747e-02
    3.08812082e-01 3.18569690e-01 9.62777436e-02 4.23095137e-01
    4.65124249e-02 1.68742418e-01 9.55221534e-01 9.07205939e-01
    9.67913151e-01 9.38775778e-01 5.22352457e-01 9.08344686e-02
    2.59271085e-01 9.75226760e-01 1.44328743e-01 9.54960346e-01
    5.11837125e-01 1.06664568e-01 6.25324547e-01 6.36846542e-01
    6.12169802e-01 9.77871001e-01 3.49715948e-01 4.93472755e-01
    5.02490699e-01 7.66711712e-01 5.21355510e-01 2.84071565e-02
    5.57945609e-01 1.11658156e-01 5.22898912e-01 3.33765388e-01
    1.14309788e-01 1.42908037e-01 4.54410136e-01 2.96982884e-01
    1.41564310e-02 4.50077862e-01 4.35134172e-01 2.85284638e-01
    2.05131173e-01 2.42606401e-01 1.06465757e-01 4.79217857e-01
    1.37489080e-01 9.54850793e-01 4.78902757e-02 1.09481156e-01
    3.51755708e-01 9.63481963e-02 3.95555675e-01 7.92519629e-01
    9.89047348e-01 7.25383461e-02 2.64162719e-01 8.83701205e-01
    4.62844610e-01 6.06356025e-01 8.19089830e-01 7.85978138e-02
    3.23394656e-01 9.18561220e-03 8.87969732e-02 2.41808236e-01
    7.32902288e-02 5.90339899e-01 2.89314747e-01 6.14323258e-01
    8.15595686e-01 1.82801485e-02 6.81595087e-01 6.93219721e-01
    9.23850834e-02 3.21065009e-01 5.04251838e-01 8.58676672e-01
    6.41278565e-01 2.41183251e-01 3.16885620e-01 7.95195699e-02
    6.81135535e-01 7.17647672e-01 5.68728924e-01 5.60916007e-01
    2.40417957e-01 3.57923806e-01 3.42016399e-01 4.82498348e-01
    8.63666236e-01 2.75186121e-01 6.35154128e-01 2.94704080e-01
    4.85151142e-01 5.76335907e-01 5.52534103e-01 5.85444808e-01
    1.02012038e-01 8.82387519e-01 2.13281214e-01 9.04311121e-01
    9.32656825e-02 6.11251295e-01 7.68042147e-01 5.99636853e-01
    6.44170582e-01 4.49835420e-01 9.65701044e-02 5.68220139e-01
    7.35765934e-01 6.84948266e-01 3.26186419e-01 9.78477001e-01
    9.86891389e-01 3.46948504e-01 2.32799053e-02 6.45214796e-01
    3.22280020e-01 8.26962173e-01 6.89282835e-01 1.39317960e-01
    3.63836974e-01 8.43430281e-01 7.41934597e-01 8.18447769e-01
    4.34669971e-01 2.92351484e-01 7.15064347e-01 4.08430010e-01
    4.34825182e-01 8.73400807e-01 7.01290846e-01 5.35430074e-01
    5.46643615e-01 5.56362689e-01 6.37339473e-01 9.34202909e-01
    2.49609798e-01 2.02333331e-02 6.87237680e-01 2.59535849e-01
    4.73390996e-01 3.81014049e-02 1.16282552e-01 2.63725311e-01
    2.72756279e-01 9.47068155e-01 2.09586352e-01 5.42839944e-01
    2.08339512e-01 8.06100667e-02 4.19219732e-01 1.25823230e-01
    2.24058151e-01 8.19205761e-01 3.64108741e-01 6.08318567e-01
    6.16319180e-02 6.57737076e-01 8.01264882e-01 7.55747616e-01
    9.86435890e-01 5.98030567e-01 9.65349555e-01 6.58833265e-01
    6.85379505e-01 8.84825468e-01 5.60906708e-01 6.79640770e-01
    3.87061268e-01 4.94174719e-01 1.88047469e-01 4.39268559e-01
    4.74763989e-01 2.17413843e-01 1.62399471e-01 1.98840886e-01
    7.45672584e-01 5.79403400e-01 7.27505922e-01 8.87813866e-02
    1.90345019e-01 8.34836781e-01 2.50834465e-01 1.27333999e-01
    8.91202033e-01 4.11374748e-01 1.62249595e-01 6.02543950e-01
    6.13533318e-01 5.52828550e-01 8.85571837e-01 6.97490275e-01
    8.58124793e-02 5.31911075e-01 7.20669627e-01 5.36223412e-01
    1.55248851e-01 9.57214296e-01 8.58975172e-01 3.27789098e-01
    8.43083739e-01 6.50519490e-01 3.13290417e-01 5.64581275e-01
    9.94514108e-01 5.58651030e-01 5.13848841e-01 8.77828479e-01
    1.09493792e-01 4.05883729e-01 8.02048445e-01 7.42392778e-01
    3.31009239e-01 4.19028997e-02 5.79669654e-01 5.50006270e-01
    6.06171787e-01 2.85452127e-01 1.71227008e-01 5.06420314e-01
    7.67748892e-01 1.01185799e-01 9.49119627e-02 3.80787849e-01
    5.33411503e-01 8.75677168e-01 6.56198859e-01 8.30993533e-01
    7.73640513e-01 2.03266740e-02 6.74234629e-01 3.34014982e-01
    1.99710310e-01 5.41364491e-01 9.55815196e-01 3.49434376e-01
    3.32650602e-01 6.57305360e-01 9.91745830e-01 2.13290244e-01
    4.00711119e-01 5.52691638e-01 7.78505325e-01 9.56281185e-01
    3.87305707e-01 5.53797364e-01 1.77417219e-01 6.88216209e-01
    1.63663834e-01 6.01360202e-03 2.58878767e-01 3.52882147e-02
    2.71177292e-02 3.75151813e-01 7.45450318e-01 3.39940131e-01
    5.94432950e-02 5.90733349e-01 6.57706678e-01 1.55606389e-01
    4.86157864e-01 9.11952436e-01 3.76442254e-01 3.41187775e-01
    5.68093717e-01 7.67234266e-02 9.19841468e-01 3.75316679e-01
    9.40718174e-01 8.37773204e-01 6.58430099e-01 3.04762185e-01
    5.54518044e-01 1.27942443e-01 4.63303030e-01 5.97622633e-01
    7.93779373e-01 8.00479770e-01 6.75982594e-01 6.82884276e-01
    6.59690499e-01 8.90718400e-01 2.84205854e-01 9.10857916e-01
    7.10101008e-01 4.25862879e-01 1.17785662e-01 4.66124117e-02
    4.76447344e-02 6.74330533e-01 6.35097325e-01 7.36151040e-02
    2.08140761e-01 9.26937222e-01 7.25991130e-02 6.37864292e-01
    3.54270965e-01 8.06172848e-01 3.88205111e-01 2.80646026e-01
    2.21632779e-01 6.77665472e-01 1.21980101e-01 2.87884057e-01
    9.58041668e-01 4.45035338e-01 9.43354845e-01 5.01082718e-01
    1.29716724e-01 9.32418406e-01 1.96801990e-01 4.88934547e-01
    8.11613858e-01 4.10672098e-01 6.49505496e-01 6.36953354e-01
    9.50041533e-01 7.33507037e-01 5.96747994e-01 7.91375756e-01
    4.57806945e-01 9.27492261e-01 8.57396543e-01 4.82773930e-01
    8.60836685e-01 1.54196382e-01 1.59028023e-01 1.88276142e-01
    2.62703300e-01 9.05816436e-01 5.83636999e-01 9.51369226e-01
    2.31169224e-01 5.19909441e-01 4.29570884e-01 8.00356507e-01
    4.02207077e-01 3.29056114e-01 1.93155557e-01 4.75653201e-01
    2.67785668e-01 6.29631519e-01 5.42239726e-01 2.94220865e-01
    5.13160288e-01 8.96496177e-01 9.15211797e-01 9.76671278e-01
    4.26195055e-01 8.54132891e-01 4.20357049e-01 2.46587723e-01
    5.47137737e-01 3.19120049e-01 4.07480240e-01 6.79718435e-01
    4.41589296e-01 9.36763704e-01 3.06960732e-01 3.97669375e-02
    2.33919322e-02 6.90586686e-01 9.90594208e-01 6.36745155e-01
    1.23441368e-01 6.52016759e-01 3.27052712e-01 7.27301538e-01
    7.51817822e-02 7.73113847e-01 8.11312079e-01 6.65954351e-01
    3.01668853e-01 9.39328313e-01 3.23730677e-01 1.39470994e-01
    9.45749283e-01 1.71833545e-01 4.80704606e-02 2.23382056e-01
    7.99286366e-01 5.19667327e-01 3.58521760e-01 6.18783951e-01
    2.36684382e-01 2.91551888e-01 1.13097131e-01 4.88087893e-01
    8.69299889e-01 7.38573313e-01 9.31893587e-01 9.30992901e-01
    1.33852631e-01 6.81516290e-01 5.02392650e-02 8.94907117e-01
    3.11900914e-01 1.17118061e-01 5.45829654e-01 8.04653764e-03
    7.52618074e-01 1.99007720e-01 5.46682596e-01 6.48968518e-01
    1.24652028e-01 7.45047629e-02 4.96496618e-01 3.96978557e-01
    6.11290753e-01 8.54578495e-01 9.67119694e-01 4.34650511e-01
    9.59564567e-01 6.24368966e-01 5.29993594e-01 3.27501595e-02
    5.94992161e-01 7.39451766e-01 2.25934863e-01 2.94240475e-01
    9.43016529e-01 7.39758193e-01 7.44817019e-01 2.49458432e-01
    7.70558000e-01 7.70210385e-01 1.24239266e-01 1.01721823e-01
    3.94329846e-01 2.82119125e-01 4.49864417e-01 5.97639322e-01
    1.96311831e-01 2.87014335e-01 4.37372833e-01 5.55350602e-01
    9.87072706e-01 3.04792821e-02 2.96364933e-01 4.06494886e-01
    9.22580183e-01 9.52250600e-01 7.74019599e-01 5.22357523e-02
    5.14286399e-01 5.68277299e-01 1.09470427e-01 5.00137448e-01
    7.03336775e-01 5.73988140e-01 2.45108664e-01 2.30138481e-01
    3.35467309e-01 8.51102591e-01 8.79910529e-01 1.61546260e-01
    9.83176231e-01 1.82462603e-01 3.33181918e-02 1.78246588e-01
    2.99100041e-01 1.28995895e-01 1.12578809e-01 2.78799981e-01
    7.67825842e-02 9.61274624e-01 3.98931712e-01 6.93891048e-02
    7.23789036e-01 5.54845452e-01 2.66969085e-01 8.22552800e-01
    5.29443085e-01 2.51945198e-01 4.94823188e-01 5.74428022e-01
    4.86687452e-01 3.80399376e-01 7.83226848e-01 9.26379144e-01
    4.84665036e-01 8.14962089e-01 1.25638813e-01 6.44769371e-02
    5.94702721e-01 9.74539518e-01 5.81003547e-01 7.56016135e-01
    1.99595302e-01 8.03795576e-01 5.15473723e-01 9.81680036e-01
    6.33675337e-01 2.00081676e-01 3.53663027e-01 8.74229550e-01
    3.84605110e-01 1.08886927e-01 4.53776687e-01 1.14091456e-01
    9.47847605e-01 2.62420952e-01 4.63780433e-01 4.97381806e-01
    8.36690664e-01 6.24139190e-01 1.33287132e-01 3.23354691e-01
    3.14298451e-01 6.20044827e-01 6.62521839e-01 9.50553894e-01
    2.60770917e-01 5.03318965e-01 9.28559303e-01 2.84040034e-01
    2.23599374e-02 9.24693346e-01 3.11622202e-01 3.16901237e-01
    8.02243352e-02 2.71422207e-01 1.75595880e-01 1.05843067e-01
    9.57032442e-01 5.46003520e-01 6.97210670e-01 5.76745212e-01
    1.50987238e-01 5.25326490e-01 6.14985824e-01 6.62190914e-01
    7.28736281e-01 4.72367942e-01 7.81815052e-01 3.68136555e-01
    9.04946804e-01 2.57898390e-01 7.86376119e-01 7.83062339e-01
    2.45426893e-02 9.29963589e-03 1.04569644e-01 4.76078957e-01
    6.42458916e-01 9.21442807e-01 7.15547562e-01 5.65246582e-01
    7.88496435e-01 5.24237335e-01 5.32324016e-01 2.79810309e-01
    8.46909881e-01 3.76789153e-01 9.54199731e-02 5.29594243e-01
    6.23772323e-01 6.79516673e-01 8.41631770e-01 1.17297888e-01
    2.33779967e-01 9.64702845e-01 9.77434099e-01 4.73290533e-01
    6.38351560e-01 4.29569840e-01 5.23562849e-01 4.71505553e-01
    2.63151526e-01 5.00921607e-01 2.24171102e-01 7.90035844e-01
    4.21398044e-01 7.86862493e-01 2.46720672e-01 7.31179535e-01
    5.81410408e-01 4.31265950e-01 7.38554478e-01 1.70435518e-01
    2.43053764e-01 5.63410521e-01 8.96957278e-01 4.33287203e-01
    7.58249998e-01 1.33727461e-01 2.42751181e-01 2.87990391e-01
    8.66319776e-01 3.23638022e-02 9.16127801e-01 7.92747378e-01
    2.59320110e-01 5.82177937e-01 9.58218098e-01 4.60755944e-01
    7.72949159e-01 7.19577730e-01 7.14225888e-01 6.91588521e-02
    7.73090422e-02 2.44988829e-01 7.86633968e-01 2.07780451e-01
    2.11072564e-01 4.91042048e-01 4.29866344e-01 6.00000322e-02
    4.30119306e-01 5.41962683e-02 1.91367894e-01 7.69094408e-01
    4.71106946e-01 3.08590055e-01 1.76796526e-01 3.78845006e-01
    3.18613619e-01 2.56041467e-01 5.41991115e-01 5.35691619e-01
    3.94895554e-01 5.99214137e-01 1.15154266e-01 1.19013190e-02
    2.93945968e-01 8.03851366e-01 9.93486345e-02 4.14696515e-01
    4.19807851e-01 2.67169297e-01 4.86866355e-01 8.44124317e-01
    6.71304226e-01 3.64830434e-01 1.04436100e-01 6.99190915e-01
    4.78418857e-01 7.79005170e-01 1.75701320e-01 5.50674558e-01
    4.52165753e-01 3.72196734e-02 7.60628104e-01 2.65963554e-01
    6.54447198e-01 5.16285300e-02 7.10762680e-01 4.35076058e-01
    6.37372851e-01 8.99997115e-01 6.63783312e-01 8.68646622e-01
    1.22893631e-01 3.89927834e-01 7.47379959e-01 3.17443252e-01
    7.97053695e-01 7.31205702e-01 6.29289865e-01 6.29111648e-01
    3.11896652e-01 3.07698369e-01 4.27486837e-01 2.71965772e-01
    3.34519506e-01 8.51506293e-02 1.73179805e-02 5.24911106e-01
    9.87588644e-01 4.48574156e-01 3.16477060e-01 4.34423983e-02
    4.10900414e-02 7.67778397e-01 1.49832726e-01 2.72608459e-01
    5.01759827e-01 3.63882065e-01 8.10881257e-01 3.98723066e-01
    8.78870189e-01 2.07483381e-01 6.00757837e-01 5.93870521e-01
    4.66996789e-01 1.66155398e-01 1.09048516e-01 8.31448376e-01
    1.43186629e-01 8.48452091e-01 7.86930621e-02 2.66198248e-01
    4.82139796e-01 8.37277591e-01 1.07903421e-01 4.47344482e-02
    5.95643222e-01 6.40275121e-01 1.34554207e-01 1.97917849e-01
    1.27135634e-01 7.47991443e-01 2.38617867e-01 1.69512540e-01
    4.11655366e-01 3.38009536e-01 4.17226225e-01 7.39171207e-02
    3.70304286e-01 8.74968767e-01 7.16347218e-01 2.68610477e-01
    3.12742472e-01 9.60447907e-01 1.59158200e-01 4.34526771e-01
    9.96078849e-01 7.29141831e-02 1.49751276e-01 2.46600419e-01
    7.21088707e-01 3.55105758e-01 1.11239105e-01 2.34655589e-01
    8.85443330e-01 1.30689800e-01 1.25104874e-01 6.88082337e-01
    8.16943645e-02 7.35934675e-01 9.70835507e-01 4.10873443e-01
    3.95845771e-01 6.74747348e-01 1.12892210e-01 5.32572091e-01
    6.84668422e-01 4.69744474e-01 8.64076972e-01 6.59386456e-01
    3.01361978e-01 1.76598430e-02 4.49567169e-01 9.89464223e-01
    1.24375612e-01 1.34655237e-01 7.82402992e-01 3.25188607e-01
    1.92790598e-01 2.46371329e-02 3.73295546e-01 5.51968634e-01
    3.95196676e-01 5.97097576e-02 2.88437009e-01 8.69698167e-01
    4.94258583e-01 5.21448731e-01 1.09220147e-01 2.45998710e-01
    8.97004187e-01 2.92755961e-01 4.10698175e-01 8.07311296e-01
    4.58854079e-01 1.69150919e-01 7.09388256e-01 1.14969671e-01
    6.50220215e-01 7.45199919e-02 5.65705597e-02 6.70214176e-01
    5.82504272e-03 9.36303556e-01 5.23464322e-01 3.99339736e-01
    7.14813352e-01 8.75277281e-01 7.43241191e-01 3.54195654e-01
    7.57991612e-01 6.86163604e-01 3.15827072e-01 7.84440637e-02
    8.94763887e-01 1.36545271e-01 6.56976223e-01 5.60577869e-01
    5.93674779e-02 9.40685332e-01 8.57457399e-01 8.19052398e-01
    9.78926063e-01 8.29130888e-01 4.33405519e-01 9.14454699e-01
    1.76778913e-01 6.16730213e-01 8.25993419e-01 3.77420425e-01
    6.76606894e-02 5.94222605e-01 1.86513633e-01 3.68201435e-02
    3.50687116e-01 1.16135955e-01 2.19037265e-01 9.19272184e-01
    3.03174794e-01 5.34107924e-01 3.59925926e-01 5.26212096e-01
    7.90078759e-01 5.11014163e-02 6.63911819e-01 2.72769868e-01
    8.18683147e-01 3.75376612e-01 1.10908955e-01 8.63256872e-01
    2.42810726e-01 1.40809268e-01 3.67536545e-02 6.19170189e-01
    2.50755757e-01 4.66889441e-02 7.07688332e-01 4.55998659e-01
    3.08367908e-01 4.29285258e-01 5.88366330e-01 9.69818532e-02
    4.00592357e-01 7.84182429e-01 9.52040851e-02 3.42393219e-01
    9.78003442e-01 6.60687864e-01 4.39644217e-01 6.15472555e-01
    7.66858518e-01 2.10070312e-01 3.43036234e-01 9.19991136e-01
    3.38016391e-01 8.07362676e-01 1.56297028e-01 1.13881707e-01
    5.49480081e-01 7.83040404e-01 2.82516688e-01 5.32956958e-01
    1.18947357e-01 6.21022880e-02 9.45128560e-01 3.26042771e-01
    2.61215329e-01 2.21376419e-01 7.40146518e-01 3.86350751e-02
    2.44791061e-01 6.19812489e-01 7.95022547e-01 1.19444698e-01
    9.66672480e-01 6.38221741e-01 7.42186546e-01 1.24514312e-01
    4.20071185e-02 9.82932746e-01 5.72645187e-01 1.22421384e-01
    4.20259476e-01 2.67602623e-01 2.43633240e-01 5.39337635e-01
    8.29475760e-01 6.15841329e-01 6.83134198e-01 8.35269511e-01
    2.80189335e-01 9.32538509e-01 6.59733176e-01 6.58894837e-01
    8.89063835e-01 6.86071277e-01 8.41604054e-01 7.18806505e-01
    1.14999920e-01 1.98410273e-01 5.86593151e-02 8.87066245e-01
    9.27735209e-01 8.73556554e-01 9.61074710e-01 8.79539132e-01
    9.56451416e-01 4.94317114e-01 6.02237582e-01 8.25398862e-01
    6.57246649e-01 6.41917527e-01 7.95717359e-01 2.86267161e-01
    1.06007725e-01 4.66747582e-01 2.14440525e-01 6.00214422e-01
    4.90304083e-01 5.80560267e-02 8.83038163e-01 2.43789136e-01
    2.62400389e-01 9.95939434e-01 2.11558491e-01 8.83099318e-01
    8.57294023e-01 1.36560082e-01 7.56798863e-01 5.59956670e-01
    6.48160458e-01 2.02912629e-01 3.97195876e-01 3.66849065e-01
    7.77509868e-01 1.29178882e-01 6.95467889e-01 1.73717588e-01
    5.63391149e-01 8.69575143e-01 9.44495022e-01 6.20709181e-01
    8.05374146e-01 7.42031693e-01 8.89775157e-01 4.69705850e-01
    5.86675107e-01 5.34306407e-01 6.12952471e-01 6.92718565e-01
    4.36478585e-01 4.94855165e-01 7.73798704e-01 3.49416077e-01
    8.09646368e-01 3.27316374e-01 4.33938503e-01 4.81161118e-01
    6.63511455e-01 5.00972629e-01 9.23648119e-01 3.51763248e-01
    9.05727983e-01 8.06949377e-01 6.28945470e-01 3.45898509e-01
    3.54285657e-01 7.24802613e-02 8.13829184e-01 2.58085430e-01
    4.67750758e-01 7.06243038e-01 2.72868544e-01 1.20162964e-02
    7.44421065e-01 8.28434706e-01 8.14600229e-01 8.21282506e-01
    9.86327291e-01 1.02041215e-01 9.29338574e-01 8.74269128e-01
    1.41901284e-01 7.47129679e-01 1.40744567e-01 5.68245053e-01
    7.03441083e-01 9.80342507e-01 8.04775655e-01 3.11932594e-01
    3.90161097e-01 6.58848584e-01 6.38951004e-01 9.24067378e-01
    3.19256365e-01 2.87815332e-01 3.27707142e-01 5.28228164e-01
    8.44066501e-01 2.24601328e-02 8.75409007e-01 9.43715394e-01
    4.09654319e-01 6.48260832e-01 8.10609639e-01 4.62461680e-01
    8.89556766e-01 9.18115139e-01 8.14522147e-01 1.98692083e-03
    3.22868288e-01 2.41918832e-01 5.49591184e-01 4.45060432e-02
    9.00232792e-01 3.88112396e-01 6.75906777e-01 8.44962955e-01
    2.91764677e-01 7.79792666e-02 7.16796815e-01 3.88656199e-01
    3.40905577e-01 8.29137862e-02 2.67733991e-01 4.55484152e-01
    4.08612192e-02 5.81594467e-01 1.21054262e-01 2.35627830e-01
    5.50617218e-01 6.44071639e-01 7.12502778e-01 4.97444302e-01
    2.06495523e-01 9.11365867e-01 7.00661123e-01 3.20278764e-01
    5.74622750e-02 4.45557117e-01 5.88310361e-02 9.00595427e-01
    4.04655129e-01 9.04012322e-01 2.15509981e-01 1.58864111e-01
    2.43895471e-01 6.50809526e-01 2.09276438e-01 5.31371117e-01
    2.99364328e-02 3.37324202e-01 6.90821707e-01 2.08392859e-01
    2.54514396e-01 1.89551324e-01 9.78669882e-01 4.65454519e-01
    2.45327115e-01 2.92261124e-01 2.52507180e-01 7.17398882e-01
    3.74067605e-01 2.49157548e-02 6.76337242e-01 9.08425152e-02
    9.26111579e-01 3.17226291e-01 6.25059068e-01 6.16839767e-01
    9.30660129e-01 5.70944548e-01 8.59743357e-01 1.22313827e-01
    2.27945000e-01 7.44641185e-01 8.09029341e-01 5.91472507e-01
    5.08483768e-01 2.24239200e-01 3.81211400e-01 5.34056067e-01
    4.72185016e-01 8.47474337e-01 8.06994677e-01 1.48577809e-01
    6.60306513e-01 7.62258172e-01 6.12390757e-01 6.69602096e-01
    7.41341114e-01 9.72686887e-01 4.27387625e-01 6.86834216e-01
    5.55110991e-01 6.73315465e-01 7.48400867e-01 9.62450266e-01
    4.71442968e-01 6.12685323e-01 8.97251129e-01 8.68053734e-01
    1.51483446e-01 8.95417333e-02 4.15160835e-01 1.01570398e-01
    1.19214028e-01 2.44697690e-01 4.60710436e-01 3.46444547e-02
    3.29461664e-01 8.60038102e-02 2.60181755e-01 2.44612426e-01
    6.53944612e-02 2.76350051e-01 8.44566226e-01 6.64623976e-01
    1.23514116e-01 9.41478074e-01 8.83346915e-01 5.40766001e-01
    1.75689578e-01 8.14684570e-01 7.05420256e-01 8.78983736e-01
    1.32455707e-01 8.80222797e-01 2.74071276e-01 1.12808019e-01
    4.93531078e-01 9.78843331e-01 6.25794649e-01 4.06886160e-01
    3.91784012e-02 7.22429514e-01 6.62949681e-01 2.71443844e-01
    3.79015088e-01 1.62477404e-01 8.87062073e-01 6.09888136e-01
    5.70629478e-01 9.84718442e-01 7.45990872e-01 6.34700358e-02
    4.04239714e-01 4.46965694e-02 2.28557318e-01 2.25011289e-01
    3.67320180e-02 2.75129318e-01 5.62901139e-01 2.27795720e-01
    8.65555286e-01 6.13983750e-01 1.78344250e-02 2.91163504e-01
    9.34213281e-01 4.83041495e-01 8.88262212e-01 1.12959802e-01
    3.41288149e-01 9.77860987e-01 6.10534191e-01 5.10140419e-01
    3.87800574e-01 4.98672932e-01 1.37204230e-02 3.85049880e-01
    6.57760262e-01 3.95443141e-02 9.23081040e-01 2.17603862e-01
    1.75755382e-01 2.49532014e-01 3.91416848e-02 3.77624214e-01
    9.56196904e-01 9.16092873e-01 1.00427270e-02 1.31443799e-01
    7.82531559e-01 4.98170465e-01 2.70333350e-01 6.05908692e-01
    8.65956247e-02 5.85318208e-02 9.10494328e-02 3.70844156e-01
    7.26312935e-01 7.05739617e-01 8.89998674e-01 2.55963862e-01
    4.73480344e-01 4.07797098e-01 6.12879694e-01 5.20928741e-01
    1.50810570e-01 2.36969858e-01 6.82505488e-01 3.12071741e-01
    6.09550714e-01 8.05862725e-01 7.70406604e-01 1.22609496e-01
    4.77264434e-01 1.83608323e-01 9.48991776e-02 7.12174833e-01
    8.83973002e-01 4.63799208e-01 3.06319773e-01 5.08215249e-01
    4.55730677e-01 3.98482859e-01 2.31551200e-01 3.98133814e-01
    9.20351028e-01 7.92289019e-01 5.14336288e-01 5.04332721e-01
    3.17911506e-01 1.91937089e-02 3.02199841e-01 2.20122159e-01
    8.83496642e-01 3.28737497e-03 9.38401520e-01 5.40909290e-01
    2.58768260e-01 6.97515607e-02 1.22255385e-01 7.76055336e-01
    7.41420388e-01 3.28620195e-01 4.82815355e-01 4.05161977e-02
    7.48740435e-02 7.22685993e-01 7.16439009e-01 4.93152678e-01
    6.74349785e-01 2.27218360e-01 5.76403558e-01 4.20890212e-01
    9.53769445e-01 2.71437466e-02 3.75669390e-01 4.57802236e-01
    2.41478682e-02 8.92372012e-01 4.89964247e-01 1.99028254e-01
    5.60275078e-01 8.11674237e-01 3.07022095e-01 8.29781711e-01
    9.86130118e-01 1.82465434e-01 1.91762656e-01 1.15616500e-01
    5.22091746e-01 9.97271299e-01 8.89519691e-01 9.97138500e-01
    6.49867952e-01 5.84624290e-01 8.19183767e-01 7.97758341e-01
    4.42754924e-02 2.21843272e-01 4.39428300e-01 2.76122689e-02
    2.34970391e-01 8.03858519e-01 8.73214841e-01 6.51449919e-01
    1.50531590e-01 3.57645988e-01 6.85583532e-01 1.77512228e-01
    7.39922106e-01 9.78052497e-01 9.42189813e-01 8.20489466e-01
    2.74706483e-02 8.41518283e-01 8.36501658e-01 1.64564371e-01
    7.86611915e-01 4.86339033e-01 9.38782871e-01 5.18349171e-01
    7.73204088e-01 1.18984878e-01 9.78700042e-01 3.25083524e-01
    3.40780437e-01 5.36697686e-01 2.79736161e-01 1.30729795e-01
    3.77844572e-01 9.54043210e-01 7.22207248e-01 4.73453403e-01
    6.67260170e-01 8.37418795e-01 3.15821081e-01 6.44983292e-01
    9.04934525e-01 6.14895523e-02 1.15614265e-01 4.43020344e-01
    6.52182281e-01 1.16817266e-01 1.54980004e-01 6.40910864e-02
    5.40427387e-01 1.30438834e-01 2.18208492e-01 2.31021047e-01
    2.63672829e-01 6.39724791e-01 3.42205673e-01 3.57778579e-01
    4.25770253e-01 3.31125826e-01 2.62829781e-01 3.40947211e-01
    3.67876321e-01 5.86229265e-01 8.32267046e-01 6.08202100e-01
    9.68054295e-01 8.55587542e-01 4.69122261e-01 7.66770959e-01
    5.77383280e-01 9.81685579e-01 8.23620260e-02 9.62019384e-01
    8.60993922e-01 2.26124465e-01 8.30184221e-01 2.86178857e-01
    9.48612154e-01 5.74654460e-01 5.75997353e-01 5.15664279e-01
    5.06606698e-01 9.06075239e-02 3.96577299e-01 8.88154626e-01
    1.94334090e-01 4.86189693e-01 6.87370300e-01 4.49399054e-01
    6.04201078e-01 3.52350175e-01 6.99487448e-01 1.59855723e-01
    7.48970509e-01 6.94669187e-02 8.88887525e-01 3.67895722e-01
    3.79882187e-01 4.72954005e-01 7.77092695e-01 1.20442182e-01
    9.82455611e-01 5.73622167e-01 2.82516241e-01 8.36236775e-01
    8.73680174e-01 8.59956622e-01 6.79561436e-01 8.40964377e-01
    1.12501234e-01 6.20496273e-01 9.16362047e-01 1.74702287e-01
    1.83357716e-01 2.92845160e-01 5.91937661e-01 8.65516424e-01
    9.86241579e-01 1.79842651e-01 9.21393037e-01 6.70211315e-01
    6.28980517e-01 1.96026385e-01 9.00617003e-01 8.31843317e-02
    8.71801794e-01 2.27936238e-01 6.79826260e-01 4.57411319e-01
    1.27374828e-01 2.75630236e-01 3.57386768e-02 3.17225873e-01
    5.73504627e-01 5.71082056e-01 8.61195147e-01 9.12805557e-01
    3.45941722e-01 3.84744644e-01 5.39979577e-01 3.36017430e-01
    9.04785037e-01 4.96079743e-01 7.58481503e-01 4.10497189e-02
    1.89735591e-02 7.88170695e-02 6.03970706e-01 3.32906902e-01
    6.24013245e-02 2.33974397e-01 2.06527680e-01 2.40089506e-01
    6.17384076e-01 8.29149783e-02 8.52000594e-01 9.65252817e-01
    2.87186027e-01 3.49235415e-01 2.40125775e-01 3.32543761e-01
    1.15084857e-01 5.40458024e-01 6.93774581e-01 1.25470757e-01
    5.83162785e-01 3.96283031e-01 4.52879995e-01 9.07530308e-01
    1.89272135e-01 3.77342850e-01 5.24132729e-01 1.42039657e-02
    9.53612745e-01 5.28570950e-01 2.40806818e-01 5.18325031e-01
    3.61443698e-01 2.82838881e-01 4.00690198e-01 1.03131682e-01
    1.73161030e-01 4.00912255e-01 8.74371409e-01 9.40886855e-01
    7.40521550e-02 7.34305978e-01 1.03172958e-02 9.10832167e-01
    2.62549818e-02 8.30667019e-02 7.08627880e-01 4.58073616e-01
    2.07241893e-01 5.35323381e-01 1.56826466e-01 2.32143074e-01
    9.09388781e-01 2.71788895e-01 7.32598782e-01 2.34049141e-01
    5.03135562e-01 5.04451394e-02 6.45985544e-01 3.55882347e-02
    5.52097559e-02 3.52834940e-01 9.71932888e-01 2.08546758e-01
    2.08532333e-01 6.97272360e-01 9.11638558e-01 9.34338450e-01
    3.30372185e-01 7.85437226e-03 5.97717226e-01 6.63262129e-01
    2.75434077e-01 7.50691056e-01 1.51486576e-01 3.39055181e-01
    5.96697390e-01 2.50814855e-01 2.52007663e-01 2.92681545e-01
    1.31594241e-02 1.51314050e-01 9.60898459e-01 1.66704118e-01
    7.07536876e-01 4.39111024e-01 8.61424208e-01 2.06913441e-01
    4.09112781e-01 8.33658695e-01 2.44654059e-01 1.48278981e-01
    4.44001496e-01 5.11209369e-01 2.86578119e-01 2.22498238e-01
    5.76049387e-02 4.46130395e-01 7.35513449e-01 8.06774378e-01
    5.59609592e-01 5.87405384e-01 3.36762965e-01 9.33125854e-01
    1.09456182e-02 7.16574550e-01 4.88590539e-01 9.60756063e-01
    6.92289829e-01 2.17697918e-02 2.09104925e-01 2.55725801e-01
    1.19897813e-01 6.78097785e-01 5.42091191e-01 5.52573919e-01
    8.04279685e-01 9.05966163e-01 1.55056983e-01 7.32287288e-01
    4.15186763e-01 8.89257550e-01 1.91491395e-01 7.98722148e-01
    1.12371117e-01 4.50900555e-01 9.16223407e-01 6.53792858e-01
    7.46755421e-01 4.39023942e-01 3.29628438e-01 1.24751091e-01
    3.42851043e-01 1.96850628e-01 4.77680832e-01 2.34538734e-01
    9.62665975e-01 3.89960945e-01 1.47641599e-02 3.93020421e-01
    1.40334010e-01 5.40823340e-01 7.72953629e-01 4.59109128e-01
    6.14429712e-02 6.34250522e-01 6.37073338e-01 2.71193564e-01
    8.72997940e-02 9.08740282e-01 6.93544745e-03 3.78565490e-01
    1.32206589e-01 3.78588557e-01 2.59838492e-01 5.51936328e-02
    1.69859678e-01 3.45674247e-01 9.59635019e-01 5.36928713e-01
    2.37312376e-01 3.73110890e-01 1.62543029e-01 4.31835413e-01
    9.48882580e-01 8.31761241e-01 4.22072560e-01 6.36944354e-01
    6.86008930e-02 2.02562332e-01 3.88923556e-01 3.82803082e-01
    8.87515903e-01 5.68939686e-01 4.06210929e-01 2.94013858e-01
    7.23752022e-01 2.51578510e-01 9.92869139e-01 8.82217824e-01
    7.54149199e-01 4.35568213e-01 6.41383827e-02 6.80067718e-01
    5.89221835e-01 6.07257783e-01 6.54345155e-01 9.64070916e-01
    5.75565279e-01 9.23976004e-02 9.03191924e-01 1.83453441e-01
    6.22566938e-01 2.79594660e-02 2.56581306e-01 2.11993605e-01
    7.67281353e-02 4.38145310e-01 7.34417439e-01 1.06115818e-01
    3.27276886e-01 2.87460119e-01 1.29368693e-01 4.43724334e-01
    1.88341141e-01 9.16055143e-01 5.03106415e-02 6.29290402e-01
    4.39543068e-01 2.76931494e-01 4.12132740e-01 3.89218390e-01
    3.33709449e-01 6.69317961e-01 8.95962954e-01 4.15904522e-01
    3.09963703e-01 9.35374498e-02 7.47483253e-01 2.19615310e-01
    3.50888312e-01 2.95270592e-01 5.99173903e-01 1.26120746e-01
    2.58853614e-01 2.99068928e-01 4.12279308e-01 1.51501715e-01
    3.57462645e-01 9.60128665e-01 8.23020577e-01 1.37135088e-02
    7.01424479e-03 9.35924053e-01 7.55259752e-01 3.82192135e-01
    7.45429337e-01 6.72340393e-01 2.98741817e-01 8.95956755e-01
    8.83010507e-01 6.19182229e-01 4.21367288e-01 9.48536515e-01
    9.78235960e-01 8.21669936e-01 7.25362599e-01 6.03213429e-01
    2.28290856e-01 3.34473789e-01 3.71383786e-01 9.27139878e-01
    3.55654001e-01 6.90680802e-01 4.93015587e-01 4.91060168e-01
    3.08291763e-01 6.01514816e-01 6.38757765e-01 4.35997427e-01
    5.61258554e-01 5.93030453e-03 7.06005692e-01 5.28279483e-01
    7.29224443e-01 4.06210035e-01 9.17067051e-01 8.19473982e-01
    4.06553954e-01 6.85238361e-01 2.49724716e-01 6.46375358e-01
    8.07574153e-01 6.17949009e-01 4.89642471e-01 4.79100168e-01
    2.79945731e-01 5.93371987e-01 3.36037636e-01 3.79168808e-01
    8.29273462e-01 3.36204827e-01 3.85458112e-01 4.25219417e-01
    8.72406483e-01 7.27313936e-01 6.83230281e-01 2.05706537e-01
    3.02326292e-01 5.45512080e-01 4.66533035e-01 4.77408141e-01
    4.02509749e-01 2.14627981e-02 5.18258631e-01 7.10486054e-01
    7.21308887e-01 6.70336008e-01 5.15393078e-01 8.73025656e-01
    2.31295049e-01 9.86607909e-01 5.58932304e-01 6.22910142e-01
    4.94471431e-01 4.81471747e-01 4.17652577e-01 9.99582767e-01
    2.19005078e-01 2.52316475e-01 9.64507461e-03 1.36326969e-01
    4.89227325e-01 2.00543523e-01 3.84989828e-01 4.69106466e-01
    6.65493250e-01 5.59709191e-01 8.06628227e-01 7.45608985e-01
    3.23352218e-03 6.38025045e-01 8.36673021e-01 3.46318722e-01
    7.12485194e-01 4.97686028e-01 7.32480049e-01 2.58970439e-01
    9.20922399e-01 8.66770506e-01 8.49179208e-01 4.02859747e-01
    7.40960360e-01 3.18997622e-01 3.47275734e-01 3.33867550e-01
    7.66215205e-01 2.64715970e-01 5.56461513e-01 9.81828213e-01
    2.48982757e-01 5.96618712e-01 5.43730557e-02 1.44166857e-01
    8.30476880e-02 5.03874123e-01 8.58692288e-01 2.61288881e-03
    1.07399642e-01 3.27425569e-01 3.95538568e-01 5.28011501e-01
    1.94895566e-01 9.39127445e-01 2.76647329e-01 5.61711133e-01
    7.34217048e-01 9.03849483e-01 2.59353220e-01 8.40797901e-01
    4.47843343e-01 5.33239484e-01 4.59347963e-02 9.78820324e-02
    5.69515347e-01 9.50022697e-01 9.95640159e-01 1.42354161e-01
    9.86329317e-01 1.61730349e-01 7.25465417e-01 1.10104620e-01
    6.54597938e-01 5.98269403e-02 4.82760310e-01 3.90557259e-01
    7.75176644e-01 7.43945718e-01 1.93427861e-01 3.33811879e-01
    1.40004843e-01 3.25908840e-01 8.39568913e-01 2.04148263e-01
    1.04652762e-01 7.98738360e-01 7.13830709e-01 8.53432536e-01
    5.84527850e-01 7.53138661e-01 7.12678730e-02 9.32818651e-02
    3.02731872e-01 9.89935637e-01 8.33418846e-01 1.18403822e-01
    2.60078698e-01 7.73368478e-01 4.25246686e-01 4.08046365e-01
    5.00751734e-02 7.30316520e-01 9.26074147e-01 4.99978572e-01
    3.85046452e-01 6.80028081e-01 1.81875974e-01 5.07777512e-01
    4.40326989e-01 5.70100605e-01 7.27907598e-01 4.74308580e-01
    7.32801497e-01 4.17801678e-01 3.22960854e-01 9.05780196e-01
    3.12233448e-01 1.81989580e-01 6.91842079e-01 8.65740061e-01
    3.05594027e-01 2.71895736e-01 9.87859666e-02 5.38252175e-01
    4.00890738e-01 2.67640680e-01 9.26277757e-01 2.67561555e-01
    1.02219969e-01 3.74337852e-01 2.82597959e-01 6.87440336e-01
    5.53872705e-01 7.70788193e-02 6.14723206e-01 7.06666946e-01
    6.21500671e-01 4.90811080e-01 7.82580733e-01 8.91337395e-02
    8.38710427e-01 4.79289025e-01 7.60434091e-01 1.63104415e-01
    1.77631080e-01 6.54739678e-01 3.55212808e-01 1.86314881e-02
    6.83396995e-01 9.19497013e-01 6.60842717e-01 5.98710358e-01
    6.49495721e-01 9.66481388e-01 8.84374380e-02 7.38089681e-01
    1.67212307e-01 2.97536105e-01 3.35391074e-01 2.29039669e-01
    9.16312814e-01 9.14011478e-01 9.45069194e-01 2.74748206e-02
    9.00328934e-01 6.19030893e-02 4.49313104e-01 9.49977934e-01
    1.11448675e-01 8.75766933e-01 6.24617934e-01 6.65730119e-01
    5.39897323e-01 9.53373313e-02 7.93138146e-02 5.52924156e-01
    4.13709879e-02 4.09073055e-01 6.47720695e-03 4.88746464e-01
    5.82127035e-01 8.87813866e-02 5.93123198e-01 7.68664658e-01
    9.64004099e-01 7.32254267e-01 2.07514405e-01 3.65246058e-01
    5.05612493e-01 6.20028019e-01 4.46733147e-01 8.22731614e-01
    1.59275323e-01 5.42579353e-01 1.17168128e-01 8.78825247e-01
    6.94552183e-01 5.80838203e-01 7.51466095e-01 3.87460142e-01
    2.93328345e-01 6.35456204e-01 3.80902350e-01 5.54644763e-01
    5.18418729e-01 2.93793023e-01 6.31537139e-02 4.12040621e-01
    2.66844690e-01 2.05053180e-01 6.87868536e-01 9.09359634e-01
    2.72259414e-02 3.24275225e-01 1.61980927e-01 8.92938972e-01
    5.96459985e-01 1.86340213e-01 4.80926782e-01 5.99089682e-01
    8.08405876e-01 4.41817045e-01 9.78433073e-01 3.87872756e-02
    5.52778184e-01 2.51444697e-01 5.01685441e-01 6.33185923e-01
    4.67213064e-01 7.29748249e-01 7.56348729e-01 9.82885957e-01
    1.08771324e-01 8.94956470e-01 1.43310070e-01 9.73802686e-01
    3.14593315e-01 7.90505171e-01 9.69556689e-01 8.39400291e-03
    9.14711952e-02 6.78460956e-01 5.05362749e-01 6.12367094e-01
    1.21982455e-01 2.77504444e-01 2.66155928e-01 5.42293906e-01
    2.88547337e-01 1.71271682e-01 9.37262177e-01 7.31539190e-01
    1.17041618e-01 5.79084277e-01 5.89665473e-01 7.03698397e-02
    1.21323436e-01 6.51366591e-01 9.33217049e-01 2.68744588e-01
    4.22239155e-01 5.69481313e-01 9.74305749e-01 2.37221241e-01
    6.63491488e-01 7.11100399e-01 8.94911528e-01 3.07135224e-01
    8.02822828e-01 4.06552583e-01 6.41734302e-01 5.67030787e-01
    5.54258347e-01 5.39594293e-02 7.85857499e-01 2.64669150e-01
    1.99068189e-02 9.89393473e-01 7.99296081e-01 8.33402991e-01
    3.29874754e-02 7.00106919e-01 8.41844916e-01 5.45679927e-01
    6.38974547e-01 7.70369172e-01 9.50716794e-01 4.91012692e-01
    6.85523093e-01 5.96794546e-01 2.73733944e-01 1.54931068e-01
    5.23741841e-02 8.86299014e-01 2.95606196e-01 9.84919846e-01
    4.10357475e-01 4.70688075e-01 7.04837441e-01 2.22450733e-01
    7.58646607e-01 3.58073711e-02 8.97730887e-02 4.42229480e-01
    8.88957262e-01 6.08209372e-01 9.56952929e-01 9.13835645e-01
    6.12967610e-02 1.86084986e-01 3.84393930e-01 9.02637601e-01
    2.53225982e-01 9.67602372e-01 1.03931606e-01 1.89878583e-01
    3.99230063e-01 1.63588732e-01 4.50136662e-02 1.01532102e-01
    3.94821763e-02 1.03437960e-01 2.63476878e-01 8.78740370e-01
    6.41970396e-01 1.52251720e-01 4.64696735e-01 2.15369970e-01
    5.03130913e-01 1.43103391e-01 1.73700839e-01 7.84536839e-01
    6.81406021e-01 7.34498382e-01 4.40811366e-01 4.04619515e-01
    9.07193005e-01 4.04218465e-01 1.98690355e-01 5.62310398e-01
    9.58487272e-01 4.15541172e-01 8.19974780e-01 1.13441139e-01
    7.80693531e-01 3.61587852e-01 7.93831885e-01 7.62970746e-02
    2.32400239e-01 9.10945058e-01 8.09738755e-01 5.35735726e-01
    9.41895843e-02 4.06029373e-01 8.71843755e-01 6.75481856e-02
    8.70713711e-01 7.91775584e-01 1.75735891e-01 9.30340648e-01
    8.00886631e-01 3.56255054e-01 2.96934158e-01 7.79547989e-02
    7.15241969e-01 3.96435738e-01 6.73673272e-01 2.90438831e-02
    9.55677927e-01 2.57668972e-01 7.42154956e-01 5.82747996e-01
    9.43651497e-02 3.78369510e-01 4.54585612e-01 8.66674960e-01
    6.69903874e-01 4.93408680e-01 6.98877275e-01 1.98539138e-01
    1.91057891e-01 8.66900086e-02 1.33719772e-01 3.15373033e-01
    8.97760391e-01 7.52514482e-01 2.41826117e-01 8.17369461e-01
    4.04460818e-01 8.12145889e-01 8.44360709e-01 4.16663051e-01
    8.29152942e-01 8.36453259e-01 3.41606796e-01 1.63614631e-01
    9.07271743e-01 8.62995863e-01 8.75377417e-01 7.39477038e-01
    8.78682554e-01 5.92292368e-01 8.08449984e-02 5.45490623e-01
    2.31226087e-02 4.70140070e-01 1.84384435e-01 4.24800128e-01
    9.61520791e-01 7.08314061e-01 7.31680095e-01 8.71108890e-01
    4.47058618e-01 4.14619088e-01 9.35772538e-01 2.84455329e-01
    7.00145543e-01 2.63174057e-01 1.05335414e-01 9.48199272e-01
    7.88116217e-01 3.65619719e-01 7.28124082e-01 1.81577265e-01
    1.37038797e-01 9.83092785e-01 1.78633958e-01 3.45557928e-01
    3.14145863e-01 2.59390473e-01 4.17068034e-01 3.39959025e-01
    2.92345196e-01 5.31180382e-01 1.06372982e-01 6.33800507e-01
    2.00579137e-01 1.06426537e-01 7.54654408e-01 3.23733330e-01
    3.12589079e-01 7.57340193e-02 3.39455336e-01 3.63601595e-01
    3.06061119e-01 8.37785006e-01 6.17872775e-01 9.54653621e-01
    5.25343418e-01 3.48060489e-01 7.12260842e-01 2.73355752e-01
    3.95087183e-01 3.34223151e-01 7.79541135e-01 5.56286633e-01
    3.83750498e-02 4.35592204e-01 7.57157922e-01 6.09288812e-01
    2.03224719e-02 8.44726801e-01 4.28406596e-02 1.29952133e-01
    7.06027150e-01 2.72600949e-02 1.26544833e-01 5.01997471e-02
    5.25756359e-01 1.52082354e-01 4.80998367e-01 9.69716430e-01
    5.02216637e-01 9.21927929e-01 8.33700478e-01 4.05872822e-01
    4.96778935e-01 5.30184686e-01 5.79799294e-01 5.01066089e-01
    5.70914745e-01 6.72961831e-01 4.79863822e-01 1.34668350e-02
    2.34309733e-01 5.48008204e-01 8.75230014e-01 5.30905843e-01
    5.36910832e-01 7.48716950e-01 2.70316869e-01 8.41672301e-01
    6.10013366e-01 5.64954877e-01 4.53879654e-01 1.71460599e-01
    2.46257156e-01 2.99280137e-01 3.93917739e-01 2.90696412e-01
    9.10304189e-01 9.50784087e-01 8.70556712e-01 8.18173826e-01
    9.61316705e-01 7.39270449e-01 6.93736672e-02 3.19147110e-01
    8.22902024e-02 2.88003087e-01 4.50575829e-01 4.06558394e-01
    3.49454463e-01 6.69530869e-01 8.69642138e-01 2.06659853e-01
    5.86741388e-01 4.63198900e-01 4.47037041e-01 3.87399673e-01
    4.08535928e-01 7.18099475e-01 3.92958105e-01 3.16775292e-01
    9.39520836e-01 2.86788404e-01 3.39573860e-01 8.40559363e-01
    4.26859856e-01 7.48862147e-01 6.93357468e-01 6.77523315e-01
    2.54890561e-01 9.48977232e-01 4.26805019e-03 8.86698365e-02
    6.11789882e-01 9.12083685e-01 4.50524509e-01 7.56442547e-03
    1.50360376e-01 4.59046721e-01 3.35767359e-01 4.55912918e-01
    2.52490610e-01 7.39086330e-01 5.86830974e-01 6.85327351e-02
    6.53626382e-01 5.11471748e-01 7.49743938e-01 1.49443567e-01
    4.58595842e-01 9.34103251e-01 8.39181066e-01 2.36737192e-01
    6.63071871e-02 6.91478372e-01 6.25794947e-01 8.19822311e-01
    4.01405454e-01 9.74307656e-02 7.52600074e-01 7.56590366e-01
    4.21902537e-03 4.09412384e-03 5.40099144e-01 9.05386388e-01
    9.00280476e-01 4.26691294e-01 6.39828146e-01 5.43135226e-01
    8.15292895e-02 9.75890040e-01 7.44314194e-02 4.32066292e-01
    2.65439332e-01 7.09387720e-01 1.01028681e-01 5.91886163e-01
    6.86916709e-01 6.43499255e-01 3.05496395e-01 3.88602048e-01
    8.40866923e-01 4.53146428e-01 2.54648715e-01 7.39798546e-01
    6.92504644e-02 4.58292872e-01 9.15566444e-01 6.24264657e-01
    7.84292936e-01 4.34279323e-01 3.04868758e-01 9.64654088e-01
    7.78052926e-01 3.34899485e-01 3.32787812e-01 3.27682644e-01
    6.54783726e-01 3.28708589e-01 4.85377312e-02 8.40035677e-01
    2.51899362e-02 8.36490273e-01 3.82568300e-01 2.76776791e-01
    9.12021101e-02 5.21108568e-01 2.16207504e-01 1.12795025e-01
    9.61434543e-02 4.90026504e-01 1.69426531e-01 9.69143808e-01
    4.58502293e-01 8.09490561e-01 8.86882663e-01 8.87129784e-01
    4.11236882e-01 4.48013961e-01 9.16852951e-01 2.25385964e-01
    9.08074796e-01 2.50690877e-02 8.83400023e-01 4.48494375e-01
    8.84374976e-03 9.20410872e-01 4.11196172e-01 5.19512773e-01
    6.49735928e-02 8.42201710e-01 6.68480754e-01 5.00086963e-01
    5.56298614e-01 8.72431636e-01 4.91794288e-01 1.21087044e-01
    9.07319307e-01 8.00797343e-02 7.59300947e-01 9.50313210e-01
    6.95145130e-03 8.40247273e-01 9.79821563e-01 2.60371894e-01
    2.73365021e-01 1.28347665e-01 6.25210643e-01 8.48176241e-01
    2.62268305e-01 5.24689794e-01 1.72923207e-02 9.33242798e-01
    4.07905519e-01 8.78783107e-01 5.57048440e-01 8.95483255e-01
    9.45660651e-01 3.54309142e-01 6.03445053e-01 1.85174912e-01
    4.13596332e-01 7.27380633e-01 5.78145087e-01 6.77531362e-02
    7.63605714e-01 8.89520884e-01 4.54778016e-01 7.21358597e-01
    7.12933779e-01 3.63955528e-01 3.70477736e-01 5.66880047e-01
    8.56662273e-01 8.87503862e-01 8.96457314e-01 8.08830619e-01
    1.95454717e-01 4.46536422e-01 8.57714057e-01 3.89881730e-02
    1.10052317e-01 5.02903938e-01 1.34988070e-01 5.03054380e-01
    5.08663952e-02 8.65882516e-01 3.39434683e-01 9.39689457e-01
    9.62236345e-01 4.05091047e-03 6.20390296e-01 4.22826886e-01
    8.73489022e-01 2.32068002e-02 9.24564600e-01 5.14663696e-01
    7.84576058e-01 5.08813083e-01 8.52224350e-01 5.17892540e-01
    9.36363697e-01 2.16161549e-01 1.88087016e-01 3.04155529e-01
    7.62425303e-01 7.29707718e-01 4.28313911e-01 2.96959847e-01
    9.86703098e-01 4.10465270e-01 5.46869040e-02 8.48731160e-01
    3.66834193e-01 2.25284964e-01 7.17248559e-01 7.66813934e-01
    8.88270020e-01 9.73132014e-01 7.87663758e-02 3.33949327e-02
    4.87777889e-02 6.59531593e-01 2.15529740e-01 3.37838531e-02
    7.43906021e-01 8.39452863e-01 6.16137862e-01 7.26061165e-02
    6.76903129e-03 6.80648863e-01 5.60878694e-01 2.29112148e-01
    2.83844352e-01 1.53494328e-01 7.88734913e-01 7.92423725e-01
    2.05278397e-04 2.31575996e-01 1.04428023e-01 7.93966353e-02
    9.13612843e-02 8.92546356e-01 4.34271306e-01 7.74533093e-01
    5.50269425e-01 4.53581035e-01 8.40039611e-01 1.50900155e-01
    7.88197517e-01 1.43274277e-01 7.60203242e-01 8.67905974e-01
    2.05874711e-01 6.44579649e-01 6.84376061e-01 7.13943243e-01
    6.92955852e-02 5.98970413e-01 3.14428419e-01 6.99094474e-01
    8.61638784e-02 9.87052441e-01 4.49042261e-01 2.16673106e-01
    1.48538679e-01 7.16897964e-01 9.49541330e-01 4.54577118e-01
    3.50157678e-01 1.38511688e-01 1.63826942e-02 1.33251429e-01
    5.69374204e-01 7.45941639e-01 5.05066395e-01 4.91724998e-01
    6.51528299e-01 1.99428111e-01 4.72701937e-01 5.11651933e-01
    6.02925599e-01 6.34573996e-02 6.52122855e-01 6.11380875e-01
    4.19471741e-01 8.19816947e-01 9.99157429e-02 5.76530993e-02
    1.80093169e-01 5.22233009e-01 7.94052482e-01 5.25205374e-01
    3.46880496e-01 6.95582926e-01 5.07344961e-01 2.19316334e-01
    7.16139972e-02 8.73241246e-01 6.02768362e-01 5.96257329e-01
    7.14293301e-01 3.20561290e-01 3.83774877e-01 2.85396159e-01
    9.04403031e-02 8.90394449e-01 9.66248870e-01 6.60001695e-01
    3.93551469e-01 8.03813696e-01 3.09244573e-01 2.07966894e-01
    4.97400761e-01 7.81912804e-01 8.01005721e-01 7.75630474e-01
    1.94197476e-01 7.71344900e-02 8.92371833e-01 8.88711929e-01
    8.72396588e-01 5.56199670e-01 9.32002902e-01 3.15891862e-01
    8.86728168e-01 8.07920098e-03 8.00997496e-01 2.19138861e-01
    5.95776200e-01 5.82142413e-01 9.85806346e-01 7.46160150e-02
    7.56783724e-01 7.62980103e-01 4.13143635e-03 9.13198113e-01
    9.40315008e-01 5.57371438e-01 9.40446496e-01 3.45314145e-02
    2.42802262e-01 2.68790960e-01 6.00707471e-01 7.62239337e-01
    8.57185364e-01 4.80753660e-01 6.57704234e-01 2.01985002e-01
    2.02907413e-01 8.13904822e-01 9.85602081e-01 4.85931456e-01
    3.70378494e-01 1.20733440e-01 4.18208897e-01 5.77868462e-01
    8.68701041e-02 6.46554053e-01 1.51704341e-01 5.88934839e-01
    3.62842977e-01 3.33120227e-02 1.17723346e-01 5.21076143e-01
    5.14541209e-01 4.45305377e-01 2.86916196e-01 2.39511698e-01
    5.04312456e-01 4.70041096e-01 9.26915288e-01 6.58175766e-01
    3.44671011e-01 3.86986494e-01 4.28455353e-01 1.37525558e-01
    4.70815450e-01 9.07194495e-01 5.10459125e-01 6.81132555e-01
    7.54621089e-01 2.55876511e-01 8.70800793e-01 5.41556180e-01
    5.09810209e-01 9.21173930e-01 3.36082041e-01 4.22804356e-02
    3.37067962e-01 6.42718673e-01 9.06784832e-02 4.55029279e-01
    3.02150965e-01 9.25475061e-02 9.39252496e-01 3.20174754e-01
    1.87211871e-01 9.45771039e-01 4.74813670e-01 5.70344925e-02
    5.34570098e-01 2.18677521e-02 4.48497385e-01 7.38017440e-01
    4.19817448e-01 8.69725645e-01 2.21123934e-01 2.00152099e-02
    3.08314085e-01 6.59479022e-01 5.98440826e-01 5.53221583e-01
    5.44461310e-01 1.29892528e-02 3.62159640e-01 5.96361339e-01
    3.68604422e-01 2.77459621e-02 1.21606946e-01 9.78993654e-01
    3.34520936e-01 3.49225610e-01 6.46526515e-01 3.14112902e-01
    5.02563953e-01 2.10857689e-02 9.35827553e-01 4.45398092e-02
    2.09207624e-01 6.89851224e-01 5.19531369e-01 5.24034917e-01
    1.96398467e-01 1.08789414e-01 9.86964405e-02 5.68274379e-01
    2.68323123e-01 1.62783831e-01 5.64771473e-01 2.59508073e-01
    5.17145097e-01 2.98020244e-03 3.06685209e-01 6.93529844e-03
    5.10844111e-01 1.49845541e-01 3.48035365e-01 8.31226945e-01
    1.24135882e-01 4.78765070e-01 6.76404893e-01 7.75231957e-01
    8.00549150e-01 5.72167933e-02 2.90992558e-02 2.94058144e-01
    2.65313268e-01 2.26837397e-01 7.96312809e-01 1.25593752e-01
    8.87320757e-01 4.21936929e-01 3.54565799e-01 7.39478648e-01
    3.94090861e-01 1.57398194e-01 3.04387450e-01 2.88059413e-01
    5.01226425e-01 2.86806524e-01 8.80962670e-01 3.68819833e-01
    4.79851574e-01 9.87128496e-01 4.41634089e-01 6.74725771e-01
    3.72214377e-01 4.80877608e-01 5.66471398e-01 9.60111797e-01
    8.59307051e-01 3.59111786e-01 4.12989765e-01 1.42776370e-01
    9.05806184e-01 7.31212795e-01 9.60816801e-01 1.46176934e-01
    9.84009802e-02 7.13240564e-01 7.01438069e-01 2.36263722e-01
    2.03150064e-01 9.68093872e-01 9.64015365e-01 6.29463196e-01
    3.41683388e-01 2.84684777e-01 7.92836070e-01 6.30950153e-01
    8.72660875e-02 4.48973596e-01 5.86402774e-01 2.07111537e-01
    4.51868981e-01 4.26027924e-01 9.70049620e-01 5.60003877e-01
    4.69554901e-01 8.61822665e-02 4.52756166e-01 2.67400801e-01
    9.43292499e-01 2.43852288e-01 9.00554061e-01 4.74349588e-01
    3.12334210e-01 1.90408736e-01 8.02562058e-01 5.97007036e-01
    7.32868195e-01 9.07566011e-01 1.74507350e-01 7.46179760e-01
    7.25952625e-01 1.78560883e-01 7.43827939e-01 9.82736945e-01
    5.70742488e-01 2.54859298e-01 9.14723992e-01 9.31149483e-01
    9.09895420e-01 5.94511151e-01 4.49576139e-01 6.32365346e-01
    4.29136544e-01 4.91555154e-01 1.48677945e-01 6.92820430e-01
    3.21508408e-01 7.45298982e-01 1.32383913e-01 8.15236092e-01
    7.48838782e-01 7.97514081e-01 3.50807160e-01 2.27367908e-01
    3.83055419e-01 4.20718729e-01 7.72185802e-01 8.44877958e-01
    7.29080260e-01 6.05393946e-01 4.56557125e-01 3.26934159e-01
    5.36675811e-01 6.07933998e-01 8.33813310e-01 9.97281790e-01
    7.40660489e-01 7.08973765e-01 8.55856061e-01 4.68283892e-01
    3.21642101e-01 8.46271276e-01 4.20990080e-01 6.24011517e-01
    9.37714100e-01 9.71674562e-01 6.30182803e-01 5.06845236e-01
    1.14061415e-01 7.83114910e-01 2.72303879e-01 9.45335746e-01
    4.48339254e-01 6.46696627e-01 5.31711757e-01 4.82202202e-01
    3.97715747e-01 5.52359462e-01 2.03563690e-01 9.84189749e-01
    8.66788387e-01 3.17826509e-01 6.79667830e-01 3.78293157e-01
    9.60665345e-01 5.50212920e-01 2.37679511e-01 1.44052714e-01
    6.43051028e-01 3.63095880e-01 1.60856813e-01 8.59995484e-01
    2.97468305e-02 1.16115719e-01 3.31790268e-01 5.64207554e-01
    9.82890010e-01 7.23960996e-01 7.50059724e-01 9.85579848e-01
    7.32253194e-01 6.79363310e-01 1.32462502e-01 6.63632154e-02
    9.75636125e-01 4.44265515e-01 1.84759796e-02 9.32291150e-03
    5.75778544e-01 8.28611851e-03 4.85399067e-01 7.56538510e-01
    6.96857333e-01 1.28743529e-01 8.95933986e-01 8.58514547e-01
    1.41915202e-01 9.41288114e-01 2.30868161e-02 5.90460777e-01
    6.27101004e-01 5.81821501e-02 9.79419351e-01 3.93136561e-01
    3.51688743e-01 4.92065609e-01 9.27234888e-01 5.82295537e-01
    9.18525219e-01 5.23257494e-01 8.57753038e-01 8.93616319e-01
    5.41193664e-01 4.78067249e-01 6.41371429e-01 8.52616608e-01
    8.64177346e-01 9.03907478e-01 3.67579043e-01 6.26331866e-01
    1.41242832e-01 2.45590031e-01 4.98487413e-01 8.43969226e-01
    7.15275884e-01 3.57586086e-01 3.87563467e-01 1.41215920e-02
    2.37439603e-01 2.57804930e-01 8.31926823e-01 3.00365508e-01
    7.84380913e-01 4.60648477e-01 8.68458629e-01 2.53059953e-01
    6.25837088e-01 6.95657372e-01 3.31175625e-02 6.31260514e-01
    1.49095029e-01 5.17051816e-02 8.53347838e-01 9.41043377e-01
    4.40660536e-01 8.27895463e-01 2.56880552e-01 6.65814459e-01
    8.50490212e-01 3.98347706e-01 5.94722450e-01 1.59524679e-02
    3.91948223e-01 4.03048247e-01 6.53112531e-01 2.02493280e-01
    6.80086493e-01 8.06460500e-01 5.86490810e-01 8.06040764e-02
    2.65681744e-01 5.92616975e-01 8.22589993e-01 6.86510384e-01
    2.46990293e-01 3.70099366e-01 9.29676771e-01 6.47772312e-01
    7.05658436e-01 1.51913464e-01 2.76756972e-01 4.80318785e-01
    8.42232704e-01 4.03207093e-01 3.80955070e-01 9.71292257e-01
    7.64323771e-01 3.02003473e-01 4.22109634e-01 7.99071729e-01
    7.84065783e-01 5.86922526e-01 9.80471849e-01 5.69935262e-01
    4.56752658e-01 4.68456745e-01 3.53087902e-01 3.25934023e-01
    4.75597173e-01 5.85973799e-01 4.29295659e-01 1.24529868e-01
    7.88782358e-01 1.13068819e-02 1.89170897e-01 5.25261998e-01
    2.87194371e-01 3.44333827e-01 2.34429687e-01 2.02797204e-01
    2.35764086e-01 2.62496710e-01 7.54389167e-01 3.62436235e-01
    7.79061377e-01 2.81501085e-01 1.64788693e-01 3.50635141e-01
    1.76616967e-01 5.54143786e-02 9.41400886e-01 3.51242840e-01
    3.24910283e-01 4.64169979e-01 8.40800762e-01 1.06869131e-01
    9.68168080e-01 5.61456442e-01 1.75461024e-01 4.23788488e-01
    2.34649271e-01 1.55048788e-01 6.52319193e-02 9.40473139e-01
    8.41703176e-01 1.76912546e-03 3.28802526e-01 2.76663601e-01
    9.88647699e-01 7.47070551e-01 3.36387068e-01 8.33799541e-02
    5.70480943e-01 4.10292417e-01 4.13634837e-01 7.95179904e-02
    1.82472676e-01 2.13576287e-01 2.65853971e-01 7.80432343e-01
    2.31210500e-01 3.25676799e-02 5.06251156e-01 5.95948219e-01
    9.62632179e-01 1.39637291e-02 2.25988120e-01 6.60184324e-02
    3.40492964e-01 6.33819699e-01 7.34452784e-01 4.02161717e-01
    6.25789344e-01 2.01343298e-02 4.18118775e-01 1.33225411e-01
    1.22974843e-01 6.88264370e-02 9.14562166e-01 6.83628201e-01
    1.26828969e-01 8.69486570e-01 5.20275712e-01 3.97375047e-01
    9.55931544e-02 3.29179406e-01 9.45568085e-01 2.45027095e-01
    8.64200890e-01 3.35333467e-01 1.34565920e-01 6.48102760e-01
    5.92653513e-01 8.19185674e-01 2.74661422e-01 1.06532365e-01
    9.66589510e-01 8.07186961e-02 3.54660869e-01 6.46337271e-02
    7.76255846e-01 4.73228872e-01 1.14231288e-01 3.64772350e-01
    4.52886671e-01 8.51660252e-01 2.50723302e-01 3.01156163e-01
    7.90834546e-01 6.54806793e-02 7.53967166e-01 4.88280296e-01
    5.75893164e-01 5.86138666e-01 5.82919717e-01 4.18119133e-01
    4.06192422e-01 3.57266963e-01 8.07866573e-01 7.26169586e-01
    2.14289397e-01 4.12782192e-01 5.04878461e-02 5.75071573e-02
    9.92533565e-01 2.56776214e-01 4.52203572e-01 5.25797307e-01
    4.05597478e-01 5.99038303e-01 8.14016581e-01 3.86786252e-01
    8.42056632e-01 8.83430004e-01 8.44601333e-01 5.46886802e-01
    2.35179454e-01 5.06610334e-01 8.00052643e-01 5.50857425e-01
    2.50729501e-01 7.28092670e-01 7.97667742e-01 1.71099573e-01
    4.73628670e-01 8.51851106e-01 5.56848586e-01 2.83850431e-01
    9.98889804e-01 2.19267368e-01 1.76591575e-02 7.04866052e-01
    4.84114081e-01 8.94602895e-01 8.42436552e-01 5.53364277e-01
    6.07254922e-01 6.73969507e-01 1.28981650e-01 1.77378058e-01
    4.78671134e-01 8.37722301e-01 8.16967428e-01 4.64859188e-01
    1.90480530e-01 8.88489723e-01 5.76024234e-01 7.59041548e-01
    6.77415729e-02 7.20628202e-01 5.80038786e-01 4.44036603e-01
    8.58732045e-01 5.79621017e-01 2.68167853e-01 1.02952302e-01
    3.01465273e-01 5.78150272e-01 9.52101946e-01 4.08270955e-03
    2.23955423e-01 9.25045609e-01 5.19352138e-01 7.51735330e-01
    1.19522572e-01 3.31071645e-01 7.71142900e-01 9.91897106e-01
    3.19789857e-01 2.67959803e-01 8.87347400e-01 6.92985654e-01
    5.23913264e-01 6.05848730e-01 2.39896983e-01 9.06793296e-01
    9.87945676e-01 4.90117997e-01 5.62087476e-01 2.29466856e-01
    8.63337517e-02 3.26931238e-01 7.32997954e-02 4.72044289e-01
    5.30129552e-01 6.98909760e-01 8.66705179e-02 6.58032835e-01
    1.06940925e-01 2.12145567e-01 5.32923460e-01 3.79237503e-01
    2.94072151e-01 5.22809386e-01 2.44602680e-01 2.59948313e-01
    7.43739009e-01 9.19634700e-02 5.13035059e-01 8.74670506e-01
    8.94728005e-01 3.05379838e-01 1.60846412e-02 1.46433026e-01
    9.26166713e-01 3.72105122e-01 1.05727881e-01 5.60813129e-01
    4.56216902e-01 6.51728570e-01 6.63439751e-01 3.08401048e-01
    5.39064467e-01 5.13066351e-01 5.15490115e-01 6.43045843e-01
    7.00467527e-01 7.48973548e-01 5.52668035e-01 2.75298715e-01
    2.41051704e-01 2.85180986e-01 9.17082429e-01 8.27121496e-01
    5.15784621e-02 2.53429800e-01 4.04874027e-01 6.64245009e-01
    5.49900293e-01 1.99257433e-02 3.03855002e-01 8.44677567e-01
    7.92745829e-01 7.54307866e-01 4.76564795e-01 1.35871321e-01
    4.60957795e-01 6.50963187e-02 2.08365470e-01 2.36649245e-01
    3.24778557e-01 4.47563678e-01 1.78161353e-01 9.58810091e-01
    9.18772340e-01 2.74191797e-01 5.03619313e-02 7.96389222e-01
    7.19143271e-01 7.32378244e-01 2.28657097e-01 7.97534287e-02
    9.53200221e-01 8.25980544e-01 5.24524212e-01 7.48288393e-01
    6.76438570e-01 3.86973321e-01 5.77578247e-02 7.43313551e-01
    7.60185599e-01 3.94956261e-01 3.66629153e-01 6.60774529e-01
    8.64404857e-01 1.32197827e-01 8.77080083e-01 8.53258967e-02
    8.97728622e-01 4.45184708e-02 1.48770809e-02 4.80093688e-01
    5.37743509e-01 3.20200831e-01 5.78608513e-01 7.66558230e-01
    4.08060133e-01 9.13580060e-01 5.90290666e-01 9.92671847e-02
    2.49093026e-01 2.04315633e-01 6.25106394e-01 8.92376304e-01
    1.40540510e-01 4.57450628e-01 9.32181597e-01 5.39614558e-02
    7.22319007e-01 3.44464839e-01 2.26539522e-01 7.08175719e-01
    9.61764812e-01 8.23243260e-01 7.36346364e-01 8.09252501e-01
    6.86605871e-02 5.88956237e-01 9.60517287e-01 4.31883276e-01
    3.69786590e-01 3.47001016e-01 1.11931682e-01 1.49115920e-03
    7.93571830e-01 9.48626995e-02 6.46960855e-01 2.74660677e-01
    8.67232978e-02 8.33939493e-01 3.70075881e-01 8.19360137e-01
    5.60972452e-01 9.08135891e-01 1.77869678e-01 6.61688089e-01
    7.24013567e-01 9.22355890e-01 9.19681787e-01 3.13207328e-01
    8.55574608e-02 5.46305180e-02 3.58594388e-01 2.66821682e-01
    6.70560360e-01 9.70916748e-01 9.54178929e-01 5.18454432e-01
    2.97427416e-01 1.36722356e-01 8.93112183e-01 5.97190499e-01
    5.59760511e-01 9.88167524e-01 9.21643019e-01 2.67336845e-01
    9.92400050e-01 6.09808803e-01 4.10724193e-01 1.63380027e-01
    2.79350221e-01 3.17253113e-01 5.11634409e-01 3.84446800e-01
    9.66400266e-01 2.97301412e-01 4.06749845e-01 5.30632436e-02
    8.69195580e-01 8.22327912e-01 5.10225773e-01 7.09250212e-01
    2.62361169e-02 9.79939997e-02 7.38243401e-01 3.54007423e-01
    2.08334863e-01 2.20247209e-01 1.15611345e-01 8.89621794e-01
    8.96476328e-01 3.99853110e-01 1.85299009e-01 2.92226672e-03
    2.52963483e-01 6.88244998e-02 3.87797147e-01 8.92665625e-01
    5.76950788e-01 2.39871025e-01 4.61399257e-02 6.45422935e-03
    7.46990740e-01 9.33071494e-01 7.10813463e-01 6.68930411e-02
    2.54754841e-01 9.83621836e-01 1.91221505e-01 2.48413920e-01
    4.77512836e-01 8.34570289e-01 7.93669403e-01 9.55491424e-01
    5.13742030e-01 3.42572510e-01 9.37342763e-01 1.77045584e-01
    4.53826636e-01 2.48520762e-01 8.07665408e-01 1.67270899e-01
    8.83153439e-01 2.75595546e-01 5.68840206e-02 5.00003994e-02
    2.53215194e-01 3.85519922e-01 9.58343208e-01 7.18328655e-01
    5.98474443e-01 3.49002659e-01 3.43770176e-01 8.78569305e-01
    2.45661110e-01 9.65596795e-01 2.32455939e-01 4.02417481e-01
    5.80285668e-01 4.74973142e-01 4.79050577e-02 5.34691811e-01
    3.78757656e-01 1.34371489e-01 6.08468175e-01 2.38210857e-02
    7.24609435e-01 2.15640068e-01 8.67925286e-01 4.76516664e-01
    5.46632409e-01 3.73458803e-01 3.05385202e-01 8.54945600e-01
    8.20210576e-01 5.51981330e-01 9.62111950e-01 6.03974164e-01
    6.71004534e-01 3.57883096e-01 3.97158563e-02 5.42205513e-01
    9.60312426e-01 5.47972858e-01 8.98912907e-01 2.12118715e-01
    4.82329845e-01 9.10544634e-01 9.19157028e-01 7.26084948e-01
    2.73213387e-02 7.72745371e-01 8.43107700e-03 3.96101296e-01
    8.90116692e-01 6.38830006e-01 8.12410831e-01 2.19461799e-01
    6.17078781e-01 3.72026384e-01 4.47962373e-01 6.05885684e-02
    4.80800003e-01 8.22718740e-01 4.39096183e-01 8.34956765e-01
    7.69435644e-01 9.41140175e-01 5.61938524e-01 4.80064750e-01
    1.60190970e-01 8.62798095e-03 5.53790808e-01 1.75977379e-01
    5.09025216e-01 1.88641548e-01 2.70465910e-01 7.07320571e-01
    4.25418317e-02 4.46844488e-01 7.58527339e-01 7.95200706e-01
    4.07771796e-01 8.48167777e-01 9.87032115e-01 8.75808299e-01
    1.90401644e-01 6.41719222e-01 3.51979017e-01 5.24947941e-02
    9.53947008e-01 5.58979392e-01 7.41580486e-01 2.81915843e-01
    5.72124600e-01 7.68006921e-01 8.32148075e-01 9.89589453e-01
    1.82361901e-02 1.51476741e-01 1.97920799e-01 7.92332172e-01
    8.98749888e-01 9.79621887e-01 9.91212368e-01 9.46591496e-01
    7.17854917e-01 5.95863879e-01 6.56054735e-01 2.74804652e-01
    5.20451784e-01 6.98010206e-01 3.16656172e-01 4.56708014e-01
    7.97678590e-01 8.79853010e-01 6.56140268e-01 7.52997994e-02
    9.32993412e-01 6.16866946e-02 3.08896422e-01 4.67297286e-01
    8.25518847e-01 7.23137856e-02 7.70687222e-01 9.20136511e-01
    2.37938076e-01 5.83502233e-01 2.85187393e-01 8.36413682e-01
    4.02413011e-01 3.55990410e-01 8.95679891e-02 2.58835435e-01
    8.02002668e-01 7.51221478e-02 8.75857472e-01 6.73055828e-01
    3.98681968e-01 5.32127917e-02 6.77605212e-01 7.84124851e-01
    5.70439398e-01 2.95172304e-01 8.75280201e-02 6.18399858e-01
    7.05648243e-01 3.26068044e-01 7.98174143e-01 1.27542645e-01
    4.64643061e-01 2.52752066e-01 6.25809491e-01 3.53080422e-01
    7.08929837e-01 9.94485140e-01 6.33156419e-01 1.40372306e-01
    6.16280138e-01 1.83484048e-01 6.11292779e-01 7.33675182e-01
    3.37240100e-01 1.54056013e-01 2.67711312e-01 5.52376866e-01
    3.20919812e-01 6.30530953e-01 8.33576560e-01 7.73591101e-02
    2.47642338e-01 3.34126741e-01 2.27044731e-01 2.16814935e-01
    2.91645408e-01 3.76713067e-01 1.87071055e-01 6.38184845e-01
    6.91775918e-01 1.02546662e-01 8.49963307e-01 8.41203928e-01
    7.63491869e-01 7.46350348e-01 7.91768074e-01 5.52081406e-01
    5.09851515e-01 5.22957623e-01 3.36911201e-01 2.70504296e-01
    8.86075020e-01 5.54093778e-01 9.39345717e-01 8.04733336e-02
    7.89185882e-01 1.34409904e-01 7.39282131e-01 8.88261855e-01
    2.38536656e-01 9.14153814e-01 9.00252223e-01 2.87761450e-01
    2.39919662e-01 4.48634744e-01 7.65754580e-01 9.45394754e-01
    8.45119476e-01 6.47276640e-01 8.09969187e-01 7.67120421e-01
    1.02353245e-01 9.30103421e-01 9.90083575e-01 1.52738869e-01
    9.63516891e-01 4.23298746e-01 4.02557820e-01 8.56884718e-02
    1.35973394e-02 4.69672710e-01 3.77186537e-02 5.70960701e-01
    3.68669271e-01 9.14128661e-01 5.08201241e-01 5.86756885e-01
    4.05445129e-01 5.05977571e-01 7.22616494e-01 6.41080022e-01
    1.25121534e-01 2.68809021e-01 4.21382487e-01 8.66499782e-01
    2.91439891e-01 7.97644258e-02 7.26145148e-01 6.86704338e-01
    9.23262835e-01 7.40824103e-01 3.12828481e-01 7.72893310e-01
    4.80763882e-01 9.80318785e-01 2.50037789e-01 9.64132905e-01
    9.98165488e-01 4.71263975e-01 7.55159259e-01 7.69119024e-01
    5.54560423e-01 8.09457898e-02 2.99747467e-01 6.48743808e-02
    1.56178951e-01 4.03247505e-01 1.96832001e-01 2.18926281e-01
    9.89363790e-01 6.56736255e-01 6.78051710e-01 6.94316566e-01
    8.18364263e-01 6.78304434e-01 5.10402858e-01 8.41884732e-01
    1.58185691e-01 4.89778012e-01 5.10911942e-01 2.71386743e-01
    9.35175478e-01 4.90266770e-01 2.01135784e-01 4.40866768e-01
    3.75603139e-02 4.18376625e-01 8.94863188e-01 7.92357087e-01
    8.02921116e-01 6.01628900e-01 3.70763481e-01 1.76953852e-01
    7.80464292e-01 4.91192579e-01 9.70455706e-02 4.48976398e-01
    9.90389347e-01 8.20226669e-02 3.23768795e-01 3.18392098e-01
    9.47825730e-01 6.77689314e-01 8.08270633e-01 5.86393476e-03
    7.85169363e-01 2.82245934e-01 9.40876603e-01 2.71190256e-01
    5.18028378e-01 3.64486217e-01 2.78049022e-01 3.82699311e-01
    7.29367852e-01 8.48501742e-01 7.79593050e-01 1.75830185e-01
    6.30251288e-01 6.57834232e-01 1.60739273e-01 8.01267922e-02
    1.25106007e-01 8.29405189e-01 8.12286317e-01 8.86282086e-01
    5.62617362e-01 8.50730300e-01 5.03004551e-01 1.40858561e-01
    3.01973104e-01 1.15700662e-01 2.47176915e-01 6.43765330e-01
    6.61319494e-03 1.12254441e-01 7.53795266e-01 7.44410992e-01
    6.68889284e-01 3.99515122e-01 3.13651830e-01 3.69726717e-01
    7.56091595e-01 6.48307443e-01 4.95236516e-02 5.71054161e-01
    8.67633939e-01 7.71023393e-01 6.49214387e-02 2.47382432e-01
    6.99172854e-01 7.42142081e-01 1.36536360e-01 4.00517583e-01
    9.28896070e-01 1.82693392e-01 6.16262436e-01 7.45746374e-01
    6.15513325e-02 5.73511422e-01 4.56596553e-01 8.12153578e-01
    8.68912399e-01 1.27338916e-01 8.56071353e-01 1.57877177e-01
    5.04550278e-01 3.52048874e-02 2.03787506e-01 6.02737546e-01
    2.41476119e-01 7.33763397e-01 4.93870199e-01 4.50580597e-01
    1.73661858e-01 1.77334219e-01 7.10705757e-01 8.84256244e-01
    8.71197820e-01 2.32935578e-01 6.98527157e-01 4.83432055e-01
    1.51819676e-01 1.83636457e-01 4.25301492e-02 4.50520813e-02
    4.74023998e-01 3.95521283e-01 3.82209122e-01 2.35877395e-01
    2.23028958e-01 7.44291663e-01 9.38253284e-01 8.60267162e-01
    9.44413900e-01 9.88056779e-01 7.58092701e-01 9.65639234e-01
    9.68214750e-01 2.73145735e-02 8.12862933e-01 5.91005445e-01
    6.73362732e-01 7.39602327e-01 6.36955976e-01 7.48328328e-01
    2.25215316e-01 3.67110670e-01 5.01015663e-01 5.30143380e-01
    9.63383317e-01 6.07056439e-01 7.00452209e-01 6.83250070e-01
    8.71035159e-01 6.90128565e-01 7.51749158e-01 4.58270103e-01
    5.35334945e-02 6.42802060e-01 5.76467931e-01 8.16632390e-01
    2.38965660e-01 8.28687787e-01 2.93747663e-01 6.02869153e-01
    6.15182579e-01 9.31300342e-01 3.67492080e-01 5.78946352e-01
    6.92943156e-01 1.05133981e-01 7.05769658e-01 4.39920247e-01
    8.92492652e-01 3.49761009e-01 4.78903174e-01 4.14207280e-01
    2.33658761e-01 7.19642997e-01 2.58806944e-01 1.50675297e-01
    4.68609899e-01 3.99038970e-01 3.56490314e-02 7.37536073e-01
    6.92203999e-01 4.37190652e-01 9.90941286e-01 4.37670797e-01
    4.08195049e-01 8.95075738e-01 8.33309412e-01 4.81592953e-01
    7.66403615e-01 5.10557175e-01 7.30971992e-01 6.77432835e-01
    1.86100692e-01 9.21616673e-01 4.76129830e-01 6.44470930e-01
    1.64910495e-01 1.39606982e-01 9.75681901e-01 4.65261370e-01
    3.94012064e-01 6.49235904e-01 4.90888506e-01 5.09560525e-01
    5.67328095e-01 2.74200141e-02 8.91543269e-01 7.02839375e-01
    1.16728932e-01 4.03621525e-01 3.65599662e-01 4.90443707e-01
    4.52170789e-01 7.51354098e-01 6.49564207e-01 6.95288181e-03
    4.92460638e-01 6.85700178e-01 9.33732152e-01 4.41273808e-01
    5.19150913e-01 2.47784317e-01 6.18134856e-01 8.59961510e-01
    1.85596883e-01 6.12653315e-01 7.49714136e-01 5.93152821e-01
    1.99376851e-01 6.28572941e-01 8.60957325e-01 9.32556391e-01
    7.50673056e-01 1.06739700e-02 3.23611587e-01 8.27712297e-01
    8.26684713e-01 2.18237311e-01 4.73773360e-01 6.87407255e-01
    1.34134501e-01 9.46568608e-01 7.78145492e-01 5.43710589e-01
    7.38069236e-01 4.04978633e-01 2.59636045e-01 9.68717933e-01
    7.15999484e-01 6.77394986e-01 8.48240554e-01 8.73642802e-01
    1.07807815e-01 2.85026193e-01 7.28829265e-01 9.74692225e-01
    5.64858973e-01 2.90661097e-01 2.18712389e-01 9.42271054e-01
    9.29767609e-01 3.67549598e-01 7.87461758e-01 8.90049160e-01
    7.85408139e-01 2.26178914e-01 6.41863823e-01 1.03932261e-01
    3.24445993e-01 7.46391416e-01 5.80234826e-02 5.15099883e-01
    2.51197129e-01 7.64040351e-01 1.22305244e-01 2.98996091e-01
    7.42179155e-03 5.15687227e-01 7.09791541e-01 1.13613456e-01
    5.59034169e-01 4.44707900e-01 2.77983189e-01 7.98441947e-01
    1.15785033e-01 5.14933169e-01 8.18688214e-01 1.43156826e-01
    3.07476074e-01 9.30129290e-02 7.01573193e-01 5.90547442e-01
    3.01993906e-01 9.96187687e-01 2.50756264e-01 6.97292626e-01
    2.28452861e-01 9.90707278e-01 3.78415883e-01 7.48468101e-01
    8.24804544e-01 9.60214078e-01 4.24566001e-01 3.33528638e-01
    4.74802613e-01 2.27779895e-01 2.21367180e-01 8.14146340e-01
    9.67050672e-01 3.33830714e-03 7.18332291e-01 7.17730582e-01
    5.22543490e-02 7.65127838e-02 7.77348995e-01 1.87443495e-02
    9.61700320e-01 5.52951336e-01 3.76267016e-01 2.47772872e-01
    6.36596441e-01 6.59006953e-01 3.39691788e-01 5.41505694e-01
    8.21139932e-01 5.34083545e-02 6.62196338e-01 4.86598015e-02
    8.04153323e-01 1.95962727e-01 2.03754336e-01 5.42504430e-01
    4.06718075e-01 8.03254247e-01 3.03135723e-01 5.08220851e-01
    2.73267955e-01 3.53979737e-01 7.76551843e-01 9.05832767e-01
    5.04397690e-01 9.53030348e-01 9.88238752e-01 6.74127042e-01
    2.25188702e-01 6.78305626e-01 7.41886139e-01 9.59806323e-01
    9.32826936e-01 3.89020175e-01 6.10685170e-01 4.85904157e-01
    5.14895737e-01 2.86668390e-01 3.13974798e-01 6.34593487e-01
    2.36203909e-01 3.64586055e-01 3.17782521e-01 2.47561127e-01
    9.00671661e-01 3.87999415e-03 7.97715306e-01 7.56088793e-01
    9.70992208e-01 5.39294243e-01 5.20655215e-01 3.37742567e-01
    7.70823479e-01 5.38929820e-01 9.26030397e-01 4.22264159e-01
    1.59125924e-02 6.38223469e-01 7.59835660e-01 9.39406455e-01
    1.36539012e-01 9.13725019e-01 2.87618816e-01 7.32296944e-01
    7.11629570e-01 4.71089184e-02 2.14595199e-02 5.25064409e-01
    2.54869044e-01 2.91272134e-01 3.31268787e-01 1.03764355e-01
    8.55181217e-01 8.57361555e-01 9.30756330e-03 5.40133178e-01
    4.75910038e-01 8.65830064e-01 4.99182194e-01 8.03460836e-01
    9.60348606e-01 9.88668203e-02 8.19933712e-02 2.75542796e-01
    8.49433661e-01 4.54711914e-03 1.87743932e-01 9.74944711e-01
    4.15350497e-02 6.85429335e-01 8.90296102e-01 4.55945998e-01
    4.83528048e-01 2.61759102e-01 9.74042296e-01 5.88771999e-01
    9.16825891e-01 8.83986473e-01 8.59898448e-01 5.35237849e-01
    5.03535926e-01 6.57820344e-01 3.15621257e-01 1.62527174e-01
    8.16661477e-01 7.60967672e-01 8.39273453e-01 6.12276375e-01
    5.58736622e-01 3.76962721e-02 5.00633776e-01 8.06354165e-01
    5.04851699e-01 1.65083796e-01 7.02339709e-01 2.24361986e-01
    5.46582282e-01 6.52236819e-01 1.09565675e-01 4.04368699e-01
    1.17854804e-01 2.77144849e-01 6.74039781e-01 8.88540745e-01
    7.51860797e-01 8.71688664e-01 2.53912598e-01 4.06030774e-01
    2.68070102e-01 5.57642877e-01 5.78079164e-01 8.99981201e-01
    8.25530887e-01 4.47532415e-01 4.30883348e-01 3.23301256e-01
    4.72280830e-01 1.52609587e-01 6.18870437e-01 3.39425176e-01
    5.41611850e-01 5.63731611e-01 6.36743665e-01 8.81439030e-01
    5.06483912e-01 7.39797533e-01 8.32297623e-01 8.10753822e-01
    7.46081173e-01 2.58559644e-01 8.31689775e-01 6.64323986e-01
    7.65822411e-01 7.49310553e-01 6.05473101e-01 9.63794827e-01
    1.69063717e-01 1.64284170e-01 9.96358097e-01 8.08503270e-01
    4.47859496e-01 9.96544957e-01 6.28555834e-01 9.05806065e-01
    2.79773355e-01 5.10302544e-01 5.53231895e-01 5.98146975e-01
    3.64032388e-01 7.27467656e-01 1.88753605e-01 1.93612695e-01
    2.87325352e-01 3.76235485e-01 5.19967735e-01 3.90783340e-01
    8.24144304e-01 1.65695935e-01 6.11469984e-01 3.01567674e-01
    3.65752101e-01 6.43184781e-01 6.32259607e-01 2.42537558e-01
    4.76358026e-01 6.97971225e-01 2.15779513e-01 2.67329484e-01
    1.51990056e-01 6.02127731e-01 6.38671398e-01 3.19878101e-01
    4.15738255e-01 8.95574689e-02 1.01025581e-01 1.76601321e-01
    9.06572819e-01 9.30233896e-02 2.52674460e-01 8.53494763e-01
    5.72348833e-01 1.48609370e-01 2.36100256e-01 6.09775007e-01
    4.99294490e-01 7.38752484e-01 5.70125461e-01 2.71238148e-01
    4.41537917e-01 8.02344561e-01 3.93914491e-01 9.17991161e-01
    3.74789536e-01 6.96644068e-01 3.74411941e-01 9.34822202e-01
    7.58317709e-01 1.40242815e-01 6.34165466e-01 4.08143818e-01
    6.03597939e-01 5.25146484e-01 8.92548203e-01 8.67791891e-01
    2.99178958e-01 6.87200665e-01 6.46219075e-01 7.98265576e-01
    7.48541415e-01 5.70729733e-01 8.58596325e-01 5.40443957e-02
    7.10083425e-01 3.36880237e-01 7.00720191e-01 1.52412951e-02
    5.60143590e-01 8.37517500e-01 6.13172710e-01 2.84780860e-01
    5.30423641e-01 8.40165854e-01 6.21783495e-01 5.09220064e-02
    5.42207718e-01 7.19973743e-02 1.15275443e-01 7.01853096e-01
    9.71380591e-01 3.30895424e-01 9.46130276e-01 6.26449227e-01
    7.80874729e-01 6.97953224e-01 2.84139931e-01 6.00292504e-01
    6.16234839e-01 6.94635987e-01 9.13024127e-01 8.78624320e-01
    8.85489643e-01 7.49871969e-01 1.54955089e-01 1.17198050e-01
    5.86649299e-01 7.95822859e-01 6.81837797e-01 8.74999642e-01
    2.42861509e-01 8.70033085e-01 7.69979596e-01 1.59826607e-01
    7.42815435e-02 8.54995728e-01 1.03759229e-01 4.32414651e-01
    1.16940171e-01 8.95648420e-01 7.21754014e-01 7.82081723e-01
    3.62302899e-01 6.63555562e-02 6.86109543e-01 2.78743088e-01
    6.29119158e-01 1.42579675e-01 4.73911971e-01 3.58823925e-01
    1.40233099e-01 1.29422307e-01 1.12471163e-01 7.11636126e-01
    7.12882280e-01 5.22020459e-03 9.81658518e-01 3.89419615e-01
    9.81383085e-01 4.89923000e-01 1.24403983e-01 3.91077757e-01
    4.84621882e-01 9.40362930e-01 8.18483233e-01 6.17597759e-01
    3.37879807e-01 4.91408050e-01 7.90099263e-01 7.70168424e-01
    8.01013291e-01 9.69145775e-01 6.03984594e-01 2.50956774e-01
    4.12154496e-01 1.34854853e-01 7.15793610e-01 3.36399019e-01
    4.84530658e-01 2.59046495e-01 2.89972007e-01 1.48499548e-01
    2.05034107e-01 7.33194351e-01 9.09034014e-01 1.22405291e-02
    3.35689485e-02 7.47837543e-01 1.06410652e-01 1.18255734e-01
    5.03014684e-01 3.14101368e-01 8.76464069e-01 5.95502794e-01
    3.22909355e-02 6.52945042e-01 4.69356209e-01 5.63637018e-02
    1.64017648e-01 4.77866769e-01 9.70453262e-01 5.47192514e-01
    5.96304715e-01 1.07997417e-01 8.59463573e-01 1.70741200e-01
    5.05198300e-01 8.26506913e-01 7.50778675e-01 9.98950183e-01
    7.98714399e-01 6.75781548e-01 3.62882346e-01 8.43641341e-01
    1.78418994e-01 2.22351193e-01 2.03453660e-01 6.16358161e-01
    8.48087490e-01 6.94359660e-01 7.58711278e-01 5.99055767e-01
    9.14668262e-01 5.99526286e-01 4.76472884e-01 3.61283660e-01
    9.68010187e-01 4.80655551e-01 3.59480560e-01 4.91202414e-01
    8.73844624e-02 5.72395921e-01 6.48225307e-01 4.90050644e-01
    3.19915324e-01 2.92592406e-01 6.34369731e-01 4.15402651e-02
    8.99471343e-01 3.52924854e-01 3.61949235e-01 2.44533539e-01
    9.44767773e-01 5.09162664e-01 9.97376323e-01 7.99549401e-01
    4.17869687e-02 4.66821492e-02 7.30987787e-01 1.77367657e-01
    6.60241842e-02 3.58101428e-02 8.11960578e-01 3.81541789e-01
    6.97434723e-01 1.62995964e-01 4.80175912e-01 6.16489112e-01
    4.06700611e-01 3.56358349e-01 4.30386961e-02 2.04077363e-01
    2.89993346e-01 8.58904123e-01 1.41977489e-01 4.45257485e-01
    2.48925209e-01 4.07378346e-01 2.94673443e-02 3.23740184e-01
    5.70461988e-01 9.64224577e-01 2.16840535e-01 3.82449329e-01
    6.38743877e-01 1.99833691e-01 3.48862529e-01 1.38082564e-01
    7.45230734e-01 5.38342655e-01 1.98932916e-01 5.32762289e-01
    7.84702182e-01 6.81348443e-02 5.64877510e-01 1.75774574e-01
    4.32110429e-02 7.06176698e-01 7.30431795e-01 9.78687406e-02
    6.24367952e-01 4.23874497e-01 1.45624995e-01 2.39588976e-01
    6.57680213e-01 1.80650771e-01 7.80323148e-01 6.25802159e-01
    2.91472316e-01 8.98833275e-02 3.03094208e-01 9.96868193e-01
    5.21783292e-01 3.73669446e-01 7.73484409e-01 5.81966519e-01
    9.57063437e-01 1.88921452e-01 6.09939158e-01 1.73920959e-01
    5.19908726e-01 3.69174719e-01 8.25945258e-01 1.13155246e-02
    4.01141405e-01 1.50862575e-01 9.44831252e-01 5.46251178e-01
    4.79338676e-01 4.29607987e-01 3.20400536e-01 6.50895417e-01
    5.70752621e-01 5.88651896e-02 3.53887141e-01 8.83376241e-01
    2.75801331e-01 6.42036259e-01 2.62575179e-01 6.02817476e-01
    8.81833434e-01 8.13744962e-01 9.92743850e-01 5.06811738e-01
    3.91069651e-02 2.45806009e-01 5.96039414e-01 6.04902208e-01
    2.23180741e-01 2.35179245e-01 9.33748960e-01 6.47967398e-01
    1.50276601e-01 7.96060085e-01 9.05470431e-01 7.56685019e-01
    1.08219594e-01 7.80133963e-01 5.92161417e-01 3.62567067e-01
    8.43642652e-02 5.90868294e-02 7.23093629e-01 1.05115443e-01
    4.86264616e-01 9.61427033e-01 1.60835207e-01 6.82739437e-01
    2.05526859e-01 4.74724203e-01 7.13767767e-01 9.78873491e-01
    4.27631468e-01 5.24286628e-01 1.05779380e-01 4.85659480e-01
    2.42832422e-01 4.49280202e-01 5.98900855e-01 6.68012738e-01
    3.96768451e-02 1.48886740e-01 4.02175307e-01 9.06900048e-01
    2.45081991e-01 7.47743070e-01 8.56979251e-01 3.13963771e-01
    2.29301065e-01 7.97396302e-01 5.49974382e-01 5.30344963e-01
    2.87052572e-01 1.75249368e-01 8.20943296e-01 6.09201074e-01
    5.79009354e-02 8.52011681e-01 7.49250650e-01 4.82667774e-01
    9.85504031e-01 5.84682047e-01 9.80348408e-01 7.75874197e-01
    4.63425785e-01 5.93655825e-01 4.27113503e-01 4.64246333e-01
    9.68453169e-01 2.08676159e-02 6.37289047e-01 2.76904762e-01
    6.92062378e-02 4.08998758e-01 5.76243818e-01 2.88401604e-01
    8.08715582e-01 9.67151105e-01 4.84317273e-01 8.39262962e-01
    8.25427413e-01 1.87045068e-01 1.79446876e-01 4.12148833e-01
    5.11420250e-01 8.00206959e-01 7.83136725e-01 9.25149918e-01
    4.94760931e-01 9.67252612e-01 6.31070137e-02 7.01885819e-01
    3.07488948e-01 6.32970035e-01 8.18439126e-01 9.10141945e-01
    6.02958560e-01 2.85245717e-01 3.47384095e-01 9.90053058e-01
    2.33875334e-01 3.72650683e-01 8.56176019e-01 5.26530683e-01
    3.26836705e-01 7.08509445e-01 1.85247183e-01 5.25188804e-01
    5.89220226e-01 7.12504983e-01 6.06973350e-01 2.04999924e-01
    8.11607003e-01 1.47960693e-01 5.58114052e-02 4.22271580e-01
    1.52281970e-01 1.53433681e-01 4.22279060e-01 7.44662523e-01
    6.37385011e-01 2.84991145e-01 3.16202879e-01 6.27420187e-01
    7.95490444e-02 3.92639160e-01 7.94338584e-01 9.96225476e-01
    3.14060152e-01 8.61356258e-01 8.48942161e-01 4.56004709e-01
    3.04035246e-01 4.46924120e-01 9.34135795e-01 1.70920491e-01
    9.94666815e-02 3.64264756e-01 3.19869816e-01 6.49940670e-02
    3.65128338e-01 4.08165455e-01 5.87372065e-01 8.41297984e-01
    6.53448403e-01 9.43357110e-01 1.14176661e-01 2.83052981e-01
    3.76252770e-01 4.12781119e-01 8.11222672e-01 3.48902047e-02
    8.78413439e-01 9.47012186e-01 1.75375968e-01 4.96332437e-01
    8.32980633e-01 5.77140868e-01 1.55620545e-01 6.98735952e-01
    4.98113126e-01 8.10733259e-01 1.82003617e-01 7.60096252e-01
    9.66684341e-01 8.39695692e-01 8.78965616e-01 8.40676904e-01
    2.60532558e-01 9.51296687e-01 1.60649806e-01 2.87024736e-01
    5.18341124e-01 3.50451261e-01 9.31355238e-01 9.10685539e-01
    1.79920703e-01 2.36238778e-01 7.54151344e-02 9.13962364e-01
    9.20111716e-01 4.94339734e-01 1.99972302e-01 4.99372631e-01
    2.55634010e-01 9.99547005e-01 1.90074801e-01 4.13555115e-01
    2.99982786e-01 7.81739473e-01 1.77976876e-01 4.01073396e-01
    9.87063348e-02 7.72434831e-01 1.16346180e-01 3.56691480e-01
    6.87534153e-01 5.38971663e-01 2.95881271e-01 9.50685263e-01
    8.04268479e-01 4.71193194e-02 6.19851947e-01 5.48775077e-01
    4.48063403e-01 4.68160540e-01 8.42835307e-01 7.34851420e-01
    9.96654034e-02 2.15431571e-01 8.06623936e-01 4.28778529e-01
    6.04339838e-01 3.92653972e-01 3.76158118e-01 8.39187741e-01
    4.82097268e-03 8.58723164e-01 6.50903285e-01 6.55497670e-01
    2.71393508e-01 8.46771300e-01 6.86413050e-01 2.05410391e-01
    4.44867492e-01 7.45283246e-01 2.78640419e-01 1.54660463e-01
    2.21019089e-02 8.27820480e-01 5.77264845e-01 6.23188198e-01
    4.05715704e-01 3.02454978e-01 7.72160411e-01 7.70630121e-01
    2.11535484e-01 5.75624228e-01 7.59437919e-01 7.35901833e-01
    2.89902806e-01 2.62679815e-01 3.88778925e-01 7.48113036e-01
    6.36751652e-01 4.51281905e-01 7.23096728e-01 4.47733402e-01
    4.07578886e-01 1.08134806e-01 9.80605185e-01 8.13587785e-01
    3.06310534e-01 1.94760710e-01 7.27880359e-01 7.72500873e-01
    8.66132617e-01 7.20448077e-01 3.65257561e-01 3.68148148e-01
    3.86956871e-01 7.53611207e-01 4.96839672e-01 4.49398249e-01
    7.73277462e-01 3.06073725e-01 2.98673689e-01 7.40635097e-02
    2.19721287e-01 6.07048512e-01 6.23222888e-01 6.61151111e-01
    6.30814910e-01 6.29093170e-01 7.06434548e-02 8.52723360e-01
    8.33796024e-01 8.59855413e-01 2.05649108e-01 5.82996607e-02
    5.40888608e-01 9.20509398e-02 2.81603366e-01 5.09168088e-01
    5.87525368e-01 2.92686760e-01 5.20094395e-01 3.49186659e-01
    3.47742140e-01 8.70666981e-01 7.54151702e-01 7.89485931e-01
    8.03408921e-02 1.20554566e-02 7.78608918e-01 2.50633687e-01
    7.60459304e-02 7.24954605e-01 6.57442987e-01 4.87048566e-01
    1.50960982e-01 4.29591954e-01 7.88571835e-01 7.91998327e-01
    4.22115803e-01 7.49928236e-01 5.92776418e-01 6.62400246e-01
    3.24119925e-01 4.93770540e-01 8.16244364e-01 9.20003414e-01
    9.26652133e-01 8.60024214e-01 6.35424256e-01 8.19831133e-01
    5.40134966e-01 4.79393750e-01 3.92362535e-01 3.48251373e-01
    5.99444568e-01 6.91272616e-02 5.23391962e-01 6.92782044e-01
    6.87529206e-01 7.96193480e-01 5.05134404e-01 3.60549390e-01
    8.71356726e-01 2.09331751e-01 7.95861185e-01 7.04297304e-01
    8.96326423e-01 1.61875844e-01 1.91988796e-01 2.36346900e-01
    1.20727420e-01 7.66662717e-01 5.00075400e-01 3.71878088e-01
    1.43268079e-01 5.43673456e-01 6.83494806e-01 8.70187700e-01
    1.52108610e-01 4.60360020e-01 2.45648205e-01 4.08486575e-01
    9.88355637e-01 1.22703552e-01 4.38864917e-01 2.05941081e-01
    5.43652475e-01 4.35672104e-02 5.03254890e-01 3.91848356e-01
    9.83190238e-01 3.81645858e-01 3.93061697e-01 5.39921105e-01
    3.56101573e-01 9.46276069e-01 2.93307126e-01 7.27821589e-01
    3.02936018e-01 1.38129115e-01 3.52718741e-01 6.47284091e-01
    4.55129445e-02 2.08284169e-01 6.66849613e-01 9.89763439e-01
    6.97459579e-02 2.83702016e-01 5.95828176e-01 1.29650533e-01
    9.36512947e-01 9.02409613e-01 3.99473071e-01 9.57235694e-02
    2.41626024e-01 8.77744675e-01 1.70513242e-01 7.38093853e-01
    3.20564806e-02 1.41247213e-01 3.81747842e-01 5.92773497e-01
    5.70409298e-01 9.50647891e-01 6.64350986e-02 5.62330484e-01
    3.08483541e-02 6.29808605e-01 6.92988336e-02 4.65428382e-01
    3.94372582e-01 1.41549110e-02 2.61542290e-01 2.48159319e-01
    8.40525568e-01 2.19410747e-01 2.06627250e-01 6.68366075e-01
    5.83988607e-01 6.75247908e-01 1.09471679e-02 4.19710219e-01
    4.81076598e-01 3.94458115e-01 6.92427456e-02 3.93013567e-01
    7.19927430e-01 3.75239551e-01 4.67830867e-01 9.65653181e-01
    6.19626701e-01 8.00891578e-01 3.27929854e-02 3.07612896e-01
    7.58203030e-01 2.26913720e-01 7.54391193e-01 2.59971440e-01
    3.98329377e-01 4.58932221e-01 3.52381885e-01 2.57516086e-01
    4.45402145e-01 3.89066279e-01 6.59126639e-01 5.94593167e-01
    4.22970951e-01 9.45614934e-01 1.02892250e-01 3.75262767e-01
    7.03956246e-01 2.36603141e-01 5.25182486e-01 9.00666118e-02
    3.70575488e-01 5.26179373e-01 3.53811085e-01 9.08745170e-01
    4.47852075e-01 8.73924494e-01 2.60668695e-01 7.27931023e-01
    9.34569478e-01 7.11652219e-01 6.32694066e-02 5.38280725e-01
    9.39613581e-01 9.81550336e-01 5.56721270e-01 8.93482625e-01
    2.14172304e-02 2.75072098e-01 2.09340453e-01 4.89089906e-01
    5.39227664e-01 8.29192698e-02 5.73426187e-02 8.74535143e-01
    6.28485203e-01 4.31632102e-02 6.83787227e-01 7.02257454e-02
    2.96481937e-01 9.99099910e-02 4.42303836e-01 1.78990990e-01
    4.89700407e-01 3.31785858e-01 6.63609266e-01 8.27952147e-01
    3.96272540e-03 4.93739367e-01 1.59799069e-01 5.34043431e-01
    6.17150009e-01 7.78999209e-01 8.22279811e-01 4.54806983e-01
    5.08310437e-01 4.83101100e-01 3.53436053e-01 7.84442544e-01
    8.99040461e-01 7.10399151e-01 6.86171234e-01 8.74266624e-01
    4.71063703e-01 3.51218760e-01 1.71524107e-01 5.76788068e-01
    8.21940184e-01 7.09117949e-01 5.56641161e-01 4.84832197e-01
    4.75808680e-02 3.96882266e-01 5.94105661e-01 2.52583444e-01
    1.53099835e-01 3.20066273e-01 3.59868586e-01 7.00051308e-01
    8.43237102e-01 2.18214244e-01 6.04133487e-01 3.44802439e-01
    2.12014973e-01 4.74416196e-01 1.90446109e-01 7.83422589e-01
    2.17258930e-05 3.89575601e-01 7.35706985e-02 5.34637153e-01
    8.63363922e-01 2.31763095e-01 1.45157307e-01 8.58870387e-01
    4.35828865e-01 5.14907122e-01 3.18678498e-01 1.46247774e-01
    5.11280537e-01 3.05060089e-01 8.51264894e-01 8.37152481e-01
    3.77629399e-01 5.13268232e-01 3.91308278e-01 4.75920379e-01
    4.09764200e-01 9.55879331e-01 4.04504031e-01 6.42426372e-01
    3.84507388e-01 6.30929947e-01 1.18616164e-01 2.48597682e-01
    1.07663244e-01 6.89772487e-01 7.27910161e-01 7.25233853e-01
    9.58111227e-01 2.80381858e-01 9.67782736e-01 8.70756626e-01
    2.58299410e-02 4.94990021e-01 5.82489371e-01 9.54317927e-01
    1.08127296e-02 6.59140944e-02 3.98515999e-01 4.31052178e-01
    2.84392953e-01 2.11907923e-01 7.78550267e-01 3.74516964e-01
    3.22477639e-01 7.41657257e-01 9.96719599e-01 7.59400964e-01
    4.15851057e-01 5.61075091e-01 3.11882198e-01 9.55923319e-01
    7.70841718e-01 1.78055167e-01 2.85850167e-01 7.78849959e-01
    4.67226803e-01 3.34586203e-02 9.32818770e-01 2.30864286e-02
    6.39037132e-01 7.29333460e-01 6.57645345e-01 7.16478705e-01
    6.94375634e-01 3.55951548e-01 2.66026318e-01 9.57100630e-01
    4.82235193e-01 6.17976964e-01 6.06384099e-01 5.63851953e-01
    3.71050924e-01 5.80667138e-01 2.68421710e-01 6.21899188e-01
    3.91691029e-02 7.58130670e-01 5.30258954e-01 4.99102712e-01
    6.60222888e-01 1.06076986e-01 1.51337624e-01 3.11877072e-01
    5.36444068e-01 8.48665833e-01 5.78087211e-01 2.72411674e-01
    7.23130584e-01 1.57498628e-01 6.56801999e-01 2.54204094e-01
    8.95755470e-01 9.76671696e-01 8.70021105e-01 7.36919940e-02
    8.75971675e-01 1.42014056e-01 4.88586128e-01 3.54040354e-01
    5.56670010e-01 2.20234185e-01 1.39733285e-01 3.40192169e-01
    4.08435047e-01 7.83280969e-01 2.95018256e-01 1.44906074e-01
    2.03376353e-01 4.89133418e-01 7.99209118e-01 1.22261524e-01
    6.52288020e-01 6.93588376e-01 2.89369524e-01 1.13330692e-01
    2.41506875e-01 3.27503264e-01 3.99121374e-01 8.18337083e-01
    5.11795461e-01 5.62525272e-01 3.33591282e-01 8.09785128e-01
    2.15514094e-01 2.74699867e-01 7.41820157e-01 3.80880386e-01
    8.22469890e-02 2.58225560e-01 2.43663162e-01 5.23773968e-01
    8.22826266e-01 6.41313314e-01 8.02376151e-01 8.74162972e-01
    2.75265515e-01 8.49492073e-01 7.81615376e-01 2.88822174e-01
    7.62228966e-02 9.30078268e-01 4.41826880e-01 7.38592982e-01
    4.94206965e-01 3.64092797e-01 9.37701941e-01 2.99062222e-01
    2.74909317e-01 9.96869862e-01 3.06927621e-01 2.49330610e-01
    1.76718086e-01 5.02859592e-01 5.24626970e-01 8.51004362e-01
    6.19352639e-01 2.34366566e-01 7.41688848e-01 6.56716347e-01
    4.94888216e-01 1.02623969e-01 9.53425169e-01 7.94493318e-01
    1.37485504e-01 8.58522773e-01 8.78747940e-01 3.58660281e-01
    1.55330479e-01 9.10980046e-01 6.57162428e-01 2.49427021e-01
    5.02572060e-01 4.52940911e-01 6.28760159e-02 5.49536943e-01
    8.53861690e-01 5.71632683e-02 3.30300033e-02 4.00869906e-01
    6.02508068e-01 3.35835159e-01 9.72465932e-01 6.76023781e-01
    9.48700845e-01 7.83895373e-01 8.61708522e-01 4.93810713e-01
    6.17644548e-01 3.00085872e-01 7.56192088e-01 7.99818277e-01
    2.99666911e-01 7.30189323e-01 7.17876315e-01 7.00824738e-01
    8.10952067e-01 1.82989925e-01 4.27445114e-01 1.00770503e-01
    4.54177141e-01 6.09235346e-01 5.92575788e-01 5.46568513e-01
    6.92757428e-01 1.73268586e-01 3.21602046e-01 9.84616637e-01
    5.70282221e-01 7.34435618e-02 9.62154984e-01 6.05881989e-01
    4.65045124e-01 8.66513550e-02 6.98516667e-02 8.68456960e-01
    2.72265762e-01 7.76901543e-01 1.02306336e-01 5.28721929e-01
    5.99995315e-01 2.35151172e-01 3.13819945e-01 6.72999084e-01
    9.24428463e-01 4.36678112e-01 6.06119633e-01 6.41673803e-01
    6.81772590e-01 6.94939435e-01 4.47286308e-01 6.42516911e-01
    5.06987095e-01 7.60955691e-01 8.26937318e-01 2.57079571e-01
    8.12211514e-01 2.84227580e-01 9.97225881e-01 5.61251044e-01
    1.40625685e-01 3.27910781e-01 7.82772481e-01 2.95981556e-01
    3.59835267e-01 2.93799162e-01 3.21835697e-01 8.07152152e-01
    2.93030977e-01 3.16635609e-01 4.29635435e-01 9.73399758e-01
    6.31930590e-01 5.10126531e-01 4.71658230e-01 3.08546126e-01
    5.08770823e-01 2.17213333e-02 6.98023140e-01 4.64953780e-02
    3.46443713e-01 6.59042895e-01 3.95070881e-01 9.28374648e-01
    9.68813598e-02 2.98614085e-01 5.39452910e-01 6.88227057e-01
    8.83671284e-01 4.90200549e-01 2.12152183e-01 2.69600451e-01
    8.68736267e-01 2.01753706e-01 1.53854132e-01 1.05966777e-01
    4.45712209e-01 1.91624045e-01 2.01481253e-01 6.94946408e-01
    8.00574481e-01 9.06641722e-01 5.41108131e-01 2.67752349e-01
    6.46657348e-01 3.34999114e-01 6.20826840e-01 9.85203028e-01
    4.95274842e-01 1.17767751e-01 1.62871957e-01 7.80908763e-02
    6.54729903e-01 8.62784207e-01 3.24014962e-01 1.09982848e-01
    1.94375634e-01 3.12244534e-01 1.22692972e-01 4.39002693e-01
    8.18690896e-01 8.49023521e-01 6.12064540e-01 9.72482324e-01
    9.78695214e-01 6.41822755e-01 8.40162277e-01 8.41550231e-02
    7.89510131e-01 1.35271847e-01 6.89458609e-01 5.62767327e-01
    3.62084806e-01 1.78575814e-02 1.81524366e-01 6.06689692e-01
    9.73335743e-01 9.32448030e-01 3.81376922e-01 1.51584506e-01
    7.63598084e-01 5.78870237e-01 3.71372461e-01 7.55798221e-01
    6.92658424e-01 6.79686487e-01 3.14845741e-02 4.06474441e-01
    1.01279110e-01 2.17402816e-01 4.49551404e-01 1.46554589e-01
    4.88917142e-01 2.50926256e-01 4.95878339e-01 9.80714560e-01
    1.18071854e-01 2.17644304e-01 3.02241832e-01 9.42445815e-01
    9.27294850e-01 2.04488277e-01 9.83358860e-01 7.38981366e-01
    9.92679477e-01 8.07633519e-01 2.07590103e-01 4.74026173e-01
    7.71747410e-01 3.79292667e-02 5.34441173e-01 2.19816208e-01
    5.15807271e-01 4.36735004e-01 9.59065259e-02 8.48297000e-01
    1.53056473e-01 8.55307579e-01 5.30871749e-01 7.95367062e-01
    2.78746665e-01 1.64067805e-01 5.08671939e-01 9.20611262e-01
    7.05714226e-02 7.52730131e-01 5.48335135e-01 8.24969172e-01
    5.87821364e-01 6.27142072e-01 1.81700289e-02 5.95099270e-01
    6.12207413e-01 3.28203410e-01 7.66474247e-01 1.67373896e-01
    8.25722337e-01 8.67907703e-01 8.42962146e-01 3.33363801e-01
    1.27658993e-01 4.30986464e-01 4.30939376e-01 8.43277216e-01
    8.64599943e-01 7.83464909e-01 6.68604970e-01 8.15939724e-01
    9.45958316e-01 9.69125032e-01 5.50400555e-01 4.07628417e-02
    3.06471288e-01 6.59891903e-01 9.37283397e-01 2.64553517e-01
    3.27252418e-01 1.63990438e-01 4.67290640e-01 9.25633311e-01
    6.24141693e-01 4.10972327e-01 1.37781978e-01 4.68061686e-01
    7.37699687e-01 1.22936130e-01 7.75672317e-01 1.42032772e-01
    3.84217113e-01 1.58090502e-01 8.93383980e-01 8.80925357e-01
    9.26036835e-01 7.96063900e-01 1.38391495e-01 7.87306547e-01
    3.23783040e-01 2.99700409e-01 5.14076948e-01 1.49691701e-01
    3.44653845e-01 4.90818650e-01 8.69099915e-01 9.93605793e-01
    8.44130993e-01 1.38052374e-01 2.38880515e-01 8.00073683e-01
    9.96612668e-01 6.96522892e-02 6.03766441e-01 3.90795648e-01
    6.54458702e-02 3.92909646e-02 1.76340014e-01 4.98617828e-01
    1.70417368e-01 9.98633802e-02 7.23923922e-01 7.67028332e-01
    1.49990618e-02 3.88144046e-01 2.95717418e-01 5.32049477e-01
    7.37811327e-01 5.83690763e-01 3.40778679e-01 2.11249769e-01
    5.10693789e-02 4.45570052e-02 6.63476169e-01 9.84346569e-02
    7.47619033e-01 8.76136541e-01 4.54214782e-01 2.70083159e-01
    3.34290504e-01 8.15995693e-01 1.48439050e-01 6.37014329e-01
    5.51381767e-01 8.53563607e-01 1.80860609e-01 7.25459337e-01
    2.96240270e-01 9.73715544e-01 3.73583496e-01 4.97144759e-01
    1.13787413e-01 8.97740066e-01 4.90472615e-01 2.38301873e-01
    2.10445553e-01 2.32538283e-01 4.02616531e-01 8.52162004e-01
    6.65718794e-01 5.95811605e-01 7.27151573e-01 9.70034182e-01
    8.45457077e-01 1.02359086e-01 8.96577835e-02 4.55728889e-01
    3.51804137e-01 5.80862761e-01 9.99006033e-02 5.08978963e-01
    6.04678690e-01 1.96174502e-01 3.88039410e-01 5.59961557e-01
    5.32274067e-01 5.16659677e-01 1.06420189e-01 5.70103109e-01
    8.64754438e-01 5.77170312e-01 4.44723308e-01 1.48704290e-01
    1.49367362e-01 3.44426543e-01 2.80584097e-01 7.17054009e-02
    9.96927142e-01 6.92852736e-01 6.22514009e-01 8.28416049e-01
    6.51607990e-01 6.30321622e-01 8.63762498e-01 2.68934786e-01
    7.03261614e-01 7.86146045e-01 9.15346861e-01 8.84621918e-01
    1.82667792e-01 5.89053869e-01 5.90112329e-01 1.03927225e-01
    2.62797177e-01 4.98347759e-01 4.78621542e-01 7.45960474e-01
    9.01157975e-01 5.42687893e-01 1.20907664e-01 3.96517634e-01
    1.53143167e-01 1.28746033e-02 5.62457502e-01 8.38407934e-01
    7.95982182e-01 8.31941247e-01 3.46967280e-01 3.53111118e-01
    8.03675354e-01 1.58282459e-01 2.86638647e-01 8.66856694e-01
    3.12933922e-02 8.80240202e-01 9.89426553e-01 1.78802669e-01
    7.64254928e-02 5.54469466e-01 9.59062517e-01 4.65421766e-01
    1.66716814e-01 9.35303926e-01 7.96439707e-01 7.52267182e-01
    4.67843443e-01 4.23161536e-01 7.23950922e-01 4.23275590e-01
    3.62827778e-02 6.02538228e-01 3.88861507e-01 4.98421490e-01
    3.43788981e-01 7.16867566e-01 1.29552156e-01 2.92377532e-01
    1.62329078e-02 5.04084051e-01 3.70727867e-01 4.43227023e-01
    3.49995017e-01 9.89593506e-01 3.90493095e-01 2.95288503e-01
    9.82973933e-01 6.06453240e-01 6.23413324e-01 3.49928439e-02
    4.05153990e-01 6.35313630e-01 3.40061545e-01 7.17634201e-01
    9.74429846e-01 9.30052638e-01 2.23914385e-02 7.92602003e-02
    6.40389085e-01 7.20057666e-01 8.46625805e-01 9.27076221e-01
    1.66427881e-01 9.06593025e-01 6.60519361e-01 8.15116048e-01
    8.31516087e-01 5.29737473e-01 9.72924531e-01 9.68950152e-01
    6.80288196e-01 5.06145895e-01 4.38642204e-02 2.53483355e-01
    3.23361725e-01 7.69371986e-01 6.64480448e-01 9.99535203e-01
    1.99366868e-01 1.84087902e-01 9.66130018e-01 1.53922796e-01
    9.04416382e-01 8.81448090e-01 9.46428061e-01 7.02702403e-02
    5.39690495e-01 1.47648126e-01 7.15748012e-01 2.97738403e-01
    9.65357780e-01 2.98196971e-01 6.53674901e-02 7.44173229e-02
    1.11005783e-01 1.37454093e-01 1.00760758e-02 1.54960990e-01
    4.88069952e-01 5.61830163e-01 7.69748211e-01 2.61462808e-01
    1.33427262e-01 8.19727182e-01 9.86013055e-01 6.99539900e-01
    7.52873361e-01 3.95920545e-01 8.69082987e-01 7.62132168e-01
    4.10232693e-01 9.54216003e-01 1.02830440e-01 8.29900861e-01
    6.26646757e-01 1.45517170e-01 7.01201558e-01 7.02698648e-01
    7.29834676e-01 7.95249760e-01 8.82950902e-01 6.66370392e-02
    8.06267977e-01 3.48708779e-01 3.03022921e-01 5.35607398e-01
    5.72563231e-01 1.11350507e-01 4.62139815e-01 8.10877323e-01
    4.29297447e-01 3.77763212e-01 5.98572612e-01 2.80375183e-01
    3.87896895e-02 4.21339363e-01 2.30711430e-01 5.48532903e-01
    9.31266308e-01 5.53692400e-01 7.93023109e-01 9.93319511e-01
    9.47664618e-01 7.81405866e-01 1.12463415e-01 9.72865582e-01
    4.41406250e-01 2.52145052e-01 6.00624621e-01 3.32932234e-01
    7.72841573e-02 8.52488041e-01 2.06316531e-01 7.58510113e-01
    4.01804686e-01 1.00358874e-01 4.40469682e-01 9.71591532e-01
    8.38598669e-01 9.23630178e-01 7.56393909e-01 8.25178146e-01
    4.72638756e-01 4.14258242e-01 2.94559300e-01 1.09691262e-01
    4.28075612e-01 4.36618090e-01 7.88600206e-01 3.02728176e-01
    3.75926793e-01 9.47189808e-01 1.89515114e-01 3.23204100e-01
    3.64712179e-02 9.13585722e-01 5.99008799e-01 2.88589180e-01
    2.56267071e-01 4.56746131e-01 3.84654224e-01 3.20304632e-02
    9.91488099e-01 7.55771995e-01 4.09711361e-01 2.96173096e-02
    6.33208156e-01 3.49856317e-02 1.50287688e-01 1.06086522e-01
    8.20065200e-01 3.70861411e-01 2.04402506e-01 7.76835918e-01
    6.00368977e-02 7.29892135e-01 4.43952680e-01 8.30497026e-01
    1.64501071e-02 2.69457281e-01 2.46837437e-02 2.55753040e-01
    6.69159889e-02 2.94136524e-01 8.48799050e-02 6.60565138e-01
    2.40801990e-01 5.90319872e-01 2.88771391e-01 6.91698134e-01
    7.00466990e-01 2.04314291e-01 1.26970589e-01 6.51518166e-01
    6.30408406e-01 3.48226845e-01 7.88088560e-01 9.82621074e-01
    5.96708775e-01 2.88571417e-01 7.40969718e-01 2.22522020e-02
    1.87874407e-01 9.02329087e-02 5.27559102e-01 9.41203594e-01
    9.94389296e-01 6.23437107e-01 9.93583083e-01 7.54275799e-01
    3.34710181e-01 7.64276385e-01 4.42403197e-01 4.60921586e-01
    6.40168488e-01 7.66750574e-01 1.53867573e-01 3.96589756e-01
    6.38371348e-01 7.41737306e-01 1.88813210e-02 8.31863105e-01
    6.46838665e-01 8.54071736e-01 9.53013718e-01 5.80652297e-01
    8.44678044e-01 9.86109912e-01 2.90445626e-01 2.63376653e-01
    2.27809638e-01 6.61402464e-01 4.00189489e-01 2.85019815e-01
    6.37085319e-01 6.09620512e-01 9.44650292e-01 5.34984469e-01
    4.42972749e-01 8.62430453e-01 4.92347866e-01 7.41844177e-01
    5.24813592e-01 8.78991127e-01 1.46194488e-01 4.53523248e-01
    8.18477750e-01 1.87486500e-01 2.45998204e-02 7.30836749e-01
    2.84655392e-02 5.62692702e-01 9.93571639e-01 5.44218898e-01
    3.72044772e-01 7.93055952e-01 4.60824221e-01 3.35793495e-01
    9.12618756e-01 1.43979043e-01 5.90923727e-01 2.86448598e-01
    1.31740332e-01 2.18384475e-01 1.54041052e-02 9.70469713e-01
    4.04083222e-01 9.28239465e-01 6.64031327e-01 9.66314852e-01
    5.07572591e-01 7.25161135e-01 6.37440205e-01 4.01539832e-01
    9.33320522e-01 6.31784856e-01 4.72130716e-01 2.20702052e-01
    8.58422220e-02 9.58217978e-01 7.27838695e-01 8.33314896e-01
    5.19029379e-01 6.29195571e-02 4.28486228e-01 8.10767412e-01
    5.40560246e-01 4.35533881e-01 5.38049281e-01 9.47870314e-02
    6.42048240e-01 7.62788832e-01 5.97740054e-01 9.52152848e-01
    9.31294441e-01 3.28105479e-01 4.72250700e-01 6.88794374e-01
    9.43192124e-01 6.22484982e-01 5.79072118e-01 4.47926164e-01
    8.71630192e-01 3.33258778e-01 2.38234192e-01 8.49180818e-02
    1.66385919e-01 8.97840619e-01 8.25093627e-01 7.99974203e-02
    2.82865047e-01 4.03300524e-02 3.69074941e-01 2.15901732e-02
    1.01505905e-01 5.55775404e-01 2.20171630e-01 7.90925622e-01
    1.79929882e-01 9.79393005e-01 4.29188907e-01 9.86310899e-01
    4.79041636e-01 3.81237864e-02 5.22053778e-01 4.11744833e-01
    6.38424873e-01 4.66415286e-01 8.15569401e-01 3.21006775e-01
    9.89984989e-01 7.79207468e-01 6.18404031e-01 4.45113778e-02
    3.69200796e-01 9.94277060e-01 8.54880691e-01 5.42269111e-01
    9.19541717e-03 9.19579864e-02 9.91463602e-01 8.33592772e-01
    3.86910975e-01 4.58956391e-01 7.75405884e-01 6.14448726e-01
    9.80612874e-01 6.59164786e-02 1.81245297e-01 4.59025681e-01
    5.97102582e-01 4.12898064e-02 2.44900316e-01 1.78794056e-01
    7.86171854e-01 3.14880580e-01 8.47838879e-01 3.69820416e-01
    2.98464924e-01 3.23444903e-01 4.37905699e-01 4.20670003e-01
    5.28110683e-01 5.40764570e-01 4.03499186e-01 9.62613225e-01
    1.82483077e-01 7.91803002e-01 3.44062120e-01 1.98215872e-01
    5.65773785e-01 7.16150165e-01 4.78276789e-01 8.52594078e-02
    7.32289374e-01 1.94705606e-01 1.81885958e-02 9.11696672e-01
    4.82020885e-01 3.10292125e-01 2.48367816e-01 8.59224617e-01
    3.54387879e-01 9.09282625e-01 7.98895538e-01 3.35538000e-01
    3.34671080e-01 5.04734397e-01 8.14119637e-01 3.14811885e-01
    9.66462255e-01 4.61720109e-01 5.23400962e-01 4.30885375e-01
    6.94309950e-01 6.71908140e-01 6.81860566e-01 1.02346897e-01
    6.87472701e-01 7.39064038e-01 2.25357831e-01 3.79597604e-01
    9.61789131e-01 8.96177769e-01 5.79285264e-01 2.39538133e-01
    2.05618262e-01 2.61299551e-01 9.10518169e-01 3.69196236e-01
    8.02766085e-01 7.15855837e-01 1.82176381e-01 4.72217590e-01
    3.23406756e-02 3.43437731e-01 5.85080743e-01 1.33770257e-01
    3.98278445e-01 6.16049469e-02 2.90343553e-01 6.76474452e-01
    1.55171245e-01 3.79777133e-01 4.68574405e-01 2.92908967e-01
    2.62076378e-01 1.22873455e-01 1.38191342e-01 4.36766952e-01
    3.24188769e-01 6.20763838e-01 8.67269337e-01 3.41448724e-01
    3.91709775e-01 4.18618441e-01 7.51314759e-02 3.14826012e-01
    2.32386291e-01 6.58266068e-01 6.72467053e-02 5.49562216e-01
    4.51600671e-01 4.36898202e-01 3.99332970e-01 7.09401727e-01
    1.77775830e-01 7.03797817e-01 9.47968364e-02 7.44438291e-01
    8.59552085e-01 2.68636227e-01 8.45131576e-02 8.79550099e-01
    2.45128423e-01 7.28624642e-01 6.94838643e-01 4.27324802e-01
    4.80893254e-02 8.03704560e-02 1.05173588e-01 7.34092295e-01
    6.91898465e-02 9.40863788e-02 4.38928127e-01 3.98527950e-01
    8.02963018e-01 7.40376711e-02 7.96613455e-01 2.29313433e-01
    4.32148755e-01 9.17871833e-01 9.83965695e-02 9.86049294e-01
    5.69480598e-01 3.97700697e-01 8.73810649e-01 8.05815756e-02
    3.76254022e-01 2.18012631e-02 6.98627293e-01 7.53413439e-02
    1.28892630e-01 4.97368813e-01 8.36221695e-01 4.66917127e-01
    7.18724728e-01 3.95696878e-01 4.55402732e-01 4.51372713e-01
    2.57930189e-01 4.11500663e-01 6.74879432e-01 3.33482027e-01
    8.17239344e-01 6.41260564e-01 8.21316481e-01 2.83507019e-01
    8.30082476e-01 5.89298069e-01 8.66111755e-01 2.43780702e-01
    8.87526870e-02 5.89657664e-01 6.12210393e-01 2.46929497e-01
    8.92397881e-01 1.93498403e-01 6.70327663e-01 2.80976593e-01
    1.36981189e-01 3.73602390e-01 1.78526789e-01 4.39664304e-01
    6.50683999e-01 1.89995259e-01 7.97843337e-01 9.09827352e-01
    2.70401001e-01 1.27584398e-01 9.46557045e-01 8.89847755e-01
    5.24767220e-01 5.06312430e-01 3.42609614e-01 1.86696440e-01
    8.03581595e-01 6.95992231e-01 8.01280081e-01 2.98175514e-01
    4.67646241e-01 6.61327183e-01 3.89544308e-01 4.79312569e-01
    2.19012141e-01 7.55211353e-01 8.74020100e-01 5.35359085e-02
    4.06405985e-01 8.39875221e-01 4.83202159e-01 6.41262054e-01
    7.44745433e-01 8.44953179e-01 6.03897274e-01 5.88102639e-02
    7.64477730e-01 9.85736847e-02 4.73658293e-01 8.12910318e-01
    5.05719364e-01 7.39966214e-01 1.01372093e-01 1.71901584e-02
    6.42639816e-01 8.34388077e-01 5.96780419e-01 9.84396040e-02
    5.35647511e-01 4.04658169e-01 2.58875489e-02 4.13103938e-01
    4.99296427e-01 1.71239465e-01 4.94177341e-01 4.51424241e-01
    6.23904645e-01 8.60776186e-01 9.43733335e-01 8.92273188e-01
    8.81615341e-01 6.52954221e-01 3.93174857e-01 5.78213871e-01
    4.45509285e-01 4.65815485e-01 1.93036586e-01 1.77446932e-01
    1.32181585e-01 9.49883580e-01 7.88700700e-01 7.75895357e-01
    6.33590102e-01 4.70517427e-01 8.88574123e-02 5.77572882e-01
    7.12768316e-01 2.41874099e-01 9.97629762e-03 8.56353879e-01
    9.39213216e-01 9.91543233e-02 5.06519139e-01 1.29096508e-02
    4.32782769e-02 6.64281011e-01 7.82937050e-01 7.64447451e-02
    1.77946448e-01 8.61227691e-01 2.07075745e-01 1.82335377e-01
    2.82059610e-01 4.95923519e-01 2.70842522e-01 8.31722260e-01
    9.26440716e-01 8.23765159e-01 9.09533381e-01 2.92212725e-01
    2.37046689e-01 1.03558183e-01 8.74275327e-01 4.54769969e-01
    6.45301282e-01 2.55100310e-01 2.62916982e-02 6.39408529e-01
    1.66645199e-01 6.07990682e-01 7.68285632e-01 1.23327374e-01
    7.49215662e-01 9.46742415e-01 3.59730989e-01 8.32148910e-01
    6.38859034e-01 4.89895284e-01 5.65094829e-01 4.72265095e-01
    6.54640794e-01 1.95392847e-01 7.10814595e-02 1.64805055e-02
    5.68641543e-01 7.10404932e-01 9.32556748e-01 8.44040275e-01
    7.46830702e-02 1.14999950e-01 4.56000596e-01 5.39862514e-01
    2.61711657e-01 8.40930223e-01 8.26320350e-01 8.29869390e-01
    1.12287551e-01 7.62901187e-01 3.30851525e-01 4.75758463e-01
    2.47055143e-01 7.41629601e-01 6.66808486e-01 5.04777908e-01
    7.04124033e-01 9.15934026e-01 6.90395951e-01 5.16876817e-01
    1.59507275e-01 9.21175838e-01 4.97122705e-01 8.80881310e-01
    2.61548817e-01 8.15871358e-02 2.75327802e-01 8.87337208e-01
    9.07442927e-01 2.90585160e-01 5.58440387e-01 1.29732788e-01
    5.95778525e-01 4.83144760e-01 2.08725929e-02 9.31872368e-01
    5.99794328e-01 4.92838949e-01 2.93165863e-01 5.26915014e-01
    6.71562552e-02 6.21087134e-01 4.42321062e-01 8.47208679e-01
    7.46455550e-01 9.83892083e-01 6.98618054e-01 2.31844306e-01
    7.10560262e-01 9.56016660e-01 9.09495056e-01 8.15454125e-01
    3.97471786e-01 7.90450931e-01 5.48377216e-01 2.42019892e-01
    6.42388940e-01 9.44184661e-02 2.23677993e-01 8.99392128e-01
    2.48563886e-01 6.22857630e-01 1.41703695e-01 1.47110671e-01
    3.40719283e-01 3.82652432e-01 2.61481732e-01 6.44507945e-01
    6.88495874e-01 1.38184309e-01 6.75022900e-01 8.45466256e-02
    8.80527496e-01 2.27130234e-01 9.95223045e-01 7.29411185e-01
    6.97556257e-01 3.97807568e-01 2.25589514e-01 6.72211170e-01
    8.32685530e-02 6.07646167e-01 1.19149685e-02 1.41286016e-01
    8.62678885e-03 8.55904162e-01 7.56431341e-01 7.57285357e-02
    9.01355028e-01 4.80781078e-01 2.34091669e-01 2.89148331e-01
    2.88240612e-01 8.10755789e-02 5.94982684e-01 8.20099115e-02
    7.99455881e-01 3.91406804e-01 9.21983719e-01 3.35751951e-01
    2.93959081e-01 5.31757593e-01 9.72992420e-01 5.09108663e-01
    1.82510793e-01 1.25615418e-01 7.21138537e-01 6.90445960e-01
    9.48083520e-01 9.29955006e-01 9.93945837e-01 4.84800339e-01
    7.93009698e-01 8.82953405e-01 9.20118749e-01 8.35073233e-01
    2.08745062e-01 4.01294231e-01 2.62680054e-01 1.81717753e-01
    5.31521678e-01 7.83796191e-01 1.71957314e-01 2.84328580e-01
    2.44467765e-01 6.37417495e-01 6.86756015e-01 3.24356258e-01
    8.74731958e-01 5.50521314e-02 3.75234067e-01 7.98499346e-01
    1.70668066e-02 8.18753839e-02 6.67177439e-01 6.92493081e-01
    2.52380759e-01 9.65660214e-01 7.55228639e-01 6.42421007e-01
    1.68286800e-01 8.71673584e-01 3.79736453e-01 7.18079925e-01
    6.32455230e-01 7.74970293e-01 1.69144422e-01 4.22670096e-01
    3.53974760e-01 9.56688523e-02 8.05298209e-01 7.52545714e-01
    9.61071014e-01 8.05696905e-01 7.00228572e-01 7.74532914e-01
    2.42379844e-01 8.76877189e-01 1.90113366e-01 8.58406723e-01
    2.98490465e-01 8.96631241e-01 7.18662620e-01 8.72595906e-01
    2.57168591e-01 3.82627070e-01 3.98585528e-01 3.57387662e-01
    7.80796707e-02 2.02773124e-01 7.18631744e-01 2.72152275e-01
    1.00909531e-01 2.37850368e-01 9.84134138e-01 7.91751504e-01
    6.96150362e-02 5.30206203e-01 5.80578804e-01 7.14459836e-01
    5.98825514e-01 1.04566574e-01 5.37023306e-01 5.05961776e-01
    6.90471649e-01 6.09912932e-01 7.46383965e-01 4.75741118e-01
    9.28734004e-01 2.31718987e-01 8.88020992e-01 8.40229273e-01
    9.05428290e-01 8.93551707e-01 6.05072081e-02 3.26460958e-01
    6.89338088e-01 7.30202913e-01 7.89938331e-01 1.35880381e-01
    4.30411339e-01 5.63309193e-02 7.92774618e-01 9.51694548e-02
    2.48641878e-01 8.34087253e-01 4.05042589e-01 6.24900758e-02
    9.87720251e-01 2.87294865e-01 7.68232346e-01 2.40855962e-01
    4.76396501e-01 7.99226999e-01 8.13355803e-01 5.72359979e-01
    9.85852003e-01 1.88114911e-01 8.38813424e-01 5.84729135e-01
    6.28387809e-01 8.08218122e-01 9.32967067e-02 1.23908043e-01
    4.13661629e-01 3.83371711e-02 4.30190623e-01 8.05518925e-02
    2.76737005e-01 7.96565294e-01 7.00182974e-01 5.28907657e-01
    4.12677556e-01 6.55445457e-01 7.17811584e-01 5.44983029e-01
    1.90325677e-01 8.38563502e-01 1.68605924e-01 4.95267183e-01
    7.80538619e-01 1.72254294e-01 6.41138434e-01 9.42800403e-01
    3.80339295e-01 8.52368832e-01 9.27536249e-01 8.86969268e-01
    9.81592715e-01 6.16039097e-01 9.26341295e-01 7.03049541e-01
    1.72629774e-01 6.25357628e-01 7.87124038e-01 6.87490344e-01
    4.49240535e-01 2.18037665e-01 6.03511095e-01 4.87509727e-01
    3.93658578e-01 3.99637014e-01 4.88424361e-01 7.86348224e-01
    2.44607389e-01 1.57331526e-02 2.32892752e-01 7.52820611e-01
    6.30645156e-01 6.32562697e-01 3.95818114e-01 6.38961136e-01
    6.07761145e-01 7.91090012e-01 4.48943168e-01 1.99688464e-01
    3.59834105e-01 7.07239449e-01 7.14217842e-01 9.90578175e-01
    5.39247692e-02 2.88577765e-01 1.89539671e-01 9.40044999e-01
    6.31761074e-01 2.00520754e-02 9.24499035e-02 8.49170804e-01
    5.53315938e-01 1.74225926e-01 1.83727831e-01 4.62309867e-01
    3.59932601e-01 8.25618804e-01 4.78280783e-01 4.76114303e-01
    5.91667831e-01 4.00307178e-02 2.55616128e-01 8.50001931e-01
    1.34828150e-01 9.40143943e-01 4.48197126e-01 3.17132980e-01
    9.31722403e-01 4.31802750e-01 2.19895065e-01 6.32918060e-01
    9.43098485e-01 1.29996151e-01 3.45109642e-01 6.03400052e-01
    8.07206273e-01 3.04536581e-01 3.94196451e-01 5.48186064e-01
    4.86478478e-01 9.91910994e-02 6.27111197e-01 2.25734472e-01
    7.05787241e-01 7.53083229e-01 2.50015199e-01 1.12808228e-01
    9.13529634e-01 8.26171458e-01 8.09027433e-01 1.41519010e-01
    9.72241104e-01 5.53278148e-01 4.92381901e-01 9.83703136e-02
    1.82642639e-02 2.72578776e-01 7.04176784e-01 7.31648922e-01
    8.20602298e-01 9.07574713e-01 1.48977637e-02 4.77531940e-01
    1.78832561e-01 9.95517492e-01 9.73575830e-01 3.89759690e-01
    4.71700042e-01 1.59253240e-01 1.30759478e-01 5.07049918e-01
    7.11381435e-05 6.60637856e-01 2.05669552e-01 7.94954002e-01
    5.47505140e-01 2.99203426e-01 5.64209759e-01 6.62438750e-01
    1.91332281e-01 4.14282501e-01 3.11132461e-01 5.26488721e-01
    2.88248360e-02 6.54723763e-01 7.36325502e-01 1.05229199e-01
    9.33378220e-01 8.09400201e-01 9.83591974e-01 1.59500360e-01
    5.00167549e-01 2.45933622e-01 2.85165846e-01 3.02032411e-01
    3.50701928e-01 3.87675643e-01 9.99324441e-01 7.30891407e-01
    9.02956426e-01 6.66136682e-01 1.47908032e-01 3.67070407e-01
    2.58407533e-01 7.59315312e-01 4.94545311e-01 9.41391587e-02
    8.01436543e-01 7.70436287e-01 8.78050327e-02 4.28339720e-01
    2.51507461e-01 7.60906041e-02 5.77601314e-01 4.44563508e-01
    4.11056340e-01 6.29063129e-01 9.46177006e-01 5.51352859e-01
    9.74774837e-01 9.94527936e-01 6.45708561e-01 8.48282635e-01
    1.06931835e-01 4.85462755e-01 4.77333248e-01 8.19365859e-01
    5.54854095e-01 6.23761773e-01 3.88733119e-01 7.53278255e-01
    5.30638576e-01 4.29861158e-01 7.38462150e-01 5.42754531e-02
    7.96296477e-01 5.72077751e-01 1.33686066e-02 2.71414757e-01
    4.05077606e-01 7.72127092e-01 8.49306107e-01 2.50075817e-01
    2.91577280e-01 8.50064456e-01 6.36100292e-01 6.65849268e-01
    3.33666027e-01 2.24243134e-01 4.33152080e-01 3.60154510e-01
    4.47600603e-01 9.36185420e-01 1.39588833e-01 4.78634387e-01
    8.78734946e-01 7.13572383e-01 4.19410467e-01 9.24095392e-01
    9.99512672e-01 6.43795431e-01 6.54207230e-01 1.00172460e-01
    3.00029278e-01 7.89413810e-01 4.58581507e-01 3.08526993e-01
    9.85948801e-01 5.58211863e-01 6.38680398e-01 4.87284452e-01
    8.47723424e-01 6.81918144e-01 6.09981418e-01 5.71977675e-01
    9.53211367e-01 4.86967653e-01 6.16859078e-01 1.10940099e-01
    8.63362074e-01 9.89054084e-01 1.20596617e-01 5.50101042e-01
    7.58709431e-01 6.62280560e-01 4.77956235e-01 1.10685110e-01
    5.36521614e-01 2.07579613e-01 2.69943774e-02 6.98453546e-01
    2.49999583e-01 4.58541214e-01 7.07986355e-01 3.95685017e-01
    9.90572393e-01 8.47151816e-01 5.78441858e-01 8.55606437e-01
    6.43316031e-01 6.96140945e-01 1.43038452e-01 2.63480306e-01
    7.60750890e-01 6.41783237e-01 2.54745781e-01 3.58054161e-01
    2.20566094e-02 3.89703035e-01 1.09626800e-01 1.59526318e-01
    5.14914036e-01 9.52612519e-01 1.67160451e-01 7.25180626e-01
    5.17758608e-01 9.01053667e-01 6.81598663e-01 2.82423705e-01
    5.35569072e-01 6.13804102e-01 8.13589096e-02 2.64955223e-01
    2.29581505e-01 1.86815232e-01 8.67178082e-01 9.91523385e-01
    8.08647871e-01 7.93697894e-01 9.54420447e-01 4.93182510e-01
    6.50381148e-01 9.47076678e-01 2.55163133e-01 9.02222157e-01
    3.54916453e-01 7.52115548e-02 4.84362513e-01 5.74060202e-01
    4.48403090e-01 3.49784166e-01 7.29319334e-01 4.84130919e-01
    3.80858332e-01 4.89733279e-01 8.69031549e-01 6.24927938e-01
    1.47796273e-01 4.33195025e-01 5.95888078e-01 9.06963587e-01
    5.56176662e-01 6.92834139e-01 8.77788663e-01 7.63145924e-01
    2.00750232e-01 1.21932030e-02 8.08288574e-01 1.36552900e-01
    9.62391734e-01 5.81971884e-01 4.24697101e-01 1.49904639e-01
    8.87287855e-01 3.12660575e-01 9.56154525e-01 4.12289202e-01
    3.14404607e-01 9.31657553e-01 7.60405183e-01 4.82414752e-01
    9.36005116e-02 3.41836512e-02 3.76081944e-01 5.04227281e-02
    3.91025931e-01 8.48485589e-01 3.49215597e-01 7.89554954e-01
    9.83580828e-01 9.94216084e-01 2.71906435e-01 2.40593165e-01
    6.39251292e-01 3.76256526e-01 7.50981927e-01 6.52339101e-01
    5.58619678e-01 1.84085965e-01 5.99117279e-01 6.44842565e-01
    1.09570324e-02 1.55532390e-01 2.13830113e-01 2.09900349e-01
    4.28083330e-01 2.65524983e-01 6.06045783e-01 2.68523633e-01
    1.74136043e-01 9.44565654e-01 5.67523062e-01 1.50445372e-01
    2.05857664e-01 3.16190004e-01 9.16596413e-01 4.62338239e-01
    2.33399689e-01 4.89429772e-01 7.68801033e-01 3.23047817e-01
    8.03288221e-01 6.00427926e-01 4.42098379e-02 3.54851723e-01
    7.39868760e-01 7.86507070e-01 1.77314550e-01 8.96845818e-01
    6.72199547e-01 8.42233896e-01 2.69499183e-01 4.96739775e-01
    7.20810235e-01 3.31690699e-01 8.88552070e-01 3.71970713e-01
    8.72135401e-01 6.59140050e-01 3.17237824e-01 6.12847328e-01
    1.18945539e-02 3.10010314e-01 2.38665015e-01 6.31273568e-01
    3.90205294e-01 7.80248821e-01 5.80425501e-01 5.30527532e-02
    1.56977713e-01 6.67734385e-01 4.19079036e-01 2.54595816e-01
    8.34888458e-01 5.03456175e-01 5.94389915e-01 6.06637120e-01
    8.02418113e-01 1.90058440e-01 8.62492025e-01 4.77264464e-01
    6.91109061e-01 7.12522984e-01 6.02939844e-01 3.46319675e-01
    4.20565903e-01 7.86580920e-01 3.43399227e-01 3.04442346e-01
    8.86425972e-02 7.45401084e-01 6.59532845e-01 9.27651227e-02
    4.72572267e-01 8.34463477e-01 7.45664835e-01 7.95152426e-01
    4.40264285e-01 6.69840932e-01 6.03056192e-01 3.26996148e-01
    9.75923717e-01 4.23253775e-01 9.60703254e-01 6.47279263e-01
    5.44126153e-01 7.33964562e-01 2.75758356e-01 9.43018019e-01
    3.63530457e-01 4.30440307e-02 6.14606977e-01 8.42376649e-02
    7.83554614e-01 7.98942804e-01 3.22761059e-01 3.31812024e-01
    4.72850591e-01 6.53340697e-01 1.95511967e-01 5.75902700e-01
    9.51317072e-01 7.17398584e-01 6.61608934e-01 8.79379570e-01
    6.76145911e-01 3.53758693e-01 8.32696319e-01 2.73015499e-01
    9.66742158e-01 3.27527940e-01 9.45296884e-01 1.54301435e-01
    4.62318808e-01 1.06745243e-01 6.80344641e-01 9.42645669e-01
    5.41010737e-01 3.53425503e-01 3.49633664e-01 3.44497859e-01
    9.88569856e-02 6.00357890e-01 3.29348445e-02 2.02995360e-01
    7.79121995e-01 5.48130631e-01 5.89800179e-01 4.78166640e-01
    1.13541722e-01 6.74957395e-01 6.69579506e-01 3.85025620e-01
    3.07225168e-01 3.39283615e-01 7.22031951e-01 2.74757326e-01
    7.41154194e-01 6.46383345e-01 4.30900902e-01 2.54096180e-01
    5.40653646e-01 7.41288185e-01 5.22195041e-01 1.25357836e-01
    4.79916811e-01 2.09584415e-01 7.40513682e-01 7.64326870e-01
    4.36860859e-01 9.42806780e-01 2.52020121e-01 5.58402836e-01
    7.38481164e-01 4.09174591e-01 2.04991698e-01 8.62514675e-02
    7.88037181e-01 2.95101702e-01 7.66188145e-01 2.95654953e-01
    6.83189392e-01 2.62555480e-01 1.43729419e-01 1.12746924e-01
    2.56201029e-02 4.30045128e-01 8.46194267e-01 2.01209754e-01
    6.10204756e-01 8.18397760e-01 7.50730753e-01 3.31502259e-02
    9.83068049e-02 4.47687835e-01 5.09048402e-01 2.22694099e-01
    2.67318338e-01 6.92139566e-02 7.96988606e-01 3.52807522e-01
    2.15587646e-01 9.81077135e-01 9.11830664e-02 4.26069140e-01
    5.67243040e-01 8.54429126e-01 1.20193601e-01 7.25102305e-01
    9.06641126e-01 4.77064341e-01 7.32690215e-01 9.30690408e-01
    1.16998553e-02 7.55372882e-01 1.30675554e-01 4.57325041e-01
    3.68362188e-01 2.00374991e-01 3.16824794e-01 1.14813298e-01
    6.48300946e-01 8.02785039e-01 4.26066726e-01 3.80040765e-01
    3.94457281e-02 2.94850856e-01 5.12244761e-01 9.57372010e-01
    2.45433897e-01 6.26123965e-01 9.25104022e-01 5.91823697e-01
    8.15003276e-01 3.54199022e-01 5.72995305e-01 8.52114677e-01
    3.84008855e-01 8.06433558e-01 1.99569941e-01 2.24227965e-01
    4.10119742e-01 3.42321277e-01 5.48658729e-01 2.78002322e-01
    1.98074400e-01 1.75388604e-01 9.57495987e-01 3.92685831e-01
    1.85273170e-01 6.26932919e-01 5.70006311e-01 1.66855454e-01
    4.51733023e-01 5.07879019e-01 5.27354658e-01 5.18749356e-01
    8.50536585e-01 7.34287202e-02 4.58486825e-01 8.38825464e-01
    3.79927546e-01 5.68981469e-01 6.97054625e-01 5.48251331e-01
    8.99678171e-02 2.27973193e-01 3.15616250e-01 6.10974431e-03
    4.90212113e-01 1.24651760e-01 7.15485215e-01 1.00617915e-01
    7.75268495e-01 4.47334170e-01 6.38049543e-01 8.80216539e-01
    8.56013417e-01 9.46722448e-01 2.11467355e-01 6.11440837e-01
    7.51649261e-01 3.07197034e-01 9.84737873e-02 8.94891620e-01
    2.26985037e-01 5.54341674e-02 6.50002122e-01 5.50366282e-01
    3.90066803e-01 5.14119625e-01 5.82375109e-01 6.74202442e-01
    4.45574224e-01 8.40651035e-01 5.61406910e-01 4.44160491e-01
    5.48152149e-01 2.84310222e-01 9.52596664e-01 2.07211971e-02
    9.56354260e-01 3.51050496e-03 6.44362867e-01 5.25586784e-01
    7.46365726e-01 5.36000550e-01 6.88694119e-01 2.29294777e-01
    9.16655898e-01 8.48552883e-01 2.22570211e-01 1.30648434e-01
    3.74673605e-02 7.34009802e-01 9.87153530e-01 6.83517158e-01
    8.78887296e-01 3.68588626e-01 1.71592772e-01 5.90287149e-01
    6.18974507e-01 2.34201342e-01 5.01487136e-01 7.42558241e-01
    7.54329324e-01 8.34223032e-01 5.08891940e-01 1.20348036e-01
    2.07709312e-01 3.49261045e-01 5.64825535e-02 3.16952109e-01
    5.55990279e-01 6.21037424e-01 4.44760680e-01 2.58527815e-01
    5.91655135e-01 9.12153602e-01 2.33682692e-01 5.53334951e-01
    4.38890427e-01 2.04780966e-01 5.86578429e-01 2.64465749e-01
    3.29625130e-01 1.54173464e-01 8.01851392e-01 3.71864438e-01
    3.51926982e-02 3.79338562e-01 8.05439651e-02 2.33395308e-01
    4.96273160e-01 6.80597425e-02 5.45187950e-01 3.34285498e-02
    6.97369456e-01 7.86163688e-01 6.24662220e-01 1.82597518e-01
    5.93743801e-01 7.74472654e-01 7.84890950e-01 9.51978087e-01
    2.55480409e-01 2.86733806e-02 2.27035522e-01 9.07906651e-01
    1.07764363e-01 5.12071967e-01 6.07096255e-01 1.46782070e-01
    1.09233499e-01 9.52514112e-01 9.19403791e-01 8.82961869e-01
    8.95755649e-01 4.18716550e-01 6.11221194e-02 7.69166768e-01
    1.79496646e-01 2.11313665e-01 4.79276955e-01 9.50129747e-01
    3.05829257e-01 5.85958779e-01 5.35106599e-01 6.18080139e-01
    2.32235849e-01 7.55807757e-01 7.49902904e-01 5.96743345e-01
    6.74448848e-01 8.75405073e-01 2.95265734e-01 3.21010560e-01
    2.73239315e-02 8.47925842e-01 4.11182046e-02 6.94663763e-01
    7.72191942e-01 8.59440207e-01 2.65811503e-01 9.88867164e-01
    2.32328802e-01 4.96237695e-01 2.88496584e-01 8.05121183e-01
    8.51605594e-01 5.10925710e-01 9.36128497e-01 8.32441092e-01
    1.39042526e-01 1.68697387e-01 5.85053504e-01 6.56770170e-01
    3.27963948e-01 4.18125987e-01 4.22884583e-01 5.72940052e-01
    9.06395435e-01 9.15088058e-02 5.75354695e-01 1.54417932e-01
    3.20030987e-01 7.79006839e-01 4.65849459e-01 4.56097126e-02
    1.71756059e-01 7.12024927e-01 8.06717753e-01 1.90315455e-01
    4.47759360e-01 2.07419217e-01 4.83206540e-01 8.02296638e-01
    7.81884074e-01 4.46911186e-01 6.09126985e-02 9.87872958e-01
    8.00434709e-01 5.57051957e-01 7.92929649e-01 9.65973437e-01
    1.66953295e-01 5.82756877e-01 9.45197463e-01 8.85917246e-01
    7.18907416e-02 9.38201785e-01 3.04481328e-01 1.12552524e-01
    4.67160702e-01 5.52504361e-01 2.62483120e-01 3.02774012e-01
    5.15555441e-01 2.99357176e-01 3.50033343e-01 7.88864255e-01
    4.05583054e-01 5.48681617e-02 2.04375178e-01 9.75821137e-01
    5.72546959e-01 5.17450631e-01 7.40907669e-01 1.83934778e-01
    9.06175971e-02 8.97965431e-01 6.95335627e-01 2.71823704e-01
    9.40416753e-02 6.57820225e-01 8.16326141e-01 8.57003510e-01
    4.57183480e-01 3.76297265e-01 3.57512295e-01 3.13925922e-01
    3.30507755e-04 9.86938000e-01 8.14862669e-01 2.43556678e-01
    8.39081526e-01 9.41002846e-01 6.63108587e-01 9.56288815e-01
    8.19428623e-01 5.02401292e-01 9.16942000e-01 8.62160206e-01
    6.61137402e-02 1.22006714e-01 8.54789436e-01 4.01230812e-01
    1.02362186e-01 7.46321738e-01 7.84800172e-01 4.31311160e-01
    8.35000277e-01 9.66417909e-01 4.51243401e-01 7.56860971e-01
    2.31543124e-01 4.36113000e-01 1.80220842e-01 8.64725471e-01
    4.14181948e-01 1.34092182e-01 4.27849501e-01 5.34902334e-01
    5.58478475e-01 3.72909486e-01 9.97163773e-01 7.33053207e-01
    8.93038273e-01 6.35172069e-01 6.94150329e-01 5.06689191e-01
    7.94876397e-01 3.35276276e-01 2.78396159e-01 4.05029029e-01
    3.44243139e-01 4.36043203e-01 6.76535487e-01 8.76230359e-01
    1.15500599e-01 3.53245914e-01 4.47668552e-01 5.65212309e-01
    6.72684968e-01 6.82376981e-01 9.23225284e-01 3.82105529e-01
    8.36132407e-01 7.48404264e-01 2.95053124e-01 9.31711435e-01
    2.43418396e-01 2.07378000e-01 8.23289335e-01 2.50693738e-01
    7.33929873e-03 3.27996939e-01 5.10256886e-02 8.59519839e-02
    2.74368227e-01 3.36660147e-02 3.17563057e-01 5.17054200e-01
    8.21758091e-01 7.00542510e-01 1.65723324e-01 2.95708120e-01
    1.15284294e-01 9.58668351e-01 9.33394313e-01 9.76863921e-01
    8.24876666e-01 9.02830184e-01 2.08158463e-01 5.41593611e-01
    4.86955762e-01 6.07200265e-01 2.85944223e-01 5.50238967e-01
    8.78277183e-01 7.54244983e-01 6.10502660e-02 3.03251982e-01
    7.43315041e-01 2.81221509e-01 8.59494448e-01 4.12388325e-01
    1.70762777e-01 6.11807644e-01 5.02754033e-01 9.55624521e-01
    4.39025104e-01 2.40005881e-01 9.07983065e-01 4.88675177e-01
    1.08145833e-01 8.68167877e-01 3.29737365e-02 9.63702261e-01
    8.12847137e-01 6.68401957e-01 1.37188196e-01 4.10801291e-01
    4.06054556e-01 6.39883995e-01 8.03525329e-01 4.88552004e-01
    7.87434220e-01 4.23011184e-03 1.48425430e-01 9.40321445e-01
    9.53442216e-01 7.24003434e-01 8.95108461e-01 9.22598839e-01
    6.54544711e-01 9.77408469e-01 7.34007835e-01 8.77077222e-01
    2.07832098e-01 1.51308119e-01 4.52416211e-01 2.68379569e-01
    5.61284304e-01 8.39684367e-01 2.84809858e-01 1.49326324e-01
    4.85583782e-01 2.20429957e-01 8.13167989e-01 5.34629226e-01
    3.46943557e-01 3.65944207e-01 1.74812675e-02 4.15837705e-01
    7.52823949e-02 3.08469355e-01 2.71771014e-01 5.64891219e-01
    1.09071076e-01 7.56227970e-01 7.34010994e-01 6.97480857e-01
    6.33556485e-01 8.35457087e-01 1.14502102e-01 1.20230019e-02
    8.71036053e-01 8.42147529e-01 4.68735337e-01 8.81009817e-01
    9.75472808e-01 8.60539794e-01 5.53233027e-01 1.28800571e-01
    2.32090443e-01 3.69493306e-01 2.98882812e-01 6.75889611e-01
    3.90310943e-01 1.58893853e-01 2.68432200e-02 6.94097281e-01
    9.15762782e-01 2.50371605e-01 7.32940316e-01 8.65953565e-02
    3.70990038e-01 9.76075113e-01 2.11394131e-02 2.99366802e-01
    4.65783149e-01 2.11485922e-01 2.43062079e-01 6.58918083e-01
    8.67915094e-01 6.57437921e-01 8.86092603e-01 2.78942108e-01
    7.25438714e-01 8.44503641e-01 9.31866050e-01 3.38060856e-01
    7.44830191e-01 4.94449556e-01 5.44976890e-01 6.51445091e-01
    1.38289243e-01 2.77095377e-01 8.78905535e-01 3.77532721e-01
    7.56805062e-01 3.06960940e-01 2.46682853e-01 7.33829260e-01
    1.03742510e-01 4.68048126e-01 3.72557759e-01 6.71435356e-01
    1.55280769e-01 1.37704253e-01 2.20102698e-01 1.21219814e-01
    9.73273516e-01 7.26510882e-01 1.29105240e-01 3.33729923e-01
    4.39104855e-01 9.31053042e-01 2.78753817e-01 3.74305636e-01
    5.92351079e-01 7.24228263e-01 7.22196281e-01 9.34882045e-01
    6.66016042e-01 4.20759499e-01 8.01382899e-01 9.06246185e-01
    8.29012871e-01 7.12752938e-01 2.39557177e-01 3.24367523e-01
    4.52397227e-01 6.04967117e-01 3.95257235e-01 3.74253154e-01
    6.29255950e-01 7.59804249e-01 4.13946211e-01 6.64526522e-01
    2.38547474e-01 5.76261759e-01 4.73181427e-01 3.42883676e-01
    1.28063500e-01 3.55743378e-01 4.43047494e-01 3.38308811e-02
    2.05056667e-01 7.36716390e-03 7.96133399e-01 2.28145212e-01
    2.24935979e-01 2.78973848e-01 2.07161218e-01 4.52931523e-02
    4.36016560e-01 6.49324417e-01 1.32143885e-01 9.80362654e-01
    9.68201160e-01 4.03959572e-01 9.96324360e-01 4.12652940e-01
    4.83795166e-01 6.18502796e-01 9.48625565e-01 6.06696427e-01
    1.79757118e-01 1.49366736e-01 4.42243993e-01 5.40047824e-01
    1.14112645e-01 6.62731051e-01 3.44065785e-01 7.85282671e-01
    9.86063182e-02 5.75031042e-01 3.62838507e-01 9.66267705e-01
    7.25369573e-01 1.03550643e-01 4.18122828e-01 8.39273810e-01
    9.45136905e-01 9.88640428e-01 7.92482793e-01 2.09856391e-01
    3.17981184e-01 8.48058343e-01 8.40997338e-01 7.77482748e-01
    1.11741453e-01 2.77867734e-01 7.15328693e-01 9.97863710e-02
    6.79828286e-01 8.72174382e-01 8.57032895e-01 2.80432165e-01
    4.52009171e-01 7.42209613e-01 9.47423816e-01 7.60262847e-01
    9.79456782e-01 1.15633160e-01 9.15479422e-01 8.80915105e-01
    4.48253900e-01 5.88620543e-01 2.11122334e-01 7.01344371e-01
    7.83550262e-01 4.56471741e-02 8.25676382e-01 6.03508115e-01
    3.63388419e-01 2.28831172e-03 8.99907589e-01 2.00494707e-01
    9.95434046e-01 4.34657335e-02 1.22023076e-01 5.57460308e-01
    6.26763701e-01 4.37336862e-01 6.02023900e-02 8.14629197e-01
    5.07851183e-01 9.40239429e-01 3.82899165e-01 8.64837587e-01
    8.69135797e-01 4.44103003e-01 8.20260525e-01 3.16770256e-01
    4.31931585e-01 5.20207465e-01 4.63380694e-01 3.65685165e-01
    1.02446347e-01 2.67495662e-01 7.29463756e-01 7.73122966e-01
    2.10212678e-01 7.23289847e-01 3.47704887e-02 4.77901161e-01
    1.67427480e-01 3.55400026e-01 7.59135544e-01 7.82407641e-01
    2.47952223e-01 8.91416609e-01 8.46988559e-01 8.06426167e-01
    9.11891580e-01 5.80181360e-01 2.94931173e-01 4.83586788e-02
    1.96284056e-03 7.60147452e-01 3.32679868e-01 1.47765905e-01
    6.89567566e-01 4.46793735e-02 6.92084134e-02 1.60821468e-01
    5.02332628e-01 7.37869501e-01 7.91358232e-01 7.41568387e-01
    1.47926360e-01 2.14683563e-01 1.41224205e-01 9.22761917e-01
    4.60858136e-01 4.53016162e-02 4.48259741e-01 5.90024412e-01
    7.98432231e-02 4.09350693e-01 9.34810519e-01 6.29693389e-01
    3.53098392e-01 1.53613865e-01 7.00864315e-01 2.77794749e-01
    2.74023503e-01 2.56275207e-01 5.73142290e-01 9.88945007e-01
    5.97607136e-01 3.80454123e-01 9.20937002e-01 8.01209450e-01
    8.90440345e-01 2.87713379e-01 9.60958838e-01 9.98333335e-01
    2.02952802e-01 3.79581571e-01 2.73093313e-01 9.88947511e-01
    4.05228615e-01 9.25858855e-01 3.48401427e-01 7.96733797e-01
    9.58224773e-01 7.36352682e-01 8.52494240e-01 7.75368571e-01
    6.92532420e-01 1.09016091e-01 3.97956073e-02 5.94983935e-01
    7.90113688e-01 7.30444014e-01 3.29954803e-01 1.98621154e-01
    7.19437659e-01 7.08910942e-01 4.67968762e-01 3.03670347e-01
    5.02463162e-01 1.00317806e-01 7.85508633e-01 9.88911808e-01
    2.85927415e-01 4.29569304e-01 7.71001816e-01 2.79002190e-01
    8.65860581e-01 3.78129601e-01 2.60286272e-01 7.93380558e-01
    5.13581634e-02 4.05866444e-01 2.44396746e-01 5.83499670e-03
    2.07188994e-01 3.47372353e-01 1.38185233e-01 7.59483099e-01
    6.56485081e-01 5.04718244e-01 9.02107716e-01 2.24994212e-01
    5.09468138e-01 1.84002757e-01 5.01912892e-01 5.81754625e-01
    3.98831248e-01 6.66019440e-01 6.51031375e-01 8.25023651e-02
    6.28606796e-01 5.07038414e-01 4.21202987e-01 4.06880021e-01
    3.98036391e-01 1.67405784e-01 1.48410469e-01 7.36394048e-01
    1.13690257e-01 4.73751605e-01 9.96898293e-01 3.03821504e-01
    3.62857223e-01 6.01976693e-01 9.90880847e-01 7.64286399e-01
    5.53202808e-01 9.53986049e-01 5.58888137e-01 5.20914793e-02
    7.96820164e-01 4.82770205e-01 5.38763940e-01 4.38276857e-01
    6.47957444e-01 7.14123547e-01 5.24862826e-01 4.66663897e-01
    4.31368351e-02 7.78636336e-01 7.53763497e-01 6.29145503e-01
    4.68569279e-01 1.80133075e-01 3.90070260e-01 3.94387126e-01
    8.41454566e-02 2.53243685e-01 2.90615767e-01 9.76350427e-01
    8.72132301e-01 6.72587156e-01 7.80716419e-01 6.49661958e-01
    2.91270792e-01 6.59805536e-01 9.30299878e-01 9.07164812e-01
    6.72360480e-01 9.01124358e-01 6.74040973e-01 3.56211066e-01
    1.08354032e-01 4.70444500e-01 6.36186481e-01 3.94404113e-01
    1.02871329e-01 9.93302286e-01 4.77647185e-01 2.95101613e-01
    7.32400060e-01 7.77991891e-01 5.33914149e-01 9.88815725e-02
    3.16098630e-01 1.13983393e-01 8.46637487e-01 5.35482585e-01
    8.84122491e-01 2.54094362e-01 9.57560539e-02 9.86794233e-01
    1.59951448e-02 8.15708220e-01 5.53521514e-01 5.82875609e-01
    2.16041207e-01 6.58331752e-01 9.99578536e-01 8.17514360e-02
    4.22580928e-01 1.55694634e-01 2.62599528e-01 9.76340055e-01
    1.85659528e-01 5.02081692e-01 7.05770016e-01 5.25127888e-01
    1.93786561e-01 7.23782122e-01 8.34839880e-01 3.09797317e-01
    4.91552174e-01 8.64016056e-01 6.58541083e-01 7.06439376e-01
    6.07070327e-03 6.28049433e-01 6.55591428e-01 9.76777136e-01
    1.34171903e-01 7.19087422e-01 2.65390337e-01 1.53606892e-01
    7.07932532e-01 9.33988333e-01 7.25536048e-01 5.73689282e-01
    4.40221131e-01 4.32018936e-01 1.84696317e-02 8.17601979e-02
    7.78264403e-01 8.86306703e-01 8.82660747e-01 7.54731297e-01
    2.12318748e-01 7.29407907e-01 5.29395580e-01 3.99175167e-01
    2.36670822e-01 8.40647697e-01 7.00924158e-01 4.16274637e-01
    6.25204265e-01 1.49127871e-01 5.96632004e-01 3.22192192e-01
    9.62212205e-01 7.64519691e-01 2.87178636e-01 5.09459496e-01
    9.18292642e-01 9.95889068e-01 7.70134747e-01 9.49679971e-01
    4.23445404e-02 8.38217139e-01 6.44886136e-01 9.35211599e-01
    7.78598189e-01 8.83107245e-01 9.44278598e-01 6.70379877e-01
    1.51898086e-01 8.16710830e-01 3.16001892e-01 6.63423836e-02
    7.06530094e-01 6.19006813e-01 5.48147917e-01 5.96128106e-02
    2.23422170e-01 2.35306233e-01 6.67675257e-01 1.98677212e-01
    7.01477826e-02 4.11005110e-01 8.45197141e-01 9.68316793e-01
    2.28838325e-01 6.12661541e-02 9.21103656e-01 7.64889956e-01
    6.77535295e-01 3.66068006e-01 1.92956537e-01 5.16967773e-01
    3.10998380e-01 1.52832657e-01 6.67144716e-01 3.69929731e-01
    6.24426901e-01 7.80987799e-01 7.04105258e-01 1.58600241e-01
    2.35395342e-01 7.43290067e-01 1.35828197e-01 3.03190947e-02
    5.48027217e-01 6.90344632e-01 4.91049796e-01 8.09389532e-01
    8.95583987e-01 4.01826262e-01 8.06381762e-01 5.62271833e-01
    6.82477236e-01 3.80560756e-01 2.11451620e-01 2.70086110e-01
    1.72960103e-01 5.23744226e-01 7.55836964e-02 3.28757256e-01
    2.03426152e-01 8.42858553e-01 9.26946521e-01 7.94988334e-01
    8.98350954e-01 1.24884754e-01 9.67458725e-01 1.35719895e-01
    7.14872837e-01 8.20245266e-01 7.01933920e-01 5.27131557e-01
    4.03392732e-01 2.69342452e-01 4.79789704e-01 8.78044367e-01
    8.40180814e-02 9.85453725e-01 1.56276226e-01 1.76610023e-01
    3.53405535e-01 7.43105114e-01 4.77144986e-01 4.62494582e-01
    7.27988541e-01 8.31488252e-01 2.70444453e-02 1.41561747e-01
    7.76314497e-01 5.54507494e-01 2.16716856e-01 5.68228364e-01
    7.50550151e-01 2.76299685e-01 3.44010472e-01 5.41628718e-01
    3.20562720e-02 8.41184020e-01 9.99752998e-01 6.96642280e-01
    6.77761137e-02 1.16913706e-01 2.74339944e-01 6.65314257e-01
    1.15955323e-01 9.60532427e-02 3.48630667e-01 9.57210064e-02
    3.03715169e-01 9.74925160e-02 9.02064443e-01 2.83545852e-01
    8.59627128e-01 8.30901980e-01 2.54000604e-01 7.43900001e-01
    5.91325223e-01 4.31758583e-01 9.31337059e-01 7.13613987e-01
    7.56934881e-01 3.96330953e-01 9.39380586e-01 7.98889399e-02
    8.64312053e-02 5.01195133e-01 2.19140261e-01 6.39912546e-01
    4.96259630e-01 4.37635928e-01 9.89407957e-01 1.92020863e-01
    9.15844440e-01 1.63999856e-01 1.60310924e-01 4.92989182e-01
    2.56800741e-01 5.85353017e-01 6.24717593e-01 8.02237630e-01
    2.73382336e-01 1.26801491e-01 3.84336799e-01 9.40416217e-01
    9.29996490e-01 3.52521181e-01 9.45760012e-02 5.13260007e-01
    9.47481990e-02 9.39980626e-01 9.43444312e-01 1.81184202e-01
    9.98746037e-01 6.23318791e-01 4.68995929e-01 8.34994197e-01
    8.07820559e-01 4.94641364e-01 7.32619405e-01 3.01143527e-03
    4.86570895e-02 2.60294467e-01 7.01932788e-01 4.33728576e-01
    8.10025096e-01 8.33713114e-02 2.77134120e-01 1.63890660e-01
    9.87874508e-01 9.37574804e-02 4.09650445e-01 7.29051352e-01
    2.16068894e-01 9.33050990e-01 6.88085973e-01 3.02187264e-01
    8.99994910e-01 1.45078093e-01 5.29378951e-01 4.78209823e-01
    2.63719261e-01 5.52384913e-01 4.08604860e-01 1.12768561e-01
    1.04514986e-01 6.74742401e-01 2.14599013e-01 7.56885171e-01
    2.90090203e-01 1.47385478e-01 6.93122149e-02 7.05392599e-01
    8.97892416e-02 7.06846714e-02 3.04987192e-01 2.64291763e-02
    8.78151834e-01 6.52181447e-01 1.93433434e-01 6.69771612e-01
    1.58865571e-01 4.75506008e-01 8.34635735e-01 7.46814132e-01
    2.02454060e-01 8.48886251e-01 6.30841494e-01 3.29820514e-02
    5.45665085e-01 6.24261022e-01 5.02051353e-01 3.15480351e-01
    9.16265488e-01 9.69521880e-01 8.90435696e-01 1.96303576e-01
    4.27734554e-01 4.53113854e-01 9.92155015e-01 5.52165508e-01
    4.96733040e-01 8.04243684e-01 9.40365791e-01 5.63897252e-01
    4.54740882e-01 1.77984625e-01 9.15939212e-02 3.27762723e-01
    3.80326003e-01 2.81643271e-01 7.77170658e-02 1.87236518e-01
    2.16440320e-01 8.47775340e-02 2.30840564e-01 9.92768645e-01
    5.83835185e-01 2.89914548e-01 5.91904283e-01 1.68268144e-01
    8.97037506e-01 7.16732442e-01 4.68055278e-01 4.68936682e-01
    5.64428329e-01 6.69304788e-01 3.38431895e-01 3.48613173e-01
    4.17775512e-01 9.50334430e-01 9.43599701e-01 6.37473464e-01
    8.94058764e-01 7.84441113e-01 2.54660845e-04 6.37762606e-01
    7.17295408e-01 3.90627682e-01 4.24742192e-01 9.64828730e-02
    3.54379922e-01 3.27023208e-01 7.23473549e-01 9.32770848e-01
    5.26296794e-01 3.74597847e-01 4.42531407e-01 6.18088961e-01
    9.97975171e-01 4.98752475e-01 1.56043559e-01 3.30075979e-01
    4.47138309e-01 5.74416399e-01 4.92592394e-01 8.38634372e-01
    1.98470324e-01 1.61817938e-01 4.20615166e-01 7.37027764e-01
    9.43934917e-01 3.83579463e-01 8.75416160e-01 7.64900446e-01
    6.33661032e-01 4.42208052e-01 7.65782952e-01 4.05450284e-01
    2.50161409e-01 3.60660642e-01 9.61139023e-01 8.83047819e-01
    8.05566192e-01 1.41017050e-01 7.63662159e-01 2.91723013e-01
    9.53551948e-01 6.06017411e-01 8.36828113e-01 5.86741447e-01
    6.24716818e-01 3.12174320e-01 6.48704708e-01 6.32268071e-01
    8.04143071e-01 5.70191145e-01 2.22932726e-01 6.86690807e-02
    9.27878618e-02 5.94038367e-02 2.54213363e-01 2.72068381e-03
    8.88844728e-01 5.80699325e-01 5.02825022e-01 4.85855252e-01
    6.42767787e-01 8.36157441e-01 2.96751022e-01 4.11001027e-01
    3.46928179e-01 6.38219118e-02 7.23564565e-01 1.00762755e-01
    7.59339333e-03 2.36716658e-01 3.84618372e-01 8.83609176e-01
    4.58613694e-01 1.63710117e-02 9.12418604e-01 9.26518202e-01
    5.17932117e-01 5.99802077e-01 3.66921008e-01 8.61454010e-01
    9.44735229e-01 4.00949895e-01 1.35862440e-01 2.51562595e-01
    1.29891962e-01 8.61702323e-01 2.02883393e-01 2.15268612e-01
    4.40599024e-01 7.47855902e-01 5.23185432e-01 8.52655411e-01
    1.84669137e-01 8.13963413e-01 3.06371391e-01 3.03959012e-01
    4.64324296e-01 7.47274518e-01 9.80054021e-01 2.54877388e-01
    2.77383149e-01 4.28071886e-01 9.73843098e-01 8.91525745e-01
    7.33893752e-01 7.85038173e-01 4.98230040e-01 9.35624480e-01
    7.95983911e-01 7.13749409e-01 5.41546762e-01 4.21633810e-01
    6.71375692e-02 5.92677116e-01 8.84756923e-01 3.61907005e-01
    7.87051439e-01 7.32044756e-01 4.00968522e-01 3.42874527e-02
    6.96493804e-01 1.31590307e-01 9.14846063e-02 7.21691310e-01
    1.88067257e-01 4.09166574e-01 4.31650877e-03 3.22953373e-01
    9.43865061e-01 3.68404090e-01 3.77750248e-01 9.26369846e-01
    7.20842183e-02 6.65430427e-02 3.34531665e-02 7.37000465e-01
    1.07528478e-01 2.96938121e-01 6.05986357e-01 5.59968889e-01
    2.60265231e-01 2.60996640e-01 9.36564445e-01 1.44837022e-01
    2.49022245e-01 2.47223169e-01 3.38462412e-01 7.71618128e-01
    4.86569971e-01 7.53541470e-01 7.46512413e-02 2.31484473e-01
    3.43923211e-01 4.89024848e-01 8.64491820e-01 4.02659178e-02
    9.63718891e-01 4.79080558e-01 9.52673554e-02 5.74370861e-01
    3.12958002e-01 2.32445300e-01 1.17146224e-01 1.57963067e-01
    7.32863247e-02 9.27515030e-01 4.31007385e-01 4.77974474e-01
    4.69834954e-01 6.18829310e-01 9.83985484e-01 9.65515018e-01
    9.92145896e-01 5.86777687e-01 7.42168725e-02 8.89506578e-01
    6.88841999e-01 4.89011645e-01 6.57293439e-01 6.56668365e-01
    3.64931583e-01 3.09374034e-02 8.43395948e-01 8.03330421e-01
    3.79719585e-01 7.01399922e-01 1.12553626e-01 1.29255623e-01
    8.72325063e-01 4.51520056e-01 7.10752726e-01 7.51451254e-02
    1.76516205e-01 8.47342491e-01 6.33058488e-01 1.52443349e-01
    4.44787532e-01 4.10059094e-01 9.50591505e-01 3.13249201e-01
    7.56527662e-01 2.18879670e-01 8.12842727e-01 3.81772667e-01
    1.90470695e-01 2.26312906e-01 9.82398987e-01 8.73524606e-01
    7.83013821e-01 7.97532797e-01 1.62189424e-01 1.71208680e-01
    6.80021644e-02 1.64701194e-01 9.62339163e-01 8.55622768e-01
    8.28397989e-01 8.80964279e-01 4.55541968e-01 3.27145815e-01
    8.40824008e-01 8.99317801e-01 9.03934836e-01 1.46522373e-01
    7.94892788e-01 9.59589958e-01 9.08327460e-01 7.57114351e-01
    5.50999284e-01 7.51841128e-01 1.06607318e-01 3.66601229e-01
    7.73242950e-01 6.16239309e-01 2.18070567e-01 8.04784060e-01
    6.32451534e-01 5.39159298e-01 6.77292228e-01 8.36076736e-01
    5.27347624e-01 9.81680155e-01 2.59527326e-01 5.02152920e-01
    7.57519484e-01 3.40059400e-01 8.92077804e-01 6.15524828e-01
    4.73606288e-01 6.32861257e-03 2.12247074e-01 4.71344501e-01
    5.68583310e-01 2.87950635e-02 8.94396186e-01 3.71769011e-01
    9.52982128e-01 4.88646686e-01 8.28226864e-01 3.20136160e-01
    3.91271442e-01 1.77919388e-01 8.14431489e-01 9.83219862e-01
    7.32640326e-01 1.43207371e-01 5.26156008e-01 9.46375608e-01
    4.41694319e-01 5.98430812e-01 6.20595217e-01 1.70225620e-01
    3.43608260e-02 6.24722242e-02 5.61424792e-01 3.04147631e-01
    4.70216721e-01 7.55754530e-01 8.10880184e-01 4.92939949e-02
    9.49699283e-01 9.28064108e-01 2.21835345e-01 9.42369342e-01
    7.21916795e-01 5.83644152e-01 4.54683959e-01 1.30738467e-01
    8.16947222e-01 8.11586320e-01 4.56388444e-01 4.64227200e-02
    6.46401823e-01 3.33050609e-01 9.57989693e-01 2.78482676e-01
    9.24304366e-01 6.87976182e-01 5.70754826e-01 1.39444470e-02
    2.90861636e-01 8.42905939e-01 7.09277391e-03 8.69368672e-01
    4.86789286e-01 1.65316463e-03 9.65678990e-01 6.26785815e-01
    6.94635987e-01 7.75180757e-01 4.58005160e-01 8.96140039e-01
    1.17222607e-01 8.65728915e-01 9.94008541e-01 5.15277803e-01
    6.54006124e-01 7.10476160e-01 2.04763085e-01 8.40995073e-01
    3.16713482e-01 7.29439080e-01 8.56816769e-01 1.44047379e-01
    2.34208584e-01 5.17953992e-01 9.81176794e-01 9.55937266e-01
    1.13160998e-01 8.34751368e-01 7.82030344e-01 6.48731649e-01
    5.83384693e-01 5.28346717e-01 2.43164957e-01 2.41506666e-01
    3.44526052e-01 8.06321979e-01 1.86537266e-01 6.90410733e-01
    6.42898083e-01 5.39233327e-01 8.46725464e-01 6.59721971e-01
    4.16284025e-01 9.71716046e-02 8.15238237e-01 8.09500456e-01
    6.71689868e-01 7.02786684e-01 5.34215033e-01 2.70937145e-01
    7.31094122e-01 8.50213945e-01 5.55625260e-02 1.74106956e-02
    2.22452611e-01 3.78121674e-01 5.85106552e-01 5.90330303e-01
    5.88121533e-01 5.81148505e-01 9.80536819e-01 1.44910812e-01
    4.01316345e-01 9.38418865e-01 1.58287585e-01 1.35287911e-01
    1.39332533e-01 8.19606841e-01 7.93163180e-02 5.61817527e-01
    3.32016945e-02 2.67760813e-01 2.23188579e-01 6.18378818e-01
    7.97376752e-01 9.51096296e-01 4.09694761e-01 2.89990664e-01
    7.36378074e-01 9.54753339e-01 4.29794371e-01 3.74590397e-01
    6.58876598e-02 7.86393166e-01 8.96411240e-01 4.30602849e-01
    7.33706057e-02 5.17300129e-01 5.10553598e-01 8.14810872e-01
    1.29026026e-01 1.10761434e-01 7.32847154e-02 3.76101911e-01
    7.72401690e-03 7.67943263e-01 2.91067958e-02 9.10278082e-01
    3.75005305e-02 8.89853120e-01 4.94853854e-02 6.92150772e-01
    9.31286454e-01 8.06117654e-02 9.65035796e-01 4.32098627e-01
    9.69575286e-01 9.76827323e-01 5.57967603e-01 8.52499723e-01
    8.09340596e-01 9.02513266e-01 3.48384023e-01 4.81503606e-02
    4.31510091e-01 6.22028351e-01 9.36973631e-01 4.24827397e-01
    3.65603536e-01 9.99006510e-01 8.66806149e-01 8.72205138e-01
    3.51608366e-01 1.81125373e-01 1.59862131e-01 5.90626776e-01
    3.40232968e-01 9.05978799e-01 8.01915526e-02 8.71241212e-01
    4.38426077e-01 3.93821597e-01 4.32494521e-01 6.73398018e-01
    4.67520356e-01 8.70183110e-01 3.59613270e-01 6.16968632e-01
    9.99864399e-01 8.57886612e-01 1.79957330e-01 3.68573189e-01
    2.74629354e-01 4.56758291e-01 4.58963811e-01 7.29186237e-01
    6.53157234e-01 4.47897017e-02 8.05602789e-01 7.23657727e-01
    8.60264540e-01 9.57486987e-01 8.48832965e-01 7.30289340e-01
    3.99102449e-01 8.02092850e-02 8.90777946e-01 9.58502889e-01
    6.98079109e-01 7.92421699e-01 1.25404000e-02 4.09093201e-01
    6.10436141e-01 1.03336900e-01 7.59990454e-01 3.61970007e-01
    3.53561878e-01 8.91858637e-02 1.34923160e-01 6.57125115e-02
    9.97741222e-01 3.90163481e-01 3.18936110e-01 3.25359404e-01
    4.99655157e-01 6.29751682e-01 3.04096341e-01 1.68237567e-01
    8.17900598e-02 3.06695700e-01 2.95767814e-01 7.12885916e-01
    7.65078425e-01 8.54764402e-01 5.44882357e-01 9.35978770e-01
    2.98975289e-01 9.61034000e-01 4.22816753e-01 6.89017177e-01
    5.32131433e-01 2.72533596e-01 6.16728961e-02 5.88814139e-01
    5.14091372e-01 8.12461078e-02 3.01982820e-01 9.65264499e-01
    7.08356798e-01 8.71055722e-01 1.04566395e-01 5.13104379e-01
    6.40155673e-01 4.90101367e-01 2.64175117e-01 5.50861120e-01
    9.96414125e-01 6.30549550e-01 4.97766435e-01 7.02407837e-01
    4.06028956e-01 7.58691549e-01 9.03963864e-01 4.53437567e-02
    7.81908453e-01 7.38378465e-01 9.08367574e-01 8.48968863e-01
    5.86709440e-01 9.76118863e-01 5.16793847e-01 6.83623433e-01
    2.32197702e-01 8.97278070e-01 5.71954012e-01 9.92534041e-01
    4.92885888e-01 1.48783535e-01 4.17824596e-01 5.29221296e-02
    3.11116219e-01 1.90246224e-01 8.57854664e-01 7.36067295e-02
    3.94060135e-01 6.90301776e-01 9.46374118e-01 5.03597021e-01
    5.48100829e-01 5.82037032e-01 8.18105042e-02 9.11016166e-01
    3.02703261e-01 3.57149780e-01 4.01340365e-01 7.18388081e-01
    6.52620137e-01 7.73116589e-01 6.74250960e-01 2.12600470e-01
    4.90891933e-02 5.67255020e-01 4.98390049e-01 7.21460342e-01
    1.92190409e-02 8.95355821e-01 6.22077107e-01 5.21055162e-02
    4.70557451e-01 1.87396377e-01 7.02183008e-01 8.63908947e-01
    4.31476712e-01 1.80264980e-01 2.42657661e-01 7.51414001e-01
    4.10517871e-01 5.80835819e-01 8.75998139e-01 4.46602643e-01
    7.28565097e-01 7.16550708e-01 9.32515979e-01 4.28973168e-01
    2.79768705e-01 9.48037386e-01 2.47528255e-01 5.94308257e-01
    9.88909602e-01 2.68904924e-01 9.58898902e-01 5.43155611e-01
    7.35386252e-01 2.38650650e-01 9.45676327e-01 3.25337172e-01
    5.05162120e-01 9.81031239e-01 5.64082682e-01 6.24305606e-02
    1.23727322e-03 1.01831377e-01 9.84319150e-02 1.15314096e-01
    8.73281360e-02 3.88329625e-02 2.06655473e-01 7.02589750e-01
    8.14758182e-01 6.44436240e-01 5.69558501e-01 4.14913982e-01
    1.95673704e-02 4.48765218e-01 7.43714154e-01 9.91505325e-01
    4.85592514e-01 8.57658863e-01 9.48748112e-01 7.98632026e-01
    9.88137245e-01 5.81937551e-01 2.55832851e-01 3.34044546e-01
    3.00012231e-02 2.92571425e-01 3.78651559e-01 4.66906995e-01
    4.84994769e-01 5.95112741e-02 5.17867744e-01 7.07744896e-01
    4.64726955e-01 3.48989010e-01 5.42818487e-01 4.79613662e-01
    4.17344272e-01 8.67417216e-01 5.71237981e-01 4.86454576e-01
    2.86195427e-01 4.19857204e-01 1.29856586e-01 9.19939160e-01
    4.02126521e-01 6.85106635e-01 2.86728919e-01 7.32883811e-02
    7.74446011e-01 8.15427303e-01 2.98519552e-01 8.38258684e-01
    2.37299204e-02 8.42637062e-01 6.50634229e-01 3.12471509e-01
    2.94099778e-01 1.90680802e-01 5.84739387e-01 8.28863382e-01
    6.45314634e-01 5.97520649e-01 2.55612999e-01 1.47750765e-01
    8.85700583e-02 9.56718445e-01 5.87826371e-02 3.39709163e-01
    4.98363346e-01 9.37841654e-01 9.97004151e-01 8.92618179e-01
    6.48861468e-01 4.89715219e-01 4.68675435e-01 1.80115998e-01
    1.47854626e-01 9.21254754e-01 7.40760744e-01 2.28601187e-01
    7.73190439e-01 9.20487463e-01 7.75012732e-01 4.53502536e-02
    7.04305768e-02 2.68349111e-01 2.11154491e-01 1.93017721e-03
    9.57946777e-01 8.26549530e-01 4.42686141e-01 8.99412036e-01
    2.85468817e-01 6.35567188e-01 4.14395690e-01 6.11302555e-01
    5.63472986e-01 5.59023082e-01 2.82666087e-01 8.17107856e-01
    6.47305429e-01 9.55384493e-01 2.04126507e-01 7.18013883e-01
    9.32160497e-01 6.22857630e-01 6.53852940e-01 2.59391218e-01
    7.49365866e-01 1.04434013e-01 9.50998008e-01 2.58121610e-01
    2.32762188e-01 6.69088244e-01 1.66475236e-01 4.08178240e-01
    6.56746149e-01 4.59820658e-01 6.42189741e-01 2.44775712e-02
    6.07197702e-01 1.60174847e-01 6.99857950e-01 7.49519825e-01
    9.72055137e-01 9.85616148e-02 4.44095671e-01 3.45065534e-01
    1.35890335e-01 2.87806451e-01 7.42614329e-01 3.89307380e-01
    5.51846325e-02 6.34512842e-01 3.08842152e-01 2.76962698e-01
    9.36204553e-01 6.06726408e-01 6.55115962e-01 6.91489220e-01
    8.38921189e-01 1.72608256e-01 5.23135900e-01 4.14637625e-01
    8.04046631e-01 3.35964799e-01 7.99551129e-01 5.16376257e-01
    3.29363346e-02 7.04689503e-01 9.12657738e-01 3.76789629e-01
    2.61147678e-01 2.40953386e-01 2.72361577e-01 7.97703862e-01
    1.12225145e-01 8.23756456e-01 4.00286853e-01 9.94682193e-01
    1.62815303e-01 5.18028378e-01 7.23537505e-02 9.79619026e-02
    9.63165522e-01 6.44717515e-01 4.95085508e-01 7.85225511e-01
    4.00217384e-01 1.31467700e-01 4.80097055e-01 3.06037664e-01
    1.84419930e-01 3.81313801e-01 8.49823833e-01 9.02947783e-01
    2.88257599e-02 2.19717443e-01 5.30091286e-01 5.56408346e-01
    7.98828721e-01 3.64277929e-01 9.31398094e-01 8.02653730e-01
    5.88240504e-01 1.88251406e-01 6.50311947e-01 7.54715800e-01
    4.55629617e-01 5.80368340e-01 3.77953231e-01 9.85898316e-01
    7.21096933e-01 6.64792240e-01 6.31881118e-01 7.90258765e-01
    2.54346848e-01 2.54383445e-01 2.48006523e-01 8.74003768e-03
    4.98341322e-01 5.81102133e-01 7.77862370e-02 1.28021568e-01
    3.64157677e-01 2.83643782e-01 4.25514221e-01 4.60124314e-01
    5.69582999e-01 6.17223680e-02 2.69321799e-02 2.91492641e-02
    1.86286122e-01 7.44764328e-01 2.24301100e-01 9.62077141e-01
    2.88569123e-01 3.49167287e-01 5.32486439e-01 9.21083927e-01
    9.94054914e-01 4.45879042e-01 1.30737156e-01 3.29481244e-01
    7.59680271e-01 8.01424146e-01 7.59904683e-01 2.50178397e-01
    9.08403039e-01 5.47758102e-01 8.82635415e-01 9.23114836e-01
    9.43990588e-01 8.60691667e-01 5.69568455e-01 8.52850914e-01
    4.00212407e-01 4.61464882e-01 8.22017670e-01 9.38652754e-01
    3.54507685e-01 5.84110379e-01 4.70770031e-01 2.93326676e-02
    3.44414622e-01 2.18564242e-01 7.53282309e-01 1.70474321e-01
    9.91923213e-01 8.56511295e-01 6.63390040e-01 9.14260030e-01
    3.61257136e-01 2.09665656e-01 1.70914054e-01 3.83054018e-01
    4.86692160e-01 1.80239975e-01 3.04786563e-01 8.18153203e-01
    8.63160372e-01 5.09103656e-01 5.19449890e-01 2.71123230e-01
    6.18349314e-01 5.55953681e-01 1.84682727e-01 1.94829792e-01
    1.00234717e-01 1.74454480e-01 4.59490687e-01 4.94643986e-01
    3.80304813e-01 1.78978771e-01 3.67732912e-01 1.76141769e-01
    1.92147762e-01 5.21777213e-01 2.46095479e-01 9.49284017e-01
    4.19835776e-01 4.74214554e-04 2.14624554e-01 1.72816575e-01
    3.87281984e-01 9.74068761e-01 1.95528060e-01 8.31775308e-01
    4.94372010e-01 8.30342293e-01 8.05004060e-01 1.76522732e-02
    4.01946276e-01 2.37787664e-02 6.94532871e-01 6.82428956e-01
    4.67608392e-01 8.66024256e-01 1.84772581e-01 4.56501305e-01
    8.53967190e-01 6.79973543e-01 5.92859924e-01 9.14416313e-01
    6.67169452e-01 6.53867602e-01 6.17688894e-02 6.01769090e-02
    2.35917926e-01 2.53178656e-01 7.53012478e-01 2.66075909e-01
    7.74096251e-01 1.45280153e-01 2.13422924e-01 2.04111040e-01
    1.70994818e-01 2.15507507e-01 2.63954580e-01 1.13921672e-01
    2.81334460e-01 8.86534333e-01 1.23272747e-01 4.79690075e-01
    1.96472198e-01 5.03876686e-01 1.07075274e-02 5.99223077e-02
    5.59295416e-02 1.20892793e-01 9.34413195e-01 2.69508243e-01
    7.36222088e-01 3.49042326e-01 1.65599585e-01 1.91266239e-02
    7.16705441e-01 3.58160675e-01 9.01796520e-02 2.75954604e-01
    1.02502227e-01 5.83351135e-01 6.25342011e-01 1.02262527e-01
    6.33028567e-01 9.20253873e-01 3.39805543e-01 4.10152704e-01
    7.77850449e-02 8.27785015e-01 7.63887882e-01 3.36876184e-01
    4.00282264e-01 8.51307750e-01 3.52473676e-01 3.91700268e-02
    4.26257312e-01 8.71904731e-01 3.55425507e-01 6.26513004e-01
    7.22748518e-01 1.11449152e-01 2.73532689e-01 4.65753943e-01
    2.53009200e-01 9.75739717e-01 5.68346381e-01 1.99330360e-01
    2.58661091e-01 8.77230287e-01 7.50518560e-01 4.40167457e-01
    9.38717067e-01 6.33168459e-01 7.10823417e-01 6.28643930e-02
    8.51087987e-01 3.17743063e-01 9.26641822e-01 8.34686995e-01
    6.44709289e-01 6.22968018e-01 9.11224604e-01 5.79572856e-01
    4.63566363e-01 4.71127898e-01 6.23504281e-01 2.91362882e-01
    9.70129609e-01 8.40419590e-01 3.73724371e-01 9.77902651e-01
    5.38166225e-01 1.79412663e-01 6.27386451e-01 3.21304828e-01
    6.53306127e-01 4.35003728e-01 2.34828770e-01 4.02985275e-01
    9.35051441e-01 8.06187451e-01 4.63200688e-01 8.76674891e-01
    4.32010889e-01 1.68453395e-01 4.49634939e-01 9.35750842e-01
    1.52574241e-01 2.97122389e-01 3.62015426e-01 4.57895964e-01
    4.59897220e-01 7.41538405e-01 7.32409954e-03 6.94993854e-01
    6.45687282e-02 7.60624051e-01 1.10480189e-03 7.50725091e-01
    4.19314414e-01 5.81994414e-01 2.51148343e-01 4.06506687e-01
    6.62921667e-01 3.76103073e-01 4.30728197e-02 7.93367028e-01
    6.07451558e-01 1.20216876e-01 7.21101344e-01 2.62945592e-02
    9.15102720e-01 9.25553143e-01 8.78299356e-01 3.11411113e-01
    4.99387830e-01 7.74173975e-01 6.72361732e-01 4.26107109e-01
    6.41202390e-01 5.06368816e-01 5.07452250e-01 8.45902443e-01
    2.13002324e-01 2.93007970e-01 8.33854079e-01 5.14609635e-01
    8.45695257e-01 2.40916967e-01 8.56068850e-01 1.11537367e-01
    3.91945541e-02 6.57433867e-01 5.76437593e-01 2.21181095e-01
    2.50672519e-01 3.04375947e-01 2.56304294e-01 5.55598080e-01
    5.02577782e-01 7.31228709e-01 7.46693909e-02 1.20367140e-01
    6.27216935e-01 7.08487928e-02 9.09910142e-01 2.17510372e-01
    9.15725112e-01 5.11854529e-01 5.20013750e-01 1.59189701e-01
    2.31384009e-01 5.61126769e-02 4.47764814e-01 7.68348575e-03
    5.25956810e-01 1.39465570e-01 7.61213422e-01 6.11995757e-02
    8.62609744e-01 7.98746347e-01 1.13092601e-01 5.26674867e-01
    3.52693021e-01 2.43086308e-01 9.02845323e-01 4.45467234e-01
    8.52382421e-01 1.97019279e-01 4.17284280e-01 8.62171173e-01
    3.21929753e-01 4.86660302e-02 4.38422680e-01 7.87504673e-01
    7.13533759e-01 9.11871910e-01 2.64320016e-01 4.93855745e-01
    3.76443744e-01 5.41302562e-03 7.79272795e-01 4.00262177e-02
    8.66499662e-01 4.24418747e-01 5.96484482e-01 9.51223254e-01
    8.31454039e-01 1.77498370e-01 6.45663500e-01 3.16875458e-01
    4.97366637e-01 9.80262756e-01 7.32120454e-01 2.25661337e-01
    2.70203829e-01 9.63617563e-01 7.09040284e-01 3.67585152e-01
    9.38005984e-01 4.53173250e-01 8.92879844e-01 8.05140674e-01
    8.33144307e-01 7.99166799e-01 6.85943782e-01 4.01287496e-01
    8.66530061e-01 8.99855316e-01 1.64893717e-01 6.54841185e-01
    4.37409818e-01 6.43919706e-02 9.35485303e-01 5.82416892e-01
    3.20110768e-01 7.33755291e-01 9.55745935e-01 2.46994436e-01
    8.69341850e-01 5.69323897e-02 7.26717710e-02 4.72577572e-01
    5.80611110e-01 2.84427106e-01 1.14787906e-01 8.04058075e-01
    9.79025185e-01 1.87305212e-01 2.72813201e-01 8.21565270e-01
    4.34688658e-01 4.66625273e-01 9.61249352e-01 8.49689662e-01
    3.77084076e-01 3.98234278e-01 1.25766367e-01 9.59623337e-01
    1.88786715e-01 9.92911696e-01 6.43559694e-01 9.62841809e-02
    2.46701539e-02 6.63506746e-01 1.04504645e-01 7.93095708e-01
    8.67370248e-01 5.79967082e-01 1.72470272e-01 7.32748389e-01
    1.75300449e-01 7.54094005e-01 8.88479590e-01 3.59497190e-01
    2.73293376e-01 6.90811098e-01 8.89584661e-01 8.62584949e-01
    6.85888946e-01 4.54904586e-01 7.99566984e-01 3.18948925e-01
    1.10182434e-01 9.01683688e-01 1.10135138e-01 3.85239512e-01
    9.01467085e-01 8.50957334e-01 5.92176437e-01 7.94075251e-01
    8.86150599e-02 3.11904669e-01 2.08236486e-01 4.17242259e-01
    7.96740055e-01 2.94044018e-01 7.24346220e-01 2.03559816e-01
    1.17878944e-01 3.91375452e-01 2.94047534e-01 9.70900834e-01
    2.49679387e-02 1.62610412e-03 7.70741880e-01 1.48941398e-01
    4.08453614e-01 7.56383717e-01 5.28908014e-01 4.37330842e-01
    3.21937621e-01 9.84096766e-01 7.72169828e-02 6.15501225e-01
    1.50001794e-01 9.39618230e-01 4.99600440e-01 6.51504993e-01
    8.16814542e-01 4.52091485e-01 9.30926323e-01 2.31683254e-03
    9.58182275e-01 7.23808646e-01 6.04541302e-02 2.46344537e-01
    3.93830866e-01 8.98212433e-01 3.06608856e-01 5.51536679e-02
    3.77112806e-01 6.73196077e-01 7.92911351e-02 6.25713348e-01
    2.26027995e-01 8.24443698e-01 7.88911819e-01 3.33258808e-01
    6.14266098e-01 3.14865887e-01 9.90828872e-03 6.21180594e-01
    4.21417594e-01 8.06598961e-01 3.08008492e-01 6.20474041e-01
    7.23020613e-01 9.05452669e-01 6.88265681e-01 8.67634594e-01
    6.39290690e-01 2.87130654e-01 8.27101827e-01 8.55534911e-01
    9.69130397e-01 2.01404244e-01 5.13008654e-01 1.79162920e-02
    3.99798393e-01 2.43964851e-01 7.64185309e-01 7.45479465e-01
    6.09649539e-01 1.48187995e-01 7.97344565e-01 1.57198548e-01
    5.54574966e-01 2.29632258e-02 5.02397478e-01 1.78750247e-01
    1.68687969e-01 1.87850595e-02 3.20890546e-02 7.30220139e-01
    9.54693675e-01 8.14181924e-01 7.74219096e-01 5.33710122e-01
    8.44916105e-01 5.37038565e-01 7.32561767e-01 9.59827900e-02
    5.20424724e-01 8.40739429e-01 9.81566012e-01 5.51332474e-01
    8.52635503e-02 1.94710314e-01 8.31753373e-01 3.98555994e-01
    1.51396692e-02 5.87190628e-01 5.67624688e-01 7.58380473e-01
    8.13018918e-01 9.77965474e-01 1.79383069e-01 1.18001670e-01
    7.32314289e-01 9.05025482e-01 6.86522841e-01 9.59243119e-01
    1.99249387e-01 3.26939404e-01 5.00356138e-01 4.64016199e-02
    7.92614222e-01 3.85564923e-01 9.06346202e-01 7.81782150e-01
    1.39310718e-01 7.63875842e-01 7.13613212e-01 7.95632422e-01
    6.12902462e-01 7.51322389e-01 3.54135036e-01 8.00163567e-01
    4.96665984e-01 6.51856959e-02 8.59749794e-01 3.39585185e-01
    9.54585254e-01 7.68730104e-01 1.53154522e-01 2.39065737e-01
    5.20363808e-01 9.27214026e-01 3.71289909e-01 6.62976503e-03
    9.23805416e-01 8.46986413e-01 5.03435373e-01 4.32247192e-01
    3.44888717e-01 3.92288983e-01 7.06982613e-03 3.15797389e-01
    8.16913843e-02 1.15138561e-01 4.18891639e-01 5.52216232e-01
    8.37023973e-01 8.27370644e-01 9.63370800e-01 1.95725203e-01
    1.07937604e-01 1.51513010e-01 6.49699807e-01 1.79480940e-01
    3.32526565e-02 4.47834551e-01 8.64355087e-01 1.14326119e-01
    2.87875533e-01 5.74727714e-01 1.54263884e-01 5.06186962e-01
    3.79860431e-01 3.21425289e-01 4.29903984e-01 8.63043904e-01
    5.56105793e-01 4.63258356e-01 7.68012106e-01 4.21628118e-01
    5.48954427e-01 8.58703256e-02 5.37078977e-01 6.32410228e-01
    4.14103150e-01 2.42603898e-01 6.68774247e-01 8.48948002e-01
    8.97934794e-01 5.20467758e-01 8.11815083e-01 2.04870015e-01
    5.96816361e-01 6.12082958e-01 9.94917095e-01 4.17624623e-01
    9.75738525e-01 1.39938831e-01 5.75149953e-01 1.06288671e-01
    9.23738599e-01 4.70644385e-01 8.91264200e-01 2.36527294e-01
    9.02043939e-01 8.72857928e-01 3.96295130e-01 9.09433484e-01
    1.62973940e-01 9.52121735e-01 8.66225600e-01 3.36734354e-01
    4.44635063e-01 5.28973341e-03 5.22444785e-01 7.89614260e-01
    7.65442669e-01 2.26817667e-01 4.12897974e-01 7.93021142e-01
    4.13279682e-01 6.42223835e-01 7.59464979e-01 5.71857989e-01
    2.70789564e-01 9.99193192e-01 6.68629408e-01 3.89086008e-01
    1.37669176e-01 2.17165411e-01 6.96882725e-01 7.17351377e-01
    9.19405699e-01 8.79103839e-01 4.75947469e-01 4.48860019e-01
    7.88657308e-01 8.47925067e-01 3.49887788e-01 7.00443208e-01
    9.87625062e-01 2.65561342e-02 2.43526876e-01 9.09438312e-01
    4.25548553e-02 3.22571009e-01 5.95755339e-01 8.09392512e-01
    6.80195034e-01 6.21410012e-01 6.50014758e-01 6.76293612e-01
    2.40200430e-01 2.29159743e-01 9.88938332e-01 2.35467643e-01
    4.41068798e-01 1.14570141e-01 2.09413320e-01 1.20700091e-01
    6.06676280e-01 8.68789613e-01 5.87305069e-01 7.05442548e-01
    7.16989160e-01 8.98548365e-01 3.03267092e-01 2.61409074e-01
    5.25093317e-01 5.73289514e-01 1.04430586e-01 3.59935760e-01
    5.10124087e-01 2.10181832e-01 7.26361632e-01 7.24740148e-01
    1.33519769e-01 8.22424293e-01 4.14985240e-01 1.87667787e-01
    3.31490099e-01 1.49225086e-01 1.25897199e-01 9.67457592e-01
    5.20384371e-01 1.20498329e-01 5.54775894e-01 8.96779001e-02
    8.25182676e-01 5.19619882e-01 7.74334073e-02 3.09570551e-01
    1.98230207e-01 1.42554462e-01 7.43797779e-01 3.24593872e-01
    1.88940734e-01 9.74968970e-02 1.12197548e-01 8.68383527e-01
    4.52386022e-01 4.31361258e-01 3.50745797e-01 2.04585016e-01
    5.01780272e-01 3.43546212e-01 2.54712373e-01 8.62973809e-01
    4.72653121e-01 3.35255861e-02 8.48379493e-01 1.71514064e-01
    4.88870531e-01 8.89640808e-01 1.27959996e-01 6.17091537e-01
    2.43146777e-01 8.98897767e-01 8.74783874e-01 5.80951810e-01
    9.23206687e-01 7.25503206e-01 5.85804045e-01 4.31456745e-01
    5.38959086e-01 7.16069341e-01 6.64314628e-01 3.55096638e-01
    9.63316202e-01 5.40598989e-01 7.69621253e-01 8.13349545e-01
    6.07030571e-01 5.50651908e-01 6.56075716e-01 2.96393692e-01
    5.99192381e-02 8.84136558e-01 6.79942846e-01 5.59799969e-01
    7.70254135e-01 5.98004043e-01 4.21426088e-01 6.74155593e-01
    3.47214937e-02 2.07715929e-02 1.14113688e-01 3.10570121e-01
    3.28155577e-01 5.89289248e-01 8.55648637e-01 9.29871678e-01
    8.17807794e-01 5.97201586e-01 1.43577009e-01 7.65602350e-01
    1.18416637e-01 9.75141704e-01 5.85272431e-01 4.70546067e-01
    8.95058036e-01 8.09339225e-01 6.65039718e-02 4.73609507e-01
    7.82032728e-01 4.14704382e-01 6.13592148e-01 5.89390397e-02
    1.46364003e-01 1.20041341e-01 5.00642717e-01 7.53737569e-01
    6.52745724e-01 6.63141131e-01 6.28145814e-01 3.03929389e-01
    3.52624923e-01 6.23604834e-01 1.00677282e-01 7.23340273e-01
    6.39941037e-01 7.34708965e-01 7.36041248e-01 7.45713592e-01
    5.73683739e-01 5.52989185e-01 8.06530714e-01 9.58860099e-01
    2.66676068e-01 1.70015782e-01 5.75252533e-01 1.10184133e-01
    3.28766286e-01 1.42139643e-01 1.46807879e-01 7.50176251e-01
    3.09913158e-01 5.07905126e-01 4.44457054e-01 2.44135797e-01
    6.65321589e-01 7.55391836e-01 1.75782770e-01 8.80630493e-01
    4.44855362e-01 7.69514978e-01 2.42186278e-01 9.84859705e-01
    8.56919467e-01 8.90619516e-01 9.12138462e-01 4.22623903e-01
    9.69976187e-01 4.79105294e-01 4.03822035e-01 1.43965304e-01
    5.55407107e-02 4.68204945e-01 8.35715055e-01 9.47170138e-01
    4.70831156e-01 2.50743032e-02 5.03635406e-03 3.14030349e-02
    3.01206023e-01 5.19348979e-01 9.30204391e-01 5.62715530e-01
    6.40807569e-01 2.60614365e-01 1.71336919e-01 9.61751044e-02
    7.22204685e-01 1.15013719e-01 7.34234691e-01 5.18819094e-01
    2.41785347e-02 4.66095209e-01 9.76935744e-01 1.26717895e-01
    5.28074443e-01 6.18375003e-01 7.04560816e-01 8.22747052e-02
    6.78798378e-01 5.49548268e-01 8.60137105e-01 9.59665239e-01
    2.71076560e-02 3.63727778e-01 6.67410254e-01 3.51734698e-01
    9.64958191e-01 5.60282409e-01 7.36607611e-01 3.21628988e-01
    2.36361384e-01 2.63034523e-01 4.99566138e-01 1.66309178e-01
    5.08538008e-01 7.09846735e-01 2.48180628e-02 8.72577071e-01
    1.33861512e-01 7.61607409e-01 2.39399046e-01 5.36332965e-01
    8.43706727e-01 4.87411499e-01 9.08042610e-01 1.47851110e-01
    8.95977855e-01 6.30441725e-01 6.33066177e-01 5.21093726e-01
    7.21293211e-01 5.76548934e-01 7.51956940e-01 1.67934805e-01
    1.69388264e-01 3.59303445e-01 5.53671002e-01 9.53186035e-01
    9.67230916e-01 8.94249558e-01 2.61746705e-01 6.57845616e-01
    3.73804569e-02 9.03422832e-01 1.37758225e-01 2.44737595e-01
    3.95740271e-02 2.25518763e-01 9.33206439e-01 6.94599450e-01
    5.61687350e-01 1.32483542e-01 6.89246714e-01 7.20088542e-01
    1.22425735e-01 2.13773400e-01 1.89330339e-01 9.51645374e-02
    5.57007492e-02 5.42376280e-01 3.94324094e-01 7.54316688e-01
    5.77651143e-01 1.56561315e-01 1.95505470e-01 7.11549580e-01
    8.17417145e-01 7.96525657e-01 7.75827765e-01 7.32676148e-01
    9.93607044e-01 9.68101382e-01 7.76011169e-01 8.72388840e-01
    3.47111046e-01 7.17575848e-02 1.43083096e-01 5.67030907e-01
    8.40466261e-01 8.93509388e-03 9.35484529e-01 7.33066082e-01
    6.48342490e-01 1.05443656e-01 5.18748283e-01 4.99988109e-01
    6.37132883e-01 9.25656438e-01 5.27124643e-01 9.62068915e-01
    5.08928001e-01 9.23527956e-01 5.84213555e-01 3.23259473e-01
    2.16071904e-02 5.07368982e-01 3.84173781e-01 7.89259970e-02
    8.49863648e-01 6.41098380e-01 4.78558570e-01 1.38995290e-01
    6.26875043e-01 9.79576528e-01 6.05022788e-01 5.60515463e-01
    8.85047615e-01 4.15614605e-01 8.88925672e-01 4.43284571e-01
    7.32062817e-01 6.94233298e-01 4.24183071e-01 8.22022080e-01
    1.46235526e-02 8.02730799e-01 9.40626740e-01 8.48181486e-01
    3.29758286e-01 7.78190851e-01 2.51827061e-01 4.07622188e-01
    1.96845263e-01 7.43468106e-02 7.74733305e-01 6.34448469e-01
    6.53803051e-01 5.37410557e-01 8.20214987e-01 9.02611673e-01
    6.43014908e-04 6.88065290e-01 3.26342344e-01 4.78661656e-02
    4.97214288e-01 1.45937741e-01 7.37563312e-01 5.31331122e-01
    3.95286024e-01 8.98716986e-01 1.30641103e-01 1.77829951e-01
    6.04479432e-01 9.51290607e-01 7.24334836e-01 2.45526701e-01
    8.91461194e-01 8.14304948e-02 8.76150012e-01 8.88721585e-01
    1.20084465e-01 7.56389022e-01 5.27707934e-01 2.24187613e-01
    6.15234017e-01 7.63983130e-01 1.64887756e-01 9.14000928e-01
    2.36235082e-01 1.62544519e-01 3.98380339e-01 6.73025429e-01
    9.01397228e-01 3.91917646e-01 4.24031913e-01 8.75212371e-01
    2.71027863e-01 5.81409395e-01 8.97563577e-01 4.78794008e-01
    8.51937294e-01 8.71851563e-01 8.10397327e-01 7.71625400e-01
    1.52019262e-01 1.13421977e-01 7.23914504e-02 3.15749258e-01
    7.50450611e-01 9.29523945e-01 3.99066746e-01 7.16441214e-01
    6.75043464e-02 5.74946165e-01 9.26906824e-01 2.36605287e-01
    7.76959300e-01 2.04910576e-01 3.91974092e-01 5.00413597e-01
    7.36081660e-01 8.52261424e-01 4.17460531e-01 9.68951464e-01
    4.03250694e-01 3.22705537e-01 5.47006726e-01 2.18450606e-01
    7.09174633e-01 1.41589642e-01 7.11923957e-01 3.37991357e-01
    1.57936573e-01 8.92589808e-01 9.74571526e-01 8.35740089e-01
    6.16656423e-01 9.26044345e-01 4.34527695e-01 5.16385138e-01
    4.48304355e-01 1.05278552e-01 2.75311291e-01 2.03940064e-01
    3.60613465e-02 7.78990030e-01 8.82689714e-01 4.72435951e-02
    6.19809926e-01 2.00041831e-01 6.64215803e-01 6.31829083e-01
    5.42387307e-01 8.51440668e-01 7.36191332e-01 9.95772243e-01
    6.20257139e-01 5.19892573e-02 9.10318077e-01 8.68175983e-01
    2.74485469e-01 5.25671303e-01 3.69732261e-01 1.92351937e-02
    3.50393534e-01 3.08175296e-01 2.82278359e-01 5.10543048e-01
    5.20568311e-01 5.95590174e-02 7.32527971e-01 2.99508929e-01
    4.49875176e-01 7.00875163e-01 7.52322912e-01 4.32910025e-01
    7.73101926e-01 9.99939740e-01 4.05928016e-01 5.16891420e-01
    9.10931945e-01 6.19849563e-03 8.10524523e-01 1.67767107e-01
    6.19892716e-01 1.19082361e-01 9.71653759e-01 3.89254212e-01
    1.11498207e-01 3.18526328e-02 2.38782018e-01 7.41862893e-01
    4.25904721e-01 9.97554779e-01 1.33587241e-01 3.15233409e-01
    8.23100805e-01 3.27002108e-02 6.91093087e-01 6.18459046e-01
    5.59682488e-01 4.39649403e-01 7.24043787e-01 2.08469242e-01
    1.84570849e-02 9.27835107e-01 5.03702819e-01 4.83847886e-01
    7.14055836e-01 4.81493384e-01 6.93554640e-01 2.21598506e-01
    3.89930606e-02 3.72848272e-01 8.13105404e-02 9.18169379e-01
    1.97853595e-01 6.94318593e-01 9.54976976e-01 3.72558832e-01
    7.82872677e-01 6.50067091e-01 8.39021981e-01 7.06936419e-02
    8.72119367e-01 2.97887623e-02 8.01155210e-01 8.26222718e-01
    8.52306485e-01 4.19677645e-01 2.52720475e-01 5.33938289e-01
    4.13282752e-01 5.11262715e-02 6.09027028e-01 3.99082422e-01
    6.16604328e-01 6.45634532e-01 1.95358813e-01 4.98883337e-01
    1.14899218e-01 2.63548136e-01 5.97428024e-01 5.00298500e-01
    2.41072774e-02 7.68173456e-01 2.34139830e-01 1.77740604e-01
    3.94921362e-01 9.48910117e-01 1.22215539e-01 3.47600818e-01
    5.18628836e-01 7.45771587e-01 6.14262283e-01 9.91303444e-01
    5.42347133e-01 7.42247939e-01 4.61673707e-01 4.24379230e-01
    8.28510046e-01 3.56463969e-01 8.77635241e-01 7.63325810e-01
    4.70385790e-01 7.76043236e-02 2.99350679e-01 5.82022965e-02
    1.69040382e-01 1.99360788e-01 5.17380416e-01 7.89217353e-01
    5.04820049e-01 1.25138611e-01 9.23416436e-01 6.66602612e-01
    5.73302150e-01 3.98793191e-01 3.20457518e-01 8.44165444e-01
    2.55862474e-02 9.55271065e-01 7.18664229e-02 9.80625689e-01
    8.02444279e-01 9.15519714e-01 6.54671788e-01 9.28904176e-01
    1.92271411e-01 5.96601069e-02 3.81142557e-01 6.00033164e-01
    2.63300151e-01 9.39695299e-01 4.57857668e-01 4.47364450e-01
    9.89771128e-01 3.14091146e-01 8.53945613e-01 6.40340030e-01
    5.41650176e-01 7.59360075e-01 1.45834893e-01 7.50069261e-01
    8.30443859e-01 7.90123701e-01 6.73532069e-01 3.79735261e-01
    3.62527668e-01 2.41771102e-01 3.53382796e-01 4.28382456e-02
    1.41629368e-01 1.85992271e-01 9.78990436e-01 4.76523250e-01
    6.82907879e-01 6.09247983e-02 8.14309657e-01 7.63213873e-01
    4.07519281e-01 8.16406310e-02 8.54982376e-01 7.37563610e-01
    4.87211496e-01 2.08912134e-01 1.62588120e-01 4.35687631e-01
    9.58714008e-01 6.30275607e-01 2.26521105e-01 3.24650645e-01
    4.71161157e-01 5.31235218e-01 2.29092389e-01 9.62740541e-01
    6.27691686e-01 4.88566548e-01 5.47344506e-01 8.28509450e-01
    6.35594547e-01 9.27453041e-01 7.71286130e-01 5.62948585e-01
    4.20716107e-02 3.45610499e-01 3.87602389e-01 8.41301203e-01
    3.48543078e-01 1.16320461e-01 5.58335364e-01 2.57503629e-01
    2.89357185e-01 4.03937548e-01 4.24711406e-01 1.29240632e-01
    1.72922492e-01 8.45602334e-01 2.58164048e-01 9.37430263e-01
    4.28537428e-01 9.86732304e-01 9.84287262e-01 6.80195093e-02
    5.23013592e-01 1.65924340e-01 9.89606857e-01 8.26255143e-01
    8.84234667e-01 6.23463213e-01 6.31908178e-02 5.62323153e-01
    2.37845123e-01 7.32518375e-01 1.55090243e-01 6.66429758e-01
    1.37902468e-01 3.70353431e-01 6.33737028e-01 9.39641118e-01
    7.79409707e-02 7.12437034e-01 7.51335084e-01 9.46247458e-01
    4.00893331e-01 5.86178541e-01 3.98727298e-01 2.40256906e-01
    1.42413050e-01 5.24134159e-01 3.33895743e-01 8.40215981e-01
    2.13409424e-01 8.86325836e-01 9.07621503e-01 2.09606200e-01
    4.72516894e-01 9.85321820e-01 6.70769513e-02 6.89105809e-01
    2.88239837e-01 9.18281674e-01 8.81597936e-01 7.53648281e-02
    5.90801775e-01 9.22979355e-01 9.78708863e-01 5.98851860e-01
    5.27659833e-01 6.46554112e-01 6.76773787e-02 6.09223604e-01
    9.24126744e-01 5.09295702e-01 8.75910640e-01 9.28764045e-01
    6.83882713e-01 2.07978189e-02 2.94121832e-01 5.51960111e-01
    2.80345678e-02 7.47746527e-01 1.58338845e-01 8.61045599e-01
    6.95660353e-01 7.94869065e-01 1.53294593e-01 9.54386830e-01
    1.30119622e-01 2.08510131e-01 9.65079069e-01 5.88538766e-01
    6.67175770e-01 2.49538600e-01 5.72533488e-01 7.31304944e-01
    6.45558119e-01 4.84010845e-01 5.59994876e-01 6.09217048e-01
    4.37534302e-01 6.58596635e-01 5.39883196e-01 1.66451812e-01
    2.48682797e-01 7.32606351e-01 5.08062959e-01 6.93997085e-01
    5.21855235e-01 6.68622613e-01 5.40411472e-03 6.50649309e-01
    5.37657201e-01 7.40285337e-01 6.24295712e-01 5.84888697e-01
    4.43228781e-01 9.23250377e-01 8.15849304e-01 7.26904809e-01
    2.19311982e-01 5.72088122e-01 3.88378263e-01 2.23609924e-01
    9.04103279e-01 2.81473309e-01 8.31586719e-02 5.86621165e-01
    1.57371461e-02 8.50586414e-01 2.20675141e-01 1.45055324e-01
    8.63578200e-01 3.56557965e-01 8.11772943e-02 5.61831653e-01
    6.58821225e-01 5.98881245e-02 5.92120051e-01 6.70864820e-01
    2.34228045e-01 5.70347130e-01 4.54812348e-02 1.35289907e-01
    1.12729102e-01 3.77227575e-01 5.52288115e-01 8.30834270e-01
    5.56931555e-01 2.37704813e-02 2.46705532e-01 3.11514199e-01
    9.08397734e-01 7.23144174e-01 5.31653285e-01 6.89484835e-01
    5.87831140e-01 1.92487717e-01 5.59883058e-01 1.84334725e-01
    6.98492229e-02 5.43087125e-02 5.84715128e-01 1.03764325e-01
    2.79977888e-01 8.61623883e-02 9.04643416e-01 2.14265257e-01
    8.50262463e-01 8.02667022e-01 7.23465800e-01 3.87729794e-01
    5.82456887e-01 5.56775928e-02 6.19771779e-02 5.55294871e-01
    6.88442647e-01 3.91340852e-01 8.38769317e-01 1.35509372e-01
    3.20549488e-01 7.65116394e-01 4.71217573e-01 1.16315186e-02
    7.94113934e-01 5.84667206e-01 3.54432762e-01 8.76931727e-01
    5.55824757e-01 1.98335618e-01 6.94693148e-01 9.95900154e-01
    3.69574785e-01 9.02562439e-02 5.17966688e-01 4.73281741e-03
    5.70598245e-03 9.73267913e-01 9.71560001e-01 7.01338887e-01
    5.63612998e-01 4.83713627e-01 3.15178454e-01 8.68842125e-01
    8.52232575e-02 8.18819880e-01 7.13441491e-01 8.31447959e-01
    5.38461089e-01 2.80054808e-02 6.30219817e-01 9.29810047e-01
    3.05796742e-01 8.92089546e-01 5.89857697e-02 6.31573021e-01
    8.50874305e-01 3.29896241e-01 1.96274877e-01 4.22119737e-01
    2.89801955e-02 6.31028295e-01 7.13722348e-01 4.85074937e-01
    7.83109426e-01 6.44047260e-02 4.68671918e-02 5.94619870e-01
    2.14526087e-01 2.51323879e-01 1.86226130e-01 2.59284228e-01
    5.69653809e-02 9.23445642e-01 5.03636003e-01 6.09592915e-01
    9.90442634e-01 4.74816024e-01 6.67434275e-01 6.09657288e-01
    1.98582798e-01 1.10448271e-01 7.09435403e-01 1.86785907e-01
    6.01037860e-01 3.72495651e-02 9.86698508e-01 1.50263786e-01
    2.84477711e-01 6.09257519e-01 1.44722104e-01 7.30949104e-01
    9.69156325e-01 1.21194452e-01 7.97304749e-01 1.78468674e-01
    2.53329158e-01 8.08326304e-01 7.06646860e-01 6.40915930e-01
    1.20720774e-01 2.76477933e-01 3.76266509e-01 8.12460601e-01
    9.28311408e-01 2.51011103e-01 6.93135083e-01 1.58906877e-02
    5.42005241e-01 5.64570308e-01 3.84443939e-01 6.45498753e-01
    1.96657598e-01 8.70194256e-01 7.35531509e-01 4.22662288e-01
    6.49991930e-01 8.95796120e-01 2.27728754e-01 1.85218722e-01
    5.22764802e-01 5.32847643e-01 9.70531344e-01 7.16744781e-01
    2.14839339e-01 2.63973802e-01 9.67211008e-01 9.49808955e-01
    6.23969138e-01 1.92076236e-01 2.23092198e-01 4.10018235e-01
    3.96749556e-01 5.33314764e-01 8.73542309e-01 1.89699769e-01
    9.97525573e-01 3.12234938e-01 6.74396038e-01 4.96728808e-01
    8.58295560e-01 4.16879058e-01 3.43424231e-01 2.38842905e-01
    4.27381933e-01 6.02151752e-01 8.12323928e-01 7.55233645e-01
    2.91209668e-01 8.71566653e-01 2.50858963e-02 1.28843307e-01
    9.49869871e-01 7.44137287e-01 9.52544808e-01 6.25675976e-01
    6.27787113e-02 1.07589662e-01 8.71532679e-01 3.15848112e-01
    3.30309808e-01 4.72528934e-01 6.61660135e-01 9.72533345e-01
    7.29035020e-01 6.46935880e-01 3.86077851e-01 7.73773193e-02
    4.57012355e-01 1.09148175e-01 1.68898582e-01 9.83234167e-01
    9.55139101e-01 8.33401799e-01 6.88925028e-01 8.00562143e-01
    1.95004106e-01 6.04494810e-02 9.35841680e-01 6.71568751e-01
    2.66715884e-01 7.77402163e-01 1.87280715e-01 8.88363600e-01
    2.71408945e-01 2.92452186e-01 3.39579552e-01 2.19112903e-01
    5.90917170e-01 9.61929560e-04 7.42607117e-01 9.71922994e-01
    7.85583436e-01 7.88330913e-01 9.90835905e-01 8.59179974e-01
    9.50027347e-01 9.55785155e-01 1.06904119e-01 5.13298273e-01
    4.04873312e-01 9.75934982e-01 4.79811430e-01 9.37048435e-01
    3.37316841e-01 3.54644060e-01 6.72561169e-01 4.12646651e-01
    7.14401722e-01 3.56918812e-01 6.64438307e-01 3.03270161e-01
    1.82391882e-01 9.23152208e-01 2.08434761e-01 3.12929451e-02
    1.71404630e-01 6.38232231e-01 4.63302076e-01 3.14480245e-01
    5.57892561e-01 5.33452272e-01 4.38184738e-02 4.55130845e-01
    4.19170320e-01 1.06025666e-01 5.49347818e-01 3.99232298e-01
    7.36125052e-01 7.36678779e-01 9.79058743e-01 1.92455053e-01
    8.88348222e-01 5.20819128e-01 3.13331068e-01 1.53313667e-01
    5.39323628e-01 4.00638938e-01 7.17077672e-01 2.44725645e-02
    4.87324357e-01 8.42059553e-02 5.41943848e-01 3.83718610e-01
    5.25239110e-03 4.91611391e-01 9.27621007e-01 2.94280708e-01
    4.84928519e-01 1.34102434e-01 4.18286383e-01 6.31373942e-01
    1.65753245e-01 7.39642382e-01 4.73917425e-02 7.82106698e-01
    9.41208005e-02 6.08904064e-02 1.61304176e-01 3.61027122e-01
    5.46652257e-01 7.79816806e-02 3.23741853e-01 6.39180243e-02
    8.73907745e-01 4.36503887e-01 1.73877537e-01 7.58860350e-01
    8.39548171e-01 9.43320870e-01 4.49996948e-01 8.18075299e-01
    9.56316471e-01 3.74549955e-01 5.96847236e-02 3.35563153e-01
    1.97989762e-01 6.61769331e-01 6.22101724e-01 8.57758522e-02
    6.69615149e-01 2.44181573e-01 4.38619435e-01 5.62019467e-01
    5.39126813e-01 6.29328847e-01 4.94957179e-01 8.88122439e-01
    8.20640564e-01 8.97895575e-01 5.10387719e-01 7.98435569e-01
    6.92667246e-01 6.99010491e-01 2.76726782e-01 1.14408165e-01
    8.51777434e-01 1.72107249e-01 7.15350986e-01 2.05806136e-01
    5.96848071e-01 3.70451152e-01 9.96843696e-01 2.47421950e-01
    4.02908623e-01 8.30772519e-01 1.98045671e-02 3.48075092e-01
    8.55632901e-01 3.25579762e-01 1.12163424e-01 4.85794634e-01
    8.44697893e-01 5.55886745e-01 6.17680609e-01 6.18199825e-01
    1.36348724e-01 3.05755496e-01 5.36421835e-01 4.83405918e-01
    3.89562905e-01 4.09450382e-01 8.08698893e-01 6.64963126e-01
    5.08084178e-01 3.20192695e-01 9.94699597e-01 4.10069078e-01
    5.34391224e-01 7.86232710e-01 9.69792604e-02 4.56921548e-01
    2.97002494e-01 8.56171548e-02 6.53232217e-01 3.58659923e-01
    2.39034653e-01 8.36586237e-01 4.47247922e-01 6.25103951e-01
    9.59438086e-02 6.95888340e-01 6.56739712e-01 3.64882231e-01
    1.34268105e-02 6.13812983e-01 1.35725617e-01 2.63144344e-01
    8.55722547e-01 4.33785319e-01 3.46642584e-01 9.88213122e-01
    5.25118589e-01 2.05363095e-01 1.48363233e-01 3.01230848e-02
    3.39530706e-01 8.27408731e-02 6.62901640e-01 9.27438736e-01
    7.70925522e-01 4.60705400e-01 4.71570820e-01 2.74753869e-02
    5.82104862e-01 4.65711355e-02 9.39279914e-01 1.71871632e-01
    5.93813300e-01 2.56143451e-01 4.00388479e-01 1.55147851e-01
    9.25766945e-01 8.70564580e-02 9.98377085e-01 7.94064045e-01
    7.79363692e-01 9.88723338e-02 8.24936926e-02 9.13228631e-01
    1.23157620e-01 2.26968914e-01 6.04475677e-01 9.70007479e-02
    6.64725840e-01 1.62465721e-01 4.81465578e-01 5.88382423e-01
    6.09250069e-01 9.09422994e-01 7.29772508e-01 2.61212945e-01
    4.69090402e-01 5.81886470e-02 8.15802932e-01 8.85978937e-01
    7.30358601e-01 6.03664756e-01 3.41537356e-01 2.11768150e-02
    3.28038156e-01 1.03584975e-01 5.92718720e-01 2.01941043e-01
    4.60347235e-02 2.20788389e-01 9.65717435e-01 5.72921932e-02
    3.17363918e-01 3.22055697e-01 3.15306455e-01 3.23281169e-01
    9.79899406e-01 7.12490082e-02 4.01113600e-01 9.11908269e-01
    2.13705420e-01 1.43474638e-02 8.53058219e-01 9.76654410e-01
    2.01534271e-01 2.15628743e-01 9.23406005e-01 2.15510786e-01
    3.68923664e-01 4.35615420e-01 8.52941692e-01 1.31752610e-01
    8.64526153e-01 5.26252925e-01 8.29570174e-01 9.35893059e-01
    5.53390384e-01 2.73326755e-01 2.98022687e-01 6.40970051e-01
    6.39292896e-01 9.54165280e-01 3.72868985e-01 8.90363336e-01
    5.11150420e-01 6.59753740e-01 2.48686135e-01 4.42244828e-01
    3.44423592e-01 1.27117664e-01 5.40659010e-01 7.51187921e-01
    3.82444292e-01 8.41281652e-01 8.53895783e-01 4.57977593e-01
    4.86793011e-01 5.63223124e-01 5.69114268e-01 5.72286010e-01
    7.75675178e-02 7.68037140e-02 5.12481630e-01 5.43695390e-01
    9.79126155e-01 4.08590347e-01 7.79867887e-01 8.22472155e-01
    4.15641785e-01 4.62896824e-01 6.92363262e-01 6.18588209e-01
    4.55322266e-01 8.26104760e-01 8.67440462e-01 9.93809223e-01
    7.01617002e-01 9.98137593e-01 8.52381110e-01 8.62352729e-01
    1.34949148e-01 9.83210564e-01 1.72811240e-01 2.14878738e-01
    3.12546372e-01 5.00652015e-01 5.95067084e-01 6.65618479e-02
    2.35338539e-01 2.62547016e-01 3.36888194e-01 3.21331561e-01
    2.09784865e-01 7.35138297e-01 4.84371930e-01 4.87001181e-01
    2.28699118e-01 8.58217955e-01 3.84962946e-01 1.33529216e-01
    4.18193936e-02 8.56337965e-01 8.88513207e-01 7.71396041e-01
    9.27048802e-01 9.48810577e-03 9.97496724e-01 8.67375255e-01
    4.88150537e-01 8.92785788e-01 1.13747358e-01 6.78215325e-01
    9.33583617e-01 9.73138213e-01 4.13371861e-01 6.16835415e-01
    7.74023354e-01 8.78353715e-02 4.93028790e-01 4.48142648e-01
    7.54983246e-01 7.80544519e-01 9.40336227e-01 3.33172768e-01
    6.17884934e-01 5.24497151e-01 2.82582521e-01 6.71079874e-01
    7.42349207e-01 4.46370959e-01 9.14194167e-01 3.05060089e-01
    6.65268421e-01 4.67652351e-01 3.20833325e-02 3.20242047e-02
    6.50404811e-01 7.67436624e-01 4.62351441e-01 6.88991070e-01
    5.75071216e-01 9.63083804e-02 4.56257015e-01 7.77531326e-01
    7.17060685e-01 2.73438990e-01 2.41978109e-01 9.58112836e-01
    1.90259665e-01 8.05370748e-01 9.06970739e-01 3.85737956e-01
    9.07308340e-01 7.14833438e-01 2.07752287e-01 5.39772749e-01
    1.26566261e-01 4.63699102e-02 4.01473790e-01 4.06855464e-01
    5.47355354e-01 2.26848722e-02 8.47761631e-01 6.52989447e-02
    4.98902828e-01 7.45625794e-01 8.92820835e-01 2.03860402e-02
    5.54430485e-01 8.47937584e-01 9.05813932e-01 4.48912263e-01
    2.60873973e-01 3.97732228e-01 8.90687346e-01 4.82902706e-01
    2.09045738e-01 4.38154429e-01 8.14020932e-02 8.78766835e-01
    9.47104573e-01 3.29481006e-01 3.79877031e-01 7.15712905e-01
    6.82941854e-01 3.66968513e-02 5.40078461e-01 3.80804211e-01
    6.58779502e-01 5.04975557e-01 1.81704253e-01 2.61331528e-01
    6.97109878e-01 3.23476136e-01 5.46733439e-02 9.78001118e-01
    3.30075324e-01 4.90935087e-01 6.17402792e-03 7.92358398e-01
    1.71798855e-01 7.32000947e-01 9.05545712e-01 6.35624528e-01
    3.66425514e-01 5.56107998e-01 9.62033749e-01 2.98021853e-01
    3.55155528e-01 8.16527605e-01 1.62790745e-01 2.47627497e-04
    4.83105153e-01 2.73269534e-01 3.76348734e-01 5.32481968e-01
    1.07863814e-01 5.48111796e-01 4.81049418e-01 9.11931157e-01
    9.83145833e-02 4.91173774e-01 4.05031383e-01 2.08506584e-01
    6.51251972e-01 9.68265414e-01 8.23943377e-01 3.81792247e-01
    4.16999757e-01 2.22177327e-01 2.92254418e-01 4.96298760e-01
    6.53166175e-01 9.26077724e-01 8.24549317e-01 1.58521682e-01
    9.79231596e-01 6.85540199e-01 7.73467541e-01 5.73264360e-01
    2.78611124e-01 2.59059280e-01 8.67107153e-01 3.78715813e-01
    8.18395197e-01 8.98822546e-02 3.55835378e-01 7.04751074e-01
    1.52454674e-01 5.60588300e-01 6.86342478e-01 4.27831829e-01
    9.27433729e-01 3.79427910e-01 3.16921473e-01 2.36809820e-01
    7.21424043e-01 3.07914376e-01 4.47837889e-01 8.44495595e-01
    4.49316561e-01 7.96746373e-01 4.85099852e-01 2.10413337e-01
    9.14591312e-01 4.72457677e-01 7.31986165e-01 4.29678142e-01
    3.59168053e-01 8.55922639e-01 6.11634433e-01 5.66568136e-01
    9.47765529e-01 1.39494121e-01 5.01817942e-01 9.20850277e-01
    1.11253291e-01 1.69495165e-01 3.54230285e-01 8.15839767e-01
    4.03568536e-01 8.61491084e-01 8.07529569e-01 8.30015302e-01
    7.62698352e-02 8.03999007e-02 5.69817305e-01 8.17975163e-01
    2.19299883e-01 6.70473278e-01 6.57835305e-01 9.90411162e-01
    1.16614819e-01 4.91363108e-01 2.52148509e-03 3.82757157e-01
    7.62135863e-01 2.28240818e-01 4.11567152e-01 1.81871802e-01
    9.67954397e-02 1.36015594e-01 1.47964358e-01 3.56506884e-01
    2.77955294e-01 2.28799671e-01 3.65748316e-01 8.78652215e-01
    7.13093102e-01 1.85534924e-01 4.77878660e-01 9.34935689e-01
    6.02670312e-01 7.43597448e-01 2.37374127e-01 4.56327379e-01
    7.89364338e-01 9.15660024e-01 7.11383045e-01 6.79208636e-01
    1.80989563e-01 3.10294151e-01 1.92656815e-01 9.88301992e-01
    7.39168584e-01 8.80651474e-02 2.48919219e-01 1.14802450e-01
    9.30531621e-02 7.37599134e-01 4.13767338e-01 9.39622223e-02
    3.46372664e-01 6.84422970e-01 6.25657201e-01 8.17606449e-02
    5.88163197e-01 8.01793218e-01 6.83635473e-02 1.86796486e-01
    9.28593159e-01 1.91428781e-01 1.50473058e-01 7.93761611e-01
    9.72263992e-01 6.28133893e-01 9.92517352e-01 3.98335069e-01
    2.09913015e-01 8.59662771e-01 3.08454245e-01 8.69527221e-01
    2.62163341e-01 9.65955079e-01 7.25044668e-01 3.52686107e-01
    8.34403992e-01 4.60423023e-01 4.44034278e-01 9.35398757e-01
    1.85889333e-01 4.27616537e-02 2.92019069e-01 4.72410619e-01
    6.45482063e-01 1.38941437e-01 7.89923668e-02 1.73594952e-02
    9.16568339e-01 8.25166702e-01 4.51202661e-01 8.36134672e-01
    7.41208613e-01 6.80725157e-01 3.59515905e-01 9.99482989e-01
    6.97523594e-01 7.55524993e-01 8.12875330e-02 4.10912752e-01
    4.33031201e-01 3.68684888e-01 3.47377956e-01 8.11919749e-01
    5.87744474e-01 2.03413635e-01 7.04619348e-01 7.97673464e-01
    9.18413877e-01 1.71078801e-01 4.81416434e-01 3.87878001e-01
    8.05506229e-01 6.62430406e-01 4.88081217e-01 3.34459603e-01
    2.97748744e-02 4.66688991e-01 5.62469900e-01 5.07099569e-01
    7.01256514e-01 2.50922620e-01 4.16855574e-01 3.18550944e-01
    3.28619689e-01 9.35823083e-01 1.39120936e-01 4.76470739e-01
    2.72251397e-01 6.02189958e-01 1.94977760e-01 2.44324893e-01
    6.16373837e-01 3.97496492e-01 1.39477253e-01 2.28450060e-01
    5.52808642e-02 4.49391991e-01 5.28265595e-01 4.27702397e-01
    3.73172879e-01 7.92427540e-01 1.77410752e-01 1.44661725e-01
    3.07320178e-01 3.94838363e-01 2.55703121e-01 1.77833319e-01
    4.98812199e-02 6.47097647e-01 6.04796112e-02 9.00612831e-01
    7.67469466e-01 5.90228498e-01 7.97117710e-01 1.36111259e-01
    7.46521473e-01 5.45728505e-02 7.14950740e-01 6.36462808e-01
    2.50909209e-01 6.88692033e-02 4.51587558e-01 9.51243401e-01
    5.30166209e-01 6.22348309e-01 4.51984793e-01 1.59878135e-02
    8.10732841e-01 9.81911480e-01 4.28638935e-01 9.42050576e-01
    5.75312078e-02 4.94491637e-01 1.74125522e-01 8.25475454e-01
    1.43938869e-01 2.88229316e-01 2.33105451e-01 5.93383133e-01
    8.35006833e-01 4.49640900e-01 4.95365351e-01 1.05241537e-02
    2.24451423e-02 2.48701543e-01 3.12640667e-01 3.11917961e-02
    5.41737020e-01 2.34593481e-01 7.23156750e-01 9.72823262e-01
    1.73514545e-01 2.13280588e-01 8.88929963e-01 5.88107169e-01
    2.90760756e-01 5.40255725e-01 3.41461420e-01 7.55226970e-01
    7.37452984e-01 6.82910144e-01 4.49728578e-01 6.05062604e-01
    2.28710771e-02 6.94848597e-01 6.69013679e-01 1.30629539e-01
    4.94424492e-01 1.94881171e-01 1.70523822e-01 4.50417757e-01
    2.82208562e-01 7.33345449e-01 4.47809786e-01 5.40916800e-01
    7.47784078e-02 6.24272585e-01 7.18730032e-01 7.10267305e-01
    8.36846530e-02 5.23517728e-02 1.40366256e-01 4.98536348e-01
    5.38884103e-02 7.72406936e-01 1.08255565e-01 6.19988799e-01
    3.53328109e-01 5.64488947e-01 4.01730537e-01 9.23921525e-01
    3.21666420e-01 9.75155056e-01 3.32323015e-02 1.47510022e-01
    4.01453376e-01 5.50153553e-01 5.66048265e-01 4.28377718e-01
    9.57110345e-01 9.37378407e-01 5.99148750e-01 2.03597248e-01
    7.64268875e-01 5.42329729e-01 5.84164202e-01 7.22709954e-01
    9.91768718e-01 6.59849167e-01 3.94523740e-02 2.06425905e-01
    7.80118108e-01 9.90214050e-02 4.36097473e-01 1.25991642e-01
    5.77047169e-01 1.46857291e-01 4.06815588e-01 1.36583835e-01
    2.63086289e-01 2.65358686e-01 5.95903456e-01 8.67217720e-01
    3.76632959e-01 8.46022367e-02 8.16583157e-01 8.47284436e-01
    3.01824063e-01 5.44052780e-01 2.61475384e-01 3.80832553e-02
    1.50342971e-01 9.13442612e-01 2.62082219e-02 2.33178437e-01
    1.39237136e-01 7.14968681e-01 4.28686947e-01 9.78245616e-01
    8.53526473e-01 2.75670469e-01 7.23842084e-01 7.92860508e-01
    8.77672613e-01 1.48687065e-02 7.55607486e-02 8.70105624e-01
    5.52651823e-01 1.33724540e-01 4.24875349e-01 1.79218471e-01
    2.45173544e-01 7.87284851e-01 6.90796554e-01 5.78055143e-01
    3.01527679e-01 4.30675715e-01 1.94908589e-01 6.11310184e-01
    5.60879171e-01 7.77983785e-01 8.42054605e-01 8.46883416e-01
    2.55943775e-01 8.06432605e-01 4.74425793e-01 9.03807759e-01
    9.00607169e-01 9.44327712e-01 6.51272893e-01 4.60566580e-02
    7.79687166e-02 8.94712806e-01 9.11016822e-01 4.23638254e-01
    3.76424193e-01 3.87110978e-01 7.02682137e-01 1.69787228e-01
    8.88587415e-01 9.83481646e-01 7.08185434e-01 6.30767107e-01
    6.45285368e-01 6.48352563e-01 1.43031478e-02 9.06369925e-01
    9.69875395e-01 8.22241783e-01 3.62435222e-01 7.90327847e-01
    9.66548562e-01 6.06241107e-01 7.42133021e-01 8.04140270e-01
    7.33128548e-01 1.43193901e-02 4.32652682e-01 4.46964860e-01
    7.82045245e-01 9.86890554e-01 2.97655046e-01 2.25957185e-01
    1.99538320e-01 6.40006185e-01 7.36481249e-02 7.19830811e-01
    4.28689241e-01 1.22743249e-01 4.97558504e-01 7.11932182e-01
    1.81769580e-01 6.84314191e-01 7.01645017e-02 7.92041898e-01
    1.45981967e-01 4.12568986e-01 7.27915406e-01 4.52966630e-01
    3.14268470e-03 4.89468813e-01 6.37256980e-01 6.08688533e-01
    3.31664622e-01 5.75119853e-01 9.82831120e-02 4.29807723e-01
    9.97529626e-02 3.16206545e-01 9.27546620e-03 6.18858159e-01
    1.64193600e-01 4.09432828e-01 3.95943224e-01 1.43408686e-01
    9.10722971e-01 1.21062368e-01 4.87037301e-02 2.16504902e-01
    8.68362844e-01 1.46747589e-01 9.28325057e-02 7.11033046e-01
    2.47765243e-01 1.76940769e-01 9.18224394e-01 6.16656423e-01
    6.14357948e-01 5.11659980e-01 5.29687941e-01 5.09351373e-01
    7.89409161e-01 3.77324551e-01 9.20391381e-02 6.42967284e-01
    9.47830081e-01 1.26160085e-01 9.26048636e-01 6.98265493e-01
    4.42299396e-01 9.48595285e-01 3.51681679e-01 4.75531995e-01
    3.40103745e-01 5.03613770e-01 1.12558603e-01 6.73039198e-01
    3.38456959e-01 9.53311801e-01 7.18484581e-01 4.51321572e-01
    7.03922868e-01 2.88184106e-01 2.69257009e-01 9.09539938e-01
    9.62763667e-01 7.75541067e-01 2.81393170e-01 7.52120435e-01
    4.24865037e-01 8.20761621e-01 9.40676928e-01 7.39385009e-01
    4.89190668e-01 9.32911992e-01 9.64786172e-01 7.76854396e-01
    7.83979893e-03 8.86276484e-01 1.42935723e-01 1.55608535e-01
    5.97258627e-01 1.59226984e-01 8.81035924e-01 6.12840593e-01
    2.77098000e-01 2.04757541e-01 9.70187664e-01 1.32982165e-01
    6.98601782e-01 7.21701682e-01 6.17133141e-01 7.99256504e-01
    3.04312706e-01 8.00743401e-02 1.91600323e-01 6.33917928e-01
    9.79630053e-02 4.20858711e-01 8.13625216e-01 3.79229009e-01
    8.59942377e-01 6.86046839e-01 2.67901719e-02 2.93112159e-01
    9.79565859e-01 2.93856800e-01 8.68937612e-01 2.70122051e-01
    4.49440926e-01 7.46397257e-01 7.74959326e-01 7.83730745e-02
    5.03711045e-01 1.02140427e-01 3.27258378e-01 9.25463438e-03
    7.88811684e-01 1.45792782e-01 8.14769804e-01 3.88136894e-01
    9.34046030e-01 6.67491555e-02 2.38699317e-01 9.20316339e-01
    3.26291025e-01 6.93535388e-01 2.14487582e-01 4.23382908e-01
    8.40181530e-01 8.49402070e-01 4.72201079e-01 2.44199216e-01
    6.89667523e-01 9.19482231e-01 5.67058802e-01 1.70317948e-01
    1.90763205e-01 9.29985702e-01 5.97091377e-01 9.90003347e-02
    5.48561037e-01 3.07022989e-01 8.93030941e-01 3.70284796e-01
    9.67977643e-02 4.61176932e-01 6.51695549e-01 5.52992582e-01
    1.16126537e-01 2.04187036e-02 6.41527653e-01 8.70642722e-01
    8.74149978e-01 6.37462974e-01 5.25458097e-01 3.41581821e-01
    4.76946443e-01 2.72708893e-01 7.62794018e-01 8.20418298e-02
    9.19373989e-01 9.90765333e-01 3.05163741e-01 4.17408824e-01
    4.90367115e-01 3.90595108e-01 6.77928030e-01 8.96856844e-01
    8.44776273e-01 3.95560265e-02 1.07184052e-03 5.79520822e-01
    5.73254108e-01 6.84848011e-01 4.25165504e-01 6.60283566e-01
    8.49965036e-01 4.43467259e-01 9.69568074e-01 8.62129033e-02
    2.37530738e-01 4.30513859e-01 7.01666296e-01 7.95912743e-01
    3.88965458e-01 1.14656955e-01 1.27963930e-01 8.13159943e-01
    7.76030540e-01 8.90257657e-01 8.06314111e-01 2.45870113e-01
    9.70929503e-01 6.25335395e-01 3.89632523e-01 3.85621011e-01
    9.97033596e-01 4.64665323e-01 8.19965303e-01 5.81244171e-01
    6.14669502e-01 2.54904211e-01 9.20671344e-01 1.31738812e-01
    3.98343354e-01 9.64551568e-02 4.95967001e-01 6.89734340e-01
    2.00584531e-03 4.53042686e-01 5.13694227e-01 6.37546480e-01
    3.81892323e-02 2.71462917e-01 3.70156765e-01 4.56888467e-01
    3.21512312e-01 7.34637022e-01 3.83693188e-01 7.70288944e-01
    4.26213771e-01 3.72306406e-02 2.08950043e-02 4.78465706e-01
    8.29601765e-01 2.39940286e-02 5.18273234e-01 6.19087517e-01
    9.26212013e-01 4.66465980e-01 8.04464340e-01 4.80027497e-01
    9.14145827e-01 5.01122713e-01 7.26550817e-04 2.27581859e-01
    6.10290527e-01 9.07926559e-01 3.92119467e-01 6.03699386e-02
    3.34766924e-01 8.10643911e-01 4.68747765e-01 5.06378412e-01
    1.43386126e-01 2.61212587e-02 2.61078596e-01 2.59859174e-01
    3.46025795e-01 8.76577020e-01 5.39718211e-01 4.62194622e-01
    8.07523072e-01 3.63436341e-03 8.40793848e-01 8.75142217e-02
    6.85432553e-02 4.18132782e-01 2.14585811e-01 6.33931398e-01
    9.28228617e-01 6.09500051e-01 3.01197290e-01 5.61546206e-01
    5.73848784e-01 9.62935209e-01 8.93944800e-02 3.97287607e-02
    9.82986987e-02 6.59328401e-01 6.66753054e-01 3.05514932e-02
    6.86616778e-01 9.40329731e-01 7.98238397e-01 3.36524904e-01
    1.42773807e-01 1.83975518e-01 7.76870549e-01 2.01541781e-01
    5.21612942e-01 4.63577569e-01 8.73808444e-01 6.77580535e-01
    2.22160697e-01 3.72310102e-01 2.42019027e-01 6.50818944e-02
    4.09433544e-01 8.47133398e-01 8.95304143e-01 3.53730947e-01
    8.75954390e-01 6.10803783e-01 8.10435176e-01 1.43984020e-01
    9.55537558e-01 9.86887932e-01 8.74770761e-01 6.78377450e-01
    7.91672051e-01 5.03050208e-01 9.01074648e-01 3.38423371e-01
    3.15264702e-01 8.00358176e-01 7.06822634e-01 5.19409835e-01
    1.93448693e-01 8.65990758e-01 6.77414954e-01 7.63663590e-01
    5.12134135e-01 4.62826431e-01 4.84931856e-01 9.51442659e-01
    1.55156463e-01 4.83317107e-01 5.44021308e-01 2.78758913e-01
    8.95338058e-01 8.81453156e-02 3.38190585e-01 9.30384755e-01
    4.52631384e-01 4.84782904e-01 9.64098573e-01 7.56087542e-01
    5.04246354e-02 1.08845383e-01 3.96972924e-01 2.00102895e-01
    9.97615814e-01 5.22674263e-01 7.84740329e-01 1.13909543e-02
    4.03108895e-01 1.00333661e-01 7.34448671e-01 1.04919851e-01
    4.36489075e-01 7.75875807e-01 4.69956160e-01 8.97600591e-01
    3.50054204e-01 5.14586210e-01 2.50826836e-01 6.41159117e-02
    2.13746339e-01 2.29595602e-02 8.25057030e-01 4.74078953e-02
    7.53901005e-01 5.32014668e-02 3.72803450e-01 9.56051886e-01
    3.49612832e-02 1.65979981e-01 7.48421967e-01 5.45927584e-01
    4.38531339e-01 1.66365057e-01 2.15613782e-01 4.05341148e-01
    8.05533886e-01 7.79380739e-01 9.25015152e-01 7.45135128e-01
    4.45906967e-01 5.27552843e-01 6.81261718e-01 5.76092482e-01
    6.44395351e-02 6.58063412e-01 8.05906355e-01 6.10711396e-01
    5.32187402e-01 1.53907746e-01 1.14774793e-01 6.88255489e-01
    3.33820999e-01 2.32865870e-01 7.85112500e-01 9.53457355e-01
    1.93278641e-01 3.57121646e-01 2.10366726e-01 4.66900826e-01
    3.00347924e-01 8.42521369e-01 1.35271549e-01 2.60577381e-01
    1.92306757e-01 6.02707088e-01 3.53125632e-02 4.15646434e-01
    3.47208351e-01 1.46113992e-01 6.98751509e-01 5.05463481e-01
    2.93076396e-01 5.49656630e-01 9.67038631e-01 6.95029497e-01
    8.24066937e-01 7.66654670e-01 5.82733154e-02 9.77956653e-01
    7.44064033e-01 8.82585883e-01 6.22955143e-01 5.36758065e-01
    5.62900305e-01 3.45471531e-01 6.60910249e-01 1.24252766e-01
    6.24014556e-01 7.91955769e-01 6.26013398e-01 2.07761228e-01
    2.92227238e-01 9.68130946e-01 1.78476006e-01 8.75060916e-01
    1.74188316e-01 8.33704531e-01 6.10766470e-01 3.75079632e-01
    1.58982575e-01 8.76896739e-01 1.10355288e-01 1.94309235e-01
    4.18104321e-01 1.49913430e-02 6.20881975e-01 6.50249779e-01
    3.48895758e-01 7.97659874e-01 7.81744719e-01 3.91925633e-01
    8.17507744e-01 9.01352346e-01 4.17260170e-01 7.21409082e-01
    6.61832988e-02 9.70796287e-01 2.31680453e-01 5.78985870e-01
    6.04545176e-02 7.87332356e-02 1.77166700e-01 9.98107433e-01
    2.05778062e-01 7.95528769e-01 5.04459202e-01 4.92183745e-01
    5.24926186e-01 4.53520626e-01 8.06597233e-01 9.45948005e-01
    6.96440220e-01 6.92659378e-01 2.84316689e-01 9.28919554e-01
    3.83437872e-01 5.56130707e-01 1.63273484e-01 4.32132304e-01
    6.64271533e-01 8.21108639e-01 6.20572269e-02 2.55643070e-01
    4.83306885e-01 8.13151836e-01 7.19550312e-01 4.59914744e-01
    4.56682742e-01 4.97183532e-01 4.43765283e-01 7.10862696e-01
    5.07782757e-01 8.63662720e-01 9.33942020e-01 4.28929478e-01
    1.20489925e-01 5.52454591e-01 3.58528316e-01 6.75145090e-01
    8.58115911e-01 3.38807166e-01 6.64553046e-01 3.49225998e-01
    8.16255450e-01 4.96784449e-02 3.10439348e-01 5.33847690e-01
    4.45487171e-01 1.07776344e-01 7.40070045e-01 3.75773847e-01
    7.73346603e-01 9.10425782e-02 1.60716474e-02 2.92478949e-01
    6.60280704e-01 7.17130542e-01 4.44943428e-01 6.90233946e-01
    1.64706409e-01 3.83244365e-01 1.46566361e-01 4.18115109e-01
    9.97840524e-01 5.60642183e-02 9.19124007e-01 6.03865981e-01
    1.96022034e-01 4.98940378e-01 8.02285552e-01 8.90692592e-01
    8.97367895e-02 6.00933194e-01 5.70774376e-01 2.96048045e-01
    1.44281596e-01 5.62619805e-01 4.34417278e-01 8.20899606e-02
    8.63740742e-02 1.41683131e-01 4.15807396e-01 7.13224709e-01
    1.16696566e-01 5.11289477e-01 5.11336207e-01 8.95142078e-01
    4.87371743e-01 8.04740071e-01 7.08226323e-01 7.96966314e-01
    9.43306386e-02 5.57271719e-01 5.39854825e-01 8.50967765e-02
    6.56762183e-01 2.74753273e-02 8.17578912e-01 6.44513607e-01
    1.44568801e-01 3.50459307e-01 2.65228152e-02 1.53246790e-01
    6.01178288e-01 2.69174516e-01 5.60736775e-01 4.61031586e-01
    9.82428789e-01 2.03775078e-01 6.23096287e-01 3.28862458e-01
    2.11365700e-01 7.81919360e-01 9.08253670e-01 4.45555776e-01
    2.51512945e-01 1.15372360e-01 9.95079279e-01 3.62901688e-01
    3.49667341e-01 7.56278634e-03 6.06814384e-01 6.75103724e-01
    2.28082538e-01 4.78404343e-01 8.49992871e-01 2.34397143e-01
    1.07155651e-01 9.49643254e-01 2.39512324e-01 3.81425440e-01
    3.94804388e-01 8.89905572e-01 1.40264481e-01 8.28074932e-01
    8.07630181e-01 6.41008854e-01 1.13657147e-01 2.89602488e-01
    5.87516785e-01 6.35298967e-01 3.27106416e-02 4.13884878e-01
    6.86745167e-01 8.63127828e-01 7.69411325e-01 6.70415521e-01
    4.10818279e-01 3.76433432e-02 6.66349471e-01 1.69337392e-02
    4.49521214e-01 9.94482815e-01 7.55292535e-01 9.81095433e-01
    5.70706666e-01 8.10083270e-01 1.84815377e-01 7.27710366e-01
    2.32103229e-01 2.42560625e-01 1.24088794e-01 8.76042843e-01
    6.20570421e-01 5.26613295e-01 5.50058484e-01 4.52665508e-01
    3.82621109e-01 7.99386263e-01 4.79646355e-01 2.05589145e-01
    6.89188957e-01 8.00534666e-01 1.36212081e-01 5.73635161e-01
    7.57205486e-02 6.95775151e-01 7.06507623e-01 4.29400086e-01
    2.57961690e-01 5.84532261e-01 7.71012962e-01 7.61683881e-01
    8.64198923e-01 1.81523681e-01 2.16550827e-01 2.00746179e-01
    4.63316053e-01 6.18492842e-01 1.23827517e-01 4.38926876e-01
    9.84733939e-01 5.77619076e-01 5.35261810e-01 1.62680984e-01
    6.42490804e-01 2.96168357e-01 3.08614016e-01 1.79622799e-01
    6.09974742e-01 4.71596897e-01 8.31172228e-01 1.55911893e-01
    6.31825447e-01 5.18942833e-01 5.29488981e-01 3.73762369e-01
    6.14066601e-01 1.35128617e-01 5.54209292e-01 4.91520137e-01
    5.28832555e-01 5.01956999e-01 2.34665334e-01 5.35093784e-01
    7.11917698e-01 9.92934942e-01 9.59715784e-01 2.45358646e-01
    8.46765876e-01 2.50245869e-01 8.24254751e-03 4.42371458e-01
    9.67650831e-01 9.26636577e-01 9.19274688e-01 5.15228450e-01
    8.66783500e-01 1.66450918e-01 9.12174761e-01 6.32940769e-01
    3.13296199e-01 4.11131233e-01 1.95455343e-01 9.03662801e-01
    9.09048915e-01 4.12566811e-01 5.50756633e-01 8.12922120e-01
    8.82150531e-01 9.12513554e-01 1.05935276e-01 8.68598580e-01
    2.26986945e-01 8.92730713e-01 7.09442437e-01 4.96543169e-01
    8.79363060e-01 6.60965025e-01 9.50013816e-01 7.38942146e-01
    7.96017528e-01 2.95358717e-01 1.16101503e-01 5.96139848e-01
    6.96164787e-01 6.57423973e-01 6.27231717e-01 3.32787871e-01
    1.21846199e-02 1.29130870e-01 8.40629280e-01 2.39455879e-01
    5.52883029e-01 3.47233355e-01 9.98064041e-01 2.01120675e-01
    9.22497392e-01 7.69899964e-01 7.71857381e-01 8.23562860e-01
    2.66577125e-01 6.20227695e-01 4.53985542e-01 7.62839139e-01
    2.92346776e-02 5.96025288e-01 3.20171595e-01 3.98872435e-01
    9.31348622e-01 5.34722567e-01 3.65007639e-01 8.86904120e-01
    5.89887977e-01 1.30445153e-01 4.51732069e-01 9.36186671e-01
    8.54767799e-01 1.31126940e-01 6.65450990e-01 1.64568335e-01
    4.17578608e-01 3.22329044e-01 4.43668664e-01 1.44038171e-01
    7.01071262e-01 4.07193482e-01 2.46569991e-01 7.79711366e-01
    5.56981564e-02 1.91779017e-01 8.99017870e-01 9.63629365e-01
    3.78885150e-01 8.12613070e-01 4.26821023e-01 1.93811476e-01
    9.15348530e-01 5.50666630e-01 9.32454705e-01 7.57150948e-01
    4.52431113e-01 8.47965717e-01 3.98409069e-02 6.42744362e-01
    8.82918417e-01 7.02166080e-01 1.88943267e-01 2.90341973e-01
    2.97654957e-01 7.84750462e-01 9.41920936e-01 3.80203873e-01
    7.16992021e-01 9.82336879e-01 8.62448633e-01 5.03685772e-02
    1.26199722e-01 2.27206945e-01 7.50968754e-01 7.87105620e-01
    6.98382020e-01 3.16710711e-01 7.61781931e-02 5.27278423e-01
    3.22521508e-01 8.52499187e-01 1.67977214e-02 4.13136423e-01
    9.21716571e-01 4.72237527e-01 8.16276908e-01 3.33696365e-01
    8.23666573e-01 3.77508461e-01 1.68944389e-01 5.58167040e-01
    9.19359922e-01 1.50288045e-02 4.84416991e-01 9.00363922e-03
    8.82354498e-01 7.68241405e-01 5.88383973e-02 1.25164092e-01
    4.93477345e-01 4.68255281e-02 8.14364314e-01 6.49878085e-01
    4.93264496e-02 6.75042510e-01 9.41599071e-01 6.02012873e-01
    6.65946603e-01 4.59159493e-01 2.14155644e-01 4.66412604e-01
    7.78735757e-01 2.02258974e-01 8.31512690e-01 7.31775820e-01
    3.99218678e-01 6.98687315e-01 1.45595253e-01 7.36684501e-02
    7.63866007e-01 9.45885420e-01 4.34204489e-01 4.13171679e-01
    6.94640040e-01 5.27639985e-01 1.94135964e-01 6.12492383e-01
    8.59188914e-01 6.08097494e-01 2.48219371e-02 2.61908174e-01
    9.39993620e-01 6.23840332e-01 2.57636696e-01 3.72559905e-01
    1.98809981e-01 6.88092828e-01 4.59096402e-01 2.66237855e-01
    2.33109504e-01 4.71374393e-02 1.87820673e-01 8.99823189e-01
    6.85602963e-01 9.96527195e-01 6.17242336e-01 9.16980743e-01
    4.00608391e-01 3.30035090e-02 6.61781430e-03 2.55131185e-01
    5.12904406e-01 8.26565802e-01 7.25736499e-01 7.75117874e-02
    8.03609490e-02 7.90791273e-01 9.11808729e-01 2.08413273e-01
    4.55874741e-01 8.11893106e-01 4.51542139e-02 3.82918119e-02
    7.65258908e-01 8.00361574e-01 5.30553699e-01 2.79055297e-01
    5.83832920e-01 7.64198780e-01 1.49139762e-03 5.08022547e-01
    3.53121132e-01 2.23709226e-01 6.50996923e-01 4.51742530e-01
    2.87319064e-01 8.99236441e-01 9.61785913e-01 2.37384886e-01
    1.46621853e-01 4.62449759e-01 9.67613339e-01 5.31726778e-02
    8.94661307e-01 4.66413617e-01 4.66221482e-01 5.61887503e-01
    6.96769059e-02 2.61360288e-01 9.95969951e-01 1.39074922e-02
    5.50846696e-01 1.96716994e-01 9.73002791e-01 9.29024816e-01
    5.10972142e-02 6.74275160e-01 1.25567853e-01 7.60661840e-01
    3.75583827e-01 7.31510639e-01 7.25995660e-01 2.06331015e-01
    4.12182242e-01 3.81307244e-01 4.38462824e-01 6.29087090e-01
    5.08614302e-01 8.48033488e-01 6.23172700e-01 3.83845389e-01
    5.27804911e-01 4.69936311e-01 2.05256075e-01 6.32220507e-02
    4.46205169e-01 1.50078833e-01 8.35150480e-01 8.14305604e-01
    9.80351925e-01 5.17724395e-01 1.43710405e-01 2.53741056e-01
    1.22620076e-01 4.41601753e-01 6.62116945e-01 8.95902514e-03
    1.45647258e-01 3.48643780e-01 2.85130680e-01 8.59792471e-01
    2.60648847e-01 2.58434057e-01 9.02227640e-01 1.68027997e-01
    4.45472956e-01 7.58480191e-01 5.13047755e-01 4.40554261e-01
    5.41533232e-01 8.88483286e-01 5.93058348e-01 5.78580022e-01
    7.72170067e-01 3.60373914e-01 6.67145848e-01 1.24266505e-01
    6.41772568e-01 6.21078372e-01 2.99446285e-01 1.97158217e-01
    9.57420349e-01 8.98262739e-01 7.06584573e-01 7.08394051e-01
    5.55677772e-01 2.90309012e-01 3.32366526e-02 7.69877315e-01
    9.71720576e-01 3.44581634e-01 6.48316264e-01 9.91846740e-01
    9.78493333e-01 3.21401298e-01 2.88176268e-01 8.54409337e-01
    3.11618268e-01 7.54736066e-01 6.78278029e-01 6.72042072e-02
    2.66273022e-02 6.87812805e-01 2.53972918e-01 2.27908015e-01
    3.86849225e-01 9.30245042e-01 2.70532429e-01 6.02862418e-01
    6.55475855e-02 5.39212525e-01 2.66401917e-01 3.28661382e-01
    3.27189505e-01 5.45336604e-01 2.38127172e-01 7.99182057e-02
    5.86107969e-01 1.31832659e-01 1.99140221e-01 9.46576953e-01
    5.07213593e-01 4.99101818e-01 4.49320674e-02 6.68333650e-01
    9.99294400e-01 2.15489954e-01 6.93934381e-01 8.88250172e-02
    9.49047744e-01 9.71218109e-01 2.68359303e-01 7.87170768e-01
    7.67092109e-01 4.41610396e-01 2.51693904e-01 3.87317508e-01
    7.74531305e-01 3.78748626e-01 9.16028976e-01 4.48194861e-01
    5.82599521e-01 8.59018862e-02 8.27948809e-01 9.41265345e-01
    7.10239828e-01 2.44439900e-01 9.61330771e-01 6.16347194e-01
    7.16197431e-01 5.42942643e-01 5.68567157e-01 3.33061218e-01
    7.44884431e-01 4.43387896e-01 5.13432205e-01 2.80555308e-01
    7.93140531e-01 6.05092466e-01 2.83504784e-01 2.45707393e-01
    5.62292516e-01 3.57861519e-01 2.40732580e-01 5.98742008e-01
    5.03690362e-01 6.89831316e-01 7.40976274e-01 7.18662441e-02
    6.65944099e-01 2.41494983e-01 3.76678526e-01 9.84472156e-01
    2.73831964e-01 9.29215074e-01 7.30822563e-01 3.67377460e-01
    2.69136786e-01 2.94573247e-01 8.45957518e-01 4.26158130e-01
    2.14969784e-01 5.91774642e-01 1.03690326e-02 6.34497702e-01
    3.43439519e-01 3.83168727e-01 2.28980392e-01 5.98373652e-01
    8.10414135e-01 3.60644609e-01 8.03866088e-02 7.19853520e-01
    1.08497798e-01 2.59568453e-01 1.72400206e-01 2.99717188e-02
    8.43909025e-01 6.97411060e-01 1.30493104e-01 5.74501097e-01
    9.41344619e-01 4.20353532e-01 8.73211622e-01 6.09721541e-02
    2.04852939e-01 8.08757067e-01 8.57798934e-01 8.59248221e-01
    4.51172203e-01 1.00784063e-01 1.41761899e-01 9.10953283e-01
    6.22124493e-01 3.49777043e-02 2.39029795e-01 2.83003509e-01
    5.03349721e-01 2.29756504e-01 1.12290382e-01 7.91451097e-01
    4.13603514e-01 3.02441597e-01 3.14293504e-01 3.50712955e-01
    9.02988434e-01 2.59334445e-01 6.92316830e-01 1.43245310e-01
    6.64323270e-01 1.26966387e-01 6.43450141e-01 1.61973447e-01
    5.80931365e-01 1.79676235e-01 6.18737936e-02 5.36499739e-01
    9.60120082e-01 9.72549915e-02 9.86218929e-01 7.97197580e-01
    4.33231443e-01 2.08094418e-01 2.78277516e-01 2.71931648e-01
    6.19685769e-01 8.37142289e-01 8.84982049e-02 9.54414129e-01
    9.85835254e-01 3.13378990e-01 7.08255589e-01 1.39457107e-01
    8.15822780e-02 5.23554504e-01 8.03807139e-01 5.35214365e-01
    9.86306310e-01 3.62188697e-01 9.44128871e-01 6.68089390e-01
    9.45934951e-02 7.63874590e-01 7.41087496e-01 4.15460795e-01
    1.08205676e-01 5.73585570e-01 1.61025941e-01 2.79808939e-01
    9.40016389e-01 7.55499005e-02 4.60871071e-01 2.25900501e-01
    8.55206132e-01 3.52875948e-01 5.21207571e-01 7.72756517e-01
    1.26607448e-01 1.84297502e-01 5.97769618e-01 4.46173251e-01
    3.16906095e-01 9.96161401e-01 7.38983870e-01 6.17150247e-01
    7.85120964e-01 3.95161301e-01 9.38577771e-01 6.04944229e-01
    7.23838806e-01 1.28492832e-01 2.54684001e-01 7.04288363e-01
    7.15985179e-01 5.13927758e-01 9.82507944e-01 6.25565171e-01
    6.47463262e-01 8.20601225e-01 3.34091485e-01 5.65909863e-01
    6.43520713e-01 2.24460363e-02 3.93571258e-01 2.98897505e-01
    5.82448602e-01 4.60928887e-01 5.62491000e-01 9.11409557e-01
    5.24524450e-02 6.04058623e-01 3.40297699e-01 3.33158374e-02
    3.06640029e-01 6.51276767e-01 1.84885085e-01 2.37233579e-01
    9.16391611e-02 7.11730897e-01 3.24679583e-01 7.29261577e-01
    1.64509535e-01 6.11501873e-01 1.00181341e-01 7.58748651e-01
    9.66353178e-01 1.43193424e-01 1.46340013e-01 8.71713161e-02
    1.59331560e-02 6.45475328e-01 8.04435432e-01 8.20183158e-02
    9.72306728e-02 9.29517746e-01 3.76101673e-01 7.85706758e-01
    2.96587378e-01 3.21716905e-01 3.60769808e-01 8.83084476e-01
    5.60329795e-01 9.27788258e-01 8.39628756e-01 3.24625015e-01
    2.33508915e-01 8.79339993e-01 5.19537389e-01 8.06162059e-02
    7.28912055e-02 2.95489430e-01 8.37191105e-01 5.95540881e-01
    3.61187696e-01 5.90223074e-01 6.90058410e-01 6.82998657e-01
    5.23774445e-01 5.61472237e-01 3.64515662e-01 6.68649018e-01
    7.51137495e-01 6.36409402e-01 4.64236706e-01 7.00019956e-01
    6.70610547e-01 3.56231391e-01 8.11533868e-01 5.72831690e-01
    4.59306240e-02 5.02435386e-01 7.10066915e-01 9.36008692e-02
    4.96973664e-01 5.18190682e-01 1.11243933e-01 5.40988147e-01
    2.20394135e-01 9.95744288e-01 8.82059634e-02 9.48982358e-01
    5.28998852e-01 8.54937792e-01 2.05790043e-01 2.43596107e-01
    6.46797776e-01 9.08302963e-02 4.72227156e-01 6.25127971e-01
    5.41574478e-01 7.09592938e-01 8.40413868e-01 2.01590180e-01
    8.21496964e-01 2.10644454e-01 6.93786800e-01 6.51504338e-01
    9.79305685e-01 9.04948473e-01 7.51880229e-01 2.42757112e-01
    5.25453568e-01 2.92933106e-01 3.24699253e-01 1.23633355e-01
    8.25118721e-01 7.82237828e-01 4.56754744e-01 7.35515952e-01
    9.10986364e-01 8.30633819e-01 2.42220342e-01 2.48873562e-01
    2.05876827e-01 1.68715954e-01 6.87294602e-01 5.06327450e-02
    6.96825683e-02 5.90219617e-01 9.52105284e-01 5.50557375e-01
    8.08038712e-01 3.02248120e-01 7.60420024e-01 9.22049761e-01
    7.09453523e-01 7.93481171e-01 2.01176107e-01 9.06547904e-01
    4.96846974e-01 9.60262537e-01 1.98733479e-01 8.20417643e-01
    9.59614217e-02 7.49727011e-01 2.71284759e-01 7.87874341e-01
    5.35242856e-01 7.19706118e-01 2.81728357e-01 2.24966884e-01
    9.55703855e-01 9.32500958e-02 9.13056850e-01 8.11660886e-02
    8.86190951e-01 9.04254198e-01 6.46448612e-01 9.33154106e-01
    2.78323829e-01 5.48461258e-01 5.38632154e-01 7.12284207e-01
    5.50921559e-01 4.37148571e-01 7.41335392e-01 4.04328406e-02
    5.95778286e-01 4.99648869e-01 4.42062318e-02 3.06639075e-01
    5.18461108e-01 7.37702906e-01 9.05203223e-01 9.58909035e-01
    9.80484068e-01 8.99651110e-01 5.25873125e-01 9.72037435e-01
    1.03421569e-01 7.71594644e-01 5.82494617e-01 6.17439091e-01
    1.04413182e-01 4.36544627e-01 5.42545140e-01 1.99556947e-01
    6.57337487e-01 4.92142439e-02 8.99037838e-01 5.63737273e-01
    5.09824574e-01 2.20468223e-01 7.37829566e-01 8.94579470e-01
    6.85529590e-01 2.80577272e-01 7.47546673e-01 3.04913461e-01
    3.67171407e-01 3.13055605e-01 5.76836586e-01 7.78166354e-01
    3.92671287e-01 9.60491538e-01 2.13627934e-01 5.41068316e-01
    2.56840944e-01 3.39365780e-01 5.10758996e-01 3.12269509e-01
    5.11090338e-01 2.81677842e-02 3.47476155e-01 4.68348563e-02
    1.81367099e-01 1.79675758e-01 1.17528826e-01 5.75253367e-01
    3.14444423e-01 7.65688419e-01 5.48460901e-01 2.53730834e-01
    8.38214517e-01 4.45787638e-01 7.61925101e-01 5.17943382e-01
    1.45347863e-01 5.47096550e-01 8.21082950e-01 8.99582982e-01
    1.15224808e-01 1.62622690e-01 2.57210046e-01 2.96416283e-01
    2.71816492e-01 5.97591341e-01 4.62066919e-01 7.65015602e-01
    3.63361418e-01 4.78379935e-01 3.13060701e-01 5.21791220e-01
    2.21410096e-01 4.05112624e-01 4.14760113e-02 6.06921434e-01
    5.57255328e-01 6.42729282e-01 1.97520822e-01 1.41545385e-01
    9.75400805e-01 4.29677784e-01 1.99762136e-01 4.71070856e-01
    6.20380044e-01 6.77319288e-01 2.42654562e-01 6.28499568e-01
    2.51289397e-01 9.54514086e-01 2.23139673e-01 3.32933664e-03
    2.18261927e-01 5.39854884e-01 3.95810604e-03 7.82719254e-01
    3.57800305e-01 5.89478731e-01 8.99451911e-01 1.05821341e-01
    1.02794319e-01 1.08666748e-01 2.86160350e-01 3.08372319e-01
    8.90853405e-01 7.08877146e-01 9.05727863e-01 4.44723725e-01
    8.67436230e-01 7.16363192e-02 1.09330744e-01 9.07044053e-01
    1.12134725e-01 9.80608940e-01 5.41717589e-01 7.39536464e-01
    8.41674209e-02 6.79624856e-01 3.26369166e-01 7.02432990e-02
    2.31607944e-01 2.52668321e-01 3.91719192e-01 4.53443378e-01
    8.41953516e-01 2.33426183e-01 1.90501839e-01 4.86336380e-01
    4.31148618e-01 6.30327761e-01 4.60793525e-01 2.41613090e-02
    7.91426003e-01 2.99099863e-01 2.55340219e-01 9.38505173e-01
    6.13963425e-01 9.88392472e-01 4.64961737e-01 5.13140440e-01
    4.27248240e-01 4.31641579e-01 6.62446797e-01 6.72481477e-01
    6.03390753e-01 2.26412386e-01 2.91794837e-02 7.34414458e-01
    5.72216511e-01 8.62914264e-01 1.22553110e-03 3.42158198e-01
    6.71337605e-01 9.33193922e-01 8.07574391e-03 5.15918732e-01
    9.19582605e-01 4.25900191e-01 7.15308726e-01 3.53566587e-01
    9.30715561e-01 2.55151838e-01 2.05474317e-01 9.76000786e-01
    2.45317996e-01 3.29081535e-01 7.64331102e-01 7.38971770e-01
    9.62459743e-02 5.85442007e-01 6.26428425e-01 3.21139514e-01
    1.92548543e-01 5.86455822e-01 2.61631250e-01 8.09118867e-01
    7.55206943e-01 6.06678307e-01 5.99822760e-01 1.91541851e-01
    4.47431207e-01 8.67385447e-01 7.50101447e-01 9.94563222e-01
    7.67048776e-01 7.21421361e-01 5.90359986e-01 2.12617397e-01
    1.05184466e-01 1.72039747e-01 7.91390121e-01 2.03281581e-01
    4.83373851e-01 1.28920078e-01 7.32099473e-01 1.53638870e-01
    9.07532871e-02 8.45456064e-01 2.51732588e-01 5.64069331e-01
    2.57101715e-01 2.37049609e-01 1.39584690e-01 1.07600510e-01
    6.13768995e-01 5.85430801e-01 4.91036505e-01 9.80690122e-02
    4.96322453e-01 5.56728065e-01 2.51563847e-01 2.24912882e-01
    9.30132031e-01 6.49809301e-01 2.42425025e-01 5.31343281e-01
    6.12258732e-01 9.11167204e-01 4.29769039e-01 7.69106328e-01
    8.59888315e-01 2.47490078e-01 5.55122137e-01 6.09302342e-01
    2.72994518e-01 3.50902736e-01 3.90569776e-01 8.85949492e-01
    2.45415241e-01 5.11419654e-01 4.93580103e-01 1.71882510e-01
    2.59336293e-01 2.64760673e-01 8.24794173e-03 6.22433782e-01
    1.27288401e-02 1.64029300e-02 7.40052938e-01 7.36010551e-01
    4.45649862e-01 2.31752813e-01 2.39547849e-01 4.70481902e-01
    9.54494715e-01 1.49116307e-01 4.86910909e-01 6.92559540e-01
    1.56442642e-01 6.28942251e-01 3.43754947e-01 9.17245507e-01
    3.29773426e-01 5.84743023e-01 1.28212363e-01 5.30107439e-01
    2.94739336e-01 1.12164676e-01 9.59756017e-01 3.73198748e-01
    2.85735399e-01 5.97062349e-01 5.27247727e-01 3.38017911e-01
    6.50258780e-01 9.45468724e-01 4.04560536e-01 4.82970119e-01
    8.69037509e-01 7.60382712e-02 5.67958832e-01 9.43806887e-01
    1.43742561e-03 9.29468811e-01 4.88063753e-01 5.31016588e-01
    1.52266234e-01 9.82690811e-01 3.73787761e-01 5.00707030e-02
    7.02095985e-01 5.04711211e-01 9.50162411e-02 6.21867478e-01
    5.39516926e-01 7.51735330e-01 5.37427843e-01 5.38925111e-01
    3.46882910e-01 9.17917252e-01 9.92857099e-01 8.88835192e-02
    1.42061383e-01 5.36991537e-01 5.47344983e-02 7.14274108e-01
    5.23551345e-01 4.75972831e-01 9.45848107e-01 2.72780567e-01
    9.31517184e-01 3.43054235e-02 3.78680766e-01 3.88810158e-01
    9.69664693e-01 4.33147371e-01 3.72799814e-01 7.67682791e-01
    1.35441899e-01 2.97240317e-01 2.60774612e-01 4.93174732e-01
    4.82928127e-01 6.30276501e-02 9.41227555e-01 5.92589974e-01
    4.31088507e-01 2.96968311e-01 3.30327809e-01 9.87990499e-01
    3.07065994e-01 3.60480487e-01 2.64913142e-01 7.24098504e-01
    5.21412373e-01 6.89418137e-01 2.97299266e-01 6.20056510e-01
    9.62627769e-01 7.15910077e-01 6.90670371e-01 8.35269690e-02
    2.60287225e-02 2.51231909e-01 4.94064450e-01 2.31409818e-01
    1.40890598e-01 9.73522723e-01 7.95577884e-01 2.78785646e-01
    6.83051944e-02 9.72205043e-01 6.79941297e-01 1.76521778e-01
    4.34809744e-01 4.27312970e-01 7.66812384e-01 4.89220023e-02
    3.60774159e-01 6.33815348e-01 5.55822670e-01 7.80932367e-01
    2.12210387e-01 9.13150609e-01 5.25718272e-01 4.96114343e-01
    6.38380766e-01 8.22995007e-02 2.23944217e-01 3.30696791e-01
    8.36184144e-01 6.77557230e-01 5.84781349e-01 2.85120368e-01
    6.49467587e-01 4.63072151e-01 2.18833357e-01 1.39882982e-01
    6.85234427e-01 8.65855873e-01 1.24426275e-01 1.77519083e-01
    9.41538811e-01 3.68311644e-01 2.46672243e-01 8.72387767e-01
    5.27658701e-01 5.42426407e-01 9.38355923e-01 4.64225799e-01
    8.31860065e-01 8.12233686e-01 9.87243056e-02 2.19721049e-01
    1.54014498e-01 9.99720037e-01 6.80108964e-01 2.63067126e-01
    7.34521508e-01 7.08852351e-01 4.77919072e-01 3.48187596e-01
    9.57075953e-01 7.19006062e-01 2.35345393e-01 8.84611964e-01
    6.61093116e-01 8.46196473e-01 4.64845717e-01 9.59277630e-01
    1.07969612e-01 2.18535483e-01 2.07350969e-01 3.27943206e-01
    5.73525846e-01 6.99895680e-01 5.21571338e-01 8.74307752e-01
    3.90794575e-02 7.06285238e-04 5.01658022e-01 1.60648853e-01
    7.97806740e-01 8.80199671e-01 3.35074902e-01 1.30585372e-01
    3.64211142e-01 8.70973647e-01 8.51090312e-01 3.62294376e-01
    4.24939781e-01 5.16076922e-01 9.84214067e-01 7.31743932e-01
    5.62495768e-01 3.45146537e-01 6.23387098e-01 4.72020596e-01
    7.02485859e-01 2.85987407e-01 9.36704576e-02 1.24526918e-02
    8.33700657e-01 4.47115064e-01 8.91865075e-01 4.72791851e-01
    4.52949107e-01 3.82508397e-01 2.74506688e-01 8.11074018e-01
    7.97308803e-01 5.36519647e-01 3.71339321e-01 9.52849269e-01
    8.95644128e-02 4.67182070e-01 5.98752856e-01 5.20183682e-01
    1.03313804e-01 3.62153172e-01 4.23799843e-01 2.22376049e-01
    6.91338897e-01 1.11642957e-01 3.61572385e-01 8.30987692e-01
    5.59767187e-01 9.43301797e-01 8.79191101e-01 5.07597864e-01
    5.30993879e-01 6.78963542e-01 1.01379335e-01 4.96280104e-01
    3.62728864e-01 9.04423237e-01 1.64825737e-01 4.46835786e-01
    8.77529263e-01 3.67522240e-03 1.26408994e-01 3.72217655e-01
    3.54791135e-01 5.18241644e-01 1.89752817e-01 7.17240691e-01
    4.44849849e-01 4.37072098e-01 5.99914253e-01 3.13342243e-01
    9.28489864e-01 7.32882619e-01 9.70387042e-01 4.28148448e-01
    5.10739684e-01 5.41755021e-01 5.98785937e-01 2.23898470e-01
    4.00386930e-01 6.26920283e-01 2.58741528e-01 3.13642323e-01
    5.88142216e-01 3.85847926e-01 3.56211066e-02 9.02178943e-01
    5.10457158e-02 5.06621599e-02 4.95005727e-01 9.70273733e-01
    2.89122701e-01 8.96054864e-01 1.28629029e-01 7.75741339e-01
    5.73947489e-01 9.31922734e-01 7.27714002e-01 3.92931938e-01
    8.07211757e-01 3.92902911e-01 5.26964664e-04 7.44197130e-01
    2.00706244e-01 8.05775642e-01 1.96457088e-01 7.51404107e-01
    4.14705962e-01 5.10819614e-01 8.69139373e-01 6.54943585e-01
    8.97333622e-01 6.29263043e-01 4.59490240e-01 2.89286315e-01
    1.69223338e-01 7.18767881e-01 9.53729272e-01 7.04802334e-01
    9.42387402e-01 1.20375425e-01 4.32842046e-01 6.16081476e-01
    1.41850501e-01 8.30876231e-02 6.39217615e-01 7.19723284e-01
    9.94277000e-01 9.16232824e-01 2.43069082e-01 9.82332706e-01
    7.03129292e-01 4.96094465e-01 8.72105241e-01 5.20339251e-01
    2.55292147e-01 7.30181277e-01 5.79282165e-01 7.80486822e-01
    6.28764093e-01 1.30870402e-01 4.23409671e-01 5.09767234e-01
    2.23526865e-01 1.96275473e-01 8.83866072e-01 2.13787466e-01
    2.72303581e-01 1.86174959e-01 4.37552184e-01 8.93916607e-01
    3.23939204e-01 8.87834549e-01 6.61581516e-01 7.23746359e-01
    2.63134539e-02 1.67515188e-01 4.78839278e-01 3.83001029e-01
    7.24375427e-01 6.76154137e-01 1.87897921e-01 6.79040611e-01
    4.05083597e-01 6.26413226e-01 5.23119628e-01 6.52220666e-01
    7.11319089e-01 2.86705077e-01 6.01143003e-01 3.59538138e-01
    4.31712747e-01 6.00510240e-01 4.75598842e-01 9.37923789e-01
    9.87532973e-01 5.28814793e-01 8.92505765e-01 5.70602775e-01
    8.72168183e-01 3.34644973e-01 2.68639505e-01 7.07914472e-01
    1.74650103e-01 8.69296074e-01 2.83078074e-01 9.55851674e-01
    5.18088162e-01 3.11622709e-01 5.72341681e-01 2.70605177e-01
    3.30315828e-02 8.05986285e-01 2.84461409e-01 1.62438989e-01
    3.09386551e-02 9.09308791e-01 2.79250741e-03 8.27520728e-01
    3.79441142e-01 1.29774451e-01 1.93907619e-01 2.26755172e-01
    4.89129394e-01 7.75434017e-01 4.54022080e-01 5.44443429e-01
    8.51290464e-01 7.48062491e-01 6.33056700e-01 4.77274716e-01
    9.03926253e-01 4.91907001e-02 8.17386627e-01 9.87473726e-01
    1.95732653e-01 7.48820662e-01 6.53651834e-01 2.61204898e-01
    5.61136603e-02 9.55840945e-01 6.01293504e-01 7.88994610e-01
    8.30188096e-01 6.86067641e-01 1.68472141e-01 1.74751520e-01
    1.61514819e-01 6.58804595e-01 1.39005661e-01 3.41172218e-01
    5.90484381e-01 6.84960365e-01 9.34305072e-01 1.44942492e-01
    4.74667311e-01 3.45692813e-01 5.34905314e-01 1.32938802e-01
    5.98129988e-01 4.79232162e-01 5.23313105e-01 3.55012327e-01
    1.94348007e-01 1.16059273e-01 7.65905857e-01 5.01875758e-01
    1.89634442e-01 5.07595241e-02 7.87946224e-01 2.65427828e-01
    1.47604465e-01 7.44706750e-01 1.22192502e-01 2.98847914e-01
    3.41571093e-01 5.96788526e-01 9.04484689e-01 2.80176878e-01
    9.78342414e-01 6.07331395e-01 4.32142466e-01 7.36155868e-01
    7.16455102e-01 3.87834787e-01 9.15506601e-01 5.95825076e-01
    9.28765297e-01 5.21802604e-01 1.41300768e-01 3.91626447e-01
    2.83432722e-01 4.42039281e-01 2.40514845e-01 1.18195802e-01
    7.86727726e-01 2.97565043e-01 9.94939446e-01 8.44697952e-01
    3.90737891e-01 7.95831680e-01 5.89632511e-01 2.95109510e-01
    9.19861674e-01 7.36023486e-02 9.52396512e-01 7.81541228e-01
    5.20114183e-01 1.21605694e-01 5.30628145e-01 7.87940621e-01
    5.11120856e-01 3.21071148e-01 7.91722536e-02 4.06531781e-01
    8.27356994e-01 5.11934936e-01 3.02674890e-01 8.08029890e-01
    4.44616526e-01 8.49509299e-01 5.91850281e-01 3.50534648e-01
    1.28772974e-01 2.71296322e-01 1.01960331e-01 2.66304493e-01
    6.19627953e-01 3.84326726e-01 7.23825395e-01 9.59840834e-01
    6.43317699e-01 2.70301104e-03 1.56124860e-01 9.75230575e-01
    3.18989933e-01 9.67189550e-01 6.53391659e-01 8.03089619e-01
    9.31303620e-01 8.92765462e-01 7.48129189e-01 1.67191952e-01
    8.73310328e-01 1.51461095e-01 9.09666061e-01 8.14677775e-02
    3.17135811e-01 2.16871232e-01 3.32747221e-01 2.01238155e-01
    3.07384402e-01 3.33565265e-01 5.12417793e-01 6.42052472e-01
    9.01810467e-01 8.84646237e-01 5.88715136e-01 9.81883109e-02
    5.05493641e-01 4.23439771e-01 5.48824549e-01 3.44426304e-01
    3.12795579e-01 9.21869993e-01 3.10431421e-01 9.03076053e-01
    5.32015920e-01 5.01222372e-01 7.15852559e-01 6.66503072e-01
    6.33475006e-01 9.35752392e-01 5.92222095e-01 8.43866706e-01
    9.57916439e-01 7.66147375e-01 9.44001436e-01 9.84560966e-01
    7.88996279e-01 9.83374238e-01 2.49103546e-01 9.73902106e-01
    3.01803291e-01 1.31118596e-02 4.81216013e-01 3.89783025e-01
    9.63880837e-01 8.60862970e-01 3.05106342e-02 5.03702104e-01
    2.81047285e-01 8.18591595e-01 7.32403755e-01 6.64080739e-01
    9.50745940e-01 3.79929960e-01 7.36464441e-01 4.29892182e-01
    8.76337707e-01 1.19037420e-01 7.68450737e-01 1.50875896e-01
    5.18260539e-01 4.25560504e-01 9.22609687e-01 3.52164716e-01
    3.44474852e-01 3.99340987e-02 9.21471715e-01 6.73251510e-01
    6.66468620e-01 8.08936477e-01 2.65276551e-01 9.56531048e-01
    3.93391669e-01 2.92063892e-01 5.58450878e-01 8.30771923e-01
    5.79804480e-02 3.40947032e-01 8.20091784e-01 9.11296904e-01
    5.70460856e-01 7.07695067e-01 3.34943295e-01 8.86810184e-01
    9.43634510e-01 1.78508818e-01 2.78971374e-01 8.26636136e-01
    3.40304852e-01 6.25967026e-01 6.46595716e-01 3.53331804e-01
    7.89716184e-01 2.15919107e-01 2.19327211e-03 3.43793958e-01
    9.41631794e-01 4.26565796e-01 1.96257025e-01 5.08252800e-01
    5.23829818e-01 2.60267556e-02 8.41683626e-01 9.06596303e-01
    2.97661006e-01 1.81804031e-01 1.56664252e-01 5.78171968e-01
    7.55525470e-01 9.18778419e-01 1.54412150e-01 2.41029084e-01
    2.63771772e-01 6.75009251e-01 6.55539870e-01 7.81450093e-01
    5.52069902e-01 7.44373798e-01 9.39494610e-01 2.64049947e-01
    4.70458448e-01 8.46525133e-01 2.99218774e-01 5.82838416e-01
    5.25174022e-01 5.67404032e-01 6.99927926e-01 1.09867156e-01
    8.07587266e-01 7.28872538e-01 2.99867690e-02 5.41058064e-01
    3.11013490e-01 6.72842860e-01 4.06068861e-02 5.97094536e-01
    2.58390903e-02 9.63096738e-01 2.04712659e-01 1.88205093e-01
    9.79520202e-01 5.27390361e-01 5.92307091e-01 7.75482893e-01
    4.40069228e-01 8.78322721e-01 5.71966767e-02 5.67456484e-01
    7.17872560e-01 6.98305607e-01 6.06692374e-01 5.24506807e-01
    5.98384261e-01 4.12937522e-01 9.54706013e-01 2.43924558e-01
    4.67089772e-01 6.34976387e-01 6.37594759e-01 8.34948957e-01
    5.55287540e-01 9.81260180e-01 3.89484406e-01 9.46566105e-01
    3.82756114e-01 4.95251387e-01 7.67899632e-01 5.57863176e-01
    3.60805750e-01 8.42501163e-01 1.31344736e-01 8.26061249e-01
    1.03808701e-01 3.69415879e-02 8.88739944e-01 4.13198292e-01
    5.69897115e-01 8.02205086e-01 8.14595222e-01 9.41139221e-01
    8.58701944e-01 9.60596561e-01 5.77427983e-01 1.12289399e-01
    5.88870227e-01 4.67932045e-01 6.34326339e-01 8.92585754e-01
    1.10197693e-01 7.23689377e-01 2.05238521e-01 9.67004776e-01
    5.41727304e-01 1.12897336e-01 9.41205323e-01 3.76481116e-01
    1.10152811e-01 9.59706724e-01 7.85641074e-01 5.50660193e-02
    9.50515389e-01 2.30370760e-01 1.48712844e-01 7.46031642e-01
    9.78639245e-01 5.26154399e-01 1.33075416e-01 8.87579143e-01
    4.31323349e-01 5.38263917e-01 3.20507348e-01 3.43896985e-01
    6.58781767e-01 2.98126817e-01 9.14406776e-01 6.11817479e-01
    1.72217578e-01 8.29732895e-01 6.70592904e-01 6.76138818e-01
    4.09751594e-01 5.09039044e-01 9.80819702e-01 6.20831251e-02
    7.51945257e-01 7.75081515e-01 6.18042946e-01 2.30654299e-01
    4.71939743e-02 6.75356746e-01 4.03676629e-02 7.85950720e-02
    7.22848415e-01 6.25276923e-01 3.39440554e-01 4.59520608e-01
    2.23536313e-01 5.13400912e-01 1.96553200e-01 2.75981545e-01
    5.49729586e-01 9.28759456e-01 8.47755075e-01 1.30012244e-01
    1.38102472e-02 4.84417379e-02 7.66875386e-01 3.40075552e-01
    6.19939566e-02 8.94604146e-01 8.11829150e-01 5.47538817e-01
    6.65947497e-01 9.06426549e-01 6.11185312e-01 2.45233268e-01
    6.60877228e-02 9.87948954e-01 9.88980889e-01 3.61537695e-01
    1.20757341e-01 6.38661623e-01 5.23090482e-01 9.77610350e-01
    3.05788219e-01 7.41576016e-01 9.18925762e-01 4.60620314e-01
    3.70311797e-01 3.87621701e-01 2.98571736e-01 8.37494731e-01
    4.70261365e-01 3.18979621e-02 5.59150338e-01 5.86156011e-01
    7.66423047e-02 7.94916034e-01 4.24808800e-01 4.89238024e-01
    2.29544312e-01 1.41737461e-01 6.38909340e-01 8.63555431e-01
    7.03265905e-01 1.90985322e-01 8.61352980e-02 7.98031807e-01
    4.91749734e-01 2.36105323e-01 2.62159199e-01 1.43837601e-01
    3.04064482e-01 1.97409987e-02 3.12378883e-01 2.09693581e-01
    6.72200739e-01 7.63928592e-01 1.46109998e-01 6.34450674e-01
    7.53361464e-01 4.57066387e-01 9.44682717e-01 6.83797121e-01
    3.21417689e-01 2.46519625e-01 9.24578547e-01 4.63471264e-01
    9.63941932e-01 7.60364175e-01 2.55024433e-01 7.55051494e-01
    7.68517852e-01 6.34058475e-01 2.34703630e-01 8.10618997e-01
    3.62038285e-01 6.70752525e-01 6.40481770e-01 6.83421612e-01
    4.21309084e-01 4.35892820e-01 2.86200404e-01 6.50829315e-01
    1.84607387e-01 1.90352619e-01 6.19860888e-01 5.86821318e-01
    2.62868881e-01 8.67011189e-01 7.08574355e-02 5.59302509e-01
    9.25250053e-02 5.66328108e-01 6.79679811e-02 6.06304944e-01
    6.04112148e-01 2.60259569e-01 1.45392656e-01 6.13942742e-01
    2.37137437e-01 6.03277385e-02 8.17593098e-01 9.11184490e-01
    4.34325486e-01 1.99299634e-01 3.07309687e-01 9.29913223e-01
    4.11157936e-01 8.10604930e-01 6.98022485e-01 3.29429209e-01
    9.40007210e-01 6.34451866e-01 9.88788486e-01 7.82200992e-01
    7.47680843e-01 5.14854610e-01 6.64143920e-01 5.37498832e-01
    1.69804156e-01 2.91146934e-01 2.44061202e-01 4.88292813e-01
    9.28393185e-01 2.85276622e-01 6.84080720e-01 9.09543991e-01
    7.43246317e-01 2.91782379e-01 9.72927630e-01 7.94688165e-01
    3.06490123e-01 6.96724653e-01 2.78067678e-01 2.35513806e-01
    7.94316649e-01 7.27902055e-01 5.42006135e-01 6.01026118e-01
    1.19009674e-01 5.74475348e-01 4.48052615e-01 1.61108345e-01
    4.42996025e-01 7.97275007e-01 6.65105462e-01 3.52370679e-01
    6.93729162e-01 8.09178293e-01 1.58169985e-01 5.16313493e-01
    1.08911246e-01 5.14142215e-01 7.91293681e-01 2.13016927e-01
    2.97613770e-01 4.02755827e-01 9.61749077e-01 7.67688453e-01
    2.57975042e-01 8.60613406e-01 7.48910904e-02 6.06181622e-01
    3.78719687e-01 3.59537423e-01 6.10162497e-01 8.13018322e-01
    8.76446366e-02 6.49193048e-01 2.86291420e-01 4.04027641e-01
    2.22402930e-01 7.96914935e-01 4.89898622e-01 5.53959727e-01
    8.39672565e-01 4.38963175e-01 4.70993519e-01 4.63762611e-01
    6.05187774e-01 4.90098089e-01 6.44279242e-01 2.76564360e-01
    3.38469386e-01 1.02962583e-01 8.08281541e-01 6.43126130e-01
    4.80002552e-01 3.16711843e-01 8.44122648e-01 5.76034725e-01
    5.07807255e-01 4.68276024e-01 8.15752983e-01 8.20300996e-01
    3.72303754e-01 9.34638262e-01 7.73153782e-01 6.89479589e-01
    9.47275460e-01 5.11217296e-01 3.46017659e-01 8.37720811e-01
    8.93218875e-01 7.34783888e-01 7.93793321e-01 7.53921747e-01
    3.16895843e-02 8.72144759e-01 3.49882424e-01 2.26835102e-01
    1.03267401e-01 6.49664760e-01 8.16860497e-01 1.10137880e-01
    4.82837349e-01 6.49792373e-01 4.26964104e-01 3.49741459e-01
    3.29854131e-01 1.11187667e-01 7.39730239e-01 3.29595685e-01
    4.48938459e-01 9.80733275e-01 5.18352747e-01 7.28076339e-01
    6.69671297e-01 2.91270673e-01 7.59372056e-01 8.52664709e-01
    9.20950413e-01 8.46435130e-01 4.58225548e-01 1.50820464e-01
    4.91905093e-01 3.54231179e-01 2.99473882e-01 6.60194159e-02
    3.17542076e-01 7.53537595e-01 1.83151841e-01 4.73848969e-01
    6.48099780e-01 7.54728973e-01 5.41582465e-01 1.50025487e-02
    5.63567400e-01 1.60771310e-01 4.10162508e-01 2.75300443e-02
    6.01669550e-02 3.07596326e-01 5.85170448e-01 1.36828929e-01
    8.29255462e-01 9.27488446e-01 9.19975936e-01 7.96454012e-01
    1.03365272e-01 7.09490716e-01 1.38354927e-01 9.20842946e-01
    9.36653495e-01 1.58759236e-01 6.43652797e-01 8.37041020e-01
    9.78663564e-01 5.43046474e-01 4.82711196e-01 9.21496332e-01
    9.71798301e-01 1.23551458e-01 3.63193810e-01 2.87680507e-01
    5.01195729e-01 4.69057024e-01 6.32790864e-01 9.48467016e-01
    8.38592172e-01 9.12932396e-01 1.37878507e-01 4.35588419e-01
    7.68007159e-01 8.45105946e-02 9.88662481e-01 9.31810498e-01
    5.86223185e-01 5.20432591e-01 3.64050865e-01 4.72215265e-01
    6.82569742e-02 6.64994836e-01 6.36684895e-02 7.58049786e-01
    8.85184646e-01 3.34173262e-01 4.17266190e-02 5.01026511e-01
    7.63909221e-01 8.73902440e-01 2.27198064e-01 6.13171756e-01
    6.50427043e-02 7.25483477e-01 1.01883084e-01 5.99389732e-01
    2.03236938e-03 2.16533124e-01 9.42257285e-01 7.64529049e-01
    7.82421112e-01 4.83114243e-01 3.57798338e-02 5.19938648e-01
    1.07615143e-01 9.82939124e-01 4.65112001e-01 5.09328067e-01
    7.88776636e-01 9.77769077e-01 5.99671543e-01 2.55128980e-01
    9.87180591e-01 8.43104482e-01 3.36675525e-01 6.42436266e-01
    6.03521883e-01 9.89436030e-01 3.76951694e-03 5.83925545e-01
    6.68375313e-01 5.99840522e-01 6.59297407e-02 7.22411990e-01
    1.33289754e-01 6.17433608e-01 6.77175045e-01 1.55574769e-01
    8.77389193e-01 9.72698569e-01 1.18168473e-01 7.87497282e-01
    3.99137437e-01 1.46689206e-01 1.10087842e-01 5.94400167e-02
    9.29261804e-01 9.41157341e-02 4.91613477e-01 9.82795060e-01
    4.34840679e-01 2.60569930e-01 1.99072570e-01 4.64406073e-01
    6.01172447e-01 3.95137072e-01 1.08113199e-01 9.09579754e-01
    2.36899912e-01 5.49705684e-01 8.13249469e-01 6.30078912e-01
    3.54470313e-01 1.85309917e-01 2.08721310e-01 7.68853426e-01
    6.98276579e-01 7.70350814e-01 9.85484421e-01 5.50361991e-01
    9.47062135e-01 7.41225481e-01 2.81786591e-01 4.58714396e-01
    5.48716307e-01 8.48477483e-01 4.96748000e-01 1.81199163e-01
    3.20747167e-01 9.01112318e-01 7.98725724e-01 5.37005126e-01
    3.89711320e-01 3.91468555e-01 5.58867574e-01 4.20012981e-01
    1.13502949e-01 3.39554757e-01 5.87007105e-01 4.14340705e-01
    6.94389820e-01 2.02921152e-01 5.47375381e-01 2.61789411e-01
    3.04471433e-01 6.58362985e-01 6.53979003e-01 9.76321340e-01
    1.53677404e-01 2.21825510e-01 9.36836898e-02 1.60798639e-01
    1.17323786e-01 3.39618921e-01 4.40954059e-01 8.80171180e-01
    2.21886039e-02 9.45329070e-01 6.59077883e-01 6.81325555e-01
    6.74570262e-01 5.68646491e-02 9.65279102e-01 8.88944507e-01
    5.20965219e-01 5.30131221e-01 4.46852744e-02 9.14687872e-01
    4.37136143e-01 1.35339737e-01 4.30377543e-01 8.14536989e-01
    9.41729248e-01 2.01697797e-01 8.78994346e-01 5.68928719e-01
    8.69584322e-01 9.30283546e-01 5.38707495e-01 5.40413618e-01
    7.58664489e-01 6.53910637e-01 4.01796460e-01 2.85686970e-01
    7.47251332e-01 5.49060047e-01 3.42668712e-01 1.21481985e-01
    4.23498273e-01 7.78092682e-01 5.67631841e-01 8.41133296e-01
    6.84816837e-01 6.74063444e-01 9.77383077e-01 5.92368841e-02
    4.78326291e-01 4.15938705e-01 5.75315058e-01 8.75625432e-01
    7.15157270e-01 4.73372072e-01 8.35065782e-01 5.19407094e-01
    5.31632185e-01 8.66703093e-01 7.34624624e-01 7.77941585e-01
    7.06222534e-01 9.47296321e-02 9.37587202e-01 9.71665859e-01
    6.89042926e-01 8.79626870e-01 1.77572370e-02 2.03826815e-01
    8.21395755e-01 5.07035673e-01 4.91538256e-01 5.73968291e-01
    3.11386019e-01 5.37955105e-01 7.86831498e-01 8.45424533e-01
    8.51520419e-01 3.62457514e-01 6.95522368e-01 1.63702071e-02
    3.76194745e-01 1.10071868e-01 3.47155809e-01 9.79691744e-01
    9.50834692e-01 4.88905668e-01 9.36815441e-02 7.49610066e-01
    2.29207098e-01 6.57973528e-01 1.80379868e-01 7.50482798e-01
    4.99593019e-01 5.81381023e-01 2.55904078e-01 1.89153135e-01
    4.31749731e-01 9.22752500e-01 3.20176661e-01 8.80587459e-01
    2.94096768e-02 6.19158566e-01 4.78144586e-01 5.59124172e-01
    6.23804629e-01 6.96728826e-01 4.67217892e-01 9.67164755e-01
    8.21744263e-01 1.46912217e-01 5.38865864e-01 6.09933615e-01
    3.17643583e-02 7.16340542e-01 2.13444829e-02 5.09092510e-01
    5.23464739e-01 6.87350035e-01 2.68906206e-01 7.75995135e-01
    8.60508621e-01 8.32783818e-01 2.80128390e-01 2.37239212e-01
    8.86163294e-01 4.69056785e-01 1.36811823e-01 4.72335994e-01
    3.42143357e-01 8.99171948e-01 4.98049378e-01 9.78272915e-01
    7.18207061e-01 2.02177376e-01 8.02286088e-01 5.63490748e-01
    3.81760418e-01 1.85644805e-01 6.47285402e-01 2.37288058e-01
    3.13368738e-02 7.14527011e-01 6.33823991e-01 5.28369963e-01
    2.23410606e-01 8.96767020e-01 2.34391779e-01 5.94853401e-01
    1.47232324e-01 4.76996511e-01 7.37302244e-01 9.79219198e-01
    4.38793659e-01 6.31773472e-01 9.74579573e-01 9.18644071e-01
    6.54908240e-01 1.78163320e-01 2.40659028e-01 6.97592735e-01
    9.99846578e-01 8.43622148e-01 7.64467120e-01 7.91277885e-01
    3.56588423e-01 5.00081480e-02 3.68427932e-01 4.92382675e-01
    5.91556489e-01 5.02785981e-01 1.03819102e-01 5.96744061e-01
    6.56464159e-01 7.71342874e-01 3.23589563e-01 3.16905499e-01
    6.22826815e-03 7.92036295e-01 9.33585405e-01 9.65903163e-01
    9.87425089e-01 8.14249396e-01 5.78637838e-01 4.96590734e-01
    2.19483644e-01 6.64366364e-01 2.81855643e-01 7.18392968e-01
    3.85451227e-01 8.02448273e-01 5.63840210e-01 9.98318076e-01
    6.14021122e-01 6.06870115e-01 1.97799265e-01 5.80056369e-01
    6.15776181e-01 9.00556087e-01 5.90029359e-01 1.28884912e-01
    9.59906816e-01 4.36300695e-01 4.74770576e-01 7.55913556e-01
    9.08994377e-02 1.93475693e-01 2.82395840e-01 6.98579013e-01
    9.97968316e-02 3.00621927e-01 4.25071508e-01 3.28800917e-01
    5.79857469e-01 1.51927948e-01 2.03644663e-01 2.10161179e-01
    5.86694479e-02 1.10433221e-01 5.68980336e-01 2.50041425e-01
    3.64990294e-01 4.98568803e-01 6.69323027e-01 2.51662552e-01
    2.75070250e-01 4.55367088e-01 6.60305560e-01 6.11549377e-01
    4.67879415e-01 6.88022852e-01 8.17136526e-01 6.23568058e-01
    9.91505384e-01 8.62959087e-01 4.28080559e-04 8.89334083e-02
    6.37022078e-01 6.52708769e-01 4.90458608e-01 6.62777603e-01
    1.18776321e-01 5.32791615e-01 1.92834288e-01 5.21686077e-02
    7.80108631e-01 3.08368504e-01 3.42096746e-01 8.43212485e-01
    5.16728818e-01 9.91761088e-01 6.18595243e-01 6.87155247e-01
    7.07608700e-01 2.16269463e-01 2.86001265e-01 9.81486440e-02
    6.61126077e-02 1.90776855e-01 3.48108649e-01 6.03384733e-01
    9.03093100e-01 8.73380423e-01 7.79311299e-01 8.60125303e-01
    7.30056643e-01 3.28100324e-02 4.79238123e-01 6.46096468e-01
    4.87836182e-01 5.32144010e-02 7.83840060e-01 8.50534260e-01
    1.30811274e-01 2.84879237e-01 6.73432708e-01 6.13497972e-01
    7.61542916e-01 1.23705506e-01 7.32282698e-01 6.81260169e-01
    9.43884969e-01 4.78507876e-02 8.47909927e-01 9.17543352e-01
    1.04016185e-01 9.79310691e-01 2.04475433e-01 3.42486411e-01
    9.43120837e-01 3.46682668e-02 2.01307684e-01 5.76979995e-01
    9.56448317e-01 8.69884551e-01 9.14906025e-01 4.95126724e-01
    9.62570310e-01 1.74117833e-01 6.70781612e-01 4.76514935e-01
    8.12856913e-01 1.41635835e-01 3.72536719e-01 3.74313802e-01
    3.62244129e-01 8.98504257e-01 5.43882549e-01 9.56187367e-01
    8.81809592e-01 6.93139493e-01 2.84800708e-01 2.73737788e-01
    9.41150784e-02 8.60408604e-01 1.15714550e-01 6.32740378e-01
    5.48636317e-01 6.12909019e-01 2.35548317e-01 2.73837745e-02
    3.60437661e-01 7.27474451e-01 2.89099216e-01 6.22398198e-01
    8.88201654e-01 1.64639831e-01 6.36408508e-01 4.84253287e-01
    2.30748117e-01 1.30861640e-01 2.44504720e-01 2.14320898e-01
    4.40198928e-01 8.20400536e-01 5.09083867e-01 6.96427464e-01
    5.26495636e-01 6.80695176e-02 5.76721609e-01 9.14626360e-01
    5.86710274e-02 1.43785119e-01 2.39976287e-01 1.38724267e-01
    5.68022788e-01 7.15673864e-01 5.34726739e-01 6.36954427e-01
    5.05604088e-01 6.07207716e-02 7.85076678e-01 9.18714166e-01
    4.70883995e-01 6.52699947e-01 8.35230589e-01 5.24977148e-02
    5.84154904e-01 1.43451691e-02 2.54203528e-01 5.28166175e-01
    3.22186112e-01 3.68903726e-01 1.70108885e-01 2.49641359e-01
    1.43845409e-01 2.42983758e-01 6.95977926e-01 2.53754646e-01
    2.63509631e-01 5.69962084e-01 9.42810118e-01 1.25169784e-01
    9.35720801e-01 9.86469746e-01 8.05850685e-01 2.11892337e-01
    4.74284708e-01 9.45492506e-01 9.68399227e-01 7.07206070e-01
    4.60536957e-01 3.13417435e-01 8.75120819e-01 7.21403956e-01
    2.41091758e-01 3.50576490e-01 6.68556094e-01 5.99011302e-01
    1.77843153e-01 6.92522228e-01 7.36230016e-01 7.77548194e-01
    8.17830503e-01 6.06621861e-01 2.10265368e-01 8.38965118e-01
    9.14265156e-01 3.81897986e-02 1.51835978e-02 3.26249778e-01
    6.84487700e-01 5.92646182e-01 5.22192597e-01 5.88486791e-01
    9.01543736e-01 7.70196319e-01 6.03171170e-01 9.63443875e-01
    7.86269486e-01 6.52035773e-01 4.66411114e-02 2.42417157e-01
    1.96550190e-02 7.49991834e-01 8.25636029e-01 1.44489348e-01
    7.99784184e-01 1.39016628e-01 6.13237202e-01 9.41300690e-01
    1.52081996e-01 2.15296626e-01 7.66337991e-01 1.82344079e-01
    9.71776843e-02 6.03162467e-01 2.54000783e-01 5.05463064e-01
    2.83312321e-01 7.82069802e-01 7.20976591e-01 3.71012747e-01
    8.34907293e-02 2.02514648e-01 8.94094825e-01 2.51835674e-01
    2.99601674e-01 6.81693912e-01 6.44466460e-01 6.50865138e-02
    5.34168839e-01 8.50215793e-01 1.74957633e-01 5.25111020e-01
    1.82216287e-01 9.96872663e-01 2.19204158e-01 7.34800100e-01
    9.73265171e-01 2.27513194e-01 2.81506330e-01 5.51185906e-02
    3.29276621e-02 4.13242042e-01 1.17985070e-01 6.98280334e-01
    8.30489397e-01 3.63003433e-01 5.18628299e-01 2.29435176e-01
    6.52127147e-01 9.06724811e-01 2.82594770e-01 4.70311254e-01
    1.01884305e-01 8.20855141e-01 6.31137192e-01 3.10799956e-01
    3.82292122e-01 3.38649005e-01 2.72205740e-01 1.36916310e-01
    2.12488502e-01 6.72639251e-01 3.64756465e-01 4.62570697e-01
    5.68282962e-01 6.09404087e-01 7.35454440e-01 3.49659055e-01
    1.34107918e-01 8.82402062e-01 5.74511111e-01 9.35675144e-01
    5.77106416e-01 5.34546733e-01 6.43401325e-01 4.33629572e-01
    7.55965948e-01 6.94433928e-01 9.43188667e-02 9.18589115e-01
    6.31992340e-01 7.63073206e-01 4.60379452e-01 6.16560042e-01
    4.27082688e-01 8.38750720e-01 5.54693699e-01 6.13479912e-01
    1.96800172e-01 7.47498453e-01 1.56189412e-01 6.56294823e-02
    6.49068117e-01 5.85090458e-01 5.79778671e-01 7.03965425e-01
    4.42288041e-01 5.73396981e-01 1.24111831e-01 3.19471300e-01
    5.24335325e-01 5.33742964e-01 9.44090962e-01 7.50030637e-01
    2.78975278e-01 5.67357540e-01 7.86892235e-01 1.23499334e-01
    2.91286439e-01 2.65675724e-01 6.95298076e-01 8.17631066e-01
    3.73088598e-01 1.48642182e-01 5.60051918e-01 6.96866632e-01
    6.52758837e-01 9.29003119e-01 9.62003469e-02 2.57064223e-01
    9.79927540e-01 1.47122949e-01 3.43882620e-01 9.39650059e-01
    2.38433540e-01 5.44825315e-01 7.41081655e-01 3.64388674e-01
    5.90980589e-01 2.30796635e-01 9.98114586e-01 2.73207784e-01
    6.61180913e-01 9.13521230e-01 7.51804709e-01 8.40409517e-01
    6.84172153e-01 5.76044083e-01 3.20199847e-01 6.83016896e-01
    7.18920708e-01 3.05754334e-01 7.29300380e-01 8.53801370e-01
    5.90684712e-01 1.67706072e-01 7.99327135e-01 4.07894254e-02
    5.83994806e-01 5.12761056e-01 4.44215178e-01 5.88355303e-01
    5.79089522e-01 9.61081624e-01 9.88397360e-01 1.34790421e-01
    9.47396338e-01 7.21852899e-01 5.17385185e-01 7.73177028e-01
    5.49974501e-01 3.62123370e-01 2.38151550e-01 8.11681449e-02
    3.19185257e-01 7.63811469e-02 6.84485614e-01 8.07305098e-01
    6.65931225e-01 5.33891261e-01 6.38030112e-01 3.35114002e-01
    3.25942814e-01 3.44629288e-01 1.18798614e-02 4.38581795e-01
    4.49910760e-03 9.19574499e-01 6.13075495e-01 6.10165834e-01
    2.87482351e-01 2.74482995e-01 5.36878288e-01 7.32374668e-01
    4.68158782e-01 7.81903982e-01 4.00327206e-01 4.62195903e-01
    5.12670934e-01 9.80349958e-01 9.62076187e-01 4.86005843e-01
    2.98665047e-01 2.54310489e-01 2.51451194e-01 3.20325196e-01
    8.36563706e-01 8.73505235e-01 3.83963853e-01 6.72111750e-01
    7.12281048e-01 7.96218991e-01 8.98406327e-01 1.52427346e-01
    5.85563481e-01 4.20292854e-01 6.16427183e-01 1.77251667e-01
    8.42455626e-01 8.50398898e-01 6.30504370e-01 6.39322281e-01
    2.58198500e-01 2.79029995e-01 8.89504254e-02 4.78609502e-01
    8.48900795e-01 3.73475850e-01 5.96552849e-01 3.56289864e-01
    9.41015124e-01 8.98732305e-01 9.28923249e-01 3.12663913e-02
    5.00828922e-01 4.86389726e-01 5.82120836e-01 6.98973060e-01
    7.30835736e-01 3.50665629e-01 9.50835824e-01 8.23013663e-01
    3.95957828e-02 9.18497622e-01 6.27102315e-01 6.85280561e-02
    9.83143210e-01 1.19618773e-02 3.54061425e-02 1.89579040e-01
    6.60243750e-01 8.90955925e-01 3.58600795e-01 2.77976394e-02
    2.69268751e-01 8.91462445e-01 4.26624686e-01 9.01109040e-01
    6.18238032e-01 2.20164955e-01 7.58350492e-01 6.86517417e-01
    1.62491083e-01 1.01440549e-01 5.27342618e-01 1.67645693e-01
    8.54174793e-01 2.02306569e-01 5.26384294e-01 6.05921984e-01
    6.39644980e-01 8.59163523e-01 7.89983094e-01 6.95454359e-01
    4.29158032e-01 3.91032696e-01 5.91460526e-01 7.91460276e-01
    6.44698679e-01 4.79086995e-01 2.23748535e-01 7.36848354e-01
    4.92364585e-01 1.94389164e-01 7.06341565e-01 2.07945794e-01
    4.12679136e-01 3.59308958e-01 5.70586920e-01 7.35127270e-01
    6.30981505e-01 5.17118514e-01 2.32881755e-01 2.51742780e-01
    9.78051782e-01 4.72594202e-01 9.33367789e-01 5.02328396e-01
    6.65473819e-01 5.70546031e-01 4.80513066e-01 1.34946644e-01
    6.34471774e-02 8.54527235e-01 8.91275287e-01 3.29530299e-01
    3.66254866e-01 1.85903907e-01 3.22707295e-02 6.82395577e-01
    4.07547057e-01 2.11191475e-02 5.61699033e-01 1.00819856e-01
    2.99117327e-01 2.23415405e-01 2.72877991e-01 4.27139282e-01
    6.80983067e-05 4.08200115e-01 8.50257754e-01 5.16778052e-01
    6.41426206e-01 5.03023744e-01 4.86998618e-01 3.25891793e-01
    8.58179927e-02 6.20115280e-01 6.56456351e-01 7.78375745e-01
    7.57696629e-01 8.24991047e-01 1.79344177e-01 6.79964423e-01
    3.30323011e-01 1.54643506e-01 1.72361165e-01 8.67434680e-01
    3.38174105e-01 6.47928834e-01 8.85796070e-01 8.30694079e-01
    6.34590745e-01 4.59547639e-02 2.26966143e-02 5.02104461e-02
    1.44025177e-01 8.26170146e-01 7.85714388e-03 8.04779351e-01
    1.13413155e-01 7.26070583e-01 1.51225150e-01 4.10647094e-01
    1.77007616e-02 5.65967023e-01 7.64265716e-01 9.53027368e-01
    9.83123541e-01 1.63376391e-01 1.84754729e-01 7.68858194e-01
    7.80250549e-01 8.23992133e-01 2.56476402e-01 3.52597177e-01
    1.67398810e-01 6.51377201e-01 3.88030976e-01 5.39314151e-01
    8.98336530e-01 1.40919358e-01 9.98132944e-01 6.92647636e-01
    3.43117476e-01 2.67199844e-01 1.29682422e-01 5.11788070e-01
    6.99101985e-02 4.90029484e-01 3.12256455e-01 7.20410705e-01
    1.56549245e-01 4.07919347e-01 2.94077903e-01 2.30518878e-01
    9.61241186e-01 4.55922693e-01 5.28139055e-01 2.18259275e-01
    6.66957319e-01 2.08295107e-01 1.59895986e-01 7.12172091e-01
    7.38202035e-01 2.01920480e-01 2.49927253e-01 8.12581718e-01
    3.34101290e-01 7.13777065e-01 4.39936578e-01 9.86280680e-01
    7.12151468e-01 8.09681058e-01 7.55542457e-01 4.96041358e-01
    3.41057777e-03 1.80447817e-01 1.72755867e-01 6.85293138e-01
    4.21892285e-01 5.53125978e-01 9.73966718e-01 6.05390429e-01
    3.59215558e-01 6.99247003e-01 8.09933066e-01 2.50760883e-01
    9.79943991e-01 1.18591130e-01 2.59846091e-01 4.34604079e-01
    2.66973734e-01 8.38111043e-01 5.53171396e-01 5.96320033e-01
    3.86213690e-01 4.67991829e-02 6.92245126e-01 4.63383883e-01
    7.49763787e-01 8.27810824e-01 9.58239198e-01 8.94863009e-01
    1.50432795e-01 8.25062931e-01 6.26018286e-01 2.36638129e-01
    1.26830548e-01 3.89904857e-01 1.78352028e-01 3.26298326e-01
    7.28939414e-01 9.21802759e-01 2.25629508e-02 6.86899424e-02
    8.01818490e-01 3.37815315e-01 9.13558483e-01 6.75860047e-01
    6.31890357e-01 5.74105322e-01 9.97472167e-01 9.75017786e-01
    9.10581052e-01 5.60424685e-01 9.60529387e-01 9.06947136e-01
    5.46617806e-02 6.30906343e-01 5.94442964e-01 2.22450048e-01
    8.35088730e-01 9.39109862e-01 9.14554238e-01 2.91265100e-01
    7.84541488e-01 3.82478297e-01 9.49225962e-01 8.00200999e-02
    1.62686020e-01 3.28063369e-02 6.38106763e-01 5.72017729e-01
    4.02640671e-01 7.79834390e-03 4.94502127e-01 3.54799926e-02
    9.84482169e-01 8.71707439e-01 7.46931195e-01 7.74147749e-01
    3.87511432e-01 2.89883763e-01 6.94589615e-01 5.71558475e-01
    8.72460544e-01 4.73201603e-01 9.28918481e-01 2.00561821e-01
    3.13286513e-01 1.20768160e-01 5.93406439e-01 8.41773272e-01
    9.12557483e-01 4.02898192e-01 5.68188131e-01 1.90749705e-01
    7.46754229e-01 1.00472718e-01 9.13105965e-01 9.02682543e-01
    2.22484082e-01 9.24705565e-02 8.39257717e-01 9.27419364e-01
    2.87294567e-01 7.75228500e-01 1.20028436e-01 9.58230138e-01
    3.31632704e-01 1.69535220e-01 3.52149546e-01 6.90257907e-01
    3.45424414e-02 4.42379653e-01 6.45160794e-01 2.16224343e-01
    6.05452657e-01 6.68426871e-01 7.34438896e-01 7.12145269e-01
    1.77274972e-01 1.13546073e-01 6.40036881e-01 5.34429014e-01
    1.70478225e-01 7.26613164e-01 6.08811021e-01 9.46363688e-01
    1.56274050e-01 3.44052672e-01 3.30495834e-02 3.82032037e-01
    5.85809886e-01 8.21254611e-01 2.49402583e-01 3.55638564e-01
    9.03781116e-01 1.63891554e-01 2.18770951e-01 9.39137936e-01
    7.53803372e-01 7.68958926e-01 5.42197287e-01 7.80344903e-02
    4.54491675e-01 5.33040643e-01 2.27918386e-01 4.35580909e-02
    8.89563203e-01 6.75297678e-02 9.83617902e-01 7.53911972e-01
    6.21253252e-02 5.32061338e-01 8.15631986e-01 4.54717278e-01
    9.47238207e-01 9.24136698e-01 5.82783401e-01 8.66332531e-01
    2.71402657e-01 7.84703016e-01 2.19926000e-01 3.91928405e-01
    9.69365716e-01 2.07398593e-01 4.68445063e-01 7.02510595e-01
    6.61925972e-02 9.29844081e-02 2.01267540e-01 4.16675746e-01
    8.22257519e-01 4.49564457e-02 6.74757898e-01 4.45290357e-01
    6.51485443e-01 3.10129195e-01 1.90849215e-01 1.47549689e-01
    7.89644122e-01 6.00063324e-01 5.19577980e-01 8.21119428e-01
    5.82823277e-01 6.88037992e-01 7.03804612e-01 4.50508177e-01
    7.18901753e-01 7.67202139e-01 3.91607255e-01 4.35461760e-01
    3.38023871e-01 4.42880154e-01 5.00976324e-01 6.05382025e-02
    3.85200977e-03 2.77582139e-01 1.18659228e-01 5.87890923e-01
    1.40146852e-01 6.13592386e-01 8.12062860e-01 4.07989979e-01
    2.23165780e-01 7.43301749e-01 5.65697432e-01 4.90065992e-01
    6.02485657e-01 8.94896746e-01 1.34899199e-01 7.65405416e-01
    1.41653270e-01 8.41823161e-01 5.16164601e-02 2.67266184e-01
    9.45475876e-01 9.88024354e-01 3.32562536e-01 9.57030475e-01
    5.98232567e-01 2.24818021e-01 6.59244359e-01 2.40476131e-01
    2.66467601e-01 7.77845263e-01 5.16961396e-01 5.38528919e-01
    1.97337359e-01 2.75808156e-01 6.31036937e-01 4.14994657e-02
    7.44418681e-01 5.57814419e-01 7.06325173e-01 7.07255185e-01
    3.57361615e-01 3.26113552e-01 7.51092076e-01 4.81187820e-01
    9.27032769e-01 1.54618621e-01 8.91402841e-01 1.00817472e-01
    3.20293993e-01 9.79779124e-01 7.94539034e-01 8.06176662e-01
    8.40216100e-01 4.47992682e-02 9.41577077e-01 8.08322906e-01
    3.54089379e-01 3.72842550e-02 2.77945518e-01 3.40308875e-01
    5.05067348e-01 9.50129628e-02 4.89800066e-01 1.84620947e-01
    5.46694160e-01 4.00507033e-01 4.68935698e-01 3.52210224e-01
    4.06508595e-01 6.23716474e-01 5.20789623e-03 6.14021182e-01
    8.93442571e-01 7.77293086e-01 5.82417130e-01 7.02886999e-01
    7.71791816e-01 4.78622198e-01 2.19970971e-01 6.70801163e-01
    8.86154532e-01 1.31504893e-01 6.24734461e-02 6.41348302e-01
    9.23971534e-01 4.76959050e-01 6.28536046e-01 8.61323833e-01
    8.49133849e-01 4.26444143e-01 5.01894116e-01 4.84172165e-01
    1.84320211e-02 4.40026373e-01 3.88771921e-01 9.48304474e-01
    2.35145241e-01 1.05735600e-01 4.61893290e-01 6.50726855e-01
    6.90424502e-01 8.04585338e-01 5.78883290e-01 5.74037075e-01
    1.33552581e-01 6.79990888e-01 8.55790436e-01 4.61713910e-01
    5.76319218e-01 1.70133263e-01 9.04907167e-01 4.95430142e-01
    4.45852280e-01 3.79062623e-01 8.27515423e-01 4.32568192e-02
    2.84811974e-01 8.95115852e-01 8.95559609e-01 3.01366806e-01
    9.06335652e-01 1.48603380e-01 1.58862919e-01 8.62854362e-01
    9.06141102e-01 1.16133779e-01 2.49207020e-02 6.72595143e-01
    3.81824195e-01 5.63873231e-01 3.36952507e-01 3.25717151e-01
    2.78071553e-01 8.17982495e-01 4.83983874e-01 6.54999912e-01
    6.05390072e-01 3.21347982e-01 5.35245657e-01 9.31684554e-01
    7.43260562e-01 9.44917798e-02 4.79923546e-01 8.27239156e-01
    3.13019782e-01 2.11719692e-01 9.89622533e-01 4.99997437e-02
    7.66496062e-01 1.57619089e-01 6.53581142e-01 2.43067533e-01
    6.53299272e-01 8.56285274e-01 6.28968418e-01 8.72398496e-01
    4.71278787e-01 1.95321202e-01 8.77758741e-01 1.61363751e-01
    1.78076684e-01 8.38627160e-01 1.75540447e-01 5.08100688e-02
    2.27147222e-01 1.64511800e-03 7.11188316e-01 2.27502584e-01
    2.26894885e-01 7.24047422e-01 3.22046995e-01 5.27063131e-01
    8.93400908e-02 4.95159894e-01 4.70311612e-01 7.34412253e-01
    4.75880504e-01 3.65297288e-01 9.15430844e-01 7.16644108e-01
    7.15692878e-01 9.99277949e-01 4.94478345e-01 2.32836127e-01
    8.38932753e-01 5.78171968e-01 5.40267646e-01 1.72112882e-01
    2.39234567e-02 5.93948245e-01 5.69855571e-01 4.29774046e-01
    5.70058465e-01 4.48315769e-01 8.77841115e-01 9.93107796e-01
    1.72345132e-01 4.07214940e-01 4.18068886e-01 2.93510258e-01
    9.30867791e-01 3.55753005e-02 9.65248704e-01 1.37262344e-02
    3.43041956e-01 1.95506036e-01 4.26326990e-01 8.06822658e-01
    7.53900528e-01 6.56697512e-01 9.60732818e-01 1.99188650e-01
    2.01288074e-01 6.07595086e-01 5.07616758e-01 9.70376372e-01
    4.96742457e-01 2.70141244e-01 3.34794760e-01 4.63217378e-01
    8.98358345e-01 5.19346297e-02 2.19095439e-01 9.15141821e-01
    5.12426138e-01 1.10971391e-01 5.42719305e-01 2.36811459e-01
    7.49520659e-01 2.64716983e-01 1.71512574e-01 9.74353313e-01
    2.27862597e-02 9.54687357e-01 5.15312076e-01 1.12533659e-01
    4.57384765e-01 3.30482423e-01 9.46306586e-01 9.51358080e-01
    2.20829725e-01 9.50677574e-01 3.07260036e-01 4.91777599e-01
    6.97213948e-01 7.14468479e-01 8.85858178e-01 6.84942603e-01
    6.43762469e-01 5.88876903e-02 4.72269475e-01 6.04322553e-01
    2.64658511e-01 9.47875023e-01 3.35659981e-01 1.72419548e-01
    4.50902671e-01 4.01036143e-01 4.27898705e-01 6.78190231e-01
    6.30465984e-01 7.42853045e-01 8.68679166e-01 2.74088442e-01
    1.09016299e-01 1.97144926e-01 8.59009743e-01 2.36574709e-01
    5.37021101e-01 7.75766075e-02 3.48789960e-01 8.64645004e-01
    9.79166925e-01 4.16063994e-01 4.07674015e-02 9.35618162e-01
    9.81777787e-01 1.74474537e-01 7.84155488e-01 1.39517963e-01
    8.09108019e-01 1.77675784e-01 5.60946047e-01 1.98532403e-01
    2.58971363e-01 7.54492939e-01 5.87338507e-01 5.62226534e-01
    5.29883981e-01 5.95338285e-01 2.46601880e-01 8.25827479e-01
    5.67147136e-01 4.51346934e-01 6.72822595e-01 5.93986690e-01
    6.64716363e-01 6.65715337e-02 4.46501642e-01 2.24285424e-01
    7.64720142e-01 2.09205240e-01 1.18626833e-01 7.07358837e-01
    5.53525567e-01 7.39571989e-01 8.80157232e-01 3.41918647e-01
    6.44227386e-01 8.08067858e-01 9.86717463e-01 8.85059416e-01
    5.83483875e-01 4.08120185e-01 7.71422744e-01 9.03703570e-01
    1.61146313e-01 4.27515298e-01 8.45747769e-01 2.35869706e-01
    6.12362027e-01 6.62146509e-01 1.82298720e-02 9.80831742e-01
    7.82701254e-01 9.80630100e-01 3.31331551e-01 2.25727409e-01
    6.84099793e-01 6.01530373e-01 6.59699917e-01 3.55368376e-01
    4.24484998e-01 8.89792502e-01 3.37915719e-02 7.96371877e-01
    7.40877926e-01 8.08683038e-01 1.54383749e-01 7.86439896e-01
    3.18503916e-01 4.17542070e-01 9.93922353e-01 4.66505677e-01
    1.79618597e-02 4.65667903e-01 3.75429541e-01 3.69916677e-01
    9.02742863e-01 1.81121439e-01 8.38907123e-01 5.46419561e-01
    3.48515481e-01 7.04076827e-01 4.77570236e-01 6.91069722e-01
    7.81405687e-01 8.46943259e-01 9.76885557e-01 8.63240838e-01
    3.54360402e-01 7.67955661e-01 2.25797743e-01 8.14881921e-03
    3.63350153e-01 1.61077619e-01 5.69084585e-01 2.68053949e-01
    5.56918919e-01 9.82440829e-01 6.75687492e-01 9.70486760e-01
    8.13436508e-03 1.01181358e-01 3.04739177e-01 6.83561087e-01
    2.74700224e-01 8.91967058e-01 1.08441442e-01 7.08982825e-01
    2.75084853e-01 4.40923989e-01 5.22998869e-02 2.50160128e-01
    9.38295841e-01 6.54902041e-01 6.26664639e-01 1.00551069e-01
    6.00658059e-02 1.02597922e-01 6.31895900e-01 5.94562292e-01
    1.04906082e-01 4.67485130e-01 9.54088926e-01 2.96179712e-01
    7.77518630e-01 9.43104267e-01 9.87075090e-01 5.21333277e-01
    9.76293325e-01 7.71177769e-01 1.35786235e-02 4.46341872e-01
    9.23363090e-01 4.60479110e-01 4.13800180e-02 4.68854159e-01
    3.71213257e-01 4.78613675e-01 8.80258322e-01 4.55519408e-01
    2.45255888e-01 6.36954665e-01 3.66733015e-01 1.66069150e-01
    2.73860902e-01 6.20351851e-01 8.86411190e-01 4.21649396e-01
    9.38945472e-01 9.22634065e-01 3.92979264e-01 9.28350806e-01
    2.04280585e-01 4.78091151e-01 3.62657905e-01 1.14408523e-01
    3.90453339e-01 8.07788968e-02 9.69171524e-01 3.31158638e-01
    9.44227457e-01 2.51990557e-02 1.25250190e-01 4.29058254e-01
    4.97460842e-01 8.82939279e-01 7.98393369e-01 2.35016048e-02
    2.62307674e-01 3.58917177e-01 1.89871669e-01 6.51772738e-01
    6.67792678e-01 1.15777135e-01 6.72098517e-01 8.52649450e-01
    3.51921797e-01 6.76733255e-01 1.01664752e-01 3.32862377e-01
    8.25040758e-01 6.34645998e-01 5.68940639e-01 1.25349432e-01
    4.91815448e-01 4.78088319e-01 8.17680478e-01 4.25637871e-01
    1.18348062e-01 4.42847967e-01 7.94586360e-01 1.56393528e-01
    3.51658762e-02 9.01575387e-01 8.03384781e-01 8.84465814e-01
    3.55763137e-01 1.65406078e-01 3.88768613e-01 1.82607770e-03
    5.96592605e-01 8.77865434e-01 9.18793917e-01 9.79442239e-01
    3.98841947e-01 6.79787815e-01 5.85495472e-01 4.46035415e-01
    2.20151544e-02 6.00212336e-01 9.12748516e-01 2.55372941e-01
    7.40574598e-01 9.45842147e-01 1.30930662e-01 3.30715954e-01
    9.59311068e-01 3.36526096e-01 7.68546879e-01 9.62571859e-01
    3.34568232e-01 5.07718921e-02 3.53120267e-02 9.24525857e-01
    4.92325902e-01 8.34177673e-01 7.40602076e-01 7.78146625e-01
    3.78915042e-01 6.87510073e-01 8.28940332e-01 4.22622561e-02
    4.78518873e-01 4.41406608e-01 2.88013279e-01 7.14639485e-01
    6.56385481e-01 4.57770526e-02 4.15948391e-01 3.91671658e-01
    2.96896696e-01 6.42655969e-01 2.05234498e-01 9.01209235e-01
    9.92897272e-01 6.55600786e-01 3.52630913e-01 8.17975163e-01
    7.32806206e-01 3.73047292e-02 7.58065224e-01 6.52855575e-01
    3.37068856e-01 3.42554718e-01 5.24162292e-01 2.44770944e-01
    8.48516822e-03 1.01765394e-01 3.70824128e-01 2.38607824e-01
    6.28088236e-01 2.52280772e-01 7.27571785e-01 4.01328385e-01
    1.86527640e-01 3.10147285e-01 5.25353193e-01 4.80364382e-01
    7.11743712e-01 1.21068925e-01 3.93788666e-01 9.88557637e-01
    1.50164843e-01 9.59876597e-01 6.50008917e-01 1.96804821e-01
    7.01764464e-01 1.95634872e-01 7.28722811e-01 8.74178767e-01
    8.55416059e-04 9.09941912e-01 7.62361348e-01 8.53007078e-01
    1.93718463e-01 3.25950384e-02 4.22734022e-01 3.25648248e-01
    7.65853167e-01 2.11329252e-01 1.59301281e-01 8.42220306e-01
    1.02881938e-01 4.68955040e-01 4.73310828e-01 1.51265919e-01
    4.04871613e-01 9.32853580e-01 4.42133248e-01 4.02530998e-01
    8.64750266e-01 7.82168508e-01 4.41765606e-01 4.51601237e-01
    6.83945298e-01 5.67711294e-02 3.91329885e-01 9.71744299e-01
    6.40730619e-01 9.07061219e-01 3.87907505e-01 7.84723043e-01
    7.98713088e-01 3.55178893e-01 9.13259387e-02 9.05605316e-01
    6.46260798e-01 7.26541102e-01 6.85498655e-01 6.12653613e-01
    6.25251889e-01 1.79267079e-01 6.63492143e-01 6.48429692e-01
    2.51088023e-01 8.03188205e-01 1.37691140e-01 2.54165888e-01
    2.85908580e-01 1.40793502e-01 5.27135074e-01 4.99556661e-01
    6.89161062e-01 1.74857408e-01 2.33830273e-01 3.64507765e-01
    9.96177197e-01 3.07608217e-01 9.51927662e-01 3.16846311e-01
    9.55786645e-01 1.99164838e-01 1.57176524e-01 2.71827340e-01
    7.69602180e-01 2.88845092e-01 7.24928319e-01 5.81830859e-01
    6.03337109e-01 8.41798902e-01 6.37256622e-01 4.92330790e-01
    2.21272826e-01 9.90893245e-01 8.53192806e-02 1.60550475e-01
    6.62181437e-01 1.90750241e-01 3.10611665e-01 4.38042521e-01
    7.54474580e-01 9.54234838e-01 7.76008010e-01 6.17419124e-01
    8.30930948e-01 4.53335375e-01 8.19645643e-01 8.78806829e-01
    1.09420151e-01 7.02876329e-01 4.15120810e-01 1.26768768e-01
    3.76012713e-01 3.35724175e-01 8.33513618e-01 2.04179227e-01
    8.20409179e-01 9.09718633e-01 7.54344881e-01 7.54593611e-02
    8.66050720e-01 6.17301404e-01 8.97770882e-01 8.08809519e-01
    3.35262209e-01 9.79602218e-01 2.20342338e-01 4.35392708e-01
    4.11772579e-01 8.76401067e-01 4.29348081e-01 4.77557898e-01
    2.00047553e-01 8.10487986e-01 9.39298630e-01 3.55782926e-01
    5.75508952e-01 3.13126147e-02 5.08878946e-01 3.00632507e-01
    9.51340199e-01 4.65300381e-01 5.48321247e-01 3.02910805e-03
    8.91803980e-01 3.66859257e-01 2.08803415e-02 7.66159415e-01
    7.76328146e-01 1.36276484e-01 9.66864347e-01 9.64803696e-01
    5.44405162e-01 2.59745598e-01 7.48943806e-01 1.16840214e-01
    2.11994141e-01 5.32389164e-01 9.73979950e-01 5.52248478e-01
    6.30413771e-01 5.97643673e-01 1.45063907e-01 7.01213777e-01
    3.69760990e-01 4.91950810e-02 5.91214299e-01 6.61085665e-01
    3.67464900e-01 9.25193071e-01 1.12070888e-01 4.17609811e-01
    1.97452575e-01 8.39516044e-01 2.99891770e-01 6.74719512e-01
    6.27247930e-01 4.58519399e-01 4.50392991e-01 7.11902201e-01
    7.79303908e-02 8.61356556e-02 6.27604306e-01 6.20680153e-01
    5.81350565e-01 1.27190351e-03 9.48047042e-01 1.81653649e-01
    4.73033637e-01 9.61810589e-01 5.42520761e-01 4.38485205e-01
    5.18153250e-01 7.40304649e-01 5.60185373e-01 6.31855369e-01
    2.67228961e-01 1.51387274e-01 8.13266277e-01 4.21473384e-02
    5.04235983e-01 6.33768141e-01 5.62859714e-01 4.88119006e-01
    6.45415306e-01 4.71882850e-01 9.33397114e-01 2.02818632e-01
    9.57832992e-01 2.24346429e-01 7.75098205e-01 8.24813306e-01
    9.29725826e-01 1.90173686e-02 2.24157274e-02 9.73038375e-01
    2.80010045e-01 8.93681645e-02 9.40096378e-01 5.16529799e-01
    9.24702585e-02 4.63750631e-01 1.34414852e-01 4.59438831e-01
    7.66283333e-01 3.97625268e-01 2.97277689e-01 3.42044324e-01
    5.77361584e-01 1.63184106e-02 6.68269634e-01 1.98566705e-01
    2.84997731e-01 4.62333739e-01 8.04953635e-01 3.99634033e-01
    4.46450382e-01 9.40101683e-01 3.20928365e-01 4.47646499e-01
    4.63122725e-01 6.01798058e-01 7.13198483e-01 1.70912743e-02
    3.69786799e-01 8.46004188e-02 3.50844681e-01 7.09265471e-02
    6.72125220e-02 1.31978333e-01 2.98741102e-01 6.72576189e-01
    2.70363331e-01 5.34981728e-01 5.21075606e-01 8.10514688e-01
    2.96757579e-01 5.33168375e-01 3.25002909e-01 7.81429410e-01
    1.30922556e-01 8.59732389e-01 2.86381453e-01 5.87213337e-01
    1.99095219e-01 4.16135252e-01 8.40759277e-02 1.71930730e-01
    6.28224730e-01 6.90859199e-01 1.99050248e-01 8.55505466e-04
    2.33657151e-01 6.32806778e-01 4.06976938e-02 5.69819212e-02
    7.84582317e-01 8.25925112e-01 9.95542169e-01 8.05364966e-01
    5.16100109e-01 7.61631250e-01 1.63517177e-01 2.69813091e-01
    7.60618031e-01 9.49769855e-01 2.69323200e-01 3.97278309e-01
    5.67424476e-01 8.09907913e-01 3.93375754e-01 8.87273252e-01
    6.10325515e-01 1.92580223e-01 1.04862601e-01 7.54016995e-01
    1.58824354e-01 2.17902750e-01 7.15966821e-01 2.61795044e-01
    1.10892624e-01 5.13006568e-01 7.48496473e-01 2.37906784e-01
    9.69542980e-01 3.73309314e-01 9.03930545e-01 8.94391060e-01
    3.49667102e-01 6.23385668e-01 4.43704545e-01 5.85016012e-01
    3.61622393e-01 7.58715034e-01 5.08107126e-01 1.92591548e-01
    2.93613374e-01 1.32714748e-01 2.51680255e-01 4.16521579e-01
    5.63365459e-01 6.93453014e-01 5.26864648e-01 1.34937644e-01
    8.39172840e-01 4.14086193e-01 9.99492288e-01 8.66683364e-01
    2.02125758e-01 2.78103113e-01 3.19103032e-01 4.54707026e-01
    6.34761214e-01 5.27393281e-01 8.77827704e-01 9.63661313e-01
    2.22005516e-01 2.22177714e-01 3.77483219e-01 3.92524183e-01
    6.93529606e-01 8.98975372e-01 7.89384842e-01 3.39314997e-01
    4.62088913e-01 9.21047926e-02 2.52058923e-01 3.18639636e-01
    7.86032081e-01 7.58951306e-01 9.74179745e-01 6.58290446e-01
    2.68319488e-01 3.89101237e-01 4.04891282e-01 9.94256616e-01
    2.63814926e-01 8.82066369e-01 5.77454507e-01 7.98391640e-01
    3.38083357e-01 9.95424092e-01 3.11383158e-01 2.13023633e-01
    7.50364065e-01 9.08479333e-01 5.45865655e-01 4.53313053e-01
    3.30628395e-01 8.10109377e-01 1.86328143e-01 7.60747910e-01
    3.93121541e-02 2.98110962e-01 5.71238816e-01 9.15665507e-01
    7.28829801e-02 3.90007734e-01 8.54935408e-01 2.29378372e-01
    1.27207339e-02 9.30692136e-01 7.06056595e-01 8.49395275e-01
    7.22163200e-01 7.55965829e-01 9.35265422e-01 4.09693837e-01
    6.20462477e-01 8.44825268e-01 4.25948501e-01 4.47771460e-01
    4.55617905e-03 8.90529156e-03 3.24408531e-01 9.75291014e-01
    8.51098537e-01 6.34941578e-01 6.45594120e-01 2.18513787e-01
    4.79355872e-01 3.62127930e-01 7.77004957e-01 6.03702426e-01
    1.45654917e-01 7.12332070e-01 9.01777267e-01 5.21296263e-03
    5.95637321e-01 9.36977029e-01 4.20534611e-01 1.82376146e-01
    3.97277117e-01 7.42322803e-01 3.42449248e-01 2.04783350e-01
    8.21215510e-01 9.32910144e-01 4.87867743e-01 8.31848443e-01
    9.49206710e-01 2.66832858e-01 6.36932194e-01 7.15349615e-02
    8.93459797e-01 8.40020657e-01 4.13784146e-01 4.43177342e-01
    9.82725322e-01 9.93556678e-01 7.45458841e-01 5.54432869e-01
    2.45275706e-01 3.03786337e-01 1.54725164e-01 6.39394522e-02
    1.78236604e-01 7.33830988e-01 6.11589372e-01 5.90594411e-01
    9.03489232e-01 6.59569085e-01 8.81401539e-01 4.51983660e-01
    4.09284383e-01 9.24669385e-01 7.86239624e-01 1.98282599e-01
    2.49553919e-01 7.22033262e-01 3.01275581e-01 7.20101357e-01
    4.11689281e-02 3.72716904e-01 6.64903045e-01 8.92507553e-01
    5.86296439e-01 7.53865659e-01 8.66489351e-01 8.43682885e-03
    8.35795462e-01 9.45051432e-01 1.30389869e-01 1.73484713e-01
    5.90536177e-01 9.33328867e-01 9.89885807e-01 9.65314507e-01
    9.08022165e-01 5.92597961e-01 6.68802559e-01 7.72422791e-01
    9.00580108e-01 3.74651790e-01 4.04785722e-01 4.11284089e-01
    2.36827254e-01 2.36713886e-01 3.94771755e-01 4.87349600e-01
    2.74379641e-01 5.66046238e-01 9.28757727e-01 9.25295949e-01
    3.52309346e-01 3.73845339e-01 8.97721469e-01 1.85742229e-01
    5.85393786e-01 4.30411816e-01 9.56260562e-01 6.51648045e-01
    5.74133575e-01 8.96860838e-01 9.97207880e-01 1.92456841e-02
    3.85927528e-01 6.14626527e-01 7.23350585e-01 4.92800057e-01
    3.66215408e-01 5.50205171e-01 4.92942631e-02 1.73866302e-01
    9.52770591e-01 2.40545034e-01 4.50002998e-01 5.12083471e-01
    3.31049621e-01 9.33658242e-01 1.89671785e-01 5.32744348e-01
    1.24159873e-01 8.20037484e-01 3.94307971e-02 7.87995458e-01
    2.86276937e-01 6.77919686e-02 7.04363167e-01 6.10092580e-01
    7.06108630e-01 5.76508641e-01 1.10005766e-01 3.90123725e-02
    4.57693279e-01 2.56168723e-01 2.54231870e-01 3.15795660e-01
    4.14037585e-01 2.96901584e-01 5.81323802e-02 5.44343352e-01
    9.21015799e-01 5.96728861e-01 2.79364705e-01 3.88674766e-01
    9.84433711e-01 4.89413351e-01 1.32512987e-01 2.69793272e-01
    8.85090530e-01 7.42382646e-01 8.32831979e-01 1.65819705e-01
    3.17364872e-01 8.74838829e-02 9.55332160e-01 5.97208321e-01
    8.35677981e-01 7.01255798e-01 2.70523071e-01 2.95516193e-01
    7.46554792e-01 4.41301197e-01 6.88832462e-01 3.15785646e-01
    5.70285857e-01 1.33757561e-01 6.87007308e-02 2.71234989e-01
    7.41386116e-01 3.16821158e-01 6.29725695e-01 7.73350596e-01
    7.62472749e-02 5.80184400e-01 2.03961998e-01 9.64469254e-01
    3.75629365e-02 6.08094096e-01 7.18914151e-01 5.46986997e-01
    7.65880466e-01 6.79629266e-01 2.50975609e-01 6.37919605e-02
    2.73254216e-02 3.34378779e-01 9.51769114e-01 4.75340813e-01
    5.46725333e-01 3.59513640e-01 9.18133378e-01 7.58143604e-01
    7.17203557e-01 4.09622192e-02 2.81540096e-01 6.57905579e-01
    1.72110558e-01 7.25003242e-01 3.74963105e-01 8.66269112e-01
    2.23847568e-01 4.46723342e-01 3.99746001e-02 7.53390849e-01
    9.72479880e-02 5.48921525e-02 4.43909407e-01 2.04756349e-01
    8.89998674e-02 9.63967741e-02 6.07029200e-01 2.77620435e-01
    3.20236087e-02 7.46235251e-01 5.01683533e-01 9.75650847e-01
    6.33156896e-01 7.10607409e-01 6.55614376e-01 8.08706164e-01
    3.53740811e-01 4.98055607e-01 3.86647046e-01 1.62081331e-01
    4.97561544e-01 4.68112797e-01 7.33962357e-02 2.95019150e-01
    7.47969687e-01 2.69404054e-02 5.93558788e-01 3.26920331e-01
    2.24508643e-01 8.14401507e-02 9.98046398e-02 5.61713636e-01
    6.59310341e-01 9.97642159e-01 6.27360642e-01 2.61860102e-01
    7.99929857e-01 4.29653198e-01 3.78416777e-01 1.30458385e-01
    2.45250106e-01 5.18038690e-01 2.92782784e-01 2.54131854e-01
    5.45357764e-02 7.73609042e-01 3.81881833e-01 3.07142138e-01
    3.92902195e-01 9.05731320e-01 1.01722121e-01 2.61196196e-02
    5.04391611e-01 2.34587997e-01 6.63687348e-01 3.98363441e-01
    9.33369398e-01 3.28994870e-01 4.44876194e-01 7.13958025e-01
    6.40546381e-02 6.41090512e-01 2.50012696e-01 3.02638292e-01
    7.37237513e-01 6.70221090e-01 9.04866576e-01 8.68433118e-02
    8.46246362e-01 3.15434635e-02 1.93324089e-02 4.43522394e-01
    9.85367835e-01 4.31588888e-01 5.61801553e-01 5.33486485e-01
    8.70699644e-01 5.90842009e-01 2.81823248e-01 9.53332663e-01
    5.98517001e-01 4.59687859e-01 3.15535665e-01 9.87039804e-01
    3.31297040e-01 9.59515989e-01 8.14274967e-01 3.15855533e-01
    4.03708816e-02 8.27435791e-01 7.93455601e-01 5.54579496e-03
    8.13899040e-01 1.45271540e-01 9.58963156e-01 1.28104478e-01
    2.12531090e-01 6.09461010e-01 1.84325695e-01 5.46543539e-01
    1.54041797e-01 2.06248105e-01 8.92614841e-01 7.80749023e-02
    3.45260203e-02 5.44054389e-01 2.61643410e-01 3.68259490e-01
    6.59807563e-01 5.46660602e-01 4.60375547e-01 4.63124305e-01
    6.29247367e-01 1.58582717e-01 4.89411086e-01 9.82580125e-01
    1.75520688e-01 7.15681136e-01 3.30298126e-01 3.27677041e-01
    1.35240257e-01 6.77868366e-01 5.82680702e-01 2.43756175e-01
    9.25128937e-01 2.95951843e-01 4.90096390e-01 6.80006981e-01
    9.96983647e-01 3.20411742e-01 5.49866259e-02 6.91563129e-01
    4.02912050e-01 1.05073094e-01 5.56614161e-01 5.79276741e-01
    8.08914423e-01 5.61545014e-01 2.04272032e-01 4.39666659e-01
    7.29258776e-01 8.17606509e-01 6.03319108e-02 8.05015624e-01
    7.91515887e-01 9.29789186e-01 4.66691583e-01 1.45479739e-01
    2.94437319e-01 3.67751211e-01 2.72545725e-01 8.67257714e-01
    9.05843079e-01 3.56752872e-02 8.75021219e-01 3.86205018e-02
    2.00896353e-01 5.87063730e-01 7.18582153e-01 6.99374914e-01
    3.08030546e-01 6.46477699e-01 2.72382855e-01 3.75276804e-01
    6.63808465e-01 4.21145916e-01 4.45529044e-01 7.59279490e-01
    8.63412142e-01 1.82640225e-01 5.66664875e-01 6.15118146e-02
    2.68711030e-01 8.42224956e-01 1.27153844e-01 8.35743189e-01
    9.38229501e-01 5.46240568e-01 8.24782252e-03 3.09999228e-01
    5.14383614e-01 2.37307876e-01 9.90184307e-01 8.00550580e-02
    1.50839359e-01 2.51231790e-01 8.46004725e-01 6.75637424e-01
    3.33867639e-01 6.06118917e-01 9.97347534e-01 5.39294124e-01
    9.91772532e-01 6.65823221e-01 4.74529475e-01 3.24881136e-01
    1.39497697e-01 3.30135107e-01 9.64371562e-01 9.41699326e-01
    4.14031118e-01 3.10589612e-01 8.58359754e-01 3.32220018e-01
    7.55371392e-01 9.51208711e-01 2.92029858e-01 5.04292607e-01
    4.32576478e-01 6.63314641e-01 6.79896355e-01 3.07979107e-01
    4.29027915e-01 3.70515466e-01 4.86392260e-01 6.98131025e-02
    9.95113850e-01 6.00498736e-01 5.03386140e-01 2.77177602e-01
    2.90525287e-01 8.02110195e-01 5.10662735e-01 9.09263194e-01
    5.64329684e-01 1.31720364e-01 1.76125556e-01 8.58329535e-01
    1.83588833e-01 7.41866469e-01 7.41484940e-01 3.02902341e-01
    9.52412724e-01 2.95221746e-01 8.15302968e-01 8.55822563e-02
    7.88117409e-01 2.37626463e-01 6.12656593e-01 7.82502532e-01
    6.85355902e-01 3.46191525e-01 3.01222861e-01 4.41232651e-01
    6.92972124e-01 7.93464541e-01 1.96927935e-01 9.04872179e-01
    5.39356112e-01 6.80468440e-01 2.80077159e-02 4.46789324e-01
    8.58582318e-01 9.92291689e-01 4.94902223e-01 3.13044161e-01
    4.62705910e-01 8.47944498e-01 8.73489499e-01 2.19462812e-02
    8.16335142e-01 5.03597379e-01 1.80174738e-01 1.33807957e-02
    3.73845637e-01 1.83931291e-02 9.53832865e-01 8.74536395e-01
    2.72904575e-01 3.06657195e-01 2.86024362e-01 6.18583918e-01
    5.93785286e-01 4.37460750e-01 1.29386723e-01 5.49582541e-01
    5.48136950e-01 6.40949726e-01 2.45803893e-02 8.14742446e-01
    4.33544129e-01 3.72739971e-01 5.67693472e-01 4.36247587e-02
    9.22941208e-01 6.47812843e-01 9.78987694e-01 4.73964572e-01
    2.26376086e-01 3.55178475e-01 2.57995874e-01 8.45781446e-01
    2.13223368e-01 6.87989473e-01 4.89455491e-01 9.60319102e-01
    1.67343050e-01 5.45016348e-01 9.53144431e-02 7.32093573e-01
    6.35770738e-01 4.20458287e-01 3.17992419e-01 5.44121981e-01
    2.94949234e-01 7.96101570e-01 9.50852394e-01 9.07444358e-01
    7.19323039e-01 2.51919091e-01 8.94199312e-01 7.48265147e-01
    4.10419941e-01 1.26216441e-01 8.18904042e-01 1.66104227e-01
    8.51152778e-01 8.40339005e-01 4.36538488e-01 5.63693047e-02
    8.30351830e-01 8.45690966e-02 2.86040843e-01 4.76911366e-02
    5.17564058e-01 1.52319252e-01 6.98787689e-01 6.28001988e-01
    1.42929584e-01 4.30790961e-01 5.13438046e-01 5.33626556e-01
    2.68840730e-01 3.61662030e-01 1.09416902e-01 7.09827840e-02
    5.69512606e-01 4.89170551e-02 6.79470420e-01 1.10444665e-01
    1.03475899e-01 6.88585520e-01 3.12897593e-01 9.41326141e-01
    3.43892217e-01 8.46747220e-01 1.46933407e-01 2.53566444e-01
    9.48026061e-01 3.56201291e-01 7.98446059e-01 6.97664976e-01
    7.88039565e-01 6.38781071e-01 8.81318212e-01 2.49131799e-01
    5.44521987e-01 8.71479928e-01 6.38768792e-01 5.34320951e-01
    7.79591501e-01 2.53741264e-01 4.86066788e-01 7.27960646e-01
    9.42936182e-01 3.57899070e-01 9.65707183e-01 4.53453958e-01
    4.36096787e-02 4.69735861e-02 1.56310678e-01 1.70908391e-01
    6.88379645e-01 6.35927439e-01 7.25200534e-01 9.43443775e-02
    4.08542097e-01 5.90292811e-02 6.70028210e-01 4.23488408e-01
    6.33565605e-01 6.37022018e-01 5.67846060e-01 3.19363117e-01
    5.81901193e-01 7.81596899e-01 1.49328321e-01 3.52941453e-01
    8.65718722e-01 3.63993347e-01 9.58433390e-01 3.21764290e-01
    7.27390170e-01 6.54317975e-01 2.12868154e-02 2.52533436e-01
    7.03761280e-02 4.01917130e-01 9.96077538e-01 4.55533862e-02
    3.10093760e-02 6.07534468e-01 1.33231997e-01 5.75487077e-01
    2.16355860e-01 4.54955369e-01 3.94532263e-01 3.92484665e-03
    8.42287660e-01 7.78108776e-01 4.64354336e-01 4.53542709e-01
    6.67864203e-01 6.22879028e-01 7.15041399e-01 5.51782429e-01
    9.34130549e-01 5.43931961e-01 5.24457753e-01 3.63625288e-01
    8.47201765e-01 7.66270041e-01 1.33157670e-02 6.85378730e-01
    7.22777247e-02 2.26127088e-01 2.93749571e-01 8.51066232e-01
    8.00426781e-01 2.79612422e-01 8.75373662e-01 5.14081597e-01
    4.47081894e-01 9.11560297e-01 8.93238842e-01 9.03461456e-01
    9.95096922e-01 3.62972319e-01 6.23938739e-02 6.15336478e-01
    6.63984895e-01 1.95454955e-02 3.03795666e-01 1.40249789e-01
    3.77171665e-01 8.09373975e-01 4.06527579e-01 8.68652165e-01
    7.51279712e-01 2.83362269e-01 6.95768654e-01 5.25911570e-01
    2.66260505e-02 2.31054723e-02 3.25650662e-01 8.00003886e-01
    7.54420757e-02 5.28845966e-01 3.23736012e-01 6.59801304e-01
    5.63526094e-01 8.92306447e-01 9.18087482e-01 1.08845294e-01
    2.91580021e-01 7.36874402e-01 9.15597439e-01 6.44985437e-01
    5.20790100e-01 2.50121415e-01 6.04123950e-01 7.87895918e-01
    9.45242405e-01 2.00276405e-01 1.26309693e-01 1.75458431e-01
    8.35991263e-01 1.84497535e-01 3.09171140e-01 9.79374886e-01
    5.57823122e-01 8.40893269e-01 9.05220628e-01 2.07542837e-01
    4.60850060e-01 7.70985663e-01 6.02733970e-01 2.06409454e-01
    1.38785243e-01 2.88926929e-01 6.50205910e-01 4.26344633e-01
    5.69105685e-01 2.68962175e-01 6.78537965e-01 4.30345476e-01
    9.49452758e-01 9.60506082e-01 7.43197680e-01 9.27480519e-01
    7.81261206e-01 9.45661604e-01 2.05893338e-01 8.23987365e-01
    1.55853629e-02 1.30091250e-01 1.05063528e-01 9.45802212e-01
    7.08850086e-01 3.94944072e-01 4.99268085e-01 5.99164903e-01
    8.77696455e-01 3.52882028e-01 1.40421391e-02 8.72507751e-01
    7.32873678e-01 1.67028099e-01 6.46038830e-01 2.65218139e-01
    1.15416706e-01 4.10164475e-01 3.36877406e-01 8.90242219e-01
    4.91032362e-01 4.58317667e-01 5.71839571e-01 7.09086180e-01
    3.11052352e-01 5.76380670e-01 2.88699865e-02 3.23096663e-01
    4.82558787e-01 5.83644390e-01 1.51760817e-01 3.76565874e-01
    4.08594012e-01 5.73338568e-01 3.76670063e-01 5.09754896e-01
    2.86700368e-01 6.31575167e-01 1.96115762e-01 4.28374380e-01
    2.17027038e-01 1.34908438e-01 2.44570881e-01 9.69577074e-01
    6.43079579e-01 6.78890586e-01 4.87403274e-02 4.55114692e-01
    6.54772401e-01 4.96182948e-01 9.09592450e-01 1.70043200e-01
    7.63205528e-01 6.59818888e-01 1.87237531e-01 3.84543061e-01
    3.81097764e-01 5.39287627e-02 4.06882375e-01 5.18784642e-01
    8.33331227e-01 1.05511636e-01 4.84607428e-01 5.58006823e-01
    5.40847898e-01 4.64437157e-01 9.99357760e-01 5.22671521e-01
    3.45432758e-02 7.94484913e-02 6.23613656e-01 8.12415600e-01
    3.20606261e-01 6.60266280e-01 9.45135415e-01 8.99478257e-01
    3.45676839e-01 8.02036047e-01 3.07622254e-02 3.44288647e-01
    5.11174738e-01 8.15924168e-01 1.38784349e-01 7.41282463e-01
    2.38616168e-01 7.73822308e-01 4.25048470e-01 3.01667213e-01
    2.59306878e-01 8.34838629e-01 2.65339255e-01 2.79040754e-01
    6.06206715e-01 4.24033761e-01 4.86888796e-01 6.74417973e-01
    5.69402516e-01 3.39992285e-01 2.71862626e-01 5.57968855e-01
    8.24833035e-01 2.20170230e-01 9.61909235e-01 2.38286883e-01
    3.64673972e-01 3.24480116e-01 9.34777021e-01 7.26512671e-01
    9.14935470e-01 7.34183252e-01 2.44698495e-01 9.76432443e-01
    2.88441032e-01 1.38216615e-01 9.74166989e-01 6.48836195e-02
    3.69973838e-01 5.09005606e-01 2.15553820e-01 9.80788171e-01
    7.91787028e-01 2.12299794e-01 2.39609599e-01 6.45726919e-04
    7.05510855e-01 4.50480461e-01 4.03218091e-01 1.79609656e-02
    5.70426822e-01 2.20052928e-01 4.29301620e-01 9.23195243e-01
    4.62918758e-01 6.96850419e-01 1.81737065e-01 4.18815553e-01
    6.39239192e-01 8.89593899e-01 9.80700612e-01 2.60145903e-01
    9.97467041e-01 5.03680468e-01 8.23311388e-01 8.49700809e-01
    1.47100806e-01 9.89424348e-01 2.78869569e-01 2.79753625e-01
    1.25468791e-01 3.44494134e-01 6.76711738e-01 3.75958532e-01
    1.58824772e-01 4.62728739e-01 1.96650952e-01 6.92664683e-01
    1.97894454e-01 9.08022642e-01 4.98817801e-01 2.93111861e-01
    1.40044421e-01 4.24261570e-01 7.15470254e-01 7.86062837e-01
    7.82121360e-01 3.57183158e-01 6.15869761e-01 8.48855972e-01
    4.25436974e-01 8.40306878e-01 3.19036275e-01 6.82323575e-01
    5.14924705e-01 8.36948752e-02 6.30004287e-01 7.95001507e-01
    3.32434148e-01 1.25927895e-01 7.53860176e-01 8.22101951e-01
    6.06157303e-01 1.92433298e-02 6.81232631e-01 9.47121084e-01
    8.72579098e-01 2.66442358e-01 3.49742174e-01 5.32690287e-02
    5.19313812e-01 2.09837109e-01 9.24598634e-01 8.07536364e-01
    6.03370428e-01 8.62182736e-01 7.18773067e-01 3.45693558e-01
    3.83491904e-01 7.76243329e-01 5.76080024e-01 1.95795208e-01
    1.48728043e-01 6.44168556e-02 4.85528737e-01 7.17835724e-01
    1.13797218e-01 3.89190733e-01 9.75342989e-01 7.95834482e-01
    5.50369501e-01 9.63384509e-01 9.99389350e-01 1.76575840e-01
    8.96325767e-01 3.51107538e-01 5.21422744e-01 1.08158559e-01
    1.86875314e-01 5.76164782e-01 5.98073423e-01 2.02464759e-01
    8.45577717e-01 3.26117277e-01 8.49912286e-01 4.75553602e-01
    9.13825393e-01 2.16397434e-01 9.38354433e-02 9.51455116e-01
    4.01538968e-01 3.75676870e-01 6.52352810e-01 9.94411588e-01
    7.64558494e-01 1.47845864e-01 2.81674266e-02 3.27237308e-01
    6.53432012e-01 7.20230639e-01 6.82098508e-01 8.00210476e-01
    2.28903413e-01 7.37783432e-01 8.03609192e-01 3.56014788e-01
    7.50381589e-01 2.72302091e-01 1.55005336e-01 6.26671314e-01
    3.50220144e-01 2.52979994e-01 5.65550447e-01 2.69331962e-01
    5.12804747e-01 3.60308439e-01 3.30063254e-01 6.91376626e-01
    3.95254195e-02 4.33954477e-01 8.34764838e-01 5.67306995e-01
    3.87790263e-01 3.23437244e-01 8.57366204e-01 7.73231745e-01
    2.42920071e-01 2.84152955e-01 1.09977961e-01 9.43629742e-01
    4.64054316e-01 2.32445598e-02 5.97254336e-01 9.30100858e-01
    4.85866457e-01 7.28637159e-01 7.80789554e-02 9.55581903e-01
    8.98143351e-01 1.16115928e-01 2.52486229e-01 8.78839254e-01
    1.95304066e-01 2.79872417e-02 3.77585322e-01 1.90784633e-02
    1.01056963e-01 6.25020921e-01 9.68985438e-01 1.67322338e-01
    9.35321450e-01 1.95871502e-01 9.48258281e-01 9.13978755e-01
    9.18454051e-01 2.29506999e-01 4.04357910e-02 8.40420008e-01
    8.72308254e-01 4.69965339e-01 7.29936957e-01 4.02459741e-01
    8.29273462e-01 2.08044350e-01 9.74459946e-02 2.52122462e-01
    7.25622714e-01 1.13793284e-01 4.46487010e-01 8.76734257e-01
    2.42329210e-01 2.39885092e-01 7.62747288e-01 9.91155446e-01
    4.86856997e-01 1.87013924e-01 9.62727010e-01 7.10331738e-01
    7.34451413e-02 2.06588745e-01 7.84656525e-01 5.69623709e-01
    4.56328928e-01 4.28150356e-01 8.16479921e-01 9.23757255e-02
    1.72936618e-01 8.24005842e-01 8.59626055e-01 4.68804181e-01
    9.43422914e-02 4.04223591e-01 6.12298071e-01 5.09334803e-01
    4.26342010e-01 8.99939895e-01 8.47220421e-01 4.85205680e-01
    5.48865557e-01 7.29594827e-01 8.63071382e-01 1.43356740e-01
    5.44358730e-01 6.10524178e-01 2.76812822e-01 2.93620467e-01
    1.92848355e-01 3.77479076e-01 6.41398191e-01 9.92941260e-01
    3.44095141e-01 8.38291645e-01 8.03130269e-02 5.16708791e-01
    5.86992502e-02 4.24163848e-01 5.16399443e-02 5.39074779e-01
    2.80768812e-01 7.07704723e-02 1.30179524e-01 4.37573284e-01
    7.05090106e-01 9.10257161e-01 7.23104477e-01 6.89782381e-01
    3.95520091e-01 6.06380284e-01 5.61311603e-01 9.62864637e-01
    4.89665717e-01 6.52052760e-01 2.05971360e-01 8.06252360e-01
    4.27622318e-01 8.63670349e-01 3.05378914e-01 9.94005203e-01
    4.99027103e-01 5.07550716e-01 2.19972670e-01 4.81046617e-01
    6.85086131e-01 7.89467454e-01 9.21380997e-01 3.01730454e-01
    6.30507052e-01 4.64143425e-01 2.52422065e-01 9.40790892e-01
    4.31929678e-01 2.01972097e-01 8.62019420e-01 3.21224630e-01
    3.25153470e-02 1.95711285e-01 2.47823000e-02 8.11699212e-01
    2.87289232e-01 2.29823023e-01 8.36238742e-01 3.54268759e-01
    8.37156177e-01 6.75157666e-01 1.42270476e-01 8.86765361e-01
    4.38066334e-01 5.05245566e-01 1.60590589e-01 2.81570792e-01
    5.33398986e-01 2.64275163e-01 5.60508966e-01 7.80996144e-01
    7.31445193e-01 8.24251175e-01 9.99507487e-01 6.72899783e-01
    2.31559634e-01 2.44765818e-01 7.65162647e-01 3.58821511e-01
    2.72195935e-01 6.07318282e-02 9.15420592e-01 5.61370254e-01
    7.86037564e-01 9.79957342e-01 4.35616910e-01 9.39091444e-01
    5.95957160e-01 3.13801587e-01 4.24099445e-01 6.10437155e-01
    7.17510343e-01 2.55249172e-01 6.50901198e-02 3.17867547e-01
    1.95233941e-01 1.76092803e-01 7.99089611e-01 5.23493111e-01
    7.97578454e-01 7.83904433e-01 2.59601116e-01 3.62793326e-01
    2.77317882e-01 3.15101326e-01 9.66378093e-01 3.21635902e-02
    6.71468258e-01 2.93827772e-01 2.90715158e-01 5.33593059e-01
    6.88227654e-01 6.52859569e-01 5.54047525e-01 2.95186847e-01
    3.04879695e-01 8.11043143e-01 1.11144155e-01 7.89168596e-01
    9.91979122e-01 5.88129044e-01 5.03306389e-01 3.92361253e-01
    9.26801920e-01 3.35374713e-01 9.91481841e-01 5.32594204e-01
    6.71307266e-01 8.44005108e-01 8.81154060e-01 3.19281220e-02
    3.34557891e-01 8.24119806e-01 1.06608838e-01 7.50617802e-01
    9.83430505e-01 7.36324430e-01 1.19842023e-01 1.73246890e-01
    5.16697228e-01 8.10627460e-01 3.97714257e-01 4.54440713e-02
    8.90352011e-01 1.19750172e-01 3.07779670e-01 8.53869557e-01
    3.57172132e-01 7.57395387e-01 5.01561463e-01 1.03481859e-01
    8.29022646e-01 3.89431208e-01 5.08010685e-01 1.23481870e-01
    1.36813104e-01 5.52249014e-01 1.40563071e-01 6.00861013e-02
    9.65028882e-01 3.60246897e-01 6.60219908e-01 2.23777294e-01
    5.62921107e-01 3.68592620e-01 7.56887674e-01 5.40008068e-01
    4.78695214e-01 1.90826535e-01 2.79018164e-01 6.63389027e-01
    5.69597483e-01 3.07042897e-01 1.89529985e-01 5.59225380e-02
    4.26205039e-01 2.23787129e-01 9.11557674e-03 7.52206981e-01
    8.06378245e-01 6.28463268e-01 2.20500618e-01 8.21854472e-01
    4.55753326e-01 3.38937283e-01 8.84193361e-01 5.57989836e-01
    7.53258586e-01 7.19723105e-02 7.89121687e-02 1.39194429e-02
    3.36638540e-01 6.24106646e-01 5.17967701e-01 6.10570014e-01
    2.28334665e-02 8.85414660e-01 9.79375303e-01 5.47691047e-01
    5.13663590e-01 4.61711675e-01 4.74174201e-01 9.45106983e-01
    9.71507072e-01 3.20303082e-01 6.90516829e-02 8.64311814e-01
    6.23750508e-01 7.74356782e-01 1.66438997e-01 9.36156750e-01
    2.81089008e-01 4.71246034e-01 6.83452606e-01 3.46227050e-01
    8.39166641e-02 1.78096294e-02 7.49746859e-02 6.31574094e-01
    2.59363741e-01 7.63568997e-01 6.94842935e-02 8.06678653e-01
    3.47015381e-01 9.04894531e-01 3.55731875e-01 7.48168826e-02
    3.02648365e-01 8.04927051e-01 7.22121060e-01 5.35669804e-01
    1.28517658e-01 5.02509654e-01 9.99773741e-01 4.42568123e-01
    2.94750035e-01 8.04810643e-01 4.84433174e-02 8.51855636e-01
    8.76342893e-01 6.61784410e-03 9.84086931e-01 2.82691389e-01
    9.13648605e-01 6.68671429e-01 7.89448321e-02 5.52165508e-03
    2.36694157e-01 4.25874323e-01 4.70077842e-01 5.90830326e-01
    1.49444878e-01 2.50167847e-02 2.37779230e-01 6.05992079e-01
    3.31240356e-01 2.71102041e-01 9.86311197e-01 6.57954454e-01
    6.19734168e-01 9.06653404e-01 6.48044765e-01 9.69489455e-01
    8.99924636e-02 5.67534506e-01 1.66736007e-01 9.44820285e-01
    8.49580467e-01 5.97440541e-01 4.91589636e-01 3.69661391e-01
    3.87905836e-02 7.65083015e-01 8.43373656e-01 3.00656080e-01
    4.14781332e-01 9.87836599e-01 9.57150817e-01 4.53589052e-01
    8.09344769e-01 4.87308145e-01 1.93931341e-01 7.86459804e-01
    7.47406363e-01 1.17754132e-01 3.75391573e-01 3.68740857e-01
    3.08690190e-01 5.68013191e-01 6.81646824e-01 2.38932163e-01
    3.31819475e-01 7.95755148e-01 4.83251452e-01 3.36166561e-01
    5.72435260e-02 6.59221768e-01 5.70140481e-01 5.85224688e-01
    4.09113765e-01 6.19774044e-01 2.51169443e-01 4.27075386e-01
    1.81096166e-01 7.86814809e-01 9.91624117e-01 1.87785804e-01
    2.68295288e-01 3.72942209e-01 9.25443172e-01 2.16563016e-01
    7.07431555e-01 3.94111753e-01 4.58288163e-01 5.79617143e-01
    3.92519236e-01 1.28354132e-01 5.14379144e-01 6.81675971e-02
    8.15243602e-01 9.78312492e-01 5.86907268e-01 7.49678671e-01
    7.89657474e-01 5.00731349e-01 1.76231861e-02 8.19418967e-01
    5.61974049e-02 1.10250860e-01 7.76259065e-01 9.78313327e-01
    2.26884514e-01 1.27262920e-01 2.33658195e-01 9.06776309e-01
    7.80545354e-01 1.83930337e-01 7.43050456e-01 1.09637529e-01
    3.44280303e-01 4.08826530e-01 5.10904908e-01 3.99459779e-01
    2.59240568e-01 5.61328948e-01 3.48175198e-01 8.38954926e-01
    7.08885133e-01 2.76061028e-01 1.66535646e-01 2.77514100e-01
    2.72621751e-01 4.49809313e-01 4.35375988e-01 4.82589900e-01
    3.38321328e-02 1.71433389e-02 2.36861676e-01 6.93627119e-01
    8.31754923e-01 8.07957172e-01 6.99922562e-01 4.47022438e-01
    4.38930452e-01 4.88886029e-01 4.10577953e-02 6.10175192e-01
    3.36224973e-01 1.95248365e-01 5.43983579e-02 3.16833317e-01
    1.09557927e-01 4.67853069e-01 1.52178705e-01 6.77608490e-01
    9.24997330e-01 5.21043777e-01 8.44532967e-01 7.65948057e-01
    4.15078580e-01 7.91430414e-01 5.17757535e-01 3.56993854e-01
    7.51488268e-01 6.42167509e-01 1.61304176e-01 7.12722003e-01
    6.88075662e-01 2.23924160e-01 5.38491666e-01 1.29119635e-01
    7.97925472e-01 8.40604901e-02 5.32936394e-01 4.43557739e-01
    3.42778355e-01 4.29279864e-01 3.24563682e-02 7.19339371e-01
    4.92790371e-01 6.59530461e-02 6.75743401e-01 3.95108819e-01
    7.26159275e-01 3.72716129e-01 9.89154220e-01 2.86705613e-01
    8.56078982e-01 2.53458440e-01 8.53699028e-01 3.58258277e-01
    9.19086993e-01 7.09878504e-02 3.41187984e-01 5.93416452e-01
    3.22713077e-01 9.02695894e-01 5.01148224e-01 7.21618652e-01
    2.38728195e-01 8.55742693e-01 3.73132288e-01 9.52585042e-01
    4.91442204e-01 8.06921959e-01 2.67019719e-01 1.34201437e-01
    2.04944491e-01 6.86189294e-01 8.61997366e-01 3.84913504e-01
    1.73501641e-01 1.87445313e-01 6.69520736e-01 7.41493821e-01
    2.20074922e-01 7.48105526e-01 6.40327752e-01 6.42955303e-03
    6.63314939e-01 7.46941566e-01 9.00263727e-01 2.21621990e-03
    8.81084800e-01 2.83341587e-01 9.03387427e-01 9.69149470e-01
    2.11523056e-01 4.74271536e-01 7.03516006e-02 5.16852915e-01
    8.45356941e-01 4.79483008e-02 8.64372969e-01 6.78935587e-01
    4.17729199e-01 5.78099251e-01 2.69079328e-01 1.41505003e-01
    2.29858637e-01 6.70454979e-01 9.23891366e-01 2.63857424e-01
    5.08922458e-01 1.26346558e-01 9.50204432e-01 7.58367300e-01
    4.93598342e-01 5.12917936e-01 8.31099153e-02 5.13124883e-01
    5.50523698e-01 5.72387338e-01 7.76002765e-01 7.30443120e-01
    9.98544335e-01 3.81870329e-01 3.96673977e-02 4.12707150e-01
    7.82440126e-01 1.56210005e-01 3.44200909e-01 9.46333885e-01
    3.32778037e-01 7.38013506e-01 1.76986367e-01 9.02274072e-01
    2.43857056e-01 3.95294249e-01 2.43007839e-01 7.29956150e-01
    9.42066908e-02 8.69640946e-01 5.74191928e-01 5.43796897e-01
    1.36855513e-01 4.03314352e-01 4.12153572e-01 5.05287230e-01
    6.38632119e-01 1.17534459e-01 4.47259873e-01 3.90258193e-01
    9.25920308e-01 9.18768048e-01 2.03428686e-01 8.17749918e-01
    8.62679243e-01 8.46100509e-01 5.60086370e-01 5.21828532e-01
    3.66140783e-01 2.45829672e-01 9.39128339e-01 9.78880048e-01
    4.95047927e-01 2.39525139e-02 5.84909976e-01 3.12597215e-01
    5.20755649e-01 9.97832179e-01 8.81906271e-01 5.58086574e-01
    5.24388075e-01 9.58764255e-01 7.85061955e-01 8.74733746e-01
    8.68054152e-01 5.88334084e-01 3.28585863e-01 5.90769827e-01
    4.83220935e-01 7.27707505e-01 9.05639827e-01 7.18830347e-01
    1.55846089e-01 8.93790007e-01 4.76352870e-02 3.71597260e-01
    6.87768459e-01 9.85240936e-02 5.43354154e-01 8.25290084e-01
    5.69669127e-01 7.19145656e-01 6.90603316e-01 3.50716531e-01
    8.81938100e-01 6.38815343e-01 7.60228336e-02 3.96051139e-01
    9.89091039e-01 9.03321803e-02 2.65956849e-01 3.90485555e-01
    4.53901917e-01 9.38307106e-01 7.44394660e-02 8.82857561e-01
    7.25197792e-02 3.06122452e-01 9.46016192e-01 4.99147177e-02
    3.34697068e-01 7.87846029e-01 4.66897160e-01 9.96027648e-01
    4.62413430e-02 4.02300656e-02 9.34367895e-01 9.21333373e-01
    8.19857955e-01 3.91702563e-01 1.25197768e-02 9.22560275e-01
    3.23053718e-01 9.48471844e-01 1.74952656e-01 4.61520106e-01
    5.55338681e-01 9.58192050e-02 8.28357220e-01 2.43960828e-01
    6.48127794e-01 6.94824874e-01 3.35550845e-01 3.79974812e-01
    4.01402771e-01 5.58294594e-01 5.31542540e-01 7.81760275e-01
    3.01850080e-01 5.58744907e-01 3.66408229e-01 7.97915339e-01
    6.41939044e-01 7.41478086e-01 8.19606960e-01 4.30982232e-01
    1.89537704e-01 4.83214110e-01 8.38446677e-01 6.34087205e-01
    8.30473065e-01 6.39358103e-01 2.62028456e-01 8.68963063e-01
    2.68738210e-01 5.94990075e-01 4.24586445e-01 9.09004807e-02
    8.72158289e-01 3.10799658e-01 4.98452961e-01 1.22640878e-01
    5.16327560e-01 7.19206154e-01 4.87661064e-02 1.88345283e-01
    4.44304347e-02 3.83999348e-02 7.38268912e-01 6.37208343e-01
    6.23272955e-01 5.89056492e-01 3.00994813e-01 6.39631212e-01
    1.82355165e-01 4.52790767e-01 3.09327185e-01 7.83398449e-02
    1.95443362e-01 7.21502721e-01 1.66921526e-01 6.44119740e-01
    5.21695495e-01 1.00847632e-01 4.63210553e-01 3.83296221e-01
    3.67159009e-01 9.17514563e-01 5.57429135e-01 4.18246984e-01
    9.18753147e-01 5.63618302e-01 5.18070698e-01 9.91339326e-01
    1.39857650e-01 6.26195252e-01 4.57737148e-02 9.13802743e-01
    2.62181699e-01 9.70394969e-01 8.48588943e-02 7.63048887e-01
    2.38095820e-01 5.34682214e-01 8.81153941e-01 2.63706148e-01
    7.72194326e-01 2.83162743e-01 5.25314927e-01 5.86664081e-01
    7.77305722e-01 6.62060797e-01 3.05937529e-01 7.18308687e-01
    8.71422648e-01 2.48589665e-01 4.11670029e-01 1.43149078e-01
    5.72486520e-02 3.40781689e-01 2.51072645e-02 4.70692903e-01
    8.73784065e-01 6.89933479e-01 9.49684262e-01 9.11257267e-01
    3.71937096e-01 9.55416560e-02 9.75972414e-03 8.58775854e-01
    4.18019235e-01 3.25045824e-01 8.53826761e-01 6.81726813e-01
    5.88639855e-01 5.72689176e-01 4.11300421e-01 3.63870203e-01
    5.70904076e-01 2.16628224e-01 5.46957672e-01 9.41018641e-01
    4.21109676e-01 9.30266261e-01 1.77910358e-01 1.27779603e-01
    8.54647756e-01 1.80931568e-01 9.84747529e-01 3.20448697e-01
    4.06786054e-01 1.02518052e-01 2.53800452e-02 1.62177682e-01
    3.69711936e-01 8.68058681e-01 7.38225579e-01 2.18949288e-01
    2.93138027e-02 4.01472867e-01 6.43287301e-01 8.17314267e-01
    3.29201341e-01 9.16142821e-01 9.55561578e-01 3.39436024e-01
    9.01928127e-01 9.08519328e-02 7.20697522e-01 9.00135696e-01
    8.16468239e-01 7.09320605e-01 4.38502640e-01 1.35061443e-02
    3.38262320e-01 3.22793722e-02 8.23040843e-01 8.12454522e-01
    1.07185245e-01 2.64364421e-01 6.34146750e-01 1.46612167e-01
    7.62803555e-01 3.34714353e-02 4.84795153e-01 4.10169691e-01
    6.64000332e-01 4.66421098e-01 3.15633148e-01 7.07893312e-01
    1.98658645e-01 4.21022177e-02 7.43826151e-01 6.03290617e-01
    1.38224453e-01 2.04932094e-01 2.19875991e-01 2.08943486e-01
    6.57700121e-01 6.70630932e-01 3.88432235e-01 2.53588080e-01
    4.27543491e-01 1.44055307e-01 4.16952461e-01 2.73501098e-01
    4.09574687e-01 8.33378494e-01 8.32200408e-01 6.03559136e-01
    2.92622238e-01 2.30053782e-01 2.91954935e-01 7.96734393e-02
    3.15445364e-02 7.63145685e-01 7.16813147e-01 6.54572189e-01
    1.99628204e-01 4.12312090e-01 2.07520932e-01 5.62748373e-01
    2.17595696e-01 9.34737027e-01 2.56907940e-02 9.99481976e-02
    8.02980125e-01 1.50620759e-01 5.58891118e-01 8.97568464e-01
    8.58091533e-01 3.45965058e-01 3.89495075e-01 2.89072752e-01
    6.90491736e-01 9.63596702e-01 3.96968246e-01 9.87659931e-01
    3.67861241e-01 8.72129202e-01 2.91236579e-01 8.69412899e-01
    4.58269656e-01 7.10108876e-03 5.81695437e-01 8.66243362e-01
    3.10231447e-01 1.95038080e-01 9.31109786e-01 7.58666754e-01
    4.41096276e-01 5.86117923e-01 8.32770407e-01 4.23392951e-01
    4.94956374e-01 3.77374291e-01 6.74504936e-02 7.77990341e-01
    3.57852250e-01 6.97931051e-02 9.49746370e-01 6.79000378e-01
    3.40948403e-01 7.52490520e-01 1.37735933e-01 6.75147593e-01
    1.62545949e-01 5.86827278e-01 4.88383144e-01 5.66003263e-01
    8.84309471e-01 7.79542983e-01 2.84283221e-01 3.15426439e-01
    9.87994552e-01 5.27436852e-01 6.41550004e-01 3.03681970e-01
    1.95350826e-01 1.39634550e-01 1.29488736e-01 4.33022559e-01
    8.90235186e-01 9.42920864e-01 4.55488414e-01 9.14164066e-01
    9.43621933e-01 8.01820457e-02 6.86629593e-01 6.45480633e-01
    1.91506684e-01 4.35059190e-01 7.89090753e-01 4.83764321e-01
    6.06376529e-01 8.00569654e-02 1.24636769e-01 6.51425421e-01
    1.42170548e-01 1.76649481e-01 2.54882425e-01 1.49050266e-01
    9.67853069e-02 7.12414980e-02 6.19062066e-01 7.03495860e-01
    5.44962585e-01 8.23313117e-01 6.96089268e-02 8.18577290e-01
    6.78885162e-01 1.12166345e-01 8.70195925e-01 5.25304556e-01
    8.88955891e-01 3.24293852e-01 8.88974667e-01 8.25445890e-01
    2.31714129e-01 2.45330244e-01 7.92982459e-01 9.49507475e-01
    8.88068914e-01 6.12677455e-01 4.65323150e-01 1.98019654e-01
    1.14907831e-01 2.33234257e-01 5.31928420e-01 4.30144042e-01
    3.57407033e-01 5.20398736e-01 8.06706727e-01 5.88578522e-01
    2.40817070e-01 8.02511811e-01 7.31869936e-01 3.98487747e-02
    6.39415383e-02 9.74607348e-01 1.44930363e-01 5.81048191e-01
    1.06825083e-01 4.93281394e-01 1.19231820e-01 3.24652910e-01
    6.54978454e-01 6.44871354e-01 6.87940180e-01 2.30241179e-01
    4.17860329e-01 8.38941932e-02 7.70484149e-01 9.19958711e-01
    4.20147568e-01 4.15331423e-02 8.29062104e-01 8.21222603e-01
    5.21421611e-01 2.55222678e-01 2.39159018e-01 9.39416349e-01
    8.84132624e-01 1.18530989e-02 1.53182477e-01 3.60628754e-01
    8.82296860e-01 3.13825965e-01 3.54360044e-02 3.81643772e-01
    8.38784933e-01 6.33210063e-01 8.34524512e-01 7.51083612e-01
    8.09622705e-01 3.24128985e-01 7.26063609e-01 3.25881124e-01
    3.62419307e-01 6.23099387e-01 7.20886469e-01 4.73418415e-01
    5.95077217e-01 2.23845601e-01 6.79001451e-01 5.81783116e-01
    1.08763307e-01 2.00997293e-02 6.02678657e-02 9.80791211e-01
    4.54092741e-01 7.32843339e-01 3.67630392e-01 3.78450066e-01
    5.40719807e-01 3.58316302e-02 3.82457465e-01 2.00728744e-01
    2.61647195e-01 8.50430131e-01 5.65524995e-02 4.88503337e-01
    6.19746149e-01 2.03429192e-01 2.69699752e-01 5.21565020e-01
    8.20675731e-01 2.65307277e-01 4.26578045e-01 1.80971712e-01
    3.30917835e-01 1.00099027e-01 4.82301980e-01 8.03665400e-01
    5.98417521e-01 7.85980105e-01 9.63305295e-01 4.94643509e-01
    8.26789379e-01 4.74256694e-01 3.49131405e-01 5.33897877e-01
    9.36774135e-01 7.22668231e-01 3.14387858e-01 5.65461457e-01
    4.98576999e-01 3.32697451e-01 8.63241851e-02 2.92094469e-01
    2.80026436e-01 2.93204188e-03 5.59696078e-01 2.96026736e-01
    7.36562371e-01 7.07243800e-01 5.75988054e-01 2.85734057e-01
    7.25205541e-02 9.73600745e-02 3.79172921e-01 1.36808306e-01
    4.74320948e-01 8.20553005e-02 1.42781526e-01 2.74600208e-01
    2.21544802e-01 4.48467195e-01 5.79630136e-01 4.49055374e-01
    7.48255312e-01 1.23268962e-01 4.73101139e-02 6.04872942e-01
    5.64645529e-02 3.04266691e-01 2.09410191e-01 3.64621341e-01
    5.09878814e-01 1.37257338e-01 1.45060837e-01 6.55863106e-01
    6.35605216e-01 7.15926826e-01 8.59030247e-01 3.65989745e-01
    8.07389379e-01 4.98781800e-01 9.44954395e-01 5.49947381e-01
    5.98565400e-01 9.99948263e-01 3.69638503e-01 8.75406742e-01
    4.47432429e-01 7.28241801e-01 5.87555528e-01 2.77096033e-01
    4.35236871e-01 2.55705386e-01 2.63271481e-01 4.46572572e-01
    7.02212811e-01 6.78128600e-01 7.25531042e-01 2.26603955e-01
    1.33682549e-01 1.56195015e-01 1.39612585e-01 1.82199359e-01
    9.25939083e-02 3.89771163e-02 5.88127077e-01 5.29331207e-01
    4.54465151e-01 5.73813558e-01 1.91451162e-01 7.21536398e-01
    1.22425169e-01 3.46119285e-01 4.75087881e-01 5.50570250e-01
    6.97339177e-02 2.04331368e-01 3.03414524e-01 8.56734097e-01
    8.88529122e-02 1.76600516e-02 1.10778689e-01 8.88523459e-01
    2.73742855e-01 5.44280767e-01 3.83805722e-01 7.29426980e-01
    3.84188354e-01 2.89251208e-01 1.03459299e-01 7.83530891e-01
    4.51834768e-01 7.68224895e-01 8.45472157e-01 9.15446758e-01
    8.99795413e-01 8.54530632e-01 2.06784606e-01 7.50051737e-01
    5.76209068e-01 8.40804338e-01 9.50682163e-01 8.81190658e-01
    6.13055348e-01 2.16912150e-01 2.51416862e-02 9.33170319e-03
    1.34257734e-01 6.65200949e-01 5.83231091e-01 4.36704457e-01
    9.61583376e-01 6.08881414e-01 4.12650973e-01 3.61748099e-01
    9.72807884e-01 6.96035445e-01 9.29217100e-01 2.53977954e-01
    6.58502400e-01 3.56015027e-01 9.91093934e-01 9.28177953e-01
    5.21908224e-01 3.17351222e-01 6.70018375e-01 1.21996194e-01
    6.16330624e-01 4.02546078e-01 3.97867262e-02 8.06123972e-01
    3.49332213e-01 7.01732039e-01 2.23818243e-01 1.33750558e-01
    2.53513455e-03 8.05300474e-03 9.68448043e-01 4.31869000e-01
    9.84571517e-01 2.49319673e-02 3.11404914e-01 1.03310913e-01
    4.83298868e-01 5.13978779e-01 7.32994914e-01 2.95775741e-01
    8.46424341e-01 8.28179300e-01 4.87013757e-02 6.25822544e-02
    2.92040706e-01 6.45446658e-01 5.84523618e-01 9.72834229e-01
    7.18188882e-01 6.78724408e-01 9.16721463e-01 5.34714580e-01
    1.67751014e-01 5.61663270e-01 6.82035089e-01 1.17286146e-02
    4.68168378e-01 9.48816299e-01 4.09140408e-01 1.65246874e-01
    5.70853889e-01 5.72256684e-01 7.41467953e-01 2.98468351e-01
    1.62050158e-01 9.13987994e-01 7.16520965e-01 6.47626162e-01
    7.36977577e-01 8.64390135e-01 7.66137242e-02 9.43799019e-01
    2.35460222e-01 4.77626234e-01 3.76317382e-01 8.22880864e-01
    2.16961861e-01 5.78405261e-01 4.59316969e-01 2.71970928e-01
    6.93034768e-01 6.18550003e-01 3.75793159e-01 3.03474665e-01
    8.55746567e-01 6.17082238e-01 4.41646904e-01 7.62932777e-01
    7.67084002e-01 8.89234602e-01 5.42605698e-01 6.31146431e-01
    2.40721047e-01 7.69157708e-01 3.25361282e-01 6.13332391e-01
    6.19407594e-02 1.41203105e-01 2.45621234e-01 2.39444196e-01
    7.18533099e-01 5.20826042e-01 4.17928219e-01 3.58788669e-01
    6.27607167e-01 2.85590172e-01 4.92365301e-01 6.18344843e-02
    3.63883436e-01 8.68548393e-01 8.12514424e-02 2.31645077e-01
    8.24732780e-01 5.54642200e-01 8.15934896e-01 1.07880294e-01
    1.34340078e-01 5.25533676e-01 8.45739126e-01 9.24176872e-02
    3.63791883e-01 6.98108554e-01 8.93963516e-01 4.73694503e-02
    5.99374533e-01 4.16226864e-01 7.38906562e-01 7.26768553e-01
    8.16250861e-01 8.61673951e-01 6.44432187e-01 4.71748769e-01
    8.23273361e-01 4.82706279e-01 3.10917735e-01 1.72658533e-01
    8.96193624e-01 3.43194157e-01 1.29501998e-01 8.12035501e-01
    8.00683737e-01 1.23018175e-01 6.64317071e-01 5.09184957e-01
    9.35999513e-01 1.03118986e-01 9.53737617e-01 7.09255338e-01
    4.75795627e-01 5.55939972e-02 5.40499091e-01 8.40227187e-01
    8.26175809e-02 5.23321211e-01 1.00807846e-02 2.39345789e-01
    8.44404638e-01 5.53373754e-01 1.03491127e-01 7.83424675e-02
    1.61000729e-01 4.87957209e-01 8.89782786e-01 1.29408509e-01
    1.24428600e-01 5.87336421e-02 2.13988543e-01 3.73167694e-01
    4.68180448e-01 7.42811441e-01 8.50087643e-01 3.01153302e-01
    6.70042455e-01 8.33863676e-01 4.38458890e-01 6.04879916e-01
    8.91409636e-01 3.74740422e-01 3.39543998e-01 2.07534939e-01
    3.76523018e-01 5.55839658e-01 9.88469124e-02 4.14302289e-01
    3.65063161e-01 9.00016785e-01 2.27818638e-01 1.51637942e-01
    4.73414391e-01 2.40219176e-01 7.83722758e-01 4.15531039e-01
    5.87941170e-01 7.33720303e-01 8.39064240e-01 2.81778961e-01
    7.08072901e-01 4.42522883e-01 1.11331820e-01 5.61134398e-01
    4.46762919e-01 9.27491128e-01 8.09749663e-01 1.62391961e-02
    7.34436333e-01 7.03903615e-01 9.79997575e-01 8.52048099e-01
    7.79311836e-01 7.98009872e-01 5.29164255e-01 9.63064432e-01
    8.52961898e-01 7.36733437e-01 9.94029641e-01 7.38183081e-01
    5.55834472e-01 2.12086409e-01 7.37773120e-01 5.87580979e-01
    9.21475172e-01 6.60925329e-01 5.38849413e-01 2.54602820e-01
    1.50004625e-02 4.98641193e-01 4.99737322e-01 6.97272778e-01
    9.56206918e-01 1.90428495e-01 5.30730784e-02 2.71982133e-01
    9.08056617e-01 7.02821255e-01 7.10086346e-01 2.18449205e-01
    8.66902232e-01 1.05080277e-01 8.12001228e-01 6.77358985e-01
    1.20065182e-01 4.21605527e-01 8.97985816e-01 8.49280536e-01
    6.93347335e-01 3.79896402e-01 9.93748426e-01 4.03233439e-01
    4.23519403e-01 1.89330280e-01 9.01543379e-01 9.60066676e-01
    1.78143680e-02 3.07694942e-01 5.10680497e-01 7.03296125e-01
    8.70374680e-01 6.01922095e-01 3.76023948e-02 5.34406960e-01
    2.16047674e-01 8.99760962e-01 1.50821418e-01 9.10028338e-01
    5.70257723e-01 7.18661904e-01 2.20784903e-01 1.62700027e-01
    5.96734285e-01 4.69073236e-01 6.19745135e-01 2.80134499e-01
    6.83373928e-01 3.49291235e-01 7.19014168e-01 7.15921283e-01
    8.79697382e-01 2.32373923e-01 1.90726817e-01 4.31650788e-01
    8.39469135e-01 2.40601629e-01 6.51691914e-01 1.77299678e-01
    4.73866701e-01 9.22548771e-02 6.45599067e-02 7.50251710e-02
    1.86335415e-01 9.21283662e-01 1.98927701e-01 3.61806870e-01
    3.58295292e-01 7.49864995e-01 2.78264821e-01 9.38310385e-01
    8.87123466e-01 2.74210721e-01 2.10956961e-01 3.55243713e-01
    6.38351977e-01 8.36353064e-01 8.00427198e-02 7.75717854e-01
    2.45024443e-01 3.76241803e-01 2.42552996e-01 9.03537512e-01
    1.55970722e-01 7.55658031e-01 3.62500697e-01 2.64238238e-01
    5.19652605e-01 8.92561495e-01 7.71536946e-01 9.37339425e-01
    9.12030339e-02 1.50290668e-01 7.83779979e-01 2.64220238e-02
    5.69283962e-01 7.37477958e-01 6.80499077e-02 4.47323024e-02
    3.10107052e-01 4.94758457e-01 8.83249283e-01 4.07505065e-01
    9.31609154e-01 1.00953013e-01 2.31946945e-01 2.63147980e-01
    1.43781364e-01 4.77090359e-01 1.65351570e-01 7.37233818e-01
    7.28670657e-01 5.35722971e-01 4.81019914e-01 8.83220851e-01
    1.04916960e-01 3.28984946e-01 8.39911699e-01 5.75632274e-01
    9.47537363e-01 2.86858350e-01 1.53369933e-01 9.18962061e-01
    1.64840162e-01 6.24266326e-01 2.00551510e-01 1.80197448e-01
    4.82298851e-01 5.18683970e-01 8.52422237e-01 9.14275050e-02
    6.38428092e-01 2.26977408e-01 1.75870478e-01 4.45712596e-01
    2.32904494e-01 8.26826215e-01 9.70439196e-01 5.04578948e-02
    7.83772707e-01 6.63244486e-01 8.00056159e-01 7.03114033e-01
    6.90204084e-01 2.12221265e-01 8.90609384e-01 9.47849989e-01
    9.59765017e-02 8.79414558e-01 8.08207393e-01 6.48700118e-01
    2.89292067e-01 5.79693377e-01 8.19869399e-01 5.68943441e-01
    7.88311839e-01 8.80277872e-01 3.95562738e-01 8.31997037e-01
    4.10087049e-01 6.97737992e-01 7.61814475e-01 8.12434793e-01
    5.96186221e-02 1.41983628e-02 4.59339917e-02 7.06801593e-01
    4.73459244e-01 5.85832655e-01 8.28120947e-01 5.42153180e-01</data></test_img>
<my_img type_id="opencv-matrix">
  <rows>128</rows>
  <cols>256</cols>
  <dt>f</dt>
  <data>
    4.64341998e-01 4.13707197e-01 1.28745306e+00 -2.47215033e-01
    1.27054334e-01 6.52019680e-01 -1.85464025e-02 1.15329254e+00
    -3.30158949e-01 1.04666686e+00 -4.52312261e-01 1.28514946e+00
    1.36345816e+00 1.16672468e+00 9.82232749e-01 2.72261381e-01
    1.41491246e+00 1.23403001e+00 -3.70052755e-01 1.05787754e-01
    7.24678993e-01 4.34094906e-01 -2.13107914e-01 1.36677635e+00
    1.30122352e+00 1.11643434e+00 8.50112498e-01 7.95018196e-01
    8.73544097e-01 -3.11792254e-01 -6.48761988e-02 4.54337627e-01
    9.37663436e-01 1.00979030e+00 3.69078845e-01 5.27707815e-01
    1.12697393e-01 -4.61298227e-01 1.15002978e+00 1.52596688e+00
    1.08214998e+00 1.35637617e+00 1.72274858e-01 9.10068274e-01
    8.14072490e-01 1.18705177e+00 1.19939697e+00 -6.09508455e-02
    6.91026926e-01 4.84293699e-02 6.67030036e-01 1.01436138e-01
    5.18186688e-02 5.24197996e-01 4.31247652e-01 1.26032925e+00
    -2.83169925e-01 4.71556067e-01 1.40230989e+00 1.13908887e-01
    1.47556460e+00 -4.79068816e-01 1.26845503e+00 -4.20385003e-02
    1.30804801e+00 -1.92879826e-01 8.65268469e-01 5.92271805e-01
    4.66162026e-01 1.33965015e+00 -2.87933409e-01 -3.50379765e-01
    7.47204423e-01 9.61459875e-01 1.45556903e+00 -4.16786492e-01
    -2.18922138e-01 1.25786722e+00 -2.92740643e-01 7.28239477e-01
    1.41577077e+00 -1.55733556e-01 3.32314909e-01 2.14112282e-01
    1.31423378e+00 5.44055223e-01 4.68884677e-01 -7.25284815e-02
    -9.97354984e-02 -4.67356831e-01 2.85889059e-01 1.47029841e+00
    9.35770273e-01 -7.76160657e-02 1.88848376e-01 8.34049463e-01
    -1.38697326e-01 1.05404842e+00 -2.62640417e-01 4.32086468e-01
    5.27863860e-01 1.25176430e+00 -8.66740346e-02 5.43791413e-01
    6.72400236e-01 9.59076345e-01 2.83008635e-01 7.99644709e-01
    -1.47312850e-01 8.26854467e-01 1.02404535e+00 -2.81379819e-01
    -2.44892284e-01 -4.44671303e-01 1.02090585e+00 -4.51815099e-01
    -1.51015222e-01 2.64794558e-01 -2.99451798e-01 2.35738873e-01
    1.16384864e+00 3.76974523e-01 3.87531281e-01 5.59558988e-01
    6.68852627e-01 5.07147074e-01 3.87605548e-01 1.47375536e+00
    1.09438634e+00 -1.80432111e-01 -2.59220183e-01 1.39334893e+00
    1.86057389e-01 2.76309520e-01 1.50500154e+00 9.60296690e-02
    5.17498791e-01 5.81725955e-01 8.22383523e-01 1.08732677e+00
    -6.44646585e-02 2.20740736e-01 1.48437393e+00 -7.30818510e-03
    1.15441167e+00 9.16267753e-01 2.03088552e-01 2.25265414e-01
    -8.94864798e-02 2.21721947e-01 1.25943303e+00 8.45164001e-01
    1.65140331e-02 6.77928209e-01 4.19983268e-01 4.03394401e-02
    1.44279718e-01 2.04858005e-01 9.25592303e-01 1.47730219e+00
    6.81117058e-01 9.39169526e-01 -3.76839161e-01 8.06806982e-02
    1.44057894e+00 -3.25144768e-01 2.07948089e-02 1.06921387e+00
    5.82085550e-01 7.84511864e-01 7.73999095e-02 -1.26145512e-01
    6.78007483e-01 1.19046402e+00 8.50392401e-01 1.41936707e+00
    2.04515159e-01 -2.77298450e-01 -1.00338250e-01 -3.95144165e-01
    2.80763447e-01 1.19613504e+00 1.03128731e+00 6.85583949e-01
    -4.27179158e-01 1.27377725e+00 4.80908155e-02 3.41162622e-01
    -6.50080740e-02 1.11140358e+00 6.52705848e-01 -6.57387078e-02
    1.04750919e+00 -4.62293684e-01 1.65612280e-01 -2.77152658e-01
    7.83657789e-01 -4.16277885e-01 2.05822229e-01 2.34951377e-01
    -2.70606875e-01 -9.10098553e-02 1.18939352e+00 9.66578722e-01
    -1.19581550e-01 4.19093609e-01 3.34302366e-01 1.54906929e-01
    -6.84977472e-02 6.08697832e-01 3.63514364e-01 -3.96625102e-02
    1.32479620e+00 6.34010553e-01 -2.93028295e-01 1.37001526e+00
    3.24837267e-01 3.07002783e-01 1.98759556e-01 9.39391911e-01
    1.00650787e-01 -1.43170893e-01 1.29378963e+00 4.12913859e-01
    1.10549951e+00 -5.72872162e-02 5.89773297e-01 -5.06242812e-01
    1.31460547e+00 -3.78736079e-01 7.08588600e-01 2.80191004e-01
    1.13289714e+00 -1.86003149e-02 6.09783411e-01 1.21199894e+00
    1.05741453e+00 -6.56068325e-03 3.96443069e-01 -4.40700382e-01
    -1.37857229e-01 -3.15242946e-01 -4.75257993e-01 -4.47911918e-02
    4.02947664e-02 1.35478902e+00 6.78021312e-02 1.77701712e-02
    8.17182124e-01 1.05729365e+00 1.17267811e+00 1.34963143e+00
    1.25392652e+00 1.17184019e+00 1.49390006e+00 7.48642683e-01
    1.44268298e+00 1.24490857e+00 9.30641770e-01 4.87656474e-01
    1.13301134e+00 -2.11756617e-01 7.71708012e-01 -9.55937207e-02
    4.87435341e-01 3.46576691e-01 4.12945807e-01 1.07645822e+00
    6.50636375e-01 -2.79070735e-02 1.38437903e+00 1.23438644e+00
    6.63840175e-01 3.34756434e-01 7.84045398e-01 6.86522305e-01
    -7.56534934e-02 1.49416864e-01 7.03295708e-01 -2.09159553e-02
    6.55496657e-01 1.47511148e+00 1.05232668e+00 1.39837182e+00
    8.15350652e-01 7.51596510e-01 9.96633351e-01 1.43021464e+00
    7.78032303e-01 -2.27279127e-01 8.84376109e-01 1.06127405e+00
    3.92088890e-01 -3.81171763e-01 -3.91057402e-01 -1.55103177e-01
    -3.21251273e-01 1.12367523e+00 3.33445132e-01 3.08356464e-01
    2.87242800e-01 1.21339536e+00 -2.71624029e-01 1.03571618e+00
    4.83256876e-02 1.32428646e+00 9.97778952e-01 5.10505676e-01
    3.45084369e-01 1.33360744e-01 3.29768658e-01 2.88317025e-01
    8.13714981e-01 2.97217011e-01 7.17153907e-01 -4.96417671e-01
    -4.69328731e-01 1.10936999e+00 1.22634566e+00 5.63621521e-01
    2.85531521e-01 -2.47875750e-02 1.01653910e+00 3.12156081e-01
    7.25437701e-01 -4.42354321e-01 1.35918677e-01 -9.90640223e-02
    2.58536875e-01 7.67328084e-01 1.99331939e-01 -3.03830653e-01
    9.71438527e-01 4.77326393e-01 9.30099905e-01 8.22326720e-01
    6.01441443e-01 -1.23801768e-01 9.39333022e-01 7.04805851e-02
    6.20932877e-01 -1.51984990e-01 1.50459421e+00 2.26208031e-01
    1.24212050e+00 -4.35408413e-01 3.49570215e-01 1.26347399e+00
    2.93917000e-01 -3.46846968e-01 5.82776427e-01 6.93527102e-01
    9.26762044e-01 1.02663469e+00 1.28462887e+00 1.25249505e+00
    3.86546969e-01 1.82067811e-01 1.39790773e+00 1.42285705e-01
    1.23459101e+00 6.40562832e-01 1.40353668e+00 1.19871688e+00
    1.43668711e+00 6.75746560e-01 5.37382007e-01 2.45406538e-01
    1.18183506e+00 1.13998187e+00 1.38111877e+00 2.51404852e-01
    -3.32653761e-01 -2.72760421e-01 6.07229948e-01 9.97636914e-01
    4.19619650e-01 1.31244570e-01 1.31190276e+00 -3.53684753e-01
    1.01742578e+00 9.93499458e-01 6.74873590e-02 1.06865644e+00
    4.92619514e-01 7.93505430e-01 2.45356917e-01 2.20619321e-01
    1.16260600e+00 1.34856820e-01 9.88539457e-01 -2.26740241e-01
    1.47261548e+00 4.31238025e-01 1.77471638e-02 6.17491722e-01
    4.54682112e-02 1.29744124e+00 1.00774157e+00 4.59888220e-01
    2.66064972e-01 1.32317376e+00 1.17131203e-01 3.09665769e-01
    1.32623446e+00 1.01366138e+00 -2.31287152e-01 3.77129436e-01
    1.25940704e+00 1.18493450e+00 6.64158404e-01 5.70719600e-01
    1.42330170e+00 -4.11916107e-01 7.48660088e-01 7.74343610e-02
    2.79556155e-01 1.21956229e-01 -3.41124117e-01 6.60037398e-01
    8.09128284e-01 2.89983004e-01 1.41097260e+00 5.78492820e-01
    8.38011801e-01 2.34110832e-01 1.48806071e+00 9.35409486e-01
    -1.90579295e-01 -4.38403457e-01 2.67314136e-01 1.26511860e+00
    1.67726457e-01 6.20875180e-01 1.06428695e+00 8.25039983e-01
    8.09032500e-01 -4.25704658e-01 -1.42811447e-01 1.00603890e+00
    -1.65016413e-01 4.83071804e-01 1.49808168e+00 4.91237462e-01
    9.68817472e-02 -1.09367102e-01 8.63450289e-01 6.52651608e-01
    -1.59212053e-01 1.01090336e+00 7.76136279e-01 5.82738161e-01
    1.22203088e+00 1.21819091e+00 3.90386283e-01 9.68903005e-01
    1.31569731e+00 -2.04844892e-01 9.68549550e-01 6.74134910e-01
    1.03541803e+00 -3.27520192e-01 -3.62456203e-01 1.47222650e+00
    -1.23947114e-01 8.09291959e-01 4.20608401e-01 1.46926475e+00
    -4.07459855e-01 7.31893182e-01 -4.10555959e-01 1.03905487e+00
    1.41211128e+00 4.05758619e-01 7.72103786e-01 1.09906948e+00
    1.27708244e+00 -6.60876036e-02 1.47108877e+00 7.75738001e-01
    1.38489461e+00 1.19693947e+00 1.43919826e-01 1.04639673e+00
    -1.57429695e-01 7.59891927e-01 3.66053164e-01 -1.10913903e-01
    1.00287378e-01 1.36115760e-01 -2.80979514e-01 8.02423179e-01
    1.43496418e+00 -4.45613652e-01 1.54446781e-01 6.41756296e-01
    1.42507660e+00 -4.11549747e-01 1.30818295e+00 -1.17540270e-01
    3.98696780e-01 1.47817302e+00 8.39712739e-01 4.43716228e-01
    8.94826293e-01 9.57766950e-01 -1.81142509e-01 1.92078173e-01
    9.97316837e-02 5.69161236e-01 9.48875725e-01 -4.63541508e-01
    6.00442886e-02 -4.94980842e-01 -2.22535551e-01 1.47370577e-01
    -3.11780572e-01 1.42707527e-01 -3.36932957e-01 7.59619415e-01
    1.07077670e+00 7.11822510e-02 -3.04565430e-02 1.06988633e+00
    1.18681169e+00 1.22851276e+00 -1.27739072e-01 1.42338109e+00
    2.10573375e-01 1.86504841e-01 1.25171518e+00 1.48378944e+00
    2.87296653e-01 1.34952140e+00 1.34907782e+00 1.41578436e+00
    6.87795639e-01 8.42363834e-02 4.25246656e-01 4.57303673e-01
    9.61168528e-01 1.22910964e+00 -3.12256426e-01 8.62052560e-01
    5.60833335e-01 2.31012493e-01 -1.71039402e-01 4.08321857e-01
    2.07511991e-01 -2.12699622e-01 1.22342336e+00 3.12709123e-01
    4.28026676e-01 -1.19878232e-01 9.20242608e-01 2.48657733e-01
    -2.70681739e-01 -4.46565449e-02 8.47538352e-01 1.34262669e+00
    -1.97817624e-01 -1.71478122e-01 9.39545572e-01 4.59970832e-02
    -3.63181591e-01 -1.96006596e-02 1.48774087e+00 2.46153653e-01
    9.98953760e-01 6.98556423e-01 8.09355557e-01 9.86847758e-01
    5.85147619e-01 3.41905177e-01 6.83012664e-01 -2.70450711e-02
    -4.13453817e-01 7.59968460e-01 -1.53125614e-01 1.83046937e-01
    5.50333142e-01 -3.07825178e-01 9.54026520e-01 7.46580303e-01
    7.83068538e-02 1.65090740e-01 2.90970385e-01 4.16950881e-01
    3.89679790e-01 5.21069884e-01 9.72989559e-01 1.08501303e+00
    -3.61885905e-01 3.11318099e-01 1.37838316e+00 -4.86461371e-01
    2.94382960e-01 2.62490720e-01 -3.61403465e-01 1.44113153e-01
    5.29108405e-01 6.55861378e-01 -3.06204200e-01 1.20199072e+00
    1.39051604e+00 7.71393538e-01 6.27326429e-01 9.71874595e-01
    1.07357907e+00 -4.66494650e-01 2.34669149e-01 4.16270912e-01
    4.19754207e-01 4.52412605e-01 3.95516932e-01 2.98236787e-01
    3.22972953e-01 -3.46168607e-01 9.28311706e-01 5.42417943e-01
    3.39066684e-01 -3.99109036e-01 -1.04146898e-01 1.50846195e+00
    1.11772060e+00 -1.22486174e-01 8.34901094e-01 -1.25047803e-01
    -1.28971636e-02 -1.26954019e-01 2.88221031e-01 1.29832840e+00
    1.49875641e+00 6.33597791e-01 1.03153408e+00 6.41441464e-01
    1.00095367e+00 8.76405239e-01 9.69949126e-01 -2.50621319e-01
    -2.93174505e-01 7.56549418e-01 5.88416934e-01 1.48468649e+00
    4.74502683e-01 -2.02322841e-01 1.24471307e-01 1.49661005e-01
    -6.61045313e-02 1.11033320e+00 8.58220816e-01 8.92912090e-01
    1.32571793e+00 6.39551759e-01 8.54215026e-01 5.45873284e-01
    9.79033709e-02 2.96539694e-01 1.24375820e+00 -3.03678334e-01
    8.73761475e-01 8.37293386e-01 8.90249014e-01 1.12665057e+00
    1.37663871e-01 -7.24129975e-02 3.51006508e-01 1.45705283e+00
    3.74413610e-01 1.88210934e-01 8.37293863e-01 1.03041160e+00
    1.29742944e+00 9.51206207e-01 2.63195157e-01 5.86413026e-01
    -1.26793355e-01 5.08589506e-01 2.32062876e-01 8.86801898e-01
    7.45597482e-01 5.28729141e-01 6.23364568e-01 1.07645392e+00
    1.49480033e+00 -1.61802411e-01 4.44552362e-01 6.46560431e-01
    -5.15956163e-01 -2.17641085e-01 1.48447680e+00 6.24807060e-01
    6.09743595e-03 2.06901073e-01 5.42897463e-01 4.23493743e-01
    9.22229588e-01 5.43736041e-01 -6.47884607e-03 1.48627186e+00
    9.58350182e-01 1.38053727e+00 -1.07973695e-01 8.32576632e-01
    6.58271790e-01 8.74825954e-01 7.91958213e-01 -1.16660625e-01
    2.96713978e-01 -2.97043681e-01 1.76798612e-01 -4.17627513e-01
    -7.99854994e-02 1.06623769e-03 1.05267906e+00 -2.96097398e-01
    1.04534054e+00 6.63703680e-01 2.21436322e-02 4.43451583e-01
    1.19234347e+00 -4.60994065e-01 9.05081153e-01 1.90319657e-01
    8.43076944e-01 1.10040534e+00 -3.51987898e-01 4.41068798e-01
    7.77086973e-01 4.56774294e-01 1.15948975e-01 3.92001510e-01
    1.36594093e+00 6.86164379e-01 2.04870105e-01 6.40711427e-01
    4.17540908e-01 1.06369615e+00 1.04879808e+00 -2.12413073e-03
    1.32736742e+00 3.82049561e-01 -4.68533486e-01 8.44502449e-01
    1.72791004e-01 5.21905124e-01 1.24005997e+00 4.55702841e-01
    1.31226969e+00 1.39351177e+00 9.13245559e-01 1.43399477e-01
    7.58705139e-01 7.13981986e-01 3.50646079e-01 1.13581586e+00
    5.48733413e-01 1.36809468e+00 8.51067543e-01 8.94969702e-02
    4.90915775e-03 -4.04922843e-01 -1.33492410e-01 3.92910659e-01
    4.46903050e-01 1.30267262e+00 1.09979129e+00 3.41129839e-01
    9.66804028e-01 -4.45889473e-01 3.75470340e-01 2.86079049e-01
    1.46088886e+00 7.96150386e-01 1.19020665e+00 5.94162941e-03
    1.03120637e+00 1.62537754e-01 1.13160026e+00 8.77044439e-01
    -1.27063483e-01 5.69032490e-01 1.13004947e+00 1.36584282e+00
    -3.06241214e-02 1.31619382e+00 -3.23476315e-01 8.50623310e-01
    -4.44091558e-01 1.01996291e+00 -3.72275710e-01 5.37967026e-01
    1.28110111e-01 -1.64605737e-01 2.15148926e-02 8.50239933e-01
    1.05506170e+00 6.47709131e-01 6.97878540e-01 9.32480097e-01
    1.19529068e+00 3.81128162e-01 1.27642393e+00 -1.69908643e-01
    -9.43533778e-02 1.35253656e+00 7.41589308e-01 -3.01807940e-01
    8.90335798e-01 8.74112546e-02 4.13172185e-01 1.38119018e+00
    5.07836938e-01 9.14717078e-01 4.86102343e-01 -2.76952356e-01
    9.77930367e-01 -1.88840181e-01 -4.67847943e-01 3.32592845e-01
    1.19658351e+00 1.11769724e+00 1.31955743e-01 6.59392893e-01
    -8.52988064e-02 2.80976355e-01 -1.91435546e-01 -2.62481868e-01
    9.64514434e-01 -8.13071132e-02 9.45346177e-01 1.06717563e+00
    -3.57916892e-01 1.41089082e+00 1.03276491e+00 3.94373536e-02
    3.48516643e-01 5.53374827e-01 3.41965973e-01 5.79200387e-01
    -1.43442661e-01 -4.51827139e-01 8.76231015e-01 -4.81036723e-01
    1.04219532e+00 1.28133810e+00 1.96699709e-01 4.78003144e-01
    1.29536796e+00 7.62811899e-02 4.89080071e-01 3.79037857e-02
    9.68487978e-01 -3.54566514e-01 6.57073200e-01 3.09573293e-01
    3.49349976e-02 5.75122952e-01 2.56133735e-01 9.48419154e-01
    1.07592630e+00 1.06505227e+00 1.17796385e+00 1.12353420e+00
    5.86306274e-01 -1.68486744e-01 1.49469972e+00 1.41827679e+00
    -1.85423374e-01 -8.46038461e-02 8.79854739e-01 7.91745007e-01
    8.97151709e-01 -3.73750091e-01 4.72890407e-01 1.14778221e+00
    -3.91399264e-02 -1.48264736e-01 5.93497634e-01 -4.46195275e-01
    5.39514363e-01 6.68245137e-01 1.04831314e+00 5.37791014e-01
    6.38316154e-01 8.03848505e-01 1.09431434e+00 6.77760720e-01
    2.67619908e-01 -1.56667978e-01 1.27704167e+00 5.03321171e-01
    9.99984562e-01 -1.97136402e-01 4.66776550e-01 4.03978825e-01
    7.33358979e-01 7.81791627e-01 7.49342740e-01 2.12985098e-01
    1.44180572e+00 1.31644630e+00 -4.12446618e-01 8.20161700e-01
    -2.19474435e-01 7.14022636e-01 -1.74044371e-01 -1.76702648e-01
    1.24430394e+00 3.65705132e-01 -1.06167376e-01 9.15444136e-01
    -3.08485627e-02 3.27143431e-01 1.14131045e+00 9.85501707e-01
    1.40404677e+00 5.89907169e-02 8.72192621e-01 9.44662094e-01
    -3.09701025e-01 1.27221489e+00 1.44236422e+00 -4.87763494e-01
    7.59498179e-02 -4.48133379e-01 7.96660423e-01 7.99579144e-01
    5.00344098e-01 1.34416294e+00 8.42083216e-01 1.35020030e+00
    1.15660572e+00 -4.12583590e-01 -8.62559974e-02 1.24656177e+00
    1.16436684e+00 7.81302214e-01 1.46967626e+00 6.30330205e-01
    7.14403749e-01 8.34306180e-01 1.99505866e-01 1.52081192e-01
    1.27045524e+00 4.77383852e-01 1.24541259e+00 -8.12055767e-02
    3.82818401e-01 1.35737705e+00 1.10558987e+00 3.88220310e-01
    8.05540085e-02 2.17200786e-01 -1.99812442e-01 3.12002987e-01
    1.12038672e-01 4.25971895e-01 1.09676927e-01 4.53183413e-01
    1.32769239e+00 -2.41863683e-01 3.42304587e-01 4.96146888e-01
    2.76789606e-01 1.04859471e-03 -3.26972127e-01 1.30308020e+00
    6.95545077e-02 9.23166275e-01 8.34597707e-01 4.90996659e-01
    2.38316357e-01 1.12773955e+00 1.47024727e+00 1.30251265e+00
    1.22035587e+00 7.87640810e-02 -3.08634937e-02 1.44502854e+00
    -3.44518721e-01 -4.60447550e-01 1.15606856e+00 -3.21513027e-01
    1.04582608e-01 4.95259523e-01 6.31638587e-01 -2.14684159e-01
    -3.44997019e-01 3.18417549e-02 -3.70417237e-02 1.38349843e+00
    2.11445510e-01 1.31741166e+00 1.03574061e+00 1.35986900e+00
    1.01053667e+00 -5.16573548e-01 1.05091000e+00 1.01840675e+00
    6.24963045e-02 -1.12401992e-01 -2.16984779e-01 -4.05182630e-01
    4.97534335e-01 3.39551270e-01 8.65326464e-01 -2.21085668e-01
    -2.71225929e-01 1.23248279e+00 5.11649907e-01 7.15124667e-01
    8.67766440e-01 3.61687839e-01 1.12111545e+00 -3.04559290e-01
    -2.27483511e-01 1.05309653e+00 9.94020164e-01 -4.30860728e-01
    3.61367226e-01 -1.75440520e-01 6.83556199e-02 1.28538692e+00
    3.64731729e-01 -6.40777647e-02 5.97884595e-01 -7.14829862e-02
    -3.60982716e-02 -3.29515070e-01 3.72855663e-02 4.41587269e-01
    1.45722508e+00 1.08416057e+00 1.02585483e+00 1.32980943e+00
    2.12187827e-01 1.35524487e+00 1.07319915e+00 1.44157839e+00
    -1.51519775e-02 3.34456444e-01 5.53836823e-02 4.37553823e-01
    6.65677309e-01 8.65289986e-01 1.07209468e+00 -1.73678041e-01
    -1.38902962e-01 9.54585433e-01 -2.35209018e-01 1.23803425e+00
    1.15679371e+00 -3.03097069e-01 -2.54637659e-01 8.38067770e-01
    1.02070594e+00 -9.20493305e-02 4.72891212e-01 6.65687203e-01
    1.43725824e+00 7.26504207e-01 -4.34416950e-01 -3.24594200e-01
    1.29266143e+00 1.24214679e-01 1.18949533e+00 7.21906126e-01
    8.42238069e-02 1.38908267e+00 8.10505807e-01 1.20173812e+00
    1.37951159e+00 4.91297901e-01 4.55228388e-01 2.93509603e-01
    3.34832489e-01 -1.54557735e-01 1.36520028e-01 6.22520804e-01
    8.15916896e-01 6.00294292e-01 1.11272967e+00 -4.89084929e-01
    1.13060343e+00 1.02434528e+00 8.90331209e-01 -5.36004901e-02
    -1.09554797e-01 -4.73342270e-01 5.00141084e-01 1.05987549e-01
    3.65102410e-01 7.35662520e-01 -4.48783457e-01 8.30860734e-01
    -5.42642772e-02 4.46599364e-01 8.76316547e-01 1.43865347e-02
    -3.00206423e-01 -2.88980037e-01 5.57599664e-01 -1.84507072e-01
    -2.88109004e-01 1.14865911e+00 -9.61720943e-05 -2.40957290e-01
    1.76292747e-01 -9.78989005e-02 3.06500673e-01 -1.10541284e-01
    8.13222945e-01 8.53457272e-01 1.32581139e+00 4.44726139e-01
    2.97991574e-01 -3.63771617e-01 8.70112658e-01 2.47921824e-01
    -3.11559737e-02 1.41234195e+00 8.68743658e-01 -4.29271162e-02
    -1.69609457e-01 3.05858374e-01 -3.10226500e-01 1.66948259e-01
    2.50164747e-01 4.43290144e-01 1.46002567e+00 -1.55028999e-01
    1.01363897e+00 4.40627575e-01 -4.10502732e-01 4.95284259e-01
    -3.97926569e-01 2.33053088e-01 -1.83884680e-01 1.99090719e-01
    1.27783895e+00 1.40224087e+00 -3.30446690e-01 7.51771390e-01
    2.81586349e-01 1.12272477e+00 1.38608766e+00 7.75726557e-01
    -4.43263024e-01 -2.57970810e-01 -2.02187687e-01 -3.11017752e-01
    1.10015011e+00 6.11361980e-01 -2.88402855e-01 3.03250551e-03
    -4.62138027e-01 5.08626819e-01 4.22525406e-02 -2.05348760e-01
    3.30834329e-01 3.25009525e-01 -4.26906228e-01 3.13464671e-01
    1.10218120e+00 5.40557921e-01 8.49106908e-03 6.98531687e-01
    9.99913096e-01 9.50196862e-01 1.04470587e+00 6.85773492e-02
    -2.78689742e-01 1.12846100e+00 7.46030152e-01 -2.98039079e-01
    9.52853918e-01 -4.86726016e-01 2.26935953e-01 8.17716241e-01
    -4.89765048e-01 8.82928371e-01 1.24281615e-01 -1.65179789e-01
    -2.11930275e-01 -1.76667035e-01 8.77872586e-01 1.04489756e+00
    7.00733423e-01 5.75780630e-01 6.05779827e-01 1.37280178e+00
    -1.94683373e-02 1.36299968e+00 -1.54530108e-02 -4.65106785e-01
    1.16147995e-02 1.47670221e+00 -2.40546167e-01 1.31511343e+00
    1.73069477e-01 5.15483379e-01 1.14756882e+00 1.42854595e+00
    2.60713160e-01 1.34480059e+00 9.51538026e-01 3.43380809e-01
    -1.14347339e-02 1.04516172e+00 7.88148522e-01 -2.69941032e-01
    9.22121406e-01 -4.52766478e-01 2.75737047e-03 8.41260791e-01
    1.04127431e+00 3.29268754e-01 2.91819811e-01 -3.49749148e-01
    9.17104781e-02 8.45508218e-01 1.42405355e+00 8.15544724e-01
    -1.88587368e-01 2.69953609e-02 1.12566471e+00 1.43533397e+00
    -2.69889891e-01 1.48846459e+00 2.40855873e-01 -2.55291462e-02
    9.89404738e-01 1.11679626e+00 3.06346118e-01 7.71991193e-01
    7.28513241e-01 5.90397179e-01 1.28976762e+00 1.01090145e+00
    8.35936606e-01 -1.22771263e-01 1.47636056e+00 -2.11877376e-01
    3.05996835e-01 1.07222617e+00 1.88148618e-01 7.77582109e-01
    2.09270418e-01 1.06633949e+00 1.27292538e+00 4.27400291e-01
    1.16834617e+00 -1.07598096e-01 9.95983958e-01 1.46194649e+00
    4.98079598e-01 1.55383945e-01 3.77701163e-01 -4.58828926e-01
    -3.98770124e-01 -1.60043657e-01 -1.08354807e-01 -1.86517209e-01
    1.46992540e+00 -3.81713569e-01 1.02905917e+00 -2.90321052e-01
    2.99321532e-01 1.10373020e+00 7.85737634e-01 -5.01050591e-01
    2.17928529e-01 7.58734345e-02 1.13863885e+00 -3.34319830e-01
    1.10852778e+00 1.03694022e-01 1.37419200e+00 1.35767853e+00
    1.29004300e-01 7.08720624e-01 8.64385784e-01 5.59842169e-01
    1.33931708e+00 1.92620099e-01 -4.74880636e-02 -1.41213834e-02
    7.63133645e-01 7.76203036e-01 -4.84744489e-01 1.70188487e-01
    -3.78882289e-02 1.29991865e+00 2.22968698e-01 1.27446365e+00
    -6.60405755e-02 1.19042885e+00 7.88731158e-01 9.63753462e-02
    1.33083129e+00 -2.07324475e-01 1.80177689e-02 7.17007816e-01
    9.01236594e-01 -4.03842866e-01 1.46986008e+00 1.36804676e+00
    -1.85190231e-01 2.60058433e-01 -2.59005725e-02 1.41348243e-02
    -4.04433995e-01 4.69020814e-01 -3.65458637e-01 -1.14233613e-01
    -8.75350833e-02 -6.48117661e-02 5.47708511e-01 -3.02022398e-01
    -1.47483945e-01 -2.41775930e-01 6.49736762e-01 -4.63244021e-02
    1.46934187e+00 -3.62116992e-01 4.76360321e-01 -4.51209247e-01
    -2.74170816e-01 1.39681280e+00 2.17902184e-01 -4.17827278e-01
    4.02998626e-01 7.47490466e-01 -2.99664915e-01 -1.86054915e-01
    2.90332556e-01 9.07593369e-01 2.39809692e-01 -5.10653853e-03
    -2.15725869e-01 1.47358680e+00 1.36245513e+00 -2.72561342e-01
    4.52582985e-01 1.47856057e+00 1.05569887e+00 4.41863835e-01
    3.49829346e-01 1.11044407e-01 6.35336697e-01 1.16001356e+00
    1.04337955e+00 -3.80188227e-03 8.58261108e-01 9.63830948e-01
    1.48358083e+00 -2.77835608e-01 1.19581312e-01 8.75916719e-01
    -3.82127285e-01 1.13049328e-01 1.31318241e-01 1.24704552e+00
    3.47952425e-01 1.19698966e+00 1.06670845e+00 -1.70236886e-01
    -2.89989173e-01 -3.72720391e-01 1.45452344e+00 -1.03674114e-01
    5.45870781e-01 3.33796740e-02 1.22327423e+00 8.92906427e-01
    8.55630517e-01 1.37203622e+00 2.84060061e-01 -1.13291353e-01
    5.72246075e-01 -4.90953773e-01 7.54172206e-02 7.96161890e-01
    2.63541937e-01 1.08181357e+00 3.01105917e-01 6.57707155e-02
    1.06476331e+00 -2.98382878e-01 -4.36303049e-01 3.88640434e-01
    9.10747409e-01 -4.37977314e-01 6.73800468e-01 1.08722448e-02
    3.33879173e-01 5.60623288e-01 5.64078271e-01 4.27699327e-01
    7.25614667e-01 7.63179779e-01 6.34316683e-01 1.41299200e+00
    3.15424860e-01 8.99451315e-01 6.42333925e-01 5.19984186e-01
    4.27074611e-01 1.48592269e+00 -5.97473979e-03 3.44808519e-01
    3.40440571e-02 5.34856439e-01 9.32356238e-01 -1.08524233e-01
    -4.58662271e-01 -5.05765080e-02 4.04380888e-01 -4.31424648e-01
    9.59720433e-01 8.75544310e-01 5.18429518e-01 4.42823470e-02
    -4.16069925e-01 1.15575671e+00 9.61818397e-01 -4.59258795e-01
    9.04129744e-01 1.99722081e-01 7.19311357e-01 2.79245466e-01
    4.12325025e-01 6.54526353e-02 1.06269228e+00 8.41552854e-01
    8.83514524e-01 -1.23430312e-01 7.06780970e-01 3.89917254e-01
    6.87895834e-01 1.14753056e+00 1.44514441e-02 2.57703066e-02
    6.17963016e-01 1.34243727e+00 8.92269254e-01 1.01687860e+00
    -7.04516172e-02 1.01121163e+00 1.37386715e+00 6.47668242e-01
    -9.00926292e-02 1.07190537e+00 2.67184138e-01 -1.82918757e-01
    5.79885900e-01 -1.07058257e-01 5.92677891e-01 7.11228669e-01
    6.11407280e-01 1.31165838e+00 1.05966794e+00 1.43516827e+00
    7.01875567e-01 1.32084489e+00 -4.51212645e-01 -2.77994365e-01
    6.80015922e-01 3.53057534e-01 3.57762814e-01 5.96072972e-02
    -1.00176692e-01 2.45458215e-01 1.11328053e+00 1.71837658e-01
    8.73396099e-01 -2.80567467e-01 3.41624945e-01 1.21627176e+00
    6.05960727e-01 8.70672941e-01 1.44615436e+00 -2.87900448e-01
    1.05062544e-01 2.09871829e-01 1.21437860e+00 1.24215043e+00
    7.52533495e-01 7.87142515e-02 2.83713341e-01 2.81315088e-01
    2.61729300e-01 7.34181523e-01 -4.15788680e-01 5.75057268e-02
    1.24645066e+00 4.83205795e-01 -3.42568696e-01 3.66542220e-01
    -1.08901083e-01 7.64663994e-01 4.74856436e-01 8.07998300e-01
    9.15513039e-02 1.26514983e+00 1.07650852e+00 -4.76204157e-02
    5.05791783e-01 6.35201931e-02 1.19156957e+00 5.40374875e-01
    1.16125679e+00 1.36272228e+00 -1.23251647e-01 1.12196898e+00
    9.47868705e-01 6.95632339e-01 1.00443816e+00 1.19008517e+00
    7.08785057e-02 9.59296525e-01 6.00120544e-01 7.45393038e-01
    3.37844133e-01 1.03138888e+00 -2.12286323e-01 2.56741107e-01
    1.13564765e+00 8.68486047e-01 1.63167119e-01 1.18100715e+00
    -2.06100732e-01 1.27667129e-01 7.44915009e-02 1.27172995e+00
    1.11805105e+00 1.06237471e-01 5.65952659e-01 1.12246132e+00
    -3.88127267e-01 9.14556205e-01 6.13603771e-01 -4.33844566e-01
    8.44179511e-01 5.06487489e-02 4.50085282e-01 1.31016397e+00
    1.36597455e-01 3.40687215e-01 1.00299656e+00 -5.07659614e-01
    1.18687463e+00 2.67214894e-01 2.72162557e-02 8.79186630e-01
    1.23340333e+00 3.06973159e-01 7.75504947e-01 5.75572252e-03
    1.25788260e+00 6.14090085e-01 9.01729882e-01 9.97697115e-01
    1.50180721e+00 -3.32454979e-01 -1.40551269e-01 -3.36426079e-01
    2.90699005e-01 1.13582587e+00 9.26966786e-01 5.81107736e-01
    -5.52134514e-02 8.37240815e-02 8.76673102e-01 -1.36997700e-01
    1.01554561e+00 -4.93168563e-01 2.36212313e-02 1.23718810e+00
    -2.17243105e-01 8.01864505e-01 1.45507216e+00 7.77222037e-01
    1.32557774e+00 1.18985152e+00 7.05138445e-01 6.95114017e-01
    -1.49118215e-01 1.46415079e+00 9.90710437e-01 -2.25771606e-01
    1.32372165e+00 1.43521857e+00 -1.26166940e-02 2.82135755e-01
    1.52138412e+00 -6.17491007e-02 2.77778149e-01 5.17482519e-01
    9.97453630e-01 1.50718391e+00 1.03836632e+00 1.22313452e+00
    1.15478766e+00 1.30640686e+00 4.65130448e-01 1.32201838e+00
    3.27320784e-01 1.17087400e+00 1.20623195e+00 -7.56236613e-02
    5.06247044e-01 5.21387994e-01 1.24768603e+00 1.43093646e-01
    9.26106811e-01 1.42121661e+00 1.12367868e-01 1.45443082e+00
    1.42859495e+00 2.27016866e-01 9.65651393e-01 -3.08696747e-01
    1.03132653e+00 1.00840425e+00 1.08791733e+00 1.26337433e+00
    5.52465796e-01 5.48713207e-01 -2.88245976e-01 4.50091243e-01
    5.77738702e-01 9.58489656e-01 1.40171647e-02 5.09904265e-01
    5.89708269e-01 9.59012985e-01 -2.86181867e-02 2.85953462e-01
    1.37278605e+00 9.63913441e-01 -4.18217927e-01 9.87152457e-01
    1.24890482e+00 6.79233193e-01 9.59680974e-02 1.43347502e-01
    7.06373453e-02 -3.09344888e-01 1.25293016e-01 -3.42169553e-01
    -2.53188372e-01 6.32643700e-04 1.17197847e+00 -1.12065703e-01
    -1.19941801e-01 5.98765552e-01 1.12907171e+00 1.25589979e+00
    7.44404614e-01 -2.84406841e-01 2.46910274e-01 7.07044303e-01
    1.26252627e+00 -4.32935685e-01 1.28884149e+00 1.39597207e-01
    -3.32472652e-01 1.77120477e-01 -3.16956818e-01 5.57106137e-01
    -2.87988842e-01 -4.34529543e-01 3.72027814e-01 -2.25484073e-02
    5.60544014e-01 -2.73144782e-01 -2.61228740e-01 6.78994536e-01
    4.71853495e-01 -9.79659855e-02 1.33318174e+00 -4.44621444e-01
    1.19442821e+00 7.10672140e-01 1.25003338e+00 1.37196863e+00
    6.91257238e-01 -3.98334563e-01 1.01287711e+00 -4.10934657e-01
    5.61130404e-01 8.09507549e-01 5.37602901e-01 5.68137944e-01
    -2.90998399e-01 8.22640061e-01 1.27597654e+00 6.41738653e-01
    3.22609127e-01 7.82158196e-01 -4.74842638e-01 -4.27133441e-01
    4.94856536e-01 -2.97613978e-01 3.85674357e-01 3.05872202e-01
    -1.61089778e-01 -4.72146213e-01 7.54518270e-01 8.51672888e-03
    9.34912205e-01 1.22818542e+00 7.59033322e-01 -2.71405965e-01
    2.58539319e-02 2.69985199e-01 8.45162392e-01 8.71488690e-01
    8.25014830e-01 1.32025957e-01 1.45732379e+00 1.08467710e+00
    1.53512537e-01 1.39043033e-01 -4.35664058e-01 -1.54788733e-01
    -3.36880386e-02 5.19168377e-01 1.20031273e+00 8.72902155e-01
    -1.19568020e-01 7.63087869e-01 4.71940905e-01 1.32598400e+00
    3.62433285e-01 6.34919643e-01 2.16390908e-01 7.50763535e-01
    2.76060104e-02 -3.11546773e-01 1.23174953e+00 -4.15190816e-01
    1.10176587e+00 1.13332558e+00 7.18360662e-01 2.85193801e-01
    1.10621083e+00 -3.09676617e-01 9.54636633e-01 4.01293874e-01
    -3.24763119e-01 6.95444167e-01 5.03533363e-01 -1.88745558e-02
    1.40954125e+00 -1.25534832e-01 1.50116122e+00 9.25464749e-01
    -5.96447587e-02 1.33526206e+00 4.42714691e-02 5.80601692e-01
    1.16104031e+00 2.48943567e-01 -1.93113536e-01 4.53190804e-01
    -8.42390060e-02 1.45711529e+00 -2.59551942e-01 5.61881423e-01
    5.07577002e-01 9.23693001e-01 -2.34193683e-01 7.07593322e-01
    6.24413788e-01 9.19942439e-01 -5.89669347e-02 8.68570447e-01
    7.29630291e-01 1.41804433e+00 1.08462918e+00 7.47373760e-01
    5.77711701e-01 -2.90322244e-01 6.29200578e-01 -1.52528644e-01
    3.85137439e-01 1.38907623e+00 -1.23535872e-01 2.00776398e-01
    6.33055270e-01 1.46481228e+00 9.27381516e-02 1.24582613e+00
    1.24185681e+00 2.80295014e-01 1.04976892e+00 8.02718937e-01
    -2.99465150e-01 -1.97877109e-01 2.42101312e-01 1.37244272e+00
    -4.03522640e-01 3.45913768e-02 1.16297650e+00 7.04163074e-01
    -5.09638250e-01 -3.51112485e-01 5.58804512e-01 -1.27682090e-02
    6.17359817e-01 9.17570651e-01 4.63988960e-01 1.30789328e+00
    1.30142522e+00 -2.48324484e-01 -1.11175299e-01 -4.23419118e-01
    1.10683084e-01 3.62780988e-01 -2.44145304e-01 2.14624375e-01
    -3.23268592e-01 8.58457088e-02 5.59978008e-01 -2.85346746e-01
    1.54260218e-01 3.49700630e-01 2.07379758e-01 -1.48379624e-01
    -3.38955551e-01 7.47718930e-01 1.43829656e+00 1.35699034e+00
    6.56430125e-01 2.51105130e-01 7.21010089e-01 2.19411254e-02
    1.08146429e-01 2.58826494e-01 6.79444730e-01 1.27639997e+00
    3.49642694e-01 1.25776625e+00 9.82126296e-01 -2.23882198e-02
    1.37680793e+00 1.19002104e+00 -3.11198294e-01 1.16819352e-01
    4.40393746e-01 1.32428765e+00 1.51162887e+00 -4.04117405e-02
    1.04026675e+00 -4.85047221e-01 7.65620291e-01 -3.53330493e-01
    9.58547235e-01 1.06628430e+00 8.81559312e-01 9.88757014e-01
    -6.28209710e-02 -4.98469770e-02 -8.15805793e-03 1.28246665e+00
    -3.34590703e-01 4.20497060e-02 1.02464485e+00 7.62196839e-01
    1.41332650e+00 -1.59698814e-01 -3.80226582e-01 -1.44185662e-01
    7.99692750e-01 1.45004404e+00 9.70186353e-01 1.32679808e+00
    1.48912740e+00 -4.06993687e-01 -8.87549222e-02 1.03192878e+00
    -4.55804557e-01 1.15067792e+00 -4.87747312e-01 8.95615697e-01
    3.58391523e-01 1.45860898e+00 3.74768555e-01 7.37911463e-01
    -6.20991886e-02 1.02682769e+00 1.10012507e+00 -2.87658751e-01
    -1.85233355e-01 3.64067227e-01 2.43037999e-01 1.87447071e-01
    -3.68856817e-01 4.21651721e-01 3.06629062e-01 1.15239710e-01
    7.34528422e-01 9.39591646e-01 6.32014215e-01 8.53006840e-01
    1.11086667e-01 -2.61849880e-01 1.27683878e+00 6.82167590e-01
    3.73947978e-01 6.47389591e-01 5.73812783e-01 8.29557896e-01
    1.20998168e+00 3.54260623e-01 -3.17756534e-01 9.61635470e-01
    -6.95942044e-02 1.04761207e+00 -2.04831302e-01 -7.02657104e-02
    5.91652513e-01 4.04732585e-01 -5.55106103e-02 9.98407662e-01
    -7.51041770e-02 2.64995456e-01 -7.16595948e-02 4.87720817e-01
    2.76369691e-01 -4.11705226e-01 6.66474104e-02 -4.10044074e-01
    2.67555833e-01 6.15022302e-01 -1.95273459e-01 -4.10493135e-01
    8.60809207e-01 8.49258006e-02 -2.66720951e-01 4.48561341e-01
    6.20590448e-01 1.28621054e+00 9.05714452e-01 -2.52352387e-01
    -3.71733308e-02 -4.94317591e-01 1.17539048e+00 1.25221074e+00
    -1.85673654e-01 1.41902399e+00 -1.22226745e-01 -2.96794832e-01
    1.49645507e-01 1.22218728e+00 1.28222919e+00 -5.15052438e-01
    8.08676183e-01 -4.49110985e-01 1.17243564e+00 -4.19232070e-01
    5.13285995e-01 3.47356737e-01 1.47351980e+00 9.44026470e-01
    9.47534144e-01 4.96141255e-01 2.50192881e-02 9.72400606e-01
    1.16335464e+00 1.31949973e+00 -4.96650100e-01 4.11208570e-01
    -3.53780687e-01 -3.13052773e-01 3.99984926e-01 1.47763777e+00
    4.44065243e-01 1.45336306e+00 1.44903374e+00 -5.45341074e-02
    7.70234406e-01 -4.02202427e-01 -4.65044558e-01 3.38168234e-01
    1.19167328e+00 1.47877204e+00 1.21987736e+00 9.43742633e-01
    1.76591247e-01 8.05684566e-01 2.77583152e-01 1.37381172e+00
    6.90366268e-01 7.47141898e-01 1.31838870e+00 -7.73349106e-02
    1.15804410e+00 -1.42551482e-01 1.23585522e-01 -4.21634465e-01
    1.33959937e+00 1.05030704e+00 3.66103441e-01 6.08140409e-01
    7.34194934e-01 -3.92853528e-01 -1.19722694e-01 6.49454176e-01
    1.34358382e+00 1.30976534e+00 8.05652320e-01 4.97500956e-01
    4.21137929e-01 8.83797526e-01 1.93328559e-01 -2.12622643e-01
    8.77012193e-01 -3.55626345e-01 1.04378760e+00 9.80454683e-03
    -2.44880676e-01 1.36633325e+00 1.12121272e+00 -8.42833519e-03
    -2.75155902e-01 5.45484424e-02 1.46011591e+00 4.66920793e-01
    1.74671710e-01 3.93002272e-01 3.09738338e-01 6.38815224e-01
    -2.70028710e-01 5.60568571e-01 1.14265394e+00 1.15959597e+00
    8.51205170e-01 9.53566372e-01 -3.17460269e-01 1.31732202e+00
    5.16745746e-01 1.15215707e+00 2.98008740e-01 3.92100811e-02
    -6.10726178e-02 -3.18833649e-01 1.41899347e-01 1.34559155e+00
    -4.73410487e-02 1.42584610e+00 1.38966703e+00 1.11139476e+00
    7.64170587e-01 -6.29388988e-02 8.47689390e-01 2.79571354e-01
    4.24642742e-01 1.05411601e+00 -4.30584550e-01 8.30868006e-01
    9.31405425e-02 1.43613935e-01 1.17406321e+00 1.28073645e+00
    8.30002010e-01 5.08563578e-01 3.49319458e-01 9.30454612e-01
    1.14738464e-01 8.33888054e-01 2.26023495e-01 8.21313262e-01
    -4.48521465e-01 3.17258120e-01 1.35696101e+00 5.19873857e-01
    4.53764498e-01 1.27375865e+00 3.96117687e-01 -7.24294186e-02
    -2.10003048e-01 6.70392752e-01 2.32903481e-01 -2.72621632e-01
    1.03157759e+00 -3.40001225e-01 1.12309134e+00 8.83560777e-01
    2.57372439e-01 1.21957660e+00 2.92678863e-01 7.36828506e-01
    8.13686490e-01 1.32241011e+00 1.41867328e+00 1.41242814e+00
    1.20609450e+00 8.42063427e-01 -3.87075722e-01 9.00173068e-01
    2.65060633e-01 -2.29892582e-01 9.38380957e-01 5.08581877e-01
    -3.02994668e-01 1.38407338e+00 4.16294217e-01 1.38621235e+00
    6.45092487e-01 3.48822922e-01 7.49199867e-01 1.18741560e+00
    -3.95590872e-01 1.98945642e-01 2.73636758e-01 6.93811893e-01
    1.19116592e+00 9.93771076e-01 6.48344040e-01 3.72768283e-01
    1.30324268e+00 1.33442676e+00 -1.43626869e-01 4.01536047e-01
    -4.10467684e-01 8.11157346e-01 2.83740163e-01 9.84969974e-01
    1.24573737e-01 1.07826769e+00 8.28270912e-02 6.68918133e-01
    2.97619402e-01 9.13026392e-01 7.65997946e-01 8.15950572e-01
    1.08580422e+00 1.44324863e+00 7.86073565e-01 7.44083464e-01
    1.48841488e+00 8.88194084e-01 1.34410143e+00 1.18212342e+00
    1.11002159e+00 4.91364002e-01 5.72249293e-02 1.08808708e+00
    2.18610853e-01 -3.59407574e-01 8.91591012e-02 1.76458359e-01
    -6.92678094e-02 4.01414812e-01 1.34466720e+00 2.50812322e-01
    -2.14882910e-01 -3.27268720e-01 2.07951665e-03 -3.43279958e-01
    -3.13274264e-01 9.08942223e-01 3.48267674e-01 1.00266600e+00
    1.67021394e-01 6.86488748e-01 1.36072981e+00 3.21902335e-01
    -1.73428208e-01 6.83264732e-01 -4.01709467e-01 1.47222996e+00
    -2.13764310e-01 1.38994002e+00 -3.27169061e-01 9.03008938e-01
    1.04240572e+00 -3.61510575e-01 -4.23699319e-01 2.32254684e-01
    1.45347059e+00 1.09364176e+00 9.19228911e-01 8.11940432e-01
    1.34693861e+00 7.90038705e-03 3.50915849e-01 -1.85293913e-01
    1.19208169e+00 3.63842964e-01 8.24902833e-01 3.32910925e-01
    -7.81048834e-02 1.40759456e+00 5.65266073e-01 -3.45510185e-01
    4.01920587e-01 2.75293320e-01 1.07987988e+00 -4.56876457e-01
    3.15001488e-01 1.07707942e+00 8.67385507e-01 3.43265533e-01
    4.82522845e-02 -3.06217998e-01 7.15110540e-01 1.35983765e-01
    -5.03817260e-01 1.40500736e+00 -3.10987175e-01 5.68919837e-01
    1.22244704e+00 9.80355620e-01 -3.51974487e-01 8.39325190e-01
    6.09052062e-01 1.44229889e+00 -5.12065768e-01 1.00406051e+00
    6.88030362e-01 -2.98011959e-01 -4.28060085e-01 9.96404886e-01
    -1.32354438e-01 2.97795534e-02 -3.90247762e-01 5.27233362e-01
    1.44961941e+00 1.31933904e+00 7.65645266e-01 2.39304543e-01
    -4.48388934e-01 1.18873572e+00 -3.71941924e-01 1.45799839e+00
    1.62468582e-01 2.15698332e-01 -3.83887231e-01 1.71420902e-01
    1.90479934e-01 -1.11100942e-01 -2.89950222e-01 1.28751218e-01
    4.52703029e-01 1.78065389e-01 3.16135883e-01 -2.41025865e-01
    1.46238136e+00 4.34979200e-01 -2.36909986e-02 1.10511494e+00
    -2.70236373e-01 -6.33572340e-02 1.02595043e+00 6.19816422e-01
    1.47291470e+00 3.61656308e-01 1.41650009e+00 -4.97185707e-01
    1.18074608e+00 5.82404792e-01 1.39197683e+00 3.07725072e-02
    -3.10682535e-01 1.94957435e-01 9.30308044e-01 7.75386333e-01
    7.05718398e-02 9.48108792e-01 1.41942024e+00 1.37057614e+00
    6.74027503e-01 1.05421901e-01 9.69994009e-01 7.52401590e-01
    6.03741705e-01 1.68197930e-01 7.83504009e-01 5.89453220e-01
    7.81952441e-01 9.80832875e-01 -3.06042612e-01 -6.10602200e-02
    5.37773609e-01 1.18266058e+00 9.58254158e-01 1.35959613e+00
    9.27397013e-01 3.64140689e-01 1.20548594e+00 9.43866491e-01
    1.42095613e+00 3.43318939e-01 1.09039807e+00 -5.22114813e-01
    1.25695169e+00 1.02320385e+00 -1.11595243e-01 3.69961202e-01
    -4.98422474e-01 5.17158449e-01 -2.24258512e-01 -1.33019477e-01
    1.15758264e+00 2.60843635e-02 -3.12069863e-01 2.22401083e-01
    6.75540209e-01 1.24233007e+00 5.12680113e-01 5.57070792e-01
    1.21121824e+00 -4.45238531e-01 3.30731928e-01 6.29612446e-01
    5.57344258e-01 -1.76610708e-01 1.37240982e+00 3.54475021e-01
    1.02742302e+00 5.65414667e-01 -1.26310527e-01 1.07337976e+00
    7.66914785e-01 1.47692800e-01 7.18178034e-01 3.53287041e-01
    5.81680417e-01 8.79889190e-01 1.16683626e+00 6.18656099e-01
    5.98431230e-01 2.31972516e-01 -8.14185441e-02 1.37225246e+00
    -9.63890553e-02 6.15811586e-01 3.33546638e-01 -1.58205241e-01
    7.47148871e-01 1.01929832e+00 -2.21445531e-01 2.58097351e-01
    6.63478792e-01 -4.46782053e-01 -4.41455215e-01 6.42062783e-01
    1.45290494e-02 1.46106696e+00 1.38089633e+00 1.10603869e+00
    6.95398927e-01 -1.36459261e-01 1.44245434e+00 -3.47584486e-02
    -4.44284737e-01 -3.42551708e-01 -3.76624078e-01 9.33721066e-02
    8.91384959e-01 1.12788069e+00 -3.88855577e-01 2.09920645e-01
    1.38017631e+00 1.38531089e+00 -4.64970469e-01 1.30868113e+00
    1.23286307e-01 -4.62280750e-01 1.51209688e+00 3.83437306e-01
    -3.22172076e-01 8.79506171e-02 -3.88247967e-01 7.96885252e-01
    5.00374198e-01 2.35418320e-01 -3.75192523e-01 5.52383423e-01
    4.02927309e-01 6.53498769e-01 7.25575328e-01 5.44627666e-01
    5.89782357e-01 3.35381061e-01 6.86760068e-01 -8.73984993e-02
    4.56361294e-01 1.07817531e-01 3.19433212e-02 4.26855683e-02
    -1.32379055e-01 9.79846120e-02 7.47438490e-01 -4.34527755e-01
    7.89506733e-01 -4.99363363e-01 1.23030281e+00 -4.60338622e-01
    6.32384539e-01 3.53466362e-01 5.91025412e-01 -6.30986392e-02
    1.42611086e+00 1.04331481e+00 -7.50592053e-02 2.03485072e-01
    -5.21590710e-02 -3.92348170e-01 1.28711724e+00 -4.11963582e-01
    6.63725138e-01 6.49804473e-01 -1.50937915e-01 1.08902812e+00
    9.55095887e-01 1.44764578e+00 2.89014757e-01 1.27605104e+00
    4.28315759e-01 1.09219277e+00 7.63555646e-01 -8.54080617e-02
    -2.42132962e-01 6.56050980e-01 3.28503489e-01 3.01320076e-01
    8.45687032e-01 7.46285319e-01 7.89997101e-01 1.04679561e+00
    9.16085899e-01 1.51656103e+00 6.02318883e-01 1.36770940e+00
    5.52037418e-01 1.40825951e+00 -1.49976790e-01 1.40070379e+00
    9.80288625e-01 1.50153190e-01 -9.75933969e-02 7.76987791e-01
    4.35018092e-01 4.16473836e-01 -4.47975397e-01 -8.16540718e-02
    6.18872762e-01 8.91870081e-01 9.14387107e-02 8.60760689e-01
    -4.88715172e-02 9.81655836e-01 1.48106349e+00 1.02067685e+00
    5.60285032e-01 8.97957087e-01 8.54029894e-01 1.50726938e+00
    1.03024936e+00 -1.80603713e-01 -2.75339961e-01 1.18997216e+00
    -3.40520680e-01 1.06821203e+00 9.03360546e-01 3.85099053e-02
    8.24502826e-01 9.83575702e-01 7.31141388e-01 -2.19787389e-01
    -6.06147647e-02 -4.99599576e-02 8.85713875e-01 1.00710344e+00
    -3.17075431e-01 1.44484735e+00 1.33124518e+00 7.35135436e-01
    -3.65563065e-01 1.13360238e+00 3.14367801e-01 2.94870675e-01
    1.36831605e+00 9.52725351e-01 1.19117165e+00 -3.94150674e-01
    -3.15185994e-01 7.61449456e-01 1.27319503e+00 1.35849237e+00
    4.95319039e-01 1.25664043e+00 -3.84191453e-01 1.25095785e+00
    4.89968061e-01 -1.23171806e-01 -8.55085850e-02 7.24502921e-01
    4.36590791e-01 1.19647050e+00 4.08154279e-01 -2.34159976e-01
    -3.85645926e-02 -1.06919438e-01 6.40081584e-01 1.02008224e+00
    1.26753712e+00 7.27882504e-01 1.01553059e+00 9.13440466e-01
    7.20430493e-01 3.71385902e-01 -1.20386004e-01 3.26255172e-01
    4.16328192e-01 -6.81622922e-02 -2.97773719e-01 8.39271545e-02
    3.14725101e-01 1.27329290e+00 1.10048890e+00 1.21836376e+00
    -3.19791108e-01 8.96149337e-01 3.29507589e-02 9.98964906e-02
    1.44994330e+00 4.02888060e-01 -2.38257349e-01 1.24301839e+00
    6.04754210e-01 2.24018872e-01 1.33906221e+00 1.01368332e+00
    -1.79885417e-01 7.65733123e-02 6.84881210e-03 1.64946198e-01
    2.83711791e-01 4.75984573e-01 3.50183904e-01 1.48463035e+00
    8.60409558e-01 4.26206172e-01 1.43596649e+00 3.25259924e-01
    -2.76124805e-01 -4.53738302e-01 2.03005195e-01 1.13360643e+00
    8.22334051e-01 7.10488796e-01 1.13639235e+00 -1.10861540e-01
    1.06374562e-01 1.97931647e-01 5.63576341e-01 1.00256574e+00
    -7.23998249e-02 1.40930414e+00 -1.43691689e-01 5.12446821e-01
    5.42208433e-01 -1.91529900e-01 -1.70740396e-01 7.97524154e-01
    5.98772705e-01 -1.55392557e-01 4.83408570e-01 6.34218454e-01
    1.46568239e-01 -6.02960587e-03 7.30753660e-01 1.18581486e+00
    1.22498775e+00 1.32883072e-01 1.11580563e+00 1.42493224e+00
    1.22540426e+00 1.19208217e+00 1.07189357e+00 3.95011723e-01
    -4.96019572e-01 6.99072838e-01 6.69034600e-01 1.05483127e+00
    1.21609652e+00 1.33344746e+00 -1.40146315e-02 1.38330388e+00
    5.28613329e-02 6.27169728e-01 -1.41893536e-01 1.30231905e+00
    1.51337469e+00 -4.37156677e-01 1.29970562e+00 -3.42419565e-01
    5.78621268e-01 -2.19184339e-01 1.05264699e+00 -2.86968589e-01
    1.99386954e-01 1.34340811e+00 1.09503996e+00 6.12989128e-01
    -2.55642831e-01 -2.88623273e-02 4.36067611e-01 5.04981935e-01
    -2.57933140e-01 6.76938415e-01 -1.05536252e-01 -2.18640804e-01
    3.94871742e-01 6.45176768e-01 -2.71626413e-01 -9.39793289e-02
    -4.65386122e-01 5.26288092e-01 1.34378469e+00 8.66236925e-01
    4.47708070e-01 1.03602552e+00 1.17011523e+00 -1.64804727e-01
    9.05114412e-01 -2.19841778e-01 5.38863122e-01 -7.45329261e-02
    6.54413223e-01 3.89017999e-01 1.11322200e+00 -3.01882029e-02
    2.97850460e-01 9.25843120e-01 -4.73343343e-01 1.23085821e+00
    1.01203179e+00 9.59251702e-01 6.26890421e-01 -1.88173920e-01
    -1.31731302e-01 2.21934855e-01 1.29184413e+00 1.44167542e+00
    1.46341610e+00 5.73690176e-01 7.48156130e-01 5.60655892e-01
    4.39531207e-02 -2.53533512e-01 -2.59564221e-01 9.84622478e-01
    -9.00633633e-02 1.53816551e-01 1.34912610e+00 -3.11137319e-01
    1.17354810e+00 1.14922106e+00 -4.35911804e-01 1.98390573e-01
    5.00625730e-01 9.32074547e-01 1.10131025e-01 7.95732439e-02
    1.11252868e+00 -3.29396993e-01 -3.53088975e-02 -3.80840629e-01
    1.12383723e-01 2.41786897e-01 6.81591034e-01 7.49333858e-01
    2.11716115e-01 8.72584641e-01 5.32159746e-01 9.56988335e-01
    7.77211487e-01 1.25531530e+00 3.85108888e-01 7.72783518e-01
    1.36294007e+00 1.27190471e+00 8.09523225e-01 1.30958509e+00
    7.79813170e-01 5.33764064e-01 4.12474930e-01 -2.23515376e-01
    7.20314682e-02 8.07988286e-01 3.71863455e-01 1.00297511e+00
    1.51292634e+00 -1.35632753e-02 1.40660632e+00 5.55433691e-01
    -9.18270648e-02 -1.41908616e-01 -3.46169591e-01 -2.70873010e-01
    3.95255983e-01 1.13515162e+00 -3.94030124e-01 -3.43044668e-01
    -1.47803724e-01 8.69545519e-01 1.06439078e+00 -3.15228939e-01
    9.80392277e-01 -2.82955348e-01 1.09855688e+00 1.50173497e+00
    -1.92161024e-01 -3.31594020e-01 -3.59084219e-01 -3.17174673e-01
    9.40402150e-02 -4.08823192e-02 1.03178227e+00 6.56934381e-01
    -4.72372234e-01 7.65497327e-01 1.47987962e+00 7.76054323e-01
    5.24944007e-01 8.88425529e-01 1.28338158e-01 2.51403630e-01
    1.13593435e+00 6.84554219e-01 -4.30197120e-02 1.47593963e+00
    1.43435633e+00 2.89725631e-01 -2.76116818e-01 5.22302151e-01
    4.71313268e-01 6.03492081e-01 -4.60314721e-01 1.13920176e+00
    1.89507902e-02 7.00133860e-01 7.72622347e-01 1.15158057e+00
    -3.07307839e-02 -3.06045592e-01 1.43223524e+00 9.66198325e-01
    3.63120735e-02 3.56865704e-01 4.98234332e-02 3.10510010e-01
    1.01847184e+00 -3.15070689e-01 1.10699487e+00 1.16664076e+00
    -1.68190420e-01 6.16690099e-01 3.78391623e-01 4.43920255e-01
    1.38245440e+00 6.62733793e-01 1.23370147e+00 1.09071839e+00
    -1.07350111e-01 -1.98952615e-01 -2.66180336e-02 3.27250659e-01
    7.59779513e-01 -1.32676244e-01 -3.79663467e-01 5.62002778e-01
    -2.82584667e-01 -4.27899063e-01 9.76611495e-01 1.43406439e+00
    1.99118376e-01 -2.73043633e-01 1.44390845e+00 1.09623277e+00
    -5.43139875e-02 1.02975905e-01 -2.41818756e-01 8.16340744e-01
    7.22687066e-01 -1.66757554e-01 6.68959916e-01 1.11150622e+00
    6.74746692e-01 4.80282485e-01 -4.56578344e-01 1.32621396e+00
    -4.56810713e-01 -3.85286063e-01 6.71248436e-01 -4.93686438e-01
    7.65859663e-01 4.75569367e-01 -8.83629918e-03 -3.73530149e-01
    1.03216243e+00 -4.02455032e-01 1.21500564e+00 3.72594893e-01
    6.48170948e-01 -3.45234573e-01 2.12902308e-01 -2.09219992e-01
    1.02619261e-01 1.20690966e+00 -2.01879144e-01 -2.32354164e-01
    -4.64858055e-01 -2.10408688e-01 1.25995779e+00 5.69208324e-01
    2.41189301e-02 5.04512191e-01 -1.03079975e-02 1.17354918e+00
    3.14066470e-01 6.01410449e-01 -6.85681105e-02 8.67002606e-02
    5.39007783e-02 5.12003541e-01 1.44020736e-01 5.39412737e-01
    -3.64580512e-01 7.66795874e-02 8.70990872e-01 1.15037584e+00
    5.86431503e-01 1.37964106e+00 3.24990153e-02 -3.29591215e-01
    9.25848126e-01 9.64819670e-01 8.93944800e-01 1.07608128e+00
    1.07955790e+00 -2.91053057e-02 -2.14457810e-02 1.10218287e+00
    8.44160616e-01 2.30341673e-01 2.76104361e-01 1.49307990e+00
    -3.58380616e-01 1.43235183e+00 1.32874870e+00 7.33512640e-03
    4.78161991e-01 -3.88761401e-01 1.10124910e+00 5.29598355e-01
    2.76210248e-01 4.14222062e-01 1.37246954e+00 1.01631284e-02
    -2.56851912e-01 -3.03809941e-01 8.14408481e-01 2.03935355e-01
    -3.16193223e-01 5.00947237e-01 4.74482477e-02 4.60214823e-01
    -1.54167145e-01 1.50360513e+00 8.65739882e-02 1.20833844e-01
    -6.81294203e-02 1.17683887e-01 1.36531031e+00 3.69837552e-01
    1.01899803e+00 2.14990437e-01 1.34805572e+00 1.15825188e+00
    8.79459739e-01 -2.06729531e-01 -6.31614625e-02 1.35129988e-01
    5.45006156e-01 6.96530581e-01 2.69690365e-01 1.08188570e+00
    -3.27925712e-01 9.06732261e-01 -4.05088007e-01 3.77039909e-01
    -4.35594648e-01 -3.40584964e-01 4.75606263e-01 1.28548145e-02
    -4.58933979e-01 1.79555297e-01 6.77317321e-01 2.60306656e-01
    6.94025755e-01 5.84437966e-01 -1.57983541e-01 9.22867060e-02
    -4.31865454e-01 2.52694458e-01 5.62392771e-01 6.19517386e-01
    3.65898013e-01 7.54334331e-01 -1.27413392e-01 1.07752371e+00
    -5.86494207e-02 3.12354296e-01 4.70731318e-01 4.56335932e-01
    1.23306572e+00 1.11217171e-01 -3.29036474e-01 1.32529497e+00
    1.10017443e+00 5.52140474e-01 3.41563523e-01 8.25664878e-01
    -2.30052620e-01 1.07988679e+00 1.39839947e-01 6.93955243e-01
    -1.96660519e-01 1.85413003e-01 1.01891327e+00 -2.67078012e-01
    3.08980465e-01 6.39635324e-01 7.88887978e-01 -4.33663547e-01
    -6.19310141e-02 -6.84899092e-03 1.22193724e-01 -1.82176560e-01
    -3.56104255e-01 -1.23712867e-01 -4.15031791e-01 4.01863337e-01
    1.22952402e+00 7.93739319e-01 4.87505466e-01 1.32926154e+00
    -4.20063734e-01 -4.04673010e-01 6.56133592e-02 3.22123051e-01
    3.05987418e-01 9.34096336e-01 1.10765028e+00 1.50020027e+00
    9.84144866e-01 8.33205044e-01 7.23359585e-01 -4.17438865e-01
    4.80689019e-01 6.68503642e-02 7.24459589e-02 1.38552868e+00
    1.10888934e+00 8.93163681e-01 -4.17224467e-01 8.86640549e-01
    3.05129886e-01 1.14438581e+00 -1.42023206e-01 1.35557532e-01
    3.39777797e-01 -4.88141179e-03 7.76689053e-02 1.11818683e+00
    1.16430730e-01 8.18508208e-01 -4.18264180e-01 7.28383482e-01
    1.17490590e-02 2.05964386e-01 -2.32902199e-01 1.26943719e+00
    5.87821484e-01 5.34952164e-01 1.49606717e+00 -8.54071975e-03
    -1.02162361e-02 -4.24818695e-01 1.05487633e+00 1.08421469e+00
    3.71820152e-01 -9.04118717e-02 3.91167611e-01 1.27001226e+00
    -3.50661576e-01 8.51429939e-01 1.57948554e-01 1.36526179e+00
    2.32069850e-01 -1.38134867e-01 -3.53170335e-02 -5.12421429e-02
    6.35240257e-01 8.47386122e-01 7.68886566e-01 4.19725657e-01
    9.31541324e-01 -2.23422199e-01 3.63240540e-02 -2.34855056e-01
    -3.39909106e-01 7.30116308e-01 1.24266326e-01 -3.86407882e-01
    5.33517003e-01 5.19043922e-01 6.82931244e-01 5.23589730e-01
    -2.96658874e-01 1.47924018e+00 1.05914688e+00 6.16940022e-01
    1.23850119e+00 -3.35571080e-01 4.10914034e-01 6.94652796e-02
    -2.70294011e-01 -1.30466282e-01 -3.16080689e-01 3.23002636e-01
    4.56298411e-01 3.88979495e-01 -4.35703486e-01 2.41590202e-01
    8.99127007e-01 6.24781311e-01 1.43068326e+00 -4.39763904e-01
    5.62882543e-01 3.52792263e-01 1.05733776e+00 1.33021331e+00
    1.16247964e+00 1.27329516e+00 1.06745660e-01 -1.97540224e-01
    1.16595829e+00 1.26881671e+00 5.76419830e-02 8.12697828e-01
    5.23980379e-01 1.31390715e+00 1.08339596e+00 -3.99302483e-01
    1.34822583e+00 5.51552534e-01 3.45467627e-01 3.33905220e-03
    -2.70540178e-01 7.05167055e-01 1.35001624e+00 -9.61369276e-03
    9.29661095e-01 7.13691771e-01 -2.65760124e-02 -2.27238268e-01
    5.18482506e-01 5.34416020e-01 -4.26080376e-01 1.47267914e+00
    1.08458984e+00 5.56041777e-01 -2.66770810e-01 -4.06164020e-01
    1.14839280e+00 1.07324338e+00 7.39679694e-01 7.67879128e-01
    -4.97820526e-01 8.44432235e-01 3.48759174e-01 5.13780534e-01
    -7.30584264e-02 1.26475382e+00 -2.17595190e-01 1.01518250e+00
    5.30029178e-01 9.56478715e-02 5.62732458e-01 4.67976034e-01
    7.96548069e-01 1.07331276e-01 5.65028250e-01 6.97646141e-02
    8.41880322e-01 -1.51268989e-01 8.73951435e-01 3.65728676e-01
    6.61506414e-01 1.15073490e+00 6.54381514e-03 1.41212153e+00
    1.12695765e+00 -5.07615626e-01 1.31346428e+00 1.21729088e+00
    1.44618475e+00 1.42964721e+00 -3.73704106e-01 1.85115933e-01
    3.36163342e-01 -2.32916713e-01 6.30308330e-01 2.66233861e-01
    6.49602532e-01 2.97056824e-01 1.16904461e+00 1.15627885e+00
    4.86962914e-01 3.42221707e-01 4.95697826e-01 -4.79443341e-01
    -4.59516048e-03 2.39049941e-01 5.47835469e-01 -2.79865056e-01
    -1.68779910e-01 4.97930229e-01 1.29015875e+00 7.70212889e-01
    3.14997315e-01 1.68610781e-01 2.48616725e-01 -3.42245787e-01
    1.04118705e-01 4.59800601e-01 6.32894456e-01 -7.91153312e-03
    2.10058570e-01 6.19223773e-01 1.42298460e+00 5.31994164e-01
    5.21898508e-01 4.76437151e-01 9.96374309e-01 1.41973245e+00
    7.64325857e-02 6.40236557e-01 5.38646996e-01 3.49572837e-01
    6.92441106e-01 1.10429716e+00 1.26468754e+00 2.57322371e-01
    8.93003166e-01 1.12892222e+00 -2.07511842e-01 6.62584484e-01
    1.18687105e+00 3.65436196e-01 -3.57234359e-01 -3.40386868e-01
    2.49544919e-01 7.80250669e-01 1.04362893e+00 -3.97587359e-01
    3.36534917e-01 8.77879024e-01 -5.47634661e-02 1.13258386e+00
    -2.90883809e-01 -2.46537924e-02 1.30174232e+00 4.86998498e-01
    7.15216637e-01 1.08203936e+00 5.26032090e-01 -3.40400159e-01
    1.09188557e+00 4.38218117e-02 5.83747268e-01 1.41686594e+00
    -4.69288737e-01 9.68370259e-01 1.49746776e+00 1.49929702e+00
    5.35377562e-01 -4.74970877e-01 9.06646252e-04 -1.08669043e-01
    1.14920318e+00 2.79777050e-01 1.01826334e+00 6.19077265e-01
    8.14598203e-01 -3.68055940e-01 7.29060173e-01 1.02513599e+00
    1.14597976e-01 9.80863273e-02 6.42803073e-01 1.36057436e-02
    8.42864871e-01 1.48664325e-01 -7.76079297e-03 4.55245703e-01
    6.99010253e-01 1.37883258e+00 1.32923961e+00 2.14798301e-01
    7.77910352e-01 9.15678680e-01 -1.03405118e-03 9.21132863e-01
    8.30850720e-01 1.57642215e-01 1.41052616e+00 1.12786698e+00
    -2.93454230e-02 1.51051891e+00 1.50248134e+00 2.54625082e-03
    -4.54085201e-01 5.55573761e-01 2.41996050e-01 1.34865868e+00
    1.22887516e+00 5.89309454e-01 1.19177771e+00 1.00790608e+00
    8.04197788e-03 -3.27310383e-01 7.63876677e-01 1.34426904e+00
    -4.25508618e-02 1.33987367e-01 9.54356968e-01 -3.66048902e-01
    3.62479687e-02 -2.61016965e-01 8.35139751e-01 -1.67997211e-01
    3.96071851e-01 6.80785835e-01 1.11553931e+00 7.22010791e-01
    -5.81173301e-02 9.09626603e-01 1.39477122e+00 1.50964379e+00
    3.91479254e-01 6.72886372e-01 9.07831788e-02 -1.19082689e-01
    -2.52779245e-01 8.09426546e-01 -1.34154111e-01 -4.06109750e-01
    5.64138591e-01 1.28960001e+00 1.23217869e+00 3.62794369e-01
    8.68808627e-01 1.05175757e+00 4.59628493e-01 4.12198126e-01
    -2.30562270e-01 7.49901474e-01 1.37379169e+00 3.83680582e-01
    -3.68174255e-01 -4.80179131e-01 9.09301460e-01 -4.31851923e-01
    8.99560988e-01 7.26174772e-01 9.62607563e-02 1.12373674e+00
    7.94607580e-01 6.15261912e-01 6.86482191e-01 1.25503182e+00
    6.47986531e-01 4.63682353e-01 -3.94796789e-01 1.45204151e+00
    5.55354714e-01 1.52102411e-01 1.17247379e+00 1.20900989e+00
    1.41408837e+00 1.42855132e+00 -5.84283471e-02 1.19586110e+00
    1.47888410e+00 2.47680545e-01 -4.59701777e-01 1.43340302e+00
    4.71190274e-01 -3.91327381e-01 1.45123053e+00 -4.54505086e-02
    1.42780828e+00 -3.40164095e-01 -2.54497916e-01 1.47160077e+00
    -1.19951904e-01 1.21993256e+00 6.61522746e-02 5.21159708e-01
    -1.64541811e-01 7.49952614e-01 7.96623051e-01 1.11430311e+00
    6.80423975e-01 -1.48956209e-01 1.12147021e+00 -6.47506714e-02
    1.24192834e+00 3.50305647e-01 3.57575148e-01 1.02817571e+00
    -4.05611247e-01 4.86321449e-02 -1.72047794e-01 8.88585627e-01
    1.33181667e+00 5.38992524e-01 9.33027029e-01 8.30006719e-01
    4.31507885e-01 1.27844548e+00 6.06776655e-01 1.16930223e+00
    4.55667973e-02 5.05817771e-01 8.30995262e-01 1.31352723e-01
    1.23474979e+00 1.27478981e+00 5.91838419e-01 1.16270185e+00
    4.83213484e-01 2.40419745e-01 1.19425297e-01 -3.84976506e-01
    9.83961821e-02 5.97463071e-01 1.98148608e-01 -2.44360924e-01
    1.11902237e+00 1.01425457e+00 -3.88287604e-02 3.24249268e-04
    6.63940609e-01 -1.32628262e-01 -3.98839831e-01 9.23552632e-01
    1.02373624e+00 6.02972627e-01 4.99944866e-01 -5.34020662e-02
    4.11728561e-01 1.45508873e+00 1.20318389e+00 1.45245433e+00
    1.16136408e+00 1.05373383e+00 -2.81214356e-01 9.04965043e-01
    1.25192904e+00 -1.32385939e-01 3.81180644e-01 -3.62133980e-01
    8.98758173e-01 8.50605190e-01 8.50427747e-01 -2.63925791e-01
    8.63906920e-01 1.85586721e-01 2.35475630e-01 -2.30073377e-01
    -5.74584007e-02 7.14564741e-01 -4.81599748e-01 1.54041737e-01
    3.89435321e-01 -2.84569263e-01 8.24769616e-01 3.82195532e-01
    1.24007320e+00 5.80661297e-01 8.98817360e-01 9.37397838e-01
    1.36079597e+00 -3.14274311e-01 -3.19560587e-01 1.19314575e+00
    1.72144651e-01 1.44395387e+00 7.43297279e-01 -1.57231629e-01
    1.13705087e+00 2.99489915e-01 -1.57992721e-01 5.79425573e-01
    2.79008985e-01 4.25480783e-01 4.38888907e-01 2.61887133e-01
    5.11135161e-01 3.63221288e-01 1.06321454e+00 1.18456376e+00
    4.73372877e-01 1.31213665e+00 9.89142358e-01 2.29860932e-01
    2.89968520e-01 1.10797316e-01 2.01037914e-01 1.35724485e-01
    1.81258231e-01 5.90691805e-01 9.84840989e-01 2.63788402e-01
    1.53557801e+00 1.14828789e+00 6.62168264e-02 1.43945158e+00
    9.98222113e-01 1.16736782e+00 -3.65760028e-02 1.37749338e+00
    -1.25214338e-01 1.39290738e+00 5.96370995e-01 1.48167670e+00
    1.97832763e-01 9.87182975e-01 1.03848767e+00 6.45228744e-01
    2.75360465e-01 6.23251617e-01 1.35239172e+00 3.30773681e-01
    2.88613439e-02 9.63846445e-01 1.35825038e+00 7.33990788e-01
    -3.09671581e-01 -7.20739365e-04 4.39150453e-01 1.14198184e+00
    1.84561074e-01 1.16522944e+00 1.50078309e+00 -2.75267273e-01
    9.76235271e-01 -2.72307098e-01 1.03297758e+00 1.10959315e+00
    1.97923273e-01 -5.59394658e-02 -2.69561648e-01 3.90327305e-01
    1.90845132e-01 1.77911222e-02 -4.02227044e-02 5.05936265e-01
    1.50838721e+00 -3.26416552e-01 1.20112896e+00 2.23008782e-01
    3.10857177e-01 -4.62838918e-01 5.51478148e-01 -1.11028999e-01
    1.49504054e+00 -1.81506932e-01 1.40690017e+00 4.49473679e-01
    7.94102192e-01 3.50569189e-02 -3.31074059e-01 1.37077761e+00
    5.95787883e-01 6.95753634e-01 1.33044600e+00 9.69560146e-01
    1.34439063e+00 1.37226009e+00 8.27582479e-01 -1.15012407e-01
    7.58387089e-01 -2.01799095e-01 -4.56164807e-01 8.50470364e-02
    1.10897839e+00 7.47347593e-01 4.12644446e-01 9.53133047e-01
    -3.97620797e-02 7.05073118e-01 6.55702412e-01 3.05204391e-01
    1.69590533e-01 1.17853427e+00 -2.10638136e-01 3.04244280e-01
    9.51712906e-01 9.50832009e-01 -3.32994759e-02 -3.81659448e-01
    6.11829638e-01 -1.92484707e-01 1.17084384e-02 -1.28992796e-01
    8.96361053e-01 8.75736892e-01 -3.68267417e-01 9.17602718e-01
    8.02602768e-02 3.65718961e-01 4.46519554e-01 1.27110934e+00
    2.85883188e-01 -7.26064146e-02 3.73058558e-01 1.14227682e-01
    1.17410231e+00 9.35579181e-01 1.41443038e+00 -4.61876094e-02
    9.36194658e-01 1.35201705e+00 8.40392113e-01 5.85569143e-02
    -7.72633553e-02 1.20296776e-01 1.06498337e+00 1.31628966e+00
    -8.62616897e-02 -3.55617106e-01 1.10386634e+00 -2.06528068e-01
    -4.21279311e-01 1.36996663e+00 3.51870000e-01 1.41090405e+00
    1.26363993e+00 4.69894290e-01 1.30591500e+00 6.84830546e-02
    -3.05223405e-01 -2.76685745e-01 -3.99994582e-01 4.73437309e-02
    -3.06149304e-01 1.78881824e-01 -1.76935196e-01 2.73495734e-01
    1.07646942e+00 -2.59246558e-01 1.40055370e+00 1.35436368e+00
    1.36780691e+00 5.73894620e-01 -2.96824276e-01 6.87236607e-01
    1.38136911e+00 8.54319453e-01 7.97082484e-01 2.85542727e-01
    1.09627724e-01 9.35960829e-01 1.12685597e+00 3.79876971e-01
    5.80085158e-01 3.19169402e-01 1.43187344e+00 4.70471531e-01
    -3.25542003e-01 7.81854868e-01 -1.99092805e-01 7.36047149e-01
    -4.00922954e-01 6.55263782e-01 7.15853393e-01 -3.96464437e-01
    2.76779950e-01 -3.79906207e-01 1.18094003e+00 8.32465172e-01
    2.79670179e-01 -6.81563616e-02 1.46749735e+00 4.68966782e-01
    1.14927459e+00 -1.44018859e-01 1.14379406e+00 9.08286154e-01
    1.11029863e+00 8.56507123e-01 1.43186498e+00 6.50053918e-01
    7.31764436e-01 2.11056471e-01 8.82772684e-01 1.23799336e+00
    9.27100480e-01 -1.22818261e-01 -1.51800811e-02 -4.00249273e-01
    6.92595840e-01 2.45470226e-01 -3.79804671e-02 2.74958849e-01
    5.80196679e-01 1.48201823e+00 1.31479645e+00 9.21837091e-01
    -1.81407809e-01 1.49232817e+00 1.39635563e+00 9.39134419e-01
    4.20840502e-01 2.58886158e-01 2.69334406e-01 9.28115249e-02
    3.93462807e-01 8.19918275e-01 1.30659842e+00 -1.57493174e-01
    3.18063825e-01 1.51336014e+00 2.87768960e-01 -4.26778644e-01
    3.45279515e-01 2.05073059e-01 -3.90258372e-01 3.41744334e-01
    3.13204527e-03 1.10014594e+00 2.24587977e-01 2.05306292e-01
    4.83165681e-01 3.78924489e-01 8.57799053e-01 -4.35777098e-01
    -4.76810157e-01 3.96865904e-01 3.32456827e-01 6.52105987e-01
    8.88942719e-01 4.68753457e-01 -3.46326113e-01 1.46600640e+00
    -4.92665261e-01 3.13961029e-01 8.19833755e-01 1.47453547e-01
    1.11517787e+00 9.52588379e-01 -4.94755566e-01 7.22405434e-01
    -2.04357207e-01 -4.67939973e-01 -1.14663392e-01 1.49247813e+00
    1.41921937e+00 8.08390439e-01 9.33643460e-01 1.36514783e-01
    9.15634394e-01 6.62575006e-01 1.28016567e+00 -1.13278776e-01
    -4.54974622e-01 1.01580417e+00 -9.47865844e-03 1.05121732e+00
    -8.60680938e-02 2.80331552e-01 -1.89731866e-01 4.80688125e-01
    -3.62763107e-01 1.14371610e+00 4.98092562e-01 5.97120166e-01
    1.10633445e+00 5.93178272e-02 8.20634604e-01 5.30877233e-01
    4.81168985e-01 4.33193982e-01 3.07072103e-01 2.19044715e-01
    -3.52653325e-01 9.06308174e-01 5.94480813e-01 -7.10713863e-02
    -3.81559789e-01 7.17702270e-01 8.27367544e-01 -7.30373859e-02
    1.22380507e+00 2.65102088e-01 1.17519331e+00 7.16689825e-02
    1.43232322e+00 7.58743763e-01 -2.29318410e-01 -3.54044974e-01
    4.10057694e-01 3.98506522e-02 6.67893827e-01 8.81043434e-01
    8.26772153e-02 1.09199727e+00 1.43067133e+00 7.50923634e-01
    7.38648891e-01 9.53237534e-01 -2.18545169e-01 5.99948764e-01
    -2.94128835e-01 3.33815962e-01 1.12331390e+00 1.43630540e+00
    -4.07931447e-01 -2.93827772e-01 6.00304365e-01 7.40216970e-01
    5.26076794e-01 1.43574512e+00 1.20344472e+00 6.42059088e-01
    1.42889237e+00 -2.25516707e-01 4.31555688e-01 5.21699786e-01
    1.39350438e+00 4.61127430e-01 5.66316843e-01 8.77877057e-01
    8.33285153e-02 6.08314037e-01 -4.79046464e-01 -4.45012152e-02
    -9.04619098e-02 1.30908895e+00 8.86467457e-01 1.05607533e+00
    8.84114385e-01 9.93543804e-01 1.32936382e+00 -7.31740594e-02
    4.46059316e-01 -4.89848316e-01 1.42905331e+00 2.48312116e-01
    1.05593896e+00 1.12140179e-03 -4.54228520e-01 3.19160819e-02
    1.29231238e+00 1.40619254e+00 8.46412778e-01 1.01687932e+00
    1.39908206e+00 1.37189221e+00 8.02069545e-01 3.97144556e-01
    9.69702244e-01 1.04030585e+00 1.21483672e+00 6.30191684e-01
    1.18055201e+00 -4.80438799e-01 4.02151763e-01 3.18741381e-01
    -6.21417761e-02 -3.07282746e-01 5.13530970e-01 1.16522431e+00
    4.35321957e-01 1.32718682e-01 1.05248272e+00 1.12470627e+00
    2.68233091e-01 6.56965256e-01 -2.88761139e-01 8.37814629e-01
    -3.42153311e-02 5.98985791e-01 -3.48309755e-01 -8.46540630e-02
    1.86785668e-01 1.45934784e+00 -1.11221075e-01 4.14410889e-01
    -1.76636547e-01 2.21106946e-01 1.38739109e-01 5.63786626e-02
    8.11359286e-02 1.45709920e+00 -1.99074835e-01 3.48540008e-01
    -3.77993286e-01 1.42856419e+00 -3.27849209e-01 9.73370671e-02
    -3.31408083e-01 1.37828887e-01 8.28720331e-02 5.59006691e-01
    1.34891582e+00 -7.40885735e-03 -3.44607234e-02 8.59602451e-01
    6.37088954e-01 8.63815963e-01 7.51211643e-02 1.40706503e+00
    6.28530979e-03 6.31964862e-01 4.90097821e-01 3.90335739e-01
    -4.94797230e-02 6.77209258e-01 1.41372442e+00 -1.75994635e-03
    9.60240483e-01 -3.18874717e-02 6.59716904e-01 1.39559221e+00
    9.02279139e-01 1.44766176e+00 9.67578351e-01 1.59940630e-01
    -3.34173203e-01 5.81852674e-01 6.49737120e-01 4.31184232e-01
    -3.58156443e-01 1.38120484e+00 8.99544716e-01 -2.57655680e-01
    1.43275976e+00 1.46419859e+00 -1.55566663e-01 1.28840303e+00
    1.07042742e+00 -5.91800809e-02 1.71802819e-01 9.47986364e-01
    -2.72634655e-01 9.24705505e-01 1.45240664e-01 1.26959467e+00
    -2.04205513e-04 6.65058911e-01 1.45321786e-01 6.69099033e-01
    1.07507896e+00 8.79968286e-01 6.54400468e-01 -2.63707817e-01
    1.40141940e+00 9.67982173e-01 1.00879741e+00 1.06473148e-01
    1.29063725e+00 -3.88389647e-01 -3.46995026e-01 -3.63887668e-01
    -1.30431920e-01 1.09741068e+00 -5.11203110e-02 1.20017791e+00
    1.11032712e+00 9.17147994e-01 -4.14640605e-02 1.44599319e+00
    4.76804495e-01 2.21787602e-01 5.44630587e-02 1.42460299e+00
    -2.25142419e-01 2.63920754e-01 1.07434750e+00 9.64913607e-01
    -1.49483770e-01 1.39170790e+00 6.02064848e-01 -1.84684724e-01
    1.13965559e+00 4.72620726e-01 -2.09193826e-01 6.63560808e-01
    -1.44214332e-02 1.04180932e+00 2.69270062e-01 1.06737804e+00
    6.64898515e-01 3.42391253e-01 -2.13634372e-02 1.00028992e+00
    1.48304462e-01 3.34236264e-01 1.26863790e+00 -3.94221038e-01
    1.49483943e+00 8.48258018e-01 1.24301112e+00 7.12969720e-01
    -5.03811002e-01 -3.47567081e-01 6.51138961e-01 1.02289462e+00
    5.69100916e-01 1.04370046e+00 -1.85675293e-01 1.10107398e+00
    1.14221346e+00 2.89631873e-01 1.49122274e+00 -4.81012762e-01
    4.15256202e-01 2.00859517e-01 -7.04489648e-02 8.12740922e-01
    -3.01127195e-01 -1.04106665e-01 -9.75146890e-03 6.97284400e-01
    1.47584391e+00 1.15703702e+00 2.66293913e-01 7.37853646e-01
    4.39081967e-01 -4.61977988e-01 1.47984159e+00 3.51332307e-01
    8.55100751e-01 1.25283682e+00 3.42474878e-01 -3.28081131e-01
    -3.60032886e-01 1.27462614e+00 -4.38121766e-01 5.94223619e-01
    5.15764058e-02 8.27657938e-01 8.57557058e-01 2.92611301e-01
    1.46602941e+00 2.16169715e-01 1.19680595e+00 3.37511629e-01
    4.60512429e-01 5.05808055e-01 1.16063571e+00 -2.64888704e-01
    -2.47905537e-01 -1.69178367e-01 1.24185824e+00 5.25654435e-01
    2.86197692e-01 1.45494401e+00 1.49361670e+00 5.25215983e-01
    1.05083966e+00 -1.72133446e-01 1.53218329e-01 1.76876575e-01
    1.41096044e+00 1.31073147e-01 -1.23480290e-01 2.71590859e-01
    -2.92436182e-02 -1.15217000e-01 4.04255271e-01 1.10055673e+00
    1.34436750e+00 7.59016156e-01 6.52606130e-01 1.15915012e+00
    1.36385584e+00 -1.79115057e-01 8.53739321e-01 7.61430323e-01
    1.01497054e+00 1.13384676e+00 -2.60384023e-01 1.14954007e+00
    2.23249495e-01 8.29459071e-01 -4.60508317e-01 5.96099854e-01
    1.20176196e+00 1.32494259e+00 1.15688133e+00 -1.59514725e-01
    6.60186350e-01 1.42477989e-01 -3.93274128e-01 5.03024340e-01
    5.63098848e-01 8.14529121e-01 1.10360026e+00 -1.05744958e-01
    3.14040780e-01 3.98999184e-01 -2.18484402e-02 6.02595031e-01
    -3.30343843e-01 7.55619645e-01 -4.60008055e-01 5.81623912e-01
    4.45845664e-01 -5.56971431e-02 -2.83726871e-01 1.94782823e-01
    3.80028307e-01 -1.13842815e-01 8.91889095e-01 4.82858300e-01
    -3.66183668e-01 8.13077569e-01 1.51651871e+00 3.68957877e-01
    -5.28607666e-02 -2.58953542e-01 1.15222442e+00 5.18154860e-01
    6.23331785e-01 3.00580055e-01 9.93240356e-01 1.75494879e-01
    1.11636329e+00 9.17767167e-01 1.14649773e+00 7.61235356e-01
    -3.52073014e-01 1.07331538e+00 8.18370700e-01 4.62973118e-03
    5.80970228e-01 6.95508778e-01 -2.42453516e-02 3.56765985e-02
    2.54852295e-01 5.73943257e-01 3.46457183e-01 2.57701337e-01
    -2.67383337e-01 8.65792453e-01 2.44917274e-02 -3.30703735e-01
    -2.09095806e-01 3.46894264e-01 5.34601748e-01 1.44728267e+00
    6.82293177e-02 1.15973258e+00 1.07904446e+00 1.08434331e+00
    6.67988360e-01 -4.74547148e-02 -4.95695949e-01 1.19502378e+00
    1.06671023e+00 1.48578107e-01 1.37622786e+00 7.13363588e-01
    -4.05251861e-01 8.57586026e-01 -4.87049729e-01 4.51664507e-01
    9.55725193e-01 -5.91847003e-02 8.15476954e-01 1.30616069e+00
    1.32406604e+00 7.07942367e-01 2.21112221e-01 1.02876484e+00
    9.17620540e-01 -2.81644046e-01 4.59939033e-01 1.02220881e+00
    -1.58634901e-01 9.57768440e-01 -4.57835108e-01 7.17259645e-02
    1.27572358e+00 -2.73307800e-01 1.34601712e+00 4.26927507e-01
    9.88180995e-01 -2.83521414e-01 5.03948033e-01 9.40012157e-01
    9.37260091e-01 6.52683496e-01 -9.65149701e-02 -4.49221909e-01
    9.71321285e-01 -5.63357174e-02 6.52542710e-01 4.84716296e-01
    1.33148575e+00 8.91306281e-01 8.01483274e-01 8.36552858e-01
    1.00285292e+00 1.35272336e+00 -7.24079907e-02 1.24275863e-01
    1.08895850e+00 1.77229404e-01 -5.46651483e-02 1.29247308e+00
    2.09400654e-02 9.44394410e-01 1.01198173e+00 9.34888422e-01
    4.86046076e-02 2.99365461e-01 -1.05729491e-01 -1.47696674e-01
    -9.62625146e-02 3.14763486e-01 1.06515121e+00 8.30549896e-01
    3.24619234e-01 1.26970142e-01 -3.30390275e-01 1.84554338e-01
    1.23446000e+00 2.71047145e-01 3.50958765e-01 1.17986465e+00
    1.06861496e+00 6.70037389e-01 -2.57810712e-01 1.00900924e+00
    5.55148721e-01 1.14975703e+00 5.85354805e-01 1.44459158e-01
    2.82781422e-02 3.42490643e-01 9.85311091e-01 4.42321837e-01
    -8.13814998e-02 1.27850521e+00 -2.73971081e-01 2.36967266e-01
    1.18028879e+00 1.16467679e+00 5.79496980e-01 6.34061694e-02
    -2.37986565e-01 3.58345211e-02 8.01872969e-01 1.46069694e+00
    4.11933184e-01 2.32166559e-01 1.56171620e-01 1.46405065e+00
    -4.42913562e-01 -6.45048320e-02 3.64379853e-01 5.20548940e-01
    5.23416936e-01 6.15188360e-01 -1.76956296e-01 -4.08246875e-01
    1.45887125e+00 3.69163811e-01 -1.31031871e-01 -7.92764425e-02
    1.08048511e+00 9.90067482e-01 6.36699438e-01 2.59795666e-01
    1.46379143e-01 7.24883616e-01 2.96061903e-01 4.03660685e-01
    7.98423231e-01 1.26012850e+00 -2.80402362e-01 1.45024824e+00
    -2.51310229e-01 1.24597859e+00 6.58135712e-02 1.27310491e+00
    1.47995853e+00 4.02250081e-01 1.52104497e+00 1.39472365e+00
    1.37705946e+00 -4.74697888e-01 1.20775849e-01 -3.90137434e-01
    4.02787656e-01 -1.62900150e-01 -1.85253114e-01 2.23886281e-01
    1.01573372e+00 -1.49700850e-01 1.24936652e+00 -2.96691358e-02
    6.54474974e-01 5.73962331e-01 1.30828440e+00 1.51565313e+00
    -2.79175460e-01 -1.40879929e-01 5.29408813e-01 9.77002800e-01
    -8.17711651e-02 -4.50300783e-01 -3.16089511e-01 1.33905447e+00
    -3.62192810e-01 9.15498972e-01 1.14494264e-02 6.48546219e-02
    -2.32146621e-01 1.42664343e-01 6.34551048e-02 3.33662421e-01
    1.02358830e+00 1.21449208e+00 1.15308809e+00 -8.72088671e-02
    5.62456369e-01 5.97409010e-02 -3.74051392e-01 1.49706805e+00
    -2.16604769e-01 1.06389165e+00 3.34616840e-01 -4.00686175e-01
    2.28934258e-01 1.33692324e+00 -1.08520299e-01 6.10995233e-01
    1.00669181e+00 1.17226887e+00 1.54069632e-01 -2.59083003e-01
    1.33898175e+00 3.99101615e-01 -1.20837122e-01 1.37057614e+00
    7.09523439e-01 -4.63361323e-01 -7.90822506e-03 1.43123746e+00
    -3.77557755e-01 9.56483722e-01 4.00862694e-02 1.24666417e+00
    5.76704323e-01 -2.64375210e-02 1.06054771e+00 -1.62928045e-01
    9.80757117e-01 3.71296585e-01 1.12391138e+00 6.75958931e-01
    4.37155426e-01 -3.27272892e-01 5.45201719e-01 -1.96019113e-02
    7.17604280e-01 1.47439420e-01 -2.49314144e-01 5.62434673e-01
    2.95933247e-01 1.44748867e+00 1.13566589e+00 1.36714309e-01
    1.31112862e+00 1.77974075e-01 3.65374118e-01 5.76377630e-01
    -3.47157478e-01 2.05251962e-01 1.30243576e+00 4.39527541e-01
    -4.39422131e-02 8.69826436e-01 -2.17670918e-01 5.19829154e-01
    1.49899793e+00 -4.35576916e-01 1.43586707e+00 -2.77851820e-01
    3.64092708e-01 1.37598383e+00 9.92494464e-01 2.94420123e-02
    6.13122284e-02 3.13461781e-01 4.44314420e-01 1.34674549e-01
    1.02850461e+00 1.18475842e+00 7.52946734e-02 1.47597361e+00
    1.32686949e+00 -4.04002368e-01 -7.66914189e-02 8.69995952e-01
    1.06779814e+00 9.07644033e-01 5.64703941e-01 1.21361792e-01
    8.15837204e-01 4.21329737e-01 6.70740604e-01 -3.95847678e-01
    5.18708110e-01 4.55785394e-01 1.27127385e+00 -1.85894847e-01
    1.14438665e+00 6.86924458e-01 9.05223429e-01 1.12312341e+00
    1.47982383e+00 1.40524113e+00 -3.87277901e-01 1.25210929e+00
    -3.45872581e-01 1.35323143e+00 1.39111507e+00 -3.00779969e-01
    2.53682256e-01 8.27507138e-01 -2.37521917e-01 9.46061611e-01
    9.97421145e-01 6.95989609e-01 1.45873070e-01 1.44350672e+00
    -1.95774436e-02 1.19491696e+00 2.51039207e-01 1.43940711e+00
    -4.79322970e-01 2.08602428e-01 1.06080818e+00 6.80500031e-01
    -6.25914335e-03 1.05453229e+00 1.44264996e+00 -2.32354432e-01
    1.34413767e+00 1.27478600e+00 -1.68417901e-01 2.88385034e-01
    7.21568048e-01 1.29593968e+00 2.66319752e-01 -5.10799229e-01
    -2.50209063e-01 2.27627695e-01 9.54219043e-01 4.27162766e-01
    9.42894220e-01 2.91230321e-01 3.55554461e-01 -1.42605662e-01
    8.92657697e-01 9.33750093e-01 6.95267141e-01 5.82809031e-01
    1.09318197e-01 -2.75834471e-01 -4.55982298e-01 -5.00420749e-01
    7.39086032e-01 1.79279327e-01 -4.22511488e-01 9.56361890e-01
    1.30569935e-03 7.48158574e-01 4.56595302e-01 1.82983279e-02
    4.71967697e-01 1.11724234e+00 2.56231844e-01 4.59462821e-01
    -1.55469477e-01 2.25970149e-01 -4.02087301e-01 2.03764439e-01
    -8.07472467e-02 -4.33971524e-01 -3.62392962e-02 5.90545475e-01
    1.06168938e+00 1.47767258e+00 7.33666182e-01 6.83946967e-01
    8.00523221e-01 6.50801480e-01 6.75030589e-01 -1.71250492e-01
    7.05575168e-01 -4.66868013e-01 1.08683395e+00 -1.24256641e-01
    5.45235395e-01 1.33256888e+00 -9.55523551e-02 -1.74373686e-01
    3.34789813e-01 1.06222034e-01 -4.91815031e-01 1.41473949e-01
    8.21245074e-01 2.03962415e-01 3.52188200e-01 1.24668801e+00
    3.06246102e-01 7.75385499e-01 6.62538111e-01 6.11412525e-01
    6.54333353e-01 3.82280380e-01 -1.18192524e-01 1.10254765e+00
    8.91844690e-01 1.31298184e+00 4.70914841e-01 1.69786572e-01
    5.71542978e-01 1.02275461e-01 3.24732363e-01 1.09056520e+00
    9.32369351e-01 4.83369499e-01 4.23296452e-01 1.08313870e+00
    5.63943148e-01 7.39927649e-01 9.14499760e-01 9.96318161e-02
    4.77112472e-01 -2.92805791e-01 1.20442712e+00 6.93803906e-01
    -8.28914940e-02 1.12152565e+00 1.09876668e+00 -4.56717372e-01
    8.36767673e-01 1.00696635e+00 -2.90599287e-01 1.21628189e+00
    7.14931250e-01 1.40687752e+00 -4.08421606e-01 -2.34691620e-01
    6.45868540e-01 1.71325445e-01 8.60238373e-01 3.50657940e-01
    6.88944459e-01 1.41270900e+00 1.17996991e+00 1.31326199e-01
    8.60524476e-01 7.39350080e-01 1.31205666e+00 -3.64118665e-01
    1.25246644e+00 1.47297728e+00 8.63415182e-01 -6.67559505e-02
    4.55940872e-01 5.11768460e-01 6.97325468e-02 6.10467494e-02
    1.04675317e+00 2.01700181e-01 8.19682956e-01 1.44209826e+00
    1.51128113e-01 4.06478733e-01 7.50192702e-01 2.44401991e-01
    1.93529993e-01 8.08245003e-01 8.73113275e-02 1.18142056e+00
    7.82209039e-01 2.27416813e-01 1.44634092e+00 9.03110981e-01
    7.42399096e-01 -8.38105083e-02 2.83932179e-01 -1.52208984e-01
    3.99871051e-01 -3.75939161e-01 9.52103376e-01 -4.22591388e-01
    2.88447261e-01 -9.96726751e-02 3.27144921e-01 1.17741096e+00
    -5.06279707e-01 6.45558059e-01 1.21783006e+00 1.11273384e+00
    3.11521113e-01 -1.68479651e-01 5.71320057e-01 2.82819510e-01
    -3.85012984e-01 8.84701073e-01 1.21288681e+00 -2.30007827e-01
    1.95038557e-01 1.40057504e-01 8.75329018e-01 1.29672790e+00
    5.20077705e-01 1.33712673e+00 4.82639402e-01 1.50243425e+00
    -3.96842420e-01 -2.44142413e-02 2.50861138e-01 9.12505031e-01
    7.99053609e-01 1.21713948e+00 1.14057696e+00 4.33348417e-01
    2.44932055e-01 2.99556255e-01 1.33208013e+00 -4.22204494e-01
    1.46126950e+00 -3.63114536e-01 6.76596045e-01 5.42207360e-02
    1.44980168e+00 -1.37462199e-01 1.27805567e+00 6.24126792e-02
    -1.42917007e-01 -3.53044033e-01 -1.28538877e-01 -3.87038469e-01
    1.01870251e+00 8.02832782e-01 1.80388689e-02 -3.22013497e-01
    8.43665957e-01 1.48074436e+00 1.08506453e+00 -5.04860163e-01
    7.94195473e-01 1.01924026e+00 5.51236868e-02 5.15118301e-01
    1.23633337e+00 -1.97976381e-01 -1.72214091e-01 1.13101840e-01
    4.65970039e-01 1.28025436e+00 7.12901950e-01 1.26671052e+00
    1.16835856e+00 1.19223237e+00 1.35617399e+00 4.88741994e-01
    -8.54718685e-02 5.65238595e-01 -1.30130440e-01 -1.84903115e-01
    8.36562932e-01 3.03301573e-01 4.55744684e-01 -4.15024221e-01
    5.94932079e-01 5.09508550e-02 -4.90725845e-01 5.21593571e-01
    9.51386034e-01 6.36062264e-01 1.23656106e+00 -2.73218989e-01
    1.23253489e+00 1.24840260e+00 -3.25897217e-01 9.99025404e-02
    2.51713902e-01 -4.73147333e-01 1.47988415e+00 6.18144691e-01
    -4.63215917e-01 -3.36288691e-01 1.32585555e-01 1.48484915e-01
    3.04271281e-01 8.46701443e-01 4.73379970e-01 5.65539598e-01
    1.25670743e+00 -2.38967210e-01 1.41784501e+00 -3.30405533e-01
    8.04574370e-01 -1.73648477e-01 5.75730383e-01 7.41168857e-01
    9.15497541e-01 -4.77191150e-01 -3.76270831e-01 -2.07334608e-01
    7.14135587e-01 -3.75695348e-01 1.19071186e-01 4.70330715e-01
    9.99372840e-01 4.03826833e-02 1.31666851e+00 -4.34829503e-01
    6.90255642e-01 5.01202226e-01 4.04910445e-01 3.43480706e-02
    1.20553875e+00 4.71988797e-01 1.01021647e+00 2.23735422e-01
    -3.38355064e-01 -3.78786266e-01 3.37724775e-01 -2.19562590e-01
    6.56303167e-01 4.10383463e-01 -1.93444252e-01 -2.16376573e-01
    1.38860202e+00 1.46571457e-01 1.12786138e+00 3.26005518e-02
    8.19508493e-01 9.31813478e-01 2.74208039e-01 3.76332909e-01
    7.92192519e-01 6.60910904e-02 1.36553216e+00 8.39498997e-01
    9.81251240e-01 3.34987611e-01 -4.24946666e-01 2.74810076e-01
    1.32571840e+00 5.98411381e-01 5.57094455e-01 1.45310307e+00
    5.85692763e-01 -2.96605438e-01 -5.46044111e-02 5.08219659e-01
    4.66286063e-01 -1.47679389e-01 1.52379739e+00 1.44004238e+00
    1.13370943e+00 1.46569109e+00 -4.02154058e-01 1.32891703e+00
    -4.40389991e-01 7.02623606e-01 2.82555699e-01 7.15266347e-01
    1.10693681e+00 1.12749386e+00 5.88325739e-01 5.50833523e-01
    5.84735990e-01 -4.59375322e-01 1.52427268e+00 4.05403227e-01
    8.33888352e-02 4.05750215e-01 2.16215640e-01 -4.75158691e-01
    1.21260953e+00 1.91376835e-01 3.14627022e-01 -1.88203365e-01
    -4.03209239e-01 9.54451919e-01 7.52486587e-02 1.49326038e+00
    4.80000734e-01 8.21497500e-01 2.74143904e-01 1.01124501e+00
    -1.49678290e-01 1.25388694e+00 1.29239857e-02 3.64265859e-01
    1.15229988e+00 -6.10613823e-03 2.73605347e-01 -4.06546056e-01
    1.80855066e-01 9.09566164e-01 7.88933635e-01 -1.20038390e-01
    1.47760177e+00 3.05929184e-01 1.00065732e+00 1.43332005e+00
    1.53497696e-01 -4.62270677e-02 -3.40039909e-01 -4.38540876e-02
    5.73456705e-01 8.39718938e-01 3.37120652e-01 -2.95146763e-01
    4.82201010e-01 1.08838892e+00 7.48404741e-01 1.50206470e+00
    5.11463106e-01 4.42601353e-01 2.42112100e-01 -1.32221848e-01
    -2.22948164e-01 -4.29195434e-01 1.47780859e+00 -4.91004944e-01
    3.04956257e-01 5.68385005e-01 -4.89628583e-01 3.43683511e-01
    -4.55040962e-01 9.48322654e-01 3.75709116e-01 -1.24106795e-01
    6.77473068e-01 2.03585297e-01 4.83756632e-01 -4.17227387e-01
    -2.23646462e-01 1.29204035e+00 8.14474225e-01 7.97022581e-01
    3.57207447e-01 -4.19196069e-01 1.32893860e+00 -4.49515402e-01
    4.28937733e-01 -4.65167135e-01 7.63334155e-01 -9.80257690e-02
    -2.99346268e-01 1.46234095e-01 6.95630729e-01 -3.94119203e-01
    1.29430175e+00 1.29101229e+00 -4.96180654e-01 -5.97922802e-02
    1.03404140e+00 2.08333254e-01 1.20430803e+00 1.34800661e+00
    -2.71202624e-01 4.59717453e-01 -1.06552899e-01 1.40301156e+00
    1.17381895e+00 6.91029072e-01 1.28732002e+00 9.23305154e-02
    6.35528207e-01 9.75391150e-01 4.75980312e-01 1.40731788e+00
    -2.49986053e-02 9.30317640e-02 9.85515237e-01 1.40019143e+00
    -3.78427386e-01 1.23028010e-01 1.83786035e-01 4.91809458e-01
    5.13288856e-01 -1.39272034e-01 3.46518129e-01 5.39173484e-01
    -4.41479117e-01 1.41074300e+00 -1.04456246e-02 -1.84470087e-01
    -1.00373954e-01 1.38120484e+00 -2.53402293e-02 1.09713030e+00
    -1.19160265e-01 5.93976021e-01 1.04617178e-01 5.54042995e-01
    1.17794991e+00 -3.75471115e-01 1.40778613e+00 1.22779429e+00
    -3.81949842e-02 -1.00768507e-02 1.48365796e-01 9.05615866e-01
    3.28701556e-01 1.16274571e+00 -2.49168932e-01 7.42284656e-01
    1.35334659e+00 4.67625678e-01 -5.02452850e-01 -2.57002532e-01
    6.81080341e-01 5.73139906e-01 -1.53703094e-02 -2.05448538e-01
    9.08986509e-01 7.09980011e-01 5.67308903e-01 4.92667496e-01
    1.92989647e-01 8.51233125e-01 1.00846052e+00 8.83337498e-01
    8.73102307e-01 1.25588775e+00 5.94782412e-01 -2.14114547e-01
    1.08953357e+00 1.17405260e+00 3.09510589e-01 -3.35559189e-01
    1.23347819e+00 1.42988014e+00 1.00102949e+00 -3.92874599e-01
    -4.53082442e-01 1.44193792e+00 1.42269850e+00 1.17812371e+00
    7.89252520e-02 -2.26207137e-01 1.32318115e+00 2.47580767e-01
    5.78236580e-01 -3.26165497e-01 -4.78250265e-01 7.50869691e-01
    4.70781446e-01 1.32793665e-01 5.24759412e-01 6.63735688e-01
    6.29870296e-02 1.29890513e+00 3.43965888e-01 1.45854771e-01
    -2.15366185e-01 4.16945636e-01 6.27321780e-01 1.39975393e+00
    -2.22896129e-01 3.69765401e-01 6.09663069e-01 1.82110906e-01
    1.04159927e+00 -5.12213767e-01 -1.46468103e-01 9.04636085e-01
    1.24315774e+00 7.30627179e-01 9.38812256e-01 5.21392226e-01
    3.70279908e-01 1.31735182e+00 -1.42054170e-01 1.25249922e+00
    1.03252280e+00 6.85659647e-01 1.43635368e+00 1.77333832e-01
    -1.48993909e-01 1.18601167e+00 1.23375237e+00 5.90350270e-01
    1.21533680e+00 9.71521497e-01 6.11416817e-01 -3.93836528e-01
    5.21686912e-01 1.35559738e-02 -1.68505579e-01 1.42091584e+00
    3.42117369e-01 7.52325177e-01 1.07032502e+00 1.45607686e+00
    9.17166293e-01 -1.16734326e-01 1.45480919e+00 6.17311597e-02
    1.43556762e+00 2.91545868e-01 1.49489796e+00 6.40590549e-01
    1.44595933e+00 7.72254527e-01 -1.62147343e-01 1.43630576e+00
    9.40124393e-01 -1.36614770e-01 5.43150485e-01 5.23186803e-01
    2.85636485e-01 1.20318222e+00 3.42174292e-01 7.51236320e-01
    -3.38837653e-01 1.27634358e+00 9.80478406e-01 -4.75303859e-01
    4.71413851e-01 3.30245733e-01 5.84119856e-01 8.42203796e-02
    1.02954805e-01 1.37425709e+00 8.71941447e-03 1.00390279e+00
    8.54354858e-01 2.26271123e-01 1.31314445e+00 -2.78857589e-01
    1.12865359e-01 5.89603782e-01 5.29207647e-01 6.75248861e-01
    1.47158706e+00 6.02031946e-02 6.31202459e-01 5.53912461e-01
    1.09358847e+00 -3.38336974e-01 1.13113594e+00 3.50849569e-01
    7.91608214e-01 4.44145173e-01 9.81166363e-02 -7.92603493e-02
    9.18778777e-02 2.50347942e-01 -3.06939960e-01 -3.83242071e-01
    6.43763244e-02 9.76159453e-01 3.36807609e-01 -1.03439897e-01
    1.35473990e+00 5.32238543e-01 1.25936234e+00 -4.37724710e-01
    6.85722828e-02 -1.92308486e-01 -8.86863470e-02 -4.67531651e-01
    1.51024044e+00 6.29864037e-01 1.02839291e-01 -2.56230146e-01
    8.58111739e-01 4.50519979e-01 1.17650771e+00 7.29312003e-01
    1.04405701e-01 1.13143134e+00 -4.17581528e-01 1.46490812e+00
    1.27189231e+00 1.21808684e+00 -8.50650072e-02 1.27433419e+00
    2.75518596e-01 2.50295013e-01 4.86726671e-01 2.46620983e-01
    -1.51448607e-01 1.14704847e+00 -2.71691829e-01 -2.44024575e-01
    1.09106660e+00 -4.69098061e-01 -4.88185883e-02 1.40143943e+00
    1.11525953e+00 4.29773599e-01 2.48921812e-01 -4.22482431e-01
    1.38676500e+00 1.04522538e+00 -1.35590345e-01 1.03728914e+00
    -2.37822711e-01 1.12474537e+00 3.13280046e-01 -2.16217935e-01
    1.02984571e+00 -2.03425467e-01 -5.38246632e-02 1.06056523e+00
    1.47990251e+00 -3.71967077e-01 1.85128450e-02 6.61327481e-01
    1.12607527e+00 -2.12980747e-01 1.48116612e+00 7.73901939e-01
    -3.55084091e-01 3.59681249e-01 2.28275239e-01 1.05155265e+00
    2.91449666e-01 1.42044711e+00 7.24965036e-02 -3.08014870e-01
    8.71706426e-01 4.89805132e-01 1.36612618e+00 1.35426223e-01
    -3.10930729e-01 -7.55614042e-02 -2.14567691e-01 1.94001108e-01
    1.19118333e-01 1.20180988e+00 4.48884100e-01 -1.34920001e-01
    1.35744762e+00 7.60186672e-01 1.14035279e-01 6.37581348e-01
    -1.23121113e-01 1.13513303e+00 1.43873560e+00 1.48176241e+00
    2.89919585e-01 -2.93320715e-01 6.01146936e-01 1.33374417e+00
    1.30364215e+00 2.98492402e-01 8.82488072e-01 -2.43720174e-01
    9.52730298e-01 1.32362533e+00 -7.20053911e-03 1.22880030e+00
    2.27580726e-01 2.64645875e-01 2.04860091e-01 -3.48493040e-01
    3.80238354e-01 -1.76939368e-01 -2.18699455e-01 1.07325518e+00
    -2.65176296e-02 6.23776555e-01 9.59125876e-01 1.31045914e+00
    9.15060639e-01 -3.47458124e-01 -4.04192358e-01 1.42354965e+00
    -4.73081917e-01 -2.30141878e-01 -2.32772857e-01 1.33862376e-01
    -3.61602545e-01 -7.51686394e-02 -6.02560341e-02 -4.90447581e-01
    -3.82027626e-02 3.51551414e-01 -5.01224697e-01 1.02058768e-01
    -4.12878066e-01 9.35405493e-01 4.64305937e-01 7.32002079e-01
    1.19103646e+00 8.57921302e-01 6.80894017e-01 8.01053643e-01
    4.28173900e-01 6.70885444e-01 1.39541268e+00 1.98475301e-01
    4.21444863e-01 -2.85660386e-01 1.36143732e+00 -4.01388645e-01
    -2.51205027e-01 1.02767682e+00 -1.55377418e-01 9.54323530e-01
    5.28563857e-01 2.69702196e-01 1.05423331e-02 7.75819421e-01
    8.67783964e-01 -1.29708022e-01 2.46405721e-01 1.43593109e+00
    3.43865991e-01 1.21358955e+00 7.41232634e-01 6.90409839e-01
    -1.19176388e-01 1.37120080e+00 5.68028033e-01 1.15945828e+00
    -4.90842938e-01 1.03853822e+00 1.05073881e+00 4.16322947e-01
    1.21569681e+00 4.81476188e-01 2.40776658e-01 8.15925658e-01
    5.37000179e-01 1.51206851e-01 1.66340649e-01 1.11903787e+00
    4.21766728e-01 7.40483999e-01 3.50388825e-01 1.52392864e+00
    5.06122768e-01 1.09082425e+00 9.79704916e-01 -2.68344015e-01
    9.46903229e-01 -5.99502325e-02 1.02271903e+00 1.30945623e+00
    1.14075273e-01 2.07337439e-02 3.67504150e-01 3.33888352e-01
    7.25252032e-01 1.30189562e+00 -4.22194183e-01 9.41759706e-01
    1.07721651e+00 -2.13032961e-02 3.84316444e-01 4.95707393e-02
    -2.12167084e-01 1.06665182e+00 1.13527298e-01 6.22762382e-01
    1.29123557e+00 6.55484617e-01 2.57433325e-01 9.58050728e-01
    3.65079045e-02 1.17871612e-01 1.20824289e+00 -3.54155123e-01
    1.42080784e+00 9.55368519e-01 1.42170930e+00 -7.88404644e-02
    8.71982276e-02 2.30430692e-01 -1.61213279e-02 -2.44090140e-01
    1.32432425e+00 1.47996283e+00 1.43339157e-01 -3.46649289e-02
    4.31079268e-02 -2.79252976e-01 7.46215582e-01 6.17352426e-01
    1.54892385e-01 2.41514146e-01 1.43700504e+00 -8.04014802e-02
    6.10266387e-01 2.55679995e-01 -3.16071332e-01 -3.26854169e-01
    5.54662347e-02 9.65268373e-01 -2.20169485e-01 -3.37216794e-01
    7.21613765e-01 -4.13999557e-02 -3.39402974e-01 1.22017765e+00
    -4.60423768e-01 8.36645484e-01 1.31713605e+00 8.08985233e-02
    3.24971855e-01 5.53392887e-01 1.47177553e+00 8.58582497e-01
    8.37315440e-01 1.43039799e+00 9.12720501e-01 4.63445276e-01
    7.87402391e-01 3.56516898e-01 -6.30059540e-02 2.86355227e-01
    1.13227189e-01 1.20390403e+00 -3.50219846e-01 1.15312445e+00
    6.43983126e-01 -1.91215873e-02 3.83046746e-01 -3.47389996e-01
    -2.71156132e-02 1.05429888e-02 1.25996304e+00 -4.32769418e-01
    -2.40882784e-01 1.16504025e+00 8.12350988e-01 -7.96997547e-03
    -4.53424156e-02 7.84455597e-01 2.34017074e-01 1.01176322e-01
    -4.83669877e-01 1.41102886e+00 5.90458870e-01 7.97002554e-01
    1.08847094e+00 -2.99325526e-01 1.69088870e-01 1.11875677e+00
    -1.49631053e-01 -3.53391469e-02 2.59323299e-01 6.93488717e-01
    -3.98666710e-01 1.42882597e+00 -4.28910315e-01 1.21817291e-01
    -4.66686517e-01 4.98647213e-01 1.10914826e+00 -3.62741500e-01
    1.19585598e+00 4.26956475e-01 -2.33605057e-01 -4.59861755e-02
    1.38946140e+00 7.94252515e-01 1.20424581e+00 8.37193668e-01
    1.18850493e+00 8.35114956e-01 7.18511343e-01 7.36240983e-01
    3.56416464e-01 7.33592093e-01 -3.27295184e-01 1.07441592e+00
    1.30532324e-01 -4.61835563e-01 1.45229208e+00 1.41366148e+00
    4.12392050e-01 1.99181765e-01 1.32492375e+00 1.48743081e+00
    -3.83511543e-01 -3.79311502e-01 -1.49376959e-01 2.57145375e-01
    1.12211978e+00 1.06682229e+00 1.31217504e+00 2.81833440e-01
    3.54224831e-01 1.20473349e+00 1.35324359e+00 1.09427571e+00
    3.61365974e-02 5.50188303e-01 1.22119939e+00 1.17482603e-01
    9.69488740e-01 -2.51725435e-01 9.73054886e-01 6.30005240e-01
    6.17944300e-02 1.01751840e+00 9.38267291e-01 3.81042868e-01
    -1.87155157e-01 -4.77302969e-02 5.01188934e-01 1.97667956e-01
    -3.51483792e-01 1.09948575e-01 8.59538317e-02 1.04979491e+00
    1.40590310e+00 1.13505363e+00 6.23612642e-01 1.20141554e+00
    8.01490366e-01 1.34212732e+00 1.12694788e+00 6.63686931e-01
    5.56632280e-01 6.30154431e-01 5.90686500e-01 9.84814644e-01
    1.07898998e+00 9.85369802e-01 -3.09514403e-01 3.26388836e-01
    1.22487140e+00 4.05462563e-01 9.46558774e-01 1.06278324e+00
    -1.34919286e-01 1.52820230e-01 7.04164863e-01 7.33591199e-01
    -3.55526865e-01 1.26784074e+00 -2.31467903e-01 6.41255975e-02
    1.20422745e+00 1.63211703e-01 -3.42049211e-01 1.77466035e-01
    -4.45016325e-02 4.24395144e-01 6.10057354e-01 9.02449489e-01
    -4.92276102e-01 2.48430729e-01 1.04087627e+00 1.37435704e-01
    1.10580873e+00 8.09772611e-02 -4.22007382e-01 2.36887902e-01
    -1.99476957e-01 -4.52131629e-02 5.78416169e-01 6.75372183e-01
    1.19200206e+00 -2.26425320e-01 2.02062249e-01 -3.75447124e-01
    2.19769061e-01 1.36818969e+00 8.94412100e-01 -1.70441806e-01
    1.27105165e+00 1.09788561e+00 8.60531986e-01 1.12603545e+00
    8.65826249e-01 6.06671989e-01 1.18059063e+00 2.46408105e-01
    -3.87237430e-01 1.47068501e+00 1.18622160e+00 7.33690679e-01
    1.00325441e+00 2.32273698e-01 8.96722674e-01 1.21746600e-01
    -3.76181602e-02 1.82373047e-01 8.04757714e-01 1.31850684e+00
    1.45830190e+00 4.12256926e-01 1.34234339e-01 -4.37410355e-01
    6.43896699e-01 1.17017055e+00 -1.30069315e-01 -4.04210091e-01
    -4.22094017e-01 9.25657928e-01 -7.71686733e-02 -3.86397064e-01
    -2.57623136e-01 2.75732398e-01 6.17132664e-01 -2.13890970e-02
    5.53953111e-01 -4.72344756e-01 1.37599492e+00 -3.15119922e-01
    -1.13969564e-01 1.30980909e+00 1.47835898e+00 1.20215714e+00
    1.23921967e+00 3.58027637e-01 1.01540911e+00 5.08812070e-01
    4.71704602e-02 4.66425598e-01 -1.84127837e-01 5.56614935e-01
    1.35407162e+00 -1.77049935e-01 6.33075535e-01 8.24806631e-01
    -3.02985191e-01 6.25256300e-02 1.36746812e+00 1.78426594e-01
    -2.46149391e-01 1.22104728e+00 8.67661715e-01 2.75945425e-01
    1.22169316e+00 1.08687913e+00 7.47812629e-01 1.48809969e-01
    8.19451392e-01 1.15403354e+00 -3.93880427e-01 1.97437257e-01
    6.72517300e-01 1.16371036e-01 1.00528240e+00 3.02178800e-01
    -4.72977102e-01 3.47074419e-01 6.06247783e-03 -3.37556541e-01
    -2.08103120e-01 1.33542728e+00 6.12276793e-01 -9.07738507e-02
    1.04663527e+00 4.27252233e-01 3.44025820e-01 1.69099361e-01
    5.61155617e-01 7.54103422e-01 2.60000974e-01 -2.97728837e-01
    1.36108744e+00 1.17268884e+00 9.56526160e-01 8.20612133e-01
    1.50175071e+00 1.26750755e+00 4.29607630e-02 1.98849678e-01
    -4.30479616e-01 6.28214002e-01 1.50807595e+00 1.26268363e+00
    3.90366316e-01 2.25317180e-01 6.95732772e-01 -1.27159834e-01
    2.85565913e-01 4.13974524e-01 9.16416168e-01 1.06932223e+00
    1.00480556e+00 8.83620441e-01 9.50649321e-01 5.56031168e-02
    6.55402303e-01 1.35040832e+00 7.73920178e-01 -3.36991668e-01
    6.47265136e-01 7.13850498e-01 8.16318452e-01 -3.72163355e-02
    7.83955514e-01 2.32709259e-01 1.10405993e+00 3.58327925e-02
    1.28544152e+00 6.65677011e-01 -2.79255867e-01 2.92653143e-02
    1.53492302e-01 -1.17433906e-01 3.80603224e-01 -3.28416944e-01
    9.97029424e-01 1.01579344e+00 -2.14797199e-01 -3.97418082e-01
    1.10985851e+00 -1.53576523e-01 6.67995632e-01 8.62828553e-01
    1.22356653e-01 6.47571981e-01 7.03999400e-01 9.22580302e-01
    -1.04774237e-02 7.25723684e-01 1.17108440e+00 -1.86206371e-01
    3.30352306e-01 1.20753407e+00 -1.12918913e-01 3.31442893e-01
    1.20065439e+00 1.22898293e+00 1.18956256e+00 -1.18290424e-01
    -4.53808397e-01 1.14281058e+00 9.17949080e-01 -3.17453444e-02
    6.23278797e-01 1.05959225e+00 -3.31949294e-02 7.65560865e-01
    5.72627783e-01 -1.67013645e-01 9.53211129e-01 4.58161771e-01
    -2.74989486e-01 -4.09765512e-01 -4.28987563e-01 5.44643223e-01
    -3.79171938e-01 -4.07854617e-01 1.03962946e+00 4.32963133e-01
    4.52698588e-01 7.08948135e-01 -2.44922698e-01 1.12580502e+00
    -4.71954167e-01 9.28316951e-01 7.88484991e-01 -1.32278830e-01
    4.47346836e-01 -1.01800829e-01 1.21972263e-01 -3.54377627e-01
    8.94658208e-01 -4.50046003e-01 4.20114398e-01 -4.78778809e-01
    1.24023223e+00 -4.44531649e-01 4.08893108e-01 3.97780359e-01
    -5.16414702e-01 1.27703369e+00 2.54692554e-01 1.43473697e+00
    3.48602653e-01 -8.31320584e-02 1.21571851e+00 -5.07644475e-01
    1.41823292e-01 3.29614222e-01 9.47775126e-01 -1.03362650e-01
    7.00814903e-01 3.20692301e-01 8.19471419e-01 9.99668241e-01
    1.07389629e-01 -3.16615045e-01 2.16742098e-01 1.23398983e+00
    8.20860803e-01 9.19535041e-01 8.81545603e-01 1.37625706e+00
    1.05195618e+00 1.48198771e+00 3.21722865e-01 6.92684889e-01
    -4.23058689e-01 1.35254121e+00 6.32882893e-01 1.37174439e+00
    -4.41963494e-01 2.56283402e-01 5.69784641e-01 1.06470287e+00
    1.14232659e+00 -5.66522479e-02 8.82276654e-01 1.33293891e+00
    -3.38857830e-01 -2.68908113e-01 1.08238077e+00 1.44799876e+00
    1.92823052e-01 9.19462562e-01 5.42146385e-01 1.30781674e+00
    -1.51027620e-01 -4.30959165e-01 4.51292217e-01 7.92896807e-01
    8.56629014e-01 1.53419971e-01 1.24291754e+00 4.34201658e-01
    -1.73142791e-01 3.55122566e-01 9.57037568e-01 1.42388308e+00
    2.11788833e-01 -1.35701090e-01 3.96870077e-01 5.72362542e-02
    3.23738039e-01 2.80695319e-01 4.93104041e-01 4.05570447e-01
    1.06735456e+00 1.08053041e+00 9.38252330e-01 8.30228209e-01
    -3.25558007e-01 4.70985293e-01 -3.90615255e-01 8.79617572e-01
    -4.84451652e-01 6.59978628e-01 -4.25004274e-01 3.57326955e-01
    -4.59237635e-01 -4.34550017e-01 -2.15592474e-01 2.61407942e-01
    1.51567650e+00 6.27803922e-01 1.23571134e+00 2.31041938e-01
    6.23351932e-01 -3.66443664e-01 9.45490479e-01 -4.13266361e-01
    1.25081682e+00 -3.51959407e-01 -2.95083880e-01 4.12804127e-01
    1.10831738e+00 3.29302430e-01 8.76126289e-01 -1.06703490e-01
    2.24829674e-01 5.94353378e-01 1.12437057e+00 1.34282565e+00
    1.48046398e+00 -2.67806292e-01 1.09415889e+00 8.43349338e-01
    -2.93965459e-01 5.07148564e-01 1.39404130e+00 -5.76893687e-02
    9.54504550e-01 -2.70301759e-01 1.07412827e+00 4.12719548e-01
    5.28880358e-01 7.74969459e-02 6.51388049e-01 -4.83673275e-01
    4.00957942e-01 7.28614032e-02 1.27963901e+00 4.89388108e-01
    1.28165340e+00 4.68373209e-01 5.69115520e-01 1.38709807e+00
    2.61235535e-01 -2.79276431e-01 -3.59819770e-01 2.94685870e-01
    6.39741182e-01 1.48505771e+00 6.52733088e-01 9.47154522e-01
    1.45502710e+00 6.18426859e-01 2.72463679e-01 6.51391745e-02
    -3.31185520e-01 1.13491011e+00 1.46324611e+00 1.02303863e+00
    8.72079253e-01 -1.61504388e-01 -2.20321625e-01 1.05991578e+00
    3.92509699e-02 -2.13467687e-01 -9.88309383e-02 -8.88385177e-02
    1.19055569e+00 -2.12624997e-01 -1.78623855e-01 -4.37376380e-01
    1.12965894e+00 1.06253242e+00 -5.07282436e-01 1.47088230e+00
    3.15547287e-01 4.18730497e-01 1.68671370e-01 5.30579507e-01
    -1.57693088e-01 -4.35381114e-01 -3.80639315e-01 3.87654066e-01
    -4.28869426e-01 -1.58383429e-01 4.31221724e-03 1.17279339e+00
    -1.61105722e-01 6.25216067e-01 2.29147881e-01 -1.21054560e-01
    1.44930005e+00 8.97705555e-01 -4.39440280e-01 4.58478242e-01
    6.13896370e-01 -1.87764674e-01 -2.10015357e-01 6.56906724e-01
    9.13661540e-01 3.33128095e-01 5.69868684e-01 5.41460514e-02
    -9.35803652e-02 -4.15834844e-01 1.42715287e+00 6.04873121e-01
    1.38406670e+00 1.32816112e+00 7.80660272e-01 -2.93710828e-02
    -1.94248527e-01 -3.89255583e-02 2.30524749e-01 9.87884045e-01
    1.13062382e+00 6.73471868e-01 1.27324557e+00 1.09302771e+00
    5.93205929e-01 6.51283026e-01 -2.76499033e-01 1.05289245e+00
    9.08632040e-01 -2.58665562e-01 3.55506122e-01 5.84572554e-01
    3.06410968e-01 1.32885909e+00 -4.04861540e-01 2.07269847e-01
    1.43004084e+00 1.49030113e+00 -4.46523845e-01 -3.28313529e-01
    8.54373753e-01 1.01588035e+00 6.57665730e-01 1.93967134e-01
    1.43551826e-02 -4.25203621e-01 -1.42572016e-01 6.73787475e-01
    1.10006428e+00 6.78281546e-01 -2.49893129e-01 7.82158732e-01
    4.67086166e-01 1.25161564e+00 8.77379656e-01 1.36470103e+00
    1.40713155e-01 2.77654022e-01 1.10431480e+00 1.40075350e+00
    7.46543050e-01 -3.65128726e-01 6.00566864e-01 3.12251925e-01
    -2.08434820e-01 1.25355065e+00 -2.74419069e-01 8.40185523e-01
    2.41635621e-01 -9.44778025e-02 1.01306510e+00 1.30317748e+00
    -1.12925529e-01 8.25955868e-02 3.27353656e-01 1.26701117e+00
    1.20465565e+00 4.98593450e-01 1.49287438e+00 -1.79593951e-01
    5.55505514e-01 -3.00842941e-01 1.42129064e+00 -4.08936441e-02
    1.45838499e+00 1.20260978e+00 -4.27530557e-01 1.03003871e+00
    3.37894797e-01 1.45872211e+00 1.34648919e+00 -3.35504055e-01
    5.50372660e-01 -3.21357608e-01 2.13312268e-01 -3.20592403e-01
    -4.47844952e-01 -2.59245336e-01 -1.30610019e-01 -1.98918104e-01
    1.24901855e+00 1.29094028e+00 4.12437499e-01 1.21619046e-01
    -1.86669290e-01 6.17393613e-01 8.41162324e-01 9.24501777e-01
    1.23266172e+00 2.53091455e-01 -1.35192662e-01 5.22432685e-01
    -4.89285171e-01 8.58106375e-01 5.32779813e-01 6.07705414e-02
    3.38631392e-01 1.52999640e-01 1.35860074e+00 9.62412417e-01
    1.38101268e+00 3.80000681e-01 2.19663680e-01 3.76623809e-01
    2.80102670e-01 1.26995540e+00 8.52364540e-01 9.79210019e-01
    -1.45829141e-01 1.28307629e+00 2.63143063e-01 -1.85443580e-01
    1.07381797e+00 8.91066253e-01 1.17443597e+00 -5.33161700e-01
    9.07346070e-01 6.22735143e-01 5.16005158e-02 -3.15782905e-01
    3.41508389e-02 -4.28639323e-01 1.41360211e+00 -1.25358045e-01
    -5.08425534e-02 1.08814681e+00 7.03687251e-01 8.40086281e-01
    1.10172307e+00 1.32521141e+00 -9.29489732e-02 7.38959074e-01
    -2.83364594e-01 1.26976037e+00 -1.94324911e-01 5.47571838e-01
    1.07478046e+00 2.96525657e-01 2.93655992e-02 -3.99044365e-01
    1.01127791e+00 -4.01036710e-01 3.50617111e-01 9.98147905e-01
    9.51515079e-01 2.47725248e-02 1.45788777e+00 -5.67373037e-02
    6.33229971e-01 5.88115215e-01 -7.53235221e-02 -3.18185151e-01
    2.59610891e-01 6.46972418e-01 -3.69814843e-01 9.75707889e-01
    1.48864985e+00 1.92187130e-01 9.44870174e-01 -3.84015292e-01
    9.21710908e-01 5.48543572e-01 4.87813354e-02 1.05217695e+00
    5.08316576e-01 1.23590827e+00 3.75824273e-02 -4.70821589e-01
    -6.64662719e-02 9.61350203e-01 1.16392374e+00 3.21060717e-02
    -2.15090185e-01 -3.29201132e-01 9.33182240e-01 1.23284364e+00
    5.69384396e-02 9.35701728e-02 -2.19716012e-01 2.92768478e-01
    1.03962922e+00 1.88936114e-01 7.59234428e-01 1.45244479e+00
    6.27852857e-01 1.35476732e+00 7.36882806e-01 -3.48131955e-02
    1.03722775e+00 4.60525990e-01 -4.09462959e-01 1.24933028e+00
    8.72529149e-01 1.11006784e+00 2.81609476e-01 -1.41336620e-02
    2.29643196e-01 1.24552536e+00 7.28428662e-02 -3.24232638e-01
    7.48466730e-01 -1.39952600e-02 -1.60842955e-01 6.62358284e-01
    -3.50293666e-01 1.20146346e+00 6.61329150e-01 3.20559293e-01
    3.38917345e-01 -1.76009893e-01 1.00548923e-01 1.46563482e+00
    1.14431047e+00 5.08917928e-01 1.25626564e-01 5.48925400e-01
    -1.32844180e-01 1.47331154e+00 1.31731105e+00 5.91154218e-01
    -3.79130632e-01 8.42301846e-01 9.31808233e-01 -1.08770281e-01
    1.44967794e+00 8.42988074e-01 -9.77491140e-02 9.02954936e-01
    5.49351871e-01 -2.86667943e-01 3.60924006e-01 5.25652289e-01
    -2.06386745e-01 5.17105103e-01 -8.11070800e-02 7.21126914e-01
    8.22319269e-01 -4.34017569e-01 7.35212266e-01 2.37539381e-01
    3.09630692e-01 2.91946590e-01 2.38187879e-01 -4.60150540e-01
    4.08105880e-01 5.29167950e-02 5.44236720e-01 -1.46026641e-01
    -6.14081919e-02 9.70799327e-01 1.32523036e+00 2.93012023e-01
    -4.45522100e-01 1.34317756e-01 1.33398974e+00 -4.34071064e-01
    5.05395889e-01 6.96123719e-01 8.26752365e-01 -2.42948532e-04
    1.01408112e+00 2.32263267e-01 -4.49349940e-01 -4.89322066e-01
    1.39008713e+00 1.33624625e+00 -1.99852586e-02 1.09372699e+00
    1.27658403e+00 7.68473268e-01 4.25991833e-01 -2.54394114e-02
    3.41053069e-01 2.13828027e-01 -1.54593110e-01 -4.57971513e-01
    -3.46882641e-01 -1.77210897e-01 -1.04016751e-01 -4.36065078e-01
    7.81176865e-01 -2.43295312e-01 1.13039804e+00 1.16587305e+00
    1.32513642e-02 -4.59325492e-01 -4.85938191e-01 1.48765743e-01
    3.93651992e-01 -2.37897784e-01 -1.86471343e-01 1.08483148e+00
    1.38785267e+00 1.01239681e-01 5.30452251e-01 3.06842625e-01
    -4.76605684e-01 -2.61965007e-01 5.17513752e-02 1.38196969e+00
    2.09774017e-01 4.06548798e-01 1.46363652e+00 7.69309282e-01
    1.18140781e+00 1.41663265e+00 8.90007734e-01 3.60753268e-01
    2.91371942e-01 3.17610800e-01 3.01900685e-01 4.98302877e-01
    1.27380800e+00 6.07148707e-01 -1.54686481e-01 1.45968151e+00
    -6.88558817e-02 1.09976935e+00 -2.12441772e-01 1.09255135e+00
    7.46613562e-01 1.38745522e+00 6.55045092e-01 6.02048278e-01
    1.09705758e+00 1.17806411e+00 6.58533096e-01 -8.72826576e-03
    1.06982219e+00 1.13531852e+00 1.04556131e+00 2.70730019e-01
    1.43228352e+00 5.11083722e-01 7.27232158e-01 1.29542136e+00
    1.47622323e+00 -3.90928686e-01 2.74346411e-01 -4.64355439e-01
    4.43015635e-01 6.23223782e-01 -2.12058634e-01 8.23755562e-01
    -3.74067903e-01 1.22711313e+00 1.28833890e+00 6.21617436e-01
    -2.46137202e-01 -6.44573569e-02 -3.08540940e-01 -2.31891543e-01
    1.48700976e+00 -4.76940036e-01 3.53196293e-01 5.76581478e-01
    1.33491993e+00 1.02820325e+00 3.54696810e-01 -2.31589675e-01
    -3.76283944e-01 1.00399256e-01 1.39233911e+00 -8.42733085e-02
    9.24615860e-01 3.51958573e-01 1.27422738e+00 1.34717619e+00
    6.27200782e-01 2.74138153e-01 3.09521914e-01 6.54486835e-01
    2.21483052e-01 5.05291104e-01 1.11871159e+00 9.88492191e-01
    4.79726553e-01 1.45224392e+00 -3.74620020e-01 3.31103206e-01
    -2.73470342e-01 1.76995933e-01 5.78160524e-01 1.27894473e+00
    8.80749166e-01 5.33849716e-01 2.66899914e-01 8.65940094e-01
    1.18663681e+00 -3.34111154e-01 7.69923210e-01 7.41628766e-01
    2.81825632e-01 8.24927986e-02 9.14886236e-01 3.12579751e-01
    -4.56471801e-01 1.36792386e+00 4.13247228e-01 1.02388442e+00
    -4.67320204e-01 -3.19290638e-01 -1.67132914e-02 -4.25978303e-01
    1.39230967e-01 -8.60806406e-02 1.01953912e+00 1.00125217e+00
    1.13442373e+00 -4.59416240e-01 6.15304708e-01 7.60301948e-02
    7.60441661e-01 -2.72431791e-01 8.14812899e-01 7.52113044e-01
    5.71189523e-02 -4.25474077e-01 2.12953091e-02 2.56622076e-01
    1.34215212e+00 9.86508787e-01 -5.65331876e-02 9.90699530e-02
    4.30257946e-01 1.83948517e-01 1.28817320e+00 9.38965917e-01
    5.21605134e-01 3.16606104e-01 -3.33053529e-01 5.78103781e-01
    4.00512129e-01 9.85149145e-01 4.20742691e-01 -4.36483979e-01
    -3.93406600e-01 7.07069278e-01 8.66359472e-03 1.42783511e+00
    5.58535457e-01 8.12809825e-01 1.29090834e+00 -1.96617812e-01
    5.15719414e-01 -1.12768888e-01 1.56853795e-01 -8.02213550e-02
    -9.33434367e-02 6.90982938e-01 2.18513012e-02 -2.71744609e-01
    5.33415556e-01 1.21774793e+00 6.34551346e-02 -3.60107213e-01
    3.22343111e-01 -2.74880975e-01 1.33352184e+00 9.05741096e-01
    -4.23064440e-01 1.27751863e+00 -3.53256762e-01 7.31236219e-01
    -3.64786685e-01 6.02464974e-01 -3.89233559e-01 4.28404927e-01
    -2.10765868e-01 1.19975114e+00 -1.56645596e-01 8.14024925e-01
    2.80737996e-01 8.01864564e-01 1.48164988e+00 6.24580979e-02
    8.63837421e-01 9.19744849e-01 1.50821328e-01 3.69427621e-01
    1.48935163e+00 8.66473615e-01 8.67006123e-01 8.53848457e-01
    -2.09261507e-01 7.31020093e-01 1.41411555e+00 4.61505949e-01
    1.19566727e+00 2.25293964e-01 6.38751686e-01 6.67987466e-02
    -1.32041067e-01 -2.54696846e-01 1.75768018e-01 7.90762544e-01
    1.29515433e+00 4.63867098e-01 -2.42553353e-01 5.22661448e-01
    1.02202773e+00 -2.16361940e-01 1.15183377e+00 5.38344979e-01
    -1.19125843e-01 1.03711450e+00 -2.93810904e-01 -5.98952770e-02
    3.49310547e-01 1.85363919e-01 1.33363628e+00 7.94188917e-01
    -2.40272880e-02 5.96511304e-01 1.41558647e+00 1.37995481e+00
    -2.19729662e-01 2.54343510e-01 -3.73666227e-01 5.33666492e-01
    1.28598642e+00 4.27121401e-01 1.27079439e+00 4.67737615e-01
    1.05142498e+00 -1.24654382e-01 2.93025255e-01 -3.75904083e-01
    1.22215009e+00 3.30699325e-01 1.04931140e+00 1.01918650e+00
    -2.06569761e-01 -9.38314199e-03 3.47356826e-01 4.44343746e-01
    -2.05513746e-01 -2.56443888e-01 2.48312950e-02 -5.20030856e-02
    9.15107369e-01 5.26000142e-01 -1.00185692e-01 7.99112797e-01
    2.85416842e-01 -4.50056314e-01 -7.43196607e-02 4.43783373e-01
    1.26650834e+00 8.11348915e-01 1.02084661e+00 -1.28162175e-01
    -4.56921130e-01 8.26362312e-01 1.16506815e+00 7.49876976e-01
    3.81208092e-01 1.44271970e+00 1.17360163e+00 -9.36989188e-02
    1.47954726e+00 1.08980501e+00 6.31149173e-01 1.44284987e+00
    5.52836776e-01 4.57832158e-01 -2.90521592e-01 1.11861992e+00
    9.74113822e-01 -2.40663588e-02 1.99947059e-01 -7.12232292e-02
    5.11221766e-01 1.16067195e+00 7.74529219e-01 7.60499418e-01
    1.42667830e+00 -1.79566145e-02 2.89854646e-01 1.34219503e+00
    1.45488858e+00 1.39793992e+00 8.62098753e-01 -3.46909255e-01
    1.02346206e+00 8.02352190e-01 -8.16852748e-02 8.85420024e-01
    -1.11195505e-01 5.00055075e-01 1.37406111e+00 1.45972610e+00
    6.02584004e-01 1.43804932e+00 1.57637537e-01 3.11176300e-01
    1.67997956e-01 7.45191932e-01 -4.76006567e-01 -4.06136602e-01
    -3.10896277e-01 -4.30683166e-01 3.44449699e-01 -2.95439333e-01
    -3.09711099e-02 8.67148161e-01 2.82684475e-01 -4.66771305e-01
    1.48452067e+00 -4.63118970e-01 1.32067895e+00 9.89250839e-01
    -1.76405340e-01 1.45002198e+00 1.33414984e+00 9.48773026e-01
    -1.43680364e-01 1.09239602e+00 5.23632348e-01 4.59819376e-01
    1.25363398e+00 8.27743649e-01 1.37811875e+00 1.34356546e+00
    1.45212173e+00 -2.55996704e-01 6.57862067e-01 -4.16108608e-01
    1.14862204e+00 9.93175030e-01 6.75602853e-01 1.38093185e+00
    1.22598934e+00 1.36836886e+00 4.15053368e-01 1.08885956e+00
    9.98516321e-01 8.48669171e-01 1.40464222e+00 2.48489797e-01
    2.62155652e-01 1.21268666e+00 4.63516295e-01 -2.70182669e-01
    4.99209255e-01 3.42798233e-02 7.14202702e-01 1.15765727e+00
    2.62505531e-01 1.45986605e+00 -7.37384856e-02 3.45073789e-01
    1.49496889e+00 6.42460108e-01 4.77304816e-01 7.63051987e-01
    1.16815221e+00 1.60548389e-01 1.36486268e+00 9.58340585e-01
    1.14740515e+00 9.71352994e-01 3.65479469e-01 -3.74385297e-01
    5.45555890e-01 -4.91344929e-03 1.43760109e+00 1.19522643e+00
    7.34657347e-01 -2.01888800e-01 1.40510535e+00 -6.06907606e-02
    5.99498570e-01 -4.49708223e-01 9.98854637e-01 6.39065623e-01
    1.84970140e-01 4.91519272e-01 1.03424788e-01 3.61189961e-01
    4.41741109e-01 -3.36199224e-01 -2.68409252e-01 2.51855016e-01
    5.97427070e-01 5.16838372e-01 1.05403471e+00 6.75082624e-01
    -1.94520921e-01 4.74221647e-01 5.86062551e-01 1.20399106e+00
    9.58284736e-02 1.26055449e-01 1.21316826e+00 4.76880312e-01
    -1.19026214e-01 -3.70114148e-01 2.67904222e-01 6.90371394e-01
    7.91556537e-01 -1.32095337e-01 -7.74340928e-02 4.76566702e-01
    6.79880023e-01 1.52459574e+00 3.04427236e-01 -3.01882178e-01
    2.39445508e-01 2.96847522e-01 7.15377808e-01 -1.94729239e-01
    3.89019847e-02 9.31019604e-01 -3.53444397e-01 1.03396702e+00
    -7.69163370e-02 4.36343074e-01 1.32939041e+00 1.21894085e+00
    1.20053041e+00 7.59359241e-01 1.45901620e-01 1.37794614e+00
    -3.42070222e-01 6.32938623e-01 1.48177588e+00 2.53925502e-01
    4.34019744e-01 1.24694228e-01 7.58681774e-01 8.55613530e-01
    1.49668527e+00 1.61318719e-01 9.51471150e-01 6.04488432e-01
    -4.59834665e-01 1.12992239e+00 1.05827093e-01 -2.04125822e-01
    -3.23986411e-02 7.20878005e-01 9.23425198e-01 1.28290415e+00
    7.54256964e-01 4.78217691e-01 1.26077855e+00 9.92695689e-01
    -7.34558702e-03 1.08007216e+00 5.67043543e-01 1.33006239e+00
    1.04241562e+00 9.60036337e-01 1.29371774e+00 5.59444427e-01
    -2.48052001e-01 4.47847426e-01 8.23728681e-01 6.19544804e-01
    6.21576309e-02 1.82059944e-01 1.48115456e+00 1.22608733e+00
    1.11322510e+00 1.43982100e+00 1.06699872e+00 1.24528217e+00
    9.17448163e-01 -4.50361520e-01 -1.18864357e-01 -2.62353271e-01
    1.63214326e-01 8.23863745e-01 1.01640296e+00 -5.01814783e-02
    1.45609736e+00 1.20690334e+00 6.61975443e-01 6.13927960e-01
    8.17560971e-01 7.19912052e-01 1.10026729e+00 2.27515697e-01
    -1.11074865e-01 9.88740921e-01 1.47953415e+00 1.08870208e+00
    -5.74981868e-02 1.40233421e+00 -1.62470341e-03 7.54447579e-01
    1.41909659e+00 8.50358546e-01 1.78924620e-01 1.36501229e+00
    -2.44670182e-01 1.22455084e+00 8.07103992e-01 -4.58957344e-01
    9.05963123e-01 4.18740243e-01 8.62880588e-01 2.03395218e-01
    6.18575931e-01 9.93897855e-01 1.46372843e+00 -3.44097972e-01
    5.60209692e-01 -2.67052650e-02 -2.39156932e-01 -4.50414419e-02
    9.34292376e-01 1.28232169e+00 9.66964185e-01 1.20705271e+00
    1.13694787e+00 1.13250494e+00 2.87776351e-01 3.12007427e-01
    9.59467888e-02 8.27675760e-01 1.23533034e+00 5.77221811e-01
    -6.60205185e-02 3.35775554e-01 5.25863409e-01 4.42758322e-01
    8.29074562e-01 -2.69943476e-01 9.60977376e-01 2.28021801e-01
    9.51926649e-01 7.32770681e-01 4.35844541e-01 4.91261363e-01
    6.02439940e-01 1.04354048e+00 4.99445796e-01 1.47206676e+00
    3.15398574e-02 2.95047402e-01 -6.42316341e-02 1.35376930e-01
    4.71187830e-01 4.36868727e-01 -4.56038833e-01 1.35388982e+00
    4.95854616e-02 1.18782425e+00 2.89135635e-01 9.25329506e-01
    8.98546517e-01 1.17627311e+00 -1.91346973e-01 5.31496882e-01
    5.89675665e-01 1.17854798e+00 1.47575140e-03 2.84226120e-01
    -4.24209774e-01 7.60217845e-01 9.34305549e-01 7.03554332e-01
    1.27877533e+00 6.70833707e-01 7.31569290e-01 3.00520778e-01
    6.90967798e-01 2.28961408e-02 1.39410663e+00 6.64688110e-01
    -2.94457734e-01 -1.15919054e-01 6.19579434e-01 5.01880765e-01
    3.35797906e-01 4.01874483e-01 1.41312623e+00 9.10975218e-01
    1.42611980e+00 1.15300596e+00 5.38763404e-02 3.79746974e-01
    1.16953313e+00 7.31391311e-01 -3.77200544e-01 -2.48428553e-01
    -4.18815136e-01 1.16983080e+00 -1.92148238e-01 4.99387622e-01
    8.82221103e-01 7.35114813e-02 4.40545976e-01 1.01381171e+00
    9.73781288e-01 -1.35818005e-01 1.21012235e+00 1.15999258e+00
    1.45553327e+00 -4.13680077e-01 5.88721335e-01 2.15193897e-01
    -4.11236823e-01 2.32265294e-01 -3.42565894e-01 2.51776308e-01
    4.21061754e-01 1.26303029e+00 -1.70025349e-01 6.66123927e-01
    1.27390790e+00 2.83029616e-01 8.10968280e-01 1.30924225e+00
    1.44463348e+00 1.32997024e+00 1.45699155e+00 1.06240129e+00
    6.38300359e-01 1.32815480e+00 -1.54608071e-01 3.11167419e-01
    6.75289452e-01 7.55839169e-01 9.09471273e-01 4.99678224e-01
    1.46952581e+00 2.44903833e-01 7.90326357e-01 1.12013078e+00
    -2.39740580e-01 7.27219343e-01 -3.91097963e-01 1.17153418e+00
    1.06398475e+00 3.22927713e-01 9.63997960e-01 -3.80109966e-01
    1.10965788e+00 2.90799737e-02 2.11664498e-01 3.75084162e-01
    -2.51376718e-01 -2.28807986e-01 8.51257384e-01 2.70096421e-01
    -2.10517853e-01 5.02546906e-01 1.11770773e+00 -4.56419110e-01
    1.04874945e+00 7.38231838e-01 8.59756768e-01 -4.22257304e-01
    -2.67994881e-01 4.87523079e-02 2.70127147e-01 5.31530559e-01
    8.69351387e-01 -3.26496571e-01 1.90355629e-01 8.02342355e-01
    -2.55718946e-01 3.42552185e-01 8.63618970e-01 -2.14814126e-01
    3.20631266e-02 6.96525693e-01 1.48422146e+00 1.29893863e+00
    4.91033018e-01 7.21379697e-01 -3.03723037e-01 2.45870173e-01
    1.05339837e+00 1.30282807e+00 5.08796036e-01 -2.94678032e-01
    1.24634361e+00 -4.67044920e-01 1.40836692e+00 8.36935639e-02
    4.73500013e-01 1.48032236e+00 -2.19572484e-01 1.38282490e+00
    4.63023186e-02 5.89886010e-01 -2.35791653e-01 4.13577378e-01
    1.35326087e+00 -9.53285396e-02 8.33138406e-01 1.34521961e+00
    -5.98636866e-02 -3.41226667e-01 1.10883951e+00 -2.75083780e-01
    -2.53619492e-01 6.89028203e-01 2.63200462e-01 6.23824239e-01
    7.41292596e-01 1.24391508e+00 1.34196627e+00 2.18286037e-01
    -2.07470447e-01 5.63459516e-01 1.35034037e+00 7.08335996e-01
    1.62077546e-02 -5.02603352e-02 9.91224885e-01 1.35429239e+00
    -5.39009273e-02 -4.21664238e-01 -2.37496912e-01 1.42336273e+00
    6.84754431e-01 -3.46034378e-01 -7.76293576e-02 2.93455303e-01
    1.01489890e+00 -2.07983464e-01 3.51367831e-01 8.03806961e-01
    9.67362404e-01 -3.69009703e-01 1.49257374e+00 -4.65240061e-01
    1.21943331e+00 1.16814518e+00 3.99637401e-01 4.96200919e-02
    1.16233981e+00 6.18969023e-01 8.88928950e-01 5.07793009e-01
    -9.46648717e-02 7.93140709e-01 1.27413964e+00 1.41505003e+00
    5.67985356e-01 -2.76399463e-01 -2.94587672e-01 1.13146186e+00
    1.06867242e+00 -4.99481648e-01 3.43519926e-01 1.39131379e+00
    4.26996291e-01 1.30689383e+00 7.57301211e-01 -4.19256866e-01
    6.93452835e-01 1.62170768e-01 7.78698325e-01 1.12934470e+00
    1.50839138e+00 -4.39175576e-01 3.65835667e-01 -1.84036523e-01
    1.21835828e+00 1.52516115e+00 5.51397085e-01 4.48180705e-01
    1.23244882e-01 1.34901607e+00 -8.19402933e-02 8.24027061e-01
    -2.14580268e-01 -2.99241900e-01 1.31429517e+00 1.12113750e+00
    -4.99232084e-01 -4.46931481e-01 1.38080788e+00 8.28164041e-01
    3.70792866e-01 5.24178028e-01 9.99367893e-01 1.46129465e+00
    -4.02655661e-01 8.24282229e-01 1.62438154e-01 -3.48267734e-01
    4.88141179e-01 -2.25485951e-01 3.60902071e-01 1.11932123e+00
    2.97572672e-01 1.01929545e+00 8.11645985e-01 1.30298483e+00
    -4.89926219e-01 7.89631188e-01 9.44840908e-03 8.06271791e-01
    1.25265574e+00 8.60126615e-01 -7.65889883e-02 1.47620440e+00
    9.31864381e-01 -2.13728249e-02 1.29828393e-01 -2.45109558e-01
    3.97871494e-01 1.67226851e-01 3.10144663e-01 7.20691741e-01
    1.11258006e+00 3.22429895e-01 -1.81106806e-01 6.44544959e-01
    -4.26128805e-01 -1.46041662e-01 4.49886501e-01 -1.04718804e-02
    -3.91433090e-01 -1.77353203e-01 1.23427749e+00 9.34928298e-01
    1.18419528e-03 2.76390195e-01 2.17088997e-01 2.08191931e-01
    3.17923188e-01 1.87394857e-01 5.74171066e-01 1.44842124e+00
    1.16810346e+00 3.70483458e-01 1.39567983e+00 1.30766881e+00
    4.79606450e-01 1.41780436e+00 -4.13129270e-01 8.81008267e-01
    -2.03753173e-01 -9.75618362e-02 1.41643715e+00 -2.93131590e-01
    7.41503358e-01 7.43301094e-01 2.07788229e-01 7.94500291e-01
    -3.29702765e-01 7.82887280e-01 -2.61820495e-01 -1.50780320e-01
    1.49027991e+00 -3.85753006e-01 6.20360494e-01 1.08764195e+00
    -1.85841948e-01 1.26972604e+00 -1.50336325e-01 8.13577890e-01
    1.50247145e+00 1.13066673e+00 5.71888566e-01 2.29748607e-01
    1.22736788e+00 9.24161196e-01 -1.68228090e-01 3.49037111e-01
    1.18943965e+00 4.42039192e-01 5.27315259e-01 -2.68750846e-01
    1.42804408e+00 -6.75996840e-02 3.27588320e-01 7.72319078e-01
    1.31092072e+00 6.03562593e-03 -2.51400530e-01 7.40965128e-01
    1.25700891e+00 4.09947872e-01 -3.68028522e-01 -3.19473743e-02
    2.91099280e-01 -1.23844743e-02 2.85247684e-01 -3.12621117e-01
    3.66556644e-03 -2.74775684e-01 -1.38109773e-01 2.97341883e-01
    -4.62249696e-01 1.22999883e+00 -4.16560650e-01 7.69092321e-01
    8.65986228e-01 5.54136634e-02 2.45822728e-01 -4.50627565e-01
    -9.26016569e-02 1.37849712e+00 9.49068964e-01 6.46507680e-01
    1.29235375e+00 3.71006906e-01 1.33472466e+00 8.75399709e-02
    7.41007328e-01 -2.33011305e-01 1.37719226e+00 1.24842477e+00
    6.52156472e-01 1.27734721e+00 1.38343465e+00 1.45110118e+00
    1.09124374e+00 5.21570146e-01 6.90393686e-01 1.02924526e+00
    3.20827186e-01 9.93658543e-01 6.07850194e-01 9.19685245e-01
    -1.74557358e-01 1.25762165e+00 -2.08529294e-01 -4.35955316e-01
    1.47064340e+00 1.37758642e-01 1.30639374e-01 -3.65320086e-01
    8.75198841e-01 6.67844415e-02 -2.94906646e-01 2.84158885e-01
    4.43702996e-01 1.13503623e+00 8.28532219e-01 -2.80874431e-01
    3.58673453e-01 6.05894387e-01 1.04744864e+00 6.46837354e-01
    8.60530138e-03 2.91870892e-01 -6.86581135e-02 -3.39803934e-01
    1.30371332e+00 1.16123700e+00 1.67469144e-01 1.04522872e+00
    1.59054756e-01 1.84539676e-01 1.50182796e+00 1.16846395e+00
    -1.88018799e-01 8.42189789e-01 2.57422030e-01 1.50090981e+00
    -8.80093575e-02 1.39858186e+00 3.67477238e-02 -2.28289336e-01
    2.69325137e-01 6.44201815e-01 9.72396135e-01 1.35065830e+00
    8.53175759e-01 -2.17122108e-01 1.40131056e+00 -4.73105341e-01
    1.86364830e-01 1.00327170e+00 1.27873516e+00 1.81211919e-01
    -3.65639359e-01 5.61381221e-01 1.41017151e+00 -5.04507601e-01
    3.60820949e-01 2.90815473e-01 8.74247849e-01 8.54012668e-01
    1.45999694e+00 8.47211719e-01 -7.67064691e-02 -4.47595417e-02
    5.52023411e-01 7.82024026e-01 1.27695704e+00 7.21295357e-01
    1.29226828e+00 8.61205995e-01 -7.46434629e-02 -1.38218373e-01
    9.59763646e-01 1.40418506e+00 1.34443188e+00 1.35184002e+00
    -3.60629678e-01 -3.86793047e-01 -4.35985386e-01 8.36052060e-01
    1.00388670e+00 -1.10433668e-01 1.35167015e+00 -4.94217277e-01
    1.19553936e+00 5.54922223e-02 3.27066511e-01 2.70909369e-02
    2.34398693e-01 9.18021798e-01 5.65025806e-01 2.40572184e-01
    5.52002668e-01 -4.57858473e-01 4.52239811e-02 -2.29004681e-01
    -3.98251832e-01 3.60225141e-02 1.31043255e+00 7.47896791e-01
    -3.90823662e-01 9.67927873e-02 2.03078687e-01 5.50796270e-01
    1.09729064e+00 4.53458309e-01 1.22196937e+00 9.86462295e-01
    8.97351503e-02 1.25669479e+00 -2.87305474e-01 1.15028012e+00
    8.28538001e-01 -2.73317158e-01 -2.20333993e-01 1.42968416e+00
    7.74064183e-01 1.45690155e+00 3.23969126e-01 1.85981512e-01
    3.29254568e-01 3.82197857e-01 1.29860497e+00 -3.36311460e-01
    -2.97685981e-01 7.99078763e-01 9.11673844e-01 -4.25517559e-01
    1.44271791e+00 3.19631338e-01 1.38145399e+00 -4.20672387e-01
    5.43227553e-01 6.44562066e-01 1.18945909e+00 1.82948172e-01
    -1.60883069e-01 1.07497978e+00 2.96409070e-01 5.14709294e-01
    1.15679169e+00 -4.60802257e-01 1.30103445e+00 2.11321354e-01
    1.48521888e+00 1.44316196e+00 5.45810282e-01 1.38138580e+00
    1.40033102e+00 -4.50204670e-01 -3.53520870e-01 1.93365216e-02
    -1.13518745e-01 1.49309802e+00 1.44721842e+00 2.93741584e-01
    3.16308677e-01 7.65718222e-01 -4.53806818e-02 -7.33815432e-02
    6.85657978e-01 1.21303797e-02 3.26670170e-01 8.04493129e-01
    1.17821169e+00 6.92114234e-01 -2.24768400e-01 8.56569231e-01
    5.41007757e-01 9.67422128e-02 1.26977193e+00 5.78393877e-01
    3.77694190e-01 1.36069727e+00 6.30605400e-01 -1.91489965e-01
    -6.64317608e-03 1.13152790e+00 9.02145565e-01 -1.21586263e-01
    2.87451684e-01 4.43059444e-01 1.49429464e+00 6.33925796e-01
    6.13943338e-01 -4.62292910e-01 2.19260752e-01 5.30446768e-02
    1.65106446e-01 8.32842886e-02 1.49595618e+00 9.11872923e-01
    -5.62117398e-02 1.32804275e+00 1.33084595e-01 1.19765568e+00
    -3.91971946e-01 -9.62436199e-04 -1.18550688e-01 7.42590606e-01
    6.17148101e-01 1.01315248e+00 4.49771941e-01 1.07252479e+00
    5.43003678e-01 4.59579527e-01 -2.11638480e-01 -2.66689450e-01
    9.30594742e-01 3.63433778e-01 6.13210797e-01 2.67232060e-02
    -3.13159823e-01 8.61332476e-01 1.41848266e+00 -3.64652276e-03
    6.71935797e-01 1.42337453e+00 -2.25136876e-02 8.92660975e-01
    6.32576466e-01 2.65583515e-01 1.03222716e+00 1.24256909e-01
    -4.26987678e-01 5.21592915e-01 6.73523486e-01 1.11838841e+00
    5.66947937e-01 3.78675222e-01 1.03405142e+00 -1.93574965e-01
    4.14338171e-01 4.60471749e-01 7.70009995e-01 1.22070217e+00
    -6.24775887e-03 1.16655493e+00 5.34811854e-01 -1.62594318e-01
    1.68862760e-01 4.59482253e-01 3.17803383e-01 3.28983635e-01
    1.36653185e+00 3.62996191e-01 8.13188076e-01 7.25923538e-01
    7.32688844e-01 1.29413605e-01 1.03364241e+00 -1.67407125e-01
    1.63539886e-01 1.38972640e-01 -1.18159592e-01 -4.64568108e-01
    -2.26039559e-01 1.25924742e+00 7.16297030e-01 9.88685906e-01
    8.53297472e-01 2.24333435e-01 -8.35439265e-02 -2.28196442e-01
    1.25627661e+00 1.26195085e+00 5.13819098e-01 6.47141457e-01
    4.58089948e-01 1.29811931e+00 3.93115699e-01 -2.98964500e-01
    1.43801904e+00 1.44927323e-01 9.98440564e-01 2.68701017e-01
    1.33919179e+00 4.04477656e-01 2.71646440e-01 1.02336359e+00
    -2.28681386e-01 5.96542656e-01 7.75250852e-01 1.14298832e+00
    -6.23848736e-02 -2.50898778e-01 4.24934864e-01 4.02397811e-01
    2.41397440e-01 4.91828859e-01 5.80952346e-01 -4.01215583e-01
    -3.21415126e-01 1.61462337e-01 1.43700290e+00 1.53581858e-01
    8.41428876e-01 6.54492497e-01 1.01785743e+00 1.73053652e-01
    1.04083848e+00 1.23619914e+00 1.50540161e+00 -5.70903420e-02
    1.28008485e+00 -8.04199874e-02 -1.43538415e-01 4.00191367e-01
    4.16323692e-01 4.01949584e-01 1.32796872e+00 -1.49192125e-01
    1.09529638e+00 2.28227854e-01 3.83849680e-01 1.47609997e+00
    -4.59273964e-01 5.07894039e-01 7.49663711e-01 9.32741761e-01
    3.88996243e-01 8.81231725e-01 8.91302288e-01 -1.13995105e-01
    7.25978971e-01 1.39088809e-01 -2.52321929e-01 4.29868937e-01
    1.38310266e+00 8.99922907e-01 9.84426737e-01 8.32010865e-01
    -5.26273847e-02 4.12141502e-01 -2.00538397e-01 -1.38565272e-01
    1.21746469e+00 4.18852448e-01 1.06280303e+00 2.86858797e-01
    8.62963974e-01 -3.21951628e-01 7.39426792e-01 1.24762070e+00
    1.15485477e+00 3.83366406e-01 1.00208867e+00 5.77124953e-03
    1.43499446e+00 6.04224026e-01 -4.36599910e-01 1.29066837e+00
    1.21148276e+00 1.94476902e-01 -3.69107097e-01 1.44952619e+00
    1.79921091e-01 9.93642807e-01 -2.69394457e-01 -4.70810831e-01
    -1.72669739e-01 -3.21051180e-01 7.03327775e-01 6.03358865e-01
    -4.05015469e-01 4.50993538e-01 3.35071981e-01 4.64279175e-01
    -2.65978336e-01 5.51750720e-01 1.41393816e+00 3.46661508e-01
    3.17835093e-01 1.17594075e+00 1.14010274e+00 5.70373952e-01
    9.04387236e-03 1.44117951e+00 9.59494114e-01 2.07244754e-02
    4.75449562e-02 8.49537671e-01 1.09959579e+00 6.18374884e-01
    3.81825626e-01 1.33379972e+00 3.63118529e-01 1.10158479e+00
    -4.57860380e-01 -5.06365597e-02 7.81555533e-01 1.01166844e+00
    9.88673806e-01 6.14270449e-01 1.28089380e+00 8.28350246e-01
    9.92198348e-01 1.47630334e+00 7.89739013e-01 9.26942348e-01
    1.02495122e+00 -6.22767508e-02 7.93604851e-01 -2.17572272e-01
    2.05492139e-01 5.42216182e-01 1.42861497e+00 2.99679309e-01
    -2.70215094e-01 1.25549698e+00 9.27136838e-01 1.32421064e+00
    -2.58640110e-01 1.42763525e-01 2.28755832e-01 -2.60097951e-01
    9.60094452e-01 4.57253158e-01 7.51044273e-01 1.22696972e+00
    3.88231039e-01 1.72569096e-01 1.81437075e-01 4.41354692e-01
    3.39268446e-02 7.25853443e-02 2.79158175e-01 4.58963513e-02
    3.54114354e-01 8.89362097e-01 -4.69893813e-01 8.22978497e-01
    1.44065881e+00 4.04786229e-01 -2.46481597e-02 3.77469242e-01
    -4.55217451e-01 3.62819970e-01 6.21478558e-02 7.26410508e-01
    8.31119120e-01 -3.83584589e-01 1.11722064e+00 6.15897775e-01
    -2.17709035e-01 9.96292353e-01 2.08457410e-01 2.12335199e-01
    6.20942235e-01 1.13518405e+00 -3.76679093e-01 -3.73476148e-01
    5.62288940e-01 -1.41711295e-01 8.28751326e-01 -4.21284676e-01
    1.23525035e+00 1.37264103e-01 6.25827372e-01 -2.47101218e-01
    1.29424071e+00 -2.25555003e-01 1.12358689e-01 -3.74803185e-01
    -3.71450722e-01 1.14546859e+00 1.91926658e-01 8.56040478e-01
    -8.52927566e-03 3.89391482e-02 3.59219909e-01 1.36044705e+00
    1.25599527e+00 2.83083588e-01 8.25164318e-01 5.32504797e-01
    1.19300628e+00 5.28232217e-01 -1.37579441e-03 9.02373791e-01
    1.18251532e-01 -3.49542737e-01 1.03767991e+00 -1.88033670e-01
    1.27816641e+00 -4.74539965e-01 1.31881452e+00 -2.35970467e-01
    1.31026506e+00 1.48651218e+00 6.42523110e-01 9.17585254e-01
    -8.74067843e-02 -1.19875222e-01 7.20491767e-01 4.39934790e-01
    4.38171983e-01 3.44615102e-01 2.51865149e-01 1.49932480e+00
    1.23933935e+00 8.76466155e-01 3.77975613e-01 5.21515250e-01
    4.03556287e-01 7.01727569e-01 -3.36753726e-01 6.78022504e-01
    -3.61983538e-01 -2.88030863e-01 1.25406015e+00 -2.54132807e-01
    1.11806035e+00 1.13619506e+00 3.65008354e-01 9.25113082e-01
    1.12210512e+00 -2.80602753e-01 1.44687653e+00 4.93669242e-01
    1.37303257e+00 1.30419672e+00 -1.25603497e-01 1.01585090e-01
    1.10042405e+00 -2.22005844e-02 6.65736258e-01 1.68169796e-01
    1.08526075e+00 6.55927062e-01 7.32341230e-01 1.42429042e+00
    6.11523092e-01 -4.78042513e-01 1.19735110e+00 1.31512690e+00
    -1.14364415e-01 1.15254402e+00 9.50030267e-01 1.45024073e+00
    5.03802836e-01 7.48956800e-01 6.61112487e-01 1.35372090e+00
    -1.43995851e-01 9.95280087e-01 1.33185089e-01 4.23650026e-01
    1.10675943e+00 7.04970360e-01 1.08468533e-02 -4.25909579e-01
    7.01127648e-01 -2.30074227e-01 -1.59285367e-02 9.29561377e-01
    1.11776662e+00 5.46042323e-02 -2.37911686e-01 -1.34420097e-01
    4.82958317e-01 8.83401632e-01 9.06093478e-01 1.38202822e+00
    1.01155651e+00 1.02214396e+00 1.33275342e+00 1.31290030e+00
    7.59648025e-01 -4.00306135e-01 1.47072315e+00 -2.55570710e-01
    9.11872566e-01 1.06906402e+00 1.49541712e+00 2.75119245e-01
    4.67181385e-01 1.01754773e+00 4.94528890e-01 -2.31879324e-01
    1.41121066e+00 5.02850652e-01 -4.45462644e-01 4.04764175e-01
    -2.51703084e-01 -4.97023195e-01 1.39724016e-01 1.46019638e+00
    1.40760243e+00 9.59460735e-01 6.27947092e-01 1.28467727e+00
    1.49773431e+00 3.59740198e-01 1.62065625e-01 4.30073380e-01
    -1.95659131e-01 1.11098027e+00 2.01098919e-01 9.65913057e-01
    1.21252668e+00 8.86810064e-01 6.65289164e-01 7.19904304e-01
    1.12081361e+00 6.12053156e-01 4.02325064e-01 1.55870259e-01
    -3.93871337e-01 -2.99021959e-01 -4.87133563e-02 8.84573817e-01
    1.14614177e+00 1.02114379e-02 -3.13171893e-01 1.27501881e+00
    8.62858653e-01 1.24624044e-01 8.90762091e-01 1.08713675e+00
    -3.65277529e-01 7.11403072e-01 9.77624297e-01 1.05540323e+00
    2.88437963e-01 8.82936954e-01 1.09316909e+00 1.29554844e+00
    1.06287086e+00 8.40823591e-01 1.64698422e-01 5.11465132e-01
    2.31385767e-01 1.24236846e+00 1.00225878e+00 -9.30208862e-02
    6.46352768e-03 1.21058345e-01 1.09442449e+00 1.24827075e+00
    1.43050909e+00 6.03491783e-01 1.09944105e+00 1.42254221e+00
    1.40298665e-01 1.57841742e-01 1.42300487e+00 -3.13137561e-01
    2.30756462e-01 1.48877168e+00 3.95774424e-01 1.28405905e+00
    1.41418648e+00 1.31886387e+00 1.89484239e-01 -8.97838473e-02
    4.71635163e-01 8.00502896e-02 6.48143411e-01 2.84987092e-02
    1.09012628e+00 -1.42742485e-01 -3.14390063e-02 1.08050346e+00
    -4.79463279e-01 4.10060018e-01 4.40307021e-01 1.93372250e-01
    -4.51026797e-01 4.35140699e-01 -3.30712259e-01 1.25919759e+00
    3.10048521e-01 3.61355901e-01 4.33397293e-03 -1.39909774e-01
    6.27523005e-01 1.17346311e+00 4.25506830e-02 8.49801898e-02
    9.51477349e-01 1.15399241e+00 -5.03757417e-01 7.96055436e-01
    -2.16755420e-01 4.69712138e-01 7.29287386e-01 3.99195969e-01
    -5.08110404e-01 1.09207284e+00 1.22348642e+00 -4.85176444e-02
    5.61475754e-02 6.12447321e-01 -4.32916462e-01 4.90480304e-01
    3.65498364e-01 -1.65221363e-01 -2.86019862e-01 1.09515786e-02
    9.26883459e-01 -4.62422997e-01 5.38215041e-01 2.71311909e-01
    2.78035074e-01 -9.23871994e-05 1.10200369e+00 -1.62334651e-01
    -2.61808753e-01 -3.24426830e-01 1.02723706e+00 -5.63277602e-02
    5.66223264e-01 1.47306705e+00 7.57109165e-01 1.24372268e+00
    9.17303622e-01 -6.73504472e-02 5.53481638e-01 7.11181998e-01
    8.37351859e-01 1.37593031e-01 -9.69984233e-02 6.28639936e-01
    1.06780386e+00 8.58071446e-01 -3.49228978e-01 1.46375537e+00
    1.17514443e+00 1.14415741e+00 9.50967312e-01 -3.63513291e-01
    1.04935932e+00 4.02654827e-01 1.09900904e+00 9.36609685e-01
    -1.98742121e-01 -2.73233354e-01 1.46181488e+00 1.35581267e+00
    1.20359027e+00 9.85546708e-01 5.28630495e-01 8.04497063e-01
    1.89952821e-01 4.84383285e-01 2.38954365e-01 1.38326120e+00
    1.18362236e+00 -4.74035740e-04 -3.82529378e-01 -1.63996011e-01
    8.66556466e-01 1.33350682e+00 -8.19790959e-02 7.43819535e-01
    1.34576845e+00 -1.74849927e-02 -2.00786889e-02 -2.40319401e-01
    5.65288782e-01 -1.67688280e-01 -1.37693226e-01 1.01615715e+00
    7.23566115e-02 9.84792590e-01 6.60471797e-01 1.43738687e+00
    3.44178796e-01 9.01946187e-01 3.18030506e-01 8.89651537e-01
    -4.48423505e-01 -4.06976521e-01 -1.26269221e-01 4.84113365e-01
    1.13030732e+00 6.05494797e-01 1.23958802e+00 2.32963234e-01
    2.55068362e-01 6.62283659e-01 4.91572320e-01 2.69732535e-01
    1.47403336e+00 5.81029594e-01 6.69908106e-01 6.97868526e-01
    4.56703544e-01 1.22876692e+00 1.91950440e-01 -1.73630446e-01
    -3.30632001e-01 2.09184408e-01 5.41116476e-01 1.23801887e-01
    9.23040807e-01 8.40252042e-02 4.27941382e-01 1.50113404e-01
    1.25922227e+00 -2.97817469e-01 9.68468308e-01 1.06735921e+00
    1.36209011e+00 -1.41299486e-01 1.09397757e+00 5.04468679e-02
    7.57395387e-01 7.62678146e-01 -2.61996418e-01 7.58294582e-01
    1.29795623e+00 9.69869137e-01 1.40712750e+00 3.77743870e-01
    -4.84150946e-02 7.10038006e-01 -2.44289279e-01 3.18335772e-01
    -2.14579850e-01 7.31659234e-02 7.64057755e-01 1.45669055e+00
    4.52073395e-01 -2.30984390e-02 5.71235001e-01 1.06643939e+00
    -1.52045250e-01 1.61311448e-01 1.12871134e+00 -4.76211667e-01
    6.46800458e-01 1.15327334e+00 -2.03041911e-01 -8.22512209e-02
    9.83578742e-01 -2.82677770e-01 -4.63484615e-01 1.12064290e+00
    3.86158884e-01 1.18647861e+00 5.71932733e-01 8.83616328e-01
    5.02756238e-02 8.33256960e-01 7.34556019e-01 5.39772272e-01
    7.76552677e-01 1.12918842e+00 -3.77869785e-01 9.90105271e-01
    1.41955042e+00 1.05972242e+00 -1.13946557e-01 -2.36994833e-01
    1.13027692e+00 1.49891794e+00 1.05036676e+00 6.71558201e-01
    1.31846571e+00 -5.90264797e-04 5.82577109e-01 7.88953722e-01
    3.52803171e-02 -1.96625441e-01 1.12884808e+00 1.10397518e+00
    3.27524751e-01 1.04136467e+00 1.30094337e+00 -1.22717023e-02
    5.47978282e-01 -1.91940367e-02 1.22700989e-01 1.39604259e+00
    1.29147494e+00 6.10532522e-01 1.32746363e+00 -2.01701760e-01
    8.02088082e-01 -3.55991751e-01 -3.84331644e-01 1.04732060e+00
    5.33931851e-01 5.01383901e-01 8.83602202e-01 -2.23612666e-01
    8.95507038e-01 1.70900404e-01 1.29341662e-01 -3.03451002e-01
    7.01530099e-01 5.48047781e-01 -3.26477259e-01 2.30473518e-01
    -1.82899058e-01 8.84905577e-01 -4.20438796e-01 -1.83032334e-01
    -2.58035362e-01 9.84032214e-01 -3.71064097e-01 7.38650441e-01
    1.51808858e-02 6.23060226e-01 4.15985227e-01 1.01387250e+00
    6.43719733e-01 2.75765300e-01 1.06355524e+00 4.17843223e-01
    1.29270196e+00 1.08735347e+00 -3.24488878e-02 1.03264213e-01
    7.54295886e-01 8.78439903e-01 -1.83793545e-01 2.27761030e-01
    1.50063276e+00 -1.24359369e-01 1.08165240e+00 -3.76077414e-01
    -9.81939137e-02 -1.68877214e-01 5.47846437e-01 1.82870328e-01
    6.06217206e-01 9.46637571e-01 3.79533350e-01 9.46554065e-01
    1.06517136e+00 8.09758902e-03 3.74005616e-01 1.35062361e+00
    1.33315849e+00 -2.79546559e-01 5.23874402e-01 8.64317179e-01
    4.18479323e-01 9.32763577e-01 9.78323162e-01 1.46073723e+00
    2.31611371e-01 1.21399736e+00 1.96809173e-01 1.45022082e+00
    9.03375268e-01 3.64726365e-01 1.38803768e+00 7.54924655e-01
    2.93167233e-01 1.04193497e+00 -2.99716771e-01 5.33402920e-01
    1.50057006e+00 2.93800652e-01 -1.80523038e-01 5.18625021e-01
    1.73689097e-01 2.75568634e-01 1.03469455e+00 -4.88619477e-01
    1.40267158e+00 1.40040183e+00 1.06690347e+00 1.47131324e+00
    1.29001975e+00 1.10268354e+00 1.36014700e+00 6.63522124e-01
    5.91107607e-01 -4.54258561e-01 8.29629123e-01 -2.60968566e-01
    9.73623991e-03 1.46677065e+00 6.34395301e-01 -3.29471022e-01
    2.67260194e-01 2.04983205e-01 -9.01217461e-02 1.25138628e+00
    9.45641935e-01 1.42624414e+00 1.36547256e+00 -2.81330168e-01
    1.28954554e+00 1.18857419e+00 1.00244844e+00 1.06629133e+00
    4.92325366e-01 -2.82538265e-01 -4.07231003e-01 1.73804283e-01
    1.15866423e+00 -7.42346346e-02 9.79724586e-01 2.03027964e-01
    1.23230457e+00 1.47502184e+00 3.06863725e-01 -1.93298310e-01
    4.25599337e-01 5.79205990e-01 1.31332278e+00 9.73747969e-02
    -3.73214275e-01 4.51973140e-01 9.71465945e-01 3.92389327e-01
    1.17989743e+00 6.91319942e-01 1.00939798e+00 1.32141757e+00
    -3.36769223e-02 -2.85144687e-01 1.53089178e+00 -4.45511043e-01
    6.46492660e-01 1.50281596e+00 1.29241395e+00 7.67093301e-01
    4.57067549e-01 1.24281776e+00 -1.06534600e-01 7.13887453e-01
    -9.22468305e-03 1.07135928e+00 1.45944381e+00 3.20419848e-01
    3.00093323e-01 -4.78656501e-01 3.02024007e-01 1.13597441e+00
    9.51843977e-01 5.20850718e-01 -3.41147661e-01 1.35714889e+00
    2.33842015e-01 3.97896767e-03 1.36495805e+00 9.75728512e-01
    3.58078599e-01 -1.61145926e-02 8.43519390e-01 4.45861995e-01
    2.18118668e-01 1.28230560e+00 -1.42465532e-01 1.41390228e+00
    1.46890378e+00 7.42036045e-01 1.48373747e+00 1.15292048e+00
    2.17432022e-01 -1.89937115e-01 6.36132360e-01 -4.56221402e-01
    -2.07453072e-01 2.21345872e-01 -7.30948448e-02 4.61782098e-01
    5.72157800e-01 -7.69064724e-02 1.18754244e+00 1.17607415e-01
    6.14969373e-01 -3.64863813e-01 9.65821147e-02 2.17389971e-01
    1.24933159e+00 1.90172195e-01 1.27767766e+00 1.44678104e+00
    -4.10728812e-01 1.34994555e+00 3.03507000e-01 1.32494521e+00
    1.15436482e+00 3.41159642e-01 4.11325276e-01 1.04980958e+00
    -3.30748320e-01 6.46864474e-01 2.39142358e-01 4.45739806e-01
    6.00254059e-01 -1.87098771e-01 7.65080512e-01 1.38281226e+00
    -4.12103117e-01 5.90444207e-02 1.01193070e+00 2.24212825e-01
    5.07040143e-01 1.37468064e+00 2.77505815e-01 1.06095028e+00
    1.82879090e-01 4.54992294e-01 9.96119201e-01 5.07814944e-01
    -2.42837191e-01 3.67143214e-01 1.42855811e+00 -2.81605363e-01
    3.50198567e-01 1.64657831e-02 1.41736960e+00 9.58478808e-01
    5.06126285e-02 -2.54306614e-01 1.47675931e+00 1.26502442e+00
    -4.87507135e-01 1.89427227e-01 1.83362365e-01 1.04009676e+00
    5.68085909e-02 1.06581330e-01 -1.88224554e-01 -1.61842465e-01
    -3.00192118e-01 3.86543602e-01 6.58527553e-01 2.30175138e-01
    -4.23378050e-01 -3.33314538e-01 6.24460876e-01 1.88715756e-01
    6.59102499e-01 -7.69308209e-02 1.40792847e-01 -1.36623770e-01
    1.30516148e+00 3.14861715e-01 1.06027102e+00 -2.28403181e-01
    -4.89669293e-01 2.27652967e-01 1.46140909e+00 9.59202766e-01
    1.20785189e+00 9.92518306e-01 4.69029546e-02 -4.07390475e-01
    -4.15302873e-01 -7.31123686e-02 2.65321195e-01 8.77924502e-01
    -1.89868271e-01 1.18068790e+00 -4.49484736e-01 -1.18303299e-03
    9.54155266e-01 2.72627473e-01 1.02707648e+00 -2.60624081e-01
    8.25333655e-01 1.47074533e+00 1.01128101e+00 1.06830442e+00
    8.63545537e-01 -4.19153124e-01 9.04650569e-01 4.55150664e-01
    -3.19363922e-01 1.06234062e+00 3.70667756e-01 7.66649604e-01
    8.59354436e-01 -2.56064504e-01 6.28753126e-01 8.45806241e-01
    -2.46845663e-01 5.87934256e-01 1.03299737e+00 4.66843039e-01
    9.86341059e-01 4.36049938e-01 -2.63436973e-01 4.92378533e-01
    -1.49744779e-01 1.24733496e+00 -1.21816844e-01 6.86438203e-01
    -4.10727978e-01 1.14543390e+00 1.65524304e-01 1.14287543e+00
    4.78837013e-01 1.06473374e+00 2.80270457e-01 1.19568753e+00
    -2.46808797e-01 6.17923379e-01 1.03270125e+00 1.40845215e+00
    1.10395956e+00 3.67001057e-01 -2.18289196e-02 9.58279669e-01
    6.90670371e-01 -1.28156126e-01 1.11608267e+00 1.18519974e+00
    3.06722522e-01 1.20090675e+00 -2.17994273e-01 8.56981635e-01
    9.99798059e-01 1.82085842e-01 2.84010768e-01 1.37088275e+00
    6.37465477e-01 5.48714399e-01 1.35987186e+00 1.01252794e+00
    1.13367677e-01 4.86446261e-01 -2.59997487e-01 6.01801813e-01
    1.40819120e+00 -4.71211791e-01 2.98309207e-01 1.28538179e+00
    -1.44243985e-01 4.64007556e-01 1.85884655e-01 1.07011199e+00
    1.37027669e+00 -2.94879496e-01 -4.28488612e-01 1.09578228e+00
    9.99270558e-01 -3.01111162e-01 9.83937263e-01 1.16998982e+00
    2.17198253e-01 1.21788144e+00 5.92552722e-02 -4.60609198e-02
    7.43247569e-01 6.58091843e-01 -9.57578123e-02 -4.85893101e-01
    5.97906351e-01 6.98477209e-01 1.02535218e-01 1.36963665e+00
    1.17874837e+00 9.17622507e-01 -2.41280645e-01 6.61989450e-01
    5.44058740e-01 6.95766628e-01 8.33112180e-01 8.08929503e-01
    8.13806653e-02 1.09735990e+00 4.39759135e-01 4.70999420e-01
    6.95169926e-01 3.98186594e-01 8.21717143e-01 1.45834589e+00
    1.77714825e-01 8.98219764e-01 8.92097592e-01 -4.11033332e-01
    1.34696615e+00 1.00844532e-01 1.76138729e-01 5.12051463e-01
    -3.96398365e-01 2.29848862e-01 4.87625748e-01 1.24491751e-01
    8.77591193e-01 -2.51629293e-01 9.62358296e-01 -1.93609029e-01
    3.33596349e-01 -2.26335317e-01 1.33795953e+00 8.24039698e-01
    1.15852249e+00 1.51548862e-01 -2.15786546e-01 -1.05420381e-01
    9.20926154e-01 9.72808242e-01 1.41138983e+00 -3.19084048e-01
    9.00819898e-02 -1.96168035e-01 1.16614401e+00 -1.12861365e-01
    -3.42014343e-01 1.28404665e+00 5.64341903e-01 1.10694063e+00
    6.08095348e-01 1.05380464e+00 8.53418052e-01 8.97089899e-01
    -2.16279566e-01 -2.06889480e-01 5.94791472e-01 1.48259938e-01
    6.95614457e-01 8.30734968e-01 4.38433111e-01 6.23816907e-01
    6.57224000e-01 3.34204078e-01 5.11537790e-01 1.15543318e+00
    1.20908344e+00 5.42767048e-01 -4.44576472e-01 -3.17244768e-01
    2.41267622e-01 -2.33077347e-01 9.35082674e-01 2.25613415e-02
    1.12666404e+00 5.03139794e-01 2.60843039e-01 8.88725281e-01
    1.46454990e+00 -1.92726672e-01 6.69033170e-01 2.16524601e-02
    -2.85514981e-01 1.50259578e+00 8.35262716e-01 5.09772003e-01
    6.85210228e-02 6.75270438e-01 1.00268567e+00 -3.88184518e-01
    -4.73791987e-01 1.23824286e+00 4.46525455e-01 1.45044684e-01
    6.41450822e-01 1.48230600e+00 -5.94025850e-03 1.44285917e-01
    5.40401578e-01 7.63856888e-01 -3.73941928e-01 1.25958276e+00
    7.54410625e-01 -1.73872083e-01 1.15505052e+00 5.94638526e-01
    1.14348614e+00 8.27198684e-01 7.06062794e-01 6.28701746e-01
    6.11774445e-01 4.54957008e-01 1.36675143e+00 9.74762917e-01
    6.43116415e-01 5.43977737e-01 2.38067269e-01 8.51316810e-01
    7.49125481e-01 -4.45452809e-01 3.17845047e-01 -3.65345359e-01
    1.37340271e+00 1.13613129e+00 -2.03938395e-01 1.17041516e+00
    3.53577256e-01 1.61230147e-01 7.99540162e-01 6.36483312e-01
    5.91928244e-01 1.38778639e+00 1.35048389e+00 -1.39781982e-01
    -2.92818934e-01 9.13723111e-02 -6.59596920e-02 1.42887723e+00
    1.25107002e+00 -4.54556763e-01 1.33749342e+00 -3.60653669e-01
    -4.36792850e-01 1.09152734e-01 -3.99117708e-01 5.90050638e-01
    1.36899412e-01 -4.16960776e-01 1.66950226e-01 1.07648027e+00
    1.37690187e+00 1.68435097e-01 -2.54198402e-01 4.09329236e-01
    1.17037988e+00 -1.86616451e-01 2.26712286e-01 4.81563330e-01
    -4.45816427e-01 1.24144948e+00 7.48616874e-01 1.07872570e+00
    2.69696653e-01 9.03226852e-01 -1.26645178e-01 4.45932150e-02
    5.69505751e-01 7.70551741e-01 -2.02954978e-01 -1.11651301e-01
    9.27222133e-01 -5.03894508e-01 5.96488595e-01 -1.01061463e-01
    6.08008564e-01 7.20669508e-01 4.66997832e-01 1.44300556e+00
    1.82740301e-01 5.66277385e-01 1.07552576e+00 -4.55233961e-01
    -3.51708591e-01 1.14822519e+00 1.28874230e+00 5.52309155e-01
    1.13984585e+00 -3.12438846e-01 3.21609259e-01 5.27234674e-02
    7.72052526e-01 -1.55504972e-01 3.47428381e-01 2.62937605e-01
    5.98310530e-01 9.72458124e-02 1.09618068e+00 1.27162480e+00
    1.04417419e+00 3.08905363e-01 2.51917422e-01 4.71142352e-01
    -1.91644222e-01 1.00917482e+00 2.89209068e-01 1.20658576e-01
    2.78276622e-01 1.20845222e+00 -1.72185510e-01 -3.76104563e-01
    -3.11777890e-01 -4.12311882e-01 -1.70466721e-01 8.70529115e-01
    5.72837234e-01 1.37976754e+00 6.57395363e-01 2.83148527e-01
    3.10355425e-01 -2.81210482e-01 1.07467091e+00 1.12927818e+00
    -4.08253133e-01 1.14675879e+00 6.62034750e-01 4.01290774e-01
    1.45725989e+00 5.82192421e-01 5.47253668e-01 9.50639009e-01
    1.32240093e+00 1.16522551e+00 5.89664876e-01 1.42412996e+00
    -1.42281681e-01 4.80140984e-01 -4.05325413e-01 1.27327406e+00
    3.24196577e-01 4.36174601e-01 2.35281140e-01 -4.12992716e-01
    4.68086511e-01 9.40130472e-01 1.01043671e-01 -8.18143189e-02
    3.91288400e-01 -6.90899789e-02 -1.45042956e-01 -4.61459607e-01
    2.06485331e-01 7.46885359e-01 1.14407986e-01 -5.92987537e-02
    4.81706023e-01 9.91817415e-01 -1.24490619e-01 -1.71396047e-01
    8.21976781e-01 4.56810713e-01 8.94658566e-01 1.55800641e-01
    -3.01368624e-01 -3.97889584e-01 -2.65137851e-02 1.98108912e-01
    3.77252698e-02 -4.16006565e-01 3.02946478e-01 1.30645251e+00
    -4.20261532e-01 1.45547897e-01 -1.28468305e-01 -3.39206278e-01
    1.34571791e+00 3.49887609e-01 1.04541993e+00 4.36359525e-01
    -2.71745086e-01 -3.70782971e-01 7.77330518e-01 -3.22080731e-01
    9.46004391e-01 1.06811011e+00 1.38996887e+00 -1.58804566e-01
    2.56887734e-01 -3.50534141e-01 6.91927314e-01 1.44431305e+00
    6.09537125e-01 1.05152535e+00 8.76112819e-01 3.47325861e-01
    9.46848989e-02 4.79106367e-01 2.13790298e-01 1.19788265e+00
    -6.30557537e-04 2.72647142e-02 6.04381919e-01 -4.97539967e-01
    8.89916658e-01 -3.08138013e-01 -1.26015693e-01 5.19220173e-01
    7.11225569e-01 -5.21620810e-01 -1.75196528e-01 1.32914996e+00
    1.73367679e-01 -1.46014243e-01 -9.84132290e-03 3.44110787e-01
    1.75088644e-03 9.20491159e-01 1.47353649e+00 -1.04358256e-01
    -5.04857302e-03 5.97482741e-01 1.40107405e+00 2.51837194e-01
    1.71115696e-01 1.31928873e+00 -3.02605659e-01 -1.22298270e-01
    5.96458733e-01 -1.82074875e-01 2.80589432e-01 4.48582292e-01
    1.20871019e+00 1.92491412e-01 4.99875993e-01 1.07321310e+00
    -4.67959046e-02 8.14851522e-02 2.44760156e-01 9.55170214e-01
    -3.37431461e-01 1.01573920e+00 1.15112090e+00 2.04000950e-01
    9.22645271e-01 1.47192389e-01 -2.92755663e-02 1.25508690e+00
    1.33083451e+00 7.70288587e-01 -3.25499028e-01 4.20694470e-01
    1.15146065e+00 -2.36159831e-01 -6.68760240e-02 1.71842813e-01
    6.94469571e-01 7.07637310e-01 5.12630820e-01 1.01104546e+00
    7.29485869e-01 1.01397443e+00 -4.21431243e-01 -3.53679329e-01
    -1.81211710e-01 3.16184819e-01 5.72897196e-02 7.61167228e-01
    -1.67229086e-01 2.19091713e-01 4.74199593e-01 1.08478200e+00
    4.66267943e-01 4.63081777e-01 -2.67919689e-01 9.08582807e-02
    -4.06685293e-01 1.23948336e+00 -2.10634023e-01 -4.57805187e-01
    1.49966538e-01 -2.11254507e-01 4.81972098e-03 9.77856815e-01
    5.16002059e-01 9.51519907e-01 -4.39442933e-01 -8.89577568e-02
    -1.67706013e-01 1.48386300e+00 -4.23361570e-01 -4.27575052e-01
    5.24067879e-02 1.13568807e+00 1.04571640e-01 6.46152675e-01
    -2.92821169e-01 7.52229929e-01 3.56626511e-01 1.04199302e+00
    1.35081911e+00 -2.29153574e-01 5.56579232e-02 1.04639840e+00
    2.98184812e-01 4.14755344e-02 1.15050364e+00 8.17070305e-01
    -3.53472918e-01 7.61325479e-01 -3.69166732e-02 8.03549349e-01
    4.55881178e-01 8.74539316e-01 4.09950137e-01 -3.92832875e-01
    3.89493465e-01 4.25184250e-01 -8.88379812e-02 -5.14470100e-01
    -1.36689216e-01 6.41969085e-01 1.06352341e+00 3.70458961e-01
    6.55944228e-01 -4.29198921e-01 1.15004742e+00 1.44410062e+00
    8.06616545e-01 1.09808087e+00 8.94147038e-01 6.04309261e-01
    9.58288252e-01 7.20619977e-01 6.25082850e-01 -7.88950622e-02
    2.68831104e-01 9.56065297e-01 6.91297352e-01 7.98955142e-01
    -1.67485744e-01 -3.34855795e-01 1.07128036e+00 1.47628725e+00
    3.49714160e-02 1.46717536e+00 6.89357638e-01 -6.76894188e-03
    5.74528873e-02 1.08509362e-01 6.76626921e-01 1.25075507e+00
    2.90680408e-01 -5.90392053e-02 1.44122863e+00 8.05537701e-01
    1.09322381e+00 -4.63958055e-01 -4.31443691e-01 9.24011171e-01
    1.00380027e+00 -1.00857019e-02 1.38013291e+00 1.03474021e+00
    9.69536245e-01 2.64982283e-01 2.12562561e-01 4.90045547e-01
    6.44408464e-02 1.01851010e+00 1.11368346e+00 2.25397110e-01
    -2.96381891e-01 7.25072265e-01 -2.39350379e-01 8.19822073e-01
    3.96697640e-01 4.63917494e-01 7.46852338e-01 -3.39230955e-01
    1.10162675e+00 -1.96228325e-01 1.11637616e+00 1.20631635e+00
    5.69876432e-02 1.06936312e+00 8.75074148e-01 1.32971203e+00
    -4.03927207e-01 1.08042789e+00 6.85371697e-01 5.99924445e-01
    -8.86256993e-02 1.63386405e-01 9.91514564e-01 4.63469326e-01
    -4.00416613e-01 -7.99434185e-02 1.33940268e+00 2.49921620e-01
    1.48651040e+00 3.81982088e-01 2.68927425e-01 4.36540902e-01
    -2.94618040e-01 -3.51817131e-01 -3.05182397e-01 -2.27096736e-01
    7.16721117e-01 1.46285987e+00 7.84311771e-01 1.21030736e+00
    7.07100749e-01 -9.95706916e-02 1.43798506e+00 4.20594811e-01
    1.18495727e+00 3.57604206e-01 1.29515815e+00 3.95259738e-01
    1.20988262e+00 7.58130252e-01 1.45462394e+00 3.21340203e-01
    -8.60315859e-02 9.51063037e-02 3.29385698e-01 1.20008385e+00
    1.27037585e+00 -8.13704133e-02 8.80788326e-01 1.42714846e+00
    1.50664353e+00 -9.16220546e-02 1.17445183e+00 8.24424982e-01
    -4.44669068e-01 7.44271517e-01 1.78716660e-01 -8.45257938e-02
    4.67867911e-01 9.95771527e-01 -2.22644433e-01 7.76996613e-02
    1.26737523e+00 -5.53825498e-02 1.10588694e+00 2.09064245e-01
    -1.00019187e-01 9.81531739e-01 4.85223532e-02 1.30840874e+00
    -3.90389085e-01 1.27097833e+00 1.35142446e+00 1.26434219e+00
    5.18345714e-01 9.63985920e-03 -1.76141113e-01 2.90930271e-02
    -1.38036638e-01 8.05010438e-01 -2.80613065e-01 5.37072837e-01
    -2.16466039e-01 -3.00541818e-01 5.47354817e-01 1.38567054e+00
    3.91701996e-01 4.50844467e-01 -2.04703599e-01 1.47100258e+00
    2.78547704e-01 2.16396093e-01 3.53906870e-01 9.02189195e-01
    -3.27990174e-01 1.01043558e+00 2.96195745e-01 9.48743880e-01
    9.83191133e-02 3.40976179e-01 9.16370571e-01 -4.43190247e-01
    8.61164331e-01 6.10850573e-01 1.49815381e+00 2.56149232e-01
    2.03871399e-01 4.92874384e-01 -2.11627305e-01 9.04689074e-01
    1.20259047e+00 2.00286508e-02 4.61550683e-01 1.07466364e+00
    -4.64777708e-01 5.42202592e-02 5.42758346e-01 1.07304740e+00
    5.74102700e-01 1.40430152e+00 -2.90532291e-01 -3.86712253e-01
    1.29687214e+00 2.64414668e-01 1.02066231e+00 8.06907415e-02
    1.14064598e+00 -3.20426822e-02 -3.39393914e-02 1.05819941e+00
    9.91095006e-01 1.12511563e+00 5.37156165e-01 2.39878416e-01
    8.99619579e-01 6.19676650e-01 4.64818180e-01 5.56557536e-01
    8.13944519e-01 4.70658720e-01 7.54454732e-02 2.27009594e-01
    2.76718736e-01 1.45793939e+00 -2.77479947e-01 3.97964597e-01
    -8.45524073e-02 1.03900254e-01 1.47080088e+00 1.39857280e+00
    2.85354853e-01 3.14363360e-01 -2.10649937e-01 -2.36187935e-01
    8.51083100e-02 -3.32223177e-01 4.95904624e-01 6.10022843e-02
    6.95545077e-01 6.55125499e-01 3.80415320e-01 8.46730232e-01
    1.25105798e+00 -4.72175449e-01 2.54403085e-01 -6.14744723e-02
    2.50918567e-01 1.01494145e+00 1.09071898e+00 1.36846352e+00
    2.97239840e-01 1.34229922e+00 -2.74294734e-01 -3.25893939e-01
    1.30384564e-02 1.86041653e-01 2.21784472e-01 3.52201104e-01
    4.65497434e-01 -2.46951282e-01 1.02129292e+00 1.17910504e-01
    -1.04111254e-01 -4.63079810e-02 1.16945791e+00 -1.77863508e-01
    1.23777175e+00 1.97632909e-01 1.00218034e+00 5.41493654e-01
    1.41289878e+00 6.41067028e-01 2.39824295e-01 -2.37119615e-01
    -4.74489450e-01 -3.72937918e-02 7.31706619e-02 -3.15245986e-02
    -8.05109739e-03 7.87290454e-01 7.55840600e-01 9.83932137e-01
    -4.77612466e-01 2.15471506e-01 1.03003013e+00 4.97104943e-01
    6.28166080e-01 1.06763613e+00 1.36160803e+00 8.44675779e-01
    1.29603875e+00 6.81242645e-01 -1.54787421e-01 -4.54564780e-01
    1.77510023e-01 8.96383882e-01 -8.58144164e-02 -2.62000740e-01
    1.69524223e-01 4.14161772e-01 -1.57853991e-01 1.00774384e+00
    2.28230864e-01 3.89991701e-01 1.90394580e-01 1.33759284e+00
    8.11040878e-01 9.54653323e-01 -3.14333409e-01 -3.25421780e-01
    1.29792595e+00 5.31917155e-01 9.10381079e-01 1.30247939e+00
    1.56643271e-01 7.51885414e-01 6.70050979e-02 1.08372664e+00
    6.95833504e-01 1.45216405e-01 3.28369379e-01 -3.65330726e-01
    4.27120626e-01 1.31543279e-02 -4.97850746e-01 6.41368985e-01
    7.02432394e-01 6.41536355e-01 2.79443085e-01 9.42312479e-01
    2.76895821e-01 1.41837358e+00 5.77709615e-01 8.27341080e-02
    8.61198545e-01 1.14842129e+00 2.57349491e-01 8.88060153e-01
    -3.03136230e-01 4.13174927e-01 4.98211563e-01 1.02883351e+00
    9.80396807e-01 -1.16130352e-01 1.17750573e+00 -8.29964578e-02
    9.94330645e-02 -4.07780886e-01 6.47136748e-01 -1.38530582e-01
    2.85013199e-01 1.00091231e+00 1.70640528e-01 -3.29337776e-01
    1.49980283e+00 9.20036733e-01 2.66482472e-01 4.07467246e-01
    4.82923985e-02 -4.67587680e-01 9.72738206e-01 4.48117614e-01
    4.94987309e-01 5.78296959e-01 1.18394542e+00 1.22753191e+00
    1.00348806e+00 1.02067566e+00 9.29825366e-01 -5.07830918e-01
    5.29166996e-01 -3.98285747e-01 1.01595163e+00 4.59166229e-01
    1.20873272e+00 1.46513581e+00 9.63678479e-01 1.48356843e+00
    8.52893829e-01 7.58220911e-01 7.84579158e-01 1.23515636e-01
    1.08172929e+00 1.39142513e-01 1.38583291e+00 1.16625786e+00
    2.44464308e-01 1.50851041e-01 3.40541095e-01 -3.63429010e-01
    1.10220587e+00 1.54844910e-01 -4.07719731e-01 7.76479363e-01
    8.36977363e-01 3.65411937e-02 3.54701161e-01 1.14371192e+00
    -2.86649674e-01 1.33766425e+00 1.36271536e+00 1.08893490e+00
    1.46455765e-02 7.83107162e-01 3.84180367e-01 -3.75988513e-01
    4.42888141e-02 1.49235177e+00 1.48005986e+00 6.26989126e-01
    4.36693430e-02 1.99313939e-01 6.80031180e-01 7.97587872e-01
    1.04809165e+00 6.01989746e-01 1.12237322e+00 9.82325196e-01
    6.23123407e-01 1.02714550e+00 1.06318855e+00 -4.55891311e-01
    1.46934056e+00 1.42034650e+00 6.66021466e-01 9.50257003e-01
    7.71643460e-01 2.43996263e-01 5.09042203e-01 1.25664997e+00
    1.91288590e-02 1.56072915e-01 1.22861242e+00 -2.52376884e-01
    6.88714385e-02 3.29012394e-01 1.41603756e+00 6.30094767e-01
    1.03054523e+00 -3.43279243e-01 1.36144602e+00 9.23498571e-02
    1.07875109e-01 -1.36171341e-01 1.73146039e-01 1.32364249e+00
    1.40439105e+00 -3.91206771e-01 3.52165222e-01 8.50572467e-01
    9.77848291e-01 1.33362937e+00 -1.24342471e-01 3.69933188e-01
    1.12964058e+00 4.79410201e-01 6.05670094e-01 3.50865424e-01
    -2.50424147e-01 1.21246743e+00 -1.31349325e-01 -3.02621663e-01
    -4.28295821e-01 8.21419239e-01 -2.41027921e-01 1.91191077e-01
    1.29608655e+00 8.47395360e-01 -1.15599424e-01 5.47828913e-01
    -2.20695317e-01 7.76616991e-01 1.15349698e+00 1.36097479e+00
    1.41551161e+00 4.00738835e-01 -4.03647184e-01 3.29282820e-01
    5.37016332e-01 1.48156381e+00 3.03709507e-01 1.28672552e+00
    3.54544163e-01 4.74222064e-01 1.32493615e+00 9.67195153e-01
    4.66464460e-01 1.14632118e+00 4.38377857e-02 -2.51610726e-01
    4.43166375e-01 -3.31884086e-01 1.45904696e+00 -1.98609054e-01
    6.01670980e-01 7.92027235e-01 9.65247154e-01 -4.03595954e-01
    8.28721046e-01 6.73546314e-01 2.37973988e-01 2.73517579e-01
    6.74356401e-01 1.21941876e+00 1.14861596e+00 3.86831701e-01
    1.51182353e-01 1.42547727e+00 7.78077900e-01 4.73400652e-01
    1.28630459e+00 6.01895213e-01 7.09295154e-01 1.08749580e+00
    9.77336764e-02 4.03635085e-01 3.85049284e-01 4.24382806e-01
    3.32472920e-01 7.81863570e-01 8.51598680e-01 1.09823418e+00
    6.26690686e-01 8.32736731e-01 6.38850570e-01 1.10031700e+00
    -1.51954114e-01 9.61256444e-01 9.89175439e-02 1.45161533e+00
    2.35533953e-01 1.33162618e+00 2.95855045e-01 1.38843346e+00
    -2.20349014e-01 -2.73865491e-01 6.12417758e-01 5.46259046e-01
    1.06592715e+00 1.63340986e-01 -8.91281068e-02 1.25504541e+00
    1.28364623e+00 5.42575002e-01 1.45666432e+00 1.41939664e+00
    7.16848850e-01 1.21576071e+00 6.62679851e-01 6.65169120e-01
    -2.53001183e-01 2.58773923e-01 8.63503814e-01 3.53729218e-01
    1.24743950e+00 -1.60508424e-01 2.18543708e-01 -3.35705161e-01
    1.50820565e+00 -3.23666334e-02 1.33440733e-01 1.00147772e+00
    -3.92119586e-02 3.87320161e-01 6.48610771e-01 1.47064519e+00
    7.45971859e-01 1.43905425e+00 2.70660460e-01 5.05339503e-02
    1.36659980e+00 1.41987741e-01 -3.45676273e-01 -1.78558648e-01
    1.08505583e+00 8.00299644e-01 1.18019509e+00 -2.61043727e-01
    -3.46983492e-01 1.29269183e+00 -2.67867625e-01 9.19499040e-01
    1.45310009e+00 4.36832964e-01 4.28618848e-01 -1.21101886e-01
    1.22755384e+00 3.33017826e-01 1.03188694e-01 -3.50804329e-01
    7.74057686e-01 -7.30829239e-02 -3.71338993e-01 1.20906448e+00
    1.24727416e+00 -4.78135347e-01 1.29031670e+00 5.93447685e-02
    2.89304078e-01 -3.05143386e-01 1.13261509e+00 4.32528257e-01
    5.52359879e-01 -2.82336324e-01 4.86978531e-01 6.15177095e-01
    1.49044633e+00 1.91118419e-02 2.74818599e-01 1.10118711e+00
    4.69797611e-01 -1.46984577e-01 -4.84142452e-01 1.24344540e+00
    1.09536409e-01 1.00117195e+00 3.24503899e-01 -3.08555156e-01
    3.43572855e-01 3.64102900e-01 8.05398941e-01 -4.31661189e-01
    8.23428452e-01 1.31856453e+00 7.82452226e-02 1.21873665e+00
    -2.99857199e-01 -5.04585505e-01 5.27999282e-01 7.30714917e-01
    1.10139251e-02 1.44624197e+00 9.53763068e-01 1.28060341e+00
    1.83010161e-01 3.88837218e-01 9.18560922e-01 6.37486339e-01
    4.01002556e-01 1.04366910e+00 1.05267692e+00 3.85021955e-01
    -3.33620965e-01 -2.74485707e-01 4.79603589e-01 3.55388790e-01
    8.82699490e-01 1.04485184e-01 -2.28535235e-02 -2.13586420e-01
    1.50934505e+00 7.67504156e-01 8.01533639e-01 1.09337449e+00
    -4.83003139e-01 -3.82183284e-01 1.46109664e+00 1.22318816e+00
    1.37398648e+00 -5.51173389e-02 -4.45325047e-01 1.79589987e-01
    -1.39199197e-01 -4.62312698e-02 6.61488652e-01 -5.02124548e-01
    -4.84476358e-01 -1.74233019e-02 -4.81629193e-01 -4.96317714e-01
    1.13862753e+00 8.93933058e-01 9.57748175e-01 -3.98150504e-01
    8.22944760e-01 5.74097335e-01 3.19673002e-01 1.42351270e+00
    -1.57262653e-01 7.47820973e-01 2.07807302e-01 3.95965576e-02
    1.37225842e+00 -4.67127442e-01 7.38208711e-01 6.65396631e-01
    1.33211565e+00 1.22151494e+00 -5.08660853e-01 6.78706765e-01
    5.47341943e-01 7.57203281e-01 3.56626511e-03 -1.97351873e-02
    6.84737563e-01 -1.49216354e-02 7.30103314e-01 4.12611842e-01
    6.54602051e-01 9.36802983e-01 -3.30136538e-01 -4.03817922e-01
    -3.91551018e-01 -1.12733871e-01 1.29984170e-01 1.13412130e+00
    2.80615956e-01 6.64002180e-01 -3.20375681e-01 -1.51918530e-01
    -2.59769320e-01 4.38560247e-01 2.48672962e-02 9.00542259e-01
    7.40749836e-02 2.26961434e-01 6.67869449e-02 1.37107754e+00
    1.43952060e+00 6.31912887e-01 -1.10130906e-02 1.20378089e+00
    1.36747754e+00 1.32634640e+00 6.56284869e-01 1.39172101e+00
    7.67340958e-01 1.38863158e+00 -2.70431757e-01 -1.77935362e-01
    9.08833563e-01 -3.38989496e-01 -1.07760608e-01 6.51975453e-01
    1.88823819e-01 2.20820844e-01 5.59457660e-01 -7.29014575e-02
    1.16191220e+00 4.91482377e-01 1.41631335e-01 4.92245018e-01
    -2.81089842e-02 1.26571190e+00 6.40007436e-01 1.07822251e+00
    8.32885563e-01 -2.12820053e-01 -3.64781857e-01 3.84901732e-01
    1.41013277e+00 -3.76291662e-01 5.53771675e-01 6.52462900e-01
    2.65547663e-01 1.46752417e+00 -4.03800428e-01 -1.54037297e-01
    1.20147800e+00 -3.65618080e-01 -2.77402997e-02 3.27764452e-01
    5.42754889e-01 2.46553779e-01 -1.18821323e-01 -8.34823847e-02
    -2.91591883e-03 -1.54091895e-01 -3.01423967e-02 -4.81920868e-01
    1.39190197e+00 -4.80519474e-01 1.15215397e+00 1.30734253e+00
    2.36633539e-01 1.25662518e+00 -1.22346193e-01 -7.41475224e-02
    -1.61338687e-01 1.37197602e+00 1.37257695e+00 4.53257978e-01
    3.62745762e-01 -1.46118492e-01 1.09591413e+00 1.37775588e+00
    1.46742225e+00 -1.13822669e-01 -3.14552784e-01 5.72106242e-01
    4.13564920e-01 3.64007533e-01 6.80906773e-01 6.95039451e-01
    -3.14348698e-01 1.01082683e+00 9.29196000e-01 1.09883642e+00
    -8.95309150e-02 2.66056955e-01 3.54341030e-01 1.34780049e+00
    1.42020512e+00 7.33426332e-01 1.94856524e-02 2.35965639e-01
    1.18236613e+00 -4.67212081e-01 8.14004719e-01 9.89031494e-01
    -1.89759731e-02 4.19150591e-01 1.06549895e+00 1.45373213e+00
    1.33869672e+00 1.08846116e+00 1.22937131e+00 -3.80801976e-01
    9.31596816e-01 7.21008241e-01 4.25343871e-01 1.22169399e+00
    9.74941075e-01 -6.77275658e-03 -9.83802676e-02 1.55242383e-01
    3.27123344e-01 1.09422576e+00 1.18227279e+00 -3.84523749e-01
    2.28880107e-01 -2.53725439e-01 5.63467920e-01 2.98612654e-01
    1.22450829e+00 1.03702950e+00 1.10225821e+00 1.33645499e+00
    -4.25997943e-01 4.00254369e-01 5.43254197e-01 -2.89606243e-01
    8.05606723e-01 8.64116669e-01 1.25127554e+00 5.12663186e-01
    1.00385070e+00 -1.57595724e-01 3.54052007e-01 3.89960706e-01
    -4.00278449e-01 1.37049389e+00 2.28227735e-01 1.23093915e+00
    1.20580006e+00 -2.29512870e-01 3.90242219e-01 3.32145929e-01
    2.63422191e-01 4.93272185e-01 7.62347877e-01 1.96702421e-01
    7.95241773e-01 5.72621763e-01 9.35722053e-01 2.89415777e-01
    1.36155534e+00 -3.35197151e-02 -4.30966914e-01 -3.67637664e-01
    9.78970706e-01 1.35068870e+00 5.12380183e-01 1.25855827e+00
    1.24473107e+00 7.36075997e-01 1.11494255e+00 5.08611798e-01
    5.07177114e-02 1.47478974e+00 7.54035532e-01 5.63619733e-02
    -4.25954312e-01 3.73171508e-01 5.35225034e-01 4.47756410e-01
    5.31160474e-01 1.31297874e+00 4.84993458e-02 1.27884150e+00
    2.13070631e-01 -8.53991508e-03 1.07181954e+00 9.03321862e-01
    1.45646465e+00 -3.09683681e-01 -1.78528041e-01 9.56360102e-02
    -1.52171433e-01 -2.96724021e-01 -4.68921602e-01 1.23987520e+00
    -4.15488034e-01 9.17688251e-01 1.14983535e+00 1.34472191e+00
    5.04846334e-01 3.88958663e-01 3.76470089e-01 -3.89198631e-01
    -2.93104172e-01 -4.53934073e-03 1.03117251e+00 -4.96590436e-01
    -1.26607895e-01 1.25243354e+00 1.38388681e+00 1.11715126e+00
    7.09159076e-01 -8.53815973e-02 1.32191205e+00 5.66999078e-01
    9.07593250e-01 3.28271389e-01 7.46672332e-01 2.85133123e-02
    1.46618915e+00 -3.27462405e-01 9.31908190e-01 8.85032415e-01
    1.39906240e+00 6.01225078e-01 -3.98117602e-02 3.84697914e-01
    -4.26517665e-01 1.46647692e+00 1.03697252e+00 1.21357691e+00
    1.37914777e+00 1.10880232e+00 1.74545825e-01 -5.23669720e-02
    1.26186860e+00 -4.19797897e-02 4.39845026e-01 5.04724979e-01
    -1.74943149e-01 -2.94933856e-01 6.19547665e-01 1.29429138e+00
    7.73866653e-01 9.93435860e-01 9.01445329e-01 6.91388845e-01
    8.85647297e-01 1.68697566e-01 6.74427390e-01 5.75128376e-01
    4.86749113e-02 1.05315924e+00 -3.59471887e-01 1.25798309e+00
    4.66341376e-02 9.94277000e-02 1.26146048e-01 1.17215455e+00
    1.04348016e+00 7.42086530e-01 7.78524458e-01 7.44866967e-01
    -9.92561579e-02 -4.65554535e-01 2.66568065e-02 2.61782825e-01
    -2.30278373e-02 4.10592556e-02 3.42674434e-01 -2.49799341e-01
    8.54329765e-01 1.03026605e+00 -3.32292259e-01 -8.01170766e-02
    -1.76367670e-01 4.63004351e-01 -3.18473160e-01 9.63058472e-01
    9.31858599e-01 1.06226802e-02 1.22875357e+00 6.91143453e-01
    7.10896432e-01 1.36436975e+00 8.07949066e-01 9.03921306e-01
    4.30585802e-01 -5.16548097e-01 1.23529196e+00 4.87967610e-01
    7.03064919e-01 1.07138896e+00 1.36303306e+00 1.18192101e+00
    1.23483491e+00 6.62581563e-01 1.11184204e+00 1.31011248e+00
    2.31060684e-01 6.25286996e-01 -2.81799257e-01 7.64181316e-01
    1.88318014e-01 8.34040880e-01 1.03509879e+00 9.49292541e-01
    1.47713077e+00 -2.58851349e-01 1.22450113e+00 8.29216242e-01
    -1.68345153e-01 5.85626423e-01 -3.22784662e-01 3.02447796e-01
    5.61494470e-01 1.09241104e+00 9.09512401e-01 6.24202669e-01
    5.48884690e-01 7.56446779e-01 1.36177588e+00 6.84506834e-01
    2.29631543e-01 -3.58885109e-01 1.34027338e+00 1.29599380e+00
    -4.45309341e-01 1.30878115e+00 1.14320803e+00 6.13157272e-01
    9.06069696e-01 6.78205431e-01 -5.05204201e-01 5.13908148e-01
    -3.10451537e-01 1.38634932e+00 -4.51981336e-01 1.39287531e+00
    -5.60930073e-02 5.48981905e-01 1.13558912e+00 -7.23304749e-02
    1.34097397e-01 4.20317948e-01 3.47633541e-01 7.47418284e-01
    9.52375174e-01 9.43982005e-01 -3.98822457e-01 -2.35349149e-01
    4.79724556e-01 9.66845512e-01 1.30368495e+00 9.83195186e-01
    1.28692281e+00 -3.37490261e-01 -3.82505953e-01 3.18138063e-01
    2.88920134e-01 -4.22956020e-01 -1.09584153e-01 1.38323516e-01
    -2.81617761e-01 3.96752805e-01 -4.02926236e-01 1.29080808e+00
    5.86543083e-01 8.17081928e-01 9.45592225e-01 8.18107724e-01
    -6.93276227e-02 -3.92708659e-01 -5.17646134e-01 3.55624855e-01
    1.43853903e+00 6.19593680e-01 -2.26961344e-01 -3.02351654e-01
    5.38802624e-01 -1.09755009e-01 3.53474021e-01 1.36656523e+00
    7.96050727e-01 -9.73294377e-02 2.19279528e-02 8.49148929e-01
    9.51336563e-01 7.61600137e-02 -3.58339846e-01 1.48772514e+00
    -2.39510447e-01 -1.29431814e-01 4.43095624e-01 -4.48703766e-01
    -6.44451678e-02 8.40620160e-01 1.10097361e+00 1.01556587e+00
    -1.69786066e-01 1.03898764e+00 -2.17077047e-01 1.21397877e+00
    9.39913213e-01 1.38416743e+00 -5.11060715e-01 -1.03771687e-04
    1.40830576e-01 -2.56863177e-01 -4.33657885e-01 -7.07888603e-03
    2.85354853e-02 -3.74019802e-01 1.20242608e+00 1.47540128e+00
    1.46535480e+00 -2.62498856e-04 5.71569026e-01 4.70327795e-01
    5.06545961e-01 1.04937339e+00 8.72583389e-02 1.15738988e+00
    1.35282004e+00 -4.91218060e-01 1.04740262e+00 6.67982876e-01
    6.16256654e-01 -2.61135697e-02 -4.83462781e-01 2.37798631e-01
    1.47029531e+00 3.57176483e-01 -2.00802088e-02 -4.32162136e-01
    1.05473542e+00 9.73216414e-01 2.62575269e-01 3.71169448e-02
    -4.74481642e-01 -2.42436737e-01 3.68959725e-01 2.36960024e-01
    5.54387093e-01 1.24741054e+00 4.53099459e-01 2.45791227e-01
    8.17045689e-01 -3.34688663e-01 2.74159938e-01 -5.73754013e-02
    2.17187613e-01 -9.67516005e-02 1.12878770e-01 5.98155499e-01
    1.05307579e+00 -1.87856853e-01 -4.35538888e-01 -1.60659552e-02
    1.24273252e+00 -2.70343006e-01 2.93385804e-01 8.98166001e-01
    -1.68774396e-01 5.61388135e-02 4.04690593e-01 1.07014537e+00
    6.18512154e-01 1.23185015e+00 6.89421594e-01 2.44522750e-01
    6.51756525e-02 4.60604161e-01 2.85398364e-01 -4.90417778e-01
    -1.01604939e-01 -7.78797269e-02 1.89812243e-01 4.52643752e-01
    -9.67448950e-03 -4.46116716e-01 4.18475866e-02 1.64272189e-02
    -4.15645123e-01 1.46174669e-01 8.29425812e-01 1.01679945e+00
    1.39411998e+00 1.01755440e+00 -5.27364016e-03 -1.91726357e-01
    1.35393345e+00 -4.60885495e-01 6.52484477e-01 1.01879299e+00
    -2.00160801e-01 5.94589114e-02 -4.32301313e-01 6.32218480e-01
    1.47000027e+00 1.13955176e+00 -3.32000434e-01 9.32145119e-01
    6.30158544e-01 -2.72394300e-01 7.27517843e-01 3.18754345e-01
    -1.85714453e-01 -2.51531154e-01 1.74392462e-01 9.74689841e-01
    8.53387713e-02 3.23899120e-01 2.59068727e-01 -1.58328414e-01
    2.11833805e-01 7.47514665e-01 1.56306893e-01 6.76950991e-01
    -1.83827937e-01 1.23779511e+00 9.15441394e-01 9.92240310e-02
    -3.14913541e-01 9.22867537e-01 1.40325940e+00 5.02193809e-01
    1.04759407e+00 1.00940061e+00 -2.29386479e-01 -3.86476874e-01
    9.95157063e-01 6.31262422e-01 6.31237090e-01 5.40891230e-01
    6.26948893e-01 5.89671731e-01 4.20043588e-01 2.50514269e-01
    -4.73502487e-01 1.38056982e+00 1.18043065e-01 1.27138710e+00
    -1.31976455e-01 -2.52814293e-01 8.67214739e-01 -2.49940187e-01
    1.33061218e+00 1.02820349e+00 -2.00642049e-01 1.31803894e+00
    1.53080046e-01 9.68159020e-01 8.50981474e-02 -1.51636273e-01
    1.18687749e+00 2.39498615e-01 4.62861598e-01 9.17253077e-01
    1.65135264e-02 8.32741559e-01 1.16241145e+00 -2.31534809e-01
    1.38507485e-02 3.94787371e-01 9.11960244e-01 4.00153995e-02
    -5.21009266e-02 3.01245987e-01 3.37293923e-01 1.02115273e+00
    1.11950457e-01 1.27180052e+00 1.48112357e+00 6.05177879e-02
    5.88281333e-01 1.03488541e+00 3.14823896e-01 5.22701144e-02
    2.53801703e-01 4.09616411e-01 2.35064447e-01 3.33595693e-01
    1.00134826e+00 1.28882599e+00 2.21348524e-01 1.40275657e+00
    5.11223614e-01 2.81903505e-01 3.37939918e-01 6.30018294e-01
    8.00727308e-01 1.28382015e+00 8.51841569e-01 3.30787539e-01
    5.64924538e-01 6.84901834e-01 8.56316924e-01 4.66312170e-02
    6.09006524e-01 1.41382074e+00 2.98412204e-01 -3.91837060e-02
    1.34100318e+00 2.58810610e-01 -1.43111646e-01 1.12942469e+00
    -2.68010259e-01 2.35740125e-01 7.96578228e-02 -3.22333992e-01
    4.77293491e-01 -4.75553155e-01 -9.20119882e-03 -1.54708534e-01
    3.58693838e-01 -3.67306978e-01 1.40810227e+00 1.27669704e+00
    3.30100119e-01 5.29169619e-01 1.18529153e+00 3.05896103e-01
    -1.64689571e-01 1.02542830e+00 2.45650172e-01 2.06296682e-01
    9.33974385e-01 1.19217324e+00 1.48230553e+00 5.65908790e-01
    5.96205950e-01 1.13142991e+00 9.71746325e-01 -2.10293829e-01
    -2.29851663e-01 6.56552374e-01 7.55194187e-01 8.83774936e-01
    1.94952071e-01 -3.65729094e-01 5.11230588e-01 1.58365786e-01
    1.32599688e+00 6.06619954e-01 3.77102375e-01 -1.09188765e-01
    1.48100674e+00 5.78104615e-01 9.48371708e-01 6.30739331e-01
    5.28734267e-01 -3.00363451e-01 1.46951020e-01 2.91932106e-01
    1.31661391e+00 -3.18279684e-01 -3.75135243e-01 2.50272691e-01
    1.40964985e+00 -4.24434513e-01 -1.48715377e-01 1.26388669e+00
    1.01356566e+00 1.49891257e-01 1.13523006e-01 -1.14212006e-01
    1.00396454e+00 1.43817425e-01 4.17476118e-01 7.08148837e-01
    -4.85151529e-01 8.47491026e-01 6.11659467e-01 1.27343881e+00
    -4.92953062e-02 7.72910297e-01 1.44497776e+00 9.01698589e-01
    2.11006403e-03 -1.44562721e-02 4.30052221e-01 8.44302952e-01
    1.22739196e-01 -1.61322832e-01 1.76387072e-01 8.82764578e-01
    1.47793388e+00 -1.19232833e-02 8.41886282e-01 4.30979729e-02
    9.19631541e-01 7.33147860e-02 4.11882162e-01 -7.57661462e-02
    -2.49376714e-01 -1.24985665e-01 9.39647734e-01 5.46026587e-01
    6.04751587e-01 6.02787852e-01 9.88750935e-01 6.85719371e-01
    4.02935266e-01 -9.96522009e-02 -7.92544782e-02 1.09133393e-01
    1.06761068e-01 -4.33364213e-01 4.73404050e-01 -1.80672586e-01
    6.95850313e-01 2.43415833e-02 -3.17501307e-01 -4.50176239e-01
    9.44740415e-01 7.81258941e-01 -1.22289240e-01 -7.52615035e-02
    -4.33291197e-02 3.34122360e-01 1.88102663e-01 1.11651993e+00
    1.32132459e+00 2.11135328e-01 2.10385829e-01 5.05420804e-01
    5.56212187e-01 -1.63510680e-01 1.01492143e+00 1.18519282e+00
    -3.32714319e-01 6.62560523e-01 1.34697092e+00 1.08947635e-01
    5.31731486e-01 1.29638076e+00 3.19120407e-01 8.40896130e-01
    7.18355656e-01 1.04783309e+00 1.17345023e+00 6.00329041e-01
    4.33878303e-02 8.28599811e-01 1.07523751e+00 1.39134049e+00
    9.17921722e-01 -1.82978213e-01 5.46885729e-02 4.55062985e-02
    -1.34706497e-01 1.21683455e+00 3.43276203e-01 3.64024997e-01
    4.95061904e-01 -1.99719280e-01 -2.14533120e-01 2.47770995e-01
    3.96002412e-01 -1.55716956e-01 -3.29096138e-01 -2.86093146e-01
    2.28195757e-01 3.85788739e-01 3.15215230e-01 6.55294061e-02
    8.48138690e-01 9.06036258e-01 1.14644146e+00 1.39233720e+00
    9.52884555e-01 1.14522278e+00 7.20151782e-01 1.13741696e+00
    -2.59981543e-01 6.55947268e-01 9.46895480e-01 3.39274824e-01
    1.20411897e+00 -1.46679252e-01 -4.78120744e-01 1.37964499e+00
    1.17945933e+00 1.26146805e+00 -4.31834936e-01 -2.18196332e-01
    5.34393549e-01 8.83947492e-01 -4.92969275e-01 1.37029910e+00
    9.97161269e-01 -3.06814402e-01 2.43486285e-01 8.26922655e-02
    2.67079055e-01 5.44352889e-01 3.32601964e-01 3.57407331e-02
    9.97067094e-02 7.84362555e-01 7.49410391e-01 -3.55046809e-01
    7.71091521e-01 -2.36707389e-01 3.44314098e-01 8.11575472e-01
    4.92428839e-01 1.20670855e-01 1.28015280e+00 4.96624112e-01
    -1.80765331e-01 3.77865553e-01 7.35907555e-01 1.14176726e+00
    7.55189121e-01 1.27347589e+00 6.39773846e-01 5.36315739e-01
    1.22978091e+00 1.30394638e-01 1.19702864e+00 4.13887501e-01
    1.35493875e+00 1.11104250e+00 6.34583533e-01 -2.56982923e-01
    1.49442744e+00 3.43481958e-01 5.91529906e-01 1.46342301e+00
    -4.92069870e-01 -1.66301578e-01 5.87875605e-01 -3.72542441e-01
    1.40803647e+00 5.51916182e-01 1.25139534e+00 -1.54044628e-01
    -2.84820974e-01 -4.47579801e-01 5.26192784e-03 1.34412670e+00
    -1.21390730e-01 4.69598055e-01 1.14629185e+00 1.53631628e-01
    6.96223974e-03 5.07258415e-01 -2.00649589e-01 -1.27438903e-02
    5.77206969e-01 5.37021160e-02 5.28326869e-01 7.85222709e-01
    -1.57770991e-01 1.13025999e+00 1.18656898e+00 -2.80212462e-02
    8.72274458e-01 2.01751411e-01 1.74357533e-01 5.37366569e-01
    4.94944453e-01 3.78171861e-01 -4.29238677e-02 -1.43623203e-01
    9.94320810e-02 1.28722990e+00 1.04647577e-01 2.70938188e-01
    1.19435418e+00 7.85629392e-01 -3.58004123e-01 2.94911861e-03
    4.19544429e-01 4.15457129e-01 1.34223700e+00 -1.18368864e-03
    1.16425431e+00 -1.01906657e-02 6.70594752e-01 1.95200980e-01
    1.35615039e+00 7.63536334e-01 1.25578761e+00 -1.31442875e-01
    -4.63701189e-02 1.13077104e+00 1.04279256e+00 1.39430010e+00
    8.53740871e-01 7.72664547e-02 1.10582709e+00 9.87864971e-01
    8.31461549e-01 -3.51734459e-01 3.24208379e-01 -2.33059704e-01
    9.40556347e-01 1.42319667e+00 8.49279761e-01 -6.18349612e-02
    1.96605623e-01 9.34352875e-01 -2.98244655e-01 6.61250353e-01
    1.45447516e+00 6.28240645e-01 -4.36503261e-01 -8.90347958e-02
    1.48001194e+00 -1.01597846e-01 2.88543046e-01 3.14998567e-01
    6.10174537e-02 1.21719301e+00 1.36150122e-01 1.34187317e+00
    1.14653397e+00 -4.07349855e-01 -1.48047477e-01 8.95401180e-01
    1.21381462e-01 9.04425859e-01 1.01414025e-01 1.30425882e+00
    1.29341722e+00 9.47059870e-01 1.17246294e+00 -3.07011724e-01
    1.42466593e+00 -4.64123309e-01 -1.74231887e-01 1.08459997e+00
    7.51926780e-01 4.25327957e-01 -8.00389349e-02 1.36250448e+00
    3.83410931e-01 -4.34521496e-01 6.97496533e-01 2.78996825e-02
    -4.40708578e-01 8.99526298e-01 -2.31886566e-01 1.54513717e-01
    2.60748386e-01 1.57793105e-01 7.80481339e-01 1.04183149e+00
    -7.46647418e-02 4.37561661e-01 1.20521092e+00 3.43041718e-01
    5.26463032e-01 3.66947651e-01 1.17898434e-01 8.60485137e-02
    -4.15876776e-01 1.12137914e+00 -3.14312518e-01 7.42249846e-01
    2.81919599e-01 4.47134584e-01 1.17438364e+00 3.84271026e-01
    6.50059640e-01 4.89995539e-01 -3.09592545e-01 7.33496904e-01
    1.16632903e+00 1.23045301e+00 1.33005214e+00 1.45745754e+00
    8.32094908e-01 -3.85930777e-01 1.31897569e+00 -4.29313123e-01
    1.38728356e+00 1.45488286e+00 1.02111459e+00 7.27699399e-01
    1.26989770e+00 1.37508166e+00 9.49003458e-01 6.71721339e-01
    -1.65495902e-01 -1.65073574e-02 3.15421104e-01 -9.26087201e-02
    -2.07788825e-01 1.43732429e+00 -3.63671899e-01 1.28046322e+00
    1.24198747e+00 5.08427441e-01 -3.93345833e-01 6.31363750e-01
    -2.79764265e-01 7.73191035e-01 -3.96909922e-01 8.71529281e-01
    1.05478740e+00 1.49089551e+00 9.55139637e-01 1.35177398e+00
    6.16507292e-01 -4.01410341e-01 7.09706843e-02 -7.76510239e-02
    -1.78792894e-01 -3.49969685e-01 3.19639891e-01 1.35583472e+00
    7.20633209e-01 3.48095924e-01 7.34537184e-01 6.60142303e-01
    3.01062047e-01 3.27093780e-01 6.61668897e-01 -3.65321338e-02
    9.51744437e-01 1.03853583e+00 -3.27688754e-02 -5.06612659e-02
    1.29942298e-01 1.30051088e+00 1.01195073e+00 -3.39162678e-01
    -1.63664162e-01 6.26549423e-01 -1.30075753e-01 3.28671992e-01
    9.23586309e-01 6.33255601e-01 6.94289625e-01 2.27163672e-01
    -2.27108002e-01 7.98262298e-01 -4.83525664e-01 1.28168678e+00
    -4.02092934e-04 1.19106877e+00 -4.04662371e-01 7.59243369e-01
    8.39616060e-02 1.32261491e+00 7.26188421e-01 1.33085251e-01
    1.75060034e-02 7.76237011e-01 -9.25053060e-02 3.66099477e-01
    8.27574313e-01 1.19734836e+00 1.16529357e+00 1.46467972e+00
    5.09758294e-01 2.67620027e-01 -3.39039236e-01 2.54351258e-01
    8.65652084e-01 6.90143108e-01 1.94959641e-01 -4.27064627e-01
    9.77954865e-02 -3.92735481e-01 -3.86950254e-01 1.40565765e+00
    -4.55775619e-01 5.85492194e-01 6.87101603e-01 1.27642059e+00
    -4.29002941e-01 1.31042671e+00 1.15792763e+00 4.39058185e-01
    -3.07789028e-01 3.46363783e-02 3.87822628e-01 1.44931149e+00
    4.66842234e-01 9.83049095e-01 1.41409063e+00 7.59576023e-01
    -4.36677456e-01 1.32727289e+00 6.09484315e-03 -2.39887118e-01
    1.59746349e-01 -1.43992484e-01 1.13243127e+00 1.27200580e+00
    8.48698616e-02 8.41138482e-01 1.02934575e+00 -4.36662346e-01
    -1.73977405e-01 1.30798376e+00 -2.08193064e-02 3.29540849e-01
    8.70333314e-01 -3.54797661e-01 1.18314695e+00 9.23534036e-02
    7.17886269e-01 1.01167297e+00 1.12249398e+00 7.34414697e-01
    1.43964994e+00 -4.05545413e-01 1.15006065e+00 1.14004171e+00
    -1.35350198e-01 8.15107703e-01 -2.13284612e-01 -3.95175159e-01
    7.55993843e-01 -3.24428409e-01 8.65263224e-01 6.04061663e-01
    -8.74325633e-02 5.91396689e-02 -4.92696017e-01 6.71323240e-02
    5.12228310e-02 3.23697925e-02 9.93757069e-01 6.73203945e-01
    6.19300604e-01 7.55843043e-01 4.64279592e-01 1.38991773e-01
    1.31115127e+00 6.23605669e-01 4.21850801e-01 -5.31630516e-02
    1.20537281e-01 1.10501647e-01 6.57096505e-01 1.33221126e+00
    1.10299766e+00 -1.98911160e-01 5.93125343e-01 9.49086130e-01
    1.18004107e+00 -7.04361200e-02 1.21370912e+00 -2.09714413e-01
    1.00028086e+00 -5.02518535e-01 6.62358284e-01 8.88518512e-01
    1.43711948e+00 5.99831045e-01 4.44601238e-01 4.66285706e-01
    9.53694880e-01 1.54015899e-01 1.25506008e+00 4.00152981e-01
    6.17843032e-01 1.20218217e+00 2.07722366e-01 1.15029204e+00
    5.39170682e-01 2.87954807e-02 3.21382165e-01 7.76028156e-01
    -2.77431548e-01 1.10697627e-01 2.92993009e-01 1.47887921e+00
    8.41439009e-01 8.75545204e-01 7.45157361e-01 5.20335197e-01
    7.26907670e-01 -1.17133230e-01 1.28480697e+00 1.20819211e+00
    1.40305972e+00 3.11019629e-01 -4.45031822e-02 -1.94161981e-01
    2.56774068e-01 1.11078143e+00 1.30162430e+00 1.47723055e+00
    1.21814001e+00 8.12687457e-01 7.13714361e-02 7.12746382e-03
    1.48864269e+00 1.69580579e-01 7.10084260e-01 7.00295091e-01
    -4.97316808e-01 1.45538878e+00 4.16174710e-01 1.07386768e+00
    1.02547812e+00 9.70756888e-01 -1.40324891e-01 2.22496629e-01
    1.04625165e-01 5.58236837e-02 5.78286588e-01 1.13000476e+00
    -3.95065248e-02 1.50718951e+00 -3.38706970e-02 -1.64477676e-01
    -1.75734937e-01 1.02173597e-01 1.31258106e+00 -1.32591665e-01
    1.27856863e+00 1.18783641e+00 1.03701520e+00 2.47331917e-01
    4.30709124e-03 2.31437325e-01 1.24410212e-01 9.48861241e-03
    1.01012969e+00 9.09356713e-01 6.58360124e-02 1.46416140e+00
    2.56365001e-01 7.36524522e-01 -1.37033641e-01 4.52080756e-01
    9.94828939e-01 9.12582278e-01 6.01632714e-01 1.33301914e-02
    4.75995779e-01 1.06293190e+00 -1.60372019e-01 -2.32946813e-01
    5.08172214e-01 1.12885296e+00 2.96209455e-02 6.43793344e-02
    1.07918251e+00 8.22686315e-01 1.03814244e-01 9.96482849e-01
    1.10712719e+00 1.41894448e+00 7.53578842e-01 7.60941505e-01
    1.42047870e+00 1.55928612e-01 -7.97537863e-02 5.97402155e-01
    1.41056514e+00 1.73866093e-01 8.50185692e-01 1.13544917e+00
    -3.25308144e-01 1.18101799e+00 7.26866126e-01 2.98983604e-01
    2.03344852e-01 1.12935638e+00 1.31917238e+00 2.34527141e-01
    7.38957703e-01 3.87148798e-01 5.24031162e-01 3.86519641e-01
    1.38507509e+00 -1.41772419e-01 -4.35858011e-01 6.82589710e-01
    -1.48659527e-01 7.78073728e-01 -1.06424481e-01 6.53181672e-01
    6.73472941e-01 -8.40065181e-02 1.35062540e+00 1.59998477e-01
    1.38641965e+00 -4.08719361e-01 1.68955714e-01 5.86761236e-02
    -1.46760285e-01 1.73664272e-01 3.50082159e-01 1.27125788e+00
    6.37019157e-01 3.90148908e-01 4.81258601e-01 1.49681354e+00
    1.43144047e+00 9.90739226e-01 1.43114358e-01 3.06063890e-03
    1.06243777e+00 -4.34717238e-01 1.06128764e+00 5.43884456e-01
    1.08694351e+00 5.95586181e-01 1.18732452e-02 -3.22933853e-01
    9.67859805e-01 2.39528716e-01 1.07267070e+00 3.38448822e-01
    9.15581048e-01 1.06042790e+00 7.30023026e-01 -4.19486463e-02
    1.33802223e+00 8.81236255e-01 1.34519255e+00 -6.83763027e-02
    3.54956329e-01 1.37428403e+00 1.32637632e+00 1.67095184e-01
    1.79115355e-01 -4.02139902e-01 3.69903654e-01 3.37933481e-01
    -2.39787459e-01 1.35966945e+00 7.91325510e-01 8.95255268e-01
    1.21791196e+00 -3.34933817e-01 3.09589505e-02 4.70657170e-01
    1.48120785e+00 -4.15862918e-01 5.89574575e-02 1.02655458e+00
    1.04625082e+00 1.24851573e+00 1.18299007e+00 -6.73018992e-02
    2.12642610e-01 1.31723332e+00 1.11752951e+00 9.88005280e-01
    1.00788283e+00 1.07581186e+00 1.33225763e+00 6.91673756e-02
    6.37423277e-01 6.04981959e-01 -9.13615227e-02 1.33061564e+00
    1.41602969e+00 9.80123103e-01 1.35729814e+00 1.18137574e+00
    1.35717964e+00 1.40967107e+00 3.84805620e-01 3.63713920e-01
    -4.75534081e-01 1.25002205e-01 1.23023438e+00 5.23934662e-01
    -3.94712031e-01 9.45701182e-01 6.62231624e-01 -3.87298971e-01
    1.46957278e+00 3.89285386e-01 8.74731719e-01 8.32271099e-01
    1.44930959e+00 -2.08612084e-02 4.19917852e-01 2.68345743e-01
    -3.09262812e-01 -3.24498534e-01 7.64934599e-01 1.30547476e+00
    9.95290637e-01 3.02583069e-01 1.38789594e-01 1.04366231e+00
    -3.58434260e-01 -3.97275865e-01 1.34945393e-01 -2.32497483e-01
    7.65722871e-01 8.54333520e-01 1.23522508e+00 2.70044744e-01
    1.61970139e-01 -3.75697970e-01 2.74910331e-01 9.31180954e-01
    1.01682293e+00 1.45562005e+00 6.58892810e-01 3.67143095e-01
    1.44377065e+00 8.93163264e-01 5.16678572e-01 2.28232145e-03
    1.24377000e+00 1.07609320e+00 6.17165565e-01 6.58741832e-01
    -4.88081425e-01 -1.31106585e-01 7.19782114e-01 1.13148952e+00
    1.27531111e-01 1.11914444e+00 -2.65084445e-01 5.23344815e-01
    1.21743512e+00 1.04323411e+00 3.08381557e-01 5.52915454e-01
    5.88990629e-01 4.82635319e-01 1.24716890e+00 1.95912480e-01
    -1.34497166e-01 -1.60590827e-01 6.07695639e-01 1.70258999e-01
    1.01732326e+00 -1.58765256e-01 1.11837327e-01 1.10425711e+00
    1.19248486e+00 2.37679482e-01 5.77077091e-01 1.02880335e+00
    1.15147543e+00 -4.45243180e-01 -4.57820177e-01 6.22690260e-01
    1.46461618e+00 -2.99406588e-01 2.39429265e-01 -4.56292927e-01
    1.42804146e+00 2.53423035e-01 1.27355385e+00 1.63396001e-01
    6.40159965e-01 6.33393407e-01 9.76440310e-02 4.84913290e-01
    1.11967957e+00 6.05765581e-02 -7.81579018e-02 2.06814587e-01
    9.04787183e-01 1.24466813e+00 1.07276106e+00 1.05308175e+00
    5.05481958e-02 2.39269972e-01 1.21649802e-02 1.33817822e-01
    -4.04912651e-01 -1.85796022e-01 1.01718771e+00 7.16353655e-01
    6.66635692e-01 -4.10069495e-01 3.43616515e-01 -4.71176237e-01
    1.38534522e+00 6.18799627e-01 1.51465857e+00 2.95984983e-01
    1.42553067e+00 4.95632797e-01 1.01605558e+00 4.41035509e-01
    -3.04156721e-01 -3.79482329e-01 8.84730995e-01 -3.75439882e-01
    1.30305088e+00 2.00410515e-01 1.56649858e-01 4.26689833e-01
    1.47310638e+00 1.01727653e+00 1.50469989e-01 1.56559348e-01
    8.44350100e-01 -2.09802598e-01 -2.30421841e-01 3.80462259e-01
    1.14018083e+00 5.68193078e-01 8.66492152e-01 3.55720997e-01
    1.25936842e+00 5.32010853e-01 7.80873060e-01 5.14119923e-01
    5.34206271e-01 5.83209038e-01 1.26305795e+00 -1.31802648e-01
    1.15480256e+00 1.16038859e+00 1.11376035e+00 1.43033886e+00
    6.54838324e-01 3.64519596e-01 -1.43842101e-01 -1.64079845e-01
    9.36241508e-01 1.06119967e+00 3.66969526e-01 -1.78389043e-01
    1.24957466e+00 5.30207515e-01 -5.92761040e-02 1.25852501e+00
    2.85437286e-01 -4.55182016e-01 1.28590953e+00 1.56195939e-01
    8.84272695e-01 -1.43003106e-01 -1.81562424e-01 5.45211077e-01
    1.04099667e+00 7.00647056e-01 3.11061144e-02 4.16329384e-01
    8.47855210e-01 1.37687957e+00 1.04287267e+00 5.66614866e-01
    2.07034111e-01 1.02511263e+00 -4.60410982e-01 2.59980381e-01
    -2.63531625e-01 1.18182003e+00 1.42705059e+00 5.30360818e-01
    3.38557154e-01 -3.67891788e-01 1.00831556e+00 1.37511170e+00
    -4.03252453e-01 -2.79509008e-01 4.42690969e-01 9.85760689e-01
    1.29097819e+00 3.51893306e-01 -4.99833673e-01 -3.73180121e-01
    -3.09184253e-01 1.22534609e+00 1.07765865e+00 1.28833699e+00
    2.89086342e-01 -2.90767699e-01 1.18978667e+00 -2.80391395e-01
    3.54749382e-01 -3.81791085e-01 -2.17860609e-01 3.78630161e-02
    6.19633019e-01 1.27586174e+00 -1.89160377e-01 8.16161096e-01
    7.03403354e-01 -1.92322284e-01 1.91799492e-01 9.47939932e-01
    -6.73479438e-02 1.07983279e+00 1.36476803e+00 1.29273188e+00
    1.06358266e+00 2.44764030e-01 8.96170139e-02 -4.03667599e-01
    -3.71652603e-01 1.25031066e+00 7.58657634e-01 3.24515522e-01
    6.28031075e-01 -4.75611389e-01 -2.53696203e-01 1.46342945e+00
    1.27194047e-01 1.35038471e+00 1.18082464e+00 1.13896859e+00
    -2.47655839e-01 1.41665506e+00 1.34274089e+00 2.95774758e-01
    -3.62120569e-01 7.11156547e-01 -8.97281170e-02 1.49626315e+00
    -2.27137953e-01 9.16324675e-01 1.46047926e+00 3.39934826e-01
    1.07745516e+00 1.36740232e+00 -1.11123234e-01 2.04916596e-02
    5.94727218e-01 6.16756022e-01 4.35939372e-01 4.58503783e-01
    5.15664101e-01 6.17740214e-01 -2.08272547e-01 3.67902935e-01
    -1.78199798e-01 -6.08690679e-02 1.15713406e+00 8.74541759e-01
    -3.72498930e-02 4.47742015e-01 1.44140327e+00 1.13309741e+00
    1.84437662e-01 1.94273472e-01 8.95142913e-01 -3.13077867e-02
    -2.87159443e-01 9.48734999e-01 -4.46383238e-01 -4.49648142e-01
    1.48716414e+00 6.26656651e-01 1.30621397e+00 -2.56648421e-01
    -2.80288279e-01 2.34840751e-01 -4.76689994e-01 1.44693089e+00
    6.03734434e-01 -4.09037381e-01 4.33326066e-01 -2.68869817e-01
    6.94773078e-01 4.84667003e-01 -2.81257927e-02 6.89957619e-01
    8.56196821e-01 -4.31076497e-01 1.16913557e-01 1.42516291e+00
    1.29621148e+00 1.29221809e+00 8.08795869e-01 5.23462355e-01
    2.58747995e-01 9.63311017e-01 -2.92286158e-01 3.40567708e-01
    1.03149223e+00 9.91183460e-01 -4.48016465e-01 -1.76209062e-01
    -2.90992856e-02 1.34467578e+00 3.05780977e-01 1.18652236e+00
    1.46982908e+00 1.44221568e+00 7.30409324e-01 2.64141202e-01
    8.34277987e-01 6.83732986e-01 4.57129359e-01 8.69299829e-01
    8.39088559e-01 1.39085901e+00 2.28313088e-01 -3.09005082e-01
    8.20476532e-01 -1.05331630e-01 1.18512368e+00 -4.88648593e-01
    5.44985414e-01 2.25921273e-01 4.13450003e-01 6.06132090e-01
    6.44789994e-01 1.37050712e+00 8.33034873e-01 1.43632054e-01
    8.16131353e-01 -4.34772581e-01 1.09141588e+00 2.83224761e-01
    -4.91227418e-01 1.22053266e+00 6.03843451e-01 3.06443155e-01
    -3.49444568e-01 1.33151209e+00 1.00337243e+00 2.65250146e-01
    2.91203618e-01 9.98438716e-01 1.49382901e+00 4.89149570e-01
    1.14284539e+00 -3.66675317e-01 1.13508010e+00 1.21936285e+00
    1.01513755e+00 1.26228881e+00 1.38309228e+00 9.71965790e-02
    -1.04656011e-01 -2.00119615e-02 -1.07586712e-01 4.30129766e-01
    9.99397516e-01 7.42796183e-01 1.23107409e+00 -1.40109718e-01
    9.14764404e-01 1.22511828e+00 -3.05149734e-01 7.54329979e-01
    6.30335391e-01 1.29632652e+00 6.70907795e-02 8.99771869e-01
    6.63866758e-01 6.33313894e-01 6.96611404e-01 1.12202251e+00
    3.58743668e-01 1.38614404e+00 2.92961299e-02 3.71418208e-01
    7.95538545e-01 1.04683995e+00 1.14611769e+00 -1.90302700e-01
    -1.31853431e-01 1.33854806e+00 9.33623552e-01 -3.23431015e-01
    1.33572602e+00 1.11135483e+00 8.66032839e-01 1.01180601e+00
    -3.63510847e-03 1.06803870e+00 2.30998397e-02 8.05289328e-01
    9.71309602e-01 1.03111613e+00 -1.34871304e-02 1.14482594e+00
    5.82677245e-01 -1.78004265e-01 -2.60138482e-01 6.90497339e-01
    -4.33358192e-01 -4.62169498e-01 1.47715533e+00 1.39784670e+00
    1.53545344e+00 1.01556194e+00 -1.77114606e-01 3.32686424e-01
    -3.13238174e-01 7.54671097e-01 1.29520380e+00 6.83537602e-01
    6.21208906e-01 1.27335429e+00 9.89801049e-01 -9.46055055e-02
    -2.46044993e-03 5.74196458e-01 6.80804968e-01 3.81720662e-01
    1.47135651e+00 7.01504588e-01 2.86995173e-01 4.64105904e-01
    1.11884642e+00 -5.26829362e-02 9.34459090e-01 -4.92251724e-01
    -1.66267037e-01 1.33650875e+00 1.38983417e+00 2.47498780e-01
    1.11581469e+00 1.38442492e+00 1.88059509e-01 6.15354240e-01
    5.78354836e-01 -8.20680857e-02 -3.85079831e-01 9.61551785e-01
    3.01892459e-01 1.26485801e+00 3.01581025e-02 -8.88422430e-02
    7.45806098e-02 2.47299194e-01 -1.86932534e-01 3.19819272e-01
    1.40478563e+00 1.23511767e+00 9.99686241e-01 6.48515999e-01
    1.09650207e+00 1.19518054e+00 4.36679721e-01 2.73746252e-02
    9.20129120e-01 1.05855823e+00 1.19443548e+00 1.29535604e+00
    -2.50676394e-01 -3.30249190e-01 7.82628119e-01 1.48733449e+00
    3.83548498e-01 9.80494022e-02 1.04547346e+00 -4.92932528e-01
    7.60600150e-01 -3.18446487e-01 1.86832070e-01 -1.04538172e-01
    9.58284199e-01 6.76085949e-02 1.31536949e+00 1.14057899e+00
    9.02671576e-01 -1.59998357e-01 1.21956027e+00 8.79278183e-01
    -4.16516066e-01 4.17197406e-01 -2.17357755e-01 -1.56337261e-01
    -1.50856912e-01 1.92538023e-01 7.18916297e-01 4.24206257e-04
    -4.06615496e-01 -5.00568449e-02 1.37000227e+00 -4.12934214e-01
    1.35540509e+00 1.16340518e+00 -3.42635453e-01 5.19029498e-01
    8.25134099e-01 9.95802224e-01 -4.56497580e-01 -2.69787014e-01
    2.30262041e-01 -4.76085454e-01 7.20785856e-01 -3.39735270e-01
    -3.07993233e-01 1.44438922e-01 3.85924160e-01 5.96765876e-01
    1.17487049e+00 1.22404540e+00 -3.54453206e-01 -3.30621004e-02
    9.69810128e-01 4.32004720e-01 1.36361527e+00 1.38990688e+00
    1.29245806e+00 8.04806709e-01 1.32823253e+00 2.92535603e-01
    -1.96927100e-01 -2.40342036e-01 8.46764028e-01 7.67252088e-01
    8.82515788e-01 -2.98510224e-01 6.90918207e-01 -4.68023360e-01
    3.98150027e-01 2.27101386e-01 5.04003763e-01 -4.11776245e-01
    1.13618302e+00 6.48151457e-01 3.90584171e-01 1.36144876e+00
    1.51487827e-01 1.23900890e-01 1.92995131e-01 1.08140540e+00
    8.29758883e-01 8.45303237e-01 -1.41871125e-01 3.44405353e-01
    5.32493055e-01 1.32120013e+00 1.28798091e+00 9.88048911e-02
    3.64706397e-01 1.23914552e+00 2.06390858e-01 7.72000492e-01
    -9.37826633e-02 1.10656977e+00 -1.63194746e-01 8.36738348e-01
    9.00136113e-01 -4.52956796e-01 5.66791952e-01 1.44759643e+00
    3.52238327e-01 1.26679718e+00 -4.06712055e-01 1.29021215e+00
    1.42629910e+00 7.15219617e-01 1.17919505e-01 -3.23398858e-01
    1.37194502e+00 1.13872504e+00 1.03802109e+00 -2.65359819e-01
    -8.72816443e-02 1.20632458e+00 -4.73632902e-01 1.53333485e-01
    -6.04643822e-02 1.02863121e+00 1.30602407e+00 7.45604515e-01
    2.45223939e-01 6.87960684e-01 9.71490145e-01 1.31265569e+00
    1.16882062e+00 -1.97896540e-01 2.48985767e-01 1.02765560e+00
    6.98285758e-01 2.25874484e-01 1.41091251e+00 1.43998909e+00
    5.28282166e-01 5.25134265e-01 1.32636595e+00 -4.12823826e-01
    -4.20167893e-01 1.04221344e-01 -1.29153162e-01 8.40357780e-01
    8.44850540e-01 -2.30524540e-02 5.30202568e-01 7.59600163e-01
    -4.04558688e-01 9.50637817e-01 1.65557057e-01 1.13951683e+00
    6.36638343e-01 6.06587052e-01 4.94059920e-03 -2.12458104e-01
    1.38648927e-01 1.32505488e+00 1.26937377e+00 6.19129181e-01
    -1.73782676e-01 5.58656693e-01 7.67681003e-02 1.50139022e+00
    7.21057892e-01 -3.56594384e-01 -4.21454161e-01 2.41838276e-01
    -9.77306366e-02 1.40531945e+00 1.35315210e-01 3.12239975e-01
    9.02489185e-01 -4.78234023e-01 7.22867846e-01 1.27079964e+00
    5.94476163e-01 3.31083179e-01 1.04510427e+00 -1.51711106e-01
    1.12771869e+00 -2.71162659e-01 4.66805339e-01 1.07202590e+00
    -3.91787350e-01 1.41535211e+00 9.56525385e-01 -2.30967134e-01
    -4.97466326e-03 6.59754753e-01 2.79737473e-01 7.44635880e-01
    1.26858926e+00 8.26454699e-01 8.92580450e-01 -4.35835600e-01
    7.56207108e-01 8.50438237e-01 2.14395761e-01 1.56383812e-02
    8.27507615e-01 1.80692226e-01 -6.75929785e-02 7.89010406e-01
    -2.85522491e-01 4.25293177e-01 1.92496568e-01 -3.52275431e-01
    -3.26996595e-01 5.69770634e-01 7.37552404e-01 3.52597684e-01
    1.43858504e+00 -4.21912551e-01 2.83408463e-01 1.38810933e+00
    8.61757874e-01 1.29697382e+00 -1.97870821e-01 1.24336529e+00
    5.25342226e-02 5.47649443e-01 1.02654088e+00 1.44501245e+00
    1.14844561e+00 1.96527749e-01 6.23784900e-01 1.33423400e+00
    9.82234597e-01 3.32199812e-01 1.46847248e+00 -4.36980844e-01
    1.21414328e+00 1.08332705e+00 1.09216094e+00 1.08031166e+00
    9.47798908e-01 5.17378986e-01 -6.89676404e-02 1.23629236e+00
    -3.34287256e-01 6.98220730e-01 1.40256131e+00 7.99758077e-01
    3.74400258e-01 3.25327635e-01 1.21011424e+00 1.27064300e+00
    1.17218828e+00 3.71544838e-01 6.12606943e-01 7.80795097e-01
    7.54277647e-01 2.93681383e-01 2.55653858e-02 2.43489087e-01
    7.28370368e-01 1.45308542e+00 7.75489450e-01 1.56583250e-01
    -4.72976834e-01 7.91719556e-02 5.95401287e-01 4.06288147e-01
    1.18581808e+00 1.44298816e+00 9.48120952e-01 9.52910006e-01
    5.62379658e-01 1.42278492e-01 3.80572975e-01 9.69519913e-01
    9.77129757e-01 7.98294783e-01 9.51535821e-01 8.42175424e-01
    1.46439171e+00 6.26778007e-01 2.93904006e-01 1.48946059e+00
    7.53314555e-01 6.47732675e-01 1.25158715e+00 8.41178834e-01
    6.34315610e-01 2.68781543e-01 2.87020445e-01 1.20293307e+00
    1.38069725e+00 4.89626467e-01 4.65868831e-01 5.84670603e-01
    1.42378879e+00 1.37706804e+00 1.23995638e+00 1.16365409e+00
    -9.62624550e-02 1.42568421e+00 -2.97489136e-01 -2.62782156e-01
    1.04820800e+00 3.75511885e-01 9.82203662e-01 3.24053586e-01
    -4.75475132e-01 1.29412925e+00 7.92072475e-01 4.63915974e-01
    1.33468723e+00 1.01590037e+00 -3.28198016e-01 -2.97355950e-01
    -3.04444432e-01 1.48214185e+00 4.37769413e-01 5.19045949e-01
    -2.13079542e-01 7.22070456e-01 1.27110827e+00 -8.04579854e-02
    6.61285818e-02 1.28617358e+00 1.27160048e+00 8.42050195e-01
    5.71355224e-01 1.54444784e-01 2.03658104e-01 8.20521355e-01
    1.33425093e+00 1.43722653e+00 8.78677011e-01 1.40437579e+00
    5.16936481e-01 1.09154391e+00 7.73123503e-01 -4.48302746e-01
    1.62756443e-01 -4.47057843e-01 1.04385090e+00 1.48109293e+00
    1.40177226e+00 6.48955166e-01 3.78488541e-01 4.03958023e-01
    1.39963222e+00 1.29494667e+00 8.58723402e-01 9.34652686e-02
    -3.93331826e-01 1.82913423e-01 1.22734642e+00 2.46586025e-01
    -1.24596387e-01 7.18323886e-01 2.89012760e-01 4.63703096e-01
    -1.13951892e-01 1.15016687e+00 1.13139212e+00 1.23138404e+00
    1.48865461e+00 -1.18725598e-01 6.80272460e-01 1.03897440e+00
    -1.54918402e-01 1.61136150e-01 1.10898471e+00 -1.44640833e-01
    -1.68400437e-01 5.90476394e-01 -1.22315317e-01 1.19677258e+00
    6.80815041e-01 -2.48192877e-01 -1.90248460e-01 1.20207381e+00
    5.16675949e-01 9.01522160e-01 1.22955751e+00 1.44944382e+00
    5.29237866e-01 -2.66922414e-02 2.48038769e-03 5.91213942e-01
    9.23373044e-01 1.48276997e+00 2.20347106e-01 -6.96193874e-02
    3.81083131e-01 -2.74994075e-01 -2.11988837e-01 1.37256694e+00
    1.25147498e+00 1.35029542e+00 -1.35435283e-01 1.08250427e+00
    6.23578429e-01 -1.18186295e-01 3.38723212e-01 1.06799829e+00
    1.83830857e-02 3.06917489e-01 2.07949013e-01 -5.31433523e-02
    -2.64567375e-01 4.18324441e-01 -1.13150209e-01 7.93034852e-01
    6.58085108e-01 1.23131204e+00 1.04539824e+00 1.14165318e+00
    5.71206331e-01 -4.00061309e-01 -3.67009491e-01 5.20628691e-03
    -5.20927906e-02 -4.24052119e-01 6.65678501e-01 1.35753620e+00
    6.92944050e-01 7.69268215e-01 2.07853615e-02 1.00038624e+00
    9.25015867e-01 1.47162747e+00 3.64423603e-01 -3.64094526e-01
    -4.63392437e-02 8.46601844e-01 3.04154962e-01 5.00631571e-01
    8.61335576e-01 -1.56705797e-01 2.65614092e-02 4.51823115e-01
    9.08205390e-01 1.36700058e+00 -1.79765344e-01 3.96885872e-01
    -1.50961995e-01 2.84767210e-01 1.23196661e+00 6.75166070e-01
    3.12950015e-02 -3.45645547e-02 9.14262176e-01 -1.06574148e-01
    1.08625412e+00 4.19920802e-01 6.92397952e-02 7.58270919e-01
    8.54095995e-01 1.18057370e+00 -8.18494260e-02 2.01842338e-01
    1.30460453e+00 7.67695606e-01 1.35371423e+00 9.56688643e-01
    1.47236139e-01 -2.61484891e-01 1.49236441e+00 1.06993675e+00
    -3.94237876e-01 -1.55772805e-01 6.34322882e-01 2.27039844e-01
    2.18989879e-01 7.42654324e-01 2.13165075e-01 3.06587994e-01
    7.09057689e-01 -2.41243958e-01 1.32564604e-01 4.66255546e-01
    -4.37296331e-01 1.03289008e+00 4.78601754e-02 1.09069324e+00
    -2.54111588e-01 1.19697762e+00 7.82761872e-02 1.59469277e-01
    5.74163854e-01 7.82685459e-01 -8.99143219e-02 8.04112554e-02
    1.06810415e+00 -4.63897765e-01 6.39102638e-01 8.63562584e-01
    1.27483046e+00 1.00567365e+00 1.91575587e-02 1.92245752e-01
    4.72290605e-01 -3.45902264e-01 -4.09493715e-01 -2.51206011e-01
    8.68479967e-01 9.93518829e-01 7.57777750e-01 1.16887927e+00
    8.77566159e-01 3.38627458e-01 -2.57663459e-01 6.45018041e-01
    9.28058684e-01 1.02366662e+00 9.56493318e-01 -3.25388372e-01
    9.26727057e-02 1.04241192e+00 -4.37761545e-02 5.26708007e-01
    -2.95970559e-01 1.04862452e-02 1.05667531e-01 2.65756726e-01
    1.38663471e+00 7.92154133e-01 1.98759675e-01 1.34249973e+00
    -4.82118040e-01 -1.01502150e-01 -3.42734277e-01 -4.24318075e-01
    8.45267415e-01 2.40321159e-01 7.25904882e-01 6.80727661e-01
    3.28352213e-01 1.07926452e+00 5.26188493e-01 -4.09465104e-01
    9.82719243e-01 7.84961164e-01 -4.80662465e-01 -2.72045314e-01
    -3.41634274e-01 1.01158321e+00 8.21998119e-02 -3.97088766e-01
    2.28935063e-01 1.29937410e-01 -2.90498078e-01 1.37551069e-01
    7.77769327e-01 1.22646344e+00 7.17228591e-01 8.53546083e-01
    8.98230076e-03 2.08170712e-01 1.38340890e-01 -2.07391024e-01
    9.05089796e-01 9.55810666e-01 1.30460978e+00 9.43739772e-01
    -4.03667986e-01 1.06125283e+00 1.65533483e-01 1.16585922e+00
    -4.17375922e-01 3.06575507e-01 1.35542834e+00 7.73112655e-01
    -3.76156867e-02 8.79499316e-01 1.15477204e+00 2.18708277e-01
    -1.47334933e-01 7.64037251e-01 -3.35723042e-01 5.03977060e-01
    1.02411199e+00 8.09673011e-01 8.16742301e-01 5.99157095e-01
    -3.94169092e-02 -3.22607756e-01 2.28438735e-01 4.29013193e-01
    -1.00737572e-01 6.80465817e-01 -1.17626756e-01 -1.05707347e-01
    9.59044933e-01 4.99115586e-01 -4.66064692e-01 3.20116103e-01
    1.09988129e+00 1.28697991e-01 8.98967445e-01 -3.93108517e-01
    1.37626708e-01 6.59624994e-01 4.55366850e-01 1.47259820e+00
    1.33852601e+00 3.56955826e-01 -4.13225114e-01 -5.14951766e-01
    4.06524837e-01 -2.10573524e-01 1.17818630e+00 8.76594543e-01
    4.70468462e-01 1.48033309e+00 7.75524855e-01 1.06615806e+00
    -3.00684214e-01 -9.20149982e-02 1.03910160e+00 1.45272160e+00
    9.88541722e-01 -2.96364188e-01 -3.46763194e-01 -2.43214130e-01
    -7.23107457e-02 9.16703939e-01 1.05312693e+00 4.79761839e-01
    6.13907039e-01 8.42607856e-01 1.29702556e+00 2.76672840e-02
    1.17491388e+00 8.52932036e-01 1.08924973e+00 -3.31373721e-01
    7.43817508e-01 9.77836430e-01 8.77487957e-01 2.77847946e-01
    -7.48157501e-03 -1.15257859e-01 -2.83326030e-01 9.37868476e-01
    9.93134975e-01 1.11486959e+00 -3.80850464e-01 -2.21465558e-01
    -3.52364719e-01 -8.36494565e-03 -7.92874992e-02 -4.62678283e-01
    1.01746094e+00 6.87924862e-01 1.42018229e-01 3.66720527e-01
    -3.99299234e-01 1.18079114e+00 5.61214924e-01 7.49650002e-02
    -2.81824052e-01 1.14185452e-01 1.32780623e+00 7.71029115e-01
    5.94260693e-02 1.45339692e+00 1.17755961e+00 4.12121236e-01
    1.20070267e+00 1.61174387e-01 1.09930426e-01 1.41514862e+00
    5.02790630e-01 1.40186429e+00 5.03306985e-01 1.25495040e+00
    5.95328152e-01 7.29271710e-01 6.52196527e-01 1.24451578e+00
    2.38909721e-01 -1.93005443e-01 3.29657197e-01 1.27378070e+00
    6.40079498e-01 -6.19162619e-02 5.05103171e-01 1.21183324e+00
    1.48935509e+00 8.82206380e-01 -2.64307350e-01 6.02183819e-01
    6.54401779e-01 -1.38492107e-01 -4.77830172e-01 1.13537109e+00
    1.39375806e+00 -4.81901675e-01 5.28874397e-01 3.08234036e-01
    -1.12099648e-02 -3.56843531e-01 1.21884215e+00 3.02051723e-01
    7.25857258e-01 6.84116423e-01 1.71020627e-01 1.21669841e+00
    1.40915322e+00 1.20175219e+00 1.99708760e-01 7.97586679e-01
    9.32049334e-01 -1.02318853e-01 5.29708564e-01 2.96614975e-01
    8.23683023e-01 -3.59350383e-01 2.63972104e-01 1.45784140e+00
    6.67421103e-01 -1.73661500e-01 -6.38635457e-02 1.95385039e-01
    9.36390162e-02 5.75856447e-01 -3.20885658e-01 8.09618831e-01
    5.75848818e-01 5.15889168e-01 1.05018044e+00 -4.55502421e-01
    9.62176085e-01 1.57579452e-01 8.43747020e-01 -2.49553576e-01
    1.20590436e+00 1.16417909e+00 9.94790256e-01 -8.68895650e-02
    1.24189526e-01 8.22997332e-01 1.10822904e+00 3.74806553e-01
    3.06684077e-02 -3.23438972e-01 6.23282552e-01 9.64191318e-01
    1.04264569e+00 5.94345450e-01 1.97322935e-01 1.21238732e+00
    3.54184955e-01 7.95400083e-01 2.27166891e-01 5.85753381e-01
    4.87909019e-01 6.99430704e-01 2.80567169e-01 8.25277925e-01
    6.56226337e-01 4.47077572e-01 1.10844946e+00 1.16726911e+00
    2.24030733e-01 9.77182984e-01 1.29526114e+00 1.08708644e+00
    4.78278399e-01 7.20554292e-01 4.25316095e-01 1.45128119e+00
    1.22332227e+00 -1.62666261e-01 9.91125345e-01 1.04955018e-01
    1.49113476e-01 -3.22678089e-02 1.15439677e+00 1.99371040e-01
    3.46569419e-02 5.06354928e-01 5.72757721e-01 1.14889383e+00
    -2.59258568e-01 8.73703659e-01 4.63462114e-01 7.57604897e-01
    1.33792019e+00 5.95103502e-02 -1.99944139e-01 -2.40707487e-01
    1.29445362e+00 -1.82211816e-01 -3.06429982e-01 -1.55828595e-02
    9.42688406e-01 6.46598041e-01 7.59013414e-01 4.35911894e-01
    6.22743964e-02 -3.77234161e-01 -4.84389186e-01 7.75017798e-01
    9.23949778e-01 1.36169207e+00 1.11623263e+00 2.58678794e-02
    -6.96330965e-02 -2.66298831e-01 5.06518722e-01 -4.68523264e-01
    1.61589086e-01 5.77534080e-01 -2.23091215e-01 5.30899584e-01
    3.56070578e-01 7.26426661e-01 6.67041242e-01 8.55095029e-01
    -4.75698143e-01 1.48339272e-02 2.52490580e-01 -3.11651409e-01
    6.55574441e-01 1.48799986e-01 1.30322719e+00 1.00392818e+00
    9.21687245e-01 -4.40871119e-02 1.20314837e+00 1.48829627e+00
    2.34272510e-01 1.16627443e+00 -5.81209362e-02 3.07077050e-01
    -3.68217587e-01 -4.02477831e-01 2.92032897e-01 4.28861380e-02
    1.45299733e+00 1.42064404e+00 5.95691264e-01 -1.60404831e-01
    1.40439868e+00 3.18100333e-01 -1.04502797e-01 3.03471684e-01
    6.97226524e-01 7.89660454e-01 1.47949314e+00 1.39155364e+00
    7.68996775e-01 2.12363839e-01 1.16939282e+00 9.33295608e-01
    1.33019459e+00 7.11014211e-01 8.37330222e-02 7.46998370e-01
    2.97752023e-01 4.17729080e-01 1.26789474e+00 8.80498290e-01
    -4.22186762e-01 1.26294494e+00 5.44697762e-01 -1.83008522e-01
    -2.83541024e-01 2.25432694e-01 1.29548478e+00 1.28908896e+00
    4.98411059e-03 4.32729602e-01 8.78623366e-01 5.80889463e-01
    1.46094441e+00 1.13514757e+00 1.04243422e+00 1.40483367e+00
    8.77126992e-01 4.84822214e-01 6.28864169e-02 -1.29877687e-01
    5.25161147e-01 -4.14670646e-01 -4.43059564e-01 1.46483445e+00
    -2.93409109e-01 9.90235806e-02 1.73559844e-01 4.79512095e-01
    6.58826530e-01 1.95969582e-01 5.20597816e-01 4.23703015e-01
    -4.91529107e-01 -1.54601783e-01 5.32521307e-01 2.44676739e-01
    -3.80930007e-02 -4.57858682e-01 1.45264757e+00 1.31525254e+00
    8.53564262e-01 1.38098621e+00 1.89724058e-01 5.49788952e-01
    -4.47781116e-01 1.18221951e+00 1.51400936e+00 1.03451800e+00
    3.15173566e-01 1.23802066e-01 -4.56600010e-01 -1.86985612e-01
    6.15531087e-01 -8.33047032e-02 4.46376204e-02 4.58189130e-01
    1.47835875e+00 3.59222114e-01 2.21482873e-01 3.78167629e-03
    7.56334424e-01 1.07091403e+00 1.11773634e+00 1.35733891e+00
    1.24304557e+00 -3.45706522e-01 -2.51514196e-01 9.83295560e-01
    -1.95279151e-01 3.85230690e-01 1.61337018e-01 -2.78413802e-01
    -3.73572201e-01 -3.79925251e-01 1.96071595e-01 8.95375967e-01
    2.69421697e-01 -2.42749229e-01 4.69777822e-01 -4.60208893e-01
    -1.89823776e-01 6.51150942e-01 6.26205206e-02 1.34402668e+00
    1.36221325e+00 9.38770354e-01 7.92079270e-02 9.57438111e-01
    8.63469601e-01 1.49206746e+00 7.69040108e-01 1.40479934e+00
    1.17376995e+00 5.59988081e-01 -2.66979516e-01 5.59658587e-01
    2.71546543e-01 7.98885882e-01 4.80742574e-01 -4.38063443e-02
    5.15558004e-01 9.80620980e-01 -4.20208484e-01 3.10678065e-01
    6.86272323e-01 2.38484204e-01 8.40932608e-01 -4.67244059e-01
    1.17122948e+00 4.14229542e-01 1.45520401e+00 4.79551047e-01
    5.55769682e-01 7.61260390e-01 7.72023320e-01 -4.40225780e-01
    5.95120370e-01 3.45815361e-01 3.44366133e-01 -3.01348269e-02
    1.06600714e+00 8.72018218e-01 1.13129473e+00 1.38207495e+00
    1.51364708e+00 -3.97914648e-01 1.37768757e+00 5.73732138e-01
    -2.71518111e-01 1.45187700e+00 1.86660230e-01 1.08993173e+00
    6.22892141e-01 2.25517422e-01 -3.99405271e-01 -1.78443879e-01
    6.68448925e-01 -3.09535563e-01 -2.78264344e-01 -1.22272462e-01
    3.76332551e-01 1.14189696e+00 -3.64031434e-01 1.00122035e-01
    1.12582350e+00 8.01146030e-02 2.67672241e-02 1.07803631e+00
    3.26964825e-01 1.36479926e+00 -2.11138397e-01 -4.31607842e-01
    4.06442702e-01 9.09559429e-01 1.13979208e+00 4.37017977e-01
    5.33918977e-01 1.45052159e+00 8.93317461e-01 3.29564810e-01
    1.49607658e-02 -4.47806239e-01 1.16570044e+00 7.15977550e-02
    1.45297265e+00 -4.71949071e-01 1.07322514e-01 1.13526690e+00
    -2.82074809e-01 1.33803439e+00 -4.65372115e-01 1.32864141e+00
    9.53866482e-01 7.55982339e-01 1.38076115e+00 1.11230671e-01
    9.99536932e-01 8.58442545e-01 6.20517731e-02 5.05422533e-01
    -2.06373572e-01 2.64238715e-01 4.60713565e-01 9.89438534e-01
    1.22753716e+00 3.12251568e-01 5.70772648e-01 -4.21215087e-01
    5.78370094e-02 -2.49409467e-01 9.33034658e-01 -2.96436846e-02
    -2.61433005e-01 2.91154146e-01 9.38143611e-01 1.13301504e+00
    9.52524900e-01 3.93465221e-01 -8.85248184e-04 -1.45935982e-01
    -3.38082403e-01 5.50454855e-02 9.78320003e-01 3.09376061e-01
    1.40146768e+00 1.11471045e+00 8.46943855e-01 1.03061259e+00
    -1.00083381e-01 5.76074839e-01 1.43798494e+00 -1.06199265e-01
    1.19611907e+00 -1.42766684e-01 8.56858671e-01 9.55214739e-01
    1.02343297e+00 9.26436901e-01 2.38434345e-01 -4.96081710e-02
    1.94978684e-01 3.88573974e-01 -8.77785981e-02 9.36856091e-01
    8.35700572e-01 1.14725125e+00 1.01866364e+00 7.39984035e-01
    -2.78691828e-01 3.67481291e-01 1.30378211e+00 2.51623094e-02
    5.50456464e-01 -8.84506702e-02 -2.13604808e-01 6.53992712e-01
    -4.47173953e-01 5.16122282e-01 5.72664618e-01 1.77427530e-02
    7.07418740e-01 1.10963869e+00 2.30427086e-01 2.05066800e-02
    8.34081829e-01 1.88290954e-01 -2.66773760e-01 5.72705865e-01
    -2.52454758e-01 1.12915540e+00 1.43136346e+00 1.24326539e+00
    1.17227566e+00 4.54408467e-01 -7.81399012e-03 9.42367315e-01
    9.20114219e-01 -4.03312594e-01 2.89224207e-01 -4.63357091e-01
    8.31924856e-01 2.01588869e-01 6.40172958e-01 4.67639029e-01
    -4.70274597e-01 7.63403058e-01 6.13592386e-01 1.88971937e-01
    -4.50684905e-01 1.29198027e+00 1.34587169e-01 -2.11127371e-01
    8.79735947e-01 -3.13455701e-01 -4.80854690e-01 4.54631627e-01
    1.38235903e+00 1.33789134e+00 -4.60834086e-01 -3.57603252e-01
    4.98966277e-01 1.08028197e+00 1.26260304e+00 1.34902763e+00
    1.18958497e+00 -2.43175238e-01 9.13764596e-01 1.44283390e+00
    9.72158730e-01 8.49458694e-01 1.20387578e+00 1.01200795e+00
    5.61152101e-01 8.85388017e-01 -3.18342477e-01 7.37369061e-03
    -1.02311015e-01 -1.89085037e-01 6.02807820e-01 4.31858957e-01
    1.16522074e+00 1.35471249e+00 -3.46143305e-01 1.18831408e+00
    1.17454040e+00 3.81951153e-01 -5.86198568e-02 4.68885779e-01
    -1.21154308e-01 4.67268169e-01 1.95583463e-01 5.42082369e-01
    1.30735612e+00 8.00550282e-01 -1.02972299e-01 -1.92699254e-01
    1.00980830e+00 -1.72536314e-01 1.10458112e+00 2.30829716e-01
    -1.75919652e-01 2.05926895e-01 7.62453616e-01 2.75001705e-01
    -3.45903873e-01 -1.05545044e-01 8.95845592e-01 3.89857441e-01
    4.34091598e-01 -5.77538311e-02 -3.96959096e-01 -2.35722318e-01
    6.61687136e-01 1.08140349e+00 -4.25297916e-02 -2.82472581e-01
    8.57632756e-01 9.41260040e-01 2.36378312e-02 2.28894085e-01
    7.57263422e-01 5.53147912e-01 1.18391681e+00 8.11995149e-01
    9.72865641e-01 1.92306489e-01 1.40585423e+00 1.67838573e-01
    7.10245073e-01 -8.88809860e-02 2.98641086e-01 2.37320602e-01
    -1.41482502e-01 -2.75720716e-01 4.48948681e-01 -7.73659050e-02
    -4.91108090e-01 1.09410572e+00 1.38199914e+00 -1.63558632e-01
    1.20181847e+00 5.19271791e-01 1.39705396e+00 1.21353078e+00
    -1.46526575e-01 -1.48930490e-01 -4.19443667e-01 1.49825680e+00
    7.52035737e-01 -2.06077099e-02 1.41651535e+00 -1.45265579e-01
    1.21441603e+00 1.42771077e+00 1.72588468e-01 1.10919148e-01
    -5.19410372e-02 -2.64414608e-01 1.09129059e+00 3.71109515e-01
    1.04714602e-01 2.63917625e-01 5.24862885e-01 2.31424689e-01
    3.17176998e-01 -2.62323737e-01 5.74030221e-01 -2.55107403e-01
    1.09160519e+00 1.16600108e+00 3.73317957e-01 -3.45306337e-01
    8.85845423e-01 1.40191686e+00 1.24374723e+00 -3.90141129e-01
    8.04017067e-01 3.12774181e-02 1.23907900e+00 5.11255383e-01
    1.24662137e+00 5.23472190e-01 2.69219279e-02 5.19306779e-01
    4.11075741e-01 6.38040304e-01 9.32533145e-02 9.50273395e-01
    -1.04527652e-01 -2.96734869e-01 7.97994196e-01 3.88763607e-01
    1.14305544e+00 6.64090097e-01 2.26762116e-01 -4.14458334e-01
    -4.86819774e-01 1.09288692e-02 6.68210387e-01 9.71339345e-01
    3.38213921e-01 1.44575977e+00 -2.54150957e-01 5.44607222e-01
    3.44251633e-01 1.12772226e+00 8.30653489e-01 1.44785905e+00
    5.11754751e-01 -3.59833717e-01 -2.11032391e-01 8.34852397e-01
    1.27807879e+00 4.68194842e-01 -4.33725059e-01 1.31444216e+00
    8.36609185e-01 3.78543198e-01 1.29889655e+00 9.24695253e-01
    9.73872006e-01 5.75762391e-02 8.44956517e-01 4.59448338e-01
    5.01668334e-01 1.25451565e-01 1.21706057e+00 5.62857270e-01
    -3.09127569e-02 1.43306506e+00 -4.32706207e-01 7.75360942e-01
    7.60652900e-01 5.37857592e-01 -2.60483742e-01 8.64807844e-01
    -2.34722614e-01 9.08602238e-01 4.83910024e-01 6.05243087e-01
    1.30643904e+00 6.14068985e-01 1.14769387e+00 4.21052516e-01
    2.89138973e-01 7.04842865e-01 8.28567386e-01 1.23865891e+00
    7.21058846e-01 -1.29511595e-01 3.97793770e-01 7.67843366e-01
    6.68616533e-01 7.15700150e-01 5.15582800e-01 5.54404736e-01
    1.03608847e+00 9.15540159e-01 1.21974313e+00 -3.03573877e-01
    3.89348656e-01 1.13995099e+00 1.01858568e+00 -9.55121517e-02
    5.14064789e-01 1.31140971e+00 9.80658293e-01 4.17873263e-01
    -1.61195099e-02 9.60689187e-01 1.19860458e+00 6.79713488e-02
    6.36632264e-01 1.24925375e+00 7.07505941e-02 3.66402924e-01
    1.23752952e-02 6.08605385e-01 -3.42518061e-01 4.66279745e-01
    1.44212699e+00 3.14678490e-01 1.19156361e-01 -1.71910226e-01
    8.47940803e-01 8.81553292e-01 5.64970970e-01 -1.49135351e-01
    3.09737742e-01 1.36860871e+00 1.39952552e+00 2.74764895e-02
    6.04719102e-01 7.98289776e-02 5.37676990e-01 -1.53222024e-01
    9.06690300e-01 -3.27580482e-01 1.21372545e+00 4.15813506e-01
    3.73092502e-01 1.26708913e+00 -3.32167625e-01 -1.22638911e-01
    2.88154721e-01 8.79315078e-01 1.12416339e+00 -3.93007159e-01
    8.43006372e-01 7.66486287e-01 1.00409961e+00 -4.79220808e-01
    1.43836451e+00 1.05989623e+00 -2.16509730e-01 8.00638556e-01
    -3.94681364e-01 -1.30564421e-01 -3.48814428e-01 4.92703795e-01
    2.47121036e-01 -3.09473336e-01 5.43406844e-01 4.70444053e-01
    1.00696158e+00 3.77589822e-01 -4.66689438e-01 -2.85295486e-01
    6.76532328e-01 2.25827098e-01 -4.18997794e-01 1.10433245e+00
    3.07655305e-01 1.02660507e-01 2.56606430e-01 1.02354729e+00
    9.30007696e-01 1.16541296e-01 -1.00834161e-01 1.48340046e+00
    8.71417165e-01 6.84228539e-01 -2.70295084e-01 -4.41899210e-01
    1.88530028e-01 1.06633055e+00 -4.82037604e-01 6.32532239e-02
    1.47304654e+00 1.43010890e+00 7.09693313e-01 -2.88936794e-01
    -1.73550934e-01 8.77312720e-01 7.02031374e-01 1.15368009e-01
    1.27062774e+00 -3.92021894e-01 -1.15331709e-01 5.57689130e-01
    4.79972064e-01 6.25554800e-01 -3.89632225e-01 1.00460613e+00
    3.73133600e-01 -1.04434520e-01 3.97972763e-01 8.02125812e-01
    1.14623713e+00 -1.90779030e-01 1.46676171e+00 3.40918124e-01
    -5.41941822e-02 1.50485784e-01 9.33065593e-01 -2.54295707e-01
    -1.87805980e-01 -3.50111663e-01 -4.67471004e-01 -1.44153863e-01
    7.45454311e-01 9.45407510e-01 -2.08471894e-01 1.14237726e+00
    1.65769517e-01 -2.49650151e-01 3.88181984e-01 9.89359438e-01
    -1.13155425e-01 1.28693438e+00 -4.38608348e-01 -1.26215547e-01
    6.51411176e-01 1.44868207e+00 6.24858975e-01 5.01744032e-01
    6.99365139e-02 1.40099764e+00 3.73839021e-01 -8.17809105e-02
    -1.61143064e-01 2.30445087e-01 8.68916988e-01 4.95241344e-01
    -3.49355817e-01 2.50933826e-01 4.81749743e-01 9.11782384e-01
    3.38991702e-01 -4.60424602e-01 1.10818005e+00 -3.62076104e-01
    -3.91465664e-01 1.10338354e+00 7.76999354e-01 3.65745783e-01
    -3.22486818e-01 5.31211734e-01 1.25721693e+00 7.42517352e-01
    3.82172942e-01 -4.30298299e-01 -1.64461732e-01 1.41100764e+00
    -3.77461493e-01 -3.15501094e-02 -2.98192263e-01 4.29023415e-01
    1.11755896e+00 9.83968616e-01 -1.12139672e-01 -4.54867423e-01
    1.01010442e+00 1.12829709e+00 -2.75898695e-01 6.55757785e-01
    -1.17160976e-01 6.19520545e-01 2.30158508e-01 -1.67049170e-01
    -3.68459016e-01 1.20108151e+00 -1.11350030e-01 6.47121072e-02
    6.64843559e-01 1.47241259e+00 5.27035832e-01 -3.34413499e-01
    8.57079625e-02 5.73652208e-01 1.53984606e-01 1.38728368e+00
    1.19459414e+00 5.03473759e-01 8.05935979e-01 1.02563035e+00
    6.98348284e-02 1.04168594e-01 7.88360178e-01 6.38148189e-01
    4.99224067e-02 1.42984450e+00 2.27583289e-01 -2.72642076e-01
    6.73942685e-01 -7.65353739e-02 1.21829367e+00 5.40046215e-01
    -3.48769248e-01 -3.73951852e-01 2.77153313e-01 9.18325603e-01
    1.41268229e+00 1.25256872e+00 1.38993514e+00 2.69066453e-01
    7.42497802e-01 1.04888117e+00 1.00714695e+00 -5.00286460e-01
    -3.51999938e-01 1.24815965e+00 -4.88147825e-01 8.25388610e-01
    -6.33172393e-02 9.30577993e-01 2.38234341e-01 -3.29893649e-01
    4.23254192e-01 1.03247166e+00 1.33596349e+00 8.26882362e-01
    1.39074087e-01 1.12765574e+00 1.08149278e+00 1.06496954e+00
    -3.00947785e-01 1.36812866e-01 -3.35363150e-02 1.02773869e+00
    -3.55091751e-01 -4.88543510e-03 1.39270830e+00 -4.43455577e-01
    1.06707406e+00 6.13312542e-01 7.75004029e-02 -4.44489181e-01
    -9.11319852e-02 3.24186534e-01 1.13979256e+00 3.88936937e-01
    1.40504956e+00 4.90179956e-01 7.07036853e-02 9.38930392e-01
    3.64451677e-01 2.23424017e-01 -2.76243240e-01 1.21410668e+00
    1.15717983e+00 6.56836033e-01 3.71778607e-02 9.67839599e-01
    2.30224758e-01 3.22107494e-01 2.08396196e-01 9.33923721e-01
    2.14684576e-01 1.09492731e+00 1.11618209e+00 9.30135310e-01
    1.30390763e+00 -3.66085231e-01 5.14239073e-03 -4.07177448e-01
    1.35285938e+00 -2.81119347e-02 5.25314867e-01 -1.75383478e-01
    6.45383477e-01 -3.00760716e-01 4.93318439e-02 2.62276769e-01
    2.53452122e-01 1.94608271e-01 -3.64014447e-01 2.76626229e-01
    -1.19451255e-01 1.17196405e+00 4.52742904e-01 -1.29500061e-01
    1.10047197e+00 3.25943828e-02 -3.13135862e-01 -1.30932152e-01
    3.32121164e-01 6.71363413e-01 5.13903320e-01 -1.02205873e-01
    -4.58218485e-01 1.41772914e+00 1.89211130e-01 -7.43082762e-02
    1.44035077e+00 2.40697980e-01 1.01297307e+00 1.29283309e+00
    5.52730620e-01 -3.57095331e-01 1.42753649e+00 9.06083167e-01
    -4.14216340e-01 9.87356246e-01 -2.76794016e-01 1.16997600e+00
    6.75273895e-01 -3.67973149e-01 2.43125051e-01 3.49156857e-01
    1.02448797e+00 4.38857853e-01 1.21613073e+00 1.27515048e-01
    3.04242402e-01 5.75558603e-01 -2.81148493e-01 5.46318293e-01
    4.44293290e-01 1.16804790e+00 1.97664350e-01 -3.68658185e-01
    1.51936340e+00 5.20654082e-01 1.46679068e+00 1.39175916e+00
    -2.83247709e-01 1.12936139e+00 5.27981699e-01 8.55306387e-01
    -3.38792801e-04 -3.52967650e-01 -3.31622839e-01 8.89250815e-01
    1.15760303e+00 1.76050663e-02 7.41371930e-01 7.49104798e-01
    8.22037995e-01 1.02984941e+00 2.03744054e-01 4.57174838e-01
    7.25196421e-01 1.41213775e-01 8.09195399e-01 2.20952690e-01
    -1.23041749e-01 1.17837811e+00 -3.37122351e-01 6.38021231e-01
    -3.40695202e-01 -4.65039581e-01 3.96060824e-01 5.49362600e-02
    9.32565570e-01 6.98902667e-01 6.28682971e-03 -8.27828944e-02
    -4.75461483e-02 9.77175355e-01 1.44625568e+00 1.75247967e-01
    1.37344718e+00 1.06589234e+00 8.54353905e-01 5.22465110e-01
    -3.71786594e-01 1.19514382e+00 4.34306264e-03 3.24399799e-01
    1.96783781e-01 4.25146818e-02 -4.41147715e-01 -3.43550980e-01
    1.12171054e+00 -4.95935798e-01 7.99088478e-01 -1.21592343e-01
    1.42553616e+00 -1.29885912e-01 1.08932674e-01 1.50243795e+00
    -3.13280582e-01 6.74782991e-02 -3.19066226e-01 1.25321674e+00
    1.12224030e+00 3.11191857e-01 7.00402379e-01 7.44534433e-02
    -1.47302330e-01 1.93046808e-01 -5.74761629e-03 5.57759643e-01
    1.37963057e+00 -1.15693092e-01 1.46890211e+00 -2.27330565e-01
    9.38852966e-01 -2.38273486e-01 4.27764744e-01 1.97275788e-01
    2.65076935e-01 1.50553477e+00 4.82387304e-01 -1.64483279e-01
    9.94487107e-01 2.60944396e-01 1.69244081e-01 -4.51352894e-01
    2.19440073e-01 1.35126734e+00 -4.93735373e-02 2.34834522e-01
    1.17172956e+00 6.66258097e-01 -2.29941815e-01 8.87332320e-01
    6.39332652e-01 -8.52408409e-02 -2.49521047e-01 -1.61456645e-01
    1.50089109e+00 5.83053112e-01 -1.41028523e-01 -2.97682524e-01
    -4.21148300e-01 -4.91828799e-01 -1.63815647e-01 4.58589613e-01
    6.96936786e-01 3.54115903e-01 5.94191432e-01 1.45259070e+00
    8.73987436e-01 -3.66031438e-01 7.41506457e-01 1.47635698e+00
    1.01691890e+00 -2.87217975e-01 8.74870956e-01 -4.95101094e-01
    3.05769503e-01 1.43561721e+00 4.99384284e-01 -2.31046855e-01
    4.42670524e-01 4.22901034e-01 -3.22309554e-01 2.60494530e-01
    1.35746086e+00 2.37823129e-01 9.67881978e-01 1.05352163e-01
    6.13789558e-01 -2.94267356e-01 -7.01873004e-02 -3.39033723e-01
    8.29764128e-01 4.85547721e-01 6.48524761e-01 9.76186335e-01
    3.24701011e-01 1.15794492e+00 4.01754975e-02 6.97546184e-01
    2.85729885e-01 -6.08394146e-02 -6.05092645e-02 7.24399090e-01
    1.87855750e-01 -2.44196206e-01 3.48932624e-01 1.19472623e+00
    -2.95313478e-01 5.04762530e-02 -4.43169773e-01 -3.40539932e-01
    1.39235687e+00 -2.12113887e-01 -4.05391783e-01 8.86647701e-02
    7.84099102e-02 -9.45799053e-02 1.32892823e+00 4.98149276e-01
    1.11775863e+00 8.95937443e-01 1.36095524e+00 -5.58462739e-02
    1.03921986e+00 1.25476003e+00 9.27705526e-01 -2.34791040e-01
    3.45200300e-01 4.64164257e-01 7.41737545e-01 -1.34134501e-01
    2.38763034e-01 1.44855726e+00 -2.21067488e-01 -4.81111765e-01
    1.56878531e-02 1.25980425e+00 5.95621586e-01 5.52556157e-01
    -3.10427666e-01 5.19269109e-01 1.26358116e+00 5.57982922e-03
    7.77686357e-01 -3.32157612e-02 3.58181596e-02 1.37233186e+00
    9.00387287e-01 3.99223506e-01 -1.23620749e-01 -3.53459358e-01
    1.09852290e+00 1.23379612e+00 -1.35595590e-01 2.96902657e-03
    9.82357204e-01 5.97937644e-01 3.61171305e-01 7.43902445e-01
    9.21910703e-01 2.27135658e-01 1.03856254e+00 1.19636643e+00
    8.31025004e-01 5.92711866e-01 7.02621818e-01 1.12901676e+00
    -2.32886672e-02 4.69294310e-01 -4.08842504e-01 3.76713872e-02
    1.42259181e-01 3.55398476e-01 6.56290650e-01 9.71325397e-01
    1.33107990e-01 -1.05066895e-01 -2.32835770e-01 1.38675618e+00
    -5.27315438e-02 1.09651113e+00 8.71631920e-01 -2.76346982e-01
    1.48814476e+00 1.47091842e+00 1.12707019e-02 1.48265576e+00
    2.94844568e-01 8.19042504e-01 -1.69560373e-01 -3.74838531e-01
    5.84191084e-03 2.28416383e-01 7.68985212e-01 8.15470457e-01
    3.74849319e-01 1.34472060e+00 9.05835152e-01 -2.81215996e-01
    1.32494092e+00 -4.63971108e-01 7.78967977e-01 3.22034359e-02
    6.86892807e-01 -3.62450361e-01 -2.21604139e-01 9.51357722e-01
    1.03707898e+00 1.11468732e-02 1.01866937e+00 1.22834539e+00
    1.16237962e+00 1.51460624e+00 1.27329743e+00 2.82047302e-01
    8.31268966e-01 4.64374959e-01 9.56712306e-01 1.17042756e+00
    1.30915308e+00 1.29157114e+00 1.36988235e+00 7.33255148e-02
    2.20152617e-01 1.14150071e+00 -4.86414164e-01 3.76497507e-01
    5.74164748e-01 9.37036157e-01 9.74012256e-01 4.72066402e-02
    1.47680187e+00 3.79044592e-01 1.43636894e+00 1.34870338e+00
    7.53596425e-02 3.43674928e-01 -3.44195962e-01 1.02350688e+00
    4.12830889e-01 9.06029463e-01 3.99068594e-02 -1.89735502e-01
    -6.46701455e-02 6.81822062e-01 -3.41028869e-01 -2.44199976e-01
    2.81362593e-01 -1.77781790e-01 7.75396466e-01 6.42593741e-01
    1.37709975e-01 6.74757719e-01 1.04116410e-01 -9.18622613e-02
    -3.07167530e-01 5.46659112e-01 1.14439964e-01 1.81005597e-02
    3.27957869e-02 1.12816787e+00 5.30435264e-01 6.58790708e-01
    7.06339717e-01 -2.05884397e-01 1.50528610e+00 -7.13500977e-02
    1.10674918e+00 -1.36657298e-01 1.01384306e+00 1.13194227e-01
    -2.25875467e-01 1.48448563e+00 2.73549139e-01 -2.19858289e-01
    -4.63485420e-01 6.83399558e-01 -2.09772050e-01 -1.70715779e-01
    4.62963581e-01 -1.84422791e-01 2.60814548e-01 -4.03951615e-01
    6.82317019e-01 7.98512995e-01 5.95997214e-01 -1.67472959e-01
    7.51105905e-01 6.65637493e-01 -2.42512956e-01 7.44851947e-01
    1.13745880e+00 -4.62322891e-01 4.15070623e-01 1.44543147e+00
    1.51001883e+00 -4.53076988e-01 1.22715187e+00 5.80623031e-01
    3.32493365e-01 -1.63211077e-01 1.25113010e+00 3.50598723e-01
    8.62251759e-01 5.68916559e-01 3.09939235e-01 8.65002990e-01
    6.07858181e-01 1.04830873e+00 3.12682837e-01 -4.53137338e-01
    9.62983668e-02 1.31343746e+00 -3.45218301e-01 1.25878823e+00
    -1.65356010e-01 1.27246511e+00 9.82270300e-01 5.25883913e-01
    1.11427456e-01 1.25862384e+00 2.29661465e-02 -2.67663836e-01
    8.04419518e-02 -4.25203383e-01 1.05349660e+00 -1.33512676e-01
    -1.60348296e-01 -2.59241998e-01 6.51246488e-01 2.80813694e-01
    1.20636642e+00 1.08852565e-01 3.07415128e-01 1.16999149e+00
    9.39652205e-01 1.30815506e-01 2.74750829e-01 1.01782501e+00
    7.30830789e-01 1.20115805e+00 7.77827561e-01 7.41929471e-01
    -1.68769360e-02 -4.31932390e-01 5.89536846e-01 2.02776134e-01
    -1.35394335e-02 3.87958229e-01 1.11657822e+00 8.44510198e-01
    -3.08707833e-01 3.49266738e-01 -2.85216570e-02 1.02613854e+00
    1.32952487e+00 1.23865187e-01 1.09825206e+00 1.10686302e+00
    -2.46909022e-01 5.53800106e-01 1.32376039e+00 1.37218893e-01
    6.25298142e-01 1.66138738e-01 7.16184676e-02 4.95317012e-01
    1.39872074e+00 -1.26668215e-01 4.87807930e-01 4.41530764e-01
    8.48198771e-01 -1.21653229e-01 5.38110137e-01 8.14729929e-02
    -4.12097782e-01 3.64112258e-01 1.45535445e+00 5.09032011e-01
    -2.85474002e-01 1.06762028e+00 2.47721672e-02 2.12401003e-01
    4.91562545e-01 -1.71275377e-01 1.05479717e+00 9.62356627e-01
    1.39524579e+00 6.64919794e-01 -1.57298416e-01 7.68293262e-01
    -9.91345942e-02 1.26793480e+00 9.64840710e-01 1.47568846e+00
    -4.31863934e-01 4.94015753e-01 9.73520637e-01 2.00125039e-01
    4.61157620e-01 5.22945225e-01 2.92752236e-01 -1.26536489e-02
    1.08205462e+00 1.30262733e-01 2.49310136e-02 5.36209345e-03
    -4.26834553e-01 1.49294448e+00 2.69003451e-01 7.16438890e-01
    -4.90602046e-01 -3.61512125e-01 6.48484766e-01 5.73044896e-01
    7.85978854e-01 1.51980817e-01 1.45982313e+00 5.21279693e-01
    3.31125259e-01 4.74105835e-01 -4.31966782e-03 7.83776641e-01
    6.95747077e-01 2.59820282e-01 5.92403531e-01 2.50533581e-01
    -3.58188391e-01 1.01594639e+00 1.49196315e+00 5.52976131e-01
    -4.17308152e-01 -1.48109257e-01 3.46760690e-01 6.45645976e-01
    1.13873172e+00 -2.99403667e-01 2.83165753e-01 3.65126848e-01
    -4.35898930e-01 7.45845079e-01 -2.40735710e-01 -1.04190797e-01
    -4.68554586e-01 -1.96886212e-01 8.68341148e-01 1.28155684e+00
    3.65024805e-01 1.39040256e+00 1.27760792e+00 1.14562941e+00
    1.33457589e+00 7.28436947e-01 8.51320267e-01 -1.03141546e-01
    9.78367329e-01 1.25067210e+00 -1.24996334e-01 -3.93601775e-01
    1.04108453e-03 7.31990933e-01 1.65547341e-01 8.30168068e-01
    -2.82852203e-01 2.87288040e-01 -2.11206555e-01 1.36598623e+00
    7.93985665e-01 -2.84444630e-01 2.55017281e-02 1.34633064e+00
    7.92900562e-01 1.11295152e+00 1.05348909e+00 6.20412767e-01
    1.15841651e+00 3.72237623e-01 5.77930808e-02 5.51195264e-01
    1.07280457e+00 2.12659240e-02 9.99717176e-01 6.44957721e-01
    -9.33552086e-02 6.02427542e-01 8.56583416e-01 -5.97953498e-02
    1.05403042e+00 1.13255811e+00 -3.94699812e-01 -3.61969650e-01
    8.21675837e-01 4.49011356e-01 8.71430397e-01 1.53093529e+00
    2.31530815e-01 -1.02323443e-01 -2.99491584e-01 1.11575627e+00
    5.52883863e-01 4.36324686e-01 6.11625552e-01 1.41523564e+00
    5.63553572e-02 1.04367507e+00 8.36749673e-01 3.40955287e-01
    3.36730391e-01 6.24350190e-01 1.12335098e+00 4.82022941e-01
    1.27375996e+00 8.26944590e-01 -3.11146736e-01 3.77794832e-01
    2.20627666e-01 -5.78530729e-02 -4.93618309e-01 1.12004232e+00
    -6.07004166e-02 1.54399991e-01 2.59026051e-01 -4.04595256e-01
    8.26434076e-01 7.98733950e-01 2.41166949e-01 -9.40674841e-02
    3.00245762e-01 -2.62327969e-01 1.21973336e-01 4.98029709e-01
    1.12341952e+00 -7.01361895e-03 1.27398288e+00 6.87621832e-02
    -3.79000604e-01 9.46779549e-01 -6.25840724e-02 1.12630081e+00
    6.34821177e-01 8.59599113e-02 9.92666125e-01 -4.88230288e-01
    -3.25037241e-01 1.24263620e+00 4.24057186e-01 1.08102393e+00
    -3.54579568e-01 -3.35295349e-01 1.51942253e-01 5.47294736e-01
    3.40271086e-01 -2.83563435e-01 1.24128819e+00 -2.91235864e-01
    -8.33204389e-02 5.30333757e-01 1.02500558e+00 2.62212664e-01
    3.78113985e-01 8.17002416e-01 9.32443738e-01 -4.32819009e-01
    7.40198016e-01 1.24717021e+00 -2.13326335e-01 1.07932842e+00
    1.47802615e+00 -4.07577217e-01 -4.38326985e-01 1.08500457e+00
    1.22903895e+00 1.09172535e+00 1.26389360e+00 1.19204116e+00
    -1.09629035e-01 5.94235659e-01 -1.46364868e-02 6.31716251e-01
    1.77833557e-01 3.90880644e-01 1.42745042e+00 1.93630874e-01
    9.52482700e-01 1.38064122e+00 -1.70018077e-02 4.01077747e-01
    1.23792160e+00 7.82459915e-01 -4.27632630e-01 2.76493728e-01
    8.96826625e-01 -2.36988455e-01 5.51248789e-01 1.36549664e+00
    5.41618645e-01 1.29430580e+00 1.05961537e+00 1.15329444e+00
    4.54640269e-01 5.49339235e-01 1.32900894e+00 4.44777608e-02
    -8.03506970e-02 3.71568441e-01 -2.89993942e-01 -2.56993175e-01
    -4.37442154e-01 1.20993793e+00 8.45731735e-01 9.65440273e-02
    3.64589691e-02 1.27730298e+00 -1.78339005e-01 1.82802916e-01
    4.99752164e-03 -4.02091771e-01 1.01883364e+00 -3.99138689e-01
    1.33445740e+00 -3.14247161e-01 9.19241667e-01 1.45758927e+00
    1.10251939e+00 2.91950136e-01 1.42310536e+00 -3.04091781e-01
    -4.50572610e-01 1.16335762e+00 6.56782746e-01 5.11080921e-01
    1.29560530e-01 6.75940514e-02 -4.59935367e-01 -2.65977979e-02
    1.43780446e+00 5.88046312e-01 -3.26595217e-01 1.06334698e+00
    1.17026508e-01 1.37806392e+00 2.07178175e-01 9.39133823e-01
    4.00502563e-01 -1.87953711e-01 6.19644761e-01 -2.36178935e-02
    8.66756201e-01 -4.49192762e-01 -4.37976003e-01 5.11792302e-01
    1.49602342e+00 -8.08490217e-02 1.48064464e-01 -3.36605459e-01
    1.03797102e+00 1.94608510e-01 -1.07810497e-01 1.76776201e-01
    8.35171103e-01 1.06980562e-01 1.94466650e-01 -2.93279231e-01
    8.35491240e-01 9.12465394e-01 1.44802260e+00 2.08329022e-01
    1.28899670e+00 1.05632961e+00 1.43972600e+00 1.47403693e+00
    -3.68068725e-01 3.96141946e-01 7.84409821e-01 5.12821138e-01
    9.09722149e-01 1.13663578e+00 -3.39025766e-01 9.69287276e-01
    1.97352558e-01 1.47393131e+00 4.29712057e-01 -2.20306337e-01
    1.26846695e+00 1.07899809e+00 -3.28131169e-01 5.88742971e-01
    1.22426093e+00 5.53554118e-01 1.07922602e+00 7.29427397e-01
    1.27644503e+00 9.16034281e-01 3.49079788e-01 5.37697792e-01
    -3.82775992e-01 1.22899234e+00 1.03397369e+00 5.36980689e-01
    -4.80385214e-01 1.30071950e+00 -3.41530859e-01 1.38027012e-01
    8.98404837e-01 9.35145199e-01 -1.21590257e-01 3.85926127e-01
    -1.34703249e-01 -4.70867455e-02 1.33865726e+00 -2.02639699e-02
    -1.93940639e-01 1.33961630e+00 7.92415082e-01 1.31589091e+00
    8.15615416e-01 8.29265356e-01 5.39113939e-01 -3.48631680e-01
    -3.85656118e-01 -1.01578861e-01 1.41754270e+00 5.07159114e-01
    -3.16802382e-01 1.08100271e+00 7.40826845e-01 -1.54488266e-01
    1.42279649e+00 6.67513788e-01 1.28362870e+00 1.09790993e+00
    9.14466918e-01 -3.47923517e-01 -7.19792545e-02 2.66186178e-01
    3.86169732e-01 5.23651600e-01 1.39836311e+00 2.98929155e-01
    3.38868737e-01 -4.96191472e-01 2.94820547e-01 5.76554060e-01
    -1.60841227e-01 1.02656960e-01 1.19915462e+00 1.30648613e+00
    1.33178043e+00 -2.76130319e-01 4.19489533e-01 1.50524461e+00
    4.73309398e-01 8.92271638e-01 4.44505513e-02 1.19983125e+00
    4.63784933e-02 1.41800916e+00 7.01399207e-01 5.84634900e-01
    2.07367182e-01 9.35253501e-01 2.50195414e-01 4.83199924e-01
    6.41747952e-01 -3.74908596e-01 1.51120603e+00 9.46861863e-01
    7.70508170e-01 -2.48987451e-01 6.81628108e-01 1.29131651e+00
    1.31114888e+00 1.23945284e+00 -3.34025979e-01 1.03213131e-01
    9.61655676e-01 3.99729013e-02 -3.98519605e-01 9.07295763e-01
    1.17151916e+00 1.46396804e+00 5.41435778e-01 4.07081187e-01
    -2.79623061e-01 1.46746624e+00 9.51163709e-01 5.91329932e-02
    1.73497856e-01 9.58007395e-01 1.50890779e+00 2.81485885e-01
    -3.01478148e-01 1.32771087e+00 -4.59968746e-02 9.10477400e-01
    1.47522485e+00 3.48548591e-01 2.26992160e-01 4.17768091e-01
    8.34897399e-01 -3.10261488e-01 3.94774854e-01 8.51021171e-01
    9.68336582e-01 -1.17115378e-01 1.46091437e+00 8.82295251e-01
    1.04778194e+00 5.11286736e-01 -4.97919023e-02 -4.05073345e-01
    1.38349319e+00 -4.57140326e-01 -3.17412972e-01 1.21554589e+00
    7.54761219e-01 5.41144609e-03 7.37683356e-01 2.62505949e-01
    1.27315795e+00 -3.25818926e-01 -1.12256557e-01 4.95029867e-01
    -3.36294442e-01 2.69879013e-01 6.04606152e-01 1.48746061e+00
    6.32249594e-01 1.16397762e+00 8.34120154e-01 7.32765198e-02
    -1.22998685e-01 9.37716782e-01 -4.21458989e-01 -5.70667386e-02
    1.04934633e+00 3.96446526e-01 3.39899600e-01 7.70095050e-01
    3.34982455e-01 1.36629653e+00 -3.36324513e-01 -3.87044519e-01
    -2.39241183e-01 3.71425927e-01 3.01738620e-01 7.29022741e-01
    3.45931590e-01 1.31186306e+00 6.59740031e-01 1.02868271e+00
    1.18785977e+00 8.31634164e-01 5.76933444e-01 -1.31883651e-01
    1.46780610e+00 1.44531178e+00 -5.13367116e-01 4.40207660e-01
    1.28074050e+00 -7.11810589e-02 8.78032565e-01 1.04608679e+00
    -4.93143409e-01 3.47988635e-01 1.42101884e+00 1.19569802e+00
    4.89903361e-01 9.90152240e-01 7.67466724e-02 -4.78288442e-01
    1.16410041e+00 1.16825294e+00 -2.76367664e-02 1.93022221e-01
    4.77500379e-01 1.05870473e+00 1.16880488e+00 9.40401316e-01
    -1.50595695e-01 1.46103883e+00 1.17769659e+00 1.04952455e+00
    -2.07139552e-01 1.83871388e-02 3.48736763e-01 5.43409348e-01
    -2.36737370e-01 -5.04503429e-01 4.24162090e-01 -7.36489594e-02
    -3.00616860e-01 2.54739165e-01 1.47778821e+00 8.89545202e-01
    -9.04734135e-02 1.50549817e+00 1.41992569e-01 4.58091974e-01
    5.38164616e-01 -8.99977088e-02 6.30773783e-01 -3.81362677e-01
    4.20718610e-01 1.27568793e+00 -1.14366919e-01 -2.91309834e-01
    4.65680063e-01 8.34952831e-01 -3.75632048e-02 8.50223362e-01
    -1.01557881e-01 -1.74054652e-01 1.07525277e+00 1.48677838e+00
    -3.45270336e-01 -6.39944673e-02 4.10828769e-01 -3.75767708e-01
    1.83918536e-01 1.12821746e+00 1.37779474e+00 1.37942135e+00
    3.56992304e-01 -1.24553233e-01 -2.15106010e-02 4.96690869e-01
    6.71468079e-01 1.01918626e+00 2.86929667e-01 1.00905466e+00
    -8.16514492e-02 -1.57763124e-01 2.36722827e-02 -1.51142329e-01
    -9.73397493e-03 -1.33190662e-01 -3.43043536e-01 4.50330019e-01
    3.95825595e-01 4.39461708e-01 9.68687415e-01 5.50399303e-01
    -1.97086841e-01 8.23543310e-01 2.25778282e-01 1.01979589e+00
    -3.55180740e-01 8.19727898e-01 8.43953252e-01 6.94420040e-01
    4.93853033e-01 9.80462492e-01 6.83813751e-01 6.75358057e-01
    1.01159525e+00 1.03210187e+00 8.86575520e-01 1.06211090e+00
    1.48521006e-01 -1.02625489e-02 1.10616374e+00 4.84936953e-01
    9.48236525e-01 -1.11050278e-01 1.26041853e+00 7.98882604e-01
    9.90880132e-02 5.34765542e-01 1.18023324e+00 5.60019135e-01
    1.47764534e-01 -1.51354909e-01 3.18994522e-02 4.27288622e-01
    1.17071295e+00 -1.28957123e-01 5.71101904e-02 -3.84089261e-01
    2.61027515e-01 -4.58042026e-01 3.84716541e-01 3.30326974e-01
    1.01127732e+00 5.50100923e-01 3.34527194e-01 1.33744299e+00
    -3.30369562e-01 4.48690414e-01 1.34406424e+00 1.39244282e+00
    8.17277968e-01 1.20470238e+00 1.18954611e+00 4.68459129e-01
    4.33089674e-01 1.44534540e+00 1.09313607e+00 -3.29316825e-01
    1.11282802e+00 9.20859098e-01 1.25930750e+00 1.11490023e+00
    4.30530339e-01 1.14757240e+00 9.79332030e-02 7.76704907e-01
    5.14838219e-01 -3.39638829e-01 6.84572279e-01 5.32359123e-01
    7.06443787e-01 4.20706749e-01 -2.55194932e-01 -8.41350257e-02
    3.16732526e-02 1.96725607e-01 1.33416653e+00 1.16841853e+00
    -3.75738740e-02 6.43296242e-01 3.72801691e-01 9.48022008e-01
    7.09448695e-01 7.76203632e-01 8.63609314e-02 1.43881130e+00
    1.22959614e-02 -1.66915089e-01 -1.11100048e-01 -1.33923799e-01
    3.08186889e-01 1.23575008e+00 1.56251371e-01 1.38220632e+00
    1.08352423e+00 1.59551710e-01 1.33171618e+00 1.44013965e+00
    1.01601982e+00 -4.51650143e-01 9.46901143e-01 1.15867364e+00
    -2.90483564e-01 3.89407635e-01 -2.72009403e-01 1.47368681e+00
    8.69176507e-01 1.27210987e+00 -2.15825647e-01 4.78530526e-01
    1.41061282e+00 -4.42173541e-01 -9.55193341e-02 1.34791934e+00
    6.36830389e-01 4.31824625e-01 6.09313309e-01 1.06645572e+00
    5.40762603e-01 -1.94329530e-01 3.25588048e-01 1.17488492e+00
    -2.01050639e-01 2.59913176e-01 -3.81898224e-01 -1.42950952e-01
    9.59488690e-01 2.43281394e-01 8.49382877e-01 2.30262309e-01
    -1.14171237e-01 5.40929675e-01 -1.22465789e-01 1.40288305e+00
    -4.06278819e-01 1.18069673e+00 -5.63293695e-03 2.52532095e-01
    3.50842178e-01 1.52294528e+00 1.96051866e-01 8.04079294e-01
    -1.62768662e-01 -3.88335705e-01 2.28602648e-01 4.42175299e-01
    -2.51670957e-01 -3.03860307e-01 -4.39754158e-01 5.34000158e-01
    4.47853446e-01 -2.99145341e-01 1.16181290e+00 1.32900131e+00
    1.08940220e+00 2.73150444e-01 8.75868797e-01 1.16986895e+00
    1.50559425e-01 9.48126376e-01 6.72975838e-01 4.07620668e-02
    9.42765832e-01 3.84419978e-01 1.07780838e+00 7.29690552e-01
    6.08596206e-01 1.05495811e+00 3.25125396e-01 4.61560607e-01
    1.32140362e+00 2.23211348e-01 1.12009966e+00 1.32224870e+00
    6.23196900e-01 2.56947935e-01 4.90974605e-01 4.68574464e-01
    1.14109433e+00 4.77868021e-02 3.59567940e-01 -3.73913080e-01
    8.40767205e-01 -4.45987165e-01 7.36646235e-01 3.16515565e-01
    7.50395656e-01 1.35878015e+00 -2.96372056e-01 1.45274758e+00
    1.11995566e+00 1.49323106e+00 4.13394421e-01 2.30467409e-01
    6.48139358e-01 6.01868272e-01 1.29659867e+00 -1.62439823e-01
    7.11972833e-01 1.40727520e+00 8.73263597e-01 9.45371985e-01
    2.41456330e-01 6.04147792e-01 4.99670029e-01 2.91402280e-01
    -1.48757815e-01 2.28852153e-01 5.81447601e-01 8.09681475e-01
    7.81627715e-01 1.28088403e+00 1.05447531e-01 3.19130063e-01
    -9.00890231e-02 1.16131485e-01 1.23480690e+00 -4.42639709e-01
    9.23605621e-01 1.10848439e+00 -6.93828464e-02 1.35595703e+00
    1.53538734e-01 6.97778821e-01 1.25424671e+00 7.51730561e-01
    1.38101339e+00 1.67630494e-01 1.13851833e+00 1.30527347e-01
    7.76089072e-01 9.71076787e-01 1.18628669e+00 1.27336740e+00
    4.74671304e-01 7.05196440e-01 1.13719797e+00 7.23342121e-01
    9.50536609e-01 1.40269279e+00 3.46662104e-01 9.05488074e-01
    1.48305750e+00 1.34350610e+00 -3.97006869e-02 7.53211737e-01
    7.35622346e-01 1.21013212e+00 1.22760087e-01 -4.55223322e-01
    2.20053077e-01 1.26760745e+00 1.31602716e+00 9.74907279e-01
    1.52254081e+00 2.44963169e-03 -1.26744449e-01 1.12944114e+00
    1.34498239e+00 -1.72565848e-01 -5.65889478e-03 1.34181499e+00
    3.52030426e-01 5.10897338e-01 7.85325289e-01 -4.75471407e-01
    5.91381669e-01 8.16276729e-01 1.31369042e+00 1.27198064e+00
    2.27389872e-01 7.13981748e-01 -4.42624867e-01 6.38716519e-01
    -2.12706387e-01 8.86179447e-01 1.30391157e+00 1.07199383e+00
    -2.34000862e-01 1.10925585e-01 7.82247186e-02 5.26884794e-01
    -4.62030470e-02 1.25842631e+00 -4.40721422e-01 1.29044473e-01
    7.61790574e-02 1.15439296e-03 3.89945537e-01 -1.27213448e-01
    1.22467875e-02 1.01428628e+00 -2.45865375e-01 1.42965281e+00
    1.48266554e+00 1.08737516e+00 6.69618607e-01 -3.19348752e-01
    8.16235244e-01 -5.71666360e-02 5.70476472e-01 9.00986671e-01
    -1.90736055e-02 4.58743453e-01 1.42401314e+00 9.10248697e-01
    6.30757570e-01 9.89343524e-01 -2.44405538e-01 1.08091354e+00
    1.03455460e+00 -2.35343665e-01 5.95670581e-01 3.72448206e-01
    1.41191578e+00 1.01771522e+00 3.62172604e-01 1.26726854e+00
    9.66838121e-01 7.18862116e-02 8.64200234e-01 2.02759802e-01
    -2.27482229e-01 -2.21159369e-01 3.34053308e-01 8.17931473e-01
    3.68999243e-02 -2.87510335e-01 -1.71588391e-01 -4.12611723e-01
    1.51357055e+00 1.13787830e-01 5.03803849e-01 -2.94667929e-01
    1.32739997e+00 1.03266001e+00 7.80388713e-01 -1.46457314e-01
    1.49972343e+00 1.48634005e+00 1.24611735e+00 -2.64476776e-01
    1.46379900e+00 5.08941352e-01 -2.28073031e-01 -4.96897042e-01
    6.16430998e-01 1.36200690e+00 -4.58342433e-02 5.94459713e-01
    -2.48363793e-01 1.09419739e+00 8.65576267e-02 4.99839783e-02
    -2.77884662e-01 9.72661376e-01 8.79707456e-01 7.27725148e-01
    2.32105732e-01 6.86394334e-01 1.11210918e+00 1.37621999e+00
    1.42617095e+00 4.57073599e-01 1.20341063e+00 7.99310088e-01
    1.45594835e+00 4.17896569e-01 -1.88191950e-01 -3.04827690e-02
    1.42725730e+00 1.18001986e+00 -1.21628553e-01 -2.77214408e-01
    1.36035419e+00 4.45534050e-01 -1.98490202e-01 1.07482815e+00
    1.49398255e+00 1.07301652e-01 1.20703721e+00 1.21521652e-01
    1.16762388e+00 -4.57105637e-02 -3.42299283e-01 1.21120620e+00
    -3.77477109e-01 4.02517438e-01 -4.64171261e-01 2.36164659e-01
    2.53429413e-02 1.40457249e+00 1.49702990e+00 1.50071061e+00
    4.16622639e-01 1.89466089e-01 1.07020986e+00 1.04132795e+00
    1.22400892e+00 1.85789943e-01 -2.24320680e-01 5.43063402e-01
    -1.78257555e-01 -6.39105141e-02 8.54914188e-02 1.24331713e+00
    1.26160383e+00 3.83441091e-01 1.03831363e+00 -2.41085321e-01
    1.23307443e+00 -4.33975279e-01 7.39862144e-01 3.95081282e-01
    1.10658348e+00 -4.80046451e-01 5.73099136e-01 1.36949086e+00
    1.05386889e+00 2.99453020e-01 1.04069448e+00 9.83650088e-01
    1.08971882e+00 7.71562159e-01 7.13159621e-01 1.17785132e+00
    8.51156831e-01 2.73567438e-02 9.46086824e-01 -3.53131592e-02
    1.17729449e+00 1.48996913e+00 6.87522233e-01 1.03043854e-01
    -7.56962597e-02 1.27329141e-01 1.21822548e+00 4.85097587e-01
    1.40819812e+00 -4.59163785e-02 1.44127607e+00 7.49045312e-01
    -3.07236075e-01 6.95332766e-01 1.41226852e+00 2.67143786e-01
    -3.65037739e-01 9.14747357e-01 7.02292800e-01 3.84114206e-01
    1.36512792e+00 1.40585136e+00 -4.04783666e-01 -1.34466439e-01
    -4.81071800e-01 1.28519750e+00 1.64125472e-01 1.19174647e+00
    1.49980521e+00 7.33257413e-01 2.07996547e-01 5.96424580e-01
    6.49630845e-01 7.08258629e-01 1.74719691e-02 1.42843962e+00
    1.08472252e+00 9.58416343e-01 -1.40973866e-01 4.55122948e-01
    -2.38348007e-01 8.89776826e-01 8.26480746e-01 -1.48765773e-01
    -1.13317668e-01 1.24943519e+00 -3.87495399e-01 9.18381810e-01
    6.49246097e-01 1.47004449e+00 -4.47657883e-01 1.09643078e+00
    1.14792657e+00 -2.57166624e-02 5.91170549e-01 6.33388817e-01
    1.44057691e-01 1.12290084e+00 5.08459687e-01 1.16574597e+00
    1.17038023e+00 2.93182731e-01 9.15076673e-01 7.67403185e-01
    6.39116108e-01 6.06494367e-01 9.53987122e-01 -4.97428060e-01
    1.43706918e+00 2.43226528e-01 -3.55983853e-01 1.10245347e+00
    -4.73786384e-01 1.18890297e+00 3.11889231e-01 -3.97277772e-02
    -1.90045685e-01 1.00411683e-01 9.75628018e-01 1.23479354e+00
    4.11495656e-01 -2.76318491e-01 7.31768787e-01 -4.66848582e-01
    6.44498229e-01 1.41596115e+00 -4.97120500e-01 6.74813747e-01
    3.88014704e-01 4.09179717e-01 8.60985994e-01 -1.27761781e-01
    1.52079880e-01 6.42215371e-01 1.32573068e+00 -1.72228307e-01
    -5.70960343e-02 4.60914969e-02 2.27940977e-01 -3.86350542e-01
    -2.58376598e-02 6.31468594e-01 -4.10106242e-01 3.36356521e-01
    -1.01889193e-01 3.74330103e-01 1.63026601e-01 9.29027677e-01
    5.20539343e-01 9.78911161e-01 -2.85459697e-01 1.07271850e+00
    1.21523154e+00 5.99881530e-01 6.71660423e-01 4.78011966e-01
    7.01766908e-01 1.49129927e+00 4.05821204e-03 8.98977518e-01
    -3.55444938e-01 2.23489374e-01 -3.29232752e-01 -3.07773232e-01
    1.15699291e-01 1.34176731e-01 -3.04858029e-01 3.51358324e-01
    -4.16557103e-01 -1.71237439e-01 1.40998459e+00 1.31175029e+00
    1.43999195e+00 1.38003087e+00 5.41862667e-01 -3.24640185e-01
    1.28489137e-02 1.44953585e+00 -2.27607459e-01 1.40454626e+00
    5.21952152e-01 -2.89024115e-01 7.52597809e-01 7.87142813e-01
    7.44202137e-01 1.47545004e+00 2.19959229e-01 5.21788418e-01
    5.40603518e-01 1.06970608e+00 5.84766507e-01 -4.06833291e-01
    6.59368455e-01 -2.33345345e-01 5.96200943e-01 2.13364363e-01
    -2.31118381e-01 -1.70198202e-01 4.52236772e-01 1.26322716e-01
    -4.44874883e-01 4.38656420e-01 4.06757116e-01 9.79538560e-02
    -6.96951151e-02 -8.47578049e-05 -2.77274370e-01 4.68751788e-01
    -2.19866544e-01 1.41856515e+00 -4.08706516e-01 -2.84850776e-01
    1.99032426e-01 -3.20903450e-01 2.83786297e-01 1.08692288e+00
    1.48153234e+00 -3.56826007e-01 2.75968909e-02 1.27634919e+00
    4.20867622e-01 7.04300344e-01 1.13532352e+00 -3.59310240e-01
    1.37467504e-01 -4.96426940e-01 -3.22344184e-01 -1.26110613e-02
    -3.49519759e-01 6.94224477e-01 8.42629373e-02 7.36974180e-01
    1.15209091e+00 -4.53833133e-01 8.76948118e-01 8.99907768e-01
    -3.06195617e-01 1.54127419e-01 5.22046328e-01 1.24228382e+00
    8.09976876e-01 6.03109598e-03 1.69383496e-01 -3.09178591e-01
    8.99349213e-01 9.65457976e-01 6.71227813e-01 6.56719804e-01
    1.00608468e-02 2.52123922e-01 2.27782756e-01 4.97452557e-01
    1.26637614e+00 8.81697834e-02 8.06803763e-01 1.28443360e-01
    5.05457282e-01 6.84111238e-01 6.36833966e-01 7.03717113e-01
    -2.67502785e-01 1.30086255e+00 -5.06105125e-02 1.33625042e+00
    -2.96129048e-01 7.38388896e-01 1.04979897e+00 7.11261928e-01
    7.99080491e-01 4.03223217e-01 -3.04522634e-01 6.45439863e-01
    9.78275836e-01 8.81932676e-01 1.52383924e-01 1.46651626e+00
    1.48232818e+00 1.98608428e-01 -4.60144460e-01 7.83846378e-01
    1.29467070e-01 1.14088440e+00 8.65533412e-01 -2.42324322e-01
    2.14342892e-01 1.17849159e+00 9.76546168e-01 1.12486911e+00
    3.54224980e-01 6.14656210e-02 9.06056464e-01 2.95110226e-01
    3.46966267e-01 1.22778869e+00 8.87453079e-01 5.60537338e-01
    5.83517671e-01 6.05661690e-01 7.77118683e-01 1.38107824e+00
    1.23733282e-03 -4.52960074e-01 8.86283875e-01 2.38222182e-02
    4.56989139e-01 -4.19771165e-01 -2.52032489e-01 4.50475216e-02
    7.22742975e-02 1.43036473e+00 -5.19307852e-02 6.16520762e-01
    -5.59078157e-02 -3.17524850e-01 3.59222740e-01 -2.33479857e-01
    -4.08446491e-02 1.14564312e+00 2.27102041e-01 7.26843059e-01
    -3.80241334e-01 8.20589423e-01 1.10719347e+00 1.01562238e+00
    1.47423816e+00 6.84465528e-01 1.42714906e+00 8.12302232e-01
    8.70345533e-01 1.27301192e+00 6.26935840e-01 8.67592454e-01
    2.78364033e-01 4.97673959e-01 -1.19873285e-01 3.83108765e-01
    4.61202651e-01 -5.66186607e-02 -1.63946748e-01 -9.28733051e-02
    1.01024473e+00 6.73398733e-01 9.69286203e-01 -3.00962061e-01
    -9.82942879e-02 1.19397783e+00 2.33505666e-02 -2.28680491e-01
    1.29885471e+00 3.24782908e-01 -1.70693457e-01 7.17890143e-01
    7.30333745e-01 6.03086174e-01 1.27610183e+00 8.90866935e-01
    -3.40535402e-01 5.53436279e-01 9.39613223e-01 5.67647099e-01
    -1.96445078e-01 1.41935885e+00 1.21620345e+00 1.58356488e-01
    1.19033480e+00 7.96475828e-01 1.26991689e-01 6.33101583e-01
    1.50574601e+00 6.26631021e-01 5.39251208e-01 1.28125036e+00
    -2.60145396e-01 3.34968954e-01 1.13426578e+00 1.02272856e+00
    1.94339961e-01 -3.89384478e-01 6.88780546e-01 6.25391841e-01
    7.26531923e-01 7.90059865e-02 -1.56627178e-01 5.21228194e-01
    1.04579508e+00 -2.98500121e-01 -3.07476908e-01 2.71002591e-01
    5.74517369e-01 1.25847173e+00 8.09779942e-01 1.16081619e+00
    1.05099821e+00 -4.62150753e-01 8.46645117e-01 1.60000265e-01
    -1.07495248e-01 5.81358612e-01 1.41891611e+00 2.08682001e-01
    1.78695977e-01 8.40300322e-01 1.51260996e+00 -4.82190251e-02
    3.27022105e-01 6.33931756e-01 1.07758737e+00 1.43571591e+00
    2.93543249e-01 6.26524627e-01 -1.27518773e-01 8.89437318e-01
    -1.61888719e-01 -4.80146468e-01 3.15579474e-02 -4.10821348e-01
    -4.32377070e-01 2.68324822e-01 1.01099575e+00 1.93485439e-01
    -3.82824600e-01 6.84226036e-01 8.26396525e-01 -1.84445322e-01
    4.70816910e-01 1.32689250e+00 2.53359497e-01 1.81744277e-01
    6.42910182e-01 -3.49165618e-01 1.34445262e+00 2.49717772e-01
    1.38634837e+00 1.17792106e+00 8.08983505e-01 1.00947559e-01
    6.08313978e-01 -2.45866239e-01 4.25590217e-01 7.04781294e-01
    1.10464382e+00 1.11391735e+00 8.68959010e-01 8.93748164e-01
    8.45331013e-01 1.30559886e+00 9.61513817e-02 1.35770512e+00
    9.58469391e-01 3.91800195e-01 -2.23197982e-01 -3.68037939e-01
    -3.66541713e-01 8.95755887e-01 8.16132069e-01 -3.17730933e-01
    -5.07206917e-02 1.40039396e+00 -3.16287339e-01 8.12274456e-01
    2.38604367e-01 1.14282846e+00 2.98755020e-01 8.06120634e-02
    -3.99373174e-02 8.69283676e-01 -2.52502918e-01 8.16110373e-02
    1.42417967e+00 3.85921717e-01 1.38828397e+00 5.02847493e-01
    -2.41906822e-01 1.37526536e+00 -1.06222749e-01 4.86001760e-01
    1.12764239e+00 3.16781759e-01 7.97972977e-01 7.65277445e-01
    1.39936697e+00 9.62562919e-01 7.01254547e-01 1.09576130e+00
    4.29427594e-01 1.37652087e+00 1.23240900e+00 4.81876373e-01
    1.25033975e+00 -1.70693070e-01 -1.64245754e-01 -1.07336283e-01
    4.45639193e-02 1.33890259e+00 6.91248655e-01 1.43741536e+00
    -6.36905432e-03 5.75491071e-01 4.04275984e-01 1.14810944e+00
    3.48015994e-01 1.93391532e-01 -7.49296546e-02 4.92047220e-01
    7.40103722e-02 8.03929210e-01 6.32202268e-01 1.24705464e-01
    5.65879941e-01 1.33984613e+00 1.37283278e+00 1.49882007e+00
    3.88364702e-01 1.24360967e+00 3.70755076e-01 2.22015083e-02
    6.29573166e-01 1.71401829e-01 3.43217194e-01 8.87041688e-01
    4.08329189e-01 1.39747906e+00 1.27152085e-01 -4.12168860e-01
    -4.46314871e-01 8.92527461e-01 1.49599540e+00 7.88619637e-01
    -2.46580750e-01 8.20074737e-01 1.60860181e-01 9.64958429e-01
    -3.47388178e-01 1.05759096e+00 1.12636542e+00 8.27795208e-01
    9.07182097e-02 1.36956775e+00 1.32852972e-01 -2.41737276e-01
    1.38423896e+00 -1.70576751e-01 -4.15854990e-01 -7.06781447e-02
    1.08519125e+00 5.15109301e-01 1.86457455e-01 7.17812240e-01
    -5.07062674e-02 5.70823550e-02 -2.95569032e-01 4.65003610e-01
    1.23048091e+00 9.68918979e-01 1.36404812e+00 1.36840630e+00
    -2.38454849e-01 8.70752692e-01 -3.98788989e-01 1.29704928e+00
    1.28838509e-01 -2.66499162e-01 6.07796192e-01 -4.73096788e-01
    1.03381801e+00 -7.86015987e-02 6.15755200e-01 8.21182013e-01
    -2.32600778e-01 -3.39249372e-01 5.04324198e-01 3.04681063e-01
    7.40288973e-01 1.21903574e+00 1.44279885e+00 3.82310897e-01
    1.42996824e+00 7.56995082e-01 5.65597534e-01 -4.34180230e-01
    6.91118658e-01 9.71258521e-01 -5.69702685e-02 8.08923841e-02
    1.39097440e+00 9.83109474e-01 9.96167660e-01 7.26580620e-04
    1.04793096e+00 1.04937720e+00 -2.50098556e-01 -3.00424159e-01
    2.93806434e-01 6.97314143e-02 4.07623589e-01 7.02775359e-01
    -1.00336224e-01 7.89943337e-02 3.79045010e-01 6.29526019e-01
    1.49463415e+00 -4.28644150e-01 1.08572066e-01 3.25037807e-01
    1.35610056e+00 1.40695333e+00 1.05387294e+00 -3.94026875e-01
    5.25373578e-01 6.27799392e-01 -2.88763404e-01 4.88108575e-01
    8.93995225e-01 6.33821130e-01 -1.91597044e-02 -4.88216281e-02
    1.64216936e-01 1.20318913e+00 1.25545168e+00 -1.78052902e-01
    1.46666598e+00 -1.49341941e-01 -4.41643536e-01 -1.48397565e-01
    1.01543903e-01 -2.43135929e-01 -2.74728805e-01 6.73312843e-02
    -3.34957808e-01 1.44285536e+00 3.16749215e-01 -3.38128626e-01
    9.74560022e-01 6.30936801e-01 4.64536846e-02 1.16042769e+00
    5.59607208e-01 -1.73443556e-03 4.80483949e-01 6.47970915e-01
    4.73228872e-01 2.55838513e-01 1.06564486e+00 1.35761511e+00
    4.67432737e-01 1.12830591e+00 -2.60656148e-01 -3.83266002e-01
    6.86969578e-01 1.45319688e+00 6.59155607e-01 1.00805354e+00
    -1.07184201e-01 1.11353505e+00 5.37528992e-01 1.48611784e+00
    7.93416262e-01 -6.97442591e-02 2.36629158e-01 1.28358722e+00
    2.96847969e-01 -2.53960729e-01 4.28568602e-01 -2.54482269e-01
    1.42292619e+00 4.18368578e-02 4.51528132e-01 5.10095835e-01
    1.19381714e+00 7.63486981e-01 -2.18589246e-01 1.68573767e-01
    1.44669503e-01 7.60305643e-01 8.42018247e-01 1.41751051e+00
    2.06837654e-02 5.06308198e-01 1.36885571e+00 7.50914514e-02
    -4.61616248e-01 1.35598493e+00 1.25700176e-01 1.33612514e-01
    -3.36015910e-01 4.07423973e-02 -1.52533174e-01 -2.93729335e-01
    1.41593981e+00 5.86267829e-01 8.82394671e-01 6.40464246e-01
    -2.10435838e-01 5.43590784e-01 7.18456209e-01 8.21164012e-01
    9.63280261e-01 4.44546342e-01 1.06797099e+00 2.49011189e-01
    1.32344115e+00 1.90565884e-02 1.09147382e+00 1.08732677e+00
    -4.31261659e-01 -4.56302613e-01 -2.60362446e-01 4.85449702e-01
    8.19912791e-01 1.38529837e+00 9.72865939e-01 6.67371273e-01
    1.11486411e+00 5.90995550e-01 6.07912064e-01 9.02271569e-02
    1.22669148e+00 2.78672934e-01 -2.90407240e-01 5.79157293e-01
    7.67121315e-01 8.75046432e-01 1.19338334e+00 -2.60696411e-01
    -3.06683183e-02 1.43218505e+00 1.45824456e+00 4.47752655e-01
    7.77828872e-01 3.60395610e-01 5.46277165e-01 4.46148872e-01
    2.11246610e-02 4.94846344e-01 -5.81909716e-02 1.07393885e+00
    3.40384305e-01 1.07260299e+00 2.50476599e-03 9.78002727e-01
    6.76621437e-01 3.79704535e-01 9.93141711e-01 -1.47521704e-01
    6.11865520e-03 6.48676753e-01 1.31565547e+00 3.84054661e-01
    1.03944778e+00 -2.16167450e-01 2.08234787e-03 1.00763321e-01
    1.26792943e+00 -4.06820476e-01 1.37752318e+00 1.12611914e+00
    5.65305948e-02 6.98960483e-01 1.45835686e+00 4.59237516e-01
    1.08585942e+00 9.81450200e-01 9.73697424e-01 -3.31017226e-01
    -3.12843442e-01 2.65672505e-02 1.11003625e+00 -5.03030121e-02
    -4.62839305e-02 5.12867868e-01 3.89807254e-01 -3.55554223e-01
    3.89872104e-01 -3.63852799e-01 -9.26015675e-02 1.06385553e+00
    4.65079665e-01 1.35353804e-01 -1.34983569e-01 2.68220931e-01
    1.44476354e-01 1.83534920e-02 5.94866872e-01 5.86851120e-01
    3.04438233e-01 7.17806339e-01 -2.60673702e-01 -4.69845653e-01
    9.71579254e-02 1.12452054e+00 -2.96982944e-01 3.32776487e-01
    3.37684512e-01 2.49822736e-02 4.68042850e-01 1.18192720e+00
    8.39517236e-01 2.23395169e-01 -2.93460459e-01 8.94230366e-01
    4.47465181e-01 1.04411864e+00 -1.73017621e-01 5.88274539e-01
    3.91825259e-01 -4.43532199e-01 1.01621366e+00 2.63000131e-02
    8.05836022e-01 -4.04950321e-01 9.26200926e-01 3.76014054e-01
    7.80771911e-01 1.31525707e+00 8.39697957e-01 1.24957907e+00
    -2.43250266e-01 2.86557347e-01 1.02009368e+00 1.55231357e-01
    1.12712073e+00 9.93656158e-01 7.82508254e-01 7.82990634e-01
    1.45817876e-01 1.33453161e-01 3.71956795e-01 5.68205714e-02
    1.90208822e-01 -3.19392860e-01 -4.56144929e-01 5.73932528e-01
    1.49682796e+00 4.13296610e-01 1.47440195e-01 -4.02977794e-01
    -4.12808955e-01 1.03797972e+00 -1.98922575e-01 4.88203466e-02
    5.16574740e-01 2.40581542e-01 1.13841152e+00 3.09601247e-01
    1.27343845e+00 -7.28985071e-02 7.17505336e-01 6.98057890e-01
    4.49479610e-01 -1.56586707e-01 -2.70812094e-01 1.17883921e+00
    -1.99108630e-01 1.21686530e+00 -3.33401769e-01 5.51373363e-02
    4.86451238e-01 1.19871700e+00 -2.65368521e-01 -4.00954962e-01
    7.01633930e-01 7.83464372e-01 -2.27528721e-01 -9.65316296e-02
    -2.48891294e-01 9.94103611e-01 -2.57498324e-02 -1.73955172e-01
    3.10391188e-01 1.62413716e-01 3.31135571e-01 -3.60637248e-01
    2.36875057e-01 1.25536227e+00 9.30341482e-01 4.05704379e-02
    1.21639550e-01 1.41582227e+00 -1.86019629e-01 3.68891180e-01
    1.50462592e+00 -3.54797721e-01 -2.00309217e-01 3.05262208e-03
    9.61248577e-01 2.26237684e-01 -2.60003448e-01 -5.68094850e-03
    1.30014920e+00 -2.19618559e-01 -2.36954331e-01 8.90191436e-01
    -3.40768158e-01 9.71136808e-01 1.43635941e+00 3.19511712e-01
    2.90830314e-01 8.46412838e-01 -2.83324182e-01 5.64728618e-01
    8.67099822e-01 4.30833399e-01 1.21926332e+00 8.07197154e-01
    9.01730061e-02 -4.78474855e-01 3.89143527e-01 1.47100139e+00
    -2.66856134e-01 -2.40133673e-01 1.06409419e+00 1.55333012e-01
    -1.03455722e-01 -4.32005882e-01 2.66356587e-01 6.26142204e-01
    3.08698982e-01 -3.63865912e-01 8.62176716e-02 1.25542438e+00
    5.03315210e-01 5.54896176e-01 -2.66823858e-01 1.46311522e-03
    1.31177938e+00 9.13181603e-02 3.30944598e-01 1.13489342e+00
    4.30037349e-01 -1.52237266e-01 9.29822683e-01 -2.66222358e-01
    7.99904585e-01 -3.59316856e-01 -3.88259709e-01 8.46641243e-01
    -4.97878402e-01 1.37670624e+00 5.49222291e-01 2.99729943e-01
    9.38307524e-01 1.24893498e+00 9.83789861e-01 2.02261209e-01
    1.01362133e+00 8.65649700e-01 1.13007009e-01 -3.62775981e-01
    1.28408480e+00 -2.37937361e-01 7.99230039e-01 6.13987386e-01
    -3.85514736e-01 1.38364530e+00 1.21891570e+00 1.15307498e+00
    1.46806908e+00 1.16384816e+00 3.74753118e-01 1.34328735e+00
    -1.32473350e-01 7.54398584e-01 1.17854178e+00 2.78472811e-01
    -3.41713607e-01 7.21513271e-01 -9.64731872e-02 -4.00914401e-01
    2.28048176e-01 -2.34123290e-01 -2.77647972e-02 1.37017465e+00
    1.30104661e-01 5.90606689e-01 2.37295985e-01 5.70016384e-01
    1.09901416e+00 -3.87348652e-01 8.39890242e-01 5.54245412e-02
    1.15256202e+00 2.55181253e-01 -2.79249638e-01 1.23269665e+00
    -1.61112547e-02 -2.18028963e-01 -4.28719282e-01 7.45639324e-01
    -2.14105844e-03 -4.15710986e-01 9.16245937e-01 4.03038561e-01
    1.13313973e-01 3.54898572e-01 6.88775420e-01 -2.99797177e-01
    3.09997380e-01 1.08552670e+00 -3.02874386e-01 1.91090852e-01
    1.47586274e+00 8.39407325e-01 3.94611508e-01 7.48752356e-01
    1.05268776e+00 -6.98577762e-02 1.99246734e-01 1.36672306e+00
    2.00561136e-01 1.14420664e+00 -1.56889975e-01 -2.43062064e-01
    6.36711955e-01 1.10000741e+00 9.65641737e-02 5.99827528e-01
    -2.33388633e-01 -3.45206738e-01 1.43561530e+00 1.83029681e-01
    5.50158024e-02 -2.31909752e-02 1.01356995e+00 -3.93325448e-01
    2.16870904e-02 7.71603584e-01 1.12175584e+00 -2.38962352e-01
    1.46829927e+00 8.11847568e-01 1.01365185e+00 -2.35807627e-01
    -4.01690364e-01 1.48910832e+00 6.61535680e-01 -2.46762961e-01
    3.49361330e-01 4.13578749e-02 -4.21637297e-03 5.92384338e-01
    1.17553139e+00 7.50699520e-01 8.80727410e-01 1.18244612e+00
    6.84025884e-02 1.38399041e+00 8.29649508e-01 8.21147203e-01
    1.27740979e+00 8.65489602e-01 1.18201673e+00 9.29289520e-01
    -2.79588640e-01 -1.13360614e-01 -3.86742622e-01 1.27269530e+00
    1.35262609e+00 1.23717916e+00 1.40858781e+00 1.25308752e+00
    1.40715766e+00 4.77841496e-01 7.01506555e-01 1.15232873e+00
    8.14884782e-01 7.84712434e-01 1.10023844e+00 8.01269114e-02
    -2.83337653e-01 4.45518374e-01 -6.00584149e-02 7.12619483e-01
    4.97914582e-01 -3.76591414e-01 1.29534400e+00 8.03893805e-03
    5.36560714e-02 1.52866888e+00 -5.54639697e-02 1.29745293e+00
    1.24704242e+00 -2.04390675e-01 1.04013455e+00 6.38507843e-01
    8.11976850e-01 -9.03470814e-02 3.00187826e-01 2.49321073e-01
    1.06952274e+00 -2.36110806e-01 9.02770758e-01 -1.45236760e-01
    6.33399129e-01 1.24038100e+00 1.39687622e+00 7.48118639e-01
    1.12511778e+00 9.99302149e-01 1.29567218e+00 4.50874358e-01
    6.85164928e-01 5.79831958e-01 7.40121245e-01 8.97145808e-01
    3.87632072e-01 5.03225565e-01 1.06577849e+00 2.08234906e-01
    1.13818049e+00 1.66110069e-01 3.77592415e-01 4.85519230e-01
    8.49917114e-01 5.22476077e-01 1.37328136e+00 2.17317551e-01
    1.32320917e+00 1.11478603e+00 7.62757897e-01 1.98903888e-01
    2.06958711e-01 -3.65552187e-01 1.12652755e+00 -4.06980515e-04
    4.18366551e-01 8.95866275e-01 3.51645350e-02 -4.90918875e-01
    9.84831512e-01 1.15633821e+00 1.12311995e+00 1.14298820e+00
    1.46736157e+00 -3.18198860e-01 1.35098243e+00 1.24643040e+00
    -2.16290832e-01 9.95119214e-01 -2.24011362e-01 6.45530939e-01
    9.22444165e-01 1.48070812e+00 1.12898421e+00 1.42765373e-01
    2.99961627e-01 8.37760329e-01 7.93883562e-01 1.36438346e+00
    1.38377070e-01 7.21642971e-02 1.47337854e-01 5.58900416e-01
    1.19490433e+00 -4.57492769e-01 1.25631618e+00 1.39568114e+00
    3.20164680e-01 7.94317126e-01 1.11803389e+00 4.17519689e-01
    1.27490664e+00 1.33630705e+00 1.13047028e+00 -5.06861567e-01
    1.37563944e-01 -1.95283890e-02 5.97322702e-01 -4.08840030e-01
    1.31798291e+00 2.95708269e-01 8.72819185e-01 1.21376204e+00
    9.85384285e-02 -3.32662940e-01 9.43352878e-01 2.85511166e-01
    1.94358736e-01 -3.26867580e-01 5.30374050e-02 4.25946772e-01
    -4.04940158e-01 6.74300075e-01 -2.49700308e-01 -1.25465989e-02
    6.15227282e-01 8.04206014e-01 9.37762976e-01 5.05342960e-01
    -8.88188481e-02 1.32605791e+00 9.10287499e-01 1.45836741e-01
    -3.89393479e-01 3.96199286e-01 -3.79238367e-01 1.31275570e+00
    3.18378240e-01 1.30784798e+00 -7.44321048e-02 -1.90524995e-01
    -1.68945193e-02 7.95304298e-01 -9.92585421e-02 5.48929751e-01
    -4.53198463e-01 1.67513490e-01 8.65866721e-01 -9.36672390e-02
    5.95062971e-03 -1.29580408e-01 1.45771205e+00 4.35403168e-01
    -1.32874250e-02 8.05955529e-02 5.71388006e-03 9.41133618e-01
    2.58479714e-01 -4.42365170e-01 8.72804165e-01 -3.05418313e-01
    1.37790704e+00 1.56767994e-01 7.77453423e-01 7.59279609e-01
    1.38638186e+00 6.74336076e-01 1.25379062e+00 -2.38288119e-01
    -2.74281800e-02 1.00813878e+00 1.13553381e+00 6.96669757e-01
    5.25402427e-01 -4.67447639e-02 2.66970068e-01 5.74215174e-01
    4.48864520e-01 1.19509053e+00 1.11218834e+00 -2.11189389e-01
    8.16059113e-01 1.02506208e+00 7.20831871e-01 8.40952694e-01
    9.78727520e-01 1.44034207e+00 3.48825693e-01 8.65938306e-01
    6.08637214e-01 8.46829176e-01 1.00931549e+00 1.44105995e+00
    4.53170836e-01 7.38114834e-01 1.30634105e+00 1.24617481e+00
    -1.85568154e-01 -3.10269088e-01 3.41607064e-01 -2.84966528e-01
    -2.50690341e-01 -1.38345361e-03 4.34525967e-01 -4.16656792e-01
    1.81410700e-01 -3.10111433e-01 4.65921760e-02 1.51099265e-02
    -3.43412340e-01 7.40857422e-02 1.21608138e+00 8.56701255e-01
    -2.31000021e-01 1.41659582e+00 1.30401444e+00 6.07052207e-01
    -1.24286860e-01 1.16168535e+00 9.32201743e-01 1.28304815e+00
    -2.18412012e-01 1.27945006e+00 6.13011420e-02 -2.66431600e-01
    5.03861904e-01 1.48347938e+00 7.67414629e-01 3.19724470e-01
    -4.19699669e-01 9.53951716e-01 8.32538068e-01 4.16471958e-02
    2.55712450e-01 -1.77821696e-01 1.27970529e+00 7.24950135e-01
    6.50857270e-01 1.48942828e+00 1.00413895e+00 -3.69442284e-01
    3.18243504e-01 -4.01140481e-01 -3.90209854e-02 -5.06927073e-02
    -4.36048001e-01 3.96403074e-02 6.22437119e-01 -5.54091930e-02
    1.23147130e+00 7.20035076e-01 -4.71826851e-01 7.25528002e-02
    1.36345005e+00 4.51035559e-01 1.26203012e+00 -2.90934414e-01
    1.69665694e-01 1.45138502e+00 7.19043016e-01 5.18945396e-01
    2.73799181e-01 4.96894717e-01 -4.71634686e-01 2.78179377e-01
    8.22973728e-01 -4.16617006e-01 1.36286211e+00 -5.96939325e-02
    -1.37808412e-01 4.70826030e-03 -4.05413628e-01 2.69448489e-01
    1.44082928e+00 1.36110628e+00 -4.67222363e-01 -2.21471667e-01
    1.08741903e+00 5.11127174e-01 5.28312325e-02 7.20849693e-01
    -3.16064298e-01 -3.80501777e-01 -3.14878404e-01 2.59447485e-01
    9.69327807e-01 9.28260088e-01 1.29812992e+00 2.61990130e-02
    4.59133804e-01 3.20190370e-01 7.36141324e-01 5.52566230e-01
    -1.81553930e-01 -7.62832165e-03 8.85108709e-01 1.38512343e-01
    7.34177470e-01 1.12812555e+00 1.05758834e+00 -2.49176204e-01
    4.68865275e-01 -1.22054398e-01 -3.00008923e-01 9.33946192e-01
    1.28187180e+00 4.33086932e-01 1.15730286e-01 5.33993065e-01
    4.26037461e-01 3.09967369e-01 -2.56888866e-02 3.01818907e-01
    1.34576774e+00 1.07881927e+00 5.27245343e-01 5.13286233e-01
    1.30797923e-01 -4.76508081e-01 9.45950747e-02 -8.05616677e-02
    1.24791479e+00 -5.23204267e-01 1.36770928e+00 5.69479942e-01
    6.82657957e-03 -3.73903036e-01 -2.71668613e-01 1.04599833e+00
    9.70716715e-01 1.34101093e-01 4.49273705e-01 -4.32629019e-01
    -3.52366805e-01 9.46198463e-01 9.32342172e-01 4.93330717e-01
    8.61605108e-01 -3.55854034e-02 6.68795347e-01 3.60877603e-01
    1.43284678e+00 -4.32265788e-01 2.61326760e-01 4.27318990e-01
    -4.51585144e-01 1.28823221e+00 4.76769030e-01 -9.93558764e-02
    6.30548477e-01 1.13282633e+00 1.15256310e-01 1.16631866e+00
    1.47597682e+00 -1.44377500e-01 -1.28473014e-01 -2.80402482e-01
    5.36377728e-01 1.49571633e+00 1.27958405e+00 1.49064612e+00
    7.90867031e-01 6.66451097e-01 1.13247216e+00 1.09653473e+00
    -4.10770655e-01 -4.76098359e-02 3.89889657e-01 -4.36670572e-01
    -2.20619142e-02 1.12318826e+00 1.25822663e+00 8.14769685e-01
    -1.87206447e-01 2.27301687e-01 8.94137740e-01 -1.31797969e-01
    9.99367774e-01 1.47340679e+00 1.40327489e+00 1.16892815e+00
    -4.28885430e-01 1.21111643e+00 1.19702923e+00 -1.55257344e-01
    1.08711410e+00 4.79315788e-01 1.39480281e+00 5.51704764e-01
    1.05630314e+00 -2.55331755e-01 1.47364438e+00 1.59521252e-01
    1.92550570e-01 5.74654698e-01 6.22936487e-02 -2.40276217e-01
    2.58337796e-01 1.41074586e+00 9.36413944e-01 4.34526205e-01
    8.30349982e-01 1.17498541e+00 1.15516722e-01 7.84270763e-01
    1.31391656e+00 -3.88449311e-01 -2.79603899e-01 3.85748863e-01
    7.99956501e-01 -2.76060939e-01 -1.94063276e-01 -3.75900984e-01
    5.87886155e-01 -2.37299770e-01 -5.42252660e-02 -3.14489603e-02
    3.77549231e-02 7.94158697e-01 1.99831605e-01 2.26750344e-01
    3.60350192e-01 1.82565182e-01 4.77277040e-02 1.96521044e-01
    2.49365240e-01 6.85477972e-01 1.17723751e+00 7.26333380e-01
    1.44419336e+00 1.21721959e+00 4.39665854e-01 1.03692734e+00
    6.57694936e-01 1.46317410e+00 -3.45598876e-01 1.42352343e+00
    1.22182226e+00 -5.21202385e-02 1.15842426e+00 6.91236854e-02
    1.39250541e+00 6.36230528e-01 6.41210914e-01 5.16972542e-01
    5.05677521e-01 -3.26627046e-01 2.98127085e-01 1.28887141e+00
    -1.07937872e-01 4.79428798e-01 8.81514907e-01 3.99553537e-01
    7.16815829e-01 2.12641418e-01 9.09283519e-01 -1.72813714e-01
    1.01136768e+00 -3.55057150e-01 1.29364574e+00 2.53338069e-01
    2.81598359e-01 4.68555957e-01 1.08587825e+00 -2.34688118e-01
    1.49941123e+00 6.71005368e-01 8.79096389e-02 1.20386910e+00
    1.28094757e+00 1.25637805e+00 8.96097481e-01 1.21431804e+00
    -2.47833759e-01 7.72091806e-01 1.35792935e+00 -1.30394131e-01
    -1.12619430e-01 1.02977723e-01 7.02341914e-01 1.24820590e+00
    1.49655855e+00 -1.20301276e-01 1.36328435e+00 8.50009084e-01
    7.67677188e-01 -1.01623386e-01 1.31301820e+00 -3.36868405e-01
    1.24480307e+00 -4.54393923e-02 8.64320993e-01 4.20990080e-01
    -2.37560481e-01 6.40662909e-02 -4.23549801e-01 1.37964278e-01
    6.53904915e-01 6.52380466e-01 1.22911596e+00 1.32557166e+00
    1.82851434e-01 2.57959187e-01 5.74092746e-01 1.59092069e-01
    1.30331779e+00 4.75440919e-01 1.00904846e+00 -4.37142134e-01
    -4.83463764e-01 -3.68338823e-01 6.82310164e-01 1.41614199e-01
    -3.99523497e-01 -5.37462533e-02 -1.02133244e-01 -3.10336649e-02
    7.28020847e-01 -3.45375717e-01 1.20859528e+00 1.43750429e+00
    7.13208914e-02 1.99841559e-01 -1.61484182e-02 1.67880237e-01
    -2.64397800e-01 5.85854650e-01 9.06376004e-01 -2.40748852e-01
    6.86690450e-01 3.09992045e-01 4.17783171e-01 1.33376575e+00
    -1.08264297e-01 2.66639531e-01 5.61109304e-01 -4.67881352e-01
    1.41717124e+00 5.56559563e-01 -2.06438601e-02 5.49388647e-01
    2.30273187e-01 7.41183162e-02 3.11119527e-01 -2.82172918e-01
    -1.45875126e-01 3.05856913e-01 1.26032126e+00 1.39805019e+00
    -3.34415853e-01 9.91460502e-01 -4.65936810e-01 1.34125936e+00
    -4.38520581e-01 -3.24852645e-01 9.37001467e-01 4.26385611e-01
    -7.40603805e-02 5.84443808e-01 -1.76564604e-01 -3.13159227e-02
    1.33138704e+00 4.47731614e-02 9.68965411e-01 -1.82818472e-02
    5.18534184e-01 -3.94340813e-01 8.01294446e-01 -4.34307635e-01
    -3.97296876e-01 1.90553486e-01 1.44292521e+00 -8.68330896e-02
    -9.41973329e-02 8.79034996e-01 1.31378317e+00 1.35078120e+00
    1.31726801e-01 -5.15776753e-01 6.80439949e-01 8.13977778e-01
    3.83963585e-02 9.92879212e-01 -2.14783609e-01 1.65556669e-01
    6.78877592e-01 -2.37549543e-02 -1.53322220e-02 7.13071227e-02
    -4.77631688e-01 -2.02736348e-01 1.42381692e+00 -1.63272202e-01
    9.27518964e-01 3.89074773e-01 1.23890030e+00 -7.00703263e-02
    3.34054708e-01 1.18343341e+00 -8.70311260e-03 -2.02771425e-01
    3.87207627e-01 5.14697671e-01 5.85430861e-02 -6.29816651e-02
    -3.89682859e-01 3.89014244e-01 9.69275415e-01 1.11225247e+00
    6.09811366e-01 6.61952376e-01 1.56555772e-01 1.35806715e+00
    -4.94282693e-01 9.29444253e-01 4.67711627e-01 1.41298842e+00
    8.73404562e-01 -4.68103617e-01 -9.73353386e-02 2.14946270e-03
    -2.62260586e-01 8.66574287e-01 5.94711542e-01 6.15838408e-01
    1.11924863e+00 1.32463062e+00 -1.89964533e-01 9.71738458e-01
    3.38176817e-01 1.28699946e+00 -1.08240932e-01 1.10663080e+00
    -2.71720111e-01 4.06689167e-01 1.34520280e+00 8.28916967e-01
    1.01295745e+00 4.01150256e-01 1.76941067e-01 -2.35944927e-01
    1.94236785e-01 -1.00808501e-01 4.71818715e-01 -1.46127939e-02
    1.44160211e+00 2.93814957e-01 -4.58218753e-01 3.03106725e-01
    -2.00775683e-01 5.91833472e-01 1.06089437e+00 4.26884741e-01
    -3.71011496e-01 7.72894204e-01 7.71188259e-01 3.48464251e-02
    -3.28889519e-01 1.32304502e+00 -5.01584649e-01 2.54497111e-01
    -2.36847609e-01 2.51350820e-01 1.28139853e-02 -3.91271472e-01
    -1.67618245e-01 1.86252475e-01 1.42401195e+00 5.73009312e-01
    -2.34110653e-02 2.51505554e-01 -1.66194141e-01 3.73342037e-01
    1.41777325e+00 1.18013668e+00 3.59163940e-01 7.84710288e-01
    -3.58388662e-01 -7.92370439e-02 2.97456503e-01 2.78933674e-01
    1.29203308e+00 6.47137225e-01 3.17255527e-01 9.10302401e-02
    9.48863208e-01 -1.76012516e-04 1.49009824e+00 1.26717567e+00
    1.00866508e+00 3.60680699e-01 -3.88249218e-01 8.49559069e-01
    6.69235170e-01 7.09298372e-01 8.02669823e-01 1.42666149e+00
    6.41103268e-01 -3.34910214e-01 1.29732585e+00 -1.52610272e-01
    7.36573458e-01 -4.53606129e-01 1.51075125e-02 -7.26391673e-02
    -3.45332563e-01 3.81069750e-01 9.74587262e-01 -2.91676760e-01
    1.56577766e-01 7.68103600e-02 -2.42485255e-01 3.91895115e-01
    -1.23580664e-01 1.33818638e+00 -4.00607467e-01 7.66539037e-01
    3.89618933e-01 6.23166561e-02 3.39358032e-01 2.93837100e-01
    1.83528274e-01 8.53979647e-01 1.31040883e+00 3.48125398e-01
    1.39316767e-01 -2.92830169e-01 1.02663386e+00 -3.79123092e-02
    2.29992598e-01 1.15352511e-01 7.16914415e-01 -2.30223179e-01
    3.73275280e-02 1.17100060e-01 3.46287429e-01 -1.83845967e-01
    2.35455483e-01 1.44919956e+00 1.16729498e+00 -4.67918038e-01
    -4.82490301e-01 1.38782632e+00 1.02039480e+00 2.63929963e-01
    9.91170704e-01 8.46605718e-01 9.61779356e-02 1.30068672e+00
    1.28335774e+00 7.56711781e-01 3.53657812e-01 1.40956163e+00
    1.46866608e+00 1.15647662e+00 9.60469246e-01 7.06746697e-01
    -4.81036305e-02 1.64245248e-01 2.42470980e-01 1.35508490e+00
    2.05909252e-01 8.75778794e-01 4.81550217e-01 4.71323550e-01
    1.03075743e-01 6.88112617e-01 7.57143319e-01 3.49727690e-01
    6.06333017e-01 -5.07297277e-01 9.03449953e-01 5.50889194e-01
    9.55455482e-01 3.02660227e-01 1.33814168e+00 1.14241910e+00
    3.06348443e-01 8.68818820e-01 -4.82600927e-03 7.91585326e-01
    1.11697423e+00 7.32069194e-01 4.89797354e-01 4.63708073e-01
    6.87277913e-02 6.98428869e-01 1.77199394e-01 2.63619602e-01
    1.16890216e+00 1.76097691e-01 2.73488700e-01 3.46471965e-01
    1.25274992e+00 9.56281006e-01 8.67222607e-01 -7.94964135e-02
    1.12366796e-01 6.02712274e-01 4.44791347e-01 4.69259143e-01
    3.13321918e-01 -4.58200991e-01 5.43247342e-01 9.35315251e-01
    9.64804769e-01 8.60977352e-01 5.47755897e-01 1.26336884e+00
    -2.99234986e-02 1.48739624e+00 6.33168578e-01 7.56069541e-01
    5.01976967e-01 4.75767970e-01 3.43674332e-01 1.50598693e+00
    -6.00956678e-02 -3.81946564e-04 -4.89490330e-01 -2.20281601e-01
    4.84738141e-01 -1.00113422e-01 2.67667234e-01 4.28746462e-01
    8.21801186e-01 6.01571739e-01 1.10461318e+00 9.90088582e-01
    -5.08657992e-01 7.58285224e-01 1.15992570e+00 1.64792717e-01
    8.96990538e-01 4.67778385e-01 9.50044155e-01 1.91867352e-04
    1.33551741e+00 1.22439539e+00 1.18458509e+00 2.90876389e-01
    9.68949556e-01 1.12523139e-01 1.73129082e-01 1.51844800e-01
    1.03220618e+00 2.13157535e-02 6.04873478e-01 1.47058654e+00
    9.28044319e-04 7.00931072e-01 -3.86077762e-01 -1.98084712e-01
    -3.22752506e-01 5.20258844e-01 1.22629440e+00 -4.95595485e-01
    -2.86571681e-01 1.49439931e-01 2.81581819e-01 5.50589740e-01
    -1.10664606e-01 1.38342428e+00 4.93028164e-02 6.23566270e-01
    9.66408551e-01 1.30344462e+00 5.34826517e-03 1.17600369e+00
    3.85401487e-01 5.64354718e-01 -4.20183450e-01 -3.19526076e-01
    6.28656328e-01 1.39878881e+00 1.48694253e+00 -2.23099291e-01
    1.48277318e+00 -1.67040586e-01 9.69545007e-01 -2.71733642e-01
    8.21921825e-01 -3.70690465e-01 4.72191423e-01 2.86753178e-01
    1.06663680e+00 1.00028372e+00 -9.94063020e-02 1.79720163e-01
    -2.10995823e-01 1.61630452e-01 1.19880104e+00 -6.72799051e-02
    -2.72082865e-01 1.12766123e+00 9.50536132e-01 1.22866511e+00
    6.78306580e-01 1.01753771e+00 -3.43954206e-01 -2.98632741e-01
    1.12722814e-01 1.49772310e+00 1.18699133e+00 -2.52113223e-01
    3.50075364e-02 1.05546725e+00 3.57021630e-01 3.21406156e-01
    -3.99215162e-01 9.58601892e-01 1.34445453e+00 4.88305807e-01
    2.63970315e-01 8.57513249e-01 -1.53800815e-01 5.09601474e-01
    3.77915382e-01 6.32871211e-01 9.52567279e-01 4.49831486e-01
    9.62813139e-01 3.29039872e-01 1.43838227e-01 1.31463873e+00
    1.25323415e-01 -1.33571297e-01 8.96905482e-01 1.24654555e+00
    1.26506388e-01 5.73437810e-02 -2.86796957e-01 5.89686334e-01
    3.16050947e-01 5.35243750e-02 1.37986147e+00 4.78132665e-02
    -2.86735117e-01 2.53602505e-01 6.73172474e-02 8.81347597e-01
    6.08447611e-01 -3.51508737e-01 7.28166699e-01 9.12513554e-01
    7.39875555e-01 4.69315648e-01 1.05365801e+00 -3.41207027e-01
    1.16621935e+00 4.47943211e-01 1.01058841e+00 -1.90523952e-01
    -1.63490802e-01 7.90012479e-01 1.92135334e-01 -4.83967483e-01
    8.58175397e-01 1.33811998e+00 8.26841474e-01 7.04537153e-01
    8.04623961e-01 1.44211125e+00 -3.22922289e-01 9.79840219e-01
    -1.65181667e-01 9.73372459e-02 1.73701227e-01 -3.69877219e-02
    1.34239209e+00 1.33748198e+00 1.40078998e+00 -4.38048393e-01
    1.32207787e+00 -3.65195662e-01 4.16664928e-01 1.42452693e+00
    -2.59666204e-01 1.27141976e+00 7.65936732e-01 8.53193045e-01
    6.04062796e-01 -2.86120355e-01 -3.14021826e-01 6.32931948e-01
    -3.93594205e-01 3.40761513e-01 -4.77070332e-01 4.95620817e-01
    6.85743690e-01 -3.06390107e-01 7.05408216e-01 1.05089808e+00
    1.44824743e+00 9.82862949e-01 -7.80019164e-02 2.30882049e-01
    5.13827920e-01 7.46250510e-01 3.94768655e-01 1.14489555e+00
    -1.89794123e-01 5.82174897e-01 -2.71453530e-01 1.26500809e+00
    9.03295755e-01 6.75977468e-01 1.01460457e+00 2.79432803e-01
    9.04518068e-02 7.83341169e-01 2.72808313e-01 6.15507960e-01
    5.44034660e-01 9.06416476e-02 -3.71029645e-01 3.27596486e-01
    3.70042026e-02 -9.28596854e-02 8.82048190e-01 1.32111621e+00
    -4.53009367e-01 1.39151394e-01 -1.92103803e-01 1.27638030e+00
    6.87526882e-01 -1.35704786e-01 4.60763097e-01 7.02433705e-01
    1.12223196e+00 3.78692091e-01 1.46218562e+00 -4.27028507e-01
    6.01291537e-01 -1.35648251e-03 4.99241710e-01 7.62608647e-01
    4.33194697e-01 9.57663715e-01 1.02495110e+00 1.47689438e+00
    -2.74716556e-01 1.30639923e+00 -2.06931621e-01 1.45900345e+00
    1.34490937e-01 1.08671641e+00 1.44473922e+00 -4.94564861e-01
    -3.17307234e-01 8.57374072e-01 5.06797791e-01 7.33485758e-01
    -2.54427969e-01 5.81573248e-02 3.55350971e-02 5.91255069e-01
    7.82100558e-02 -1.62647218e-01 1.38301170e+00 9.73337531e-01
    -2.54704773e-01 6.72706127e-01 6.93806887e-01 -3.53627115e-01
    -2.53446281e-01 8.08360696e-01 1.38063133e+00 4.18751538e-02
    3.55874598e-01 6.51095808e-01 1.46230221e+00 -2.57014036e-02
    8.33385944e-01 9.21191037e-01 1.29132318e+00 1.20764077e-01
    1.11382902e+00 3.11451554e-01 7.80768156e-01 6.22884929e-01
    5.96282899e-01 -4.13872242e-01 1.06742668e+00 2.73433328e-02
    -4.70782578e-01 1.47117043e+00 1.09038985e+00 1.14867115e+00
    -4.61536974e-01 8.81562829e-01 1.17762685e+00 5.82869947e-01
    7.73060441e-01 1.03331780e+00 1.39249694e+00 4.70594287e-01
    8.60038877e-01 6.74146891e-01 2.96239853e-02 -2.05669940e-01
    -4.03214931e-01 1.26947737e+00 7.88614750e-02 1.47516954e+00
    3.25003624e-01 4.46793109e-01 9.21006322e-01 -4.20024693e-02
    1.03277826e+00 -4.24344897e-01 -3.20615143e-01 3.88508379e-01
    1.28559136e+00 7.16907263e-01 1.41522717e+00 1.33164811e+00
    -3.71211648e-01 -1.23344302e-01 2.74019927e-01 1.31729734e+00
    7.06565380e-03 1.44048738e+00 -2.97781348e-01 -1.24170333e-01
    2.95906723e-01 -1.71783775e-01 -4.15111244e-01 -3.07011366e-01
    -4.30499017e-01 -2.97427952e-01 2.20277905e-02 1.26230359e+00
    7.94036627e-01 -1.85254693e-01 4.47197527e-01 -5.88231981e-02
    5.19101501e-01 -2.04008609e-01 -1.51217937e-01 1.07570362e+00
    8.72642517e-01 9.77503717e-01 3.92803818e-01 3.18042159e-01
    1.32808590e+00 3.16091061e-01 -9.03404057e-02 6.50264204e-01
    1.44071066e+00 3.54920834e-01 1.16292620e+00 -2.59716332e-01
    1.07330883e+00 2.29582220e-01 1.10622835e+00 -3.33807111e-01
    -2.57486999e-02 1.34382653e+00 1.14315152e+00 5.93292356e-01
    -2.90837348e-01 3.25246036e-01 1.26274049e+00 -3.55371892e-01
    1.25777745e+00 1.08782983e+00 -1.57892793e-01 1.36068439e+00
    1.10330129e+00 2.09191740e-01 8.09206367e-02 -3.49603295e-01
    9.36699152e-01 2.88325429e-01 8.47104311e-01 -4.44305122e-01
    1.40928078e+00 9.13625956e-03 9.87113178e-01 6.64739847e-01
    -3.12832713e-01 2.59643674e-01 4.16882277e-01 1.24568343e+00
    8.58037710e-01 5.02731442e-01 9.19791937e-01 -9.07043219e-02
    -1.04018807e-01 -3.10003340e-01 -2.15748668e-01 1.41306251e-01
    1.31344318e+00 1.01444077e+00 -1.31824613e-02 1.14725411e+00
    3.09655428e-01 1.12728906e+00 1.19284654e+00 3.33983600e-01
    1.16032267e+00 1.16837716e+00 1.72012329e-01 -1.87575459e-01
    1.30821073e+00 1.22006011e+00 1.24349165e+00 9.72377658e-01
    1.25121593e+00 6.69728339e-01 -3.55131060e-01 5.77090740e-01
    -4.68281120e-01 4.33317363e-01 -1.33577794e-01 3.53669882e-01
    1.42993069e+00 9.19825613e-01 9.65990901e-01 1.24405050e+00
    3.93990874e-01 3.27826500e-01 1.37763381e+00 7.09849596e-02
    9.06355679e-01 2.52453089e-02 -2.93206990e-01 1.40614188e+00
    1.09006619e+00 2.39287227e-01 9.69858050e-01 -1.27388835e-01
    -2.12558597e-01 1.48243618e+00 -1.33997619e-01 2.05207020e-01
    1.45612240e-01 3.65531147e-02 3.57510477e-01 1.96949929e-01
    1.03698879e-01 5.78287005e-01 -2.84538060e-01 7.78630733e-01
    -8.98520648e-02 -2.80533969e-01 1.01950741e+00 1.46385550e-01
    1.27714515e-01 -3.47454160e-01 1.76954985e-01 2.17112124e-01
    1.01507306e-01 1.17119181e+00 7.28420615e-01 1.40095925e+00
    5.37548244e-01 1.85742736e-01 9.20364738e-01 4.29238677e-02
    2.95579910e-01 1.74638599e-01 1.06602478e+00 6.15157783e-01
    -4.23497975e-01 3.83423865e-01 1.03279448e+00 7.30718136e-01
    -4.49104637e-01 1.20739448e+00 -4.03862029e-01 -2.29850292e-01
    9.29629326e-01 -4.40031409e-01 -2.36516625e-01 -3.93837303e-01
    5.59545875e-01 -1.98175669e-01 4.57156062e-01 1.44007206e+00
    5.05819976e-01 1.34913003e+00 1.17525995e+00 3.19649220e-01
    4.98192251e-01 5.57155252e-01 6.61264241e-01 5.02140999e-01
    6.39260411e-01 8.47470939e-01 4.58670735e-01 -4.78779703e-01
    -3.04878056e-02 5.95608890e-01 1.26441598e+00 5.67042947e-01
    5.86092234e-01 1.01436782e+00 4.93355989e-02 1.19392705e+00
    7.29035735e-01 6.35077775e-01 4.09392953e-01 -1.66774422e-01
    1.93685293e-04 1.02366716e-01 2.89504588e-01 9.19274390e-02
    1.33206701e+00 1.41475749e+00 1.25450563e+00 1.14839160e+00
    1.43239093e+00 9.80770946e-01 -3.60427171e-01 1.44419849e-01
    -3.28242600e-01 8.42219889e-02 4.07910317e-01 3.15530121e-01
    1.98443055e-01 8.36445630e-01 1.24759936e+00 -8.76298547e-02
    6.81560338e-01 4.32594001e-01 3.98631930e-01 2.74991274e-01
    3.18947971e-01 9.35473323e-01 2.80523956e-01 1.37260467e-01
    1.38605106e+00 7.09648728e-02 1.76902056e-01 1.17831886e+00
    3.44821274e-01 9.91542399e-01 8.89490902e-01 8.66806686e-01
    1.15040541e-02 1.39885640e+00 -4.97276127e-01 -3.36063504e-01
    7.14653373e-01 1.32158399e+00 4.03676689e-01 -4.86606598e-01
    -1.98106498e-01 4.20231104e-01 1.67296886e-01 4.08938468e-01
    -9.59575176e-04 9.69212949e-01 6.67820811e-01 -3.67839396e-01
    8.14378321e-01 5.22709727e-01 9.97291148e-01 -1.96730286e-01
    4.28503394e-01 1.38237488e+00 1.19401062e+00 -1.12507939e-02
    -3.56801987e-01 8.95555258e-01 7.56676376e-01 1.14798486e+00
    3.05520058e-01 -3.06519389e-01 1.00963438e+00 1.01869524e+00
    -4.84261572e-01 -4.89784509e-01 5.85828543e-01 1.32145870e+00
    1.30799043e+00 3.55143309e-01 7.80718446e-01 5.87669015e-01
    -3.40806484e-01 1.46060205e+00 -3.56171221e-01 3.56316328e-01
    2.34463811e-02 9.20507312e-01 -3.07335973e-01 6.83626890e-01
    8.80615413e-01 7.96822429e-01 1.20053709e-01 2.82768875e-01
    1.19452929e+00 4.13984329e-01 7.70229101e-03 9.83107507e-01
    -3.61266136e-01 4.16695595e-01 1.34011722e+00 7.54778981e-01
    1.07747555e+00 3.72038603e-01 1.18828386e-01 1.45300484e+00
    1.07499695e+00 1.91774637e-01 1.82280421e-01 1.69626981e-01
    8.19946766e-01 1.64132088e-01 -3.89858186e-01 1.20298779e+00
    -4.41515386e-01 1.19450951e+00 2.83913881e-01 7.17573762e-02
    -2.96180427e-01 5.58616638e-01 -5.14702201e-02 -2.59718895e-01
    -2.94064224e-01 4.86810446e-01 -1.65820599e-01 1.44119227e+00
    4.15544927e-01 1.12171578e+00 1.26846766e+00 1.27687430e+00
    3.24157357e-01 3.89134467e-01 1.33185756e+00 -5.07440269e-02
    1.31287551e+00 -4.58549321e-01 1.26915693e+00 3.92622769e-01
    -4.86114442e-01 1.34578764e+00 3.24377656e-01 5.45294166e-01
    -3.60289097e-01 1.20259845e+00 8.57020140e-01 5.17645597e-01
    6.32812858e-01 1.27084208e+00 5.06437659e-01 -2.43226349e-01
    1.33940315e+00 -3.31499279e-01 1.03152585e+00 1.41845345e+00
    -4.84890014e-01 1.18801761e+00 1.46706128e+00 1.96579099e-02
    4.27045226e-02 -2.54601240e-01 7.40460992e-01 1.18661511e+00
    9.95886326e-03 5.40114582e-01 -4.83688235e-01 1.35811782e+00
    3.01924765e-01 1.24380875e+00 5.98418117e-01 1.27755368e+00
    1.38410354e+00 1.97727799e-01 7.05691695e-01 -1.31050825e-01
    3.29035938e-01 9.59069431e-01 6.57503963e-01 -3.69916439e-01
    1.02980685e+00 1.28101873e+00 4.10489440e-01 9.48824108e-01
    9.31998312e-01 2.27839172e-01 2.38531649e-01 6.39361262e-01
    1.22707152e+00 1.28762865e+00 1.30806565e+00 1.13313246e+00
    -9.56456065e-02 4.02406633e-01 1.22835004e+00 -4.15433615e-01
    -2.66997457e-01 5.26122212e-01 -2.09684432e-01 5.26310205e-01
    -3.79461497e-01 1.25357938e+00 1.87141389e-01 1.39607811e+00
    1.44418073e+00 -4.82905686e-01 7.54134417e-01 3.48852575e-01
    1.25927448e+00 -4.51155990e-01 1.35643780e+00 5.24801552e-01
    1.06892705e+00 5.16681135e-01 1.20475507e+00 5.28685272e-01
    1.36593342e+00 -7.65261054e-02 -1.31947994e-01 1.07895911e-01
    1.03520083e+00 9.70400214e-01 3.62113357e-01 9.74295437e-02
    1.48756278e+00 3.37276936e-01 -3.74405056e-01 1.21832538e+00
    2.55317897e-01 -3.10139656e-02 9.60670710e-01 1.05835474e+00
    1.30124819e+00 1.46855640e+00 -3.26177895e-01 -4.17003155e-01
    -3.89153093e-01 8.33779097e-01 -6.70943260e-02 -4.30979967e-01
    1.00171375e+00 1.19394279e+00 7.46195912e-01 -3.41477334e-01
    -4.80323344e-01 8.69155765e-01 6.30898237e-01 -3.76830995e-02
    6.88581467e-02 -1.89624518e-01 1.08696866e+00 1.09519398e+00
    -4.91790265e-01 -3.06634903e-02 -2.76312113e-01 -3.32501858e-01
    -3.03776622e-01 1.31255162e+00 3.87131065e-01 1.06739068e+00
    6.17541790e-01 4.19734150e-01 1.19494462e+00 -1.98124945e-01
    1.08867562e+00 -2.10893154e-01 1.02595425e+00 1.24999833e+00
    -8.52201283e-02 7.97265649e-01 8.79965186e-01 9.40617681e-01
    -3.57980847e-01 7.03861415e-01 1.37472957e-01 9.09653127e-01
    -3.17182660e-01 1.49367929e+00 4.10560906e-01 -6.15794063e-02
    -2.00577587e-01 9.34464157e-01 1.41080165e+00 4.12995756e-01
    2.09173828e-01 -2.19109833e-01 -4.65112686e-01 -2.33512878e-01
    6.43169582e-01 9.93619144e-01 5.08090138e-01 4.90284771e-01
    8.09767306e-01 -1.02567524e-01 4.50414896e-01 5.23170412e-01
    7.04615414e-01 -3.78968805e-01 8.13590527e-01 7.40048766e-01
    3.48450065e-01 1.14547038e+00 -3.01149905e-01 -3.96069139e-01
    -1.49857670e-01 5.40673018e-01 1.09648454e+00 5.55549681e-01
    1.96968675e-01 8.94783318e-01 5.10468483e-01 -6.95888996e-02
    -3.67401302e-01 1.23532057e+00 6.95993841e-01 6.89081311e-01
    9.31553662e-01 1.36496246e-01 2.56431222e-01 7.19822645e-02
    -3.14827025e-01 1.29128957e+00 1.44751477e+00 8.38939667e-01
    3.01338673e-01 1.12165165e+00 1.23321235e-01 -7.90052712e-02
    5.02397060e-01 1.07578516e+00 1.11122644e+00 1.06182778e+00
    -9.95969474e-02 -3.40599447e-01 1.29521191e+00 1.28814220e+00
    1.25000393e+00 6.13751948e-01 1.36632907e+00 1.25817239e-01
    1.27428830e+00 -4.89585251e-01 1.09869003e+00 -7.93205202e-02
    6.79144263e-01 6.54808879e-01 1.46131778e+00 -3.65446955e-01
    1.01151919e+00 1.03042662e+00 -4.93110180e-01 1.32976389e+00
    1.38718057e+00 6.16699278e-01 1.38101578e+00 -4.38954860e-01
    -1.48365200e-02 3.20785046e-02 7.03979254e-01 1.02944589e+00
    1.22142625e+00 4.62400496e-01 8.25332820e-01 -8.49119425e-02
    -8.44893157e-02 1.15239716e+00 1.49278855e+00 4.87650216e-01
    2.48410314e-01 -2.52587497e-01 3.53197336e-01 6.76000357e-01
    -3.15057844e-01 8.14849079e-01 -1.76886559e-01 7.01570153e-01
    2.53284663e-01 -4.16594416e-01 -2.45220169e-01 5.65626860e-01
    5.53648710e-01 4.04516160e-01 8.11293423e-02 -1.44587457e-02
    5.18842220e-01 4.48144823e-01 1.35327816e+00 8.20226848e-01
    1.91857874e-01 2.70273089e-01 3.52859199e-01 -2.27127850e-01
    4.31727290e-01 1.31122947e+00 5.16269326e-01 8.56263161e-01
    1.00708628e+00 5.76847792e-03 1.24348712e+00 5.83883047e-01
    5.26776254e-01 1.35156631e+00 1.78468674e-01 -4.16563123e-01
    1.80951595e-01 7.97600508e-01 -3.13958049e-01 4.15880084e-01
    1.09414011e-01 -3.20165217e-01 1.37987614e+00 1.43534362e-01
    -1.31028473e-01 1.39224911e+00 4.46426690e-01 -3.93613696e-01
    5.63381255e-01 -4.72960532e-01 3.79832089e-01 9.61014211e-01
    3.22140396e-01 1.22729254e+00 -7.94830620e-02 -4.85811293e-01
    9.60597992e-02 7.99387991e-01 6.76129639e-01 5.85361123e-01
    5.73522270e-01 -4.90935922e-01 2.15120792e-01 6.88779414e-01
    2.33128309e-01 -4.55135584e-01 -2.66238511e-01 1.45447886e+00
    1.58669055e-01 1.86222494e-01 7.85316586e-01 1.21685088e-01
    5.04131973e-01 -4.64057058e-01 1.37200689e+00 -4.14179057e-01
    -7.86132216e-02 8.86262178e-01 5.46006799e-01 5.58080614e-01
    -9.83228981e-02 -2.79773474e-01 -3.00450653e-01 6.45699382e-01
    4.90850210e-02 -1.61836565e-01 6.50098205e-01 3.25041413e-02
    5.56605935e-01 -4.80051488e-01 1.23812139e-01 -4.78512466e-01
    5.35616636e-01 -1.89484358e-01 2.08667219e-01 1.17220950e+00
    -2.42894918e-01 4.67206717e-01 8.59827697e-01 1.05114174e+00
    1.10178864e+00 -3.90877694e-01 -4.48293149e-01 8.10303688e-02
    1.98853016e-02 -5.38477302e-02 1.09418201e+00 -2.50244737e-01
    1.28853345e+00 3.53953749e-01 2.16730297e-01 9.90282416e-01
    2.99439043e-01 -1.68026090e-01 1.32960260e-01 9.66715217e-02
    5.31759501e-01 9.78436172e-02 1.29618371e+00 2.65041888e-01
    4.89007026e-01 1.50399029e+00 4.11357790e-01 8.80523741e-01
    2.71348506e-01 4.84930426e-01 6.49524212e-01 1.43973398e+00
    1.23940992e+00 2.35748678e-01 3.43745053e-01 -1.94005162e-01
    1.33125901e+00 9.71672475e-01 1.43468201e+00 -2.03391075e-01
    -3.00728589e-01 9.37723875e-01 9.14422154e-01 -2.19896138e-02
    -8.58944952e-02 1.44546127e+00 1.44423485e+00 7.65491843e-01
    1.93098575e-01 8.37094188e-02 1.10016656e+00 7.71016300e-01
    -3.21268678e-01 4.04724985e-01 6.79839373e-01 -8.83347690e-02
    4.05386984e-01 3.52587640e-01 1.44421124e+00 6.30364537e-01
    4.44054037e-01 -3.24658334e-01 4.18365628e-01 5.01152277e-02
    1.40592742e+00 -4.68984246e-03 1.31981301e+00 4.61823642e-01
    1.42448038e-01 -1.05060756e-01 1.12240922e+00 7.05628991e-01
    9.76990104e-01 1.32009220e+00 -1.47982836e-01 9.97644186e-01
    9.62905169e-01 -1.42990738e-01 9.90876913e-01 1.47014987e+00
    6.40008271e-01 -1.95640326e-03 1.32340145e+00 1.36576200e+00
    1.32254052e+00 6.88458264e-01 4.01659489e-01 7.61430502e-01
    3.53874326e-01 4.83287513e-01 -1.96876854e-01 9.02613997e-01
    1.52785927e-01 9.98588443e-01 -2.34111935e-01 1.12822044e+00
    9.96252298e-01 1.09603214e+00 2.05744803e-01 -4.04680371e-02
    2.74423897e-01 3.45383942e-01 1.04578412e+00 1.18996394e+00
    9.53070760e-01 6.95733845e-01 4.03160870e-01 1.46122277e-01
    5.70604563e-01 7.10224509e-01 1.15962577e+00 1.50017643e+00
    9.88831282e-01 9.23145235e-01 1.22231960e+00 4.50864255e-01
    1.55410886e-01 1.20476913e+00 3.42963696e-01 7.51451850e-01
    1.38455677e+00 1.45326185e+00 7.65090048e-01 5.20557642e-01
    -2.62103200e-01 1.07856297e+00 4.88646328e-02 1.40213728e+00
    3.96744967e-01 7.95878232e-01 5.61044335e-01 4.59559381e-01
    2.93191671e-01 6.08245373e-01 -9.98206437e-02 1.45949960e+00
    1.22590530e+00 1.27732158e-01 8.51161003e-01 2.47057378e-01
    1.42389560e+00 6.03954196e-01 -2.32245922e-02 -2.16539383e-01
    7.85555899e-01 2.21987247e-01 -1.90595001e-01 1.21405482e+00
    -4.51384693e-01 -2.83308268e-01 1.55074894e-01 6.21613026e-01
    1.46314228e+00 9.41233158e-01 1.00202584e+00 1.48120093e+00
    9.71830130e-01 8.73575687e-01 -2.30894744e-01 -3.63390297e-01
    1.45735359e+00 3.91331077e-01 -4.57359552e-01 -4.70893770e-01
    6.66036546e-01 -4.68538016e-01 4.95557219e-01 1.04004467e+00
    9.27246213e-01 -2.22222000e-01 1.32330728e+00 1.24871850e+00
    -1.89743519e-01 1.40820622e+00 -4.43443298e-01 6.96518421e-01
    7.72720575e-01 -3.72028708e-01 1.46632767e+00 2.95199871e-01
    2.12113917e-01 4.89041746e-01 1.36147785e+00 6.69717669e-01
    1.33528137e+00 5.44530690e-01 1.21912622e+00 1.28718972e+00
    5.84645331e-01 4.57017481e-01 7.85568535e-01 1.21070457e+00
    1.23957705e+00 1.31764269e+00 2.41021186e-01 7.53778040e-01
    -2.14586318e-01 -4.57596779e-03 5.00324607e-01 1.19371080e+00
    9.37036216e-01 2.12610900e-01 2.74510503e-01 -4.70894277e-01
    -3.04841399e-02 8.75842571e-03 1.16527033e+00 9.61973071e-02
    1.06685281e+00 4.11974072e-01 1.22874212e+00 -8.31383467e-03
    7.41780877e-01 8.82877290e-01 -4.51231360e-01 7.46520221e-01
    -2.18047142e-01 -4.14314806e-01 1.19623590e+00 1.37190986e+00
    3.69779050e-01 1.14925444e+00 6.15978241e-03 8.30557346e-01
    1.20673609e+00 2.94856131e-01 6.89043343e-01 -4.79266137e-01
    2.73437619e-01 2.93326735e-01 7.98922777e-01 -1.02989882e-01
    8.59976649e-01 1.11357856e+00 6.69545949e-01 -3.43971848e-01
    3.24295759e-02 6.88664794e-01 1.15248466e+00 8.83085668e-01
    5.17997146e-03 2.49623388e-01 1.37658429e+00 8.09594870e-01
    9.32796240e-01 -1.80194378e-01 7.47031569e-02 4.82202381e-01
    1.21604991e+00 3.28901649e-01 2.77867734e-01 1.46395826e+00
    1.05177116e+00 1.21904999e-01 3.62340778e-01 1.10979009e+00
    1.08402026e+00 6.87564075e-01 1.47326601e+00 6.37045264e-01
    4.09722805e-01 4.31777060e-01 2.00581849e-01 1.39838278e-01
    4.38445747e-01 6.67961657e-01 3.54712248e-01 -2.54016548e-01
    1.08877850e+00 -4.72949952e-01 -1.17726862e-01 5.57510853e-01
    8.42951834e-02 2.08100230e-01 -6.50802255e-03 -7.11924136e-02
    -1.14947557e-03 4.86649573e-02 1.04269195e+00 2.50431359e-01
    1.08828056e+00 8.23867619e-02 -1.47460520e-01 2.26520747e-01
    -1.25236571e-01 -3.72712016e-01 1.40239179e+00 2.12995976e-01
    1.62418991e-01 4.43679452e-01 1.20011389e+00 -2.69216239e-01
    1.45397949e+00 6.30107284e-01 -1.48613483e-01 3.50216448e-01
    -3.23652923e-02 -1.89501643e-01 -3.69096994e-01 1.38736761e+00
    1.18872499e+00 -5.05575120e-01 1.59010708e-01 4.66268659e-02
    1.48321152e+00 9.99515057e-01 1.71943784e-01 -3.39879394e-01
    6.41169488e-01 3.17586720e-01 3.22719216e-01 -3.52399111e-01
    -1.35529399e-01 -7.21896887e-02 3.00655365e-02 1.07364893e+00
    -3.28679979e-02 -4.30153906e-01 5.29630065e-01 7.16680169e-01
    1.45397162e+00 -4.60320771e-01 -3.26523185e-02 -3.57542068e-01
    1.98905647e-01 7.86449373e-01 9.83463883e-01 3.10299516e-01
    7.57860422e-01 -4.65263247e-01 3.41274858e-01 -2.33916909e-01
    -2.50137687e-01 -3.65730524e-01 1.32966208e+00 8.63044441e-01
    -2.55790442e-01 1.23110855e+00 5.25051117e-01 2.84304321e-01
    -3.19231212e-01 1.50914431e-01 1.39616966e+00 -1.63303912e-02
    1.22976720e+00 1.71418607e-01 -2.23499894e-01 8.14970851e-01
    7.02343345e-01 1.15095794e+00 5.22317886e-02 -2.91911483e-01
    1.43932080e+00 -3.38428617e-01 2.18579322e-01 -3.65980446e-01
    1.06357062e+00 4.51197058e-01 -2.74898291e-01 2.25434780e-01
    4.02352452e-01 1.19411373e+00 -9.04637575e-03 9.42646265e-02
    1.08032846e+00 -3.81014526e-01 9.99311090e-01 4.75703716e-01
    6.54254675e-01 6.75515532e-01 6.70102537e-01 3.46812546e-01
    3.21546763e-01 2.20735401e-01 1.12123990e+00 9.59243476e-01
    -6.68787360e-02 3.31653625e-01 -3.99613887e-01 -3.83348197e-01
    1.50384450e+00 2.11754739e-02 4.12531346e-01 5.61801791e-01
    3.15893024e-01 7.03914106e-01 1.13212252e+00 2.72907197e-01
    1.18937445e+00 1.27588487e+00 1.19076574e+00 5.82655728e-01
    -4.31604683e-02 5.08112431e-01 1.09257615e+00 5.95465004e-01
    -1.71923637e-03 9.65077341e-01 1.10455871e+00 -1.59534127e-01
    4.48602200e-01 1.20580912e+00 6.06140852e-01 5.45875430e-02
    1.49515033e+00 -7.62221813e-02 -4.75423247e-01 9.04659331e-01
    4.61763620e-01 1.28700614e+00 1.19215405e+00 6.16524875e-01
    7.25265503e-01 8.68458748e-01 -2.33148307e-01 -1.37181342e-01
    4.59326029e-01 1.18183327e+00 1.14459157e+00 4.41374630e-01
    -1.11295104e-01 1.29798460e+00 6.76498175e-01 1.04202580e+00
    -3.42612088e-01 9.60225940e-01 6.82185173e-01 4.11179394e-01
    1.24493980e+00 6.75294399e-01 4.43032384e-02 -2.88066715e-01
    1.12739980e-01 6.67829514e-01 1.40881038e+00 -4.90681022e-01
    -4.87546921e-02 1.35718274e+00 5.38852870e-01 1.00911593e+00
    -2.68881649e-01 1.59636438e-01 1.04721999e+00 1.48762298e+00
    1.42492056e-01 3.87108922e-02 1.28225684e+00 8.92570257e-01
    5.58445275e-01 7.20069349e-01 -1.68352425e-02 1.31862032e+00
    1.48697877e+00 4.86100227e-01 6.29616261e-01 -3.80508900e-02
    -3.22556019e-01 1.55404925e-01 -3.54096115e-01 4.51371223e-01
    5.57820261e-01 8.95377576e-01 -3.33461046e-01 8.14630747e-01
    -2.95580626e-01 -8.94889832e-02 5.53249359e-01 2.44702160e-01
    7.53831267e-02 5.36448538e-01 -2.61569917e-02 1.39838457e-03
    9.78017390e-01 -3.30689609e-01 5.14131725e-01 1.23991191e+00
    1.28398073e+00 1.01974428e-01 -4.76210922e-01 -2.09213167e-01
    1.36140084e+00 2.45035768e-01 -2.90356278e-01 6.18839383e-01
    4.05345321e-01 7.95694649e-01 8.23243499e-01 1.12524152e-01
    5.79410732e-01 5.27822971e-01 5.29417694e-01 7.89354682e-01
    9.06874716e-01 1.00574398e+00 6.12081170e-01 5.69484532e-02
    -9.15968418e-03 7.63943493e-02 1.34557176e+00 1.16690838e+00
    -3.85832131e-01 1.93008780e-02 3.25879663e-01 8.46038461e-01
    6.20456696e-01 -4.53805566e-01 1.10433698e-01 1.19656324e+00
    1.09371781e+00 1.01694584e+00 4.58619058e-01 -2.35843688e-01
    4.18600380e-01 -3.77593875e-01 -9.46774483e-02 -4.69930172e-02
    1.31650865e-01 3.76609504e-01 -1.64715320e-01 1.39767909e+00
    1.31541586e+00 2.72106528e-02 -4.18927044e-01 1.08543324e+00
    9.40337360e-01 9.67855811e-01 -4.47933376e-02 -3.44665080e-01
    1.41607761e+00 1.16907942e+00 5.71212530e-01 1.02233958e+00
    8.83838654e-01 2.99856365e-01 -3.55983585e-01 1.01628649e+00
    1.05154502e+00 3.12008291e-01 2.61535943e-01 8.54872882e-01
    1.26241004e+00 -2.14918107e-01 1.27616167e+00 -3.19099963e-01
    1.31823170e+00 -3.97475332e-01 -4.56527233e-01 4.83440220e-01
    5.89613020e-01 1.46025926e-01 6.60093665e-01 1.03624630e+00
    3.14428329e-01 1.33207572e+00 6.83095157e-01 -3.06333959e-01
    -6.63751364e-03 -1.03959590e-01 7.48195350e-01 1.28082514e+00
    -2.23553538e-01 4.16132748e-01 1.36904359e+00 -3.99098992e-01
    9.48138118e-01 1.86924756e-01 -5.33851385e-02 9.12657380e-01
    1.43050313e+00 1.15224314e+00 9.75672007e-01 1.13011861e+00
    -3.61119628e-01 6.86313450e-01 1.44021332e+00 3.84770185e-01
    2.59498656e-01 2.05160975e-01 -2.65626699e-01 -4.91570234e-01
    1.10434389e+00 -3.02084208e-01 8.00818324e-01 4.54577208e-02
    -3.32151055e-01 1.16468334e+00 2.39806175e-01 1.14035296e+00
    6.26589537e-01 1.31737983e+00 -1.58283740e-01 8.12453926e-01
    9.37947154e-01 1.33033562e+00 1.31879914e+00 1.05047107e-01
    -3.49436522e-01 -4.11293477e-01 2.05498397e-01 1.81732774e-02
    8.31042528e-01 1.44017243e+00 1.41588807e+00 5.44513524e-01
    1.01761431e-01 -2.27986276e-01 1.28689671e+00 6.85756087e-01
    6.13351643e-01 1.47921276e+00 1.35165179e+00 3.60653996e-02
    1.49113703e+00 7.19746709e-01 3.16949546e-01 -1.81674868e-01
    5.23973107e-02 1.19878232e-01 5.16045153e-01 2.62255609e-01
    1.43170035e+00 8.27338099e-02 3.01196754e-01 -4.02059466e-01
    1.24297881e+00 1.15183342e+00 5.26594758e-01 9.33368981e-01
    -4.39847261e-01 -2.98652530e-01 9.79679823e-01 2.13679582e-01
    -7.58361220e-02 -5.10375798e-02 -2.66190767e-01 1.29280865e+00
    1.31443632e+00 3.13048720e-01 -1.17308676e-01 -4.80629236e-01
    1.79964900e-02 -3.52808595e-01 2.85033226e-01 1.29724109e+00
    6.60149693e-01 -1.46468580e-02 -4.10323977e-01 -5.01500309e-01
    9.87545073e-01 1.36839938e+00 9.15168226e-01 -3.74993563e-01
    7.99071789e-03 1.47888935e+00 -1.17057890e-01 -5.24723530e-03
    4.54117239e-01 1.16580606e+00 1.07891750e+00 1.40255713e+00
    5.16243994e-01 1.69308662e-01 1.36865091e+00 -1.60129815e-01
    3.95243526e-01 -1.94918513e-02 1.11501002e+00 -1.67292506e-01
    1.27208138e+00 5.96033633e-02 -3.85979623e-01 -4.01401311e-01
    1.71661377e-04 2.70628512e-01 1.42552018e+00 9.47934449e-01
    7.06627369e-01 2.10104644e-01 2.03290552e-01 1.27637243e+00
    6.58583641e-03 1.44567573e+00 -2.24865675e-02 3.20833325e-01
    6.81065440e-01 4.62576598e-01 -3.98325741e-01 5.81449032e-01
    2.70059586e-01 -2.21938789e-01 7.21885800e-01 -4.48819101e-01
    9.58118677e-01 -6.83769286e-02 1.23905492e+00 4.54601765e-01
    5.86703360e-01 2.43180990e-01 1.06727362e-01 1.20955110e+00
    1.14423227e+00 6.05748713e-01 1.43218827e+00 7.11997151e-01
    8.51822197e-01 2.18765438e-01 -4.24766302e-01 5.81893504e-01
    1.42600620e+00 5.94275475e-01 1.29905081e+00 -7.92755783e-02
    4.66204643e-01 1.32073820e+00 1.34087288e+00 9.55665410e-01
    -4.58304942e-01 1.03872848e+00 -4.94362980e-01 2.86975026e-01
    1.27674508e+00 7.66923070e-01 1.11379766e+00 -7.89059699e-02
    7.19833374e-01 2.28942513e-01 3.73600721e-01 -4.07177985e-01
    4.42734122e-01 1.13059497e+00 3.56566131e-01 1.15243232e+00
    1.02554798e+00 1.37169099e+00 6.15772128e-01 4.58117545e-01
    -1.82022005e-01 -4.91372496e-01 6.04340434e-01 -1.60616219e-01
    5.05700171e-01 -1.40222192e-01 2.65722275e-02 9.08979297e-01
    -4.22788829e-01 3.92245233e-01 1.01697588e+00 1.09261060e+00
    3.15537810e-01 1.20324326e+00 1.48139501e+00 1.25825930e+00
    -1.16887510e-01 7.86760032e-01 1.99713469e-01 -3.99952650e-01
    1.41913652e+00 6.25025153e-01 9.93816495e-01 6.68968856e-02
    6.56082273e-01 1.04415202e+00 1.16670310e+00 1.48091614e+00
    -4.69013423e-01 -2.02643961e-01 -1.07772321e-01 1.07967043e+00
    1.29425430e+00 1.45769501e+00 1.47926068e+00 1.38274205e+00
    9.23903942e-01 6.79976881e-01 8.03212404e-01 3.04780602e-02
    5.21706283e-01 8.87564301e-01 1.23621106e-01 4.10264671e-01
    1.10618687e+00 1.27305686e+00 8.24431658e-01 -3.45335484e-01
    1.38369989e+00 -3.61149669e-01 1.45001471e-01 4.63938236e-01
    1.19049573e+00 -3.26093376e-01 1.08381987e+00 1.37999094e+00
    7.42378831e-03 6.95751131e-01 1.03115112e-01 1.21512866e+00
    3.41921300e-01 2.43388265e-01 -3.00932795e-01 3.28602791e-02
    1.12815642e+00 -3.36056620e-01 1.27537322e+00 8.72002125e-01
    3.12903047e-01 -3.87436688e-01 8.61832440e-01 1.07311010e+00
    6.44077778e-01 8.99137855e-02 -3.26292634e-01 7.39885628e-01
    9.14009333e-01 1.42686665e-01 1.09670436e+00 -2.58706272e-01
    4.25487220e-01 3.01522017e-03 7.52318263e-01 2.02352047e-01
    9.23960626e-01 1.49583268e+00 7.65506685e-01 -2.28099793e-01
    7.33362913e-01 -1.33438617e-01 7.25647449e-01 9.79953408e-01
    1.83059305e-01 -1.81900740e-01 5.31580448e-02 6.30935550e-01
    1.67889446e-01 7.82910407e-01 1.19114268e+00 -3.32602680e-01
    1.41288340e-02 1.87560380e-01 -3.66132557e-02 -6.17871284e-02
    8.63223076e-02 2.53424227e-01 -1.20925754e-01 7.84000814e-01
    8.95624220e-01 -2.96610326e-01 1.19730163e+00 1.17771566e+00
    1.02154803e+00 9.80033636e-01 1.06533134e+00 5.86921394e-01
    5.01790702e-01 5.29422164e-01 1.61856413e-01 2.43854523e-02
    1.26147521e+00 6.01165950e-01 1.38257873e+00 -3.38302970e-01
    1.08855307e+00 -2.34026313e-01 9.77013826e-01 1.27231979e+00
    -3.15499306e-02 1.33115292e+00 1.31094694e+00 7.65945315e-02
    -2.20806599e-02 3.95176768e-01 1.03117037e+00 1.39433920e+00
    1.19517076e+00 7.88981616e-01 1.12256742e+00 1.03836811e+00
    -2.96557784e-01 1.36514604e+00 1.48547864e+00 -1.89281791e-01
    1.44407880e+00 3.59277099e-01 3.18148524e-01 -3.09949815e-01
    -4.55544531e-01 4.58777815e-01 -4.14751440e-01 6.63530707e-01
    2.60403901e-01 1.35720491e+00 5.34916639e-01 6.95662856e-01
    3.39859068e-01 5.40324569e-01 9.75812554e-01 8.13763201e-01
    -2.29410648e-01 5.93722463e-02 3.60879570e-01 1.25450003e+00
    9.63826776e-02 -3.26235771e-01 9.65462804e-01 8.75378609e-01
    1.34761477e+00 9.88066673e-01 1.20068550e-01 1.04738903e+00
    4.65229869e-01 1.47538519e+00 1.71852112e-03 1.43193460e+00
    1.49673581e+00 4.30936992e-01 9.96099234e-01 1.02510655e+00
    5.95674574e-01 -3.56063217e-01 8.56649280e-02 -3.86492729e-01
    -2.02414304e-01 2.92475879e-01 -1.12336040e-01 -6.33708537e-02
    1.48495770e+00 8.24020982e-01 8.64221334e-01 8.95770788e-01
    1.13766646e+00 8.62184644e-01 5.26476622e-01 1.19709909e+00
    -1.75222635e-01 4.94870663e-01 5.40908277e-01 5.50521910e-02
    1.39081001e+00 4.89203006e-01 -8.65113735e-02 3.95109981e-01
    -4.14412469e-01 3.44835192e-01 1.30215943e+00 1.09509158e+00
    1.12013829e+00 7.12312937e-01 2.39984930e-01 -1.44773006e-01
    1.06522691e+00 4.82641935e-01 -3.13022882e-01 3.96232784e-01
    1.47659433e+00 -3.46476376e-01 1.41709089e-01 1.28507972e-01
    1.39813852e+00 8.55431557e-01 1.11928570e+00 -4.92635250e-01
    1.07889771e+00 6.48936629e-02 1.38701415e+00 3.68155241e-02
    5.37331522e-01 2.24230468e-01 5.02606630e-02 2.64757097e-01
    9.65238452e-01 1.20095658e+00 1.06415486e+00 -1.45607561e-01
    7.60473490e-01 8.13194871e-01 -1.83739156e-01 -3.42280507e-01
    -2.52690822e-01 1.15710211e+00 1.11971271e+00 1.26721954e+00
    6.16099179e-01 1.19704187e+00 4.93384600e-01 -2.37701476e-01
    9.20017362e-02 -2.82241225e-01 -2.02648938e-02 7.74853885e-01
    -5.04366815e-01 -2.90125012e-01 1.00456476e+00 9.90733862e-01
    8.40832353e-01 2.94197202e-01 1.20177329e-01 2.24756420e-01
    9.97583449e-01 7.78930068e-01 -4.23492551e-01 6.26745105e-01
    1.22458148e+00 1.03128290e+00 -3.87109637e-01 -2.00019479e-02
    8.91845763e-01 9.80275333e-01 -2.37834573e-01 2.93868184e-01
    1.35856676e+00 -1.42054439e-01 7.27440834e-01 9.90001738e-01
    -3.76775652e-01 6.51187718e-01 4.18207496e-01 1.13187468e+00
    1.25405622e+00 -2.39372045e-01 1.22089064e+00 -1.84420139e-01
    5.15752077e-01 -4.30298954e-01 -8.86390507e-02 7.02882886e-01
    -2.56682038e-02 9.65320170e-01 4.81536865e-01 3.86614978e-01
    -1.69831067e-01 -1.62598759e-01 9.11717176e-01 1.25388837e+00
    1.22484303e+00 -4.90391850e-02 8.89629185e-01 4.60553825e-01
    -1.98981881e-01 -1.33945048e-01 -4.16777521e-01 -4.14879352e-01
    4.52354550e-01 3.01345855e-01 2.83731908e-01 -7.27057457e-03
    -2.57306099e-02 1.02260792e+00 1.41744351e+00 1.25386834e+00
    1.42312634e+00 1.50632310e+00 1.05257869e+00 1.47593820e+00
    1.47968614e+00 -4.19031978e-01 1.15223873e+00 7.03100860e-01
    8.70501757e-01 1.00399685e+00 7.99079418e-01 1.02649903e+00
    -3.30563188e-02 2.46359766e-01 5.07859051e-01 5.62987506e-01
    1.43207622e+00 7.14545429e-01 9.04652536e-01 8.68269920e-01
    1.24528551e+00 8.70215833e-01 9.98616517e-01 4.02724028e-01
    -4.02359933e-01 7.84521401e-01 6.49154484e-01 1.13310087e+00
    -2.48126388e-02 1.15915275e+00 7.79581666e-02 6.97936952e-01
    7.29252219e-01 1.36847138e+00 2.33062327e-01 6.64035857e-01
    8.92338753e-01 -2.87902981e-01 9.25782859e-01 3.98072034e-01
    1.31212580e+00 2.17334241e-01 4.78880733e-01 3.45387965e-01
    -1.47073865e-02 9.60126638e-01 2.29726136e-02 -1.96993232e-01
    4.40390825e-01 2.95879304e-01 -4.27021086e-01 9.84010339e-01
    8.94852161e-01 3.73598218e-01 1.47839916e+00 3.67314219e-01
    3.07855308e-01 1.28038704e+00 1.15045094e+00 4.45351362e-01
    1.01359451e+00 4.99314308e-01 9.48194802e-01 8.38563740e-01
    -1.49431020e-01 1.33699191e+00 4.46422756e-01 7.89542019e-01
    -1.73994035e-01 -2.32293963e-01 1.44262743e+00 4.15119410e-01
    2.76341319e-01 7.95841932e-01 4.80669975e-01 5.12543261e-01
    6.26838386e-01 -4.60274607e-01 1.27601445e+00 9.01052713e-01
    -2.74340332e-01 2.96139419e-01 2.24357724e-01 4.80764687e-01
    4.03095543e-01 1.00254345e+00 7.97247231e-01 -4.83837336e-01
    4.97537792e-01 8.87412667e-01 1.38336158e+00 4.01117295e-01
    5.55896521e-01 9.33408737e-03 7.52439260e-01 1.24453855e+00
    -1.10061616e-01 7.45724559e-01 1.01266491e+00 7.01890588e-01
    -8.19417834e-02 7.81521738e-01 1.24978042e+00 1.39685714e+00
    1.02631509e+00 -4.59252536e-01 1.64422750e-01 1.17526937e+00
    1.16970158e+00 -4.77819741e-02 4.58505452e-01 8.77287328e-01
    -2.35763371e-01 1.40442157e+00 1.05741262e+00 5.89447856e-01
    9.87751722e-01 3.26277137e-01 2.82481313e-02 1.44741559e+00
    9.36993659e-01 8.50410819e-01 1.18857718e+00 1.23733747e+00
    -3.00584793e-01 5.78453541e-02 9.50977683e-01 1.44818914e+00
    6.23808265e-01 7.38803744e-02 -5.93024492e-02 1.40056670e+00
    1.37141085e+00 2.49599636e-01 1.09318209e+00 1.29605758e+00
    1.07841587e+00 -3.97289097e-02 7.97521949e-01 -2.81226665e-01
    1.66510016e-01 1.01831412e+00 -3.58777046e-01 5.53924859e-01
    2.45614350e-02 1.04776013e+00 -2.37791151e-01 1.19168282e-01
    -4.69681442e-01 5.42285323e-01 9.29697156e-01 -2.66275525e-01
    6.32186532e-01 3.96881193e-01 5.32919168e-02 1.10291648e+00
    -2.74644583e-01 5.24767280e-01 1.13092482e+00 -2.28941888e-01
    9.24248695e-02 -3.38611782e-01 8.85904610e-01 6.59708261e-01
    8.56841207e-02 1.48041606e+00 -1.77792907e-02 8.81533206e-01
    -5.38596511e-02 1.47717619e+00 2.44335353e-01 9.86060262e-01
    1.14606237e+00 1.41489768e+00 3.40392172e-01 1.62961543e-01
    4.55362588e-01 -4.50034142e-02 -5.42496443e-02 1.14407897e+00
    1.44613171e+00 -4.91859019e-01 9.45761681e-01 9.50186312e-01
    -3.89333874e-01 -3.47369909e-01 1.05843377e+00 -4.66087043e-01
    1.42466760e+00 6.04058921e-01 2.42646217e-01 -2.06358135e-02
    7.66563535e-01 8.11985433e-01 1.68777585e-01 5.70507288e-01
    1.13556457e+00 -4.06426400e-01 8.18410754e-01 -4.10763204e-01
    1.10716009e+00 -1.18831515e-01 -1.07690662e-01 5.66544354e-01
    2.89218724e-01 1.08624601e+00 7.91293979e-02 4.97410774e-01
    2.59155631e-02 1.87338889e-01 1.03870511e+00 1.30145371e+00
    4.98203754e-01 1.40272820e+00 1.47330737e+00 8.42421591e-01
    -5.58217466e-02 8.56400669e-01 9.82539833e-01 1.42514801e+00
    1.37900019e+00 2.84912586e-01 7.32299566e-01 4.84181941e-01
    5.47928870e-01 8.93444717e-02 1.37703538e-01 7.81194687e-01
    -1.47330463e-02 2.41767257e-01 1.47593290e-01 -4.74745035e-03
    1.30373430e+00 -4.98865187e-01 1.09499824e+00 1.00000834e+00
    1.43169463e+00 5.61720669e-01 5.24801493e-01 1.49399161e-01
    1.01728892e+00 5.62241435e-01 1.34221876e+00 3.32934022e-01
    -4.78747517e-01 7.72606850e-01 1.01831424e+00 1.37715173e+00
    -2.31398255e-01 1.33861423e+00 8.86254907e-02 9.85979080e-01
    9.49876070e-01 -3.84602189e-01 -4.28185970e-01 5.74525118e-01
    3.37907076e-02 1.02327108e-01 1.92130327e-01 -2.57665992e-01
    1.24700880e+00 1.24235022e+00 -4.67859894e-01 5.94907224e-01
    4.68831480e-01 1.25068939e+00 5.13096035e-01 1.12559092e+00
    1.43218398e+00 -3.03356588e-01 -3.44275057e-01 4.39283252e-02
    1.19617045e+00 -5.04058540e-01 -1.28548682e-01 1.45182300e+00
    -4.24364299e-01 8.57925475e-01 1.27241647e+00 3.93814147e-01
    4.57032561e-01 1.28105283e-02 1.44366765e+00 6.71605289e-01
    1.33613873e+00 1.26980150e+00 1.21722674e+00 5.63281298e-01
    5.05041361e-01 8.19024682e-01 1.30389929e-01 -1.72100246e-01
    1.14132142e+00 1.02800632e+00 1.18961728e+00 7.37476468e-01
    6.31981909e-01 -4.20562536e-01 5.09713769e-01 1.12120962e+00
    5.19079447e-01 -1.67537212e-01 8.99720907e-01 -6.07933700e-02
    5.84706008e-01 7.93855965e-01 -2.88409531e-01 3.04049671e-01
    -2.71513462e-01 4.04285789e-02 8.28706026e-01 1.26064205e+00
    9.89212036e-01 1.22596860e+00 -2.03970671e-02 2.87521183e-01
    6.78402185e-03 5.90924919e-01 6.38578296e-01 1.28305984e+00
    1.13256955e+00 3.82518589e-01 3.53923023e-01 1.42050147e-01
    4.41639960e-01 -2.09204406e-01 7.20261693e-01 1.59509361e-01
    5.69791198e-01 6.23027742e-01 7.71607041e-01 1.25511336e+00
    4.97935534e-01 9.68950629e-01 1.15354872e+00 1.11482918e+00
    9.86824036e-01 1.80101395e-03 1.15849638e+00 8.29890549e-01
    1.03276801e+00 9.95718181e-01 7.05225170e-01 1.43548131e+00
    -1.53531045e-01 -1.59765095e-01 1.50683403e+00 1.13673234e+00
    4.08527613e-01 1.51288486e+00 7.75027990e-01 1.33692038e+00
    7.74729252e-02 5.40475667e-01 6.18620157e-01 7.09464431e-01
    2.46296495e-01 9.78696704e-01 -1.02090210e-01 -8.95047486e-02
    9.37636197e-02 2.74702877e-01 5.57870269e-01 2.93469936e-01
    1.16255617e+00 -1.53911591e-01 7.35884666e-01 1.04016483e-01
    2.31678605e-01 7.94875085e-01 7.67211318e-01 -1.47103071e-02
    4.62761462e-01 9.13673878e-01 -5.69752455e-02 3.65061760e-02
    -1.98471695e-01 6.97503209e-01 7.67598152e-01 1.27354741e-01
    3.22423220e-01 -3.31208587e-01 -3.07741940e-01 -1.55764043e-01
    1.30911207e+00 -3.24532151e-01 6.84517622e-03 1.22177553e+00
    6.51219726e-01 -1.96665376e-01 -1.98462009e-02 7.26811171e-01
    5.00227273e-01 9.87401962e-01 6.52457476e-01 5.46458066e-02
    4.00192827e-01 1.12876105e+00 3.10841471e-01 1.35646057e+00
    2.68459678e-01 9.07909989e-01 2.65102118e-01 1.39516068e+00
    1.03620660e+00 -2.15234429e-01 7.71300673e-01 3.21431249e-01
    7.19278336e-01 5.56697011e-01 1.28883672e+00 1.23956418e+00
    8.82140398e-02 8.63098860e-01 7.76925921e-01 1.08182001e+00
    9.73391533e-01 6.17872715e-01 1.20001948e+00 -4.22659218e-01
    9.02989089e-01 1.51339531e-01 8.81971180e-01 -4.94010270e-01
    6.08089864e-01 1.16655707e+00 7.12890089e-01 5.29088974e-02
    5.51171422e-01 1.17060184e+00 7.37952828e-01 -4.02836084e-01
    5.94448924e-01 -3.55352461e-01 -2.65271306e-01 9.19898152e-01
    1.45746648e+00 1.68440133e-01 1.40778768e+00 7.71840930e-01
    1.08052969e+00 9.07915592e-01 7.22874999e-02 7.07315326e-01
    7.31345713e-01 8.89024377e-01 1.31862521e+00 1.24580884e+00
    1.26374543e+00 9.90045190e-01 -2.08985329e-01 -2.88493067e-01
    6.57221794e-01 1.07738006e+00 8.47632587e-01 1.23747849e+00
    -3.25920880e-02 1.22111547e+00 1.01663613e+00 -2.15920776e-01
    -3.92966807e-01 1.17840326e+00 -3.32145452e-01 3.37016642e-01
    -2.95525789e-01 1.27078104e+00 9.23798203e-01 1.04813457e+00
    2.05177784e-01 -3.84596437e-01 8.60307753e-01 4.29689288e-02
    7.52271831e-01 -2.22884476e-01 4.41738665e-01 2.13112056e-01
    -2.18032032e-01 -2.41643637e-01 -2.73792177e-01 9.32588935e-01
    9.40141678e-01 -4.81306851e-01 1.47245991e+00 2.78618157e-01
    1.47398686e+00 4.84423041e-01 -2.49631464e-01 2.78549850e-01
    4.61663902e-01 1.37845635e+00 1.13332796e+00 7.17740953e-01
    1.54944301e-01 4.61321890e-01 1.06405497e+00 1.01839375e+00
    1.07741725e+00 1.42766023e+00 6.97137296e-01 -1.18812323e-02
    3.15655410e-01 -2.39347100e-01 9.34666991e-01 1.67746425e-01
    4.69586968e-01 2.44854093e-02 9.37190950e-02 -1.88022733e-01
    -6.86726272e-02 9.92944121e-01 1.35555148e+00 -4.56639618e-01
    -4.11367297e-01 1.02028799e+00 -2.60411382e-01 -2.28165329e-01
    5.39057851e-01 1.50798500e-01 1.27873981e+00 7.08607912e-01
    -4.20201272e-01 8.22228909e-01 4.53419268e-01 -3.74506474e-01
    -1.68134183e-01 4.59875286e-01 1.44483483e+00 5.92074573e-01
    6.88926160e-01 -2.95261264e-01 1.22245979e+00 -1.60951406e-01
    5.09224057e-01 1.14436436e+00 9.94262218e-01 1.48918819e+00
    1.09355271e+00 8.45470965e-01 2.17270911e-01 1.18685913e+00
    -1.45727903e-01 -5.65192997e-02 -1.00217879e-01 7.26862013e-01
    1.19845080e+00 8.92364919e-01 1.02354646e+00 7.09029317e-01
    1.34507442e+00 7.06652522e-01 4.62594986e-01 2.32613504e-01
    1.45350552e+00 4.68162358e-01 2.23735303e-01 4.85688150e-01
    -3.24842632e-01 6.48255229e-01 7.88921177e-01 4.71825540e-01
    1.28787339e-01 6.87788725e-02 7.63402462e-01 -4.26508248e-01
    1.29662311e+00 1.87623918e-01 1.94863677e-01 -4.09091115e-02
    1.37103844e+00 4.91531551e-01 1.47015822e+00 1.07374251e+00
    -4.51116502e-01 -4.38866854e-01 9.42031503e-01 -1.71546549e-01
    -3.97192538e-01 -4.48875785e-01 1.11502528e+00 2.55770028e-01
    8.94574761e-01 -1.86613202e-01 4.43831146e-01 7.18551397e-01
    3.00990641e-01 2.08404064e-01 -4.19825017e-01 -1.05003148e-01
    6.42102957e-02 1.20831978e+00 -2.32031941e-01 3.81388307e-01
    -1.28638148e-02 3.00115585e-01 -4.56165433e-01 1.43638849e-01
    6.40135944e-01 1.43049836e+00 -7.52717853e-02 2.64446855e-01
    7.86423981e-01 -9.30281878e-02 2.00537980e-01 -2.17113912e-01
    1.00000560e+00 5.85158587e-01 -9.40164924e-02 5.81999660e-01
    1.08987164e+00 -3.53758574e-01 6.37260914e-01 -1.43643528e-01
    -3.99741679e-01 9.34113264e-01 9.83393550e-01 -2.84990847e-01
    7.69051075e-01 3.70610178e-01 -1.93801224e-01 -6.65363669e-03
    8.31320524e-01 -1.19429380e-01 1.08146584e+00 7.63412476e-01
    8.75723958e-02 -3.13200235e-01 1.10055506e-01 1.50607765e+00
    5.61221838e-01 2.66432345e-01 1.06856704e+00 6.72243953e-01
    1.42413330e+00 -1.26905680e-01 7.14086592e-01 -1.65956199e-01
    5.30236244e-01 2.31314898e-01 1.14967251e+00 -4.87806827e-01
    2.92949021e-01 -2.08374649e-01 1.39438868e+00 6.01965904e-01
    4.62669611e-01 3.67448121e-01 1.46252275e-01 8.03632319e-01
    6.41286314e-01 -3.82680058e-01 2.14672118e-01 1.28005469e+00
    6.20746911e-02 8.03589821e-01 4.55367267e-02 7.22137928e-01
    1.28595626e+00 1.14006734e+00 1.50482273e+00 5.31966686e-01
    -4.12591130e-01 -3.57574224e-03 6.96356177e-01 7.19802380e-01
    -4.47504222e-02 -2.47377455e-02 1.37616062e+00 7.99529076e-01
    -2.08870590e-01 1.08428705e+00 1.30342674e+00 1.00205958e+00
    -3.11313212e-01 1.03929639e+00 6.64133132e-01 1.95272088e-01
    -3.57991576e-01 -4.09060299e-01 9.24546182e-01 -3.16061586e-01
    4.55328941e-01 1.41000223e+00 -2.02460796e-01 8.48654091e-01
    -1.07623547e-01 4.28364456e-01 9.18321311e-01 1.45914268e+00
    3.59712690e-01 5.48689365e-01 -2.90003240e-01 4.80589837e-01
    -1.00708008e-02 4.03507739e-01 7.07324147e-01 8.51862490e-01
    -4.13056284e-01 -2.00959921e-01 3.03418636e-01 1.31901956e+00
    -1.85593963e-02 9.91887689e-01 1.19982827e+00 1.07364178e-01
    -5.59615791e-02 1.08161128e+00 5.82458436e-01 5.38624287e-01
    5.02182841e-02 -1.72776043e-01 1.12302899e+00 7.00791478e-01
    -4.06505764e-01 1.18530512e+00 9.76082802e-01 4.33311462e-01
    1.43877196e+00 6.36419296e-01 1.43095303e+00 1.02642572e+00
    4.00348663e-01 6.63595498e-01 3.31689000e-01 4.05625880e-01
    1.42070282e+00 -4.83116388e-01 7.57929027e-01 3.52493525e-02
    -3.76367092e-01 3.07806134e-01 6.40103340e-01 6.36265278e-02
    1.11484361e+00 1.43363273e+00 4.66389298e-01 1.18614411e+00
    1.16434562e+00 -1.17559761e-01 -1.39672458e-01 3.22391152e-01
    5.28232157e-01 1.10546541e+00 1.07395113e+00 1.35234225e+00
    4.84403253e-01 1.43220377e+00 -3.82719845e-01 8.89656067e-01
    9.89159942e-02 7.52270937e-01 1.12762797e+00 1.30583787e+00
    6.84712827e-01 5.70800304e-02 1.83849573e-01 1.47575045e+00
    -4.23780680e-02 2.37191916e-01 1.21697235e+00 5.49250603e-01
    1.52349174e-01 9.26521659e-01 -1.17884278e-01 5.67240477e-01
    7.01474309e-01 9.47657824e-01 7.44561315e-01 -7.41146803e-02
    1.14686203e+00 -1.90635026e-01 -3.64598691e-01 3.80511194e-01
    -1.67759866e-01 -1.74235493e-01 3.63079548e-01 1.00655770e+00
    7.95429766e-01 8.22328925e-02 1.47224575e-01 7.76208758e-01
    -3.34038615e-01 2.91788131e-01 1.09739769e+00 1.50151181e+00
    1.28961682e-01 1.22370172e+00 1.20905256e+00 4.21397567e-01
    1.14042789e-01 3.90413105e-01 1.37116349e+00 -1.66208476e-01
    -3.04216146e-01 2.29203761e-01 1.39608741e-01 -3.70000482e-01
    2.35783100e-01 3.21134776e-01 6.74935579e-01 1.18125772e+00
    8.03556621e-01 1.39268351e+00 -2.73151517e-01 7.00069368e-02
    2.61175960e-01 3.29335093e-01 1.12956977e+00 -4.27958518e-01
    1.26818585e+00 1.40238953e+00 -1.49500251e-01 4.91260469e-01
    1.17091513e+00 6.56015396e-01 -2.02387214e-01 8.92121077e-01
    4.87056971e-01 1.11132050e+00 -1.44199073e-01 1.02349067e+00
    1.43544912e+00 1.17010558e+00 1.23925591e+00 1.16310692e+00
    2.92778015e-04 1.38680565e+00 -2.06299394e-01 4.69971299e-02
    5.09718299e-01 1.75830781e-01 1.34868872e+00 1.30432630e+00
    -1.68493658e-01 -4.47928607e-02 -3.63352805e-01 1.32891035e+00
    1.34501648e+00 4.83577490e-01 -1.16728187e-01 4.86848414e-01
    1.86467171e-03 1.50491023e+00 -1.22114748e-01 3.19443822e-01
    8.88010263e-02 1.05787838e+00 -1.50500327e-01 2.99858153e-01
    -3.08261037e-01 1.04097080e+00 -2.74294198e-01 2.17156023e-01
    8.80833924e-01 5.79192042e-01 8.53022337e-02 1.40852976e+00
    1.12004197e+00 -3.98939312e-01 7.45930552e-01 6.07822657e-01
    4.03939724e-01 4.46190596e-01 1.20520544e+00 9.91788387e-01
    -2.80336767e-01 -5.49763441e-02 1.12625265e+00 3.67027670e-01
    7.28970051e-01 3.03945184e-01 2.69394636e-01 1.20097220e+00
    -4.81654167e-01 1.24049532e+00 8.16971123e-01 8.24069202e-01
    4.84699607e-02 1.21306038e+00 8.84473085e-01 -8.89186263e-02
    3.88605893e-01 9.93021905e-01 5.10898829e-02 -1.98116630e-01
    -4.52166975e-01 1.16960096e+00 6.64788485e-01 7.47807741e-01
    3.09070647e-01 9.56068635e-02 1.03707659e+00 1.03386164e+00
    -8.89397264e-02 6.45813763e-01 1.01609421e+00 9.68655229e-01
    6.93802834e-02 1.87181234e-02 2.77033925e-01 1.00633550e+00
    7.80078650e-01 4.11705106e-01 9.56406295e-01 3.93093646e-01
    3.10282052e-01 -2.84102380e-01 1.47245312e+00 1.14140987e+00
    1.26204520e-01 -9.52284336e-02 9.80548322e-01 1.06236434e+00
    1.25389683e+00 9.52131152e-01 2.42224008e-01 2.51169086e-01
    2.84539074e-01 1.01680326e+00 4.96097147e-01 4.05886114e-01
    1.05763888e+00 1.14250362e-01 9.97442603e-02 -3.53011727e-01
    -7.00159073e-02 7.04935014e-01 7.35877275e-01 8.09961438e-01
    7.40941584e-01 7.37563074e-01 -3.82209003e-01 1.18130887e+00
    1.14652872e+00 1.19980085e+00 -1.17136121e-01 -4.10950243e-01
    5.65384865e-01 -3.36150199e-01 4.25602198e-02 5.03875196e-01
    6.65481150e-01 6.65821433e-02 5.33593357e-01 2.00167418e-01
    2.05995530e-01 1.25096679e+00 1.01876402e+00 1.09832692e+00
    -3.28119844e-01 -4.65663463e-01 1.08128405e+00 2.84940600e-02
    -3.24653655e-01 9.71381545e-01 8.30683112e-01 4.86165643e-01
    -1.96581900e-01 3.60337675e-01 1.06857872e+00 1.07459760e+00
    3.39762449e-01 9.95653570e-01 6.75619304e-01 8.10854435e-01
    1.30519688e-01 4.74362314e-01 1.11973023e+00 1.33107948e+00
    1.34240699e+00 1.19988024e+00 7.45436847e-01 1.10939622e+00
    5.43339491e-01 4.25399899e-01 2.49664187e-01 1.68199182e-01
    6.78881109e-01 -3.84938300e-01 5.27310312e-01 8.65206182e-01
    8.53943527e-01 1.07295930e+00 4.88241374e-01 1.99759185e-01
    1.23079157e+00 -1.00874126e-01 1.07263517e+00 8.91280532e-01
    1.28277111e+00 -1.92037970e-01 -1.27949566e-01 -3.15291584e-02
    -2.61939883e-01 1.04011178e+00 4.96623456e-01 2.29816198e-01
    -2.22603947e-01 5.81659377e-01 8.65378201e-01 1.23530889e+00
    -2.10971504e-01 4.08669770e-01 -2.21478939e-02 2.92939067e-01
    1.46177936e+00 -2.79584944e-01 3.59016597e-01 -1.13403201e-01
    5.61171651e-01 -4.32555765e-01 4.92356896e-01 2.69865632e-01
    1.46061051e+00 2.52000868e-01 2.82905817e-01 5.72458565e-01
    2.06300080e-01 1.39840114e+00 9.21734571e-02 9.68379736e-01
    1.16950810e-01 -2.14399695e-01 2.29810089e-01 8.12596023e-01
    -3.94242227e-01 -6.97917938e-02 8.64065826e-01 1.52103806e+00
    -3.33367527e-01 8.82966220e-02 7.12624013e-01 -2.30689436e-01
    1.39729953e+00 1.32627821e+00 3.15466225e-01 -2.93036997e-01
    -7.56907463e-03 1.26806688e+00 -1.57067418e-01 9.84880149e-01
    -4.35230881e-01 -2.25556165e-01 2.67104924e-01 6.94333971e-01
    6.46366000e-01 1.39962423e+00 -3.76160920e-01 6.15884721e-01
    -4.45345730e-01 7.59767056e-01 -3.65902334e-01 4.32114780e-01
    2.88665771e-01 -4.73509014e-01 1.92442536e-02 -1.24789476e-02
    1.18127692e+00 -6.03061914e-02 -8.56188238e-02 8.44350815e-01
    6.78753138e-01 8.56557727e-01 -4.78372842e-01 3.46773148e-01
    4.70034927e-01 2.94852972e-01 -3.59295130e-01 2.89209306e-01
    9.48385835e-01 2.53901958e-01 4.26445365e-01 1.42795599e+00
    7.30130494e-01 1.09038723e+00 -4.46810842e-01 1.12013578e-01
    1.01283503e+00 -6.46454692e-02 9.88843918e-01 -4.63980436e-03
    2.77010381e-01 3.96360755e-01 1.76785707e-01 -1.55519843e-02
    3.60635936e-01 2.48600841e-01 7.93120623e-01 6.62663102e-01
    3.16963553e-01 1.37816226e+00 -3.11980039e-01 2.41445959e-01
    9.04962659e-01 -4.13185060e-02 5.27539968e-01 -3.44931841e-01
    2.24515676e-01 5.43768942e-01 1.96550369e-01 1.30604935e+00
    3.77418101e-01 1.23694336e+00 9.06157494e-03 9.49068248e-01
    1.36884189e+00 9.19130564e-01 -3.83006573e-01 5.76534927e-01
    1.38392031e+00 1.46524441e+00 6.06168270e-01 1.28955841e+00
    -4.57731307e-01 5.50982058e-02 -8.10161531e-02 4.84460771e-01
    5.82479298e-01 -3.30186933e-01 -3.75458479e-01 1.27207375e+00
    7.80492663e-01 -4.01435643e-01 8.78094673e-01 -3.57252777e-01
    1.07177496e-01 -2.87678361e-01 4.00143802e-01 -1.30257607e-01
    4.89833683e-01 1.75688386e-01 8.38809729e-01 1.16808927e+00
    -4.92136359e-01 4.99725759e-01 -1.77068830e-01 5.71184039e-01
    7.34399378e-01 1.05730581e+00 1.14013267e+00 4.01704788e-01
    5.22106409e-01 4.77059901e-01 2.16838717e-01 1.07355964e+00
    1.30444908e+00 9.19707358e-01 8.70762646e-01 1.24849772e+00
    4.40315843e-01 2.02243090e-01 -1.57621145e-01 6.58630729e-01
    1.14677787e+00 9.23105121e-01 6.19429052e-01 4.79208082e-01
    -4.00682271e-01 3.04953784e-01 6.98812008e-01 1.04826689e-03
    -2.03674436e-01 1.37725055e-01 2.17967212e-01 9.03087139e-01
    1.19460893e+00 -5.98539710e-02 7.22035170e-01 1.93134755e-01
    -6.94247484e-02 4.49049056e-01 -1.17886156e-01 1.07956684e+00
    -4.97487098e-01 2.82346666e-01 -3.57224345e-01 5.76163411e-01
    1.23657048e+00 -3.65841091e-02 -2.09298939e-01 1.22393775e+00
    3.64189386e-01 5.21841943e-01 1.26799524e-01 -2.23290771e-01
    5.02563834e-01 8.77664685e-02 1.18939662e+00 1.15151024e+00
    2.31706738e-01 5.03033102e-01 2.54210413e-01 4.27432656e-01
    2.99843729e-01 1.40191603e+00 2.90077388e-01 7.70164371e-01
    2.56249070e-01 7.45634377e-01 -2.75769442e-01 -5.62053919e-03
    -2.83600807e-01 8.81269336e-01 9.61930633e-01 9.64758337e-01
    1.43133485e+00 6.73417449e-02 1.45663238e+00 1.26897037e+00
    -4.30577070e-01 5.05953193e-01 6.78579092e-01 1.42500472e+00
    -4.79986787e-01 -3.72976452e-01 2.83915281e-01 3.48305821e-01
    6.29237890e-02 -8.23616982e-02 1.05252290e+00 2.40008533e-01
    1.36948287e-01 9.82937098e-01 1.49309313e+00 1.01952136e+00
    3.27069402e-01 6.07487857e-01 1.03676438e-01 1.39201546e+00
    1.01551795e+00 -1.71732575e-01 4.50744629e-02 1.04093778e+00
    4.19838846e-01 -4.47850972e-01 1.35649741e+00 -4.78075504e-01
    7.56711781e-01 9.38611686e-01 7.93950737e-01 9.12206829e-01
    8.72965872e-01 1.91413879e-01 4.29773331e-03 1.39874351e+00
    4.50360119e-01 7.26663530e-01 7.05540061e-01 6.27047181e-01
    2.38678157e-01 6.62035406e-01 2.98621058e-02 7.33485043e-01
    -4.33111995e-01 1.01613021e+00 5.63818574e-01 4.98189807e-01
    8.20283175e-01 -2.94695020e-01 -2.03453660e-01 1.05328500e-01
    5.60100555e-01 1.18424368e+00 6.41948164e-01 2.44616866e-02
    9.23306704e-01 -2.03864753e-01 8.02222490e-01 -5.98549843e-03
    1.28439116e+00 1.44681168e+00 1.23956895e+00 -3.63281757e-01
    1.25224137e+00 -2.20013142e-01 4.80557203e-01 2.10958481e-01
    6.21975362e-01 -5.34439087e-02 -2.04029471e-01 1.91191286e-01
    3.33401084e-01 1.08475268e+00 1.13079429e-01 -1.79931849e-01
    -6.36037886e-02 5.01905084e-01 1.12347054e+00 -2.44666487e-01
    8.24797273e-01 9.06859934e-01 9.36556458e-02 -2.61324465e-01
    -1.12047195e-02 1.59160584e-01 3.00669670e-01 1.14201570e+00
    5.25449336e-01 6.18770480e-01 1.65628314e-01 1.12448263e+00
    -7.36078322e-02 3.61177921e-02 9.74814236e-01 2.42484152e-01
    -3.52382123e-01 2.60329247e-03 -2.38167644e-02 5.43710232e-01
    1.14415550e+00 7.81550169e-01 1.10210109e+00 1.24508095e+00
    4.37110066e-02 1.20287037e+00 1.06819046e+00 7.96784163e-02
    -3.43206614e-01 1.36680961e+00 3.86953831e-01 9.87785101e-01
    4.97322768e-01 2.36857712e-01 1.39063823e+00 1.06696695e-01
    5.91392815e-02 1.50491643e+00 1.04991674e-01 -9.03773308e-03
    -1.56803578e-01 4.94538248e-01 5.47786415e-01 1.21129429e+00
    7.39829361e-01 -4.27255630e-02 9.69366908e-01 7.96700895e-01
    4.74091947e-01 -3.17430347e-01 1.38776994e+00 1.06546903e+00
    -2.57433593e-01 1.18949962e+00 1.22990870e+00 1.83421314e-01
    -2.22785771e-01 1.30800390e+00 8.00555646e-01 -1.36865377e-02
    4.97236311e-01 3.89784038e-01 -4.07618821e-01 5.73863864e-01
    1.19106281e+00 -4.01828915e-01 -4.51108307e-01 2.83253133e-01
    6.87879741e-01 1.54334843e-01 1.43735540e+00 8.39361548e-01
    1.39397240e+00 1.06308794e+00 1.22186327e+00 4.86325681e-01
    7.34830022e-01 9.21220779e-02 1.00148118e+00 1.09665680e+00
    9.78676081e-02 9.68024015e-01 9.41247523e-01 9.07961249e-01
    1.12366331e+00 -1.32892936e-01 3.66332322e-01 -2.84739286e-01
    4.28162962e-01 7.35905290e-01 6.95443749e-01 6.00895584e-01
    9.03603673e-01 -1.41894937e-01 1.53802961e-01 1.48585629e+00
    6.50079012e-01 -3.41542959e-01 1.43809068e+00 7.19447315e-01
    4.34125602e-01 -3.23224187e-01 -3.60341012e-01 1.24471569e+00
    4.39968109e-02 1.05431581e+00 -3.07428300e-01 5.48274338e-01
    7.05067039e-01 -2.00628638e-02 1.39299244e-01 8.52592766e-01
    1.35895538e+00 3.76527488e-01 7.14731693e-01 7.85023749e-01
    8.65357518e-01 8.98078203e-01 4.00632173e-01 7.91314662e-01
    5.15684843e-01 1.02727056e+00 1.16181219e+00 1.79947019e-02
    1.13303471e+00 7.49195814e-02 1.50821590e+00 6.20700359e-01
    -2.31511712e-01 1.48443758e-01 1.06160545e+00 8.52383375e-02
    2.14853168e-01 8.63731503e-02 1.49104387e-01 1.11824143e+00
    8.78356099e-02 1.27857804e-01 3.59879911e-01 1.45959187e+00
    7.70534158e-01 5.20637095e-01 4.38008547e-01 1.15209818e-01
    5.19114733e-01 -4.63513315e-01 8.98257911e-01 -4.09878403e-01
    1.83883429e-01 8.13123763e-01 2.82167554e-01 1.35087824e+00
    -3.26537669e-01 8.00644159e-02 5.66634834e-01 8.55367422e-01
    1.25131249e+00 4.57515836e-01 -1.06116891e-01 1.43488646e-02
    1.22482610e+00 -1.07323915e-01 -2.07628220e-01 -3.03699136e-01
    3.85607362e-01 -1.32729948e-01 -1.08167052e-01 8.95267010e-01
    1.11028767e+00 1.31585121e+00 5.85939109e-01 4.24355567e-02
    8.03784549e-01 1.74583852e-01 7.56453633e-01 1.49657238e+00
    5.13660312e-01 -2.50738025e-01 -1.64976865e-01 -3.36143613e-01
    8.11094046e-01 1.22566235e+00 1.31290495e-01 -3.03900599e-01
    -1.25669658e-01 1.10799193e-01 -2.75592357e-01 3.61234844e-01
    1.12722278e+00 1.19237065e+00 7.11489379e-01 1.43763649e+00
    1.44701862e+00 7.60787785e-01 1.15431619e+00 -3.74665797e-01
    1.03841352e+00 -2.72067368e-01 8.41432571e-01 5.91356814e-01
    1.94811285e-01 -4.92163241e-01 -1.65173382e-01 6.82665646e-01
    1.41711068e+00 1.33604169e+00 2.27623165e-01 -2.34739572e-01
    9.97574210e-01 6.26388311e-01 2.01848865e-01 9.82485890e-01
    8.60165954e-01 8.38435352e-01 -4.60617781e-01 2.99786091e-01
    -3.13426256e-01 -7.75504708e-02 3.87284577e-01 -2.28787839e-01
    4.62988675e-01 -1.18157268e-02 4.86311436e-01 1.46001410e+00
    -2.76813686e-01 -7.64441788e-02 9.47654247e-02 1.37155128e+00
    1.34514999e+00 -1.09678179e-01 1.45733976e+00 9.62189555e-01
    1.46527505e+00 1.10185027e+00 -1.01120412e-01 4.35269296e-01
    1.03509974e+00 -4.40423757e-01 5.64276993e-01 -6.92237616e-02
    5.30204415e-01 3.75080645e-01 -3.04965824e-01 1.20796084e+00
    -1.87358677e-01 1.22505414e+00 5.83804369e-01 1.10882020e+00
    7.53858387e-02 -1.56411141e-01 5.45051217e-01 1.38495135e+00
    -3.22433293e-01 1.03956556e+00 6.26626730e-01 1.17416143e+00
    7.00855553e-01 7.78725088e-01 -4.47737008e-01 7.08871007e-01
    7.36369252e-01 1.62510246e-01 1.04332411e+00 -1.63345426e-01
    1.15855658e+00 1.23386645e+00 1.18998957e+00 1.65296435e-01
    -2.53257841e-01 3.49025548e-01 3.45773280e-01 1.16689658e+00
    1.21364975e+00 1.05373466e+00 8.27977121e-01 1.12762320e+00
    1.38923144e+00 1.44031835e+00 5.97426534e-01 -4.29862976e-01
    1.07509851e-01 8.26026142e-01 1.38192964e+00 2.84433365e-02
    1.57692790e-01 -1.74238026e-01 4.37783480e-01 1.36445749e+00
    7.59013414e-01 3.30706418e-01 -2.19174027e-01 4.45548981e-01
    9.85884666e-01 -2.54765034e-01 1.04584396e+00 -2.24474430e-01
    2.59722888e-01 -1.97859585e-01 1.28867388e+00 1.27340567e+00
    1.35541260e+00 1.08676004e+00 -2.40277052e-01 1.06267142e+00
    1.32792354e-01 8.03844929e-02 5.06797433e-01 -2.29142785e-01
    1.64295077e-01 4.54186738e-01 1.21492112e+00 1.46570992e+00
    1.16907644e+00 -2.39246756e-01 -3.72754633e-02 1.09765887e+00
    1.49291921e+00 -3.78854692e-01 6.79817557e-01 2.57591665e-01
    -3.90924871e-01 -4.37487006e-01 -1.61255538e-01 4.82646704e-01
    -1.75359160e-01 -3.14768612e-01 9.43029225e-01 1.02731037e+00
    -4.75161225e-01 2.74871945e-01 9.16846991e-02 5.69486499e-01
    9.82295275e-01 6.69064820e-01 1.73249245e-01 -7.72635341e-02
    -3.93021643e-01 -4.02117491e-01 8.37888837e-01 -2.96406865e-01
    1.00475287e+00 1.26696253e+00 4.26362902e-01 6.14162982e-02
    1.91227376e-01 1.15621674e+00 -1.93181485e-01 7.85334587e-01
    6.20593786e-01 1.22535193e+00 -1.28442645e-01 9.66445446e-01
    1.01588488e-01 1.47130823e+00 2.57948041e-01 5.03980517e-01
    -2.69668341e-01 1.30805206e+00 4.84084427e-01 -2.21473277e-02
    -8.04657340e-02 -4.10014093e-02 2.95458496e-01 1.19727588e+00
    8.33285987e-01 6.99027121e-01 9.65540171e-01 1.44714618e+00
    1.20080423e+00 -2.95591474e-01 -3.22831869e-01 4.11475360e-01
    2.00233698e-01 6.65634215e-01 -3.02512854e-01 5.19104362e-01
    7.08507180e-01 -1.11872047e-01 2.71859109e-01 6.21536493e-01
    5.63818574e-01 5.33830881e-01 -2.90502012e-01 6.32093191e-01
    1.21650934e+00 6.41428709e-01 3.73625457e-01 -2.20926315e-01
    -2.18405455e-01 1.75240576e-01 5.54047823e-02 -3.70774448e-01
    1.49076283e+00 8.74596477e-01 7.38880754e-01 1.16139174e+00
    8.06124210e-01 7.61624634e-01 1.22511458e+00 3.92630100e-02
    9.14473414e-01 1.07794762e+00 1.34006560e+00 1.28272724e+00
    -1.36033446e-01 6.80409491e-01 6.82437897e-01 -2.97850251e-01
    1.76882148e-02 4.91286278e-01 4.54649150e-01 9.82791126e-01
    1.29689324e+00 5.72042882e-01 -2.79523492e-01 2.78983176e-01
    -2.05896139e-01 -4.81309891e-01 6.16547763e-01 1.17108250e+00
    1.09083152e+00 1.15764570e+00 1.87479496e-01 2.10892856e-01
    1.11937523e+00 -1.84685737e-01 7.60420561e-02 1.24596238e+00
    -4.33436453e-01 1.26770973e+00 1.49519825e+00 -1.28185004e-01
    -3.32567722e-01 6.23161197e-01 1.43311799e+00 4.42076862e-01
    -1.68390363e-01 1.37376022e+00 1.08413482e+00 9.93530273e-01
    4.27248776e-01 3.35305452e-01 9.31658387e-01 3.27571571e-01
    -4.47747231e-01 6.95282817e-01 2.62140214e-01 4.83143747e-01
    1.71351492e-01 9.11606312e-01 -2.73788869e-01 4.46177125e-02
    -5.16008914e-01 4.68191862e-01 1.98445618e-01 3.48347664e-01
    1.65548742e-01 1.45728469e+00 2.50620425e-01 5.47450185e-02
    1.43375480e+00 6.79682374e-01 7.14473307e-01 -4.69190538e-01
    2.76681125e-01 7.40222394e-01 1.41715527e-01 9.08582926e-01
    1.42894971e+00 1.34591842e+00 -4.73616749e-01 -3.53446960e-01
    7.74562299e-01 9.39479828e-01 1.19172144e+00 1.34928775e+00
    -1.79194272e-01 1.30896759e+00 8.18110228e-01 1.13082671e+00
    1.16274762e+00 5.56785166e-01 1.44692707e+00 1.43199492e+00
    8.54609430e-01 4.99828875e-01 -4.26633894e-01 -8.59063864e-03
    1.25133097e-01 1.02761769e+00 8.19582522e-01 1.49128127e+00
    -1.19017303e-01 -1.48956239e-01 1.42740476e+00 -2.04668283e-01
    1.30969882e+00 1.26623654e+00 1.39970851e+00 -3.63682777e-01
    5.80578566e-01 -2.05019891e-01 9.46603775e-01 1.00689173e-01
    1.44791925e+00 1.06171072e-01 -3.54453206e-01 -3.23731244e-01
    -2.46778741e-01 -2.04809159e-01 -4.60549921e-01 -1.78146541e-01
    4.93338674e-01 6.41232967e-01 1.05744648e+00 3.48298252e-02
    -2.28898734e-01 1.14774084e+00 1.48201799e+00 9.06684160e-01
    1.01423573e+00 2.86384463e-01 1.24063969e+00 1.02436590e+00
    3.10382664e-01 1.39876819e+00 -3.18208158e-01 1.13632476e+00
    7.32969224e-01 -2.30978280e-01 8.92770708e-01 8.99310946e-01
    9.54128325e-01 1.08905792e+00 1.26208985e+00 -3.77582312e-01
    1.10680246e+00 1.92901850e-01 9.99310613e-02 5.66393554e-01
    6.44956648e-01 -2.85509855e-01 4.20552254e-01 1.12613225e+00
    3.59847128e-01 2.56998658e-01 6.99726522e-01 6.06229901e-02
    -4.24774647e-01 3.38911414e-01 -5.36211729e-02 5.89900196e-01
    1.35631895e+00 5.94526827e-01 1.08400846e+00 1.49547207e+00
    1.39697099e+00 1.05637217e+00 -2.94786632e-01 1.43388605e+00
    3.66757512e-01 -1.83375478e-02 6.79635644e-01 1.39590740e-01
    -3.72688353e-01 1.18182576e+00 -1.15989685e-01 9.96413827e-01
    2.81647742e-01 -3.12438220e-01 3.68948281e-01 1.44553781e+00
    1.18003476e+00 1.34156454e+00 9.93719518e-01 1.13611627e+00
    4.32342410e-01 3.21819484e-01 7.92761445e-02 -2.93809354e-01
    3.47439706e-01 3.65290701e-01 1.07412195e+00 9.58011746e-02
    2.51134396e-01 1.40107036e+00 -1.20080739e-01 1.51204795e-01
    -4.27446187e-01 1.33475411e+00 6.94120646e-01 7.69273639e-02
    1.71404779e-02 4.20800805e-01 2.72676349e-01 -4.33637530e-01
    1.49046183e+00 1.02008247e+00 3.30121875e-01 -4.27816927e-01
    7.85806417e-01 -4.19489056e-01 -1.96881562e-01 -2.87427425e-01
    1.15715814e+00 2.52660424e-01 -8.25802982e-02 1.06859648e+00
    -3.74522448e-01 9.80753064e-01 4.01901156e-01 1.17818320e+00
    -4.57001835e-01 5.54923713e-02 -4.45741534e-01 1.95800960e-02
    -3.59226704e-01 9.25202370e-02 -3.32904607e-01 8.23312640e-01
    -1.06885731e-02 6.97332501e-01 9.33161974e-02 8.94412518e-01
    9.14619505e-01 -8.46191943e-02 -2.40811825e-01 8.11933815e-01
    7.64356136e-01 1.98867500e-01 1.08019328e+00 1.46761131e+00
    6.87537134e-01 7.34790564e-02 9.80706871e-01 -4.62847501e-01
    -1.30521894e-01 -3.25284392e-01 5.55558622e-01 1.37816644e+00
    1.47959805e+00 7.35886157e-01 1.47715211e+00 9.96890664e-01
    1.53915405e-01 1.01785994e+00 3.77410889e-01 4.07124341e-01
    7.71753430e-01 1.02472115e+00 -2.01258510e-01 2.94487417e-01
    7.79281080e-01 9.85891402e-01 -4.71544623e-01 1.17068720e+00
    8.01051736e-01 1.21359372e+00 1.41640651e+00 6.69531465e-01
    1.19246805e+00 1.47775388e+00 7.82381892e-02 1.98927522e-02
    -5.44413924e-02 8.17191482e-01 2.98517346e-01 5.96589446e-02
    7.67600834e-01 7.07866669e-01 1.37628424e+00 5.54393351e-01
    3.74198437e-01 1.22214615e+00 4.72201526e-01 9.71905231e-01
    5.39977789e-01 1.24359918e+00 -2.22744852e-01 4.04925108e-01
    1.14101863e+00 -1.34217799e-01 -4.59289014e-01 9.62044418e-01
    -4.48299587e-01 6.18917942e-01 1.49147964e+00 5.95710397e-01
    2.52243429e-01 1.09588909e+00 4.29279804e-01 1.78641230e-01
    1.32915092e+00 -2.20390648e-01 6.67694807e-01 5.44150472e-02
    -2.50337929e-01 -7.90497661e-02 -4.93406266e-01 1.42713189e+00
    2.93200493e-01 1.35215068e+00 8.19448054e-01 1.42944527e+00
    5.07105112e-01 9.34655964e-01 7.50951409e-01 2.68504739e-01
    1.33313370e+00 7.27220774e-01 4.02777195e-01 -9.84199345e-02
    -3.64409268e-01 1.39769793e+00 9.31274176e-01 1.13756669e+00
    5.02736390e-01 -4.10976708e-01 3.25362325e-01 1.09233904e+00
    5.48883498e-01 3.38402510e-01 5.39682388e-01 -3.43116432e-01
    7.60738134e-01 1.01013613e+00 6.80569947e-01 1.39752650e+00
    1.35465264e+00 1.48574352e-01 4.36732233e-01 8.68335724e-01
    1.37771869e+00 7.31379807e-01 6.52338982e-01 3.92919838e-01
    1.24233866e+00 1.57086372e-01 -3.60183716e-02 -3.48813474e-01
    -1.82668030e-01 1.28028631e+00 1.13340855e+00 -3.67104352e-01
    3.43722701e-02 -4.45161462e-01 2.18553543e-01 -4.77852225e-01
    -3.19483161e-01 5.92244923e-01 -7.64047801e-02 1.07203758e+00
    -1.48888469e-01 1.45867085e+00 3.55581224e-01 1.47398257e+00
    4.57683384e-01 -4.23690677e-01 5.57012439e-01 3.31708908e-01
    7.92384982e-01 4.48314786e-01 1.15747738e+00 1.74488008e-01
    1.52245665e+00 1.08725047e+00 7.62172580e-01 -3.98651302e-01
    2.60594219e-01 1.51712453e+00 1.23352718e+00 6.05553985e-01
    -4.72464383e-01 -3.10634166e-01 1.49787486e+00 1.18069506e+00
    2.81567693e-01 4.17771101e-01 1.05479360e+00 7.32311368e-01
    1.46187854e+00 -3.82434845e-01 -1.55356586e-01 3.96483660e-01
    6.76609218e-01 -4.38900232e-01 -2.20831931e-02 -1.55942887e-01
    1.06194973e+00 1.19988024e-01 1.18692207e+00 2.27915943e-01
    9.14656520e-02 1.48210824e-01 3.74253690e-01 3.41363668e-01
    5.59547007e-01 5.84593594e-01 3.08113694e-01 1.43629551e+00
    -1.32970572e-01 1.09387112e+00 1.92438513e-01 -1.00179166e-01
    6.37759686e-01 9.30905521e-01 4.43329751e-01 -3.42964768e-01
    9.55360413e-01 -1.26781940e-01 -4.73104864e-01 1.33039594e+00
    4.58750904e-01 1.07924342e-01 -2.55632401e-02 1.20276320e+00
    1.90293670e-01 1.30093551e+00 1.07575202e+00 1.42451763e-01
    1.40873551e-01 4.80283678e-01 1.10419154e+00 1.01393521e-01
    1.41717935e+00 4.15907860e-01 5.38937986e-01 3.63360047e-01
    8.91626060e-01 8.38205159e-01 8.48227918e-01 -3.11701655e-01
    8.69807482e-01 9.80190635e-01 -5.49631715e-02 2.51515329e-01
    1.42292643e+00 1.29138899e+00 6.55092776e-01 -2.60381699e-02
    -8.65294635e-02 2.44569778e-02 1.33157635e+00 2.42471218e-01
    1.10908151e+00 9.34666038e-01 -1.48134589e-01 4.42655444e-01
    -4.35539126e-01 1.88063800e-01 6.71104491e-01 -2.33119607e-01
    2.94013381e-01 -3.80245537e-01 8.36460590e-02 8.63955259e-01
    -1.84645742e-01 2.63419449e-01 4.32940960e-01 7.58746266e-02
    2.26969123e-02 -2.60651588e-01 -2.30503887e-01 3.72724116e-01
    1.42984509e-01 7.49145865e-01 1.23927724e+00 1.80099785e-01
    2.85570502e-01 3.43436509e-01 -3.57958555e-01 1.25612378e-01
    -3.77532244e-02 8.14531505e-01 -3.76257598e-01 5.94572008e-01
    4.07047927e-01 3.82794887e-01 3.09085131e-01 9.24700797e-01
    -1.39129430e-01 9.18066978e-01 -3.08559239e-01 9.96263862e-01
    1.22155833e+00 3.59176993e-02 -3.36694241e-01 1.25582755e+00
    -2.26773322e-02 9.56183553e-01 8.87584090e-01 3.49130750e-01
    -4.14423883e-01 -3.49731386e-01 -2.96459258e-01 9.60230291e-01
    -3.81387830e-01 -3.30162525e-01 3.59466791e-01 2.78838396e-01
    1.09326887e+00 -3.71438533e-01 1.08515739e+00 -6.35537207e-02
    3.47624540e-01 1.32361031e+00 -3.17146957e-01 1.47584248e+00
    6.37601733e-01 2.91056812e-01 1.24501634e+00 -3.40631247e-01
    2.56219983e-01 -4.63203222e-01 9.03817892e-01 -3.49981427e-01
    -2.49522477e-01 4.95818496e-01 1.17516184e+00 4.27852273e-01
    9.31847453e-01 2.82663703e-01 4.10363615e-01 3.96595359e-01
    7.36242533e-03 3.13156903e-01 8.36088419e-01 1.50529385e-01
    1.12838840e+00 7.78917968e-01 1.13579035e+00 5.15694022e-02
    1.15614128e+00 6.60062075e-01 1.22446632e+00 -1.37512982e-02
    -3.25464666e-01 6.77610278e-01 7.23596334e-01 -7.82489777e-03
    1.29318595e+00 -1.20780796e-01 8.42155874e-01 6.71292841e-02
    -2.20803589e-01 2.51701802e-01 -1.38935834e-01 3.86832714e-01
    8.02392840e-01 -1.30628288e-01 1.08328402e+00 1.30546832e+00
    2.60416865e-02 -2.63979018e-01 1.37225294e+00 1.26023245e+00
    5.27160048e-01 4.95639980e-01 1.66164279e-01 -1.46386176e-01
    1.09453416e+00 8.69438529e-01 1.07383013e+00 5.49943447e-02
    3.91470611e-01 7.81687915e-01 2.30676234e-01 4.13974345e-01
    -1.02624536e-01 9.84170735e-01 1.22046769e+00 -4.30751562e-01
    2.73732483e-01 1.15148675e+00 4.34442997e-01 7.52049923e-01
    9.61992979e-01 1.16241574e+00 6.74576402e-01 -4.13804770e-01
    1.00922120e+00 -3.23813856e-01 4.31415677e-01 1.11849689e+00
    5.00295520e-01 9.78106439e-01 -3.04051965e-01 -4.77261126e-01
    7.76920140e-01 1.16282547e+00 6.92468286e-01 -3.03486854e-01
    5.72416782e-01 3.06394279e-01 -4.57215786e-01 3.16405654e-01
    4.92924154e-01 -1.75570488e-01 4.73797143e-01 3.86329651e-01
    7.26002157e-01 1.21054494e+00 1.38052022e+00 1.28026915e+00
    1.25321603e+00 7.92297542e-01 2.77094424e-01 6.51534081e-01
    3.91176641e-01 4.32083905e-01 -1.13604903e-01 -1.48353904e-01
    -2.36939162e-01 1.41099095e+00 1.09434366e+00 1.06437027e+00
    7.81832397e-01 4.57168251e-01 -3.03258121e-01 6.93525553e-01
    9.66118097e-01 6.53621554e-03 -4.62371826e-01 1.23502874e+00
    1.40564013e+00 -2.84937322e-01 5.29332876e-01 -4.61716115e-01
    -4.06786472e-01 8.38324547e-01 1.07773554e+00 -3.39230120e-01
    -1.37054384e-01 1.22948956e+00 -8.61392915e-02 -1.30486250e-01
    6.25814199e-02 4.87472177e-01 2.78519392e-02 1.15210271e+00
    1.34588480e+00 1.14204347e+00 1.32222319e+00 8.02739263e-02
    -3.20833325e-02 -2.94243336e-01 1.25006843e+00 4.06409442e-01
    7.81676531e-01 6.30223751e-03 -4.55888987e-01 7.77588367e-01
    -1.72141463e-01 7.10717618e-01 1.03133118e+00 -2.60520995e-01
    9.93911624e-01 1.39041102e+00 2.09271193e-01 1.16002846e+00
    7.71432877e-01 4.63992178e-01 6.08163238e-01 4.28731978e-01
    7.93467462e-01 -1.28389269e-01 -3.69305402e-01 -4.70543027e-01
    6.30307853e-01 9.09251392e-01 1.34614396e+00 1.17070663e+00
    -3.72346997e-01 -2.93802798e-01 3.87009084e-01 5.54771483e-01
    -4.26989794e-03 1.15976191e+00 1.13294196e+00 1.14100480e+00
    -2.96017170e-01 1.02551007e+00 1.53722644e-01 4.54654396e-01
    -7.11756945e-03 9.79365230e-01 8.19413722e-01 4.98221576e-01
    9.03713107e-01 1.33715415e+00 8.80150378e-01 5.27887523e-01
    -1.88463390e-01 1.34461081e+00 4.91256714e-01 1.26713920e+00
    2.73708999e-02 -3.35647851e-01 5.51570356e-02 1.28129840e+00
    1.31663609e+00 7.62403607e-02 6.06265128e-01 -2.48717397e-01
    6.96412086e-01 4.68739986e-01 -4.61588621e-01 1.37164164e+00
    7.00069010e-01 4.88569915e-01 9.30675864e-02 5.63663840e-01
    -3.62520546e-01 7.50070453e-01 3.83000433e-01 1.19446504e+00
    9.99020994e-01 1.47482669e+00 9.02381241e-01 -3.33252549e-02
    9.27138269e-01 1.42931712e+00 1.32996547e+00 1.13686574e+00
    3.00176919e-01 1.09190345e+00 5.96775770e-01 -1.62376165e-02
    7.90268898e-01 -3.13828409e-01 -5.53046465e-02 1.30537915e+00
    6.26412034e-03 7.61933684e-01 -2.06495047e-01 -2.04159528e-01
    1.87218666e-01 2.71727890e-01 2.43749022e-02 7.94597149e-01
    8.78044248e-01 -2.24367648e-01 8.52046072e-01 -3.40865761e-01
    1.25635552e+00 -5.06737828e-02 1.49158955e+00 9.55307543e-01
    8.87295246e-01 2.83003807e-01 -5.92174828e-02 8.31484616e-01
    -3.58142138e-01 6.97580576e-01 -5.02938747e-01 -2.42554486e-01
    -5.09502053e-01 1.19583869e+00 9.99444067e-01 -3.76075983e-01
    1.28492737e+00 4.38291967e-01 -5.29494286e-02 6.71929121e-02
    6.53533936e-02 -3.53603423e-01 6.78129911e-01 -3.41549695e-01
    1.10386324e+00 2.74584651e-01 1.34790111e+00 1.70824170e-01
    8.15848112e-02 5.65019011e-01 1.45029402e+00 5.15103936e-01
    -1.45392418e-01 -2.57550597e-01 9.43755090e-01 8.77824783e-01
    1.39584613e+00 1.35846257e+00 1.47888064e+00 4.55404639e-01
    1.08152068e+00 1.26574087e+00 1.33339989e+00 1.16116333e+00
    -9.00532305e-02 2.83238411e-01 9.28890705e-03 -1.40445888e-01
    5.62754810e-01 1.06800723e+00 -1.59463257e-01 7.02925920e-02
    -6.75585866e-03 7.75127172e-01 8.76182079e-01 1.54944837e-01
    1.26286221e+00 -3.86845708e-01 2.57668436e-01 1.10797286e+00
    -4.72901672e-01 -3.49912256e-01 8.17889750e-01 8.65450263e-01
    -1.32975578e-02 1.41749763e+00 9.84165192e-01 7.60904193e-01
    -1.92736864e-01 1.22375679e+00 2.34207571e-01 9.12917793e-01
    7.43755341e-01 1.02089143e+00 -2.04520613e-01 2.97549605e-01
    1.56708181e-01 -3.63530785e-01 1.05943644e+00 9.58764434e-01
    1.38261354e+00 1.07865930e+00 8.66237879e-01 1.01459944e+00
    -5.67619503e-02 1.22622669e+00 -1.53682619e-01 1.19251883e+00
    6.98301792e-02 1.27298045e+00 9.10761833e-01 1.22513866e+00
    -6.43914938e-03 2.50968635e-01 2.84981430e-01 2.06570506e-01
    -3.52524906e-01 -9.58257020e-02 9.39767003e-01 3.97007465e-02
    -3.09519231e-01 -3.63545716e-02 1.47098076e+00 1.08835483e+00
    -3.68002206e-01 5.54341078e-01 6.51540041e-01 9.16050673e-01
    6.84775651e-01 -3.17201436e-01 5.51986814e-01 4.89693105e-01
    8.55508208e-01 7.01111257e-01 9.76708353e-01 4.34426546e-01
    1.34111643e+00 -5.85737824e-02 1.26948440e+00 1.17931235e+00
    1.31774461e+00 1.29424775e+00 -3.75907093e-01 1.58130676e-01
    8.87575030e-01 9.75555301e-01 1.10169268e+00 -2.16134757e-01
    3.80461037e-01 -3.66168618e-01 1.12271285e+00 -2.67484725e-01
    4.09698784e-02 1.20651722e+00 3.41158181e-01 -3.49667728e-01
    1.51234353e+00 1.01503879e-01 1.06321788e+00 5.57401776e-03
    4.73773777e-01 1.11868525e+00 1.14505148e+00 6.63176298e-01
    1.49066830e+00 -1.17816478e-01 1.19041657e+00 6.85356617e-01
    7.64394403e-01 1.11964643e+00 -3.22280258e-01 -2.63495982e-01
    3.22028100e-01 -4.29965198e-01 3.63660753e-01 -3.41357946e-01
    4.90591526e-02 1.09821665e+00 8.97204459e-01 5.49724162e-01
    3.21705282e-01 8.17161262e-01 9.39876080e-01 5.91964364e-01
    -1.22921020e-01 1.17301893e+00 -1.76658362e-01 4.85565722e-01
    1.05366313e+00 -1.70164138e-01 7.72777498e-01 1.37959003e+00
    2.49632239e-01 1.19279957e+00 1.33549070e+00 1.26252699e+00
    1.45094323e+00 7.17857122e-01 1.34806812e+00 9.09928620e-01
    -1.64610833e-01 7.40106225e-01 1.05674291e+00 8.58231485e-01
    3.84053409e-01 -8.26907456e-02 6.86191618e-01 4.49716687e-01
    2.60256708e-01 2.70918190e-01 4.53245997e-01 1.05309749e+00
    -3.04937661e-02 -4.76732582e-01 -4.32492495e-02 1.01168454e+00
    7.61066258e-01 7.59700239e-01 2.74539113e-01 7.66370654e-01
    7.07053006e-01 1.08286393e+00 3.94070506e-01 -1.10760033e-01
    2.13987529e-01 9.14457679e-01 9.27546024e-01 1.48756814e+00
    -3.89272839e-01 8.18778276e-02 -1.14539206e-01 1.38952696e+00
    7.65976846e-01 -4.65121627e-01 -3.27585369e-01 1.20230341e+00
    6.13922954e-01 -1.48917139e-01 -1.28584415e-01 4.31581974e-01
    2.22542942e-01 1.16132557e+00 4.70124871e-01 4.64629799e-01
    6.94510818e-01 -4.13570613e-01 1.45034194e-02 1.20528007e+00
    -2.26848781e-01 1.38921356e+00 4.00762081e-01 1.40226960e-01
    1.37482119e+00 3.77101034e-01 -5.45744896e-02 7.72919774e-01
    1.39906347e+00 -2.34354079e-01 1.92004621e-01 7.15561271e-01
    1.12599111e+00 1.13527179e-01 2.92363882e-01 6.04680657e-01
    4.89604414e-01 -2.84823149e-01 7.77376533e-01 -3.87082398e-02
    9.28343654e-01 1.02238035e+00 7.57005811e-03 -2.67071545e-01
    1.33844662e+00 1.16696393e+00 1.13017225e+00 -2.16351688e-01
    1.45030093e+00 6.13424361e-01 4.85494912e-01 -3.07231784e-01
    -4.72008586e-01 3.63847613e-02 9.07872200e-01 9.55203474e-01
    1.12742937e+00 1.29925108e+00 -4.98423904e-01 4.31184888e-01
    -1.67814136e-01 1.47576284e+00 1.43193054e+00 2.50781536e-01
    4.15736318e-01 -2.15477198e-01 -2.70351231e-01 4.94211435e-01
    -5.24668336e-01 8.03273797e-01 -1.15069956e-01 1.07946265e+00
    5.86306095e-01 7.95043707e-02 6.22183800e-01 8.19205225e-01
    -1.29529476e-01 3.25952709e-01 1.20231807e-01 5.49018383e-01
    -4.53508735e-01 8.08411419e-01 9.77252603e-01 -2.94395655e-01
    1.37314725e+00 1.12464309e+00 1.46911025e+00 -1.86180979e-01
    5.03206313e-01 -2.56818533e-03 6.86826110e-02 1.03639007e-01
    2.06931233e-01 2.66408384e-01 1.50046802e+00 9.70120728e-01
    1.31454873e+00 8.36938202e-01 -2.02865481e-01 2.40127534e-01
    2.42235661e-02 1.02122223e+00 4.90198195e-01 -3.10706168e-01
    1.11182249e+00 1.04499006e+00 -3.28025281e-01 3.57093334e-01
    -1.07850432e-02 -3.69975686e-01 6.25257552e-01 3.56625199e-01
    2.93891132e-01 7.28027523e-01 1.35658789e+00 5.67653179e-01
    1.41690397e+00 1.45969439e+00 7.58586466e-01 1.16489625e+00
    -3.20823371e-01 4.30776417e-01 4.09551919e-01 1.08784580e+00
    5.55202484e-01 6.94639325e-01 2.18515813e-01 9.58490014e-01
    5.16749442e-01 3.26381862e-01 9.46723461e-01 -4.27491128e-01
    1.06455135e+00 6.23484850e-01 -5.00110149e-01 1.99069977e-02
    2.91158974e-01 1.02790105e+00 1.17974520e+00 -2.11848021e-02
    6.70636296e-02 1.19317412e+00 7.66553998e-01 8.32715511e-01
    1.65954888e-01 -4.63016033e-02 3.73434395e-01 2.24408150e-01
    3.94563437e-01 1.37334657e+00 -2.21303582e-01 4.65276033e-01
    1.26380765e+00 9.31217730e-01 3.35402250e-01 1.34472096e+00
    1.49981880e+00 7.76818931e-01 8.00910771e-01 -3.12725246e-01
    8.33960176e-02 1.07469511e+00 4.08494771e-01 1.09680533e-01
    1.46433473e+00 6.02970004e-01 7.73369908e-01 4.73533809e-01
    1.20571887e+00 8.71356845e-01 7.27790713e-01 6.51910305e-01
    1.41632473e+00 4.86000478e-01 7.54515529e-01 -2.68394649e-01
    1.24755669e+00 1.50306284e+00 -2.33516023e-01 6.42765880e-01
    1.06023324e+00 8.55548322e-01 4.82071877e-01 -2.54530668e-01
    6.05195880e-01 -6.19632900e-02 -4.27515209e-01 9.21702504e-01
    1.76008046e-02 4.36304331e-01 9.35276628e-01 3.10976118e-01
    1.50369310e+00 1.21213710e+00 6.74745321e-01 1.23875356e+00
    8.03588748e-01 9.05931354e-01 -2.11404115e-01 2.98190415e-02
    1.03237736e+00 7.93297529e-01 1.87585950e-02 2.24982619e-01
    -4.53781903e-01 2.88170010e-01 -2.79290497e-01 -1.81637228e-01
    5.30844033e-01 1.41830313e+00 -1.62638217e-01 9.58082438e-01
    5.40070295e-01 1.30383337e+00 8.59787464e-01 6.56338334e-02
    5.71270287e-01 7.26592720e-01 -3.43151629e-01 2.44768858e-02
    -4.86875474e-02 -1.39611810e-01 1.21873236e+00 1.47733736e+00
    1.10836971e+00 1.07761121e+00 1.40785718e+00 4.91946995e-01
    7.97761559e-01 1.38728237e+00 -8.97663832e-03 1.29502165e+00
    1.96741164e-01 -3.67136568e-01 4.47246909e-01 6.23333514e-01
    3.71501744e-01 1.72043502e-01 9.39862430e-01 4.50664937e-01
    2.46307015e-01 4.77797031e-01 1.23720145e+00 7.57002592e-01
    -2.06035376e-01 3.62431049e-01 6.81546390e-01 1.31020498e+00
    6.06838107e-01 8.86769474e-01 1.25801539e+00 1.02470374e+00
    -1.01860434e-01 -4.78724986e-01 1.12155056e+00 -2.25546241e-01
    1.43797255e+00 6.73418522e-01 3.59778762e-01 -1.95894837e-01
    1.28362465e+00 1.25166178e-01 1.41163135e+00 3.25794876e-01
    1.34182125e-01 1.37345684e+00 1.02994990e+00 4.71966624e-01
    -3.11615556e-01 -4.31200027e-01 2.62845576e-01 -3.95101279e-01
    2.87863702e-01 1.20850325e+00 2.01014698e-01 1.08313096e+00
    1.47646332e+00 1.49499202e+00 4.19461727e-02 -1.97450519e-02
    7.82141268e-01 2.59432077e-01 1.00688100e+00 8.07756424e-01
    6.22680724e-01 -1.28560483e-01 6.99587047e-01 7.93492913e-01
    -4.79000419e-01 -1.88378215e-01 -7.26049840e-02 -7.65592158e-02
    3.68269295e-01 4.58608270e-02 7.30091929e-01 4.55100536e-02
    -1.43846095e-01 1.40530252e+00 6.45239294e-01 -1.93524003e-01
    -8.72246027e-02 1.41130209e-01 1.34419537e+00 4.24880266e-01
    -3.62452865e-02 4.83724952e-01 1.04127991e+00 1.43617630e-01
    1.10302615e+00 6.92192495e-01 -4.21116054e-01 1.96915388e-01
    9.63732898e-01 1.05525565e+00 -1.72555596e-01 1.27511191e+00
    8.23931158e-01 1.16684449e+00 1.49467587e-02 4.65751052e-01
    9.16496754e-01 1.31848872e-01 1.25482941e+00 2.21460223e-01
    1.22860980e+00 7.99419820e-01 1.11585081e-01 7.18160212e-01
    -4.84426409e-01 1.06163323e-01 -2.73430049e-02 7.62883544e-01
    2.77450204e-01 1.06860995e+00 6.66736364e-01 -3.96176994e-01
    -1.89567775e-01 8.43647957e-01 3.48039567e-01 1.33632720e-02
    1.18470311e+00 5.17421663e-01 6.95602894e-01 7.19059110e-01
    1.11658168e+00 -1.12079263e-01 1.23143995e+00 4.60500121e-01
    8.95773530e-01 9.25837517e-01 7.10666656e-01 2.04685569e-01
    3.52817088e-01 1.08708131e+00 1.99469328e-01 1.22655958e-01
    -3.10391068e-01 1.00164557e+00 8.31469655e-01 -3.04483324e-01
    4.62013960e-01 1.18326700e+00 1.00398183e+00 1.10458302e+00
    3.81619930e-01 8.35688055e-01 6.86613083e-01 1.29516125e-01
    1.43937945e+00 3.23652029e-01 1.39261770e+00 7.63946295e-01
    5.55956900e-01 9.38661158e-01 1.82031989e-02 1.35809624e+00
    1.97974324e-01 -4.56596345e-01 6.87946439e-01 -3.90115976e-01
    1.01562691e+00 1.04865885e+00 8.66796374e-02 1.09869063e-01
    3.98284078e-01 7.72747695e-01 -1.47095829e-01 6.15192950e-01
    1.36704803e+00 9.06507552e-01 7.96928823e-01 1.23738980e+00
    8.29247594e-01 1.81156576e-01 1.14132261e+00 1.75176859e-02
    1.41700256e+00 1.31507158e-01 1.37692261e+00 -2.06585318e-01
    4.13601458e-01 -2.91165590e-01 8.62769485e-01 1.38631213e+00
    5.72752237e-01 1.94065571e-01 1.94274724e-01 1.92447513e-01
    -3.02696198e-01 7.02420413e-01 -4.44815844e-01 -1.05153322e-01
    1.05393195e+00 5.80898821e-01 6.67947471e-01 4.42358494e-01
    -2.93413103e-01 8.44435096e-01 8.32466424e-01 2.61862695e-01
    9.94049907e-02 1.63845837e-01 9.41091716e-01 4.50370908e-02
    9.90016758e-01 7.97645628e-01 3.62567544e-01 5.35696745e-03
    5.79972982e-01 9.90764141e-01 5.56851566e-01 -2.46093273e-01
    4.71537411e-01 -6.82544112e-02 1.00648355e+00 1.06669116e+00
    4.04600233e-01 1.41250992e+00 2.33564377e-02 6.41141891e-01
    1.00311816e+00 3.39553773e-01 -7.25254416e-02 -3.14190120e-01
    1.09484529e+00 1.07165545e-01 1.05219054e+00 1.12014830e-01
    8.87970507e-01 3.84563804e-02 -1.95349544e-01 -2.51694918e-01
    -4.37552899e-01 3.72113347e-01 1.20235395e+00 -9.26297307e-02
    7.32010901e-01 1.15011537e+00 1.01619887e+00 -4.23881292e-01
    -2.96647429e-01 4.10066128e-01 5.30865908e-01 -4.85374033e-02
    3.25205922e-02 -3.57153654e-01 1.10512817e+00 2.10475951e-01
    -6.59146309e-02 1.46965289e+00 -3.22674394e-01 3.57061148e-01
    6.37654305e-01 1.21262741e+00 -2.63622582e-01 9.52360570e-01
    1.31519723e+00 4.46190000e-01 9.46529865e-01 1.35660005e+00
    -4.91563916e-01 1.00321090e+00 -2.43603021e-01 4.24150765e-01
    2.33846128e-01 -1.09232575e-01 1.18594825e-01 -2.85483390e-01
    7.84746647e-01 1.09544063e+00 3.30906510e-01 2.35724151e-01
    -4.50053871e-01 6.24752045e-02 5.02105415e-01 1.39940262e+00
    -2.88307667e-02 7.48555660e-01 1.34451163e+00 6.81778133e-01
    1.12610960e+00 1.93115950e-01 6.26581073e-01 1.19258785e+00
    2.51471639e-01 1.10574698e+00 -1.13094062e-01 -6.32172823e-02
    3.13034952e-01 1.79934561e-01 5.92584491e-01 5.49844503e-02
    -1.03780955e-01 -1.50422782e-01 1.42469704e+00 2.86722004e-01
    -1.29688889e-01 7.54553914e-01 6.34795904e-01 -1.67566091e-01
    4.07878995e-01 5.19490898e-01 5.58508635e-01 5.41460574e-01
    1.20650518e+00 -3.56271684e-01 4.21830565e-01 1.18208337e+00
    2.58048892e-01 6.37967050e-01 8.88560057e-01 5.87375820e-01
    -3.29260707e-01 -5.34240305e-02 1.22869372e-01 -4.98918593e-01
    4.73750830e-01 -2.56157935e-01 9.25355136e-01 -3.09560359e-01
    1.04969978e+00 3.93300712e-01 7.73663521e-01 1.26410103e+00
    1.21741557e+00 1.40222096e+00 -7.70187080e-02 7.31472611e-01
    1.02245927e+00 1.37388378e-01 -2.83501029e-01 1.30964589e+00
    -3.50871980e-02 -3.80542696e-01 8.12669396e-01 6.11372471e-01
    2.85080671e-01 5.39157152e-01 6.74397290e-01 8.52224052e-01
    3.89601529e-01 1.18611121e+00 6.20652080e-01 3.83357286e-01
    5.87456346e-01 5.24707437e-02 1.40000522e+00 -4.77978736e-01
    1.39398980e+00 -5.20245671e-01 7.65378177e-01 5.27738512e-01
    9.69336689e-01 5.48777461e-01 8.57375741e-01 -7.30901062e-02
    1.30814886e+00 1.16788340e+00 -8.76642466e-02 -2.65417218e-01
    -4.47824001e-01 9.51361299e-01 1.46102309e+00 8.59947860e-01
    1.26066649e+00 2.24892735e-01 -1.64768904e-01 6.77102625e-01
    7.30716765e-01 -3.47745121e-02 5.02474427e-01 9.85827327e-01
    1.00662947e+00 1.17190742e+00 5.23276806e-01 -2.60701895e-01
    -7.97000229e-02 2.04178810e-01 -3.86975884e-01 1.32620513e-01
    6.15272641e-01 7.46079564e-01 3.86295795e-01 1.34549141e-02
    6.88028574e-01 1.32106209e+00 -3.55690420e-02 6.16255641e-01
    3.83139133e-01 -8.71982574e-02 6.85080111e-01 3.82565260e-02
    1.71472609e-01 -1.86526716e-01 1.11853445e+00 2.56778121e-01
    -4.14529860e-01 2.69633055e-01 -3.30330819e-01 -2.28233337e-02
    4.94231403e-01 -3.74946922e-01 5.71176410e-01 -4.58479196e-01
    8.82884085e-01 1.05492771e+00 7.22323775e-01 -1.60298109e-01
    6.66120470e-01 1.02951109e+00 1.05311847e+00 1.38716149e+00
    -1.04757547e-02 -4.75982279e-01 -8.21034908e-02 1.27416539e+00
    -3.35212409e-01 4.80188906e-01 6.66232646e-01 -2.53539622e-01
    -3.23838174e-01 1.38114119e+00 1.31474876e+00 1.23797095e+00
    1.26314569e+00 3.12936842e-01 -4.05354947e-01 1.02132463e+00
    -1.64034635e-01 -1.03395075e-01 4.30999219e-01 1.37743258e+00
    8.75022411e-02 6.49924815e-01 5.51780283e-01 7.25505292e-01
    -4.85562980e-02 1.01279187e+00 1.00408101e+00 6.90829933e-01
    8.42660367e-01 1.24599528e+00 8.92682672e-02 1.46148115e-01
    -4.45938706e-01 1.19847047e+00 -4.28971380e-01 8.80782187e-01
    1.03765416e+00 1.20679140e+00 1.69005990e-02 1.46871269e+00
    -5.54061830e-02 4.80532825e-01 6.26270175e-02 1.10180271e+00
    1.19374335e+00 5.08421361e-01 1.37123466e+00 1.16454005e+00
    -2.22570449e-01 -1.68093890e-01 6.66683793e-01 8.08789730e-01
    1.46678805e-01 3.32368672e-01 3.50750923e-01 6.49485528e-01
    1.32141304e+00 -3.12847435e-01 6.67461276e-01 -1.65759444e-01
    1.65634632e-01 1.07887983e+00 4.49137002e-01 -3.97260994e-01
    -1.43974125e-01 9.42987323e-01 1.13153899e+00 -1.11561567e-01
    4.04223949e-01 -7.30673373e-02 4.78655159e-01 1.12450504e+00
    1.08237529e+00 4.04769987e-01 -3.69440764e-01 1.50257945e+00
    1.11632097e+00 6.23203337e-01 1.09135032e+00 1.44056630e+00
    -1.62506282e-01 6.72001004e-01 1.40507805e+00 1.29048193e+00
    -3.51331115e-01 1.39541674e+00 1.20392412e-01 -2.67907500e-01
    4.33740556e-01 6.14071608e-01 3.31198275e-02 1.11498088e-01
    5.39528608e-01 1.01408422e-01 1.98847711e-01 1.08745861e+00
    3.13449264e-01 -3.94525975e-01 -9.29834545e-02 1.45807445e+00
    6.47681355e-01 5.34647167e-01 9.71291900e-01 -1.37345850e-01
    -3.23335588e-01 1.29840410e+00 8.97497594e-01 5.61746061e-02
    -3.13881844e-01 8.14282358e-01 1.12803221e+00 1.21215057e+00
    4.07883465e-01 2.45360732e-01 2.00735152e-01 1.11820459e-01
    -5.18303156e-01 1.46155477e+00 1.11826277e+00 -2.98098326e-02
    1.16913307e+00 1.38516450e+00 8.22592318e-01 1.41725564e+00
    1.14127827e+00 4.96917725e-01 1.32296658e+00 1.21889997e+00
    -3.80933225e-01 -2.65397966e-01 1.20744264e+00 2.96518385e-01
    -3.01155418e-01 9.96373892e-01 1.07259631e+00 3.68303120e-01
    1.18177128e+00 1.44475269e+00 4.13050205e-01 1.02322340e+00
    -3.12759578e-02 3.76109779e-01 -1.42277658e-01 1.23867059e+00
    3.35616142e-01 -2.26920992e-01 3.63128394e-01 5.77675462e-01
    6.21787906e-01 2.48040676e-01 1.50699186e+00 9.69031274e-01
    1.28947771e+00 7.69181073e-01 8.80674064e-01 5.01868129e-01
    1.08498192e+00 1.60572469e-01 4.60242033e-02 2.98210025e-01
    1.76242054e-01 3.62678051e-01 8.39251399e-01 1.24185562e+00
    -2.85121977e-01 1.95801437e-01 3.82519603e-01 6.24848008e-01
    8.42598736e-01 8.64095449e-01 1.34998286e+00 2.64940858e-01
    1.18645787e+00 1.01872122e+00 1.07051075e-01 1.37942958e+00
    -5.66524267e-03 -7.75574148e-02 1.16122961e+00 9.57417488e-03
    -4.82670516e-01 1.68053687e-01 -3.90324354e-01 -3.28791857e-01
    4.56971526e-02 -4.34281588e-01 1.31339908e-01 5.32840788e-01
    1.13793015e+00 8.89432549e-01 -1.78867340e-01 7.74695873e-02
    -2.95030683e-01 1.40181494e+00 1.34751570e+00 1.43420768e+00
    1.12672544e+00 1.28413606e+00 -1.10240877e-01 5.55030704e-01
    4.45743024e-01 6.84840024e-01 4.10389304e-02 5.79438031e-01
    1.24118328e+00 9.90865588e-01 -4.01139170e-01 9.78816748e-02
    9.90049601e-01 5.02392650e-02 1.21931088e+00 3.21714401e-01
    -1.68486059e-01 7.24727929e-01 5.04716814e-01 1.41274667e+00
    3.70560944e-01 -2.73370445e-02 1.31756973e+00 4.72132683e-01
    -2.86417305e-01 1.24233413e+00 -4.37195778e-01 1.42983115e+00
    1.13084984e+00 8.41277003e-01 -2.32598573e-01 3.18193197e-01
    3.12336802e-01 7.71738350e-01 1.10722876e+00 4.81457233e-01
    1.08052623e+00 -4.90220606e-01 -1.96531951e-01 1.39626932e+00
    1.42540550e+00 9.61678803e-01 1.30739117e+00 1.36360455e+00
    8.29978645e-01 1.46980238e+00 9.81798172e-01 1.26579881e+00
    -9.23720300e-02 -2.13410586e-01 3.81725669e-01 1.46173835e-02
    6.10359192e-01 1.16293216e+00 4.09407020e-02 -2.25173891e-01
    4.50641513e-01 -8.00071359e-02 1.11577153e+00 5.55891931e-01
    1.78178608e-01 2.06146896e-01 -4.97512281e-01 2.91426301e-01
    -3.91789675e-01 7.99221992e-02 3.75008583e-03 5.98757207e-01
    -3.13157141e-01 9.95614707e-01 9.49199677e-01 8.73588443e-01
    7.44268894e-01 1.15688896e+00 -2.91644692e-01 -4.96528447e-01
    1.22929645e+00 1.16645932e+00 4.11664844e-01 1.24011707e+00
    1.43622303e+00 1.20371175e+00 5.89712620e-01 -2.57597148e-01
    -4.91627157e-02 2.34066069e-01 9.50382948e-02 8.47223282e-01
    2.67455757e-01 -1.99631512e-01 -4.58463997e-01 8.89560163e-01
    1.33491325e+00 -7.82006979e-03 9.58155215e-01 -3.43958139e-01
    2.28369415e-01 1.43857861e+00 -4.76971537e-01 8.13739300e-02
    4.13404882e-01 -9.18492377e-02 -2.85413265e-02 8.06306243e-01
    1.22509992e+00 7.99772918e-01 1.26885653e+00 4.90458608e-02
    9.52776492e-01 1.18738544e+00 1.36133742e+00 1.64535403e-01
    9.80101764e-01 4.80233014e-01 5.89175344e-01 8.03363979e-01
    -2.25907743e-01 5.72534502e-02 1.27164960e+00 2.74205625e-01
    1.03485787e+00 1.20583922e-01 8.65936279e-04 9.79276478e-01
    -2.88043946e-01 4.44516629e-01 2.54153401e-01 8.53431582e-01
    -1.83781624e-01 -2.17054248e-01 -5.25906086e-02 -2.47532383e-01
    1.46582341e+00 9.63893354e-01 -2.38104492e-01 1.81262583e-01
    3.83431554e-01 1.37092996e+00 5.62995672e-02 2.49728024e-01
    6.92113280e-01 9.54204857e-01 9.53606725e-01 1.38817525e+00
    8.41965914e-01 3.52991968e-01 1.11475253e+00 1.32219946e+00
    1.16189194e+00 9.35073972e-01 -1.35139227e-02 1.54666603e-01
    4.10552323e-01 7.12724209e-01 2.85067856e-01 2.49115884e-01
    7.59523988e-01 1.01753330e+00 3.20470512e-01 8.25261891e-01
    -2.96331346e-02 6.46615803e-01 4.25579190e-01 1.72407746e-01
    -2.56297618e-01 2.00660467e-01 3.82783771e-01 -4.29217130e-01
    -9.72921848e-02 -4.98359263e-01 1.08195162e+00 -5.59296906e-02
    -6.20851517e-02 4.49819565e-02 -1.06846154e-01 -4.33637977e-01
    3.51470232e-01 7.78116226e-01 -2.58575976e-01 1.44464552e+00
    1.42232406e+00 3.00342560e-01 1.48984408e+00 3.20545852e-01
    4.62823212e-01 7.26164937e-01 1.38353837e+00 7.03945518e-01
    -1.53523445e-01 -2.12699503e-01 3.76437306e-01 5.74270487e-01
    -2.76656628e-01 8.29462409e-01 1.86116755e-01 1.07995903e+00
    -3.00078213e-01 6.54290259e-01 2.31917888e-01 1.44160008e+00
    9.57188010e-01 -2.99165368e-01 3.30887675e-01 1.18399835e+00
    1.40019739e+00 1.48735988e+00 1.09096313e+00 -8.25730562e-02
    1.32568061e-01 1.19594657e+00 1.18334877e+00 1.04915059e+00
    -2.91480541e-01 4.11913395e-02 9.15597975e-01 -3.23554814e-01
    8.49206030e-01 1.23459673e+00 1.20336461e+00 4.46167588e-02
    3.89907539e-01 9.75756943e-01 1.38098872e+00 1.00583076e+00
    1.44744444e+00 -2.85244882e-01 1.32188225e+00 1.25971878e+00
    3.94617319e-01 6.80263042e-01 -7.81347454e-02 9.11799073e-01
    1.08387864e+00 -3.93888623e-01 1.17590225e+00 7.21644580e-01
    2.38841087e-01 -4.85332638e-01 1.31786585e+00 -8.88850987e-02
    1.50456131e+00 -4.02920067e-01 -2.47592866e-01 6.18182957e-01
    7.54091859e-01 3.75489295e-01 -3.88073862e-01 1.12868881e+00
    5.04215062e-01 1.36768055e+00 2.52756536e-01 1.21586347e+00
    1.21453893e+00 3.59145761e-01 1.11117864e+00 9.82095599e-02
    3.27372611e-01 5.06735206e-01 3.95566821e-01 1.93925977e-01
    -3.37149382e-01 -7.52890110e-03 9.25442696e-01 1.02159584e+00
    -1.07453942e-01 9.21606660e-01 -4.62854415e-01 4.40306604e-01
    -1.75003320e-01 1.93479061e-01 1.01446295e+00 1.06243587e+00
    -1.55666769e-02 1.28440440e+00 1.19333649e+00 1.10881186e+00
    1.31874466e+00 6.53126657e-01 8.29167962e-02 -4.14278328e-01
    -4.99140531e-01 1.02385926e+00 1.62579060e-01 -2.12808073e-01
    8.81584942e-01 -4.14315641e-01 -3.70714009e-01 -1.85067147e-01
    5.01963377e-01 9.65346754e-01 1.08142471e+00 9.88438368e-01
    -2.05302835e-01 -6.53886199e-02 -2.07104713e-01 1.36303425e+00
    4.35774654e-01 -4.04589415e-01 4.09129918e-01 6.92727089e-01
    -3.25881094e-01 3.27866554e-01 1.38469255e+00 7.67790437e-01
    1.99229419e-01 -2.08121836e-01 8.80143940e-01 3.38139534e-02
    3.31695080e-02 -1.21815801e-02 6.19455218e-01 1.46172428e+00
    6.73241138e-01 2.36739993e-01 1.32968163e+00 1.09133446e+00
    1.27080965e+00 4.98515368e-02 1.39940083e+00 1.46306396e+00
    -1.32796705e-01 2.25743651e-01 1.10756159e-02 1.45676935e+00
    2.86084533e-01 1.33983850e+00 1.79428697e-01 1.07615304e+00
    1.40052390e+00 9.61676300e-01 1.19444931e+00 1.03998804e+00
    8.74538064e-01 -3.06742966e-01 -4.49168473e-01 6.65684521e-01
    1.06409860e+00 9.42795455e-01 1.41475320e-01 -1.17044449e-01
    9.31035757e-01 9.15514827e-01 4.32233334e-01 9.76690054e-02
    4.92432296e-01 -3.18041831e-01 1.06647491e+00 1.48294783e+00
    6.95430636e-02 3.52738857e-01 1.03552175e+00 4.29755449e-02
    1.22627425e+00 2.39061058e-01 7.31420517e-03 1.07855344e+00
    -4.16341156e-01 3.01754177e-01 -2.48585343e-02 -5.06038606e-01
    -1.03093714e-01 1.76060438e-01 -2.34895438e-01 1.01592529e+00
    8.15076470e-01 5.06031334e-01 1.30125380e+00 -6.33314848e-02
    5.05942941e-01 -1.44262820e-01 5.00478506e-01 6.59280002e-01
    2.93488920e-01 8.33537340e-01 8.05889130e-01 -3.26104492e-01
    7.70755410e-01 5.15554130e-01 3.44884098e-01 3.15119505e-01
    2.98446894e-01 -1.64919794e-01 -2.01789916e-01 9.76889670e-01
    -2.74459839e-01 4.53854561e-01 1.50415587e+00 1.13963366e-01
    2.32704997e-01 7.08233297e-01 1.48915315e+00 1.04362869e+00
    6.12310648e-01 1.41702175e+00 6.22176230e-01 -3.93752873e-01
    1.10748684e+00 4.72761750e-01 5.89507580e-01 3.94216776e-01
    8.11111033e-01 9.46808398e-01 5.62838733e-01 4.40964133e-01
    -4.10021037e-01 1.07461464e+00 1.02534151e+00 7.71654129e-01
    4.47771162e-01 -1.37265921e-01 2.77076662e-01 2.88023293e-01
    -3.37273896e-01 -2.36529112e-03 7.04072118e-02 1.45004797e+00
    1.24079943e+00 8.38083744e-01 1.04414439e+00 7.90416539e-01
    7.19684958e-02 8.12170863e-01 1.36258972e+00 1.32665277e+00
    8.43604147e-01 1.30152023e+00 8.39859962e-01 2.02915013e-01
    -2.93116629e-01 4.34567988e-01 7.60384262e-01 2.73889661e-01
    -3.12754750e-01 1.47463822e+00 4.39389169e-01 7.04795718e-02
    9.47933495e-01 1.04830360e+00 5.54166615e-01 -3.14949185e-01
    1.20491326e-01 -2.91541338e-01 1.17616045e+00 5.58289647e-01
    1.25942397e+00 -3.03262472e-03 -3.19539726e-01 1.47022033e+00
    -4.76864427e-01 1.13534546e+00 6.04633331e-01 6.71359718e-01
    -6.58516586e-02 8.22713673e-01 1.51247275e+00 -3.33223313e-01
    3.51677775e-01 -1.90472245e-01 2.02413797e-02 1.46094084e+00
    -1.25539213e-01 5.10646343e-01 9.17431653e-01 5.53861737e-01
    -1.15489483e-01 9.45755780e-01 1.17303944e+00 1.10894024e-01
    4.74038720e-01 1.22141671e+00 8.03758800e-01 8.98364246e-01
    -5.04086614e-01 7.42806792e-01 7.97789335e-01 1.44468939e+00
    -2.46248513e-01 9.32589948e-01 1.34139061e-02 -2.12266803e-01
    9.01186883e-01 1.35799015e+00 9.37869787e-01 6.41272366e-01
    3.79123628e-01 3.65779340e-01 -4.65664357e-01 -3.33746552e-01
    1.07323647e+00 1.29597962e+00 1.28990209e+00 1.02469063e+00
    -6.39906824e-02 9.76785421e-01 5.73490024e-01 3.11381489e-01
    -1.96369886e-02 1.20177686e+00 9.18579578e-01 3.37504745e-01
    7.54410088e-01 -2.00704724e-01 6.92095220e-01 1.41297817e-01
    1.41852498e+00 1.01613879e+00 6.37584329e-02 5.04712224e-01
    1.31530309e+00 1.47119474e+00 1.01384521e+00 1.37481236e+00
    -4.52732325e-01 1.14832127e+00 7.61297584e-01 1.33971083e+00
    1.02084351e+00 1.22874582e+00 1.35451603e+00 8.10281217e-01
    -2.29995698e-01 1.10487425e+00 9.87390876e-02 -3.90694469e-01
    9.03898954e-01 7.17813432e-01 5.84587455e-01 -3.92605752e-01
    -6.72404170e-02 -3.80258560e-02 8.26824665e-01 -1.15309864e-01
    -3.75701129e-01 3.08197021e-01 1.18175483e+00 1.42816985e+00
    -5.00765741e-02 -3.86218071e-01 1.34276175e+00 1.02680397e+00
    8.56734395e-01 2.30565488e-01 -1.24297649e-01 5.30895650e-01
    1.14872396e-01 -2.13949800e-01 8.28466475e-01 2.37884045e-01
    7.47654855e-01 1.07021713e+00 9.17698622e-01 -1.77064300e-01
    -2.00227201e-02 9.96541142e-01 -2.20712334e-01 -4.34140652e-01
    6.12151861e-01 8.85980368e-01 4.83760893e-01 1.11975110e+00
    1.28038359e+00 2.84667909e-01 1.08592105e+00 6.00995243e-01
    8.50716889e-01 2.31917799e-01 -1.15684360e-01 1.13993287e-02
    -1.85665667e-01 5.22202432e-01 -3.73024225e-01 1.39249682e-01
    -1.13027036e-01 1.16272330e+00 1.32846355e+00 1.05425358e+00
    1.26764655e+00 -2.82418728e-01 1.40746808e+00 -2.56294370e-01
    9.09906328e-01 1.12631476e+00 8.89103830e-01 5.33027828e-01
    2.85390377e-01 2.39138007e-02 4.45037067e-01 1.24424720e+00
    -3.52546990e-01 1.45058632e+00 -2.21581876e-01 -1.79600716e-01
    1.80755973e-01 9.63273644e-01 4.33858335e-01 4.09121513e-01
    9.41924512e-01 1.15726686e+00 -4.59730119e-01 -2.33776629e-01
    1.03762865e+00 5.91902673e-01 -7.95973539e-02 6.34642780e-01
    1.00240564e+00 4.33806777e-02 1.77195549e-01 5.72446287e-01
    -4.50248897e-01 1.16973114e+00 1.49201059e+00 8.84447694e-01
    -3.83258462e-01 -2.82054543e-01 3.44267488e-02 8.17953646e-01
    -2.85853148e-01 -3.27913284e-01 1.88727319e-01 -3.15574706e-01
    1.04013920e-01 -3.13928813e-01 1.30062723e+00 5.14106154e-02
    1.20909011e+00 1.15694928e+00 2.93648243e-03 9.88232374e-01
    6.85816288e-01 3.67900372e-01 1.37348950e+00 9.48051929e-01
    1.03445780e+00 2.99064487e-01 1.39464450e+00 -3.33519816e-01
    -3.19146574e-01 5.14958858e-01 -5.27885556e-02 7.90516138e-01
    5.02392411e-01 3.87495428e-01 1.49904013e+00 -1.02047056e-01
    1.35177994e+00 -1.64882511e-01 -1.72522426e-01 5.05506158e-01
    2.75060534e-02 6.87218368e-01 7.64183283e-01 1.12511086e+00
    6.46571517e-02 -2.32013077e-01 2.88147271e-01 1.41029072e+00
    1.38391733e+00 2.28181481e-01 -2.91549027e-01 5.43903410e-01
    -2.98113674e-01 1.40394783e+00 1.41145968e+00 -1.23486102e-01
    1.51808500e+00 7.59993255e-01 4.39438641e-01 1.17635822e+00
    1.11703753e+00 4.84723032e-01 9.62136984e-01 -5.03061175e-01
    -4.11983430e-01 1.03967190e-02 8.88848543e-01 3.57915998e-01
    1.11661673e+00 -3.46053571e-01 4.87328768e-02 -1.67816818e-01
    1.47975564e+00 -3.19055736e-01 3.10225725e-01 9.55254197e-01
    -7.55424798e-02 1.36584973e+00 8.69221270e-01 9.64778066e-02
    1.29472661e+00 -2.28143930e-01 5.42955637e-01 4.36632335e-01
    3.67820263e-03 5.90067863e-01 2.97809482e-01 -2.90486187e-01
    -3.10699761e-01 8.31740201e-01 -9.76702869e-02 9.97592509e-01
    6.02223873e-02 -2.23643541e-01 -3.81258488e-01 8.97111475e-01
    -3.36111963e-01 -3.71162534e-01 9.21204686e-02 -4.59765911e-01
    1.25255311e+00 8.00089836e-01 -1.17652506e-01 8.42177808e-01
    -1.83835447e-01 4.47213054e-01 1.16405869e+00 9.94374037e-01
    -9.49283838e-02 1.20504177e+00 7.65726745e-01 -4.36515182e-01
    5.93243420e-01 7.48273253e-01 5.06784916e-01 1.26499593e-01
    1.33124745e+00 1.43783033e+00 1.27613711e+00 -1.22392863e-01
    3.47949684e-01 3.96088660e-01 1.47613490e+00 5.92420280e-01
    4.84767199e-01 1.10576510e+00 1.37524295e+00 6.15623236e-01
    3.96756589e-01 -1.57937109e-01 -3.31362545e-01 1.51835799e-01
    2.62207091e-01 6.55385852e-02 -3.46002102e-01 -1.23032063e-01
    -5.56730032e-02 -3.16373646e-01 -1.81587040e-02 1.50504315e+00
    6.83437347e-01 9.42313969e-02 6.99700415e-01 -1.51363879e-01
    1.31060815e+00 9.52998757e-01 4.49945658e-01 4.41047490e-01
    6.31581128e-01 8.41192961e-01 1.68257236e-01 1.89867854e-01
    3.19209218e-01 1.38510776e+00 1.37876809e+00 7.58576453e-01
    1.26460421e+00 1.04295468e+00 -5.36691189e-01 7.46498108e-01
    9.02707398e-01 2.49460816e-01 3.18685472e-01 -3.46423686e-01
    1.69338644e-01 1.12714410e-01 9.13042903e-01 1.33902943e+00
    5.25492668e-01 2.17747450e-01 3.53315711e-01 7.18173862e-01
    1.49070883e+00 4.79427636e-01 -2.01515913e-01 1.54959023e-01
    3.86705160e-01 6.44620836e-01 4.76517379e-01 1.17099380e+00
    -1.20400131e-01 -1.95843905e-01 3.25621426e-01 9.59672093e-01
    1.38497651e+00 2.58880734e-01 1.24858856e+00 1.02462697e+00
    7.66162336e-01 3.82118046e-01 1.02691746e+00 3.04995298e-01
    -9.85074043e-03 2.03101754e-01 1.41744089e+00 1.26482725e+00
    1.10889578e+00 -2.19533473e-01 1.03591251e+00 9.01454687e-02
    1.42573392e+00 7.21718848e-01 1.19078875e+00 6.85982943e-01
    7.67864704e-01 1.27279341e-01 7.99479067e-01 7.61872351e-01
    1.09606934e+00 6.22258902e-01 -8.57287645e-02 -3.90404701e-01
    -3.34814847e-01 -4.14113581e-01 -2.97283530e-02 -5.28096497e-01
    1.25023150e+00 6.33209348e-01 4.80967462e-01 4.48371172e-01
    7.66213834e-01 1.14267147e+00 5.37504554e-02 2.76561081e-01
    1.52756095e-01 -4.08928782e-01 9.13017690e-01 -3.30282986e-01
    -5.14498591e-01 -5.05276024e-02 2.49061227e-01 1.24668217e+00
    3.96228313e-01 -4.84797090e-01 1.31451225e+00 1.34208572e+00
    5.20725608e-01 6.77128196e-01 2.03272164e-01 1.19360185e+00
    1.36738300e+00 2.76197612e-01 -2.52623200e-01 -1.36833787e-02
    -2.61549860e-01 1.22046423e+00 -1.04111791e-01 -8.34434628e-02
    3.65445316e-01 9.79984224e-01 5.34337282e-01 1.20058060e+00
    -1.37606889e-01 1.12399077e+00 1.03801191e-01 9.72288847e-02
    4.19444263e-01 9.83737290e-01 1.45771527e+00 3.98838520e-03
    4.46714759e-02 3.50500405e-01 1.44567823e+00 1.27908635e+00
    9.60191607e-01 1.06272566e+00 4.93801355e-01 1.37811494e+00
    1.10125422e+00 9.31618989e-01 5.83043337e-01 3.33121181e-01
    -3.81336749e-01 6.75935447e-01 1.26842260e+00 2.19039977e-01
    1.07583451e+00 9.69017863e-01 3.03242803e-01 -4.23416346e-01
    9.06770110e-01 -2.37829626e-01 -3.12452286e-01 9.55499470e-01
    -1.16869450e-01 3.29325855e-01 -4.85709399e-01 1.52898490e-01
    1.40419793e+00 2.49059260e-01 2.73575395e-01 1.38003469e+00
    -3.35394859e-01 -3.51091027e-01 -4.16507363e-01 1.00843143e+00
    -2.61189997e-01 1.20880783e-01 7.39043713e-01 6.50150418e-01
    5.12333214e-02 4.97584641e-02 1.40987110e+00 -1.77817196e-01
    2.54679024e-02 2.45589912e-02 2.07546383e-01 1.07016003e+00
    4.88385409e-01 1.03047323e+00 -3.35189968e-01 -2.26161182e-02
    1.99830294e-01 4.88785297e-01 1.23276663e+00 -4.20892864e-01
    1.42983150e+00 4.55627024e-01 -3.16911638e-01 6.48692489e-01
    1.22520924e-01 -4.42349911e-02 -2.82817841e-01 -1.93350017e-01
    -3.61570567e-01 1.35169661e+00 3.59642267e-01 4.63988036e-01
    4.38428640e-01 7.36802280e-01 1.46698046e+00 1.43317616e+00
    1.48538446e+00 6.71410978e-01 -3.62530440e-01 1.27902174e+00
    8.70918214e-01 4.63273227e-01 8.00065637e-01 7.93940425e-01
    2.07824647e-01 -4.60990995e-01 1.16915965e+00 1.09446883e+00
    2.39118993e-01 8.82037818e-01 -3.04618716e-01 -2.66479939e-01
    1.22911072e+00 3.87100577e-01 9.08572793e-01 -3.69210660e-01
    -1.59474701e-01 1.19311345e+00 7.53777504e-01 -2.06518501e-01
    3.79830360e-01 3.09122980e-01 1.39935493e+00 1.22402489e-01
    1.01673651e+00 -6.94203973e-02 1.11864281e+00 2.59525418e-01
    -1.20595366e-01 -4.99079227e-02 1.46729207e+00 1.24845719e+00
    1.06546307e+00 1.08955681e+00 -1.80012286e-01 -1.70133471e-01
    -3.81928563e-01 -1.86503381e-01 1.41671038e+00 1.19837844e+00
    1.14998913e+00 1.25265551e+00 3.91449690e-01 1.32297158e-01
    1.16739321e+00 1.28812313e+00 1.29269326e+00 -2.31170684e-01
    1.07413816e+00 1.40730000e+00 1.30452383e+00 1.01086497e+00
    6.02358103e-01 1.00668335e+00 -2.89471805e-01 2.35479057e-01
    1.06027818e+00 7.48832405e-01 -4.60892916e-02 1.12461722e+00
    7.80570626e-01 5.96573591e-01 8.73149931e-01 1.19384456e+00
    5.71479440e-01 1.48901367e+00 3.39077711e-02 5.11836052e-01
    1.02520299e+00 1.85464531e-01 1.28725159e+00 7.32979834e-01
    4.40081120e-01 -5.06168604e-01 -8.36364031e-02 4.32640731e-01
    6.18575454e-01 -4.68391061e-01 1.26851130e+00 2.18792260e-01
    1.38355255e+00 4.50875521e-01 1.13461626e+00 1.07654214e-01
    2.50516951e-01 -1.77560866e-01 1.10373604e+00 1.44986296e+00
    9.50337648e-01 -2.40164936e-01 5.29741287e-01 1.38313985e+00
    3.80480051e-01 6.86640859e-01 7.38114178e-01 -1.61809623e-01
    -4.38596010e-01 -3.80079806e-01 6.20747805e-01 1.00647926e-01
    4.34773088e-01 1.00592089e+00 1.11797404e+00 -4.17440891e-01
    1.40012956e+00 1.35724545e+00 -6.19672537e-02 1.38372934e+00
    9.47059631e-01 6.67852819e-01 4.05758679e-01 -2.44470209e-01
    1.13327789e+00 1.11427832e+00 4.08992529e-01 -4.09697086e-01
    7.96784043e-01 1.73903823e-01 1.43406868e+00 6.86519444e-02
    1.37317419e+00 8.93618345e-01 6.61968827e-01 -4.60351080e-01
    1.02920949e-01 1.19660187e+00 -4.88998353e-01 1.23993921e+00
    4.63266075e-01 -5.17630160e-01 1.41221333e+00 7.35863388e-01
    8.80085468e-01 1.02781844e+00 3.83715332e-01 1.27037334e+00
    -2.98143923e-01 1.20766878e+00 1.46798348e+00 5.05736232e-01
    7.88413703e-01 8.92615318e-01 -1.27814561e-01 1.14327240e+00
    9.42980051e-02 9.31408107e-01 1.18251157e+00 -2.43535399e-01
    -5.91581762e-02 5.13312280e-01 1.44533646e+00 1.38927710e+00
    -2.98534751e-01 1.15914917e+00 1.05180323e+00 7.84346640e-01
    6.52461469e-01 5.34612179e-01 -4.24143374e-02 -5.00683784e-02
    1.62349701e-01 1.09187245e+00 -1.49901390e-01 8.73981953e-01
    7.75734842e-01 5.77899218e-01 1.19424272e+00 8.12493145e-01
    3.19716871e-01 -3.23647916e-01 1.12269688e+00 1.11302257e+00
    8.39146137e-01 8.96900237e-01 5.54935813e-01 2.44696736e-02
    9.49577808e-01 1.18211496e+00 -4.10887659e-01 -4.85320032e-01
    -7.78196156e-02 2.37183630e-01 6.49526060e-01 6.59137011e-01
    6.50766194e-01 6.38744831e-01 1.45190001e+00 -2.23014653e-01
    2.95955122e-01 1.37388134e+00 -1.95547402e-01 -2.47380286e-01
    -2.38821149e-01 1.13192594e+00 -3.50436091e-01 6.22139633e-01
    -4.35588211e-01 4.12268043e-02 -4.70610261e-02 7.57079363e-01
    1.11505723e+00 1.41623974e+00 3.35008383e-01 9.92490351e-02
    9.94614363e-01 1.43446708e+00 3.76662076e-01 2.64095455e-01
    -3.53589118e-01 1.09316921e+00 1.31678200e+00 3.83100480e-01
    -3.36421698e-01 5.52459657e-01 5.38150191e-01 1.15937853e+00
    -2.26309925e-01 -2.60603487e-01 -3.39032650e-01 2.77367920e-01
    -4.60475922e-01 1.06305766e+00 -4.20259446e-01 1.35576308e+00
    -4.04237241e-01 1.31252503e+00 -3.75077724e-01 9.07248676e-01
    1.38284290e+00 -3.22371364e-01 1.45211804e+00 3.75843436e-01
    1.45104718e+00 1.46093583e+00 6.09606743e-01 1.20685732e+00
    1.11274409e+00 1.30096769e+00 1.89885557e-01 -4.12108362e-01
    3.56588125e-01 7.34082818e-01 1.36140203e+00 3.39467525e-01
    2.26183772e-01 1.49478865e+00 1.23497367e+00 1.25394988e+00
    1.98826432e-01 -1.42025650e-01 -1.89856201e-01 6.80718839e-01
    1.76365674e-01 1.31387329e+00 -3.49714518e-01 1.24328303e+00
    3.68475556e-01 2.71699786e-01 3.47225726e-01 8.29421282e-01
    4.18419003e-01 1.22931468e+00 2.00719535e-01 7.22729623e-01
    1.48994327e+00 1.20139480e+00 -1.62761271e-01 2.19456673e-01
    2.96948552e-02 4.01431262e-01 4.05083120e-01 9.49674428e-01
    8.03539813e-01 -4.17202562e-01 1.10406780e+00 9.44579363e-01
    1.21641779e+00 1.41130042e+00 1.19412160e+00 9.58545864e-01
    2.95643806e-01 -3.50155056e-01 1.27155995e+00 1.41036093e+00
    8.92197251e-01 1.08023107e+00 -4.90225852e-01 3.07025552e-01
    7.10849106e-01 -3.15610170e-01 1.01119637e+00 2.02358782e-01
    1.83457017e-01 -3.45025778e-01 -2.52268821e-01 -3.95916760e-01
    1.48491454e+00 2.61725485e-01 1.10066772e-01 1.22681439e-01
    4.75502551e-01 7.40890622e-01 8.31496119e-02 -1.90749258e-01
    -3.63498151e-01 9.04492736e-02 7.01295733e-02 9.18047488e-01
    1.03027654e+00 1.20859563e+00 5.88682532e-01 1.37823677e+00
    1.01858050e-01 1.43628430e+00 3.63179773e-01 8.88723016e-01
    5.76941133e-01 6.14164174e-02 -3.63505334e-01 6.96950912e-01
    5.43459058e-01 -3.22606385e-01 1.16215259e-01 1.44040632e+00
    9.24407363e-01 1.25067687e+00 -2.96677113e-01 5.26095212e-01
    7.73750365e-01 4.63794172e-01 1.64807439e-02 5.89786232e-01
    1.47799778e+00 7.37615347e-01 4.69801545e-01 8.80384147e-01
    2.78815210e-01 9.88736331e-01 1.28186727e+00 -4.50037152e-01
    1.02953339e+00 9.43086088e-01 1.28536010e+00 1.17352319e+00
    6.51093185e-01 1.42744577e+00 5.04204154e-01 8.50511670e-01
    -4.41722572e-02 1.28446484e+00 6.36735141e-01 1.48576880e+00
    4.77903128e-01 -2.13132650e-01 3.25542986e-01 -4.09713805e-01
    1.10177398e-01 -1.33925140e-01 1.21103573e+00 -3.67768049e-01
    2.85095632e-01 8.83707345e-01 1.39745808e+00 5.03223836e-01
    5.98623335e-01 6.65665209e-01 -3.42293233e-01 1.32439399e+00
    9.90945697e-02 2.00844169e-01 2.97618151e-01 9.40021098e-01
    8.07033300e-01 1.05523908e+00 8.60509753e-01 -6.85791373e-02
    -3.92085969e-01 6.45588636e-01 5.10800600e-01 9.55698788e-01
    -4.50425148e-01 1.29801965e+00 7.44329453e-01 -4.04632092e-01
    4.27418411e-01 -1.48910820e-01 8.76223922e-01 1.20893383e+00
    3.49483132e-01 -1.68550938e-01 -5.05543947e-02 9.80096877e-01
    2.93188691e-01 6.36447251e-01 1.23159742e+00 3.68659079e-01
    9.39147115e-01 9.08164322e-01 1.33694148e+00 3.16203117e-01
    2.11876631e-02 1.37193274e+00 -4.00700271e-02 6.66383803e-01
    1.46596980e+00 2.39781737e-02 1.40894461e+00 5.67611575e-01
    9.59151804e-01 -3.02433372e-02 1.38862288e+00 1.41660333e-01
    5.04872441e-01 1.45452297e+00 6.09791100e-01 -4.03476894e-01
    -5.23310602e-01 -3.17876965e-01 -3.20722342e-01 -2.78112680e-01
    -3.38741124e-01 -4.28888977e-01 -9.58387852e-02 8.94023597e-01
    1.11435151e+00 7.71732032e-01 6.21395350e-01 3.12460423e-01
    -4.77203369e-01 3.82861555e-01 9.75328863e-01 1.47276664e+00
    4.56891000e-01 1.20036077e+00 1.38893986e+00 1.08948278e+00
    1.46413732e+00 6.49575174e-01 -8.61477852e-03 1.47855818e-01
    -4.64870304e-01 6.76500797e-02 2.51813471e-01 4.33464170e-01
    4.73352492e-01 -3.82189423e-01 5.37459791e-01 9.10621405e-01
    4.19560194e-01 1.85398519e-01 5.79692900e-01 4.57676709e-01
    3.35235178e-01 1.24443221e+00 6.47740364e-01 4.87132996e-01
    8.31703544e-02 3.43931049e-01 -2.31481522e-01 1.35917938e+00
    3.15608591e-01 8.83005857e-01 7.83476532e-02 -3.52786183e-01
    1.06078887e+00 1.14224911e+00 1.07472330e-01 1.19680798e+00
    -4.37215269e-01 1.20641339e+00 8.18467259e-01 1.48657978e-01
    1.01896822e-01 -9.99767482e-02 6.88525379e-01 1.18646622e+00
    8.20626199e-01 7.20671833e-01 3.69413793e-02 -1.76749617e-01
    -3.01428139e-01 1.44768858e+00 -3.54133934e-01 1.98611349e-01
    5.08238316e-01 1.39717007e+00 1.51397085e+00 1.30188107e+00
    8.07236433e-01 4.82681096e-01 4.29843664e-01 -1.46095842e-01
    -2.19989419e-01 1.33487749e+00 9.74031448e-01 -5.34054041e-02
    1.04042888e+00 1.33329988e+00 1.03808594e+00 -4.20517892e-01
    -3.67256343e-01 2.65316963e-02 -8.33147764e-02 -4.98578548e-01
    1.41590714e+00 1.15470636e+00 3.79337013e-01 1.30068743e+00
    6.55065179e-02 7.71009564e-01 3.23435426e-01 7.22067416e-01
    6.22619152e-01 6.08913243e-01 5.26203513e-02 1.12493908e+00
    7.86655068e-01 1.40755320e+00 -1.04143888e-01 9.34771121e-01
    1.36441684e+00 7.39365995e-01 8.02646101e-01 1.09152198e-02
    9.91695046e-01 -3.00117254e-01 1.40337825e+00 1.43036842e-02
    -3.08132172e-02 8.49127531e-01 -1.69152617e-01 3.23028713e-01
    8.18130136e-01 4.20935988e-01 7.88555622e-01 -4.52268571e-01
    7.19968617e-01 -1.85587764e-01 8.92449021e-01 9.91722584e-01
    1.44597888e+00 -3.13368559e-01 3.79161239e-01 1.83666110e-01
    -2.35365719e-01 6.14092350e-02 9.78814125e-01 2.60647178e-01
    -4.12854522e-01 7.55922794e-01 1.02859139e-01 3.35493684e-02
    1.36565447e+00 7.01692939e-01 7.88974762e-01 8.63697648e-01
    1.16281319e+00 -1.73536420e-01 5.29957950e-01 3.09761286e-01
    1.09518290e+00 1.55380249e-01 1.08619905e+00 5.22585273e-01
    -4.42685485e-01 9.06947076e-01 1.32918191e+00 2.56467462e-01
    2.64362395e-02 -1.16887987e-02 6.14592135e-02 1.10936105e+00
    -2.65248537e-01 1.17391610e+00 3.19333076e-01 1.51755559e+00
    -1.57418370e-01 5.58450758e-01 -3.42271775e-01 -3.01321208e-01
    1.43856788e+00 7.98058748e-01 4.90253031e-01 1.07319379e+00
    2.92747796e-01 -2.56701797e-01 4.47497189e-01 9.74713564e-02
    -1.55942947e-01 2.33453035e-01 1.17373395e+00 1.27921057e+00
    -4.84701693e-01 -9.80716050e-02 5.24416625e-01 5.72166800e-01
    1.05940640e+00 1.88098550e-01 1.32861257e+00 1.07781553e+00
    6.52219534e-01 -1.55689865e-01 7.74529874e-01 9.95154142e-01
    4.06019568e-01 6.51675880e-01 2.49072194e-01 1.47781026e+00
    9.43644226e-01 8.33116293e-01 7.65066624e-01 1.08315146e+00
    6.59298897e-03 7.99369812e-03 -3.45161557e-03 -4.86202031e-01
    5.03716826e-01 6.74447894e-01 -3.38689208e-01 -2.41345733e-01
    2.39177078e-01 7.56344199e-02 3.57611328e-01 4.24962699e-01
    6.39920056e-01 -3.88859510e-01 -4.53000814e-01 -4.43539172e-01
    -1.32329613e-01 9.96013105e-01 -4.71453369e-02 1.43099511e+00
    7.93274045e-02 1.99295878e-01 5.73073745e-01 1.35081065e+00
    1.50464606e+00 3.91019523e-01 -2.45734632e-01 1.48625076e-01
    1.00741768e+00 1.08447456e+00 9.95054901e-01 -1.99815631e-02
    1.31396866e+00 5.74442089e-01 1.23857999e+00 1.32929456e+00
    1.37016344e+00 1.20340824e+00 6.22586608e-01 1.19559240e+00
    2.88508296e-01 4.04659450e-01 1.12759447e+00 1.35124660e+00
    1.81005359e-01 6.49045527e-01 4.20144737e-01 -4.59300578e-01
    1.81035519e-01 -6.75216913e-02 1.00401127e+00 -1.76216125e-01
    1.48154593e+00 1.21874511e+00 8.27161133e-01 1.32906091e+00
    2.19846308e-01 -8.96347165e-02 -1.77708119e-01 2.41750121e-01
    4.52291369e-01 -1.60933733e-01 9.48486328e-02 1.13500333e+00
    1.21991313e+00 5.13529003e-01 5.29987931e-01 2.42094398e-02
    7.15279460e-01 5.90844631e-01 -1.53868705e-01 -1.31509244e-01
    -3.16222638e-01 -1.68712884e-01 4.05028522e-01 4.76420701e-01
    2.44201064e-01 -1.62017792e-01 2.23953664e-01 -1.59146160e-01
    -1.34931862e-01 5.26156247e-01 -2.94080377e-02 1.38569570e+00
    3.19753945e-01 -5.19128919e-01 -7.91813135e-02 -1.57894671e-01
    2.74830103e-01 1.45449829e+00 -1.12587273e-01 1.15645814e+00
    4.75532055e-01 1.14949417e+00 1.09978926e+00 -4.75196451e-01
    2.97787130e-01 -4.55491930e-01 8.89476776e-01 8.73716593e-01
    4.42074001e-01 1.23546743e+00 -1.28680080e-01 4.20603871e-01
    1.21591187e+00 8.65867376e-01 6.86085165e-01 1.33092761e+00
    8.40178609e-01 8.11789095e-01 -3.73234898e-01 -3.72587472e-01
    -1.79741681e-02 1.63058341e-02 1.01758647e+00 4.99680042e-02
    1.05958366e+00 -1.94723308e-01 -6.04654253e-02 -7.21346736e-02
    -1.38057739e-01 -5.27981818e-02 4.70229685e-02 -2.51746535e-01
    7.83446133e-02 1.30147088e+00 -2.30168119e-01 4.72977132e-01
    -9.72560048e-02 5.26643991e-01 -4.67098415e-01 -3.71117949e-01
    -3.82804036e-01 -2.56361902e-01 1.36995149e+00 4.07381654e-02
    9.71102595e-01 1.96367502e-01 -1.69596374e-01 -4.63289618e-01
    9.38302517e-01 2.17074692e-01 -3.24208856e-01 5.75825274e-02
    -2.89017439e-01 6.74871624e-01 7.63575315e-01 -2.83311546e-01
    7.77442694e-01 1.35753298e+00 1.87566966e-01 3.29535693e-01
    -3.40857029e-01 1.16806149e+00 1.03490746e+00 1.80419743e-01
    3.03513110e-01 1.20308685e+00 1.99473441e-01 -4.33059484e-01
    3.46610308e-01 1.24360299e+00 2.02147365e-01 7.52368212e-01
    9.45354879e-01 -2.85930872e-01 4.32556868e-02 4.27477181e-01
    -4.98473644e-03 1.44854951e+00 6.34012222e-01 -1.03206336e-01
    1.89142823e-02 1.26432157e+00 1.00157702e+00 3.83451521e-01
    1.38155603e+00 7.66166210e-01 9.22739327e-01 -3.79602730e-01
    1.20556509e+00 1.26695633e-01 1.34512711e+00 1.15851402e+00
    7.81184077e-01 7.32847989e-01 1.31258452e+00 6.46749258e-01
    4.17507589e-01 4.23920035e-01 7.31690526e-01 6.00823164e-02
    1.42212546e+00 1.16267407e+00 2.25256681e-01 1.43661427e+00
    5.57327688e-01 -1.66621596e-01 7.23279238e-01 1.12261534e-01
    7.81405807e-01 3.46191049e-01 -5.58145344e-02 2.80449390e-01
    1.35248208e+00 1.09396338e+00 4.04803634e-01 1.24219334e+00
    3.55929613e-01 -1.75210238e-01 3.92709017e-01 1.37587190e+00
    -1.93595141e-01 1.00246876e-01 2.37589270e-01 4.26388204e-01
    4.36670959e-01 1.01308322e+00 -4.69831407e-01 9.17277217e-01
    -3.53916645e-01 1.04564095e+00 -4.84613389e-01 1.01165938e+00
    3.47683996e-01 6.75291896e-01 2.56258249e-03 3.10817838e-01
    8.23610246e-01 2.38191366e-01 -4.28012103e-01 1.07968271e+00
    6.94850504e-01 -2.90814102e-01 9.14870024e-01 -4.85727042e-01
    1.29457140e+00 1.31967270e+00 1.22575057e+00 8.08978081e-02
    4.59441006e-01 1.01221347e+00 8.09050977e-01 3.19360554e-01
    7.58082211e-01 4.82822001e-01 4.87616241e-01 1.17587829e+00
    -8.46236348e-02 7.22444654e-02 1.16264343e+00 5.29634058e-01
    1.19489121e+00 -1.78372264e-02 1.21789193e+00 -2.80963421e-01
    -4.27292168e-01 8.13709140e-01 6.53322518e-01 -6.25495911e-02
    1.73217058e-03 1.14415914e-01 2.01655328e-02 6.18135691e-01
    5.18256128e-01 9.75151956e-01 -3.46891612e-01 -2.56693304e-01
    7.56394327e-01 -3.69434923e-01 1.32132077e+00 -6.33682013e-02
    1.33607566e+00 5.28785050e-01 5.47450423e-01 -1.82452947e-01
    -3.60408425e-02 -3.90392780e-01 4.01975125e-01 -4.84599471e-01
    5.64165235e-01 -2.25729972e-01 1.02098572e+00 -3.92007738e-01
    1.21501446e+00 1.08076262e+00 -3.02613616e-01 5.36293149e-01
    1.98213458e-01 -3.60037684e-02 1.27901220e+00 3.66123676e-01
    1.18611538e+00 -1.28166646e-01 3.21130097e-01 1.22041202e+00
    1.36386931e-01 -4.19251084e-01 3.60872507e-01 1.05059576e+00
    9.05651450e-01 1.30686140e+00 4.55880165e-03 4.74227548e-01
    2.45253801e-01 -4.96908307e-01 1.05484509e+00 -4.40361798e-01
    1.23011827e+00 3.52551401e-01 6.95392251e-01 1.40319598e+00
    1.16183329e+00 -1.58929974e-01 7.72338271e-01 1.03780389e-01
    4.68789458e-01 1.44315028e+00 9.50238407e-01 -6.01476133e-02
    2.72000432e-02 1.42459249e+00 9.09045756e-01 2.16199994e-01
    1.35656643e+00 3.83814633e-01 1.26935029e+00 1.09262586e+00
    1.15485299e+00 1.08519363e+00 8.58605266e-01 2.91796386e-01
    1.22587419e+00 1.29133439e+00 -1.78318888e-01 8.09869111e-01
    3.66722226e-01 -3.84100139e-01 1.36600661e+00 6.59104884e-01
    1.30546451e-01 9.65698898e-01 1.41848409e+00 -6.50674105e-04
    1.25532544e+00 -3.77023667e-01 -3.47130656e-01 4.44731295e-01
    6.61023617e-01 6.53093457e-02 -2.78615773e-01 1.11302423e+00
    1.46418679e+00 -1.22087568e-01 4.48825955e-02 1.15343642e+00
    3.75171095e-01 4.33598101e-01 1.43166375e+00 1.21229482e+00
    2.57936716e-01 3.02497536e-01 -2.48845041e-01 1.42392182e+00
    -1.19841874e-01 1.49368477e+00 7.96100616e-01 -3.00134480e-01
    -4.40869570e-01 8.44182670e-01 -2.81431854e-01 1.11357808e+00
    1.25217760e+00 6.82296276e-01 -1.38470083e-01 9.94810879e-01
    -1.25507265e-01 1.03380275e+00 1.30482924e+00 2.44565278e-01
    6.47973120e-02 9.08732831e-01 1.30909109e+00 1.24366379e+00
    8.89017224e-01 4.30628896e-01 1.12055457e+00 1.48572862e-01
    -2.78935283e-01 1.31074989e+00 -2.84890085e-01 2.78056502e-01
    1.30814004e+00 1.21222460e+00 6.96944058e-01 1.10072172e+00
    -3.15891027e-01 1.29064798e-01 -8.16240609e-02 3.46103758e-01
    1.10932267e+00 9.64514613e-02 9.67801869e-01 -7.46929049e-02
    -2.52700269e-01 3.00220788e-01 1.01748645e-01 1.46541011e+00
    -4.40096289e-01 -4.86503422e-01 1.05427742e+00 -1.92843705e-01
    3.22460055e-01 1.01267993e+00 5.56146204e-01 3.68369937e-01
    1.39802694e-01 1.47058976e+00 -3.54432285e-01 7.31046617e-01
    -2.06962585e-01 1.37636423e+00 4.94016051e-01 7.97996998e-01
    1.12604928e+00 3.93010199e-01 1.35882020e+00 -5.01909375e-01
    1.41912723e+00 9.49250638e-01 -3.91713530e-01 -1.08971000e-02
    2.82591760e-01 1.29384589e+00 1.05317116e-01 -4.01452720e-01
    2.45135903e-01 8.31380367e-01 -3.68232727e-01 7.31678903e-01
    -6.59558177e-02 1.13319445e+00 1.06306767e+00 1.48015976e-01
    7.20639706e-01 1.10401094e-01 -5.04599988e-01 7.21939862e-01
    3.17137182e-01 1.09232068e+00 9.01653171e-02 7.16418564e-01
    9.27098870e-01 1.29228520e+00 8.47628176e-01 1.21080470e+00
    7.52932668e-01 4.95875478e-02 1.13517118e+00 1.18963909e+00
    1.42155313e+00 -1.22866929e-01 5.03912389e-01 -4.88185644e-01
    2.87565708e-01 -2.48461664e-02 1.02092886e+00 9.89300132e-01
    7.21041143e-01 -2.01043367e-01 1.11036110e+00 -1.80408925e-01
    6.25317454e-01 -4.34310436e-01 5.25740206e-01 -1.18732899e-01
    -1.39869124e-01 -4.42162365e-01 -4.20793861e-01 9.73495662e-01
    1.42894292e+00 1.14507985e+00 1.05874157e+00 5.71485281e-01
    1.19602561e+00 5.70519328e-01 9.67367530e-01 -3.12234700e-01
    5.26636183e-01 1.16292977e+00 1.44279861e+00 5.73881030e-01
    -3.68597865e-01 -1.46303594e-01 1.13517570e+00 2.57363498e-01
    -5.12647748e-01 6.37721956e-01 5.97959816e-01 9.84527051e-01
    1.10408068e+00 1.43169951e+00 -1.73265547e-01 -2.91050643e-01
    9.56410944e-01 1.29833734e+00 8.60727191e-01 1.42061448e+00
    -1.06686443e-01 1.54964805e-01 5.02004802e-01 -4.11754310e-01
    1.08640623e+00 2.68509269e-01 1.31844878e+00 1.06863785e+00
    -2.15831459e-01 1.04581487e+00 9.47363853e-01 1.10706496e+00
    7.46958137e-01 1.02327251e+00 2.22499043e-01 1.11557364e+00
    5.01434684e-01 -3.72275054e-01 1.22556114e+00 1.85672045e-01
    1.41696954e+00 1.04942238e+00 -1.87535435e-01 -1.85254216e-02
    5.45555413e-01 1.36060584e+00 2.46363133e-01 -4.87766534e-01
    1.36142135e+00 1.19499993e+00 5.02722979e-01 3.51653695e-01
    1.73082948e-01 2.62053490e-01 -5.14820158e-01 1.12980485e-01
    -3.47676545e-01 -2.91450262e-01 3.06764543e-01 5.82703590e-01
    1.15523899e+00 1.13853931e+00 1.41919255e+00 -1.17242336e-01
    -2.92405069e-01 -2.10371405e-01 7.87608981e-01 -1.68188453e-01
    -4.57243681e-01 3.77267003e-01 1.21461439e+00 -2.83563972e-01
    7.20326900e-02 6.50300682e-01 -1.99068606e-01 5.01981318e-01
    2.54507899e-01 1.51758790e-01 3.63498092e-01 1.23009372e+00
    6.10909939e-01 4.19350624e-01 1.02230120e+00 3.20345402e-01
    5.79023480e-01 -3.48621011e-01 5.60841858e-01 7.57790267e-01
    3.16150248e-01 -2.68926024e-02 8.24138701e-01 1.18172002e+00
    1.27412629e+00 5.16905665e-01 1.10251296e+00 -1.17840677e-01
    6.74384415e-01 7.06370294e-01 1.47422671e+00 3.21423292e-01
    1.44031072e+00 -2.40624487e-01 6.39984548e-01 -2.99586535e-01
    1.33640671e+00 4.27491486e-01 1.27244115e+00 -4.01077569e-02
    1.29737568e+00 1.24269581e+00 2.89741337e-01 1.32640553e+00
    -1.69118494e-01 1.41980159e+00 1.24718750e+00 1.70812547e-01
    3.85981441e-01 -4.97873276e-01 5.39233506e-01 1.08478677e+00
    1.03371632e+00 -4.38263118e-02 3.23431551e-01 1.09333396e+00
    3.28256130e-01 7.82956958e-01 1.02217269e+00 6.49777412e-01
    4.13567424e-02 1.50796640e+00 8.38608086e-01 2.73070097e-01
    -2.26588368e-01 -6.94180429e-02 8.99136961e-01 9.43389833e-01
    1.35667086e+00 1.27834809e+00 4.63528961e-01 4.18853611e-01
    1.09082961e+00 1.21958375e+00 2.15719074e-01 9.26761031e-01
    1.50651944e+00 -4.31028932e-01 8.15013051e-03 1.35028386e+00
    -3.96832556e-01 1.73209578e-01 7.23324716e-01 1.13957727e+00
    8.77233684e-01 7.60897517e-01 8.17177713e-01 8.66254628e-01
    -1.85623765e-02 -4.18938696e-02 1.48347402e+00 -2.16386318e-02
    3.83884728e-01 -2.66134858e-01 -6.98683262e-02 -2.48553365e-01
    7.27965474e-01 1.25086272e+00 6.83277428e-01 9.27259266e-01
    9.54028249e-01 1.31676900e+00 1.24216795e-01 4.21203375e-02
    5.66818655e-01 6.66801035e-01 -2.80285150e-01 2.37235904e-01
    5.34672737e-01 -6.83989823e-02 9.65769172e-01 9.65111375e-01
    -2.27793515e-01 1.14605081e+00 3.27582598e-01 -1.32525951e-01
    1.61482811e-01 -2.02864408e-01 -2.53235817e-01 1.44047797e+00
    5.39948761e-01 -2.66217113e-01 6.09509528e-01 -3.27452511e-01
    1.14716101e+00 5.33520818e-01 -3.52166116e-01 1.19939327e-01
    -1.05619103e-01 -2.18676955e-01 9.80978012e-01 1.45200908e-01
    -1.28638089e-01 -3.16882491e-01 -2.86973566e-01 1.23174095e+00
    3.94736826e-01 3.42980504e-01 1.76071882e-01 -1.15888149e-01
    4.87494349e-01 1.65862918e-01 -8.32831860e-03 1.21511924e+00
    4.35419202e-01 -4.55636948e-01 1.17920601e+00 -1.82710379e-01
    4.50702369e-01 1.25960875e+00 -2.73953736e-01 7.06209421e-01
    -4.00910079e-02 1.27749753e+00 1.22116828e+00 6.33777976e-01
    1.32409561e+00 9.31250334e-01 6.50824487e-01 3.37831974e-01
    5.56371212e-01 9.08317149e-01 8.05420876e-01 1.88434899e-01
    1.41896152e+00 5.71117759e-01 1.03280997e+00 1.12864852e+00
    7.15753138e-01 6.09436750e-01 8.27170253e-01 1.00324690e-01
    -3.69370818e-01 1.29561901e+00 8.80032897e-01 6.44616365e-01
    1.06633496e+00 7.20889091e-01 3.58020365e-01 8.59547496e-01
    -4.21046019e-01 -4.50883985e-01 -2.68561006e-01 1.23451054e-01
    1.57123029e-01 6.74421728e-01 1.21388328e+00 1.36497355e+00
    1.12608588e+00 6.76228523e-01 -2.39638746e-01 1.00629151e+00
    -3.01178753e-01 1.42472339e+00 6.41935527e-01 4.05870557e-01
    1.25687313e+00 1.08584142e+00 -4.09110934e-01 4.13096666e-01
    1.04264128e+00 3.00980747e-01 7.01428950e-01 -4.06281203e-01
    -2.17845142e-01 -2.74965793e-01 4.90095377e-01 1.00822723e+00
    8.04639637e-01 8.30428600e-01 7.59099007e-01 1.05764568e-01
    2.02039540e-01 7.46651173e-01 -3.02780509e-01 9.49887812e-01
    7.92063236e-01 9.87625122e-01 9.94677901e-01 1.00827467e+00
    6.67998791e-01 6.23136997e-01 1.12920856e+00 1.43054843e+00
    3.41256857e-02 -1.65011644e-01 6.52115822e-01 -2.77772188e-01
    1.57721817e-01 -2.12238938e-01 -2.03108728e-01 1.00447798e+00
    1.15252376e-01 5.09117186e-01 3.84209692e-01 -2.12495327e-02
    8.34169865e-01 1.00380862e+00 -1.63132042e-01 1.24546385e+00
    3.65989983e-01 1.01218176e+00 -4.83145118e-02 1.44995379e+00
    1.20161176e+00 1.25676417e+00 1.28983879e+00 3.13639104e-01
    1.41460252e+00 4.32651401e-01 2.87110746e-01 -2.28318661e-01
    -4.02091384e-01 4.23435271e-01 1.15936935e+00 1.37127519e+00
    4.15591419e-01 -4.78577375e-01 -5.17944574e-01 -4.55274910e-01
    9.22609568e-02 5.30557513e-01 1.35511923e+00 6.08932018e-01
    7.74046957e-01 2.26340294e-02 -1.62879616e-01 -3.19830149e-01
    9.36387539e-01 -2.85111427e-01 9.52157676e-01 5.11877000e-01
    -4.80019957e-01 4.10262465e-01 1.43951440e+00 -2.62666970e-01
    5.43353260e-01 7.24569440e-01 8.93638194e-01 -3.59204680e-01
    8.35827649e-01 5.74205279e-01 1.20229673e+00 1.40023303e+00
    -4.69399631e-01 2.07492650e-01 8.17779899e-01 1.91175103e-01
    1.41875362e+00 6.05724931e-01 9.66228604e-01 1.34659111e-01
    -4.40767407e-02 1.21145248e-02 4.87726092e-01 -1.82347357e-01
    5.07238269e-01 9.14741099e-01 -4.58721697e-01 1.24998236e+00
    -2.28036404e-01 1.03460765e+00 -1.52500868e-02 5.68759084e-01
    1.18803370e+00 4.70602870e-01 1.31172693e+00 -2.08097309e-01
    1.29289329e+00 7.65080214e-01 7.63414025e-01 5.44691384e-01
    9.43994582e-01 6.47522211e-01 1.00540471e+00 -1.61427110e-01
    -1.61226898e-01 2.21554577e-01 6.06490493e-01 1.40714836e+00
    1.44000697e+00 1.29390883e+00 3.05577517e-02 8.25920999e-01
    -4.13413793e-01 1.33038378e+00 -2.12028950e-01 1.06150508e-02
    -4.13543493e-01 -2.95576751e-02 1.38931012e+00 9.16981697e-01
    6.50810599e-01 -2.15932399e-01 9.04015005e-01 9.66756523e-01
    -2.34293595e-01 -4.58593369e-02 -9.56521630e-02 -2.96329975e-01
    -3.81830633e-01 5.96404195e-01 3.00702959e-01 1.02082658e+00
    6.58813536e-01 -1.90106481e-01 -1.15536720e-01 9.28438008e-01
    1.13519740e+00 1.10127854e+00 1.06575596e+00 9.78429198e-01
    1.50185668e+00 1.44884193e+00 1.06157136e+00 1.26187432e+00
    2.11013854e-01 -3.47066790e-01 -1.98923379e-01 6.55541182e-01
    1.20338535e+00 -4.65666205e-01 1.38988936e+00 9.85947371e-01
    8.13830078e-01 -2.75396943e-01 5.56342840e-01 5.19433975e-01
    7.88067043e-01 1.36026120e+00 5.62397599e-01 1.43278420e+00
    5.24870276e-01 1.35909295e+00 6.74192548e-01 1.52269155e-01
    -4.54481065e-01 5.19121826e-01 2.76154160e-01 -3.40741098e-01
    1.20470464e+00 7.87171006e-01 4.64611053e-01 -2.16522932e-01
    7.62505352e-01 1.46581328e+00 7.04664230e-01 6.22812748e-01
    1.26996589e+00 3.20690989e-01 1.27489281e+00 3.77150059e-01
    9.55028951e-01 8.71765792e-01 3.24839890e-01 1.12667513e+00
    -4.89436299e-01 1.09295475e+00 1.37372136e+00 1.18714941e+00
    1.48536623e-01 1.04137301e+00 -1.77000761e-02 2.91710138e-01
    -1.35128558e-01 -3.77192259e-01 1.02936780e+00 7.45750606e-01
    7.88255334e-01 5.52513003e-01 1.11450100e+00 1.28616321e+00
    -5.24206281e-01 8.63213658e-01 1.34516478e-01 -4.27854627e-01
    4.75701511e-01 -2.35015482e-01 9.55503702e-01 5.45842767e-01
    2.80175745e-01 1.29577434e+00 -2.45046496e-01 -1.43141210e-01
    7.13663220e-01 1.41446149e+00 9.64368761e-01 -4.40716743e-04
    1.30141950e+00 -3.20928335e-01 1.27093482e+00 1.30152082e+00
    -2.47103110e-01 1.03443170e+00 5.67134619e-01 -5.05246222e-02
    7.41492033e-01 1.03976488e+00 -1.67319328e-01 1.33571935e+00
    -3.01618278e-02 -1.85269207e-01 2.94348300e-01 8.50056171e-01
    1.29840493e+00 2.66867161e-01 3.27067733e-01 1.23337150e+00
    1.35904551e-02 6.37958527e-01 1.27343845e+00 4.28227544e-01
    1.17513466e+00 1.21540284e+00 1.09284973e+00 1.01637554e+00
    -2.20139235e-01 -3.02900374e-01 -3.84260774e-01 1.12676501e-01
    9.98500109e-01 1.35388541e+00 2.88672686e-01 9.33694959e-01
    -3.68362129e-01 6.53584599e-01 1.35848022e+00 -2.81485319e-02
    1.05886364e+00 -9.11640823e-02 2.83838034e-01 5.03509462e-01
    9.87056255e-01 1.22486782e+00 3.58107775e-01 1.46140313e+00
    3.28691483e-01 1.61616951e-01 6.08752728e-01 -5.51829636e-02
    9.25938725e-01 -2.20324755e-01 9.31394696e-01 1.83165669e-01
    -1.78550750e-01 1.30464339e+00 1.46931934e+00 1.18443394e+00
    7.39749968e-01 1.35742879e+00 3.70490670e-01 5.31294703e-01
    4.03972059e-01 -2.97307134e-01 4.11902666e-02 -1.08343571e-01
    -4.49152887e-01 1.03731143e+00 1.24540854e+00 -4.27433193e-01
    7.31530309e-01 -1.27044290e-01 7.94170201e-01 7.34859228e-01
    5.54527223e-01 1.17638290e+00 9.52287793e-01 1.47998357e+00
    7.30223298e-01 -4.13778096e-01 1.31059289e+00 1.21312523e+00
    2.10216045e-02 5.26660919e-01 2.11531878e-01 -4.82399166e-01
    1.89386249e-01 1.02330983e-01 5.05745411e-02 5.02737045e-01
    5.32456517e-01 -3.79444510e-01 9.67484474e-01 8.90716314e-02
    3.89490545e-01 8.90704334e-01 9.87599492e-01 3.37827921e-01
    1.02295828e+00 1.48019552e+00 2.88224995e-01 5.18009722e-01
    1.31040001e+00 -5.06580293e-01 1.10314107e+00 -1.93896800e-01
    7.13282108e-01 -2.98040509e-01 1.41694915e+00 2.43972301e-01
    -3.11739147e-01 -4.72567260e-01 -5.30688763e-02 9.69859898e-01
    3.30838978e-01 1.48208451e+00 -2.47794628e-01 1.21166646e-01
    1.13441014e+00 -4.49654579e-01 8.73313844e-01 7.29256570e-01
    6.12459481e-01 3.77377272e-01 9.55057502e-01 -7.88989067e-02
    -4.54027295e-01 1.37804294e+00 5.25719523e-01 4.74980503e-01
    9.40859497e-01 4.70609069e-01 8.89558852e-01 -5.19562364e-02
    -4.23592746e-01 2.54144698e-01 -3.39726090e-01 1.34658051e+00
    -1.06419712e-01 8.85353744e-01 1.41277945e+00 2.49364734e-01
    1.06991029e+00 8.02730441e-01 1.17604673e+00 -3.70827824e-01
    1.24424303e+00 -4.49004114e-01 1.10890818e+00 1.15749860e+00
    1.21856070e+00 3.52081954e-01 1.55616701e-02 5.88745236e-01
    3.34468007e-01 -3.83312553e-01 7.36746907e-01 3.21084291e-01
    7.60192513e-01 8.14615071e-01 -8.96187127e-02 5.22509336e-01
    -2.50015140e-01 5.32073081e-02 7.25704551e-01 5.16829133e-01
    -4.49125469e-01 1.04660439e+00 -2.37762332e-02 -1.42913103e-01
    2.87057936e-01 1.39917302e+00 -2.64992058e-01 1.94077551e-01
    5.32438576e-01 9.97008145e-01 7.36841857e-01 1.49195695e+00
    5.88620901e-01 9.89644408e-01 4.25696254e-01 3.55910867e-01
    1.17375135e+00 2.19729125e-01 1.26975834e+00 1.04189444e+00
    4.50819433e-01 -3.39094579e-01 1.03073478e-01 -3.76679301e-01
    -1.55942202e-01 -9.28497314e-02 5.48544228e-01 1.09649360e+00
    5.17335832e-01 -2.49356508e-01 1.35912514e+00 8.40529323e-01
    6.55086160e-01 3.05359334e-01 1.46097004e-01 1.19929123e+00
    -4.45162684e-01 1.42409086e+00 -3.47168505e-01 1.47684586e+00
    1.11711979e+00 1.34530377e+00 8.25808287e-01 1.37776589e+00
    -1.06558174e-01 -3.77886474e-01 2.59985805e-01 7.07500100e-01
    2.44750977e-02 1.37816668e+00 4.13394272e-01 3.91269267e-01
    1.47845471e+00 1.13228261e-01 1.19593012e+00 7.66966939e-01
    5.75117588e-01 1.01243174e+00 -2.19399989e-01 9.93632913e-01
    1.16041327e+00 1.06996620e+00 8.34859490e-01 2.42107868e-01
    2.04972506e-01 -3.19942534e-02 1.91030681e-01 -4.34815407e-01
    -2.32940108e-01 -1.44298524e-01 1.44434559e+00 4.39049244e-01
    8.57438087e-01 -3.88164133e-01 1.12701654e+00 1.02151799e+00
    3.05106103e-01 -3.51781785e-01 1.20506072e+00 9.70963895e-01
    4.73314464e-01 -8.00131559e-02 -1.70909107e-01 3.83741677e-01
    1.43177676e+00 7.72992611e-01 -3.47193778e-02 1.61180019e-01
    4.58157390e-01 5.82626581e-01 -2.74128616e-02 1.45130301e+00
    7.75826097e-01 4.98009384e-01 6.07920885e-01 1.16538000e+00
    7.83490300e-01 1.36849093e+00 1.05279779e+00 6.32837057e-01
    -4.20051545e-01 1.83059931e-01 2.72478044e-01 1.18576145e+00
    1.86791956e-01 -2.87389159e-01 5.96464157e-01 -9.09453630e-03
    5.00575304e-02 2.77370751e-01 3.19623888e-01 -2.77879238e-01
    -1.94623739e-01 1.15962720e+00 -1.84210539e-02 1.34605932e+00
    3.34047675e-01 1.45142293e+00 1.44826341e+00 -3.85478795e-01
    5.42721689e-01 -1.79738671e-01 1.47731543e+00 1.15599442e+00
    1.27705097e+00 7.53853500e-01 -3.75997782e-01 6.29291773e-01
    -2.26943493e-02 9.69340503e-01 -1.93727911e-01 8.35591674e-01
    -2.17608690e-01 2.52089888e-01 7.90999234e-01 1.39677095e+00
    -3.31738412e-01 9.36478257e-01 1.01140642e+00 1.39829266e+00
    2.96219230e-01 6.63756788e-01 2.92576551e-01 -2.57726014e-02
    -2.22653985e-01 5.53662181e-01 1.70311511e-01 1.18403053e+00
    -7.79356956e-02 1.27257180e+00 1.31711864e+00 -9.14433599e-02
    4.46366191e-01 1.46495438e+00 -3.82157981e-01 8.63326311e-01
    5.39045930e-02 1.31447959e+00 1.24326825e+00 -3.67910981e-01
    6.76700115e-01 1.33180702e+00 1.43576562e+00 6.79501235e-01
    5.33241332e-01 7.72554517e-01 -3.81892592e-01 7.12859750e-01
    1.35086012e+00 5.16020298e-01 1.25301552e+00 1.34703863e+00
    8.57671261e-01 -4.72614914e-01 7.54750371e-02 6.06816649e-01
    -4.43241954e-01 9.96894777e-01 -1.87716424e-01 1.22103047e+00
    8.95446420e-01 1.10732508e+00 -1.89932197e-01 1.41433096e+00
    -2.43035764e-01 -8.91936421e-02 1.42270064e+00 6.57061458e-01
    8.13456953e-01 -2.49583125e-02 6.28135860e-01 9.52501774e-01
    7.77285516e-01 4.52887595e-01 5.97303510e-01 6.94864154e-01
    3.50558758e-01 7.87150919e-01 5.48473239e-01 -2.04787612e-01
    -3.73118520e-02 9.35029626e-01 4.84190106e-01 8.67684901e-01
    5.16835749e-01 8.15055132e-01 -5.10902464e-01 7.91943073e-01
    5.57041943e-01 9.68331635e-01 7.33315527e-01 6.56852067e-01
    3.72273862e-01 1.34188032e+00 1.12985826e+00 9.54184234e-01
    -5.72094619e-02 6.55372381e-01 2.87133664e-01 -5.39971888e-02
    1.31817126e+00 6.66467249e-02 -3.38748515e-01 6.81423843e-01
    -4.72336888e-01 1.21231294e+00 -6.20186329e-02 -2.10587621e-01
    1.22618628e+00 2.04496682e-01 -3.44896615e-01 6.28151894e-01
    8.21211994e-01 -3.81458133e-01 6.81247115e-01 8.36564302e-01
    -3.60215306e-02 6.38658583e-01 -4.09642726e-01 -2.30960369e-01
    -2.67779708e-01 2.66908944e-01 6.16750717e-01 1.18595469e+00
    6.22948408e-01 -4.38591838e-01 9.97495651e-03 1.47965193e-01
    1.34868717e+00 9.70211506e-01 5.86112618e-01 9.03229713e-01
    6.96911931e-01 -9.41644907e-02 6.45781517e-01 -1.23723000e-01
    -3.58296990e-01 -3.90890807e-01 6.79817796e-01 -2.90677130e-01
    5.94983697e-02 -3.33273888e-01 1.30979025e+00 -7.18303025e-02
    1.20309711e+00 1.11437583e+00 9.61695910e-01 2.82390296e-01
    6.73333168e-01 -3.87926370e-01 -3.75843704e-01 6.20904207e-01
    8.93351614e-01 2.93138772e-01 1.19582546e+00 -2.15315878e-01
    1.54306233e-01 1.04620743e+00 4.48594928e-01 -4.69846636e-01
    1.10071325e+00 6.80932581e-01 2.17788309e-01 1.26876056e+00
    6.14182711e-01 -1.07320428e-01 8.95549774e-01 1.49670005e+00
    2.40568578e-01 -3.20529014e-01 5.41576743e-01 -4.91012812e-01
    -4.89631265e-01 1.45692813e+00 1.45800138e+00 9.11998570e-01
    6.33115053e-01 4.76179153e-01 1.38687462e-01 1.25186384e+00
    -3.28424513e-01 1.14191341e+00 9.25027013e-01 1.17031145e+00
    5.73642373e-01 -4.57253784e-01 7.57729769e-01 1.35751414e+00
    1.02443099e-01 1.27105129e+00 -4.05274332e-01 7.44889796e-01
    1.19236302e+00 1.46265388e-01 -1.21528298e-01 3.30361903e-01
    -4.56312478e-01 7.46369243e-01 9.13191199e-01 4.52260554e-01
    1.05089176e+00 -3.91344666e-01 -4.26890850e-01 6.72575295e-01
    -8.74835551e-02 -1.51446462e-02 -1.50337070e-01 1.01667643e-03
    -4.01299655e-01 1.34471273e+00 5.00866294e-01 7.11402893e-01
    1.47676849e+00 4.39608395e-01 8.30727577e-01 7.16479123e-01
    -1.03262037e-01 -2.75496364e-01 9.29539502e-01 -1.16492182e-01
    7.13346362e-01 -4.16998982e-01 1.49473715e+00 -1.89282447e-01
    8.29319358e-02 7.39672184e-01 -1.96553916e-01 9.86515522e-01
    1.46735620e+00 -2.33116895e-01 1.11866748e+00 -1.32508427e-01
    2.57359743e-02 1.14021277e+00 9.35520172e-01 8.00272524e-01
    -2.50909925e-01 5.64903617e-02 2.64422923e-01 1.14269042e+00
    1.36688495e+00 -1.04290247e-03 8.82425427e-01 -4.79172051e-01
    5.73958695e-01 6.14880383e-01 2.49730587e-01 7.70438075e-01
    -1.34832114e-01 1.22066081e+00 9.49967027e-01 3.17836165e-01
    7.82792151e-01 1.27178991e+00 -7.00937808e-02 -1.48606211e-01
    5.43065548e-01 5.58203220e-01 1.44081593e+00 9.36518073e-01
    -6.92663789e-02 3.24814916e-02 1.44270825e+00 1.40934587e+00
    7.55261540e-01 -1.12783074e-01 -5.34829199e-02 3.20629954e-01
    3.01510870e-01 5.80449224e-01 1.27366734e+00 -1.08926713e-01
    1.51802576e+00 1.36346698e-01 8.60539258e-01 4.98684525e-01
    1.21744227e+00 3.23815882e-01 1.81823194e-01 -2.63242722e-02
    3.50383937e-01 7.11648703e-01 1.13286161e+00 1.01640415e+00
    8.11185837e-02 1.24427080e+00 -4.52276975e-01 -2.46879429e-01
    1.41219616e+00 9.86597836e-01 1.40393829e+00 7.39839852e-01
    -3.97073954e-01 -3.13820809e-01 1.22394753e+00 1.15104139e-01
    1.55156910e-01 4.30659294e-01 8.01519215e-01 1.43540120e+00
    9.39048767e-01 7.75481701e-01 2.57058144e-01 -3.54895771e-01
    4.13869441e-01 -2.86593318e-01 -1.66739315e-01 1.45758295e+00
    1.40421152e+00 1.16238761e+00 8.73894393e-01 1.10976911e+00
    -9.99442637e-02 -3.76654685e-01 1.38397312e+00 8.46715510e-01
    3.78296971e-02 1.07713747e+00 -1.17672503e-01 1.28778839e+00
    4.74183857e-02 8.70431066e-02 1.68965518e-01 -8.19047093e-02
    6.61492288e-01 -5.25255144e-01 9.68999624e-01 1.43601775e+00
    1.05792928e+00 1.06168461e+00 1.46216226e+00 1.19245529e+00
    1.37765133e+00 1.38506341e+00 -3.21139425e-01 4.91322339e-01
    2.73446679e-01 1.42047358e+00 4.24839556e-01 1.35060966e+00
    1.38601840e-01 1.79828942e-01 8.24324131e-01 3.07289481e-01
    9.05805886e-01 1.91640615e-01 8.06777477e-01 8.38099122e-02
    -1.56495422e-01 1.33769774e+00 -9.40812528e-02 -4.47783709e-01
    -1.59719586e-01 7.82678664e-01 4.33427513e-01 1.28284752e-01
    6.20626986e-01 5.71435273e-01 -4.18632656e-01 4.18363243e-01
    3.38607430e-01 -2.83153832e-01 6.00963533e-01 3.02852452e-01
    9.71554399e-01 9.71374333e-01 1.46288002e+00 -1.11560404e-01
    1.28319216e+00 5.44643402e-01 1.18140101e-01 -2.08169401e-01
    5.71916759e-01 2.92408407e-01 9.34930503e-01 -4.58039165e-01
    4.79818672e-01 -3.27866435e-01 5.92516065e-01 2.85297602e-01
    -4.87136930e-01 4.99247998e-01 1.37782526e+00 1.11659616e-01
    4.96116698e-01 -2.13960737e-01 3.58150780e-01 7.87302673e-01
    -1.50623232e-01 1.00767457e+00 -3.81794661e-01 1.07839739e+00
    -3.01889658e-01 -3.68265033e-01 -1.62585139e-01 2.34398484e-01
    6.01716876e-01 -3.41203988e-01 1.50867850e-01 -3.65353048e-01
    1.25795341e+00 3.84277523e-01 -1.38126075e-01 1.03399956e+00
    1.19150114e+00 1.39866614e+00 4.04318571e-01 1.14645338e+00
    1.43013501e+00 2.56082982e-01 -3.74842823e-01 1.84092194e-01
    -9.59905982e-02 8.35182369e-01 7.48686373e-01 -3.23121667e-01
    8.47020030e-01 -7.71605968e-03 3.82901579e-01 6.32836699e-01
    5.78719437e-01 7.58680999e-01 4.93110776e-01 1.28216004e+00
    1.14972675e+00 1.30357742e+00 5.28810024e-01 1.10388303e+00
    8.89891565e-01 9.05443728e-01 5.81631362e-02 -2.70593494e-01
    1.21048343e+00 -1.51672155e-01 9.41396832e-01 -8.25837851e-02
    6.98004544e-01 2.40294218e-01 1.49422383e+00 -5.52579761e-03
    2.99398720e-01 1.15555477e+00 -4.72124964e-01 1.85642421e-01
    1.20833862e+00 1.31896555e-01 -2.98023105e-01 4.54454064e-01
    1.18338621e+00 6.06202662e-01 7.31010616e-01 7.27966189e-01
    -2.37574726e-01 9.72056389e-02 5.61638653e-01 4.53114927e-01
    2.64736354e-01 3.08588922e-01 1.11007607e+00 8.20179582e-01
    5.05273819e-01 1.26268923e-01 1.47641110e+00 3.05016041e-01
    5.58567345e-01 1.06848907e+00 -3.18319827e-01 4.00326550e-01
    7.65559673e-02 -3.48302782e-01 7.98220277e-01 2.09514678e-01
    -2.73495615e-02 1.17860413e+00 3.97110343e-01 7.58596659e-01
    -3.09427917e-01 8.98924291e-01 8.23374391e-01 2.37239271e-01
    -4.65262294e-01 7.46809065e-01 -2.18317538e-01 4.42127883e-02
    1.23949456e+00 3.94941002e-01 2.14965820e-01 1.49827731e+00
    5.76950788e-01 -6.89215958e-02 -1.83235765e-01 -4.23440933e-01
    1.92606866e-01 -3.28029960e-01 8.42033625e-01 1.37644601e+00
    1.05474043e+00 4.24874961e-01 4.41561818e-01 -4.51655120e-01
    6.58868492e-01 -4.22360510e-01 1.36925566e+00 -1.76988810e-01
    6.68585360e-01 -9.95481014e-03 2.78220057e-01 -2.19684035e-01
    1.33894110e+00 -3.51995289e-01 1.48171735e+00 1.07719648e+00
    1.05923128e+00 -3.11462164e-01 -3.41800094e-01 1.33365464e+00
    -2.53566951e-01 -4.26315665e-02 7.14661837e-01 -3.02918643e-01
    8.40992093e-01 -1.67801768e-01 4.69246984e-01 6.82282507e-01
    7.30550408e-01 1.34064412e+00 9.90206122e-01 4.17949855e-02
    4.59888846e-01 -3.70354742e-01 1.14992464e+00 1.28916216e+00
    9.68528807e-01 7.07363546e-01 1.87695950e-01 -4.52499509e-01
    1.60619855e-01 -2.82200098e-01 6.97609603e-01 -8.84378552e-02
    -4.06126559e-01 -5.95709682e-02 1.44111323e+00 -3.87788117e-01
    1.43240929e-01 1.38989687e-01 1.20884836e-01 1.32294595e-01
    1.44610190e+00 -3.87653977e-01 2.76727080e-01 1.31098819e+00
    -8.05668235e-02 -4.92921114e-01 1.18361378e+00 1.44102240e+00
    -1.26393735e-01 -9.45195258e-02 1.33214307e+00 -8.38456452e-02
    2.30692029e-01 3.65068555e-01 1.20520782e+00 -2.57003576e-01
    1.21741462e+00 5.41198313e-01 1.15391719e+00 1.37850285e+00
    6.16765857e-01 4.77710962e-02 1.00313574e-01 7.84737170e-01
    7.84341395e-01 1.42778194e+00 2.51624882e-01 1.28862524e+00
    5.24867296e-01 8.20333123e-01 -1.64752305e-02 3.62768590e-01
    1.61913157e-01 -2.75035203e-01 5.59834599e-01 9.89229739e-01
    2.44491339e-01 1.16325080e+00 1.18109250e+00 3.81809950e-01
    4.43050563e-01 5.92880428e-01 6.02353036e-01 6.05184376e-01
    -3.88379097e-01 -3.89423877e-01 4.89602804e-01 5.60582519e-01
    1.43221498e+00 2.92199612e-01 1.04756236e+00 1.13850474e+00
    3.11493456e-01 4.11518514e-01 8.71915996e-01 7.25867569e-01
    4.00027752e-01 1.15249324e+00 1.23938286e+00 1.49527049e+00
    9.12846148e-01 1.51149988e+00 1.21976507e+00 1.23493254e+00
    -2.25928009e-01 1.47747445e+00 -1.58577621e-01 -6.73975646e-02
    1.21793449e-01 5.05127072e-01 6.88814938e-01 -3.69085550e-01
    -3.90947759e-02 1.20486021e-02 1.67896509e-01 1.42973602e-01
    -8.62060189e-02 9.69265759e-01 4.54552650e-01 4.52628791e-01
    -6.13907278e-02 1.20579791e+00 2.59561419e-01 -2.45578676e-01
    -4.21478391e-01 1.21853340e+00 1.28392410e+00 1.05939579e+00
    1.36046886e+00 -4.76132214e-01 1.51319146e+00 1.25872707e+00
    4.99443203e-01 1.30850935e+00 -2.56461799e-01 8.81923795e-01
    1.39494085e+00 1.48035502e+00 3.61144125e-01 7.54734039e-01
    1.05865932e+00 -3.19025755e-01 5.00888109e-01 4.04817998e-01
    1.01403952e+00 1.06298184e+00 1.38365865e+00 1.65977716e-01
    7.36769378e-01 5.55742204e-01 7.58379102e-02 8.51553738e-01
    9.91208494e-01 3.98773432e-01 1.33763003e+00 1.18370056e-01
    8.48665595e-01 4.46592659e-01 -4.26546395e-01 -4.22357142e-01
    8.16362381e-01 1.04947793e+00 4.30271178e-01 8.93495917e-01
    6.59845948e-01 -3.00589383e-01 4.26576138e-01 1.07159591e+00
    9.41303194e-01 4.75741625e-02 -1.19831264e-02 1.42674839e+00
    -1.15469486e-01 1.12066615e+00 1.32516050e+00 2.73511589e-01
    1.32417071e+00 9.38872635e-01 -8.04685056e-02 5.85514188e-01
    -2.46549755e-01 -4.02102739e-01 3.11919153e-01 3.24880838e-01
    5.99200308e-01 -4.59422767e-01 1.19388855e+00 -3.74207139e-01
    4.89675939e-01 9.85001683e-01 1.28279626e+00 -4.71408665e-01
    6.02613747e-01 1.18374586e+00 1.29715014e+00 3.77057254e-01
    5.28228283e-03 2.86243081e-01 1.27781105e+00 4.55242872e-01
    -9.38253999e-02 3.62238705e-01 -3.54444623e-01 1.25017071e+00
    1.38804245e+00 1.50389671e-01 2.50846803e-01 9.24942791e-01
    8.59094739e-01 -4.40232217e-01 5.64713538e-01 2.49452353e-01
    8.13813329e-01 5.08520782e-01 -1.42681897e-01 1.28813386e-02
    8.85362446e-01 1.33753002e-01 -4.01227683e-01 1.45714402e+00
    1.58527136e-01 4.86079216e-01 -4.88209784e-01 1.09627247e+00
    -1.54621929e-01 9.74515378e-01 1.32611310e+00 7.82082200e-01
    2.44170934e-01 6.31644607e-01 1.44253540e+00 1.13118947e-01
    2.33115882e-01 1.16312289e+00 -1.54367417e-01 -4.85656112e-01
    4.94010657e-01 7.08520412e-02 2.77033687e-01 5.89958489e-01
    -2.69957393e-01 6.10034704e-01 4.77289379e-01 1.34637189e+00
    -2.95187652e-01 4.89853859e-01 3.12874138e-01 -8.32880437e-02
    7.99546361e-01 1.43258762e+00 1.13981998e+00 2.47976363e-01
    3.18015635e-01 -7.38490820e-02 6.30708337e-02 4.66775775e-01
    7.89854527e-01 1.33462822e+00 1.13059938e+00 -2.00743288e-01
    1.46043432e+00 8.69275987e-01 1.04508579e+00 6.48220062e-01
    5.69662452e-02 1.63860321e-02 1.23808408e+00 2.59932280e-01
    1.14622140e+00 -3.17568004e-01 2.11139500e-01 9.12468076e-01
    -1.91758037e-01 6.37170255e-01 8.99945140e-01 3.74718666e-01
    1.37934983e+00 2.74760842e-01 1.46511883e-01 -1.42695010e-02
    9.50700402e-01 1.16322577e-01 4.04467732e-01 1.20508909e+00
    4.08797890e-01 1.11443472e+00 4.85213459e-01 -6.78870380e-02
    1.34231472e+00 4.52700913e-01 9.77052152e-01 3.67182851e-01
    2.33256847e-01 1.22060740e+00 7.25674212e-01 6.28357828e-01
    1.38781929e+00 -2.43186831e-01 4.84050035e-01 1.33349991e+00
    -2.80908346e-01 -1.76785439e-01 1.84121430e-01 1.12146103e+00
    2.83304930e-01 1.20772493e+00 1.10266447e+00 1.15559816e+00
    -3.56636882e-01 -3.48065674e-01 6.36869013e-01 1.12103951e+00
    -8.03497732e-02 8.30954432e-01 8.11983109e-01 1.49218845e+00
    -2.58423746e-01 4.88938510e-01 -4.90309119e-01 2.66525805e-01
    1.03410578e+00 -3.01584601e-02 3.31763566e-01 -1.32562518e-01
    -3.05132836e-01 -2.28327006e-01 -2.13896900e-01 1.96180761e-01
    3.19254994e-02 -6.66910410e-02 2.15505064e-01 1.25359356e+00
    9.17180896e-01 -1.48689061e-01 4.29582834e-01 1.34666026e+00
    6.84073865e-01 9.61772382e-01 -5.81107736e-02 3.78311276e-01
    1.04960275e+00 1.30371654e+00 8.96778762e-01 8.40496600e-01
    -1.65423334e-01 9.99795198e-02 -1.27246290e-01 1.47676277e+00
    9.66831923e-01 -3.38881195e-01 -1.94112659e-02 -2.90002704e-01
    -3.29537809e-01 9.71498787e-01 3.22791815e-01 -3.22872400e-01
    1.90692902e-01 8.73744488e-01 7.57285893e-01 -3.38358164e-01
    6.80860817e-01 1.10831189e+00 -3.73240322e-01 -1.28662825e-01
    1.35685349e+00 -1.20808333e-01 -2.08916724e-01 1.08665323e+00
    1.43693233e+00 7.44224727e-01 1.48505127e+00 2.93514609e-01
    -8.66037309e-02 1.21776366e+00 1.01760447e-01 1.22192502e+00
    6.03181124e-03 1.42059493e+00 9.38781083e-01 1.87749386e-01
    1.16521633e+00 4.15723324e-01 3.85050654e-01 1.37952209e+00
    -1.36142433e-01 -4.15526330e-01 8.94921720e-02 4.58612353e-01
    8.10381413e-01 -2.13197798e-01 -3.32108319e-01 -4.54030722e-01
    1.35307097e+00 1.17512906e+00 4.29167479e-01 1.18875003e+00
    1.00419617e+00 8.80981624e-01 2.38573790e-01 1.51896274e+00
    9.07243073e-01 1.02380669e+00 -3.33570778e-01 3.31036747e-01
    3.74052525e-01 2.51265228e-01 2.13614196e-01 1.14270878e+00
    6.85484707e-01 -8.64131749e-02 9.18374598e-01 1.10704756e+00
    1.35684776e+00 -1.54121101e-01 4.73690957e-01 2.88876414e-01
    1.12562919e+00 8.38758171e-01 4.84244257e-01 1.81859225e-01
    -4.35911357e-01 4.45276290e-01 6.41264081e-01 5.29413581e-01
    9.10250306e-01 1.69271231e-03 3.41275394e-01 1.44328952e-01
    1.67473108e-01 1.38627827e+00 -2.12246865e-01 4.60696548e-01
    5.23850322e-02 7.16313779e-01 -1.03131980e-01 -4.89938259e-03
    7.42397428e-01 3.07146817e-01 -2.11478323e-01 -3.26555371e-02
    -3.90777022e-01 3.98256302e-01 5.51745772e-01 3.53615940e-01
    2.37568021e-01 1.07631993e+00 -1.58895344e-01 -2.25924671e-01
    9.94011760e-02 2.66848385e-01 -1.84049606e-02 -1.74045056e-01
    -4.26219314e-01 7.79594421e-01 -4.00604546e-01 1.28396034e+00
    1.01603746e+00 6.55967236e-01 1.07236016e+00 -2.51345426e-01
    9.74728286e-01 -4.13836777e-01 9.12023544e-01 7.50824034e-01
    -2.17157006e-02 -3.87613595e-01 3.76090348e-01 1.38742948e+00
    5.47324121e-01 7.37550020e-01 3.95743728e-01 -4.85924095e-01
    1.11054695e+00 1.45351887e+00 3.47601593e-01 1.38388371e+00
    -3.90442252e-01 4.90165532e-01 -1.54537529e-01 1.15902948e+00
    -2.15266347e-01 7.93784857e-02 -2.61921287e-02 6.97562814e-01
    1.18925810e+00 4.18822795e-01 5.05131602e-01 -4.64581490e-01
    -4.34419215e-01 1.92534328e-02 1.43896848e-01 -4.26698804e-01
    6.09802723e-01 -9.43166018e-03 9.70532000e-01 1.46930373e+00
    -1.39711291e-01 -6.27031326e-02 1.29564261e+00 6.97270513e-01
    9.36257541e-02 5.91213107e-01 1.88308537e-01 1.01664209e+00
    9.77229297e-01 8.65770936e-01 3.93717706e-01 7.00416982e-01
    -4.67643559e-01 8.84819210e-01 8.29119146e-01 -2.59327829e-01
    4.79563177e-01 -1.26967400e-01 -1.76766634e-01 3.91607404e-01
    6.33326769e-02 9.73426819e-01 3.95928860e-01 5.87290704e-01
    -3.50019753e-01 7.54011571e-01 9.44695354e-01 9.29868817e-01
    -3.28728616e-01 -3.93742144e-01 -2.20343918e-01 4.97571290e-01
    -3.92415822e-01 1.05752540e+00 -2.66052067e-01 7.57077873e-01
    2.22501725e-01 6.47275448e-01 3.16446453e-01 1.36493778e+00
    1.43338203e-01 1.45447469e+00 -4.29168731e-01 -1.97697550e-01
    3.08997303e-01 6.16109490e-01 6.43082678e-01 3.66090715e-01
    1.42389429e+00 1.38479638e+00 7.09097922e-01 -8.59725475e-02
    1.04809225e+00 5.89703321e-01 6.70942724e-01 9.41300094e-01
    1.47446334e+00 8.02753806e-01 -4.44865942e-01 -1.01246744e-01
    1.06486773e+00 -3.16342175e-01 3.52588236e-01 -2.62911439e-01
    6.33261323e-01 -2.27061480e-01 2.98605800e-01 -2.34371841e-01
    2.04375982e-02 2.45400667e-02 6.89842939e-01 1.22349858e+00
    2.38156438e-01 -3.45093429e-01 1.13278544e+00 1.20593297e+00
    1.14481777e-01 5.96888304e-01 2.89510190e-02 -4.28120732e-01
    -2.00999647e-01 1.34020996e+00 -4.49707568e-01 -3.77996564e-02
    -2.29432166e-01 9.25776958e-01 3.39325726e-01 1.43723786e+00
    1.18187380e+00 1.88392997e-02 9.25847709e-01 1.07129550e+00
    1.23627830e+00 -5.02208114e-01 -3.89275014e-01 1.20510972e+00
    5.71518064e-01 -2.72578210e-01 3.13248158e-01 -1.81978345e-01
    -4.53294218e-02 1.04475296e+00 8.53672862e-01 6.37475252e-01
    7.57384896e-02 3.41657281e-01 -1.26397669e-01 7.13473499e-01
    6.03678048e-01 1.04187393e+00 1.16927600e+00 1.17994606e+00
    -5.17201424e-03 1.10598946e+00 4.43082392e-01 1.30208063e+00
    1.30261099e+00 1.39332175e+00 8.04098904e-01 -4.17053998e-01
    -3.50799441e-01 1.29046464e+00 1.31619215e+00 3.44212949e-01
    2.43743241e-01 2.70566881e-01 8.98479283e-01 -1.69606596e-01
    1.26930285e+00 1.45638394e+00 9.11096156e-01 7.59548187e-01
    7.88055301e-01 7.91347086e-01 -4.90691990e-01 1.29266429e+00
    1.42314553e+00 1.12596190e+00 2.08249331e-01 1.06572163e+00
    1.42865133e+00 7.05537617e-01 9.80798841e-01 1.11196709e+00
    9.60964739e-01 -4.74730283e-01 3.70537609e-01 4.05752599e-01
    1.08273149e+00 1.48944855e+00 1.06315941e-01 -3.35207582e-02
    -8.49009752e-02 8.08508039e-01 -3.22201878e-01 9.63916004e-01
    3.76964152e-01 -2.40315825e-01 5.16971350e-01 9.45547521e-01
    -1.22646958e-01 8.88478279e-01 -3.47921193e-01 1.10476804e+00
    -1.95836544e-01 3.43571603e-01 9.81695354e-01 4.24356282e-01
    -4.88484800e-01 4.87954736e-01 7.83013463e-01 7.27905035e-01
    1.76451802e-01 6.55632198e-01 -2.96953142e-01 3.73868674e-01
    -2.92144835e-01 1.42689764e-01 -4.80887353e-01 7.49284029e-01
    -1.69370711e-01 3.25375170e-01 3.02425772e-01 -2.02400833e-01
    1.33282089e+00 -2.55262822e-01 -3.97080660e-01 -5.81500530e-02
    1.25566483e+00 -1.97189599e-01 -3.04244161e-01 9.34631884e-01
    6.88847899e-03 -1.36137992e-01 1.35142732e+00 7.45738685e-01
    7.42159784e-01 5.40887952e-01 5.73814511e-01 5.32058477e-01
    1.08683693e+00 2.56413877e-01 -3.23763996e-01 7.88289428e-01
    1.39324117e+00 -2.60139048e-01 1.34838772e+00 8.88666272e-01
    3.72210443e-01 1.38352227e+00 1.78200066e-01 4.26643252e-01
    1.59802616e-01 4.94548678e-01 -2.94764459e-01 8.27320337e-01
    1.54914796e-01 1.38849461e+00 9.17327762e-01 3.86781573e-01
    8.91735494e-01 5.73648214e-02 1.63418055e-02 1.29980922e+00
    1.40751529e+00 1.03216100e+00 3.31665277e-02 9.83551204e-01
    3.31021547e-01 1.13310778e+00 1.37527454e+00 9.65443611e-01
    4.59928811e-01 1.35068166e+00 1.42071760e+00 1.04601598e+00
    -4.94250149e-01 1.27402258e+00 -2.21345335e-01 -1.91373408e-01
    6.93975866e-01 -1.83241904e-01 1.27190208e+00 7.35572875e-01
    6.46164715e-02 -7.47829378e-02 1.46082425e+00 -2.16477752e-01
    9.23505425e-01 9.71200287e-01 7.56585479e-01 1.11779821e+00
    1.34635448e-01 -3.16308439e-01 -9.25163925e-02 7.91816175e-01
    -2.87731081e-01 3.56601328e-01 1.14542091e+00 2.78669268e-01
    1.24091804e+00 8.90604317e-01 -4.40144986e-01 9.29444134e-02
    1.46610117e+00 8.52330327e-02 1.23811626e+00 2.88363695e-02
    3.90107334e-01 9.87908602e-01 1.04329062e+00 -3.63555670e-01
    4.97485340e-01 -3.15018892e-01 1.37917280e-01 -4.95692462e-01
    1.08174443e+00 -2.06410855e-01 1.13230026e+00 2.77320087e-01
    1.37330651e+00 -3.71752322e-01 -2.79900432e-02 1.34492421e+00
    1.51877820e-01 8.85283113e-01 -8.06947351e-02 3.38065624e-01
    1.17951846e+00 1.20249832e+00 4.55188036e-01 -1.06701255e-02
    8.86270404e-01 1.34694242e+00 6.35660231e-01 -1.62324160e-01
    -1.32937431e-01 1.35210204e+00 6.95935249e-01 -3.02740723e-01
    5.97858191e-01 1.21282965e-01 1.29518032e+00 2.44393677e-01
    -3.08754325e-01 4.26830590e-01 8.12435508e-01 6.18043959e-01
    -2.52145350e-01 -4.55976307e-01 7.93292642e-01 1.24745560e+00
    1.24903035e+00 7.66630828e-01 5.40642798e-01 1.80082083e-01
    4.63805139e-01 4.10462618e-02 1.01691329e+00 -3.42670202e-01
    1.33204198e+00 1.47957146e+00 1.02286339e-01 3.38827193e-01
    4.83124435e-01 2.84168839e-01 8.59725773e-01 1.29014564e+00
    1.18610787e+00 -4.30154175e-01 -5.01710594e-01 6.69790268e-01
    6.62573934e-01 8.81326675e-01 3.58784348e-01 8.24103296e-01
    1.20388484e+00 3.92323554e-01 1.44479287e+00 -3.34013581e-01
    -3.11489105e-02 3.56120348e-01 8.88352633e-01 1.07267904e+00
    2.49399245e-01 -3.04696321e-01 -2.74985313e-01 1.10767245e+00
    1.02624512e+00 1.24958634e+00 1.07222939e+00 -5.62495589e-02
    1.40433562e+00 7.06730664e-01 2.32476413e-01 2.21711278e-01
    1.45570934e+00 3.84292841e-01 1.10015142e+00 6.28273726e-01
    6.88295782e-01 -2.90808678e-02 1.31293523e+00 -2.69589722e-01
    2.59986460e-01 -3.44358653e-01 4.60112751e-01 8.52465510e-01
    -5.25695860e-01 3.86445045e-01 5.12500167e-01 7.59271383e-01
    -4.39090073e-01 3.48071456e-02 2.36042559e-01 4.06060934e-01
    1.38457656e-01 9.66582000e-01 2.55820632e-01 1.04371762e+00
    3.47335994e-01 -4.27342653e-01 -4.67036456e-01 4.55421388e-01
    1.15677226e+00 -4.69799668e-01 5.28447509e-01 7.32725024e-01
    1.34774411e+00 4.21864748e-01 1.09419036e+00 4.34915423e-01
    1.30899549e+00 4.77207243e-01 -5.22089422e-01 -7.12240934e-02
    7.06793964e-01 1.30601752e+00 2.69223511e-01 -3.91243905e-01
    1.52185500e-01 1.11611795e+00 4.34631705e-01 5.15074313e-01
    -2.08246648e-01 -4.44914013e-01 3.27092409e-02 3.73839438e-02
    2.11409539e-01 1.28632498e+00 6.15850866e-01 4.46779311e-01
    1.13960803e+00 -4.82168257e-01 1.20297360e+00 -3.11245531e-01
    -3.54517817e-01 3.50490868e-01 -6.30837381e-02 7.78982282e-01
    1.36853242e+00 7.30556011e-01 1.14116162e-01 6.30798519e-01
    6.49004638e-01 1.42950201e+00 -3.29729140e-01 -4.29221898e-01
    -3.05138409e-01 8.13116372e-01 8.34294498e-01 -4.38677281e-01
    8.80590558e-01 1.39170706e+00 1.09519768e+00 1.71893060e-01
    -2.22305506e-01 -1.35262132e-01 1.06348956e+00 -9.14680660e-02
    5.44921577e-01 4.27459478e-01 1.25530970e+00 8.60554338e-01
    -4.95855808e-02 2.51809239e-01 -7.02330470e-03 -3.67811590e-01
    3.27232927e-01 1.20812440e+00 1.30192578e+00 2.12906897e-01
    1.26523781e+00 7.41852164e-01 1.13972950e+00 -2.00358152e-01
    1.42056203e+00 1.48286593e+00 1.25150263e+00 8.62986267e-01
    1.08459997e+00 5.06214857e-01 1.30787146e+00 1.75082564e-01
    1.26710355e-01 1.09527707e+00 8.99888337e-01 5.22623897e-01
    -1.28109783e-01 1.23162556e+00 8.50427449e-01 1.01967406e+00
    5.10084510e-01 4.10377502e-01 4.54875350e-01 1.40019059e+00
    -2.06594825e-01 4.52631831e-01 5.70459545e-01 3.39218378e-02
    1.27160478e+00 -3.49480271e-01 1.46717668e-01 1.34005868e+00
    3.83622944e-01 4.57152903e-01 1.42217338e+00 9.96394336e-01
    -4.26404655e-01 -3.10558856e-01 2.72601724e-01 -1.16903991e-01
    1.49144340e+00 5.38077891e-01 1.06546593e+00 -4.85222399e-01
    3.00190628e-01 -3.05902958e-01 9.73019242e-01 -2.89430499e-01
    3.81773800e-01 1.06968522e+00 4.53330398e-01 1.31992841e+00
    2.21989363e-01 5.51723599e-01 1.80483460e-02 -3.60765934e-01
    -4.95556295e-02 -4.31061238e-01 1.17864001e+00 -3.88629556e-01
    1.03250194e+00 -3.79946530e-01 2.62412906e-01 1.44245470e+00
    -4.11966950e-01 -1.49694353e-01 1.01474345e+00 6.05096340e-01
    3.83118242e-01 -1.66664094e-01 -6.97426200e-02 3.03802073e-01
    1.10894895e+00 1.05740595e+00 1.34752047e+00 9.79362667e-01
    3.81165564e-01 5.42758882e-01 8.50313127e-01 6.41591311e-01
    -3.78993213e-01 8.20399940e-01 1.11100888e+00 7.20395029e-01
    5.59995711e-01 -2.03085512e-01 -2.84350514e-01 8.70627224e-01
    1.59273207e-01 -4.99726832e-02 1.05747056e+00 1.39749730e+00
    -1.27101898e-01 2.07672536e-01 -7.67082274e-02 4.33369875e-01
    9.94053483e-02 1.18881321e+00 -2.34531403e-01 1.71280503e-02
    -1.33712143e-01 6.89706087e-01 -4.40320224e-01 3.29348981e-01
    1.90057456e-01 -2.03410298e-01 9.02818084e-01 5.15376806e-01
    8.76789093e-02 6.06509089e-01 1.44568300e+00 9.04622555e-01
    1.16903114e+00 1.04340696e+00 -3.80878747e-01 1.46095955e+00
    9.85829294e-01 1.25635362e+00 7.33766973e-01 5.70669651e-01
    6.34085476e-01 1.88623965e-01 8.12054276e-01 -2.56895065e-01
    7.39605665e-01 1.08101439e+00 7.45261967e-01 -8.73627365e-02
    8.04331899e-02 1.44129574e+00 -1.50297374e-01 1.24216723e+00
    -1.68039680e-01 1.16064000e+00 7.18983233e-01 2.53882527e-01
    -1.74892455e-01 1.26332116e+00 -2.77363509e-01 -1.15236551e-01
    3.33218277e-01 -4.70094144e-01 7.42270768e-01 7.95436084e-01
    1.89414024e-01 1.09209597e+00 1.04757893e+00 2.60191262e-01
    1.10995650e+00 1.27699208e+00 3.09026301e-01 9.28187251e-01
    -3.94703090e-01 1.41647387e+00 -7.93102086e-02 6.18543625e-01
    -4.19977695e-01 -3.88160527e-01 -1.89722687e-01 1.45619631e+00
    -1.34661555e-01 1.04965174e+00 4.66189325e-01 4.47868168e-01
    5.07909775e-01 3.71511877e-01 1.08228421e+00 1.36673117e+00
    8.56856287e-01 8.49773645e-01 3.02166939e-02 1.32700300e+00
    2.33825386e-01 5.86767972e-01 -1.98509425e-01 3.40399742e-01
    8.14240098e-01 1.13268280e+00 -3.89952809e-01 -4.07922268e-03
    4.57757235e-01 1.11977983e+00 9.29688215e-01 4.16874886e-01
    4.06343400e-01 4.96335626e-01 3.81545067e-01 9.21321332e-01
    5.09954512e-01 1.21875930e+00 1.36361265e+00 3.50228608e-01
    -2.70966411e-01 5.94636679e-01 1.96045280e-01 8.27297926e-01
    1.19800556e+00 1.52416646e-01 8.16352546e-01 1.76422417e-01
    1.12270987e+00 -4.17876214e-01 1.04771078e-01 5.60047030e-01
    3.75153720e-01 -2.95018017e-01 9.84598517e-01 2.54730940e-01
    1.05956721e+00 -3.12118620e-01 -4.56788272e-01 1.05888784e-01
    8.45690906e-01 9.69324410e-01 4.28182662e-01 9.07711208e-01
    -1.51822627e-01 2.83686429e-01 -1.90233529e-01 3.55987608e-01
    1.51670003e+00 -3.76503855e-01 1.35431266e+00 7.18784750e-01
    -1.05431795e-01 5.06558061e-01 1.11926270e+00 1.28886890e+00
    -3.28721464e-01 6.99470401e-01 6.38822675e-01 8.39589834e-02
    -2.16045350e-01 6.16791248e-01 3.60605121e-01 -3.43022674e-01
    -3.33881557e-01 -2.23119110e-01 3.17828715e-01 9.21259999e-01
    -2.80116886e-01 5.16651630e-01 5.25014758e-01 1.29975712e+00
    4.72572207e-01 1.10939026e+00 9.21177804e-01 1.10108542e+00
    -3.07642281e-01 6.23017669e-01 5.90291739e-01 -3.24136496e-01
    8.27736199e-01 -4.35588986e-01 1.14831352e+00 7.98319340e-01
    -2.02397645e-01 2.19493419e-01 -4.37249184e-01 -1.86065912e-01
    7.06953883e-01 3.74063253e-02 6.16905570e-01 4.19937670e-01
    1.46215940e+00 -1.01465881e-01 7.40055561e-01 1.48750842e-01
    -9.04487073e-02 1.05054760e+00 1.29518890e+00 3.63434911e-01
    -1.93993449e-02 -2.82494485e-01 1.48374796e+00 2.08398521e-01
    1.80026174e-01 -5.04766285e-01 7.02113390e-01 8.47389638e-01
    -5.83342314e-02 4.44339573e-01 1.18890095e+00 -5.18043339e-02
    -3.10983777e-01 1.38488650e+00 -5.09299338e-02 2.37109721e-01
    2.67676711e-01 1.27272463e+00 -2.31906086e-01 1.14269328e+00
    1.09478092e+00 7.58879125e-01 -2.99613148e-01 5.96985221e-02
    6.61198676e-01 7.57819414e-01 -4.55641985e-01 3.14423978e-01
    8.58764052e-01 1.21452570e+00 1.03224015e+00 8.37861776e-01
    3.22062254e-01 -4.20098186e-01 8.41018558e-01 -4.53988552e-01
    4.17753249e-01 1.51333451e+00 1.02673006e+00 1.48007584e+00
    6.66505396e-01 1.15353847e+00 -1.04975790e-01 9.82298255e-01
    -1.35243535e-02 6.33278489e-03 -2.30058238e-01 1.29142714e+00
    7.77792811e-01 5.86177886e-01 6.28468871e-01 4.30271834e-01
    2.83874422e-01 1.11809516e+00 4.70865905e-01 -8.74782205e-02
    8.85315418e-01 1.11190438e+00 -2.26198763e-01 6.44160032e-01
    -3.55964005e-01 8.86322021e-01 9.06262636e-01 3.51268649e-01
    1.14224553e-02 6.76045895e-01 1.04637706e+00 1.02662730e+00
    1.23043108e+00 -1.45283133e-01 -7.83680677e-02 -1.07812732e-01
    4.22994196e-01 7.29398727e-01 -2.66637564e-01 3.66314650e-01
    1.46599305e+00 6.53617740e-01 5.78418851e-01 -1.73788816e-01
    7.91697979e-01 9.55416858e-02 1.18087769e-01 -1.40578121e-01
    7.10267603e-01 4.28941905e-01 1.16326141e+00 -1.86725110e-01
    7.69341707e-01 5.53242445e-01 5.68005919e-01 2.53890008e-01
    7.34304428e-01 -2.29510427e-01 6.12348020e-01 4.90887105e-01
    5.69710493e-01 5.06705225e-01 -3.24778855e-02 5.66259027e-01
    9.20137107e-01 1.47883296e+00 1.41002560e+00 -1.77265704e-02
    1.20136034e+00 -5.88500500e-03 -5.06527066e-01 3.71930659e-01
    1.42019391e+00 1.34245062e+00 1.32542038e+00 5.20860255e-01
    1.22913980e+00 -1.76650286e-01 1.31853104e+00 7.50141084e-01
    1.04530692e-01 3.05124581e-01 -1.21455729e-01 1.30742240e+00
    1.32452536e+00 3.25220048e-01 6.02674603e-01 1.12223983e+00
    1.25788856e+00 1.32602000e+00 -2.98255801e-01 1.22639203e+00
    -6.37257695e-02 1.27666581e+00 8.98606241e-01 4.65591311e-01
    1.23240507e+00 7.94312775e-01 1.37911451e+00 9.65179086e-01
    1.07258201e+00 5.89681864e-02 -3.11924070e-01 6.51786625e-01
    8.53430271e-01 7.71885097e-01 7.12456822e-01 1.20967329e-01
    -5.21754384e-01 -2.85992295e-01 1.14613295e+00 -5.50760031e-02
    5.69874823e-01 1.63054049e-01 1.47454190e+00 -1.24574810e-01
    1.31642771e+00 1.01231253e+00 1.01600313e+00 1.12062597e+00
    2.61753798e-03 7.20472991e-01 3.91283572e-01 1.01362598e+00
    -4.54222322e-01 6.89166427e-01 1.37056231e-01 2.93026209e-01
    1.36486721e+00 5.68492055e-01 2.24075198e-01 1.28069854e+00
    6.81816339e-01 -2.35288769e-01 4.02160287e-01 1.37841690e+00
    1.21017957e+00 -2.48774976e-01 8.31667960e-01 -1.71985805e-01
    3.36109281e-01 1.40993059e-01 3.74063849e-01 -2.32817024e-01
    8.91487062e-01 2.96177745e-01 -1.80242360e-02 1.04941154e+00
    -4.00749177e-01 -1.28299832e-01 1.29488111e+00 1.42685509e+00
    2.44835675e-01 1.12768173e+00 3.61511648e-01 -1.04501277e-01
    1.34954834e+00 6.15593910e-01 1.38621318e+00 1.03850293e+00
    4.28812861e-01 1.23252964e+00 -3.87267590e-01 8.11293721e-01
    1.29001939e+00 9.19855893e-01 -1.09162599e-01 9.62095261e-02
    1.05189681e-01 1.08327246e+00 1.39828253e+00 2.69680560e-01
    9.44027066e-01 1.47879338e+00 1.23855007e+00 -4.02348548e-01
    -2.58212745e-01 -5.78510761e-02 9.93600667e-01 1.06436336e+00
    8.89862835e-01 1.14893079e-01 -3.67221266e-01 5.45190334e-01
    1.36574328e-01 1.20053458e+00 -4.89997208e-01 3.11234593e-01
    1.33045721e+00 4.29024100e-01 1.12849295e+00 1.60827994e-01
    1.14019275e+00 2.45079637e-01 -1.69196486e-01 6.14347756e-01
    1.34586740e+00 -4.71922725e-01 4.72296536e-01 -4.85223860e-01
    1.27111888e+00 1.04333460e+00 -3.88434321e-01 -2.59287477e-01
    4.84541655e-01 -4.03343588e-01 1.13689113e+00 8.05232286e-01
    -4.09854442e-01 8.43926728e-01 1.37443471e+00 6.94241762e-01
    8.16024661e-01 4.01510000e-01 -9.28747356e-02 4.15368199e-01
    1.04084253e+00 -1.22682482e-01 1.13476419e+00 9.35413778e-01
    2.74573803e-01 8.88487935e-01 -2.23212183e-01 -3.71018380e-01
    1.01465106e+00 1.38202667e+00 3.55308533e-01 3.24288130e-01
    8.85620177e-01 5.48446298e-01 -1.22892052e-01 7.14743972e-01
    1.20827913e+00 7.06330240e-01 -4.74592417e-01 6.45440817e-03
    1.37198567e+00 7.48106301e-01 1.38952732e-02 2.37378359e-01
    -1.19573176e-01 8.63802254e-01 4.03890014e-01 1.90236568e-02
    -4.34649885e-02 -4.16163117e-01 -1.36585951e-01 1.29904461e+00
    8.65732253e-01 1.49226880e+00 7.35253632e-01 1.34000850e+00
    3.07078004e-01 -4.25829738e-01 -4.82421160e-01 2.73690522e-02
    5.45182347e-01 1.17664695e+00 9.68245268e-01 -3.31952929e-01
    -3.16763103e-01 1.11695027e+00 1.36229742e+00 -5.80476820e-02
    4.40363646e-01 1.15426230e+00 -3.86275053e-01 -3.88617992e-01
    1.07198465e+00 1.13901281e+00 5.94122589e-01 8.77291262e-02
    6.95310950e-01 1.05380130e+00 -4.83699650e-01 5.27861238e-01
    2.13531226e-01 -4.52950597e-02 8.08226526e-01 3.99700880e-01
    7.16179013e-02 1.29623294e+00 1.42070115e+00 -3.62619460e-02
    -2.15024769e-01 4.27090347e-01 1.43551815e+00 -4.03866172e-01
    1.28602970e+00 4.22455192e-01 4.18342769e-01 6.13909125e-01
    -3.72851372e-01 8.44943523e-03 1.48418796e+00 -4.87826794e-01
    5.92618287e-01 -1.11575395e-01 1.45861125e+00 1.36563945e+00
    -3.99122536e-01 8.52568388e-01 -2.51545191e-01 1.02542806e+00
    2.37058520e-01 9.50727642e-01 9.50982630e-01 -8.57827365e-02
    3.27307701e-01 2.73532838e-01 3.81936431e-01 7.65249491e-01
    5.20362973e-01 1.19895577e+00 7.48706460e-01 2.75400966e-01
    5.69160879e-01 4.44341719e-01 -8.98014009e-02 -3.77504826e-01
    3.92889142e-01 -2.09039927e-01 1.16474056e+00 1.12946057e+00
    1.47128654e+00 5.35444796e-01 -2.29002386e-01 -4.02665138e-03
    -2.73319900e-01 3.71215105e-01 8.09212625e-01 -4.96451855e-01
    -2.18601912e-01 1.89418614e-01 5.70060015e-02 1.20333767e+00
    -4.58914042e-03 -6.30337000e-03 1.29248452e+00 -1.78629309e-01
    3.83514941e-01 1.01278090e+00 5.19925952e-01 3.66269290e-01
    5.63359916e-01 1.26773810e+00 6.70748353e-01 6.33149147e-01
    1.02360928e+00 2.00617552e-01 8.05244744e-01 -2.90712267e-01
    7.47359872e-01 7.06267536e-01 6.60321712e-02 -1.30889803e-01
    1.39181471e+00 1.26673818e+00 8.70046973e-01 8.75831127e-01
    5.68392873e-01 3.15207839e-02 -4.81567264e-01 9.97741401e-01
    1.40201616e+00 1.43673539e-01 7.55029619e-01 1.45168495e+00
    1.42084885e+00 1.08190596e-01 4.66940403e-02 1.18597531e+00
    8.77474546e-02 9.77203906e-01 8.24079394e-01 -4.02569771e-01
    -4.83350962e-01 8.54067206e-01 -1.45972371e-02 -6.27248585e-02
    2.64947712e-01 1.36252832e+00 4.10816669e-02 7.10135400e-01
    -3.69213402e-01 5.85782647e-01 3.30223441e-02 1.64471954e-01
    1.60467923e-01 6.03151321e-01 -2.15410590e-02 -3.37558955e-01
    6.76856458e-01 -2.40302801e-01 -9.85129178e-02 1.40575552e+00
    5.21208942e-01 4.99457419e-01 -4.26515609e-01 8.20373535e-01
    1.48845363e+00 -8.99316669e-02 8.79434586e-01 -3.40823054e-01
    1.39086890e+00 1.43644953e+00 2.57986188e-02 1.06882691e+00
    1.02010870e+00 3.74341846e-01 3.25143337e-04 2.75952160e-01
    1.05910611e+00 2.63434470e-01 1.34911668e+00 4.13905293e-01
    6.89123034e-01 -2.99052477e-01 1.19766927e+00 1.41273820e+00
    9.37718868e-01 -3.96269560e-03 1.44086933e+00 7.50239134e-01
    9.48894978e-01 5.99594772e-01 6.53515100e-01 1.79268479e-01
    1.00310600e+00 3.95146787e-01 5.39649248e-01 6.35575652e-02
    1.08485460e+00 7.03589320e-01 5.67248464e-02 -1.94098353e-02
    6.21291101e-01 2.01163411e-01 -3.53780985e-02 6.90144956e-01
    5.00134885e-01 8.71992588e-01 9.66117322e-01 -3.77193272e-01
    8.15927982e-01 -3.51033211e-02 2.46600866e-01 1.47111499e+00
    3.83782387e-02 1.35593557e+00 9.61297095e-01 2.34939337e-01
    4.13084328e-02 9.24009979e-02 1.19953096e+00 3.54504883e-01
    -6.57425821e-02 6.93693042e-01 -4.82825488e-01 7.69506931e-01
    1.89158142e-01 2.77410448e-01 -3.29284668e-02 7.05618382e-01
    1.12368274e+00 2.15077996e-01 -3.51119995e-01 9.35908556e-01
    -2.99869955e-01 5.18786907e-03 -1.73144341e-01 -4.57796782e-01
    1.17685986e+00 8.78774285e-01 -2.69182265e-01 6.21016979e-01
    1.36526895e+00 3.31953049e-01 1.23990464e+00 -3.96357268e-01
    -1.08836621e-01 1.10607469e+00 1.20869470e+00 1.22033405e+00
    3.96887660e-01 -3.10184181e-01 -2.28988081e-01 1.31360984e+00
    7.29279160e-01 -4.47156310e-01 -4.44900095e-02 4.56869602e-02
    4.93304789e-01 -4.62009013e-02 -2.80104280e-01 1.07845783e+00
    3.10793757e-01 8.82439017e-02 1.12294495e-01 1.89633846e-01
    1.30132532e+00 6.70069456e-03 8.76516461e-01 -2.24220484e-01
    8.22696030e-01 -2.52503484e-01 7.90068567e-01 -1.73799425e-01
    6.73950315e-01 -1.28486812e-01 -3.64920378e-01 5.97988009e-01
    1.45122957e+00 -2.80864954e-01 1.50107634e+00 1.12533331e+00
    4.02496636e-01 -4.57821190e-02 9.60741043e-02 7.79253840e-02
    7.78186500e-01 1.21316004e+00 -2.89890200e-01 1.46259856e+00
    1.52447200e+00 1.71019435e-01 9.61545050e-01 -1.86394542e-01
    -3.08624685e-01 5.73119998e-01 1.13112569e+00 5.86033225e-01
    1.49156666e+00 2.38328248e-01 1.39975703e+00 8.36181700e-01
    -3.13148558e-01 1.02587986e+00 9.78195667e-01 3.22947979e-01
    -2.91667819e-01 6.51652157e-01 -1.85427576e-01 5.29197454e-02
    1.37808275e+00 -3.61126661e-01 4.11796510e-01 -5.44149280e-02
    1.21224296e+00 2.00702727e-01 5.36509156e-01 1.04382014e+00
    -2.55563855e-01 -1.31723881e-01 7.08243847e-01 3.96854520e-01
    1.38825238e-01 1.50710368e+00 9.88753557e-01 7.43399858e-01
    1.06591070e+00 2.79586554e-01 1.38199568e+00 7.19865620e-01
    9.55499411e-01 -2.33636856e-01 1.17790699e-02 9.14358139e-01
    9.35810447e-01 5.26250005e-01 1.46607673e+00 7.58325577e-01
    8.06700706e-01 1.14942098e+00 1.72045022e-01 6.35066628e-01
    7.90463686e-01 -4.63612497e-01 2.80363858e-01 9.76995230e-02
    6.74216032e-01 4.25266981e-01 6.17725849e-01 1.32247281e+00
    -4.09260571e-01 7.03344762e-01 1.69802964e-01 -4.42718536e-01
    1.10372126e-01 8.05237591e-01 -1.38299197e-01 -4.22383547e-02
    -3.40424925e-01 9.09711242e-01 1.33743644e-01 9.50893581e-01
    -1.81000292e-01 7.17679322e-01 -3.12456310e-01 1.00448561e+00
    1.41470194e+00 -2.35602915e-01 -2.30484068e-01 -3.55567157e-01
    -4.97455955e-01 7.74983406e-01 1.08194673e+00 -3.74606758e-01
    -3.47701818e-01 1.32625592e+00 2.20138848e-01 1.05182743e+00
    6.00576997e-02 1.04235709e-01 1.72364116e-01 1.22284985e+00
    5.75219452e-01 1.31152511e+00 1.13744736e+00 1.01974368e-01
    -8.38743746e-02 1.21678019e+00 4.91949320e-01 -3.83150339e-01
    -4.03358459e-01 5.36976457e-02 1.14653659e+00 6.61140740e-01
    1.83159232e-01 6.41642988e-01 8.42411339e-01 8.33274603e-01
    5.14648974e-01 5.97671926e-01 2.06650913e-01 8.19516838e-01
    9.93824959e-01 7.68638909e-01 4.27247643e-01 9.03009892e-01
    8.43528688e-01 2.17102945e-01 1.12821460e+00 6.53579354e-01
    -4.05752808e-01 5.16534090e-01 9.27025080e-01 -3.09697360e-01
    4.97804821e-01 5.36985815e-01 -2.76468635e-01 5.90035915e-01
    -5.63669205e-02 1.49470162e+00 -3.43339890e-01 1.38172364e+00
    5.39055288e-01 1.18963897e+00 -1.05474949e-01 -3.34474742e-02
    7.76202261e-01 -3.43136430e-01 4.26200509e-01 7.31001318e-01
    5.54574609e-01 9.01451826e-01 1.17262101e+00 -1.08350575e-01
    1.14340723e+00 -8.47599208e-02 8.93882394e-01 8.13682675e-01
    1.47766685e+00 1.33822227e+00 1.03496122e+00 2.11316347e-03
    5.68175435e-01 9.49861109e-02 1.63319260e-01 -2.39210680e-01
    1.16895437e+00 1.08153915e+00 4.30211931e-01 9.89305794e-01
    1.33625078e+00 1.17401361e+00 -3.02192569e-03 7.24107027e-04
    -9.36891139e-02 -1.71390772e-01 8.68308425e-01 -4.16257083e-01
    -3.73130023e-01 6.62912667e-01 1.39216828e+00 5.90656579e-01
    1.10967791e+00 9.01745558e-02 1.00132978e+00 1.32752204e+00
    9.00737047e-01 1.07070422e+00 -1.09953612e-01 1.31028700e+00
    4.83085394e-01 1.41307878e+00 -1.13841116e-01 1.14134908e+00
    -3.08065355e-01 1.00900745e+00 4.89339530e-02 1.08706045e+00
    5.82583547e-01 9.52999473e-01 6.65217042e-02 -5.07613420e-02
    1.42342818e+00 -3.01820517e-01 1.34384847e+00 -3.30769420e-01
    1.28120613e+00 1.31377649e+00 7.93736458e-01 1.37224925e+00
    4.93132472e-02 5.92337370e-01 5.67590475e-01 9.18058932e-01
    5.92764318e-01 3.61580193e-01 9.64096606e-01 -4.46528405e-01
    6.75729871e-01 4.95603085e-01 -4.22047645e-01 9.88903642e-02
    5.23808718e-01 9.68416452e-01 1.30557036e+00 1.42148602e+00
    1.45905876e+00 1.29425788e+00 5.42673171e-01 1.43576360e+00
    -3.13906610e-01 1.03515434e+00 6.47640407e-01 7.17295051e-01
    -3.10561508e-01 3.65148664e-01 5.80147624e-01 -1.11679792e-01
    8.00252438e-01 -4.21962619e-01 1.28817940e+00 6.16967797e-01
    5.06994784e-01 -7.51868188e-02 9.64698732e-01 1.28564072e+00
    8.63410294e-01 5.33430576e-02 9.97744143e-01 1.12280667e-01
    2.43323624e-01 1.37542158e-01 6.68826520e-01 1.08194637e+00
    3.11869889e-01 1.45686460e+00 -5.05279303e-02 6.10216975e-01
    4.95031178e-02 2.19662845e-01 5.65758109e-01 1.61486626e-01
    5.63643873e-01 -4.08760011e-01 2.33726233e-01 -3.59461933e-01
    -9.05642211e-02 -9.77321565e-02 -2.24564642e-01 6.88360929e-01
    1.58221513e-01 1.05977774e+00 6.16845608e-01 1.79623365e-02
    1.18940973e+00 4.02354687e-01 1.03193879e+00 5.34128010e-01
    -2.10561544e-01 5.90027273e-01 1.14127481e+00 1.29871404e+00
    -2.74260372e-01 -1.70931101e-01 1.32998228e-02 9.10045505e-02
    3.97559404e-02 6.92107320e-01 4.20049965e-01 1.03381419e+00
    2.27371752e-01 4.58291888e-01 1.25284433e-01 5.47648549e-01
    -5.92785776e-02 3.17491263e-01 -4.07527030e-01 7.21834540e-01
    6.24139369e-01 7.98303068e-01 -9.70407426e-02 -2.13340491e-01
    1.44721222e+00 3.49192798e-01 -1.04880542e-01 4.49252248e-01
    7.48645961e-01 8.67458880e-01 -1.27840936e-02 7.61785865e-01
    1.40869617e-03 1.41120911e+00 -6.16047084e-02 -4.91755009e-01
    -5.43080568e-02 5.89248598e-01 -4.85837966e-01 1.07682097e+00
    2.21591711e-01 6.78159416e-01 1.30099404e+00 -2.84703255e-01
    -2.85305083e-01 -2.75755644e-01 7.09295273e-02 1.16188169e-01
    1.28302789e+00 9.18206394e-01 1.31169534e+00 3.88378322e-01
    1.24007010e+00 -3.57826144e-01 -2.89097130e-01 1.30293190e+00
    -2.99251854e-01 1.44636822e+00 5.67217410e-01 9.67898548e-01
    -3.43869686e-01 8.55421543e-01 1.42104983e-01 -3.79545391e-01
    -6.21881187e-02 -1.66311264e-02 2.63864994e-01 3.82427633e-01
    1.16653776e+00 -5.05500734e-02 -1.47837877e-01 4.43030477e-01
    3.30308795e-01 7.33061969e-01 3.97699594e-01 -4.75451261e-01
    1.06019139e+00 6.36668801e-02 -3.40562463e-02 1.33856034e+00
    6.85946941e-01 1.43496847e+00 3.85485947e-01 4.80602205e-01
    3.06725204e-01 3.18132401e-01 7.79988706e-01 8.05711687e-01
    6.63152277e-01 -8.51355493e-02 -4.78018075e-01 9.37965631e-01
    6.03927910e-01 1.18728757e+00 -5.43532491e-01 1.49398506e-01
    8.12228560e-01 1.34497976e+00 -5.09958565e-01 5.11218250e-01
    1.33377314e+00 3.46270382e-01 9.32217658e-01 2.05735147e-01
    1.36261082e+00 8.96966457e-03 -9.36174989e-02 1.46051764e+00
    -1.06746256e-02 1.62040859e-01 1.03239131e+00 9.82428730e-01
    -3.11289936e-01 6.66853309e-01 7.50259042e-01 1.38858676e-01
    -1.20768160e-01 6.63842142e-01 -1.27494335e-04 1.09390306e+00
    9.85275567e-01 6.81778848e-01 6.77216172e-01 -1.46131843e-01
    3.70420039e-01 1.21376109e+00 9.78794873e-01 1.46847749e+00
    1.00364065e+00 9.22001183e-01 6.66378081e-01 -9.13279355e-02
    -2.97061086e-01 -1.63158268e-01 1.08909118e+00 -8.82353783e-02
    4.83256608e-01 -2.22427279e-01 9.94481444e-01 -1.76600456e-01
    -3.07832062e-01 1.20491302e+00 1.39020085e-02 6.44981861e-01
    2.51809061e-02 -1.73006654e-02 -2.10766375e-01 -2.76056170e-01
    7.36108303e-01 6.76509559e-01 4.93564665e-01 -3.05748940e-01
    4.87757146e-01 6.06274903e-01 -1.04019046e-02 -6.64041042e-02
    1.35398650e+00 7.80766010e-01 -3.68833542e-02 5.48331797e-01
    7.11937606e-01 1.31088901e+00 3.36293101e-01 1.02032185e+00
    1.20240283e+00 -2.57271528e-02 6.01309299e-01 7.11532712e-01
    3.49916816e-02 1.90604448e-01 2.76662171e-01 1.27722275e+00
    -3.67066264e-03 5.34630418e-01 5.00930667e-01 -1.45151645e-01
    3.56165469e-02 4.68318462e-02 -4.74866301e-01 7.56621480e-01
    -4.63908792e-01 -4.51373369e-01 1.00108111e+00 9.91385460e-01
    4.00378168e-01 -3.43811214e-02 -1.88288391e-02 4.44898427e-01
    1.40961397e+00 -2.11436838e-01 4.62297201e-01 8.77765417e-01
    -2.00662404e-01 7.46007740e-01 1.64048433e-01 1.31464410e+00
    1.38084829e-01 6.61070645e-01 -2.60056883e-01 5.42261958e-01
    6.86898232e-02 -2.95598567e-01 1.40958941e+00 2.36431122e-01
    5.85392118e-02 6.79572582e-01 5.40588081e-01 1.59042239e-01
    7.84637928e-01 1.38401818e+00 2.88803995e-01 4.44165945e-01
    1.22155619e+00 -3.65104079e-01 6.24963403e-01 1.38018930e+00
    -5.21450758e-01 1.34646010e+00 4.58820224e-01 5.47740102e-01
    -2.13559151e-01 1.45458293e+00 2.33871043e-01 -4.13211614e-01
    8.96804452e-01 5.03898561e-01 -3.17668200e-01 7.44025826e-01
    5.85682154e-01 1.01624274e+00 5.89253545e-01 6.00479126e-01
    2.19978839e-01 1.37204146e+00 1.51490247e+00 -2.95365453e-01
    -1.81203932e-01 6.19682491e-01 -3.47735852e-01 9.71919298e-01
    5.92280626e-01 4.92597163e-01 1.43666899e+00 9.46427584e-02
    1.41534829e+00 -3.88556331e-01 3.02252501e-01 3.13428611e-01
    1.47508144e+00 3.88265491e-01 2.61023313e-01 1.04789078e+00
    -2.25525111e-01 1.03259772e-01 2.18924880e-02 4.83438671e-01
    4.64659452e-01 -3.84229302e-01 1.38342571e+00 6.82147622e-01
    3.62102509e-01 1.00863218e-01 1.61343455e-01 1.48171711e+00
    1.09471142e-01 2.14585245e-01 2.27376223e-02 9.52516079e-01
    5.48162699e-01 8.86468887e-01 9.86605883e-02 7.49791145e-01
    1.43475366e+00 9.46049273e-01 8.99597347e-01 -3.27574998e-01
    -4.42259133e-01 1.27440095e-02 4.99373674e-01 -3.36986482e-02
    -2.28615791e-01 1.44248533e+00 1.09349728e+00 6.45272732e-02
    -3.57684910e-01 1.46485043e+00 8.69542718e-01 -1.44179910e-01
    3.71500790e-01 3.52818370e-01 1.03087282e+00 -4.01926160e-01
    2.30000496e-01 7.78880239e-01 6.26135170e-01 1.07588696e+00
    -6.99978173e-02 1.32948852e+00 5.51024735e-01 4.98489559e-01
    7.92170405e-01 -3.28553885e-01 -5.21954596e-02 1.61937773e-01
    1.17467082e+00 8.57182026e-01 6.69331193e-01 7.11207390e-02
    8.02803159e-01 4.30655062e-01 -6.58211112e-02 -2.36598641e-01
    8.53894711e-01 1.21428370e+00 -2.73412853e-01 -1.65051460e-01
    1.37663054e+00 2.27102757e-01 -2.19992697e-02 1.22993493e+00
    5.29627025e-01 5.60123801e-01 1.35847259e+00 3.98706377e-01
    1.13961327e+00 1.10867691e+00 -3.35824072e-01 -9.40116048e-02
    -2.28101343e-01 1.47261977e+00 8.37463737e-01 2.99406052e-03
    9.47342157e-01 8.88285577e-01 4.16844070e-01 1.55618429e-01
    1.37891054e+00 9.00511980e-01 -7.13090003e-02 1.23311329e+00
    7.81631470e-01 1.15563345e+00 3.85219693e-01 1.38384724e+00
    -3.32275450e-01 -1.02456689e-01 -1.23067588e-01 1.18282974e-01
    6.04994953e-01 8.57496858e-01 5.00865281e-01 1.21550941e+00
    -4.60630983e-01 -5.35192847e-01 4.76257682e-01 -2.07063287e-01
    1.08135426e+00 1.25303721e+00 1.60830200e-01 -2.48437375e-01
    2.16221213e-01 1.24041367e+00 1.19621682e+00 2.19193339e-01
    3.44096899e-01 5.33095896e-01 1.46952713e+00 9.63081419e-01
    6.21477246e-01 1.80033684e-01 7.40603447e-01 4.37406719e-01
    8.99194360e-01 5.47704697e-02 -3.44698250e-01 -5.12700438e-01
    1.13863504e+00 3.59202981e-01 1.26140499e+00 4.17261124e-01
    3.77465069e-01 2.37855852e-01 1.98360085e-02 1.09703636e+00
    1.06242633e+00 5.47891915e-01 2.24685550e-01 1.39353406e+00
    -3.33301157e-01 4.26608741e-01 6.97994888e-01 5.47360837e-01
    -2.83714354e-01 2.46139556e-01 3.73342514e-01 -4.03026938e-02
    8.94231915e-01 -2.78548568e-01 2.28222400e-01 1.17537546e+00
    6.29279852e-01 1.39633489e+00 1.27045417e+00 5.21039844e-01
    5.62858760e-01 8.58500838e-01 -2.93603957e-01 4.90330100e-01
    2.16773927e-01 1.30357814e+00 -1.88742816e-01 3.76567423e-01
    1.24536753e+00 -5.20601690e-01 -2.74567425e-01 2.24906385e-01
    1.93006337e-01 5.18751442e-01 -1.46650016e-01 9.17090654e-01
    3.71473193e-01 3.56748223e-01 6.93866968e-01 1.19599044e-01
    1.35472894e+00 9.60560262e-01 1.44402337e+00 3.60219479e-01
    5.30327499e-01 5.98359108e-01 7.14569807e-01 -3.71907949e-02
    3.24583143e-01 7.80006945e-01 3.28035951e-02 1.38635159e-01
    6.97251797e-01 2.93475658e-01 -4.14318681e-01 1.32611775e+00
    -3.92549753e-01 -4.01120961e-01 4.93876278e-01 1.45096970e+00
    7.45823979e-02 1.29575002e+00 -2.53914565e-01 1.04826474e+00
    6.41371131e-01 1.35721207e+00 9.36409056e-01 2.60671675e-01
    1.09680843e+00 2.76757061e-01 -5.12975931e-01 9.73170280e-01
    -1.20313406e-01 1.09998059e+00 -1.23425841e-01 9.99517918e-01
    3.23446155e-01 5.08591056e-01 1.22861481e+00 7.96836138e-01
    1.27983522e+00 7.46719956e-01 3.99540722e-01 5.52284122e-02
    -1.84505522e-01 9.27383840e-01 1.40013242e+00 8.99581492e-01
    1.36915612e+00 -2.80699551e-01 3.48845005e-01 7.18989253e-01
    -2.36156076e-01 -3.58268201e-01 7.60613084e-01 9.26434338e-01
    1.47906065e+00 1.32527351e+00 -2.48483419e-02 1.46620154e+00
    9.11474466e-01 4.96631503e-01 1.25498128e+00 5.55207729e-01
    2.65492201e-02 9.87573862e-01 6.78895056e-01 1.08802414e+00
    7.89933205e-01 -2.05602974e-01 3.83334577e-01 5.52325070e-01
    -1.71248019e-02 -7.14175701e-02 1.30687809e+00 -2.81682312e-02
    8.51452053e-02 -9.09511149e-02 4.09780890e-01 1.32052398e+00
    1.69463456e-01 1.29558110e+00 8.38094354e-01 9.59454894e-01
    -4.47443634e-01 -1.62302643e-01 4.56470251e-01 2.56417990e-01
    9.45734859e-01 8.47064972e-01 -1.33373797e-01 8.54347229e-01
    3.04393947e-01 7.60487318e-01 5.45135677e-01 8.03644180e-01
    9.20506537e-01 6.75813556e-02 6.96756721e-01 2.18888879e-01
    3.66590023e-01 7.04545677e-01 4.53634918e-01 1.38735533e+00
    1.48476946e+00 5.68877578e-01 1.30504262e+00 6.51590705e-01
    1.25810218e+00 1.81470424e-01 4.62040305e-02 9.23725128e-01
    -1.61970586e-01 1.23331988e+00 6.38135672e-02 1.42552686e+00
    5.45453727e-01 1.37124956e-01 6.53610706e-01 4.59628403e-02
    -4.35339093e-01 1.11405420e+00 6.01348877e-02 -1.75522119e-01
    -4.36868399e-01 1.32991624e+00 -4.86873537e-01 1.16670680e+00
    2.62748450e-01 -2.47837871e-01 -1.18869275e-01 -4.47591543e-02
    4.88345027e-01 1.06203234e+00 4.05262947e-01 5.88413835e-01
    1.20384860e+00 9.99289513e-01 7.67713606e-01 4.58244920e-01
    1.31531203e+00 -3.99597228e-01 1.13817954e+00 1.47211337e+00
    -1.24159664e-01 9.82424319e-01 7.97179222e-01 1.02471709e-02
    -3.97292733e-01 1.41511965e+00 6.96953773e-01 1.06835032e+00
    1.14166057e+00 8.55086803e-01 -1.83788300e-01 -1.80156142e-01
    -2.03743190e-01 8.03908706e-01 -2.52077252e-01 1.52282417e-01
    6.50030077e-01 8.41849864e-01 1.34819984e+00 -2.38009602e-01
    4.20964181e-01 1.53374434e-01 5.25115967e-01 -2.81606704e-01
    6.52505875e-01 4.13795888e-01 5.04778445e-01 1.67136610e-01
    -1.57490909e-01 -3.13664347e-01 9.89388645e-01 4.61884022e-01
    -1.71944588e-01 -4.40022647e-01 1.04609251e+00 -3.08424234e-03
    -2.44926691e-01 9.55251873e-01 -2.91168839e-01 6.87807202e-02
    1.58406138e-01 6.74803197e-01 1.29646015e+00 4.26857471e-02
    1.45400465e+00 7.12760448e-01 3.64010513e-01 9.74024594e-01
    9.29593563e-01 2.75252700e-01 1.33120883e+00 6.92474961e-01
    1.35987806e+00 5.44954002e-01 -2.25807458e-01 2.74919689e-01
    5.51707745e-02 3.67677510e-01 -3.55335772e-02 -2.83108652e-01
    1.05898726e+00 7.11739659e-02 1.46360660e+00 1.15706754e+00
    2.45726287e-01 1.06019187e+00 6.57202840e-01 6.24824762e-02
    1.31764746e+00 -3.83348554e-01 1.38382769e+00 1.03814697e+00
    5.07863939e-01 -2.84357607e-01 5.46898842e-01 1.06170273e+00
    5.12706280e-01 1.31306648e-01 -3.46750379e-01 3.20270091e-01
    1.17064595e+00 5.43663204e-01 1.24117970e-01 1.13375676e+00
    3.98121446e-01 1.20450449e+00 6.91621184e-01 2.11938173e-01
    -2.33828932e-01 5.10245562e-02 -2.89386809e-01 3.98327410e-02
    7.42982209e-01 2.65979707e-01 9.54223633e-01 1.42118657e+00
    7.79334009e-01 -5.11109829e-01 -2.08930463e-01 1.43574667e+00
    1.17512405e-01 1.40915847e+00 7.79510736e-01 1.08727574e+00
    1.35011053e+00 1.26744533e+00 9.73773062e-01 -1.92071915e-01
    1.23001981e+00 -2.17576206e-01 1.31636930e+00 -3.45091701e-01
    1.28784418e-01 -7.20940828e-02 1.65594757e-01 -9.41557586e-02
    1.22953981e-01 1.79094881e-01 5.37556827e-01 8.01892042e-01
    1.33172596e+00 1.29641414e+00 6.93888307e-01 -2.96464264e-01
    5.30434608e-01 3.66275072e-01 6.15101457e-01 2.01752067e-01
    1.29981428e-01 1.34747839e+00 1.19604349e-01 1.31134677e+00
    5.58694243e-01 4.99504387e-01 9.25091863e-01 8.27191293e-01
    7.59736180e-01 1.36509967e+00 6.65542126e-01 1.17128301e+00
    1.40225387e+00 1.02987540e+00 1.38561678e+00 1.45806980e+00
    1.06296468e+00 1.45950770e+00 -1.57661438e-02 1.44950414e+00
    9.83203053e-02 -4.90534663e-01 4.49454904e-01 2.63778210e-01
    1.41357350e+00 1.21021330e+00 -4.62059498e-01 4.87815619e-01
    4.06404138e-02 1.12561846e+00 9.51749742e-01 8.14670682e-01
    1.38264930e+00 2.38549232e-01 9.56524909e-01 3.43605340e-01
    1.23990130e+00 -2.84928560e-01 1.02054310e+00 -2.18366444e-01
    5.22608936e-01 3.39249551e-01 1.33956683e+00 1.96746826e-01
    1.89705789e-01 -4.24910605e-01 1.35087061e+00 8.58163297e-01
    8.51022243e-01 1.14206743e+00 4.51520979e-02 1.43697858e+00
    3.12294781e-01 1.14916086e-01 6.48871064e-01 1.19155455e+00
    -3.53820384e-01 2.14384109e-01 1.17374372e+00 1.36927438e+00
    6.80333376e-01 9.55002964e-01 2.01792866e-01 1.30473518e+00
    1.41658306e+00 -1.28078640e-01 7.29975402e-02 1.17043126e+00
    1.90542102e-01 7.66099215e-01 8.03948760e-01 2.05732048e-01
    1.08437967e+00 -6.83845878e-02 -4.98114467e-01 1.87608838e-01
    1.38790941e+00 3.64322275e-01 -1.06518537e-01 5.19415081e-01
    5.48242450e-01 -4.51970965e-01 1.18612015e+00 1.32443428e+00
    1.02454156e-01 -1.31327122e-01 -1.82357132e-01 6.69278622e-01
    1.02365685e+00 1.35729575e+00 -1.73435539e-01 -4.69306111e-03
    4.19432223e-02 8.72278392e-01 8.27829957e-01 1.07959533e+00
    6.04439139e-01 9.90441322e-01 1.39131117e+00 4.38594818e-02
    4.58636731e-01 1.22095835e+00 1.11695319e-01 6.81882977e-01
    5.61519504e-01 6.42860770e-01 9.03844476e-01 -2.74508178e-01
    1.12900281e+00 9.72000003e-01 -4.25672948e-01 5.97200036e-01
    1.32232398e-01 8.54577601e-01 -4.15721536e-01 7.09093332e-01
    -4.36622590e-01 1.44527328e+00 -9.04133916e-02 -1.23009354e-01
    1.46504140e+00 5.60630143e-01 6.90619886e-01 1.06142867e+00
    3.84293377e-01 1.26545036e+00 -3.89904261e-01 6.29780293e-01
    9.25181448e-01 8.78499568e-01 6.97952390e-01 5.32569170e-01
    6.83452606e-01 3.12622964e-01 1.39692175e+00 -3.52127254e-02
    4.05082464e-01 7.44627714e-01 7.53938675e-01 1.14357114e+00
    5.82171321e-01 1.44370246e+00 2.46794939e-01 1.36479020e+00
    2.29944885e-01 4.56158996e-01 1.00757873e+00 5.88672459e-01
    1.89580739e-01 1.15215993e+00 -2.84139812e-01 1.11312330e+00
    -3.40901196e-01 -4.74799871e-01 1.24158764e+00 2.87607729e-01
    6.01735055e-01 1.06812739e+00 1.08736396e+00 1.34451365e+00
    1.17347169e+00 1.38707399e+00 6.22186840e-01 -3.14071238e-01
    6.41459942e-01 3.98556769e-01 7.34416008e-01 1.25865209e+00
    -3.09479892e-01 9.26083326e-01 -1.13059372e-01 1.42125177e+00
    5.74392796e-01 -2.87328720e-01 1.37922835e+00 2.45303810e-01
    -2.93705195e-01 1.42264915e+00 1.06944489e+00 -3.96661371e-01
    1.40159154e+00 -4.40592170e-02 -2.11282194e-01 9.85585451e-01
    1.45433795e+00 5.42070329e-01 -2.47150213e-01 1.26635861e+00
    3.47497523e-01 5.57118118e-01 1.10090613e-01 1.53259695e-01
    7.88362503e-01 6.38325214e-02 1.31046748e+00 6.99465930e-01
    -1.88516527e-01 1.13166356e+00 8.11760008e-01 8.22374403e-01
    2.82990575e-01 4.90246534e-01 1.44994974e+00 -3.99690509e-01
    9.91299629e-01 1.03852654e+00 7.31802464e-01 -3.59253585e-02
    -3.97435665e-01 8.71710718e-01 -4.02958393e-01 -3.31843674e-01
    9.60931540e-01 7.57747054e-01 1.86738849e-01 4.33533967e-01
    -4.10937071e-02 5.39316416e-01 -9.51697528e-02 6.54220581e-02
    6.06499076e-01 1.36248493e+00 1.20425212e+00 -2.44968623e-01
    -4.83915985e-01 -4.19894278e-01 1.01672173e+00 1.55628920e-01
    -4.03269768e-01 1.26040232e+00 1.09417510e+00 5.71575463e-01
    8.16004932e-01 1.29471326e+00 6.95046961e-01 -3.96173894e-02
    -3.95643950e-01 1.45761120e+00 1.46782684e+00 2.11429179e-01
    -2.71055758e-01 7.70247936e-01 5.41489422e-01 1.46123576e+00
    1.14999324e-01 9.92527902e-01 1.35024643e+00 4.32368129e-01
    2.56822258e-01 2.90938854e-01 1.02981299e-01 1.18107820e+00
    4.51035887e-01 -4.27930087e-01 6.29943669e-01 6.79436624e-01
    -3.52967173e-01 1.08264911e+00 3.38600695e-01 4.65442359e-01
    -6.06713295e-02 -2.35065311e-01 7.59433687e-01 1.21279263e+00
    8.90975654e-01 -1.40474439e-01 -3.59631836e-01 1.07191873e+00
    4.55094099e-01 -4.64455485e-02 4.47440147e-03 -2.42548108e-01
    7.72923827e-02 -4.87355590e-01 1.05376840e-01 -9.01054442e-02
    8.39606404e-01 1.01677752e+00 -2.25029171e-01 7.53315926e-01
    9.90699887e-01 3.95266175e-01 1.37383389e+00 8.47928822e-01
    1.17631137e-01 -2.92533636e-02 1.33542943e+00 4.11185682e-01
    1.40778494e+00 1.00141346e+00 -1.33484006e-02 9.97874856e-01
    1.02326739e+00 7.47390985e-01 -5.86135685e-02 1.10012650e+00
    2.00044692e-01 8.23586166e-01 7.64313638e-01 8.52672517e-01
    3.33520889e-01 3.60632122e-01 6.68613315e-02 8.06017697e-01
    -1.24897867e-01 -1.10702366e-01 7.47690558e-01 6.83172524e-01
    3.92988920e-02 1.25935376e+00 -3.44667226e-01 6.31753922e-01
    -2.97196180e-01 6.57183051e-01 -3.46122384e-01 7.48957992e-01
    7.43521214e-01 5.19098938e-02 -1.83126867e-01 7.54951954e-01
    -7.49257207e-03 -3.73996854e-01 1.14709115e+00 1.33365583e+00
    3.74094099e-01 -9.71351564e-02 1.19071633e-01 1.36046636e+00
    3.20741594e-01 1.12358129e+00 8.97770047e-01 1.53768957e-01
    1.37718868e+00 7.71778584e-01 1.47801471e+00 1.05938506e+00
    9.87191260e-01 5.18858433e-01 8.17290843e-01 5.71576357e-01
    -1.63348764e-01 8.19560885e-02 -1.08906925e-02 4.81648624e-01
    1.36746192e+00 7.81384408e-02 8.85788321e-01 1.33326650e+00
    9.99523222e-01 9.67175364e-02 1.46158469e+00 1.10670233e+00
    1.14047945e-01 8.98115575e-01 6.45861030e-02 -9.85920429e-03
    1.11627924e+00 9.88521338e-01 6.06044412e-01 7.25546002e-01
    -2.48518020e-01 6.61131144e-01 4.03866202e-01 -1.66375518e-01
    4.02038634e-01 1.11688197e+00 8.57580662e-01 2.26132512e-01
    9.08212185e-01 1.13660073e+00 -1.74902141e-01 5.49072027e-01
    -2.69792080e-01 5.45250773e-01 1.09099221e+00 -7.37880766e-02
    9.29626226e-02 3.10266703e-01 1.43416679e+00 1.04486525e+00
    1.70300007e-02 1.22653365e+00 -3.58918846e-01 7.03009725e-01
    2.40678132e-01 1.92701042e-01 6.98578358e-01 1.10459960e+00
    -3.51948977e-01 7.80265033e-01 4.99277711e-02 2.84340262e-01
    -9.03413892e-02 1.06527996e+00 4.55260515e-01 5.78966498e-01
    1.15172231e+00 3.50026071e-01 4.10276294e-01 3.94029975e-01
    6.77793622e-01 4.46346283e-01 7.58452117e-01 2.07740068e-02
    1.45375729e-01 -3.31241012e-01 1.08044219e+00 7.50062823e-01
    4.18948650e-01 8.78623724e-02 1.15211153e+00 6.15003526e-01
    4.77206290e-01 3.97520781e-01 1.09161282e+00 1.10452294e+00
    2.00006843e-01 1.33608222e+00 1.01850688e+00 8.50494683e-01
    1.36847734e+00 4.93098617e-01 1.59989178e-01 1.15107918e+00
    1.26812506e+00 9.54957902e-01 1.07511640e+00 9.99203563e-01
    -4.44013566e-01 1.24626493e+00 1.96800530e-01 -4.77688611e-02
    -2.99980968e-01 8.06707203e-01 1.13845587e+00 -2.79494643e-01
    4.71026868e-01 8.06045830e-01 3.56043279e-01 1.97910845e-01
    1.61925972e-01 -2.79058814e-01 9.88402843e-01 1.61214828e-01
    3.97153974e-01 1.46205974e+00 5.22286713e-01 9.41211939e-01
    8.23137224e-01 6.42633438e-02 1.01018763e+00 1.19460535e+00
    1.32697105e+00 1.17586374e+00 3.94175589e-01 -2.26735681e-01
    4.56581771e-01 1.85583174e-01 8.56691003e-02 -3.88610423e-01
    1.21364474e-01 9.96482611e-01 -1.42155766e-01 4.54486996e-01
    8.11150670e-01 1.03220046e+00 6.04176462e-01 -4.56921935e-01
    6.37397170e-01 -1.78693414e-01 3.27900529e-01 -4.36834931e-01
    -3.71735036e-01 1.24915034e-01 6.87120259e-01 -2.13522851e-01
    1.16781628e+00 1.35984266e+00 1.35071325e+00 1.09573495e+00
    -3.03765833e-01 9.06839073e-01 -2.47587681e-01 1.31966138e+00
    1.35018039e+00 -2.23082751e-01 7.53468215e-01 1.15357614e+00
    1.44406641e+00 5.61566234e-01 4.35781479e-01 1.31828952e+00
    1.42221844e+00 -2.84766525e-01 2.04806030e-01 5.81418276e-02
    4.88036454e-01 4.25131917e-01 7.58528411e-01 1.40013480e+00
    1.18401122e+00 1.33310843e+00 -2.21682400e-01 3.81259799e-01
    1.05553985e+00 -3.19089264e-01 1.48871017e+00 1.36951196e+00
    6.83844209e-01 5.55277467e-01 2.39689589e-01 4.51622933e-01
    -3.66628677e-01 8.24904203e-01 -3.85745406e-01 1.00787544e+00
    1.25754070e+00 1.50659084e-01 -4.42509979e-01 4.82966840e-01
    1.01275849e+00 1.23062849e+00 -7.71180689e-02 7.00216651e-01
    -4.04432476e-01 9.33334470e-01 -3.18916500e-01 6.73146784e-01
    -5.29012740e-01 -9.33807492e-02 1.37279963e+00 1.02607417e+00
    1.06250548e+00 4.57149625e-01 -4.40721333e-01 5.30032933e-01
    -2.97763169e-01 1.46283793e+00 4.22399342e-01 5.09691358e-01
    1.07069325e+00 1.45351768e+00 6.92874610e-01 4.25958633e-03
    1.46671915e+00 1.17859375e+00 1.61644995e-01 7.79644310e-01
    7.01776385e-01 1.47145009e+00 -5.16012073e-01 6.52124107e-01
    8.21334183e-01 6.86868131e-01 -3.84339213e-01 9.35679913e-01
    -2.42635578e-01 7.25242257e-01 8.53599906e-01 -1.91836238e-01
    1.26588297e+00 1.46160245e+00 -2.61588305e-01 1.08635473e+00
    3.12868208e-01 -1.89321637e-01 -2.66771913e-01 -3.72443348e-01
    1.38435423e+00 -2.89003521e-01 5.06036937e-01 1.50531232e+00
    4.02609527e-01 5.21349609e-02 -7.71128833e-02 4.53542143e-01
    7.22469091e-01 2.96876401e-01 -2.80969203e-01 1.32806754e+00
    -2.81925797e-02 6.03535116e-01 1.13342690e+00 7.55982339e-01
    2.04219103e-01 -1.34821832e-01 -8.87504518e-02 1.03183675e+00
    8.87102127e-01 1.03974438e+00 1.46826434e+00 5.91551185e-01
    1.38524747e+00 9.71485138e-01 4.57314849e-02 4.13267910e-01
    5.98330021e-01 1.20530653e+00 4.99559999e-01 -1.32189423e-01
    1.49963498e-01 1.31958342e+00 1.11620307e+00 5.84402919e-01
    2.89300144e-01 2.98233688e-01 6.32956266e-01 3.54915917e-01
    -2.71763623e-01 1.82687908e-01 6.85458422e-01 3.46452951e-01
    9.11514580e-01 -6.75567985e-02 6.16470873e-01 4.35573161e-02
    1.24432296e-01 8.29190671e-01 8.19278836e-01 1.47319198e+00
    -1.78866386e-01 -3.75315547e-02 -2.89517075e-01 -1.56177133e-01
    -2.47449383e-01 1.92899078e-01 3.93746585e-01 1.28034186e+00
    -4.46426213e-01 1.41097498e+00 8.28177214e-01 8.73895526e-01
    8.54443610e-01 -3.85439754e-01 1.43877697e+00 1.28543079e+00
    5.44828475e-01 5.59509039e-01 -4.22382593e-01 1.32056189e+00
    3.54361951e-01 -2.58113086e-01 3.34225893e-01 1.10304546e+00
    1.36143994e+00 -1.22119755e-01 1.24110913e+00 6.16297960e-01
    1.20971489e+00 1.32996941e+00 5.50091445e-01 5.48663855e-01
    9.89326954e-01 7.84362137e-01 2.72948802e-01 3.87131572e-02
    9.66673970e-01 5.66935778e-01 1.52561426e-01 -2.87964046e-01
    3.18297267e-01 1.03075504e+00 6.01491272e-01 1.15466952e+00
    8.35814476e-01 8.10464501e-01 1.42392349e+00 -4.20635998e-01
    4.21520412e-01 2.92920411e-01 6.11233473e-01 1.21561587e+00
    8.88788521e-01 4.08393860e-01 1.14009750e+00 5.04480362e-01
    5.28995454e-01 1.20524406e+00 9.37541366e-01 1.02540433e+00
    8.84777844e-01 -3.37737978e-01 1.35637283e+00 1.43014562e+00
    8.68242145e-01 1.25273824e+00 -4.77697909e-01 -1.00467235e-01
    1.13518965e+00 5.10130465e-01 4.77721393e-01 6.46661937e-01
    1.19476736e-01 5.74532330e-01 1.07574844e+00 1.19108820e+00
    1.20712996e+00 2.22102404e-01 8.97292435e-01 -4.69794959e-01
    2.51478732e-01 -2.88625062e-01 1.75564170e-01 1.44631493e+00
    1.38906169e+00 4.62718308e-01 -3.26874614e-01 9.89890099e-01
    -6.22246563e-02 7.97776580e-01 -1.65680856e-01 9.77700710e-01
    4.72002029e-01 6.42281532e-01 -3.03906202e-03 -1.43130869e-01
    3.49672735e-01 1.33448768e+00 1.31562769e-01 1.26772165e+00
    -4.33467895e-01 7.60847509e-01 4.78281200e-01 6.35531187e-01
    7.58775711e-01 8.99936259e-01 4.41848218e-01 1.45346415e+00
    1.16147363e+00 -1.96655333e-01 5.92379808e-01 7.35182762e-01
    -4.37876105e-01 9.33421373e-01 -4.60559070e-01 5.14290214e-01
    5.37476301e-01 8.60399306e-01 1.46930218e-02 1.02860677e+00
    1.19764471e+00 1.13128781e+00 1.84267163e-02 -5.76475859e-02
    1.25299013e+00 4.08434391e-01 -2.65095532e-01 4.08562064e-01
    1.51504576e-01 1.27008486e+00 4.71630335e-01 1.44044161e+00
    9.16858613e-01 -1.15420669e-01 1.09577918e+00 6.21570885e-01
    2.61146486e-01 -1.31324649e-01 8.00335586e-01 -1.62758529e-02
    -4.21297580e-01 9.53580916e-01 7.82515943e-01 5.66850603e-01
    -3.68957818e-02 1.32150519e+00 -1.11490488e-02 7.07343102e-01
    -1.95829332e-01 4.61040556e-01 9.84761715e-01 1.46785820e+00
    3.76729369e-01 7.64432549e-01 1.44982147e+00 1.33934605e+00
    8.08535755e-01 -1.52725935e-01 -3.61773372e-02 8.80923867e-01
    1.48403537e+00 1.18127513e+00 1.02161479e+00 1.06722987e+00
    1.90198302e-01 -4.22284126e-01 2.25735605e-01 4.83227193e-01
    6.80932522e-01 4.97731805e-01 -3.00449967e-01 6.84255958e-01
    8.03139567e-01 1.03274155e+00 1.31072938e-01 1.17297292e-01
    -5.07582486e-01 1.07564855e+00 1.35801840e+00 1.42639923e+00
    1.45886254e+00 1.11152935e+00 6.38095915e-01 4.78450656e-01
    -7.48576522e-02 8.13569248e-01 4.14218903e-02 9.20368671e-01
    2.50050843e-01 1.08875823e+00 6.12407029e-01 1.48778605e+00
    7.21744955e-01 7.03488946e-01 -1.12128377e-01 6.58773184e-01
    7.34973073e-01 1.31298757e+00 6.86535120e-01 -2.38582611e-01
    1.43781281e+00 3.93246830e-01 4.66130525e-01 1.02412415e+00
    -3.05528879e-01 -9.81761217e-02 7.78037012e-02 9.26890492e-01
    -2.76299179e-01 1.29781961e-01 3.76210630e-01 1.81193024e-01
    6.79760933e-01 -1.91667557e-01 -8.74968767e-02 -7.45827258e-02
    -3.82567763e-01 -2.75433838e-01 6.48043573e-01 3.10420990e-04
    2.31049359e-01 4.99190867e-01 8.44531238e-01 -1.11424923e-03
    4.36126590e-02 4.14445937e-01 8.23653877e-01 7.21859038e-01
    4.26139474e-01 8.65807056e-01 1.12175584e+00 7.42470145e-01
    1.48789835e+00 1.23140383e+00 -5.01435518e-01 -3.23009759e-01
    7.77970254e-01 8.12549412e-01 4.87205088e-01 8.29436064e-01
    -2.62489974e-01 5.74300766e-01 -1.10307246e-01 -3.91881824e-01
    1.06054115e+00 1.11288905e-01 1.86307967e-01 1.20340288e+00
    5.50340056e-01 1.51183712e+00 7.55430102e-01 8.92812133e-01
    9.31550384e-01 -6.07484877e-02 7.99247324e-02 -2.91479230e-01
    -3.53565335e-01 -9.68792737e-02 2.24123210e-01 7.36581564e-01
    1.33392572e+00 1.26931942e+00 1.07697475e+00 1.24114013e+00
    9.79138255e-01 -4.22392130e-01 4.67417598e-01 8.04621577e-01
    4.85248625e-01 -3.86047006e-01 1.08032787e+00 1.21324944e+00
    -2.34952301e-01 7.06040263e-02 8.44431818e-01 7.16883421e-01
    1.00467920e+00 -2.84025133e-01 9.39352155e-01 8.33665192e-01
    1.36383486e+00 -4.31815684e-01 1.17874241e+00 1.31604052e+00
    -3.26780617e-01 1.42931080e+00 -1.21516973e-01 1.46300912e-01
    1.35691297e+00 -4.62002605e-01 -1.30825996e-01 6.20276272e-01
    1.38352513e+00 1.20909131e+00 1.30051589e+00 4.62288916e-01
    1.40176368e+00 -1.85938835e-01 8.06753993e-01 4.19727623e-01
    1.09060216e+00 -2.61009544e-01 2.08126724e-01 2.12351263e-01
    1.89530253e-01 1.26337457e+00 5.52416921e-01 1.37923300e+00
    1.22595596e+00 8.49752128e-01 3.58652472e-02 1.19836330e-02
    -3.49136114e-01 1.19191194e+00 -3.08042765e-01 7.31268287e-01
    5.66498399e-01 7.02912271e-01 -5.68136871e-02 -4.67827320e-01
    2.08236217e-01 9.46281254e-01 6.48512244e-02 7.36320972e-01
    1.26726413e+00 -1.80480421e-01 7.66558588e-01 4.61060703e-01
    -4.58795428e-02 -2.46040821e-01 -1.63980126e-02 -7.87592530e-02
    3.81430745e-01 1.14555645e+00 5.26608229e-01 9.03508902e-01
    5.57526648e-01 -3.68162096e-01 6.39647901e-01 1.31703556e+00
    -4.04613644e-01 -2.30272353e-01 -3.24905217e-02 -2.37676620e-01
    6.16534591e-01 9.11934435e-01 5.46769321e-01 7.49660671e-01
    4.83645737e-01 -4.03311670e-01 1.06205904e+00 1.32531357e+00
    4.29274917e-01 7.93153346e-01 1.16645455e+00 -3.98487180e-01
    6.79252863e-01 -4.58286047e-01 2.52760947e-02 5.73366404e-01
    1.59776151e-01 2.51738429e-01 -1.46845430e-01 1.67270005e-02
    -1.97388649e-01 -4.41551208e-04 9.09856975e-01 1.88929141e-02
    3.03472579e-02 6.38956428e-01 1.39177895e+00 -2.58564234e-01
    1.36413538e+00 1.46055031e+00 1.09180164e+00 -1.06519133e-01
    4.19312060e-01 1.35561109e+00 1.40074134e+00 8.83889854e-01
    3.94781113e-01 9.37455893e-02 1.21926844e+00 9.08520520e-01
    -5.34781516e-02 1.64698422e-01 8.11843336e-01 6.77175164e-01
    -1.69039428e-01 8.71194720e-01 9.65452373e-01 1.05522943e+00
    1.13954425e+00 7.13246465e-01 -8.10154974e-02 1.18958938e+00
    1.34809959e+00 -4.10715789e-01 -4.64515537e-01 1.56386882e-01
    8.83328736e-01 7.04368412e-01 5.61572075e-01 6.88451648e-01
    1.31555033e+00 1.04816198e+00 7.11609960e-01 1.43272495e+00
    1.06917548e+00 8.01690817e-01 -4.18076694e-01 -2.24627852e-02
    -4.69511181e-01 9.97884750e-01 1.14014876e+00 -2.29755610e-01
    1.08187270e+00 -2.33728230e-01 7.16672719e-01 1.36751044e+00
    -2.21439064e-01 -9.15009379e-02 1.02456486e+00 -1.40858680e-01
    -3.13447118e-01 6.96184814e-01 -1.58244371e-03 4.99495983e-01
    4.95169759e-02 1.05011415e+00 9.24428403e-01 2.22662330e-01
    -3.54620188e-01 -1.14261240e-01 1.27560246e+00 -1.14173889e-02
    7.31698275e-02 8.44380140e-01 7.70838261e-01 -3.91552806e-01
    5.56512117e-01 1.18677247e+00 -1.73835874e-01 5.29181123e-01
    -1.57397389e-01 1.48130608e+00 -7.55616724e-02 9.63126004e-01
    1.45085406e+00 -5.07523119e-02 6.30053282e-02 -3.91505808e-01
    -4.30343479e-01 3.38557541e-01 -2.56809652e-01 9.10323381e-01
    1.17953992e+00 2.47438967e-01 5.57408690e-01 -3.22048366e-02
    8.24064732e-01 1.33597350e+00 7.76365697e-02 4.67499912e-01
    -2.74189234e-01 1.17027104e+00 7.86044478e-01 1.38862967e-01
    2.78173268e-01 1.79790735e-01 4.72551286e-02 -2.23312289e-01
    -7.43967593e-02 8.53922665e-01 2.37121284e-01 4.29941714e-01
    6.41287327e-01 7.22261250e-01 9.79208469e-01 1.97688937e-01
    -2.36386448e-01 1.27626824e+00 6.52201116e-01 1.37544131e+00
    6.48791015e-01 5.59377611e-01 7.72825062e-01 3.60595167e-01
    1.01275992e+00 8.90785336e-01 -3.16281855e-01 1.34095669e+00
    7.63697207e-01 1.03058839e+00 4.19300199e-01 7.31963158e-01
    3.54519546e-01 1.18622303e+00 6.11815751e-01 7.30618179e-01
    -1.15664870e-01 9.90799785e-01 -1.92347646e-01 -3.66099358e-01
    8.10666203e-01 6.90351009e-01 6.74071372e-01 9.25324559e-01
    3.99199843e-01 6.59526467e-01 -2.44863123e-01 1.53584898e-01
    5.65393031e-01 5.90213537e-01 1.41921139e+00 1.02903819e+00
    7.81958699e-02 6.55174971e-01 1.09404564e+00 -2.35960320e-01
    1.01368874e-01 5.22949398e-02 9.09049392e-01 1.15665662e+00
    2.62239844e-01 -1.90133333e-01 6.34380460e-01 9.07056689e-01
    8.15202177e-01 1.36665058e+00 -3.13348293e-01 4.58097458e-03
    1.45132017e+00 -2.30700970e-01 1.65416300e-01 1.35946870e+00
    -4.77572381e-02 5.72886229e-01 9.68614399e-01 2.08605587e-01
    6.56166911e-01 -7.05357790e-02 1.47854316e+00 1.15053058e-02
    7.97071040e-01 1.31110978e+00 9.80293393e-01 1.15675521e+00
    8.45279157e-01 6.25650465e-01 1.10523582e-01 8.41639698e-01
    9.14829493e-01 8.15976262e-02 9.26965952e-01 1.17949557e+00
    6.44103110e-01 -2.08480030e-01 1.06433320e+00 -4.58671361e-01
    6.34420276e-01 4.86376226e-01 3.52068722e-01 6.38299167e-01
    6.16808414e-01 1.38946605e+00 1.45080161e+00 -2.68279910e-01
    1.36600995e+00 9.14630175e-01 5.02997756e-01 1.01845205e+00
    5.72309077e-01 2.02297390e-01 -4.72885966e-02 -3.52844715e-01
    1.30461752e-01 -3.56668890e-01 8.64416778e-01 1.11403942e+00
    8.26106846e-01 5.65476179e-01 7.73229897e-01 1.64217949e-01
    1.47659302e-01 1.86382234e-01 -4.82562900e-01 3.73119652e-01
    -4.91450667e-01 1.34642768e+00 7.35571206e-01 7.28371322e-01
    7.37585425e-02 4.51273918e-02 5.56443930e-01 9.46987092e-01
    4.17754471e-01 1.05110002e+00 2.85345137e-01 4.10584331e-01
    5.05359650e-01 1.44727087e+00 1.41065562e+00 4.52044010e-01
    7.31786489e-02 -9.07850266e-03 -4.74333763e-03 1.26580119e-01
    1.16876864e+00 1.24122667e+00 2.64610112e-01 8.55630398e-01
    9.41572785e-01 1.12006712e+00 1.32885408e+00 -1.75145686e-01
    6.88341379e-01 3.55202526e-01 7.47338176e-01 -1.32241964e-01
    1.20358300e+00 1.21933484e+00 7.78430939e-01 7.95034885e-01
    2.04008520e-02 5.38865924e-02 -3.25606495e-01 4.49530005e-01
    1.19114602e+00 2.29609132e-01 6.72409236e-01 1.84679389e-01
    1.35667551e+00 1.26173615e+00 1.32088876e+00 -4.74589556e-01
    4.76034880e-01 4.40949202e-01 6.31802857e-01 8.66140485e-01
    9.30629194e-01 1.62173688e-01 1.37636471e+00 1.12597609e+00
    -4.47480440e-01 1.32357860e+00 7.43093431e-01 -3.73510599e-01
    1.46930027e+00 -4.82360065e-01 -4.33645964e-01 -1.18692815e-01
    8.34280849e-01 1.30142617e+00 2.22062916e-01 -4.47342664e-01
    4.58639562e-02 1.30033088e+00 3.64430726e-01 1.31358421e+00
    7.42654443e-01 -5.90673387e-02 1.02109516e+00 8.74410927e-01
    -1.83171898e-01 -3.03983986e-01 5.45466363e-01 -1.73246115e-01
    1.20711660e+00 -1.03122741e-01 5.39257884e-01 7.00737476e-01
    7.63031781e-01 1.21687794e+00 1.07492065e+00 8.78722847e-01
    3.44166219e-01 2.69212365e-01 6.79397762e-01 1.09160089e+00
    7.92852879e-01 4.50047731e-01 -6.05997443e-02 9.64921176e-01
    4.71668541e-01 -1.26881540e-01 8.96130979e-01 -1.05002135e-01
    3.04466128e-01 1.98551834e-01 6.21490717e-01 9.56570089e-01
    7.35787749e-01 5.10795116e-01 -6.10693097e-02 -2.27746964e-02
    1.44128299e+00 4.20213819e-01 1.34173989e+00 4.74878967e-01
    8.06847334e-01 6.17626786e-01 4.42829549e-01 -2.51186818e-01
    -3.85287702e-01 1.20593214e+00 1.28369594e+00 1.56876087e-01
    2.38215744e-01 -1.22367769e-01 -4.34584498e-01 8.74584317e-01
    3.26434314e-01 -4.41109419e-01 6.41405046e-01 -2.91140139e-01
    1.16188586e-01 -3.75083089e-02 5.89878261e-02 3.80148232e-01
    -4.80131447e-01 3.41593474e-01 1.22755790e+00 5.52624226e-01
    7.98035741e-01 5.13477445e-01 4.82091665e-01 1.56842768e-01
    -3.25850368e-01 7.53434241e-01 8.24436545e-01 1.06447327e+00
    1.01935601e+00 1.15293646e+00 -1.42367959e-01 8.55859935e-01
    1.54644966e-01 -1.89671874e-01 -1.58876389e-01 1.23756456e+00
    1.66780710e-01 7.86897421e-01 1.26111078e+00 1.15660858e+00
    7.63612628e-01 -4.18584645e-01 -4.65586603e-01 -4.10999537e-01
    -2.23602086e-01 1.15380883e+00 -4.95461285e-01 1.10523915e+00
    -2.79156297e-01 9.57891047e-01 -1.99677199e-01 3.23233366e-01
    -4.74111408e-01 6.27937675e-01 1.03073144e+00 1.41728103e+00
    1.48078871e+00 -1.59803838e-01 -1.21218204e-01 1.05579519e+00
    1.07894647e+00 1.16379678e+00 2.45685875e-02 2.23242342e-01
    -1.49193168e-01 8.30233693e-01 3.05177629e-01 6.07209802e-01
    1.32318795e+00 -2.02458143e-01 1.51646948e+00 9.03532267e-01
    2.00252324e-01 5.09390235e-02 -2.31305182e-01 5.37277460e-01
    -3.52553904e-01 4.92604226e-01 1.31760448e-01 9.48944211e-01
    -1.86064154e-01 3.11860323e-01 7.58519173e-02 -5.82983196e-02
    1.40477324e+00 3.80976021e-01 5.29873192e-01 -9.46100950e-02
    8.07892442e-01 -1.06853485e-01 -2.04189599e-01 9.03367221e-01
    9.46989775e-01 -1.33364171e-01 -2.79877782e-02 1.09512794e+00
    1.38251185e-01 9.09726024e-01 3.56741846e-01 1.45113969e+00
    9.04516637e-01 1.09774923e+00 9.88178670e-01 4.70030248e-01
    -5.19483268e-01 -1.67524695e-01 -1.87683731e-01 8.46514642e-01
    3.08792233e-01 5.71313262e-01 1.42345881e+00 6.85088277e-01
    1.91589594e-01 8.71626019e-01 1.09636164e+00 -3.39362621e-02
    1.42890751e+00 -3.00549507e-01 -9.24825668e-03 3.37713957e-01
    4.06843424e-03 1.15289128e+00 5.77966750e-01 6.66007221e-01
    2.46751666e-01 -4.30423170e-01 8.65166008e-01 4.14647460e-01
    9.96444941e-01 1.15231597e+00 1.41285086e+00 1.28810096e+00
    -2.13736385e-01 1.14755142e+00 7.49075651e-01 -3.54824960e-02
    -2.53545672e-01 2.75894105e-01 -1.49382800e-01 1.45950198e-01
    9.64210033e-01 1.34973407e+00 -4.52688128e-01 -3.61751318e-01
    1.10836911e+00 1.74686968e-01 1.31867433e+00 8.39033544e-01
    7.51849234e-01 6.37606800e-01 1.48871672e+00 1.44682670e+00
    1.30868030e+00 6.06021404e-01 1.41090548e+00 1.30204976e+00
    -4.13914442e-01 7.52651989e-01 6.87911332e-01 -6.67088032e-02
    1.17119288e+00 1.37766898e+00 1.33338141e+00 8.81603956e-02
    1.08587146e+00 2.87862182e-01 1.42792368e+00 -3.23686063e-01
    -1.57442331e-01 -4.19038922e-01 7.95403540e-01 6.67256296e-01
    3.27693850e-01 -4.65493262e-01 5.11214733e-01 -4.12606686e-01
    1.48382652e+00 1.24895966e+00 1.00087547e+00 1.04815304e+00
    2.65246451e-01 6.48536682e-02 8.72460902e-01 6.22030914e-01
    1.22084093e+00 4.09100533e-01 1.32351828e+00 -1.31182104e-01
    1.03867710e-01 -2.89725751e-01 6.56516671e-01 1.15348387e+00
    1.29419398e+00 2.68776059e-01 6.06819153e-01 -1.46013469e-01
    9.73927021e-01 -3.22774798e-01 1.31638336e+00 1.30056882e+00
    -6.40723407e-02 -3.24557304e-01 1.17871833e+00 1.36417031e+00
    8.52410495e-02 1.06705618e+00 -2.59270936e-01 1.41971481e+00
    1.69512391e-01 -1.52418524e-01 2.11520076e-01 8.89419556e-01
    -4.31966066e-01 3.84988546e-01 7.92605042e-01 -7.25941956e-02
    7.06828475e-01 8.34951758e-01 9.60076571e-01 9.20664847e-01
    -1.53730035e-01 -2.81534553e-01 7.65851796e-01 5.54256618e-01
    -1.83072597e-01 9.46032763e-01 7.07974792e-01 1.38123655e+00
    -2.08004504e-01 1.71029329e-01 -4.48245049e-01 2.62468398e-01
    6.68578029e-01 1.12976611e+00 -1.70282722e-02 1.90949678e-01
    1.28972888e+00 -1.94190115e-01 -9.14348066e-02 1.35690570e+00
    9.80800033e-01 1.01374865e+00 5.56711674e-01 -3.69517803e-01
    3.75456512e-01 5.35590708e-01 -8.01009238e-02 -4.47541475e-01
    1.25707245e+00 -4.01443630e-01 1.43557739e+00 9.78043735e-01
    -4.07609999e-01 5.38764536e-01 1.11661077e+00 3.92329097e-01
    1.39042068e+00 1.34643042e+00 6.63341165e-01 1.23639357e+00
    4.73619699e-02 1.07912183e+00 -5.83442152e-02 2.93039978e-01
    1.45792460e+00 -6.48452044e-02 4.54894364e-01 9.19160783e-01
    -3.49546611e-01 -2.96824872e-01 -8.47496688e-02 3.62549603e-01
    1.17539239e+00 -3.84993911e-01 8.79946589e-01 4.13213015e-01
    8.21857989e-01 1.30228013e-01 -1.10862195e-01 -2.01365799e-01
    1.09182978e+00 7.14375854e-01 5.47039688e-01 1.15075612e+00
    6.68739319e-01 8.77872825e-01 9.11655426e-01 3.95906568e-01
    9.36606467e-01 1.04341805e+00 2.81619012e-01 3.66625786e-01
    1.62604451e-01 3.68790329e-01 4.84621525e-01 -3.93882900e-01
    -5.05438447e-01 4.72933054e-02 -2.69879162e-01 6.73828185e-01
    -2.28173703e-01 7.32912898e-01 1.12425017e+00 3.11089396e-01
    -5.46870828e-02 9.98743892e-01 6.39066279e-01 4.89128798e-01
    7.06944585e-01 1.29663038e+00 -2.24521488e-01 1.05165029e+00
    -1.96422756e-01 1.21734846e+00 -3.75632584e-01 5.86189330e-02
    1.41923714e+00 1.50022316e+00 1.82337642e-01 1.44385576e+00
    7.20754981e-01 -2.10642517e-02 8.57203364e-01 1.30511522e-02
    6.05343878e-02 1.08477163e+00 5.54289818e-01 5.99100888e-01
    -8.84361565e-02 7.22627938e-02 7.77489543e-01 -4.11509931e-01
    9.99962330e-01 6.24509096e-01 9.19919670e-01 9.20079470e-01
    2.15500116e-01 1.44608259e-01 9.92350459e-01 4.44125712e-01
    1.33173895e+00 -2.29805261e-01 1.25391698e+00 -3.39808702e-01
    1.02338195e-01 1.43660569e+00 1.06353605e+00 1.08193588e+00
    1.14393139e+00 -4.56491113e-01 1.35820389e+00 1.08188057e+00
    1.74893439e-01 -4.52537119e-01 2.97864676e-02 1.52075231e-01
    4.91195977e-01 -3.36480588e-01 4.55491185e-01 -1.54452413e-01
    5.75448334e-01 2.78162181e-01 4.12309527e-01 1.78319097e-01
    2.78545737e-01 7.13960409e-01 -5.20361781e-01 7.01894403e-01
    1.26673555e+00 1.02986717e+00 6.40803099e-01 8.77449095e-01
    1.01126039e+00 4.23011243e-01 -8.98361206e-02 8.11053693e-01
    1.24613309e+00 -2.69423664e-01 -4.09700990e-01 7.54233003e-01
    1.32541680e+00 4.34070110e-01 7.40401030e-01 1.21723461e+00
    1.19843864e+00 3.46740007e-01 4.97514129e-01 4.63981450e-01
    -4.77739483e-01 3.73133898e-01 2.70592868e-01 1.39430487e+00
    -3.54200602e-02 -2.96269506e-01 4.20755208e-01 7.98509419e-01
    8.87300193e-01 1.11339593e+00 6.64958537e-01 6.54044747e-01
    -2.36859053e-01 8.58012617e-01 1.19759572e+00 4.05072510e-01
    6.37707353e-01 -1.73851401e-01 1.30139971e+00 4.80602086e-01
    3.74339044e-01 2.41330981e-01 1.14331698e+00 -4.33319807e-01
    5.17946482e-02 1.28553391e+00 1.29563582e+00 9.33606625e-02
    1.31757689e+00 -2.06250399e-01 -1.80597812e-01 1.24281240e+00
    1.33660328e+00 -2.39086241e-01 -4.24136609e-01 8.73822212e-01
    2.80517399e-01 6.46201611e-01 1.87880307e-01 1.70972049e-01
    7.48116970e-02 1.16027427e+00 4.84198123e-01 8.24917197e-01
    7.14474797e-01 1.39770091e-01 5.71979165e-01 1.36252141e+00
    9.80106592e-01 -3.26522946e-01 4.41390812e-01 1.13557649e+00
    9.75282192e-02 -1.15183324e-01 1.44567251e+00 -4.33853954e-01
    1.01591229e+00 -2.13946521e-01 7.80393958e-01 -4.58540320e-02
    7.77058184e-01 1.18511176e+00 7.37296879e-01 1.23294163e+00
    4.27394867e-01 -1.25706524e-01 1.25090241e+00 -1.83436424e-01
    -1.48518115e-01 1.18140161e+00 -1.51087880e-01 -3.93815160e-01
    -3.17641795e-02 -4.82727945e-01 9.33693886e-01 -4.75296080e-02
    -4.02016044e-02 9.62646902e-01 1.52037859e-01 5.63274443e-01
    -3.18563640e-01 4.93099689e-01 4.39440906e-01 9.66642737e-01
    4.45763528e-01 2.24307835e-01 1.32161331e+00 9.27511871e-01
    9.24263358e-01 1.49548984e+00 4.71215069e-01 -5.26925027e-02
    1.15836871e+00 6.44465625e-01 5.68909407e-01 -1.77607387e-01
    -4.76056248e-01 6.71469986e-01 6.28443122e-01 3.54542911e-01
    6.32769525e-01 3.77620578e-01 1.24186015e+00 1.46806192e+00
    -1.85508579e-01 2.92237520e-01 3.07045579e-01 5.73155880e-02
    1.33509707e+00 -4.62532312e-01 1.40378308e+00 -5.01549840e-01
    1.48168325e-01 -1.46241039e-01 3.17324340e-01 1.08329129e+00
    9.79439735e-01 7.79159307e-01 1.38808298e+00 -1.39299542e-01
    -1.26791865e-01 6.92994773e-01 4.98925805e-01 1.43204117e+00
    4.84103739e-01 3.17622423e-02 1.63648129e-01 4.25782144e-01
    1.30587113e+00 -3.97282958e-01 -6.38866425e-02 1.34162402e+00
    5.34540296e-01 -2.64449000e-01 5.98663509e-01 -2.07548738e-02
    1.02071095e+00 4.29770052e-02 -1.50136918e-01 1.47551858e+00
    -4.39209998e-01 1.43757534e+00 5.52889943e-01 -2.61019945e-01
    4.23979849e-01 1.66806459e-01 1.40327418e+00 1.40950251e+00
    -5.44122756e-02 1.41459608e+00 1.16341889e-01 4.85489070e-01
    8.96079898e-01 9.29944634e-01 1.27685654e+00 8.64257097e-01
    7.83569932e-01 -3.81044090e-01 4.42221344e-01 7.04130888e-01
    1.07083917e-02 1.37962139e+00 1.48089826e-01 -1.72361195e-01
    3.87689590e-01 2.87025988e-01 3.43703806e-01 8.49353313e-01
    7.52839386e-01 9.86264765e-01 1.23218369e+00 3.57663035e-02
    -2.90556312e-01 -1.06591672e-01 1.22049737e+00 -2.83404887e-02
    5.69026172e-01 -3.52353990e-01 1.99208021e-01 1.24353135e+00
    1.48093903e+00 3.54682773e-01 -4.02245283e-01 1.39703298e+00
    1.48860812e+00 -1.35417849e-01 1.08720398e+00 -2.01866955e-01
    1.14407575e+00 -1.17167950e-01 6.57943845e-01 -7.22933412e-02
    4.48187590e-02 1.03955007e+00 6.96967840e-01 6.48863971e-01
    5.81610680e-01 7.15831935e-01 1.02366507e-02 1.16957688e+00
    6.50342584e-01 4.16407257e-01 8.59187782e-01 6.98156953e-01
    8.38269591e-01 -3.72236729e-01 3.83919060e-01 -6.90286160e-02
    1.00811481e+00 -1.17005408e-01 -2.96932220e-01 8.81219923e-01
    5.70398390e-01 9.52682853e-01 1.23119259e+00 1.46222591e-01
    7.48010576e-01 1.07453775e+00 1.44353914e+00 1.23147976e+00
    6.28408551e-01 2.85485268e-01 1.01603281e+00 1.27828801e+00
    -2.04643607e-01 3.27002168e-01 1.16717625e+00 -5.43172061e-02
    7.05445051e-01 8.02347004e-01 -4.94864672e-01 1.44103003e+00
    1.03357232e+00 1.43087459e+00 1.33894682e-01 -8.06768537e-02
    8.44413579e-01 6.76381826e-01 7.95015156e-01 1.81406558e-01
    3.16824019e-01 1.25257540e+00 -4.61870015e-01 1.06449628e+00
    9.55598354e-01 1.09182191e+00 -2.25438803e-01 1.04653740e+00
    1.09160244e-01 3.15682709e-01 1.47668266e+00 4.26241100e-01
    -4.68840510e-01 4.28660810e-01 2.47398615e-01 2.35309958e-01
    1.30189133e+00 -1.45053923e-01 1.17573810e+00 5.84173560e-01
    1.91193938e-01 9.04211283e-01 4.49583650e-01 8.78589869e-01
    1.06891394e+00 1.20001769e+00 1.46504056e+00 1.23385584e+00
    2.06849217e-01 1.03372192e+00 -6.74203336e-02 -5.04327416e-01
    2.13887453e-01 -1.86384827e-01 6.33583367e-01 2.99873352e-02
    6.01445198e-01 1.45825171e+00 8.43288183e-01 1.43579316e+00
    -4.98910874e-01 -3.04240257e-01 1.11329317e-01 8.66546035e-01
    5.07278442e-02 1.28879404e+00 -2.80314535e-01 9.34125185e-01
    7.12662339e-02 4.13561553e-01 -3.70356858e-01 2.29116678e-02
    1.38786983e+00 8.16001236e-01 7.57945299e-01 -2.94452965e-01
    -3.75079572e-01 -2.90154159e-01 7.68737197e-01 6.94161654e-01
    -2.98186123e-01 4.26483452e-01 1.40857530e+00 7.96546340e-02
    1.04788792e+00 1.37732828e+00 1.46171391e+00 5.21793246e-01
    1.43280888e+00 1.01431561e+00 -5.10896385e-01 3.68627787e-01
    1.33776605e+00 4.00128245e-01 -4.44455534e-01 4.12484407e-01
    2.17028916e-01 4.35365140e-01 1.24935663e+00 3.99788857e-01
    -2.21765637e-02 7.64571369e-01 2.27788329e-01 -1.73547089e-01
    4.42364812e-02 7.42796361e-01 1.27863634e+00 3.53159338e-01
    1.39818454e+00 1.36631179e+00 2.91365355e-01 1.35943484e+00
    -8.66349936e-02 4.67050791e-01 2.33856589e-01 -2.66478539e-01
    2.85215467e-01 -3.42204660e-01 1.44160032e+00 1.57053530e-01
    1.38963759e+00 -4.58046764e-01 -2.64337808e-01 3.52349401e-01
    4.85296547e-01 1.26264811e+00 1.08374679e+00 -4.71556187e-01
    4.15813923e-03 2.08853006e-01 -1.33714199e-01 7.87826300e-01
    8.20570111e-01 -2.88877368e-01 8.34921122e-01 1.20636702e+00
    1.94719970e-01 8.36888313e-01 -3.18592519e-01 1.39122903e-01
    1.12494612e+00 7.48552501e-01 6.08313799e-01 -2.81226516e-01
    4.52179253e-01 4.25150096e-01 1.10456586e+00 3.23634744e-01
    -3.05269271e-01 3.48339617e-01 1.05514789e+00 -2.27851063e-01
    -4.68575478e-01 1.26663649e+00 1.06690979e+00 1.23527277e+00
    1.81902230e-01 -1.94894165e-01 2.60049224e-01 -5.15500963e-01
    6.84802949e-01 1.25173116e+00 1.33688450e+00 1.46057343e+00
    2.98830569e-01 8.66233766e-01 6.71887159e-01 3.99314821e-01
    -4.49797660e-01 7.20389187e-01 1.34311497e+00 1.70219541e-02
    1.00305486e+00 1.41228843e+00 -2.29777128e-01 1.79839343e-01
    1.43800354e+00 1.90732658e-01 1.05868709e+00 1.44384956e+00
    1.75701082e-01 -3.94656926e-01 -4.27134544e-01 1.35574913e+00
    4.87406373e-01 1.17731798e+00 9.82301354e-01 1.05579770e+00
    2.52097011e-01 8.70872140e-01 1.15754676e+00 -4.30543274e-01
    4.48881447e-01 3.82628858e-01 6.94428682e-02 9.25085187e-01
    8.00141215e-01 -4.30480599e-01 3.10191154e-01 2.68946528e-01
    7.66861439e-02 7.71453142e-01 -1.03564948e-01 1.29983842e+00
    1.48641777e+00 8.16266596e-01 2.00898170e-01 1.13283241e+00
    9.68711495e-01 -4.20932710e-01 1.02181745e+00 8.11207891e-01
    1.72203720e-01 1.84663057e-01 5.53787947e-01 -3.59076262e-03
    -4.72024173e-01 -2.78293550e-01 2.60133028e-01 -5.25668263e-03
    7.77592540e-01 1.98948383e-02 9.71000910e-01 3.18679273e-01
    -1.14981294e-01 1.41942203e-01 5.80949366e-01 4.90337610e-01
    9.50575352e-01 -2.36003786e-01 3.05838168e-01 1.50363040e+00
    -1.83655024e-01 1.44621170e+00 8.18965077e-01 -9.65008736e-02
    9.20290351e-01 -9.97819602e-02 9.69779015e-01 1.26016164e+00
    -4.98220772e-01 1.32236087e+00 1.01973403e+00 1.19830012e+00
    -1.35187477e-01 -4.65660304e-01 3.19027364e-01 1.17937446e-01
    1.00145304e+00 -1.06051624e-01 -2.15541035e-01 1.15343809e+00
    -3.34277689e-01 3.99739683e-01 4.15329158e-01 -2.39005446e-01
    2.77404189e-01 1.34683800e+00 3.57020795e-01 2.76706219e-01
    1.21638834e+00 1.04581738e+00 3.59803617e-01 3.83173108e-01
    8.53239894e-01 -4.10063535e-01 2.60640323e-01 1.42570353e+00
    7.52532542e-01 1.28783298e+00 2.53032029e-01 1.04501951e+00
    1.07734084e+00 1.84732199e-01 -3.44434500e-01 1.28634214e+00
    7.61630177e-01 9.24172461e-01 8.46112549e-01 6.93194330e-01
    7.21891880e-01 -1.75528347e-01 7.95309603e-01 7.63597250e-01
    -3.09468508e-02 1.08503699e+00 -2.48584181e-01 -3.65298986e-03
    6.75479770e-02 -2.23785877e-01 5.52922964e-01 4.96599257e-01
    8.73095751e-01 -1.56769991e-01 -3.71741652e-02 2.23180592e-01
    1.49897146e+00 1.12941146e-01 1.40692890e+00 1.31168842e-01
    1.42413878e+00 -9.40017700e-02 -1.73957407e-01 5.14547229e-02
    1.04784477e+00 7.76967406e-02 9.42744553e-01 6.54233038e-01
    6.99894488e-01 1.18604040e+00 7.76640952e-01 4.87224936e-01
    -6.64507449e-02 1.48205769e+00 -3.37781012e-01 -1.88692749e-01
    8.18831921e-01 -1.22081369e-01 1.22896194e-01 3.73278201e-01
    1.01276398e+00 1.40971684e+00 1.05835390e+00 7.44636655e-01
    1.18346703e+00 4.31022704e-01 1.16237044e+00 1.27552795e+00
    -2.76339710e-01 9.13417757e-01 3.35174978e-01 -2.38639027e-01
    2.66260564e-01 1.82957381e-01 1.17913115e+00 -8.54436159e-02
    1.14258671e+00 1.31673789e+00 1.00907588e+00 -3.60203028e-01
    1.23077047e+00 7.26036370e-01 1.28846288e+00 1.10517120e+00
    1.49300158e-01 1.43965352e+00 -8.88788998e-02 3.54051471e-01
    3.17654312e-01 1.24483848e+00 3.43777537e-01 4.35209453e-01
    -1.19507998e-01 1.11105967e+00 1.37519455e+00 2.09416032e-01
    6.53890133e-01 -4.40615147e-01 5.24723291e-01 1.07188404e-01
    1.41745842e+00 4.40701336e-01 6.09405637e-01 -4.80566084e-01
    1.30799127e+00 2.52638698e-01 -4.53406483e-01 1.03433132e+00
    1.06410015e+00 -2.21302509e-01 1.44830179e+00 1.44156647e+00
    5.91676116e-01 1.66035295e-02 9.95715559e-01 -2.76849598e-01
    -8.63507092e-02 5.55706263e-01 1.43699777e+00 5.93998909e-01
    7.48414278e-01 6.84210181e-01 -2.31950849e-01 8.89196694e-01
    2.19241083e-01 -4.15875405e-01 6.73445821e-01 8.08031619e-01
    2.22005069e-01 1.34340572e+00 -2.85008967e-01 3.38067651e-01
    -1.08732820e-01 1.17348480e+00 8.87311697e-02 8.37446570e-01
    7.38947034e-01 4.05471027e-01 3.81327152e-01 9.07554150e-01
    -3.70469242e-01 -3.53807926e-01 7.32657194e-01 7.28868961e-01
    6.40155017e-01 -5.25806308e-01 1.37524056e+00 -1.65046245e-01
    4.24014211e-01 1.40201521e+00 5.55634558e-01 3.49959731e-01
    5.18911481e-01 9.71313119e-01 6.14035845e-01 7.62249708e-01
    3.30553651e-02 -1.97026521e-01 1.13541722e+00 -4.12648916e-01
    5.19353509e-01 7.82049298e-01 6.30154669e-01 4.83920962e-01
    8.01553607e-01 4.61058199e-01 1.38191378e+00 -9.33614075e-02
    1.43299651e+00 -4.44443822e-02 1.05808437e+00 1.16389799e+00
    1.36877513e+00 -4.56095487e-01 -4.49310839e-01 1.45870686e+00
    5.89943528e-02 -3.24463278e-01 1.38541389e+00 5.29652059e-01
    -3.22386801e-01 4.28948522e-01 -2.37377822e-01 4.15090442e-01
    1.02881193e+00 2.84987807e-01 8.66901278e-02 1.69037998e-01
    6.46067500e-01 -4.74288046e-01 8.32937419e-01 -1.11600935e-01
    5.35942912e-02 4.06317830e-01 1.09121513e+00 2.84759581e-01
    3.78013790e-01 1.37000597e+00 1.30948961e-01 3.89608860e-01
    4.23162162e-01 7.09067345e-01 9.29614902e-01 -4.70380634e-01
    2.47373343e-01 -3.18941116e-01 2.10414708e-01 -3.54705036e-01
    -3.62815738e-01 -2.31306344e-01 1.06843114e-01 8.60592425e-01
    5.91290891e-02 5.93951464e-01 5.64390540e-01 1.14541173e+00
    1.10159189e-01 5.83701134e-01 1.62007779e-01 1.08293521e+00
    -2.26296693e-01 1.24439394e+00 9.57608521e-02 6.99771762e-01
    -8.38781297e-02 3.52707028e-01 -3.18555444e-01 -1.39786243e-01
    7.73890376e-01 9.02345002e-01 -8.66080523e-02 -4.91373450e-01
    -2.01363564e-02 7.78598964e-01 -4.11911160e-01 -3.80649775e-01
    1.07949150e+00 1.15505683e+00 1.49081802e+00 1.10643578e+00
    5.16423345e-01 1.00299132e+00 -2.00405031e-01 5.49823046e-03
    9.90938306e-01 1.37855721e+00 2.20054388e-03 2.58129299e-01
    5.98678827e-01 1.08311212e+00 2.51582325e-01 1.23857260e+00
    6.87234640e-01 -1.44300312e-01 -3.23031008e-01 9.79716659e-01
    -2.05996841e-01 -9.27906036e-02 9.04789209e-01 -5.70893288e-03
    -3.05836022e-01 5.01959801e-01 9.74414885e-01 -5.44804335e-02
    1.40575433e+00 2.09672928e-01 1.28290319e+00 1.25727654e+00
    1.64953291e-01 7.15350866e-01 3.53768706e-01 6.33313239e-01
    1.81925714e-01 9.83493268e-01 4.84586120e-01 -1.54983073e-01
    5.12750149e-02 -2.73226380e-01 -3.36539149e-02 2.97890723e-01
    5.96538424e-01 8.66191030e-01 5.38485944e-01 -2.34544039e-01
    1.18671036e+00 3.33824784e-01 1.51136148e+00 1.24207830e+00
    -9.80374813e-02 5.78316450e-02 1.40548348e-01 4.11355972e-01
    7.76919007e-01 5.59406340e-01 1.26406312e+00 1.43717539e+00
    -4.46192026e-02 -4.35111225e-02 2.73538381e-01 2.99345344e-01
    8.98086309e-01 1.30630946e+00 1.07312584e+00 1.67741358e-01
    4.14712310e-01 -3.22884053e-01 2.75331736e-03 1.37907207e-01
    1.06967449e+00 1.01613617e+00 1.44793940e+00 8.11320722e-01
    2.67802477e-02 2.74594724e-01 3.10302258e-01 1.48852015e+00
    2.36266851e-02 1.26108837e+00 6.55626059e-01 1.10466003e+00
    1.89131916e-01 1.51833665e+00 1.39145046e-01 -6.21528327e-02
    1.00605106e+00 1.32338548e+00 5.93075573e-01 4.12258267e-01
    1.66524202e-01 1.12969851e+00 -1.25233352e-01 1.02801728e+00
    -4.29298669e-01 8.83615017e-02 6.45011485e-01 1.33271289e+00
    -3.58059943e-01 2.74660408e-01 1.21021211e+00 -5.00121415e-02
    -4.86892462e-01 1.35664558e+00 9.01489496e-01 1.19893706e+00
    9.52295542e-01 1.01173770e+00 1.36779714e+00 3.06370378e-01
    7.31285393e-01 1.18398499e+00 3.48842263e-01 3.98665845e-01
    -4.89484012e-01 -4.82743502e-01 1.54387116e-01 1.46292949e+00
    1.21567607e+00 7.82536864e-01 8.03490043e-01 -4.92815971e-02
    4.75245655e-01 2.40451038e-01 1.06625128e+00 7.09275484e-01
    -1.99892670e-01 9.40319180e-01 1.32294369e+00 -4.80217040e-01
    7.02005029e-01 1.38439631e+00 3.43714237e-01 -1.37748808e-01
    2.93649912e-01 9.87890363e-01 1.78662300e-01 -9.20368433e-02
    1.14319241e+00 1.36798930e+00 4.69803989e-01 1.16321993e+00
    1.39321065e+00 2.73623466e-02 7.69667387e-01 -3.72850627e-01
    1.28373528e+00 1.17459238e+00 3.22405338e-01 3.88263643e-01
    1.46939027e+00 1.48052692e+00 9.80835021e-01 5.92383742e-01
    -3.39637101e-02 8.81226659e-02 -2.20698804e-01 -4.02867317e-01
    -1.76817477e-01 9.38058972e-01 6.91386700e-01 6.62656903e-01
    1.28310490e+00 7.95298696e-01 1.23772883e+00 3.72875392e-01
    2.91410685e-01 1.32660866e+00 1.04747963e+00 -1.31782442e-01
    -1.88792348e-02 9.35644388e-01 9.56440568e-02 9.39846575e-01
    -4.20576036e-01 2.48327136e-01 8.38243604e-01 1.29895413e+00
    6.85806036e-01 1.02502859e+00 1.24079895e+00 -4.80030894e-01
    1.18416119e+00 1.41119277e+00 -2.30000585e-01 -1.48316234e-01
    6.96276426e-01 1.37929225e+00 1.48879218e+00 1.44589543e+00
    1.32687569e+00 6.96841717e-01 8.50312471e-01 1.05510676e+00
    1.30560660e+00 2.47694969e-01 3.07818055e-01 3.18742514e-01
    -3.27009559e-02 -2.79133916e-02 2.84641206e-01 4.68845785e-01
    3.76455188e-02 6.21458173e-01 1.35453534e+00 1.33913755e+00
    1.92414403e-01 2.42120683e-01 1.29184675e+00 -1.40355498e-01
    6.55625999e-01 3.39789987e-01 1.39187431e+00 7.87196636e-01
    6.31883383e-01 1.28215206e+00 1.48827958e+00 -4.72948253e-01
    2.67810762e-01 7.36592889e-01 9.52133477e-01 4.89835083e-01
    2.44609088e-01 6.19914055e-01 -3.90454650e-01 -1.40797406e-01
    1.42446017e+00 -5.21516800e-03 4.17844892e-01 5.44631124e-01
    1.89258546e-01 1.40407515e+00 -9.23353136e-02 5.93638897e-01
    -2.30401814e-01 1.16521323e+00 -4.05606270e-01 1.09939575e+00
    8.87777209e-02 -3.44488114e-01 9.37188089e-01 7.46987700e-01
    9.36213911e-01 6.75610423e-01 -2.67189890e-01 -4.05920625e-01
    4.31095153e-01 2.84409225e-02 2.37220228e-02 1.41684592e-01
    3.42607766e-01 1.04259163e-01 -3.75580907e-01 6.00536942e-01
    1.35652435e+00 6.96975529e-01 5.62267900e-02 2.73173273e-01
    1.46142316e+00 4.62719858e-01 -2.55680978e-01 1.27639174e-02
    1.24881625e+00 9.68373895e-01 1.14223146e+00 -2.01603055e-01
    1.03515804e-01 -3.60852301e-01 1.38949275e+00 6.65070593e-01
    1.15120518e+00 8.90209615e-01 2.08480954e-02 6.65484667e-02
    9.81886148e-01 3.63317251e-01 8.56296957e-01 1.10447705e-01
    6.24910414e-01 -2.55246341e-01 -3.86553526e-01 1.63206458e-02
    9.54236865e-01 1.02887809e-01 7.37786114e-01 1.02010310e+00
    -3.80439579e-01 6.33086324e-01 -1.22157812e-01 1.39990687e+00
    -4.64872479e-01 6.83247209e-01 9.15008307e-01 5.65176725e-01
    1.00689697e+00 8.35893035e-01 -2.67435312e-02 -4.04436499e-01
    -4.73800212e-01 1.50014043e-01 1.39836764e+00 4.54071581e-01
    6.00898623e-01 2.26576209e-01 1.34920609e+00 1.02653384e+00
    9.39554036e-01 -4.20648962e-01 6.40918612e-02 8.19194734e-01
    -1.52742893e-01 9.53054130e-01 2.49174714e-01 1.23863947e+00
    -4.66232598e-02 4.02577251e-01 -4.09638911e-01 1.01780689e+00
    -3.06944519e-01 -3.96046132e-01 3.72069418e-01 -1.08162254e-01
    -3.39343011e-01 -3.17910790e-01 7.09683597e-01 4.99573350e-02
    -4.47135657e-01 9.91093218e-01 4.96467888e-01 1.44722295e+00
    7.59725988e-01 9.19093609e-01 8.10196459e-01 1.11129606e+00
    2.01878071e-01 4.86404419e-01 2.70560682e-01 -1.77983195e-01
    5.05724609e-01 4.52535361e-01 -3.46352518e-01 9.64446664e-02
    9.92764175e-01 -4.54126000e-01 6.82144105e-01 1.48935378e-01
    -5.64047992e-02 -3.43190044e-01 -3.06883961e-01 6.17954612e-01
    8.08264613e-01 1.48958588e+00 7.52998114e-01 1.34322047e-02
    1.10096872e+00 3.52407932e-01 2.48822689e-01 -2.54562646e-01
    -2.45581865e-02 5.24609268e-01 6.61479235e-02 -4.19437885e-03
    -3.97042662e-01 1.04281938e+00 2.55117059e-01 1.00943744e-01
    2.74521470e-01 1.30856907e+00 -2.98296869e-01 -4.44175422e-01
    5.18845320e-01 -2.75700688e-02 8.37280869e-01 3.02148134e-01
    1.37610233e+00 1.65211618e-01 3.99699807e-01 9.44094181e-01
    -3.62986743e-01 7.97288537e-01 5.43025136e-03 1.00006700e-01
    9.83784616e-01 8.48991156e-01 1.32514679e+00 -3.18981409e-01
    1.20056927e+00 -4.41659927e-01 -4.69285518e-01 3.80554438e-01
    1.46981740e+00 3.55929673e-01 6.12556458e-01 5.62209547e-01
    1.23556554e+00 6.72031105e-01 4.87861633e-02 1.39999568e+00
    6.83774054e-01 4.08175051e-01 1.18078947e-01 1.46284151e+00
    1.47839427e-01 1.40956092e+00 1.12266850e+00 1.27682686e-01
    -4.29694593e-01 1.14175081e+00 1.07255054e+00 -5.12622535e-01
    1.10883331e+00 -2.29734093e-01 1.39887798e+00 -2.71367580e-01
    -1.02452099e-01 6.93064749e-01 -1.60504490e-01 5.77831209e-01
    -2.17622101e-01 -1.09993190e-01 1.26674640e+00 -3.70260119e-01
    -4.54553097e-01 5.66907644e-01 -1.69104338e-03 2.15017438e-01
    8.10965657e-01 5.87980747e-01 4.17745948e-01 4.26189840e-01
    7.64166772e-01 -1.79904938e-01 4.88450706e-01 1.48046017e+00
    -1.39758825e-01 9.46702719e-01 1.63214386e-01 1.61422729e-01
    -2.25928813e-01 8.70180726e-01 6.74429536e-01 -1.27389133e-02
    1.36178076e+00 9.22459960e-02 4.82045710e-01 8.71198773e-01
    1.50418103e+00 1.47216022e-01 -3.83671522e-01 8.92779469e-01
    3.06847751e-01 -2.91169465e-01 6.17066860e-01 6.61674142e-01
    1.12341857e+00 6.32526994e-01 -9.00741220e-02 3.82956862e-01
    9.62605298e-01 1.13842225e+00 -3.81122410e-01 1.10713482e+00
    1.08515334e+00 1.36757791e+00 4.31332946e-01 -2.14270860e-01
    7.87965059e-02 2.18430161e-01 2.32560039e-02 1.22568786e+00
    1.30138516e+00 -4.45049316e-01 1.24618864e+00 -4.30776089e-01
    -1.01427853e-01 6.81205988e-01 9.42100465e-01 9.04521704e-01
    1.26611084e-01 8.14194083e-01 6.11865819e-02 2.66691655e-01
    8.46575618e-01 3.60819072e-01 4.08821970e-01 1.04226089e+00
    1.26153851e+00 -1.04382277e-01 6.66068673e-01 -3.51180881e-01
    6.28631115e-02 1.21093130e+00 -2.29762793e-01 1.19256043e+00
    1.39776814e+00 6.17801607e-01 -4.61550355e-01 1.42305464e-01
    5.49673855e-01 -6.09347224e-03 1.50223064e+00 -3.24567080e-01
    -1.85037583e-01 1.99644268e-02 1.21527052e+00 8.65838230e-01
    1.80375874e-01 7.24255264e-01 1.50924850e+00 5.85356116e-01
    1.49674153e+00 8.35381508e-01 4.50339735e-01 1.46869302e-01
    -2.37170994e-01 1.41715944e-01 1.41723514e+00 1.36552215e+00
    3.01015854e-01 1.00098789e-01 1.19408035e+00 1.33891940e-01
    9.84685659e-01 1.37504077e+00 5.68512678e-02 4.79087651e-01
    3.42189670e-01 8.16927195e-01 8.48931849e-01 9.49336290e-02
    3.47557068e-01 2.25364864e-01 4.54790771e-01 -3.77307296e-01
    1.48699403e+00 6.91144466e-01 4.93424594e-01 3.62674594e-02
    5.67802787e-02 1.08796787e+00 5.08016407e-01 1.30572319e+00
    6.12723768e-01 -2.56632626e-01 -1.63537502e-01 1.20084333e+00
    -1.57964110e-01 9.65942323e-01 9.74118471e-01 8.64567161e-02
    1.39363623e+00 7.44546652e-02 1.11628532e+00 -3.53206336e-01
    1.06419027e+00 -3.61387730e-02 7.23586440e-01 1.07606900e+00
    8.84326577e-01 2.03239262e-01 1.11589909e-01 3.90412658e-01
    8.92079175e-01 1.09179938e+00 -1.06187761e-01 1.31390047e+00
    5.83879054e-01 8.62384379e-01 -4.48645055e-01 3.93429816e-01
    1.22724867e+00 1.49948549e+00 5.07930517e-01 1.36640668e-01
    4.33900416e-01 1.20649552e+00 1.24472916e+00 -4.66964185e-01
    1.12998974e+00 5.07025659e-01 -1.40755445e-01 -4.74695981e-01
    2.45939791e-01 -4.67508197e-01 1.40939641e+00 1.24536896e+00
    3.68918777e-02 1.07508242e-01 6.62780404e-02 7.28673041e-01
    6.83495581e-01 3.59896064e-01 -2.52394170e-01 5.92656672e-01
    5.97710252e-01 7.90332794e-01 -4.56239700e-01 1.13221073e+00
    3.56987119e-01 2.39239335e-01 6.29218459e-01 -4.23287928e-01
    1.34552360e+00 7.89581060e-01 1.45556307e+00 4.37632143e-01
    -6.59060180e-02 1.92762554e-01 6.91145658e-03 1.18756342e+00
    -7.63972998e-02 8.74551654e-01 4.78909254e-01 1.42100430e+00
    -1.75857395e-01 5.83176315e-01 -3.29192162e-01 9.56247568e-01
    7.69261599e-01 3.30702007e-01 1.25723660e-01 5.75572968e-01
    8.03840756e-02 1.08930314e+00 1.40763211e+00 1.32812309e+00
    9.51797843e-01 1.01774037e-02 1.30354285e+00 1.00919104e+00
    3.28271419e-01 -2.41090298e-01 1.15190959e+00 -1.55152559e-01
    1.22166097e+00 1.20206475e+00 3.85047734e-01 -3.88153255e-01
    1.17646575e+00 -3.24591875e-01 8.42879117e-02 -3.95950794e-01
    5.44704199e-01 -1.93721145e-01 9.01280284e-01 7.54463732e-01
    -2.22114414e-01 3.52118671e-01 5.13384938e-01 5.61275065e-01
    2.30970383e-02 2.08647311e-01 -2.98945129e-01 -3.73121798e-01
    6.26683176e-01 -4.18286920e-01 8.47359478e-01 -3.01169306e-01
    -3.07540894e-01 8.67905140e-01 1.17694855e-01 1.38724542e+00
    1.84223294e-01 1.18446851e+00 -2.20989078e-01 -8.34554434e-03
    1.38658547e+00 1.99666023e-01 1.08164585e+00 8.80639970e-01
    1.06352878e+00 7.58551180e-01 1.24673820e+00 -1.40429139e-02
    5.76386154e-01 1.23335457e+00 7.65192211e-01 5.50780535e-01
    1.04828477e+00 -1.14897490e-02 4.51383829e-01 9.40397918e-01
    1.38425326e+00 2.11167574e-01 1.43589580e+00 4.07329738e-01
    -4.13046390e-01 -4.06443775e-01 -1.85725659e-01 -1.56537622e-01
    8.86846960e-01 7.80053854e-01 9.52159762e-01 -3.14773917e-01
    3.17964196e-01 -3.82215112e-01 8.42483342e-01 3.38377357e-01
    7.64389157e-01 7.67354071e-01 6.28069520e-01 1.31903827e-01
    6.55919790e-01 1.05938935e+00 -2.07246602e-01 2.01438487e-01
    1.22877669e+00 2.22295523e-01 1.41648138e+00 1.37217879e-01
    9.55256522e-01 8.13093603e-01 -4.61255878e-01 4.81784344e-03
    -3.61700535e-01 3.03945780e-01 1.50084996e+00 -4.17641133e-01
    -4.40049917e-01 7.22061753e-01 -2.35570103e-01 6.52697563e-01
    -7.35227168e-02 3.97773325e-01 2.72877514e-01 -5.07037342e-01
    1.17697716e+00 1.05138183e+00 4.23856437e-01 4.04634297e-01
    8.36843729e-01 7.51120925e-01 9.32240665e-01 6.06053412e-01
    1.38134563e+00 6.05972528e-01 5.65257907e-01 2.38449514e-01
    1.20979321e+00 1.05110717e+00 -4.60388303e-01 8.89612436e-01
    -3.34622622e-01 -2.54312158e-02 1.09666109e-01 1.22581875e+00
    1.12156057e+00 6.98735416e-02 1.26602399e+00 5.38380861e-01
    4.05111790e-01 1.34841013e+00 1.31298327e+00 1.33288765e+00
    1.51199508e+00 2.42989063e-01 -3.63483101e-01 7.50335038e-01
    8.44354272e-01 -4.51928228e-01 1.21791005e-01 -2.11457521e-01
    2.67863750e-01 1.13438356e+00 3.25431138e-01 1.25194728e+00
    1.01741660e+00 6.92880750e-02 8.98422778e-01 5.53147078e-01
    -4.60982084e-01 -4.71669942e-01 1.36467814e-01 1.08635330e+00
    -3.73488903e-01 5.42212129e-01 1.22723222e-01 7.96379149e-01
    6.06779218e-01 1.26285565e+00 1.31941688e+00 -3.11114490e-01
    6.34005070e-02 9.69412625e-01 1.32649982e+00 7.76674926e-01
    5.35612822e-01 -1.12330914e-02 6.94354653e-01 1.06529129e+00
    1.38577878e+00 -1.14102483e-01 -2.66132414e-01 -1.70430005e-01
    1.15366054e+00 -1.50210649e-01 1.03660643e-01 1.44722843e+00
    6.01756752e-01 1.17293251e+00 1.30476546e+00 -1.02651417e-01
    4.02639687e-01 1.02941275e+00 7.01216161e-01 -1.01751924e-01
    -2.36321062e-01 6.73902631e-02 7.89549351e-01 3.35902691e-01
    6.29396081e-01 3.00803185e-02 8.59208882e-01 3.68592054e-01
    1.41250253e+00 1.43795371e+00 9.99150991e-01 1.36825645e+00
    1.06850195e+00 1.39798379e+00 -9.02562141e-02 1.15090072e+00
    -4.72386241e-01 -2.47282833e-01 -2.95513451e-01 1.39345765e+00
    9.26304102e-01 2.99855947e-01 5.18420577e-01 7.10608840e-01
    1.26999617e+00 2.11557657e-01 -4.79287744e-01 1.24715161e+00
    9.64294612e-01 -1.68766350e-01 7.93662071e-01 2.95485258e-02
    -2.75640309e-01 3.18767667e-01 1.69398010e-01 1.27682137e+00
    4.74789023e-01 4.10190940e-01 6.40157700e-01 9.07563269e-01
    1.10853910e-01 6.33423805e-01 -4.59405571e-01 1.28610611e-01
    4.59542930e-01 6.67070746e-01 -2.09022641e-01 2.45129406e-01
    3.15566540e-01 6.48843944e-01 2.50295579e-01 5.16111135e-01
    6.68643117e-02 7.58482218e-01 -1.17280662e-01 3.50618899e-01
    -7.71691203e-02 -2.44407654e-01 -1.75691843e-02 1.43832874e+00
    7.87375391e-01 8.52033794e-01 -4.14543808e-01 3.97711039e-01
    7.96479702e-01 4.77785826e-01 1.30377877e+00 -1.78424984e-01
    1.01921940e+00 8.08401942e-01 -1.39925063e-01 2.52088010e-01
    2.50109673e-01 -4.03996944e-01 3.10740769e-01 5.41160285e-01
    1.17848372e+00 -2.85067081e-01 4.78290975e-01 6.25413418e-01
    5.93265533e-01 4.41618443e-01 1.51886213e+00 5.64195991e-01
    -4.16466922e-01 -3.25286269e-01 7.63297021e-01 1.13635945e+00
    1.56033665e-01 8.37739944e-01 1.41643846e+00 1.32560933e+00
    2.07109928e-01 1.11857438e+00 -4.33302850e-01 1.91431224e-01
    5.26570678e-01 1.13468266e+00 -2.30439842e-01 9.85387385e-01
    -3.06589007e-02 1.04281282e+00 3.41802657e-01 9.77040529e-02
    9.77110863e-03 1.16763401e+00 2.10744739e-02 4.28748727e-02
    7.09254384e-01 3.39498818e-01 4.68258321e-01 8.50980163e-01
    6.41093493e-01 1.70068324e-01 3.49997878e-02 6.09223962e-01
    1.14524055e+00 -6.80474341e-02 1.41560912e+00 -3.58436108e-02
    2.20798075e-01 1.32506192e-01 1.36034727e+00 9.51989353e-01
    1.32881355e+00 9.65974927e-01 -1.67444646e-02 1.44799781e+00
    7.09062219e-02 -2.32700408e-01 1.44352436e+00 -3.83506954e-01
    2.40732551e-01 5.21690190e-01 -6.83286190e-02 1.47049248e+00
    1.09560895e+00 -6.82022572e-02 -1.19662285e-02 -4.94216859e-01
    9.26856458e-01 4.10430729e-01 3.08956385e-01 -4.66379315e-01
    6.44519091e-01 -6.00802898e-02 3.56303215e-01 1.34084225e+00
    4.19478178e-01 8.86481047e-01 -1.50414020e-01 3.26589227e-01
    7.65674651e-01 1.27240634e+00 1.45944977e+00 9.73850489e-03
    1.48899508e+00 4.98432279e-01 1.13949394e+00 1.19176388e+00
    -2.17570692e-01 1.47909093e+00 4.98977304e-02 5.15223145e-02
    -2.58192420e-01 1.82025373e-01 8.53331566e-01 2.43024051e-01
    -1.85974211e-01 4.28830147e-01 -1.10729188e-01 8.86230946e-01
    -1.10938489e-01 1.30846906e+00 4.83151019e-01 7.37631321e-02
    -2.36497551e-01 3.38668644e-01 9.27373290e-01 1.07175279e+00
    1.06485677e+00 2.14434028e-01 7.31994689e-01 1.20291233e+00
    3.60082746e-01 1.20084548e+00 1.50733352e-01 8.76841307e-01
    5.40015876e-01 -3.21359575e-01 7.76255846e-01 1.10493469e+00
    1.82704359e-01 -2.33592331e-01 1.02694917e+00 1.16209948e+00
    7.28379250e-01 -4.54089880e-01 8.75787973e-01 1.40900874e+00
    1.25953555e+00 5.02419770e-02 2.18727142e-01 -3.78666848e-01
    5.52418590e-01 -6.85726404e-02 1.36613703e+00 1.13310778e+00
    7.19440877e-01 1.24098086e+00 9.55314994e-01 2.00281024e-01
    2.79418766e-01 1.06837726e+00 6.65788293e-01 -9.97916460e-02
    -1.93612963e-01 -3.71402621e-01 4.76657748e-01 9.41221893e-01
    -2.82010853e-01 2.66706109e-01 1.44369435e+00 1.08121610e+00
    5.81833541e-01 1.41578889e+00 1.48116064e+00 -1.73223764e-01
    1.27690959e+00 1.78751469e-01 5.26038408e-01 -3.07333410e-01
    -1.44019932e-01 6.49227142e-01 6.89299226e-01 -1.10304832e-01
    1.19147849e+00 1.43697619e-01 1.19194233e+00 4.39733028e-01
    1.32761371e+00 -7.70042837e-02 -3.24968040e-01 1.39742219e+00
    2.88946152e-01 2.43814826e-01 8.01985979e-01 1.48404551e+00
    1.02421904e+00 -2.14342564e-01 -4.52655584e-01 1.44477069e-01
    7.95666754e-01 9.32968795e-01 8.63905132e-01 1.09405208e+00
    -5.23310602e-02 9.71461713e-01 1.09982312e+00 1.94543242e-01
    9.93211448e-01 3.46541405e-02 -1.95770472e-01 7.59581625e-01
    2.02532411e-01 9.39929485e-03 6.37650371e-01 3.72684002e-02
    5.23474693e-01 2.16555059e-01 1.54835582e-01 8.80893409e-01
    -4.29422140e-01 3.58721793e-01 1.16840672e+00 6.26821518e-01
    2.72898555e-01 1.46251202e-01 1.22789764e+00 1.05119658e+00
    -1.56865716e-02 6.41633868e-02 -2.95579433e-01 1.38274062e+00
    4.15627837e-01 -4.65707660e-01 6.90728903e-01 1.36063647e+00
    4.63940382e-01 9.55629528e-01 -3.55697364e-01 1.40477943e+00
    1.28805304e+00 -2.85409987e-01 -6.84356689e-03 1.24688733e+00
    -1.20432764e-01 -4.66039747e-01 2.46284366e-01 -4.75968480e-01
    -3.01574200e-01 7.57708073e-01 1.44107044e+00 -1.67630076e-01
    1.37394333e+00 -1.10448480e-01 1.39508903e+00 1.32634437e+00
    1.33672690e+00 -5.14087677e-02 -4.34715927e-01 1.17321587e+00
    1.23274732e+00 4.26392913e-01 9.56597269e-01 2.97259092e-01
    1.15997720e+00 -9.33402181e-02 -3.12719762e-01 -5.45251369e-03
    9.44679737e-01 -2.83876717e-01 3.81076455e-01 1.24783039e+00
    -2.19511986e-02 -2.78942585e-02 1.02271688e+00 1.47592616e+00
    4.67748880e-01 -1.31269723e-01 1.43447053e+00 9.34554577e-01
    -3.45407993e-01 -8.01792741e-02 1.08256555e+00 6.51179850e-01
    4.24389273e-01 3.69333684e-01 1.15118957e+00 -3.00169766e-01
    -1.38718575e-01 1.17136502e+00 1.24181724e+00 4.49621737e-01
    -2.93864995e-01 3.27878296e-01 7.51784444e-01 5.42951703e-01
    3.72463256e-01 1.31808507e+00 1.20728147e+00 4.78290230e-01
    6.06903195e-01 9.66353714e-01 1.23286700e+00 -2.11414039e-01
    5.88729262e-01 7.20508456e-01 4.69687581e-02 8.45365524e-02
    -1.22092456e-01 2.46250153e-01 7.75385082e-01 1.47446704e+00
    1.79680467e-01 1.17072940e+00 -3.48545671e-01 5.34293711e-01
    -3.86048496e-01 3.40400338e-01 -4.07497287e-01 5.70795476e-01
    4.93741632e-02 -3.72093737e-01 -2.59487003e-01 3.60385716e-01
    9.02156711e-01 1.30782652e+00 9.33431566e-01 8.76150370e-01
    2.86791444e-01 7.09433794e-01 6.21317029e-01 1.42366457e+00
    4.76631820e-01 8.01584482e-01 -1.00663871e-01 1.10393476e+00
    3.52296352e-01 1.22757578e+00 1.06221557e-01 1.49243844e+00
    5.02250195e-01 5.20180583e-01 -5.75543046e-02 4.65065539e-01
    8.82322431e-01 1.08647370e+00 1.34619570e+00 9.54927802e-02
    7.59914637e-01 4.24689770e-01 -8.43793154e-03 1.36831379e+00
    3.50065112e-01 -1.14220709e-01 1.21339989e+00 1.27086282e-01
    -4.54901695e-01 -1.24170661e-01 -4.64770377e-01 1.11499643e+00
    5.94071150e-02 -5.22660613e-02 1.16318727e+00 1.91002429e-01
    1.16760921e+00 8.45192075e-01 -2.24032819e-01 1.26962852e+00
    3.68759155e-01 5.05589724e-01 -1.84137434e-01 5.31159639e-02
    5.67617416e-01 2.88186073e-02 6.21900678e-01 1.06386185e+00
    9.62341309e-01 1.14227557e+00 1.49163806e+00 8.40176463e-01
    -4.86635268e-02 -1.64197683e-02 1.03495932e+00 2.16879189e-01
    4.55921888e-02 -3.77014220e-01 1.33724856e+00 6.28367543e-01
    1.08826959e+00 1.48434591e+00 3.87413442e-01 1.39375246e+00
    7.06023455e-01 1.41169727e-01 3.62218559e-01 7.35371947e-01
    9.55963254e-01 2.56272852e-02 -3.56936336e-01 1.48428738e-01
    -9.73636210e-02 -1.39523804e-01 1.11236084e+00 5.55691242e-01
    1.10519218e+00 1.08856988e+00 3.42812538e-02 2.38441318e-01
    6.19021952e-02 1.39964342e-01 1.44797766e+00 -4.28855032e-01
    8.55214715e-01 9.61117446e-02 9.03801024e-02 5.75411677e-01
    8.87982845e-01 8.14298809e-01 6.17141306e-01 9.22873020e-02
    1.12303913e-01 1.12243652e+00 -2.81746328e-01 1.08094239e+00
    1.47744513e+00 6.61705613e-01 4.90812421e-01 2.66887426e-01
    1.33569062e+00 1.52895331e-01 1.46638155e+00 5.43752432e-01
    8.28818083e-01 1.17457712e+00 1.25376630e+00 -4.54942495e-01
    1.58974349e-01 1.15294850e+00 -2.90370286e-01 1.00010312e+00
    1.47736681e+00 9.78616655e-01 -2.67884374e-01 -1.57482862e-01
    5.38740039e-01 1.12662792e+00 2.94292867e-01 -4.16169584e-01
    1.27767622e+00 -2.65581787e-01 1.11187339e-01 1.20325768e+00
    2.08233297e-01 1.01390791e+00 5.01888096e-01 -3.01427662e-01
    1.15252686e+00 2.69324362e-01 5.14642894e-01 -2.65264869e-01
    -2.39714950e-01 5.98977447e-01 -2.31464177e-01 -3.96664500e-01
    1.42961109e+00 2.17238784e-01 8.23239923e-01 -4.72185314e-02
    6.31469071e-01 2.43212044e-01 1.02203763e+00 5.77798009e-01
    4.53159988e-01 -1.25773638e-01 4.87951636e-02 8.20233464e-01
    6.33469582e-01 1.02175236e-01 -1.28120661e-01 -3.99594605e-01
    3.52229476e-01 -5.45657277e-02 -4.78362411e-01 1.00801814e+00
    1.11513662e+00 7.57465839e-01 -7.24452138e-02 1.13945353e+00
    4.02034223e-01 1.71736360e-01 1.27309716e+00 6.17689133e-01
    1.00711203e+00 -3.59140217e-01 -3.47140729e-01 -4.80525643e-01
    1.67539299e-01 7.43559301e-01 5.32708228e-01 7.11458027e-01
    -4.61570442e-01 1.26127255e+00 1.45824862e+00 5.86250961e-01
    5.25065005e-01 4.26678896e-01 4.44801271e-01 1.39312804e+00
    1.45191646e+00 1.42417908e-01 -3.71888697e-01 1.22632027e+00
    7.42378652e-01 1.04065752e+00 -1.86188817e-01 1.36263061e+00
    4.26962376e-02 4.31460977e-01 8.64001989e-01 1.84269607e-01
    -3.38887155e-01 -4.76870894e-01 -3.59261394e-01 7.55270123e-01
    3.48854065e-03 1.01998508e+00 -3.76993269e-01 1.10596502e+00
    1.91601336e-01 1.31455779e+00 2.07370877e-01 -3.60953689e-01
    1.02481008e-01 1.11623502e+00 9.53359127e-01 5.83825231e-01
    -2.35375911e-01 5.16120553e-01 1.51653850e+00 3.96207482e-01
    1.02233589e-01 1.12640870e+00 -3.93264621e-01 1.22765088e+00
    1.27209449e+00 -4.74209309e-01 1.49109137e+00 7.01562762e-02
    1.34501159e+00 8.53286743e-01 -3.27689052e-01 -4.75430042e-01
    -1.31591856e-02 3.62420321e-01 4.47391659e-01 6.87912583e-01
    -1.98684216e-01 -4.52496052e-01 -2.29685009e-02 7.16782868e-01
    1.58778727e-01 3.55631113e-02 1.47101569e+00 8.18076968e-01
    7.38180518e-01 1.31180835e+00 7.94052958e-01 1.43391538e+00
    -3.25817704e-01 6.34276271e-01 -1.69565648e-01 1.40052462e+00
    1.20844221e+00 6.93035483e-01 4.82520401e-01 2.36617684e-01
    -4.29460168e-01 1.02828085e+00 1.18017828e+00 9.48106050e-02
    3.27591598e-01 1.47304964e+00 1.41293442e+00 4.10100758e-01
    1.12909162e+00 4.79622871e-01 -1.07918203e-01 1.07782984e+00
    1.00206041e+00 -2.63751090e-01 2.47560740e-01 2.32466519e-01
    1.21833891e-01 6.38746977e-01 8.67334545e-01 -2.11153626e-02
    1.68504804e-01 1.10119462e+00 4.70529318e-01 1.74072206e-01
    -3.81851345e-01 8.21920991e-01 6.36774719e-01 6.59800768e-01
    3.09011281e-01 7.31436014e-01 -1.43784285e-02 3.31527114e-01
    -1.58146381e-01 1.05891967e+00 1.47114158e+00 -1.44102931e-01
    1.85709596e-02 2.32147098e-01 1.34635651e+00 -7.81760812e-02
    9.06949759e-01 2.81649470e-01 4.06989753e-01 6.47765636e-01
    2.75369287e-01 -2.54818201e-01 5.24645269e-01 -3.74000221e-01
    1.13042378e+00 1.46103573e+00 6.79670930e-01 1.00032020e+00
    1.08632755e+00 5.07948875e-01 -4.66119677e-01 1.14392924e+00
    -3.92523438e-01 -2.92378068e-01 1.04563332e+00 1.45631862e+00
    -5.51455617e-02 -2.49469995e-01 -2.99976170e-02 1.32133377e+00
    1.07278216e+00 -1.23121947e-01 9.97240901e-01 -2.73906589e-01
    2.02477962e-01 3.34865123e-01 5.39094567e-01 3.12769115e-01
    3.31929624e-02 6.42234564e-01 2.13495135e-01 1.19609928e+00
    9.42553103e-01 6.95931911e-02 -1.50403649e-01 7.15382099e-02
    6.05124831e-02 4.14835155e-01 3.89104426e-01 4.81660128e-01
    -4.22949314e-01 -4.48234320e-01 -8.47196579e-03 9.06422019e-01
    1.18079948e+00 1.13302445e+00 9.12323952e-01 4.04644936e-01
    3.86991292e-01 4.86782938e-01 -4.10685241e-01 7.30230689e-01
    1.79778725e-01 -1.04762942e-01 -3.90858442e-01 1.34524643e-01
    -2.84336388e-01 4.25226629e-01 -2.07935542e-01 8.48742723e-01
    1.33439589e+00 5.17834604e-01 1.17022276e+00 1.01172864e+00
    3.01590383e-01 1.06408143e+00 5.11389136e-01 1.89475417e-01
    9.90734458e-01 7.70463228e-01 -1.93976253e-01 9.11978900e-01
    8.66339266e-01 -5.53187132e-02 5.76666892e-01 -2.48924106e-01
    1.10626423e+00 -3.29898298e-01 5.63850641e-01 3.89850318e-01
    1.95746779e-01 3.65619034e-01 -4.36620235e-01 9.44172144e-01
    4.82494354e-01 -3.72553110e-01 8.52461576e-01 2.79255688e-01
    9.46662784e-01 2.38346875e-01 1.48159671e+00 6.65003061e-02
    1.20576799e+00 -7.42095709e-03 1.20484185e+00 2.02524424e-01
    1.33025789e+00 -3.70707333e-01 1.70940399e-01 6.72524810e-01
    1.35840535e-01 1.30760324e+00 4.99992311e-01 9.51716781e-01
    -2.26968527e-02 1.21731400e+00 2.46556401e-01 1.40254796e+00
    4.75837588e-01 1.10770559e+00 1.78649426e-02 -2.48024374e-01
    -1.03488266e-01 8.62373352e-01 1.22323692e+00 2.61199832e-01
    -1.54999942e-01 -1.26756430e-01 8.52892280e-01 9.90014791e-01
    -5.91785014e-02 1.00378883e+00 7.80134737e-01 -4.90679175e-01
    8.29608202e-01 1.00245905e+00 1.31694901e+00 -4.88552779e-01
    1.27874231e+00 8.32349360e-02 1.32729840e+00 1.45664060e+00
    -6.78848922e-02 4.56660271e-01 -3.56712878e-01 5.32695770e-01
    1.19964075e+00 -4.16177779e-01 1.23304749e+00 8.56311321e-01
    3.40074211e-01 6.67219520e-01 4.06029820e-02 -2.15588540e-01
    -4.32425141e-02 8.44064653e-01 1.34516454e+00 2.01871395e-02
    5.11154652e-01 -2.61384279e-01 1.38664150e+00 1.00512266e+00
    4.69399035e-01 5.16174376e-01 -3.41590077e-01 5.20730555e-01
    6.00027859e-01 6.39666975e-01 1.05372667e+00 9.59463060e-01
    1.49496579e+00 2.57924497e-01 -4.34836984e-01 3.17164540e-01
    1.06705606e+00 -1.89358741e-01 1.86518908e-01 1.39533734e+00
    1.65602267e-01 9.87393916e-01 -1.36432260e-01 1.32792163e+00
    4.46894765e-03 3.07811022e-01 6.74819946e-03 9.85697389e-01
    -2.89820790e-01 1.26650691e+00 6.74001575e-01 6.15331829e-01
    -2.05191672e-01 3.34745556e-01 3.51974070e-01 5.30168474e-01
    8.02112579e-01 -2.45388836e-01 4.23083216e-01 3.08623821e-01
    1.37927723e+00 1.35964072e+00 -8.12576115e-02 1.14913702e+00
    1.24120903e+00 1.20242286e+00 6.30923629e-01 5.53607881e-01
    2.33761370e-01 -1.42007768e-02 1.38061607e+00 1.46686196e+00
    4.90399003e-01 -4.61566478e-01 6.66342735e-01 1.14901423e-01
    5.39910555e-01 1.49622536e+00 1.26608038e+00 6.22755408e-01
    5.54328561e-01 1.41737795e+00 1.06927896e+00 1.24714184e+00
    1.23321164e+00 6.66700423e-01 1.37306452e-01 6.73906922e-01
    4.62972164e-01 9.49132383e-01 1.30769205e+00 9.40985739e-01
    -1.86093539e-01 1.29540944e+00 -4.03752774e-01 2.44927943e-01
    8.86547863e-01 -2.99457967e-01 5.90015948e-01 1.15282035e+00
    6.50919378e-01 9.47074294e-01 8.90516758e-01 2.08376259e-01
    1.27721953e+00 7.90706873e-01 -3.43974918e-01 2.97787249e-01
    1.49286485e+00 -3.19764853e-01 2.74968147e-02 2.72601902e-01
    4.01088178e-01 1.37371683e+00 -3.69443536e-01 1.24507809e+00
    -3.77236307e-01 9.04709697e-02 1.37711275e+00 -4.24762011e-01
    1.51883662e-01 1.06661844e+00 4.25962806e-01 1.49233413e+00
    -4.18010473e-01 -4.26536471e-01 1.36831474e+00 1.33907628e+00
    1.13939893e+00 2.79741764e-01 -4.81556863e-01 1.34773147e+00
    1.44009769e-01 1.40324795e+00 -1.47107720e-01 4.20446455e-01
    6.12212420e-01 -3.08616638e-01 1.16096449e+00 -1.71573758e-02
    7.93325901e-01 8.77411187e-01 1.54775679e-01 2.48774409e-01
    2.91744530e-01 6.13407910e-01 5.66270828e-01 1.06688428e+00
    1.08563840e-01 6.28682971e-01 2.40241915e-01 1.11062407e+00
    8.02145958e-01 1.00426662e+00 1.16237330e+00 3.81623387e-01
    -9.92493331e-02 4.91667807e-01 1.20731664e+00 7.92797089e-01
    1.19496381e+00 8.06872189e-01 4.67938185e-02 1.26294649e+00
    5.65876067e-02 7.08973825e-01 3.70319158e-01 -3.04476142e-01
    1.26269603e+00 1.42234743e-01 5.16599298e-01 -2.41542324e-01
    5.47368109e-01 9.54527140e-01 -3.97465676e-01 -1.17670864e-01
    -4.08776402e-01 -4.23635513e-01 9.85104620e-01 7.81120896e-01
    7.51861453e-01 6.84512317e-01 1.03523135e-01 7.79795051e-01
    -1.39148057e-01 3.94227803e-01 1.08874798e-01 -3.52507770e-01
    -1.32159829e-01 9.21685219e-01 -1.91799402e-01 7.67156720e-01
    5.13740122e-01 -3.25280398e-01 4.00705576e-01 2.42275298e-01
    2.17768371e-01 1.32387733e+00 5.99940121e-01 3.20543706e-01
    1.32914233e+00 6.25856400e-01 5.34700274e-01 1.48028064e+00
    -2.19525218e-01 7.55015552e-01 -4.21583682e-01 1.33216739e+00
    3.06941271e-02 1.44956267e+00 -3.32635581e-01 1.03441942e+00
    -2.74239182e-02 5.69193065e-01 1.26459718e+00 1.60338283e-02
    1.03946996e+00 5.79587221e-02 5.48614085e-01 6.70193553e-01
    1.04876113e+00 8.16776395e-01 1.09144211e-01 9.30007696e-01
    1.23920250e+00 -7.13053346e-03 3.18375051e-01 -2.27521628e-01
    -3.92214596e-01 1.81731343e-01 -4.53768164e-01 4.49915022e-01
    1.25591731e+00 8.85834754e-01 1.40767336e+00 1.32267976e+00
    2.41198659e-01 -3.18056345e-01 -4.96512324e-01 1.20951033e+00
    3.23599815e-01 1.35502338e-01 1.20492554e+00 8.55668664e-01
    6.74911618e-01 6.43368959e-01 3.29177797e-01 2.27284551e-01
    6.41591728e-01 -6.89144135e-02 5.86588025e-01 1.38377428e+00
    3.39980245e-01 1.36906147e+00 -1.37594670e-01 -2.39990741e-01
    1.22101367e+00 -1.27839476e-01 1.48759651e+00 1.52307242e-01
    3.21719348e-01 -2.93217599e-01 -4.49945450e-01 -1.82264090e-01
    2.39502072e-01 1.22900605e+00 9.75923419e-01 -7.23043978e-02
    -4.46424603e-01 3.08766633e-01 7.89114058e-01 1.13977456e+00
    1.55501842e-01 1.33697820e+00 1.40873599e+00 1.71027839e-01
    1.30040240e+00 -3.35653335e-01 9.25200284e-01 1.28987193e+00
    1.11807489e+00 9.12968218e-01 3.74173343e-01 -4.83095527e-01
    1.73647285e-01 -4.44296628e-01 1.14927304e+00 1.12436771e+00
    -2.95547903e-01 2.09191442e-02 7.59770930e-01 -2.19581157e-01
    1.02583706e+00 -4.35921580e-01 4.68303800e-01 3.17171812e-01
    8.31743181e-01 4.38118577e-01 1.39032423e-01 9.34526920e-01
    -9.18806493e-02 -4.05719042e-01 1.01021850e+00 7.27159977e-01
    -2.03292280e-01 -7.12737143e-02 -4.01837826e-02 -6.07150495e-02
    8.38494182e-01 8.67088974e-01 3.01075220e-01 1.94931328e-02
    3.69743556e-01 -1.99516118e-01 3.55649710e-01 6.88354671e-02
    3.37827891e-01 1.18506050e+00 1.17987502e+00 7.16530442e-01
    9.21496451e-02 -3.83893549e-02 9.02847946e-02 -3.41568291e-01
    -4.44330037e-01 1.02151501e+00 9.29624081e-01 8.10828865e-01
    -1.07680380e-01 3.14814568e-01 -9.48034525e-02 6.14659667e-01
    -7.47340024e-02 1.36360097e+00 -4.63921964e-01 -3.05692941e-01
    1.10517812e+00 -2.16065109e-01 6.05231225e-01 1.28424191e+00
    1.20269120e+00 1.68420851e-01 2.52724051e-01 5.95626831e-02
    8.70312035e-01 1.41603708e+00 2.76337206e-01 1.47181857e+00
    2.30906308e-01 1.24170208e+00 7.99660683e-02 1.24023795e+00
    4.18783605e-01 -4.89266187e-01 6.58406973e-01 1.22972584e+00
    1.22391522e-01 -1.12579882e-01 1.36939108e+00 1.02460361e+00
    3.86870861e-01 6.79940224e-01 1.17132878e+00 3.48359704e-01
    4.92123663e-01 2.51637042e-01 -3.73314738e-01 1.04643130e+00
    2.04232395e-01 -3.76886606e-01 1.38405514e+00 8.29685688e-01
    1.57267928e-01 9.85637248e-01 -2.48811990e-01 8.31839919e-01
    -1.92165464e-01 6.63308442e-01 4.71118450e-01 6.33285165e-01
    1.27231872e+00 1.06621838e+00 6.91962838e-02 1.31318688e-01
    1.48627281e+00 5.58901250e-01 7.90898323e-01 1.10245824e-01
    -1.05229676e-01 -2.13466048e-01 -2.29533076e-01 3.71595591e-01
    1.29296863e+00 1.39858341e+00 4.17189956e-01 1.33479285e+00
    1.39328313e+00 -3.50956142e-01 8.65238786e-01 7.85979927e-01
    -1.26271933e-01 3.69437575e-01 1.08644903e+00 4.71862495e-01
    7.25520015e-01 -3.27152967e-01 -2.37565070e-01 8.23431969e-01
    -1.94382966e-01 -1.24235749e-01 3.78497243e-02 -1.75105006e-01
    -2.75615811e-01 -3.27570319e-01 7.71416366e-01 9.36813414e-01
    6.23740673e-01 1.17939734e+00 -3.36817324e-01 1.16357160e+00
    8.81921768e-01 -2.60420084e-01 1.26708174e+00 5.70984662e-01
    1.29786587e+00 1.68127775e-01 1.29957390e+00 1.16890311e+00
    -2.50288844e-02 9.73790884e-04 1.09847033e+00 1.41396558e+00
    1.28875470e+00 7.34691679e-01 4.39403832e-01 -9.74397659e-02
    -2.64674783e-01 -2.72722542e-02 5.73127985e-01 3.63407493e-01
    2.16850579e-01 5.34875333e-01 1.11281812e+00 6.78550601e-01
    -3.24788392e-02 1.09318495e+00 9.52575028e-01 -4.38255876e-01
    -3.98719281e-01 1.43652022e+00 -2.33615667e-01 6.44851267e-01
    -3.00080657e-01 4.79384601e-01 -2.74064183e-01 1.39756799e-01
    8.08182597e-01 7.94851363e-01 8.83143485e-01 -4.04780507e-02
    3.48638892e-01 -3.26664746e-01 1.04047322e+00 1.34946752e+00
    3.52366626e-01 -4.13003057e-01 1.16711426e+00 1.15542006e+00
    5.48894882e-01 1.16555691e-02 -1.91032290e-02 1.38042092e+00
    1.26836705e+00 -4.84941334e-01 -1.96925223e-01 2.16518819e-01
    1.26365650e+00 1.20584190e-01 -4.32442725e-01 2.54214823e-01
    1.17454338e+00 7.68440545e-01 1.17041826e+00 9.96274889e-01
    1.12102389e+00 1.49526417e-01 9.55511749e-01 1.57345086e-01
    2.28306413e-01 7.50209093e-01 9.47094858e-01 4.41807806e-01
    6.91474020e-01 -5.72125912e-02 8.54024827e-01 6.57613575e-01
    -2.94468969e-01 -4.73664999e-01 -3.87613237e-01 1.45927155e+00
    4.05752599e-01 9.67421591e-01 2.42735535e-01 2.57927775e-01
    5.83471835e-01 -4.28037256e-01 2.60657370e-01 -1.00606829e-01
    2.00809836e-02 1.20741177e+00 -3.82409811e-01 4.82110441e-01
    7.45784819e-01 -8.80653560e-02 4.59628105e-02 5.52235186e-01
    1.14760768e+00 2.90127993e-02 3.51586044e-01 -1.49007678e-01
    1.56520307e-01 -3.19205403e-01 4.55564380e-01 1.09685802e+00
    6.90388024e-01 1.07352626e+00 1.42768466e+00 4.88768756e-01
    1.15511894e+00 4.51003134e-01 1.90043271e-01 5.63549101e-01
    1.37209642e+00 9.37223673e-01 1.10326409e-01 6.22769713e-01
    4.85489011e-01 1.59192801e-01 -3.30956101e-01 8.15208554e-02
    5.96211553e-02 -4.99355078e-01 6.24912083e-01 9.06263590e-02
    9.75153744e-01 9.18812454e-01 6.51707709e-01 6.78254366e-02
    -3.54919732e-01 -2.98336029e-01 2.62613982e-01 -2.27029413e-01
    4.56241816e-01 -3.27435434e-01 -2.03209281e-01 6.85850978e-02
    -3.80454659e-02 4.18484330e-01 6.88719511e-01 4.26744670e-01
    1.03332329e+00 -2.25404501e-01 -3.77789259e-01 7.42865205e-01
    -3.64943266e-01 1.35610163e-01 -5.34742475e-02 2.49155968e-01
    5.40042043e-01 -2.09144711e-01 -1.88626260e-01 8.38876963e-01
    7.92634368e-01 9.48748469e-01 1.23126054e+00 2.33199894e-01
    1.11953902e+00 4.92604256e-01 1.39427960e+00 5.96124947e-01
    6.87310338e-01 1.49077559e+00 2.27378011e-01 1.24996710e+00
    3.86546433e-01 9.44327891e-01 6.62534177e-01 3.52727175e-02
    3.58401895e-01 -4.62049246e-03 8.34524632e-03 3.86527658e-01
    8.98694992e-01 8.42484891e-01 9.39031124e-01 -6.40670657e-02
    -2.52801478e-01 -2.13293791e-01 -2.51688480e-01 -1.57737195e-01
    -3.30960512e-01 -4.41609800e-01 6.64535463e-01 5.51861405e-01
    4.05481279e-01 6.40892327e-01 -1.24630153e-01 9.38274145e-01
    -2.58339971e-01 1.93787158e-01 4.45578337e-01 5.97007096e-01
    -3.61231178e-01 -9.12230015e-02 1.09580874e-01 1.22193861e+00
    -3.22088897e-01 -4.60985154e-01 -2.76694506e-01 1.28581440e+00
    4.84414101e-02 5.84219456e-01 2.61087239e-01 9.51834023e-01
    2.60881007e-01 7.16143847e-02 -3.06724638e-01 1.04850650e+00
    3.85755420e-01 1.02125025e+00 1.17841983e+00 1.31959665e+00
    1.29317379e+00 1.20605564e+00 -8.87983739e-02 1.01057518e+00
    6.60656571e-01 1.19785571e+00 1.41418862e+00 1.27363575e+00
    7.39269793e-01 -5.99588454e-02 -4.44905192e-01 -4.78526741e-01
    -2.27377146e-01 8.42695951e-01 6.80526018e-01 3.78365755e-01
    1.43640447e+00 7.25606084e-01 3.31778347e-01 2.26073682e-01
    1.45368636e+00 8.88747513e-01 1.35470915e+00 8.25345516e-04
    8.13366830e-01 2.14630544e-01 1.49692321e+00 1.36985481e+00
    5.62043786e-01 1.56712890e-01 8.66720676e-01 -2.32566118e-01
    7.64709890e-01 3.37443173e-01 -3.86515051e-01 1.15383458e+00
    2.39977598e-01 9.47501242e-01 -1.66955590e-02 -2.03671694e-01
    -4.63835001e-01 -4.57291991e-01 1.47134399e+00 3.90067041e-01
    1.49888635e+00 -4.34960306e-01 1.45129234e-01 -2.76925921e-01
    4.82048154e-01 5.49605310e-01 9.87499535e-01 1.07981294e-01
    1.21174037e+00 1.17266726e+00 -3.94819856e-01 -3.67794245e-01
    9.24203396e-02 8.02203298e-01 6.83929086e-01 1.46557844e+00
    9.52927828e-01 8.70575905e-01 1.34650302e+00 5.73310673e-01
    -1.64217293e-01 6.17327094e-01 8.62067580e-01 -4.83105421e-01
    4.19815600e-01 1.38364506e+00 2.98394740e-01 -1.88897789e-01
    6.20309412e-01 6.25494123e-01 9.63344455e-01 7.34494328e-02
    -1.92788213e-01 1.31757152e+00 9.20619190e-01 7.84353256e-01
    9.70057905e-01 1.23532677e+00 -3.44905794e-01 1.39477277e+00
    -1.68634653e-02 4.64273423e-01 2.49980509e-01 1.15866089e+00
    -5.38347661e-02 6.68342650e-01 4.25158381e-01 5.04424274e-02
    8.93139064e-01 7.42244542e-01 2.55820185e-01 1.02405071e-01
    1.21299696e+00 7.33569920e-01 3.86422634e-01 1.02679396e+00
    1.03275657e+00 1.27544034e+00 5.84959507e-01 7.52972960e-01
    -2.87744105e-02 1.04122305e+00 1.44999087e-01 7.17555404e-01
    -3.84882152e-01 -2.22328246e-01 -1.48808658e-02 -1.98906660e-02
    9.40134764e-01 5.41254997e-01 3.35804045e-01 2.09795415e-01
    7.54596949e-01 6.11918569e-02 4.75054801e-01 -3.89631569e-01
    2.15195775e-01 1.22917068e+00 -3.46130908e-01 -4.60931957e-02
    1.15176344e+00 6.09513223e-01 1.14475143e+00 -2.83301592e-01
    -2.28048116e-01 5.61037540e-01 1.19396996e+00 -3.13614160e-01
    2.27430522e-01 9.01365757e-01 1.29905415e+00 -4.06431556e-01
    7.05316126e-01 3.41992021e-01 9.88778710e-01 9.67070937e-01
    1.14027190e+00 1.22948527e+00 7.91575551e-01 4.37042534e-01
    1.14779973e+00 4.52393830e-01 1.11828089e-01 -1.74504668e-01
    1.28596973e+00 1.81334794e-01 -2.52111614e-01 1.12385929e+00
    1.10156357e+00 -2.56591260e-01 8.23037982e-01 5.13208151e-01
    1.37004328e+00 -3.08411986e-01 1.39697552e+00 9.12780881e-01
    4.42186594e-01 -3.96414757e-01 5.82314372e-01 1.18118143e+00
    -3.38506699e-01 5.47487259e-01 -4.80057567e-01 -2.21226513e-02
    1.19379687e+00 6.14672422e-01 -2.94292927e-01 -3.45738471e-01
    -1.75079733e-01 4.88472849e-01 1.28893971e+00 -2.40116894e-01
    -2.48814464e-01 -3.76161188e-01 -6.25883341e-02 2.64481097e-01
    4.56616789e-01 1.00939083e+00 1.23420835e+00 1.30372554e-01
    8.77215028e-01 1.20513988e+00 4.11789030e-01 7.46342421e-01
    1.31352127e+00 2.79376507e-01 2.07313389e-01 -6.75368905e-02
    2.71165103e-01 6.32026315e-01 -2.84132361e-01 3.51292402e-01
    2.46319532e-01 1.31709754e+00 -4.11940515e-02 -2.00770646e-01
    4.45853412e-01 -3.16824317e-02 1.06604159e+00 3.22400868e-01
    6.61949515e-01 9.49927509e-01 1.16328263e+00 4.97741699e-02
    9.03608620e-01 3.63716960e-01 -3.00193638e-01 6.03353679e-01
    3.78985941e-01 1.34437847e+00 1.10642183e+00 -4.80722696e-01
    9.59084213e-01 8.90028715e-01 1.44677365e+00 1.18868995e+00
    1.03832150e+00 1.07187033e+00 5.24920344e-01 1.40664721e+00
    1.19406319e+00 9.59448159e-01 1.47916198e+00 9.69833732e-01
    6.08179927e-01 -8.60247612e-02 9.72144127e-01 6.67010009e-01
    1.34400594e+00 8.22969317e-01 5.70573390e-01 -2.01463699e-05
    -4.74472433e-01 4.96375144e-01 5.00732839e-01 8.99546146e-01
    1.41663265e+00 -1.17611974e-01 -3.99590671e-01 3.91896963e-02
    1.31484008e+00 8.96539152e-01 9.10075247e-01 -8.03400576e-02
    1.22513533e+00 -3.05435449e-01 1.11275935e+00 8.32184374e-01
    -2.85496563e-01 3.21947038e-01 1.28260279e+00 1.18605566e+00
    8.78945410e-01 2.52821922e-01 1.49581432e+00 3.18783998e-01
    3.58185351e-01 -1.05718404e-01 1.31975055e+00 1.43793666e+00
    -4.54414725e-01 1.24430835e-01 5.30731916e-01 9.16511416e-01
    1.25275135e+00 7.16329217e-01 -4.17218238e-01 5.75533509e-01
    -6.14128709e-02 1.31121695e+00 -1.94137484e-01 1.32658815e+00
    6.44866347e-01 9.35376167e-01 -7.09140599e-02 -1.85140938e-01
    6.85089052e-01 4.37927186e-01 7.44292617e-01 6.03297949e-02
    8.80059004e-01 2.14674294e-01 9.60105240e-01 9.54929233e-01
    1.28599572e+00 -1.14200115e-02 -8.96607637e-02 3.94868225e-01
    1.21707010e+00 1.26866996e-02 8.38196397e-01 -1.23670697e-01
    4.75428313e-01 -2.96613336e-01 -3.50786507e-01 -3.31112981e-01
    -1.09570622e-01 1.36261344e+00 -8.33935738e-02 2.41483301e-01
    2.31568605e-01 1.02187634e+00 7.22838640e-02 1.39859211e+00
    1.29213679e+00 5.64880967e-02 -7.30065703e-02 2.17068315e-01
    7.85920143e-01 1.18392539e+00 -3.30808669e-01 1.06719065e+00
    4.86731529e-04 2.60070056e-01 -1.18739307e-02 1.31283879e+00
    -1.85657948e-01 1.01083517e+00 2.21433342e-01 2.55040526e-02
    5.27052462e-01 1.27618432e+00 1.03284109e+00 1.36893821e+00
    -3.39664876e-01 -2.18626112e-01 1.05373073e+00 -4.67876792e-01
    6.26955450e-01 9.65445101e-01 -3.81995320e-01 -4.26639855e-01
    1.12884521e-01 4.96512026e-01 1.27987516e+00 3.19685102e-01
    1.38515067e+00 -2.86857814e-01 -3.36473584e-02 3.82980108e-02
    -1.96361631e-01 4.68325913e-01 -1.59812301e-01 9.91770148e-01
    9.73171830e-01 5.83825648e-01 4.73286182e-01 1.27586126e+00
    -2.90086150e-01 1.61118507e-01 1.19374645e+00 6.55507863e-01
    1.39945078e+00 6.77001476e-02 -1.95775926e-01 1.33258390e+00
    -1.82800919e-01 7.46997952e-01 -1.06867075e-01 -1.54566526e-01
    4.58194733e-01 5.32175183e-01 1.20176315e+00 -3.20272505e-01
    7.74948835e-01 -5.20707071e-02 -1.53839648e-01 3.80613029e-01
    -4.14744616e-02 1.14573717e+00 1.43313229e+00 -4.15715069e-01
    1.05872440e+00 8.16087723e-01 1.09765673e+00 9.00389314e-01
    8.78189147e-01 -8.31832886e-02 1.29037452e+00 1.40149367e+00
    -3.07829499e-01 1.27085984e+00 1.11531246e+00 8.00582170e-01
    7.38384128e-02 6.58164799e-01 1.14671910e+00 6.36806369e-01
    1.08222461e+00 1.27191818e+00 2.97687709e-01 1.17450178e+00
    3.20040822e-01 8.97018671e-01 1.02443731e+00 1.12027454e+00
    -3.87390286e-01 -4.89545643e-01 -4.23978835e-01 8.96572769e-01
    4.31284428e-01 6.64498627e-01 1.14715672e+00 5.77116609e-01</data></my_img>
<your_img type_id="opencv-matrix">
  <rows>128</rows>
  <cols>256</cols>
  <dt>f</dt>
  <data>
    8.35718870e-01 7.69952238e-01 1.63161933e+00 8.49844441e-02
    4.43183422e-01 9.52996552e-01 2.68017203e-01 1.42166245e+00
    -7.80116916e-02 1.27921283e+00 -2.25139126e-01 1.51273823e+00
    1.58636212e+00 1.38906515e+00 1.19803905e+00 4.88197118e-01
    1.62993085e+00 1.44294882e+00 -1.59970731e-01 3.14056158e-01
    9.30815578e-01 6.45151734e-01 6.89115201e-04 1.58374369e+00
    1.52078283e+00 1.33571410e+00 1.06819022e+00 1.01141179e+00
    1.09267259e+00 -9.05925483e-02 1.54735252e-01 6.76957011e-01
    1.15843379e+00 1.23059106e+00 5.89400709e-01 7.49752402e-01
    3.39459449e-01 -2.36683890e-01 1.37755251e+00 1.75864887e+00
    1.30924940e+00 1.58374214e+00 3.99188489e-01 1.13601279e+00
    1.04265451e+00 1.41740930e+00 1.43346632e+00 1.72966495e-01
    9.24192190e-01 2.83796936e-01 9.02967691e-01 3.36402327e-01
    2.94222295e-01 7.68165350e-01 6.74670219e-01 1.50080335e+00
    -3.89508270e-02 7.16822088e-01 1.64702451e+00 3.62253249e-01
    1.71985328e+00 -2.32108220e-01 1.51538622e+00 2.02804849e-01
    1.55567169e+00 5.89328222e-02 1.12141621e+00 8.48749042e-01
    7.26601779e-01 1.59658396e+00 -2.31858213e-02 -9.14072245e-02
    1.00331414e+00 1.21736884e+00 1.71205688e+00 -1.65484563e-01
    3.14213112e-02 1.50954461e+00 -4.03687507e-02 9.84017909e-01
    1.66616189e+00 9.13948566e-02 5.77616096e-01 4.56726968e-01
    1.55237246e+00 7.78663039e-01 7.00949013e-01 1.56064510e-01
    1.27861172e-01 -2.44692758e-01 5.12614071e-01 1.69926596e+00
    1.16592634e+00 1.55583173e-01 4.24127370e-01 1.06973946e+00
    9.73167419e-02 1.28585839e+00 -2.97542941e-02 6.70671403e-01
    7.68646240e-01 1.50024736e+00 1.64005518e-01 7.95551538e-01
    9.24370229e-01 1.20799029e+00 5.30940711e-01 1.04829919e+00
    1.04915805e-01 1.07187843e+00 1.27047777e+00 -3.47780213e-02
    8.23989467e-06 -2.03114033e-01 1.26479828e+00 -2.09428519e-01
    9.29489955e-02 5.08942306e-01 -5.79156019e-02 4.79368269e-01
    1.39831460e+00 6.12062991e-01 6.21684909e-01 7.94732690e-01
    9.06170189e-01 7.49283135e-01 6.33537710e-01 1.71877909e+00
    1.34379303e+00 6.68594763e-02 -1.29079474e-02 1.63698614e+00
    4.30872351e-01 5.17627716e-01 1.74829650e+00 3.38461339e-01
    7.52978384e-01 8.14275980e-01 1.05585611e+00 1.32313037e+00
    1.64163172e-01 4.48545069e-01 1.71096742e+00 2.26489007e-01
    1.38495278e+00 1.14425755e+00 4.29475993e-01 4.53462780e-01
    1.40481025e-01 4.52157587e-01 1.48757863e+00 1.07540369e+00
    2.46346414e-01 9.04209673e-01 6.47223771e-01 2.70913184e-01
    3.79628003e-01 4.40363288e-01 1.16239047e+00 1.71339905e+00
    9.16821361e-01 1.17402148e+00 -1.46781817e-01 3.08490694e-01
    1.67138433e+00 -9.10174325e-02 2.54538715e-01 1.30192053e+00
    8.14744115e-01 1.02356708e+00 3.13534021e-01 1.12212196e-01
    9.23848033e-01 1.43447518e+00 1.09183192e+00 1.65979195e+00
    4.47769791e-01 -3.32582779e-02 1.47726133e-01 -1.45069480e-01
    5.27973413e-01 1.44345534e+00 1.28210175e+00 9.35110688e-01
    -1.81480393e-01 1.51166987e+00 2.89153188e-01 5.83245635e-01
    1.70550659e-01 1.34999907e+00 8.95997405e-01 1.74318567e-01
    1.28548598e+00 -2.19674975e-01 4.06873077e-01 -3.37510705e-02
    1.02712488e+00 -1.73321888e-01 4.46371585e-01 4.79518205e-01
    -2.54730191e-02 1.53153464e-01 1.42922735e+00 1.20776081e+00
    1.23487234e-01 6.61307454e-01 5.73214650e-01 3.99100512e-01
    1.76848546e-01 8.49798620e-01 6.03867412e-01 2.04308271e-01
    1.56867945e+00 8.76106918e-01 -5.53706810e-02 1.60212076e+00
    5.56073427e-01 5.36485970e-01 4.29659128e-01 1.17278767e+00
    3.33126962e-01 9.43593085e-02 1.53179753e+00 6.52558744e-01
    1.34531832e+00 1.84012488e-01 8.28749239e-01 -2.68320799e-01
    1.55206263e+00 -1.41736478e-01 9.40599203e-01 5.14838696e-01
    1.36688149e+00 2.15298086e-01 8.52245152e-01 1.45599771e+00
    1.30167055e+00 2.33663321e-01 6.36243701e-01 -2.02697173e-01
    9.57383364e-02 -8.45017061e-02 -2.44324446e-01 1.84859768e-01
    2.71524251e-01 1.58574879e+00 3.00561458e-01 2.66374618e-01
    1.07301342e+00 1.33319843e+00 1.45901358e+00 1.65955758e+00
    1.57267427e+00 1.49909675e+00 1.83797181e+00 1.11049461e+00
    1.79915965e+00 1.58604312e+00 1.25847471e+00 8.02353024e-01
    1.42839491e+00 6.77217245e-02 1.03632522e+00 1.51710555e-01
    7.16139793e-01 5.56730330e-01 6.19108319e-01 1.28295922e+00
    8.51948798e-01 1.72687992e-01 1.57820880e+00 1.42747438e+00
    8.53755891e-01 5.19859552e-01 9.72083151e-01 8.74126494e-01
    1.10917829e-01 3.39784145e-01 8.97526681e-01 1.75076023e-01
    8.54218960e-01 1.67267442e+00 1.24737644e+00 1.59300745e+00
    1.01174664e+00 9.50075328e-01 1.19282973e+00 1.62952089e+00
    9.74682570e-01 -3.22705992e-02 1.07976198e+00 1.25854909e+00
    5.94277680e-01 -1.81111649e-01 -1.87918603e-01 5.10944799e-02
    -1.19986936e-01 1.32474899e+00 5.35185158e-01 5.07611871e-01
    4.88727331e-01 1.41786432e+00 -6.59311041e-02 1.24137604e+00
    2.52646953e-01 1.53077400e+00 1.20413768e+00 7.16841042e-01
    5.58704317e-01 3.46509308e-01 5.43856382e-01 4.99431580e-01
    1.02631354e+00 5.09883463e-01 9.32010233e-01 -2.79001176e-01
    -2.54802525e-01 1.32537758e+00 1.44440138e+00 7.80647993e-01
    5.04421711e-01 2.00443134e-01 1.24625027e+00 5.43051779e-01
    9.60601747e-01 -2.10432053e-01 3.76363277e-01 1.38193473e-01
    4.93687510e-01 1.00242972e+00 4.34094876e-01 -7.37844929e-02
    1.20121670e+00 7.07165897e-01 1.16161537e+00 1.05589461e+00
    8.31861377e-01 1.02344550e-01 1.16149771e+00 2.91172832e-01
    8.35662484e-01 5.98187111e-02 1.71336877e+00 4.31709826e-01
    1.44722676e+00 -2.36646473e-01 5.51807702e-01 1.46688771e+00
    4.98423368e-01 -1.39638230e-01 7.92008340e-01 9.01910126e-01
    1.13586080e+00 1.23267126e+00 1.49156713e+00 1.46444857e+00
    6.01773202e-01 4.06186551e-01 1.62309337e+00 3.68290961e-01
    1.46015918e+00 8.63420129e-01 1.62456048e+00 1.42031920e+00
    1.66120648e+00 8.93574357e-01 7.56954312e-01 4.63761747e-01
    1.39725888e+00 1.35265923e+00 1.59851360e+00 4.67366546e-01
    -1.15989514e-01 -5.47403246e-02 8.21339309e-01 1.21159923e+00
    6.25875890e-01 3.37295860e-01 1.51917422e+00 -1.44384101e-01
    1.22779930e+00 1.20791113e+00 2.85778850e-01 1.28746498e+00
    7.14171290e-01 1.01443231e+00 4.66468990e-01 4.39800292e-01
    1.38309216e+00 3.51006985e-01 1.20536578e+00 -1.21639473e-02
    1.68049109e+00 6.37025237e-01 2.26819083e-01 8.28242719e-01
    2.49135196e-01 1.50003719e+00 1.20735049e+00 6.65718257e-01
    4.69121158e-01 1.52561224e+00 3.17961782e-01 5.12675881e-01
    1.53111291e+00 1.21728742e+00 -2.83178017e-02 5.82949102e-01
    1.46536291e+00 1.38709688e+00 8.67805123e-01 7.77276516e-01
    1.63452280e+00 -2.03156322e-01 9.57955778e-01 2.85610288e-01
    4.85832423e-01 3.28390777e-01 -1.37768179e-01 8.62284064e-01
    1.01346982e+00 4.95815575e-01 1.61522627e+00 7.81214952e-01
    1.04258692e+00 4.42905068e-01 1.69342649e+00 1.14158833e+00
    2.27880254e-02 -2.25792289e-01 4.76876795e-01 1.47415245e+00
    3.80524457e-01 8.34065259e-01 1.28341436e+00 1.04684007e+00
    1.02825892e+00 -2.06819624e-01 7.97625706e-02 1.22546470e+00
    5.15996031e-02 6.93108022e-01 1.71167052e+00 7.05903053e-01
    3.05180430e-01 1.01469085e-01 1.07855201e+00 8.65601480e-01
    5.21059074e-02 1.22778118e+00 9.90465224e-01 8.00549984e-01
    1.43973482e+00 1.43417072e+00 6.04312360e-01 1.18521857e+00
    1.53311479e+00 9.51637235e-03 1.18112588e+00 8.87534678e-01
    1.25144804e+00 -1.13283716e-01 -1.52897701e-01 1.68739295e+00
    9.28322077e-02 1.02352691e+00 6.34440124e-01 1.68514383e+00
    -1.93395540e-01 9.46021140e-01 -2.02884749e-01 1.24174047e+00
    1.61409819e+00 6.06761754e-01 9.75938022e-01 1.30382359e+00
    1.48042190e+00 1.41160667e-01 1.68014395e+00 9.85800266e-01
    1.59447253e+00 1.40774381e+00 3.54256421e-01 1.25436413e+00
    4.95067611e-02 9.67101038e-01 5.70174575e-01 9.70186815e-02
    3.08056056e-01 3.43661636e-01 -6.58080578e-02 1.02027190e+00
    1.65229046e+00 -2.31869474e-01 3.68438989e-01 8.55066001e-01
    1.63413942e+00 -2.04827487e-01 1.51485455e+00 8.86875242e-02
    6.07153714e-01 1.68635273e+00 1.04969645e+00 6.69704080e-01
    1.12943602e+00 1.21230650e+00 8.60451981e-02 4.82878953e-01
    4.04465795e-01 8.85089278e-01 1.28222549e+00 -1.11951664e-01
    4.03949916e-01 -1.65308207e-01 8.97485539e-02 4.46054339e-01
    -3.54435816e-02 4.01963621e-01 -9.42080840e-02 9.84514356e-01
    1.27339900e+00 2.55357683e-01 1.48892432e-01 1.24883783e+00
    1.36098659e+00 1.40120268e+00 3.92453708e-02 1.59061110e+00
    3.75142753e-01 3.44927311e-01 1.41116691e+00 1.64178884e+00
    4.44280028e-01 1.51016545e+00 1.51208854e+00 1.58133268e+00
    8.57090533e-01 2.52767593e-01 5.91268063e-01 6.22054458e-01
    1.12559533e+00 1.39644611e+00 -1.45581260e-01 1.03069055e+00
    7.27468669e-01 3.96728039e-01 -4.25472576e-03 5.77775002e-01
    3.84113014e-01 -3.76434810e-02 1.40181363e+00 4.94463265e-01
    6.06143951e-01 5.87054417e-02 1.09914780e+00 4.24679309e-01
    -9.11517814e-02 1.38016492e-01 1.03361809e+00 1.52943122e+00
    -1.12674115e-02 1.54949678e-02 1.12840402e+00 2.34779432e-01
    -1.68240964e-01 1.74126580e-01 1.68122172e+00 4.36125368e-01
    1.18999553e+00 8.91011953e-01 1.00369143e+00 1.18229663e+00
    7.78146148e-01 5.35644293e-01 8.77600193e-01 1.65320233e-01
    -2.20705912e-01 9.56789672e-01 4.90724705e-02 3.85042995e-01
    7.56060302e-01 -1.06817856e-01 1.16235077e+00 9.51462746e-01
    2.81248003e-01 3.69256616e-01 4.93722975e-01 6.14717603e-01
    5.86588323e-01 7.16047406e-01 1.17102659e+00 1.28597713e+00
    -1.61967292e-01 5.08477688e-01 1.57328784e+00 -2.93168098e-01
    4.82400119e-01 4.46250111e-01 -1.79413781e-01 3.24125350e-01
    7.10346997e-01 8.30376029e-01 -1.27217710e-01 1.38109088e+00
    1.57028651e+00 9.54314232e-01 8.14014971e-01 1.15708745e+00
    1.26002276e+00 -2.82262295e-01 4.18937862e-01 6.03264153e-01
    6.09439075e-01 6.48786724e-01 5.93983531e-01 4.97267216e-01
    5.21764576e-01 -1.49883375e-01 1.12319982e+00 7.37852871e-01
    5.38168788e-01 -2.08300531e-01 9.00512934e-02 1.70313859e+00
    1.30935478e+00 6.69222549e-02 1.02904487e+00 6.92443326e-02
    1.81242421e-01 6.84250891e-02 4.82100517e-01 1.49072254e+00
    1.68394923e+00 8.18186760e-01 1.21810937e+00 8.30007970e-01
    1.18891001e+00 1.06710565e+00 1.16318238e+00 -5.83599210e-02
    -9.69048217e-02 9.50854182e-01 7.81976342e-01 1.67564440e+00
    6.64994717e-01 -1.45941563e-02 3.11563939e-01 3.35574239e-01
    1.13579296e-01 1.28711760e+00 1.03826547e+00 1.07457328e+00
    1.50081205e+00 8.12394559e-01 1.02450109e+00 7.22872376e-01
    2.71578729e-01 4.68642026e-01 1.41433859e+00 -1.32180840e-01
    1.04757917e+00 1.01070154e+00 1.06364918e+00 1.30318713e+00
    3.14319253e-01 1.01516448e-01 5.26230156e-01 1.63476396e+00
    5.55346370e-01 3.67926121e-01 1.01735401e+00 1.20803249e+00
    1.47480679e+00 1.12823367e+00 4.36923474e-01 7.61507928e-01
    5.28306998e-02 6.91321313e-01 4.13761556e-01 1.06777346e+00
    9.27117169e-01 7.15283692e-01 8.06502283e-01 1.25888288e+00
    1.68277109e+00 2.32360959e-02 6.27293050e-01 8.30220878e-01
    -3.29455703e-01 -3.08798291e-02 1.67747283e+00 8.19811523e-01
    1.99775040e-01 4.00018334e-01 7.37573981e-01 6.12442017e-01
    1.10871887e+00 7.25530386e-01 1.78588226e-01 1.67155635e+00
    1.13765740e+00 1.56336296e+00 7.79540390e-02 1.01728821e+00
    8.41567576e-01 1.06145346e+00 9.76271927e-01 7.19082132e-02
    4.85579520e-01 -1.09783806e-01 3.62884223e-01 -2.28840917e-01
    1.10784784e-01 1.89165518e-01 1.24044502e+00 -1.08539708e-01
    1.23512936e+00 8.50291431e-01 2.05188319e-01 6.29964054e-01
    1.37864649e+00 -2.76574701e-01 1.08806312e+00 3.75515789e-01
    1.02634525e+00 1.28374183e+00 -1.76124081e-01 6.14060402e-01
    9.50702369e-01 6.29689455e-01 2.89437175e-01 5.65234959e-01
    1.53847373e+00 8.62402022e-01 3.82830441e-01 8.17975938e-01
    5.95232129e-01 1.24377859e+00 1.22862804e+00 1.75973430e-01
    1.50604606e+00 5.61788261e-01 -2.90438682e-01 1.02873123e+00
    3.56284380e-01 7.06538439e-01 1.42987180e+00 6.47182167e-01
    1.50223827e+00 1.58094430e+00 1.10092568e+00 3.30631763e-01
    9.41474736e-01 8.96006703e-01 5.34171581e-01 1.31853485e+00
    7.32087970e-01 1.55318844e+00 1.03896236e+00 2.93486118e-01
    2.20654845e-01 -1.69681475e-01 1.14963800e-01 6.63595796e-01
    7.31063843e-01 1.60024488e+00 1.41632152e+00 6.77267909e-01
    1.30359530e+00 -1.22991174e-01 6.78325534e-01 5.71852505e-01
    1.72164953e+00 1.03748167e+00 1.41235125e+00 2.09670156e-01
    1.21172166e+00 3.21914852e-01 1.28681827e+00 1.03133380e+00
    2.16570385e-02 7.17170417e-01 1.27220821e+00 1.50894761e+00
    1.10218100e-01 1.45094931e+00 -1.88535929e-01 9.82157230e-01
    -3.13184440e-01 1.15588737e+00 -2.33746365e-01 6.79420114e-01
    2.72146732e-01 -2.28554811e-02 1.61124960e-01 9.89870906e-01
    1.19669127e+00 7.90979445e-01 8.40349853e-01 1.07786334e+00
    1.33734775e+00 5.20697057e-01 1.41561162e+00 -2.88687199e-02
    5.27288392e-02 1.49943924e+00 8.93194318e-01 -1.47973999e-01
    1.03960598e+00 2.38320723e-01 5.63842475e-01 1.52960873e+00
    6.60394728e-01 1.07069099e+00 6.44735634e-01 -1.18097514e-01
    1.13594007e+00 -2.88770162e-02 -3.05883139e-01 4.94632810e-01
    1.36623967e+00 1.28729427e+00 3.00386667e-01 8.24965596e-01
    8.04787949e-02 4.48370367e-01 -2.22922303e-02 -9.22502950e-02
    1.13206780e+00 8.63696411e-02 1.11387217e+00 1.23462403e+00
    -1.89804345e-01 1.58130538e+00 1.20724905e+00 2.13495523e-01
    5.24994254e-01 7.25228608e-01 5.20100832e-01 7.54272759e-01
    3.06640044e-02 -2.77334511e-01 1.05072200e+00 -3.11615527e-01
    1.21009481e+00 1.44826460e+00 3.66249502e-01 6.48880720e-01
    1.46729720e+00 2.45447785e-01 6.57010078e-01 2.03156516e-01
    1.12981951e+00 -1.96588174e-01 8.15791309e-01 4.66772079e-01
    1.93429217e-01 7.28423834e-01 4.12130564e-01 1.10362113e+00
    1.23257458e+00 1.22452390e+00 1.34106660e+00 1.28479695e+00
    7.46913910e-01 -1.00900941e-02 1.65462005e+00 1.57872510e+00
    -2.30223369e-02 8.21848139e-02 1.04833245e+00 9.61635292e-01
    1.06516314e+00 -2.08975017e-01 6.37081683e-01 1.31278491e+00
    1.29767165e-01 1.30383857e-02 7.58433819e-01 -2.79275477e-01
    7.02605546e-01 8.29732239e-01 1.21438599e+00 7.05947518e-01
    8.06523442e-01 9.72627521e-01 1.26356447e+00 8.46542835e-01
    4.30317104e-01 5.80082973e-03 1.43970942e+00 6.68559790e-01
    1.16439390e+00 -3.09231989e-02 6.33498669e-01 5.69502592e-01
    9.02433395e-01 9.49060321e-01 9.14401472e-01 3.75296205e-01
    1.60396719e+00 1.47601974e+00 -2.55179852e-01 9.77859378e-01
    -6.69628978e-02 8.62345695e-01 -2.43693590e-02 -2.59199236e-02
    1.39046741e+00 5.09910643e-01 3.50197256e-02 1.06190240e+00
    1.13263518e-01 4.71078873e-01 1.28476501e+00 1.13077164e+00
    1.55194235e+00 2.05798849e-01 1.01817417e+00 1.09232616e+00
    -1.62567720e-01 1.41683543e+00 1.58824193e+00 -3.40118825e-01
    2.26753473e-01 -2.97859013e-01 9.48427916e-01 9.48544919e-01
    6.50792301e-01 1.49555266e+00 9.90606606e-01 1.50051725e+00
    1.31134152e+00 -2.57319748e-01 6.72010258e-02 1.39833903e+00
    1.31658363e+00 9.38017070e-01 1.62416840e+00 7.84018040e-01
    8.74662161e-01 9.91140485e-01 3.54812831e-01 3.09956849e-01
    1.43117058e+00 6.37234628e-01 1.41134775e+00 8.45524818e-02
    5.47695577e-01 1.52132440e+00 1.27008414e+00 5.45518756e-01
    2.37516761e-01 3.71432632e-01 -4.34299558e-02 4.70174849e-01
    2.65978128e-01 5.82098782e-01 2.68631458e-01 6.09765112e-01
    1.48390341e+00 -8.20970833e-02 4.99364614e-01 6.57245934e-01
    4.37843531e-01 1.59154907e-01 -1.69913158e-01 1.46311224e+00
    2.31883883e-01 1.08190680e+00 9.94565666e-01 6.49262309e-01
    3.98313761e-01 1.28676426e+00 1.62509906e+00 1.46090329e+00
    1.37965453e+00 2.37378940e-01 1.27699479e-01 1.60478461e+00
    -1.87619761e-01 -3.03488225e-01 1.30544901e+00 -1.73100337e-01
    2.54313350e-01 6.44193232e-01 7.80198634e-01 -6.53997213e-02
    -1.95069671e-01 1.84071258e-01 1.16846502e-01 1.53677309e+00
    3.64785522e-01 1.47458839e+00 1.19100463e+00 1.51281011e+00
    1.16557610e+00 -3.61391425e-01 1.20328069e+00 1.17656016e+00
    2.18799159e-01 4.67567779e-02 -5.52104861e-02 -2.43039593e-01
    6.60177290e-01 5.00539064e-01 1.02518785e+00 -6.13136366e-02
    -1.13596097e-01 1.39047468e+00 6.71768844e-01 8.74949336e-01
    1.02678561e+00 5.22375405e-01 1.28543425e+00 -1.23227827e-01
    -3.26365083e-02 1.26965189e+00 1.22410107e+00 -1.75893322e-01
    6.29713535e-01 1.08560421e-01 3.75376374e-01 1.61393034e+00
    6.84628665e-01 2.38999739e-01 8.77234876e-01 1.89426616e-01
    2.01657951e-01 -1.11593924e-01 2.34114096e-01 6.17366850e-01
    1.60898912e+00 1.21508491e+00 1.15278411e+00 1.45568013e+00
    3.34471524e-01 1.47736907e+00 1.18914080e+00 1.55774605e+00
    9.83428881e-02 4.41522419e-01 1.63087800e-01 5.42960882e-01
    7.71921754e-01 9.75482523e-01 1.18561852e+00 -5.79251349e-02
    -2.14917101e-02 1.06813133e+00 -1.22031592e-01 1.35106719e+00
    1.27076888e+00 -1.87433258e-01 -1.40406489e-01 9.55618083e-01
    1.13593304e+00 2.17497032e-02 5.86246133e-01 7.80224800e-01
    1.55801368e+00 8.46697211e-01 -3.10673505e-01 -1.99579552e-01
    1.41326642e+00 2.45637849e-01 1.31155503e+00 8.41388881e-01
    2.08422080e-01 1.51618111e+00 9.39925909e-01 1.33314562e+00
    1.51142287e+00 6.24679744e-01 5.88097811e-01 4.26622421e-01
    4.74929214e-01 -1.33197950e-02 2.76338995e-01 7.61835098e-01
    9.56619740e-01 7.43826568e-01 1.25803876e+00 -3.41432005e-01
    1.27779496e+00 1.17169702e+00 1.03883100e+00 9.35571641e-02
    3.64946797e-02 -3.26192349e-01 6.49970353e-01 2.55340278e-01
    5.16972423e-01 8.84116411e-01 -2.95779675e-01 9.81777430e-01
    9.40870717e-02 5.96206188e-01 1.02383006e+00 1.56820610e-01
    -1.61565825e-01 -1.50658682e-01 6.96548879e-01 -4.54282872e-02
    -1.49034336e-01 1.28557992e+00 1.36214897e-01 -1.06693543e-01
    3.06449682e-01 2.82567628e-02 4.33658570e-01 1.50297824e-02
    9.40361321e-01 9.77389991e-01 1.45117784e+00 5.69913745e-01
    4.24636394e-01 -2.34459355e-01 1.00335371e+00 3.81648362e-01
    1.02222286e-01 1.54622078e+00 1.00327158e+00 9.27448645e-02
    -3.20122913e-02 4.46849406e-01 -1.66620776e-01 3.11833143e-01
    3.93859595e-01 5.84194779e-01 1.59962952e+00 -1.45408260e-02
    1.15732431e+00 5.78891695e-01 -2.68184930e-01 6.38658524e-01
    -2.56708622e-01 3.71997476e-01 -4.24484871e-02 3.41111600e-01
    1.41767395e+00 1.54212213e+00 -1.91173300e-01 8.90572011e-01
    4.15956765e-01 1.25571728e+00 1.52061725e+00 9.13954556e-01
    -3.05636197e-01 -1.18620284e-01 -6.26731887e-02 -1.73487246e-01
    1.23893893e+00 7.47914135e-01 -1.55195802e-01 1.32564008e-01
    -3.32066089e-01 6.37109280e-01 1.68766946e-01 -7.81047866e-02
    4.54974473e-01 4.46661651e-01 -3.04143608e-01 4.37473565e-01
    1.22321904e+00 6.58405840e-01 1.22617610e-01 8.15867722e-01
    1.11527097e+00 1.06622243e+00 1.16143477e+00 1.89087376e-01
    -1.55216932e-01 1.25077009e+00 8.69089961e-01 -1.74297392e-01
    1.07642937e+00 -3.64768773e-01 3.50664824e-01 9.42000687e-01
    -3.63966078e-01 1.00753736e+00 2.50103951e-01 -4.25193198e-02
    -8.78208801e-02 -5.04625365e-02 1.00123429e+00 1.16947079e+00
    8.28806400e-01 7.03988373e-01 7.31858850e-01 1.49548984e+00
    1.05424486e-01 1.48970675e+00 1.09419778e-01 -3.42094392e-01
    1.39649913e-01 1.60034072e+00 -1.16598889e-01 1.44252002e+00
    3.02560210e-01 6.44636989e-01 1.28155971e+00 1.56187749e+00
    3.91414762e-01 1.47644496e+00 1.08602011e+00 4.70866770e-01
    1.14855729e-01 1.16870630e+00 9.16309655e-01 -1.41543359e-01
    1.04872561e+00 -3.23345900e-01 1.34494871e-01 9.71987486e-01
    1.17197669e+00 4.62212682e-01 4.22703654e-01 -2.14840025e-01
    2.25783288e-01 9.77312148e-01 1.55721605e+00 9.53357518e-01
    -4.96868938e-02 1.62398443e-01 1.26357269e+00 1.57110763e+00
    -1.32279694e-01 1.62338209e+00 3.73465389e-01 1.09379403e-01
    1.12505114e+00 1.25203025e+00 4.41016585e-01 9.08634603e-01
    8.63168836e-01 7.24622071e-01 1.41687703e+00 1.13653898e+00
    9.63454485e-01 3.76483519e-03 1.60274923e+00 -8.44115615e-02
    4.33872610e-01 1.20254672e+00 3.20723444e-01 9.08295035e-01
    3.40137631e-01 1.20105255e+00 1.40500128e+00 5.56909442e-01
    1.30112290e+00 2.43584104e-02 1.12490726e+00 1.59507883e+00
    6.29940629e-01 2.91736215e-01 5.18223643e-01 -3.18020523e-01
    -2.58677572e-01 -2.28989534e-02 2.71475557e-02 -5.05418777e-02
    1.60130692e+00 -2.50605762e-01 1.16301799e+00 -1.56335473e-01
    4.31826741e-01 1.23887658e+00 9.23146009e-01 -3.45873147e-01
    3.89726311e-01 2.69478023e-01 1.34744072e+00 -1.02867916e-01
    1.35370874e+00 3.64924908e-01 1.65896499e+00 1.66581535e+00
    4.35356289e-01 9.95868683e-01 1.12758064e+00 8.02561760e-01
    1.56041884e+00 3.92896801e-01 1.30359009e-01 1.41968325e-01
    8.92426729e-01 8.83602083e-01 -3.80879432e-01 2.72920161e-01
    5.89179918e-02 1.39798832e+00 3.16391498e-01 1.36943233e+00
    2.44690031e-02 1.27510822e+00 8.73336554e-01 1.79642513e-01
    1.41544199e+00 -1.20594122e-01 1.07075945e-01 8.07520270e-01
    9.91365492e-01 -3.15947831e-01 1.55572891e+00 1.45345557e+00
    -9.86632183e-02 3.47777724e-01 6.05660193e-02 1.03896037e-01
    -3.17871362e-01 5.54143727e-01 -2.79948562e-01 -2.59511136e-02
    7.79421208e-03 3.01385652e-02 6.44915700e-01 -2.02556089e-01
    -4.97002229e-02 -1.42600983e-01 7.48677433e-01 5.13641723e-02
    1.57112300e+00 -2.57811755e-01 5.83598137e-01 -3.43699366e-01
    -1.65940464e-01 1.50549150e+00 3.25912327e-01 -3.07954848e-01
    5.18488050e-01 8.63670051e-01 -1.86885536e-01 -7.49655589e-02
    4.02454108e-01 1.02282202e+00 3.56199026e-01 1.13588102e-01
    -9.89679471e-02 1.58984077e+00 1.47994280e+00 -1.56817794e-01
    5.67214012e-01 1.59345496e+00 1.17373741e+00 5.59698164e-01
    4.70630676e-01 2.30599433e-01 7.57492959e-01 1.27957964e+00
    1.16051733e+00 1.16184369e-01 9.77499545e-01 1.07879758e+00
    1.59454036e+00 -1.68068260e-01 2.29416445e-01 9.87093627e-01
    -2.70821154e-01 2.21690714e-01 2.39569783e-01 1.35585344e+00
    4.53486979e-01 1.29819691e+00 1.16954494e+00 -6.87684566e-02
    -1.88144892e-01 -2.72584110e-01 1.55698979e+00 -1.56396721e-03
    6.48287117e-01 1.36720747e-01 1.33088231e+00 1.00183856e+00
    9.65078056e-01 1.48006368e+00 3.93059015e-01 -2.90121650e-03
    6.84810877e-01 -3.75336826e-01 1.92187324e-01 9.14957345e-01
    3.82383436e-01 1.19806290e+00 4.17008549e-01 1.82010725e-01
    1.18216598e+00 -1.86848432e-01 -3.22305739e-01 5.03686249e-01
    1.02501023e+00 -3.25511903e-01 7.87215829e-01 1.25758365e-01
    4.48860109e-01 6.74084723e-01 6.76173925e-01 5.39790094e-01
    8.34201336e-01 8.71356368e-01 7.42591679e-01 1.52314079e+00
    4.25896913e-01 1.00975895e+00 7.54779577e-01 6.32219732e-01
    5.41066587e-01 1.59834611e+00 1.04195356e-01 4.51978683e-01
    1.40233472e-01 6.40774786e-01 1.03411663e+00 -7.70918606e-03
    -3.59551638e-01 4.83173206e-02 5.04243553e-01 -3.30722392e-01
    1.05684686e+00 9.70799744e-01 6.10797167e-01 1.40279442e-01
    -3.20020050e-01 1.25211835e+00 1.05790591e+00 -3.60573381e-01
    1.00494683e+00 2.98534870e-01 8.18349481e-01 3.79307896e-01
    5.11827469e-01 1.65569276e-01 1.16485679e+00 9.44104612e-01
    9.87500429e-01 -2.00102143e-02 8.11290801e-01 4.92217124e-01
    7.91553736e-01 1.25420797e+00 1.16485037e-01 1.26475319e-01
    7.21372664e-01 1.44555950e+00 9.93446946e-01 1.11576438e+00
    3.03830169e-02 1.11366248e+00 1.47471321e+00 7.45919168e-01
    1.14990938e-02 1.17035639e+00 3.64890605e-01 -8.31319690e-02
    6.81282699e-01 -6.61872188e-03 6.97899938e-01 8.14867914e-01
    7.12607205e-01 1.41420579e+00 1.16639996e+00 1.53540301e+00
    8.02076519e-01 1.42035210e+00 -3.47940177e-01 -1.73649713e-01
    7.83831179e-01 4.58797365e-01 4.66816634e-01 1.67415321e-01
    7.01540336e-03 3.54118615e-01 1.22100377e+00 2.81817555e-01
    9.83337104e-01 -1.74922556e-01 4.49858576e-01 1.32681942e+00
    7.18888462e-01 9.80389774e-01 1.55767488e+00 -1.78216204e-01
    2.14148670e-01 3.16875696e-01 1.31843424e+00 1.34802175e+00
    8.58639002e-01 1.84468791e-01 3.88270944e-01 3.87513399e-01
    3.66449714e-01 8.38526309e-01 -3.16539764e-01 1.55418620e-01
    1.34671247e+00 5.81076443e-01 -2.43350834e-01 4.66550350e-01
    -8.05287529e-03 8.67744029e-01 5.79019010e-01 9.12208855e-01
    1.95225239e-01 1.37289715e+00 1.18226850e+00 5.61112240e-02
    6.11745238e-01 1.68799743e-01 1.29518461e+00 6.47991538e-01
    1.26755643e+00 1.47136116e+00 -1.25806658e-02 1.23425388e+00
    1.06052244e+00 8.06218386e-01 1.11242127e+00 1.29670060e+00
    1.74638972e-01 1.06243956e+00 7.04830706e-01 8.51054430e-01
    4.42199320e-01 1.13765037e+00 -1.02303021e-01 3.84726286e-01
    1.28387916e+00 1.04060447e+00 3.51751268e-01 1.39279425e+00
    2.09239330e-02 3.75685453e-01 3.45370144e-01 1.56673777e+00
    1.40962923e+00 3.77108872e-01 8.12290490e-01 1.34727979e+00
    -1.84515312e-01 1.09443188e+00 7.67023861e-01 -3.04492861e-01
    9.45613623e-01 1.29834667e-01 5.25225639e-01 1.38385761e+00
    2.06513464e-01 4.11641926e-01 1.06808054e+00 -4.41607237e-01
    1.24906158e+00 3.25198323e-01 8.39821175e-02 9.35367107e-01
    1.29005396e+00 3.66499156e-01 8.36856782e-01 6.98996931e-02
    1.32138085e+00 6.75791740e-01 9.62677598e-01 1.05887043e+00
    1.56308126e+00 -2.69987166e-01 -7.85606951e-02 -2.72490591e-01
    3.52070093e-01 1.19715345e+00 9.88520741e-01 6.44908428e-01
    1.35586709e-02 1.54072434e-01 9.47672784e-01 -6.50466233e-02
    1.08412671e+00 -4.22720879e-01 9.26381648e-02 1.30636168e+00
    -1.43058240e-01 8.77467394e-01 1.53125179e+00 8.53417218e-01
    1.40357935e+00 1.26807880e+00 7.83609211e-01 7.74318993e-01
    -6.58366084e-02 1.54674709e+00 1.07093573e+00 -1.46133065e-01
    1.40227914e+00 1.51697469e+00 7.02662691e-02 3.67262602e-01
    1.60449529e+00 2.13987865e-02 3.61531109e-01 5.98827302e-01
    1.07827735e+00 1.58847594e+00 1.12217641e+00 1.30637145e+00
    1.24012733e+00 1.39124155e+00 5.52983761e-01 1.40814900e+00
    4.13214713e-01 1.25965762e+00 1.29342592e+00 8.38727411e-03
    5.86435020e-01 6.00899100e-01 1.32871234e+00 2.24640369e-01
    1.00691473e+00 1.50079989e+00 1.91805214e-01 1.53369319e+00
    1.50686514e+00 3.02226663e-01 1.04183400e+00 -2.32651457e-01
    1.10525560e+00 1.08145678e+00 1.16275418e+00 1.33792782e+00
    6.27989113e-01 6.24823511e-01 -2.06414491e-01 5.34322262e-01
    6.62213147e-01 1.04121900e+00 9.73987579e-02 5.96334875e-01
    6.78413630e-01 1.04926455e+00 6.29761070e-02 3.77532035e-01
    1.46405876e+00 1.05365169e+00 -3.30137819e-01 1.07729137e+00
    1.33776116e+00 7.64201760e-01 1.82311133e-01 2.30041847e-01
    1.58927456e-01 -2.25030214e-01 2.10811451e-01 -2.54789412e-01
    -1.66351110e-01 8.77982304e-02 1.25684464e+00 -2.82150134e-02
    -3.85429114e-02 6.80844963e-01 1.21135604e+00 1.34030926e+00
    8.27609181e-01 -1.99810743e-01 3.32315922e-01 7.93097436e-01
    1.34875071e+00 -3.49281579e-01 1.37059009e+00 2.18083754e-01
    -2.54001200e-01 2.53657639e-01 -2.44538382e-01 6.28199756e-01
    -2.19449595e-01 -3.65877151e-01 4.40340936e-01 4.74143922e-02
    6.26753509e-01 -2.07806990e-01 -1.98188588e-01 7.44787335e-01
    5.37854612e-01 -3.08152512e-02 1.40151131e+00 -3.73064160e-01
    1.26839805e+00 7.83707082e-01 1.32329702e+00 1.44748414e+00
    7.68451154e-01 -3.20817947e-01 1.09298217e+00 -3.30397248e-01
    6.42187059e-01 8.91587377e-01 6.19734824e-01 6.49214387e-01
    -2.08642840e-01 9.07403946e-01 1.35831761e+00 7.23073840e-01
    4.06024992e-01 8.65162849e-01 -3.94140065e-01 -3.48170340e-01
    5.75622797e-01 -2.16000408e-01 4.64734882e-01 3.81417841e-01
    -8.27048197e-02 -3.96678686e-01 8.29814851e-01 8.49712417e-02
    1.01224196e+00 1.30489802e+00 8.38264942e-01 -1.92881539e-01
    1.01052441e-01 3.46622378e-01 9.23974335e-01 9.45088446e-01
    8.96332920e-01 2.04214990e-01 1.53260279e+00 1.16064429e+00
    2.28750333e-01 2.14812517e-01 -3.56291175e-01 -7.62550309e-02
    4.49970737e-02 5.99022210e-01 1.28015852e+00 9.54406798e-01
    -3.85051183e-02 8.41772258e-01 5.51595628e-01 1.40726662e+00
    4.45528626e-01 7.16208816e-01 2.99816817e-01 8.34907949e-01
    1.10436365e-01 -2.28734091e-01 1.31096327e+00 -3.35110158e-01
    1.18261576e+00 1.21190524e+00 7.95354307e-01 3.63579869e-01
    1.18432128e+00 -2.30327785e-01 1.02866173e+00 4.74665701e-01
    -2.49095768e-01 7.68341124e-01 5.78308225e-01 5.57391830e-02
    1.48454463e+00 -4.90498319e-02 1.57787085e+00 1.00157857e+00
    1.53966425e-02 1.41416335e+00 1.20997421e-01 6.56051397e-01
    1.23876607e+00 3.28047216e-01 -1.14991255e-01 5.33190846e-01
    -6.03476586e-03 1.53730619e+00 -1.77055910e-01 6.45762682e-01
    5.93929112e-01 1.00981367e+00 -1.49482787e-01 7.91504383e-01
    7.04192102e-01 9.98055995e-01 2.16983650e-02 9.50710952e-01
    8.10871661e-01 1.50202489e+00 1.17122328e+00 8.54566634e-01
    7.05418348e-01 -1.38286278e-01 8.00048470e-01 4.26399149e-02
    5.98604441e-01 1.62339532e+00 1.35292456e-01 4.84567702e-01
    9.09551799e-01 1.71940923e+00 3.21353763e-01 1.45056105e+00
    1.42465591e+00 4.37017351e-01 1.17664528e+00 9.04750645e-01
    -2.23570600e-01 -1.47070497e-01 2.89373249e-01 1.41869712e+00
    -3.58466208e-01 8.02797377e-02 1.20416999e+00 7.44721472e-01
    -4.72233981e-01 -3.16276371e-01 5.92726767e-01 2.19974946e-02
    6.53704703e-01 9.54747617e-01 5.02250254e-01 1.34865034e+00
    1.34326589e+00 -2.06622511e-01 -7.05118775e-02 -3.83630693e-01
    1.50470138e-01 4.03085321e-01 -2.02893555e-01 2.56718487e-01
    -2.82785624e-01 1.26266256e-01 6.01717412e-01 -2.41201460e-01
    2.01928407e-01 3.98597211e-01 2.55794853e-01 -9.97140110e-02
    -2.92222410e-01 7.97189593e-01 1.48650026e+00 1.40583575e+00
    7.08766937e-01 3.03439051e-01 7.73929596e-01 7.61937350e-02
    1.64138794e-01 3.15173447e-01 7.35656857e-01 1.33314061e+00
    4.09011304e-01 1.31714284e+00 1.03999817e+00 3.49818766e-02
    1.43500400e+00 1.25154042e+00 -2.50244349e-01 1.78260058e-01
    4.99667674e-01 1.38273156e+00 1.56995726e+00 1.57117043e-02
    1.09517872e+00 -4.28946227e-01 8.22034717e-01 -2.97365069e-01
    1.01475620e+00 1.12274778e+00 9.39217746e-01 1.04602575e+00
    -5.73684881e-03 8.77905730e-03 4.87013012e-02 1.33569634e+00
    -2.84165859e-01 9.17037651e-02 1.07609224e+00 8.13898504e-01
    1.46373916e+00 -1.12031884e-01 -3.31958234e-01 -9.47811976e-02
    8.48159730e-01 1.49802542e+00 1.01799297e+00 1.37590635e+00
    1.53673911e+00 -3.60483378e-01 -4.10779640e-02 1.07838833e+00
    -4.08852935e-01 1.20025456e+00 -4.33470339e-01 9.52383101e-01
    4.16365623e-01 1.51559424e+00 4.32056546e-01 7.97414303e-01
    -1.72759595e-04 1.09068942e+00 1.16583180e+00 -2.23676056e-01
    -1.22843385e-01 4.25304383e-01 3.02768588e-01 2.48885199e-01
    -3.06434840e-01 4.81723398e-01 3.67817640e-01 1.76394165e-01
    7.95025945e-01 9.96728301e-01 6.88251734e-01 9.10107911e-01
    1.68786913e-01 -2.04158857e-01 1.33289850e+00 7.38857150e-01
    4.27763849e-01 7.00560749e-01 6.28599524e-01 8.86249065e-01
    1.26703882e+00 4.13210243e-01 -2.59273410e-01 1.02075911e+00
    -1.04311956e-02 1.10470295e+00 -1.47572070e-01 -1.39013221e-02
    6.49076879e-01 4.61048216e-01 -2.64181662e-03 1.04865134e+00
    -2.77973935e-02 3.14026594e-01 -2.47221105e-02 5.35625815e-01
    3.22415233e-01 -3.67612541e-01 1.08669333e-01 -3.67532700e-01
    3.09716970e-01 6.57668352e-01 -1.53360218e-01 -3.65506172e-01
    9.08235490e-01 1.29615545e-01 -2.24188253e-01 4.91060644e-01
    6.64786100e-01 1.33139515e+00 9.54458296e-01 -2.01194346e-01
    1.40461531e-02 -4.41272885e-01 1.22918308e+00 1.30426180e+00
    -1.31364748e-01 1.47495413e+00 -6.78793415e-02 -2.43219584e-01
    2.05543131e-01 1.27793550e+00 1.33621216e+00 -4.62301463e-01
    8.62722158e-01 -3.91966641e-01 1.22788596e+00 -3.65881383e-01
    5.69397867e-01 4.00771558e-01 1.52617681e+00 9.96661365e-01
    1.00072837e+00 5.47996998e-01 7.97499642e-02 1.02671087e+00
    1.21636128e+00 1.37343621e+00 -4.42438930e-01 4.61277246e-01
    -3.04062247e-01 -2.64671504e-01 4.49337453e-01 1.52894640e+00
    4.94335979e-01 1.50512207e+00 1.50206673e+00 -3.43388412e-03
    8.21786463e-01 -3.49001914e-01 -4.11028564e-01 3.93178761e-01
    1.24728882e+00 1.53255415e+00 1.27473116e+00 9.98112321e-01
    2.33157590e-01 8.60683799e-01 3.33793253e-01 1.42859149e+00
    7.45244563e-01 8.02268624e-01 1.37046349e+00 -2.46929433e-02
    1.21038115e+00 -9.18732882e-02 1.73826799e-01 -3.71632576e-01
    1.38912809e+00 1.10018337e+00 4.11496729e-01 6.53454125e-01
    7.81847060e-01 -3.47072512e-01 -7.24611133e-02 6.97055757e-01
    1.39185965e+00 1.36059546e+00 8.57913435e-01 5.48560321e-01
    4.73055840e-01 9.39417124e-01 2.47225195e-01 -1.58990979e-01
    9.32557464e-01 -2.97536850e-01 1.10119390e+00 6.79809153e-02
    -1.87169537e-01 1.42690408e+00 1.18293393e+00 5.24381883e-02
    -2.12392196e-01 1.18631281e-01 1.52355301e+00 5.30682623e-01
    2.35049233e-01 4.51424509e-01 3.69976729e-01 6.98954880e-01
    -2.11917192e-01 6.19285762e-01 1.20333266e+00 1.24487650e+00
    9.56276536e-01 1.08266163e+00 -1.66651025e-01 1.49246609e+00
    7.10990548e-01 1.36802959e+00 5.40273666e-01 3.05338919e-01
    1.96528777e-01 -8.34607705e-02 3.52154553e-01 1.53100741e+00
    1.16454341e-01 1.56201673e+00 1.49577355e+00 1.19041681e+00
    8.14094663e-01 -3.75683829e-02 8.71038914e-01 3.03027183e-01
    4.47605073e-01 1.07814324e+00 -4.08814043e-01 8.52698147e-01
    1.12466693e-01 1.61554471e-01 1.19171655e+00 1.29954422e+00
    8.49375784e-01 5.27964950e-01 3.69332135e-01 9.50877845e-01
    1.37466475e-01 8.57173085e-01 2.48638406e-01 8.44873905e-01
    -4.24201906e-01 3.42308551e-01 1.38214159e+00 5.44742584e-01
    4.77698982e-01 1.29760766e+00 4.20777649e-01 -4.69123870e-02
    -1.82566687e-01 6.97422504e-01 2.59047598e-01 -2.47231260e-01
    1.05526173e+00 -3.14966977e-01 1.14741349e+00 9.07194972e-01
    2.81832606e-01 1.24469197e+00 3.16088676e-01 7.61170864e-01
    8.38316977e-01 1.34677148e+00 1.44355106e+00 1.43700075e+00
    1.23298562e+00 8.70060802e-01 -3.60054255e-01 9.26731288e-01
    2.92950839e-01 -1.99684799e-01 9.69648063e-01 5.41357338e-01
    -2.70179331e-01 1.41720665e+00 4.50477034e-01 1.42072880e+00
    6.79322600e-01 3.85045707e-01 7.85507023e-01 1.22403979e+00
    -3.58684897e-01 2.36345783e-01 3.11430871e-01 7.31589258e-01
    1.22852683e+00 1.03259408e+00 6.85824633e-01 4.08321500e-01
    1.33744919e+00 1.36764753e+00 -1.10635601e-01 4.34969872e-01
    -3.77981514e-01 8.41097474e-01 3.12054873e-01 1.01376414e+00
    1.52553052e-01 1.10616839e+00 1.09783858e-01 6.97706878e-01
    3.24638098e-01 9.40672994e-01 7.92961597e-01 8.41400921e-01
    1.11092651e+00 1.47017097e+00 8.15330148e-01 7.73884714e-01
    1.51788080e+00 9.18489516e-01 1.37284982e+00 1.21152401e+00
    1.13980341e+00 5.22907078e-01 8.89135301e-02 1.11785913e+00
    2.47257113e-01 -3.29943717e-01 1.18165262e-01 2.07605615e-01
    -3.87082808e-02 4.30184424e-01 1.37459612e+00 2.80166030e-01
    -1.85524181e-01 -2.99864143e-01 3.00903767e-02 -3.14736575e-01
    -2.85500467e-01 9.36205626e-01 3.74801248e-01 1.03033936e+00
    1.93484828e-01 7.12000072e-01 1.38697517e+00 3.49198669e-01
    -1.46583423e-01 7.10153461e-01 -3.75252813e-01 1.49946380e+00
    -1.85985580e-01 1.41675735e+00 -2.99748719e-01 9.30260599e-01
    1.06990862e+00 -3.34730446e-01 -3.98018599e-01 2.57250488e-01
    1.47810674e+00 1.11800325e+00 9.42130864e-01 8.34051371e-01
    1.36989331e+00 3.06278188e-02 3.72743577e-01 -1.63440958e-01
    1.21402085e+00 3.84557784e-01 8.45781624e-01 3.55621576e-01
    -5.51606789e-02 1.42992127e+00 5.86238086e-01 -3.23425353e-01
    4.24522072e-01 2.97622651e-01 1.10305369e+00 -4.33275193e-01
    3.39474738e-01 1.10202146e+00 8.94334018e-01 3.68072897e-01
    7.46172667e-02 -2.79851049e-01 7.41214275e-01 1.61443502e-01
    -4.76638913e-01 1.43171906e+00 -2.84134895e-01 5.95260024e-01
    1.24861753e+00 1.00772500e+00 -3.26317072e-01 8.64235461e-01
    6.35801554e-01 1.46706867e+00 -4.87856448e-01 1.02808475e+00
    7.12760270e-01 -2.73338854e-01 -4.02683169e-01 1.02227402e+00
    -1.07217029e-01 5.48266321e-02 -3.65918368e-01 5.49467802e-01
    1.47103012e+00 1.33858991e+00 7.86703587e-01 2.61981010e-01
    -4.26406533e-01 1.21199012e+00 -3.47809255e-01 1.48036122e+00
    1.85561478e-01 2.41015986e-01 -3.57826650e-01 1.98748216e-01
    2.16138676e-01 -8.61532092e-02 -2.65037894e-01 1.53842285e-01
    4.78891760e-01 2.04078972e-01 3.42251331e-01 -2.14895815e-01
    1.48949993e+00 4.62420046e-01 1.96697214e-03 1.13106024e+00
    -2.45001748e-01 -4.01016884e-02 1.05015945e+00 6.43756688e-01
    1.49681842e+00 3.86664480e-01 1.43899846e+00 -4.73297089e-01
    1.20606124e+00 6.07387364e-01 1.41846526e+00 5.74453920e-02
    -2.83976972e-01 2.23650604e-01 9.60303664e-01 8.04199338e-01
    9.94603634e-02 9.79002774e-01 1.45034289e+00 1.40167308e+00
    7.06254303e-01 1.38695568e-01 1.00420785e+00 7.86507607e-01
    6.37595534e-01 2.03017235e-01 8.18458259e-01 6.23699248e-01
    8.15912187e-01 1.01495683e+00 -2.71576703e-01 -2.70212982e-02
    5.69360554e-01 1.21172416e+00 9.89026666e-01 1.38923287e+00
    9.56411600e-01 3.93657267e-01 1.23570991e+00 9.98552561e-01
    1.49918723e+00 4.47359383e-01 1.21660328e+00 -3.71985674e-01
    1.42807460e+00 1.21747005e+00 1.11768663e-01 6.20263815e-01
    -2.53130764e-01 7.40546227e-01 -3.01733874e-02 3.43137085e-02
    1.30045164e+00 1.41876027e-01 -2.26679206e-01 2.78090328e-01
    7.00792909e-01 1.24233007e+00 5.12680054e-01 5.57070792e-01
    1.21121824e+00 -4.45238531e-01 3.30731899e-01 6.29612505e-01
    5.57344317e-01 -1.76610664e-01 1.37240982e+00 3.54475081e-01
    1.02742302e+00 5.65414608e-01 -1.26310557e-01 1.07337987e+00
    7.66914785e-01 1.47692785e-01 7.18177974e-01 3.53287071e-01
    5.81680417e-01 8.79889190e-01 1.16683626e+00 6.18656099e-01
    5.98431170e-01 2.31972530e-01 -8.14185292e-02 1.37225246e+00
    -9.63890404e-02 6.15811586e-01 3.33546638e-01 -1.58205241e-01
    7.47148931e-01 1.01929820e+00 -2.21445531e-01 2.58097351e-01
    6.63478792e-01 -4.46782082e-01 -4.41455215e-01 6.42062843e-01
    1.45289954e-02 1.46106696e+00 1.38089633e+00 1.10603869e+00
    6.95398927e-01 -1.36459246e-01 1.44245434e+00 -3.47584262e-02
    -4.44284707e-01 -3.42551708e-01 -3.76624078e-01 9.33721066e-02
    8.91384900e-01 1.12788069e+00 -3.88855547e-01 2.09920645e-01
    1.38017619e+00 1.38531101e+00 -4.64970499e-01 1.30868113e+00
    1.23286322e-01 -4.62280750e-01 1.51209688e+00 3.83437306e-01
    -3.22172076e-01 8.79506171e-02 -3.88247967e-01 7.96885192e-01
    5.00374258e-01 2.35418335e-01 -3.75192523e-01 5.52383423e-01
    4.02927309e-01 6.53498709e-01 7.25575387e-01 5.44627666e-01
    5.89782357e-01 3.35381061e-01 6.86760128e-01 -8.73985067e-02
    4.56361324e-01 1.07817478e-01 3.19433063e-02 4.26856056e-02
    -1.32379085e-01 9.79846045e-02 7.47438490e-01 -4.34527785e-01
    7.89506793e-01 -4.99363393e-01 1.23030281e+00 -4.60338622e-01
    6.32384539e-01 3.53466362e-01 5.91025352e-01 -6.30986392e-02
    1.42611086e+00 1.04331470e+00 -7.50591904e-02 2.03485027e-01
    -5.21590672e-02 -3.92348170e-01 1.28711724e+00 -4.11963582e-01
    6.63725078e-01 6.49804473e-01 -1.50937930e-01 1.08902800e+00
    9.55095887e-01 1.44764578e+00 2.89014727e-01 1.27605104e+00
    4.28315789e-01 1.09219277e+00 7.63555586e-01 -8.54080543e-02
    -2.42132977e-01 6.56050980e-01 3.28503489e-01 3.01320106e-01
    8.45687091e-01 7.46285319e-01 7.89997101e-01 1.04679549e+00
    9.16085958e-01 1.51656103e+00 6.02318943e-01 1.36770940e+00
    5.52037418e-01 1.40825951e+00 -1.49976805e-01 1.40070379e+00
    9.80288625e-01 1.50153220e-01 -9.75933895e-02 7.76987731e-01
    4.35018063e-01 4.16473836e-01 -4.47975397e-01 -8.16540718e-02
    6.18872702e-01 8.91870022e-01 9.14387405e-02 8.60760629e-01
    -4.88715060e-02 9.81655836e-01 1.48106349e+00 1.02067685e+00
    5.60284972e-01 8.97957146e-01 8.54029894e-01 1.50726938e+00
    1.03024936e+00 -1.80603728e-01 -2.75339931e-01 1.18997216e+00
    -3.40520650e-01 1.06821215e+00 9.03360546e-01 3.85099314e-02
    8.24502885e-01 9.83575761e-01 7.31141329e-01 -2.19787389e-01
    -6.06147461e-02 -4.99599762e-02 8.85713875e-01 1.00710356e+00
    -3.17075461e-01 1.44484735e+00 1.33124518e+00 7.35135436e-01
    -3.65563065e-01 1.13360238e+00 3.14367801e-01 2.94870675e-01
    1.36831605e+00 9.52725351e-01 1.19117165e+00 -3.94150674e-01
    -3.15185994e-01 7.61449456e-01 1.27319503e+00 1.35849226e+00
    4.95319039e-01 1.25664032e+00 -3.84191424e-01 1.25095785e+00
    4.89968061e-01 -1.23171814e-01 -8.55086073e-02 7.24502921e-01
    4.36590821e-01 1.19647050e+00 4.08154279e-01 -2.34159946e-01
    -3.85645889e-02 -1.06919445e-01 6.40081584e-01 1.02008212e+00
    1.26753700e+00 7.27882564e-01 1.01553047e+00 9.13440526e-01
    7.20430493e-01 3.71385932e-01 -1.20385982e-01 3.26255172e-01
    4.16328192e-01 -6.81622997e-02 -2.97773719e-01 8.39271545e-02
    3.14725131e-01 1.27329290e+00 1.10048890e+00 1.21836364e+00
    -3.19791108e-01 8.96149337e-01 3.29507664e-02 9.98964533e-02
    1.44994330e+00 4.02888030e-01 -2.38257363e-01 1.24301851e+00
    6.04754269e-01 2.24018902e-01 1.33906221e+00 1.01368332e+00
    -1.79885387e-01 7.65733421e-02 6.84885448e-03 1.64946184e-01
    2.83711791e-01 4.75984573e-01 3.50183964e-01 1.48463035e+00
    8.60409558e-01 4.26206172e-01 1.43596649e+00 3.50628108e-01
    -2.24499688e-01 -3.76564324e-01 3.04531306e-01 1.26090837e+00
    9.73021507e-01 8.86385024e-01 1.34084809e+00 1.23528816e-01
    3.38598847e-01 4.06280309e-01 7.44382977e-01 1.15839314e+00
    6.09079823e-02 1.51723349e+00 -6.39202818e-02 5.64245045e-01
    5.65733671e-01 -1.91529915e-01 -1.70740411e-01 7.97524154e-01
    5.98772705e-01 -1.55392587e-01 4.83408570e-01 6.34218514e-01
    1.46568269e-01 -6.02963194e-03 7.30753601e-01 1.18581498e+00
    1.22498763e+00 1.32883057e-01 1.11580575e+00 1.42493224e+00
    1.22540426e+00 1.19208205e+00 1.07189357e+00 3.95011753e-01
    -4.96019542e-01 6.99072838e-01 6.69034600e-01 1.05483127e+00
    1.21609652e+00 1.33344758e+00 -1.40146157e-02 1.38330388e+00
    5.28613292e-02 6.27169728e-01 -1.41893536e-01 1.30231905e+00
    1.51337457e+00 -4.37156677e-01 1.29970562e+00 -3.42419535e-01
    5.78621209e-01 -2.19184354e-01 1.05264699e+00 -2.86968589e-01
    1.99386925e-01 1.34340811e+00 1.09503996e+00 6.12989128e-01
    -2.55642831e-01 -2.88623348e-02 4.36067611e-01 5.04981875e-01
    -2.57933110e-01 6.76938415e-01 -1.05536237e-01 -2.18640804e-01
    3.94871771e-01 6.45176649e-01 -2.71626413e-01 -9.39793214e-02
    -4.65386122e-01 5.26288092e-01 1.34378469e+00 8.66236985e-01
    4.47708070e-01 1.03602552e+00 1.17011523e+00 -1.64804727e-01
    9.05114353e-01 -2.19841778e-01 5.38863063e-01 -7.45329410e-02
    6.54413164e-01 3.89018029e-01 1.11322200e+00 -3.01881954e-02
    2.97850460e-01 9.25843179e-01 -4.73343343e-01 1.23085809e+00
    1.01203179e+00 9.59251702e-01 6.26890421e-01 -1.88173920e-01
    -1.31731302e-01 2.21934840e-01 1.29184413e+00 1.44167531e+00
    1.46341610e+00 5.73690236e-01 7.48156130e-01 5.60655892e-01
    4.39531021e-02 -2.53533542e-01 -2.59564221e-01 9.84622538e-01
    -9.00633484e-02 1.53816566e-01 1.34912622e+00 -3.11137319e-01
    1.17354810e+00 1.14922106e+00 -4.35911804e-01 1.98390573e-01
    5.00625730e-01 9.32074487e-01 1.10131010e-01 7.95732439e-02
    1.11252868e+00 -3.29396993e-01 -3.53089087e-02 -3.80840629e-01
    1.12383716e-01 2.41786897e-01 6.81590974e-01 7.49333918e-01
    2.11716145e-01 8.72584641e-01 5.32159805e-01 9.56988335e-01
    7.77211547e-01 1.25531542e+00 3.85108888e-01 7.72783518e-01
    1.36293995e+00 1.27190471e+00 8.09523225e-01 1.30958521e+00
    7.79813111e-01 5.33764124e-01 4.12474930e-01 -2.23515376e-01
    7.20314831e-02 8.07988226e-01 3.71863455e-01 1.00297511e+00
    1.51292634e+00 -1.35632688e-02 1.40660632e+00 5.55433631e-01
    -9.18270499e-02 -1.41908616e-01 -3.46169591e-01 -2.70873010e-01
    3.95255953e-01 1.13515174e+00 -3.94030124e-01 -3.43044668e-01
    -1.47803724e-01 8.69545579e-01 1.06439078e+00 -3.15228939e-01
    9.80392277e-01 -2.82955319e-01 1.09855676e+00 1.50173509e+00
    -1.92161009e-01 -3.31594020e-01 -3.59084189e-01 -3.17174703e-01
    9.40402150e-02 -4.08823080e-02 1.03178227e+00 6.56934321e-01
    -4.72372264e-01 7.65497327e-01 1.47987962e+00 7.76054323e-01
    5.24944007e-01 8.88425469e-01 1.28338173e-01 2.51403630e-01
    1.13593435e+00 6.84554160e-01 -4.30197157e-02 1.47593963e+00
    1.43435633e+00 2.89725631e-01 -2.76116788e-01 5.22302210e-01
    4.71313298e-01 6.03492141e-01 -4.60314721e-01 1.13920176e+00
    1.89507622e-02 7.00133801e-01 7.72622347e-01 1.15158045e+00
    -3.07307728e-02 -3.06045592e-01 1.43223524e+00 9.66198266e-01
    3.63120474e-02 3.56865734e-01 4.98234481e-02 3.10510010e-01
    1.01847184e+00 -3.15070719e-01 1.10699499e+00 1.16664076e+00
    -1.68190435e-01 6.16690159e-01 3.78391653e-01 4.43920255e-01
    1.38245440e+00 6.62733793e-01 1.23370147e+00 1.09071827e+00
    -1.07350118e-01 -1.98952585e-01 -2.66180411e-02 3.27250689e-01
    7.59779513e-01 -1.32676214e-01 -3.79663497e-01 5.62002778e-01
    -2.82584727e-01 -4.27899063e-01 9.76611555e-01 1.43406439e+00
    1.99118376e-01 -2.73043662e-01 1.44390845e+00 1.09623277e+00
    -5.43139726e-02 1.02975905e-01 -2.41818741e-01 8.16340685e-01
    7.22687006e-01 -1.66757569e-01 6.68959856e-01 1.11150622e+00
    6.74746692e-01 4.80282485e-01 -4.56578344e-01 1.32621396e+00
    -4.56810743e-01 -3.85286093e-01 6.71248376e-01 -4.93686438e-01
    7.65859663e-01 4.75569397e-01 -8.83627869e-03 -3.47589403e-01
    1.08553469e+00 -3.24508607e-01 1.31732559e+00 5.02008021e-01
    8.01675975e-01 -1.66093424e-01 4.18503761e-01 2.84541566e-02
    3.37854981e-01 1.41839361e+00 -1.84540004e-02 -7.31878728e-02
    -3.29817057e-01 -1.01975106e-01 1.34053659e+00 6.22370303e-01
    4.93299142e-02 5.04512191e-01 -1.03080086e-02 1.17354918e+00
    3.14066440e-01 6.01410449e-01 -6.85681403e-02 8.67002532e-02
    5.39008006e-02 5.12003481e-01 1.44020751e-01 5.39412796e-01
    -3.64580542e-01 7.66795799e-02 8.70990813e-01 1.15037584e+00
    5.86431444e-01 1.37964106e+00 3.24990116e-02 -3.29591244e-01
    9.25848126e-01 9.64819670e-01 8.93944740e-01 1.07608128e+00
    1.07955790e+00 -2.91052777e-02 -2.14457829e-02 1.10218287e+00
    8.44160676e-01 2.30341673e-01 2.76104331e-01 1.49307978e+00
    -3.58380616e-01 1.43235183e+00 1.32874882e+00 7.33515248e-03
    4.78162020e-01 -3.88761431e-01 1.10124910e+00 5.29598296e-01
    2.76210219e-01 4.14222062e-01 1.37246954e+00 1.01631517e-02
    -2.56851912e-01 -3.03809941e-01 8.14408481e-01 2.03935370e-01
    -3.16193223e-01 5.00947177e-01 4.74482663e-02 4.60214823e-01
    -1.54167131e-01 1.50360513e+00 8.65740031e-02 1.20833829e-01
    -6.81294203e-02 1.17683895e-01 1.36531019e+00 3.69837523e-01
    1.01899791e+00 2.14990437e-01 1.34805572e+00 1.15825200e+00
    8.79459739e-01 -2.06729516e-01 -6.31614551e-02 1.35130018e-01
    5.45006156e-01 6.96530581e-01 2.69690335e-01 1.08188558e+00
    -3.27925712e-01 9.06732321e-01 -4.05088007e-01 3.77039939e-01
    -4.35594678e-01 -3.40584934e-01 4.75606233e-01 1.28548164e-02
    -4.58933979e-01 1.79555297e-01 6.77317321e-01 2.60306627e-01
    6.94025695e-01 5.84437907e-01 -1.57983527e-01 9.22867209e-02
    -4.31865454e-01 2.52694458e-01 5.62392771e-01 6.19517326e-01
    3.65898013e-01 7.54334390e-01 -1.27413422e-01 1.07752383e+00
    -5.86494282e-02 3.12354326e-01 4.70731348e-01 4.56335932e-01
    1.23306572e+00 1.11217193e-01 -3.29036474e-01 1.32529497e+00
    1.10017443e+00 5.52140534e-01 3.41563493e-01 8.25664878e-01
    -2.30052620e-01 1.07988679e+00 1.39839917e-01 6.93955243e-01
    -1.96660519e-01 1.85413003e-01 1.01891339e+00 -2.67077982e-01
    3.08980435e-01 6.39635324e-01 7.88887918e-01 -4.33663547e-01
    -6.19310178e-02 -6.84898812e-03 1.22193731e-01 -1.82176590e-01
    -3.56104255e-01 -1.23712867e-01 -4.15031761e-01 4.01863337e-01
    1.22952402e+00 7.93739319e-01 4.87505436e-01 1.32926154e+00
    -4.20063734e-01 -4.04673010e-01 6.56133518e-02 3.22123021e-01
    3.05987388e-01 9.34096336e-01 1.10765016e+00 1.50020027e+00
    9.84144866e-01 8.33205044e-01 7.23359585e-01 -4.17438865e-01
    4.80689049e-01 6.68503419e-02 7.24459738e-02 1.38552868e+00
    1.10888934e+00 8.93163681e-01 -4.17224437e-01 8.86640549e-01
    3.05129886e-01 1.14438581e+00 -1.42023191e-01 1.35557562e-01
    3.39777768e-01 -4.88139363e-03 7.76688680e-02 1.11818683e+00
    1.16430767e-01 8.18508148e-01 -4.18264210e-01 7.28383541e-01
    1.17490422e-02 2.05964386e-01 -2.32902199e-01 1.26943719e+00
    5.87821484e-01 5.34952164e-01 1.49606705e+00 -8.54067691e-03
    -1.02162426e-02 -4.24818665e-01 1.05487633e+00 1.08421481e+00
    3.71820152e-01 -9.04118866e-02 3.91167641e-01 1.27001226e+00
    -3.50661546e-01 8.51429880e-01 1.57948554e-01 1.36526179e+00
    2.32069820e-01 -1.38134852e-01 -3.53170224e-02 -5.12421355e-02
    6.35240197e-01 8.47386122e-01 7.68886566e-01 4.19725657e-01
    9.31541264e-01 -2.23422229e-01 3.63240391e-02 -2.34855026e-01
    -3.39909106e-01 7.30116248e-01 1.24266326e-01 -3.86407912e-01
    5.33517003e-01 5.19043863e-01 6.82931244e-01 5.23589671e-01
    -2.96658844e-01 1.47924006e+00 1.05914688e+00 6.16939962e-01
    1.23850119e+00 -3.35571051e-01 4.10914004e-01 6.94652796e-02
    -2.70293981e-01 -1.30466297e-01 -3.16080660e-01 3.23002636e-01
    4.56298411e-01 3.88979524e-01 -4.35703516e-01 2.41590202e-01
    8.99126947e-01 6.24781370e-01 1.43068326e+00 -4.39763904e-01
    5.62882602e-01 3.52792293e-01 1.05733788e+00 1.33021319e+00
    1.16247964e+00 1.27329528e+00 1.06745608e-01 -1.97540209e-01
    1.16595829e+00 1.26881671e+00 5.76419830e-02 8.12697828e-01
    5.23980379e-01 1.31390715e+00 1.08339596e+00 -3.75396162e-01
    1.39834404e+00 6.24259353e-01 4.42001194e-01 1.24811925e-01
    -1.23380244e-01 8.77523184e-01 1.54997098e+00 2.23369956e-01
    1.16943753e+00 9.28426981e-01 1.59921110e-01 -6.51528463e-02
    6.55931413e-01 6.44071162e-01 -3.44827563e-01 1.52702272e+00
    1.11126637e+00 5.56041718e-01 -2.66770810e-01 -4.06164050e-01
    1.14839280e+00 1.07324338e+00 7.39679694e-01 7.67879069e-01
    -4.97820526e-01 8.44432235e-01 3.48759145e-01 5.13780534e-01
    -7.30583966e-02 1.26475394e+00 -2.17595220e-01 1.01518238e+00
    5.30029237e-01 9.56478268e-02 5.62732458e-01 4.67976063e-01
    7.96548009e-01 1.07331254e-01 5.65028310e-01 6.97646290e-02
    8.41880381e-01 -1.51269004e-01 8.73951375e-01 3.65728676e-01
    6.61506414e-01 1.15073478e+00 6.54381327e-03 1.41212153e+00
    1.12695765e+00 -5.07615626e-01 1.31346428e+00 1.21729088e+00
    1.44618475e+00 1.42964733e+00 -3.73704076e-01 1.85115948e-01
    3.36163372e-01 -2.32916683e-01 6.30308390e-01 2.66233891e-01
    6.49602532e-01 2.97056854e-01 1.16904461e+00 1.15627885e+00
    4.86962944e-01 3.42221677e-01 4.95697826e-01 -4.79443341e-01
    -4.59515769e-03 2.39049956e-01 5.47835410e-01 -2.79865056e-01
    -1.68779925e-01 4.97930229e-01 1.29015875e+00 7.70212948e-01
    3.14997315e-01 1.68610767e-01 2.48616755e-01 -3.42245787e-01
    1.04118682e-01 4.59800601e-01 6.32894456e-01 -7.91155733e-03
    2.10058540e-01 6.19223773e-01 1.42298460e+00 5.31994104e-01
    5.21898568e-01 4.76437181e-01 9.96374309e-01 1.41973245e+00
    7.64325857e-02 6.40236557e-01 5.38646996e-01 3.49572867e-01
    6.92441106e-01 1.10429716e+00 1.26468754e+00 2.57322371e-01
    8.93003166e-01 1.12892210e+00 -2.07511857e-01 6.62584484e-01
    1.18687105e+00 3.65436196e-01 -3.57234359e-01 -3.40386868e-01
    2.49544889e-01 7.80250609e-01 1.04362905e+00 -3.97587359e-01
    3.36534917e-01 8.77878964e-01 -5.47634400e-02 1.13258386e+00
    -2.90883809e-01 -2.46537961e-02 1.30174232e+00 4.86998498e-01
    7.15216637e-01 1.08203936e+00 5.26032031e-01 -3.40400159e-01
    1.09188557e+00 4.38218042e-02 5.83747268e-01 1.41686594e+00
    -4.69288707e-01 9.68370259e-01 1.49746776e+00 1.49929702e+00
    5.35377562e-01 -4.74970877e-01 9.06676636e-04 -1.08669050e-01
    1.14920318e+00 2.79777050e-01 1.01826322e+00 6.19077325e-01
    8.14598203e-01 -3.68055940e-01 7.29060233e-01 1.02513599e+00
    1.14597961e-01 9.80863422e-02 6.42803133e-01 1.36057287e-02
    8.42864871e-01 1.48664340e-01 -7.76081486e-03 4.55245703e-01
    6.99010253e-01 1.37883270e+00 1.32923961e+00 2.14798301e-01
    7.77910411e-01 9.15678680e-01 -1.03405176e-03 9.21132863e-01
    8.30850720e-01 1.57642245e-01 1.41052616e+00 1.12786698e+00
    -2.93454099e-02 1.51051903e+00 1.50248134e+00 2.54625105e-03
    -4.54085201e-01 5.55573821e-01 2.41996065e-01 1.34865868e+00
    1.22887516e+00 5.89309454e-01 1.19177771e+00 1.00790608e+00
    8.04197695e-03 -3.27310413e-01 7.63876677e-01 1.34426904e+00
    -4.25508805e-02 1.33987367e-01 9.54356968e-01 -3.66048902e-01
    3.62479687e-02 -2.61016965e-01 8.35139811e-01 -1.67997211e-01
    3.96071851e-01 6.80785835e-01 1.11553919e+00 7.22010851e-01
    -5.81173226e-02 9.09626603e-01 1.39477122e+00 1.50964367e+00
    3.91479284e-01 6.72886431e-01 9.07831863e-02 -1.19082689e-01
    -2.52779245e-01 8.09426546e-01 -1.34154111e-01 -4.06109780e-01
    5.64138532e-01 1.28960001e+00 1.23217869e+00 3.62794399e-01
    8.68808627e-01 1.05175757e+00 4.59628522e-01 4.12198156e-01
    -2.30562255e-01 7.49901474e-01 1.37379169e+00 3.83680612e-01
    -3.68174255e-01 -4.80179101e-01 9.09301519e-01 -4.31851923e-01
    8.99561048e-01 7.26174712e-01 9.62607637e-02 1.12373686e+00
    7.94607520e-01 6.15261912e-01 6.86482251e-01 1.25503182e+00
    6.47986472e-01 4.63682324e-01 -3.94796789e-01 1.45204151e+00
    5.55354714e-01 1.52102441e-01 1.17247379e+00 1.20900989e+00
    1.41408849e+00 1.42855120e+00 -5.84283359e-02 1.19586098e+00
    1.47888410e+00 2.47680515e-01 -4.59701777e-01 1.43340313e+00
    4.71190274e-01 -3.91327381e-01 1.45123053e+00 -4.54505272e-02
    1.42780840e+00 -3.40164095e-01 -2.54497886e-01 1.47160077e+00
    -1.19951911e-01 1.21993256e+00 6.61522523e-02 5.44521809e-01
    -1.12485066e-01 8.24601054e-01 8.94980311e-01 1.23971748e+00
    8.31563592e-01 2.73744892e-02 1.32458723e+00 1.69837654e-01
    1.47645319e+00 5.59819818e-01 5.37740886e-01 1.18582499e+00
    -2.71529406e-01 1.54762670e-01 -9.32079107e-02 9.40612018e-01
    1.35644412e+00 5.38992524e-01 9.33026969e-01 8.30006659e-01
    4.31507856e-01 1.27844548e+00 6.06776595e-01 1.16930234e+00
    4.55667488e-02 5.05817771e-01 8.30995202e-01 1.31352752e-01
    1.23474979e+00 1.27478981e+00 5.91838360e-01 1.16270196e+00
    4.83213484e-01 2.40419701e-01 1.19425304e-01 -3.84976476e-01
    9.83962119e-02 5.97463071e-01 1.98148623e-01 -2.44360909e-01
    1.11902237e+00 1.01425445e+00 -3.88287604e-02 3.24246881e-04
    6.63940668e-01 -1.32628277e-01 -3.98839831e-01 9.23552692e-01
    1.02373636e+00 6.02972686e-01 4.99944806e-01 -5.34020625e-02
    4.11728561e-01 1.45508873e+00 1.20318389e+00 1.45245433e+00
    1.16136420e+00 1.05373383e+00 -2.81214356e-01 9.04964983e-01
    1.25192904e+00 -1.32385954e-01 3.81180614e-01 -3.62133980e-01
    8.98758233e-01 8.50605190e-01 8.50427806e-01 -2.63925791e-01
    8.63906860e-01 1.85586706e-01 2.35475644e-01 -2.30073392e-01
    -5.74584045e-02 7.14564800e-01 -4.81599748e-01 1.54041767e-01
    3.89435321e-01 -2.84569293e-01 8.24769557e-01 3.82195532e-01
    1.24007320e+00 5.80661356e-01 8.98817420e-01 9.37397838e-01
    1.36079597e+00 -3.14274311e-01 -3.19560587e-01 1.19314575e+00
    1.72144651e-01 1.44395387e+00 7.43297279e-01 -1.57231629e-01
    1.13705075e+00 2.99489915e-01 -1.57992706e-01 5.79425633e-01
    2.79008955e-01 4.25480783e-01 4.38888907e-01 2.61887133e-01
    5.11135221e-01 3.63221318e-01 1.06321466e+00 1.18456376e+00
    4.73372877e-01 1.31213665e+00 9.89142299e-01 2.29860961e-01
    2.89968520e-01 1.10797323e-01 2.01037914e-01 1.35724485e-01
    1.81258231e-01 5.90691864e-01 9.84841049e-01 2.63788402e-01
    1.53557813e+00 1.14828789e+00 6.62168115e-02 1.43945169e+00
    9.98222113e-01 1.16736782e+00 -3.65760103e-02 1.37749338e+00
    -1.25214338e-01 1.39290726e+00 5.96371055e-01 1.48167670e+00
    1.97832778e-01 9.87183034e-01 1.03848779e+00 6.45228803e-01
    2.75360465e-01 6.23251617e-01 1.35239172e+00 3.30773652e-01
    2.88613532e-02 9.63846505e-01 1.35825026e+00 7.33990729e-01
    -3.09671581e-01 -7.20731623e-04 4.39150453e-01 1.14198184e+00
    1.84561074e-01 1.16522944e+00 1.50078309e+00 -2.75267273e-01
    9.76235271e-01 -2.72307068e-01 1.03297758e+00 1.10959303e+00
    1.97923303e-01 -5.59394881e-02 -2.69561648e-01 3.90327305e-01
    1.90845102e-01 1.77911203e-02 -4.02227119e-02 5.05936205e-01
    1.50838721e+00 -3.26416552e-01 1.20112896e+00 2.23008782e-01
    3.10857207e-01 -4.62838918e-01 5.51478148e-01 -1.11028992e-01
    1.49504054e+00 -1.81506932e-01 1.40690017e+00 4.49473679e-01
    7.94102192e-01 3.50569300e-02 -3.31074059e-01 1.37077761e+00
    5.95787942e-01 6.95753694e-01 1.33044600e+00 9.69560146e-01
    1.34439051e+00 1.37226009e+00 8.27582538e-01 -1.15012415e-01
    7.58387148e-01 -2.01799095e-01 -4.56164837e-01 8.50470290e-02
    1.10897839e+00 7.47347534e-01 4.12644446e-01 9.53133106e-01
    -3.97620611e-02 7.05073059e-01 6.55702412e-01 3.05204391e-01
    1.69590518e-01 1.17853439e+00 -2.10638136e-01 3.04244310e-01
    9.51712906e-01 9.50832009e-01 -3.32994759e-02 -3.81659448e-01
    6.11829638e-01 -1.92484736e-01 1.17084468e-02 -1.28992796e-01
    8.96360993e-01 8.75736892e-01 -3.68267417e-01 9.17602718e-01
    8.02602768e-02 3.65718931e-01 4.46519554e-01 1.27110922e+00
    2.85883188e-01 -7.26064146e-02 3.73058558e-01 1.14227712e-01
    1.17410231e+00 9.35579240e-01 1.41443050e+00 -4.61875983e-02
    9.36194718e-01 1.35201693e+00 8.40392113e-01 5.85569367e-02
    -7.72633776e-02 1.20296754e-01 1.06498337e+00 1.31628966e+00
    -8.62616748e-02 -3.55617136e-01 1.10386634e+00 -2.06528097e-01
    -4.21279311e-01 1.36996663e+00 3.51870000e-01 1.41090405e+00
    1.26364005e+00 4.69894290e-01 1.30591500e+00 6.84830472e-02
    -3.05223435e-01 -2.76685715e-01 -3.99994582e-01 4.73437496e-02
    -3.06149274e-01 1.78881794e-01 -1.76935211e-01 2.73495734e-01
    1.07646942e+00 -2.59246528e-01 1.40055382e+00 1.37787044e+00
    1.42271101e+00 6.51326180e-01 -1.95124909e-01 8.13376427e-01
    1.53401673e+00 1.03138292e+00 1.00283372e+00 5.20708561e-01
    3.48377138e-01 1.14900386e+00 1.30934095e+00 5.38355768e-01
    7.15113759e-01 4.25397664e-01 1.51034415e+00 5.21538019e-01
    -3.00986558e-01 7.81854868e-01 -1.99092820e-01 7.36047149e-01
    -4.00922954e-01 6.55263782e-01 7.15853393e-01 -3.96464437e-01
    2.76779920e-01 -3.79906207e-01 1.18094003e+00 8.32465172e-01
    2.79670179e-01 -6.81563392e-02 1.46749735e+00 4.68966752e-01
    1.14927459e+00 -1.44018859e-01 1.14379418e+00 9.08286154e-01
    1.11029863e+00 8.56507182e-01 1.43186486e+00 6.50053918e-01
    7.31764436e-01 2.11056426e-01 8.82772624e-01 1.23799336e+00
    9.27100420e-01 -1.22818269e-01 -1.51800979e-02 -4.00249243e-01
    6.92595840e-01 2.45470196e-01 -3.79804261e-02 2.74958849e-01
    5.80196738e-01 1.48201823e+00 1.31479645e+00 9.21837091e-01
    -1.81407779e-01 1.49232817e+00 1.39635575e+00 9.39134359e-01
    4.20840502e-01 2.58886129e-01 2.69334406e-01 9.28115174e-02
    3.93462777e-01 8.19918275e-01 1.30659854e+00 -1.57493174e-01
    3.18063825e-01 1.51336014e+00 2.87768930e-01 -4.26778644e-01
    3.45279485e-01 2.05073074e-01 -3.90258372e-01 3.41744334e-01
    3.13205575e-03 1.10014594e+00 2.24587932e-01 2.05306292e-01
    4.83165652e-01 3.78924489e-01 8.57798994e-01 -4.35777128e-01
    -4.76810127e-01 3.96865904e-01 3.32456827e-01 6.52105927e-01
    8.88942659e-01 4.68753487e-01 -3.46326113e-01 1.46600628e+00
    -4.92665291e-01 3.13961029e-01 8.19833815e-01 1.47453561e-01
    1.11517787e+00 9.52588379e-01 -4.94755566e-01 7.22405374e-01
    -2.04357222e-01 -4.67939943e-01 -1.14663407e-01 1.49247825e+00
    1.41921926e+00 8.08390379e-01 9.33643401e-01 1.36514768e-01
    9.15634394e-01 6.62575006e-01 1.28016567e+00 -1.13278784e-01
    -4.54974622e-01 1.01580417e+00 -9.47863795e-03 1.05121732e+00
    -8.60681012e-02 2.80331522e-01 -1.89731866e-01 4.80688125e-01
    -3.62763107e-01 1.14371610e+00 4.98092592e-01 5.97120106e-01
    1.10633457e+00 5.93178272e-02 8.20634604e-01 5.30877233e-01
    4.81168985e-01 4.33193982e-01 3.07072103e-01 2.19044730e-01
    -3.52653325e-01 9.06308174e-01 5.94480813e-01 -7.10713938e-02
    -3.81559759e-01 7.17702210e-01 8.27367425e-01 -7.30373710e-02
    1.22380507e+00 2.65102088e-01 1.17519331e+00 7.16689602e-02
    1.43232322e+00 7.58743823e-01 -2.29318425e-01 -3.54045004e-01
    4.10057664e-01 3.98506783e-02 6.67893767e-01 8.81043434e-01
    8.26771930e-02 1.09199727e+00 1.43067133e+00 7.50923693e-01
    7.38648891e-01 9.53237593e-01 -2.18545184e-01 5.99948764e-01
    -2.94128835e-01 3.33815962e-01 1.12331390e+00 1.43630540e+00
    -4.07931447e-01 -2.93827772e-01 6.00304365e-01 7.40216911e-01
    5.26076853e-01 1.43574512e+00 1.20344460e+00 6.42059028e-01
    1.42889237e+00 -2.25516722e-01 4.31555688e-01 5.21699786e-01
    1.39350426e+00 4.61127400e-01 5.66316783e-01 8.77877057e-01
    8.33285004e-02 6.08314037e-01 -4.79046434e-01 -4.45011891e-02
    -9.04619172e-02 1.30908895e+00 8.86467457e-01 1.05607533e+00
    8.84114385e-01 9.93543744e-01 1.32936370e+00 -7.31740594e-02
    4.46059346e-01 -4.89848316e-01 1.42905343e+00 2.48312086e-01
    1.05593908e+00 1.12144055e-03 -4.54228520e-01 3.19160745e-02
    1.29231238e+00 1.40619254e+00 8.46412778e-01 1.01687920e+00
    1.39908206e+00 1.37189209e+00 8.02069604e-01 3.97144556e-01
    9.69702244e-01 1.04030585e+00 1.21483684e+00 6.30191684e-01
    1.18055189e+00 -4.80438799e-01 4.02151763e-01 3.18741411e-01
    -6.21417798e-02 -3.07282746e-01 5.13530970e-01 1.16522431e+00
    4.35321927e-01 1.32718682e-01 1.05248284e+00 1.12470615e+00
    2.68233061e-01 6.56965256e-01 -2.88761139e-01 8.37814629e-01
    -3.42153534e-02 5.98985791e-01 -3.48309755e-01 -8.46540481e-02
    1.86785638e-01 1.45934784e+00 -1.11221097e-01 4.14410889e-01
    -1.76636562e-01 2.21106946e-01 1.38739154e-01 5.63786961e-02
    8.11359212e-02 1.45709920e+00 -1.99074805e-01 3.48539948e-01
    -3.77993256e-01 1.42856419e+00 -3.27849209e-01 9.73370895e-02
    -3.31408054e-01 1.37828901e-01 8.28720033e-02 5.59006691e-01
    1.34891582e+00 -7.40884524e-03 -3.44606936e-02 8.84369314e-01
    6.95164323e-01 9.44179475e-01 1.80024713e-01 1.53620553e+00
    1.63259253e-01 8.14475358e-01 7.01971233e-01 6.31306708e-01
    1.90213501e-01 8.92020881e-01 1.59811056e+00 1.58703104e-01
    1.09759092e+00 7.70759732e-02 7.40785122e-01 1.44873309e+00
    9.27099705e-01 1.44766176e+00 9.67578351e-01 1.59940585e-01
    -3.34173203e-01 5.81852615e-01 6.49737060e-01 4.31184262e-01
    -3.58156443e-01 1.38120484e+00 8.99544716e-01 -2.57655680e-01
    1.43275976e+00 1.46419871e+00 -1.55566692e-01 1.28840315e+00
    1.07042754e+00 -5.91800883e-02 1.71802834e-01 9.47986364e-01
    -2.72634685e-01 9.24705505e-01 1.45240709e-01 1.26959467e+00
    -2.04218624e-04 6.65058911e-01 1.45321831e-01 6.69099033e-01
    1.07507896e+00 8.79968286e-01 6.54400468e-01 -2.63707846e-01
    1.40141940e+00 9.67982233e-01 1.00879753e+00 1.06473126e-01
    1.29063714e+00 -3.88389617e-01 -3.46994996e-01 -3.63887638e-01
    -1.30431920e-01 1.09741068e+00 -5.11203185e-02 1.20017779e+00
    1.11032712e+00 9.17148054e-01 -4.14640419e-02 1.44599319e+00
    4.76804525e-01 2.21787617e-01 5.44630550e-02 1.42460287e+00
    -2.25142434e-01 2.63920784e-01 1.07434750e+00 9.64913666e-01
    -1.49483755e-01 1.39170790e+00 6.02064848e-01 -1.84684709e-01
    1.13965559e+00 4.72620696e-01 -2.09193841e-01 6.63560748e-01
    -1.44214295e-02 1.04180932e+00 2.69270062e-01 1.06737792e+00
    6.64898515e-01 3.42391253e-01 -2.13634558e-02 1.00028980e+00
    1.48304433e-01 3.34236205e-01 1.26863790e+00 -3.94221038e-01
    1.49483943e+00 8.48258018e-01 1.24301112e+00 7.12969720e-01
    -5.03811002e-01 -3.47567052e-01 6.51138902e-01 1.02289462e+00
    5.69100916e-01 1.04370046e+00 -1.85675323e-01 1.10107398e+00
    1.14221346e+00 2.89631873e-01 1.49122262e+00 -4.81012762e-01
    4.15256172e-01 2.00859517e-01 -7.04489723e-02 8.12740922e-01
    -3.01127166e-01 -1.04106672e-01 -9.75144003e-03 6.97284460e-01
    1.47584403e+00 1.15703702e+00 2.66293913e-01 7.37853706e-01
    4.39081997e-01 -4.61977988e-01 1.47984159e+00 3.51332337e-01
    8.55100751e-01 1.25283694e+00 3.42474878e-01 -3.28081131e-01
    -3.60032886e-01 1.27462614e+00 -4.38121766e-01 5.94223619e-01
    5.15764207e-02 8.27657938e-01 8.57557058e-01 2.92611271e-01
    1.46602952e+00 2.16169715e-01 1.19680595e+00 3.37511599e-01
    4.60512400e-01 5.05808055e-01 1.16063559e+00 -2.64888704e-01
    -2.47905523e-01 -1.69178367e-01 1.24185812e+00 5.25654435e-01
    2.86197692e-01 1.45494401e+00 1.49361670e+00 5.25216043e-01
    1.05083966e+00 -1.72133431e-01 1.53218344e-01 1.76876560e-01
    1.41096056e+00 1.31073147e-01 -1.23480290e-01 2.71590889e-01
    -2.92436182e-02 -1.15217000e-01 4.04255271e-01 1.10055673e+00
    1.34436750e+00 7.59016216e-01 6.52606130e-01 1.15915024e+00
    1.36385584e+00 -1.79115072e-01 8.53739321e-01 7.61430264e-01
    1.01497066e+00 1.13384688e+00 -2.60384023e-01 1.14954007e+00
    2.23249480e-01 8.29459012e-01 -4.60508317e-01 5.96099913e-01
    1.20176196e+00 1.32494259e+00 1.15688133e+00 -1.59514710e-01
    6.60186350e-01 1.42478004e-01 -3.93274128e-01 5.03024399e-01
    5.63098788e-01 8.14529181e-01 1.10360026e+00 -1.05744980e-01
    3.14040810e-01 3.98999184e-01 -2.18484364e-02 6.02594972e-01
    -3.30343843e-01 7.55619705e-01 -4.60008085e-01 5.81623912e-01
    4.45845634e-01 -5.56971468e-02 -2.83726841e-01 1.94782823e-01
    3.80028278e-01 -1.13842815e-01 8.91889036e-01 4.82858300e-01
    -3.66183668e-01 8.13077509e-01 1.51651871e+00 3.68957847e-01
    -5.28607816e-02 -2.58953512e-01 1.15222442e+00 5.18154860e-01
    6.23331726e-01 3.00580055e-01 9.93240416e-01 1.75494909e-01
    1.11636329e+00 9.17767107e-01 1.14649785e+00 7.61235416e-01
    -3.52073014e-01 1.07331538e+00 8.18370640e-01 4.62971535e-03
    5.80970168e-01 6.95508778e-01 -2.42453404e-02 3.56766321e-02
    2.54852295e-01 5.73943317e-01 3.46457213e-01 2.57701337e-01
    -2.67383367e-01 8.65792513e-01 2.44917274e-02 -3.30703706e-01
    -2.09095836e-01 3.46894294e-01 5.34601748e-01 1.44728267e+00
    6.82293028e-02 1.15973246e+00 1.07904434e+00 1.08434331e+00
    6.67988300e-01 -4.74546999e-02 -4.95695949e-01 1.19502389e+00
    1.06671035e+00 1.48578092e-01 1.37622774e+00 7.40021348e-01
    -3.46800655e-01 9.37510371e-01 -3.84015352e-01 5.77681303e-01
    1.11017132e+00 1.20564230e-01 1.02575064e+00 1.54394400e+00
    1.56418025e+00 9.22165275e-01 4.05656487e-01 1.18856883e+00
    1.05528045e+00 -1.72763065e-01 5.40814519e-01 1.07648599e+00
    -1.32210493e-01 9.57768440e-01 -4.57835108e-01 7.17259496e-02
    1.27572346e+00 -2.73307770e-01 1.34601712e+00 4.26927477e-01
    9.88181055e-01 -2.83521444e-01 5.03947973e-01 9.40012217e-01
    9.37260091e-01 6.52683496e-01 -9.65149999e-02 -4.49221909e-01
    9.71321225e-01 -5.63357398e-02 6.52542710e-01 4.84716296e-01
    1.33148575e+00 8.91306281e-01 8.01483333e-01 8.36552858e-01
    1.00285292e+00 1.35272324e+00 -7.24079609e-02 1.24275818e-01
    1.08895850e+00 1.77229404e-01 -5.46651743e-02 1.29247308e+00
    2.09400654e-02 9.44394350e-01 1.01198173e+00 9.34888422e-01
    4.86046560e-02 2.99365431e-01 -1.05729461e-01 -1.47696674e-01
    -9.62625146e-02 3.14763546e-01 1.06515110e+00 8.30549836e-01
    3.24619234e-01 1.26970157e-01 -3.30390275e-01 1.84554338e-01
    1.23446000e+00 2.71047145e-01 3.50958765e-01 1.17986476e+00
    1.06861496e+00 6.70037448e-01 -2.57810682e-01 1.00900924e+00
    5.55148721e-01 1.14975703e+00 5.85354865e-01 1.44459128e-01
    2.82781720e-02 3.42490643e-01 9.85311091e-01 4.42321837e-01
    -8.13814849e-02 1.27850521e+00 -2.73971081e-01 2.36967281e-01
    1.18028891e+00 1.16467679e+00 5.79496980e-01 6.34061769e-02
    -2.37986565e-01 3.58345434e-02 8.01872969e-01 1.46069705e+00
    4.11933154e-01 2.32166559e-01 1.56171620e-01 1.46405065e+00
    -4.42913562e-01 -6.45048246e-02 3.64379853e-01 5.20548940e-01
    5.23416877e-01 6.15188301e-01 -1.76956296e-01 -4.08246875e-01
    1.45887125e+00 3.69163811e-01 -1.31031871e-01 -7.92764276e-02
    1.08048499e+00 9.90067482e-01 6.36699498e-01 2.59795666e-01
    1.46379128e-01 7.24883556e-01 2.96061873e-01 4.03660685e-01
    7.98423290e-01 1.26012838e+00 -2.80402362e-01 1.45024824e+00
    -2.51310229e-01 1.24597859e+00 6.58135712e-02 1.27310491e+00
    1.47995842e+00 4.02250081e-01 1.52104497e+00 1.39472365e+00
    1.37705934e+00 -4.74697888e-01 1.20775864e-01 -3.90137434e-01
    4.02787656e-01 -1.62900150e-01 -1.85253143e-01 2.23886281e-01
    1.01573372e+00 -1.49700835e-01 1.24936664e+00 -2.96691488e-02
    6.54475033e-01 5.73962271e-01 1.30828440e+00 1.51565301e+00
    -2.79175460e-01 -1.40879959e-01 5.29408813e-01 9.77002859e-01
    -8.17711726e-02 -4.50300783e-01 -3.16089511e-01 1.33905435e+00
    -3.62192810e-01 9.15498972e-01 1.14493975e-02 6.48546293e-02
    -2.32146606e-01 1.42664358e-01 6.34551197e-02 3.33662421e-01
    1.02358830e+00 1.21449196e+00 1.15308821e+00 -8.72088671e-02
    5.62456310e-01 5.97409196e-02 -3.74051392e-01 1.49706805e+00
    -2.16604769e-01 1.06389165e+00 3.34616810e-01 -4.00686175e-01
    2.28934288e-01 1.33692324e+00 -1.08520299e-01 6.10995173e-01
    1.00669181e+00 1.17226887e+00 1.54069647e-01 -2.59083003e-01
    1.33898175e+00 3.99101615e-01 -1.20837122e-01 1.37057626e+00
    7.09523439e-01 -4.63361323e-01 -7.90819246e-03 1.43123746e+00
    -3.77557784e-01 9.56483722e-01 4.00862843e-02 1.24666417e+00
    5.76704323e-01 -2.64375154e-02 1.06054771e+00 -1.62928045e-01
    9.80757177e-01 3.71296555e-01 1.12391150e+00 6.75958991e-01
    4.37155396e-01 -3.27272922e-01 5.45201659e-01 -1.96018983e-02
    7.17604280e-01 1.47439420e-01 -2.49314129e-01 5.62434614e-01
    2.95933247e-01 1.44748867e+00 1.13566589e+00 1.36714339e-01
    1.31112874e+00 1.77974045e-01 3.65374088e-01 5.76377571e-01
    -3.47157478e-01 2.05251962e-01 1.30243576e+00 4.39527541e-01
    -4.39422242e-02 8.69826436e-01 -2.17670932e-01 5.19829214e-01
    1.49899793e+00 -4.35576916e-01 1.43586707e+00 -2.77851820e-01
    3.64092737e-01 1.37598383e+00 9.92494464e-01 2.94419974e-02
    6.13122061e-02 3.13461781e-01 4.44314420e-01 1.34674549e-01
    1.02850461e+00 1.18475842e+00 7.52947107e-02 1.47597361e+00
    1.32686961e+00 -4.04002368e-01 -7.66913891e-02 8.69995892e-01
    1.06779802e+00 9.07644033e-01 5.64703882e-01 1.21361807e-01
    8.15837145e-01 4.21329767e-01 6.70740545e-01 -3.95847648e-01
    5.18708169e-01 4.55785394e-01 1.27127385e+00 -1.59941897e-01
    1.20400035e+00 7.67444491e-01 1.00771987e+00 1.24936426e+00
    1.63425124e+00 1.58344817e+00 -1.78510711e-01 1.48677242e+00
    -1.05948970e-01 1.56707740e+00 1.57714891e+00 -1.39246941e-01
    3.92635018e-01 9.38416600e-01 -1.55621529e-01 1.00178695e+00
    1.02583337e+00 6.95989609e-01 1.45873055e-01 1.44350672e+00
    -1.95774604e-02 1.19491696e+00 2.51039207e-01 1.43940723e+00
    -4.79322970e-01 2.08602414e-01 1.06080806e+00 6.80500031e-01
    -6.25917921e-03 1.05453229e+00 1.44264996e+00 -2.32354432e-01
    1.34413767e+00 1.27478588e+00 -1.68417901e-01 2.88385034e-01
    7.21568048e-01 1.29593968e+00 2.66319752e-01 -5.10799229e-01
    -2.50209063e-01 2.27627710e-01 9.54219043e-01 4.27162766e-01
    9.42894280e-01 2.91230321e-01 3.55554491e-01 -1.42605662e-01
    8.92657757e-01 9.33750093e-01 6.95267200e-01 5.82808971e-01
    1.09318197e-01 -2.75834471e-01 -4.55982327e-01 -5.00420749e-01
    7.39086092e-01 1.79279312e-01 -4.22511458e-01 9.56361890e-01
    1.30570738e-03 7.48158514e-01 4.56595302e-01 1.82983354e-02
    4.71967667e-01 1.11724234e+00 2.56231844e-01 4.59462821e-01
    -1.55469462e-01 2.25970164e-01 -4.02087331e-01 2.03764409e-01
    -8.07472467e-02 -4.33971524e-01 -3.62392962e-02 5.90545475e-01
    1.06168938e+00 1.47767258e+00 7.33666122e-01 6.83946908e-01
    8.00523281e-01 6.50801420e-01 6.75030649e-01 -1.71250507e-01
    7.05575109e-01 -4.66868013e-01 1.08683407e+00 -1.24256663e-01
    5.45235455e-01 1.33256888e+00 -9.55523327e-02 -1.74373657e-01
    3.34789783e-01 1.06222004e-01 -4.91815031e-01 1.41473964e-01
    8.21245015e-01 2.03962386e-01 3.52188170e-01 1.24668813e+00
    3.06246102e-01 7.75385499e-01 6.62538171e-01 6.11412525e-01
    6.54333353e-01 3.82280380e-01 -1.18192531e-01 1.10254765e+00
    8.91844749e-01 1.31298184e+00 4.70914841e-01 1.69786602e-01
    5.71542978e-01 1.02275446e-01 3.24732363e-01 1.09056532e+00
    9.32369292e-01 4.83369499e-01 4.23296481e-01 1.08313870e+00
    5.63943088e-01 7.39927709e-01 9.14499760e-01 9.96318161e-02
    4.77112472e-01 -2.92805761e-01 1.20442712e+00 6.93803847e-01
    -8.28914940e-02 1.12152565e+00 1.09876668e+00 -4.56717372e-01
    8.36767614e-01 1.00696635e+00 -2.90599257e-01 1.21628177e+00
    7.14931250e-01 1.40687752e+00 -4.08421606e-01 -2.34691605e-01
    6.45868540e-01 1.71325460e-01 8.60238314e-01 3.50657940e-01
    6.88944459e-01 1.41270888e+00 1.17996979e+00 1.31326213e-01
    8.60524416e-01 7.39350140e-01 1.31205678e+00 -3.64118636e-01
    1.25246656e+00 1.47297728e+00 8.63415241e-01 -6.67559430e-02
    4.55940902e-01 5.11768460e-01 6.97325468e-02 6.10467456e-02
    1.04675317e+00 2.01700181e-01 8.19682956e-01 1.44209826e+00
    1.51128113e-01 4.06478733e-01 7.50192702e-01 2.44401991e-01
    1.93529978e-01 8.08245003e-01 8.73113349e-02 1.18142056e+00
    7.82209039e-01 2.27416784e-01 1.44634092e+00 9.03111041e-01
    7.42399096e-01 -8.38105157e-02 2.83932209e-01 -1.52208984e-01
    3.99871051e-01 -3.75939161e-01 9.52103376e-01 -4.22591388e-01
    2.88447291e-01 -9.96726602e-02 3.27144891e-01 1.17741096e+00
    -5.06279707e-01 6.45558059e-01 1.21783006e+00 1.11273384e+00
    3.11521083e-01 -1.68479621e-01 5.71319997e-01 2.82819539e-01
    -3.85012984e-01 8.84701133e-01 1.21288681e+00 -2.30007857e-01
    1.95038512e-01 1.40057504e-01 8.75328958e-01 1.29672790e+00
    5.20077646e-01 1.33712685e+00 4.82639372e-01 1.50243437e+00
    -3.96842420e-01 -2.44142413e-02 2.50861108e-01 9.12504971e-01
    7.99053609e-01 1.21713936e+00 1.14057696e+00 4.33348417e-01
    2.44932055e-01 2.99556255e-01 1.33208013e+00 -4.22204465e-01
    1.46126950e+00 -3.63114506e-01 6.76595986e-01 5.42207286e-02
    1.44980180e+00 -1.37462199e-01 1.27805567e+00 6.24126680e-02
    -1.42916992e-01 -3.53044033e-01 -1.28538892e-01 -3.87038440e-01
    1.01870263e+00 8.02832842e-01 1.80388596e-02 -3.22013527e-01
    8.43665957e-01 1.48074424e+00 1.08506453e+00 -5.04860222e-01
    7.94195473e-01 1.01924026e+00 5.51236607e-02 5.15118301e-01
    1.23633337e+00 -1.97976351e-01 -1.72214106e-01 1.13101855e-01
    4.65970099e-01 1.28025448e+00 7.12902009e-01 1.26671040e+00
    1.16835845e+00 1.19223249e+00 1.35617399e+00 5.13885558e-01
    -2.70473715e-02 6.44839227e-01 -2.90104188e-02 -6.05314597e-02
    9.90358055e-01 4.79145855e-01 6.61771476e-01 -1.81868643e-01
    8.33459735e-01 2.65312135e-01 -3.04211140e-01 6.83649659e-01
    1.09047091e+00 7.46975601e-01 1.31947160e+00 -2.15950772e-01
    1.26068532e+00 1.24840248e+00 -3.25897217e-01 9.99025181e-02
    2.51713902e-01 -4.73147362e-01 1.47988415e+00 6.18144691e-01
    -4.63215917e-01 -3.36288661e-01 1.32585540e-01 1.48484915e-01
    3.04271311e-01 8.46701443e-01 4.73379970e-01 5.65539539e-01
    1.25670731e+00 -2.38967180e-01 1.41784501e+00 -3.30405563e-01
    8.04574370e-01 -1.73648447e-01 5.75730383e-01 7.41168857e-01
    9.15497601e-01 -4.77191180e-01 -3.76270831e-01 -2.07334638e-01
    7.14135528e-01 -3.75695318e-01 1.19071215e-01 4.70330685e-01
    9.99372780e-01 4.03826796e-02 1.31666851e+00 -4.34829503e-01
    6.90255702e-01 5.01202226e-01 4.04910445e-01 3.43480967e-02
    1.20553887e+00 4.71988738e-01 1.01021647e+00 2.23735437e-01
    -3.38355064e-01 -3.78786266e-01 3.37724745e-01 -2.19562590e-01
    6.56303167e-01 4.10383493e-01 -1.93444252e-01 -2.16376573e-01
    1.38860202e+00 1.46571457e-01 1.12786138e+00 3.26005816e-02
    8.19508493e-01 9.31813478e-01 2.74208069e-01 3.76332909e-01
    7.92192519e-01 6.60911053e-02 1.36553228e+00 8.39498997e-01
    9.81251299e-01 3.34987611e-01 -4.24946666e-01 2.74810076e-01
    1.32571840e+00 5.98411381e-01 5.57094395e-01 1.45310318e+00
    5.85692763e-01 -2.96605438e-01 -5.46043925e-02 5.08219659e-01
    4.66286033e-01 -1.47679418e-01 1.52379751e+00 1.44004238e+00
    1.13370943e+00 1.46569109e+00 -4.02154058e-01 1.32891703e+00
    -4.40389991e-01 7.02623546e-01 2.82555699e-01 7.15266407e-01
    1.10693681e+00 1.12749398e+00 5.88325799e-01 5.50833523e-01
    5.84735990e-01 -4.59375322e-01 1.52427256e+00 4.05403227e-01
    8.33888501e-02 4.05750215e-01 2.16215640e-01 -4.75158662e-01
    1.21260941e+00 1.91376835e-01 3.14627051e-01 -1.88203350e-01
    -4.03209239e-01 9.54451978e-01 7.52486214e-02 1.49326038e+00
    4.80000705e-01 8.21497440e-01 2.74143934e-01 1.01124501e+00
    -1.49678305e-01 1.25388706e+00 1.29239736e-02 3.64265889e-01
    1.15230000e+00 -6.10612612e-03 2.73605347e-01 -4.06546056e-01
    1.80855080e-01 9.09566104e-01 7.88933635e-01 -1.20038427e-01
    1.47760189e+00 3.05929184e-01 1.00065732e+00 1.43332005e+00
    1.53497696e-01 -4.62270863e-02 -3.40039879e-01 -4.38540764e-02
    5.73456705e-01 8.39718938e-01 3.37120652e-01 -2.95146763e-01
    4.82201010e-01 1.08838904e+00 7.48404741e-01 1.50206470e+00
    5.11463106e-01 4.42601353e-01 2.42112100e-01 -1.32221848e-01
    -2.22948164e-01 -4.29195464e-01 1.47780848e+00 -4.91004944e-01
    3.04956287e-01 5.68385005e-01 -4.89628583e-01 3.43683511e-01
    -4.55040962e-01 9.48322654e-01 3.75709116e-01 -1.24106802e-01
    6.77473128e-01 2.03585327e-01 4.83756632e-01 -4.17227358e-01
    -2.23646477e-01 1.29204035e+00 8.14474285e-01 7.97022581e-01
    3.57207447e-01 -4.19196069e-01 1.32893860e+00 -4.49515373e-01
    4.28937703e-01 -4.65167165e-01 7.63334215e-01 -9.80257690e-02
    -2.99346298e-01 1.46234125e-01 6.95630729e-01 -3.94119203e-01
    1.29430187e+00 1.29101229e+00 -4.96180683e-01 -5.97922765e-02
    1.03404152e+00 2.08333254e-01 1.20430803e+00 1.34800661e+00
    -2.71202624e-01 4.59717453e-01 -1.06552891e-01 1.40301156e+00
    1.17381895e+00 6.91029012e-01 1.28732002e+00 9.23305228e-02
    6.35528147e-01 9.75391209e-01 4.75980312e-01 1.40731788e+00
    -2.49986220e-02 9.30317640e-02 9.85515118e-01 1.40019131e+00
    -3.78427386e-01 1.23027995e-01 1.83786049e-01 4.91809458e-01
    5.13288856e-01 -1.39272019e-01 3.46518129e-01 5.39173543e-01
    -4.41479117e-01 1.41074300e+00 -1.04456143e-02 -1.84470102e-01
    -1.00373976e-01 1.38120484e+00 -2.53402293e-02 1.09713030e+00
    -1.19160242e-01 5.93976021e-01 1.04617149e-01 5.54042995e-01
    1.17794991e+00 -3.75471115e-01 1.40778625e+00 1.22779429e+00
    -3.81950065e-02 -1.00768264e-02 1.48365796e-01 9.05615866e-01
    3.28701526e-01 1.16274571e+00 -2.49168888e-01 7.42284596e-01
    1.35334647e+00 4.67625678e-01 -5.02452791e-01 -2.57002532e-01
    6.81080282e-01 5.73139966e-01 -1.53702805e-02 -1.78907037e-01
    9.69241500e-01 7.91398704e-01 6.68031156e-01 6.17247581e-01
    3.45234215e-01 1.02402174e+00 1.21089447e+00 1.11339021e+00
    1.11386466e+00 1.47206581e+00 7.82184720e-01 -5.36623001e-02
    1.22679079e+00 1.28318274e+00 3.92426968e-01 -2.77220517e-01
    1.26319301e+00 1.42988014e+00 1.00102961e+00 -3.92874569e-01
    -4.53082472e-01 1.44193792e+00 1.42269850e+00 1.17812371e+00
    7.89252520e-02 -2.26207152e-01 1.32318103e+00 2.47580752e-01
    5.78236520e-01 -3.26165497e-01 -4.78250235e-01 7.50869691e-01
    4.70781416e-01 1.32793695e-01 5.24759471e-01 6.63735747e-01
    6.29870296e-02 1.29890513e+00 3.43965858e-01 1.45854741e-01
    -2.15366185e-01 4.16945636e-01 6.27321839e-01 1.39975393e+00
    -2.22896129e-01 3.69765371e-01 6.09663069e-01 1.82110921e-01
    1.04159927e+00 -5.12213767e-01 -1.46468073e-01 9.04636085e-01
    1.24315774e+00 7.30627179e-01 9.38812315e-01 5.21392226e-01
    3.70279938e-01 1.31735170e+00 -1.42054170e-01 1.25249922e+00
    1.03252280e+00 6.85659707e-01 1.43635368e+00 1.77333862e-01
    -1.48993909e-01 1.18601167e+00 1.23375237e+00 5.90350330e-01
    1.21533680e+00 9.71521437e-01 6.11416817e-01 -3.93836498e-01
    5.21686912e-01 1.35559794e-02 -1.68505594e-01 1.42091584e+00
    3.42117399e-01 7.52325177e-01 1.07032502e+00 1.45607686e+00
    9.17166233e-01 -1.16734333e-01 1.45480931e+00 6.17311560e-02
    1.43556762e+00 2.91545898e-01 1.49489796e+00 6.40590608e-01
    1.44595933e+00 7.72254467e-01 -1.62147358e-01 1.43630576e+00
    9.40124333e-01 -1.36614770e-01 5.43150485e-01 5.23186862e-01
    2.85636485e-01 1.20318222e+00 3.42174292e-01 7.51236260e-01
    -3.38837653e-01 1.27634370e+00 9.80478406e-01 -4.75303859e-01
    4.71413821e-01 3.30245763e-01 5.84119856e-01 8.42203796e-02
    1.02954790e-01 1.37425709e+00 8.71939398e-03 1.00390279e+00
    8.54354858e-01 2.26271108e-01 1.31314445e+00 -2.78857589e-01
    1.12865373e-01 5.89603841e-01 5.29207647e-01 6.75248861e-01
    1.47158706e+00 6.02031946e-02 6.31202459e-01 5.53912520e-01
    1.09358847e+00 -3.38336974e-01 1.13113594e+00 3.50849599e-01
    7.91608214e-01 4.44145173e-01 9.81166810e-02 -7.92603493e-02
    9.18778628e-02 2.50347972e-01 -3.06939989e-01 -3.83242071e-01
    6.43763393e-02 9.76159513e-01 3.36807609e-01 -1.03439905e-01
    1.35473990e+00 5.32238543e-01 1.25936246e+00 -4.37724710e-01
    6.85722902e-02 -1.92308486e-01 -8.86863843e-02 -4.67531681e-01
    1.51024032e+00 6.29864037e-01 1.02839313e-01 -2.56230116e-01
    8.58111799e-01 4.50519949e-01 1.17650771e+00 7.29312003e-01
    1.04405694e-01 1.13143134e+00 -4.17581528e-01 1.46490812e+00
    1.27189231e+00 1.21808684e+00 -8.50649923e-02 1.27433419e+00
    2.75518626e-01 2.50295013e-01 4.86726642e-01 2.46620968e-01
    -1.51448593e-01 1.14704835e+00 -2.71691829e-01 -2.44024575e-01
    1.09106660e+00 -4.69098091e-01 -4.88186069e-02 1.40143955e+00
    1.11525953e+00 4.29773599e-01 2.48921812e-01 -4.22482461e-01
    1.38676500e+00 1.04522538e+00 -1.35590330e-01 1.03728926e+00
    -2.37822741e-01 1.12474537e+00 3.13280016e-01 -2.16217950e-01
    1.02984583e+00 -2.03425482e-01 -5.38246669e-02 1.06056523e+00
    1.47990251e+00 -3.71967077e-01 1.85128693e-02 6.61327481e-01
    1.12607527e+00 -2.12980762e-01 1.48116612e+00 7.73901939e-01
    -3.55084062e-01 3.59681249e-01 2.28275254e-01 1.05155265e+00
    2.91449666e-01 1.42044711e+00 7.24964961e-02 -3.08014870e-01
    8.71706426e-01 4.89805102e-01 1.36612618e+00 1.35426223e-01
    -3.10930729e-01 -7.55613893e-02 -2.14567676e-01 1.94001123e-01
    1.19118333e-01 1.20180988e+00 4.48884130e-01 -1.34919986e-01
    1.35744762e+00 7.60186732e-01 1.14035286e-01 6.37581348e-01
    -1.23121113e-01 1.13513303e+00 1.43873560e+00 1.48176241e+00
    2.89919585e-01 -2.93320686e-01 6.01146936e-01 1.33374429e+00
    1.30364215e+00 2.98492372e-01 8.82488072e-01 -2.43720189e-01
    9.52730298e-01 1.32362533e+00 -7.20050093e-03 1.22880018e+00
    2.27580771e-01 2.64645904e-01 2.04860106e-01 -3.48493069e-01
    3.80238354e-01 -1.76939368e-01 -2.18699455e-01 1.07325518e+00
    -2.65176296e-02 6.23776555e-01 9.59125817e-01 1.31045914e+00
    9.15060580e-01 -3.47458154e-01 -4.04192328e-01 1.45057189e+00
    -4.11556870e-01 -1.46720544e-01 -1.29145175e-01 2.61340410e-01
    -2.07144707e-01 1.02074765e-01 1.46629691e-01 -2.54798442e-01
    2.09823951e-01 5.72705686e-01 -3.09429079e-01 2.65481353e-01
    -2.72512466e-01 1.04616368e+00 5.49543619e-01 7.91939914e-01
    1.22063243e+00 8.57921302e-01 6.80894017e-01 8.01053584e-01
    4.28173929e-01 6.70885384e-01 1.39541268e+00 1.98475301e-01
    4.21444863e-01 -2.85660386e-01 1.36143744e+00 -4.01388645e-01
    -2.51205027e-01 1.02767694e+00 -1.55377433e-01 9.54323530e-01
    5.28563917e-01 2.69702196e-01 1.05423406e-02 7.75819421e-01
    8.67783964e-01 -1.29708022e-01 2.46405736e-01 1.43593109e+00
    3.43866020e-01 1.21358955e+00 7.41232634e-01 6.90409780e-01
    -1.19176373e-01 1.37120068e+00 5.68028033e-01 1.15945828e+00
    -4.90842938e-01 1.03853822e+00 1.05073881e+00 4.16322917e-01
    1.21569681e+00 4.81476188e-01 2.40776658e-01 8.15925658e-01
    5.37000179e-01 1.51206851e-01 1.66340649e-01 1.11903787e+00
    4.21766728e-01 7.40483940e-01 3.50388855e-01 1.52392864e+00
    5.06122768e-01 1.09082425e+00 9.79704976e-01 -2.68344015e-01
    9.46903229e-01 -5.99502400e-02 1.02271903e+00 1.30945635e+00
    1.14075266e-01 2.07337681e-02 3.67504150e-01 3.33888352e-01
    7.25252032e-01 1.30189562e+00 -4.22194213e-01 9.41759586e-01
    1.07721651e+00 -2.13032961e-02 3.84316415e-01 4.95707355e-02
    -2.12167084e-01 1.06665182e+00 1.13527305e-01 6.22762322e-01
    1.29123557e+00 6.55484676e-01 2.57433295e-01 9.58050609e-01
    3.65079381e-02 1.17871575e-01 1.20824301e+00 -3.54155123e-01
    1.42080796e+00 9.55368578e-01 1.42170918e+00 -7.88404718e-02
    8.71982127e-02 2.30430678e-01 -1.61213279e-02 -2.44090140e-01
    1.32432425e+00 1.47996283e+00 1.43339142e-01 -3.46649401e-02
    4.31079119e-02 -2.79252976e-01 7.46215582e-01 6.17352426e-01
    1.54892370e-01 2.41514161e-01 1.43700504e+00 -8.04014951e-02
    6.10266328e-01 2.55679995e-01 -3.16071332e-01 -3.26854169e-01
    5.54662496e-02 9.65268314e-01 -2.20169485e-01 -3.37216794e-01
    7.21613824e-01 -4.13999744e-02 -3.39402974e-01 1.22017765e+00
    -4.60423768e-01 8.36645603e-01 1.31713605e+00 8.08985382e-02
    3.24971884e-01 5.53392947e-01 1.47177553e+00 8.58582497e-01
    8.37315381e-01 1.43039787e+00 9.12720501e-01 4.63445276e-01
    7.87402451e-01 3.56516898e-01 -6.30059615e-02 2.86355227e-01
    1.13227196e-01 1.20390403e+00 -3.50219816e-01 1.15312445e+00
    6.43983185e-01 -1.91215724e-02 3.83046746e-01 -3.47389996e-01
    -2.71156188e-02 1.05430158e-02 1.25996304e+00 -4.32769418e-01
    -2.40882799e-01 1.16504025e+00 8.12351048e-01 -7.96993822e-03
    -4.53423820e-02 7.84455597e-01 2.34017044e-01 1.01176359e-01
    -4.83669877e-01 1.41102898e+00 5.90458810e-01 7.97002494e-01
    1.08847082e+00 -2.99325526e-01 1.69088870e-01 1.11875677e+00
    -1.49631068e-01 -3.53391543e-02 2.59323269e-01 6.93488777e-01
    -3.98666710e-01 1.42882597e+00 -4.28910315e-01 1.21817313e-01
    -4.66686517e-01 4.98647213e-01 1.10914826e+00 -3.62741470e-01
    1.19585598e+00 4.26956475e-01 -2.33605057e-01 -4.59861532e-02
    1.38946128e+00 7.94252515e-01 1.20424592e+00 8.37193668e-01
    1.18850493e+00 8.35115016e-01 7.18511403e-01 7.36240983e-01
    3.56416404e-01 7.33592093e-01 -3.27295184e-01 1.07441592e+00
    1.30532295e-01 -4.61835533e-01 1.45229208e+00 1.41366148e+00
    4.12392050e-01 1.99181750e-01 1.32492363e+00 1.48743081e+00
    -3.83511513e-01 -3.79311502e-01 -1.49376959e-01 2.57145375e-01
    1.12211978e+00 1.06682229e+00 1.31217515e+00 2.81833470e-01
    3.54224861e-01 1.20473349e+00 1.35324359e+00 1.09427571e+00
    3.61366086e-02 5.50188303e-01 1.22119939e+00 1.17482588e-01
    9.69488740e-01 -2.51725435e-01 9.73054886e-01 6.30005240e-01
    6.17944077e-02 1.01751840e+00 9.38267291e-01 3.81042868e-01
    -1.87155172e-01 -4.77302931e-02 5.01188934e-01 1.97667986e-01
    -3.51483822e-01 1.09948605e-01 8.59538019e-02 1.04979491e+00
    1.40590322e+00 1.13505363e+00 6.23612702e-01 1.20141554e+00
    8.01490366e-01 1.34212732e+00 1.12694788e+00 6.63686872e-01
    5.56632280e-01 6.30154431e-01 5.90686500e-01 9.84814703e-01
    1.07898998e+00 9.85369802e-01 -3.09514403e-01 3.54669452e-01
    1.28826714e+00 4.91781294e-01 1.05286419e+00 1.19443095e+00
    2.38015242e-02 3.35619748e-01 9.17194188e-01 9.76072788e-01
    -1.10323593e-01 1.48527646e+00 -4.12825085e-02 2.25452676e-01
    1.34354055e+00 2.73148954e-01 -2.57668614e-01 2.36125231e-01
    -1.38314702e-02 4.24395114e-01 6.10057294e-01 9.02449489e-01
    -4.92276102e-01 2.48430729e-01 1.04087639e+00 1.37435734e-01
    1.10580873e+00 8.09772983e-02 -4.22007382e-01 2.36887902e-01
    -1.99476957e-01 -4.52131741e-02 5.78416228e-01 6.75372183e-01
    1.19200206e+00 -2.26425305e-01 2.02062264e-01 -3.75447094e-01
    2.19769090e-01 1.36818957e+00 8.94412100e-01 -1.70441777e-01
    1.27105165e+00 1.09788561e+00 8.60532045e-01 1.12603545e+00
    8.65826190e-01 6.06671989e-01 1.18059063e+00 2.46408075e-01
    -3.87237430e-01 1.47068501e+00 1.18622148e+00 7.33690739e-01
    1.00325453e+00 2.32273713e-01 8.96722674e-01 1.21746592e-01
    -3.76181640e-02 1.82373106e-01 8.04757714e-01 1.31850684e+00
    1.45830190e+00 4.12256926e-01 1.34234354e-01 -4.37410355e-01
    6.43896639e-01 1.17017055e+00 -1.30069330e-01 -4.04210091e-01
    -4.22094017e-01 9.25657988e-01 -7.71686733e-02 -3.86397064e-01
    -2.57623136e-01 2.75732368e-01 6.17132664e-01 -2.13891175e-02
    5.53953171e-01 -4.72344756e-01 1.37599492e+00 -3.15119922e-01
    -1.13969564e-01 1.30980909e+00 1.47835886e+00 1.20215714e+00
    1.23921967e+00 3.58027637e-01 1.01540911e+00 5.08812010e-01
    4.71704565e-02 4.66425568e-01 -1.84127823e-01 5.56614935e-01
    1.35407162e+00 -1.77049980e-01 6.33075595e-01 8.24806571e-01
    -3.02985221e-01 6.25256300e-02 1.36746812e+00 1.78426594e-01
    -2.46149406e-01 1.22104728e+00 8.67661595e-01 2.75945425e-01
    1.22169304e+00 1.08687913e+00 7.47812629e-01 1.48809940e-01
    8.19451392e-01 1.15403354e+00 -3.93880427e-01 1.97437227e-01
    6.72517359e-01 1.16371028e-01 1.00528240e+00 3.02178800e-01
    -4.72977102e-01 3.47074389e-01 6.06246758e-03 -3.37556511e-01
    -2.08103120e-01 1.33542728e+00 6.12276733e-01 -9.07738507e-02
    1.04663527e+00 4.27252203e-01 3.44025850e-01 1.69099361e-01
    5.61155617e-01 7.54103482e-01 2.60000974e-01 -2.97728807e-01
    1.36108744e+00 1.17268884e+00 9.56526101e-01 8.20612192e-01
    1.50175059e+00 1.26750755e+00 4.29607518e-02 1.98849708e-01
    -4.30479616e-01 6.28213942e-01 1.50807595e+00 1.26268375e+00
    3.90366316e-01 2.25317165e-01 6.95732772e-01 -1.27159819e-01
    2.85565943e-01 4.13974524e-01 9.16416109e-01 1.06932223e+00
    1.00480556e+00 8.83620441e-01 9.50649381e-01 5.56031205e-02
    6.55402362e-01 1.35040843e+00 7.73920119e-01 -3.36991668e-01
    6.47265196e-01 7.13850498e-01 8.16318452e-01 -3.72163467e-02
    7.83955514e-01 2.32709289e-01 1.10405982e+00 3.58327664e-02
    1.28544152e+00 6.65677011e-01 -2.79255867e-01 2.92653050e-02
    1.53492332e-01 -1.17433928e-01 3.80603254e-01 -3.28416944e-01
    9.97029364e-01 1.01579332e+00 -2.14797199e-01 -3.97418082e-01
    1.10985851e+00 -1.53576493e-01 6.67995632e-01 8.62828553e-01
    1.22356623e-01 6.47571921e-01 7.03999400e-01 9.22580302e-01
    -1.04774153e-02 7.25723743e-01 1.17108440e+00 -1.86206385e-01
    3.30352306e-01 1.20753407e+00 -1.12918898e-01 3.31442863e-01
    1.20065439e+00 1.22898304e+00 1.18956244e+00 -1.18290432e-01
    -4.53808427e-01 1.14281058e+00 9.17949021e-01 -3.17453332e-02
    6.23278856e-01 1.05959225e+00 -3.31949219e-02 7.65560865e-01
    5.72627842e-01 -1.67013645e-01 9.53211069e-01 4.58161741e-01
    -2.74989516e-01 -4.09765482e-01 -4.28987592e-01 5.44643223e-01
    -3.79171938e-01 -4.07854617e-01 1.03962946e+00 4.32963133e-01
    4.52698588e-01 7.08948135e-01 -2.44922698e-01 1.12580502e+00
    -4.71954137e-01 9.28316951e-01 7.88484931e-01 -1.32278845e-01
    4.47346836e-01 -1.01800829e-01 1.21972263e-01 -3.54377598e-01
    8.94658208e-01 -4.50045973e-01 4.20114368e-01 -4.78778809e-01
    1.24023211e+00 -4.44531620e-01 4.08893138e-01 3.97780359e-01
    -5.16414702e-01 1.27703369e+00 2.54692554e-01 1.43473685e+00
    3.48602682e-01 -8.31320584e-02 1.21571851e+00 -5.07644475e-01
    1.41823277e-01 3.29614222e-01 9.47775126e-01 -1.03362627e-01
    7.00814962e-01 3.20692301e-01 8.19471478e-01 1.02815938e+00
    1.71422631e-01 -2.28794575e-01 3.26689899e-01 1.37191463e+00
    9.87995028e-01 1.10926282e+00 1.10060501e+00 1.62541819e+00
    1.29562533e+00 1.69737804e+00 5.09883940e-01 8.51379037e-01
    -2.84654796e-01 1.46311283e+00 7.17514217e-01 1.43005085e+00
    -4.11545098e-01 2.56283432e-01 5.69784641e-01 1.06470287e+00
    1.14232647e+00 -5.66522442e-02 8.82276654e-01 1.33293879e+00
    -3.38857830e-01 -2.68908113e-01 1.08238077e+00 1.44799876e+00
    1.92823052e-01 9.19462562e-01 5.42146385e-01 1.30781674e+00
    -1.51027635e-01 -4.30959165e-01 4.51292217e-01 7.92896807e-01
    8.56629014e-01 1.53419957e-01 1.24291754e+00 4.34201628e-01
    -1.73142791e-01 3.55122596e-01 9.57037508e-01 1.42388308e+00
    2.11788833e-01 -1.35701120e-01 3.96870047e-01 5.72362542e-02
    3.23738009e-01 2.80695319e-01 4.93103981e-01 4.05570418e-01
    1.06735456e+00 1.08053041e+00 9.38252330e-01 8.30228269e-01
    -3.25558007e-01 4.70985293e-01 -3.90615255e-01 8.79617572e-01
    -4.84451681e-01 6.59978569e-01 -4.25004274e-01 3.57326955e-01
    -4.59237635e-01 -4.34549987e-01 -2.15592459e-01 2.61407942e-01
    1.51567638e+00 6.27803862e-01 1.23571134e+00 2.31041953e-01
    6.23351932e-01 -3.66443664e-01 9.45490539e-01 -4.13266361e-01
    1.25081682e+00 -3.51959437e-01 -2.95083880e-01 4.12804157e-01
    1.10831726e+00 3.29302400e-01 8.76126230e-01 -1.06703460e-01
    2.24829674e-01 5.94353378e-01 1.12437046e+00 1.34282565e+00
    1.48046410e+00 -2.67806262e-01 1.09415877e+00 8.43349278e-01
    -2.93965459e-01 5.07148564e-01 1.39404142e+00 -5.76893650e-02
    9.54504609e-01 -2.70301789e-01 1.07412827e+00 4.12719548e-01
    5.28880358e-01 7.74969161e-02 6.51387990e-01 -4.83673304e-01
    4.00957942e-01 7.28614032e-02 1.27963901e+00 4.89388138e-01
    1.28165329e+00 4.68373209e-01 5.69115520e-01 1.38709807e+00
    2.61235535e-01 -2.79276371e-01 -3.59819770e-01 2.94685870e-01
    6.39741182e-01 1.48505771e+00 6.52733088e-01 9.47154582e-01
    1.45502710e+00 6.18426919e-01 2.72463679e-01 6.51391745e-02
    -3.31185520e-01 1.13491023e+00 1.46324599e+00 1.02303863e+00
    8.72079313e-01 -1.61504388e-01 -2.20321625e-01 1.05991578e+00
    3.92510071e-02 -2.13467702e-01 -9.88309160e-02 -8.88385326e-02
    1.19055569e+00 -2.12624982e-01 -1.78623855e-01 -4.37376350e-01
    1.12965894e+00 1.06253254e+00 -5.07282376e-01 1.47088230e+00
    3.15547317e-01 4.18730468e-01 1.68671384e-01 5.30579448e-01
    -1.57693073e-01 -4.35381144e-01 -3.80639344e-01 3.87654036e-01
    -4.28869426e-01 -1.58383414e-01 4.31221724e-03 1.17279339e+00
    -1.61105707e-01 6.25216007e-01 2.29147911e-01 -1.21054538e-01
    1.44930005e+00 8.97705495e-01 -4.39440250e-01 4.58478212e-01
    6.13896370e-01 -1.87764689e-01 -2.10015357e-01 6.56906664e-01
    9.13661540e-01 3.33128095e-01 5.69868684e-01 5.41460551e-02
    -9.35803577e-02 -4.15834844e-01 1.42715287e+00 6.04873180e-01
    1.38406670e+00 1.32816112e+00 7.80660331e-01 -2.93710846e-02
    -1.94248527e-01 -3.89255472e-02 2.30524734e-01 9.87884104e-01
    1.13062370e+00 6.73471868e-01 1.27324557e+00 1.09302783e+00
    5.93205929e-01 6.51282966e-01 -2.76499063e-01 1.05289257e+00
    9.08632100e-01 -2.58665562e-01 3.55506152e-01 5.84572554e-01
    3.06410998e-01 1.32885921e+00 -4.04861540e-01 2.07269862e-01
    1.43004072e+00 1.49030125e+00 -4.46523815e-01 -3.28313529e-01
    8.54373693e-01 1.01588035e+00 6.57665730e-01 1.93967134e-01
    1.43551854e-02 -4.25203651e-01 -1.42572030e-01 6.73787534e-01
    1.10006440e+00 6.78281486e-01 -2.49893129e-01 7.82158732e-01
    4.67086136e-01 1.25161564e+00 8.77379596e-01 1.36470115e+00
    1.40713170e-01 2.77654022e-01 1.10431492e+00 1.40075350e+00
    7.46543050e-01 -3.65128696e-01 6.00566804e-01 3.12251896e-01
    -2.08434820e-01 1.25355053e+00 -2.74419039e-01 8.40185463e-01
    2.41635621e-01 -9.44777802e-02 1.01306498e+00 1.30317760e+00
    -1.12925552e-01 8.25955868e-02 3.27353656e-01 1.26701117e+00
    1.20465565e+00 4.98593420e-01 1.49287438e+00 -1.79593951e-01
    5.55505574e-01 -3.00842911e-01 1.42129064e+00 -4.08936590e-02
    1.45838487e+00 1.20260990e+00 -4.27530527e-01 1.03003871e+00
    3.37894857e-01 1.45872211e+00 1.34648919e+00 -3.08265209e-01
    6.13051295e-01 -2.34254465e-01 3.24292719e-01 -1.81447938e-01
    -2.79848695e-01 -6.65768385e-02 8.99372101e-02 5.20455427e-02
    1.48978257e+00 1.50471115e+00 5.99227905e-01 2.79980332e-01
    -4.93522435e-02 7.27135897e-01 9.27491546e-01 9.83932137e-01
    1.26422763e+00 2.53091455e-01 -1.35192648e-01 5.22432625e-01
    -4.89285201e-01 8.58106434e-01 5.32779872e-01 6.07705452e-02
    3.38631392e-01 1.52999640e-01 1.35860074e+00 9.62412357e-01
    1.38101256e+00 3.80000710e-01 2.19663665e-01 3.76623839e-01
    2.80102670e-01 1.26995528e+00 8.52364480e-01 9.79210019e-01
    -1.45829171e-01 1.28307629e+00 2.63143033e-01 -1.85443565e-01
    1.07381785e+00 8.91066194e-01 1.17443597e+00 -5.33161640e-01
    9.07346010e-01 6.22735143e-01 5.16005158e-02 -3.15782875e-01
    3.41508389e-02 -4.28639323e-01 1.41360223e+00 -1.25358030e-01
    -5.08425944e-02 1.08814669e+00 7.03687251e-01 8.40086281e-01
    1.10172307e+00 1.32521141e+00 -9.29489732e-02 7.38959134e-01
    -2.83364594e-01 1.26976037e+00 -1.94324926e-01 5.47571778e-01
    1.07478046e+00 2.96525687e-01 2.93656122e-02 -3.99044365e-01
    1.01127791e+00 -4.01036739e-01 3.50617111e-01 9.98147905e-01
    9.51515079e-01 2.47725248e-02 1.45788777e+00 -5.67372963e-02
    6.33229911e-01 5.88115215e-01 -7.53234997e-02 -3.18185151e-01
    2.59610921e-01 6.46972358e-01 -3.69814873e-01 9.75707948e-01
    1.48864985e+00 1.92187145e-01 9.44870234e-01 -3.84015292e-01
    9.21710849e-01 5.48543632e-01 4.87813167e-02 1.05217695e+00
    5.08316576e-01 1.23590827e+00 3.75823975e-02 -4.70821559e-01
    -6.64662868e-02 9.61350143e-01 1.16392374e+00 3.21060866e-02
    -2.15090200e-01 -3.29201132e-01 9.33182180e-01 1.23284376e+00
    5.69384657e-02 9.35701579e-02 -2.19716012e-01 2.92768449e-01
    1.03962922e+00 1.88936114e-01 7.59234488e-01 1.45244467e+00
    6.27852917e-01 1.35476732e+00 7.36882746e-01 -3.48132066e-02
    1.03722775e+00 4.60525960e-01 -4.09462959e-01 1.24933028e+00
    8.72529149e-01 1.11006784e+00 2.81609476e-01 -1.41336722e-02
    2.29643211e-01 1.24552536e+00 7.28428885e-02 -3.24232638e-01
    7.48466730e-01 -1.39952535e-02 -1.60842955e-01 6.62358284e-01
    -3.50293636e-01 1.20146346e+00 6.61329150e-01 3.20559323e-01
    3.38917315e-01 -1.76009879e-01 1.00548893e-01 1.46563482e+00
    1.14431047e+00 5.08917928e-01 1.25626609e-01 5.48925340e-01
    -1.32844165e-01 1.47331154e+00 1.31731117e+00 5.91154277e-01
    -3.79130632e-01 8.42301846e-01 9.31808293e-01 -1.08770296e-01
    1.44967794e+00 8.42988133e-01 -9.77491066e-02 9.02954876e-01
    5.49351811e-01 -2.86667913e-01 3.60924006e-01 5.25652349e-01
    -2.06386775e-01 5.17105103e-01 -8.11070949e-02 7.21126914e-01
    8.22319269e-01 -4.34017569e-01 7.35212266e-01 2.37539366e-01
    3.09630722e-01 2.91946590e-01 2.38187909e-01 -4.60150540e-01
    4.08105880e-01 5.29167578e-02 5.44236660e-01 -1.46026641e-01
    -6.14081919e-02 9.70799387e-01 1.32523036e+00 2.93012023e-01
    -4.45522100e-01 1.34317771e-01 1.33398974e+00 -4.34071034e-01
    5.05395830e-01 6.96123660e-01 8.26752365e-01 -2.42921713e-04
    1.01408100e+00 2.32263267e-01 -4.49349940e-01 -4.89322096e-01
    1.39008713e+00 1.33624613e+00 -1.99852809e-02 1.09372699e+00
    1.27658403e+00 7.68473208e-01 4.25991863e-01 -2.54394189e-02
    3.41053039e-01 2.13828012e-01 -1.54593110e-01 -4.57971483e-01
    -3.46882641e-01 -1.77210912e-01 -1.04016714e-01 -4.36065048e-01
    7.81176865e-01 -2.43295327e-01 1.13039804e+00 1.16587305e+00
    1.32513847e-02 -4.59325492e-01 -4.85938221e-01 1.48765743e-01
    3.93652022e-01 -2.37897769e-01 -1.86471343e-01 1.08483136e+00
    1.38785279e+00 1.01239666e-01 5.30452251e-01 3.06842625e-01
    -4.76605684e-01 -2.61965007e-01 5.17513901e-02 1.38196969e+00
    2.09774017e-01 4.06548768e-01 1.46363640e+00 7.69309223e-01
    1.18140781e+00 1.41663265e+00 8.90007734e-01 3.60753298e-01
    2.91371971e-01 3.17610770e-01 3.01900655e-01 4.98302937e-01
    1.27380800e+00 6.07148767e-01 -1.54686511e-01 1.45968151e+00
    -6.88558742e-02 1.09976923e+00 -2.12441787e-01 1.09255135e+00
    7.46613562e-01 1.38745534e+00 6.55045033e-01 6.02048337e-01
    1.09705758e+00 1.17806423e+00 6.58533096e-01 1.79733764e-02
    1.13356888e+00 1.22444320e+00 1.15865362e+00 4.13777262e-01
    1.60354280e+00 7.08521664e-01 9.51964498e-01 1.54830265e+00
    1.71293128e+00 -1.81142971e-01 4.57405895e-01 -3.09739321e-01
    5.76117575e-01 7.31238127e-01 -1.27996981e-01 8.81183386e-01
    -3.43731731e-01 1.22711313e+00 1.28833878e+00 6.21617496e-01
    -2.46137187e-01 -6.44573644e-02 -3.08540910e-01 -2.31891558e-01
    1.48700988e+00 -4.76940006e-01 3.53196293e-01 5.76581419e-01
    1.33491981e+00 1.02820337e+00 3.54696810e-01 -2.31589690e-01
    -3.76283944e-01 1.00399286e-01 1.39233911e+00 -8.42733011e-02
    9.24615800e-01 3.51958573e-01 1.27422738e+00 1.34717619e+00
    6.27200723e-01 2.74138123e-01 3.09521914e-01 6.54486835e-01
    2.21483022e-01 5.05291104e-01 1.11871159e+00 9.88492191e-01
    4.79726553e-01 1.45224392e+00 -3.74620020e-01 3.31103206e-01
    -2.73470342e-01 1.76995933e-01 5.78160524e-01 1.27894473e+00
    8.80749226e-01 5.33849776e-01 2.66899914e-01 8.65940094e-01
    1.18663681e+00 -3.34111184e-01 7.69923151e-01 7.41628826e-01
    2.81825662e-01 8.24928060e-02 9.14886236e-01 3.12579721e-01
    -4.56471831e-01 1.36792386e+00 4.13247228e-01 1.02388442e+00
    -4.67320174e-01 -3.19290608e-01 -1.67132970e-02 -4.25978273e-01
    1.39230952e-01 -8.60806480e-02 1.01953924e+00 1.00125217e+00
    1.13442385e+00 -4.59416270e-01 6.15304768e-01 7.60302171e-02
    7.60441720e-01 -2.72431761e-01 8.14812899e-01 7.52113044e-01
    5.71189597e-02 -4.25474048e-01 2.12953128e-02 2.56622046e-01
    1.34215200e+00 9.86508787e-01 -5.65331988e-02 9.90699306e-02
    4.30257946e-01 1.83948517e-01 1.28817320e+00 9.38965917e-01
    5.21605194e-01 3.16606104e-01 -3.33053529e-01 5.78103781e-01
    4.00512159e-01 9.85149145e-01 4.20742691e-01 -4.36483979e-01
    -3.93406600e-01 7.07069337e-01 8.66362173e-03 1.42783511e+00
    5.58535576e-01 8.12809825e-01 1.29090834e+00 -1.96617812e-01
    5.15719414e-01 -1.12768903e-01 1.56853780e-01 -8.02213475e-02
    -9.33434442e-02 6.90982938e-01 2.18513254e-02 -2.71744609e-01
    5.33415616e-01 1.21774805e+00 6.34551272e-02 -3.60107213e-01
    3.22343141e-01 -2.74880975e-01 1.33352196e+00 9.05741096e-01
    -4.23064411e-01 1.27751863e+00 -3.53256762e-01 7.31236160e-01
    -3.64786685e-01 6.02464974e-01 -3.89233559e-01 4.28404868e-01
    -2.10765854e-01 1.19975114e+00 -1.56645566e-01 8.14024925e-01
    2.80737966e-01 8.01864564e-01 1.48164999e+00 6.24580495e-02
    8.63837361e-01 9.19744790e-01 1.50821343e-01 3.69427592e-01
    1.48935163e+00 8.66473675e-01 8.67006123e-01 8.53848457e-01
    -2.09261507e-01 7.31020093e-01 1.41411555e+00 4.61505949e-01
    1.19566739e+00 2.25293964e-01 6.38751745e-01 6.67987540e-02
    -1.32041082e-01 -2.54696846e-01 1.75768018e-01 7.90762544e-01
    1.29515433e+00 4.63867098e-01 -2.42553353e-01 5.22661448e-01
    1.02202785e+00 -2.16361925e-01 1.15183377e+00 5.38344920e-01
    -1.19125836e-01 1.03711462e+00 -2.93810904e-01 -5.98952621e-02
    3.49310547e-01 1.85363889e-01 1.33363628e+00 7.94188917e-01
    -2.40272470e-02 5.96511364e-01 1.41558647e+00 1.37995481e+00
    -2.19729677e-01 2.54343539e-01 -3.73666197e-01 5.33666492e-01
    1.28598642e+00 4.27121431e-01 1.27079427e+00 4.67737615e-01
    1.05142510e+00 -1.24654382e-01 2.93025225e-01 -3.75904113e-01
    1.22214997e+00 3.30699325e-01 1.04931140e+00 1.01918650e+00
    -2.06569731e-01 -9.38313454e-03 3.47356796e-01 4.44343746e-01
    -2.05513746e-01 -2.56443858e-01 2.48313099e-02 -5.20031154e-02
    9.15107429e-01 5.26000082e-01 -1.00185685e-01 7.99112856e-01
    2.85416812e-01 -4.50056285e-01 -7.43196532e-02 4.43783373e-01
    1.26650834e+00 8.11348855e-01 1.02084649e+00 -1.28162175e-01
    -4.56921101e-01 8.26362312e-01 1.16506827e+00 7.49876976e-01
    3.81208062e-01 1.44271970e+00 1.17360163e+00 -9.36989263e-02
    1.47954714e+00 1.08980501e+00 6.31149113e-01 1.44284999e+00
    5.52836776e-01 4.57832128e-01 -2.90521592e-01 1.11861992e+00
    9.74113762e-01 -2.40663756e-02 1.99947044e-01 -7.12232292e-02
    5.11221826e-01 1.16067195e+00 7.74529219e-01 7.60499418e-01
    1.42667830e+00 -1.79566219e-02 2.89854646e-01 1.34219503e+00
    1.45488870e+00 1.39793992e+00 8.62098753e-01 -3.19955856e-01
    1.08745098e+00 8.90013516e-01 2.95108054e-02 1.02657998e+00
    5.88184930e-02 6.93988204e-01 1.59450758e+00 1.71010780e+00
    8.40250373e-01 1.65005469e+00 3.40656400e-01 4.66694027e-01
    2.99939930e-01 8.51917028e-01 -3.93861026e-01 -3.51609439e-01
    -2.82682180e-01 -4.30683136e-01 3.44449699e-01 -2.95439333e-01
    -3.09711099e-02 8.67148161e-01 2.82684475e-01 -4.66771305e-01
    1.48452055e+00 -4.63118970e-01 1.32067883e+00 9.89250898e-01
    -1.76405355e-01 1.45002198e+00 1.33414996e+00 9.48773026e-01
    -1.43680364e-01 1.09239602e+00 5.23632407e-01 4.59819376e-01
    1.25363398e+00 8.27743590e-01 1.37811875e+00 1.34356546e+00
    1.45212185e+00 -2.55996704e-01 6.57862127e-01 -4.16108638e-01
    1.14862204e+00 9.93175030e-01 6.75602853e-01 1.38093185e+00
    1.22598934e+00 1.36836886e+00 4.15053368e-01 1.08885956e+00
    9.98516321e-01 8.48669112e-01 1.40464211e+00 2.48489812e-01
    2.62155622e-01 1.21268678e+00 4.63516265e-01 -2.70182669e-01
    4.99209225e-01 3.42797898e-02 7.14202762e-01 1.15765727e+00
    2.62505561e-01 1.45986593e+00 -7.37385079e-02 3.45073789e-01
    1.49496889e+00 6.42460108e-01 4.77304846e-01 7.63051927e-01
    1.16815221e+00 1.60548419e-01 1.36486280e+00 9.58340585e-01
    1.14740515e+00 9.71352935e-01 3.65479499e-01 -3.74385327e-01
    5.45555949e-01 -4.91345208e-03 1.43760109e+00 1.19522655e+00
    7.34657347e-01 -2.01888785e-01 1.40510547e+00 -6.06907792e-02
    5.99498570e-01 -4.49708223e-01 9.98854637e-01 6.39065623e-01
    1.84970155e-01 4.91519272e-01 1.03424802e-01 3.61189961e-01
    4.41741109e-01 -3.36199254e-01 -2.68409282e-01 2.51854986e-01
    5.97427070e-01 5.16838372e-01 1.05403471e+00 6.75082624e-01
    -1.94520906e-01 4.74221617e-01 5.86062551e-01 1.20399106e+00
    9.58284885e-02 1.26055464e-01 1.21316826e+00 4.76880342e-01
    -1.19026214e-01 -3.70114148e-01 2.67904192e-01 6.90371335e-01
    7.91556537e-01 -1.32095337e-01 -7.74340779e-02 4.76566732e-01
    6.79880023e-01 1.52459574e+00 3.04427236e-01 -3.01882178e-01
    2.39445508e-01 2.96847552e-01 7.15377748e-01 -1.94729239e-01
    3.89019586e-02 9.31019604e-01 -3.53444368e-01 1.03396702e+00
    -7.69163594e-02 4.36343044e-01 1.32939041e+00 1.21894085e+00
    1.20053041e+00 7.59359181e-01 1.45901605e-01 1.37794614e+00
    -3.42070222e-01 6.32938564e-01 1.48177588e+00 2.53925502e-01
    4.34019715e-01 1.24694228e-01 7.58681834e-01 8.55613530e-01
    1.49668539e+00 1.61318719e-01 9.51471210e-01 6.04488432e-01
    -4.59834665e-01 1.12992227e+00 1.05827108e-01 -2.04125851e-01
    -3.23986411e-02 7.20878065e-01 9.23425257e-01 1.28290415e+00
    7.54257023e-01 4.78217721e-01 1.26077855e+00 9.92695749e-01
    -7.34560285e-03 1.08007216e+00 5.67043543e-01 1.33006227e+00
    1.04241562e+00 9.60036337e-01 1.29371774e+00 5.59444487e-01
    -2.48052016e-01 4.47847456e-01 8.23728621e-01 6.19544804e-01
    6.21576458e-02 1.82059959e-01 1.48115456e+00 1.22608733e+00
    1.11322510e+00 1.43982112e+00 1.06699884e+00 1.24528217e+00
    9.17448163e-01 -4.50361550e-01 -1.18864320e-01 -2.62353271e-01
    1.63214326e-01 8.23863804e-01 1.01640296e+00 -5.01814820e-02
    1.45609725e+00 1.20690334e+00 6.61975443e-01 6.13927960e-01
    8.17560971e-01 7.19912052e-01 1.10026729e+00 2.27515742e-01
    -1.11074850e-01 9.88740921e-01 1.47953403e+00 1.08870208e+00
    -5.74981607e-02 1.40233409e+00 -1.62472157e-03 7.54447579e-01
    1.41909659e+00 8.50358546e-01 1.78924635e-01 1.36501229e+00
    -2.44670168e-01 1.22455096e+00 8.07103992e-01 -4.58957344e-01
    9.05963123e-01 4.18740273e-01 8.62880647e-01 2.03395203e-01
    6.18575871e-01 9.93897855e-01 1.46372843e+00 -3.44097972e-01
    5.60209692e-01 -2.67052595e-02 -2.39156947e-01 -4.50414233e-02
    9.34292436e-01 1.28232181e+00 9.66964126e-01 1.20705271e+00
    1.13694787e+00 1.13250494e+00 2.87776321e-01 3.12007457e-01
    9.59468186e-02 8.27675700e-01 1.23533034e+00 5.77221811e-01
    -6.60205558e-02 3.35775524e-01 5.25863349e-01 4.42758322e-01
    8.29074562e-01 -2.69943476e-01 9.60977376e-01 2.28021801e-01
    9.51926589e-01 7.32770681e-01 4.35844511e-01 4.91261363e-01
    6.02439880e-01 1.04354060e+00 4.99445796e-01 1.49892640e+00
    9.54138339e-02 3.82138908e-01 4.69426364e-02 2.76113480e-01
    6.40239775e-01 6.30544066e-01 -2.35752270e-01 1.60402918e+00
    2.86251932e-01 1.39705229e+00 4.70114380e-01 1.07861984e+00
    1.02863371e+00 1.28116095e+00 -1.08769558e-01 5.87052763e-01
    6.18207991e-01 1.17854798e+00 1.47578598e-03 2.84226149e-01
    -4.24209774e-01 7.60217845e-01 9.34305608e-01 7.03554332e-01
    1.27877545e+00 6.70833707e-01 7.31569231e-01 3.00520808e-01
    6.90967798e-01 2.28961743e-02 1.39410675e+00 6.64688170e-01
    -2.94457734e-01 -1.15919031e-01 6.19579494e-01 5.01880765e-01
    3.35797876e-01 4.01874453e-01 1.41312623e+00 9.10975218e-01
    1.42611980e+00 1.15300608e+00 5.38763106e-02 3.79747003e-01
    1.16953313e+00 7.31391311e-01 -3.77200514e-01 -2.48428553e-01
    -4.18815166e-01 1.16983092e+00 -1.92148253e-01 4.99387652e-01
    8.82221162e-01 7.35114887e-02 4.40545917e-01 1.01381171e+00
    9.73781288e-01 -1.35818005e-01 1.21012235e+00 1.15999258e+00
    1.45553327e+00 -4.13680047e-01 5.88721335e-01 2.15193897e-01
    -4.11236823e-01 2.32265264e-01 -3.42565894e-01 2.51776338e-01
    4.21061754e-01 1.26303029e+00 -1.70025349e-01 6.66123927e-01
    1.27390790e+00 2.83029616e-01 8.10968339e-01 1.30924213e+00
    1.44463348e+00 1.32997024e+00 1.45699167e+00 1.06240129e+00
    6.38300419e-01 1.32815480e+00 -1.54608026e-01 3.11167479e-01
    6.75289452e-01 7.55839229e-01 9.09471333e-01 4.99678224e-01
    1.46952569e+00 2.44903848e-01 7.90326416e-01 1.12013078e+00
    -2.39740595e-01 7.27219343e-01 -3.91097993e-01 1.17153418e+00
    1.06398475e+00 3.22927654e-01 9.63997960e-01 -3.80109966e-01
    1.10965788e+00 2.90799681e-02 2.11664483e-01 3.75084162e-01
    -2.51376748e-01 -2.28808001e-01 8.51257384e-01 2.70096391e-01
    -2.10517839e-01 5.02546906e-01 1.11770785e+00 -4.56419080e-01
    1.04874957e+00 7.38231838e-01 8.59756768e-01 -4.22257304e-01
    -2.67994881e-01 4.87523004e-02 2.70127147e-01 5.31530559e-01
    8.69351506e-01 -3.26496571e-01 1.90355659e-01 8.02342355e-01
    -2.55718946e-01 3.42552155e-01 8.63618970e-01 -2.14814141e-01
    3.20631042e-02 6.96525693e-01 1.48422146e+00 1.29893863e+00
    4.91033047e-01 7.21379697e-01 -3.03723067e-01 2.45870203e-01
    1.05339825e+00 1.30282807e+00 5.08796096e-01 -2.94678062e-01
    1.24634373e+00 -4.67044890e-01 1.40836692e+00 8.36935565e-02
    4.73499984e-01 1.48032236e+00 -2.19572484e-01 1.38282478e+00
    4.63023447e-02 5.89885950e-01 -2.35791668e-01 4.13577378e-01
    1.35326087e+00 -9.53285322e-02 8.33138466e-01 1.34521961e+00
    -5.98636977e-02 -3.41226637e-01 1.10883951e+00 -2.75083780e-01
    -2.53619462e-01 6.89028144e-01 2.63200492e-01 6.23824239e-01
    7.41292596e-01 1.24391496e+00 1.34196627e+00 2.18286008e-01
    -2.07470432e-01 5.63459516e-01 1.35034025e+00 7.08335996e-01
    1.62077453e-02 -5.02603352e-02 9.91224945e-01 1.35429239e+00
    -5.39009348e-02 -4.21664238e-01 -2.37496927e-01 1.42336285e+00
    6.84754372e-01 -3.46034378e-01 -7.76293725e-02 2.93455333e-01
    1.01489878e+00 -2.07983464e-01 3.51367861e-01 8.03806961e-01
    9.67362344e-01 -3.69009703e-01 1.49257386e+00 -4.65240061e-01
    1.21943343e+00 1.16814530e+00 3.99637431e-01 4.96200807e-02
    1.16233981e+00 6.18969023e-01 8.88929009e-01 5.07793009e-01
    -9.46648791e-02 7.93140650e-01 1.27413976e+00 1.41505003e+00
    5.67985356e-01 -2.76399493e-01 -2.94587672e-01 1.13146186e+00
    1.06867254e+00 -4.99481678e-01 3.43519926e-01 1.39131379e+00
    4.26996261e-01 1.30689394e+00 7.57301152e-01 -4.19256866e-01
    6.93452895e-01 1.62170753e-01 7.78698385e-01 1.12934470e+00
    1.50839138e+00 -4.39175606e-01 3.65835667e-01 -1.84036538e-01
    1.21835840e+00 1.52516127e+00 5.51397085e-01 4.48180705e-01
    1.23244867e-01 1.34901607e+00 -8.19402933e-02 8.24027121e-01
    -2.14580253e-01 -2.99241930e-01 1.31429517e+00 1.12113750e+00
    -4.99232054e-01 -4.46931511e-01 1.38080800e+00 8.28164041e-01
    3.70792866e-01 5.24178028e-01 9.99367893e-01 1.46129465e+00
    -4.02655691e-01 8.24282169e-01 1.62438139e-01 -3.48267734e-01
    4.88141179e-01 -2.25485936e-01 3.60902041e-01 1.11932123e+00
    2.97572672e-01 1.01929545e+00 8.11645985e-01 1.32738137e+00
    -4.29508448e-01 8.73110294e-01 1.15582615e-01 9.40715790e-01
    1.41693151e+00 1.04947364e+00 1.39358088e-01 1.72162449e+00
    1.17384148e+00 1.93963230e-01 3.17044139e-01 -8.66808593e-02
    5.31013846e-01 2.74279028e-01 3.95556420e-01 7.79693067e-01
    1.14364100e+00 3.22429895e-01 -1.81106776e-01 6.44545019e-01
    -4.26128834e-01 -1.46041647e-01 4.49886501e-01 -1.04718870e-02
    -3.91433120e-01 -1.77353173e-01 1.23427737e+00 9.34928238e-01
    1.18418748e-03 2.76390225e-01 2.17088982e-01 2.08191931e-01
    3.17923188e-01 1.87394887e-01 5.74171066e-01 1.44842124e+00
    1.16810346e+00 3.70483458e-01 1.39567983e+00 1.30766881e+00
    4.79606420e-01 1.41780436e+00 -4.13129270e-01 8.81008267e-01
    -2.03753173e-01 -9.75618362e-02 1.41643715e+00 -2.93131590e-01
    7.41503298e-01 7.43301094e-01 2.07788214e-01 7.94500291e-01
    -3.29702765e-01 7.82887280e-01 -2.61820465e-01 -1.50780320e-01
    1.49027991e+00 -3.85753006e-01 6.20360553e-01 1.08764195e+00
    -1.85841948e-01 1.26972604e+00 -1.50336310e-01 8.13577890e-01
    1.50247145e+00 1.13066661e+00 5.71888566e-01 2.29748607e-01
    1.22736776e+00 9.24161255e-01 -1.68228105e-01 3.49037111e-01
    1.18943965e+00 4.42039192e-01 5.27315259e-01 -2.68750876e-01
    1.42804420e+00 -6.75996840e-02 3.27588320e-01 7.72319078e-01
    1.31092072e+00 6.03564782e-03 -2.51400560e-01 7.40965128e-01
    1.25700891e+00 4.09947842e-01 -3.68028492e-01 -3.19473781e-02
    2.91099250e-01 -1.23844724e-02 2.85247684e-01 -3.12621087e-01
    3.66555876e-03 -2.74775684e-01 -1.38109773e-01 2.97341883e-01
    -4.62249666e-01 1.22999883e+00 -4.16560650e-01 7.69092381e-01
    8.65986228e-01 5.54136485e-02 2.45822743e-01 -4.50627595e-01
    -9.26016644e-02 1.37849724e+00 9.49068964e-01 6.46507680e-01
    1.29235375e+00 3.71006906e-01 1.33472466e+00 8.75399709e-02
    7.41007388e-01 -2.33011276e-01 1.37719226e+00 1.24842489e+00
    6.52156472e-01 1.27734721e+00 1.38343465e+00 1.45110118e+00
    1.09124374e+00 5.21570146e-01 6.90393746e-01 1.02924526e+00
    3.20827156e-01 9.93658543e-01 6.07850194e-01 9.19685304e-01
    -1.74557358e-01 1.25762165e+00 -2.08529294e-01 -4.35955316e-01
    1.47064340e+00 1.37758672e-01 1.30639359e-01 -3.65320086e-01
    8.75198841e-01 6.67844489e-02 -2.94906646e-01 2.84158885e-01
    4.43703026e-01 1.13503635e+00 8.28532279e-01 -2.80874431e-01
    3.58673483e-01 6.05894387e-01 1.04744864e+00 6.46837413e-01
    8.60529672e-03 2.91870922e-01 -6.86581135e-02 -3.39803964e-01
    1.30371332e+00 1.16123688e+00 1.67469114e-01 1.04522884e+00
    1.59054741e-01 1.84539691e-01 1.50182796e+00 1.16846395e+00
    -1.88018799e-01 8.42189848e-01 2.57422060e-01 1.50090969e+00
    -8.80093724e-02 1.39858186e+00 3.67477462e-02 -2.28289321e-01
    2.69325107e-01 6.44201815e-01 9.72396195e-01 1.35065830e+00
    8.53175759e-01 -2.17122108e-01 1.40131056e+00 -4.73105311e-01
    1.86364800e-01 1.00327170e+00 1.27873516e+00 1.81211948e-01
    -3.65639359e-01 5.61381161e-01 1.41017151e+00 -5.04507601e-01
    3.60820919e-01 2.90815502e-01 8.74247849e-01 8.54012668e-01
    1.45999694e+00 8.47211719e-01 -7.67064616e-02 -4.47595567e-02
    5.52023351e-01 7.82024086e-01 1.27695704e+00 7.21295297e-01
    1.29226828e+00 8.61206055e-01 -7.46434778e-02 -1.38218388e-01
    9.59763646e-01 1.40418506e+00 1.34443176e+00 1.35184014e+00
    -3.60629678e-01 -3.86793047e-01 -4.35985386e-01 8.36052001e-01
    1.00388670e+00 -1.10433705e-01 1.35167015e+00 -4.94217306e-01
    1.19553936e+00 5.54922372e-02 3.27066541e-01 2.70909723e-02
    2.34398708e-01 9.18021798e-01 5.65025806e-01 2.40572214e-01
    5.52002668e-01 -4.57858473e-01 4.52240035e-02 -2.29004681e-01
    -3.98251832e-01 3.60225290e-02 1.31043255e+00 7.47896791e-01
    -3.90823662e-01 9.67927948e-02 2.03078657e-01 5.50796330e-01
    1.09729064e+00 4.53458309e-01 1.22196925e+00 9.86462295e-01
    8.97351354e-02 1.25669479e+00 -2.87305474e-01 1.15028000e+00
    8.28538060e-01 -2.73317158e-01 -2.20334023e-01 1.42968416e+00
    7.74064183e-01 1.45690155e+00 3.23969126e-01 1.85981542e-01
    3.29254568e-01 3.82197797e-01 1.29860497e+00 -3.36311489e-01
    -2.97685951e-01 7.99078763e-01 9.11673903e-01 -4.00281131e-01
    1.50398552e+00 4.02480811e-01 1.48935246e+00 -2.85093218e-01
    7.07130075e-01 8.34754527e-01 1.40573370e+00 4.28850770e-01
    8.12988058e-02 1.28844392e+00 4.83656585e-01 6.72353327e-01
    1.28834617e+00 -3.55516672e-01 1.38368297e+00 2.67773509e-01
    1.51580524e+00 1.44316185e+00 5.45810282e-01 1.38138580e+00
    1.40033102e+00 -4.50204670e-01 -3.53520870e-01 1.93365309e-02
    -1.13518745e-01 1.49309790e+00 1.44721830e+00 2.93741584e-01
    3.16308647e-01 7.65718222e-01 -4.53806557e-02 -7.33815730e-02
    6.85658038e-01 1.21303508e-02 3.26670140e-01 8.04493070e-01
    1.17821169e+00 6.92114234e-01 -2.24768400e-01 8.56569290e-01
    5.41007757e-01 9.67422575e-02 1.26977193e+00 5.78393877e-01
    3.77694190e-01 1.36069727e+00 6.30605459e-01 -1.91489980e-01
    -6.64318306e-03 1.13152790e+00 9.02145624e-01 -1.21586271e-01
    2.87451655e-01 4.43059444e-01 1.49429452e+00 6.33925855e-01
    6.13943338e-01 -4.62292939e-01 2.19260722e-01 5.30446991e-02
    1.65106431e-01 8.32842663e-02 1.49595630e+00 9.11872983e-01
    -5.62117249e-02 1.32804275e+00 1.33084595e-01 1.19765580e+00
    -3.91971946e-01 -9.62398073e-04 -1.18550688e-01 7.42590666e-01
    6.17148161e-01 1.01315248e+00 4.49771941e-01 1.07252479e+00
    5.43003619e-01 4.59579557e-01 -2.11638510e-01 -2.66689450e-01
    9.30594802e-01 3.63433778e-01 6.13210738e-01 2.67232079e-02
    -3.13159823e-01 8.61332476e-01 1.41848254e+00 -3.64650553e-03
    6.71935737e-01 1.42337453e+00 -2.25137100e-02 8.92661035e-01
    6.32576466e-01 2.65583515e-01 1.03222716e+00 1.24256954e-01
    -4.26987678e-01 5.21592915e-01 6.73523486e-01 1.11838841e+00
    5.66947937e-01 3.78675193e-01 1.03405154e+00 -1.93574935e-01
    4.14338231e-01 4.60471749e-01 7.70009995e-01 1.22070205e+00
    -6.24773791e-03 1.16655493e+00 5.34811854e-01 -1.62594303e-01
    1.68862775e-01 4.59482253e-01 3.17803413e-01 3.28983635e-01
    1.36653185e+00 3.62996161e-01 8.13188136e-01 7.25923538e-01
    7.32688785e-01 1.29413575e-01 1.03364241e+00 -1.67407125e-01
    1.63539857e-01 1.38972610e-01 -1.18159607e-01 -4.64568108e-01
    -2.26039588e-01 1.25924754e+00 7.16297030e-01 9.88685846e-01
    8.53297532e-01 2.24333420e-01 -8.35439190e-02 -2.28196457e-01
    1.25627661e+00 1.26195085e+00 5.13819098e-01 6.47141457e-01
    4.58089948e-01 1.29811931e+00 3.93115699e-01 -2.98964500e-01
    1.43801904e+00 1.44927323e-01 9.98440564e-01 2.68701047e-01
    1.33919191e+00 4.04477656e-01 2.71646440e-01 1.02336359e+00
    -2.28681400e-01 5.96542716e-01 7.75250852e-01 1.14298832e+00
    -6.23848774e-02 -2.50898778e-01 4.24934864e-01 4.02397782e-01
    2.41397440e-01 4.91828889e-01 5.80952346e-01 -4.01215583e-01
    -3.21415126e-01 1.61462367e-01 1.43700290e+00 1.53581828e-01
    8.41428876e-01 6.54492497e-01 1.01785743e+00 1.73053667e-01
    1.04083848e+00 1.23619926e+00 1.50540173e+00 -5.70903383e-02
    1.28008497e+00 -8.04199949e-02 -1.43538401e-01 4.00191396e-01
    4.16323692e-01 4.01949584e-01 1.32796872e+00 -1.49192125e-01
    1.09529638e+00 2.28227839e-01 3.83849680e-01 1.47609985e+00
    -4.59273994e-01 5.07894039e-01 7.49663770e-01 9.32741761e-01
    3.88996273e-01 8.81231725e-01 8.91302228e-01 -1.13995105e-01
    7.25979030e-01 1.39088795e-01 -2.52321929e-01 4.29868966e-01
    1.38310266e+00 8.99922967e-01 9.84426737e-01 8.32010865e-01
    -5.26274107e-02 4.12141502e-01 -2.00538367e-01 -1.38565272e-01
    1.21746480e+00 4.18852448e-01 1.06280315e+00 2.86858767e-01
    8.62963915e-01 -3.21951598e-01 7.39426792e-01 1.24762070e+00
    1.15485477e+00 3.83366436e-01 1.00208867e+00 5.77126350e-03
    1.43499446e+00 6.04223967e-01 -4.36599910e-01 1.29066837e+00
    1.21148276e+00 1.94476873e-01 -3.69107097e-01 1.44952619e+00
    1.79921091e-01 9.93642688e-01 -2.69394457e-01 -4.70810860e-01
    -1.72669739e-01 -3.21051210e-01 7.03327835e-01 6.03358865e-01
    -4.05015469e-01 4.50993538e-01 3.35072011e-01 4.64279145e-01
    -2.65978336e-01 5.51750720e-01 1.41393816e+00 3.46661478e-01
    3.17835122e-01 1.17594075e+00 1.14010274e+00 5.70373952e-01
    9.04384255e-03 1.44117939e+00 9.59494114e-01 2.07244921e-02
    4.75449674e-02 8.49537611e-01 1.09959579e+00 6.44863069e-01
    4.44163173e-01 1.41801929e+00 4.72513229e-01 1.23796403e+00
    -2.93494254e-01 1.39300853e-01 9.98980045e-01 1.25664985e+00
    1.23963654e+00 8.38059366e-01 1.47644615e+00 9.92216289e-01
    1.12936080e+00 1.58543825e+00 8.75030994e-01 9.85535324e-01
    1.05711377e+00 -6.22767322e-02 7.93604910e-01 -2.17572272e-01
    2.05492169e-01 5.42216182e-01 1.42861497e+00 2.99679339e-01
    -2.70215094e-01 1.25549710e+00 9.27136898e-01 1.32421064e+00
    -2.58640110e-01 1.42763525e-01 2.28755876e-01 -2.60097921e-01
    9.60094452e-01 4.57253128e-01 7.51044333e-01 1.22696960e+00
    3.88231069e-01 1.72569081e-01 1.81437075e-01 4.41354662e-01
    3.39268781e-02 7.25853667e-02 2.79158235e-01 4.58963662e-02
    3.54114354e-01 8.89362097e-01 -4.69893843e-01 8.22978556e-01
    1.44065881e+00 4.04786229e-01 -2.46481951e-02 3.77469242e-01
    -4.55217451e-01 3.62819970e-01 6.21478148e-02 7.26410568e-01
    8.31119061e-01 -3.83584619e-01 1.11722052e+00 6.15897834e-01
    -2.17709050e-01 9.96292293e-01 2.08457425e-01 2.12335184e-01
    6.20942295e-01 1.13518417e+00 -3.76679093e-01 -3.73476118e-01
    5.62288940e-01 -1.41711295e-01 8.28751326e-01 -4.21284676e-01
    1.23525047e+00 1.37264118e-01 6.25827372e-01 -2.47101232e-01
    1.29424071e+00 -2.25555032e-01 1.12358697e-01 -3.74803185e-01
    -3.71450722e-01 1.14546859e+00 1.91926643e-01 8.56040478e-01
    -8.52927286e-03 3.89391594e-02 3.59219879e-01 1.36044705e+00
    1.25599527e+00 2.83083558e-01 8.25164378e-01 5.32504857e-01
    1.19300616e+00 5.28232157e-01 -1.37579616e-03 9.02373791e-01
    1.18251503e-01 -3.49542737e-01 1.03768003e+00 -1.88033700e-01
    1.27816641e+00 -4.74539965e-01 1.31881440e+00 -2.35970482e-01
    1.31026506e+00 1.48651218e+00 6.42523110e-01 9.17585254e-01
    -8.74067545e-02 -1.19875222e-01 7.20491707e-01 4.39934790e-01
    4.38172013e-01 3.44615132e-01 2.51865178e-01 1.49932468e+00
    1.23933935e+00 8.76466215e-01 3.77975643e-01 5.21515191e-01
    4.03556257e-01 7.01727509e-01 -3.36753696e-01 6.78022504e-01
    -3.61983538e-01 -2.88030863e-01 1.25406015e+00 -2.54132807e-01
    1.11806035e+00 1.13619506e+00 3.65008324e-01 9.25113082e-01
    1.12210512e+00 -2.80602753e-01 1.44687653e+00 4.93669242e-01
    1.37303245e+00 1.30419672e+00 -1.25603482e-01 1.01585105e-01
    1.10042393e+00 -2.22005639e-02 6.65736318e-01 1.68169782e-01
    1.08526075e+00 6.55927122e-01 7.32341170e-01 1.42429042e+00
    6.11523151e-01 -4.78042513e-01 1.19735110e+00 1.31512690e+00
    -1.14364415e-01 1.15254402e+00 9.50030267e-01 1.45024073e+00
    5.03802896e-01 7.48956859e-01 6.61112487e-01 1.35372102e+00
    -1.43995821e-01 9.95280027e-01 1.33185118e-01 4.23650026e-01
    1.10675943e+00 7.04970241e-01 1.08468328e-02 -4.25909579e-01
    7.01127589e-01 -2.30074227e-01 -1.59285273e-02 9.29561317e-01
    1.11776662e+00 5.46042062e-02 -2.37911686e-01 -1.34420082e-01
    4.82958317e-01 8.83401692e-01 9.06093419e-01 1.38202822e+00
    1.01155639e+00 1.02214396e+00 1.33275330e+00 1.31290030e+00
    7.59648025e-01 -4.00306135e-01 1.47072315e+00 -2.55570740e-01
    9.11872625e-01 1.06906402e+00 1.49541700e+00 2.75119275e-01
    4.67181385e-01 1.01754773e+00 4.94528860e-01 -2.31879279e-01
    1.41121054e+00 5.02850592e-01 -4.45462644e-01 4.04764146e-01
    -2.51703054e-01 -4.97023225e-01 1.39724001e-01 1.46019638e+00
    1.40760243e+00 9.59460735e-01 6.27947152e-01 1.28467727e+00
    1.49773431e+00 3.59740138e-01 1.62065625e-01 4.30073410e-01
    -1.95659131e-01 1.11098027e+00 2.01098949e-01 9.65913057e-01
    1.21252668e+00 8.86810124e-01 6.65289223e-01 7.19904304e-01
    1.12081361e+00 6.12053096e-01 4.02325094e-01 1.55870259e-01
    -3.93871307e-01 -2.99021959e-01 -4.87133339e-02 8.84573817e-01
    1.14614177e+00 1.02114165e-02 -3.13171923e-01 1.27501881e+00
    8.62858653e-01 1.24624021e-01 8.90762031e-01 1.08713675e+00
    -3.65277529e-01 7.11403012e-01 9.77624297e-01 1.05540323e+00
    2.88437963e-01 8.82936954e-01 1.09316909e+00 1.29554844e+00
    1.06287086e+00 8.40823531e-01 1.64698392e-01 5.11465073e-01
    2.31385782e-01 1.24236846e+00 1.00225866e+00 -9.30208862e-02
    6.46353234e-03 1.21058308e-01 1.09442461e+00 1.27312386e+00
    1.49141765e+00 6.84857249e-01 1.20825267e+00 1.55677509e+00
    3.01671773e-01 3.45967531e-01 1.63901830e+00 -7.10430369e-02
    4.76759702e-01 1.70831966e+00 5.89245439e-01 1.44709301e+00
    1.55187654e+00 1.42816854e+00 2.74962902e-01 -3.14223506e-02
    5.02972066e-01 8.00502896e-02 6.48143470e-01 2.84986962e-02
    1.09012628e+00 -1.42742470e-01 -3.14389877e-02 1.08050346e+00
    -4.79463279e-01 4.10060048e-01 4.40307021e-01 1.93372235e-01
    -4.51026827e-01 4.35140699e-01 -3.30712259e-01 1.25919747e+00
    3.10048580e-01 3.61355901e-01 4.33397526e-03 -1.39909819e-01
    6.27523065e-01 1.17346299e+00 4.25506607e-02 8.49801823e-02
    9.51477349e-01 1.15399241e+00 -5.03757417e-01 7.96055377e-01
    -2.16755420e-01 4.69712168e-01 7.29287326e-01 3.99195969e-01
    -5.08110464e-01 1.09207284e+00 1.22348642e+00 -4.85176407e-02
    5.61476126e-02 6.12447321e-01 -4.32916492e-01 4.90480304e-01
    3.65498334e-01 -1.65221348e-01 -2.86019832e-01 1.09515954e-02
    9.26883399e-01 -4.62422997e-01 5.38214982e-01 2.71311909e-01
    2.78035104e-01 -9.23776606e-05 1.10200381e+00 -1.62334681e-01
    -2.61808753e-01 -3.24426830e-01 1.02723706e+00 -5.63277602e-02
    5.66223264e-01 1.47306705e+00 7.57109165e-01 1.24372268e+00
    9.17303622e-01 -6.73504472e-02 5.53481638e-01 7.11181998e-01
    8.37351918e-01 1.37593001e-01 -9.69984531e-02 6.28639996e-01
    1.06780398e+00 8.58071506e-01 -3.49228978e-01 1.46375537e+00
    1.17514455e+00 1.14415741e+00 9.50967312e-01 -3.63513291e-01
    1.04935944e+00 4.02654856e-01 1.09900904e+00 9.36609685e-01
    -1.98742121e-01 -2.73233354e-01 1.46181488e+00 1.35581267e+00
    1.20359027e+00 9.85546649e-01 5.28630495e-01 8.04497063e-01
    1.89952806e-01 4.84383315e-01 2.38954380e-01 1.38326120e+00
    1.18362236e+00 -4.74029774e-04 -3.82529378e-01 -1.63996041e-01
    8.66556406e-01 1.33350682e+00 -8.19790959e-02 7.43819535e-01
    1.34576845e+00 -1.74849853e-02 -2.00787112e-02 -2.40319416e-01
    5.65288782e-01 -1.67688280e-01 -1.37693226e-01 1.01615715e+00
    7.23565891e-02 9.84792650e-01 6.60471737e-01 1.43738687e+00
    3.44178796e-01 9.01946247e-01 3.18030536e-01 8.89651537e-01
    -4.48423505e-01 -4.06976551e-01 -1.26269206e-01 4.84113395e-01
    1.13030720e+00 6.05494857e-01 1.23958802e+00 2.32963219e-01
    2.55068362e-01 6.62283719e-01 4.91572320e-01 2.69732535e-01
    1.47403347e+00 5.81029654e-01 6.69908166e-01 6.97868466e-01
    4.56703544e-01 1.22876692e+00 1.91950485e-01 -1.73630446e-01
    -3.30631971e-01 2.09184393e-01 5.41116476e-01 1.23801865e-01
    9.23040807e-01 8.40251893e-02 4.27941352e-01 1.50113434e-01
    1.25922227e+00 -2.97817439e-01 9.68468308e-01 1.06735921e+00
    1.36209011e+00 -1.41299471e-01 1.09397745e+00 5.04468530e-02
    7.57395387e-01 7.62678206e-01 -2.61996418e-01 7.58294582e-01
    1.29795623e+00 9.69869137e-01 1.40712750e+00 3.77743840e-01
    -4.84150983e-02 7.10038006e-01 -2.44289279e-01 3.18335801e-01
    -2.14579865e-01 7.31659383e-02 7.64057755e-01 1.45669055e+00
    4.52073395e-01 -2.30984259e-02 5.71235001e-01 1.06643939e+00
    -1.52045205e-01 1.61311448e-01 1.12871134e+00 -4.76211667e-01
    6.46800458e-01 1.15327346e+00 -2.03041896e-01 -8.22512433e-02
    9.83578742e-01 -2.82677799e-01 -4.63484585e-01 1.12064290e+00
    3.86158884e-01 1.18647873e+00 5.71932793e-01 8.83616269e-01
    5.02755865e-02 8.33256960e-01 7.34556019e-01 5.39772272e-01
    7.76552737e-01 1.12918842e+00 -3.77869785e-01 9.90105271e-01
    1.41955042e+00 1.05972242e+00 -1.13946557e-01 -2.36994833e-01
    1.13027692e+00 1.49891794e+00 1.05036676e+00 6.71558201e-01
    1.31846583e+00 -5.90279407e-04 5.82577050e-01 7.88953662e-01
    3.52803208e-02 -1.96625456e-01 1.12884808e+00 1.10397518e+00
    3.27524751e-01 1.04136467e+00 1.30094349e+00 -1.22717191e-02
    5.47978222e-01 -1.91940386e-02 1.22701004e-01 1.39604259e+00
    1.29147494e+00 6.10532582e-01 1.32746363e+00 -2.01701760e-01
    8.02088022e-01 -3.55991751e-01 -3.84331673e-01 1.04732049e+00
    5.33931792e-01 5.01383901e-01 8.83602262e-01 -2.23612696e-01
    8.95507038e-01 1.70900419e-01 1.29341692e-01 -3.03450972e-01
    7.01530099e-01 5.48047781e-01 -3.26477259e-01 2.56474495e-01
    -1.19548768e-01 9.70606089e-01 -3.06958288e-01 -4.27571982e-02
    -9.09635574e-02 1.17841554e+00 -1.49727777e-01 9.85300124e-01
    2.58119971e-01 8.39194894e-01 6.06113732e-01 1.17199731e+00
    7.75406837e-01 3.81421894e-01 1.14680743e+00 4.73459303e-01
    1.32256508e+00 1.08735347e+00 -3.24488729e-02 1.03264228e-01
    7.54295886e-01 8.78439903e-01 -1.83793560e-01 2.27761015e-01
    1.50063276e+00 -1.24359384e-01 1.08165240e+00 -3.76077414e-01
    -9.81939137e-02 -1.68877199e-01 5.47846496e-01 1.82870314e-01
    6.06217206e-01 9.46637630e-01 3.79533380e-01 9.46554065e-01
    1.06517136e+00 8.09759367e-03 3.74005616e-01 1.35062361e+00
    1.33315849e+00 -2.79546589e-01 5.23874402e-01 8.64317179e-01
    4.18479294e-01 9.32763636e-01 9.78323221e-01 1.46073711e+00
    2.31611356e-01 1.21399748e+00 1.96809202e-01 1.45022082e+00
    9.03375268e-01 3.64726335e-01 1.38803780e+00 7.54924655e-01
    2.93167204e-01 1.04193497e+00 -2.99716771e-01 5.33402920e-01
    1.50057006e+00 2.93800622e-01 -1.80523023e-01 5.18624961e-01
    1.73689052e-01 2.75568634e-01 1.03469455e+00 -4.88619506e-01
    1.40267158e+00 1.40040195e+00 1.06690347e+00 1.47131324e+00
    1.29001975e+00 1.10268354e+00 1.36014712e+00 6.63522184e-01
    5.91107547e-01 -4.54258502e-01 8.29629064e-01 -2.60968536e-01
    9.73626599e-03 1.46677077e+00 6.34395301e-01 -3.29471022e-01
    2.67260194e-01 2.04983234e-01 -9.01217684e-02 1.25138628e+00
    9.45641935e-01 1.42624402e+00 1.36547256e+00 -2.81330138e-01
    1.28954566e+00 1.18857419e+00 1.00244856e+00 1.06629121e+00
    4.92325395e-01 -2.82538265e-01 -4.07231033e-01 1.73804253e-01
    1.15866423e+00 -7.42346346e-02 9.79724586e-01 2.03027949e-01
    1.23230445e+00 1.47502184e+00 3.06863755e-01 -1.93298280e-01
    4.25599366e-01 5.79205990e-01 1.31332266e+00 9.73748043e-02
    -3.73214304e-01 4.51973140e-01 9.71466005e-01 3.92389297e-01
    1.17989743e+00 6.91319942e-01 1.00939798e+00 1.32141757e+00
    -3.36769335e-02 -2.85144717e-01 1.53089178e+00 -4.45511043e-01
    6.46492720e-01 1.50281596e+00 1.29241395e+00 7.67093301e-01
    4.57067549e-01 1.24281776e+00 -1.06534623e-01 7.13887453e-01
    -9.22469329e-03 1.07135928e+00 1.45944381e+00 3.20419878e-01
    3.00093323e-01 -4.78656471e-01 3.02023947e-01 1.13597441e+00
    9.51843917e-01 5.20850658e-01 -3.41147631e-01 1.35714900e+00
    2.33842015e-01 3.97895556e-03 1.36495805e+00 9.75728452e-01
    3.58078629e-01 -1.61145888e-02 8.43519390e-01 4.45862025e-01
    2.18118683e-01 1.28230560e+00 -1.42465547e-01 1.41390228e+00
    1.46890366e+00 7.42035985e-01 1.48373747e+00 1.15292037e+00
    2.17432037e-01 -1.89937115e-01 6.36132360e-01 -4.56221402e-01
    -2.07453087e-01 2.21345842e-01 -7.30948448e-02 4.61782098e-01
    5.72157800e-01 -7.69064724e-02 1.18754244e+00 1.17607415e-01
    6.14969373e-01 -3.64863813e-01 9.65821296e-02 2.17389986e-01
    1.24933171e+00 1.90172210e-01 1.27767766e+00 1.44678104e+00
    -4.10728782e-01 1.34994555e+00 3.03507030e-01 1.32494521e+00
    1.15436482e+00 3.41159672e-01 4.11325276e-01 1.04980958e+00
    -3.30748349e-01 6.46864474e-01 2.39142358e-01 4.45739776e-01
    6.00254118e-01 -1.87098786e-01 7.65080512e-01 1.38281226e+00
    -4.12103117e-01 5.90444282e-02 1.01193070e+00 2.24212855e-01
    5.07040143e-01 1.37468064e+00 2.77505815e-01 1.06095028e+00
    1.82879075e-01 4.54992324e-01 9.96119261e-01 5.07814944e-01
    -2.42837191e-01 3.67143214e-01 1.42855823e+00 -2.81605363e-01
    3.50198597e-01 1.64657962e-02 1.41736960e+00 9.58478808e-01
    5.06126508e-02 -2.54306614e-01 1.47675931e+00 1.26502430e+00
    -4.87507105e-01 1.89427242e-01 1.83362380e-01 1.04009676e+00
    5.68086021e-02 1.06581323e-01 -1.88224569e-01 -1.61842450e-01
    -3.00192088e-01 3.86543602e-01 6.58527613e-01 2.30175138e-01
    -4.23378021e-01 -3.33314538e-01 6.24460936e-01 1.88715801e-01
    6.59102559e-01 -7.69307837e-02 1.40792817e-01 -1.36623755e-01
    1.30516136e+00 3.14861685e-01 1.06027102e+00 -2.28403181e-01
    -4.89669323e-01 2.27652967e-01 1.46140897e+00 9.59202707e-01
    1.20785201e+00 9.92518306e-01 4.69029509e-02 -4.07390475e-01
    -4.15302873e-01 -7.31123313e-02 2.65321225e-01 9.04411495e-01
    -1.27094001e-01 1.26586699e+00 -3.36616993e-01 1.37618393e-01
    1.11960614e+00 4.66610670e-01 1.24887872e+00 -1.36291170e-02
    1.07942784e+00 1.69622207e+00 1.21015084e+00 1.23326516e+00
    1.00054359e+00 -3.08703452e-01 9.91216362e-01 5.12904286e-01
    -2.87398607e-01 1.06234062e+00 3.70667756e-01 7.66649604e-01
    8.59354436e-01 -2.56064504e-01 6.28753126e-01 8.45806301e-01
    -2.46845663e-01 5.87934256e-01 1.03299749e+00 4.66843009e-01
    9.86341059e-01 4.36049908e-01 -2.63436973e-01 4.92378563e-01
    -1.49744764e-01 1.24733484e+00 -1.21816851e-01 6.86438143e-01
    -4.10727948e-01 1.14543378e+00 1.65524304e-01 1.14287543e+00
    4.78837013e-01 1.06473386e+00 2.80270427e-01 1.19568753e+00
    -2.46808812e-01 6.17923319e-01 1.03270137e+00 1.40845215e+00
    1.10395944e+00 3.67001057e-01 -2.18289234e-02 9.58279669e-01
    6.90670311e-01 -1.28156155e-01 1.11608255e+00 1.18519974e+00
    3.06722522e-01 1.20090675e+00 -2.17994273e-01 8.56981575e-01
    9.99798000e-01 1.82085827e-01 2.84010738e-01 1.37088275e+00
    6.37465477e-01 5.48714399e-01 1.35987186e+00 1.01252794e+00
    1.13367692e-01 4.86446172e-01 -2.59997517e-01 6.01801813e-01
    1.40819120e+00 -4.71211791e-01 2.98309177e-01 1.28538191e+00
    -1.44243971e-01 4.64007527e-01 1.85884640e-01 1.07011199e+00
    1.37027669e+00 -2.94879466e-01 -4.28488642e-01 1.09578228e+00
    9.99270558e-01 -3.01111162e-01 9.83937263e-01 1.16998994e+00
    2.17198268e-01 1.21788144e+00 5.92552610e-02 -4.60609086e-02
    7.43247569e-01 6.58091843e-01 -9.57578346e-02 -4.85893101e-01
    5.97906291e-01 6.98477268e-01 1.02535203e-01 1.36963665e+00
    1.17874837e+00 9.17622507e-01 -2.41280660e-01 6.61989450e-01
    5.44058740e-01 6.95766628e-01 8.33112180e-01 8.08929503e-01
    8.13806877e-02 1.09735978e+00 4.39759135e-01 4.70999420e-01
    6.95169985e-01 3.98186594e-01 8.21717143e-01 1.45834589e+00
    1.77714840e-01 8.98219764e-01 8.92097592e-01 -4.11033332e-01
    1.34696615e+00 1.00844510e-01 1.76138744e-01 5.12051523e-01
    -3.96398365e-01 2.29848877e-01 4.87625778e-01 1.24491781e-01
    8.77591252e-01 -2.51629323e-01 9.62358356e-01 -1.93609044e-01
    3.33596349e-01 -2.26335317e-01 1.33795965e+00 8.24039698e-01
    1.15852249e+00 1.51548877e-01 -2.15786502e-01 -1.05420388e-01
    9.20926213e-01 9.72808242e-01 1.41138983e+00 -3.19084048e-01
    9.00819972e-02 -1.96168020e-01 1.16614401e+00 -1.12861343e-01
    -3.42014313e-01 1.28404677e+00 5.64341962e-01 1.10694063e+00
    6.08095407e-01 1.05380464e+00 8.53418112e-01 8.97089839e-01
    -2.16279551e-01 -2.06889495e-01 5.94791532e-01 1.48259953e-01
    6.95614457e-01 8.30734968e-01 4.38433170e-01 6.23816848e-01
    6.57223940e-01 3.34204078e-01 5.11537790e-01 1.15543318e+00
    1.20908344e+00 5.42767048e-01 -4.44576472e-01 -3.17244768e-01
    2.41267607e-01 -2.33077362e-01 9.35082674e-01 2.25612987e-02
    1.12666404e+00 5.03139794e-01 2.60843039e-01 8.88725221e-01
    1.46454990e+00 -1.92726687e-01 6.69033110e-01 2.16524526e-02
    -2.85514951e-01 1.50259578e+00 8.35262656e-01 5.09771943e-01
    6.85210004e-02 6.75270498e-01 1.00268567e+00 -3.88184518e-01
    -4.73791987e-01 1.23824286e+00 4.46525484e-01 1.45044640e-01
    6.41450763e-01 1.48230600e+00 -5.94021380e-03 1.44285902e-01
    5.40401518e-01 7.63856888e-01 -3.73941898e-01 1.25958276e+00
    7.54410625e-01 -1.73872083e-01 1.15505052e+00 5.94638467e-01
    1.14348614e+00 8.27198744e-01 7.06062794e-01 6.28701687e-01
    6.11774504e-01 4.54957008e-01 1.36675143e+00 9.74762857e-01
    6.43116415e-01 5.43977737e-01 2.38067284e-01 8.51316750e-01
    7.49125481e-01 -4.45452780e-01 3.17845017e-01 -3.65345359e-01
    1.37340260e+00 1.13613141e+00 -2.03938380e-01 1.17041516e+00
    3.53577226e-01 1.61230162e-01 7.99540162e-01 6.36483312e-01
    5.91928184e-01 1.38778651e+00 1.35048401e+00 -1.39781967e-01
    -2.92818964e-01 9.13723037e-02 -6.59597218e-02 1.42887723e+00
    1.25107014e+00 -4.54556763e-01 1.33749342e+00 -3.60653639e-01
    -4.36792821e-01 1.09152712e-01 -3.99117738e-01 5.90050697e-01
    1.36899367e-01 -4.16960746e-01 1.66950241e-01 1.07648027e+00
    1.37690187e+00 1.68435127e-01 -2.54198372e-01 4.35532898e-01
    1.23030221e+00 -1.03089795e-01 3.37101281e-01 6.19475484e-01
    -2.81736344e-01 1.43474329e+00 9.68847156e-01 1.32679546e+00
    5.21021783e-01 1.12435806e+00 6.97493404e-02 2.06730053e-01
    7.03302801e-01 8.77800643e-01 -1.17053322e-01 -5.48058674e-02
    9.59441423e-01 -5.03894567e-01 5.96488535e-01 -1.01061463e-01
    6.08008564e-01 7.20669448e-01 4.66997862e-01 1.44300556e+00
    1.82740286e-01 5.66277325e-01 1.07552576e+00 -4.55233991e-01
    -3.51708591e-01 1.14822519e+00 1.28874230e+00 5.52309155e-01
    1.13984597e+00 -3.12438875e-01 3.21609288e-01 5.27234972e-02
    7.72052467e-01 -1.55504927e-01 3.47428381e-01 2.62937576e-01
    5.98310590e-01 9.72458124e-02 1.09618080e+00 1.27162480e+00
    1.04417408e+00 3.08905363e-01 2.51917452e-01 4.71142322e-01
    -1.91644222e-01 1.00917482e+00 2.89209038e-01 1.20658576e-01
    2.78276622e-01 1.20845222e+00 -1.72185510e-01 -3.76104563e-01
    -3.11777920e-01 -4.12311882e-01 -1.70466736e-01 8.70529115e-01
    5.72837234e-01 1.37976754e+00 6.57395363e-01 2.83148557e-01
    3.10355395e-01 -2.81210512e-01 1.07467079e+00 1.12927818e+00
    -4.08253163e-01 1.14675879e+00 6.62034810e-01 4.01290745e-01
    1.45725977e+00 5.82192481e-01 5.47253668e-01 9.50639009e-01
    1.32240093e+00 1.16522551e+00 5.89664876e-01 1.42412984e+00
    -1.42281681e-01 4.80140954e-01 -4.05325413e-01 1.27327406e+00
    3.24196577e-01 4.36174601e-01 2.35281110e-01 -4.12992716e-01
    4.68086511e-01 9.40130413e-01 1.01043656e-01 -8.18143338e-02
    3.91288400e-01 -6.90899640e-02 -1.45042941e-01 -4.61459607e-01
    2.06485316e-01 7.46885419e-01 1.14407972e-01 -5.92987314e-02
    4.81706023e-01 9.91817355e-01 -1.24490604e-01 -1.71396032e-01
    8.21976840e-01 4.56810683e-01 8.94658506e-01 1.55800596e-01
    -3.01368624e-01 -3.97889584e-01 -2.65137907e-02 1.98108897e-01
    3.77252325e-02 -4.16006535e-01 3.02946478e-01 1.30645251e+00
    -4.20261532e-01 1.45547926e-01 -1.28468305e-01 -3.39206249e-01
    1.34571791e+00 3.49887580e-01 1.04541993e+00 4.36359555e-01
    -2.71745116e-01 -3.70782971e-01 7.77330577e-01 -3.22080731e-01
    9.46004391e-01 1.06811011e+00 1.38996887e+00 -1.58804551e-01
    2.56887734e-01 -3.50534141e-01 6.91927373e-01 1.44431305e+00
    6.09537125e-01 1.05152547e+00 8.76112819e-01 3.47325921e-01
    9.46848989e-02 4.79106337e-01 2.13790283e-01 1.19788277e+00
    -6.30506256e-04 2.72647571e-02 6.04381919e-01 -4.97539967e-01
    8.89916718e-01 -3.08137983e-01 -1.26015663e-01 5.19220173e-01
    7.11225569e-01 -5.21620810e-01 -1.75196543e-01 1.32914984e+00
    1.73367709e-01 -1.46014258e-01 -9.84130707e-03 3.44110847e-01
    1.75089831e-03 9.20491219e-01 1.47353649e+00 -1.04358248e-01
    -5.04854321e-03 5.97482800e-01 1.40107405e+00 2.51837194e-01
    1.71115711e-01 1.31928885e+00 -3.02605659e-01 -1.22298256e-01
    5.96458733e-01 -1.82074875e-01 2.80589432e-01 4.48582321e-01
    1.20871007e+00 1.92491397e-01 4.99875963e-01 1.07321310e+00
    -4.67958897e-02 8.14851448e-02 2.44760126e-01 9.55170155e-01
    -3.37431461e-01 1.01573920e+00 1.15112090e+00 2.04000950e-01
    9.22645211e-01 1.47192419e-01 -2.92755794e-02 1.25508678e+00
    1.33083451e+00 7.70288646e-01 -3.25499058e-01 4.20694441e-01
    1.15146077e+00 -2.36159831e-01 -6.68760166e-02 1.71842784e-01
    6.94469571e-01 7.07637250e-01 5.12630761e-01 1.01104534e+00
    7.29485869e-01 1.01397443e+00 -4.21431214e-01 -3.53679359e-01
    -1.81211695e-01 3.16184849e-01 5.72896786e-02 7.61167169e-01
    -1.67229071e-01 2.19091728e-01 4.74199593e-01 1.08478212e+00
    4.66267973e-01 4.63081747e-01 -2.67919689e-01 9.08582881e-02
    -4.06685293e-01 1.23948336e+00 -2.10634038e-01 -4.57805187e-01
    1.49966538e-01 -2.11254537e-01 4.81974427e-03 9.77856815e-01
    5.16001999e-01 9.51519847e-01 -4.39442933e-01 -8.89577642e-02
    -1.67706013e-01 1.48386300e+00 -4.23361570e-01 -4.27575052e-01
    5.24068139e-02 1.13568807e+00 1.04571618e-01 6.46152735e-01
    -2.92821199e-01 7.52229929e-01 3.56626511e-01 1.04199302e+00
    1.35081899e+00 -2.29153559e-01 5.56579158e-02 1.04639852e+00
    2.98184842e-01 4.14755046e-02 1.15050352e+00 8.17070305e-01
    -3.53472948e-01 7.61325479e-01 -3.69166583e-02 8.29949141e-01
    5.15549123e-01 9.59122360e-01 5.22871971e-01 -2.50240713e-01
    5.59347093e-01 6.23607159e-01 1.35741398e-01 -2.64404625e-01
    1.08304434e-01 8.56522858e-01 1.25501049e+00 5.28571248e-01
    7.84625947e-01 -3.25809360e-01 1.23252904e+00 1.49830854e+00
    8.36214125e-01 1.09808099e+00 8.94146979e-01 6.04309320e-01
    9.58288312e-01 7.20619977e-01 6.25082791e-01 -7.88950846e-02
    2.68831104e-01 9.56065297e-01 6.91297293e-01 7.98955202e-01
    -1.67485729e-01 -3.34855825e-01 1.07128036e+00 1.47628725e+00
    3.49713899e-02 1.46717536e+00 6.89357638e-01 -6.76897587e-03
    5.74528798e-02 1.08509354e-01 6.76626921e-01 1.25075519e+00
    2.90680379e-01 -5.90391792e-02 1.44122851e+00 8.05537701e-01
    1.09322381e+00 -4.63958055e-01 -4.31443691e-01 9.24011111e-01
    1.00380027e+00 -1.00857373e-02 1.38013279e+00 1.03474009e+00
    9.69536304e-01 2.64982253e-01 2.12562576e-01 4.90045577e-01
    6.44408241e-02 1.01851010e+00 1.11368346e+00 2.25397110e-01
    -2.96381861e-01 7.25072265e-01 -2.39350379e-01 8.19822073e-01
    3.96697670e-01 4.63917494e-01 7.46852338e-01 -3.39230925e-01
    1.10162675e+00 -1.96228325e-01 1.11637616e+00 1.20631635e+00
    5.69876470e-02 1.06936300e+00 8.75074148e-01 1.32971203e+00
    -4.03927207e-01 1.08042789e+00 6.85371697e-01 5.99924386e-01
    -8.86257216e-02 1.63386449e-01 9.91514564e-01 4.63469386e-01
    -4.00416613e-01 -7.99434185e-02 1.33940268e+00 2.49921635e-01
    1.48651040e+00 3.81982118e-01 2.68927395e-01 4.36540931e-01
    -2.94618011e-01 -3.51817131e-01 -3.05182427e-01 -2.27096751e-01
    7.16721117e-01 1.46285987e+00 7.84311771e-01 1.21030748e+00
    7.07100689e-01 -9.95706767e-02 1.43798506e+00 4.20594811e-01
    1.18495727e+00 3.57604176e-01 1.29515815e+00 3.95259768e-01
    1.20988262e+00 7.58130312e-01 1.45462406e+00 3.21340203e-01
    -8.60316008e-02 9.51063111e-02 3.29385698e-01 1.20008397e+00
    1.27037573e+00 -8.13704059e-02 8.80788267e-01 1.42714858e+00
    1.50664341e+00 -9.16220620e-02 1.17445195e+00 8.24424863e-01
    -4.44669068e-01 7.44271517e-01 1.78716630e-01 -8.45257714e-02
    4.67867881e-01 9.95771468e-01 -2.22644418e-01 7.76996464e-02
    1.26737535e+00 -5.53825609e-02 1.10588694e+00 2.09064230e-01
    -1.00019224e-01 9.81531739e-01 4.85223532e-02 1.30840862e+00
    -3.90389085e-01 1.27097833e+00 1.35142446e+00 1.26434219e+00
    5.18345773e-01 9.63989366e-03 -1.76141113e-01 2.90930234e-02
    -1.38036653e-01 8.05010498e-01 -2.80613035e-01 5.37072837e-01
    -2.16466069e-01 -3.00541788e-01 5.47354877e-01 1.38567054e+00
    3.91701996e-01 4.50844467e-01 -2.04703614e-01 1.47100246e+00
    2.78547704e-01 2.16396093e-01 3.53906870e-01 9.02189195e-01
    -3.27990174e-01 1.01043546e+00 2.96195745e-01 9.48743880e-01
    9.83191133e-02 3.40976149e-01 9.16370571e-01 -4.43190277e-01
    8.61164272e-01 6.10850632e-01 1.49815381e+00 2.56149262e-01
    2.03871414e-01 4.92874384e-01 -2.11627290e-01 9.04689074e-01
    1.20259047e+00 2.00286712e-02 4.61550653e-01 1.07466376e+00
    -4.64777708e-01 5.42202741e-02 5.42758286e-01 1.07304740e+00
    5.74102640e-01 1.40430152e+00 -2.90532321e-01 -3.86712223e-01
    1.29687214e+00 2.64414698e-01 1.02066231e+00 8.06907564e-02
    1.14064598e+00 -3.20426673e-02 -3.39393988e-02 1.05819941e+00
    9.91095006e-01 1.12511575e+00 5.37156165e-01 2.39878371e-01
    8.99619639e-01 6.19676650e-01 4.64818150e-01 5.56557596e-01
    8.13944578e-01 4.70658690e-01 7.54454434e-02 2.27009565e-01
    2.76718765e-01 1.45793939e+00 -2.77479917e-01 3.97964597e-01
    -8.45523998e-02 1.03900269e-01 1.47080076e+00 1.39857280e+00
    2.85354853e-01 3.14363420e-01 -2.10649952e-01 -2.36187935e-01
    8.51082951e-02 -3.32223207e-01 4.95904624e-01 6.10022806e-02
    6.95545137e-01 6.55125439e-01 3.80415320e-01 8.46730173e-01
    1.25105798e+00 -4.72175449e-01 2.54403085e-01 -6.14744611e-02
    2.50918537e-01 1.01494133e+00 1.09071898e+00 1.36846340e+00
    2.97239870e-01 1.34229922e+00 -2.74294734e-01 -3.25893968e-01
    1.30384574e-02 1.86041653e-01 2.21784443e-01 3.52201104e-01
    4.65497434e-01 -2.46951267e-01 1.02129292e+00 1.17910527e-01
    -1.04111277e-01 -4.63079885e-02 1.16945791e+00 -1.53856277e-01
    1.29686522e+00 2.83307612e-01 1.11733317e+00 6.87216759e-01
    1.58692503e+00 8.43802154e-01 4.67608362e-01 1.75277721e-02
    -2.26195127e-01 1.81444407e-01 2.68028200e-01 1.30020067e-01
    1.23589702e-01 8.92172396e-01 8.38565707e-01 1.03832209e+00
    -4.49105114e-01 2.15471491e-01 1.03003025e+00 4.97104913e-01
    6.28166020e-01 1.06763613e+00 1.36160803e+00 8.44675720e-01
    1.29603875e+00 6.81242645e-01 -1.54787421e-01 -4.54564780e-01
    1.77510008e-01 8.96383941e-01 -8.58144015e-02 -2.62000740e-01
    1.69524238e-01 4.14161772e-01 -1.57853991e-01 1.00774384e+00
    2.28230894e-01 3.89991730e-01 1.90394565e-01 1.33759284e+00
    8.11040819e-01 9.54653263e-01 -3.14333409e-01 -3.25421780e-01
    1.29792607e+00 5.31917155e-01 9.10381138e-01 1.30247939e+00
    1.56643257e-01 7.51885414e-01 6.70051202e-02 1.08372664e+00
    6.95833564e-01 1.45216376e-01 3.28369349e-01 -3.65330696e-01
    4.27120596e-01 1.31543633e-02 -4.97850746e-01 6.41369045e-01
    7.02432394e-01 6.41536415e-01 2.79443085e-01 9.42312419e-01
    2.76895851e-01 1.41837358e+00 5.77709556e-01 8.27341154e-02
    8.61198485e-01 1.14842129e+00 2.57349432e-01 8.88060093e-01
    -3.03136230e-01 4.13174897e-01 4.98211503e-01 1.02883351e+00
    9.80396807e-01 -1.16130374e-01 1.17750585e+00 -8.29964653e-02
    9.94330570e-02 -4.07780856e-01 6.47136748e-01 -1.38530597e-01
    2.85013229e-01 1.00091231e+00 1.70640558e-01 -3.29337776e-01
    1.49980283e+00 9.20036674e-01 2.66482502e-01 4.07467246e-01
    4.82924245e-02 -4.67587650e-01 9.72738147e-01 4.48117614e-01
    4.94987369e-01 5.78296900e-01 1.18394542e+00 1.22753203e+00
    1.00348806e+00 1.02067566e+00 9.29825306e-01 -5.07830918e-01
    5.29166996e-01 -3.98285776e-01 1.01595163e+00 4.59166259e-01
    1.20873272e+00 1.46513581e+00 9.63678479e-01 1.48356831e+00
    8.52893829e-01 7.58220911e-01 7.84579158e-01 1.23515658e-01
    1.08172941e+00 1.39142483e-01 1.38583291e+00 1.16625786e+00
    2.44464323e-01 1.50851026e-01 3.40541124e-01 -3.63429040e-01
    1.10220587e+00 1.54844895e-01 -4.07719702e-01 7.76479423e-01
    8.36977422e-01 3.65411900e-02 3.54701161e-01 1.14371204e+00
    -2.86649674e-01 1.33766425e+00 1.36271536e+00 1.08893490e+00
    1.46455811e-02 7.83107102e-01 3.84180367e-01 -3.75988483e-01
    4.42888364e-02 1.49235177e+00 1.48005998e+00 6.26989067e-01
    4.36693691e-02 1.99313894e-01 6.80031180e-01 7.97587872e-01
    1.04809177e+00 6.01989806e-01 1.12237322e+00 9.82325137e-01
    6.23123407e-01 1.02714550e+00 1.06318855e+00 -4.55891281e-01
    1.46934044e+00 1.42034650e+00 6.66021407e-01 9.50257063e-01
    7.71643519e-01 2.43996248e-01 5.09042144e-01 1.25664997e+00
    1.91288721e-02 1.56072944e-01 1.22861242e+00 -2.52376914e-01
    6.88714385e-02 3.29012364e-01 1.41603756e+00 6.30094767e-01
    1.03054523e+00 -3.43279213e-01 1.36144602e+00 9.23498645e-02
    1.07875094e-01 -1.36171356e-01 1.73146024e-01 1.32364249e+00
    1.40439105e+00 -3.91206771e-01 3.52165192e-01 8.50572467e-01
    9.77848351e-01 1.33362937e+00 -1.24342456e-01 3.69933188e-01
    1.12964058e+00 4.79410231e-01 6.05670094e-01 3.50865424e-01
    -2.50424147e-01 1.21246743e+00 -1.31349295e-01 -3.02621692e-01
    -4.28295851e-01 8.21419299e-01 -2.41027907e-01 1.91191092e-01
    1.29608655e+00 8.47395360e-01 -1.15599401e-01 5.47828972e-01
    -2.20695317e-01 7.76617050e-01 1.15349686e+00 1.36097479e+00
    1.41551161e+00 4.00738835e-01 -4.03647155e-01 3.29282790e-01
    5.37016332e-01 1.48156369e+00 3.03709537e-01 1.28672552e+00
    3.54544163e-01 4.74222124e-01 1.32493615e+00 9.67195094e-01
    4.66464490e-01 1.14632118e+00 4.38377634e-02 -2.51610726e-01
    4.43166405e-01 -3.31884056e-01 1.45904696e+00 -1.98609039e-01
    6.01671040e-01 7.92027235e-01 9.65247214e-01 -4.03595984e-01
    8.28721046e-01 6.73546314e-01 2.37974018e-01 2.73517609e-01
    6.74356401e-01 1.21941864e+00 1.14861596e+00 3.86831701e-01
    1.51182368e-01 1.42547715e+00 7.78077960e-01 4.73400652e-01
    1.28630459e+00 6.01895213e-01 7.09295094e-01 1.08749580e+00
    9.77336764e-02 4.03635055e-01 3.85049284e-01 4.24382836e-01
    3.32472920e-01 7.81863570e-01 8.51598680e-01 1.12326384e+00
    6.86415017e-01 9.18354571e-01 7.54244447e-01 1.24720621e+00
    2.35851016e-02 1.16552925e+00 3.28437746e-01 1.70877731e+00
    4.75902706e-01 1.54463661e+00 4.84798789e-01 1.54377067e+00
    -9.50120687e-02 -1.73605964e-01 6.91953778e-01 5.98478198e-01
    1.09256399e+00 1.63340986e-01 -8.91281292e-02 1.25504541e+00
    1.28364611e+00 5.42575002e-01 1.45666432e+00 1.41939664e+00
    7.16848850e-01 1.21576071e+00 6.62679851e-01 6.65169120e-01
    -2.53001183e-01 2.58773923e-01 8.63503814e-01 3.53729248e-01
    1.24743950e+00 -1.60508424e-01 2.18543723e-01 -3.35705161e-01
    1.50820565e+00 -3.23666483e-02 1.33440778e-01 1.00147772e+00
    -3.92119624e-02 3.87320161e-01 6.48610830e-01 1.47064507e+00
    7.45971918e-01 1.43905413e+00 2.70660490e-01 5.05339392e-02
    1.36659980e+00 1.41987741e-01 -3.45676303e-01 -1.78558663e-01
    1.08505595e+00 8.00299704e-01 1.18019521e+00 -2.61043727e-01
    -3.46983492e-01 1.29269171e+00 -2.67867595e-01 9.19499040e-01
    1.45310009e+00 4.36832994e-01 4.28618848e-01 -1.21101856e-01
    1.22755396e+00 3.33017796e-01 1.03188701e-01 -3.50804329e-01
    7.74057627e-01 -7.30829462e-02 -3.71338964e-01 1.20906448e+00
    1.24727416e+00 -4.78135318e-01 1.29031670e+00 5.93447797e-02
    2.89304107e-01 -3.05143416e-01 1.13261509e+00 4.32528287e-01
    5.52359879e-01 -2.82336354e-01 4.86978501e-01 6.15177035e-01
    1.49044633e+00 1.91118773e-02 2.74818599e-01 1.10118723e+00
    4.69797611e-01 -1.46984562e-01 -4.84142452e-01 1.24344552e+00
    1.09536402e-01 1.00117207e+00 3.24503958e-01 -3.08555126e-01
    3.43572885e-01 3.64102930e-01 8.05398941e-01 -4.31661218e-01
    8.23428392e-01 1.31856453e+00 7.82452002e-02 1.21873665e+00
    -2.99857199e-01 -5.04585505e-01 5.27999282e-01 7.30714917e-01
    1.10139623e-02 1.44624197e+00 9.53763008e-01 1.28060329e+00
    1.83010176e-01 3.88837248e-01 9.18560922e-01 6.37486398e-01
    4.01002526e-01 1.04366910e+00 1.05267704e+00 3.85021955e-01
    -3.33620965e-01 -2.74485707e-01 4.79603559e-01 3.55388820e-01
    8.82699430e-01 1.04485154e-01 -2.28535105e-02 -2.13586420e-01
    1.50934505e+00 7.67504156e-01 8.01533639e-01 1.09337437e+00
    -4.83003139e-01 -3.82183254e-01 1.46109664e+00 1.22318816e+00
    1.37398648e+00 -5.51173277e-02 -4.45325047e-01 1.79589987e-01
    -1.39199167e-01 -4.62312959e-02 6.61488652e-01 -5.02124488e-01
    -4.84476358e-01 -1.74233299e-02 -4.81629223e-01 -4.96317685e-01
    1.13862741e+00 8.93933058e-01 9.57748234e-01 -3.98150474e-01
    8.22944701e-01 5.74097335e-01 3.19673032e-01 1.42351258e+00
    -1.57262638e-01 7.47820973e-01 2.07807302e-01 3.95965390e-02
    1.37225831e+00 -4.67127442e-01 7.38208711e-01 6.65396631e-01
    1.33211565e+00 1.22151494e+00 -5.08660793e-01 6.78706706e-01
    5.47342002e-01 7.57203281e-01 3.56631074e-03 -1.97351947e-02
    6.84737563e-01 -1.49216270e-02 7.30103314e-01 4.12611872e-01
    6.54602110e-01 9.36802983e-01 -3.30136538e-01 -4.03817892e-01
    -3.91551018e-01 -1.12733878e-01 1.29984185e-01 1.13412130e+00
    2.80615926e-01 6.64002120e-01 -3.20375681e-01 -1.51918530e-01
    -2.59769320e-01 4.38560277e-01 2.48672813e-02 9.00542259e-01
    7.40750059e-02 2.26961449e-01 6.67869821e-02 1.37107742e+00
    1.43952072e+00 6.31912887e-01 -1.10130943e-02 1.20378089e+00
    1.36747754e+00 1.32634640e+00 6.56284869e-01 1.39172113e+00
    7.67340958e-01 1.38863158e+00 -2.70431727e-01 -1.77935332e-01
    9.08833504e-01 -3.38989496e-01 -1.07760623e-01 6.51975453e-01
    1.88823804e-01 2.20820829e-01 5.59457660e-01 -7.29014352e-02
    1.16191220e+00 4.91482377e-01 1.41631380e-01 4.92245018e-01
    -2.81089917e-02 1.26571190e+00 6.40007377e-01 1.07822263e+00
    8.32885504e-01 -2.12820053e-01 -3.64781886e-01 3.84901732e-01
    1.41013277e+00 -3.76291633e-01 5.53771615e-01 6.52462900e-01
    2.65547633e-01 1.46752417e+00 -4.03800428e-01 -1.54037282e-01
    1.20147789e+00 -3.65618080e-01 -2.77402978e-02 3.27764422e-01
    5.42754889e-01 2.46553794e-01 -1.18821345e-01 -8.34823698e-02
    -2.91587482e-03 -1.54091880e-01 -3.01423743e-02 -4.81920868e-01
    1.39190197e+00 -4.80519503e-01 1.15215409e+00 1.30734265e+00
    2.36633539e-01 1.25662518e+00 -1.22346230e-01 -4.72187996e-02
    -9.94496420e-02 1.46109915e+00 1.49182379e+00 6.02629960e-01
    5.41117311e-01 6.08344153e-02 1.32701027e+00 1.63715065e+00
    1.70626879e+00 9.64748189e-02 -1.26375124e-01 7.27666259e-01
    5.41731954e-01 4.65446502e-01 7.61101961e-01 7.46922195e-01
    -2.87940294e-01 1.01082683e+00 9.29196000e-01 1.09883630e+00
    -8.95309299e-02 2.66056985e-01 3.54341030e-01 1.34780049e+00
    1.42020512e+00 7.33426332e-01 1.94856748e-02 2.35965654e-01
    1.18236613e+00 -4.67212111e-01 8.14004660e-01 9.89031494e-01
    -1.89759564e-02 4.19150591e-01 1.06549895e+00 1.45373213e+00
    1.33869672e+00 1.08846116e+00 1.22937131e+00 -3.80802006e-01
    9.31596816e-01 7.21008241e-01 4.25343841e-01 1.22169399e+00
    9.74941075e-01 -6.77271886e-03 -9.83802751e-02 1.55242369e-01
    3.27123314e-01 1.09422576e+00 1.18227267e+00 -3.84523749e-01
    2.28880078e-01 -2.53725439e-01 5.63467920e-01 2.98612624e-01
    1.22450817e+00 1.03702950e+00 1.10225832e+00 1.33645499e+00
    -4.25997943e-01 4.00254369e-01 5.43254197e-01 -2.89606273e-01
    8.05606723e-01 8.64116669e-01 1.25127554e+00 5.12663126e-01
    1.00385058e+00 -1.57595709e-01 3.54052037e-01 3.89960706e-01
    -4.00278479e-01 1.37049389e+00 2.28227720e-01 1.23093903e+00
    1.20580006e+00 -2.29512885e-01 3.90242189e-01 3.32145929e-01
    2.63422251e-01 4.93272215e-01 7.62347937e-01 1.96702436e-01
    7.95241714e-01 5.72621763e-01 9.35721993e-01 2.89415777e-01
    1.36155534e+00 -3.35197449e-02 -4.30966884e-01 -3.67637694e-01
    9.78970766e-01 1.35068858e+00 5.12380183e-01 1.25855827e+00
    1.24473107e+00 7.36075997e-01 1.11494255e+00 5.08611798e-01
    5.07177114e-02 1.47478974e+00 7.54035532e-01 5.63619733e-02
    -4.25954342e-01 3.73171568e-01 5.35225034e-01 4.47756350e-01
    5.31160414e-01 1.31297886e+00 4.84993495e-02 1.27884138e+00
    2.13070646e-01 -8.53990298e-03 1.07181942e+00 9.03321862e-01
    1.45646465e+00 -3.09683651e-01 -1.78528026e-01 9.56359804e-02
    -1.52171433e-01 -2.96723992e-01 -4.68921602e-01 1.23987520e+00
    -4.15488034e-01 9.17688131e-01 1.14983523e+00 1.34472179e+00
    5.04846334e-01 3.88958663e-01 3.76470089e-01 -3.89198631e-01
    -2.93104172e-01 -4.53931279e-03 1.03117251e+00 -4.96590465e-01
    -1.26607910e-01 1.25243354e+00 1.38388681e+00 1.11715126e+00
    7.09159076e-01 -8.53816122e-02 1.32191193e+00 5.66999018e-01
    9.07593250e-01 3.28271389e-01 7.46672273e-01 2.85132937e-02
    1.46618903e+00 -3.27462405e-01 9.31908250e-01 8.85032475e-01
    1.39906228e+00 6.01225019e-01 -3.98117751e-02 3.84697914e-01
    -4.26517665e-01 1.46647692e+00 1.03697252e+00 1.21357691e+00
    1.37914777e+00 1.10880232e+00 1.74545795e-01 -5.23669682e-02
    1.26186860e+00 -4.19797786e-02 4.39844996e-01 5.04724979e-01
    -1.74943164e-01 -2.94933856e-01 6.19547665e-01 1.29429138e+00
    7.73866713e-01 9.93435800e-01 9.01445389e-01 6.91388905e-01
    8.85647237e-01 1.68697551e-01 6.74427390e-01 5.75128376e-01
    4.86749150e-02 1.05315912e+00 -3.59471887e-01 1.25798309e+00
    4.66341451e-02 9.94277149e-02 1.26146033e-01 1.17215455e+00
    1.04348028e+00 7.42086589e-01 7.78524458e-01 7.44867027e-01
    -9.92561802e-02 -4.65554565e-01 2.66568325e-02 2.61782795e-01
    -2.30278615e-02 4.10592519e-02 3.42674404e-01 -2.49799296e-01
    8.54329705e-01 1.03026617e+00 -3.32292229e-01 -8.01170990e-02
    -1.76367700e-01 4.63004380e-01 -3.18473160e-01 9.63058412e-01
    9.31858599e-01 1.06226671e-02 1.22875357e+00 6.91143394e-01
    7.10896432e-01 1.36436975e+00 8.07949007e-01 9.03921306e-01
    4.30585831e-01 -5.16548097e-01 1.23529184e+00 4.87967581e-01
    7.03064978e-01 1.07138884e+00 1.36303294e+00 1.18192112e+00
    1.23483491e+00 6.62581563e-01 1.11184204e+00 1.31011248e+00
    2.31060714e-01 6.25286937e-01 -2.81799287e-01 7.64181256e-01
    1.88318044e-01 8.34040821e-01 1.03509867e+00 9.49292541e-01
    1.47713077e+00 -2.58851320e-01 1.22450113e+00 8.29216301e-01
    -1.68345168e-01 5.85626483e-01 -3.22784632e-01 3.02447766e-01
    5.61494470e-01 1.09241104e+00 9.09512401e-01 6.24202669e-01
    5.48884690e-01 7.56446779e-01 1.36177588e+00 6.84506774e-01
    2.29631528e-01 -3.58885109e-01 1.34027338e+00 1.32268763e+00
    -3.81923974e-01 1.40022624e+00 1.26631010e+00 7.65849829e-01
    1.08781087e+00 8.88273299e-01 -2.72299260e-01 7.74826348e-01
    -7.43838251e-02 1.59480166e+00 -2.64709860e-01 1.54901934e+00
    7.18904734e-02 6.50227726e-01 1.21365154e+00 -2.31856462e-02
    1.58876270e-01 4.20317978e-01 3.47633541e-01 7.47418225e-01
    9.52375174e-01 9.43982005e-01 -3.98822457e-01 -2.35349134e-01
    4.79724586e-01 9.66845512e-01 1.30368495e+00 9.83195186e-01
    1.28692293e+00 -3.37490261e-01 -3.82505953e-01 3.18138093e-01
    2.88920134e-01 -4.22956020e-01 -1.09584175e-01 1.38323516e-01
    -2.81617761e-01 3.96752834e-01 -4.02926207e-01 1.29080808e+00
    5.86543143e-01 8.17081869e-01 9.45592165e-01 8.18107724e-01
    -6.93276525e-02 -3.92708689e-01 -5.17646194e-01 3.55624884e-01
    1.43853903e+00 6.19593680e-01 -2.26961330e-01 -3.02351654e-01
    5.38802564e-01 -1.09755009e-01 3.53474021e-01 1.36656535e+00
    7.96050727e-01 -9.73294452e-02 2.19279397e-02 8.49148870e-01
    9.51336563e-01 7.61599839e-02 -3.58339846e-01 1.48772514e+00
    -2.39510462e-01 -1.29431784e-01 4.43095654e-01 -4.48703736e-01
    -6.44451678e-02 8.40620100e-01 1.10097361e+00 1.01556587e+00
    -1.69786081e-01 1.03898776e+00 -2.17077062e-01 1.21397889e+00
    9.39913154e-01 1.38416743e+00 -5.11060715e-01 -1.03764534e-04
    1.40830591e-01 -2.56863147e-01 -4.33657855e-01 -7.07887113e-03
    2.85354815e-02 -3.74019802e-01 1.20242596e+00 1.47540128e+00
    1.46535468e+00 -2.62503920e-04 5.71569085e-01 4.70327735e-01
    5.06545961e-01 1.04937339e+00 8.72583687e-02 1.15739000e+00
    1.35282004e+00 -4.91218060e-01 1.04740262e+00 6.67982817e-01
    6.16256595e-01 -2.61135660e-02 -4.83462781e-01 2.37798631e-01
    1.47029531e+00 3.57176512e-01 -2.00801957e-02 -4.32162136e-01
    1.05473542e+00 9.73216474e-01 2.62575299e-01 3.71169336e-02
    -4.74481642e-01 -2.42436737e-01 3.68959695e-01 2.36960024e-01
    5.54387093e-01 1.24741042e+00 4.53099459e-01 2.45791197e-01
    8.17045689e-01 -3.34688663e-01 2.74159908e-01 -5.73753789e-02
    2.17187583e-01 -9.67516005e-02 1.12878770e-01 5.98155558e-01
    1.05307591e+00 -1.87856853e-01 -4.35538888e-01 -1.60659589e-02
    1.24273252e+00 -2.70343006e-01 2.93385804e-01 8.98165941e-01
    -1.68774396e-01 5.61388321e-02 4.04690623e-01 1.07014537e+00
    6.18512154e-01 1.23185015e+00 6.89421594e-01 2.44522750e-01
    6.51756376e-02 4.60604161e-01 2.85398364e-01 -4.90417778e-01
    -1.01604946e-01 -7.78797194e-02 1.89812243e-01 4.52643722e-01
    -9.67447739e-03 -4.46116686e-01 4.18476053e-02 1.64271966e-02
    -4.15645123e-01 1.46174669e-01 8.29425752e-01 1.01679945e+00
    1.39411986e+00 1.01755440e+00 -5.27364993e-03 -1.91726357e-01
    1.35393345e+00 -4.60885525e-01 6.52484536e-01 1.01879299e+00
    -2.00160757e-01 5.94589338e-02 -4.32301313e-01 6.32218480e-01
    1.47000015e+00 1.13955188e+00 -3.32000405e-01 9.32145059e-01
    6.30158544e-01 -2.72394329e-01 7.27517843e-01 3.18754345e-01
    -1.85714453e-01 -2.51531154e-01 1.74392462e-01 9.74689841e-01
    8.53388086e-02 3.23899090e-01 2.59068757e-01 -1.58328429e-01
    2.11833805e-01 7.47514606e-01 1.56306863e-01 6.76950991e-01
    -1.83827981e-01 1.23779511e+00 9.15441394e-01 9.92240384e-02
    -3.14913571e-01 9.22867596e-01 1.40325940e+00 5.02193868e-01
    1.04759419e+00 1.00940049e+00 -2.29386508e-01 -3.86476904e-01
    9.95157063e-01 6.31262422e-01 6.31237030e-01 5.40891290e-01
    6.26948953e-01 5.89671671e-01 4.20043647e-01 2.50514239e-01
    -4.73502517e-01 1.38056982e+00 1.18043102e-01 1.27138698e+00
    -1.31976485e-01 -2.52814293e-01 8.67214680e-01 -2.49940157e-01
    1.33061218e+00 1.02820349e+00 -2.00642049e-01 1.31803906e+00
    1.53080061e-01 9.68159020e-01 8.50981474e-02 -1.51636273e-01
    1.18687749e+00 2.39498615e-01 4.62861598e-01 9.17253077e-01
    1.65135432e-02 8.32741499e-01 1.16241145e+00 -2.31534824e-01
    1.38506992e-02 3.94787371e-01 9.11960185e-01 4.00154293e-02
    -5.21009415e-02 3.01245987e-01 3.37293923e-01 1.02115273e+00
    1.11950450e-01 1.27180040e+00 1.48112357e+00 6.05178326e-02
    5.88281333e-01 1.03488541e+00 3.14823896e-01 5.22700995e-02
    2.53801674e-01 4.09616381e-01 2.35064477e-01 3.60393018e-01
    1.06296313e+00 1.37879276e+00 3.41602892e-01 1.55122066e+00
    6.90173328e-01 4.87045020e-01 5.66348374e-01 8.84864926e-01
    1.03221464e+00 1.48869538e+00 1.03762829e+00 4.84347373e-01
    6.92506731e-01 7.86696732e-01 9.34101820e-01 9.50030535e-02
    6.35394394e-01 1.41382062e+00 2.98412204e-01 -3.91837060e-02
    1.34100306e+00 2.58810639e-01 -1.43111631e-01 1.12942469e+00
    -2.68010229e-01 2.35740095e-01 7.96578601e-02 -3.22333962e-01
    4.77293491e-01 -4.75553155e-01 -9.20121744e-03 -1.54708534e-01
    3.58693808e-01 -3.67306948e-01 1.40810227e+00 1.27669704e+00
    3.30100119e-01 5.29169559e-01 1.18529153e+00 3.05896103e-01
    -1.64689541e-01 1.02542841e+00 2.45650187e-01 2.06296667e-01
    9.33974385e-01 1.19217324e+00 1.48230541e+00 5.65908790e-01
    5.96205950e-01 1.13143003e+00 9.71746325e-01 -2.10293829e-01
    -2.29851648e-01 6.56552434e-01 7.55194187e-01 8.83774996e-01
    1.94952056e-01 -3.65729123e-01 5.11230528e-01 1.58365786e-01
    1.32599676e+00 6.06619954e-01 3.77102375e-01 -1.09188735e-01
    1.48100674e+00 5.78104615e-01 9.48371768e-01 6.30739272e-01
    5.28734267e-01 -3.00363481e-01 1.46951005e-01 2.91932166e-01
    1.31661391e+00 -3.18279684e-01 -3.75135243e-01 2.50272661e-01
    1.40964973e+00 -4.24434483e-01 -1.48715347e-01 1.26388657e+00
    1.01356566e+00 1.49891287e-01 1.13523006e-01 -1.14212021e-01
    1.00396454e+00 1.43817410e-01 4.17476118e-01 7.08148837e-01
    -4.85151529e-01 8.47490966e-01 6.11659527e-01 1.27343881e+00
    -4.92953099e-02 7.72910357e-01 1.44497764e+00 9.01698589e-01
    2.11007427e-03 -1.44562740e-02 4.30052221e-01 8.44302952e-01
    1.22739218e-01 -1.61322847e-01 1.76387012e-01 8.82764518e-01
    1.47793388e+00 -1.19232535e-02 8.41886282e-01 4.30979729e-02
    9.19631600e-01 7.33148083e-02 4.11882162e-01 -7.57661387e-02
    -2.49376714e-01 -1.24985665e-01 9.39647794e-01 5.46026587e-01
    6.04751587e-01 6.02787793e-01 9.88750935e-01 6.85719371e-01
    4.02935266e-01 -9.96522084e-02 -7.92544782e-02 1.09133363e-01
    1.06761083e-01 -4.33364213e-01 4.73404050e-01 -1.80672586e-01
    6.95850253e-01 2.43415851e-02 -3.17501307e-01 -4.50176239e-01
    9.44740415e-01 7.81258941e-01 -1.22289263e-01 -7.52615184e-02
    -4.33291309e-02 3.34122360e-01 1.88102648e-01 1.11651981e+00
    1.32132447e+00 2.11135328e-01 2.10385844e-01 5.05420804e-01
    5.56212127e-01 -1.63510695e-01 1.01492143e+00 1.18519282e+00
    -3.32714289e-01 6.62560523e-01 1.34697092e+00 1.08947627e-01
    5.31731427e-01 1.29638076e+00 3.19120437e-01 8.40896130e-01
    7.18355715e-01 1.04783309e+00 1.17345023e+00 6.00329041e-01
    4.33877930e-02 8.28599751e-01 1.07523763e+00 1.39134061e+00
    9.17921722e-01 -1.82978183e-01 5.46885952e-02 4.55063172e-02
    -1.34706497e-01 1.21683455e+00 3.43276232e-01 3.64024967e-01
    4.95061874e-01 -1.99719280e-01 -2.14533135e-01 2.47770995e-01
    3.96002442e-01 -1.55716956e-01 -3.29096138e-01 -2.86093146e-01
    2.28195786e-01 3.85788739e-01 3.15215230e-01 6.55294135e-02
    8.48138690e-01 9.06036258e-01 1.14644146e+00 1.39233720e+00
    9.52884555e-01 1.14522278e+00 7.20151782e-01 1.13741696e+00
    -2.59981543e-01 6.55947268e-01 9.46895540e-01 3.39274794e-01
    1.20411897e+00 -1.46679282e-01 -4.78120714e-01 1.37964499e+00
    1.17945933e+00 1.26146817e+00 -4.31834966e-01 -2.18196303e-01
    5.34393609e-01 8.83947432e-01 -4.92969275e-01 1.37029922e+00
    9.97161329e-01 -3.06814432e-01 2.43486330e-01 8.26922730e-02
    2.67079055e-01 5.44352889e-01 3.32601964e-01 3.57407220e-02
    9.97067019e-02 7.84362495e-01 7.49410391e-01 -3.55046779e-01
    7.71091521e-01 -2.36707374e-01 3.44314098e-01 8.11575532e-01
    4.92428809e-01 1.20670870e-01 1.28015280e+00 4.96624082e-01
    -1.80765361e-01 3.77865613e-01 7.35907555e-01 1.14176726e+00
    7.55189121e-01 1.27347589e+00 6.39773846e-01 5.36315680e-01
    1.22978091e+00 1.30394578e-01 1.19702876e+00 4.13887471e-01
    1.35493875e+00 1.11104262e+00 6.34583533e-01 -2.56982952e-01
    1.49442732e+00 3.43481958e-01 5.91529906e-01 1.46342301e+00
    -4.92069870e-01 -1.66301563e-01 5.87875545e-01 -3.72542441e-01
    1.40803647e+00 5.51916122e-01 1.25139546e+00 -1.29126862e-01
    -2.25877836e-01 -3.60712230e-01 1.21690482e-01 1.48933756e+00
    5.38016036e-02 6.71064079e-01 1.37117064e+00 4.03393239e-01
    2.43397936e-01 7.16286778e-01 -1.08306687e-02 1.44825071e-01
    7.07922339e-01 1.58879086e-01 6.08577430e-01 8.36028457e-01
    -1.31288216e-01 1.13025999e+00 1.18656898e+00 -2.80212313e-02
    8.72274458e-01 2.01751351e-01 1.74357519e-01 5.37366509e-01
    4.94944453e-01 3.78171921e-01 -4.29238863e-02 -1.43623203e-01
    9.94321108e-02 1.28722990e+00 1.04647592e-01 2.70938218e-01
    1.19435418e+00 7.85629451e-01 -3.58004123e-01 2.94913445e-03
    4.19544429e-01 4.15457129e-01 1.34223700e+00 -1.18365977e-03
    1.16425431e+00 -1.01907114e-02 6.70594692e-01 1.95200935e-01
    1.35615051e+00 7.63536334e-01 1.25578761e+00 -1.31442860e-01
    -4.63700891e-02 1.13077104e+00 1.04279244e+00 1.39430010e+00
    8.53740811e-01 7.72664696e-02 1.10582721e+00 9.87864912e-01
    8.31461549e-01 -3.51734489e-01 3.24208379e-01 -2.33059734e-01
    9.40556347e-01 1.42319667e+00 8.49279821e-01 -6.18349575e-02
    1.96605623e-01 9.34352875e-01 -2.98244685e-01 6.61250353e-01
    1.45447516e+00 6.28240645e-01 -4.36503291e-01 -8.90348181e-02
    1.48001182e+00 -1.01597831e-01 2.88542986e-01 3.14998597e-01
    6.10174574e-02 1.21719301e+00 1.36150122e-01 1.34187317e+00
    1.14653409e+00 -4.07349855e-01 -1.48047492e-01 8.95401120e-01
    1.21381432e-01 9.04425859e-01 1.01413995e-01 1.30425882e+00
    1.29341722e+00 9.47059929e-01 1.17246294e+00 -3.07011724e-01
    1.42466593e+00 -4.64123279e-01 -1.74231887e-01 1.08460009e+00
    7.51926780e-01 4.25327957e-01 -8.00389498e-02 1.36250448e+00
    3.83410960e-01 -4.34521466e-01 6.97496533e-01 2.78996993e-02
    -4.40708578e-01 8.99526238e-01 -2.31886581e-01 1.54513732e-01
    2.60748357e-01 1.57793149e-01 7.80481279e-01 1.04183149e+00
    -7.46647418e-02 4.37561691e-01 1.20521092e+00 3.43041718e-01
    5.26463032e-01 3.66947651e-01 1.17898442e-01 8.60485360e-02
    -4.15876776e-01 1.12137914e+00 -3.14312488e-01 7.42249906e-01
    2.81919628e-01 4.47134554e-01 1.17438364e+00 3.84271055e-01
    6.50059581e-01 4.89995539e-01 -3.09592545e-01 7.33496964e-01
    1.16632903e+00 1.23045301e+00 1.33005214e+00 1.45745754e+00
    8.32094908e-01 -3.85930777e-01 1.31897569e+00 -4.29313123e-01
    1.38728356e+00 1.45488286e+00 1.02111459e+00 7.27699399e-01
    1.26989770e+00 1.37508166e+00 9.49003458e-01 6.71721280e-01
    -1.65495887e-01 -1.65073592e-02 3.15421075e-01 -9.26087424e-02
    -2.07788840e-01 1.43732417e+00 -3.63671869e-01 1.28046322e+00
    1.24198747e+00 5.08427441e-01 -3.93345803e-01 6.31363690e-01
    -2.79764265e-01 7.73191035e-01 -3.96909893e-01 8.71529222e-01
    1.05478740e+00 1.49089563e+00 9.55139637e-01 1.35177410e+00
    6.16507351e-01 -4.01410341e-01 7.09706694e-02 -7.76510313e-02
    -1.78792879e-01 -3.49969655e-01 3.19639862e-01 1.35583460e+00
    7.20633149e-01 3.48095894e-01 7.34537184e-01 6.60142303e-01
    3.01062077e-01 3.27093780e-01 6.61668837e-01 -3.65321413e-02
    9.51744556e-01 1.03853595e+00 -3.27688605e-02 -5.06612435e-02
    1.29942328e-01 1.30051088e+00 1.01195085e+00 -3.39162707e-01
    -1.63664162e-01 6.26549423e-01 -1.30075753e-01 3.28671992e-01
    9.23586309e-01 6.33255601e-01 6.94289625e-01 2.27163687e-01
    -2.27108017e-01 7.98262239e-01 -4.83525664e-01 1.28168678e+00
    -4.02078615e-04 1.19106877e+00 -4.04662341e-01 7.59243429e-01
    8.39616060e-02 1.32261491e+00 7.26188421e-01 1.33085251e-01
    1.75059624e-02 7.76237011e-01 -9.25053284e-02 3.66099477e-01
    8.27574313e-01 1.19734824e+00 1.16529357e+00 1.46467972e+00
    5.09758294e-01 2.67620027e-01 -3.39039236e-01 2.54351258e-01
    8.65652025e-01 6.90143108e-01 1.94959641e-01 -4.27064627e-01
    9.77954566e-02 -3.92735481e-01 -3.86950254e-01 1.40565765e+00
    -4.55775619e-01 5.85492194e-01 6.87101603e-01 1.27642071e+00
    -4.29002970e-01 1.31042671e+00 1.15792763e+00 4.39058185e-01
    -3.07789028e-01 3.46363932e-02 3.87822598e-01 1.44931149e+00
    4.66842294e-01 9.83049095e-01 1.41409063e+00 7.59576082e-01
    -4.36677486e-01 1.32727289e+00 6.09481474e-03 -2.39887103e-01
    1.59746319e-01 -1.43992513e-01 1.13243139e+00 1.29624677e+00
    1.42317384e-01 9.26625490e-01 1.14343703e+00 -2.93944538e-01
    -2.26170430e-03 1.50730288e+00 2.02624291e-01 5.77625453e-01
    1.10340416e+00 -1.48892418e-01 1.36935711e+00 2.48328507e-01
    8.45928907e-01 1.11254215e+00 1.20019376e+00 7.83005238e-01
    1.46599686e+00 -4.05545384e-01 1.15006065e+00 1.14004171e+00
    -1.35350227e-01 8.15107644e-01 -2.13284582e-01 -3.95175189e-01
    7.55993843e-01 -3.24428380e-01 8.65263224e-01 6.04061663e-01
    -8.74325708e-02 5.91396764e-02 -4.92696047e-01 6.71322942e-02
    5.12228273e-02 3.23697850e-02 9.93757069e-01 6.73204005e-01
    6.19300544e-01 7.55843043e-01 4.64279622e-01 1.38991758e-01
    1.31115127e+00 6.23605728e-01 4.21850771e-01 -5.31630479e-02
    1.20537259e-01 1.10501692e-01 6.57096505e-01 1.33221114e+00
    1.10299766e+00 -1.98911175e-01 5.93125343e-01 9.49086130e-01
    1.18004107e+00 -7.04361200e-02 1.21370912e+00 -2.09714398e-01
    1.00028074e+00 -5.02518535e-01 6.62358224e-01 8.88518512e-01
    1.43711948e+00 5.99831104e-01 4.44601268e-01 4.66285706e-01
    9.53694940e-01 1.54015899e-01 1.25506008e+00 4.00152951e-01
    6.17843032e-01 1.20218217e+00 2.07722366e-01 1.15029192e+00
    5.39170623e-01 2.87954789e-02 3.21382165e-01 7.76028156e-01
    -2.77431548e-01 1.10697620e-01 2.92992979e-01 1.47887921e+00
    8.41439068e-01 8.75545204e-01 7.45157421e-01 5.20335197e-01
    7.26907670e-01 -1.17133230e-01 1.28480697e+00 1.20819211e+00
    1.40305972e+00 3.11019629e-01 -4.45031896e-02 -1.94162026e-01
    2.56774068e-01 1.11078131e+00 1.30162442e+00 1.47723055e+00
    1.21814001e+00 8.12687516e-01 7.13714138e-02 7.12744566e-03
    1.48864281e+00 1.69580594e-01 7.10084260e-01 7.00295091e-01
    -4.97316808e-01 1.45538878e+00 4.16174680e-01 1.07386780e+00
    1.02547812e+00 9.70756829e-01 -1.40324876e-01 2.22496629e-01
    1.04625188e-01 5.58237098e-02 5.78286588e-01 1.13000476e+00
    -3.95065285e-02 1.50718963e+00 -3.38706970e-02 -1.64477691e-01
    -1.75734922e-01 1.02173582e-01 1.31258094e+00 -1.32591665e-01
    1.27856851e+00 1.18783641e+00 1.03701508e+00 2.47331917e-01
    4.30710427e-03 2.31437340e-01 1.24410242e-01 9.48863477e-03
    1.01012969e+00 9.09356713e-01 6.58359751e-02 1.46416128e+00
    2.56364971e-01 7.36524522e-01 -1.37033656e-01 4.52080786e-01
    9.94828999e-01 9.12582338e-01 6.01632774e-01 1.33301718e-02
    4.75995809e-01 1.06293201e+00 -1.60372019e-01 -2.32946798e-01
    5.08172274e-01 1.12885308e+00 2.96209119e-02 6.43793046e-02
    1.07918251e+00 8.22686255e-01 1.03814229e-01 9.96482790e-01
    1.10712731e+00 1.41894448e+00 7.53578842e-01 7.60941505e-01
    1.42047870e+00 1.55928582e-01 -7.97537789e-02 5.97402155e-01
    1.41056514e+00 1.73866093e-01 8.50185633e-01 1.13544929e+00
    -3.25308144e-01 1.18101799e+00 7.26866126e-01 2.98983574e-01
    2.03344852e-01 1.12935627e+00 1.31917250e+00 2.34527126e-01
    7.38957703e-01 3.87148827e-01 5.24031162e-01 3.86519641e-01
    1.38507509e+00 -1.41772404e-01 -4.35858011e-01 6.82589769e-01
    -1.48659542e-01 7.78073668e-01 -1.06424473e-01 6.53181732e-01
    6.73472881e-01 -8.40065405e-02 1.35062540e+00 1.59998462e-01
    1.38641965e+00 -4.08719361e-01 1.68955728e-01 5.86761348e-02
    -1.46760300e-01 1.73664287e-01 3.50082189e-01 1.27125788e+00
    6.37019098e-01 3.90148938e-01 4.81258571e-01 1.49681354e+00
    1.43144047e+00 9.90739226e-01 1.43114343e-01 3.06064449e-03
    1.06243777e+00 -4.34717238e-01 1.06128764e+00 5.43884397e-01
    1.08694351e+00 5.95586181e-01 1.18732611e-02 -3.22933853e-01
    9.67859805e-01 2.39528686e-01 1.07267070e+00 3.38448822e-01
    9.15581048e-01 1.06042802e+00 7.30023026e-01 -4.19486575e-02
    1.33802223e+00 8.81236255e-01 1.34519255e+00 -6.83763251e-02
    3.54956299e-01 1.37428415e+00 1.32637632e+00 1.67095199e-01
    1.79115325e-01 -4.02139902e-01 3.69903654e-01 3.37933481e-01
    -2.39787474e-01 1.35966957e+00 7.91325450e-01 8.95255268e-01
    1.21791196e+00 -3.34933788e-01 3.09589338e-02 4.70657170e-01
    1.48120773e+00 -4.15862918e-01 5.89574426e-02 1.02655470e+00
    1.04625094e+00 1.24851584e+00 1.18299007e+00 -6.73018992e-02
    2.12642610e-01 1.31723332e+00 1.11752951e+00 1.01239192e+00
    1.06616795e+00 1.16305828e+00 1.44816828e+00 2.12387875e-01
    8.09447050e-01 8.03073108e-01 1.31705314e-01 1.57603872e+00
    1.64790440e+00 1.18391967e+00 1.54343998e+00 1.33631194e+00
    1.48271549e+00 1.50856733e+00 4.59083855e-01 4.10433739e-01
    -4.50054765e-01 1.25002190e-01 1.23023450e+00 5.23934603e-01
    -3.94712001e-01 9.45701241e-01 6.62231684e-01 -3.87298971e-01
    1.46957278e+00 3.89285415e-01 8.74731660e-01 8.32271099e-01
    1.44930959e+00 -2.08611991e-02 4.19917852e-01 2.68345743e-01
    -3.09262782e-01 -3.24498534e-01 7.64934599e-01 1.30547476e+00
    9.95290697e-01 3.02583098e-01 1.38789594e-01 1.04366219e+00
    -3.58434230e-01 -3.97275865e-01 1.34945408e-01 -2.32497454e-01
    7.65722811e-01 8.54333520e-01 1.23522508e+00 2.70044804e-01
    1.61970124e-01 -3.75698000e-01 2.74910331e-01 9.31180894e-01
    1.01682293e+00 1.45562005e+00 6.58892751e-01 3.67143124e-01
    1.44377077e+00 8.93163264e-01 5.16678572e-01 2.28230259e-03
    1.24377000e+00 1.07609332e+00 6.17165625e-01 6.58741832e-01
    -4.88081455e-01 -1.31106615e-01 7.19782174e-01 1.13148952e+00
    1.27531096e-01 1.11914444e+00 -2.65084416e-01 5.23344874e-01
    1.21743500e+00 1.04323411e+00 3.08381617e-01 5.52915394e-01
    5.88990569e-01 4.82635349e-01 1.24716890e+00 1.95912525e-01
    -1.34497151e-01 -1.60590842e-01 6.07695699e-01 1.70258999e-01
    1.01732326e+00 -1.58765242e-01 1.11837320e-01 1.10425711e+00
    1.19248486e+00 2.37679452e-01 5.77077091e-01 1.02880335e+00
    1.15147543e+00 -4.45243150e-01 -4.57820147e-01 6.22690260e-01
    1.46461618e+00 -2.99406588e-01 2.39429235e-01 -4.56292927e-01
    1.42804134e+00 2.53423005e-01 1.27355373e+00 1.63396016e-01
    6.40159905e-01 6.33393466e-01 9.76440087e-02 4.84913260e-01
    1.11967957e+00 6.05765544e-02 -7.81579092e-02 2.06814572e-01
    9.04787123e-01 1.24466813e+00 1.07276094e+00 1.05308175e+00
    5.05481847e-02 2.39269972e-01 1.21649802e-02 1.33817807e-01
    -4.04912621e-01 -1.85796022e-01 1.01718771e+00 7.16353595e-01
    6.66635752e-01 -4.10069495e-01 3.43616515e-01 -4.71176207e-01
    1.38534522e+00 6.18799627e-01 1.51465857e+00 2.95984983e-01
    1.42553067e+00 4.95632827e-01 1.01605570e+00 4.41035479e-01
    -3.04156721e-01 -3.79482329e-01 8.84731054e-01 -3.75439882e-01
    1.30305088e+00 2.00410545e-01 1.56649843e-01 4.26689804e-01
    1.47310638e+00 1.01727653e+00 1.50469989e-01 1.56559333e-01
    8.44350100e-01 -2.09802613e-01 -2.30421826e-01 3.80462229e-01
    1.14018083e+00 5.68193018e-01 8.66492093e-01 3.55720997e-01
    1.25936842e+00 5.32010913e-01 7.80873120e-01 5.14119923e-01
    5.34206271e-01 5.83209038e-01 1.26305795e+00 -1.31802663e-01
    1.15480268e+00 1.16038847e+00 1.11376035e+00 1.43033886e+00
    6.54838264e-01 3.64519596e-01 -1.43842101e-01 -1.64079845e-01
    9.36241567e-01 1.06119955e+00 3.66969496e-01 -1.78389058e-01
    1.24957466e+00 5.30207515e-01 -5.92761040e-02 1.25852501e+00
    2.85437256e-01 -4.55182016e-01 1.28590965e+00 1.56195953e-01
    8.84272695e-01 -1.43003091e-01 -1.81562424e-01 5.45211077e-01
    1.04099667e+00 7.00647056e-01 3.11061107e-02 4.16329414e-01
    8.47855270e-01 1.37687957e+00 1.04287267e+00 5.66614807e-01
    2.07034126e-01 1.02511263e+00 -4.60411012e-01 2.59980351e-01
    -2.63531655e-01 1.18182003e+00 1.42705059e+00 5.30360818e-01
    3.38557124e-01 -3.67891788e-01 1.00831556e+00 1.37511170e+00
    -4.03252453e-01 -2.79509038e-01 4.42690939e-01 9.85760689e-01
    1.29097819e+00 3.51893336e-01 -4.99833673e-01 -3.73180121e-01
    -3.09184283e-01 1.22534609e+00 1.07765865e+00 1.28833687e+00
    2.89086312e-01 -2.90767729e-01 1.18978679e+00 -2.80391395e-01
    3.54749352e-01 -3.81791085e-01 -2.17860639e-01 3.78630087e-02
    6.19632959e-01 1.27586174e+00 -1.89160377e-01 8.16161096e-01
    7.03403413e-01 -1.92322284e-01 1.91799462e-01 9.47939932e-01
    -6.73479810e-02 1.07983279e+00 1.36476791e+00 1.29273200e+00
    1.06358266e+00 2.44764015e-01 8.96170288e-02 -4.03667629e-01
    -3.71652603e-01 1.25031054e+00 7.58657634e-01 3.24515522e-01
    6.28031075e-01 -4.75611389e-01 -2.53696233e-01 1.46342945e+00
    1.27194077e-01 1.35038459e+00 1.18082464e+00 1.16409373e+00
    -1.91005573e-01 1.50026822e+00 1.45362866e+00 4.32867825e-01
    -1.95777878e-01 9.04150665e-01 1.28305420e-01 1.73866570e+00
    6.07592007e-03 1.12238598e+00 1.64958549e+00 4.99684721e-01
    1.20703244e+00 1.47042835e+00 -3.39590162e-02 7.12035298e-02
    6.22879624e-01 6.16755962e-01 4.35939372e-01 4.58503783e-01
    5.15664160e-01 6.17740214e-01 -2.08272517e-01 3.67902905e-01
    -1.78199828e-01 -6.08690679e-02 1.15713394e+00 8.74541700e-01
    -3.72498930e-02 4.47742015e-01 1.44140339e+00 1.13309741e+00
    1.84437647e-01 1.94273487e-01 8.95142853e-01 -3.13077793e-02
    -2.87159413e-01 9.48735058e-01 -4.46383238e-01 -4.49648172e-01
    1.48716414e+00 6.26656592e-01 1.30621397e+00 -2.56648421e-01
    -2.80288279e-01 2.34840736e-01 -4.76689994e-01 1.44693089e+00
    6.03734434e-01 -4.09037352e-01 4.33326095e-01 -2.68869787e-01
    6.94773018e-01 4.84667003e-01 -2.81258188e-02 6.89957619e-01
    8.56196880e-01 -4.31076497e-01 1.16913565e-01 1.42516291e+00
    1.29621148e+00 1.29221809e+00 8.08795869e-01 5.23462355e-01
    2.58748055e-01 9.63311076e-01 -2.92286158e-01 3.40567708e-01
    1.03149223e+00 9.91183400e-01 -4.48016465e-01 -1.76209047e-01
    -2.90992986e-02 1.34467566e+00 3.05780977e-01 1.18652236e+00
    1.46982908e+00 1.44221556e+00 7.30409384e-01 2.64141142e-01
    8.34277928e-01 6.83733046e-01 4.57129419e-01 8.69299889e-01
    8.39088559e-01 1.39085913e+00 2.28313118e-01 -3.09005052e-01
    8.20476592e-01 -1.05331622e-01 1.18512356e+00 -4.88648623e-01
    5.44985414e-01 2.25921273e-01 4.13449973e-01 6.06132090e-01
    6.44790053e-01 1.37050712e+00 8.33034873e-01 1.43632025e-01
    8.16131353e-01 -4.34772551e-01 1.09141600e+00 2.83224732e-01
    -4.91227418e-01 1.22053254e+00 6.03843391e-01 3.06443185e-01
    -3.49444598e-01 1.33151209e+00 1.00337243e+00 2.65250117e-01
    2.91203678e-01 9.98438776e-01 1.49382913e+00 4.89149630e-01
    1.14284539e+00 -3.66675287e-01 1.13508010e+00 1.21936285e+00
    1.01513755e+00 1.26228893e+00 1.38309228e+00 9.71966013e-02
    -1.04656026e-01 -2.00119559e-02 -1.07586727e-01 4.30129737e-01
    9.99397516e-01 7.42796183e-01 1.23107409e+00 -1.40109703e-01
    9.14764404e-01 1.22511828e+00 -3.05149764e-01 7.54329979e-01
    6.30335450e-01 1.29632652e+00 6.70908019e-02 8.99771929e-01
    6.63866699e-01 6.33313894e-01 6.96611404e-01 1.12202251e+00
    3.58743668e-01 1.38614416e+00 2.92961486e-02 3.71418238e-01
    7.95538545e-01 1.04683983e+00 1.14611781e+00 -1.90302715e-01
    -1.31853402e-01 1.33854806e+00 9.33623552e-01 -3.23431015e-01
    1.33572602e+00 1.11135471e+00 8.66032839e-01 1.01180601e+00
    -3.63510824e-03 1.06803870e+00 2.30998471e-02 8.05289388e-01
    9.71309662e-01 1.03111613e+00 -1.34871248e-02 1.14482605e+00
    5.82677245e-01 -1.78004250e-01 -2.60138482e-01 6.90497279e-01
    -4.33358192e-01 -4.62169498e-01 1.47715533e+00 1.39784670e+00
    1.53545344e+00 1.01556194e+00 -1.77114591e-01 3.32686424e-01
    -3.13238174e-01 7.54671037e-01 1.29520380e+00 6.83537543e-01
    6.21208966e-01 1.27335429e+00 9.89801109e-01 -9.46055055e-02
    -2.46045389e-03 5.74196398e-01 6.80804849e-01 3.81720662e-01
    1.47135651e+00 7.01504529e-01 2.86995173e-01 4.64105934e-01
    1.11884630e+00 -5.26829138e-02 9.34459090e-01 -4.92251694e-01
    -1.66267037e-01 1.33650875e+00 1.38983417e+00 2.47498766e-01
    1.11581469e+00 1.38442504e+00 1.88059524e-01 6.15354180e-01
    5.78354895e-01 -8.20681006e-02 -3.85079831e-01 9.61551785e-01
    3.01892489e-01 1.26485813e+00 3.01581062e-02 -8.88422355e-02
    7.45806247e-02 2.47299150e-01 -1.86932534e-01 3.19819272e-01
    1.40478563e+00 1.23511767e+00 9.99686241e-01 6.48515940e-01
    1.09650207e+00 1.19518054e+00 4.36679691e-01 2.73746699e-02
    9.20129061e-01 1.05855823e+00 1.19443548e+00 1.29535604e+00
    -2.50676394e-01 -3.30249190e-01 7.82628059e-01 1.48733437e+00
    3.83548498e-01 9.80493948e-02 1.04547346e+00 -4.92932528e-01
    7.60600150e-01 -3.18446487e-01 1.86832041e-01 -1.04538150e-01
    9.58284199e-01 6.76086098e-02 1.31536949e+00 1.14057910e+00
    9.02671576e-01 -1.59998357e-01 1.21956027e+00 8.79278123e-01
    -4.16516066e-01 4.17197436e-01 -2.17357770e-01 -1.29705697e-01
    -9.41780582e-02 2.76991218e-01 8.31155956e-01 1.39230639e-01
    -2.39823118e-01 1.44393235e-01 1.58974349e+00 -1.70698896e-01
    1.58924651e+00 1.37054360e+00 -1.52305409e-01 6.78701460e-01
    9.56120193e-01 1.10078490e+00 -3.76020163e-01 -2.16283157e-01
    2.59986430e-01 -4.76085454e-01 7.20785916e-01 -3.39735270e-01
    -3.07993203e-01 1.44438908e-01 3.85924131e-01 5.96765935e-01
    1.17487061e+00 1.22404540e+00 -3.54453176e-01 -3.30620855e-02
    9.69810128e-01 4.32004720e-01 1.36361527e+00 1.38990688e+00
    1.29245794e+00 8.04806709e-01 1.32823253e+00 2.92535573e-01
    -1.96927100e-01 -2.40342036e-01 8.46764028e-01 7.67252028e-01
    8.82515728e-01 -2.98510224e-01 6.90918267e-01 -4.68023360e-01
    3.98149997e-01 2.27101371e-01 5.04003823e-01 -4.11776245e-01
    1.13618314e+00 6.48151457e-01 3.90584201e-01 1.36144888e+00
    1.51487842e-01 1.23900890e-01 1.92995131e-01 1.08140540e+00
    8.29758883e-01 8.45303297e-01 -1.41871154e-01 3.44405353e-01
    5.32493055e-01 1.32120013e+00 1.28798091e+00 9.88048837e-02
    3.64706427e-01 1.23914540e+00 2.06390873e-01 7.72000492e-01
    -9.37826335e-02 1.10656989e+00 -1.63194776e-01 8.36738408e-01
    9.00136173e-01 -4.52956796e-01 5.66792011e-01 1.44759655e+00
    3.52238297e-01 1.26679718e+00 -4.06712025e-01 1.29021215e+00
    1.42629910e+00 7.15219617e-01 1.17919475e-01 -3.23398829e-01
    1.37194502e+00 1.13872504e+00 1.03802109e+00 -2.65359849e-01
    -8.72816518e-02 1.20632446e+00 -4.73632902e-01 1.53333485e-01
    -6.04643933e-02 1.02863133e+00 1.30602419e+00 7.45604515e-01
    2.45223984e-01 6.87960625e-01 9.71490085e-01 1.31265569e+00
    1.16882074e+00 -1.97896555e-01 2.48985797e-01 1.02765572e+00
    6.98285758e-01 2.25874484e-01 1.41091263e+00 1.43998909e+00
    5.28282166e-01 5.25134325e-01 1.32636583e+00 -4.12823826e-01
    -4.20167893e-01 1.04221307e-01 -1.29153177e-01 8.40357840e-01
    8.44850540e-01 -2.30524149e-02 5.30202508e-01 7.59600222e-01
    -4.04558688e-01 9.50637877e-01 1.65557072e-01 1.13951683e+00
    6.36638403e-01 6.06587052e-01 4.94061271e-03 -2.12458119e-01
    1.38648942e-01 1.32505488e+00 1.26937377e+00 6.19129121e-01
    -1.73782676e-01 5.58656693e-01 7.67680928e-02 1.50139034e+00
    7.21057892e-01 -3.56594354e-01 -4.21454161e-01 2.41838306e-01
    -9.77306217e-02 1.40531957e+00 1.35315195e-01 3.12239945e-01
    9.02489126e-01 -4.78234023e-01 7.22867846e-01 1.27079952e+00
    5.94476163e-01 3.31083149e-01 1.04510427e+00 -1.51711076e-01
    1.12771869e+00 -2.71162629e-01 4.66805339e-01 1.07202590e+00
    -3.91787350e-01 1.41535223e+00 9.56525326e-01 -2.30967134e-01
    -4.97469539e-03 6.59754753e-01 2.79737502e-01 7.44635880e-01
    1.26858926e+00 8.26454699e-01 8.92580450e-01 -4.35835600e-01
    7.56207108e-01 8.50438178e-01 2.14395761e-01 1.56383961e-02
    8.27507555e-01 1.80692255e-01 -6.75929785e-02 7.89010406e-01
    -2.85522491e-01 4.25293207e-01 1.92496583e-01 -3.52275431e-01
    -3.26996595e-01 5.69770575e-01 7.37552404e-01 3.52597684e-01
    1.43858516e+00 -4.21912551e-01 2.83408463e-01 1.38810933e+00
    8.61757934e-01 1.29697382e+00 -1.97870821e-01 1.24336529e+00
    5.25342189e-02 5.47649443e-01 1.02654088e+00 1.44501245e+00
    1.14844561e+00 1.96527764e-01 6.23784900e-01 1.33423400e+00
    9.82234538e-01 3.32199842e-01 1.46847236e+00 -4.36980844e-01
    1.21414328e+00 1.08332705e+00 1.09216094e+00 1.08031166e+00
    9.47798967e-01 5.17379045e-01 -6.89676553e-02 1.23629236e+00
    -3.34287226e-01 6.98220789e-01 1.40256131e+00 7.99758136e-01
    3.74400258e-01 3.25327635e-01 1.21011424e+00 1.27064300e+00
    1.17218840e+00 3.71544838e-01 6.12607002e-01 7.80795038e-01
    7.54277587e-01 2.93681353e-01 2.55653895e-02 2.43489087e-01
    7.28370368e-01 1.45308542e+00 7.75489390e-01 1.56583279e-01
    -4.72976863e-01 7.91719407e-02 5.95401287e-01 4.06288117e-01
    1.18581808e+00 1.44298804e+00 9.48121011e-01 9.52910006e-01
    5.62379658e-01 1.42278522e-01 3.80573004e-01 9.69519854e-01
    9.77129757e-01 7.98294783e-01 9.51535761e-01 8.42175424e-01
    1.46439159e+00 6.26778007e-01 2.93903977e-01 1.48946059e+00
    7.53314495e-01 6.47732615e-01 1.25158715e+00 8.69472086e-01
    6.92129433e-01 3.54829907e-01 3.99874121e-01 1.34078717e+00
    1.54872930e+00 6.84598923e-01 6.84812367e-01 8.25151145e-01
    1.65728199e+00 1.58499503e+00 1.43096507e+00 1.32333267e+00
    3.60952988e-02 1.53162229e+00 -2.17758030e-01 -2.10696250e-01
    1.07615650e+00 3.75511885e-01 9.82203662e-01 3.24053615e-01
    -4.75475132e-01 1.29412937e+00 7.92072535e-01 4.63916004e-01
    1.33468735e+00 1.01590037e+00 -3.28198016e-01 -2.97355980e-01
    -3.04444462e-01 1.48214185e+00 4.37769443e-01 5.19045949e-01
    -2.13079542e-01 7.22070456e-01 1.27110827e+00 -8.04579780e-02
    6.61285669e-02 1.28617358e+00 1.27160048e+00 8.42050195e-01
    5.71355283e-01 1.54444799e-01 2.03658074e-01 8.20521355e-01
    1.33425093e+00 1.43722653e+00 8.78676951e-01 1.40437591e+00
    5.16936481e-01 1.09154391e+00 7.73123562e-01 -4.48302746e-01
    1.62756473e-01 -4.47057813e-01 1.04385090e+00 1.48109293e+00
    1.40177238e+00 6.48955166e-01 3.78488570e-01 4.03958023e-01
    1.39963210e+00 1.29494667e+00 8.58723462e-01 9.34652388e-02
    -3.93331796e-01 1.82913452e-01 1.22734642e+00 2.46586055e-01
    -1.24596372e-01 7.18323827e-01 2.89012730e-01 4.63703126e-01
    -1.13951907e-01 1.15016687e+00 1.13139212e+00 1.23138404e+00
    1.48865461e+00 -1.18725605e-01 6.80272460e-01 1.03897440e+00
    -1.54918402e-01 1.61136135e-01 1.10898471e+00 -1.44640818e-01
    -1.68400466e-01 5.90476453e-01 -1.22315317e-01 1.19677258e+00
    6.80815041e-01 -2.48192891e-01 -1.90248474e-01 1.20207381e+00
    5.16675889e-01 9.01522160e-01 1.22955751e+00 1.44944394e+00
    5.29237926e-01 -2.66922265e-02 2.48039328e-03 5.91213942e-01
    9.23373044e-01 1.48276985e+00 2.20347136e-01 -6.96194023e-02
    3.81083101e-01 -2.74994075e-01 -2.11988837e-01 1.37256682e+00
    1.25147498e+00 1.35029542e+00 -1.35435298e-01 1.08250427e+00
    6.23578429e-01 -1.18186302e-01 3.38723183e-01 1.06799829e+00
    1.83830783e-02 3.06917518e-01 2.07949027e-01 -5.31433858e-02
    -2.64567345e-01 4.18324411e-01 -1.13150209e-01 7.93034792e-01
    6.58085167e-01 1.23131192e+00 1.04539812e+00 1.14165318e+00
    5.71206391e-01 -4.00061309e-01 -3.67009491e-01 5.20626828e-03
    -5.20927906e-02 -4.24052119e-01 6.65678442e-01 1.35753620e+00
    6.92944109e-01 7.69268215e-01 2.07853708e-02 1.00038636e+00
    9.25015926e-01 1.47162747e+00 3.64423603e-01 -3.64094496e-01
    -4.63392399e-02 8.46601903e-01 3.04154962e-01 5.00631630e-01
    8.61335516e-01 -1.56705782e-01 2.65614428e-02 4.51823115e-01
    9.08205390e-01 1.36700058e+00 -1.79765344e-01 3.96885842e-01
    -1.50961965e-01 2.84767240e-01 1.23196650e+00 6.75166130e-01
    3.12950276e-02 -3.45645919e-02 9.14262176e-01 -1.06574111e-01
    1.08625412e+00 4.19920832e-01 6.92397878e-02 7.58270919e-01
    8.54095936e-01 1.18057370e+00 -8.18494260e-02 2.01842338e-01
    1.30460453e+00 7.67695606e-01 1.35371423e+00 9.56688643e-01
    1.47236109e-01 -2.61484891e-01 1.49236441e+00 1.06993675e+00
    -3.94237846e-01 -1.55772820e-01 6.34322882e-01 2.27039874e-01
    2.18989879e-01 7.42654383e-01 2.13165089e-01 3.06587964e-01
    7.09057570e-01 -2.41243958e-01 1.32564619e-01 4.66255546e-01
    -4.37296301e-01 1.03289008e+00 4.78602089e-02 1.09069324e+00
    -2.54111618e-01 1.19697762e+00 7.82761723e-02 1.59469247e-01
    5.74163854e-01 7.82685459e-01 -8.99143443e-02 8.04112405e-02
    1.06810415e+00 -4.63897765e-01 6.39102638e-01 8.63562584e-01
    1.27483058e+00 1.00567365e+00 1.91575270e-02 1.92245767e-01
    4.72290605e-01 -3.45902294e-01 -4.09493715e-01 -2.51205981e-01
    8.68479967e-01 9.93518829e-01 7.57777750e-01 1.16887927e+00
    8.77566218e-01 3.38627458e-01 -2.57663459e-01 6.45018041e-01
    9.28058743e-01 1.02366662e+00 9.56493318e-01 -3.25388372e-01
    9.26727131e-02 1.04241192e+00 -4.37761396e-02 5.26707947e-01
    -2.95970589e-01 1.04862601e-02 1.05667539e-01 2.65756726e-01
    1.38663471e+00 7.92154074e-01 1.98759720e-01 1.34249961e+00
    -4.82118011e-01 -1.01502120e-01 -3.42734307e-01 -4.24318045e-01
    8.45267355e-01 2.40321130e-01 7.25904822e-01 6.80727601e-01
    3.28352213e-01 1.07926452e+00 5.26188493e-01 -4.09465104e-01
    9.82719183e-01 7.84961104e-01 -4.80662495e-01 -2.43371338e-01
    -2.81404674e-01 1.10153961e+00 2.00419560e-01 -2.54171818e-01
    4.00937051e-01 3.28287065e-01 -6.88096881e-02 3.81096572e-01
    1.00910652e+00 1.43112338e+00 9.05221820e-01 1.01119888e+00
    1.39312133e-01 3.12399864e-01 2.17432648e-01 -1.57362193e-01
    9.31592822e-01 9.55810726e-01 1.30460978e+00 9.43739772e-01
    -4.03667986e-01 1.06125283e+00 1.65533498e-01 1.16585922e+00
    -4.17375952e-01 3.06575507e-01 1.35542834e+00 7.73112655e-01
    -3.76156792e-02 8.79499316e-01 1.15477204e+00 2.18708262e-01
    -1.47334933e-01 7.64037251e-01 -3.35723072e-01 5.03977060e-01
    1.02411199e+00 8.09673011e-01 8.16742241e-01 5.99157155e-01
    -3.94168943e-02 -3.22607785e-01 2.28438720e-01 4.29013222e-01
    -1.00737602e-01 6.80465817e-01 -1.17626734e-01 -1.05707362e-01
    9.59044933e-01 4.99115586e-01 -4.66064662e-01 3.20116132e-01
    1.09988129e+00 1.28697991e-01 8.98967505e-01 -3.93108487e-01
    1.37626737e-01 6.59625053e-01 4.55366850e-01 1.47259820e+00
    1.33852601e+00 3.56955796e-01 -4.13225144e-01 -5.14951766e-01
    4.06524837e-01 -2.10573509e-01 1.17818630e+00 8.76594603e-01
    4.70468462e-01 1.48033309e+00 7.75524855e-01 1.06615806e+00
    -3.00684243e-01 -9.20149758e-02 1.03910160e+00 1.45272160e+00
    9.88541722e-01 -2.96364188e-01 -3.46763194e-01 -2.43214130e-01
    -7.23107830e-02 9.16703939e-01 1.05312693e+00 4.79761839e-01
    6.13907099e-01 8.42607915e-01 1.29702556e+00 2.76672672e-02
    1.17491388e+00 8.52932036e-01 1.08924973e+00 -3.31373721e-01
    7.43817568e-01 9.77836490e-01 8.77487898e-01 2.77847946e-01
    -7.48157781e-03 -1.15257867e-01 -2.83326060e-01 9.37868476e-01
    9.93134975e-01 1.11486959e+00 -3.80850434e-01 -2.21465543e-01
    -3.52364689e-01 -8.36494099e-03 -7.92875141e-02 -4.62678283e-01
    1.01746094e+00 6.87924922e-01 1.42018244e-01 3.66720557e-01
    -3.99299234e-01 1.18079114e+00 5.61214983e-01 7.49650374e-02
    -2.81824052e-01 1.14185438e-01 1.32780623e+00 7.71029115e-01
    5.94260693e-02 1.45339680e+00 1.17755961e+00 4.12121236e-01
    1.20070267e+00 1.61174357e-01 1.09930418e-01 1.41514862e+00
    5.02790630e-01 1.40186417e+00 5.03306985e-01 1.25495040e+00
    5.95328152e-01 7.29271770e-01 6.52196527e-01 1.24451578e+00
    2.38909721e-01 -1.93005458e-01 3.29657167e-01 1.27378058e+00
    6.40079498e-01 -6.19162582e-02 5.05103171e-01 1.21183324e+00
    1.48935509e+00 8.82206380e-01 -2.64307350e-01 6.02183819e-01
    6.54401779e-01 -1.38492122e-01 -4.77830201e-01 1.13537121e+00
    1.39375818e+00 -4.81901675e-01 5.28874397e-01 3.08234036e-01
    -1.12099694e-02 -3.56843531e-01 1.21884215e+00 3.02051753e-01
    7.25857317e-01 6.84116423e-01 1.71020627e-01 1.21669841e+00
    1.40915322e+00 1.20175207e+00 1.99708730e-01 7.97586620e-01
    9.32049274e-01 -1.02318875e-01 5.29708624e-01 2.96615005e-01
    8.23682964e-01 -3.59350353e-01 2.63972133e-01 1.45784140e+00
    6.67421043e-01 -1.73661500e-01 -6.38635308e-02 1.95385084e-01
    9.36390311e-02 5.75856447e-01 -3.20885688e-01 8.09618890e-01
    5.75848758e-01 5.15889227e-01 1.05018044e+00 -4.55502450e-01
    9.62176204e-01 1.57579452e-01 8.43746960e-01 -2.49553576e-01
    1.20590436e+00 1.16417909e+00 9.94790256e-01 -8.68895799e-02
    1.24189511e-01 8.22997391e-01 1.10822904e+00 3.74806583e-01
    3.06684189e-02 -3.23438972e-01 6.23282492e-01 9.64191318e-01
    1.04264569e+00 5.94345391e-01 1.97322920e-01 1.21238732e+00
    3.54184985e-01 7.95400143e-01 2.27166921e-01 5.85753322e-01
    4.87909019e-01 6.99430704e-01 2.80567199e-01 8.25277925e-01
    6.56226277e-01 4.47077602e-01 1.10844946e+00 1.16726911e+00
    2.24030733e-01 9.77182925e-01 1.29526114e+00 1.08708632e+00
    4.78278399e-01 7.20554292e-01 4.25316066e-01 1.45128119e+00
    1.22332227e+00 -1.62666276e-01 9.91125345e-01 1.04955018e-01
    1.49113521e-01 -3.22678387e-02 1.15439677e+00 1.99371070e-01
    3.46569680e-02 5.06354868e-01 5.72757721e-01 1.14889383e+00
    -2.59258568e-01 8.73703659e-01 4.63462174e-01 7.57604837e-01
    1.33792007e+00 5.95103502e-02 -1.99944139e-01 -2.40707457e-01
    1.29445374e+00 -1.82211816e-01 -3.06430012e-01 -1.55828344e-02
    9.42688465e-01 6.46598041e-01 7.59013355e-01 4.65098113e-01
    1.21952355e-01 -2.86479920e-01 -3.67574155e-01 9.17802393e-01
    1.09813213e+00 1.56255078e+00 1.34095204e+00 2.71264911e-01
    1.56100914e-01 -6.54670224e-02 6.90018058e-01 -3.15476418e-01
    2.89038211e-01 6.78944170e-01 -1.45412996e-01 5.80968916e-01
    3.81473780e-01 7.26426661e-01 6.67041302e-01 8.55095029e-01
    -4.75698113e-01 1.48339216e-02 2.52490550e-01 -3.11651379e-01
    6.55574381e-01 1.48800001e-01 1.30322719e+00 1.00392830e+00
    9.21687305e-01 -4.40871008e-02 1.20314848e+00 1.48829627e+00
    2.34272525e-01 1.16627443e+00 -5.81209362e-02 3.07077050e-01
    -3.68217587e-01 -4.02477860e-01 2.92032927e-01 4.28861640e-02
    1.45299733e+00 1.42064404e+00 5.95691204e-01 -1.60404816e-01
    1.40439868e+00 3.18100333e-01 -1.04502760e-01 3.03471684e-01
    6.97226465e-01 7.89660513e-01 1.47949314e+00 1.39155352e+00
    7.68996716e-01 2.12363839e-01 1.16939270e+00 9.33295667e-01
    1.33019459e+00 7.11014271e-01 8.37329850e-02 7.46998429e-01
    2.97752023e-01 4.17729080e-01 1.26789474e+00 8.80498290e-01
    -4.22186762e-01 1.26294494e+00 5.44697821e-01 -1.83008507e-01
    -2.83541054e-01 2.25432739e-01 1.29548478e+00 1.28908896e+00
    4.98411199e-03 4.32729632e-01 8.78623366e-01 5.80889404e-01
    1.46094453e+00 1.13514769e+00 1.04243422e+00 1.40483367e+00
    8.77127051e-01 4.84822214e-01 6.28864318e-02 -1.29877657e-01
    5.25161088e-01 -4.14670676e-01 -4.43059534e-01 1.46483445e+00
    -2.93409079e-01 9.90235880e-02 1.73559874e-01 4.79512125e-01
    6.58826470e-01 1.95969626e-01 5.20597756e-01 4.23703045e-01
    -4.91529107e-01 -1.54601797e-01 5.32521367e-01 2.44676739e-01
    -3.80930007e-02 -4.57858711e-01 1.45264757e+00 1.31525254e+00
    8.53564322e-01 1.38098609e+00 1.89724028e-01 5.49789071e-01
    -4.47781116e-01 1.18221951e+00 1.51400936e+00 1.03451800e+00
    3.15173566e-01 1.23802051e-01 -4.56600010e-01 -1.86985582e-01
    6.15531027e-01 -8.33047256e-02 4.46375906e-02 4.58189189e-01
    1.47835875e+00 3.59222144e-01 2.21482873e-01 3.78168980e-03
    7.56334424e-01 1.07091403e+00 1.11773646e+00 1.35733902e+00
    1.24304545e+00 -3.45706522e-01 -2.51514196e-01 9.83295619e-01
    -1.95279136e-01 3.85230690e-01 1.61337033e-01 -2.78413802e-01
    -3.73572201e-01 -3.79925281e-01 1.96071625e-01 8.95375967e-01
    2.69421697e-01 -2.42749244e-01 4.69777822e-01 -4.60208893e-01
    -1.89823776e-01 6.51150942e-01 6.26204908e-02 1.34402668e+00
    1.36221337e+00 9.38770354e-01 7.92079046e-02 9.57438111e-01
    8.63469541e-01 1.49206758e+00 7.69040108e-01 1.40479934e+00
    1.17376995e+00 5.59988081e-01 -2.66979486e-01 5.59658527e-01
    2.71546572e-01 7.98885882e-01 4.80742574e-01 -4.38063368e-02
    5.15558004e-01 9.80621040e-01 -4.20208484e-01 3.10678035e-01
    6.86272323e-01 2.38484219e-01 8.40932548e-01 -4.67244059e-01
    1.17122948e+00 4.14229512e-01 1.45520413e+00 4.79551017e-01
    5.55769622e-01 7.61260331e-01 7.72023261e-01 -4.40225780e-01
    5.95120370e-01 3.45815331e-01 3.44366163e-01 -3.01348213e-02
    1.06600714e+00 8.72018158e-01 1.13129473e+00 1.38207495e+00
    1.51364708e+00 -3.97914648e-01 1.37768757e+00 5.73732138e-01
    -2.71518111e-01 1.45187700e+00 1.86660200e-01 1.08993185e+00
    6.22892141e-01 2.25517452e-01 -3.99405271e-01 -1.78443879e-01
    6.68448925e-01 -3.09535533e-01 -2.78264344e-01 -1.22272484e-01
    3.76332551e-01 1.14189708e+00 -3.64031434e-01 1.00122027e-01
    1.12582338e+00 8.01146105e-02 2.67672352e-02 1.07803631e+00
    3.26964825e-01 1.36479938e+00 -2.11138397e-01 -4.31607872e-01
    4.06442702e-01 9.09559429e-01 1.13979208e+00 4.37018007e-01
    5.33918977e-01 1.45052171e+00 8.93317461e-01 3.29564840e-01
    1.49607668e-02 -4.47806239e-01 1.16570044e+00 7.15977550e-02
    1.45297277e+00 -4.71949100e-01 1.07322529e-01 1.13526690e+00
    -2.82074809e-01 1.33803451e+00 -4.65372086e-01 1.32864141e+00
    9.53866482e-01 7.55982399e-01 1.38076115e+00 1.11230701e-01
    9.99536932e-01 8.58442545e-01 6.20517842e-02 5.05422533e-01
    -2.06373557e-01 2.64238745e-01 4.60713565e-01 9.89438593e-01
    1.22753716e+00 3.12251568e-01 5.70772707e-01 -4.21215057e-01
    5.78370243e-02 -2.49409482e-01 9.33034599e-01 -6.58267119e-04
    -1.99887991e-01 3.83602947e-01 1.05561805e+00 1.27517116e+00
    1.12731886e+00 5.94164789e-01 2.24320397e-01 1.02427527e-01
    -1.18043572e-01 2.51324534e-01 1.15726209e+00 4.59808558e-01
    1.52578735e+00 1.21384084e+00 9.23421383e-01 1.08038747e+00
    -7.51702413e-02 5.76074898e-01 1.43798494e+00 -1.06199257e-01
    1.19611907e+00 -1.42766684e-01 8.56858730e-01 9.55214798e-01
    1.02343297e+00 9.26436901e-01 2.38434330e-01 -4.96081747e-02
    1.94978669e-01 3.88574004e-01 -8.77785981e-02 9.36856151e-01
    8.35700572e-01 1.14725125e+00 1.01866376e+00 7.39984095e-01
    -2.78691798e-01 3.67481291e-01 1.30378211e+00 2.51623411e-02
    5.50456524e-01 -8.84506404e-02 -2.13604823e-01 6.53992712e-01
    -4.47173953e-01 5.16122222e-01 5.72664618e-01 1.77427754e-02
    7.07418740e-01 1.10963857e+00 2.30427086e-01 2.05067266e-02
    8.34081829e-01 1.88290909e-01 -2.66773760e-01 5.72705805e-01
    -2.52454758e-01 1.12915540e+00 1.43136346e+00 1.24326527e+00
    1.17227566e+00 4.54408497e-01 -7.81394169e-03 9.42367256e-01
    9.20114160e-01 -4.03312594e-01 2.89224207e-01 -4.63357091e-01
    8.31924856e-01 2.01588869e-01 6.40172958e-01 4.67639029e-01
    -4.70274597e-01 7.63403118e-01 6.13592386e-01 1.88971937e-01
    -4.50684905e-01 1.29198027e+00 1.34587169e-01 -2.11127400e-01
    8.79735947e-01 -3.13455701e-01 -4.80854690e-01 4.54631597e-01
    1.38235891e+00 1.33789134e+00 -4.60834086e-01 -3.57603222e-01
    4.98966217e-01 1.08028197e+00 1.26260293e+00 1.34902763e+00
    1.18958497e+00 -2.43175223e-01 9.13764596e-01 1.44283390e+00
    9.72158730e-01 8.49458694e-01 1.20387566e+00 1.01200795e+00
    5.61152101e-01 8.85388017e-01 -3.18342477e-01 7.37367012e-03
    -1.02311008e-01 -1.89085037e-01 6.02807879e-01 4.31858957e-01
    1.16522074e+00 1.35471237e+00 -3.46143305e-01 1.18831420e+00
    1.17454040e+00 3.81951153e-01 -5.86198382e-02 4.68885779e-01
    -1.21154293e-01 4.67268199e-01 1.95583448e-01 5.42082310e-01
    1.30735624e+00 8.00550342e-01 -1.02972284e-01 -1.92699224e-01
    1.00980842e+00 -1.72536299e-01 1.10458112e+00 2.30829701e-01
    -1.75919667e-01 2.05926955e-01 7.62453616e-01 2.75001705e-01
    -3.45903844e-01 -1.05545036e-01 8.95845652e-01 3.89857441e-01
    4.34091568e-01 -5.77538200e-02 -3.96959126e-01 -2.35722333e-01
    6.61687195e-01 1.08140337e+00 -4.25297804e-02 -2.82472581e-01
    8.57632756e-01 9.41259980e-01 2.36378182e-02 2.28894114e-01
    7.57263362e-01 5.53147852e-01 1.18391681e+00 8.11995149e-01
    9.72865641e-01 1.92306489e-01 1.40585423e+00 1.67838573e-01
    7.10245132e-01 -8.88809860e-02 2.98641115e-01 2.37320587e-01
    -1.41482532e-01 -2.75720716e-01 4.48948711e-01 -7.73658976e-02
    -4.91108060e-01 1.09410572e+00 1.38199914e+00 -1.63558647e-01
    1.20181835e+00 5.19271731e-01 1.39705384e+00 1.21353078e+00
    -1.46526560e-01 -1.48930490e-01 -4.19443667e-01 1.49825680e+00
    7.52035737e-01 -2.06077136e-02 1.41651535e+00 -1.45265579e-01
    1.21441591e+00 1.42771089e+00 1.72588468e-01 1.10919140e-01
    -5.19410409e-02 -2.64414608e-01 1.09129059e+00 3.71109545e-01
    1.04714610e-01 2.63917625e-01 5.24862885e-01 2.31424689e-01
    3.17176998e-01 -2.62323737e-01 5.74030221e-01 -2.55107403e-01
    1.09160507e+00 1.16600096e+00 3.73317927e-01 -3.45306367e-01
    8.85845423e-01 1.40191686e+00 1.24374735e+00 -3.90141129e-01
    8.04017007e-01 3.12773883e-02 1.23907888e+00 5.11255324e-01
    1.24662149e+00 5.23472190e-01 2.69219074e-02 5.19306839e-01
    4.11075711e-01 6.38040304e-01 9.32533145e-02 9.50273395e-01
    -1.04527660e-01 -2.96734899e-01 7.97994256e-01 3.88763607e-01
    1.14305532e+00 6.64090097e-01 2.26762116e-01 -4.14458334e-01
    -4.86819774e-01 1.09288879e-02 6.68210387e-01 9.71339285e-01
    3.38213921e-01 1.44575989e+00 -2.54150927e-01 5.44607222e-01
    3.44251633e-01 1.12772214e+00 8.30653489e-01 1.44785905e+00
    5.11754751e-01 -3.59833717e-01 -2.11032391e-01 8.34852397e-01
    1.27807891e+00 4.68194783e-01 -4.33725029e-01 1.31444204e+00
    8.36609244e-01 3.78543198e-01 1.29889655e+00 9.24695194e-01
    9.73872066e-01 5.75762391e-02 8.44956517e-01 4.59448338e-01
    5.01668274e-01 1.25451565e-01 1.21706045e+00 5.92181802e-01
    3.06069739e-02 1.52640390e+00 -3.15301150e-01 9.16975856e-01
    9.35263574e-01 7.38310933e-01 -3.40299383e-02 1.11626756e+00
    -1.15753170e-02 1.10758245e+00 6.63625777e-01 7.54476130e-01
    1.42849958e+00 7.11754799e-01 1.22239172e+00 4.69552428e-01
    3.13888609e-01 7.04842806e-01 8.28567386e-01 1.23865891e+00
    7.21058846e-01 -1.29511580e-01 3.97793800e-01 7.67843425e-01
    6.68616593e-01 7.15700150e-01 5.15582800e-01 5.54404736e-01
    1.03608847e+00 9.15540218e-01 1.21974313e+00 -3.03573877e-01
    3.89348656e-01 1.13995099e+00 1.01858568e+00 -9.55121517e-02
    5.14064789e-01 1.31140971e+00 9.80658293e-01 4.17873263e-01
    -1.61195230e-02 9.60689187e-01 1.19860458e+00 6.79713190e-02
    6.36632204e-01 1.24925363e+00 7.07506016e-02 3.66402894e-01
    1.23753073e-02 6.08605325e-01 -3.42518032e-01 4.66279745e-01
    1.44212699e+00 3.14678490e-01 1.19156376e-01 -1.71910226e-01
    8.47940743e-01 8.81553233e-01 5.64970970e-01 -1.49135366e-01
    3.09737712e-01 1.36860871e+00 1.39952552e+00 2.74764933e-02
    6.04719102e-01 7.98289850e-02 5.37677050e-01 -1.53221995e-01
    9.06690240e-01 -3.27580452e-01 1.21372545e+00 4.15813506e-01
    3.73092502e-01 1.26708913e+00 -3.32167625e-01 -1.22638933e-01
    2.88154691e-01 8.79315078e-01 1.12416327e+00 -3.93007129e-01
    8.43006313e-01 7.66486228e-01 1.00409961e+00 -4.79220808e-01
    1.43836451e+00 1.05989623e+00 -2.16509730e-01 8.00638556e-01
    -3.94681364e-01 -1.30564436e-01 -3.48814428e-01 4.92703795e-01
    2.47121036e-01 -3.09473336e-01 5.43406904e-01 4.70444053e-01
    1.00696158e+00 3.77589822e-01 -4.66689438e-01 -2.85295486e-01
    6.76532269e-01 2.25827098e-01 -4.18997794e-01 1.10433245e+00
    3.07655305e-01 1.02660500e-01 2.56606400e-01 1.02354729e+00
    9.30007756e-01 1.16541319e-01 -1.00834154e-01 1.48340046e+00
    8.71417224e-01 6.84228539e-01 -2.70295113e-01 -4.41899180e-01
    1.88529998e-01 1.06633055e+00 -4.82037604e-01 6.32532388e-02
    1.47304654e+00 1.43010890e+00 7.09693253e-01 -2.88936794e-01
    -1.73550949e-01 8.77312779e-01 7.02031314e-01 1.15367971e-01
    1.27062786e+00 -3.92021894e-01 -1.15331702e-01 5.57689071e-01
    4.79972064e-01 6.25554860e-01 -3.89632195e-01 1.00460613e+00
    3.73133600e-01 -1.04434505e-01 3.97972792e-01 8.02125871e-01
    1.14623713e+00 -1.90779045e-01 1.46676171e+00 3.40918154e-01
    -5.41941822e-02 1.50485799e-01 9.33065593e-01 -2.54295737e-01
    -1.87805980e-01 -3.50111634e-01 -4.67471033e-01 -1.44153893e-01
    7.45454311e-01 9.45407510e-01 -2.08471894e-01 1.14237726e+00
    1.65769532e-01 -2.49650165e-01 3.88182014e-01 9.89359438e-01
    -1.13155387e-01 1.28693438e+00 -4.38608348e-01 -1.26215562e-01
    6.51411235e-01 1.44868195e+00 6.24858975e-01 5.01744092e-01
    6.99364617e-02 1.40099764e+00 3.73839051e-01 -8.17809179e-02
    -1.61143050e-01 2.30445102e-01 8.68917048e-01 4.95241344e-01
    -3.49355817e-01 2.50933856e-01 4.81749713e-01 9.11782444e-01
    3.38991702e-01 -4.60424572e-01 1.10818005e+00 -3.62076133e-01
    -3.91465664e-01 1.10338354e+00 7.76999295e-01 3.65745783e-01
    -3.22486818e-01 5.31211734e-01 1.25721705e+00 7.42517292e-01
    3.82172972e-01 -4.30298299e-01 -1.64461747e-01 1.41100752e+00
    -3.77461493e-01 -3.15501168e-02 -2.98192263e-01 4.29023445e-01
    1.11755896e+00 9.83968616e-01 -1.12139694e-01 -4.54867423e-01
    1.01010442e+00 1.12829709e+00 -2.75898725e-01 6.55757785e-01
    -1.17160976e-01 6.19520605e-01 2.30158478e-01 -1.67049184e-01
    -3.68459016e-01 1.20108163e+00 -1.11350030e-01 6.47120848e-02
    6.64843500e-01 1.47241247e+00 5.27035892e-01 -3.34413499e-01
    8.57079700e-02 5.73652208e-01 1.53984621e-01 1.38728368e+00
    1.19459414e+00 5.03473699e-01 8.05935979e-01 1.02563035e+00
    6.98348433e-02 1.04168601e-01 7.88360178e-01 6.38148189e-01
    4.99223731e-02 1.42984438e+00 2.27583319e-01 -2.72642106e-01
    6.73942745e-01 -7.65353963e-02 1.21829355e+00 5.40046215e-01
    -3.48769218e-01 -3.73951852e-01 2.77153373e-01 9.18325543e-01
    1.41268229e+00 1.25256860e+00 1.38993514e+00 2.69066483e-01
    7.42497861e-01 1.04888117e+00 1.00714707e+00 -5.00286460e-01
    -3.51999909e-01 1.24815965e+00 -4.88147825e-01 8.54601085e-01
    -2.02268758e-03 1.02448583e+00 3.56247306e-01 -1.86490610e-01
    5.99732578e-01 1.23436356e+00 1.56316411e+00 1.07917988e+00
    3.63685131e-01 1.32989275e+00 1.26455534e+00 1.21663594e+00
    -1.74913719e-01 2.36100808e-01 4.08302471e-02 1.07806039e+00
    -3.29948753e-01 -4.88540996e-03 1.39270830e+00 -4.43455547e-01
    1.06707418e+00 6.13312483e-01 7.75003955e-02 -4.44489181e-01
    -9.11319628e-02 3.24186534e-01 1.13979244e+00 3.88936967e-01
    1.40504956e+00 4.90179956e-01 7.07036555e-02 9.38930333e-01
    3.64451677e-01 2.23423988e-01 -2.76243269e-01 1.21410668e+00
    1.15717983e+00 6.56836033e-01 3.71778421e-02 9.67839658e-01
    2.30224758e-01 3.22107464e-01 2.08396181e-01 9.33923781e-01
    2.14684591e-01 1.09492731e+00 1.11618209e+00 9.30135369e-01
    1.30390763e+00 -3.66085202e-01 5.14239259e-03 -4.07177448e-01
    1.35285938e+00 -2.81119365e-02 5.25314867e-01 -1.75383493e-01
    6.45383418e-01 -3.00760686e-01 4.93318662e-02 2.62276798e-01
    2.53452063e-01 1.94608256e-01 -3.64014417e-01 2.76626199e-01
    -1.19451232e-01 1.17196405e+00 4.52742934e-01 -1.29500061e-01
    1.10047209e+00 3.25943455e-02 -3.13135862e-01 -1.30932167e-01
    3.32121193e-01 6.71363473e-01 5.13903320e-01 -1.02205873e-01
    -4.58218455e-01 1.41772914e+00 1.89211145e-01 -7.43082762e-02
    1.44035077e+00 2.40698010e-01 1.01297307e+00 1.29283297e+00
    5.52730620e-01 -3.57095301e-01 1.42753649e+00 9.06083226e-01
    -4.14216340e-01 9.87356305e-01 -2.76794016e-01 1.16997600e+00
    6.75273836e-01 -3.67973179e-01 2.43125096e-01 3.49156857e-01
    1.02448785e+00 4.38857824e-01 1.21613073e+00 1.27515018e-01
    3.04242432e-01 5.75558662e-01 -2.81148493e-01 5.46318352e-01
    4.44293261e-01 1.16804802e+00 1.97664380e-01 -3.68658185e-01
    1.51936352e+00 5.20654142e-01 1.46679068e+00 1.39175916e+00
    -2.83247709e-01 1.12936139e+00 5.27981699e-01 8.55306387e-01
    -3.38786544e-04 -3.52967650e-01 -3.31622809e-01 8.89250755e-01
    1.15760303e+00 1.76051129e-02 7.41371870e-01 7.49104798e-01
    8.22038054e-01 1.02984941e+00 2.03744009e-01 4.57174808e-01
    7.25196421e-01 1.41213760e-01 8.09195399e-01 2.20952705e-01
    -1.23041764e-01 1.17837799e+00 -3.37122351e-01 6.38021231e-01
    -3.40695202e-01 -4.65039581e-01 3.96060795e-01 5.49362674e-02
    9.32565510e-01 6.98902667e-01 6.28682598e-03 -8.27828795e-02
    -4.75461595e-02 9.77175236e-01 1.44625580e+00 1.75247967e-01
    1.37344718e+00 1.06589234e+00 8.54353964e-01 5.22465110e-01
    -3.71786594e-01 1.19514382e+00 4.34307009e-03 3.24399799e-01
    1.96783781e-01 4.25146781e-02 -4.41147685e-01 -3.43550980e-01
    1.12171054e+00 -4.95935768e-01 7.99088538e-01 -1.21592358e-01
    1.42553616e+00 -1.29885912e-01 1.08932689e-01 1.50243795e+00
    -3.13280612e-01 6.74782768e-02 -3.19066197e-01 1.25321686e+00
    1.12224019e+00 3.11191857e-01 7.00402319e-01 7.44534731e-02
    -1.47302330e-01 1.93046823e-01 -5.74762654e-03 5.57759702e-01
    1.37963068e+00 -1.15693077e-01 1.46890211e+00 -2.27330565e-01
    9.38853025e-01 -2.38273486e-01 4.27764744e-01 1.97275773e-01
    2.65076905e-01 1.50553477e+00 4.82387304e-01 -1.64483294e-01
    9.94487107e-01 2.60944366e-01 1.69244051e-01 -4.51352865e-01
    2.19440088e-01 1.35126722e+00 -4.93735522e-02 2.34834537e-01
    1.17172945e+00 6.66258156e-01 -2.29941800e-01 8.87332201e-01
    6.39332592e-01 -8.52408186e-02 -2.49521047e-01 -1.61456645e-01
    1.50089097e+00 5.83053052e-01 -1.41028523e-01 -2.97682554e-01
    -4.21148300e-01 -4.91828829e-01 -1.63815632e-01 4.58589613e-01
    6.96936727e-01 3.54115933e-01 5.94191432e-01 1.45259070e+00
    8.73987436e-01 -3.66031468e-01 7.41506398e-01 1.47635686e+00
    1.01691902e+00 -2.87217975e-01 8.74870896e-01 -4.95101094e-01
    3.05769503e-01 1.43561721e+00 4.99384344e-01 -2.31046855e-01
    4.42670494e-01 4.22901064e-01 -3.22309554e-01 2.60494500e-01
    1.35746086e+00 2.37823129e-01 9.67881978e-01 1.05352171e-01
    6.13789558e-01 -2.94267386e-01 -7.01873079e-02 -3.39033723e-01
    8.29764128e-01 4.85547692e-01 6.48524702e-01 9.76186335e-01
    3.24700981e-01 1.15794492e+00 4.01754864e-02 6.97546124e-01
    2.85729885e-01 -6.08394071e-02 -6.05092905e-02 7.53824174e-01
    2.48173133e-01 -1.51671022e-01 4.66326177e-01 1.33874607e+00
    -1.17758542e-01 2.52870142e-01 -2.17164144e-01 -8.98328871e-02
    1.61366987e+00 -1.21565480e-02 -2.25177497e-01 2.37118706e-01
    2.03757852e-01 4.45635011e-03 1.40244675e+00 5.47779977e-01
    1.14203894e+00 8.95937383e-01 1.36095512e+00 -5.58462553e-02
    1.03921986e+00 1.25475991e+00 9.27705526e-01 -2.34791040e-01
    3.45200270e-01 4.64164287e-01 7.41737485e-01 -1.34134516e-01
    2.38763079e-01 1.44855726e+00 -2.21067488e-01 -4.81111735e-01
    1.56878531e-02 1.25980425e+00 5.95621645e-01 5.52556217e-01
    -3.10427696e-01 5.19269049e-01 1.26358116e+00 5.57982642e-03
    7.77686357e-01 -3.32157537e-02 3.58181745e-02 1.37233186e+00
    9.00387287e-01 3.99223477e-01 -1.23620763e-01 -3.53459388e-01
    1.09852290e+00 1.23379624e+00 -1.35595575e-01 2.96902005e-03
    9.82357204e-01 5.97937644e-01 3.61171335e-01 7.43902445e-01
    9.21910644e-01 2.27135614e-01 1.03856242e+00 1.19636643e+00
    8.31024945e-01 5.92711866e-01 7.02621818e-01 1.12901676e+00
    -2.32886355e-02 4.69294250e-01 -4.08842504e-01 3.76713797e-02
    1.42259181e-01 3.55398446e-01 6.56290591e-01 9.71325397e-01
    1.33107990e-01 -1.05066895e-01 -2.32835755e-01 1.38675618e+00
    -5.27315624e-02 1.09651113e+00 8.71631861e-01 -2.76346982e-01
    1.48814476e+00 1.47091842e+00 1.12707261e-02 1.48265576e+00
    2.94844568e-01 8.19042504e-01 -1.69560373e-01 -3.74838531e-01
    5.84190991e-03 2.28416383e-01 7.68985212e-01 8.15470517e-01
    3.74849319e-01 1.34472060e+00 9.05835152e-01 -2.81215996e-01
    1.32494080e+00 -4.63971108e-01 7.78967977e-01 3.22034210e-02
    6.86892748e-01 -3.62450361e-01 -2.21604139e-01 9.51357782e-01
    1.03707898e+00 1.11468798e-02 1.01866925e+00 1.22834539e+00
    1.16237962e+00 1.51460624e+00 1.27329743e+00 2.82047331e-01
    8.31268966e-01 4.64374959e-01 9.56712306e-01 1.17042744e+00
    1.30915296e+00 1.29157114e+00 1.36988235e+00 7.33255222e-02
    2.20152587e-01 1.14150071e+00 -4.86414135e-01 3.76497507e-01
    5.74164748e-01 9.37036216e-01 9.74012196e-01 4.72066216e-02
    1.47680187e+00 3.79044622e-01 1.43636882e+00 1.34870338e+00
    7.53596053e-02 3.43674928e-01 -3.44195932e-01 1.02350688e+00
    4.12830859e-01 9.06029463e-01 3.99068445e-02 -1.89735517e-01
    -6.46701455e-02 6.81822062e-01 -3.41028869e-01 -2.44199991e-01
    2.81362563e-01 -1.77781790e-01 7.75396466e-01 6.42593741e-01
    1.37709945e-01 6.74757719e-01 1.04116417e-01 -9.18622538e-02
    -3.07167530e-01 5.46659112e-01 1.14439949e-01 1.81005541e-02
    3.27957645e-02 1.12816787e+00 5.30435324e-01 6.58790708e-01
    7.06339777e-01 -2.05884412e-01 1.50528598e+00 -7.13500753e-02
    1.10674930e+00 -1.36657313e-01 1.01384306e+00 1.13194235e-01
    -2.25875437e-01 1.48448551e+00 2.73549139e-01 -2.19858259e-01
    -4.63485420e-01 6.83399558e-01 -2.09772035e-01 -1.70715779e-01
    4.62963551e-01 -1.84422776e-01 2.60814548e-01 -4.03951615e-01
    6.82316959e-01 7.98512936e-01 5.95997274e-01 -1.67472959e-01
    7.51105905e-01 6.65637493e-01 -2.42512956e-01 7.44851887e-01
    1.13745868e+00 -4.62322891e-01 4.15070593e-01 1.44543147e+00
    1.51001883e+00 -4.53076988e-01 1.22715187e+00 5.80623031e-01
    3.32493365e-01 -1.63211092e-01 1.25113010e+00 3.50598693e-01
    8.62251699e-01 5.68916440e-01 3.09939206e-01 8.65002990e-01
    6.07858121e-01 1.04830873e+00 3.12682837e-01 -4.53137338e-01
    9.62983966e-02 1.31343758e+00 -3.45218271e-01 1.25878823e+00
    -1.65355995e-01 1.27246523e+00 9.82270300e-01 5.25883853e-01
    1.11427456e-01 1.25862384e+00 2.29661129e-02 -2.67663836e-01
    8.04419219e-02 -4.25203383e-01 1.05349672e+00 -1.33512631e-01
    -1.60348281e-01 -2.59242028e-01 6.51246488e-01 2.80813694e-01
    1.20636642e+00 1.08852580e-01 3.07415098e-01 1.16999149e+00
    9.39652205e-01 1.30815521e-01 2.74750859e-01 1.01782501e+00
    7.30830789e-01 1.20115805e+00 7.77827501e-01 7.41929471e-01
    -1.68769322e-02 -4.31932449e-01 5.89536905e-01 2.02776134e-01
    -1.35393962e-02 3.87958288e-01 1.11657810e+00 8.44510198e-01
    -3.08707833e-01 3.49266768e-01 -2.85216477e-02 1.02613854e+00
    1.32952487e+00 1.23865187e-01 1.09825206e+00 1.13618696e+00
    -1.86345786e-01 6.45311356e-01 1.44032037e+00 2.80865610e-01
    8.00722241e-01 3.66068810e-01 2.93909431e-01 7.41158903e-01
    1.61578214e+00 7.09763095e-02 6.64435625e-01 5.87957799e-01
    9.72816110e-01 -2.47775037e-02 6.09132409e-01 1.29244134e-01
    -3.90562624e-01 3.64112228e-01 1.45535457e+00 5.09031951e-01
    -2.85474002e-01 1.06762028e+00 2.47721896e-02 2.12400988e-01
    4.91562545e-01 -1.71275407e-01 1.05479729e+00 9.62356687e-01
    1.39524579e+00 6.64919853e-01 -1.57298431e-01 7.68293262e-01
    -9.91345942e-02 1.26793468e+00 9.64840710e-01 1.47568846e+00
    -4.31863934e-01 4.94015753e-01 9.73520756e-01 2.00125039e-01
    4.61157620e-01 5.22945166e-01 2.92752236e-01 -1.26536321e-02
    1.08205473e+00 1.30262718e-01 2.49310080e-02 5.36205247e-03
    -4.26834553e-01 1.49294448e+00 2.69003451e-01 7.16438949e-01
    -4.90602046e-01 -3.61512095e-01 6.48484766e-01 5.73044896e-01
    7.85978854e-01 1.51980847e-01 1.45982301e+00 5.21279693e-01
    3.31125259e-01 4.74105835e-01 -4.31968318e-03 7.83776641e-01
    6.95747077e-01 2.59820312e-01 5.92403531e-01 2.50533611e-01
    -3.58188391e-01 1.01594639e+00 1.49196303e+00 5.52976131e-01
    -4.17308182e-01 -1.48109272e-01 3.46760660e-01 6.45646036e-01
    1.13873172e+00 -2.99403667e-01 2.83165723e-01 3.65126789e-01
    -4.35898960e-01 7.45845079e-01 -2.40735710e-01 -1.04190797e-01
    -4.68554616e-01 -1.96886197e-01 8.68341148e-01 1.28155684e+00
    3.65024805e-01 1.39040256e+00 1.27760792e+00 1.14562941e+00
    1.33457577e+00 7.28437006e-01 8.51320326e-01 -1.03141546e-01
    9.78367269e-01 1.25067210e+00 -1.24996342e-01 -3.93601805e-01
    1.04109023e-03 7.31990933e-01 1.65547326e-01 8.30168009e-01
    -2.82852203e-01 2.87288010e-01 -2.11206570e-01 1.36598611e+00
    7.93985724e-01 -2.84444600e-01 2.55017206e-02 1.34633064e+00
    7.92900503e-01 1.11295164e+00 1.05348909e+00 6.20412767e-01
    1.15841651e+00 3.72237623e-01 5.77930696e-02 5.51195204e-01
    1.07280457e+00 2.12659165e-02 9.99717236e-01 6.44957721e-01
    -9.33552235e-02 6.02427542e-01 8.56583357e-01 -5.97953759e-02
    1.05403054e+00 1.13255799e+00 -3.94699812e-01 -3.61969620e-01
    8.21675777e-01 4.49011326e-01 8.71430397e-01 1.53093541e+00
    2.31530830e-01 -1.02323435e-01 -2.99491584e-01 1.11575627e+00
    5.52883863e-01 4.36324686e-01 6.11625433e-01 1.41523564e+00
    5.63553944e-02 1.04367507e+00 8.36749673e-01 3.40955287e-01
    3.36730421e-01 6.24350190e-01 1.12335098e+00 4.82022941e-01
    1.27375996e+00 8.26944590e-01 -3.11146706e-01 3.77794832e-01
    2.20627680e-01 -5.78530803e-02 -4.93618280e-01 1.12004232e+00
    -6.07004091e-02 1.54400006e-01 2.59026051e-01 -4.04595286e-01
    8.26434076e-01 7.98733950e-01 2.41166949e-01 -9.40674841e-02
    3.00245762e-01 -2.62327939e-01 1.21973336e-01 4.98029649e-01
    1.12341952e+00 -7.01362034e-03 1.27398288e+00 6.87621906e-02
    -3.79000604e-01 9.46779490e-01 -6.25840724e-02 1.12630081e+00
    6.34821177e-01 8.59598964e-02 9.92666185e-01 -4.88230288e-01
    -3.25037241e-01 1.24263620e+00 4.24057186e-01 1.08102393e+00
    -3.54579568e-01 -3.35295349e-01 1.51942268e-01 5.47294736e-01
    3.40271086e-01 -2.83563435e-01 1.24128819e+00 -2.91235864e-01
    -8.33204389e-02 5.30333817e-01 1.02500558e+00 2.62212664e-01
    3.78113955e-01 8.17002416e-01 9.32443738e-01 -4.32818979e-01
    7.40198076e-01 1.24717009e+00 -2.13326335e-01 1.07932842e+00
    1.47802615e+00 -4.07577217e-01 -4.38326985e-01 1.08500457e+00
    1.22903895e+00 1.09172535e+00 1.26389360e+00 1.19204116e+00
    -1.09629042e-01 5.94235599e-01 -1.46364914e-02 6.31716251e-01
    1.77833498e-01 3.90880644e-01 1.42745042e+00 1.93630859e-01
    9.52482700e-01 1.38064122e+00 -1.70017965e-02 4.01077718e-01
    1.23792160e+00 7.82459974e-01 -4.27632630e-01 2.76493698e-01
    8.96826625e-01 -2.36988455e-01 5.51248848e-01 1.36549675e+00
    5.41618705e-01 1.29430580e+00 1.05961525e+00 1.15329444e+00
    4.54640239e-01 5.49339294e-01 1.32900894e+00 4.44777645e-02
    -8.03507119e-02 3.71568441e-01 -2.89993912e-01 -2.56993175e-01
    -4.37442124e-01 1.20993793e+00 8.45731795e-01 9.65440199e-02
    3.64589468e-02 1.27730310e+00 -1.78339034e-01 2.09701359e-01
    6.12254813e-02 -3.17270130e-01 1.12738502e+00 -2.64069140e-01
    1.50060856e+00 -1.22344807e-01 1.13300383e+00 1.69616854e+00
    1.32302785e+00 4.92188841e-01 1.60203552e+00 -1.56054854e-01
    -3.23585331e-01 1.26224387e+00 7.27629900e-01 5.58374047e-01
    1.52156621e-01 6.75940439e-02 -4.59935367e-01 -2.65977811e-02
    1.43780446e+00 5.88046372e-01 -3.26595187e-01 1.06334698e+00
    1.17026478e-01 1.37806392e+00 2.07178175e-01 9.39133823e-01
    4.00502563e-01 -1.87953711e-01 6.19644821e-01 -2.36178841e-02
    8.66756201e-01 -4.49192792e-01 -4.37976003e-01 5.11792302e-01
    1.49602354e+00 -8.08490142e-02 1.48064479e-01 -3.36605489e-01
    1.03797102e+00 1.94608524e-01 -1.07810497e-01 1.76776186e-01
    8.35171103e-01 1.06980562e-01 1.94466636e-01 -2.93279231e-01
    8.35491300e-01 9.12465334e-01 1.44802260e+00 2.08329037e-01
    1.28899670e+00 1.05632961e+00 1.43972600e+00 1.47403693e+00
    -3.68068695e-01 3.96141976e-01 7.84409821e-01 5.12821138e-01
    9.09722149e-01 1.13663578e+00 -3.39025766e-01 9.69287336e-01
    1.97352558e-01 1.47393131e+00 4.29712057e-01 -2.20306322e-01
    1.26846695e+00 1.07899797e+00 -3.28131169e-01 5.88743031e-01
    1.22426105e+00 5.53554118e-01 1.07922602e+00 7.29427397e-01
    1.27644503e+00 9.16034281e-01 3.49079788e-01 5.37697732e-01
    -3.82776022e-01 1.22899234e+00 1.03397369e+00 5.36980689e-01
    -4.80385214e-01 1.30071950e+00 -3.41530859e-01 1.38027027e-01
    8.98404837e-01 9.35145199e-01 -1.21590272e-01 3.85926098e-01
    -1.34703234e-01 -4.70867231e-02 1.33865726e+00 -2.02639718e-02
    -1.93940639e-01 1.33961618e+00 7.92415082e-01 1.31589091e+00
    8.15615475e-01 8.29265296e-01 5.39113998e-01 -3.48631650e-01
    -3.85656118e-01 -1.01578861e-01 1.41754282e+00 5.07159173e-01
    -3.16802382e-01 1.08100259e+00 7.40826845e-01 -1.54488266e-01
    1.42279649e+00 6.67513788e-01 1.28362870e+00 1.09790993e+00
    9.14466977e-01 -3.47923487e-01 -7.19792619e-02 2.66186148e-01
    3.86169672e-01 5.23651540e-01 1.39836311e+00 2.98929155e-01
    3.38868737e-01 -4.96191502e-01 2.94820577e-01 5.76554120e-01
    -1.60841212e-01 1.02656946e-01 1.19915462e+00 1.30648613e+00
    1.33178055e+00 -2.76130289e-01 4.19489563e-01 1.50524461e+00
    4.73309398e-01 8.92271638e-01 4.44505401e-02 1.19983113e+00
    4.63785157e-02 1.41800916e+00 7.01399207e-01 5.84635019e-01
    2.07367182e-01 9.35253501e-01 2.50195444e-01 4.83199954e-01
    6.41747952e-01 -3.74908566e-01 1.51120591e+00 9.46861804e-01
    7.70508170e-01 -2.48987466e-01 6.81628108e-01 1.29131639e+00
    1.31114888e+00 1.23945284e+00 -3.34026009e-01 1.03213124e-01
    9.61655736e-01 3.99729200e-02 -3.98519605e-01 9.07295823e-01
    1.17151916e+00 1.46396804e+00 5.41435719e-01 4.07081187e-01
    -2.79623061e-01 1.46746624e+00 9.51163769e-01 5.91330118e-02
    1.73497856e-01 9.58007336e-01 1.50890779e+00 2.81485885e-01
    -3.01478148e-01 1.32771087e+00 -4.59968746e-02 9.10477400e-01
    1.47522485e+00 3.48548591e-01 2.26992145e-01 4.17768061e-01
    8.34897339e-01 -3.10261518e-01 3.94774824e-01 8.51021171e-01
    9.68336582e-01 -1.17115378e-01 1.46091449e+00 8.82295251e-01
    1.04778194e+00 5.11286736e-01 -4.97918837e-02 -4.05073345e-01
    1.38349319e+00 -4.57140326e-01 -3.17412972e-01 1.21554589e+00
    7.54761219e-01 5.41145727e-03 7.37683415e-01 2.62505949e-01
    1.27315795e+00 -3.25818926e-01 -1.12256572e-01 4.95029837e-01
    -3.36294442e-01 2.69879043e-01 6.04606152e-01 1.48746061e+00
    6.32249534e-01 1.16397762e+00 8.34120154e-01 7.32765049e-02
    -1.22998670e-01 9.37716722e-01 -4.21458989e-01 -5.70667237e-02
    1.04934621e+00 3.96446526e-01 3.39899600e-01 7.70095050e-01
    3.34982485e-01 1.36629653e+00 -3.36324543e-01 -3.87044489e-01
    -2.39241168e-01 3.71425927e-01 3.01738620e-01 7.29022741e-01
    3.45931560e-01 1.31186306e+00 6.59740031e-01 1.02868283e+00
    1.18785977e+00 8.31634164e-01 5.76933444e-01 -1.31883666e-01
    1.46780622e+00 1.44531178e+00 -5.13367057e-01 4.40207630e-01
    1.28074038e+00 -7.11810291e-02 8.78032565e-01 1.04608667e+00
    -4.93143409e-01 3.47988665e-01 1.42101884e+00 1.19569790e+00
    4.89903361e-01 9.90152299e-01 7.67466500e-02 -4.49105978e-01
    1.22210038e+00 1.25275910e+00 8.08546394e-02 3.26823026e-01
    6.40554428e-01 1.24807239e+00 1.37957525e+00 1.17492187e+00
    6.94931224e-02 1.65999269e+00 1.35662889e+00 1.19613922e+00
    -8.08697715e-02 1.16209760e-01 4.20267969e-01 5.90566456e-01
    -2.15631440e-01 -5.04503489e-01 4.24162120e-01 -7.36489743e-02
    -3.00616890e-01 2.54739165e-01 1.47778809e+00 8.89545143e-01
    -9.04734209e-02 1.50549829e+00 1.41992569e-01 4.58092004e-01
    5.38164616e-01 -8.99976939e-02 6.30773842e-01 -3.81362677e-01
    4.20718610e-01 1.27568781e+00 -1.14366934e-01 -2.91309834e-01
    4.65680093e-01 8.34952831e-01 -3.75632122e-02 8.50223422e-01
    -1.01557873e-01 -1.74054652e-01 1.07525265e+00 1.48677826e+00
    -3.45270365e-01 -6.39944449e-02 4.10828739e-01 -3.75767708e-01
    1.83918536e-01 1.12821746e+00 1.37779486e+00 1.37942135e+00
    3.56992304e-01 -1.24553241e-01 -2.15105601e-02 4.96690840e-01
    6.71468079e-01 1.01918626e+00 2.86929697e-01 1.00905478e+00
    -8.16514418e-02 -1.57763124e-01 2.36722901e-02 -1.51142314e-01
    -9.73399077e-03 -1.33190662e-01 -3.43043536e-01 4.50329989e-01
    3.95825595e-01 4.39461708e-01 9.68687534e-01 5.50399303e-01
    -1.97086826e-01 8.23543310e-01 2.25778237e-01 1.01979601e+00
    -3.55180740e-01 8.19727957e-01 8.43953252e-01 6.94419980e-01
    4.93853003e-01 9.80462492e-01 6.83813751e-01 6.75358057e-01
    1.01159537e+00 1.03210187e+00 8.86575520e-01 1.06211090e+00
    1.48520961e-01 -1.02625228e-02 1.10616374e+00 4.84936982e-01
    9.48236525e-01 -1.11050270e-01 1.26041853e+00 7.98882604e-01
    9.90880132e-02 5.34765482e-01 1.18023336e+00 5.60019255e-01
    1.47764504e-01 -1.51354924e-01 3.18994485e-02 4.27288622e-01
    1.17071307e+00 -1.28957093e-01 5.71101755e-02 -3.84089261e-01
    2.61027545e-01 -4.58042026e-01 3.84716541e-01 3.30326945e-01
    1.01127732e+00 5.50100863e-01 3.34527224e-01 1.33744299e+00
    -3.30369592e-01 4.48690385e-01 1.34406435e+00 1.39244282e+00
    8.17277908e-01 1.20470238e+00 1.18954611e+00 4.68459100e-01
    4.33089703e-01 1.44534540e+00 1.09313607e+00 -3.29316825e-01
    1.11282802e+00 9.20859098e-01 1.25930750e+00 1.11490011e+00
    4.30530310e-01 1.14757240e+00 9.79332253e-02 7.76704848e-01
    5.14838278e-01 -3.39638829e-01 6.84572279e-01 5.32359123e-01
    7.06443787e-01 4.20706719e-01 -2.55194932e-01 -8.41350257e-02
    3.16732712e-02 1.96725607e-01 1.33416653e+00 1.16841853e+00
    -3.75738777e-02 6.43296242e-01 3.72801691e-01 9.48022008e-01
    7.09448755e-01 7.76203632e-01 8.63609239e-02 1.43881130e+00
    1.22959632e-02 -1.66915089e-01 -1.11100033e-01 -1.33923799e-01
    3.08186859e-01 1.23575008e+00 1.56251386e-01 1.38220632e+00
    1.08352435e+00 1.59551695e-01 1.33171618e+00 1.44013965e+00
    1.01601982e+00 -4.51650143e-01 9.46901202e-01 1.15867364e+00
    -2.90483564e-01 3.89407605e-01 -2.72009373e-01 1.47368681e+00
    8.69176507e-01 1.27210999e+00 -2.15825647e-01 4.78530556e-01
    1.41061282e+00 -4.42173541e-01 -9.55193415e-02 1.34791934e+00
    6.36830389e-01 4.31824625e-01 6.09313309e-01 1.06645572e+00
    5.40762544e-01 -1.94329530e-01 3.25588048e-01 1.17488492e+00
    -2.01050624e-01 2.59913176e-01 -3.81898224e-01 -1.42950922e-01
    9.59488690e-01 2.43281409e-01 8.49382937e-01 2.30262309e-01
    -1.14171237e-01 5.40929615e-01 -1.22465767e-01 1.40288305e+00
    -4.06278819e-01 1.18069685e+00 -5.63293695e-03 2.52532095e-01
    3.50842178e-01 1.52294528e+00 1.96051881e-01 8.04079354e-01
    -1.62768662e-01 -3.88335735e-01 2.28602648e-01 4.42175299e-01
    -2.51670957e-01 -3.03860337e-01 -4.39754188e-01 5.34000158e-01
    4.47853416e-01 -2.99145311e-01 1.16181290e+00 1.32900143e+00
    1.08940220e+00 2.73150414e-01 8.75868797e-01 1.16986883e+00
    1.50559381e-01 9.48126376e-01 6.72975779e-01 4.07621153e-02
    9.42765772e-01 3.84419948e-01 1.07780838e+00 7.29690552e-01
    6.08596206e-01 1.05495799e+00 3.25125366e-01 4.61560637e-01
    1.32140362e+00 2.23211318e-01 1.12009966e+00 1.32224870e+00
    6.23196959e-01 2.56947905e-01 4.90974605e-01 4.68574494e-01
    1.14109433e+00 4.77867909e-02 3.59567970e-01 -3.73913080e-01
    8.40767205e-01 -4.45987165e-01 7.36646235e-01 3.45555633e-01
    8.07958901e-01 1.44451630e+00 -1.87511459e-01 1.58590043e+00
    1.28179228e+00 1.68261123e+00 6.25175059e-01 4.66084749e-01
    8.74680698e-01 8.06120455e-01 1.47955942e+00 -1.17752729e-02
    8.42359364e-01 1.50701416e+00 9.46030855e-01 9.93077695e-01
    2.62147278e-01 6.04147792e-01 4.99669969e-01 2.91402310e-01
    -1.48757800e-01 2.28852138e-01 5.81447601e-01 8.09681535e-01
    7.81627655e-01 1.28088403e+00 1.05447531e-01 3.19130033e-01
    -9.00890157e-02 1.16131470e-01 1.23480690e+00 -4.42639709e-01
    9.23605621e-01 1.10848439e+00 -6.93828464e-02 1.35595703e+00
    1.53538764e-01 6.97778821e-01 1.25424671e+00 7.51730561e-01
    1.38101351e+00 1.67630494e-01 1.13851833e+00 1.30527362e-01
    7.76089072e-01 9.71076787e-01 1.18628669e+00 1.27336752e+00
    4.74671364e-01 7.05196440e-01 1.13719797e+00 7.23342180e-01
    9.50536609e-01 1.40269279e+00 3.46662134e-01 9.05488074e-01
    1.48305762e+00 1.34350622e+00 -3.97006534e-02 7.53211737e-01
    7.35622346e-01 1.21013224e+00 1.22760087e-01 -4.55223322e-01
    2.20053062e-01 1.26760745e+00 1.31602705e+00 9.74907339e-01
    1.52254081e+00 2.44963192e-03 -1.26744479e-01 1.12944114e+00
    1.34498239e+00 -1.72565848e-01 -5.65891573e-03 1.34181511e+00
    3.52030456e-01 5.10897338e-01 7.85325170e-01 -4.75471407e-01
    5.91381669e-01 8.16276729e-01 1.31369030e+00 1.27198064e+00
    2.27389917e-01 7.13981807e-01 -4.42624867e-01 6.38716519e-01
    -2.12706372e-01 8.86179507e-01 1.30391157e+00 1.07199383e+00
    -2.34000847e-01 1.10925563e-01 7.82246888e-02 5.26884735e-01
    -4.62030433e-02 1.25842631e+00 -4.40721422e-01 1.29044458e-01
    7.61790723e-02 1.15438434e-03 3.89945537e-01 -1.27213433e-01
    1.22468071e-02 1.01428628e+00 -2.45865360e-01 1.42965281e+00
    1.48266554e+00 1.08737516e+00 6.69618547e-01 -3.19348752e-01
    8.16235244e-01 -5.71666509e-02 5.70476472e-01 9.00986731e-01
    -1.90735776e-02 4.58743453e-01 1.42401314e+00 9.10248697e-01
    6.30757570e-01 9.89343524e-01 -2.44405538e-01 1.08091342e+00
    1.03455460e+00 -2.35343650e-01 5.95670581e-01 3.72448206e-01
    1.41191578e+00 1.01771522e+00 3.62172663e-01 1.26726854e+00
    9.66838062e-01 7.18861818e-02 8.64200115e-01 2.02759787e-01
    -2.27482229e-01 -2.21159369e-01 3.34053278e-01 8.17931473e-01
    3.68999280e-02 -2.87510335e-01 -1.71588376e-01 -4.12611723e-01
    1.51357055e+00 1.13787808e-01 5.03803790e-01 -2.94667929e-01
    1.32739985e+00 1.03266001e+00 7.80388594e-01 -1.46457314e-01
    1.49972343e+00 1.48633993e+00 1.24611735e+00 -2.64476776e-01
    1.46379912e+00 5.08941352e-01 -2.28073061e-01 -4.96897072e-01
    6.16430998e-01 1.36200678e+00 -4.58342694e-02 5.94459713e-01
    -2.48363793e-01 1.09419739e+00 8.65576193e-02 4.99839410e-02
    -2.77884632e-01 9.72661316e-01 8.79707396e-01 7.27725089e-01
    2.32105762e-01 6.86394334e-01 1.11210918e+00 1.37621999e+00
    1.42617095e+00 4.57073629e-01 1.20341063e+00 7.99310088e-01
    1.45594835e+00 4.17896599e-01 -1.88191965e-01 -3.04827802e-02
    1.42725730e+00 1.18001974e+00 -1.21628553e-01 -2.77214378e-01
    1.36035419e+00 4.45534080e-01 -1.98490217e-01 1.07482815e+00
    1.49398255e+00 1.07301638e-01 1.20703721e+00 1.21521674e-01
    1.16762400e+00 -4.57105525e-02 -3.42299253e-01 1.21120608e+00
    -3.77477109e-01 4.02517438e-01 -4.64171261e-01 2.36164659e-01
    2.53429431e-02 1.40457249e+00 1.49702990e+00 1.50071073e+00
    4.16622639e-01 1.89466059e-01 1.07020986e+00 1.04132795e+00
    1.22400892e+00 1.85789943e-01 -2.24320665e-01 5.43063402e-01
    -1.78257555e-01 -6.39105141e-02 8.54913816e-02 1.24331713e+00
    1.26160371e+00 3.83441091e-01 1.03831363e+00 -2.41085321e-01
    1.23307455e+00 -4.33975279e-01 7.39862204e-01 3.95081282e-01
    1.10658348e+00 -4.80046421e-01 5.73099136e-01 1.36949086e+00
    1.05386889e+00 2.99453020e-01 1.04069448e+00 9.83650088e-01
    1.08971894e+00 7.71562159e-01 7.13159621e-01 1.17785132e+00
    8.51156831e-01 2.73567755e-02 9.46086824e-01 -3.53131443e-02
    1.17729449e+00 1.48996902e+00 6.87522233e-01 1.03043847e-01
    -7.56962821e-02 1.27329126e-01 1.21822548e+00 4.85097617e-01
    1.40819824e+00 -4.59163859e-02 1.44127595e+00 7.75660574e-01
    -2.52828866e-01 7.76877761e-01 1.51631880e+00 3.95247787e-01
    -2.10166305e-01 1.09761393e+00 9.08736229e-01 6.13029480e-01
    1.59188998e+00 1.61141837e+00 -2.19972774e-01 1.57318767e-02
    -3.52334678e-01 1.38290405e+00 2.35315382e-01 1.23921680e+00
    1.52017653e+00 7.33257353e-01 2.07996592e-01 5.96424520e-01
    6.49630845e-01 7.08258569e-01 1.74719766e-02 1.42843962e+00
    1.08472252e+00 9.58416343e-01 -1.40973836e-01 4.55122948e-01
    -2.38347992e-01 8.89776826e-01 8.26480746e-01 -1.48765773e-01
    -1.13317683e-01 1.24943519e+00 -3.87495369e-01 9.18381870e-01
    6.49246097e-01 1.47004449e+00 -4.47657883e-01 1.09643078e+00
    1.14792669e+00 -2.57166792e-02 5.91170609e-01 6.33388817e-01
    1.44057736e-01 1.12290096e+00 5.08459747e-01 1.16574597e+00
    1.17038023e+00 2.93182731e-01 9.15076673e-01 7.67403185e-01
    6.39116049e-01 6.06494367e-01 9.53987062e-01 -4.97428089e-01
    1.43706918e+00 2.43226513e-01 -3.55983853e-01 1.10245347e+00
    -4.73786384e-01 1.18890297e+00 3.11889261e-01 -3.97277512e-02
    -1.90045685e-01 1.00411683e-01 9.75628018e-01 1.23479354e+00
    4.11495656e-01 -2.76318491e-01 7.31768787e-01 -4.66848612e-01
    6.44498229e-01 1.41596115e+00 -4.97120500e-01 6.74813807e-01
    3.88014704e-01 4.09179717e-01 8.60985935e-01 -1.27761796e-01
    1.52079910e-01 6.42215371e-01 1.32573068e+00 -1.72228336e-01
    -5.70960380e-02 4.60915230e-02 2.27941021e-01 -3.86350513e-01
    -2.58376338e-02 6.31468594e-01 -4.10106212e-01 3.36356521e-01
    -1.01889193e-01 3.74330074e-01 1.63026616e-01 9.29027736e-01
    5.20539343e-01 9.78911161e-01 -2.85459667e-01 1.07271850e+00
    1.21523154e+00 5.99881589e-01 6.71660483e-01 4.78011966e-01
    7.01766908e-01 1.49129927e+00 4.05821763e-03 8.98977458e-01
    -3.55444938e-01 2.23489374e-01 -3.29232782e-01 -3.07773262e-01
    1.15699284e-01 1.34176746e-01 -3.04857999e-01 3.51358294e-01
    -4.16557133e-01 -1.71237439e-01 1.40998459e+00 1.31175029e+00
    1.43999195e+00 1.38003087e+00 5.41862667e-01 -3.24640214e-01
    1.28489472e-02 1.44953585e+00 -2.27607474e-01 1.40454626e+00
    5.21952152e-01 -2.89024115e-01 7.52597809e-01 7.87142754e-01
    7.44202077e-01 1.47545004e+00 2.19959199e-01 5.21788418e-01
    5.40603459e-01 1.06970608e+00 5.84766507e-01 -4.06833291e-01
    6.59368455e-01 -2.33345360e-01 5.96200943e-01 2.13364333e-01
    -2.31118381e-01 -1.70198202e-01 4.52236801e-01 1.26322746e-01
    -4.44874883e-01 4.38656420e-01 4.06757146e-01 9.79538411e-02
    -6.96951225e-02 -8.47387346e-05 -2.77274370e-01 4.68751818e-01
    -2.19866559e-01 1.41856515e+00 -4.08706546e-01 -2.84850776e-01
    1.99032426e-01 -3.20903420e-01 2.83786297e-01 1.08692288e+00
    1.48153245e+00 -3.56826007e-01 2.75968798e-02 1.27634919e+00
    4.20867622e-01 7.04300344e-01 1.13532352e+00 -3.59310240e-01
    1.37467474e-01 -4.96426940e-01 -3.22344214e-01 -1.26110530e-02
    -3.49519759e-01 6.94224477e-01 8.42629448e-02 7.36974180e-01
    1.15209091e+00 -4.53833133e-01 8.76948178e-01 8.99907827e-01
    -3.06195617e-01 1.54127404e-01 5.22046328e-01 1.24228382e+00
    8.09976935e-01 6.03107363e-03 1.69383481e-01 -3.09178621e-01
    8.99349153e-01 9.65457976e-01 6.71227813e-01 6.56719863e-01
    1.00608552e-02 2.52123892e-01 2.27782756e-01 4.97452527e-01
    1.26637614e+00 8.81697536e-02 8.06803703e-01 1.28443375e-01
    5.05457282e-01 6.84111178e-01 6.36833966e-01 7.03717053e-01
    -2.67502755e-01 1.30086243e+00 -5.06105013e-02 1.33625042e+00
    -2.96129078e-01 7.38388896e-01 1.04979885e+00 7.11261928e-01
    7.99080491e-01 4.03223187e-01 -3.04522663e-01 6.45439863e-01
    9.78275776e-01 8.81932616e-01 1.52383924e-01 1.46651626e+00
    1.48232830e+00 1.98608428e-01 -4.60144460e-01 7.83846319e-01
    1.29467055e-01 1.14088440e+00 8.65533412e-01 -2.42324293e-01
    2.14342847e-01 1.17849159e+00 9.76546168e-01 1.12486911e+00
    3.54224920e-01 6.14656396e-02 9.06056464e-01 2.95110255e-01
    3.46966237e-01 1.22778869e+00 8.87453020e-01 5.60537398e-01
    5.83517611e-01 6.05661690e-01 7.77118623e-01 1.38107812e+00
    1.23727799e-03 -4.52960074e-01 8.86283815e-01 2.38222107e-02
    4.56989139e-01 -4.19771165e-01 -2.52032489e-01 7.05697685e-02
    1.24006182e-01 1.50861657e+00 4.77417894e-02 7.42071331e-01
    9.80769470e-02 -1.34004772e-01 5.68197191e-01 -1.31184096e-03
    1.86318517e-01 1.35050285e+00 4.10577983e-01 8.76006961e-01
    -2.52759248e-01 9.17543888e-01 1.17941070e+00 1.06411624e+00
    1.49469316e+00 6.84465587e-01 1.42714918e+00 8.12302232e-01
    8.70345533e-01 1.27301192e+00 6.26935899e-01 8.67592454e-01
    2.78364033e-01 4.97673959e-01 -1.19873285e-01 3.83108765e-01
    4.61202681e-01 -5.66186495e-02 -1.63946733e-01 -9.28733051e-02
    1.01024473e+00 6.73398733e-01 9.69286144e-01 -3.00962061e-01
    -9.82942656e-02 1.19397795e+00 2.33505610e-02 -2.28680491e-01
    1.29885483e+00 3.24782908e-01 -1.70693457e-01 7.17890203e-01
    7.30333745e-01 6.03086114e-01 1.27610183e+00 8.90866876e-01
    -3.40535402e-01 5.53436279e-01 9.39613223e-01 5.67647099e-01
    -1.96445063e-01 1.41935885e+00 1.21620357e+00 1.58356503e-01
    1.19033480e+00 7.96475768e-01 1.26991734e-01 6.33101523e-01
    1.50574601e+00 6.26631021e-01 5.39251208e-01 1.28125036e+00
    -2.60145396e-01 3.34968954e-01 1.13426566e+00 1.02272856e+00
    1.94339976e-01 -3.89384478e-01 6.88780546e-01 6.25391841e-01
    7.26531982e-01 7.90059865e-02 -1.56627163e-01 5.21228194e-01
    1.04579508e+00 -2.98500121e-01 -3.07476878e-01 2.71002561e-01
    5.74517369e-01 1.25847173e+00 8.09779942e-01 1.16081619e+00
    1.05099821e+00 -4.62150753e-01 8.46645117e-01 1.60000280e-01
    -1.07495263e-01 5.81358552e-01 1.41891611e+00 2.08682030e-01
    1.78695947e-01 8.40300262e-01 1.51260984e+00 -4.82190289e-02
    3.27022105e-01 6.33931756e-01 1.07758737e+00 1.43571591e+00
    2.93543249e-01 6.26524627e-01 -1.27518758e-01 8.89437258e-01
    -1.61888719e-01 -4.80146468e-01 3.15579176e-02 -4.10821348e-01
    -4.32377040e-01 2.68324822e-01 1.01099575e+00 1.93485454e-01
    -3.82824570e-01 6.84226036e-01 8.26396585e-01 -1.84445307e-01
    4.70816880e-01 1.32689250e+00 2.53359467e-01 1.81744292e-01
    6.42910182e-01 -3.49165648e-01 1.34445262e+00 2.49717787e-01
    1.38634837e+00 1.17792106e+00 8.08983564e-01 1.00947507e-01
    6.08314037e-01 -2.45866254e-01 4.25590247e-01 7.04781353e-01
    1.10464382e+00 1.11391735e+00 8.68958950e-01 8.93748224e-01
    8.45331013e-01 1.30559886e+00 9.61513892e-02 1.35770512e+00
    9.58469331e-01 3.91800195e-01 -2.23197982e-01 -3.68037909e-01
    -3.66541713e-01 8.95755887e-01 8.16132009e-01 -3.17730933e-01
    -5.07206768e-02 1.40039396e+00 -3.16287339e-01 8.12274396e-01
    2.38604367e-01 1.14282846e+00 2.98755020e-01 8.06120411e-02
    -3.99373285e-02 8.69283676e-01 -2.52502948e-01 8.16110224e-02
    1.42417979e+00 3.85921687e-01 1.38828397e+00 5.02847493e-01
    -2.41906837e-01 1.37526536e+00 -1.06222734e-01 4.86001760e-01
    1.12764239e+00 3.16781819e-01 7.97973037e-01 7.65277386e-01
    1.39936697e+00 9.62562919e-01 7.01254547e-01 1.09576130e+00
    4.29427624e-01 1.37652087e+00 1.23240888e+00 4.81876373e-01
    1.25033975e+00 -1.70693085e-01 -1.64245740e-01 -1.07336283e-01
    4.45639268e-02 1.33890259e+00 6.91248655e-01 1.43741536e+00
    -6.36906829e-03 5.75491071e-01 4.04275984e-01 1.14810944e+00
    3.48016024e-01 1.93391562e-01 -7.49296471e-02 4.92047220e-01
    7.40103573e-02 8.03929269e-01 6.32202268e-01 1.24705471e-01
    5.65879941e-01 1.33984613e+00 1.37283278e+00 1.49882019e+00
    3.88364673e-01 1.24360955e+00 3.70755076e-01 2.22015064e-02
    6.29573166e-01 1.71401843e-01 3.43217164e-01 8.87041688e-01
    4.08329219e-01 1.39747906e+00 1.27152100e-01 -4.12168831e-01
    -4.46314871e-01 8.92527401e-01 1.49599540e+00 7.88619637e-01
    -2.46580735e-01 8.20074737e-01 1.60860211e-01 9.64958489e-01
    -3.47388178e-01 1.05759096e+00 1.12636530e+00 8.27795267e-01
    9.07181948e-02 1.36956775e+00 1.32852972e-01 -2.41737306e-01
    1.38423896e+00 -1.70576766e-01 -4.15854990e-01 -7.06781521e-02
    1.08519113e+00 5.15109301e-01 1.86457470e-01 7.17812300e-01
    -5.07062525e-02 5.70823550e-02 -2.95569003e-01 4.65003580e-01
    1.23048091e+00 9.68918979e-01 1.36404812e+00 1.36840630e+00
    -2.38454849e-01 8.70752633e-01 -3.98788959e-01 1.29704940e+00
    1.28838524e-01 -2.66499132e-01 6.07796133e-01 -4.45967466e-01
    1.08721924e+00 2.02488760e-03 7.20176995e-01 9.51123297e-01
    -7.39281997e-02 -1.49519980e-01 7.20063806e-01 5.42603195e-01
    9.66320395e-01 1.42346036e+00 1.62371552e+00 5.29503405e-01
    1.55461907e+00 8.52646947e-01 6.36666000e-01 -3.86538953e-01
    7.09896028e-01 9.71258521e-01 -5.69702797e-02 8.08924139e-02
    1.39097440e+00 9.83109534e-01 9.96167660e-01 7.26604136e-04
    1.04793096e+00 1.04937720e+00 -2.50098556e-01 -3.00424188e-01
    2.93806404e-01 6.97313845e-02 4.07623589e-01 7.02775300e-01
    -1.00336224e-01 7.89943412e-02 3.79045010e-01 6.29526019e-01
    1.49463415e+00 -4.28644150e-01 1.08572066e-01 3.25037777e-01
    1.35610056e+00 1.40695322e+00 1.05387306e+00 -3.94026846e-01
    5.25373638e-01 6.27799332e-01 -2.88763404e-01 4.88108516e-01
    8.93995225e-01 6.33821070e-01 -1.91597287e-02 -4.88216504e-02
    1.64216965e-01 1.20318913e+00 1.25545168e+00 -1.78052887e-01
    1.46666598e+00 -1.49341911e-01 -4.41643566e-01 -1.48397580e-01
    1.01543888e-01 -2.43135914e-01 -2.74728805e-01 6.73312694e-02
    -3.34957808e-01 1.44285524e+00 3.16749185e-01 -3.38128597e-01
    9.74560022e-01 6.30936801e-01 4.64536808e-02 1.16042769e+00
    5.59607208e-01 -1.73443498e-03 4.80483890e-01 6.47970855e-01
    4.73228842e-01 2.55838513e-01 1.06564486e+00 1.35761511e+00
    4.67432767e-01 1.12830591e+00 -2.60656118e-01 -3.83266032e-01
    6.86969638e-01 1.45319688e+00 6.59155607e-01 1.00805354e+00
    -1.07184201e-01 1.11353505e+00 5.37528992e-01 1.48611784e+00
    7.93416202e-01 -6.97442666e-02 2.36629158e-01 1.28358710e+00
    2.96847969e-01 -2.53960758e-01 4.28568602e-01 -2.54482269e-01
    1.42292631e+00 4.18368615e-02 4.51528162e-01 5.10095835e-01
    1.19381702e+00 7.63486981e-01 -2.18589246e-01 1.68573752e-01
    1.44669488e-01 7.60305643e-01 8.42018306e-01 1.41751051e+00
    2.06837580e-02 5.06308258e-01 1.36885583e+00 7.50914440e-02
    -4.61616278e-01 1.35598481e+00 1.25700161e-01 1.33612528e-01
    -3.36015910e-01 4.07424010e-02 -1.52533159e-01 -2.93729335e-01
    1.41593981e+00 5.86267829e-01 8.82394671e-01 6.40464187e-01
    -2.10435823e-01 5.43590724e-01 7.18456209e-01 8.21163952e-01
    9.63280261e-01 4.44546372e-01 1.06797099e+00 2.49011189e-01
    1.32344127e+00 1.90566033e-02 1.09147382e+00 1.08732677e+00
    -4.31261659e-01 -4.56302583e-01 -2.60362476e-01 4.85449672e-01
    8.19912851e-01 1.38529837e+00 9.72865939e-01 6.67371333e-01
    1.11486411e+00 5.90995550e-01 6.07911944e-01 9.02271643e-02
    1.22669148e+00 2.78672934e-01 -2.90407211e-01 5.79157233e-01
    7.67121315e-01 8.75046432e-01 1.19338334e+00 -2.60696381e-01
    -3.06683350e-02 1.43218505e+00 1.45824456e+00 4.47752655e-01
    7.77828872e-01 3.60395610e-01 5.46277106e-01 4.46148872e-01
    2.11247001e-02 4.94846404e-01 -5.81909679e-02 1.07393885e+00
    3.40384275e-01 1.07260299e+00 2.50476832e-03 9.78002727e-01
    6.76621497e-01 3.79704565e-01 9.93141770e-01 -1.47521719e-01
    6.11865288e-03 6.48676813e-01 1.31565547e+00 3.84054631e-01
    1.03944767e+00 -2.16167450e-01 2.08233274e-03 1.00763321e-01
    1.26792943e+00 -4.06820506e-01 1.37752330e+00 1.12611926e+00
    5.65305911e-02 6.98960423e-01 1.45835698e+00 4.59237516e-01
    1.08585942e+00 9.81450081e-01 9.73697364e-01 -3.31017226e-01
    -3.12843412e-01 2.65672356e-02 1.11003625e+00 -5.03030121e-02
    -4.62839156e-02 5.12867868e-01 3.89807224e-01 -3.55554223e-01
    3.89872104e-01 -3.63852799e-01 -9.26015675e-02 1.06385553e+00
    4.65079665e-01 1.35353804e-01 -1.34983569e-01 2.68220901e-01
    1.44476384e-01 1.83534566e-02 5.94866872e-01 5.86851180e-01
    3.04438263e-01 7.17806280e-01 -2.60673672e-01 -4.69845653e-01
    9.71579179e-02 1.12452054e+00 -2.96982944e-01 3.32776457e-01
    3.37684542e-01 2.49822773e-02 4.68042791e-01 1.18192732e+00
    8.39517236e-01 2.23395169e-01 -2.93460459e-01 8.94230425e-01
    4.47465211e-01 1.04411864e+00 -1.73017621e-01 5.88274539e-01
    3.91825259e-01 -4.43532169e-01 1.01621377e+00 2.63000280e-02
    8.05836022e-01 -4.04950321e-01 9.26200926e-01 3.76014024e-01
    7.80771911e-01 1.31525719e+00 8.39697957e-01 1.24957919e+00
    -2.43250281e-01 2.86557347e-01 1.02009368e+00 1.83403552e-01
    1.18197024e+00 1.07636607e+00 8.89440477e-01 9.14092600e-01
    3.03631932e-01 3.21698129e-01 5.84811926e-01 2.93917745e-01
    4.15249109e-01 -1.16612621e-01 -2.76662350e-01 7.20399559e-01
    1.61916792e+00 5.06716549e-01 2.15541631e-01 -3.57132465e-01
    -3.93902212e-01 1.03797972e+00 -1.98922604e-01 4.88203652e-02
    5.16574681e-01 2.40581572e-01 1.13841140e+00 3.09601247e-01
    1.27343845e+00 -7.28985071e-02 7.17505336e-01 6.98057950e-01
    4.49479610e-01 -1.56586677e-01 -2.70812064e-01 1.17883909e+00
    -1.99108601e-01 1.21686542e+00 -3.33401769e-01 5.51373027e-02
    4.86451209e-01 1.19871700e+00 -2.65368521e-01 -4.00954992e-01
    7.01633930e-01 7.83464372e-01 -2.27528721e-01 -9.65316147e-02
    -2.48891279e-01 9.94103611e-01 -2.57498268e-02 -1.73955187e-01
    3.10391188e-01 1.62413687e-01 3.31135601e-01 -3.60637218e-01
    2.36875057e-01 1.25536227e+00 9.30341423e-01 4.05704714e-02
    1.21639594e-01 1.41582227e+00 -1.86019644e-01 3.68891180e-01
    1.50462580e+00 -3.54797721e-01 -2.00309187e-01 3.05262324e-03
    9.61248636e-01 2.26237684e-01 -2.60003418e-01 -5.68095176e-03
    1.30014920e+00 -2.19618559e-01 -2.36954331e-01 8.90191376e-01
    -3.40768158e-01 9.71136808e-01 1.43635929e+00 3.19511712e-01
    2.90830314e-01 8.46412838e-01 -2.83324182e-01 5.64728677e-01
    8.67099822e-01 4.30833429e-01 1.21926332e+00 8.07197213e-01
    9.01730135e-02 -4.78474885e-01 3.89143527e-01 1.47100139e+00
    -2.66856134e-01 -2.40133673e-01 1.06409419e+00 1.55332983e-01
    -1.03455737e-01 -4.32005882e-01 2.66356587e-01 6.26142263e-01
    3.08698982e-01 -3.63865912e-01 8.62176493e-02 1.25542426e+00
    5.03315210e-01 5.54896176e-01 -2.66823858e-01 1.46314141e-03
    1.31177938e+00 9.13181901e-02 3.30944568e-01 1.13489354e+00
    4.30037320e-01 -1.52237281e-01 9.29822683e-01 -2.66222328e-01
    7.99904644e-01 -3.59316885e-01 -3.88259679e-01 8.46641183e-01
    -4.97878402e-01 1.37670624e+00 5.49222350e-01 2.99729913e-01
    9.38307524e-01 1.24893498e+00 9.83789802e-01 2.02261209e-01
    1.01362133e+00 8.65649700e-01 1.13007031e-01 -3.62776011e-01
    1.28408480e+00 -2.37937376e-01 7.99230039e-01 6.13987327e-01
    -3.85514736e-01 1.38364542e+00 1.21891558e+00 1.15307498e+00
    1.46806908e+00 1.16384816e+00 3.74753118e-01 1.34328735e+00
    -1.32473335e-01 7.54398644e-01 1.17854178e+00 2.78472781e-01
    -3.41713607e-01 7.21513212e-01 -9.64732021e-02 -4.00914401e-01
    2.28048131e-01 -2.34123290e-01 -2.77648009e-02 1.37017465e+00
    1.30104676e-01 5.90606749e-01 2.37295941e-01 5.70016384e-01
    1.09901404e+00 -3.87348652e-01 8.39890242e-01 5.54245450e-02
    1.15256202e+00 2.55181223e-01 -2.79249609e-01 1.23269665e+00
    -1.61112733e-02 -2.18028992e-01 -4.28719252e-01 7.45639324e-01
    -2.14105565e-03 -4.15710956e-01 9.16245997e-01 4.03038532e-01
    1.13313936e-01 3.54898602e-01 6.88775420e-01 -2.99797207e-01
    3.09997380e-01 1.08552670e+00 -3.02874357e-01 1.91090852e-01
    1.47586274e+00 8.39407265e-01 3.94611508e-01 7.48752356e-01
    1.05268776e+00 -6.98577836e-02 1.99246734e-01 1.36672306e+00
    2.00561121e-01 1.14420676e+00 -1.56889990e-01 -2.43062064e-01
    6.36711895e-01 1.10000741e+00 9.65641886e-02 5.99827468e-01
    -2.33388633e-01 -3.45206738e-01 1.43561530e+00 1.83029681e-01
    5.50157726e-02 -2.31909957e-02 1.01356995e+00 -3.93325448e-01
    2.16870885e-02 7.71603584e-01 1.12175584e+00 -2.38962337e-01
    1.46829927e+00 8.11847568e-01 1.01365185e+00 -2.35807627e-01
    -4.01690364e-01 1.48910844e+00 6.61535680e-01 -2.46762961e-01
    3.49361330e-01 4.13578898e-02 -4.21637669e-03 5.92384338e-01
    1.17553151e+00 7.50699461e-01 8.80727410e-01 1.18244612e+00
    6.84025809e-02 1.38399041e+00 8.29649568e-01 8.21147203e-01
    1.27740979e+00 8.65489542e-01 1.18201673e+00 9.29289520e-01
    -2.79588670e-01 -1.13360621e-01 -3.86742592e-01 1.27269530e+00
    1.35262620e+00 1.23717916e+00 1.40858781e+00 1.25308764e+00
    1.40715766e+00 4.77841437e-01 7.01506615e-01 1.15232873e+00
    8.14884722e-01 7.84712434e-01 1.10023844e+00 8.01269040e-02
    -2.83337653e-01 4.45518374e-01 -6.00584038e-02 7.12619424e-01
    4.97914582e-01 -3.76591384e-01 1.29534400e+00 3.63517627e-02
    1.07265919e-01 1.60949135e+00 5.02144396e-02 1.42541850e+00
    1.40024626e+00 -2.16498617e-02 1.24785101e+00 8.72032702e-01
    1.04113114e+00 1.17894292e-01 4.84784633e-01 4.00549144e-01
    1.19605124e+00 -1.37133300e-01 9.74737883e-01 -9.75371227e-02
    6.52471304e-01 1.24038100e+00 1.39687622e+00 7.48118639e-01
    1.12511778e+00 9.99302149e-01 1.29567206e+00 4.50874329e-01
    6.85164928e-01 5.79831898e-01 7.40121245e-01 8.97145867e-01
    3.87632072e-01 5.03225505e-01 1.06577861e+00 2.08234921e-01
    1.13818049e+00 1.66110024e-01 3.77592415e-01 4.85519260e-01
    8.49917173e-01 5.22476077e-01 1.37328148e+00 2.17317551e-01
    1.32320917e+00 1.11478603e+00 7.62757838e-01 1.98903888e-01
    2.06958726e-01 -3.65552187e-01 1.12652755e+00 -4.07007348e-04
    4.18366522e-01 8.95866275e-01 3.51645201e-02 -4.90918875e-01
    9.84831452e-01 1.15633821e+00 1.12311995e+00 1.14298820e+00
    1.46736157e+00 -3.18198889e-01 1.35098231e+00 1.24643040e+00
    -2.16290817e-01 9.95119214e-01 -2.24011362e-01 6.45530939e-01
    9.22444165e-01 1.48070812e+00 1.12898433e+00 1.42765343e-01
    2.99961656e-01 8.37760329e-01 7.93883562e-01 1.36438346e+00
    1.38377100e-01 7.21642971e-02 1.47337839e-01 5.58900356e-01
    1.19490445e+00 -4.57492739e-01 1.25631618e+00 1.39568102e+00
    3.20164680e-01 7.94317186e-01 1.11803389e+00 4.17519718e-01
    1.27490675e+00 1.33630705e+00 1.13047028e+00 -5.06861508e-01
    1.37563944e-01 -1.95283443e-02 5.97322702e-01 -4.08840060e-01
    1.31798291e+00 2.95708299e-01 8.72819185e-01 1.21376193e+00
    9.85384285e-02 -3.32662910e-01 9.43352878e-01 2.85511136e-01
    1.94358766e-01 -3.26867551e-01 5.30374348e-02 4.25946742e-01
    -4.04940158e-01 6.74300075e-01 -2.49700308e-01 -1.25465998e-02
    6.15227282e-01 8.04205954e-01 9.37762976e-01 5.05343020e-01
    -8.88188183e-02 1.32605791e+00 9.10287440e-01 1.45836726e-01
    -3.89393449e-01 3.96199286e-01 -3.79238367e-01 1.31275570e+00
    3.18378240e-01 1.30784810e+00 -7.44321123e-02 -1.90525025e-01
    -1.68945249e-02 7.95304298e-01 -9.92585495e-02 5.48929751e-01
    -4.53198433e-01 1.67513460e-01 8.65866780e-01 -9.36672390e-02
    5.95067861e-03 -1.29580393e-01 1.45771205e+00 4.35403198e-01
    -1.32874092e-02 8.05955529e-02 5.71387447e-03 9.41133559e-01
    2.58479714e-01 -4.42365170e-01 8.72804165e-01 -3.05418313e-01
    1.37790704e+00 1.56767964e-01 7.77453363e-01 7.59279609e-01
    1.38638186e+00 6.74336076e-01 1.25379074e+00 -2.38288105e-01
    -2.74281986e-02 1.00813878e+00 1.13553381e+00 6.96669757e-01
    5.25402367e-01 -4.67447601e-02 2.66970038e-01 5.74215174e-01
    4.48864520e-01 1.19509053e+00 1.11218834e+00 -2.11189345e-01
    8.16059053e-01 1.02506208e+00 7.20831871e-01 8.40952694e-01
    9.78727579e-01 1.44034207e+00 3.48825693e-01 8.65938246e-01
    6.08637214e-01 8.46829176e-01 1.00931561e+00 1.44105995e+00
    4.53170836e-01 7.38114834e-01 1.30634105e+00 1.24617469e+00
    -1.85568154e-01 -3.10269088e-01 3.41607094e-01 -2.84966558e-01
    -2.50690311e-01 -1.38344138e-03 4.34525996e-01 -4.16656792e-01
    1.81410730e-01 -3.10111433e-01 4.65922020e-02 1.51099321e-02
    -3.43412369e-01 7.40857199e-02 1.21608138e+00 8.56701195e-01
    -2.31000021e-01 1.41659582e+00 1.30401433e+00 6.07052147e-01
    -1.24286883e-01 1.16168523e+00 9.32201743e-01 1.28304827e+00
    -2.18412012e-01 1.27945006e+00 6.13011122e-02 -2.66431600e-01
    5.03861904e-01 1.48347938e+00 7.67414689e-01 3.19724470e-01
    -4.19699639e-01 9.53951657e-01 8.32538128e-01 4.16471511e-02
    2.55712450e-01 -1.77821696e-01 1.27970529e+00 7.24950194e-01
    6.50857270e-01 1.48942828e+00 1.00413895e+00 -3.69442284e-01
    3.18243504e-01 -4.01140481e-01 -3.90209667e-02 -5.06927073e-02
    -4.36047971e-01 3.96402888e-02 6.22437119e-01 -5.54092228e-02
    1.23147130e+00 7.20035017e-01 -4.71826851e-01 7.25528225e-02
    1.36345017e+00 4.51035529e-01 1.26203012e+00 -2.90934414e-01
    1.69665664e-01 1.45138502e+00 7.19043076e-01 5.18945396e-01
    2.73799181e-01 4.96894747e-01 -4.71634686e-01 2.78179348e-01
    8.22973728e-01 -4.16617006e-01 1.36286211e+00 -5.96939474e-02
    -1.37808412e-01 4.70823422e-03 -4.05413628e-01 2.99562365e-01
    1.49626124e+00 1.44358802e+00 -3.59807968e-01 -9.18697342e-02
    1.24300778e+00 6.98279023e-01 2.64021039e-01 9.58655715e-01
    -8.63187313e-02 -1.70732036e-01 -1.28570423e-01 4.12037522e-01
    1.09812570e+00 1.02809608e+00 1.37184620e+00 7.42468983e-02
    4.78516459e-01 3.20190370e-01 7.36141384e-01 5.52566171e-01
    -1.81553960e-01 -7.62831932e-03 8.85108709e-01 1.38512328e-01
    7.34177411e-01 1.12812543e+00 1.05758834e+00 -2.49176219e-01
    4.68865275e-01 -1.22054398e-01 -3.00008923e-01 9.33946133e-01
    1.28187168e+00 4.33086902e-01 1.15730286e-01 5.33993065e-01
    4.26037461e-01 3.09967369e-01 -2.56888811e-02 3.01818877e-01
    1.34576774e+00 1.07881927e+00 5.27245283e-01 5.13286293e-01
    1.30797878e-01 -4.76508051e-01 9.45950449e-02 -8.05616900e-02
    1.24791479e+00 -5.23204267e-01 1.36770928e+00 5.69479942e-01
    6.82656188e-03 -3.73903036e-01 -2.71668613e-01 1.04599833e+00
    9.70716715e-01 1.34101108e-01 4.49273735e-01 -4.32629019e-01
    -3.52366805e-01 9.46198523e-01 9.32342231e-01 4.93330717e-01
    8.61605048e-01 -3.55854109e-02 6.68795347e-01 3.60877573e-01
    1.43284678e+00 -4.32265788e-01 2.61326760e-01 4.27319020e-01
    -4.51585144e-01 1.28823209e+00 4.76769030e-01 -9.93558690e-02
    6.30548537e-01 1.13282633e+00 1.15256287e-01 1.16631854e+00
    1.47597671e+00 -1.44377485e-01 -1.28473029e-01 -2.80402482e-01
    5.36377728e-01 1.49571621e+00 1.27958417e+00 1.49064624e+00
    7.90866971e-01 6.66451037e-01 1.13247216e+00 1.09653473e+00
    -4.10770655e-01 -4.76098135e-02 3.89889657e-01 -4.36670572e-01
    -2.20619086e-02 1.12318826e+00 1.25822651e+00 8.14769626e-01
    -1.87206447e-01 2.27301672e-01 8.94137740e-01 -1.31797954e-01
    9.99367774e-01 1.47340679e+00 1.40327489e+00 1.16892815e+00
    -4.28885460e-01 1.21111643e+00 1.19702923e+00 -1.55257374e-01
    1.08711398e+00 4.79315817e-01 1.39480281e+00 5.51704824e-01
    1.05630314e+00 -2.55331725e-01 1.47364438e+00 1.59521237e-01
    1.92550600e-01 5.74654758e-01 6.22936413e-02 -2.40276203e-01
    2.58337796e-01 1.41074586e+00 9.36413944e-01 4.34526265e-01
    8.30349982e-01 1.17498529e+00 1.15516737e-01 7.84270763e-01
    1.31391656e+00 -3.88449311e-01 -2.79603899e-01 3.85748893e-01
    7.99956501e-01 -2.76060969e-01 -1.94063306e-01 -3.75900984e-01
    5.87886155e-01 -2.37299770e-01 -5.42252809e-02 -3.14489715e-02
    3.77549268e-02 7.94158697e-01 1.99831575e-01 2.26750359e-01
    3.60350221e-01 1.82565182e-01 4.77276854e-02 1.96521059e-01
    2.49365270e-01 6.85478032e-01 1.17723751e+00 7.26333380e-01
    1.44419348e+00 1.21721947e+00 4.39665824e-01 1.03692734e+00
    6.57694995e-01 1.46317399e+00 -3.45598876e-01 1.42352343e+00
    1.22182238e+00 -5.21202385e-02 1.15842426e+00 6.91236705e-02
    1.39250541e+00 6.36230469e-01 6.41210973e-01 5.16972542e-01
    5.05677581e-01 -3.26627046e-01 2.98127085e-01 1.28887141e+00
    -1.07937887e-01 4.79428798e-01 8.81514907e-01 3.99553537e-01
    7.16815829e-01 2.12641373e-01 9.09283519e-01 -1.72813714e-01
    1.01136780e+00 -3.55057120e-01 1.29364586e+00 2.53338039e-01
    2.81598330e-01 4.68555927e-01 1.08587825e+00 -2.34688103e-01
    1.49941123e+00 6.71005368e-01 8.79096538e-02 1.20386899e+00
    1.28094757e+00 1.25637805e+00 8.96097481e-01 1.21431816e+00
    -2.47833773e-01 7.72091806e-01 1.35792935e+00 -1.30394131e-01
    -1.12619437e-01 1.02977745e-01 7.02341974e-01 1.24820590e+00
    1.49655855e+00 -1.20301262e-01 1.36328447e+00 8.50009143e-01
    7.67677188e-01 -1.01623408e-01 1.31301820e+00 -3.36868435e-01
    1.24480307e+00 -4.54394035e-02 8.64320993e-01 4.20990080e-01
    -2.37560496e-01 6.40662834e-02 -4.23549801e-01 1.37964264e-01
    6.53904915e-01 6.52380407e-01 1.22911608e+00 1.32557154e+00
    1.82851434e-01 2.57959217e-01 5.74092746e-01 1.59092113e-01
    1.30331767e+00 4.75440949e-01 1.00904846e+00 -4.37142134e-01
    -4.83463734e-01 -3.68338794e-01 6.82310104e-01 1.41614154e-01
    -3.99523497e-01 -5.37462570e-02 -1.02133214e-01 -3.10336687e-02
    7.28020847e-01 -3.45375717e-01 1.20859528e+00 1.43750441e+00
    7.13208541e-02 1.99841529e-01 -1.61484163e-02 1.67880207e-01
    -2.64397800e-01 5.85854590e-01 9.06376004e-01 -2.11536810e-01
    7.41323054e-01 3.93239081e-01 5.27193189e-01 1.46548915e+00
    4.92985435e-02 4.53954577e-01 7.72596717e-01 -2.31160685e-01
    1.65232825e+00 7.71387279e-01 1.70038104e-01 7.05718994e-01
    3.62161249e-01 1.75501868e-01 3.86340111e-01 -2.34864712e-01
    -1.27694115e-01 3.05856913e-01 1.26032114e+00 1.39805019e+00
    -3.34415853e-01 9.91460502e-01 -4.65936810e-01 1.34125936e+00
    -4.38520610e-01 -3.24852645e-01 9.37001407e-01 4.26385611e-01
    -7.40603730e-02 5.84443867e-01 -1.76564604e-01 -3.13159190e-02
    1.33138704e+00 4.47731428e-02 9.68965411e-01 -1.82818454e-02
    5.18534184e-01 -3.94340843e-01 8.01294506e-01 -4.34307635e-01
    -3.97296876e-01 1.90553501e-01 1.44292521e+00 -8.68331119e-02
    -9.41973180e-02 8.79035056e-01 1.31378305e+00 1.35078108e+00
    1.31726786e-01 -5.15776753e-01 6.80439949e-01 8.13977838e-01
    3.83963846e-02 9.92879152e-01 -2.14783579e-01 1.65556669e-01
    6.78877532e-01 -2.37549599e-02 -1.53322285e-02 7.13071376e-02
    -4.77631688e-01 -2.02736363e-01 1.42381692e+00 -1.63272217e-01
    9.27519023e-01 3.89074743e-01 1.23890042e+00 -7.00703338e-02
    3.34054679e-01 1.18343341e+00 -8.70307814e-03 -2.02771410e-01
    3.87207627e-01 5.14697671e-01 5.85430786e-02 -6.29816875e-02
    -3.89682859e-01 3.89014274e-01 9.69275415e-01 1.11225247e+00
    6.09811425e-01 6.61952376e-01 1.56555802e-01 1.35806715e+00
    -4.94282722e-01 9.29444194e-01 4.67711627e-01 1.41298842e+00
    8.73404622e-01 -4.68103617e-01 -9.73353460e-02 2.14947294e-03
    -2.62260556e-01 8.66574347e-01 5.94711542e-01 6.15838408e-01
    1.11924863e+00 1.32463062e+00 -1.89964533e-01 9.71738398e-01
    3.38176817e-01 1.28699958e+00 -1.08240925e-01 1.10663080e+00
    -2.71720111e-01 4.06689137e-01 1.34520292e+00 8.28916967e-01
    1.01295757e+00 4.01150256e-01 1.76941097e-01 -2.35944927e-01
    1.94236785e-01 -1.00808501e-01 4.71818686e-01 -1.46127827e-02
    1.44160223e+00 2.93814927e-01 -4.58218753e-01 3.03106725e-01
    -2.00775683e-01 5.91833413e-01 1.06089437e+00 4.26884711e-01
    -3.71011496e-01 7.72894144e-01 7.71188200e-01 3.48464325e-02
    -3.28889519e-01 1.32304490e+00 -5.01584709e-01 2.54497111e-01
    -2.36847579e-01 2.51350790e-01 1.28139555e-02 -3.91271472e-01
    -1.67618200e-01 1.86252430e-01 1.42401195e+00 5.73009253e-01
    -2.34110672e-02 2.51505524e-01 -1.66194141e-01 3.73342037e-01
    1.41777325e+00 1.18013680e+00 3.59163940e-01 7.84710288e-01
    -3.58388633e-01 -7.92370439e-02 2.97456473e-01 2.78933644e-01
    1.29203308e+00 6.47137225e-01 3.17255527e-01 9.10302475e-02
    9.48863149e-01 -1.76025031e-04 1.49009824e+00 1.26717567e+00
    1.00866497e+00 3.60680729e-01 -3.88249248e-01 8.49559069e-01
    6.69235110e-01 7.09298432e-01 8.02669883e-01 1.42666161e+00
    6.41103268e-01 -3.34910244e-01 1.29732573e+00 -1.52610302e-01
    7.36573458e-01 -4.53606158e-01 1.51075451e-02 -7.26391450e-02
    -3.45332533e-01 3.81069720e-01 9.74587321e-01 -2.91676730e-01
    1.56577766e-01 7.68103749e-02 -2.42485225e-01 3.91895086e-01
    -1.23580642e-01 1.33818638e+00 -4.00607467e-01 7.66539037e-01
    3.89618933e-01 6.23166934e-02 3.39358062e-01 2.93837100e-01
    1.83528289e-01 8.53979707e-01 1.31040883e+00 3.48125398e-01
    1.39316782e-01 -2.92830169e-01 1.02663398e+00 -3.79123203e-02
    2.29992628e-01 1.15352519e-01 7.16914475e-01 -2.30223194e-01
    3.73275615e-02 1.17100090e-01 3.46287429e-01 -1.83845997e-01
    2.35455498e-01 1.44919968e+00 1.16729498e+00 -4.67918068e-01
    -4.82490301e-01 1.38782632e+00 1.02039480e+00 2.63929993e-01
    9.91170704e-01 8.46605718e-01 9.61778983e-02 1.30068672e+00
    1.28335774e+00 7.56711781e-01 3.53657782e-01 1.40956163e+00
    1.46866620e+00 1.15647662e+00 9.60469246e-01 7.06746697e-01
    -4.81036417e-02 1.64245263e-01 2.42470965e-01 1.35508490e+00
    2.05909237e-01 8.75778735e-01 4.81550246e-01 4.71323580e-01
    1.03075705e-01 6.88112617e-01 7.57143319e-01 3.49727720e-01
    6.06332958e-01 -5.07297277e-01 9.03449953e-01 5.50889254e-01
    9.55455422e-01 3.02660227e-01 1.33814180e+00 1.14241922e+00
    3.06348503e-01 8.68818820e-01 -4.82599065e-03 7.91585326e-01
    1.11697423e+00 7.32069254e-01 4.89797354e-01 4.92022067e-01
    1.24551915e-01 7.82522559e-01 2.87775546e-01 3.96571875e-01
    1.32746232e+00 3.64939868e-01 4.86917704e-01 5.87494791e-01
    1.48770344e+00 1.16812360e+00 1.05497742e+00 7.43082017e-02
    2.41341576e-01 6.99756324e-01 5.16507745e-01 5.14587402e-01
    3.31247628e-01 -4.58201021e-01 5.43247283e-01 9.35315251e-01
    9.64804709e-01 8.60977352e-01 5.47755957e-01 1.26336884e+00
    -2.99235154e-02 1.48739624e+00 6.33168519e-01 7.56069601e-01
    5.01976907e-01 4.75767940e-01 3.43674362e-01 1.50598681e+00
    -6.00956492e-02 -3.81946564e-04 -4.89490330e-01 -2.20281616e-01
    4.84738141e-01 -1.00113384e-01 2.67667204e-01 4.28746462e-01
    8.21801126e-01 6.01571739e-01 1.10461318e+00 9.90088642e-01
    -5.08657992e-01 7.58285284e-01 1.15992570e+00 1.64792687e-01
    8.96990478e-01 4.67778385e-01 9.50044155e-01 1.91868545e-04
    1.33551729e+00 1.22439539e+00 1.18458509e+00 2.90876359e-01
    9.68949616e-01 1.12523153e-01 1.73129097e-01 1.51844800e-01
    1.03220618e+00 2.13157255e-02 6.04873538e-01 1.47058642e+00
    9.28066671e-04 7.00931072e-01 -3.86077762e-01 -1.98084697e-01
    -3.22752506e-01 5.20258844e-01 1.22629452e+00 -4.95595515e-01
    -2.86571711e-01 1.49439901e-01 2.81581849e-01 5.50589681e-01
    -1.10664628e-01 1.38342428e+00 4.93027903e-02 6.23566270e-01
    9.66408551e-01 1.30344462e+00 5.34826331e-03 1.17600381e+00
    3.85401458e-01 5.64354777e-01 -4.20183450e-01 -3.19526076e-01
    6.28656387e-01 1.39878869e+00 1.48694253e+00 -2.23099276e-01
    1.48277318e+00 -1.67040586e-01 9.69545007e-01 -2.71733642e-01
    8.21921766e-01 -3.70690465e-01 4.72191423e-01 2.86753148e-01
    1.06663680e+00 1.00028360e+00 -9.94063020e-02 1.79720178e-01
    -2.10995823e-01 1.61630481e-01 1.19880104e+00 -6.72799200e-02
    -2.72082865e-01 1.12766123e+00 9.50536191e-01 1.22866511e+00
    6.78306580e-01 1.01753771e+00 -3.43954235e-01 -2.98632741e-01
    1.12722807e-01 1.49772310e+00 1.18699133e+00 -2.52113193e-01
    3.50075476e-02 1.05546725e+00 3.57021600e-01 3.21406126e-01
    -3.99215162e-01 9.58601952e-01 1.34445453e+00 4.88305748e-01
    2.63970315e-01 8.57513249e-01 -1.53800815e-01 5.09601533e-01
    3.77915353e-01 6.32871151e-01 9.52567279e-01 4.49831486e-01
    9.62813079e-01 3.29039901e-01 1.43838212e-01 1.31463873e+00
    1.25323400e-01 -1.33571312e-01 8.96905482e-01 1.24654555e+00
    1.26506388e-01 5.73437549e-02 -2.86796957e-01 5.89686334e-01
    3.16050947e-01 5.35243414e-02 1.37986147e+00 4.78132889e-02
    -2.86735088e-01 2.53602535e-01 6.73172474e-02 8.81347597e-01
    6.08447611e-01 -3.51508737e-01 7.28166640e-01 9.12513494e-01
    7.39875555e-01 4.69315678e-01 1.05365789e+00 -3.41206998e-01
    1.16621935e+00 4.47943211e-01 1.01058841e+00 -1.90523952e-01
    -1.63490772e-01 7.90012419e-01 1.92135334e-01 -4.83967483e-01
    8.58175457e-01 1.33811998e+00 8.26841414e-01 7.04537272e-01
    8.04623902e-01 1.44211125e+00 -3.22922260e-01 9.79840219e-01
    -1.65181682e-01 9.73372608e-02 1.73701257e-01 -3.69877256e-02
    1.34239209e+00 1.33748198e+00 1.40078998e+00 -4.38048393e-01
    1.32207787e+00 -3.65195662e-01 4.16664958e-01 1.42452693e+00
    -2.59666204e-01 1.27141976e+00 7.65936673e-01 8.53193104e-01
    6.04062736e-01 -2.86120355e-01 -3.14021856e-01 6.32931948e-01
    -3.93594205e-01 3.40761513e-01 -4.77070302e-01 4.95620817e-01
    6.85743749e-01 -3.06390107e-01 7.05408156e-01 1.05089808e+00
    1.44824743e+00 9.82862949e-01 -7.80019090e-02 2.30882064e-01
    5.13827920e-01 7.46250451e-01 3.94768655e-01 1.14489555e+00
    -1.89794138e-01 5.82174838e-01 -2.71453530e-01 1.26500809e+00
    9.03295815e-01 6.75977528e-01 1.01460445e+00 2.79432803e-01
    9.04518366e-02 7.83341169e-01 2.72808313e-01 6.15508020e-01
    5.44034660e-01 9.06416699e-02 -3.71029645e-01 3.27596515e-01
    3.70041989e-02 -9.28596631e-02 8.82048130e-01 1.32111609e+00
    -4.53009397e-01 1.39151394e-01 -1.92103833e-01 1.27638030e+00
    6.87526822e-01 -1.35704771e-01 4.60763127e-01 7.02433705e-01
    1.12223208e+00 3.78692031e-01 1.46218562e+00 -4.27028507e-01
    6.01291597e-01 -1.35648670e-03 4.99241769e-01 7.62608707e-01
    4.33194697e-01 9.57663655e-01 1.02495110e+00 1.50441182e+00
    -2.18946099e-01 1.38864732e+00 -9.80065987e-02 1.59252203e+00
    2.93433517e-01 1.27668226e+00 1.65959442e+00 -2.51440883e-01
    -8.88615698e-02 1.06334341e+00 6.90109611e-01 8.84382486e-01
    -1.29005298e-01 1.54152110e-01 1.07405111e-01 6.38345182e-01
    9.74975228e-02 -1.62647218e-01 1.38301170e+00 9.73337531e-01
    -2.54704744e-01 6.72706127e-01 6.93806887e-01 -3.53627115e-01
    -2.53446311e-01 8.08360636e-01 1.38063133e+00 4.18751538e-02
    3.55874598e-01 6.51095748e-01 1.46230221e+00 -2.57014260e-02
    8.33385885e-01 9.21191037e-01 1.29132318e+00 1.20764062e-01
    1.11382902e+00 3.11451584e-01 7.80768096e-01 6.22884929e-01
    5.96282840e-01 -4.13872242e-01 1.06742668e+00 2.73433663e-02
    -4.70782578e-01 1.47117043e+00 1.09038985e+00 1.14867115e+00
    -4.61537004e-01 8.81562889e-01 1.17762685e+00 5.82869947e-01
    7.73060441e-01 1.03331792e+00 1.39249694e+00 4.70594317e-01
    8.60038877e-01 6.74146831e-01 2.96239629e-02 -2.05669925e-01
    -4.03214961e-01 1.26947737e+00 7.88614899e-02 1.47516954e+00
    3.25003624e-01 4.46793139e-01 9.21006322e-01 -4.20024768e-02
    1.03277826e+00 -4.24344897e-01 -3.20615143e-01 3.88508350e-01
    1.28559136e+00 7.16907322e-01 1.41522717e+00 1.33164823e+00
    -3.71211648e-01 -1.23344310e-01 2.74019897e-01 1.31729734e+00
    7.06565659e-03 1.44048750e+00 -2.97781348e-01 -1.24170363e-01
    2.95906723e-01 -1.71783745e-01 -4.15111244e-01 -3.07011336e-01
    -4.30499017e-01 -2.97427982e-01 2.20277682e-02 1.26230371e+00
    7.94036627e-01 -1.85254693e-01 4.47197527e-01 -5.88231981e-02
    5.19101441e-01 -2.04008624e-01 -1.51217937e-01 1.07570350e+00
    8.72642517e-01 9.77503717e-01 3.92803818e-01 3.18042159e-01
    1.32808590e+00 3.16091031e-01 -9.03403908e-02 6.50264204e-01
    1.44071066e+00 3.54920864e-01 1.16292620e+00 -2.59716302e-01
    1.07330883e+00 2.29582250e-01 1.10622835e+00 -3.33807111e-01
    -2.57487241e-02 1.34382653e+00 1.14315152e+00 5.93292296e-01
    -2.90837348e-01 3.25246066e-01 1.26274049e+00 -3.55371892e-01
    1.25777745e+00 1.08782971e+00 -1.57892793e-01 1.36068428e+00
    1.10330141e+00 2.09191754e-01 8.09206814e-02 -3.49603295e-01
    9.36699152e-01 2.88325399e-01 8.47104311e-01 -4.44305152e-01
    1.40928078e+00 9.13625769e-03 9.87113237e-01 6.64739907e-01
    -3.12832713e-01 2.59643674e-01 4.16882277e-01 1.24568343e+00
    8.58037651e-01 5.02731502e-01 9.19791937e-01 -9.07043219e-02
    -1.04018807e-01 -3.10003340e-01 -2.15748668e-01 1.41306221e-01
    1.31344318e+00 1.01444077e+00 -1.31824454e-02 1.14725411e+00
    3.09655458e-01 1.12728894e+00 1.19284654e+00 3.33983630e-01
    1.16032267e+00 1.16837716e+00 1.72012359e-01 -1.87575430e-01
    1.30821085e+00 1.22006011e+00 1.24349153e+00 9.72377598e-01
    1.25121605e+00 6.69728339e-01 -3.55131060e-01 5.77090740e-01
    -4.68281120e-01 4.33317393e-01 -1.33577794e-01 3.53669882e-01
    1.42993081e+00 9.19825554e-01 9.65990841e-01 1.24405050e+00
    3.93990874e-01 3.27826500e-01 1.37763393e+00 7.09849149e-02
    9.06355739e-01 2.52453331e-02 -2.93206990e-01 1.40614188e+00
    1.09006619e+00 2.39287212e-01 9.69858110e-01 -1.27388820e-01
    -2.12558597e-01 1.48243618e+00 -1.33997619e-01 2.05207035e-01
    1.45612225e-01 3.65531296e-02 3.57510507e-01 1.96949899e-01
    1.03698894e-01 5.78286946e-01 -2.84538060e-01 7.78630733e-01
    -8.98520574e-02 -2.80533969e-01 1.01950741e+00 1.46385580e-01
    1.27714470e-01 -3.47454131e-01 1.76954985e-01 2.17112154e-01
    1.01507269e-01 1.17119181e+00 7.28420615e-01 1.40095937e+00
    5.37548244e-01 1.85742751e-01 9.20364678e-01 4.29239124e-02
    2.95579880e-01 1.74638614e-01 1.06602478e+00 6.15157723e-01
    -4.23497975e-01 3.83423895e-01 1.03279448e+00 7.30718076e-01
    -4.49104637e-01 1.20739448e+00 -4.03862059e-01 -2.29850307e-01
    9.29629266e-01 -4.40031409e-01 -2.36516625e-01 -3.93837303e-01
    5.59545815e-01 -1.98175654e-01 4.57156092e-01 1.44007194e+00
    5.05819976e-01 1.34913003e+00 1.17525995e+00 3.19649249e-01
    4.98192251e-01 5.57155252e-01 6.61264241e-01 5.02141058e-01
    6.39260411e-01 8.47470939e-01 4.58670706e-01 -4.78779703e-01
    -3.04878242e-02 5.95608950e-01 1.26441598e+00 5.96470892e-01
    6.42991960e-01 1.09753060e+00 1.58703044e-01 1.33003426e+00
    8.91519129e-01 8.28729272e-01 6.27482951e-01 8.19091201e-02
    2.23897651e-01 3.03741962e-01 4.68377918e-01 2.38258123e-01
    1.45536149e+00 1.50835896e+00 1.32303655e+00 1.19404876e+00
    1.45116389e+00 9.80771005e-01 -3.60427171e-01 1.44419834e-01
    -3.28242600e-01 8.42219740e-02 4.07910347e-01 3.15530121e-01
    1.98443010e-01 8.36445630e-01 1.24759924e+00 -8.76298696e-02
    6.81560397e-01 4.32593971e-01 3.98631960e-01 2.74991274e-01
    3.18947971e-01 9.35473263e-01 2.80523986e-01 1.37260467e-01
    1.38605106e+00 7.09648952e-02 1.76902086e-01 1.17831886e+00
    3.44821304e-01 9.91542399e-01 8.89490902e-01 8.66806686e-01
    1.15040429e-02 1.39885640e+00 -4.97276127e-01 -3.36063504e-01
    7.14653373e-01 1.32158399e+00 4.03676689e-01 -4.86606628e-01
    -1.98106512e-01 4.20231134e-01 1.67296901e-01 4.08938468e-01
    -9.59567726e-04 9.69213009e-01 6.67820811e-01 -3.67839396e-01
    8.14378321e-01 5.22709787e-01 9.97291148e-01 -1.96730271e-01
    4.28503394e-01 1.38237488e+00 1.19401050e+00 -1.12507967e-02
    -3.56801987e-01 8.95555258e-01 7.56676435e-01 1.14798474e+00
    3.05520058e-01 -3.06519359e-01 1.00963438e+00 1.01869524e+00
    -4.84261572e-01 -4.89784509e-01 5.85828483e-01 1.32145882e+00
    1.30799043e+00 3.55143309e-01 7.80718386e-01 5.87669075e-01
    -3.40806454e-01 1.46060205e+00 -3.56171250e-01 3.56316328e-01
    2.34463997e-02 9.20507252e-01 -3.07335973e-01 6.83626890e-01
    8.80615354e-01 7.96822369e-01 1.20053701e-01 2.82768846e-01
    1.19452941e+00 4.13984329e-01 7.70228915e-03 9.83107507e-01
    -3.61266106e-01 4.16695595e-01 1.34011722e+00 7.54778981e-01
    1.07747555e+00 3.72038603e-01 1.18828423e-01 1.45300484e+00
    1.07499683e+00 1.91774637e-01 1.82280391e-01 1.69626996e-01
    8.19946826e-01 1.64132088e-01 -3.89858186e-01 1.20298779e+00
    -4.41515386e-01 1.19450939e+00 2.83913910e-01 7.17574060e-02
    -2.96180427e-01 5.58616638e-01 -5.14702052e-02 -2.59718895e-01
    -2.94064254e-01 4.86810446e-01 -1.65820614e-01 1.44119227e+00
    4.15544957e-01 1.12171590e+00 1.26846778e+00 1.27687430e+00
    3.24157357e-01 3.89134496e-01 1.33185756e+00 -5.07440418e-02
    1.31287539e+00 -4.58549351e-01 1.26915681e+00 3.92622769e-01
    -4.86114442e-01 1.34578764e+00 3.24377686e-01 5.45294166e-01
    -3.60289127e-01 1.20259845e+00 8.57020199e-01 5.17645597e-01
    6.32812798e-01 1.27084208e+00 5.06437659e-01 -2.43226349e-01
    1.33940327e+00 -3.31499308e-01 1.03152585e+00 1.41845345e+00
    -4.84890044e-01 1.18801773e+00 1.46706128e+00 1.96579248e-02
    4.27045077e-02 -2.54601240e-01 7.40461051e-01 1.18661511e+00
    9.95890051e-03 5.40114582e-01 -4.83688205e-01 1.35811794e+00
    3.01924795e-01 1.24380875e+00 5.98418057e-01 1.27755368e+00
    1.38410354e+00 1.97727799e-01 7.05691636e-01 -1.31050825e-01
    3.29035938e-01 9.59069490e-01 6.57504022e-01 -3.69916439e-01
    1.02980673e+00 1.28101873e+00 4.10489410e-01 9.48824108e-01
    9.31998312e-01 2.27839142e-01 2.38531664e-01 6.39361262e-01
    1.22707152e+00 1.28762877e+00 1.30806565e+00 1.13313234e+00
    -9.56456065e-02 4.02406663e-01 1.22835004e+00 -4.15433615e-01
    -2.66997457e-01 5.26122153e-01 -2.09684432e-01 5.26310265e-01
    -3.79461497e-01 1.25357950e+00 1.87141389e-01 1.39607799e+00
    1.44418073e+00 -4.82905686e-01 7.54134417e-01 3.48852575e-01
    1.25927448e+00 -4.51155990e-01 1.35643780e+00 5.24801552e-01
    1.06892693e+00 5.16681194e-01 1.20475507e+00 5.28685272e-01
    1.36593342e+00 -7.65260831e-02 -1.31948009e-01 1.07895918e-01
    1.03520083e+00 9.70400274e-01 3.62113386e-01 9.74295288e-02
    1.48756266e+00 3.37276906e-01 -3.74405056e-01 1.21832538e+00
    2.55317867e-01 -3.10139712e-02 9.60670769e-01 1.05835474e+00
    1.30124819e+00 1.46855640e+00 -3.26177895e-01 -4.17003125e-01
    -3.89153093e-01 8.33779037e-01 -6.70943260e-02 -4.30979967e-01
    1.00171375e+00 1.19394279e+00 7.46195972e-01 -3.41477364e-01
    -4.80323344e-01 8.69155824e-01 6.30898237e-01 -3.76830772e-02
    6.88581690e-02 -1.89624503e-01 1.08696866e+00 1.09519398e+00
    -4.91790265e-01 -3.06634828e-02 -2.76312083e-01 -3.02818149e-01
    -2.45507970e-01 1.39490294e+00 4.96019959e-01 1.20238340e+00
    7.77413964e-01 6.11134887e-01 1.40887332e+00 4.78208885e-02
    1.31674266e+00 -5.48253348e-03 1.20939600e+00 1.40282464e+00
    4.44745794e-02 8.97320807e-01 9.53230560e-01 9.89440501e-01
    -3.37114245e-01 7.03861475e-01 1.37472972e-01 9.09653187e-01
    -3.17182690e-01 1.49367929e+00 4.10560906e-01 -6.15793951e-02
    -2.00577587e-01 9.34464097e-01 1.41080165e+00 4.12995785e-01
    2.09173799e-01 -2.19109833e-01 -4.65112656e-01 -2.33512908e-01
    6.43169522e-01 9.93619144e-01 5.08090138e-01 4.90284771e-01
    8.09767306e-01 -1.02567509e-01 4.50414926e-01 5.23170471e-01
    7.04615414e-01 -3.78968835e-01 8.13590527e-01 7.40048826e-01
    3.48450035e-01 1.14547038e+00 -3.01149905e-01 -3.96069139e-01
    -1.49857670e-01 5.40673018e-01 1.09648454e+00 5.55549741e-01
    1.96968675e-01 8.94783258e-01 5.10468543e-01 -6.95888624e-02
    -3.67401332e-01 1.23532057e+00 6.95993841e-01 6.89081252e-01
    9.31553662e-01 1.36496231e-01 2.56431222e-01 7.19822422e-02
    -3.14827025e-01 1.29128957e+00 1.44751477e+00 8.38939726e-01
    3.01338673e-01 1.12165165e+00 1.23321213e-01 -7.90052563e-02
    5.02397060e-01 1.07578504e+00 1.11122656e+00 1.06182778e+00
    -9.95969474e-02 -3.40599447e-01 1.29521179e+00 1.28814220e+00
    1.25000393e+00 6.13752007e-01 1.36632907e+00 1.25817209e-01
    1.27428830e+00 -4.89585251e-01 1.09869003e+00 -7.93205127e-02
    6.79144263e-01 6.54808879e-01 1.46131778e+00 -3.65446955e-01
    1.01151907e+00 1.03042662e+00 -4.93110210e-01 1.32976377e+00
    1.38718057e+00 6.16699219e-01 1.38101590e+00 -4.38954860e-01
    -1.48364985e-02 3.20784710e-02 7.03979254e-01 1.02944589e+00
    1.22142613e+00 4.62400526e-01 8.25332820e-01 -8.49119574e-02
    -8.44893008e-02 1.15239716e+00 1.49278855e+00 4.87650216e-01
    2.48410329e-01 -2.52587467e-01 3.53197336e-01 6.76000357e-01
    -3.15057844e-01 8.14849079e-01 -1.76886559e-01 7.01570213e-01
    2.53284663e-01 -4.16594416e-01 -2.45220184e-01 5.65626860e-01
    5.53648710e-01 4.04516160e-01 8.11293125e-02 -1.44587634e-02
    5.18842220e-01 4.48144823e-01 1.35327816e+00 8.20226848e-01
    1.91857874e-01 2.70273060e-01 3.52859169e-01 -2.27127850e-01
    4.31727290e-01 1.31122947e+00 5.16269386e-01 8.56263101e-01
    1.00708628e+00 5.76849561e-03 1.24348724e+00 5.83883047e-01
    5.26776254e-01 1.35156620e+00 1.78468689e-01 -4.16563123e-01
    1.80951580e-01 7.97600567e-01 -3.13958019e-01 4.15880114e-01
    1.09413996e-01 -3.20165217e-01 1.37987614e+00 1.43534362e-01
    -1.31028488e-01 1.39224911e+00 4.46426660e-01 -3.93613726e-01
    5.63381255e-01 -4.72960562e-01 3.79832089e-01 9.61014271e-01
    3.22140396e-01 1.22729242e+00 -7.94830397e-02 -4.85811323e-01
    9.60597545e-02 7.99387991e-01 6.76129639e-01 5.85361063e-01
    5.73522210e-01 -4.90935892e-01 2.15120807e-01 6.88779473e-01
    2.33128309e-01 -4.55135584e-01 -2.66238481e-01 1.45447886e+00
    1.58669055e-01 1.86222523e-01 7.85316586e-01 1.21685125e-01
    5.04131973e-01 -4.64057058e-01 1.37200689e+00 -4.14179057e-01
    -7.86132067e-02 8.86262178e-01 5.46006858e-01 5.58080614e-01
    -9.83228981e-02 -2.79773444e-01 -3.00450623e-01 6.45699441e-01
    4.90850285e-02 -1.61836565e-01 6.50098205e-01 3.25041488e-02
    5.56605995e-01 -4.80051488e-01 1.23812154e-01 -4.78512436e-01
    5.35616577e-01 -1.89484358e-01 2.08667189e-01 1.17220950e+00
    -2.42894903e-01 4.67206746e-01 8.59827697e-01 1.05114174e+00
    1.10178864e+00 -3.90877694e-01 -4.48293149e-01 8.10303539e-02
    1.98852830e-02 -5.38477227e-02 1.09418201e+00 -2.50244707e-01
    1.28853345e+00 3.53953749e-01 2.16730326e-01 9.90282416e-01
    2.99439073e-01 -1.68026090e-01 1.32960230e-01 9.66715440e-02
    5.31759501e-01 9.78436247e-02 1.29618359e+00 2.65041888e-01
    4.89007026e-01 1.50399029e+00 4.11357790e-01 8.80523741e-01
    2.71348506e-01 4.84930396e-01 6.49524212e-01 1.43973398e+00
    1.23940992e+00 2.35748678e-01 3.43745053e-01 -1.94005176e-01
    1.33125901e+00 9.71672416e-01 1.43468201e+00 -2.03391075e-01
    -3.00728589e-01 9.37723875e-01 9.14422214e-01 -2.19896287e-02
    -8.58944952e-02 1.44546127e+00 1.44423485e+00 7.94951737e-01
    2.49109089e-01 1.64246678e-01 1.20861411e+00 9.07177925e-01
    -1.60815969e-01 5.95820248e-01 8.92288029e-01 1.54692501e-01
    6.42502606e-01 5.64709961e-01 1.63405144e+00 7.87954032e-01
    5.78170896e-01 -2.20648229e-01 4.93288219e-01 9.80923474e-02
    1.42579734e+00 -4.68984805e-03 1.31981301e+00 4.61823642e-01
    1.42448038e-01 -1.05060771e-01 1.12240922e+00 7.05628932e-01
    9.76990163e-01 1.32009220e+00 -1.47982851e-01 9.97644246e-01
    9.62905169e-01 -1.42990723e-01 9.90876913e-01 1.47014987e+00
    6.40008330e-01 -1.95639883e-03 1.32340133e+00 1.36576211e+00
    1.32254052e+00 6.88458323e-01 4.01659489e-01 7.61430442e-01
    3.53874326e-01 4.83287543e-01 -1.96876854e-01 9.02613997e-01
    1.52785942e-01 9.98588443e-01 -2.34111935e-01 1.12822044e+00
    9.96252298e-01 1.09603214e+00 2.05744773e-01 -4.04680371e-02
    2.74423897e-01 3.45383912e-01 1.04578412e+00 1.18996394e+00
    9.53070700e-01 6.95733845e-01 4.03160840e-01 1.46122292e-01
    5.70604503e-01 7.10224569e-01 1.15962577e+00 1.50017643e+00
    9.88831282e-01 9.23145235e-01 1.22231960e+00 4.50864255e-01
    1.55410871e-01 1.20476913e+00 3.42963696e-01 7.51451850e-01
    1.38455689e+00 1.45326185e+00 7.65090048e-01 5.20557702e-01
    -2.62103170e-01 1.07856309e+00 4.88646179e-02 1.40213716e+00
    3.96744967e-01 7.95878232e-01 5.61044335e-01 4.59559381e-01
    2.93191642e-01 6.08245373e-01 -9.98206437e-02 1.45949948e+00
    1.22590542e+00 1.27732173e-01 8.51160944e-01 2.47057393e-01
    1.42389560e+00 6.03954196e-01 -2.32245661e-02 -2.16539398e-01
    7.85555899e-01 2.21987262e-01 -1.90595031e-01 1.21405482e+00
    -4.51384693e-01 -2.83308238e-01 1.55074939e-01 6.21613085e-01
    1.46314228e+00 9.41233158e-01 1.00202584e+00 1.48120093e+00
    9.71830130e-01 8.73575747e-01 -2.30894759e-01 -3.63390326e-01
    1.45735371e+00 3.91331077e-01 -4.57359523e-01 -4.70893770e-01
    6.66036546e-01 -4.68538016e-01 4.95557249e-01 1.04004467e+00
    9.27246153e-01 -2.22221985e-01 1.32330739e+00 1.24871850e+00
    -1.89743534e-01 1.40820611e+00 -4.43443328e-01 6.96518481e-01
    7.72720575e-01 -3.72028738e-01 1.46632755e+00 2.95199871e-01
    2.12113887e-01 4.89041716e-01 1.36147797e+00 6.69717729e-01
    1.33528149e+00 5.44530690e-01 1.21912622e+00 1.28718972e+00
    5.84645271e-01 4.57017511e-01 7.85568595e-01 1.21070445e+00
    1.23957717e+00 1.31764269e+00 2.41021141e-01 7.53777981e-01
    -2.14586303e-01 -4.57595801e-03 5.00324667e-01 1.19371080e+00
    9.37036157e-01 2.12610900e-01 2.74510503e-01 -4.70894277e-01
    -3.04841455e-02 8.75846297e-03 1.16527033e+00 9.61973295e-02
    1.06685269e+00 4.11974043e-01 1.22874200e+00 -8.31383932e-03
    7.41780877e-01 8.82877290e-01 -4.51231331e-01 7.46520221e-01
    -2.18047172e-01 -4.14314806e-01 1.19623590e+00 1.37190986e+00
    3.69779050e-01 1.14925444e+00 6.15981314e-03 8.30557346e-01
    1.20673609e+00 2.94856131e-01 6.89043343e-01 -4.79266137e-01
    2.73437619e-01 2.93326735e-01 7.98922777e-01 -1.02989860e-01
    8.59976649e-01 1.11357856e+00 6.69545949e-01 -3.43971848e-01
    3.24295610e-02 6.88664854e-01 1.15248466e+00 8.83085608e-01
    5.17997937e-03 2.49623418e-01 1.37658417e+00 8.09594870e-01
    9.32796240e-01 -1.80194393e-01 7.47031644e-02 4.82202381e-01
    1.21604991e+00 3.28901649e-01 2.77867705e-01 1.46395814e+00
    1.05177116e+00 1.21904977e-01 3.62340778e-01 1.10979009e+00
    1.08402026e+00 6.87564015e-01 1.47326601e+00 6.37045264e-01
    4.09722865e-01 4.31777060e-01 2.00581849e-01 1.39838248e-01
    4.38445717e-01 6.67961657e-01 3.54712248e-01 -2.54016548e-01
    1.08877838e+00 -4.72949952e-01 -1.17726870e-01 5.57510912e-01
    8.42951983e-02 2.08100200e-01 -6.50804769e-03 -7.11923987e-02
    -1.14947325e-03 4.86649387e-02 1.04269183e+00 2.50431329e-01
    1.08828056e+00 8.23867545e-02 -1.47460520e-01 2.26520732e-01
    -1.25236586e-01 -3.72712016e-01 1.40239179e+00 2.12995961e-01
    1.62418991e-01 4.43679452e-01 1.20011389e+00 -2.69216239e-01
    1.45397937e+00 6.30107284e-01 -1.48613468e-01 3.50216478e-01
    -3.23652960e-02 -1.89501658e-01 -3.69096994e-01 1.38736761e+00
    1.18872499e+00 -5.05575120e-01 1.59010723e-01 7.62300640e-02
    1.53945005e+00 1.08144832e+00 2.80893624e-01 -2.03174710e-01
    8.02927196e-01 5.08981287e-01 5.35419226e-01 -1.10497639e-01
    1.04544841e-01 1.41457573e-01 2.21907258e-01 1.23487878e+00
    1.04687914e-01 -3.22910607e-01 6.06616616e-01 7.65357077e-01
    1.47326708e+00 -4.60320771e-01 -3.26523222e-02 -3.57542068e-01
    1.98905662e-01 7.86449313e-01 9.83463883e-01 3.10299486e-01
    7.57860422e-01 -4.65263247e-01 3.41274858e-01 -2.33916938e-01
    -2.50137657e-01 -3.65730524e-01 1.32966208e+00 8.63044441e-01
    -2.55790442e-01 1.23110855e+00 5.25051117e-01 2.84304351e-01
    -3.19231212e-01 1.50914446e-01 1.39616978e+00 -1.63303837e-02
    1.22976720e+00 1.71418577e-01 -2.23499909e-01 8.14970851e-01
    7.02343404e-01 1.15095794e+00 5.22317588e-02 -2.91911483e-01
    1.43932080e+00 -3.38428587e-01 2.18579337e-01 -3.65980476e-01
    1.06357062e+00 4.51197058e-01 -2.74898291e-01 2.25434750e-01
    4.02352422e-01 1.19411385e+00 -9.04635247e-03 9.42646265e-02
    1.08032846e+00 -3.81014526e-01 9.99311090e-01 4.75703716e-01
    6.54254735e-01 6.75515532e-01 6.70102537e-01 3.46812516e-01
    3.21546763e-01 2.20735431e-01 1.12123990e+00 9.59243417e-01
    -6.68787435e-02 3.31653625e-01 -3.99613917e-01 -3.83348197e-01
    1.50384450e+00 2.11754814e-02 4.12531346e-01 5.61801851e-01
    3.15893024e-01 7.03914106e-01 1.13212252e+00 2.72907227e-01
    1.18937445e+00 1.27588499e+00 1.19076574e+00 5.82655787e-01
    -4.31604572e-02 5.08112431e-01 1.09257615e+00 5.95465064e-01
    -1.71920774e-03 9.65077341e-01 1.10455871e+00 -1.59534097e-01
    4.48602170e-01 1.20580924e+00 6.06140852e-01 5.45875356e-02
    1.49515057e+00 -7.62221888e-02 -4.75423247e-01 9.04659390e-01
    4.61763650e-01 1.28700614e+00 1.19215393e+00 6.16524816e-01
    7.25265503e-01 8.68458748e-01 -2.33148292e-01 -1.37181327e-01
    4.59326029e-01 1.18183327e+00 1.14459169e+00 4.41374660e-01
    -1.11295119e-01 1.29798460e+00 6.76498234e-01 1.04202569e+00
    -3.42612118e-01 9.60225880e-01 6.82185173e-01 4.11179394e-01
    1.24493968e+00 6.75294399e-01 4.43032458e-02 -2.88066715e-01
    1.12740017e-01 6.67829454e-01 1.40881038e+00 -4.90681022e-01
    -4.87547033e-02 1.35718286e+00 5.38852930e-01 1.00911593e+00
    -2.68881619e-01 1.59636423e-01 1.04722011e+00 1.48762310e+00
    1.42492041e-01 3.87109071e-02 1.28225672e+00 8.92570198e-01
    5.58445275e-01 7.20069349e-01 -1.68352462e-02 1.31862044e+00
    1.48697865e+00 4.86100227e-01 6.29616261e-01 -3.80508676e-02
    -3.22556019e-01 1.55404925e-01 -3.54096144e-01 4.51371223e-01
    5.57820320e-01 8.95377517e-01 -3.33461076e-01 8.14630747e-01
    -2.95580655e-01 -8.94889757e-02 5.53249300e-01 2.44702175e-01
    7.53831491e-02 5.36448598e-01 -2.61569712e-02 1.39838457e-03
    9.78017390e-01 -3.30689639e-01 5.14131784e-01 1.23991191e+00
    1.28398073e+00 1.01974435e-01 -4.76210922e-01 -2.09213182e-01
    1.36140096e+00 2.45035753e-01 -2.90356278e-01 6.18839443e-01
    4.05345351e-01 7.95694649e-01 8.23243558e-01 1.12524129e-01
    5.79410732e-01 5.27823031e-01 5.29417753e-01 7.89354622e-01
    9.06874776e-01 1.00574410e+00 6.12081170e-01 5.69484904e-02
    -9.15970653e-03 7.63943642e-02 1.34557176e+00 1.16690838e+00
    -3.85832131e-01 1.93009134e-02 3.25879633e-01 8.46038461e-01
    6.20456696e-01 -4.53805566e-01 1.10433735e-01 1.19656324e+00
    1.09371793e+00 1.01694584e+00 4.58619088e-01 -2.35843718e-01
    4.18600380e-01 -3.77593845e-01 -9.46774334e-02 -4.69930246e-02
    1.31650820e-01 3.76609474e-01 -1.64715320e-01 1.39767897e+00
    1.31541586e+00 2.72106342e-02 -4.18927073e-01 1.08543324e+00
    9.40337360e-01 9.67855811e-01 -4.47933748e-02 -3.44665080e-01
    1.41607773e+00 1.16907942e+00 5.71212530e-01 1.02233958e+00
    8.83838594e-01 2.99856395e-01 -3.55983585e-01 1.01628637e+00
    1.05154502e+00 3.12008262e-01 2.61535972e-01 8.54872823e-01
    1.26241004e+00 -2.14918092e-01 1.27616167e+00 -3.19099963e-01
    1.31823170e+00 -3.97475332e-01 -4.56527233e-01 4.83440250e-01
    5.89613080e-01 1.46025896e-01 6.60093665e-01 1.03624618e+00
    3.14428300e-01 1.33207572e+00 6.83095157e-01 -3.06333959e-01
    -6.63749361e-03 -1.03959613e-01 7.48195291e-01 1.30957544e+00
    -1.68712512e-01 4.96585071e-01 1.47603655e+00 -2.66120225e-01
    1.10488176e+00 3.73129904e-01 1.56623617e-01 1.15194905e+00
    1.66759062e+00 1.36230123e+00 1.16298831e+00 1.28949392e+00
    -2.25511536e-01 7.93579459e-01 1.51742148e+00 4.33169842e-01
    2.78262198e-01 2.05160990e-01 -2.65626699e-01 -4.91570234e-01
    1.10434389e+00 -3.02084237e-01 8.00818324e-01 4.54577729e-02
    -3.32151085e-01 1.16468334e+00 2.39806190e-01 1.14035296e+00
    6.26589537e-01 1.31737983e+00 -1.58283755e-01 8.12453985e-01
    9.37947154e-01 1.33033562e+00 1.31879914e+00 1.05047122e-01
    -3.49436551e-01 -4.11293447e-01 2.05498397e-01 1.81732625e-02
    8.31042528e-01 1.44017255e+00 1.41588807e+00 5.44513524e-01
    1.01761445e-01 -2.27986261e-01 1.28689671e+00 6.85756087e-01
    6.13351643e-01 1.47921276e+00 1.35165179e+00 3.60653549e-02
    1.49113691e+00 7.19746768e-01 3.16949546e-01 -1.81674868e-01
    5.23973480e-02 1.19878225e-01 5.16045153e-01 2.62255639e-01
    1.43170035e+00 8.27338099e-02 3.01196784e-01 -4.02059495e-01
    1.24297893e+00 1.15183342e+00 5.26594698e-01 9.33369040e-01
    -4.39847231e-01 -2.98652560e-01 9.79679883e-01 2.13679552e-01
    -7.58361518e-02 -5.10375723e-02 -2.66190767e-01 1.29280865e+00
    1.31443632e+00 3.13048750e-01 -1.17308676e-01 -4.80629265e-01
    1.79965124e-02 -3.52808595e-01 2.85033226e-01 1.29724109e+00
    6.60149693e-01 -1.46468421e-02 -4.10323948e-01 -5.01500309e-01
    9.87545133e-01 1.36839926e+00 9.15168285e-01 -3.74993593e-01
    7.99073279e-03 1.47888935e+00 -1.17057897e-01 -5.24726044e-03
    4.54117268e-01 1.16580594e+00 1.07891750e+00 1.40255713e+00
    5.16243994e-01 1.69308662e-01 1.36865103e+00 -1.60129815e-01
    3.95243555e-01 -1.94918420e-02 1.11501002e+00 -1.67292491e-01
    1.27208149e+00 5.96033819e-02 -3.85979593e-01 -4.01401311e-01
    1.71701904e-04 2.70628482e-01 1.42552018e+00 9.47934449e-01
    7.06627309e-01 2.10104644e-01 2.03290567e-01 1.27637231e+00
    6.58583362e-03 1.44567573e+00 -2.24865526e-02 3.20833355e-01
    6.81065381e-01 4.62576628e-01 -3.98325741e-01 5.81449091e-01
    2.70059586e-01 -2.21938789e-01 7.21885800e-01 -4.48819101e-01
    9.58118618e-01 -6.83769211e-02 1.23905480e+00 4.54601794e-01
    5.86703300e-01 2.43181020e-01 1.06727347e-01 1.20955110e+00
    1.14423227e+00 6.05748653e-01 1.43218815e+00 7.11997151e-01
    8.51822197e-01 2.18765408e-01 -4.24766302e-01 5.81893563e-01
    1.42600620e+00 5.94275475e-01 1.29905081e+00 -7.92756006e-02
    4.66204613e-01 1.32073820e+00 1.34087288e+00 9.55665410e-01
    -4.58304942e-01 1.03872848e+00 -4.94362980e-01 2.86975026e-01
    1.27674520e+00 7.66923070e-01 1.11379755e+00 -7.89059475e-02
    7.19833434e-01 2.28942469e-01 3.73600692e-01 -4.07177985e-01
    4.42734122e-01 1.13059497e+00 3.56566131e-01 1.15243232e+00
    1.02554798e+00 1.37169099e+00 6.15772069e-01 4.58117574e-01
    -1.82022020e-01 -4.91372496e-01 6.04340494e-01 -1.60616219e-01
    5.05700231e-01 -1.40222192e-01 2.65722014e-02 9.08979356e-01
    -4.22788829e-01 3.92245263e-01 1.01697600e+00 1.09261072e+00
    3.15537810e-01 1.20324337e+00 1.48139513e+00 1.25825930e+00
    -1.16887517e-01 7.86760032e-01 1.99713469e-01 -3.99952620e-01
    1.41913640e+00 6.25025094e-01 9.93816495e-01 6.68968558e-02
    6.56082273e-01 1.04415202e+00 1.16670310e+00 1.48091614e+00
    -4.69013423e-01 -2.02643946e-01 -1.07772291e-01 1.07967043e+00
    1.29425430e+00 1.45769501e+00 1.47926068e+00 1.38274205e+00
    9.23903942e-01 6.79976821e-01 8.03212404e-01 3.04780398e-02
    5.21706223e-01 8.87564361e-01 1.23621091e-01 4.10264671e-01
    1.10618699e+00 1.27305698e+00 8.24431717e-01 -3.45335484e-01
    1.38369989e+00 -3.61149698e-01 1.45001486e-01 4.63938266e-01
    1.19049561e+00 -3.26093405e-01 1.08381987e+00 1.37999094e+00
    7.42379017e-03 6.95751071e-01 1.03115067e-01 1.21512878e+00
    3.41921270e-01 2.43388265e-01 -3.00932795e-01 3.28603126e-02
    1.12815630e+00 -3.36056650e-01 1.27537322e+00 8.72002125e-01
    3.12903017e-01 -3.87436658e-01 8.61832380e-01 1.07311010e+00
    6.44077778e-01 8.99137408e-02 -3.26292634e-01 7.39885688e-01
    9.14009392e-01 1.42686680e-01 1.09670436e+00 -2.28636071e-01
    4.82385427e-01 8.63241255e-02 8.62197697e-01 3.37056130e-01
    1.08148623e+00 1.68322718e+00 9.78851855e-01 1.56145310e-02
    9.72982287e-01 7.78810456e-02 9.14308429e-01 1.14093173e+00
    3.17753881e-01 -7.59980977e-02 1.30528957e-01 6.80602014e-01
    1.86230153e-01 7.82910347e-01 1.19114268e+00 -3.32602650e-01
    1.41288238e-02 1.87560394e-01 -3.66132557e-02 -6.17871210e-02
    8.63223150e-02 2.53424227e-01 -1.20925762e-01 7.84000814e-01
    8.95624280e-01 -2.96610326e-01 1.19730163e+00 1.17771566e+00
    1.02154803e+00 9.80033636e-01 1.06533134e+00 5.86921394e-01
    5.01790762e-01 5.29422164e-01 1.61856443e-01 2.43854485e-02
    1.26147532e+00 6.01165891e-01 1.38257873e+00 -3.38302970e-01
    1.08855307e+00 -2.34026298e-01 9.77013886e-01 1.27231979e+00
    -3.15499529e-02 1.33115280e+00 1.31094694e+00 7.65945539e-02
    -2.20806692e-02 3.95176768e-01 1.03117049e+00 1.39433920e+00
    1.19517076e+00 7.88981676e-01 1.12256742e+00 1.03836811e+00
    -2.96557754e-01 1.36514604e+00 1.48547864e+00 -1.89281821e-01
    1.44407880e+00 3.59277099e-01 3.18148524e-01 -3.09949815e-01
    -4.55544502e-01 4.58777815e-01 -4.14751440e-01 6.63530707e-01
    2.60403931e-01 1.35720491e+00 5.34916639e-01 6.95662796e-01
    3.39859098e-01 5.40324569e-01 9.75812614e-01 8.13763201e-01
    -2.29410663e-01 5.93722314e-02 3.60879600e-01 1.25450003e+00
    9.63826999e-02 -3.26235741e-01 9.65462863e-01 8.75378609e-01
    1.34761477e+00 9.88066673e-01 1.20068520e-01 1.04738903e+00
    4.65229869e-01 1.47538531e+00 1.71854673e-03 1.43193471e+00
    1.49673593e+00 4.30936992e-01 9.96099293e-01 1.02510655e+00
    5.95674574e-01 -3.56063247e-01 8.56649578e-02 -3.86492729e-01
    -2.02414289e-01 2.92475849e-01 -1.12336054e-01 -6.33708611e-02
    1.48495781e+00 8.24020922e-01 8.64221334e-01 8.95770788e-01
    1.13766658e+00 8.62184703e-01 5.26476622e-01 1.19709909e+00
    -1.75222620e-01 4.94870663e-01 5.40908337e-01 5.50521873e-02
    1.39081001e+00 4.89203036e-01 -8.65113661e-02 3.95110011e-01
    -4.14412469e-01 3.44835192e-01 1.30215931e+00 1.09509158e+00
    1.12013829e+00 7.12312937e-01 2.39984944e-01 -1.44773006e-01
    1.06522691e+00 4.82641965e-01 -3.13022912e-01 3.96232754e-01
    1.47659433e+00 -3.46476346e-01 1.41709149e-01 1.28507987e-01
    1.39813852e+00 8.55431497e-01 1.11928570e+00 -4.92635220e-01
    1.07889771e+00 6.48936555e-02 1.38701415e+00 3.68155092e-02
    5.37331581e-01 2.24230468e-01 5.02606519e-02 2.64757127e-01
    9.65238392e-01 1.20095658e+00 1.06415498e+00 -1.45607546e-01
    7.60473490e-01 8.13194871e-01 -1.83739170e-01 -3.42280507e-01
    -2.52690822e-01 1.15710199e+00 1.11971259e+00 1.26721942e+00
    6.16099179e-01 1.19704199e+00 4.93384600e-01 -2.37701476e-01
    9.20016989e-02 -2.82241195e-01 -2.02649254e-02 7.74853885e-01
    -5.04366815e-01 -2.90124983e-01 1.00456476e+00 9.90733802e-01
    8.40832412e-01 2.94197172e-01 1.20177314e-01 2.24756405e-01
    9.97583389e-01 7.78930068e-01 -4.23492551e-01 6.26745164e-01
    1.22458148e+00 1.03128290e+00 -3.87109667e-01 -2.00019777e-02
    8.91845763e-01 9.80275393e-01 -2.37834588e-01 2.93868154e-01
    1.35856688e+00 -1.42054453e-01 7.27440834e-01 9.90001738e-01
    -3.76775652e-01 6.51187658e-01 4.18207496e-01 1.13187468e+00
    1.25405622e+00 -2.39372060e-01 1.22089076e+00 -1.84420124e-01
    5.15752077e-01 -4.30298954e-01 -8.86390656e-02 7.02882886e-01
    -2.56681815e-02 9.65320110e-01 4.81536835e-01 3.86614949e-01
    -1.69831038e-01 -1.62598759e-01 9.11717176e-01 1.25388825e+00
    1.22484303e+00 -4.90391925e-02 8.89629126e-01 4.60553855e-01
    -1.98981881e-01 -1.33945063e-01 -4.16777521e-01 -4.14879352e-01
    4.52354550e-01 3.01345885e-01 2.83731908e-01 -7.27057829e-03
    -2.57305931e-02 1.02260780e+00 1.41744363e+00 1.25386846e+00
    1.42312634e+00 1.50632310e+00 1.05257869e+00 1.47593820e+00
    1.47968614e+00 -4.19031978e-01 1.15223873e+00 7.03100860e-01
    8.70501757e-01 1.00399697e+00 7.99079359e-01 1.02649915e+00
    -3.30563337e-02 2.46359766e-01 5.07859051e-01 5.62987506e-01
    1.43207633e+00 7.14545369e-01 9.04652536e-01 8.68269920e-01
    1.24528539e+00 8.70215833e-01 9.98616517e-01 4.31815892e-01
    -3.46102893e-01 8.67303073e-01 7.58657217e-01 1.26673055e+00
    1.32789940e-01 1.34580755e+00 2.92770714e-01 9.42053020e-01
    9.68364537e-01 1.57928836e+00 4.21694875e-01 8.25987160e-01
    1.02806973e+00 -1.78650126e-01 1.00625932e+00 4.49671119e-01
    1.33190644e+00 2.17334241e-01 4.78880733e-01 3.45387995e-01
    -1.47073781e-02 9.60126638e-01 2.29726024e-02 -1.96993232e-01
    4.40390825e-01 2.95879304e-01 -4.27021086e-01 9.84010398e-01
    8.94852221e-01 3.73598248e-01 1.47839916e+00 3.67314219e-01
    3.07855278e-01 1.28038704e+00 1.15045094e+00 4.45351362e-01
    1.01359451e+00 4.99314278e-01 9.48194861e-01 8.38563800e-01
    -1.49431020e-01 1.33699191e+00 4.46422786e-01 7.89542019e-01
    -1.73994049e-01 -2.32293949e-01 1.44262743e+00 4.15119410e-01
    2.76341349e-01 7.95841932e-01 4.80670005e-01 5.12543261e-01
    6.26838386e-01 -4.60274607e-01 1.27601445e+00 9.01052713e-01
    -2.74340332e-01 2.96139419e-01 2.24357739e-01 4.80764687e-01
    4.03095543e-01 1.00254357e+00 7.97247291e-01 -4.83837336e-01
    4.97537822e-01 8.87412667e-01 1.38336158e+00 4.01117325e-01
    5.55896461e-01 9.33407433e-03 7.52439260e-01 1.24453855e+00
    -1.10061623e-01 7.45724559e-01 1.01266479e+00 7.01890588e-01
    -8.19417909e-02 7.81521678e-01 1.24978042e+00 1.39685726e+00
    1.02631509e+00 -4.59252536e-01 1.64422750e-01 1.17526937e+00
    1.16970170e+00 -4.77819592e-02 4.58505452e-01 8.77287328e-01
    -2.35763386e-01 1.40442157e+00 1.05741262e+00 5.89447796e-01
    9.87751722e-01 3.26277167e-01 2.82481257e-02 1.44741559e+00
    9.36993718e-01 8.50410819e-01 1.18857706e+00 1.23733747e+00
    -3.00584763e-01 5.78453988e-02 9.50977623e-01 1.44818914e+00
    6.23808205e-01 7.38803968e-02 -5.93024679e-02 1.40056682e+00
    1.37141085e+00 2.49599621e-01 1.09318221e+00 1.29605758e+00
    1.07841587e+00 -3.97288948e-02 7.97522008e-01 -2.81226665e-01
    1.66510016e-01 1.01831412e+00 -3.58777016e-01 5.53924799e-01
    2.45614238e-02 1.04776013e+00 -2.37791151e-01 1.19168289e-01
    -4.69681412e-01 5.42285264e-01 9.29697096e-01 -2.66275555e-01
    6.32186532e-01 3.96881163e-01 5.32919355e-02 1.10291648e+00
    -2.74644583e-01 5.24767280e-01 1.13092470e+00 -2.28941903e-01
    9.24248472e-02 -3.38611752e-01 8.85904610e-01 6.59708202e-01
    8.56841505e-02 1.48041606e+00 -1.77792739e-02 8.81533206e-01
    -5.38596660e-02 1.47717607e+00 2.44335338e-01 9.86060262e-01
    1.14606237e+00 1.41489768e+00 3.40392232e-01 1.62961543e-01
    4.55362588e-01 -4.50034328e-02 -5.42496443e-02 1.14407897e+00
    1.44613171e+00 -4.91858989e-01 9.45761740e-01 9.50186253e-01
    -3.89333874e-01 -3.47369909e-01 1.05843365e+00 -4.66087043e-01
    1.42466760e+00 6.04058921e-01 2.42646217e-01 -2.06358228e-02
    7.66563475e-01 8.11985373e-01 1.68777600e-01 5.70507228e-01
    1.13556468e+00 -4.06426400e-01 8.18410754e-01 -4.10763204e-01
    1.10716009e+00 -1.18831500e-01 -1.07690662e-01 5.66544294e-01
    2.89218724e-01 1.08624613e+00 7.91294053e-02 4.97410744e-01
    2.59155650e-02 1.87338889e-01 1.03870511e+00 1.30145371e+00
    4.98203754e-01 1.40272820e+00 1.47330749e+00 8.42421591e-01
    -5.58217727e-02 8.56400728e-01 9.82539833e-01 1.42514801e+00
    1.37900019e+00 2.84912556e-01 7.32299566e-01 4.84181970e-01
    5.47928810e-01 8.93444642e-02 1.37703568e-01 7.81194627e-01
    -1.47330407e-02 2.41767287e-01 1.47593305e-01 -4.74743498e-03
    1.30373430e+00 -4.98865217e-01 1.09499824e+00 1.00000834e+00
    1.43169463e+00 5.61720669e-01 5.24801493e-01 1.49399161e-01
    1.01728904e+00 5.62241375e-01 1.34221876e+00 3.32934052e-01
    -4.78747517e-01 7.72606909e-01 1.01831424e+00 1.37715185e+00
    -2.31398255e-01 1.33861423e+00 8.86255205e-02 9.85979021e-01
    9.49876010e-01 -3.84602189e-01 -4.28185970e-01 5.74524999e-01
    3.37907039e-02 1.02327116e-01 1.92130297e-01 -2.57665962e-01
    1.24700880e+00 1.24235022e+00 -4.67859894e-01 5.94907165e-01
    4.68831509e-01 1.25068939e+00 5.13096035e-01 1.12559092e+00
    1.43218398e+00 -3.03356618e-01 -3.44275057e-01 4.39283401e-02
    1.19617045e+00 -5.04058540e-01 -1.28548667e-01 1.45182300e+00
    -4.24364328e-01 8.57925475e-01 1.27241647e+00 4.24469143e-01
    5.15402734e-01 9.75240618e-02 1.55585372e+00 8.06352437e-01
    1.49458528e+00 1.45695972e+00 1.43217170e+00 8.08301151e-01
    7.41120636e-01 1.02741206e+00 3.15247595e-01 -1.40592726e-02
    1.27336943e+00 1.13363528e+00 1.26872838e+00 7.87560582e-01
    6.51019275e-01 -4.20562565e-01 5.09713769e-01 1.12120950e+00
    5.19079387e-01 -1.67537212e-01 8.99720848e-01 -6.07933663e-02
    5.84706008e-01 7.93855906e-01 -2.88409531e-01 3.04049671e-01
    -2.71513492e-01 4.04285677e-02 8.28705966e-01 1.26064205e+00
    9.89212036e-01 1.22596848e+00 -2.03970596e-02 2.87521124e-01
    6.78399159e-03 5.90924978e-01 6.38578296e-01 1.28305972e+00
    1.13256955e+00 3.82518619e-01 3.53923023e-01 1.42050162e-01
    4.41639900e-01 -2.09204391e-01 7.20261633e-01 1.59509361e-01
    5.69791138e-01 6.23027802e-01 7.71607041e-01 1.25511336e+00
    4.97935534e-01 9.68950629e-01 1.15354872e+00 1.11482918e+00
    9.86824036e-01 1.80104736e-03 1.15849638e+00 8.29890490e-01
    1.03276801e+00 9.95718122e-01 7.05225170e-01 1.43548131e+00
    -1.53531045e-01 -1.59765109e-01 1.50683403e+00 1.13673234e+00
    4.08527642e-01 1.51288486e+00 7.75028050e-01 1.33692038e+00
    7.74729326e-02 5.40475726e-01 6.18620157e-01 7.09464490e-01
    2.46296510e-01 9.78696704e-01 -1.02090202e-01 -8.95047411e-02
    9.37636346e-02 2.74702877e-01 5.57870269e-01 2.93469906e-01
    1.16255617e+00 -1.53911576e-01 7.35884666e-01 1.04016490e-01
    2.31678635e-01 7.94875085e-01 7.67211318e-01 -1.47102894e-02
    4.62761432e-01 9.13673878e-01 -5.69752492e-02 3.65062170e-02
    -1.98471695e-01 6.97503209e-01 7.67598093e-01 1.27354726e-01
    3.22423249e-01 -3.31208587e-01 -3.07741940e-01 -1.55764073e-01
    1.30911195e+00 -3.24532181e-01 6.84514828e-03 1.22177553e+00
    6.51219726e-01 -1.96665376e-01 -1.98462028e-02 7.26811111e-01
    5.00227332e-01 9.87401903e-01 6.52457416e-01 5.46458140e-02
    4.00192797e-01 1.12876105e+00 3.10841441e-01 1.35646057e+00
    2.68459707e-01 9.07909989e-01 2.65102118e-01 1.39516068e+00
    1.03620660e+00 -2.15234444e-01 7.71300673e-01 3.21431249e-01
    7.19278395e-01 5.56697011e-01 1.28883684e+00 1.23956406e+00
    8.82140622e-02 8.63098860e-01 7.76925921e-01 1.08182001e+00
    9.73391533e-01 6.17872775e-01 1.20001948e+00 -4.22659189e-01
    9.02989089e-01 1.51339516e-01 8.81971180e-01 -4.94010299e-01
    6.08089864e-01 1.16655707e+00 7.12890029e-01 5.29089272e-02
    5.51171422e-01 1.17060184e+00 7.37952828e-01 -4.02836025e-01
    5.94448864e-01 -3.55352432e-01 -2.65271306e-01 9.19898093e-01
    1.45746648e+00 1.68440133e-01 1.40778768e+00 7.71840990e-01
    1.08052957e+00 9.07915533e-01 7.22874999e-02 7.07315326e-01
    7.31345654e-01 8.89024436e-01 1.31862521e+00 1.24580884e+00
    1.26374543e+00 9.90045130e-01 -2.08985299e-01 -2.88493097e-01
    6.57221794e-01 1.07738006e+00 8.47632527e-01 1.23747861e+00
    -3.25921103e-02 1.22111547e+00 1.01663613e+00 -2.15920791e-01
    -3.92966807e-01 1.17840326e+00 -3.32145482e-01 3.37016672e-01
    -2.95525789e-01 1.27078116e+00 9.23798203e-01 1.04813457e+00
    2.05177829e-01 -3.84596407e-01 8.60307753e-01 4.29689474e-02
    7.52271891e-01 -2.22884461e-01 4.41738695e-01 2.13112041e-01
    -2.18032017e-01 -2.41643652e-01 -2.73792177e-01 9.32588995e-01
    9.40141678e-01 -4.81306851e-01 1.47246003e+00 2.78618127e-01
    1.47398686e+00 4.84423101e-01 -2.49631464e-01 2.78549850e-01
    4.61663932e-01 1.37845647e+00 1.13332808e+00 7.17740953e-01
    1.54944271e-01 4.61321861e-01 1.06405497e+00 1.01839375e+00
    1.07741725e+00 1.42766023e+00 6.97137296e-01 -1.18812500e-02
    3.15655440e-01 -2.39347100e-01 9.34666991e-01 1.67746425e-01
    4.69586968e-01 2.44853981e-02 9.37191099e-02 -1.88022733e-01
    -6.86726421e-02 9.92944121e-01 1.35555148e+00 -4.56639588e-01
    -4.11367297e-01 1.02028799e+00 -2.60411352e-01 -2.28165314e-01
    5.39057851e-01 1.50798529e-01 1.27873981e+00 7.08607972e-01
    -4.20201272e-01 8.22228849e-01 4.53419238e-01 -3.74506474e-01
    -1.68134183e-01 4.59875286e-01 1.44483483e+00 5.92074513e-01
    6.88926101e-01 -2.95261234e-01 1.22245979e+00 -1.60951421e-01
    5.09224057e-01 1.14436448e+00 9.94262159e-01 1.51832962e+00
    1.15076435e+00 9.30360615e-01 3.29707652e-01 1.32137823e+00
    1.40454918e-02 1.31316334e-01 1.16501614e-01 9.75355625e-01
    1.43034649e+00 1.09875560e+00 1.20500457e+00 8.63884985e-01
    1.47223759e+00 8.10028374e-01 5.40058017e-01 2.82008708e-01
    1.47314239e+00 4.68162328e-01 2.23735288e-01 4.85688150e-01
    -3.24842632e-01 6.48255289e-01 7.88921177e-01 4.71825510e-01
    1.28787309e-01 6.87788799e-02 7.63402462e-01 -4.26508248e-01
    1.29662311e+00 1.87623903e-01 1.94863692e-01 -4.09091227e-02
    1.37103832e+00 4.91531521e-01 1.47015822e+00 1.07374251e+00
    -4.51116532e-01 -4.38866854e-01 9.42031503e-01 -1.71546549e-01
    -3.97192568e-01 -4.48875755e-01 1.11502528e+00 2.55770028e-01
    8.94574761e-01 -1.86613202e-01 4.43831116e-01 7.18551397e-01
    3.00990671e-01 2.08404079e-01 -4.19825077e-01 -1.05003163e-01
    6.42102957e-02 1.20831978e+00 -2.32031941e-01 3.81388277e-01
    -1.28638176e-02 3.00115556e-01 -4.56165433e-01 1.43638805e-01
    6.40135944e-01 1.43049848e+00 -7.52717927e-02 2.64446884e-01
    7.86423922e-01 -9.30281952e-02 2.00538024e-01 -2.17113912e-01
    1.00000560e+00 5.85158646e-01 -9.40164998e-02 5.81999719e-01
    1.08987164e+00 -3.53758574e-01 6.37260973e-01 -1.43643528e-01
    -3.99741679e-01 9.34113264e-01 9.83393610e-01 -2.84990817e-01
    7.69051075e-01 3.70610178e-01 -1.93801224e-01 -6.65364368e-03
    8.31320524e-01 -1.19429357e-01 1.08146584e+00 7.63412476e-01
    8.75723958e-02 -3.13200235e-01 1.10055484e-01 1.50607765e+00
    5.61221838e-01 2.66432345e-01 1.06856704e+00 6.72243953e-01
    1.42413330e+00 -1.26905710e-01 7.14086652e-01 -1.65956214e-01
    5.30236304e-01 2.31314898e-01 1.14967251e+00 -4.87806827e-01
    2.92949021e-01 -2.08374634e-01 1.39438856e+00 6.01965904e-01
    4.62669611e-01 3.67448121e-01 1.46252275e-01 8.03632319e-01
    6.41286314e-01 -3.82680058e-01 2.14672133e-01 1.28005469e+00
    6.20746687e-02 8.03589761e-01 4.55367267e-02 7.22137928e-01
    1.28595614e+00 1.14006722e+00 1.50482273e+00 5.31966746e-01
    -4.12591130e-01 -3.57574620e-03 6.96356237e-01 7.19802380e-01
    -4.47504111e-02 -2.47377511e-02 1.37616062e+00 7.99529135e-01
    -2.08870545e-01 1.08428705e+00 1.30342674e+00 1.00205958e+00
    -3.11313212e-01 1.03929651e+00 6.64133132e-01 1.95272058e-01
    -3.57991576e-01 -4.09060270e-01 9.24546182e-01 -3.16061556e-01
    4.55328882e-01 1.41000223e+00 -2.02460796e-01 8.48654091e-01
    -1.07623562e-01 4.28364396e-01 9.18321371e-01 1.45914268e+00
    3.59712660e-01 5.48689425e-01 -2.90003270e-01 4.80589867e-01
    -1.00708017e-02 4.03507710e-01 7.07324207e-01 8.51862490e-01
    -4.13056284e-01 -2.00959951e-01 3.03418636e-01 1.31901956e+00
    -1.85593814e-02 9.91887689e-01 1.19982815e+00 1.07364208e-01
    -5.59615642e-02 1.08161139e+00 5.82458436e-01 5.38624227e-01
    5.02182953e-02 -1.72776029e-01 1.12302887e+00 7.00791538e-01
    -4.06505764e-01 1.18530512e+00 9.76082742e-01 4.33311492e-01
    1.43877196e+00 6.36419237e-01 1.43095303e+00 1.02642572e+00
    4.00348663e-01 6.63595557e-01 3.31689000e-01 4.05625850e-01
    1.42070282e+00 -4.83116418e-01 7.57929027e-01 3.52493748e-02
    -3.76367062e-01 3.07806134e-01 6.40103340e-01 6.36264905e-02
    1.11484361e+00 1.43363261e+00 4.66389298e-01 1.18614411e+00
    1.16434562e+00 -1.17559776e-01 -1.39672443e-01 3.22391182e-01
    5.28232157e-01 1.10546541e+00 1.07395113e+00 1.35234225e+00
    4.84403282e-01 1.43220377e+00 -3.82719874e-01 8.89656126e-01
    9.89159793e-02 7.52270997e-01 1.12762797e+00 1.30583787e+00
    6.84712768e-01 5.70800416e-02 1.83849573e-01 1.47575033e+00
    -4.23780531e-02 2.37191960e-01 1.21697235e+00 5.49250543e-01
    1.52349189e-01 9.26521659e-01 -1.17884278e-01 5.67240477e-01
    7.01474309e-01 9.47657883e-01 7.44561255e-01 -7.41146803e-02
    1.14686191e+00 -1.90635026e-01 -3.64598691e-01 3.80511224e-01
    -1.67759866e-01 -1.74235493e-01 3.63079548e-01 1.00655770e+00
    7.95429707e-01 8.22328702e-02 1.47224560e-01 7.76208758e-01
    -3.34038615e-01 2.91788131e-01 1.09739769e+00 1.50151181e+00
    1.28961653e-01 1.22370172e+00 1.20905256e+00 4.21397567e-01
    1.14042766e-01 3.90413165e-01 1.37116349e+00 -1.38067022e-01
    -2.47374296e-01 3.12279731e-01 2.51685202e-01 -2.35238999e-01
    3.96793634e-01 5.10809243e-01 8.92948389e-01 1.43141699e+00
    1.03613806e+00 1.59854257e+00 -9.11898687e-02 2.25830391e-01
    3.87418985e-01 4.31666911e-01 1.20749438e+00 -3.79146129e-01
    1.28765798e+00 1.40238953e+00 -1.49500221e-01 4.91260439e-01
    1.17091525e+00 6.56015396e-01 -2.02387214e-01 8.92121077e-01
    4.87057000e-01 1.11132061e+00 -1.44199058e-01 1.02349079e+00
    1.43544924e+00 1.17010558e+00 1.23925591e+00 1.16310704e+00
    2.92795885e-04 1.38680553e+00 -2.06299379e-01 4.69971150e-02
    5.09718299e-01 1.75830752e-01 1.34868872e+00 1.30432630e+00
    -1.68493658e-01 -4.47928570e-02 -3.63352776e-01 1.32891035e+00
    1.34501636e+00 4.83577520e-01 -1.16728216e-01 4.86848384e-01
    1.86467823e-03 1.50491023e+00 -1.22114755e-01 3.19443822e-01
    8.88009891e-02 1.05787838e+00 -1.50500342e-01 2.99858153e-01
    -3.08261037e-01 1.04097068e+00 -2.74294227e-01 2.17156023e-01
    8.80833864e-01 5.79192102e-01 8.53022039e-02 1.40852988e+00
    1.12004197e+00 -3.98939341e-01 7.45930552e-01 6.07822597e-01
    4.03939694e-01 4.46190625e-01 1.20520544e+00 9.91788328e-01
    -2.80336767e-01 -5.49763590e-02 1.12625253e+00 3.67027670e-01
    7.28970051e-01 3.03945214e-01 2.69394636e-01 1.20097220e+00
    -4.81654197e-01 1.24049532e+00 8.16971123e-01 8.24069202e-01
    4.84699868e-02 1.21306038e+00 8.84473145e-01 -8.89186114e-02
    3.88605922e-01 9.93021905e-01 5.10899052e-02 -1.98116615e-01
    -4.52166975e-01 1.16960096e+00 6.64788544e-01 7.47807741e-01
    3.09070647e-01 9.56068188e-02 1.03707659e+00 1.03386176e+00
    -8.89397413e-02 6.45813704e-01 1.01609433e+00 9.68655229e-01
    6.93802685e-02 1.87181402e-02 2.77033955e-01 1.00633550e+00
    7.80078590e-01 4.11705077e-01 9.56406236e-01 3.93093616e-01
    3.10282052e-01 -2.84102410e-01 1.47245312e+00 1.14140975e+00
    1.26204550e-01 -9.52284262e-02 9.80548322e-01 1.06236434e+00
    1.25389683e+00 9.52131093e-01 2.42224023e-01 2.51169086e-01
    2.84539074e-01 1.01680338e+00 4.96097118e-01 4.05886084e-01
    1.05763900e+00 1.14250362e-01 9.97442678e-02 -3.53011727e-01
    -7.00158775e-02 7.04935014e-01 7.35877216e-01 8.09961498e-01
    7.40941525e-01 7.37563074e-01 -3.82209003e-01 1.18130887e+00
    1.14652872e+00 1.19980085e+00 -1.17136136e-01 -4.10950214e-01
    5.65384865e-01 -3.36150169e-01 4.25602384e-02 5.03875196e-01
    6.65481150e-01 6.65821135e-02 5.33593297e-01 2.00167432e-01
    2.05995545e-01 1.25096667e+00 1.01876402e+00 1.09832692e+00
    -3.28119844e-01 -4.65663463e-01 1.08128417e+00 2.84940694e-02
    -3.24653655e-01 9.71381485e-01 8.30683172e-01 4.86165673e-01
    -1.96581915e-01 3.60337645e-01 1.06857872e+00 1.07459748e+00
    3.39762449e-01 9.95653510e-01 6.75619245e-01 8.10854435e-01
    1.30519673e-01 4.74362314e-01 1.11973011e+00 1.33107960e+00
    1.34240699e+00 1.19988024e+00 7.45436847e-01 1.10939622e+00
    5.43339431e-01 4.25399899e-01 2.49664143e-01 1.68199196e-01
    6.78881109e-01 -3.84938329e-01 5.27310371e-01 8.65206182e-01
    8.53943527e-01 1.07295918e+00 4.88241374e-01 1.99759185e-01
    1.23079145e+00 -1.00874104e-01 1.07263505e+00 8.91280532e-01
    1.28277123e+00 -1.92038000e-01 -1.27949551e-01 -3.15291397e-02
    -2.61939943e-01 1.04011178e+00 4.96623486e-01 2.29816198e-01
    -2.22603947e-01 5.81659317e-01 8.65378201e-01 1.23530889e+00
    -2.10971504e-01 4.08669740e-01 -2.21478865e-02 2.92939037e-01
    1.46177948e+00 -2.79584914e-01 3.59016627e-01 -1.13403179e-01
    5.61171651e-01 -4.32555765e-01 4.92356867e-01 2.69865662e-01
    1.46061051e+00 2.52000839e-01 2.82905817e-01 5.72458565e-01
    2.06300095e-01 1.39840114e+00 9.21734571e-02 9.68379736e-01
    1.16950825e-01 -2.14399695e-01 2.29810119e-01 8.12596023e-01
    -3.94242197e-01 -6.97917938e-02 8.64065886e-01 1.52103806e+00
    -3.33367527e-01 8.82966518e-02 7.12624013e-01 -2.30689466e-01
    1.39729953e+00 1.32627821e+00 3.15466255e-01 -2.93036997e-01
    -7.56907836e-03 1.26806688e+00 -1.57067433e-01 9.84880090e-01
    -4.35230851e-01 -2.25556195e-01 2.67104924e-01 6.94334030e-01
    6.46366060e-01 1.39962423e+00 -3.76160920e-01 6.44518018e-01
    -3.89716417e-01 8.42446387e-01 -2.54948735e-01 5.66015303e-01
    4.50783700e-01 -2.83216566e-01 2.37549782e-01 2.38752812e-01
    1.41910553e+00 1.49975032e-01 9.93632227e-02 1.00366545e+00
    8.07681799e-01 9.61126745e-01 -3.98534983e-01 3.97590667e-01
    4.91620332e-01 2.94852972e-01 -3.59295130e-01 2.89209306e-01
    9.48385835e-01 2.53901929e-01 4.26445395e-01 1.42795599e+00
    7.30130494e-01 1.09038723e+00 -4.46810871e-01 1.12013564e-01
    1.01283503e+00 -6.46454841e-02 9.88843918e-01 -4.63979552e-03
    2.77010351e-01 3.96360755e-01 1.76785678e-01 -1.55519620e-02
    3.60635966e-01 2.48600855e-01 7.93120563e-01 6.62663102e-01
    3.16963553e-01 1.37816226e+00 -3.11980069e-01 2.41445929e-01
    9.04962659e-01 -4.13185284e-02 5.27540028e-01 -3.44931841e-01
    2.24515662e-01 5.43768942e-01 1.96550325e-01 1.30604947e+00
    3.77418101e-01 1.23694336e+00 9.06159170e-03 9.49068248e-01
    1.36884189e+00 9.19130504e-01 -3.83006603e-01 5.76534927e-01
    1.38392043e+00 1.46524441e+00 6.06168330e-01 1.28955841e+00
    -4.57731307e-01 5.50982319e-02 -8.10161531e-02 4.84460741e-01
    5.82479298e-01 -3.30186933e-01 -3.75458479e-01 1.27207386e+00
    7.80492663e-01 -4.01435643e-01 8.78094733e-01 -3.57252777e-01
    1.07177526e-01 -2.87678331e-01 4.00143832e-01 -1.30257577e-01
    4.89833683e-01 1.75688416e-01 8.38809669e-01 1.16808927e+00
    -4.92136389e-01 4.99725759e-01 -1.77068830e-01 5.71184039e-01
    7.34399378e-01 1.05730581e+00 1.14013267e+00 4.01704788e-01
    5.22106409e-01 4.77059901e-01 2.16838703e-01 1.07355964e+00
    1.30444920e+00 9.19707298e-01 8.70762706e-01 1.24849761e+00
    4.40315872e-01 2.02243090e-01 -1.57621130e-01 6.58630788e-01
    1.14677787e+00 9.23105180e-01 6.19429111e-01 4.79208112e-01
    -4.00682300e-01 3.04953754e-01 6.98812068e-01 1.04828062e-03
    -2.03674451e-01 1.37725055e-01 2.17967182e-01 9.03087080e-01
    1.19460881e+00 -5.98539822e-02 7.22035229e-01 1.93134770e-01
    -6.94247335e-02 4.49049026e-01 -1.17886178e-01 1.07956684e+00
    -4.97487068e-01 2.82346666e-01 -3.57224345e-01 5.76163352e-01
    1.23657048e+00 -3.65841351e-02 -2.09298939e-01 1.22393787e+00
    3.64189386e-01 5.21841884e-01 1.26799569e-01 -2.23290771e-01
    5.02563894e-01 8.77664164e-02 1.18939662e+00 1.15151024e+00
    2.31706724e-01 5.03033102e-01 2.54210383e-01 4.27432686e-01
    2.99843729e-01 1.40191591e+00 2.90077358e-01 7.70164371e-01
    2.56249070e-01 7.45634437e-01 -2.75769472e-01 -5.62056666e-03
    -2.83600837e-01 8.81269395e-01 9.61930573e-01 9.64758337e-01
    1.43133485e+00 6.73417524e-02 1.45663249e+00 1.26897037e+00
    -4.30577040e-01 5.05953193e-01 6.78579092e-01 1.42500472e+00
    -4.79986757e-01 -3.72976452e-01 2.83915251e-01 3.48305821e-01
    6.29238188e-02 -8.23616609e-02 1.05252290e+00 2.40008518e-01
    1.36948258e-01 9.82937038e-01 1.49309325e+00 1.01952136e+00
    3.27069432e-01 6.07487917e-01 1.03676423e-01 1.39201546e+00
    1.01551795e+00 -1.71732575e-01 4.50744331e-02 1.04093778e+00
    4.19838816e-01 -4.47851002e-01 1.35649729e+00 -4.78075475e-01
    7.56711841e-01 9.38611627e-01 7.93950796e-01 9.12206829e-01
    8.72965932e-01 1.91413850e-01 4.29773284e-03 1.39874351e+00
    4.50360060e-01 7.26663470e-01 7.05540061e-01 6.27047181e-01
    2.38678187e-01 6.62035406e-01 2.98620835e-02 7.33485043e-01
    -4.33111966e-01 1.01613021e+00 5.63818634e-01 4.98189777e-01
    8.20283115e-01 -2.94695050e-01 -2.03453645e-01 1.05328500e-01
    5.60100615e-01 1.18424380e+00 6.41948223e-01 2.44616717e-02
    9.23306644e-01 -2.03864783e-01 8.02222431e-01 -5.98546024e-03
    1.28439128e+00 1.44681168e+00 1.23956883e+00 -3.63281727e-01
    1.25224137e+00 -2.20013127e-01 4.80557233e-01 2.10958481e-01
    6.21975362e-01 -5.34439050e-02 -2.04029486e-01 1.91191271e-01
    3.33401084e-01 1.08475268e+00 1.13079429e-01 -1.79931834e-01
    -6.36038110e-02 5.01905084e-01 1.12347043e+00 -2.44666472e-01
    8.24797213e-01 9.06859994e-01 9.36556607e-02 -2.61324465e-01
    -1.12047009e-02 1.59160584e-01 3.00669670e-01 1.14201570e+00
    5.25449276e-01 6.18770480e-01 1.65628344e-01 1.12448251e+00
    -7.36078247e-02 3.61177847e-02 9.74814296e-01 2.71735579e-01
    -2.95426339e-01 8.62414241e-02 8.81293789e-02 6.77498937e-01
    1.30433917e+00 9.68451977e-01 1.31693399e+00 1.49128532e+00
    2.83366442e-01 1.41659367e+00 1.25534129e+00 2.40607858e-01
    -2.11952358e-01 1.47424304e+00 4.68087494e-01 1.03915656e+00
    5.19634366e-01 2.36857697e-01 1.39063823e+00 1.06696725e-01
    5.91392927e-02 1.50491643e+00 1.04991689e-01 -9.03772283e-03
    -1.56803593e-01 4.94538218e-01 5.47786415e-01 1.21129441e+00
    7.39829421e-01 -4.27255668e-02 9.69366968e-01 7.96700954e-01
    4.74091977e-01 -3.17430347e-01 1.38776994e+00 1.06546903e+00
    -2.57433563e-01 1.18949962e+00 1.22990859e+00 1.83421299e-01
    -2.22785786e-01 1.30800390e+00 8.00555587e-01 -1.36865415e-02
    4.97236282e-01 3.89784038e-01 -4.07618850e-01 5.73863924e-01
    1.19106281e+00 -4.01828915e-01 -4.51108307e-01 2.83253103e-01
    6.87879741e-01 1.54334828e-01 1.43735540e+00 8.39361548e-01
    1.39397240e+00 1.06308794e+00 1.22186327e+00 4.86325651e-01
    7.34830022e-01 9.21220705e-02 1.00148118e+00 1.09665680e+00
    9.78676006e-02 9.68024015e-01 9.41247463e-01 9.07961309e-01
    1.12366319e+00 -1.32892922e-01 3.66332352e-01 -2.84739286e-01
    4.28162992e-01 7.35905349e-01 6.95443749e-01 6.00895643e-01
    9.03603613e-01 -1.41894922e-01 1.53802946e-01 1.48585618e+00
    6.50079012e-01 -3.41542959e-01 1.43809080e+00 7.19447315e-01
    4.34125572e-01 -3.23224187e-01 -3.60341012e-01 1.24471581e+00
    4.39967811e-02 1.05431581e+00 -3.07428271e-01 5.48274398e-01
    7.05067039e-01 -2.00628862e-02 1.39299259e-01 8.52592766e-01
    1.35895538e+00 3.76527548e-01 7.14731693e-01 7.85023808e-01
    8.65357518e-01 8.98078144e-01 4.00632173e-01 7.91314662e-01
    5.15684903e-01 1.02727044e+00 1.16181219e+00 1.79946944e-02
    1.13303471e+00 7.49196187e-02 1.50821579e+00 6.20700359e-01
    -2.31511727e-01 1.48443788e-01 1.06160545e+00 8.52383524e-02
    2.14853153e-01 8.63731951e-02 1.49104387e-01 1.11824143e+00
    8.78356546e-02 1.27857804e-01 3.59879941e-01 1.45959187e+00
    7.70534217e-01 5.20637035e-01 4.38008577e-01 1.15209833e-01
    5.19114733e-01 -4.63513315e-01 8.98257971e-01 -4.09878373e-01
    1.83883429e-01 8.13123763e-01 2.82167524e-01 1.35087824e+00
    -3.26537639e-01 8.00644457e-02 5.66634774e-01 8.55367362e-01
    1.25131249e+00 4.57515806e-01 -1.06116891e-01 1.43489186e-02
    1.22482610e+00 -1.07323900e-01 -2.07628205e-01 -3.03699136e-01
    3.85607362e-01 -1.32729933e-01 -1.08167052e-01 8.95267010e-01
    1.11028779e+00 1.31585121e+00 5.85939109e-01 4.24355790e-02
    8.03784490e-01 1.74583837e-01 7.56453633e-01 1.49657238e+00
    5.13660312e-01 -2.50738025e-01 -1.64976880e-01 -3.36143613e-01
    8.11093986e-01 1.22566235e+00 1.31290451e-01 -3.03900570e-01
    -1.25669658e-01 1.10799178e-01 -2.75592357e-01 3.61234903e-01
    1.12722266e+00 1.19237077e+00 7.11489379e-01 1.43763649e+00
    1.44701862e+00 7.60787785e-01 1.15431607e+00 -3.74665797e-01
    1.03841352e+00 -2.72067398e-01 8.41432571e-01 5.91356874e-01
    1.94811285e-01 -4.92163241e-01 -1.65173367e-01 6.82665586e-01
    1.41711068e+00 1.33604169e+00 2.27623209e-01 -2.34739587e-01
    9.97574210e-01 6.26388311e-01 2.01848879e-01 9.82485890e-01
    8.60166013e-01 8.38435411e-01 -4.60617751e-01 2.99786091e-01
    -3.13426256e-01 -7.75504708e-02 3.87284577e-01 -2.28787869e-01
    4.62988675e-01 -1.18156876e-02 4.86311436e-01 1.46001422e+00
    -2.76813686e-01 -7.64441714e-02 9.47654173e-02 1.37155128e+00
    1.34514999e+00 -1.09678179e-01 1.45733976e+00 9.62189555e-01
    1.46527505e+00 1.10185027e+00 -1.01120427e-01 4.35269296e-01
    1.03509974e+00 -4.40423757e-01 5.64276993e-01 -6.92237467e-02
    5.30204475e-01 3.75080645e-01 -3.04965824e-01 1.20796084e+00
    -1.87358662e-01 1.22505414e+00 5.83804309e-01 1.10882032e+00
    7.53858387e-02 -1.56411141e-01 5.45051277e-01 1.38495147e+00
    -3.22433293e-01 1.03956556e+00 6.26626730e-01 1.17416143e+00
    7.00855553e-01 7.78725147e-01 -4.47737038e-01 7.08870947e-01
    7.36369252e-01 1.62510276e-01 1.04332399e+00 -1.63345411e-01
    1.15855658e+00 1.23386645e+00 1.18998957e+00 1.65296480e-01
    -2.53257841e-01 3.49025518e-01 3.45773280e-01 1.19626224e+00
    1.27231312e+00 1.13762355e+00 9.38653350e-01 1.26083171e+00
    1.54872394e+00 1.62572026e+00 8.09809148e-01 -1.84542373e-01
    3.48596185e-01 1.03970993e+00 1.57104218e+00 1.93069771e-01
    2.92509884e-01 -6.56394362e-02 5.19076347e-01 1.41614985e+00
    7.82538533e-01 3.30706418e-01 -2.19174013e-01 4.45548981e-01
    9.85884607e-01 -2.54765004e-01 1.04584396e+00 -2.24474430e-01
    2.59722888e-01 -1.97859600e-01 1.28867400e+00 1.27340567e+00
    1.35541260e+00 1.08675992e+00 -2.40277052e-01 1.06267154e+00
    1.32792309e-01 8.03845078e-02 5.06797433e-01 -2.29142755e-01
    1.64295107e-01 4.54186738e-01 1.21492112e+00 1.46570992e+00
    1.16907656e+00 -2.39246756e-01 -3.72754671e-02 1.09765899e+00
    1.49291933e+00 -3.78854692e-01 6.79817498e-01 2.57591635e-01
    -3.90924871e-01 -4.37487006e-01 -1.61255553e-01 4.82646704e-01
    -1.75359145e-01 -3.14768612e-01 9.43029225e-01 1.02731037e+00
    -4.75161254e-01 2.74871975e-01 9.16846916e-02 5.69486499e-01
    9.82295275e-01 6.69064760e-01 1.73249274e-01 -7.72635490e-02
    -3.93021643e-01 -4.02117491e-01 8.37888837e-01 -2.96406865e-01
    1.00475287e+00 1.26696241e+00 4.26362872e-01 6.14163354e-02
    1.91227362e-01 1.15621674e+00 -1.93181485e-01 7.85334587e-01
    6.20593786e-01 1.22535193e+00 -1.28442660e-01 9.66445446e-01
    1.01588465e-01 1.47130835e+00 2.57948011e-01 5.03980517e-01
    -2.69668341e-01 1.30805206e+00 4.84084427e-01 -2.21473575e-02
    -8.04657713e-02 -4.10014391e-02 2.95458496e-01 1.19727576e+00
    8.33285928e-01 6.99027181e-01 9.65540171e-01 1.44714618e+00
    1.20080435e+00 -2.95591503e-01 -3.22831869e-01 4.11475360e-01
    2.00233668e-01 6.65634274e-01 -3.02512884e-01 5.19104362e-01
    7.08507180e-01 -1.11872010e-01 2.71859109e-01 6.21536493e-01
    5.63818634e-01 5.33830822e-01 -2.90501952e-01 6.32093132e-01
    1.21650934e+00 6.41428649e-01 3.73625457e-01 -2.20926329e-01
    -2.18405440e-01 1.75240591e-01 5.54047972e-02 -3.70774448e-01
    1.49076283e+00 8.74596477e-01 7.38880813e-01 1.16139162e+00
    8.06124210e-01 7.61624694e-01 1.22511446e+00 3.92629802e-02
    9.14473414e-01 1.07794750e+00 1.34006560e+00 1.28272736e+00
    -1.36033431e-01 6.80409551e-01 6.82437956e-01 -2.97850221e-01
    1.76881962e-02 4.91286337e-01 4.54649150e-01 9.82791066e-01
    1.29689312e+00 5.72042882e-01 -2.79523492e-01 2.78983116e-01
    -2.05896109e-01 -4.81309861e-01 6.16547823e-01 1.17108238e+00
    1.09083140e+00 1.15764570e+00 1.87479511e-01 2.10892856e-01
    1.11937523e+00 -1.84685722e-01 7.60420635e-02 1.24596238e+00
    -4.33436453e-01 1.26770961e+00 1.49519825e+00 -1.28185004e-01
    -3.32567722e-01 6.23161197e-01 1.43311799e+00 4.42076832e-01
    -1.68390363e-01 1.37376034e+00 1.08413482e+00 9.93530214e-01
    4.27248776e-01 3.35305452e-01 9.31658447e-01 3.27571541e-01
    -4.47747201e-01 6.95282757e-01 2.62140214e-01 4.83143687e-01
    1.71351507e-01 9.11606312e-01 -2.73788840e-01 4.46176752e-02
    -5.16008854e-01 4.68191803e-01 1.98445618e-01 3.48347694e-01
    1.65548772e-01 1.45728469e+00 2.50620395e-01 5.47450222e-02
    1.43375480e+00 6.79682374e-01 7.14473248e-01 -4.69190568e-01
    2.76681066e-01 7.40222335e-01 1.41715497e-01 9.08582866e-01
    1.42894971e+00 1.34591842e+00 -4.73616749e-01 -3.53446990e-01
    7.74562299e-01 9.39479768e-01 1.19172144e+00 1.34928763e+00
    -1.79194257e-01 1.30896759e+00 8.18110287e-01 1.13082671e+00
    1.16274762e+00 5.56785107e-01 1.44692707e+00 1.43199492e+00
    8.54609430e-01 4.99828845e-01 -4.26633894e-01 -8.59060138e-03
    1.25133097e-01 1.02761757e+00 8.19582462e-01 1.49128127e+00
    -1.19017310e-01 -1.48956254e-01 1.42740476e+00 -2.04668283e-01
    1.30969882e+00 1.26623654e+00 1.39970851e+00 -3.63682777e-01
    5.80578506e-01 -2.05019861e-01 9.46603835e-01 1.00689203e-01
    1.44791925e+00 1.06171094e-01 -3.54453206e-01 -3.23731244e-01
    -2.46778756e-01 -2.04809174e-01 -4.60549921e-01 -1.78146526e-01
    4.93338645e-01 6.41232908e-01 1.05744648e+00 3.48298401e-02
    -2.28898749e-01 1.14774084e+00 1.48201799e+00 9.06684101e-01
    1.01423573e+00 2.86384523e-01 1.24063969e+00 1.02436590e+00
    3.10382664e-01 1.39876831e+00 -3.18208158e-01 1.16454685e+00
    7.91475534e-01 -1.47851482e-01 1.00287819e+00 1.03194797e+00
    1.11331224e+00 1.27397585e+00 1.47434378e+00 -1.34794086e-01
    1.34590495e+00 4.05531913e-01 2.87654877e-01 7.30180860e-01
    7.78922439e-01 -1.78016871e-01 5.02063692e-01 1.17831528e+00
    3.83549720e-01 2.56998658e-01 6.99726522e-01 6.06229752e-02
    -4.24774647e-01 3.38911414e-01 -5.36211617e-02 5.89900255e-01
    1.35631907e+00 5.94526827e-01 1.08400846e+00 1.49547207e+00
    1.39697099e+00 1.05637205e+00 -2.94786602e-01 1.43388593e+00
    3.66757512e-01 -1.83375571e-02 6.79635644e-01 1.39590725e-01
    -3.72688323e-01 1.18182576e+00 -1.15989663e-01 9.96413827e-01
    2.81647712e-01 -3.12438190e-01 3.68948251e-01 1.44553769e+00
    1.18003476e+00 1.34156454e+00 9.93719459e-01 1.13611627e+00
    4.32342380e-01 3.21819484e-01 7.92761520e-02 -2.93809354e-01
    3.47439736e-01 3.65290731e-01 1.07412195e+00 9.58011821e-02
    2.51134366e-01 1.40107036e+00 -1.20080724e-01 1.51204765e-01
    -4.27446187e-01 1.33475411e+00 6.94120705e-01 7.69273713e-02
    1.71405040e-02 4.20800805e-01 2.72676378e-01 -4.33637530e-01
    1.49046183e+00 1.02008247e+00 3.30121905e-01 -4.27816927e-01
    7.85806477e-01 -4.19489056e-01 -1.96881577e-01 -2.87427425e-01
    1.15715814e+00 2.52660424e-01 -8.25802982e-02 1.06859648e+00
    -3.74522448e-01 9.80753005e-01 4.01901156e-01 1.17818332e+00
    -4.57001835e-01 5.54924048e-02 -4.45741564e-01 1.95800997e-02
    -3.59226733e-01 9.25202221e-02 -3.32904607e-01 8.23312700e-01
    -1.06885945e-02 6.97332442e-01 9.33161825e-02 8.94412458e-01
    9.14619565e-01 -8.46191645e-02 -2.40811810e-01 8.11933875e-01
    7.64356196e-01 1.98867515e-01 1.08019316e+00 1.46761131e+00
    6.87537134e-01 7.34790415e-02 9.80706871e-01 -4.62847501e-01
    -1.30521908e-01 -3.25284362e-01 5.55558622e-01 1.37816632e+00
    1.47959805e+00 7.35886097e-01 1.47715211e+00 9.96890664e-01
    1.53915405e-01 1.01785994e+00 3.77410889e-01 4.07124311e-01
    7.71753490e-01 1.02472103e+00 -2.01258495e-01 2.94487387e-01
    7.79281139e-01 9.85891461e-01 -4.71544623e-01 1.17068708e+00
    8.01051736e-01 1.21359372e+00 1.41640639e+00 6.69531465e-01
    1.19246805e+00 1.47775388e+00 7.82381892e-02 1.98927894e-02
    -5.44413924e-02 8.17191541e-01 2.98517346e-01 5.96589483e-02
    7.67600775e-01 7.07866669e-01 1.37628424e+00 5.54393291e-01
    3.74198496e-01 1.22214615e+00 4.72201556e-01 9.71905291e-01
    5.39977729e-01 1.24359918e+00 -2.22744882e-01 4.04925078e-01
    1.14101863e+00 -1.34217784e-01 -4.59289044e-01 9.62044418e-01
    -4.48299587e-01 6.18918002e-01 1.49147975e+00 5.95710456e-01
    2.52243400e-01 1.09588909e+00 4.29279834e-01 1.78641215e-01
    1.32915092e+00 -2.20390603e-01 6.67694867e-01 5.44150285e-02
    -2.50337929e-01 -7.90497735e-02 -4.93406296e-01 1.42713177e+00
    2.93200493e-01 1.35215080e+00 8.19448054e-01 1.42944539e+00
    5.07105112e-01 9.34655905e-01 7.50951409e-01 2.68504769e-01
    1.33313358e+00 7.27220774e-01 4.02777225e-01 -9.84199494e-02
    -3.64409238e-01 1.39769793e+00 9.31274116e-01 1.13756657e+00
    5.02736449e-01 -4.10976678e-01 3.25362325e-01 1.09233916e+00
    5.48883557e-01 3.38402539e-01 5.39682329e-01 -3.43116432e-01
    7.60738134e-01 1.01013625e+00 6.80569947e-01 1.39752650e+00
    1.35465264e+00 1.48574352e-01 4.36732233e-01 8.68335783e-01
    1.37771869e+00 7.31379807e-01 6.52338982e-01 3.92919838e-01
    1.24233866e+00 1.57086357e-01 -3.60183939e-02 -3.48813504e-01
    -1.82668015e-01 1.28028631e+00 1.13340843e+00 -3.67104322e-01
    3.43722478e-02 -4.45161432e-01 2.18553588e-01 -4.77852225e-01
    -3.19483161e-01 5.92244923e-01 -7.64047876e-02 1.07203758e+00
    -1.48888424e-01 1.45867085e+00 3.55581224e-01 1.47398257e+00
    4.57683384e-01 -4.23690647e-01 5.57012439e-01 3.31708908e-01
    7.92384923e-01 4.48314816e-01 1.15747726e+00 1.74488008e-01
    1.52245665e+00 1.08725035e+00 7.62172699e-01 -3.98651302e-01
    2.60594189e-01 1.51712453e+00 1.23352706e+00 6.05553985e-01
    -4.72464383e-01 -3.10634166e-01 1.49787486e+00 1.18069506e+00
    2.81567693e-01 4.17771101e-01 1.05479360e+00 7.32311308e-01
    1.46187854e+00 -3.82434845e-01 -1.55356601e-01 4.24460262e-01
    7.36902297e-01 -3.52090806e-01 9.00304243e-02 -1.91524085e-02
    1.22693992e+00 3.10607970e-01 1.40554667e+00 4.76641774e-01
    3.29055667e-01 3.58632952e-01 5.61047912e-01 5.02780020e-01
    6.92811191e-01 6.89826071e-01 3.89243215e-01 1.48838925e+00
    -1.07724197e-01 1.09387112e+00 1.92438528e-01 -1.00179151e-01
    6.37759626e-01 9.30905521e-01 4.43329751e-01 -3.42964768e-01
    9.55360413e-01 -1.26781926e-01 -4.73104864e-01 1.33039582e+00
    4.58750874e-01 1.07924372e-01 -2.55632382e-02 1.20276320e+00
    1.90293685e-01 1.30093551e+00 1.07575202e+00 1.42451778e-01
    1.40873551e-01 4.80283707e-01 1.10419166e+00 1.01393513e-01
    1.41717935e+00 4.15907860e-01 5.38937986e-01 3.63360018e-01
    8.91626060e-01 8.38205159e-01 8.48227859e-01 -3.11701655e-01
    8.69807541e-01 9.80190694e-01 -5.49631976e-02 2.51515329e-01
    1.42292631e+00 1.29138887e+00 6.55092716e-01 -2.60381792e-02
    -8.65294635e-02 2.44569685e-02 1.33157635e+00 2.42471218e-01
    1.10908151e+00 9.34666097e-01 -1.48134604e-01 4.42655474e-01
    -4.35539126e-01 1.88063815e-01 6.71104491e-01 -2.33119607e-01
    2.94013411e-01 -3.80245566e-01 8.36460441e-02 8.63955259e-01
    -1.84645727e-01 2.63419449e-01 4.32940960e-01 7.58746415e-02
    2.26969384e-02 -2.60651648e-01 -2.30503872e-01 3.72724175e-01
    1.42984509e-01 7.49145865e-01 1.23927724e+00 1.80099741e-01
    2.85570472e-01 3.43436480e-01 -3.57958555e-01 1.25612408e-01
    -3.77532020e-02 8.14531505e-01 -3.76257598e-01 5.94572008e-01
    4.07047927e-01 3.82794917e-01 3.09085131e-01 9.24700797e-01
    -1.39129430e-01 9.18066919e-01 -3.08559269e-01 9.96263862e-01
    1.22155845e+00 3.59176919e-02 -3.36694241e-01 1.25582755e+00
    -2.26773322e-02 9.56183612e-01 8.87584090e-01 3.49130750e-01
    -4.14423853e-01 -3.49731356e-01 -2.96459228e-01 9.60230291e-01
    -3.81387830e-01 -3.30162495e-01 3.59466761e-01 2.78838396e-01
    1.09326899e+00 -3.71438533e-01 1.08515728e+00 -6.35537207e-02
    3.47624511e-01 1.32361031e+00 -3.17146927e-01 1.47584248e+00
    6.37601793e-01 2.91056842e-01 1.24501634e+00 -3.40631217e-01
    2.56219983e-01 -4.63203222e-01 9.03817892e-01 -3.49981457e-01
    -2.49522448e-01 4.95818496e-01 1.17516184e+00 4.27852273e-01
    9.31847453e-01 2.82663703e-01 4.10363585e-01 3.96595359e-01
    7.36242067e-03 3.13156903e-01 8.36088419e-01 1.50529355e-01
    1.12838852e+00 7.78917909e-01 1.13579023e+00 5.15693799e-02
    1.15614140e+00 6.60062075e-01 1.22446620e+00 -1.37512628e-02
    -3.25464636e-01 6.77610278e-01 7.23596275e-01 -7.82492943e-03
    1.29318583e+00 -1.20780781e-01 8.42155933e-01 6.71292916e-02
    -2.20803589e-01 2.51701802e-01 -1.38935834e-01 3.86832744e-01
    8.02392900e-01 -1.30628288e-01 1.08328402e+00 1.30546832e+00
    2.60416996e-02 -2.63979018e-01 1.37225294e+00 1.26023245e+00
    5.27159989e-01 4.95639920e-01 1.66164309e-01 -1.46386191e-01
    1.09453416e+00 8.69438529e-01 1.07383025e+00 5.49943410e-02
    3.91470641e-01 7.81687915e-01 2.30676189e-01 4.13974375e-01
    -1.02624498e-01 9.84170735e-01 1.22046769e+00 -4.30751592e-01
    2.73732454e-01 1.15148675e+00 4.34442967e-01 7.52049923e-01
    9.61992919e-01 1.16241586e+00 6.74576402e-01 -4.13804799e-01
    1.00922120e+00 -3.23813856e-01 4.31415677e-01 1.11849689e+00
    5.00295520e-01 9.78106439e-01 -3.04051965e-01 -4.77261126e-01
    7.76920080e-01 1.16282547e+00 6.92468226e-01 -3.03486884e-01
    5.72416842e-01 3.06394309e-01 -4.57215786e-01 3.16405684e-01
    4.92924184e-01 -1.75570488e-01 4.73797172e-01 3.86329651e-01
    7.26002157e-01 1.21054494e+00 1.38052022e+00 1.28026927e+00
    1.25321603e+00 7.92297482e-01 2.77094424e-01 6.51534081e-01
    3.91176641e-01 4.32083905e-01 -1.13604873e-01 -1.48353875e-01
    -2.36939162e-01 1.41099095e+00 1.09434366e+00 1.06437027e+00
    7.81832457e-01 4.57168221e-01 -3.03258121e-01 6.93525553e-01
    9.66118157e-01 6.53623231e-03 -4.62371826e-01 1.23502874e+00
    1.40564001e+00 -2.84937322e-01 5.29332876e-01 -4.61716115e-01
    -4.06786472e-01 8.38324547e-01 1.07773554e+00 -3.39230090e-01
    -1.37054384e-01 1.22948968e+00 -8.61393064e-02 -1.30486265e-01
    6.25814348e-02 4.87472177e-01 2.78519131e-02 1.17874980e+00
    1.40465343e+00 1.22547710e+00 1.42934465e+00 2.12842360e-01
    1.28405154e-01 -1.08393759e-01 1.46282697e+00 6.50931060e-01
    1.01760709e+00 2.14028060e-01 -2.73446798e-01 9.34779465e-01
    -4.22048755e-02 8.14493835e-01 1.11142528e+00 -2.09820867e-01
    1.01842165e+00 1.39041102e+00 2.09271193e-01 1.16002834e+00
    7.71432936e-01 4.63992178e-01 6.08163178e-01 4.28731948e-01
    7.93467522e-01 -1.28389284e-01 -3.69305372e-01 -4.70543027e-01
    6.30307853e-01 9.09251451e-01 1.34614396e+00 1.17070663e+00
    -3.72347027e-01 -2.93802828e-01 3.87009054e-01 5.54771483e-01
    -4.26992634e-03 1.15976191e+00 1.13294196e+00 1.14100492e+00
    -2.96017170e-01 1.02551007e+00 1.53722644e-01 4.54654425e-01
    -7.11756339e-03 9.79365289e-01 8.19413662e-01 4.98221576e-01
    9.03713107e-01 1.33715415e+00 8.80150318e-01 5.27887523e-01
    -1.88463375e-01 1.34461081e+00 4.91256744e-01 1.26713908e+00
    2.73708683e-02 -3.35647851e-01 5.51570468e-02 1.28129840e+00
    1.31663609e+00 7.62403607e-02 6.06265187e-01 -2.48717412e-01
    6.96412027e-01 4.68739986e-01 -4.61588651e-01 1.37164164e+00
    7.00069070e-01 4.88569915e-01 9.30675864e-02 5.63663781e-01
    -3.62520546e-01 7.50070393e-01 3.83000433e-01 1.19446504e+00
    9.99021053e-01 1.47482669e+00 9.02381241e-01 -3.33252624e-02
    9.27138329e-01 1.42931712e+00 1.32996547e+00 1.13686574e+00
    3.00176889e-01 1.09190345e+00 5.96775830e-01 -1.62376128e-02
    7.90268958e-01 -3.13828409e-01 -5.53046539e-02 1.30537927e+00
    6.26414036e-03 7.61933684e-01 -2.06495062e-01 -2.04159513e-01
    1.87218681e-01 2.71727890e-01 2.43749283e-02 7.94597208e-01
    8.78044248e-01 -2.24367678e-01 8.52046072e-01 -3.40865761e-01
    1.25635552e+00 -5.06738015e-02 1.49158943e+00 9.55307603e-01
    8.87295306e-01 2.83003807e-01 -5.92174865e-02 8.31484616e-01
    -3.58142138e-01 6.97580576e-01 -5.02938747e-01 -2.42554501e-01
    -5.09502053e-01 1.19583869e+00 9.99444067e-01 -3.76075953e-01
    1.28492737e+00 4.38291967e-01 -5.29494099e-02 6.71928972e-02
    6.53533936e-02 -3.53603423e-01 6.78129911e-01 -3.41549695e-01
    1.10386324e+00 2.74584681e-01 1.34790111e+00 1.70824185e-01
    8.15848261e-02 5.65019071e-01 1.45029402e+00 5.15103936e-01
    -1.45392373e-01 -2.57550597e-01 9.43755150e-01 8.77824783e-01
    1.39584625e+00 1.35846257e+00 1.47888064e+00 4.55404639e-01
    1.08152068e+00 1.26574099e+00 1.33339989e+00 1.16116333e+00
    -9.00532454e-02 2.83238381e-01 9.28890333e-03 -1.40445888e-01
    5.62754810e-01 1.06800723e+00 -1.59463257e-01 7.02926368e-02
    -6.75586006e-03 7.75127232e-01 8.76182139e-01 1.54944837e-01
    1.26286221e+00 -3.86845678e-01 2.57668436e-01 1.10797286e+00
    -4.72901642e-01 -3.49912256e-01 8.17889750e-01 8.65450203e-01
    -1.32975038e-02 1.41749775e+00 9.84165192e-01 7.60904193e-01
    -1.92736864e-01 1.22375679e+00 2.34207571e-01 9.12917793e-01
    7.43755341e-01 1.02089143e+00 -2.04520583e-01 2.97549605e-01
    1.56708166e-01 -3.63530755e-01 1.05943644e+00 9.58764434e-01
    1.38261354e+00 1.07865930e+00 8.66237938e-01 1.01459932e+00
    -5.67619652e-02 1.22622669e+00 -1.53682604e-01 1.19251883e+00
    6.98301792e-02 1.27298045e+00 9.10761833e-01 1.22513866e+00
    -6.43915869e-03 2.50968635e-01 2.84981370e-01 2.06570476e-01
    -3.52524877e-01 -9.58256721e-02 9.39767063e-01 3.97007018e-02
    -3.09519231e-01 -3.63545716e-02 1.47098076e+00 1.08835483e+00
    -3.68002176e-01 5.54341078e-01 6.51540101e-01 9.16050673e-01
    6.84775651e-01 -3.17201406e-01 5.51986814e-01 4.89693135e-01
    8.55508208e-01 7.01111257e-01 9.76708353e-01 4.34426546e-01
    1.34111643e+00 -5.85737713e-02 1.26948440e+00 1.17931235e+00
    1.31774461e+00 1.29424775e+00 -3.75907093e-01 1.58130676e-01
    8.87574971e-01 9.75555301e-01 1.10169268e+00 -2.16134757e-01
    3.80461037e-01 -3.66168648e-01 1.12271273e+00 -2.67484725e-01
    4.09699008e-02 1.20651722e+00 3.41158181e-01 -3.49667728e-01
    1.51234353e+00 1.01503886e-01 1.06321788e+00 5.57402195e-03
    4.73773777e-01 1.11868525e+00 1.14505148e+00 6.63176358e-01
    1.49066842e+00 -1.17816485e-01 1.19041646e+00 6.85356617e-01
    7.64394462e-01 1.11964643e+00 -3.22280228e-01 -2.35967532e-01
    3.81390274e-01 -3.44948351e-01 4.71521556e-01 -2.06280977e-01
    2.14358255e-01 1.28968871e+00 1.11642540e+00 8.02074492e-01
    5.48625052e-01 1.01658094e+00 1.11488652e+00 7.41853058e-01
    1.69984484e-03 1.27280796e+00 -9.87735167e-02 5.34049571e-01
    1.07801783e+00 -1.70164138e-01 7.72777438e-01 1.37958992e+00
    2.49632239e-01 1.19279957e+00 1.33549070e+00 1.26252699e+00
    1.45094323e+00 7.17857122e-01 1.34806812e+00 9.09928620e-01
    -1.64610833e-01 7.40106225e-01 1.05674291e+00 8.58231485e-01
    3.84053379e-01 -8.26907307e-02 6.86191618e-01 4.49716628e-01
    2.60256678e-01 2.70918220e-01 4.53246027e-01 1.05309749e+00
    -3.04937568e-02 -4.76732552e-01 -4.32492644e-02 1.01168454e+00
    7.61066258e-01 7.59700239e-01 2.74539113e-01 7.66370654e-01
    7.07052946e-01 1.08286393e+00 3.94070506e-01 -1.10760026e-01
    2.13987544e-01 9.14457619e-01 9.27546024e-01 1.48756814e+00
    -3.89272839e-01 8.18778500e-02 -1.14539199e-01 1.38952696e+00
    7.65976846e-01 -4.65121597e-01 -3.27585369e-01 1.20230341e+00
    6.13922834e-01 -1.48917153e-01 -1.28584415e-01 4.31581974e-01
    2.22542912e-01 1.16132557e+00 4.70124871e-01 4.64629799e-01
    6.94510758e-01 -4.13570613e-01 1.45034501e-02 1.20528007e+00
    -2.26848781e-01 1.38921356e+00 4.00762051e-01 1.40226960e-01
    1.37482119e+00 3.77101064e-01 -5.45745157e-02 7.72919714e-01
    1.39906347e+00 -2.34354049e-01 1.92004591e-01 7.15561211e-01
    1.12599111e+00 1.13527164e-01 2.92363882e-01 6.04680657e-01
    4.89604384e-01 -2.84823149e-01 7.77376473e-01 -3.87082323e-02
    9.28343654e-01 1.02238035e+00 7.57003902e-03 -2.67071515e-01
    1.33844662e+00 1.16696393e+00 1.13017225e+00 -2.16351703e-01
    1.45030105e+00 6.13424361e-01 4.85494882e-01 -3.07231784e-01
    -4.72008556e-01 3.63847949e-02 9.07872140e-01 9.55203474e-01
    1.12742937e+00 1.29925108e+00 -4.98423904e-01 4.31184828e-01
    -1.67814121e-01 1.47576284e+00 1.43193054e+00 2.50781536e-01
    4.15736318e-01 -2.15477213e-01 -2.70351231e-01 4.94211465e-01
    -5.24668336e-01 8.03273797e-01 -1.15069948e-01 1.07946265e+00
    5.86306095e-01 7.95043409e-02 6.22183859e-01 8.19205284e-01
    -1.29529461e-01 3.25952739e-01 1.20231822e-01 5.49018383e-01
    -4.53508735e-01 8.08411419e-01 9.77252662e-01 -2.94395626e-01
    1.37314737e+00 1.12464321e+00 1.46911013e+00 -1.86180979e-01
    5.03206313e-01 -2.56820908e-03 6.86826259e-02 1.03638984e-01
    2.06931233e-01 2.66408384e-01 1.50046790e+00 9.70120668e-01
    1.31454885e+00 8.36938143e-01 -2.02865466e-01 2.40127563e-01
    2.42235325e-02 1.02122223e+00 4.90198225e-01 -3.10706198e-01
    1.11182249e+00 1.04498994e+00 -3.28025281e-01 3.57093334e-01
    -1.07850246e-02 -3.69975716e-01 6.25257492e-01 3.56625229e-01
    2.93891102e-01 7.28027463e-01 1.35658789e+00 5.67653179e-01
    1.41690409e+00 1.45969439e+00 7.58586466e-01 1.16489637e+00
    -3.20823371e-01 4.30776417e-01 4.09551919e-01 1.08784580e+00
    5.55202425e-01 6.94639325e-01 2.18515813e-01 9.58489954e-01
    5.16749501e-01 3.26381862e-01 9.46723402e-01 -4.27491128e-01
    1.06455135e+00 6.23484850e-01 -5.00110149e-01 1.99069846e-02
    2.91158974e-01 1.02790105e+00 1.17974508e+00 -2.11848244e-02
    6.70636147e-02 1.19317412e+00 7.66553998e-01 8.32715571e-01
    1.65954873e-01 -4.63016331e-02 3.73434365e-01 2.24408150e-01
    3.94563437e-01 1.37334669e+00 -2.21303567e-01 4.65276003e-01
    1.26380765e+00 9.31217730e-01 3.35402280e-01 1.34472096e+00
    1.49981880e+00 7.76818991e-01 8.00910771e-01 -3.12725246e-01
    8.33960101e-02 1.07469511e+00 4.08494771e-01 1.09680556e-01
    1.46433485e+00 6.02970064e-01 7.73369908e-01 4.73533809e-01
    1.20571899e+00 8.71356845e-01 7.27790713e-01 6.51910305e-01
    1.41632473e+00 4.86000478e-01 7.54515529e-01 -2.68394619e-01
    1.24755669e+00 1.50306284e+00 -2.33516008e-01 6.42765820e-01
    1.06023324e+00 8.55548322e-01 4.82071847e-01 -2.54530668e-01
    6.05195880e-01 -6.19632937e-02 -4.27515209e-01 9.21702445e-01
    1.76008046e-02 4.36304331e-01 9.35276687e-01 3.10976118e-01
    1.50369310e+00 1.21213722e+00 6.74745381e-01 1.23875368e+00
    8.03588808e-01 9.05931294e-01 -2.11404130e-01 5.70206493e-02
    1.09143102e+00 8.79767060e-01 1.28949761e-01 3.62266511e-01
    -2.85199910e-01 4.82261747e-01 -5.81767559e-02 7.05225021e-02
    7.59794652e-01 1.62049830e+00 1.68918800e-02 1.11227167e+00
    6.67521238e-01 1.40780711e+00 9.41591442e-01 1.16726145e-01
    5.96313775e-01 7.26592660e-01 -3.43151629e-01 2.44768783e-02
    -4.86875512e-02 -1.39611796e-01 1.21873236e+00 1.47733736e+00
    1.10836971e+00 1.07761121e+00 1.40785706e+00 4.91947025e-01
    7.97761559e-01 1.38728237e+00 -8.97661038e-03 1.29502165e+00
    1.96741179e-01 -3.67136598e-01 4.47246879e-01 6.23333454e-01
    3.71501744e-01 1.72043517e-01 9.39862430e-01 4.50664937e-01
    2.46307045e-01 4.77796972e-01 1.23720145e+00 7.57002592e-01
    -2.06035361e-01 3.62431079e-01 6.81546390e-01 1.31020486e+00
    6.06838167e-01 8.86769474e-01 1.25801539e+00 1.02470374e+00
    -1.01860464e-01 -4.78724986e-01 1.12155056e+00 -2.25546286e-01
    1.43797266e+00 6.73418522e-01 3.59778792e-01 -1.95894837e-01
    1.28362465e+00 1.25166148e-01 1.41163135e+00 3.25794846e-01
    1.34182155e-01 1.37345684e+00 1.02995002e+00 4.71966624e-01
    -3.11615556e-01 -4.31200027e-01 2.62845576e-01 -3.95101279e-01
    2.87863702e-01 1.20850337e+00 2.01014683e-01 1.08313096e+00
    1.47646332e+00 1.49499202e+00 4.19461764e-02 -1.97450556e-02
    7.82141328e-01 2.59432077e-01 1.00688100e+00 8.07756484e-01
    6.22680783e-01 -1.28560483e-01 6.99587047e-01 7.93492913e-01
    -4.79000419e-01 -1.88378200e-01 -7.26049840e-02 -7.65592232e-02
    3.68269295e-01 4.58608195e-02 7.30091870e-01 4.55100536e-02
    -1.43846080e-01 1.40530252e+00 6.45239353e-01 -1.93524003e-01
    -8.72245878e-02 1.41130194e-01 1.34419537e+00 4.24880296e-01
    -3.62452865e-02 4.83724922e-01 1.04127991e+00 1.43617675e-01
    1.10302603e+00 6.92192435e-01 -4.21116054e-01 1.96915388e-01
    9.63732839e-01 1.05525565e+00 -1.72555581e-01 1.27511203e+00
    8.23931158e-01 1.16684449e+00 1.49467606e-02 4.65751082e-01
    9.16496754e-01 1.31848872e-01 1.25482941e+00 2.21460253e-01
    1.22860980e+00 7.99419761e-01 1.11585066e-01 7.18160272e-01
    -4.84426409e-01 1.06163308e-01 -2.73430273e-02 7.62883544e-01
    2.77450144e-01 1.06860995e+00 6.66736305e-01 -3.96176994e-01
    -1.89567745e-01 8.43647897e-01 3.48039538e-01 1.33632785e-02
    1.18470311e+00 5.17421663e-01 6.95602953e-01 7.19059169e-01
    1.11658168e+00 -1.12079255e-01 1.23143995e+00 4.60500121e-01
    8.95773649e-01 9.25837517e-01 7.10666716e-01 2.04685569e-01
    3.52817088e-01 1.08708131e+00 1.99469313e-01 1.22655943e-01
    -3.10391098e-01 1.00164557e+00 8.31469595e-01 -3.04483324e-01
    4.62013990e-01 1.18326700e+00 1.00398183e+00 1.10458302e+00
    3.81619960e-01 8.35688114e-01 6.86613083e-01 1.29516095e-01
    1.43937945e+00 3.23652029e-01 1.39261770e+00 7.63946295e-01
    5.55956841e-01 9.38661158e-01 1.82031542e-02 1.35809624e+00
    1.97974339e-01 -4.56596375e-01 6.87946379e-01 -3.90116006e-01
    1.01562691e+00 1.04865885e+00 8.66796523e-02 1.09869055e-01
    3.98284048e-01 7.72747755e-01 -1.47095859e-01 6.15193009e-01
    1.36704803e+00 9.06507492e-01 7.96928763e-01 1.23738980e+00
    8.29247653e-01 1.81156576e-01 1.14132261e+00 1.75176859e-02
    1.41700256e+00 1.31507143e-01 1.37692261e+00 -2.06585303e-01
    4.13601488e-01 -2.91165620e-01 8.62769544e-01 1.38631213e+00
    5.72752297e-01 1.94065541e-01 1.94274738e-01 1.92447528e-01
    -3.02696198e-01 7.02420354e-01 -4.44815844e-01 -1.05153315e-01
    1.05393195e+00 5.80898762e-01 6.67947471e-01 4.42358494e-01
    -2.93413073e-01 8.44435036e-01 8.32466424e-01 2.61862665e-01
    9.94049758e-02 1.63845822e-01 9.41091776e-01 4.50370871e-02
    9.90016699e-01 7.97645569e-01 3.62567574e-01 5.35700750e-03
    5.79972982e-01 9.90764141e-01 5.56851566e-01 -2.46093288e-01
    4.71537381e-01 -6.82544187e-02 1.00648355e+00 1.06669128e+00
    4.04600233e-01 1.41250992e+00 2.33564340e-02 6.41141891e-01
    1.00311816e+00 3.39553773e-01 -7.25254491e-02 -3.14190120e-01
    1.09484529e+00 1.07165530e-01 1.05219054e+00 1.12014823e-01
    8.87970507e-01 3.84564213e-02 -1.95349559e-01 -2.51694947e-01
    -4.37552899e-01 3.72113317e-01 1.20235407e+00 -6.62872046e-02
    7.89774656e-01 1.23444211e+00 1.12396014e+00 -2.91155696e-01
    -1.34414524e-01 5.98074913e-01 7.44937658e-01 1.97076976e-01
    2.65433848e-01 -1.52477250e-01 1.28465462e+00 3.65606427e-01
    6.26911372e-02 1.57241881e+00 -2.41175681e-01 4.08087641e-01
    6.62608564e-01 1.21262741e+00 -2.63622582e-01 9.52360570e-01
    1.31519711e+00 4.46190029e-01 9.46529806e-01 1.35660005e+00
    -4.91563886e-01 1.00321090e+00 -2.43602976e-01 4.24150795e-01
    2.33846158e-01 -1.09232560e-01 1.18594877e-01 -2.85483390e-01
    7.84746706e-01 1.09544075e+00 3.30906510e-01 2.35724181e-01
    -4.50053900e-01 6.24751933e-02 5.02105474e-01 1.39940262e+00
    -2.88307909e-02 7.48555660e-01 1.34451163e+00 6.81778073e-01
    1.12610972e+00 1.93115905e-01 6.26581073e-01 1.19258785e+00
    2.51471639e-01 1.10574698e+00 -1.13094091e-01 -6.32172748e-02
    3.13034952e-01 1.79934546e-01 5.92584491e-01 5.49844652e-02
    -1.03780955e-01 -1.50422812e-01 1.42469692e+00 2.86722004e-01
    -1.29688874e-01 7.54553914e-01 6.34795845e-01 -1.67566091e-01
    4.07879025e-01 5.19490898e-01 5.58508575e-01 5.41460574e-01
    1.20650518e+00 -3.56271654e-01 4.21830595e-01 1.18208337e+00
    2.58048922e-01 6.37966990e-01 8.88560057e-01 5.87375760e-01
    -3.29260677e-01 -5.34240119e-02 1.22869350e-01 -4.98918593e-01
    4.73750800e-01 -2.56157905e-01 9.25355196e-01 -3.09560359e-01
    1.04969978e+00 3.93300742e-01 7.73663580e-01 1.26410091e+00
    1.21741557e+00 1.40222096e+00 -7.70186931e-02 7.31472671e-01
    1.02245927e+00 1.37388378e-01 -2.83501029e-01 1.30964589e+00
    -3.50872055e-02 -3.80542696e-01 8.12669396e-01 6.11372471e-01
    2.85080671e-01 5.39157212e-01 6.74397290e-01 8.52224112e-01
    3.89601558e-01 1.18611109e+00 6.20652080e-01 3.83357286e-01
    5.87456405e-01 5.24707362e-02 1.40000522e+00 -4.77978736e-01
    1.39398980e+00 -5.20245671e-01 7.65378177e-01 5.27738512e-01
    9.69336629e-01 5.48777461e-01 8.57375741e-01 -7.30901062e-02
    1.30814886e+00 1.16788340e+00 -8.76642689e-02 -2.65417218e-01
    -4.47824031e-01 9.51361299e-01 1.46102309e+00 8.59947801e-01
    1.26066649e+00 2.24892706e-01 -1.64768904e-01 6.77102625e-01
    7.30716825e-01 -3.47745344e-02 5.02474427e-01 9.85827386e-01
    1.00662947e+00 1.17190742e+00 5.23276746e-01 -2.60701895e-01
    -7.97000453e-02 2.04178825e-01 -3.86975855e-01 1.32620513e-01
    6.15272641e-01 7.46079624e-01 3.86295825e-01 1.34548955e-02
    6.88028514e-01 1.32106209e+00 -3.55690531e-02 6.16255641e-01
    3.83139104e-01 -8.71982574e-02 6.85080111e-01 3.82565334e-02
    1.71472609e-01 -1.86526716e-01 1.11853456e+00 2.56778151e-01
    -4.14529890e-01 2.69633055e-01 -3.30330819e-01 -2.28233188e-02
    4.94231373e-01 -3.74946922e-01 5.71176350e-01 -4.58479196e-01
    8.82884026e-01 1.05492771e+00 7.22323835e-01 -1.60298094e-01
    6.66120470e-01 1.02951109e+00 1.05311847e+00 1.38716149e+00
    -1.04757100e-02 -4.75982308e-01 -8.21034536e-02 1.27416527e+00
    -3.35212439e-01 4.80188906e-01 6.66232646e-01 -2.53539622e-01
    -3.23838174e-01 1.38114107e+00 1.31474876e+00 1.23797095e+00
    1.26314569e+00 3.12936842e-01 -4.05354917e-01 1.02132475e+00
    -1.64034620e-01 -1.03395082e-01 4.30999249e-01 1.37743258e+00
    8.75022113e-02 6.49924755e-01 5.51780283e-01 7.25505352e-01
    -4.85563092e-02 1.01279187e+00 1.00408101e+00 6.90829992e-01
    8.42660367e-01 1.24599540e+00 8.92682970e-02 1.46148086e-01
    -4.45938706e-01 1.19847047e+00 -4.28971350e-01 8.80782127e-01
    1.03765416e+00 1.20679128e+00 1.69006083e-02 1.46871269e+00
    -5.54062091e-02 4.80532825e-01 6.26269951e-02 1.10180283e+00
    1.19374335e+00 5.08421302e-01 1.37123466e+00 1.16454005e+00
    -2.22570449e-01 -1.68093905e-01 6.66683793e-01 8.08789730e-01
    1.46678835e-01 3.32368672e-01 3.50750953e-01 6.49485469e-01
    1.32141316e+00 -3.12847465e-01 6.67461276e-01 -1.65759444e-01
    1.65634632e-01 1.07887983e+00 4.49136972e-01 -3.97260964e-01
    -1.43974140e-01 9.42987263e-01 1.13153911e+00 -1.11561574e-01
    4.04223949e-01 -7.30673298e-02 4.78655130e-01 1.12450492e+00
    1.08237541e+00 4.04770017e-01 -3.69440764e-01 1.50257945e+00
    1.11632097e+00 6.23203337e-01 1.09135032e+00 1.46645510e+00
    -1.05866186e-01 7.55318224e-01 1.51104617e+00 1.41916370e+00
    -1.92296743e-01 1.57920206e+00 3.30307782e-01 -2.66357195e-02
    6.68732166e-01 8.20456326e-01 2.12869465e-01 2.68243074e-01
    6.68014407e-01 2.03341916e-01 2.80274898e-01 1.13785493e+00
    3.37975442e-01 -3.94526005e-01 -9.29834247e-02 1.45807445e+00
    6.47681296e-01 5.34647167e-01 9.71291840e-01 -1.37345865e-01
    -3.23335588e-01 1.29840410e+00 8.97497594e-01 5.61746247e-02
    -3.13881814e-01 8.14282358e-01 1.12803233e+00 1.21215057e+00
    4.07883435e-01 2.45360732e-01 2.00735122e-01 1.11820459e-01
    -5.18303156e-01 1.46155488e+00 1.11826265e+00 -2.98098437e-02
    1.16913307e+00 1.38516450e+00 8.22592258e-01 1.41725564e+00
    1.14127827e+00 4.96917784e-01 1.32296658e+00 1.21890008e+00
    -3.80933255e-01 -2.65397906e-01 1.20744264e+00 2.96518385e-01
    -3.01155418e-01 9.96373892e-01 1.07259631e+00 3.68303120e-01
    1.18177128e+00 1.44475269e+00 4.13050205e-01 1.02322352e+00
    -3.12759653e-02 3.76109779e-01 -1.42277628e-01 1.23867071e+00
    3.35616171e-01 -2.26921007e-01 3.63128394e-01 5.77675462e-01
    6.21787846e-01 2.48040676e-01 1.50699186e+00 9.69031274e-01
    1.28947771e+00 7.69181073e-01 8.80674005e-01 5.01868129e-01
    1.08498192e+00 1.60572454e-01 4.60242294e-02 2.98209965e-01
    1.76242068e-01 3.62678051e-01 8.39251399e-01 1.24185562e+00
    -2.85121977e-01 1.95801422e-01 3.82519603e-01 6.24848068e-01
    8.42598736e-01 8.64095390e-01 1.34998286e+00 2.64940858e-01
    1.18645775e+00 1.01872122e+00 1.07051060e-01 1.37942958e+00
    -5.66524547e-03 -7.75574371e-02 1.16122949e+00 9.57419723e-03
    -4.82670516e-01 1.68053672e-01 -3.90324354e-01 -3.28791827e-01
    4.56971638e-02 -4.34281588e-01 1.31339923e-01 5.32840729e-01
    1.13793004e+00 8.89432549e-01 -1.78867355e-01 7.74695352e-02
    -2.95030713e-01 1.40181482e+00 1.34751570e+00 1.43420768e+00
    1.12672544e+00 1.28413618e+00 -1.10240854e-01 5.55030704e-01
    4.45743024e-01 6.84839964e-01 4.10389602e-02 5.79438031e-01
    1.24118328e+00 9.90865529e-01 -4.01139200e-01 9.78817195e-02
    9.90049541e-01 5.02392836e-02 1.21931088e+00 3.21714401e-01
    -1.68486059e-01 7.24727929e-01 5.04716814e-01 1.41274655e+00
    3.70560974e-01 -2.73370519e-02 1.31756973e+00 4.72132683e-01
    -2.86417305e-01 1.24233413e+00 -4.37195808e-01 1.42983115e+00
    1.13084972e+00 8.41276944e-01 -2.32598588e-01 3.18193197e-01
    3.12336773e-01 7.71738350e-01 1.10722876e+00 4.81457233e-01
    1.08052623e+00 -4.90220577e-01 -1.96531937e-01 1.39626932e+00
    1.42540538e+00 9.61678743e-01 1.30739117e+00 1.36360455e+00
    8.29978704e-01 1.46980238e+00 9.81798172e-01 1.26579869e+00
    -9.23720151e-02 -2.13410601e-01 3.81725639e-01 1.46173416e-02
    6.10359192e-01 1.16293216e+00 4.09407392e-02 -2.25173935e-01
    4.50641543e-01 -8.00071284e-02 1.11577153e+00 5.55891931e-01
    1.78178623e-01 2.06146896e-01 -4.97512281e-01 2.91426301e-01
    -3.91789675e-01 7.99221843e-02 3.75007163e-03 5.98757207e-01
    -3.13157141e-01 9.95614707e-01 9.49199677e-01 8.73588383e-01
    7.44268894e-01 1.15688896e+00 -2.91644663e-01 -4.96528447e-01
    1.22929657e+00 1.16645932e+00 4.11664844e-01 1.24011707e+00
    1.43622303e+00 1.20371175e+00 5.89712560e-01 -2.57597148e-01
    -4.91627008e-02 2.34066069e-01 9.50383022e-02 8.47223222e-01
    2.67455786e-01 -1.99631512e-01 -4.58464026e-01 8.89560223e-01
    1.33491325e+00 -7.82003906e-03 9.58155274e-01 -3.43958110e-01
    2.28369430e-01 1.43857861e+00 -4.76971537e-01 8.13739300e-02
    4.13404912e-01 -9.18492302e-02 -2.85413470e-02 8.06306243e-01
    1.22509992e+00 7.99772859e-01 1.26885653e+00 4.90458421e-02
    9.52776492e-01 1.18738544e+00 1.36133730e+00 1.64535433e-01
    9.80101764e-01 4.80232984e-01 5.89175344e-01 8.03363979e-01
    -2.25907758e-01 5.72534390e-02 1.27164960e+00 2.74205625e-01
    1.03485787e+00 1.20583966e-01 8.65941925e-04 9.79276478e-01
    -2.88043946e-01 4.44516659e-01 2.54153371e-01 8.53431582e-01
    -1.83781624e-01 -2.17054263e-01 -5.25906011e-02 -2.47532383e-01
    1.46582341e+00 9.63893354e-01 -2.38104492e-01 1.81262553e-01
    3.83431524e-01 1.37093008e+00 5.62995896e-02 2.75691599e-01
    7.47927427e-01 1.03819525e+00 1.06134820e+00 1.51824975e+00
    1.00187933e+00 5.38153589e-01 1.32660532e+00 1.56418514e+00
    1.39465165e+00 1.13917589e+00 1.62457854e-01 3.06549907e-01
    5.34311533e-01 8.10000837e-01 3.63818735e-01 2.97892928e-01
    7.83004224e-01 1.01753318e+00 3.20470482e-01 8.25261831e-01
    -2.96331495e-02 6.46615863e-01 4.25579160e-01 1.72407746e-01
    -2.56297618e-01 2.00660467e-01 3.82783800e-01 -4.29217130e-01
    -9.72922146e-02 -4.98359233e-01 1.08195162e+00 -5.59297204e-02
    -6.20851740e-02 4.49819788e-02 -1.06846161e-01 -4.33637977e-01
    3.51470292e-01 7.78116286e-01 -2.58575976e-01 1.44464552e+00
    1.42232394e+00 3.00342560e-01 1.48984420e+00 3.20545852e-01
    4.62823242e-01 7.26164937e-01 1.38353837e+00 7.03945577e-01
    -1.53523415e-01 -2.12699488e-01 3.76437306e-01 5.74270546e-01
    -2.76656628e-01 8.29462349e-01 1.86116755e-01 1.07995903e+00
    -3.00078213e-01 6.54290259e-01 2.31917903e-01 1.44160008e+00
    9.57188070e-01 -2.99165398e-01 3.30887705e-01 1.18399847e+00
    1.40019739e+00 1.48735988e+00 1.09096313e+00 -8.25730413e-02
    1.32568106e-01 1.19594657e+00 1.18334877e+00 1.04915059e+00
    -2.91480511e-01 4.11913656e-02 9.15597975e-01 -3.23554784e-01
    8.49206090e-01 1.23459673e+00 1.20336461e+00 4.46167253e-02
    3.89907479e-01 9.75756943e-01 1.38098860e+00 1.00583076e+00
    1.44744432e+00 -2.85244912e-01 1.32188225e+00 1.25971878e+00
    3.94617289e-01 6.80263042e-01 -7.81347305e-02 9.11799014e-01
    1.08387864e+00 -3.93888652e-01 1.17590225e+00 7.21644580e-01
    2.38841102e-01 -4.85332638e-01 1.31786585e+00 -8.88851061e-02
    1.50456119e+00 -4.02920067e-01 -2.47592852e-01 6.18182957e-01
    7.54091859e-01 3.75489295e-01 -3.88073832e-01 1.12868881e+00
    5.04215002e-01 1.36768055e+00 2.52756536e-01 1.21586335e+00
    1.21453905e+00 3.59145731e-01 1.11117864e+00 9.82095972e-02
    3.27372581e-01 5.06735206e-01 3.95566851e-01 1.93925977e-01
    -3.37149411e-01 -7.52887828e-03 9.25442636e-01 1.02159584e+00
    -1.07453935e-01 9.21606660e-01 -4.62854385e-01 4.40306544e-01
    -1.75003320e-01 1.93479076e-01 1.01446295e+00 1.06243575e+00
    -1.55666713e-02 1.28440440e+00 1.19333649e+00 1.10881174e+00
    1.31874466e+00 6.53126657e-01 8.29168037e-02 -4.14278328e-01
    -4.99140561e-01 1.02385926e+00 1.62579089e-01 -2.12808087e-01
    8.81584942e-01 -4.14315611e-01 -3.70714009e-01 -1.85067177e-01
    5.01963377e-01 9.65346694e-01 1.08142471e+00 9.88438368e-01
    -2.05302849e-01 -6.53886274e-02 -2.07104698e-01 1.36303425e+00
    4.35774684e-01 -4.04589444e-01 4.09129888e-01 6.92727089e-01
    -3.25881094e-01 3.27866524e-01 1.38469255e+00 7.67790318e-01
    1.99229404e-01 -2.08121851e-01 8.80143881e-01 3.38139609e-02
    3.31694782e-02 -1.21816183e-02 6.19455159e-01 1.46172416e+00
    6.73241138e-01 2.36739963e-01 1.32968175e+00 1.09133446e+00
    1.27080953e+00 4.98515666e-02 1.39940083e+00 1.46306396e+00
    -1.32796690e-01 2.25743636e-01 1.10756140e-02 1.45676935e+00
    2.86084533e-01 1.33983850e+00 1.79428682e-01 1.07615292e+00
    1.40052390e+00 9.61676300e-01 1.19444931e+00 1.03998804e+00
    8.74538064e-01 -3.06742966e-01 -4.49168473e-01 6.65684521e-01
    1.06409848e+00 9.42795455e-01 1.41475350e-01 -1.17044419e-01
    9.31035757e-01 9.15514767e-01 4.32233334e-01 9.76690575e-02
    4.92432296e-01 -3.18041801e-01 1.06647503e+00 1.48294783e+00
    6.95430115e-02 3.52738827e-01 1.03552175e+00 4.29755077e-02
    1.22627425e+00 2.39061013e-01 7.31417770e-03 1.07855332e+00
    -4.16341186e-01 3.01754177e-01 -2.48585511e-02 -5.06038606e-01
    -1.03093706e-01 1.76060453e-01 -2.34895453e-01 1.01592529e+00
    8.15076470e-01 5.06031334e-01 1.30125380e+00 -6.33314922e-02
    5.05942941e-01 -1.44262820e-01 5.00478446e-01 6.59280002e-01
    2.93488890e-01 8.33537340e-01 8.05889189e-01 -3.26104492e-01
    7.70755470e-01 5.15554190e-01 3.44884127e-01 3.15119535e-01
    2.98446894e-01 -1.64919823e-01 -2.01789930e-01 9.76889670e-01
    -2.74459809e-01 4.53854591e-01 1.50415587e+00 1.13963366e-01
    2.32705012e-01 7.08233356e-01 1.48915315e+00 1.04362857e+00
    6.12310648e-01 1.41702175e+00 6.22176230e-01 -3.69985104e-01
    1.16200888e+00 5.55985212e-01 6.96722507e-01 5.23747027e-01
    9.69028950e-01 1.13049090e+00 7.74028897e-01 6.83228135e-01
    -1.82278812e-01 1.27518666e+00 1.19766104e+00 9.20053840e-01
    5.68429947e-01 -4.27359343e-02 3.54082853e-01 3.37228566e-01
    -3.13391924e-01 -2.36525945e-03 7.04072043e-02 1.45004797e+00
    1.24079943e+00 8.38083744e-01 1.04414451e+00 7.90416479e-01
    7.19685256e-02 8.12170923e-01 1.36258972e+00 1.32665288e+00
    8.43604088e-01 1.30152023e+00 8.39859903e-01 2.02914998e-01
    -2.93116599e-01 4.34568018e-01 7.60384321e-01 2.73889661e-01
    -3.12754750e-01 1.47463822e+00 4.39389169e-01 7.04795569e-02
    9.47933495e-01 1.04830348e+00 5.54166615e-01 -3.14949214e-01
    1.20491296e-01 -2.91541338e-01 1.17616045e+00 5.58289587e-01
    1.25942385e+00 -3.03260260e-03 -3.19539726e-01 1.47022045e+00
    -4.76864427e-01 1.13534534e+00 6.04633272e-01 6.71359718e-01
    -6.58516288e-02 8.22713673e-01 1.51247275e+00 -3.33223313e-01
    3.51677775e-01 -1.90472260e-01 2.02413574e-02 1.46094084e+00
    -1.25539213e-01 5.10646343e-01 9.17431653e-01 5.53861737e-01
    -1.15489490e-01 9.45755780e-01 1.17303944e+00 1.10894024e-01
    4.74038720e-01 1.22141671e+00 8.03758860e-01 8.98364305e-01
    -5.04086614e-01 7.42806733e-01 7.97789335e-01 1.44468939e+00
    -2.46248543e-01 9.32590008e-01 1.34139024e-02 -2.12266788e-01
    9.01186883e-01 1.35799015e+00 9.37869847e-01 6.41272306e-01
    3.79123628e-01 3.65779310e-01 -4.65664357e-01 -3.33746552e-01
    1.07323647e+00 1.29597962e+00 1.28990209e+00 1.02469063e+00
    -6.39906824e-02 9.76785481e-01 5.73490024e-01 3.11381519e-01
    -1.96369924e-02 1.20177686e+00 9.18579578e-01 3.37504774e-01
    7.54410088e-01 -2.00704694e-01 6.92095220e-01 1.41297787e-01
    1.41852498e+00 1.01613867e+00 6.37583956e-02 5.04712164e-01
    1.31530297e+00 1.47119462e+00 1.01384509e+00 1.37481236e+00
    -4.52732295e-01 1.14832127e+00 7.61297584e-01 1.33971083e+00
    1.02084351e+00 1.22874582e+00 1.35451603e+00 8.10281157e-01
    -2.29995713e-01 1.10487425e+00 9.87391025e-02 -3.90694499e-01
    9.03898954e-01 7.17813432e-01 5.84587455e-01 -3.92605752e-01
    -6.72404319e-02 -3.80258858e-02 8.26824605e-01 -1.15309879e-01
    -3.75701159e-01 3.08197051e-01 1.18175495e+00 1.42816985e+00
    -5.00765331e-02 -3.86218071e-01 1.34276175e+00 1.02680385e+00
    8.56734395e-01 2.30565459e-01 -1.24297641e-01 5.30895710e-01
    1.14872411e-01 -2.13949770e-01 8.28466475e-01 2.37884030e-01
    7.47654855e-01 1.07021713e+00 9.17698562e-01 -1.77064270e-01
    -2.00227350e-02 9.96541083e-01 -2.20712319e-01 -4.34140652e-01
    6.12151861e-01 8.85980368e-01 4.83760893e-01 1.11975110e+00
    1.28038359e+00 2.84667939e-01 1.08592105e+00 6.00995183e-01
    8.50716889e-01 2.31917843e-01 -1.15684323e-01 1.13993445e-02
    -1.85665652e-01 5.22202432e-01 -3.73024195e-01 1.39249727e-01
    -1.13026999e-01 1.16272342e+00 1.32846355e+00 1.05425358e+00
    1.26764655e+00 -2.82418698e-01 1.40746808e+00 -2.56294370e-01
    9.09906328e-01 1.12631476e+00 8.89103889e-01 5.33027828e-01
    2.85390407e-01 2.39138361e-02 4.45037067e-01 1.24424720e+00
    -3.52547020e-01 1.45058620e+00 -2.21581906e-01 -1.79600686e-01
    1.80755973e-01 9.63273644e-01 4.33858305e-01 4.09121513e-01
    9.41924512e-01 1.15726686e+00 -4.59730119e-01 -2.33776614e-01
    1.03762865e+00 5.91902733e-01 -7.95973614e-02 6.34642839e-01
    1.00240552e+00 4.33807112e-02 1.77195564e-01 5.72446287e-01
    -4.50248897e-01 1.16973102e+00 1.49201047e+00 8.84447694e-01
    -3.83258462e-01 -2.82054543e-01 3.44267339e-02 8.17953587e-01
    -2.85853148e-01 -3.27913254e-01 1.88727275e-01 -3.15574706e-01
    1.04013942e-01 -3.13928813e-01 1.30062723e+00 5.14106005e-02
    1.20909011e+00 1.15694940e+00 2.93651107e-03 9.88232315e-01
    6.85816288e-01 3.67900372e-01 1.37348950e+00 9.48051989e-01
    1.03445780e+00 2.99064517e-01 1.39464450e+00 -3.33519846e-01
    -3.19146603e-01 5.14958918e-01 -5.27885482e-02 7.90516078e-01
    5.02392411e-01 3.87495428e-01 1.49904001e+00 -1.02047078e-01
    1.35177994e+00 -1.64882511e-01 -1.72522411e-01 5.05506098e-01
    2.75060609e-02 6.87218368e-01 7.64183283e-01 1.14817595e+00
    1.18248947e-01 -1.51251569e-01 3.92589509e-01 1.53793979e+00
    1.54000688e+00 4.09141481e-01 -8.41753259e-02 7.82419324e-01
    -7.53592700e-02 1.60103083e+00 1.58068633e+00 2.18528081e-02
    1.63647461e+00 8.52453470e-01 5.15953362e-01 1.22522748e+00
    1.14292121e+00 4.84723061e-01 9.62136924e-01 -5.03061175e-01
    -4.11983401e-01 1.03967320e-02 8.88848603e-01 3.57915968e-01
    1.11661661e+00 -3.46053541e-01 4.87328768e-02 -1.67816833e-01
    1.47975564e+00 -3.19055736e-01 3.10225695e-01 9.55254257e-01
    -7.55425021e-02 1.36584973e+00 8.69221270e-01 9.64777693e-02
    1.29472661e+00 -2.28143945e-01 5.42955577e-01 4.36632365e-01
    3.67816095e-03 5.90067923e-01 2.97809452e-01 -2.90486217e-01
    -3.10699821e-01 8.31740260e-01 -9.76702794e-02 9.97592509e-01
    6.02224134e-02 -2.23643541e-01 -3.81258547e-01 8.97111475e-01
    -3.36111963e-01 -3.71162504e-01 9.21204984e-02 -4.59765941e-01
    1.25255311e+00 8.00089836e-01 -1.17652461e-01 8.42177749e-01
    -1.83835417e-01 4.47212994e-01 1.16405869e+00 9.94374037e-01
    -9.49283838e-02 1.20504177e+00 7.65726686e-01 -4.36515152e-01
    5.93243361e-01 7.48273253e-01 5.06784916e-01 1.26499608e-01
    1.33124745e+00 1.43783045e+00 1.27613723e+00 -1.22392893e-01
    3.47949684e-01 3.96088630e-01 1.47613490e+00 5.92420280e-01
    4.84767228e-01 1.10576510e+00 1.37524283e+00 6.15623236e-01
    3.96756589e-01 -1.57937124e-01 -3.31362516e-01 1.51835829e-01
    2.62207091e-01 6.55385926e-02 -3.46002102e-01 -1.23032063e-01
    -5.56730032e-02 -3.16373616e-01 -1.81587059e-02 1.50504315e+00
    6.83437347e-01 9.42313597e-02 6.99700356e-01 -1.51363879e-01
    1.31060815e+00 9.52998698e-01 4.49945658e-01 4.41047460e-01
    6.31581128e-01 8.41193020e-01 1.68257236e-01 1.89867839e-01
    3.19209218e-01 1.38510776e+00 1.37876809e+00 7.58576512e-01
    1.26460421e+00 1.04295456e+00 -5.36691248e-01 7.46498168e-01
    9.02707398e-01 2.49460861e-01 3.18685472e-01 -3.46423656e-01
    1.69338614e-01 1.12714410e-01 9.13042963e-01 1.33902955e+00
    5.25492668e-01 2.17747480e-01 3.53315741e-01 7.18173862e-01
    1.49070871e+00 4.79427695e-01 -2.01515943e-01 1.54958978e-01
    3.86705190e-01 6.44620776e-01 4.76517439e-01 1.17099369e+00
    -1.20400123e-01 -1.95843905e-01 3.25621396e-01 9.59672153e-01
    1.38497651e+00 2.58880734e-01 1.24858868e+00 1.02462709e+00
    7.66162395e-01 3.82118076e-01 1.02691734e+00 3.04995328e-01
    -9.85073391e-03 2.03101739e-01 1.41744089e+00 1.26482725e+00
    1.10889578e+00 -2.19533473e-01 1.03591251e+00 9.01454836e-02
    1.42573392e+00 7.21718907e-01 1.19078875e+00 6.85983062e-01
    7.67864645e-01 1.27279341e-01 7.99479067e-01 7.61872411e-01
    1.09606946e+00 6.22258902e-01 -8.57287720e-02 -3.90404701e-01
    -3.34814817e-01 -4.14113551e-01 -2.97283437e-02 -5.28096497e-01
    1.25023150e+00 6.33209288e-01 4.80967462e-01 4.48371202e-01
    7.66213894e-01 1.14267147e+00 5.37504517e-02 2.76561022e-01
    1.52756080e-01 -4.08928752e-01 9.13017690e-01 -3.30282956e-01
    -5.14498591e-01 -5.05275987e-02 2.49061257e-01 1.24668217e+00
    3.96228313e-01 -4.84797090e-01 1.31451225e+00 1.34208572e+00
    5.20725667e-01 6.77128196e-01 2.03272164e-01 1.19360185e+00
    1.36738300e+00 2.76197642e-01 -2.52623200e-01 -1.36833964e-02
    -2.61549890e-01 1.22046411e+00 -1.04111806e-01 -8.34434852e-02
    3.65445316e-01 9.79984164e-01 5.34337282e-01 1.20058060e+00
    -1.37606889e-01 1.12399077e+00 1.03801183e-01 9.72288772e-02
    4.19444263e-01 9.83737290e-01 1.45771527e+00 3.98841919e-03
    4.46714759e-02 3.50500375e-01 1.44567823e+00 1.27908635e+00
    9.60191667e-01 1.06272566e+00 4.93801326e-01 1.37811482e+00
    1.10125422e+00 9.31618929e-01 5.83043337e-01 3.33121181e-01
    -3.81336778e-01 6.75935507e-01 1.26842248e+00 2.19039991e-01
    1.07583451e+00 9.69017923e-01 3.03242832e-01 -4.23416346e-01
    9.06770170e-01 -2.37829641e-01 -3.12452286e-01 9.55499470e-01
    -1.16869442e-01 3.29325825e-01 -4.85709369e-01 1.52898461e-01
    1.40419793e+00 2.49059260e-01 2.73575395e-01 1.38003469e+00
    -3.35394889e-01 -3.51091027e-01 -4.16507363e-01 1.00843143e+00
    -2.61189967e-01 1.20880775e-01 7.39043713e-01 6.72553480e-01
    1.02468833e-01 1.27177268e-01 1.51052070e+00 -5.40928505e-02
    1.77414939e-01 2.02599972e-01 4.10010844e-01 1.30439937e+00
    7.17119753e-01 1.23239350e+00 -1.60821021e-01 1.25482768e-01
    3.21346760e-01 5.82975149e-01 1.31059849e+00 -3.72548044e-01
    1.45640635e+00 4.55627024e-01 -3.16911608e-01 6.48692489e-01
    1.22520879e-01 -4.42349687e-02 -2.82817870e-01 -1.93350017e-01
    -3.61570567e-01 1.35169661e+00 3.59642297e-01 4.63988006e-01
    4.38428640e-01 7.36802340e-01 1.46698046e+00 1.43317616e+00
    1.48538446e+00 6.71411037e-01 -3.62530440e-01 1.27902186e+00
    8.70918274e-01 4.63273197e-01 8.00065637e-01 7.93940425e-01
    2.07824692e-01 -4.60990995e-01 1.16915965e+00 1.09446883e+00
    2.39119038e-01 8.82037759e-01 -3.04618716e-01 -2.66479909e-01
    1.22911072e+00 3.87100577e-01 9.08572793e-01 -3.69210631e-01
    -1.59474716e-01 1.19311345e+00 7.53777504e-01 -2.06518501e-01
    3.79830360e-01 3.09123009e-01 1.39935505e+00 1.22402504e-01
    1.01673651e+00 -6.94203898e-02 1.11864293e+00 2.59525388e-01
    -1.20595336e-01 -4.99079116e-02 1.46729195e+00 1.24845719e+00
    1.06546307e+00 1.08955681e+00 -1.80012316e-01 -1.70133457e-01
    -3.81928593e-01 -1.86503410e-01 1.41671038e+00 1.19837844e+00
    1.14998913e+00 1.25265551e+00 3.91449720e-01 1.32297128e-01
    1.16739333e+00 1.28812313e+00 1.29269326e+00 -2.31170714e-01
    1.07413816e+00 1.40730000e+00 1.30452383e+00 1.01086497e+00
    6.02358103e-01 1.00668335e+00 -2.89471835e-01 2.35479102e-01
    1.06027818e+00 7.48832405e-01 -4.60892841e-02 1.12461722e+00
    7.80570626e-01 5.96573651e-01 8.73149991e-01 1.19384456e+00
    5.71479440e-01 1.48901379e+00 3.39078084e-02 5.11835992e-01
    1.02520299e+00 1.85464561e-01 1.28725159e+00 7.32979834e-01
    4.40081120e-01 -5.06168604e-01 -8.36363733e-02 4.32640791e-01
    6.18575454e-01 -4.68391061e-01 1.26851130e+00 2.18792319e-01
    1.38355255e+00 4.50875580e-01 1.13461626e+00 1.07654236e-01
    2.50516951e-01 -1.77560881e-01 1.10373604e+00 1.44986308e+00
    9.50337708e-01 -2.40164891e-01 5.29741347e-01 1.38313985e+00
    3.80480021e-01 6.86640859e-01 7.38114178e-01 -1.61809638e-01
    -4.38596040e-01 -3.80079806e-01 6.20747745e-01 1.00647897e-01
    4.34773117e-01 1.00592101e+00 1.11797392e+00 -4.17440891e-01
    1.40012956e+00 1.35724545e+00 -6.19672388e-02 1.38372934e+00
    9.47059572e-01 6.67852759e-01 4.05758679e-01 -2.44470194e-01
    1.13327801e+00 1.11427820e+00 4.08992529e-01 -4.09697086e-01
    7.96784043e-01 1.73903793e-01 1.43406868e+00 6.86519295e-02
    1.37317431e+00 8.93618345e-01 6.61968887e-01 -4.60351080e-01
    1.02920979e-01 1.19660187e+00 -4.88998324e-01 1.23993909e+00
    4.63266045e-01 -5.17630160e-01 1.41221333e+00 7.35863328e-01
    8.80085468e-01 1.02781832e+00 3.83715302e-01 1.27037334e+00
    -2.98143923e-01 1.20766878e+00 1.46798360e+00 5.05736172e-01
    7.88413703e-01 8.92615318e-01 -1.27814576e-01 1.14327240e+00
    9.42979679e-02 9.31408048e-01 1.18251157e+00 -2.43535385e-01
    -5.91581725e-02 5.13312280e-01 1.44533646e+00 1.38927710e+00
    -2.98534751e-01 1.15914917e+00 1.05180335e+00 7.84346581e-01
    6.52461410e-01 5.34612179e-01 -4.24143597e-02 -5.00683673e-02
    1.62349671e-01 1.09187245e+00 -1.49901405e-01 8.73981893e-01
    7.75734901e-01 5.77899277e-01 1.19424272e+00 8.12493205e-01
    3.19716871e-01 -3.23647976e-01 1.12269688e+00 1.11302257e+00
    8.39146197e-01 8.96900237e-01 5.54935813e-01 2.44696755e-02
    9.49577808e-01 1.18211496e+00 -4.10887688e-01 -4.85320032e-01
    -7.78196156e-02 2.37183675e-01 6.49526119e-01 6.59137070e-01
    6.50766194e-01 6.38744831e-01 1.45190001e+00 -2.23014683e-01
    2.95955092e-01 1.37388146e+00 -1.95547402e-01 -2.47380286e-01
    -2.38821119e-01 1.13192594e+00 -3.50436062e-01 6.22139573e-01
    -4.35588181e-01 4.12267856e-02 -4.70610224e-02 7.57079422e-01
    1.11505711e+00 1.41623974e+00 3.35008413e-01 9.92490500e-02
    9.94614303e-01 1.43446696e+00 3.76662046e-01 2.64095455e-01
    -3.53589088e-01 1.09316921e+00 1.31678212e+00 3.83100510e-01
    -3.36421698e-01 5.52459657e-01 5.38150191e-01 1.15937853e+00
    -2.26309940e-01 -2.60603487e-01 -3.39032680e-01 2.97778577e-01
    -4.12038118e-01 1.13728225e+00 -3.23292404e-01 1.47573221e+00
    -2.56138682e-01 1.48633027e+00 -1.78938732e-01 1.13640642e+00
    1.60858071e+00 -1.22442365e-01 1.62528181e+00 5.24653018e-01
    1.57559800e+00 1.55892909e+00 6.89340830e-01 1.25508547e+00
    1.14038587e+00 1.30096781e+00 1.89885542e-01 -4.12108362e-01
    3.56588155e-01 7.34082758e-01 1.36140203e+00 3.39467525e-01
    2.26183757e-01 1.49478865e+00 1.23497367e+00 1.25394976e+00
    1.98826447e-01 -1.42025650e-01 -1.89856231e-01 6.80718839e-01
    1.76365659e-01 1.31387317e+00 -3.49714518e-01 1.24328303e+00
    3.68475527e-01 2.71699786e-01 3.47225726e-01 8.29421222e-01
    4.18418974e-01 1.22931468e+00 2.00719535e-01 7.22729623e-01
    1.48994327e+00 1.20139468e+00 -1.62761286e-01 2.19456673e-01
    2.96948347e-02 4.01431292e-01 4.05083179e-01 9.49674428e-01
    8.03539753e-01 -4.17202592e-01 1.10406780e+00 9.44579363e-01
    1.21641767e+00 1.41130042e+00 1.19412172e+00 9.58545864e-01
    2.95643836e-01 -3.50155085e-01 1.27155995e+00 1.41036093e+00
    8.92197251e-01 1.08023107e+00 -4.90225852e-01 3.07025582e-01
    7.10849106e-01 -3.15610141e-01 1.01119637e+00 2.02358827e-01
    1.83457002e-01 -3.45025808e-01 -2.52268851e-01 -3.95916790e-01
    1.48491466e+00 2.61725485e-01 1.10066742e-01 1.22681439e-01
    4.75502491e-01 7.40890622e-01 8.31496269e-02 -1.90749273e-01
    -3.63498181e-01 9.04492810e-02 7.01295733e-02 9.18047547e-01
    1.03027654e+00 1.20859563e+00 5.88682532e-01 1.37823665e+00
    1.01858027e-01 1.43628430e+00 3.63179743e-01 8.88723016e-01
    5.76941133e-01 6.14163950e-02 -3.63505334e-01 6.96950912e-01
    5.43459058e-01 -3.22606385e-01 1.16215289e-01 1.44040632e+00
    9.24407423e-01 1.25067699e+00 -2.96677113e-01 5.26095271e-01
    7.73750424e-01 4.63794172e-01 1.64807569e-02 5.89786172e-01
    1.47799790e+00 7.37615407e-01 4.69801515e-01 8.80384207e-01
    2.78815240e-01 9.88736272e-01 1.28186727e+00 -4.50037122e-01
    1.02953339e+00 9.43086028e-01 1.28536010e+00 1.17352319e+00
    6.51093185e-01 1.42744577e+00 5.04204154e-01 8.50511730e-01
    -4.41722944e-02 1.28446496e+00 6.36735141e-01 1.48576868e+00
    4.77903068e-01 -2.13132635e-01 3.25542986e-01 -4.09713805e-01
    1.10177390e-01 -1.33925170e-01 1.21103585e+00 -3.67768049e-01
    2.85095692e-01 8.83707345e-01 1.39745808e+00 5.03223836e-01
    5.98623335e-01 6.65665209e-01 -3.42293233e-01 1.32439399e+00
    9.90945920e-02 2.00844169e-01 2.97618121e-01 9.40021038e-01
    8.07033241e-01 1.05523908e+00 8.60509753e-01 -6.85791373e-02
    -3.92085940e-01 6.45588636e-01 5.10800660e-01 9.55698848e-01
    -4.50425148e-01 1.29801953e+00 7.44329393e-01 -4.04632092e-01
    4.27418411e-01 -1.48910835e-01 8.76223981e-01 1.20893383e+00
    3.49483132e-01 -1.68550923e-01 -5.05543798e-02 9.80096936e-01
    2.93188721e-01 6.36447251e-01 1.23159742e+00 3.68659109e-01
    9.39147174e-01 9.08164263e-01 1.33694148e+00 3.16203088e-01
    2.11877134e-02 1.37193274e+00 -4.00700122e-02 6.66383862e-01
    1.46596980e+00 2.39781719e-02 1.40894473e+00 5.67611575e-01
    9.59151745e-01 -3.02433521e-02 1.38862288e+00 1.41660288e-01
    5.04872441e-01 1.45452297e+00 6.09791100e-01 -4.03476924e-01
    -5.23310602e-01 -3.17876935e-01 -3.20722342e-01 -2.78112680e-01
    -3.38741124e-01 -4.28888977e-01 -9.58387628e-02 8.94023657e-01
    1.11435151e+00 7.71732032e-01 6.21395350e-01 3.12460452e-01
    -4.77203369e-01 3.82861584e-01 9.75328922e-01 1.47276664e+00
    4.56891030e-01 1.20036077e+00 1.38893986e+00 1.08948278e+00
    1.46413720e+00 6.49575233e-01 -8.61481950e-03 1.47855818e-01
    -4.64870304e-01 6.76500872e-02 2.51813471e-01 4.33464170e-01
    4.73352462e-01 -3.82189453e-01 5.37459731e-01 9.10621405e-01
    4.19560224e-01 1.85398504e-01 5.79692900e-01 4.57676709e-01
    3.35235178e-01 1.24443221e+00 6.47740304e-01 4.87132967e-01
    8.31703395e-02 3.43931079e-01 -2.31481537e-01 1.35917938e+00
    3.15608561e-01 8.83005857e-01 7.83476606e-02 -3.52786183e-01
    1.06078887e+00 1.14224911e+00 1.07472360e-01 1.19680798e+00
    -4.37215269e-01 1.20641339e+00 8.18467259e-01 1.48657992e-01
    1.01896822e-01 -9.99767408e-02 6.88525438e-01 1.20820737e+00
    8.69735301e-01 7.95721948e-01 1.34810835e-01 -5.52432574e-02
    -1.51121587e-01 1.62520385e+00 -1.56046033e-01 4.30936098e-01
    7.36727655e-01 1.59894669e+00 1.68795180e+00 1.44885397e+00
    9.30321395e-01 5.78801572e-01 5.07920921e-01 -9.90864411e-02
    -1.91813543e-01 1.33487761e+00 9.74031389e-01 -5.34054302e-02
    1.04042900e+00 1.33329976e+00 1.03808582e+00 -4.20517921e-01
    -3.67256314e-01 2.65316628e-02 -8.33148137e-02 -4.98578548e-01
    1.41590714e+00 1.15470636e+00 3.79337013e-01 1.30068743e+00
    6.55065104e-02 7.71009564e-01 3.23435456e-01 7.22067356e-01
    6.22619092e-01 6.08913243e-01 5.26204035e-02 1.12493908e+00
    7.86655068e-01 1.40755320e+00 -1.04143865e-01 9.34771180e-01
    1.36441684e+00 7.39365995e-01 8.02646101e-01 1.09151835e-02
    9.91695106e-01 -3.00117224e-01 1.40337825e+00 1.43036628e-02
    -3.08132041e-02 8.49127591e-01 -1.69152647e-01 3.23028684e-01
    8.18130136e-01 4.20935988e-01 7.88555562e-01 -4.52268571e-01
    7.19968617e-01 -1.85587764e-01 8.92449081e-01 9.91722643e-01
    1.44597876e+00 -3.13368559e-01 3.79161209e-01 1.83666155e-01
    -2.35365734e-01 6.14092313e-02 9.78814125e-01 2.60647178e-01
    -4.12854522e-01 7.55922794e-01 1.02859139e-01 3.35493311e-02
    1.36565435e+00 7.01692939e-01 7.88974762e-01 8.63697708e-01
    1.16281319e+00 -1.73536450e-01 5.29957891e-01 3.09761286e-01
    1.09518301e+00 1.55380249e-01 1.08619916e+00 5.22585213e-01
    -4.42685485e-01 9.06947017e-01 1.32918203e+00 2.56467462e-01
    2.64362600e-02 -1.16888080e-02 6.14592023e-02 1.10936117e+00
    -2.65248507e-01 1.17391598e+00 3.19333076e-01 1.51755559e+00
    -1.57418385e-01 5.58450818e-01 -3.42271775e-01 -3.01321238e-01
    1.43856788e+00 7.98058689e-01 4.90253031e-01 1.07319379e+00
    2.92747796e-01 -2.56701767e-01 4.47497189e-01 9.74713489e-02
    -1.55942917e-01 2.33453020e-01 1.17373395e+00 1.27921057e+00
    -4.84701663e-01 -9.80715901e-02 5.24416625e-01 5.72166800e-01
    1.05940628e+00 1.88098535e-01 1.32861269e+00 1.07781565e+00
    6.52219594e-01 -1.55689865e-01 7.74529874e-01 9.95154142e-01
    4.06019568e-01 6.51675880e-01 2.49072224e-01 1.47781026e+00
    9.43644226e-01 8.33116233e-01 7.65066624e-01 1.08315146e+00
    6.59300992e-03 7.99372420e-03 -3.45158391e-03 -4.86202031e-01
    5.03716767e-01 6.74447954e-01 -3.38689208e-01 -2.41345733e-01
    2.39177033e-01 7.56343827e-02 3.57611358e-01 4.24962729e-01
    6.39920056e-01 -3.88859481e-01 -4.53000784e-01 -4.43539202e-01
    -1.32329613e-01 9.96013165e-01 -4.71453518e-02 1.43099511e+00
    7.93274119e-02 1.99295834e-01 5.73073804e-01 1.35081065e+00
    1.50464606e+00 3.91019523e-01 -2.45734632e-01 1.48625061e-01
    1.00741768e+00 1.08447468e+00 9.95054960e-01 -1.99815370e-02
    1.31396866e+00 5.74442148e-01 1.23857999e+00 1.32929456e+00
    1.37016332e+00 1.20340836e+00 6.22586608e-01 1.19559240e+00
    2.88508326e-01 4.04659450e-01 1.12759447e+00 1.35124648e+00
    1.81005314e-01 6.49045467e-01 4.20144767e-01 -4.59300548e-01
    1.81035519e-01 -6.75216913e-02 1.00401127e+00 -1.76216125e-01
    1.48154593e+00 1.21874523e+00 8.27161133e-01 1.32906079e+00
    2.19846308e-01 -8.96347240e-02 -1.77708089e-01 2.41750106e-01
    4.52291399e-01 -1.60933718e-01 9.48486328e-02 1.13500321e+00
    1.21991313e+00 5.13528943e-01 5.29987872e-01 2.42094323e-02
    7.15279460e-01 5.90844631e-01 -1.53868690e-01 -1.31509215e-01
    -3.16222608e-01 -1.68712914e-01 4.05028522e-01 4.76420760e-01
    2.44201049e-01 -1.62017778e-01 2.23953709e-01 -1.59146130e-01
    -1.34931833e-01 5.26156187e-01 -2.94080488e-02 1.38569570e+00
    3.19753915e-01 -5.19128978e-01 -7.91813359e-02 -1.57894656e-01
    2.74830103e-01 1.45449817e+00 -1.12587236e-01 1.15645814e+00
    4.75532025e-01 1.14949417e+00 1.09978926e+00 -4.75196451e-01
    2.97787130e-01 -4.55491900e-01 8.89476717e-01 8.73716593e-01
    4.42073971e-01 1.23546743e+00 -1.28680080e-01 4.20603871e-01
    1.21591187e+00 8.65867436e-01 6.86085165e-01 1.33092761e+00
    8.40178668e-01 8.11789155e-01 -3.73234898e-01 -3.72587472e-01
    -1.79741848e-02 1.63058527e-02 1.01758659e+00 4.99680080e-02
    1.05958366e+00 -1.94723293e-01 -6.04654178e-02 -5.01251779e-02
    -8.74894932e-02 2.46433839e-02 1.48291290e-01 -1.25356033e-01
    2.33948052e-01 1.48236084e+00 -2.79008206e-02 7.08596647e-01
    1.32524803e-01 7.29032695e-01 -2.90778428e-01 -2.20083445e-01
    -2.55675167e-01 -1.55922741e-01 1.45144117e+00 8.97976831e-02
    1.00012529e+00 1.96367502e-01 -1.69596389e-01 -4.63289618e-01
    9.38302457e-01 2.17074692e-01 -3.24208885e-01 5.75825572e-02
    -2.89017409e-01 6.74871624e-01 7.63575435e-01 -2.83311546e-01
    7.77442694e-01 1.35753310e+00 1.87566966e-01 3.29535693e-01
    -3.40857059e-01 1.16806149e+00 1.03490734e+00 1.80419758e-01
    3.03513110e-01 1.20308673e+00 1.99473441e-01 -4.33059484e-01
    3.46610308e-01 1.24360299e+00 2.02147350e-01 7.52368212e-01
    9.45354819e-01 -2.85930872e-01 4.32557128e-02 4.27477181e-01
    -4.98471502e-03 1.44854939e+00 6.34012282e-01 -1.03206314e-01
    1.89142767e-02 1.26432157e+00 1.00157702e+00 3.83451492e-01
    1.38155615e+00 7.66166210e-01 9.22739387e-01 -3.79602700e-01
    1.20556509e+00 1.26695693e-01 1.34512722e+00 1.15851402e+00
    7.81184077e-01 7.32847989e-01 1.31258452e+00 6.46749258e-01
    4.17507529e-01 4.23920065e-01 7.31690586e-01 6.00823015e-02
    1.42212546e+00 1.16267407e+00 2.25256667e-01 1.43661439e+00
    5.57327628e-01 -1.66621566e-01 7.23279238e-01 1.12261511e-01
    7.81405866e-01 3.46190989e-01 -5.58145083e-02 2.80449361e-01
    1.35248208e+00 1.09396338e+00 4.04803663e-01 1.24219334e+00
    3.55929613e-01 -1.75210252e-01 3.92709017e-01 1.37587190e+00
    -1.93595111e-01 1.00246862e-01 2.37589270e-01 4.26388204e-01
    4.36670959e-01 1.01308322e+00 -4.69831437e-01 9.17277217e-01
    -3.53916615e-01 1.04564095e+00 -4.84613389e-01 1.01165950e+00
    3.47684026e-01 6.75291896e-01 2.56256200e-03 3.10817778e-01
    8.23610246e-01 2.38191321e-01 -4.28012103e-01 1.07968283e+00
    6.94850504e-01 -2.90814102e-01 9.14870083e-01 -4.85727042e-01
    1.29457140e+00 1.31967270e+00 1.22575057e+00 8.08978230e-02
    4.59441036e-01 1.01221347e+00 8.09050977e-01 3.19360554e-01
    7.58082211e-01 4.82822031e-01 4.87616241e-01 1.17587841e+00
    -8.46236348e-02 7.22444504e-02 1.16264343e+00 5.29633999e-01
    1.19489121e+00 -1.78372227e-02 1.21789193e+00 -2.80963391e-01
    -4.27292198e-01 8.13709080e-01 6.53322518e-01 -6.25495762e-02
    1.73218607e-03 1.14415914e-01 2.01655179e-02 6.18135691e-01
    5.18256128e-01 9.75151956e-01 -3.46891612e-01 -2.56693333e-01
    7.56394267e-01 -3.69434953e-01 1.32132077e+00 -6.33681715e-02
    1.33607554e+00 5.28785110e-01 5.47450423e-01 -1.82452947e-01
    -3.60408574e-02 -3.90392751e-01 4.01975155e-01 -4.84599441e-01
    5.64165294e-01 -2.25730002e-01 1.02098572e+00 -3.92007738e-01
    1.21501446e+00 1.08076262e+00 -3.02613646e-01 5.36293149e-01
    1.98213473e-01 -3.60037647e-02 1.27901220e+00 3.66123676e-01
    1.18611538e+00 -1.28166676e-01 3.21130067e-01 1.22041214e+00
    1.36386946e-01 -4.19251084e-01 3.60872507e-01 1.05059576e+00
    9.05651391e-01 1.30686152e+00 4.55878908e-03 4.74227577e-01
    2.45253801e-01 -4.96908307e-01 1.05484509e+00 -4.40361798e-01
    1.23011839e+00 3.52551371e-01 6.95392191e-01 1.40319598e+00
    1.16183329e+00 -1.58929974e-01 7.72338271e-01 1.03780359e-01
    4.68789458e-01 1.44315028e+00 9.50238407e-01 -6.01475835e-02
    2.72000059e-02 1.42459261e+00 9.09045696e-01 2.16199949e-01
    1.35656643e+00 3.83814633e-01 1.26935029e+00 1.09262586e+00
    1.15485299e+00 1.08519375e+00 8.58605266e-01 2.91796416e-01
    1.22587430e+00 1.29133451e+00 -1.78318888e-01 8.09869111e-01
    3.66722226e-01 -3.84100109e-01 1.36600661e+00 6.59104884e-01
    1.30546406e-01 9.65698838e-01 1.41848409e+00 -6.50679460e-04
    1.25532544e+00 -3.77023667e-01 -3.47130656e-01 4.44731325e-01
    6.61023617e-01 6.53093532e-02 -2.78615743e-01 1.11302423e+00
    1.46418667e+00 -1.22087568e-01 4.48826067e-02 1.15343642e+00
    3.75171065e-01 4.33598071e-01 1.43166375e+00 1.21229482e+00
    2.57936746e-01 3.02497506e-01 -2.48845011e-01 1.42392182e+00
    -1.19841851e-01 1.49368489e+00 7.96100557e-01 -3.00134480e-01
    -4.40869570e-01 8.44182670e-01 -2.81431854e-01 1.11357808e+00
    1.25217760e+00 6.82296276e-01 -1.38470069e-01 1.01686525e+00
    -7.63846114e-02 1.10918248e+00 1.40450287e+00 3.69337082e-01
    2.18350530e-01 1.08729732e+00 1.50986302e+00 1.47601259e+00
    1.11983275e+00 6.33563995e-01 1.29696453e+00 3.01732302e-01
    -1.47625998e-01 1.41464388e+00 -2.01517910e-01 3.28244746e-01
    1.33847082e+00 1.21222460e+00 6.96944118e-01 1.10072172e+00
    -3.15891057e-01 1.29064783e-01 -8.16240609e-02 3.46103728e-01
    1.10932267e+00 9.64514762e-02 9.67801809e-01 -7.46928975e-02
    -2.52700269e-01 3.00220758e-01 1.01748645e-01 1.46541011e+00
    -4.40096319e-01 -4.86503422e-01 1.05427730e+00 -1.92843691e-01
    3.22460055e-01 1.01267993e+00 5.56146204e-01 3.68369937e-01
    1.39802724e-01 1.47058976e+00 -3.54432255e-01 7.31046617e-01
    -2.06962571e-01 1.37636423e+00 4.94016081e-01 7.97996998e-01
    1.12604928e+00 3.93010199e-01 1.35882020e+00 -5.01909435e-01
    1.41912723e+00 9.49250698e-01 -3.91713500e-01 -1.08971409e-02
    2.82591760e-01 1.29384589e+00 1.05317131e-01 -4.01452690e-01
    2.45135918e-01 8.31380308e-01 -3.68232697e-01 7.31678843e-01
    -6.59558028e-02 1.13319457e+00 1.06306767e+00 1.48015916e-01
    7.20639765e-01 1.10401101e-01 -5.04599988e-01 7.21939921e-01
    3.17137182e-01 1.09232080e+00 9.01653096e-02 7.16418564e-01
    9.27098930e-01 1.29228532e+00 8.47628176e-01 1.21080482e+00
    7.52932608e-01 4.95875143e-02 1.13517118e+00 1.18963921e+00
    1.42155313e+00 -1.22866929e-01 5.03912449e-01 -4.88185644e-01
    2.87565708e-01 -2.48461645e-02 1.02092874e+00 9.89300132e-01
    7.21041143e-01 -2.01043382e-01 1.11036098e+00 -1.80408910e-01
    6.25317454e-01 -4.34310406e-01 5.25740206e-01 -1.18732914e-01
    -1.39869109e-01 -4.42162365e-01 -4.20793861e-01 9.73495722e-01
    1.42894292e+00 1.14507973e+00 1.05874157e+00 5.71485281e-01
    1.19602561e+00 5.70519388e-01 9.67367530e-01 -3.12234670e-01
    5.26636243e-01 1.16292977e+00 1.44279850e+00 5.73881090e-01
    -3.68597895e-01 -1.46303609e-01 1.13517559e+00 2.57363468e-01
    -5.12647748e-01 6.37721956e-01 5.97959816e-01 9.84526992e-01
    1.10408068e+00 1.43169951e+00 -1.73265561e-01 -2.91050613e-01
    9.56410944e-01 1.29833734e+00 8.60727131e-01 1.42061436e+00
    -1.06686436e-01 1.54964834e-01 5.02004743e-01 -4.11754310e-01
    1.08640635e+00 2.68509269e-01 1.31844878e+00 1.06863785e+00
    -2.15831459e-01 1.04581487e+00 9.47363853e-01 1.10706496e+00
    7.46958137e-01 1.02327263e+00 2.22499028e-01 1.11557353e+00
    5.01434684e-01 -3.72275025e-01 1.22556114e+00 1.85672030e-01
    1.41696966e+00 1.04942238e+00 -1.87535420e-01 -1.85254067e-02
    5.45555413e-01 1.36060596e+00 2.46363148e-01 -4.87766564e-01
    1.36142135e+00 1.19499993e+00 5.02723038e-01 3.51653725e-01
    1.73082963e-01 2.62053519e-01 -5.14820158e-01 1.12980478e-01
    -3.47676575e-01 -2.91450262e-01 3.06764573e-01 5.82703590e-01
    1.15523899e+00 1.13853931e+00 1.41919267e+00 -1.17242299e-01
    -2.92405099e-01 -2.10371375e-01 7.87608922e-01 -1.68188438e-01
    -4.57243681e-01 3.77267003e-01 1.21461439e+00 -2.83563972e-01
    7.20326975e-02 6.50300622e-01 -1.99068576e-01 5.01981318e-01
    2.54507869e-01 1.51758790e-01 3.63498092e-01 1.23009384e+00
    6.10909939e-01 4.19350594e-01 1.02230120e+00 3.20345461e-01
    5.79023421e-01 -3.48621070e-01 5.60841918e-01 7.57790327e-01
    3.16150248e-01 -2.68925633e-02 8.24138701e-01 1.18172014e+00
    1.27412629e+00 5.16905665e-01 1.10251296e+00 -1.17840700e-01
    6.74384356e-01 7.06370294e-01 1.47422671e+00 3.21423292e-01
    1.44031060e+00 -2.40624472e-01 6.39984548e-01 -2.99586505e-01
    1.33640659e+00 4.27491486e-01 1.27244115e+00 -4.01077345e-02
    1.29737568e+00 1.24269581e+00 2.89741337e-01 1.32640553e+00
    -1.69118509e-01 1.41980147e+00 1.24718750e+00 1.70812517e-01
    3.85981441e-01 -4.97873306e-01 5.39233506e-01 1.08478677e+00
    1.03371632e+00 -4.38263081e-02 3.23431522e-01 1.09333408e+00
    3.28256100e-01 7.82956898e-01 1.02217257e+00 6.49777353e-01
    4.13567238e-02 1.50796640e+00 8.38608027e-01 2.73070067e-01
    -2.26588383e-01 -6.94180503e-02 8.99136901e-01 9.43389773e-01
    1.35667098e+00 1.27834809e+00 4.63528931e-01 4.18853611e-01
    1.09082961e+00 1.21958387e+00 2.15719104e-01 9.49634016e-01
    1.55380571e+00 -3.55600864e-01 1.06087945e-01 1.47206318e+00
    -2.47623011e-01 3.46123785e-01 9.19429839e-01 1.36835790e+00
    1.10905230e+00 9.66995835e-01 9.94657159e-01 1.02057326e+00
    1.13941759e-01 6.35553449e-02 1.56733668e+00 2.92925555e-02
    4.15698856e-01 -2.66134858e-01 -6.98683113e-02 -2.48553365e-01
    7.27965474e-01 1.25086284e+00 6.83277428e-01 9.27259266e-01
    9.54028249e-01 1.31676900e+00 1.24216780e-01 4.21203524e-02
    5.66818655e-01 6.66801035e-01 -2.80285150e-01 2.37235919e-01
    5.34672737e-01 -6.83989748e-02 9.65769112e-01 9.65111315e-01
    -2.27793530e-01 1.14605081e+00 3.27582628e-01 -1.32525966e-01
    1.61482781e-01 -2.02864438e-01 -2.53235817e-01 1.44047797e+00
    5.39948761e-01 -2.66217083e-01 6.09509528e-01 -3.27452540e-01
    1.14716101e+00 5.33520818e-01 -3.52166116e-01 1.19939335e-01
    -1.05619088e-01 -2.18676955e-01 9.80978012e-01 1.45200893e-01
    -1.28638104e-01 -3.16882491e-01 -2.86973566e-01 1.23174095e+00
    3.94736826e-01 3.42980504e-01 1.76071927e-01 -1.15888126e-01
    4.87494409e-01 1.65862963e-01 -8.32831673e-03 1.21511936e+00
    4.35419202e-01 -4.55636948e-01 1.17920601e+00 -1.82710379e-01
    4.50702369e-01 1.25960875e+00 -2.73953766e-01 7.06209421e-01
    -4.00910340e-02 1.27749741e+00 1.22116840e+00 6.33777976e-01
    1.32409561e+00 9.31250274e-01 6.50824487e-01 3.37832034e-01
    5.56371212e-01 9.08317149e-01 8.05420816e-01 1.88434944e-01
    1.41896141e+00 5.71117699e-01 1.03280985e+00 1.12864852e+00
    7.15753198e-01 6.09436750e-01 8.27170253e-01 1.00324675e-01
    -3.69370848e-01 1.29561889e+00 8.80032837e-01 6.44616365e-01
    1.06633496e+00 7.20889151e-01 3.58020335e-01 8.59547555e-01
    -4.21046019e-01 -4.50883985e-01 -2.68561006e-01 1.23451084e-01
    1.57123029e-01 6.74421728e-01 1.21388328e+00 1.36497355e+00
    1.12608588e+00 6.76228523e-01 -2.39638701e-01 1.00629163e+00
    -3.01178783e-01 1.42472339e+00 6.41935527e-01 4.05870527e-01
    1.25687301e+00 1.08584154e+00 -4.09110963e-01 4.13096666e-01
    1.04264116e+00 3.00980747e-01 7.01428950e-01 -4.06281173e-01
    -2.17845157e-01 -2.74965763e-01 4.90095377e-01 1.00822723e+00
    8.04639637e-01 8.30428660e-01 7.59099007e-01 1.05764546e-01
    2.02039540e-01 7.46651113e-01 -3.02780509e-01 9.49887812e-01
    7.92063236e-01 9.87625062e-01 9.94677842e-01 1.00827467e+00
    6.67998850e-01 6.23136997e-01 1.12920856e+00 1.43054843e+00
    3.41257043e-02 -1.65011629e-01 6.52115762e-01 -2.77772188e-01
    1.57721817e-01 -2.12238923e-01 -2.03108728e-01 1.00447798e+00
    1.15252361e-01 5.09117186e-01 3.84209633e-01 -2.12494992e-02
    8.34169865e-01 1.00380862e+00 -1.63132042e-01 1.24546373e+00
    3.65990013e-01 1.01218164e+00 -4.83144745e-02 1.44995379e+00
    1.20161164e+00 1.25676405e+00 1.28983867e+00 3.13639075e-01
    1.41460252e+00 4.32651371e-01 2.87110746e-01 -2.28318661e-01
    -4.02091354e-01 4.23435241e-01 1.15936935e+00 1.37127531e+00
    4.15591419e-01 -4.78577375e-01 -5.17944574e-01 -4.55274910e-01
    9.22609493e-02 5.30557513e-01 1.35511935e+00 6.08932018e-01
    7.74046957e-01 2.26340201e-02 -1.62879586e-01 -3.19830120e-01
    9.36387539e-01 -2.85111427e-01 9.52157676e-01 5.11877000e-01
    -4.80019987e-01 4.10262436e-01 1.43951452e+00 -2.62666941e-01
    5.43353260e-01 7.24569440e-01 8.93638194e-01 -3.59204680e-01
    8.35827589e-01 5.74205339e-01 1.20229661e+00 1.40023303e+00
    -4.69399661e-01 2.07492679e-01 8.17779958e-01 1.91175118e-01
    1.41875362e+00 6.05724871e-01 9.66228664e-01 1.34659126e-01
    -4.40767333e-02 1.21144895e-02 4.87726033e-01 -1.82347342e-01
    5.07238269e-01 9.14741099e-01 -4.58721727e-01 1.24998248e+00
    -2.28036389e-01 1.03460777e+00 -1.52500886e-02 5.68759024e-01
    1.18803370e+00 4.70602870e-01 1.31172693e+00 -2.08097339e-01
    1.29289329e+00 7.65080273e-01 7.63414085e-01 5.44691324e-01
    9.43994641e-01 6.47522211e-01 1.00540459e+00 -1.61427125e-01
    -1.61226913e-01 2.21554607e-01 6.06490552e-01 1.40714836e+00
    1.44000709e+00 1.29390883e+00 3.05577498e-02 8.25920999e-01
    -4.13413793e-01 1.33038366e+00 -2.12028950e-01 1.06150601e-02
    -4.13543522e-01 -2.95576751e-02 1.38931012e+00 9.39567506e-01
    6.98688328e-01 -1.41732529e-01 1.00090730e+00 1.08967888e+00
    -8.65290016e-02 1.27926305e-01 1.01821892e-01 -6.72190040e-02
    -1.52249783e-01 8.00228357e-01 4.75398511e-01 1.17332804e+00
    7.88958073e-01 -8.56552646e-02 -3.24386694e-02 9.79541540e-01
    1.16710949e+00 1.10127854e+00 1.06575596e+00 9.78429258e-01
    1.50185668e+00 1.44884193e+00 1.06157136e+00 1.26187432e+00
    2.11013839e-01 -3.47066790e-01 -1.98923379e-01 6.55541241e-01
    1.20338547e+00 -4.65666205e-01 1.38988936e+00 9.85947311e-01
    8.13830078e-01 -2.75396943e-01 5.56342781e-01 5.19433975e-01
    7.88066983e-01 1.36026108e+00 5.62397659e-01 1.43278420e+00
    5.24870276e-01 1.35909295e+00 6.74192607e-01 1.52269155e-01
    -4.54481065e-01 5.19121826e-01 2.76154131e-01 -3.40741098e-01
    1.20470464e+00 7.87171006e-01 4.64611024e-01 -2.16522932e-01
    7.62505352e-01 1.46581328e+00 7.04664230e-01 6.22812808e-01
    1.26996589e+00 3.20690930e-01 1.27489293e+00 3.77150029e-01
    9.55028951e-01 8.71765733e-01 3.24839890e-01 1.12667513e+00
    -4.89436328e-01 1.09295475e+00 1.37372136e+00 1.18714941e+00
    1.48536623e-01 1.04137313e+00 -1.77001022e-02 2.91710109e-01
    -1.35128528e-01 -3.77192229e-01 1.02936780e+00 7.45750666e-01
    7.88255334e-01 5.52513063e-01 1.11450088e+00 1.28616321e+00
    -5.24206281e-01 8.63213658e-01 1.34516507e-01 -4.27854627e-01
    4.75701481e-01 -2.35015482e-01 9.55503702e-01 5.45842826e-01
    2.80175745e-01 1.29577434e+00 -2.45046481e-01 -1.43141195e-01
    7.13663280e-01 1.41446149e+00 9.64368701e-01 -4.40711068e-04
    1.30141950e+00 -3.20928305e-01 1.27093482e+00 1.30152082e+00
    -2.47103125e-01 1.03443170e+00 5.67134678e-01 -5.05246073e-02
    7.41491973e-01 1.03976488e+00 -1.67319313e-01 1.33571935e+00
    -3.01618259e-02 -1.85269222e-01 2.94348300e-01 8.50056231e-01
    1.29840481e+00 2.66867131e-01 3.27067733e-01 1.23337150e+00
    1.35904429e-02 6.37958527e-01 1.27343845e+00 4.28227574e-01
    1.17513466e+00 1.21540284e+00 1.09284973e+00 1.01637542e+00
    -2.20139250e-01 -3.02900344e-01 -3.84260774e-01 1.12676524e-01
    9.98500168e-01 1.35388541e+00 2.88672715e-01 9.33695018e-01
    -3.68362069e-01 6.53584599e-01 1.35848010e+00 -2.81485636e-02
    1.05886364e+00 -9.11640972e-02 2.83838063e-01 5.03509462e-01
    9.87056255e-01 1.22486782e+00 3.58107805e-01 1.46140301e+00
    3.28691512e-01 1.61616951e-01 6.08752787e-01 -5.51829673e-02
    9.25938725e-01 -2.20324755e-01 9.31394696e-01 1.83165655e-01
    -1.78550765e-01 1.30464339e+00 1.46931946e+00 1.18443394e+00
    7.39749968e-01 1.35742879e+00 3.70490640e-01 5.31294644e-01
    4.03972059e-01 -2.97307134e-01 4.11902629e-02 -1.08343586e-01
    -4.49152857e-01 1.03731155e+00 1.24540854e+00 -4.27433193e-01
    7.31530368e-01 -1.27044290e-01 7.94170260e-01 7.34859169e-01
    5.54527223e-01 1.17638290e+00 9.52287793e-01 1.47998345e+00
    7.30223298e-01 -4.13778126e-01 1.31059289e+00 1.21312523e+00
    2.10215952e-02 5.26660860e-01 2.11531892e-01 -4.82399166e-01
    1.89386249e-01 1.02330983e-01 5.05745672e-02 5.02737105e-01
    5.32456577e-01 -3.79444540e-01 9.67484474e-01 8.90716314e-02
    3.89490515e-01 8.90704334e-01 9.87599552e-01 3.37827921e-01
    1.02295828e+00 1.48019540e+00 2.88224995e-01 5.18009722e-01
    1.31040001e+00 -5.06580293e-01 1.10314095e+00 -1.93896785e-01
    7.13282168e-01 -2.98040539e-01 1.41694915e+00 2.43972301e-01
    -3.11739117e-01 -4.72567230e-01 -5.30688539e-02 9.69859898e-01
    3.30838948e-01 1.48208451e+00 -2.47794613e-01 1.21166669e-01
    1.13441014e+00 -4.49654549e-01 8.73313844e-01 7.29256630e-01
    6.12459421e-01 3.77377272e-01 9.55057502e-01 -7.88989067e-02
    -4.54027295e-01 1.37804306e+00 5.25719523e-01 4.74980503e-01
    9.40859556e-01 4.70609069e-01 8.89558792e-01 -5.19562326e-02
    -4.23592746e-01 2.54144669e-01 -3.39726120e-01 1.34658051e+00
    -1.06419750e-01 8.85353684e-01 1.41277945e+00 2.49364734e-01
    1.06991029e+00 8.02730441e-01 1.17604673e+00 -3.70827824e-01
    1.24424303e+00 -4.49004114e-01 1.10890806e+00 1.15749860e+00
    1.21856070e+00 3.52081954e-01 1.55616887e-02 5.88745296e-01
    3.34468037e-01 -3.83312553e-01 7.36746907e-01 3.44833344e-01
    8.09652209e-01 8.90191019e-01 8.61494429e-03 6.46163344e-01
    -1.00160740e-01 2.30738699e-01 9.25781071e-01 7.49413729e-01
    -2.17318773e-01 1.25223625e+00 1.52657926e-01 1.20882578e-02
    4.19268727e-01 1.50509405e+00 -1.81351349e-01 2.45189726e-01
    5.63724279e-01 9.97008145e-01 7.36841857e-01 1.49195683e+00
    5.88620961e-01 9.89644408e-01 4.25696254e-01 3.55910867e-01
    1.17375135e+00 2.19729111e-01 1.26975834e+00 1.04189444e+00
    4.50819433e-01 -3.39094609e-01 1.03073455e-01 -3.76679271e-01
    -1.55942217e-01 -9.28497240e-02 5.48544228e-01 1.09649360e+00
    5.17335892e-01 -2.49356523e-01 1.35912514e+00 8.40529323e-01
    6.55086219e-01 3.05359364e-01 1.46096990e-01 1.19929123e+00
    -4.45162654e-01 1.42409086e+00 -3.47168535e-01 1.47684586e+00
    1.11711979e+00 1.34530377e+00 8.25808227e-01 1.37776589e+00
    -1.06558196e-01 -3.77886474e-01 2.59985834e-01 7.07500100e-01
    2.44750995e-02 1.37816668e+00 4.13394272e-01 3.91269267e-01
    1.47845471e+00 1.13228232e-01 1.19593012e+00 7.66966879e-01
    5.75117588e-01 1.01243162e+00 -2.19399959e-01 9.93632972e-01
    1.16041327e+00 1.06996620e+00 8.34859490e-01 2.42107838e-01
    2.04972520e-01 -3.19942497e-02 1.91030651e-01 -4.34815377e-01
    -2.32940078e-01 -1.44298553e-01 1.44434559e+00 4.39049244e-01
    8.57438147e-01 -3.88164133e-01 1.12701654e+00 1.02151811e+00
    3.05106103e-01 -3.51781815e-01 1.20506072e+00 9.70963895e-01
    4.73314434e-01 -8.00131336e-02 -1.70909107e-01 3.83741677e-01
    1.43177664e+00 7.72992671e-01 -3.47193740e-02 1.61180034e-01
    4.58157390e-01 5.82626641e-01 -2.74128839e-02 1.45130289e+00
    7.75826037e-01 4.98009384e-01 6.07920825e-01 1.16538000e+00
    7.83490241e-01 1.36849105e+00 1.05279779e+00 6.32836998e-01
    -4.20051575e-01 1.83059901e-01 2.72478014e-01 1.18576157e+00
    1.86791912e-01 -2.87389129e-01 5.96464157e-01 -9.09453072e-03
    5.00575118e-02 2.77370811e-01 3.19623888e-01 -2.77879238e-01
    -1.94623739e-01 1.15962732e+00 -1.84210446e-02 1.34605932e+00
    3.34047616e-01 1.45142293e+00 1.44826329e+00 -3.85478795e-01
    5.42721629e-01 -1.79738671e-01 1.47731555e+00 1.15599453e+00
    1.27705097e+00 7.53853500e-01 -3.75997812e-01 6.29291773e-01
    -2.26943493e-02 9.69340503e-01 -1.93727940e-01 8.35591733e-01
    -2.17608675e-01 2.52089888e-01 7.90999174e-01 1.39677095e+00
    -3.31738412e-01 9.36478257e-01 1.01140642e+00 1.39829266e+00
    2.96219200e-01 6.63756847e-01 2.92576551e-01 -2.57725976e-02
    -2.22653970e-01 5.53662062e-01 1.70311525e-01 1.18403053e+00
    -7.79356733e-02 1.27257180e+00 1.31711864e+00 -9.14433375e-02
    4.46366221e-01 1.46495438e+00 -3.82157981e-01 8.63326371e-01
    5.39045520e-02 1.31447959e+00 1.24326825e+00 -3.67910981e-01
    6.76700115e-01 1.33180702e+00 1.43576562e+00 6.79501295e-01
    5.33241332e-01 7.72554517e-01 -3.81892592e-01 7.12859809e-01
    1.35086012e+00 5.16020298e-01 1.25301552e+00 1.34703875e+00
    8.57671261e-01 -4.72614914e-01 7.54750594e-02 6.06816590e-01
    -4.43241954e-01 9.96894717e-01 -1.87716454e-01 1.22103035e+00
    8.95446479e-01 1.10732508e+00 -1.89932182e-01 1.41433096e+00
    -2.43035778e-01 -8.91936347e-02 1.42270052e+00 6.57061458e-01
    8.13456953e-01 -2.49583106e-02 6.28135800e-01 9.52501774e-01
    7.77285516e-01 4.52887535e-01 5.97303450e-01 6.94864154e-01
    3.50558788e-01 7.87150919e-01 5.48473179e-01 -2.04787612e-01
    -3.73118445e-02 9.35029685e-01 4.84190136e-01 8.67684841e-01
    5.16835809e-01 8.15055132e-01 -5.10902464e-01 7.91943073e-01
    5.57041943e-01 9.68331575e-01 7.33315468e-01 6.56852067e-01
    3.72273892e-01 1.34188044e+00 1.12985826e+00 9.54184294e-01
    -5.72094768e-02 6.55372381e-01 2.87133664e-01 -5.39971665e-02
    1.31817114e+00 6.66467473e-02 -3.38748544e-01 6.81423903e-01
    -4.72336859e-01 1.21231294e+00 -6.20186068e-02 -2.10587606e-01
    1.22618628e+00 2.04496741e-01 -3.44896585e-01 6.28151894e-01
    8.21211934e-01 -3.81458133e-01 6.81247056e-01 8.36564362e-01
    -3.60215567e-02 6.38658583e-01 -4.09642726e-01 -2.30960384e-01
    -2.67779708e-01 2.66908973e-01 6.16750717e-01 1.18595469e+00
    6.22948349e-01 -4.38591838e-01 9.97495279e-03 1.71381950e-01
    1.39650428e+00 1.04616427e+00 6.85540080e-01 1.02881563e+00
    8.48524511e-01 8.56100246e-02 8.47985923e-01 1.11313030e-01
    -1.30505055e-01 -1.87624112e-01 8.54357421e-01 -1.37696922e-01
    1.88549235e-01 -2.28450671e-01 1.39358294e+00 -1.99405961e-02
    1.23337674e+00 1.11437583e+00 9.61695910e-01 2.82390326e-01
    6.73333168e-01 -3.87926370e-01 -3.75843704e-01 6.20904148e-01
    8.93351614e-01 2.93138772e-01 1.19582546e+00 -2.15315878e-01
    1.54306248e-01 1.04620743e+00 4.48594928e-01 -4.69846636e-01
    1.10071325e+00 6.80932641e-01 2.17788294e-01 1.26876056e+00
    6.14182711e-01 -1.07320420e-01 8.95549774e-01 1.49670005e+00
    2.40568593e-01 -3.20529044e-01 5.41576743e-01 -4.91012841e-01
    -4.89631265e-01 1.45692813e+00 1.45800138e+00 9.11998510e-01
    6.33115113e-01 4.76179123e-01 1.38687491e-01 1.25186384e+00
    -3.28424513e-01 1.14191341e+00 9.25027013e-01 1.17031145e+00
    5.73642433e-01 -4.57253814e-01 7.57729769e-01 1.35751414e+00
    1.02443084e-01 1.27105129e+00 -4.05274302e-01 7.44889796e-01
    1.19236302e+00 1.46265447e-01 -1.21528305e-01 3.30361903e-01
    -4.56312448e-01 7.46369302e-01 9.13191259e-01 4.52260554e-01
    1.05089176e+00 -3.91344666e-01 -4.26890880e-01 6.72575295e-01
    -8.74835327e-02 -1.51446080e-02 -1.50337085e-01 1.01667072e-03
    -4.01299655e-01 1.34471285e+00 5.00866294e-01 7.11402953e-01
    1.47676861e+00 4.39608365e-01 8.30727637e-01 7.16479063e-01
    -1.03262022e-01 -2.75496334e-01 9.29539502e-01 -1.16492175e-01
    7.13346362e-01 -4.16998982e-01 1.49473715e+00 -1.89282447e-01
    8.29319656e-02 7.39672184e-01 -1.96553931e-01 9.86515582e-01
    1.46735620e+00 -2.33116895e-01 1.11866748e+00 -1.32508412e-01
    2.57359594e-02 1.14021277e+00 9.35520113e-01 8.00272524e-01
    -2.50909925e-01 5.64903691e-02 2.64422923e-01 1.14269042e+00
    1.36688495e+00 -1.04289979e-03 8.82425487e-01 -4.79172081e-01
    5.73958695e-01 6.14880323e-01 2.49730557e-01 7.70438135e-01
    -1.34832084e-01 1.22066081e+00 9.49967027e-01 3.17836165e-01
    7.82792211e-01 1.27178991e+00 -7.00937882e-02 -1.48606181e-01
    5.43065488e-01 5.58203280e-01 1.44081593e+00 9.36518073e-01
    -6.92663863e-02 3.24815251e-02 1.44270813e+00 1.40934587e+00
    7.55261600e-01 -1.12783074e-01 -5.34829013e-02 3.20629954e-01
    3.01510841e-01 5.80449224e-01 1.27366734e+00 -1.08926721e-01
    1.51802576e+00 1.36346728e-01 8.60539317e-01 4.98684555e-01
    1.21744227e+00 3.23815882e-01 1.81823209e-01 -2.63242833e-02
    3.50383937e-01 7.11648762e-01 1.13286161e+00 1.01640403e+00
    8.11185837e-02 1.24427092e+00 -4.52277005e-01 -2.46879444e-01
    1.41219604e+00 9.86597776e-01 1.40393829e+00 7.39839792e-01
    -3.97073954e-01 -3.13820839e-01 1.22394753e+00 1.15104094e-01
    1.55156925e-01 4.30659294e-01 8.01519215e-01 1.43540132e+00
    9.39048767e-01 7.75481701e-01 2.57058173e-01 -3.54895800e-01
    4.13869411e-01 -2.86593318e-01 -1.66739300e-01 1.45758295e+00
    1.40421152e+00 1.16238761e+00 8.73894393e-01 1.10976911e+00
    -9.99442711e-02 -3.76654714e-01 1.38397312e+00 8.46715569e-01
    3.78297269e-02 1.07713747e+00 -1.17672510e-01 1.28778851e+00
    4.74183671e-02 8.70431215e-02 1.68965518e-01 -8.19047317e-02
    6.61492229e-01 -5.25255084e-01 9.68999624e-01 1.43601775e+00
    1.05792916e+00 1.06168473e+00 1.46216226e+00 1.19245541e+00
    1.37765133e+00 1.38506341e+00 -3.21139455e-01 4.91322309e-01
    2.73446709e-01 1.42047358e+00 4.24839526e-01 1.35060978e+00
    1.38601854e-01 1.79828957e-01 8.24324071e-01 3.07289481e-01
    9.05805886e-01 1.91640645e-01 8.06777477e-01 8.38099271e-02
    -1.56495452e-01 1.33769774e+00 -9.40812379e-02 -4.47783709e-01
    -1.59719616e-01 7.82678664e-01 4.33427513e-01 1.28284737e-01
    6.20626986e-01 5.71435273e-01 -4.18632627e-01 4.18363273e-01
    3.38607430e-01 -2.83153832e-01 6.00963473e-01 3.02852452e-01
    9.71554339e-01 9.71374393e-01 1.46288013e+00 -1.11560397e-01
    1.28319228e+00 5.44643462e-01 1.18140139e-01 -2.08169416e-01
    5.71916699e-01 2.92408377e-01 9.34930503e-01 -4.58039194e-01
    4.79818672e-01 -3.27866465e-01 5.92516005e-01 2.85297602e-01
    -4.87136930e-01 4.99247968e-01 1.37782526e+00 1.36425763e-01
    5.43924391e-01 -1.39217794e-01 4.54953969e-01 9.11261916e-01
    1.04731473e-03 1.18769360e+00 -1.78391427e-01 1.31694555e+00
    -7.41782412e-02 -1.66178048e-01 1.12522673e-02 3.86099756e-01
    7.30433762e-01 -2.37764806e-01 2.33684063e-01 -3.14761281e-01
    1.28669620e+00 3.84277523e-01 -1.38126090e-01 1.03399956e+00
    1.19150126e+00 1.39866614e+00 4.04318601e-01 1.14645338e+00
    1.43013501e+00 2.56082982e-01 -3.74842823e-01 1.84092194e-01
    -9.59905908e-02 8.35182369e-01 7.48686373e-01 -3.23121697e-01
    8.47020090e-01 -7.71605829e-03 3.82901579e-01 6.32836640e-01
    5.78719437e-01 7.58680999e-01 4.93110776e-01 1.28216004e+00
    1.14972675e+00 1.30357742e+00 5.28810084e-01 1.10388303e+00
    8.89891624e-01 9.05443728e-01 5.81631474e-02 -2.70593494e-01
    1.21048355e+00 -1.51672170e-01 9.41396832e-01 -8.25837702e-02
    6.98004544e-01 2.40294218e-01 1.49422371e+00 -5.52582275e-03
    2.99398720e-01 1.15555477e+00 -4.72124934e-01 1.85642436e-01
    1.20833862e+00 1.31896555e-01 -2.98023134e-01 4.54454064e-01
    1.18338621e+00 6.06202662e-01 7.31010556e-01 7.27966189e-01
    -2.37574741e-01 9.72056761e-02 5.61638713e-01 4.53114957e-01
    2.64736354e-01 3.08588982e-01 1.11007607e+00 8.20179582e-01
    5.05273819e-01 1.26268923e-01 1.47641110e+00 3.05016071e-01
    5.58567345e-01 1.06848896e+00 -3.18319857e-01 4.00326550e-01
    7.65559301e-02 -3.48302782e-01 7.98220277e-01 2.09514692e-01
    -2.73495540e-02 1.17860401e+00 3.97110343e-01 7.58596659e-01
    -3.09427917e-01 8.98924351e-01 8.23374391e-01 2.37239271e-01
    -4.65262294e-01 7.46809125e-01 -2.18317538e-01 4.42127921e-02
    1.23949456e+00 3.94941002e-01 2.14965820e-01 1.49827731e+00
    5.76950848e-01 -6.89215809e-02 -1.83235750e-01 -4.23440933e-01
    1.92606851e-01 -3.28029960e-01 8.42033625e-01 1.37644601e+00
    1.05474043e+00 4.24874932e-01 4.41561818e-01 -4.51655149e-01
    6.58868551e-01 -4.22360510e-01 1.36925554e+00 -1.76988810e-01
    6.68585300e-01 -9.95480176e-03 2.78220087e-01 -2.19684049e-01
    1.33894098e+00 -3.51995319e-01 1.48171747e+00 1.07719648e+00
    1.05923128e+00 -3.11462164e-01 -3.41800094e-01 1.33365464e+00
    -2.53566921e-01 -4.26315740e-02 7.14661837e-01 -3.02918643e-01
    8.40992153e-01 -1.67801738e-01 4.69246954e-01 6.82282507e-01
    7.30550349e-01 1.34064412e+00 9.90206063e-01 4.17950004e-02
    4.59888875e-01 -3.70354772e-01 1.14992452e+00 1.28916216e+00
    9.68528807e-01 7.07363605e-01 1.87695965e-01 -4.52499509e-01
    1.60619825e-01 -2.82200068e-01 6.97609603e-01 -8.84378627e-02
    -4.06126559e-01 -5.95709570e-02 1.44111323e+00 -3.87788147e-01
    1.43240914e-01 1.38989672e-01 1.20884798e-01 1.32294595e-01
    1.44610178e+00 -3.87654006e-01 2.76727080e-01 1.31098819e+00
    -8.05668160e-02 -4.92921114e-01 1.18361378e+00 1.44102240e+00
    -1.26393765e-01 -9.45194960e-02 1.33214307e+00 -8.38456377e-02
    2.30692044e-01 3.65068585e-01 1.20520794e+00 -2.57003576e-01
    1.21741450e+00 5.41198373e-01 1.15391719e+00 1.37850296e+00
    6.16765857e-01 4.77710776e-02 1.00313567e-01 7.84737229e-01
    7.84341395e-01 1.42778194e+00 2.51624882e-01 1.28862524e+00
    5.24867356e-01 8.20333123e-01 -1.64752137e-02 3.62768590e-01
    1.61913157e-01 -2.75035203e-01 5.59834540e-01 9.89229739e-01
    2.44491309e-01 1.16325080e+00 1.18109250e+00 3.81809920e-01
    4.43050563e-01 5.92880368e-01 6.02352977e-01 6.05184376e-01
    -3.88379097e-01 -3.89423877e-01 4.89602834e-01 5.60582578e-01
    1.43221498e+00 2.92199612e-01 1.04756248e+00 1.13850474e+00
    3.11493456e-01 4.11518544e-01 8.71915996e-01 7.25867569e-01
    4.00027752e-01 1.15249312e+00 1.23938286e+00 1.49527049e+00
    9.12846148e-01 1.51149988e+00 1.21976507e+00 1.23493254e+00
    -2.25927994e-01 1.47747445e+00 -1.58577636e-01 -6.73975497e-02
    1.21793441e-01 5.05127072e-01 6.88814938e-01 -3.69085521e-01
    -3.90947685e-02 1.20486291e-02 1.67896539e-01 1.42973647e-01
    -8.62060413e-02 9.69265759e-01 4.54552621e-01 4.52628821e-01
    -6.13907650e-02 1.20579779e+00 2.59561449e-01 -2.45578706e-01
    -4.21478391e-01 1.21853340e+00 1.28392398e+00 1.05939591e+00
    1.36046886e+00 -4.76132244e-01 1.51319146e+00 1.28348207e+00
    5.46975255e-01 1.38104141e+00 -1.60798281e-01 1.00266826e+00
    1.54231596e+00 1.65515709e+00 5.57295322e-01 9.85487342e-01
    1.28859687e+00 -1.15864836e-01 6.74391091e-01 5.57435036e-01
    1.14353204e+00 1.16860616e+00 1.46645021e+00 2.17602104e-01
    7.65836418e-01 5.55742204e-01 7.58379400e-02 8.51553798e-01
    9.91208494e-01 3.98773402e-01 1.33763003e+00 1.18370041e-01
    8.48665595e-01 4.46592689e-01 -4.26546425e-01 -4.22357142e-01
    8.16362381e-01 1.04947793e+00 4.30271149e-01 8.93495917e-01
    6.59846008e-01 -3.00589353e-01 4.26576138e-01 1.07159591e+00
    9.41303253e-01 4.75741848e-02 -1.19831124e-02 1.42674851e+00
    -1.15469486e-01 1.12066615e+00 1.32516050e+00 2.73511589e-01
    1.32417059e+00 9.38872576e-01 -8.04685131e-02 5.85514247e-01
    -2.46549800e-01 -4.02102739e-01 3.11919153e-01 3.24880838e-01
    5.99200368e-01 -4.59422797e-01 1.19388855e+00 -3.74207139e-01
    4.89675909e-01 9.85001624e-01 1.28279626e+00 -4.71408635e-01
    6.02613747e-01 1.18374586e+00 1.29715014e+00 3.77057254e-01
    5.28230658e-03 2.86243111e-01 1.27781105e+00 4.55242842e-01
    -9.38254148e-02 3.62238735e-01 -3.54444623e-01 1.25017071e+00
    1.38804233e+00 1.50389671e-01 2.50846773e-01 9.24942791e-01
    8.59094799e-01 -4.40232217e-01 5.64713538e-01 2.49452353e-01
    8.13813388e-01 5.08520842e-01 -1.42681912e-01 1.28813190e-02
    8.85362446e-01 1.33753002e-01 -4.01227653e-01 1.45714390e+00
    1.58527166e-01 4.86079246e-01 -4.88209814e-01 1.09627247e+00
    -1.54621929e-01 9.74515319e-01 1.32611310e+00 7.82082200e-01
    2.44170949e-01 6.31644607e-01 1.44253552e+00 1.13118924e-01
    2.33115897e-01 1.16312289e+00 -1.54367447e-01 -4.85656112e-01
    4.94010627e-01 7.08520561e-02 2.77033657e-01 5.89958429e-01
    -2.69957393e-01 6.10034704e-01 4.77289379e-01 1.34637189e+00
    -2.95187652e-01 4.89853859e-01 3.12874109e-01 -8.32880288e-02
    7.99546361e-01 1.43258762e+00 1.13981998e+00 2.47976348e-01
    3.18015605e-01 -7.38490969e-02 6.30708411e-02 4.66775775e-01
    7.89854467e-01 1.33462822e+00 1.13059938e+00 -2.00743318e-01
    1.46043432e+00 8.69276047e-01 1.04508579e+00 6.48220062e-01
    5.69662638e-02 1.63860191e-02 1.23808408e+00 2.59932280e-01
    1.14622152e+00 -3.17568004e-01 2.11139530e-01 9.12468076e-01
    -1.91758037e-01 6.37170196e-01 8.99945080e-01 3.74718696e-01
    1.37934983e+00 2.74760872e-01 1.46511853e-01 -1.42695038e-02
    9.50700402e-01 1.16322577e-01 4.04467702e-01 1.20508909e+00
    4.08797890e-01 1.11443472e+00 4.85213488e-01 -6.78870231e-02
    1.34231472e+00 4.52700913e-01 9.77052212e-01 3.67182851e-01
    2.33256862e-01 1.22060740e+00 7.25674152e-01 6.28357828e-01
    1.38781941e+00 -2.43186802e-01 4.84050006e-01 1.33349979e+00
    -2.80908316e-01 -1.76785409e-01 1.84121430e-01 1.12146103e+00
    2.83304930e-01 1.20772493e+00 1.10266447e+00 1.15559816e+00
    -3.56636852e-01 -3.48065674e-01 6.36868954e-01 1.12103951e+00
    -8.03497508e-02 8.30954492e-01 8.11983168e-01 1.49218845e+00
    -2.58423746e-01 4.88938510e-01 -4.90309119e-01 2.66525805e-01
    1.03410578e+00 -3.01584583e-02 3.31763536e-01 -1.32562518e-01
    -3.05132806e-01 -2.28327021e-01 -2.13896945e-01 1.96180761e-01
    3.19254845e-02 -6.66910559e-02 2.15505064e-01 1.25359344e+00
    9.17180836e-01 -1.48689047e-01 4.29582804e-01 1.34666026e+00
    6.84073806e-01 9.61772442e-01 -5.81107922e-02 3.78311247e-01
    1.04960275e+00 1.30371654e+00 8.96778762e-01 8.40496659e-01
    -1.65423334e-01 9.99794826e-02 -1.27246290e-01 1.47676277e+00
    9.66831923e-01 -3.38881224e-01 -1.94113050e-02 -2.90002733e-01
    -3.29537809e-01 9.71498787e-01 3.22791815e-01 -3.22872400e-01
    1.90692887e-01 8.73744428e-01 7.57285893e-01 -3.38358134e-01
    6.80860758e-01 1.10831189e+00 -3.73240322e-01 -1.28662780e-01
    1.35685337e+00 -1.20808363e-01 -2.08916694e-01 1.08665323e+00
    1.43693244e+00 7.44224668e-01 1.48505127e+00 2.93514550e-01
    -8.66037458e-02 1.21776366e+00 1.01760440e-01 1.22192502e+00
    6.03179447e-03 1.42059493e+00 9.38781083e-01 1.87749401e-01
    1.16521633e+00 4.15723324e-01 3.85050595e-01 1.37952197e+00
    -1.36142433e-01 -4.15526330e-01 8.94921422e-02 4.83940274e-01
    8.56690466e-01 -1.41086027e-01 -2.35187754e-01 -3.31425250e-01
    1.50357807e+00 1.35310411e+00 6.29799187e-01 1.42277312e+00
    1.23234463e+00 1.08449864e+00 4.12134439e-01 1.67114079e+00
    1.03528261e+00 1.12774599e+00 -2.52348542e-01 3.81879032e-01
    4.02389020e-01 2.51265258e-01 2.13614210e-01 1.14270878e+00
    6.85484648e-01 -8.64131674e-02 9.18374598e-01 1.10704756e+00
    1.35684776e+00 -1.54121116e-01 4.73690957e-01 2.88876414e-01
    1.12562919e+00 8.38758111e-01 4.84244287e-01 1.81859225e-01
    -4.35911357e-01 4.45276320e-01 6.41264141e-01 5.29413521e-01
    9.10250247e-01 1.69272185e-03 3.41275394e-01 1.44328937e-01
    1.67473122e-01 1.38627827e+00 -2.12246865e-01 4.60696518e-01
    5.23850471e-02 7.16313839e-01 -1.03132002e-01 -4.89937700e-03
    7.42397487e-01 3.07146817e-01 -2.11478323e-01 -3.26555371e-02
    -3.90776992e-01 3.98256361e-01 5.51745772e-01 3.53615910e-01
    2.37567991e-01 1.07631993e+00 -1.58895329e-01 -2.25924641e-01
    9.94011387e-02 2.66848356e-01 -1.84049830e-02 -1.74045086e-01
    -4.26219314e-01 7.79594481e-01 -4.00604546e-01 1.28396034e+00
    1.01603734e+00 6.55967236e-01 1.07236016e+00 -2.51345396e-01
    9.74728286e-01 -4.13836777e-01 9.12023604e-01 7.50824094e-01
    -2.17157006e-02 -3.87613595e-01 3.76090348e-01 1.38742959e+00
    5.47324061e-01 7.37550020e-01 3.95743757e-01 -4.85924125e-01
    1.11054695e+00 1.45351887e+00 3.47601593e-01 1.38388371e+00
    -3.90442282e-01 4.90165532e-01 -1.54537529e-01 1.15902948e+00
    -2.15266347e-01 7.93784931e-02 -2.61921100e-02 6.97562814e-01
    1.18925810e+00 4.18822825e-01 5.05131602e-01 -4.64581490e-01
    -4.34419185e-01 1.92534402e-02 1.43896863e-01 -4.26698774e-01
    6.09802723e-01 -9.43167694e-03 9.70532000e-01 1.46930385e+00
    -1.39711305e-01 -6.27031326e-02 1.29564261e+00 6.97270513e-01
    9.36257392e-02 5.91213167e-01 1.88308507e-01 1.01664209e+00
    9.77229297e-01 8.65770876e-01 3.93717706e-01 7.00416982e-01
    -4.67643559e-01 8.84819210e-01 8.29119146e-01 -2.59327829e-01
    4.79563147e-01 -1.26967400e-01 -1.76766619e-01 3.91607404e-01
    6.33326322e-02 9.73426878e-01 3.95928890e-01 5.87290764e-01
    -3.50019783e-01 7.54011512e-01 9.44695413e-01 9.29868758e-01
    -3.28728616e-01 -3.93742114e-01 -2.20343918e-01 4.97571319e-01
    -3.92415822e-01 1.05752552e+00 -2.66052067e-01 7.57077932e-01
    2.22501710e-01 6.47275448e-01 3.16446483e-01 1.36493778e+00
    1.43338189e-01 1.45447481e+00 -4.29168731e-01 -1.97697535e-01
    3.08997273e-01 6.16109490e-01 6.43082619e-01 3.66090715e-01
    1.42389429e+00 1.38479638e+00 7.09097922e-01 -8.59725624e-02
    1.04809213e+00 5.89703321e-01 6.70942724e-01 9.41300094e-01
    1.47446322e+00 8.02753806e-01 -4.44865912e-01 -1.01246767e-01
    1.06486773e+00 -3.16342145e-01 3.52588236e-01 -2.62911439e-01
    6.33261383e-01 -2.27061450e-01 2.98605800e-01 -2.34371826e-01
    2.04375610e-02 2.45400295e-02 6.89842939e-01 1.22349870e+00
    2.38156408e-01 -3.45093429e-01 1.13278544e+00 1.20593297e+00
    1.14481770e-01 5.96888363e-01 2.89510265e-02 -4.28120732e-01
    -2.00999647e-01 1.34020996e+00 -4.49707568e-01 -3.77996825e-02
    -2.29432166e-01 9.25776958e-01 3.39325726e-01 1.43723786e+00
    1.18187380e+00 1.88392699e-02 9.25847709e-01 1.07129550e+00
    1.23627818e+00 -5.02208114e-01 -3.89275044e-01 1.20510972e+00
    5.71518064e-01 -2.72578210e-01 3.13248187e-01 -1.81978330e-01
    -4.53294367e-02 1.04475296e+00 8.53672922e-01 6.37475193e-01
    7.57384822e-02 3.41657281e-01 -1.26397640e-01 7.13473499e-01
    6.03678048e-01 1.04187393e+00 1.16927600e+00 1.17994606e+00
    -5.17202727e-03 1.10598946e+00 4.43082422e-01 1.30208051e+00
    1.30261111e+00 1.39332163e+00 8.04098904e-01 -4.17053998e-01
    -3.50799441e-01 1.29046464e+00 1.31619203e+00 3.44212919e-01
    2.43743256e-01 2.70566911e-01 8.98479283e-01 -1.69606566e-01
    1.26930285e+00 1.45638406e+00 9.11096156e-01 7.59548128e-01
    7.88055360e-01 7.91347086e-01 -4.90691990e-01 1.29266429e+00
    1.42314565e+00 1.12596190e+00 2.08249331e-01 1.06572151e+00
    1.42865145e+00 7.05537617e-01 9.80798781e-01 1.11196709e+00
    9.60964739e-01 -4.74730313e-01 3.70537609e-01 4.29718912e-01
    1.12983012e+00 1.56130588e+00 2.02753827e-01 8.62496495e-02
    6.07971586e-02 9.80398238e-01 -1.29295021e-01 1.18968344e+00
    6.07949972e-01 -3.35750394e-02 6.93345904e-01 1.09903407e+00
    6.92723738e-03 9.92945194e-01 -2.67197460e-01 1.15548062e+00
    -1.68800071e-01 3.43571603e-01 9.81695354e-01 4.24356282e-01
    -4.88484830e-01 4.87954736e-01 7.83013463e-01 7.27905154e-01
    1.76451802e-01 6.55632138e-01 -2.96953112e-01 3.73868674e-01
    -2.92144835e-01 1.42689735e-01 -4.80887353e-01 7.49283969e-01
    -1.69370696e-01 3.25375199e-01 3.02425772e-01 -2.02400818e-01
    1.33282089e+00 -2.55262852e-01 -3.97080630e-01 -5.81500679e-02
    1.25566483e+00 -1.97189584e-01 -3.04244190e-01 9.34631884e-01
    6.88849157e-03 -1.36137977e-01 1.35142744e+00 7.45738685e-01
    7.42159784e-01 5.40887952e-01 5.73814571e-01 5.32058537e-01
    1.08683705e+00 2.56413847e-01 -3.23763996e-01 7.88289428e-01
    1.39324117e+00 -2.60139018e-01 1.34838760e+00 8.88666272e-01
    3.72210413e-01 1.38352227e+00 1.78200111e-01 4.26643252e-01
    1.59802616e-01 4.94548678e-01 -2.94764459e-01 8.27320278e-01
    1.54914767e-01 1.38849461e+00 9.17327762e-01 3.86781573e-01
    8.91735554e-01 5.73648438e-02 1.63418055e-02 1.29980922e+00
    1.40751541e+00 1.03216100e+00 3.31665166e-02 9.83551264e-01
    3.31021518e-01 1.13310790e+00 1.37527454e+00 9.65443611e-01
    4.59928781e-01 1.35068166e+00 1.42071760e+00 1.04601598e+00
    -4.94250149e-01 1.27402258e+00 -2.21345305e-01 -1.91373438e-01
    6.93975866e-01 -1.83241919e-01 1.27190208e+00 7.35572875e-01
    6.46165013e-02 -7.47829229e-02 1.46082437e+00 -2.16477737e-01
    9.23505366e-01 9.71200228e-01 7.56585479e-01 1.11779833e+00
    1.34635463e-01 -3.16308409e-01 -9.25163850e-02 7.91816175e-01
    -2.87731081e-01 3.56601328e-01 1.14542091e+00 2.78669268e-01
    1.24091804e+00 8.90604317e-01 -4.40144986e-01 9.29444060e-02
    1.46610117e+00 8.52330476e-02 1.23811626e+00 2.88363565e-02
    3.90107334e-01 9.87908661e-01 1.04329062e+00 -3.63555670e-01
    4.97485399e-01 -3.15018892e-01 1.37917235e-01 -4.95692462e-01
    1.08174443e+00 -2.06410855e-01 1.13230026e+00 2.77320057e-01
    1.37330663e+00 -3.71752322e-01 -2.79900469e-02 1.34492421e+00
    1.51877791e-01 8.85283113e-01 -8.06947351e-02 3.38065624e-01
    1.17951846e+00 1.20249832e+00 4.55188036e-01 -1.06701320e-02
    8.86270344e-01 1.34694231e+00 6.35660291e-01 -1.62324131e-01
    -1.32937446e-01 1.35210216e+00 6.95935249e-01 -3.02740723e-01
    5.97858131e-01 1.21282965e-01 1.29518032e+00 2.44393706e-01
    -3.08754325e-01 4.26830560e-01 8.12435508e-01 6.18044019e-01
    -2.52145320e-01 -4.55976307e-01 7.93292642e-01 1.24745548e+00
    1.24903023e+00 7.66630828e-01 5.40642738e-01 1.80082083e-01
    4.63805139e-01 4.10462767e-02 1.01691329e+00 -3.42670172e-01
    1.33204198e+00 1.47957158e+00 1.02286331e-01 3.38827163e-01
    4.83124465e-01 2.84168839e-01 8.59725714e-01 1.29014552e+00
    1.18610787e+00 -4.30154204e-01 -5.01710594e-01 6.69790208e-01
    6.62573934e-01 8.81326675e-01 3.58784348e-01 8.24103236e-01
    1.20388484e+00 3.92323583e-01 1.44479287e+00 -3.34013611e-01
    -3.11488900e-02 3.56120378e-01 8.88352633e-01 1.07267904e+00
    2.49399215e-01 -3.04696321e-01 -2.74985343e-01 1.10767233e+00
    1.02624524e+00 1.24958646e+00 1.07222939e+00 -5.62495254e-02
    1.40433562e+00 7.06730664e-01 2.32476458e-01 2.21711323e-01
    1.45570922e+00 3.84292841e-01 1.10015130e+00 6.28273726e-01
    6.88295782e-01 -2.90808715e-02 1.31293523e+00 -2.69589722e-01
    2.59986490e-01 -3.44358623e-01 4.60112751e-01 8.52465510e-01
    -5.25695860e-01 3.86445075e-01 5.12500167e-01 7.59271443e-01
    -4.39090103e-01 3.48071381e-02 2.36042574e-01 4.06060934e-01
    1.38457626e-01 9.66582000e-01 2.55820632e-01 1.04371762e+00
    3.47335964e-01 -4.27342623e-01 -4.67036486e-01 4.55421388e-01
    1.15677226e+00 -4.69799668e-01 5.28447509e-01 7.32724965e-01
    1.34774411e+00 4.21864748e-01 1.09419048e+00 4.34915453e-01
    1.30899537e+00 4.77207273e-01 -5.22089481e-01 -7.12240934e-02
    7.06793904e-01 1.30601752e+00 2.69223481e-01 -3.91243935e-01
    1.52185455e-01 1.11611784e+00 4.34631705e-01 5.39668679e-01
    -1.61394358e-01 -3.75142902e-01 1.25849247e-01 1.52666509e-01
    3.52686107e-01 1.45303226e+00 8.03843021e-01 6.68756485e-01
    1.36724734e+00 -2.77253121e-01 1.37680495e+00 -1.60774052e-01
    -2.26368651e-01 4.52074826e-01 1.54393660e-02 8.27694714e-01
    1.39471984e+00 7.30555952e-01 1.14116147e-01 6.30798519e-01
    6.49004638e-01 1.42950189e+00 -3.29729140e-01 -4.29221928e-01
    -3.05138439e-01 8.13116431e-01 8.34294498e-01 -4.38677281e-01
    8.80590558e-01 1.39170694e+00 1.09519780e+00 1.71893045e-01
    -2.22305521e-01 -1.35262132e-01 1.06348956e+00 -9.14680436e-02
    5.44921577e-01 4.27459538e-01 1.25530970e+00 8.60554278e-01
    -4.95855846e-02 2.51809269e-01 -7.02331588e-03 -3.67811590e-01
    3.27232897e-01 1.20812440e+00 1.30192578e+00 2.12906897e-01
    1.26523781e+00 7.41852164e-01 1.13972950e+00 -2.00358152e-01
    1.42056203e+00 1.48286593e+00 1.25150263e+00 8.62986326e-01
    1.08459997e+00 5.06214857e-01 1.30787146e+00 1.75082579e-01
    1.26710355e-01 1.09527707e+00 8.99888277e-01 5.22623956e-01
    -1.28109783e-01 1.23162544e+00 8.50427389e-01 1.01967394e+00
    5.10084510e-01 4.10377532e-01 4.54875380e-01 1.40019047e+00
    -2.06594825e-01 4.52631831e-01 5.70459545e-01 3.39218304e-02
    1.27160478e+00 -3.49480242e-01 1.46717682e-01 1.34005868e+00
    3.83622944e-01 4.57152933e-01 1.42217350e+00 9.96394396e-01
    -4.26404685e-01 -3.10558826e-01 2.72601694e-01 -1.16903983e-01
    1.49144340e+00 5.38077891e-01 1.06546581e+00 -4.85222399e-01
    3.00190628e-01 -3.05902928e-01 9.73019242e-01 -2.89430529e-01
    3.81773770e-01 1.06968522e+00 4.53330398e-01 1.31992841e+00
    2.21989393e-01 5.51723540e-01 1.80483405e-02 -3.60765904e-01
    -4.95556220e-02 -4.31061238e-01 1.17864001e+00 -3.88629526e-01
    1.03250182e+00 -3.79946500e-01 2.62412906e-01 1.44245470e+00
    -4.11966950e-01 -1.49694353e-01 1.01474345e+00 6.05096340e-01
    3.83118272e-01 -1.66664079e-01 -6.97426423e-02 3.03802073e-01
    1.10894895e+00 1.05740595e+00 1.34752047e+00 9.79362726e-01
    3.81165534e-01 5.42758942e-01 8.50313127e-01 6.41591311e-01
    -3.78993213e-01 8.20400000e-01 1.11100900e+00 7.20395088e-01
    5.59995711e-01 -2.03085512e-01 -2.84350514e-01 8.70627224e-01
    1.59273192e-01 -4.99726906e-02 1.05747056e+00 1.39749730e+00
    -1.27101883e-01 2.07672521e-01 -7.67082199e-02 4.33369875e-01
    9.94053632e-02 1.18881321e+00 -2.34531417e-01 1.71280131e-02
    -1.33712128e-01 6.89706028e-01 -4.40320253e-01 3.29348981e-01
    1.90057427e-01 -2.03410313e-01 9.02818024e-01 5.15376806e-01
    8.76788944e-02 6.06509030e-01 1.44568312e+00 9.04622614e-01
    1.16903114e+00 1.04340696e+00 -3.80878747e-01 1.46095955e+00
    9.85829234e-01 1.25635350e+00 7.33766973e-01 5.70669591e-01
    6.34085536e-01 1.88623965e-01 8.12054336e-01 -2.56895065e-01
    7.39605665e-01 1.08101439e+00 7.45261908e-01 -8.73627588e-02
    8.04331675e-02 1.44129574e+00 -1.50297403e-01 1.24216723e+00
    -1.68039665e-01 1.16064000e+00 7.18983233e-01 2.53882557e-01
    -1.74892470e-01 1.26332116e+00 -2.77363509e-01 -1.15236521e-01
    3.33218306e-01 -4.70094115e-01 7.42270827e-01 7.95436084e-01
    1.89414039e-01 1.09209597e+00 1.04757905e+00 2.60191292e-01
    1.10995650e+00 1.27699196e+00 3.09026241e-01 9.28187251e-01
    -3.94703120e-01 1.41647387e+00 -7.93101788e-02 6.18543625e-01
    -4.19977665e-01 -3.88160527e-01 -1.89722687e-01 1.45619619e+00
    -1.34661540e-01 1.04965174e+00 4.66189325e-01 4.47868139e-01
    5.07909775e-01 3.71511906e-01 1.08228421e+00 1.36673117e+00
    8.56856227e-01 8.49773705e-01 3.02167051e-02 1.32700300e+00
    2.33825371e-01 5.86767912e-01 -1.98509410e-01 3.40399742e-01
    8.14240098e-01 1.13268280e+00 -3.89952838e-01 -4.07920731e-03
    4.57757294e-01 1.11977983e+00 9.29688215e-01 4.16874856e-01
    4.06343400e-01 4.96335596e-01 3.81545097e-01 9.21321392e-01
    5.09954512e-01 1.21875930e+00 1.36361253e+00 3.50228667e-01
    -2.70966411e-01 5.94636738e-01 1.96045265e-01 8.27297926e-01
    1.19800556e+00 1.52416676e-01 8.16352546e-01 1.76422447e-01
    1.12270987e+00 -4.17876184e-01 1.04771093e-01 5.60047090e-01
    3.75153780e-01 -2.95018047e-01 9.84598458e-01 2.80352384e-01
    1.10648656e+00 -2.41162747e-01 -3.62554193e-01 2.22277299e-01
    9.88595784e-01 1.13668299e+00 6.16454840e-01 1.13022864e+00
    7.49018788e-02 4.87076074e-01 -1.64819136e-02 5.04627526e-01
    1.64136219e+00 -2.76009351e-01 1.43023109e+00 7.65754759e-01
    -8.00311863e-02 5.06558061e-01 1.11926270e+00 1.28886890e+00
    -3.28721434e-01 6.99470401e-01 6.38822675e-01 8.39589611e-02
    -2.16045335e-01 6.16791189e-01 3.60605121e-01 -3.43022704e-01
    -3.33881557e-01 -2.23119125e-01 3.17828685e-01 9.21259940e-01
    -2.80116856e-01 5.16651630e-01 5.25014758e-01 1.29975712e+00
    4.72572237e-01 1.10939026e+00 9.21177864e-01 1.10108542e+00
    -3.07642281e-01 6.23017669e-01 5.90291798e-01 -3.24136496e-01
    8.27736199e-01 -4.35588986e-01 1.14831364e+00 7.98319280e-01
    -2.02397645e-01 2.19493419e-01 -4.37249184e-01 -1.86065912e-01
    7.06953883e-01 3.74063402e-02 6.16905570e-01 4.19937670e-01
    1.46215940e+00 -1.01465873e-01 7.40055561e-01 1.48750812e-01
    -9.04487222e-02 1.05054772e+00 1.29518878e+00 3.63434911e-01
    -1.93993766e-02 -2.82494485e-01 1.48374784e+00 2.08398476e-01
    1.80026218e-01 -5.04766345e-01 7.02113390e-01 8.47389638e-01
    -5.83342314e-02 4.44339544e-01 1.18890095e+00 -5.18043190e-02
    -3.10983807e-01 1.38488650e+00 -5.09299450e-02 2.37109691e-01
    2.67676681e-01 1.27272463e+00 -2.31906101e-01 1.14269328e+00
    1.09478092e+00 7.58879125e-01 -2.99613178e-01 5.96985482e-02
    6.61198735e-01 7.57819355e-01 -4.55641985e-01 3.14424008e-01
    8.58764052e-01 1.21452570e+00 1.03224003e+00 8.37861717e-01
    3.22062224e-01 -4.20098186e-01 8.41018558e-01 -4.53988552e-01
    4.17753249e-01 1.51333463e+00 1.02673006e+00 1.48007584e+00
    6.66505456e-01 1.15353847e+00 -1.04975790e-01 9.82298255e-01
    -1.35243507e-02 6.33278163e-03 -2.30058238e-01 1.29142702e+00
    7.77792811e-01 5.86177826e-01 6.28468931e-01 4.30271804e-01
    2.83874422e-01 1.11809516e+00 4.70865935e-01 -8.74782354e-02
    8.85315418e-01 1.11190438e+00 -2.26198763e-01 6.44160032e-01
    -3.55964035e-01 8.86322021e-01 9.06262696e-01 3.51268679e-01
    1.14224618e-02 6.76045954e-01 1.04637706e+00 1.02662730e+00
    1.23043108e+00 -1.45283118e-01 -7.83680826e-02 -1.07812703e-01
    4.22994137e-01 7.29398727e-01 -2.66637594e-01 3.66314620e-01
    1.46599305e+00 6.53617740e-01 5.78418791e-01 -1.73788831e-01
    7.91697979e-01 9.55416709e-02 1.18087769e-01 -1.40578091e-01
    7.10267663e-01 4.28941876e-01 1.16326141e+00 -1.86725095e-01
    7.69341707e-01 5.53242505e-01 5.68005919e-01 2.53890008e-01
    7.34304368e-01 -2.29510456e-01 6.12348020e-01 4.90887135e-01
    5.69710433e-01 5.06705225e-01 -3.24778818e-02 5.66259027e-01
    9.20137107e-01 1.47883308e+00 1.41002560e+00 -1.77265629e-02
    1.20136034e+00 -5.88501524e-03 -5.06527066e-01 3.71930659e-01
    1.42019403e+00 1.34245062e+00 1.32542050e+00 5.20860314e-01
    1.22913980e+00 -1.76650286e-01 1.31853104e+00 7.50141084e-01
    1.04530737e-01 3.05124581e-01 -1.21455751e-01 1.30742240e+00
    1.32452536e+00 3.25220048e-01 6.02674603e-01 1.12223983e+00
    1.25788856e+00 1.32602000e+00 -2.98255771e-01 1.22639203e+00
    -6.37257472e-02 1.27666581e+00 8.98606241e-01 4.65591341e-01
    1.23240507e+00 7.94312775e-01 1.37911451e+00 9.65179026e-01
    1.07258201e+00 5.89681827e-02 -3.11924100e-01 6.51786625e-01
    8.53430271e-01 7.71885037e-01 7.12456822e-01 1.20967284e-01
    -5.21754384e-01 -2.85992295e-01 1.14613295e+00 -5.50760031e-02
    5.69874883e-01 1.63054034e-01 1.47454178e+00 -1.24574818e-01
    1.31642759e+00 1.01231253e+00 1.01600313e+00 1.12062609e+00
    2.61756172e-03 7.20473051e-01 3.91283602e-01 1.01362598e+00
    -4.54222351e-01 6.89166486e-01 1.37056202e-01 2.93026209e-01
    1.36486721e+00 5.68491995e-01 2.24075228e-01 1.28069854e+00
    6.81816399e-01 -2.35288769e-01 4.02160257e-01 1.37841690e+00
    1.21017945e+00 -2.48775005e-01 8.31667960e-01 -1.71985820e-01
    3.36109310e-01 1.40993059e-01 3.74063849e-01 -2.32817039e-01
    8.91487062e-01 2.96177745e-01 -1.80242080e-02 1.04941154e+00
    -4.00749147e-01 -1.28299817e-01 1.29488111e+00 1.42685497e+00
    2.44835675e-01 1.12768173e+00 3.61511648e-01 -7.90535733e-02
    1.39697051e+00 6.86122775e-01 1.48183382e+00 1.15826893e+00
    5.72983444e-01 1.40235329e+00 -1.95901603e-01 1.03447175e+00
    1.52297449e+00 1.13052332e+00 7.10977614e-02 2.49285042e-01
    2.35141531e-01 1.18919086e+00 1.47797453e+00 3.18794608e-01
    9.69587862e-01 1.47879350e+00 1.23855007e+00 -4.02348578e-01
    -2.58212745e-01 -5.78510948e-02 9.93600667e-01 1.06436336e+00
    8.89862776e-01 1.14893071e-01 -3.67221266e-01 5.45190334e-01
    1.36574328e-01 1.20053446e+00 -4.89997208e-01 3.11234593e-01
    1.33045721e+00 4.29024160e-01 1.12849295e+00 1.60827979e-01
    1.14019287e+00 2.45079637e-01 -1.69196486e-01 6.14347816e-01
    1.34586740e+00 -4.71922755e-01 4.72296536e-01 -4.85223830e-01
    1.27111888e+00 1.04333460e+00 -3.88434350e-01 -2.59287447e-01
    4.84541625e-01 -4.03343588e-01 1.13689113e+00 8.05232227e-01
    -4.09854412e-01 8.43926728e-01 1.37443459e+00 6.94241822e-01
    8.16024661e-01 4.01510000e-01 -9.28747728e-02 4.15368199e-01
    1.04084241e+00 -1.22682475e-01 1.13476419e+00 9.35413778e-01
    2.74573803e-01 8.88487935e-01 -2.23212183e-01 -3.71018380e-01
    1.01465094e+00 1.38202655e+00 3.55308563e-01 3.24288100e-01
    8.85620117e-01 5.48446238e-01 -1.22892074e-01 7.14743912e-01
    1.20827913e+00 7.06330240e-01 -4.74592388e-01 6.45442680e-03
    1.37198567e+00 7.48106241e-01 1.38952946e-02 2.37378344e-01
    -1.19573176e-01 8.63802314e-01 4.03889984e-01 1.90236568e-02
    -4.34650220e-02 -4.16163117e-01 -1.36585921e-01 1.29904449e+00
    8.65732193e-01 1.49226880e+00 7.35253632e-01 1.34000850e+00
    3.07078004e-01 -4.25829738e-01 -4.82421190e-01 2.73690335e-02
    5.45182288e-01 1.17664707e+00 9.68245327e-01 -3.31952900e-01
    -3.16763103e-01 1.11695039e+00 1.36229742e+00 -5.80476895e-02
    4.40363646e-01 1.15426219e+00 -3.86275023e-01 -3.88618022e-01
    1.07198465e+00 1.13901281e+00 5.94122589e-01 8.77291039e-02
    6.95311010e-01 1.05380130e+00 -4.83699620e-01 5.27861238e-01
    2.13531226e-01 -4.52950336e-02 8.08226466e-01 3.99700910e-01
    7.16178790e-02 1.29623294e+00 1.42070115e+00 -3.62619609e-02
    -2.15024740e-01 4.27090377e-01 1.43551815e+00 -4.03866172e-01
    1.28602970e+00 4.22455192e-01 4.18342769e-01 6.13909066e-01
    -3.72851372e-01 8.44941754e-03 1.48418784e+00 -4.87826794e-01
    5.92618346e-01 -1.11575410e-01 1.45861125e+00 1.36563945e+00
    -3.99122566e-01 8.52568388e-01 -2.51545191e-01 1.02542806e+00
    2.37058491e-01 9.50727582e-01 9.50982630e-01 -8.57827291e-02
    3.27307701e-01 2.73532838e-01 3.81936431e-01 7.65249431e-01
    5.20362973e-01 1.19895577e+00 7.48706400e-01 2.75400937e-01
    5.69160938e-01 4.44341749e-01 -8.98014158e-02 -3.77504826e-01
    3.92889112e-01 -2.09039897e-01 1.16474068e+00 1.12946045e+00
    1.47128642e+00 5.35444796e-01 -2.29002401e-01 -4.02665511e-03
    -2.73319900e-01 3.71215105e-01 8.09212685e-01 -4.96451885e-01
    -2.18601927e-01 1.89418614e-01 5.70060015e-02 1.20333767e+00
    -4.58913809e-03 -6.30335882e-03 1.29248452e+00 -1.78629309e-01
    3.83514941e-01 1.01278102e+00 5.19925952e-01 3.66269261e-01
    5.63359976e-01 1.26773810e+00 6.70748413e-01 6.33149147e-01
    1.02360928e+00 2.00617537e-01 8.05244803e-01 -2.90712267e-01
    7.47359812e-01 7.06267536e-01 6.60321340e-02 -1.30889803e-01
    1.39181471e+00 1.26673806e+00 8.70046914e-01 8.75831187e-01
    5.68392813e-01 3.15207504e-02 -4.81567234e-01 9.97741401e-01
    1.40201616e+00 1.43673539e-01 7.55029559e-01 1.45168495e+00
    1.42084897e+00 1.08190618e-01 4.66940477e-02 1.18597531e+00
    8.77474323e-02 9.77203846e-01 8.24079394e-01 -4.02569741e-01
    -4.83350992e-01 8.54067206e-01 -1.45972650e-02 -6.27248511e-02
    2.64947712e-01 1.36252820e+00 4.10816781e-02 7.10135341e-01
    -3.69213402e-01 5.85782707e-01 3.30223180e-02 1.64471969e-01
    1.60467938e-01 6.03151321e-01 -2.15410441e-02 -3.37558955e-01
    6.76856518e-01 -2.40302786e-01 -9.85129178e-02 1.40575552e+00
    5.21208942e-01 4.99457359e-01 -4.26515609e-01 8.20373476e-01
    1.48845375e+00 -8.99316594e-02 8.79434645e-01 -3.40823025e-01
    1.39086878e+00 1.43644941e+00 2.57986188e-02 1.06882691e+00
    1.02010882e+00 3.74341846e-01 3.25135596e-04 3.00398231e-01
    1.10482037e+00 3.30912650e-01 1.44049299e+00 5.29157162e-01
    8.28818202e-01 -1.34523764e-01 1.38379145e+00 1.63017571e+00
    1.17505813e+00 2.11583078e-01 1.62539685e+00 9.06760573e-01
    1.08028054e+00 7.07527876e-01 7.33348131e-01 2.28190958e-01
    1.02749097e+00 3.95146787e-01 5.39649189e-01 6.35575801e-02
    1.08485460e+00 7.03589261e-01 5.67248687e-02 -1.94098298e-02
    6.21291041e-01 2.01163396e-01 -3.53781022e-02 6.90144956e-01
    5.00134826e-01 8.71992588e-01 9.66117263e-01 -3.77193242e-01
    8.15928042e-01 -3.51033248e-02 2.46600911e-01 1.47111487e+00
    3.83782722e-02 1.35593545e+00 9.61297035e-01 2.34939337e-01
    4.13084142e-02 9.24009979e-02 1.19953096e+00 3.54504913e-01
    -6.57425746e-02 6.93692982e-01 -4.82825488e-01 7.69506931e-01
    1.89158127e-01 2.77410448e-01 -3.29284631e-02 7.05618441e-01
    1.12368274e+00 2.15077981e-01 -3.51119995e-01 9.35908496e-01
    -2.99869984e-01 5.18790353e-03 -1.73144326e-01 -4.57796782e-01
    1.17685986e+00 8.78774285e-01 -2.69182235e-01 6.21016920e-01
    1.36526883e+00 3.31953019e-01 1.23990464e+00 -3.96357268e-01
    -1.08836606e-01 1.10607469e+00 1.20869470e+00 1.22033417e+00
    3.96887630e-01 -3.10184211e-01 -2.28988096e-01 1.31360984e+00
    7.29279160e-01 -4.47156310e-01 -4.44900244e-02 4.56869677e-02
    4.93304819e-01 -4.62009050e-02 -2.80104280e-01 1.07845783e+00
    3.10793757e-01 8.82439241e-02 1.12294480e-01 1.89633846e-01
    1.30132532e+00 6.70067919e-03 8.76516461e-01 -2.24220455e-01
    8.22696030e-01 -2.52503455e-01 7.90068507e-01 -1.73799425e-01
    6.73950315e-01 -1.28486797e-01 -3.64920348e-01 5.97988009e-01
    1.45122957e+00 -2.80864954e-01 1.50107634e+00 1.12533331e+00
    4.02496636e-01 -4.57821302e-02 9.60741043e-02 7.79253468e-02
    7.78186500e-01 1.21315992e+00 -2.89890200e-01 1.46259856e+00
    1.52447200e+00 1.71019465e-01 9.61545050e-01 -1.86394542e-01
    -3.08624685e-01 5.73119998e-01 1.13112569e+00 5.86033225e-01
    1.49156666e+00 2.38328278e-01 1.39975703e+00 8.36181760e-01
    -3.13148528e-01 1.02587986e+00 9.78195667e-01 3.22947949e-01
    -2.91667849e-01 6.51652098e-01 -1.85427591e-01 5.29197566e-02
    1.37808275e+00 -3.61126661e-01 4.11796510e-01 -5.44149578e-02
    1.21224296e+00 2.00702682e-01 5.36509156e-01 1.04382002e+00
    -2.55563855e-01 -1.31723866e-01 7.08243787e-01 3.96854550e-01
    1.38825223e-01 1.50710356e+00 9.88753617e-01 7.43399858e-01
    1.06591070e+00 2.79586554e-01 1.38199556e+00 7.19865680e-01
    9.55499351e-01 -2.33636841e-01 1.17790885e-02 9.14358139e-01
    9.35810447e-01 5.26250064e-01 1.46607673e+00 7.58325636e-01
    8.06700706e-01 1.14942098e+00 1.72045037e-01 6.35066628e-01
    7.90463746e-01 -4.63612467e-01 2.80363858e-01 9.76995081e-02
    6.74216092e-01 4.25266981e-01 6.17725849e-01 1.32247281e+00
    -4.09260541e-01 7.03344822e-01 1.69803023e-01 -4.42718536e-01
    1.10372111e-01 8.05237651e-01 -1.38299197e-01 -4.22383174e-02
    -3.40424925e-01 9.09711301e-01 1.33743674e-01 9.50893581e-01
    -1.81000292e-01 7.17679381e-01 -3.12456340e-01 1.00448561e+00
    1.41470182e+00 -2.35602930e-01 -2.30484113e-01 -3.55567157e-01
    -4.97455925e-01 7.74983466e-01 1.08194673e+00 -3.74606758e-01
    -3.47701788e-01 1.32625592e+00 2.20138893e-01 1.05182743e+00
    6.00576885e-02 1.04235709e-01 1.72364101e-01 1.22284985e+00
    5.75219393e-01 1.31152499e+00 1.13744736e+00 1.01974383e-01
    -8.38743970e-02 1.21678030e+00 4.91949350e-01 -3.83150309e-01
    -4.03358489e-01 5.36976270e-02 1.14653647e+00 6.61140680e-01
    1.83159262e-01 6.41643047e-01 8.42411399e-01 8.33274603e-01
    5.14649034e-01 5.97671866e-01 2.06650913e-01 8.19516897e-01
    9.93824959e-01 7.68638909e-01 4.27247614e-01 9.03009832e-01
    8.43528688e-01 2.17102930e-01 1.12821460e+00 6.53579295e-01
    -4.05752808e-01 5.16534150e-01 9.27025080e-01 -3.09697360e-01
    4.97804821e-01 5.36985815e-01 -2.76468694e-01 5.90035915e-01
    -5.63669242e-02 1.49470174e+00 -3.43339890e-01 1.38172364e+00
    5.39055228e-01 1.18963897e+00 -1.05474979e-01 -3.34474444e-02
    7.76202321e-01 -3.43136460e-01 4.26200479e-01 7.31001258e-01
    5.54574549e-01 9.01451826e-01 1.17262113e+00 -8.24220255e-02
    1.19026220e+00 -1.55195193e-02 9.85406458e-01 9.29823279e-01
    1.62019193e+00 1.50679779e+00 1.22492814e+00 2.21830815e-01
    8.03861558e-01 3.08907002e-01 3.46227616e-01 -8.27009007e-02
    1.30137134e+00 1.19001853e+00 5.09700716e-01 1.03809750e+00
    1.36200190e+00 1.17401361e+00 -3.02192266e-03 7.24115060e-04
    -9.36890990e-02 -1.71390802e-01 8.68308425e-01 -4.16257113e-01
    -3.73130023e-01 6.62912667e-01 1.39216828e+00 5.90656579e-01
    1.10967791e+00 9.01745707e-02 1.00132978e+00 1.32752204e+00
    9.00737047e-01 1.07070422e+00 -1.09953590e-01 1.31028700e+00
    4.83085394e-01 1.41307867e+00 -1.13841124e-01 1.14134896e+00
    -3.08065414e-01 1.00900733e+00 4.89339568e-02 1.08706045e+00
    5.82583606e-01 9.52999532e-01 6.65217191e-02 -5.07613420e-02
    1.42342818e+00 -3.01820517e-01 1.34384835e+00 -3.30769420e-01
    1.28120613e+00 1.31377649e+00 7.93736458e-01 1.37224925e+00
    4.93132360e-02 5.92337370e-01 5.67590415e-01 9.18058872e-01
    5.92764318e-01 3.61580223e-01 9.64096546e-01 -4.46528405e-01
    6.75729811e-01 4.95603025e-01 -4.22047675e-01 9.88904014e-02
    5.23808658e-01 9.68416452e-01 1.30557036e+00 1.42148602e+00
    1.45905876e+00 1.29425788e+00 5.42673230e-01 1.43576372e+00
    -3.13906610e-01 1.03515446e+00 6.47640407e-01 7.17294991e-01
    -3.10561478e-01 3.65148693e-01 5.80147624e-01 -1.11679785e-01
    8.00252497e-01 -4.21962649e-01 1.28817940e+00 6.16967738e-01
    5.06994784e-01 -7.51868263e-02 9.64698672e-01 1.28564060e+00
    8.63410354e-01 5.33430502e-02 9.97744083e-01 1.12280637e-01
    2.43323624e-01 1.37542143e-01 6.68826461e-01 1.08194649e+00
    3.11869919e-01 1.45686460e+00 -5.05279414e-02 6.10217035e-01
    4.95031103e-02 2.19662845e-01 5.65757990e-01 1.61486641e-01
    5.63643932e-01 -4.08759981e-01 2.33726233e-01 -3.59461933e-01
    -9.05642360e-02 -9.77321565e-02 -2.24564642e-01 6.88360870e-01
    1.58221528e-01 1.05977762e+00 6.16845608e-01 1.79623216e-02
    1.18940961e+00 4.02354687e-01 1.03193867e+00 5.34128010e-01
    -2.10561544e-01 5.90027213e-01 1.14127481e+00 1.29871416e+00
    -2.74260402e-01 -1.70931101e-01 1.32998116e-02 9.10046026e-02
    3.97559516e-02 6.92107260e-01 4.20049936e-01 1.03381419e+00
    2.27371722e-01 4.58291858e-01 1.25284448e-01 5.47648549e-01
    -5.92785776e-02 3.17491233e-01 -4.07527030e-01 7.21834600e-01
    6.24139369e-01 7.98303068e-01 -9.70407352e-02 -2.13340491e-01
    1.44721210e+00 3.49192768e-01 -1.04880542e-01 4.49252218e-01
    7.48645961e-01 8.67458820e-01 -1.27841048e-02 7.61785865e-01
    1.40872959e-03 1.41120923e+00 -6.16046898e-02 -4.91755009e-01
    -5.43080792e-02 5.89248657e-01 -4.85837966e-01 1.07682097e+00
    2.21591696e-01 6.78159416e-01 1.30099404e+00 -2.84703255e-01
    -2.85305083e-01 -2.75755644e-01 7.09295124e-02 1.16188176e-01
    1.28302789e+00 9.18206394e-01 1.31169534e+00 3.88378352e-01
    1.24007010e+00 -3.57826114e-01 -2.89097160e-01 1.30293190e+00
    -2.99251854e-01 1.44636834e+00 5.67217350e-01 9.67898488e-01
    -3.43869656e-01 8.55421543e-01 1.42104968e-01 -3.79545391e-01
    -6.21881336e-02 -1.66311637e-02 2.63864994e-01 3.82427663e-01
    1.16653776e+00 -5.05500808e-02 -1.47837877e-01 4.43030447e-01
    3.30308765e-01 7.33061910e-01 3.97699624e-01 -4.75451231e-01
    1.06019139e+00 6.36668801e-02 -3.40562426e-02 1.33856022e+00
    6.85946941e-01 1.43496859e+00 3.85485888e-01 4.80602264e-01
    3.06725264e-01 3.18132460e-01 7.79988706e-01 8.05711687e-01
    6.63152277e-01 -8.51355493e-02 -4.78018045e-01 9.37965631e-01
    6.03927910e-01 1.18728757e+00 -5.43532491e-01 1.49398476e-01
    8.12228560e-01 1.34497988e+00 -5.09958565e-01 5.11218309e-01
    1.33377314e+00 3.46270412e-01 9.32217717e-01 2.05735117e-01
    1.36261094e+00 8.96968972e-03 -9.36175287e-02 1.46051764e+00
    -1.06746377e-02 1.62040845e-01 1.03239119e+00 9.82428789e-01
    -3.11289907e-01 6.66853368e-01 7.50259042e-01 1.38858691e-01
    -1.20768152e-01 6.63842201e-01 -1.27495528e-04 1.09390306e+00
    9.85275626e-01 6.81778848e-01 6.77216172e-01 -1.46131828e-01
    3.70420069e-01 1.21376109e+00 9.78794932e-01 1.46847749e+00
    1.00364065e+00 9.22001243e-01 6.66378081e-01 -6.50116950e-02
    -2.51875758e-01 -9.44572762e-02 1.18117881e+00 2.84903795e-02
    6.23733819e-01 -5.48578538e-02 1.18256891e+00 4.25410531e-02
    -7.21788630e-02 1.41771185e+00 1.96276501e-01 7.98837364e-01
    1.55810505e-01 8.91742259e-02 -1.33587837e-01 -2.28738919e-01
    7.60371029e-01 6.76509619e-01 4.93564695e-01 -3.05748910e-01
    4.87757146e-01 6.06274843e-01 -1.04018692e-02 -6.64041042e-02
    1.35398650e+00 7.80766010e-01 -3.68833654e-02 5.48331857e-01
    7.11937606e-01 1.31088901e+00 3.36293131e-01 1.02032197e+00
    1.20240271e+00 -2.57271770e-02 6.01309299e-01 7.11532712e-01
    3.49916890e-02 1.90604433e-01 2.76662141e-01 1.27722275e+00
    -3.67065798e-03 5.34630477e-01 5.00930727e-01 -1.45151645e-01
    3.56165580e-02 4.68318835e-02 -4.74866301e-01 7.56621420e-01
    -4.63908792e-01 -4.51373369e-01 1.00108111e+00 9.91385520e-01
    4.00378168e-01 -3.43811102e-02 -1.88288223e-02 4.44898397e-01
    1.40961397e+00 -2.11436853e-01 4.62297231e-01 8.77765417e-01
    -2.00662374e-01 7.46007800e-01 1.64048418e-01 1.31464410e+00
    1.38084799e-01 6.61070645e-01 -2.60056913e-01 5.42261899e-01
    6.86898008e-02 -2.95598567e-01 1.40958941e+00 2.36431152e-01
    5.85392229e-02 6.79572642e-01 5.40588081e-01 1.59042254e-01
    7.84637868e-01 1.38401806e+00 2.88803965e-01 4.44165945e-01
    1.22155619e+00 -3.65104049e-01 6.24963403e-01 1.38018930e+00
    -5.21450758e-01 1.34646022e+00 4.58820194e-01 5.47740102e-01
    -2.13559136e-01 1.45458293e+00 2.33871058e-01 -4.13211614e-01
    8.96804452e-01 5.03898561e-01 -3.17668170e-01 7.44025826e-01
    5.85682213e-01 1.01624274e+00 5.89253485e-01 6.00479186e-01
    2.19978854e-01 1.37204146e+00 1.51490247e+00 -2.95365453e-01
    -1.81203932e-01 6.19682491e-01 -3.47735882e-01 9.71919239e-01
    5.92280626e-01 4.92597163e-01 1.43666911e+00 9.46427509e-02
    1.41534841e+00 -3.88556331e-01 3.02252501e-01 3.13428581e-01
    1.47508144e+00 3.88265491e-01 2.61023313e-01 1.04789078e+00
    -2.25525111e-01 1.03259750e-01 2.18924899e-02 4.83438641e-01
    4.64659482e-01 -3.84229273e-01 1.38342583e+00 6.82147682e-01
    3.62102479e-01 1.00863203e-01 1.61343440e-01 1.48171699e+00
    1.09471165e-01 2.14585200e-01 2.27376204e-02 9.52516079e-01
    5.48162758e-01 8.86468828e-01 9.86605510e-02 7.49791205e-01
    1.43475366e+00 9.46049273e-01 8.99597287e-01 -3.27574998e-01
    -4.42259163e-01 1.27439806e-02 4.99373704e-01 -3.36986445e-02
    -2.28615761e-01 1.44248533e+00 1.09349728e+00 6.45272955e-02
    -3.57684910e-01 1.46485043e+00 8.69542658e-01 -1.44179910e-01
    3.71500760e-01 3.52818400e-01 1.03087270e+00 -4.01926160e-01
    2.30000496e-01 7.78880298e-01 6.26135170e-01 1.07588696e+00
    -6.99978098e-02 1.32948852e+00 5.51024795e-01 4.98489559e-01
    7.92170405e-01 -3.28553885e-01 -5.21954522e-02 1.61937758e-01
    1.17467082e+00 8.57182026e-01 6.69331193e-01 7.11207539e-02
    8.02803159e-01 4.30655003e-01 -6.58211261e-02 -2.36598656e-01
    8.53894651e-01 1.21428370e+00 -2.73412853e-01 -1.65051445e-01
    1.37663043e+00 2.27102801e-01 -2.19992585e-02 1.22993493e+00
    5.29627025e-01 5.60123801e-01 1.35847259e+00 3.98706406e-01
    1.13961339e+00 1.10867691e+00 -3.35824102e-01 -9.40115750e-02
    -2.28101358e-01 1.47261965e+00 8.37463677e-01 2.99405982e-03
    9.47342157e-01 8.88285577e-01 4.16844070e-01 1.55618444e-01
    1.37891066e+00 9.00511920e-01 -7.13090077e-02 1.23311329e+00
    7.81631410e-01 1.15563333e+00 3.85219693e-01 1.38384724e+00
    -3.32275420e-01 -1.02456652e-01 -1.23067565e-01 1.18282981e-01
    6.04994893e-01 8.57496798e-01 5.00865221e-01 1.21550941e+00
    -4.60630983e-01 -5.35192847e-01 4.76257712e-01 -2.07063317e-01
    1.08135426e+00 1.25303721e+00 1.60830200e-01 -2.48437390e-01
    2.16221228e-01 1.24041367e+00 1.19621682e+00 2.19193354e-01
    3.44096899e-01 5.33095896e-01 1.46952713e+00 9.63081479e-01
    6.21477187e-01 1.80033684e-01 7.40603507e-01 4.37406749e-01
    8.99194300e-01 5.47704287e-02 -3.44698250e-01 -5.12700438e-01
    1.13863504e+00 3.59203041e-01 1.26140499e+00 4.17261153e-01
    3.77465099e-01 2.37855881e-01 1.98359713e-02 1.09703636e+00
    1.06242621e+00 5.47891855e-01 2.24685565e-01 1.42072320e+00
    -2.85817355e-01 4.96914983e-01 7.92308807e-01 6.66307569e-01
    -1.38968691e-01 4.16800499e-01 5.65754592e-01 1.82478338e-01
    1.13141179e+00 -6.30217344e-02 4.12579685e-01 1.33104205e+00
    7.59867430e-01 1.50293791e+00 1.34804797e+00 5.70226789e-01
    5.87854445e-01 8.58500779e-01 -2.93603957e-01 4.90330070e-01
    2.16773942e-01 1.30357802e+00 -1.88742802e-01 3.76567394e-01
    1.24536765e+00 -5.20601690e-01 -2.74567395e-01 2.24906385e-01
    1.93006322e-01 5.18751502e-01 -1.46650031e-01 9.17090595e-01
    3.71473223e-01 3.56748194e-01 6.93867028e-01 1.19599052e-01
    1.35472894e+00 9.60560262e-01 1.44402337e+00 3.60219479e-01
    5.30327499e-01 5.98359108e-01 7.14569807e-01 -3.71908136e-02
    3.24583113e-01 7.80006945e-01 3.28035764e-02 1.38635188e-01
    6.97251797e-01 2.93475628e-01 -4.14318681e-01 1.32611775e+00
    -3.92549753e-01 -4.01120961e-01 4.93876308e-01 1.45096982e+00
    7.45823681e-02 1.29574990e+00 -2.53914565e-01 1.04826486e+00
    6.41371191e-01 1.35721207e+00 9.36409116e-01 2.60671675e-01
    1.09680843e+00 2.76757061e-01 -5.12975931e-01 9.73170280e-01
    -1.20313399e-01 1.09998059e+00 -1.23425849e-01 9.99517918e-01
    3.23446125e-01 5.08591056e-01 1.22861469e+00 7.96836078e-01
    1.27983510e+00 7.46720016e-01 3.99540693e-01 5.52284345e-02
    -1.84505537e-01 9.27383780e-01 1.40013242e+00 8.99581492e-01
    1.36915600e+00 -2.80699551e-01 3.48845005e-01 7.18989193e-01
    -2.36156046e-01 -3.58268201e-01 7.60613143e-01 9.26434338e-01
    1.47906065e+00 1.32527351e+00 -2.48483438e-02 1.46620154e+00
    9.11474466e-01 4.96631503e-01 1.25498140e+00 5.55207789e-01
    2.65492070e-02 9.87573922e-01 6.78894997e-01 1.08802414e+00
    7.89933145e-01 -2.05602974e-01 3.83334607e-01 5.52325130e-01
    -1.71247963e-02 -7.14175552e-02 1.30687809e+00 -2.81682312e-02
    8.51451978e-02 -9.09511298e-02 4.09780890e-01 1.32052410e+00
    1.69463441e-01 1.29558110e+00 8.38094413e-01 9.59454894e-01
    -4.47443664e-01 -1.62302643e-01 4.56470281e-01 2.56417990e-01
    9.45734859e-01 8.47064972e-01 -1.33373782e-01 8.54347229e-01
    3.04393917e-01 7.60487378e-01 5.45135736e-01 8.03644180e-01
    9.20506477e-01 6.75813630e-02 6.96756661e-01 2.18888909e-01
    3.66590053e-01 7.04545677e-01 4.53634948e-01 1.38735533e+00
    1.48476946e+00 5.68877637e-01 1.30504262e+00 6.51590645e-01
    1.25810206e+00 1.81470424e-01 4.62040305e-02 9.23725188e-01
    -1.61970586e-01 1.23331988e+00 6.38135523e-02 1.42552674e+00
    5.45453787e-01 1.37124926e-01 6.53610766e-01 4.59628366e-02
    -4.35339123e-01 1.11405420e+00 6.01348802e-02 -1.75522089e-01
    -4.36868399e-01 1.32991624e+00 -4.86873537e-01 1.16670692e+00
    2.62748420e-01 -2.47837871e-01 -1.18869290e-01 -4.47591245e-02
    4.88345027e-01 1.06203234e+00 4.05262977e-01 5.88413835e-01
    1.20384872e+00 9.99289513e-01 7.67713547e-01 4.58244920e-01
    1.31531203e+00 -3.99597228e-01 1.13817954e+00 1.47211349e+00
    -1.24159671e-01 9.82424259e-01 7.97179222e-01 1.02471802e-02
    -3.97292733e-01 1.41511965e+00 6.96953773e-01 1.06835032e+00
    1.14166057e+00 8.55086744e-01 -1.83788314e-01 -1.80156112e-01
    -2.03743190e-01 8.03908646e-01 -2.52077281e-01 1.52282432e-01
    6.50030136e-01 8.41849804e-01 1.34819984e+00 -2.38009602e-01
    4.20964211e-01 1.53374419e-01 5.25115967e-01 -2.81606704e-01
    6.52505815e-01 4.13795918e-01 5.04778385e-01 1.67136595e-01
    -1.57490864e-01 -3.13664377e-01 9.89388645e-01 4.61884081e-01
    -1.71944574e-01 -4.40022677e-01 1.04609251e+00 -3.08423163e-03
    -2.44926676e-01 9.55251813e-01 -2.91168869e-01 6.87807351e-02
    1.58406153e-01 6.74803197e-01 1.29646015e+00 4.26857546e-02
    1.45400465e+00 7.12760389e-01 3.64010543e-01 9.74024653e-01
    9.29593563e-01 2.75252730e-01 1.33120883e+00 6.92475021e-01
    1.35987806e+00 5.44954002e-01 -2.25807473e-01 2.74919659e-01
    5.51707856e-02 3.67677480e-01 -3.55335884e-02 -2.83108652e-01
    1.05898726e+00 7.11739659e-02 1.46360660e+00 1.15706766e+00
    2.45726287e-01 1.06019187e+00 6.57202840e-01 6.24824800e-02
    1.31764746e+00 -3.83348554e-01 1.38382757e+00 1.03814709e+00
    5.07863998e-01 -2.84357607e-01 5.46898901e-01 1.09125364e+00
    5.64213812e-01 2.06938609e-01 -2.47839525e-01 4.42452371e-01
    1.31869602e+00 7.18490779e-01 3.22181314e-01 1.36003757e+00
    6.38075769e-01 1.42134571e+00 8.78360748e-01 3.67907792e-01
    -1.04332775e-01 1.54350936e-01 -2.13451132e-01 8.68851244e-02
    7.66234577e-01 2.65979737e-01 9.54223633e-01 1.42118657e+00
    7.79334068e-01 -5.11109829e-01 -2.08930477e-01 1.43574667e+00
    1.17512368e-01 1.40915847e+00 7.79510796e-01 1.08727586e+00
    1.35011053e+00 1.26744533e+00 9.73773003e-01 -1.92071900e-01
    1.23001969e+00 -2.17576221e-01 1.31636930e+00 -3.45091701e-01
    1.28784403e-01 -7.20941052e-02 1.65594772e-01 -9.41557437e-02
    1.22953959e-01 1.79094866e-01 5.37556767e-01 8.01892102e-01
    1.33172596e+00 1.29641414e+00 6.93888307e-01 -2.96464264e-01
    5.30434608e-01 3.66275102e-01 6.15101397e-01 2.01752082e-01
    1.29981458e-01 1.34747851e+00 1.19604319e-01 1.31134665e+00
    5.58694243e-01 4.99504358e-01 9.25091863e-01 8.27191353e-01
    7.59736121e-01 1.36509955e+00 6.65542126e-01 1.17128301e+00
    1.40225387e+00 1.02987540e+00 1.38561678e+00 1.45806980e+00
    1.06296468e+00 1.45950782e+00 -1.57661904e-02 1.44950402e+00
    9.83203202e-02 -4.90534693e-01 4.49454904e-01 2.63778210e-01
    1.41357350e+00 1.21021330e+00 -4.62059528e-01 4.87815559e-01
    4.06403989e-02 1.12561846e+00 9.51749802e-01 8.14670742e-01
    1.38264930e+00 2.38549232e-01 9.56524909e-01 3.43605340e-01
    1.23990130e+00 -2.84928560e-01 1.02054310e+00 -2.18366459e-01
    5.22608876e-01 3.39249551e-01 1.33956683e+00 1.96746841e-01
    1.89705804e-01 -4.24910605e-01 1.35087061e+00 8.58163357e-01
    8.51022243e-01 1.14206743e+00 4.51520905e-02 1.43697846e+00
    3.12294811e-01 1.14916101e-01 6.48871064e-01 1.19155455e+00
    -3.53820384e-01 2.14384139e-01 1.17374384e+00 1.36927438e+00
    6.80333376e-01 9.55002964e-01 2.01792881e-01 1.30473518e+00
    1.41658306e+00 -1.28078640e-01 7.29975104e-02 1.17043138e+00
    1.90542087e-01 7.66099155e-01 8.03948760e-01 2.05732077e-01
    1.08437979e+00 -6.83845580e-02 -4.98114437e-01 1.87608868e-01
    1.38790941e+00 3.64322245e-01 -1.06518529e-01 5.19415081e-01
    5.48242450e-01 -4.51970965e-01 1.18612003e+00 1.32443428e+00
    1.02454156e-01 -1.31327122e-01 -1.82357147e-01 6.69278622e-01
    1.02365685e+00 1.35729563e+00 -1.73435554e-01 -4.69307089e-03
    4.19431813e-02 8.72278392e-01 8.27829957e-01 1.07959521e+00
    6.04439139e-01 9.90441322e-01 1.39131117e+00 4.38595079e-02
    4.58636731e-01 1.22095835e+00 1.11695305e-01 6.81882977e-01
    5.61519444e-01 6.42860830e-01 9.03844476e-01 -2.74508208e-01
    1.12900281e+00 9.72000003e-01 -4.25672948e-01 5.97200036e-01
    1.32232428e-01 8.54577601e-01 -4.15721536e-01 7.09093332e-01
    -4.36622590e-01 1.44527328e+00 -9.04133767e-02 -1.23009332e-01
    1.46504140e+00 5.60630083e-01 6.90619946e-01 1.06142867e+00
    3.84293377e-01 1.26545036e+00 -3.89904261e-01 6.29780293e-01
    9.25181389e-01 8.78499568e-01 6.97952390e-01 5.32569110e-01
    6.83452606e-01 3.12622994e-01 1.39692163e+00 -3.52126807e-02
    4.05082464e-01 7.44627655e-01 7.53938735e-01 1.14357114e+00
    5.82171321e-01 1.44370246e+00 2.46794924e-01 1.36479020e+00
    2.29944840e-01 4.56159025e-01 1.00757873e+00 5.88672459e-01
    1.89580783e-01 1.15215993e+00 -2.84139782e-01 1.11312330e+00
    -3.40901196e-01 -4.74799871e-01 1.24158752e+00 2.87607729e-01
    6.01735115e-01 1.06812739e+00 1.08736396e+00 1.34451365e+00
    1.17347181e+00 1.38707387e+00 6.22186840e-01 -3.14071238e-01
    6.41459942e-01 3.98556769e-01 7.34416008e-01 1.25865197e+00
    -3.09479892e-01 9.26083386e-01 -1.13059387e-01 1.42125177e+00
    5.74392855e-01 -2.87328720e-01 1.37922835e+00 2.45303810e-01
    -2.93705195e-01 1.42264903e+00 1.06944501e+00 -3.96661401e-01
    1.40159154e+00 -4.40592095e-02 -2.11282209e-01 9.85585451e-01
    1.45433795e+00 5.42070329e-01 -2.47150227e-01 1.26635861e+00
    3.47497493e-01 5.57118118e-01 1.10090643e-01 1.53259695e-01
    7.88362443e-01 6.38325289e-02 1.31046760e+00 6.99465930e-01
    -1.88516557e-01 1.13166368e+00 8.11760008e-01 8.22374344e-01
    2.82990545e-01 4.90246564e-01 1.44994974e+00 -3.71998996e-01
    1.04266846e+00 1.11380184e+00 8.29457581e-01 8.39408785e-02
    -2.52946109e-01 1.04267883e+00 -2.09115386e-01 -1.09216608e-01
    1.19856584e+00 9.71256256e-01 3.71344596e-01 5.88737428e-01
    8.73873904e-02 6.41806483e-01 -2.09042188e-02 1.11285217e-01
    6.28562868e-01 1.36248505e+00 1.20425212e+00 -2.44968623e-01
    -4.83915985e-01 -4.19894278e-01 1.01672184e+00 1.55628949e-01
    -4.03269798e-01 1.26040232e+00 1.09417510e+00 5.71575463e-01
    8.16004872e-01 1.29471314e+00 6.95046961e-01 -3.96174118e-02
    -3.95643979e-01 1.45761120e+00 1.46782672e+00 2.11429194e-01
    -2.71055788e-01 7.70247936e-01 5.41489422e-01 1.46123576e+00
    1.14999317e-01 9.92527902e-01 1.35024643e+00 4.32368159e-01
    2.56822258e-01 2.90938854e-01 1.02981314e-01 1.18107831e+00
    4.51035887e-01 -4.27930087e-01 6.29943669e-01 6.79436624e-01
    -3.52967203e-01 1.08264911e+00 3.38600695e-01 4.65442330e-01
    -6.06713295e-02 -2.35065281e-01 7.59433627e-01 1.21279263e+00
    8.90975714e-01 -1.40474454e-01 -3.59631836e-01 1.07191861e+00
    4.55094099e-01 -4.64455374e-02 4.47438378e-03 -2.42548108e-01
    7.72923604e-02 -4.87355620e-01 1.05376877e-01 -9.01054069e-02
    8.39606464e-01 1.01677752e+00 -2.25029126e-01 7.53315866e-01
    9.90699887e-01 3.95266205e-01 1.37383389e+00 8.47928822e-01
    1.17631122e-01 -2.92533599e-02 1.33542955e+00 4.11185682e-01
    1.40778494e+00 1.00141346e+00 -1.33483820e-02 9.97874916e-01
    1.02326739e+00 7.47390985e-01 -5.86135536e-02 1.10012650e+00
    2.00044692e-01 8.23586106e-01 7.64313579e-01 8.52672458e-01
    3.33520919e-01 3.60632092e-01 6.68613538e-02 8.06017637e-01
    -1.24897882e-01 -1.10702366e-01 7.47690499e-01 6.83172584e-01
    3.92988957e-02 1.25935376e+00 -3.44667226e-01 6.31753862e-01
    -2.97196180e-01 6.57183111e-01 -3.46122384e-01 7.48957932e-01
    7.43521214e-01 5.19099124e-02 -1.83126882e-01 7.54952013e-01
    -7.49255670e-03 -3.73996854e-01 1.14709103e+00 1.33365583e+00
    3.74094099e-01 -9.71351638e-02 1.19071640e-01 1.36046636e+00
    3.20741594e-01 1.12358129e+00 8.97770047e-01 1.53768957e-01
    1.37718868e+00 7.71778524e-01 1.47801459e+00 1.05938506e+00
    9.87191260e-01 5.18858433e-01 8.17290843e-01 5.71576357e-01
    -1.63348794e-01 8.19560960e-02 -1.08906822e-02 4.81648624e-01
    1.36746204e+00 7.81384781e-02 8.85788262e-01 1.33326650e+00
    9.99523222e-01 9.67175439e-02 1.46158469e+00 1.10670233e+00
    1.14047900e-01 8.98115635e-01 6.45860955e-02 -9.85918473e-03
    1.11627924e+00 9.88521338e-01 6.06044412e-01 7.25546002e-01
    -2.48518020e-01 6.61131144e-01 4.03866172e-01 -1.66375533e-01
    4.02038664e-01 1.11688209e+00 8.57580662e-01 2.26132512e-01
    9.08212245e-01 1.13660061e+00 -1.74902141e-01 5.49071968e-01
    -2.69792110e-01 5.45250833e-01 1.09099209e+00 -7.37880766e-02
    9.29626301e-02 3.10266703e-01 1.43416679e+00 1.04486525e+00
    1.70300230e-02 1.22653365e+00 -3.58918875e-01 7.03009725e-01
    2.40678117e-01 1.92701086e-01 6.98578358e-01 1.10459960e+00
    -3.51948947e-01 7.80265093e-01 4.99277338e-02 2.84340233e-01
    -9.03414041e-02 1.06527996e+00 4.55260515e-01 5.78966439e-01
    1.15172231e+00 3.50026041e-01 4.10276234e-01 3.94030005e-01
    6.77793622e-01 4.46346253e-01 7.58452117e-01 2.07739696e-02
    1.45375729e-01 -3.31241012e-01 1.08044219e+00 7.50062823e-01
    4.18948680e-01 8.78624097e-02 1.15211153e+00 6.15003526e-01
    4.77206290e-01 3.97520781e-01 1.09161282e+00 1.10452282e+00
    2.00006872e-01 1.33608222e+00 1.01850688e+00 8.50494623e-01
    1.36847734e+00 4.93098646e-01 1.59989208e-01 1.15107930e+00
    1.26812506e+00 9.54957902e-01 1.07511640e+00 9.99203503e-01
    -4.44013566e-01 1.24626482e+00 1.96800500e-01 -4.77688462e-02
    -2.99980998e-01 8.06707144e-01 1.13845587e+00 -2.79494643e-01
    4.71026838e-01 8.06045771e-01 3.56043249e-01 1.97910860e-01
    1.61925986e-01 -2.79058814e-01 9.88402903e-01 1.61214799e-01
    3.97153974e-01 1.46205974e+00 5.22286654e-01 9.41211998e-01
    8.23137224e-01 6.42633811e-02 1.01018751e+00 1.19460523e+00
    1.32697093e+00 1.17586374e+00 3.94175619e-01 -2.26735666e-01
    4.56581801e-01 1.85583159e-01 8.56691375e-02 -3.60893339e-01
    1.73396185e-01 1.07294214e+00 -4.48444895e-02 5.72982848e-01
    9.54422534e-01 1.20224476e+00 7.98074484e-01 -2.35341400e-01
    8.77649903e-01 3.71202044e-02 5.13550580e-01 -2.81737953e-01
    -2.42992014e-01 2.26856425e-01 7.60271609e-01 -1.68114632e-01
    1.19086647e+00 1.35984266e+00 1.35071337e+00 1.09573495e+00
    -3.03765833e-01 9.06839132e-01 -2.47587696e-01 1.31966150e+00
    1.35018039e+00 -2.23082736e-01 7.53468156e-01 1.15357614e+00
    1.44406641e+00 5.61566234e-01 4.35781509e-01 1.31828952e+00
    1.42221844e+00 -2.84766495e-01 2.04806030e-01 5.81418313e-02
    4.88036513e-01 4.25131887e-01 7.58528411e-01 1.40013480e+00
    1.18401122e+00 1.33310843e+00 -2.21682400e-01 3.81259769e-01
    1.05553985e+00 -3.19089264e-01 1.48871005e+00 1.36951196e+00
    6.83844209e-01 5.55277467e-01 2.39689574e-01 4.51622903e-01
    -3.66628677e-01 8.24904203e-01 -3.85745436e-01 1.00787544e+00
    1.25754058e+00 1.50659099e-01 -4.42509949e-01 4.82966840e-01
    1.01275849e+00 1.23062849e+00 -7.71180540e-02 7.00216591e-01
    -4.04432476e-01 9.33334470e-01 -3.18916470e-01 6.73146844e-01
    -5.29012740e-01 -9.33807567e-02 1.37279963e+00 1.02607417e+00
    1.06250548e+00 4.57149625e-01 -4.40721333e-01 5.30032873e-01
    -2.97763169e-01 1.46283793e+00 4.22399342e-01 5.09691298e-01
    1.07069337e+00 1.45351768e+00 6.92874610e-01 4.25957562e-03
    1.46671915e+00 1.17859375e+00 1.61644965e-01 7.79644370e-01
    7.01776385e-01 1.47144997e+00 -5.16012013e-01 6.52124166e-01
    8.21334243e-01 6.86868131e-01 -3.84339184e-01 9.35679913e-01
    -2.42635563e-01 7.25242257e-01 8.53599846e-01 -1.91836223e-01
    1.26588285e+00 1.46160245e+00 -2.61588335e-01 1.08635473e+00
    3.12868208e-01 -1.89321637e-01 -2.66771913e-01 -3.72443348e-01
    1.38435423e+00 -2.89003521e-01 5.06036937e-01 1.50531232e+00
    4.02609527e-01 5.21349683e-02 -7.71128833e-02 4.53542173e-01
    7.22469091e-01 2.96876401e-01 -2.80969203e-01 1.32806766e+00
    -2.81925667e-02 6.03535116e-01 1.13342702e+00 7.55982339e-01
    2.04219133e-01 -1.34821862e-01 -8.87504444e-02 1.03183687e+00
    8.87102067e-01 1.03974426e+00 1.46826446e+00 5.91551125e-01
    1.38524747e+00 9.71485198e-01 4.57314625e-02 4.13267910e-01
    5.98329961e-01 1.20530665e+00 4.99560028e-01 -1.32189408e-01
    1.49963528e-01 1.31958330e+00 1.11620307e+00 5.84402919e-01
    2.89300114e-01 2.98233658e-01 6.32956266e-01 3.54915947e-01
    -2.71763653e-01 1.82687894e-01 6.85458422e-01 3.46452922e-01
    9.11514521e-01 -6.75567910e-02 6.16470933e-01 4.35573012e-02
    1.24432296e-01 8.29190731e-01 8.19278836e-01 1.47319186e+00
    -1.78866401e-01 -3.75315584e-02 -2.89517075e-01 -1.56177148e-01
    -2.47449383e-01 1.92899063e-01 3.93746585e-01 1.28034186e+00
    -4.46426213e-01 1.41097498e+00 8.28177214e-01 8.73895466e-01
    8.54443610e-01 -3.85439754e-01 1.43877709e+00 1.28543079e+00
    5.44828475e-01 5.59508979e-01 -4.22382593e-01 1.32056189e+00
    3.54361981e-01 -2.58113086e-01 3.34225893e-01 1.10304558e+00
    1.36143982e+00 -1.22119762e-01 1.24110925e+00 6.16298020e-01
    1.20971489e+00 1.32996941e+00 5.50091445e-01 5.48663855e-01
    9.89327013e-01 7.84362137e-01 2.72948802e-01 3.87131535e-02
    9.66673970e-01 5.66935837e-01 1.52561426e-01 -2.87964016e-01
    3.18297267e-01 1.03075492e+00 6.01491272e-01 1.15466964e+00
    8.35814416e-01 8.10464442e-01 1.42392349e+00 -4.20635998e-01
    4.21520412e-01 2.92920440e-01 6.11233413e-01 1.21561587e+00
    8.88788462e-01 4.08393830e-01 1.14009762e+00 5.04480422e-01
    5.28995395e-01 1.20524406e+00 9.37541366e-01 1.02540445e+00
    8.84777844e-01 -3.37737948e-01 1.35637271e+00 1.43014562e+00
    8.68242145e-01 1.25273836e+00 -4.77697879e-01 -1.00467242e-01
    1.13518965e+00 5.10130465e-01 4.77721453e-01 6.46661937e-01
    1.19476721e-01 5.74532330e-01 1.07574844e+00 1.19108832e+00
    1.20712984e+00 2.22102433e-01 8.97292435e-01 -4.69794959e-01
    2.51478761e-01 -2.88625062e-01 1.75564155e-01 1.44631505e+00
    1.38906169e+00 4.62718308e-01 -3.26874614e-01 9.89890099e-01
    -6.22246265e-02 7.97776580e-01 -1.65680856e-01 9.77700710e-01
    4.72002029e-01 6.42281473e-01 -3.03908112e-03 -1.14520490e-01
    4.02329654e-01 1.41184092e+00 2.28690669e-01 1.38615382e+00
    -2.91946501e-01 9.29224253e-01 6.69867277e-01 8.56235921e-01
    9.97578263e-01 1.11336720e+00 6.26409173e-01 1.60611403e+00
    1.28773379e+00 -9.72824991e-02 6.63459897e-01 7.78893173e-01
    -4.15703475e-01 9.33421373e-01 -4.60559070e-01 5.14290154e-01
    5.37476301e-01 8.60399306e-01 1.46930451e-02 1.02860677e+00
    1.19764471e+00 1.13128781e+00 1.84266847e-02 -5.76475821e-02
    1.25299013e+00 4.08434391e-01 -2.65095562e-01 4.08562034e-01
    1.51504561e-01 1.27008486e+00 4.71630365e-01 1.44044161e+00
    9.16858554e-01 -1.15420669e-01 1.09577906e+00 6.21570885e-01
    2.61146456e-01 -1.31324664e-01 8.00335586e-01 -1.62758697e-02
    -4.21297580e-01 9.53580856e-01 7.82515943e-01 5.66850603e-01
    -3.68957669e-02 1.32150519e+00 -1.11490516e-02 7.07343102e-01
    -1.95829317e-01 4.61040527e-01 9.84761775e-01 1.46785820e+00
    3.76729399e-01 7.64432549e-01 1.44982147e+00 1.33934617e+00
    8.08535695e-01 -1.52725950e-01 -3.61773707e-02 8.80923867e-01
    1.48403525e+00 1.18127513e+00 1.02161491e+00 1.06722987e+00
    1.90198287e-01 -4.22284126e-01 2.25735620e-01 4.83227193e-01
    6.80932522e-01 4.97731775e-01 -3.00449938e-01 6.84255898e-01
    8.03139567e-01 1.03274167e+00 1.31072924e-01 1.17297284e-01
    -5.07582486e-01 1.07564855e+00 1.35801852e+00 1.42639911e+00
    1.45886254e+00 1.11152935e+00 6.38095915e-01 4.78450626e-01
    -7.48576149e-02 8.13569248e-01 4.14218493e-02 9.20368671e-01
    2.50050813e-01 1.08875823e+00 6.12407029e-01 1.48778617e+00
    7.21744955e-01 7.03488886e-01 -1.12128340e-01 6.58773184e-01
    7.34973073e-01 1.31298757e+00 6.86535180e-01 -2.38582641e-01
    1.43781281e+00 3.93246859e-01 4.66130555e-01 1.02412415e+00
    -3.05528879e-01 -9.81761292e-02 7.78037012e-02 9.26890492e-01
    -2.76299149e-01 1.29781961e-01 3.76210630e-01 1.81193009e-01
    6.79760993e-01 -1.91667557e-01 -8.74968991e-02 -7.45827034e-02
    -3.82567763e-01 -2.75433838e-01 6.48043513e-01 3.10446310e-04
    2.31049359e-01 4.99190956e-01 8.44531238e-01 -1.11425039e-03
    4.36126776e-02 4.14445937e-01 8.23653877e-01 7.21859097e-01
    4.26139504e-01 8.65806997e-01 1.12175584e+00 7.42470086e-01
    1.48789847e+00 1.23140395e+00 -5.01435578e-01 -3.23009759e-01
    7.77970314e-01 8.12549412e-01 4.87205088e-01 8.29436004e-01
    -2.62489974e-01 5.74300766e-01 -1.10307224e-01 -3.91881824e-01
    1.06054127e+00 1.11288898e-01 1.86307982e-01 1.20340288e+00
    5.50340116e-01 1.51183712e+00 7.55430043e-01 8.92812133e-01
    9.31550324e-01 -6.07485026e-02 7.99247250e-02 -2.91479230e-01
    -3.53565335e-01 -9.68792662e-02 2.24123225e-01 7.36581504e-01
    1.33392572e+00 1.26931942e+00 1.07697475e+00 1.24114001e+00
    9.79138255e-01 -4.22392130e-01 4.67417598e-01 8.04621577e-01
    4.85248625e-01 -3.86047006e-01 1.08032787e+00 1.21324944e+00
    -2.34952286e-01 7.06040263e-02 8.44431758e-01 7.16883361e-01
    1.00467920e+00 -2.84025103e-01 9.39352214e-01 8.33665192e-01
    1.36383486e+00 -4.31815684e-01 1.17874241e+00 1.31604052e+00
    -3.26780617e-01 1.42931080e+00 -1.21517003e-01 1.46300882e-01
    1.35691297e+00 -4.62002605e-01 -1.30825996e-01 6.20276213e-01
    1.38352501e+00 1.20909131e+00 1.30051589e+00 4.62288946e-01
    1.40176368e+00 -1.85938805e-01 8.06754053e-01 4.19727623e-01
    1.09060216e+00 -2.61009574e-01 2.08126768e-01 2.12351277e-01
    1.89530268e-01 1.26337457e+00 5.52416980e-01 1.37923300e+00
    1.22595596e+00 8.49752069e-01 3.58652510e-02 1.19836172e-02
    -3.49136114e-01 1.19191194e+00 -3.08042824e-01 7.31268346e-01
    5.66498399e-01 7.02912271e-01 -5.68136908e-02 -4.67827320e-01
    2.08236262e-01 9.46281254e-01 6.48512170e-02 7.36320913e-01
    1.26726413e+00 -1.80480435e-01 7.66558528e-01 4.61060733e-01
    -4.58795391e-02 -2.46040806e-01 -1.63980015e-02 -7.87592456e-02
    3.81430775e-01 1.14555645e+00 5.26608229e-01 9.03508902e-01
    5.57526588e-01 -3.68162066e-01 6.39647901e-01 1.31703556e+00
    -4.04613644e-01 -2.30272353e-01 -3.24905366e-02 -2.37676635e-01
    6.16534591e-01 9.11934435e-01 5.46769321e-01 7.49660611e-01
    4.83645767e-01 -4.03311670e-01 1.06205904e+00 1.35287774e+00
    4.81918275e-01 8.69728982e-01 1.26268196e+00 -2.78565109e-01
    8.22906852e-01 -2.85638094e-01 2.20685706e-01 7.95931101e-01
    3.93063724e-01 4.57737803e-01 3.22983339e-02 1.65422127e-01
    -7.35308602e-02 9.85938758e-02 9.81582701e-01 6.38727248e-02
    5.11897095e-02 6.38956428e-01 1.39177895e+00 -2.58564264e-01
    1.36413538e+00 1.46055031e+00 1.09180164e+00 -1.06519140e-01
    4.19312030e-01 1.35561097e+00 1.40074146e+00 8.83889794e-01
    3.94781113e-01 9.37455967e-02 1.21926844e+00 9.08520460e-01
    -5.34781404e-02 1.64698392e-01 8.11843336e-01 6.77175164e-01
    -1.69039428e-01 8.71194661e-01 9.65452433e-01 1.05522943e+00
    1.13954425e+00 7.13246524e-01 -8.10154676e-02 1.18958950e+00
    1.34809959e+00 -4.10715759e-01 -4.64515567e-01 1.56386852e-01
    8.83328736e-01 7.04368353e-01 5.61572015e-01 6.88451648e-01
    1.31555033e+00 1.04816198e+00 7.11609900e-01 1.43272495e+00
    1.06917536e+00 8.01690757e-01 -4.18076694e-01 -2.24628150e-02
    -4.69511211e-01 9.97884750e-01 1.14014888e+00 -2.29755595e-01
    1.08187270e+00 -2.33728230e-01 7.16672719e-01 1.36751044e+00
    -2.21439064e-01 -9.15009677e-02 1.02456486e+00 -1.40858680e-01
    -3.13447148e-01 6.96184814e-01 -1.58245559e-03 4.99496043e-01
    4.95169759e-02 1.05011415e+00 9.24428403e-01 2.22662285e-01
    -3.54620218e-01 -1.14261270e-01 1.27560246e+00 -1.14174038e-02
    7.31698349e-02 8.44380081e-01 7.70838261e-01 -3.91552806e-01
    5.56512117e-01 1.18677247e+00 -1.73835903e-01 5.29181063e-01
    -1.57397419e-01 1.48130596e+00 -7.55616948e-02 9.63126063e-01
    1.45085406e+00 -5.07523417e-02 6.30053058e-02 -3.91505778e-01
    -4.30343479e-01 3.38557512e-01 -2.56809652e-01 9.10323381e-01
    1.17953992e+00 2.47438967e-01 5.57408690e-01 -3.22048552e-02
    8.24064791e-01 1.33597350e+00 7.76365474e-02 4.67499912e-01
    -2.74189204e-01 1.17027104e+00 7.86044478e-01 1.38862923e-01
    2.78173268e-01 1.79790735e-01 4.72551100e-02 -2.23312289e-01
    -7.43967816e-02 8.53922665e-01 2.37121284e-01 4.29941744e-01
    6.41287327e-01 7.22261190e-01 9.79208529e-01 1.97688937e-01
    -2.36386433e-01 1.27626824e+00 6.52201176e-01 1.37544131e+00
    6.48791075e-01 5.59377611e-01 7.72825122e-01 3.60595167e-01
    1.01275992e+00 8.90785396e-01 -3.16281885e-01 1.34095657e+00
    7.63697267e-01 1.03058839e+00 4.19300228e-01 7.31963158e-01
    3.54519546e-01 1.18622291e+00 6.11815810e-01 7.30618179e-01
    -1.15664892e-01 9.90799725e-01 -1.92347631e-01 -3.66099358e-01
    8.10666203e-01 6.90351009e-01 6.74071431e-01 9.25324500e-01
    3.99199814e-01 6.59526527e-01 -2.44863108e-01 1.53584927e-01
    5.65393090e-01 5.90213478e-01 1.41921139e+00 1.02903831e+00
    7.81958923e-02 6.55174971e-01 1.09404564e+00 -2.35960320e-01
    1.01368852e-01 5.22949472e-02 9.09049332e-01 1.15665662e+00
    2.62239844e-01 -1.90133318e-01 6.34380400e-01 9.07056749e-01
    8.15202236e-01 1.36665058e+00 -3.13348323e-01 4.58095921e-03
    1.45132029e+00 -2.30700955e-01 1.65416285e-01 1.35946858e+00
    -4.77572344e-02 5.72886229e-01 9.68614459e-01 2.08605632e-01
    6.56166911e-01 -7.05357566e-02 1.47854316e+00 1.15052648e-02
    7.97071040e-01 1.31110978e+00 9.80293334e-01 1.15675521e+00
    8.45279098e-01 6.25650465e-01 1.10523552e-01 8.41639638e-01
    9.14829552e-01 8.15976337e-02 9.26965952e-01 1.17949557e+00
    6.44103110e-01 -2.08480045e-01 1.06433320e+00 -4.58671391e-01
    6.34420276e-01 4.86376166e-01 3.52068692e-01 6.38299108e-01
    6.16808414e-01 1.38946605e+00 1.45080149e+00 -2.68279880e-01
    1.36600995e+00 9.14630175e-01 5.02997816e-01 1.01845205e+00
    5.72309077e-01 2.02297404e-01 -4.72885817e-02 -3.52844745e-01
    1.30461752e-01 -3.56668919e-01 8.64416778e-01 1.11403930e+00
    8.26106906e-01 5.65476179e-01 7.73229897e-01 1.64217964e-01
    1.47659317e-01 1.86382264e-01 -4.82562870e-01 3.73119652e-01
    -4.91450667e-01 1.34642768e+00 7.35571265e-01 7.28371382e-01
    7.37584904e-02 4.51273620e-02 5.56443870e-01 9.46987092e-01
    4.17754501e-01 1.05110002e+00 2.85345137e-01 4.10584301e-01
    5.05359650e-01 1.44727087e+00 1.41065562e+00 4.52044040e-01
    7.31786042e-02 -9.07849148e-03 -4.74338233e-03 1.54826477e-01
    1.22262621e+00 1.31966019e+00 3.62951875e-01 9.75677133e-01
    1.08696163e+00 1.29242694e+00 1.52348483e+00 4.66988571e-02
    9.21903074e-01 5.60851514e-01 9.28234637e-01 1.67882890e-02
    1.32759869e+00 1.31824982e+00 8.50229084e-01 8.39035690e-01
    4.12540808e-02 5.38866036e-02 -3.25606495e-01 4.49530035e-01
    1.19114602e+00 2.29609147e-01 6.72409296e-01 1.84679359e-01
    1.35667551e+00 1.26173615e+00 1.32088876e+00 -4.74589556e-01
    4.76034850e-01 4.40949202e-01 6.31802857e-01 8.66140485e-01
    9.30629194e-01 1.62173718e-01 1.37636471e+00 1.12597609e+00
    -4.47480410e-01 1.32357872e+00 7.43093431e-01 -3.73510569e-01
    1.46930027e+00 -4.82360095e-01 -4.33645934e-01 -1.18692808e-01
    8.34280849e-01 1.30142617e+00 2.22062916e-01 -4.47342634e-01
    4.58639562e-02 1.30033088e+00 3.64430726e-01 1.31358409e+00
    7.42654383e-01 -5.90673126e-02 1.02109516e+00 8.74410927e-01
    -1.83171898e-01 -3.03984016e-01 5.45466363e-01 -1.73246145e-01
    1.20711660e+00 -1.03122719e-01 5.39257884e-01 7.00737536e-01
    7.63031840e-01 1.21687794e+00 1.07492054e+00 8.78722847e-01
    3.44166219e-01 2.69212395e-01 6.79397762e-01 1.09160089e+00
    7.92852879e-01 4.50047761e-01 -6.05997667e-02 9.64921176e-01
    4.71668541e-01 -1.26881510e-01 8.96130979e-01 -1.05002113e-01
    3.04466099e-01 1.98551863e-01 6.21490777e-01 9.56570089e-01
    7.35787690e-01 5.10795116e-01 -6.10692799e-02 -2.27746591e-02
    1.44128299e+00 4.20213819e-01 1.34173989e+00 4.74878997e-01
    8.06847334e-01 6.17626786e-01 4.42829520e-01 -2.51186848e-01
    -3.85287762e-01 1.20593214e+00 1.28369582e+00 1.56876102e-01
    2.38215759e-01 -1.22367762e-01 -4.34584498e-01 8.74584377e-01
    3.26434344e-01 -4.41109419e-01 6.41405046e-01 -2.91140139e-01
    1.16188556e-01 -3.75083275e-02 5.89878559e-02 3.80148262e-01
    -4.80131447e-01 3.41593444e-01 1.22755790e+00 5.52624285e-01
    7.98035681e-01 5.13477445e-01 4.82091665e-01 1.56842738e-01
    -3.25850338e-01 7.53434241e-01 8.24436486e-01 1.06447327e+00
    1.01935601e+00 1.15293646e+00 -1.42367989e-01 8.55859876e-01
    1.54644966e-01 -1.89671874e-01 -1.58876374e-01 1.23756444e+00
    1.66780755e-01 7.86897421e-01 1.26111078e+00 1.15660858e+00
    7.63612688e-01 -4.18584645e-01 -4.65586603e-01 -4.10999537e-01
    -2.23602116e-01 1.15380883e+00 -4.95461285e-01 1.10523915e+00
    -2.79156268e-01 9.57891047e-01 -1.99677214e-01 3.23233366e-01
    -4.74111408e-01 6.27937675e-01 1.03073156e+00 1.41728103e+00
    1.48078871e+00 -1.59803823e-01 -1.21218204e-01 1.05579519e+00
    1.07894647e+00 1.16379678e+00 2.45685596e-02 2.23242357e-01
    -1.49193168e-01 8.30233812e-01 3.05177599e-01 6.07209802e-01
    1.32318795e+00 -2.02458158e-01 1.51646948e+00 9.03532326e-01
    2.00252295e-01 5.09390049e-02 -2.31305182e-01 5.37277460e-01
    -3.52553904e-01 4.92604226e-01 1.31760448e-01 9.48944271e-01
    -1.86064184e-01 3.11860293e-01 7.58519322e-02 -5.82983345e-02
    1.40477324e+00 3.80976051e-01 5.29873133e-01 -9.46100950e-02
    8.07892501e-01 -1.06853463e-01 -2.04189584e-01 9.03367281e-01
    9.46989775e-01 -1.33364171e-01 -2.79877633e-02 1.09512806e+00
    1.38251200e-01 9.09726024e-01 3.56741875e-01 1.45113969e+00
    9.04516578e-01 1.09774935e+00 9.88178730e-01 4.70030278e-01
    -5.19483209e-01 -1.67524695e-01 -1.87683702e-01 8.46514583e-01
    3.08792233e-01 5.71313202e-01 1.42345881e+00 6.85088277e-01
    1.91589624e-01 8.71626019e-01 1.09636164e+00 -3.39362845e-02
    1.42890751e+00 -3.00549507e-01 -9.24828928e-03 3.37713987e-01
    4.06840583e-03 1.15289128e+00 5.77966809e-01 6.66007221e-01
    2.46751651e-01 -4.30423141e-01 8.65165949e-01 4.14647490e-01
    9.96444881e-01 1.15231597e+00 1.41285086e+00 1.28810084e+00
    -2.13736385e-01 1.14755142e+00 7.49075651e-01 -3.54824811e-02
    -2.53545672e-01 2.75894135e-01 -1.49382800e-01 1.45950213e-01
    9.64210033e-01 1.34973407e+00 -4.52688128e-01 -3.61751288e-01
    1.10836923e+00 1.74686939e-01 1.31867433e+00 8.39033604e-01
    7.51849174e-01 6.37606859e-01 1.48871672e+00 1.44682682e+00
    1.30868030e+00 6.06021404e-01 1.41090548e+00 1.30204976e+00
    -4.13914472e-01 7.52651989e-01 6.87911391e-01 -3.83158401e-02
    1.22378063e+00 1.45695710e+00 1.43432248e+00 2.12543339e-01
    1.23404312e+00 4.60482776e-01 1.62410247e+00 -9.98588726e-02
    7.30473697e-02 -2.17344061e-01 9.72279191e-01 8.12720954e-01
    4.47666645e-01 -3.70697975e-01 5.80464423e-01 -3.70239973e-01
    1.50439656e+00 1.24895966e+00 1.00087547e+00 1.04815304e+00
    2.65246421e-01 6.48536682e-02 8.72460902e-01 6.22030914e-01
    1.22084093e+00 4.09100533e-01 1.32351828e+00 -1.31182089e-01
    1.03867725e-01 -2.89725751e-01 6.56516612e-01 1.15348399e+00
    1.29419398e+00 2.68776059e-01 6.06819153e-01 -1.46013439e-01
    9.73927081e-01 -3.22774768e-01 1.31638324e+00 1.30056882e+00
    -6.40723184e-02 -3.24557304e-01 1.17871833e+00 1.36417031e+00
    8.52410570e-02 1.06705618e+00 -2.59270966e-01 1.41971481e+00
    1.69512361e-01 -1.52418524e-01 2.11520076e-01 8.89419556e-01
    -4.31966037e-01 3.84988517e-01 7.92605042e-01 -7.25942254e-02
    7.06828475e-01 8.34951758e-01 9.60076571e-01 9.20664847e-01
    -1.53730065e-01 -2.81534582e-01 7.65851796e-01 5.54256678e-01
    -1.83072612e-01 9.46032703e-01 7.07974732e-01 1.38123643e+00
    -2.08004519e-01 1.71029389e-01 -4.48245078e-01 2.62468398e-01
    6.68578088e-01 1.12976611e+00 -1.70282796e-02 1.90949693e-01
    1.28972876e+00 -1.94190100e-01 -9.14348140e-02 1.35690558e+00
    9.80800033e-01 1.01374865e+00 5.56711674e-01 -3.69517833e-01
    3.75456542e-01 5.35590708e-01 -8.01009163e-02 -4.47541475e-01
    1.25707245e+00 -4.01443630e-01 1.43557739e+00 9.78043735e-01
    -4.07609999e-01 5.38764477e-01 1.11661077e+00 3.92329067e-01
    1.39042068e+00 1.34643042e+00 6.63341224e-01 1.23639357e+00
    4.73619625e-02 1.07912171e+00 -5.83442301e-02 2.93039948e-01
    1.45792472e+00 -6.48451895e-02 4.54894364e-01 9.19160724e-01
    -3.49546611e-01 -2.96824843e-01 -8.47496763e-02 3.62549573e-01
    1.17539239e+00 -3.84993911e-01 8.79946589e-01 4.13213015e-01
    8.21857929e-01 1.30228013e-01 -1.10862173e-01 -2.01365784e-01
    1.09182990e+00 7.14375854e-01 5.47039747e-01 1.15075624e+00
    6.68739259e-01 8.77872825e-01 9.11655486e-01 3.95906568e-01
    9.36606467e-01 1.04341793e+00 2.81618983e-01 3.66625816e-01
    1.62604451e-01 3.68790329e-01 4.84621555e-01 -3.93882900e-01
    -5.05438447e-01 4.72932756e-02 -2.69879192e-01 6.73828185e-01
    -2.28173673e-01 7.32912898e-01 1.12425017e+00 3.11089456e-01
    -5.46870790e-02 9.98743832e-01 6.39066279e-01 4.89128828e-01
    7.06944585e-01 1.29663050e+00 -2.24521503e-01 1.05165029e+00
    -1.96422771e-01 1.21734846e+00 -3.75632614e-01 5.86189255e-02
    1.41923714e+00 1.50022328e+00 1.82337642e-01 1.44385564e+00
    7.20755041e-01 -2.10642368e-02 8.57203364e-01 1.30511643e-02
    6.05343692e-02 1.08477175e+00 5.54289818e-01 5.99100888e-01
    -8.84361342e-02 7.22627863e-02 7.77489603e-01 -4.11509931e-01
    9.99962389e-01 6.24509096e-01 9.19919670e-01 9.20079470e-01
    2.15500131e-01 1.44608259e-01 9.92350519e-01 4.44125682e-01
    1.33173895e+00 -2.29805231e-01 1.25391710e+00 -3.39808702e-01
    1.02338202e-01 1.43660557e+00 1.06353605e+00 1.08193588e+00
    1.14393139e+00 -4.56491113e-01 1.35820389e+00 1.08188057e+00
    1.74893469e-01 -4.52537090e-01 2.97864098e-02 1.52075246e-01
    4.91195977e-01 -3.36480618e-01 4.55491185e-01 -1.54452428e-01
    5.75448334e-01 2.78162181e-01 4.12309587e-01 1.78319082e-01
    2.78545737e-01 7.13960469e-01 -5.20361781e-01 7.01894403e-01
    1.26673567e+00 1.02986729e+00 6.40803099e-01 8.77449155e-01
    1.01126039e+00 4.23011273e-01 -8.98361430e-02 8.11053634e-01
    1.24613321e+00 -2.69423634e-01 -4.09700960e-01 7.54233003e-01
    1.32541692e+00 4.34070140e-01 7.40401089e-01 1.21723461e+00
    1.19843864e+00 3.46740037e-01 4.97514099e-01 4.63981450e-01
    -4.77739483e-01 3.73133928e-01 2.70592868e-01 1.39430487e+00
    -3.54200527e-02 -2.96269506e-01 4.20755178e-01 7.98509419e-01
    8.87300193e-01 1.11339581e+00 6.64958596e-01 6.54044747e-01
    -2.36859053e-01 8.58012557e-01 1.19759572e+00 4.05072510e-01
    6.37707353e-01 -1.73851416e-01 1.30139959e+00 4.80602086e-01
    3.74339044e-01 2.41330996e-01 1.14331710e+00 -4.33319777e-01
    5.17946035e-02 1.28553391e+00 1.29563582e+00 1.22484639e-01
    1.37110770e+00 -1.28515482e-01 -8.05161893e-02 1.36607730e+00
    1.48430419e+00 -6.80614039e-02 -2.27866128e-01 1.09644353e+00
    5.14549017e-01 8.51579487e-01 3.67698878e-01 3.17432314e-01
    1.95928827e-01 1.25617015e+00 5.55818677e-01 8.68892252e-01
    7.36901522e-01 1.39770091e-01 5.71979105e-01 1.36252153e+00
    9.80106652e-01 -3.26522946e-01 4.41390842e-01 1.13557649e+00
    9.75282490e-02 -1.15183309e-01 1.44567239e+00 -4.33853954e-01
    1.01591229e+00 -2.13946536e-01 7.80394018e-01 -4.58540358e-02
    7.77058184e-01 1.18511176e+00 7.37296879e-01 1.23294175e+00
    4.27394897e-01 -1.25706509e-01 1.25090230e+00 -1.83436468e-01
    -1.48518145e-01 1.18140161e+00 -1.51087880e-01 -3.93815160e-01
    -3.17641832e-02 -4.82727945e-01 9.33693886e-01 -4.75296006e-02
    -4.02015857e-02 9.62646961e-01 1.52037829e-01 5.63274503e-01
    -3.18563670e-01 4.93099689e-01 4.39440906e-01 9.66642737e-01
    4.45763528e-01 2.24307835e-01 1.32161319e+00 9.27511871e-01
    9.24263299e-01 1.49548984e+00 4.71215039e-01 -5.26924990e-02
    1.15836871e+00 6.44465566e-01 5.68909407e-01 -1.77607387e-01
    -4.76056218e-01 6.71469986e-01 6.28443122e-01 3.54542941e-01
    6.32769525e-01 3.77620548e-01 1.24186015e+00 1.46806204e+00
    -1.85508579e-01 2.92237520e-01 3.07045639e-01 5.73155545e-02
    1.33509707e+00 -4.62532282e-01 1.40378308e+00 -5.01549840e-01
    1.48168340e-01 -1.46241069e-01 3.17324311e-01 1.08329129e+00
    9.79439735e-01 7.79159248e-01 1.38808298e+00 -1.39299557e-01
    -1.26791880e-01 6.92994773e-01 4.98925835e-01 1.43204117e+00
    4.84103709e-01 3.17622796e-02 1.63648173e-01 4.25782114e-01
    1.30587113e+00 -3.97282958e-01 -6.38866425e-02 1.34162402e+00
    5.34540296e-01 -2.64449000e-01 5.98663449e-01 -2.07548812e-02
    1.02071095e+00 4.29770090e-02 -1.50136918e-01 1.47551858e+00
    -4.39209998e-01 1.43757546e+00 5.52889943e-01 -2.61019945e-01
    4.23979878e-01 1.66806430e-01 1.40327418e+00 1.40950239e+00
    -5.44122607e-02 1.41459596e+00 1.16341881e-01 4.85489070e-01
    8.96079838e-01 9.29944634e-01 1.27685654e+00 8.64257097e-01
    7.83569932e-01 -3.81044120e-01 4.42221314e-01 7.04130888e-01
    1.07083963e-02 1.37962127e+00 1.48089856e-01 -1.72361195e-01
    3.87689561e-01 2.87025958e-01 3.43703836e-01 8.49353254e-01
    7.52839446e-01 9.86264765e-01 1.23218369e+00 3.57663073e-02
    -2.90556341e-01 -1.06591672e-01 1.22049749e+00 -2.83405092e-02
    5.69026113e-01 -3.52353990e-01 1.99208006e-01 1.24353135e+00
    1.48093903e+00 3.54682773e-01 -4.02245283e-01 1.39703310e+00
    1.48860824e+00 -1.35417849e-01 1.08720398e+00 -2.01866940e-01
    1.14407575e+00 -1.17167935e-01 6.57943726e-01 -7.22933188e-02
    4.48187813e-02 1.03955007e+00 6.96967840e-01 6.48863971e-01
    5.81610680e-01 7.15831876e-01 1.02366582e-02 1.16957700e+00
    6.50342584e-01 4.16407287e-01 8.59187841e-01 6.98156953e-01
    8.38269651e-01 -3.72236729e-01 3.83919030e-01 -6.90286011e-02
    1.00811481e+00 -1.17005423e-01 -2.96932220e-01 8.81219864e-01
    5.70398390e-01 9.52682853e-01 1.23119247e+00 1.46222636e-01
    7.48010576e-01 1.07453775e+00 1.44353914e+00 1.23147976e+00
    6.28408551e-01 2.85485268e-01 1.01603281e+00 1.27828801e+00
    -2.04643592e-01 3.27002198e-01 1.16717625e+00 -5.43171912e-02
    7.05444992e-01 8.02347004e-01 -4.94864672e-01 1.44103003e+00
    1.03357232e+00 1.43087471e+00 1.33894712e-01 -8.06768611e-02
    8.44413638e-01 6.76381826e-01 7.95015097e-01 1.81406558e-01
    3.16823989e-01 1.25257540e+00 -4.61870015e-01 1.06449628e+00
    9.55598354e-01 1.09182203e+00 -2.25438818e-01 1.04653752e+00
    1.09160230e-01 3.15682709e-01 1.47668278e+00 4.26241070e-01
    -4.68840480e-01 4.28660780e-01 2.47398600e-01 2.35309914e-01
    1.30189121e+00 -1.45053938e-01 1.17573810e+00 5.84173560e-01
    1.91193953e-01 9.04211342e-01 4.49583650e-01 8.78589869e-01
    1.06891406e+00 1.20001757e+00 1.46504056e+00 1.23385584e+00
    2.06849203e-01 1.03372180e+00 -6.74203485e-02 -5.04327416e-01
    2.13887423e-01 -1.86384812e-01 6.33583426e-01 2.99873054e-02
    6.01445138e-01 1.45825171e+00 8.43288124e-01 1.43579328e+00
    -4.98910844e-01 -3.04240286e-01 1.11329287e-01 8.94843042e-01
    1.04487918e-01 1.36843455e+00 -1.77934989e-01 1.05880332e+00
    2.18545392e-01 5.85545242e-01 -1.73063621e-01 2.45387897e-01
    1.62469947e+00 1.02633679e+00 9.42046285e-01 -1.42683297e-01
    -2.48327196e-01 -1.89416185e-01 8.43814731e-01 7.40407944e-01
    -2.74997592e-01 4.26483452e-01 1.40857530e+00 7.96546191e-02
    1.04788792e+00 1.37732828e+00 1.46171391e+00 5.21793187e-01
    1.43280888e+00 1.01431561e+00 -5.10896385e-01 3.68627787e-01
    1.33776605e+00 4.00128245e-01 -4.44455534e-01 4.12484378e-01
    2.17028931e-01 4.35365140e-01 1.24935675e+00 3.99788886e-01
    -2.21765321e-02 7.64571369e-01 2.27788314e-01 -1.73547089e-01
    4.42364737e-02 7.42796302e-01 1.27863634e+00 3.53159338e-01
    1.39818454e+00 1.36631179e+00 2.91365355e-01 1.35943472e+00
    -8.66349787e-02 4.67050821e-01 2.33856574e-01 -2.66478539e-01
    2.85215497e-01 -3.42204630e-01 1.44160020e+00 1.57053545e-01
    1.38963759e+00 -4.58046764e-01 -2.64337838e-01 3.52349401e-01
    4.85296577e-01 1.26264811e+00 1.08374679e+00 -4.71556216e-01
    4.15810989e-03 2.08853051e-01 -1.33714214e-01 7.87826240e-01
    8.20570052e-01 -2.88877338e-01 8.34921122e-01 1.20636714e+00
    1.94719970e-01 8.36888373e-01 -3.18592519e-01 1.39122888e-01
    1.12494612e+00 7.48552501e-01 6.08313799e-01 -2.81226516e-01
    4.52179253e-01 4.25150126e-01 1.10456574e+00 3.23634744e-01
    -3.05269271e-01 3.48339558e-01 1.05514777e+00 -2.27851048e-01
    -4.68575478e-01 1.26663649e+00 1.06690979e+00 1.23527277e+00
    1.81902215e-01 -1.94894180e-01 2.60049194e-01 -5.15500963e-01
    6.84802949e-01 1.25173104e+00 1.33688450e+00 1.46057343e+00
    2.98830569e-01 8.66233766e-01 6.71887159e-01 3.99314821e-01
    -4.49797660e-01 7.20389247e-01 1.34311497e+00 1.70219708e-02
    1.00305474e+00 1.41228843e+00 -2.29777128e-01 1.79839328e-01
    1.43800354e+00 1.90732628e-01 1.05868721e+00 1.44384956e+00
    1.75701112e-01 -3.94656897e-01 -4.27134544e-01 1.35574901e+00
    4.87406343e-01 1.17731798e+00 9.82301354e-01 1.05579758e+00
    2.52097011e-01 8.70872080e-01 1.15754676e+00 -4.30543244e-01
    4.48881447e-01 3.82628828e-01 6.94428682e-02 9.25085187e-01
    8.00141156e-01 -4.30480570e-01 3.10191125e-01 2.68946528e-01
    7.66861215e-02 7.71453142e-01 -1.03564918e-01 1.29983842e+00
    1.48641777e+00 8.16266537e-01 2.00898141e-01 1.13283241e+00
    9.68711495e-01 -4.20932710e-01 1.02181745e+00 8.11207950e-01
    1.72203720e-01 1.84663057e-01 5.53787887e-01 -3.59074003e-03
    -4.72024173e-01 -2.78293550e-01 2.60133028e-01 -5.25665795e-03
    7.77592540e-01 1.98948160e-02 9.71000910e-01 3.18679243e-01
    -1.14981294e-01 1.41942218e-01 5.80949366e-01 4.90337580e-01
    9.50575411e-01 -2.36003801e-01 3.05838168e-01 1.50363040e+00
    -1.83655038e-01 1.44621170e+00 8.18965018e-01 -9.65008959e-02
    9.20290411e-01 -9.97819602e-02 9.69779015e-01 1.26016176e+00
    -4.98220772e-01 1.32236099e+00 1.01973403e+00 1.19830012e+00
    -1.35187507e-01 -4.65660304e-01 3.19027364e-01 1.17937446e-01
    1.00145304e+00 -1.06051594e-01 -2.15541035e-01 1.15343809e+00
    -3.34277689e-01 3.99739653e-01 4.15329188e-01 -2.39005417e-01
    2.77404219e-01 1.34683812e+00 3.57020795e-01 2.76706219e-01
    1.21638823e+00 1.04581726e+00 3.59803617e-01 3.83173138e-01
    8.53239954e-01 -4.10063535e-01 2.60640323e-01 1.42570353e+00
    7.52532601e-01 1.28783286e+00 2.53031999e-01 1.04501963e+00
    1.07734096e+00 1.84732199e-01 -3.44434470e-01 1.28634202e+00
    7.61630177e-01 9.24172461e-01 8.46112549e-01 6.93194389e-01
    7.21891880e-01 -1.75528377e-01 7.95309544e-01 7.63597310e-01
    -3.09468582e-02 1.08503699e+00 -2.48584181e-01 -3.65296355e-03
    6.75480291e-02 -2.23785862e-01 5.52923024e-01 4.96599227e-01
    8.73095751e-01 -1.56769991e-01 -3.71741541e-02 2.23180592e-01
    1.49897134e+00 1.12941124e-01 1.40692890e+00 1.31168842e-01
    1.42413878e+00 -9.40017849e-02 -1.73957407e-01 5.14547341e-02
    1.04784477e+00 7.76967332e-02 9.42744613e-01 6.54232979e-01
    6.99894428e-01 1.18604052e+00 7.76640952e-01 4.87224996e-01
    -6.64507821e-02 1.48205769e+00 -3.37780982e-01 -1.88692763e-01
    8.18831861e-01 -1.22081384e-01 1.22896187e-01 4.02242303e-01
    1.06738901e+00 1.49219131e+00 1.16293907e+00 8.73324454e-01
    1.33434677e+00 6.08232856e-01 1.36710739e+00 1.50601506e+00
    -3.98278385e-02 1.12432003e+00 5.18969357e-01 -8.76281410e-02
    3.91605824e-01 2.82942563e-01 1.25326324e+00 -3.96706872e-02
    1.16578650e+00 1.31673789e+00 1.00907576e+00 -3.60203058e-01
    1.23077035e+00 7.26036370e-01 1.28846300e+00 1.10517120e+00
    1.49300143e-01 1.43965352e+00 -8.88789371e-02 3.54051441e-01
    3.17654312e-01 1.24483848e+00 3.43777537e-01 4.35209423e-01
    -1.19508013e-01 1.11105955e+00 1.37519455e+00 2.09416077e-01
    6.53890133e-01 -4.40615147e-01 5.24723291e-01 1.07188389e-01
    1.41745842e+00 4.40701365e-01 6.09405577e-01 -4.80566084e-01
    1.30799127e+00 2.52638668e-01 -4.53406483e-01 1.03433144e+00
    1.06410015e+00 -2.21302524e-01 1.44830191e+00 1.44156647e+00
    5.91676116e-01 1.66035537e-02 9.95715559e-01 -2.76849568e-01
    -8.63507017e-02 5.55706263e-01 1.43699777e+00 5.93998909e-01
    7.48414278e-01 6.84210181e-01 -2.31950834e-01 8.89196694e-01
    2.19241083e-01 -4.15875405e-01 6.73445821e-01 8.08031559e-01
    2.22005099e-01 1.34340572e+00 -2.85008937e-01 3.38067651e-01
    -1.08732805e-01 1.17348480e+00 8.87312219e-02 8.37446511e-01
    7.38947034e-01 4.05471027e-01 3.81327182e-01 9.07554090e-01
    -3.70469213e-01 -3.53807896e-01 7.32657194e-01 7.28868961e-01
    6.40155017e-01 -5.25806308e-01 1.37524056e+00 -1.65046260e-01
    4.24014241e-01 1.40201521e+00 5.55634558e-01 3.49959731e-01
    5.18911481e-01 9.71313119e-01 6.14035785e-01 7.62249708e-01
    3.30553465e-02 -1.97026521e-01 1.13541710e+00 -4.12648886e-01
    5.19353569e-01 7.82049358e-01 6.30154669e-01 4.83920932e-01
    8.01553667e-01 4.61058199e-01 1.38191378e+00 -9.33614224e-02
    1.43299651e+00 -4.44443896e-02 1.05808437e+00 1.16389799e+00
    1.36877513e+00 -4.56095487e-01 -4.49310869e-01 1.45870697e+00
    5.89943752e-02 -3.24463308e-01 1.38541389e+00 5.29652059e-01
    -3.22386831e-01 4.28948522e-01 -2.37377807e-01 4.15090442e-01
    1.02881193e+00 2.84987837e-01 8.66901353e-02 1.69037983e-01
    6.46067441e-01 -4.74288046e-01 8.32937360e-01 -1.11600950e-01
    5.35942502e-02 4.06317830e-01 1.09121525e+00 2.84759581e-01
    3.78013790e-01 1.37000597e+00 1.30948976e-01 3.89608830e-01
    4.23162162e-01 7.09067404e-01 9.29614961e-01 -4.70380664e-01
    2.47373328e-01 -3.18941087e-01 2.10414708e-01 -3.54705036e-01
    -3.62815738e-01 -2.31306344e-01 1.06843151e-01 8.60592425e-01
    5.91291301e-02 5.93951464e-01 5.64390600e-01 1.14541173e+00
    1.10159159e-01 5.83701193e-01 1.62007794e-01 1.08293521e+00
    -2.26296693e-01 1.24439394e+00 9.57608372e-02 6.99771762e-01
    -8.38781297e-02 3.52707028e-01 -3.18555444e-01 -1.39786229e-01
    7.73890376e-01 9.02345061e-01 -8.66080523e-02 -4.91373450e-01
    -2.01363508e-02 7.78598905e-01 -4.11911160e-01 -3.80649775e-01
    1.07949138e+00 1.15505683e+00 1.49081802e+00 1.10643578e+00
    5.16423345e-01 1.00299132e+00 -2.00405031e-01 5.49825327e-03
    9.90938365e-01 1.37855721e+00 2.20054248e-03 2.58129299e-01
    5.98678827e-01 1.08311212e+00 2.51582354e-01 1.23857260e+00
    6.87234581e-01 -1.44300312e-01 -3.23031008e-01 9.79716599e-01
    -2.05996856e-01 -9.27905813e-02 9.04789150e-01 -5.70895476e-03
    -3.05836022e-01 5.01959801e-01 9.74414945e-01 -5.44804186e-02
    1.40575433e+00 2.09672943e-01 1.28290319e+00 1.25727665e+00
    1.64953291e-01 7.15350866e-01 3.53768736e-01 6.33313239e-01
    1.81925744e-01 9.83493209e-01 4.84586120e-01 -1.54983103e-01
    5.12750112e-02 -2.73226410e-01 -3.36539261e-02 2.97890723e-01
    5.96538365e-01 8.66191030e-01 5.38485885e-01 -2.34544039e-01
    1.18671036e+00 3.33824784e-01 1.51136148e+00 1.24207830e+00
    -9.80374441e-02 5.78316450e-02 1.40548348e-01 4.11355972e-01
    7.76919007e-01 5.59406340e-01 1.26406300e+00 1.43717539e+00
    -4.46192212e-02 -4.35111150e-02 2.73538381e-01 2.99345315e-01
    8.98086369e-01 1.30630934e+00 1.07312584e+00 1.67741343e-01
    4.14712250e-01 -3.22884023e-01 2.75332248e-03 1.37907192e-01
    1.06967449e+00 1.01613629e+00 1.44793952e+00 8.11320782e-01
    2.67802272e-02 2.74594724e-01 3.10302258e-01 1.51786327e+00
    7.96451196e-02 1.34492171e+00 7.60738790e-01 1.23493016e+00
    3.40976685e-01 1.69493151e+00 3.43428731e-01 1.67790309e-01
    1.24477100e+00 1.53439665e+00 7.78915703e-01 5.67443728e-01
    2.97644675e-01 1.23412669e+00 -4.78507988e-02 1.07729113e+00
    -4.04802024e-01 8.83614570e-02 6.45011485e-01 1.33271277e+00
    -3.58059973e-01 2.74660438e-01 1.21021211e+00 -5.00121638e-02
    -4.86892492e-01 1.35664558e+00 9.01489556e-01 1.19893706e+00
    9.52295601e-01 1.01173770e+00 1.36779714e+00 3.06370378e-01
    7.31285393e-01 1.18398499e+00 3.48842263e-01 3.98665816e-01
    -4.89484012e-01 -4.82743502e-01 1.54387087e-01 1.46292961e+00
    1.21567619e+00 7.82536864e-01 8.03490043e-01 -4.92815822e-02
    4.75245625e-01 2.40451038e-01 1.06625128e+00 7.09275544e-01
    -1.99892685e-01 9.40319180e-01 1.32294369e+00 -4.80217040e-01
    7.02004969e-01 1.38439631e+00 3.43714237e-01 -1.37748793e-01
    2.93649912e-01 9.87890303e-01 1.78662315e-01 -9.20368508e-02
    1.14319229e+00 1.36798930e+00 4.69803959e-01 1.16321993e+00
    1.39321065e+00 2.73623653e-02 7.69667387e-01 -3.72850627e-01
    1.28373528e+00 1.17459238e+00 3.22405338e-01 3.88263643e-01
    1.46939027e+00 1.48052680e+00 9.80835021e-01 5.92383742e-01
    -3.39637250e-02 8.81226584e-02 -2.20698774e-01 -4.02867317e-01
    -1.76817447e-01 9.38059032e-01 6.91386640e-01 6.62656844e-01
    1.28310490e+00 7.95298636e-01 1.23772883e+00 3.72875392e-01
    2.91410685e-01 1.32660854e+00 1.04747951e+00 -1.31782442e-01
    -1.88792180e-02 9.35644329e-01 9.56440195e-02 9.39846635e-01
    -4.20576036e-01 2.48327136e-01 8.38243604e-01 1.29895413e+00
    6.85806036e-01 1.02502859e+00 1.24079895e+00 -4.80030894e-01
    1.18416107e+00 1.41119277e+00 -2.30000600e-01 -1.48316249e-01
    6.96276426e-01 1.37929237e+00 1.48879206e+00 1.44589543e+00
    1.32687569e+00 6.96841717e-01 8.50312471e-01 1.05510664e+00
    1.30560660e+00 2.47694969e-01 3.07818025e-01 3.18742514e-01
    -3.27009335e-02 -2.79133916e-02 2.84641206e-01 4.68845755e-01
    3.76455113e-02 6.21458232e-01 1.35453534e+00 1.33913755e+00
    1.92414388e-01 2.42120683e-01 1.29184675e+00 -1.40355498e-01
    6.55625999e-01 3.39789957e-01 1.39187431e+00 7.87196636e-01
    6.31883383e-01 1.28215206e+00 1.48827958e+00 -4.72948253e-01
    2.67810732e-01 7.36592829e-01 9.52133477e-01 4.89835083e-01
    2.44609073e-01 6.19913936e-01 -3.90454620e-01 -1.40797406e-01
    1.42446017e+00 -5.21519734e-03 4.17844892e-01 5.44631124e-01
    1.89258546e-01 1.40407515e+00 -9.23353136e-02 5.93638837e-01
    -2.30401814e-01 1.16521323e+00 -4.05606270e-01 1.09939575e+00
    8.87777358e-02 -3.44488114e-01 9.37188089e-01 7.46987700e-01
    9.36213911e-01 6.75610363e-01 -2.67189890e-01 -4.05920625e-01
    4.31095183e-01 2.84409169e-02 2.37220395e-02 1.41684577e-01
    3.42607766e-01 1.04259163e-01 -3.75580907e-01 6.00536883e-01
    1.35652435e+00 6.96975589e-01 5.62267490e-02 2.73173273e-01
    1.46142316e+00 4.62719858e-01 -2.55681008e-01 1.27638923e-02
    1.24881613e+00 9.68373895e-01 1.14223146e+00 -2.01603055e-01
    1.03515819e-01 -3.60852271e-01 1.38949263e+00 6.65070653e-01
    1.15120518e+00 8.90209556e-01 2.08481085e-02 6.65484592e-02
    9.81886089e-01 3.63317251e-01 8.56297016e-01 1.10447712e-01
    6.24910414e-01 -2.55246341e-01 -3.86553526e-01 1.63206402e-02
    9.54236865e-01 1.02887765e-01 7.37786114e-01 1.02010310e+00
    -3.80439550e-01 6.33086383e-01 -1.22157820e-01 1.39990675e+00
    -4.64872479e-01 6.83247209e-01 9.15008247e-01 5.65176725e-01
    1.00689697e+00 8.35893095e-01 -2.67435443e-02 -4.04436529e-01
    -4.73800212e-01 1.50014043e-01 1.39836764e+00 4.54071581e-01
    6.00898564e-01 2.26576254e-01 1.34920609e+00 1.02653384e+00
    9.39554036e-01 -4.20648962e-01 6.40918612e-02 8.19194734e-01
    -1.52742907e-01 9.53054070e-01 2.49174729e-01 1.23863947e+00
    -4.66232710e-02 4.02577251e-01 -4.09638911e-01 1.01780689e+00
    -3.06944519e-01 -3.96046162e-01 3.72069389e-01 -1.08162239e-01
    -3.39343041e-01 -3.17910790e-01 7.09683657e-01 4.99573126e-02
    -4.47135657e-01 9.91093218e-01 4.96467918e-01 1.44722283e+00
    7.59726048e-01 9.19093609e-01 8.10196459e-01 1.14163542e+00
    2.56860167e-01 5.69404125e-01 3.75283539e-01 -4.58444506e-02
    6.58967555e-01 6.32911563e-01 -1.37048289e-01 3.31005931e-01
    1.25348580e+00 -2.21597359e-01 8.91041875e-01 3.29696029e-01
    1.00781143e-01 -2.11915717e-01 -2.02228874e-01 6.96939826e-01
    8.63604903e-01 1.51890099e+00 7.81807721e-01 4.26690541e-02
    1.12899566e+00 3.80463600e-01 2.78586179e-01 -2.23916352e-01
    7.63069326e-03 5.56346118e-01 9.94166285e-02 2.88044587e-02
    -3.63873720e-01 1.07406223e+00 2.85054266e-01 1.30519569e-01
    3.04096550e-01 1.33823299e+00 -2.69910663e-01 -4.17379141e-01
    5.45473576e-01 4.70579253e-04 8.66409302e-01 3.32156628e-01
    1.40827131e+00 1.95692986e-01 4.29611117e-01 9.73575771e-01
    -3.33038360e-01 8.27814341e-01 3.46762985e-02 1.30671471e-01
    1.01465619e+00 8.80196393e-01 1.35523391e+00 -2.90166438e-01
    1.22966611e+00 -4.12635863e-01 -4.38616306e-01 4.11532402e-01
    1.49991477e+00 3.85907948e-01 6.41240001e-01 5.91097474e-01
    1.26358736e+00 7.00598240e-01 7.61926174e-02 1.42759800e+00
    7.09467947e-01 4.35184479e-01 1.44976750e-01 1.49034178e+00
    1.76306993e-01 1.43752384e+00 1.15008318e+00 1.55403107e-01
    -4.01237100e-01 1.17048287e+00 1.10108840e+00 -4.85062987e-01
    1.13617933e+00 -2.02970862e-01 1.42460263e+00 -2.43017673e-01
    -7.61076584e-02 7.19923258e-01 -1.35178223e-01 6.05225325e-01
    -1.90705866e-01 -8.32810700e-02 1.29266739e+00 -3.46381456e-01
    -4.30977404e-01 5.91336310e-01 2.37265453e-02 2.40383342e-01
    8.34188640e-01 6.12040877e-01 4.43275422e-01 4.49771374e-01
    7.89622426e-01 -1.55836016e-01 5.11166036e-01 1.50414610e+00
    -1.14779264e-01 9.71273899e-01 1.86734170e-01 1.85135081e-01
    -2.01525450e-01 8.95078897e-01 7.00567007e-01 1.38363410e-02
    1.38908279e+00 1.18906096e-01 5.06989717e-01 8.95884275e-01
    1.52796865e+00 1.71245709e-01 -3.60092968e-01 9.14667964e-01
    3.29452693e-01 -2.69611269e-01 6.38202965e-01 6.82662964e-01
    1.14503443e+00 6.53907359e-01 -6.88547418e-02 4.03775215e-01
    9.83758390e-01 1.15904069e+00 -3.58213902e-01 1.13046706e+00
    1.10683954e+00 1.38932145e+00 4.55381304e-01 -1.89338654e-01
    1.02686286e-01 2.45037124e-01 5.01969084e-02 1.25297308e+00
    1.32988381e+00 -4.15766180e-01 1.27534258e+00 -4.02264327e-01
    -7.31784925e-02 7.10704625e-01 9.70628977e-01 9.33912516e-01
    1.56697810e-01 8.42474699e-01 8.82128403e-02 2.93815494e-01
    8.74348581e-01 3.88382226e-01 4.37295198e-01 1.07037938e+00
    1.28850818e+00 -7.69539773e-02 6.92844212e-01 -3.24990571e-01
    8.82358626e-02 1.23611903e+00 -2.02386901e-01 1.22062016e+00
    1.42511427e+00 6.44660532e-01 -4.36163187e-01 1.68436795e-01
    5.75093746e-01 1.90731771e-02 1.52904022e+00 -2.97239095e-01
    -1.58341244e-01 4.56164181e-02 1.24074078e+00 8.91350806e-01
    2.06995562e-01 7.52036631e-01 1.53882587e+00 6.14953637e-01
    1.52468479e+00 8.61151099e-01 4.74629462e-01 1.70253441e-01
    -2.11577177e-01 1.68666318e-01 1.44316757e+00 1.39133036e+00
    3.28559399e-01 1.26212448e-01 1.21986055e+00 1.58465236e-01
    1.01067424e+00 1.40210664e+00 8.28411877e-02 5.04837215e-01
    3.66079301e-01 8.39042783e-01 8.70337427e-01 1.17774568e-01
    3.69917840e-01 2.48529986e-01 4.77873623e-01 -3.56284499e-01
    1.50642681e+00 7.11247981e-01 5.15454531e-01 5.63691109e-02
    7.74075836e-02 1.10858536e+00 5.28972030e-01 1.32506895e+00
    6.32015347e-01 -2.36722738e-01 -1.45108670e-01 1.22177732e+00
    -1.36354700e-01 9.87556934e-01 9.96569157e-01 1.09962709e-01
    1.41730130e+00 9.80758592e-02 1.14161015e+00 -3.27603489e-01
    1.08796155e+00 -1.18978471e-02 7.48578191e-01 1.10202932e+00
    9.09763634e-01 2.29281932e-01 1.37027249e-01 4.16846722e-01
    9.17495787e-01 1.11825347e+00 -8.11827034e-02 1.33959377e+00
    6.09939814e-01 8.87399197e-01 -4.22397166e-01 4.20727074e-01
    1.25427151e+00 1.52573752e+00 5.33430159e-01 1.62133545e-01
    4.57132190e-01 1.22846925e+00 1.26507664e+00 -4.46500987e-01
    1.15150690e+00 5.29327810e-01 -1.20266594e-01 -4.52559769e-01
    2.68569797e-01 -4.43635970e-01 1.43359125e+00 1.27135539e+00
    6.36527538e-02 1.34665743e-01 9.30009559e-02 7.84355223e-01
    7.62090564e-01 4.67963874e-01 -1.24030918e-01 7.48443663e-01
    7.74752736e-01 9.94020462e-01 -2.22837687e-01 1.38698912e+00
    6.32705390e-01 4.87248659e-01 8.55069816e-01 -2.23421648e-01
    1.52292204e+00 9.45171893e-01 1.58618391e+00 5.44439614e-01
    1.77265704e-02 2.53669351e-01 6.62700385e-02 1.24552476e+00
    -2.07387917e-02 9.30538535e-01 5.35002828e-01 1.47919083e+00
    -1.15166843e-01 6.45000160e-01 -2.64580965e-01 1.02122855e+00
    8.34868073e-01 3.94230753e-01 1.89002529e-01 6.39576316e-01
    1.42105401e-01 1.15058088e+00 1.46814311e+00 1.38708997e+00
    1.00892782e+00 6.71723485e-02 1.36147356e+00 1.06731498e+00
    3.89104486e-01 -1.81489766e-01 1.21041131e+00 -9.87608731e-02
    1.27872276e+00 1.25737095e+00 4.39378887e-01 -3.33379239e-01
    1.23193049e+00 -2.69386470e-01 1.38027415e-01 -3.42646062e-01
    5.97290158e-01 -1.42184064e-01 9.54348087e-01 8.09541225e-01
    -1.66917652e-01 4.08450633e-01 5.68212748e-01 6.14112020e-01
    7.61711895e-02 2.63581812e-01 -2.44760737e-01 -3.20013374e-01
    6.78254545e-01 -3.65400136e-01 9.00528431e-01 -2.48205528e-01
    -2.55571246e-01 9.18895364e-01 1.67544231e-01 1.43759036e+00
    2.35932052e-01 1.23635232e+00 -1.70835853e-01 4.17760164e-02
    1.43616593e+00 2.50654191e-01 1.13341117e+00 9.34329569e-01
    1.11332703e+00 8.09390783e-01 1.29575562e+00 3.79249267e-02
    6.26234651e-01 1.28463995e+00 8.14961970e-01 6.00821137e-01
    1.09717846e+00 3.88506837e-02 5.04089773e-01 9.92374063e-01
    1.43331218e+00 2.62282073e-01 1.48808515e+00 4.58185047e-01
    -3.60189795e-01 -3.54340225e-01 -1.34057879e-01 -1.03174523e-01
    9.40459549e-01 8.35103035e-01 1.00550175e+00 -2.59311467e-01
    3.72907907e-01 -3.25155228e-01 9.00694311e-01 3.99611503e-01
    8.26764822e-01 8.28048646e-01 6.86948061e-01 1.92613035e-01
    7.16483235e-01 1.12113023e+00 -1.46917686e-01 2.58168191e-01
    1.28403437e+00 2.75576323e-01 1.47016871e+00 1.91062331e-01
    1.00794995e+00 8.67167830e-01 -4.09545034e-01 5.66681102e-02
    -3.10048193e-01 3.53541583e-01 1.55227280e+00 -3.65984380e-01
    -3.89639437e-01 7.72573471e-01 -1.84044242e-01 7.05163717e-01
    -2.38240082e-02 4.51222777e-01 3.26805830e-01 -4.50338185e-01
    1.23463655e+00 1.10843682e+00 4.81035233e-01 4.61024731e-01
    8.92915130e-01 8.10284078e-01 9.89612401e-01 6.63220882e-01
    1.44090748e+00 6.62354410e-01 6.20077252e-01 2.94067830e-01
    1.26709318e+00 1.10752857e+00 -4.04172540e-01 9.47028577e-01
    -2.78096318e-01 3.27900387e-02 1.65979445e-01 1.28294182e+00
    1.17729914e+00 1.25641033e-01 1.32405305e+00 5.95710576e-01
    4.60540384e-01 1.40227056e+00 1.36594963e+00 1.38589633e+00
    1.56455564e+00 2.96855062e-01 -3.08987021e-01 8.05123687e-01
    8.99181962e-01 -3.96578908e-01 1.76523849e-01 -1.58552676e-01
    3.20378870e-01 1.18767571e+00 3.80324900e-01 1.30769491e+00
    1.07135653e+00 1.22463614e-01 9.50908899e-01 6.05701327e-01
    -4.06313658e-01 -4.16726768e-01 1.90699771e-01 1.13984716e+00
    -3.19551021e-01 5.95998287e-01 1.75699174e-01 8.47943425e-01
    6.57516122e-01 1.31456363e+00 1.37118435e+00 -2.59238213e-01
    1.14422843e-01 1.01795352e+00 1.37487078e+00 8.27283144e-01
    5.85912347e-01 3.92332152e-02 7.44942427e-01 1.11622560e+00
    1.43500531e+00 -6.42811283e-02 -2.13224128e-01 -1.18670076e-01
    1.20341074e+00 -1.01662420e-01 1.54490128e-01 1.49646091e+00
    6.50870740e-01 1.22236383e+00 1.35501301e+00 -5.18643484e-02
    4.54056859e-01 1.07947290e+00 7.51868606e-01 -4.97571602e-02
    -1.84132561e-01 1.19264528e-01 8.42838407e-01 3.91536564e-01
    6.81764603e-01 8.40289593e-02 9.13546801e-01 4.26287472e-01
    1.47186089e+00 1.49606490e+00 1.05828536e+00 1.42705119e+00
    1.12676179e+00 1.45574391e+00 -3.35179195e-02 1.20744705e+00
    -4.14722830e-01 -1.92489579e-01 -2.40332484e-01 1.45112467e+00
    9.82009649e-01 3.53460550e-01 5.70396423e-01 7.64649868e-01
    1.31914246e+00 2.60171771e-01 -4.34405982e-01 1.29102683e+00
    1.01107383e+00 -1.21501349e-01 8.39942157e-01 7.76490718e-02
    -2.26220831e-01 3.69325966e-01 2.20423475e-01 1.32961106e+00
    5.29537618e-01 4.65548128e-01 6.92438424e-01 9.89845812e-01
    2.17116311e-01 7.68414617e-01 -3.05489123e-01 3.11946601e-01
    6.61175549e-01 8.94971907e-01 4.75324094e-02 5.19365072e-01
    5.98280549e-01 9.06236470e-01 4.88321692e-01 7.32173383e-01
    2.64674425e-01 9.33883071e-01 3.61312516e-02 4.78730798e-01
    2.71923766e-02 -1.60032272e-01 6.72454089e-02 1.52284348e+00
    8.71766925e-01 9.38421369e-01 -3.25640589e-01 4.89470243e-01
    8.91314447e-01 5.73280275e-01 1.40120125e+00 -7.94040263e-02
    1.12060654e+00 9.05760407e-01 -4.32879515e-02 3.48494530e-01
    3.44702870e-01 -3.12107563e-01 4.02098507e-01 6.30976856e-01
    1.26439261e+00 -1.99688837e-01 5.64610600e-01 7.10625350e-01
    6.79120362e-01 5.25523901e-01 1.60102022e+00 6.43732667e-01
    -3.36927980e-01 -2.46958837e-01 8.41190398e-01 1.21272624e+00
    2.33317271e-01 9.14890349e-01 1.49143505e+00 1.39938653e+00
    2.80424893e-01 1.19238412e+00 -3.57881635e-01 2.70577103e-01
    6.05141759e-01 1.21511567e+00 -1.50705189e-01 1.06412506e+00
    4.75286394e-02 1.12349927e+00 4.22099710e-01 1.76423863e-01
    8.68464336e-02 1.24395847e+00 9.82228890e-02 1.20839812e-01
    7.84516275e-01 4.15080041e-01 5.44254661e-01 9.27612007e-01
    7.17257440e-01 2.46484935e-01 1.08886860e-01 6.82642162e-01
    1.21770453e+00 5.79343131e-03 1.49092555e+00 4.04071510e-02
    2.92617708e-01 2.07312360e-01 1.43322921e+00 1.02715361e+00
    1.40241337e+00 1.04022932e+00 5.53927571e-02 1.52153718e+00
    1.42830461e-01 -1.60822615e-01 1.51930785e+00 -3.06767225e-01
    3.15209031e-01 5.98505735e-01 1.03744529e-02 1.54863191e+00
    1.17375350e+00 8.01121630e-03 6.49195015e-02 -4.15460348e-01
    1.00458813e+00 4.90829647e-01 3.87668133e-01 -3.85456890e-01
    7.24945009e-01 2.35473067e-02 4.41080868e-01 1.42819369e+00
    5.07807791e-01 9.71293688e-01 -6.72758371e-02 4.12012160e-01
    8.49890530e-01 1.35759342e+00 1.54154384e+00 8.88527855e-02
    1.56611872e+00 5.73375463e-01 1.21605122e+00 1.26992083e+00
    -1.40241697e-01 1.55881453e+00 1.27710968e-01 1.31363317e-01
    -1.78593680e-01 2.60205925e-01 9.32554364e-01 3.22685808e-01
    -1.06330074e-01 5.07327616e-01 -3.06738410e-02 9.68062282e-01
    -3.33255641e-02 1.39016652e+00 5.65531373e-01 1.58976749e-01
    -1.49205267e-01 4.24706370e-01 1.01265705e+00 1.15717757e+00
    1.14937472e+00 3.02284271e-01 8.17376375e-01 1.28695846e+00
    4.45541680e-01 1.28516245e+00 2.33423010e-01 9.60459650e-01
    6.25628412e-01 -2.37484053e-01 8.60827208e-01 1.19118500e+00
    2.67794311e-01 -1.46514490e-01 1.11425340e+00 1.24921131e+00
    8.13209176e-01 -3.69274735e-01 9.62479591e-01 1.49594975e+00
    1.34475422e+00 1.33529678e-01 3.01829427e-01 -2.96092242e-01
    6.33547962e-01 1.46401906e-02 1.45003128e+00 1.21719313e+00
    8.03091407e-01 1.32447600e+00 1.03951395e+00 2.84871727e-01
    3.62937123e-01 1.15129828e+00 7.50719845e-01 -1.49557032e-02
    -1.12026975e-01 -2.89905518e-01 5.56562364e-01 1.01990378e+00
    -2.01265603e-01 3.47703099e-01 1.52477312e+00 1.16214824e+00
    6.63638651e-01 1.49618995e+00 1.56177986e+00 -9.34434310e-02
    1.35688949e+00 2.58043021e-01 6.04432166e-01 -2.27727741e-01
    -6.47043958e-02 7.26227105e-01 7.66639829e-01 -3.00508086e-02
    1.26889205e+00 2.20616713e-01 1.26836503e+00 5.16079128e-01
    1.40146053e+00 -1.71102432e-03 -2.48293966e-01 1.47365677e+00
    3.64111245e-01 3.15740138e-01 8.75507295e-01 1.55573630e+00
    1.09530795e+00 -1.42823905e-01 -3.80949080e-01 2.16684163e-01
    8.68947268e-01 1.00458181e+00 9.36320305e-01 1.16932404e+00
    2.35391092e-02 1.04776180e+00 1.17820263e+00 2.77168304e-01
    1.07206297e+00 1.15781255e-01 -1.14827015e-01 8.43535542e-01
    2.89605737e-01 9.60581303e-02 7.23671377e-01 1.25453845e-01
    6.10417187e-01 3.02090973e-01 2.39383981e-01 9.63978112e-01
    -3.43993247e-01 4.42422450e-01 1.25206459e+00 7.14175582e-01
    3.60099167e-01 2.32081607e-01 1.31042659e+00 1.13590574e+00
    6.48451895e-02 1.43770814e-01 -2.18694031e-01 1.45791149e+00
    4.94162083e-01 -3.85494173e-01 7.68236160e-01 1.43943632e+00
    5.44157982e-01 1.03561914e+00 -2.74924427e-01 1.48722470e+00
    1.37253821e+00 -1.99417621e-01 7.47115090e-02 1.35482049e+00
    7.56185921e-03 -3.11144680e-01 4.16550964e-01 -2.80009985e-01
    -8.80191699e-02 9.93980646e-01 1.70458126e+00 1.13043003e-01
    1.66618192e+00 1.59344599e-01 1.64938116e+00 1.55944848e+00
    1.55204439e+00 1.45525649e-01 -2.56393045e-01 1.32866192e+00
    1.36867237e+00 5.40506184e-01 1.07098246e+00 4.11345333e-01
    1.27482522e+00 2.25789938e-02 -1.95567772e-01 1.13624960e-01
    1.06492639e+00 -1.62959650e-01 5.03661215e-01 1.37324989e+00
    1.05149776e-01 9.49077085e-02 1.14625835e+00 1.60008526e+00
    5.89021444e-01 -1.28684742e-02 1.55210447e+00 1.04865742e+00
    -2.32910126e-01 3.16083916e-02 1.19546580e+00 7.62769938e-01
    5.37241638e-01 4.80034441e-01 1.26185477e+00 -1.91201434e-01
    -2.85125338e-02 1.27985787e+00 1.34802973e+00 5.54784000e-01
    -1.88992172e-01 4.30680782e-01 8.51258397e-01 6.42382324e-01
    4.71256018e-01 1.41782773e+00 1.30970252e+00 5.82454324e-01
    7.09880769e-01 1.07137704e+00 1.33561361e+00 -1.08436354e-01
    6.90481842e-01 8.24178338e-01 1.51042104e-01 1.85263023e-01
    -2.17221100e-02 3.47693950e-01 8.76343966e-01 1.57699084e+00
    2.80940562e-01 1.27234590e+00 -2.47372195e-01 6.34342313e-01
    -2.87273735e-01 4.39749390e-01 -3.11214149e-01 6.67660952e-01
    1.47322819e-01 -2.72143155e-01 -1.58737645e-01 4.63978469e-01
    1.00009441e+00 1.40794384e+00 1.03218436e+00 9.76564884e-01
    3.83706123e-01 8.07862043e-01 7.17564940e-01 1.52058065e+00
    5.72226286e-01 8.96671832e-01 -1.60953699e-04 1.20751381e+00
    4.53867078e-01 1.33379197e+00 2.14448422e-01 1.59913993e+00
    6.08460426e-01 6.25888824e-01 4.90199849e-02 5.73161960e-01
    9.88598287e-01 1.19657874e+00 1.45436692e+00 2.07607120e-01
    8.70076895e-01 5.38249791e-01 1.07780151e-01 1.48622108e+00
    4.68339771e-01 1.57245995e-05 1.32381010e+00 2.39011139e-01
    -3.44915897e-01 -1.33352540e-02 -3.57106000e-01 1.22079527e+00
    1.62235662e-01 4.79120351e-02 1.26617908e+00 2.96084583e-01
    1.27042997e+00 9.51090395e-01 -1.20568573e-01 1.37705958e+00
    4.75059837e-01 6.09579265e-01 -7.84425139e-02 1.60540611e-01
    6.75319612e-01 1.37072250e-01 7.31292605e-01 1.17610669e+00
    1.07072389e+00 1.25339222e+00 1.60365915e+00 9.53581810e-01
    6.62606657e-02 9.60139111e-02 1.14597392e+00 3.29939544e-01
    1.56425670e-01 -2.63762712e-01 1.44786274e+00 7.37821698e-01
    1.19889534e+00 1.59481514e+00 4.96559918e-01 1.50466740e+00
    8.17948401e-01 2.52252370e-01 4.73306119e-01 8.45890343e-01
    1.06768239e+00 1.40222564e-01 -2.42469579e-01 2.61838824e-01
    1.34273116e-02 -2.73480285e-02 1.22582626e+00 6.69635296e-01
    1.21948707e+00 1.20087421e+00 1.48363337e-01 3.53175908e-01
    1.73054174e-01 2.51736671e-01 1.56023574e+00 -3.14856440e-01
    9.68669653e-01 2.10159495e-01 2.06446737e-01 6.91127241e-01
    1.00180376e+00 9.28508461e-01 7.33494461e-01 2.10961118e-01
    2.27300242e-01 1.23800349e+00 -1.68555871e-01 1.19158781e+00
    1.59088540e+00 7.75079370e-01 6.03210449e-01 3.79831880e-01
    1.44992149e+00 2.63697654e-01 1.57621813e+00 6.51800931e-01
    9.35592234e-01 1.27993369e+00 1.35782802e+00 -3.49015236e-01
    2.63966590e-01 1.25585723e+00 -1.88241839e-01 1.10482728e+00
    1.57746243e+00 1.07783628e+00 -1.67912409e-01 -5.94053641e-02
    6.34026945e-01 1.22396386e+00 3.93571228e-01 -3.17292333e-01
    1.37734401e+00 -1.67539895e-01 2.12510899e-01 1.30388141e+00
    3.08219641e-01 1.11366558e+00 6.02019668e-01 -2.00934321e-01
    1.25298715e+00 3.69055212e-01 6.14358485e-01 -1.62521988e-01
    -1.35206550e-01 7.02994466e-01 -1.25738546e-01 -2.88438201e-01
    1.53296494e+00 3.22150290e-01 9.29571688e-01 6.08589612e-02
    7.42473960e-01 3.53434920e-01 1.13183105e+00 6.91077650e-01
    5.64547122e-01 -1.63254887e-02 1.59193918e-01 9.29924786e-01
    7.43754983e-01 2.10908562e-01 -2.01230757e-02 -2.87876666e-01
    4.63415921e-01 5.67492954e-02 -3.70162785e-01 1.11798096e+00
    1.22268891e+00 8.62881422e-01 3.09511870e-02 1.24050927e+00
    5.05521476e-01 2.76569009e-01 1.37338805e+00 7.19665349e-01
    1.11051691e+00 -2.56009251e-01 -2.43905604e-01 -3.74947876e-01
    2.75207996e-01 8.53402734e-01 6.39204919e-01 8.44287395e-01
    -3.11535984e-01 1.43855929e+00 1.65098941e+00 8.04599047e-01
    7.60726213e-01 6.83775425e-01 7.27221370e-01 1.69288933e+00
    1.75374162e+00 4.24527645e-01 -1.01409480e-01 1.47840750e+00
    9.79524791e-01 1.26217735e+00 1.93737950e-02 1.54622591e+00
    2.07969248e-01 5.73326886e-01 1.00624466e+00 3.27238679e-01
    -1.94784701e-01 -3.30102801e-01 -2.11446568e-01 9.05276775e-01
    1.55916914e-01 1.17213213e+00 -2.23491341e-01 1.26239109e+00
    3.47842902e-01 1.46426606e+00 3.58663440e-01 -2.09543467e-01
    2.49338269e-01 1.25881529e+00 1.09606254e+00 7.24495769e-01
    -9.54117551e-02 6.54127836e-01 1.65424645e+00 5.33175707e-01
    2.39121050e-01 1.26301265e+00 -2.55531400e-01 1.36246920e+00
    1.41040587e+00 -3.38201106e-01 1.62489688e+00 2.05282927e-01
    1.48092842e+00 9.86619592e-01 -1.98664576e-01 -3.45808715e-01
    1.15004182e-01 4.90838557e-01 5.77376604e-01 8.19787383e-01
    -6.65267855e-02 -3.16264391e-01 1.08529218e-01 8.49920094e-01
    2.90473700e-01 1.69433311e-01 1.60511196e+00 9.46740150e-01
    8.64702940e-01 1.43842411e+00 9.18400288e-01 1.55964315e+00
    -2.00946882e-01 7.58490086e-01 -4.51039337e-02 1.52399302e+00
    1.33107674e+00 8.16615880e-01 6.01932228e-01 3.55349123e-01
    -3.11607748e-01 1.14957654e+00 1.30043769e+00 2.16072366e-01
    4.43538755e-01 1.59124053e+00 1.52958107e+00 5.29301405e-01
    1.24394906e+00 5.96265256e-01 5.86883677e-03 1.19237876e+00
    1.11707139e+00 -1.48570180e-01 3.68839294e-01 3.56600821e-01
    2.42222309e-01 7.64963508e-01 9.96333122e-01 1.06722742e-01
    2.97060251e-01 1.23073411e+00 6.01310372e-01 3.04567754e-01
    -2.52736926e-01 9.54771459e-01 7.67693162e-01 7.95154154e-01
    4.42597657e-01 8.70589912e-01 1.26053259e-01 4.73847657e-01
    -1.67271271e-02 1.19509852e+00 1.60375154e+00 -1.00448644e-02
    1.49802506e-01 3.63627017e-01 1.47498798e+00 4.83979844e-02
    1.03128481e+00 4.02915120e-01 5.32346666e-01 7.75182188e-01
    4.02526259e-01 -1.22880928e-01 6.54900312e-01 -2.40987360e-01
    1.25995457e+00 1.58824468e+00 8.06784451e-01 1.13013601e+00
    1.21786380e+00 6.38965487e-01 -3.33391130e-01 1.27852118e+00
    -2.60864615e-01 -1.58244640e-01 1.17856526e+00 1.58910775e+00
    8.00379589e-02 -1.18471935e-01 9.95697007e-02 1.45286524e+00
    1.20084584e+00 6.21542893e-03 1.12546813e+00 -1.45153865e-01
    3.33949208e-01 4.68021035e-01 6.69443250e-01 4.43616688e-01
    1.66998744e-01 7.76210189e-01 3.47709686e-01 1.33037937e+00
    1.07731438e+00 2.07857102e-01 -1.15697850e-02 2.08204657e-01
    1.96424231e-01 5.51913261e-01 5.25741339e-01 6.17775798e-01
    -2.86677778e-01 -3.13653797e-01 1.28000110e-01 1.04323328e+00
    1.31340826e+00 1.26703501e+00 1.04915082e+00 5.41633248e-01
    5.24315715e-01 6.25109971e-01 -2.72304624e-01 8.68984222e-01
    3.18395197e-01 3.27954739e-02 -2.48617545e-01 2.78125107e-01
    -1.43851742e-01 5.68145752e-01 -6.50896206e-02 9.89656568e-01
    1.47875857e+00 6.62012041e-01 1.31292772e+00 1.15415704e+00
    4.45896596e-01 1.20412385e+00 6.50108039e-01 3.25771123e-01
    1.12512541e+00 9.04078484e-01 -6.05334751e-02 1.04665124e+00
    1.00083530e+00 7.56346285e-02 7.06064641e-01 -1.17564470e-01
    1.23251700e+00 -2.04562098e-01 6.90687895e-01 5.12640119e-01
    3.14427823e-01 4.87425566e-01 -3.10859919e-01 1.06771910e+00
    6.07828021e-01 -2.48121664e-01 9.78891909e-01 4.07027841e-01
    1.07537031e+00 3.66106629e-01 1.60938632e+00 1.95226327e-01
    1.33489895e+00 1.23297893e-01 1.33685613e+00 3.37592781e-01
    1.46496928e+00 -2.35547990e-01 3.07808638e-01 8.12311411e-01
    2.70708203e-01 1.44232070e+00 6.37605846e-01 1.08931136e+00
    1.19001359e-01 1.36004484e+00 3.88086915e-01 1.54765618e+00
    6.18498683e-01 1.24875116e+00 1.60913557e-01 -1.05793372e-01
    3.77597362e-02 1.00120962e+00 1.35954642e+00 4.00857061e-01
    -1.81307644e-02 1.03764776e-02 9.86232817e-01 1.12566805e+00
    7.32561797e-02 1.13442457e+00 9.08048570e-01 -3.66187900e-01
    9.56293344e-01 1.13098097e+00 1.43859577e+00 -3.64775985e-01
    1.40267551e+00 2.06437498e-01 1.44945574e+00 1.58248043e+00
    5.96559457e-02 5.88929057e-01 -2.25352570e-01 6.89460695e-01
    1.37249017e+00 -2.16721997e-01 1.44531322e+00 1.09231102e+00
    5.89121222e-01 9.36400115e-01 3.33513439e-01 9.44170132e-02
    2.74785250e-01 1.14217961e+00 1.63283086e+00 2.88590968e-01
    7.66628206e-01 -2.04721522e-02 1.61619246e+00 1.21276021e+00
    6.60328090e-01 6.84901416e-01 -1.72524199e-01 6.91407979e-01
    7.70352721e-01 8.11915457e-01 1.22616553e+00 1.13508058e+00
    1.67249060e+00 4.37229007e-01 -2.53332853e-01 5.00249267e-01
    1.25097883e+00 -1.22688832e-02 3.65248501e-01 1.57177949e+00
    3.37788045e-01 1.15295720e+00 2.91337091e-02 1.48964214e+00
    1.64262176e-01 4.66241300e-01 1.62567794e-01 1.14083648e+00
    -1.35146171e-01 1.42077661e+00 8.28056395e-01 7.69073606e-01
    -5.05132675e-02 4.85880733e-01 5.00548422e-01 6.79350972e-01
    9.54111218e-01 -9.56706256e-02 5.68513751e-01 4.54614073e-01
    1.52542067e+00 1.50582290e+00 6.63711876e-02 1.29916322e+00
    1.39203882e+00 1.35810077e+00 7.82073319e-01 7.06421018e-01
    3.86270612e-01 1.42444134e-01 1.53505492e+00 1.61698246e+00
    6.39758050e-01 -3.10037345e-01 8.16567719e-01 2.65016586e-01
    6.89017713e-01 1.64613867e+00 1.41727006e+00 7.73331344e-01
    7.04473734e-01 1.56993198e+00 1.21860838e+00 1.39658010e+00
    1.38103557e+00 8.18124652e-01 2.89212316e-01 8.24225307e-01
    6.06223166e-01 1.09518492e+00 1.45331812e+00 1.08758676e+00
    -4.36421148e-02 1.44052184e+00 -2.62214512e-01 3.86668444e-01
    1.02733600e+00 -1.58082739e-01 7.35898733e-01 1.30232739e+00
    7.95531034e-01 1.09787774e+00 1.04329872e+00 3.61593068e-01
    1.43292499e+00 9.46600199e-01 -1.86427355e-01 4.55723763e-01
    1.64857280e+00 -1.61946610e-01 1.84026033e-01 4.32282388e-01
    5.59019566e-01 1.53785467e+00 -2.03564972e-01 1.41481602e+00
    -2.10882321e-01 2.51100391e-01 1.53392661e+00 -2.65304953e-01
    3.06194425e-01 1.22086525e+00 5.76177239e-01 1.63903892e+00
    -2.73176104e-01 -2.83851981e-01 1.51487720e+00 1.48939335e+00
    1.29042196e+00 4.35324103e-01 -3.26044470e-01 1.50495446e+00
    2.98616678e-01 1.55638456e+00 5.22189401e-03 5.76546550e-01
    7.72734940e-01 -1.49136811e-01 1.32139099e+00 1.45770282e-01
    9.53098416e-01 1.04090679e+00 3.16410214e-01 4.08815145e-01
    4.53298032e-01 7.70702362e-01 7.20477641e-01 1.22328258e+00
    2.61775941e-01 7.81859457e-01 3.91879708e-01 1.26090419e+00
    9.55816627e-01 1.16019905e+00 1.31421971e+00 5.33130765e-01
    5.54822311e-02 6.47071242e-01 1.36331272e+00 9.48709607e-01
    1.35017753e+00 9.67258573e-01 2.09593564e-01 1.42490578e+00
    2.17100561e-01 8.72284055e-01 5.32432914e-01 -1.43092990e-01
    1.42517900e+00 3.03040624e-01 6.79963589e-01 -7.85564855e-02
    7.06708014e-01 1.11718261e+00 -2.31803015e-01 4.77983430e-02
    -2.42541149e-01 -2.54855126e-01 1.15427423e+00 9.50469971e-01
    9.21098948e-01 8.51908267e-01 2.74136335e-01 9.52763736e-01
    2.95804702e-02 5.65696537e-01 2.80308217e-01 -1.83764935e-01
    4.18235101e-02 1.09692109e+00 -1.69059206e-02 9.40877438e-01
    6.89920127e-01 -1.55425057e-01 5.68943322e-01 4.07614261e-01
    3.79763454e-01 1.48468995e+00 7.60764480e-01 4.80940193e-01
    1.48930740e+00 7.84260094e-01 6.90948009e-01 1.63982272e+00
    -6.63515106e-02 9.06735599e-01 -2.67535120e-01 1.48118091e+00
    1.75317183e-01 1.59732354e+00 -1.82298377e-01 1.18086267e+00
    1.21740885e-01 7.19536185e-01 1.41774297e+00 1.71097830e-01
    1.19508767e+00 2.12949499e-01 7.04179347e-01 8.26717436e-01
    1.20516169e+00 9.73958731e-01 2.66498059e-01 1.09256732e+00
    1.40161574e+00 1.53569713e-01 4.80470568e-01 -6.38561174e-02
    -2.34403804e-01 3.40465754e-01 -2.91149974e-01 6.12355947e-01
    1.42254937e+00 1.05326951e+00 1.57279897e+00 1.49199367e+00
    4.07775968e-01 -1.51815429e-01 -3.27850282e-01 1.37796915e+00
    4.93551940e-01 3.02807689e-01 1.36953604e+00 1.02428365e+00
    8.42200696e-01 8.11797440e-01 4.95625347e-01 3.95076156e-01
    8.06827247e-01 9.42217633e-02 7.47904360e-01 1.54036689e+00
    4.98703539e-01 1.52939129e+00 1.55046955e-02 -8.32696632e-02
    1.37745714e+00 2.73518693e-02 1.64178848e+00 3.08023453e-01
    4.79496837e-01 -1.32155254e-01 -2.89335817e-01 2.49703415e-03
    4.39845502e-01 1.45371556e+00 1.21252525e+00 1.87446415e-01
    -1.74201116e-01 5.98652661e-01 1.10214615e+00 1.46676397e+00
    4.87809896e-01 1.65085554e+00 1.71393800e+00 4.60033417e-01
    1.57636344e+00 -7.06797987e-02 1.17833459e+00 1.52204144e+00
    1.33421564e+00 1.10735857e+00 5.68574667e-01 -2.85499305e-01
    3.70531976e-01 -2.45959610e-01 1.34835613e+00 1.32710671e+00
    -9.09162685e-02 2.29194179e-01 9.70469713e-01 -5.28311636e-03
    1.23987687e+00 -2.30756775e-01 6.74431562e-01 5.20911932e-01
    1.03137088e+00 6.33059204e-01 3.33082855e-01 1.12424898e+00
    9.59615037e-02 -2.19276696e-01 1.19210267e+00 9.09322560e-01
    -2.33894810e-02 1.08213753e-01 1.39030129e-01 1.17021307e-01
    1.01701307e+00 1.04269075e+00 4.73108381e-01 1.94460496e-01
    5.49414098e-01 -2.06629038e-02 5.30803442e-01 2.42795974e-01
    5.12734294e-01 1.36059940e+00 1.35662782e+00 8.97407711e-01
    2.74620086e-01 1.49117813e-01 2.72246838e-01 -1.55151844e-01
    -2.58348256e-01 1.21028864e+00 1.11719322e+00 9.94324982e-01
    7.51041844e-02 5.00106514e-01 8.90039206e-02 7.98268735e-01
    1.08692616e-01 1.54750848e+00 -2.76713133e-01 -1.20708287e-01
    1.28997838e+00 -2.68526543e-02 7.89280057e-01 1.46709502e+00
    1.38466322e+00 3.55326712e-01 4.38194036e-01 2.44815916e-01
    1.05008209e+00 1.59805238e+00 4.58580881e-01 1.65493560e+00
    4.08753663e-01 1.42187071e+00 2.54543871e-01 1.41464818e+00
    5.92999816e-01 -3.14771086e-01 8.38728189e-01 1.41282082e+00
    2.99683422e-01 7.06182718e-02 1.55451405e+00 1.21025705e+00
    5.74634671e-01 8.67741168e-01 1.36025131e+00 5.36556602e-01
    6.79290593e-01 4.38859105e-01 -1.88957825e-01 1.23554468e+00
    3.91588300e-01 -1.83503047e-01 1.57908237e+00 1.02886736e+00
    3.52451473e-01 1.17344403e+00 -6.54245764e-02 1.01717782e+00
    -1.20178750e-02 8.42928231e-01 6.45417035e-01 8.02383065e-01
    1.43951452e+00 1.23215652e+00 2.38015920e-01 3.02389741e-01
    1.65893078e+00 7.37299621e-01 9.69082832e-01 2.89855003e-01
    7.19901249e-02 -3.86979282e-02 -5.62773831e-02 5.49486637e-01
    1.47457147e+00 1.58076763e+00 6.00434303e-01 1.52049255e+00
    1.57587409e+00 -1.64638400e-01 1.05078161e+00 9.69491065e-01
    5.64892069e-02 5.48568547e-01 1.26257968e+00 6.50078535e-01
    8.98537695e-01 -1.56354636e-01 -6.84536397e-02 9.92174327e-01
    -2.27783229e-02 5.04649505e-02 2.06050962e-01 -5.00014285e-03
    -1.03106752e-01 -1.52853891e-01 9.49115932e-01 1.11517262e+00
    8.01319778e-01 1.36282909e+00 -1.51098371e-01 1.34987473e+00
    1.06744790e+00 -7.12583587e-02 1.45511174e+00 7.58328438e-01
    1.48790121e+00 3.57393861e-01 1.49171305e+00 1.36130512e+00
    1.63007259e-01 1.92329109e-01 1.29062390e+00 1.60565805e+00
    1.47908819e+00 9.26217556e-01 6.30791962e-01 9.44818109e-02
    -7.49179199e-02 1.62279040e-01 7.65140831e-01 5.57960212e-01
    4.08126324e-01 7.29169667e-01 1.30709636e+00 8.69006813e-01
    1.61787495e-01 1.28896236e+00 1.14874279e+00 -2.43235037e-01
    -2.00433746e-01 1.63106000e+00 -3.99032459e-02 8.36256921e-01
    -1.12399645e-01 6.64828122e-01 -8.86448994e-02 3.25311244e-01
    9.93136048e-01 9.79666471e-01 1.06566894e+00 1.43419445e-01
    5.26118875e-01 -1.49634138e-01 1.22161746e+00 1.52569211e+00
    5.23888648e-01 -2.39259198e-01 1.34334135e+00 1.32762897e+00
    7.21394002e-01 1.85556963e-01 1.56844899e-01 1.55966365e+00
    1.45036840e+00 -3.02326143e-01 -1.32631334e-02 4.01968718e-01
    1.44689333e+00 3.04742813e-01 -2.47358516e-01 4.43029046e-01
    1.36354780e+00 9.54609573e-01 1.35748184e+00 1.18600881e+00
    1.30444562e+00 3.34924221e-01 1.14604378e+00 3.48041445e-01
    4.23338711e-01 9.46673572e-01 1.14051664e+00 6.39462411e-01
    8.85750115e-01 1.36070862e-01 1.04884505e+00 8.52556407e-01
    -9.73420665e-02 -2.80096978e-01 -1.95507839e-01 1.65512633e+00
    6.00884557e-01 1.16338813e+00 4.35753614e-01 4.53338146e-01
    7.75514901e-01 -2.39459693e-01 4.48718816e-01 8.18968862e-02
    2.06643656e-01 1.39629948e+00 -2.01319546e-01 6.67289078e-01
    9.30571437e-01 9.57267880e-02 2.28689298e-01 7.35035181e-01
    1.33478487e+00 2.18544409e-01 5.40248811e-01 6.29990026e-02
    3.83003145e-01 -6.94994703e-02 7.16944516e-01 1.37880290e+00
    9.83883977e-01 1.38298357e+00 1.75683105e+00 8.29361379e-01
    1.49994183e+00 7.77313650e-01 5.10491192e-01 8.68554950e-01
    1.66669571e+00 1.22232437e+00 3.86164218e-01 8.76589715e-01
    7.24655330e-01 3.79785150e-01 -1.11241363e-01 3.03276986e-01
    2.81826675e-01 -2.76764452e-01 8.48360121e-01 3.19165349e-01
    1.20378137e+00 1.14983070e+00 8.85000646e-01 3.05160046e-01
    -1.17671132e-01 -7.22223222e-02 4.90538448e-01 -2.00931076e-03
    6.75624490e-01 -1.12985454e-01 1.06299017e-02 2.78778076e-01
    1.69954196e-01 6.25359118e-01 8.89924824e-01 6.26449168e-01
    1.23113370e+00 -2.78650541e-02 -1.80481657e-01 9.39938486e-01
    -1.66608259e-01 3.32597911e-01 1.39813706e-01 4.45036650e-01
    7.41351843e-01 -7.99726788e-03 1.10650249e-02 1.03776360e+00
    9.93465900e-01 1.15198588e+00 1.43545890e+00 4.42948908e-01
    1.33226240e+00 7.10155308e-01 1.60692191e+00 8.12775731e-01
    9.03349876e-01 1.70980835e+00 4.44211781e-01 1.46380067e+00
    5.97970724e-01 1.15926313e+00 8.75301003e-01 2.48772815e-01
    5.72241902e-01 2.09136695e-01 2.26264790e-01 6.00353181e-01
    1.11088645e+00 1.05911040e+00 1.15035558e+00 1.43912494e-01
    -4.52348702e-02 4.52425185e-04 -3.89370658e-02 5.49075864e-02
    -1.26143321e-01 -2.35021606e-01 8.69711459e-01 7.59698212e-01
    6.09009206e-01 8.48594368e-01 7.80100599e-02 1.14134479e+00
    -5.72548397e-02 3.93668115e-01 6.52823925e-01 8.06473076e-01
    -1.55947223e-01 1.17514387e-01 3.21979970e-01 1.43532836e+00
    -1.05962276e-01 -2.45330825e-01 -6.08075783e-02 1.50116289e+00
    2.64743954e-01 8.02325428e-01 4.74830419e-01 1.16806781e+00
    4.74513113e-01 2.89742112e-01 -8.87963623e-02 1.27061200e+00
    6.04542792e-01 1.23163843e+00 1.38516426e+00 1.52769363e+00
    1.49806380e+00 1.41004646e+00 1.10553890e-01 1.20285130e+00
    8.50133300e-01 1.38679719e+00 1.60702944e+00 1.46781993e+00
    9.34415758e-01 1.42138228e-01 -2.41589099e-01 -2.72585362e-01
    -2.36255024e-02 1.04334271e+00 8.81556690e-01 5.83387792e-01
    1.64618111e+00 9.35535610e-01 5.41662335e-01 4.37911808e-01
    1.66207540e+00 1.09957397e+00 1.56595802e+00 2.10272849e-01
    1.02063799e+00 4.17179763e-01 1.69658387e+00 1.57103586e+00
    7.56594837e-01 3.47912341e-01 1.05391729e+00 -4.59288470e-02
    9.55453992e-01 5.29629350e-01 -2.01342210e-01 1.34062636e+00
    4.29552585e-01 1.13898635e+00 1.77574962e-01 -8.42869561e-03
    -2.67491460e-01 -2.55194575e-01 1.67551124e+00 5.94420910e-01
    1.70192516e+00 -2.27276564e-01 3.53087455e-01 -6.92714080e-02
    6.94356978e-01 7.61620700e-01 1.20168078e+00 3.21833849e-01
    1.42325032e+00 1.38990247e+00 -1.78645715e-01 -1.51029810e-01
    3.07613641e-01 1.01963592e+00 8.99801731e-01 1.68095028e+00
    1.16538942e+00 1.08526552e+00 1.56504595e+00 7.96422005e-01
    5.46822548e-02 8.37555826e-01 1.08388698e+00 -2.65478492e-01
    6.43240035e-01 1.60828435e+00 5.23766339e-01 3.31103913e-02
    8.43326449e-01 8.45992744e-01 1.18391871e+00 2.92926431e-01
    2.33131498e-02 1.53400826e+00 1.13618755e+00 1.00059116e+00
    1.18303406e+00 1.44616282e+00 -1.37257636e-01 1.60471165e+00
    1.88627720e-01 6.69629216e-01 4.59111780e-01 1.36125779e+00
    1.45847023e-01 8.70047748e-01 6.31748617e-01 2.54426211e-01
    1.09792531e+00 9.48225379e-01 4.63154703e-01 3.12657118e-01
    1.42381418e+00 9.45279002e-01 5.97545564e-01 1.24213862e+00
    1.24800670e+00 1.49167180e+00 8.01328719e-01 9.72067654e-01
    1.88286364e-01 1.25399053e+00 3.59353036e-01 9.35352564e-01
    -1.71937719e-01 -8.17888975e-03 2.04144254e-01 1.98847234e-01
    1.16261411e+00 7.65540123e-01 5.55143595e-01 4.34802264e-01
    9.75581884e-01 2.83249557e-01 6.96836472e-01 -1.69504166e-01
    4.38908458e-01 1.45006096e+00 -1.27726763e-01 1.76240847e-01
    1.37364960e+00 8.33367586e-01 1.36445880e+00 -6.27641007e-02
    -1.14472741e-02 7.73921371e-01 1.40665698e+00 -1.08074240e-01
    4.37558949e-01 1.11572015e+00 1.50601506e+00 -1.93697900e-01
    9.17546630e-01 5.52782834e-01 1.20070195e+00 1.17791784e+00
    1.35555458e+00 1.44757044e+00 1.00923538e+00 6.76205516e-01
    1.39959943e+00 7.25125372e-01 3.97427380e-01 1.32671937e-01
    1.60436809e+00 5.14488876e-01 1.00538738e-01 1.48643792e+00
    1.46099317e+00 8.69584903e-02 1.15985978e+00 8.37150395e-01
    1.68513417e+00 -4.62338474e-04 1.69602740e+00 1.19132352e+00
    7.07313597e-01 -1.48127526e-01 8.31627488e-01 1.43418658e+00
    -8.45116973e-02 8.00517738e-01 -2.24782571e-01 2.36441135e-01
    1.45168447e+00 8.73748660e-01 -3.28213423e-02 -8.07352737e-02
    8.91129300e-02 7.43029416e-01 1.54543388e+00 1.26212593e-02
    6.35104312e-04 -1.32296577e-01 1.80391908e-01 5.03288984e-01
    6.92492008e-01 1.24263155e+00 1.46017635e+00 3.55517954e-01
    1.09945798e+00 1.42733133e+00 6.34768009e-01 9.68248665e-01
    1.53802633e+00 5.01745045e-01 4.27594304e-01 1.56010166e-01
    5.00089645e-01 8.62020016e-01 -5.42746894e-02 5.80238521e-01
    4.77826536e-01 1.55055428e+00 1.94737881e-01 4.01242264e-02
    6.89074337e-01 2.18056679e-01 1.31013620e+00 5.70535481e-01
    9.09815252e-01 1.20012438e+00 1.41283703e+00 2.95514047e-01
    1.14701676e+00 6.10638916e-01 -5.49432710e-02 8.46920729e-01
    6.21197879e-01 1.58492970e+00 1.35041761e+00 -2.40339279e-01
    1.19976842e+00 1.13482499e+00 1.68644202e+00 1.42715287e+00
    1.27692711e+00 1.31575024e+00 7.68791914e-01 1.64791143e+00
    1.42803884e+00 1.19366062e+00 1.71244192e+00 1.20545769e+00
    8.39960933e-01 1.48401752e-01 1.20300901e+00 8.98451030e-01
    1.57435572e+00 1.05223191e+00 8.06688190e-01 2.38451853e-01
    -2.39070892e-01 7.35805988e-01 7.43056774e-01 1.14308131e+00
    1.66435719e+00 1.30974904e-01 -1.48510709e-01 2.90188849e-01
    1.56709850e+00 1.14931738e+00 1.15983808e+00 1.70716017e-01
    1.47296751e+00 -5.39470725e-02 1.36384201e+00 1.08603537e+00
    -3.55104394e-02 5.64249396e-01 1.52006698e+00 1.42253542e+00
    1.11066175e+00 4.82600629e-01 1.71839988e+00 5.32618880e-01
    5.68600476e-01 1.02971964e-01 1.53217518e+00 1.65126324e+00
    -2.39239067e-01 3.46953213e-01 7.54639864e-01 1.14332318e+00
    1.47824049e+00 9.37952876e-01 -1.93021670e-01 8.02904189e-01
    1.70788735e-01 1.54279065e+00 3.89657654e-02 1.56353414e+00
    8.77836287e-01 1.17064989e+00 1.65509865e-01 5.02269268e-02
    9.19311762e-01 6.67279124e-01 9.71608162e-01 2.90046275e-01
    1.10121834e+00 4.32469428e-01 1.17384088e+00 1.16876543e+00
    1.50497079e+00 2.08072707e-01 1.23555310e-01 6.07643306e-01
    1.43502963e+00 2.32072860e-01 1.05845022e+00 9.86368507e-02
    6.99826777e-01 -6.52535930e-02 -1.20000422e-01 -1.01211332e-01
    1.19277053e-01 1.59623361e+00 1.49144545e-01 4.73830134e-01
    4.67721492e-01 1.25904894e+00 3.10216218e-01 1.63502836e+00
    1.52706802e+00 2.96284318e-01 1.66675806e-01 4.57110941e-01
    1.02499199e+00 1.42524946e+00 -9.04261768e-02 1.30756354e+00
    2.38475874e-01 5.00236988e-01 2.33126655e-01 1.56187928e+00
    5.75490333e-02 1.25430298e+00 4.67794389e-01 2.67892003e-01
    7.74258554e-01 1.52384567e+00 1.28264546e+00 1.61541557e+00
    -8.99476483e-02 2.87991110e-02 1.29983842e+00 -2.24880531e-01
    8.68683577e-01 1.20580339e+00 -1.41370326e-01 -1.87177256e-01
    3.50050360e-01 7.29568422e-01 1.50898266e+00 5.51719010e-01
    1.61313617e+00 -6.08173199e-02 1.96508631e-01 2.62488455e-01
    2.56915074e-02 6.92101061e-01 6.65035993e-02 1.21570301e+00
    1.19748116e+00 8.08982790e-01 7.01994717e-01 1.50549293e+00
    -5.94391152e-02 3.92089367e-01 1.42479885e+00 8.92546535e-01
    1.63744581e+00 3.08431923e-01 4.41660918e-02 1.57708168e+00
    6.08999953e-02 9.88187134e-01 1.35360152e-01 9.04474556e-02
    6.98214889e-01 7.75046527e-01 1.44856358e+00 -7.42638186e-02
    1.02605951e+00 2.01277941e-01 9.68558043e-02 6.38017416e-01
    2.10645050e-01 1.39944029e+00 1.68559337e+00 -1.64542556e-01
    1.31175554e+00 1.06810081e+00 1.34637284e+00 1.15332985e+00
    1.13014472e+00 1.70279682e-01 1.54005873e+00 1.65250027e+00
    -6.04022294e-02 1.51483119e+00 1.36089325e+00 1.03900361e+00
    3.15397173e-01 9.03725147e-01 1.38526607e+00 8.82962465e-01
    1.32701898e+00 1.51575112e+00 5.41099966e-01 1.41837704e+00
    5.68691671e-01 1.14750743e+00 1.27392519e+00 1.38947809e+00
    -1.07558124e-01 -1.89678580e-01 -1.10492148e-01 1.22887385e+00
    7.74520874e-01 1.02019942e+00 1.52201927e+00 9.60142314e-01</data></your_img>
</opencv_storage>
