<?xml version="1.0"?>
<opencv_storage>
<r>5</r>
<L2_diff>3.6449639209885717e+01</L2_diff>
<test_img type_id="opencv-matrix">
  <rows>128</rows>
  <cols>256</cols>
  <dt>f</dt>
  <data>
    1.03109837e-01 1.45056784e-01 2.78743505e-02 4.25619334e-01
    4.69781816e-01 8.28900158e-01 7.33400702e-01 5.07749677e-01
    7.35303640e-01 8.09182942e-01 5.39952159e-01 8.20370972e-01
    9.65809822e-02 6.61199272e-01 3.28520834e-02 8.54839385e-01
    5.94422460e-01 9.88944769e-01 5.72600067e-01 7.20239162e-01
    7.05057502e-01 1.36119425e-01 9.46047306e-02 1.33529842e-01
    9.66429830e-01 2.92008698e-01 4.96155202e-01 6.60428226e-01
    9.96558368e-02 6.44259572e-01 6.39209747e-01 5.47759533e-01
    1.09203517e-01 5.83403528e-01 3.09559703e-01 1.11970305e-01
    8.97726417e-01 3.04652095e-01 1.87650174e-01 2.62800157e-02
    7.39931822e-01 6.45919204e-01 2.69278467e-01 1.23020172e-01
    9.88860846e-01 4.49174643e-03 2.67652571e-01 5.74344456e-01
    6.10093951e-01 9.75452662e-01 8.79737973e-01 8.91048431e-01
    4.25721705e-01 3.24747980e-01 8.80104542e-01 2.38563329e-01
    4.96818483e-01 6.53169036e-01 4.19279397e-01 6.56749308e-01
    1.82757676e-02 8.75687718e-01 3.18523914e-01 6.37454629e-01
    9.84844923e-01 8.31269920e-02 8.18735063e-01 6.75708890e-01
    4.90609586e-01 4.43165779e-01 1.41656369e-01 7.37910748e-01
    1.52309179e-01 9.81730223e-02 2.68133700e-01 5.74070215e-01
    8.31681788e-01 5.17333746e-01 7.41273463e-02 2.23002166e-01
    6.82683885e-01 9.84510958e-01 6.55671954e-02 6.13599896e-01
    8.48454714e-01 4.57090914e-01 2.91068971e-01 4.90286946e-02
    6.28470182e-01 9.61992502e-01 8.10237408e-01 7.11934388e-01
    9.82145429e-01 2.13275164e-01 5.96598864e-01 8.40506077e-01
    5.26569963e-01 8.15756857e-01 7.59840727e-01 9.43334937e-01
    8.31747532e-01 1.39114708e-01 4.71212953e-01 3.37001026e-01
    1.50366724e-01 3.59079838e-01 7.36711144e-01 4.57940102e-01
    6.60583913e-01 4.45379615e-01 6.07874274e-01 1.33637339e-01
    8.39351594e-01 2.19709873e-01 1.73069388e-01 8.81222367e-01
    9.23954070e-01 3.71957898e-01 8.85380626e-01 3.62789869e-01
    3.41362238e-01 7.20553279e-01 9.71328020e-01 2.26825774e-02
    1.50730938e-01 8.62728834e-01 3.53351742e-01 7.93550372e-01
    9.64501560e-01 9.94221032e-01 1.99629039e-01 8.15136433e-01
    9.44350064e-01 8.77166033e-01 7.95442581e-01 6.65160477e-01
    9.84165072e-01 7.70325422e-01 1.44389838e-01 4.01275933e-01
    3.36295217e-01 9.46541786e-01 4.58429754e-01 3.91095728e-01
    2.50785828e-01 8.92972827e-01 8.06721091e-01 3.82407993e-01
    8.90393496e-01 2.11608410e-02 7.81834126e-02 4.70446080e-01
    8.36018264e-01 7.89019287e-01 2.11704671e-02 1.18827254e-01
    9.43967402e-01 7.30141997e-01 8.06223750e-01 7.18803167e-01
    6.69054747e-01 5.74654937e-01 2.29186893e-01 4.60720271e-01
    9.96221781e-01 6.73326552e-01 6.84919238e-01 6.49733067e-01
    2.59991974e-01 9.01582837e-01 5.18449187e-01 1.22740656e-01
    4.51726347e-01 2.18536496e-01 1.73273474e-01 4.68844801e-01
    8.38448167e-01 7.77323127e-01 7.83930421e-02 8.46675396e-01
    2.83227712e-01 9.41195548e-01 1.47086322e-01 3.03817987e-01
    1.42734319e-01 9.01989400e-01 2.87933797e-01 5.24474621e-01
    8.84089112e-01 6.48543417e-01 9.27566409e-01 7.04216123e-01
    9.38161135e-01 2.67725587e-01 9.79834199e-02 5.96575797e-01
    3.86101454e-01 1.09055996e-01 8.95421505e-02 6.83961689e-01
    4.03365582e-01 2.45688438e-01 3.16605270e-02 3.70388925e-01
    1.59830838e-01 6.92706764e-01 9.70627666e-01 6.07044101e-01
    9.96335864e-01 7.94361413e-01 2.00359553e-01 6.00905180e-01
    6.65770948e-01 5.22652030e-01 1.08295828e-01 2.69554794e-01
    8.93312633e-01 2.98288167e-02 6.67821467e-01 5.90390742e-01
    3.78377289e-01 3.73943746e-02 7.51672864e-01 9.26571250e-01
    7.56082058e-01 4.81981844e-01 7.94436872e-01 2.01087177e-01
    5.10480106e-01 8.17574143e-01 6.98170662e-01 7.62337804e-01
    2.04409391e-01 4.53338623e-01 4.33354557e-01 7.89902091e-01
    3.61428469e-01 9.50012207e-01 5.80777764e-01 7.13103533e-01
    2.90119112e-01 7.37092912e-01 8.76249075e-01 5.58790028e-01
    2.39222944e-02 8.69409382e-01 4.68558401e-01 6.49841666e-01
    1.55480891e-01 3.29307199e-01 5.36246836e-01 8.10608864e-01
    3.20011139e-01 6.90327585e-01 2.73221612e-01 4.43005383e-01
    8.07584286e-01 5.45263290e-03 4.28029329e-01 6.76603556e-01
    5.42482138e-01 7.59548843e-02 1.25157744e-01 8.09166729e-02
    4.73412603e-01 8.04056168e-01 6.89844191e-02 1.85091972e-01
    2.91776836e-01 8.58655810e-01 8.32061827e-01 9.76807475e-01
    8.76641512e-01 8.74267697e-01 5.09670854e-01 6.46894872e-01
    1.83865607e-01 4.10290509e-01 1.46986812e-01 7.76560545e-01
    4.04530466e-01 8.86996269e-01 1.51610821e-01 4.20752227e-01
    3.41838300e-02 2.24161923e-01 9.02771652e-01 4.16992694e-01
    4.15138662e-01 1.59979492e-01 9.29776311e-01 6.98039651e-01
    5.14963150e-01 5.03981590e-01 2.83987403e-01 9.74786639e-01
    8.55897725e-01 2.85775423e-01 7.88124025e-01 3.39199752e-01
    9.29979444e-01 4.97577757e-01 4.39508557e-01 7.26702094e-01
    3.27254534e-01 5.22583544e-01 6.45317972e-01 2.28295207e-01
    1.15351617e-01 9.59453821e-01 5.65536678e-01 8.75456691e-01
    1.86918497e-01 4.69098240e-01 7.27226019e-01 1.35767758e-02
    6.04100525e-02 8.16473722e-01 9.18946922e-01 2.18362004e-01
    7.02909112e-01 7.95011163e-01 8.19299340e-01 9.23435450e-01
    5.41712880e-01 8.79036188e-01 3.80215734e-01 6.26571894e-01
    6.25428259e-01 6.58348203e-02 1.02537692e-01 1.59458965e-01
    6.23579443e-01 2.51280725e-01 8.33039880e-01 2.43527681e-01
    2.45478213e-01 3.31017137e-01 7.91653395e-01 1.20096445e-01
    9.14715350e-01 9.86592412e-01 6.32385969e-01 8.05576801e-01
    6.41858339e-01 5.24737477e-01 4.40654755e-02 9.46286678e-01
    6.99007332e-01 2.15234667e-01 3.93859744e-01 8.93884182e-01
    3.13258827e-01 1.44649327e-01 4.21746135e-01 9.61375117e-01
    7.37172902e-01 9.94738936e-01 5.36527574e-01 4.31682110e-01
    1.68740958e-01 5.96184075e-01 4.48003113e-02 9.47173595e-01
    5.45473278e-01 4.77728307e-01 9.41373646e-01 7.84991622e-01
    4.72697943e-01 4.90618080e-01 1.66616708e-01 6.53622508e-01
    7.87479103e-01 3.84980440e-03 3.97166371e-01 2.77581096e-01
    4.71807450e-01 1.43104553e-01 6.10232770e-01 5.30730426e-01
    7.27933526e-01 2.04884410e-02 2.04495162e-01 6.72771692e-01
    2.04800606e-01 1.56283259e-01 1.53126389e-01 8.66469860e-01
    7.32278645e-01 8.67889643e-01 5.73958158e-01 7.09302068e-01
    3.53612959e-01 8.96000922e-01 4.07492965e-01 2.55539626e-01
    7.06854582e-01 9.17327881e-01 6.31013930e-01 4.80415881e-01
    8.00097585e-02 2.34471560e-01 4.96625662e-01 2.25180030e-01
    8.46449733e-02 3.24276358e-01 1.34135067e-01 9.15730953e-01
    6.05442345e-01 6.94791496e-01 4.53680247e-01 8.75053346e-01
    6.30498707e-01 3.25126469e-01 5.83530664e-01 8.09079409e-01
    4.24080223e-01 1.76881552e-01 7.90838242e-01 8.75189543e-01
    7.97363400e-01 7.35949874e-01 6.20398164e-01 4.52356070e-01
    1.92013502e-01 2.84900367e-02 7.14311421e-01 5.57372570e-01
    2.12466061e-01 4.94367450e-01 8.31762195e-01 2.45160937e-01
    9.62104559e-01 4.55354482e-01 9.59419847e-01 5.51772177e-01
    3.59606445e-02 9.70063031e-01 7.11837351e-01 4.91823763e-01
    3.14495564e-01 2.49641746e-01 2.27738351e-01 3.61129999e-01
    4.94057149e-01 6.62693083e-02 4.38639462e-01 2.83271223e-01
    8.73182297e-01 4.41511929e-01 1.59085453e-01 4.57567155e-01
    2.88415462e-01 8.98393869e-01 6.68969095e-01 2.86478102e-02
    1.62541956e-01 7.92328179e-01 7.89049327e-01 4.07645047e-01
    7.03250647e-01 9.95945036e-01 4.59015608e-01 1.18600368e-01
    1.03847682e-01 6.16995454e-01 4.41281378e-01 3.26729298e-01
    8.03026557e-02 4.82464224e-01 8.85649741e-01 6.77581429e-01
    7.01847374e-02 9.07296777e-01 8.25711012e-01 5.10197282e-01
    9.91292238e-01 1.63577169e-01 8.26713324e-01 4.48202372e-01
    3.91386330e-01 1.29180849e-02 7.87373662e-01 5.49723685e-01
    3.94294709e-01 9.33787763e-01 9.91093874e-01 8.47840667e-01
    3.64192367e-01 2.71894932e-02 2.24546790e-02 2.13431865e-01
    2.24414319e-01 2.27377862e-01 1.25326961e-01 9.33987260e-01
    7.33966827e-01 6.93398058e-01 9.79233086e-01 9.68380690e-01
    7.30773449e-01 4.97324675e-01 1.59914583e-01 8.52190018e-01
    8.32312107e-01 3.63633752e-01 9.42912936e-01 1.07560962e-01
    4.42657262e-01 8.13631237e-01 1.47927105e-02 9.82680440e-01
    7.08981752e-01 3.61128688e-01 8.75475764e-01 3.17812920e-01
    8.08197260e-01 7.31369793e-01 9.66796219e-01 3.19423556e-01
    6.76812232e-01 2.69197643e-01 8.55553269e-01 6.64174855e-01
    4.63034719e-01 4.63295698e-01 4.05923128e-01 4.50628847e-01
    7.37245560e-01 9.36904728e-01 3.65780234e-01 4.61268991e-01
    7.91308939e-01 3.66919398e-01 1.21568620e-01 6.44996524e-01
    1.86456144e-02 7.00735152e-02 9.94518340e-01 1.41592175e-01
    2.07674146e-01 7.16200471e-02 3.88199806e-01 9.54786777e-01
    3.34327966e-01 4.32796538e-01 7.75827646e-01 1.56629115e-01
    6.14370584e-01 8.89591455e-01 4.73006397e-01 8.57569695e-01
    2.13346720e-01 2.39697188e-01 7.36027539e-01 3.79119009e-01
    1.07584596e-02 9.13066030e-01 1.87560290e-01 1.98365510e-01
    3.60057354e-01 5.96217692e-01 9.09806848e-01 5.97948313e-01
    4.74450588e-02 5.22357702e-01 5.04264414e-01 9.33124542e-01
    5.99591613e-01 4.17174757e-01 7.62284040e-01 8.64120662e-01
    7.10052371e-01 3.63835752e-01 5.01340568e-01 2.80200303e-01
    4.39245105e-01 9.17588949e-01 8.22030306e-01 3.52399051e-01
    8.55944037e-01 5.26871681e-01 8.76626670e-01 1.77329183e-01
    9.23337281e-01 2.32931823e-01 3.61286581e-01 7.11737990e-01
    6.87758803e-01 5.87569356e-01 1.37100816e-01 9.18241382e-01
    1.44102633e-01 8.23576689e-01 3.15499872e-01 5.00377238e-01
    2.62839586e-01 2.66372979e-01 5.14000356e-01 2.47819930e-01
    3.73407304e-01 5.99738359e-01 7.78658450e-01 4.30168450e-01
    3.85911018e-01 9.27512348e-02 4.25098807e-01 2.88705111e-01
    8.89926672e-01 5.00493348e-01 6.08254969e-02 5.81119597e-01
    9.56841052e-01 7.69651175e-01 6.71436250e-01 2.22137362e-01
    4.27671969e-01 6.45700455e-01 8.65243912e-01 9.55516875e-01
    7.96997786e-01 6.82190359e-02 6.53261900e-01 8.32094193e-01
    3.19981933e-01 2.33314872e-01 1.92549974e-01 2.31830388e-01
    2.50640333e-01 5.78406036e-01 8.91201258e-01 5.37738442e-01
    6.10535502e-01 4.40474719e-01 8.73462915e-01 2.00343549e-01
    4.37940210e-01 2.40612805e-01 8.19298923e-02 2.28514850e-01
    4.79185164e-01 3.52334201e-01 8.58736396e-01 9.29919541e-01
    1.61061704e-01 5.81340253e-01 8.42379689e-01 1.21291757e-01
    9.50040102e-01 7.69456148e-01 1.95892662e-01 3.83015275e-01
    4.16940212e-01 6.52686954e-01 1.97378457e-01 6.84170723e-01
    7.69039869e-01 3.10557485e-02 1.58422858e-01 7.11683989e-01
    5.84230304e-01 5.55483997e-02 3.18699300e-01 9.65522408e-01
    9.59841669e-01 8.28021884e-01 6.25641227e-01 9.56399679e-01
    6.32496595e-01 9.93997931e-01 9.10593033e-01 7.98998833e-01
    1.04439974e-01 8.20190191e-01 6.55440867e-01 5.60205162e-01
    8.43255103e-01 1.13845766e-02 9.65452433e-01 2.50155121e-01
    4.18654770e-01 9.44606543e-01 6.19984567e-02 9.62355852e-01
    4.20534879e-01 1.97165310e-02 4.18754458e-01 5.98189890e-01
    5.16219139e-02 7.18483627e-01 6.46876335e-01 9.28304255e-01
    7.30138719e-02 9.31457639e-01 5.45796096e-01 6.40395522e-01
    6.72875166e-01 4.09824193e-01 1.19673699e-01 2.55480349e-01
    1.24046862e-01 8.18273187e-01 1.43634468e-01 4.89469945e-01
    4.47038025e-01 5.88537633e-01 4.08273935e-03 1.77567929e-01
    1.01170748e-01 4.56591249e-01 9.25601959e-01 9.18644428e-01
    3.05690974e-01 2.03421623e-01 8.82050037e-01 1.32042587e-01
    7.02225149e-01 9.30179358e-01 5.34656227e-01 4.74047214e-01
    2.82150388e-01 2.74841309e-01 9.84745920e-02 2.44859755e-02
    7.17699409e-01 4.24441278e-01 2.29232132e-01 9.43061233e-01
    9.23529863e-01 1.07584387e-01 1.86186880e-01 4.36756521e-01
    3.98617983e-02 6.04901433e-01 4.66316849e-01 4.71598208e-02
    2.69167304e-01 4.26020324e-01 7.36719251e-01 3.50546300e-01
    9.17620361e-01 5.86560369e-01 7.20769763e-01 1.72552437e-01
    8.28671694e-01 2.52202272e-01 9.48807359e-01 6.63957477e-01
    5.22928834e-02 6.14450514e-01 3.13202620e-01 1.70882881e-01
    4.09349591e-01 4.10782933e-01 3.47078979e-01 6.82532430e-01
    5.45599401e-01 4.82981205e-01 8.18066657e-01 7.85425186e-01
    5.81727266e-01 1.72488987e-01 7.86578178e-01 5.66935003e-01
    6.18273020e-03 1.99414283e-01 6.14526629e-01 8.29775214e-01
    6.25152767e-01 7.69967437e-02 3.96024257e-01 1.38498932e-01
    6.17820024e-01 2.38332838e-01 9.06154335e-01 9.02786136e-01
    4.32042956e-01 9.81286645e-01 5.06733596e-01 7.24720955e-01
    9.17862773e-01 6.25022769e-01 5.29661894e-01 9.89280641e-01
    7.30163038e-01 7.05620527e-01 1.17108524e-01 6.12323999e-01
    9.75906849e-04 3.11254978e-01 8.66394401e-01 3.58501613e-01
    5.04123688e-01 9.35975075e-01 4.89994317e-01 9.75651741e-01
    9.73838329e-01 9.99864042e-02 9.54677224e-01 8.31108689e-01
    1.06103152e-01 1.98661089e-01 3.36458743e-01 1.16856396e-01
    1.89498216e-01 5.62934279e-01 9.01296020e-01 8.20977211e-01
    1.68200463e-01 4.48259056e-01 9.81539905e-01 8.73179793e-01
    6.27710342e-01 4.75441903e-01 9.58522975e-01 1.29199237e-01
    3.95809054e-01 4.53652620e-01 4.55493927e-01 7.19621480e-02
    5.12952387e-01 3.97571802e-01 2.83742249e-01 4.70786989e-02
    9.48345184e-01 6.84212804e-01 9.09355938e-01 6.42558038e-01
    1.96834743e-01 5.07039726e-01 9.94237900e-01 3.12750518e-01
    1.52672946e-01 6.68250203e-01 5.46332717e-01 4.52205718e-01
    2.31919885e-02 7.10988402e-01 7.84011722e-01 3.20149958e-01
    5.15527546e-01 3.72510195e-01 1.26710474e-01 4.48912859e-01
    7.22620189e-02 1.46589786e-01 9.99339283e-01 6.18979633e-02
    5.54125965e-01 7.25009799e-01 4.05247569e-01 8.94153476e-01
    4.27498043e-01 8.74919713e-01 9.57964301e-01 4.40015435e-01
    5.31230509e-01 1.19950891e-01 1.63601041e-01 1.16596907e-01
    4.36380595e-01 2.06058592e-01 5.78277111e-02 3.54464054e-02
    5.50440490e-01 6.03008866e-02 9.11153197e-01 1.94554985e-01
    8.88230562e-01 9.02066231e-01 5.92940092e-01 3.99389565e-01
    6.60809159e-01 4.19544339e-01 1.16150856e-01 1.56768024e-01
    8.06133449e-02 7.16273665e-01 8.87873888e-01 5.83779454e-01
    2.53593802e-01 5.39410710e-02 6.88213706e-01 6.43850505e-01
    2.30172366e-01 5.46790779e-01 5.99681795e-01 7.90653110e-01
    3.74907464e-01 2.46940345e-01 8.77798915e-01 4.36288059e-01
    2.97240496e-01 4.47407007e-01 2.61238039e-01 2.84884691e-01
    1.86651945e-04 2.90761888e-02 5.97329855e-01 2.55568206e-01
    2.55466104e-01 6.22661650e-01 4.49230731e-01 3.64257514e-01
    2.79448926e-02 3.17269444e-01 8.70676398e-01 6.97443783e-01
    2.40986794e-01 7.81524658e-01 7.23522246e-01 3.01369071e-01
    9.68803525e-01 4.13158536e-02 3.54473412e-01 5.52403510e-01
    7.80978680e-01 5.95282197e-01 9.77676392e-01 1.76338196e-01
    2.80593932e-01 7.33243823e-01 7.66972721e-01 1.61352903e-01
    4.92402107e-01 8.10241103e-02 9.85405505e-01 7.19156265e-01
    3.80081356e-01 7.62280583e-01 8.00841093e-01 5.39233267e-01
    4.47449178e-01 8.29165816e-01 4.08092439e-02 1.54228449e-01
    6.95768476e-01 1.72013044e-01 5.28580964e-01 8.98813725e-01
    2.92398632e-02 9.05452847e-01 8.22214246e-01 6.31920636e-01
    5.00685930e-01 8.22946191e-01 1.00940794e-01 6.08483136e-01
    5.67547500e-01 5.24941146e-01 4.62133437e-01 6.58981979e-01
    3.93748403e-01 5.86137295e-01 1.04385108e-01 7.21682549e-01
    5.91335297e-01 9.25013840e-01 2.95836091e-01 3.38980377e-01
    9.00259018e-01 1.66948080e-01 9.58603024e-02 3.85328442e-01
    2.53000617e-01 3.19906473e-02 2.52392262e-01 5.98110676e-01
    7.95018315e-01 3.93977165e-01 9.04783010e-01 3.42355907e-01
    3.68680894e-01 7.00866461e-01 2.15091825e-01 4.26474214e-02
    3.60124826e-01 6.71476126e-02 3.13697517e-01 7.77400851e-01
    3.88514936e-01 2.41458178e-01 1.79965615e-01 3.40651870e-01
    3.13397944e-01 7.62427330e-01 7.93845654e-01 7.49922216e-01
    9.80105221e-01 2.52938807e-01 5.96804559e-01 5.68718612e-02
    9.23315585e-02 8.09637666e-01 9.26356375e-01 5.61117649e-01
    9.65609968e-01 2.91343391e-01 7.30063438e-01 5.87755263e-01
    2.13748038e-01 7.38897145e-01 8.95364881e-01 5.87847888e-01
    7.91438878e-01 7.82631040e-01 3.00019205e-01 9.39077079e-01
    5.76350212e-01 2.93435425e-01 1.57090962e-01 4.43125218e-01
    8.08250666e-01 5.89812756e-01 6.45700693e-02 8.05780768e-01
    3.04583311e-01 9.04806554e-02 3.54530215e-01 2.02215225e-01
    8.28854203e-01 7.84490883e-01 8.68200362e-01 1.81305319e-01
    6.95010602e-01 7.22099721e-01 7.25270629e-01 2.09933370e-01
    6.10659122e-01 4.49656546e-02 6.35021806e-01 9.61132228e-01
    3.17146391e-01 6.55049324e-01 5.54036558e-01 5.60306728e-01
    9.65944052e-01 8.45182896e-01 5.23115993e-02 5.42904139e-02
    5.83266735e-01 6.34777844e-02 9.19613600e-01 8.02308440e-01
    7.45666325e-01 9.23144698e-01 4.64909762e-01 6.29186392e-01
    6.80072606e-01 1.07655108e-01 5.20079315e-01 3.17729235e-01
    4.31178719e-01 4.15818214e-01 6.63713276e-01 7.95737624e-01
    3.75967175e-01 3.59330893e-01 9.29498553e-01 6.88818336e-01
    4.66876358e-01 3.96352828e-01 8.62906992e-01 8.36864650e-01
    1.61450565e-01 7.92178214e-02 3.62709165e-01 2.41922498e-01
    3.01123500e-01 5.19405663e-01 1.21100247e-02 3.88059020e-02
    7.50675499e-01 6.59853697e-01 9.85027671e-01 7.39520431e-01
    1.50579244e-01 4.63117689e-01 6.01083279e-01 4.93669271e-01
    8.89175475e-01 1.37201190e-01 6.63337350e-01 1.55584931e-01
    2.07194984e-02 4.90130246e-01 5.98488331e-01 9.12523746e-01
    9.60668504e-01 3.10456425e-01 4.17974472e-01 8.40665817e-01
    1.51318431e-01 9.91925657e-01 4.15701687e-01 2.00335950e-01
    5.46874881e-01 4.27216530e-01 9.78771329e-01 3.03275228e-01
    3.18977267e-01 2.74900615e-01 2.58865237e-01 6.00902736e-02
    5.33227324e-01 6.47710323e-01 5.40840328e-01 9.25232410e-01
    6.07957482e-01 8.89426827e-01 7.90511370e-01 1.89722002e-01
    1.11636519e-03 9.27643538e-01 8.40614676e-01 3.23627025e-01
    7.00972915e-01 3.63589108e-01 3.27145129e-01 9.64764118e-01
    5.17700076e-01 1.15809739e-02 6.88480735e-01 8.72353733e-01
    5.76323628e-01 4.97428954e-01 7.69735575e-01 8.59508634e-01
    9.42564547e-01 2.43204653e-01 1.24129176e-01 1.74790084e-01
    8.33067417e-01 9.33587313e-01 3.30073148e-01 7.71743059e-02
    2.99060941e-02 8.94901037e-01 4.98064905e-01 5.06175756e-01
    5.23570895e-01 8.82949293e-01 8.47309649e-01 3.43340039e-01
    2.45999217e-01 3.19524825e-01 1.16261512e-01 9.22097325e-01
    8.83540988e-01 2.41220772e-01 2.54616141e-02 9.90658879e-01
    5.77909827e-01 3.27081561e-01 3.75779033e-01 8.86217296e-01
    9.94733989e-01 7.39509106e-01 2.48675346e-02 2.63384789e-01
    5.25421679e-01 4.51938540e-01 4.15145636e-01 5.56656599e-01
    4.18961167e-01 6.60810769e-01 4.28020924e-01 1.27270281e-01
    9.78302002e-01 3.71300578e-02 3.29875588e-01 7.01565027e-01
    8.35119963e-01 2.67845839e-01 5.73368073e-01 9.27109241e-01
    9.81076717e-01 7.16147959e-01 8.06460917e-01 5.64003229e-01
    3.53205621e-01 3.17931920e-01 6.45725608e-01 7.02364683e-01
    8.91839147e-01 8.04178953e-01 8.75416517e-01 4.47748899e-01
    5.38900971e-01 4.96719360e-01 3.59717458e-01 2.20377117e-01
    6.12601995e-01 3.23687911e-01 6.19649708e-01 9.36248362e-01
    1.41333431e-01 7.83870995e-01 8.97871971e-01 1.80902690e-01
    8.20462167e-01 1.60043687e-01 1.13169521e-01 8.02912772e-01
    6.12092316e-01 8.57440293e-01 3.13982308e-01 5.97618282e-01
    3.59834909e-01 9.22314048e-01 9.28874135e-01 6.59573615e-01
    6.94380164e-01 4.80137169e-01 6.42795444e-01 3.84202629e-01
    6.87661409e-01 5.08384705e-02 4.95546550e-01 2.52715111e-01
    2.01931536e-01 1.13557577e-02 9.90610123e-01 6.96936369e-01
    1.30226612e-02 3.83449256e-01 8.39387119e-01 9.13385451e-01
    7.87649572e-01 1.32736653e-01 2.11441040e-01 8.38290811e-01
    4.27312285e-01 3.87404859e-02 6.18833423e-01 2.27397144e-01
    9.72069860e-01 4.18901831e-01 9.97527242e-01 7.99210250e-01
    1.38725221e-01 9.49534237e-01 7.30414331e-01 9.96245563e-01
    9.99776721e-01 5.41191697e-01 4.46518958e-02 8.42005432e-01
    6.49682224e-01 2.09169984e-02 9.22459960e-01 2.46641576e-01
    9.26151395e-01 6.55777335e-01 9.06463444e-01 9.92599607e-01
    1.53781086e-01 1.90047473e-01 7.63696432e-01 9.89344120e-01
    6.58402801e-01 8.09549093e-02 4.65701818e-01 4.74486887e-01
    9.74809289e-01 1.27844155e-01 9.65289474e-01 1.93120480e-01
    3.17867100e-01 1.89136982e-01 5.73922932e-01 3.49836349e-01
    5.69956064e-01 1.37548745e-01 1.06056243e-01 1.45520359e-01
    4.44577277e-01 9.11387801e-03 1.53835297e-01 2.81647176e-01
    7.42069185e-02 3.06155980e-01 9.53568399e-01 1.10397965e-01
    6.44663215e-01 3.43616009e-01 1.87937707e-01 7.83633709e-01
    7.14222789e-01 4.98746991e-01 7.99067020e-01 6.31368577e-01
    1.60375267e-01 3.56896788e-01 3.01628113e-02 3.88762504e-01
    3.38419676e-01 1.40526593e-02 1.67751402e-01 3.01471591e-01
    2.47835696e-01 9.32708859e-01 5.84177017e-01 7.93915987e-01
    9.68252182e-01 5.03449500e-01 6.58180177e-01 5.92578530e-01
    1.93835706e-01 4.54960078e-01 4.18678910e-01 3.91602337e-01
    4.87050653e-01 4.98111129e-01 9.47298467e-01 8.41933489e-02
    4.37841564e-01 9.78367448e-01 8.67502391e-02 1.30952805e-01
    7.86380410e-01 4.90189880e-01 3.42944562e-01 8.90665233e-01
    6.59180105e-01 5.75665414e-01 3.20844531e-01 1.11074418e-01
    3.42791200e-01 6.77047014e-01 6.08487189e-01 8.51443410e-02
    4.32542562e-01 9.14056063e-01 8.04259062e-01 7.98498511e-01
    9.67298031e-01 9.39111114e-01 6.33469105e-01 6.89216912e-01
    7.95092583e-01 3.35897803e-01 7.55431414e-01 4.87101972e-02
    3.65695059e-01 8.92270327e-01 5.58510125e-01 7.13167787e-01
    9.70024943e-01 7.58626223e-01 3.80001187e-01 2.23446310e-01
    7.04204619e-01 8.59278083e-01 9.90927160e-01 2.85062611e-01
    5.08446097e-01 8.96347165e-01 7.77093768e-01 1.99882805e-01
    5.08846998e-01 2.06084907e-01 6.89290226e-01 6.61546230e-01
    5.52726924e-01 1.88286841e-01 2.41653115e-01 6.87662303e-01
    5.33160567e-01 4.19901162e-01 3.79032195e-02 5.96871138e-01
    8.76669466e-01 4.19250816e-01 5.10961533e-01 2.86304057e-02
    5.55919588e-01 9.53166485e-01 7.54982471e-01 8.42102110e-01
    5.27794540e-01 9.25239086e-01 3.61352742e-01 2.24592745e-01
    7.86261559e-01 5.78803837e-01 5.92367947e-01 5.11550009e-01
    3.75709057e-01 7.09980011e-01 4.45860535e-01 2.74747252e-01
    3.56897235e-01 1.50858164e-01 6.23485148e-02 5.58307409e-01
    8.32835495e-01 9.61408734e-01 4.54574823e-01 2.82448590e-01
    4.76510525e-01 9.91717219e-01 1.55968189e-01 4.09472525e-01
    8.99865866e-01 8.81534755e-01 3.22361827e-01 6.20728731e-01
    1.77586615e-01 2.04719603e-02 3.29840183e-01 9.40504372e-01
    7.52452254e-01 9.32433724e-01 4.02869344e-01 8.11051726e-02
    4.91927534e-01 9.65474367e-01 1.06650740e-01 5.00408888e-01
    2.33720630e-01 2.08861887e-01 9.73139763e-01 7.90942788e-01
    2.53948271e-01 6.69380724e-01 6.35491431e-01 7.20047474e-01
    2.26210803e-01 2.28168279e-01 4.05213594e-01 1.55728012e-01
    3.57445419e-01 2.57649124e-01 3.14572871e-01 2.28100926e-01
    4.55025733e-01 4.89601165e-01 1.24545455e-01 8.36887002e-01
    3.57876539e-01 6.63204193e-01 8.87640357e-01 5.95752954e-01
    1.21376216e-01 7.78430700e-01 9.88847971e-01 7.86642313e-01
    6.88664019e-01 3.14046443e-01 5.54736555e-01 8.86366487e-01
    8.31318438e-01 5.11147499e-01 7.38391697e-01 5.23927927e-01
    1.38745785e-01 8.03473651e-01 5.38675487e-02 9.50794220e-01
    5.55523098e-01 3.24259996e-01 8.65452826e-01 1.40243769e-02
    4.64148849e-01 4.28254634e-01 1.59697503e-01 6.64869249e-02
    2.69547105e-01 4.86434430e-01 4.55911636e-01 8.64444375e-01
    8.54704618e-01 7.80654192e-01 2.95729160e-01 1.75376356e-01
    8.96160007e-01 8.47374916e-01 6.61946177e-01 8.66809130e-01
    8.05804789e-01 8.33039939e-01 7.29375362e-01 4.86101866e-01
    6.30833030e-01 4.56705987e-01 1.68297112e-01 6.18090093e-01
    9.82297897e-01 3.77984136e-01 2.45359480e-01 2.33644933e-01
    1.41171217e-01 1.53444916e-01 4.46430922e-01 3.12588304e-01
    5.21609485e-01 5.76238096e-01 7.21712947e-01 3.87329817e-01
    9.37451124e-01 4.24838126e-01 4.49100107e-01 3.83168459e-04
    4.51711595e-01 9.09839213e-01 8.77699971e-01 8.97444248e-01
    1.28213644e-01 3.07592154e-01 2.60914564e-01 6.38079166e-01
    4.23996210e-01 4.65433925e-01 3.72582078e-01 2.07201838e-01
    5.17461061e-01 1.42122239e-01 5.14330864e-01 1.27152026e-01
    3.58167797e-01 4.67074513e-02 5.10825038e-01 4.68963742e-01
    9.57991958e-01 4.20249760e-01 7.49210894e-01 6.28823638e-02
    5.10927498e-01 2.99950242e-01 6.84519470e-01 3.31281781e-01
    4.34038579e-01 7.28552103e-01 9.18814540e-02 2.19169378e-01
    8.03008080e-01 6.02936804e-01 2.91403830e-01 9.05386329e-01
    7.72901416e-01 1.54279739e-01 9.23338294e-01 4.18529153e-01
    4.11471725e-02 4.31919366e-01 7.35507429e-01 4.50445771e-01
    9.00921226e-01 7.44256437e-01 5.94192863e-01 5.90569973e-01
    8.56447220e-01 2.83220351e-01 9.40030813e-03 2.55370259e-01
    2.58545578e-02 9.15492356e-01 3.70047599e-01 2.30193675e-01
    3.76763552e-01 9.08784330e-01 6.62047565e-01 9.47653294e-01
    3.84939373e-01 8.69200766e-01 8.99101198e-01 5.89915037e-01
    2.23152429e-01 1.29547715e-03 6.50259256e-01 2.08777905e-01
    8.05830717e-01 4.51525450e-01 2.05935419e-01 1.22970551e-01
    8.28126073e-03 6.52515590e-01 8.15685928e-01 2.63013244e-01
    8.46067429e-01 7.73059428e-02 4.86973584e-01 2.23143697e-01
    2.02716917e-01 7.63499498e-01 7.92354882e-01 9.96005177e-01
    4.06443894e-01 2.29894519e-01 9.84224796e-01 2.04818577e-01
    1.11869782e-01 9.07553792e-01 1.45071536e-01 9.67051923e-01
    5.83844185e-01 1.80556774e-02 8.85042906e-01 6.92851007e-01
    3.03858966e-01 2.21849680e-02 9.79738355e-01 5.68193197e-02
    8.97731304e-01 4.61926579e-01 4.34902847e-01 1.57532811e-01
    9.83738720e-01 7.68074274e-01 2.82482505e-02 9.84513402e-01
    4.60286468e-01 3.87186021e-01 3.06009829e-01 7.97917485e-01
    3.78020793e-01 9.18322027e-01 1.77937865e-01 1.11340344e-01
    9.24051464e-01 3.02079916e-02 9.88035679e-01 7.92783022e-01
    9.12295461e-01 3.65145802e-01 8.97858799e-01 5.69635451e-01
    4.68083978e-01 3.05155218e-01 1.69934869e-01 5.48722625e-01
    2.92203128e-02 5.93796968e-01 2.47107625e-01 4.47639316e-01
    2.84597397e-01 6.07883036e-02 1.07189387e-01 3.80612373e-01
    6.56862378e-01 8.37478817e-01 9.20491219e-01 9.16895270e-03
    7.65051603e-01 5.70429862e-01 5.68975508e-02 5.12618721e-01
    3.17974329e-01 3.95871580e-01 2.53189415e-01 3.59224170e-01
    1.68247640e-01 3.45216930e-01 7.83674121e-01 1.37918174e-01
    7.58906603e-01 4.26649243e-01 1.50542527e-01 6.37065411e-01
    1.16942406e-01 4.81808186e-02 7.63497710e-01 2.68904716e-01
    4.18118179e-01 5.03400683e-01 5.18603086e-01 2.98908532e-01
    5.10612845e-01 4.83445942e-01 5.70704699e-01 3.08621883e-01
    2.83118427e-01 9.20922875e-01 2.35756099e-01 1.11585170e-01
    9.85898852e-01 5.08875370e-01 8.24255109e-01 7.62879789e-01
    9.52718258e-01 5.78460097e-02 9.57920015e-01 8.00329804e-01
    7.77120292e-02 8.60448003e-01 9.84659493e-02 5.66504121e-01
    6.74485326e-01 6.85152292e-01 2.42519885e-01 1.73342109e-01
    1.52975082e-01 7.32149601e-01 7.48524010e-01 8.43240142e-01
    1.04384035e-01 3.32413495e-01 9.03365791e-01 8.91198993e-01
    3.24741125e-01 8.26631904e-01 6.55993283e-01 8.22852373e-01
    6.74077868e-01 8.80226314e-01 9.21456456e-01 1.61123753e-01
    2.84109712e-02 8.41357470e-01 4.07541931e-01 6.11366332e-01
    8.58869731e-01 4.31339443e-02 2.42308259e-01 6.40645266e-01
    5.66166103e-01 3.24828327e-02 6.06988549e-01 4.39903438e-01
    7.28504479e-01 7.12103486e-01 5.72827518e-01 1.59582645e-01
    6.47952795e-01 2.22865611e-01 6.76710606e-02 1.32600278e-01
    8.71303916e-01 2.42885083e-01 9.74574506e-01 8.89454305e-01
    8.68624330e-01 4.38652366e-01 6.96083188e-01 4.71605718e-01
    4.41080362e-01 3.17687333e-01 6.51674330e-01 5.41696727e-01
    5.12555420e-01 1.05499119e-01 9.34908152e-01 3.96502554e-01
    2.99104840e-01 3.63690615e-01 4.27675188e-01 9.30696726e-02
    8.71838689e-01 2.33786792e-01 6.24539256e-01 8.99804175e-01
    2.72522748e-01 7.80738056e-01 1.71262503e-01 9.50940251e-01
    6.37979984e-01 5.33372045e-01 5.40364742e-01 9.32069182e-01
    5.46410501e-01 1.94574296e-01 3.33915383e-01 4.10636067e-01
    6.89432144e-01 6.81208193e-01 3.83809984e-01 3.86269659e-01
    4.62918937e-01 2.83060700e-01 6.29198968e-01 9.31410730e-01
    9.44813550e-01 6.39349043e-01 9.48263228e-01 1.96731031e-01
    2.13108540e-01 1.08860195e-01 5.99371850e-01 9.42627072e-01
    9.06244874e-01 4.81709450e-01 1.12811774e-01 7.47568309e-01
    1.76916361e-01 8.26293826e-01 2.42680520e-01 8.78138423e-01
    1.78378224e-01 1.96166843e-01 6.10984445e-01 9.67956483e-02
    2.07439154e-01 8.15986037e-01 5.84320843e-01 8.75627041e-01
    5.58634877e-01 2.35047072e-01 9.82384801e-01 2.19882697e-01
    2.43038327e-01 3.29592288e-01 6.40489459e-01 2.04120606e-01
    6.88451350e-01 8.37732673e-01 7.38261998e-01 2.35249221e-01
    7.27786124e-01 4.99725789e-01 7.35372424e-01 4.49355960e-01
    3.57142627e-01 2.23964542e-01 3.63621116e-01 7.07317591e-01
    7.80239224e-01 9.58962679e-01 9.11746442e-01 5.97358644e-01
    4.93395686e-01 5.59797883e-01 9.81744409e-01 9.98504519e-01
    7.68530846e-01 7.27558315e-01 9.43890452e-01 8.75742912e-01
    2.21087128e-01 8.27623487e-01 4.38482374e-01 4.57345515e-01
    1.43780559e-01 6.84797883e-01 8.93384457e-01 4.29748744e-01
    5.62166572e-01 7.13768721e-01 4.52645540e-01 2.31652260e-01
    2.94491410e-01 2.44337171e-01 9.63094950e-01 7.48186171e-01
    4.61882472e-01 6.98817849e-01 1.26123130e-01 1.07596964e-01
    7.79374719e-01 1.76875234e-01 2.53308356e-01 6.65193081e-01
    4.71734226e-01 9.72216249e-01 1.69316381e-01 6.81057274e-01
    9.75288928e-01 3.50412041e-01 2.08135277e-01 8.69269192e-01
    6.69972599e-02 4.97109383e-01 4.99544531e-01 6.11222982e-02
    4.06661689e-01 4.66880858e-01 4.52186495e-01 3.65421861e-01
    3.86165828e-01 6.32044077e-01 4.42432463e-01 5.42002857e-01
    5.26902795e-01 6.08669639e-01 1.88119918e-01 4.21948582e-01
    5.50302565e-02 2.18557090e-01 2.76876330e-01 4.35122430e-01
    6.59368634e-02 8.47311914e-01 9.89004850e-01 6.78551495e-02
    8.16791892e-01 2.47131795e-01 2.51395315e-01 6.39285684e-01
    6.16187096e-01 9.72236514e-01 2.19866842e-01 8.21852684e-03
    1.43586367e-01 1.29000694e-01 2.57367820e-01 7.64338434e-01
    9.14196730e-01 1.35941863e-01 9.54761565e-01 2.57953048e-01
    8.27202916e-01 8.51437092e-01 1.87034547e-01 8.65785837e-01
    6.76530898e-01 2.24037647e-01 2.08078772e-01 3.50324571e-01
    9.80735898e-01 5.28655350e-01 8.79079819e-01 3.72126520e-01
    9.21970487e-01 7.71376491e-01 9.31435525e-01 4.20130014e-01
    8.00557017e-01 2.86555588e-02 6.92105770e-01 9.12111521e-01
    6.50995970e-03 7.94553757e-01 9.56234872e-01 1.06661230e-01
    2.20669359e-01 8.29267859e-01 8.73316526e-02 8.25719535e-01
    5.45864403e-01 6.59215510e-01 3.78553808e-01 8.34142864e-02
    1.91839039e-02 8.58594358e-01 4.42424595e-01 8.34239006e-01
    8.60492587e-02 4.27996427e-01 5.01445115e-01 7.65331149e-01
    8.29229534e-01 6.17485881e-01 5.93111336e-01 7.69047022e-01
    7.93089271e-02 8.11108708e-01 7.40388274e-01 5.30079305e-02
    8.39948893e-01 5.41634202e-01 9.88469601e-01 3.45722437e-02
    3.81961942e-01 6.13822281e-01 6.96183920e-01 6.69904768e-01
    6.12853348e-01 2.72470593e-01 3.01705599e-01 4.47816521e-01
    9.80578244e-01 7.71296382e-01 9.62928176e-01 6.99415445e-01
    7.36660779e-01 1.07531130e-01 7.08706021e-01 5.77768207e-01
    8.33780169e-01 4.88043308e-01 5.70287943e-01 9.64301288e-01
    6.73002005e-03 7.59768009e-01 6.56789839e-01 4.80239362e-01
    3.97603095e-01 5.75066507e-01 8.89558613e-01 2.13864475e-01
    8.79944205e-01 2.32438803e-01 1.03983819e-01 3.19030464e-01
    4.02187318e-01 3.88251185e-01 1.43201649e-02 7.10759997e-01
    5.28551340e-01 8.48105907e-01 8.55244398e-02 2.79716253e-01
    6.01487815e-01 8.12730610e-01 7.67594218e-01 4.10227776e-02
    9.28000987e-01 2.16529667e-01 9.34006691e-01 9.98539805e-01
    1.56303912e-01 4.44736779e-01 3.46881151e-03 7.68203676e-01
    2.02750444e-01 1.75502896e-01 7.45888710e-01 7.04154551e-01
    7.42321610e-02 3.08137238e-02 5.39600492e-01 9.21723962e-01
    1.74753040e-01 8.34158957e-02 4.45655435e-01 6.30189419e-01
    9.00190949e-01 7.74755776e-02 3.44990760e-01 4.63438243e-01
    9.84488606e-01 5.44185400e-01 3.28373492e-01 4.84213233e-01
    3.88754398e-01 7.10100651e-01 8.86178732e-01 2.42320806e-01
    7.61370301e-01 3.15616727e-02 9.73352194e-01 2.05577999e-01
    5.62987447e-01 9.34603930e-01 1.86856359e-01 7.61670709e-01
    4.83515024e-01 1.83995366e-01 3.18820238e-01 6.31302118e-01
    9.19965863e-01 2.98600733e-01 5.71320355e-02 9.93847489e-01
    1.36989355e-03 3.19100559e-01 7.88948953e-01 4.98128206e-01
    2.54598260e-02 8.42588007e-01 6.91727817e-01 5.76404095e-01
    4.12156284e-02 7.47337520e-01 2.27641940e-01 7.66680479e-01
    6.63912952e-01 9.74669337e-01 6.90807462e-01 3.46022546e-01
    9.79697704e-01 4.67970014e-01 1.60973132e-01 8.61292958e-01
    3.15383077e-01 2.63503969e-01 3.46843511e-01 6.20560467e-01
    3.61917913e-01 5.09453714e-01 6.68923378e-01 8.89890730e-01
    2.34299183e-01 5.56694269e-02 8.93330693e-01 6.93307757e-01
    9.21398878e-01 3.57306898e-02 4.91828203e-01 6.51859164e-01
    3.22920293e-01 2.42558330e-01 1.03991419e-01 6.85161531e-01
    4.32133198e-01 5.81601918e-01 4.24822360e-01 2.50455618e-01
    5.29947579e-01 7.91671216e-01 7.23389685e-02 7.75589705e-01
    5.54433823e-01 6.61468387e-01 4.45548385e-01 7.33144283e-01
    6.09002948e-01 3.00442278e-02 6.28809869e-01 7.75746942e-01
    5.72771490e-01 2.31036007e-01 3.31718236e-01 8.98620129e-01
    5.31235039e-01 5.33391356e-01 8.68239701e-02 6.55019939e-01
    5.03702998e-01 4.47969586e-01 7.23183751e-01 3.77073705e-01
    3.14762056e-01 7.56211281e-01 9.34521973e-01 6.12568915e-01
    9.59511578e-01 9.78244722e-01 3.80320996e-01 7.49548376e-01
    8.46123397e-02 6.63390517e-01 3.01996976e-01 5.47271132e-01
    2.40888327e-01 2.88332015e-01 9.50475693e-01 4.00919229e-01
    2.94432074e-01 1.89611763e-01 3.62027407e-01 7.27227271e-01
    6.86829209e-01 8.94303918e-01 1.68958992e-01 6.61295772e-01
    5.24575710e-01 9.74191248e-01 3.04944456e-01 3.11920017e-01
    2.06576437e-01 9.15766954e-01 5.95822215e-01 3.77757967e-01
    7.56166697e-01 7.85759807e-01 3.35055113e-01 3.79246950e-01
    4.98329103e-01 8.79878759e-01 4.79943961e-01 9.99199152e-01
    8.81920159e-02 7.10610449e-01 1.75625771e-01 4.00683582e-02
    3.07561040e-01 6.50429785e-01 4.18384552e-01 9.98010278e-01
    5.09817779e-01 7.49738276e-01 3.82437736e-01 4.20297205e-01
    8.59344363e-01 3.86118174e-01 7.88113117e-01 8.52249861e-01
    8.29568326e-01 8.15855026e-01 1.62538469e-01 3.43351185e-01
    3.99568796e-01 1.16322249e-01 3.37457150e-01 7.24357843e-01
    8.30786765e-01 2.33889848e-01 2.39475101e-01 6.93984330e-01
    9.38823998e-01 4.46001887e-01 2.97494352e-01 2.19024897e-01
    2.94484615e-01 5.17930090e-01 4.45872486e-01 1.28320813e-01
    8.83063316e-01 6.74748063e-01 3.72246921e-01 7.65711069e-03
    2.50921786e-01 3.10744882e-01 1.66704237e-01 2.08888203e-01
    1.65179849e-01 9.62954164e-02 5.37141025e-01 4.59187150e-01
    5.23713052e-01 9.17646945e-01 6.70154929e-01 6.33312166e-01
    4.23963994e-01 9.64773476e-01 4.82895344e-01 7.31289983e-01
    7.46237814e-01 1.02672011e-01 2.50622779e-01 7.46143818e-01
    2.79985458e-01 9.43539143e-02 9.56997454e-01 8.00410032e-01
    2.27963746e-01 3.17022502e-02 9.99685526e-02 6.44131899e-02
    1.49306983e-01 9.24717665e-01 3.95649910e-01 9.02058780e-02
    8.64149570e-01 3.86994123e-01 6.55921102e-01 2.42082566e-01
    1.24496222e-02 2.26630479e-01 4.74323362e-01 4.09805894e-01
    2.46188521e-01 8.99149477e-01 2.73914605e-01 6.05812967e-02
    5.90077400e-01 7.93101192e-01 5.76812029e-01 5.35260201e-01
    9.91371751e-01 1.00565344e-01 4.75609303e-02 8.36997390e-01
    7.23150373e-01 7.88704693e-01 5.97131550e-01 2.11806267e-01
    6.08516037e-01 8.98087263e-01 5.10741889e-01 7.64502406e-01
    3.21159810e-01 8.49247456e-01 5.01921296e-01 6.51290238e-01
    8.80736589e-01 1.34673685e-01 3.31960917e-01 9.57742810e-01
    3.32926959e-01 8.65892172e-02 7.22041011e-01 1.80477560e-01
    4.85067844e-01 7.38452733e-01 4.47877645e-02 2.96063602e-01
    9.58294988e-01 9.29494381e-01 3.61923397e-01 5.88689089e-01
    4.47822511e-01 4.78284359e-01 5.73716044e-01 8.01717162e-01
    8.97101879e-01 3.23074520e-01 9.83265638e-02 3.56304646e-01
    2.59587944e-01 6.19785547e-01 4.70638841e-01 3.26323658e-01
    6.67776823e-01 6.95668042e-01 5.17543018e-01 3.75452697e-01
    2.20406085e-01 4.81353074e-01 8.98521781e-01 2.33837962e-03
    8.60581219e-01 6.04838729e-01 5.71114302e-01 4.50855136e-01
    7.76938677e-01 1.71323597e-01 7.41010606e-01 2.81037062e-01
    2.50015676e-01 9.67671752e-01 7.08678901e-01 8.42450142e-01
    1.25155956e-01 1.22838318e-01 1.63420886e-01 4.30558741e-01
    6.20094836e-01 9.69402075e-01 2.85988092e-01 1.98625147e-01
    2.96617866e-01 8.58599305e-01 8.36706698e-01 6.39383793e-01
    1.06944889e-01 2.25172043e-02 1.19897753e-01 5.96019268e-01
    9.46413517e-01 8.03168058e-01 9.25345123e-02 2.34567374e-01
    6.55553222e-01 6.67780161e-01 4.22556877e-01 5.71774960e-01
    7.24866867e-01 1.82464182e-01 5.24723887e-01 9.05727506e-01
    7.81853020e-01 6.64818048e-01 6.93103790e-01 6.95768654e-01
    8.94965649e-01 6.66006446e-01 6.67495728e-02 9.83221054e-01
    4.09266710e-01 2.49469280e-02 6.61441743e-01 2.23728776e-01
    7.12171257e-01 7.59594858e-01 9.89879549e-01 1.62381589e-01
    3.02362978e-01 5.64376116e-02 8.20927739e-01 5.99217236e-01
    7.09910333e-01 2.44013280e-01 5.14482856e-01 7.12140918e-01
    1.60694629e-01 4.34406877e-01 7.89433181e-01 3.94950181e-01
    9.26637173e-01 1.83243454e-02 4.18639094e-01 9.02518153e-01
    5.99553764e-01 3.38702798e-01 6.42206430e-01 2.44384706e-02
    2.98151612e-01 4.53685254e-01 6.83586121e-01 2.64478922e-01
    6.57196701e-01 2.11345822e-01 9.79632020e-01 2.84675360e-02
    4.31163043e-01 6.82099342e-01 8.96185637e-01 4.81788099e-01
    4.24801588e-01 1.05596066e-01 2.58052349e-03 1.38924360e-01
    6.37868047e-01 3.48807812e-01 4.74140435e-01 5.97023726e-01
    4.45629478e-01 6.59006715e-01 4.04346824e-01 7.51355350e-01
    9.52971101e-01 8.65451276e-01 9.13422108e-01 1.18925750e-01
    9.76405740e-01 1.18988842e-01 8.84408593e-01 7.78009892e-01
    5.78482509e-01 1.10054970e-01 9.24018562e-01 8.67163360e-01
    2.12861240e-01 3.55804801e-01 7.13145614e-01 1.49603248e-01
    5.15883446e-01 1.13294274e-01 5.40636480e-02 8.41288507e-01
    2.52960742e-01 7.63183713e-01 4.21639264e-01 8.78019333e-01
    7.01767743e-01 1.40047073e-01 5.37470937e-01 5.09241283e-01
    8.91871691e-01 7.76929080e-01 8.53713095e-01 2.74358392e-02
    6.66111887e-01 5.08549929e-01 9.87384558e-01 1.52118742e-01
    6.34565830e-01 3.72241765e-01 2.15747923e-01 8.41295362e-01
    2.45709896e-01 9.29230571e-01 1.97967529e-01 5.49031377e-01
    2.27505326e-01 5.20710409e-01 2.24074453e-01 3.78338337e-01
    5.97777128e-01 9.57701802e-01 5.74478805e-02 7.51602590e-01
    4.10767376e-01 8.10473442e-01 4.52809036e-01 8.09346437e-01
    1.41603053e-01 7.92724788e-01 5.44836760e-01 5.46863675e-01
    1.46978676e-01 5.65161884e-01 2.41745800e-01 6.24605000e-01
    6.82689130e-01 3.12599659e-01 4.63881642e-01 6.46162808e-01
    2.66580343e-01 8.49150836e-01 7.17283130e-01 8.91819358e-01
    1.88502073e-01 8.83321464e-01 3.54481131e-01 2.81672180e-01
    6.22916818e-01 7.74331331e-01 8.27979326e-01 3.83925498e-01
    5.37766695e-01 6.94687188e-01 3.21625531e-01 6.25314116e-01
    5.79001367e-01 4.25114959e-01 8.61176074e-01 2.03223199e-01
    4.45941240e-01 3.74239206e-01 4.64294404e-01 8.85133862e-01
    8.82577717e-01 8.39876175e-01 7.20929801e-01 1.17735714e-01
    9.30630624e-01 1.88050151e-01 7.92751312e-01 5.29821396e-01
    7.86013305e-02 5.61398566e-01 2.25528389e-01 1.84500575e-01
    6.76155329e-01 4.95340139e-01 3.72815013e-01 1.80573761e-01
    8.73684645e-01 7.35959291e-01 8.51618290e-01 6.42632782e-01
    3.64260197e-01 9.94987965e-01 4.59815890e-01 1.92742020e-01
    2.65623927e-01 7.63465106e-01 5.59996605e-01 1.25993073e-01
    2.14418769e-01 4.39056516e-01 3.72456610e-01 9.73169446e-01
    8.59841168e-01 8.87998462e-01 9.79791045e-01 7.19305933e-01
    9.88908052e-01 4.05962288e-01 5.87425530e-02 4.44709122e-01
    5.65247893e-01 5.47874212e-01 3.30887139e-02 3.43653321e-01
    3.23714882e-01 1.88780993e-01 4.55437452e-01 8.69393051e-02
    5.73905051e-01 7.86211252e-01 1.21978968e-01 4.74665374e-01
    4.29680705e-01 6.67140424e-01 3.28983128e-01 9.25342023e-01
    9.61363912e-01 4.00568426e-01 6.92851484e-01 9.33355331e-01
    7.53162503e-01 6.35886431e-01 2.51436830e-01 6.54155552e-01
    4.42537546e-01 5.74856937e-01 9.30780053e-01 4.65155721e-01
    8.33393097e-01 5.21703541e-01 4.64122593e-01 9.11805630e-01
    8.98386717e-01 9.57900763e-01 8.52327764e-01 2.17557490e-01
    4.51862812e-02 6.43143296e-01 9.29115057e-01 4.18774068e-01
    3.64706546e-01 3.32426608e-01 2.66839713e-01 1.50007516e-01
    1.02019012e-02 6.17619872e-01 5.93875527e-01 7.08536208e-02
    3.88490438e-01 6.09637141e-01 9.99352217e-01 9.07422066e-01
    5.28161645e-01 9.22995090e-01 4.66037810e-01 8.29578102e-01
    8.67524028e-01 1.37336463e-01 6.43335283e-02 4.12252128e-01
    7.44132876e-01 8.04276526e-01 6.98787093e-01 2.84323394e-02
    2.81868905e-01 4.97985363e-01 7.56761312e-01 5.89536726e-01
    2.35578328e-01 5.52020729e-01 1.22632205e-01 3.91004443e-01
    9.61749494e-01 5.00303507e-03 4.67971414e-01 7.91581511e-01
    2.16019392e-01 3.28816026e-01 8.37615430e-02 6.70234799e-01
    3.13173711e-01 7.73843586e-01 5.00648320e-01 3.88059080e-01
    3.20588052e-01 7.27242231e-01 3.10966551e-01 9.25043583e-01
    4.90658730e-01 7.74011135e-01 3.24921429e-01 7.51637399e-01
    4.23523098e-01 3.64551842e-01 7.70526230e-01 2.11199462e-01
    5.79392076e-01 3.15020710e-01 4.63768512e-01 5.11252344e-01
    6.18283272e-01 9.53309000e-01 7.71870911e-02 9.87128377e-01
    7.95544505e-01 5.10731399e-01 9.02222872e-01 1.46706700e-01
    8.82992446e-02 1.73186123e-01 9.61998284e-01 5.69454730e-01
    6.11662626e-01 1.03096336e-01 2.45171756e-01 1.47772133e-02
    1.46328390e-01 2.23430157e-01 2.55531073e-01 8.77925396e-01
    7.35215247e-01 9.71319556e-01 1.79155439e-01 1.43462032e-01
    8.81650090e-01 9.94854867e-02 5.68518102e-01 7.88364053e-01
    6.24391377e-01 7.67608285e-01 3.60402882e-01 8.16371202e-01
    7.54608095e-01 4.50758040e-02 7.11982608e-01 8.85683417e-01
    7.68008113e-01 8.77666891e-01 9.47479129e-01 6.42083108e-01
    9.23756778e-01 9.93584991e-01 3.92151117e-01 3.81412596e-01
    9.70635474e-01 1.04820848e-01 6.06322050e-01 6.99802995e-01
    3.17675859e-01 6.94183707e-01 1.95374161e-01 3.35191727e-01
    8.63748193e-01 6.48398757e-01 5.76244473e-01 9.40710783e-01
    6.60707712e-01 7.64418423e-01 4.40931618e-02 3.41962337e-01
    9.02627170e-01 1.87377304e-01 6.47320390e-01 9.77427363e-01
    9.74178553e-01 8.23863626e-01 1.51311487e-01 1.59936488e-01
    6.91841185e-01 4.65394497e-01 4.16336119e-01 4.37936187e-01
    6.44545257e-01 5.56819856e-01 6.20104551e-01 1.17670625e-01
    9.63710904e-01 2.79552609e-01 4.66541946e-02 6.85413599e-01
    8.95617485e-01 4.94825631e-01 7.12469578e-01 1.96492881e-01
    9.81641054e-01 2.96518743e-01 9.40357208e-01 9.33243513e-01
    8.99090171e-02 8.24200094e-01 5.71615696e-01 3.31513047e-01
    4.25498813e-01 1.97832316e-01 4.58201051e-01 9.68865454e-01
    5.76089501e-01 6.95883036e-01 4.46893334e-01 6.68414652e-01
    4.29322481e-01 1.12569302e-01 9.86191392e-01 3.28373194e-01
    3.71981263e-01 3.52038443e-02 4.09703225e-01 5.02509296e-01
    6.07788980e-01 4.39700007e-01 8.37231398e-01 4.17165875e-01
    3.45188916e-01 8.35756242e-01 7.74168372e-01 2.69435287e-01
    9.06695485e-01 1.22134775e-01 1.94276124e-01 7.02603817e-01
    8.34404528e-02 7.90406346e-01 7.02230215e-01 9.95528996e-02
    5.86494446e-01 1.38140023e-02 6.65586293e-01 8.13256741e-01
    5.87530553e-01 4.31358874e-01 6.38832510e-01 4.35178965e-01
    3.30807984e-01 5.54410160e-01 7.47284055e-01 6.24976516e-01
    8.56730223e-01 9.30391252e-02 8.73544574e-01 8.35685432e-02
    1.50759131e-01 5.84010243e-01 7.51758099e-01 8.32560122e-01
    9.42848086e-01 3.77391994e-01 7.27400184e-02 6.24797583e-01
    9.24123287e-01 2.25211263e-01 5.18079817e-01 8.78515124e-01
    5.19467711e-01 7.20459223e-01 5.39191842e-01 6.52118325e-01
    1.02649540e-01 9.64362979e-01 4.93285775e-01 6.04675829e-01
    2.47087181e-02 9.34292555e-01 2.07485616e-01 9.98250246e-01
    6.73699737e-01 9.99473631e-01 4.02094126e-01 6.91379905e-02
    8.41014028e-01 1.98123366e-01 7.97055364e-01 8.22986782e-01
    5.57082355e-01 3.65208864e-01 4.59559023e-01 7.21873045e-02
    1.79768264e-01 5.23004532e-02 2.28028923e-01 6.37651086e-01
    6.12721682e-01 3.13441873e-01 2.37237364e-01 3.01943958e-01
    4.63443100e-01 5.17562032e-01 5.00305712e-01 1.21511638e-01
    8.51348519e-01 7.76384771e-01 3.81702453e-01 4.15901095e-01
    1.50699586e-01 1.56576991e-01 1.75470144e-01 5.20385623e-01
    7.00941443e-01 3.29501927e-02 5.72283506e-01 7.35607922e-01
    8.35217059e-01 8.02097321e-01 8.01788449e-01 3.18011403e-01
    7.14852810e-01 1.43951774e-02 6.98218822e-01 4.15694475e-01
    7.42007315e-01 2.09178597e-01 6.30497158e-01 6.95929050e-01
    3.18912178e-01 1.79524511e-01 7.71610260e-01 2.84528255e-01
    6.37712419e-01 4.49681133e-01 4.97963339e-01 6.09817863e-01
    5.98833680e-01 4.67728078e-02 7.57855773e-01 2.82036185e-01
    5.63567102e-01 9.99328971e-01 2.70534545e-01 3.68982196e-01
    8.20749938e-01 4.45425719e-01 9.82803464e-01 8.77009928e-02
    9.54614878e-01 7.66506433e-01 6.63862228e-01 9.28895772e-01
    5.33816934e-01 3.71233046e-01 4.66145873e-02 5.42977810e-01
    2.16167271e-01 9.21660364e-02 1.53138578e-01 1.68300360e-01
    1.21014148e-01 5.90383530e-01 2.79600739e-01 6.53921723e-01
    2.68315911e-01 2.25071073e-01 6.37050748e-01 2.72381902e-01
    2.83324659e-01 1.46057010e-01 8.65889192e-01 4.33372676e-01
    8.24594855e-01 7.29800105e-01 1.55835032e-01 5.50415099e-01
    8.78357172e-01 6.85596764e-02 2.18498230e-01 6.87907934e-01
    3.16067159e-01 3.43426526e-01 1.30120456e-01 2.33934909e-01
    9.90308046e-01 4.99038130e-01 3.71449828e-01 4.61970389e-01
    2.15033203e-01 3.50063682e-01 8.58484983e-01 2.83033341e-01
    4.83237833e-01 5.35785317e-01 3.89895916e-01 4.63124722e-01
    8.08215737e-02 4.14310753e-01 2.65894353e-01 5.76706469e-01
    5.16291380e-01 9.24540341e-01 9.45717692e-01 7.99355567e-01
    8.40240479e-01 4.01467800e-01 7.47963905e-01 9.61069822e-01
    3.36350501e-01 2.95071423e-01 1.54519767e-01 5.67180574e-01
    3.42692971e-01 5.83835542e-01 2.36003160e-01 7.75515437e-01
    9.24141049e-01 1.26026452e-01 3.48115921e-01 7.18118191e-01
    5.35233378e-01 4.65237349e-01 9.39170063e-01 9.69361663e-01
    9.92446780e-01 4.61351573e-02 7.16530859e-01 1.20458275e-01
    7.17838764e-01 2.66504228e-01 8.18630695e-01 5.05877614e-01
    7.41018713e-01 5.81227541e-01 3.02910626e-01 5.47877252e-01
    1.32000446e-01 1.10149235e-01 7.63077140e-02 8.88038993e-01
    2.86530793e-01 1.11372292e-01 8.37134004e-01 2.66664684e-01
    6.97526097e-01 3.26515019e-01 6.73458934e-01 9.02218163e-01
    4.11938965e-01 7.61282980e-01 9.13016796e-01 1.82343066e-01
    8.46429944e-01 1.14179671e-01 9.65656996e-01 4.27517295e-03
    1.17597044e-01 1.82724506e-01 7.15930641e-01 5.37791371e-01
    4.92140174e-01 7.99613237e-01 5.30767441e-03 8.21062803e-01
    6.17146373e-01 4.69567001e-01 6.75944149e-01 1.73600286e-01
    5.31098187e-01 1.78578675e-01 3.43825459e-01 7.59253025e-01
    2.83093125e-01 6.79026842e-02 7.19016671e-01 9.59586740e-01
    5.82540691e-01 5.61102748e-01 9.43579674e-02 4.92702037e-01
    8.42448711e-01 6.15438819e-03 9.10784364e-01 9.88793373e-01
    3.54440391e-01 8.12844992e-01 3.19232404e-01 6.71711802e-01
    7.68616319e-01 6.23590291e-01 8.84595215e-02 2.34070659e-01
    2.03329861e-01 6.24085307e-01 8.25679302e-02 6.03210390e-01
    3.72120500e-01 2.81624377e-01 6.98781252e-01 8.62644553e-01
    5.32460213e-01 8.69842052e-01 7.80387640e-01 3.23159575e-01
    4.67511803e-01 5.76614797e-01 8.32796276e-01 3.57921958e-01
    3.32218111e-01 2.86163747e-01 4.25989598e-01 3.56438965e-01
    6.76250815e-01 5.39210618e-01 8.66664052e-02 9.34570312e-01
    6.19513392e-01 3.43583196e-01 6.75986648e-01 8.05752039e-01
    7.63202488e-01 9.84205484e-01 7.44904578e-01 5.86934626e-01
    6.59210980e-01 9.34181452e-01 8.57814670e-01 4.12490189e-01
    3.24017614e-01 8.11541438e-01 8.07063043e-01 8.11797857e-01
    3.47574651e-01 3.66949499e-01 3.06484997e-01 5.00715971e-01
    3.93120408e-01 1.82215810e-01 3.43616933e-01 7.59736061e-01
    2.38265872e-01 4.12900150e-02 1.26941085e-01 6.56427324e-01
    1.13533139e-01 4.34967101e-01 3.13884079e-01 1.67908609e-01
    6.20706558e-01 4.63185698e-01 3.33313555e-01 2.69991279e-01
    7.77497590e-02 8.68133605e-01 2.63223946e-02 3.25808108e-01
    4.25011098e-01 9.52017069e-01 5.41296601e-02 6.34182274e-01
    3.02656323e-01 7.67345428e-01 2.91539013e-01 6.59823120e-01
    6.42055273e-02 3.39333415e-01 4.80784148e-01 8.05474520e-01
    9.03546453e-01 2.05316007e-01 9.98256326e-01 6.87711358e-01
    7.73193717e-01 1.49182379e-02 4.91042465e-01 4.27128762e-01
    1.15005255e-01 8.33279610e-01 2.54437178e-01 5.48995435e-02
    2.61413157e-02 4.35112804e-01 1.62895024e-02 2.29940414e-01
    5.96823454e-01 3.47654432e-01 3.39777470e-02 4.52115715e-01
    7.32366323e-01 8.86682570e-02 6.95742130e-01 1.27295524e-01
    6.76684380e-02 7.22014546e-01 1.64959192e-01 8.39834750e-01
    4.26787287e-01 3.78625870e-01 8.17416787e-01 6.81219101e-01
    2.44922459e-01 5.41659236e-01 1.37009829e-01 8.44175100e-01
    8.69517863e-01 6.32464945e-01 2.50481188e-01 7.08231151e-01
    4.11017388e-01 3.19166660e-01 3.87090206e-01 5.98422348e-01
    3.78124475e-01 5.85120738e-01 4.63088483e-01 7.87548423e-01
    7.26434886e-01 7.09585726e-01 6.70473814e-01 1.16784990e-01
    3.05940151e-01 5.37737966e-01 3.62314641e-01 3.93718481e-03
    9.12524104e-01 2.32477486e-01 4.07240987e-01 1.96561456e-01
    9.81799603e-01 2.89856613e-01 2.13606030e-01 4.09388840e-01
    8.93758833e-01 8.27053368e-01 5.63578606e-01 5.26911736e-01
    3.75324965e-01 2.47987241e-01 9.04681325e-01 6.59380853e-02
    9.56597447e-01 6.41684890e-01 4.41557646e-01 9.99689281e-01
    9.80798960e-01 7.32069075e-01 8.81548822e-01 2.93593943e-01
    9.87401962e-01 5.77433050e-01 7.91028976e-01 2.63720930e-01
    4.84506458e-01 1.77764028e-01 6.71909273e-01 7.64320254e-01
    6.46591663e-01 9.26909745e-01 9.55535531e-01 3.24196517e-01
    4.32931602e-01 9.90270257e-01 7.75700450e-01 7.96754837e-01
    3.23563010e-01 4.89113063e-01 4.50176448e-01 9.49129343e-01
    6.55551195e-01 6.05941713e-02 6.23858511e-01 2.91783094e-01
    5.87488115e-01 9.95002389e-01 9.89694118e-01 9.73150730e-01
    2.87804186e-01 3.58846635e-01 2.96585441e-01 4.36542630e-02
    8.90722871e-01 9.51698065e-01 5.97172379e-01 4.33507472e-01
    2.50101388e-01 5.36863267e-01 1.61533803e-01 2.95423567e-01
    4.71166670e-02 7.77125359e-02 6.87592685e-01 7.79243410e-01
    7.51426935e-01 5.68117499e-02 2.59450227e-01 6.62714779e-01
    7.94658840e-01 2.14978635e-01 5.38092494e-01 2.10811049e-01
    7.17107415e-01 5.13063371e-01 9.19065773e-02 9.20121908e-01
    8.53259206e-01 8.98740828e-01 3.13904107e-01 4.48177457e-01
    6.98726356e-01 3.39366674e-01 1.09582722e-01 9.15993452e-01
    4.57863599e-01 6.39118791e-01 4.35656250e-01 8.15204740e-01
    3.84098470e-01 7.41212249e-01 6.80727184e-01 4.79620993e-02
    7.54068851e-01 7.37289667e-01 2.16568381e-01 4.76979971e-01
    2.47577935e-01 6.26810491e-02 5.85294724e-01 6.43548667e-01
    4.40518171e-01 6.20808363e-01 7.29673982e-01 5.36911905e-01
    9.17169571e-01 5.27938664e-01 8.89206171e-01 1.39896661e-01
    1.89593345e-01 7.33187795e-01 5.96948981e-01 7.57343173e-02
    9.13794398e-01 8.38519335e-01 3.94218266e-01 9.03398931e-01
    1.35636479e-01 5.52894056e-01 6.26846194e-01 5.13194025e-01
    6.02382779e-01 3.42512429e-01 1.64948225e-01 3.66753161e-01
    3.36265862e-01 4.54146773e-01 9.85029101e-01 7.90064812e-01
    4.03044671e-01 3.63903940e-01 9.51575041e-01 5.52648902e-02
    8.22770596e-01 8.90999436e-01 3.89630109e-01 7.66652822e-01
    9.34294820e-01 6.69061065e-01 6.61679029e-01 8.33581448e-01
    8.68752122e-01 3.71985793e-01 6.47069871e-01 2.61460841e-01
    2.51968801e-02 8.50205302e-01 5.61173558e-01 6.28412306e-01
    1.26390070e-01 4.24024791e-01 5.45075357e-01 2.62495756e-01
    7.55536556e-01 7.82306254e-01 3.17439437e-03 1.09382331e-01
    1.13138586e-01 8.84750247e-01 7.82926381e-02 3.46812069e-01
    6.46973610e-01 5.42046726e-02 7.06963956e-01 2.90518016e-01
    8.59661579e-01 3.15391272e-01 6.71666205e-01 7.10485876e-01
    8.25763702e-01 9.25584316e-01 1.11373246e-01 2.96715677e-01
    6.05875254e-01 8.46618116e-02 2.19222575e-01 7.53824353e-01
    2.56739855e-01 2.72542179e-01 3.89838308e-01 3.53898883e-01
    3.17619085e-01 3.95896584e-01 9.71714258e-01 7.35799670e-01
    4.35953021e-01 6.58594966e-02 2.44891673e-01 8.16042721e-01
    1.23244792e-01 1.04242921e-01 3.77914310e-02 5.70683181e-02
    9.90661740e-01 8.01768303e-01 6.88587964e-01 5.03312051e-02
    6.48724675e-01 2.25222409e-02 3.85525972e-01 6.23610139e-01
    4.82927859e-02 1.99722081e-01 1.61972642e-02 6.50628269e-01
    7.51897633e-01 6.61517739e-01 4.62850630e-02 4.54556078e-01
    5.54226100e-01 2.34202087e-01 8.35921645e-01 9.54023838e-01
    9.09449339e-01 5.10175467e-01 3.28613788e-01 5.79138100e-01
    8.08077693e-01 6.26336873e-01 8.55082989e-01 9.84775126e-02
    3.24787676e-01 2.55698085e-01 6.92319870e-03 1.96257263e-01
    3.33332539e-01 2.36721396e-01 2.61953354e-01 7.39859939e-01
    5.95309377e-01 3.31527799e-01 3.65974993e-01 1.65713847e-01
    8.45012784e-01 1.91789001e-01 2.28442252e-01 2.45798796e-01
    4.25096035e-01 7.43125916e-01 8.10051560e-01 1.68590248e-01
    3.49516064e-01 3.38739157e-03 9.01056767e-01 3.03863704e-01
    8.64535570e-04 1.20661914e-01 5.70600927e-02 5.16156852e-02
    1.36657238e-01 2.97732770e-01 6.43641353e-02 4.39728349e-01
    5.00666261e-01 2.02151597e-01 1.38123870e-01 7.98860073e-01
    5.33986688e-01 3.04283261e-01 9.30611312e-01 6.60414815e-01
    2.95030534e-01 4.88629073e-01 7.18100965e-01 4.75046217e-01
    3.52226913e-01 2.55964279e-01 7.14843571e-01 3.05583447e-01
    2.04634458e-01 4.82243627e-01 2.27228194e-01 4.27298874e-01
    6.14601851e-01 2.22726852e-01 4.27936375e-01 1.42365366e-01
    1.65244013e-01 1.56577528e-01 9.01875675e-01 6.58434987e-01
    3.25885713e-02 5.53996921e-01 2.35090554e-02 1.87244743e-01
    4.54490364e-01 9.79654908e-01 7.37564504e-01 4.11695838e-01
    2.27282196e-01 7.18601823e-01 5.61203957e-02 4.69726622e-02
    9.66504216e-01 9.45189714e-01 3.97834003e-01 5.82022130e-01
    4.29864585e-01 2.55752504e-02 4.44437534e-01 1.38692051e-01
    9.03521895e-01 9.09540892e-01 9.89735603e-01 5.24158120e-01
    2.39181310e-01 7.74850070e-01 5.15970170e-01 4.11463052e-01
    5.35625458e-01 5.52004576e-03 8.30560625e-02 9.15661335e-01
    6.27858341e-01 9.26091671e-01 1.04966938e-01 7.81700313e-02
    1.75711125e-01 3.90100062e-01 3.74278903e-01 7.40346491e-01
    9.64805603e-01 6.12167180e-01 9.77988720e-01 3.42577934e-01
    3.43541861e-01 9.64603007e-01 7.68845022e-01 9.16695893e-02
    4.18267161e-01 2.81379104e-01 3.02000970e-01 5.23430645e-01
    6.43841743e-01 9.44326639e-01 7.70375133e-01 7.05158472e-01
    8.44204187e-01 4.95950729e-01 8.47630858e-01 7.09646344e-02
    2.53052711e-01 4.36047196e-01 9.06429827e-01 6.47133589e-01
    5.31998336e-01 4.24884290e-01 2.80881613e-01 4.62255895e-01
    4.91726398e-03 1.31683052e-02 4.61908281e-01 7.72378325e-01
    8.31225514e-01 4.72645998e-01 4.75178689e-01 2.02259272e-01
    1.81031525e-02 6.12573504e-01 1.62034899e-01 7.39721656e-02
    8.81872177e-02 2.13644981e-01 2.36319304e-01 2.58366108e-01
    9.28303301e-02 6.61226869e-01 4.59670424e-01 3.16623092e-01
    1.67555302e-01 4.90015954e-01 7.45707572e-01 8.99041116e-01
    2.18134195e-01 4.88171577e-01 9.10498798e-02 4.32530880e-01
    1.79233342e-01 1.80782437e-01 3.41407359e-02 9.48675573e-02
    7.26938665e-01 7.70255923e-03 5.14122486e-01 7.67524481e-01
    3.92100304e-01 8.66316795e-01 5.08806825e-01 4.48443621e-01
    5.97986042e-01 2.43148416e-01 2.35265493e-01 2.41828263e-02
    4.40641582e-01 3.82117540e-01 7.81987906e-02 6.46111369e-02
    6.98169887e-01 5.11151969e-01 3.02372575e-02 5.23736179e-01
    8.14008236e-01 2.54057229e-01 9.21952963e-01 4.35060054e-01
    9.96840715e-01 4.44633484e-01 2.33090520e-02 6.06790543e-01
    7.16779232e-02 1.39086396e-01 4.86530602e-01 4.44334775e-01
    7.45677352e-01 7.12033927e-01 2.38804996e-01 5.51668644e-01
    1.55825555e-01 4.03500259e-01 4.06942844e-01 3.88122529e-01
    5.32661617e-01 9.44403648e-01 5.33707142e-02 8.54126513e-02
    5.50560772e-01 9.58608150e-01 5.16735971e-01 2.99447298e-01
    6.09423578e-01 4.71198797e-01 6.24162495e-01 5.64125836e-01
    1.35781765e-01 1.24393612e-01 6.29950404e-01 3.91251206e-01
    6.59395754e-01 1.97352141e-01 5.56116223e-01 6.32451534e-01
    8.12829375e-01 9.26967382e-01 7.62053013e-01 6.47636950e-01
    9.87966895e-01 3.82170588e-01 5.21791875e-01 6.99760318e-02
    5.55456400e-01 3.07306468e-01 9.02612925e-01 9.10943627e-01
    7.93020606e-01 1.81270272e-01 4.85964924e-01 4.52195406e-02
    9.14244115e-01 9.25161421e-01 2.25288451e-01 8.35074782e-01
    7.00807989e-01 2.52082765e-01 7.38916457e-01 8.23436975e-01
    8.44713748e-01 3.20262790e-01 5.03907442e-01 6.19695485e-01
    5.43501675e-01 6.47931397e-02 6.65388227e-01 7.34271824e-01
    6.71142817e-01 6.26264215e-01 2.81510472e-01 8.30700517e-01
    9.81114805e-02 1.30876899e-03 8.04810107e-01 9.63409662e-01
    8.85498762e-01 2.96365231e-01 7.16577053e-01 7.32592344e-02
    5.25509417e-02 7.45181203e-01 5.57286739e-02 9.64323521e-01
    4.97004986e-01 7.49496758e-01 5.58546901e-01 2.25850701e-01
    4.99266088e-01 4.95773852e-02 1.28263533e-01 7.01810598e-01
    1.38138711e-01 2.92086005e-02 5.72221458e-01 7.92177439e-01
    2.36961186e-01 4.58956391e-01 5.68095744e-01 7.28622198e-01
    2.22286791e-01 4.12476629e-01 6.21871293e-01 2.08889097e-01
    5.01666605e-01 5.89008570e-01 1.08010381e-01 7.06468523e-01
    3.62325609e-02 2.70411074e-02 8.06670606e-01 8.19957137e-01
    4.45921957e-01 4.47463244e-01 5.05227268e-01 9.76620674e-01
    6.00030243e-01 3.42037380e-01 7.52422214e-01 8.67357612e-01
    7.75059581e-01 2.99491882e-02 2.86547184e-01 3.37679416e-01
    7.23154187e-01 4.24438298e-01 8.21987152e-01 5.20229340e-03
    6.51884258e-01 2.09845722e-01 4.07445163e-01 2.83525407e-01
    6.33179665e-01 9.24695194e-01 9.73374844e-01 2.82015443e-01
    2.70249426e-01 4.65679139e-01 9.59834695e-01 1.31939679e-01
    6.82692170e-01 5.23272455e-01 6.58112586e-01 5.53888798e-01
    4.73346174e-01 8.83011460e-01 5.63389540e-01 7.24648476e-01
    7.08142161e-01 5.00774741e-01 9.94685590e-02 4.25124407e-01
    1.57027304e-01 5.58775663e-03 2.09147483e-01 6.65918291e-01
    4.03263152e-01 4.76126909e-01 6.14827156e-01 2.17516154e-01
    4.64895159e-01 5.85205317e-01 5.05670011e-01 4.59994376e-02
    8.11380625e-01 7.71142602e-01 4.06107008e-02 4.46951300e-01
    8.57762575e-01 3.44899267e-01 8.73927712e-01 5.34840882e-01
    4.74457741e-02 6.12782061e-01 4.43809152e-01 8.79186749e-01
    8.59223843e-01 5.03641307e-01 8.27755868e-01 1.86196655e-01
    8.01563621e-01 6.87585652e-01 5.96231103e-01 1.22234285e-01
    6.33765817e-01 8.06374073e-01 4.49131548e-01 5.57357848e-01
    7.04038084e-01 4.03560102e-02 9.43234980e-01 9.63759542e-01
    8.64475965e-03 2.74081916e-01 4.24867868e-02 1.48138404e-03
    9.97216463e-01 5.34218669e-01 1.43542796e-01 2.45497644e-01
    7.13020205e-01 9.90939319e-01 6.23696268e-01 1.81618482e-01
    6.47615969e-01 8.75820756e-01 1.54456496e-01 4.18802738e-01
    6.20647192e-01 8.80624056e-01 9.84833360e-01 4.64598060e-01
    6.87422514e-01 4.52878445e-01 6.02045774e-01 2.95929730e-01
    7.10366607e-01 7.31990933e-01 4.28172648e-02 4.41336870e-01
    4.08622205e-01 1.48976892e-01 7.48319626e-01 1.52789295e-01
    5.64933479e-01 8.17490757e-01 8.24213922e-02 9.31482792e-01
    3.77325177e-01 1.60769820e-01 4.02829528e-01 5.08065104e-01
    9.54874873e-01 7.12195694e-01 3.78308773e-01 4.40750241e-01
    1.85244977e-02 9.81651306e-01 7.44280219e-01 4.35241222e-01
    6.61437631e-01 6.54647589e-01 8.14795494e-04 3.49286288e-01
    8.69974017e-01 1.14675462e-02 4.44827765e-01 1.04544491e-01
    6.50716901e-01 3.55925739e-01 8.60660970e-01 6.36171699e-01
    5.79419494e-01 4.13428515e-01 1.27982438e-01 7.72914171e-01
    9.59914565e-01 6.10862613e-01 8.22376847e-01 8.43549669e-01
    7.77277946e-01 6.13426566e-01 7.75248528e-01 7.89645135e-01
    3.89758825e-01 6.84643090e-02 2.42303759e-01 9.11135793e-01
    4.93019611e-01 1.45629257e-01 1.01911455e-01 1.09706372e-01
    9.49222803e-01 8.48533988e-01 5.55404127e-01 7.31703281e-01
    9.49645042e-01 8.47333312e-01 2.51610070e-01 3.42004478e-01
    4.93681699e-01 5.05840063e-01 2.24137545e-01 8.47451329e-01
    8.65803719e-01 1.71807826e-01 5.22011459e-01 5.27871490e-01
    7.58045554e-01 2.71520793e-01 3.13610554e-01 7.17268109e-01
    7.04167962e-01 9.39960241e-01 9.13408458e-01 4.31079030e-01
    9.35386181e-01 7.42307007e-01 2.67750025e-03 9.42076743e-01
    7.09781885e-01 5.33546031e-01 9.76790786e-02 1.89712912e-01
    9.32901084e-01 5.78372180e-02 8.31918716e-02 1.03358984e-01
    8.04655790e-01 2.86325097e-01 3.00174475e-01 7.50612020e-02
    1.20296270e-01 1.65394306e-01 4.58041728e-02 6.60651028e-01
    7.55396485e-01 9.96577144e-01 2.70735800e-01 9.80522871e-01
    2.98680335e-01 7.90951848e-01 8.31185579e-02 2.60832340e-01
    3.64159882e-01 5.73148608e-01 5.77944398e-01 2.90832698e-01
    6.33192897e-01 6.56485677e-01 1.17195547e-02 7.48875737e-01
    9.88986909e-01 8.97547007e-01 9.20720637e-01 3.74817133e-01
    6.10931873e-01 9.75307584e-01 1.19214505e-01 7.09421933e-01
    8.42220187e-01 2.31314003e-01 6.34549022e-01 2.59041309e-01
    5.00806868e-01 7.59650946e-01 8.76044393e-01 3.65776718e-01
    7.63275862e-01 9.01018322e-01 9.38521981e-01 2.74665117e-01
    8.79024267e-02 5.34096658e-01 2.91264892e-01 3.35125327e-02
    3.25197577e-01 8.52925062e-01 9.43069458e-02 9.63777304e-02
    4.81469631e-02 2.84296066e-01 6.93171978e-01 4.51000631e-02
    5.79710007e-01 9.39406395e-01 6.51694059e-01 9.98286903e-02
    3.57748866e-01 9.71637070e-01 7.79874921e-02 4.23099250e-01
    9.00871336e-01 2.28115559e-01 6.27556205e-01 3.03210676e-01
    9.12400126e-01 5.64924121e-01 3.44336748e-01 6.05441689e-01
    8.69952321e-01 3.77927482e-01 6.34478271e-01 4.94120091e-01
    7.41618514e-01 1.25748694e-01 7.26990342e-01 2.23958194e-01
    4.12905455e-01 8.04105937e-01 7.62459815e-01 5.75974584e-03
    7.13949740e-01 9.48600411e-01 3.64710331e-01 6.90254927e-01
    3.60307455e-01 9.02518153e-01 7.57639408e-01 3.03168684e-01
    8.44443381e-01 2.87282467e-01 4.00674313e-01 1.51667833e-01
    5.42380929e-01 5.89928508e-01 2.61251748e-01 9.90194976e-02
    7.65319109e-01 2.70705491e-01 7.28011489e-01 3.02522838e-01
    9.81614470e-01 7.30603218e-01 7.13767946e-01 6.13348186e-02
    2.68207908e-01 6.57119930e-01 5.11077225e-01 6.14266157e-01
    7.65855074e-01 5.35029233e-01 9.20096993e-01 4.56986785e-01
    3.39756131e-01 6.04213595e-01 7.90164173e-01 1.85584068e-01
    4.59980220e-01 5.39933324e-01 2.92655528e-02 3.36414278e-01
    3.26795101e-01 9.40817535e-01 4.54679877e-01 4.54254210e-01
    4.50830162e-02 4.72441405e-01 4.74350065e-01 9.39259171e-01
    9.95541096e-01 3.64857882e-01 4.08654809e-01 1.21054083e-01
    1.75699919e-01 2.14394748e-01 5.79322100e-01 3.25057536e-01
    6.94903553e-01 9.50332165e-01 2.56920874e-01 8.33725452e-01
    8.14319789e-01 2.42062747e-01 1.40228271e-01 9.90477502e-01
    2.30628133e-01 1.93626910e-01 9.25470829e-01 1.76983625e-01
    9.36488509e-01 4.36283678e-01 5.16577840e-01 6.23751998e-01
    3.55399966e-01 8.94806385e-01 4.62930381e-01 1.95887685e-01
    4.11425143e-01 3.53465527e-01 5.49269199e-01 1.96303457e-01
    5.41123986e-01 1.69968754e-01 4.80403274e-01 8.08230639e-01
    5.18202543e-01 5.96950650e-01 3.49295676e-01 4.76790011e-01
    6.83217824e-01 9.42789555e-01 5.71023583e-01 9.25816834e-01
    9.20063078e-01 5.52366853e-01 2.02464789e-01 5.30713618e-01
    2.95266032e-01 2.86015540e-01 4.16912407e-01 8.39596152e-01
    8.75831604e-01 8.90587211e-01 3.04627120e-01 7.99643278e-01
    1.68812394e-01 7.36501455e-01 8.97671223e-01 5.06273031e-01
    5.05214930e-03 1.45632029e-01 5.07081151e-01 5.14561951e-01
    9.91270900e-01 3.39528054e-01 3.90037745e-01 2.07901001e-01
    3.32314074e-01 3.60722244e-01 6.69326901e-01 8.81205916e-01
    7.92332053e-01 5.51325798e-01 4.73499715e-01 1.63825184e-01
    3.34920883e-02 8.18871856e-01 1.80463225e-01 9.68738556e-01
    4.31005865e-01 2.04690903e-01 6.90091074e-01 3.30441475e-01
    8.84321749e-01 4.95836437e-01 8.92699182e-01 2.62339771e-01
    9.00460839e-01 6.91684246e-01 7.80701041e-01 4.23373759e-01
    6.55099154e-01 4.74437714e-01 1.87869847e-01 5.86277246e-01
    1.91688925e-01 9.16360855e-01 7.75830507e-01 5.43542206e-01
    1.63617879e-01 7.48308778e-01 9.19182777e-01 3.53078485e-01
    7.34278083e-01 5.77456057e-01 3.29521298e-03 9.27133203e-01
    8.14717531e-01 1.15388483e-01 8.83100927e-01 2.54113078e-02
    7.87259221e-01 1.04412735e-01 2.88607359e-01 8.70868683e-01
    5.93348801e-01 2.28676051e-01 2.29739368e-01 4.79145706e-01
    1.70784295e-02 2.38193482e-01 6.35173559e-01 5.18466175e-01
    8.26158464e-01 9.93135214e-01 8.41486573e-01 8.92995954e-01
    3.60747933e-01 1.40078425e-01 6.28687143e-01 5.44341385e-01
    5.70593476e-02 3.68070692e-01 6.59216762e-01 1.15043223e-02
    1.64798737e-01 7.20738709e-01 9.58219469e-02 4.34627235e-02
    8.67401958e-01 7.90188789e-01 2.81701177e-01 2.13892460e-02
    1.88355327e-01 3.44307452e-01 6.64234579e-01 6.87825680e-02
    6.26802921e-01 9.45419669e-01 6.63493395e-01 6.24707222e-01
    5.84771514e-01 7.41777122e-01 8.80493879e-01 5.45028627e-01
    3.37246686e-01 4.82884884e-01 9.33896601e-02 4.65182483e-01
    8.33265424e-01 9.36573267e-01 8.29835594e-01 7.96235263e-01
    6.07888937e-01 6.55231476e-01 2.42870450e-01 9.17460561e-01
    9.23772633e-01 8.48995626e-01 1.52010024e-02 2.32791156e-01
    5.87172925e-01 4.21039045e-01 6.27489507e-01 2.08355188e-01
    2.83470154e-01 9.39930022e-01 8.47265840e-01 8.96141052e-01
    8.26446652e-01 5.01105189e-01 9.39462006e-01 8.04886103e-01
    6.57661915e-01 6.25927448e-01 3.60944539e-01 6.37696862e-01
    5.33490181e-01 1.71334147e-01 7.26025343e-01 2.44272202e-01
    7.64025033e-01 9.34019983e-01 7.78058469e-02 9.92851496e-01
    2.73227036e-01 9.94539142e-01 9.35759246e-01 8.38211060e-01
    5.35430431e-01 2.80835837e-01 6.51770532e-01 4.81925309e-02
    7.85759389e-01 7.62536049e-01 8.54413807e-01 8.26510251e-01
    4.39821750e-01 6.29722953e-01 7.16780901e-01 9.67250824e-01
    6.35698140e-02 5.34807444e-01 8.68045747e-01 5.92002988e-01
    8.31735134e-03 4.58114028e-01 3.41736734e-01 8.76949430e-02
    8.69282365e-01 3.65402490e-01 9.55623269e-01 1.86193883e-02
    2.74362385e-01 3.75321507e-02 8.68556023e-01 1.54722869e-01
    7.75987148e-01 6.03671730e-01 6.58393145e-01 6.53519332e-01
    9.31376219e-01 5.14273584e-01 9.77754593e-01 8.06755662e-01
    7.44395494e-01 2.88399607e-01 4.04463679e-01 9.71585751e-01
    9.36079621e-01 9.64523196e-01 9.55142498e-01 1.72338545e-01
    5.55808663e-01 1.79885238e-01 4.46690321e-01 8.25527966e-01
    5.15938580e-01 1.66069508e-01 5.62596619e-02 7.06397474e-01
    6.00670457e-01 6.06942356e-01 1.29322261e-01 8.40315938e-01
    4.61206675e-01 4.10765052e-01 8.62608552e-02 9.84025717e-01
    6.10037804e-01 4.62628037e-01 5.18257082e-01 8.49972963e-01
    9.92268622e-01 8.72739911e-01 1.31767094e-01 8.39084268e-01
    6.16103292e-01 5.51548839e-01 2.59675324e-01 3.44423532e-01
    8.21599603e-01 6.67677701e-01 1.33670479e-01 9.27095175e-01
    7.28917360e-01 2.55965292e-01 9.56968307e-01 5.16908884e-01
    8.41458440e-01 2.32543230e-01 2.19781697e-02 7.85254478e-01
    2.40489542e-01 1.00446969e-01 8.79450440e-01 8.39781523e-01
    3.13238382e-01 3.16431284e-01 5.07325113e-01 8.88392210e-01
    7.07361698e-01 3.98333877e-01 3.74969691e-01 9.11176562e-01
    7.49811232e-02 1.16089076e-01 7.87751079e-01 3.03387165e-01
    9.85789776e-01 8.80608916e-01 9.34453011e-01 8.00011754e-01
    5.28689146e-01 9.45098162e-01 3.52560371e-01 2.10310072e-01
    8.41412187e-01 5.81128001e-01 1.73183411e-01 9.00663853e-01
    4.69228268e-01 6.00541532e-01 7.43508756e-01 1.31563038e-01
    2.19861656e-01 2.85973936e-01 2.12029368e-01 6.53296709e-04
    1.85162097e-01 9.57384586e-01 1.12338454e-01 4.94613349e-01
    6.54249370e-01 6.82447553e-01 7.37852871e-01 1.58781856e-01
    2.39486098e-02 2.52681226e-01 7.07043409e-02 8.17368031e-02
    7.96717644e-01 2.67582476e-01 9.15541351e-01 5.61032236e-01
    8.94275784e-01 1.49148226e-01 5.95012367e-01 4.24343646e-01
    6.53121352e-01 1.41891718e-01 9.74446356e-01 8.36521864e-01
    8.37206423e-01 8.37693512e-02 4.15780038e-01 4.01397228e-01
    3.52438450e-01 4.19762999e-01 3.41378450e-02 8.01627100e-01
    4.55407083e-01 9.82074022e-01 6.67545319e-01 2.62125134e-02
    6.41924083e-01 9.68100548e-01 9.95452344e-01 6.49133444e-01
    6.24211073e-01 7.15748489e-01 9.23074007e-01 3.53784591e-01
    9.59332466e-01 1.85174257e-01 1.56850815e-01 7.06783175e-01
    8.29488158e-01 1.30638659e-01 2.93340296e-01 5.17735898e-01
    8.68246436e-01 2.29083180e-01 4.89488572e-01 6.34573698e-01
    5.07053137e-01 9.17858779e-01 6.43384933e-01 2.59058475e-01
    8.47884774e-01 2.70333707e-01 9.46137786e-01 2.17517793e-01
    2.60862947e-01 5.19843757e-01 4.72554535e-01 1.20941401e-02
    3.69328558e-02 4.95392412e-01 6.27956748e-01 4.65762764e-01
    7.87325501e-01 9.30052757e-01 1.83413476e-01 5.39303958e-01
    8.13708127e-01 5.49869657e-01 9.87426281e-01 2.64640152e-02
    9.62199569e-01 5.58195889e-01 4.07597721e-01 1.50826573e-03
    5.06970942e-01 2.18773842e-01 3.41902137e-01 8.31862390e-02
    7.69508481e-01 8.08340669e-01 6.39064968e-01 7.91887820e-01
    8.25188518e-01 9.53715444e-01 2.10898459e-01 5.65269887e-01
    8.30563009e-02 4.18597460e-01 9.22372580e-01 6.44734442e-01
    3.79658520e-01 9.35548782e-01 7.99404740e-01 8.03652167e-01
    8.46098840e-01 4.78391498e-01 2.40502030e-01 4.02904123e-01
    9.79141116e-01 9.65331614e-01 7.73856580e-01 2.92636395e-01
    3.83738160e-01 9.16690171e-01 6.46391273e-01 8.38080883e-01
    3.93395185e-01 7.25328207e-01 5.63440561e-01 1.26579434e-01
    3.66727263e-01 3.22360575e-01 3.45765889e-01 4.98660952e-01
    7.20503569e-01 5.91038704e-01 1.41047746e-01 4.34914410e-01
    3.07029247e-01 2.67207682e-01 7.73635507e-02 5.69621623e-01
    4.77223694e-02 2.14163959e-02 8.66655290e-01 2.38053322e-01
    1.84994280e-01 2.38845646e-01 1.80389106e-01 5.70735216e-01
    3.63858223e-01 1.99174911e-01 9.42552269e-01 4.44830656e-01
    5.00798941e-01 4.32312667e-01 6.40551031e-01 8.95292342e-01
    2.18469560e-01 3.92951727e-01 3.08261365e-01 2.27844626e-01
    2.92641103e-01 1.71455294e-01 2.35423952e-01 2.73696721e-01
    4.48415369e-01 9.15061235e-01 5.49596071e-01 7.92898417e-01
    3.98109138e-01 4.39432114e-01 5.90348423e-01 2.95476973e-01
    1.33295000e-01 1.44746214e-01 3.34760487e-01 7.56784558e-01
    5.98840475e-01 8.36875021e-01 6.25251293e-01 1.91190422e-01
    5.62926412e-01 1.89466476e-01 2.37367719e-01 3.90955925e-01
    4.90949571e-01 1.42369390e-01 7.58655310e-01 4.39583421e-01
    6.66211784e-01 4.37894434e-01 1.98648483e-01 4.41166103e-01
    2.14280784e-02 7.18860090e-01 1.84396088e-01 4.36152577e-01
    3.62502307e-01 4.88328427e-01 4.70403850e-01 8.96472752e-01
    7.45359480e-01 7.37767935e-01 7.98839629e-02 6.31596744e-02
    7.51122832e-01 4.47272658e-01 5.99781871e-01 5.74968636e-01
    7.59187102e-01 1.44675732e-01 6.32683218e-01 6.69315994e-01
    2.58517087e-01 2.41184264e-01 8.21221113e-01 8.82353365e-01
    7.32240617e-01 9.38935161e-01 7.52221882e-01 2.75503337e-01
    6.83379173e-03 4.14337158e-01 2.18261361e-01 7.99484253e-01
    5.32906532e-01 5.76134622e-02 1.54648870e-01 1.01508588e-01
    9.48827207e-01 8.75425577e-01 3.42431515e-01 1.25619829e-01
    5.01811862e-01 1.95444226e-01 2.38565922e-01 1.49465770e-01
    3.17546606e-01 5.94540119e-01 6.91696525e-01 8.29788685e-01
    9.66878712e-01 3.72680366e-01 1.73743933e-01 5.58348894e-02
    8.23937416e-01 6.78601742e-01 9.96008873e-01 6.83268845e-01
    6.96292698e-01 7.38778353e-01 6.56246245e-02 8.82795870e-01
    8.87019396e-01 8.10590208e-01 6.10709727e-01 3.89807314e-01
    6.23747587e-01 3.08321118e-02 4.59942758e-01 3.75802368e-01
    3.75022769e-01 2.61754245e-01 4.14469510e-01 9.67458069e-01
    3.87381345e-01 1.09784245e-01 7.83837438e-01 9.81157541e-01
    8.59509408e-02 2.67873168e-01 5.23173451e-01 8.94493937e-01
    1.28335059e-02 6.49917960e-01 1.06390119e-02 6.54927790e-02
    7.15448201e-01 6.43959939e-01 7.40172327e-01 1.77515060e-01
    9.48437810e-01 4.30584848e-02 4.37985480e-01 1.75681025e-01
    3.34450066e-01 2.58783102e-01 4.32332695e-01 2.30883658e-02
    8.10730159e-02 5.09817541e-01 8.14602971e-02 5.71870804e-03
    6.07836366e-01 5.91922164e-01 8.52239728e-01 6.97888315e-01
    7.39147127e-01 8.80637646e-01 8.62515450e-01 2.44370997e-01
    8.17088604e-01 4.19782937e-01 7.02254534e-01 7.66318321e-01
    7.03990042e-01 4.92356926e-01 3.76238376e-01 2.44442195e-01
    7.44940221e-01 7.85261393e-01 5.45942307e-01 2.10058361e-01
    9.06637788e-01 8.62130761e-01 8.01837325e-01 2.27263182e-01
    1.41895115e-01 9.46176946e-01 7.72102773e-01 7.75152326e-01
    9.45039392e-01 8.18460345e-01 7.84088016e-01 2.06642210e-01
    2.12708086e-01 9.18284655e-01 3.40683609e-01 9.08618093e-01
    5.68277955e-01 6.67753696e-01 9.47077632e-01 3.25205266e-01
    7.39763260e-01 9.18923914e-01 5.68457603e-01 1.73098505e-01
    2.30211020e-02 5.87845922e-01 5.63904345e-01 2.10486799e-01
    7.08552599e-01 9.61538553e-02 3.05092216e-01 6.66859508e-01
    2.11672246e-01 5.44025362e-01 4.26515341e-01 8.79308820e-01
    1.15782052e-01 2.74336278e-01 6.17540359e-01 3.65960896e-01
    1.56367958e-01 8.21616828e-01 5.28344750e-01 7.54789472e-01
    5.00228763e-01 9.93700445e-01 1.66973412e-01 4.48197633e-01
    5.81837893e-01 8.56536210e-01 8.84394646e-01 2.48160958e-01
    3.45168948e-01 2.37677425e-01 8.86035740e-01 2.08167136e-02
    3.16041589e-01 1.99457616e-01 3.79390031e-01 3.19267929e-01
    7.62041688e-01 5.53812206e-01 6.78298593e-01 6.25849843e-01
    3.02786052e-01 5.20728052e-01 8.60690594e-01 4.62643057e-01
    3.69750410e-01 5.65139532e-01 5.88153303e-02 4.37533736e-01
    2.57807910e-01 1.32014155e-02 1.30568236e-01 9.24887061e-01
    7.36346066e-01 3.66297573e-01 6.86530530e-01 1.92166328e-01
    1.13370627e-01 8.60877812e-01 6.74356937e-01 4.15531397e-01
    8.76000762e-01 3.06060731e-01 4.82304871e-01 9.21382487e-01
    4.39154208e-02 1.06549025e-01 4.61891025e-01 5.75637639e-01
    6.83714449e-01 5.96025884e-01 8.86459112e-01 1.65618002e-01
    1.85850263e-02 3.08440089e-01 9.77198601e-01 8.21557283e-01
    8.47491324e-02 8.66152763e-01 7.72949100e-01 8.64425182e-01
    6.17042422e-01 1.13182247e-01 5.04744530e-01 1.18812770e-01
    5.47050834e-01 2.47071564e-01 2.65990198e-02 1.91312224e-01
    6.61659062e-01 3.62738788e-01 6.54414415e-01 1.42435014e-01
    4.39389348e-01 7.45751381e-01 3.24122429e-01 8.21924329e-01
    6.02518380e-01 2.43348211e-01 7.86212385e-01 2.62996495e-01
    6.01298809e-02 1.60914063e-01 2.39360154e-01 1.18376821e-01
    5.20963550e-01 1.50783867e-01 9.45917428e-01 2.84740567e-01
    3.19385171e-01 6.50664806e-01 9.45540428e-01 2.77735531e-01
    6.67170286e-01 4.99597669e-01 5.41233659e-01 9.95982707e-01
    2.43821144e-01 2.73890257e-01 9.73638058e-01 6.14196897e-01
    6.17900908e-01 5.46814799e-01 2.45662689e-01 2.06755996e-01
    7.01578915e-01 4.56280112e-02 6.27718925e-01 2.10941643e-01
    8.20640206e-01 7.87878215e-01 8.25835228e-01 5.86844742e-01
    2.29606360e-01 5.23880720e-02 3.77457023e-01 5.28628290e-01
    3.08257937e-02 9.68827844e-01 2.28421986e-01 3.28425765e-01
    6.59342408e-01 7.74918139e-01 1.74807191e-01 4.22493219e-02
    4.45692122e-01 8.37708712e-01 6.62829876e-01 5.43164730e-01
    5.47829390e-01 7.21891403e-01 9.60259557e-01 8.24067235e-01
    3.53393853e-01 3.86808097e-01 9.91189003e-01 7.33874321e-01
    3.16549599e-01 5.03932714e-01 8.13915610e-01 2.17812866e-01
    1.45295709e-01 2.56685615e-02 6.74265206e-01 9.64862943e-01
    2.89154738e-01 1.00957453e-02 1.61784858e-01 4.55131024e-01
    7.89851069e-01 8.29709888e-01 9.07988846e-01 6.86530173e-01
    8.38147581e-01 7.41198897e-01 1.89040005e-02 3.18911374e-01
    9.08457279e-01 9.16855037e-02 4.81812984e-01 4.13413614e-01
    7.08131075e-01 5.09214997e-02 6.72712207e-01 6.01911545e-03
    3.21524739e-01 5.57659686e-01 2.10249692e-01 7.60224462e-01
    6.19968772e-01 8.79129767e-01 5.92914164e-01 3.37166488e-02
    9.96496201e-01 9.61976349e-01 2.50540853e-01 9.10617948e-01
    5.83609819e-01 6.53148890e-01 6.90497100e-01 2.37033188e-01
    5.58002710e-01 9.11196828e-01 4.05205727e-01 5.90462387e-01
    5.91466188e-01 1.10306978e-01 6.58324182e-01 1.81341708e-01
    8.07071567e-01 1.80226386e-01 1.61531657e-01 6.42799377e-01
    5.73929727e-01 8.05415034e-01 8.84782910e-01 5.56922019e-01
    7.59447455e-01 7.27569044e-01 8.97652388e-01 8.56090665e-01
    3.76477361e-01 6.64449632e-02 2.58717954e-01 6.02116764e-01
    9.46764052e-02 4.21235681e-01 1.81722939e-01 9.55030560e-01
    4.70347106e-01 9.90504086e-01 7.11355448e-01 8.04041028e-02
    6.12205982e-01 6.62687123e-02 5.61685443e-01 2.97661424e-01
    6.09519899e-01 6.90608501e-01 6.32625520e-02 1.03868753e-01
    8.50094378e-01 1.17166132e-01 8.81593704e-01 5.63803673e-01
    8.96206975e-01 4.64562297e-01 6.45491779e-01 9.65961218e-02
    6.25539660e-01 4.77003902e-01 9.65374291e-01 2.10691243e-01
    5.64595640e-01 8.71314526e-01 2.80572653e-01 6.78422868e-01
    3.46697509e-01 3.32853109e-01 7.55563080e-02 4.29730505e-01
    2.44915128e-01 4.18416500e-01 1.62062049e-02 2.14756638e-01
    6.08799875e-01 9.33228135e-01 3.11605603e-01 2.44727641e-01
    9.16689575e-01 5.25793433e-03 4.58995610e-01 5.41357636e-01
    5.89042902e-03 1.31836951e-01 2.52739131e-01 8.46017003e-01
    6.17146134e-01 5.33628464e-01 4.91691828e-02 8.01032424e-01
    5.36523581e-01 8.29427242e-02 9.13237214e-01 5.12533486e-02
    1.68658286e-01 4.66076970e-01 8.94343019e-01 2.10238695e-02
    6.62509799e-01 7.17531204e-01 8.99499059e-02 2.90998042e-01
    4.99341398e-01 8.10212672e-01 3.60493541e-01 7.97281802e-01
    1.77464485e-01 5.46942711e-01 4.21751499e-01 7.87346840e-01
    5.58899283e-01 4.04606849e-01 4.96497959e-01 1.98015392e-01
    2.28736103e-01 8.53471458e-01 6.93722069e-02 4.53080803e-01
    1.52482390e-02 7.71637857e-01 4.02264714e-01 4.94282722e-01
    7.49687552e-02 6.32477999e-02 8.00016224e-01 8.61898303e-01
    2.18102008e-01 7.16524661e-01 9.29977298e-01 6.52879953e-01
    1.31293833e-02 4.35824364e-01 5.77979088e-01 9.93883550e-01
    7.93309093e-01 8.18812847e-03 8.60162377e-02 2.12214857e-01
    8.69548678e-01 7.92486489e-01 6.29579246e-01 6.27615035e-01
    1.73850954e-02 4.90746588e-01 8.02325726e-01 4.39390361e-01
    8.37873340e-01 7.87904799e-01 7.91172385e-01 2.08706766e-01
    2.96019018e-02 8.24747443e-01 8.65066648e-02 4.79404837e-01
    5.20466864e-01 9.02360082e-02 9.67800319e-01 1.25513673e-01
    2.46264845e-01 6.50674999e-01 7.31226802e-01 9.88755822e-01
    7.63896883e-01 1.53199494e-01 9.91760254e-01 1.22524202e-02
    3.89181793e-01 3.40448499e-01 2.34559864e-01 9.69611287e-01
    6.41215444e-02 3.70666683e-01 1.54253662e-01 9.94132102e-01
    2.28902698e-01 4.08146977e-01 3.63953680e-01 9.44924951e-01
    4.37463164e-01 5.29512465e-01 4.54091311e-01 5.05460978e-01
    8.39449048e-01 5.30032516e-02 9.24314737e-01 3.40609491e-01
    4.40981388e-01 1.65078491e-01 1.80270314e-01 9.62606668e-01
    8.16309333e-01 4.74698842e-01 5.87415218e-01 6.52329743e-01
    4.06898826e-01 1.34539306e-01 4.94994223e-01 1.13106221e-01
    3.84561211e-01 3.71145010e-01 7.65384614e-01 8.04529905e-01
    7.41680503e-01 6.37102246e-01 3.45986843e-01 4.62165773e-01
    6.57723606e-01 7.77372956e-01 6.94923997e-01 6.78175807e-01
    6.06945276e-01 4.88537818e-01 5.14743388e-01 1.09436512e-01
    6.20896697e-01 8.71982217e-01 9.81837809e-02 9.31922376e-01
    9.91371870e-01 7.34823942e-01 5.81671357e-01 5.38186729e-01
    1.83268219e-01 8.67133379e-01 4.05490309e-01 9.17337537e-01
    7.25328922e-01 3.75886828e-01 6.09740555e-01 1.55783981e-01
    1.47022516e-01 3.00045669e-01 7.43846238e-01 7.49870479e-01
    2.20485359e-01 9.77340698e-01 1.18021578e-01 6.91358745e-01
    6.10309362e-01 8.46851170e-02 9.45547938e-01 6.23625278e-01
    5.90580702e-02 8.67476583e-01 3.84106100e-01 6.67033553e-01
    1.14433467e-01 9.43069160e-02 1.06368959e-01 4.04637516e-01
    9.67237592e-01 3.04044873e-01 3.55504394e-01 7.52075076e-01
    2.53720760e-01 9.20549631e-01 8.54361057e-01 6.98597550e-01
    6.58918023e-01 7.59890556e-01 6.98730350e-03 1.52731240e-02
    8.65540624e-01 2.26533592e-01 8.49322915e-01 7.22626805e-01
    3.87063563e-01 5.55178404e-01 6.33815527e-01 8.22936654e-01
    6.18586898e-01 3.76894683e-01 4.70583379e-01 3.31641465e-01
    4.27028686e-01 1.90457702e-02 9.74285603e-01 9.55081582e-01
    1.60480469e-01 5.40822506e-01 8.57616067e-02 1.09714657e-01
    3.19701731e-01 4.48345363e-01 9.34992909e-01 8.53511095e-01
    3.83264780e-01 1.32684886e-01 1.99015975e-01 4.50122267e-01
    7.78603196e-01 5.61040044e-02 1.31235123e-02 4.08133566e-01
    4.42923695e-01 4.45058495e-01 5.47517061e-01 2.36631125e-01
    4.73934025e-01 7.29418337e-01 6.01821363e-01 2.38949060e-02
    6.19844675e-01 9.86672997e-01 8.06199014e-01 3.95872831e-01
    5.32657266e-01 6.33158803e-01 7.45471120e-01 8.54188800e-01
    7.68772006e-01 6.65844202e-01 4.11890924e-01 9.61796522e-01
    9.58944917e-01 5.14173150e-01 3.10471356e-02 1.03409439e-01
    8.36218715e-01 9.78520393e-01 8.32081378e-01 1.87007815e-01
    8.26471806e-01 3.59968662e-01 3.42483103e-01 4.72960860e-01
    9.13904965e-01 5.57204783e-01 9.14178729e-01 4.05985981e-01
    8.34545135e-01 1.08539075e-01 8.35890293e-01 2.22550124e-01
    1.90970987e-01 1.30880326e-01 7.09625721e-01 6.57174408e-01
    1.27599895e-01 1.52483195e-01 8.48791897e-02 8.23151350e-01
    6.26919091e-01 4.42723364e-01 1.25152230e-01 3.50754440e-01
    7.18184948e-01 7.32219458e-01 7.59511948e-01 6.18424177e-01
    2.61648893e-01 1.62139773e-01 6.07927740e-01 5.95900297e-01
    7.74857402e-01 6.49740458e-01 8.04620862e-01 4.47773099e-01
    7.56270945e-01 9.47026849e-01 5.10840714e-01 2.79760450e-01
    9.14499044e-01 2.49220610e-01 9.32056665e-01 9.02310908e-01
    2.82170773e-02 3.13791901e-01 5.77847362e-01 1.78704023e-01
    4.05898511e-01 1.85013890e-01 2.55982548e-01 5.95698118e-01
    1.51058733e-02 6.26605809e-01 3.39629591e-01 4.38467145e-01
    5.10416687e-01 9.58139420e-01 6.44796491e-01 8.02636743e-02
    2.49592215e-01 6.34549081e-01 8.57481718e-01 7.54989028e-01
    2.27455705e-01 7.68990040e-01 3.12531829e-01 6.52654290e-01
    4.99458760e-01 3.01419020e-01 3.66285950e-01 3.45199406e-01
    6.04482174e-01 8.95760775e-01 2.93954492e-01 2.79099196e-01
    5.92989326e-01 3.50611746e-01 1.65306777e-01 8.42949033e-01
    7.18694687e-01 4.56637979e-01 4.03121024e-01 5.24695992e-01
    8.75181079e-01 2.28629351e-01 5.32825351e-01 3.23975980e-01
    9.75495815e-01 1.42160743e-01 2.44413942e-01 1.11535192e-03
    1.36124015e-01 5.69746375e-01 6.43389881e-01 5.02315044e-01
    9.97902751e-02 5.47840595e-02 6.26748145e-01 8.07210505e-02
    9.87203717e-01 7.76991308e-01 2.94996738e-01 7.25802660e-01
    6.64348900e-02 2.66365051e-01 2.12389559e-01 7.73924112e-01
    1.25865847e-01 2.13231206e-01 9.13989305e-01 4.55723703e-01
    1.55966461e-01 5.26801825e-01 5.48580647e-01 9.30549204e-02
    2.82226741e-01 6.00820005e-01 2.81723678e-01 2.16445714e-01
    7.66349554e-01 5.21649718e-01 8.70412588e-02 2.55919576e-01
    4.19517457e-01 5.40210903e-01 6.27438843e-01 4.96971250e-01
    8.24828982e-01 9.03262138e-01 1.76675111e-01 6.15143299e-01
    7.99246192e-01 6.20141387e-01 4.97762859e-01 4.59929705e-02
    2.10451394e-01 2.52109766e-01 3.61182690e-02 3.20062131e-01
    6.13257468e-01 5.43478787e-01 5.24669051e-01 4.24951017e-01
    8.32262993e-01 3.48135412e-01 6.14057720e-01 6.73383176e-01
    8.21327865e-02 4.19104695e-02 8.74341130e-01 5.43675125e-02
    7.19327927e-01 5.17639160e-01 6.30453408e-01 2.22720563e-01
    6.54762566e-01 9.94051337e-01 4.81402963e-01 8.32862139e-01
    8.03927481e-02 4.09873009e-01 1.83522254e-01 3.99132520e-01
    9.21615005e-01 7.17485189e-01 2.19121933e-01 4.68195438e-01
    6.83715045e-01 8.77038598e-01 8.94744515e-01 4.06388074e-01
    6.43325806e-01 4.74732131e-01 6.45142496e-01 6.85110867e-01
    6.46092892e-01 7.41067529e-02 7.70063519e-01 1.84668005e-02
    9.22880650e-01 4.45104808e-01 4.93514448e-01 2.50242293e-01
    2.66971618e-01 9.29253697e-01 2.31417984e-01 6.95425391e-01
    3.73268127e-03 7.02908397e-01 1.31097168e-01 3.26037824e-01
    3.44582021e-01 5.40770471e-01 7.39087760e-01 9.91932511e-01
    9.15820360e-01 3.35247695e-01 7.91563213e-01 3.14184844e-01
    4.81607914e-02 9.09576714e-01 8.22119236e-01 2.88717747e-01
    6.15763009e-01 3.81199360e-01 9.87700820e-01 7.58006096e-01
    9.83298719e-01 7.11532235e-01 1.98537081e-01 5.08208752e-01
    5.43299556e-01 1.44542038e-01 6.20767295e-01 4.14205194e-01
    4.04228568e-01 7.81857371e-01 3.46520305e-01 5.14902651e-01
    2.38410711e-01 5.12885809e-01 9.21663582e-01 1.73602670e-01
    9.55308378e-02 6.34199858e-01 7.18711674e-01 1.31896138e-03
    6.57553315e-01 7.07107067e-01 5.25865436e-01 6.35643125e-01
    2.20709652e-01 2.07712531e-01 9.70001221e-01 3.51629257e-01
    2.42529422e-01 1.11361146e-02 4.21978056e-01 6.27557576e-01
    4.27043378e-01 4.63091701e-01 3.38704824e-01 6.28289104e-01
    4.14689004e-01 4.32344675e-01 6.11763954e-01 1.42846674e-01
    8.45122814e-01 6.07768416e-01 4.67352569e-01 4.04884875e-01
    5.95959425e-02 4.05713916e-02 5.23378253e-01 2.31424063e-01
    3.15285146e-01 2.94663072e-01 9.39614475e-02 5.26150346e-01
    8.62677336e-01 3.97042274e-01 1.72234476e-01 5.16645074e-01
    9.40668881e-02 6.03849113e-01 1.74334049e-01 3.26905906e-01
    6.26367927e-01 4.18949068e-01 9.49795425e-01 1.57860100e-01
    2.33989924e-01 4.17839289e-02 3.54920805e-01 7.37299621e-02
    7.05507398e-02 5.57661712e-01 2.40547061e-02 2.55190492e-01
    2.12248862e-02 4.22903895e-01 7.74792969e-01 5.19522190e-01
    4.15341824e-01 9.47718322e-01 4.94702220e-01 7.39750266e-03
    2.88964361e-01 3.53162080e-01 4.79957819e-01 1.46100372e-01
    9.76643562e-02 1.41433865e-01 9.73737955e-01 1.06945813e-01
    3.36037099e-01 6.18462682e-01 1.71214342e-02 2.63204813e-01
    2.39444017e-01 8.08401227e-01 1.45272046e-01 5.73081493e-01
    4.72980469e-01 1.15029335e-01 5.17808497e-01 3.59216630e-02
    5.79520881e-01 7.64472961e-01 8.29408169e-01 5.98556757e-01
    2.16812104e-01 6.47740960e-01 7.12267876e-01 3.87670755e-01
    4.40010250e-01 4.05624390e-01 9.74377096e-01 1.19037330e-02
    5.49494445e-01 3.52940500e-01 5.94915152e-01 5.65617323e-01
    5.34147739e-01 1.52061582e-02 8.31167698e-01 5.31303167e-01
    7.86624908e-01 6.47882521e-02 3.84226531e-01 2.05437630e-01
    6.50392175e-02 3.31066489e-01 9.96984124e-01 2.61698842e-01
    8.37161601e-01 8.13279390e-01 2.37473518e-01 5.86209178e-01
    5.34816861e-01 6.80142999e-01 8.92518163e-01 2.79079080e-01
    1.20890379e-01 6.68562114e-01 5.32750785e-02 6.27940178e-01
    5.97865343e-01 8.06508899e-01 1.08418018e-01 9.25020337e-01
    1.15972996e-01 6.12020969e-01 2.28093266e-02 1.82238221e-03
    6.16326928e-01 3.87409806e-01 7.87342429e-01 5.06993651e-01
    6.51413620e-01 4.87165242e-01 2.86745191e-01 6.28910899e-01
    1.98280931e-01 4.35871780e-02 8.73743474e-01 3.81563306e-01
    1.43407285e-01 3.49939138e-01 2.37422347e-01 5.06803334e-01
    5.46440244e-01 1.27756506e-01 4.15839255e-01 6.21282995e-01
    1.53518021e-02 5.44054866e-01 7.58147240e-02 3.98412436e-01
    3.79773915e-01 9.99335051e-01 6.75113916e-01 7.69472480e-01
    8.01332116e-01 8.28722596e-01 9.88145947e-01 6.65250957e-01
    8.51671159e-01 3.18130493e-01 6.30696893e-01 3.92949879e-02
    4.37808841e-01 1.51784092e-01 4.60170805e-02 2.21154094e-03
    2.21373141e-01 2.34106451e-01 5.94373703e-01 5.44654787e-01
    7.20053256e-01 7.35854506e-01 2.89974153e-01 1.30303144e-01
    6.96978331e-01 9.16623414e-01 3.00140679e-01 9.31530833e-01
    1.54714912e-01 3.25546592e-01 7.60770857e-01 1.95391744e-01
    6.24924183e-01 2.59504676e-01 6.69812262e-02 2.68613696e-02
    8.20319116e-01 9.71395731e-01 6.73885226e-01 7.63017297e-01
    4.83797342e-01 6.31777048e-01 9.93646026e-01 9.59994435e-01
    1.95612639e-01 9.55591202e-01 2.11862087e-01 5.95241129e-01
    4.31628466e-01 5.93186557e-01 5.17187953e-01 3.53856772e-01
    8.70929360e-01 4.76215512e-01 7.07150698e-01 5.05338132e-01
    1.03452742e-01 4.82647032e-01 8.27337503e-01 4.66171682e-01
    5.22457063e-01 3.62957954e-01 8.60230923e-02 5.45619905e-01
    5.03614247e-02 8.03541541e-01 2.93711931e-01 8.34475756e-01
    6.99307323e-01 6.63994431e-01 8.11955512e-01 2.16825902e-01
    1.75894916e-01 7.10974455e-01 9.31962729e-01 3.52373719e-03
    8.60889792e-01 6.10315502e-01 9.32087123e-01 3.53313804e-01
    7.74387002e-01 2.90499181e-01 9.85369325e-01 7.48540223e-01
    1.36518002e-01 7.50048280e-01 5.40658593e-01 2.84234166e-01
    5.80105424e-01 6.28559113e-01 3.29558790e-01 8.62348080e-01
    8.30247283e-01 5.69033444e-01 1.38787627e-01 8.77879024e-01
    2.30944902e-01 2.55579531e-01 2.77562797e-01 5.59374690e-01
    6.24438167e-01 6.39567554e-01 8.14308882e-01 8.62538993e-01
    6.50233865e-01 8.10359716e-02 9.57604051e-01 6.03338242e-01
    5.76908529e-01 8.28672051e-01 8.81195068e-03 5.55887640e-01
    9.74088371e-01 9.40857291e-01 3.83626372e-01 4.66330618e-01
    6.65939271e-01 6.87139332e-01 3.39497328e-01 6.35117233e-01
    2.06717908e-01 9.51850295e-01 4.50873077e-02 3.28284562e-01
    3.31357390e-01 4.46700513e-01 5.84739685e-01 7.08163381e-01
    4.18283135e-01 3.89416456e-01 1.00025535e-01 5.15986562e-01
    2.42783934e-01 9.61200595e-01 9.67294276e-01 2.86461473e-01
    8.88537645e-01 4.16445136e-02 9.03532386e-01 3.59616518e-01
    9.91029024e-01 7.47443259e-01 6.44835949e-01 3.38197172e-01
    9.50361490e-01 9.49982047e-01 1.08029187e-01 9.63898063e-01
    3.86403382e-01 2.53301084e-01 7.23139286e-01 7.45537221e-01
    5.31344950e-01 9.10607517e-01 2.49157071e-01 3.75065386e-01
    7.19581723e-01 5.25583267e-01 9.97298598e-01 9.32586432e-01
    2.48490185e-01 6.14640713e-01 3.69311064e-01 3.74734163e-01
    5.33242285e-01 7.66558290e-01 7.28796959e-01 1.47566468e-01
    5.87472320e-01 2.38501310e-01 5.50465763e-01 3.91122907e-01
    1.25432432e-01 2.01481938e-01 5.98011911e-01 9.80363846e-01
    4.65580404e-01 8.86498213e-01 7.74815440e-01 1.59932375e-02
    9.58667159e-01 2.74680078e-01 7.72585869e-02 8.16399693e-01
    8.03593576e-01 9.52757716e-01 3.08631957e-01 9.21464503e-01
    9.73611593e-01 7.29514897e-01 1.76797479e-01 4.44538951e-01
    6.76700950e-01 2.65469849e-01 8.40820193e-01 1.77159786e-01
    7.35023022e-02 8.08278859e-01 8.33724618e-01 8.84807110e-02
    4.30456340e-01 9.80395436e-01 2.26228207e-01 5.39687812e-01
    7.32032835e-01 8.21799278e-01 5.48465073e-01 2.76428759e-01
    5.49246728e-01 4.13805127e-01 4.49439883e-02 5.00289500e-01
    7.06995606e-01 3.54080826e-01 5.28176129e-01 4.35289621e-01
    9.63355660e-01 8.04728448e-01 8.26929927e-01 2.02834696e-01
    8.57341290e-01 6.11647427e-01 6.06391966e-01 7.57044911e-01
    5.54155827e-01 1.46365851e-01 1.55552208e-01 8.87772679e-01
    9.10301447e-01 1.45293385e-01 4.34937119e-01 1.34498775e-01
    1.52142107e-01 3.24899912e-01 4.13423777e-03 3.68079960e-01
    6.25274062e-01 4.75774109e-01 1.33900642e-02 5.58077633e-01
    7.24460483e-01 6.62072539e-01 3.31023991e-01 6.58829808e-02
    6.99496865e-01 6.40922546e-01 4.44521099e-01 4.24661219e-01
    8.97193253e-01 2.02071458e-01 7.07946420e-01 6.86221123e-02
    4.50400651e-01 6.65857732e-01 1.61413252e-01 8.22500110e-01
    8.80075693e-01 5.52670419e-01 3.06629419e-01 3.23482215e-01
    5.95274389e-01 3.72180641e-02 5.47847509e-01 5.63073695e-01
    9.43235278e-01 3.14996362e-01 2.77624190e-01 4.39463437e-01
    5.00409067e-01 8.77981901e-01 9.18839931e-01 6.17117226e-01
    8.50951731e-01 2.25270927e-01 4.50441390e-01 1.76888317e-01
    5.24552822e-01 9.97515559e-01 4.58597690e-01 3.09780389e-01
    7.16712713e-01 8.17535698e-01 8.93465996e-01 4.04661000e-02
    7.25176275e-01 1.97271585e-01 2.55005956e-01 4.81086373e-01
    5.07509589e-01 9.29185987e-01 5.77103078e-01 2.37659812e-02
    6.03041887e-01 6.97917759e-01 9.36815739e-01 3.51268798e-01
    6.99520528e-01 9.37029719e-02 4.53692615e-01 6.39247298e-01
    6.92545533e-01 9.97871161e-01 2.56690353e-01 6.62630200e-01
    5.04440308e-01 4.48576361e-01 9.80396450e-01 6.36116385e-01
    6.11953378e-01 7.62804151e-02 9.27038193e-02 6.99516535e-01
    3.75902146e-01 8.54223967e-03 7.34639764e-01 1.69872552e-01
    3.37139249e-01 9.32269275e-01 9.21936274e-01 6.47554874e-01
    4.08917069e-02 3.57223332e-01 7.51215339e-01 9.84388113e-01
    6.37159169e-01 2.52059847e-01 4.43470657e-01 2.28703558e-01
    5.35788596e-01 5.60861826e-03 5.69952071e-01 1.52311176e-01
    7.75825024e-01 7.20145285e-01 4.74739403e-01 8.37928772e-01
    7.29268789e-03 9.06971812e-01 5.51238537e-01 9.05293643e-01
    1.24951154e-01 3.52549464e-01 8.91311049e-01 6.80949926e-01
    2.81294465e-01 7.16750324e-01 5.75071990e-01 1.61062628e-01
    3.19381326e-01 6.20109618e-01 1.47827536e-01 8.12134862e-01
    5.75265110e-01 6.83542788e-02 1.31445289e-01 3.92594963e-01
    6.06970906e-01 2.87396491e-01 4.74632084e-01 9.07035530e-01
    7.84314930e-01 9.54924107e-01 8.00602913e-01 8.72639060e-01
    7.90998042e-01 1.60662234e-02 4.10238743e-01 1.19716853e-01
    8.40601325e-03 7.35140681e-01 2.79463649e-01 1.81741863e-01
    1.60251200e-01 9.54440236e-01 6.26853883e-01 6.30973518e-01
    9.29562747e-01 6.86020255e-01 7.52667904e-01 4.61861581e-01
    7.64873624e-01 2.92916447e-01 1.70251995e-01 7.37380207e-01
    3.65359247e-01 1.60029799e-01 3.97890210e-02 4.96083617e-01
    5.87372363e-01 1.61907226e-01 6.79696679e-01 7.12382495e-02
    9.63731408e-01 5.33769369e-01 5.72652757e-01 3.41998875e-01
    9.53426719e-01 1.06297463e-01 1.76353961e-01 1.41099393e-01
    6.43056273e-01 2.12705910e-01 1.07365847e-03 9.04366732e-01
    7.52171636e-01 2.06163824e-01 2.98643917e-01 2.67547965e-01
    5.84750533e-01 6.03882492e-01 7.33566403e-01 5.73146939e-02
    5.62449992e-01 4.10063535e-01 5.43547094e-01 1.96827054e-02
    1.44022226e-01 7.21149981e-01 3.97191495e-01 3.07702035e-01
    3.73842776e-01 5.11615038e-01 2.65861928e-01 8.52831364e-01
    4.96929914e-01 9.35675621e-01 5.73562682e-01 3.38040501e-01
    9.62080300e-01 9.78840590e-01 8.72023225e-01 4.33443487e-01
    3.49304318e-01 6.42242193e-01 2.61916578e-01 1.79139555e-01
    2.26555973e-01 6.74848020e-01 7.57169247e-01 3.94372106e-01
    3.76119047e-01 7.45774627e-01 3.45515907e-01 2.42045194e-01
    9.79941607e-01 8.40543747e-01 3.88649523e-01 3.26446891e-02
    6.24436498e-01 4.77745533e-02 3.08296740e-01 7.26872265e-01
    5.05870879e-01 2.17100322e-01 2.45352060e-01 1.59298629e-01
    6.94392025e-02 9.05546844e-01 3.01941574e-01 6.92508221e-01
    3.34289074e-01 9.50666428e-01 4.45594251e-01 9.11003053e-01
    4.83870327e-01 3.92857224e-01 2.89443493e-01 1.58031613e-01
    8.95228624e-01 7.61364579e-01 2.62021363e-01 4.01820511e-01
    5.71338892e-01 3.20345730e-01 7.20556021e-01 6.67876601e-01
    8.41888189e-01 9.75474477e-01 6.06131494e-01 3.46025974e-01
    4.69985664e-01 9.23427105e-01 8.35099638e-01 1.72162682e-01
    3.23623419e-02 8.44895005e-01 5.18510520e-01 4.31324035e-01
    4.52455759e-01 3.70901108e-01 9.37200844e-01 2.01514363e-01
    5.06258368e-01 7.23986566e-01 9.68641281e-01 9.52270806e-01
    7.86384225e-01 1.62301064e-01 9.22495842e-01 7.50772119e-01
    1.29366875e-01 1.88972712e-01 3.83517087e-01 7.83124745e-01
    1.78443015e-01 2.51964331e-01 9.08859491e-01 1.36286944e-01
    3.68357062e-01 1.11842692e-01 4.51580584e-02 2.99010575e-01
    9.50539351e-01 2.14768291e-01 3.44900906e-01 6.08773530e-02
    3.61366987e-01 2.92783678e-01 5.12115538e-01 5.40809274e-01
    1.21327996e-01 8.38695765e-01 1.46780431e-01 7.38666058e-01
    8.33017349e-01 5.15820503e-01 6.69229746e-01 7.97570348e-01
    2.56294966e-01 9.51237082e-01 9.76201296e-01 7.35249043e-01
    4.29020286e-01 6.67451739e-01 1.41782731e-01 7.27186859e-01
    1.71124488e-01 3.28117073e-01 4.40024883e-01 5.91138721e-01
    5.63511133e-01 1.59397870e-01 6.08613729e-01 7.01420426e-01
    7.81834006e-01 9.99528170e-01 6.43542290e-01 5.61123490e-01
    4.07549739e-01 8.64714026e-01 2.28914618e-03 2.76480258e-01
    7.68604517e-01 6.41842425e-01 1.22939944e-02 1.46664977e-01
    6.28630638e-01 1.85949683e-01 4.17032242e-01 9.14402962e-01
    6.66421235e-01 1.51403248e-02 2.96050191e-01 7.31899858e-01
    1.14955455e-01 5.57700038e-01 5.48985243e-01 1.42747730e-01
    3.35374415e-01 7.23940194e-01 4.96707857e-01 9.35094953e-01
    6.46693707e-01 5.95199466e-01 5.05543470e-01 7.55744755e-01
    2.99156100e-01 3.79111886e-01 8.78527761e-01 5.74800849e-01
    1.74261630e-01 1.57211155e-01 1.46474242e-02 9.00549769e-01
    5.50334096e-01 6.82079613e-01 1.42681152e-01 3.15653682e-01
    9.67080951e-01 9.37199354e-01 1.99178845e-01 9.03027892e-01
    6.36539638e-01 5.69816470e-01 9.81086791e-02 3.83436680e-01
    4.33650613e-01 6.97115064e-01 7.92617977e-01 7.68435478e-01
    5.66597700e-01 3.05557698e-01 8.22987318e-01 4.01765168e-01
    4.86651301e-01 2.22250015e-01 1.32356197e-01 6.85189068e-01
    4.88404214e-01 6.73598826e-01 6.13355219e-01 4.73261386e-01
    6.62047148e-01 9.72445548e-01 4.93155479e-01 8.93815696e-01
    4.55196112e-01 1.27267212e-01 1.31199479e-01 8.72601509e-01
    8.41613114e-02 4.88381177e-01 3.01939726e-01 7.93918252e-01
    3.74092102e-01 5.93549550e-01 5.29055357e-01 6.96021795e-01
    2.54278660e-01 1.11559361e-01 2.76770473e-01 1.00420296e-01
    2.12298036e-02 9.43160415e-01 5.87079644e-01 8.51054490e-01
    9.74252760e-01 7.25902557e-01 4.06880826e-01 5.89302182e-03
    4.38469946e-01 5.20724177e-01 4.16089416e-01 3.82090271e-01
    8.94913673e-01 2.94207871e-01 5.76447189e-01 9.17722225e-01
    3.57519507e-01 4.96327996e-01 4.75630462e-02 8.90956044e-01
    4.05087233e-01 6.32318377e-01 7.90092468e-01 3.77685398e-01
    3.65044236e-01 9.00530815e-03 2.15678871e-01 1.52177215e-01
    2.12663889e-01 5.09316742e-01 5.91213822e-01 9.81545150e-02
    9.03921247e-01 7.64942169e-01 4.26734984e-02 3.11345220e-01
    8.09027374e-01 2.13649243e-01 4.86335874e-01 4.10854071e-01
    1.80523366e-01 2.24790841e-01 8.61795306e-01 1.01074666e-01
    3.94549370e-02 8.56676459e-01 3.34874988e-02 4.56777662e-01
    7.57971823e-01 6.75293803e-03 8.23693991e-01 4.10988629e-01
    2.29701996e-02 2.43427664e-01 7.09905624e-02 5.25385082e-01
    2.02967197e-01 9.92103457e-01 1.01015449e-01 5.35012305e-01
    7.11982250e-01 4.19575959e-01 8.84270191e-01 9.47730541e-01
    1.59508884e-02 5.07181048e-01 2.52932191e-01 1.10295951e-01
    7.35102773e-01 3.28807831e-01 8.44270706e-01 6.37164712e-01
    9.91365671e-01 4.23527211e-01 8.93742681e-01 9.50461626e-01
    4.66382921e-01 9.12258267e-01 7.57781982e-01 6.55463040e-02
    5.77913463e-01 1.40210658e-01 8.15779507e-01 9.90543842e-01
    4.74056095e-01 3.13208878e-01 4.25602078e-01 3.45551074e-02
    6.51715338e-01 7.71437049e-01 5.97400188e-01 8.74759793e-01
    9.48675394e-01 4.90887046e-01 9.70039964e-02 5.32904506e-01
    2.25707740e-01 4.43810523e-01 8.05072069e-01 8.24977934e-01
    9.02938485e-01 4.40258741e-01 6.56252623e-01 9.61087584e-01
    5.21560252e-01 7.57376552e-02 4.65640128e-01 1.98287636e-01
    4.37991440e-01 1.16320968e-01 7.19434440e-01 1.68403685e-02
    7.79900908e-01 4.91934240e-01 4.37575877e-02 1.87247992e-03
    2.18278170e-02 5.83029926e-01 2.95464188e-01 5.30408204e-01
    2.04696298e-01 2.55298257e-01 3.80314618e-01 9.18156922e-01
    7.96927154e-01 1.24461949e-02 3.76641124e-01 7.54304647e-01
    4.27844077e-01 5.74666142e-01 4.21879709e-01 3.83565813e-01
    6.38018072e-01 6.89280808e-01 6.56654477e-01 3.10984671e-01
    2.47630835e-01 4.41284478e-02 7.27128088e-01 1.18291944e-01
    4.93333548e-01 8.95282328e-02 1.80277079e-01 2.34102428e-01
    8.34492743e-02 1.03426516e-01 3.40664268e-01 8.92423630e-01
    1.89842254e-01 3.09183061e-01 1.73108071e-01 9.67104912e-01
    8.81257117e-01 6.20341003e-01 7.68635869e-02 5.45359552e-01
    1.40261382e-01 8.90381753e-01 4.89354312e-01 3.94246072e-01
    1.62037075e-01 2.64566779e-01 5.45120835e-01 5.45931041e-01
    4.49725151e-01 4.46925640e-01 1.14124000e-01 7.11559951e-01
    7.92149305e-01 6.82897210e-01 8.92954230e-01 3.82378697e-02
    2.93579102e-01 9.12339926e-01 6.83876634e-01 5.13245761e-02
    4.11554486e-01 6.68806374e-01 5.06148756e-01 2.54218400e-01
    6.90331638e-01 4.67846751e-01 1.34792149e-01 8.04182410e-01
    1.36986047e-01 8.80407691e-01 7.65243173e-02 2.19439387e-01
    1.37120426e-01 7.49412477e-01 8.54543984e-01 1.29456133e-01
    6.56083226e-01 9.05817568e-01 7.38418102e-03 3.49923551e-01
    5.06898046e-01 5.27124107e-01 5.65802455e-01 8.28255475e-01
    6.39683306e-01 5.55299044e-01 6.72518015e-01 1.93822742e-01
    2.24824578e-01 2.30414480e-01 4.88535434e-01 6.69375479e-01
    5.29983044e-01 1.26512229e-01 9.84501541e-02 1.18346781e-01
    5.28848648e-01 6.32035255e-01 8.41739774e-01 1.60086900e-01
    2.22108483e-01 2.41750240e-01 2.82932639e-01 2.53093481e-01
    7.61130691e-01 4.07837629e-02 5.67695498e-02 5.39892077e-01
    4.42367822e-01 9.23720002e-01 2.69857049e-02 3.32738757e-02
    7.20538259e-01 2.09541917e-01 4.30171907e-01 8.62674057e-01
    3.78862321e-01 4.47973609e-03 8.58858824e-02 8.88984203e-02
    8.91919971e-01 2.63784349e-01 4.90939468e-01 2.92269528e-01
    9.47404385e-01 3.62466931e-01 5.74973106e-01 2.83799231e-01
    6.58245981e-01 8.22971821e-01 9.35844421e-01 1.10334396e-01
    6.48963690e-01 2.48499990e-01 1.61472142e-01 2.12048888e-02
    9.28114533e-01 8.56493115e-01 5.50553501e-02 1.52174860e-01
    2.44889885e-01 7.79189169e-02 3.04423988e-01 2.04810828e-01
    5.26979864e-02 1.07876867e-01 1.25979990e-01 1.83770210e-01
    4.92270857e-01 5.12565732e-01 3.16520452e-01 7.25304961e-01
    8.63059282e-01 7.85208106e-01 9.69201744e-01 7.29666889e-01
    1.07603878e-01 1.47383124e-01 2.02136487e-01 2.38324076e-01
    1.65026575e-01 2.28308290e-01 1.51644468e-01 6.77481413e-01
    3.01233083e-01 5.57849050e-01 5.31393409e-01 7.57559776e-01
    9.02121186e-01 6.98775232e-01 5.43758631e-01 7.47516215e-01
    3.39872539e-02 7.27204800e-01 7.76049256e-01 2.84323215e-01
    9.69110489e-01 2.19976872e-01 5.07913828e-01 2.03405797e-01
    5.20727217e-01 6.33632362e-01 9.86309171e-01 4.58471775e-02
    4.37467963e-01 5.88525414e-01 6.88690662e-01 5.57083130e-01
    5.72304010e-01 2.35608935e-01 7.34684765e-02 8.34332228e-01
    6.16368413e-01 1.97993815e-01 1.35270089e-01 3.87549460e-01
    3.99391353e-01 3.74979854e-01 1.28180981e-01 5.97284794e-01
    4.07918870e-01 8.64429533e-01 4.43369150e-04 6.63602233e-01
    4.36664581e-01 6.34060562e-01 1.86732978e-01 6.54067874e-01
    1.19933754e-01 7.63847828e-01 6.84550285e-01 2.45805025e-01
    1.33202970e-02 9.06468272e-01 2.10949391e-01 6.13372386e-01
    4.54648077e-01 3.72586280e-01 3.79679769e-01 9.13197517e-01
    4.91991162e-01 5.97193837e-02 3.41555178e-01 8.62702727e-01
    5.73950291e-01 7.14249730e-01 2.58186758e-02 6.67683005e-01
    9.73535240e-01 8.19603562e-01 1.21909052e-01 2.19838649e-01
    2.48189151e-01 5.13723016e-01 6.71372950e-01 9.58255410e-01
    9.38963652e-01 2.37721235e-01 4.82449472e-01 3.33448708e-01
    3.68203282e-01 3.61089945e-01 3.00296724e-01 7.76039362e-01
    4.00518268e-01 8.50064278e-01 4.24889922e-01 5.05540073e-02
    7.58011103e-01 9.01627779e-01 3.59749317e-01 3.50218832e-01
    7.56807923e-01 4.03744280e-02 7.44600177e-01 5.48135161e-01
    8.90424848e-03 5.17771721e-01 7.98020482e-01 5.07320523e-01
    6.49201751e-01 8.11964929e-01 3.53680789e-01 8.30571890e-01
    7.74678111e-01 8.08995068e-02 6.69141710e-02 8.76122355e-01
    1.38690233e-01 1.65194601e-01 7.95644879e-01 6.48164809e-01
    1.76186621e-01 4.83996511e-01 7.69825935e-01 5.17771840e-01
    2.42421001e-01 1.73825920e-01 3.58069330e-01 4.42907989e-01
    3.04683566e-01 4.82027024e-01 4.66567069e-01 8.92516971e-03
    1.96602881e-01 3.16268176e-01 6.61619306e-02 6.90412581e-01
    7.18065143e-01 6.15868688e-01 4.40800786e-02 4.25329775e-01
    8.31882954e-01 3.99912775e-01 8.83716583e-01 4.80572015e-01
    1.71171427e-02 2.10416108e-01 3.35845351e-03 7.06039906e-01
    8.00446630e-01 4.98579770e-01 5.91008484e-01 9.36552465e-01
    8.48338842e-01 8.97594690e-02 6.84706688e-01 3.72133702e-01
    2.34767735e-01 2.81061947e-01 8.60295832e-01 5.23572743e-01
    2.31871188e-01 8.14975798e-01 8.29642475e-01 5.88975906e-01
    6.17401600e-01 3.08612347e-01 7.36644864e-02 3.35752904e-01
    4.31005329e-01 7.86388159e-01 9.38183129e-01 9.82847691e-01
    2.02247620e-01 6.49385810e-01 9.36565757e-01 3.96072179e-01
    5.90853095e-01 9.97223735e-01 6.44655645e-01 9.98682201e-01
    5.84340513e-01 1.87724233e-01 8.54485154e-01 7.11479783e-01
    1.46964341e-01 3.27212602e-01 7.70975947e-01 9.33840632e-01
    5.60017526e-01 5.33663034e-01 3.32105845e-01 3.11639905e-03
    4.20072466e-01 9.87833381e-01 4.71911132e-02 8.27395916e-01
    3.93273652e-01 4.25817311e-01 6.23141825e-02 7.20622659e-01
    1.22219145e-01 8.94347429e-01 3.77747029e-01 9.13636208e-01
    9.85134721e-01 9.91639674e-01 9.42427099e-01 6.67495370e-01
    2.80821562e-01 5.37676752e-01 7.79392719e-02 1.74387515e-01
    8.29064012e-01 1.42618716e-01 5.14608383e-01 5.22114038e-01
    1.98413938e-01 9.85981703e-01 1.56986177e-01 4.90054518e-01
    8.76641631e-01 5.97308338e-01 6.01225853e-01 9.26493764e-01
    5.14426768e-01 9.82001066e-01 4.12033319e-01 3.75701189e-02
    6.96138501e-01 4.94680971e-01 2.19720632e-01 2.59655446e-01
    5.97801805e-01 8.61869514e-01 1.58938706e-01 2.01202840e-01
    8.87806535e-01 7.18660772e-01 6.44819736e-02 6.05857790e-01
    1.87403262e-01 1.28931671e-01 3.31712484e-01 6.00897193e-01
    1.90789402e-01 4.11502928e-01 2.91305721e-01 6.84555769e-02
    4.17794794e-01 8.99330616e-01 4.90528554e-01 6.76334977e-01
    4.96760041e-01 1.81218863e-01 3.45399976e-03 6.49053216e-01
    2.89777756e-01 4.01082098e-01 1.73746377e-01 3.25360715e-01
    1.38614357e-01 7.92715311e-01 6.59944952e-01 7.87147880e-02
    3.39174867e-02 1.34576827e-01 7.89322257e-01 7.35984683e-01
    2.50194073e-01 3.69374871e-01 2.93084145e-01 6.67568207e-01
    9.51866031e-01 4.02779639e-01 7.26352274e-01 6.64729774e-02
    1.82975680e-01 3.76510084e-01 1.37259960e-02 7.21146584e-01
    2.77153432e-01 1.28828168e-01 9.66860652e-01 6.12083495e-01
    7.49489665e-03 3.54702711e-01 7.80695140e-01 3.38771701e-01
    1.89204812e-02 8.15403044e-01 5.45718551e-01 9.98782396e-01
    5.93219876e-01 4.22452211e-01 2.82528549e-01 7.91123033e-01
    3.07378590e-01 5.50787389e-01 2.01201051e-01 2.03033477e-01
    4.47418094e-02 8.54090154e-02 4.37622428e-01 7.19785929e-01
    8.80859971e-01 7.40035951e-01 1.32012159e-01 2.24745482e-01
    5.69070637e-01 1.17686570e-01 6.32407784e-01 7.31805027e-01
    9.57203507e-01 6.95092380e-01 7.96174526e-01 8.03704262e-01
    5.86156666e-01 7.96518385e-01 5.87362647e-01 2.43045002e-01
    6.29679680e-01 7.62086391e-01 8.02146435e-01 8.16594481e-01
    4.66911852e-01 8.16267252e-01 8.26858044e-01 3.63511711e-01
    9.96738672e-01 7.77042031e-01 7.13241220e-01 7.98434913e-02
    6.13443494e-01 2.70719528e-02 1.67794824e-02 7.55405188e-01
    3.43503475e-01 3.93858731e-01 8.99164796e-01 5.05831122e-01
    5.19696176e-02 9.71258521e-01 9.38164413e-01 6.56422615e-01
    6.11275315e-01 9.43374634e-03 2.63027847e-02 8.78328562e-01
    4.37390059e-01 3.52147043e-01 8.84371340e-01 4.62983161e-01
    7.10507810e-01 2.86450118e-01 1.37670606e-01 7.88279474e-01
    7.99253404e-01 5.65203071e-01 7.53980756e-01 3.31256688e-02
    3.91040295e-01 1.72066301e-01 3.45651269e-01 2.67130166e-01
    6.81933999e-01 4.87267733e-01 4.14622426e-02 2.17296332e-01
    7.35532045e-02 6.36287451e-01 5.11574447e-01 5.27910590e-02
    1.31353825e-01 3.97399664e-01 6.77139819e-01 3.04173291e-01
    8.55171680e-02 5.44449627e-01 5.91576695e-02 5.98494768e-01
    7.78357506e-01 4.55856442e-01 8.34378004e-01 5.98025560e-01
    6.28074169e-01 3.81361008e-01 7.75516868e-01 4.63193744e-01
    9.10106182e-01 8.84534180e-01 2.48833776e-01 5.51756859e-01
    8.65166426e-01 1.56319737e-01 5.98943233e-01 5.50182581e-01
    8.06534290e-03 5.72349429e-02 4.72626001e-01 5.32697201e-01
    6.06921911e-01 8.95313025e-01 7.44993389e-02 4.07604307e-01
    8.33578229e-01 2.52371192e-01 7.57555723e-01 3.34158480e-01
    2.68333018e-01 7.65636921e-01 5.62441647e-02 7.88050294e-01
    9.63726640e-03 6.75832033e-01 2.89492071e-01 7.18348444e-01
    5.31628728e-03 2.78914213e-01 1.73907369e-01 8.96389842e-01
    7.94400156e-01 8.35356414e-01 5.15922070e-01 8.03007722e-01
    1.34003758e-02 1.36355609e-01 4.37440217e-01 3.85230601e-01
    6.26544952e-01 7.70740867e-01 2.81727314e-02 5.96275032e-02
    7.82764554e-01 1.64259911e-01 9.66999292e-01 8.44131708e-01
    2.36134231e-02 4.18565542e-01 3.01217526e-01 6.21979952e-01
    9.95665789e-04 8.65632296e-03 1.31109655e-02 7.85699785e-01
    2.74964631e-01 4.57491010e-01 7.83948898e-01 5.54940224e-01
    4.68106151e-01 2.18255639e-01 1.42781615e-01 9.01218176e-01
    6.44446731e-01 5.60978055e-01 9.95596945e-02 7.98284888e-01
    6.26145720e-01 3.47158492e-01 3.19532931e-01 3.09920609e-01
    3.75370026e-01 5.00134647e-01 4.13263500e-01 8.89192581e-01
    3.05555850e-01 5.81858277e-01 3.97776783e-01 8.33089471e-01
    8.20217490e-01 9.51470852e-01 3.55175376e-01 4.78682995e-01
    7.68716216e-01 1.78732246e-01 4.97492403e-01 5.18548191e-02
    9.85159039e-01 8.77957165e-01 9.94907260e-01 1.65697932e-03
    9.39730525e-01 2.52009332e-02 4.95151132e-01 7.67254591e-01
    4.88958299e-01 5.08776307e-03 6.17231369e-01 7.32033134e-01
    8.59802961e-01 7.30072916e-01 2.02022821e-01 8.95246506e-01
    2.96825171e-01 8.85894060e-01 5.83737850e-01 6.93281412e-01
    2.77045071e-02 7.10386872e-01 1.40765846e-01 5.64862132e-01
    1.52145296e-01 7.75781155e-01 1.49618626e-01 4.27085072e-01
    4.65503037e-02 9.48190928e-01 6.12841964e-01 6.42789483e-01
    1.16453469e-01 3.12919736e-01 1.00555271e-01 3.02152693e-01
    5.96241236e-01 5.68104625e-01 5.40906668e-01 6.42963648e-02
    5.91790080e-02 3.81783485e-01 3.68312955e-01 2.74979562e-01
    3.52336466e-01 6.76027119e-01 9.71634269e-01 2.04034746e-02
    9.34846401e-01 1.89583004e-01 1.21311367e-01 5.97349048e-01
    9.52010393e-01 2.72838145e-01 2.45021313e-01 1.31592333e-01
    2.82896698e-01 9.62943673e-01 6.37386858e-01 9.62440014e-01
    2.04370499e-01 5.07764280e-01 2.19957024e-01 9.32772160e-02
    4.67509508e-01 1.22395009e-01 8.42172801e-02 5.13123870e-02
    2.54068851e-01 1.91441268e-01 8.24525356e-01 4.28417981e-01
    2.20648915e-01 6.07121646e-01 7.13545084e-02 3.01750362e-01
    2.10879743e-02 2.34921813e-01 8.15116286e-01 4.40177262e-01
    4.29547608e-01 9.13504004e-01 2.74849951e-01 4.93633687e-01
    2.66796231e-01 8.01644623e-01 7.18474507e-01 7.32888818e-01
    1.49579704e-01 1.54358417e-01 6.72923148e-01 4.69811618e-01
    6.90836906e-01 4.71459776e-01 4.45774913e-01 5.67560792e-02
    3.07675123e-01 3.10640097e-01 3.54164004e-01 1.93364590e-01
    3.23138535e-02 9.84572947e-01 2.78503358e-01 8.08440208e-01
    9.36435342e-01 2.13935316e-01 7.48993993e-01 6.17699921e-01
    4.23144579e-01 6.36968195e-01 8.06127667e-01 6.43998563e-01
    2.15558231e-01 1.01349920e-01 2.18586326e-01 6.21283054e-01
    5.61544538e-01 9.23023105e-01 3.30324948e-01 1.33339494e-01
    5.30453622e-01 3.27453434e-01 1.97709411e-01 1.36798739e-01
    7.12274313e-02 5.27255356e-01 2.78612256e-01 6.96840584e-02
    6.37358069e-01 7.43291020e-01 4.83958662e-01 5.13894558e-01
    8.04649293e-02 2.21388191e-01 1.06051564e-02 8.27954650e-01
    8.66332948e-01 7.60530829e-01 7.95631766e-01 4.51555610e-01
    1.51047438e-01 6.23203516e-02 7.47509003e-01 3.55612636e-02
    4.45522368e-01 9.85390246e-01 2.61118233e-01 3.31906021e-01
    9.76286709e-01 9.78865385e-01 8.28899741e-01 2.83189118e-01
    2.50373781e-02 4.91030037e-01 6.90842688e-01 7.53315330e-01
    5.30392587e-01 5.96487999e-01 8.14094901e-01 7.10962892e-01
    4.85857874e-01 3.77163351e-01 6.63521111e-01 7.81334698e-01
    2.55824894e-01 8.94763827e-01 8.79252791e-01 5.81591427e-01
    7.33501971e-01 5.26144207e-01 8.57740283e-01 2.46738374e-01
    2.76016831e-01 3.31281126e-01 4.93945181e-01 8.19879174e-01
    5.49251735e-01 9.23315763e-01 5.08355379e-01 8.72493267e-01
    9.23747659e-01 2.99835980e-01 2.71364987e-01 5.68661809e-01
    5.39606929e-01 3.69656801e-01 2.29747444e-01 7.48138726e-02
    8.57457221e-01 8.10624480e-01 3.75518262e-01 9.60923314e-01
    9.16350782e-02 2.70868361e-01 1.09540403e-01 8.09940696e-02
    7.01439440e-01 6.19569898e-01 6.08764708e-01 2.40855932e-01
    7.81600177e-02 4.07690614e-01 3.53405178e-02 8.08842301e-01
    2.53046155e-01 7.61616111e-01 9.88488555e-01 2.89767504e-01
    1.73134834e-01 6.38382435e-01 1.54278189e-01 3.85446578e-01
    1.84491396e-01 5.50655484e-01 5.56872070e-01 3.37488651e-01
    6.16447031e-01 4.31847572e-03 7.84433424e-01 4.09064919e-01
    5.06336331e-01 9.10339713e-01 9.48440194e-01 5.05140185e-01
    2.56661355e-01 1.17345154e-01 8.66516113e-01 9.31218743e-01
    7.92765498e-01 5.45195937e-01 4.63015258e-01 6.87262893e-01
    8.22825253e-01 1.05374396e-01 5.98213971e-02 5.28562784e-01
    3.04794610e-01 4.59463626e-01 9.95735049e-01 4.23119366e-01
    8.43363345e-01 1.64339513e-01 5.51449120e-01 8.85318756e-01
    1.23203933e-01 1.65671617e-01 6.36384726e-01 1.77400500e-01
    6.78503096e-01 9.46893215e-01 6.81740344e-02 8.26585889e-01
    9.16372895e-01 4.09707636e-01 4.67114210e-01 8.00303400e-01
    3.67011100e-01 8.58551621e-01 4.57601756e-01 5.21021605e-01
    5.25174141e-01 1.56086564e-01 1.83709562e-01 8.55957806e-01
    2.24923581e-01 1.14064246e-01 5.44179499e-01 6.38973475e-01
    1.61946505e-01 8.40842366e-01 7.89471209e-01 9.11124349e-01
    9.96935606e-01 9.11690593e-01 7.79742360e-01 4.58598584e-01
    2.66595185e-02 8.66888285e-01 1.26943439e-01 6.92997873e-01
    9.06944513e-01 6.93308592e-01 4.60299909e-01 9.04657245e-02
    9.66347575e-01 1.89330548e-01 1.16860807e-01 3.39977980e-01
    2.24133015e-01 7.78454006e-01 6.57768965e-01 3.85656416e-01
    3.22398841e-02 8.31377387e-01 2.11109519e-02 9.58630204e-01
    3.42608213e-01 6.55186057e-01 6.79375052e-01 7.46394813e-01
    7.27666914e-01 9.38877583e-01 3.78356993e-01 7.32058525e-01
    8.05717885e-01 5.72530270e-01 4.46399301e-01 1.23621374e-01
    5.66875815e-01 1.88742757e-01 6.39607310e-02 1.80902213e-01
    8.16981316e-01 7.02251136e-01 9.75436270e-01 6.33472860e-01
    2.61653692e-01 3.49859208e-01 3.99475098e-02 5.46294153e-01
    2.80458838e-01 4.09480363e-01 6.11590266e-01 6.28082633e-01
    9.88425612e-02 2.28166103e-01 1.22322172e-01 3.39418828e-01
    3.24774563e-01 8.36557150e-01 8.54588866e-01 9.31710839e-01
    7.66205549e-01 7.91680336e-01 2.47571260e-01 2.73369491e-01
    5.63172519e-01 2.67336547e-01 2.54678428e-01 7.79379368e-01
    5.45848608e-01 1.80659384e-01 2.71102488e-01 4.55733001e-01
    4.62418556e-01 4.01898146e-01 5.14066100e-01 6.22239411e-02
    3.86522114e-01 2.76249737e-01 6.79741383e-01 3.97311151e-01
    5.45160890e-01 6.37226701e-01 4.58083451e-01 5.67527652e-01
    1.97183877e-01 2.33009160e-02 9.63768482e-01 7.70785570e-01
    8.53607535e-01 2.11591065e-01 7.58363724e-01 1.33701652e-01
    9.98960495e-01 9.10845160e-01 6.31066799e-01 4.65131491e-01
    3.75862032e-01 7.78383613e-01 9.60146844e-01 1.71997368e-01
    6.33228660e-01 6.52658105e-01 1.73972815e-01 4.61511463e-01
    8.93930793e-01 4.57516015e-01 1.01036936e-01 8.22626412e-01
    4.07606155e-01 4.46115613e-01 6.99166894e-01 1.42742008e-01
    8.03115368e-01 7.37913072e-01 9.33520079e-01 5.91939986e-02
    3.76202494e-01 6.14125252e-01 9.60474849e-01 3.70838642e-02
    4.18739498e-01 7.38729894e-01 1.03969663e-01 8.52396250e-01
    7.03891695e-01 3.60076904e-01 8.14335823e-01 1.48902416e-01
    7.59341955e-01 2.17854500e-01 8.60743284e-01 5.96153915e-01
    3.27220261e-02 8.51506114e-01 6.65317178e-01 6.59543991e-01
    2.28390187e-01 1.72852933e-01 8.04389238e-01 1.56489909e-01
    2.70488262e-01 7.39984453e-01 5.49535692e-01 7.36055911e-01
    1.43191010e-01 8.04167271e-01 4.66784358e-01 7.84853101e-01
    4.89026487e-01 7.96374321e-01 7.89708257e-01 2.57171363e-01
    8.75110328e-01 7.55944192e-01 2.03645945e-01 2.98801661e-02
    2.80435383e-01 5.07101238e-01 9.69696820e-01 2.47191936e-01
    3.22593451e-01 9.87182379e-01 6.40170753e-01 7.14342713e-01
    5.62957227e-02 5.82826614e-01 2.05261916e-01 5.30832291e-01
    3.72037590e-02 8.46181989e-01 3.54057163e-01 7.28037238e-01
    2.02598274e-02 1.51018888e-01 4.94880676e-01 1.09183311e-01
    6.86226487e-01 9.41524267e-01 5.94077051e-01 8.68447185e-01
    9.31139350e-01 1.03950799e-01 8.83986712e-01 7.63906181e-01
    9.80805755e-01 9.57892835e-02 6.99648976e-01 7.07207322e-01
    7.94641495e-01 7.46829867e-01 9.22387004e-01 1.29698128e-01
    7.55104303e-01 8.22132528e-02 1.45598829e-01 8.76583338e-01
    9.81156468e-01 1.13342971e-01 6.16807520e-01 5.11771977e-01
    4.48684067e-01 8.92868996e-01 4.60799307e-01 3.28052223e-01
    6.29552305e-01 6.83759511e-01 8.12602639e-02 1.23281896e-01
    8.58246088e-01 1.19995803e-01 3.23600829e-01 2.70440876e-02
    1.92371875e-01 7.80603290e-03 2.32977122e-01 5.94024479e-01
    2.50022054e-01 1.27638102e-01 7.16041863e-01 3.32875371e-01
    5.21162271e-01 1.15338504e-01 4.95810866e-01 6.82210088e-01
    3.98572266e-01 8.28338623e-01 5.24387240e-01 7.85981297e-01
    4.47936445e-01 8.43360186e-01 3.67501944e-01 2.29360938e-01
    8.12767565e-01 2.24643290e-01 1.63402617e-01 4.27046895e-01
    6.82251275e-01 9.12114799e-01 4.35533702e-01 8.84327769e-01
    6.32791460e-01 4.61146951e-01 4.87832725e-02 5.52494645e-01
    3.45751882e-01 9.26999569e-01 6.22125387e-01 2.46465921e-01
    8.21277559e-01 2.46243387e-01 1.56630725e-01 2.97556818e-02
    8.09044123e-01 3.38557065e-01 7.56709874e-01 4.47019160e-01
    3.60249668e-01 2.78519362e-01 1.08247876e-01 5.32459795e-01
    7.66445875e-01 3.23116332e-01 4.53195751e-01 1.60494000e-01
    7.46990681e-01 6.52476907e-01 5.67196131e-01 2.39822894e-01
    3.38600636e-01 2.94137061e-01 9.40175414e-01 9.43091869e-01
    9.71409082e-01 1.67607546e-01 2.12627321e-01 8.30612659e-01
    2.06997722e-01 8.55382085e-01 1.80903405e-01 2.96276748e-01
    3.40611815e-01 4.90559310e-01 5.97205937e-01 7.22375631e-01
    9.43894506e-01 7.94696271e-01 1.32972687e-01 4.30444598e-01
    8.52353215e-01 4.03862298e-02 5.60875356e-01 3.76295507e-01
    9.44876373e-02 7.71009922e-03 9.22027647e-01 4.18251961e-01
    9.87391770e-02 5.84158659e-01 6.59634829e-01 2.87678212e-01
    7.48396218e-02 9.09586251e-02 4.35040772e-01 1.80317432e-01
    4.10361320e-01 6.01073802e-01 9.84476030e-01 8.28017116e-01
    3.86890411e-01 4.55130965e-01 3.44156623e-02 4.31346893e-02
    7.18911946e-01 2.59708047e-01 9.26369548e-01 6.88641191e-01
    3.14680189e-01 1.84902191e-01 1.24869376e-01 2.11169362e-01
    1.55709773e-01 7.36604095e-01 6.86011910e-01 6.26976550e-01
    3.03752184e-01 7.38069832e-01 2.24377424e-01 4.40273285e-02
    7.32266486e-01 1.32977247e-01 5.23664832e-01 1.63528025e-02
    4.83596623e-01 5.23962677e-01 3.66493076e-01 9.57978427e-01
    6.31365836e-01 9.25313771e-01 1.01147354e-01 3.29186976e-01
    3.34215730e-01 8.88818264e-01 1.73523366e-01 6.56891108e-01
    5.58295608e-01 9.93253171e-01 5.59677124e-01 3.03995907e-01
    3.09876144e-01 1.10600889e-02 4.86789912e-01 9.21270549e-01
    5.61613500e-01 3.59761268e-01 9.08894897e-01 8.28302085e-01
    4.78338301e-01 8.42803478e-01 6.42796695e-01 1.81192100e-01
    6.19546771e-02 1.13949716e-01 2.50477552e-01 1.94366962e-01
    3.91011477e-01 7.00936317e-01 3.73207897e-01 5.27308345e-01
    6.02750063e-01 2.79697597e-01 7.21823692e-01 9.05665755e-02
    7.60382712e-02 9.64476109e-01 2.09726602e-01 8.71378183e-01
    1.71639025e-02 5.01037121e-01 5.11614203e-01 2.89467633e-01
    2.20092893e-01 8.41534019e-01 2.82761157e-02 6.60324097e-01
    2.21752822e-02 6.05077088e-01 4.42493498e-01 8.21743369e-01
    3.47346276e-01 2.25259721e-01 2.91221678e-01 9.11587477e-03
    2.37321049e-01 3.71661127e-01 6.95238709e-01 4.01383817e-01
    3.67894530e-01 4.67846096e-01 9.48386431e-01 6.75801456e-01
    5.46631515e-02 8.27793837e-01 7.47723401e-01 2.57496417e-01
    9.67718780e-01 3.52135718e-01 1.71999902e-01 7.49873281e-01
    4.27859873e-01 6.39926910e-01 7.04566181e-01 8.34572911e-02
    1.34388596e-01 5.36149561e-01 2.28128076e-01 9.38479185e-01
    5.40961683e-01 8.75997365e-01 3.12206119e-01 9.91628647e-01
    4.86964881e-01 6.55289531e-01 1.13819897e-01 8.13437760e-01
    5.46902001e-01 8.63708258e-01 8.01695585e-02 9.18260098e-01
    9.57985997e-01 3.96267980e-01 6.31212711e-01 6.19237423e-01
    8.55740964e-01 1.94841951e-01 4.44749117e-01 6.57793522e-01
    1.97769940e-01 7.16278076e-01 2.96638608e-01 9.51731384e-01
    6.12615883e-01 8.45983028e-01 1.36125505e-01 2.46042520e-01
    3.66318971e-01 2.53339350e-01 3.02657872e-01 8.35764647e-01
    2.19262928e-01 2.62825608e-01 3.52362633e-01 3.31202924e-01
    9.52525735e-01 7.20447719e-01 7.79704452e-01 7.62098849e-01
    6.06885433e-01 5.79521418e-01 6.70393527e-01 1.35662735e-01
    7.30042994e-01 5.97798347e-01 6.87050581e-01 4.18637097e-02
    3.95205468e-01 1.47350281e-01 9.90794539e-01 8.86291623e-01
    5.38218141e-01 9.07918811e-01 6.82681262e-01 5.10469913e-01
    4.62281585e-01 5.22002161e-01 8.18445086e-01 4.69511360e-01
    2.79004753e-01 3.12697649e-01 4.41379845e-02 4.05683398e-01
    2.37556100e-01 1.86403573e-01 3.96200418e-01 8.59373331e-01
    8.50846469e-01 1.58869982e-01 8.83684397e-01 1.12848699e-01
    3.17335159e-01 6.03037894e-01 3.03384066e-02 4.06126440e-01
    2.46593148e-01 9.50049758e-02 5.74895203e-01 6.76283240e-02
    1.84806645e-01 6.73900247e-02 4.57249463e-01 9.49551880e-01
    5.11391699e-01 3.82775098e-01 7.86026478e-01 5.76560557e-01
    9.13998127e-01 8.14975500e-01 3.77691686e-02 6.31220043e-01
    2.08191365e-01 8.06071639e-01 5.07817447e-01 3.34623873e-01
    1.45372242e-01 7.92509317e-01 1.80654854e-01 8.73345077e-01
    2.20058441e-01 5.03371358e-01 3.50812554e-01 8.64521742e-01
    4.42855269e-01 7.59591579e-01 6.89158261e-01 9.73284602e-01
    1.46070510e-01 8.92028630e-01 3.35677981e-01 9.23243403e-01
    4.36942965e-01 2.93215126e-01 7.82434225e-01 6.79526687e-01
    1.07262880e-01 5.48746407e-01 6.41028702e-01 4.95427877e-01
    6.30897760e-01 8.50603223e-01 7.61602938e-01 6.63552105e-01
    4.27529216e-01 3.32399130e-01 7.57243633e-01 4.08405513e-01
    3.46024722e-01 6.84866786e-01 5.01873910e-01 1.61414683e-01
    1.19473159e-01 5.24393439e-01 3.61634880e-01 2.38722265e-01
    6.56650901e-01 5.13942540e-02 5.61477900e-01 6.69838965e-01
    4.30507541e-01 9.05707240e-01 5.58688641e-01 7.54641950e-01
    3.45304608e-01 9.45948720e-01 2.80942023e-01 4.91882950e-01
    6.16966367e-01 3.84025663e-01 7.96682954e-01 5.75758040e-01
    7.82155693e-02 4.60374951e-02 2.80662060e-01 4.67283547e-01
    3.31518471e-01 1.27587587e-01 2.51353800e-01 4.59511101e-01
    3.44300508e-01 7.77704716e-01 9.21623826e-01 9.17835355e-01
    9.73718166e-02 2.48944819e-01 7.78195858e-02 7.33909965e-01
    1.04933053e-01 8.26892614e-01 8.84912252e-01 3.39431763e-02
    8.77030969e-01 5.64063787e-02 7.54322171e-01 5.92383444e-02
    5.71272135e-01 3.94691527e-01 5.96057594e-01 4.53829616e-01
    7.61879325e-01 9.04875398e-01 7.05472291e-01 9.45885539e-01
    8.08884263e-01 2.41940916e-01 8.49377632e-01 7.97999859e-01
    9.39576149e-01 4.98562455e-01 4.93186384e-01 3.32933366e-01
    8.31011236e-01 6.98682785e-01 9.52303648e-01 9.81880903e-01
    2.39075661e-01 8.22098136e-01 9.60755289e-01 6.93784654e-02
    9.21034217e-01 5.57236910e-01 1.03616804e-01 6.11401618e-01
    3.60271275e-01 9.24182415e-01 9.30607557e-01 9.62585449e-01
    3.39329809e-01 5.24607778e-01 5.40336370e-01 1.50447905e-01
    9.44967628e-01 1.86474949e-01 8.32066774e-01 8.13625216e-01
    2.96798974e-01 3.76702547e-01 9.45369542e-01 6.71050608e-01
    8.76267195e-01 2.24906236e-01 9.28631663e-01 8.50753188e-01
    7.84156680e-01 2.64227301e-01 2.49430358e-01 8.94562364e-01
    6.66773975e-01 6.25586092e-01 9.45802271e-01 5.54734409e-01
    6.18166327e-01 7.40288794e-01 5.80933571e-01 8.43300223e-01
    7.10707009e-01 1.21432096e-01 3.23055148e-01 3.88671875e-01
    5.65053999e-01 9.43062782e-01 6.59299731e-01 2.05582023e-01
    3.96407485e-01 4.49964136e-01 2.25455850e-01 1.44098103e-02
    4.95853961e-01 2.07716376e-01 1.75715238e-01 1.44888490e-01
    3.17434132e-01 8.49816501e-02 2.53986120e-01 3.35904360e-02
    7.26373911e-01 5.87730885e-01 5.79684675e-01 8.08867335e-01
    8.93451691e-01 9.11031902e-01 8.49817395e-01 7.62129545e-01
    2.54669666e-01 9.49435711e-01 8.27055037e-01 2.17397809e-01
    3.22245359e-01 5.85371256e-03 8.78557682e-01 9.70791340e-01
    4.66906041e-01 1.27806216e-01 8.70202482e-01 3.21439505e-01
    9.59849358e-01 2.04382002e-01 8.69051397e-01 1.63397312e-01
    3.48209262e-01 4.74787235e-01 4.53454345e-01 5.12102664e-01
    7.87979126e-01 6.28996909e-01 3.42363596e-01 6.49946392e-01
    6.78017735e-01 1.88172460e-01 5.40994763e-01 1.43873453e-01
    2.64577448e-01 3.66942823e-01 1.10559464e-02 6.97644651e-01
    5.95207334e-01 4.81737226e-01 8.02766919e-01 9.62354541e-01
    3.25496763e-01 7.57512927e-01 6.87272966e-01 8.60124230e-01
    2.79439330e-01 2.49831647e-01 6.08256161e-01 3.16075265e-01
    2.41286695e-01 3.26940686e-01 2.58303583e-01 7.43922353e-01
    7.22576618e-01 1.32580638e-01 2.24704355e-01 7.20191777e-01
    7.06116974e-01 3.17018360e-01 7.34653890e-01 3.32413077e-01
    2.65171438e-01 7.21949041e-01 8.18003416e-01 2.20778078e-01
    6.36387289e-01 6.03970945e-01 1.60939991e-02 2.19113261e-01
    8.22755218e-01 5.64820230e-01 1.77325606e-02 4.48659509e-01
    5.82241178e-01 3.02263439e-01 2.36502111e-01 9.62047398e-01
    8.39710057e-01 2.41766691e-01 9.16638613e-01 4.49551046e-01
    6.73432112e-01 1.47722960e-01 8.63552928e-01 8.27545404e-01
    2.87584066e-02 8.37511420e-01 6.26186311e-01 5.84226906e-01
    2.55504400e-01 6.34549916e-01 2.70454466e-01 1.74945176e-01
    1.54238641e-01 2.27525026e-01 5.14401197e-01 5.35910428e-01
    2.65406340e-01 3.46191823e-02 3.30994427e-02 3.23986590e-01
    2.08324194e-02 2.55848110e-01 4.48679894e-01 2.82064795e-01
    1.12801999e-01 9.18475747e-01 5.19566357e-01 3.96686047e-01
    1.18614137e-01 3.90231133e-01 9.22027111e-01 8.91851664e-01
    5.59322476e-01 9.59455609e-01 2.98677087e-02 2.32968450e-01
    8.00875068e-01 6.45305634e-01 8.76530766e-01 6.26580000e-01
    6.90140545e-01 1.58824682e-01 5.77685714e-01 4.32436764e-02
    4.46988463e-01 6.97589755e-01 2.75257051e-01 4.57127392e-01
    9.96923447e-01 1.43729091e-01 1.29270315e-01 8.15381646e-01
    7.91490972e-01 6.52277172e-01 8.84103715e-01 5.23869574e-01
    6.91750944e-01 5.18425286e-01 8.46325994e-01 9.44791555e-01
    6.42846763e-01 2.37980515e-01 6.38292670e-01 8.38888586e-01
    7.14432895e-02 2.12296844e-01 5.86794198e-01 1.77104622e-01
    9.33996439e-02 4.00231570e-01 4.51807588e-01 4.27434981e-01
    3.58116090e-01 8.50113034e-02 7.18501329e-01 7.59012878e-01
    5.93107820e-01 9.32866037e-01 3.70767951e-01 7.05806971e-01
    9.70096231e-01 3.95157039e-01 5.35327554e-01 3.54599953e-02
    3.46281469e-01 6.97906613e-01 5.04829764e-01 6.39132619e-01
    7.42519855e-01 8.25271010e-03 2.26565361e-01 8.69643986e-01
    8.12916875e-01 9.16951537e-01 8.11685562e-01 1.81030005e-01
    8.33073020e-01 4.83711153e-01 5.66065311e-02 7.39541054e-01
    4.67297435e-02 1.04978681e-03 4.26881701e-01 8.93307090e-01
    2.73589432e-01 7.00264812e-01 7.15645254e-02 4.62774128e-01
    8.15964580e-01 5.48579395e-02 6.83167756e-01 4.54614818e-01
    2.78032601e-01 3.76729399e-01 1.38762355e-01 6.77945673e-01
    4.00633484e-01 8.91483903e-01 2.62455046e-02 3.93622488e-01
    4.83111709e-01 4.37036306e-01 7.00307488e-02 2.28868276e-01
    9.55351293e-02 3.63935471e-01 8.86432230e-02 7.05772638e-01
    1.74923837e-02 9.82263446e-01 4.37641442e-01 9.98756647e-01
    9.43690300e-01 2.23003328e-01 2.63362467e-01 5.97824693e-01
    4.65253592e-01 1.66416764e-02 5.34603298e-01 8.97996426e-01
    8.48172307e-01 9.80242193e-02 3.73834848e-01 4.17121351e-02
    7.35541582e-01 1.61012441e-01 6.26212955e-01 8.47225130e-01
    5.36962271e-01 4.06100065e-01 5.36738813e-01 9.82531786e-01
    8.69365215e-01 1.35505974e-01 8.43727231e-01 7.29072988e-01
    1.46022439e-03 4.60420012e-01 7.10301399e-02 8.73626471e-01
    5.11708438e-01 5.29920161e-02 5.37950873e-01 9.30033922e-01
    1.88956439e-01 7.46146560e-01 4.01374578e-01 9.83887315e-02
    5.61078608e-01 6.74627781e-01 1.79875910e-01 6.61655724e-01
    4.87106353e-01 5.10220945e-01 6.02058649e-01 8.31537127e-01
    7.90254176e-01 1.07825756e-01 7.92487562e-01 8.31001759e-01
    1.80608928e-02 4.88658130e-01 5.81566691e-01 2.62224793e-01
    2.09029377e-01 8.01686287e-01 4.24919426e-02 2.02147484e-01
    2.45020300e-01 9.75556970e-01 4.35391605e-01 8.06355476e-01
    9.75349247e-02 2.57588923e-01 8.59718323e-01 3.39169174e-01
    3.41451526e-01 4.28190470e-01 4.64354753e-01 5.17016292e-01
    3.31041515e-02 4.13133293e-01 3.00994217e-01 6.90157890e-01
    3.50385547e-01 6.28301144e-01 8.97796750e-01 5.78852475e-01
    7.86208212e-02 1.50474012e-01 6.75664186e-01 4.72639263e-01
    7.99876809e-01 3.51135254e-01 5.94486535e-01 2.22258776e-01
    7.86937714e-01 7.10772514e-01 2.72811264e-01 4.31429625e-01
    2.40070820e-01 7.26125956e-01 3.87905747e-01 8.18392336e-01
    5.75145543e-01 4.40093547e-01 6.16697788e-01 7.75905371e-01
    9.11012769e-01 2.84251511e-01 2.04268932e-01 8.10787499e-01
    8.54851365e-01 2.39864856e-01 8.10977697e-01 7.54554033e-01
    2.21214652e-01 3.68745685e-01 3.96213353e-01 5.84106743e-01
    9.79343712e-01 9.64977741e-01 5.30721545e-01 6.06094062e-01
    8.14502478e-01 1.93908215e-02 6.38416409e-03 6.00848377e-01
    1.18464112e-01 7.30572343e-01 9.55169201e-01 1.74657285e-01
    2.18674630e-01 9.12804127e-01 1.78042620e-01 4.54750031e-01
    5.99197507e-01 3.64623547e-01 8.09654951e-01 7.56251812e-01
    3.28891933e-01 7.82480240e-01 9.28393900e-01 5.66223264e-02
    8.16356421e-01 8.42683554e-01 6.69591248e-01 8.70273352e-01
    6.40127540e-01 4.23823386e-01 7.80418932e-01 1.55799985e-01
    5.52203357e-01 7.35833228e-01 8.53365421e-01 1.04832292e-01
    4.57383692e-01 8.97743344e-01 6.22965932e-01 1.55975878e-01
    2.95088828e-01 8.53627086e-01 6.62568510e-01 1.72882378e-01
    2.54617631e-02 4.53889608e-01 7.85686851e-01 5.44151485e-01
    2.52373219e-01 6.83482885e-01 9.76535082e-01 1.76817179e-04
    2.39974052e-01 4.12118495e-01 4.51009661e-01 4.78734761e-01
    5.42500079e-01 2.28357315e-02 8.65669131e-01 3.85558009e-02
    8.21903348e-02 6.99546218e-01 7.28870988e-01 8.51549685e-01
    6.99001670e-01 6.60792530e-01 1.45108730e-01 7.19122529e-01
    6.93365455e-01 5.80812633e-01 4.32601273e-02 9.40405309e-01
    1.98694855e-01 5.03157377e-02 1.16943717e-02 1.82567090e-01
    2.02943981e-02 2.94848680e-01 1.82879180e-01 4.22033966e-01
    3.48382473e-01 5.43116033e-02 7.72806048e-01 6.48228109e-01
    8.96530509e-01 7.83106208e-01 6.71444297e-01 2.99129635e-01
    7.24820673e-01 5.66645503e-01 7.24654496e-01 2.03925818e-01
    5.06857634e-01 9.34007466e-01 4.98272598e-01 7.47561574e-01
    3.26409519e-01 4.61189032e-01 8.33998561e-01 5.33682287e-01
    3.05655837e-01 7.76335597e-02 7.12311924e-01 7.52328753e-01
    6.46050215e-01 9.10024047e-01 7.35215545e-02 1.91858321e-01
    2.32242197e-01 7.38120079e-02 6.00129843e-01 9.71536577e-01
    9.43239570e-01 7.80241966e-01 6.71088398e-01 4.82369989e-01
    8.66095424e-02 6.02412045e-01 4.38979775e-01 4.81548011e-02
    8.57278407e-02 6.66580856e-01 2.66040742e-01 6.34302616e-01
    6.95789814e-01 4.63159531e-01 4.64612722e-01 3.96531641e-01
    9.17872787e-01 9.02402818e-01 6.35828674e-02 7.86255717e-01
    8.53219509e-01 7.72504807e-01 9.35259819e-01 3.97134483e-01
    5.91665208e-01 1.90623105e-01 2.83202648e-01 9.13241267e-01
    9.01557565e-01 7.12500930e-01 1.28605336e-01 4.17034149e-01
    7.82821894e-01 5.24456143e-01 5.47888994e-01 3.11386824e-01
    4.31373537e-01 1.91024482e-01 5.29890001e-01 3.33659470e-01
    2.18580484e-01 2.15873957e-01 4.93914962e-01 6.28494382e-01
    4.61607575e-02 4.67670619e-01 9.59920406e-01 2.79992759e-01
    1.77687585e-01 1.93432659e-01 8.09753239e-01 2.50220776e-01
    4.28499877e-01 8.74294996e-01 3.88661981e-01 5.57384789e-02
    4.38462526e-01 2.85996526e-01 3.87423724e-01 7.98250318e-01
    5.66957116e-01 5.17553806e-01 8.84773850e-01 5.46967804e-01
    4.51686978e-02 4.93818402e-01 7.35921860e-01 1.69516802e-02
    3.79860133e-01 3.32471728e-03 2.71032125e-01 7.56186843e-02
    2.15833575e-01 1.50679469e-01 2.44478047e-01 5.52115262e-01
    9.50530767e-01 6.28738999e-01 6.57058835e-01 9.41797614e-01
    7.78003931e-01 7.76778221e-01 8.08854818e-01 7.59097815e-01
    4.28957105e-01 4.11010921e-01 6.00762963e-02 1.33544177e-01
    5.86501658e-02 5.72536349e-01 1.26404107e-01 2.55515695e-01
    2.92093456e-01 4.75736588e-01 8.53255630e-01 4.90383655e-01
    4.31437343e-01 9.71475184e-01 6.24741435e-01 8.51920724e-01
    8.17808628e-01 2.58622348e-01 8.37914944e-01 4.31940854e-02
    3.57558966e-01 1.66422993e-01 9.89481688e-01 4.38460708e-03
    8.93496454e-01 5.98383904e-01 4.98438537e-01 6.64146900e-01
    2.90829718e-01 3.33865285e-01 9.37092781e-01 9.87922549e-01
    9.95198965e-01 7.08639085e-01 8.92317653e-01 5.17691314e-01
    1.21442676e-01 6.62474751e-01 7.66275704e-01 7.81949282e-01
    5.02195656e-02 3.08267832e-01 4.89598513e-03 1.59642696e-02
    8.16151679e-01 4.30276245e-01 9.41969335e-01 9.09999967e-01
    8.06587338e-01 5.91010809e-01 7.55266249e-02 2.51666188e-01
    7.72875845e-01 6.90166235e-01 5.97810686e-01 6.30064249e-01
    8.38386357e-01 2.59494483e-01 9.64480519e-01 8.01243126e-01
    8.60421777e-01 6.14978135e-01 8.98690939e-01 6.56453252e-01
    4.18658584e-01 3.96630436e-01 6.10984564e-01 4.52620029e-01
    2.78186321e-01 8.25535893e-01 4.06464636e-01 2.62734234e-01
    3.21547061e-01 5.05713463e-01 1.11981213e-01 6.10960603e-01
    7.95483112e-01 1.14175588e-01 5.92587113e-01 2.27232665e-01
    3.78554076e-01 4.74571854e-01 2.46191859e-01 1.60942972e-01
    6.60278082e-01 9.04935360e-01 7.87724376e-01 4.72427398e-01
    8.26973975e-01 5.58506548e-01 4.90722835e-01 2.64808685e-01
    8.00894558e-01 4.00743216e-01 9.12017822e-01 4.92970824e-01
    9.36061621e-01 2.44520247e-01 4.26568389e-02 1.46185398e-01
    3.41721177e-02 8.95508528e-02 5.49023151e-01 8.61370265e-01
    9.30846155e-01 4.90985364e-01 1.40712857e-01 8.05995107e-01
    9.10614252e-01 4.67239708e-01 1.92334861e-01 1.57179832e-01
    6.74169123e-01 8.02440047e-01 7.20128715e-02 9.25947428e-01
    7.55612254e-01 3.60555649e-02 3.88458312e-01 5.11160254e-01
    6.63805842e-01 5.73148727e-02 5.41112661e-01 3.23356271e-01
    4.85288531e-01 8.76654267e-01 9.29518580e-01 7.19522834e-01
    9.13396358e-01 4.65645134e-01 7.48163402e-01 9.69772816e-01
    8.73790145e-01 3.04468274e-01 5.81673682e-01 4.77300525e-01
    7.95172334e-01 8.44460011e-01 2.72802800e-01 1.28618389e-01
    7.00663626e-01 2.93086529e-01 8.30454230e-01 8.17241788e-01
    5.15245497e-01 8.57409358e-01 3.51032972e-01 1.26219809e-01
    5.37013054e-01 3.05637747e-01 8.73526335e-01 1.84156120e-01
    3.96098435e-01 1.12912834e-01 2.37175465e-01 5.76721609e-01
    6.23701572e-01 3.62544537e-01 5.22943377e-01 7.70437717e-02
    5.66379964e-01 4.99558896e-01 9.51170325e-01 6.79217756e-01
    4.79439795e-01 8.32352638e-01 4.91340518e-01 8.83249760e-01
    7.17473269e-01 1.46785617e-01 6.76218331e-01 3.29298317e-01
    7.24115789e-01 6.34889483e-01 8.74789715e-01 9.79226708e-01
    1.63351834e-01 2.28963196e-01 7.69483924e-01 4.24988687e-01
    3.73638272e-01 9.13753211e-02 7.31777251e-01 6.85915172e-01
    4.86890614e-01 1.45873994e-01 8.83090317e-01 1.92601383e-01
    9.66302395e-01 2.08129108e-01 1.72505379e-01 5.14323711e-01
    8.08080435e-01 6.22874260e-01 8.31302524e-01 6.58580422e-01
    8.49060535e-01 4.26791370e-01 1.37200683e-01 2.61727303e-01
    6.60748780e-01 7.64380217e-01 6.96082294e-01 9.83214617e-01
    7.67404616e-01 5.79621494e-01 1.88725144e-01 9.00818706e-02
    6.41154408e-01 2.52197921e-01 4.79826599e-01 1.28893077e-01
    7.46642351e-01 3.47869068e-01 4.70052063e-02 8.05122972e-01
    5.34775734e-01 4.04387414e-01 1.28069371e-01 4.67361212e-02
    1.73035979e-01 5.40378988e-02 2.60597169e-02 2.80046165e-01
    4.01372910e-01 3.52074087e-01 5.36700487e-01 7.78710723e-01
    5.17927051e-01 7.89411962e-02 4.84229863e-01 7.85828531e-02
    8.18878055e-01 4.23488319e-02 5.39601624e-01 2.45731294e-01
    4.95905221e-01 1.30709171e-01 4.30956602e-01 3.54194164e-01
    6.87663198e-01 2.39251256e-02 8.15513611e-01 7.34649181e-01
    8.31728816e-01 6.73313916e-01 4.55778182e-01 8.70792747e-01
    2.79786706e-01 3.02587688e-01 3.38181853e-01 2.90168226e-01
    7.66749680e-01 4.18297052e-02 9.71595526e-01 8.59198749e-01
    7.46572852e-01 7.47877061e-02 5.69203198e-01 7.37230897e-01
    5.91969430e-01 2.05319345e-01 2.87444174e-01 5.35181403e-01
    2.55870372e-01 1.23744220e-01 1.21246636e-01 9.38006520e-01
    6.55386627e-01 7.78561473e-01 1.42987788e-01 9.10134315e-01
    5.58021843e-01 1.40631855e-01 8.30094397e-01 3.97037566e-01
    7.30592012e-01 6.93350971e-01 5.78681111e-01 2.01124460e-01
    7.54205287e-01 4.67209846e-01 4.45484042e-01 2.86158085e-01
    4.07697886e-01 5.06079137e-01 7.04896808e-01 5.69824040e-01
    9.78294790e-01 7.50347018e-01 8.06608498e-01 8.50095272e-01
    4.82416660e-01 5.28560400e-01 4.16717559e-01 1.97916359e-01
    3.31761301e-01 6.09009743e-01 4.61399555e-02 7.32482731e-01
    9.29700017e-01 6.85581803e-01 8.25579643e-01 6.91643119e-01
    2.84619957e-01 8.02567422e-01 8.52348864e-01 4.45873111e-01
    3.25677574e-01 5.50037086e-01 2.19557017e-01 1.53846234e-01
    5.27552485e-01 6.41206145e-01 5.34962296e-01 6.86174035e-02
    1.76104516e-01 6.65129602e-01 1.23541981e-01 5.74823260e-01
    8.46437633e-01 8.26820135e-01 8.21154594e-01 8.80182147e-01
    3.15586388e-01 3.76500368e-01 1.48108363e-01 4.55696881e-02
    8.99730206e-01 1.91060632e-01 3.68455052e-01 4.99399394e-01
    3.19763631e-01 5.71646094e-01 4.21732664e-04 5.29365122e-01
    1.05561465e-01 2.79114187e-01 4.40020233e-01 6.22773051e-01
    5.85578024e-01 2.96013892e-01 1.28909558e-01 2.91656852e-02
    1.36282176e-01 8.89270067e-01 8.95138979e-01 2.24671811e-01
    3.58862430e-01 6.08418584e-01 2.96083212e-01 8.73371720e-01
    1.29871011e-01 3.40687335e-01 8.93270969e-01 4.79849130e-01
    4.05127645e-01 8.99184108e-01 2.58914471e-01 6.09794259e-01
    6.80854321e-01 9.71736073e-01 9.98271406e-01 7.10917175e-01
    8.09342206e-01 6.62531853e-01 5.51392078e-01 7.71193981e-01
    9.79710340e-01 4.92982268e-01 8.76304090e-01 8.64794612e-01
    9.76500213e-01 2.42647827e-02 4.08850610e-02 4.18067455e-01
    2.06398576e-01 7.46325254e-02 4.38143760e-01 7.50233650e-01
    7.97753572e-01 3.21097910e-01 1.08463526e-01 1.05688602e-01
    1.32146984e-01 5.70242405e-01 9.96082127e-01 3.66547704e-01
    1.95006132e-01 5.11721134e-01 5.87018371e-01 1.65984601e-01
    1.69650316e-01 9.54649568e-01 8.87491882e-01 5.51982820e-01
    4.30127323e-01 5.89882612e-01 1.07132196e-02 3.95253837e-01
    4.79053259e-02 8.90877545e-02 9.77920532e-01 5.37717342e-02
    8.84331346e-01 4.54002470e-01 6.40915394e-01 9.83064473e-01
    9.96330738e-01 1.05226636e-01 6.87906682e-01 9.77574348e-01
    9.39157426e-01 4.88147140e-03 3.34603846e-01 7.92837381e-01
    7.28315651e-01 4.01557952e-01 2.94021577e-01 7.22849607e-01
    3.35376292e-01 5.08654892e-01 2.71711767e-01 6.69293165e-01
    3.16033691e-01 7.49428868e-01 5.14416933e-01 7.66099393e-02
    8.80840778e-01 8.73813927e-02 6.23206139e-01 9.48293805e-01
    2.29368299e-01 1.35545820e-01 3.22404176e-01 7.00195551e-01
    3.44703883e-01 8.29790890e-01 7.89774179e-01 9.64314401e-01
    8.44076157e-01 5.25726497e-01 3.58358145e-01 8.25225115e-01
    5.87703586e-01 5.45680821e-01 3.48198354e-01 4.74555403e-01
    6.34854555e-01 9.33959782e-01 8.35107565e-02 9.43682671e-01
    8.10283422e-03 7.87998319e-01 3.55586886e-01 9.96158957e-01
    1.41500682e-01 3.77904385e-01 4.37407106e-01 5.62101901e-01
    1.90938085e-01 4.18146908e-01 5.00175834e-01 2.19337165e-01
    4.19565260e-01 4.76259828e-01 4.24313128e-01 1.26947969e-01
    8.99437964e-01 2.33210504e-01 8.02482903e-01 4.86674637e-01
    8.21390152e-01 2.33906150e-01 5.84924221e-01 3.03442597e-01
    1.21621400e-01 1.10852480e-01 8.88345957e-01 9.12235618e-01
    8.94047260e-01 9.89911318e-01 5.65698147e-01 5.18770278e-01
    5.87753773e-01 5.79806089e-01 1.77534252e-01 8.23887110e-01
    2.66646743e-02 7.59407699e-01 6.35562181e-01 7.74340749e-01
    9.97451782e-01 7.37231731e-01 9.92533445e-01 9.61790204e-01
    5.82044542e-01 5.91685236e-01 8.07464600e-01 7.33108819e-02
    1.15016252e-01 4.47173357e-01 9.28642273e-01 8.05527031e-01
    5.51939309e-02 7.24400699e-01 6.16660357e-01 5.58355451e-01
    6.70090139e-01 9.88224506e-01 2.24171668e-01 8.27476382e-01
    5.65064371e-01 9.10759926e-01 1.64823711e-01 5.49219191e-01
    2.77482390e-01 9.17874634e-01 7.03720152e-02 7.21440554e-01
    5.85685372e-01 6.62016094e-01 4.13056195e-01 9.38668609e-01
    9.37975883e-01 6.36015356e-01 2.45796829e-01 7.39543378e-01
    2.46838897e-01 9.90104854e-01 4.26608324e-03 3.50596607e-01
    2.47840583e-01 1.00726485e-02 2.33834386e-02 3.18854004e-01
    5.02172828e-01 9.38399553e-01 2.80353606e-01 5.81242740e-01
    9.04613733e-01 6.62964344e-01 5.66237450e-01 8.92180264e-01
    7.71286130e-01 6.53214276e-01 2.22592771e-01 6.31425619e-01
    4.36176240e-01 6.09973550e-01 9.53317761e-01 9.80530918e-01
    2.99085140e-01 8.24046493e-01 2.13270515e-01 8.56887341e-01
    7.74167895e-01 7.28371024e-01 6.18443429e-01 1.19010240e-01
    6.40757382e-02 3.81871074e-01 7.14419544e-01 5.39985538e-01
    4.49827373e-01 9.32263196e-01 7.74169683e-01 7.81381845e-01
    9.75720823e-01 8.06598485e-01 8.35739017e-01 9.05364513e-01
    9.50547934e-01 7.05480218e-01 5.87189078e-01 2.23957568e-01
    9.80313599e-01 9.74851549e-01 5.34335375e-01 3.27390850e-01
    5.78317046e-01 1.68278396e-01 7.14178205e-01 4.80864257e-01
    4.35235023e-01 5.65569401e-01 3.35861027e-01 5.19000173e-01
    5.27977407e-01 7.15528429e-01 8.51912737e-01 6.36600316e-01
    4.58970100e-01 6.62512541e-01 7.14408159e-01 6.15103066e-01
    9.45748568e-01 2.97741205e-01 3.84740531e-02 6.07471228e-01
    3.07799041e-01 3.93617451e-02 8.97161067e-01 1.54044509e-01
    4.46876943e-01 4.14344519e-01 2.22856432e-01 1.04316413e-01
    2.48945236e-01 9.67867017e-01 5.86961448e-01 7.80845284e-01
    7.61424482e-01 8.11060429e-01 4.47480738e-01 5.93267143e-01
    3.55707884e-01 5.34918845e-01 4.54821587e-02 3.63438398e-01
    2.89904654e-01 9.39975262e-01 5.13797522e-01 6.35102391e-01
    8.34932625e-02 9.21920180e-01 9.67134356e-01 1.66508704e-01
    3.22185755e-02 6.14230394e-01 1.90088451e-01 5.00517547e-01
    4.85837549e-01 2.84219831e-01 6.73118711e-01 2.94469357e-01
    3.91708076e-01 6.17144644e-01 4.50046867e-01 3.57463896e-01
    1.77460045e-01 5.21791935e-01 4.54183877e-01 2.78188884e-02
    9.97189105e-01 1.49338007e-01 1.59869820e-01 1.37449145e-01
    9.60490108e-01 5.66034436e-01 1.08723015e-01 7.75284767e-01
    7.49189496e-01 5.75545192e-01 4.10199225e-01 1.36099309e-01
    7.88425446e-01 6.05583072e-01 8.94121170e-01 2.98076153e-01
    7.39631653e-01 9.70875025e-01 3.93518627e-01 5.54473162e-01
    1.30197287e-01 4.80260640e-01 7.65787005e-01 7.00775981e-01
    6.49660230e-01 5.15728414e-01 6.02123439e-02 8.77282619e-01
    2.27784842e-01 7.33585060e-02 3.28025430e-01 1.06825948e-01
    8.67139995e-01 9.34641838e-01 1.67865038e-01 5.57214320e-01
    3.80895197e-01 6.12758875e-01 3.55977088e-01 2.26379156e-01
    6.90927505e-01 8.37877870e-01 3.02708358e-01 6.34424388e-02
    9.09322619e-01 1.13267124e-01 4.67826039e-01 8.06357861e-01
    8.48817706e-01 6.49771690e-01 3.81752729e-01 1.78193986e-01
    9.73210335e-02 1.50315106e-01 7.02093005e-01 4.31647718e-01
    4.30944353e-01 6.40064240e-01 9.16854143e-01 2.39917248e-01
    3.03220749e-01 1.40812546e-01 5.92476249e-01 6.80882275e-01
    2.04138458e-01 8.85976136e-01 7.45385110e-01 7.52577782e-02
    6.09448493e-01 1.45014882e-01 3.92022818e-01 7.09981084e-01
    3.97008359e-02 6.66882753e-01 5.83491325e-01 3.30203712e-01
    5.08031368e-01 7.12426066e-01 3.92433047e-01 8.55630934e-01
    6.53208137e-01 5.88424504e-01 5.80890894e-01 7.13039100e-01
    8.10957193e-01 7.00173199e-01 6.62436247e-01 4.96471524e-01
    7.87316263e-01 7.29804456e-01 6.15467846e-01 7.30369687e-01
    4.86424565e-03 8.79135013e-01 6.89482749e-01 8.06377828e-01
    7.72502482e-01 5.02105355e-02 1.82634532e-01 7.07855940e-01
    3.97414714e-01 2.42298156e-01 7.72893310e-01 4.56367731e-02
    8.80820751e-01 3.10308993e-01 5.86832941e-01 4.30027574e-01
    7.72241771e-01 8.50943029e-02 2.18552351e-03 1.20469362e-01
    1.70804262e-02 8.82985115e-01 1.65406108e-01 8.11847806e-01
    9.44429755e-01 4.35288519e-01 5.12431264e-01 6.06565773e-01
    2.20669240e-01 4.87048894e-01 5.42815387e-01 3.73305261e-01
    5.94425559e-01 3.38889003e-01 4.91597742e-01 1.87559068e-01
    8.34222078e-01 2.39867985e-01 5.16353011e-01 4.09457713e-01
    4.16675210e-01 7.05517888e-01 6.17055535e-01 1.89249456e-01
    6.68659687e-01 8.41234326e-01 4.42920119e-01 7.96766222e-01
    8.37831140e-01 7.40629554e-01 3.52873594e-01 4.18392897e-01
    8.27066422e-01 9.66037810e-01 8.87300611e-01 5.10825992e-01
    2.85062194e-03 4.64274257e-01 2.26854086e-01 1.06659621e-01
    1.32205755e-01 6.49115086e-01 9.46064234e-01 9.81070399e-01
    7.92566061e-01 5.65570056e-01 2.80887604e-01 2.11103082e-01
    9.10383224e-01 3.82822096e-01 1.96803927e-01 5.46229720e-01
    5.30002236e-01 6.79336190e-01 9.30442810e-02 7.56626487e-01
    3.82295281e-01 1.36300176e-01 2.19049633e-01 9.23847735e-01
    3.48642170e-02 3.95924032e-01 4.45728123e-01 9.17772949e-01
    6.17128909e-02 6.29991293e-01 7.05622077e-01 7.26237595e-01
    4.80993569e-01 8.37882876e-01 3.80470216e-01 9.76994514e-01
    8.83361518e-01 6.01149321e-01 1.55973256e-01 7.13092923e-01
    5.29946268e-01 6.71858132e-01 7.19338655e-01 4.60464954e-02
    2.90719986e-01 6.23198330e-01 8.29687476e-01 5.58070660e-01
    8.47081542e-01 2.00496078e-01 2.16498524e-01 2.78896987e-01
    2.74433255e-01 5.42904139e-02 1.02825522e-01 9.85395372e-01
    3.75575960e-01 9.32472348e-01 9.40333724e-01 1.43660247e-01
    5.75183034e-01 6.21501982e-01 3.28096956e-01 4.61501569e-01
    8.19832087e-01 3.30487341e-01 8.46318841e-01 8.40640664e-01
    3.78887892e-01 7.52070010e-01 7.72392988e-01 9.65527713e-01
    5.87384343e-01 4.48970318e-01 2.11508453e-01 4.58709896e-01
    6.96210861e-01 7.09479451e-01 9.82734859e-02 2.67732918e-01
    4.36780602e-01 7.87951171e-01 1.60020709e-01 2.05301672e-01
    7.86814332e-01 9.11790013e-01 6.74587369e-01 4.05544400e-01
    2.82718688e-01 5.85284233e-02 7.11504877e-01 1.63895935e-01
    8.68556738e-01 6.68228567e-02 5.19762814e-01 4.61473405e-01
    6.47618055e-01 8.71936798e-01 8.42120171e-01 3.64687443e-01
    2.34814852e-01 8.83100152e-01 5.54288268e-01 2.61134863e-01
    5.48744798e-02 5.21739423e-01 9.51069534e-01 6.19622171e-02
    3.94520879e-01 9.37943459e-01 1.93922222e-01 3.08938086e-01
    5.52939832e-01 1.67472064e-02 6.61279857e-02 8.73458385e-01
    3.83417010e-01 2.01333165e-01 2.81098157e-01 1.58377945e-01
    3.52861762e-01 6.15342796e-01 1.29881769e-01 9.33914781e-01
    1.69559270e-01 7.85566807e-01 1.37119919e-01 8.92929316e-01
    5.49860060e-01 8.68073761e-01 5.54971337e-01 3.74848843e-01
    3.46829653e-01 8.86498094e-01 9.79414940e-01 7.22855151e-01
    4.78178680e-01 9.86225367e-01 6.40719652e-01 8.92449021e-02
    7.85899520e-01 1.89490974e-01 1.59331888e-01 1.78840876e-01
    3.18026781e-01 5.08994162e-01 9.87752080e-01 8.18194866e-01
    7.17771411e-01 2.14739978e-01 8.08983088e-01 9.07885075e-01
    6.17803395e-01 5.70191383e-01 2.15020359e-01 8.24927807e-01
    2.13438541e-01 7.94240236e-01 3.36826384e-01 6.78233087e-01
    8.69332254e-02 5.01960993e-01 6.94501638e-01 8.25087309e-01
    8.21057796e-01 8.87832284e-01 3.43652248e-01 5.74553847e-01
    3.55136096e-02 1.54742002e-02 4.30818796e-01 3.53136629e-01
    9.20478702e-01 3.23184133e-02 8.11141253e-01 1.91963732e-01
    4.12280440e-01 6.59282446e-01 1.88928783e-01 2.91394114e-01
    2.03536034e-01 8.72705698e-01 3.95754218e-01 9.52780008e-01
    8.83465290e-01 5.67065775e-01 4.97513384e-01 6.43938720e-01
    2.30723053e-01 8.96613598e-01 7.54885912e-01 6.34262443e-01
    7.40997374e-01 2.15896279e-01 2.45225430e-03 9.76705909e-01
    7.33340383e-01 3.17116022e-01 8.85081232e-01 7.17170537e-02
    5.98216414e-01 2.06138611e-01 7.77179360e-01 7.03641236e-01
    8.50402236e-01 1.49792165e-01 2.49891400e-01 1.59419894e-01
    8.87378097e-01 5.61203420e-01 5.03235757e-01 8.33234906e-01
    3.86103034e-01 6.26867115e-01 9.25014973e-01 4.89695966e-01
    6.98160887e-01 2.93419600e-01 4.15631056e-01 8.96446824e-01
    7.74109006e-01 2.87779093e-01 9.85375106e-01 3.36953819e-01
    6.98575020e-01 7.15251744e-01 2.73033381e-01 6.22207820e-01
    7.76758909e-01 5.89856386e-01 3.12485665e-01 6.47665620e-01
    6.82956457e-01 5.78860343e-02 9.02496517e-01 2.51998365e-01
    9.94090199e-01 1.17947459e-02 7.01130867e-01 9.45154309e-01
    4.88441736e-01 5.52091122e-01 2.39538193e-01 3.25084627e-02
    1.54063582e-01 2.06726760e-01 7.08275914e-01 3.15242767e-01
    4.67013389e-01 1.25157803e-01 1.31696880e-01 1.21996105e-02
    8.42717111e-01 8.39811921e-01 2.81601548e-01 8.35750818e-01
    1.46164954e-01 8.67251158e-02 4.44318831e-01 3.97531420e-01
    6.45851493e-01 2.13988721e-02 1.66286647e-01 6.61485493e-01
    4.95841980e-01 7.36865401e-03 9.96359706e-01 8.60488176e-01
    2.57877707e-02 8.48941445e-01 2.53192157e-01 6.72926903e-01
    4.11034584e-01 7.18964279e-01 8.92496049e-01 9.38922465e-02
    1.50653183e-01 7.49406934e-01 7.79171705e-01 1.82853848e-01
    7.20813096e-01 9.41963434e-01 5.30772030e-01 3.03179622e-01
    2.71269202e-01 3.36277246e-01 3.78218591e-01 3.60389113e-01
    4.54005659e-01 1.97340757e-01 3.16396356e-03 1.81647182e-01
    7.83809423e-01 6.78513646e-01 4.83484268e-01 6.72972560e-01
    6.03252649e-01 9.83763099e-01 4.98339146e-01 8.84029508e-01
    6.78444266e-01 2.76304722e-01 6.49614036e-01 2.73499370e-01
    8.48322928e-01 5.82009554e-03 8.31687331e-01 1.72579169e-01
    7.44795322e-01 6.64099336e-01 5.80908716e-01 6.32373989e-02
    2.05367297e-01 9.13689017e-01 3.15102875e-01 1.98716223e-02
    6.47206247e-01 2.59143353e-01 7.75508523e-01 9.53194916e-01
    8.59504044e-01 8.71185601e-01 9.37778711e-01 7.91501045e-01
    3.12711239e-01 2.66651511e-02 1.55706525e-01 6.99823081e-01
    6.23736501e-01 9.39150512e-01 9.99480486e-01 1.42819285e-02
    8.57902288e-01 1.91577524e-01 7.68136382e-01 5.38067520e-02
    3.89744401e-01 8.87413621e-01 1.69405699e-01 9.96922314e-01
    5.52566707e-01 2.53517896e-01 6.98081315e-01 6.60506487e-01
    9.78832006e-01 9.24466789e-01 4.27099645e-01 3.36680293e-01
    5.64905226e-01 7.53525972e-01 3.48696172e-01 1.56640649e-01
    2.64484406e-01 4.44012135e-01 6.98915362e-01 5.55247724e-01
    5.40744901e-01 2.65265882e-01 8.61700237e-01 9.19431150e-02
    6.45033360e-01 7.35905528e-01 4.52780724e-02 6.37135506e-01
    9.52704370e-01 2.09662765e-01 5.22294521e-01 5.01797795e-01
    5.72632730e-01 6.03590727e-01 5.62283993e-02 2.30246127e-01
    8.52812231e-02 6.31330550e-01 1.92072898e-01 6.05947077e-01
    1.33856952e-01 2.88726687e-01 5.88053763e-02 3.36940885e-01
    6.12205744e-01 5.08317232e-01 1.01065040e-02 7.65514612e-01
    5.70368588e-01 2.63035297e-03 9.80382442e-01 7.47301817e-01
    2.68670917e-03 1.72940403e-01 8.85910809e-01 3.71707380e-01
    8.88932407e-01 2.25982845e-01 2.46384740e-01 7.15978384e-01
    5.29006720e-02 1.60293162e-01 3.86327058e-01 5.08724332e-01
    5.68925619e-01 7.89154112e-01 9.95345712e-01 6.35459721e-01
    3.69529277e-01 8.86833966e-02 5.25217950e-02 4.69998062e-01
    2.03213066e-01 1.85744494e-01 9.26561594e-01 1.26905501e-01
    3.32667738e-01 2.65885174e-01 8.21280777e-01 3.64533275e-01
    2.52882242e-02 4.04767066e-01 7.23559797e-01 5.92035234e-01
    6.99358881e-01 8.81072164e-01 1.42137408e-02 8.93220901e-02
    9.79546726e-01 9.47486818e-01 1.33488953e-01 4.51285005e-01
    6.56290531e-01 2.67509520e-01 7.74792910e-01 9.09458399e-02
    7.28651464e-01 9.39280570e-01 9.82913852e-01 2.58139491e-01
    5.75484216e-01 5.15011549e-01 8.32042813e-01 5.38457811e-01
    8.96169543e-01 4.27922130e-01 7.07336962e-02 2.87297308e-01
    9.40637767e-01 2.44788259e-01 2.19792277e-01 2.15208203e-01
    4.19182122e-01 1.76117122e-02 8.35456550e-01 2.25528300e-01
    1.76184475e-02 7.16541052e-01 5.53049862e-01 6.13241136e-01
    2.28478223e-01 3.86245370e-01 8.08279276e-01 9.01850104e-01
    1.00825042e-01 2.90395319e-01 7.58084297e-01 7.53124356e-02
    1.59373939e-01 2.08333313e-01 2.61335790e-01 7.59130478e-01
    7.97519445e-01 6.74181342e-01 9.07190084e-01 6.81716502e-01
    3.51821780e-01 5.17039418e-01 5.12852490e-01 8.12296987e-01
    2.67337024e-01 2.05889016e-01 7.60602474e-01 6.54558241e-01
    8.47619653e-01 1.27273858e-01 6.97069645e-01 9.04087722e-02
    5.17885864e-01 8.00976038e-01 5.15153766e-01 6.24843657e-01
    3.27151418e-01 3.09480518e-01 1.30924553e-01 3.94681722e-01
    3.16896915e-01 5.72134197e-01 7.59180069e-01 8.61304224e-01
    8.79184723e-01 9.67973948e-01 4.68000889e-01 1.04813367e-01
    7.34325051e-02 2.77232617e-01 1.86314881e-02 1.21917933e-01
    2.74360955e-01 7.06651688e-01 7.22877383e-01 8.84743929e-02
    2.60539740e-01 4.82898325e-01 5.20146966e-01 1.32529944e-01
    3.79815489e-01 6.29000485e-01 9.25325155e-01 4.19013679e-01
    9.14024353e-01 3.35839510e-01 4.39891666e-01 9.28314924e-01
    3.18056524e-01 9.71679091e-01 8.95299315e-02 2.15685993e-01
    2.15404391e-01 7.31677413e-02 2.82288253e-01 1.73097044e-01
    2.24286377e-01 1.57110840e-01 8.30527425e-01 3.51273775e-01
    8.47506464e-01 9.03220296e-01 4.39209521e-01 2.17052639e-01
    2.19203293e-01 5.69352090e-01 4.55044210e-01 3.67413908e-01
    8.38109136e-01 2.42745876e-03 8.79906297e-01 8.18516552e-01
    6.69323564e-01 1.28151596e-01 2.09146500e-01 8.50702584e-01
    9.90974426e-01 2.91702926e-01 9.51683223e-02 9.66733456e-01
    6.13068581e-01 3.89966011e-01 8.69048536e-02 3.13523114e-02
    8.49130273e-01 4.56470132e-01 2.43071258e-01 6.03021324e-01
    5.80388188e-01 3.98629993e-01 7.48325169e-01 9.94845808e-01
    6.26848936e-01 2.97300935e-01 3.39571476e-01 9.44551349e-01
    9.76324320e-01 1.13851905e-01 5.72474360e-01 4.02231187e-01
    1.43152535e-01 1.05020106e-01 3.11563313e-02 3.78174633e-01
    1.52349830e-01 4.93450791e-01 5.23581088e-01 5.39494872e-01
    7.04134464e-01 2.50853777e-01 8.61205220e-01 8.73476505e-01
    5.47457993e-01 2.74886191e-01 5.61360776e-01 4.32317138e-01
    9.96438384e-01 6.83825135e-01 3.51596057e-01 2.01062560e-02
    5.90855360e-01 4.66926605e-01 3.95068645e-01 3.22629511e-02
    8.76941741e-01 8.71328235e-01 3.23961854e-01 1.98079705e-01
    8.03224266e-01 1.03946924e-01 4.54310775e-01 1.05375409e-01
    9.74320054e-01 3.67782593e-01 8.39609027e-01 4.27986443e-01
    6.37221992e-01 7.79658079e-01 2.02154160e-01 2.05758870e-01
    6.89891994e-01 8.92956257e-02 2.72863805e-01 9.43139970e-01
    7.80123234e-01 9.30430889e-01 5.59043407e-01 3.72629404e-01
    1.97144121e-01 4.40197796e-01 9.92495716e-02 9.06662941e-01
    3.38160813e-01 4.70061660e-01 9.78196740e-01 7.28946924e-02
    4.64591086e-02 5.26198089e-01 2.37704128e-01 9.89275455e-01
    8.77803028e-01 2.67161727e-01 4.25263703e-01 2.43657649e-01
    2.52245069e-02 1.73216134e-01 8.11528623e-01 6.04785979e-01
    6.62358105e-01 3.11341047e-01 1.68446958e-01 7.58076310e-02
    8.39954913e-02 3.32942516e-01 8.03631961e-01 9.29531455e-02
    1.96980894e-01 1.93639457e-01 9.84740734e-01 6.57574177e-01
    8.71583521e-01 6.91484511e-01 3.05676579e-01 3.99856627e-01
    8.57022047e-01 9.95233417e-01 2.69406945e-01 1.74260736e-01
    9.04728591e-01 7.95417309e-01 7.69284010e-01 8.37671876e-01
    5.42800426e-02 4.13661838e-01 6.87356830e-01 2.07697809e-01
    3.85889322e-01 9.60789502e-01 5.58982432e-01 9.53445673e-01
    1.69542313e-01 8.15135181e-01 5.62052727e-01 2.48840630e-01
    1.09291941e-01 1.90209270e-01 5.68825901e-02 2.66943038e-01
    2.26479918e-01 6.04744017e-01 6.91617429e-01 8.39259624e-01
    6.47099972e-01 5.76066792e-01 8.63336980e-01 3.23542833e-01
    2.85823762e-01 1.40083492e-01 8.72995615e-01 1.41691804e-01
    7.20605791e-01 3.41357291e-02 1.50633603e-01 4.75027621e-01
    2.76869535e-03 1.55096054e-01 3.41857612e-01 1.51375473e-01
    2.23245203e-01 4.27407861e-01 8.39609146e-01 9.18446958e-01
    2.81805098e-02 9.13496614e-02 3.45929772e-01 1.54680699e-01
    9.06977236e-01 5.57990193e-01 7.48846054e-01 5.17608881e-01
    7.25008726e-01 3.38909507e-01 3.36753786e-01 5.33378839e-01
    1.44787312e-01 9.90775287e-01 9.37017202e-01 7.47348189e-01
    5.08453429e-01 8.88221383e-01 6.45992398e-01 9.87451136e-01
    7.06060946e-01 1.61962569e-01 7.87518382e-01 9.11504030e-04
    7.92564034e-01 3.75549644e-01 5.50354719e-01 8.44964027e-01
    9.03456211e-01 9.71457958e-02 1.97173953e-01 6.14149690e-01
    1.54157788e-01 7.45006263e-01 7.41185606e-01 6.23163104e-01
    2.21573114e-02 5.65683842e-03 4.16578859e-01 1.20415211e-01
    5.30378580e-01 9.16050196e-01 3.11963618e-01 5.58815360e-01
    4.32820320e-02 4.89272296e-01 6.24767482e-01 7.28830099e-02
    1.42208606e-01 7.61270225e-02 6.08168364e-01 8.21195483e-01
    6.49628878e-01 1.20411754e-01 8.19910109e-01 8.70158970e-02
    1.89234674e-01 5.98561168e-01 6.18635714e-01 8.57600629e-01
    6.20616734e-01 3.54033589e-01 8.86370063e-01 6.48412228e-01
    1.64563000e-01 6.05808377e-01 8.25056732e-02 8.71251345e-01
    6.57316864e-01 2.72179753e-01 5.81017137e-01 1.06902450e-01
    6.68619275e-02 9.36150551e-01 8.62912655e-01 3.68728936e-02
    4.61495817e-02 2.56722182e-01 1.11527532e-01 1.17985845e-01
    9.29398537e-01 9.27403569e-03 5.74457586e-01 4.63843971e-01
    4.42031622e-01 9.32003140e-01 6.45835936e-01 2.49903291e-01
    9.48120117e-01 6.22382939e-01 4.12939340e-01 9.54556346e-01
    1.46466255e-01 9.07605946e-01 1.07514352e-01 9.30746377e-01
    9.96699810e-01 7.67530143e-01 8.65056753e-01 3.55808049e-01
    1.73172206e-01 3.14798206e-01 8.82310390e-01 7.21312106e-01
    8.64940584e-02 4.33942765e-01 7.40074933e-01 7.53407896e-01
    9.26281869e-01 4.25009936e-01 3.11665833e-01 4.13631260e-01
    3.47282887e-02 7.82455444e-01 7.55260944e-01 9.70151544e-01
    3.16045225e-01 9.20451105e-01 6.58078790e-01 1.23732656e-01
    3.23829859e-01 3.01268101e-02 4.70854461e-01 5.87285519e-01
    5.57367504e-01 7.97931075e-01 7.70867467e-01 3.54254067e-01
    8.31992269e-01 1.10729307e-01 5.99382162e-01 8.71614933e-01
    3.32180142e-01 3.64768624e-01 5.22035778e-01 9.48459029e-01
    9.78755951e-01 1.72921062e-01 7.26872802e-01 1.17846936e-01
    8.63882005e-02 4.06495869e-01 7.72825658e-01 6.59753680e-01
    1.02750331e-01 4.61121053e-01 5.56759179e-01 5.31793356e-01
    6.38064265e-01 1.53498769e-01 4.28051889e-01 1.76588297e-01
    8.19850624e-01 3.96464199e-01 2.18465030e-01 8.77936840e-01
    1.23636603e-01 9.76679325e-02 3.09059083e-01 9.63460505e-02
    9.26233590e-01 7.77448416e-02 2.88405120e-01 2.35182643e-02
    3.06462079e-01 8.12829196e-01 1.10297203e-01 1.74920887e-01
    4.92248356e-01 8.81027818e-01 9.59341645e-01 7.39438832e-01
    5.06192446e-03 4.32525456e-01 4.69864607e-02 3.79515231e-01
    2.27152705e-02 2.05131412e-01 2.50285536e-01 5.62155485e-01
    5.76732695e-01 2.92852819e-01 4.27912623e-01 3.56756300e-01
    3.80529523e-01 8.49099874e-01 9.52527523e-02 9.02749598e-02
    2.74459898e-01 7.91726947e-01 7.94148207e-01 5.02015233e-01
    5.49405456e-01 9.34299827e-02 9.11313534e-01 7.07331061e-01
    4.82715726e-01 1.41713530e-01 7.75851488e-01 4.37165320e-01
    6.58916235e-01 4.10001338e-01 8.98584127e-01 1.74211293e-01
    6.70955539e-01 8.04864407e-01 2.94878781e-02 9.47866678e-01
    1.10472828e-01 6.61254525e-01 1.52835578e-01 9.90026951e-01
    6.60151362e-01 9.07078028e-01 2.64962524e-01 2.11825609e-01
    9.67328250e-01 6.66331053e-01 1.68578327e-02 6.08435810e-01
    7.36253738e-01 9.99854565e-01 4.48511541e-01 8.85576010e-01
    6.90424502e-01 6.08363509e-01 3.17144096e-01 4.46393669e-01
    5.98430872e-01 9.33990598e-01 6.99235320e-01 8.40735912e-01
    7.61587441e-01 9.73196745e-01 4.57897931e-01 2.22198486e-01
    5.35172820e-01 4.45301324e-01 1.68293029e-01 4.03828263e-01
    1.11628413e-01 3.32042396e-01 1.83756948e-02 3.66376072e-01
    1.46608293e-01 4.40437376e-01 9.02725816e-01 8.86056840e-01
    4.97576892e-01 7.46746302e-01 3.15801710e-01 2.96754360e-01
    5.93923628e-01 2.08844244e-01 9.40516472e-01 2.32707083e-01
    1.46146268e-01 8.79122019e-01 9.42123413e-01 4.34373736e-01
    5.43722749e-01 7.35091984e-01 2.05823332e-01 6.57015562e-01
    1.03594303e-01 4.49931353e-01 1.21504188e-01 7.90645421e-01
    9.26366150e-02 4.59911585e-01 4.52477574e-01 2.34687954e-01
    7.27078199e-01 5.73199391e-01 7.10278273e-01 1.97043419e-01
    4.99596953e-01 1.44366771e-01 9.51562643e-01 4.67684567e-01
    8.38031888e-01 5.34732759e-01 9.61515605e-02 8.15724492e-01
    1.97791368e-01 1.86239749e-01 8.45673203e-01 6.39760852e-01
    6.83081448e-02 5.18796921e-01 4.22120333e-01 4.23440903e-01
    2.10564137e-02 2.75712609e-01 4.26866680e-01 1.57545000e-01
    4.28796947e-01 8.15958619e-01 5.66912293e-01 2.11988807e-01
    2.94715524e-01 7.05134511e-01 2.65704632e-01 3.49438787e-02
    7.72596955e-01 5.46033084e-01 7.21428752e-01 3.19311947e-01
    7.39346087e-01 8.06255341e-01 2.65863329e-01 7.43950605e-01
    3.81302834e-03 4.91843581e-01 1.77968442e-02 4.21852291e-01
    1.84866697e-01 5.07493496e-01 5.98052740e-02 7.60332346e-01
    4.46599722e-03 1.10314071e-01 9.00071859e-03 8.10896158e-01
    2.03435004e-01 4.45131481e-01 6.88590765e-01 8.25784564e-01
    5.37811100e-01 3.17655861e-01 4.03364897e-02 8.29150975e-02
    9.09436584e-01 7.75513053e-03 9.87825632e-01 3.96813065e-01
    8.85097563e-01 7.19548404e-01 7.30793118e-01 3.34402740e-01
    8.68302345e-01 6.07588112e-01 7.29073346e-01 1.99539721e-01
    7.33955920e-01 3.75511944e-02 6.66948617e-01 1.53275967e-01
    1.82578802e-01 5.69034219e-01 3.10891569e-02 8.08359981e-02
    3.39051515e-01 9.66034532e-01 2.46693730e-01 1.64281130e-02
    6.45555556e-02 7.76921630e-01 1.94349319e-01 5.48542142e-01
    9.71947134e-01 6.08868420e-01 2.01913416e-02 1.15397066e-01
    7.67082572e-01 8.94161940e-01 9.97510791e-01 2.79158354e-01
    2.45045424e-02 7.19698429e-01 9.32257414e-01 1.98547661e-01
    8.85446370e-01 5.86428046e-02 3.30114841e-01 6.70661688e-01
    5.97342134e-01 8.56068492e-01 8.19457412e-01 2.09058404e-01
    9.24327254e-01 6.10112906e-01 8.99130940e-01 4.11697775e-01
    4.30449545e-01 5.54054439e-01 1.36134505e-01 1.07038409e-01
    7.84437299e-01 2.04645902e-01 3.34668130e-01 2.11540818e-01
    5.53767741e-01 3.98209572e-01 3.90960306e-01 4.20590937e-01
    7.01488614e-01 8.88533533e-01 6.94474995e-01 7.94414341e-01
    8.11132610e-01 4.52220261e-01 5.13220131e-01 6.13478541e-01
    8.54008913e-01 7.05438435e-01 5.00536680e-01 5.86570978e-01
    7.21107721e-01 1.84904873e-01 1.77355736e-01 9.86537814e-01
    4.66341376e-02 5.19182086e-02 2.69511878e-01 7.75046229e-01
    9.28801239e-01 6.97227478e-01 1.33273393e-01 4.12133366e-01
    3.65238130e-01 7.70570993e-01 4.10131633e-01 9.98100817e-01
    3.70496511e-02 6.02520645e-01 3.75755101e-01 1.92827612e-01
    7.45507956e-01 3.81820798e-01 6.28745556e-03 9.07785594e-02
    7.94131458e-02 3.63208503e-01 3.11121434e-01 8.82690012e-01
    7.11104870e-01 5.89667439e-01 3.41077089e-01 4.56296563e-01
    2.71835655e-01 5.37987709e-01 4.64947402e-01 2.56171346e-01
    1.26937687e-01 1.76613152e-01 2.94601202e-01 2.48361856e-01
    6.89835906e-01 8.02560210e-01 6.50489867e-01 5.44097483e-01
    5.97092509e-02 6.00731611e-01 7.76931405e-01 5.33482432e-01
    2.71124184e-01 8.94460797e-01 3.13371003e-01 5.60378253e-01
    5.57033598e-01 8.44239116e-01 8.11547339e-01 6.46813214e-02
    1.75469995e-01 2.05936700e-01 9.68137741e-01 4.71175224e-01
    2.25278556e-01 2.31178790e-01 2.83190966e-01 1.19835347e-01
    5.47169626e-01 7.51704395e-01 8.56174588e-01 9.18632269e-01
    6.37440205e-01 2.54705727e-01 3.58985215e-01 9.15752828e-01
    6.97845161e-01 3.22093964e-01 6.16371155e-01 3.59634161e-01
    9.64857042e-02 8.12220573e-01 5.22189498e-01 3.78859878e-01
    5.83735764e-01 4.18303609e-01 9.26718593e-01 2.73361295e-01
    1.46455556e-01 4.28746343e-02 8.01640213e-01 9.96201813e-01
    6.00013435e-01 3.55396152e-01 8.36309493e-02 5.56254804e-01
    7.81764865e-01 8.45638275e-01 2.45211929e-01 6.49527252e-01
    7.29181767e-01 6.04027331e-01 3.38372946e-01 1.59067273e-01
    3.54179919e-01 9.75878835e-01 7.02918231e-01 6.56746149e-01
    8.68769765e-01 7.28495240e-01 9.93478656e-01 5.33437312e-01
    1.64617687e-01 3.07810307e-01 8.61499548e-01 8.15346360e-01
    6.19917512e-01 9.32413816e-01 5.77628613e-01 6.16128147e-01
    5.16995430e-01 4.58645463e-01 7.86388159e-01 1.72291011e-01
    4.13064480e-01 4.87187743e-01 3.75074714e-01 2.77290106e-01
    2.47260183e-01 9.46193635e-01 8.70556891e-01 3.73504877e-01
    7.46929705e-01 9.83783782e-01 1.96534127e-01 6.19661927e-01
    9.95254517e-01 5.41982293e-01 8.22302938e-01 2.95026660e-01
    3.39312434e-01 6.69466257e-01 7.02293217e-01 1.27354860e-01
    6.27333999e-01 6.80613399e-01 6.22377694e-01 8.46149802e-01
    7.02692509e-01 3.12998891e-02 2.24796116e-01 8.40106249e-01
    8.14632535e-01 9.16700304e-01 6.11323118e-01 6.27697170e-01
    3.80354106e-01 5.92785060e-01 8.44012260e-01 2.49067515e-01
    1.14800334e-02 2.01156974e-01 6.98652267e-01 9.31841731e-01
    2.94931233e-01 1.20831668e-01 2.46616632e-01 1.02161229e-01
    7.05397904e-01 7.62805700e-01 9.73639071e-01 6.33373082e-01
    9.82512772e-01 4.28659499e-01 4.28248197e-01 6.86106622e-01
    3.77905577e-01 3.71862113e-01 4.52016115e-01 3.12788010e-01
    3.52806747e-02 9.04769599e-02 1.35551214e-01 5.02101779e-02
    6.54715180e-01 6.77321196e-01 3.77666473e-01 9.14991975e-01
    4.34915245e-01 3.11358482e-01 7.98306882e-01 8.62648904e-01
    8.24597776e-01 5.22985876e-01 1.56290501e-01 9.98585701e-01
    9.98733163e-01 7.81212628e-01 9.35744345e-02 9.36194837e-01
    4.01057273e-01 4.00574595e-01 9.58323240e-01 6.97086692e-01
    1.35271072e-01 3.51354480e-01 5.81174791e-01 7.63033032e-01
    3.61541212e-02 6.27433538e-01 6.05271935e-01 9.64196920e-01
    6.01483047e-01 6.67418122e-01 7.81620979e-01 8.68982077e-01
    1.83874965e-01 6.82664394e-01 8.58613551e-01 9.35075521e-01
    6.40478730e-01 1.91423565e-01 9.64722335e-01 7.20819712e-01
    5.79985857e-01 7.20422864e-01 4.37048972e-01 3.72456133e-01
    4.74239826e-01 1.69461936e-01 9.70619559e-01 9.07222569e-01
    6.42674804e-01 5.26775479e-01 6.99618340e-01 6.77163959e-01
    1.81414872e-01 5.47789395e-01 3.78910154e-01 9.92880762e-02
    1.03535146e-01 4.95610893e-01 7.14508176e-01 2.33877689e-01
    4.01321590e-01 3.61022353e-01 9.01316404e-02 7.51916766e-02
    8.35040212e-01 6.35537803e-01 3.02703083e-01 3.48534405e-01
    2.37554014e-02 3.39997232e-01 7.76472628e-01 9.76687610e-01
    3.17114830e-01 4.40837234e-01 3.38631809e-01 5.61166644e-01
    1.96839362e-01 1.03358328e-01 6.13830566e-01 7.20640659e-01
    6.47049069e-01 4.57301617e-01 4.40551221e-01 7.37823009e-01
    4.81114328e-01 4.03927028e-01 7.86586046e-01 2.32289791e-01
    1.22168541e-01 5.27724624e-02 1.67212278e-01 1.14825547e-01
    5.99354863e-01 9.56369460e-01 9.48821545e-01 7.59971499e-01
    3.19669306e-01 2.61345685e-01 6.36408567e-01 4.02344316e-01
    3.75773907e-02 2.87557244e-01 3.81300062e-01 4.20647830e-01
    1.52192265e-01 1.74609959e-01 3.87429059e-01 3.37409496e-01
    9.97469425e-01 6.58489287e-01 2.08886892e-01 7.10906148e-01
    8.72882366e-01 1.52940780e-01 9.62124467e-02 3.73967201e-01
    1.19995534e-01 1.64391845e-01 6.09205067e-01 1.35902554e-01
    9.16534662e-02 9.92259085e-02 8.76493454e-01 7.89493442e-01
    7.86872864e-01 8.71301293e-01 3.15836728e-01 4.61495996e-01
    2.61198968e-01 9.01307642e-01 5.42778671e-02 4.06838626e-01
    7.77745843e-01 1.33190572e-01 4.74063545e-01 2.51410455e-01
    3.86945337e-01 5.18203795e-01 2.37381279e-01 9.97657478e-02
    8.77479017e-01 1.82398260e-01 3.66712213e-01 9.18136299e-01
    8.41208935e-01 7.48880923e-01 7.60283828e-01 1.20896399e-01
    6.89054310e-01 1.66808546e-01 4.59137380e-01 6.87661469e-01
    6.69453740e-02 8.11161041e-01 6.10084116e-01 8.64418030e-01
    1.96080655e-01 6.93042040e-01 9.03509855e-01 3.72338295e-01
    9.59318519e-01 5.36149204e-01 6.01676941e-01 3.44555199e-01
    9.90815699e-01 9.45669174e-01 7.62748599e-01 4.23032284e-01
    7.13159323e-01 4.12209898e-01 7.91774511e-01 8.74540687e-01
    3.21562588e-02 9.77590561e-01 4.74793792e-01 7.23613799e-01
    5.06851673e-01 4.00909126e-01 3.79725128e-01 4.90508735e-01
    6.01550937e-01 6.23807311e-01 2.75106251e-01 3.08408439e-01
    3.52034807e-01 5.48759341e-01 6.36945248e-01 9.31801558e-01
    1.62306309e-01 3.07656258e-01 2.88952321e-01 5.06326020e-01
    4.97215092e-02 2.67876983e-01 3.95992428e-01 4.65272546e-01
    2.87423372e-01 6.73285961e-01 1.63284510e-01 5.36358714e-01
    7.97811627e-01 7.93740749e-01 9.67876136e-01 5.79534531e-01
    7.91698158e-01 4.32213128e-01 1.46463245e-01 4.71082330e-02
    2.61889577e-01 4.34974760e-01 4.88301247e-01 6.64435506e-01
    9.15039539e-01 6.94771588e-01 5.06749511e-01 1.63064212e-01
    7.41050184e-01 8.34139287e-01 5.84761679e-01 8.77400160e-01
    3.76168340e-01 2.86978066e-01 5.18866122e-01 2.21993864e-01
    1.41151100e-01 3.65494490e-01 3.08679521e-01 8.50567698e-01
    5.17863810e-01 7.12966025e-01 8.83322239e-01 2.68298984e-01
    2.18562722e-01 4.88679677e-01 6.19638383e-01 3.85078728e-01
    7.83972859e-01 1.41712666e-01 5.30868471e-02 2.78124213e-02
    9.24796343e-01 5.71599603e-02 2.99175322e-01 3.14024925e-01
    9.12781000e-01 9.25897777e-01 9.82204199e-01 4.70410883e-01
    2.58332253e-01 6.19646609e-01 6.62299454e-01 5.90280890e-01
    6.12442911e-01 4.28387642e-01 1.70151889e-02 8.75115395e-01
    6.29380524e-01 7.68825412e-01 1.80762231e-01 9.69954848e-01
    7.25124598e-01 2.44078249e-01 2.99521863e-01 1.90351605e-01
    6.73425019e-01 9.62676108e-02 3.70864451e-01 4.33872551e-01
    7.62478411e-01 5.36094010e-01 7.94820547e-01 7.79225111e-01
    9.03919935e-01 9.72068310e-01 8.19573045e-01 8.90498519e-01
    5.54771125e-02 6.64521396e-01 5.67291796e-01 8.67449403e-01
    5.75408161e-01 5.56944966e-01 1.20464146e-01 1.27403140e-02
    7.67627716e-01 8.78166080e-01 9.11914885e-01 7.65450716e-01
    8.60262156e-01 7.04814136e-01 6.37275219e-01 1.27719015e-01
    7.61067569e-01 7.02207685e-01 7.50306129e-01 8.66243362e-01
    6.23814464e-01 4.83970016e-01 7.77426004e-01 8.33618522e-01
    7.51691937e-01 5.06310105e-01 9.33680236e-01 8.72474611e-02
    4.56832647e-01 2.55967855e-01 7.33812928e-01 7.83793092e-01
    5.21611512e-01 1.77861571e-01 3.99945974e-01 7.41507888e-01
    5.13899028e-01 5.98427236e-01 4.39971209e-01 5.51880360e-01
    6.94329262e-01 5.54999232e-01 7.85333335e-01 9.98162627e-02
    6.18775547e-01 2.55209714e-01 3.28070700e-01 7.93383896e-01
    5.58341026e-01 4.67486084e-01 9.33516443e-01 9.33980048e-01
    2.88275152e-01 1.03945196e-01 4.39297497e-01 9.06121433e-02
    9.45986032e-01 2.52661169e-01 2.52072513e-01 3.52225274e-01
    2.61556864e-01 5.69648087e-01 5.55951238e-01 1.72711313e-02
    9.71610546e-01 9.87569571e-01 6.15870774e-01 3.28303874e-02
    1.71222985e-02 5.26505828e-01 2.29634702e-01 6.99087143e-01
    4.26728100e-01 8.86552215e-01 3.37780714e-01 8.67367029e-01
    3.79438460e-01 2.98067987e-01 3.16651136e-01 1.77208126e-01
    8.90312910e-01 2.69568980e-01 7.63994575e-01 4.64031458e-01
    4.67249990e-01 8.97095084e-01 5.88737428e-01 7.13849664e-01
    7.54235089e-01 1.31620556e-01 9.27461028e-01 9.77782488e-01
    6.85532391e-01 6.95866108e-01 8.51367414e-02 6.46149933e-01
    5.25708497e-02 3.10646296e-02 5.32946885e-02 8.64790201e-01
    7.04900205e-01 9.10024285e-01 5.12682140e-01 6.88466191e-01
    9.14389133e-01 8.96035135e-02 4.94683057e-01 6.91403329e-01
    3.69115114e-01 2.18833685e-02 1.04756355e-02 5.58617175e-01
    8.58755589e-01 4.33459997e-01 4.38489377e-01 9.87005115e-01
    9.21145737e-01 1.81270540e-02 1.73986733e-01 1.47147894e-01
    3.65387380e-01 1.56390965e-01 8.80434513e-01 5.16908526e-01
    3.75800014e-01 7.72334099e-01 7.87920237e-01 8.53964984e-01
    5.39147973e-01 8.13532114e-01 5.52064180e-03 8.90497804e-01
    1.71014398e-01 8.26999247e-01 2.80341804e-01 6.60747826e-01
    8.51034403e-01 6.62046373e-01 9.99450564e-01 7.52039850e-01
    5.40960133e-01 5.60970545e-01 8.32599759e-01 3.21620911e-01
    3.26067448e-01 6.16615832e-01 1.47938222e-01 3.44603062e-02
    5.04859984e-01 6.22343600e-01 6.51333928e-01 2.81308502e-01
    1.19464070e-01 1.54112160e-01 5.42670608e-01 2.57265747e-01
    2.28490531e-02 3.22458744e-01 6.06368840e-01 5.25014460e-01
    1.48742884e-01 6.73909545e-01 2.61315793e-01 7.99116790e-02
    1.62739843e-01 2.86207080e-01 5.73949814e-01 2.02651531e-01
    8.73580277e-02 4.50833559e-01 6.45219207e-01 2.69629717e-01
    9.86529708e-01 7.65334189e-01 7.75559545e-02 1.73306763e-02
    5.91182768e-01 9.83608961e-01 7.58236647e-01 5.04540801e-02
    3.66549313e-01 9.92963374e-01 5.19059718e-01 1.30201399e-01
    2.88399965e-01 3.24781656e-01 5.83849370e-01 8.75633717e-01
    9.00932372e-01 3.64509702e-01 6.60623968e-01 8.36164176e-01
    7.16718912e-01 6.26657188e-01 3.33009839e-01 7.29128003e-01
    9.83691335e-01 4.73072708e-01 6.21324301e-01 6.03199363e-01
    1.48208678e-01 9.52943206e-01 1.30235940e-01 6.80078983e-01
    9.94410992e-01 8.86761427e-01 1.19865835e-02 7.56566167e-01
    5.77388167e-01 9.40282822e-01 7.06745744e-01 3.05924267e-01
    2.64623761e-03 6.21824861e-01 1.07561976e-01 5.81503689e-01
    8.11494350e-01 6.89087272e-01 3.39416087e-01 2.14006394e-01
    3.46792281e-01 7.25142777e-01 7.33338833e-01 7.59244323e-01
    9.95010614e-01 8.09591293e-01 1.91979766e-01 6.83402538e-01
    6.00718021e-01 7.15157866e-01 9.00161445e-01 6.25027776e-01
    1.55225009e-01 7.59748399e-01 4.93507236e-01 6.24771655e-01
    4.42959279e-01 5.05583763e-01 5.94727814e-01 4.01048958e-01
    1.34211212e-01 3.36456001e-02 4.36179399e-01 1.24412090e-01
    7.38026202e-02 8.00610900e-01 9.55003619e-01 8.18602324e-01
    6.19730473e-01 7.08257198e-01 3.62792194e-01 9.47327375e-01
    2.86314487e-01 5.17591238e-01 2.28344083e-01 2.40212411e-01
    7.15455353e-01 3.44955623e-01 9.66221035e-01 8.89898300e-01
    9.06523287e-01 1.18512571e-01 2.98877448e-01 7.84000993e-01
    4.98364121e-01 8.59421015e-01 8.76464844e-01 3.76795113e-01
    9.76092756e-01 6.19998813e-01 5.46917558e-01 3.62256736e-01
    5.54126918e-01 7.05407202e-01 9.77537632e-01 1.01029396e-01
    9.63883400e-02 8.55136871e-01 5.72216332e-01 3.26678693e-01
    6.24591410e-01 3.40732664e-01 1.90726310e-01 3.10954750e-01
    7.48279691e-02 7.08095074e-01 8.63690376e-01 8.94425750e-01
    2.65989721e-01 2.39175260e-01 8.97676945e-02 5.66303611e-01
    2.09472507e-01 7.19395280e-03 7.80192316e-02 5.81104636e-01
    8.27338934e-01 2.33625263e-01 4.49461937e-01 9.00907874e-01
    2.45500237e-01 6.40221775e-01 4.86958027e-03 4.65833277e-01
    6.14589691e-01 1.73308134e-01 3.80282491e-01 8.35150480e-01
    6.68801904e-01 8.31737161e-01 6.30871177e-01 1.70207888e-01
    5.65548420e-01 7.38211334e-01 1.71972066e-01 7.65951216e-01
    3.44864666e-01 3.52373958e-01 7.28246331e-01 4.62095767e-01
    5.73056936e-03 9.77788270e-01 9.35202241e-01 9.81837988e-01
    2.25472063e-01 4.85051543e-01 9.12048101e-01 2.49381363e-02
    3.24437112e-01 7.16083944e-01 7.27164984e-01 7.99117386e-01
    8.05852890e-01 7.37355411e-01 8.88533711e-01 7.90620744e-02
    7.43554711e-01 9.56602573e-01 1.09619439e-01 1.91946507e-01
    5.68511605e-01 1.89908177e-01 2.09566087e-01 6.22252524e-01
    4.21609491e-01 6.99949682e-01 7.95870960e-01 2.71129280e-01
    5.31107664e-01 1.25532866e-01 9.46823061e-02 3.82462978e-01
    7.04082549e-02 4.73517001e-01 3.50829542e-01 8.28281522e-01
    2.11967170e-01 5.45100272e-01 5.22113740e-01 7.79313684e-01
    4.90270615e-01 2.05142498e-02 8.84151816e-01 6.35594010e-01
    6.00883842e-01 5.40770590e-01 4.52555209e-01 7.88283944e-01
    5.24896562e-01 8.93633306e-01 7.24599004e-01 3.29891741e-01
    5.62680960e-01 5.37306428e-01 8.01247358e-01 5.98838091e-01
    1.56153828e-01 5.55548012e-01 2.05976844e-01 3.40245157e-01
    8.66032600e-01 7.29300678e-01 5.09999514e-01 8.02104712e-01
    6.89719021e-02 9.44562256e-01 5.98329842e-01 6.35139406e-01
    9.31488872e-01 3.75648826e-01 8.50482345e-01 3.11314523e-01
    3.80647331e-01 4.68127131e-01 7.52614856e-01 6.73506558e-01
    3.36818397e-01 1.06873602e-01 9.28689003e-01 1.71863407e-01
    8.68967474e-01 9.59648669e-01 5.04985750e-01 2.52231956e-02
    6.14592075e-01 6.81858063e-01 7.65817761e-01 3.91892880e-01
    1.98711693e-01 5.56997299e-01 3.18720341e-02 3.88673425e-01
    8.41548979e-01 7.94839978e-01 7.99323857e-01 4.23667312e-01
    4.90342051e-01 3.51777971e-02 4.42240655e-01 9.28167939e-01
    3.27468872e-01 2.89106965e-01 8.67016613e-02 8.78500700e-01
    5.44812441e-01 4.85416800e-01 5.90902567e-02 9.25327659e-01
    1.45974964e-01 3.88337255e-01 1.24405354e-01 5.93806207e-01
    5.02193451e-01 1.19941741e-01 1.28080994e-01 1.15106076e-01
    7.30481625e-01 9.43736911e-01 8.33534002e-01 8.94630194e-01
    4.29596454e-01 5.31494319e-02 8.02131891e-02 5.62114894e-01
    6.38743401e-01 4.49109554e-01 3.91964495e-01 8.74153614e-01
    3.97646755e-01 3.29693139e-01 7.31329024e-02 3.63181889e-01
    5.97999990e-01 5.86558938e-01 1.62809968e-01 2.35500455e-01
    5.81762552e-01 1.95749491e-01 9.68684316e-01 9.43613291e-01
    4.59630787e-02 7.73741126e-01 7.28388250e-01 6.59721732e-01
    4.01958853e-01 4.36142653e-01 9.23958540e-01 4.51498955e-01
    5.01024425e-02 2.92652011e-01 7.94661283e-01 9.78978872e-01
    3.36895883e-01 6.86566830e-01 9.87365723e-01 8.02352071e-01
    4.51878220e-01 7.13787735e-01 9.34665799e-01 7.96611965e-01
    6.63779080e-01 9.15894508e-01 3.04144263e-01 7.03140378e-01
    3.72149259e-01 8.95188749e-02 4.31045234e-01 8.93840909e-01
    6.17727757e-01 8.60010087e-01 3.18363756e-01 7.01383948e-01
    9.66134369e-01 6.42539144e-01 9.72431183e-01 4.63750362e-02
    7.89631486e-01 2.81576991e-01 6.21762097e-01 3.76803577e-01
    3.44585836e-01 5.26897252e-01 2.10275799e-01 2.11651564e-01
    6.97820306e-01 9.06858444e-01 6.98165059e-01 5.11482418e-01
    6.31033778e-01 9.32322741e-01 4.92953598e-01 3.97916496e-01
    3.13946724e-01 9.37501192e-01 9.81794477e-01 6.53098106e-01
    9.38166976e-01 8.71775925e-01 3.52206439e-01 1.94697678e-01
    9.62420940e-01 5.40830195e-01 1.94794893e-01 7.77052879e-01
    6.07345700e-01 1.77615762e-01 2.98970044e-01 2.82981902e-01
    9.54085052e-01 3.87670130e-01 9.23238397e-01 7.79391885e-01
    4.61079419e-01 6.25570416e-01 4.15586710e-01 3.27306986e-02
    9.45191979e-01 7.51915932e-01 5.08311749e-01 7.31993854e-01
    9.17623281e-01 9.36350346e-01 5.37290335e-01 4.02444124e-01
    6.48160577e-01 5.50054729e-01 5.16509414e-01 9.72776055e-01
    1.73487633e-01 6.32239938e-01 5.96907556e-01 2.89407432e-01
    9.78857338e-01 4.03707772e-01 8.18449378e-01 2.75208712e-01
    7.62617588e-03 7.38038123e-02 7.59924233e-01 3.65345001e-01
    6.12631440e-01 7.77112126e-01 4.60301250e-01 8.95592809e-01
    5.52087784e-01 4.06423599e-01 7.61806548e-01 6.56376004e-01
    1.74564570e-01 1.72413319e-01 2.38937765e-01 1.43824428e-01
    6.50361478e-01 1.84547901e-02 7.93271601e-01 8.60525489e-01
    5.59016824e-01 4.22123283e-01 5.37859738e-01 6.95986629e-01
    2.08172590e-01 3.88787895e-01 2.33684599e-01 7.89483905e-01
    3.05924118e-02 1.48498118e-01 2.83535212e-01 4.46201921e-01
    7.46782780e-01 8.00221801e-01 6.06881678e-02 1.47667050e-01
    9.56008554e-01 4.12820280e-01 8.21709037e-02 4.03823525e-01
    3.13236684e-01 9.26446497e-01 2.46478379e-01 1.85705125e-02
    2.47124374e-01 2.24565446e-01 5.47634304e-01 6.04480505e-02
    9.39594209e-01 9.89347339e-01 7.10442603e-01 4.30513322e-01
    9.02197361e-01 7.63552904e-01 3.26038450e-01 3.44422191e-01
    1.34480238e-01 8.14957917e-01 5.75509965e-01 7.45764673e-01
    5.54236352e-01 5.58220327e-01 3.47660303e-01 9.92624283e-01
    5.71258843e-01 9.65444565e-01 4.86536920e-02 2.33516872e-01
    9.95695591e-05 2.58691192e-01 5.69836199e-02 8.10453534e-01
    4.42634255e-01 2.23884881e-01 8.86547863e-01 3.67409885e-01
    8.47374082e-01 7.73586988e-01 8.10086250e-01 4.21343416e-01
    1.48899347e-01 4.74512845e-01 4.10050511e-01 7.81214714e-01
    6.46473646e-01 3.47674072e-01 3.13541889e-02 7.51480758e-01
    2.49294579e-01 9.59554017e-01 1.30683273e-01 9.63764131e-01
    1.63814962e-01 1.94736540e-01 6.60906434e-02 1.10591650e-02
    6.54104471e-01 3.74041021e-01 8.06271791e-01 3.70386928e-01
    9.20381904e-01 2.72359818e-01 6.38071299e-01 9.02653277e-01
    4.70584720e-01 5.92951477e-01 5.78354537e-01 5.62997103e-01
    3.19919229e-01 4.29373354e-01 6.80171132e-01 6.30864620e-01
    3.31775784e-01 6.20812953e-01 2.34229416e-01 5.20220935e-01
    2.33059168e-01 9.78387952e-01 1.70850754e-03 8.27458620e-01
    4.15723622e-02 2.38286942e-01 6.59246802e-01 4.99528289e-01
    1.68619931e-01 4.75464940e-01 5.78051567e-01 8.43410492e-01
    9.85740066e-01 3.57314557e-01 9.90245342e-01 3.53575796e-01
    7.85404325e-01 4.70899940e-01 2.72563100e-01 8.11019778e-01
    8.35627079e-01 3.59763801e-01 2.44247526e-01 7.47649312e-01
    1.31295949e-01 1.31986052e-01 9.39198852e-01 4.50044721e-01
    8.75782073e-01 2.39633739e-01 8.63481641e-01 2.66325861e-01
    6.98506057e-01 7.43857622e-01 5.52165508e-03 8.49185228e-01
    7.89776564e-01 1.85473263e-01 9.19042110e-01 7.26101756e-01
    1.52634770e-01 5.14726937e-02 1.64458215e-01 9.79677677e-01
    1.57868773e-01 7.61746168e-02 1.82502329e-01 9.09947991e-01
    7.64912367e-01 6.43378198e-02 4.25089568e-01 8.81714582e-01
    2.17253208e-01 6.27039611e-01 1.19406611e-01 8.87031078e-01
    1.45982116e-01 4.88423288e-01 4.45543170e-01 6.26691997e-01
    3.67182732e-01 4.54714656e-01 7.99447536e-01 5.98930240e-01
    9.86643791e-01 7.90591717e-01 1.75284892e-01 3.97269040e-01
    2.14588374e-01 8.66368890e-01 8.36262703e-01 7.55003989e-01
    1.71357691e-01 9.58107948e-01 8.22177529e-01 5.28393805e-01
    2.03780949e-01 1.78891450e-01 6.67926610e-01 9.03775990e-01
    4.76191342e-01 7.90098608e-01 5.93693852e-02 6.93605959e-01
    8.17768931e-01 6.53768420e-01 7.66513646e-01 9.68265772e-01
    4.16669577e-01 6.96652532e-01 1.20687038e-01 3.53696942e-02
    9.45808291e-01 3.84169310e-01 6.01272762e-01 9.83893871e-02
    3.59450251e-01 3.66136670e-01 1.83319300e-01 1.39344007e-01
    7.58978128e-02 8.32165956e-01 7.85632968e-01 8.63435864e-01
    8.15537751e-01 2.25763917e-01 7.21504152e-01 1.40178740e-01
    7.26623833e-01 4.94606793e-02 8.71323228e-01 7.50333548e-01
    8.99574876e-01 1.63702071e-01 1.70688719e-01 4.49604541e-01
    6.58717871e-01 7.58133471e-01 6.46012664e-01 1.68122351e-01
    3.99276286e-01 2.19372541e-01 5.77428758e-01 4.01064575e-01
    9.60322201e-01 7.82182813e-02 5.93465745e-01 6.55317068e-01
    9.16089237e-01 1.62800878e-01 1.90306306e-01 7.24463582e-01
    4.22491074e-01 4.23608780e-01 6.76923990e-02 3.17434967e-02
    2.87187278e-01 6.42364025e-01 3.23506892e-02 4.39176679e-01
    2.47050494e-01 1.52041525e-01 2.06986547e-01 8.91892254e-01
    4.81578201e-01 6.00881040e-01 8.30891430e-02 3.39044094e-01
    3.54048520e-01 2.12405711e-01 2.63393819e-01 2.49715835e-01
    5.56812882e-01 2.06217200e-01 7.78214931e-01 1.68440431e-01
    1.13639444e-01 8.00224245e-02 9.49099302e-01 2.95730948e-01
    7.06971705e-01 2.26179808e-01 9.75713611e-01 4.87034082e-01
    6.24697447e-01 3.46856892e-01 9.52475071e-01 2.06833869e-01
    4.00644541e-03 7.82885969e-01 8.66273344e-02 7.44679987e-01
    8.31205726e-01 4.83200073e-01 9.04779971e-01 1.68424070e-01
    7.84283757e-01 7.12335408e-01 3.87612581e-01 3.55005264e-01
    2.37043709e-01 5.10987937e-01 3.24954510e-01 3.09676170e-01
    3.77288133e-01 4.90945637e-01 5.13306916e-01 4.07459915e-01
    5.88148773e-01 7.41650105e-01 2.34246790e-01 4.79800016e-01
    5.27588844e-01 3.00482035e-01 9.83598351e-01 1.28774375e-01
    3.90200019e-02 4.43209976e-01 3.65393639e-01 8.96250844e-01
    4.72454756e-01 4.30143833e-01 5.53580344e-01 2.03415930e-01
    8.40887547e-01 3.35223734e-01 4.23965454e-01 3.18742394e-01
    6.13718450e-01 7.00704098e-01 3.73796582e-01 7.25654125e-01
    7.51218438e-01 8.93106163e-02 9.38760638e-01 1.38749391e-01
    5.78852952e-01 1.74656630e-01 2.21615911e-01 3.49930674e-01
    9.27917957e-02 7.18653202e-03 9.26741958e-01 4.77591872e-01
    7.26361275e-01 5.85931659e-01 8.91639113e-01 2.70088702e-01
    6.94881856e-01 4.36377317e-01 3.31590742e-01 8.94679666e-01
    7.86750436e-01 2.37948567e-01 1.24145716e-01 7.89890707e-01
    9.83017802e-01 1.77929103e-01 5.94450176e-01 8.93469453e-01
    8.22498560e-01 6.40097916e-01 5.86365402e-01 8.38635087e-01
    2.27709085e-01 2.08170265e-01 5.19024074e-01 8.15543890e-01
    7.57819176e-01 7.18186259e-01 6.36167586e-01 2.27381289e-02
    1.68921649e-01 1.47857547e-01 3.75485659e-01 8.48027587e-01
    4.05143023e-01 2.60093391e-01 4.20494974e-01 9.59536314e-01
    7.92314053e-01 3.94339025e-01 5.04918694e-01 7.39081144e-01
    4.15120900e-01 7.46599913e-01 5.09718657e-01 1.20955408e-02
    9.52253819e-01 6.86402023e-01 7.73992836e-01 1.68237418e-01
    7.67030358e-01 8.06532025e-01 7.05912828e-01 7.47411251e-01
    6.11791790e-01 8.96858871e-01 2.61112928e-01 9.96566296e-01
    1.47936642e-01 7.81475425e-01 9.58170414e-01 9.63721514e-01
    4.13885176e-01 4.09024656e-02 2.78903753e-01 4.81199205e-01
    3.66680175e-01 2.69629896e-01 3.67056429e-01 6.79143548e-01
    9.82617140e-01 1.55145645e-01 6.03528976e-01 2.26826549e-01
    8.46867323e-01 7.16492951e-01 4.20851409e-01 7.47369587e-01
    9.60002661e-01 9.66644883e-02 6.89824462e-01 2.94996440e-01
    1.89935416e-01 6.75176322e-01 2.58601755e-01 3.03500116e-01
    7.43305385e-01 8.37014675e-01 3.89637500e-01 5.68064809e-01
    8.53600621e-01 4.43579286e-01 3.45291793e-01 1.97258592e-01
    6.65144801e-01 7.37563729e-01 7.64092803e-03 8.05054367e-01
    7.13931322e-01 5.47534168e-01 8.94433379e-01 6.24563992e-01
    6.27612770e-01 5.84427118e-02 6.87853158e-01 6.23881817e-03
    2.51710445e-01 2.50213534e-01 7.12504387e-01 4.09174562e-01
    4.82629478e-01 2.36424953e-01 7.63068914e-01 8.79829407e-01
    9.98310328e-01 3.04497480e-01 3.31684381e-01 2.69002795e-01
    8.59315813e-01 7.54418671e-01 9.24924493e-01 7.79329062e-01
    7.28674650e-01 1.66743994e-01 6.13924682e-01 8.42532456e-01
    2.21330911e-01 5.59628129e-01 5.77893257e-02 4.07238841e-01
    8.24339390e-02 7.47351706e-01 4.41191971e-01 2.27385551e-01
    5.20178616e-01 5.16409278e-01 1.78773284e-01 5.48484206e-01
    9.18750882e-01 7.06885397e-01 7.55255163e-01 3.92660141e-01
    2.10182905e-01 6.13766670e-01 7.55767941e-01 6.29581928e-01
    5.55206418e-01 2.15712398e-01 7.48987436e-01 7.47063756e-02
    3.82125378e-01 1.33319855e-01 2.06828594e-01 5.10601103e-01
    4.63894308e-01 4.23272908e-01 2.79152274e-01 9.07118261e-01
    4.83095229e-01 9.27118540e-01 8.87980640e-01 5.83180189e-01
    3.49510670e-01 3.00000906e-01 1.10004038e-01 9.23444748e-01
    9.02227402e-01 2.15488911e-01 6.59728348e-01 8.77274454e-01
    7.93077946e-01 3.80223572e-01 6.77307248e-01 3.52954090e-01
    8.98908854e-01 7.99537778e-01 9.93104577e-01 6.33560777e-01
    4.36214268e-01 5.23446918e-01 9.16572332e-01 8.15280557e-01
    8.64533663e-01 2.02939451e-01 9.38403070e-01 5.05355179e-01
    9.01127934e-01 9.74714756e-01 4.93972600e-02 6.58881605e-01
    6.92301631e-01 1.18881553e-01 5.57910979e-01 4.31087971e-01
    3.05436432e-01 3.21294367e-02 6.99989915e-01 2.18426883e-01
    7.95940995e-01 7.43362725e-01 9.31140542e-01 9.94651318e-01
    2.04905570e-01 4.71145958e-01 3.35079938e-01 8.99468780e-01
    6.85730338e-01 7.66606092e-01 3.70344341e-01 2.12434947e-01
    7.89997697e-01 3.93741697e-01 2.82253653e-01 3.23985487e-01
    5.29000044e-01 5.03794849e-01 6.72371387e-01 8.84247482e-01
    9.18615460e-01 6.87312961e-01 4.92391199e-01 8.24438095e-01
    7.37384379e-01 6.35578156e-01 4.71837491e-01 7.07790315e-01
    9.73275840e-01 9.18957949e-01 5.69675148e-01 5.13914943e-01
    5.44995308e-01 5.57852685e-02 2.93738604e-01 1.86466783e-01
    6.73690319e-01 8.82048249e-01 7.02340245e-01 4.77831006e-01
    9.60444927e-01 3.92573148e-01 6.05751693e-01 4.98845309e-01
    9.05625045e-01 8.16318512e-01 8.57442498e-01 8.55772316e-01
    2.72369385e-01 2.56117553e-01 3.23292077e-01 8.07581306e-01
    9.29736257e-01 6.34000719e-01 9.77302969e-01 2.39312828e-01
    7.36326993e-01 8.90518785e-01 5.52113295e-01 3.47481608e-01
    1.19252056e-01 4.55130428e-01 5.15486777e-01 3.27977777e-01
    5.75394928e-01 4.56512541e-01 2.40742862e-01 2.53512621e-01
    2.11451352e-01 7.61453509e-01 2.69826114e-01 5.92878461e-01
    5.69066405e-03 2.95898914e-02 1.29822701e-01 7.88913667e-02
    4.95610833e-02 4.52899128e-01 2.34866768e-01 1.46705657e-01
    8.36188316e-01 6.51792228e-01 7.45885730e-01 8.65966380e-02
    7.68283546e-01 3.16277921e-01 2.86307096e-01 7.16107726e-01
    1.19841993e-01 1.79918170e-01 8.57288182e-01 9.78703499e-02
    4.62331802e-01 9.39725101e-01 6.95607483e-01 2.16613799e-01
    6.56634569e-01 7.87175655e-01 9.32409108e-01 8.43247294e-01
    9.97299969e-01 7.58522987e-01 6.17885709e-01 9.45976973e-02
    2.62189716e-01 7.20460176e-01 5.54880202e-01 4.34403896e-01
    3.65470827e-01 8.12328458e-02 8.54446232e-01 4.38981324e-01
    1.83859885e-01 6.49908125e-01 3.20998967e-01 1.52163118e-01
    6.34421110e-01 6.43672347e-01 3.90928507e-01 1.97977453e-01
    4.34954256e-01 6.43892527e-01 2.13640571e-01 2.39113599e-01
    9.52231884e-01 2.74445981e-01 8.43440294e-01 9.23113346e-01
    1.10202402e-01 2.54854918e-01 9.35386837e-01 9.65970278e-01
    8.81876647e-01 3.17443073e-01 4.88158286e-01 3.05890352e-01
    3.57694328e-01 9.77643728e-01 5.90198755e-01 1.42553419e-01
    1.22584581e-01 5.20294666e-01 2.59388745e-01 7.30365217e-02
    9.18444037e-01 6.39374554e-01 7.76486635e-01 4.85784441e-01
    9.97040391e-01 7.56475449e-01 6.77185416e-01 1.32743418e-01
    8.14477265e-01 6.90753460e-02 8.86958420e-01 8.42762232e-01
    7.57639527e-01 8.58892083e-01 9.17044401e-01 3.17970932e-01
    1.26805454e-01 1.36903375e-01 3.39210212e-01 9.03229356e-01
    7.70635784e-01 1.04705095e-01 6.54382944e-01 6.71488047e-03
    7.78217316e-01 1.49719894e-01 6.26428127e-01 8.42284203e-01
    7.48127699e-01 2.63897300e-01 4.81050313e-02 6.20710313e-01
    8.86225224e-01 6.77848220e-01 2.91341394e-01 6.40106440e-01
    5.11757374e-01 2.93921083e-01 3.97353947e-01 5.57713687e-01
    6.94594681e-02 9.33830678e-01 6.78458214e-01 1.14749402e-01
    2.32680857e-01 6.12515807e-01 8.75262618e-02 2.88008273e-01
    1.45360202e-01 3.32622528e-02 5.20073354e-01 4.50802803e-01
    6.04163885e-01 3.34072828e-01 2.52020061e-01 4.49288636e-01
    7.65044153e-01 1.49822831e-02 1.40999526e-01 1.94625258e-02
    9.49505925e-01 3.07903588e-01 2.75137424e-01 3.48722279e-01
    5.98623991e-01 6.56743884e-01 8.15558314e-01 4.19429570e-01
    7.15498805e-01 5.38241208e-01 3.51436973e-01 3.24104279e-01
    1.94584846e-01 6.43595815e-01 4.32643622e-01 5.43697000e-01
    2.22978622e-01 5.46719432e-01 3.58971894e-01 8.58545780e-01
    8.21125746e-01 7.70654619e-01 7.53449678e-01 9.90507007e-02
    4.10905421e-01 2.37775773e-01 5.59209108e-01 5.30619621e-01
    2.88638860e-01 5.37069738e-01 5.98343432e-01 9.38184977e-01
    9.33164656e-01 2.36558467e-01 9.56883788e-01 6.03555977e-01
    1.95611298e-01 6.16211414e-01 5.69498837e-01 7.15333819e-01
    8.90596151e-01 6.85414433e-01 1.76465124e-01 9.98744965e-01
    5.54861665e-01 4.61620092e-03 2.83299983e-02 4.11094785e-01
    3.55264485e-01 3.35407138e-01 9.25045490e-01 9.22910631e-01
    2.36260444e-01 4.95479047e-01 4.95128036e-02 1.15152001e-01
    9.81012881e-01 4.33490872e-02 7.58435011e-01 7.12417722e-01
    3.39294612e-01 1.02233976e-01 9.65512097e-01 4.29747671e-01
    1.44937843e-01 7.63050318e-01 9.35378790e-01 8.21461797e-01
    3.84379148e-01 9.00094390e-01 3.27391148e-01 7.48401225e-01
    7.49905586e-01 3.07157695e-01 2.20592052e-01 7.29305446e-01
    1.20468050e-01 6.69883847e-01 3.60547334e-01 6.70442581e-01
    6.12694204e-01 5.90355933e-01 9.96832132e-01 6.12426400e-02
    3.49742651e-01 6.85712576e-01 4.44576025e-01 1.32530928e-04
    1.18363529e-01 3.44282448e-01 4.52198237e-01 7.22554326e-01
    4.99725342e-04 1.51326358e-01 2.00178832e-01 5.72864175e-01
    3.03952098e-02 1.62034631e-01 2.14172602e-01 2.28889912e-01
    3.27226400e-01 9.28707957e-01 3.34566414e-01 8.31378996e-01
    7.24399865e-01 8.71252418e-01 9.17023182e-01 5.48653781e-01
    5.88919818e-01 2.31524706e-01 4.90110099e-01 4.77828205e-01
    9.96744990e-01 4.65130359e-01 6.03348613e-01 8.77781034e-01
    2.81755626e-01 8.14858973e-02 9.20920014e-01 9.16935802e-01
    6.40223265e-01 2.99002618e-01 6.23735249e-01 6.84542298e-01
    2.63980657e-01 1.83922946e-02 1.37895167e-01 1.37119055e-01
    3.70435387e-01 4.22916532e-01 6.05909526e-02 4.52227473e-01
    6.24476731e-01 4.32582438e-01 8.44519496e-01 2.98151940e-01
    2.16415107e-01 5.46281815e-01 6.48925066e-01 6.22246563e-01
    3.26757908e-01 4.08999383e-01 1.22352481e-01 7.25396991e-01
    5.20593584e-01 7.00476468e-02 8.12762082e-02 7.30864942e-01
    1.68743730e-02 4.12344158e-01 4.53084916e-01 7.65687466e-01
    9.60814595e-01 5.29692173e-01 3.70103806e-01 4.98973668e-01
    7.42326021e-01 6.91270947e-01 9.20891285e-01 3.08732510e-01
    9.35255170e-01 1.81312919e-01 9.36659515e-01 5.13630509e-01
    9.06676531e-01 8.33203256e-01 9.01406229e-01 7.22279549e-01
    4.63738590e-01 3.31121683e-02 3.29222739e-01 4.39547688e-01
    4.78831351e-01 2.90708184e-01 2.60024130e-01 9.86231148e-01
    8.99759412e-01 7.63448238e-01 7.07043529e-01 6.50709033e-01
    4.42695439e-01 5.99537015e-01 4.59355116e-02 2.85513282e-01
    4.90958273e-01 6.73633933e-01 6.70475721e-01 9.74330187e-01
    5.25425255e-01 5.11124313e-01 6.73862875e-01 4.66157496e-01
    5.97065568e-01 4.99504715e-01 3.93872797e-01 3.35803419e-01
    2.23999977e-01 4.22281474e-01 9.33277011e-01 2.61663109e-01
    5.80472350e-01 1.69010311e-01 9.40523624e-01 5.41946173e-01
    5.69205999e-01 2.48295873e-01 3.11669260e-01 5.98681808e-01
    9.20096993e-01 3.61287355e-01 5.07445693e-01 7.11598337e-01
    7.21338868e-01 6.38000369e-01 2.96453416e-01 5.65858603e-01
    5.80577970e-01 8.53261352e-01 2.07373768e-01 1.67822629e-01
    5.59237540e-01 2.95137227e-01 6.64638579e-01 6.78567052e-01
    8.84854198e-01 4.47655827e-01 6.70635819e-01 8.24137926e-01
    5.49665987e-01 7.81292558e-01 1.78887129e-01 1.85073286e-01
    7.44579554e-01 8.30094457e-01 6.25312924e-01 9.38276410e-01
    3.56033832e-01 8.37339938e-01 4.35320616e-01 1.69153512e-01
    2.47374177e-03 7.18377531e-02 8.69848132e-01 6.19035661e-01
    4.55139846e-01 8.80125701e-01 6.61117196e-01 8.73584509e-01
    4.45784628e-02 5.69256127e-01 9.12253618e-01 6.37872219e-01
    9.16258693e-01 9.04438496e-01 9.96948242e-01 8.81984711e-01
    7.29220212e-02 8.72378230e-01 5.03452361e-01 6.90506876e-01
    2.44174629e-01 2.17220128e-01 6.77562714e-01 8.53063107e-01
    7.08074152e-01 5.89219749e-01 5.42947471e-01 7.81456828e-02
    3.93901974e-01 1.29167438e-01 6.90471292e-01 6.41107142e-01
    3.92819375e-01 7.59191155e-01 6.82045519e-01 7.44119942e-01
    5.07920980e-04 9.45376635e-01 8.30469131e-01 5.05105495e-01
    9.16376948e-01 6.32272363e-01 4.08078045e-01 5.20428181e-01
    2.12825835e-02 2.70868301e-01 6.72582269e-01 7.71586299e-01
    1.66228503e-01 9.42494750e-01 8.03861201e-01 9.74749744e-01
    8.98829103e-02 6.27457321e-01 9.96845484e-01 6.17291510e-01
    6.17349029e-01 7.02888846e-01 6.34837270e-01 3.45263660e-01
    5.76031506e-02 7.12402225e-01 3.81288528e-02 5.22224545e-01
    7.99977779e-01 8.89687836e-02 5.17320633e-01 9.09760356e-01
    9.33989286e-01 4.01745856e-01 6.74548447e-02 6.34524047e-01
    4.78133768e-01 7.55522013e-01 7.28552043e-01 7.27390647e-01
    5.11480153e-01 6.45397544e-01 9.53190327e-01 9.08677459e-01
    6.00428402e-01 8.21080327e-01 2.92933136e-01 9.18876290e-01
    3.61359894e-01 4.45826024e-01 6.94540083e-01 5.25642037e-02
    1.37592793e-01 5.23836851e-01 9.12924528e-01 2.06025779e-01
    3.64820629e-01 5.87116480e-01 1.26397252e-01 4.63975936e-01
    1.15422189e-01 9.57265496e-01 8.73074889e-01 5.46885371e-01
    1.72196716e-01 1.97212934e-01 2.57850021e-01 1.06743097e-01
    7.21038580e-01 8.93526614e-01 7.01243997e-01 9.36775208e-01
    1.95096880e-01 2.88175166e-01 1.22290760e-01 7.89997935e-01
    2.42192060e-01 2.66669929e-01 9.41456199e-01 7.53461719e-01
    1.01857632e-01 4.43622589e-01 6.53403401e-01 3.75048339e-01
    7.81758547e-01 4.23792809e-01 4.41503555e-01 4.80565101e-01
    6.52136445e-01 4.64983582e-02 9.86358523e-01 8.19837689e-01
    2.38787234e-01 2.33989209e-01 3.91263127e-01 3.38837564e-01
    9.13661897e-01 5.88203073e-02 9.96274650e-01 9.37481523e-01
    2.66263664e-01 5.14946222e-01 5.50151885e-01 6.52984560e-01
    3.15992057e-01 1.74553782e-01 8.64039063e-02 3.69612008e-01
    1.41099155e-01 6.90631568e-01 7.61920333e-01 4.63118553e-01
    2.10145891e-01 2.53853798e-01 1.70447171e-01 4.82630014e-01
    6.86945677e-01 3.27139288e-01 4.98902261e-01 3.89625430e-02
    7.77163386e-01 9.99696493e-01 5.72609603e-01 7.10185528e-01
    1.73316598e-02 8.35226774e-01 7.28413165e-02 6.31145477e-01
    7.04375267e-01 9.06054616e-01 1.45229071e-01 1.74212039e-01
    2.48791456e-01 1.54935509e-01 1.71261251e-01 5.69011390e-01
    9.76768374e-01 7.14852750e-01 6.22252584e-01 4.90974724e-01
    6.14362955e-01 1.26700222e-01 3.36981952e-01 6.85579479e-02
    8.46751928e-01 4.38058048e-01 8.68324518e-01 6.20855093e-02
    4.25256371e-01 8.94880116e-01 3.61769110e-01 1.74758404e-01
    7.66302884e-01 6.09875441e-01 5.94541728e-01 3.00452590e-01
    2.21207738e-03 2.12023646e-01 6.22297049e-01 5.05365729e-01
    6.62268043e-01 4.45885479e-01 2.46170431e-01 7.26131499e-01
    2.98615694e-01 6.20998621e-01 5.48769534e-01 9.69675064e-01
    3.07465553e-01 1.30991966e-01 7.67055213e-01 6.54952705e-01
    4.42977488e-01 2.38733619e-01 5.40214956e-01 1.70807481e-01
    7.73266494e-01 3.85089457e-01 9.56084490e-01 4.57176775e-01
    2.21807122e-01 4.87720519e-01 7.39709973e-01 8.68424177e-01
    4.19354141e-02 8.03922176e-01 2.48592645e-01 3.03838551e-01
    8.88391733e-02 9.83268261e-01 8.22499990e-02 1.65393323e-01
    5.28416157e-01 5.37208140e-01 1.33652359e-01 7.57606328e-02
    6.93275392e-01 4.96725917e-01 5.03700972e-01 8.12663436e-01
    9.52411056e-01 5.86065114e-01 9.83110070e-03 9.63190794e-01
    7.32136250e-01 3.11618447e-01 9.53018069e-01 9.95057523e-02
    3.37553024e-01 3.92007530e-02 1.45000398e-01 4.88672435e-01
    9.18542266e-01 9.20689404e-02 9.71614122e-01 4.15383577e-02
    2.72861302e-01 1.02408409e-01 2.44478911e-01 1.86426342e-01
    2.61223644e-01 1.12741083e-01 7.53806233e-01 4.85893399e-01
    2.02580810e-01 5.20835996e-01 6.00740492e-01 5.80039918e-02
    5.90735972e-01 8.52421761e-01 8.17732096e-01 7.33350575e-01
    5.05409122e-01 2.63739228e-02 9.06094313e-01 4.80176181e-01
    1.47810966e-01 8.71873379e-01 5.41035533e-01 5.89286804e-01
    1.20922267e-01 7.40192890e-01 6.12176359e-01 1.31417513e-02
    6.82867706e-01 7.26496458e-01 4.11616564e-01 2.62666523e-01
    8.62933278e-01 7.20655680e-01 4.06190932e-01 3.08435947e-01
    5.67144990e-01 8.55483592e-01 9.55132484e-01 6.81613982e-01
    8.20598543e-01 9.22156572e-01 3.55445683e-01 9.74716663e-01
    2.96191692e-01 8.70951355e-01 1.81541145e-01 2.88164794e-01
    9.64648008e-01 3.53398651e-01 2.13069111e-01 3.48967195e-01
    3.71200353e-01 8.44726980e-01 8.19740772e-01 1.34379715e-01
    6.30209327e-01 1.83279485e-01 6.01626158e-01 6.49263859e-01
    5.76682210e-01 5.38792729e-01 5.49841881e-01 5.79184234e-01
    6.11908436e-02 5.64047158e-01 5.21275699e-02 9.68892336e-01
    9.37473476e-02 2.65215933e-02 1.30567104e-01 1.72743887e-01
    9.89455938e-01 1.35502517e-02 1.62107378e-01 1.89055085e-01
    6.05997205e-01 9.48297679e-02 4.21728164e-01 3.20732534e-01
    7.34574199e-02 4.67224121e-02 8.00872445e-02 9.12347078e-01
    7.09595919e-01 2.22823739e-01 4.26553249e-01 3.17805529e-01
    6.69185698e-01 2.01522738e-01 6.12233818e-01 8.76472175e-01
    4.68033969e-01 4.07891572e-01 9.40338492e-01 4.07737136e-01
    7.02458918e-01 9.42263603e-02 8.26496005e-01 4.45502698e-02
    8.00788760e-01 6.85668588e-01 3.33198369e-01 3.84819448e-01
    1.50723457e-01 2.92225540e-01 7.63894916e-01 1.21094465e-01
    4.54243630e-01 7.52137899e-02 1.79498196e-02 2.84005284e-01
    7.24397540e-01 9.30130363e-01 4.77113426e-01 7.81292439e-01
    1.58412009e-01 7.06872582e-01 9.95521128e-01 6.47422552e-01
    6.08916581e-01 2.53495932e-01 5.72863758e-01 8.96624565e-01
    4.01045740e-01 5.83010018e-02 4.23946649e-01 3.54797930e-01
    3.11513394e-01 3.66047025e-03 9.93144512e-01 4.22665834e-01
    8.13995898e-01 1.45417601e-01 9.27006125e-01 9.71238971e-01
    5.13711393e-01 5.12181878e-01 9.43026364e-01 9.55997407e-01
    7.30551243e-01 8.43972087e-01 4.98250246e-01 7.18877733e-01
    6.04737997e-01 6.46194935e-01 1.38132215e-01 9.24434602e-01
    1.76386327e-01 6.86117768e-01 5.86545587e-01 3.65462542e-01
    9.92038131e-01 2.44937092e-01 5.47119081e-02 8.59991193e-01
    7.35865235e-01 5.98888457e-01 8.06927085e-02 6.78268254e-01
    1.98698968e-01 1.53404713e-01 4.94670391e-01 1.05598718e-01
    7.56311595e-01 8.75477672e-01 5.63154101e-01 2.49092638e-01
    4.68013763e-01 9.50940013e-01 9.05709922e-01 2.70156980e-01
    4.90761459e-01 6.74803734e-01 9.81650531e-01 9.81459856e-01
    7.31143177e-01 4.97132570e-01 4.62577939e-01 5.68674147e-01
    1.29335731e-01 4.26814795e-01 8.97433400e-01 2.28527606e-01
    3.77251208e-01 8.68896127e-01 8.35569978e-01 4.57267076e-01
    1.65232480e-01 9.13107872e-01 9.16451633e-01 6.68614745e-01
    4.86873299e-01 1.08338535e-01 9.78932023e-01 8.39202642e-01
    9.28994417e-02 4.12612855e-01 1.54622138e-01 4.25880909e-01
    4.78962660e-01 5.26880324e-02 3.26525152e-01 5.05721748e-01
    7.75493383e-01 9.64194894e-01 8.70134473e-01 7.68651128e-01
    6.91185236e-01 6.75159097e-01 2.75682002e-01 9.46961820e-01
    4.54881042e-01 6.41780734e-01 6.48242652e-01 7.62461185e-01
    6.74000978e-01 4.71155405e-01 5.19213796e-01 4.70940769e-02
    3.93213660e-01 5.97348213e-02 6.17049694e-01 2.37838060e-01
    1.11956298e-01 3.97411674e-01 5.21115422e-01 7.43449450e-01
    2.66313046e-01 1.45981908e-02 9.68502641e-01 2.74647772e-01
    2.48298049e-01 8.22017908e-01 2.62108743e-01 2.67820686e-01
    1.03786618e-01 5.15703857e-01 5.49241722e-01 6.63984716e-01
    5.18136621e-01 3.60378891e-01 6.71192944e-01 2.54536688e-01
    4.25626278e-01 2.00834274e-02 6.79195583e-01 3.46370250e-01
    8.28252912e-01 8.99678111e-01 1.19342476e-01 5.17825842e-01
    3.07132363e-01 1.59109503e-01 7.81618953e-01 5.93436241e-01
    4.81750071e-02 8.34099352e-02 8.05344105e-01 4.87330377e-01
    9.24622715e-02 2.57037789e-01 8.91622841e-01 1.74637765e-01
    1.57274634e-01 7.76946545e-02 4.83309954e-01 9.07055438e-01
    2.81477004e-01 6.49508893e-01 8.04847002e-01 6.15856528e-01
    7.66231358e-01 8.20808113e-01 6.45841658e-01 6.68554366e-01
    1.89983517e-01 7.37920403e-03 7.97052026e-01 1.04583681e-01
    9.43286180e-01 4.76445794e-01 6.12418354e-01 9.42028046e-01
    6.90341592e-02 1.56541705e-01 3.00822586e-01 7.67000079e-01
    2.41959900e-01 8.22357476e-01 3.19035798e-01 8.96057606e-01
    9.34462786e-01 5.42670369e-01 5.35701513e-01 6.49392605e-01
    3.05858970e-01 6.34556055e-01 8.19924355e-01 8.54025722e-01
    9.71159697e-01 1.85562462e-01 9.39927816e-01 1.70319378e-01
    8.28638434e-01 5.45382440e-01 5.26286125e-01 8.32404852e-01
    6.18411839e-01 6.55483007e-01 4.18577045e-01 1.26337737e-01
    6.70634031e-01 8.11188281e-01 2.33168900e-01 5.86479187e-01
    8.78979206e-01 5.04638314e-01 5.67468345e-01 8.76723289e-01
    7.64707685e-01 9.11418557e-01 8.48874927e-01 7.82190025e-01
    8.41378689e-01 2.56247461e-01 1.06802672e-01 1.70365453e-01
    1.76451325e-01 9.37148929e-01 1.67998582e-01 3.47519338e-01
    6.92024708e-01 2.32295871e-01 7.99649119e-01 9.98561144e-01
    2.46637344e-01 2.69249380e-01 5.10262072e-01 4.79820162e-01
    9.40633893e-01 3.10882360e-01 9.04098153e-01 6.76396012e-01
    8.39635074e-01 2.35455811e-01 8.12254667e-01 9.53881085e-01
    5.96720815e-01 9.58760381e-02 4.12727684e-01 8.66315842e-01
    7.44819880e-01 1.82986856e-02 6.19442701e-01 2.22867191e-01
    2.69113004e-01 5.14142931e-01 7.05256283e-01 2.78206587e-01
    1.96312398e-01 3.88732076e-01 3.99362683e-01 4.27548409e-01
    7.11489499e-01 4.88245726e-01 9.24489260e-01 2.40547657e-01
    7.35986829e-02 8.84251773e-01 7.11290956e-01 4.28182572e-01
    6.50607228e-01 8.33695233e-01 1.42887563e-01 4.92713213e-01
    3.14772010e-01 7.01567292e-01 4.77657020e-02 1.27893955e-01
    2.41760820e-01 5.06181836e-01 7.44718075e-01 6.35318041e-01
    2.39047289e-01 4.45705295e-01 5.66879988e-01 4.40412223e-01
    7.61077046e-01 7.66961932e-01 4.91639853e-01 7.48224735e-01
    9.89798784e-01 7.97372758e-01 3.29395235e-01 2.62908280e-01
    1.59793019e-01 8.75470519e-01 3.95238459e-01 6.39763474e-03
    5.59307516e-01 1.59273803e-01 1.85853183e-01 2.39526957e-01
    5.48915386e-01 6.38128817e-02 5.89647233e-01 9.55664456e-01
    8.74191761e-01 7.78187335e-01 4.42957908e-01 3.84734124e-01
    4.17641640e-01 1.95714742e-01 4.26891029e-01 1.95647746e-01
    9.75955725e-02 5.13915479e-01 4.95349586e-01 8.23601127e-01
    8.69982600e-01 6.45348310e-01 6.57335281e-01 8.35597396e-01
    8.43562365e-01 7.14991808e-01 7.92072952e-01 8.99275422e-01
    6.91069365e-01 7.92887747e-01 5.73395789e-01 4.52097297e-01
    3.22223514e-01 1.82729989e-01 8.75714064e-01 3.42016488e-01
    2.65167594e-01 6.38274491e-01 1.46304369e-02 1.92638338e-01
    5.20093203e-01 3.08626592e-02 6.18362486e-01 1.95080310e-01
    3.86818826e-01 1.15515590e-02 4.59360540e-01 7.50460505e-01
    1.08641595e-01 8.16590548e-01 4.84098911e-01 5.63521087e-01
    6.48559034e-01 9.48630869e-02 5.41066468e-01 3.75738114e-01
    1.42527819e-01 9.33682442e-01 2.58590966e-01 1.00404739e-01
    8.62561464e-01 4.28155661e-01 3.46052647e-02 4.37061906e-01
    4.06066239e-01 2.57156163e-01 2.12405771e-01 4.47991222e-01
    2.00179398e-01 6.96649194e-01 1.32562220e-02 1.39373839e-01
    9.59069252e-01 9.83027637e-01 7.08272219e-01 2.64288783e-01
    7.01497674e-01 6.14513993e-01 7.36224174e-01 9.83709335e-01
    8.99938583e-01 1.79990977e-01 9.15067196e-02 8.56462717e-02
    9.22457218e-01 5.56856513e-01 2.58170903e-01 2.86084890e-01
    3.48187625e-01 3.17476988e-01 9.48037148e-01 8.98662806e-01
    5.91067791e-01 8.12592387e-01 3.15971673e-01 4.35782373e-01
    3.43771279e-01 5.42077303e-01 8.40578198e-01 5.01004755e-02
    8.93996954e-01 9.29023266e-01 5.95984697e-01 7.85709679e-01
    4.56751347e-01 8.96609068e-01 9.14497495e-01 7.11152494e-01
    3.96981895e-01 4.74680483e-01 9.77686524e-01 9.30029154e-02
    6.33390188e-01 2.50399947e-01 8.02271724e-01 5.10825753e-01
    1.11673594e-01 3.62626404e-01 9.59760249e-01 7.42454290e-01
    1.95302546e-01 8.54350924e-01 8.10952544e-01 9.81599331e-01
    3.61589789e-01 8.23835552e-01 9.67620850e-01 1.13308758e-01
    6.59460068e-01 6.73092306e-02 4.53994274e-02 5.68074822e-01
    6.61175966e-01 5.58066130e-01 3.21273148e-01 5.29135704e-01
    1.73202276e-01 9.75623369e-01 2.29299217e-01 5.20334899e-01
    6.48305714e-01 7.01595724e-01 7.82263756e-01 1.93875313e-01
    6.26643002e-01 4.39772099e-01 8.94552171e-02 5.98938823e-01
    1.33628279e-01 4.04707909e-01 7.77862132e-01 8.13401401e-01
    6.96896136e-01 5.53742826e-01 8.86802077e-01 6.91508889e-01
    7.40943730e-01 4.57890183e-01 8.39951634e-01 2.25916505e-02
    8.77330184e-01 8.37960720e-01 5.92468023e-01 9.39138234e-02
    9.16667700e-01 5.33746719e-01 3.75893712e-01 4.76575434e-01
    5.79192340e-02 7.07844138e-01 2.52696335e-01 8.03908646e-01
    2.46643811e-01 4.00539994e-01 2.87886083e-01 9.19279933e-01
    3.82230163e-01 1.78611040e-01 5.57446003e-01 8.30483556e-01
    5.97085893e-01 7.08047032e-01 1.71844959e-02 4.35926020e-01
    2.49308348e-02 3.48760396e-01 3.64923835e-01 8.16921115e-01
    3.75057340e-01 9.64613020e-01 9.48803425e-02 8.33350778e-01
    3.58440340e-01 9.06563997e-01 5.02021849e-01 5.43910861e-02
    7.40680695e-02 8.95001173e-01 3.20401788e-02 8.45989883e-01
    1.74195766e-02 4.87071633e-01 9.27478552e-01 7.89893627e-01
    9.20274854e-01 3.13754141e-01 8.27407420e-01 8.04919839e-01
    6.98754132e-01 2.21301973e-01 2.67890513e-01 5.27777553e-01
    1.94009393e-01 8.53762925e-01 6.43620551e-01 4.12361026e-02
    7.14078188e-01 5.75648844e-02 6.85704112e-01 7.32135057e-01
    3.00411552e-01 6.30004525e-01 7.19023228e-01 6.50364399e-01
    7.71447361e-01 4.91647035e-01 8.29899430e-01 8.80808651e-01
    8.39967966e-01 3.35335135e-02 4.07908797e-01 3.79659027e-01
    9.62618887e-01 1.05127901e-01 6.79953814e-01 7.91661739e-01
    3.66091788e-01 3.40270758e-01 7.94262290e-01 9.16230857e-01
    7.60355473e-01 3.58589768e-01 2.75262266e-01 7.32594371e-01
    8.88373971e-01 7.95963883e-01 5.58834732e-01 2.86399484e-01
    4.98757869e-01 5.41822910e-01 7.59301722e-01 6.81510627e-01
    4.65383500e-01 7.23869920e-01 5.49117804e-01 9.13425565e-01
    1.44312650e-01 8.29710245e-01 3.10715675e-01 6.13511443e-01
    6.09459043e-01 6.43126070e-01 5.51064253e-01 8.04829001e-02
    9.20263827e-02 3.38037103e-01 5.02774358e-01 3.32746208e-01
    7.55059242e-01 3.05076778e-01 2.64302194e-01 2.35612512e-01
    5.10628462e-01 9.58785772e-01 8.84566665e-01 4.25113797e-01
    5.41838527e-01 5.30106127e-01 4.01947945e-01 4.22034681e-01
    5.95313728e-01 5.80343127e-01 6.82986915e-01 3.66658151e-01
    7.94242978e-01 6.31636560e-01 5.37703514e-01 5.94096065e-01
    6.74818993e-01 3.15977603e-01 8.49362612e-01 5.93806386e-01
    7.95930028e-01 5.15774608e-01 7.64126420e-01 3.82337570e-02
    3.25504392e-01 7.66792297e-01 6.29789710e-01 2.60563612e-01
    4.78441447e-01 8.33885074e-01 1.90404952e-02 4.85396683e-01
    9.21330690e-01 7.57734656e-01 8.41397882e-01 1.36350244e-01
    4.11494195e-01 5.69375634e-01 3.52621794e-01 2.74092555e-01
    2.71373570e-01 5.02976716e-01 1.93128675e-01 9.55984592e-02
    6.23537719e-01 8.96828413e-01 7.16750503e-01 2.18276531e-01
    1.69436961e-01 5.54165244e-03 6.07978702e-02 5.79184771e-01
    5.89991510e-02 5.51397443e-01 4.72388387e-01 5.69968343e-01
    2.63012588e-01 3.38378191e-01 4.04969066e-01 2.50579357e-01
    9.92847145e-01 4.84733641e-01 5.39622605e-01 5.27503967e-01
    9.48714495e-01 3.85824740e-02 8.44812036e-01 8.30150068e-01
    5.54911137e-01 8.97671223e-01 6.00055575e-01 3.48846674e-01
    1.80742443e-01 2.36714363e-01 4.73974675e-01 2.32692480e-01
    8.48819196e-01 1.92754328e-01 5.31010270e-01 3.14273953e-01
    8.74074161e-01 5.36766291e-01 7.34305501e-01 5.37409365e-01
    3.83643806e-02 5.80522358e-01 4.20495152e-01 4.69989926e-01
    6.09883487e-01 9.72795606e-01 6.27873421e-01 7.19071865e-01
    6.68342292e-01 8.58567476e-01 3.46844196e-02 5.60975075e-03
    6.10621870e-02 8.86301160e-01 2.83718079e-01 8.74931812e-01
    9.64554489e-01 7.63315558e-01 9.35668111e-01 1.49131000e-01
    9.58188295e-01 2.50245929e-02 2.16687679e-01 2.47828543e-01
    4.70339388e-01 9.98948336e-01 4.86284435e-01 3.43765914e-02
    4.15023863e-02 3.87315094e-01 6.03269398e-01 9.80255842e-01
    2.29096502e-01 2.38640368e-01 7.13914633e-01 4.25952077e-01
    8.14397454e-01 3.83724749e-01 7.42591023e-02 3.18762660e-02
    6.51252687e-01 5.83207667e-01 2.29107141e-02 9.06331062e-01
    3.27804804e-01 6.47721648e-01 2.66786635e-01 5.08622468e-01
    6.62850678e-01 5.78947484e-01 6.53569043e-01 1.15283638e-01
    5.53090513e-01 1.85774267e-02 2.37012535e-01 6.56400144e-01
    7.05415249e-01 7.80893862e-02 5.37145197e-01 7.13982344e-01
    2.05970645e-01 4.71755654e-01 6.03454828e-01 3.26899260e-01
    6.98108077e-02 3.38610172e-01 1.86131299e-02 9.49390054e-01
    4.78636026e-02 2.10782826e-01 1.50183022e-01 6.02702856e-01
    2.92712867e-01 4.99259233e-01 4.88429695e-01 4.06991571e-01
    8.24970841e-01 1.75056666e-01 5.63838959e-01 4.08108830e-02
    7.65970826e-01 7.69889832e-01 6.18075013e-01 2.87013292e-01
    2.38728315e-01 5.04881442e-01 4.57228422e-02 7.39872694e-01
    1.00544572e-01 4.22498852e-01 1.90929651e-01 4.88931030e-01
    4.69103634e-01 1.56464875e-01 4.97696131e-01 8.29228640e-01
    6.15601838e-01 2.87326097e-01 5.15778482e-01 6.99025750e-01
    4.60447609e-01 9.65279460e-01 5.29683769e-01 3.12054992e-01
    5.50582826e-01 9.17134285e-02 2.29218751e-01 6.40085936e-01
    1.20654553e-01 2.16838419e-01 8.35682034e-01 8.07484388e-01
    3.98311228e-01 5.94152808e-01 4.55926359e-02 2.04601556e-01
    6.76600635e-02 6.74035430e-01 6.37848735e-01 9.18921590e-01
    9.05887544e-01 9.79440451e-01 8.68664742e-01 3.72946262e-03
    2.88253844e-01 4.09208983e-01 7.27980137e-01 9.57696617e-01
    6.39404595e-01 5.48891366e-01 3.62616181e-01 9.20153975e-01
    3.31249774e-01 1.19958371e-01 8.92017722e-01 3.33094120e-01
    3.40801477e-01 7.39710450e-01 9.55066741e-01 5.82200289e-01
    9.01043415e-04 5.63418984e-01 5.45490682e-01 2.55498827e-01
    3.55074048e-01 5.69845200e-01 1.14201695e-01 8.55040073e-01
    4.51413691e-01 7.83699095e-01 3.77717018e-01 4.72352326e-01
    9.02703047e-01 1.79158628e-01 2.32940733e-01 5.09302616e-02
    7.92874396e-01 2.47534990e-01 8.94266665e-02 2.96272576e-01
    5.27216971e-01 4.04641181e-01 7.22174227e-01 9.20954943e-01
    5.72831273e-01 5.05644798e-01 7.81624079e-01 9.52295125e-01
    3.24360907e-01 3.85519445e-01 4.58268523e-02 8.77155900e-01
    5.56736350e-01 7.95692503e-01 8.34602594e-01 4.19893920e-01
    6.38553977e-01 2.46258795e-01 4.41569716e-01 1.78199083e-01
    8.38355184e-01 4.47050393e-01 1.83756977e-01 4.12024617e-01
    4.16001976e-01 1.01430446e-01 5.30921757e-01 8.66119385e-01
    4.85595882e-01 6.64517164e-01 4.94613290e-01 4.56909090e-01
    6.90226972e-01 7.50283301e-01 2.02952325e-01 1.90489739e-01
    2.52874970e-01 8.91115725e-01 3.14057767e-02 3.06682885e-01
    8.61095428e-01 2.31607974e-01 3.55353296e-01 5.71250916e-04
    8.00073445e-01 5.01887262e-01 3.14689368e-01 4.37128544e-01
    4.10508066e-01 3.00785065e-01 9.65588331e-01 9.90617573e-02
    2.72792578e-01 3.35217446e-01 5.38770497e-01 2.30914265e-01
    3.52956146e-01 9.78790283e-01 3.06092739e-01 1.83790624e-01
    5.01913011e-01 4.09869552e-01 5.32681942e-01 1.28911793e-01
    7.87451029e-01 4.80749071e-01 1.61105782e-01 1.00233942e-01
    1.36202395e-01 6.89685166e-01 3.46084714e-01 2.63543129e-01
    6.92355990e-01 8.86358380e-01 1.12805188e-01 7.51335323e-01
    2.94628382e-01 5.02900541e-01 6.81009293e-01 2.20371425e-01
    9.46114898e-01 7.90608406e-01 6.72678649e-01 1.99243426e-01
    5.00535846e-01 3.27075303e-01 2.69940436e-01 1.37877256e-01
    3.68765771e-01 9.68917131e-01 1.63536072e-01 5.36969125e-01
    7.04214334e-01 1.56851262e-01 4.59483176e-01 6.11123145e-01
    3.79483819e-01 6.27709270e-01 3.27827483e-01 9.54620481e-01
    6.64565206e-01 8.52815747e-01 1.97429776e-01 5.21024704e-01
    8.75126183e-01 3.57917339e-01 9.71901655e-01 6.86462998e-01
    3.92414868e-01 3.90621126e-02 6.91005230e-01 3.84366512e-01
    9.77839828e-01 8.14446270e-01 1.93227410e-01 6.17831349e-01
    3.05396974e-01 4.16522145e-01 4.52227354e-01 9.87891197e-01
    4.18742299e-02 6.63093150e-01 9.56705570e-01 8.32410395e-01
    5.51590502e-01 2.75429547e-01 6.73677564e-01 3.15968394e-01
    1.98944360e-01 8.27660680e-01 4.03026760e-01 6.60622597e-01
    5.12379110e-01 9.29804027e-01 1.49801075e-01 4.16710377e-02
    9.94994342e-02 9.04849768e-01 4.52541113e-02 8.27383101e-02
    5.79109073e-01 1.05157197e-01 6.11554503e-01 7.08762109e-01
    6.36838913e-01 1.48387641e-01 7.52585649e-01 5.81438661e-01
    4.54719931e-01 4.66680646e-01 6.43629730e-01 5.85728824e-01
    9.67447281e-01 5.52587509e-01 9.74182785e-01 6.89013779e-01
    2.87763834e-01 4.84366983e-01 2.60367751e-01 6.95616007e-02
    7.34234154e-01 3.09800208e-02 8.46057355e-01 4.88245606e-01
    8.03370118e-01 7.89485455e-01 2.38745362e-01 8.67723286e-01
    1.24765247e-01 9.67929661e-02 6.82565451e-01 6.30129278e-01
    7.52761245e-01 3.97298992e-01 2.55970329e-01 1.22537911e-02
    3.10022265e-01 1.55018598e-01 7.25071371e-01 5.82844615e-01
    5.35629630e-01 5.31670749e-01 1.16469413e-01 3.77593249e-01
    8.23694289e-01 6.78536296e-02 2.21429557e-01 2.91799843e-01
    4.54507768e-02 6.74154282e-01 5.28321743e-01 2.22647130e-01
    8.40183973e-01 6.57138228e-01 1.41690284e-01 7.11498141e-01
    9.61014628e-01 2.94674635e-01 7.24549294e-01 2.77480066e-01
    8.24977815e-01 7.76318014e-01 7.97641516e-01 6.06125772e-01
    9.82213736e-01 5.04571974e-01 3.22172493e-01 7.07723618e-01
    9.11603451e-01 7.48654008e-02 5.96861541e-02 4.10096526e-01
    1.45087242e-02 2.89186239e-02 9.57694650e-02 6.30300999e-01
    6.53438032e-01 9.00419235e-01 2.46679515e-01 5.66572547e-01
    5.25624990e-01 8.99854124e-01 2.00840831e-03 7.27772057e-01
    2.93685853e-01 3.44315380e-01 6.66885316e-01 5.55509806e-01
    8.35712552e-01 4.79005188e-01 2.99284548e-01 2.76163578e-01
    3.49724114e-01 7.65846014e-01 4.89793777e-01 5.92351973e-01
    9.43969846e-01 1.92388058e-01 8.47164452e-01 2.94678092e-01
    7.34975934e-01 8.14882278e-01 6.73905909e-01 1.69444501e-01
    9.22151148e-01 5.51345050e-01 2.71627963e-01 3.37181449e-01
    6.09807909e-01 3.99058491e-01 7.17439532e-01 8.66624713e-01
    3.45893204e-01 9.07979667e-01 8.14322710e-01 9.60851312e-01
    3.46447438e-01 8.09708238e-01 3.06774050e-01 3.27624500e-01
    7.57134676e-01 8.76752615e-01 6.22866750e-01 6.08820975e-01
    6.48026824e-01 3.93843800e-01 2.00372905e-01 1.92171901e-01
    5.64694405e-03 8.12131286e-01 8.54305148e-01 5.82266510e-01
    1.11435890e-01 5.58671713e-01 4.86923188e-01 3.71055603e-02
    7.83572435e-01 2.40029126e-01 7.77082682e-01 1.18579000e-01
    3.10788214e-01 4.40188020e-01 2.69127011e-01 2.89809704e-03
    1.43754393e-01 7.57511854e-01 9.00727391e-01 3.74428332e-01
    6.77664995e-01 3.85499865e-01 5.34725249e-01 8.24494720e-01
    1.86854511e-01 1.30555868e-01 7.46201575e-01 7.32712328e-01
    5.06693959e-01 8.23700368e-01 3.59238625e-01 9.28422809e-03
    3.62680733e-01 4.60214168e-01 8.02085876e-01 7.16291487e-01
    8.64981115e-01 1.21026963e-01 3.51624072e-01 8.17066908e-01
    6.36507034e-01 5.33070207e-01 7.91858137e-01 8.68036747e-01
    7.20789909e-01 5.92896640e-01 6.31405473e-01 3.48385692e-01
    9.00556087e-01 5.48518896e-02 7.83371866e-01 4.60203230e-01
    7.73858190e-01 3.70346785e-01 9.43972826e-01 7.17408478e-01
    2.94566154e-02 4.19549167e-01 1.36628419e-01 3.62817794e-01
    6.19546652e-01 8.02637756e-01 7.14386582e-01 6.02511823e-01
    2.36299276e-01 3.78954917e-01 9.91490483e-01 8.44975293e-01
    6.60027266e-02 4.84847367e-01 7.37342477e-01 4.54630822e-01
    6.29467785e-01 3.08986634e-01 6.77820086e-01 8.30420732e-01
    6.45328522e-01 7.77516127e-01 9.14557695e-01 4.92981642e-01
    6.05612934e-01 4.76015508e-01 6.12072706e-01 8.98047447e-01
    5.06414115e-01 2.06835210e-01 4.75675970e-01 7.44349122e-01
    1.46314144e-01 3.30698192e-01 9.75969255e-01 5.36472321e-01
    4.89333063e-01 3.54588807e-01 8.62872005e-01 6.93844736e-01
    1.98270082e-01 4.95357007e-01 3.75283211e-01 8.01727772e-01
    9.58723187e-01 7.27394342e-01 9.03824449e-01 7.44511604e-01
    5.95203876e-01 4.99875456e-01 5.24572015e-01 9.18389678e-01
    7.73643255e-01 8.00403953e-01 7.10287690e-03 9.78892207e-01
    8.59061897e-01 5.25859237e-01 3.04625005e-01 6.25033438e-01
    5.26157439e-01 5.41833520e-01 5.86342573e-01 5.18971503e-01
    9.88475382e-02 6.45292044e-01 1.08563006e-01 3.38307381e-01
    8.58234525e-01 5.94638526e-01 2.27128714e-01 6.18048012e-01
    4.73172009e-01 9.28041339e-01 6.86777771e-01 6.20601773e-01
    1.30385607e-01 3.69125605e-03 3.42741072e-01 2.46958613e-01
    1.02925777e-01 5.21315336e-01 7.71520495e-01 9.95434761e-01
    9.33855891e-01 7.12606311e-03 3.95016253e-01 3.18017602e-02
    7.89867222e-01 3.36178839e-02 1.16699994e-01 9.06516194e-01
    8.41836691e-01 8.14608574e-01 1.11308008e-01 3.47189605e-02
    7.08827376e-01 6.60487056e-01 8.14456165e-01 5.32999635e-01
    7.66516566e-01 9.22564089e-01 9.02938664e-01 8.24798405e-01
    9.38470364e-01 1.40249640e-01 4.01893556e-01 3.77665460e-01
    9.83043134e-01 2.48553157e-01 2.27265567e-01 7.22211957e-01
    9.35800612e-01 7.47091472e-01 8.60704899e-01 6.21483088e-01
    3.26177657e-01 5.19003689e-01 4.32111681e-01 9.44902539e-01
    3.13241482e-01 2.02978760e-01 4.11221385e-03 9.70459819e-01
    7.93971717e-02 1.29996955e-01 6.07968271e-01 9.65722799e-01
    5.38168669e-01 2.00277567e-01 2.55696595e-01 1.48965687e-01
    3.24172199e-01 6.58243597e-01 8.06509495e-01 7.02247381e-01
    2.47708857e-01 7.81373620e-01 3.54279459e-01 2.28376120e-01
    7.93349445e-02 6.38255835e-01 8.75822067e-01 5.63074112e-01
    1.76209390e-01 6.21850491e-01 7.76955187e-01 2.25208640e-01
    8.73090506e-01 7.43788183e-01 5.31333387e-01 3.58072698e-01
    7.77934074e-01 6.87270343e-01 5.31066597e-01 4.48064774e-01
    9.31919575e-01 2.05360234e-01 8.04301500e-02 9.91125345e-01
    8.44592214e-01 7.34806895e-01 8.07348609e-01 2.57713556e-01
    3.51254612e-01 5.94858348e-01 6.89969420e-01 3.78008246e-01
    7.84313798e-01 6.42567515e-01 2.64407694e-01 7.62439787e-01
    2.58189321e-01 2.66586542e-01 6.18854702e-01 4.48304355e-01
    3.56726885e-01 9.64990616e-01 8.03976119e-01 1.06394023e-01
    5.99581003e-02 1.70614779e-01 9.82394338e-01 3.51572722e-01
    5.23035824e-01 4.18089330e-02 2.29756832e-02 2.84781754e-02
    8.52377295e-01 1.38576359e-01 4.86557096e-01 3.23886514e-01
    4.58606958e-01 9.85573828e-02 2.76730835e-01 7.60949016e-01
    6.29635274e-01 4.99786019e-01 4.50668067e-01 1.46677881e-01
    9.63700414e-01 7.66168475e-01 9.63826180e-01 5.43044209e-02
    9.28225994e-01 1.21188790e-01 8.72416377e-01 6.84992909e-01
    2.50600457e-01 6.41332686e-01 6.90145791e-01 2.65195549e-01
    5.27217507e-01 6.95133924e-01 4.76014227e-01 5.26789963e-01
    3.11667383e-01 8.87489140e-01 2.65430570e-01 7.54424691e-01
    8.73936296e-01 9.53144670e-01 6.52598560e-01 4.28999782e-01
    9.89240170e-01 4.76490945e-01 3.69824350e-01 7.33196437e-01
    2.18196779e-01 3.44849885e-01 4.14507627e-01 8.75270009e-01
    3.66022706e-01 4.44520086e-01 4.62941349e-01 1.65133625e-01
    7.50298619e-01 2.05769747e-01 8.63585353e-01 1.57644719e-01
    6.44482970e-02 2.26258367e-01 6.36763096e-01 6.96027875e-01
    5.83480597e-01 1.48958862e-01 9.87097740e-01 5.98861575e-01
    3.47642571e-01 3.98504466e-01 9.75195765e-02 2.26944655e-01
    7.12208807e-01 7.51838565e-01 5.21733880e-01 1.17144495e-01
    4.40311790e-01 2.04122365e-02 2.71785796e-01 5.41510582e-01
    2.70209253e-01 8.03289533e-01 6.04825914e-01 1.25736773e-01
    8.29081118e-01 3.72049570e-01 7.58561373e-01 9.83307481e-01
    2.31799752e-01 5.98420560e-01 4.38665479e-01 9.67720091e-01
    6.39726222e-02 4.84226793e-01 1.30715013e-01 6.25688612e-01
    5.17162383e-01 5.85467577e-01 3.17694366e-01 5.23882568e-01
    2.44179130e-01 4.18041587e-01 8.83083224e-01 2.97703087e-01
    4.80913132e-01 9.70591307e-02 9.50834751e-01 7.30528355e-01
    9.04730201e-01 5.34981132e-01 5.45265377e-02 6.65180206e-01
    2.51876950e-01 3.90640885e-01 7.59355783e-01 6.87984228e-01
    7.41948664e-01 1.91993773e-01 5.94331503e-01 1.66547269e-01
    1.12712860e-01 2.09065914e-01 3.15411627e-01 2.34474808e-01
    4.00398493e-01 1.57732308e-01 4.68267202e-02 4.58739102e-02
    4.25181150e-01 7.63082147e-01 2.78109193e-01 3.61708820e-01
    8.22081685e-01 5.52996933e-01 6.00113392e-01 1.30193889e-01
    7.73761392e-01 7.56165743e-01 4.22074765e-01 4.21526104e-01
    6.51576459e-01 4.38430041e-01 4.65510249e-01 7.77848721e-01
    9.49933410e-01 3.74938071e-01 1.83153778e-01 7.90482402e-01
    6.17722631e-01 4.33468193e-01 5.20980060e-01 6.48564875e-01
    8.01418185e-01 8.02144825e-01 8.94852519e-01 5.39051235e-01
    1.11452490e-01 2.05063224e-02 5.23443580e-01 7.08663762e-02
    8.82359385e-01 2.51633465e-01 6.22152448e-01 6.67755306e-02
    1.05768502e-01 5.21653831e-01 1.84031427e-02 7.84312010e-01
    6.59066319e-01 8.26270938e-01 1.79687709e-01 2.98186183e-01
    5.48224211e-01 6.81528568e-01 8.51694107e-01 9.60648119e-01
    6.62086606e-01 8.96866024e-02 3.21163297e-01 7.99552977e-01
    7.54982233e-04 6.53490841e-01 3.94056886e-01 2.72962153e-01
    8.96943212e-02 5.55091679e-01 2.93540925e-01 9.72639382e-01
    3.18211496e-01 3.11713219e-02 9.48407352e-01 3.46729428e-01
    9.56048965e-02 7.85032868e-01 4.46748614e-01 7.50368059e-01
    9.99207854e-01 3.12376916e-01 5.93523562e-01 5.13443828e-01
    7.38420188e-02 8.44744325e-01 7.66129255e-01 3.78646553e-01
    6.71061635e-01 1.00002944e-01 5.53144276e-01 6.75881863e-01
    4.48894888e-01 3.76532584e-01 5.62106013e-01 7.32792795e-01
    1.40635759e-01 7.94406772e-01 9.21754122e-01 6.50058210e-01
    4.45954770e-01 8.63791823e-01 8.53900194e-01 1.00726753e-01
    4.91069794e-01 3.09760898e-01 9.92689252e-01 8.78162146e-01
    5.13684511e-01 8.45603585e-01 3.12412977e-02 6.63534164e-01
    2.46748775e-01 2.65811235e-01 9.74749923e-02 4.94743079e-01
    5.50709248e-01 8.02395940e-01 1.76187307e-01 5.63872755e-02
    5.96179128e-01 2.61502177e-01 5.99042892e-01 7.23101795e-02
    8.44409764e-02 5.67010224e-01 2.55681753e-01 4.55944121e-01
    3.11505288e-01 2.45103657e-01 9.64807630e-01 9.35773253e-02
    8.80808592e-01 9.05950308e-01 4.87478554e-01 5.53603113e-01
    4.18816745e-01 7.10348904e-01 8.25953484e-01 9.06655312e-01
    6.82533145e-01 7.27046847e-01 1.65621489e-01 4.70689774e-01
    2.21426338e-01 4.32232141e-01 2.17387199e-01 4.41735744e-01
    6.11572683e-01 2.51834869e-01 3.79472315e-01 6.44292355e-01
    9.74156260e-01 5.04218876e-01 8.37653637e-01 1.20970577e-01
    7.26764858e-01 6.52204633e-01 2.78449953e-02 9.43684161e-01
    1.74529731e-01 6.04787111e-01 5.38499773e-01 8.12081695e-02
    2.72852659e-01 2.69107461e-01 1.72062218e-02 3.85423541e-01
    2.62738228e-01 5.87847948e-01 5.75653195e-01 4.63039488e-01
    6.47208393e-02 5.15083790e-01 9.21161771e-01 4.57693636e-02
    8.52129221e-01 6.24810398e-01 5.80531776e-01 7.46705294e-01
    5.84443271e-01 5.39790869e-01 7.37483859e-01 6.75476313e-01
    7.08143711e-01 3.72006238e-01 5.84384501e-02 9.77826595e-01
    7.06439853e-01 4.80227262e-01 6.06568336e-01 2.92031586e-01
    6.50789559e-01 9.77183938e-01 4.86983567e-01 1.73922896e-01
    1.75960660e-01 3.54357064e-01 5.59168458e-02 1.53081656e-01
    8.20484519e-01 9.86930966e-01 2.35369712e-01 2.89716363e-01
    1.78790510e-01 2.80167699e-01 2.30968714e-01 4.83944416e-02
    1.67802840e-01 3.51637721e-01 6.26532555e-01 6.30676389e-01
    4.68416482e-01 1.13843977e-01 4.51982707e-01 3.39897603e-01
    7.44657993e-01 5.57156265e-01 7.12418556e-01 8.22560191e-01
    3.68269265e-01 8.12956214e-01 1.50194138e-01 2.14888632e-01
    8.15662026e-01 7.31411994e-01 2.46732563e-01 3.76091242e-01
    9.48893130e-02 9.50489759e-01 4.94021237e-01 9.23959315e-02
    1.02489948e-01 1.57133579e-01 9.31451559e-01 3.68990570e-01
    6.55227900e-03 1.87869340e-01 6.04627192e-01 3.47774565e-01
    5.77359796e-02 9.58749533e-01 6.00077331e-01 8.74068618e-01
    1.80997074e-01 4.24933851e-01 6.41674399e-01 7.43200064e-01
    6.14018798e-01 6.76133037e-02 8.85523975e-01 1.00692064e-01
    6.86855078e-01 5.61355948e-02 6.39978409e-01 9.43014503e-01
    5.59598505e-01 6.36716723e-01 5.64306617e-01 7.72428155e-01
    7.14959443e-01 6.05371237e-01 6.84084058e-01 2.32542753e-02
    3.51927221e-01 4.04450893e-02 3.12962562e-01 3.84590894e-01
    1.75050199e-01 6.96283042e-01 1.63560420e-01 8.43846798e-01
    5.08398592e-01 7.94223845e-01 3.76735449e-01 2.26135671e-01
    9.41274703e-01 3.15816104e-02 6.31860495e-02 8.46189499e-01
    5.21587610e-01 3.39782000e-01 7.34404981e-01 7.77436495e-01
    1.03842974e-01 8.16218972e-01 9.08750892e-01 3.93788546e-01
    3.48692656e-01 2.60337532e-01 5.54359794e-01 9.08996642e-01
    7.71536708e-01 9.66863990e-01 5.81724882e-01 2.35594243e-01
    8.36668193e-01 1.73285306e-01 4.60773706e-01 1.01561993e-01
    3.98336649e-02 4.70879108e-01 5.87007761e-01 2.04777241e-01
    7.09141850e-01 9.63450968e-02 7.77148247e-01 9.76640582e-01
    3.82078588e-01 5.74805677e-01 3.82783771e-01 3.58567417e-01
    7.54434288e-01 3.11841309e-01 4.66113567e-01 5.17548978e-01
    1.85223699e-01 2.37896413e-01 6.75184429e-02 1.25045061e-01
    1.86858892e-01 3.78039539e-01 8.05189192e-01 8.22435975e-01
    8.10871065e-01 1.11268640e-01 6.99326158e-01 6.95056856e-01
    2.73035347e-01 8.63768876e-01 3.87920231e-01 6.35349154e-01
    2.59303033e-01 6.73087955e-01 5.01469791e-01 8.43231678e-01
    3.09894145e-01 5.82543373e-01 9.52844858e-01 3.94896418e-01
    6.85522974e-01 9.79431868e-01 8.47108662e-01 3.31258178e-01
    6.30318046e-01 6.69872165e-01 7.18060613e-01 7.78640747e-01
    3.18406522e-02 5.10799646e-01 1.88146770e-01 6.61100149e-01
    5.36283016e-01 9.47901011e-02 5.44072986e-01 9.99462366e-01
    3.28308105e-01 2.27332115e-04 8.81880760e-01 1.33913130e-01
    8.93702149e-01 8.16387534e-01 3.88731271e-01 3.56500894e-01
    9.92529035e-01 7.54346132e-01 8.13047349e-01 2.33036160e-01
    6.86829746e-01 7.28246868e-02 1.62526637e-01 7.46449053e-01
    8.18866611e-01 6.32357895e-01 6.54258490e-01 8.22047472e-01
    4.45475280e-02 3.76363605e-01 8.14912438e-01 9.74552929e-02
    8.00766110e-01 9.25639987e-01 5.25857389e-01 2.72114873e-02
    6.66587710e-01 9.57748294e-01 1.96150541e-01 1.01036698e-01
    6.10374391e-01 6.19642794e-01 8.56806278e-01 8.54113936e-01
    1.61450207e-01 4.28618222e-01 2.86741793e-01 3.38858247e-01
    5.48864484e-01 9.76036727e-01 7.94591188e-01 1.25785708e-01
    8.12920213e-01 8.44175339e-01 4.50807065e-01 8.34853649e-01
    2.71850228e-02 9.07822669e-01 2.83502221e-01 9.22539353e-01
    1.61011636e-01 5.86679816e-01 7.64134169e-01 8.36578310e-02
    3.48574042e-01 4.08080339e-01 2.63304770e-01 5.16977608e-01
    7.82465100e-01 7.89820671e-01 7.15181172e-01 2.86748648e-01
    9.09617603e-01 1.83033943e-01 7.71731019e-01 8.72355938e-01
    1.23935848e-01 9.50058460e-01 1.61491394e-01 7.36484408e-01
    6.48921192e-01 4.38485682e-01 5.11990786e-01 9.28093851e-01
    5.00998795e-02 7.45742857e-01 2.98184931e-01 9.56663251e-01
    4.06481504e-01 7.33305633e-01 1.06968552e-01 6.26749396e-01
    4.84447002e-01 3.31197858e-01 5.80614030e-01 4.90615994e-01
    7.86787748e-01 1.48990005e-01 5.89461505e-01 6.50598109e-01
    4.73263025e-01 3.23598504e-01 7.97523558e-02 3.14496338e-01
    1.59761965e-01 6.81714535e-01 5.44908941e-01 4.69858021e-01
    8.71587873e-01 1.93610460e-01 6.02394044e-01 3.99214327e-02
    8.28070164e-01 9.96116042e-01 6.26928151e-01 5.50568640e-01
    6.81052446e-01 7.41899788e-01 6.94289982e-01 3.86562705e-01
    1.42759979e-01 1.53542876e-01 7.20512033e-01 2.61523843e-01
    8.74761999e-01 2.11652339e-01 7.10459113e-01 8.68600607e-01
    4.45088118e-01 5.09221256e-02 7.13323474e-01 9.53441620e-01
    4.22841847e-01 4.07870114e-01 5.78365922e-01 6.80743873e-01
    2.22776890e-01 7.51456559e-01 5.87181449e-02 4.76355582e-01
    4.29148167e-01 2.59176850e-01 1.42671794e-01 8.78828287e-01
    8.04049969e-01 5.61128199e-01 9.50419903e-02 7.32769787e-01
    1.09527469e-01 1.31073058e-01 4.42335546e-01 4.79474813e-01
    7.66397953e-01 6.49581492e-01 1.93046153e-01 6.11052573e-01
    7.66308308e-02 6.69910133e-01 7.83704996e-01 8.62229586e-01
    2.71559000e-01 8.25259328e-01 8.72381568e-01 2.80581623e-01
    7.61640429e-01 8.25369000e-01 6.99165225e-01 2.86623836e-03
    3.28829885e-02 6.29900277e-01 3.71202826e-02 5.36223948e-01
    3.86397630e-01 7.63002157e-01 6.80754781e-01 8.30654860e-01
    2.37810105e-01 2.53597140e-01 6.81836307e-02 4.76313531e-02
    4.12765026e-01 9.41217244e-02 4.50429827e-01 9.55117345e-01
    3.93825829e-01 5.43774307e-01 9.33297634e-01 5.07708251e-01
    5.45542538e-01 4.96664613e-01 8.50148141e-01 7.44894624e-01
    2.58989334e-01 5.73813617e-01 7.02406108e-01 3.28844130e-01
    1.50414497e-01 5.64955831e-01 7.87513554e-01 9.44025874e-01
    6.77401543e-01 5.52177310e-01 8.55236650e-01 3.23887140e-01
    5.36437333e-01 7.86763489e-01 2.05555141e-01 2.14232862e-01
    6.29996061e-01 9.34465766e-01 8.44607532e-01 5.59940875e-01
    1.77891761e-01 1.80805057e-01 2.60114670e-04 2.52683163e-01
    4.71404195e-03 3.28264743e-01 9.31936979e-01 3.35950911e-01
    6.24619961e-01 4.08080429e-01 6.60136342e-01 3.41314971e-01
    7.46334195e-01 1.30683899e-01 2.30748057e-02 5.48609734e-01
    9.84902859e-01 5.78151345e-01 2.22478688e-01 9.45558488e-01
    8.82146060e-01 8.96055579e-01 9.73106742e-01 3.13122243e-01
    4.10733759e-01 6.15607202e-01 8.97413135e-01 6.53212607e-01
    5.05712330e-02 3.86508584e-01 7.85409570e-01 7.78600633e-01
    5.84146023e-01 4.65933144e-01 5.86206436e-01 9.43906248e-01
    1.70287341e-01 1.06884927e-01 6.28444314e-01 8.01139355e-01
    3.02233785e-01 7.48489857e-01 3.25545967e-02 3.55747819e-01
    7.96333015e-01 8.99064541e-03 9.64012027e-01 2.27202415e-01
    2.00342059e-01 9.54236865e-01 4.39902872e-01 5.01678228e-01
    7.95170546e-01 1.79949105e-02 8.33370984e-02 4.45071667e-01
    2.52627969e-01 2.15090215e-01 6.48100138e-01 5.70151627e-01
    8.20677757e-01 1.23999894e-01 2.53641486e-01 6.90722167e-01
    8.08647513e-01 5.13336360e-02 4.67028320e-02 8.71816039e-01
    9.13233161e-01 2.83263206e-01 4.26215827e-01 6.84033453e-01
    8.46223116e-01 7.10265875e-01 5.36007166e-01 5.59794307e-01
    4.07694221e-01 9.66346860e-01 7.66619563e-01 5.68899095e-01
    3.77228856e-03 5.24802506e-02 5.95017314e-01 3.65683436e-02
    4.69098955e-01 2.20913410e-01 4.55509305e-01 2.72106826e-01
    5.92726588e-01 3.23763728e-01 8.28441739e-01 8.69001210e-01
    2.54894495e-01 9.59773421e-01 3.00120234e-01 6.51862264e-01
    2.23119915e-01 8.11828852e-01 8.36721778e-01 9.06978846e-01
    6.03886843e-01 8.75773430e-02 5.97559929e-01 7.92918563e-01
    8.88161898e-01 6.61340773e-01 4.32954609e-01 8.93389583e-01
    7.57446826e-01 1.01257861e-02 2.27101952e-01 7.85089910e-01
    8.05429161e-01 7.11359978e-01 5.06862402e-02 8.34619403e-01
    6.16904318e-01 9.89896178e-01 2.84155309e-01 5.25216937e-01
    3.13082665e-01 8.99152637e-01 3.98905873e-02 2.83767909e-01
    8.39925051e-01 3.09223831e-02 4.53311980e-01 2.84209073e-01
    7.36902237e-01 2.94367403e-01 8.33749175e-01 4.53299671e-01
    1.42274559e-01 3.60020906e-01 8.57507706e-01 9.02120650e-01
    2.36144513e-01 2.19441503e-01 1.41780913e-01 5.59763253e-01
    1.15402907e-01 2.83724070e-01 9.49108601e-01 8.41083050e-01
    2.01955885e-01 4.57325459e-01 5.94677806e-01 1.00213557e-01
    1.79241955e-01 2.45105565e-01 8.35210085e-04 9.07593369e-01
    5.60919046e-02 9.34965014e-01 5.32110810e-01 9.60846305e-01
    4.27381992e-01 2.45732248e-01 8.33955884e-01 2.82524586e-01
    8.13279867e-01 8.33889604e-01 3.77035171e-01 6.18717730e-01
    8.62023950e-01 6.94741488e-01 4.44446445e-01 2.29163408e-01
    4.45655286e-01 5.13900876e-01 7.77979493e-01 9.41329956e-01
    6.42314553e-02 8.04332554e-01 8.17758203e-01 8.28186631e-01
    9.91789401e-01 7.13341236e-01 4.70399946e-01 2.28989184e-01
    8.12355161e-01 1.18999779e-02 9.44012165e-01 3.46955955e-02
    4.84783173e-01 2.18799472e-01 9.26818550e-02 8.09272766e-01
    6.60459340e-01 4.67599332e-02 8.20135057e-01 5.67585170e-01
    1.53953165e-01 3.09945166e-01 5.30210674e-01 2.29918271e-01
    4.72662419e-01 3.80461872e-01 5.65798104e-01 5.83260596e-01
    4.78807509e-01 3.88750434e-01 5.13009191e-01 4.00422335e-01
    4.08584952e-01 9.30234909e-01 4.11413044e-01 3.17909688e-01
    3.15235198e-01 1.26494735e-01 4.29459631e-01 5.69017529e-01
    6.71897233e-01 7.03563333e-01 7.03990579e-01 8.40975940e-01
    5.65898180e-01 9.37592626e-01 1.13367617e-01 9.87495720e-01
    9.74788964e-01 7.98347950e-01 4.05967176e-01 8.45117450e-01
    4.92968172e-01 6.54136240e-02 4.85575020e-01 8.92542303e-01
    2.82237351e-01 3.31320763e-01 6.72755122e-01 9.74810123e-03
    8.33381176e-01 4.05008405e-01 8.47709894e-01 4.53032792e-01
    5.96092701e-01 4.40577596e-01 5.58071971e-01 1.33050740e-01
    1.37529075e-01 7.30480433e-01 5.00577509e-01 6.79173112e-01
    4.32857871e-02 5.67823887e-01 8.81335139e-02 7.52548695e-01
    4.95794028e-01 4.42569256e-01 6.31657720e-01 4.94793504e-01
    9.98094320e-01 4.20293212e-02 1.54424459e-01 1.88813001e-01
    4.18252349e-02 5.09680688e-01 9.05792236e-01 8.82142186e-02
    2.45890498e-01 6.51978374e-01 1.71895742e-01 6.55121088e-01
    2.59689987e-01 5.36709964e-01 1.80112898e-01 5.79965174e-01
    6.73514485e-01 5.54431558e-01 4.54319984e-01 7.38623261e-01
    5.37249565e-01 5.95518351e-02 5.77859223e-01 2.37837613e-01
    9.72649515e-01 3.57707083e-01 1.87715232e-01 6.10426247e-01
    9.97550189e-01 9.95315313e-02 4.70552266e-01 2.55326927e-02
    2.83936262e-02 2.93433845e-01 3.63084674e-03 4.02472407e-01
    5.28369904e-01 2.02362806e-01 7.33547211e-01 4.55298126e-01
    8.21980834e-02 2.02801287e-01 9.58902121e-01 7.29258537e-01
    6.98766530e-01 4.99686539e-01 2.65017301e-01 7.00181365e-01
    2.93832541e-01 4.48915362e-03 2.46146858e-01 7.01444983e-01
    5.95003724e-01 1.17092997e-01 8.22266519e-01 9.59763408e-01
    5.19878864e-01 8.40204895e-01 8.22425842e-01 9.30339754e-01
    3.48521471e-01 9.31722760e-01 3.11264038e-01 4.63472664e-01
    1.55630708e-01 1.67882353e-01 3.38644087e-02 6.99874640e-01
    9.58428442e-01 9.82654393e-02 6.57845676e-01 9.71033871e-01
    8.79951894e-01 9.65613902e-01 6.08003855e-01 4.10495996e-01
    9.03856635e-01 9.66201782e-01 2.78448224e-01 2.39220768e-01
    2.37085491e-01 7.27528632e-01 6.65688038e-01 4.98142540e-01
    2.42946386e-01 3.96888018e-01 8.89413774e-01 8.78492713e-01
    8.45997572e-01 3.56656373e-01 3.42449397e-01 8.12534034e-01
    9.15221691e-01 5.50112486e-01 3.72920334e-01 5.44905961e-02
    3.23363662e-01 3.49685878e-01 4.89174038e-01 6.53589606e-01
    1.18831396e-01 8.04263353e-03 3.92302543e-01 9.19037938e-01
    9.03826237e-01 1.46521211e-01 9.98109102e-01 4.67718393e-01
    8.22278261e-01 7.47509778e-01 9.86695290e-01 9.58882332e-01
    4.91870105e-01 9.45121467e-01 5.53689301e-01 2.03545600e-01
    5.66162705e-01 6.91741407e-02 2.02141047e-01 1.96447432e-01
    5.06951034e-01 2.53509104e-01 1.01163834e-01 2.93249160e-01
    1.73705518e-01 9.19091702e-02 5.44889152e-01 2.10543662e-01
    2.70647973e-01 6.75202966e-01 7.21808076e-02 1.55674726e-01
    7.06700087e-02 3.37592483e-01 8.34877491e-01 8.09306979e-01
    6.03624225e-01 3.81832212e-01 8.90707254e-01 1.99829191e-01
    4.13160443e-01 6.10793769e-01 6.12607658e-01 7.00003207e-02
    6.93291843e-01 7.03695416e-02 4.40032244e-01 7.38045216e-01
    1.29969269e-01 6.89073622e-01 7.90620685e-01 3.73485655e-01
    3.61902922e-01 6.02200031e-01 7.94710755e-01 8.50504756e-01
    9.50411558e-02 6.68044865e-01 1.91848934e-01 1.14475280e-01
    9.04436886e-01 9.89688516e-01 3.44201028e-02 2.80619502e-01
    1.48593307e-01 5.87728202e-01 3.00468683e-01 9.71412539e-01
    1.16176754e-01 6.41011119e-01 9.50616896e-02 5.85112810e-01
    1.48748159e-02 7.85176456e-02 3.02874506e-01 7.66847610e-01
    5.08388340e-01 9.50473309e-01 3.20443660e-01 9.03168559e-01
    1.64421439e-01 6.22648299e-02 9.65038061e-01 3.71057570e-01
    7.31075466e-01 7.46436834e-01 2.76733756e-01 9.77429688e-01
    5.45956612e-01 2.75173217e-01 5.98791540e-01 6.60876274e-01
    2.65353590e-01 1.15586191e-01 8.98976207e-01 1.77933902e-01
    1.72608227e-01 7.57694840e-01 9.54822421e-01 9.38760996e-01
    9.50876832e-01 4.47363436e-01 2.30296612e-01 8.21916580e-01
    9.89109695e-01 9.43757892e-01 5.77728033e-01 9.63987291e-01
    8.43630433e-01 7.22824931e-01 2.74425745e-02 1.55155092e-01
    8.60765636e-01 2.58254707e-02 2.79658347e-01 9.94036436e-01
    3.09268266e-01 6.92936420e-01 1.07859343e-01 8.62125278e-01
    2.15972841e-01 4.71986830e-01 4.05315757e-02 4.91544992e-01
    3.97189558e-02 3.35298419e-01 5.32687604e-01 4.84883159e-01
    4.83000726e-01 1.82258427e-01 9.21232462e-01 1.07296258e-01
    7.77695775e-01 7.90642858e-01 9.64151263e-01 9.99379992e-01
    2.51522660e-03 9.37434018e-01 2.03702360e-01 8.36519599e-01
    8.33563626e-01 6.69966817e-01 7.47776210e-01 4.54837382e-01
    7.76497006e-01 3.92103195e-01 7.31776714e-01 1.96331143e-02
    3.19887698e-01 1.61699146e-01 8.51682067e-01 6.84623241e-01
    7.78511167e-03 2.85503328e-01 3.44192684e-01 4.47984576e-01
    6.60123944e-01 8.17612171e-01 2.39210367e-01 6.45039439e-01
    3.20123404e-01 2.26168722e-01 4.56543714e-01 4.59387302e-01
    4.77070212e-01 6.59790277e-01 6.07191324e-02 9.65100229e-02
    9.08577204e-01 6.01633430e-01 2.00349063e-01 3.81965429e-01
    4.72784668e-01 8.80497694e-01 4.07451928e-01 1.58830822e-01
    8.39155555e-01 2.03849584e-01 4.46614861e-01 1.66896433e-01
    1.66148305e-01 5.36077440e-01 8.70232165e-01 3.89349520e-01
    6.28657460e-01 7.82286406e-01 8.84597003e-01 2.84219265e-01
    1.03235275e-01 1.54718220e-01 6.89036727e-01 7.58457839e-01
    6.86061621e-01 2.43562102e-01 5.49728632e-01 8.11172009e-01
    8.50208521e-01 1.75200850e-01 8.48221302e-01 9.84289885e-01
    8.90890598e-01 5.65661311e-01 5.24010301e-01 8.55979323e-03
    5.85277975e-01 5.86772621e-01 9.07796562e-01 7.97792196e-01
    2.84633100e-01 6.85429513e-01 2.94809997e-01 4.00650799e-02
    8.64092827e-01 7.69857883e-01 4.86163199e-01 1.83054656e-01
    1.62898988e-01 9.76678789e-01 5.61779439e-01 2.61192709e-01
    9.39467192e-01 4.18034434e-01 9.37572002e-01 7.50233889e-01
    8.78133535e-01 1.52971238e-01 9.29602385e-01 4.22214687e-01
    1.75479352e-01 6.39937878e-01 8.65724802e-01 2.31783807e-01
    6.72693610e-01 2.63101339e-01 3.94332409e-01 4.16732371e-01
    9.92599189e-01 8.52126002e-01 4.11222607e-01 2.31680572e-02
    9.85975146e-01 3.27209651e-01 8.65388513e-02 3.38886440e-01
    3.81024837e-01 8.51663470e-01 5.52373648e-01 6.06032789e-01
    9.33532298e-01 3.84158403e-01 8.53700578e-01 4.99438167e-01
    3.72152567e-01 2.77372897e-02 4.00685132e-01 4.17660356e-01
    4.43666786e-01 1.34766042e-01 6.92485213e-01 5.09010553e-02
    3.35360408e-01 1.12593621e-01 3.43195677e-01 3.81398171e-01
    6.26584589e-02 8.14218223e-01 4.55687940e-01 2.82253981e-01
    1.71845704e-01 2.18908697e-01 9.51951921e-01 2.81938374e-01
    7.32860446e-01 2.92261750e-01 7.50423551e-01 2.47823775e-01
    6.94322407e-01 7.88250566e-01 4.27661598e-01 8.98090839e-01
    4.64207351e-01 5.22470772e-01 4.69610095e-03 7.29012489e-01
    2.96094865e-01 9.49245095e-02 2.17471421e-02 4.49093997e-01
    2.29322046e-01 4.50111687e-01 4.33483094e-01 2.29403615e-01
    4.93681461e-01 8.90086055e-01 4.38825786e-02 9.17741299e-01
    6.21765375e-01 1.27451539e-01 7.16480017e-02 1.18409097e-02
    7.30086565e-01 6.90271676e-01 5.33592105e-02 7.49725759e-01
    1.22452408e-01 1.04965419e-01 8.63141537e-01 3.05805683e-01
    5.44893563e-01 2.86488414e-01 9.22095478e-02 7.60975957e-01
    3.09584439e-01 8.86808813e-01 4.36108947e-01 1.91152960e-01
    2.14700282e-01 4.86256480e-01 6.31673336e-01 4.06987607e-01
    1.63700044e-01 1.82265431e-01 1.00864410e-01 6.51824951e-01
    2.99063116e-01 1.06108040e-01 3.50395888e-01 5.07259965e-01
    3.16043913e-01 7.53726244e-01 8.83035421e-01 7.97770143e-01
    3.98511529e-01 1.16798997e-01 9.58171248e-01 6.31557584e-01
    2.90983617e-01 3.45072567e-01 6.00480735e-01 1.26612931e-01
    5.55968881e-01 7.27308333e-01 4.05004203e-01 8.93019319e-01
    5.13437688e-01 4.04711306e-01 2.59652913e-01 3.15880597e-01
    3.78838122e-01 9.15009975e-01 8.78972650e-01 3.49054933e-02
    8.18179071e-01 3.94450247e-01 1.67190999e-01 1.73650295e-01
    6.26236320e-01 2.26126283e-01 7.60810852e-01 6.22211993e-02
    2.26511359e-02 6.89153194e-01 4.53833163e-01 8.26913476e-01
    3.45905066e-01 3.54838848e-01 3.08160603e-01 6.82646930e-02
    8.43296468e-01 4.62368518e-01 5.49962521e-01 3.21743786e-01
    8.83303285e-01 5.10599196e-01 9.49587405e-01 8.92755508e-01
    1.71564102e-01 3.96271825e-01 5.11058271e-02 3.00634325e-01
    8.79020095e-01 2.96436012e-01 6.19392872e-01 6.13957703e-01
    3.94727349e-01 7.81813800e-01 8.21265578e-01 2.67990708e-01
    3.94754112e-01 4.39256698e-01 2.49740928e-01 8.76856923e-01
    1.31358534e-01 5.44655442e-01 9.01862264e-01 7.44263411e-01
    5.60879409e-01 8.96662831e-01 4.73611593e-01 7.21969604e-02
    2.44834214e-01 2.51464248e-01 7.50606537e-01 8.38696897e-01
    7.00420201e-01 2.17221946e-01 8.83255064e-01 1.56722665e-01
    3.04924220e-01 4.55985010e-01 2.46546149e-01 9.98354077e-01
    2.23128706e-01 3.04831207e-01 2.84244359e-01 8.10996413e-01
    1.84826761e-01 2.33123958e-01 5.27871311e-01 2.18280524e-01
    3.02597344e-01 6.92035079e-01 8.18424284e-01 3.15117359e-01
    2.49583870e-01 7.51286745e-02 5.11473358e-01 6.94405556e-01
    9.14538503e-02 9.26591754e-01 7.14588106e-01 5.47959805e-02
    6.53740883e-01 5.10684490e-01 3.54514748e-01 6.60368979e-01
    9.04869556e-01 2.15275526e-01 9.02733088e-01 3.58708441e-01
    9.70856786e-01 7.77161241e-01 9.00746763e-01 7.41962075e-01
    4.16933417e-01 3.48502934e-01 3.68821561e-01 9.65034783e-01
    6.55045867e-01 9.41012621e-01 4.83533293e-01 6.12221956e-01
    8.46939445e-01 1.12846524e-01 9.10343111e-01 4.37429249e-02
    2.84141719e-01 8.48284364e-01 3.92435789e-01 4.96999055e-01
    5.89183867e-01 3.44647288e-01 5.28373718e-01 3.57067943e-01
    7.47403264e-01 7.62670398e-01 5.85034370e-01 3.56549919e-01
    2.60595620e-01 6.28913522e-01 9.78029013e-01 1.60394222e-01
    7.04651594e-01 8.90604615e-01 3.18149865e-01 9.89987016e-01
    7.45426118e-02 2.29666114e-01 1.75258219e-01 8.08512926e-01
    8.53142083e-01 4.87679929e-01 1.25285000e-01 7.52047062e-01
    2.08681226e-02 1.08787298e-01 5.01898885e-01 7.42269814e-01
    3.80314291e-01 7.56676972e-01 6.27205968e-01 8.56698275e-01
    1.82169676e-02 7.15766430e-01 4.68846112e-01 8.71719897e-01
    8.46937478e-01 7.41951704e-01 6.70491040e-01 9.79886770e-01
    5.24686575e-01 6.44003391e-01 9.99977827e-01 7.45246053e-01
    7.34065056e-01 2.93482900e-01 3.16073596e-01 7.33232796e-01
    2.95283675e-01 4.73526418e-02 7.50962496e-02 5.58366895e-01
    2.31505513e-01 3.39342654e-01 5.09651423e-01 6.82162881e-01
    5.51790655e-01 1.01347983e-01 9.51049328e-01 4.16729093e-01
    5.79737723e-01 2.52390444e-01 7.60351360e-01 5.41264713e-01
    5.85473776e-01 8.83342862e-01 2.06323028e-01 8.08990359e-01
    7.71746874e-01 9.51940536e-01 8.55258107e-01 9.40180600e-01
    5.98032475e-02 9.57939923e-02 1.86300397e-01 1.40395194e-01
    2.04033226e-01 5.48399448e-01 1.55818880e-01 6.06672645e-01
    4.06601310e-01 1.39793426e-01 2.93760836e-01 4.11268115e-01
    3.76689434e-01 9.15722609e-01 5.10402620e-01 5.64882457e-01
    9.70157743e-01 6.13738298e-02 7.55980611e-01 6.70903206e-01
    2.72012472e-01 7.51420140e-01 7.26976573e-01 2.10644066e-01
    2.16436088e-02 5.62999249e-01 2.34261334e-01 7.53121614e-01
    4.57671404e-01 1.98761314e-01 2.66725659e-01 6.22631371e-01
    6.75490856e-01 1.57201290e-02 7.60354519e-01 9.18681502e-01
    8.81188035e-01 5.68277597e-01 6.40083253e-02 4.72820848e-01
    3.21957767e-01 7.69556165e-01 2.48324752e-01 5.91689587e-01
    3.16083074e-01 2.09233940e-01 5.42641282e-01 3.07378203e-01
    3.07389587e-01 3.42184484e-01 2.85822749e-01 8.56024325e-01
    7.50458539e-02 2.21658349e-02 3.35890174e-01 5.54069817e-01
    7.77777195e-01 6.70260668e-01 3.26932490e-01 5.67370772e-01
    1.10078752e-02 8.04921508e-01 5.06237984e-01 6.23547673e-01
    7.06295371e-01 4.56378639e-01 2.13303357e-01 9.90587592e-01
    1.12387508e-01 9.40301061e-01 6.56213641e-01 1.45606697e-01
    9.67646420e-01 2.85140574e-01 9.28539157e-01 1.10780686e-01
    5.51777482e-01 8.85801256e-01 7.91222692e-01 9.16165233e-01
    7.48660386e-01 3.28530610e-01 6.10113621e-01 2.64357030e-01
    9.91531014e-01 1.23728514e-02 4.93096858e-01 7.76443183e-01
    3.55391443e-01 9.05237317e-01 4.61813658e-01 9.90511775e-01
    7.51459599e-03 9.79739428e-01 8.56197834e-01 9.83586311e-01
    5.90224981e-01 1.55066729e-01 3.92040849e-01 1.04755431e-01
    9.95970607e-01 3.71716678e-01 1.99410528e-01 1.27615958e-01
    2.27476180e-01 9.70659077e-01 5.23923635e-01 2.61873275e-01
    7.23150730e-01 9.87836242e-01 2.23458380e-01 2.82224417e-01
    2.85999477e-01 9.76219654e-01 3.80097717e-01 9.95858908e-02
    8.98838878e-01 7.68753171e-01 6.47001743e-01 2.37389028e-01
    9.91353273e-01 8.38856339e-01 7.63689160e-01 1.03448033e-02
    6.94209874e-01 8.05906177e-01 2.36059040e-01 4.52959836e-01
    8.14690292e-01 4.58630025e-02 8.28467846e-01 2.65142143e-01
    1.40411884e-01 5.80262959e-01 4.87729937e-01 8.44166219e-01
    1.92674756e-01 1.23946667e-01 4.43908632e-01 5.07097065e-01
    1.55926377e-01 1.71411037e-03 1.22405708e-01 3.52835357e-01
    1.05875731e-02 3.44230831e-02 1.65658623e-01 2.79873312e-02
    8.41376245e-01 4.30306971e-01 7.57536232e-01 2.10778147e-01
    8.26669693e-01 6.94489479e-02 1.28304064e-01 9.40375566e-01
    4.24793035e-01 3.82377118e-01 5.94437361e-01 3.90230715e-02
    9.18972254e-01 9.55843031e-02 4.29037303e-01 1.15886033e-02
    1.75475270e-01 9.77740586e-02 8.26961696e-01 7.03383207e-01
    5.65207839e-01 9.55271423e-01 6.58820927e-01 8.42666388e-01
    8.76156688e-01 9.38709259e-01 9.81762052e-01 5.65495133e-01
    6.83160543e-01 5.66296339e-01 4.25008118e-01 2.59884089e-01
    9.13018584e-01 7.60883391e-01 7.89007664e-01 9.96449709e-01
    8.03448081e-01 5.14992535e-01 2.17865258e-01 7.72735238e-01
    5.55270255e-01 4.49936628e-01 2.59894252e-01 4.58002448e-01
    4.65546131e-01 5.51522315e-01 6.28643036e-01 7.51276016e-01
    9.54610109e-02 7.33488977e-01 7.72688985e-01 4.58915979e-01
    4.24748302e-01 8.86381865e-02 5.39296329e-01 7.24871457e-01
    9.72285688e-01 3.86709690e-01 8.24487031e-01 5.86137474e-01
    3.29467177e-01 2.83328772e-01 4.18904424e-02 9.03122842e-01
    9.78623211e-01 4.67096686e-01 3.11864734e-01 7.12215543e-01
    3.02747667e-01 2.50811875e-02 4.70699310e-01 3.37875247e-01
    6.19157732e-01 5.80673218e-01 4.59890276e-01 5.58373630e-01
    3.71360719e-01 6.83195353e-01 2.81501174e-01 5.03130972e-01
    3.05426419e-01 5.94537020e-01 4.44430768e-01 3.47001553e-01
    2.60678351e-01 6.91027164e-01 7.17899144e-01 8.87223423e-01
    8.37089181e-01 5.17926157e-01 9.36952591e-01 4.65750635e-01
    1.84546083e-01 5.01252711e-01 5.94200909e-01 2.69459367e-01
    7.66587794e-01 1.91545635e-01 7.58024037e-01 3.78290296e-01
    9.39630866e-01 5.58041334e-02 2.86325455e-01 4.54641879e-01
    9.40465450e-01 9.74116445e-01 9.36395884e-01 6.17557168e-02
    2.80341148e-01 4.07670736e-01 1.92041695e-02 6.91830635e-01
    6.53591096e-01 4.92297709e-02 2.82230973e-03 3.95683348e-02
    7.27777481e-02 3.24833989e-02 4.82792020e-01 2.41297752e-01
    5.69408357e-01 7.59312272e-01 5.63286841e-01 3.99006903e-02
    9.27114844e-01 9.79557753e-01 4.14745778e-01 6.16706252e-01
    5.75448394e-01 5.04373610e-01 8.38499904e-01 1.31905526e-01
    3.23324800e-01 9.57371354e-01 8.27111959e-01 3.25110137e-01
    5.15603423e-02 1.00366920e-01 2.84572005e-01 6.06164336e-02
    9.88166511e-01 2.25658625e-01 3.72933477e-01 4.87503290e-01
    8.82301211e-01 3.02044868e-01 1.63717002e-01 1.92338467e-01
    8.72564077e-01 3.76988411e-01 1.38247758e-01 8.89873147e-01
    3.69510949e-02 9.62295473e-01 5.71079671e-01 1.79928392e-01
    6.37313843e-01 1.87877536e-01 8.37343454e-01 2.11389005e-01
    3.91371787e-01 9.14758086e-01 4.80921268e-01 2.21628577e-01
    7.48836398e-01 4.42822218e-01 5.61099768e-01 6.35180891e-01
    4.47424054e-02 1.62884027e-01 2.54835784e-02 3.66610289e-02
    2.13744164e-01 2.60247111e-01 7.86415637e-02 7.04549372e-01
    1.99093461e-01 4.98116642e-01 4.49054003e-01 5.78616261e-01
    2.93470174e-01 8.15811634e-01 7.77932286e-01 5.85206628e-01
    7.08107352e-01 5.84980845e-03 4.32667136e-03 3.90091419e-01
    9.11688089e-01 8.18142354e-01 8.71436179e-01 1.91672981e-01
    2.00818270e-01 4.93439049e-01 6.49485588e-02 7.30647743e-01
    8.18057179e-01 2.63393581e-01 2.40950793e-01 6.53801739e-01
    1.93044513e-01 6.55262232e-01 9.43204522e-01 6.11951411e-01
    4.73646879e-01 2.87398994e-01 2.60229349e-01 9.32443440e-02
    2.84866333e-01 3.03073347e-01 4.95261252e-01 2.44624913e-01
    3.18009466e-01 7.60474801e-03 8.29445839e-01 8.33468437e-01
    5.40804207e-01 9.04006124e-01 3.83972228e-01 4.59903866e-01
    3.96934658e-01 8.81637812e-01 8.23851705e-01 9.09983873e-01
    1.44205064e-01 5.97916543e-01 6.04126036e-01 8.21615458e-01
    2.67629206e-01 9.73133743e-01 2.92735159e-01 1.04914010e-02
    1.90981358e-01 7.36630142e-01 4.66004550e-01 7.58498669e-01
    6.84173405e-01 5.75854659e-01 3.46031487e-02 6.39565706e-01
    3.53934407e-01 7.05713511e-01 7.69751072e-01 4.51006591e-02
    4.31511968e-01 3.89012456e-01 8.15442443e-01 6.66341066e-01
    7.06129074e-01 6.20790541e-01 1.04102701e-01 1.78997695e-01
    5.61722100e-01 9.86858726e-01 6.80587411e-01 1.06765956e-01
    3.29741180e-01 5.40356755e-01 3.13277036e-01 7.48640656e-01
    9.08193588e-02 2.54602373e-01 1.77742630e-01 7.72099674e-01
    9.12935615e-01 5.95481694e-01 3.25319469e-01 1.43040538e-01
    2.35615790e-01 7.07816303e-01 6.70357883e-01 1.61352068e-01
    1.44890875e-01 9.36495066e-01 3.98111045e-01 3.52628678e-01
    2.53481746e-01 6.64228857e-01 2.10630566e-01 3.62128139e-01
    9.28125083e-01 1.33634627e-01 6.71898782e-01 2.01615334e-01
    2.37561196e-01 4.92518395e-01 7.15402603e-01 3.45990658e-02
    6.61197960e-01 3.46412420e-01 5.07457018e-01 5.61088502e-01
    9.01855409e-01 8.63672078e-01 2.50626326e-01 3.27894092e-03
    6.51319265e-01 2.25746751e-01 5.53520679e-01 6.37829959e-01
    2.00836211e-01 4.86130565e-01 1.60397440e-01 3.54051560e-01
    4.24759865e-01 3.86374116e-01 4.91565377e-01 1.46167427e-01
    1.50367677e-01 1.06757522e-01 3.55516195e-01 4.62742984e-01
    9.29702103e-01 6.66225314e-01 6.64588571e-01 7.23145664e-01
    9.03395414e-02 3.75298798e-01 6.12583756e-01 8.84488285e-01
    5.78377962e-01 6.98879540e-01 5.39845705e-01 6.72635078e-01
    1.39208853e-01 3.48397285e-01 7.93742180e-01 2.96232879e-01
    4.27095354e-01 8.42815936e-02 5.71774006e-01 1.33663803e-01
    9.81208324e-01 8.11190009e-02 1.05767846e-02 9.22817707e-01
    4.86759543e-01 7.53142834e-02 6.01634562e-01 8.53883862e-01
    8.49330187e-01 4.51275796e-01 7.00474858e-01 8.03228915e-02
    2.79089212e-02 5.20152092e-01 7.43751466e-01 1.20001286e-01
    2.65443265e-01 2.02942580e-01 9.62371409e-01 8.78611207e-01
    4.88529295e-01 6.43217564e-01 2.32871085e-01 5.34020662e-02
    4.22992080e-01 3.79805505e-01 7.69945502e-01 2.37436265e-01
    3.35506201e-01 3.88133496e-01 8.41673076e-01 4.28319305e-01
    7.82165527e-01 4.58609402e-01 6.04581535e-01 5.49899817e-01
    1.92541003e-01 5.16543150e-01 2.23405987e-01 2.41003752e-01
    7.03553677e-01 1.78148180e-01 7.29948521e-01 4.26720381e-01
    5.16521692e-01 7.68951297e-01 1.67762756e-01 5.01740575e-02
    4.24026549e-01 5.04304409e-01 2.84199119e-01 1.04546010e-01
    3.53969455e-01 2.93423235e-01 4.06885147e-03 1.67814851e-01
    4.43317473e-01 9.84611273e-01 8.87721717e-01 8.00696492e-01
    9.14001346e-01 2.22631037e-01 1.48863703e-01 3.65462244e-01
    7.53544688e-01 6.63661182e-01 6.57934248e-01 9.46815729e-01
    3.42801005e-01 9.80333686e-02 2.53855586e-01 1.23146057e-01
    9.15593565e-01 6.26415908e-01 4.03991431e-01 7.98431993e-01
    7.39873171e-01 9.96335268e-01 9.85530436e-01 5.25524914e-01
    1.52759641e-01 6.20992482e-01 9.03351068e-01 1.98316067e-01
    4.53873038e-01 6.05638921e-02 5.25837302e-01 8.92865777e-01
    4.06542480e-01 4.55177307e-01 7.48030543e-01 6.22857630e-01
    5.46790063e-02 2.45698035e-01 4.05850917e-01 9.31089938e-01
    8.45756054e-01 5.96194744e-01 2.95815408e-01 4.64589119e-01
    8.47574353e-01 7.63951063e-01 3.30802172e-01 9.74004269e-01
    8.35169792e-01 1.56469345e-02 9.04908776e-03 4.08263534e-01
    9.86711681e-02 6.03632271e-01 5.40006816e-01 1.90274209e-01
    3.31013262e-01 1.88220799e-01 2.55056262e-01 9.07146454e-01
    5.78881383e-01 5.42828679e-01 8.33685219e-01 7.73849308e-01
    5.33211648e-01 4.91625965e-01 2.52887219e-01 3.37162733e-01
    6.90257907e-01 5.01862824e-01 9.02142763e-01 5.38728952e-01
    2.59239972e-01 9.16835248e-01 3.47564876e-01 7.42389858e-02
    6.10496461e-01 1.77310705e-02 1.82365000e-01 7.64440656e-01
    3.04288864e-01 7.29777813e-01 7.69140244e-01 9.49860692e-01
    5.01082003e-01 5.87389410e-01 5.25529206e-01 1.81920826e-02
    5.65310776e-01 7.51188934e-01 3.11470330e-01 3.11762810e-01
    4.88584965e-01 2.04491466e-01 1.39914215e-01 2.64247358e-01
    3.36776972e-01 6.25224233e-01 6.89261854e-01 5.43143153e-01
    1.80722058e-01 4.71683413e-01 5.77926934e-02 3.10970068e-01
    1.28157854e-01 2.23559886e-01 1.51455343e-01 2.63245881e-01
    5.83764613e-02 5.46895146e-01 3.23830485e-01 8.29015195e-01
    5.30687273e-01 7.67614782e-01 9.81925607e-01 1.61387593e-01
    2.02511251e-02 6.65186942e-01 1.67050064e-01 7.91213393e-01
    4.46733743e-01 7.37995744e-01 5.88052690e-01 1.65901035e-01
    3.60265851e-01 1.69429153e-01 7.99164593e-01 3.05570990e-01
    5.67246854e-01 9.49026942e-01 3.58136535e-01 4.27795231e-01
    7.02184379e-01 8.87465239e-01 1.14271343e-01 8.23891044e-01
    3.07245314e-01 2.11071670e-01 3.27662230e-01 8.83466601e-01
    2.53434479e-01 9.19101715e-01 8.24937105e-01 1.63186491e-01
    5.88566840e-01 5.07498860e-01 3.44054371e-01 3.60357463e-02
    2.34380066e-02 8.13730001e-01 6.80389285e-01 4.47734118e-01
    8.22616935e-01 9.45980906e-01 3.28682661e-01 7.76841640e-01
    5.22664189e-01 1.84329242e-01 3.45616817e-01 3.45048070e-01
    7.35736609e-01 7.06788898e-01 4.90024149e-01 3.75527889e-01
    4.87487614e-01 4.02653098e-01 3.09868932e-01 9.04266477e-01
    1.53432220e-01 7.51391113e-01 8.20396185e-01 1.56977564e-01
    3.07635605e-01 7.59205818e-01 4.20750260e-01 7.55911052e-01
    1.24298960e-01 3.07827115e-01 8.30034733e-01 7.94775605e-01
    4.07081068e-01 5.69121420e-01 8.27301264e-01 4.03891206e-01
    7.06716835e-01 5.74218929e-02 9.14510727e-01 1.09946549e-01
    7.64921248e-01 6.39283657e-01 6.69985175e-01 8.48652840e-01
    4.63834763e-01 6.05038047e-01 8.11324477e-01 4.90661651e-01
    4.94886756e-01 8.15378487e-01 3.58086526e-01 7.31026828e-02
    1.90111786e-01 3.36412251e-01 6.55372739e-02 5.37356138e-01
    2.06142664e-03 5.29352725e-01 2.08303094e-01 5.41099012e-02
    1.97340757e-01 2.81599641e-01 3.47938627e-01 7.32737541e-01
    9.69832242e-02 1.43989623e-01 4.75988626e-01 2.53662169e-01
    3.76269758e-01 2.24908680e-01 3.21698368e-01 4.58584130e-02
    2.83487082e-01 4.37946498e-01 8.99140000e-01 8.48413646e-01
    7.41821706e-01 5.27031422e-01 4.99351382e-01 6.64344132e-01
    8.31198812e-01 6.54841602e-01 9.98468816e-01 1.83608234e-02
    4.47161734e-01 6.73744440e-01 7.15224206e-01 2.80087292e-01
    6.85082078e-02 9.22973514e-01 1.48383051e-01 4.49665487e-01
    8.70463848e-02 4.18908894e-01 5.39723158e-01 2.67437994e-01
    6.55591607e-01 8.25478494e-01 6.89580858e-01 3.14123988e-01
    1.45264149e-01 4.36192632e-01 4.42547530e-01 2.31670529e-01
    4.78449255e-01 9.00356770e-02 7.87997246e-01 9.79484856e-01
    1.57475203e-01 1.41063899e-01 6.01954460e-01 9.30619955e-01
    2.48807192e-01 3.76611710e-01 1.84133470e-01 6.43983543e-01
    2.44895428e-01 6.41993880e-01 3.67170990e-01 7.84894526e-01
    5.95673203e-01 5.67365289e-02 2.37937331e-01 4.61983085e-02
    1.41302824e-01 3.81279886e-01 9.49733853e-01 1.95323288e-01
    5.83939552e-01 5.87053478e-01 1.95136666e-01 9.50142443e-01
    4.65987742e-01 2.90355206e-01 2.02837139e-01 6.61956966e-02
    2.71253347e-01 3.05450082e-01 8.80164623e-01 1.41437769e-01
    1.92929506e-01 1.61033928e-01 9.98897254e-01 5.05032718e-01
    9.04787064e-01 5.64406037e-01 7.30629265e-01 6.05415761e-01
    5.06103754e-01 5.84776521e-01 2.10931569e-01 7.83012748e-01
    5.53379893e-01 8.16475928e-01 1.04130089e-01 2.65038073e-01
    8.49864364e-01 1.85174704e-01 9.66964900e-01 8.14650893e-01
    5.46980500e-01 8.67105424e-01 5.27470112e-02 4.65765566e-01
    5.64808071e-01 9.79111552e-01 4.90630537e-01 7.70526111e-01
    9.30434227e-01 3.26102227e-01 5.35079837e-01 7.08273947e-01
    1.01966321e-01 1.81339830e-01 1.30955875e-02 9.83929634e-03
    2.70222872e-01 5.00724316e-01 9.32471156e-01 2.59671271e-01
    5.44229865e-01 3.08527648e-01 1.57387286e-01 4.85747457e-01
    9.99402106e-01 3.36136520e-01 4.92315620e-01 9.14475441e-01
    5.59193373e-01 1.50223106e-01 6.68217480e-01 3.09341848e-01
    1.05212659e-01 5.35733700e-01 9.33199763e-01 1.67268515e-02
    8.77776623e-01 7.56863594e-01 6.63580716e-01 2.71981508e-01
    5.07215738e-01 5.20458400e-01 8.62444222e-01 5.82870841e-03
    3.20802808e-01 9.01906908e-01 2.90144205e-01 3.75852585e-01
    6.96419001e-01 8.53120089e-02 6.98138475e-01 5.87831199e-01
    8.16552639e-01 5.61531603e-01 1.39171541e-01 6.93523586e-01
    9.78304148e-01 3.16982031e-01 7.77872324e-01 8.58805239e-01
    2.14757025e-02 7.77855277e-01 6.05145574e-01 1.56584561e-01
    6.08410835e-01 6.69690728e-01 1.10434443e-01 7.52207518e-01
    7.70347953e-01 6.05598092e-02 8.17643106e-02 1.46752775e-01
    8.12456489e-01 6.82238758e-01 1.98629647e-01 9.50416982e-01
    5.76459050e-01 8.27447772e-01 5.22928238e-02 7.11430013e-02
    1.57018602e-02 8.29144001e-01 9.08538222e-01 9.23523545e-01
    6.19340062e-01 6.61690712e-01 9.85500097e-01 4.72914517e-01
    1.15436792e-01 5.97531617e-01 8.46853197e-01 9.68300283e-01
    7.09108949e-01 7.38185287e-01 7.61965513e-02 1.37753576e-01
    2.80120850e-01 3.63027215e-01 7.77304411e-01 9.04367328e-01
    3.47678304e-01 6.47407770e-01 6.11887872e-02 2.59321034e-02
    6.20325506e-01 8.09583426e-01 8.73576164e-01 1.85400099e-01
    4.29269373e-01 3.61267656e-01 9.86060858e-01 7.70909786e-01
    6.03284836e-02 3.65870595e-02 8.49975348e-01 3.68817985e-01
    8.05667043e-01 8.65846515e-01 9.14993763e-01 2.42941141e-01
    9.80260372e-01 7.60894299e-01 7.70242214e-01 7.57207930e-01
    2.45737404e-01 9.63963985e-01 4.12623882e-02 2.77072936e-01
    2.59387076e-01 1.45167857e-01 5.30040085e-01 8.50012541e-01
    8.66966367e-01 3.24161917e-01 3.69886756e-02 8.62425327e-01
    2.25251019e-01 9.46195126e-02 2.92883158e-01 2.63872087e-01
    8.17253888e-02 2.34574050e-01 7.13284314e-02 6.62180781e-02
    6.94764972e-01 8.03801656e-01 1.37672126e-02 8.38857353e-01
    8.12344193e-01 7.41157889e-01 6.13385975e-01 3.61499250e-01
    7.49841034e-01 8.06744456e-01 9.99925971e-01 1.81906849e-01
    4.10471201e-01 3.65198165e-01 8.12398434e-01 3.05544168e-01
    7.95119524e-01 3.34194720e-01 2.40251571e-01 9.79755819e-01
    2.37825155e-01 5.23424923e-01 8.40777159e-02 4.60522354e-01
    7.12831736e-01 2.75888592e-01 5.75982690e-01 3.41400027e-01
    7.57424593e-01 5.75112820e-01 8.39522004e-01 9.75082517e-02
    9.41438437e-01 6.24785185e-01 7.49206781e-01 9.96787906e-01
    1.05447769e-02 5.14447927e-01 6.91392422e-01 4.09015536e-01
    4.55091655e-01 3.36436450e-01 8.81059706e-01 5.78397334e-01
    1.69840127e-01 5.47756612e-01 1.23053282e-01 4.63947952e-02
    3.18898678e-01 4.96750087e-01 3.03548455e-01 9.05004144e-01
    6.01219773e-01 2.38371164e-01 9.93821919e-02 4.49633300e-01
    1.20868117e-01 6.85939550e-01 9.80544567e-01 4.71467316e-01
    1.41589552e-01 1.91592872e-02 3.20378363e-01 7.48149037e-01
    4.91222471e-01 7.24124193e-01 9.75419819e-01 8.59467506e-01
    5.32848835e-01 9.77927566e-01 3.12478989e-01 8.09170008e-02
    9.87273574e-01 5.90465665e-02 8.87263834e-01 9.52556610e-01
    7.27014601e-01 6.52206600e-01 1.39821142e-01 6.39175475e-02
    7.75282502e-01 9.36697781e-01 1.41514093e-01 2.15061486e-01
    3.76454204e-01 3.63155305e-02 5.85112989e-01 1.84579372e-01
    8.76094759e-01 7.95393109e-01 6.36524439e-01 1.44477993e-01
    5.40505230e-01 4.91632283e-01 2.03926235e-01 8.61377120e-01
    1.08730495e-02 2.18902856e-01 9.53858554e-01 4.88561392e-01
    5.35985112e-01 7.94870853e-01 6.43925965e-01 9.22618032e-01
    8.32932949e-01 6.30660057e-01 3.74531150e-02 4.35636938e-01
    6.75975084e-01 9.22223806e-01 7.23579764e-01 3.74596328e-01
    9.25569296e-01 9.71917748e-01 4.83942032e-01 1.67951971e-01
    9.78125334e-01 9.01579261e-01 1.78176343e-01 9.15323853e-01
    5.69467962e-01 7.74963021e-01 7.72449255e-01 7.56430447e-01
    5.19649625e-01 8.67801428e-01 7.63675570e-01 9.80828643e-01
    9.04663205e-01 7.71211982e-01 3.12298357e-01 9.07287717e-01
    1.50657117e-01 2.44159609e-01 6.61996245e-01 7.21603096e-01
    5.86108923e-01 8.35560441e-01 9.61260796e-01 2.03183562e-01
    7.65229285e-01 8.97920489e-01 3.76818120e-01 3.28817546e-01
    4.93051887e-01 7.79497743e-01 2.44581968e-01 9.82280791e-01
    4.35682833e-01 6.36466146e-02 5.73810995e-01 8.62626195e-01
    5.73571742e-01 2.36214399e-02 3.57755423e-02 8.22843909e-01
    6.07905447e-01 9.64114130e-01 5.64282477e-01 1.39671355e-01
    8.06605995e-01 1.30381316e-01 9.33881760e-01 2.35815644e-01
    9.68708754e-01 4.70887274e-01 3.80019367e-01 3.13857287e-01
    8.80698860e-02 7.64012516e-01 8.14452171e-01 1.32702202e-01
    5.15437841e-01 3.64903688e-01 1.07043594e-01 2.45750636e-01
    3.03126603e-01 7.21314490e-01 6.56546652e-02 1.43956393e-01
    9.21983302e-01 3.01994681e-01 6.29970968e-01 6.87698603e-01
    5.49729526e-01 5.61589122e-01 6.68474793e-01 4.95086998e-01
    6.03375554e-01 7.93992400e-01 9.24565077e-01 1.54770344e-01
    2.29352474e-01 1.42409295e-01 6.70849085e-01 7.29913533e-01
    5.60385764e-01 4.90962893e-01 7.98460126e-01 8.12882662e-01
    8.10849845e-01 8.32837701e-01 8.19925666e-01 8.59009147e-01
    9.95710135e-01 2.22844750e-01 2.58634448e-01 7.37423778e-01
    3.88394266e-01 4.11630213e-01 6.37675941e-01 6.44350648e-01
    3.51914883e-01 4.20123398e-01 4.48935360e-01 3.96438241e-02
    6.11878395e-01 6.75709128e-01 3.67278397e-01 8.77935290e-01
    8.57158005e-01 3.39949846e-01 4.34525788e-01 6.31003976e-01
    9.93980110e-01 6.02715552e-01 8.21200252e-01 4.19116527e-01
    7.83544421e-01 8.87306333e-02 3.48492235e-01 2.70352066e-01
    3.32524985e-01 8.15720797e-01 7.68663943e-01 4.19912934e-01
    5.32317102e-01 1.80584848e-01 8.99847865e-01 7.29461193e-01
    4.66767073e-01 1.19616598e-01 4.45756912e-02 6.86547339e-01
    9.79336143e-01 4.05170262e-01 6.02125049e-01 7.12346077e-01
    2.01819658e-01 5.51132381e-01 4.79980886e-01 3.44897687e-01
    6.13611877e-01 3.59993279e-02 7.56603718e-01 2.88974494e-01
    1.72524482e-01 7.38800824e-01 3.00469577e-01 6.50955796e-01
    2.24509835e-01 5.58406174e-01 5.44728041e-01 1.40420973e-01
    2.16127574e-01 3.98224592e-02 1.54040694e-01 4.05389577e-01
    8.64962697e-01 3.98450404e-01 1.72883451e-01 9.83968973e-01
    8.26034665e-01 4.38884795e-02 4.45982814e-03 1.21562868e-01
    4.28581119e-01 5.99831283e-01 6.37659848e-01 8.22765470e-01
    1.29881501e-02 1.11241877e-01 8.10205460e-01 8.44252586e-01
    3.13927948e-01 2.85911739e-01 5.94354153e-01 1.35528713e-01
    2.50986278e-01 3.10363472e-01 7.72871077e-01 5.44344604e-01
    5.09650886e-01 4.88597155e-02 3.10999155e-02 4.19856369e-01
    3.52779657e-01 8.51624131e-01 9.55627799e-01 1.56680346e-01
    9.03868675e-02 6.65257454e-01 8.50912392e-01 7.60491610e-01
    4.03107107e-02 8.16201210e-01 5.77005804e-01 1.26393676e-01
    1.11345291e-01 1.52735233e-01 9.75867867e-01 9.83383656e-02
    7.10281491e-01 1.70501173e-02 7.29507565e-01 9.70814526e-01
    1.26561701e-01 5.51525772e-01 7.82143235e-01 5.14910817e-01
    1.86374485e-01 4.11309123e-01 3.51558805e-01 8.82275581e-01
    3.07073236e-01 5.54617763e-01 6.74784184e-01 1.93873346e-01
    7.45798469e-01 7.28254378e-01 7.87087679e-01 3.92194331e-01
    5.88304400e-02 2.20717132e-01 3.30449939e-01 7.40480900e-01
    8.79161954e-01 4.13119435e-01 8.58107805e-01 5.91469944e-01
    6.96415067e-01 7.09319711e-02 4.47841823e-01 4.67979610e-02
    2.83764511e-01 5.01754880e-03 6.47417247e-01 3.40356708e-01
    9.90962744e-01 5.11172056e-01 9.08451080e-01 9.47827458e-01
    4.60038632e-01 2.94018596e-01 2.16946453e-01 1.20240241e-01
    7.36011446e-01 3.48705292e-01 7.78950572e-01 2.71378309e-01
    7.66653776e-01 5.93596280e-01 7.60145307e-01 8.40536475e-01
    6.00302935e-01 1.54876143e-01 9.58815098e-01 4.81694221e-01
    9.33007479e-01 8.91214252e-01 2.81439811e-01 4.32812065e-01
    7.42445707e-01 7.25700974e-01 4.20040131e-01 3.03612024e-01
    9.00645792e-01 1.12485707e-01 2.68124998e-01 6.52943075e-01
    4.05953526e-01 2.57867575e-03 4.19985831e-01 8.81514072e-01
    5.78036249e-01 1.79395735e-01 8.90661180e-01 8.45143080e-01
    6.70039415e-01 1.62160516e-01 5.64823449e-01 7.47142851e-01
    6.64565444e-01 2.48364717e-01 6.30139232e-01 6.55462742e-01
    4.01017398e-01 6.93268895e-01 4.28847551e-01 6.31749630e-03
    9.89849687e-01 8.37405086e-01 7.58471191e-02 7.10420191e-01
    1.13434136e-01 2.78045177e-01 6.52586341e-01 3.78719628e-01
    5.47936916e-01 6.34793580e-01 2.16039211e-01 1.40698135e-01
    7.75292516e-01 5.16603470e-01 6.99850142e-01 8.12321663e-01
    8.97230148e-01 5.71585774e-01 1.37592614e-01 6.19440317e-01
    4.63964909e-01 4.82452184e-01 7.27350831e-01 3.27625245e-01
    5.33250272e-01 3.22564840e-01 7.84122944e-02 5.65124989e-01
    9.33389783e-01 5.61941981e-01 8.30965757e-01 1.70618296e-04
    9.85170841e-01 8.19331646e-01 3.75636429e-01 3.91302586e-01
    9.98342276e-01 1.25070810e-01 9.64659572e-01 2.32610524e-01
    6.88123047e-01 9.07127857e-01 8.35597038e-01 2.94661552e-01
    7.08549261e-01 1.30872518e-01 5.33017337e-01 6.14029408e-01
    9.03857589e-01 8.76978278e-01 7.44642079e-01 1.51814759e-01
    4.04772460e-02 7.01789379e-01 4.77676809e-01 7.38973975e-01
    7.67008781e-01 7.82878160e-01 9.94593441e-01 8.46019030e-01
    9.42143202e-01 2.46399790e-01 1.40681446e-01 2.11012959e-02
    6.90317750e-01 4.61654902e-01 9.20876265e-01 8.19590390e-02
    4.52866793e-01 2.75035858e-01 5.40150523e-01 6.02936268e-01
    3.51816297e-01 7.80115664e-01 2.40954995e-01 2.17349827e-01
    1.29068375e-01 9.39914107e-01 5.29119551e-01 1.87638581e-01
    8.47840905e-02 7.42953062e-01 9.10167992e-01 7.68086195e-01
    6.61598921e-01 8.18093956e-01 1.78675979e-01 5.33741713e-01
    1.28472447e-02 4.02649969e-01 3.03915322e-01 8.22320402e-01
    3.50475609e-02 9.58626390e-01 3.90945077e-01 1.55209869e-01
    9.74203706e-01 2.74246335e-01 3.92117083e-01 8.75459254e-01
    3.31645608e-02 7.68920422e-01 3.46818656e-01 1.02330804e-01
    8.72629404e-01 2.74412155e-01 8.27138841e-01 2.12209225e-01
    3.40304911e-01 9.74255860e-01 3.49008262e-01 9.82370853e-01
    8.82033706e-01 1.46951973e-02 8.77774179e-01 8.44684362e-01
    8.81082654e-01 9.90094244e-02 9.85171199e-02 3.29261422e-02
    4.73842591e-01 6.92575276e-02 1.78853601e-01 9.56760645e-02
    3.23135972e-01 3.89242917e-01 2.87597477e-01 1.58496261e-01
    1.88132852e-01 2.00877905e-01 4.01139319e-01 4.26916152e-01
    6.99779153e-01 9.79917407e-01 7.00241387e-01 9.01993155e-01
    8.78573596e-01 1.60295159e-01 4.82430518e-01 8.52430940e-01
    8.15591931e-01 7.44251907e-01 5.72338939e-01 6.36754572e-01
    4.75375354e-01 9.11360621e-01 8.93605947e-01 5.99426448e-01
    2.06929564e-01 8.88594449e-01 7.50357032e-01 5.01626909e-01
    2.70405293e-01 2.57142901e-01 4.73101437e-02 4.02917713e-01
    1.23932898e-01 6.01116002e-01 3.86489630e-02 9.83624697e-01
    4.67679322e-01 2.62918353e-01 2.62263417e-01 6.23932958e-01
    4.87759411e-02 1.94374651e-01 6.82216704e-01 8.93243551e-01
    9.70645845e-01 9.28014278e-01 3.93806368e-01 6.42852068e-01
    3.46846402e-01 8.75462770e-01 8.67163777e-01 2.04509825e-01
    4.66530293e-01 9.37932849e-01 4.68622565e-01 5.06634176e-01
    1.01367056e-01 4.74628091e-01 2.60241508e-01 6.34802759e-01
    7.38449275e-01 4.95121717e-01 9.32742238e-01 7.28357077e-01
    5.01546443e-01 9.22469497e-01 4.21027005e-01 9.68715429e-01
    4.10525441e-01 9.02941108e-01 8.12512159e-01 3.79077196e-01
    6.62588358e-01 1.63821220e-01 2.43372917e-02 5.25490999e-01
    9.31895077e-02 2.90616512e-01 5.82426667e-01 2.11804271e-01
    4.83190328e-01 3.33711803e-02 4.08317745e-01 6.83034837e-01
    3.01846474e-01 6.66608930e-01 8.54623556e-01 1.81169987e-01
    1.61658585e-01 9.47437048e-01 6.16497815e-01 1.59547269e-01
    1.00814581e-01 1.48186147e-01 9.32328224e-01 8.02381337e-01
    1.25963300e-01 8.01733434e-01 9.97830629e-01 3.58595222e-01
    3.45768511e-01 1.86822325e-01 6.86432123e-01 6.20010197e-01
    5.92199206e-01 1.23600513e-01 4.70481396e-01 7.07133591e-01
    9.83578324e-01 9.33498621e-01 6.67801201e-02 8.02601576e-02
    2.92366326e-01 8.74945283e-01 3.26007336e-01 4.15296346e-01
    8.66421580e-01 4.58773077e-01 3.28144133e-02 6.87679887e-01
    3.47167432e-01 2.46735662e-01 3.64801258e-01 1.54979557e-01
    2.03262359e-01 9.24121261e-01 9.57123637e-02 7.46410847e-01
    2.52607584e-01 4.76318598e-03 6.92469060e-01 3.71650815e-01
    2.71997303e-01 8.23725164e-02 6.56117201e-02 2.45448589e-01
    5.84013283e-01 5.61613917e-01 5.54640174e-01 1.42882943e-01
    2.16424048e-01 3.86381388e-01 4.37446654e-01 6.72517061e-01
    2.04701185e-01 2.11518347e-01 5.96807420e-01 2.67141104e-01
    5.13077557e-01 1.64928526e-01 9.30559337e-02 3.62407267e-01
    9.86109614e-01 9.21872199e-01 2.79492497e-01 8.73182893e-01
    2.16057420e-01 2.58115709e-01 2.15826422e-01 3.10890436e-01
    6.30581558e-01 1.00364894e-01 7.91551352e-01 4.20018196e-01
    1.87607318e-01 8.05668831e-02 7.37440050e-01 6.04570091e-01
    7.34375119e-01 6.50339365e-01 6.23160601e-03 1.03050023e-01
    2.67680526e-01 6.98601902e-02 6.94444358e-01 9.41556156e-01
    7.08645105e-01 5.12618840e-01 6.27559662e-01 7.87436783e-01
    3.31799865e-01 5.61452031e-01 6.33279562e-01 4.23726737e-01
    3.87276709e-02 4.11239386e-01 6.91601694e-01 8.89559627e-01
    1.14199430e-01 2.41944283e-01 3.77389878e-01 5.73271215e-02
    2.57273614e-02 3.04165900e-01 5.39503753e-01 9.32265401e-01
    8.08531165e-01 2.60824889e-01 8.14824104e-01 1.85601711e-01
    7.84591138e-02 7.80921876e-02 9.60284829e-01 5.46327591e-01
    2.89955676e-01 7.67020464e-01 8.21472168e-01 8.90645981e-02
    7.75126696e-01 1.73272312e-01 8.77455115e-01 6.93545759e-01
    4.99782115e-01 5.06497443e-01 5.77361226e-01 4.14945185e-01
    4.66636777e-01 2.46673197e-01 6.26586854e-01 7.95522392e-01
    1.77866668e-01 9.85864997e-01 3.27205181e-01 2.13231653e-01
    2.38146096e-01 2.50648081e-01 3.16930711e-01 6.13834202e-01
    1.24500304e-01 3.36698294e-01 1.38349801e-01 2.34362036e-01
    4.57274675e-01 3.34896386e-01 2.33774602e-01 4.08075869e-01
    4.90057468e-03 3.88976097e-01 9.10482287e-01 6.81753933e-01
    7.88364053e-01 6.74300373e-01 9.35519934e-02 4.86783564e-01
    7.82081604e-01 9.54834223e-02 4.38201994e-01 5.29758990e-01
    4.88382250e-01 1.90265000e-01 3.28812659e-01 2.82421678e-01
    4.41786885e-01 9.69620407e-01 7.84571648e-01 9.02441382e-01
    1.94629341e-01 5.54330468e-01 3.55409980e-01 4.52732921e-01
    7.51894832e-01 3.45653594e-01 7.91492820e-01 2.96486914e-01
    1.39903337e-01 9.83853817e-01 2.69844651e-01 7.84741163e-01
    5.95412970e-01 4.39935952e-01 3.63165081e-01 9.81441736e-02
    5.64275682e-02 2.25876272e-02 3.75251085e-01 3.99389863e-03
    6.13378108e-01 5.39511859e-01 6.62791133e-01 1.30409032e-01
    9.91296887e-01 6.81846976e-01 8.01374793e-01 5.85213900e-02
    6.34342909e-01 1.46721333e-01 2.21206486e-01 7.07546771e-02
    8.51449013e-01 9.49546814e-01 6.63531423e-01 7.51423955e-01
    8.94794941e-01 5.31587005e-03 4.73184675e-01 4.04161632e-01
    3.81658345e-01 2.21619070e-01 6.87389672e-02 5.89365721e-01
    2.81927317e-01 9.06778574e-01 3.81744921e-01 1.13634199e-01
    3.46884310e-01 3.86123300e-01 8.55740547e-01 3.83627206e-01
    8.18642497e-01 5.91349781e-01 3.65401983e-01 5.81465125e-01
    8.00547540e-01 4.25578177e-01 4.60474551e-01 7.99921989e-01
    7.82976627e-01 7.05184877e-01 3.92006606e-01 3.88493598e-01
    5.89886069e-01 2.99142063e-01 5.72859943e-01 7.59724140e-01
    1.53556585e-01 3.27832758e-01 2.56451994e-01 8.22173059e-02
    1.94353402e-01 3.51958692e-01 1.55768007e-01 3.28940034e-01
    9.23868895e-01 3.65150273e-02 2.13165671e-01 1.31442070e-01
    8.60192776e-01 5.88533878e-02 7.00295150e-01 3.80119413e-01
    2.62384921e-01 9.33882475e-01 5.17445982e-01 6.87932968e-01
    2.99891144e-01 9.29210365e-01 7.97616959e-01 8.92556071e-01
    8.39471281e-01 3.90684247e-01 8.54777515e-01 7.16819704e-01
    1.15939379e-02 9.78580832e-01 3.10501158e-01 5.02240658e-02
    2.72726268e-01 8.58284473e-01 9.35160160e-01 1.21419549e-01
    8.74229670e-02 4.48202789e-02 7.33257890e-01 3.06221664e-01
    3.07107270e-02 4.19326305e-01 7.95782328e-01 3.25226754e-01
    2.18033373e-01 7.16260791e-01 2.76592374e-02 1.31608307e-01
    3.09116721e-01 5.33645928e-01 1.78927332e-01 8.32676768e-01
    5.86889505e-01 5.18677533e-01 6.65415466e-01 9.36204553e-01
    3.99743617e-02 8.62153172e-02 3.03523272e-01 8.31902087e-01
    9.17742133e-01 3.07300687e-01 8.72852445e-01 5.50706029e-01
    4.98898119e-01 7.15438843e-01 3.71957660e-01 3.56977969e-01
    4.42351162e-01 2.72851884e-02 6.28687620e-01 2.34774619e-01
    9.15572882e-01 4.80626613e-01 1.54982179e-01 1.79915905e-01
    9.97182965e-01 7.50061870e-03 7.99709320e-01 1.35469973e-01
    3.44580203e-01 4.10345763e-01 2.86880076e-01 3.45344543e-02
    1.15081936e-01 5.71736217e-01 5.88482022e-02 2.42335290e-01
    6.11625075e-01 5.20205677e-01 4.22130942e-01 4.35812175e-02
    3.30318063e-01 3.18762422e-01 5.05528212e-01 6.43894434e-01
    5.39882660e-01 4.66169149e-01 2.37307072e-01 4.78296041e-01
    7.16448724e-01 2.80658811e-01 3.19426417e-01 8.08982134e-01
    1.06951833e-01 3.37121755e-01 4.84502614e-02 8.21684837e-01
    7.88879693e-01 6.91813409e-01 9.02021170e-01 3.11311007e-01
    5.48719525e-01 3.19136262e-01 3.00651670e-01 5.23754060e-01
    9.04149532e-01 9.84523654e-01 5.32988012e-01 7.09698915e-01
    7.43945718e-01 9.14614320e-01 1.42058849e-01 9.96202588e-01
    8.90900493e-02 2.78877914e-01 4.92666960e-01 8.21333528e-01
    2.93554723e-01 4.91470635e-01 9.14027691e-01 3.67503554e-01
    5.59931278e-01 4.27545011e-01 4.50884670e-01 6.29473567e-01
    5.96916437e-01 4.80021358e-01 6.33530676e-01 4.41915363e-01
    9.00802374e-01 8.27313781e-01 9.31879103e-01 2.09761471e-01
    4.75358278e-01 4.67626840e-01 6.61686957e-01 2.66879797e-01
    8.63173366e-01 4.12518680e-02 6.29807591e-01 2.31492907e-01
    3.12046885e-01 4.00528312e-02 8.88355374e-02 8.95445108e-01
    2.33088583e-01 6.57766819e-01 7.96956062e-01 7.29222417e-01
    9.12399471e-01 8.00138474e-01 4.32940304e-01 5.13947368e-01
    4.72228467e-01 1.18679762e-01 9.56090331e-01 2.79085517e-01
    8.02742600e-01 1.22194588e-02 9.16280448e-01 4.33286041e-01
    9.18408394e-01 8.30096602e-01 9.75526929e-01 3.04702520e-01
    8.60030651e-01 7.13747621e-01 6.60697579e-01 8.13541889e-01
    8.26794863e-01 6.51999772e-01 6.54338717e-01 7.19027877e-01
    6.54706180e-01 6.94605112e-01 2.71673620e-01 6.87265396e-01
    5.50826192e-01 2.18665689e-01 8.32005322e-01 2.92911559e-01
    6.59198403e-01 9.50840235e-01 1.76432520e-01 8.48502755e-01
    4.20400321e-01 8.50251675e-01 9.76084769e-01 4.76761073e-01
    3.19073796e-01 5.29556036e-01 6.93113804e-02 4.88389283e-01
    9.32199955e-01 3.41617972e-01 1.35967016e-01 5.26092172e-01
    7.55771399e-01 8.86829197e-02 9.61035192e-01 7.76647806e-01
    8.36340308e-01 4.63266671e-02 1.20575845e-01 7.10320473e-01
    8.86088490e-01 6.68771863e-01 3.26485038e-01 6.86589479e-02
    2.21491247e-01 8.65880847e-01 3.92260194e-01 3.73995960e-01
    9.96269822e-01 6.13073111e-01 5.07794857e-01 9.25403833e-02
    2.75994658e-01 2.55737662e-01 8.23547244e-01 2.89933413e-01
    8.87833178e-01 5.42686284e-01 3.01521152e-01 4.05433178e-01
    5.84583819e-01 6.69023037e-01 7.93803334e-02 4.00317013e-02
    3.30184460e-01 3.68018687e-01 7.66938865e-01 1.54851973e-02
    7.04083025e-01 5.11865258e-01 9.10618305e-01 8.07842910e-01
    5.40968895e-01 6.46948934e-01 3.07395458e-01 2.73876429e-01
    7.15405345e-01 5.83213866e-02 4.99865532e-01 4.95982170e-02
    1.50637358e-01 2.85691619e-02 7.02223718e-01 7.37241924e-01
    1.37543261e-01 7.62500167e-01 4.39515114e-01 8.16863775e-03
    8.09436142e-02 3.37976545e-01 3.80291283e-01 6.39031589e-01
    1.72929645e-01 7.49055624e-01 7.78493047e-01 3.46044719e-01
    5.53153753e-02 7.75287032e-01 4.68445778e-01 7.08318233e-01
    6.43110812e-01 5.03656387e-01 8.40955973e-01 8.50597382e-01
    4.32810843e-01 5.22629440e-01 4.93682295e-01 6.71184540e-01
    4.70835209e-01 6.88103676e-01 6.96139395e-01 8.42260361e-01
    9.85721052e-01 6.60515130e-02 2.26098001e-01 8.49496961e-01
    2.44180948e-01 6.17521942e-01 5.52903414e-01 2.12384343e-01
    1.15141213e-01 1.09138131e-01 5.41906059e-01 1.51130766e-01
    7.86202073e-01 6.87065125e-02 3.46898168e-01 6.07215047e-01
    7.64800012e-01 6.76975548e-02 5.97399652e-01 8.76892507e-02
    7.59168267e-02 1.34124488e-01 4.53133643e-01 3.96141917e-01
    3.95244092e-01 8.78352463e-01 2.95394123e-01 5.44502437e-01
    1.28542811e-01 6.06026411e-01 1.78215325e-01 1.68024838e-01
    1.07518524e-01 6.07142866e-01 7.77910709e-01 3.26567948e-01
    5.02820253e-01 5.21202981e-01 6.05640531e-01 5.36331534e-02
    7.20647573e-01 4.58591610e-01 6.94741786e-01 7.78451920e-01
    9.37152028e-01 8.39206755e-01 7.12500393e-01 6.00774765e-01
    4.96256471e-01 9.14562285e-01 5.02476037e-01 2.19654441e-02
    6.22214675e-02 4.50685173e-01 1.77997768e-01 3.81060302e-01
    2.94482589e-01 2.88108170e-01 1.83897763e-01 5.25452614e-01
    5.48725307e-01 6.38662279e-01 1.46945536e-01 9.85819459e-01
    6.71448767e-01 6.40781879e-01 6.75925851e-01 1.77498698e-01
    7.05258489e-01 7.50414968e-01 6.58084512e-01 1.79825157e-01
    3.23456585e-01 4.87367213e-01 9.76811767e-01 6.49166226e-01
    3.28614056e-01 1.30970091e-01 9.16540742e-01 3.50796163e-01
    5.20144403e-02 1.71934754e-01 2.49903798e-01 5.62929392e-01
    7.50452638e-01 9.80796099e-01 6.37627900e-01 2.96238482e-01
    6.53829873e-02 5.71608365e-01 1.11984909e-01 2.68630296e-01
    1.15898758e-01 6.43420696e-01 3.18912327e-01 3.85560811e-01
    4.86049145e-01 9.90013123e-01 4.74349558e-01 8.51322651e-01
    5.65130591e-01 9.30149555e-01 2.91727483e-01 5.33288300e-01
    4.73037750e-01 5.50965071e-02 1.45904809e-01 6.90122664e-01
    1.11059189e-01 3.76584291e-01 4.55100387e-01 4.86263007e-01
    2.21135229e-01 5.99588752e-01 2.68338501e-01 7.73738980e-01
    9.69685137e-01 7.34255075e-01 9.02701139e-01 9.06786680e-01
    6.04108095e-01 2.89877295e-01 4.01546180e-01 2.67772675e-02
    5.00932276e-01 1.35882795e-01 1.16257101e-01 5.10093868e-01
    4.67779577e-01 6.97903931e-01 8.74769270e-01 2.34964132e-01
    4.87954021e-02 3.27763438e-01 4.61497128e-01 7.65947104e-01
    6.02112830e-01 1.68728828e-03 6.19373798e-01 5.81741631e-01
    5.37523746e-01 7.72473335e-01 4.66403842e-01 7.49656260e-02
    6.11657739e-01 2.87020385e-01 8.82532239e-01 6.38778329e-01
    8.25383306e-01 8.53801608e-01 8.57310176e-01 6.34390175e-01
    8.17149043e-01 3.24336648e-01 4.16675627e-01 9.02635217e-01
    4.71847653e-01 9.38941538e-02 7.27335572e-01 3.21700156e-01
    5.64871788e-01 8.89171958e-01 6.01561427e-01 9.52265501e-01
    3.65967155e-01 5.42047203e-01 6.65276945e-02 3.44013572e-02
    1.50926977e-01 8.53150129e-01 7.30919838e-01 4.75101233e-01
    4.80082244e-01 2.02282786e-01 1.27644330e-01 5.12848794e-01
    1.45087212e-01 6.75458670e-01 8.16340685e-01 6.48438334e-01
    9.97196555e-01 4.87801045e-01 5.81300735e-01 9.96464014e-01
    6.34214580e-01 2.64928401e-01 6.79910243e-01 3.07447195e-01
    9.81348753e-01 7.86633253e-01 2.30472982e-01 7.23158956e-01
    3.07901084e-01 1.44100070e-01 8.26968014e-01 7.21219778e-01
    7.94895053e-01 8.95589888e-01 8.36757660e-01 8.94979119e-01
    2.93186605e-02 5.08712590e-01 2.36577511e-01 5.63555837e-01
    3.41058671e-02 4.63726848e-01 9.20042872e-01 7.40224123e-01
    4.02641296e-01 9.81406987e-01 6.22095764e-02 4.69073892e-01
    6.66564703e-02 1.84708923e-01 2.52536833e-02 2.28502929e-01
    8.11048031e-01 5.57330251e-03 3.13965797e-01 5.80652356e-01
    3.51456106e-01 9.99174893e-01 6.37941003e-01 2.24542469e-01
    8.97524893e-01 8.35462093e-01 4.65443641e-01 1.00914299e-01
    5.06532192e-02 2.80820221e-01 8.54262888e-01 9.25005674e-02
    3.34320128e-01 8.86491358e-01 2.29517639e-01 8.57963264e-02
    3.41893315e-01 1.55283242e-01 4.24854964e-01 3.37529123e-01
    9.15027738e-01 5.03395498e-01 5.16727090e-01 8.47087741e-01
    2.43763924e-01 6.78107142e-03 6.79126501e-01 5.39676011e-01
    6.33296609e-01 6.10638976e-01 1.28423244e-01 6.40819430e-01
    7.99078047e-02 7.99153924e-01 5.02212346e-02 4.41590756e-01
    1.20773822e-01 7.55772352e-01 4.13720191e-01 7.73535609e-01
    2.87194490e-01 8.39372277e-01 2.60596484e-01 1.73914909e-01
    7.95238614e-02 7.33445406e-01 3.06433558e-01 8.40584755e-01
    4.47140485e-01 1.37997419e-01 4.38998520e-01 2.26635635e-01
    1.83317900e-01 3.07817578e-01 4.51500744e-01 1.21695608e-01
    8.24769974e-01 9.23238397e-01 9.59657133e-01 1.11194670e-01
    7.48208165e-01 5.46435058e-01 2.15230852e-01 9.15333152e-01
    5.00981092e-01 2.65847862e-01 1.94432199e-01 1.95568740e-01
    4.59814042e-01 1.94683731e-01 2.47671157e-01 5.57908058e-01
    5.76083720e-01 8.52390587e-01 3.37744743e-01 1.01147085e-01
    2.21229702e-01 4.98977661e-01 7.13190436e-03 6.63888812e-01
    8.32488239e-02 9.45159912e-01 8.04083347e-01 6.46290064e-01
    6.26758814e-01 8.86090815e-01 7.28859007e-01 2.01945782e-01
    4.68970835e-01 6.67879820e-01 6.61087215e-01 3.64062607e-01
    2.07239985e-02 1.42871559e-01 7.23492801e-02 4.34335113e-01
    1.02191418e-01 8.42433929e-01 6.13778532e-01 3.09817970e-01
    2.85621166e-01 4.85875785e-01 1.27732128e-01 1.76858246e-01
    4.77275223e-01 3.25926095e-01 1.19473010e-01 5.79050243e-01
    1.49021983e-01 7.46617317e-02 8.29401493e-01 2.86055744e-01
    4.00667787e-01 3.90701592e-02 3.69276643e-01 1.59171909e-01
    1.76464915e-01 5.31640589e-01 7.83564091e-01 7.50729442e-01
    6.76532388e-01 3.06596577e-01 6.20916307e-01 3.11890393e-01
    2.71614790e-01 1.41350448e-01 1.64360762e-01 2.63664603e-01
    3.45700085e-01 2.46264040e-02 4.37205315e-01 5.26946664e-01
    7.54079521e-02 4.50316727e-01 6.82587862e-01 6.75399184e-01
    2.57423013e-01 7.27803111e-01 6.65352166e-01 7.59899676e-01
    8.04602385e-01 3.72429967e-01 1.63033187e-01 3.38737011e-01
    2.55310655e-01 4.94650364e-01 3.13981414e-01 6.85825467e-01
    7.66712189e-01 1.02601528e-01 1.46497369e-01 4.80653524e-01
    1.43608689e-01 8.31331968e-01 5.75254202e-01 1.66934103e-01
    1.94930434e-02 2.02751458e-02 6.87927008e-02 2.75549710e-01
    9.49145973e-01 8.48091543e-02 3.56357992e-01 6.40277147e-01
    3.23087543e-01 9.20013726e-01 8.30514550e-01 3.08912367e-01
    2.66142398e-01 3.97374034e-01 4.88457322e-01 7.17578828e-02
    2.76579291e-01 3.22469234e-01 6.71816111e-01 2.18837857e-02
    4.90818888e-01 9.69815373e-01 7.49966621e-01 7.34237909e-01
    7.49477863e-01 2.96485871e-01 3.42782527e-01 7.70423353e-01
    7.04122245e-01 5.01788020e-01 1.70686901e-01 8.61439466e-01
    9.42484260e-01 2.98564136e-01 6.84122324e-01 7.52698958e-01
    4.94494796e-01 1.81280941e-01 7.29079962e-01 5.13891578e-01
    6.04804277e-01 5.98434985e-01 2.36040652e-02 9.14656639e-01
    6.72358871e-01 3.45522135e-01 2.26600587e-01 3.81156653e-01
    8.05685282e-01 6.55511618e-02 8.65404248e-01 1.81756914e-01
    7.62841582e-01 7.03070462e-01 1.97305143e-01 9.07042801e-01
    9.66122270e-01 6.10448182e-01 7.49881268e-01 4.87005919e-01
    2.60275662e-01 5.83013475e-01 6.65893257e-02 6.12469554e-01
    2.64860600e-01 7.50684738e-03 9.96568978e-01 1.67368621e-01
    2.86555827e-01 7.01617599e-02 1.65910751e-01 4.92216200e-01
    1.36661708e-01 9.31969583e-01 4.34645712e-01 9.00427282e-01
    3.68331373e-01 2.57569134e-01 3.43428195e-01 6.39600277e-01
    2.65623361e-01 2.70506680e-01 8.42943609e-01 1.70197099e-01
    5.29405057e-01 7.42231607e-01 5.76012433e-02 5.98616898e-01
    9.11445916e-02 1.07057542e-01 8.88225377e-01 1.51116043e-01
    9.62271631e-01 8.82731080e-01 2.43850380e-01 9.79701042e-01
    9.07001972e-01 3.24063659e-01 5.06684482e-01 2.72864997e-02
    7.12419391e-01 3.45904201e-01 9.58371282e-01 9.72747922e-01
    3.93971324e-01 5.41060865e-02 2.57455617e-01 6.26474380e-01
    6.37308359e-01 8.16303849e-01 9.85250533e-01 2.34630704e-01
    6.01511896e-01 2.51651645e-01 1.40533984e-01 5.84993362e-02
    9.55049872e-01 2.39082038e-01 9.27753210e-01 2.34542310e-01
    4.68722045e-01 7.13171422e-01 5.20992577e-02 5.00473976e-01
    3.84415209e-01 7.24945724e-01 2.48369902e-01 6.85900688e-01
    5.73563337e-01 4.84369844e-01 2.68710256e-02 5.77999234e-01
    1.65994018e-01 4.93132889e-01 7.24413276e-01 5.00636041e-01
    5.78436315e-01 3.09957683e-01 6.07107103e-01 1.35355532e-01
    3.60595644e-01 8.66876960e-01 5.30961633e-01 7.30760396e-02
    1.00287497e-01 3.93758118e-02 7.36361444e-01 8.43925238e-01
    3.71573597e-01 2.52289206e-01 9.16365683e-02 1.99112564e-01
    4.42185134e-01 2.00182110e-01 5.64036429e-01 4.08039808e-01
    4.95877296e-01 7.09134996e-01 8.13878179e-01 1.01243407e-01
    4.78791267e-01 7.50469089e-01 6.29181564e-01 8.40145648e-02
    9.82016742e-01 2.37895936e-01 4.65666324e-01 3.60282540e-01
    1.23285800e-01 8.93369973e-01 3.26229036e-01 3.70887578e-01
    1.20605499e-01 8.43794227e-01 7.81011164e-01 8.56177330e-01
    4.60014641e-01 1.51136518e-01 3.56404006e-01 3.72440815e-01
    3.47736776e-02 8.09837222e-01 8.21017623e-01 3.81640911e-01
    2.03699768e-02 6.32687867e-01 5.90752482e-01 7.23733068e-01
    7.12106884e-01 7.40243196e-02 6.26316965e-02 4.60650414e-01
    6.10071540e-01 3.10156763e-01 5.17907977e-01 9.63688970e-01
    2.48885453e-01 9.09679651e-01 4.77124512e-01 1.18812621e-01
    9.93438840e-01 6.65234804e-01 3.33234549e-01 5.98649859e-01
    4.33387727e-01 2.06833392e-01 2.48589367e-01 3.48152667e-01
    4.25533473e-01 7.09059834e-01 9.18430984e-02 2.60815740e-01
    9.32115912e-01 4.89804506e-01 9.88034368e-01 6.41074121e-01
    7.18196154e-01 6.27385795e-01 6.34925365e-01 2.31519222e-01
    6.65552855e-01 5.98500907e-01 7.80856013e-01 8.87934327e-01
    2.35988379e-01 1.49566203e-01 9.24427092e-01 8.68117213e-01
    2.67462611e-01 8.40547800e-01 7.79149890e-01 8.36192191e-01
    8.41906667e-02 7.32966661e-01 9.40211475e-01 3.22386622e-01
    8.04429173e-01 1.32917911e-01 2.25365251e-01 2.24949241e-01
    1.26120687e-01 8.91954601e-01 2.76156813e-01 4.26270813e-01
    4.86399829e-01 7.52075315e-01 4.88196403e-01 5.24978399e-01
    8.17305446e-02 5.72492182e-01 5.54377913e-01 4.53325272e-01
    5.83093464e-01 6.00890875e-01 7.96090841e-01 9.51848269e-01
    6.52285397e-01 9.35877323e-01 4.99623567e-01 2.14321613e-02
    3.42811137e-01 4.75881785e-01 5.84278166e-01 2.02772021e-01
    8.42792332e-01 8.33855629e-01 9.98278081e-01 3.38583291e-01
    8.25832784e-01 1.77709758e-01 4.51057553e-02 9.38111186e-01
    4.47648466e-02 8.32660198e-01 3.77007782e-01 4.17080998e-01
    7.32053757e-01 6.59260154e-03 1.44147873e-02 5.34006238e-01
    7.56686449e-01 8.73556018e-01 4.71905738e-01 5.98997414e-01
    8.98175359e-01 2.53011107e-01 6.79815173e-01 5.46330810e-01
    1.76668048e-01 4.11689222e-01 5.60610056e-01 1.07113719e-02
    5.39699793e-01 5.66857100e-01 2.67553091e-01 9.57171798e-01
    6.69803441e-01 2.42994577e-01 5.39318323e-01 9.07007456e-01
    2.26438910e-01 1.14135504e-01 9.20111656e-01 8.95755768e-01
    4.10203665e-01 2.26961613e-01 9.44229305e-01 2.35850036e-01
    6.62440419e-01 4.74497378e-02 2.62813359e-01 6.38046086e-01
    2.48011440e-01 5.95546603e-01 3.80901277e-01 5.75197518e-01
    1.36689693e-01 4.76284802e-01 6.54890120e-01 3.56826872e-01
    2.80388772e-01 7.72436619e-01 3.00055802e-01 6.57816172e-01
    5.71304619e-01 5.87406397e-01 2.52556801e-01 4.52279150e-02
    2.04524696e-01 7.19469130e-01 7.53553629e-01 4.51188445e-01
    5.00926256e-01 2.38647163e-02 2.31220841e-01 2.27421999e-01
    3.32658648e-01 2.69154042e-01 1.86141521e-01 6.18960381e-01
    8.26806664e-01 6.64705634e-02 5.55882633e-01 8.40178728e-01
    5.56442440e-01 4.27406371e-01 5.19685805e-01 5.73746085e-01
    6.93997741e-01 4.89565045e-01 4.89367992e-01 5.86641133e-01
    5.37002206e-01 9.60557520e-01 6.64265215e-01 1.78253651e-01
    5.26009500e-01 6.74188614e-01 6.14788353e-01 4.92627859e-01
    9.28857803e-01 2.19445467e-01 2.80582815e-01 4.43969905e-01
    8.02550912e-01 7.21789896e-01 5.36677837e-01 6.53667092e-01
    2.31045961e-01 4.25747037e-01 4.63936597e-01 1.97073072e-01
    7.75960922e-01 7.59119868e-01 3.46011013e-01 8.03273201e-01
    3.78326058e-01 7.61140287e-01 4.16292846e-01 8.73339951e-01
    1.84148520e-01 7.97337413e-01 3.52332532e-01 9.92720544e-01
    2.14879781e-01 5.90123892e-01 5.94750822e-01 4.53557879e-01
    5.96460581e-01 2.36671269e-02 8.76792789e-01 5.23477018e-01
    9.30742741e-01 1.48756057e-01 5.99260628e-02 9.37418640e-02
    2.74777412e-05 3.99543345e-02 6.19726181e-01 9.75552917e-01
    9.97905910e-01 7.95745850e-03 9.93300438e-01 7.42807686e-01
    4.58700418e-01 8.40227783e-01 3.29267353e-01 8.27083945e-01
    8.24213982e-01 3.08863401e-01 4.58208740e-01 5.34385800e-01
    9.06518459e-01 2.32629776e-02 3.83504391e-01 3.39893401e-02
    4.03783590e-01 9.47895586e-01 5.28888345e-01 6.09908640e-01
    6.09386683e-01 9.26072240e-01 9.74159360e-01 4.39608693e-01
    3.45555782e-01 3.79557997e-01 6.65978372e-01 3.94577920e-01
    3.89436871e-01 6.69759512e-01 6.94120288e-01 3.89943182e-01
    5.15164673e-01 3.25987309e-01 8.70474398e-01 9.36060786e-01
    3.85716975e-01 5.04020751e-01 4.42109436e-01 4.31893945e-01
    3.69525254e-02 7.02298880e-01 2.48446733e-01 7.10210204e-03
    4.07149851e-01 2.68886626e-01 3.80699724e-01 4.95708466e-01
    7.04949677e-01 1.86040282e-01 5.76040089e-01 9.42788661e-01
    1.74304813e-01 3.58095109e-01 2.61310756e-01 1.84152097e-01
    8.17209959e-01 3.08568478e-02 8.55845869e-01 1.66757256e-01
    5.56804657e-01 2.26827145e-01 1.26193613e-01 7.17320561e-01
    2.92997777e-01 9.21217561e-01 1.64030105e-01 3.10234189e-01
    2.70528793e-02 3.99650276e-01 1.05897814e-01 2.67020345e-01
    8.12663913e-01 2.22552031e-01 4.85483229e-01 7.02991426e-01
    2.09816724e-01 6.33795142e-01 4.39066827e-01 7.34587729e-01
    9.31099653e-02 6.40594721e-01 8.82444203e-01 2.81836987e-02
    4.24434006e-01 9.89397526e-01 3.63157153e-01 3.26167345e-02
    1.80772543e-02 1.67206138e-01 5.77869534e-01 6.92698479e-01
    7.75216460e-01 1.32223219e-01 7.55500674e-01 1.72494352e-01
    9.66991067e-01 4.42372620e-01 2.10855126e-01 2.72581130e-01
    1.55856341e-01 5.04018366e-01 3.73573095e-01 7.14809179e-01
    7.14281201e-03 5.48286676e-01 4.05446500e-01 8.00193071e-01
    8.05382609e-01 5.25552630e-01 8.12216341e-01 3.57642591e-01
    3.65161538e-01 3.05413902e-02 3.03985357e-01 3.36082131e-01
    2.85047293e-02 7.37227440e-01 5.86761236e-01 8.23829412e-01
    5.95152676e-01 7.32043564e-01 7.17691422e-01 1.74436808e-01
    3.08262408e-01 3.79316628e-01 7.11909294e-01 4.76668686e-01
    4.58900988e-01 3.80518705e-01 4.60756242e-01 8.13494623e-01
    4.00629967e-01 2.63488889e-01 6.06689155e-02 9.83226776e-01
    6.28356695e-01 2.76630878e-01 4.65135306e-01 1.81705147e-01
    4.20629084e-01 9.35465813e-01 9.01144385e-01 7.32774615e-01
    9.72994268e-02 8.09502244e-01 4.30584967e-01 5.56857467e-01
    7.09919274e-01 1.25739276e-02 1.81587934e-01 3.08201075e-01
    7.54158497e-01 7.75182843e-01 2.16188699e-01 3.30656797e-01
    9.58944142e-01 6.55002236e-01 2.60566473e-02 2.04007775e-01
    7.08867192e-01 5.59213102e-01 2.41863608e-01 3.71441990e-01
    9.86977100e-01 2.40200132e-01 9.89582181e-01 6.26077592e-01
    3.83330286e-02 4.25625414e-01 9.47609901e-01 1.40188098e-01
    6.67780340e-01 7.26178885e-01 8.58905375e-01 8.58178139e-01
    2.27231264e-01 8.76615465e-01 7.32708812e-01 9.95518386e-01
    6.48044944e-01 4.03466344e-01 9.05503929e-02 9.36249614e-01
    4.36955988e-01 4.47869301e-02 1.74501836e-01 4.61646199e-01
    6.35084748e-01 4.13415343e-01 9.72031355e-02 3.97493243e-02
    1.37243569e-01 3.41007054e-01 5.37983477e-01 7.99321890e-01
    9.12776887e-01 3.58716547e-02 1.91011310e-01 2.12352276e-01
    3.40756863e-01 4.10103381e-01 6.51347041e-02 6.47599936e-01
    8.21346521e-01 4.45950836e-01 5.35215616e-01 2.02384681e-01
    4.88454103e-03 1.91437274e-01 4.47596252e-01 7.88931131e-01
    6.15791440e-01 5.78821778e-01 1.97749496e-01 5.01218379e-01
    2.86032796e-01 3.90449673e-01 6.26492023e-01 8.72976899e-01
    9.85874534e-01 2.22380370e-01 4.61633265e-01 1.92162424e-01
    6.17928684e-01 8.84868503e-01 4.47312981e-01 5.38758039e-02
    8.68424118e-01 3.14301163e-01 2.09576786e-02 6.48190141e-01
    2.91672707e-01 4.40361857e-01 7.23584950e-01 9.34151053e-01
    8.43915343e-03 9.51678157e-01 1.92961991e-01 7.10415602e-01
    8.58592153e-01 6.76123679e-01 5.48982322e-01 2.72348791e-01
    8.65344048e-01 4.21071827e-01 4.96854484e-02 6.25794530e-01
    3.99657369e-01 4.83273894e-01 5.62058389e-02 4.56326574e-01
    8.14769864e-01 1.19236410e-01 3.05640608e-01 6.87218010e-01
    2.82238901e-01 7.52308011e-01 7.56973505e-01 8.56263220e-01
    5.08674145e-01 8.77699137e-01 5.30489743e-01 9.92169380e-02
    7.87818432e-03 8.36836278e-01 8.66694629e-01 9.62865174e-01
    8.33884478e-01 1.87553167e-02 3.63857985e-01 9.47371364e-01
    3.52255940e-01 2.98272461e-01 6.08947635e-01 7.38748908e-01
    4.82374579e-01 6.10811949e-01 2.92760134e-01 7.38733292e-01
    4.54674929e-01 4.34532285e-01 6.70630574e-01 5.44610620e-02
    4.55966592e-02 3.95256251e-01 2.02585429e-01 7.72406816e-01
    4.49069142e-01 8.27109933e-01 4.10960525e-01 1.57406479e-01
    9.48480487e-01 7.61620879e-01 1.94708347e-01 4.67410892e-01
    1.35714531e-01 7.92771220e-01 8.17071497e-01 1.03601635e-01
    2.11965173e-01 9.46930647e-02 5.51982760e-01 4.72961634e-01
    5.47236681e-01 1.96817726e-01 8.81162882e-02 6.24298573e-01
    3.25371385e-01 3.52389067e-01 5.39103568e-01 6.78413093e-01
    8.06484699e-01 5.92334211e-01 3.15380067e-01 6.50053263e-01
    1.83596551e-01 6.35023296e-01 9.80857730e-01 1.85167730e-01
    8.52333069e-01 4.17557716e-01 1.73442960e-01 3.32884073e-01
    8.43159735e-01 7.13849962e-01 9.65096831e-01 9.59710777e-01
    9.04738903e-01 7.56802201e-01 3.86737525e-01 9.63020623e-02
    1.18348539e-01 8.33115637e-01 3.51839066e-02 5.47819436e-01
    1.52477235e-01 9.45859730e-01 8.47037792e-01 1.96554542e-01
    3.81938398e-01 6.95728183e-01 3.79938483e-01 9.87527847e-01
    5.70932627e-02 4.13184702e-01 1.87703758e-01 1.83300257e-01
    9.27749276e-03 4.83918577e-01 4.68798190e-01 8.15430403e-01
    2.41647154e-01 5.05034804e-01 8.64921749e-01 3.33239913e-01
    8.33806515e-01 2.91292667e-01 6.75774276e-01 8.56443346e-02
    9.28398252e-01 3.81267071e-03 4.26002502e-01 6.60166264e-01
    8.42091084e-01 8.99472594e-01 7.82511115e-01 6.75006509e-02
    4.09974158e-01 5.11489213e-02 8.93820822e-02 9.26266074e-01
    6.51636958e-01 2.47593552e-01 4.38328624e-01 5.90878725e-01
    9.94864166e-01 7.66114950e-01 5.84888816e-01 1.64140344e-01
    5.65413952e-01 6.53002620e-01 9.02858257e-01 8.80082726e-01
    2.50031352e-02 6.98995948e-01 2.72231787e-01 3.86225402e-01
    6.90396845e-01 9.91832376e-01 8.27688277e-01 5.10843098e-01
    1.58414990e-01 9.47328389e-01 4.75768447e-01 2.58129597e-01
    9.19370890e-01 5.02048910e-01 9.04091835e-01 7.05827653e-01
    6.80073559e-01 5.68281829e-01 8.75467360e-02 2.05903441e-01
    5.67891955e-01 5.26173353e-01 7.81339407e-02 4.78326261e-01
    2.51231134e-01 5.00485420e-01 7.22658336e-01 6.97370648e-01
    7.98961639e-01 3.01178396e-02 4.53735352e-01 4.44126993e-01
    4.72782612e-01 2.46991545e-01 9.08974111e-01 6.11638129e-02
    2.62555003e-01 7.51761198e-02 5.89325488e-01 1.80425376e-01
    9.42952633e-01 9.80879426e-01 6.95608258e-02 7.59820282e-01
    3.25522155e-01 4.14953828e-02 2.02301145e-03 8.61451507e-01
    6.39710248e-01 8.69663715e-01 8.36348057e-01 1.13859653e-01
    7.78800011e-01 7.81207144e-01 1.61878049e-01 2.12124437e-01
    8.54528546e-02 1.98581398e-01 6.01036966e-01 5.43921590e-01
    2.10371077e-01 2.97911704e-01 1.46465331e-01 4.01350915e-01
    3.40830594e-01 9.11004543e-01 2.41963953e-01 1.04505122e-02
    4.36154813e-01 6.00141704e-01 7.18093872e-01 8.77264261e-01
    6.33029282e-01 6.73328876e-01 9.86647546e-01 3.71669650e-01
    9.51182723e-01 8.13436270e-01 7.47495174e-01 6.21739268e-01
    3.31692457e-01 1.89679623e-01 8.73789966e-01 8.96699786e-01
    8.10271978e-01 2.34559149e-01 4.54615444e-01 3.50009412e-01
    7.37338662e-01 2.02609688e-01 9.10301805e-01 6.32730305e-01
    2.32327461e-01 5.80441773e-01 3.28523636e-01 9.32117820e-01
    2.03604460e-01 1.09256834e-01 8.24496686e-01 7.94488192e-01
    5.71695089e-01 1.77756250e-01 8.09406519e-01 2.81660080e-01
    4.38556671e-02 7.45409667e-01 8.76873136e-01 5.74266613e-02
    1.31509542e-01 3.60717356e-01 4.91970778e-02 1.50423855e-01
    1.98707581e-01 2.08483011e-01 1.88965768e-01 8.27574015e-01
    4.39544618e-02 7.57029951e-02 8.69463563e-01 3.52762073e-01
    6.99060678e-01 3.68201137e-02 5.43549240e-01 8.44733834e-01
    1.63288474e-01 6.51534021e-01 8.31375360e-01 9.62155581e-01
    2.75160074e-01 2.82357126e-01 7.17437506e-01 5.11696935e-03
    8.01163673e-01 4.80349869e-01 2.04203635e-01 2.65850157e-01
    2.88019240e-01 5.76773286e-01 9.80446517e-01 2.94360816e-01
    9.50496197e-01 7.64570594e-01 3.32863927e-02 5.84243774e-01
    1.78727150e-01 2.70180762e-01 1.87166750e-01 8.54675770e-01
    2.50128716e-01 1.07425213e-01 2.11932033e-01 5.19552410e-01
    4.04575914e-01 2.85143733e-01 4.42346334e-01 4.46046472e-01
    7.84307241e-01 7.47215509e-01 1.33819014e-01 6.12508774e-01
    5.01059234e-01 7.15040267e-02 5.57551980e-01 3.92876834e-01
    2.48222440e-01 1.51927143e-01 8.31400454e-02 4.49175268e-01
    5.36837161e-01 2.40673423e-02 8.77327681e-01 1.67437971e-01
    6.23364985e-01 9.19436693e-01 6.60338044e-01 3.68997872e-01
    1.35822773e-01 4.99370933e-01 5.00079095e-01 5.24086356e-01
    9.88764465e-02 8.90074492e-01 5.03870904e-01 4.83259320e-01
    1.93890184e-01 2.97164738e-01 2.05613166e-01 6.30813360e-01
    6.27154231e-01 5.78013659e-02 1.24861866e-01 1.32621944e-01
    1.14200443e-01 2.01070070e-01 3.64258707e-01 8.94151688e-01
    1.09011948e-01 8.13448906e-01 7.24572837e-01 8.88001800e-01
    3.49767983e-01 6.28697395e-01 8.85500193e-01 9.40584064e-01
    5.49768984e-01 9.63566422e-01 5.08802593e-01 1.15545303e-01
    2.16144890e-01 8.21808100e-01 3.61959577e-01 2.34052390e-01
    5.48678279e-01 5.56659400e-02 3.49905491e-01 8.62523675e-01
    8.07012141e-01 9.52353179e-01 8.49327922e-01 8.96847844e-01
    6.49579465e-01 7.49562860e-01 1.17376089e-01 7.60620236e-01
    5.69656551e-01 9.85823750e-01 6.67989731e-01 8.69648457e-01
    2.09029466e-01 3.07881087e-01 1.48111165e-01 9.79187489e-01
    9.00676250e-01 2.25310624e-02 8.22476506e-01 7.87352324e-01
    4.54600960e-01 5.37694573e-01 1.63216829e-01 7.64909685e-01
    9.28790331e-01 6.19287074e-01 8.53485823e-01 5.76561689e-02
    7.23064363e-01 1.01723641e-01 4.64403242e-01 4.44711149e-01
    3.76525044e-01 3.86766911e-01 6.75657868e-01 9.71125484e-01
    1.04801655e-02 3.58324409e-01 6.05797887e-01 5.73223829e-02
    1.99230224e-01 3.01576614e-01 2.58154988e-01 5.94898880e-01
    4.55590814e-01 9.33065891e-01 8.24267387e-01 9.33242738e-01
    9.75124478e-01 7.22732782e-01 9.92279887e-01 8.79802287e-01
    1.92920029e-01 4.49286968e-01 8.05077553e-01 9.49066579e-01
    9.19822752e-02 4.48267162e-02 9.95826483e-01 6.10399842e-02
    9.75739360e-01 3.23858976e-01 9.33157325e-01 9.45166230e-01
    5.74130416e-02 8.93880606e-01 2.18211949e-01 7.88677096e-01
    7.13728070e-02 4.90528911e-01 5.10493755e-01 4.65341628e-01
    9.17035460e-01 7.09419727e-01 9.69972491e-01 2.20672339e-01
    2.59331286e-01 9.39886212e-01 4.74153519e-01 9.73734617e-01
    6.61906123e-01 8.08781207e-01 3.52644920e-02 5.28398514e-01
    4.56399858e-01 8.23432505e-01 2.73236930e-02 1.93299204e-01
    1.84907347e-01 8.20005655e-01 2.44019389e-01 2.44351268e-01
    9.85529900e-01 7.47561693e-01 8.99777055e-01 2.19423920e-01
    4.39691722e-01 7.99938798e-01 7.72908628e-02 7.07337022e-01
    4.97683078e-01 1.06980652e-01 6.92353129e-01 1.50323153e-01
    1.29067540e-01 2.26083100e-01 2.53628910e-01 9.11798835e-01
    9.52493787e-01 6.89666569e-01 4.59612370e-01 5.98920107e-01
    7.43281007e-01 7.89152622e-01 6.14242613e-01 4.78477180e-02
    3.53303015e-01 7.14788437e-02 1.95516139e-01 7.06066787e-01
    5.65776527e-01 7.82818437e-01 5.53875506e-01 6.81863904e-01
    8.84049475e-01 6.57335877e-01 9.15490687e-02 8.04307222e-01
    4.60723937e-01 2.66823798e-01 7.30453134e-02 2.94636846e-01
    2.38490105e-03 8.63770425e-01 6.23092711e-01 6.56995773e-01
    7.92578340e-01 6.88894391e-02 5.85165322e-01 1.59085274e-01
    3.38580102e-01 1.27913088e-01 3.69024038e-01 4.39900279e-01
    6.48563802e-01 2.98190653e-01 8.67457390e-02 6.56067550e-01
    1.97200686e-01 2.07640857e-01 8.99404407e-01 8.19015443e-01
    5.05191565e-01 5.36354005e-01 1.75563991e-01 1.52262747e-02
    6.25491977e-01 1.12973154e-02 8.04367959e-01 4.21153456e-01
    5.72085202e-01 8.12854111e-01 3.82227689e-01 2.25096703e-01
    5.80374062e-01 4.42737639e-02 7.09366798e-01 9.75214005e-01
    9.57392812e-01 8.67589593e-01 9.91472542e-01 6.04682088e-01
    1.68544918e-01 3.01030844e-01 9.27562118e-02 9.87520933e-01
    5.08002162e-01 7.50191450e-01 4.69664276e-01 9.58166242e-01
    3.32344413e-01 6.34002686e-01 6.30199075e-01 4.73394632e-01
    4.39541638e-01 7.59946227e-01 8.10355544e-01 1.80872500e-01
    3.83578360e-01 9.80064332e-01 1.91428185e-01 5.13692021e-01
    9.80208337e-01 2.88937509e-01 2.36892104e-02 1.95091158e-01
    6.01044774e-01 6.69681728e-02 6.78997040e-01 5.58459461e-01
    3.76578093e-01 1.37367815e-01 6.18490934e-01 5.49276769e-01
    1.15120351e-01 2.27664441e-01 8.00608993e-02 9.14034247e-03
    6.94053769e-02 8.50441217e-01 1.35008693e-02 3.71780455e-01
    9.72027004e-01 2.88011968e-01 2.66406626e-01 6.98193312e-02
    5.04427195e-01 3.38723660e-01 5.45477271e-01 8.40630174e-01
    9.33977365e-01 6.01068556e-01 3.35597992e-01 9.03659225e-01
    6.71838760e-01 2.15776354e-01 5.63561022e-02 2.88585961e-01
    9.02466059e-01 3.10296535e-01 6.45069659e-01 8.30587208e-01
    9.01695251e-01 2.17772424e-02 4.54973787e-01 9.86990094e-01
    1.98615491e-02 8.46516013e-01 4.12764847e-02 6.92141175e-01
    2.39287645e-01 8.96326602e-02 7.66772270e-01 3.22916389e-01
    2.27382421e-01 3.75273407e-01 1.12343520e-01 9.76834297e-02
    6.13497972e-01 4.78079915e-02 6.26698911e-01 4.91688609e-01
    4.84178782e-01 5.24305284e-01 8.70944738e-01 9.21266913e-01
    6.15581274e-01 1.36564046e-01 4.11427349e-01 6.39686704e-01
    8.35478008e-02 7.27172077e-01 3.13609511e-01 9.18885946e-01
    4.00562763e-01 8.27027977e-01 1.82311028e-01 5.86530983e-01
    9.37811494e-01 8.82565975e-01 3.86660993e-01 2.02678442e-02
    3.34827930e-01 3.77135813e-01 3.96783352e-01 3.16735208e-01
    9.43030179e-01 4.60437626e-01 8.78809094e-01 7.74398863e-01
    1.60978526e-01 8.98466706e-01 5.45958161e-01 9.39826369e-01
    5.46383858e-01 2.50131518e-01 7.18447804e-01 1.15631253e-01
    6.18552208e-01 3.43991458e-01 6.85616136e-02 8.99557769e-01
    8.00673008e-01 7.89742231e-01 7.65574574e-01 8.99511933e-01
    2.22444713e-01 5.15365183e-01 4.54339087e-02 9.08256769e-01
    6.04054630e-02 9.83874917e-01 3.27433437e-01 6.56782031e-01
    8.07778955e-01 1.92067355e-01 6.58274114e-01 9.67623115e-01
    8.81899834e-01 5.41854560e-01 4.56328452e-01 4.49997425e-01
    6.90063536e-01 9.64181185e-01 1.34966969e-01 6.62266135e-01
    6.79487705e-01 5.57502508e-02 8.66727829e-01 5.46693563e-01
    2.18507677e-01 3.98285329e-01 9.56132889e-01 5.57491839e-01
    4.50927764e-01 6.53412461e-01 4.83699441e-02 9.33611751e-01
    1.41061902e-01 3.92931700e-01 9.78031397e-01 2.32772708e-01
    3.71633828e-01 5.00401020e-01 2.90012777e-01 4.71796870e-01
    3.88978511e-01 4.80753541e-01 7.69031644e-01 2.70636946e-01
    6.21839166e-01 9.81282890e-02 1.38180226e-01 8.30309689e-02
    4.62114513e-02 1.93638355e-01 6.81804299e-01 1.72644258e-02
    6.00819409e-01 3.32601964e-02 7.53147125e-01 1.83795333e-01
    4.05373335e-01 2.99663961e-01 9.70780134e-01 9.30514395e-01
    4.60126579e-01 6.47972345e-01 7.89970517e-01 6.63174987e-02
    4.89580005e-01 1.20390564e-01 7.62273669e-01 1.63288236e-01
    4.60019886e-01 2.38184273e-01 6.86599553e-01 7.66204119e-01
    6.45094454e-01 2.45403975e-01 6.01650953e-01 4.62836921e-02
    3.09247345e-01 2.89168090e-01 8.01087916e-02 6.54642642e-01
    1.57755345e-01 8.11662078e-01 5.86975455e-01 1.50984138e-01
    8.37478042e-02 5.94464540e-02 6.46391392e-01 2.57073224e-01
    5.38889170e-02 9.14107680e-01 6.22713923e-01 9.64937031e-01
    7.69207358e-01 7.96054602e-01 5.46308041e-01 9.48556185e-01
    8.82554352e-02 5.97041965e-01 3.78965259e-01 1.80307180e-01
    2.82069445e-01 8.62915754e-01 2.47774601e-01 1.65917486e-01
    3.70598614e-01 6.69792295e-01 7.38120615e-01 1.45087719e-01
    3.30993712e-01 5.09353817e-01 7.83071220e-02 2.89914012e-02
    1.52192324e-01 4.10833061e-02 1.68422490e-01 1.41612679e-01
    7.94682741e-01 9.64290857e-01 3.45031023e-01 1.24307483e-01
    8.02092314e-01 1.14299953e-02 5.08336425e-01 1.27375901e-01
    8.12185347e-01 8.85166287e-01 7.34670520e-01 1.79124504e-01
    4.37952638e-01 4.50659782e-01 6.09061122e-01 4.74451900e-01
    4.66884196e-01 8.99277210e-01 9.24340546e-01 6.19139910e-01
    2.67575651e-01 3.03059787e-01 5.61803579e-02 5.81192970e-01
    3.59705806e-01 8.02669883e-01 4.95528638e-01 9.09597397e-01
    2.01097131e-02 8.85387540e-01 8.00331295e-01 9.83517170e-01
    1.21293664e-02 5.93076289e-01 9.53695834e-01 8.87842715e-01
    1.51222646e-02 4.56846684e-01 3.45582396e-01 7.99809575e-01
    5.67466319e-01 7.14104235e-01 2.86037058e-01 8.14783514e-01
    5.63456953e-01 4.85052586e-01 8.44762087e-01 8.91937137e-01
    4.16067243e-03 2.15940744e-01 8.20204854e-01 4.35463548e-01
    3.93770874e-01 9.89004970e-01 1.24594212e-01 5.89484692e-01
    3.68564188e-01 3.11016649e-01 3.54754984e-01 7.72342324e-01
    2.95716524e-01 2.53775537e-01 6.00344360e-01 3.11055779e-03
    5.96598029e-01 5.00675678e-01 7.45729327e-01 4.35936809e-01
    4.57063764e-01 9.56235051e-01 8.53313565e-01 7.17203259e-01
    3.48131567e-01 1.58188343e-02 5.09018779e-01 6.55390203e-01
    8.85751963e-01 1.19051576e-01 1.28849596e-01 5.85937381e-01
    2.03429669e-01 5.21250308e-01 9.47281480e-01 2.02766597e-01
    5.10669112e-01 7.03340888e-01 9.14545059e-01 2.36551464e-02
    9.62404668e-01 4.73980099e-01 3.47995400e-01 1.88317209e-01
    7.72556961e-01 3.66125792e-01 3.36779714e-01 5.70091367e-01
    2.48058438e-01 3.40870798e-01 3.18329811e-01 8.22876096e-01
    7.12387383e-01 8.54045510e-01 2.50753433e-01 8.00222516e-01
    9.41944540e-01 8.11503172e-01 9.87643778e-01 5.79384327e-01
    5.16580820e-01 6.60914123e-01 2.64707685e-01 3.38083386e-01
    1.48797810e-01 4.17685390e-01 4.97656703e-01 6.83526397e-01
    5.99283338e-01 2.58086562e-01 1.16278052e-01 5.72229862e-01
    6.35492980e-01 6.99506342e-01 8.34350109e-01 4.41701084e-01
    5.01445174e-01 8.61235261e-02 2.57007003e-01 8.14478636e-01
    4.87474650e-01 3.66571695e-01 5.43828487e-01 8.92273843e-01
    4.30790603e-01 9.03870761e-01 3.33812416e-01 3.92492473e-01
    5.00712395e-01 2.23209918e-01 5.78370035e-01 3.10534120e-01
    1.62384301e-01 3.03960115e-01 2.99733520e-01 1.31597072e-01
    8.38850141e-01 4.22650278e-01 4.31818515e-01 3.39551568e-01
    1.03059411e-01 2.85860866e-01 6.35073543e-01 7.23502398e-01
    4.96923119e-01 1.58002257e-01 7.57303119e-01 4.08276021e-01
    5.45424581e-01 8.45161378e-02 7.10569441e-01 1.24675930e-01
    2.40799248e-01 7.43399501e-01 8.02348495e-01 7.50007033e-01
    6.92275286e-01 7.34901786e-01 6.14013076e-02 3.84674668e-02
    5.65033317e-01 2.94203132e-01 3.58646572e-01 9.45512176e-01
    3.24975073e-01 2.46939212e-01 2.46015489e-01 5.48986077e-01
    3.37584019e-02 3.69558811e-01 7.68169284e-01 9.27944064e-01
    6.45284951e-01 5.69360256e-01 4.52985644e-01 9.54500914e-01
    5.77567101e-01 4.12717044e-01 2.24778354e-01 4.25028801e-01
    6.63931251e-01 1.44616574e-01 6.49281740e-02 1.65732026e-01
    8.01387668e-01 1.07952446e-01 2.70004094e-01 1.27235055e-01
    5.81383765e-01 4.36732382e-01 8.09301138e-01 1.91172600e-01
    2.54611552e-01 7.11053133e-01 6.32867932e-01 7.60315061e-01
    4.55245733e-01 1.90177143e-01 5.30787110e-02 5.19661546e-01
    5.86279035e-01 8.81684303e-01 3.49311918e-01 8.90807986e-01
    7.49284029e-02 6.96736276e-01 3.67437303e-01 3.17329079e-01
    5.33644676e-01 9.59575176e-01 4.61606413e-01 6.04593694e-01
    7.62059093e-01 3.42459381e-01 6.50544703e-01 7.42416859e-01
    4.56090778e-01 8.04208219e-01 5.73328137e-01 3.08971524e-01
    3.73000383e-01 3.84404421e-01 8.14448476e-01 2.40802765e-02
    2.11924046e-01 3.51849973e-01 3.57648075e-01 8.16853046e-01
    2.72023261e-01 7.41735339e-01 7.96159148e-01 5.73845029e-01
    6.50560498e-01 8.84939432e-01 6.45009518e-01 8.57245386e-01
    8.58692288e-01 8.24465156e-01 3.23550671e-01 8.06846499e-01
    5.75091839e-01 3.04427743e-03 4.48035240e-01 3.99851382e-01
    1.74881995e-01 6.36756182e-01 8.66804838e-01 3.44825029e-01
    5.50608575e-01 5.74696839e-01 8.74451697e-01 8.78231883e-01
    2.15965658e-01 4.08277094e-01 2.34439582e-01 9.74219918e-01
    7.01631069e-01 9.28053260e-01 7.12607503e-02 5.24027824e-01
    8.70749235e-01 1.05144739e-01 6.31453216e-01 8.65188539e-02
    6.22348249e-01 5.31905055e-01 2.59799659e-01 7.22641945e-02
    7.60525882e-01 6.25811458e-01 8.93974423e-01 3.54210854e-01
    6.49082482e-01 6.02302194e-01 4.08875823e-01 4.45598960e-02
    6.86177373e-01 6.16739392e-02 9.89907861e-01 9.12918687e-01
    3.96035254e-01 5.42042553e-01 1.74838543e-01 8.82565081e-02
    5.16291380e-01 1.75665528e-01 9.49946344e-02 3.04391474e-01
    6.36717260e-01 8.50771904e-01 4.92639601e-01 1.79471463e-01
    6.33558095e-01 6.55742884e-01 9.35026288e-01 5.00093937e-01
    4.49439257e-01 9.75900292e-01 3.85319054e-01 7.14932084e-01
    4.87789273e-01 9.19742882e-01 3.87402058e-01 5.29531062e-01
    6.89246297e-01 3.40920389e-02 9.00332212e-01 1.69114292e-01
    8.62446427e-01 7.97560930e-01 5.89278400e-01 5.48227489e-01
    3.39816511e-01 2.43976891e-01 7.52505779e-01 7.95301557e-01
    7.67484069e-01 4.81094629e-01 2.07575679e-01 3.57437342e-01
    4.23007399e-01 5.82323015e-01 7.88103938e-01 6.71089470e-01
    5.83489776e-01 9.25500989e-01 3.29681426e-01 7.17311203e-01
    4.63594079e-01 6.80438817e-01 5.96050858e-01 9.91821408e-01
    9.95856643e-01 5.70965648e-01 4.21706140e-01 8.04350972e-02
    6.00717902e-01 5.77345788e-01 9.83617663e-01 7.88439810e-02
    5.75307310e-01 7.50430465e-01 7.88896441e-01 4.69586104e-01
    9.58958030e-01 7.87848592e-01 5.23780584e-02 8.95865083e-01
    9.44125772e-01 7.31434107e-01 6.25756979e-01 9.19553757e-01
    7.49502897e-01 6.84258640e-01 3.97967100e-01 7.46357560e-01
    3.67230535e-01 1.82225555e-01 1.35033756e-01 6.79133475e-01
    1.81587517e-01 8.27664256e-01 9.37508345e-02 3.42174560e-01
    4.57414716e-01 2.78160393e-01 3.95905912e-01 6.83627725e-01
    7.00933635e-01 6.94432676e-01 6.61555529e-01 4.39512730e-03
    7.33354926e-01 6.30742311e-02 5.34602106e-01 7.79611826e-01
    8.16515088e-02 7.36823976e-01 7.22081602e-01 9.19870615e-01
    2.27336287e-02 3.26567173e-01 5.80594540e-01 5.16194105e-03
    3.04714918e-01 6.31527901e-01 3.17088515e-01 5.17327845e-01
    4.33146954e-03 9.39411461e-01 9.88747716e-01 8.70213985e-01
    7.60367572e-01 3.06564987e-01 2.00371146e-01 3.15993667e-01
    9.65403259e-01 2.69439220e-01 9.44009423e-03 9.43616152e-01
    1.21936977e-01 9.78960991e-01 9.50815320e-01 6.18232012e-01
    3.51112783e-01 8.88905644e-01 7.30557680e-01 7.59171724e-01
    4.69362617e-01 1.98375285e-02 9.54106569e-01 9.12231445e-01
    9.27628875e-01 2.96506047e-01 1.77070081e-01 5.38807392e-01
    7.97936320e-01 9.68069077e-01 1.98670566e-01 5.72462201e-01
    3.62069726e-01 2.04176962e-01 9.53585386e-01 7.29000807e-01
    1.09634846e-01 9.82520580e-02 4.30473447e-01 2.34192908e-01
    7.67784178e-01 6.01706803e-01 4.67181891e-01 2.91337848e-01
    2.48414457e-01 9.84738827e-01 5.65375090e-02 7.72058368e-01
    7.54256606e-01 8.79626393e-01 1.93008244e-01 5.52124977e-02
    2.90328264e-01 5.22995293e-01 9.13202286e-01 1.35200381e-01
    2.95111924e-01 2.96548307e-01 8.72698307e-01 9.97584820e-01
    7.29825437e-01 5.83308518e-01 9.26243484e-01 7.50085711e-02
    5.48466444e-01 3.95242035e-01 3.94180119e-01 5.80404401e-01
    2.39832461e-01 3.63883317e-01 5.87501228e-02 7.87166059e-01
    2.17689067e-01 7.21374631e-01 6.62797809e-01 6.44844413e-01
    4.74582314e-01 4.73229408e-01 2.62117535e-01 7.52819300e-01
    4.53938037e-01 9.46798623e-02 1.54775381e-01 6.49378240e-01
    3.86806160e-01 9.26885128e-01 5.65232813e-01 7.34785676e-01
    9.34839189e-01 1.33442551e-01 4.65906858e-01 5.89296579e-01
    5.93381941e-01 6.52271271e-01 9.34168696e-01 7.72106171e-01
    9.03060138e-02 2.25163698e-02 9.11173999e-01 2.05983043e-01
    1.93755925e-01 5.45008779e-02 4.45138812e-02 3.13299000e-01
    3.87776464e-01 4.23460901e-01 5.13460636e-01 7.30858445e-01
    9.65176344e-01 3.41126859e-01 6.02199197e-01 7.32053459e-01
    7.02478588e-01 4.50135380e-01 7.99142003e-01 7.26121366e-02
    4.03644621e-01 7.24652946e-01 3.96152377e-01 2.36998796e-02
    7.13200092e-01 3.20191234e-01 4.90675837e-01 2.80383438e-01
    1.64879084e-01 6.60117924e-01 3.54617178e-01 1.92612499e-01
    6.64445341e-01 4.52841729e-01 1.15003079e-01 1.23460561e-01
    6.02996230e-01 6.49339318e-01 4.70524967e-01 5.78239739e-01
    2.24670321e-01 1.03030086e-01 1.73121899e-01 5.76276183e-01
    5.35868406e-02 2.11597472e-01 8.46284330e-02 5.56367338e-02
    6.34040475e-01 8.91181052e-01 7.95672238e-02 2.57440060e-01
    3.58711243e-01 7.70558953e-01 2.92076081e-01 1.93347245e-01
    6.76798642e-01 5.40257394e-01 5.55228353e-01 9.56386030e-02
    8.55744421e-01 4.42531317e-01 4.70995277e-01 6.19487405e-01
    3.05681705e-01 1.09259397e-01 9.94455457e-01 1.36045367e-01
    2.72494376e-01 2.73945034e-02 7.82126367e-01 6.63236797e-01
    9.77882385e-01 5.98265290e-01 7.87824273e-01 3.98362875e-02
    9.15434957e-02 5.51106930e-02 6.76998079e-01 4.40185398e-01
    6.69062972e-01 4.46580946e-02 5.64171255e-01 5.83256960e-01
    7.97953963e-01 7.84095883e-01 5.49804270e-02 6.91113591e-01
    3.01365435e-01 5.89207530e-01 9.65577841e-01 1.05107307e-01
    4.51268852e-02 4.30352658e-01 4.98225391e-02 9.14236903e-01
    1.82739347e-01 3.22443694e-01 9.98900890e-01 7.64789701e-01
    3.99215549e-01 4.58227783e-01 9.43100274e-01 5.07872701e-01
    7.53040731e-01 4.84802544e-01 5.99652469e-01 1.75052881e-03
    6.89918399e-01 7.31879175e-01 1.57353014e-01 1.89644605e-01
    6.00205898e-01 6.94687545e-01 3.20709944e-01 9.21831250e-01
    7.71225691e-01 7.94899702e-01 9.82720256e-01 8.02345455e-01
    8.11808228e-01 7.32431054e-01 2.44945377e-01 6.44015908e-01
    2.39222735e-01 7.63882279e-01 6.74970627e-01 5.98300099e-01
    2.42124885e-01 3.32808256e-01 8.62725139e-01 6.03702068e-01
    8.66951942e-01 9.76533651e-01 5.06112337e-01 3.55505168e-01
    5.90847075e-01 4.94206101e-01 5.38365006e-01 8.97552848e-01
    2.35559702e-01 7.46034622e-01 8.30500722e-02 3.54440033e-01
    2.36252964e-01 5.66972136e-01 3.07793349e-01 2.93249279e-01
    9.29853201e-01 8.96051824e-02 8.96859825e-01 9.57345724e-01
    7.58390188e-01 3.08953077e-01 5.23041427e-01 9.41568255e-01
    7.47790337e-02 6.11307621e-01 1.31820321e-01 9.70016599e-01
    4.37336445e-01 2.37202436e-01 7.49535561e-01 5.29731154e-01
    1.90387011e-01 3.52462232e-02 7.34981000e-01 5.80113888e-01
    7.48150945e-02 4.25864995e-01 7.76906729e-01 9.47639346e-01
    9.20151770e-01 3.42828870e-01 7.04286993e-02 9.67906713e-01
    2.31916934e-01 7.36907542e-01 6.46565616e-01 3.62510532e-01
    5.58359146e-01 4.56862152e-02 2.75085747e-01 5.48751354e-02
    1.97689027e-01 8.58465672e-01 8.86991620e-01 1.07419193e-02
    2.39603162e-01 4.58199382e-01 5.60957015e-01 4.55837309e-01
    6.87457085e-01 5.70070863e-01 1.70413405e-01 8.23885739e-01
    2.95230269e-01 7.35452592e-01 3.67909670e-01 5.64999878e-01
    4.93967682e-01 1.24386519e-01 5.43916941e-01 7.96357632e-01
    5.72775841e-01 4.76931244e-01 7.21028864e-01 1.33821636e-01
    7.83893704e-01 4.74349052e-01 4.86237347e-01 8.56506944e-01
    4.02686626e-01 9.13888335e-01 7.14107990e-01 6.75991058e-01
    8.86174917e-01 9.06490088e-02 6.13850772e-01 5.25268614e-01
    4.85992938e-01 9.96732712e-01 8.35828781e-01 1.03951156e-01
    3.66704941e-01 6.94824517e-01 6.36250436e-01 6.52840137e-01
    6.06735528e-01 8.39933395e-01 1.57547563e-01 1.12307012e-01
    4.10873741e-01 4.22674417e-02 5.54846764e-01 6.90669477e-01
    2.15270102e-01 8.61475348e-01 9.24111485e-01 3.11146438e-01
    3.89074653e-01 6.51880741e-01 1.86047733e-01 9.31444407e-01
    2.86749899e-01 8.33175659e-01 8.14574242e-01 2.10571527e-01
    5.90315878e-01 5.18509746e-01 6.60090506e-01 2.52828538e-01
    5.98162413e-03 6.27077937e-01 1.25861794e-01 7.79452443e-01
    8.58147621e-01 6.54329419e-01 4.17028576e-01 6.26753747e-01
    1.03210241e-01 5.54027438e-01 7.73550749e-01 4.93271858e-01
    9.97558594e-01 9.29843545e-01 1.17494732e-01 5.51532209e-01
    8.48465741e-01 2.65722781e-01 5.35037518e-02 3.23830903e-01
    3.87963414e-01 6.21355534e-01 8.06337595e-02 9.70825195e-01
    1.20786667e-01 6.28518105e-01 8.65711331e-01 1.75146103e-01
    6.18454337e-01 2.56973028e-01 1.65575475e-01 5.60321391e-01
    9.86596465e-01 3.99074763e-01 7.39539206e-01 9.12381411e-01
    4.49388266e-01 6.57970905e-02 5.02048671e-01 2.60489583e-02
    9.30945158e-01 2.58307934e-01 1.04641855e-01 6.89627469e-01
    1.17729545e-01 9.98613596e-01 2.90031195e-01 4.65524554e-01
    3.92246425e-01 6.36934578e-01 4.60742831e-01 6.84806645e-01
    4.79550540e-01 8.86463761e-01 9.73516524e-01 6.48528874e-01
    2.95846045e-01 8.75807226e-01 7.00531542e-01 5.98256350e-01
    2.24042177e-01 1.92414373e-01 2.84933954e-01 6.41520739e-01
    9.46722746e-01 1.54653519e-01 7.02175319e-01 8.03607762e-01
    8.93773317e-01 3.16107601e-01 2.09248751e-01 8.59851778e-01
    1.09193623e-02 6.97330773e-01 5.86191893e-01 7.24405408e-01
    2.40132183e-01 3.13218623e-01 4.69031930e-02 6.01278126e-01
    7.52955675e-01 5.74199975e-01 2.47652799e-01 3.59438300e-01
    5.33641338e-01 1.31192029e-01 8.59803319e-01 1.75475717e-01
    7.47056901e-01 8.17355752e-01 4.04834092e-01 2.57872164e-01
    3.21601152e-01 9.00345325e-01 2.54120111e-01 5.59354186e-01
    1.86005980e-01 7.56498814e-01 3.51544917e-01 3.73640954e-01
    4.65207070e-01 5.74521363e-01 2.67242968e-01 5.85784495e-01
    1.97939813e-01 5.62865615e-01 3.36785883e-01 6.60532475e-01
    4.01210457e-01 4.78690922e-01 1.73628330e-02 4.41250533e-01
    3.16408873e-02 3.67200971e-01 7.36319244e-01 1.57663524e-01
    4.26467806e-01 1.60149932e-01 7.84798503e-01 4.70366716e-01
    9.85968709e-01 1.11045748e-01 7.99604297e-01 8.91356587e-01
    4.95304704e-01 8.33921075e-01 8.93624067e-01 3.11717033e-01
    4.08638567e-01 7.77530313e-01 4.33320493e-01 8.08682084e-01
    7.76668489e-01 5.18011451e-01 2.56959021e-01 7.91494489e-01
    3.84343982e-01 5.72124958e-01 8.39491189e-01 2.33589500e-01
    1.41196668e-01 2.74388015e-01 2.90750861e-01 6.16133690e-01
    2.67402619e-01 6.24059021e-01 3.10964704e-01 4.20440584e-01
    1.60851687e-01 8.64506721e-01 5.89650333e-01 6.99753284e-01
    7.07451046e-01 4.35149491e-01 3.81319702e-01 6.97368503e-01
    1.24298036e-02 2.49297291e-01 9.95437741e-01 2.28315324e-01
    1.13061041e-01 7.75840104e-01 2.35291839e-01 5.89129686e-01
    2.87824869e-01 9.65275824e-01 2.54378617e-01 3.28182876e-02
    1.58503145e-01 4.18311477e-01 1.98886573e-01 6.30959630e-01
    2.78175890e-01 3.95060718e-01 9.74609256e-02 4.88802254e-01
    2.46239245e-01 5.06550848e-01 1.58602357e-01 5.92873037e-01
    8.22028518e-01 6.44992828e-01 4.55612838e-02 5.60783625e-01
    9.53209639e-01 4.73258346e-01 1.50441289e-01 7.89445996e-01
    4.77786213e-01 7.31438398e-04 6.90256059e-01 3.81405830e-01
    7.91820109e-01 7.49664545e-01 2.46090263e-01 3.55425298e-01
    1.21414125e-01 8.10827553e-01 1.95325702e-01 9.92048323e-01
    5.74486971e-01 5.76285958e-01 9.01269197e-01 4.74926680e-01
    4.12330598e-01 7.18550324e-01 5.17521620e-01 2.05966890e-01
    1.52422190e-02 8.87299180e-01 8.30672026e-01 5.69972396e-01
    8.43931675e-01 2.53051937e-01 8.42939615e-01 5.64405978e-01
    3.20447385e-02 9.22095656e-01 9.26829815e-01 3.64130080e-01
    9.60249305e-01 4.03225392e-01 9.03798699e-01 4.21906114e-02
    1.12305582e-01 6.87598169e-01 4.42367435e-01 3.55652869e-02
    7.56039023e-02 4.75701690e-03 4.68416810e-01 5.34260094e-01
    8.97904873e-01 8.28771591e-01 7.60483384e-01 2.12080747e-01
    8.96274090e-01 3.78920853e-01 8.21745515e-01 7.18959808e-01
    4.20240432e-01 8.27137947e-01 4.53843176e-01 2.25243270e-01
    6.91461563e-01 1.52153075e-02 8.12604427e-02 2.76360095e-01
    3.39126170e-01 6.75201833e-01 9.52237546e-01 9.74866390e-01
    7.34115720e-01 2.53583908e-01 6.41722798e-01 2.68878073e-01
    7.72025108e-01 5.79273641e-01 7.76278973e-01 3.49845827e-01
    3.15734953e-01 6.85827255e-01 9.54299212e-01 1.20799512e-01
    5.75682998e-01 2.39293575e-02 4.69241649e-01 9.74946141e-01
    4.14451838e-01 4.27880317e-01 9.03993845e-04 5.49086869e-01
    9.48305726e-01 5.63366055e-01 1.98654741e-01 7.74674773e-01
    2.98744708e-01 3.49836946e-02 4.14729983e-01 8.72773051e-01
    5.77864647e-01 8.30361485e-01 1.86801314e-01 5.72964549e-02
    6.91085398e-01 7.34223902e-01 9.88401711e-01 5.66006005e-01
    8.19580138e-01 8.07638645e-01 6.03633642e-01 4.38562095e-01
    8.65354955e-01 8.01776469e-01 8.80629003e-01 3.81918162e-01
    2.05684781e-01 5.89530468e-02 1.81574225e-01 1.33491844e-01
    8.39874089e-01 6.64136589e-01 7.86934316e-01 1.77199870e-01
    4.15792465e-01 6.62724137e-01 3.36389422e-01 1.17098153e-01
    4.74505931e-01 4.12770450e-01 7.38628983e-01 7.79171169e-01
    9.17681754e-01 1.27504498e-01 4.16181266e-01 6.79826736e-01
    7.99820900e-01 9.12854373e-02 6.04683101e-01 1.15900934e-01
    1.58959985e-01 7.50998139e-01 2.47754723e-01 6.02931857e-01
    1.87205374e-02 1.17311180e-01 7.42544651e-01 6.23023570e-01
    1.99220449e-01 5.47095954e-01 6.09254062e-01 9.14497018e-01
    3.03718746e-02 6.76441014e-01 1.77047312e-01 2.29955763e-01
    8.12484145e-01 1.67769551e-01 1.38993651e-01 5.76926589e-01
    9.19504762e-01 7.17962801e-01 5.22606671e-01 2.74614692e-01
    2.73349851e-01 9.42995071e-01 6.22300804e-02 6.99449778e-01
    2.67044544e-01 1.56784385e-01 4.66378063e-01 2.47122645e-02
    6.83424473e-01 9.19869065e-01 5.14563918e-01 9.56866443e-01
    4.26421136e-01 6.97736561e-01 3.18323791e-01 6.74973011e-01
    3.15366566e-01 1.65143460e-01 9.76819754e-01 4.20242578e-01
    2.32562393e-01 5.50957382e-01 6.64746642e-01 8.68065834e-01
    8.25098872e-01 9.59488988e-01 1.91310316e-01 9.65136886e-02
    1.93211734e-02 7.71087766e-01 6.25378609e-01 8.29238534e-01
    5.11503220e-02 9.80888128e-01 5.61058939e-01 3.68525356e-01
    9.08918500e-01 8.63427162e-01 1.23886049e-01 6.67830408e-02
    7.01021194e-01 1.31458879e-01 2.46720046e-01 6.75464511e-01
    6.30417347e-01 7.57126570e-01 8.87773514e-01 7.50151932e-01
    9.64624882e-02 7.77057350e-01 4.13470775e-01 1.44101411e-01
    1.98292375e-01 2.64358699e-01 1.34114921e-01 7.56329894e-02
    2.35041529e-01 2.22298503e-03 9.77113187e-01 9.20011938e-01
    7.93655276e-01 8.14885318e-01 1.75629199e-01 3.17237675e-01
    7.04659402e-01 6.30362928e-01 3.56038451e-01 4.86541331e-01
    9.21450734e-01 2.21263468e-01 8.95096421e-01 9.36358929e-01
    4.40434635e-01 7.65928149e-01 5.12815416e-02 9.30979550e-01
    3.91768575e-01 9.66557860e-03 4.49000090e-01 7.83539295e-01
    2.72581428e-01 3.74517590e-01 6.44998312e-01 2.41180807e-01
    3.50385904e-01 3.47442925e-01 5.92071831e-01 3.66752386e-01
    8.37089658e-01 6.03719056e-01 4.97017384e-01 8.33421350e-02
    6.51178718e-01 1.11754000e-01 5.80397487e-01 5.14992416e-01
    6.90727353e-01 1.18523568e-01 8.04351091e-01 9.40791011e-01
    6.44719362e-01 4.47295696e-01 2.27538407e-01 9.61939454e-01
    2.97292888e-01 1.77946359e-01 7.01977015e-01 5.87559581e-01
    7.85936356e-01 5.14894605e-01 6.31525874e-01 4.98682171e-01
    3.86572480e-01 6.20855808e-01 2.80379802e-01 1.57598913e-01
    6.69397056e-01 4.49725270e-01 1.52043253e-01 6.13682747e-01
    2.82240450e-01 7.83614457e-01 6.76516116e-01 2.84748942e-01
    6.66278720e-01 2.59280920e-01 4.76241440e-01 1.26348555e-01
    3.94976228e-01 2.75023222e-01 2.03071922e-01 4.56134617e-01
    3.32747519e-01 5.50817430e-01 6.88933134e-01 1.40245110e-01
    7.35611856e-01 3.63845587e-01 2.30199277e-01 2.20989227e-01
    4.18955654e-01 3.68370116e-02 3.15184832e-01 4.45372701e-01
    6.43610656e-01 2.99858510e-01 2.33666360e-01 1.15821183e-01
    4.42500472e-01 9.22740340e-01 4.55127388e-01 7.27355599e-01
    4.41968083e-01 2.41976589e-01 4.78706062e-02 4.35342938e-01
    1.61266297e-01 8.24090481e-01 6.25050843e-01 6.00004792e-02
    3.27019870e-01 2.67299265e-01 9.67074037e-01 8.07410955e-01
    3.86893243e-01 1.35819197e-01 3.26647878e-01 5.24088502e-01
    3.29668522e-01 7.82812774e-01 9.81471121e-01 8.55815470e-01
    3.25526863e-01 2.70748973e-01 9.29360151e-01 1.23771966e-01
    2.45764762e-01 3.95401686e-01 7.03555465e-01 2.98438460e-01
    7.41419137e-01 7.30335116e-01 3.66042674e-01 8.60632896e-01
    3.27539027e-01 5.30859768e-01 3.33285809e-01 9.53037381e-01
    7.69820750e-01 4.64598686e-01 1.88754201e-02 8.70532036e-01
    4.38316256e-01 6.05204403e-02 7.63133287e-01 2.13463634e-01
    2.19605833e-01 7.06112981e-01 3.65193486e-01 8.67244899e-02
    4.81489390e-01 6.97253346e-02 2.71583438e-01 1.19212866e-01
    7.04400063e-01 8.97815347e-01 7.30377853e-01 2.30156839e-01
    3.40915918e-01 7.05643415e-01 9.10136461e-01 3.22916746e-01
    7.89465904e-01 3.89302671e-02 1.32920593e-01 5.33755064e-01
    4.03170586e-02 3.90886664e-01 3.41300964e-01 8.74779820e-01
    7.49528885e-01 1.71311080e-01 5.67977428e-01 3.51513088e-01
    3.91732216e-01 4.39884365e-02 2.11849511e-01 6.80579484e-01
    1.81503326e-01 9.06690657e-01 1.92175120e-01 6.66899443e-01
    5.77549756e-01 5.97590804e-01 8.90819252e-01 6.87732518e-01
    2.50185132e-02 3.03703547e-01 7.46630490e-01 2.93466747e-02
    6.48342133e-01 1.19769633e-01 5.23779333e-01 4.40037787e-01
    6.90178871e-01 5.84272325e-01 7.79228091e-01 6.53365612e-01
    8.99303317e-01 1.60470158e-01 2.89016366e-01 1.42588139e-01
    8.78718853e-01 8.06906819e-01 2.54557729e-02 5.18193483e-01
    5.03417909e-01 6.24385834e-01 9.46550488e-01 1.32593811e-02
    8.06262970e-01 1.59677029e-01 8.67938161e-01 3.01936507e-01
    8.82161438e-01 7.58325696e-01 2.69577920e-01 7.69059062e-02
    4.60322052e-01 6.91289544e-01 5.36783040e-01 8.91121507e-01
    5.94939709e-01 3.13394129e-01 9.48313713e-01 7.21180975e-01
    5.68983495e-01 7.20423579e-01 9.74828005e-02 7.95798182e-01
    2.99341857e-01 3.80989522e-01 4.10869658e-01 1.00946635e-01
    5.34737766e-01 1.50589496e-01 1.85701311e-01 3.08238864e-02
    9.26241994e-01 4.56348062e-02 6.16967201e-01 6.57351732e-01
    8.44886243e-01 2.13839442e-01 4.17911977e-01 8.31007540e-01
    3.69014472e-01 3.50155413e-01 9.79662120e-01 4.12889719e-01
    7.15639889e-01 4.30489719e-01 7.08466768e-03 6.42416537e-01
    9.92889643e-01 9.48796868e-01 4.08728689e-01 3.50067377e-01
    3.66204262e-01 3.22313517e-01 2.56149888e-01 8.20552528e-01
    6.33759379e-01 3.16246331e-01 8.34376216e-01 3.64977419e-02
    6.24438703e-01 8.14543605e-01 7.04245448e-01 4.05938476e-01
    5.02458513e-01 7.97456682e-01 9.70465720e-01 3.89887929e-01
    7.06911981e-01 8.84198666e-01 3.42668205e-01 7.36841381e-01
    9.72348332e-01 5.13344526e-01 8.68752241e-01 9.97432470e-02
    4.13199753e-01 6.88082695e-01 2.71989465e-01 4.97393847e-01
    3.33132297e-01 1.85047418e-01 5.54729581e-01 8.22443485e-01
    3.80991101e-02 2.24801481e-01 9.19834852e-01 8.51726890e-01
    3.14571440e-01 2.23059177e-01 8.11898053e-01 9.44638610e-01
    4.98048425e-01 6.06441379e-01 6.07239366e-01 8.28665853e-01
    2.24738747e-01 4.16012645e-01 3.90515536e-01 4.47539508e-01
    5.35265923e-01 3.32594991e-01 7.62178183e-01 3.43852848e-01
    7.37603605e-01 2.84571022e-01 1.69782579e-01 2.00901151e-01
    1.00695550e-01 4.76904482e-01 1.17561817e-01 5.17817974e-01
    5.03090262e-01 5.69805503e-01 5.64807653e-01 5.56742132e-01
    7.57421911e-01 6.36659265e-02 2.90177077e-01 2.62863338e-02
    5.99619985e-01 1.26552552e-01 3.67909998e-01 8.49838197e-01
    5.28456926e-01 5.04828691e-01 4.55364883e-02 4.49477375e-01
    3.95294935e-01 6.52584255e-01 2.79151142e-01 3.65093291e-01
    5.38256824e-01 4.60184723e-01 8.68139148e-01 9.42584634e-01
    6.02263391e-01 2.88673878e-01 8.62482011e-01 6.10530019e-01
    9.15161669e-01 1.33816838e-01 2.83545911e-01 2.08831728e-01
    9.60690379e-02 2.05424488e-01 3.10511887e-01 3.23616862e-01
    3.66623938e-01 9.87394392e-01 7.75122523e-01 9.26033616e-01
    5.32772958e-01 1.44183904e-01 9.66968656e-01 2.23268151e-01
    3.20749283e-02 6.24336898e-02 1.50822371e-01 6.67396486e-01
    1.10985637e-02 1.47681743e-01 8.80643606e-01 1.94861412e-01
    5.54849207e-01 4.73635107e-01 5.11741936e-01 3.06300461e-01
    9.96918559e-01 6.91858888e-01 2.71282911e-01 8.76311481e-01
    3.84443194e-01 4.30781841e-01 2.86701590e-01 4.81484979e-01
    3.64838183e-01 5.00683546e-01 7.82219887e-01 8.85594726e-01
    3.66306812e-01 8.16352963e-01 6.27816558e-01 5.35261452e-01
    7.23725080e-01 9.65758979e-01 7.64269948e-01 6.17169321e-01
    1.05799496e-01 5.38085282e-01 7.84015059e-01 4.10033762e-01
    8.05173278e-01 1.10335827e-01 3.72584760e-01 2.76957870e-01
    3.39030027e-01 3.19921732e-01 1.88305914e-01 8.84757876e-01
    9.96701121e-01 7.79238582e-01 9.97175932e-01 9.78279650e-01
    2.40809828e-01 3.37334961e-01 7.69034624e-01 2.63536990e-01
    2.03506470e-01 6.69567585e-01 8.61768007e-01 8.00204039e-01
    2.96398669e-01 9.03644800e-01 5.29724419e-01 4.51316565e-01
    6.01598382e-01 7.69535661e-01 4.93467033e-01 3.83786142e-01
    3.74206930e-01 5.37911952e-01 1.88078195e-01 8.18545580e-01
    4.31986213e-01 4.50210959e-01 7.72483110e-01 9.32390928e-01
    1.29791796e-01 1.49222523e-01 1.60826504e-01 3.21514398e-01
    4.16542381e-01 1.35398567e-01 6.75377846e-01 2.66590834e-01
    5.79089880e-01 5.57314336e-01 2.62803674e-01 1.91303790e-02
    3.50848854e-01 2.46934891e-01 6.85142636e-01 9.91796613e-01
    7.77760148e-01 7.59561419e-01 5.95869422e-02 9.07312572e-01
    7.34913826e-01 3.91927063e-02 4.97333884e-01 8.03474069e-01
    3.80432844e-01 6.34748399e-01 3.11816812e-01 5.57467401e-01
    4.86444861e-01 4.74855304e-03 2.52669275e-01 2.53872544e-01
    2.03240186e-01 4.25779581e-01 1.42088383e-01 5.13927639e-01
    7.76695132e-01 8.52372885e-01 6.90110385e-01 6.07813597e-01
    5.51363826e-01 5.35075605e-01 9.20130968e-01 1.24823749e-02
    8.21943402e-01 5.01618505e-01 9.77520049e-02 7.40034819e-01
    3.36349487e-01 8.08876514e-01 4.29931402e-01 2.66972303e-01
    1.01036757e-01 5.02697349e-01 4.65604961e-02 6.35175705e-01
    2.81712413e-03 3.68966043e-01 1.25079691e-01 9.74937439e-01
    1.98997557e-02 7.91206241e-01 9.21883047e-01 9.73566234e-01
    3.05277109e-03 5.69169819e-02 4.50358093e-02 1.42862499e-02
    9.14003670e-01 4.81358320e-01 1.16086453e-01 9.84375596e-01
    8.27829242e-02 5.79178333e-01 8.82068872e-01 5.89511275e-01
    9.02315795e-01 2.41914481e-01 1.27845079e-01 3.12322974e-02
    6.71345472e-01 9.83764231e-01 6.34929121e-01 9.97860789e-01
    7.52825439e-01 3.07986736e-01 4.93340760e-01 9.29515839e-01
    5.38036585e-01 7.70715177e-01 4.99820679e-01 5.08530080e-01
    2.51208574e-01 1.76024050e-01 9.98110533e-01 4.71741259e-02
    9.06552911e-01 6.02571130e-01 4.88763124e-01 9.70745683e-01
    9.08703923e-01 5.52721441e-01 5.87069631e-01 2.07915485e-01
    3.58275324e-01 1.68445468e-01 2.96593487e-01 7.37927794e-01
    2.67263055e-02 1.55164093e-01 7.63896227e-01 9.87929285e-01
    7.13088810e-01 4.64613050e-01 4.25346613e-01 3.39497864e-01
    1.87741399e-01 8.97004485e-01 8.06730568e-01 9.65483248e-01
    4.84753877e-01 9.39702511e-01 7.55272865e-01 8.35919380e-03
    4.64740843e-01 6.81936741e-04 7.38853395e-01 6.74828529e-01
    7.71653593e-01 7.78070986e-02 5.18963218e-01 3.97262037e-01
    6.05689585e-01 9.21640873e-01 5.65381765e-01 7.69727111e-01
    4.97628152e-01 8.77038240e-01 5.00540376e-01 8.92502606e-01
    2.77806818e-02 6.17270470e-01 2.94792056e-02 7.18739331e-02
    4.63459700e-01 9.50282156e-01 6.29704714e-01 1.70782745e-01
    3.15964818e-01 5.83103299e-01 9.86727476e-01 4.41563666e-01
    3.82210016e-02 6.92136288e-01 8.41314495e-02 8.15961361e-02
    7.35230982e-01 5.96431434e-01 4.26622331e-01 7.14820683e-01
    6.63979471e-01 4.34554636e-01 8.45922470e-01 5.48224807e-01
    1.09347492e-01 5.22236466e-01 3.89365137e-01 8.31926107e-01
    2.99925506e-01 3.90482485e-01 8.85932326e-01 2.37928271e-01
    7.27800727e-01 3.14950883e-01 4.78567272e-01 9.44102407e-01
    2.53676474e-02 9.90583181e-01 6.69276774e-01 8.59868765e-01
    8.40063691e-01 9.43355501e-01 9.71196711e-01 6.74148858e-01
    3.44216526e-01 8.67515087e-01 4.66698110e-01 1.97835267e-01
    8.77733231e-01 5.81216812e-01 4.74250466e-01 3.55404198e-01
    2.62889862e-02 7.73476899e-01 2.29912370e-01 7.70375490e-01
    2.51739144e-01 7.57423639e-01 9.78726029e-01 5.36560357e-01
    5.37652135e-01 5.81893504e-01 6.57222927e-01 9.18907404e-01
    2.43080556e-02 3.21614802e-01 5.27473211e-01 2.16076225e-01
    9.52061355e-01 3.05200815e-01 2.54367292e-02 2.83283859e-01
    2.59787142e-02 6.12856805e-01 3.09289098e-01 4.65555817e-01
    2.49443084e-01 4.49706018e-02 8.96522164e-01 2.04985857e-01
    6.26664877e-01 8.19777250e-02 8.81234646e-01 7.16437936e-01
    7.06153750e-01 5.11604965e-01 4.11095262e-01 8.66645455e-01
    6.71599507e-01 2.64602184e-01 1.77835613e-01 4.39888000e-01
    9.72017407e-01 8.20764720e-01 6.19263291e-01 4.51983809e-02
    8.31772983e-02 5.82639277e-01 7.95605600e-01 7.91114867e-01
    5.49927115e-01 9.30585384e-01 6.79927766e-02 8.72349024e-01
    8.06841969e-01 7.79818892e-02 7.15882659e-01 8.10727119e-01
    9.49096918e-01 4.58601117e-03 5.72748721e-01 8.67848158e-01
    5.13501048e-01 4.03352499e-01 4.88837391e-01 3.55916828e-01
    8.38822961e-01 6.86106086e-03 2.69484937e-01 6.00593626e-01
    8.05140615e-01 8.19583058e-01 5.50507009e-02 2.90391147e-01
    9.59392905e-01 3.20274413e-01 7.97789693e-02 4.42931175e-01
    2.32021272e-01 4.49011266e-01 7.28588343e-01 3.72332424e-01
    4.28884149e-01 1.51847333e-01 7.86746740e-02 9.31343555e-01
    1.78467005e-01 7.84148455e-01 5.31659365e-01 5.81056952e-01
    9.99568462e-01 9.70049202e-02 6.50743306e-01 6.78227961e-01
    1.56546712e-01 6.60770476e-01 2.15887249e-01 8.66744399e-01
    4.62944210e-02 9.51506674e-01 5.05454063e-01 6.91141427e-01
    6.43597484e-01 3.30291152e-01 8.35088968e-01 5.17294168e-01
    2.41771221e-01 7.56410122e-01 3.59768987e-01 2.21865535e-01
    6.82067990e-01 6.93272948e-01 5.97754776e-01 1.66303396e-01
    7.06534863e-01 7.36985385e-01 6.61929011e-01 7.80639529e-01
    4.58878279e-02 1.05281293e-01 3.65757912e-01 4.71859872e-01
    9.06330466e-01 8.94768238e-01 7.17499852e-02 7.42396712e-02
    4.02470648e-01 2.31928378e-01 6.08284593e-01 2.56872505e-01
    9.65618014e-01 7.29149103e-01 7.99065471e-01 5.65139174e-01
    1.41581506e-01 8.63685131e-01 3.47858220e-01 4.90076065e-01
    2.68768728e-01 3.03479671e-01 1.27489030e-01 5.07860243e-01
    2.76595294e-01 9.54085648e-01 4.63182449e-01 8.27679932e-01
    4.25023139e-01 1.21783286e-01 7.83737063e-01 5.42173326e-01
    2.20722347e-01 4.95541006e-01 7.53586173e-01 9.38489199e-01
    5.25674939e-01 2.53470540e-02 6.62581921e-02 7.73510754e-01
    3.92816663e-01 7.71637559e-01 4.38858271e-01 5.61716199e-01
    3.92847657e-01 6.56621158e-01 1.87725335e-01 5.66502213e-01
    5.32851398e-01 2.17712998e-01 3.11446518e-01 7.53791213e-01
    5.23724496e-01 3.21527421e-01 8.41188788e-01 5.13482392e-01
    8.17916155e-01 9.74521041e-01 8.91175270e-01 1.49125159e-01
    7.08318233e-01 7.27804244e-01 7.96325207e-02 5.01665175e-01
    8.54257703e-01 8.28262568e-01 3.82390857e-01 9.08555090e-01
    4.99267966e-01 1.77385479e-01 7.84357965e-01 4.40111041e-01
    6.74664617e-01 4.18222725e-01 7.74028063e-01 7.62196660e-01
    2.52237737e-01 2.68530190e-01 2.78232485e-01 8.71309042e-01
    2.82454431e-01 9.35267627e-01 1.76477998e-01 2.85360217e-02
    6.34961545e-01 9.80640650e-01 3.18308383e-01 4.90520000e-01
    6.13213480e-01 7.92609453e-01 5.84395885e-01 2.82779336e-01
    7.15774894e-01 7.96457052e-01 3.84458661e-01 1.51256800e-01
    4.36485976e-01 9.67652798e-02 3.95810604e-03 2.90478617e-01
    6.93426609e-01 3.14904153e-02 4.41487193e-01 2.83325642e-01
    6.05499327e-01 4.26487863e-01 4.90203857e-01 2.98909605e-01
    3.94872725e-01 8.41064095e-01 7.14145064e-01 2.22652614e-01
    6.77570105e-01 8.68181765e-01 3.39680433e-01 3.11776102e-02
    4.56279278e-01 1.03979379e-01 9.98674035e-01 9.28180993e-01
    3.46452296e-02 6.68529749e-01 6.70891166e-01 5.38824797e-02
    6.97192430e-01 1.18424296e-01 2.88694799e-02 4.11640584e-01
    8.87110174e-01 5.75193942e-01 7.74610281e-01 4.89441007e-01
    6.04432762e-01 1.33175254e-01 5.96892834e-03 5.88157892e-01
    3.90630245e-01 8.88634622e-01 7.55012035e-01 8.02231550e-01
    5.37033021e-01 5.13829648e-01 7.34389722e-01 8.64173532e-01
    5.77989221e-03 5.33344626e-01 6.37352228e-01 5.04332662e-01
    1.91600680e-01 2.57745385e-01 4.61733311e-01 1.06608659e-01
    2.32431352e-01 2.21081644e-01 5.13649106e-01 5.22076428e-01
    7.48773992e-01 5.50334156e-01 5.11963308e-01 3.47579062e-01
    6.74178720e-01 3.37333411e-01 9.33915377e-01 5.10328472e-01
    9.87908959e-01 4.88148212e-01 8.11983943e-02 5.23959577e-01
    8.89510632e-01 2.95213699e-01 2.54751444e-02 4.92942035e-01
    4.83167291e-01 5.78396559e-01 2.00421512e-02 6.03162825e-01
    8.12905729e-01 6.88186586e-01 3.23224366e-01 7.05729961e-01
    5.68141162e-01 3.08460653e-01 6.00047350e-01 9.72055078e-01
    8.60763788e-01 4.10771698e-01 6.87995672e-01 5.20782888e-01
    5.76561928e-01 8.66508484e-01 1.38003230e-01 2.00466305e-01
    3.94634962e-01 7.70033598e-02 1.13551587e-01 5.99678576e-01
    3.21516991e-02 6.77088141e-01 2.17918307e-01 2.37934291e-02
    6.09931886e-01 5.63725293e-01 5.47716677e-01 4.61608350e-01
    2.51700968e-01 2.92988598e-01 3.68816257e-01 1.45569056e-01
    6.27240539e-01 2.11426675e-01 6.89820051e-02 3.09194863e-01
    2.04825759e-01 3.54913533e-01 6.01405144e-01 8.46564174e-01
    2.72338659e-01 3.64565820e-01 7.76129484e-01 1.18769854e-01
    5.95875263e-01 6.12593830e-01 3.09021384e-01 4.09496546e-01
    1.66864097e-01 7.43894339e-01 2.85180092e-01 1.45532787e-01
    6.15476370e-02 2.75904715e-01 6.18736684e-01 2.87684411e-01
    6.63629591e-01 1.26295596e-01 7.92324662e-01 7.23919809e-01
    1.70744896e-01 4.22439158e-01 7.99441457e-01 9.21588421e-01
    1.16422474e-02 2.24367172e-01 3.57199669e-01 3.88368607e-01
    4.20035332e-01 7.40131676e-01 2.78820485e-01 9.82570946e-01
    2.05036700e-02 1.70067877e-01 5.90525746e-01 4.16781843e-01
    4.50707346e-01 8.73130798e-01 3.99195254e-02 4.39794540e-01
    7.74719715e-01 9.90474701e-01 6.02816164e-01 7.91474581e-02
    1.29652917e-01 7.33353734e-01 8.37427557e-01 5.07969320e-01
    9.61659670e-01 9.44119930e-01 1.69895142e-01 1.40295595e-01
    2.87476689e-01 5.70250750e-01 5.50012589e-02 6.90572679e-01
    3.17268312e-01 5.67149043e-01 4.60259497e-01 8.20750117e-01
    7.92229056e-01 6.62937701e-01 5.97475111e-01 8.62249374e-01
    5.98645389e-01 2.86497325e-01 1.62611693e-01 6.80281937e-01
    3.18711996e-02 4.10873592e-02 6.14334106e-01 7.59452462e-01
    1.88383371e-01 5.90442955e-01 7.83789873e-01 8.54490638e-01
    6.43857002e-01 1.37425065e-01 8.82606983e-01 6.86844945e-01
    5.04873335e-01 2.93189824e-01 2.86425292e-01 3.31640989e-01
    1.46476507e-01 7.38190889e-01 4.77033049e-01 1.36083364e-03
    9.41055179e-01 6.11978054e-01 3.65633309e-01 4.28705812e-02
    3.27121258e-01 4.59689647e-01 8.13618302e-01 5.41290522e-01
    6.37430608e-01 1.74469680e-01 2.88367867e-02 1.69472307e-01
    1.36776119e-01 5.93236089e-01 4.16286230e-01 2.54648447e-01
    5.88496566e-01 9.72763896e-01 4.58000869e-01 9.27739382e-01
    7.32605696e-01 7.77347565e-01 5.88647246e-01 8.82569790e-01
    9.51346874e-01 4.55871910e-01 4.36378419e-02 4.37676817e-01
    7.40610361e-01 6.56657934e-01 7.49459326e-01 3.37909698e-01
    7.01650798e-01 9.35145378e-01 6.20724022e-01 6.02025986e-01
    1.32044703e-01 3.42456341e-01 6.52014494e-01 9.21138287e-01
    6.53815210e-01 2.37319022e-01 2.45157599e-01 3.67702961e-01
    5.74555159e-01 8.10308814e-01 2.44866997e-01 2.70418763e-01
    3.92175496e-01 1.92171514e-01 4.92696226e-01 3.09287816e-01
    2.69125283e-01 2.71929801e-02 9.89194393e-01 3.84486794e-01
    7.84410238e-01 1.86175883e-01 2.89506614e-01 5.01371920e-02
    4.28694904e-01 7.81818569e-01 8.12680066e-01 2.15715021e-01
    1.95442647e-01 3.97597820e-01 3.56907576e-01 1.37266040e-01
    1.16764277e-01 4.14378613e-01 1.38437033e-01 2.54931033e-01
    6.07214451e-01 9.00079370e-01 8.75149608e-01 6.63343072e-03
    5.20316780e-01 8.26694608e-01 4.45198476e-01 2.36896962e-01
    5.49208820e-02 2.58033842e-01 7.94455230e-01 1.85684949e-01
    2.93284237e-01 3.04968208e-01 9.56814766e-01 7.91576505e-03
    7.55115509e-01 7.01559663e-01 5.40412068e-01 6.59884870e-01
    2.78528869e-01 7.99617350e-01 6.43316746e-01 3.39893967e-01
    1.60073519e-01 6.94571018e-01 7.03730345e-01 5.15760720e-01
    8.32015514e-01 9.53077376e-01 6.99875593e-01 3.27627659e-01
    7.78206229e-01 3.73436749e-01 8.26596141e-01 2.56690979e-01
    3.38249505e-02 5.08780599e-01 8.76005769e-01 1.34069830e-01
    2.95703024e-01 1.56627089e-01 6.10421121e-01 4.28442776e-01
    7.44149089e-01 5.31921148e-01 2.64207006e-01 8.15137744e-01
    5.15515089e-01 4.06566232e-01 5.78803957e-01 8.99074078e-01
    4.38076526e-01 9.79429722e-01 2.97697008e-01 3.81872296e-01
    8.05556178e-01 5.12961745e-01 6.80102348e-01 3.37180793e-01
    7.96397567e-01 9.36520338e-01 3.15886259e-01 6.78143203e-01
    4.98644948e-01 2.88337052e-01 8.20218444e-01 7.75899529e-01
    3.89509469e-01 7.44181454e-01 7.63302386e-01 2.44201273e-01
    1.49595678e-01 7.96338320e-01 8.61822069e-02 7.04403281e-01
    9.59901035e-01 3.72388840e-01 1.62038714e-01 6.27881050e-01
    1.11495167e-01 3.61519098e-01 5.33905864e-01 6.42659605e-01
    5.71255565e-01 4.33767289e-01 7.16045856e-01 2.52220958e-01
    2.50433892e-01 2.91591793e-01 7.77491808e-01 3.01769704e-01
    7.81775653e-01 6.56285226e-01 6.09712124e-01 7.58564472e-02
    5.11676908e-01 8.11161041e-01 5.60162425e-01 7.61655569e-01
    1.95449442e-01 4.26517010e-01 2.61580408e-01 9.61127043e-01
    6.82587802e-01 9.52750683e-01 5.22333980e-01 3.78465086e-01
    2.99837410e-01 9.57659483e-01 7.22067475e-01 8.72929454e-01
    4.96470958e-01 5.47003984e-01 3.26229215e-01 7.45539069e-01
    8.55830312e-01 8.39888811e-01 1.59633726e-01 8.02222610e-01
    5.22122025e-01 8.10469210e-01 3.75850946e-01 6.96014166e-01
    7.58281350e-02 2.56887347e-01 7.38861084e-01 4.46770489e-02
    7.65246928e-01 7.32456028e-01 6.71058416e-01 9.53970075e-01
    1.33347064e-01 7.60737002e-01 6.72219694e-01 6.82825446e-02
    1.42706484e-01 1.34251505e-01 1.31797314e-01 1.75488114e-01
    5.74548423e-01 3.98284316e-01 7.28045940e-01 9.70542550e-01
    3.64917189e-01 3.27395558e-01 7.32559264e-01 4.62996960e-01
    6.13301039e-01 4.40388769e-01 1.91841394e-01 6.62533402e-01
    3.58033746e-01 8.84003878e-01 4.96879190e-01 3.13307881e-01
    2.24107504e-02 5.53119481e-01 5.05457222e-01 4.30553019e-01
    5.15475154e-01 6.86729848e-01 2.37652689e-01 7.04122424e-01
    3.06678265e-01 9.59994197e-01 2.92091131e-01 9.90151644e-01
    5.70796013e-01 4.32951421e-01 7.10802913e-01 4.84629512e-01
    2.15718895e-01 6.99104071e-01 1.54999733e-01 7.36066699e-01
    9.43166375e-01 7.08323002e-01 8.53958607e-01 8.45762968e-01
    8.82185221e-01 1.39295071e-01 1.36144310e-01 2.24544317e-01
    4.20456499e-01 7.04385281e-01 8.75421107e-01 1.11060441e-01
    1.19369179e-01 5.88598371e-01 4.47367728e-01 7.97394872e-01
    3.57998073e-01 2.45832503e-01 4.49537903e-01 9.70467329e-01
    7.39174843e-01 1.89087480e-01 6.49375796e-01 5.73107004e-01
    3.92321646e-01 1.58160836e-01 8.61787915e-01 6.73903406e-01
    6.31153107e-01 3.41393411e-01 5.08888364e-02 8.71821284e-01
    8.26324940e-01 3.23758483e-01 8.11487198e-01 9.39866662e-01
    9.10280406e-01 2.14548022e-01 2.50758111e-01 2.22068667e-01
    6.85292482e-01 5.63024700e-01 3.65542561e-01 4.69744921e-01
    8.97512734e-01 9.56170142e-01 3.36283147e-02 3.07343602e-01
    5.92579901e-01 9.73832369e-01 2.79162228e-02 5.13226688e-02
    6.39452100e-01 7.05623746e-01 7.91485548e-01 8.95331264e-01
    3.57043386e-01 2.40080595e-01 2.59871125e-01 5.15549660e-01
    5.57036996e-02 1.15628362e-01 6.63541317e-01 8.89762342e-01
    3.42892706e-01 9.51329708e-01 5.30791342e-01 4.90752161e-02
    7.53215671e-01 3.01557779e-01 3.38211834e-01 1.67578191e-01
    7.71183074e-02 3.48188281e-02 9.32805777e-01 9.89296377e-01
    9.13436651e-01 6.83579326e-01 1.21951520e-01 6.57218158e-01
    3.29382241e-01 5.44795096e-01 5.06281853e-02 3.54447573e-01
    9.81083035e-01 5.85979939e-01 8.48748088e-01 2.63749838e-01
    5.07087290e-01 1.95651203e-01 9.90025401e-01 4.42966700e-01
    9.59807873e-01 3.52566063e-01 1.73676521e-01 2.35371858e-01
    6.26847863e-01 8.36066246e-01 6.56358898e-01 4.27548170e-01
    4.27196503e-01 9.09384012e-01 1.69349223e-01 4.75091070e-01
    2.33678341e-01 5.40205717e-01 6.96954966e-01 5.56462049e-01
    5.37906289e-01 5.71132839e-01 5.12225211e-01 5.85563719e-01
    7.32671201e-01 7.46424198e-01 9.37442303e-01 3.44177455e-01
    3.04273963e-02 9.51118529e-01 9.03495491e-01 8.24664593e-01
    6.08948112e-01 9.23205137e-01 8.34404767e-01 8.96747708e-01
    2.69095719e-01 5.74823678e-01 6.56245828e-01 3.19521129e-01
    3.72552931e-01 3.17986488e-01 2.84264505e-01 4.22047853e-01
    6.86416268e-01 3.45245868e-01 1.45053864e-02 1.60719275e-01
    9.92472887e-01 2.03491032e-01 3.67874265e-01 6.06426001e-02
    9.47887421e-01 5.13181388e-01 1.52910948e-01 9.42249835e-01
    4.44710046e-01 8.66200686e-01 4.69916761e-02 7.68320084e-01
    3.00643265e-01 9.25903916e-01 5.31193018e-01 9.37782168e-01
    7.03764677e-01 6.17000937e-01 8.96875620e-01 8.75446081e-01
    4.39214438e-01 3.75934750e-01 5.29150009e-01 5.90167046e-01
    7.70487666e-01 3.78979772e-01 1.69974566e-03 7.26473153e-01
    3.35885584e-01 1.42519265e-01 4.83519614e-01 8.61823320e-01
    4.30152833e-01 7.75753081e-01 1.29043311e-01 9.09945011e-01
    9.74772990e-01 6.98793292e-01 6.68797910e-01 2.29772002e-01
    6.50687337e-01 9.72800493e-01 3.33514810e-03 7.22643793e-01
    9.50409889e-01 5.24090469e-01 5.00517070e-01 9.52687740e-01
    7.26189971e-01 4.30635422e-01 5.29917359e-01 8.25020909e-01
    1.33021027e-01 6.02592707e-01 8.92803073e-03 6.05888367e-01
    5.49223423e-01 6.14914536e-01 6.75630569e-01 3.94945532e-01
    5.03093421e-01 2.43945599e-01 7.04915822e-01 5.44543028e-01
    8.43152761e-01 1.28343701e-01 2.55767941e-01 2.49707311e-01
    8.38412046e-01 1.52150840e-01 3.93618941e-02 1.20972931e-01
    5.51346958e-01 2.05423236e-01 3.54874730e-02 5.98219514e-01
    1.65592104e-01 8.52556229e-01 7.00106382e-01 4.99666333e-01
    7.83810616e-01 1.46974206e-01 7.09753513e-01 4.76594955e-01
    5.92090726e-01 3.47496808e-01 9.93789494e-01 9.09067631e-01
    7.29109108e-01 8.73840332e-01 4.93908495e-01 2.78262228e-01
    7.36924410e-01 1.55385733e-01 4.73814338e-01 6.68527186e-02
    6.70129061e-03 3.00304949e-01 6.92716241e-01 7.19635427e-01
    2.90418446e-01 3.99935156e-01 4.23826724e-01 8.67620230e-01
    6.48161530e-01 2.96601951e-01 4.26258862e-01 9.82561350e-01
    9.63295579e-01 6.31829262e-01 5.74557185e-01 2.09789068e-01
    8.62808228e-01 4.68041331e-01 1.54883713e-01 7.60246277e-01
    9.52109456e-01 4.77828681e-02 7.10694253e-01 8.78017783e-01
    7.82595634e-01 8.19430351e-01 8.76569867e-01 9.17454660e-01
    6.64667964e-01 2.03212440e-01 5.02789795e-01 7.27370441e-01
    4.18375850e-01 6.17464483e-01 9.72741544e-01 4.82147515e-01
    4.08419669e-02 3.60504627e-01 6.52159452e-01 1.71144247e-01
    2.43556112e-01 7.11863339e-01 9.23443854e-01 1.64794713e-01
    1.15224421e-02 1.84923112e-02 8.58072162e-01 8.58004689e-02
    9.47979093e-01 9.91289735e-01 8.22628319e-01 6.47164762e-01
    7.63763785e-01 6.78468823e-01 2.01874226e-01 4.92135286e-02
    2.43845373e-01 1.90910876e-01 8.04648042e-01 9.98879790e-01
    7.62598097e-01 7.58620143e-01 4.41295803e-01 6.87294960e-01
    9.23054755e-01 1.40480429e-01 5.67615628e-01 7.51812100e-01
    2.95503974e-01 5.16152203e-01 6.82948530e-02 2.42921829e-01
    6.02749944e-01 2.01878279e-01 6.31228566e-01 3.51549685e-01
    3.91668737e-01 9.51726496e-01 6.67146146e-02 9.51131105e-01
    1.50377572e-01 9.28535581e-01 4.27296460e-01 9.32891965e-01
    4.36952531e-01 2.24865377e-01 4.95535582e-01 7.34699667e-02
    8.82167578e-01 8.31448913e-01 9.38305795e-01 7.49646068e-01
    7.49728143e-01 9.75321531e-02 9.91873384e-01 8.53266716e-01
    7.08296418e-01 7.58257627e-01 2.99593806e-03 3.33502054e-01
    6.61795437e-01 2.03149855e-01 3.03478062e-01 9.54564095e-01
    3.48093063e-01 3.24134201e-01 3.84271145e-03 1.18800551e-01
    1.21270716e-01 2.38164037e-01 7.20849574e-01 1.67780131e-01
    5.99132776e-02 6.05244815e-01 4.80390161e-01 9.03434455e-02
    9.02442336e-01 4.54824448e-01 7.40624249e-01 5.16657352e-01
    1.19216144e-02 1.14580393e-01 6.54529095e-01 7.44649231e-01
    9.96006131e-02 1.37564391e-01 2.21621156e-01 3.75075996e-01
    1.92526221e-01 3.31659317e-02 1.95926845e-01 2.17563838e-01
    2.64452279e-01 6.49001658e-01 1.86886758e-01 4.29471433e-01
    1.97118670e-01 9.59247351e-03 2.08024532e-01 6.72443688e-01
    7.88840413e-01 4.68938679e-01 7.46306419e-01 9.94331121e-01
    1.58325225e-01 4.62530375e-01 7.12597251e-01 7.94355869e-02
    1.57848120e-01 8.34036231e-01 1.17538869e-01 6.56686127e-01
    9.33301449e-01 7.29785562e-01 2.33277082e-02 6.87825382e-01
    8.31203103e-01 2.97864586e-01 2.87312776e-01 6.27026558e-01
    9.63860452e-01 1.07863635e-01 3.45411003e-01 7.96381831e-02
    6.54659271e-01 6.65047169e-01 4.19810355e-01 7.88883805e-01
    2.69059449e-01 7.10420251e-01 8.82179022e-01 8.62790287e-01
    6.77148163e-01 2.68084049e-01 3.71018052e-03 3.94342154e-01
    6.48608327e-01 6.36877477e-01 7.76996732e-01 7.59208560e-01
    2.27961242e-02 1.47303075e-01 5.56144595e-01 4.11595732e-01
    1.67197049e-01 3.53131264e-01 8.95868540e-01 5.38297236e-01
    9.11619306e-01 9.53851819e-01 2.41504848e-01 3.89555842e-01
    4.07723665e-01 6.35595798e-01 5.08891642e-02 7.32256889e-01
    6.39960885e-01 2.28763431e-01 1.12406373e-01 4.18440521e-01
    4.61867660e-01 9.98634219e-01 7.52647161e-01 5.10971248e-01
    3.14524591e-01 6.41184032e-01 4.67610866e-01 1.01181865e-02
    7.10856199e-01 3.42592239e-01 5.41309118e-01 1.21302009e-02
    2.38388449e-01 1.52543157e-01 4.96891767e-01 7.88747966e-01
    3.83195966e-01 4.22596902e-01 3.82182419e-01 1.85029924e-01
    6.26073182e-01 8.43861163e-01 3.89443159e-01 3.79175127e-01
    6.86260462e-02 3.51714253e-01 3.93234432e-01 6.87522292e-02
    7.26090074e-01 2.85384536e-01 1.69703662e-01 8.87522340e-01
    5.26921093e-01 9.58450377e-01 2.02298164e-02 9.48284149e-01
    7.78916538e-01 7.15298235e-01 4.53200608e-01 5.68522513e-01
    6.96397483e-01 6.57800138e-02 5.59824765e-01 6.33933306e-01
    7.61076927e-01 5.55603743e-01 1.51142806e-01 9.05200899e-01
    7.36189246e-01 3.81730676e-01 7.67952561e-01 7.87277818e-02
    9.32836771e-01 7.20549822e-01 3.61492753e-01 5.90937555e-01
    4.57870662e-01 5.43963909e-01 8.68394971e-01 1.62290156e-01
    9.02293801e-01 4.29112017e-01 7.41398990e-01 7.72896647e-01
    9.43930984e-01 7.71022141e-02 3.28664750e-01 1.64253533e-01
    2.63670087e-03 6.85952961e-01 1.22769058e-01 4.76792842e-01
    1.03655785e-01 7.41590142e-01 6.17938876e-01 4.86229897e-01
    8.34483802e-01 1.60583943e-01 8.11188340e-01 3.78510177e-01
    9.22048450e-01 1.32726401e-01 7.85334229e-01 6.78286314e-01
    9.37925220e-01 1.56216681e-01 8.34393024e-01 9.77124214e-01
    8.64339650e-01 1.05560482e-01 7.58721650e-01 6.57109261e-01
    2.11205989e-01 3.70841801e-01 9.07139778e-02 5.77573836e-01
    3.43137413e-01 5.56180716e-01 6.51444793e-01 8.53234649e-01
    7.77035832e-01 2.44454205e-01 9.96386111e-01 4.42944229e-01
    4.99108195e-01 6.88319921e-01 1.86455220e-01 8.39262426e-01
    2.49578685e-01 6.48092747e-01 5.36518574e-01 5.26822388e-01
    9.17362809e-01 3.54650021e-02 2.43019581e-01 8.54370475e-01
    4.35714811e-01 6.88825727e-01 1.19695485e-01 3.91045094e-01
    5.19989371e-01 8.65127206e-01 9.63858962e-01 8.18190336e-01
    2.44692832e-01 7.46067703e-01 8.72049391e-01 8.75349164e-01
    4.42064524e-01 2.20299810e-01 5.19867122e-01 7.98530102e-01
    3.15158814e-01 4.98108178e-01 3.72752219e-01 2.38574266e-01
    2.58644760e-01 1.32758528e-01 9.32204247e-01 8.89554620e-01
    8.21243882e-01 9.74387348e-01 2.74200797e-01 7.34905005e-01
    8.11336756e-01 4.44861263e-01 3.08063209e-01 9.04828310e-01
    7.43649364e-01 7.70348310e-01 8.14442694e-01 8.01942825e-01
    4.70088631e-01 6.20595336e-01 8.12857270e-01 9.46008325e-01
    4.60433215e-01 3.45614314e-01 6.38009191e-01 2.14248329e-01
    9.39449430e-01 8.56105566e-01 7.43544996e-01 5.92100084e-01
    2.67695159e-01 3.92353088e-01 4.44002390e-01 4.31683898e-01
    1.45108849e-01 5.67534924e-01 5.61077416e-01 8.14074099e-01
    1.68971747e-01 3.59646618e-01 9.86778021e-01 7.09360480e-01
    3.46232712e-01 4.47811514e-01 9.53730345e-01 1.38531685e-01
    1.55664831e-01 2.44566768e-01 2.68355727e-01 7.61481225e-02
    6.55198574e-01 4.75253493e-01 6.39659286e-01 6.13889337e-01
    8.04492354e-01 3.64721060e-01 8.77142429e-01 5.45193315e-01
    1.29441917e-02 8.19988549e-02 9.71879005e-01 5.40992498e-01
    6.82280958e-02 7.06517577e-01 6.28467321e-01 2.32011229e-01
    2.70217746e-01 6.65071368e-01 8.79458487e-01 2.96499193e-01
    2.91725963e-01 5.45002222e-01 2.03114301e-01 4.62240934e-01
    3.25080872e-01 2.46834874e-01 4.21284139e-01 2.99668223e-01
    9.92792130e-01 4.15575624e-01 6.67418897e-01 3.15195918e-02
    4.99102443e-01 2.44061172e-01 6.56328917e-01 9.18503404e-01
    3.29682231e-01 6.29901230e-01 2.56328285e-01 7.14628994e-01
    5.95615327e-01 4.75331813e-01 5.10179043e-01 7.96226740e-01
    4.99397337e-01 5.85886240e-01 9.61606503e-01 5.50391614e-01
    6.47793412e-01 2.60558784e-01 8.62521172e-01 1.04976028e-01
    8.67130280e-01 8.17504287e-01 3.37528348e-01 5.90393841e-01
    8.70307684e-01 3.08259279e-01 5.55216968e-02 4.93294001e-03
    3.46516609e-01 5.91026664e-01 3.40895116e-01 8.56102824e-01
    5.26351035e-01 6.51721358e-01 8.31814647e-01 2.63176322e-01
    5.52493215e-01 9.72523332e-01 4.22555119e-01 4.72762585e-01
    8.19492579e-01 5.30613840e-01 9.49988842e-01 8.08831096e-01
    7.43680239e-01 1.46606743e-01 3.07353139e-01 3.20935130e-01
    8.45038950e-01 2.21250981e-01 3.42770189e-01 4.95624840e-02
    1.95728600e-01 6.97342932e-01 1.53683037e-01 3.50632429e-01
    9.61722910e-01 9.58665609e-01 9.06123161e-01 2.82265544e-01
    6.42668247e-01 5.32783687e-01 5.56753397e-01 3.71624529e-01
    7.33286262e-01 2.36823976e-01 5.06064832e-01 5.68915248e-01
    7.95495033e-01 9.88740861e-01 4.65392888e-01 4.13922697e-01
    1.82728499e-01 6.81660354e-01 9.74103808e-03 1.43000185e-02
    2.89840102e-01 3.86001498e-01 4.88568157e-01 4.51881558e-01
    3.96515340e-01 4.27831203e-01 1.69665903e-01 2.60093272e-01
    3.32209647e-01 9.26258266e-02 4.87813354e-02 4.80414897e-01
    3.68025601e-01 3.04757953e-02 8.77395213e-01 9.22058582e-01
    6.78397477e-01 4.26472783e-01 7.66091824e-01 9.95269299e-01
    5.77205539e-01 7.52403438e-01 5.21795452e-01 3.77479196e-01
    3.95696044e-01 9.01619554e-01 8.11977208e-01 8.76955032e-01
    8.76292109e-01 2.59233177e-01 5.33353090e-01 6.99791014e-02
    1.05008006e-01 1.21017605e-01 8.29530239e-01 7.39786088e-01
    3.34198296e-01 6.79498255e-01 7.48064280e-01 1.77505016e-02
    3.37145984e-01 9.47147489e-01 3.79994214e-01 6.81411266e-01
    9.15456951e-01 2.62848705e-01 2.48946965e-01 2.11961925e-01
    9.22195196e-01 2.41537690e-01 6.38448119e-01 5.33520699e-01
    9.50480103e-01 7.51474380e-01 2.51843452e-01 4.73080456e-01
    8.56686473e-01 4.75575030e-01 5.11088431e-01 8.67489219e-01
    8.96084070e-01 3.73965383e-01 7.04803765e-02 9.44151163e-01
    5.31223297e-01 4.95869428e-01 6.89822853e-01 5.71483493e-01
    3.49172235e-01 2.95476466e-01 4.31386560e-01 6.11727417e-01
    9.96679783e-01 2.13088393e-02 4.69574541e-01 4.81411844e-01
    9.75145578e-01 1.20442867e-01 9.92353082e-01 8.10895205e-01
    3.73686910e-01 8.73973608e-01 7.63003170e-01 5.12260497e-01
    1.70063406e-01 2.55423784e-01 1.35899961e-01 4.63629961e-01
    2.04438955e-01 1.88387126e-01 4.67649400e-01 9.21524644e-01
    7.81531096e-01 6.39595330e-01 6.83669567e-01 4.24822479e-01
    4.18679714e-01 4.62782055e-01 1.43926382e-01 3.05541217e-01
    9.18724179e-01 1.47926956e-01 3.78667355e-01 7.89876997e-01
    2.80021787e-01 3.85768175e-01 4.42054510e-01 2.39426643e-01
    1.38765752e-01 4.16021556e-01 9.92981255e-01 8.78138661e-01
    8.67430449e-01 1.73420101e-01 2.65535176e-01 4.86896276e-01
    8.07121992e-01 7.40353227e-01 4.54750538e-01 8.56113493e-01
    1.72030538e-01 9.02553797e-01 3.78457904e-02 7.15601742e-02
    8.67719293e-01 9.81437325e-01 7.27831721e-01 9.17668462e-01
    3.14718544e-01 3.16830456e-01 3.85440320e-01 5.85862041e-01
    6.89548969e-01 9.13931370e-01 3.04820061e-01 3.48503143e-01
    5.49344182e-01 8.30620527e-01 4.05748397e-01 5.87474823e-01
    7.05908775e-01 5.47103822e-01 7.22552717e-01 8.66113901e-01
    3.13722491e-01 6.89658046e-01 1.59461677e-01 4.29331124e-01
    3.72242630e-02 8.94247949e-01 7.35134780e-01 9.90317345e-01
    4.90971625e-01 1.25438362e-01 2.06878424e-01 4.37968075e-02
    2.85455346e-01 7.83235312e-01 4.18842375e-01 6.46760583e-01
    4.57117617e-01 6.27495587e-01 8.32826316e-01 6.54406786e-01
    5.71072757e-01 8.26076627e-01 4.78210002e-01 3.56148243e-01
    1.24515772e-01 4.92386311e-01 6.39962554e-01 8.64523292e-01
    9.22054887e-01 7.10087240e-01 8.71905327e-01 1.38996184e-01
    4.20892388e-01 7.79836655e-01 9.33978438e-01 6.05329037e-01
    3.49892139e-01 9.94598150e-01 8.03237200e-01 4.52536941e-01
    8.99789631e-02 9.54096913e-01 5.06186426e-01 9.23688471e-01
    8.62246633e-01 3.72877717e-02 1.38480604e-01 5.86329699e-01
    3.41664821e-01 3.26557934e-01 9.96958196e-01 9.14563537e-01
    1.25818163e-01 5.06565452e-01 4.62114483e-01 2.04943657e-01
    7.50350058e-01 9.29463506e-01 7.22545505e-01 4.88005489e-01
    8.11980426e-01 5.43038785e-01 7.73043513e-01 2.47229725e-01
    8.31611753e-02 5.57811201e-01 9.36686516e-01 6.80383563e-01
    2.20181674e-01 2.71139205e-01 6.55324101e-01 7.26054311e-01
    2.29980230e-01 8.66908789e-01 9.87411380e-01 5.88749528e-01
    9.44107950e-01 6.43999815e-01 6.37909293e-01 9.68577385e-01
    8.91186118e-01 3.61550570e-01 1.15588307e-01 3.58277261e-01
    7.03452229e-01 4.09301251e-01 6.35072351e-01 3.42008114e-01
    7.58790731e-01 8.26262653e-01 9.78429556e-01 1.32669359e-01
    8.21489692e-01 1.83609873e-01 2.00208038e-01 2.32095718e-01
    6.24323010e-01 4.63544577e-01 9.53674316e-01 5.92159450e-01
    2.68372089e-01 5.62474728e-01 5.22204459e-01 3.18477660e-01
    1.22271419e-01 8.35632622e-01 1.45097136e-01 5.78088105e-01
    7.28850484e-01 7.97920167e-01 3.83854151e-01 2.16321707e-01
    3.61865073e-01 5.24137735e-01 8.85521293e-01 2.80036986e-01
    1.62872761e-01 9.29206610e-02 4.50558007e-01 6.50388300e-02
    9.90950108e-01 8.72402072e-01 2.53969699e-01 4.29915607e-01
    2.00338662e-02 2.22449064e-01 1.92592382e-01 6.35157228e-01
    5.39636850e-01 8.23347688e-01 1.01287425e-01 4.20814455e-02
    7.83032000e-01 5.13454080e-01 7.81761050e-01 6.55923486e-01
    9.58395243e-01 7.75617778e-01 2.44237304e-01 2.33752102e-01
    2.42963791e-01 2.59457409e-01 4.99934763e-01 8.99044931e-01
    4.61792737e-01 6.19586229e-01 8.86357367e-01 5.56402564e-01
    9.48266625e-01 4.75380987e-01 9.74166393e-01 6.78698421e-02
    5.93428910e-01 8.69010925e-01 6.31541669e-01 9.38576460e-01
    6.86345875e-01 8.80245030e-01 8.33394110e-01 9.78754044e-01
    2.58445084e-01 8.27461004e-01 9.57145333e-01 9.38365340e-01
    1.67663783e-01 5.21988988e-01 5.09223640e-01 2.82292843e-01
    6.60194635e-01 9.25422907e-01 4.00944322e-01 1.80053622e-01
    3.26971054e-01 7.47999191e-01 3.80120635e-01 7.18324721e-01
    3.94342035e-01 9.07605767e-01 9.99413013e-01 4.78216439e-01
    8.18715692e-02 1.77463800e-01 1.56486124e-01 1.52947694e-01
    5.77260792e-01 2.25134403e-01 7.73986280e-01 5.44957578e-01
    6.66221321e-01 5.84170401e-01 7.96265900e-02 9.09387052e-01
    8.82113636e-01 7.16938972e-02 4.46173549e-03 3.14147502e-01
    6.75858974e-01 2.55288482e-01 5.91384709e-01 5.24613023e-01
    9.05770421e-01 9.34186459e-01 5.95568180e-01 8.92609954e-01
    3.32359165e-01 1.87774956e-01 5.95173657e-01 9.66031611e-01
    5.17169535e-01 2.17762589e-02 1.17741793e-01 5.41140735e-02
    2.58169293e-01 4.75958467e-01 1.65784031e-01 2.13207901e-02
    2.18455791e-01 1.95949703e-01 1.70046866e-01 8.75587940e-01
    6.42542720e-01 4.50883806e-02 9.07856464e-01 7.25165486e-01
    8.89453173e-01 3.20624948e-01 7.51468480e-01 4.64620233e-01
    3.89810860e-01 9.10414040e-01 5.69221258e-01 8.73349190e-01
    8.58622551e-01 9.66584563e-01 5.28027296e-01 6.40516818e-01
    1.49396658e-02 3.46753776e-01 4.87780035e-01 1.53661489e-01
    2.43208468e-01 8.33673179e-02 8.95687222e-01 8.93390775e-02
    7.95418382e-01 8.56096089e-01 8.12685490e-02 9.78031635e-01
    7.33260214e-01 4.72086668e-01 4.90448415e-01 2.66971529e-01
    9.49418545e-02 7.44390786e-01 6.42337203e-01 4.47150350e-01
    7.44014144e-01 7.91389942e-01 7.36822188e-02 5.86183548e-01
    3.03533435e-01 6.25560641e-01 4.42282021e-01 7.01244533e-01
    6.34788394e-01 2.51038253e-01 3.14361870e-01 6.38208807e-01
    9.28449273e-01 4.00650084e-01 2.12848008e-01 9.95014071e-01
    6.75787032e-01 3.29555333e-01 5.16107142e-01 6.67137206e-02
    9.35092330e-01 5.21474004e-01 8.87274742e-01 4.41479743e-01
    4.33783144e-01 4.22838211e-01 6.16345167e-01 5.26630580e-02
    5.61852634e-01 6.33365452e-01 3.41999084e-01 3.23357284e-02
    2.71606296e-01 8.58431101e-01 8.32314789e-01 2.07745790e-01
    2.40796000e-01 6.92876637e-01 3.58565360e-01 9.38727856e-01
    3.12642127e-01 6.15897775e-01 2.37892091e-01 1.71064764e-01
    1.15521282e-01 1.35451764e-01 9.76918638e-02 6.43061996e-01
    6.67476654e-01 6.09963119e-01 2.77736187e-02 5.15570402e-01
    6.96338534e-01 8.00009191e-01 4.71746445e-01 4.40012217e-01
    7.51637578e-01 7.03906119e-01 2.13054121e-01 7.20374882e-01
    4.91360903e-01 3.64713073e-01 4.83940691e-01 3.71416867e-01
    5.83685100e-01 7.91443825e-01 3.91039878e-01 8.10792208e-01
    6.84267938e-01 8.13233435e-01 9.15907145e-01 6.43172383e-01
    5.13175309e-01 4.48299587e-01 8.40862393e-01 5.69924116e-01
    4.09579456e-01 7.77140439e-01 8.18530798e-01 9.54561472e-01
    3.77556950e-01 9.97063994e-01 1.27718896e-01 1.28890663e-01
    2.86347985e-01 4.52635258e-01 7.10974216e-01 2.98079818e-01
    6.96884453e-01 2.20625341e-01 5.75632751e-01 5.99721789e-01
    9.91836727e-01 7.86642313e-01 8.44979763e-01 8.01123857e-01
    1.09312743e-01 5.10561466e-02 2.79564559e-01 6.83298290e-01
    6.82458937e-01 5.43763161e-01 8.49828064e-01 6.10502362e-02
    3.61650765e-01 7.76801705e-01 6.92260742e-01 6.17818475e-01
    6.30474389e-02 6.09324634e-01 3.09230179e-01 2.20764756e-01
    4.99147534e-01 1.66027099e-01 8.69711518e-01 3.22924852e-01
    4.27211851e-01 3.25948954e-01 7.83832192e-01 1.60612464e-01
    6.95956647e-01 5.35306811e-01 2.21187890e-01 2.25106090e-01
    5.79318404e-02 8.01489711e-01 7.79316306e-01 1.38326049e-01
    5.28950691e-02 5.33896089e-02 8.34142506e-01 5.00573099e-01
    5.46441257e-01 5.70590436e-01 1.32277191e-01 9.44397092e-01
    9.09082532e-01 9.72614884e-02 5.01041234e-01 8.54390025e-01
    7.17319369e-01 3.77482414e-01 5.01725197e-01 4.52341735e-01
    1.64546371e-01 7.79122114e-04 3.80294383e-01 8.51721644e-01
    8.54725718e-01 2.38778025e-01 1.02366209e-01 8.75493288e-01
    3.44599903e-01 9.31117594e-01 9.48277116e-01 8.41181755e-01
    5.06183088e-01 7.70624757e-01 9.72661495e-01 8.54937673e-01
    5.32981753e-02 7.25313365e-01 3.96519899e-03 8.50176036e-01
    5.70198834e-01 4.19256181e-01 8.90559316e-01 1.65118515e-01
    6.08419955e-01 1.34895682e-01 7.26161242e-01 7.48927891e-01
    7.29147196e-01 4.20644671e-01 6.69938207e-01 1.30245209e-01
    9.10219848e-01 7.47781396e-02 2.90793180e-01 7.40908980e-01
    6.22762144e-01 7.76957989e-01 3.76330078e-01 8.55009317e-01
    8.18306923e-01 7.86896110e-01 2.80143142e-01 2.62990683e-01
    5.79315603e-01 1.40978217e-01 2.28959769e-01 8.58753622e-02
    8.16283584e-01 9.35056329e-01 1.77466452e-01 7.30377793e-01
    9.48235095e-01 5.65537453e-01 7.19380856e-01 8.57592225e-01
    8.04007292e-01 9.24272180e-01 8.38354230e-03 8.34481001e-01
    8.76074433e-01 8.09955835e-01 4.60904628e-01 4.92412150e-01
    7.27544367e-01 6.96820319e-02 4.78027165e-02 3.37725699e-01
    2.87730992e-02 4.89332974e-01 8.25303078e-01 1.61387950e-01
    2.02228129e-02 9.31029320e-01 1.75034046e-01 2.45691359e-01
    4.88644958e-01 8.09728980e-01 4.92065966e-01 3.41558874e-01
    8.15829158e-01 1.06285155e-01 4.58923608e-01 3.50829601e-01
    3.07844281e-02 9.89517570e-01 3.83281589e-01 7.88348675e-01
    5.04788816e-01 8.94769251e-01 4.99979734e-01 2.71831274e-01
    1.70071304e-01 1.32093579e-01 8.08908522e-01 4.37322319e-01
    6.69805646e-01 5.35542130e-01 4.65686619e-01 6.25295401e-01
    5.76396346e-01 4.87324923e-01 1.54027730e-01 4.64937091e-02
    7.11411238e-03 6.48803473e-01 4.58409786e-02 2.61556506e-02
    3.99282038e-01 5.82575738e-01 3.05322200e-01 6.60677254e-02
    3.68428379e-01 9.69313383e-01 3.29868883e-01 4.47132587e-01
    3.49229097e-01 3.32134694e-01 7.55919695e-01 7.27103949e-01
    1.70484781e-02 9.35348392e-01 5.84414303e-02 5.11348963e-01
    3.18332136e-01 1.60260648e-01 8.47756624e-01 4.32177663e-01
    5.44094205e-01 4.73704338e-02 2.85016567e-01 7.43606985e-02
    9.10487771e-03 2.22779781e-01 1.09665304e-01 7.36007690e-02
    7.25666881e-01 2.30921745e-01 7.91648388e-01 3.15731287e-01
    3.66236866e-02 2.80510485e-01 7.06541836e-01 6.66101038e-01
    5.57896554e-01 7.10894883e-01 5.19266129e-02 6.75517023e-02
    1.68175817e-01 3.04048717e-01 4.62315917e-01 5.45944810e-01
    8.11776459e-01 7.18988419e-01 4.72936541e-01 4.67494190e-01
    7.00638890e-02 5.32420874e-01 8.01780760e-01 4.45900232e-01
    3.31244588e-01 1.80335552e-01 4.90936637e-03 7.82716751e-01
    8.96745086e-01 4.77771938e-01 4.68277603e-01 7.12887943e-01
    7.90556967e-02 6.23251259e-01 4.07297015e-02 9.51017022e-01
    6.96470320e-01 1.06279850e-02 7.88909137e-01 6.77748442e-01
    3.42865467e-01 5.90266645e-01 1.54042482e-01 3.38366628e-01
    5.67431211e-01 1.56768352e-01 5.76559246e-01 5.53658485e-01
    7.69804418e-01 1.72987759e-01 8.04849923e-01 9.53298390e-01
    1.85755670e-01 1.10814035e-01 5.17880082e-01 7.70127535e-01
    5.55560529e-01 1.61794126e-01 6.98629379e-01 1.82767898e-01
    6.54910803e-01 1.69479340e-01 8.70428443e-01 2.45592624e-01
    7.01858640e-01 3.08045626e-01 6.25385523e-01 5.90258479e-01
    8.35032761e-02 7.17663109e-01 5.71787119e-01 9.20800686e-01
    9.88071561e-01 9.57525909e-01 7.80611575e-01 5.38914800e-01
    9.02464151e-01 2.53656209e-02 2.59091854e-01 8.17849159e-01
    8.43143463e-01 1.05965734e-02 7.92621076e-02 4.54872847e-03
    2.15742141e-01 5.56568086e-01 4.68316674e-01 2.45767206e-01
    9.12266850e-01 4.75482643e-02 3.73459995e-01 1.67858213e-01
    3.58762234e-01 3.89942914e-01 3.78567755e-01 2.44379312e-01
    5.85193157e-01 5.66435874e-01 2.15495586e-01 6.41234815e-01
    1.49982959e-01 5.51818013e-02 9.13745046e-01 6.80546045e-01
    5.63416839e-01 6.89126492e-01 8.06932330e-01 4.20182675e-01
    9.53619123e-01 8.62152576e-02 9.72846031e-01 6.81373954e-01
    1.58539474e-01 2.64614075e-01 3.21769059e-01 1.50607824e-02
    8.97069037e-01 3.83877456e-02 4.44679141e-01 6.36817932e-01
    6.17561698e-01 7.54387617e-01 8.73339891e-01 5.69231331e-01
    7.49776661e-02 7.26906598e-01 5.64295828e-01 2.21077740e-01
    7.22481906e-02 6.95285022e-01 6.81125581e-01 7.25145698e-01
    8.54408920e-01 2.46386081e-01 7.81824589e-02 4.53290641e-01
    9.59337413e-01 8.05267692e-01 1.20480925e-01 6.50177538e-01
    7.67764926e-01 1.18870735e-01 6.58501387e-01 9.26869869e-01
    2.59464443e-01 4.39078361e-01 6.47215128e-01 2.24348903e-01
    2.94583082e-01 8.69992733e-01 8.26175809e-01 7.78066754e-01
    8.54942918e-01 7.44532943e-02 8.19739580e-01 1.89731270e-01
    2.27868050e-01 6.38533890e-01 3.13010871e-01 8.28086257e-01
    7.17260957e-01 9.16430593e-01 4.06588465e-01 1.72816992e-01
    4.29802090e-01 5.91663659e-01 9.99891043e-01 1.16420180e-01
    4.92964834e-01 9.98967290e-02 8.13276887e-01 5.17470658e-01
    5.00055611e-01 2.91448295e-01 9.42884505e-01 2.90047020e-01
    6.96359754e-01 3.04724157e-01 2.55269289e-01 7.18008518e-01
    7.88823843e-01 6.73600435e-01 1.79774463e-02 8.20792019e-02
    1.12315625e-01 3.57535064e-01 2.80309767e-01 5.41790128e-01
    6.35946929e-01 6.11107469e-01 2.79751539e-01 8.49675536e-02
    4.76505578e-01 6.12397790e-01 3.11766863e-02 1.56073928e-01
    5.77815890e-01 5.04990935e-01 9.24040318e-01 7.45079875e-01
    9.77727056e-01 3.90808880e-01 3.23230326e-02 8.81908119e-01
    8.12377214e-01 4.95759249e-02 4.84698802e-01 2.94157684e-01
    9.34864342e-01 8.93293619e-01 5.04638672e-01 3.07905704e-01
    7.56185055e-01 1.37776881e-01 1.48071170e-01 4.59322661e-01
    5.00942826e-01 5.89381099e-01 8.52997899e-01 3.50389302e-01
    2.33908832e-01 2.41462976e-01 8.41109991e-01 1.04748577e-01
    1.37230694e-01 4.95402664e-01 3.74504834e-01 5.10215640e-01
    9.39881921e-01 2.78884351e-01 2.40727574e-01 2.48315632e-02
    7.68976808e-02 5.69645166e-01 9.38073635e-01 7.13037133e-01
    7.75715649e-01 5.44048846e-01 5.62788725e-01 3.81802976e-01
    5.20667970e-01 1.38193548e-01 4.36805129e-01 4.68444824e-03
    6.32178664e-01 9.83488083e-01 1.09361589e-01 8.96569610e-01
    5.68952560e-01 3.51905048e-01 5.23807526e-01 8.46197248e-01
    3.34595591e-01 6.79449260e-01 7.92540431e-01 6.19914889e-01
    5.33158839e-01 9.91296768e-01 4.89013314e-01 9.61754918e-02
    3.33695412e-02 5.87279737e-01 9.66706455e-01 6.21064305e-01
    8.62485468e-02 4.20256615e-01 7.11548150e-01 8.20965707e-01
    4.42041695e-01 3.65811855e-01 6.19455278e-02 8.92607868e-01
    7.53710270e-01 2.67708719e-01 9.05108154e-02 3.35007846e-01
    8.24365318e-02 3.55272233e-01 7.80720234e-01 5.82350373e-01
    9.06794906e-01 2.77907878e-01 8.21619987e-01 1.95897698e-01
    6.59047067e-01 1.85751677e-01 5.68383574e-01 7.57735372e-01
    1.96517795e-01 9.79321599e-01 9.67274666e-01 9.02565479e-01
    3.98143142e-01 5.31866133e-01 6.92123234e-01 7.33019829e-01
    2.72232771e-01 7.78581738e-01 3.79748851e-01 1.60590678e-01
    4.42437053e-01 1.80691600e-01 1.51385039e-01 5.66630125e-01
    8.28921795e-01 8.62671971e-01 5.24657905e-01 4.04737979e-01
    8.90723348e-01 7.99497843e-01 4.33379412e-03 4.14052695e-01
    8.21960449e-01 2.53810078e-01 3.55467707e-01 9.06825066e-01
    3.77627164e-01 5.98472714e-01 6.26095057e-01 1.75036281e-01
    7.80267835e-01 8.99507761e-01 3.86198759e-01 7.10773468e-01
    9.01530981e-02 3.73317301e-02 9.05578971e-01 4.24802303e-04
    9.00338888e-02 5.91468334e-01 3.57114881e-01 8.89014244e-01
    5.36176503e-01 8.78014088e-01 7.79333651e-01 1.73394144e-01
    2.89581299e-01 8.93088818e-01 9.27203894e-01 2.77825624e-01
    6.92983627e-01 1.16597354e-01 9.59518850e-01 2.48185217e-01
    1.02070272e-02 3.09679449e-01 9.62890387e-01 8.14651489e-01
    8.03760290e-01 5.05822003e-02 1.83995068e-01 1.46833330e-01
    6.58463240e-02 3.36681724e-01 3.96701932e-01 8.67425621e-01
    6.47889018e-01 3.36688519e-01 5.83096862e-01 9.04765010e-01
    4.81846213e-01 7.57782578e-01 7.04933643e-01 4.42769349e-01
    5.92097044e-01 8.63649845e-01 9.90611434e-01 9.04153883e-01
    7.56003737e-01 9.84851003e-01 5.34380972e-02 9.21585977e-01
    3.16787422e-01 9.60882187e-01 5.79596758e-01 5.60384929e-01
    7.89883733e-01 7.37757742e-01 2.37520367e-01 7.97367215e-01
    8.76799643e-01 4.44154888e-01 7.60823846e-01 4.31223154e-01
    9.81422901e-01 1.42557591e-01 1.68755382e-01 9.64339554e-01
    7.92392671e-01 5.96938670e-01 5.10134518e-01 7.09643304e-01
    9.17878747e-03 4.75973815e-01 2.58653343e-01 5.01273096e-01
    3.15343976e-01 2.44602054e-01 4.28630590e-01 1.79511905e-02
    4.11814421e-01 6.23397827e-01 3.77440840e-01 7.64746070e-01
    8.65650177e-03 8.59941304e-01 1.12737089e-01 5.33548594e-01
    4.39608812e-01 9.88870978e-01 6.39921546e-01 1.74117386e-01
    6.52280331e-01 1.32604867e-01 4.13611412e-01 5.00820100e-01
    9.98306096e-01 5.71663857e-01 5.05261540e-01 5.58760583e-01
    4.39500093e-01 3.82528961e-01 5.34432173e-01 4.07225102e-01
    7.73538649e-02 3.16842318e-01 4.29987609e-01 4.01784688e-01
    2.57412553e-01 9.45901632e-01 9.84135866e-01 9.64404225e-01
    6.61099911e-01 6.02109194e-01 4.75260615e-03 4.75181580e-01
    5.16449153e-01 6.01832330e-01 7.42753625e-01 3.49300921e-01
    2.23714441e-01 8.59152913e-01 8.23764622e-01 3.45964700e-01
    5.16068339e-02 3.74262571e-01 8.39552522e-01 8.58847558e-01
    6.38551652e-01 4.37949479e-01 5.30848682e-01 9.30251479e-01
    7.53824234e-01 9.93445814e-01 6.14191055e-01 7.65498459e-01
    2.69346237e-02 5.61256588e-01 8.62250268e-01 6.40991628e-01
    5.48222303e-01 8.78614426e-01 5.78721166e-01 3.42680991e-01
    9.15941179e-01 9.30027485e-01 2.97352791e-01 8.68860602e-01
    2.15146273e-01 1.49760664e-01 6.53517008e-01 5.09007752e-01
    7.34728694e-01 1.70636952e-01 4.43618268e-01 4.95526880e-01
    5.90183079e-01 1.00688428e-01 2.96555042e-01 1.48716211e-01
    1.64621413e-01 5.91746807e-01 4.82107967e-01 1.12944603e-01
    3.55928600e-01 7.39019811e-01 2.40198821e-01 6.64550066e-01
    3.90166402e-01 5.23490191e-01 6.00838125e-01 3.03066015e-01
    1.62553459e-01 1.49690449e-01 8.95587385e-01 8.41965914e-01
    7.02425778e-01 4.82215077e-01 4.40944761e-01 5.11869907e-01
    4.53828514e-01 6.16360068e-01 8.62157464e-01 2.33391911e-01
    9.28086758e-01 9.49549794e-01 2.12284178e-01 3.98962587e-01
    5.71501970e-01 2.80904889e-01 6.28619254e-01 7.24087119e-01
    2.20833719e-01 8.05682063e-01 3.60389650e-01 7.02624917e-01
    9.28967953e-01 2.05701113e-01 6.16897583e-01 4.89506960e-01
    2.45362103e-01 5.39236963e-01 9.91093516e-01 7.40017176e-01
    1.08090043e-03 6.81409717e-01 3.51215750e-01 3.85589093e-01
    8.84131789e-01 2.49254465e-01 2.69016832e-01 8.15135181e-01
    4.76150244e-01 8.30439568e-01 9.99770045e-01 2.56977737e-01
    9.17110741e-01 9.87504303e-01 7.48612583e-02 1.65670067e-01
    1.20826244e-01 3.77906203e-01 5.74966073e-01 5.66577494e-01
    6.05826199e-01 1.73120201e-01 6.43682480e-03 1.44180834e-01
    1.00595474e-01 9.97327209e-01 3.74191374e-01 5.38259864e-01
    9.45446610e-01 1.31015092e-01 4.26828325e-01 5.01069009e-01
    4.97325271e-01 9.58974063e-01 5.68558455e-01 1.60874218e-01
    6.33099198e-01 7.18747139e-01 2.07414448e-01 2.10803777e-01
    7.01441348e-01 6.98422492e-01 9.32117820e-01 6.22867346e-01
    7.39866495e-02 3.69960427e-01 3.20187449e-01 7.96972930e-01
    2.31808901e-01 6.35734975e-01 2.20929980e-01 8.44956040e-01
    6.59081340e-03 3.92253280e-01 2.43846267e-01 3.89050871e-01
    2.16864020e-01 6.83878064e-01 2.91817367e-01 6.22865856e-01
    4.17705238e-01 1.66892201e-01 7.71476746e-01 2.14530855e-01
    7.98083544e-02 5.89999259e-01 9.62712169e-01 7.50972748e-01
    6.33625031e-01 9.39875126e-01 5.06036818e-01 9.96805310e-01
    3.75545382e-01 9.22189116e-01 1.99905038e-02 5.07304490e-01
    8.07811201e-01 5.99651933e-02 3.75011981e-01 4.40474898e-01
    8.43908489e-02 1.12208426e-01 6.49904430e-01 8.67723167e-01
    5.74021459e-01 8.42312574e-02 7.04040825e-01 8.21307182e-01
    3.86904150e-01 1.86454743e-01 4.44335639e-01 4.42928076e-02
    9.90062594e-01 4.97527152e-01 2.21926063e-01 9.23383415e-01
    7.69672394e-01 1.14127845e-01 3.86726171e-01 9.71232891e-01
    7.93316007e-01 9.74934101e-01 7.59026408e-02 3.05445850e-01
    6.88153625e-01 2.39364058e-01 2.40783870e-01 6.37419045e-01
    6.97621465e-01 4.59643662e-01 8.13224435e-01 4.57810074e-01
    7.04341948e-01 2.35943824e-01 1.59366459e-01 6.21452153e-01
    3.81362617e-01 5.45945704e-01 2.92596042e-01 8.36327076e-01
    1.24774009e-01 6.14355803e-01 3.36213052e-01 7.68489718e-01
    2.52488554e-02 3.44258845e-01 1.88537747e-01 4.54402089e-01
    3.06901038e-01 6.87155128e-01 7.00167477e-01 4.09580857e-01
    7.22824275e-01 3.02834749e-01 2.71508694e-02 3.02957475e-01
    8.09111893e-01 7.03701675e-01 6.80926085e-01 1.48228347e-01
    4.95024770e-01 9.34413135e-01 7.18484044e-01 2.21859217e-02
    1.30839527e-01 9.08938646e-01 6.82136476e-01 5.52146435e-01
    7.80816793e-01 3.14595640e-01 3.79752636e-01 3.71669531e-01
    2.92083263e-01 2.78206587e-01 7.33082294e-01 2.70766616e-02
    6.02739215e-01 6.16177320e-02 2.96382189e-01 3.89537543e-01
    8.10275912e-01 1.43245041e-01 7.85619020e-01 5.65321505e-01
    6.70593679e-01 2.73869932e-01 1.54266357e-02 8.92832875e-01
    8.42642188e-01 5.72794557e-01 3.02059829e-01 7.69499421e-01
    2.32412517e-02 3.32403004e-01 6.40550375e-01 4.66426402e-01
    6.33898854e-01 8.88615072e-01 5.93452513e-01 3.80018443e-01
    6.86350107e-01 4.04414654e-01 8.55817974e-01 4.98464584e-01
    2.37618685e-01 2.92540133e-01 5.28144598e-01 7.88933098e-01
    5.35092890e-01 9.57949638e-01 3.25463831e-01 9.80444789e-01
    9.00400460e-01 2.33772844e-01 1.67583734e-01 2.13079929e-01
    7.94656575e-02 5.60548067e-01 9.66068447e-01 4.42895979e-01
    8.20841134e-01 8.99125338e-01 6.71617150e-01 1.51344836e-02
    7.94875383e-01 6.82276905e-01 5.90197206e-01 8.12746167e-01
    8.96349072e-01 6.93377554e-01 4.73393649e-01 5.97689509e-01
    6.45283580e-01 1.29565507e-01 9.59686756e-01 4.28836107e-01
    1.21529371e-01 8.08581948e-01 4.98643965e-01 8.74434114e-01
    4.55517828e-01 4.04195607e-01 5.62594116e-01 4.84195292e-01
    6.01594806e-01 5.01847267e-03 7.95503199e-01 6.33674622e-01
    4.72242296e-01 4.98104542e-01 5.72589815e-01 6.56208694e-01
    8.17198634e-01 8.42881203e-02 5.79618633e-01 6.52160347e-02
    4.56978530e-01 3.57787609e-02 2.49684513e-01 1.59115344e-01
    3.24975967e-01 1.67343915e-02 6.99512541e-01 6.50131464e-01
    6.58745706e-01 4.93258744e-01 1.10309720e-01 9.51583505e-01
    6.11872315e-01 3.31166983e-02 9.27454472e-01 1.93476856e-01
    4.38725442e-01 5.99792898e-02 9.70021844e-01 6.36757910e-01
    9.98102844e-01 7.35279620e-01 3.80089998e-01 8.29378366e-01
    3.16580236e-02 5.36326706e-01 6.76021576e-01 6.63874149e-01
    9.42738950e-02 4.66687649e-01 1.43416703e-01 3.42758596e-01
    6.02939785e-01 8.01381230e-01 6.11256361e-02 6.25801623e-01
    9.23964083e-02 2.11787224e-01 9.19766307e-01 5.47637522e-01
    2.89632499e-01 8.87431562e-01 5.43525994e-01 4.36092526e-01
    3.09318960e-01 3.74515325e-01 8.47007692e-01 5.95851541e-02
    8.97072434e-01 6.51960075e-01 7.87297845e-01 3.99596959e-01
    2.53639817e-02 2.35497355e-02 3.33234668e-01 5.31504452e-01
    2.84044683e-01 4.62652564e-01 7.27518141e-01 3.79014015e-03
    9.11077023e-01 5.45187831e-01 2.59353817e-02 4.05780762e-01
    1.65805995e-01 4.99861896e-01 3.53420734e-01 7.10641861e-01
    4.51101065e-02 5.89964926e-01 3.70505422e-01 3.44310164e-01
    1.66792423e-01 2.58907080e-02 7.90029287e-01 6.29850149e-01
    2.64352083e-01 3.38326514e-01 9.75692511e-01 1.26659065e-01
    3.23131859e-01 2.42360950e-01 5.24412453e-01 9.82928634e-01
    8.64183068e-01 1.98033303e-01 9.00398493e-01 2.42189884e-01
    8.49617779e-01 5.81682324e-01 5.14317334e-01 8.92831802e-01
    8.97147179e-01 4.06168342e-01 6.68251157e-01 2.12747693e-01
    6.26869678e-01 6.15234613e-01 2.95406282e-01 4.66987073e-01
    8.81181300e-01 9.16706324e-02 2.54632622e-01 5.35928369e-01
    1.48922801e-01 4.43476796e-01 3.89738977e-01 4.91636902e-01
    5.18319964e-01 7.06330657e-01 5.76086342e-02 2.06253350e-01
    3.45408797e-01 6.81889534e-01 9.14656222e-02 3.33246469e-01
    6.87051713e-01 2.47555226e-01 1.40210807e-01 4.48216379e-01
    9.44458544e-01 3.15145373e-01 1.53415501e-02 5.36666930e-01
    2.23001242e-02 2.76130825e-01 5.18136024e-02 9.67571139e-02
    1.02730632e-01 2.00859964e-01 9.70257461e-01 7.09888816e-01
    7.35235512e-01 6.89228714e-01 3.42851818e-01 2.09931433e-02
    8.49417090e-01 7.49392807e-02 5.12062192e-01 4.20956999e-01
    5.75003445e-01 8.25019956e-01 5.69700897e-02 9.72276032e-01
    5.05898535e-01 2.54264116e-01 3.01605761e-01 1.45417124e-01
    8.52315426e-02 1.89171433e-02 9.75540042e-01 7.13960528e-01
    1.27467513e-01 6.12034023e-01 5.30652881e-01 2.91455626e-01
    7.59741068e-01 5.34262896e-01 3.05036426e-01 8.48928332e-01
    9.02817011e-01 5.73353350e-01 2.63961732e-01 5.36252618e-01
    5.21993816e-01 5.27640820e-01 6.78223372e-01 8.19507957e-01
    9.73991752e-01 9.82929528e-01 9.22706187e-01 4.01701748e-01
    5.85240424e-01 6.16826057e-01 8.54060173e-01 2.85561979e-01
    5.66532373e-01 7.07197726e-01 7.72209287e-01 5.62581897e-01
    3.24976593e-01 6.77327216e-02 4.71814871e-02 1.57600284e-01
    2.29691088e-01 8.17913413e-01 4.64916170e-01 9.64314640e-01
    6.08988345e-01 1.22851431e-02 7.35910237e-02 8.79258811e-02
    7.73001492e-01 6.34067118e-01 2.63570547e-01 2.94528842e-01
    2.55732358e-01 7.12494135e-01 3.06989819e-01 6.84462965e-01
    3.65670085e-01 1.86916828e-01 2.84072697e-01 8.99181724e-01
    7.48795092e-01 4.18099374e-01 4.87333983e-01 2.72417933e-01
    6.32979274e-01 9.19601917e-01 3.65073740e-01 4.92645651e-01
    2.07467675e-02 3.39186013e-01 8.12773407e-02 9.99175310e-01
    6.56940341e-01 6.71338320e-01 8.47645342e-01 1.04216397e-01
    4.03963357e-01 7.00389922e-01 1.63076669e-01 4.36670005e-01
    7.44205713e-02 9.96485472e-01 6.75483942e-01 5.93507767e-01
    5.85353136e-01 6.57082081e-01 7.98773110e-01 2.67444074e-01
    3.46203595e-01 9.52022076e-02 9.36424434e-01 3.28379393e-01
    6.47339642e-01 3.34161550e-01 5.49049020e-01 1.47063434e-02
    6.14071727e-01 9.58506107e-01 1.28856450e-01 3.90017301e-01
    5.60298204e-01 5.83749652e-01 5.58749735e-01 1.50015265e-01
    1.48139119e-01 1.65478796e-01 4.76802498e-01 9.53580916e-01
    8.17342162e-01 2.10401624e-01 3.09183568e-01 9.64576364e-01
    5.07677913e-01 8.47106338e-01 2.47479379e-01 5.81492603e-01
    1.37584597e-01 2.33512819e-02 4.03379917e-01 9.73048568e-01
    9.29989100e-01 7.39711702e-01 1.45400673e-01 4.12694275e-01
    9.17774081e-01 4.05737787e-01 6.89821362e-01 5.04601061e-01
    8.09960246e-01 2.74037510e-01 8.06234777e-02 4.32994366e-02
    5.39526701e-01 7.07054019e-01 5.58468521e-01 8.24421644e-01
    8.56166303e-01 5.44445634e-01 1.28091753e-01 2.20119029e-01
    5.61982870e-01 5.40724158e-01 6.18740678e-01 8.60136271e-01
    1.45346522e-02 1.44543052e-01 5.90512276e-01 8.01286101e-03
    4.13281322e-01 6.29558802e-01 4.51853216e-01 1.59800649e-01
    1.77424133e-01 9.36810672e-01 7.68496633e-01 7.50454783e-01
    3.32840145e-01 6.92518950e-02 3.11008930e-01 6.36937916e-01
    9.46351290e-01 7.06656396e-01 8.15514803e-01 3.50808263e-01
    4.01556253e-01 2.34598130e-01 8.39842796e-01 1.97539896e-01
    2.11886764e-02 6.87992573e-03 5.62300086e-02 7.93184876e-01
    3.91004324e-01 8.72520208e-01 9.97936606e-01 6.32123351e-02
    3.72082651e-01 7.41472840e-01 6.82511985e-01 1.81243300e-01
    5.48867345e-01 5.29207706e-01 7.71912932e-01 5.98246753e-01
    9.14054871e-01 4.44643795e-02 2.98251510e-01 5.81494868e-01
    6.83984995e-01 9.09778178e-02 7.53203034e-01 9.72405434e-01
    9.13793683e-01 4.93846953e-01 5.76033235e-01 5.86341858e-01
    6.67363405e-02 9.39669847e-01 7.53908873e-01 2.96131730e-01
    2.33123511e-01 4.13371414e-01 1.62656575e-01 2.79468417e-01
    4.67277765e-01 3.13347071e-01 5.22761524e-01 1.93575889e-01
    7.73714066e-01 8.85506630e-01 1.89946026e-01 2.00357080e-01
    7.99752653e-01 4.79371458e-01 3.71635973e-01 7.13208556e-01
    3.98879528e-01 3.54850858e-01 1.60415351e-01 4.50342953e-01
    6.47969186e-01 7.46932745e-01 9.35016274e-01 2.04203129e-01
    8.45035911e-01 2.71560311e-01 1.63711548e-01 2.64660299e-01
    6.48599386e-01 3.40762883e-01 8.10958505e-01 9.39897239e-01
    8.43606114e-01 8.56999338e-01 2.71753013e-01 6.53888941e-01
    7.44863749e-01 8.07297468e-01 2.14745551e-01 5.02439916e-01
    6.90411448e-01 5.53761244e-01 9.63817835e-01 1.84969872e-01
    7.28759527e-01 4.18778688e-01 5.11885047e-01 1.12015575e-01
    2.69692093e-01 7.38816142e-01 7.29014397e-01 2.31499255e-01
    3.23268592e-01 1.67079568e-02 9.16005015e-01 6.14476502e-01
    4.79622781e-02 1.89041406e-01 8.81948531e-01 4.77791071e-01
    3.60418022e-01 3.95373374e-01 8.19143951e-02 7.59703159e-01
    8.21354628e-01 3.50733638e-01 4.07137245e-01 1.71092659e-01
    7.65089035e-01 9.52159345e-01 9.92336392e-01 4.09165621e-01
    8.54836941e-01 1.15039319e-01 8.44454288e-01 4.50180918e-01
    9.24647927e-01 9.90269959e-01 4.97022629e-01 2.18477100e-01
    4.78849292e-01 6.64656997e-01 7.00428843e-01 1.65155560e-01
    3.42819870e-01 4.96371925e-01 9.41459894e-01 5.14087141e-01
    3.56731981e-01 5.92682242e-01 7.63104439e-01 2.54103482e-01
    9.50807512e-01 1.47967339e-01 6.48004055e-01 4.59015369e-04
    8.53051841e-02 2.78141320e-01 1.14517808e-02 5.61768472e-01
    3.08300674e-01 3.53245735e-01 7.21763074e-02 2.72427022e-01
    9.28249836e-01 2.81840622e-01 7.29247808e-01 1.50655508e-02
    6.16080761e-01 4.61302280e-01 6.84796810e-01 4.58935797e-02
    8.45654607e-01 6.74874425e-01 8.93102288e-01 2.03660816e-01
    1.22020602e-01 8.31542253e-01 4.99652416e-01 9.42757010e-01
    7.16180861e-01 1.74029976e-01 6.91249669e-02 3.35138768e-01
    1.08371049e-01 1.42563820e-01 7.57297575e-02 4.12261724e-01
    7.70997524e-01 9.20521498e-01 3.69304985e-01 8.18669498e-02
    2.76141942e-01 4.98546660e-01 4.14887875e-01 4.08882380e-01
    7.85106421e-03 9.62057114e-01 4.89728838e-01 9.86060023e-01
    2.45978832e-01 6.56895041e-01 9.69816923e-01 2.23604470e-01
    4.77633536e-01 2.42854923e-01 2.15199977e-01 1.79209173e-01
    6.86682463e-01 1.86752826e-01 9.17291045e-01 5.63038588e-01
    9.80980396e-01 7.49620199e-01 3.05615008e-01 2.22720742e-01
    5.37485778e-01 6.97289824e-01 1.41611159e-01 7.21062660e-01
    4.44269776e-01 1.71203256e-01 6.86353743e-01 7.27781534e-01
    7.20173240e-01 8.55036557e-01 7.32501805e-01 5.86967885e-01
    7.21910000e-01 3.43814164e-01 9.37801898e-02 3.93795669e-01
    9.05600488e-01 2.46962160e-01 8.64424765e-01 8.84549618e-01
    1.82807922e-01 4.37049747e-01 9.48855102e-01 2.92577177e-01
    8.30448508e-01 5.93764842e-01 2.61499852e-01 4.54247713e-01
    5.67319453e-01 4.01501536e-01 2.13948190e-02 7.88702846e-01
    6.66167915e-01 2.68644810e-01 5.21149695e-01 2.05420613e-01
    3.53848517e-01 2.44364738e-01 7.78878093e-01 1.46463364e-01
    7.57354021e-01 6.57106638e-02 5.91790676e-01 7.45246589e-01
    2.96809793e-01 6.44372284e-01 2.24371850e-02 3.82797241e-01
    1.44374222e-01 1.52982086e-01 1.61703855e-01 2.19004691e-01
    4.36702251e-01 8.98573577e-01 9.17111397e-01 9.38313484e-01
    5.00542045e-01 6.76888704e-01 7.26991057e-01 5.47303140e-01
    3.40994924e-01 9.71305966e-01 7.98518419e-01 7.40500093e-01
    2.40880579e-01 1.66600466e-01 2.73540854e-01 8.34791780e-01
    6.33359432e-01 2.39184797e-01 3.03065926e-01 9.24969196e-01
    7.76163161e-01 1.61325306e-01 5.26436329e-01 3.02025914e-01
    4.99666631e-02 1.04928136e-01 6.43399417e-01 5.20292521e-01
    4.89263058e-01 4.67636317e-01 4.07753795e-01 5.59832752e-02
    4.92371202e-01 6.56235993e-01 4.89641130e-02 1.56839967e-01
    7.82471359e-01 1.36950344e-01 1.18016809e-01 9.48224902e-01
    5.13479233e-01 3.72685134e-01 6.64270997e-01 1.37333721e-01
    6.00541711e-01 9.55839396e-01 1.48418874e-01 4.12584066e-01
    4.01946425e-01 5.39235115e-01 5.27747691e-01 8.60623002e-01
    9.55292344e-01 1.54789805e-01 2.83199608e-01 5.23184955e-01
    6.96446896e-01 8.93323898e-01 3.91878188e-01 1.04699999e-01
    2.97231704e-01 2.40734309e-01 5.22672832e-02 4.20788229e-02
    1.14758611e-01 9.91671205e-01 8.12229514e-01 9.84585285e-01
    8.31447959e-01 8.93577933e-01 2.37780243e-01 3.54707241e-01
    8.23319912e-01 3.53007853e-01 5.32929003e-01 8.16308916e-01
    9.93691027e-01 7.77191877e-01 7.94826627e-01 3.24765742e-02
    4.21827137e-02 3.97810251e-01 9.14650559e-01 5.02306581e-01
    4.74808544e-01 7.56931365e-01 8.31948459e-01 9.93415654e-01
    2.20139831e-01 5.42022526e-01 5.07508814e-01 3.12499076e-01
    5.52142084e-01 1.37902290e-01 2.12548256e-01 7.92706609e-02
    2.18225539e-01 7.85778880e-01 7.38155127e-01 4.61319983e-02
    7.40553021e-01 5.65517366e-01 1.08736306e-01 7.49764204e-01
    5.16626537e-01 7.97037721e-01 8.23692977e-02 2.33699232e-01
    1.26614064e-01 5.62028885e-02 8.54689360e-01 3.99373293e-01
    5.29120088e-01 1.30426884e-02 9.92692292e-01 7.04810858e-01
    2.35598892e-01 4.51578677e-01 2.51402557e-01 7.99745679e-01
    4.41965878e-01 2.40303516e-01 1.14253730e-01 5.14252186e-01
    6.26301289e-01 7.48654842e-01 6.88407660e-01 6.88304245e-01
    7.63387918e-01 3.78004462e-01 7.68532217e-01 7.87808895e-01
    3.54484200e-01 4.54847395e-01 8.38664055e-01 6.47499084e-01
    3.84257376e-01 4.21547651e-01 5.48726499e-01 3.37578058e-02
    5.91097295e-01 3.56640607e-01 8.16402018e-01 4.30952162e-01
    2.38773793e-01 8.08645129e-01 3.75762135e-01 6.50058389e-02
    8.38119864e-01 9.11338449e-01 8.63105118e-01 2.54031390e-01
    6.92707956e-01 7.43533194e-01 7.42313683e-01 3.99647951e-01
    2.33085394e-01 8.99835348e-01 3.91656160e-01 4.52075899e-01
    3.15702379e-01 4.98462439e-01 4.68305439e-01 9.69459176e-01
    6.74124479e-01 6.18526340e-01 6.36328340e-01 2.59776711e-01
    5.89285195e-02 2.82683313e-01 8.60377789e-01 5.58682203e-01
    4.88831162e-01 2.68430233e-01 9.11407232e-01 4.46485043e-01
    8.42184424e-02 2.24835515e-01 5.29357851e-01 7.78255820e-01
    3.95360857e-01 6.42137825e-01 7.50282705e-01 9.21196461e-01
    6.22198403e-01 5.59593439e-01 2.46907473e-01 9.26712394e-01
    1.11305386e-01 7.91896224e-01 1.62474304e-01 7.82032311e-02
    9.66414213e-01 9.10278857e-01 1.94903225e-01 2.47520208e-01
    7.32493401e-02 2.53679574e-01 4.67405587e-01 9.13127780e-01
    9.09532785e-01 8.38485062e-02 4.57393020e-01 1.99128389e-02
    1.54767692e-01 6.17973208e-02 6.84427857e-01 4.97885853e-01
    3.46679509e-01 2.31005162e-01 6.90870285e-02 9.71524358e-01
    9.14193809e-01 9.04721498e-01 8.97206068e-01 5.37932754e-01
    9.57290828e-01 5.48523188e-01 3.12997103e-02 7.55104005e-01
    3.28149796e-01 8.82216334e-01 7.70692587e-01 1.76999301e-01
    4.20643210e-01 3.40734333e-01 3.80802989e-01 3.90238136e-01
    2.10629731e-01 1.76391006e-01 9.71401930e-02 9.44714308e-01
    4.20666873e-01 8.69564891e-01 8.86931419e-01 3.32829833e-01
    3.96219343e-01 9.91312563e-02 4.88621771e-01 7.42951632e-01
    7.20647216e-01 3.09630692e-01 4.14449871e-01 6.09745085e-01
    2.23804027e-01 4.73953784e-01 5.26148677e-01 2.36748159e-02
    2.34175414e-01 8.21042538e-01 7.14628279e-01 8.05904031e-01
    4.01978076e-01 3.70602012e-01 1.31315112e-01 1.88988805e-01
    5.83860874e-02 2.51109302e-01 5.97038507e-01 1.20576501e-01
    1.18756026e-01 6.98854506e-01 8.87409270e-01 9.42421973e-01
    5.90790510e-02 6.03542924e-02 5.00700831e-01 9.57950473e-01
    8.73703480e-01 9.73222971e-01 8.50589395e-01 2.89822936e-01
    9.17686105e-01 8.76212478e-01 9.77010250e-01 2.72217840e-01
    4.13430631e-01 8.30703914e-01 7.29189157e-01 3.28647971e-01
    7.60681272e-01 8.04537058e-01 5.60392141e-02 5.89513719e-01
    2.82051384e-01 4.78355855e-01 8.98978710e-01 6.26298547e-01
    7.58845985e-01 7.87168503e-01 3.51883471e-01 5.24373174e-01
    4.04657781e-01 4.96370733e-01 2.61973232e-01 6.87698126e-01
    3.33167195e-01 5.84558785e-01 1.48614287e-01 9.99770463e-02
    3.69976282e-01 2.10315228e-01 2.15564698e-01 8.80384922e-01
    8.72457743e-01 1.65525317e-01 4.66481268e-01 4.26741034e-01
    3.60317349e-01 9.91003156e-01 7.66749620e-01 8.70851815e-01
    6.53698981e-01 9.32908714e-01 5.95552266e-01 9.63209510e-01
    9.26948369e-01 2.87292063e-01 3.47751677e-01 8.82351041e-01
    7.68597245e-01 1.71638161e-01 2.58154631e-01 6.78434134e-01
    1.80859059e-01 8.75641704e-01 8.71575773e-01 4.72040445e-01
    7.59005904e-01 5.09467602e-01 1.41623348e-01 8.72651577e-01
    4.45834607e-01 5.43303430e-01 6.35292768e-01 7.23444402e-01
    6.96631312e-01 5.99907696e-01 1.44794732e-01 3.67968082e-01
    4.91010368e-01 5.84959090e-01 7.65727520e-01 6.65604055e-01
    2.04877615e-01 3.90063167e-01 7.71694601e-01 3.03960264e-01
    8.11764717e-01 3.74378443e-01 1.63007289e-01 6.65420294e-01
    8.61290276e-01 8.46698761e-01 5.57137430e-01 2.37775147e-02
    9.79766488e-01 4.70994473e-01 5.25909245e-01 2.75199652e-01
    1.79506361e-01 5.46824455e-01 5.99437773e-01 1.26237065e-01
    5.22102237e-01 2.83884138e-01 9.85804081e-01 6.80564702e-01
    2.53443658e-01 7.92943478e-01 7.81464934e-01 5.84550619e-01
    8.14873457e-01 5.79005182e-01 8.47324550e-01 7.06911564e-01
    4.81221080e-02 7.77152121e-01 5.41679502e-01 5.03696382e-01
    5.80029368e-01 5.98617554e-01 2.31894076e-01 7.87026167e-01
    7.43695796e-02 6.29978836e-01 1.50154293e-01 4.52299029e-01
    6.58261776e-01 4.52274472e-01 6.52543783e-01 7.87341893e-01
    5.01364172e-01 7.41780281e-01 6.48794711e-01 8.11232090e-01
    6.88837051e-01 4.06985670e-01 8.71146798e-01 2.80519366e-01
    3.20088327e-01 8.85955274e-01 6.50327444e-01 9.32384849e-01
    7.28017330e-01 1.48217976e-01 4.89044309e-01 7.27710605e-01
    7.90752053e-01 4.95691597e-01 9.08580065e-01 5.08368075e-01
    4.13025737e-01 2.93150723e-01 3.42538714e-01 7.25092053e-01
    1.73878670e-02 2.51652300e-01 8.72458816e-01 1.91079468e-01
    6.76999688e-02 4.64733899e-01 2.41194308e-01 9.54609454e-01
    9.88287687e-01 7.44016886e-01 2.52394438e-01 2.95873255e-01
    6.43799245e-01 2.13605762e-01 3.05280030e-01 4.25651073e-02
    1.11447275e-01 6.63644552e-01 9.83778596e-01 6.94602370e-01
    9.27739382e-01 3.59057724e-01 7.17945278e-01 2.39014626e-04
    6.08336627e-02 7.76300192e-01 3.55863661e-01 6.17344320e-01
    1.01900667e-01 5.21299839e-02 6.69873238e-01 2.19926924e-01
    7.55059481e-01 8.50979567e-01 1.14357531e-01 6.75536990e-02
    5.53765357e-01 3.83331269e-01 5.00933528e-01 4.98979032e-01
    6.34603202e-02 6.22734010e-01 7.35672832e-01 9.79521990e-01
    9.39334512e-01 6.97683215e-01 3.02779615e-01 4.25090700e-01
    2.72339761e-01 8.38039875e-01 4.67142522e-01 3.93352509e-02
    6.25206947e-01 1.53394639e-02 6.85972631e-01 1.81175828e-01
    1.13323241e-01 3.96612704e-01 5.93188226e-01 1.45630002e-01
    5.66653907e-01 7.41525054e-01 3.76793832e-01 4.90781903e-01
    6.14530683e-01 8.88223648e-01 4.92960244e-01 4.49634701e-01
    9.26900148e-01 4.42562342e-01 4.78946626e-01 7.96906948e-01
    6.18170142e-01 3.05702358e-01 2.64492810e-01 8.92532885e-01
    3.10326815e-01 1.17267847e-01 3.49620581e-01 4.33758736e-01
    9.09244418e-01 4.30953354e-01 8.25326383e-01 8.58420253e-01
    1.50409758e-01 7.57293582e-01 7.57843018e-01 5.25328815e-01
    3.42579186e-01 9.84498501e-01 8.00620139e-01 4.91121411e-03
    1.49484098e-01 2.60445356e-01 7.61088848e-01 7.09744453e-01
    3.77595484e-01 4.95865345e-02 8.65558028e-01 9.50795174e-01
    5.50582051e-01 7.68798351e-01 1.16990119e-01 6.56244993e-01
    2.89287031e-01 4.82025594e-01 8.11277688e-01 3.37257951e-01
    2.65864700e-01 2.26332366e-01 2.01359242e-01 6.67254925e-01
    6.61860526e-01 8.20570409e-01 7.93198466e-01 8.88290763e-01
    1.38318241e-02 3.55521798e-01 7.70632803e-01 7.10146308e-01
    2.82619119e-01 6.09346747e-01 8.98402572e-01 2.19351649e-01
    9.13173735e-01 7.56119728e-01 1.06074810e-01 4.81297791e-01
    9.82632637e-01 3.70866358e-02 2.87635803e-01 1.48796529e-01
    8.31943512e-01 7.93254733e-01 8.47715735e-01 9.76348758e-01
    1.12022221e-01 8.44855189e-01 5.94659626e-01 5.30530572e-01
    2.84072161e-01 5.77314794e-01 3.16322565e-01 4.05159235e-01
    3.24751139e-02 4.16964918e-01 2.47848511e-01 2.79772431e-01
    1.25241250e-01 5.64792454e-01 8.06013048e-01 3.69093001e-01
    9.25544798e-02 2.15542942e-01 6.01021528e-01 4.64305192e-01
    3.75121593e-01 2.98566461e-01 2.16497242e-01 2.08757818e-02
    1.32812768e-01 4.77064520e-01 5.44081509e-01 2.60859638e-01
    5.78299403e-01 9.66777205e-01 9.68272686e-02 3.61133993e-01
    1.65409148e-02 7.68596530e-01 7.58470893e-01 4.12658930e-01
    1.67726457e-01 3.67488682e-01 6.34831965e-01 7.41583824e-01
    4.63611841e-01 9.73445415e-01 2.97995865e-01 7.44902730e-01
    2.12797284e-01 1.31823093e-01 7.69248605e-03 5.15748560e-01
    4.92225081e-01 8.55573535e-01 9.57518518e-02 8.70978713e-01
    2.88556516e-02 8.49135160e-01 9.12409425e-01 7.21359015e-01
    8.59658778e-01 3.07063520e-01 3.85723710e-01 9.64280844e-01
    5.94420075e-01 3.44290853e-01 3.94539535e-02 1.26840949e-01
    1.34178996e-02 5.18787444e-01 7.56772518e-01 8.23660493e-01
    3.47030222e-01 8.17928851e-01 7.36667514e-01 2.02484608e-01
    4.62043494e-01 1.03404880e-01 7.06059694e-01 8.31102610e-01
    6.22141659e-02 9.65612292e-01 5.53654492e-01 4.98313189e-01
    7.54778504e-01 4.89837259e-01 2.38389641e-01 9.89838839e-01
    8.91939700e-02 6.21459186e-02 4.26480472e-02 1.44105613e-01
    3.84362012e-01 9.97592747e-01 3.05529833e-01 5.15223980e-01
    8.23051095e-01 6.90470815e-01 9.33451593e-01 6.94775581e-01
    8.99485826e-01 4.60552186e-01 4.00217652e-01 8.09049726e-01
    3.32053781e-01 4.71750349e-01 1.43119663e-01 2.87187934e-01
    8.23492110e-02 6.88756227e-01 3.99411827e-01 4.15207505e-01
    7.91552782e-01 8.17256153e-01 1.52322441e-01 2.42904127e-02
    9.54063475e-01 1.40421242e-01 1.17036700e-03 7.56361067e-01
    2.87001431e-01 8.90130162e-01 4.33194220e-01 5.19500911e-01
    5.38439155e-02 1.37326181e-01 5.04207313e-01 5.06277025e-01
    2.70930409e-01 2.08497822e-01 6.99322879e-01 8.95184278e-01
    1.22056484e-01 4.68422472e-02 7.84917295e-01 8.99756908e-01
    5.33551276e-01 7.70313740e-01 3.59213173e-01 4.40169781e-01
    8.82744431e-01 4.74284649e-01 4.97834831e-01 8.89553308e-01
    4.02954072e-01 6.45253539e-01 2.05718517e-01 2.78363645e-01
    5.72943449e-01 7.88885653e-01 4.53363597e-01 2.91702330e-01
    8.56861472e-01 7.26119101e-01 3.90316010e-01 5.85799456e-01
    1.61968768e-01 2.70401210e-01 8.46367002e-01 6.35875046e-01
    9.29474711e-01 4.06872213e-01 3.03919554e-01 7.69760907e-01
    8.44072104e-01 7.79713094e-02 4.38042551e-01 7.75816321e-01
    4.86176670e-01 3.91153038e-01 4.09765214e-01 7.50520468e-01
    9.70115185e-01 1.19669318e-01 8.42101455e-01 4.06588018e-02
    9.70243335e-01 5.38587868e-02 5.63837469e-01 3.03286314e-03
    7.48893380e-01 8.79330039e-02 8.64565432e-01 9.27310348e-01
    1.36185735e-01 2.55176663e-01 9.88436043e-01 5.38893759e-01
    5.76307356e-01 2.44132757e-01 4.97768760e-01 1.63979769e-01
    9.46625113e-01 7.19627261e-01 3.87170017e-02 4.68406498e-01
    3.68806839e-01 2.55323559e-01 3.44267815e-01 4.65548664e-01
    5.39816022e-01 6.53236628e-01 8.48658860e-01 2.09425688e-01
    9.66991067e-01 8.07289302e-01 5.68831444e-01 2.22885579e-01
    4.83031780e-01 5.98607123e-01 2.31591702e-01 2.92010725e-01
    2.02806652e-01 9.31332707e-01 7.48875737e-01 2.45480746e-01
    3.46276402e-01 6.77925944e-02 7.26459146e-01 9.30144191e-02
    6.30435348e-01 9.70350146e-01 9.36158001e-02 7.65789449e-02
    5.06888568e-01 3.76724362e-01 7.46747851e-02 2.74360299e-01
    4.25716192e-01 8.54226112e-01 9.93545353e-02 9.77105260e-01
    1.72922105e-01 8.16096663e-01 1.08109117e-02 6.83422804e-01
    5.19875586e-01 4.37816441e-01 7.91764736e-01 5.25662899e-02
    3.81236047e-01 3.26272786e-01 5.54406404e-01 5.96679568e-01
    1.24267459e-01 1.41443402e-01 6.92362189e-02 3.29861045e-03
    7.00536370e-01 2.90025353e-01 2.74580777e-01 4.01512712e-01
    5.27513564e-01 9.54402983e-01 8.34210873e-01 2.88352549e-01
    4.32065338e-01 2.60103345e-02 2.95267522e-01 5.32478392e-01
    8.66105080e-01 1.34789944e-03 4.09736037e-02 3.35488617e-01
    5.18216610e-01 9.97923613e-01 6.88557327e-02 7.32733190e-01
    2.07434595e-01 5.02535701e-03 2.83530176e-01 3.23220849e-01
    9.78515506e-01 9.66438770e-01 3.36988688e-01 6.78527832e-01
    2.78997421e-01 9.36838984e-01 4.18119460e-01 8.22741687e-02
    4.76082325e-01 7.90212512e-01 4.93215919e-02 2.67261058e-01
    2.85829902e-01 1.32572204e-01 9.15159106e-01 2.98535794e-01
    4.66553539e-01 2.03430355e-02 4.05145586e-02 9.11509097e-02
    2.34605968e-01 7.63776243e-01 1.48972541e-01 5.02080798e-01
    1.09536976e-01 9.78406429e-01 1.01054430e-01 3.14188898e-02
    6.20630920e-01 8.47582102e-01 3.13221335e-01 1.14631146e-01
    4.18271959e-01 2.64792204e-01 6.62876487e-01 4.62599546e-01
    6.38948739e-01 3.54387552e-01 8.49993110e-01 8.01727831e-01
    6.98948860e-01 4.74738300e-01 1.43830478e-01 7.69330859e-01
    1.27483934e-01 6.91264868e-04 8.28876019e-01 3.04003477e-01
    8.35056901e-01 7.07628965e-01 2.10934371e-01 1.15619242e-01
    8.38995099e-01 7.04232991e-01 6.80879474e-01 3.39963287e-01
    3.42771113e-01 9.43326890e-01 7.91329384e-01 7.92497635e-01
    6.40538573e-01 8.28910470e-01 7.95879006e-01 3.69948983e-01
    7.53278375e-01 2.14270145e-01 5.52178681e-01 1.91892743e-01
    4.46009845e-01 1.14973396e-01 8.10898066e-01 1.07090652e-01
    4.34237182e-01 4.70999628e-01 6.56324208e-01 6.34335756e-01
    5.61586618e-01 3.82728815e-01 9.61785853e-01 1.26855731e-01
    7.05523491e-01 8.21523309e-01 2.64514774e-01 5.14699996e-01
    6.06167197e-01 6.98436618e-01 4.02310282e-01 1.10303342e-01
    6.74977601e-02 1.14011049e-01 7.68149972e-01 4.63472128e-01
    7.65248179e-01 1.24957889e-01 3.17237288e-01 4.80937660e-02
    8.75764251e-01 1.78027958e-01 5.69243491e-01 3.66050899e-02
    8.20022106e-01 1.98252112e-01 9.06254053e-01 1.35306895e-01
    5.76084077e-01 3.50840211e-01 7.94121802e-01 5.67176461e-01
    5.16125560e-01 8.95250678e-01 4.12945688e-01 9.53818917e-01
    9.58192170e-01 9.60232735e-01 2.62909085e-01 2.36660838e-01
    9.60795462e-01 7.81761169e-01 4.29507196e-01 6.09503448e-01
    9.91627157e-01 5.81795931e-01 2.80924708e-01 6.63756967e-01
    8.55873466e-01 2.42565274e-01 1.93570882e-01 4.02361333e-01
    9.06359434e-01 9.30255651e-03 9.23258662e-02 6.01759315e-01
    4.70967948e-01 9.75139260e-01 8.66860151e-01 1.17926627e-01
    1.50180578e-01 2.69338787e-01 9.75589514e-01 5.60436785e-01
    1.66913956e-01 8.31456780e-01 8.68669808e-01 2.11480647e-01
    4.50167030e-01 1.65979087e-01 2.55282879e-01 7.92463660e-01
    9.89901304e-01 2.96186924e-01 7.72788525e-02 2.64538229e-01
    7.41335750e-02 5.50420880e-01 3.92184675e-01 7.75888085e-01
    9.19476748e-01 5.37232935e-01 2.45994866e-01 7.35879362e-01
    9.30796266e-01 6.13137484e-01 3.42860013e-01 6.91396773e-01
    7.08791256e-01 4.62652355e-01 4.53813791e-01 9.24345970e-01
    8.73971343e-01 1.03984565e-01 6.43189192e-01 7.03190088e-01
    9.93492723e-01 1.85264975e-01 7.36822486e-02 3.08856368e-03
    6.90705061e-01 8.36835325e-01 9.30557728e-01 6.31641448e-02
    7.23117054e-01 4.44764614e-01 2.16254890e-01 8.25481176e-01
    3.43870729e-01 6.24901831e-01 4.30493802e-01 6.35768771e-01
    8.34561110e-01 5.09133220e-01 3.32059264e-01 5.36613941e-01
    4.19255733e-01 9.24704671e-02 1.43855602e-01 4.00071025e-01
    3.23367715e-02 8.56335163e-02 5.13554990e-01 8.47115397e-01
    3.74325812e-01 9.88064885e-01 3.06174248e-01 2.46149659e-01
    2.08136350e-01 6.51016116e-01 8.61276746e-01 2.34189034e-02
    2.26305991e-01 6.92827702e-02 8.60749722e-01 7.68790781e-01
    2.44479448e-01 9.10327315e-01 1.33450180e-01 3.78503114e-01
    6.21485531e-01 4.02722597e-01 5.68487346e-01 1.36558920e-01
    7.39289582e-01 3.23487788e-01 3.79879773e-01 8.88124108e-03
    1.72103137e-01 6.01257801e-01 2.29759008e-01 4.55895960e-01
    6.46849692e-01 2.18600631e-02 6.17671847e-01 8.80772531e-01
    4.04674411e-02 7.19994307e-02 5.63441277e-01 2.52315283e-01
    3.03374410e-01 2.21925378e-02 9.40574527e-01 3.69023055e-01
    2.63601273e-01 2.82191336e-01 4.16306674e-01 3.42760086e-02
    6.84685767e-01 8.01995754e-01 7.34949887e-01 4.49046195e-02
    5.59815764e-02 6.91427946e-01 3.53292406e-01 1.97926581e-01
    8.25356960e-01 8.92053187e-01 6.75864637e-01 3.11889529e-01
    6.64022267e-02 2.98596084e-01 5.52168012e-01 3.18440974e-01
    8.70266438e-01 8.25039983e-01 5.10948837e-01 9.83765602e-01
    8.40525389e-01 1.30695999e-01 1.95189357e-01 7.24841237e-01
    5.55787623e-01 7.03444183e-01 4.49376434e-01 1.07277632e-01
    9.12626266e-01 7.30939627e-01 5.28984666e-01 9.86729085e-01
    4.41352129e-02 9.40684319e-01 1.48209512e-01 6.55829310e-01
    2.78261125e-01 5.56847930e-01 5.51737368e-01 5.61758280e-01
    8.55169177e-01 3.20908368e-01 5.95979929e-01 9.34706688e-01
    7.82308698e-01 8.71278346e-02 6.47178590e-02 7.99254656e-01
    5.77396870e-01 8.26504409e-01 9.97423172e-01 7.51728237e-01
    6.06656969e-01 6.20760739e-01 4.17139322e-01 7.34409332e-01
    8.68383765e-01 1.34352416e-01 3.65821004e-01 2.85075903e-01
    8.14681590e-01 3.08778882e-01 1.96380377e-01 6.92046940e-01
    1.41561776e-01 3.32333922e-01 9.64164376e-01 5.13902843e-01
    8.14476311e-01 8.41074109e-01 2.15041637e-02 2.94860363e-01
    2.31436640e-01 2.77769715e-01 9.76807356e-01 2.14664608e-01
    6.00969315e-01 2.25053251e-01 5.60348570e-01 5.85405052e-01
    3.48750234e-01 4.81134683e-01 1.90723926e-01 8.77352715e-01
    6.56912088e-01 8.23721766e-01 3.32521528e-01 3.53970528e-01
    7.28454232e-01 7.18093157e-01 1.79174244e-01 7.85042644e-02
    5.11490047e-01 5.43212652e-01 3.20712268e-01 4.30201441e-01
    6.87685728e-01 9.33902383e-01 5.74703217e-01 4.69328105e-01
    5.67192614e-01 7.86638021e-01 1.18441492e-01 3.09380293e-01
    1.25206828e-01 5.71352959e-01 8.19323540e-01 3.61975938e-01
    2.60439754e-01 4.19733882e-01 3.84243280e-01 4.89355683e-01
    6.29299760e-01 8.57732177e-01 2.74143577e-01 8.90064299e-01
    2.78820097e-02 2.99750447e-01 2.13972569e-01 3.37599814e-01
    7.93980420e-01 6.29701436e-01 7.03769028e-01 6.96240187e-01
    8.90559852e-01 2.48850584e-02 4.47983682e-01 3.63866210e-01
    6.54218018e-01 1.32874846e-02 9.06466782e-01 8.40303302e-02
    2.59229481e-01 6.55169785e-01 1.80055320e-01 8.11936140e-01
    6.19447827e-02 4.42139745e-01 5.76552033e-01 8.98466408e-01
    7.37865806e-01 6.62504435e-02 2.77142465e-01 9.35118198e-01
    2.72927135e-01 4.47277606e-01 9.00594592e-01 8.96920264e-01
    2.10891634e-01 5.53770185e-01 3.06453496e-01 9.44453597e-01
    8.07051361e-02 8.51651549e-01 2.55630553e-01 9.20172095e-01
    7.27832317e-02 8.47773671e-01 8.87153208e-01 2.23147154e-01
    5.89140296e-01 1.92925334e-02 6.38671398e-01 2.94297934e-04
    7.60033369e-01 2.33459860e-01 1.90900743e-01 6.57941103e-02
    3.26050282e-01 6.37018144e-01 7.21078455e-01 5.34622967e-02
    1.63802534e-01 9.60246563e-01 9.09316421e-01 2.36003995e-01
    2.22495228e-01 9.89036202e-01 3.69061142e-01 6.51299953e-01
    1.72742754e-01 2.44167060e-01 5.93285859e-02 1.63799942e-01
    1.95786983e-01 9.75127459e-01 2.68729866e-01 3.05789411e-01
    4.01941538e-01 5.27747095e-01 3.12670767e-01 2.82397240e-01
    2.41208404e-01 4.27885175e-01 7.32771754e-02 4.22827482e-01
    6.68247461e-01 5.43615878e-01 9.47616935e-01 6.88645840e-01
    4.33152854e-01 6.35682046e-01 3.90217125e-01 5.45729101e-02
    5.26860714e-01 8.39641392e-02 8.94185543e-01 7.24431217e-01
    1.71701431e-01 6.83268428e-01 7.75392354e-02 3.33143175e-01
    3.58821988e-01 6.22119367e-01 4.76081043e-01 7.78891206e-01
    8.09297621e-01 5.12525439e-03 7.01008618e-01 7.94734120e-01
    9.63127911e-02 1.13166571e-01 9.09896791e-02 7.47607410e-01
    4.31195468e-01 4.69483137e-02 5.16035199e-01 7.50438213e-01
    3.19751620e-01 8.61448646e-01 2.50485957e-01 7.11734295e-01
    6.21814132e-01 7.10807621e-01 1.39143765e-02 4.80352849e-01
    3.04231793e-01 8.88680935e-01 7.57460713e-01 2.44610578e-01
    5.38081944e-01 5.66216230e-01 2.02423900e-01 5.67341328e-01
    3.60769123e-01 1.21731788e-01 9.42338407e-02 4.28626567e-01
    7.96075702e-01 6.49541259e-01 6.29556298e-01 5.27819216e-01
    1.04451180e-01 2.26083934e-01 3.61113340e-01 8.29951584e-01
    5.31040072e-01 6.91045523e-02 8.47021699e-01 2.86372185e-01
    4.00290787e-02 9.39117432e-01 6.17681205e-01 3.42740178e-01
    1.27612919e-01 4.04165745e-01 6.77720070e-01 4.40248668e-01
    1.38373286e-01 9.81981635e-01 2.70922363e-01 5.45286477e-01
    2.21668214e-01 5.58735549e-01 6.84548616e-01 2.68718123e-01
    8.50152016e-01 4.06862110e-01 9.83408570e-01 4.64044362e-01
    7.73022830e-01 4.61012483e-01 5.87296605e-01 7.23478436e-01
    5.44660449e-01 7.89007902e-01 6.56063259e-01 9.01228309e-01
    3.91785592e-01 3.07303965e-01 6.80271983e-01 4.55419809e-01
    9.38698053e-01 5.67119360e-01 5.74568510e-01 8.87818813e-01
    7.18606710e-01 6.42210424e-01 3.76046896e-01 5.03201187e-02
    5.95288098e-01 8.35281909e-02 4.33395833e-01 4.71099198e-01
    4.92919505e-01 6.24115169e-01 6.53067112e-01 1.44265890e-02
    2.15634108e-01 8.12428415e-01 9.14447725e-01 6.07496977e-01
    3.39245498e-01 7.01453269e-01 4.94714022e-01 8.23988318e-01
    6.15390122e-01 4.86576676e-01 3.66086900e-01 1.33624375e-02
    6.26244664e-01 1.60014570e-01 8.19061399e-01 5.05249918e-01
    3.62280369e-01 5.66623330e-01 2.00140804e-01 9.51325595e-02
    7.27020800e-02 1.44201070e-01 3.48539054e-01 2.10852116e-01
    2.83861995e-01 6.97398901e-01 4.37382817e-01 7.28631675e-01
    8.28115344e-01 4.43710089e-02 2.21271664e-01 2.10723370e-01
    3.32386017e-01 7.71082759e-01 4.00687486e-01 8.27375174e-01
    9.96167362e-01 3.59220326e-01 1.00570440e-01 7.25908577e-01
    9.33154643e-01 7.96469569e-01 4.37545300e-01 4.33782130e-01
    6.34365439e-01 3.47557694e-01 5.70248425e-01 6.09893799e-02
    4.36047912e-02 5.74766278e-01 2.07316190e-01 8.32495034e-01
    3.33098263e-01 7.10177422e-03 6.11935318e-01 1.06227368e-01
    1.16005510e-01 6.44937932e-01 6.16233587e-01 8.98947299e-01
    6.05294466e-01 8.84066939e-01 4.31496859e-01 5.27565420e-01
    7.30239093e-01 2.34778285e-01 5.73529601e-01 8.61980915e-02
    5.35630882e-01 8.56759906e-01 4.67089742e-01 4.99127239e-01
    9.41984296e-01 2.13789493e-01 8.67694020e-01 4.62621987e-01
    9.40370202e-01 7.36417234e-01 3.24469388e-01 3.64311129e-01
    7.19812810e-01 8.45965147e-02 7.44022965e-01 9.93166208e-01
    1.16733968e-01 6.40062332e-01 5.36718249e-01 5.10479271e-01
    7.66084552e-01 3.81729960e-01 7.05887437e-01 8.58429074e-01
    8.30868900e-01 8.36757362e-01 1.68898433e-01 9.19718623e-01
    2.71996289e-01 3.43993306e-01 8.32213402e-01 4.72273529e-01
    4.34965491e-01 6.79429471e-02 6.68534815e-01 1.72893971e-01
    3.73445749e-01 5.35780311e-01 8.47337127e-01 4.87020046e-01
    7.63944268e-01 6.64687574e-01 7.56643534e-01 2.97406018e-01
    2.37924516e-01 6.49500012e-01 1.88839436e-02 6.16644025e-02
    3.92916620e-01 9.21867609e-01 1.88445687e-01 4.97800678e-01
    4.91794556e-01 9.01638269e-01 7.11019218e-01 1.63099051e-01
    2.39609838e-01 5.49678445e-01 7.81538963e-01 4.43382949e-01
    7.25219369e-01 5.45811951e-01 6.97000027e-01 3.87191534e-01
    8.34694266e-01 1.11410946e-01 7.57485628e-01 2.59628177e-01
    5.13214469e-02 6.06548607e-01 5.52805603e-01 3.65850687e-01
    1.21264964e-01 9.16296482e-01 6.27286434e-01 4.01990891e-01
    7.94519067e-01 6.89226747e-01 5.36211073e-01 7.79681802e-01
    8.61622572e-01 8.33091438e-02 8.04647684e-01 9.87618983e-01
    5.08504987e-01 6.62905335e-01 7.51715183e-01 7.82900870e-01
    7.74836123e-01 1.95846349e-01 9.13576484e-02 2.95910865e-01
    2.92007029e-02 9.47172761e-01 7.34772801e-01 8.81770253e-01
    3.56637657e-01 8.47569108e-02 5.75678527e-01 9.34081078e-01
    5.69859743e-02 3.68921578e-01 4.97257531e-01 4.26448733e-01
    3.46719265e-01 6.17071688e-01 9.56795514e-02 1.73076391e-01
    9.15097177e-01 1.35483474e-01 1.75605088e-01 5.62766790e-01
    9.08560455e-01 5.08125722e-02 9.14754510e-01 9.25641060e-01
    2.15750068e-01 7.16341853e-01 4.32417035e-01 2.20826566e-01
    1.42691523e-01 9.50297117e-01 4.22019958e-02 2.68247664e-01
    7.30513334e-01 9.12938237e-01 5.81004620e-02 4.58417028e-01
    6.02427721e-02 6.47333324e-01 7.16164410e-02 7.73878813e-01
    6.95796371e-01 2.93971956e-01 5.75551093e-01 6.36411726e-01
    6.78016126e-01 6.42463207e-01 5.47139049e-01 9.96231318e-01
    3.99530917e-01 1.54212981e-01 6.97954297e-01 9.90548432e-02
    7.76947498e-01 9.85844493e-01 6.39183939e-01 4.86356705e-01
    9.36811090e-01 2.59557456e-01 8.06653261e-01 2.98554152e-01
    7.85728693e-02 7.54805803e-02 7.83405662e-01 8.74226570e-01
    9.93787408e-01 3.01434278e-01 8.66451502e-01 3.98447096e-01
    8.85825634e-01 3.65205139e-01 6.98048592e-01 9.85099077e-01
    4.42265719e-01 7.84846663e-01 8.98264647e-01 8.56272101e-01
    2.97232002e-01 9.95591998e-01 6.52491748e-01 9.43759084e-01
    4.41658497e-01 3.61349702e-01 9.17826951e-01 1.59242868e-01
    4.20882374e-01 8.98340106e-01 2.16150522e-01 3.74578953e-01
    2.58662283e-01 6.18403256e-02 9.46966767e-01 7.38161683e-01
    3.48136604e-01 9.58762228e-01 6.79435909e-01 5.69563985e-01
    8.34166467e-01 9.92554545e-01 7.42905080e-01 9.83926237e-01
    3.91123980e-01 6.69545174e-01 1.27269089e-01 1.99847341e-01
    2.21303105e-01 7.93417811e-01 8.25390220e-03 2.58304060e-01
    8.10070157e-01 2.56698817e-01 3.81511450e-03 7.75701523e-01
    5.33981442e-01 8.53978992e-01 7.24332035e-01 2.10232764e-01
    3.30829620e-01 5.79604387e-01 4.28864747e-01 9.97684836e-01
    6.29151583e-01 8.19417536e-02 1.51221037e-01 3.35884601e-01
    1.95709646e-01 3.29466999e-01 6.77384615e-01 2.40070939e-01
    3.39379311e-01 6.68889582e-02 6.61751270e-01 5.90461791e-01
    3.47092748e-03 6.36922956e-01 1.60908103e-02 1.25332892e-01
    3.73482704e-03 5.18100560e-01 7.11146116e-01 8.49297047e-01
    9.94091034e-02 1.99762225e-01 5.22211075e-01 9.36760664e-01
    2.41812497e-01 3.26117337e-01 5.74604869e-01 7.22759247e-01
    7.53141522e-01 6.01819992e-01 1.70956492e-01 5.42593420e-01
    7.14681566e-01 2.27837622e-01 1.38260484e-01 6.08899295e-01
    6.83770895e-01 7.19846070e-01 3.77592206e-01 1.96175456e-01
    5.23853362e-01 4.01555657e-01 3.20697397e-01 2.43517876e-01
    5.63392103e-01 2.07401216e-02 5.57573974e-01 6.80935621e-01
    6.21984720e-01 8.13550770e-01 6.18489563e-01 1.19063795e-01
    8.22728276e-02 7.36102343e-01 7.84990668e-01 2.83016205e-01
    2.25541443e-01 5.04097342e-01 9.41019416e-01 3.53478163e-01
    8.28291655e-01 8.79413724e-01 7.49048591e-01 3.67327988e-01
    4.40910369e-01 1.75889134e-02 4.49787378e-01 6.94386661e-02
    8.39666367e-01 1.57632709e-01 5.74815571e-01 7.87041426e-01
    2.49355376e-01 9.14496779e-01 7.83136129e-01 4.37462330e-01
    8.73867214e-01 9.35806632e-02 2.64156044e-01 6.29263282e-01
    8.66189718e-01 7.19861865e-01 9.54484105e-01 1.05948627e-01
    4.92606133e-01 7.60793567e-01 2.66594589e-02 8.81376326e-01
    5.53578019e-01 9.82386708e-01 8.48474145e-01 1.11973137e-01
    2.42790371e-01 6.12250388e-01 8.74473155e-01 9.30637002e-01
    9.62696612e-01 8.19124579e-01 9.87818778e-01 4.03541595e-01
    5.96009970e-01 6.83938026e-01 2.59542525e-01 3.24414313e-01
    4.44660366e-01 8.27102304e-01 1.37208700e-01 6.78234994e-01
    3.63145351e-01 9.47356105e-01 7.21095562e-01 2.93893039e-01
    4.04376268e-01 3.79037410e-01 7.77849555e-01 2.13420987e-01
    8.90826464e-01 7.90204883e-01 5.46758711e-01 9.02336001e-01
    1.74089670e-02 7.10957646e-01 8.91774476e-01 1.88734859e-01
    2.56044269e-02 5.06092668e-01 3.61676097e-01 4.69424784e-01
    1.58904076e-01 5.67812920e-01 1.03407502e-02 9.09389973e-01
    7.99494505e-01 2.41395026e-01 6.64329171e-01 3.10408562e-01
    3.12761366e-02 8.70316863e-01 2.91582167e-01 2.09371984e-01
    6.39541090e-01 9.27445531e-01 3.35292876e-01 5.16347766e-01
    7.48136938e-02 3.34001482e-01 2.04413533e-02 6.70146763e-01
    6.91985667e-01 3.03334832e-01 4.35198545e-01 3.72648627e-01
    4.76744980e-01 6.10028863e-01 5.84362805e-01 2.04453826e-01
    7.18173742e-01 3.13160747e-01 6.91702008e-01 4.86665517e-01
    3.73490989e-01 7.72219241e-01 4.66543227e-01 6.08077645e-03
    4.20350581e-01 8.60570431e-01 7.98681557e-01 3.54853958e-01
    7.26396382e-01 7.93431699e-01 6.44918382e-01 7.26941407e-01
    5.08301318e-01 6.17165387e-01 8.50768745e-01 9.55604672e-01
    4.14895594e-01 1.28922075e-01 2.93572009e-01 2.61406124e-01
    3.82380635e-01 8.93945158e-01 7.53421664e-01 8.50284040e-01
    8.36027205e-01 5.41697621e-01 2.23703295e-01 4.09816027e-01
    1.57235593e-01 6.70256317e-01 9.52847958e-01 9.34791446e-01
    6.50597692e-01 1.06519133e-01 9.05925691e-01 8.72133374e-01
    7.24066794e-01 5.35816252e-01 3.43056679e-01 3.77023309e-01
    7.48229146e-01 5.99771738e-01 7.43016481e-01 3.43765616e-01
    8.92908752e-01 4.82623369e-01 2.64767885e-01 5.79318345e-01
    5.02247214e-01 2.36164629e-02 3.83780301e-01 7.73093581e-01
    2.28372604e-01 6.04228079e-01 1.80599838e-01 7.87988305e-01
    1.64816946e-01 7.81911492e-01 6.95402145e-01 8.51823390e-01
    7.91017771e-01 4.09370065e-01 1.86243325e-01 4.21950132e-01
    9.65954959e-02 8.68145227e-01 2.38720924e-01 4.54912007e-01
    7.68799663e-01 1.99649185e-01 3.46917808e-01 4.08873618e-01
    3.02414775e-01 4.61509466e-01 4.19553190e-01 5.56175113e-02
    1.97069585e-01 3.52029622e-01 4.85705435e-02 9.87487674e-01
    4.80608910e-01 4.15502548e-01 6.59823418e-05 6.08942926e-01
    9.79628980e-01 2.37741619e-01 7.47204185e-01 9.82152641e-01
    1.46444410e-01 3.06941926e-01 4.89795923e-01 6.66111648e-01
    9.97439206e-01 9.31386888e-01 5.31125426e-01 9.51094866e-01
    9.99011040e-01 8.88483226e-01 5.19871533e-01 7.98193693e-01
    7.56642222e-02 8.65606904e-01 9.25981879e-01 8.19869936e-01
    9.83111739e-01 2.75002718e-01 5.67005873e-01 3.04076791e-01
    3.17589879e-01 1.99507445e-01 4.67488021e-01 9.96104240e-01
    2.18528032e-01 8.75039458e-01 6.76888525e-01 8.63475800e-01
    5.47519505e-01 9.44927335e-01 4.31491673e-01 7.40119338e-01
    3.97759765e-01 1.72873288e-01 9.50352728e-01 8.75591516e-01
    9.17731166e-01 1.22128367e-01 8.31041694e-01 8.70988727e-01
    4.64651346e-01 2.40696549e-01 9.32244062e-01 3.60051632e-01
    1.42115772e-01 2.85237670e-01 7.94823468e-02 6.26132607e-01
    2.69882590e-01 9.76512432e-01 1.17541492e-01 8.73166561e-01
    1.88974202e-01 3.25199425e-01 7.31091499e-02 5.38166940e-01
    6.05053484e-01 1.63838029e-01 7.61526763e-01 8.01367521e-01
    3.86899114e-01 2.23693252e-03 9.42803025e-01 5.91499329e-01
    5.44965863e-01 3.30977827e-01 5.75284839e-01 4.67495620e-01
    1.72397554e-01 2.13849097e-01 7.26378679e-01 8.75091732e-01
    7.15263009e-01 8.45863461e-01 3.02514493e-01 3.88617516e-02
    7.18837976e-03 9.44543123e-01 5.41079998e-01 8.60256672e-01
    1.91437989e-01 3.70131731e-02 1.35300368e-01 7.40885794e-01
    2.75445223e-01 4.00637865e-01 3.45836878e-02 9.89359260e-01
    2.03753233e-01 4.88920480e-01 7.76591063e-01 6.26976311e-01
    3.39267224e-01 7.59037614e-01 5.28512716e-01 5.70038080e-01
    2.59513557e-01 6.95585489e-01 6.12056196e-01 5.57346642e-01
    4.06482816e-01 6.66036308e-02 4.42517489e-01 3.23300958e-01
    2.16590703e-01 7.43022203e-01 5.04009724e-01 7.69028425e-01
    7.04530716e-01 9.11973715e-01 5.24926186e-01 6.81572676e-01
    9.96878803e-01 7.49836981e-01 2.81581640e-01 1.66901708e-01
    6.46607101e-01 3.25187087e-01 8.22945833e-02 4.93493050e-01
    4.31527406e-01 1.96442664e-01 1.25098228e-02 5.35933673e-01
    5.25011539e-01 9.77412343e-01 8.81077766e-01 6.75170183e-01
    2.71517634e-02 1.03543401e-01 3.85836154e-01 1.78523958e-01
    5.23495674e-02 7.99072504e-01 9.47195530e-01 9.80462432e-02
    2.02156723e-01 9.20592189e-01 5.68028510e-01 7.88363874e-01
    3.68965566e-01 2.10161746e-01 8.13493490e-01 7.56625593e-01
    2.19445765e-01 5.03005087e-01 8.48652005e-01 6.78685188e-01
    9.35580730e-02 2.31266856e-01 1.75497085e-01 9.94115233e-01
    9.65985656e-01 4.56178695e-01 9.04553294e-01 3.48452866e-01
    6.48151040e-02 3.55282545e-01 9.62017298e-01 2.18549132e-01
    9.19437528e-01 1.02319002e-01 3.72509569e-01 9.15518999e-01
    6.29890680e-01 4.50583696e-01 4.84517217e-01 8.39017093e-01
    5.76934874e-01 4.40714628e-01 2.98119009e-01 8.72348666e-01
    3.00771534e-01 2.67681390e-01 4.27907079e-01 2.44519681e-01
    6.82168126e-01 2.63618141e-01 9.60886836e-01 5.34390092e-01
    1.87909663e-01 4.40879077e-01 2.45340794e-01 6.10580564e-01
    1.34306580e-01 9.99464691e-02 3.36089849e-01 6.22274876e-01
    6.06808007e-01 8.34695697e-01 5.69723904e-01 7.31472194e-01
    2.11724788e-01 2.93082535e-01 5.85092306e-01 7.85856962e-01
    8.56104553e-01 5.65012634e-01 9.23890829e-01 1.12188935e-01
    8.28933120e-01 7.64421463e-01 1.35234088e-01 3.53141725e-01
    5.30188978e-01 4.17479813e-01 3.64498138e-01 1.25497669e-01
    1.78631097e-01 3.24063420e-01 5.22131920e-02 2.98910916e-01
    2.33754665e-01 9.13380265e-01 6.62732244e-01 1.63412750e-01
    7.91963935e-01 8.30030799e-01 7.64089823e-02 6.59966588e-01
    1.11953288e-01 7.57615864e-01 3.98804158e-01 5.72643161e-01
    1.03791058e-01 2.27582604e-01 7.74345398e-01 7.04370439e-01
    8.38169694e-01 4.45683002e-02 6.82328343e-01 4.51509804e-01
    4.23647910e-01 8.00574422e-01 6.40219808e-01 9.76220965e-02
    6.43374205e-01 2.29881138e-01 3.54120135e-01 6.63145304e-01
    8.51272106e-01 4.81044590e-01 1.81527168e-01 3.30557823e-01
    4.73122358e-01 3.62701863e-01 9.89462256e-01 8.36890697e-01
    9.08163548e-01 5.69166541e-02 5.00344396e-01 9.13525701e-01
    7.11969376e-01 8.18093896e-01 3.73592377e-01 2.80639827e-02
    4.94618118e-01 7.12699294e-01 4.36216265e-01 4.63692844e-02
    6.77935481e-01 1.48946732e-01 3.57303113e-01 2.70026922e-03
    6.39689267e-01 3.27194035e-02 3.01932573e-01 7.32978940e-01
    6.71342015e-02 5.71802557e-01 9.91691828e-01 7.68658876e-01
    1.84078574e-01 1.91296339e-01 3.12838733e-01 7.67495394e-01
    5.15766799e-01 4.20765638e-01 3.71961296e-02 5.30537426e-01
    3.63645554e-02 4.19897646e-01 7.94708967e-01 1.85008466e-01
    3.73511970e-01 9.40808892e-01 6.59163177e-01 6.65870249e-01
    2.70716190e-01 1.68181837e-01 8.42273116e-01 7.06147909e-01
    9.73998666e-01 1.68548048e-01 5.66240191e-01 7.14387655e-01
    3.94707024e-02 9.41594481e-01 7.35230446e-02 3.82314056e-01
    1.67287260e-01 6.50893509e-01 3.46167505e-01 4.21769351e-01
    5.39027333e-01 2.72923648e-01 6.08573794e-01 2.76903212e-01
    6.94479764e-01 4.94227856e-01 7.73745418e-01 6.58192992e-01
    5.70942402e-01 2.57121593e-01 7.91023612e-01 3.37555200e-01
    5.21902144e-02 1.10257864e-02 2.54389048e-01 4.68617469e-01
    2.78553396e-01 6.56335235e-01 7.74118423e-01 4.45729405e-01
    5.77738464e-01 3.61006826e-01 7.92398691e-01 3.86710763e-01
    2.59686589e-01 9.49629545e-01 1.32782698e-01 5.53839445e-01
    8.30556393e-01 4.08451796e-01 6.81705773e-01 5.43558598e-01
    1.64377034e-01 3.99926841e-01 4.89499927e-01 7.25391805e-01
    3.05375785e-01 3.47181618e-01 8.36941361e-01 6.30426526e-01
    9.21075761e-01 9.23550725e-01 3.86612833e-01 9.66251671e-01
    4.85005081e-02 7.96684623e-01 2.68170476e-01 8.43331873e-01
    7.95471728e-01 7.45729208e-02 3.13563585e-01 5.28488159e-02
    1.73382968e-01 8.54333878e-01 4.61872399e-01 7.13581681e-01
    9.14091527e-01 6.72959983e-02 4.76767033e-01 8.35576594e-01
    7.40857244e-01 7.77031124e-01 8.78851175e-01 5.27117610e-01
    4.84644204e-01 1.31450146e-01 4.00710136e-01 2.65381157e-01
    4.09542590e-01 8.54959309e-01 1.72516108e-01 2.27270961e-01
    4.81353879e-01 8.84452283e-01 7.44972944e-01 5.19374251e-01
    2.84472883e-01 7.60441899e-01 7.73831904e-01 4.10728753e-02
    7.12245345e-01 7.16165423e-01 9.42611575e-01 8.56861234e-01
    4.82685655e-01 8.24251950e-01 2.47687310e-01 2.77625024e-02
    5.33032894e-01 8.04491639e-01 9.90670621e-02 5.17477632e-01
    9.31340396e-01 2.09041297e-01 1.82176381e-01 4.04042065e-01
    2.24875033e-01 1.51667178e-01 1.03085637e-02 1.18119419e-02
    7.26931810e-01 2.59605646e-02 1.03602976e-01 5.92631757e-01
    5.85590661e-01 9.01454091e-02 7.91866779e-01 6.72352195e-01
    1.93202138e-01 7.37129152e-01 5.39401650e-01 5.20606339e-02
    4.59989220e-01 8.89651656e-01 8.63620639e-03 2.48282135e-01
    6.33229136e-01 6.48910403e-01 3.38158190e-01 5.29509485e-02
    2.85977691e-01 4.68257129e-01 9.27502155e-01 1.54322684e-01
    3.82454872e-01 3.01217526e-01 7.69327402e-01 4.36495602e-01
    1.09615773e-01 4.97466326e-03 7.82346606e-01 7.84108162e-01
    8.33821356e-01 6.58696055e-01 8.53419006e-02 4.73390549e-01
    7.38932371e-01 6.31090164e-01 3.26617301e-01 3.16792160e-01
    6.75517142e-01 3.47316861e-02 6.64033413e-01 9.80021834e-01
    7.68299818e-01 3.21222425e-01 6.88066006e-01 2.81745195e-03
    1.44807696e-01 3.67158353e-02 1.85253590e-01 9.15231943e-01
    8.33377779e-01 9.88559723e-01 9.99685645e-01 6.48927808e-01
    5.67365289e-02 9.24182296e-01 7.11085141e-01 7.31889367e-01
    7.57251143e-01 2.10678101e-01 2.82023132e-01 7.17291355e-01
    8.60564709e-02 1.84610575e-01 4.36642140e-01 5.80907404e-01
    5.44769466e-01 1.27228945e-01 2.25389212e-01 6.67116225e-01
    2.97094822e-01 3.14063817e-01 1.09610438e-01 3.91827404e-01
    7.51353204e-01 1.80469453e-01 2.02610523e-01 7.16970205e-01
    7.00175822e-01 3.42779279e-01 2.43458688e-01 3.18061888e-01
    5.03832102e-01 9.77326930e-01 8.02364230e-01 5.02653778e-01
    4.25927281e-01 1.51626348e-01 3.83891046e-01 7.35274553e-01
    9.81104970e-02 8.52905512e-01 6.32056296e-01 4.77323532e-02
    5.86742759e-01 6.72891140e-01 8.98291707e-01 1.16189420e-02
    1.47307485e-01 1.70233488e-01 8.05019259e-01 7.57058620e-01
    6.64959669e-01 4.93935138e-01 3.30500036e-01 7.24390686e-01
    3.76175702e-01 5.05168021e-01 6.37409449e-01 2.97572374e-01
    8.24368238e-01 2.04030901e-01 2.21287638e-01 2.85106301e-02
    6.54276192e-01 6.82309449e-01 4.32852060e-01 7.88915694e-01
    5.04761636e-01 3.17893952e-01 9.46529627e-01 5.38167596e-01
    2.39583701e-01 7.63238192e-01 7.49221385e-01 8.81106317e-01
    8.17745090e-01 6.25166297e-03 8.87285233e-01 6.07843041e-01
    1.16647333e-01 6.74749613e-01 3.10367346e-01 9.30885971e-02
    1.89627588e-01 2.39678204e-01 8.52180600e-01 6.41336441e-01
    1.47837758e-01 3.55532706e-01 9.07458067e-01 9.69374537e-01
    3.77791703e-01 8.71144772e-01 7.38785267e-01 2.96478927e-01
    9.40009296e-01 9.32891190e-01 4.99287933e-01 6.93738520e-01
    1.31793231e-01 4.23981428e-01 8.59269798e-02 3.39783967e-01
    8.85570943e-02 8.04331541e-01 5.39210916e-01 6.58869386e-01
    7.39371479e-01 5.86966276e-01 6.78508401e-01 4.77875173e-02
    3.94504607e-01 2.05575377e-01 1.69619501e-01 7.37008095e-01
    5.96557081e-01 6.54830694e-01 3.71046841e-01 2.85327256e-01
    3.92514974e-01 7.12590635e-01 6.47184730e-01 8.14698100e-01
    8.83771956e-01 7.24777639e-01 8.80276442e-01 8.46343040e-01
    1.42991424e-01 2.29176670e-01 3.05331886e-01 5.04267871e-01
    7.49312460e-01 9.11136687e-01 9.71294284e-01 5.80562532e-01
    2.99097627e-01 5.81975818e-01 7.01461494e-01 4.78291333e-01
    6.36037767e-01 3.22123498e-01 7.58167982e-01 3.20161015e-01
    8.77433002e-01 5.16962767e-01 8.44154716e-01 1.94340646e-01
    8.91380250e-01 8.75098825e-01 8.24783504e-01 6.17223561e-01
    7.58880496e-01 2.38517523e-02 1.42758697e-01 9.60830271e-01
    2.60384411e-01 2.51991749e-01 8.56988966e-01 9.47901011e-01
    9.85613823e-01 6.63254201e-01 8.41254711e-01 1.81145847e-01
    9.29248810e-01 5.12141109e-01 4.72047180e-01 7.22927868e-01
    8.52922380e-01 5.51752388e-01 8.50306273e-01 1.47863507e-01
    4.09984589e-02 8.49969387e-01 9.49716866e-01 6.87392235e-01
    1.12372220e-01 4.39777076e-01 5.08035004e-01 5.27572215e-01
    4.55384701e-01 9.22350228e-01 8.29213142e-01 4.09846127e-01
    6.91397190e-01 5.37266433e-01 5.50106466e-02 1.09943420e-01
    7.20208943e-01 3.61306965e-01 8.36878121e-01 9.06307876e-01
    2.83315867e-01 9.64504838e-01 2.65117973e-01 5.06457567e-01
    8.56834054e-01 5.82512438e-01 5.81900358e-01 7.17714787e-01
    1.54559582e-01 7.09585428e-01 6.01339579e-01 7.94749975e-01
    8.94869268e-01 5.96739650e-01 3.10767710e-01 1.21436596e-01
    2.35057920e-01 9.87259090e-01 4.32853580e-01 2.76090413e-01
    5.42816639e-01 5.22524774e-01 8.06036234e-01 2.50757337e-01
    3.66136491e-01 9.41426754e-01 6.53526187e-01 7.43646741e-01
    4.51008946e-01 4.64234620e-01 3.69535416e-01 9.10479665e-01
    2.84426570e-01 2.96402991e-01 7.47187138e-01 5.28180838e-01
    9.81604159e-01 5.94954014e-01 4.35323626e-01 2.54458249e-01
    9.26140785e-01 2.27615446e-01 7.60533988e-01 2.74423361e-02
    5.03462434e-01 1.85573399e-02 9.88276064e-01 9.49022472e-01
    5.86380482e-01 9.33674932e-01 5.80957294e-01 5.48659444e-01
    1.19949162e-01 6.36564672e-01 6.51787698e-01 6.61048591e-02
    6.90418541e-01 9.91310358e-01 7.92615175e-01 5.94645917e-01
    7.72324800e-01 2.77573109e-01 8.65847766e-01 5.40027142e-01
    4.86837596e-01 7.59118676e-01 7.44139791e-01 5.32375574e-01
    8.23431134e-01 3.43515396e-01 1.63850248e-01 8.72582734e-01
    5.46221554e-01 6.84056222e-01 7.28052855e-01 4.85979676e-01
    7.97107577e-01 6.11067891e-01 4.16671425e-01 2.08390176e-01
    2.70401746e-01 6.04352057e-01 8.76040459e-02 9.49662805e-01
    1.88044548e-01 8.08885455e-01 6.67789221e-01 6.30491853e-01
    9.23448563e-01 2.49664277e-01 3.52362126e-01 9.41920638e-01
    8.15068722e-01 5.03381312e-01 2.16600180e-01 6.51568055e-01
    9.61344838e-01 9.60725784e-01 7.94703186e-01 5.08076906e-01
    4.50845361e-01 6.85304523e-01 1.50596201e-02 2.69216985e-01
    3.79287332e-01 5.51578522e-01 6.11184776e-01 9.74178672e-01
    6.27471924e-01 2.45701611e-01 5.16103745e-01 6.57933235e-01
    8.35368991e-01 8.44222128e-01 5.64575791e-02 4.44787681e-01
    8.77430320e-01 7.43041337e-02 1.20605469e-01 9.79483485e-01
    5.73117375e-01 3.59556973e-02 1.37389541e-01 6.89604163e-01
    7.02676415e-01 7.85227358e-01 1.23190522e-01 1.44178718e-01
    3.92218798e-01 4.39954817e-01 7.13457048e-01 6.20085001e-02
    3.99745226e-01 2.41395265e-01 5.51257730e-02 4.24092412e-02
    3.82549733e-01 3.48180830e-01 5.19168675e-01 9.43122566e-01
    6.87368572e-01 1.87855959e-02 7.93790102e-01 5.61796069e-01
    4.68455851e-01 6.80310249e-01 4.82563615e-01 7.55555034e-02
    4.75170493e-01 1.05289519e-01 1.63505584e-01 9.86985326e-01
    6.27330244e-01 6.41885936e-01 8.71856809e-01 6.74499571e-01
    5.51185668e-01 5.38113177e-01 6.40795946e-01 4.19656932e-02
    7.62189746e-01 4.32502270e-01 4.02310789e-02 7.90761352e-01
    5.75868905e-01 6.80279374e-01 4.54493046e-01 8.71859908e-01
    8.21145892e-01 5.04326940e-01 8.69625688e-01 3.72373879e-01
    8.97371292e-01 7.82359064e-01 6.71463668e-01 9.22768712e-01
    5.67403615e-01 5.97181320e-01 9.87612426e-01 4.65119064e-01
    7.64199913e-01 2.87371159e-01 1.53394610e-01 3.39070439e-01
    9.22182083e-01 4.66409683e-01 3.61625016e-01 7.47627139e-01
    3.79001677e-01 9.44741607e-01 4.89407957e-01 3.82277697e-01
    3.49851906e-01 3.92933488e-02 5.07746041e-01 6.58824086e-01
    4.72318530e-02 8.66139770e-01 5.14419436e-01 7.12997556e-01
    6.48358464e-01 6.23139262e-01 4.94474947e-01 5.13010383e-01
    5.86968958e-02 7.91595221e-01 3.73269141e-01 9.36472654e-01
    3.37073684e-01 1.88392818e-01 9.24635231e-02 7.11947441e-01
    3.00283670e-01 6.75465584e-01 5.98832846e-01 2.46947587e-01
    6.34524167e-01 1.16450280e-01 5.43231606e-01 4.94317859e-01
    2.53838301e-02 8.70016098e-01 2.02984095e-01 6.80640936e-02
    4.57074195e-01 2.32531697e-01 8.88419330e-01 3.42743903e-01
    1.09060705e-01 4.57543790e-01 5.43488085e-01 7.22825587e-01
    7.89815545e-01 9.14433002e-02 7.71077752e-01 3.10997576e-01
    9.67067719e-01 1.17799222e-01 3.56467605e-01 5.01657903e-01
    9.72681940e-02 1.74160659e-01 7.35851526e-01 4.40262139e-01
    8.80253792e-01 1.11152351e-01 8.70347738e-01 5.04609466e-01
    4.77367878e-01 6.35852575e-01 2.55528331e-01 4.30449009e-01
    6.88309193e-01 7.30006814e-01 8.03204894e-01 2.37664491e-01
    7.50669599e-01 3.42993736e-02 8.89708877e-01 8.71978045e-01
    1.14684999e-01 4.90165889e-01 5.46734214e-01 7.50218809e-01
    3.65875423e-01 2.19507039e-01 4.48677927e-01 2.87839890e-01
    8.31184626e-01 8.18673730e-01 7.64345765e-01 7.00600266e-01
    1.01830870e-01 8.24723661e-01 1.09016895e-04 9.56250548e-01
    9.23192799e-02 2.51198530e-01 6.27021372e-01 8.38110566e-01
    1.92685515e-01 2.95963287e-01 8.36130023e-01 8.19901943e-01
    6.16917491e-01 1.21616632e-01 3.93121988e-01 1.27347410e-02
    4.87288088e-01 6.46128356e-01 2.65123725e-01 7.57155299e-01
    2.75483310e-01 1.18509293e-01 9.44402814e-03 8.06073844e-01
    4.78475958e-01 3.91704708e-01 3.53660047e-01 4.18592691e-02
    1.71099037e-01 5.11595607e-01 3.23763043e-01 9.62208271e-01
    6.37430370e-01 8.36486876e-01 5.92243671e-01 7.76284754e-01
    1.33721530e-02 8.38539779e-01 3.91004592e-01 3.33551884e-01
    7.65264153e-01 1.76741838e-01 3.41305345e-01 3.51277471e-01
    6.01472676e-01 2.59669304e-01 4.76917982e-01 6.88692629e-01
    5.60589433e-01 6.29177988e-02 4.66601342e-01 9.76698935e-01
    1.52419269e-01 3.52606773e-01 2.91614592e-01 9.42921638e-03
    9.89193201e-01 9.89866912e-01 7.38031566e-02 7.16888070e-01
    4.67809737e-01 4.61097300e-01 3.61315727e-01 9.23645377e-01
    5.81573486e-01 6.39796019e-01 7.51729190e-01 6.94574416e-02
    9.75947142e-01 6.63962543e-01 4.88426387e-01 7.01496899e-01
    8.88216019e-01 3.06480706e-01 4.20234025e-01 6.59537613e-01
    3.74530613e-01 1.21253699e-01 1.57657713e-01 8.99855733e-01
    6.91908360e-01 8.67638946e-01 2.01174587e-01 6.64533317e-01
    3.47362369e-01 6.53606176e-01 4.79712754e-01 8.95488143e-01
    4.42144454e-01 8.86415720e-01 4.86768186e-01 4.87824976e-01
    5.00391364e-01 7.75205493e-01 3.31202984e-01 1.55259013e-01
    5.81372857e-01 4.27415311e-01 2.31032133e-01 6.61582649e-02
    1.98355556e-01 7.11273432e-01 3.66216063e-01 7.00368047e-01
    8.05215001e-01 5.88880539e-01 2.46742547e-01 8.33506882e-01
    1.05576932e-01 4.03575271e-01 8.18319678e-01 7.61890292e-01
    2.00957060e-03 7.86344349e-01 1.65795773e-01 8.59558940e-01
    7.60132134e-01 2.27001369e-01 4.05790627e-01 3.38069379e-01
    5.81630349e-01 7.41332531e-01 1.44754797e-01 5.49217284e-01
    8.17183495e-01 2.41624922e-01 2.39595175e-01 5.62255025e-01
    8.24397206e-01 5.84732234e-01 5.50431967e-01 2.77626693e-01
    4.91804928e-01 6.49596870e-01 8.99030447e-01 8.00973773e-01
    2.32837290e-01 1.77090853e-01 6.95575178e-02 5.66002727e-02
    3.97969842e-01 4.36780155e-02 9.33496833e-01 3.63800138e-01
    3.50759923e-01 7.91164041e-01 3.02469134e-01 6.80906296e-01
    4.36505467e-01 2.43420899e-01 5.50535917e-01 1.00819468e-01
    6.48577213e-01 2.24917978e-01 5.46580672e-01 4.84920681e-01
    6.98245645e-01 5.96366048e-01 8.29342604e-01 7.64578521e-01
    1.24482095e-01 4.45216358e-01 2.32451200e-01 3.34331989e-01
    4.75285411e-01 4.67394769e-01 1.88389242e-01 6.35753155e-01
    7.57569790e-01 6.93138957e-01 5.38863122e-01 4.14676398e-01
    7.65196919e-01 3.48012835e-01 5.91671944e-01 4.29852903e-01
    8.04003775e-02 4.69573557e-01 6.04645967e-01 9.79238033e-01
    9.17385221e-01 3.96625519e-01 3.12600136e-02 6.62922859e-02
    4.71854359e-01 7.74375439e-01 8.18318009e-01 9.47595835e-01
    5.10843813e-01 2.74230301e-01 4.56848592e-01 5.51153421e-01
    4.68289763e-01 9.62349653e-01 9.12192106e-01 3.67602050e-01
    2.99395293e-01 6.41452432e-01 9.64528263e-01 7.73753881e-01
    9.41045821e-01 4.28439081e-01 1.08933479e-01 5.41315436e-01
    8.17022800e-01 5.99457383e-01 6.06688976e-01 9.20156956e-01
    1.89106286e-01 6.41416192e-01 3.12424064e-01 7.04766512e-02
    7.60523379e-02 2.88250387e-01 5.14601290e-01 2.60245860e-01
    1.79339945e-02 7.84213305e-01 4.70702171e-01 5.05732894e-02
    9.03978169e-01 1.79540992e-01 2.88260162e-01 6.73741102e-01
    2.69293904e-01 7.94493258e-01 4.61055934e-02 1.37135655e-01
    9.97146189e-01 7.97404110e-01 2.13338822e-01 7.01998174e-02
    5.86361647e-01 1.13512635e-01 3.73279452e-01 2.06099689e-01
    4.16765839e-01 8.25175345e-02 1.12735808e-01 6.66804552e-01
    5.23942709e-03 2.44487405e-01 7.70251751e-01 1.45111173e-01
    6.14344895e-01 7.40061998e-01 1.34164602e-01 3.09346229e-01
    8.47530842e-01 8.27494323e-01 5.72835326e-01 4.95750099e-01
    9.94749665e-01 8.77320051e-01 4.15289700e-01 5.51490784e-01
    9.60942745e-01 4.27310467e-02 5.03439665e-01 9.34146345e-01
    1.72934741e-01 3.56872022e-01 4.04073000e-01 7.80126691e-01
    2.47290641e-01 3.24001968e-01 6.83320284e-01 3.99285883e-01
    7.96015799e-01 8.42002749e-01 8.14113617e-01 9.37261045e-01
    1.36280060e-01 2.83385277e-01 9.15836573e-01 5.97021282e-01
    5.97008049e-01 2.91265607e-01 7.00381398e-01 6.79235637e-01
    9.75316405e-01 1.88367903e-01 2.72400349e-01 9.67158794e-01
    7.51866341e-01 2.20789224e-01 5.54106236e-02 7.80134559e-01
    8.29095542e-02 2.35287547e-02 2.32089490e-01 7.29021251e-01
    2.75254369e-01 3.74998540e-01 2.08000958e-01 8.25807154e-01
    8.53491545e-01 9.67433393e-01 9.20051932e-02 5.67571282e-01
    3.02341908e-01 7.68919706e-01 9.99310672e-01 3.29805732e-01
    9.86010194e-01 6.09957874e-01 9.40432489e-01 2.01573372e-02
    8.74123693e-01 9.94759798e-03 6.71625078e-01 6.87328577e-01
    4.01265800e-01 6.77763999e-01 7.40599871e-01 6.80703521e-02
    6.43152356e-01 7.33332276e-01 3.50338578e-01 2.55294681e-01
    7.84376144e-01 3.71625483e-01 9.15695429e-01 5.94956160e-01
    9.48739648e-01 1.40381485e-01 6.91413522e-01 5.49024403e-01
    1.57515198e-01 6.23641133e-01 9.32375789e-02 2.30613530e-01
    6.90623999e-01 7.97237396e-01 2.45213091e-01 6.43536329e-01
    3.95395756e-02 7.12755322e-02 8.56472850e-01 1.84546679e-01
    1.43545061e-01 1.33038819e-01 2.15229750e-01 6.30935848e-01
    5.27921975e-01 7.03537583e-01 7.25503683e-01 7.50642359e-01
    3.53231549e-01 4.21062410e-01 2.80082524e-01 9.41903055e-01
    8.51591229e-01 1.82748169e-01 3.01574230e-01 6.68412864e-01
    9.81386185e-01 5.14794648e-01 9.18635964e-01 2.06318200e-02
    1.24967724e-01 5.10555029e-01 8.00837636e-01 5.73320448e-01
    2.40859956e-01 5.43809116e-01 7.19374955e-01 3.24298024e-01
    7.55384564e-01 4.48905468e-01 9.78214383e-01 6.16662085e-01
    5.59732258e-01 4.90213722e-01 2.85609722e-01 5.14999270e-01
    7.89257169e-01 4.16768104e-01 5.11246026e-01 8.23138952e-02
    7.16897666e-01 2.50281751e-01 3.06579471e-03 6.42122030e-02
    1.91958398e-01 2.86399305e-01 5.83209097e-01 6.63730502e-03
    8.15396667e-01 6.80689394e-01 5.33363461e-01 5.02706587e-01
    8.14949870e-01 6.60000205e-01 1.19279146e-01 7.81170428e-01
    8.44920516e-01 1.30723208e-01 9.29626107e-01 2.57590979e-01
    8.85195434e-02 5.19515812e-01 6.83417559e-01 7.66357422e-01
    2.98281491e-01 7.85386562e-03 9.98982787e-02 2.05212444e-01
    2.77861297e-01 8.49314094e-01 6.47015274e-01 5.86410284e-01
    1.09517902e-01 7.62197375e-03 7.30193436e-01 7.01782584e-01
    8.01748276e-01 3.63934398e-01 1.03265703e-01 3.00575972e-01
    4.33490187e-01 3.68358314e-01 7.20213413e-01 8.49825859e-01
    7.47803450e-02 3.63329113e-01 1.51577711e-01 3.38769495e-01
    6.84452951e-02 2.66772091e-01 2.88346261e-01 2.44010895e-01
    8.39428425e-01 7.94373751e-01 4.88135397e-01 2.33829349e-01
    1.62864745e-01 4.72699225e-01 3.32636714e-01 7.51101732e-01
    5.67899466e-01 2.88044810e-01 5.76730907e-01 3.56631637e-01
    2.95660913e-01 3.19745004e-01 5.11665106e-01 3.55659246e-01
    7.63570070e-02 6.22208357e-01 2.38442242e-01 1.15444362e-01
    7.25809932e-01 6.20275855e-01 4.73589063e-01 6.63744450e-01
    8.32345366e-01 4.30639565e-01 2.03461081e-01 3.88335884e-02
    8.28275323e-01 7.95777142e-01 2.12445885e-01 3.06283355e-01
    7.66527534e-01 8.41407299e-01 7.52321899e-01 5.69210172e-01
    1.97061896e-03 2.97665596e-04 9.80212450e-01 4.52541590e-01
    5.45835137e-01 1.78209752e-01 8.69079351e-01 2.33128339e-01
    1.77052617e-01 4.82215583e-02 4.22507614e-01 5.08506179e-01
    3.87271345e-02 2.34056145e-01 4.69944775e-02 1.86428308e-01
    3.02584708e-01 2.90693641e-01 9.12426233e-01 7.89778233e-01
    9.72433388e-01 7.53226578e-02 5.59606314e-01 6.54175043e-01
    3.14522445e-01 1.05195642e-01 6.06609404e-01 6.47974133e-01
    5.41863203e-01 7.39866197e-01 1.67424351e-01 9.33603346e-02
    9.73570228e-01 9.12955284e-01 6.77512050e-01 6.69164062e-01
    3.65570009e-01 9.90436792e-01 7.88528085e-01 9.31599557e-01
    1.18174225e-01 9.14735079e-01 2.15185195e-01 5.16227484e-01
    4.75889564e-01 8.52911592e-01 5.21972060e-01 6.65941834e-03
    8.90001655e-01 9.60973382e-01 3.91002864e-01 9.37955260e-01
    8.24621201e-01 2.36538470e-01 2.64685869e-01 2.12293029e-01
    9.58417594e-01 6.84479952e-01 4.44322824e-01 9.29443002e-01
    1.27878278e-01 3.09743106e-01 3.06454659e-01 9.61407959e-01
    5.69848776e-01 7.70451665e-01 5.01430631e-02 5.57377696e-01
    8.63105536e-01 3.37189466e-01 6.09470606e-02 9.27896976e-01
    5.91815054e-01 8.21471870e-01 2.90802866e-01 3.04450154e-01
    4.70550388e-01 3.33173156e-01 3.46463054e-01 5.59399426e-01
    1.15537822e-01 6.15413189e-01 4.40337360e-01 5.45761287e-01
    3.53539258e-01 9.36597586e-01 1.48539871e-01 3.40097845e-02
    7.41044343e-01 4.73321289e-01 2.33848512e-01 5.09897888e-01
    4.24394965e-01 7.88743019e-01 5.47699332e-01 1.10623628e-01
    1.07446015e-01 1.59677476e-01 1.68451816e-01 7.77434349e-01
    6.47927999e-01 1.77727729e-01 3.89575362e-02 2.71885812e-01
    7.35796094e-01 6.85032845e-01 6.75659180e-01 9.16976571e-01
    3.10960412e-03 7.60265470e-01 7.45710194e-01 5.63930869e-02
    7.75131941e-01 2.04708040e-01 3.91920596e-01 9.50667560e-02
    9.64692831e-01 8.80558014e-01 5.51537871e-01 1.10893130e-01
    9.30235803e-01 5.91876984e-01 6.33729100e-01 3.46130520e-01
    9.77554977e-01 3.80383015e-01 8.37424397e-01 1.92034870e-01
    5.30335665e-01 8.58000159e-01 6.85320735e-01 3.62755626e-01
    7.47561455e-01 7.33408391e-01 3.71250421e-01 5.09193540e-01
    1.87795192e-01 9.80620742e-01 7.62001336e-01 5.31035662e-02
    1.74026221e-01 1.59457535e-01 3.28428298e-01 2.37476498e-01
    4.94953394e-01 5.73909402e-01 7.11941779e-01 2.13727593e-01
    8.08352709e-01 8.80385637e-02 3.62751484e-02 5.54402471e-01
    6.41093254e-01 1.11332923e-01 6.05025589e-02 9.52582479e-01
    3.90520096e-01 3.32931697e-01 5.87203205e-01 7.85326719e-01
    1.03139132e-01 7.69983411e-01 1.14799351e-01 7.54498363e-01
    9.67085660e-02 2.01407343e-01 4.81231004e-01 6.02763057e-01
    9.08066809e-01 2.73853898e-01 9.14521217e-01 3.79483998e-01
    8.78717422e-01 6.41871214e-01 8.05790722e-01 1.51194632e-01
    1.37501687e-01 1.25006914e-01 5.13663709e-01 4.25906360e-01
    4.03705835e-01 8.50035846e-02 9.69744682e-01 1.18906260e-01
    3.45838070e-02 6.97229505e-01 2.31797993e-01 5.30799031e-01
    9.59930658e-01 1.14299536e-01 9.48741913e-01 3.26199383e-01
    3.60907555e-01 6.16647720e-01 8.30073476e-01 9.78242338e-01
    4.84438539e-02 3.09713483e-01 5.34486771e-01 1.41428024e-01
    4.04590547e-01 8.87185991e-01 9.15550709e-01 3.31808329e-02
    5.85650265e-01 6.69413328e-01 3.63428891e-02 3.98748815e-01
    8.51537883e-01 6.26973987e-01 9.11328197e-02 6.55866385e-01
    8.04567933e-01 3.98138940e-01 4.36263710e-01 8.66506219e-01
    1.93946004e-01 3.67824197e-01 9.75037932e-01 4.15773958e-01
    7.36756206e-01 3.09263319e-01 1.33829683e-01 3.28078985e-01
    8.52511048e-01 5.65448999e-01 1.84124947e-01 4.79489923e-01
    7.38775313e-01 4.72467601e-01 9.70753670e-01 8.94945383e-01
    3.84250045e-01 4.46348637e-01 4.45203096e-01 8.45474243e-01
    2.96660066e-01 6.08479261e-01 7.82144785e-01 7.33987927e-01
    8.34918320e-01 4.10759658e-01 2.22102791e-01 5.95627487e-01
    5.38748741e-01 8.62692058e-01 5.34731686e-01 9.98957634e-01
    9.59782779e-01 9.85811234e-01 8.39950800e-01 5.18959045e-01
    7.74363279e-01 5.10908663e-02 4.28992510e-03 1.50229990e-01
    2.13684201e-01 5.24046779e-01 9.58550632e-01 2.16450483e-01
    1.90980136e-02 6.13472521e-01 3.37801516e-01 6.52628839e-01
    8.26257586e-01 3.77489805e-01 1.28683567e-01 7.38572001e-01
    4.33285177e-01 3.60139608e-02 4.29322600e-01 4.19824183e-01
    8.21617484e-01 1.82779133e-02 3.71965468e-01 6.32654905e-01
    2.16798276e-01 5.08999467e-01 6.86839938e-01 7.12498724e-01
    7.32730389e-01 9.54561830e-01 8.41885924e-01 9.32666421e-01
    2.15906203e-02 6.27534330e-01 5.65695882e-01 2.69178927e-01
    9.06908512e-02 1.96283221e-01 4.59173590e-01 8.03149819e-01
    8.52262139e-01 5.74220538e-01 2.87147582e-01 2.02940285e-01
    3.92065167e-01 6.88812971e-01 6.62606716e-01 9.12360847e-02
    2.87495553e-02 4.76628929e-01 2.17954189e-01 4.04405236e-01
    8.85009766e-01 5.82172096e-01 9.03993666e-01 5.25906742e-01
    2.24648714e-02 4.02224958e-01 1.89989597e-01 7.01325774e-01
    6.95343912e-01 8.61622632e-01 1.58281803e-01 8.32491696e-01
    1.76072687e-01 6.08778834e-01 4.29929137e-01 2.68265605e-01
    2.69529015e-01 8.67774010e-01 1.08037412e-01 6.59320652e-01
    3.96035016e-01 9.71257925e-01 3.13239664e-01 9.18179154e-01
    9.64733303e-01 8.34134698e-01 1.00149989e-01 8.25275719e-01
    2.24827260e-01 5.90624630e-01 3.99939269e-01 8.90532851e-01
    8.47723722e-01 3.84347737e-02 6.98584378e-01 4.80113477e-01
    4.05595005e-01 5.81959724e-01 4.29092050e-02 7.11701810e-01
    4.17922497e-01 5.01930118e-01 2.75577456e-01 7.52413213e-01
    1.40011728e-01 7.25887179e-01 5.05177796e-01 4.90225405e-01
    7.03382909e-01 2.42906362e-01 5.72108567e-01 1.53389990e-01
    7.57575393e-01 8.27350140e-01 5.64148426e-01 4.16025221e-01
    9.05064821e-01 7.69773722e-02 7.41603911e-01 1.81823999e-01
    3.52462411e-01 7.43367612e-01 4.74927336e-01 6.18136168e-01
    6.17715776e-01 1.58502638e-01 9.21661854e-02 4.93433177e-02
    8.52938890e-02 8.28363299e-01 4.53835368e-01 1.84525102e-01
    6.96143746e-01 4.25754964e-01 1.16284221e-01 6.95045471e-01
    2.97976792e-01 7.87770271e-01 9.09744978e-01 1.92368746e-01
    4.39888597e-01 1.29049361e-01 1.69799924e-02 5.24855494e-01
    3.33885312e-01 7.85262823e-01 2.14324802e-01 6.08001471e-01
    2.13574171e-02 9.50611651e-01 5.96514285e-01 9.57797647e-01
    7.13805854e-01 6.70230567e-01 3.13235343e-01 4.61592436e-01
    7.64383912e-01 7.61613011e-01 8.52481365e-01 5.87065101e-01
    1.63141578e-01 4.53109831e-01 4.16583568e-01 5.39737284e-01
    5.23600996e-01 5.87266326e-01 2.13496119e-01 9.33205605e-01
    8.20791543e-01 9.73578811e-01 7.57997632e-01 2.64608920e-01
    3.31826925e-01 7.11377323e-01 2.50127017e-01 9.43343163e-01
    3.56876493e-01 4.79261428e-01 7.42272615e-01 5.43557346e-01
    6.29061341e-01 8.84104133e-01 9.28424418e-01 5.36570728e-01
    9.98100519e-01 2.50738740e-01 9.64520812e-01 5.68721592e-01
    2.24438965e-01 1.36923045e-01 2.05427170e-01 2.78369188e-01
    3.87943238e-01 6.42526031e-01 3.98241282e-01 4.15520161e-01
    9.96611834e-01 8.00305009e-01 7.50176191e-01 7.24294960e-01
    7.04940259e-01 8.91775727e-01 4.73452389e-01 9.25237179e-01
    9.55327690e-01 4.98635471e-02 9.25609291e-01 8.58513236e-01
    5.71300745e-01 9.04357314e-01 1.53931051e-01 7.45461524e-01
    9.15411055e-01 1.57830119e-03 9.64188635e-01 6.63553238e-01
    8.10327768e-01 7.99007535e-01 9.71832454e-01 4.58458424e-01
    3.02965343e-01 7.61135459e-01 9.86387610e-01 7.15119243e-02
    2.91418731e-01 4.12427187e-01 4.19717997e-01 9.68863726e-01
    3.27945054e-01 7.92480707e-02 1.53399259e-01 2.97019780e-01
    2.63615847e-01 3.86385739e-01 7.09118009e-01 2.89697468e-01
    3.29114854e-01 2.79776126e-01 9.49898601e-01 6.61387920e-01
    4.99096185e-01 7.03584194e-01 4.45765525e-01 3.14351797e-01
    4.97275203e-01 2.44649291e-01 4.59711552e-02 1.90839082e-01
    2.23173767e-01 5.59710503e-01 6.40644610e-01 1.54308856e-01
    6.29649222e-01 6.97661281e-01 2.45902836e-01 8.60591233e-01
    9.83084202e-01 5.26652336e-01 6.91174269e-01 2.18960464e-01
    1.39387548e-02 1.20413899e-01 7.24240780e-01 7.77068853e-01
    5.40122807e-01 2.28005648e-01 1.80702686e-01 4.84499097e-01
    1.24370188e-01 9.93134439e-01 7.58385539e-01 7.30981827e-01
    7.75247037e-01 9.22156811e-01 7.19836116e-01 3.46238971e-01
    7.88934231e-01 6.05188906e-02 4.21806395e-01 5.76670170e-02
    6.72724843e-01 2.02884972e-02 7.41128325e-01 5.15106082e-01
    6.67871237e-01 4.78676349e-01 9.77460861e-01 1.16046488e-01
    8.37997794e-01 4.10285145e-01 7.68740416e-01 9.44185495e-01
    5.60260355e-01 3.76507282e-01 2.57627368e-01 1.68556571e-01
    9.67081785e-02 5.99818170e-01 5.70199251e-01 6.07554495e-01
    2.45706469e-01 5.54795265e-01 5.58238089e-01 1.94379926e-01
    9.37876463e-01 8.41938436e-01 9.33994651e-01 1.04281604e-01
    3.05629492e-01 8.58451247e-01 7.95377254e-01 3.04923654e-01
    3.28040242e-01 3.16122472e-01 7.69861817e-01 4.42786038e-01
    9.22548234e-01 2.89185643e-02 8.80787849e-01 4.68080908e-01
    6.43917561e-01 7.57328629e-01 9.49257314e-01 2.90722668e-01
    5.78043997e-01 6.83536530e-02 7.46935248e-01 1.39762193e-01
    8.48503470e-01 6.29312992e-01 3.00780207e-01 9.66344118e-01
    2.95167565e-02 8.57750714e-01 3.41180563e-02 1.41298085e-01
    6.56023502e-01 6.32088900e-01 8.76109004e-01 5.26065409e-01
    4.52287436e-01 8.93238306e-01 4.73917782e-01 1.67001307e-01
    6.72533453e-01 9.77160931e-02 3.30773413e-01 7.97315180e-01
    1.69483274e-01 6.53276145e-01 7.45153069e-01 5.31798482e-01
    3.92000139e-01 4.45399582e-01 5.98583400e-01 6.46319032e-01
    3.13260615e-01 9.70672309e-01 3.31146955e-01 1.42564237e-01
    6.61600649e-01 7.22497940e-01 2.14196503e-01 3.93747330e-01
    8.48677874e-01 4.58586156e-01 7.39081502e-01 6.71453178e-01
    1.50245905e-01 7.88137436e-01 6.46346688e-01 2.00075001e-01
    8.46841812e-01 1.77861154e-02 2.26153404e-01 8.90943587e-01
    5.29342651e-01 7.08885014e-01 6.93929911e-01 4.24204469e-01
    2.58336693e-01 1.72155559e-01 1.27202123e-01 1.98894173e-01
    1.30946457e-01 6.75945640e-01 4.27698940e-01 4.29173440e-01
    3.17630500e-01 6.41644597e-01 1.71109468e-01 1.19923294e-01
    9.01408792e-01 5.59153378e-01 8.68038833e-02 3.57591569e-01
    7.69759834e-01 4.39897239e-01 3.17126870e-01 6.65963888e-01
    9.53383207e-01 8.80138338e-01 9.09738183e-01 4.80936050e-01
    6.83357835e-01 6.33444667e-01 4.97209907e-01 5.73380351e-01
    7.92089164e-01 1.10503167e-01 9.64413404e-01 3.36092979e-01
    1.26045495e-01 2.51723647e-01 9.67294097e-01 7.08247602e-01
    1.77956820e-02 8.62636089e-01 8.27980161e-01 5.70628643e-01
    9.41715956e-01 8.57181251e-02 1.73473030e-01 3.51758063e-01
    9.02123451e-02 1.91685557e-02 4.63421941e-02 8.57523322e-01
    1.36663586e-01 5.39344728e-01 9.78088975e-01 9.53489900e-01
    5.43107867e-01 3.70951682e-01 9.94786859e-01 3.21697533e-01
    8.40092659e-01 5.44847786e-01 7.32826591e-01 3.01265061e-01
    1.20475352e-01 7.02709556e-02 7.20674098e-02 5.01281500e-01
    1.65836334e-01 2.89619803e-01 7.79338062e-01 9.26253438e-01
    8.87008429e-01 6.26528680e-01 9.94946241e-01 6.90822482e-01
    5.46818197e-01 4.87085521e-01 6.19330823e-01 2.85662055e-01
    6.43690348e-01 8.28762770e-01 8.40152860e-01 3.28217387e-01
    4.14942801e-01 1.08191729e-01 3.60308230e-01 3.11344564e-01
    3.93388599e-01 7.02112377e-01 7.14347303e-01 5.81414700e-02
    5.88441670e-01 3.78647327e-01 5.67541182e-01 1.48122996e-01
    1.78444386e-02 9.82802749e-01 4.01651859e-01 4.60061699e-01
    4.17465270e-02 9.29485083e-01 3.33284020e-01 9.31389630e-02
    4.99947935e-01 4.28177774e-01 3.62718344e-01 9.24127162e-01
    3.99169862e-01 8.24201345e-01 9.49416518e-01 8.90799463e-01
    6.12743497e-01 1.52059019e-01 3.23843479e-01 9.98055816e-01
    8.00313354e-01 5.93961537e-01 4.78076100e-01 5.83009958e-01
    8.52801442e-01 9.31407750e-01 5.68081141e-01 1.00778937e-02
    3.29827070e-02 4.87661272e-01 9.52074766e-01 1.90166146e-01
    6.41770065e-01 3.73750895e-01 8.48347545e-01 2.16479748e-01
    3.36860120e-01 8.08137715e-01 6.69698954e-01 7.12521553e-01
    6.71277344e-01 1.13799214e-01 6.37472987e-01 4.15382147e-01
    7.46550143e-01 4.57665116e-01 4.94691879e-01 9.05833602e-01
    5.89328408e-02 4.06961739e-01 8.15305471e-01 8.38948488e-01
    2.09889174e-01 6.98520780e-01 6.15396798e-02 9.69531119e-01
    5.02932250e-01 5.46508610e-01 7.61501849e-01 2.78561950e-01
    5.02613544e-01 2.07258493e-01 8.09200406e-02 2.71498203e-01
    8.13372493e-01 2.95815349e-01 3.95966649e-01 1.00389063e-01
    6.64359212e-01 6.36136174e-01 5.94326854e-02 5.60677826e-01
    1.03784621e-01 7.78806865e-01 9.08222795e-01 8.21775019e-01
    3.40445936e-01 2.17683315e-01 4.86487240e-01 8.13901305e-01
    2.25270927e-01 4.44795698e-01 7.06057370e-01 7.16873169e-01
    5.47076464e-01 8.11296165e-01 5.50886929e-01 1.59869313e-01
    7.25691557e-01 2.51667738e-01 2.35425234e-01 3.71491104e-01
    2.19205409e-01 4.18909490e-01 4.16474879e-01 6.65138304e-01
    8.38065505e-01 2.26665288e-01 3.60094428e-01 8.14310551e-01
    3.71718526e-01 3.03993642e-01 3.85510027e-01 6.31946564e-01
    2.82967985e-02 2.85158426e-01 1.13421828e-01 7.03617573e-01
    6.65311158e-01 2.01197416e-01 8.77194107e-02 9.79157746e-01
    1.06874108e-01 8.06297064e-01 2.76845127e-01 7.97006190e-02
    2.26249129e-01 9.69955802e-01 6.38061643e-01 6.23208404e-01
    7.34530032e-01 6.21018589e-01 1.06630921e-02 8.87510300e-01
    7.80452669e-01 5.36540747e-01 3.81022394e-02 4.02394950e-01
    4.35750335e-01 4.91322070e-01 4.72579986e-01 7.51502812e-02
    9.99992132e-01 8.24780345e-01 7.36402690e-01 7.05251992e-01
    2.38879889e-01 8.42428803e-01 8.82392824e-02 4.55751538e-01
    5.63450396e-01 6.57416642e-01 8.30478072e-01 3.94222200e-01
    1.15062118e-01 1.67253375e-01 2.04352319e-01 6.49949908e-03
    9.86666679e-01 9.29008007e-01 9.01961327e-01 2.46093243e-01
    3.97498071e-01 1.00346893e-01 3.02966148e-01 8.45380485e-01
    5.86605966e-01 3.12114596e-01 1.03503466e-04 7.18485117e-02
    6.49090946e-01 5.46957850e-01 7.35851228e-02 1.23130560e-01
    7.86782265e-01 5.00840008e-01 5.77045977e-01 1.61907226e-01
    3.08292985e-01 6.61727130e-01 2.77331769e-02 3.55153382e-01
    5.19514084e-01 3.69530916e-03 8.59383464e-01 2.58240342e-01
    3.71011138e-01 4.30618882e-01 4.44833428e-01 3.36970299e-01
    8.17536712e-01 5.51475286e-01 4.56238627e-01 7.72884667e-01
    1.40402377e-01 9.31093693e-02 1.63726389e-01 5.31934738e-01
    7.00383663e-01 7.15281725e-01 9.39212918e-01 6.36820138e-01
    5.28377235e-01 7.34278500e-01 5.93932569e-02 7.13748991e-01
    1.57932103e-01 2.62636900e-01 1.95872903e-01 6.30136549e-01
    9.75141048e-01 8.45705271e-01 4.98451799e-01 2.68628776e-01
    8.52195024e-02 7.27850258e-01 8.09469223e-01 5.09503126e-01
    4.02396142e-01 2.66930848e-01 7.90643990e-02 2.19992846e-01
    3.36062431e-01 8.12122166e-01 9.27761436e-01 4.73854154e-01
    2.46906728e-01 8.40691507e-01 3.42787504e-02 7.00030506e-01
    5.68283558e-01 5.92274785e-01 6.68201745e-02 8.37078810e-01
    9.60161388e-02 9.75058496e-01 3.61927271e-01 4.84266043e-01
    4.35579121e-02 9.71373916e-01 8.45814943e-02 3.79535079e-01
    5.12961209e-01 6.73140645e-01 2.09616601e-01 9.05777454e-01
    9.32956457e-01 1.07670277e-01 3.27862799e-01 6.09178424e-01
    4.01020229e-01 4.40572679e-01 4.56972450e-01 3.57377201e-01
    3.77198994e-01 7.29167759e-01 2.12008804e-01 7.04552531e-01
    5.73284209e-01 5.73388398e-01 6.53920174e-01 2.46293545e-02
    1.74902052e-01 9.54025924e-01 9.30614114e-01 5.33570707e-01
    7.27428019e-01 9.35446382e-01 8.99385810e-01 3.29925776e-01
    3.87155563e-01 4.71762389e-01 6.06741905e-02 9.17203665e-01
    2.41921514e-01 4.49848682e-01 6.16242647e-01 1.96978122e-01
    7.63492286e-01 4.61859792e-01 9.53544915e-01 1.89554662e-01
    9.84508097e-02 3.57376605e-01 1.59808397e-01 6.98413253e-01
    6.06161654e-01 3.98421913e-01 5.35795212e-01 9.26883817e-01
    1.38598323e-01 7.70286679e-01 9.32969809e-01 6.81389570e-01
    6.55922055e-01 3.90073955e-02 4.33862031e-01 3.74333054e-01
    1.24903470e-01 5.10764718e-01 6.03836834e-01 5.56469262e-02
    8.41368556e-01 4.86473352e-01 4.83144462e-01 8.88832211e-01
    7.91465938e-02 2.40026832e-01 8.95644009e-01 9.72587705e-01
    7.44050860e-01 9.46705878e-01 3.30615997e-01 1.81072056e-01
    8.14901590e-02 4.94754255e-01 1.14557058e-01 9.72080708e-01
    6.17848516e-01 8.27140033e-01 3.45930696e-01 4.34856802e-01
    5.29954374e-01 5.00950098e-01 3.52207929e-01 3.59004229e-01
    6.01942480e-01 9.81021643e-01 9.11324739e-01 9.02458906e-01
    9.60654378e-01 8.33638072e-01 2.62260437e-01 7.95785785e-01
    4.71436262e-01 3.21628392e-01 1.10161990e-01 4.30688381e-01
    5.03594279e-01 9.93985057e-01 2.09710002e-03 4.96168822e-01
    1.89319551e-02 3.58776778e-01 4.49158758e-01 7.31023014e-01
    3.86048019e-01 1.93172991e-02 6.24420643e-01 3.83909315e-01
    8.73361707e-01 4.68660563e-01 3.20463657e-01 1.14404112e-01
    4.48724955e-01 9.10967231e-01 8.59353960e-01 6.94710493e-01
    1.40181124e-01 3.63245666e-01 9.92672324e-01 8.80758524e-01
    1.23425096e-01 3.84001106e-01 3.35792065e-01 3.80127549e-01
    4.34452772e-01 6.27094388e-01 9.40226078e-01 3.66794050e-01
    3.71035516e-01 4.44926441e-01 7.86536455e-01 2.36436456e-01
    8.15916240e-01 9.09837484e-02 9.73410666e-01 2.80796617e-01
    7.58743465e-01 3.60275865e-01 4.32133555e-01 4.50692236e-01
    9.98359740e-01 5.20941019e-01 4.38388348e-01 2.01058209e-01
    5.26372254e-01 7.08303750e-01 2.60066867e-01 7.20163286e-02
    9.35296714e-02 9.03469086e-01 5.75255394e-01 2.50219405e-01
    6.87217951e-01 9.84230161e-01 6.95152402e-01 3.11329782e-01
    9.78950441e-01 2.44488984e-01 1.24593675e-01 7.92487442e-01
    9.28760767e-01 5.27799428e-01 5.24192452e-01 4.10358727e-01
    4.95494395e-01 9.70810354e-02 1.41496301e-01 7.32382774e-01
    7.60361135e-01 3.40055168e-01 1.34519666e-01 2.98580348e-01
    9.75962996e-01 7.19452977e-01 3.11172068e-01 2.63733745e-01
    7.45554268e-02 2.77284533e-01 4.41383600e-01 6.68769956e-01
    2.44433284e-01 1.01851225e-01 9.68413711e-01 3.62618595e-01
    4.14203107e-01 8.80732059e-01 7.47667611e-01 5.51918805e-01
    4.57652032e-01 7.45352745e-01 5.13235867e-01 2.33826756e-01
    2.33805776e-02 1.28517151e-02 7.21714497e-01 8.82385850e-01
    4.88937646e-01 6.25107527e-01 1.44082993e-01 3.77442479e-01
    3.21062356e-01 6.70071900e-01 8.36912394e-01 7.00377047e-01
    9.82450128e-01 1.07397527e-01 6.37692571e-01 6.74714565e-01
    6.14918768e-01 1.61287576e-01 1.52274430e-01 3.32345366e-02
    3.29903305e-01 7.76202440e-01 9.06698465e-01 1.45217866e-01
    5.03971577e-01 5.08833647e-01 5.51592290e-01 8.42039049e-01
    1.82812601e-01 7.44108856e-02 3.62426817e-01 8.78294528e-01
    5.01362979e-01 9.71398950e-01 2.81682074e-01 5.96122205e-01
    8.05252194e-01 2.34884918e-01 9.60802138e-02 2.64279217e-01
    5.49612045e-01 6.50451481e-02 3.62745881e-01 7.54841685e-01
    1.19796067e-01 4.09573436e-01 5.75472176e-01 3.72443497e-01
    4.48661238e-01 1.99606329e-01 2.81048536e-01 7.52356112e-01
    3.03153068e-01 3.60495239e-01 9.08744812e-01 8.79859149e-01
    5.38394153e-02 6.58097863e-02 1.90111041e-01 7.78700590e-01
    5.70174634e-01 9.13177252e-01 8.89379859e-01 9.79117632e-01
    9.69563723e-01 9.27495122e-01 1.52520686e-01 9.68804240e-01
    2.65250057e-01 5.67293227e-01 7.28287518e-01 5.53558767e-01
    1.91308320e-01 4.09445435e-01 4.28629309e-01 4.29668963e-01
    6.92238331e-01 9.11856771e-01 9.26045537e-01 6.42605066e-01
    1.52049422e-01 6.44420981e-02 9.84055698e-01 5.93762279e-01
    6.62698150e-02 9.10509109e-01 5.50128162e-01 1.23727411e-01
    1.56030416e-01 6.12442851e-01 6.08268559e-01 9.88509595e-01
    6.17599487e-02 4.25636828e-01 8.09301853e-01 4.53164935e-01
    1.04045808e-01 7.99974799e-01 9.41147447e-01 1.67427063e-01
    6.17141306e-01 7.28069663e-01 3.04253697e-01 7.59659946e-01
    7.97241151e-01 8.19755077e-01 5.12188137e-01 5.13540149e-01
    3.93800974e-01 7.12884426e-01 9.41896081e-01 6.00994468e-01
    3.87271523e-01 5.57398498e-02 8.29868317e-01 5.48921525e-02
    3.59779596e-03 8.72197211e-01 3.07195604e-01 9.06787217e-01
    2.80688822e-01 1.71097904e-01 2.81628549e-01 3.81951958e-01
    3.49950254e-01 5.56221008e-01 4.95253861e-01 8.16037893e-01
    6.72080874e-01 8.92203748e-02 1.69797629e-01 2.59175062e-01
    4.63693947e-01 9.16600406e-01 6.20202839e-01 3.77475858e-01
    1.71003401e-01 6.74676120e-01 5.21063805e-01 2.80917645e-01
    3.24241042e-01 1.42014027e-02 9.00781274e-01 8.94979239e-02
    3.33814412e-01 7.79085457e-02 3.67957115e-01 4.73827422e-01
    7.73690939e-01 5.37447333e-01 3.72286618e-01 8.67598772e-01
    8.21784437e-01 2.40939945e-01 7.19491839e-02 4.81766164e-01
    8.36064517e-02 5.20148456e-01 5.12830436e-01 1.12629503e-01
    7.84792781e-01 2.94154227e-01 7.73934245e-01 8.47095966e-01
    2.98606098e-01 2.39297360e-01 7.64128685e-01 1.48167104e-01
    2.84739703e-01 1.67543888e-02 8.83374810e-01 1.91394597e-01
    5.31138599e-01 5.56525886e-01 8.94472957e-01 8.55941534e-01
    4.47943509e-02 5.57695925e-01 1.21657550e-01 4.98867661e-01
    9.83889341e-01 3.84165645e-02 6.40883386e-01 9.17689145e-01
    2.39507049e-01 2.55034864e-01 5.18935204e-01 5.58850110e-01
    3.84366006e-01 2.30237037e-01 3.39560986e-01 9.07368004e-01
    1.28281832e-01 1.82284713e-01 3.78037035e-01 2.17644721e-01
    4.38983262e-01 3.74629796e-02 5.02267301e-01 9.40375805e-01
    4.42737281e-01 5.77986956e-01 1.94575340e-01 9.72171128e-01
    7.04517961e-01 5.18517375e-01 2.84576625e-01 8.07570815e-01
    4.94080275e-01 8.47249925e-02 3.27143520e-01 4.64588284e-01
    1.98114216e-02 9.52075720e-01 8.79192472e-01 2.43306577e-01
    8.61512482e-01 3.27652752e-01 1.14737779e-01 6.51078820e-02
    3.93853754e-01 5.90791583e-01 3.79238188e-01 4.08956766e-01
    5.31372488e-01 7.92678118e-01 4.43794131e-01 2.19127834e-02
    8.80932033e-01 2.65618652e-01 8.52221727e-01 9.62149441e-01
    6.39408529e-02 8.99722040e-01 6.80671453e-01 8.10823917e-01
    2.60848403e-02 3.18842232e-01 8.14791083e-01 8.01508367e-01
    5.57364821e-01 1.68274611e-01 9.20763314e-02 1.28779262e-01
    6.28849149e-01 6.17202103e-01 1.25592560e-01 8.22768152e-01
    2.64307022e-01 4.58514810e-01 3.15248668e-02 9.06736135e-01
    3.32053304e-01 2.22245336e-01 3.61749768e-01 3.85325253e-01
    2.04742610e-01 1.71224654e-01 9.20303881e-01 9.92607355e-01
    3.20222616e-01 5.78542769e-01 2.99582958e-01 7.32401371e-01
    5.00856280e-01 9.09155905e-01 7.91963339e-02 6.15537703e-01
    3.20763499e-01 7.72382259e-01 2.81216383e-01 6.54887736e-01
    1.10049576e-01 8.61737847e-01 3.95479500e-01 1.25867218e-01
    9.35505390e-01 5.96372426e-01 7.39064813e-03 6.41775131e-01
    6.35940969e-01 6.13012910e-03 3.00038159e-01 1.79897249e-02
    2.41259933e-01 4.09010291e-01 8.08065653e-01 4.43154395e-01
    7.34326959e-01 3.79941761e-02 2.61761069e-01 9.22940373e-01
    9.97861862e-01 8.48659873e-03 1.48286819e-02 9.35010672e-01
    4.93283242e-01 2.95263708e-01 7.12920547e-01 9.21895862e-01
    6.78477049e-01 6.16886973e-01 8.44666958e-01 6.61224306e-01
    4.82495874e-01 4.96833324e-02 8.05201650e-01 7.35982418e-01
    9.17169452e-01 7.35235751e-01 2.73660600e-01 9.14096951e-01
    5.05191803e-01 4.64222908e-01 8.88832808e-01 9.27852690e-01
    3.33291829e-01 8.02355230e-01 6.99080229e-01 4.73244190e-01
    7.66053140e-01 9.48653698e-01 4.40964907e-01 3.52501899e-01
    3.33616138e-03 6.93139672e-01 5.06852031e-01 8.28708291e-01
    1.54256999e-01 6.68242395e-01 3.24933410e-01 8.41628969e-01
    5.01415968e-01 3.31207275e-01 2.64411926e-01 4.02518868e-01
    6.25378489e-02 6.54636383e-01 2.62658417e-01 3.96039099e-01
    6.98294044e-01 9.57749248e-01 3.93209606e-01 8.33129942e-01
    3.02954197e-01 7.28144705e-01 4.10726666e-03 2.01723009e-01
    2.23477870e-01 5.78257084e-01 9.76248384e-01 5.56192398e-01
    2.81149328e-01 4.03797388e-01 2.96140999e-01 3.14574838e-02
    7.09398389e-01 7.41847336e-01 4.06116009e-01 6.96534872e-01
    1.85500234e-01 2.34600395e-01 7.66773164e-01 7.55612969e-01
    3.42160642e-01 2.83474267e-01 8.81880999e-01 6.07642829e-01
    8.90850127e-01 6.54024720e-01 2.04957724e-01 5.52917480e-01
    6.42097712e-01 7.81068981e-01 6.55041277e-01 7.91222930e-01
    6.21579766e-01 2.98013985e-01 6.77605748e-01 4.02707100e-01
    9.43456769e-01 3.53060097e-01 5.23098886e-01 6.12957835e-01
    2.13902354e-01 2.97786474e-01 2.33348042e-01 9.62522507e-01
    4.02317107e-01 5.34128129e-01 2.47660279e-03 8.54552984e-01
    3.06961298e-01 2.81342328e-01 9.37276959e-01 4.56287742e-01
    1.12261891e-01 6.86231315e-01 4.83033061e-01 2.48961419e-01
    3.47883761e-01 8.48799050e-02 2.57775068e-01 9.69013214e-01
    6.52693033e-01 8.65972877e-01 4.15299654e-01 8.91184449e-01
    8.87413859e-01 8.58727932e-01 7.82463551e-02 1.77452713e-01
    2.20246017e-01 9.19582009e-01 3.91254306e-01 6.33350194e-01
    2.77559459e-01 6.24985993e-02 1.80759430e-01 8.31952333e-01
    2.23515391e-01 8.43412220e-01 9.46286738e-01 6.63190484e-01
    4.75467652e-01 5.95548391e-01 2.96184719e-02 5.77571988e-03
    4.21329588e-01 9.84491229e-01 5.81002831e-01 4.61963981e-01
    2.26669073e-01 2.17933953e-02 5.66888750e-01 4.55546916e-01
    4.21711773e-01 8.81988406e-01 8.92889023e-01 4.71262544e-01
    5.00575602e-01 4.08922970e-01 2.87302405e-01 4.39478159e-01
    4.25290704e-01 9.12808478e-02 3.25990617e-01 6.88030720e-01
    3.37792039e-01 3.26792449e-01 5.59003413e-01 8.30042243e-01
    2.40578324e-01 1.03557378e-01 1.09738231e-01 1.73874319e-01
    9.51526403e-01 2.49296606e-01 5.79708815e-02 9.77167189e-02
    5.17038226e-01 9.48946118e-01 2.81229913e-01 4.88677412e-01
    6.04529858e-01 3.62464815e-01 2.10911006e-01 8.11509192e-02
    7.36270070e-01 3.04018706e-01 9.49094236e-01 9.18760300e-01
    8.21936548e-01 2.69274205e-01 5.59669375e-01 3.53397667e-01
    4.61659461e-01 4.76041168e-01 9.66992378e-02 3.02336633e-01
    2.15567231e-01 3.71031731e-01 5.14130414e-01 1.83574557e-02
    7.75830269e-01 4.12439197e-01 7.22630978e-01 3.22701246e-01
    6.65764213e-01 6.06622458e-01 5.43290377e-02 1.15903378e-01
    1.40469283e-01 2.98721194e-02 3.68542373e-01 6.28790021e-01
    3.74320686e-01 8.93154442e-02 5.07479727e-01 7.08499134e-01
    9.83009577e-01 1.05871111e-01 3.57927442e-01 8.61205041e-01
    2.91719258e-01 1.15249544e-01 6.02440715e-01 8.67569149e-01
    7.76660204e-01 7.04450846e-01 8.56842399e-01 1.39104128e-02
    9.43338275e-02 3.77237469e-01 6.97439849e-01 5.43029666e-01
    5.36149442e-01 5.52475691e-01 3.20906669e-01 2.47046947e-01
    8.80898476e-01 2.24414170e-02 4.66661960e-01 5.39719343e-01
    2.23429143e-01 3.98109704e-01 3.90869081e-01 3.39294374e-01
    2.54912555e-01 8.62753034e-01 7.10785210e-01 2.69585550e-02
    3.45553190e-01 2.68912613e-02 5.16983271e-02 1.06856167e-01
    8.03123593e-01 4.47972357e-01 1.30283833e-02 7.30404556e-01
    5.11835873e-01 8.38615179e-01 3.37585807e-01 9.39327121e-01
    4.06460613e-01 8.71056080e-01 1.46028310e-01 1.23850614e-01
    5.34685791e-01 5.04199564e-01 3.60685587e-02 3.95086884e-01
    7.74580657e-01 2.20162302e-01 5.26808381e-01 4.86656517e-01
    2.80150652e-01 1.99016035e-01 1.14608109e-01 6.24475777e-02
    3.75719577e-01 6.43643379e-01 2.00395226e-01 1.61131054e-01
    8.11540008e-01 3.08906674e-01 7.23267198e-01 9.14114833e-01
    9.19177115e-01 4.42294419e-01 3.66671264e-01 3.95321906e-01
    4.64122415e-01 1.97182477e-01 5.59220135e-01 7.80695558e-01
    5.99434257e-01 5.63971758e-01 9.91063595e-01 4.33355808e-01
    6.59790158e-01 5.53401351e-01 2.61403084e-01 7.00989127e-01
    3.50308001e-01 9.28034663e-01 5.08110106e-01 1.01093411e-01
    5.39962888e-01 2.78659195e-01 2.53950059e-01 2.67648697e-01
    8.73226523e-02 1.35688066e-01 1.55813068e-01 7.62814999e-01
    5.82547247e-01 5.97423613e-02 1.22010112e-01 2.05692053e-01
    9.55491662e-01 3.02058458e-01 2.35717088e-01 9.10256743e-01
    6.84788942e-01 5.26855290e-01 2.21605629e-01 5.56315780e-01
    2.15441674e-01 7.95196176e-01 3.91590804e-01 6.07494235e-01
    7.42550313e-01 4.72091675e-01 1.46192580e-01 9.23607349e-01
    2.81868756e-01 8.06269526e-01 2.14276314e-02 4.58132207e-01
    4.81623977e-01 8.57013583e-01 7.05978990e-01 1.23069018e-01
    9.90160286e-01 5.22259831e-01 4.23778892e-01 3.44488621e-01
    3.05458963e-01 2.07047760e-01 9.07004952e-01 3.79015863e-01
    1.81356728e-01 2.05885887e-01 9.80793118e-01 7.25296855e-01
    9.53403831e-01 2.40924567e-01 4.07014191e-01 5.21430552e-01
    5.67004323e-01 3.20631653e-01 8.43668878e-02 5.79929173e-01
    6.92154169e-01 8.92260671e-01 5.80046177e-01 4.97855425e-01
    6.28472805e-01 2.32616037e-01 2.95859098e-01 3.63530636e-01
    7.00048923e-01 3.82301211e-03 7.09120154e-01 1.68280602e-01
    3.67133200e-01 6.94294274e-02 9.56786394e-01 8.83252621e-01
    6.94475889e-01 6.87068105e-01 4.77899581e-01 9.06665027e-01
    8.79240036e-03 4.75651979e-01 1.33567065e-01 4.80714619e-01
    1.38807684e-01 2.62052000e-01 5.81208646e-01 1.94924474e-01
    1.69970602e-01 6.99978232e-01 5.51646650e-01 5.51039279e-02
    2.02368945e-01 8.99055779e-01 1.47829145e-01 3.43340904e-01
    2.50156999e-01 9.47381854e-01 7.23613322e-01 2.57501602e-01
    9.22946036e-02 3.68649423e-01 9.96836364e-01 3.04403603e-01
    8.08678746e-01 5.12564540e-01 5.02589345e-03 2.00873077e-01
    9.25312757e-01 5.96205711e-01 9.00658250e-01 4.49820340e-01
    3.30092609e-02 8.78429413e-03 6.83635890e-01 4.92349148e-01
    2.27084935e-01 1.07918322e-01 6.86036766e-01 8.72252345e-01
    8.83098722e-01 3.27429831e-01 9.41682935e-01 1.00024015e-01
    2.83360392e-01 9.92133260e-01 1.92101091e-01 6.18062913e-01
    9.33942199e-03 5.90366542e-01 2.70113915e-01 5.93207419e-01
    2.96183467e-01 2.11046576e-01 7.39089549e-02 2.78770745e-01
    5.89715719e-01 4.46900249e-01 4.37048912e-01 7.15911388e-02
    8.25047851e-01 8.72553587e-01 4.74632591e-01 2.15721160e-01
    4.32177097e-01 1.55660063e-01 3.86476129e-01 2.78391540e-01
    6.58969879e-01 9.18140650e-01 8.95615101e-01 7.53069460e-01
    8.12052608e-01 4.67993140e-01 1.59312248e-01 9.24306273e-01
    4.35875744e-01 8.05527627e-01 4.47075725e-01 8.37608218e-01
    4.17517304e-01 7.23530352e-02 1.79313362e-01 5.13723969e-01
    5.96545160e-01 3.10323536e-01 8.18294048e-01 9.24107075e-01
    9.16890264e-01 9.28029358e-01 9.87070799e-01 8.92883539e-03
    5.95271170e-01 3.58182967e-01 4.85163897e-01 4.86465096e-02
    1.42693698e-01 8.51863027e-01 9.53818262e-02 3.09787989e-01
    2.63132453e-02 3.21430892e-01 8.76737475e-01 2.15844035e-01
    7.74550378e-01 8.98963273e-01 6.01472616e-01 2.10053980e-01
    3.60700190e-02 6.29076779e-01 1.30666107e-01 1.20417029e-01
    8.97927403e-01 5.38949013e-01 7.77416587e-01 3.60339880e-03
    5.74495435e-01 5.35416722e-01 7.17245281e-01 5.99359214e-01
    1.30516231e-01 3.06547403e-01 6.36308968e-01 1.54524118e-01
    9.43781734e-02 2.47830987e-01 4.43639606e-01 8.79182577e-01
    5.27379632e-01 3.79020303e-01 2.28846908e-01 9.31615174e-01
    8.40283513e-01 2.66269743e-02 8.03776503e-01 8.13329697e-01
    9.76386070e-01 8.10848176e-01 5.12692571e-01 2.59612381e-01
    8.64179015e-01 4.46835995e-01 6.95534468e-01 7.57013559e-01
    4.32005107e-01 7.31238246e-01 7.52668679e-02 2.33020514e-01
    3.39816898e-01 8.81526113e-01 9.06835437e-01 2.38221675e-01
    5.22951126e-01 5.09860516e-01 5.47945201e-01 8.45274866e-01
    5.84309459e-01 6.70579374e-02 3.12249541e-01 4.07042921e-01
    1.49504513e-01 7.89546669e-01 8.01461220e-01 2.83012480e-01
    2.50727475e-01 9.59609449e-01 5.58108747e-01 2.57215023e-01
    4.45789009e-01 7.71635115e-01 2.80528605e-01 2.67913520e-01
    3.75929475e-02 3.58802259e-01 1.98582172e-01 6.90629005e-01
    8.07923377e-01 7.95382857e-02 2.08090574e-01 2.07705021e-01
    8.20771933e-01 8.69248033e-01 7.90265739e-01 8.16364527e-01
    2.29053378e-01 3.02248359e-01 2.17667162e-01 1.95083112e-01
    3.02580327e-01 3.71998608e-01 2.67159939e-03 6.17184460e-01
    1.67409688e-01 6.42399192e-02 8.80643249e-01 3.28160048e-01
    9.83680964e-01 3.04478854e-01 9.11331177e-01 8.95556092e-01
    4.94415015e-01 1.14547729e-01 4.18812931e-02 3.98979962e-01
    8.55652153e-01 2.90781558e-01 6.69409454e-01 8.95671844e-01
    8.30556750e-02 1.68756783e-01 9.95897889e-01 1.45745069e-01
    8.16902220e-02 3.66872728e-01 7.11500287e-01 1.22771740e-01
    9.74897265e-01 6.44718468e-01 7.69633770e-01 7.89559841e-01
    7.62118697e-01 7.94347525e-01 8.29707384e-01 9.66514587e-01
    5.76841235e-01 4.52479035e-01 8.98923039e-01 3.34159970e-01
    5.63257217e-01 9.32016373e-01 4.88094985e-01 3.38387012e-01
    3.00388783e-01 2.38456249e-01 2.08202302e-02 7.20724702e-01
    8.89499784e-01 4.56206113e-01 7.59618700e-01 3.59693110e-01
    2.58584917e-02 7.85214186e-01 4.42675263e-01 4.00880426e-01
    4.30815220e-01 6.88209176e-01 4.30257589e-01 3.18214685e-01
    3.28120947e-01 1.60840452e-01 6.15586281e-01 4.71195579e-01
    9.24356222e-01 1.72929466e-02 4.37929630e-02 6.15615427e-01
    6.78783417e-01 4.33366746e-01 7.02297449e-01 6.29103780e-01
    9.65211093e-02 5.43220460e-01 2.06485450e-01 1.73085630e-01
    5.85017562e-01 1.75537676e-01 5.94077468e-01 6.78530455e-01
    6.15293086e-02 1.10480011e-01 7.28336871e-01 2.79572904e-01
    3.57149243e-02 8.94735932e-01 5.14139116e-01 7.65372396e-01
    1.84175670e-01 8.99324894e-01 5.23522258e-01 8.22192788e-01
    8.87516260e-01 6.61682189e-01 7.74808109e-01 1.87821269e-01
    4.13950533e-01 3.32434297e-01 2.55633056e-01 6.96291268e-01
    4.11188364e-01 5.00532568e-01 6.11500859e-01 1.58849955e-01
    5.78785002e-01 5.61093569e-01 2.91326344e-01 5.20105302e-01
    6.32632554e-01 3.27560782e-01 6.88915730e-01 8.94308686e-01
    3.10486853e-01 4.83414263e-01 2.59792089e-01 5.17509937e-01
    4.99065965e-01 3.93074602e-01 8.05350900e-01 1.94276959e-01
    2.27947354e-01 1.11632228e-01 3.73602509e-01 4.95737970e-01
    9.61033344e-01 5.58191240e-01 5.15902877e-01 7.99853802e-02
    2.70997912e-01 4.19051409e-01 8.64712894e-01 5.51878333e-01
    4.16430235e-01 4.89374787e-01 1.99600369e-01 4.65607047e-02
    4.51472700e-01 8.56074095e-01 6.23768330e-01 2.54495323e-01
    8.43951464e-01 5.10028005e-01 8.41826975e-01 9.23778534e-01
    7.74404466e-01 7.22383142e-01 2.87009001e-01 2.84633040e-02
    5.84307611e-02 3.71871352e-01 4.61087883e-01 2.08599210e-01
    8.47121894e-01 7.64718354e-01 1.73051953e-01 4.69798595e-01
    7.69971728e-01 3.57730627e-01 4.29739684e-01 5.57525158e-01
    4.10881191e-01 4.86525148e-01 1.44896328e-01 2.38782674e-01
    8.48350883e-01 1.33173615e-01 5.83442330e-01 5.20965576e-01
    3.25833946e-01 5.46927214e-01 4.58210558e-01 4.66602325e-01
    3.84937465e-01 4.80026305e-01 2.21445560e-01 9.31161880e-01
    9.16466355e-01 2.07942128e-01 8.12694430e-01 8.75100791e-01
    3.15124154e-01 6.21690750e-01 4.52152938e-01 1.13947719e-01
    3.14593315e-04 7.68339038e-02 8.50819170e-01 3.59679192e-01
    7.22496688e-01 8.11894298e-01 2.28189945e-01 5.52939296e-01
    2.24139303e-01 8.93307090e-01 5.35903335e-01 1.96794093e-01
    3.87617409e-01 5.76631904e-01 8.79179955e-01 7.32111037e-01
    3.11554223e-01 3.88470590e-02 6.79170132e-01 3.93647105e-01
    1.30535960e-02 6.56887472e-01 5.12765408e-01 2.89906353e-01
    9.01262939e-01 8.92530918e-01 3.96127701e-01 9.49247539e-01
    9.09954190e-01 8.34727883e-01 4.24300343e-01 8.18872929e-01
    2.34316081e-01 2.74994195e-01 9.48183179e-01 5.21252036e-01
    9.69153404e-01 1.22989774e-01 2.36259341e-01 6.84848249e-01
    4.52857107e-01 1.07049942e-01 2.46059746e-01 1.69839889e-01
    9.64521587e-01 6.75515234e-01 3.76093626e-01 4.14218098e-01
    7.42639303e-02 8.71656537e-02 4.22900110e-01 6.31964684e-01
    6.05670333e-01 5.38228989e-01 2.75272429e-01 9.74029899e-01
    3.75259608e-01 5.77064216e-01 5.93934178e-01 6.14247262e-01
    9.28130388e-01 5.36092043e-01 1.49221361e-01 3.00217569e-02
    7.75313914e-01 1.45376265e-01 6.90926850e-01 3.71455371e-01
    7.97109008e-01 1.85717642e-02 3.14563215e-01 7.00558782e-01
    5.60604334e-02 6.65667117e-01 8.15198302e-01 2.28533298e-01
    7.93034554e-01 7.36975074e-01 7.87683308e-01 4.72144157e-01
    3.58881116e-01 5.04839957e-01 4.65787143e-01 2.71478951e-01
    3.62930238e-01 7.04332590e-01 6.91245317e-01 7.45687962e-01
    5.61019480e-02 8.31842184e-01 1.39653862e-01 5.46087503e-01
    1.40036374e-01 1.82340384e-01 9.85584736e-01 7.29598999e-01
    1.64671183e-01 1.78398550e-01 2.10811824e-01 8.59715700e-01
    5.76879919e-01 2.88803130e-01 2.54428864e-01 6.83190584e-01
    2.79379785e-02 4.19175804e-01 4.08857226e-01 5.22045612e-01
    2.08757579e-01 1.26407266e-01 4.51778948e-01 9.77072716e-01
    6.54805541e-01 4.28433448e-01 9.77782249e-01 9.15047288e-01
    6.97407603e-01 8.99622440e-01 6.70859098e-01 8.49850893e-01
    2.33653724e-01 3.77777517e-02 1.76859379e-01 7.30477929e-01
    1.09025449e-01 9.49236095e-01 3.32319349e-01 8.72183800e-01
    6.89304471e-02 4.35240567e-02 4.94583845e-02 8.57815146e-01
    8.07943940e-01 2.97306597e-01 3.73436213e-01 2.22663194e-01
    7.22355127e-01 6.77130699e-01 3.09097946e-01 3.39629173e-01
    4.85516608e-01 8.40033352e-01 6.37589097e-01 3.29627633e-01
    1.89286947e-01 7.69398272e-01 3.36583048e-01 9.27332342e-01
    1.45845562e-01 7.80001938e-01 1.87654912e-01 2.94296592e-01
    2.53036320e-02 8.27733636e-01 3.33405733e-01 1.57386065e-04
    8.35200250e-01 9.60822105e-01 7.05145121e-01 8.66863728e-01
    1.08086407e-01 1.00207418e-01 3.53484899e-01 9.91635084e-01
    2.60676146e-02 4.82768714e-01 7.82924533e-01 5.27967215e-02
    5.83179891e-01 8.17068934e-01 6.15401626e-01 9.37853694e-01
    3.97910833e-01 5.56012928e-01 9.29273963e-02 2.66063750e-01
    6.83152914e-01 9.12936270e-01 9.29387391e-01 9.59875822e-01
    3.09904516e-01 2.93726861e-01 4.42064881e-01 2.34104514e-01
    1.25950068e-01 8.28789055e-01 9.24221992e-01 6.37878180e-01
    7.82548666e-01 6.59553230e-01 5.09529591e-01 3.73986065e-01
    5.55993021e-01 9.43705916e-01 3.33038270e-01 2.01370865e-01
    4.48041975e-01 2.64429748e-02 8.85185838e-01 2.12759554e-01
    8.98643613e-01 1.81543648e-01 5.01779675e-01 2.09882081e-01
    1.18550956e-01 2.62627453e-01 9.33261216e-02 3.65266711e-01
    9.47072744e-01 9.42254245e-01 4.17126566e-01 1.80503339e-01
    5.20797312e-01 7.30958939e-01 3.07789981e-01 1.61765039e-01
    1.10995442e-01 1.97648406e-02 8.04417312e-01 2.62576342e-01
    4.37164038e-01 5.03250360e-02 6.86952174e-01 5.95374763e-01
    6.26317978e-01 4.92493331e-01 8.24420214e-01 8.81288290e-01
    8.60246778e-01 2.72466242e-02 9.24363494e-01 4.61483181e-01
    8.30213130e-01 3.30273718e-01 2.88105011e-01 7.61763334e-01
    6.92257881e-01 6.02408528e-01 5.99959016e-01 8.79911125e-01
    4.54623282e-01 1.42195046e-01 9.94378328e-01 3.16254675e-01
    5.80781400e-02 4.55238581e-01 2.80466795e-01 4.66625720e-01
    3.36292088e-01 3.76048863e-01 3.76868159e-01 5.96938193e-01
    2.50155985e-01 1.56335235e-02 6.37444556e-02 8.22013497e-01
    9.73691702e-01 6.57080233e-01 3.82473528e-01 1.98924065e-01
    5.51710248e-01 5.22127450e-01 3.70136559e-01 1.58226252e-01
    2.54950017e-01 3.69458467e-01 5.03763378e-01 1.75915360e-01
    4.64151978e-01 2.52728760e-01 5.68193495e-01 6.62685513e-01
    8.84075463e-01 4.94132042e-02 5.03155529e-01 6.97265148e-01
    6.03871465e-01 9.43570971e-01 1.91455781e-02 5.73558271e-01
    8.82900059e-01 2.21331567e-01 9.58366632e-01 4.41233635e-01
    3.55799854e-01 6.87553644e-01 4.10743445e-01 9.72912252e-01
    4.82207388e-01 7.60863841e-01 6.42006278e-01 7.30069637e-01
    6.14810824e-01 1.36843622e-02 1.20625347e-01 1.10953152e-02
    4.56108391e-01 9.29189920e-01 4.76845533e-01 1.62122399e-01
    3.96162003e-01 5.86201847e-01 3.57759297e-01 2.88958043e-01
    2.21606195e-02 3.93365264e-01 8.19455683e-01 5.19925416e-01
    5.06705642e-02 7.10572660e-01 2.20928937e-01 9.78784680e-01
    3.51428330e-01 9.09820139e-01 3.34884822e-01 2.43575990e-01
    7.49729514e-01 8.18512499e-01 5.83484411e-01 2.09975302e-01
    5.73747516e-01 2.17057616e-01 4.79591548e-01 9.66125131e-01
    4.44373220e-01 1.29266798e-01 2.85581052e-01 6.41031504e-01
    6.40368462e-02 9.94068623e-01 2.59764373e-01 2.40452319e-01
    9.60901022e-01 2.31263816e-01 8.42295229e-01 6.86656356e-01
    3.76780152e-01 2.50177145e-01 6.72958314e-01 9.24207389e-01
    6.71477318e-02 3.88194293e-01 9.86424983e-01 6.58021629e-01
    2.47350097e-01 8.88720393e-01 1.63215101e-01 7.42396832e-01
    5.49327075e-01 5.14022112e-01 5.21032810e-02 8.25919211e-02
    8.60962391e-01 1.78321868e-01 7.36572564e-01 9.34888244e-01
    7.90259957e-01 5.63514292e-01 9.61412728e-01 5.34838140e-02
    2.66776294e-01 4.28495705e-01 8.62165153e-01 7.80945539e-01
    1.36453807e-01 5.66501200e-01 1.86338842e-01 9.38657761e-01
    8.35717082e-01 7.04820991e-01 4.19819593e-01 5.41411638e-02
    5.92771471e-02 7.50016809e-01 2.47813433e-01 9.98633802e-02
    1.22914314e-02 4.91563857e-01 1.05425030e-01 8.07132959e-01
    9.00800586e-01 2.71469176e-01 9.95859087e-01 8.54647458e-02
    7.78396547e-01 8.94013762e-01 8.96218419e-03 8.58981848e-01
    6.84431374e-01 4.58334595e-01 9.57393289e-01 8.91624928e-01
    7.01655149e-01 1.82525903e-01 4.44251299e-01 7.70972013e-01
    6.13223314e-01 8.89105260e-01 2.40038276e-01 2.80458301e-01
    9.13668990e-01 6.21285141e-01 9.00416374e-01 9.01828051e-01
    9.66003776e-01 3.64047289e-01 3.50155413e-01 2.81012446e-01
    6.50553703e-02 5.04630685e-01 1.13703817e-01 4.56669658e-01
    9.95199203e-01 2.78051198e-02 4.15254325e-01 8.03769112e-01
    6.12099469e-02 6.83645010e-01 9.13943052e-01 4.03705716e-01
    6.66703582e-01 8.76203716e-01 1.27057701e-01 6.64247096e-01
    7.23645091e-03 9.23134983e-02 6.46352232e-01 3.10989916e-01
    8.45180869e-01 8.16257834e-01 6.13170683e-01 9.65391636e-01
    9.40869927e-01 1.73612893e-01 8.83238673e-01 2.64663041e-01
    3.11538696e-01 8.71813655e-01 9.63022470e-01 4.52722281e-01
    8.70407701e-01 6.89511955e-01 4.59462494e-01 4.83278781e-01
    2.96008140e-01 8.63951683e-01 1.43732309e-01 6.13923609e-01
    8.15566659e-01 1.63064569e-01 4.36632574e-01 7.58851171e-01
    7.84156024e-01 4.52121556e-01 7.27117300e-01 8.20565641e-01
    8.05819452e-01 4.56088334e-01 5.62473238e-01 1.80333436e-01
    2.28515595e-01 3.95790040e-01 7.94524848e-02 1.38826668e-01
    6.75225139e-01 9.67893064e-01 5.70435286e-01 2.65749991e-02
    8.11598420e-01 9.86045301e-01 6.74223304e-01 6.79787278e-01
    5.92474341e-01 3.11127067e-01 8.65072370e-01 9.66088355e-01
    3.18461657e-01 5.57308018e-01 5.52629888e-01 4.40562278e-01
    5.48338294e-01 4.63621050e-01 1.33203179e-01 5.68852305e-01
    4.74548817e-01 9.12436843e-01 7.33682215e-02 9.88828063e-01
    7.35983133e-01 6.37860775e-01 2.09179580e-01 6.13650799e-01
    1.67142749e-01 6.78115427e-01 8.77639771e-01 6.81234598e-01
    1.06575489e-01 4.71425116e-01 1.40516758e-01 1.66101754e-02
    6.33688807e-01 2.20955700e-01 1.97986513e-01 2.99092025e-01
    1.79048628e-01 9.06626701e-01 6.94034100e-01 2.79360563e-01
    7.59680748e-01 7.60604620e-01 4.42476064e-01 3.65076065e-01
    2.32320279e-01 7.87990212e-01 1.70616329e-01 8.85182023e-01
    5.65746844e-01 9.21781540e-01 1.46246105e-01 8.89967918e-01
    7.70893216e-01 8.28133523e-01 8.67207646e-02 9.38956738e-01
    3.05006057e-01 2.05764383e-01 6.30519569e-01 8.21032643e-01
    2.69090772e-01 3.12247097e-01 8.12544107e-01 7.90403247e-01
    8.65571380e-01 9.82612014e-01 2.81491816e-01 4.26354110e-02
    4.12317872e-01 3.74456346e-01 6.37609899e-01 7.79478788e-01
    1.92809075e-01 6.76951528e-01 8.92743051e-01 3.71061742e-01
    2.32908398e-01 2.43770778e-01 4.30194348e-01 7.85357594e-01
    6.31545246e-01 2.28561789e-01 8.79936278e-01 2.51325816e-01
    8.48364472e-01 7.77834356e-02 8.40605378e-01 7.80276418e-01
    9.01883543e-01 1.90032274e-01 7.12603629e-01 6.70310855e-01
    3.83720487e-01 3.23632687e-01 8.38822424e-02 3.49821150e-02
    2.82784700e-01 1.63282335e-01 7.24421859e-01 5.92291415e-01
    2.88062394e-02 1.01722986e-01 3.92352939e-02 4.32337016e-01
    3.07975054e-01 3.81442606e-01 2.53945351e-01 1.11358643e-01
    5.25953650e-01 9.07629669e-01 1.43417507e-01 1.13014728e-01
    5.76331854e-01 5.64505339e-01 1.97210640e-01 4.68880773e-01
    9.87761736e-01 9.56541061e-01 6.03684485e-02 3.89144212e-01
    9.39733386e-01 1.93140507e-01 7.29280293e-01 2.98385024e-01
    8.47742677e-01 4.48199540e-01 8.32239747e-01 8.95591497e-01
    6.17535472e-01 3.63303244e-01 7.65770793e-01 1.88991427e-03
    4.49924827e-01 6.07975781e-01 8.67864430e-01 4.76927847e-01
    2.55756140e-01 9.87914681e-01 4.62932378e-01 1.54312313e-01
    4.84628081e-01 7.32225537e-01 4.53620136e-01 2.61643112e-01
    4.08603847e-01 8.92088532e-01 1.27752781e-01 2.15144336e-01
    9.28356707e-01 6.99475765e-01 5.17617404e-01 8.73999715e-01
    2.04807580e-01 1.09219044e-01 2.07508326e-01 8.40485692e-01
    6.87689364e-01 2.55303979e-01 9.83487248e-01 6.40155911e-01
    5.10696948e-01 9.42036450e-01 4.27783668e-01 6.58333540e-01
    7.86475301e-01 6.29002154e-02 1.28042072e-01 7.68760979e-01
    5.35798073e-03 7.25642145e-02 2.26395071e-01 9.18963790e-01
    2.02214867e-01 1.64446145e-01 4.70826924e-02 8.17206383e-01
    8.63282681e-01 1.70952648e-01 3.75975370e-02 3.00077260e-01
    4.45743561e-01 7.36426115e-02 2.10000873e-02 1.61793709e-01
    5.06919920e-01 1.84763312e-01 9.98040080e-01 5.34680188e-02
    4.44048256e-01 8.76677215e-01 3.99135888e-01 1.27882272e-01
    6.89859331e-01 8.99625421e-01 4.08516824e-01 6.45442486e-01
    7.55462050e-01 6.20504916e-01 6.88173771e-01 1.47851557e-01
    9.04533744e-01 4.70972508e-01 5.84429502e-02 1.92597717e-01
    3.93831939e-01 9.10641968e-01 8.68085265e-01 2.68627077e-01
    2.05888957e-01 3.02936733e-01 2.40536004e-01 9.43803787e-02
    6.14420891e-01 4.18817759e-01 8.87093186e-01 5.61832190e-01
    1.21682644e-01 5.93823254e-01 7.72822380e-01 3.74549150e-01
    1.74351096e-01 9.21573579e-01 1.42849773e-01 2.33656108e-01
    9.81836557e-01 1.78692460e-01 3.06712866e-01 5.78166962e-01
    8.34342718e-01 7.13872254e-01 2.90930331e-01 6.80582523e-02
    2.47455508e-01 2.07341105e-01 4.08316165e-01 5.32467186e-01
    2.70539522e-03 4.06403899e-01 2.44873524e-01 9.01976287e-01
    9.35806632e-02 4.73778486e-01 9.80348110e-01 7.35135674e-01
    5.79244256e-01 6.42668903e-02 3.82486910e-01 7.87418544e-01
    8.71451378e-01 2.41916001e-01 4.84484434e-02 2.97874063e-01
    4.12927002e-01 5.98293900e-01 2.69386530e-01 3.76981407e-01
    8.53428900e-01 6.04879141e-01 5.58805525e-01 3.80323797e-01
    5.87235868e-01 3.08829039e-01 3.03782940e-01 2.24669874e-01
    2.53728181e-01 5.07143438e-01 3.68577778e-01 6.23867810e-01
    4.88692135e-01 9.58862007e-02 6.46416187e-01 5.98235488e-01
    5.40778041e-01 9.13411796e-01 9.10531044e-01 4.61296737e-01
    7.00138330e-01 6.22534096e-01 7.33932137e-01 4.68318731e-01
    4.43988383e-01 8.63940120e-01 1.49481595e-02 4.21824127e-01
    8.87265444e-01 9.62738633e-01 3.57396305e-02 3.69833112e-01
    2.77759731e-01 6.06230378e-01 2.34767109e-01 6.63283706e-01
    7.98067331e-01 1.44130409e-01 6.05095744e-01 7.89900422e-01
    5.03513575e-01 6.61235929e-01 6.42614603e-01 5.68612158e-01
    4.91927624e-01 6.26593351e-01 5.12382686e-02 7.33166516e-01
    2.78454661e-01 5.11648595e-01 2.72798270e-01 3.81584287e-01
    7.16272831e-01 4.70395684e-02 2.84323990e-02 8.37565303e-01
    2.21168578e-01 7.49112010e-01 9.10826445e-01 8.25193167e-01
    5.63268542e-01 4.24843967e-01 8.97293687e-01 1.41400218e-01
    9.14247513e-01 3.76846194e-01 6.66432619e-01 6.06049716e-01
    6.38496280e-01 5.29183567e-01 2.43702114e-01 6.88556015e-01
    9.43951905e-02 9.41433430e-01 3.66703868e-01 8.96638632e-01
    1.23096973e-01 9.69332457e-01 2.97944486e-01 3.35716307e-01
    2.25367963e-01 1.72824800e-01 3.55873644e-01 1.11631542e-01
    7.09427595e-01 7.55021930e-01 5.16224921e-01 7.15090692e-01
    7.62755394e-01 7.62184501e-01 9.47215438e-01 3.66654247e-01
    1.64787561e-01 6.08919740e-01 2.43653953e-01 4.57466900e-01
    2.63599068e-01 2.98089296e-01 2.68853188e-01 6.09482467e-01
    4.39299107e-01 2.64170974e-01 9.28323030e-01 1.20085657e-01
    7.48226166e-01 2.98802495e-01 3.05280864e-01 9.27433431e-01
    5.66317916e-01 7.51126885e-01 9.76965070e-01 9.21265543e-01
    5.12676239e-01 5.19586146e-01 2.36559808e-02 8.95797431e-01
    7.02940106e-01 8.73866975e-02 5.48100352e-01 1.36357576e-01
    9.46550727e-01 5.00147045e-01 3.81470978e-01 2.72650242e-01
    2.69853264e-01 5.43535650e-02 8.58469367e-01 3.35964561e-02
    7.16333032e-01 3.70653510e-01 5.48538029e-01 8.47525775e-01
    4.40986693e-01 2.07625598e-01 9.61583912e-01 1.93896592e-01
    7.12316751e-01 4.07601416e-01 5.95989525e-01 9.44857001e-02
    3.85569334e-01 4.32330936e-01 4.79630798e-01 4.66347605e-01
    7.49743044e-01 6.62153065e-01 9.64705586e-01 5.98963082e-01
    2.11168915e-01 6.71714544e-04 3.30868721e-01 1.71312034e-01
    1.23007149e-01 9.13975060e-01 4.92137253e-01 3.65540206e-01
    6.52226448e-01 7.56554425e-01 6.34712279e-01 3.54725957e-01
    5.62514782e-01 4.81673062e-01 3.76400113e-01 1.10157549e-01
    7.95637012e-01 2.71661133e-01 9.10661638e-01 6.62444830e-02
    5.31459391e-01 5.90851605e-01 3.34734499e-01 9.01172519e-01
    2.55363166e-01 4.86195982e-01 5.94994366e-01 1.26566678e-01
    6.50789440e-01 3.21519852e-01 2.14411557e-01 1.22035384e-01
    8.53654921e-01 2.76353091e-01 9.34649110e-01 5.62515855e-01
    6.49666607e-01 1.18316650e-01 1.43328190e-01 7.03235328e-01
    4.12658840e-01 9.25120711e-01 8.07065248e-01 8.74013126e-01
    4.25222814e-02 1.82080656e-01 3.46059889e-01 8.24870825e-01
    4.83422995e-01 1.84808403e-01 5.62960207e-01 5.77964902e-01
    9.09299672e-01 7.99771667e-01 1.87787056e-01 4.04423803e-01
    9.23469722e-01 2.97605634e-01 4.16083097e-01 9.99630392e-02
    1.09067589e-01 1.53599322e-01 5.33804238e-01 3.16387117e-02
    8.44665408e-01 8.34995389e-01 1.52492315e-01 1.98095739e-02
    3.96968216e-01 2.50143051e-01 4.25887883e-01 8.71300995e-02
    1.57026321e-01 5.62064111e-01 1.18528366e-01 8.84329081e-01
    8.97833288e-01 9.46756959e-01 7.35091746e-01 5.43663621e-01
    4.61139083e-01 3.09449553e-01 1.45550102e-01 8.92525792e-01
    5.21150231e-03 7.94892967e-01 1.76117420e-02 2.61691093e-01
    9.38137174e-02 3.51026297e-01 2.89262563e-01 6.05444551e-01
    6.09400332e-01 8.66210759e-01 6.54250681e-01 9.73290205e-01
    9.95414019e-01 1.71627641e-01 1.07601285e-01 1.68537557e-01
    2.09506959e-01 7.05525339e-01 7.32178688e-01 2.34692693e-01
    5.60437143e-01 6.89817548e-01 9.02085364e-01 8.23835373e-01
    1.45281404e-01 9.45217013e-01 2.76431888e-01 4.77667034e-01
    6.59385324e-01 5.55270016e-01 1.03997916e-01 5.23770630e-01
    3.87695432e-03 4.10030544e-01 4.36397284e-01 8.51615191e-01
    1.41569853e-01 9.48698044e-01 7.49991775e-01 7.23205924e-01
    3.81981820e-01 7.37395108e-01 6.85234070e-01 9.85919714e-01
    2.38359034e-01 8.43227148e-01 4.54095870e-01 2.95877904e-01
    7.89186478e-01 1.47109181e-01 9.31887746e-01 5.43056011e-01
    7.82269180e-01 6.05142653e-01 7.88630366e-01 2.08504140e-01
    9.01045918e-01 3.45813245e-01 5.39037526e-01 9.36064541e-01
    2.96029329e-01 3.87824655e-01 6.56562746e-01 5.02376080e-01
    2.08479017e-01 9.26191926e-01 8.65009308e-01 7.74830759e-01
    7.78373957e-01 8.49508643e-02 3.87039810e-01 2.04332739e-01
    8.21501017e-01 4.79743421e-01 2.57590115e-02 8.89199376e-01
    2.74544269e-01 1.73086315e-01 9.52046514e-01 5.53317547e-01
    3.50993276e-01 9.83655691e-01 7.09515452e-01 9.00798321e-01
    7.61140823e-01 8.18944931e-01 6.97370172e-01 6.13339603e-01
    4.57673967e-02 7.17779100e-01 3.72454703e-01 9.24412847e-01
    7.82198727e-01 5.05644083e-03 2.70374477e-01 9.75822031e-01
    7.72577763e-01 2.08133936e-01 2.52629042e-01 8.04274857e-01
    9.85732555e-01 4.85867530e-01 2.68262327e-02 2.01491594e-01
    5.84113479e-01 3.18977118e-01 2.59329140e-01 9.07452226e-01
    3.41591567e-01 8.91902149e-02 3.50559652e-01 2.70934999e-02
    4.83699113e-01 1.38367832e-01 7.92221010e-01 7.21956432e-01
    8.48408043e-01 1.43055141e-01 1.93433106e-01 8.81165266e-02
    3.67170513e-01 1.45151377e-01 5.06552160e-02 5.28303504e-01
    2.72197485e-01 4.81781632e-01 2.57398605e-01 7.22523928e-01
    7.16098845e-01 1.51059926e-02 9.97643709e-01 2.84304976e-01
    5.40009379e-01 5.29634118e-01 5.20923972e-01 7.15930462e-01
    4.57380652e-01 8.00581217e-01 3.23188424e-01 9.32885528e-01
    7.13120699e-01 6.96192861e-01 3.89462233e-01 4.62765098e-02
    9.33307350e-01 4.41444218e-01 9.99381602e-01 4.81127918e-01
    1.74734056e-01 3.82464230e-02 6.74847245e-01 4.73489672e-01
    8.67000580e-01 7.20230520e-01 2.85927355e-02 9.09119129e-01
    1.22183084e-01 3.36696804e-01 3.99552673e-01 2.55192876e-01
    9.84051108e-01 9.56084371e-01 3.61093521e-01 8.16185832e-01
    6.76221550e-01 1.99017137e-01 6.85032606e-01 5.33451676e-01
    2.96714604e-01 1.36994779e-01 2.99041510e-01 3.64875644e-01
    9.55680311e-02 2.23515034e-02 9.50091839e-01 6.32251620e-01
    9.08846736e-01 5.17595351e-01 3.40058267e-01 4.10502374e-01
    7.44080305e-01 8.32245350e-02 2.44362652e-01 5.77062607e-01
    2.39294171e-02 4.75922078e-01 9.88453150e-01 1.47354722e-01
    4.97171700e-01 5.39309084e-01 8.04332614e-01 4.65488493e-01
    2.10432172e-01 9.85993505e-01 8.60645175e-01 5.73281109e-01
    5.80757678e-01 9.68812108e-01 2.97798336e-01 9.36625123e-01
    6.38727486e-01 8.24219465e-01 1.49465799e-01 8.26902807e-01
    6.95843875e-01 8.97192121e-01 7.33603954e-01 6.03256226e-02
    8.74445915e-01 6.04017854e-01 5.68297327e-01 8.45327318e-01
    9.19038951e-01 8.52573156e-01 5.67142069e-02 5.76633275e-01
    4.65191245e-01 7.59034991e-01 2.10914642e-01 6.30848229e-01
    4.51585412e-01 4.60626334e-01 8.95610392e-01 1.44297451e-01
    8.54864955e-01 9.24355626e-01 2.48408288e-01 3.66485000e-01
    2.33147532e-01 3.89530241e-01 6.88557327e-01 4.41521943e-01
    1.53726667e-01 6.51553750e-01 2.06645191e-01 7.68599272e-01
    3.56919050e-01 1.00422919e-01 1.44315898e-01 7.49113441e-01
    1.10595345e-01 5.73277593e-01 2.43392795e-01 1.50072038e-01
    2.91050375e-01 3.49815130e-01 2.97024399e-01 6.11182272e-01
    6.02473199e-01 4.74886954e-01 3.36135328e-01 8.94792080e-02
    6.45967543e-01 6.88413262e-01 3.52125049e-01 3.97499025e-01
    9.81814802e-01 4.44282293e-01 7.25933373e-01 9.39016640e-01
    8.86312366e-01 1.39061153e-01 4.13788974e-01 3.34922433e-01
    8.18935096e-01 7.30731726e-01 5.16792297e-01 4.27890301e-01
    8.14903796e-01 1.23570353e-01 6.10976398e-01 8.49196911e-02
    1.20990515e-01 1.82744771e-01 9.95758176e-01 4.78174388e-02
    6.97012246e-01 7.54812002e-01 6.81089222e-01 8.34021211e-01
    8.95372570e-01 2.57738411e-01 1.44129187e-01 5.89549541e-03
    3.08535129e-01 5.26078224e-01 4.61206436e-02 2.75303960e-01
    1.74351811e-01 9.24077630e-03 8.30786467e-01 2.65194476e-02
    2.05388576e-01 9.09662366e-01 4.50479209e-01 8.86007786e-01
    9.75974798e-01 4.63365912e-02 2.59633660e-02 9.88867521e-01
    7.25632548e-01 4.42788154e-01 3.36524010e-01 1.75529331e-01
    2.08566189e-02 3.07059914e-01 2.87390947e-01 5.51553369e-01
    3.34267795e-01 9.64097381e-01 5.09956300e-01 9.67761278e-01
    2.31475294e-01 4.85398173e-02 4.71150696e-01 9.58224773e-01
    1.71688527e-01 3.33789706e-01 4.64118302e-01 3.58270198e-01
    6.16292655e-02 1.54577553e-01 2.90932059e-02 7.28662014e-02
    1.31855309e-02 1.78486615e-01 5.68476021e-01 4.81161416e-01
    9.70098436e-01 9.97749269e-02 9.63438094e-01 6.12878680e-01
    2.12516814e-01 6.26083732e-01 2.09398717e-01 1.33867979e-01
    1.95630342e-01 3.90329123e-01 6.97885394e-01 9.60120261e-02
    9.98935580e-01 5.26835024e-01 4.61681664e-01 4.53784943e-01
    9.91752744e-01 8.60575914e-01 9.83026445e-01 4.19735491e-01
    9.83597338e-01 9.16004419e-01 6.83027625e-01 8.99198413e-01
    8.91021729e-01 6.67646289e-01 7.74406493e-01 7.72780657e-01
    9.54977989e-01 8.25561881e-02 2.54410207e-02 4.71647829e-01
    8.75069618e-01 3.07314873e-01 7.00888515e-01 1.65101409e-01
    8.48395765e-01 2.01428264e-01 2.70244271e-01 4.56230968e-01
    7.13214755e-01 1.85140371e-02 7.31295526e-01 1.70431525e-01
    2.82420576e-01 7.06842303e-01 5.09473503e-01 8.79147410e-01
    3.54211569e-01 5.12444377e-01 6.99544311e-01 4.43792343e-02
    2.95694411e-01 5.61944485e-01 3.36773753e-01 3.32594186e-01
    8.64304185e-01 7.62585282e-01 1.83076084e-01 1.42107666e-01
    1.67468727e-01 7.04186976e-01 8.16753626e-01 9.94657278e-01
    3.61759961e-02 1.16074651e-01 6.99781179e-02 5.24035633e-01
    6.98764443e-01 6.04221702e-01 7.20392108e-01 5.75257242e-01
    6.26641452e-01 3.42260599e-01 2.92108953e-02 2.11436957e-01
    8.11235011e-02 4.42815870e-01 9.09075141e-01 6.37979925e-01
    7.62648523e-01 3.66975427e-01 3.25633347e-01 7.78923035e-01
    6.77820921e-01 5.07662058e-01 3.09098214e-01 1.63018703e-02
    2.73792833e-01 4.08088505e-01 8.99353266e-01 1.13422275e-01
    9.44938421e-01 3.07740867e-02 5.44939995e-01 6.00558400e-01
    5.57358086e-01 9.92713094e-01 2.55771011e-01 3.26085150e-01
    9.42692339e-01 2.27588654e-01 1.43705606e-01 2.52171189e-01
    9.80285704e-02 4.77368504e-01 3.56911540e-01 3.14286470e-01
    6.45408034e-03 3.26771259e-01 3.35265011e-01 9.66562390e-01
    9.74040151e-01 2.65601218e-01 5.47672570e-01 7.92087734e-01
    7.77657688e-01 9.94864702e-01 4.19280410e-01 2.86894619e-01
    1.86932951e-01 4.58039105e-01 2.45885909e-01 7.02759206e-01
    1.27497971e-01 1.87207401e-01 6.11180007e-01 3.01643908e-01
    4.43227679e-01 7.93342471e-01 2.24504888e-01 9.33957100e-01
    4.20229465e-01 3.25564504e-01 9.39012527e-01 7.19492197e-01
    1.39510572e-01 5.26576161e-01 3.74769777e-01 2.34700292e-01
    5.72173059e-01 7.81460643e-01 2.60972083e-02 4.26136315e-01
    1.30965918e-01 2.86421448e-01 6.59386933e-01 6.91756427e-01
    9.44971025e-01 3.06059778e-01 4.05142456e-01 8.35196972e-01
    3.39590132e-01 7.86151767e-01 2.35906303e-01 7.03815460e-01
    2.29589552e-01 7.66510904e-01 4.39648926e-01 4.88859355e-01
    5.72978497e-01 3.12181950e-01 4.76336896e-01 8.17300975e-02
    3.64122838e-01 4.82032955e-01 5.25629640e-01 9.21753764e-01
    7.78652489e-01 5.86255908e-01 8.51461530e-01 1.65105462e-02
    5.73202133e-01 2.32031584e-01 6.82873726e-01 4.34055239e-01
    7.91228056e-01 3.97662222e-02 8.24562669e-01 2.78037935e-01
    8.34217429e-01 7.11591601e-01 5.13763547e-01 3.78773808e-02
    1.66918635e-02 2.41492897e-01 7.76750088e-01 7.22542644e-01
    8.45883250e-01 8.43526185e-01 5.78162253e-01 3.95756423e-01
    3.14400196e-01 2.93369174e-01 4.77506310e-01 1.59096718e-01
    4.42559719e-01 8.10828805e-01 5.26089311e-01 3.73076320e-01
    9.83108521e-01 7.18676090e-01 2.14665532e-01 6.11823142e-01
    8.95007014e-01 6.35764837e-01 9.42412019e-01 2.81993330e-01
    7.14563727e-01 3.13371956e-01 4.10177529e-01 9.97255802e-01
    3.43137741e-01 3.24312985e-01 8.39543939e-01 5.77918887e-01
    6.04518175e-01 4.00283813e-01 5.49241722e-01 2.20284849e-01
    2.33357668e-01 5.73409796e-01 7.28610098e-01 2.96742499e-01
    8.10355484e-01 5.76274991e-01 4.47546571e-01 6.93862796e-01
    3.68923843e-01 3.73084843e-02 4.60560441e-01 9.18670654e-01
    1.95261478e-01 4.85974818e-01 7.08305240e-01 1.35132670e-01
    9.66588616e-01 8.51959407e-01 5.43434501e-01 6.94136381e-01
    1.75339639e-01 2.45039135e-01 4.96225983e-01 2.53437698e-01
    5.77226281e-03 5.49827993e-01 1.90654665e-01 3.48126352e-01
    9.59576607e-01 3.10398817e-01 9.56637502e-01 8.69153440e-02
    4.00264114e-01 7.89912939e-01 6.23366833e-02 2.42407084e-01
    3.71332765e-01 8.88677955e-01 2.92870939e-01 6.67874694e-01
    4.39223200e-01 2.69751281e-01 4.12371129e-01 4.30469513e-02
    7.03095675e-01 4.21244532e-01 8.12932372e-01 4.95360732e-01
    2.33994871e-01 2.83001959e-01 1.19968057e-01 1.12656474e-01
    5.95152855e-01 3.00029278e-01 8.76396358e-01 4.84312057e-01
    2.07620949e-01 8.34183991e-02 3.93747568e-01 7.44566262e-01
    1.81271225e-01 6.13972604e-01 7.76927292e-01 9.44768786e-01
    7.53532887e-01 2.91825473e-01 6.99800968e-01 3.47197175e-01
    5.71105421e-01 6.09367967e-01 8.69275212e-01 1.33741677e-01
    8.26822102e-01 3.32623363e-01 2.86716223e-02 4.52405602e-01
    5.60965359e-01 7.83807039e-01 1.63404346e-02 6.60658419e-01
    8.88089657e-01 7.70981073e-01 7.99371362e-01 9.54336286e-01
    6.98107362e-01 4.24344718e-01 3.00832093e-01 3.71641815e-02
    9.42907631e-01 6.30333364e-01 7.78366029e-02 1.87975287e-01
    9.44329798e-01 5.38218260e-01 1.85528576e-01 7.56006062e-01
    2.15122998e-01 7.73207843e-01 5.66535592e-02 9.56630230e-01
    1.46520138e-01 4.41010654e-01 9.44581449e-01 5.65434456e-01
    9.17693257e-01 7.65225232e-01 3.29696000e-01 9.11921263e-03
    1.10225528e-01 6.50577664e-01 7.77208328e-01 2.86266893e-01
    8.52037907e-01 9.16886210e-01 2.58592427e-01 5.16503572e-01
    6.36832952e-01 5.09625196e-01 5.38598895e-01 2.70794213e-01
    4.63161081e-01 3.98032308e-01 1.38575464e-01 3.32564235e-01
    4.03362036e-01 2.32334554e-01 5.80748022e-01 1.07104778e-02
    3.92915040e-01 2.81310201e-01 4.41755503e-01 5.12343884e-01
    5.00154018e-01 8.69628549e-01 2.22415119e-01 1.86459661e-01
    8.94602060e-01 2.07121968e-01 5.33842623e-01 6.03039980e-01
    1.81679696e-01 5.86110413e-01 1.39385968e-01 7.50104666e-01
    2.91209519e-01 4.89175141e-01 2.61619687e-02 6.81640863e-01
    4.71806228e-02 6.47170305e-01 7.63844252e-01 2.44667262e-01
    6.53869271e-01 1.57034218e-01 2.53745228e-01 5.59404254e-01
    3.54842961e-01 7.81633854e-01 4.15277928e-01 4.96155828e-01
    5.93131840e-01 4.64106053e-01 9.68532681e-01 6.00972891e-01
    7.84778595e-01 5.34899354e-01 4.94067669e-01 1.79983109e-01
    3.49185407e-01 7.30716825e-01 5.57041824e-01 3.90216470e-01
    4.98257548e-01 2.81205773e-03 4.32034373e-01 4.83733892e-01
    9.87242758e-02 6.55567706e-01 6.10537827e-01 9.98014212e-01
    7.05636978e-01 3.20139319e-01 9.41215277e-01 8.65575314e-01
    1.85463727e-02 8.69622111e-01 9.85108376e-01 3.86432230e-01
    7.22332120e-01 1.69575036e-01 3.12831640e-01 6.44834399e-01
    9.61538851e-01 2.75761455e-01 5.53966403e-01 2.74263561e-01
    6.63572073e-01 2.50783563e-02 5.74168563e-01 7.51840353e-01
    3.97406399e-01 1.72708035e-02 3.03289950e-01 6.66151464e-01
    4.71901894e-03 4.95075136e-01 2.91987747e-01 3.39707315e-01
    9.60575342e-01 5.12523055e-02 3.06770712e-01 6.95975780e-01
    8.59412193e-01 3.34380269e-01 3.72741222e-01 1.55093729e-01
    1.96114480e-01 4.91401404e-01 5.58145106e-01 2.64170587e-01
    5.86219549e-01 2.81243920e-01 8.67189050e-01 7.00968325e-01
    1.01440549e-02 5.78731239e-01 1.04155064e-01 9.33723450e-01
    8.43470812e-01 6.34989619e-01 1.22294337e-01 3.47337067e-01
    8.67397785e-01 5.43872952e-01 7.56791949e-01 4.97264862e-02
    7.01248050e-01 1.35358721e-01 4.87439722e-01 1.27650410e-01
    1.06978178e-01 5.10826230e-01 4.15603876e-01 4.74621654e-01
    4.89847481e-01 2.80890107e-01 6.56209886e-01 7.58309066e-01
    9.04110670e-01 2.11426616e-02 9.66982484e-01 7.91903138e-01
    2.60173321e-01 8.62081766e-01 7.68137813e-01 6.70797825e-01
    1.56163454e-01 8.86743665e-01 7.13668048e-01 4.71303463e-02
    6.73360288e-01 5.45586228e-01 6.34929419e-01 2.98172832e-01
    3.45806450e-01 6.05657399e-02 7.61682987e-01 6.13273382e-01
    5.63437700e-01 2.20388770e-01 8.23915422e-01 1.35490090e-01
    9.63008642e-01 8.65042806e-01 9.93470669e-01 7.02103019e-01
    2.70863593e-01 5.29063046e-01 8.96182239e-01 3.55349779e-02
    3.35337639e-01 9.99123931e-01 7.12759852e-01 6.69111848e-01
    5.31422019e-01 6.24320805e-01 8.05737853e-01 9.04918313e-01
    5.04096091e-01 1.29576862e-01 3.85197133e-01 6.00643992e-01
    9.94802535e-01 6.30250454e-01 8.34122300e-01 9.40852523e-01
    4.14561421e-01 2.51152456e-01 6.00096226e-01 7.35232413e-01
    7.37585425e-01 3.90185297e-01 8.74444187e-01 6.22213304e-01
    5.64908981e-01 8.10956359e-02 7.88667560e-01 3.53900433e-01
    7.76702762e-01 6.94791019e-01 1.51718706e-01 8.24651003e-01
    4.30679739e-01 4.75423276e-01 3.90239269e-01 3.40657532e-01
    3.73554289e-01 6.18725359e-01 3.05814862e-01 4.33639586e-02
    6.97422683e-01 5.75925767e-01 8.95753384e-01 9.88541842e-01
    7.76679039e-01 2.11000741e-01 4.66081142e-01 8.74742389e-01
    1.27674460e-01 4.22106683e-01 8.58768582e-01 2.50018954e-01
    7.81451941e-01 4.67850596e-01 5.88685334e-01 4.38625067e-01
    3.25710595e-01 5.93692958e-01 3.42154384e-01 8.56726706e-01
    2.77240574e-02 3.26909482e-01 4.71365452e-03 5.48548639e-01
    3.20750117e-01 2.40570247e-01 4.52891409e-01 4.15814102e-01
    9.63419318e-01 8.01316142e-01 3.57840836e-01 4.32463497e-01
    4.88912433e-01 2.68876970e-01 6.18523419e-01 7.45312512e-01
    5.65498412e-01 5.53997874e-01 6.25762820e-01 7.72518635e-01
    2.79506654e-01 4.42347586e-01 1.87378168e-01 6.69452369e-01
    8.89946520e-01 9.91724849e-01 1.30524337e-01 2.10560352e-01
    1.96886152e-01 7.20343888e-02 4.20628369e-01 8.27573836e-01
    5.54733932e-01 3.68593127e-01 5.51430583e-01 2.56600112e-01
    9.00880575e-01 2.28047669e-02 1.88740641e-01 5.04794836e-01
    8.07280958e-01 6.98198915e-01 7.85335183e-01 9.78338122e-01
    2.93757021e-02 1.53155804e-01 3.92701566e-01 7.44054556e-01
    4.94293720e-01 5.74717045e-01 3.04351687e-01 1.88990921e-01
    8.95027757e-01 3.61314714e-01 9.52786207e-01 8.42579722e-01
    6.88689351e-01 5.68782091e-01 9.09936249e-01 3.33036780e-01
    6.17777467e-01 3.05926472e-01 9.26341951e-01 9.10663962e-01
    2.33223110e-01 2.97374725e-02 3.90078247e-01 3.25993896e-02
    1.44555390e-01 3.18503320e-01 6.83775127e-01 6.51464045e-01
    3.15427095e-01 6.83785975e-02 3.86826783e-01 8.23486328e-01
    2.15366900e-01 3.81661654e-02 5.55757165e-01 1.45361036e-01
    1.23433799e-01 2.14874923e-01 8.72188330e-01 7.36726761e-01
    7.96392918e-01 9.15924191e-01 2.30550438e-01 4.90724742e-01
    1.11737430e-01 1.45810544e-02 4.19532835e-01 4.89086479e-01
    9.00113344e-01 1.72286034e-02 4.86457497e-01 5.18880665e-01
    3.14233303e-01 7.52126932e-01 8.99893880e-01 8.58020544e-01
    7.54201055e-01 7.07293093e-01 6.09073043e-02 8.01169693e-01
    6.01782262e-01 6.04717851e-01 8.30935836e-02 9.71031487e-01
    8.42365384e-01 3.80157202e-01 5.64066052e-01 3.06450903e-01
    2.45522887e-01 5.78280687e-01 9.92633820e-01 9.26497459e-01
    7.00399399e-01 8.29000592e-01 4.70891327e-01 4.74020243e-01
    2.68581986e-01 6.92965031e-01 3.71027350e-01 8.38671803e-01
    6.30335212e-02 5.22537827e-01 9.33002472e-01 3.45986843e-01
    4.46277380e-01 6.07673287e-01 5.64767420e-02 8.21066678e-01
    6.11678243e-01 2.78819799e-01 1.02734327e-01 1.23261333e-01
    9.40549016e-01 8.58170509e-01 9.50752378e-01 5.46398222e-01
    9.36862588e-01 3.08369279e-01 9.85513508e-01 2.96987593e-01
    6.34391248e-01 3.39678943e-01 3.69662344e-02 1.38059527e-01
    1.06853634e-01 4.24891919e-01 1.98653638e-01 6.93637252e-01
    2.21326709e-01 8.15586746e-02 2.16264099e-01 6.06842339e-02
    6.64092362e-01 1.60380781e-01 3.83605212e-01 2.33017445e-01
    7.66030967e-01 7.59403944e-01 4.76205617e-01 5.28196633e-01
    2.44632006e-01 5.72008252e-01 4.99810010e-01 4.21182036e-01
    2.45593756e-01 2.43256181e-01 4.85159457e-02 8.32929015e-01
    6.86702013e-01 8.52740526e-01 9.53408480e-01 2.51733661e-01
    2.15822548e-01 9.38501537e-01 9.54928517e-01 5.21160603e-01
    3.93274456e-01 1.67359143e-01 9.14144218e-02 2.33147770e-01
    5.67451298e-01 1.03265285e-01 8.57546926e-01 2.42761672e-01
    4.77516294e-01 9.86610949e-02 3.38352561e-01 8.96590352e-01
    8.04119825e-01 6.17287397e-01 6.49880528e-01 7.37476110e-01
    4.69116211e-01 2.47787029e-01 4.71579939e-01 9.76441920e-01
    5.14915764e-01 9.89906192e-01 4.53118026e-01 6.56334937e-01
    3.09692085e-01 2.31115043e-01 9.14930344e-01 9.96721625e-01
    1.63631171e-01 2.22643167e-01 5.10897934e-02 8.28687847e-01
    8.52853954e-02 3.30682188e-01 7.96245217e-01 8.67556930e-01
    3.88610154e-01 8.48202586e-01 2.63583899e-01 6.62196338e-01
    5.87584853e-01 7.94435143e-01 6.64699376e-01 8.12662125e-01
    9.96338964e-01 6.55895770e-01 4.22506511e-01 5.48037112e-01
    9.60432529e-01 6.58663630e-01 8.70403886e-01 8.89081538e-01
    7.31342435e-01 2.45141178e-01 1.76688075e-01 4.66970861e-01
    3.85888994e-01 2.74342835e-01 4.18174088e-01 5.51488459e-01
    1.57735676e-01 2.43587464e-01 7.56040573e-01 3.95108044e-01
    2.83000171e-01 4.84659791e-01 7.96841383e-01 1.68734789e-01
    5.94380796e-01 7.32270718e-01 8.21322322e-01 6.99616849e-01
    1.02438569e-01 6.68873191e-02 8.95394325e-01 6.46718025e-01
    7.00658441e-01 1.95970297e-01 1.85830742e-01 1.74309224e-01
    4.32687879e-01 7.52276659e-01 7.00283170e-01 1.32531762e-01
    2.87477076e-01 1.72822148e-01 1.85701400e-01 7.25950837e-01
    9.63976204e-01 7.81427026e-01 3.89434099e-01 8.03807974e-01
    7.80108809e-01 7.49110460e-01 1.34238988e-01 6.32614195e-01
    8.73976052e-02 7.31715202e-01 9.24620330e-01 3.18683505e-01
    2.52190292e-01 8.37746680e-01 8.38829100e-01 8.51605296e-01
    5.78800976e-01 8.02980840e-01 7.36978292e-01 7.46040940e-01
    6.59321964e-01 6.14776850e-01 3.90296280e-01 1.28912330e-01
    6.96792960e-01 1.45761073e-02 1.63781732e-01 4.17556345e-01
    2.67073989e-01 8.39558601e-01 3.88908386e-02 2.54142284e-02
    1.91438079e-01 9.62253094e-01 2.47126967e-01 6.08994424e-01
    2.99309492e-01 9.65664744e-01 2.86270797e-01 4.65560019e-01
    7.12886930e-01 8.65800261e-01 1.69429868e-01 4.11395788e-01
    5.03494263e-01 6.13939047e-01 3.84968638e-01 7.85184324e-01
    9.23187077e-01 7.96631277e-01 1.80152804e-01 9.67601538e-01
    2.97395766e-01 5.50276399e-01 3.23399484e-01 1.88804150e-01
    1.94083422e-01 5.64562201e-01 7.69130349e-01 3.51441860e-01
    7.30477512e-01 4.21283841e-01 1.04677379e-01 7.84956992e-01
    7.08666325e-01 3.28436553e-01 5.49869657e-01 4.27337348e-01
    6.66965723e-01 2.33829230e-01 9.33253706e-01 5.98486662e-01
    5.92321575e-01 1.31008625e-02 4.42546040e-01 5.70033610e-01
    6.62336349e-01 4.14632380e-01 7.26503372e-01 9.67199922e-01
    5.26172698e-01 8.05599928e-01 5.71959496e-01 5.29871583e-01
    6.47365987e-01 9.72282708e-01 7.79889047e-01 4.78833377e-01
    2.81574249e-01 3.55174333e-01 8.58711541e-01 7.39964843e-01
    4.76215303e-01 8.04383159e-01 4.67504203e-01 1.68801010e-01
    6.07064426e-01 8.66735101e-01 6.83462381e-01 3.03999990e-01
    8.76713395e-01 1.35584027e-01 6.95879817e-01 2.25100309e-01
    4.40001428e-01 5.72159231e-01 6.89610004e-01 8.71420145e-01
    3.69780838e-01 5.45569718e-01 1.14689797e-01 6.20649397e-01
    7.75436461e-02 3.52925509e-01 4.63041067e-02 6.89722538e-01
    8.40333343e-01 3.61845195e-01 6.42508984e-01 7.13850558e-02
    4.44255114e-01 2.67256200e-02 7.20099568e-01 9.86729741e-01
    4.08694834e-01 3.21935952e-01 5.40867627e-01 6.78619325e-01
    3.71967793e-01 8.99310231e-01 6.99950457e-01 6.32723212e-01
    5.64690828e-01 9.80913639e-01 5.48781037e-01 1.05113655e-01
    3.44659269e-01 5.25400579e-01 4.23016220e-01 4.81583238e-01
    9.47692335e-01 3.91860694e-01 7.89528012e-01 8.98849428e-01
    9.32773650e-01 3.29707265e-02 5.21633029e-01 8.01547050e-01
    3.92666489e-01 8.98882627e-01 3.42765212e-01 6.35979056e-01
    5.45411289e-01 2.88507044e-02 4.04170275e-01 3.41363966e-01
    8.78655553e-01 1.35373145e-01 2.15147495e-01 7.86932230e-01
    8.30699980e-01 8.40968490e-01 4.94551659e-01 4.84018624e-01
    9.37988937e-01 5.68695903e-01 1.74803019e-01 7.21903920e-01
    2.34850168e-01 5.70712388e-01 4.59497690e-01 4.87293065e-01
    6.95814669e-01 2.08479226e-01 5.24144590e-01 2.04327703e-03
    4.53271955e-01 3.52863252e-01 1.49325013e-01 1.40865147e-02
    2.29659677e-01 5.56993306e-01 6.27103209e-01 7.03922927e-01
    8.55658054e-01 8.56451511e-01 3.62495720e-01 9.91128325e-01
    6.78725421e-01 1.82707369e-01 1.02585852e-01 6.43919706e-02
    4.28436160e-01 2.17700005e-01 5.35806417e-01 6.95712447e-01
    8.53933156e-01 8.65287066e-01 7.53878593e-01 5.05918980e-01
    9.09082532e-01 9.84725356e-03 3.45753789e-01 2.33963370e-01
    4.92016137e-01 7.22908258e-01 4.41203386e-01 9.20857787e-01
    3.99442703e-01 4.44075316e-01 5.64931691e-01 3.97258252e-01
    1.70280814e-01 2.83018231e-01 1.69146717e-01 5.67251801e-01
    4.25172627e-01 5.60336649e-01 1.09060556e-01 1.98945284e-01
    9.80370879e-01 2.91309834e-01 9.67067480e-03 8.53583217e-01
    9.63502645e-01 9.81891274e-01 6.07748270e-01 6.35619938e-01
    4.95920599e-01 9.35962439e-01 9.26549911e-01 8.72260809e-01
    6.69242203e-01 4.70031172e-01 9.80419159e-01 2.37343729e-01
    3.46211314e-01 6.77282453e-01 9.81859565e-01 2.69907236e-01
    7.05452681e-01 8.00916255e-02 1.74053282e-01 5.08102417e-01
    4.31575358e-01 4.39087719e-01 8.39507699e-01 9.63701725e-01
    9.43888783e-01 2.34365255e-01 3.36542755e-01 8.15564990e-01
    7.82687664e-02 1.43547863e-01 1.84223682e-01 9.56114292e-01
    8.48890364e-01 1.84553564e-02 4.88113940e-01 1.92873925e-01
    3.94936919e-01 5.90484798e-01 1.34184957e-02 4.74723309e-01
    4.19058323e-01 9.35191154e-01 8.72032404e-01 4.03152972e-01
    6.75391436e-01 7.16854036e-02 7.32939363e-01 1.32001907e-01
    8.71404171e-01 2.58280367e-01 8.01484346e-01 4.15937811e-01
    2.95743704e-01 2.37984151e-01 2.25242674e-01 1.27220869e-01
    4.86196846e-01 5.77147663e-01 2.00389773e-01 9.56269920e-01
    8.48329544e-01 5.76024771e-01 8.30750108e-01 4.80551660e-01
    9.84699607e-01 8.10483456e-01 6.11670136e-01 1.39371991e-01
    1.97386116e-01 8.23277473e-01 9.66280580e-01 1.63334817e-01
    7.08223701e-01 3.94394398e-02 3.11078280e-01 1.80931091e-01
    7.80294895e-01 5.61476707e-01 9.37371135e-01 8.83887649e-01
    2.01377094e-01 6.45617366e-01 7.24737883e-01 3.75690252e-01
    3.11484754e-01 2.30762780e-01 9.66998577e-01 2.39521235e-01
    2.02550203e-01 1.67057335e-01 3.38412941e-01 7.28183985e-01
    2.69394875e-01 8.96423817e-01 9.92879629e-01 3.57218951e-01
    2.04997063e-02 5.20546496e-01 8.06184828e-01 1.38799548e-02
    6.61663115e-02 6.56044304e-01 3.70380998e-01 4.64934111e-02
    4.07920182e-02 8.36754560e-01 9.77567732e-02 2.36144990e-01
    6.01972461e-01 1.61758959e-02 4.25063163e-01 2.62155533e-02
    3.07183385e-01 7.22418129e-01 6.92191482e-01 3.11435163e-02
    7.12497115e-01 1.35004073e-01 6.13528609e-01 5.66266298e-01
    4.42782879e-01 6.00719333e-01 9.62088227e-01 9.81992841e-01
    6.49709344e-01 8.45204115e-01 8.65409791e-01 6.58226728e-01
    8.37863684e-01 7.11421072e-02 6.40767813e-02 3.65364552e-03
    3.12251776e-01 8.71003807e-01 3.93648684e-01 8.22510898e-01
    8.61211717e-01 4.93631065e-02 1.25412047e-01 6.42747223e-01
    5.17158031e-01 1.04891449e-01 1.19545370e-01 5.34514606e-01
    9.22316492e-01 5.13392687e-03 2.01856703e-01 9.03904796e-01
    7.08230019e-01 1.86741769e-01 5.80834448e-01 5.38789570e-01
    3.37953269e-01 8.02758098e-01 7.46752381e-01 5.32333493e-01
    4.38020825e-02 9.69671726e-01 8.32784116e-01 8.64269495e-01
    9.24215555e-01 6.32794678e-01 9.32396293e-01 6.42841816e-01
    2.17167407e-01 6.95506692e-01 4.80157346e-01 3.37037683e-01
    6.78356767e-01 7.48983026e-01 1.13731682e-01 9.04521585e-01
    5.94029903e-01 9.44750547e-01 3.18519354e-01 3.06400657e-01
    7.91900873e-01 2.41557658e-01 6.73078299e-01 9.19351041e-01
    6.59950674e-01 6.38481617e-01 8.85281384e-01 4.16868091e-01
    4.48221236e-01 4.22157586e-01 4.74171102e-01 6.37616158e-01
    9.61536765e-01 2.40530074e-01 6.43435836e-01 9.04132664e-01
    2.42358685e-01 5.57031214e-01 2.66254455e-01 9.22000289e-01
    2.33606070e-01 2.67367333e-01 4.89278674e-01 4.26646590e-01
    3.24232817e-01 9.84028459e-01 4.14999843e-01 3.65419686e-02
    7.29335368e-01 8.44672561e-01 2.88064480e-01 5.23142874e-01
    2.86402464e-01 3.60538363e-01 2.15723455e-01 3.69804502e-01
    9.95585680e-01 2.06198454e-01 9.10119712e-02 6.83006048e-01
    1.12816095e-02 1.01424307e-01 9.13912952e-02 3.79171669e-02
    5.80597222e-01 3.80280554e-01 9.09731328e-01 6.73058212e-01
    9.44723666e-01 9.39965606e-01 1.87528402e-01 2.70601094e-01
    1.24893963e-01 5.52452803e-01 2.28270888e-02 3.04375410e-01
    7.76631176e-01 9.95981455e-01 3.02000821e-01 9.93060231e-01
    1.16696090e-01 7.10962713e-01 6.70415699e-01 7.66515136e-01
    1.44250274e-01 2.67827094e-01 3.65436554e-01 7.59492278e-01
    6.80251300e-01 8.86146426e-01 4.94672745e-01 2.62768596e-01
    1.19728506e-01 3.61017466e-01 4.83843774e-01 6.69896007e-02
    3.98301631e-01 5.27158022e-01 6.20933294e-01 9.73392487e-01
    2.95816660e-02 8.38168859e-01 4.99117553e-01 6.11109316e-01
    4.29143339e-01 1.83769315e-01 8.30584586e-01 8.63909483e-01
    9.64127958e-01 1.26202703e-02 7.58594990e-01 5.61183572e-01
    6.50014520e-01 1.77236170e-01 4.06886309e-01 9.19052362e-01
    4.07732785e-01 8.48917246e-01 1.55184478e-01 6.35763705e-01
    4.90216166e-01 6.03994191e-01 8.02344024e-01 6.85732126e-01
    1.58465862e-01 9.32952404e-01 5.79473615e-01 7.42927194e-02
    2.16444135e-02 1.96067482e-01 8.82547259e-01 7.28371143e-02
    2.50497878e-01 8.28719497e-01 6.06145740e-01 1.99605286e-01
    4.01114523e-02 5.89463770e-01 1.36369973e-01 4.87826675e-01
    4.89223003e-01 2.87210852e-01 4.39048618e-01 6.36054158e-01
    9.82426405e-01 7.56224990e-02 2.98160791e-01 7.24664688e-01
    2.18780398e-01 8.50115359e-01 3.24980438e-01 5.28390944e-01
    6.23286724e-01 9.25883055e-01 9.95288372e-01 8.14332962e-01
    6.07294440e-01 3.32058102e-01 8.03505778e-01 8.79428029e-01
    5.72160780e-01 8.54283094e-01 8.89142931e-01 5.67128241e-01
    5.38781703e-01 8.83736789e-01 6.67909682e-02 8.24231744e-01
    8.78024220e-01 7.30222225e-01 9.56660748e-01 5.12868345e-01
    1.20136440e-02 3.51072669e-01 8.46603274e-01 7.95562506e-01
    2.38670826e-01 2.73888856e-01 9.99848723e-01 5.22214293e-01
    5.08581221e-01 9.30632412e-01 1.78908974e-01 2.29192644e-01
    2.43382961e-01 2.94698238e-01 3.83711815e-01 6.60326958e-01
    4.90808994e-01 5.16783118e-01 5.80879271e-01 4.79726523e-01
    7.49833465e-01 7.77053058e-01 8.23818445e-01 3.11884373e-01
    4.59603131e-01 4.61467803e-01 8.29888701e-01 4.32059884e-01
    7.14931726e-01 3.79927754e-01 4.06973153e-01 2.40102917e-01
    9.45500374e-01 8.87147784e-02 7.61750340e-01 3.72280478e-01
    3.67074311e-02 8.57599020e-01 9.73293483e-01 4.15865541e-01
    5.13205826e-01 9.39717650e-01 8.23267221e-01 4.28550541e-02
    1.48671925e-01 7.95364738e-01 7.34716237e-01 1.85412496e-01
    9.78144288e-01 1.42082810e-01 5.35107315e-01 2.82708049e-01
    5.64057887e-01 8.07642043e-02 7.68448353e-01 7.25706160e-01
    2.62771666e-01 7.32027829e-01 3.91058266e-01 7.73242712e-01
    1.67682439e-01 2.25614667e-01 3.91924679e-01 8.04403186e-01
    3.93327564e-01 2.40413755e-01 7.08977520e-01 4.22777325e-01
    7.13806272e-01 4.89634991e-01 8.91307712e-01 8.57159495e-03
    1.78547591e-01 1.96992904e-01 4.72538322e-01 3.20186555e-01
    7.90029407e-01 4.97953087e-01 9.27846074e-01 8.35494816e-01
    4.03037369e-02 9.49434876e-01 7.83307195e-01 9.81806636e-01
    5.35136759e-01 2.60438561e-01 8.50202441e-01 9.02249575e-01
    7.51543641e-02 2.56459117e-01 4.27319825e-01 4.32495177e-01</data></test_img>
<my_img type_id="opencv-matrix">
  <rows>138</rows>
  <cols>266</cols>
  <dt>f</dt>
  <data>
    7.00968325e-01 1.01440549e-02 5.78731239e-01 1.04155064e-01
    9.33723450e-01 3.14400196e-01 2.93369174e-01 4.77506310e-01
    1.59096718e-01 4.42559719e-01 8.10828805e-01 5.26089311e-01
    3.73076320e-01 9.83108521e-01 7.18676090e-01 2.14665532e-01
    6.11823142e-01 8.95007014e-01 6.35764837e-01 9.42412019e-01
    2.81993330e-01 7.14563727e-01 3.13371956e-01 4.10177529e-01
    9.97255802e-01 3.43137741e-01 3.24312985e-01 8.39543939e-01
    5.77918887e-01 6.04518175e-01 4.00283813e-01 5.49241722e-01
    2.20284849e-01 2.33357668e-01 5.73409796e-01 7.28610098e-01
    2.96742499e-01 8.10355484e-01 5.76274991e-01 4.47546571e-01
    6.93862796e-01 3.68923843e-01 3.73084843e-02 4.60560441e-01
    9.18670654e-01 1.95261478e-01 4.85974818e-01 7.08305240e-01
    1.35132670e-01 9.66588616e-01 8.51959407e-01 5.43434501e-01
    6.94136381e-01 1.75339639e-01 2.45039135e-01 4.96225983e-01
    2.53437698e-01 5.77226281e-03 5.49827993e-01 1.90654665e-01
    3.48126352e-01 9.59576607e-01 3.10398817e-01 9.56637502e-01
    8.69153440e-02 4.00264114e-01 7.89912939e-01 6.23366833e-02
    2.42407084e-01 3.71332765e-01 8.88677955e-01 2.92870939e-01
    6.67874694e-01 4.39223200e-01 2.69751281e-01 4.12371129e-01
    4.30469513e-02 7.03095675e-01 4.21244532e-01 8.12932372e-01
    4.95360732e-01 2.33994871e-01 2.83001959e-01 1.19968057e-01
    1.12656474e-01 5.95152855e-01 3.00029278e-01 8.76396358e-01
    4.84312057e-01 2.07620949e-01 8.34183991e-02 3.93747568e-01
    7.44566262e-01 1.81271225e-01 6.13972604e-01 7.76927292e-01
    9.44768786e-01 7.53532887e-01 2.91825473e-01 6.99800968e-01
    3.47197175e-01 5.71105421e-01 6.09367967e-01 8.69275212e-01
    1.33741677e-01 8.26822102e-01 3.32623363e-01 2.86716223e-02
    4.52405602e-01 5.60965359e-01 7.83807039e-01 1.63404346e-02
    6.60658419e-01 8.88089657e-01 7.70981073e-01 7.99371362e-01
    9.54336286e-01 6.98107362e-01 4.24344718e-01 3.00832093e-01
    3.71641815e-02 9.42907631e-01 6.30333364e-01 7.78366029e-02
    1.87975287e-01 9.44329798e-01 5.38218260e-01 1.85528576e-01
    7.56006062e-01 2.15122998e-01 7.73207843e-01 5.66535592e-02
    9.56630230e-01 1.46520138e-01 4.41010654e-01 9.44581449e-01
    5.65434456e-01 9.17693257e-01 7.65225232e-01 3.29696000e-01
    9.11921263e-03 1.10225528e-01 6.50577664e-01 7.77208328e-01
    2.86266893e-01 8.52037907e-01 9.16886210e-01 2.58592427e-01
    5.16503572e-01 6.36832952e-01 5.09625196e-01 5.38598895e-01
    2.70794213e-01 4.63161081e-01 3.98032308e-01 1.38575464e-01
    3.32564235e-01 4.03362036e-01 2.32334554e-01 5.80748022e-01
    1.07104778e-02 3.92915040e-01 2.81310201e-01 4.41755503e-01
    5.12343884e-01 5.00154018e-01 8.69628549e-01 2.22415119e-01
    1.86459661e-01 8.94602060e-01 2.07121968e-01 5.33842623e-01
    6.03039980e-01 1.81679696e-01 5.86110413e-01 1.39385968e-01
    7.50104666e-01 2.91209519e-01 4.89175141e-01 2.61619687e-02
    6.81640863e-01 4.71806228e-02 6.47170305e-01 7.63844252e-01
    2.44667262e-01 6.53869271e-01 1.57034218e-01 2.53745228e-01
    5.59404254e-01 3.54842961e-01 7.81633854e-01 4.15277928e-01
    4.96155828e-01 5.93131840e-01 4.64106053e-01 9.68532681e-01
    6.00972891e-01 7.84778595e-01 5.34899354e-01 4.94067669e-01
    1.79983109e-01 3.49185407e-01 7.30716825e-01 5.57041824e-01
    3.90216470e-01 4.98257548e-01 2.81205773e-03 4.32034373e-01
    4.83733892e-01 9.87242758e-02 6.55567706e-01 6.10537827e-01
    9.98014212e-01 7.05636978e-01 3.20139319e-01 9.41215277e-01
    8.65575314e-01 1.85463727e-02 8.69622111e-01 9.85108376e-01
    3.86432230e-01 7.22332120e-01 1.69575036e-01 3.12831640e-01
    6.44834399e-01 9.61538851e-01 2.75761455e-01 5.53966403e-01
    2.74263561e-01 6.63572073e-01 2.50783563e-02 5.74168563e-01
    7.51840353e-01 3.97406399e-01 1.72708035e-02 3.03289950e-01
    6.66151464e-01 4.71901894e-03 4.95075136e-01 2.91987747e-01
    3.39707315e-01 9.60575342e-01 5.12523055e-02 3.06770712e-01
    6.95975780e-01 8.59412193e-01 3.34380269e-01 3.72741222e-01
    1.55093729e-01 1.96114480e-01 4.91401404e-01 5.58145106e-01
    2.64170587e-01 5.86219549e-01 2.81243920e-01 8.67189050e-01
    7.00968325e-01 1.01440549e-02 5.78731239e-01 1.04155064e-01
    9.33723450e-01 3.14400196e-01 2.93369174e-01 4.77506310e-01
    1.59096718e-01 4.42559719e-01 5.46398222e-01 9.36862588e-01
    3.08369279e-01 9.85513508e-01 2.96987593e-01 8.43470812e-01
    6.34989619e-01 1.22294337e-01 3.47337067e-01 8.67397785e-01
    5.43872952e-01 7.56791949e-01 4.97264862e-02 7.01248050e-01
    1.35358721e-01 4.87439722e-01 1.27650410e-01 1.06978178e-01
    5.10826230e-01 4.15603876e-01 4.74621654e-01 4.89847481e-01
    2.80890107e-01 6.56209886e-01 7.58309066e-01 9.04110670e-01
    2.11426616e-02 9.66982484e-01 7.91903138e-01 2.60173321e-01
    8.62081766e-01 7.68137813e-01 6.70797825e-01 1.56163454e-01
    8.86743665e-01 7.13668048e-01 4.71303463e-02 6.73360288e-01
    5.45586228e-01 6.34929419e-01 2.98172832e-01 3.45806450e-01
    6.05657399e-02 7.61682987e-01 6.13273382e-01 5.63437700e-01
    2.20388770e-01 8.23915422e-01 1.35490090e-01 9.63008642e-01
    8.65042806e-01 9.93470669e-01 7.02103019e-01 2.70863593e-01
    5.29063046e-01 8.96182239e-01 3.55349779e-02 3.35337639e-01
    9.99123931e-01 7.12759852e-01 6.69111848e-01 5.31422019e-01
    6.24320805e-01 8.05737853e-01 9.04918313e-01 5.04096091e-01
    1.29576862e-01 3.85197133e-01 6.00643992e-01 9.94802535e-01
    6.30250454e-01 8.34122300e-01 9.40852523e-01 4.14561421e-01
    2.51152456e-01 6.00096226e-01 7.35232413e-01 7.37585425e-01
    3.90185297e-01 8.74444187e-01 6.22213304e-01 5.64908981e-01
    8.10956359e-02 7.88667560e-01 3.53900433e-01 7.76702762e-01
    6.94791019e-01 1.51718706e-01 8.24651003e-01 4.30679739e-01
    4.75423276e-01 3.90239269e-01 3.40657532e-01 3.73554289e-01
    6.18725359e-01 3.05814862e-01 4.33639586e-02 6.97422683e-01
    5.75925767e-01 8.95753384e-01 9.88541842e-01 7.76679039e-01
    2.11000741e-01 4.66081142e-01 8.74742389e-01 1.27674460e-01
    4.22106683e-01 8.58768582e-01 2.50018954e-01 7.81451941e-01
    4.67850596e-01 5.88685334e-01 4.38625067e-01 3.25710595e-01
    5.93692958e-01 3.42154384e-01 8.56726706e-01 2.77240574e-02
    3.26909482e-01 4.71365452e-03 5.48548639e-01 3.20750117e-01
    2.40570247e-01 4.52891409e-01 4.15814102e-01 9.63419318e-01
    8.01316142e-01 3.57840836e-01 4.32463497e-01 4.88912433e-01
    2.68876970e-01 6.18523419e-01 7.45312512e-01 5.65498412e-01
    5.53997874e-01 6.25762820e-01 7.72518635e-01 2.79506654e-01
    4.42347586e-01 1.87378168e-01 6.69452369e-01 8.89946520e-01
    9.91724849e-01 1.30524337e-01 2.10560352e-01 1.96886152e-01
    7.20343888e-02 4.20628369e-01 8.27573836e-01 5.54733932e-01
    3.68593127e-01 5.51430583e-01 2.56600112e-01 9.00880575e-01
    2.28047669e-02 1.88740641e-01 5.04794836e-01 8.07280958e-01
    6.98198915e-01 7.85335183e-01 9.78338122e-01 2.93757021e-02
    1.53155804e-01 3.92701566e-01 7.44054556e-01 4.94293720e-01
    5.74717045e-01 3.04351687e-01 1.88990921e-01 8.95027757e-01
    3.61314714e-01 9.52786207e-01 8.42579722e-01 6.88689351e-01
    5.68782091e-01 9.09936249e-01 3.33036780e-01 6.17777467e-01
    3.05926472e-01 9.26341951e-01 9.10663962e-01 2.33223110e-01
    2.97374725e-02 3.90078247e-01 3.25993896e-02 1.44555390e-01
    3.18503320e-01 6.83775127e-01 6.51464045e-01 3.15427095e-01
    6.83785975e-02 3.86826783e-01 8.23486328e-01 2.15366900e-01
    3.81661654e-02 5.55757165e-01 1.45361036e-01 1.23433799e-01
    2.14874923e-01 8.72188330e-01 7.36726761e-01 7.96392918e-01
    9.15924191e-01 2.30550438e-01 4.90724742e-01 1.11737430e-01
    1.45810544e-02 4.19532835e-01 4.89086479e-01 9.00113344e-01
    1.72286034e-02 4.86457497e-01 5.18880665e-01 3.14233303e-01
    7.52126932e-01 8.99893880e-01 8.58020544e-01 7.54201055e-01
    7.07293093e-01 6.09073043e-02 8.01169693e-01 6.01782262e-01
    6.04717851e-01 8.30935836e-02 9.71031487e-01 8.42365384e-01
    3.80157202e-01 5.64066052e-01 3.06450903e-01 2.45522887e-01
    5.78280687e-01 9.92633820e-01 9.26497459e-01 7.00399399e-01
    8.29000592e-01 4.70891327e-01 4.74020243e-01 2.68581986e-01
    6.92965031e-01 3.71027350e-01 8.38671803e-01 6.30335212e-02
    5.22537827e-01 9.33002472e-01 3.45986843e-01 4.46277380e-01
    6.07673287e-01 5.64767420e-02 8.21066678e-01 6.11678243e-01
    2.78819799e-01 1.02734327e-01 1.23261333e-01 9.40549016e-01
    8.58170509e-01 9.50752378e-01 5.46398222e-01 9.36862588e-01
    3.08369279e-01 9.85513508e-01 2.96987593e-01 8.43470812e-01
    6.34989619e-01 1.22294337e-01 3.47337067e-01 8.67397785e-01
    6.78619325e-01 3.71967793e-01 8.99310231e-01 6.99950457e-01
    6.32723212e-01 6.34391248e-01 3.39678943e-01 3.69662344e-02
    1.38059527e-01 1.06853634e-01 4.24891919e-01 1.98653638e-01
    6.93637252e-01 2.21326709e-01 8.15586746e-02 2.16264099e-01
    6.06842339e-02 6.64092362e-01 1.60380781e-01 3.83605212e-01
    2.33017445e-01 7.66030967e-01 7.59403944e-01 4.76205617e-01
    5.28196633e-01 2.44632006e-01 5.72008252e-01 4.99810010e-01
    4.21182036e-01 2.45593756e-01 2.43256181e-01 4.85159457e-02
    8.32929015e-01 6.86702013e-01 8.52740526e-01 9.53408480e-01
    2.51733661e-01 2.15822548e-01 9.38501537e-01 9.54928517e-01
    5.21160603e-01 3.93274456e-01 1.67359143e-01 9.14144218e-02
    2.33147770e-01 5.67451298e-01 1.03265285e-01 8.57546926e-01
    2.42761672e-01 4.77516294e-01 9.86610949e-02 3.38352561e-01
    8.96590352e-01 8.04119825e-01 6.17287397e-01 6.49880528e-01
    7.37476110e-01 4.69116211e-01 2.47787029e-01 4.71579939e-01
    9.76441920e-01 5.14915764e-01 9.89906192e-01 4.53118026e-01
    6.56334937e-01 3.09692085e-01 2.31115043e-01 9.14930344e-01
    9.96721625e-01 1.63631171e-01 2.22643167e-01 5.10897934e-02
    8.28687847e-01 8.52853954e-02 3.30682188e-01 7.96245217e-01
    8.67556930e-01 3.88610154e-01 8.48202586e-01 2.63583899e-01
    6.62196338e-01 5.87584853e-01 7.94435143e-01 6.64699376e-01
    8.12662125e-01 9.96338964e-01 6.55895770e-01 4.22506511e-01
    5.48037112e-01 9.60432529e-01 6.58663630e-01 8.70403886e-01
    8.89081538e-01 7.31342435e-01 2.45141178e-01 1.76688075e-01
    4.66970861e-01 3.85888994e-01 2.74342835e-01 4.18174088e-01
    5.51488459e-01 1.57735676e-01 2.43587464e-01 7.56040573e-01
    3.95108044e-01 2.83000171e-01 4.84659791e-01 7.96841383e-01
    1.68734789e-01 5.94380796e-01 7.32270718e-01 8.21322322e-01
    6.99616849e-01 1.02438569e-01 6.68873191e-02 8.95394325e-01
    6.46718025e-01 7.00658441e-01 1.95970297e-01 1.85830742e-01
    1.74309224e-01 4.32687879e-01 7.52276659e-01 7.00283170e-01
    1.32531762e-01 2.87477076e-01 1.72822148e-01 1.85701400e-01
    7.25950837e-01 9.63976204e-01 7.81427026e-01 3.89434099e-01
    8.03807974e-01 7.80108809e-01 7.49110460e-01 1.34238988e-01
    6.32614195e-01 8.73976052e-02 7.31715202e-01 9.24620330e-01
    3.18683505e-01 2.52190292e-01 8.37746680e-01 8.38829100e-01
    8.51605296e-01 5.78800976e-01 8.02980840e-01 7.36978292e-01
    7.46040940e-01 6.59321964e-01 6.14776850e-01 3.90296280e-01
    1.28912330e-01 6.96792960e-01 1.45761073e-02 1.63781732e-01
    4.17556345e-01 2.67073989e-01 8.39558601e-01 3.88908386e-02
    2.54142284e-02 1.91438079e-01 9.62253094e-01 2.47126967e-01
    6.08994424e-01 2.99309492e-01 9.65664744e-01 2.86270797e-01
    4.65560019e-01 7.12886930e-01 8.65800261e-01 1.69429868e-01
    4.11395788e-01 5.03494263e-01 6.13939047e-01 3.84968638e-01
    7.85184324e-01 9.23187077e-01 7.96631277e-01 1.80152804e-01
    9.67601538e-01 2.97395766e-01 5.50276399e-01 3.23399484e-01
    1.88804150e-01 1.94083422e-01 5.64562201e-01 7.69130349e-01
    3.51441860e-01 7.30477512e-01 4.21283841e-01 1.04677379e-01
    7.84956992e-01 7.08666325e-01 3.28436553e-01 5.49869657e-01
    4.27337348e-01 6.66965723e-01 2.33829230e-01 9.33253706e-01
    5.98486662e-01 5.92321575e-01 1.31008625e-02 4.42546040e-01
    5.70033610e-01 6.62336349e-01 4.14632380e-01 7.26503372e-01
    9.67199922e-01 5.26172698e-01 8.05599928e-01 5.71959496e-01
    5.29871583e-01 6.47365987e-01 9.72282708e-01 7.79889047e-01
    4.78833377e-01 2.81574249e-01 3.55174333e-01 8.58711541e-01
    7.39964843e-01 4.76215303e-01 8.04383159e-01 4.67504203e-01
    1.68801010e-01 6.07064426e-01 8.66735101e-01 6.83462381e-01
    3.03999990e-01 8.76713395e-01 1.35584027e-01 6.95879817e-01
    2.25100309e-01 4.40001428e-01 5.72159231e-01 6.89610004e-01
    8.71420145e-01 3.69780838e-01 5.45569718e-01 1.14689797e-01
    6.20649397e-01 7.75436461e-02 3.52925509e-01 4.63041067e-02
    6.89722538e-01 8.40333343e-01 3.61845195e-01 6.42508984e-01
    7.13850558e-02 4.44255114e-01 2.67256200e-02 7.20099568e-01
    9.86729741e-01 4.08694834e-01 3.21935952e-01 5.40867627e-01
    6.78619325e-01 3.71967793e-01 8.99310231e-01 6.99950457e-01
    6.32723212e-01 6.34391248e-01 3.39678943e-01 3.69662344e-02
    1.38059527e-01 1.06853634e-01 8.64269495e-01 9.24215555e-01
    6.32794678e-01 9.32396293e-01 6.42841816e-01 5.64690828e-01
    9.80913639e-01 5.48781037e-01 1.05113655e-01 3.44659269e-01
    5.25400579e-01 4.23016220e-01 4.81583238e-01 9.47692335e-01
    3.91860694e-01 7.89528012e-01 8.98849428e-01 9.32773650e-01
    3.29707265e-02 5.21633029e-01 8.01547050e-01 3.92666489e-01
    8.98882627e-01 3.42765212e-01 6.35979056e-01 5.45411289e-01
    2.88507044e-02 4.04170275e-01 3.41363966e-01 8.78655553e-01
    1.35373145e-01 2.15147495e-01 7.86932230e-01 8.30699980e-01
    8.40968490e-01 4.94551659e-01 4.84018624e-01 9.37988937e-01
    5.68695903e-01 1.74803019e-01 7.21903920e-01 2.34850168e-01
    5.70712388e-01 4.59497690e-01 4.87293065e-01 6.95814669e-01
    2.08479226e-01 5.24144590e-01 2.04327703e-03 4.53271955e-01
    3.52863252e-01 1.49325013e-01 1.40865147e-02 2.29659677e-01
    5.56993306e-01 6.27103209e-01 7.03922927e-01 8.55658054e-01
    8.56451511e-01 3.62495720e-01 9.91128325e-01 6.78725421e-01
    1.82707369e-01 1.02585852e-01 6.43919706e-02 4.28436160e-01
    2.17700005e-01 5.35806417e-01 6.95712447e-01 8.53933156e-01
    8.65287066e-01 7.53878593e-01 5.05918980e-01 9.09082532e-01
    9.84725356e-03 3.45753789e-01 2.33963370e-01 4.92016137e-01
    7.22908258e-01 4.41203386e-01 9.20857787e-01 3.99442703e-01
    4.44075316e-01 5.64931691e-01 3.97258252e-01 1.70280814e-01
    2.83018231e-01 1.69146717e-01 5.67251801e-01 4.25172627e-01
    5.60336649e-01 1.09060556e-01 1.98945284e-01 9.80370879e-01
    2.91309834e-01 9.67067480e-03 8.53583217e-01 9.63502645e-01
    9.81891274e-01 6.07748270e-01 6.35619938e-01 4.95920599e-01
    9.35962439e-01 9.26549911e-01 8.72260809e-01 6.69242203e-01
    4.70031172e-01 9.80419159e-01 2.37343729e-01 3.46211314e-01
    6.77282453e-01 9.81859565e-01 2.69907236e-01 7.05452681e-01
    8.00916255e-02 1.74053282e-01 5.08102417e-01 4.31575358e-01
    4.39087719e-01 8.39507699e-01 9.63701725e-01 9.43888783e-01
    2.34365255e-01 3.36542755e-01 8.15564990e-01 7.82687664e-02
    1.43547863e-01 1.84223682e-01 9.56114292e-01 8.48890364e-01
    1.84553564e-02 4.88113940e-01 1.92873925e-01 3.94936919e-01
    5.90484798e-01 1.34184957e-02 4.74723309e-01 4.19058323e-01
    9.35191154e-01 8.72032404e-01 4.03152972e-01 6.75391436e-01
    7.16854036e-02 7.32939363e-01 1.32001907e-01 8.71404171e-01
    2.58280367e-01 8.01484346e-01 4.15937811e-01 2.95743704e-01
    2.37984151e-01 2.25242674e-01 1.27220869e-01 4.86196846e-01
    5.77147663e-01 2.00389773e-01 9.56269920e-01 8.48329544e-01
    5.76024771e-01 8.30750108e-01 4.80551660e-01 9.84699607e-01
    8.10483456e-01 6.11670136e-01 1.39371991e-01 1.97386116e-01
    8.23277473e-01 9.66280580e-01 1.63334817e-01 7.08223701e-01
    3.94394398e-02 3.11078280e-01 1.80931091e-01 7.80294895e-01
    5.61476707e-01 9.37371135e-01 8.83887649e-01 2.01377094e-01
    6.45617366e-01 7.24737883e-01 3.75690252e-01 3.11484754e-01
    2.30762780e-01 9.66998577e-01 2.39521235e-01 2.02550203e-01
    1.67057335e-01 3.38412941e-01 7.28183985e-01 2.69394875e-01
    8.96423817e-01 9.92879629e-01 3.57218951e-01 2.04997063e-02
    5.20546496e-01 8.06184828e-01 1.38799548e-02 6.61663115e-02
    6.56044304e-01 3.70380998e-01 4.64934111e-02 4.07920182e-02
    8.36754560e-01 9.77567732e-02 2.36144990e-01 6.01972461e-01
    1.61758959e-02 4.25063163e-01 2.62155533e-02 3.07183385e-01
    7.22418129e-01 6.92191482e-01 3.11435163e-02 7.12497115e-01
    1.35004073e-01 6.13528609e-01 5.66266298e-01 4.42782879e-01
    6.00719333e-01 9.62088227e-01 9.81992841e-01 6.49709344e-01
    8.45204115e-01 8.65409791e-01 6.58226728e-01 8.37863684e-01
    7.11421072e-02 6.40767813e-02 3.65364552e-03 3.12251776e-01
    8.71003807e-01 3.93648684e-01 8.22510898e-01 8.61211717e-01
    4.93631065e-02 1.25412047e-01 6.42747223e-01 5.17158031e-01
    1.04891449e-01 1.19545370e-01 5.34514606e-01 9.22316492e-01
    5.13392687e-03 2.01856703e-01 9.03904796e-01 7.08230019e-01
    1.86741769e-01 5.80834448e-01 5.38789570e-01 3.37953269e-01
    8.02758098e-01 7.46752381e-01 5.32333493e-01 4.38020825e-02
    9.69671726e-01 8.32784116e-01 8.64269495e-01 9.24215555e-01
    6.32794678e-01 9.32396293e-01 6.42841816e-01 5.64690828e-01
    9.80913639e-01 5.48781037e-01 1.05113655e-01 3.44659269e-01
    9.02249575e-01 7.51543641e-02 2.56459117e-01 4.27319825e-01
    4.32495177e-01 2.17167407e-01 6.95506692e-01 4.80157346e-01
    3.37037683e-01 6.78356767e-01 7.48983026e-01 1.13731682e-01
    9.04521585e-01 5.94029903e-01 9.44750547e-01 3.18519354e-01
    3.06400657e-01 7.91900873e-01 2.41557658e-01 6.73078299e-01
    9.19351041e-01 6.59950674e-01 6.38481617e-01 8.85281384e-01
    4.16868091e-01 4.48221236e-01 4.22157586e-01 4.74171102e-01
    6.37616158e-01 9.61536765e-01 2.40530074e-01 6.43435836e-01
    9.04132664e-01 2.42358685e-01 5.57031214e-01 2.66254455e-01
    9.22000289e-01 2.33606070e-01 2.67367333e-01 4.89278674e-01
    4.26646590e-01 3.24232817e-01 9.84028459e-01 4.14999843e-01
    3.65419686e-02 7.29335368e-01 8.44672561e-01 2.88064480e-01
    5.23142874e-01 2.86402464e-01 3.60538363e-01 2.15723455e-01
    3.69804502e-01 9.95585680e-01 2.06198454e-01 9.10119712e-02
    6.83006048e-01 1.12816095e-02 1.01424307e-01 9.13912952e-02
    3.79171669e-02 5.80597222e-01 3.80280554e-01 9.09731328e-01
    6.73058212e-01 9.44723666e-01 9.39965606e-01 1.87528402e-01
    2.70601094e-01 1.24893963e-01 5.52452803e-01 2.28270888e-02
    3.04375410e-01 7.76631176e-01 9.95981455e-01 3.02000821e-01
    9.93060231e-01 1.16696090e-01 7.10962713e-01 6.70415699e-01
    7.66515136e-01 1.44250274e-01 2.67827094e-01 3.65436554e-01
    7.59492278e-01 6.80251300e-01 8.86146426e-01 4.94672745e-01
    2.62768596e-01 1.19728506e-01 3.61017466e-01 4.83843774e-01
    6.69896007e-02 3.98301631e-01 5.27158022e-01 6.20933294e-01
    9.73392487e-01 2.95816660e-02 8.38168859e-01 4.99117553e-01
    6.11109316e-01 4.29143339e-01 1.83769315e-01 8.30584586e-01
    8.63909483e-01 9.64127958e-01 1.26202703e-02 7.58594990e-01
    5.61183572e-01 6.50014520e-01 1.77236170e-01 4.06886309e-01
    9.19052362e-01 4.07732785e-01 8.48917246e-01 1.55184478e-01
    6.35763705e-01 4.90216166e-01 6.03994191e-01 8.02344024e-01
    6.85732126e-01 1.58465862e-01 9.32952404e-01 5.79473615e-01
    7.42927194e-02 2.16444135e-02 1.96067482e-01 8.82547259e-01
    7.28371143e-02 2.50497878e-01 8.28719497e-01 6.06145740e-01
    1.99605286e-01 4.01114523e-02 5.89463770e-01 1.36369973e-01
    4.87826675e-01 4.89223003e-01 2.87210852e-01 4.39048618e-01
    6.36054158e-01 9.82426405e-01 7.56224990e-02 2.98160791e-01
    7.24664688e-01 2.18780398e-01 8.50115359e-01 3.24980438e-01
    5.28390944e-01 6.23286724e-01 9.25883055e-01 9.95288372e-01
    8.14332962e-01 6.07294440e-01 3.32058102e-01 8.03505778e-01
    8.79428029e-01 5.72160780e-01 8.54283094e-01 8.89142931e-01
    5.67128241e-01 5.38781703e-01 8.83736789e-01 6.67909682e-02
    8.24231744e-01 8.78024220e-01 7.30222225e-01 9.56660748e-01
    5.12868345e-01 1.20136440e-02 3.51072669e-01 8.46603274e-01
    7.95562506e-01 2.38670826e-01 2.73888856e-01 9.99848723e-01
    5.22214293e-01 5.08581221e-01 9.30632412e-01 1.78908974e-01
    2.29192644e-01 2.43382961e-01 2.94698238e-01 3.83711815e-01
    6.60326958e-01 4.90808994e-01 5.16783118e-01 5.80879271e-01
    4.79726523e-01 7.49833465e-01 7.77053058e-01 8.23818445e-01
    3.11884373e-01 4.59603131e-01 4.61467803e-01 8.29888701e-01
    4.32059884e-01 7.14931726e-01 3.79927754e-01 4.06973153e-01
    2.40102917e-01 9.45500374e-01 8.87147784e-02 7.61750340e-01
    3.72280478e-01 3.67074311e-02 8.57599020e-01 9.73293483e-01
    4.15865541e-01 5.13205826e-01 9.39717650e-01 8.23267221e-01
    4.28550541e-02 1.48671925e-01 7.95364738e-01 7.34716237e-01
    1.85412496e-01 9.78144288e-01 1.42082810e-01 5.35107315e-01
    2.82708049e-01 5.64057887e-01 8.07642043e-02 7.68448353e-01
    7.25706160e-01 2.62771666e-01 7.32027829e-01 3.91058266e-01
    7.73242712e-01 1.67682439e-01 2.25614667e-01 3.91924679e-01
    8.04403186e-01 3.93327564e-01 2.40413755e-01 7.08977520e-01
    4.22777325e-01 7.13806272e-01 4.89634991e-01 8.91307712e-01
    8.57159495e-03 1.78547591e-01 1.96992904e-01 4.72538322e-01
    3.20186555e-01 7.90029407e-01 4.97953087e-01 9.27846074e-01
    8.35494816e-01 4.03037369e-02 9.49434876e-01 7.83307195e-01
    9.81806636e-01 5.35136759e-01 2.60438561e-01 8.50202441e-01
    9.02249575e-01 7.51543641e-02 2.56459117e-01 4.27319825e-01
    4.32495177e-01 2.17167407e-01 6.95506692e-01 4.80157346e-01
    3.37037683e-01 6.78356767e-01 8.10608864e-01 3.20011139e-01
    6.90327585e-01 2.73221612e-01 4.43005383e-01 1.03109837e-01
    1.45056784e-01 2.78743505e-02 4.25619334e-01 4.69781816e-01
    8.28900158e-01 7.33400702e-01 5.07749677e-01 7.35303640e-01
    8.09182942e-01 5.39952159e-01 8.20370972e-01 9.65809822e-02
    6.61199272e-01 3.28520834e-02 8.54839385e-01 5.94422460e-01
    9.88944769e-01 5.72600067e-01 7.20239162e-01 7.05057502e-01
    1.36119425e-01 9.46047306e-02 1.33529842e-01 9.66429830e-01
    2.92008698e-01 4.96155202e-01 6.60428226e-01 9.96558368e-02
    6.44259572e-01 6.39209747e-01 5.47759533e-01 1.09203517e-01
    5.83403528e-01 3.09559703e-01 1.11970305e-01 8.97726417e-01
    3.04652095e-01 1.87650174e-01 2.62800157e-02 7.39931822e-01
    6.45919204e-01 2.69278467e-01 1.23020172e-01 9.88860846e-01
    4.49174643e-03 2.67652571e-01 5.74344456e-01 6.10093951e-01
    9.75452662e-01 8.79737973e-01 8.91048431e-01 4.25721705e-01
    3.24747980e-01 8.80104542e-01 2.38563329e-01 4.96818483e-01
    6.53169036e-01 4.19279397e-01 6.56749308e-01 1.82757676e-02
    8.75687718e-01 3.18523914e-01 6.37454629e-01 9.84844923e-01
    8.31269920e-02 8.18735063e-01 6.75708890e-01 4.90609586e-01
    4.43165779e-01 1.41656369e-01 7.37910748e-01 1.52309179e-01
    9.81730223e-02 2.68133700e-01 5.74070215e-01 8.31681788e-01
    5.17333746e-01 7.41273463e-02 2.23002166e-01 6.82683885e-01
    9.84510958e-01 6.55671954e-02 6.13599896e-01 8.48454714e-01
    4.57090914e-01 2.91068971e-01 4.90286946e-02 6.28470182e-01
    9.61992502e-01 8.10237408e-01 7.11934388e-01 9.82145429e-01
    2.13275164e-01 5.96598864e-01 8.40506077e-01 5.26569963e-01
    8.15756857e-01 7.59840727e-01 9.43334937e-01 8.31747532e-01
    1.39114708e-01 4.71212953e-01 3.37001026e-01 1.50366724e-01
    3.59079838e-01 7.36711144e-01 4.57940102e-01 6.60583913e-01
    4.45379615e-01 6.07874274e-01 1.33637339e-01 8.39351594e-01
    2.19709873e-01 1.73069388e-01 8.81222367e-01 9.23954070e-01
    3.71957898e-01 8.85380626e-01 3.62789869e-01 3.41362238e-01
    7.20553279e-01 9.71328020e-01 2.26825774e-02 1.50730938e-01
    8.62728834e-01 3.53351742e-01 7.93550372e-01 9.64501560e-01
    9.94221032e-01 1.99629039e-01 8.15136433e-01 9.44350064e-01
    8.77166033e-01 7.95442581e-01 6.65160477e-01 9.84165072e-01
    7.70325422e-01 1.44389838e-01 4.01275933e-01 3.36295217e-01
    9.46541786e-01 4.58429754e-01 3.91095728e-01 2.50785828e-01
    8.92972827e-01 8.06721091e-01 3.82407993e-01 8.90393496e-01
    2.11608410e-02 7.81834126e-02 4.70446080e-01 8.36018264e-01
    7.89019287e-01 2.11704671e-02 1.18827254e-01 9.43967402e-01
    7.30141997e-01 8.06223750e-01 7.18803167e-01 6.69054747e-01
    5.74654937e-01 2.29186893e-01 4.60720271e-01 9.96221781e-01
    6.73326552e-01 6.84919238e-01 6.49733067e-01 2.59991974e-01
    9.01582837e-01 5.18449187e-01 1.22740656e-01 4.51726347e-01
    2.18536496e-01 1.73273474e-01 4.68844801e-01 8.38448167e-01
    7.77323127e-01 7.83930421e-02 8.46675396e-01 2.83227712e-01
    9.41195548e-01 1.47086322e-01 3.03817987e-01 1.42734319e-01
    9.01989400e-01 2.87933797e-01 5.24474621e-01 8.84089112e-01
    6.48543417e-01 9.27566409e-01 7.04216123e-01 9.38161135e-01
    2.67725587e-01 9.79834199e-02 5.96575797e-01 3.86101454e-01
    1.09055996e-01 8.95421505e-02 6.83961689e-01 4.03365582e-01
    2.45688438e-01 3.16605270e-02 3.70388925e-01 1.59830838e-01
    6.92706764e-01 9.70627666e-01 6.07044101e-01 9.96335864e-01
    7.94361413e-01 2.00359553e-01 6.00905180e-01 6.65770948e-01
    5.22652030e-01 1.08295828e-01 2.69554794e-01 8.93312633e-01
    2.98288167e-02 6.67821467e-01 5.90390742e-01 3.78377289e-01
    3.73943746e-02 7.51672864e-01 9.26571250e-01 7.56082058e-01
    4.81981844e-01 7.94436872e-01 2.01087177e-01 5.10480106e-01
    8.17574143e-01 6.98170662e-01 7.62337804e-01 2.04409391e-01
    4.53338623e-01 4.33354557e-01 7.89902091e-01 3.61428469e-01
    9.50012207e-01 5.80777764e-01 7.13103533e-01 2.90119112e-01
    7.37092912e-01 8.76249075e-01 5.58790028e-01 2.39222944e-02
    8.69409382e-01 4.68558401e-01 6.49841666e-01 1.55480891e-01
    3.29307199e-01 5.36246836e-01 8.10608864e-01 3.20011139e-01
    6.90327585e-01 2.73221612e-01 4.43005383e-01 1.03109837e-01
    1.45056784e-01 2.78743505e-02 4.25619334e-01 4.69781816e-01
    1.07560962e-01 4.42657262e-01 8.13631237e-01 1.47927105e-02
    9.82680440e-01 8.07584286e-01 5.45263290e-03 4.28029329e-01
    6.76603556e-01 5.42482138e-01 7.59548843e-02 1.25157744e-01
    8.09166729e-02 4.73412603e-01 8.04056168e-01 6.89844191e-02
    1.85091972e-01 2.91776836e-01 8.58655810e-01 8.32061827e-01
    9.76807475e-01 8.76641512e-01 8.74267697e-01 5.09670854e-01
    6.46894872e-01 1.83865607e-01 4.10290509e-01 1.46986812e-01
    7.76560545e-01 4.04530466e-01 8.86996269e-01 1.51610821e-01
    4.20752227e-01 3.41838300e-02 2.24161923e-01 9.02771652e-01
    4.16992694e-01 4.15138662e-01 1.59979492e-01 9.29776311e-01
    6.98039651e-01 5.14963150e-01 5.03981590e-01 2.83987403e-01
    9.74786639e-01 8.55897725e-01 2.85775423e-01 7.88124025e-01
    3.39199752e-01 9.29979444e-01 4.97577757e-01 4.39508557e-01
    7.26702094e-01 3.27254534e-01 5.22583544e-01 6.45317972e-01
    2.28295207e-01 1.15351617e-01 9.59453821e-01 5.65536678e-01
    8.75456691e-01 1.86918497e-01 4.69098240e-01 7.27226019e-01
    1.35767758e-02 6.04100525e-02 8.16473722e-01 9.18946922e-01
    2.18362004e-01 7.02909112e-01 7.95011163e-01 8.19299340e-01
    9.23435450e-01 5.41712880e-01 8.79036188e-01 3.80215734e-01
    6.26571894e-01 6.25428259e-01 6.58348203e-02 1.02537692e-01
    1.59458965e-01 6.23579443e-01 2.51280725e-01 8.33039880e-01
    2.43527681e-01 2.45478213e-01 3.31017137e-01 7.91653395e-01
    1.20096445e-01 9.14715350e-01 9.86592412e-01 6.32385969e-01
    8.05576801e-01 6.41858339e-01 5.24737477e-01 4.40654755e-02
    9.46286678e-01 6.99007332e-01 2.15234667e-01 3.93859744e-01
    8.93884182e-01 3.13258827e-01 1.44649327e-01 4.21746135e-01
    9.61375117e-01 7.37172902e-01 9.94738936e-01 5.36527574e-01
    4.31682110e-01 1.68740958e-01 5.96184075e-01 4.48003113e-02
    9.47173595e-01 5.45473278e-01 4.77728307e-01 9.41373646e-01
    7.84991622e-01 4.72697943e-01 4.90618080e-01 1.66616708e-01
    6.53622508e-01 7.87479103e-01 3.84980440e-03 3.97166371e-01
    2.77581096e-01 4.71807450e-01 1.43104553e-01 6.10232770e-01
    5.30730426e-01 7.27933526e-01 2.04884410e-02 2.04495162e-01
    6.72771692e-01 2.04800606e-01 1.56283259e-01 1.53126389e-01
    8.66469860e-01 7.32278645e-01 8.67889643e-01 5.73958158e-01
    7.09302068e-01 3.53612959e-01 8.96000922e-01 4.07492965e-01
    2.55539626e-01 7.06854582e-01 9.17327881e-01 6.31013930e-01
    4.80415881e-01 8.00097585e-02 2.34471560e-01 4.96625662e-01
    2.25180030e-01 8.46449733e-02 3.24276358e-01 1.34135067e-01
    9.15730953e-01 6.05442345e-01 6.94791496e-01 4.53680247e-01
    8.75053346e-01 6.30498707e-01 3.25126469e-01 5.83530664e-01
    8.09079409e-01 4.24080223e-01 1.76881552e-01 7.90838242e-01
    8.75189543e-01 7.97363400e-01 7.35949874e-01 6.20398164e-01
    4.52356070e-01 1.92013502e-01 2.84900367e-02 7.14311421e-01
    5.57372570e-01 2.12466061e-01 4.94367450e-01 8.31762195e-01
    2.45160937e-01 9.62104559e-01 4.55354482e-01 9.59419847e-01
    5.51772177e-01 3.59606445e-02 9.70063031e-01 7.11837351e-01
    4.91823763e-01 3.14495564e-01 2.49641746e-01 2.27738351e-01
    3.61129999e-01 4.94057149e-01 6.62693083e-02 4.38639462e-01
    2.83271223e-01 8.73182297e-01 4.41511929e-01 1.59085453e-01
    4.57567155e-01 2.88415462e-01 8.98393869e-01 6.68969095e-01
    2.86478102e-02 1.62541956e-01 7.92328179e-01 7.89049327e-01
    4.07645047e-01 7.03250647e-01 9.95945036e-01 4.59015608e-01
    1.18600368e-01 1.03847682e-01 6.16995454e-01 4.41281378e-01
    3.26729298e-01 8.03026557e-02 4.82464224e-01 8.85649741e-01
    6.77581429e-01 7.01847374e-02 9.07296777e-01 8.25711012e-01
    5.10197282e-01 9.91292238e-01 1.63577169e-01 8.26713324e-01
    4.48202372e-01 3.91386330e-01 1.29180849e-02 7.87373662e-01
    5.49723685e-01 3.94294709e-01 9.33787763e-01 9.91093874e-01
    8.47840667e-01 3.64192367e-01 2.71894932e-02 2.24546790e-02
    2.13431865e-01 2.24414319e-01 2.27377862e-01 1.25326961e-01
    9.33987260e-01 7.33966827e-01 6.93398058e-01 9.79233086e-01
    9.68380690e-01 7.30773449e-01 4.97324675e-01 1.59914583e-01
    8.52190018e-01 8.32312107e-01 3.63633752e-01 9.42912936e-01
    1.07560962e-01 4.42657262e-01 8.13631237e-01 1.47927105e-02
    9.82680440e-01 8.07584286e-01 5.45263290e-03 4.28029329e-01
    6.76603556e-01 5.42482138e-01 5.66935003e-01 6.18273020e-03
    1.99414283e-01 6.14526629e-01 8.29775214e-01 7.08981752e-01
    3.61128688e-01 8.75475764e-01 3.17812920e-01 8.08197260e-01
    7.31369793e-01 9.66796219e-01 3.19423556e-01 6.76812232e-01
    2.69197643e-01 8.55553269e-01 6.64174855e-01 4.63034719e-01
    4.63295698e-01 4.05923128e-01 4.50628847e-01 7.37245560e-01
    9.36904728e-01 3.65780234e-01 4.61268991e-01 7.91308939e-01
    3.66919398e-01 1.21568620e-01 6.44996524e-01 1.86456144e-02
    7.00735152e-02 9.94518340e-01 1.41592175e-01 2.07674146e-01
    7.16200471e-02 3.88199806e-01 9.54786777e-01 3.34327966e-01
    4.32796538e-01 7.75827646e-01 1.56629115e-01 6.14370584e-01
    8.89591455e-01 4.73006397e-01 8.57569695e-01 2.13346720e-01
    2.39697188e-01 7.36027539e-01 3.79119009e-01 1.07584596e-02
    9.13066030e-01 1.87560290e-01 1.98365510e-01 3.60057354e-01
    5.96217692e-01 9.09806848e-01 5.97948313e-01 4.74450588e-02
    5.22357702e-01 5.04264414e-01 9.33124542e-01 5.99591613e-01
    4.17174757e-01 7.62284040e-01 8.64120662e-01 7.10052371e-01
    3.63835752e-01 5.01340568e-01 2.80200303e-01 4.39245105e-01
    9.17588949e-01 8.22030306e-01 3.52399051e-01 8.55944037e-01
    5.26871681e-01 8.76626670e-01 1.77329183e-01 9.23337281e-01
    2.32931823e-01 3.61286581e-01 7.11737990e-01 6.87758803e-01
    5.87569356e-01 1.37100816e-01 9.18241382e-01 1.44102633e-01
    8.23576689e-01 3.15499872e-01 5.00377238e-01 2.62839586e-01
    2.66372979e-01 5.14000356e-01 2.47819930e-01 3.73407304e-01
    5.99738359e-01 7.78658450e-01 4.30168450e-01 3.85911018e-01
    9.27512348e-02 4.25098807e-01 2.88705111e-01 8.89926672e-01
    5.00493348e-01 6.08254969e-02 5.81119597e-01 9.56841052e-01
    7.69651175e-01 6.71436250e-01 2.22137362e-01 4.27671969e-01
    6.45700455e-01 8.65243912e-01 9.55516875e-01 7.96997786e-01
    6.82190359e-02 6.53261900e-01 8.32094193e-01 3.19981933e-01
    2.33314872e-01 1.92549974e-01 2.31830388e-01 2.50640333e-01
    5.78406036e-01 8.91201258e-01 5.37738442e-01 6.10535502e-01
    4.40474719e-01 8.73462915e-01 2.00343549e-01 4.37940210e-01
    2.40612805e-01 8.19298923e-02 2.28514850e-01 4.79185164e-01
    3.52334201e-01 8.58736396e-01 9.29919541e-01 1.61061704e-01
    5.81340253e-01 8.42379689e-01 1.21291757e-01 9.50040102e-01
    7.69456148e-01 1.95892662e-01 3.83015275e-01 4.16940212e-01
    6.52686954e-01 1.97378457e-01 6.84170723e-01 7.69039869e-01
    3.10557485e-02 1.58422858e-01 7.11683989e-01 5.84230304e-01
    5.55483997e-02 3.18699300e-01 9.65522408e-01 9.59841669e-01
    8.28021884e-01 6.25641227e-01 9.56399679e-01 6.32496595e-01
    9.93997931e-01 9.10593033e-01 7.98998833e-01 1.04439974e-01
    8.20190191e-01 6.55440867e-01 5.60205162e-01 8.43255103e-01
    1.13845766e-02 9.65452433e-01 2.50155121e-01 4.18654770e-01
    9.44606543e-01 6.19984567e-02 9.62355852e-01 4.20534879e-01
    1.97165310e-02 4.18754458e-01 5.98189890e-01 5.16219139e-02
    7.18483627e-01 6.46876335e-01 9.28304255e-01 7.30138719e-02
    9.31457639e-01 5.45796096e-01 6.40395522e-01 6.72875166e-01
    4.09824193e-01 1.19673699e-01 2.55480349e-01 1.24046862e-01
    8.18273187e-01 1.43634468e-01 4.89469945e-01 4.47038025e-01
    5.88537633e-01 4.08273935e-03 1.77567929e-01 1.01170748e-01
    4.56591249e-01 9.25601959e-01 9.18644428e-01 3.05690974e-01
    2.03421623e-01 8.82050037e-01 1.32042587e-01 7.02225149e-01
    9.30179358e-01 5.34656227e-01 4.74047214e-01 2.82150388e-01
    2.74841309e-01 9.84745920e-02 2.44859755e-02 7.17699409e-01
    4.24441278e-01 2.29232132e-01 9.43061233e-01 9.23529863e-01
    1.07584387e-01 1.86186880e-01 4.36756521e-01 3.98617983e-02
    6.04901433e-01 4.66316849e-01 4.71598208e-02 2.69167304e-01
    4.26020324e-01 7.36719251e-01 3.50546300e-01 9.17620361e-01
    5.86560369e-01 7.20769763e-01 1.72552437e-01 8.28671694e-01
    2.52202272e-01 9.48807359e-01 6.63957477e-01 5.22928834e-02
    6.14450514e-01 3.13202620e-01 1.70882881e-01 4.09349591e-01
    4.10782933e-01 3.47078979e-01 6.82532430e-01 5.45599401e-01
    4.82981205e-01 8.18066657e-01 7.85425186e-01 5.81727266e-01
    1.72488987e-01 7.86578178e-01 5.66935003e-01 6.18273020e-03
    1.99414283e-01 6.14526629e-01 8.29775214e-01 7.08981752e-01
    3.61128688e-01 8.75475764e-01 3.17812920e-01 8.08197260e-01
    2.02215225e-01 8.28854203e-01 7.84490883e-01 8.68200362e-01
    1.81305319e-01 6.25152767e-01 7.69967437e-02 3.96024257e-01
    1.38498932e-01 6.17820024e-01 2.38332838e-01 9.06154335e-01
    9.02786136e-01 4.32042956e-01 9.81286645e-01 5.06733596e-01
    7.24720955e-01 9.17862773e-01 6.25022769e-01 5.29661894e-01
    9.89280641e-01 7.30163038e-01 7.05620527e-01 1.17108524e-01
    6.12323999e-01 9.75906849e-04 3.11254978e-01 8.66394401e-01
    3.58501613e-01 5.04123688e-01 9.35975075e-01 4.89994317e-01
    9.75651741e-01 9.73838329e-01 9.99864042e-02 9.54677224e-01
    8.31108689e-01 1.06103152e-01 1.98661089e-01 3.36458743e-01
    1.16856396e-01 1.89498216e-01 5.62934279e-01 9.01296020e-01
    8.20977211e-01 1.68200463e-01 4.48259056e-01 9.81539905e-01
    8.73179793e-01 6.27710342e-01 4.75441903e-01 9.58522975e-01
    1.29199237e-01 3.95809054e-01 4.53652620e-01 4.55493927e-01
    7.19621480e-02 5.12952387e-01 3.97571802e-01 2.83742249e-01
    4.70786989e-02 9.48345184e-01 6.84212804e-01 9.09355938e-01
    6.42558038e-01 1.96834743e-01 5.07039726e-01 9.94237900e-01
    3.12750518e-01 1.52672946e-01 6.68250203e-01 5.46332717e-01
    4.52205718e-01 2.31919885e-02 7.10988402e-01 7.84011722e-01
    3.20149958e-01 5.15527546e-01 3.72510195e-01 1.26710474e-01
    4.48912859e-01 7.22620189e-02 1.46589786e-01 9.99339283e-01
    6.18979633e-02 5.54125965e-01 7.25009799e-01 4.05247569e-01
    8.94153476e-01 4.27498043e-01 8.74919713e-01 9.57964301e-01
    4.40015435e-01 5.31230509e-01 1.19950891e-01 1.63601041e-01
    1.16596907e-01 4.36380595e-01 2.06058592e-01 5.78277111e-02
    3.54464054e-02 5.50440490e-01 6.03008866e-02 9.11153197e-01
    1.94554985e-01 8.88230562e-01 9.02066231e-01 5.92940092e-01
    3.99389565e-01 6.60809159e-01 4.19544339e-01 1.16150856e-01
    1.56768024e-01 8.06133449e-02 7.16273665e-01 8.87873888e-01
    5.83779454e-01 2.53593802e-01 5.39410710e-02 6.88213706e-01
    6.43850505e-01 2.30172366e-01 5.46790779e-01 5.99681795e-01
    7.90653110e-01 3.74907464e-01 2.46940345e-01 8.77798915e-01
    4.36288059e-01 2.97240496e-01 4.47407007e-01 2.61238039e-01
    2.84884691e-01 1.86651945e-04 2.90761888e-02 5.97329855e-01
    2.55568206e-01 2.55466104e-01 6.22661650e-01 4.49230731e-01
    3.64257514e-01 2.79448926e-02 3.17269444e-01 8.70676398e-01
    6.97443783e-01 2.40986794e-01 7.81524658e-01 7.23522246e-01
    3.01369071e-01 9.68803525e-01 4.13158536e-02 3.54473412e-01
    5.52403510e-01 7.80978680e-01 5.95282197e-01 9.77676392e-01
    1.76338196e-01 2.80593932e-01 7.33243823e-01 7.66972721e-01
    1.61352903e-01 4.92402107e-01 8.10241103e-02 9.85405505e-01
    7.19156265e-01 3.80081356e-01 7.62280583e-01 8.00841093e-01
    5.39233267e-01 4.47449178e-01 8.29165816e-01 4.08092439e-02
    1.54228449e-01 6.95768476e-01 1.72013044e-01 5.28580964e-01
    8.98813725e-01 2.92398632e-02 9.05452847e-01 8.22214246e-01
    6.31920636e-01 5.00685930e-01 8.22946191e-01 1.00940794e-01
    6.08483136e-01 5.67547500e-01 5.24941146e-01 4.62133437e-01
    6.58981979e-01 3.93748403e-01 5.86137295e-01 1.04385108e-01
    7.21682549e-01 5.91335297e-01 9.25013840e-01 2.95836091e-01
    3.38980377e-01 9.00259018e-01 1.66948080e-01 9.58603024e-02
    3.85328442e-01 2.53000617e-01 3.19906473e-02 2.52392262e-01
    5.98110676e-01 7.95018315e-01 3.93977165e-01 9.04783010e-01
    3.42355907e-01 3.68680894e-01 7.00866461e-01 2.15091825e-01
    4.26474214e-02 3.60124826e-01 6.71476126e-02 3.13697517e-01
    7.77400851e-01 3.88514936e-01 2.41458178e-01 1.79965615e-01
    3.40651870e-01 3.13397944e-01 7.62427330e-01 7.93845654e-01
    7.49922216e-01 9.80105221e-01 2.52938807e-01 5.96804559e-01
    5.68718612e-02 9.23315585e-02 8.09637666e-01 9.26356375e-01
    5.61117649e-01 9.65609968e-01 2.91343391e-01 7.30063438e-01
    5.87755263e-01 2.13748038e-01 7.38897145e-01 8.95364881e-01
    5.87847888e-01 7.91438878e-01 7.82631040e-01 3.00019205e-01
    9.39077079e-01 5.76350212e-01 2.93435425e-01 1.57090962e-01
    4.43125218e-01 8.08250666e-01 5.89812756e-01 6.45700693e-02
    8.05780768e-01 3.04583311e-01 9.04806554e-02 3.54530215e-01
    2.02215225e-01 8.28854203e-01 7.84490883e-01 8.68200362e-01
    1.81305319e-01 6.25152767e-01 7.69967437e-02 3.96024257e-01
    1.38498932e-01 6.17820024e-01 1.45520359e-01 4.44577277e-01
    9.11387801e-03 1.53835297e-01 2.81647176e-01 6.95010602e-01
    7.22099721e-01 7.25270629e-01 2.09933370e-01 6.10659122e-01
    4.49656546e-02 6.35021806e-01 9.61132228e-01 3.17146391e-01
    6.55049324e-01 5.54036558e-01 5.60306728e-01 9.65944052e-01
    8.45182896e-01 5.23115993e-02 5.42904139e-02 5.83266735e-01
    6.34777844e-02 9.19613600e-01 8.02308440e-01 7.45666325e-01
    9.23144698e-01 4.64909762e-01 6.29186392e-01 6.80072606e-01
    1.07655108e-01 5.20079315e-01 3.17729235e-01 4.31178719e-01
    4.15818214e-01 6.63713276e-01 7.95737624e-01 3.75967175e-01
    3.59330893e-01 9.29498553e-01 6.88818336e-01 4.66876358e-01
    3.96352828e-01 8.62906992e-01 8.36864650e-01 1.61450565e-01
    7.92178214e-02 3.62709165e-01 2.41922498e-01 3.01123500e-01
    5.19405663e-01 1.21100247e-02 3.88059020e-02 7.50675499e-01
    6.59853697e-01 9.85027671e-01 7.39520431e-01 1.50579244e-01
    4.63117689e-01 6.01083279e-01 4.93669271e-01 8.89175475e-01
    1.37201190e-01 6.63337350e-01 1.55584931e-01 2.07194984e-02
    4.90130246e-01 5.98488331e-01 9.12523746e-01 9.60668504e-01
    3.10456425e-01 4.17974472e-01 8.40665817e-01 1.51318431e-01
    9.91925657e-01 4.15701687e-01 2.00335950e-01 5.46874881e-01
    4.27216530e-01 9.78771329e-01 3.03275228e-01 3.18977267e-01
    2.74900615e-01 2.58865237e-01 6.00902736e-02 5.33227324e-01
    6.47710323e-01 5.40840328e-01 9.25232410e-01 6.07957482e-01
    8.89426827e-01 7.90511370e-01 1.89722002e-01 1.11636519e-03
    9.27643538e-01 8.40614676e-01 3.23627025e-01 7.00972915e-01
    3.63589108e-01 3.27145129e-01 9.64764118e-01 5.17700076e-01
    1.15809739e-02 6.88480735e-01 8.72353733e-01 5.76323628e-01
    4.97428954e-01 7.69735575e-01 8.59508634e-01 9.42564547e-01
    2.43204653e-01 1.24129176e-01 1.74790084e-01 8.33067417e-01
    9.33587313e-01 3.30073148e-01 7.71743059e-02 2.99060941e-02
    8.94901037e-01 4.98064905e-01 5.06175756e-01 5.23570895e-01
    8.82949293e-01 8.47309649e-01 3.43340039e-01 2.45999217e-01
    3.19524825e-01 1.16261512e-01 9.22097325e-01 8.83540988e-01
    2.41220772e-01 2.54616141e-02 9.90658879e-01 5.77909827e-01
    3.27081561e-01 3.75779033e-01 8.86217296e-01 9.94733989e-01
    7.39509106e-01 2.48675346e-02 2.63384789e-01 5.25421679e-01
    4.51938540e-01 4.15145636e-01 5.56656599e-01 4.18961167e-01
    6.60810769e-01 4.28020924e-01 1.27270281e-01 9.78302002e-01
    3.71300578e-02 3.29875588e-01 7.01565027e-01 8.35119963e-01
    2.67845839e-01 5.73368073e-01 9.27109241e-01 9.81076717e-01
    7.16147959e-01 8.06460917e-01 5.64003229e-01 3.53205621e-01
    3.17931920e-01 6.45725608e-01 7.02364683e-01 8.91839147e-01
    8.04178953e-01 8.75416517e-01 4.47748899e-01 5.38900971e-01
    4.96719360e-01 3.59717458e-01 2.20377117e-01 6.12601995e-01
    3.23687911e-01 6.19649708e-01 9.36248362e-01 1.41333431e-01
    7.83870995e-01 8.97871971e-01 1.80902690e-01 8.20462167e-01
    1.60043687e-01 1.13169521e-01 8.02912772e-01 6.12092316e-01
    8.57440293e-01 3.13982308e-01 5.97618282e-01 3.59834909e-01
    9.22314048e-01 9.28874135e-01 6.59573615e-01 6.94380164e-01
    4.80137169e-01 6.42795444e-01 3.84202629e-01 6.87661409e-01
    5.08384705e-02 4.95546550e-01 2.52715111e-01 2.01931536e-01
    1.13557577e-02 9.90610123e-01 6.96936369e-01 1.30226612e-02
    3.83449256e-01 8.39387119e-01 9.13385451e-01 7.87649572e-01
    1.32736653e-01 2.11441040e-01 8.38290811e-01 4.27312285e-01
    3.87404859e-02 6.18833423e-01 2.27397144e-01 9.72069860e-01
    4.18901831e-01 9.97527242e-01 7.99210250e-01 1.38725221e-01
    9.49534237e-01 7.30414331e-01 9.96245563e-01 9.99776721e-01
    5.41191697e-01 4.46518958e-02 8.42005432e-01 6.49682224e-01
    2.09169984e-02 9.22459960e-01 2.46641576e-01 9.26151395e-01
    6.55777335e-01 9.06463444e-01 9.92599607e-01 1.53781086e-01
    1.90047473e-01 7.63696432e-01 9.89344120e-01 6.58402801e-01
    8.09549093e-02 4.65701818e-01 4.74486887e-01 9.74809289e-01
    1.27844155e-01 9.65289474e-01 1.93120480e-01 3.17867100e-01
    1.89136982e-01 5.73922932e-01 3.49836349e-01 5.69956064e-01
    1.37548745e-01 1.06056243e-01 1.45520359e-01 4.44577277e-01
    9.11387801e-03 1.53835297e-01 2.81647176e-01 6.95010602e-01
    7.22099721e-01 7.25270629e-01 2.09933370e-01 6.10659122e-01
    3.31281781e-01 4.34038579e-01 7.28552103e-01 9.18814540e-02
    2.19169378e-01 7.42069185e-02 3.06155980e-01 9.53568399e-01
    1.10397965e-01 6.44663215e-01 3.43616009e-01 1.87937707e-01
    7.83633709e-01 7.14222789e-01 4.98746991e-01 7.99067020e-01
    6.31368577e-01 1.60375267e-01 3.56896788e-01 3.01628113e-02
    3.88762504e-01 3.38419676e-01 1.40526593e-02 1.67751402e-01
    3.01471591e-01 2.47835696e-01 9.32708859e-01 5.84177017e-01
    7.93915987e-01 9.68252182e-01 5.03449500e-01 6.58180177e-01
    5.92578530e-01 1.93835706e-01 4.54960078e-01 4.18678910e-01
    3.91602337e-01 4.87050653e-01 4.98111129e-01 9.47298467e-01
    8.41933489e-02 4.37841564e-01 9.78367448e-01 8.67502391e-02
    1.30952805e-01 7.86380410e-01 4.90189880e-01 3.42944562e-01
    8.90665233e-01 6.59180105e-01 5.75665414e-01 3.20844531e-01
    1.11074418e-01 3.42791200e-01 6.77047014e-01 6.08487189e-01
    8.51443410e-02 4.32542562e-01 9.14056063e-01 8.04259062e-01
    7.98498511e-01 9.67298031e-01 9.39111114e-01 6.33469105e-01
    6.89216912e-01 7.95092583e-01 3.35897803e-01 7.55431414e-01
    4.87101972e-02 3.65695059e-01 8.92270327e-01 5.58510125e-01
    7.13167787e-01 9.70024943e-01 7.58626223e-01 3.80001187e-01
    2.23446310e-01 7.04204619e-01 8.59278083e-01 9.90927160e-01
    2.85062611e-01 5.08446097e-01 8.96347165e-01 7.77093768e-01
    1.99882805e-01 5.08846998e-01 2.06084907e-01 6.89290226e-01
    6.61546230e-01 5.52726924e-01 1.88286841e-01 2.41653115e-01
    6.87662303e-01 5.33160567e-01 4.19901162e-01 3.79032195e-02
    5.96871138e-01 8.76669466e-01 4.19250816e-01 5.10961533e-01
    2.86304057e-02 5.55919588e-01 9.53166485e-01 7.54982471e-01
    8.42102110e-01 5.27794540e-01 9.25239086e-01 3.61352742e-01
    2.24592745e-01 7.86261559e-01 5.78803837e-01 5.92367947e-01
    5.11550009e-01 3.75709057e-01 7.09980011e-01 4.45860535e-01
    2.74747252e-01 3.56897235e-01 1.50858164e-01 6.23485148e-02
    5.58307409e-01 8.32835495e-01 9.61408734e-01 4.54574823e-01
    2.82448590e-01 4.76510525e-01 9.91717219e-01 1.55968189e-01
    4.09472525e-01 8.99865866e-01 8.81534755e-01 3.22361827e-01
    6.20728731e-01 1.77586615e-01 2.04719603e-02 3.29840183e-01
    9.40504372e-01 7.52452254e-01 9.32433724e-01 4.02869344e-01
    8.11051726e-02 4.91927534e-01 9.65474367e-01 1.06650740e-01
    5.00408888e-01 2.33720630e-01 2.08861887e-01 9.73139763e-01
    7.90942788e-01 2.53948271e-01 6.69380724e-01 6.35491431e-01
    7.20047474e-01 2.26210803e-01 2.28168279e-01 4.05213594e-01
    1.55728012e-01 3.57445419e-01 2.57649124e-01 3.14572871e-01
    2.28100926e-01 4.55025733e-01 4.89601165e-01 1.24545455e-01
    8.36887002e-01 3.57876539e-01 6.63204193e-01 8.87640357e-01
    5.95752954e-01 1.21376216e-01 7.78430700e-01 9.88847971e-01
    7.86642313e-01 6.88664019e-01 3.14046443e-01 5.54736555e-01
    8.86366487e-01 8.31318438e-01 5.11147499e-01 7.38391697e-01
    5.23927927e-01 1.38745785e-01 8.03473651e-01 5.38675487e-02
    9.50794220e-01 5.55523098e-01 3.24259996e-01 8.65452826e-01
    1.40243769e-02 4.64148849e-01 4.28254634e-01 1.59697503e-01
    6.64869249e-02 2.69547105e-01 4.86434430e-01 4.55911636e-01
    8.64444375e-01 8.54704618e-01 7.80654192e-01 2.95729160e-01
    1.75376356e-01 8.96160007e-01 8.47374916e-01 6.61946177e-01
    8.66809130e-01 8.05804789e-01 8.33039939e-01 7.29375362e-01
    4.86101866e-01 6.30833030e-01 4.56705987e-01 1.68297112e-01
    6.18090093e-01 9.82297897e-01 3.77984136e-01 2.45359480e-01
    2.33644933e-01 1.41171217e-01 1.53444916e-01 4.46430922e-01
    3.12588304e-01 5.21609485e-01 5.76238096e-01 7.21712947e-01
    3.87329817e-01 9.37451124e-01 4.24838126e-01 4.49100107e-01
    3.83168459e-04 4.51711595e-01 9.09839213e-01 8.77699971e-01
    8.97444248e-01 1.28213644e-01 3.07592154e-01 2.60914564e-01
    6.38079166e-01 4.23996210e-01 4.65433925e-01 3.72582078e-01
    2.07201838e-01 5.17461061e-01 1.42122239e-01 5.14330864e-01
    1.27152026e-01 3.58167797e-01 4.67074513e-02 5.10825038e-01
    4.68963742e-01 9.57991958e-01 4.20249760e-01 7.49210894e-01
    6.28823638e-02 5.10927498e-01 2.99950242e-01 6.84519470e-01
    3.31281781e-01 4.34038579e-01 7.28552103e-01 9.18814540e-02
    2.19169378e-01 7.42069185e-02 3.06155980e-01 9.53568399e-01
    1.10397965e-01 6.44663215e-01 8.78138423e-01 1.78378224e-01
    1.96166843e-01 6.10984445e-01 9.67956483e-02 8.03008080e-01
    6.02936804e-01 2.91403830e-01 9.05386329e-01 7.72901416e-01
    1.54279739e-01 9.23338294e-01 4.18529153e-01 4.11471725e-02
    4.31919366e-01 7.35507429e-01 4.50445771e-01 9.00921226e-01
    7.44256437e-01 5.94192863e-01 5.90569973e-01 8.56447220e-01
    2.83220351e-01 9.40030813e-03 2.55370259e-01 2.58545578e-02
    9.15492356e-01 3.70047599e-01 2.30193675e-01 3.76763552e-01
    9.08784330e-01 6.62047565e-01 9.47653294e-01 3.84939373e-01
    8.69200766e-01 8.99101198e-01 5.89915037e-01 2.23152429e-01
    1.29547715e-03 6.50259256e-01 2.08777905e-01 8.05830717e-01
    4.51525450e-01 2.05935419e-01 1.22970551e-01 8.28126073e-03
    6.52515590e-01 8.15685928e-01 2.63013244e-01 8.46067429e-01
    7.73059428e-02 4.86973584e-01 2.23143697e-01 2.02716917e-01
    7.63499498e-01 7.92354882e-01 9.96005177e-01 4.06443894e-01
    2.29894519e-01 9.84224796e-01 2.04818577e-01 1.11869782e-01
    9.07553792e-01 1.45071536e-01 9.67051923e-01 5.83844185e-01
    1.80556774e-02 8.85042906e-01 6.92851007e-01 3.03858966e-01
    2.21849680e-02 9.79738355e-01 5.68193197e-02 8.97731304e-01
    4.61926579e-01 4.34902847e-01 1.57532811e-01 9.83738720e-01
    7.68074274e-01 2.82482505e-02 9.84513402e-01 4.60286468e-01
    3.87186021e-01 3.06009829e-01 7.97917485e-01 3.78020793e-01
    9.18322027e-01 1.77937865e-01 1.11340344e-01 9.24051464e-01
    3.02079916e-02 9.88035679e-01 7.92783022e-01 9.12295461e-01
    3.65145802e-01 8.97858799e-01 5.69635451e-01 4.68083978e-01
    3.05155218e-01 1.69934869e-01 5.48722625e-01 2.92203128e-02
    5.93796968e-01 2.47107625e-01 4.47639316e-01 2.84597397e-01
    6.07883036e-02 1.07189387e-01 3.80612373e-01 6.56862378e-01
    8.37478817e-01 9.20491219e-01 9.16895270e-03 7.65051603e-01
    5.70429862e-01 5.68975508e-02 5.12618721e-01 3.17974329e-01
    3.95871580e-01 2.53189415e-01 3.59224170e-01 1.68247640e-01
    3.45216930e-01 7.83674121e-01 1.37918174e-01 7.58906603e-01
    4.26649243e-01 1.50542527e-01 6.37065411e-01 1.16942406e-01
    4.81808186e-02 7.63497710e-01 2.68904716e-01 4.18118179e-01
    5.03400683e-01 5.18603086e-01 2.98908532e-01 5.10612845e-01
    4.83445942e-01 5.70704699e-01 3.08621883e-01 2.83118427e-01
    9.20922875e-01 2.35756099e-01 1.11585170e-01 9.85898852e-01
    5.08875370e-01 8.24255109e-01 7.62879789e-01 9.52718258e-01
    5.78460097e-02 9.57920015e-01 8.00329804e-01 7.77120292e-02
    8.60448003e-01 9.84659493e-02 5.66504121e-01 6.74485326e-01
    6.85152292e-01 2.42519885e-01 1.73342109e-01 1.52975082e-01
    7.32149601e-01 7.48524010e-01 8.43240142e-01 1.04384035e-01
    3.32413495e-01 9.03365791e-01 8.91198993e-01 3.24741125e-01
    8.26631904e-01 6.55993283e-01 8.22852373e-01 6.74077868e-01
    8.80226314e-01 9.21456456e-01 1.61123753e-01 2.84109712e-02
    8.41357470e-01 4.07541931e-01 6.11366332e-01 8.58869731e-01
    4.31339443e-02 2.42308259e-01 6.40645266e-01 5.66166103e-01
    3.24828327e-02 6.06988549e-01 4.39903438e-01 7.28504479e-01
    7.12103486e-01 5.72827518e-01 1.59582645e-01 6.47952795e-01
    2.22865611e-01 6.76710606e-02 1.32600278e-01 8.71303916e-01
    2.42885083e-01 9.74574506e-01 8.89454305e-01 8.68624330e-01
    4.38652366e-01 6.96083188e-01 4.71605718e-01 4.41080362e-01
    3.17687333e-01 6.51674330e-01 5.41696727e-01 5.12555420e-01
    1.05499119e-01 9.34908152e-01 3.96502554e-01 2.99104840e-01
    3.63690615e-01 4.27675188e-01 9.30696726e-02 8.71838689e-01
    2.33786792e-01 6.24539256e-01 8.99804175e-01 2.72522748e-01
    7.80738056e-01 1.71262503e-01 9.50940251e-01 6.37979984e-01
    5.33372045e-01 5.40364742e-01 9.32069182e-01 5.46410501e-01
    1.94574296e-01 3.33915383e-01 4.10636067e-01 6.89432144e-01
    6.81208193e-01 3.83809984e-01 3.86269659e-01 4.62918937e-01
    2.83060700e-01 6.29198968e-01 9.31410730e-01 9.44813550e-01
    6.39349043e-01 9.48263228e-01 1.96731031e-01 2.13108540e-01
    1.08860195e-01 5.99371850e-01 9.42627072e-01 9.06244874e-01
    4.81709450e-01 1.12811774e-01 7.47568309e-01 1.76916361e-01
    8.26293826e-01 2.42680520e-01 8.78138423e-01 1.78378224e-01
    1.96166843e-01 6.10984445e-01 9.67956483e-02 8.03008080e-01
    6.02936804e-01 2.91403830e-01 9.05386329e-01 7.72901416e-01
    9.93847489e-01 1.36989355e-03 3.19100559e-01 7.88948953e-01
    4.98128206e-01 2.07439154e-01 8.15986037e-01 5.84320843e-01
    8.75627041e-01 5.58634877e-01 2.35047072e-01 9.82384801e-01
    2.19882697e-01 2.43038327e-01 3.29592288e-01 6.40489459e-01
    2.04120606e-01 6.88451350e-01 8.37732673e-01 7.38261998e-01
    2.35249221e-01 7.27786124e-01 4.99725789e-01 7.35372424e-01
    4.49355960e-01 3.57142627e-01 2.23964542e-01 3.63621116e-01
    7.07317591e-01 7.80239224e-01 9.58962679e-01 9.11746442e-01
    5.97358644e-01 4.93395686e-01 5.59797883e-01 9.81744409e-01
    9.98504519e-01 7.68530846e-01 7.27558315e-01 9.43890452e-01
    8.75742912e-01 2.21087128e-01 8.27623487e-01 4.38482374e-01
    4.57345515e-01 1.43780559e-01 6.84797883e-01 8.93384457e-01
    4.29748744e-01 5.62166572e-01 7.13768721e-01 4.52645540e-01
    2.31652260e-01 2.94491410e-01 2.44337171e-01 9.63094950e-01
    7.48186171e-01 4.61882472e-01 6.98817849e-01 1.26123130e-01
    1.07596964e-01 7.79374719e-01 1.76875234e-01 2.53308356e-01
    6.65193081e-01 4.71734226e-01 9.72216249e-01 1.69316381e-01
    6.81057274e-01 9.75288928e-01 3.50412041e-01 2.08135277e-01
    8.69269192e-01 6.69972599e-02 4.97109383e-01 4.99544531e-01
    6.11222982e-02 4.06661689e-01 4.66880858e-01 4.52186495e-01
    3.65421861e-01 3.86165828e-01 6.32044077e-01 4.42432463e-01
    5.42002857e-01 5.26902795e-01 6.08669639e-01 1.88119918e-01
    4.21948582e-01 5.50302565e-02 2.18557090e-01 2.76876330e-01
    4.35122430e-01 6.59368634e-02 8.47311914e-01 9.89004850e-01
    6.78551495e-02 8.16791892e-01 2.47131795e-01 2.51395315e-01
    6.39285684e-01 6.16187096e-01 9.72236514e-01 2.19866842e-01
    8.21852684e-03 1.43586367e-01 1.29000694e-01 2.57367820e-01
    7.64338434e-01 9.14196730e-01 1.35941863e-01 9.54761565e-01
    2.57953048e-01 8.27202916e-01 8.51437092e-01 1.87034547e-01
    8.65785837e-01 6.76530898e-01 2.24037647e-01 2.08078772e-01
    3.50324571e-01 9.80735898e-01 5.28655350e-01 8.79079819e-01
    3.72126520e-01 9.21970487e-01 7.71376491e-01 9.31435525e-01
    4.20130014e-01 8.00557017e-01 2.86555588e-02 6.92105770e-01
    9.12111521e-01 6.50995970e-03 7.94553757e-01 9.56234872e-01
    1.06661230e-01 2.20669359e-01 8.29267859e-01 8.73316526e-02
    8.25719535e-01 5.45864403e-01 6.59215510e-01 3.78553808e-01
    8.34142864e-02 1.91839039e-02 8.58594358e-01 4.42424595e-01
    8.34239006e-01 8.60492587e-02 4.27996427e-01 5.01445115e-01
    7.65331149e-01 8.29229534e-01 6.17485881e-01 5.93111336e-01
    7.69047022e-01 7.93089271e-02 8.11108708e-01 7.40388274e-01
    5.30079305e-02 8.39948893e-01 5.41634202e-01 9.88469601e-01
    3.45722437e-02 3.81961942e-01 6.13822281e-01 6.96183920e-01
    6.69904768e-01 6.12853348e-01 2.72470593e-01 3.01705599e-01
    4.47816521e-01 9.80578244e-01 7.71296382e-01 9.62928176e-01
    6.99415445e-01 7.36660779e-01 1.07531130e-01 7.08706021e-01
    5.77768207e-01 8.33780169e-01 4.88043308e-01 5.70287943e-01
    9.64301288e-01 6.73002005e-03 7.59768009e-01 6.56789839e-01
    4.80239362e-01 3.97603095e-01 5.75066507e-01 8.89558613e-01
    2.13864475e-01 8.79944205e-01 2.32438803e-01 1.03983819e-01
    3.19030464e-01 4.02187318e-01 3.88251185e-01 1.43201649e-02
    7.10759997e-01 5.28551340e-01 8.48105907e-01 8.55244398e-02
    2.79716253e-01 6.01487815e-01 8.12730610e-01 7.67594218e-01
    4.10227776e-02 9.28000987e-01 2.16529667e-01 9.34006691e-01
    9.98539805e-01 1.56303912e-01 4.44736779e-01 3.46881151e-03
    7.68203676e-01 2.02750444e-01 1.75502896e-01 7.45888710e-01
    7.04154551e-01 7.42321610e-02 3.08137238e-02 5.39600492e-01
    9.21723962e-01 1.74753040e-01 8.34158957e-02 4.45655435e-01
    6.30189419e-01 9.00190949e-01 7.74755776e-02 3.44990760e-01
    4.63438243e-01 9.84488606e-01 5.44185400e-01 3.28373492e-01
    4.84213233e-01 3.88754398e-01 7.10100651e-01 8.86178732e-01
    2.42320806e-01 7.61370301e-01 3.15616727e-02 9.73352194e-01
    2.05577999e-01 5.62987447e-01 9.34603930e-01 1.86856359e-01
    7.61670709e-01 4.83515024e-01 1.83995366e-01 3.18820238e-01
    6.31302118e-01 9.19965863e-01 2.98600733e-01 5.71320355e-02
    9.93847489e-01 1.36989355e-03 3.19100559e-01 7.88948953e-01
    4.98128206e-01 2.07439154e-01 8.15986037e-01 5.84320843e-01
    8.75627041e-01 5.58634877e-01 2.81037062e-01 2.50015676e-01
    9.67671752e-01 7.08678901e-01 8.42450142e-01 2.54598260e-02
    8.42588007e-01 6.91727817e-01 5.76404095e-01 4.12156284e-02
    7.47337520e-01 2.27641940e-01 7.66680479e-01 6.63912952e-01
    9.74669337e-01 6.90807462e-01 3.46022546e-01 9.79697704e-01
    4.67970014e-01 1.60973132e-01 8.61292958e-01 3.15383077e-01
    2.63503969e-01 3.46843511e-01 6.20560467e-01 3.61917913e-01
    5.09453714e-01 6.68923378e-01 8.89890730e-01 2.34299183e-01
    5.56694269e-02 8.93330693e-01 6.93307757e-01 9.21398878e-01
    3.57306898e-02 4.91828203e-01 6.51859164e-01 3.22920293e-01
    2.42558330e-01 1.03991419e-01 6.85161531e-01 4.32133198e-01
    5.81601918e-01 4.24822360e-01 2.50455618e-01 5.29947579e-01
    7.91671216e-01 7.23389685e-02 7.75589705e-01 5.54433823e-01
    6.61468387e-01 4.45548385e-01 7.33144283e-01 6.09002948e-01
    3.00442278e-02 6.28809869e-01 7.75746942e-01 5.72771490e-01
    2.31036007e-01 3.31718236e-01 8.98620129e-01 5.31235039e-01
    5.33391356e-01 8.68239701e-02 6.55019939e-01 5.03702998e-01
    4.47969586e-01 7.23183751e-01 3.77073705e-01 3.14762056e-01
    7.56211281e-01 9.34521973e-01 6.12568915e-01 9.59511578e-01
    9.78244722e-01 3.80320996e-01 7.49548376e-01 8.46123397e-02
    6.63390517e-01 3.01996976e-01 5.47271132e-01 2.40888327e-01
    2.88332015e-01 9.50475693e-01 4.00919229e-01 2.94432074e-01
    1.89611763e-01 3.62027407e-01 7.27227271e-01 6.86829209e-01
    8.94303918e-01 1.68958992e-01 6.61295772e-01 5.24575710e-01
    9.74191248e-01 3.04944456e-01 3.11920017e-01 2.06576437e-01
    9.15766954e-01 5.95822215e-01 3.77757967e-01 7.56166697e-01
    7.85759807e-01 3.35055113e-01 3.79246950e-01 4.98329103e-01
    8.79878759e-01 4.79943961e-01 9.99199152e-01 8.81920159e-02
    7.10610449e-01 1.75625771e-01 4.00683582e-02 3.07561040e-01
    6.50429785e-01 4.18384552e-01 9.98010278e-01 5.09817779e-01
    7.49738276e-01 3.82437736e-01 4.20297205e-01 8.59344363e-01
    3.86118174e-01 7.88113117e-01 8.52249861e-01 8.29568326e-01
    8.15855026e-01 1.62538469e-01 3.43351185e-01 3.99568796e-01
    1.16322249e-01 3.37457150e-01 7.24357843e-01 8.30786765e-01
    2.33889848e-01 2.39475101e-01 6.93984330e-01 9.38823998e-01
    4.46001887e-01 2.97494352e-01 2.19024897e-01 2.94484615e-01
    5.17930090e-01 4.45872486e-01 1.28320813e-01 8.83063316e-01
    6.74748063e-01 3.72246921e-01 7.65711069e-03 2.50921786e-01
    3.10744882e-01 1.66704237e-01 2.08888203e-01 1.65179849e-01
    9.62954164e-02 5.37141025e-01 4.59187150e-01 5.23713052e-01
    9.17646945e-01 6.70154929e-01 6.33312166e-01 4.23963994e-01
    9.64773476e-01 4.82895344e-01 7.31289983e-01 7.46237814e-01
    1.02672011e-01 2.50622779e-01 7.46143818e-01 2.79985458e-01
    9.43539143e-02 9.56997454e-01 8.00410032e-01 2.27963746e-01
    3.17022502e-02 9.99685526e-02 6.44131899e-02 1.49306983e-01
    9.24717665e-01 3.95649910e-01 9.02058780e-02 8.64149570e-01
    3.86994123e-01 6.55921102e-01 2.42082566e-01 1.24496222e-02
    2.26630479e-01 4.74323362e-01 4.09805894e-01 2.46188521e-01
    8.99149477e-01 2.73914605e-01 6.05812967e-02 5.90077400e-01
    7.93101192e-01 5.76812029e-01 5.35260201e-01 9.91371751e-01
    1.00565344e-01 4.75609303e-02 8.36997390e-01 7.23150373e-01
    7.88704693e-01 5.97131550e-01 2.11806267e-01 6.08516037e-01
    8.98087263e-01 5.10741889e-01 7.64502406e-01 3.21159810e-01
    8.49247456e-01 5.01921296e-01 6.51290238e-01 8.80736589e-01
    1.34673685e-01 3.31960917e-01 9.57742810e-01 3.32926959e-01
    8.65892172e-02 7.22041011e-01 1.80477560e-01 4.85067844e-01
    7.38452733e-01 4.47877645e-02 2.96063602e-01 9.58294988e-01
    9.29494381e-01 3.61923397e-01 5.88689089e-01 4.47822511e-01
    4.78284359e-01 5.73716044e-01 8.01717162e-01 8.97101879e-01
    3.23074520e-01 9.83265638e-02 3.56304646e-01 2.59587944e-01
    6.19785547e-01 4.70638841e-01 3.26323658e-01 6.67776823e-01
    6.95668042e-01 5.17543018e-01 3.75452697e-01 2.20406085e-01
    4.81353074e-01 8.98521781e-01 2.33837962e-03 8.60581219e-01
    6.04838729e-01 5.71114302e-01 4.50855136e-01 7.76938677e-01
    1.71323597e-01 7.41010606e-01 2.81037062e-01 2.50015676e-01
    9.67671752e-01 7.08678901e-01 8.42450142e-01 2.54598260e-02
    8.42588007e-01 6.91727817e-01 5.76404095e-01 4.12156284e-02
    9.11805630e-01 8.98386717e-01 9.57900763e-01 8.52327764e-01
    2.17557490e-01 1.25155956e-01 1.22838318e-01 1.63420886e-01
    4.30558741e-01 6.20094836e-01 9.69402075e-01 2.85988092e-01
    1.98625147e-01 2.96617866e-01 8.58599305e-01 8.36706698e-01
    6.39383793e-01 1.06944889e-01 2.25172043e-02 1.19897753e-01
    5.96019268e-01 9.46413517e-01 8.03168058e-01 9.25345123e-02
    2.34567374e-01 6.55553222e-01 6.67780161e-01 4.22556877e-01
    5.71774960e-01 7.24866867e-01 1.82464182e-01 5.24723887e-01
    9.05727506e-01 7.81853020e-01 6.64818048e-01 6.93103790e-01
    6.95768654e-01 8.94965649e-01 6.66006446e-01 6.67495728e-02
    9.83221054e-01 4.09266710e-01 2.49469280e-02 6.61441743e-01
    2.23728776e-01 7.12171257e-01 7.59594858e-01 9.89879549e-01
    1.62381589e-01 3.02362978e-01 5.64376116e-02 8.20927739e-01
    5.99217236e-01 7.09910333e-01 2.44013280e-01 5.14482856e-01
    7.12140918e-01 1.60694629e-01 4.34406877e-01 7.89433181e-01
    3.94950181e-01 9.26637173e-01 1.83243454e-02 4.18639094e-01
    9.02518153e-01 5.99553764e-01 3.38702798e-01 6.42206430e-01
    2.44384706e-02 2.98151612e-01 4.53685254e-01 6.83586121e-01
    2.64478922e-01 6.57196701e-01 2.11345822e-01 9.79632020e-01
    2.84675360e-02 4.31163043e-01 6.82099342e-01 8.96185637e-01
    4.81788099e-01 4.24801588e-01 1.05596066e-01 2.58052349e-03
    1.38924360e-01 6.37868047e-01 3.48807812e-01 4.74140435e-01
    5.97023726e-01 4.45629478e-01 6.59006715e-01 4.04346824e-01
    7.51355350e-01 9.52971101e-01 8.65451276e-01 9.13422108e-01
    1.18925750e-01 9.76405740e-01 1.18988842e-01 8.84408593e-01
    7.78009892e-01 5.78482509e-01 1.10054970e-01 9.24018562e-01
    8.67163360e-01 2.12861240e-01 3.55804801e-01 7.13145614e-01
    1.49603248e-01 5.15883446e-01 1.13294274e-01 5.40636480e-02
    8.41288507e-01 2.52960742e-01 7.63183713e-01 4.21639264e-01
    8.78019333e-01 7.01767743e-01 1.40047073e-01 5.37470937e-01
    5.09241283e-01 8.91871691e-01 7.76929080e-01 8.53713095e-01
    2.74358392e-02 6.66111887e-01 5.08549929e-01 9.87384558e-01
    1.52118742e-01 6.34565830e-01 3.72241765e-01 2.15747923e-01
    8.41295362e-01 2.45709896e-01 9.29230571e-01 1.97967529e-01
    5.49031377e-01 2.27505326e-01 5.20710409e-01 2.24074453e-01
    3.78338337e-01 5.97777128e-01 9.57701802e-01 5.74478805e-02
    7.51602590e-01 4.10767376e-01 8.10473442e-01 4.52809036e-01
    8.09346437e-01 1.41603053e-01 7.92724788e-01 5.44836760e-01
    5.46863675e-01 1.46978676e-01 5.65161884e-01 2.41745800e-01
    6.24605000e-01 6.82689130e-01 3.12599659e-01 4.63881642e-01
    6.46162808e-01 2.66580343e-01 8.49150836e-01 7.17283130e-01
    8.91819358e-01 1.88502073e-01 8.83321464e-01 3.54481131e-01
    2.81672180e-01 6.22916818e-01 7.74331331e-01 8.27979326e-01
    3.83925498e-01 5.37766695e-01 6.94687188e-01 3.21625531e-01
    6.25314116e-01 5.79001367e-01 4.25114959e-01 8.61176074e-01
    2.03223199e-01 4.45941240e-01 3.74239206e-01 4.64294404e-01
    8.85133862e-01 8.82577717e-01 8.39876175e-01 7.20929801e-01
    1.17735714e-01 9.30630624e-01 1.88050151e-01 7.92751312e-01
    5.29821396e-01 7.86013305e-02 5.61398566e-01 2.25528389e-01
    1.84500575e-01 6.76155329e-01 4.95340139e-01 3.72815013e-01
    1.80573761e-01 8.73684645e-01 7.35959291e-01 8.51618290e-01
    6.42632782e-01 3.64260197e-01 9.94987965e-01 4.59815890e-01
    1.92742020e-01 2.65623927e-01 7.63465106e-01 5.59996605e-01
    1.25993073e-01 2.14418769e-01 4.39056516e-01 3.72456610e-01
    9.73169446e-01 8.59841168e-01 8.87998462e-01 9.79791045e-01
    7.19305933e-01 9.88908052e-01 4.05962288e-01 5.87425530e-02
    4.44709122e-01 5.65247893e-01 5.47874212e-01 3.30887139e-02
    3.43653321e-01 3.23714882e-01 1.88780993e-01 4.55437452e-01
    8.69393051e-02 5.73905051e-01 7.86211252e-01 1.21978968e-01
    4.74665374e-01 4.29680705e-01 6.67140424e-01 3.28983128e-01
    9.25342023e-01 9.61363912e-01 4.00568426e-01 6.92851484e-01
    9.33355331e-01 7.53162503e-01 6.35886431e-01 2.51436830e-01
    6.54155552e-01 4.42537546e-01 5.74856937e-01 9.30780053e-01
    4.65155721e-01 8.33393097e-01 5.21703541e-01 4.64122593e-01
    9.11805630e-01 8.98386717e-01 9.57900763e-01 8.52327764e-01
    2.17557490e-01 1.25155956e-01 1.22838318e-01 1.63420886e-01
    4.30558741e-01 6.20094836e-01 1.21511638e-01 8.51348519e-01
    7.76384771e-01 3.81702453e-01 4.15901095e-01 4.51862812e-02
    6.43143296e-01 9.29115057e-01 4.18774068e-01 3.64706546e-01
    3.32426608e-01 2.66839713e-01 1.50007516e-01 1.02019012e-02
    6.17619872e-01 5.93875527e-01 7.08536208e-02 3.88490438e-01
    6.09637141e-01 9.99352217e-01 9.07422066e-01 5.28161645e-01
    9.22995090e-01 4.66037810e-01 8.29578102e-01 8.67524028e-01
    1.37336463e-01 6.43335283e-02 4.12252128e-01 7.44132876e-01
    8.04276526e-01 6.98787093e-01 2.84323394e-02 2.81868905e-01
    4.97985363e-01 7.56761312e-01 5.89536726e-01 2.35578328e-01
    5.52020729e-01 1.22632205e-01 3.91004443e-01 9.61749494e-01
    5.00303507e-03 4.67971414e-01 7.91581511e-01 2.16019392e-01
    3.28816026e-01 8.37615430e-02 6.70234799e-01 3.13173711e-01
    7.73843586e-01 5.00648320e-01 3.88059080e-01 3.20588052e-01
    7.27242231e-01 3.10966551e-01 9.25043583e-01 4.90658730e-01
    7.74011135e-01 3.24921429e-01 7.51637399e-01 4.23523098e-01
    3.64551842e-01 7.70526230e-01 2.11199462e-01 5.79392076e-01
    3.15020710e-01 4.63768512e-01 5.11252344e-01 6.18283272e-01
    9.53309000e-01 7.71870911e-02 9.87128377e-01 7.95544505e-01
    5.10731399e-01 9.02222872e-01 1.46706700e-01 8.82992446e-02
    1.73186123e-01 9.61998284e-01 5.69454730e-01 6.11662626e-01
    1.03096336e-01 2.45171756e-01 1.47772133e-02 1.46328390e-01
    2.23430157e-01 2.55531073e-01 8.77925396e-01 7.35215247e-01
    9.71319556e-01 1.79155439e-01 1.43462032e-01 8.81650090e-01
    9.94854867e-02 5.68518102e-01 7.88364053e-01 6.24391377e-01
    7.67608285e-01 3.60402882e-01 8.16371202e-01 7.54608095e-01
    4.50758040e-02 7.11982608e-01 8.85683417e-01 7.68008113e-01
    8.77666891e-01 9.47479129e-01 6.42083108e-01 9.23756778e-01
    9.93584991e-01 3.92151117e-01 3.81412596e-01 9.70635474e-01
    1.04820848e-01 6.06322050e-01 6.99802995e-01 3.17675859e-01
    6.94183707e-01 1.95374161e-01 3.35191727e-01 8.63748193e-01
    6.48398757e-01 5.76244473e-01 9.40710783e-01 6.60707712e-01
    7.64418423e-01 4.40931618e-02 3.41962337e-01 9.02627170e-01
    1.87377304e-01 6.47320390e-01 9.77427363e-01 9.74178553e-01
    8.23863626e-01 1.51311487e-01 1.59936488e-01 6.91841185e-01
    4.65394497e-01 4.16336119e-01 4.37936187e-01 6.44545257e-01
    5.56819856e-01 6.20104551e-01 1.17670625e-01 9.63710904e-01
    2.79552609e-01 4.66541946e-02 6.85413599e-01 8.95617485e-01
    4.94825631e-01 7.12469578e-01 1.96492881e-01 9.81641054e-01
    2.96518743e-01 9.40357208e-01 9.33243513e-01 8.99090171e-02
    8.24200094e-01 5.71615696e-01 3.31513047e-01 4.25498813e-01
    1.97832316e-01 4.58201051e-01 9.68865454e-01 5.76089501e-01
    6.95883036e-01 4.46893334e-01 6.68414652e-01 4.29322481e-01
    1.12569302e-01 9.86191392e-01 3.28373194e-01 3.71981263e-01
    3.52038443e-02 4.09703225e-01 5.02509296e-01 6.07788980e-01
    4.39700007e-01 8.37231398e-01 4.17165875e-01 3.45188916e-01
    8.35756242e-01 7.74168372e-01 2.69435287e-01 9.06695485e-01
    1.22134775e-01 1.94276124e-01 7.02603817e-01 8.34404528e-02
    7.90406346e-01 7.02230215e-01 9.95528996e-02 5.86494446e-01
    1.38140023e-02 6.65586293e-01 8.13256741e-01 5.87530553e-01
    4.31358874e-01 6.38832510e-01 4.35178965e-01 3.30807984e-01
    5.54410160e-01 7.47284055e-01 6.24976516e-01 8.56730223e-01
    9.30391252e-02 8.73544574e-01 8.35685432e-02 1.50759131e-01
    5.84010243e-01 7.51758099e-01 8.32560122e-01 9.42848086e-01
    3.77391994e-01 7.27400184e-02 6.24797583e-01 9.24123287e-01
    2.25211263e-01 5.18079817e-01 8.78515124e-01 5.19467711e-01
    7.20459223e-01 5.39191842e-01 6.52118325e-01 1.02649540e-01
    9.64362979e-01 4.93285775e-01 6.04675829e-01 2.47087181e-02
    9.34292555e-01 2.07485616e-01 9.98250246e-01 6.73699737e-01
    9.99473631e-01 4.02094126e-01 6.91379905e-02 8.41014028e-01
    1.98123366e-01 7.97055364e-01 8.22986782e-01 5.57082355e-01
    3.65208864e-01 4.59559023e-01 7.21873045e-02 1.79768264e-01
    5.23004532e-02 2.28028923e-01 6.37651086e-01 6.12721682e-01
    3.13441873e-01 2.37237364e-01 3.01943958e-01 4.63443100e-01
    5.17562032e-01 5.00305712e-01 1.21511638e-01 8.51348519e-01
    7.76384771e-01 3.81702453e-01 4.15901095e-01 4.51862812e-02
    6.43143296e-01 9.29115057e-01 4.18774068e-01 3.64706546e-01
    6.34182274e-01 3.02656323e-01 7.67345428e-01 2.91539013e-01
    6.59823120e-01 1.50699586e-01 1.56576991e-01 1.75470144e-01
    5.20385623e-01 7.00941443e-01 3.29501927e-02 5.72283506e-01
    7.35607922e-01 8.35217059e-01 8.02097321e-01 8.01788449e-01
    3.18011403e-01 7.14852810e-01 1.43951774e-02 6.98218822e-01
    4.15694475e-01 7.42007315e-01 2.09178597e-01 6.30497158e-01
    6.95929050e-01 3.18912178e-01 1.79524511e-01 7.71610260e-01
    2.84528255e-01 6.37712419e-01 4.49681133e-01 4.97963339e-01
    6.09817863e-01 5.98833680e-01 4.67728078e-02 7.57855773e-01
    2.82036185e-01 5.63567102e-01 9.99328971e-01 2.70534545e-01
    3.68982196e-01 8.20749938e-01 4.45425719e-01 9.82803464e-01
    8.77009928e-02 9.54614878e-01 7.66506433e-01 6.63862228e-01
    9.28895772e-01 5.33816934e-01 3.71233046e-01 4.66145873e-02
    5.42977810e-01 2.16167271e-01 9.21660364e-02 1.53138578e-01
    1.68300360e-01 1.21014148e-01 5.90383530e-01 2.79600739e-01
    6.53921723e-01 2.68315911e-01 2.25071073e-01 6.37050748e-01
    2.72381902e-01 2.83324659e-01 1.46057010e-01 8.65889192e-01
    4.33372676e-01 8.24594855e-01 7.29800105e-01 1.55835032e-01
    5.50415099e-01 8.78357172e-01 6.85596764e-02 2.18498230e-01
    6.87907934e-01 3.16067159e-01 3.43426526e-01 1.30120456e-01
    2.33934909e-01 9.90308046e-01 4.99038130e-01 3.71449828e-01
    4.61970389e-01 2.15033203e-01 3.50063682e-01 8.58484983e-01
    2.83033341e-01 4.83237833e-01 5.35785317e-01 3.89895916e-01
    4.63124722e-01 8.08215737e-02 4.14310753e-01 2.65894353e-01
    5.76706469e-01 5.16291380e-01 9.24540341e-01 9.45717692e-01
    7.99355567e-01 8.40240479e-01 4.01467800e-01 7.47963905e-01
    9.61069822e-01 3.36350501e-01 2.95071423e-01 1.54519767e-01
    5.67180574e-01 3.42692971e-01 5.83835542e-01 2.36003160e-01
    7.75515437e-01 9.24141049e-01 1.26026452e-01 3.48115921e-01
    7.18118191e-01 5.35233378e-01 4.65237349e-01 9.39170063e-01
    9.69361663e-01 9.92446780e-01 4.61351573e-02 7.16530859e-01
    1.20458275e-01 7.17838764e-01 2.66504228e-01 8.18630695e-01
    5.05877614e-01 7.41018713e-01 5.81227541e-01 3.02910626e-01
    5.47877252e-01 1.32000446e-01 1.10149235e-01 7.63077140e-02
    8.88038993e-01 2.86530793e-01 1.11372292e-01 8.37134004e-01
    2.66664684e-01 6.97526097e-01 3.26515019e-01 6.73458934e-01
    9.02218163e-01 4.11938965e-01 7.61282980e-01 9.13016796e-01
    1.82343066e-01 8.46429944e-01 1.14179671e-01 9.65656996e-01
    4.27517295e-03 1.17597044e-01 1.82724506e-01 7.15930641e-01
    5.37791371e-01 4.92140174e-01 7.99613237e-01 5.30767441e-03
    8.21062803e-01 6.17146373e-01 4.69567001e-01 6.75944149e-01
    1.73600286e-01 5.31098187e-01 1.78578675e-01 3.43825459e-01
    7.59253025e-01 2.83093125e-01 6.79026842e-02 7.19016671e-01
    9.59586740e-01 5.82540691e-01 5.61102748e-01 9.43579674e-02
    4.92702037e-01 8.42448711e-01 6.15438819e-03 9.10784364e-01
    9.88793373e-01 3.54440391e-01 8.12844992e-01 3.19232404e-01
    6.71711802e-01 7.68616319e-01 6.23590291e-01 8.84595215e-02
    2.34070659e-01 2.03329861e-01 6.24085307e-01 8.25679302e-02
    6.03210390e-01 3.72120500e-01 2.81624377e-01 6.98781252e-01
    8.62644553e-01 5.32460213e-01 8.69842052e-01 7.80387640e-01
    3.23159575e-01 4.67511803e-01 5.76614797e-01 8.32796276e-01
    3.57921958e-01 3.32218111e-01 2.86163747e-01 4.25989598e-01
    3.56438965e-01 6.76250815e-01 5.39210618e-01 8.66664052e-02
    9.34570312e-01 6.19513392e-01 3.43583196e-01 6.75986648e-01
    8.05752039e-01 7.63202488e-01 9.84205484e-01 7.44904578e-01
    5.86934626e-01 6.59210980e-01 9.34181452e-01 8.57814670e-01
    4.12490189e-01 3.24017614e-01 8.11541438e-01 8.07063043e-01
    8.11797857e-01 3.47574651e-01 3.66949499e-01 3.06484997e-01
    5.00715971e-01 3.93120408e-01 1.82215810e-01 3.43616933e-01
    7.59736061e-01 2.38265872e-01 4.12900150e-02 1.26941085e-01
    6.56427324e-01 1.13533139e-01 4.34967101e-01 3.13884079e-01
    1.67908609e-01 6.20706558e-01 4.63185698e-01 3.33313555e-01
    2.69991279e-01 7.77497590e-02 8.68133605e-01 2.63223946e-02
    3.25808108e-01 4.25011098e-01 9.52017069e-01 5.41296601e-02
    6.34182274e-01 3.02656323e-01 7.67345428e-01 2.91539013e-01
    6.59823120e-01 1.50699586e-01 1.56576991e-01 1.75470144e-01
    5.20385623e-01 7.00941443e-01 8.16042721e-01 1.23244792e-01
    1.04242921e-01 3.77914310e-02 5.70683181e-02 6.42055273e-02
    3.39333415e-01 4.80784148e-01 8.05474520e-01 9.03546453e-01
    2.05316007e-01 9.98256326e-01 6.87711358e-01 7.73193717e-01
    1.49182379e-02 4.91042465e-01 4.27128762e-01 1.15005255e-01
    8.33279610e-01 2.54437178e-01 5.48995435e-02 2.61413157e-02
    4.35112804e-01 1.62895024e-02 2.29940414e-01 5.96823454e-01
    3.47654432e-01 3.39777470e-02 4.52115715e-01 7.32366323e-01
    8.86682570e-02 6.95742130e-01 1.27295524e-01 6.76684380e-02
    7.22014546e-01 1.64959192e-01 8.39834750e-01 4.26787287e-01
    3.78625870e-01 8.17416787e-01 6.81219101e-01 2.44922459e-01
    5.41659236e-01 1.37009829e-01 8.44175100e-01 8.69517863e-01
    6.32464945e-01 2.50481188e-01 7.08231151e-01 4.11017388e-01
    3.19166660e-01 3.87090206e-01 5.98422348e-01 3.78124475e-01
    5.85120738e-01 4.63088483e-01 7.87548423e-01 7.26434886e-01
    7.09585726e-01 6.70473814e-01 1.16784990e-01 3.05940151e-01
    5.37737966e-01 3.62314641e-01 3.93718481e-03 9.12524104e-01
    2.32477486e-01 4.07240987e-01 1.96561456e-01 9.81799603e-01
    2.89856613e-01 2.13606030e-01 4.09388840e-01 8.93758833e-01
    8.27053368e-01 5.63578606e-01 5.26911736e-01 3.75324965e-01
    2.47987241e-01 9.04681325e-01 6.59380853e-02 9.56597447e-01
    6.41684890e-01 4.41557646e-01 9.99689281e-01 9.80798960e-01
    7.32069075e-01 8.81548822e-01 2.93593943e-01 9.87401962e-01
    5.77433050e-01 7.91028976e-01 2.63720930e-01 4.84506458e-01
    1.77764028e-01 6.71909273e-01 7.64320254e-01 6.46591663e-01
    9.26909745e-01 9.55535531e-01 3.24196517e-01 4.32931602e-01
    9.90270257e-01 7.75700450e-01 7.96754837e-01 3.23563010e-01
    4.89113063e-01 4.50176448e-01 9.49129343e-01 6.55551195e-01
    6.05941713e-02 6.23858511e-01 2.91783094e-01 5.87488115e-01
    9.95002389e-01 9.89694118e-01 9.73150730e-01 2.87804186e-01
    3.58846635e-01 2.96585441e-01 4.36542630e-02 8.90722871e-01
    9.51698065e-01 5.97172379e-01 4.33507472e-01 2.50101388e-01
    5.36863267e-01 1.61533803e-01 2.95423567e-01 4.71166670e-02
    7.77125359e-02 6.87592685e-01 7.79243410e-01 7.51426935e-01
    5.68117499e-02 2.59450227e-01 6.62714779e-01 7.94658840e-01
    2.14978635e-01 5.38092494e-01 2.10811049e-01 7.17107415e-01
    5.13063371e-01 9.19065773e-02 9.20121908e-01 8.53259206e-01
    8.98740828e-01 3.13904107e-01 4.48177457e-01 6.98726356e-01
    3.39366674e-01 1.09582722e-01 9.15993452e-01 4.57863599e-01
    6.39118791e-01 4.35656250e-01 8.15204740e-01 3.84098470e-01
    7.41212249e-01 6.80727184e-01 4.79620993e-02 7.54068851e-01
    7.37289667e-01 2.16568381e-01 4.76979971e-01 2.47577935e-01
    6.26810491e-02 5.85294724e-01 6.43548667e-01 4.40518171e-01
    6.20808363e-01 7.29673982e-01 5.36911905e-01 9.17169571e-01
    5.27938664e-01 8.89206171e-01 1.39896661e-01 1.89593345e-01
    7.33187795e-01 5.96948981e-01 7.57343173e-02 9.13794398e-01
    8.38519335e-01 3.94218266e-01 9.03398931e-01 1.35636479e-01
    5.52894056e-01 6.26846194e-01 5.13194025e-01 6.02382779e-01
    3.42512429e-01 1.64948225e-01 3.66753161e-01 3.36265862e-01
    4.54146773e-01 9.85029101e-01 7.90064812e-01 4.03044671e-01
    3.63903940e-01 9.51575041e-01 5.52648902e-02 8.22770596e-01
    8.90999436e-01 3.89630109e-01 7.66652822e-01 9.34294820e-01
    6.69061065e-01 6.61679029e-01 8.33581448e-01 8.68752122e-01
    3.71985793e-01 6.47069871e-01 2.61460841e-01 2.51968801e-02
    8.50205302e-01 5.61173558e-01 6.28412306e-01 1.26390070e-01
    4.24024791e-01 5.45075357e-01 2.62495756e-01 7.55536556e-01
    7.82306254e-01 3.17439437e-03 1.09382331e-01 1.13138586e-01
    8.84750247e-01 7.82926381e-02 3.46812069e-01 6.46973610e-01
    5.42046726e-02 7.06963956e-01 2.90518016e-01 8.59661579e-01
    3.15391272e-01 6.71666205e-01 7.10485876e-01 8.25763702e-01
    9.25584316e-01 1.11373246e-01 2.96715677e-01 6.05875254e-01
    8.46618116e-02 2.19222575e-01 7.53824353e-01 2.56739855e-01
    2.72542179e-01 3.89838308e-01 3.53898883e-01 3.17619085e-01
    3.95896584e-01 9.71714258e-01 7.35799670e-01 4.35953021e-01
    6.58594966e-02 2.44891673e-01 8.16042721e-01 1.23244792e-01
    1.04242921e-01 3.77914310e-02 5.70683181e-02 6.42055273e-02
    3.39333415e-01 4.80784148e-01 8.05474520e-01 9.03546453e-01
    6.47636950e-01 9.87966895e-01 3.82170588e-01 5.21791875e-01
    6.99760318e-02 9.90661740e-01 8.01768303e-01 6.88587964e-01
    5.03312051e-02 6.48724675e-01 2.25222409e-02 3.85525972e-01
    6.23610139e-01 4.82927859e-02 1.99722081e-01 1.61972642e-02
    6.50628269e-01 7.51897633e-01 6.61517739e-01 4.62850630e-02
    4.54556078e-01 5.54226100e-01 2.34202087e-01 8.35921645e-01
    9.54023838e-01 9.09449339e-01 5.10175467e-01 3.28613788e-01
    5.79138100e-01 8.08077693e-01 6.26336873e-01 8.55082989e-01
    9.84775126e-02 3.24787676e-01 2.55698085e-01 6.92319870e-03
    1.96257263e-01 3.33332539e-01 2.36721396e-01 2.61953354e-01
    7.39859939e-01 5.95309377e-01 3.31527799e-01 3.65974993e-01
    1.65713847e-01 8.45012784e-01 1.91789001e-01 2.28442252e-01
    2.45798796e-01 4.25096035e-01 7.43125916e-01 8.10051560e-01
    1.68590248e-01 3.49516064e-01 3.38739157e-03 9.01056767e-01
    3.03863704e-01 8.64535570e-04 1.20661914e-01 5.70600927e-02
    5.16156852e-02 1.36657238e-01 2.97732770e-01 6.43641353e-02
    4.39728349e-01 5.00666261e-01 2.02151597e-01 1.38123870e-01
    7.98860073e-01 5.33986688e-01 3.04283261e-01 9.30611312e-01
    6.60414815e-01 2.95030534e-01 4.88629073e-01 7.18100965e-01
    4.75046217e-01 3.52226913e-01 2.55964279e-01 7.14843571e-01
    3.05583447e-01 2.04634458e-01 4.82243627e-01 2.27228194e-01
    4.27298874e-01 6.14601851e-01 2.22726852e-01 4.27936375e-01
    1.42365366e-01 1.65244013e-01 1.56577528e-01 9.01875675e-01
    6.58434987e-01 3.25885713e-02 5.53996921e-01 2.35090554e-02
    1.87244743e-01 4.54490364e-01 9.79654908e-01 7.37564504e-01
    4.11695838e-01 2.27282196e-01 7.18601823e-01 5.61203957e-02
    4.69726622e-02 9.66504216e-01 9.45189714e-01 3.97834003e-01
    5.82022130e-01 4.29864585e-01 2.55752504e-02 4.44437534e-01
    1.38692051e-01 9.03521895e-01 9.09540892e-01 9.89735603e-01
    5.24158120e-01 2.39181310e-01 7.74850070e-01 5.15970170e-01
    4.11463052e-01 5.35625458e-01 5.52004576e-03 8.30560625e-02
    9.15661335e-01 6.27858341e-01 9.26091671e-01 1.04966938e-01
    7.81700313e-02 1.75711125e-01 3.90100062e-01 3.74278903e-01
    7.40346491e-01 9.64805603e-01 6.12167180e-01 9.77988720e-01
    3.42577934e-01 3.43541861e-01 9.64603007e-01 7.68845022e-01
    9.16695893e-02 4.18267161e-01 2.81379104e-01 3.02000970e-01
    5.23430645e-01 6.43841743e-01 9.44326639e-01 7.70375133e-01
    7.05158472e-01 8.44204187e-01 4.95950729e-01 8.47630858e-01
    7.09646344e-02 2.53052711e-01 4.36047196e-01 9.06429827e-01
    6.47133589e-01 5.31998336e-01 4.24884290e-01 2.80881613e-01
    4.62255895e-01 4.91726398e-03 1.31683052e-02 4.61908281e-01
    7.72378325e-01 8.31225514e-01 4.72645998e-01 4.75178689e-01
    2.02259272e-01 1.81031525e-02 6.12573504e-01 1.62034899e-01
    7.39721656e-02 8.81872177e-02 2.13644981e-01 2.36319304e-01
    2.58366108e-01 9.28303301e-02 6.61226869e-01 4.59670424e-01
    3.16623092e-01 1.67555302e-01 4.90015954e-01 7.45707572e-01
    8.99041116e-01 2.18134195e-01 4.88171577e-01 9.10498798e-02
    4.32530880e-01 1.79233342e-01 1.80782437e-01 3.41407359e-02
    9.48675573e-02 7.26938665e-01 7.70255923e-03 5.14122486e-01
    7.67524481e-01 3.92100304e-01 8.66316795e-01 5.08806825e-01
    4.48443621e-01 5.97986042e-01 2.43148416e-01 2.35265493e-01
    2.41828263e-02 4.40641582e-01 3.82117540e-01 7.81987906e-02
    6.46111369e-02 6.98169887e-01 5.11151969e-01 3.02372575e-02
    5.23736179e-01 8.14008236e-01 2.54057229e-01 9.21952963e-01
    4.35060054e-01 9.96840715e-01 4.44633484e-01 2.33090520e-02
    6.06790543e-01 7.16779232e-02 1.39086396e-01 4.86530602e-01
    4.44334775e-01 7.45677352e-01 7.12033927e-01 2.38804996e-01
    5.51668644e-01 1.55825555e-01 4.03500259e-01 4.06942844e-01
    3.88122529e-01 5.32661617e-01 9.44403648e-01 5.33707142e-02
    8.54126513e-02 5.50560772e-01 9.58608150e-01 5.16735971e-01
    2.99447298e-01 6.09423578e-01 4.71198797e-01 6.24162495e-01
    5.64125836e-01 1.35781765e-01 1.24393612e-01 6.29950404e-01
    3.91251206e-01 6.59395754e-01 1.97352141e-01 5.56116223e-01
    6.32451534e-01 8.12829375e-01 9.26967382e-01 7.62053013e-01
    6.47636950e-01 9.87966895e-01 3.82170588e-01 5.21791875e-01
    6.99760318e-02 9.90661740e-01 8.01768303e-01 6.88587964e-01
    5.03312051e-02 6.48724675e-01 4.31079030e-01 9.35386181e-01
    7.42307007e-01 2.67750025e-03 9.42076743e-01 5.55456400e-01
    3.07306468e-01 9.02612925e-01 9.10943627e-01 7.93020606e-01
    1.81270272e-01 4.85964924e-01 4.52195406e-02 9.14244115e-01
    9.25161421e-01 2.25288451e-01 8.35074782e-01 7.00807989e-01
    2.52082765e-01 7.38916457e-01 8.23436975e-01 8.44713748e-01
    3.20262790e-01 5.03907442e-01 6.19695485e-01 5.43501675e-01
    6.47931397e-02 6.65388227e-01 7.34271824e-01 6.71142817e-01
    6.26264215e-01 2.81510472e-01 8.30700517e-01 9.81114805e-02
    1.30876899e-03 8.04810107e-01 9.63409662e-01 8.85498762e-01
    2.96365231e-01 7.16577053e-01 7.32592344e-02 5.25509417e-02
    7.45181203e-01 5.57286739e-02 9.64323521e-01 4.97004986e-01
    7.49496758e-01 5.58546901e-01 2.25850701e-01 4.99266088e-01
    4.95773852e-02 1.28263533e-01 7.01810598e-01 1.38138711e-01
    2.92086005e-02 5.72221458e-01 7.92177439e-01 2.36961186e-01
    4.58956391e-01 5.68095744e-01 7.28622198e-01 2.22286791e-01
    4.12476629e-01 6.21871293e-01 2.08889097e-01 5.01666605e-01
    5.89008570e-01 1.08010381e-01 7.06468523e-01 3.62325609e-02
    2.70411074e-02 8.06670606e-01 8.19957137e-01 4.45921957e-01
    4.47463244e-01 5.05227268e-01 9.76620674e-01 6.00030243e-01
    3.42037380e-01 7.52422214e-01 8.67357612e-01 7.75059581e-01
    2.99491882e-02 2.86547184e-01 3.37679416e-01 7.23154187e-01
    4.24438298e-01 8.21987152e-01 5.20229340e-03 6.51884258e-01
    2.09845722e-01 4.07445163e-01 2.83525407e-01 6.33179665e-01
    9.24695194e-01 9.73374844e-01 2.82015443e-01 2.70249426e-01
    4.65679139e-01 9.59834695e-01 1.31939679e-01 6.82692170e-01
    5.23272455e-01 6.58112586e-01 5.53888798e-01 4.73346174e-01
    8.83011460e-01 5.63389540e-01 7.24648476e-01 7.08142161e-01
    5.00774741e-01 9.94685590e-02 4.25124407e-01 1.57027304e-01
    5.58775663e-03 2.09147483e-01 6.65918291e-01 4.03263152e-01
    4.76126909e-01 6.14827156e-01 2.17516154e-01 4.64895159e-01
    5.85205317e-01 5.05670011e-01 4.59994376e-02 8.11380625e-01
    7.71142602e-01 4.06107008e-02 4.46951300e-01 8.57762575e-01
    3.44899267e-01 8.73927712e-01 5.34840882e-01 4.74457741e-02
    6.12782061e-01 4.43809152e-01 8.79186749e-01 8.59223843e-01
    5.03641307e-01 8.27755868e-01 1.86196655e-01 8.01563621e-01
    6.87585652e-01 5.96231103e-01 1.22234285e-01 6.33765817e-01
    8.06374073e-01 4.49131548e-01 5.57357848e-01 7.04038084e-01
    4.03560102e-02 9.43234980e-01 9.63759542e-01 8.64475965e-03
    2.74081916e-01 4.24867868e-02 1.48138404e-03 9.97216463e-01
    5.34218669e-01 1.43542796e-01 2.45497644e-01 7.13020205e-01
    9.90939319e-01 6.23696268e-01 1.81618482e-01 6.47615969e-01
    8.75820756e-01 1.54456496e-01 4.18802738e-01 6.20647192e-01
    8.80624056e-01 9.84833360e-01 4.64598060e-01 6.87422514e-01
    4.52878445e-01 6.02045774e-01 2.95929730e-01 7.10366607e-01
    7.31990933e-01 4.28172648e-02 4.41336870e-01 4.08622205e-01
    1.48976892e-01 7.48319626e-01 1.52789295e-01 5.64933479e-01
    8.17490757e-01 8.24213922e-02 9.31482792e-01 3.77325177e-01
    1.60769820e-01 4.02829528e-01 5.08065104e-01 9.54874873e-01
    7.12195694e-01 3.78308773e-01 4.40750241e-01 1.85244977e-02
    9.81651306e-01 7.44280219e-01 4.35241222e-01 6.61437631e-01
    6.54647589e-01 8.14795494e-04 3.49286288e-01 8.69974017e-01
    1.14675462e-02 4.44827765e-01 1.04544491e-01 6.50716901e-01
    3.55925739e-01 8.60660970e-01 6.36171699e-01 5.79419494e-01
    4.13428515e-01 1.27982438e-01 7.72914171e-01 9.59914565e-01
    6.10862613e-01 8.22376847e-01 8.43549669e-01 7.77277946e-01
    6.13426566e-01 7.75248528e-01 7.89645135e-01 3.89758825e-01
    6.84643090e-02 2.42303759e-01 9.11135793e-01 4.93019611e-01
    1.45629257e-01 1.01911455e-01 1.09706372e-01 9.49222803e-01
    8.48533988e-01 5.55404127e-01 7.31703281e-01 9.49645042e-01
    8.47333312e-01 2.51610070e-01 3.42004478e-01 4.93681699e-01
    5.05840063e-01 2.24137545e-01 8.47451329e-01 8.65803719e-01
    1.71807826e-01 5.22011459e-01 5.27871490e-01 7.58045554e-01
    2.71520793e-01 3.13610554e-01 7.17268109e-01 7.04167962e-01
    9.39960241e-01 9.13408458e-01 4.31079030e-01 9.35386181e-01
    7.42307007e-01 2.67750025e-03 9.42076743e-01 5.55456400e-01
    3.07306468e-01 9.02612925e-01 9.10943627e-01 7.93020606e-01
    2.54113078e-02 7.87259221e-01 1.04412735e-01 2.88607359e-01
    8.70868683e-01 7.09781885e-01 5.33546031e-01 9.76790786e-02
    1.89712912e-01 9.32901084e-01 5.78372180e-02 8.31918716e-02
    1.03358984e-01 8.04655790e-01 2.86325097e-01 3.00174475e-01
    7.50612020e-02 1.20296270e-01 1.65394306e-01 4.58041728e-02
    6.60651028e-01 7.55396485e-01 9.96577144e-01 2.70735800e-01
    9.80522871e-01 2.98680335e-01 7.90951848e-01 8.31185579e-02
    2.60832340e-01 3.64159882e-01 5.73148608e-01 5.77944398e-01
    2.90832698e-01 6.33192897e-01 6.56485677e-01 1.17195547e-02
    7.48875737e-01 9.88986909e-01 8.97547007e-01 9.20720637e-01
    3.74817133e-01 6.10931873e-01 9.75307584e-01 1.19214505e-01
    7.09421933e-01 8.42220187e-01 2.31314003e-01 6.34549022e-01
    2.59041309e-01 5.00806868e-01 7.59650946e-01 8.76044393e-01
    3.65776718e-01 7.63275862e-01 9.01018322e-01 9.38521981e-01
    2.74665117e-01 8.79024267e-02 5.34096658e-01 2.91264892e-01
    3.35125327e-02 3.25197577e-01 8.52925062e-01 9.43069458e-02
    9.63777304e-02 4.81469631e-02 2.84296066e-01 6.93171978e-01
    4.51000631e-02 5.79710007e-01 9.39406395e-01 6.51694059e-01
    9.98286903e-02 3.57748866e-01 9.71637070e-01 7.79874921e-02
    4.23099250e-01 9.00871336e-01 2.28115559e-01 6.27556205e-01
    3.03210676e-01 9.12400126e-01 5.64924121e-01 3.44336748e-01
    6.05441689e-01 8.69952321e-01 3.77927482e-01 6.34478271e-01
    4.94120091e-01 7.41618514e-01 1.25748694e-01 7.26990342e-01
    2.23958194e-01 4.12905455e-01 8.04105937e-01 7.62459815e-01
    5.75974584e-03 7.13949740e-01 9.48600411e-01 3.64710331e-01
    6.90254927e-01 3.60307455e-01 9.02518153e-01 7.57639408e-01
    3.03168684e-01 8.44443381e-01 2.87282467e-01 4.00674313e-01
    1.51667833e-01 5.42380929e-01 5.89928508e-01 2.61251748e-01
    9.90194976e-02 7.65319109e-01 2.70705491e-01 7.28011489e-01
    3.02522838e-01 9.81614470e-01 7.30603218e-01 7.13767946e-01
    6.13348186e-02 2.68207908e-01 6.57119930e-01 5.11077225e-01
    6.14266157e-01 7.65855074e-01 5.35029233e-01 9.20096993e-01
    4.56986785e-01 3.39756131e-01 6.04213595e-01 7.90164173e-01
    1.85584068e-01 4.59980220e-01 5.39933324e-01 2.92655528e-02
    3.36414278e-01 3.26795101e-01 9.40817535e-01 4.54679877e-01
    4.54254210e-01 4.50830162e-02 4.72441405e-01 4.74350065e-01
    9.39259171e-01 9.95541096e-01 3.64857882e-01 4.08654809e-01
    1.21054083e-01 1.75699919e-01 2.14394748e-01 5.79322100e-01
    3.25057536e-01 6.94903553e-01 9.50332165e-01 2.56920874e-01
    8.33725452e-01 8.14319789e-01 2.42062747e-01 1.40228271e-01
    9.90477502e-01 2.30628133e-01 1.93626910e-01 9.25470829e-01
    1.76983625e-01 9.36488509e-01 4.36283678e-01 5.16577840e-01
    6.23751998e-01 3.55399966e-01 8.94806385e-01 4.62930381e-01
    1.95887685e-01 4.11425143e-01 3.53465527e-01 5.49269199e-01
    1.96303457e-01 5.41123986e-01 1.69968754e-01 4.80403274e-01
    8.08230639e-01 5.18202543e-01 5.96950650e-01 3.49295676e-01
    4.76790011e-01 6.83217824e-01 9.42789555e-01 5.71023583e-01
    9.25816834e-01 9.20063078e-01 5.52366853e-01 2.02464789e-01
    5.30713618e-01 2.95266032e-01 2.86015540e-01 4.16912407e-01
    8.39596152e-01 8.75831604e-01 8.90587211e-01 3.04627120e-01
    7.99643278e-01 1.68812394e-01 7.36501455e-01 8.97671223e-01
    5.06273031e-01 5.05214930e-03 1.45632029e-01 5.07081151e-01
    5.14561951e-01 9.91270900e-01 3.39528054e-01 3.90037745e-01
    2.07901001e-01 3.32314074e-01 3.60722244e-01 6.69326901e-01
    8.81205916e-01 7.92332053e-01 5.51325798e-01 4.73499715e-01
    1.63825184e-01 3.34920883e-02 8.18871856e-01 1.80463225e-01
    9.68738556e-01 4.31005865e-01 2.04690903e-01 6.90091074e-01
    3.30441475e-01 8.84321749e-01 4.95836437e-01 8.92699182e-01
    2.62339771e-01 9.00460839e-01 6.91684246e-01 7.80701041e-01
    4.23373759e-01 6.55099154e-01 4.74437714e-01 1.87869847e-01
    5.86277246e-01 1.91688925e-01 9.16360855e-01 7.75830507e-01
    5.43542206e-01 1.63617879e-01 7.48308778e-01 9.19182777e-01
    3.53078485e-01 7.34278083e-01 5.77456057e-01 3.29521298e-03
    9.27133203e-01 8.14717531e-01 1.15388483e-01 8.83100927e-01
    2.54113078e-02 7.87259221e-01 1.04412735e-01 2.88607359e-01
    8.70868683e-01 7.09781885e-01 5.33546031e-01 9.76790786e-02
    1.89712912e-01 9.32901084e-01 7.06783175e-01 8.29488158e-01
    1.30638659e-01 2.93340296e-01 5.17735898e-01 5.93348801e-01
    2.28676051e-01 2.29739368e-01 4.79145706e-01 1.70784295e-02
    2.38193482e-01 6.35173559e-01 5.18466175e-01 8.26158464e-01
    9.93135214e-01 8.41486573e-01 8.92995954e-01 3.60747933e-01
    1.40078425e-01 6.28687143e-01 5.44341385e-01 5.70593476e-02
    3.68070692e-01 6.59216762e-01 1.15043223e-02 1.64798737e-01
    7.20738709e-01 9.58219469e-02 4.34627235e-02 8.67401958e-01
    7.90188789e-01 2.81701177e-01 2.13892460e-02 1.88355327e-01
    3.44307452e-01 6.64234579e-01 6.87825680e-02 6.26802921e-01
    9.45419669e-01 6.63493395e-01 6.24707222e-01 5.84771514e-01
    7.41777122e-01 8.80493879e-01 5.45028627e-01 3.37246686e-01
    4.82884884e-01 9.33896601e-02 4.65182483e-01 8.33265424e-01
    9.36573267e-01 8.29835594e-01 7.96235263e-01 6.07888937e-01
    6.55231476e-01 2.42870450e-01 9.17460561e-01 9.23772633e-01
    8.48995626e-01 1.52010024e-02 2.32791156e-01 5.87172925e-01
    4.21039045e-01 6.27489507e-01 2.08355188e-01 2.83470154e-01
    9.39930022e-01 8.47265840e-01 8.96141052e-01 8.26446652e-01
    5.01105189e-01 9.39462006e-01 8.04886103e-01 6.57661915e-01
    6.25927448e-01 3.60944539e-01 6.37696862e-01 5.33490181e-01
    1.71334147e-01 7.26025343e-01 2.44272202e-01 7.64025033e-01
    9.34019983e-01 7.78058469e-02 9.92851496e-01 2.73227036e-01
    9.94539142e-01 9.35759246e-01 8.38211060e-01 5.35430431e-01
    2.80835837e-01 6.51770532e-01 4.81925309e-02 7.85759389e-01
    7.62536049e-01 8.54413807e-01 8.26510251e-01 4.39821750e-01
    6.29722953e-01 7.16780901e-01 9.67250824e-01 6.35698140e-02
    5.34807444e-01 8.68045747e-01 5.92002988e-01 8.31735134e-03
    4.58114028e-01 3.41736734e-01 8.76949430e-02 8.69282365e-01
    3.65402490e-01 9.55623269e-01 1.86193883e-02 2.74362385e-01
    3.75321507e-02 8.68556023e-01 1.54722869e-01 7.75987148e-01
    6.03671730e-01 6.58393145e-01 6.53519332e-01 9.31376219e-01
    5.14273584e-01 9.77754593e-01 8.06755662e-01 7.44395494e-01
    2.88399607e-01 4.04463679e-01 9.71585751e-01 9.36079621e-01
    9.64523196e-01 9.55142498e-01 1.72338545e-01 5.55808663e-01
    1.79885238e-01 4.46690321e-01 8.25527966e-01 5.15938580e-01
    1.66069508e-01 5.62596619e-02 7.06397474e-01 6.00670457e-01
    6.06942356e-01 1.29322261e-01 8.40315938e-01 4.61206675e-01
    4.10765052e-01 8.62608552e-02 9.84025717e-01 6.10037804e-01
    4.62628037e-01 5.18257082e-01 8.49972963e-01 9.92268622e-01
    8.72739911e-01 1.31767094e-01 8.39084268e-01 6.16103292e-01
    5.51548839e-01 2.59675324e-01 3.44423532e-01 8.21599603e-01
    6.67677701e-01 1.33670479e-01 9.27095175e-01 7.28917360e-01
    2.55965292e-01 9.56968307e-01 5.16908884e-01 8.41458440e-01
    2.32543230e-01 2.19781697e-02 7.85254478e-01 2.40489542e-01
    1.00446969e-01 8.79450440e-01 8.39781523e-01 3.13238382e-01
    3.16431284e-01 5.07325113e-01 8.88392210e-01 7.07361698e-01
    3.98333877e-01 3.74969691e-01 9.11176562e-01 7.49811232e-02
    1.16089076e-01 7.87751079e-01 3.03387165e-01 9.85789776e-01
    8.80608916e-01 9.34453011e-01 8.00011754e-01 5.28689146e-01
    9.45098162e-01 3.52560371e-01 2.10310072e-01 8.41412187e-01
    5.81128001e-01 1.73183411e-01 9.00663853e-01 4.69228268e-01
    6.00541532e-01 7.43508756e-01 1.31563038e-01 2.19861656e-01
    2.85973936e-01 2.12029368e-01 6.53296709e-04 1.85162097e-01
    9.57384586e-01 1.12338454e-01 4.94613349e-01 6.54249370e-01
    6.82447553e-01 7.37852871e-01 1.58781856e-01 2.39486098e-02
    2.52681226e-01 7.07043409e-02 8.17368031e-02 7.96717644e-01
    2.67582476e-01 9.15541351e-01 5.61032236e-01 8.94275784e-01
    1.49148226e-01 5.95012367e-01 4.24343646e-01 6.53121352e-01
    1.41891718e-01 9.74446356e-01 8.36521864e-01 8.37206423e-01
    8.37693512e-02 4.15780038e-01 4.01397228e-01 3.52438450e-01
    4.19762999e-01 3.41378450e-02 8.01627100e-01 4.55407083e-01
    9.82074022e-01 6.67545319e-01 2.62125134e-02 6.41924083e-01
    9.68100548e-01 9.95452344e-01 6.49133444e-01 6.24211073e-01
    7.15748489e-01 9.23074007e-01 3.53784591e-01 9.59332466e-01
    1.85174257e-01 1.56850815e-01 7.06783175e-01 8.29488158e-01
    1.30638659e-01 2.93340296e-01 5.17735898e-01 5.93348801e-01
    2.28676051e-01 2.29739368e-01 4.79145706e-01 1.70784295e-02
    2.10058361e-01 9.06637788e-01 8.62130761e-01 8.01837325e-01
    2.27263182e-01 8.68246436e-01 2.29083180e-01 4.89488572e-01
    6.34573698e-01 5.07053137e-01 9.17858779e-01 6.43384933e-01
    2.59058475e-01 8.47884774e-01 2.70333707e-01 9.46137786e-01
    2.17517793e-01 2.60862947e-01 5.19843757e-01 4.72554535e-01
    1.20941401e-02 3.69328558e-02 4.95392412e-01 6.27956748e-01
    4.65762764e-01 7.87325501e-01 9.30052757e-01 1.83413476e-01
    5.39303958e-01 8.13708127e-01 5.49869657e-01 9.87426281e-01
    2.64640152e-02 9.62199569e-01 5.58195889e-01 4.07597721e-01
    1.50826573e-03 5.06970942e-01 2.18773842e-01 3.41902137e-01
    8.31862390e-02 7.69508481e-01 8.08340669e-01 6.39064968e-01
    7.91887820e-01 8.25188518e-01 9.53715444e-01 2.10898459e-01
    5.65269887e-01 8.30563009e-02 4.18597460e-01 9.22372580e-01
    6.44734442e-01 3.79658520e-01 9.35548782e-01 7.99404740e-01
    8.03652167e-01 8.46098840e-01 4.78391498e-01 2.40502030e-01
    4.02904123e-01 9.79141116e-01 9.65331614e-01 7.73856580e-01
    2.92636395e-01 3.83738160e-01 9.16690171e-01 6.46391273e-01
    8.38080883e-01 3.93395185e-01 7.25328207e-01 5.63440561e-01
    1.26579434e-01 3.66727263e-01 3.22360575e-01 3.45765889e-01
    4.98660952e-01 7.20503569e-01 5.91038704e-01 1.41047746e-01
    4.34914410e-01 3.07029247e-01 2.67207682e-01 7.73635507e-02
    5.69621623e-01 4.77223694e-02 2.14163959e-02 8.66655290e-01
    2.38053322e-01 1.84994280e-01 2.38845646e-01 1.80389106e-01
    5.70735216e-01 3.63858223e-01 1.99174911e-01 9.42552269e-01
    4.44830656e-01 5.00798941e-01 4.32312667e-01 6.40551031e-01
    8.95292342e-01 2.18469560e-01 3.92951727e-01 3.08261365e-01
    2.27844626e-01 2.92641103e-01 1.71455294e-01 2.35423952e-01
    2.73696721e-01 4.48415369e-01 9.15061235e-01 5.49596071e-01
    7.92898417e-01 3.98109138e-01 4.39432114e-01 5.90348423e-01
    2.95476973e-01 1.33295000e-01 1.44746214e-01 3.34760487e-01
    7.56784558e-01 5.98840475e-01 8.36875021e-01 6.25251293e-01
    1.91190422e-01 5.62926412e-01 1.89466476e-01 2.37367719e-01
    3.90955925e-01 4.90949571e-01 1.42369390e-01 7.58655310e-01
    4.39583421e-01 6.66211784e-01 4.37894434e-01 1.98648483e-01
    4.41166103e-01 2.14280784e-02 7.18860090e-01 1.84396088e-01
    4.36152577e-01 3.62502307e-01 4.88328427e-01 4.70403850e-01
    8.96472752e-01 7.45359480e-01 7.37767935e-01 7.98839629e-02
    6.31596744e-02 7.51122832e-01 4.47272658e-01 5.99781871e-01
    5.74968636e-01 7.59187102e-01 1.44675732e-01 6.32683218e-01
    6.69315994e-01 2.58517087e-01 2.41184264e-01 8.21221113e-01
    8.82353365e-01 7.32240617e-01 9.38935161e-01 7.52221882e-01
    2.75503337e-01 6.83379173e-03 4.14337158e-01 2.18261361e-01
    7.99484253e-01 5.32906532e-01 5.76134622e-02 1.54648870e-01
    1.01508588e-01 9.48827207e-01 8.75425577e-01 3.42431515e-01
    1.25619829e-01 5.01811862e-01 1.95444226e-01 2.38565922e-01
    1.49465770e-01 3.17546606e-01 5.94540119e-01 6.91696525e-01
    8.29788685e-01 9.66878712e-01 3.72680366e-01 1.73743933e-01
    5.58348894e-02 8.23937416e-01 6.78601742e-01 9.96008873e-01
    6.83268845e-01 6.96292698e-01 7.38778353e-01 6.56246245e-02
    8.82795870e-01 8.87019396e-01 8.10590208e-01 6.10709727e-01
    3.89807314e-01 6.23747587e-01 3.08321118e-02 4.59942758e-01
    3.75802368e-01 3.75022769e-01 2.61754245e-01 4.14469510e-01
    9.67458069e-01 3.87381345e-01 1.09784245e-01 7.83837438e-01
    9.81157541e-01 8.59509408e-02 2.67873168e-01 5.23173451e-01
    8.94493937e-01 1.28335059e-02 6.49917960e-01 1.06390119e-02
    6.54927790e-02 7.15448201e-01 6.43959939e-01 7.40172327e-01
    1.77515060e-01 9.48437810e-01 4.30584848e-02 4.37985480e-01
    1.75681025e-01 3.34450066e-01 2.58783102e-01 4.32332695e-01
    2.30883658e-02 8.10730159e-02 5.09817541e-01 8.14602971e-02
    5.71870804e-03 6.07836366e-01 5.91922164e-01 8.52239728e-01
    6.97888315e-01 7.39147127e-01 8.80637646e-01 8.62515450e-01
    2.44370997e-01 8.17088604e-01 4.19782937e-01 7.02254534e-01
    7.66318321e-01 7.03990042e-01 4.92356926e-01 3.76238376e-01
    2.44442195e-01 7.44940221e-01 7.85261393e-01 5.45942307e-01
    2.10058361e-01 9.06637788e-01 8.62130761e-01 8.01837325e-01
    2.27263182e-01 8.68246436e-01 2.29083180e-01 4.89488572e-01
    6.34573698e-01 5.07053137e-01 8.04041028e-02 6.12205982e-01
    6.62687123e-02 5.61685443e-01 2.97661424e-01 1.41895115e-01
    9.46176946e-01 7.72102773e-01 7.75152326e-01 9.45039392e-01
    8.18460345e-01 7.84088016e-01 2.06642210e-01 2.12708086e-01
    9.18284655e-01 3.40683609e-01 9.08618093e-01 5.68277955e-01
    6.67753696e-01 9.47077632e-01 3.25205266e-01 7.39763260e-01
    9.18923914e-01 5.68457603e-01 1.73098505e-01 2.30211020e-02
    5.87845922e-01 5.63904345e-01 2.10486799e-01 7.08552599e-01
    9.61538553e-02 3.05092216e-01 6.66859508e-01 2.11672246e-01
    5.44025362e-01 4.26515341e-01 8.79308820e-01 1.15782052e-01
    2.74336278e-01 6.17540359e-01 3.65960896e-01 1.56367958e-01
    8.21616828e-01 5.28344750e-01 7.54789472e-01 5.00228763e-01
    9.93700445e-01 1.66973412e-01 4.48197633e-01 5.81837893e-01
    8.56536210e-01 8.84394646e-01 2.48160958e-01 3.45168948e-01
    2.37677425e-01 8.86035740e-01 2.08167136e-02 3.16041589e-01
    1.99457616e-01 3.79390031e-01 3.19267929e-01 7.62041688e-01
    5.53812206e-01 6.78298593e-01 6.25849843e-01 3.02786052e-01
    5.20728052e-01 8.60690594e-01 4.62643057e-01 3.69750410e-01
    5.65139532e-01 5.88153303e-02 4.37533736e-01 2.57807910e-01
    1.32014155e-02 1.30568236e-01 9.24887061e-01 7.36346066e-01
    3.66297573e-01 6.86530530e-01 1.92166328e-01 1.13370627e-01
    8.60877812e-01 6.74356937e-01 4.15531397e-01 8.76000762e-01
    3.06060731e-01 4.82304871e-01 9.21382487e-01 4.39154208e-02
    1.06549025e-01 4.61891025e-01 5.75637639e-01 6.83714449e-01
    5.96025884e-01 8.86459112e-01 1.65618002e-01 1.85850263e-02
    3.08440089e-01 9.77198601e-01 8.21557283e-01 8.47491324e-02
    8.66152763e-01 7.72949100e-01 8.64425182e-01 6.17042422e-01
    1.13182247e-01 5.04744530e-01 1.18812770e-01 5.47050834e-01
    2.47071564e-01 2.65990198e-02 1.91312224e-01 6.61659062e-01
    3.62738788e-01 6.54414415e-01 1.42435014e-01 4.39389348e-01
    7.45751381e-01 3.24122429e-01 8.21924329e-01 6.02518380e-01
    2.43348211e-01 7.86212385e-01 2.62996495e-01 6.01298809e-02
    1.60914063e-01 2.39360154e-01 1.18376821e-01 5.20963550e-01
    1.50783867e-01 9.45917428e-01 2.84740567e-01 3.19385171e-01
    6.50664806e-01 9.45540428e-01 2.77735531e-01 6.67170286e-01
    4.99597669e-01 5.41233659e-01 9.95982707e-01 2.43821144e-01
    2.73890257e-01 9.73638058e-01 6.14196897e-01 6.17900908e-01
    5.46814799e-01 2.45662689e-01 2.06755996e-01 7.01578915e-01
    4.56280112e-02 6.27718925e-01 2.10941643e-01 8.20640206e-01
    7.87878215e-01 8.25835228e-01 5.86844742e-01 2.29606360e-01
    5.23880720e-02 3.77457023e-01 5.28628290e-01 3.08257937e-02
    9.68827844e-01 2.28421986e-01 3.28425765e-01 6.59342408e-01
    7.74918139e-01 1.74807191e-01 4.22493219e-02 4.45692122e-01
    8.37708712e-01 6.62829876e-01 5.43164730e-01 5.47829390e-01
    7.21891403e-01 9.60259557e-01 8.24067235e-01 3.53393853e-01
    3.86808097e-01 9.91189003e-01 7.33874321e-01 3.16549599e-01
    5.03932714e-01 8.13915610e-01 2.17812866e-01 1.45295709e-01
    2.56685615e-02 6.74265206e-01 9.64862943e-01 2.89154738e-01
    1.00957453e-02 1.61784858e-01 4.55131024e-01 7.89851069e-01
    8.29709888e-01 9.07988846e-01 6.86530173e-01 8.38147581e-01
    7.41198897e-01 1.89040005e-02 3.18911374e-01 9.08457279e-01
    9.16855037e-02 4.81812984e-01 4.13413614e-01 7.08131075e-01
    5.09214997e-02 6.72712207e-01 6.01911545e-03 3.21524739e-01
    5.57659686e-01 2.10249692e-01 7.60224462e-01 6.19968772e-01
    8.79129767e-01 5.92914164e-01 3.37166488e-02 9.96496201e-01
    9.61976349e-01 2.50540853e-01 9.10617948e-01 5.83609819e-01
    6.53148890e-01 6.90497100e-01 2.37033188e-01 5.58002710e-01
    9.11196828e-01 4.05205727e-01 5.90462387e-01 5.91466188e-01
    1.10306978e-01 6.58324182e-01 1.81341708e-01 8.07071567e-01
    1.80226386e-01 1.61531657e-01 6.42799377e-01 5.73929727e-01
    8.05415034e-01 8.84782910e-01 5.56922019e-01 7.59447455e-01
    7.27569044e-01 8.97652388e-01 8.56090665e-01 3.76477361e-01
    6.64449632e-02 2.58717954e-01 6.02116764e-01 9.46764052e-02
    4.21235681e-01 1.81722939e-01 9.55030560e-01 4.70347106e-01
    9.90504086e-01 7.11355448e-01 8.04041028e-02 6.12205982e-01
    6.62687123e-02 5.61685443e-01 2.97661424e-01 1.41895115e-01
    9.46176946e-01 7.72102773e-01 7.75152326e-01 9.45039392e-01
    2.36631125e-01 4.73934025e-01 7.29418337e-01 6.01821363e-01
    2.38949060e-02 6.09519899e-01 6.90608501e-01 6.32625520e-02
    1.03868753e-01 8.50094378e-01 1.17166132e-01 8.81593704e-01
    5.63803673e-01 8.96206975e-01 4.64562297e-01 6.45491779e-01
    9.65961218e-02 6.25539660e-01 4.77003902e-01 9.65374291e-01
    2.10691243e-01 5.64595640e-01 8.71314526e-01 2.80572653e-01
    6.78422868e-01 3.46697509e-01 3.32853109e-01 7.55563080e-02
    4.29730505e-01 2.44915128e-01 4.18416500e-01 1.62062049e-02
    2.14756638e-01 6.08799875e-01 9.33228135e-01 3.11605603e-01
    2.44727641e-01 9.16689575e-01 5.25793433e-03 4.58995610e-01
    5.41357636e-01 5.89042902e-03 1.31836951e-01 2.52739131e-01
    8.46017003e-01 6.17146134e-01 5.33628464e-01 4.91691828e-02
    8.01032424e-01 5.36523581e-01 8.29427242e-02 9.13237214e-01
    5.12533486e-02 1.68658286e-01 4.66076970e-01 8.94343019e-01
    2.10238695e-02 6.62509799e-01 7.17531204e-01 8.99499059e-02
    2.90998042e-01 4.99341398e-01 8.10212672e-01 3.60493541e-01
    7.97281802e-01 1.77464485e-01 5.46942711e-01 4.21751499e-01
    7.87346840e-01 5.58899283e-01 4.04606849e-01 4.96497959e-01
    1.98015392e-01 2.28736103e-01 8.53471458e-01 6.93722069e-02
    4.53080803e-01 1.52482390e-02 7.71637857e-01 4.02264714e-01
    4.94282722e-01 7.49687552e-02 6.32477999e-02 8.00016224e-01
    8.61898303e-01 2.18102008e-01 7.16524661e-01 9.29977298e-01
    6.52879953e-01 1.31293833e-02 4.35824364e-01 5.77979088e-01
    9.93883550e-01 7.93309093e-01 8.18812847e-03 8.60162377e-02
    2.12214857e-01 8.69548678e-01 7.92486489e-01 6.29579246e-01
    6.27615035e-01 1.73850954e-02 4.90746588e-01 8.02325726e-01
    4.39390361e-01 8.37873340e-01 7.87904799e-01 7.91172385e-01
    2.08706766e-01 2.96019018e-02 8.24747443e-01 8.65066648e-02
    4.79404837e-01 5.20466864e-01 9.02360082e-02 9.67800319e-01
    1.25513673e-01 2.46264845e-01 6.50674999e-01 7.31226802e-01
    9.88755822e-01 7.63896883e-01 1.53199494e-01 9.91760254e-01
    1.22524202e-02 3.89181793e-01 3.40448499e-01 2.34559864e-01
    9.69611287e-01 6.41215444e-02 3.70666683e-01 1.54253662e-01
    9.94132102e-01 2.28902698e-01 4.08146977e-01 3.63953680e-01
    9.44924951e-01 4.37463164e-01 5.29512465e-01 4.54091311e-01
    5.05460978e-01 8.39449048e-01 5.30032516e-02 9.24314737e-01
    3.40609491e-01 4.40981388e-01 1.65078491e-01 1.80270314e-01
    9.62606668e-01 8.16309333e-01 4.74698842e-01 5.87415218e-01
    6.52329743e-01 4.06898826e-01 1.34539306e-01 4.94994223e-01
    1.13106221e-01 3.84561211e-01 3.71145010e-01 7.65384614e-01
    8.04529905e-01 7.41680503e-01 6.37102246e-01 3.45986843e-01
    4.62165773e-01 6.57723606e-01 7.77372956e-01 6.94923997e-01
    6.78175807e-01 6.06945276e-01 4.88537818e-01 5.14743388e-01
    1.09436512e-01 6.20896697e-01 8.71982217e-01 9.81837809e-02
    9.31922376e-01 9.91371870e-01 7.34823942e-01 5.81671357e-01
    5.38186729e-01 1.83268219e-01 8.67133379e-01 4.05490309e-01
    9.17337537e-01 7.25328922e-01 3.75886828e-01 6.09740555e-01
    1.55783981e-01 1.47022516e-01 3.00045669e-01 7.43846238e-01
    7.49870479e-01 2.20485359e-01 9.77340698e-01 1.18021578e-01
    6.91358745e-01 6.10309362e-01 8.46851170e-02 9.45547938e-01
    6.23625278e-01 5.90580702e-02 8.67476583e-01 3.84106100e-01
    6.67033553e-01 1.14433467e-01 9.43069160e-02 1.06368959e-01
    4.04637516e-01 9.67237592e-01 3.04044873e-01 3.55504394e-01
    7.52075076e-01 2.53720760e-01 9.20549631e-01 8.54361057e-01
    6.98597550e-01 6.58918023e-01 7.59890556e-01 6.98730350e-03
    1.52731240e-02 8.65540624e-01 2.26533592e-01 8.49322915e-01
    7.22626805e-01 3.87063563e-01 5.55178404e-01 6.33815527e-01
    8.22936654e-01 6.18586898e-01 3.76894683e-01 4.70583379e-01
    3.31641465e-01 4.27028686e-01 1.90457702e-02 9.74285603e-01
    9.55081582e-01 1.60480469e-01 5.40822506e-01 8.57616067e-02
    1.09714657e-01 3.19701731e-01 4.48345363e-01 9.34992909e-01
    8.53511095e-01 3.83264780e-01 1.32684886e-01 1.99015975e-01
    4.50122267e-01 7.78603196e-01 5.61040044e-02 1.31235123e-02
    4.08133566e-01 4.42923695e-01 4.45058495e-01 5.47517061e-01
    2.36631125e-01 4.73934025e-01 7.29418337e-01 6.01821363e-01
    2.38949060e-02 6.09519899e-01 6.90608501e-01 6.32625520e-02
    1.03868753e-01 8.50094378e-01 6.35643125e-01 2.20709652e-01
    2.07712531e-01 9.70001221e-01 3.51629257e-01 6.19844675e-01
    9.86672997e-01 8.06199014e-01 3.95872831e-01 5.32657266e-01
    6.33158803e-01 7.45471120e-01 8.54188800e-01 7.68772006e-01
    6.65844202e-01 4.11890924e-01 9.61796522e-01 9.58944917e-01
    5.14173150e-01 3.10471356e-02 1.03409439e-01 8.36218715e-01
    9.78520393e-01 8.32081378e-01 1.87007815e-01 8.26471806e-01
    3.59968662e-01 3.42483103e-01 4.72960860e-01 9.13904965e-01
    5.57204783e-01 9.14178729e-01 4.05985981e-01 8.34545135e-01
    1.08539075e-01 8.35890293e-01 2.22550124e-01 1.90970987e-01
    1.30880326e-01 7.09625721e-01 6.57174408e-01 1.27599895e-01
    1.52483195e-01 8.48791897e-02 8.23151350e-01 6.26919091e-01
    4.42723364e-01 1.25152230e-01 3.50754440e-01 7.18184948e-01
    7.32219458e-01 7.59511948e-01 6.18424177e-01 2.61648893e-01
    1.62139773e-01 6.07927740e-01 5.95900297e-01 7.74857402e-01
    6.49740458e-01 8.04620862e-01 4.47773099e-01 7.56270945e-01
    9.47026849e-01 5.10840714e-01 2.79760450e-01 9.14499044e-01
    2.49220610e-01 9.32056665e-01 9.02310908e-01 2.82170773e-02
    3.13791901e-01 5.77847362e-01 1.78704023e-01 4.05898511e-01
    1.85013890e-01 2.55982548e-01 5.95698118e-01 1.51058733e-02
    6.26605809e-01 3.39629591e-01 4.38467145e-01 5.10416687e-01
    9.58139420e-01 6.44796491e-01 8.02636743e-02 2.49592215e-01
    6.34549081e-01 8.57481718e-01 7.54989028e-01 2.27455705e-01
    7.68990040e-01 3.12531829e-01 6.52654290e-01 4.99458760e-01
    3.01419020e-01 3.66285950e-01 3.45199406e-01 6.04482174e-01
    8.95760775e-01 2.93954492e-01 2.79099196e-01 5.92989326e-01
    3.50611746e-01 1.65306777e-01 8.42949033e-01 7.18694687e-01
    4.56637979e-01 4.03121024e-01 5.24695992e-01 8.75181079e-01
    2.28629351e-01 5.32825351e-01 3.23975980e-01 9.75495815e-01
    1.42160743e-01 2.44413942e-01 1.11535192e-03 1.36124015e-01
    5.69746375e-01 6.43389881e-01 5.02315044e-01 9.97902751e-02
    5.47840595e-02 6.26748145e-01 8.07210505e-02 9.87203717e-01
    7.76991308e-01 2.94996738e-01 7.25802660e-01 6.64348900e-02
    2.66365051e-01 2.12389559e-01 7.73924112e-01 1.25865847e-01
    2.13231206e-01 9.13989305e-01 4.55723703e-01 1.55966461e-01
    5.26801825e-01 5.48580647e-01 9.30549204e-02 2.82226741e-01
    6.00820005e-01 2.81723678e-01 2.16445714e-01 7.66349554e-01
    5.21649718e-01 8.70412588e-02 2.55919576e-01 4.19517457e-01
    5.40210903e-01 6.27438843e-01 4.96971250e-01 8.24828982e-01
    9.03262138e-01 1.76675111e-01 6.15143299e-01 7.99246192e-01
    6.20141387e-01 4.97762859e-01 4.59929705e-02 2.10451394e-01
    2.52109766e-01 3.61182690e-02 3.20062131e-01 6.13257468e-01
    5.43478787e-01 5.24669051e-01 4.24951017e-01 8.32262993e-01
    3.48135412e-01 6.14057720e-01 6.73383176e-01 8.21327865e-02
    4.19104695e-02 8.74341130e-01 5.43675125e-02 7.19327927e-01
    5.17639160e-01 6.30453408e-01 2.22720563e-01 6.54762566e-01
    9.94051337e-01 4.81402963e-01 8.32862139e-01 8.03927481e-02
    4.09873009e-01 1.83522254e-01 3.99132520e-01 9.21615005e-01
    7.17485189e-01 2.19121933e-01 4.68195438e-01 6.83715045e-01
    8.77038598e-01 8.94744515e-01 4.06388074e-01 6.43325806e-01
    4.74732131e-01 6.45142496e-01 6.85110867e-01 6.46092892e-01
    7.41067529e-02 7.70063519e-01 1.84668005e-02 9.22880650e-01
    4.45104808e-01 4.93514448e-01 2.50242293e-01 2.66971618e-01
    9.29253697e-01 2.31417984e-01 6.95425391e-01 3.73268127e-03
    7.02908397e-01 1.31097168e-01 3.26037824e-01 3.44582021e-01
    5.40770471e-01 7.39087760e-01 9.91932511e-01 9.15820360e-01
    3.35247695e-01 7.91563213e-01 3.14184844e-01 4.81607914e-02
    9.09576714e-01 8.22119236e-01 2.88717747e-01 6.15763009e-01
    3.81199360e-01 9.87700820e-01 7.58006096e-01 9.83298719e-01
    7.11532235e-01 1.98537081e-01 5.08208752e-01 5.43299556e-01
    1.44542038e-01 6.20767295e-01 4.14205194e-01 4.04228568e-01
    7.81857371e-01 3.46520305e-01 5.14902651e-01 2.38410711e-01
    5.12885809e-01 9.21663582e-01 1.73602670e-01 9.55308378e-02
    6.34199858e-01 7.18711674e-01 1.31896138e-03 6.57553315e-01
    7.07107067e-01 5.25865436e-01 6.35643125e-01 2.20709652e-01
    2.07712531e-01 9.70001221e-01 3.51629257e-01 6.19844675e-01
    9.86672997e-01 8.06199014e-01 3.95872831e-01 5.32657266e-01
    6.03338242e-01 5.76908529e-01 8.28672051e-01 8.81195068e-03
    5.55887640e-01 2.42529422e-01 1.11361146e-02 4.21978056e-01
    6.27557576e-01 4.27043378e-01 4.63091701e-01 3.38704824e-01
    6.28289104e-01 4.14689004e-01 4.32344675e-01 6.11763954e-01
    1.42846674e-01 8.45122814e-01 6.07768416e-01 4.67352569e-01
    4.04884875e-01 5.95959425e-02 4.05713916e-02 5.23378253e-01
    2.31424063e-01 3.15285146e-01 2.94663072e-01 9.39614475e-02
    5.26150346e-01 8.62677336e-01 3.97042274e-01 1.72234476e-01
    5.16645074e-01 9.40668881e-02 6.03849113e-01 1.74334049e-01
    3.26905906e-01 6.26367927e-01 4.18949068e-01 9.49795425e-01
    1.57860100e-01 2.33989924e-01 4.17839289e-02 3.54920805e-01
    7.37299621e-02 7.05507398e-02 5.57661712e-01 2.40547061e-02
    2.55190492e-01 2.12248862e-02 4.22903895e-01 7.74792969e-01
    5.19522190e-01 4.15341824e-01 9.47718322e-01 4.94702220e-01
    7.39750266e-03 2.88964361e-01 3.53162080e-01 4.79957819e-01
    1.46100372e-01 9.76643562e-02 1.41433865e-01 9.73737955e-01
    1.06945813e-01 3.36037099e-01 6.18462682e-01 1.71214342e-02
    2.63204813e-01 2.39444017e-01 8.08401227e-01 1.45272046e-01
    5.73081493e-01 4.72980469e-01 1.15029335e-01 5.17808497e-01
    3.59216630e-02 5.79520881e-01 7.64472961e-01 8.29408169e-01
    5.98556757e-01 2.16812104e-01 6.47740960e-01 7.12267876e-01
    3.87670755e-01 4.40010250e-01 4.05624390e-01 9.74377096e-01
    1.19037330e-02 5.49494445e-01 3.52940500e-01 5.94915152e-01
    5.65617323e-01 5.34147739e-01 1.52061582e-02 8.31167698e-01
    5.31303167e-01 7.86624908e-01 6.47882521e-02 3.84226531e-01
    2.05437630e-01 6.50392175e-02 3.31066489e-01 9.96984124e-01
    2.61698842e-01 8.37161601e-01 8.13279390e-01 2.37473518e-01
    5.86209178e-01 5.34816861e-01 6.80142999e-01 8.92518163e-01
    2.79079080e-01 1.20890379e-01 6.68562114e-01 5.32750785e-02
    6.27940178e-01 5.97865343e-01 8.06508899e-01 1.08418018e-01
    9.25020337e-01 1.15972996e-01 6.12020969e-01 2.28093266e-02
    1.82238221e-03 6.16326928e-01 3.87409806e-01 7.87342429e-01
    5.06993651e-01 6.51413620e-01 4.87165242e-01 2.86745191e-01
    6.28910899e-01 1.98280931e-01 4.35871780e-02 8.73743474e-01
    3.81563306e-01 1.43407285e-01 3.49939138e-01 2.37422347e-01
    5.06803334e-01 5.46440244e-01 1.27756506e-01 4.15839255e-01
    6.21282995e-01 1.53518021e-02 5.44054866e-01 7.58147240e-02
    3.98412436e-01 3.79773915e-01 9.99335051e-01 6.75113916e-01
    7.69472480e-01 8.01332116e-01 8.28722596e-01 9.88145947e-01
    6.65250957e-01 8.51671159e-01 3.18130493e-01 6.30696893e-01
    3.92949879e-02 4.37808841e-01 1.51784092e-01 4.60170805e-02
    2.21154094e-03 2.21373141e-01 2.34106451e-01 5.94373703e-01
    5.44654787e-01 7.20053256e-01 7.35854506e-01 2.89974153e-01
    1.30303144e-01 6.96978331e-01 9.16623414e-01 3.00140679e-01
    9.31530833e-01 1.54714912e-01 3.25546592e-01 7.60770857e-01
    1.95391744e-01 6.24924183e-01 2.59504676e-01 6.69812262e-02
    2.68613696e-02 8.20319116e-01 9.71395731e-01 6.73885226e-01
    7.63017297e-01 4.83797342e-01 6.31777048e-01 9.93646026e-01
    9.59994435e-01 1.95612639e-01 9.55591202e-01 2.11862087e-01
    5.95241129e-01 4.31628466e-01 5.93186557e-01 5.17187953e-01
    3.53856772e-01 8.70929360e-01 4.76215512e-01 7.07150698e-01
    5.05338132e-01 1.03452742e-01 4.82647032e-01 8.27337503e-01
    4.66171682e-01 5.22457063e-01 3.62957954e-01 8.60230923e-02
    5.45619905e-01 5.03614247e-02 8.03541541e-01 2.93711931e-01
    8.34475756e-01 6.99307323e-01 6.63994431e-01 8.11955512e-01
    2.16825902e-01 1.75894916e-01 7.10974455e-01 9.31962729e-01
    3.52373719e-03 8.60889792e-01 6.10315502e-01 9.32087123e-01
    3.53313804e-01 7.74387002e-01 2.90499181e-01 9.85369325e-01
    7.48540223e-01 1.36518002e-01 7.50048280e-01 5.40658593e-01
    2.84234166e-01 5.80105424e-01 6.28559113e-01 3.29558790e-01
    8.62348080e-01 8.30247283e-01 5.69033444e-01 1.38787627e-01
    8.77879024e-01 2.30944902e-01 2.55579531e-01 2.77562797e-01
    5.59374690e-01 6.24438167e-01 6.39567554e-01 8.14308882e-01
    8.62538993e-01 6.50233865e-01 8.10359716e-02 9.57604051e-01
    6.03338242e-01 5.76908529e-01 8.28672051e-01 8.81195068e-03
    5.55887640e-01 2.42529422e-01 1.11361146e-02 4.21978056e-01
    6.27557576e-01 4.27043378e-01 8.72639060e-01 7.90998042e-01
    1.60662234e-02 4.10238743e-01 1.19716853e-01 9.74088371e-01
    9.40857291e-01 3.83626372e-01 4.66330618e-01 6.65939271e-01
    6.87139332e-01 3.39497328e-01 6.35117233e-01 2.06717908e-01
    9.51850295e-01 4.50873077e-02 3.28284562e-01 3.31357390e-01
    4.46700513e-01 5.84739685e-01 7.08163381e-01 4.18283135e-01
    3.89416456e-01 1.00025535e-01 5.15986562e-01 2.42783934e-01
    9.61200595e-01 9.67294276e-01 2.86461473e-01 8.88537645e-01
    4.16445136e-02 9.03532386e-01 3.59616518e-01 9.91029024e-01
    7.47443259e-01 6.44835949e-01 3.38197172e-01 9.50361490e-01
    9.49982047e-01 1.08029187e-01 9.63898063e-01 3.86403382e-01
    2.53301084e-01 7.23139286e-01 7.45537221e-01 5.31344950e-01
    9.10607517e-01 2.49157071e-01 3.75065386e-01 7.19581723e-01
    5.25583267e-01 9.97298598e-01 9.32586432e-01 2.48490185e-01
    6.14640713e-01 3.69311064e-01 3.74734163e-01 5.33242285e-01
    7.66558290e-01 7.28796959e-01 1.47566468e-01 5.87472320e-01
    2.38501310e-01 5.50465763e-01 3.91122907e-01 1.25432432e-01
    2.01481938e-01 5.98011911e-01 9.80363846e-01 4.65580404e-01
    8.86498213e-01 7.74815440e-01 1.59932375e-02 9.58667159e-01
    2.74680078e-01 7.72585869e-02 8.16399693e-01 8.03593576e-01
    9.52757716e-01 3.08631957e-01 9.21464503e-01 9.73611593e-01
    7.29514897e-01 1.76797479e-01 4.44538951e-01 6.76700950e-01
    2.65469849e-01 8.40820193e-01 1.77159786e-01 7.35023022e-02
    8.08278859e-01 8.33724618e-01 8.84807110e-02 4.30456340e-01
    9.80395436e-01 2.26228207e-01 5.39687812e-01 7.32032835e-01
    8.21799278e-01 5.48465073e-01 2.76428759e-01 5.49246728e-01
    4.13805127e-01 4.49439883e-02 5.00289500e-01 7.06995606e-01
    3.54080826e-01 5.28176129e-01 4.35289621e-01 9.63355660e-01
    8.04728448e-01 8.26929927e-01 2.02834696e-01 8.57341290e-01
    6.11647427e-01 6.06391966e-01 7.57044911e-01 5.54155827e-01
    1.46365851e-01 1.55552208e-01 8.87772679e-01 9.10301447e-01
    1.45293385e-01 4.34937119e-01 1.34498775e-01 1.52142107e-01
    3.24899912e-01 4.13423777e-03 3.68079960e-01 6.25274062e-01
    4.75774109e-01 1.33900642e-02 5.58077633e-01 7.24460483e-01
    6.62072539e-01 3.31023991e-01 6.58829808e-02 6.99496865e-01
    6.40922546e-01 4.44521099e-01 4.24661219e-01 8.97193253e-01
    2.02071458e-01 7.07946420e-01 6.86221123e-02 4.50400651e-01
    6.65857732e-01 1.61413252e-01 8.22500110e-01 8.80075693e-01
    5.52670419e-01 3.06629419e-01 3.23482215e-01 5.95274389e-01
    3.72180641e-02 5.47847509e-01 5.63073695e-01 9.43235278e-01
    3.14996362e-01 2.77624190e-01 4.39463437e-01 5.00409067e-01
    8.77981901e-01 9.18839931e-01 6.17117226e-01 8.50951731e-01
    2.25270927e-01 4.50441390e-01 1.76888317e-01 5.24552822e-01
    9.97515559e-01 4.58597690e-01 3.09780389e-01 7.16712713e-01
    8.17535698e-01 8.93465996e-01 4.04661000e-02 7.25176275e-01
    1.97271585e-01 2.55005956e-01 4.81086373e-01 5.07509589e-01
    9.29185987e-01 5.77103078e-01 2.37659812e-02 6.03041887e-01
    6.97917759e-01 9.36815739e-01 3.51268798e-01 6.99520528e-01
    9.37029719e-02 4.53692615e-01 6.39247298e-01 6.92545533e-01
    9.97871161e-01 2.56690353e-01 6.62630200e-01 5.04440308e-01
    4.48576361e-01 9.80396450e-01 6.36116385e-01 6.11953378e-01
    7.62804151e-02 9.27038193e-02 6.99516535e-01 3.75902146e-01
    8.54223967e-03 7.34639764e-01 1.69872552e-01 3.37139249e-01
    9.32269275e-01 9.21936274e-01 6.47554874e-01 4.08917069e-02
    3.57223332e-01 7.51215339e-01 9.84388113e-01 6.37159169e-01
    2.52059847e-01 4.43470657e-01 2.28703558e-01 5.35788596e-01
    5.60861826e-03 5.69952071e-01 1.52311176e-01 7.75825024e-01
    7.20145285e-01 4.74739403e-01 8.37928772e-01 7.29268789e-03
    9.06971812e-01 5.51238537e-01 9.05293643e-01 1.24951154e-01
    3.52549464e-01 8.91311049e-01 6.80949926e-01 2.81294465e-01
    7.16750324e-01 5.75071990e-01 1.61062628e-01 3.19381326e-01
    6.20109618e-01 1.47827536e-01 8.12134862e-01 5.75265110e-01
    6.83542788e-02 1.31445289e-01 3.92594963e-01 6.06970906e-01
    2.87396491e-01 4.74632084e-01 9.07035530e-01 7.84314930e-01
    9.54924107e-01 8.00602913e-01 8.72639060e-01 7.90998042e-01
    1.60662234e-02 4.10238743e-01 1.19716853e-01 9.74088371e-01
    9.40857291e-01 3.83626372e-01 4.66330618e-01 6.65939271e-01
    8.72601509e-01 8.41613114e-02 4.88381177e-01 3.01939726e-01
    7.93918252e-01 8.40601325e-03 7.35140681e-01 2.79463649e-01
    1.81741863e-01 1.60251200e-01 9.54440236e-01 6.26853883e-01
    6.30973518e-01 9.29562747e-01 6.86020255e-01 7.52667904e-01
    4.61861581e-01 7.64873624e-01 2.92916447e-01 1.70251995e-01
    7.37380207e-01 3.65359247e-01 1.60029799e-01 3.97890210e-02
    4.96083617e-01 5.87372363e-01 1.61907226e-01 6.79696679e-01
    7.12382495e-02 9.63731408e-01 5.33769369e-01 5.72652757e-01
    3.41998875e-01 9.53426719e-01 1.06297463e-01 1.76353961e-01
    1.41099393e-01 6.43056273e-01 2.12705910e-01 1.07365847e-03
    9.04366732e-01 7.52171636e-01 2.06163824e-01 2.98643917e-01
    2.67547965e-01 5.84750533e-01 6.03882492e-01 7.33566403e-01
    5.73146939e-02 5.62449992e-01 4.10063535e-01 5.43547094e-01
    1.96827054e-02 1.44022226e-01 7.21149981e-01 3.97191495e-01
    3.07702035e-01 3.73842776e-01 5.11615038e-01 2.65861928e-01
    8.52831364e-01 4.96929914e-01 9.35675621e-01 5.73562682e-01
    3.38040501e-01 9.62080300e-01 9.78840590e-01 8.72023225e-01
    4.33443487e-01 3.49304318e-01 6.42242193e-01 2.61916578e-01
    1.79139555e-01 2.26555973e-01 6.74848020e-01 7.57169247e-01
    3.94372106e-01 3.76119047e-01 7.45774627e-01 3.45515907e-01
    2.42045194e-01 9.79941607e-01 8.40543747e-01 3.88649523e-01
    3.26446891e-02 6.24436498e-01 4.77745533e-02 3.08296740e-01
    7.26872265e-01 5.05870879e-01 2.17100322e-01 2.45352060e-01
    1.59298629e-01 6.94392025e-02 9.05546844e-01 3.01941574e-01
    6.92508221e-01 3.34289074e-01 9.50666428e-01 4.45594251e-01
    9.11003053e-01 4.83870327e-01 3.92857224e-01 2.89443493e-01
    1.58031613e-01 8.95228624e-01 7.61364579e-01 2.62021363e-01
    4.01820511e-01 5.71338892e-01 3.20345730e-01 7.20556021e-01
    6.67876601e-01 8.41888189e-01 9.75474477e-01 6.06131494e-01
    3.46025974e-01 4.69985664e-01 9.23427105e-01 8.35099638e-01
    1.72162682e-01 3.23623419e-02 8.44895005e-01 5.18510520e-01
    4.31324035e-01 4.52455759e-01 3.70901108e-01 9.37200844e-01
    2.01514363e-01 5.06258368e-01 7.23986566e-01 9.68641281e-01
    9.52270806e-01 7.86384225e-01 1.62301064e-01 9.22495842e-01
    7.50772119e-01 1.29366875e-01 1.88972712e-01 3.83517087e-01
    7.83124745e-01 1.78443015e-01 2.51964331e-01 9.08859491e-01
    1.36286944e-01 3.68357062e-01 1.11842692e-01 4.51580584e-02
    2.99010575e-01 9.50539351e-01 2.14768291e-01 3.44900906e-01
    6.08773530e-02 3.61366987e-01 2.92783678e-01 5.12115538e-01
    5.40809274e-01 1.21327996e-01 8.38695765e-01 1.46780431e-01
    7.38666058e-01 8.33017349e-01 5.15820503e-01 6.69229746e-01
    7.97570348e-01 2.56294966e-01 9.51237082e-01 9.76201296e-01
    7.35249043e-01 4.29020286e-01 6.67451739e-01 1.41782731e-01
    7.27186859e-01 1.71124488e-01 3.28117073e-01 4.40024883e-01
    5.91138721e-01 5.63511133e-01 1.59397870e-01 6.08613729e-01
    7.01420426e-01 7.81834006e-01 9.99528170e-01 6.43542290e-01
    5.61123490e-01 4.07549739e-01 8.64714026e-01 2.28914618e-03
    2.76480258e-01 7.68604517e-01 6.41842425e-01 1.22939944e-02
    1.46664977e-01 6.28630638e-01 1.85949683e-01 4.17032242e-01
    9.14402962e-01 6.66421235e-01 1.51403248e-02 2.96050191e-01
    7.31899858e-01 1.14955455e-01 5.57700038e-01 5.48985243e-01
    1.42747730e-01 3.35374415e-01 7.23940194e-01 4.96707857e-01
    9.35094953e-01 6.46693707e-01 5.95199466e-01 5.05543470e-01
    7.55744755e-01 2.99156100e-01 3.79111886e-01 8.78527761e-01
    5.74800849e-01 1.74261630e-01 1.57211155e-01 1.46474242e-02
    9.00549769e-01 5.50334096e-01 6.82079613e-01 1.42681152e-01
    3.15653682e-01 9.67080951e-01 9.37199354e-01 1.99178845e-01
    9.03027892e-01 6.36539638e-01 5.69816470e-01 9.81086791e-02
    3.83436680e-01 4.33650613e-01 6.97115064e-01 7.92617977e-01
    7.68435478e-01 5.66597700e-01 3.05557698e-01 8.22987318e-01
    4.01765168e-01 4.86651301e-01 2.22250015e-01 1.32356197e-01
    6.85189068e-01 4.88404214e-01 6.73598826e-01 6.13355219e-01
    4.73261386e-01 6.62047148e-01 9.72445548e-01 4.93155479e-01
    8.93815696e-01 4.55196112e-01 1.27267212e-01 1.31199479e-01
    8.72601509e-01 8.41613114e-02 4.88381177e-01 3.01939726e-01
    7.93918252e-01 8.40601325e-03 7.35140681e-01 2.79463649e-01
    1.81741863e-01 1.60251200e-01 2.83799231e-01 6.58245981e-01
    8.22971821e-01 9.35844421e-01 1.10334396e-01 3.74092102e-01
    5.93549550e-01 5.29055357e-01 6.96021795e-01 2.54278660e-01
    1.11559361e-01 2.76770473e-01 1.00420296e-01 2.12298036e-02
    9.43160415e-01 5.87079644e-01 8.51054490e-01 9.74252760e-01
    7.25902557e-01 4.06880826e-01 5.89302182e-03 4.38469946e-01
    5.20724177e-01 4.16089416e-01 3.82090271e-01 8.94913673e-01
    2.94207871e-01 5.76447189e-01 9.17722225e-01 3.57519507e-01
    4.96327996e-01 4.75630462e-02 8.90956044e-01 4.05087233e-01
    6.32318377e-01 7.90092468e-01 3.77685398e-01 3.65044236e-01
    9.00530815e-03 2.15678871e-01 1.52177215e-01 2.12663889e-01
    5.09316742e-01 5.91213822e-01 9.81545150e-02 9.03921247e-01
    7.64942169e-01 4.26734984e-02 3.11345220e-01 8.09027374e-01
    2.13649243e-01 4.86335874e-01 4.10854071e-01 1.80523366e-01
    2.24790841e-01 8.61795306e-01 1.01074666e-01 3.94549370e-02
    8.56676459e-01 3.34874988e-02 4.56777662e-01 7.57971823e-01
    6.75293803e-03 8.23693991e-01 4.10988629e-01 2.29701996e-02
    2.43427664e-01 7.09905624e-02 5.25385082e-01 2.02967197e-01
    9.92103457e-01 1.01015449e-01 5.35012305e-01 7.11982250e-01
    4.19575959e-01 8.84270191e-01 9.47730541e-01 1.59508884e-02
    5.07181048e-01 2.52932191e-01 1.10295951e-01 7.35102773e-01
    3.28807831e-01 8.44270706e-01 6.37164712e-01 9.91365671e-01
    4.23527211e-01 8.93742681e-01 9.50461626e-01 4.66382921e-01
    9.12258267e-01 7.57781982e-01 6.55463040e-02 5.77913463e-01
    1.40210658e-01 8.15779507e-01 9.90543842e-01 4.74056095e-01
    3.13208878e-01 4.25602078e-01 3.45551074e-02 6.51715338e-01
    7.71437049e-01 5.97400188e-01 8.74759793e-01 9.48675394e-01
    4.90887046e-01 9.70039964e-02 5.32904506e-01 2.25707740e-01
    4.43810523e-01 8.05072069e-01 8.24977934e-01 9.02938485e-01
    4.40258741e-01 6.56252623e-01 9.61087584e-01 5.21560252e-01
    7.57376552e-02 4.65640128e-01 1.98287636e-01 4.37991440e-01
    1.16320968e-01 7.19434440e-01 1.68403685e-02 7.79900908e-01
    4.91934240e-01 4.37575877e-02 1.87247992e-03 2.18278170e-02
    5.83029926e-01 2.95464188e-01 5.30408204e-01 2.04696298e-01
    2.55298257e-01 3.80314618e-01 9.18156922e-01 7.96927154e-01
    1.24461949e-02 3.76641124e-01 7.54304647e-01 4.27844077e-01
    5.74666142e-01 4.21879709e-01 3.83565813e-01 6.38018072e-01
    6.89280808e-01 6.56654477e-01 3.10984671e-01 2.47630835e-01
    4.41284478e-02 7.27128088e-01 1.18291944e-01 4.93333548e-01
    8.95282328e-02 1.80277079e-01 2.34102428e-01 8.34492743e-02
    1.03426516e-01 3.40664268e-01 8.92423630e-01 1.89842254e-01
    3.09183061e-01 1.73108071e-01 9.67104912e-01 8.81257117e-01
    6.20341003e-01 7.68635869e-02 5.45359552e-01 1.40261382e-01
    8.90381753e-01 4.89354312e-01 3.94246072e-01 1.62037075e-01
    2.64566779e-01 5.45120835e-01 5.45931041e-01 4.49725151e-01
    4.46925640e-01 1.14124000e-01 7.11559951e-01 7.92149305e-01
    6.82897210e-01 8.92954230e-01 3.82378697e-02 2.93579102e-01
    9.12339926e-01 6.83876634e-01 5.13245761e-02 4.11554486e-01
    6.68806374e-01 5.06148756e-01 2.54218400e-01 6.90331638e-01
    4.67846751e-01 1.34792149e-01 8.04182410e-01 1.36986047e-01
    8.80407691e-01 7.65243173e-02 2.19439387e-01 1.37120426e-01
    7.49412477e-01 8.54543984e-01 1.29456133e-01 6.56083226e-01
    9.05817568e-01 7.38418102e-03 3.49923551e-01 5.06898046e-01
    5.27124107e-01 5.65802455e-01 8.28255475e-01 6.39683306e-01
    5.55299044e-01 6.72518015e-01 1.93822742e-01 2.24824578e-01
    2.30414480e-01 4.88535434e-01 6.69375479e-01 5.29983044e-01
    1.26512229e-01 9.84501541e-02 1.18346781e-01 5.28848648e-01
    6.32035255e-01 8.41739774e-01 1.60086900e-01 2.22108483e-01
    2.41750240e-01 2.82932639e-01 2.53093481e-01 7.61130691e-01
    4.07837629e-02 5.67695498e-02 5.39892077e-01 4.42367822e-01
    9.23720002e-01 2.69857049e-02 3.32738757e-02 7.20538259e-01
    2.09541917e-01 4.30171907e-01 8.62674057e-01 3.78862321e-01
    4.47973609e-03 8.58858824e-02 8.88984203e-02 8.91919971e-01
    2.63784349e-01 4.90939468e-01 2.92269528e-01 9.47404385e-01
    3.62466931e-01 5.74973106e-01 2.83799231e-01 6.58245981e-01
    8.22971821e-01 9.35844421e-01 1.10334396e-01 3.74092102e-01
    5.93549550e-01 5.29055357e-01 6.96021795e-01 2.54278660e-01
    2.59655446e-01 5.97801805e-01 8.61869514e-01 1.58938706e-01
    2.01202840e-01 6.48963690e-01 2.48499990e-01 1.61472142e-01
    2.12048888e-02 9.28114533e-01 8.56493115e-01 5.50553501e-02
    1.52174860e-01 2.44889885e-01 7.79189169e-02 3.04423988e-01
    2.04810828e-01 5.26979864e-02 1.07876867e-01 1.25979990e-01
    1.83770210e-01 4.92270857e-01 5.12565732e-01 3.16520452e-01
    7.25304961e-01 8.63059282e-01 7.85208106e-01 9.69201744e-01
    7.29666889e-01 1.07603878e-01 1.47383124e-01 2.02136487e-01
    2.38324076e-01 1.65026575e-01 2.28308290e-01 1.51644468e-01
    6.77481413e-01 3.01233083e-01 5.57849050e-01 5.31393409e-01
    7.57559776e-01 9.02121186e-01 6.98775232e-01 5.43758631e-01
    7.47516215e-01 3.39872539e-02 7.27204800e-01 7.76049256e-01
    2.84323215e-01 9.69110489e-01 2.19976872e-01 5.07913828e-01
    2.03405797e-01 5.20727217e-01 6.33632362e-01 9.86309171e-01
    4.58471775e-02 4.37467963e-01 5.88525414e-01 6.88690662e-01
    5.57083130e-01 5.72304010e-01 2.35608935e-01 7.34684765e-02
    8.34332228e-01 6.16368413e-01 1.97993815e-01 1.35270089e-01
    3.87549460e-01 3.99391353e-01 3.74979854e-01 1.28180981e-01
    5.97284794e-01 4.07918870e-01 8.64429533e-01 4.43369150e-04
    6.63602233e-01 4.36664581e-01 6.34060562e-01 1.86732978e-01
    6.54067874e-01 1.19933754e-01 7.63847828e-01 6.84550285e-01
    2.45805025e-01 1.33202970e-02 9.06468272e-01 2.10949391e-01
    6.13372386e-01 4.54648077e-01 3.72586280e-01 3.79679769e-01
    9.13197517e-01 4.91991162e-01 5.97193837e-02 3.41555178e-01
    8.62702727e-01 5.73950291e-01 7.14249730e-01 2.58186758e-02
    6.67683005e-01 9.73535240e-01 8.19603562e-01 1.21909052e-01
    2.19838649e-01 2.48189151e-01 5.13723016e-01 6.71372950e-01
    9.58255410e-01 9.38963652e-01 2.37721235e-01 4.82449472e-01
    3.33448708e-01 3.68203282e-01 3.61089945e-01 3.00296724e-01
    7.76039362e-01 4.00518268e-01 8.50064278e-01 4.24889922e-01
    5.05540073e-02 7.58011103e-01 9.01627779e-01 3.59749317e-01
    3.50218832e-01 7.56807923e-01 4.03744280e-02 7.44600177e-01
    5.48135161e-01 8.90424848e-03 5.17771721e-01 7.98020482e-01
    5.07320523e-01 6.49201751e-01 8.11964929e-01 3.53680789e-01
    8.30571890e-01 7.74678111e-01 8.08995068e-02 6.69141710e-02
    8.76122355e-01 1.38690233e-01 1.65194601e-01 7.95644879e-01
    6.48164809e-01 1.76186621e-01 4.83996511e-01 7.69825935e-01
    5.17771840e-01 2.42421001e-01 1.73825920e-01 3.58069330e-01
    4.42907989e-01 3.04683566e-01 4.82027024e-01 4.66567069e-01
    8.92516971e-03 1.96602881e-01 3.16268176e-01 6.61619306e-02
    6.90412581e-01 7.18065143e-01 6.15868688e-01 4.40800786e-02
    4.25329775e-01 8.31882954e-01 3.99912775e-01 8.83716583e-01
    4.80572015e-01 1.71171427e-02 2.10416108e-01 3.35845351e-03
    7.06039906e-01 8.00446630e-01 4.98579770e-01 5.91008484e-01
    9.36552465e-01 8.48338842e-01 8.97594690e-02 6.84706688e-01
    3.72133702e-01 2.34767735e-01 2.81061947e-01 8.60295832e-01
    5.23572743e-01 2.31871188e-01 8.14975798e-01 8.29642475e-01
    5.88975906e-01 6.17401600e-01 3.08612347e-01 7.36644864e-02
    3.35752904e-01 4.31005329e-01 7.86388159e-01 9.38183129e-01
    9.82847691e-01 2.02247620e-01 6.49385810e-01 9.36565757e-01
    3.96072179e-01 5.90853095e-01 9.97223735e-01 6.44655645e-01
    9.98682201e-01 5.84340513e-01 1.87724233e-01 8.54485154e-01
    7.11479783e-01 1.46964341e-01 3.27212602e-01 7.70975947e-01
    9.33840632e-01 5.60017526e-01 5.33663034e-01 3.32105845e-01
    3.11639905e-03 4.20072466e-01 9.87833381e-01 4.71911132e-02
    8.27395916e-01 3.93273652e-01 4.25817311e-01 6.23141825e-02
    7.20622659e-01 1.22219145e-01 8.94347429e-01 3.77747029e-01
    9.13636208e-01 9.85134721e-01 9.91639674e-01 9.42427099e-01
    6.67495370e-01 2.80821562e-01 5.37676752e-01 7.79392719e-02
    1.74387515e-01 8.29064012e-01 1.42618716e-01 5.14608383e-01
    5.22114038e-01 1.98413938e-01 9.85981703e-01 1.56986177e-01
    4.90054518e-01 8.76641631e-01 5.97308338e-01 6.01225853e-01
    9.26493764e-01 5.14426768e-01 9.82001066e-01 4.12033319e-01
    3.75701189e-02 6.96138501e-01 4.94680971e-01 2.19720632e-01
    2.59655446e-01 5.97801805e-01 8.61869514e-01 1.58938706e-01
    2.01202840e-01 6.48963690e-01 2.48499990e-01 1.61472142e-01
    2.12048888e-02 9.28114533e-01 7.32033134e-01 8.59802961e-01
    7.30072916e-01 2.02022821e-01 8.95246506e-01 8.87806535e-01
    7.18660772e-01 6.44819736e-02 6.05857790e-01 1.87403262e-01
    1.28931671e-01 3.31712484e-01 6.00897193e-01 1.90789402e-01
    4.11502928e-01 2.91305721e-01 6.84555769e-02 4.17794794e-01
    8.99330616e-01 4.90528554e-01 6.76334977e-01 4.96760041e-01
    1.81218863e-01 3.45399976e-03 6.49053216e-01 2.89777756e-01
    4.01082098e-01 1.73746377e-01 3.25360715e-01 1.38614357e-01
    7.92715311e-01 6.59944952e-01 7.87147880e-02 3.39174867e-02
    1.34576827e-01 7.89322257e-01 7.35984683e-01 2.50194073e-01
    3.69374871e-01 2.93084145e-01 6.67568207e-01 9.51866031e-01
    4.02779639e-01 7.26352274e-01 6.64729774e-02 1.82975680e-01
    3.76510084e-01 1.37259960e-02 7.21146584e-01 2.77153432e-01
    1.28828168e-01 9.66860652e-01 6.12083495e-01 7.49489665e-03
    3.54702711e-01 7.80695140e-01 3.38771701e-01 1.89204812e-02
    8.15403044e-01 5.45718551e-01 9.98782396e-01 5.93219876e-01
    4.22452211e-01 2.82528549e-01 7.91123033e-01 3.07378590e-01
    5.50787389e-01 2.01201051e-01 2.03033477e-01 4.47418094e-02
    8.54090154e-02 4.37622428e-01 7.19785929e-01 8.80859971e-01
    7.40035951e-01 1.32012159e-01 2.24745482e-01 5.69070637e-01
    1.17686570e-01 6.32407784e-01 7.31805027e-01 9.57203507e-01
    6.95092380e-01 7.96174526e-01 8.03704262e-01 5.86156666e-01
    7.96518385e-01 5.87362647e-01 2.43045002e-01 6.29679680e-01
    7.62086391e-01 8.02146435e-01 8.16594481e-01 4.66911852e-01
    8.16267252e-01 8.26858044e-01 3.63511711e-01 9.96738672e-01
    7.77042031e-01 7.13241220e-01 7.98434913e-02 6.13443494e-01
    2.70719528e-02 1.67794824e-02 7.55405188e-01 3.43503475e-01
    3.93858731e-01 8.99164796e-01 5.05831122e-01 5.19696176e-02
    9.71258521e-01 9.38164413e-01 6.56422615e-01 6.11275315e-01
    9.43374634e-03 2.63027847e-02 8.78328562e-01 4.37390059e-01
    3.52147043e-01 8.84371340e-01 4.62983161e-01 7.10507810e-01
    2.86450118e-01 1.37670606e-01 7.88279474e-01 7.99253404e-01
    5.65203071e-01 7.53980756e-01 3.31256688e-02 3.91040295e-01
    1.72066301e-01 3.45651269e-01 2.67130166e-01 6.81933999e-01
    4.87267733e-01 4.14622426e-02 2.17296332e-01 7.35532045e-02
    6.36287451e-01 5.11574447e-01 5.27910590e-02 1.31353825e-01
    3.97399664e-01 6.77139819e-01 3.04173291e-01 8.55171680e-02
    5.44449627e-01 5.91576695e-02 5.98494768e-01 7.78357506e-01
    4.55856442e-01 8.34378004e-01 5.98025560e-01 6.28074169e-01
    3.81361008e-01 7.75516868e-01 4.63193744e-01 9.10106182e-01
    8.84534180e-01 2.48833776e-01 5.51756859e-01 8.65166426e-01
    1.56319737e-01 5.98943233e-01 5.50182581e-01 8.06534290e-03
    5.72349429e-02 4.72626001e-01 5.32697201e-01 6.06921911e-01
    8.95313025e-01 7.44993389e-02 4.07604307e-01 8.33578229e-01
    2.52371192e-01 7.57555723e-01 3.34158480e-01 2.68333018e-01
    7.65636921e-01 5.62441647e-02 7.88050294e-01 9.63726640e-03
    6.75832033e-01 2.89492071e-01 7.18348444e-01 5.31628728e-03
    2.78914213e-01 1.73907369e-01 8.96389842e-01 7.94400156e-01
    8.35356414e-01 5.15922070e-01 8.03007722e-01 1.34003758e-02
    1.36355609e-01 4.37440217e-01 3.85230601e-01 6.26544952e-01
    7.70740867e-01 2.81727314e-02 5.96275032e-02 7.82764554e-01
    1.64259911e-01 9.66999292e-01 8.44131708e-01 2.36134231e-02
    4.18565542e-01 3.01217526e-01 6.21979952e-01 9.95665789e-04
    8.65632296e-03 1.31109655e-02 7.85699785e-01 2.74964631e-01
    4.57491010e-01 7.83948898e-01 5.54940224e-01 4.68106151e-01
    2.18255639e-01 1.42781615e-01 9.01218176e-01 6.44446731e-01
    5.60978055e-01 9.95596945e-02 7.98284888e-01 6.26145720e-01
    3.47158492e-01 3.19532931e-01 3.09920609e-01 3.75370026e-01
    5.00134647e-01 4.13263500e-01 8.89192581e-01 3.05555850e-01
    5.81858277e-01 3.97776783e-01 8.33089471e-01 8.20217490e-01
    9.51470852e-01 3.55175376e-01 4.78682995e-01 7.68716216e-01
    1.78732246e-01 4.97492403e-01 5.18548191e-02 9.85159039e-01
    8.77957165e-01 9.94907260e-01 1.65697932e-03 9.39730525e-01
    2.52009332e-02 4.95151132e-01 7.67254591e-01 4.88958299e-01
    5.08776307e-03 6.17231369e-01 7.32033134e-01 8.59802961e-01
    7.30072916e-01 2.02022821e-01 8.95246506e-01 8.87806535e-01
    7.18660772e-01 6.44819736e-02 6.05857790e-01 1.87403262e-01
    6.38973475e-01 1.61946505e-01 8.40842366e-01 7.89471209e-01
    9.11124349e-01 2.96825171e-01 8.85894060e-01 5.83737850e-01
    6.93281412e-01 2.77045071e-02 7.10386872e-01 1.40765846e-01
    5.64862132e-01 1.52145296e-01 7.75781155e-01 1.49618626e-01
    4.27085072e-01 4.65503037e-02 9.48190928e-01 6.12841964e-01
    6.42789483e-01 1.16453469e-01 3.12919736e-01 1.00555271e-01
    3.02152693e-01 5.96241236e-01 5.68104625e-01 5.40906668e-01
    6.42963648e-02 5.91790080e-02 3.81783485e-01 3.68312955e-01
    2.74979562e-01 3.52336466e-01 6.76027119e-01 9.71634269e-01
    2.04034746e-02 9.34846401e-01 1.89583004e-01 1.21311367e-01
    5.97349048e-01 9.52010393e-01 2.72838145e-01 2.45021313e-01
    1.31592333e-01 2.82896698e-01 9.62943673e-01 6.37386858e-01
    9.62440014e-01 2.04370499e-01 5.07764280e-01 2.19957024e-01
    9.32772160e-02 4.67509508e-01 1.22395009e-01 8.42172801e-02
    5.13123870e-02 2.54068851e-01 1.91441268e-01 8.24525356e-01
    4.28417981e-01 2.20648915e-01 6.07121646e-01 7.13545084e-02
    3.01750362e-01 2.10879743e-02 2.34921813e-01 8.15116286e-01
    4.40177262e-01 4.29547608e-01 9.13504004e-01 2.74849951e-01
    4.93633687e-01 2.66796231e-01 8.01644623e-01 7.18474507e-01
    7.32888818e-01 1.49579704e-01 1.54358417e-01 6.72923148e-01
    4.69811618e-01 6.90836906e-01 4.71459776e-01 4.45774913e-01
    5.67560792e-02 3.07675123e-01 3.10640097e-01 3.54164004e-01
    1.93364590e-01 3.23138535e-02 9.84572947e-01 2.78503358e-01
    8.08440208e-01 9.36435342e-01 2.13935316e-01 7.48993993e-01
    6.17699921e-01 4.23144579e-01 6.36968195e-01 8.06127667e-01
    6.43998563e-01 2.15558231e-01 1.01349920e-01 2.18586326e-01
    6.21283054e-01 5.61544538e-01 9.23023105e-01 3.30324948e-01
    1.33339494e-01 5.30453622e-01 3.27453434e-01 1.97709411e-01
    1.36798739e-01 7.12274313e-02 5.27255356e-01 2.78612256e-01
    6.96840584e-02 6.37358069e-01 7.43291020e-01 4.83958662e-01
    5.13894558e-01 8.04649293e-02 2.21388191e-01 1.06051564e-02
    8.27954650e-01 8.66332948e-01 7.60530829e-01 7.95631766e-01
    4.51555610e-01 1.51047438e-01 6.23203516e-02 7.47509003e-01
    3.55612636e-02 4.45522368e-01 9.85390246e-01 2.61118233e-01
    3.31906021e-01 9.76286709e-01 9.78865385e-01 8.28899741e-01
    2.83189118e-01 2.50373781e-02 4.91030037e-01 6.90842688e-01
    7.53315330e-01 5.30392587e-01 5.96487999e-01 8.14094901e-01
    7.10962892e-01 4.85857874e-01 3.77163351e-01 6.63521111e-01
    7.81334698e-01 2.55824894e-01 8.94763827e-01 8.79252791e-01
    5.81591427e-01 7.33501971e-01 5.26144207e-01 8.57740283e-01
    2.46738374e-01 2.76016831e-01 3.31281126e-01 4.93945181e-01
    8.19879174e-01 5.49251735e-01 9.23315763e-01 5.08355379e-01
    8.72493267e-01 9.23747659e-01 2.99835980e-01 2.71364987e-01
    5.68661809e-01 5.39606929e-01 3.69656801e-01 2.29747444e-01
    7.48138726e-02 8.57457221e-01 8.10624480e-01 3.75518262e-01
    9.60923314e-01 9.16350782e-02 2.70868361e-01 1.09540403e-01
    8.09940696e-02 7.01439440e-01 6.19569898e-01 6.08764708e-01
    2.40855932e-01 7.81600177e-02 4.07690614e-01 3.53405178e-02
    8.08842301e-01 2.53046155e-01 7.61616111e-01 9.88488555e-01
    2.89767504e-01 1.73134834e-01 6.38382435e-01 1.54278189e-01
    3.85446578e-01 1.84491396e-01 5.50655484e-01 5.56872070e-01
    3.37488651e-01 6.16447031e-01 4.31847572e-03 7.84433424e-01
    4.09064919e-01 5.06336331e-01 9.10339713e-01 9.48440194e-01
    5.05140185e-01 2.56661355e-01 1.17345154e-01 8.66516113e-01
    9.31218743e-01 7.92765498e-01 5.45195937e-01 4.63015258e-01
    6.87262893e-01 8.22825253e-01 1.05374396e-01 5.98213971e-02
    5.28562784e-01 3.04794610e-01 4.59463626e-01 9.95735049e-01
    4.23119366e-01 8.43363345e-01 1.64339513e-01 5.51449120e-01
    8.85318756e-01 1.23203933e-01 1.65671617e-01 6.36384726e-01
    1.77400500e-01 6.78503096e-01 9.46893215e-01 6.81740344e-02
    8.26585889e-01 9.16372895e-01 4.09707636e-01 4.67114210e-01
    8.00303400e-01 3.67011100e-01 8.58551621e-01 4.57601756e-01
    5.21021605e-01 5.25174141e-01 1.56086564e-01 1.83709562e-01
    8.55957806e-01 2.24923581e-01 1.14064246e-01 5.44179499e-01
    6.38973475e-01 1.61946505e-01 8.40842366e-01 7.89471209e-01
    9.11124349e-01 2.96825171e-01 8.85894060e-01 5.83737850e-01
    6.93281412e-01 2.77045071e-02 2.97556818e-02 8.09044123e-01
    3.38557065e-01 7.56709874e-01 4.47019160e-01 9.96935606e-01
    9.11690593e-01 7.79742360e-01 4.58598584e-01 2.66595185e-02
    8.66888285e-01 1.26943439e-01 6.92997873e-01 9.06944513e-01
    6.93308592e-01 4.60299909e-01 9.04657245e-02 9.66347575e-01
    1.89330548e-01 1.16860807e-01 3.39977980e-01 2.24133015e-01
    7.78454006e-01 6.57768965e-01 3.85656416e-01 3.22398841e-02
    8.31377387e-01 2.11109519e-02 9.58630204e-01 3.42608213e-01
    6.55186057e-01 6.79375052e-01 7.46394813e-01 7.27666914e-01
    9.38877583e-01 3.78356993e-01 7.32058525e-01 8.05717885e-01
    5.72530270e-01 4.46399301e-01 1.23621374e-01 5.66875815e-01
    1.88742757e-01 6.39607310e-02 1.80902213e-01 8.16981316e-01
    7.02251136e-01 9.75436270e-01 6.33472860e-01 2.61653692e-01
    3.49859208e-01 3.99475098e-02 5.46294153e-01 2.80458838e-01
    4.09480363e-01 6.11590266e-01 6.28082633e-01 9.88425612e-02
    2.28166103e-01 1.22322172e-01 3.39418828e-01 3.24774563e-01
    8.36557150e-01 8.54588866e-01 9.31710839e-01 7.66205549e-01
    7.91680336e-01 2.47571260e-01 2.73369491e-01 5.63172519e-01
    2.67336547e-01 2.54678428e-01 7.79379368e-01 5.45848608e-01
    1.80659384e-01 2.71102488e-01 4.55733001e-01 4.62418556e-01
    4.01898146e-01 5.14066100e-01 6.22239411e-02 3.86522114e-01
    2.76249737e-01 6.79741383e-01 3.97311151e-01 5.45160890e-01
    6.37226701e-01 4.58083451e-01 5.67527652e-01 1.97183877e-01
    2.33009160e-02 9.63768482e-01 7.70785570e-01 8.53607535e-01
    2.11591065e-01 7.58363724e-01 1.33701652e-01 9.98960495e-01
    9.10845160e-01 6.31066799e-01 4.65131491e-01 3.75862032e-01
    7.78383613e-01 9.60146844e-01 1.71997368e-01 6.33228660e-01
    6.52658105e-01 1.73972815e-01 4.61511463e-01 8.93930793e-01
    4.57516015e-01 1.01036936e-01 8.22626412e-01 4.07606155e-01
    4.46115613e-01 6.99166894e-01 1.42742008e-01 8.03115368e-01
    7.37913072e-01 9.33520079e-01 5.91939986e-02 3.76202494e-01
    6.14125252e-01 9.60474849e-01 3.70838642e-02 4.18739498e-01
    7.38729894e-01 1.03969663e-01 8.52396250e-01 7.03891695e-01
    3.60076904e-01 8.14335823e-01 1.48902416e-01 7.59341955e-01
    2.17854500e-01 8.60743284e-01 5.96153915e-01 3.27220261e-02
    8.51506114e-01 6.65317178e-01 6.59543991e-01 2.28390187e-01
    1.72852933e-01 8.04389238e-01 1.56489909e-01 2.70488262e-01
    7.39984453e-01 5.49535692e-01 7.36055911e-01 1.43191010e-01
    8.04167271e-01 4.66784358e-01 7.84853101e-01 4.89026487e-01
    7.96374321e-01 7.89708257e-01 2.57171363e-01 8.75110328e-01
    7.55944192e-01 2.03645945e-01 2.98801661e-02 2.80435383e-01
    5.07101238e-01 9.69696820e-01 2.47191936e-01 3.22593451e-01
    9.87182379e-01 6.40170753e-01 7.14342713e-01 5.62957227e-02
    5.82826614e-01 2.05261916e-01 5.30832291e-01 3.72037590e-02
    8.46181989e-01 3.54057163e-01 7.28037238e-01 2.02598274e-02
    1.51018888e-01 4.94880676e-01 1.09183311e-01 6.86226487e-01
    9.41524267e-01 5.94077051e-01 8.68447185e-01 9.31139350e-01
    1.03950799e-01 8.83986712e-01 7.63906181e-01 9.80805755e-01
    9.57892835e-02 6.99648976e-01 7.07207322e-01 7.94641495e-01
    7.46829867e-01 9.22387004e-01 1.29698128e-01 7.55104303e-01
    8.22132528e-02 1.45598829e-01 8.76583338e-01 9.81156468e-01
    1.13342971e-01 6.16807520e-01 5.11771977e-01 4.48684067e-01
    8.92868996e-01 4.60799307e-01 3.28052223e-01 6.29552305e-01
    6.83759511e-01 8.12602639e-02 1.23281896e-01 8.58246088e-01
    1.19995803e-01 3.23600829e-01 2.70440876e-02 1.92371875e-01
    7.80603290e-03 2.32977122e-01 5.94024479e-01 2.50022054e-01
    1.27638102e-01 7.16041863e-01 3.32875371e-01 5.21162271e-01
    1.15338504e-01 4.95810866e-01 6.82210088e-01 3.98572266e-01
    8.28338623e-01 5.24387240e-01 7.85981297e-01 4.47936445e-01
    8.43360186e-01 3.67501944e-01 2.29360938e-01 8.12767565e-01
    2.24643290e-01 1.63402617e-01 4.27046895e-01 6.82251275e-01
    9.12114799e-01 4.35533702e-01 8.84327769e-01 6.32791460e-01
    4.61146951e-01 4.87832725e-02 5.52494645e-01 3.45751882e-01
    9.26999569e-01 6.22125387e-01 2.46465921e-01 8.21277559e-01
    2.46243387e-01 1.56630725e-01 2.97556818e-02 8.09044123e-01
    3.38557065e-01 7.56709874e-01 4.47019160e-01 9.96935606e-01
    9.11690593e-01 7.79742360e-01 4.58598584e-01 2.66595185e-02
    6.31220043e-01 2.08191365e-01 8.06071639e-01 5.07817447e-01
    3.34623873e-01 3.60249668e-01 2.78519362e-01 1.08247876e-01
    5.32459795e-01 7.66445875e-01 3.23116332e-01 4.53195751e-01
    1.60494000e-01 7.46990681e-01 6.52476907e-01 5.67196131e-01
    2.39822894e-01 3.38600636e-01 2.94137061e-01 9.40175414e-01
    9.43091869e-01 9.71409082e-01 1.67607546e-01 2.12627321e-01
    8.30612659e-01 2.06997722e-01 8.55382085e-01 1.80903405e-01
    2.96276748e-01 3.40611815e-01 4.90559310e-01 5.97205937e-01
    7.22375631e-01 9.43894506e-01 7.94696271e-01 1.32972687e-01
    4.30444598e-01 8.52353215e-01 4.03862298e-02 5.60875356e-01
    3.76295507e-01 9.44876373e-02 7.71009922e-03 9.22027647e-01
    4.18251961e-01 9.87391770e-02 5.84158659e-01 6.59634829e-01
    2.87678212e-01 7.48396218e-02 9.09586251e-02 4.35040772e-01
    1.80317432e-01 4.10361320e-01 6.01073802e-01 9.84476030e-01
    8.28017116e-01 3.86890411e-01 4.55130965e-01 3.44156623e-02
    4.31346893e-02 7.18911946e-01 2.59708047e-01 9.26369548e-01
    6.88641191e-01 3.14680189e-01 1.84902191e-01 1.24869376e-01
    2.11169362e-01 1.55709773e-01 7.36604095e-01 6.86011910e-01
    6.26976550e-01 3.03752184e-01 7.38069832e-01 2.24377424e-01
    4.40273285e-02 7.32266486e-01 1.32977247e-01 5.23664832e-01
    1.63528025e-02 4.83596623e-01 5.23962677e-01 3.66493076e-01
    9.57978427e-01 6.31365836e-01 9.25313771e-01 1.01147354e-01
    3.29186976e-01 3.34215730e-01 8.88818264e-01 1.73523366e-01
    6.56891108e-01 5.58295608e-01 9.93253171e-01 5.59677124e-01
    3.03995907e-01 3.09876144e-01 1.10600889e-02 4.86789912e-01
    9.21270549e-01 5.61613500e-01 3.59761268e-01 9.08894897e-01
    8.28302085e-01 4.78338301e-01 8.42803478e-01 6.42796695e-01
    1.81192100e-01 6.19546771e-02 1.13949716e-01 2.50477552e-01
    1.94366962e-01 3.91011477e-01 7.00936317e-01 3.73207897e-01
    5.27308345e-01 6.02750063e-01 2.79697597e-01 7.21823692e-01
    9.05665755e-02 7.60382712e-02 9.64476109e-01 2.09726602e-01
    8.71378183e-01 1.71639025e-02 5.01037121e-01 5.11614203e-01
    2.89467633e-01 2.20092893e-01 8.41534019e-01 2.82761157e-02
    6.60324097e-01 2.21752822e-02 6.05077088e-01 4.42493498e-01
    8.21743369e-01 3.47346276e-01 2.25259721e-01 2.91221678e-01
    9.11587477e-03 2.37321049e-01 3.71661127e-01 6.95238709e-01
    4.01383817e-01 3.67894530e-01 4.67846096e-01 9.48386431e-01
    6.75801456e-01 5.46631515e-02 8.27793837e-01 7.47723401e-01
    2.57496417e-01 9.67718780e-01 3.52135718e-01 1.71999902e-01
    7.49873281e-01 4.27859873e-01 6.39926910e-01 7.04566181e-01
    8.34572911e-02 1.34388596e-01 5.36149561e-01 2.28128076e-01
    9.38479185e-01 5.40961683e-01 8.75997365e-01 3.12206119e-01
    9.91628647e-01 4.86964881e-01 6.55289531e-01 1.13819897e-01
    8.13437760e-01 5.46902001e-01 8.63708258e-01 8.01695585e-02
    9.18260098e-01 9.57985997e-01 3.96267980e-01 6.31212711e-01
    6.19237423e-01 8.55740964e-01 1.94841951e-01 4.44749117e-01
    6.57793522e-01 1.97769940e-01 7.16278076e-01 2.96638608e-01
    9.51731384e-01 6.12615883e-01 8.45983028e-01 1.36125505e-01
    2.46042520e-01 3.66318971e-01 2.53339350e-01 3.02657872e-01
    8.35764647e-01 2.19262928e-01 2.62825608e-01 3.52362633e-01
    3.31202924e-01 9.52525735e-01 7.20447719e-01 7.79704452e-01
    7.62098849e-01 6.06885433e-01 5.79521418e-01 6.70393527e-01
    1.35662735e-01 7.30042994e-01 5.97798347e-01 6.87050581e-01
    4.18637097e-02 3.95205468e-01 1.47350281e-01 9.90794539e-01
    8.86291623e-01 5.38218141e-01 9.07918811e-01 6.82681262e-01
    5.10469913e-01 4.62281585e-01 5.22002161e-01 8.18445086e-01
    4.69511360e-01 2.79004753e-01 3.12697649e-01 4.41379845e-02
    4.05683398e-01 2.37556100e-01 1.86403573e-01 3.96200418e-01
    8.59373331e-01 8.50846469e-01 1.58869982e-01 8.83684397e-01
    1.12848699e-01 3.17335159e-01 6.03037894e-01 3.03384066e-02
    4.06126440e-01 2.46593148e-01 9.50049758e-02 5.74895203e-01
    6.76283240e-02 1.84806645e-01 6.73900247e-02 4.57249463e-01
    9.49551880e-01 5.11391699e-01 3.82775098e-01 7.86026478e-01
    5.76560557e-01 9.13998127e-01 8.14975500e-01 3.77691686e-02
    6.31220043e-01 2.08191365e-01 8.06071639e-01 5.07817447e-01
    3.34623873e-01 3.60249668e-01 2.78519362e-01 1.08247876e-01
    5.32459795e-01 7.66445875e-01 5.84226906e-01 2.55504400e-01
    6.34549916e-01 2.70454466e-01 1.74945176e-01 1.45372242e-01
    7.92509317e-01 1.80654854e-01 8.73345077e-01 2.20058441e-01
    5.03371358e-01 3.50812554e-01 8.64521742e-01 4.42855269e-01
    7.59591579e-01 6.89158261e-01 9.73284602e-01 1.46070510e-01
    8.92028630e-01 3.35677981e-01 9.23243403e-01 4.36942965e-01
    2.93215126e-01 7.82434225e-01 6.79526687e-01 1.07262880e-01
    5.48746407e-01 6.41028702e-01 4.95427877e-01 6.30897760e-01
    8.50603223e-01 7.61602938e-01 6.63552105e-01 4.27529216e-01
    3.32399130e-01 7.57243633e-01 4.08405513e-01 3.46024722e-01
    6.84866786e-01 5.01873910e-01 1.61414683e-01 1.19473159e-01
    5.24393439e-01 3.61634880e-01 2.38722265e-01 6.56650901e-01
    5.13942540e-02 5.61477900e-01 6.69838965e-01 4.30507541e-01
    9.05707240e-01 5.58688641e-01 7.54641950e-01 3.45304608e-01
    9.45948720e-01 2.80942023e-01 4.91882950e-01 6.16966367e-01
    3.84025663e-01 7.96682954e-01 5.75758040e-01 7.82155693e-02
    4.60374951e-02 2.80662060e-01 4.67283547e-01 3.31518471e-01
    1.27587587e-01 2.51353800e-01 4.59511101e-01 3.44300508e-01
    7.77704716e-01 9.21623826e-01 9.17835355e-01 9.73718166e-02
    2.48944819e-01 7.78195858e-02 7.33909965e-01 1.04933053e-01
    8.26892614e-01 8.84912252e-01 3.39431763e-02 8.77030969e-01
    5.64063787e-02 7.54322171e-01 5.92383444e-02 5.71272135e-01
    3.94691527e-01 5.96057594e-01 4.53829616e-01 7.61879325e-01
    9.04875398e-01 7.05472291e-01 9.45885539e-01 8.08884263e-01
    2.41940916e-01 8.49377632e-01 7.97999859e-01 9.39576149e-01
    4.98562455e-01 4.93186384e-01 3.32933366e-01 8.31011236e-01
    6.98682785e-01 9.52303648e-01 9.81880903e-01 2.39075661e-01
    8.22098136e-01 9.60755289e-01 6.93784654e-02 9.21034217e-01
    5.57236910e-01 1.03616804e-01 6.11401618e-01 3.60271275e-01
    9.24182415e-01 9.30607557e-01 9.62585449e-01 3.39329809e-01
    5.24607778e-01 5.40336370e-01 1.50447905e-01 9.44967628e-01
    1.86474949e-01 8.32066774e-01 8.13625216e-01 2.96798974e-01
    3.76702547e-01 9.45369542e-01 6.71050608e-01 8.76267195e-01
    2.24906236e-01 9.28631663e-01 8.50753188e-01 7.84156680e-01
    2.64227301e-01 2.49430358e-01 8.94562364e-01 6.66773975e-01
    6.25586092e-01 9.45802271e-01 5.54734409e-01 6.18166327e-01
    7.40288794e-01 5.80933571e-01 8.43300223e-01 7.10707009e-01
    1.21432096e-01 3.23055148e-01 3.88671875e-01 5.65053999e-01
    9.43062782e-01 6.59299731e-01 2.05582023e-01 3.96407485e-01
    4.49964136e-01 2.25455850e-01 1.44098103e-02 4.95853961e-01
    2.07716376e-01 1.75715238e-01 1.44888490e-01 3.17434132e-01
    8.49816501e-02 2.53986120e-01 3.35904360e-02 7.26373911e-01
    5.87730885e-01 5.79684675e-01 8.08867335e-01 8.93451691e-01
    9.11031902e-01 8.49817395e-01 7.62129545e-01 2.54669666e-01
    9.49435711e-01 8.27055037e-01 2.17397809e-01 3.22245359e-01
    5.85371256e-03 8.78557682e-01 9.70791340e-01 4.66906041e-01
    1.27806216e-01 8.70202482e-01 3.21439505e-01 9.59849358e-01
    2.04382002e-01 8.69051397e-01 1.63397312e-01 3.48209262e-01
    4.74787235e-01 4.53454345e-01 5.12102664e-01 7.87979126e-01
    6.28996909e-01 3.42363596e-01 6.49946392e-01 6.78017735e-01
    1.88172460e-01 5.40994763e-01 1.43873453e-01 2.64577448e-01
    3.66942823e-01 1.10559464e-02 6.97644651e-01 5.95207334e-01
    4.81737226e-01 8.02766919e-01 9.62354541e-01 3.25496763e-01
    7.57512927e-01 6.87272966e-01 8.60124230e-01 2.79439330e-01
    2.49831647e-01 6.08256161e-01 3.16075265e-01 2.41286695e-01
    3.26940686e-01 2.58303583e-01 7.43922353e-01 7.22576618e-01
    1.32580638e-01 2.24704355e-01 7.20191777e-01 7.06116974e-01
    3.17018360e-01 7.34653890e-01 3.32413077e-01 2.65171438e-01
    7.21949041e-01 8.18003416e-01 2.20778078e-01 6.36387289e-01
    6.03970945e-01 1.60939991e-02 2.19113261e-01 8.22755218e-01
    5.64820230e-01 1.77325606e-02 4.48659509e-01 5.82241178e-01
    3.02263439e-01 2.36502111e-01 9.62047398e-01 8.39710057e-01
    2.41766691e-01 9.16638613e-01 4.49551046e-01 6.73432112e-01
    1.47722960e-01 8.63552928e-01 8.27545404e-01 2.87584066e-02
    8.37511420e-01 6.26186311e-01 5.84226906e-01 2.55504400e-01
    6.34549916e-01 2.70454466e-01 1.74945176e-01 1.45372242e-01
    7.92509317e-01 1.80654854e-01 8.73345077e-01 2.20058441e-01
    5.66223264e-02 8.16356421e-01 8.42683554e-01 6.69591248e-01
    8.70273352e-01 1.54238641e-01 2.27525026e-01 5.14401197e-01
    5.35910428e-01 2.65406340e-01 3.46191823e-02 3.30994427e-02
    3.23986590e-01 2.08324194e-02 2.55848110e-01 4.48679894e-01
    2.82064795e-01 1.12801999e-01 9.18475747e-01 5.19566357e-01
    3.96686047e-01 1.18614137e-01 3.90231133e-01 9.22027111e-01
    8.91851664e-01 5.59322476e-01 9.59455609e-01 2.98677087e-02
    2.32968450e-01 8.00875068e-01 6.45305634e-01 8.76530766e-01
    6.26580000e-01 6.90140545e-01 1.58824682e-01 5.77685714e-01
    4.32436764e-02 4.46988463e-01 6.97589755e-01 2.75257051e-01
    4.57127392e-01 9.96923447e-01 1.43729091e-01 1.29270315e-01
    8.15381646e-01 7.91490972e-01 6.52277172e-01 8.84103715e-01
    5.23869574e-01 6.91750944e-01 5.18425286e-01 8.46325994e-01
    9.44791555e-01 6.42846763e-01 2.37980515e-01 6.38292670e-01
    8.38888586e-01 7.14432895e-02 2.12296844e-01 5.86794198e-01
    1.77104622e-01 9.33996439e-02 4.00231570e-01 4.51807588e-01
    4.27434981e-01 3.58116090e-01 8.50113034e-02 7.18501329e-01
    7.59012878e-01 5.93107820e-01 9.32866037e-01 3.70767951e-01
    7.05806971e-01 9.70096231e-01 3.95157039e-01 5.35327554e-01
    3.54599953e-02 3.46281469e-01 6.97906613e-01 5.04829764e-01
    6.39132619e-01 7.42519855e-01 8.25271010e-03 2.26565361e-01
    8.69643986e-01 8.12916875e-01 9.16951537e-01 8.11685562e-01
    1.81030005e-01 8.33073020e-01 4.83711153e-01 5.66065311e-02
    7.39541054e-01 4.67297435e-02 1.04978681e-03 4.26881701e-01
    8.93307090e-01 2.73589432e-01 7.00264812e-01 7.15645254e-02
    4.62774128e-01 8.15964580e-01 5.48579395e-02 6.83167756e-01
    4.54614818e-01 2.78032601e-01 3.76729399e-01 1.38762355e-01
    6.77945673e-01 4.00633484e-01 8.91483903e-01 2.62455046e-02
    3.93622488e-01 4.83111709e-01 4.37036306e-01 7.00307488e-02
    2.28868276e-01 9.55351293e-02 3.63935471e-01 8.86432230e-02
    7.05772638e-01 1.74923837e-02 9.82263446e-01 4.37641442e-01
    9.98756647e-01 9.43690300e-01 2.23003328e-01 2.63362467e-01
    5.97824693e-01 4.65253592e-01 1.66416764e-02 5.34603298e-01
    8.97996426e-01 8.48172307e-01 9.80242193e-02 3.73834848e-01
    4.17121351e-02 7.35541582e-01 1.61012441e-01 6.26212955e-01
    8.47225130e-01 5.36962271e-01 4.06100065e-01 5.36738813e-01
    9.82531786e-01 8.69365215e-01 1.35505974e-01 8.43727231e-01
    7.29072988e-01 1.46022439e-03 4.60420012e-01 7.10301399e-02
    8.73626471e-01 5.11708438e-01 5.29920161e-02 5.37950873e-01
    9.30033922e-01 1.88956439e-01 7.46146560e-01 4.01374578e-01
    9.83887315e-02 5.61078608e-01 6.74627781e-01 1.79875910e-01
    6.61655724e-01 4.87106353e-01 5.10220945e-01 6.02058649e-01
    8.31537127e-01 7.90254176e-01 1.07825756e-01 7.92487562e-01
    8.31001759e-01 1.80608928e-02 4.88658130e-01 5.81566691e-01
    2.62224793e-01 2.09029377e-01 8.01686287e-01 4.24919426e-02
    2.02147484e-01 2.45020300e-01 9.75556970e-01 4.35391605e-01
    8.06355476e-01 9.75349247e-02 2.57588923e-01 8.59718323e-01
    3.39169174e-01 3.41451526e-01 4.28190470e-01 4.64354753e-01
    5.17016292e-01 3.31041515e-02 4.13133293e-01 3.00994217e-01
    6.90157890e-01 3.50385547e-01 6.28301144e-01 8.97796750e-01
    5.78852475e-01 7.86208212e-02 1.50474012e-01 6.75664186e-01
    4.72639263e-01 7.99876809e-01 3.51135254e-01 5.94486535e-01
    2.22258776e-01 7.86937714e-01 7.10772514e-01 2.72811264e-01
    4.31429625e-01 2.40070820e-01 7.26125956e-01 3.87905747e-01
    8.18392336e-01 5.75145543e-01 4.40093547e-01 6.16697788e-01
    7.75905371e-01 9.11012769e-01 2.84251511e-01 2.04268932e-01
    8.10787499e-01 8.54851365e-01 2.39864856e-01 8.10977697e-01
    7.54554033e-01 2.21214652e-01 3.68745685e-01 3.96213353e-01
    5.84106743e-01 9.79343712e-01 9.64977741e-01 5.30721545e-01
    6.06094062e-01 8.14502478e-01 1.93908215e-02 6.38416409e-03
    6.00848377e-01 1.18464112e-01 7.30572343e-01 9.55169201e-01
    1.74657285e-01 2.18674630e-01 9.12804127e-01 1.78042620e-01
    4.54750031e-01 5.99197507e-01 3.64623547e-01 8.09654951e-01
    7.56251812e-01 3.28891933e-01 7.82480240e-01 9.28393900e-01
    5.66223264e-02 8.16356421e-01 8.42683554e-01 6.69591248e-01
    8.70273352e-01 1.54238641e-01 2.27525026e-01 5.14401197e-01
    5.35910428e-01 2.65406340e-01 1.60942972e-01 6.60278082e-01
    9.04935360e-01 7.87724376e-01 4.72427398e-01 6.40127540e-01
    4.23823386e-01 7.80418932e-01 1.55799985e-01 5.52203357e-01
    7.35833228e-01 8.53365421e-01 1.04832292e-01 4.57383692e-01
    8.97743344e-01 6.22965932e-01 1.55975878e-01 2.95088828e-01
    8.53627086e-01 6.62568510e-01 1.72882378e-01 2.54617631e-02
    4.53889608e-01 7.85686851e-01 5.44151485e-01 2.52373219e-01
    6.83482885e-01 9.76535082e-01 1.76817179e-04 2.39974052e-01
    4.12118495e-01 4.51009661e-01 4.78734761e-01 5.42500079e-01
    2.28357315e-02 8.65669131e-01 3.85558009e-02 8.21903348e-02
    6.99546218e-01 7.28870988e-01 8.51549685e-01 6.99001670e-01
    6.60792530e-01 1.45108730e-01 7.19122529e-01 6.93365455e-01
    5.80812633e-01 4.32601273e-02 9.40405309e-01 1.98694855e-01
    5.03157377e-02 1.16943717e-02 1.82567090e-01 2.02943981e-02
    2.94848680e-01 1.82879180e-01 4.22033966e-01 3.48382473e-01
    5.43116033e-02 7.72806048e-01 6.48228109e-01 8.96530509e-01
    7.83106208e-01 6.71444297e-01 2.99129635e-01 7.24820673e-01
    5.66645503e-01 7.24654496e-01 2.03925818e-01 5.06857634e-01
    9.34007466e-01 4.98272598e-01 7.47561574e-01 3.26409519e-01
    4.61189032e-01 8.33998561e-01 5.33682287e-01 3.05655837e-01
    7.76335597e-02 7.12311924e-01 7.52328753e-01 6.46050215e-01
    9.10024047e-01 7.35215545e-02 1.91858321e-01 2.32242197e-01
    7.38120079e-02 6.00129843e-01 9.71536577e-01 9.43239570e-01
    7.80241966e-01 6.71088398e-01 4.82369989e-01 8.66095424e-02
    6.02412045e-01 4.38979775e-01 4.81548011e-02 8.57278407e-02
    6.66580856e-01 2.66040742e-01 6.34302616e-01 6.95789814e-01
    4.63159531e-01 4.64612722e-01 3.96531641e-01 9.17872787e-01
    9.02402818e-01 6.35828674e-02 7.86255717e-01 8.53219509e-01
    7.72504807e-01 9.35259819e-01 3.97134483e-01 5.91665208e-01
    1.90623105e-01 2.83202648e-01 9.13241267e-01 9.01557565e-01
    7.12500930e-01 1.28605336e-01 4.17034149e-01 7.82821894e-01
    5.24456143e-01 5.47888994e-01 3.11386824e-01 4.31373537e-01
    1.91024482e-01 5.29890001e-01 3.33659470e-01 2.18580484e-01
    2.15873957e-01 4.93914962e-01 6.28494382e-01 4.61607575e-02
    4.67670619e-01 9.59920406e-01 2.79992759e-01 1.77687585e-01
    1.93432659e-01 8.09753239e-01 2.50220776e-01 4.28499877e-01
    8.74294996e-01 3.88661981e-01 5.57384789e-02 4.38462526e-01
    2.85996526e-01 3.87423724e-01 7.98250318e-01 5.66957116e-01
    5.17553806e-01 8.84773850e-01 5.46967804e-01 4.51686978e-02
    4.93818402e-01 7.35921860e-01 1.69516802e-02 3.79860133e-01
    3.32471728e-03 2.71032125e-01 7.56186843e-02 2.15833575e-01
    1.50679469e-01 2.44478047e-01 5.52115262e-01 9.50530767e-01
    6.28738999e-01 6.57058835e-01 9.41797614e-01 7.78003931e-01
    7.76778221e-01 8.08854818e-01 7.59097815e-01 4.28957105e-01
    4.11010921e-01 6.00762963e-02 1.33544177e-01 5.86501658e-02
    5.72536349e-01 1.26404107e-01 2.55515695e-01 2.92093456e-01
    4.75736588e-01 8.53255630e-01 4.90383655e-01 4.31437343e-01
    9.71475184e-01 6.24741435e-01 8.51920724e-01 8.17808628e-01
    2.58622348e-01 8.37914944e-01 4.31940854e-02 3.57558966e-01
    1.66422993e-01 9.89481688e-01 4.38460708e-03 8.93496454e-01
    5.98383904e-01 4.98438537e-01 6.64146900e-01 2.90829718e-01
    3.33865285e-01 9.37092781e-01 9.87922549e-01 9.95198965e-01
    7.08639085e-01 8.92317653e-01 5.17691314e-01 1.21442676e-01
    6.62474751e-01 7.66275704e-01 7.81949282e-01 5.02195656e-02
    3.08267832e-01 4.89598513e-03 1.59642696e-02 8.16151679e-01
    4.30276245e-01 9.41969335e-01 9.09999967e-01 8.06587338e-01
    5.91010809e-01 7.55266249e-02 2.51666188e-01 7.72875845e-01
    6.90166235e-01 5.97810686e-01 6.30064249e-01 8.38386357e-01
    2.59494483e-01 9.64480519e-01 8.01243126e-01 8.60421777e-01
    6.14978135e-01 8.98690939e-01 6.56453252e-01 4.18658584e-01
    3.96630436e-01 6.10984564e-01 4.52620029e-01 2.78186321e-01
    8.25535893e-01 4.06464636e-01 2.62734234e-01 3.21547061e-01
    5.05713463e-01 1.11981213e-01 6.10960603e-01 7.95483112e-01
    1.14175588e-01 5.92587113e-01 2.27232665e-01 3.78554076e-01
    4.74571854e-01 2.46191859e-01 1.60942972e-01 6.60278082e-01
    9.04935360e-01 7.87724376e-01 4.72427398e-01 6.40127540e-01
    4.23823386e-01 7.80418932e-01 1.55799985e-01 5.52203357e-01
    6.22773051e-01 5.85578024e-01 2.96013892e-01 1.28909558e-01
    2.91656852e-02 8.26973975e-01 5.58506548e-01 4.90722835e-01
    2.64808685e-01 8.00894558e-01 4.00743216e-01 9.12017822e-01
    4.92970824e-01 9.36061621e-01 2.44520247e-01 4.26568389e-02
    1.46185398e-01 3.41721177e-02 8.95508528e-02 5.49023151e-01
    8.61370265e-01 9.30846155e-01 4.90985364e-01 1.40712857e-01
    8.05995107e-01 9.10614252e-01 4.67239708e-01 1.92334861e-01
    1.57179832e-01 6.74169123e-01 8.02440047e-01 7.20128715e-02
    9.25947428e-01 7.55612254e-01 3.60555649e-02 3.88458312e-01
    5.11160254e-01 6.63805842e-01 5.73148727e-02 5.41112661e-01
    3.23356271e-01 4.85288531e-01 8.76654267e-01 9.29518580e-01
    7.19522834e-01 9.13396358e-01 4.65645134e-01 7.48163402e-01
    9.69772816e-01 8.73790145e-01 3.04468274e-01 5.81673682e-01
    4.77300525e-01 7.95172334e-01 8.44460011e-01 2.72802800e-01
    1.28618389e-01 7.00663626e-01 2.93086529e-01 8.30454230e-01
    8.17241788e-01 5.15245497e-01 8.57409358e-01 3.51032972e-01
    1.26219809e-01 5.37013054e-01 3.05637747e-01 8.73526335e-01
    1.84156120e-01 3.96098435e-01 1.12912834e-01 2.37175465e-01
    5.76721609e-01 6.23701572e-01 3.62544537e-01 5.22943377e-01
    7.70437717e-02 5.66379964e-01 4.99558896e-01 9.51170325e-01
    6.79217756e-01 4.79439795e-01 8.32352638e-01 4.91340518e-01
    8.83249760e-01 7.17473269e-01 1.46785617e-01 6.76218331e-01
    3.29298317e-01 7.24115789e-01 6.34889483e-01 8.74789715e-01
    9.79226708e-01 1.63351834e-01 2.28963196e-01 7.69483924e-01
    4.24988687e-01 3.73638272e-01 9.13753211e-02 7.31777251e-01
    6.85915172e-01 4.86890614e-01 1.45873994e-01 8.83090317e-01
    1.92601383e-01 9.66302395e-01 2.08129108e-01 1.72505379e-01
    5.14323711e-01 8.08080435e-01 6.22874260e-01 8.31302524e-01
    6.58580422e-01 8.49060535e-01 4.26791370e-01 1.37200683e-01
    2.61727303e-01 6.60748780e-01 7.64380217e-01 6.96082294e-01
    9.83214617e-01 7.67404616e-01 5.79621494e-01 1.88725144e-01
    9.00818706e-02 6.41154408e-01 2.52197921e-01 4.79826599e-01
    1.28893077e-01 7.46642351e-01 3.47869068e-01 4.70052063e-02
    8.05122972e-01 5.34775734e-01 4.04387414e-01 1.28069371e-01
    4.67361212e-02 1.73035979e-01 5.40378988e-02 2.60597169e-02
    2.80046165e-01 4.01372910e-01 3.52074087e-01 5.36700487e-01
    7.78710723e-01 5.17927051e-01 7.89411962e-02 4.84229863e-01
    7.85828531e-02 8.18878055e-01 4.23488319e-02 5.39601624e-01
    2.45731294e-01 4.95905221e-01 1.30709171e-01 4.30956602e-01
    3.54194164e-01 6.87663198e-01 2.39251256e-02 8.15513611e-01
    7.34649181e-01 8.31728816e-01 6.73313916e-01 4.55778182e-01
    8.70792747e-01 2.79786706e-01 3.02587688e-01 3.38181853e-01
    2.90168226e-01 7.66749680e-01 4.18297052e-02 9.71595526e-01
    8.59198749e-01 7.46572852e-01 7.47877061e-02 5.69203198e-01
    7.37230897e-01 5.91969430e-01 2.05319345e-01 2.87444174e-01
    5.35181403e-01 2.55870372e-01 1.23744220e-01 1.21246636e-01
    9.38006520e-01 6.55386627e-01 7.78561473e-01 1.42987788e-01
    9.10134315e-01 5.58021843e-01 1.40631855e-01 8.30094397e-01
    3.97037566e-01 7.30592012e-01 6.93350971e-01 5.78681111e-01
    2.01124460e-01 7.54205287e-01 4.67209846e-01 4.45484042e-01
    2.86158085e-01 4.07697886e-01 5.06079137e-01 7.04896808e-01
    5.69824040e-01 9.78294790e-01 7.50347018e-01 8.06608498e-01
    8.50095272e-01 4.82416660e-01 5.28560400e-01 4.16717559e-01
    1.97916359e-01 3.31761301e-01 6.09009743e-01 4.61399555e-02
    7.32482731e-01 9.29700017e-01 6.85581803e-01 8.25579643e-01
    6.91643119e-01 2.84619957e-01 8.02567422e-01 8.52348864e-01
    4.45873111e-01 3.25677574e-01 5.50037086e-01 2.19557017e-01
    1.53846234e-01 5.27552485e-01 6.41206145e-01 5.34962296e-01
    6.86174035e-02 1.76104516e-01 6.65129602e-01 1.23541981e-01
    5.74823260e-01 8.46437633e-01 8.26820135e-01 8.21154594e-01
    8.80182147e-01 3.15586388e-01 3.76500368e-01 1.48108363e-01
    4.55696881e-02 8.99730206e-01 1.91060632e-01 3.68455052e-01
    4.99399394e-01 3.19763631e-01 5.71646094e-01 4.21732664e-04
    5.29365122e-01 1.05561465e-01 2.79114187e-01 4.40020233e-01
    6.22773051e-01 5.85578024e-01 2.96013892e-01 1.28909558e-01
    2.91656852e-02 8.26973975e-01 5.58506548e-01 4.90722835e-01
    2.64808685e-01 8.00894558e-01 6.15103066e-01 9.45748568e-01
    2.97741205e-01 3.84740531e-02 6.07471228e-01 1.36282176e-01
    8.89270067e-01 8.95138979e-01 2.24671811e-01 3.58862430e-01
    6.08418584e-01 2.96083212e-01 8.73371720e-01 1.29871011e-01
    3.40687335e-01 8.93270969e-01 4.79849130e-01 4.05127645e-01
    8.99184108e-01 2.58914471e-01 6.09794259e-01 6.80854321e-01
    9.71736073e-01 9.98271406e-01 7.10917175e-01 8.09342206e-01
    6.62531853e-01 5.51392078e-01 7.71193981e-01 9.79710340e-01
    4.92982268e-01 8.76304090e-01 8.64794612e-01 9.76500213e-01
    2.42647827e-02 4.08850610e-02 4.18067455e-01 2.06398576e-01
    7.46325254e-02 4.38143760e-01 7.50233650e-01 7.97753572e-01
    3.21097910e-01 1.08463526e-01 1.05688602e-01 1.32146984e-01
    5.70242405e-01 9.96082127e-01 3.66547704e-01 1.95006132e-01
    5.11721134e-01 5.87018371e-01 1.65984601e-01 1.69650316e-01
    9.54649568e-01 8.87491882e-01 5.51982820e-01 4.30127323e-01
    5.89882612e-01 1.07132196e-02 3.95253837e-01 4.79053259e-02
    8.90877545e-02 9.77920532e-01 5.37717342e-02 8.84331346e-01
    4.54002470e-01 6.40915394e-01 9.83064473e-01 9.96330738e-01
    1.05226636e-01 6.87906682e-01 9.77574348e-01 9.39157426e-01
    4.88147140e-03 3.34603846e-01 7.92837381e-01 7.28315651e-01
    4.01557952e-01 2.94021577e-01 7.22849607e-01 3.35376292e-01
    5.08654892e-01 2.71711767e-01 6.69293165e-01 3.16033691e-01
    7.49428868e-01 5.14416933e-01 7.66099393e-02 8.80840778e-01
    8.73813927e-02 6.23206139e-01 9.48293805e-01 2.29368299e-01
    1.35545820e-01 3.22404176e-01 7.00195551e-01 3.44703883e-01
    8.29790890e-01 7.89774179e-01 9.64314401e-01 8.44076157e-01
    5.25726497e-01 3.58358145e-01 8.25225115e-01 5.87703586e-01
    5.45680821e-01 3.48198354e-01 4.74555403e-01 6.34854555e-01
    9.33959782e-01 8.35107565e-02 9.43682671e-01 8.10283422e-03
    7.87998319e-01 3.55586886e-01 9.96158957e-01 1.41500682e-01
    3.77904385e-01 4.37407106e-01 5.62101901e-01 1.90938085e-01
    4.18146908e-01 5.00175834e-01 2.19337165e-01 4.19565260e-01
    4.76259828e-01 4.24313128e-01 1.26947969e-01 8.99437964e-01
    2.33210504e-01 8.02482903e-01 4.86674637e-01 8.21390152e-01
    2.33906150e-01 5.84924221e-01 3.03442597e-01 1.21621400e-01
    1.10852480e-01 8.88345957e-01 9.12235618e-01 8.94047260e-01
    9.89911318e-01 5.65698147e-01 5.18770278e-01 5.87753773e-01
    5.79806089e-01 1.77534252e-01 8.23887110e-01 2.66646743e-02
    7.59407699e-01 6.35562181e-01 7.74340749e-01 9.97451782e-01
    7.37231731e-01 9.92533445e-01 9.61790204e-01 5.82044542e-01
    5.91685236e-01 8.07464600e-01 7.33108819e-02 1.15016252e-01
    4.47173357e-01 9.28642273e-01 8.05527031e-01 5.51939309e-02
    7.24400699e-01 6.16660357e-01 5.58355451e-01 6.70090139e-01
    9.88224506e-01 2.24171668e-01 8.27476382e-01 5.65064371e-01
    9.10759926e-01 1.64823711e-01 5.49219191e-01 2.77482390e-01
    9.17874634e-01 7.03720152e-02 7.21440554e-01 5.85685372e-01
    6.62016094e-01 4.13056195e-01 9.38668609e-01 9.37975883e-01
    6.36015356e-01 2.45796829e-01 7.39543378e-01 2.46838897e-01
    9.90104854e-01 4.26608324e-03 3.50596607e-01 2.47840583e-01
    1.00726485e-02 2.33834386e-02 3.18854004e-01 5.02172828e-01
    9.38399553e-01 2.80353606e-01 5.81242740e-01 9.04613733e-01
    6.62964344e-01 5.66237450e-01 8.92180264e-01 7.71286130e-01
    6.53214276e-01 2.22592771e-01 6.31425619e-01 4.36176240e-01
    6.09973550e-01 9.53317761e-01 9.80530918e-01 2.99085140e-01
    8.24046493e-01 2.13270515e-01 8.56887341e-01 7.74167895e-01
    7.28371024e-01 6.18443429e-01 1.19010240e-01 6.40757382e-02
    3.81871074e-01 7.14419544e-01 5.39985538e-01 4.49827373e-01
    9.32263196e-01 7.74169683e-01 7.81381845e-01 9.75720823e-01
    8.06598485e-01 8.35739017e-01 9.05364513e-01 9.50547934e-01
    7.05480218e-01 5.87189078e-01 2.23957568e-01 9.80313599e-01
    9.74851549e-01 5.34335375e-01 3.27390850e-01 5.78317046e-01
    1.68278396e-01 7.14178205e-01 4.80864257e-01 4.35235023e-01
    5.65569401e-01 3.35861027e-01 5.19000173e-01 5.27977407e-01
    7.15528429e-01 8.51912737e-01 6.36600316e-01 4.58970100e-01
    6.62512541e-01 7.14408159e-01 6.15103066e-01 9.45748568e-01
    2.97741205e-01 3.84740531e-02 6.07471228e-01 1.36282176e-01
    8.89270067e-01 8.95138979e-01 2.24671811e-01 3.58862430e-01
    1.43660247e-01 5.75183034e-01 6.21501982e-01 3.28096956e-01
    4.61501569e-01 3.07799041e-01 3.93617451e-02 8.97161067e-01
    1.54044509e-01 4.46876943e-01 4.14344519e-01 2.22856432e-01
    1.04316413e-01 2.48945236e-01 9.67867017e-01 5.86961448e-01
    7.80845284e-01 7.61424482e-01 8.11060429e-01 4.47480738e-01
    5.93267143e-01 3.55707884e-01 5.34918845e-01 4.54821587e-02
    3.63438398e-01 2.89904654e-01 9.39975262e-01 5.13797522e-01
    6.35102391e-01 8.34932625e-02 9.21920180e-01 9.67134356e-01
    1.66508704e-01 3.22185755e-02 6.14230394e-01 1.90088451e-01
    5.00517547e-01 4.85837549e-01 2.84219831e-01 6.73118711e-01
    2.94469357e-01 3.91708076e-01 6.17144644e-01 4.50046867e-01
    3.57463896e-01 1.77460045e-01 5.21791935e-01 4.54183877e-01
    2.78188884e-02 9.97189105e-01 1.49338007e-01 1.59869820e-01
    1.37449145e-01 9.60490108e-01 5.66034436e-01 1.08723015e-01
    7.75284767e-01 7.49189496e-01 5.75545192e-01 4.10199225e-01
    1.36099309e-01 7.88425446e-01 6.05583072e-01 8.94121170e-01
    2.98076153e-01 7.39631653e-01 9.70875025e-01 3.93518627e-01
    5.54473162e-01 1.30197287e-01 4.80260640e-01 7.65787005e-01
    7.00775981e-01 6.49660230e-01 5.15728414e-01 6.02123439e-02
    8.77282619e-01 2.27784842e-01 7.33585060e-02 3.28025430e-01
    1.06825948e-01 8.67139995e-01 9.34641838e-01 1.67865038e-01
    5.57214320e-01 3.80895197e-01 6.12758875e-01 3.55977088e-01
    2.26379156e-01 6.90927505e-01 8.37877870e-01 3.02708358e-01
    6.34424388e-02 9.09322619e-01 1.13267124e-01 4.67826039e-01
    8.06357861e-01 8.48817706e-01 6.49771690e-01 3.81752729e-01
    1.78193986e-01 9.73210335e-02 1.50315106e-01 7.02093005e-01
    4.31647718e-01 4.30944353e-01 6.40064240e-01 9.16854143e-01
    2.39917248e-01 3.03220749e-01 1.40812546e-01 5.92476249e-01
    6.80882275e-01 2.04138458e-01 8.85976136e-01 7.45385110e-01
    7.52577782e-02 6.09448493e-01 1.45014882e-01 3.92022818e-01
    7.09981084e-01 3.97008359e-02 6.66882753e-01 5.83491325e-01
    3.30203712e-01 5.08031368e-01 7.12426066e-01 3.92433047e-01
    8.55630934e-01 6.53208137e-01 5.88424504e-01 5.80890894e-01
    7.13039100e-01 8.10957193e-01 7.00173199e-01 6.62436247e-01
    4.96471524e-01 7.87316263e-01 7.29804456e-01 6.15467846e-01
    7.30369687e-01 4.86424565e-03 8.79135013e-01 6.89482749e-01
    8.06377828e-01 7.72502482e-01 5.02105355e-02 1.82634532e-01
    7.07855940e-01 3.97414714e-01 2.42298156e-01 7.72893310e-01
    4.56367731e-02 8.80820751e-01 3.10308993e-01 5.86832941e-01
    4.30027574e-01 7.72241771e-01 8.50943029e-02 2.18552351e-03
    1.20469362e-01 1.70804262e-02 8.82985115e-01 1.65406108e-01
    8.11847806e-01 9.44429755e-01 4.35288519e-01 5.12431264e-01
    6.06565773e-01 2.20669240e-01 4.87048894e-01 5.42815387e-01
    3.73305261e-01 5.94425559e-01 3.38889003e-01 4.91597742e-01
    1.87559068e-01 8.34222078e-01 2.39867985e-01 5.16353011e-01
    4.09457713e-01 4.16675210e-01 7.05517888e-01 6.17055535e-01
    1.89249456e-01 6.68659687e-01 8.41234326e-01 4.42920119e-01
    7.96766222e-01 8.37831140e-01 7.40629554e-01 3.52873594e-01
    4.18392897e-01 8.27066422e-01 9.66037810e-01 8.87300611e-01
    5.10825992e-01 2.85062194e-03 4.64274257e-01 2.26854086e-01
    1.06659621e-01 1.32205755e-01 6.49115086e-01 9.46064234e-01
    9.81070399e-01 7.92566061e-01 5.65570056e-01 2.80887604e-01
    2.11103082e-01 9.10383224e-01 3.82822096e-01 1.96803927e-01
    5.46229720e-01 5.30002236e-01 6.79336190e-01 9.30442810e-02
    7.56626487e-01 3.82295281e-01 1.36300176e-01 2.19049633e-01
    9.23847735e-01 3.48642170e-02 3.95924032e-01 4.45728123e-01
    9.17772949e-01 6.17128909e-02 6.29991293e-01 7.05622077e-01
    7.26237595e-01 4.80993569e-01 8.37882876e-01 3.80470216e-01
    9.76994514e-01 8.83361518e-01 6.01149321e-01 1.55973256e-01
    7.13092923e-01 5.29946268e-01 6.71858132e-01 7.19338655e-01
    4.60464954e-02 2.90719986e-01 6.23198330e-01 8.29687476e-01
    5.58070660e-01 8.47081542e-01 2.00496078e-01 2.16498524e-01
    2.78896987e-01 2.74433255e-01 5.42904139e-02 1.02825522e-01
    9.85395372e-01 3.75575960e-01 9.32472348e-01 9.40333724e-01
    1.43660247e-01 5.75183034e-01 6.21501982e-01 3.28096956e-01
    4.61501569e-01 3.07799041e-01 3.93617451e-02 8.97161067e-01
    1.54044509e-01 4.46876943e-01 1.98716223e-02 6.47206247e-01
    2.59143353e-01 7.75508523e-01 9.53194916e-01 8.19832087e-01
    3.30487341e-01 8.46318841e-01 8.40640664e-01 3.78887892e-01
    7.52070010e-01 7.72392988e-01 9.65527713e-01 5.87384343e-01
    4.48970318e-01 2.11508453e-01 4.58709896e-01 6.96210861e-01
    7.09479451e-01 9.82734859e-02 2.67732918e-01 4.36780602e-01
    7.87951171e-01 1.60020709e-01 2.05301672e-01 7.86814332e-01
    9.11790013e-01 6.74587369e-01 4.05544400e-01 2.82718688e-01
    5.85284233e-02 7.11504877e-01 1.63895935e-01 8.68556738e-01
    6.68228567e-02 5.19762814e-01 4.61473405e-01 6.47618055e-01
    8.71936798e-01 8.42120171e-01 3.64687443e-01 2.34814852e-01
    8.83100152e-01 5.54288268e-01 2.61134863e-01 5.48744798e-02
    5.21739423e-01 9.51069534e-01 6.19622171e-02 3.94520879e-01
    9.37943459e-01 1.93922222e-01 3.08938086e-01 5.52939832e-01
    1.67472064e-02 6.61279857e-02 8.73458385e-01 3.83417010e-01
    2.01333165e-01 2.81098157e-01 1.58377945e-01 3.52861762e-01
    6.15342796e-01 1.29881769e-01 9.33914781e-01 1.69559270e-01
    7.85566807e-01 1.37119919e-01 8.92929316e-01 5.49860060e-01
    8.68073761e-01 5.54971337e-01 3.74848843e-01 3.46829653e-01
    8.86498094e-01 9.79414940e-01 7.22855151e-01 4.78178680e-01
    9.86225367e-01 6.40719652e-01 8.92449021e-02 7.85899520e-01
    1.89490974e-01 1.59331888e-01 1.78840876e-01 3.18026781e-01
    5.08994162e-01 9.87752080e-01 8.18194866e-01 7.17771411e-01
    2.14739978e-01 8.08983088e-01 9.07885075e-01 6.17803395e-01
    5.70191383e-01 2.15020359e-01 8.24927807e-01 2.13438541e-01
    7.94240236e-01 3.36826384e-01 6.78233087e-01 8.69332254e-02
    5.01960993e-01 6.94501638e-01 8.25087309e-01 8.21057796e-01
    8.87832284e-01 3.43652248e-01 5.74553847e-01 3.55136096e-02
    1.54742002e-02 4.30818796e-01 3.53136629e-01 9.20478702e-01
    3.23184133e-02 8.11141253e-01 1.91963732e-01 4.12280440e-01
    6.59282446e-01 1.88928783e-01 2.91394114e-01 2.03536034e-01
    8.72705698e-01 3.95754218e-01 9.52780008e-01 8.83465290e-01
    5.67065775e-01 4.97513384e-01 6.43938720e-01 2.30723053e-01
    8.96613598e-01 7.54885912e-01 6.34262443e-01 7.40997374e-01
    2.15896279e-01 2.45225430e-03 9.76705909e-01 7.33340383e-01
    3.17116022e-01 8.85081232e-01 7.17170537e-02 5.98216414e-01
    2.06138611e-01 7.77179360e-01 7.03641236e-01 8.50402236e-01
    1.49792165e-01 2.49891400e-01 1.59419894e-01 8.87378097e-01
    5.61203420e-01 5.03235757e-01 8.33234906e-01 3.86103034e-01
    6.26867115e-01 9.25014973e-01 4.89695966e-01 6.98160887e-01
    2.93419600e-01 4.15631056e-01 8.96446824e-01 7.74109006e-01
    2.87779093e-01 9.85375106e-01 3.36953819e-01 6.98575020e-01
    7.15251744e-01 2.73033381e-01 6.22207820e-01 7.76758909e-01
    5.89856386e-01 3.12485665e-01 6.47665620e-01 6.82956457e-01
    5.78860343e-02 9.02496517e-01 2.51998365e-01 9.94090199e-01
    1.17947459e-02 7.01130867e-01 9.45154309e-01 4.88441736e-01
    5.52091122e-01 2.39538193e-01 3.25084627e-02 1.54063582e-01
    2.06726760e-01 7.08275914e-01 3.15242767e-01 4.67013389e-01
    1.25157803e-01 1.31696880e-01 1.21996105e-02 8.42717111e-01
    8.39811921e-01 2.81601548e-01 8.35750818e-01 1.46164954e-01
    8.67251158e-02 4.44318831e-01 3.97531420e-01 6.45851493e-01
    2.13988721e-02 1.66286647e-01 6.61485493e-01 4.95841980e-01
    7.36865401e-03 9.96359706e-01 8.60488176e-01 2.57877707e-02
    8.48941445e-01 2.53192157e-01 6.72926903e-01 4.11034584e-01
    7.18964279e-01 8.92496049e-01 9.38922465e-02 1.50653183e-01
    7.49406934e-01 7.79171705e-01 1.82853848e-01 7.20813096e-01
    9.41963434e-01 5.30772030e-01 3.03179622e-01 2.71269202e-01
    3.36277246e-01 3.78218591e-01 3.60389113e-01 4.54005659e-01
    1.97340757e-01 3.16396356e-03 1.81647182e-01 7.83809423e-01
    6.78513646e-01 4.83484268e-01 6.72972560e-01 6.03252649e-01
    9.83763099e-01 4.98339146e-01 8.84029508e-01 6.78444266e-01
    2.76304722e-01 6.49614036e-01 2.73499370e-01 8.48322928e-01
    5.82009554e-03 8.31687331e-01 1.72579169e-01 7.44795322e-01
    6.64099336e-01 5.80908716e-01 6.32373989e-02 2.05367297e-01
    9.13689017e-01 3.15102875e-01 1.98716223e-02 6.47206247e-01
    2.59143353e-01 7.75508523e-01 9.53194916e-01 8.19832087e-01
    3.30487341e-01 8.46318841e-01 8.40640664e-01 3.78887892e-01
    4.02231187e-01 1.43152535e-01 1.05020106e-01 3.11563313e-02
    3.78174633e-01 8.59504044e-01 8.71185601e-01 9.37778711e-01
    7.91501045e-01 3.12711239e-01 2.66651511e-02 1.55706525e-01
    6.99823081e-01 6.23736501e-01 9.39150512e-01 9.99480486e-01
    1.42819285e-02 8.57902288e-01 1.91577524e-01 7.68136382e-01
    5.38067520e-02 3.89744401e-01 8.87413621e-01 1.69405699e-01
    9.96922314e-01 5.52566707e-01 2.53517896e-01 6.98081315e-01
    6.60506487e-01 9.78832006e-01 9.24466789e-01 4.27099645e-01
    3.36680293e-01 5.64905226e-01 7.53525972e-01 3.48696172e-01
    1.56640649e-01 2.64484406e-01 4.44012135e-01 6.98915362e-01
    5.55247724e-01 5.40744901e-01 2.65265882e-01 8.61700237e-01
    9.19431150e-02 6.45033360e-01 7.35905528e-01 4.52780724e-02
    6.37135506e-01 9.52704370e-01 2.09662765e-01 5.22294521e-01
    5.01797795e-01 5.72632730e-01 6.03590727e-01 5.62283993e-02
    2.30246127e-01 8.52812231e-02 6.31330550e-01 1.92072898e-01
    6.05947077e-01 1.33856952e-01 2.88726687e-01 5.88053763e-02
    3.36940885e-01 6.12205744e-01 5.08317232e-01 1.01065040e-02
    7.65514612e-01 5.70368588e-01 2.63035297e-03 9.80382442e-01
    7.47301817e-01 2.68670917e-03 1.72940403e-01 8.85910809e-01
    3.71707380e-01 8.88932407e-01 2.25982845e-01 2.46384740e-01
    7.15978384e-01 5.29006720e-02 1.60293162e-01 3.86327058e-01
    5.08724332e-01 5.68925619e-01 7.89154112e-01 9.95345712e-01
    6.35459721e-01 3.69529277e-01 8.86833966e-02 5.25217950e-02
    4.69998062e-01 2.03213066e-01 1.85744494e-01 9.26561594e-01
    1.26905501e-01 3.32667738e-01 2.65885174e-01 8.21280777e-01
    3.64533275e-01 2.52882242e-02 4.04767066e-01 7.23559797e-01
    5.92035234e-01 6.99358881e-01 8.81072164e-01 1.42137408e-02
    8.93220901e-02 9.79546726e-01 9.47486818e-01 1.33488953e-01
    4.51285005e-01 6.56290531e-01 2.67509520e-01 7.74792910e-01
    9.09458399e-02 7.28651464e-01 9.39280570e-01 9.82913852e-01
    2.58139491e-01 5.75484216e-01 5.15011549e-01 8.32042813e-01
    5.38457811e-01 8.96169543e-01 4.27922130e-01 7.07336962e-02
    2.87297308e-01 9.40637767e-01 2.44788259e-01 2.19792277e-01
    2.15208203e-01 4.19182122e-01 1.76117122e-02 8.35456550e-01
    2.25528300e-01 1.76184475e-02 7.16541052e-01 5.53049862e-01
    6.13241136e-01 2.28478223e-01 3.86245370e-01 8.08279276e-01
    9.01850104e-01 1.00825042e-01 2.90395319e-01 7.58084297e-01
    7.53124356e-02 1.59373939e-01 2.08333313e-01 2.61335790e-01
    7.59130478e-01 7.97519445e-01 6.74181342e-01 9.07190084e-01
    6.81716502e-01 3.51821780e-01 5.17039418e-01 5.12852490e-01
    8.12296987e-01 2.67337024e-01 2.05889016e-01 7.60602474e-01
    6.54558241e-01 8.47619653e-01 1.27273858e-01 6.97069645e-01
    9.04087722e-02 5.17885864e-01 8.00976038e-01 5.15153766e-01
    6.24843657e-01 3.27151418e-01 3.09480518e-01 1.30924553e-01
    3.94681722e-01 3.16896915e-01 5.72134197e-01 7.59180069e-01
    8.61304224e-01 8.79184723e-01 9.67973948e-01 4.68000889e-01
    1.04813367e-01 7.34325051e-02 2.77232617e-01 1.86314881e-02
    1.21917933e-01 2.74360955e-01 7.06651688e-01 7.22877383e-01
    8.84743929e-02 2.60539740e-01 4.82898325e-01 5.20146966e-01
    1.32529944e-01 3.79815489e-01 6.29000485e-01 9.25325155e-01
    4.19013679e-01 9.14024353e-01 3.35839510e-01 4.39891666e-01
    9.28314924e-01 3.18056524e-01 9.71679091e-01 8.95299315e-02
    2.15685993e-01 2.15404391e-01 7.31677413e-02 2.82288253e-01
    1.73097044e-01 2.24286377e-01 1.57110840e-01 8.30527425e-01
    3.51273775e-01 8.47506464e-01 9.03220296e-01 4.39209521e-01
    2.17052639e-01 2.19203293e-01 5.69352090e-01 4.55044210e-01
    3.67413908e-01 8.38109136e-01 2.42745876e-03 8.79906297e-01
    8.18516552e-01 6.69323564e-01 1.28151596e-01 2.09146500e-01
    8.50702584e-01 9.90974426e-01 2.91702926e-01 9.51683223e-02
    9.66733456e-01 6.13068581e-01 3.89966011e-01 8.69048536e-02
    3.13523114e-02 8.49130273e-01 4.56470132e-01 2.43071258e-01
    6.03021324e-01 5.80388188e-01 3.98629993e-01 7.48325169e-01
    9.94845808e-01 6.26848936e-01 2.97300935e-01 3.39571476e-01
    9.44551349e-01 9.76324320e-01 1.13851905e-01 5.72474360e-01
    4.02231187e-01 1.43152535e-01 1.05020106e-01 3.11563313e-02
    3.78174633e-01 8.59504044e-01 8.71185601e-01 9.37778711e-01
    7.91501045e-01 3.12711239e-01 5.87285519e-01 5.57367504e-01
    7.97931075e-01 7.70867467e-01 3.54254067e-01 1.52349830e-01
    4.93450791e-01 5.23581088e-01 5.39494872e-01 7.04134464e-01
    2.50853777e-01 8.61205220e-01 8.73476505e-01 5.47457993e-01
    2.74886191e-01 5.61360776e-01 4.32317138e-01 9.96438384e-01
    6.83825135e-01 3.51596057e-01 2.01062560e-02 5.90855360e-01
    4.66926605e-01 3.95068645e-01 3.22629511e-02 8.76941741e-01
    8.71328235e-01 3.23961854e-01 1.98079705e-01 8.03224266e-01
    1.03946924e-01 4.54310775e-01 1.05375409e-01 9.74320054e-01
    3.67782593e-01 8.39609027e-01 4.27986443e-01 6.37221992e-01
    7.79658079e-01 2.02154160e-01 2.05758870e-01 6.89891994e-01
    8.92956257e-02 2.72863805e-01 9.43139970e-01 7.80123234e-01
    9.30430889e-01 5.59043407e-01 3.72629404e-01 1.97144121e-01
    4.40197796e-01 9.92495716e-02 9.06662941e-01 3.38160813e-01
    4.70061660e-01 9.78196740e-01 7.28946924e-02 4.64591086e-02
    5.26198089e-01 2.37704128e-01 9.89275455e-01 8.77803028e-01
    2.67161727e-01 4.25263703e-01 2.43657649e-01 2.52245069e-02
    1.73216134e-01 8.11528623e-01 6.04785979e-01 6.62358105e-01
    3.11341047e-01 1.68446958e-01 7.58076310e-02 8.39954913e-02
    3.32942516e-01 8.03631961e-01 9.29531455e-02 1.96980894e-01
    1.93639457e-01 9.84740734e-01 6.57574177e-01 8.71583521e-01
    6.91484511e-01 3.05676579e-01 3.99856627e-01 8.57022047e-01
    9.95233417e-01 2.69406945e-01 1.74260736e-01 9.04728591e-01
    7.95417309e-01 7.69284010e-01 8.37671876e-01 5.42800426e-02
    4.13661838e-01 6.87356830e-01 2.07697809e-01 3.85889322e-01
    9.60789502e-01 5.58982432e-01 9.53445673e-01 1.69542313e-01
    8.15135181e-01 5.62052727e-01 2.48840630e-01 1.09291941e-01
    1.90209270e-01 5.68825901e-02 2.66943038e-01 2.26479918e-01
    6.04744017e-01 6.91617429e-01 8.39259624e-01 6.47099972e-01
    5.76066792e-01 8.63336980e-01 3.23542833e-01 2.85823762e-01
    1.40083492e-01 8.72995615e-01 1.41691804e-01 7.20605791e-01
    3.41357291e-02 1.50633603e-01 4.75027621e-01 2.76869535e-03
    1.55096054e-01 3.41857612e-01 1.51375473e-01 2.23245203e-01
    4.27407861e-01 8.39609146e-01 9.18446958e-01 2.81805098e-02
    9.13496614e-02 3.45929772e-01 1.54680699e-01 9.06977236e-01
    5.57990193e-01 7.48846054e-01 5.17608881e-01 7.25008726e-01
    3.38909507e-01 3.36753786e-01 5.33378839e-01 1.44787312e-01
    9.90775287e-01 9.37017202e-01 7.47348189e-01 5.08453429e-01
    8.88221383e-01 6.45992398e-01 9.87451136e-01 7.06060946e-01
    1.61962569e-01 7.87518382e-01 9.11504030e-04 7.92564034e-01
    3.75549644e-01 5.50354719e-01 8.44964027e-01 9.03456211e-01
    9.71457958e-02 1.97173953e-01 6.14149690e-01 1.54157788e-01
    7.45006263e-01 7.41185606e-01 6.23163104e-01 2.21573114e-02
    5.65683842e-03 4.16578859e-01 1.20415211e-01 5.30378580e-01
    9.16050196e-01 3.11963618e-01 5.58815360e-01 4.32820320e-02
    4.89272296e-01 6.24767482e-01 7.28830099e-02 1.42208606e-01
    7.61270225e-02 6.08168364e-01 8.21195483e-01 6.49628878e-01
    1.20411754e-01 8.19910109e-01 8.70158970e-02 1.89234674e-01
    5.98561168e-01 6.18635714e-01 8.57600629e-01 6.20616734e-01
    3.54033589e-01 8.86370063e-01 6.48412228e-01 1.64563000e-01
    6.05808377e-01 8.25056732e-02 8.71251345e-01 6.57316864e-01
    2.72179753e-01 5.81017137e-01 1.06902450e-01 6.68619275e-02
    9.36150551e-01 8.62912655e-01 3.68728936e-02 4.61495817e-02
    2.56722182e-01 1.11527532e-01 1.17985845e-01 9.29398537e-01
    9.27403569e-03 5.74457586e-01 4.63843971e-01 4.42031622e-01
    9.32003140e-01 6.45835936e-01 2.49903291e-01 9.48120117e-01
    6.22382939e-01 4.12939340e-01 9.54556346e-01 1.46466255e-01
    9.07605946e-01 1.07514352e-01 9.30746377e-01 9.96699810e-01
    7.67530143e-01 8.65056753e-01 3.55808049e-01 1.73172206e-01
    3.14798206e-01 8.82310390e-01 7.21312106e-01 8.64940584e-02
    4.33942765e-01 7.40074933e-01 7.53407896e-01 9.26281869e-01
    4.25009936e-01 3.11665833e-01 4.13631260e-01 3.47282887e-02
    7.82455444e-01 7.55260944e-01 9.70151544e-01 3.16045225e-01
    9.20451105e-01 6.58078790e-01 1.23732656e-01 3.23829859e-01
    3.01268101e-02 4.70854461e-01 5.87285519e-01 5.57367504e-01
    7.97931075e-01 7.70867467e-01 3.54254067e-01 1.52349830e-01
    4.93450791e-01 5.23581088e-01 5.39494872e-01 7.04134464e-01
    2.09058404e-01 9.24327254e-01 6.10112906e-01 8.99130940e-01
    4.11697775e-01 8.31992269e-01 1.10729307e-01 5.99382162e-01
    8.71614933e-01 3.32180142e-01 3.64768624e-01 5.22035778e-01
    9.48459029e-01 9.78755951e-01 1.72921062e-01 7.26872802e-01
    1.17846936e-01 8.63882005e-02 4.06495869e-01 7.72825658e-01
    6.59753680e-01 1.02750331e-01 4.61121053e-01 5.56759179e-01
    5.31793356e-01 6.38064265e-01 1.53498769e-01 4.28051889e-01
    1.76588297e-01 8.19850624e-01 3.96464199e-01 2.18465030e-01
    8.77936840e-01 1.23636603e-01 9.76679325e-02 3.09059083e-01
    9.63460505e-02 9.26233590e-01 7.77448416e-02 2.88405120e-01
    2.35182643e-02 3.06462079e-01 8.12829196e-01 1.10297203e-01
    1.74920887e-01 4.92248356e-01 8.81027818e-01 9.59341645e-01
    7.39438832e-01 5.06192446e-03 4.32525456e-01 4.69864607e-02
    3.79515231e-01 2.27152705e-02 2.05131412e-01 2.50285536e-01
    5.62155485e-01 5.76732695e-01 2.92852819e-01 4.27912623e-01
    3.56756300e-01 3.80529523e-01 8.49099874e-01 9.52527523e-02
    9.02749598e-02 2.74459898e-01 7.91726947e-01 7.94148207e-01
    5.02015233e-01 5.49405456e-01 9.34299827e-02 9.11313534e-01
    7.07331061e-01 4.82715726e-01 1.41713530e-01 7.75851488e-01
    4.37165320e-01 6.58916235e-01 4.10001338e-01 8.98584127e-01
    1.74211293e-01 6.70955539e-01 8.04864407e-01 2.94878781e-02
    9.47866678e-01 1.10472828e-01 6.61254525e-01 1.52835578e-01
    9.90026951e-01 6.60151362e-01 9.07078028e-01 2.64962524e-01
    2.11825609e-01 9.67328250e-01 6.66331053e-01 1.68578327e-02
    6.08435810e-01 7.36253738e-01 9.99854565e-01 4.48511541e-01
    8.85576010e-01 6.90424502e-01 6.08363509e-01 3.17144096e-01
    4.46393669e-01 5.98430872e-01 9.33990598e-01 6.99235320e-01
    8.40735912e-01 7.61587441e-01 9.73196745e-01 4.57897931e-01
    2.22198486e-01 5.35172820e-01 4.45301324e-01 1.68293029e-01
    4.03828263e-01 1.11628413e-01 3.32042396e-01 1.83756948e-02
    3.66376072e-01 1.46608293e-01 4.40437376e-01 9.02725816e-01
    8.86056840e-01 4.97576892e-01 7.46746302e-01 3.15801710e-01
    2.96754360e-01 5.93923628e-01 2.08844244e-01 9.40516472e-01
    2.32707083e-01 1.46146268e-01 8.79122019e-01 9.42123413e-01
    4.34373736e-01 5.43722749e-01 7.35091984e-01 2.05823332e-01
    6.57015562e-01 1.03594303e-01 4.49931353e-01 1.21504188e-01
    7.90645421e-01 9.26366150e-02 4.59911585e-01 4.52477574e-01
    2.34687954e-01 7.27078199e-01 5.73199391e-01 7.10278273e-01
    1.97043419e-01 4.99596953e-01 1.44366771e-01 9.51562643e-01
    4.67684567e-01 8.38031888e-01 5.34732759e-01 9.61515605e-02
    8.15724492e-01 1.97791368e-01 1.86239749e-01 8.45673203e-01
    6.39760852e-01 6.83081448e-02 5.18796921e-01 4.22120333e-01
    4.23440903e-01 2.10564137e-02 2.75712609e-01 4.26866680e-01
    1.57545000e-01 4.28796947e-01 8.15958619e-01 5.66912293e-01
    2.11988807e-01 2.94715524e-01 7.05134511e-01 2.65704632e-01
    3.49438787e-02 7.72596955e-01 5.46033084e-01 7.21428752e-01
    3.19311947e-01 7.39346087e-01 8.06255341e-01 2.65863329e-01
    7.43950605e-01 3.81302834e-03 4.91843581e-01 1.77968442e-02
    4.21852291e-01 1.84866697e-01 5.07493496e-01 5.98052740e-02
    7.60332346e-01 4.46599722e-03 1.10314071e-01 9.00071859e-03
    8.10896158e-01 2.03435004e-01 4.45131481e-01 6.88590765e-01
    8.25784564e-01 5.37811100e-01 3.17655861e-01 4.03364897e-02
    8.29150975e-02 9.09436584e-01 7.75513053e-03 9.87825632e-01
    3.96813065e-01 8.85097563e-01 7.19548404e-01 7.30793118e-01
    3.34402740e-01 8.68302345e-01 6.07588112e-01 7.29073346e-01
    1.99539721e-01 7.33955920e-01 3.75511944e-02 6.66948617e-01
    1.53275967e-01 1.82578802e-01 5.69034219e-01 3.10891569e-02
    8.08359981e-02 3.39051515e-01 9.66034532e-01 2.46693730e-01
    1.64281130e-02 6.45555556e-02 7.76921630e-01 1.94349319e-01
    5.48542142e-01 9.71947134e-01 6.08868420e-01 2.01913416e-02
    1.15397066e-01 7.67082572e-01 8.94161940e-01 9.97510791e-01
    2.79158354e-01 2.45045424e-02 7.19698429e-01 9.32257414e-01
    1.98547661e-01 8.85446370e-01 5.86428046e-02 3.30114841e-01
    6.70661688e-01 5.97342134e-01 8.56068492e-01 8.19457412e-01
    2.09058404e-01 9.24327254e-01 6.10112906e-01 8.99130940e-01
    4.11697775e-01 8.31992269e-01 1.10729307e-01 5.99382162e-01
    8.71614933e-01 3.32180142e-01 9.07222569e-01 6.42674804e-01
    5.26775479e-01 6.99618340e-01 6.77163959e-01 4.30449545e-01
    5.54054439e-01 1.36134505e-01 1.07038409e-01 7.84437299e-01
    2.04645902e-01 3.34668130e-01 2.11540818e-01 5.53767741e-01
    3.98209572e-01 3.90960306e-01 4.20590937e-01 7.01488614e-01
    8.88533533e-01 6.94474995e-01 7.94414341e-01 8.11132610e-01
    4.52220261e-01 5.13220131e-01 6.13478541e-01 8.54008913e-01
    7.05438435e-01 5.00536680e-01 5.86570978e-01 7.21107721e-01
    1.84904873e-01 1.77355736e-01 9.86537814e-01 4.66341376e-02
    5.19182086e-02 2.69511878e-01 7.75046229e-01 9.28801239e-01
    6.97227478e-01 1.33273393e-01 4.12133366e-01 3.65238130e-01
    7.70570993e-01 4.10131633e-01 9.98100817e-01 3.70496511e-02
    6.02520645e-01 3.75755101e-01 1.92827612e-01 7.45507956e-01
    3.81820798e-01 6.28745556e-03 9.07785594e-02 7.94131458e-02
    3.63208503e-01 3.11121434e-01 8.82690012e-01 7.11104870e-01
    5.89667439e-01 3.41077089e-01 4.56296563e-01 2.71835655e-01
    5.37987709e-01 4.64947402e-01 2.56171346e-01 1.26937687e-01
    1.76613152e-01 2.94601202e-01 2.48361856e-01 6.89835906e-01
    8.02560210e-01 6.50489867e-01 5.44097483e-01 5.97092509e-02
    6.00731611e-01 7.76931405e-01 5.33482432e-01 2.71124184e-01
    8.94460797e-01 3.13371003e-01 5.60378253e-01 5.57033598e-01
    8.44239116e-01 8.11547339e-01 6.46813214e-02 1.75469995e-01
    2.05936700e-01 9.68137741e-01 4.71175224e-01 2.25278556e-01
    2.31178790e-01 2.83190966e-01 1.19835347e-01 5.47169626e-01
    7.51704395e-01 8.56174588e-01 9.18632269e-01 6.37440205e-01
    2.54705727e-01 3.58985215e-01 9.15752828e-01 6.97845161e-01
    3.22093964e-01 6.16371155e-01 3.59634161e-01 9.64857042e-02
    8.12220573e-01 5.22189498e-01 3.78859878e-01 5.83735764e-01
    4.18303609e-01 9.26718593e-01 2.73361295e-01 1.46455556e-01
    4.28746343e-02 8.01640213e-01 9.96201813e-01 6.00013435e-01
    3.55396152e-01 8.36309493e-02 5.56254804e-01 7.81764865e-01
    8.45638275e-01 2.45211929e-01 6.49527252e-01 7.29181767e-01
    6.04027331e-01 3.38372946e-01 1.59067273e-01 3.54179919e-01
    9.75878835e-01 7.02918231e-01 6.56746149e-01 8.68769765e-01
    7.28495240e-01 9.93478656e-01 5.33437312e-01 1.64617687e-01
    3.07810307e-01 8.61499548e-01 8.15346360e-01 6.19917512e-01
    9.32413816e-01 5.77628613e-01 6.16128147e-01 5.16995430e-01
    4.58645463e-01 7.86388159e-01 1.72291011e-01 4.13064480e-01
    4.87187743e-01 3.75074714e-01 2.77290106e-01 2.47260183e-01
    9.46193635e-01 8.70556891e-01 3.73504877e-01 7.46929705e-01
    9.83783782e-01 1.96534127e-01 6.19661927e-01 9.95254517e-01
    5.41982293e-01 8.22302938e-01 2.95026660e-01 3.39312434e-01
    6.69466257e-01 7.02293217e-01 1.27354860e-01 6.27333999e-01
    6.80613399e-01 6.22377694e-01 8.46149802e-01 7.02692509e-01
    3.12998891e-02 2.24796116e-01 8.40106249e-01 8.14632535e-01
    9.16700304e-01 6.11323118e-01 6.27697170e-01 3.80354106e-01
    5.92785060e-01 8.44012260e-01 2.49067515e-01 1.14800334e-02
    2.01156974e-01 6.98652267e-01 9.31841731e-01 2.94931233e-01
    1.20831668e-01 2.46616632e-01 1.02161229e-01 7.05397904e-01
    7.62805700e-01 9.73639071e-01 6.33373082e-01 9.82512772e-01
    4.28659499e-01 4.28248197e-01 6.86106622e-01 3.77905577e-01
    3.71862113e-01 4.52016115e-01 3.12788010e-01 3.52806747e-02
    9.04769599e-02 1.35551214e-01 5.02101779e-02 6.54715180e-01
    6.77321196e-01 3.77666473e-01 9.14991975e-01 4.34915245e-01
    3.11358482e-01 7.98306882e-01 8.62648904e-01 8.24597776e-01
    5.22985876e-01 1.56290501e-01 9.98585701e-01 9.98733163e-01
    7.81212628e-01 9.35744345e-02 9.36194837e-01 4.01057273e-01
    4.00574595e-01 9.58323240e-01 6.97086692e-01 1.35271072e-01
    3.51354480e-01 5.81174791e-01 7.63033032e-01 3.61541212e-02
    6.27433538e-01 6.05271935e-01 9.64196920e-01 6.01483047e-01
    6.67418122e-01 7.81620979e-01 8.68982077e-01 1.83874965e-01
    6.82664394e-01 8.58613551e-01 9.35075521e-01 6.40478730e-01
    1.91423565e-01 9.64722335e-01 7.20819712e-01 5.79985857e-01
    7.20422864e-01 4.37048972e-01 3.72456133e-01 4.74239826e-01
    1.69461936e-01 9.70619559e-01 9.07222569e-01 6.42674804e-01
    5.26775479e-01 6.99618340e-01 6.77163959e-01 4.30449545e-01
    5.54054439e-01 1.36134505e-01 1.07038409e-01 7.84437299e-01
    8.72474611e-02 4.56832647e-01 2.55967855e-01 7.33812928e-01
    7.83793092e-01 1.81414872e-01 5.47789395e-01 3.78910154e-01
    9.92880762e-02 1.03535146e-01 4.95610893e-01 7.14508176e-01
    2.33877689e-01 4.01321590e-01 3.61022353e-01 9.01316404e-02
    7.51916766e-02 8.35040212e-01 6.35537803e-01 3.02703083e-01
    3.48534405e-01 2.37554014e-02 3.39997232e-01 7.76472628e-01
    9.76687610e-01 3.17114830e-01 4.40837234e-01 3.38631809e-01
    5.61166644e-01 1.96839362e-01 1.03358328e-01 6.13830566e-01
    7.20640659e-01 6.47049069e-01 4.57301617e-01 4.40551221e-01
    7.37823009e-01 4.81114328e-01 4.03927028e-01 7.86586046e-01
    2.32289791e-01 1.22168541e-01 5.27724624e-02 1.67212278e-01
    1.14825547e-01 5.99354863e-01 9.56369460e-01 9.48821545e-01
    7.59971499e-01 3.19669306e-01 2.61345685e-01 6.36408567e-01
    4.02344316e-01 3.75773907e-02 2.87557244e-01 3.81300062e-01
    4.20647830e-01 1.52192265e-01 1.74609959e-01 3.87429059e-01
    3.37409496e-01 9.97469425e-01 6.58489287e-01 2.08886892e-01
    7.10906148e-01 8.72882366e-01 1.52940780e-01 9.62124467e-02
    3.73967201e-01 1.19995534e-01 1.64391845e-01 6.09205067e-01
    1.35902554e-01 9.16534662e-02 9.92259085e-02 8.76493454e-01
    7.89493442e-01 7.86872864e-01 8.71301293e-01 3.15836728e-01
    4.61495996e-01 2.61198968e-01 9.01307642e-01 5.42778671e-02
    4.06838626e-01 7.77745843e-01 1.33190572e-01 4.74063545e-01
    2.51410455e-01 3.86945337e-01 5.18203795e-01 2.37381279e-01
    9.97657478e-02 8.77479017e-01 1.82398260e-01 3.66712213e-01
    9.18136299e-01 8.41208935e-01 7.48880923e-01 7.60283828e-01
    1.20896399e-01 6.89054310e-01 1.66808546e-01 4.59137380e-01
    6.87661469e-01 6.69453740e-02 8.11161041e-01 6.10084116e-01
    8.64418030e-01 1.96080655e-01 6.93042040e-01 9.03509855e-01
    3.72338295e-01 9.59318519e-01 5.36149204e-01 6.01676941e-01
    3.44555199e-01 9.90815699e-01 9.45669174e-01 7.62748599e-01
    4.23032284e-01 7.13159323e-01 4.12209898e-01 7.91774511e-01
    8.74540687e-01 3.21562588e-02 9.77590561e-01 4.74793792e-01
    7.23613799e-01 5.06851673e-01 4.00909126e-01 3.79725128e-01
    4.90508735e-01 6.01550937e-01 6.23807311e-01 2.75106251e-01
    3.08408439e-01 3.52034807e-01 5.48759341e-01 6.36945248e-01
    9.31801558e-01 1.62306309e-01 3.07656258e-01 2.88952321e-01
    5.06326020e-01 4.97215092e-02 2.67876983e-01 3.95992428e-01
    4.65272546e-01 2.87423372e-01 6.73285961e-01 1.63284510e-01
    5.36358714e-01 7.97811627e-01 7.93740749e-01 9.67876136e-01
    5.79534531e-01 7.91698158e-01 4.32213128e-01 1.46463245e-01
    4.71082330e-02 2.61889577e-01 4.34974760e-01 4.88301247e-01
    6.64435506e-01 9.15039539e-01 6.94771588e-01 5.06749511e-01
    1.63064212e-01 7.41050184e-01 8.34139287e-01 5.84761679e-01
    8.77400160e-01 3.76168340e-01 2.86978066e-01 5.18866122e-01
    2.21993864e-01 1.41151100e-01 3.65494490e-01 3.08679521e-01
    8.50567698e-01 5.17863810e-01 7.12966025e-01 8.83322239e-01
    2.68298984e-01 2.18562722e-01 4.88679677e-01 6.19638383e-01
    3.85078728e-01 7.83972859e-01 1.41712666e-01 5.30868471e-02
    2.78124213e-02 9.24796343e-01 5.71599603e-02 2.99175322e-01
    3.14024925e-01 9.12781000e-01 9.25897777e-01 9.82204199e-01
    4.70410883e-01 2.58332253e-01 6.19646609e-01 6.62299454e-01
    5.90280890e-01 6.12442911e-01 4.28387642e-01 1.70151889e-02
    8.75115395e-01 6.29380524e-01 7.68825412e-01 1.80762231e-01
    9.69954848e-01 7.25124598e-01 2.44078249e-01 2.99521863e-01
    1.90351605e-01 6.73425019e-01 9.62676108e-02 3.70864451e-01
    4.33872551e-01 7.62478411e-01 5.36094010e-01 7.94820547e-01
    7.79225111e-01 9.03919935e-01 9.72068310e-01 8.19573045e-01
    8.90498519e-01 5.54771125e-02 6.64521396e-01 5.67291796e-01
    8.67449403e-01 5.75408161e-01 5.56944966e-01 1.20464146e-01
    1.27403140e-02 7.67627716e-01 8.78166080e-01 9.11914885e-01
    7.65450716e-01 8.60262156e-01 7.04814136e-01 6.37275219e-01
    1.27719015e-01 7.61067569e-01 7.02207685e-01 7.50306129e-01
    8.66243362e-01 6.23814464e-01 4.83970016e-01 7.77426004e-01
    8.33618522e-01 7.51691937e-01 5.06310105e-01 9.33680236e-01
    8.72474611e-02 4.56832647e-01 2.55967855e-01 7.33812928e-01
    7.83793092e-01 1.81414872e-01 5.47789395e-01 3.78910154e-01
    9.92880762e-02 1.03535146e-01 3.10954750e-01 7.48279691e-02
    7.08095074e-01 8.63690376e-01 8.94425750e-01 5.21611512e-01
    1.77861571e-01 3.99945974e-01 7.41507888e-01 5.13899028e-01
    5.98427236e-01 4.39971209e-01 5.51880360e-01 6.94329262e-01
    5.54999232e-01 7.85333335e-01 9.98162627e-02 6.18775547e-01
    2.55209714e-01 3.28070700e-01 7.93383896e-01 5.58341026e-01
    4.67486084e-01 9.33516443e-01 9.33980048e-01 2.88275152e-01
    1.03945196e-01 4.39297497e-01 9.06121433e-02 9.45986032e-01
    2.52661169e-01 2.52072513e-01 3.52225274e-01 2.61556864e-01
    5.69648087e-01 5.55951238e-01 1.72711313e-02 9.71610546e-01
    9.87569571e-01 6.15870774e-01 3.28303874e-02 1.71222985e-02
    5.26505828e-01 2.29634702e-01 6.99087143e-01 4.26728100e-01
    8.86552215e-01 3.37780714e-01 8.67367029e-01 3.79438460e-01
    2.98067987e-01 3.16651136e-01 1.77208126e-01 8.90312910e-01
    2.69568980e-01 7.63994575e-01 4.64031458e-01 4.67249990e-01
    8.97095084e-01 5.88737428e-01 7.13849664e-01 7.54235089e-01
    1.31620556e-01 9.27461028e-01 9.77782488e-01 6.85532391e-01
    6.95866108e-01 8.51367414e-02 6.46149933e-01 5.25708497e-02
    3.10646296e-02 5.32946885e-02 8.64790201e-01 7.04900205e-01
    9.10024285e-01 5.12682140e-01 6.88466191e-01 9.14389133e-01
    8.96035135e-02 4.94683057e-01 6.91403329e-01 3.69115114e-01
    2.18833685e-02 1.04756355e-02 5.58617175e-01 8.58755589e-01
    4.33459997e-01 4.38489377e-01 9.87005115e-01 9.21145737e-01
    1.81270540e-02 1.73986733e-01 1.47147894e-01 3.65387380e-01
    1.56390965e-01 8.80434513e-01 5.16908526e-01 3.75800014e-01
    7.72334099e-01 7.87920237e-01 8.53964984e-01 5.39147973e-01
    8.13532114e-01 5.52064180e-03 8.90497804e-01 1.71014398e-01
    8.26999247e-01 2.80341804e-01 6.60747826e-01 8.51034403e-01
    6.62046373e-01 9.99450564e-01 7.52039850e-01 5.40960133e-01
    5.60970545e-01 8.32599759e-01 3.21620911e-01 3.26067448e-01
    6.16615832e-01 1.47938222e-01 3.44603062e-02 5.04859984e-01
    6.22343600e-01 6.51333928e-01 2.81308502e-01 1.19464070e-01
    1.54112160e-01 5.42670608e-01 2.57265747e-01 2.28490531e-02
    3.22458744e-01 6.06368840e-01 5.25014460e-01 1.48742884e-01
    6.73909545e-01 2.61315793e-01 7.99116790e-02 1.62739843e-01
    2.86207080e-01 5.73949814e-01 2.02651531e-01 8.73580277e-02
    4.50833559e-01 6.45219207e-01 2.69629717e-01 9.86529708e-01
    7.65334189e-01 7.75559545e-02 1.73306763e-02 5.91182768e-01
    9.83608961e-01 7.58236647e-01 5.04540801e-02 3.66549313e-01
    9.92963374e-01 5.19059718e-01 1.30201399e-01 2.88399965e-01
    3.24781656e-01 5.83849370e-01 8.75633717e-01 9.00932372e-01
    3.64509702e-01 6.60623968e-01 8.36164176e-01 7.16718912e-01
    6.26657188e-01 3.33009839e-01 7.29128003e-01 9.83691335e-01
    4.73072708e-01 6.21324301e-01 6.03199363e-01 1.48208678e-01
    9.52943206e-01 1.30235940e-01 6.80078983e-01 9.94410992e-01
    8.86761427e-01 1.19865835e-02 7.56566167e-01 5.77388167e-01
    9.40282822e-01 7.06745744e-01 3.05924267e-01 2.64623761e-03
    6.21824861e-01 1.07561976e-01 5.81503689e-01 8.11494350e-01
    6.89087272e-01 3.39416087e-01 2.14006394e-01 3.46792281e-01
    7.25142777e-01 7.33338833e-01 7.59244323e-01 9.95010614e-01
    8.09591293e-01 1.91979766e-01 6.83402538e-01 6.00718021e-01
    7.15157866e-01 9.00161445e-01 6.25027776e-01 1.55225009e-01
    7.59748399e-01 4.93507236e-01 6.24771655e-01 4.42959279e-01
    5.05583763e-01 5.94727814e-01 4.01048958e-01 1.34211212e-01
    3.36456001e-02 4.36179399e-01 1.24412090e-01 7.38026202e-02
    8.00610900e-01 9.55003619e-01 8.18602324e-01 6.19730473e-01
    7.08257198e-01 3.62792194e-01 9.47327375e-01 2.86314487e-01
    5.17591238e-01 2.28344083e-01 2.40212411e-01 7.15455353e-01
    3.44955623e-01 9.66221035e-01 8.89898300e-01 9.06523287e-01
    1.18512571e-01 2.98877448e-01 7.84000993e-01 4.98364121e-01
    8.59421015e-01 8.76464844e-01 3.76795113e-01 9.76092756e-01
    6.19998813e-01 5.46917558e-01 3.62256736e-01 5.54126918e-01
    7.05407202e-01 9.77537632e-01 1.01029396e-01 9.63883400e-02
    8.55136871e-01 5.72216332e-01 3.26678693e-01 6.24591410e-01
    3.40732664e-01 1.90726310e-01 3.10954750e-01 7.48279691e-02
    7.08095074e-01 8.63690376e-01 8.94425750e-01 5.21611512e-01
    1.77861571e-01 3.99945974e-01 7.41507888e-01 5.13899028e-01
    7.31993854e-01 9.17623281e-01 9.36350346e-01 5.37290335e-01
    4.02444124e-01 2.65989721e-01 2.39175260e-01 8.97676945e-02
    5.66303611e-01 2.09472507e-01 7.19395280e-03 7.80192316e-02
    5.81104636e-01 8.27338934e-01 2.33625263e-01 4.49461937e-01
    9.00907874e-01 2.45500237e-01 6.40221775e-01 4.86958027e-03
    4.65833277e-01 6.14589691e-01 1.73308134e-01 3.80282491e-01
    8.35150480e-01 6.68801904e-01 8.31737161e-01 6.30871177e-01
    1.70207888e-01 5.65548420e-01 7.38211334e-01 1.71972066e-01
    7.65951216e-01 3.44864666e-01 3.52373958e-01 7.28246331e-01
    4.62095767e-01 5.73056936e-03 9.77788270e-01 9.35202241e-01
    9.81837988e-01 2.25472063e-01 4.85051543e-01 9.12048101e-01
    2.49381363e-02 3.24437112e-01 7.16083944e-01 7.27164984e-01
    7.99117386e-01 8.05852890e-01 7.37355411e-01 8.88533711e-01
    7.90620744e-02 7.43554711e-01 9.56602573e-01 1.09619439e-01
    1.91946507e-01 5.68511605e-01 1.89908177e-01 2.09566087e-01
    6.22252524e-01 4.21609491e-01 6.99949682e-01 7.95870960e-01
    2.71129280e-01 5.31107664e-01 1.25532866e-01 9.46823061e-02
    3.82462978e-01 7.04082549e-02 4.73517001e-01 3.50829542e-01
    8.28281522e-01 2.11967170e-01 5.45100272e-01 5.22113740e-01
    7.79313684e-01 4.90270615e-01 2.05142498e-02 8.84151816e-01
    6.35594010e-01 6.00883842e-01 5.40770590e-01 4.52555209e-01
    7.88283944e-01 5.24896562e-01 8.93633306e-01 7.24599004e-01
    3.29891741e-01 5.62680960e-01 5.37306428e-01 8.01247358e-01
    5.98838091e-01 1.56153828e-01 5.55548012e-01 2.05976844e-01
    3.40245157e-01 8.66032600e-01 7.29300678e-01 5.09999514e-01
    8.02104712e-01 6.89719021e-02 9.44562256e-01 5.98329842e-01
    6.35139406e-01 9.31488872e-01 3.75648826e-01 8.50482345e-01
    3.11314523e-01 3.80647331e-01 4.68127131e-01 7.52614856e-01
    6.73506558e-01 3.36818397e-01 1.06873602e-01 9.28689003e-01
    1.71863407e-01 8.68967474e-01 9.59648669e-01 5.04985750e-01
    2.52231956e-02 6.14592075e-01 6.81858063e-01 7.65817761e-01
    3.91892880e-01 1.98711693e-01 5.56997299e-01 3.18720341e-02
    3.88673425e-01 8.41548979e-01 7.94839978e-01 7.99323857e-01
    4.23667312e-01 4.90342051e-01 3.51777971e-02 4.42240655e-01
    9.28167939e-01 3.27468872e-01 2.89106965e-01 8.67016613e-02
    8.78500700e-01 5.44812441e-01 4.85416800e-01 5.90902567e-02
    9.25327659e-01 1.45974964e-01 3.88337255e-01 1.24405354e-01
    5.93806207e-01 5.02193451e-01 1.19941741e-01 1.28080994e-01
    1.15106076e-01 7.30481625e-01 9.43736911e-01 8.33534002e-01
    8.94630194e-01 4.29596454e-01 5.31494319e-02 8.02131891e-02
    5.62114894e-01 6.38743401e-01 4.49109554e-01 3.91964495e-01
    8.74153614e-01 3.97646755e-01 3.29693139e-01 7.31329024e-02
    3.63181889e-01 5.97999990e-01 5.86558938e-01 1.62809968e-01
    2.35500455e-01 5.81762552e-01 1.95749491e-01 9.68684316e-01
    9.43613291e-01 4.59630787e-02 7.73741126e-01 7.28388250e-01
    6.59721732e-01 4.01958853e-01 4.36142653e-01 9.23958540e-01
    4.51498955e-01 5.01024425e-02 2.92652011e-01 7.94661283e-01
    9.78978872e-01 3.36895883e-01 6.86566830e-01 9.87365723e-01
    8.02352071e-01 4.51878220e-01 7.13787735e-01 9.34665799e-01
    7.96611965e-01 6.63779080e-01 9.15894508e-01 3.04144263e-01
    7.03140378e-01 3.72149259e-01 8.95188749e-02 4.31045234e-01
    8.93840909e-01 6.17727757e-01 8.60010087e-01 3.18363756e-01
    7.01383948e-01 9.66134369e-01 6.42539144e-01 9.72431183e-01
    4.63750362e-02 7.89631486e-01 2.81576991e-01 6.21762097e-01
    3.76803577e-01 3.44585836e-01 5.26897252e-01 2.10275799e-01
    2.11651564e-01 6.97820306e-01 9.06858444e-01 6.98165059e-01
    5.11482418e-01 6.31033778e-01 9.32322741e-01 4.92953598e-01
    3.97916496e-01 3.13946724e-01 9.37501192e-01 9.81794477e-01
    6.53098106e-01 9.38166976e-01 8.71775925e-01 3.52206439e-01
    1.94697678e-01 9.62420940e-01 5.40830195e-01 1.94794893e-01
    7.77052879e-01 6.07345700e-01 1.77615762e-01 2.98970044e-01
    2.82981902e-01 9.54085052e-01 3.87670130e-01 9.23238397e-01
    7.79391885e-01 4.61079419e-01 6.25570416e-01 4.15586710e-01
    3.27306986e-02 9.45191979e-01 7.51915932e-01 5.08311749e-01
    7.31993854e-01 9.17623281e-01 9.36350346e-01 5.37290335e-01
    4.02444124e-01 2.65989721e-01 2.39175260e-01 8.97676945e-02
    5.66303611e-01 2.09472507e-01 4.01064575e-01 9.60322201e-01
    7.82182813e-02 5.93465745e-01 6.55317068e-01 6.48160577e-01
    5.50054729e-01 5.16509414e-01 9.72776055e-01 1.73487633e-01
    6.32239938e-01 5.96907556e-01 2.89407432e-01 9.78857338e-01
    4.03707772e-01 8.18449378e-01 2.75208712e-01 7.62617588e-03
    7.38038123e-02 7.59924233e-01 3.65345001e-01 6.12631440e-01
    7.77112126e-01 4.60301250e-01 8.95592809e-01 5.52087784e-01
    4.06423599e-01 7.61806548e-01 6.56376004e-01 1.74564570e-01
    1.72413319e-01 2.38937765e-01 1.43824428e-01 6.50361478e-01
    1.84547901e-02 7.93271601e-01 8.60525489e-01 5.59016824e-01
    4.22123283e-01 5.37859738e-01 6.95986629e-01 2.08172590e-01
    3.88787895e-01 2.33684599e-01 7.89483905e-01 3.05924118e-02
    1.48498118e-01 2.83535212e-01 4.46201921e-01 7.46782780e-01
    8.00221801e-01 6.06881678e-02 1.47667050e-01 9.56008554e-01
    4.12820280e-01 8.21709037e-02 4.03823525e-01 3.13236684e-01
    9.26446497e-01 2.46478379e-01 1.85705125e-02 2.47124374e-01
    2.24565446e-01 5.47634304e-01 6.04480505e-02 9.39594209e-01
    9.89347339e-01 7.10442603e-01 4.30513322e-01 9.02197361e-01
    7.63552904e-01 3.26038450e-01 3.44422191e-01 1.34480238e-01
    8.14957917e-01 5.75509965e-01 7.45764673e-01 5.54236352e-01
    5.58220327e-01 3.47660303e-01 9.92624283e-01 5.71258843e-01
    9.65444565e-01 4.86536920e-02 2.33516872e-01 9.95695591e-05
    2.58691192e-01 5.69836199e-02 8.10453534e-01 4.42634255e-01
    2.23884881e-01 8.86547863e-01 3.67409885e-01 8.47374082e-01
    7.73586988e-01 8.10086250e-01 4.21343416e-01 1.48899347e-01
    4.74512845e-01 4.10050511e-01 7.81214714e-01 6.46473646e-01
    3.47674072e-01 3.13541889e-02 7.51480758e-01 2.49294579e-01
    9.59554017e-01 1.30683273e-01 9.63764131e-01 1.63814962e-01
    1.94736540e-01 6.60906434e-02 1.10591650e-02 6.54104471e-01
    3.74041021e-01 8.06271791e-01 3.70386928e-01 9.20381904e-01
    2.72359818e-01 6.38071299e-01 9.02653277e-01 4.70584720e-01
    5.92951477e-01 5.78354537e-01 5.62997103e-01 3.19919229e-01
    4.29373354e-01 6.80171132e-01 6.30864620e-01 3.31775784e-01
    6.20812953e-01 2.34229416e-01 5.20220935e-01 2.33059168e-01
    9.78387952e-01 1.70850754e-03 8.27458620e-01 4.15723622e-02
    2.38286942e-01 6.59246802e-01 4.99528289e-01 1.68619931e-01
    4.75464940e-01 5.78051567e-01 8.43410492e-01 9.85740066e-01
    3.57314557e-01 9.90245342e-01 3.53575796e-01 7.85404325e-01
    4.70899940e-01 2.72563100e-01 8.11019778e-01 8.35627079e-01
    3.59763801e-01 2.44247526e-01 7.47649312e-01 1.31295949e-01
    1.31986052e-01 9.39198852e-01 4.50044721e-01 8.75782073e-01
    2.39633739e-01 8.63481641e-01 2.66325861e-01 6.98506057e-01
    7.43857622e-01 5.52165508e-03 8.49185228e-01 7.89776564e-01
    1.85473263e-01 9.19042110e-01 7.26101756e-01 1.52634770e-01
    5.14726937e-02 1.64458215e-01 9.79677677e-01 1.57868773e-01
    7.61746168e-02 1.82502329e-01 9.09947991e-01 7.64912367e-01
    6.43378198e-02 4.25089568e-01 8.81714582e-01 2.17253208e-01
    6.27039611e-01 1.19406611e-01 8.87031078e-01 1.45982116e-01
    4.88423288e-01 4.45543170e-01 6.26691997e-01 3.67182732e-01
    4.54714656e-01 7.99447536e-01 5.98930240e-01 9.86643791e-01
    7.90591717e-01 1.75284892e-01 3.97269040e-01 2.14588374e-01
    8.66368890e-01 8.36262703e-01 7.55003989e-01 1.71357691e-01
    9.58107948e-01 8.22177529e-01 5.28393805e-01 2.03780949e-01
    1.78891450e-01 6.67926610e-01 9.03775990e-01 4.76191342e-01
    7.90098608e-01 5.93693852e-02 6.93605959e-01 8.17768931e-01
    6.53768420e-01 7.66513646e-01 9.68265772e-01 4.16669577e-01
    6.96652532e-01 1.20687038e-01 3.53696942e-02 9.45808291e-01
    3.84169310e-01 6.01272762e-01 9.83893871e-02 3.59450251e-01
    3.66136670e-01 1.83319300e-01 1.39344007e-01 7.58978128e-02
    8.32165956e-01 7.85632968e-01 8.63435864e-01 8.15537751e-01
    2.25763917e-01 7.21504152e-01 1.40178740e-01 7.26623833e-01
    4.94606793e-02 8.71323228e-01 7.50333548e-01 8.99574876e-01
    1.63702071e-01 1.70688719e-01 4.49604541e-01 6.58717871e-01
    7.58133471e-01 6.46012664e-01 1.68122351e-01 3.99276286e-01
    2.19372541e-01 5.77428758e-01 4.01064575e-01 9.60322201e-01
    7.82182813e-02 5.93465745e-01 6.55317068e-01 6.48160577e-01
    5.50054729e-01 5.16509414e-01 9.72776055e-01 1.73487633e-01
    9.07118261e-01 4.83095229e-01 9.27118540e-01 8.87980640e-01
    5.83180189e-01 9.16089237e-01 1.62800878e-01 1.90306306e-01
    7.24463582e-01 4.22491074e-01 4.23608780e-01 6.76923990e-02
    3.17434967e-02 2.87187278e-01 6.42364025e-01 3.23506892e-02
    4.39176679e-01 2.47050494e-01 1.52041525e-01 2.06986547e-01
    8.91892254e-01 4.81578201e-01 6.00881040e-01 8.30891430e-02
    3.39044094e-01 3.54048520e-01 2.12405711e-01 2.63393819e-01
    2.49715835e-01 5.56812882e-01 2.06217200e-01 7.78214931e-01
    1.68440431e-01 1.13639444e-01 8.00224245e-02 9.49099302e-01
    2.95730948e-01 7.06971705e-01 2.26179808e-01 9.75713611e-01
    4.87034082e-01 6.24697447e-01 3.46856892e-01 9.52475071e-01
    2.06833869e-01 4.00644541e-03 7.82885969e-01 8.66273344e-02
    7.44679987e-01 8.31205726e-01 4.83200073e-01 9.04779971e-01
    1.68424070e-01 7.84283757e-01 7.12335408e-01 3.87612581e-01
    3.55005264e-01 2.37043709e-01 5.10987937e-01 3.24954510e-01
    3.09676170e-01 3.77288133e-01 4.90945637e-01 5.13306916e-01
    4.07459915e-01 5.88148773e-01 7.41650105e-01 2.34246790e-01
    4.79800016e-01 5.27588844e-01 3.00482035e-01 9.83598351e-01
    1.28774375e-01 3.90200019e-02 4.43209976e-01 3.65393639e-01
    8.96250844e-01 4.72454756e-01 4.30143833e-01 5.53580344e-01
    2.03415930e-01 8.40887547e-01 3.35223734e-01 4.23965454e-01
    3.18742394e-01 6.13718450e-01 7.00704098e-01 3.73796582e-01
    7.25654125e-01 7.51218438e-01 8.93106163e-02 9.38760638e-01
    1.38749391e-01 5.78852952e-01 1.74656630e-01 2.21615911e-01
    3.49930674e-01 9.27917957e-02 7.18653202e-03 9.26741958e-01
    4.77591872e-01 7.26361275e-01 5.85931659e-01 8.91639113e-01
    2.70088702e-01 6.94881856e-01 4.36377317e-01 3.31590742e-01
    8.94679666e-01 7.86750436e-01 2.37948567e-01 1.24145716e-01
    7.89890707e-01 9.83017802e-01 1.77929103e-01 5.94450176e-01
    8.93469453e-01 8.22498560e-01 6.40097916e-01 5.86365402e-01
    8.38635087e-01 2.27709085e-01 2.08170265e-01 5.19024074e-01
    8.15543890e-01 7.57819176e-01 7.18186259e-01 6.36167586e-01
    2.27381289e-02 1.68921649e-01 1.47857547e-01 3.75485659e-01
    8.48027587e-01 4.05143023e-01 2.60093391e-01 4.20494974e-01
    9.59536314e-01 7.92314053e-01 3.94339025e-01 5.04918694e-01
    7.39081144e-01 4.15120900e-01 7.46599913e-01 5.09718657e-01
    1.20955408e-02 9.52253819e-01 6.86402023e-01 7.73992836e-01
    1.68237418e-01 7.67030358e-01 8.06532025e-01 7.05912828e-01
    7.47411251e-01 6.11791790e-01 8.96858871e-01 2.61112928e-01
    9.96566296e-01 1.47936642e-01 7.81475425e-01 9.58170414e-01
    9.63721514e-01 4.13885176e-01 4.09024656e-02 2.78903753e-01
    4.81199205e-01 3.66680175e-01 2.69629896e-01 3.67056429e-01
    6.79143548e-01 9.82617140e-01 1.55145645e-01 6.03528976e-01
    2.26826549e-01 8.46867323e-01 7.16492951e-01 4.20851409e-01
    7.47369587e-01 9.60002661e-01 9.66644883e-02 6.89824462e-01
    2.94996440e-01 1.89935416e-01 6.75176322e-01 2.58601755e-01
    3.03500116e-01 7.43305385e-01 8.37014675e-01 3.89637500e-01
    5.68064809e-01 8.53600621e-01 4.43579286e-01 3.45291793e-01
    1.97258592e-01 6.65144801e-01 7.37563729e-01 7.64092803e-03
    8.05054367e-01 7.13931322e-01 5.47534168e-01 8.94433379e-01
    6.24563992e-01 6.27612770e-01 5.84427118e-02 6.87853158e-01
    6.23881817e-03 2.51710445e-01 2.50213534e-01 7.12504387e-01
    4.09174562e-01 4.82629478e-01 2.36424953e-01 7.63068914e-01
    8.79829407e-01 9.98310328e-01 3.04497480e-01 3.31684381e-01
    2.69002795e-01 8.59315813e-01 7.54418671e-01 9.24924493e-01
    7.79329062e-01 7.28674650e-01 1.66743994e-01 6.13924682e-01
    8.42532456e-01 2.21330911e-01 5.59628129e-01 5.77893257e-02
    4.07238841e-01 8.24339390e-02 7.47351706e-01 4.41191971e-01
    2.27385551e-01 5.20178616e-01 5.16409278e-01 1.78773284e-01
    5.48484206e-01 9.18750882e-01 7.06885397e-01 7.55255163e-01
    3.92660141e-01 2.10182905e-01 6.13766670e-01 7.55767941e-01
    6.29581928e-01 5.55206418e-01 2.15712398e-01 7.48987436e-01
    7.47063756e-02 3.82125378e-01 1.33319855e-01 2.06828594e-01
    5.10601103e-01 4.63894308e-01 4.23272908e-01 2.79152274e-01
    9.07118261e-01 4.83095229e-01 9.27118540e-01 8.87980640e-01
    5.83180189e-01 9.16089237e-01 1.62800878e-01 1.90306306e-01
    7.24463582e-01 4.22491074e-01 3.24104279e-01 1.94584846e-01
    6.43595815e-01 4.32643622e-01 5.43697000e-01 3.49510670e-01
    3.00000906e-01 1.10004038e-01 9.23444748e-01 9.02227402e-01
    2.15488911e-01 6.59728348e-01 8.77274454e-01 7.93077946e-01
    3.80223572e-01 6.77307248e-01 3.52954090e-01 8.98908854e-01
    7.99537778e-01 9.93104577e-01 6.33560777e-01 4.36214268e-01
    5.23446918e-01 9.16572332e-01 8.15280557e-01 8.64533663e-01
    2.02939451e-01 9.38403070e-01 5.05355179e-01 9.01127934e-01
    9.74714756e-01 4.93972600e-02 6.58881605e-01 6.92301631e-01
    1.18881553e-01 5.57910979e-01 4.31087971e-01 3.05436432e-01
    3.21294367e-02 6.99989915e-01 2.18426883e-01 7.95940995e-01
    7.43362725e-01 9.31140542e-01 9.94651318e-01 2.04905570e-01
    4.71145958e-01 3.35079938e-01 8.99468780e-01 6.85730338e-01
    7.66606092e-01 3.70344341e-01 2.12434947e-01 7.89997697e-01
    3.93741697e-01 2.82253653e-01 3.23985487e-01 5.29000044e-01
    5.03794849e-01 6.72371387e-01 8.84247482e-01 9.18615460e-01
    6.87312961e-01 4.92391199e-01 8.24438095e-01 7.37384379e-01
    6.35578156e-01 4.71837491e-01 7.07790315e-01 9.73275840e-01
    9.18957949e-01 5.69675148e-01 5.13914943e-01 5.44995308e-01
    5.57852685e-02 2.93738604e-01 1.86466783e-01 6.73690319e-01
    8.82048249e-01 7.02340245e-01 4.77831006e-01 9.60444927e-01
    3.92573148e-01 6.05751693e-01 4.98845309e-01 9.05625045e-01
    8.16318512e-01 8.57442498e-01 8.55772316e-01 2.72369385e-01
    2.56117553e-01 3.23292077e-01 8.07581306e-01 9.29736257e-01
    6.34000719e-01 9.77302969e-01 2.39312828e-01 7.36326993e-01
    8.90518785e-01 5.52113295e-01 3.47481608e-01 1.19252056e-01
    4.55130428e-01 5.15486777e-01 3.27977777e-01 5.75394928e-01
    4.56512541e-01 2.40742862e-01 2.53512621e-01 2.11451352e-01
    7.61453509e-01 2.69826114e-01 5.92878461e-01 5.69066405e-03
    2.95898914e-02 1.29822701e-01 7.88913667e-02 4.95610833e-02
    4.52899128e-01 2.34866768e-01 1.46705657e-01 8.36188316e-01
    6.51792228e-01 7.45885730e-01 8.65966380e-02 7.68283546e-01
    3.16277921e-01 2.86307096e-01 7.16107726e-01 1.19841993e-01
    1.79918170e-01 8.57288182e-01 9.78703499e-02 4.62331802e-01
    9.39725101e-01 6.95607483e-01 2.16613799e-01 6.56634569e-01
    7.87175655e-01 9.32409108e-01 8.43247294e-01 9.97299969e-01
    7.58522987e-01 6.17885709e-01 9.45976973e-02 2.62189716e-01
    7.20460176e-01 5.54880202e-01 4.34403896e-01 3.65470827e-01
    8.12328458e-02 8.54446232e-01 4.38981324e-01 1.83859885e-01
    6.49908125e-01 3.20998967e-01 1.52163118e-01 6.34421110e-01
    6.43672347e-01 3.90928507e-01 1.97977453e-01 4.34954256e-01
    6.43892527e-01 2.13640571e-01 2.39113599e-01 9.52231884e-01
    2.74445981e-01 8.43440294e-01 9.23113346e-01 1.10202402e-01
    2.54854918e-01 9.35386837e-01 9.65970278e-01 8.81876647e-01
    3.17443073e-01 4.88158286e-01 3.05890352e-01 3.57694328e-01
    9.77643728e-01 5.90198755e-01 1.42553419e-01 1.22584581e-01
    5.20294666e-01 2.59388745e-01 7.30365217e-02 9.18444037e-01
    6.39374554e-01 7.76486635e-01 4.85784441e-01 9.97040391e-01
    7.56475449e-01 6.77185416e-01 1.32743418e-01 8.14477265e-01
    6.90753460e-02 8.86958420e-01 8.42762232e-01 7.57639527e-01
    8.58892083e-01 9.17044401e-01 3.17970932e-01 1.26805454e-01
    1.36903375e-01 3.39210212e-01 9.03229356e-01 7.70635784e-01
    1.04705095e-01 6.54382944e-01 6.71488047e-03 7.78217316e-01
    1.49719894e-01 6.26428127e-01 8.42284203e-01 7.48127699e-01
    2.63897300e-01 4.81050313e-02 6.20710313e-01 8.86225224e-01
    6.77848220e-01 2.91341394e-01 6.40106440e-01 5.11757374e-01
    2.93921083e-01 3.97353947e-01 5.57713687e-01 6.94594681e-02
    9.33830678e-01 6.78458214e-01 1.14749402e-01 2.32680857e-01
    6.12515807e-01 8.75262618e-02 2.88008273e-01 1.45360202e-01
    3.32622528e-02 5.20073354e-01 4.50802803e-01 6.04163885e-01
    3.34072828e-01 2.52020061e-01 4.49288636e-01 7.65044153e-01
    1.49822831e-02 1.40999526e-01 1.94625258e-02 9.49505925e-01
    3.07903588e-01 2.75137424e-01 3.48722279e-01 5.98623991e-01
    6.56743884e-01 8.15558314e-01 4.19429570e-01 7.15498805e-01
    5.38241208e-01 3.51436973e-01 3.24104279e-01 1.94584846e-01
    6.43595815e-01 4.32643622e-01 5.43697000e-01 3.49510670e-01
    3.00000906e-01 1.10004038e-01 9.23444748e-01 9.02227402e-01
    7.81456828e-02 3.93901974e-01 1.29167438e-01 6.90471292e-01
    6.41107142e-01 2.22978622e-01 5.46719432e-01 3.58971894e-01
    8.58545780e-01 8.21125746e-01 7.70654619e-01 7.53449678e-01
    9.90507007e-02 4.10905421e-01 2.37775773e-01 5.59209108e-01
    5.30619621e-01 2.88638860e-01 5.37069738e-01 5.98343432e-01
    9.38184977e-01 9.33164656e-01 2.36558467e-01 9.56883788e-01
    6.03555977e-01 1.95611298e-01 6.16211414e-01 5.69498837e-01
    7.15333819e-01 8.90596151e-01 6.85414433e-01 1.76465124e-01
    9.98744965e-01 5.54861665e-01 4.61620092e-03 2.83299983e-02
    4.11094785e-01 3.55264485e-01 3.35407138e-01 9.25045490e-01
    9.22910631e-01 2.36260444e-01 4.95479047e-01 4.95128036e-02
    1.15152001e-01 9.81012881e-01 4.33490872e-02 7.58435011e-01
    7.12417722e-01 3.39294612e-01 1.02233976e-01 9.65512097e-01
    4.29747671e-01 1.44937843e-01 7.63050318e-01 9.35378790e-01
    8.21461797e-01 3.84379148e-01 9.00094390e-01 3.27391148e-01
    7.48401225e-01 7.49905586e-01 3.07157695e-01 2.20592052e-01
    7.29305446e-01 1.20468050e-01 6.69883847e-01 3.60547334e-01
    6.70442581e-01 6.12694204e-01 5.90355933e-01 9.96832132e-01
    6.12426400e-02 3.49742651e-01 6.85712576e-01 4.44576025e-01
    1.32530928e-04 1.18363529e-01 3.44282448e-01 4.52198237e-01
    7.22554326e-01 4.99725342e-04 1.51326358e-01 2.00178832e-01
    5.72864175e-01 3.03952098e-02 1.62034631e-01 2.14172602e-01
    2.28889912e-01 3.27226400e-01 9.28707957e-01 3.34566414e-01
    8.31378996e-01 7.24399865e-01 8.71252418e-01 9.17023182e-01
    5.48653781e-01 5.88919818e-01 2.31524706e-01 4.90110099e-01
    4.77828205e-01 9.96744990e-01 4.65130359e-01 6.03348613e-01
    8.77781034e-01 2.81755626e-01 8.14858973e-02 9.20920014e-01
    9.16935802e-01 6.40223265e-01 2.99002618e-01 6.23735249e-01
    6.84542298e-01 2.63980657e-01 1.83922946e-02 1.37895167e-01
    1.37119055e-01 3.70435387e-01 4.22916532e-01 6.05909526e-02
    4.52227473e-01 6.24476731e-01 4.32582438e-01 8.44519496e-01
    2.98151940e-01 2.16415107e-01 5.46281815e-01 6.48925066e-01
    6.22246563e-01 3.26757908e-01 4.08999383e-01 1.22352481e-01
    7.25396991e-01 5.20593584e-01 7.00476468e-02 8.12762082e-02
    7.30864942e-01 1.68743730e-02 4.12344158e-01 4.53084916e-01
    7.65687466e-01 9.60814595e-01 5.29692173e-01 3.70103806e-01
    4.98973668e-01 7.42326021e-01 6.91270947e-01 9.20891285e-01
    3.08732510e-01 9.35255170e-01 1.81312919e-01 9.36659515e-01
    5.13630509e-01 9.06676531e-01 8.33203256e-01 9.01406229e-01
    7.22279549e-01 4.63738590e-01 3.31121683e-02 3.29222739e-01
    4.39547688e-01 4.78831351e-01 2.90708184e-01 2.60024130e-01
    9.86231148e-01 8.99759412e-01 7.63448238e-01 7.07043529e-01
    6.50709033e-01 4.42695439e-01 5.99537015e-01 4.59355116e-02
    2.85513282e-01 4.90958273e-01 6.73633933e-01 6.70475721e-01
    9.74330187e-01 5.25425255e-01 5.11124313e-01 6.73862875e-01
    4.66157496e-01 5.97065568e-01 4.99504715e-01 3.93872797e-01
    3.35803419e-01 2.23999977e-01 4.22281474e-01 9.33277011e-01
    2.61663109e-01 5.80472350e-01 1.69010311e-01 9.40523624e-01
    5.41946173e-01 5.69205999e-01 2.48295873e-01 3.11669260e-01
    5.98681808e-01 9.20096993e-01 3.61287355e-01 5.07445693e-01
    7.11598337e-01 7.21338868e-01 6.38000369e-01 2.96453416e-01
    5.65858603e-01 5.80577970e-01 8.53261352e-01 2.07373768e-01
    1.67822629e-01 5.59237540e-01 2.95137227e-01 6.64638579e-01
    6.78567052e-01 8.84854198e-01 4.47655827e-01 6.70635819e-01
    8.24137926e-01 5.49665987e-01 7.81292558e-01 1.78887129e-01
    1.85073286e-01 7.44579554e-01 8.30094457e-01 6.25312924e-01
    9.38276410e-01 3.56033832e-01 8.37339938e-01 4.35320616e-01
    1.69153512e-01 2.47374177e-03 7.18377531e-02 8.69848132e-01
    6.19035661e-01 4.55139846e-01 8.80125701e-01 6.61117196e-01
    8.73584509e-01 4.45784628e-02 5.69256127e-01 9.12253618e-01
    6.37872219e-01 9.16258693e-01 9.04438496e-01 9.96948242e-01
    8.81984711e-01 7.29220212e-02 8.72378230e-01 5.03452361e-01
    6.90506876e-01 2.44174629e-01 2.17220128e-01 6.77562714e-01
    8.53063107e-01 7.08074152e-01 5.89219749e-01 5.42947471e-01
    7.81456828e-02 3.93901974e-01 1.29167438e-01 6.90471292e-01
    6.41107142e-01 2.22978622e-01 5.46719432e-01 3.58971894e-01
    8.58545780e-01 8.21125746e-01 2.62666523e-01 8.62933278e-01
    7.20655680e-01 4.06190932e-01 3.08435947e-01 3.92819375e-01
    7.59191155e-01 6.82045519e-01 7.44119942e-01 5.07920980e-04
    9.45376635e-01 8.30469131e-01 5.05105495e-01 9.16376948e-01
    6.32272363e-01 4.08078045e-01 5.20428181e-01 2.12825835e-02
    2.70868301e-01 6.72582269e-01 7.71586299e-01 1.66228503e-01
    9.42494750e-01 8.03861201e-01 9.74749744e-01 8.98829103e-02
    6.27457321e-01 9.96845484e-01 6.17291510e-01 6.17349029e-01
    7.02888846e-01 6.34837270e-01 3.45263660e-01 5.76031506e-02
    7.12402225e-01 3.81288528e-02 5.22224545e-01 7.99977779e-01
    8.89687836e-02 5.17320633e-01 9.09760356e-01 9.33989286e-01
    4.01745856e-01 6.74548447e-02 6.34524047e-01 4.78133768e-01
    7.55522013e-01 7.28552043e-01 7.27390647e-01 5.11480153e-01
    6.45397544e-01 9.53190327e-01 9.08677459e-01 6.00428402e-01
    8.21080327e-01 2.92933136e-01 9.18876290e-01 3.61359894e-01
    4.45826024e-01 6.94540083e-01 5.25642037e-02 1.37592793e-01
    5.23836851e-01 9.12924528e-01 2.06025779e-01 3.64820629e-01
    5.87116480e-01 1.26397252e-01 4.63975936e-01 1.15422189e-01
    9.57265496e-01 8.73074889e-01 5.46885371e-01 1.72196716e-01
    1.97212934e-01 2.57850021e-01 1.06743097e-01 7.21038580e-01
    8.93526614e-01 7.01243997e-01 9.36775208e-01 1.95096880e-01
    2.88175166e-01 1.22290760e-01 7.89997935e-01 2.42192060e-01
    2.66669929e-01 9.41456199e-01 7.53461719e-01 1.01857632e-01
    4.43622589e-01 6.53403401e-01 3.75048339e-01 7.81758547e-01
    4.23792809e-01 4.41503555e-01 4.80565101e-01 6.52136445e-01
    4.64983582e-02 9.86358523e-01 8.19837689e-01 2.38787234e-01
    2.33989209e-01 3.91263127e-01 3.38837564e-01 9.13661897e-01
    5.88203073e-02 9.96274650e-01 9.37481523e-01 2.66263664e-01
    5.14946222e-01 5.50151885e-01 6.52984560e-01 3.15992057e-01
    1.74553782e-01 8.64039063e-02 3.69612008e-01 1.41099155e-01
    6.90631568e-01 7.61920333e-01 4.63118553e-01 2.10145891e-01
    2.53853798e-01 1.70447171e-01 4.82630014e-01 6.86945677e-01
    3.27139288e-01 4.98902261e-01 3.89625430e-02 7.77163386e-01
    9.99696493e-01 5.72609603e-01 7.10185528e-01 1.73316598e-02
    8.35226774e-01 7.28413165e-02 6.31145477e-01 7.04375267e-01
    9.06054616e-01 1.45229071e-01 1.74212039e-01 2.48791456e-01
    1.54935509e-01 1.71261251e-01 5.69011390e-01 9.76768374e-01
    7.14852750e-01 6.22252584e-01 4.90974724e-01 6.14362955e-01
    1.26700222e-01 3.36981952e-01 6.85579479e-02 8.46751928e-01
    4.38058048e-01 8.68324518e-01 6.20855093e-02 4.25256371e-01
    8.94880116e-01 3.61769110e-01 1.74758404e-01 7.66302884e-01
    6.09875441e-01 5.94541728e-01 3.00452590e-01 2.21207738e-03
    2.12023646e-01 6.22297049e-01 5.05365729e-01 6.62268043e-01
    4.45885479e-01 2.46170431e-01 7.26131499e-01 2.98615694e-01
    6.20998621e-01 5.48769534e-01 9.69675064e-01 3.07465553e-01
    1.30991966e-01 7.67055213e-01 6.54952705e-01 4.42977488e-01
    2.38733619e-01 5.40214956e-01 1.70807481e-01 7.73266494e-01
    3.85089457e-01 9.56084490e-01 4.57176775e-01 2.21807122e-01
    4.87720519e-01 7.39709973e-01 8.68424177e-01 4.19354141e-02
    8.03922176e-01 2.48592645e-01 3.03838551e-01 8.88391733e-02
    9.83268261e-01 8.22499990e-02 1.65393323e-01 5.28416157e-01
    5.37208140e-01 1.33652359e-01 7.57606328e-02 6.93275392e-01
    4.96725917e-01 5.03700972e-01 8.12663436e-01 9.52411056e-01
    5.86065114e-01 9.83110070e-03 9.63190794e-01 7.32136250e-01
    3.11618447e-01 9.53018069e-01 9.95057523e-02 3.37553024e-01
    3.92007530e-02 1.45000398e-01 4.88672435e-01 9.18542266e-01
    9.20689404e-02 9.71614122e-01 4.15383577e-02 2.72861302e-01
    1.02408409e-01 2.44478911e-01 1.86426342e-01 2.61223644e-01
    1.12741083e-01 7.53806233e-01 4.85893399e-01 2.02580810e-01
    5.20835996e-01 6.00740492e-01 5.80039918e-02 5.90735972e-01
    8.52421761e-01 8.17732096e-01 7.33350575e-01 5.05409122e-01
    2.63739228e-02 9.06094313e-01 4.80176181e-01 1.47810966e-01
    8.71873379e-01 5.41035533e-01 5.89286804e-01 1.20922267e-01
    7.40192890e-01 6.12176359e-01 1.31417513e-02 6.82867706e-01
    7.26496458e-01 4.11616564e-01 2.62666523e-01 8.62933278e-01
    7.20655680e-01 4.06190932e-01 3.08435947e-01 3.92819375e-01
    7.59191155e-01 6.82045519e-01 7.44119942e-01 5.07920980e-04
    7.67000079e-01 2.41959900e-01 8.22357476e-01 3.19035798e-01
    8.96057606e-01 5.67144990e-01 8.55483592e-01 9.55132484e-01
    6.81613982e-01 8.20598543e-01 9.22156572e-01 3.55445683e-01
    9.74716663e-01 2.96191692e-01 8.70951355e-01 1.81541145e-01
    2.88164794e-01 9.64648008e-01 3.53398651e-01 2.13069111e-01
    3.48967195e-01 3.71200353e-01 8.44726980e-01 8.19740772e-01
    1.34379715e-01 6.30209327e-01 1.83279485e-01 6.01626158e-01
    6.49263859e-01 5.76682210e-01 5.38792729e-01 5.49841881e-01
    5.79184234e-01 6.11908436e-02 5.64047158e-01 5.21275699e-02
    9.68892336e-01 9.37473476e-02 2.65215933e-02 1.30567104e-01
    1.72743887e-01 9.89455938e-01 1.35502517e-02 1.62107378e-01
    1.89055085e-01 6.05997205e-01 9.48297679e-02 4.21728164e-01
    3.20732534e-01 7.34574199e-02 4.67224121e-02 8.00872445e-02
    9.12347078e-01 7.09595919e-01 2.22823739e-01 4.26553249e-01
    3.17805529e-01 6.69185698e-01 2.01522738e-01 6.12233818e-01
    8.76472175e-01 4.68033969e-01 4.07891572e-01 9.40338492e-01
    4.07737136e-01 7.02458918e-01 9.42263603e-02 8.26496005e-01
    4.45502698e-02 8.00788760e-01 6.85668588e-01 3.33198369e-01
    3.84819448e-01 1.50723457e-01 2.92225540e-01 7.63894916e-01
    1.21094465e-01 4.54243630e-01 7.52137899e-02 1.79498196e-02
    2.84005284e-01 7.24397540e-01 9.30130363e-01 4.77113426e-01
    7.81292439e-01 1.58412009e-01 7.06872582e-01 9.95521128e-01
    6.47422552e-01 6.08916581e-01 2.53495932e-01 5.72863758e-01
    8.96624565e-01 4.01045740e-01 5.83010018e-02 4.23946649e-01
    3.54797930e-01 3.11513394e-01 3.66047025e-03 9.93144512e-01
    4.22665834e-01 8.13995898e-01 1.45417601e-01 9.27006125e-01
    9.71238971e-01 5.13711393e-01 5.12181878e-01 9.43026364e-01
    9.55997407e-01 7.30551243e-01 8.43972087e-01 4.98250246e-01
    7.18877733e-01 6.04737997e-01 6.46194935e-01 1.38132215e-01
    9.24434602e-01 1.76386327e-01 6.86117768e-01 5.86545587e-01
    3.65462542e-01 9.92038131e-01 2.44937092e-01 5.47119081e-02
    8.59991193e-01 7.35865235e-01 5.98888457e-01 8.06927085e-02
    6.78268254e-01 1.98698968e-01 1.53404713e-01 4.94670391e-01
    1.05598718e-01 7.56311595e-01 8.75477672e-01 5.63154101e-01
    2.49092638e-01 4.68013763e-01 9.50940013e-01 9.05709922e-01
    2.70156980e-01 4.90761459e-01 6.74803734e-01 9.81650531e-01
    9.81459856e-01 7.31143177e-01 4.97132570e-01 4.62577939e-01
    5.68674147e-01 1.29335731e-01 4.26814795e-01 8.97433400e-01
    2.28527606e-01 3.77251208e-01 8.68896127e-01 8.35569978e-01
    4.57267076e-01 1.65232480e-01 9.13107872e-01 9.16451633e-01
    6.68614745e-01 4.86873299e-01 1.08338535e-01 9.78932023e-01
    8.39202642e-01 9.28994417e-02 4.12612855e-01 1.54622138e-01
    4.25880909e-01 4.78962660e-01 5.26880324e-02 3.26525152e-01
    5.05721748e-01 7.75493383e-01 9.64194894e-01 8.70134473e-01
    7.68651128e-01 6.91185236e-01 6.75159097e-01 2.75682002e-01
    9.46961820e-01 4.54881042e-01 6.41780734e-01 6.48242652e-01
    7.62461185e-01 6.74000978e-01 4.71155405e-01 5.19213796e-01
    4.70940769e-02 3.93213660e-01 5.97348213e-02 6.17049694e-01
    2.37838060e-01 1.11956298e-01 3.97411674e-01 5.21115422e-01
    7.43449450e-01 2.66313046e-01 1.45981908e-02 9.68502641e-01
    2.74647772e-01 2.48298049e-01 8.22017908e-01 2.62108743e-01
    2.67820686e-01 1.03786618e-01 5.15703857e-01 5.49241722e-01
    6.63984716e-01 5.18136621e-01 3.60378891e-01 6.71192944e-01
    2.54536688e-01 4.25626278e-01 2.00834274e-02 6.79195583e-01
    3.46370250e-01 8.28252912e-01 8.99678111e-01 1.19342476e-01
    5.17825842e-01 3.07132363e-01 1.59109503e-01 7.81618953e-01
    5.93436241e-01 4.81750071e-02 8.34099352e-02 8.05344105e-01
    4.87330377e-01 9.24622715e-02 2.57037789e-01 8.91622841e-01
    1.74637765e-01 1.57274634e-01 7.76946545e-02 4.83309954e-01
    9.07055438e-01 2.81477004e-01 6.49508893e-01 8.04847002e-01
    6.15856528e-01 7.66231358e-01 8.20808113e-01 6.45841658e-01
    6.68554366e-01 1.89983517e-01 7.37920403e-03 7.97052026e-01
    1.04583681e-01 9.43286180e-01 4.76445794e-01 6.12418354e-01
    9.42028046e-01 6.90341592e-02 1.56541705e-01 3.00822586e-01
    7.67000079e-01 2.41959900e-01 8.22357476e-01 3.19035798e-01
    8.96057606e-01 5.67144990e-01 8.55483592e-01 9.55132484e-01
    6.81613982e-01 8.20598543e-01 1.93875313e-01 6.26643002e-01
    4.39772099e-01 8.94552171e-02 5.98938823e-01 9.34462786e-01
    5.42670369e-01 5.35701513e-01 6.49392605e-01 3.05858970e-01
    6.34556055e-01 8.19924355e-01 8.54025722e-01 9.71159697e-01
    1.85562462e-01 9.39927816e-01 1.70319378e-01 8.28638434e-01
    5.45382440e-01 5.26286125e-01 8.32404852e-01 6.18411839e-01
    6.55483007e-01 4.18577045e-01 1.26337737e-01 6.70634031e-01
    8.11188281e-01 2.33168900e-01 5.86479187e-01 8.78979206e-01
    5.04638314e-01 5.67468345e-01 8.76723289e-01 7.64707685e-01
    9.11418557e-01 8.48874927e-01 7.82190025e-01 8.41378689e-01
    2.56247461e-01 1.06802672e-01 1.70365453e-01 1.76451325e-01
    9.37148929e-01 1.67998582e-01 3.47519338e-01 6.92024708e-01
    2.32295871e-01 7.99649119e-01 9.98561144e-01 2.46637344e-01
    2.69249380e-01 5.10262072e-01 4.79820162e-01 9.40633893e-01
    3.10882360e-01 9.04098153e-01 6.76396012e-01 8.39635074e-01
    2.35455811e-01 8.12254667e-01 9.53881085e-01 5.96720815e-01
    9.58760381e-02 4.12727684e-01 8.66315842e-01 7.44819880e-01
    1.82986856e-02 6.19442701e-01 2.22867191e-01 2.69113004e-01
    5.14142931e-01 7.05256283e-01 2.78206587e-01 1.96312398e-01
    3.88732076e-01 3.99362683e-01 4.27548409e-01 7.11489499e-01
    4.88245726e-01 9.24489260e-01 2.40547657e-01 7.35986829e-02
    8.84251773e-01 7.11290956e-01 4.28182572e-01 6.50607228e-01
    8.33695233e-01 1.42887563e-01 4.92713213e-01 3.14772010e-01
    7.01567292e-01 4.77657020e-02 1.27893955e-01 2.41760820e-01
    5.06181836e-01 7.44718075e-01 6.35318041e-01 2.39047289e-01
    4.45705295e-01 5.66879988e-01 4.40412223e-01 7.61077046e-01
    7.66961932e-01 4.91639853e-01 7.48224735e-01 9.89798784e-01
    7.97372758e-01 3.29395235e-01 2.62908280e-01 1.59793019e-01
    8.75470519e-01 3.95238459e-01 6.39763474e-03 5.59307516e-01
    1.59273803e-01 1.85853183e-01 2.39526957e-01 5.48915386e-01
    6.38128817e-02 5.89647233e-01 9.55664456e-01 8.74191761e-01
    7.78187335e-01 4.42957908e-01 3.84734124e-01 4.17641640e-01
    1.95714742e-01 4.26891029e-01 1.95647746e-01 9.75955725e-02
    5.13915479e-01 4.95349586e-01 8.23601127e-01 8.69982600e-01
    6.45348310e-01 6.57335281e-01 8.35597396e-01 8.43562365e-01
    7.14991808e-01 7.92072952e-01 8.99275422e-01 6.91069365e-01
    7.92887747e-01 5.73395789e-01 4.52097297e-01 3.22223514e-01
    1.82729989e-01 8.75714064e-01 3.42016488e-01 2.65167594e-01
    6.38274491e-01 1.46304369e-02 1.92638338e-01 5.20093203e-01
    3.08626592e-02 6.18362486e-01 1.95080310e-01 3.86818826e-01
    1.15515590e-02 4.59360540e-01 7.50460505e-01 1.08641595e-01
    8.16590548e-01 4.84098911e-01 5.63521087e-01 6.48559034e-01
    9.48630869e-02 5.41066468e-01 3.75738114e-01 1.42527819e-01
    9.33682442e-01 2.58590966e-01 1.00404739e-01 8.62561464e-01
    4.28155661e-01 3.46052647e-02 4.37061906e-01 4.06066239e-01
    2.57156163e-01 2.12405771e-01 4.47991222e-01 2.00179398e-01
    6.96649194e-01 1.32562220e-02 1.39373839e-01 9.59069252e-01
    9.83027637e-01 7.08272219e-01 2.64288783e-01 7.01497674e-01
    6.14513993e-01 7.36224174e-01 9.83709335e-01 8.99938583e-01
    1.79990977e-01 9.15067196e-02 8.56462717e-02 9.22457218e-01
    5.56856513e-01 2.58170903e-01 2.86084890e-01 3.48187625e-01
    3.17476988e-01 9.48037148e-01 8.98662806e-01 5.91067791e-01
    8.12592387e-01 3.15971673e-01 4.35782373e-01 3.43771279e-01
    5.42077303e-01 8.40578198e-01 5.01004755e-02 8.93996954e-01
    9.29023266e-01 5.95984697e-01 7.85709679e-01 4.56751347e-01
    8.96609068e-01 9.14497495e-01 7.11152494e-01 3.96981895e-01
    4.74680483e-01 9.77686524e-01 9.30029154e-02 6.33390188e-01
    2.50399947e-01 8.02271724e-01 5.10825753e-01 1.11673594e-01
    3.62626404e-01 9.59760249e-01 7.42454290e-01 1.95302546e-01
    8.54350924e-01 8.10952544e-01 9.81599331e-01 3.61589789e-01
    8.23835552e-01 9.67620850e-01 1.13308758e-01 6.59460068e-01
    6.73092306e-02 4.53994274e-02 5.68074822e-01 6.61175966e-01
    5.58066130e-01 3.21273148e-01 5.29135704e-01 1.73202276e-01
    9.75623369e-01 2.29299217e-01 5.20334899e-01 6.48305714e-01
    7.01595724e-01 7.82263756e-01 1.93875313e-01 6.26643002e-01
    4.39772099e-01 8.94552171e-02 5.98938823e-01 9.34462786e-01
    5.42670369e-01 5.35701513e-01 6.49392605e-01 3.05858970e-01
    9.06331062e-01 3.27804804e-01 6.47721648e-01 2.66786635e-01
    5.08622468e-01 1.33628279e-01 4.04707909e-01 7.77862132e-01
    8.13401401e-01 6.96896136e-01 5.53742826e-01 8.86802077e-01
    6.91508889e-01 7.40943730e-01 4.57890183e-01 8.39951634e-01
    2.25916505e-02 8.77330184e-01 8.37960720e-01 5.92468023e-01
    9.39138234e-02 9.16667700e-01 5.33746719e-01 3.75893712e-01
    4.76575434e-01 5.79192340e-02 7.07844138e-01 2.52696335e-01
    8.03908646e-01 2.46643811e-01 4.00539994e-01 2.87886083e-01
    9.19279933e-01 3.82230163e-01 1.78611040e-01 5.57446003e-01
    8.30483556e-01 5.97085893e-01 7.08047032e-01 1.71844959e-02
    4.35926020e-01 2.49308348e-02 3.48760396e-01 3.64923835e-01
    8.16921115e-01 3.75057340e-01 9.64613020e-01 9.48803425e-02
    8.33350778e-01 3.58440340e-01 9.06563997e-01 5.02021849e-01
    5.43910861e-02 7.40680695e-02 8.95001173e-01 3.20401788e-02
    8.45989883e-01 1.74195766e-02 4.87071633e-01 9.27478552e-01
    7.89893627e-01 9.20274854e-01 3.13754141e-01 8.27407420e-01
    8.04919839e-01 6.98754132e-01 2.21301973e-01 2.67890513e-01
    5.27777553e-01 1.94009393e-01 8.53762925e-01 6.43620551e-01
    4.12361026e-02 7.14078188e-01 5.75648844e-02 6.85704112e-01
    7.32135057e-01 3.00411552e-01 6.30004525e-01 7.19023228e-01
    6.50364399e-01 7.71447361e-01 4.91647035e-01 8.29899430e-01
    8.80808651e-01 8.39967966e-01 3.35335135e-02 4.07908797e-01
    3.79659027e-01 9.62618887e-01 1.05127901e-01 6.79953814e-01
    7.91661739e-01 3.66091788e-01 3.40270758e-01 7.94262290e-01
    9.16230857e-01 7.60355473e-01 3.58589768e-01 2.75262266e-01
    7.32594371e-01 8.88373971e-01 7.95963883e-01 5.58834732e-01
    2.86399484e-01 4.98757869e-01 5.41822910e-01 7.59301722e-01
    6.81510627e-01 4.65383500e-01 7.23869920e-01 5.49117804e-01
    9.13425565e-01 1.44312650e-01 8.29710245e-01 3.10715675e-01
    6.13511443e-01 6.09459043e-01 6.43126070e-01 5.51064253e-01
    8.04829001e-02 9.20263827e-02 3.38037103e-01 5.02774358e-01
    3.32746208e-01 7.55059242e-01 3.05076778e-01 2.64302194e-01
    2.35612512e-01 5.10628462e-01 9.58785772e-01 8.84566665e-01
    4.25113797e-01 5.41838527e-01 5.30106127e-01 4.01947945e-01
    4.22034681e-01 5.95313728e-01 5.80343127e-01 6.82986915e-01
    3.66658151e-01 7.94242978e-01 6.31636560e-01 5.37703514e-01
    5.94096065e-01 6.74818993e-01 3.15977603e-01 8.49362612e-01
    5.93806386e-01 7.95930028e-01 5.15774608e-01 7.64126420e-01
    3.82337570e-02 3.25504392e-01 7.66792297e-01 6.29789710e-01
    2.60563612e-01 4.78441447e-01 8.33885074e-01 1.90404952e-02
    4.85396683e-01 9.21330690e-01 7.57734656e-01 8.41397882e-01
    1.36350244e-01 4.11494195e-01 5.69375634e-01 3.52621794e-01
    2.74092555e-01 2.71373570e-01 5.02976716e-01 1.93128675e-01
    9.55984592e-02 6.23537719e-01 8.96828413e-01 7.16750503e-01
    2.18276531e-01 1.69436961e-01 5.54165244e-03 6.07978702e-02
    5.79184771e-01 5.89991510e-02 5.51397443e-01 4.72388387e-01
    5.69968343e-01 2.63012588e-01 3.38378191e-01 4.04969066e-01
    2.50579357e-01 9.92847145e-01 4.84733641e-01 5.39622605e-01
    5.27503967e-01 9.48714495e-01 3.85824740e-02 8.44812036e-01
    8.30150068e-01 5.54911137e-01 8.97671223e-01 6.00055575e-01
    3.48846674e-01 1.80742443e-01 2.36714363e-01 4.73974675e-01
    2.32692480e-01 8.48819196e-01 1.92754328e-01 5.31010270e-01
    3.14273953e-01 8.74074161e-01 5.36766291e-01 7.34305501e-01
    5.37409365e-01 3.83643806e-02 5.80522358e-01 4.20495152e-01
    4.69989926e-01 6.09883487e-01 9.72795606e-01 6.27873421e-01
    7.19071865e-01 6.68342292e-01 8.58567476e-01 3.46844196e-02
    5.60975075e-03 6.10621870e-02 8.86301160e-01 2.83718079e-01
    8.74931812e-01 9.64554489e-01 7.63315558e-01 9.35668111e-01
    1.49131000e-01 9.58188295e-01 2.50245929e-02 2.16687679e-01
    2.47828543e-01 4.70339388e-01 9.98948336e-01 4.86284435e-01
    3.43765914e-02 4.15023863e-02 3.87315094e-01 6.03269398e-01
    9.80255842e-01 2.29096502e-01 2.38640368e-01 7.13914633e-01
    4.25952077e-01 8.14397454e-01 3.83724749e-01 7.42591023e-02
    3.18762660e-02 6.51252687e-01 5.83207667e-01 2.29107141e-02
    9.06331062e-01 3.27804804e-01 6.47721648e-01 2.66786635e-01
    5.08622468e-01 1.33628279e-01 4.04707909e-01 7.77862132e-01
    8.13401401e-01 6.96896136e-01 8.27383101e-02 5.79109073e-01
    1.05157197e-01 6.11554503e-01 7.08762109e-01 6.62850678e-01
    5.78947484e-01 6.53569043e-01 1.15283638e-01 5.53090513e-01
    1.85774267e-02 2.37012535e-01 6.56400144e-01 7.05415249e-01
    7.80893862e-02 5.37145197e-01 7.13982344e-01 2.05970645e-01
    4.71755654e-01 6.03454828e-01 3.26899260e-01 6.98108077e-02
    3.38610172e-01 1.86131299e-02 9.49390054e-01 4.78636026e-02
    2.10782826e-01 1.50183022e-01 6.02702856e-01 2.92712867e-01
    4.99259233e-01 4.88429695e-01 4.06991571e-01 8.24970841e-01
    1.75056666e-01 5.63838959e-01 4.08108830e-02 7.65970826e-01
    7.69889832e-01 6.18075013e-01 2.87013292e-01 2.38728315e-01
    5.04881442e-01 4.57228422e-02 7.39872694e-01 1.00544572e-01
    4.22498852e-01 1.90929651e-01 4.88931030e-01 4.69103634e-01
    1.56464875e-01 4.97696131e-01 8.29228640e-01 6.15601838e-01
    2.87326097e-01 5.15778482e-01 6.99025750e-01 4.60447609e-01
    9.65279460e-01 5.29683769e-01 3.12054992e-01 5.50582826e-01
    9.17134285e-02 2.29218751e-01 6.40085936e-01 1.20654553e-01
    2.16838419e-01 8.35682034e-01 8.07484388e-01 3.98311228e-01
    5.94152808e-01 4.55926359e-02 2.04601556e-01 6.76600635e-02
    6.74035430e-01 6.37848735e-01 9.18921590e-01 9.05887544e-01
    9.79440451e-01 8.68664742e-01 3.72946262e-03 2.88253844e-01
    4.09208983e-01 7.27980137e-01 9.57696617e-01 6.39404595e-01
    5.48891366e-01 3.62616181e-01 9.20153975e-01 3.31249774e-01
    1.19958371e-01 8.92017722e-01 3.33094120e-01 3.40801477e-01
    7.39710450e-01 9.55066741e-01 5.82200289e-01 9.01043415e-04
    5.63418984e-01 5.45490682e-01 2.55498827e-01 3.55074048e-01
    5.69845200e-01 1.14201695e-01 8.55040073e-01 4.51413691e-01
    7.83699095e-01 3.77717018e-01 4.72352326e-01 9.02703047e-01
    1.79158628e-01 2.32940733e-01 5.09302616e-02 7.92874396e-01
    2.47534990e-01 8.94266665e-02 2.96272576e-01 5.27216971e-01
    4.04641181e-01 7.22174227e-01 9.20954943e-01 5.72831273e-01
    5.05644798e-01 7.81624079e-01 9.52295125e-01 3.24360907e-01
    3.85519445e-01 4.58268523e-02 8.77155900e-01 5.56736350e-01
    7.95692503e-01 8.34602594e-01 4.19893920e-01 6.38553977e-01
    2.46258795e-01 4.41569716e-01 1.78199083e-01 8.38355184e-01
    4.47050393e-01 1.83756977e-01 4.12024617e-01 4.16001976e-01
    1.01430446e-01 5.30921757e-01 8.66119385e-01 4.85595882e-01
    6.64517164e-01 4.94613290e-01 4.56909090e-01 6.90226972e-01
    7.50283301e-01 2.02952325e-01 1.90489739e-01 2.52874970e-01
    8.91115725e-01 3.14057767e-02 3.06682885e-01 8.61095428e-01
    2.31607974e-01 3.55353296e-01 5.71250916e-04 8.00073445e-01
    5.01887262e-01 3.14689368e-01 4.37128544e-01 4.10508066e-01
    3.00785065e-01 9.65588331e-01 9.90617573e-02 2.72792578e-01
    3.35217446e-01 5.38770497e-01 2.30914265e-01 3.52956146e-01
    9.78790283e-01 3.06092739e-01 1.83790624e-01 5.01913011e-01
    4.09869552e-01 5.32681942e-01 1.28911793e-01 7.87451029e-01
    4.80749071e-01 1.61105782e-01 1.00233942e-01 1.36202395e-01
    6.89685166e-01 3.46084714e-01 2.63543129e-01 6.92355990e-01
    8.86358380e-01 1.12805188e-01 7.51335323e-01 2.94628382e-01
    5.02900541e-01 6.81009293e-01 2.20371425e-01 9.46114898e-01
    7.90608406e-01 6.72678649e-01 1.99243426e-01 5.00535846e-01
    3.27075303e-01 2.69940436e-01 1.37877256e-01 3.68765771e-01
    9.68917131e-01 1.63536072e-01 5.36969125e-01 7.04214334e-01
    1.56851262e-01 4.59483176e-01 6.11123145e-01 3.79483819e-01
    6.27709270e-01 3.27827483e-01 9.54620481e-01 6.64565206e-01
    8.52815747e-01 1.97429776e-01 5.21024704e-01 8.75126183e-01
    3.57917339e-01 9.71901655e-01 6.86462998e-01 3.92414868e-01
    3.90621126e-02 6.91005230e-01 3.84366512e-01 9.77839828e-01
    8.14446270e-01 1.93227410e-01 6.17831349e-01 3.05396974e-01
    4.16522145e-01 4.52227354e-01 9.87891197e-01 4.18742299e-02
    6.63093150e-01 9.56705570e-01 8.32410395e-01 5.51590502e-01
    2.75429547e-01 6.73677564e-01 3.15968394e-01 1.98944360e-01
    8.27660680e-01 4.03026760e-01 6.60622597e-01 5.12379110e-01
    9.29804027e-01 1.49801075e-01 4.16710377e-02 9.94994342e-02
    9.04849768e-01 4.52541113e-02 8.27383101e-02 5.79109073e-01
    1.05157197e-01 6.11554503e-01 7.08762109e-01 6.62850678e-01
    5.78947484e-01 6.53569043e-01 1.15283638e-01 5.53090513e-01
    6.18048012e-01 4.73172009e-01 9.28041339e-01 6.86777771e-01
    6.20601773e-01 6.36838913e-01 1.48387641e-01 7.52585649e-01
    5.81438661e-01 4.54719931e-01 4.66680646e-01 6.43629730e-01
    5.85728824e-01 9.67447281e-01 5.52587509e-01 9.74182785e-01
    6.89013779e-01 2.87763834e-01 4.84366983e-01 2.60367751e-01
    6.95616007e-02 7.34234154e-01 3.09800208e-02 8.46057355e-01
    4.88245606e-01 8.03370118e-01 7.89485455e-01 2.38745362e-01
    8.67723286e-01 1.24765247e-01 9.67929661e-02 6.82565451e-01
    6.30129278e-01 7.52761245e-01 3.97298992e-01 2.55970329e-01
    1.22537911e-02 3.10022265e-01 1.55018598e-01 7.25071371e-01
    5.82844615e-01 5.35629630e-01 5.31670749e-01 1.16469413e-01
    3.77593249e-01 8.23694289e-01 6.78536296e-02 2.21429557e-01
    2.91799843e-01 4.54507768e-02 6.74154282e-01 5.28321743e-01
    2.22647130e-01 8.40183973e-01 6.57138228e-01 1.41690284e-01
    7.11498141e-01 9.61014628e-01 2.94674635e-01 7.24549294e-01
    2.77480066e-01 8.24977815e-01 7.76318014e-01 7.97641516e-01
    6.06125772e-01 9.82213736e-01 5.04571974e-01 3.22172493e-01
    7.07723618e-01 9.11603451e-01 7.48654008e-02 5.96861541e-02
    4.10096526e-01 1.45087242e-02 2.89186239e-02 9.57694650e-02
    6.30300999e-01 6.53438032e-01 9.00419235e-01 2.46679515e-01
    5.66572547e-01 5.25624990e-01 8.99854124e-01 2.00840831e-03
    7.27772057e-01 2.93685853e-01 3.44315380e-01 6.66885316e-01
    5.55509806e-01 8.35712552e-01 4.79005188e-01 2.99284548e-01
    2.76163578e-01 3.49724114e-01 7.65846014e-01 4.89793777e-01
    5.92351973e-01 9.43969846e-01 1.92388058e-01 8.47164452e-01
    2.94678092e-01 7.34975934e-01 8.14882278e-01 6.73905909e-01
    1.69444501e-01 9.22151148e-01 5.51345050e-01 2.71627963e-01
    3.37181449e-01 6.09807909e-01 3.99058491e-01 7.17439532e-01
    8.66624713e-01 3.45893204e-01 9.07979667e-01 8.14322710e-01
    9.60851312e-01 3.46447438e-01 8.09708238e-01 3.06774050e-01
    3.27624500e-01 7.57134676e-01 8.76752615e-01 6.22866750e-01
    6.08820975e-01 6.48026824e-01 3.93843800e-01 2.00372905e-01
    1.92171901e-01 5.64694405e-03 8.12131286e-01 8.54305148e-01
    5.82266510e-01 1.11435890e-01 5.58671713e-01 4.86923188e-01
    3.71055603e-02 7.83572435e-01 2.40029126e-01 7.77082682e-01
    1.18579000e-01 3.10788214e-01 4.40188020e-01 2.69127011e-01
    2.89809704e-03 1.43754393e-01 7.57511854e-01 9.00727391e-01
    3.74428332e-01 6.77664995e-01 3.85499865e-01 5.34725249e-01
    8.24494720e-01 1.86854511e-01 1.30555868e-01 7.46201575e-01
    7.32712328e-01 5.06693959e-01 8.23700368e-01 3.59238625e-01
    9.28422809e-03 3.62680733e-01 4.60214168e-01 8.02085876e-01
    7.16291487e-01 8.64981115e-01 1.21026963e-01 3.51624072e-01
    8.17066908e-01 6.36507034e-01 5.33070207e-01 7.91858137e-01
    8.68036747e-01 7.20789909e-01 5.92896640e-01 6.31405473e-01
    3.48385692e-01 9.00556087e-01 5.48518896e-02 7.83371866e-01
    4.60203230e-01 7.73858190e-01 3.70346785e-01 9.43972826e-01
    7.17408478e-01 2.94566154e-02 4.19549167e-01 1.36628419e-01
    3.62817794e-01 6.19546652e-01 8.02637756e-01 7.14386582e-01
    6.02511823e-01 2.36299276e-01 3.78954917e-01 9.91490483e-01
    8.44975293e-01 6.60027266e-02 4.84847367e-01 7.37342477e-01
    4.54630822e-01 6.29467785e-01 3.08986634e-01 6.77820086e-01
    8.30420732e-01 6.45328522e-01 7.77516127e-01 9.14557695e-01
    4.92981642e-01 6.05612934e-01 4.76015508e-01 6.12072706e-01
    8.98047447e-01 5.06414115e-01 2.06835210e-01 4.75675970e-01
    7.44349122e-01 1.46314144e-01 3.30698192e-01 9.75969255e-01
    5.36472321e-01 4.89333063e-01 3.54588807e-01 8.62872005e-01
    6.93844736e-01 1.98270082e-01 4.95357007e-01 3.75283211e-01
    8.01727772e-01 9.58723187e-01 7.27394342e-01 9.03824449e-01
    7.44511604e-01 5.95203876e-01 4.99875456e-01 5.24572015e-01
    9.18389678e-01 7.73643255e-01 8.00403953e-01 7.10287690e-03
    9.78892207e-01 8.59061897e-01 5.25859237e-01 3.04625005e-01
    6.25033438e-01 5.26157439e-01 5.41833520e-01 5.86342573e-01
    5.18971503e-01 9.88475382e-02 6.45292044e-01 1.08563006e-01
    3.38307381e-01 8.58234525e-01 5.94638526e-01 2.27128714e-01
    6.18048012e-01 4.73172009e-01 9.28041339e-01 6.86777771e-01
    6.20601773e-01 6.36838913e-01 1.48387641e-01 7.52585649e-01
    5.81438661e-01 4.54719931e-01 7.90482402e-01 6.17722631e-01
    4.33468193e-01 5.20980060e-01 6.48564875e-01 1.30385607e-01
    3.69125605e-03 3.42741072e-01 2.46958613e-01 1.02925777e-01
    5.21315336e-01 7.71520495e-01 9.95434761e-01 9.33855891e-01
    7.12606311e-03 3.95016253e-01 3.18017602e-02 7.89867222e-01
    3.36178839e-02 1.16699994e-01 9.06516194e-01 8.41836691e-01
    8.14608574e-01 1.11308008e-01 3.47189605e-02 7.08827376e-01
    6.60487056e-01 8.14456165e-01 5.32999635e-01 7.66516566e-01
    9.22564089e-01 9.02938664e-01 8.24798405e-01 9.38470364e-01
    1.40249640e-01 4.01893556e-01 3.77665460e-01 9.83043134e-01
    2.48553157e-01 2.27265567e-01 7.22211957e-01 9.35800612e-01
    7.47091472e-01 8.60704899e-01 6.21483088e-01 3.26177657e-01
    5.19003689e-01 4.32111681e-01 9.44902539e-01 3.13241482e-01
    2.02978760e-01 4.11221385e-03 9.70459819e-01 7.93971717e-02
    1.29996955e-01 6.07968271e-01 9.65722799e-01 5.38168669e-01
    2.00277567e-01 2.55696595e-01 1.48965687e-01 3.24172199e-01
    6.58243597e-01 8.06509495e-01 7.02247381e-01 2.47708857e-01
    7.81373620e-01 3.54279459e-01 2.28376120e-01 7.93349445e-02
    6.38255835e-01 8.75822067e-01 5.63074112e-01 1.76209390e-01
    6.21850491e-01 7.76955187e-01 2.25208640e-01 8.73090506e-01
    7.43788183e-01 5.31333387e-01 3.58072698e-01 7.77934074e-01
    6.87270343e-01 5.31066597e-01 4.48064774e-01 9.31919575e-01
    2.05360234e-01 8.04301500e-02 9.91125345e-01 8.44592214e-01
    7.34806895e-01 8.07348609e-01 2.57713556e-01 3.51254612e-01
    5.94858348e-01 6.89969420e-01 3.78008246e-01 7.84313798e-01
    6.42567515e-01 2.64407694e-01 7.62439787e-01 2.58189321e-01
    2.66586542e-01 6.18854702e-01 4.48304355e-01 3.56726885e-01
    9.64990616e-01 8.03976119e-01 1.06394023e-01 5.99581003e-02
    1.70614779e-01 9.82394338e-01 3.51572722e-01 5.23035824e-01
    4.18089330e-02 2.29756832e-02 2.84781754e-02 8.52377295e-01
    1.38576359e-01 4.86557096e-01 3.23886514e-01 4.58606958e-01
    9.85573828e-02 2.76730835e-01 7.60949016e-01 6.29635274e-01
    4.99786019e-01 4.50668067e-01 1.46677881e-01 9.63700414e-01
    7.66168475e-01 9.63826180e-01 5.43044209e-02 9.28225994e-01
    1.21188790e-01 8.72416377e-01 6.84992909e-01 2.50600457e-01
    6.41332686e-01 6.90145791e-01 2.65195549e-01 5.27217507e-01
    6.95133924e-01 4.76014227e-01 5.26789963e-01 3.11667383e-01
    8.87489140e-01 2.65430570e-01 7.54424691e-01 8.73936296e-01
    9.53144670e-01 6.52598560e-01 4.28999782e-01 9.89240170e-01
    4.76490945e-01 3.69824350e-01 7.33196437e-01 2.18196779e-01
    3.44849885e-01 4.14507627e-01 8.75270009e-01 3.66022706e-01
    4.44520086e-01 4.62941349e-01 1.65133625e-01 7.50298619e-01
    2.05769747e-01 8.63585353e-01 1.57644719e-01 6.44482970e-02
    2.26258367e-01 6.36763096e-01 6.96027875e-01 5.83480597e-01
    1.48958862e-01 9.87097740e-01 5.98861575e-01 3.47642571e-01
    3.98504466e-01 9.75195765e-02 2.26944655e-01 7.12208807e-01
    7.51838565e-01 5.21733880e-01 1.17144495e-01 4.40311790e-01
    2.04122365e-02 2.71785796e-01 5.41510582e-01 2.70209253e-01
    8.03289533e-01 6.04825914e-01 1.25736773e-01 8.29081118e-01
    3.72049570e-01 7.58561373e-01 9.83307481e-01 2.31799752e-01
    5.98420560e-01 4.38665479e-01 9.67720091e-01 6.39726222e-02
    4.84226793e-01 1.30715013e-01 6.25688612e-01 5.17162383e-01
    5.85467577e-01 3.17694366e-01 5.23882568e-01 2.44179130e-01
    4.18041587e-01 8.83083224e-01 2.97703087e-01 4.80913132e-01
    9.70591307e-02 9.50834751e-01 7.30528355e-01 9.04730201e-01
    5.34981132e-01 5.45265377e-02 6.65180206e-01 2.51876950e-01
    3.90640885e-01 7.59355783e-01 6.87984228e-01 7.41948664e-01
    1.91993773e-01 5.94331503e-01 1.66547269e-01 1.12712860e-01
    2.09065914e-01 3.15411627e-01 2.34474808e-01 4.00398493e-01
    1.57732308e-01 4.68267202e-02 4.58739102e-02 4.25181150e-01
    7.63082147e-01 2.78109193e-01 3.61708820e-01 8.22081685e-01
    5.52996933e-01 6.00113392e-01 1.30193889e-01 7.73761392e-01
    7.56165743e-01 4.22074765e-01 4.21526104e-01 6.51576459e-01
    4.38430041e-01 4.65510249e-01 7.77848721e-01 9.49933410e-01
    3.74938071e-01 1.83153778e-01 7.90482402e-01 6.17722631e-01
    4.33468193e-01 5.20980060e-01 6.48564875e-01 1.30385607e-01
    3.69125605e-03 3.42741072e-01 2.46958613e-01 1.02925777e-01
    3.93788546e-01 3.48692656e-01 2.60337532e-01 5.54359794e-01
    9.08996642e-01 8.01418185e-01 8.02144825e-01 8.94852519e-01
    5.39051235e-01 1.11452490e-01 2.05063224e-02 5.23443580e-01
    7.08663762e-02 8.82359385e-01 2.51633465e-01 6.22152448e-01
    6.67755306e-02 1.05768502e-01 5.21653831e-01 1.84031427e-02
    7.84312010e-01 6.59066319e-01 8.26270938e-01 1.79687709e-01
    2.98186183e-01 5.48224211e-01 6.81528568e-01 8.51694107e-01
    9.60648119e-01 6.62086606e-01 8.96866024e-02 3.21163297e-01
    7.99552977e-01 7.54982233e-04 6.53490841e-01 3.94056886e-01
    2.72962153e-01 8.96943212e-02 5.55091679e-01 2.93540925e-01
    9.72639382e-01 3.18211496e-01 3.11713219e-02 9.48407352e-01
    3.46729428e-01 9.56048965e-02 7.85032868e-01 4.46748614e-01
    7.50368059e-01 9.99207854e-01 3.12376916e-01 5.93523562e-01
    5.13443828e-01 7.38420188e-02 8.44744325e-01 7.66129255e-01
    3.78646553e-01 6.71061635e-01 1.00002944e-01 5.53144276e-01
    6.75881863e-01 4.48894888e-01 3.76532584e-01 5.62106013e-01
    7.32792795e-01 1.40635759e-01 7.94406772e-01 9.21754122e-01
    6.50058210e-01 4.45954770e-01 8.63791823e-01 8.53900194e-01
    1.00726753e-01 4.91069794e-01 3.09760898e-01 9.92689252e-01
    8.78162146e-01 5.13684511e-01 8.45603585e-01 3.12412977e-02
    6.63534164e-01 2.46748775e-01 2.65811235e-01 9.74749923e-02
    4.94743079e-01 5.50709248e-01 8.02395940e-01 1.76187307e-01
    5.63872755e-02 5.96179128e-01 2.61502177e-01 5.99042892e-01
    7.23101795e-02 8.44409764e-02 5.67010224e-01 2.55681753e-01
    4.55944121e-01 3.11505288e-01 2.45103657e-01 9.64807630e-01
    9.35773253e-02 8.80808592e-01 9.05950308e-01 4.87478554e-01
    5.53603113e-01 4.18816745e-01 7.10348904e-01 8.25953484e-01
    9.06655312e-01 6.82533145e-01 7.27046847e-01 1.65621489e-01
    4.70689774e-01 2.21426338e-01 4.32232141e-01 2.17387199e-01
    4.41735744e-01 6.11572683e-01 2.51834869e-01 3.79472315e-01
    6.44292355e-01 9.74156260e-01 5.04218876e-01 8.37653637e-01
    1.20970577e-01 7.26764858e-01 6.52204633e-01 2.78449953e-02
    9.43684161e-01 1.74529731e-01 6.04787111e-01 5.38499773e-01
    8.12081695e-02 2.72852659e-01 2.69107461e-01 1.72062218e-02
    3.85423541e-01 2.62738228e-01 5.87847948e-01 5.75653195e-01
    4.63039488e-01 6.47208393e-02 5.15083790e-01 9.21161771e-01
    4.57693636e-02 8.52129221e-01 6.24810398e-01 5.80531776e-01
    7.46705294e-01 5.84443271e-01 5.39790869e-01 7.37483859e-01
    6.75476313e-01 7.08143711e-01 3.72006238e-01 5.84384501e-02
    9.77826595e-01 7.06439853e-01 4.80227262e-01 6.06568336e-01
    2.92031586e-01 6.50789559e-01 9.77183938e-01 4.86983567e-01
    1.73922896e-01 1.75960660e-01 3.54357064e-01 5.59168458e-02
    1.53081656e-01 8.20484519e-01 9.86930966e-01 2.35369712e-01
    2.89716363e-01 1.78790510e-01 2.80167699e-01 2.30968714e-01
    4.83944416e-02 1.67802840e-01 3.51637721e-01 6.26532555e-01
    6.30676389e-01 4.68416482e-01 1.13843977e-01 4.51982707e-01
    3.39897603e-01 7.44657993e-01 5.57156265e-01 7.12418556e-01
    8.22560191e-01 3.68269265e-01 8.12956214e-01 1.50194138e-01
    2.14888632e-01 8.15662026e-01 7.31411994e-01 2.46732563e-01
    3.76091242e-01 9.48893130e-02 9.50489759e-01 4.94021237e-01
    9.23959315e-02 1.02489948e-01 1.57133579e-01 9.31451559e-01
    3.68990570e-01 6.55227900e-03 1.87869340e-01 6.04627192e-01
    3.47774565e-01 5.77359796e-02 9.58749533e-01 6.00077331e-01
    8.74068618e-01 1.80997074e-01 4.24933851e-01 6.41674399e-01
    7.43200064e-01 6.14018798e-01 6.76133037e-02 8.85523975e-01
    1.00692064e-01 6.86855078e-01 5.61355948e-02 6.39978409e-01
    9.43014503e-01 5.59598505e-01 6.36716723e-01 5.64306617e-01
    7.72428155e-01 7.14959443e-01 6.05371237e-01 6.84084058e-01
    2.32542753e-02 3.51927221e-01 4.04450893e-02 3.12962562e-01
    3.84590894e-01 1.75050199e-01 6.96283042e-01 1.63560420e-01
    8.43846798e-01 5.08398592e-01 7.94223845e-01 3.76735449e-01
    2.26135671e-01 9.41274703e-01 3.15816104e-02 6.31860495e-02
    8.46189499e-01 5.21587610e-01 3.39782000e-01 7.34404981e-01
    7.77436495e-01 1.03842974e-01 8.16218972e-01 9.08750892e-01
    3.93788546e-01 3.48692656e-01 2.60337532e-01 5.54359794e-01
    9.08996642e-01 8.01418185e-01 8.02144825e-01 8.94852519e-01
    5.39051235e-01 1.11452490e-01 3.28844130e-01 1.50414497e-01
    5.64955831e-01 7.87513554e-01 9.44025874e-01 7.71536708e-01
    9.66863990e-01 5.81724882e-01 2.35594243e-01 8.36668193e-01
    1.73285306e-01 4.60773706e-01 1.01561993e-01 3.98336649e-02
    4.70879108e-01 5.87007761e-01 2.04777241e-01 7.09141850e-01
    9.63450968e-02 7.77148247e-01 9.76640582e-01 3.82078588e-01
    5.74805677e-01 3.82783771e-01 3.58567417e-01 7.54434288e-01
    3.11841309e-01 4.66113567e-01 5.17548978e-01 1.85223699e-01
    2.37896413e-01 6.75184429e-02 1.25045061e-01 1.86858892e-01
    3.78039539e-01 8.05189192e-01 8.22435975e-01 8.10871065e-01
    1.11268640e-01 6.99326158e-01 6.95056856e-01 2.73035347e-01
    8.63768876e-01 3.87920231e-01 6.35349154e-01 2.59303033e-01
    6.73087955e-01 5.01469791e-01 8.43231678e-01 3.09894145e-01
    5.82543373e-01 9.52844858e-01 3.94896418e-01 6.85522974e-01
    9.79431868e-01 8.47108662e-01 3.31258178e-01 6.30318046e-01
    6.69872165e-01 7.18060613e-01 7.78640747e-01 3.18406522e-02
    5.10799646e-01 1.88146770e-01 6.61100149e-01 5.36283016e-01
    9.47901011e-02 5.44072986e-01 9.99462366e-01 3.28308105e-01
    2.27332115e-04 8.81880760e-01 1.33913130e-01 8.93702149e-01
    8.16387534e-01 3.88731271e-01 3.56500894e-01 9.92529035e-01
    7.54346132e-01 8.13047349e-01 2.33036160e-01 6.86829746e-01
    7.28246868e-02 1.62526637e-01 7.46449053e-01 8.18866611e-01
    6.32357895e-01 6.54258490e-01 8.22047472e-01 4.45475280e-02
    3.76363605e-01 8.14912438e-01 9.74552929e-02 8.00766110e-01
    9.25639987e-01 5.25857389e-01 2.72114873e-02 6.66587710e-01
    9.57748294e-01 1.96150541e-01 1.01036698e-01 6.10374391e-01
    6.19642794e-01 8.56806278e-01 8.54113936e-01 1.61450207e-01
    4.28618222e-01 2.86741793e-01 3.38858247e-01 5.48864484e-01
    9.76036727e-01 7.94591188e-01 1.25785708e-01 8.12920213e-01
    8.44175339e-01 4.50807065e-01 8.34853649e-01 2.71850228e-02
    9.07822669e-01 2.83502221e-01 9.22539353e-01 1.61011636e-01
    5.86679816e-01 7.64134169e-01 8.36578310e-02 3.48574042e-01
    4.08080339e-01 2.63304770e-01 5.16977608e-01 7.82465100e-01
    7.89820671e-01 7.15181172e-01 2.86748648e-01 9.09617603e-01
    1.83033943e-01 7.71731019e-01 8.72355938e-01 1.23935848e-01
    9.50058460e-01 1.61491394e-01 7.36484408e-01 6.48921192e-01
    4.38485682e-01 5.11990786e-01 9.28093851e-01 5.00998795e-02
    7.45742857e-01 2.98184931e-01 9.56663251e-01 4.06481504e-01
    7.33305633e-01 1.06968552e-01 6.26749396e-01 4.84447002e-01
    3.31197858e-01 5.80614030e-01 4.90615994e-01 7.86787748e-01
    1.48990005e-01 5.89461505e-01 6.50598109e-01 4.73263025e-01
    3.23598504e-01 7.97523558e-02 3.14496338e-01 1.59761965e-01
    6.81714535e-01 5.44908941e-01 4.69858021e-01 8.71587873e-01
    1.93610460e-01 6.02394044e-01 3.99214327e-02 8.28070164e-01
    9.96116042e-01 6.26928151e-01 5.50568640e-01 6.81052446e-01
    7.41899788e-01 6.94289982e-01 3.86562705e-01 1.42759979e-01
    1.53542876e-01 7.20512033e-01 2.61523843e-01 8.74761999e-01
    2.11652339e-01 7.10459113e-01 8.68600607e-01 4.45088118e-01
    5.09221256e-02 7.13323474e-01 9.53441620e-01 4.22841847e-01
    4.07870114e-01 5.78365922e-01 6.80743873e-01 2.22776890e-01
    7.51456559e-01 5.87181449e-02 4.76355582e-01 4.29148167e-01
    2.59176850e-01 1.42671794e-01 8.78828287e-01 8.04049969e-01
    5.61128199e-01 9.50419903e-02 7.32769787e-01 1.09527469e-01
    1.31073058e-01 4.42335546e-01 4.79474813e-01 7.66397953e-01
    6.49581492e-01 1.93046153e-01 6.11052573e-01 7.66308308e-02
    6.69910133e-01 7.83704996e-01 8.62229586e-01 2.71559000e-01
    8.25259328e-01 8.72381568e-01 2.80581623e-01 7.61640429e-01
    8.25369000e-01 6.99165225e-01 2.86623836e-03 3.28829885e-02
    6.29900277e-01 3.71202826e-02 5.36223948e-01 3.86397630e-01
    7.63002157e-01 6.80754781e-01 8.30654860e-01 2.37810105e-01
    2.53597140e-01 6.81836307e-02 4.76313531e-02 4.12765026e-01
    9.41217244e-02 4.50429827e-01 9.55117345e-01 3.93825829e-01
    5.43774307e-01 9.33297634e-01 5.07708251e-01 5.45542538e-01
    4.96664613e-01 8.50148141e-01 7.44894624e-01 2.58989334e-01
    5.73813617e-01 7.02406108e-01 3.28844130e-01 1.50414497e-01
    5.64955831e-01 7.87513554e-01 9.44025874e-01 7.71536708e-01
    9.66863990e-01 5.81724882e-01 2.35594243e-01 8.36668193e-01
    1.33050740e-01 1.37529075e-01 7.30480433e-01 5.00577509e-01
    6.79173112e-01 6.77401543e-01 5.52177310e-01 8.55236650e-01
    3.23887140e-01 5.36437333e-01 7.86763489e-01 2.05555141e-01
    2.14232862e-01 6.29996061e-01 9.34465766e-01 8.44607532e-01
    5.59940875e-01 1.77891761e-01 1.80805057e-01 2.60114670e-04
    2.52683163e-01 4.71404195e-03 3.28264743e-01 9.31936979e-01
    3.35950911e-01 6.24619961e-01 4.08080429e-01 6.60136342e-01
    3.41314971e-01 7.46334195e-01 1.30683899e-01 2.30748057e-02
    5.48609734e-01 9.84902859e-01 5.78151345e-01 2.22478688e-01
    9.45558488e-01 8.82146060e-01 8.96055579e-01 9.73106742e-01
    3.13122243e-01 4.10733759e-01 6.15607202e-01 8.97413135e-01
    6.53212607e-01 5.05712330e-02 3.86508584e-01 7.85409570e-01
    7.78600633e-01 5.84146023e-01 4.65933144e-01 5.86206436e-01
    9.43906248e-01 1.70287341e-01 1.06884927e-01 6.28444314e-01
    8.01139355e-01 3.02233785e-01 7.48489857e-01 3.25545967e-02
    3.55747819e-01 7.96333015e-01 8.99064541e-03 9.64012027e-01
    2.27202415e-01 2.00342059e-01 9.54236865e-01 4.39902872e-01
    5.01678228e-01 7.95170546e-01 1.79949105e-02 8.33370984e-02
    4.45071667e-01 2.52627969e-01 2.15090215e-01 6.48100138e-01
    5.70151627e-01 8.20677757e-01 1.23999894e-01 2.53641486e-01
    6.90722167e-01 8.08647513e-01 5.13336360e-02 4.67028320e-02
    8.71816039e-01 9.13233161e-01 2.83263206e-01 4.26215827e-01
    6.84033453e-01 8.46223116e-01 7.10265875e-01 5.36007166e-01
    5.59794307e-01 4.07694221e-01 9.66346860e-01 7.66619563e-01
    5.68899095e-01 3.77228856e-03 5.24802506e-02 5.95017314e-01
    3.65683436e-02 4.69098955e-01 2.20913410e-01 4.55509305e-01
    2.72106826e-01 5.92726588e-01 3.23763728e-01 8.28441739e-01
    8.69001210e-01 2.54894495e-01 9.59773421e-01 3.00120234e-01
    6.51862264e-01 2.23119915e-01 8.11828852e-01 8.36721778e-01
    9.06978846e-01 6.03886843e-01 8.75773430e-02 5.97559929e-01
    7.92918563e-01 8.88161898e-01 6.61340773e-01 4.32954609e-01
    8.93389583e-01 7.57446826e-01 1.01257861e-02 2.27101952e-01
    7.85089910e-01 8.05429161e-01 7.11359978e-01 5.06862402e-02
    8.34619403e-01 6.16904318e-01 9.89896178e-01 2.84155309e-01
    5.25216937e-01 3.13082665e-01 8.99152637e-01 3.98905873e-02
    2.83767909e-01 8.39925051e-01 3.09223831e-02 4.53311980e-01
    2.84209073e-01 7.36902237e-01 2.94367403e-01 8.33749175e-01
    4.53299671e-01 1.42274559e-01 3.60020906e-01 8.57507706e-01
    9.02120650e-01 2.36144513e-01 2.19441503e-01 1.41780913e-01
    5.59763253e-01 1.15402907e-01 2.83724070e-01 9.49108601e-01
    8.41083050e-01 2.01955885e-01 4.57325459e-01 5.94677806e-01
    1.00213557e-01 1.79241955e-01 2.45105565e-01 8.35210085e-04
    9.07593369e-01 5.60919046e-02 9.34965014e-01 5.32110810e-01
    9.60846305e-01 4.27381992e-01 2.45732248e-01 8.33955884e-01
    2.82524586e-01 8.13279867e-01 8.33889604e-01 3.77035171e-01
    6.18717730e-01 8.62023950e-01 6.94741488e-01 4.44446445e-01
    2.29163408e-01 4.45655286e-01 5.13900876e-01 7.77979493e-01
    9.41329956e-01 6.42314553e-02 8.04332554e-01 8.17758203e-01
    8.28186631e-01 9.91789401e-01 7.13341236e-01 4.70399946e-01
    2.28989184e-01 8.12355161e-01 1.18999779e-02 9.44012165e-01
    3.46955955e-02 4.84783173e-01 2.18799472e-01 9.26818550e-02
    8.09272766e-01 6.60459340e-01 4.67599332e-02 8.20135057e-01
    5.67585170e-01 1.53953165e-01 3.09945166e-01 5.30210674e-01
    2.29918271e-01 4.72662419e-01 3.80461872e-01 5.65798104e-01
    5.83260596e-01 4.78807509e-01 3.88750434e-01 5.13009191e-01
    4.00422335e-01 4.08584952e-01 9.30234909e-01 4.11413044e-01
    3.17909688e-01 3.15235198e-01 1.26494735e-01 4.29459631e-01
    5.69017529e-01 6.71897233e-01 7.03563333e-01 7.03990579e-01
    8.40975940e-01 5.65898180e-01 9.37592626e-01 1.13367617e-01
    9.87495720e-01 9.74788964e-01 7.98347950e-01 4.05967176e-01
    8.45117450e-01 4.92968172e-01 6.54136240e-02 4.85575020e-01
    8.92542303e-01 2.82237351e-01 3.31320763e-01 6.72755122e-01
    9.74810123e-03 8.33381176e-01 4.05008405e-01 8.47709894e-01
    4.53032792e-01 5.96092701e-01 4.40577596e-01 5.58071971e-01
    1.33050740e-01 1.37529075e-01 7.30480433e-01 5.00577509e-01
    6.79173112e-01 6.77401543e-01 5.52177310e-01 8.55236650e-01
    3.23887140e-01 5.36437333e-01 4.54837382e-01 7.76497006e-01
    3.92103195e-01 7.31776714e-01 1.96331143e-02 4.32857871e-02
    5.67823887e-01 8.81335139e-02 7.52548695e-01 4.95794028e-01
    4.42569256e-01 6.31657720e-01 4.94793504e-01 9.98094320e-01
    4.20293212e-02 1.54424459e-01 1.88813001e-01 4.18252349e-02
    5.09680688e-01 9.05792236e-01 8.82142186e-02 2.45890498e-01
    6.51978374e-01 1.71895742e-01 6.55121088e-01 2.59689987e-01
    5.36709964e-01 1.80112898e-01 5.79965174e-01 6.73514485e-01
    5.54431558e-01 4.54319984e-01 7.38623261e-01 5.37249565e-01
    5.95518351e-02 5.77859223e-01 2.37837613e-01 9.72649515e-01
    3.57707083e-01 1.87715232e-01 6.10426247e-01 9.97550189e-01
    9.95315313e-02 4.70552266e-01 2.55326927e-02 2.83936262e-02
    2.93433845e-01 3.63084674e-03 4.02472407e-01 5.28369904e-01
    2.02362806e-01 7.33547211e-01 4.55298126e-01 8.21980834e-02
    2.02801287e-01 9.58902121e-01 7.29258537e-01 6.98766530e-01
    4.99686539e-01 2.65017301e-01 7.00181365e-01 2.93832541e-01
    4.48915362e-03 2.46146858e-01 7.01444983e-01 5.95003724e-01
    1.17092997e-01 8.22266519e-01 9.59763408e-01 5.19878864e-01
    8.40204895e-01 8.22425842e-01 9.30339754e-01 3.48521471e-01
    9.31722760e-01 3.11264038e-01 4.63472664e-01 1.55630708e-01
    1.67882353e-01 3.38644087e-02 6.99874640e-01 9.58428442e-01
    9.82654393e-02 6.57845676e-01 9.71033871e-01 8.79951894e-01
    9.65613902e-01 6.08003855e-01 4.10495996e-01 9.03856635e-01
    9.66201782e-01 2.78448224e-01 2.39220768e-01 2.37085491e-01
    7.27528632e-01 6.65688038e-01 4.98142540e-01 2.42946386e-01
    3.96888018e-01 8.89413774e-01 8.78492713e-01 8.45997572e-01
    3.56656373e-01 3.42449397e-01 8.12534034e-01 9.15221691e-01
    5.50112486e-01 3.72920334e-01 5.44905961e-02 3.23363662e-01
    3.49685878e-01 4.89174038e-01 6.53589606e-01 1.18831396e-01
    8.04263353e-03 3.92302543e-01 9.19037938e-01 9.03826237e-01
    1.46521211e-01 9.98109102e-01 4.67718393e-01 8.22278261e-01
    7.47509778e-01 9.86695290e-01 9.58882332e-01 4.91870105e-01
    9.45121467e-01 5.53689301e-01 2.03545600e-01 5.66162705e-01
    6.91741407e-02 2.02141047e-01 1.96447432e-01 5.06951034e-01
    2.53509104e-01 1.01163834e-01 2.93249160e-01 1.73705518e-01
    9.19091702e-02 5.44889152e-01 2.10543662e-01 2.70647973e-01
    6.75202966e-01 7.21808076e-02 1.55674726e-01 7.06700087e-02
    3.37592483e-01 8.34877491e-01 8.09306979e-01 6.03624225e-01
    3.81832212e-01 8.90707254e-01 1.99829191e-01 4.13160443e-01
    6.10793769e-01 6.12607658e-01 7.00003207e-02 6.93291843e-01
    7.03695416e-02 4.40032244e-01 7.38045216e-01 1.29969269e-01
    6.89073622e-01 7.90620685e-01 3.73485655e-01 3.61902922e-01
    6.02200031e-01 7.94710755e-01 8.50504756e-01 9.50411558e-02
    6.68044865e-01 1.91848934e-01 1.14475280e-01 9.04436886e-01
    9.89688516e-01 3.44201028e-02 2.80619502e-01 1.48593307e-01
    5.87728202e-01 3.00468683e-01 9.71412539e-01 1.16176754e-01
    6.41011119e-01 9.50616896e-02 5.85112810e-01 1.48748159e-02
    7.85176456e-02 3.02874506e-01 7.66847610e-01 5.08388340e-01
    9.50473309e-01 3.20443660e-01 9.03168559e-01 1.64421439e-01
    6.22648299e-02 9.65038061e-01 3.71057570e-01 7.31075466e-01
    7.46436834e-01 2.76733756e-01 9.77429688e-01 5.45956612e-01
    2.75173217e-01 5.98791540e-01 6.60876274e-01 2.65353590e-01
    1.15586191e-01 8.98976207e-01 1.77933902e-01 1.72608227e-01
    7.57694840e-01 9.54822421e-01 9.38760996e-01 9.50876832e-01
    4.47363436e-01 2.30296612e-01 8.21916580e-01 9.89109695e-01
    9.43757892e-01 5.77728033e-01 9.63987291e-01 8.43630433e-01
    7.22824931e-01 2.74425745e-02 1.55155092e-01 8.60765636e-01
    2.58254707e-02 2.79658347e-01 9.94036436e-01 3.09268266e-01
    6.92936420e-01 1.07859343e-01 8.62125278e-01 2.15972841e-01
    4.71986830e-01 4.05315757e-02 4.91544992e-01 3.97189558e-02
    3.35298419e-01 5.32687604e-01 4.84883159e-01 4.83000726e-01
    1.82258427e-01 9.21232462e-01 1.07296258e-01 7.77695775e-01
    7.90642858e-01 9.64151263e-01 9.99379992e-01 2.51522660e-03
    9.37434018e-01 2.03702360e-01 8.36519599e-01 8.33563626e-01
    6.69966817e-01 7.47776210e-01 4.54837382e-01 7.76497006e-01
    3.92103195e-01 7.31776714e-01 1.96331143e-02 4.32857871e-02
    5.67823887e-01 8.81335139e-02 7.52548695e-01 4.95794028e-01
    7.21969604e-02 2.44834214e-01 2.51464248e-01 7.50606537e-01
    8.38696897e-01 3.19887698e-01 1.61699146e-01 8.51682067e-01
    6.84623241e-01 7.78511167e-03 2.85503328e-01 3.44192684e-01
    4.47984576e-01 6.60123944e-01 8.17612171e-01 2.39210367e-01
    6.45039439e-01 3.20123404e-01 2.26168722e-01 4.56543714e-01
    4.59387302e-01 4.77070212e-01 6.59790277e-01 6.07191324e-02
    9.65100229e-02 9.08577204e-01 6.01633430e-01 2.00349063e-01
    3.81965429e-01 4.72784668e-01 8.80497694e-01 4.07451928e-01
    1.58830822e-01 8.39155555e-01 2.03849584e-01 4.46614861e-01
    1.66896433e-01 1.66148305e-01 5.36077440e-01 8.70232165e-01
    3.89349520e-01 6.28657460e-01 7.82286406e-01 8.84597003e-01
    2.84219265e-01 1.03235275e-01 1.54718220e-01 6.89036727e-01
    7.58457839e-01 6.86061621e-01 2.43562102e-01 5.49728632e-01
    8.11172009e-01 8.50208521e-01 1.75200850e-01 8.48221302e-01
    9.84289885e-01 8.90890598e-01 5.65661311e-01 5.24010301e-01
    8.55979323e-03 5.85277975e-01 5.86772621e-01 9.07796562e-01
    7.97792196e-01 2.84633100e-01 6.85429513e-01 2.94809997e-01
    4.00650799e-02 8.64092827e-01 7.69857883e-01 4.86163199e-01
    1.83054656e-01 1.62898988e-01 9.76678789e-01 5.61779439e-01
    2.61192709e-01 9.39467192e-01 4.18034434e-01 9.37572002e-01
    7.50233889e-01 8.78133535e-01 1.52971238e-01 9.29602385e-01
    4.22214687e-01 1.75479352e-01 6.39937878e-01 8.65724802e-01
    2.31783807e-01 6.72693610e-01 2.63101339e-01 3.94332409e-01
    4.16732371e-01 9.92599189e-01 8.52126002e-01 4.11222607e-01
    2.31680572e-02 9.85975146e-01 3.27209651e-01 8.65388513e-02
    3.38886440e-01 3.81024837e-01 8.51663470e-01 5.52373648e-01
    6.06032789e-01 9.33532298e-01 3.84158403e-01 8.53700578e-01
    4.99438167e-01 3.72152567e-01 2.77372897e-02 4.00685132e-01
    4.17660356e-01 4.43666786e-01 1.34766042e-01 6.92485213e-01
    5.09010553e-02 3.35360408e-01 1.12593621e-01 3.43195677e-01
    3.81398171e-01 6.26584589e-02 8.14218223e-01 4.55687940e-01
    2.82253981e-01 1.71845704e-01 2.18908697e-01 9.51951921e-01
    2.81938374e-01 7.32860446e-01 2.92261750e-01 7.50423551e-01
    2.47823775e-01 6.94322407e-01 7.88250566e-01 4.27661598e-01
    8.98090839e-01 4.64207351e-01 5.22470772e-01 4.69610095e-03
    7.29012489e-01 2.96094865e-01 9.49245095e-02 2.17471421e-02
    4.49093997e-01 2.29322046e-01 4.50111687e-01 4.33483094e-01
    2.29403615e-01 4.93681461e-01 8.90086055e-01 4.38825786e-02
    9.17741299e-01 6.21765375e-01 1.27451539e-01 7.16480017e-02
    1.18409097e-02 7.30086565e-01 6.90271676e-01 5.33592105e-02
    7.49725759e-01 1.22452408e-01 1.04965419e-01 8.63141537e-01
    3.05805683e-01 5.44893563e-01 2.86488414e-01 9.22095478e-02
    7.60975957e-01 3.09584439e-01 8.86808813e-01 4.36108947e-01
    1.91152960e-01 2.14700282e-01 4.86256480e-01 6.31673336e-01
    4.06987607e-01 1.63700044e-01 1.82265431e-01 1.00864410e-01
    6.51824951e-01 2.99063116e-01 1.06108040e-01 3.50395888e-01
    5.07259965e-01 3.16043913e-01 7.53726244e-01 8.83035421e-01
    7.97770143e-01 3.98511529e-01 1.16798997e-01 9.58171248e-01
    6.31557584e-01 2.90983617e-01 3.45072567e-01 6.00480735e-01
    1.26612931e-01 5.55968881e-01 7.27308333e-01 4.05004203e-01
    8.93019319e-01 5.13437688e-01 4.04711306e-01 2.59652913e-01
    3.15880597e-01 3.78838122e-01 9.15009975e-01 8.78972650e-01
    3.49054933e-02 8.18179071e-01 3.94450247e-01 1.67190999e-01
    1.73650295e-01 6.26236320e-01 2.26126283e-01 7.60810852e-01
    6.22211993e-02 2.26511359e-02 6.89153194e-01 4.53833163e-01
    8.26913476e-01 3.45905066e-01 3.54838848e-01 3.08160603e-01
    6.82646930e-02 8.43296468e-01 4.62368518e-01 5.49962521e-01
    3.21743786e-01 8.83303285e-01 5.10599196e-01 9.49587405e-01
    8.92755508e-01 1.71564102e-01 3.96271825e-01 5.11058271e-02
    3.00634325e-01 8.79020095e-01 2.96436012e-01 6.19392872e-01
    6.13957703e-01 3.94727349e-01 7.81813800e-01 8.21265578e-01
    2.67990708e-01 3.94754112e-01 4.39256698e-01 2.49740928e-01
    8.76856923e-01 1.31358534e-01 5.44655442e-01 9.01862264e-01
    7.44263411e-01 5.60879409e-01 8.96662831e-01 4.73611593e-01
    7.21969604e-02 2.44834214e-01 2.51464248e-01 7.50606537e-01
    8.38696897e-01 3.19887698e-01 1.61699146e-01 8.51682067e-01
    6.84623241e-01 7.78511167e-03 1.03448033e-02 6.94209874e-01
    8.05906177e-01 2.36059040e-01 4.52959836e-01 7.00420201e-01
    2.17221946e-01 8.83255064e-01 1.56722665e-01 3.04924220e-01
    4.55985010e-01 2.46546149e-01 9.98354077e-01 2.23128706e-01
    3.04831207e-01 2.84244359e-01 8.10996413e-01 1.84826761e-01
    2.33123958e-01 5.27871311e-01 2.18280524e-01 3.02597344e-01
    6.92035079e-01 8.18424284e-01 3.15117359e-01 2.49583870e-01
    7.51286745e-02 5.11473358e-01 6.94405556e-01 9.14538503e-02
    9.26591754e-01 7.14588106e-01 5.47959805e-02 6.53740883e-01
    5.10684490e-01 3.54514748e-01 6.60368979e-01 9.04869556e-01
    2.15275526e-01 9.02733088e-01 3.58708441e-01 9.70856786e-01
    7.77161241e-01 9.00746763e-01 7.41962075e-01 4.16933417e-01
    3.48502934e-01 3.68821561e-01 9.65034783e-01 6.55045867e-01
    9.41012621e-01 4.83533293e-01 6.12221956e-01 8.46939445e-01
    1.12846524e-01 9.10343111e-01 4.37429249e-02 2.84141719e-01
    8.48284364e-01 3.92435789e-01 4.96999055e-01 5.89183867e-01
    3.44647288e-01 5.28373718e-01 3.57067943e-01 7.47403264e-01
    7.62670398e-01 5.85034370e-01 3.56549919e-01 2.60595620e-01
    6.28913522e-01 9.78029013e-01 1.60394222e-01 7.04651594e-01
    8.90604615e-01 3.18149865e-01 9.89987016e-01 7.45426118e-02
    2.29666114e-01 1.75258219e-01 8.08512926e-01 8.53142083e-01
    4.87679929e-01 1.25285000e-01 7.52047062e-01 2.08681226e-02
    1.08787298e-01 5.01898885e-01 7.42269814e-01 3.80314291e-01
    7.56676972e-01 6.27205968e-01 8.56698275e-01 1.82169676e-02
    7.15766430e-01 4.68846112e-01 8.71719897e-01 8.46937478e-01
    7.41951704e-01 6.70491040e-01 9.79886770e-01 5.24686575e-01
    6.44003391e-01 9.99977827e-01 7.45246053e-01 7.34065056e-01
    2.93482900e-01 3.16073596e-01 7.33232796e-01 2.95283675e-01
    4.73526418e-02 7.50962496e-02 5.58366895e-01 2.31505513e-01
    3.39342654e-01 5.09651423e-01 6.82162881e-01 5.51790655e-01
    1.01347983e-01 9.51049328e-01 4.16729093e-01 5.79737723e-01
    2.52390444e-01 7.60351360e-01 5.41264713e-01 5.85473776e-01
    8.83342862e-01 2.06323028e-01 8.08990359e-01 7.71746874e-01
    9.51940536e-01 8.55258107e-01 9.40180600e-01 5.98032475e-02
    9.57939923e-02 1.86300397e-01 1.40395194e-01 2.04033226e-01
    5.48399448e-01 1.55818880e-01 6.06672645e-01 4.06601310e-01
    1.39793426e-01 2.93760836e-01 4.11268115e-01 3.76689434e-01
    9.15722609e-01 5.10402620e-01 5.64882457e-01 9.70157743e-01
    6.13738298e-02 7.55980611e-01 6.70903206e-01 2.72012472e-01
    7.51420140e-01 7.26976573e-01 2.10644066e-01 2.16436088e-02
    5.62999249e-01 2.34261334e-01 7.53121614e-01 4.57671404e-01
    1.98761314e-01 2.66725659e-01 6.22631371e-01 6.75490856e-01
    1.57201290e-02 7.60354519e-01 9.18681502e-01 8.81188035e-01
    5.68277597e-01 6.40083253e-02 4.72820848e-01 3.21957767e-01
    7.69556165e-01 2.48324752e-01 5.91689587e-01 3.16083074e-01
    2.09233940e-01 5.42641282e-01 3.07378203e-01 3.07389587e-01
    3.42184484e-01 2.85822749e-01 8.56024325e-01 7.50458539e-02
    2.21658349e-02 3.35890174e-01 5.54069817e-01 7.77777195e-01
    6.70260668e-01 3.26932490e-01 5.67370772e-01 1.10078752e-02
    8.04921508e-01 5.06237984e-01 6.23547673e-01 7.06295371e-01
    4.56378639e-01 2.13303357e-01 9.90587592e-01 1.12387508e-01
    9.40301061e-01 6.56213641e-01 1.45606697e-01 9.67646420e-01
    2.85140574e-01 9.28539157e-01 1.10780686e-01 5.51777482e-01
    8.85801256e-01 7.91222692e-01 9.16165233e-01 7.48660386e-01
    3.28530610e-01 6.10113621e-01 2.64357030e-01 9.91531014e-01
    1.23728514e-02 4.93096858e-01 7.76443183e-01 3.55391443e-01
    9.05237317e-01 4.61813658e-01 9.90511775e-01 7.51459599e-03
    9.79739428e-01 8.56197834e-01 9.83586311e-01 5.90224981e-01
    1.55066729e-01 3.92040849e-01 1.04755431e-01 9.95970607e-01
    3.71716678e-01 1.99410528e-01 1.27615958e-01 2.27476180e-01
    9.70659077e-01 5.23923635e-01 2.61873275e-01 7.23150730e-01
    9.87836242e-01 2.23458380e-01 2.82224417e-01 2.85999477e-01
    9.76219654e-01 3.80097717e-01 9.95858908e-02 8.98838878e-01
    7.68753171e-01 6.47001743e-01 2.37389028e-01 9.91353273e-01
    8.38856339e-01 7.63689160e-01 1.03448033e-02 6.94209874e-01
    8.05906177e-01 2.36059040e-01 4.52959836e-01 7.00420201e-01
    2.17221946e-01 8.83255064e-01 1.56722665e-01 3.04924220e-01
    1.04914010e-02 1.90981358e-01 7.36630142e-01 4.66004550e-01
    7.58498669e-01 8.14690292e-01 4.58630025e-02 8.28467846e-01
    2.65142143e-01 1.40411884e-01 5.80262959e-01 4.87729937e-01
    8.44166219e-01 1.92674756e-01 1.23946667e-01 4.43908632e-01
    5.07097065e-01 1.55926377e-01 1.71411037e-03 1.22405708e-01
    3.52835357e-01 1.05875731e-02 3.44230831e-02 1.65658623e-01
    2.79873312e-02 8.41376245e-01 4.30306971e-01 7.57536232e-01
    2.10778147e-01 8.26669693e-01 6.94489479e-02 1.28304064e-01
    9.40375566e-01 4.24793035e-01 3.82377118e-01 5.94437361e-01
    3.90230715e-02 9.18972254e-01 9.55843031e-02 4.29037303e-01
    1.15886033e-02 1.75475270e-01 9.77740586e-02 8.26961696e-01
    7.03383207e-01 5.65207839e-01 9.55271423e-01 6.58820927e-01
    8.42666388e-01 8.76156688e-01 9.38709259e-01 9.81762052e-01
    5.65495133e-01 6.83160543e-01 5.66296339e-01 4.25008118e-01
    2.59884089e-01 9.13018584e-01 7.60883391e-01 7.89007664e-01
    9.96449709e-01 8.03448081e-01 5.14992535e-01 2.17865258e-01
    7.72735238e-01 5.55270255e-01 4.49936628e-01 2.59894252e-01
    4.58002448e-01 4.65546131e-01 5.51522315e-01 6.28643036e-01
    7.51276016e-01 9.54610109e-02 7.33488977e-01 7.72688985e-01
    4.58915979e-01 4.24748302e-01 8.86381865e-02 5.39296329e-01
    7.24871457e-01 9.72285688e-01 3.86709690e-01 8.24487031e-01
    5.86137474e-01 3.29467177e-01 2.83328772e-01 4.18904424e-02
    9.03122842e-01 9.78623211e-01 4.67096686e-01 3.11864734e-01
    7.12215543e-01 3.02747667e-01 2.50811875e-02 4.70699310e-01
    3.37875247e-01 6.19157732e-01 5.80673218e-01 4.59890276e-01
    5.58373630e-01 3.71360719e-01 6.83195353e-01 2.81501174e-01
    5.03130972e-01 3.05426419e-01 5.94537020e-01 4.44430768e-01
    3.47001553e-01 2.60678351e-01 6.91027164e-01 7.17899144e-01
    8.87223423e-01 8.37089181e-01 5.17926157e-01 9.36952591e-01
    4.65750635e-01 1.84546083e-01 5.01252711e-01 5.94200909e-01
    2.69459367e-01 7.66587794e-01 1.91545635e-01 7.58024037e-01
    3.78290296e-01 9.39630866e-01 5.58041334e-02 2.86325455e-01
    4.54641879e-01 9.40465450e-01 9.74116445e-01 9.36395884e-01
    6.17557168e-02 2.80341148e-01 4.07670736e-01 1.92041695e-02
    6.91830635e-01 6.53591096e-01 4.92297709e-02 2.82230973e-03
    3.95683348e-02 7.27777481e-02 3.24833989e-02 4.82792020e-01
    2.41297752e-01 5.69408357e-01 7.59312272e-01 5.63286841e-01
    3.99006903e-02 9.27114844e-01 9.79557753e-01 4.14745778e-01
    6.16706252e-01 5.75448394e-01 5.04373610e-01 8.38499904e-01
    1.31905526e-01 3.23324800e-01 9.57371354e-01 8.27111959e-01
    3.25110137e-01 5.15603423e-02 1.00366920e-01 2.84572005e-01
    6.06164336e-02 9.88166511e-01 2.25658625e-01 3.72933477e-01
    4.87503290e-01 8.82301211e-01 3.02044868e-01 1.63717002e-01
    1.92338467e-01 8.72564077e-01 3.76988411e-01 1.38247758e-01
    8.89873147e-01 3.69510949e-02 9.62295473e-01 5.71079671e-01
    1.79928392e-01 6.37313843e-01 1.87877536e-01 8.37343454e-01
    2.11389005e-01 3.91371787e-01 9.14758086e-01 4.80921268e-01
    2.21628577e-01 7.48836398e-01 4.42822218e-01 5.61099768e-01
    6.35180891e-01 4.47424054e-02 1.62884027e-01 2.54835784e-02
    3.66610289e-02 2.13744164e-01 2.60247111e-01 7.86415637e-02
    7.04549372e-01 1.99093461e-01 4.98116642e-01 4.49054003e-01
    5.78616261e-01 2.93470174e-01 8.15811634e-01 7.77932286e-01
    5.85206628e-01 7.08107352e-01 5.84980845e-03 4.32667136e-03
    3.90091419e-01 9.11688089e-01 8.18142354e-01 8.71436179e-01
    1.91672981e-01 2.00818270e-01 4.93439049e-01 6.49485588e-02
    7.30647743e-01 8.18057179e-01 2.63393581e-01 2.40950793e-01
    6.53801739e-01 1.93044513e-01 6.55262232e-01 9.43204522e-01
    6.11951411e-01 4.73646879e-01 2.87398994e-01 2.60229349e-01
    9.32443440e-02 2.84866333e-01 3.03073347e-01 4.95261252e-01
    2.44624913e-01 3.18009466e-01 7.60474801e-03 8.29445839e-01
    8.33468437e-01 5.40804207e-01 9.04006124e-01 3.83972228e-01
    4.59903866e-01 3.96934658e-01 8.81637812e-01 8.23851705e-01
    9.09983873e-01 1.44205064e-01 5.97916543e-01 6.04126036e-01
    8.21615458e-01 2.67629206e-01 9.73133743e-01 2.92735159e-01
    1.04914010e-02 1.90981358e-01 7.36630142e-01 4.66004550e-01
    7.58498669e-01 8.14690292e-01 4.58630025e-02 8.28467846e-01
    2.65142143e-01 1.40411884e-01 5.43143153e-01 1.80722058e-01
    4.71683413e-01 5.77926934e-02 3.10970068e-01 6.84173405e-01
    5.75854659e-01 3.46031487e-02 6.39565706e-01 3.53934407e-01
    7.05713511e-01 7.69751072e-01 4.51006591e-02 4.31511968e-01
    3.89012456e-01 8.15442443e-01 6.66341066e-01 7.06129074e-01
    6.20790541e-01 1.04102701e-01 1.78997695e-01 5.61722100e-01
    9.86858726e-01 6.80587411e-01 1.06765956e-01 3.29741180e-01
    5.40356755e-01 3.13277036e-01 7.48640656e-01 9.08193588e-02
    2.54602373e-01 1.77742630e-01 7.72099674e-01 9.12935615e-01
    5.95481694e-01 3.25319469e-01 1.43040538e-01 2.35615790e-01
    7.07816303e-01 6.70357883e-01 1.61352068e-01 1.44890875e-01
    9.36495066e-01 3.98111045e-01 3.52628678e-01 2.53481746e-01
    6.64228857e-01 2.10630566e-01 3.62128139e-01 9.28125083e-01
    1.33634627e-01 6.71898782e-01 2.01615334e-01 2.37561196e-01
    4.92518395e-01 7.15402603e-01 3.45990658e-02 6.61197960e-01
    3.46412420e-01 5.07457018e-01 5.61088502e-01 9.01855409e-01
    8.63672078e-01 2.50626326e-01 3.27894092e-03 6.51319265e-01
    2.25746751e-01 5.53520679e-01 6.37829959e-01 2.00836211e-01
    4.86130565e-01 1.60397440e-01 3.54051560e-01 4.24759865e-01
    3.86374116e-01 4.91565377e-01 1.46167427e-01 1.50367677e-01
    1.06757522e-01 3.55516195e-01 4.62742984e-01 9.29702103e-01
    6.66225314e-01 6.64588571e-01 7.23145664e-01 9.03395414e-02
    3.75298798e-01 6.12583756e-01 8.84488285e-01 5.78377962e-01
    6.98879540e-01 5.39845705e-01 6.72635078e-01 1.39208853e-01
    3.48397285e-01 7.93742180e-01 2.96232879e-01 4.27095354e-01
    8.42815936e-02 5.71774006e-01 1.33663803e-01 9.81208324e-01
    8.11190009e-02 1.05767846e-02 9.22817707e-01 4.86759543e-01
    7.53142834e-02 6.01634562e-01 8.53883862e-01 8.49330187e-01
    4.51275796e-01 7.00474858e-01 8.03228915e-02 2.79089212e-02
    5.20152092e-01 7.43751466e-01 1.20001286e-01 2.65443265e-01
    2.02942580e-01 9.62371409e-01 8.78611207e-01 4.88529295e-01
    6.43217564e-01 2.32871085e-01 5.34020662e-02 4.22992080e-01
    3.79805505e-01 7.69945502e-01 2.37436265e-01 3.35506201e-01
    3.88133496e-01 8.41673076e-01 4.28319305e-01 7.82165527e-01
    4.58609402e-01 6.04581535e-01 5.49899817e-01 1.92541003e-01
    5.16543150e-01 2.23405987e-01 2.41003752e-01 7.03553677e-01
    1.78148180e-01 7.29948521e-01 4.26720381e-01 5.16521692e-01
    7.68951297e-01 1.67762756e-01 5.01740575e-02 4.24026549e-01
    5.04304409e-01 2.84199119e-01 1.04546010e-01 3.53969455e-01
    2.93423235e-01 4.06885147e-03 1.67814851e-01 4.43317473e-01
    9.84611273e-01 8.87721717e-01 8.00696492e-01 9.14001346e-01
    2.22631037e-01 1.48863703e-01 3.65462244e-01 7.53544688e-01
    6.63661182e-01 6.57934248e-01 9.46815729e-01 3.42801005e-01
    9.80333686e-02 2.53855586e-01 1.23146057e-01 9.15593565e-01
    6.26415908e-01 4.03991431e-01 7.98431993e-01 7.39873171e-01
    9.96335268e-01 9.85530436e-01 5.25524914e-01 1.52759641e-01
    6.20992482e-01 9.03351068e-01 1.98316067e-01 4.53873038e-01
    6.05638921e-02 5.25837302e-01 8.92865777e-01 4.06542480e-01
    4.55177307e-01 7.48030543e-01 6.22857630e-01 5.46790063e-02
    2.45698035e-01 4.05850917e-01 9.31089938e-01 8.45756054e-01
    5.96194744e-01 2.95815408e-01 4.64589119e-01 8.47574353e-01
    7.63951063e-01 3.30802172e-01 9.74004269e-01 8.35169792e-01
    1.56469345e-02 9.04908776e-03 4.08263534e-01 9.86711681e-02
    6.03632271e-01 5.40006816e-01 1.90274209e-01 3.31013262e-01
    1.88220799e-01 2.55056262e-01 9.07146454e-01 5.78881383e-01
    5.42828679e-01 8.33685219e-01 7.73849308e-01 5.33211648e-01
    4.91625965e-01 2.52887219e-01 3.37162733e-01 6.90257907e-01
    5.01862824e-01 9.02142763e-01 5.38728952e-01 2.59239972e-01
    9.16835248e-01 3.47564876e-01 7.42389858e-02 6.10496461e-01
    1.77310705e-02 1.82365000e-01 7.64440656e-01 3.04288864e-01
    7.29777813e-01 7.69140244e-01 9.49860692e-01 5.01082003e-01
    5.87389410e-01 5.25529206e-01 1.81920826e-02 5.65310776e-01
    7.51188934e-01 3.11470330e-01 3.11762810e-01 4.88584965e-01
    2.04491466e-01 1.39914215e-01 2.64247358e-01 3.36776972e-01
    6.25224233e-01 6.89261854e-01 5.43143153e-01 1.80722058e-01
    4.71683413e-01 5.77926934e-02 3.10970068e-01 6.84173405e-01
    5.75854659e-01 3.46031487e-02 6.39565706e-01 3.53934407e-01
    3.75852585e-01 6.96419001e-01 8.53120089e-02 6.98138475e-01
    5.87831199e-01 1.28157854e-01 2.23559886e-01 1.51455343e-01
    2.63245881e-01 5.83764613e-02 5.46895146e-01 3.23830485e-01
    8.29015195e-01 5.30687273e-01 7.67614782e-01 9.81925607e-01
    1.61387593e-01 2.02511251e-02 6.65186942e-01 1.67050064e-01
    7.91213393e-01 4.46733743e-01 7.37995744e-01 5.88052690e-01
    1.65901035e-01 3.60265851e-01 1.69429153e-01 7.99164593e-01
    3.05570990e-01 5.67246854e-01 9.49026942e-01 3.58136535e-01
    4.27795231e-01 7.02184379e-01 8.87465239e-01 1.14271343e-01
    8.23891044e-01 3.07245314e-01 2.11071670e-01 3.27662230e-01
    8.83466601e-01 2.53434479e-01 9.19101715e-01 8.24937105e-01
    1.63186491e-01 5.88566840e-01 5.07498860e-01 3.44054371e-01
    3.60357463e-02 2.34380066e-02 8.13730001e-01 6.80389285e-01
    4.47734118e-01 8.22616935e-01 9.45980906e-01 3.28682661e-01
    7.76841640e-01 5.22664189e-01 1.84329242e-01 3.45616817e-01
    3.45048070e-01 7.35736609e-01 7.06788898e-01 4.90024149e-01
    3.75527889e-01 4.87487614e-01 4.02653098e-01 3.09868932e-01
    9.04266477e-01 1.53432220e-01 7.51391113e-01 8.20396185e-01
    1.56977564e-01 3.07635605e-01 7.59205818e-01 4.20750260e-01
    7.55911052e-01 1.24298960e-01 3.07827115e-01 8.30034733e-01
    7.94775605e-01 4.07081068e-01 5.69121420e-01 8.27301264e-01
    4.03891206e-01 7.06716835e-01 5.74218929e-02 9.14510727e-01
    1.09946549e-01 7.64921248e-01 6.39283657e-01 6.69985175e-01
    8.48652840e-01 4.63834763e-01 6.05038047e-01 8.11324477e-01
    4.90661651e-01 4.94886756e-01 8.15378487e-01 3.58086526e-01
    7.31026828e-02 1.90111786e-01 3.36412251e-01 6.55372739e-02
    5.37356138e-01 2.06142664e-03 5.29352725e-01 2.08303094e-01
    5.41099012e-02 1.97340757e-01 2.81599641e-01 3.47938627e-01
    7.32737541e-01 9.69832242e-02 1.43989623e-01 4.75988626e-01
    2.53662169e-01 3.76269758e-01 2.24908680e-01 3.21698368e-01
    4.58584130e-02 2.83487082e-01 4.37946498e-01 8.99140000e-01
    8.48413646e-01 7.41821706e-01 5.27031422e-01 4.99351382e-01
    6.64344132e-01 8.31198812e-01 6.54841602e-01 9.98468816e-01
    1.83608234e-02 4.47161734e-01 6.73744440e-01 7.15224206e-01
    2.80087292e-01 6.85082078e-02 9.22973514e-01 1.48383051e-01
    4.49665487e-01 8.70463848e-02 4.18908894e-01 5.39723158e-01
    2.67437994e-01 6.55591607e-01 8.25478494e-01 6.89580858e-01
    3.14123988e-01 1.45264149e-01 4.36192632e-01 4.42547530e-01
    2.31670529e-01 4.78449255e-01 9.00356770e-02 7.87997246e-01
    9.79484856e-01 1.57475203e-01 1.41063899e-01 6.01954460e-01
    9.30619955e-01 2.48807192e-01 3.76611710e-01 1.84133470e-01
    6.43983543e-01 2.44895428e-01 6.41993880e-01 3.67170990e-01
    7.84894526e-01 5.95673203e-01 5.67365289e-02 2.37937331e-01
    4.61983085e-02 1.41302824e-01 3.81279886e-01 9.49733853e-01
    1.95323288e-01 5.83939552e-01 5.87053478e-01 1.95136666e-01
    9.50142443e-01 4.65987742e-01 2.90355206e-01 2.02837139e-01
    6.61956966e-02 2.71253347e-01 3.05450082e-01 8.80164623e-01
    1.41437769e-01 1.92929506e-01 1.61033928e-01 9.98897254e-01
    5.05032718e-01 9.04787064e-01 5.64406037e-01 7.30629265e-01
    6.05415761e-01 5.06103754e-01 5.84776521e-01 2.10931569e-01
    7.83012748e-01 5.53379893e-01 8.16475928e-01 1.04130089e-01
    2.65038073e-01 8.49864364e-01 1.85174704e-01 9.66964900e-01
    8.14650893e-01 5.46980500e-01 8.67105424e-01 5.27470112e-02
    4.65765566e-01 5.64808071e-01 9.79111552e-01 4.90630537e-01
    7.70526111e-01 9.30434227e-01 3.26102227e-01 5.35079837e-01
    7.08273947e-01 1.01966321e-01 1.81339830e-01 1.30955875e-02
    9.83929634e-03 2.70222872e-01 5.00724316e-01 9.32471156e-01
    2.59671271e-01 5.44229865e-01 3.08527648e-01 1.57387286e-01
    4.85747457e-01 9.99402106e-01 3.36136520e-01 4.92315620e-01
    9.14475441e-01 5.59193373e-01 1.50223106e-01 6.68217480e-01
    3.09341848e-01 1.05212659e-01 5.35733700e-01 9.33199763e-01
    1.67268515e-02 8.77776623e-01 7.56863594e-01 6.63580716e-01
    2.71981508e-01 5.07215738e-01 5.20458400e-01 8.62444222e-01
    5.82870841e-03 3.20802808e-01 9.01906908e-01 2.90144205e-01
    3.75852585e-01 6.96419001e-01 8.53120089e-02 6.98138475e-01
    5.87831199e-01 1.28157854e-01 2.23559886e-01 1.51455343e-01
    2.63245881e-01 5.83764613e-02 1.39671355e-01 8.06605995e-01
    1.30381316e-01 9.33881760e-01 2.35815644e-01 8.16552639e-01
    5.61531603e-01 1.39171541e-01 6.93523586e-01 9.78304148e-01
    3.16982031e-01 7.77872324e-01 8.58805239e-01 2.14757025e-02
    7.77855277e-01 6.05145574e-01 1.56584561e-01 6.08410835e-01
    6.69690728e-01 1.10434443e-01 7.52207518e-01 7.70347953e-01
    6.05598092e-02 8.17643106e-02 1.46752775e-01 8.12456489e-01
    6.82238758e-01 1.98629647e-01 9.50416982e-01 5.76459050e-01
    8.27447772e-01 5.22928238e-02 7.11430013e-02 1.57018602e-02
    8.29144001e-01 9.08538222e-01 9.23523545e-01 6.19340062e-01
    6.61690712e-01 9.85500097e-01 4.72914517e-01 1.15436792e-01
    5.97531617e-01 8.46853197e-01 9.68300283e-01 7.09108949e-01
    7.38185287e-01 7.61965513e-02 1.37753576e-01 2.80120850e-01
    3.63027215e-01 7.77304411e-01 9.04367328e-01 3.47678304e-01
    6.47407770e-01 6.11887872e-02 2.59321034e-02 6.20325506e-01
    8.09583426e-01 8.73576164e-01 1.85400099e-01 4.29269373e-01
    3.61267656e-01 9.86060858e-01 7.70909786e-01 6.03284836e-02
    3.65870595e-02 8.49975348e-01 3.68817985e-01 8.05667043e-01
    8.65846515e-01 9.14993763e-01 2.42941141e-01 9.80260372e-01
    7.60894299e-01 7.70242214e-01 7.57207930e-01 2.45737404e-01
    9.63963985e-01 4.12623882e-02 2.77072936e-01 2.59387076e-01
    1.45167857e-01 5.30040085e-01 8.50012541e-01 8.66966367e-01
    3.24161917e-01 3.69886756e-02 8.62425327e-01 2.25251019e-01
    9.46195126e-02 2.92883158e-01 2.63872087e-01 8.17253888e-02
    2.34574050e-01 7.13284314e-02 6.62180781e-02 6.94764972e-01
    8.03801656e-01 1.37672126e-02 8.38857353e-01 8.12344193e-01
    7.41157889e-01 6.13385975e-01 3.61499250e-01 7.49841034e-01
    8.06744456e-01 9.99925971e-01 1.81906849e-01 4.10471201e-01
    3.65198165e-01 8.12398434e-01 3.05544168e-01 7.95119524e-01
    3.34194720e-01 2.40251571e-01 9.79755819e-01 2.37825155e-01
    5.23424923e-01 8.40777159e-02 4.60522354e-01 7.12831736e-01
    2.75888592e-01 5.75982690e-01 3.41400027e-01 7.57424593e-01
    5.75112820e-01 8.39522004e-01 9.75082517e-02 9.41438437e-01
    6.24785185e-01 7.49206781e-01 9.96787906e-01 1.05447769e-02
    5.14447927e-01 6.91392422e-01 4.09015536e-01 4.55091655e-01
    3.36436450e-01 8.81059706e-01 5.78397334e-01 1.69840127e-01
    5.47756612e-01 1.23053282e-01 4.63947952e-02 3.18898678e-01
    4.96750087e-01 3.03548455e-01 9.05004144e-01 6.01219773e-01
    2.38371164e-01 9.93821919e-02 4.49633300e-01 1.20868117e-01
    6.85939550e-01 9.80544567e-01 4.71467316e-01 1.41589552e-01
    1.91592872e-02 3.20378363e-01 7.48149037e-01 4.91222471e-01
    7.24124193e-01 9.75419819e-01 8.59467506e-01 5.32848835e-01
    9.77927566e-01 3.12478989e-01 8.09170008e-02 9.87273574e-01
    5.90465665e-02 8.87263834e-01 9.52556610e-01 7.27014601e-01
    6.52206600e-01 1.39821142e-01 6.39175475e-02 7.75282502e-01
    9.36697781e-01 1.41514093e-01 2.15061486e-01 3.76454204e-01
    3.63155305e-02 5.85112989e-01 1.84579372e-01 8.76094759e-01
    7.95393109e-01 6.36524439e-01 1.44477993e-01 5.40505230e-01
    4.91632283e-01 2.03926235e-01 8.61377120e-01 1.08730495e-02
    2.18902856e-01 9.53858554e-01 4.88561392e-01 5.35985112e-01
    7.94870853e-01 6.43925965e-01 9.22618032e-01 8.32932949e-01
    6.30660057e-01 3.74531150e-02 4.35636938e-01 6.75975084e-01
    9.22223806e-01 7.23579764e-01 3.74596328e-01 9.25569296e-01
    9.71917748e-01 4.83942032e-01 1.67951971e-01 9.78125334e-01
    9.01579261e-01 1.78176343e-01 9.15323853e-01 5.69467962e-01
    7.74963021e-01 7.72449255e-01 7.56430447e-01 5.19649625e-01
    8.67801428e-01 7.63675570e-01 9.80828643e-01 9.04663205e-01
    7.71211982e-01 3.12298357e-01 9.07287717e-01 1.50657117e-01
    2.44159609e-01 6.61996245e-01 7.21603096e-01 5.86108923e-01
    8.35560441e-01 9.61260796e-01 2.03183562e-01 7.65229285e-01
    8.97920489e-01 3.76818120e-01 3.28817546e-01 4.93051887e-01
    7.79497743e-01 2.44581968e-01 9.82280791e-01 4.35682833e-01
    6.36466146e-02 5.73810995e-01 8.62626195e-01 5.73571742e-01
    2.36214399e-02 3.57755423e-02 8.22843909e-01 6.07905447e-01
    9.64114130e-01 5.64282477e-01 1.39671355e-01 8.06605995e-01
    1.30381316e-01 9.33881760e-01 2.35815644e-01 8.16552639e-01
    5.61531603e-01 1.39171541e-01 6.93523586e-01 9.78304148e-01
    8.12321663e-01 8.97230148e-01 5.71585774e-01 1.37592614e-01
    6.19440317e-01 9.68708754e-01 4.70887274e-01 3.80019367e-01
    3.13857287e-01 8.80698860e-02 7.64012516e-01 8.14452171e-01
    1.32702202e-01 5.15437841e-01 3.64903688e-01 1.07043594e-01
    2.45750636e-01 3.03126603e-01 7.21314490e-01 6.56546652e-02
    1.43956393e-01 9.21983302e-01 3.01994681e-01 6.29970968e-01
    6.87698603e-01 5.49729526e-01 5.61589122e-01 6.68474793e-01
    4.95086998e-01 6.03375554e-01 7.93992400e-01 9.24565077e-01
    1.54770344e-01 2.29352474e-01 1.42409295e-01 6.70849085e-01
    7.29913533e-01 5.60385764e-01 4.90962893e-01 7.98460126e-01
    8.12882662e-01 8.10849845e-01 8.32837701e-01 8.19925666e-01
    8.59009147e-01 9.95710135e-01 2.22844750e-01 2.58634448e-01
    7.37423778e-01 3.88394266e-01 4.11630213e-01 6.37675941e-01
    6.44350648e-01 3.51914883e-01 4.20123398e-01 4.48935360e-01
    3.96438241e-02 6.11878395e-01 6.75709128e-01 3.67278397e-01
    8.77935290e-01 8.57158005e-01 3.39949846e-01 4.34525788e-01
    6.31003976e-01 9.93980110e-01 6.02715552e-01 8.21200252e-01
    4.19116527e-01 7.83544421e-01 8.87306333e-02 3.48492235e-01
    2.70352066e-01 3.32524985e-01 8.15720797e-01 7.68663943e-01
    4.19912934e-01 5.32317102e-01 1.80584848e-01 8.99847865e-01
    7.29461193e-01 4.66767073e-01 1.19616598e-01 4.45756912e-02
    6.86547339e-01 9.79336143e-01 4.05170262e-01 6.02125049e-01
    7.12346077e-01 2.01819658e-01 5.51132381e-01 4.79980886e-01
    3.44897687e-01 6.13611877e-01 3.59993279e-02 7.56603718e-01
    2.88974494e-01 1.72524482e-01 7.38800824e-01 3.00469577e-01
    6.50955796e-01 2.24509835e-01 5.58406174e-01 5.44728041e-01
    1.40420973e-01 2.16127574e-01 3.98224592e-02 1.54040694e-01
    4.05389577e-01 8.64962697e-01 3.98450404e-01 1.72883451e-01
    9.83968973e-01 8.26034665e-01 4.38884795e-02 4.45982814e-03
    1.21562868e-01 4.28581119e-01 5.99831283e-01 6.37659848e-01
    8.22765470e-01 1.29881501e-02 1.11241877e-01 8.10205460e-01
    8.44252586e-01 3.13927948e-01 2.85911739e-01 5.94354153e-01
    1.35528713e-01 2.50986278e-01 3.10363472e-01 7.72871077e-01
    5.44344604e-01 5.09650886e-01 4.88597155e-02 3.10999155e-02
    4.19856369e-01 3.52779657e-01 8.51624131e-01 9.55627799e-01
    1.56680346e-01 9.03868675e-02 6.65257454e-01 8.50912392e-01
    7.60491610e-01 4.03107107e-02 8.16201210e-01 5.77005804e-01
    1.26393676e-01 1.11345291e-01 1.52735233e-01 9.75867867e-01
    9.83383656e-02 7.10281491e-01 1.70501173e-02 7.29507565e-01
    9.70814526e-01 1.26561701e-01 5.51525772e-01 7.82143235e-01
    5.14910817e-01 1.86374485e-01 4.11309123e-01 3.51558805e-01
    8.82275581e-01 3.07073236e-01 5.54617763e-01 6.74784184e-01
    1.93873346e-01 7.45798469e-01 7.28254378e-01 7.87087679e-01
    3.92194331e-01 5.88304400e-02 2.20717132e-01 3.30449939e-01
    7.40480900e-01 8.79161954e-01 4.13119435e-01 8.58107805e-01
    5.91469944e-01 6.96415067e-01 7.09319711e-02 4.47841823e-01
    4.67979610e-02 2.83764511e-01 5.01754880e-03 6.47417247e-01
    3.40356708e-01 9.90962744e-01 5.11172056e-01 9.08451080e-01
    9.47827458e-01 4.60038632e-01 2.94018596e-01 2.16946453e-01
    1.20240241e-01 7.36011446e-01 3.48705292e-01 7.78950572e-01
    2.71378309e-01 7.66653776e-01 5.93596280e-01 7.60145307e-01
    8.40536475e-01 6.00302935e-01 1.54876143e-01 9.58815098e-01
    4.81694221e-01 9.33007479e-01 8.91214252e-01 2.81439811e-01
    4.32812065e-01 7.42445707e-01 7.25700974e-01 4.20040131e-01
    3.03612024e-01 9.00645792e-01 1.12485707e-01 2.68124998e-01
    6.52943075e-01 4.05953526e-01 2.57867575e-03 4.19985831e-01
    8.81514072e-01 5.78036249e-01 1.79395735e-01 8.90661180e-01
    8.45143080e-01 6.70039415e-01 1.62160516e-01 5.64823449e-01
    7.47142851e-01 6.64565444e-01 2.48364717e-01 6.30139232e-01
    6.55462742e-01 4.01017398e-01 6.93268895e-01 4.28847551e-01
    6.31749630e-03 9.89849687e-01 8.37405086e-01 7.58471191e-02
    7.10420191e-01 1.13434136e-01 2.78045177e-01 6.52586341e-01
    3.78719628e-01 5.47936916e-01 6.34793580e-01 2.16039211e-01
    1.40698135e-01 7.75292516e-01 5.16603470e-01 6.99850142e-01
    8.12321663e-01 8.97230148e-01 5.71585774e-01 1.37592614e-01
    6.19440317e-01 9.68708754e-01 4.70887274e-01 3.80019367e-01
    3.13857287e-01 8.80698860e-02 2.67141104e-01 5.13077557e-01
    1.64928526e-01 9.30559337e-02 3.62407267e-01 4.63964909e-01
    4.82452184e-01 7.27350831e-01 3.27625245e-01 5.33250272e-01
    3.22564840e-01 7.84122944e-02 5.65124989e-01 9.33389783e-01
    5.61941981e-01 8.30965757e-01 1.70618296e-04 9.85170841e-01
    8.19331646e-01 3.75636429e-01 3.91302586e-01 9.98342276e-01
    1.25070810e-01 9.64659572e-01 2.32610524e-01 6.88123047e-01
    9.07127857e-01 8.35597038e-01 2.94661552e-01 7.08549261e-01
    1.30872518e-01 5.33017337e-01 6.14029408e-01 9.03857589e-01
    8.76978278e-01 7.44642079e-01 1.51814759e-01 4.04772460e-02
    7.01789379e-01 4.77676809e-01 7.38973975e-01 7.67008781e-01
    7.82878160e-01 9.94593441e-01 8.46019030e-01 9.42143202e-01
    2.46399790e-01 1.40681446e-01 2.11012959e-02 6.90317750e-01
    4.61654902e-01 9.20876265e-01 8.19590390e-02 4.52866793e-01
    2.75035858e-01 5.40150523e-01 6.02936268e-01 3.51816297e-01
    7.80115664e-01 2.40954995e-01 2.17349827e-01 1.29068375e-01
    9.39914107e-01 5.29119551e-01 1.87638581e-01 8.47840905e-02
    7.42953062e-01 9.10167992e-01 7.68086195e-01 6.61598921e-01
    8.18093956e-01 1.78675979e-01 5.33741713e-01 1.28472447e-02
    4.02649969e-01 3.03915322e-01 8.22320402e-01 3.50475609e-02
    9.58626390e-01 3.90945077e-01 1.55209869e-01 9.74203706e-01
    2.74246335e-01 3.92117083e-01 8.75459254e-01 3.31645608e-02
    7.68920422e-01 3.46818656e-01 1.02330804e-01 8.72629404e-01
    2.74412155e-01 8.27138841e-01 2.12209225e-01 3.40304911e-01
    9.74255860e-01 3.49008262e-01 9.82370853e-01 8.82033706e-01
    1.46951973e-02 8.77774179e-01 8.44684362e-01 8.81082654e-01
    9.90094244e-02 9.85171199e-02 3.29261422e-02 4.73842591e-01
    6.92575276e-02 1.78853601e-01 9.56760645e-02 3.23135972e-01
    3.89242917e-01 2.87597477e-01 1.58496261e-01 1.88132852e-01
    2.00877905e-01 4.01139319e-01 4.26916152e-01 6.99779153e-01
    9.79917407e-01 7.00241387e-01 9.01993155e-01 8.78573596e-01
    1.60295159e-01 4.82430518e-01 8.52430940e-01 8.15591931e-01
    7.44251907e-01 5.72338939e-01 6.36754572e-01 4.75375354e-01
    9.11360621e-01 8.93605947e-01 5.99426448e-01 2.06929564e-01
    8.88594449e-01 7.50357032e-01 5.01626909e-01 2.70405293e-01
    2.57142901e-01 4.73101437e-02 4.02917713e-01 1.23932898e-01
    6.01116002e-01 3.86489630e-02 9.83624697e-01 4.67679322e-01
    2.62918353e-01 2.62263417e-01 6.23932958e-01 4.87759411e-02
    1.94374651e-01 6.82216704e-01 8.93243551e-01 9.70645845e-01
    9.28014278e-01 3.93806368e-01 6.42852068e-01 3.46846402e-01
    8.75462770e-01 8.67163777e-01 2.04509825e-01 4.66530293e-01
    9.37932849e-01 4.68622565e-01 5.06634176e-01 1.01367056e-01
    4.74628091e-01 2.60241508e-01 6.34802759e-01 7.38449275e-01
    4.95121717e-01 9.32742238e-01 7.28357077e-01 5.01546443e-01
    9.22469497e-01 4.21027005e-01 9.68715429e-01 4.10525441e-01
    9.02941108e-01 8.12512159e-01 3.79077196e-01 6.62588358e-01
    1.63821220e-01 2.43372917e-02 5.25490999e-01 9.31895077e-02
    2.90616512e-01 5.82426667e-01 2.11804271e-01 4.83190328e-01
    3.33711803e-02 4.08317745e-01 6.83034837e-01 3.01846474e-01
    6.66608930e-01 8.54623556e-01 1.81169987e-01 1.61658585e-01
    9.47437048e-01 6.16497815e-01 1.59547269e-01 1.00814581e-01
    1.48186147e-01 9.32328224e-01 8.02381337e-01 1.25963300e-01
    8.01733434e-01 9.97830629e-01 3.58595222e-01 3.45768511e-01
    1.86822325e-01 6.86432123e-01 6.20010197e-01 5.92199206e-01
    1.23600513e-01 4.70481396e-01 7.07133591e-01 9.83578324e-01
    9.33498621e-01 6.67801201e-02 8.02601576e-02 2.92366326e-01
    8.74945283e-01 3.26007336e-01 4.15296346e-01 8.66421580e-01
    4.58773077e-01 3.28144133e-02 6.87679887e-01 3.47167432e-01
    2.46735662e-01 3.64801258e-01 1.54979557e-01 2.03262359e-01
    9.24121261e-01 9.57123637e-02 7.46410847e-01 2.52607584e-01
    4.76318598e-03 6.92469060e-01 3.71650815e-01 2.71997303e-01
    8.23725164e-02 6.56117201e-02 2.45448589e-01 5.84013283e-01
    5.61613917e-01 5.54640174e-01 1.42882943e-01 2.16424048e-01
    3.86381388e-01 4.37446654e-01 6.72517061e-01 2.04701185e-01
    2.11518347e-01 5.96807420e-01 2.67141104e-01 5.13077557e-01
    1.64928526e-01 9.30559337e-02 3.62407267e-01 4.63964909e-01
    4.82452184e-01 7.27350831e-01 3.27625245e-01 5.33250272e-01
    1.35469973e-01 3.44580203e-01 4.10345763e-01 2.86880076e-01
    3.45344543e-02 9.86109614e-01 9.21872199e-01 2.79492497e-01
    8.73182893e-01 2.16057420e-01 2.58115709e-01 2.15826422e-01
    3.10890436e-01 6.30581558e-01 1.00364894e-01 7.91551352e-01
    4.20018196e-01 1.87607318e-01 8.05668831e-02 7.37440050e-01
    6.04570091e-01 7.34375119e-01 6.50339365e-01 6.23160601e-03
    1.03050023e-01 2.67680526e-01 6.98601902e-02 6.94444358e-01
    9.41556156e-01 7.08645105e-01 5.12618840e-01 6.27559662e-01
    7.87436783e-01 3.31799865e-01 5.61452031e-01 6.33279562e-01
    4.23726737e-01 3.87276709e-02 4.11239386e-01 6.91601694e-01
    8.89559627e-01 1.14199430e-01 2.41944283e-01 3.77389878e-01
    5.73271215e-02 2.57273614e-02 3.04165900e-01 5.39503753e-01
    9.32265401e-01 8.08531165e-01 2.60824889e-01 8.14824104e-01
    1.85601711e-01 7.84591138e-02 7.80921876e-02 9.60284829e-01
    5.46327591e-01 2.89955676e-01 7.67020464e-01 8.21472168e-01
    8.90645981e-02 7.75126696e-01 1.73272312e-01 8.77455115e-01
    6.93545759e-01 4.99782115e-01 5.06497443e-01 5.77361226e-01
    4.14945185e-01 4.66636777e-01 2.46673197e-01 6.26586854e-01
    7.95522392e-01 1.77866668e-01 9.85864997e-01 3.27205181e-01
    2.13231653e-01 2.38146096e-01 2.50648081e-01 3.16930711e-01
    6.13834202e-01 1.24500304e-01 3.36698294e-01 1.38349801e-01
    2.34362036e-01 4.57274675e-01 3.34896386e-01 2.33774602e-01
    4.08075869e-01 4.90057468e-03 3.88976097e-01 9.10482287e-01
    6.81753933e-01 7.88364053e-01 6.74300373e-01 9.35519934e-02
    4.86783564e-01 7.82081604e-01 9.54834223e-02 4.38201994e-01
    5.29758990e-01 4.88382250e-01 1.90265000e-01 3.28812659e-01
    2.82421678e-01 4.41786885e-01 9.69620407e-01 7.84571648e-01
    9.02441382e-01 1.94629341e-01 5.54330468e-01 3.55409980e-01
    4.52732921e-01 7.51894832e-01 3.45653594e-01 7.91492820e-01
    2.96486914e-01 1.39903337e-01 9.83853817e-01 2.69844651e-01
    7.84741163e-01 5.95412970e-01 4.39935952e-01 3.63165081e-01
    9.81441736e-02 5.64275682e-02 2.25876272e-02 3.75251085e-01
    3.99389863e-03 6.13378108e-01 5.39511859e-01 6.62791133e-01
    1.30409032e-01 9.91296887e-01 6.81846976e-01 8.01374793e-01
    5.85213900e-02 6.34342909e-01 1.46721333e-01 2.21206486e-01
    7.07546771e-02 8.51449013e-01 9.49546814e-01 6.63531423e-01
    7.51423955e-01 8.94794941e-01 5.31587005e-03 4.73184675e-01
    4.04161632e-01 3.81658345e-01 2.21619070e-01 6.87389672e-02
    5.89365721e-01 2.81927317e-01 9.06778574e-01 3.81744921e-01
    1.13634199e-01 3.46884310e-01 3.86123300e-01 8.55740547e-01
    3.83627206e-01 8.18642497e-01 5.91349781e-01 3.65401983e-01
    5.81465125e-01 8.00547540e-01 4.25578177e-01 4.60474551e-01
    7.99921989e-01 7.82976627e-01 7.05184877e-01 3.92006606e-01
    3.88493598e-01 5.89886069e-01 2.99142063e-01 5.72859943e-01
    7.59724140e-01 1.53556585e-01 3.27832758e-01 2.56451994e-01
    8.22173059e-02 1.94353402e-01 3.51958692e-01 1.55768007e-01
    3.28940034e-01 9.23868895e-01 3.65150273e-02 2.13165671e-01
    1.31442070e-01 8.60192776e-01 5.88533878e-02 7.00295150e-01
    3.80119413e-01 2.62384921e-01 9.33882475e-01 5.17445982e-01
    6.87932968e-01 2.99891144e-01 9.29210365e-01 7.97616959e-01
    8.92556071e-01 8.39471281e-01 3.90684247e-01 8.54777515e-01
    7.16819704e-01 1.15939379e-02 9.78580832e-01 3.10501158e-01
    5.02240658e-02 2.72726268e-01 8.58284473e-01 9.35160160e-01
    1.21419549e-01 8.74229670e-02 4.48202789e-02 7.33257890e-01
    3.06221664e-01 3.07107270e-02 4.19326305e-01 7.95782328e-01
    3.25226754e-01 2.18033373e-01 7.16260791e-01 2.76592374e-02
    1.31608307e-01 3.09116721e-01 5.33645928e-01 1.78927332e-01
    8.32676768e-01 5.86889505e-01 5.18677533e-01 6.65415466e-01
    9.36204553e-01 3.99743617e-02 8.62153172e-02 3.03523272e-01
    8.31902087e-01 9.17742133e-01 3.07300687e-01 8.72852445e-01
    5.50706029e-01 4.98898119e-01 7.15438843e-01 3.71957660e-01
    3.56977969e-01 4.42351162e-01 2.72851884e-02 6.28687620e-01
    2.34774619e-01 9.15572882e-01 4.80626613e-01 1.54982179e-01
    1.79915905e-01 9.97182965e-01 7.50061870e-03 7.99709320e-01
    1.35469973e-01 3.44580203e-01 4.10345763e-01 2.86880076e-01
    3.45344543e-02 9.86109614e-01 9.21872199e-01 2.79492497e-01
    8.73182893e-01 2.16057420e-01 6.00774765e-01 4.96256471e-01
    9.14562285e-01 5.02476037e-01 2.19654441e-02 1.15081936e-01
    5.71736217e-01 5.88482022e-02 2.42335290e-01 6.11625075e-01
    5.20205677e-01 4.22130942e-01 4.35812175e-02 3.30318063e-01
    3.18762422e-01 5.05528212e-01 6.43894434e-01 5.39882660e-01
    4.66169149e-01 2.37307072e-01 4.78296041e-01 7.16448724e-01
    2.80658811e-01 3.19426417e-01 8.08982134e-01 1.06951833e-01
    3.37121755e-01 4.84502614e-02 8.21684837e-01 7.88879693e-01
    6.91813409e-01 9.02021170e-01 3.11311007e-01 5.48719525e-01
    3.19136262e-01 3.00651670e-01 5.23754060e-01 9.04149532e-01
    9.84523654e-01 5.32988012e-01 7.09698915e-01 7.43945718e-01
    9.14614320e-01 1.42058849e-01 9.96202588e-01 8.90900493e-02
    2.78877914e-01 4.92666960e-01 8.21333528e-01 2.93554723e-01
    4.91470635e-01 9.14027691e-01 3.67503554e-01 5.59931278e-01
    4.27545011e-01 4.50884670e-01 6.29473567e-01 5.96916437e-01
    4.80021358e-01 6.33530676e-01 4.41915363e-01 9.00802374e-01
    8.27313781e-01 9.31879103e-01 2.09761471e-01 4.75358278e-01
    4.67626840e-01 6.61686957e-01 2.66879797e-01 8.63173366e-01
    4.12518680e-02 6.29807591e-01 2.31492907e-01 3.12046885e-01
    4.00528312e-02 8.88355374e-02 8.95445108e-01 2.33088583e-01
    6.57766819e-01 7.96956062e-01 7.29222417e-01 9.12399471e-01
    8.00138474e-01 4.32940304e-01 5.13947368e-01 4.72228467e-01
    1.18679762e-01 9.56090331e-01 2.79085517e-01 8.02742600e-01
    1.22194588e-02 9.16280448e-01 4.33286041e-01 9.18408394e-01
    8.30096602e-01 9.75526929e-01 3.04702520e-01 8.60030651e-01
    7.13747621e-01 6.60697579e-01 8.13541889e-01 8.26794863e-01
    6.51999772e-01 6.54338717e-01 7.19027877e-01 6.54706180e-01
    6.94605112e-01 2.71673620e-01 6.87265396e-01 5.50826192e-01
    2.18665689e-01 8.32005322e-01 2.92911559e-01 6.59198403e-01
    9.50840235e-01 1.76432520e-01 8.48502755e-01 4.20400321e-01
    8.50251675e-01 9.76084769e-01 4.76761073e-01 3.19073796e-01
    5.29556036e-01 6.93113804e-02 4.88389283e-01 9.32199955e-01
    3.41617972e-01 1.35967016e-01 5.26092172e-01 7.55771399e-01
    8.86829197e-02 9.61035192e-01 7.76647806e-01 8.36340308e-01
    4.63266671e-02 1.20575845e-01 7.10320473e-01 8.86088490e-01
    6.68771863e-01 3.26485038e-01 6.86589479e-02 2.21491247e-01
    8.65880847e-01 3.92260194e-01 3.73995960e-01 9.96269822e-01
    6.13073111e-01 5.07794857e-01 9.25403833e-02 2.75994658e-01
    2.55737662e-01 8.23547244e-01 2.89933413e-01 8.87833178e-01
    5.42686284e-01 3.01521152e-01 4.05433178e-01 5.84583819e-01
    6.69023037e-01 7.93803334e-02 4.00317013e-02 3.30184460e-01
    3.68018687e-01 7.66938865e-01 1.54851973e-02 7.04083025e-01
    5.11865258e-01 9.10618305e-01 8.07842910e-01 5.40968895e-01
    6.46948934e-01 3.07395458e-01 2.73876429e-01 7.15405345e-01
    5.83213866e-02 4.99865532e-01 4.95982170e-02 1.50637358e-01
    2.85691619e-02 7.02223718e-01 7.37241924e-01 1.37543261e-01
    7.62500167e-01 4.39515114e-01 8.16863775e-03 8.09436142e-02
    3.37976545e-01 3.80291283e-01 6.39031589e-01 1.72929645e-01
    7.49055624e-01 7.78493047e-01 3.46044719e-01 5.53153753e-02
    7.75287032e-01 4.68445778e-01 7.08318233e-01 6.43110812e-01
    5.03656387e-01 8.40955973e-01 8.50597382e-01 4.32810843e-01
    5.22629440e-01 4.93682295e-01 6.71184540e-01 4.70835209e-01
    6.88103676e-01 6.96139395e-01 8.42260361e-01 9.85721052e-01
    6.60515130e-02 2.26098001e-01 8.49496961e-01 2.44180948e-01
    6.17521942e-01 5.52903414e-01 2.12384343e-01 1.15141213e-01
    1.09138131e-01 5.41906059e-01 1.51130766e-01 7.86202073e-01
    6.87065125e-02 3.46898168e-01 6.07215047e-01 7.64800012e-01
    6.76975548e-02 5.97399652e-01 8.76892507e-02 7.59168267e-02
    1.34124488e-01 4.53133643e-01 3.96141917e-01 3.95244092e-01
    8.78352463e-01 2.95394123e-01 5.44502437e-01 1.28542811e-01
    6.06026411e-01 1.78215325e-01 1.68024838e-01 1.07518524e-01
    6.07142866e-01 7.77910709e-01 3.26567948e-01 5.02820253e-01
    5.21202981e-01 6.05640531e-01 5.36331534e-02 7.20647573e-01
    4.58591610e-01 6.94741786e-01 7.78451920e-01 9.37152028e-01
    8.39206755e-01 7.12500393e-01 6.00774765e-01 4.96256471e-01
    9.14562285e-01 5.02476037e-01 2.19654441e-02 1.15081936e-01
    5.71736217e-01 5.88482022e-02 2.42335290e-01 6.11625075e-01
    6.46290064e-01 6.26758814e-01 8.86090815e-01 7.28859007e-01
    2.01945782e-01 6.22214675e-02 4.50685173e-01 1.77997768e-01
    3.81060302e-01 2.94482589e-01 2.88108170e-01 1.83897763e-01
    5.25452614e-01 5.48725307e-01 6.38662279e-01 1.46945536e-01
    9.85819459e-01 6.71448767e-01 6.40781879e-01 6.75925851e-01
    1.77498698e-01 7.05258489e-01 7.50414968e-01 6.58084512e-01
    1.79825157e-01 3.23456585e-01 4.87367213e-01 9.76811767e-01
    6.49166226e-01 3.28614056e-01 1.30970091e-01 9.16540742e-01
    3.50796163e-01 5.20144403e-02 1.71934754e-01 2.49903798e-01
    5.62929392e-01 7.50452638e-01 9.80796099e-01 6.37627900e-01
    2.96238482e-01 6.53829873e-02 5.71608365e-01 1.11984909e-01
    2.68630296e-01 1.15898758e-01 6.43420696e-01 3.18912327e-01
    3.85560811e-01 4.86049145e-01 9.90013123e-01 4.74349558e-01
    8.51322651e-01 5.65130591e-01 9.30149555e-01 2.91727483e-01
    5.33288300e-01 4.73037750e-01 5.50965071e-02 1.45904809e-01
    6.90122664e-01 1.11059189e-01 3.76584291e-01 4.55100387e-01
    4.86263007e-01 2.21135229e-01 5.99588752e-01 2.68338501e-01
    7.73738980e-01 9.69685137e-01 7.34255075e-01 9.02701139e-01
    9.06786680e-01 6.04108095e-01 2.89877295e-01 4.01546180e-01
    2.67772675e-02 5.00932276e-01 1.35882795e-01 1.16257101e-01
    5.10093868e-01 4.67779577e-01 6.97903931e-01 8.74769270e-01
    2.34964132e-01 4.87954021e-02 3.27763438e-01 4.61497128e-01
    7.65947104e-01 6.02112830e-01 1.68728828e-03 6.19373798e-01
    5.81741631e-01 5.37523746e-01 7.72473335e-01 4.66403842e-01
    7.49656260e-02 6.11657739e-01 2.87020385e-01 8.82532239e-01
    6.38778329e-01 8.25383306e-01 8.53801608e-01 8.57310176e-01
    6.34390175e-01 8.17149043e-01 3.24336648e-01 4.16675627e-01
    9.02635217e-01 4.71847653e-01 9.38941538e-02 7.27335572e-01
    3.21700156e-01 5.64871788e-01 8.89171958e-01 6.01561427e-01
    9.52265501e-01 3.65967155e-01 5.42047203e-01 6.65276945e-02
    3.44013572e-02 1.50926977e-01 8.53150129e-01 7.30919838e-01
    4.75101233e-01 4.80082244e-01 2.02282786e-01 1.27644330e-01
    5.12848794e-01 1.45087212e-01 6.75458670e-01 8.16340685e-01
    6.48438334e-01 9.97196555e-01 4.87801045e-01 5.81300735e-01
    9.96464014e-01 6.34214580e-01 2.64928401e-01 6.79910243e-01
    3.07447195e-01 9.81348753e-01 7.86633253e-01 2.30472982e-01
    7.23158956e-01 3.07901084e-01 1.44100070e-01 8.26968014e-01
    7.21219778e-01 7.94895053e-01 8.95589888e-01 8.36757660e-01
    8.94979119e-01 2.93186605e-02 5.08712590e-01 2.36577511e-01
    5.63555837e-01 3.41058671e-02 4.63726848e-01 9.20042872e-01
    7.40224123e-01 4.02641296e-01 9.81406987e-01 6.22095764e-02
    4.69073892e-01 6.66564703e-02 1.84708923e-01 2.52536833e-02
    2.28502929e-01 8.11048031e-01 5.57330251e-03 3.13965797e-01
    5.80652356e-01 3.51456106e-01 9.99174893e-01 6.37941003e-01
    2.24542469e-01 8.97524893e-01 8.35462093e-01 4.65443641e-01
    1.00914299e-01 5.06532192e-02 2.80820221e-01 8.54262888e-01
    9.25005674e-02 3.34320128e-01 8.86491358e-01 2.29517639e-01
    8.57963264e-02 3.41893315e-01 1.55283242e-01 4.24854964e-01
    3.37529123e-01 9.15027738e-01 5.03395498e-01 5.16727090e-01
    8.47087741e-01 2.43763924e-01 6.78107142e-03 6.79126501e-01
    5.39676011e-01 6.33296609e-01 6.10638976e-01 1.28423244e-01
    6.40819430e-01 7.99078047e-02 7.99153924e-01 5.02212346e-02
    4.41590756e-01 1.20773822e-01 7.55772352e-01 4.13720191e-01
    7.73535609e-01 2.87194490e-01 8.39372277e-01 2.60596484e-01
    1.73914909e-01 7.95238614e-02 7.33445406e-01 3.06433558e-01
    8.40584755e-01 4.47140485e-01 1.37997419e-01 4.38998520e-01
    2.26635635e-01 1.83317900e-01 3.07817578e-01 4.51500744e-01
    1.21695608e-01 8.24769974e-01 9.23238397e-01 9.59657133e-01
    1.11194670e-01 7.48208165e-01 5.46435058e-01 2.15230852e-01
    9.15333152e-01 5.00981092e-01 2.65847862e-01 1.94432199e-01
    1.95568740e-01 4.59814042e-01 1.94683731e-01 2.47671157e-01
    5.57908058e-01 5.76083720e-01 8.52390587e-01 3.37744743e-01
    1.01147085e-01 2.21229702e-01 4.98977661e-01 7.13190436e-03
    6.63888812e-01 8.32488239e-02 9.45159912e-01 8.04083347e-01
    6.46290064e-01 6.26758814e-01 8.86090815e-01 7.28859007e-01
    2.01945782e-01 6.22214675e-02 4.50685173e-01 1.77997768e-01
    3.81060302e-01 2.94482589e-01 3.81640911e-01 2.03699768e-02
    6.32687867e-01 5.90752482e-01 7.23733068e-01 4.68970835e-01
    6.67879820e-01 6.61087215e-01 3.64062607e-01 2.07239985e-02
    1.42871559e-01 7.23492801e-02 4.34335113e-01 1.02191418e-01
    8.42433929e-01 6.13778532e-01 3.09817970e-01 2.85621166e-01
    4.85875785e-01 1.27732128e-01 1.76858246e-01 4.77275223e-01
    3.25926095e-01 1.19473010e-01 5.79050243e-01 1.49021983e-01
    7.46617317e-02 8.29401493e-01 2.86055744e-01 4.00667787e-01
    3.90701592e-02 3.69276643e-01 1.59171909e-01 1.76464915e-01
    5.31640589e-01 7.83564091e-01 7.50729442e-01 6.76532388e-01
    3.06596577e-01 6.20916307e-01 3.11890393e-01 2.71614790e-01
    1.41350448e-01 1.64360762e-01 2.63664603e-01 3.45700085e-01
    2.46264040e-02 4.37205315e-01 5.26946664e-01 7.54079521e-02
    4.50316727e-01 6.82587862e-01 6.75399184e-01 2.57423013e-01
    7.27803111e-01 6.65352166e-01 7.59899676e-01 8.04602385e-01
    3.72429967e-01 1.63033187e-01 3.38737011e-01 2.55310655e-01
    4.94650364e-01 3.13981414e-01 6.85825467e-01 7.66712189e-01
    1.02601528e-01 1.46497369e-01 4.80653524e-01 1.43608689e-01
    8.31331968e-01 5.75254202e-01 1.66934103e-01 1.94930434e-02
    2.02751458e-02 6.87927008e-02 2.75549710e-01 9.49145973e-01
    8.48091543e-02 3.56357992e-01 6.40277147e-01 3.23087543e-01
    9.20013726e-01 8.30514550e-01 3.08912367e-01 2.66142398e-01
    3.97374034e-01 4.88457322e-01 7.17578828e-02 2.76579291e-01
    3.22469234e-01 6.71816111e-01 2.18837857e-02 4.90818888e-01
    9.69815373e-01 7.49966621e-01 7.34237909e-01 7.49477863e-01
    2.96485871e-01 3.42782527e-01 7.70423353e-01 7.04122245e-01
    5.01788020e-01 1.70686901e-01 8.61439466e-01 9.42484260e-01
    2.98564136e-01 6.84122324e-01 7.52698958e-01 4.94494796e-01
    1.81280941e-01 7.29079962e-01 5.13891578e-01 6.04804277e-01
    5.98434985e-01 2.36040652e-02 9.14656639e-01 6.72358871e-01
    3.45522135e-01 2.26600587e-01 3.81156653e-01 8.05685282e-01
    6.55511618e-02 8.65404248e-01 1.81756914e-01 7.62841582e-01
    7.03070462e-01 1.97305143e-01 9.07042801e-01 9.66122270e-01
    6.10448182e-01 7.49881268e-01 4.87005919e-01 2.60275662e-01
    5.83013475e-01 6.65893257e-02 6.12469554e-01 2.64860600e-01
    7.50684738e-03 9.96568978e-01 1.67368621e-01 2.86555827e-01
    7.01617599e-02 1.65910751e-01 4.92216200e-01 1.36661708e-01
    9.31969583e-01 4.34645712e-01 9.00427282e-01 3.68331373e-01
    2.57569134e-01 3.43428195e-01 6.39600277e-01 2.65623361e-01
    2.70506680e-01 8.42943609e-01 1.70197099e-01 5.29405057e-01
    7.42231607e-01 5.76012433e-02 5.98616898e-01 9.11445916e-02
    1.07057542e-01 8.88225377e-01 1.51116043e-01 9.62271631e-01
    8.82731080e-01 2.43850380e-01 9.79701042e-01 9.07001972e-01
    3.24063659e-01 5.06684482e-01 2.72864997e-02 7.12419391e-01
    3.45904201e-01 9.58371282e-01 9.72747922e-01 3.93971324e-01
    5.41060865e-02 2.57455617e-01 6.26474380e-01 6.37308359e-01
    8.16303849e-01 9.85250533e-01 2.34630704e-01 6.01511896e-01
    2.51651645e-01 1.40533984e-01 5.84993362e-02 9.55049872e-01
    2.39082038e-01 9.27753210e-01 2.34542310e-01 4.68722045e-01
    7.13171422e-01 5.20992577e-02 5.00473976e-01 3.84415209e-01
    7.24945724e-01 2.48369902e-01 6.85900688e-01 5.73563337e-01
    4.84369844e-01 2.68710256e-02 5.77999234e-01 1.65994018e-01
    4.93132889e-01 7.24413276e-01 5.00636041e-01 5.78436315e-01
    3.09957683e-01 6.07107103e-01 1.35355532e-01 3.60595644e-01
    8.66876960e-01 5.30961633e-01 7.30760396e-02 1.00287497e-01
    3.93758118e-02 7.36361444e-01 8.43925238e-01 3.71573597e-01
    2.52289206e-01 9.16365683e-02 1.99112564e-01 4.42185134e-01
    2.00182110e-01 5.64036429e-01 4.08039808e-01 4.95877296e-01
    7.09134996e-01 8.13878179e-01 1.01243407e-01 4.78791267e-01
    7.50469089e-01 6.29181564e-01 8.40145648e-02 9.82016742e-01
    2.37895936e-01 4.65666324e-01 3.60282540e-01 1.23285800e-01
    8.93369973e-01 3.26229036e-01 3.70887578e-01 1.20605499e-01
    8.43794227e-01 7.81011164e-01 8.56177330e-01 4.60014641e-01
    1.51136518e-01 3.56404006e-01 3.72440815e-01 3.47736776e-02
    8.09837222e-01 8.21017623e-01 3.81640911e-01 2.03699768e-02
    6.32687867e-01 5.90752482e-01 7.23733068e-01 4.68970835e-01
    6.67879820e-01 6.61087215e-01 3.64062607e-01 2.07239985e-02
    4.31893945e-01 3.69525254e-02 7.02298880e-01 2.48446733e-01
    7.10210204e-03 7.12106884e-01 7.40243196e-02 6.26316965e-02
    4.60650414e-01 6.10071540e-01 3.10156763e-01 5.17907977e-01
    9.63688970e-01 2.48885453e-01 9.09679651e-01 4.77124512e-01
    1.18812621e-01 9.93438840e-01 6.65234804e-01 3.33234549e-01
    5.98649859e-01 4.33387727e-01 2.06833392e-01 2.48589367e-01
    3.48152667e-01 4.25533473e-01 7.09059834e-01 9.18430984e-02
    2.60815740e-01 9.32115912e-01 4.89804506e-01 9.88034368e-01
    6.41074121e-01 7.18196154e-01 6.27385795e-01 6.34925365e-01
    2.31519222e-01 6.65552855e-01 5.98500907e-01 7.80856013e-01
    8.87934327e-01 2.35988379e-01 1.49566203e-01 9.24427092e-01
    8.68117213e-01 2.67462611e-01 8.40547800e-01 7.79149890e-01
    8.36192191e-01 8.41906667e-02 7.32966661e-01 9.40211475e-01
    3.22386622e-01 8.04429173e-01 1.32917911e-01 2.25365251e-01
    2.24949241e-01 1.26120687e-01 8.91954601e-01 2.76156813e-01
    4.26270813e-01 4.86399829e-01 7.52075315e-01 4.88196403e-01
    5.24978399e-01 8.17305446e-02 5.72492182e-01 5.54377913e-01
    4.53325272e-01 5.83093464e-01 6.00890875e-01 7.96090841e-01
    9.51848269e-01 6.52285397e-01 9.35877323e-01 4.99623567e-01
    2.14321613e-02 3.42811137e-01 4.75881785e-01 5.84278166e-01
    2.02772021e-01 8.42792332e-01 8.33855629e-01 9.98278081e-01
    3.38583291e-01 8.25832784e-01 1.77709758e-01 4.51057553e-02
    9.38111186e-01 4.47648466e-02 8.32660198e-01 3.77007782e-01
    4.17080998e-01 7.32053757e-01 6.59260154e-03 1.44147873e-02
    5.34006238e-01 7.56686449e-01 8.73556018e-01 4.71905738e-01
    5.98997414e-01 8.98175359e-01 2.53011107e-01 6.79815173e-01
    5.46330810e-01 1.76668048e-01 4.11689222e-01 5.60610056e-01
    1.07113719e-02 5.39699793e-01 5.66857100e-01 2.67553091e-01
    9.57171798e-01 6.69803441e-01 2.42994577e-01 5.39318323e-01
    9.07007456e-01 2.26438910e-01 1.14135504e-01 9.20111656e-01
    8.95755768e-01 4.10203665e-01 2.26961613e-01 9.44229305e-01
    2.35850036e-01 6.62440419e-01 4.74497378e-02 2.62813359e-01
    6.38046086e-01 2.48011440e-01 5.95546603e-01 3.80901277e-01
    5.75197518e-01 1.36689693e-01 4.76284802e-01 6.54890120e-01
    3.56826872e-01 2.80388772e-01 7.72436619e-01 3.00055802e-01
    6.57816172e-01 5.71304619e-01 5.87406397e-01 2.52556801e-01
    4.52279150e-02 2.04524696e-01 7.19469130e-01 7.53553629e-01
    4.51188445e-01 5.00926256e-01 2.38647163e-02 2.31220841e-01
    2.27421999e-01 3.32658648e-01 2.69154042e-01 1.86141521e-01
    6.18960381e-01 8.26806664e-01 6.64705634e-02 5.55882633e-01
    8.40178728e-01 5.56442440e-01 4.27406371e-01 5.19685805e-01
    5.73746085e-01 6.93997741e-01 4.89565045e-01 4.89367992e-01
    5.86641133e-01 5.37002206e-01 9.60557520e-01 6.64265215e-01
    1.78253651e-01 5.26009500e-01 6.74188614e-01 6.14788353e-01
    4.92627859e-01 9.28857803e-01 2.19445467e-01 2.80582815e-01
    4.43969905e-01 8.02550912e-01 7.21789896e-01 5.36677837e-01
    6.53667092e-01 2.31045961e-01 4.25747037e-01 4.63936597e-01
    1.97073072e-01 7.75960922e-01 7.59119868e-01 3.46011013e-01
    8.03273201e-01 3.78326058e-01 7.61140287e-01 4.16292846e-01
    8.73339951e-01 1.84148520e-01 7.97337413e-01 3.52332532e-01
    9.92720544e-01 2.14879781e-01 5.90123892e-01 5.94750822e-01
    4.53557879e-01 5.96460581e-01 2.36671269e-02 8.76792789e-01
    5.23477018e-01 9.30742741e-01 1.48756057e-01 5.99260628e-02
    9.37418640e-02 2.74777412e-05 3.99543345e-02 6.19726181e-01
    9.75552917e-01 9.97905910e-01 7.95745850e-03 9.93300438e-01
    7.42807686e-01 4.58700418e-01 8.40227783e-01 3.29267353e-01
    8.27083945e-01 8.24213982e-01 3.08863401e-01 4.58208740e-01
    5.34385800e-01 9.06518459e-01 2.32629776e-02 3.83504391e-01
    3.39893401e-02 4.03783590e-01 9.47895586e-01 5.28888345e-01
    6.09908640e-01 6.09386683e-01 9.26072240e-01 9.74159360e-01
    4.39608693e-01 3.45555782e-01 3.79557997e-01 6.65978372e-01
    3.94577920e-01 3.89436871e-01 6.69759512e-01 6.94120288e-01
    3.89943182e-01 5.15164673e-01 3.25987309e-01 8.70474398e-01
    9.36060786e-01 3.85716975e-01 5.04020751e-01 4.42109436e-01
    4.31893945e-01 3.69525254e-02 7.02298880e-01 2.48446733e-01
    7.10210204e-03 7.12106884e-01 7.40243196e-02 6.26316965e-02
    4.60650414e-01 6.10071540e-01 4.67410892e-01 1.35714531e-01
    7.92771220e-01 8.17071497e-01 1.03601635e-01 4.07149851e-01
    2.68886626e-01 3.80699724e-01 4.95708466e-01 7.04949677e-01
    1.86040282e-01 5.76040089e-01 9.42788661e-01 1.74304813e-01
    3.58095109e-01 2.61310756e-01 1.84152097e-01 8.17209959e-01
    3.08568478e-02 8.55845869e-01 1.66757256e-01 5.56804657e-01
    2.26827145e-01 1.26193613e-01 7.17320561e-01 2.92997777e-01
    9.21217561e-01 1.64030105e-01 3.10234189e-01 2.70528793e-02
    3.99650276e-01 1.05897814e-01 2.67020345e-01 8.12663913e-01
    2.22552031e-01 4.85483229e-01 7.02991426e-01 2.09816724e-01
    6.33795142e-01 4.39066827e-01 7.34587729e-01 9.31099653e-02
    6.40594721e-01 8.82444203e-01 2.81836987e-02 4.24434006e-01
    9.89397526e-01 3.63157153e-01 3.26167345e-02 1.80772543e-02
    1.67206138e-01 5.77869534e-01 6.92698479e-01 7.75216460e-01
    1.32223219e-01 7.55500674e-01 1.72494352e-01 9.66991067e-01
    4.42372620e-01 2.10855126e-01 2.72581130e-01 1.55856341e-01
    5.04018366e-01 3.73573095e-01 7.14809179e-01 7.14281201e-03
    5.48286676e-01 4.05446500e-01 8.00193071e-01 8.05382609e-01
    5.25552630e-01 8.12216341e-01 3.57642591e-01 3.65161538e-01
    3.05413902e-02 3.03985357e-01 3.36082131e-01 2.85047293e-02
    7.37227440e-01 5.86761236e-01 8.23829412e-01 5.95152676e-01
    7.32043564e-01 7.17691422e-01 1.74436808e-01 3.08262408e-01
    3.79316628e-01 7.11909294e-01 4.76668686e-01 4.58900988e-01
    3.80518705e-01 4.60756242e-01 8.13494623e-01 4.00629967e-01
    2.63488889e-01 6.06689155e-02 9.83226776e-01 6.28356695e-01
    2.76630878e-01 4.65135306e-01 1.81705147e-01 4.20629084e-01
    9.35465813e-01 9.01144385e-01 7.32774615e-01 9.72994268e-02
    8.09502244e-01 4.30584967e-01 5.56857467e-01 7.09919274e-01
    1.25739276e-02 1.81587934e-01 3.08201075e-01 7.54158497e-01
    7.75182843e-01 2.16188699e-01 3.30656797e-01 9.58944142e-01
    6.55002236e-01 2.60566473e-02 2.04007775e-01 7.08867192e-01
    5.59213102e-01 2.41863608e-01 3.71441990e-01 9.86977100e-01
    2.40200132e-01 9.89582181e-01 6.26077592e-01 3.83330286e-02
    4.25625414e-01 9.47609901e-01 1.40188098e-01 6.67780340e-01
    7.26178885e-01 8.58905375e-01 8.58178139e-01 2.27231264e-01
    8.76615465e-01 7.32708812e-01 9.95518386e-01 6.48044944e-01
    4.03466344e-01 9.05503929e-02 9.36249614e-01 4.36955988e-01
    4.47869301e-02 1.74501836e-01 4.61646199e-01 6.35084748e-01
    4.13415343e-01 9.72031355e-02 3.97493243e-02 1.37243569e-01
    3.41007054e-01 5.37983477e-01 7.99321890e-01 9.12776887e-01
    3.58716547e-02 1.91011310e-01 2.12352276e-01 3.40756863e-01
    4.10103381e-01 6.51347041e-02 6.47599936e-01 8.21346521e-01
    4.45950836e-01 5.35215616e-01 2.02384681e-01 4.88454103e-03
    1.91437274e-01 4.47596252e-01 7.88931131e-01 6.15791440e-01
    5.78821778e-01 1.97749496e-01 5.01218379e-01 2.86032796e-01
    3.90449673e-01 6.26492023e-01 8.72976899e-01 9.85874534e-01
    2.22380370e-01 4.61633265e-01 1.92162424e-01 6.17928684e-01
    8.84868503e-01 4.47312981e-01 5.38758039e-02 8.68424118e-01
    3.14301163e-01 2.09576786e-02 6.48190141e-01 2.91672707e-01
    4.40361857e-01 7.23584950e-01 9.34151053e-01 8.43915343e-03
    9.51678157e-01 1.92961991e-01 7.10415602e-01 8.58592153e-01
    6.76123679e-01 5.48982322e-01 2.72348791e-01 8.65344048e-01
    4.21071827e-01 4.96854484e-02 6.25794530e-01 3.99657369e-01
    4.83273894e-01 5.62058389e-02 4.56326574e-01 8.14769864e-01
    1.19236410e-01 3.05640608e-01 6.87218010e-01 2.82238901e-01
    7.52308011e-01 7.56973505e-01 8.56263220e-01 5.08674145e-01
    8.77699137e-01 5.30489743e-01 9.92169380e-02 7.87818432e-03
    8.36836278e-01 8.66694629e-01 9.62865174e-01 8.33884478e-01
    1.87553167e-02 3.63857985e-01 9.47371364e-01 3.52255940e-01
    2.98272461e-01 6.08947635e-01 7.38748908e-01 4.82374579e-01
    6.10811949e-01 2.92760134e-01 7.38733292e-01 4.54674929e-01
    4.34532285e-01 6.70630574e-01 5.44610620e-02 4.55966592e-02
    3.95256251e-01 2.02585429e-01 7.72406816e-01 4.49069142e-01
    8.27109933e-01 4.10960525e-01 1.57406479e-01 9.48480487e-01
    7.61620879e-01 1.94708347e-01 4.67410892e-01 1.35714531e-01
    7.92771220e-01 8.17071497e-01 1.03601635e-01 4.07149851e-01
    2.68886626e-01 3.80699724e-01 4.95708466e-01 7.04949677e-01
    4.49175268e-01 5.36837161e-01 2.40673423e-02 8.77327681e-01
    1.67437971e-01 2.11965173e-01 9.46930647e-02 5.51982760e-01
    4.72961634e-01 5.47236681e-01 1.96817726e-01 8.81162882e-02
    6.24298573e-01 3.25371385e-01 3.52389067e-01 5.39103568e-01
    6.78413093e-01 8.06484699e-01 5.92334211e-01 3.15380067e-01
    6.50053263e-01 1.83596551e-01 6.35023296e-01 9.80857730e-01
    1.85167730e-01 8.52333069e-01 4.17557716e-01 1.73442960e-01
    3.32884073e-01 8.43159735e-01 7.13849962e-01 9.65096831e-01
    9.59710777e-01 9.04738903e-01 7.56802201e-01 3.86737525e-01
    9.63020623e-02 1.18348539e-01 8.33115637e-01 3.51839066e-02
    5.47819436e-01 1.52477235e-01 9.45859730e-01 8.47037792e-01
    1.96554542e-01 3.81938398e-01 6.95728183e-01 3.79938483e-01
    9.87527847e-01 5.70932627e-02 4.13184702e-01 1.87703758e-01
    1.83300257e-01 9.27749276e-03 4.83918577e-01 4.68798190e-01
    8.15430403e-01 2.41647154e-01 5.05034804e-01 8.64921749e-01
    3.33239913e-01 8.33806515e-01 2.91292667e-01 6.75774276e-01
    8.56443346e-02 9.28398252e-01 3.81267071e-03 4.26002502e-01
    6.60166264e-01 8.42091084e-01 8.99472594e-01 7.82511115e-01
    6.75006509e-02 4.09974158e-01 5.11489213e-02 8.93820822e-02
    9.26266074e-01 6.51636958e-01 2.47593552e-01 4.38328624e-01
    5.90878725e-01 9.94864166e-01 7.66114950e-01 5.84888816e-01
    1.64140344e-01 5.65413952e-01 6.53002620e-01 9.02858257e-01
    8.80082726e-01 2.50031352e-02 6.98995948e-01 2.72231787e-01
    3.86225402e-01 6.90396845e-01 9.91832376e-01 8.27688277e-01
    5.10843098e-01 1.58414990e-01 9.47328389e-01 4.75768447e-01
    2.58129597e-01 9.19370890e-01 5.02048910e-01 9.04091835e-01
    7.05827653e-01 6.80073559e-01 5.68281829e-01 8.75467360e-02
    2.05903441e-01 5.67891955e-01 5.26173353e-01 7.81339407e-02
    4.78326261e-01 2.51231134e-01 5.00485420e-01 7.22658336e-01
    6.97370648e-01 7.98961639e-01 3.01178396e-02 4.53735352e-01
    4.44126993e-01 4.72782612e-01 2.46991545e-01 9.08974111e-01
    6.11638129e-02 2.62555003e-01 7.51761198e-02 5.89325488e-01
    1.80425376e-01 9.42952633e-01 9.80879426e-01 6.95608258e-02
    7.59820282e-01 3.25522155e-01 4.14953828e-02 2.02301145e-03
    8.61451507e-01 6.39710248e-01 8.69663715e-01 8.36348057e-01
    1.13859653e-01 7.78800011e-01 7.81207144e-01 1.61878049e-01
    2.12124437e-01 8.54528546e-02 1.98581398e-01 6.01036966e-01
    5.43921590e-01 2.10371077e-01 2.97911704e-01 1.46465331e-01
    4.01350915e-01 3.40830594e-01 9.11004543e-01 2.41963953e-01
    1.04505122e-02 4.36154813e-01 6.00141704e-01 7.18093872e-01
    8.77264261e-01 6.33029282e-01 6.73328876e-01 9.86647546e-01
    3.71669650e-01 9.51182723e-01 8.13436270e-01 7.47495174e-01
    6.21739268e-01 3.31692457e-01 1.89679623e-01 8.73789966e-01
    8.96699786e-01 8.10271978e-01 2.34559149e-01 4.54615444e-01
    3.50009412e-01 7.37338662e-01 2.02609688e-01 9.10301805e-01
    6.32730305e-01 2.32327461e-01 5.80441773e-01 3.28523636e-01
    9.32117820e-01 2.03604460e-01 1.09256834e-01 8.24496686e-01
    7.94488192e-01 5.71695089e-01 1.77756250e-01 8.09406519e-01
    2.81660080e-01 4.38556671e-02 7.45409667e-01 8.76873136e-01
    5.74266613e-02 1.31509542e-01 3.60717356e-01 4.91970778e-02
    1.50423855e-01 1.98707581e-01 2.08483011e-01 1.88965768e-01
    8.27574015e-01 4.39544618e-02 7.57029951e-02 8.69463563e-01
    3.52762073e-01 6.99060678e-01 3.68201137e-02 5.43549240e-01
    8.44733834e-01 1.63288474e-01 6.51534021e-01 8.31375360e-01
    9.62155581e-01 2.75160074e-01 2.82357126e-01 7.17437506e-01
    5.11696935e-03 8.01163673e-01 4.80349869e-01 2.04203635e-01
    2.65850157e-01 2.88019240e-01 5.76773286e-01 9.80446517e-01
    2.94360816e-01 9.50496197e-01 7.64570594e-01 3.32863927e-02
    5.84243774e-01 1.78727150e-01 2.70180762e-01 1.87166750e-01
    8.54675770e-01 2.50128716e-01 1.07425213e-01 2.11932033e-01
    5.19552410e-01 4.04575914e-01 2.85143733e-01 4.42346334e-01
    4.46046472e-01 7.84307241e-01 7.47215509e-01 1.33819014e-01
    6.12508774e-01 5.01059234e-01 7.15040267e-02 5.57551980e-01
    3.92876834e-01 2.48222440e-01 1.51927143e-01 8.31400454e-02
    4.49175268e-01 5.36837161e-01 2.40673423e-02 8.77327681e-01
    1.67437971e-01 2.11965173e-01 9.46930647e-02 5.51982760e-01
    4.72961634e-01 5.47236681e-01 9.14034247e-03 6.94053769e-02
    8.50441217e-01 1.35008693e-02 3.71780455e-01 6.23364985e-01
    9.19436693e-01 6.60338044e-01 3.68997872e-01 1.35822773e-01
    4.99370933e-01 5.00079095e-01 5.24086356e-01 9.88764465e-02
    8.90074492e-01 5.03870904e-01 4.83259320e-01 1.93890184e-01
    2.97164738e-01 2.05613166e-01 6.30813360e-01 6.27154231e-01
    5.78013659e-02 1.24861866e-01 1.32621944e-01 1.14200443e-01
    2.01070070e-01 3.64258707e-01 8.94151688e-01 1.09011948e-01
    8.13448906e-01 7.24572837e-01 8.88001800e-01 3.49767983e-01
    6.28697395e-01 8.85500193e-01 9.40584064e-01 5.49768984e-01
    9.63566422e-01 5.08802593e-01 1.15545303e-01 2.16144890e-01
    8.21808100e-01 3.61959577e-01 2.34052390e-01 5.48678279e-01
    5.56659400e-02 3.49905491e-01 8.62523675e-01 8.07012141e-01
    9.52353179e-01 8.49327922e-01 8.96847844e-01 6.49579465e-01
    7.49562860e-01 1.17376089e-01 7.60620236e-01 5.69656551e-01
    9.85823750e-01 6.67989731e-01 8.69648457e-01 2.09029466e-01
    3.07881087e-01 1.48111165e-01 9.79187489e-01 9.00676250e-01
    2.25310624e-02 8.22476506e-01 7.87352324e-01 4.54600960e-01
    5.37694573e-01 1.63216829e-01 7.64909685e-01 9.28790331e-01
    6.19287074e-01 8.53485823e-01 5.76561689e-02 7.23064363e-01
    1.01723641e-01 4.64403242e-01 4.44711149e-01 3.76525044e-01
    3.86766911e-01 6.75657868e-01 9.71125484e-01 1.04801655e-02
    3.58324409e-01 6.05797887e-01 5.73223829e-02 1.99230224e-01
    3.01576614e-01 2.58154988e-01 5.94898880e-01 4.55590814e-01
    9.33065891e-01 8.24267387e-01 9.33242738e-01 9.75124478e-01
    7.22732782e-01 9.92279887e-01 8.79802287e-01 1.92920029e-01
    4.49286968e-01 8.05077553e-01 9.49066579e-01 9.19822752e-02
    4.48267162e-02 9.95826483e-01 6.10399842e-02 9.75739360e-01
    3.23858976e-01 9.33157325e-01 9.45166230e-01 5.74130416e-02
    8.93880606e-01 2.18211949e-01 7.88677096e-01 7.13728070e-02
    4.90528911e-01 5.10493755e-01 4.65341628e-01 9.17035460e-01
    7.09419727e-01 9.69972491e-01 2.20672339e-01 2.59331286e-01
    9.39886212e-01 4.74153519e-01 9.73734617e-01 6.61906123e-01
    8.08781207e-01 3.52644920e-02 5.28398514e-01 4.56399858e-01
    8.23432505e-01 2.73236930e-02 1.93299204e-01 1.84907347e-01
    8.20005655e-01 2.44019389e-01 2.44351268e-01 9.85529900e-01
    7.47561693e-01 8.99777055e-01 2.19423920e-01 4.39691722e-01
    7.99938798e-01 7.72908628e-02 7.07337022e-01 4.97683078e-01
    1.06980652e-01 6.92353129e-01 1.50323153e-01 1.29067540e-01
    2.26083100e-01 2.53628910e-01 9.11798835e-01 9.52493787e-01
    6.89666569e-01 4.59612370e-01 5.98920107e-01 7.43281007e-01
    7.89152622e-01 6.14242613e-01 4.78477180e-02 3.53303015e-01
    7.14788437e-02 1.95516139e-01 7.06066787e-01 5.65776527e-01
    7.82818437e-01 5.53875506e-01 6.81863904e-01 8.84049475e-01
    6.57335877e-01 9.15490687e-02 8.04307222e-01 4.60723937e-01
    2.66823798e-01 7.30453134e-02 2.94636846e-01 2.38490105e-03
    8.63770425e-01 6.23092711e-01 6.56995773e-01 7.92578340e-01
    6.88894391e-02 5.85165322e-01 1.59085274e-01 3.38580102e-01
    1.27913088e-01 3.69024038e-01 4.39900279e-01 6.48563802e-01
    2.98190653e-01 8.67457390e-02 6.56067550e-01 1.97200686e-01
    2.07640857e-01 8.99404407e-01 8.19015443e-01 5.05191565e-01
    5.36354005e-01 1.75563991e-01 1.52262747e-02 6.25491977e-01
    1.12973154e-02 8.04367959e-01 4.21153456e-01 5.72085202e-01
    8.12854111e-01 3.82227689e-01 2.25096703e-01 5.80374062e-01
    4.42737639e-02 7.09366798e-01 9.75214005e-01 9.57392812e-01
    8.67589593e-01 9.91472542e-01 6.04682088e-01 1.68544918e-01
    3.01030844e-01 9.27562118e-02 9.87520933e-01 5.08002162e-01
    7.50191450e-01 4.69664276e-01 9.58166242e-01 3.32344413e-01
    6.34002686e-01 6.30199075e-01 4.73394632e-01 4.39541638e-01
    7.59946227e-01 8.10355544e-01 1.80872500e-01 3.83578360e-01
    9.80064332e-01 1.91428185e-01 5.13692021e-01 9.80208337e-01
    2.88937509e-01 2.36892104e-02 1.95091158e-01 6.01044774e-01
    6.69681728e-02 6.78997040e-01 5.58459461e-01 3.76578093e-01
    1.37367815e-01 6.18490934e-01 5.49276769e-01 1.15120351e-01
    2.27664441e-01 8.00608993e-02 9.14034247e-03 6.94053769e-02
    8.50441217e-01 1.35008693e-02 3.71780455e-01 6.23364985e-01
    9.19436693e-01 6.60338044e-01 3.68997872e-01 1.35822773e-01
    4.35463548e-01 3.93770874e-01 9.89004970e-01 1.24594212e-01
    5.89484692e-01 9.72027004e-01 2.88011968e-01 2.66406626e-01
    6.98193312e-02 5.04427195e-01 3.38723660e-01 5.45477271e-01
    8.40630174e-01 9.33977365e-01 6.01068556e-01 3.35597992e-01
    9.03659225e-01 6.71838760e-01 2.15776354e-01 5.63561022e-02
    2.88585961e-01 9.02466059e-01 3.10296535e-01 6.45069659e-01
    8.30587208e-01 9.01695251e-01 2.17772424e-02 4.54973787e-01
    9.86990094e-01 1.98615491e-02 8.46516013e-01 4.12764847e-02
    6.92141175e-01 2.39287645e-01 8.96326602e-02 7.66772270e-01
    3.22916389e-01 2.27382421e-01 3.75273407e-01 1.12343520e-01
    9.76834297e-02 6.13497972e-01 4.78079915e-02 6.26698911e-01
    4.91688609e-01 4.84178782e-01 5.24305284e-01 8.70944738e-01
    9.21266913e-01 6.15581274e-01 1.36564046e-01 4.11427349e-01
    6.39686704e-01 8.35478008e-02 7.27172077e-01 3.13609511e-01
    9.18885946e-01 4.00562763e-01 8.27027977e-01 1.82311028e-01
    5.86530983e-01 9.37811494e-01 8.82565975e-01 3.86660993e-01
    2.02678442e-02 3.34827930e-01 3.77135813e-01 3.96783352e-01
    3.16735208e-01 9.43030179e-01 4.60437626e-01 8.78809094e-01
    7.74398863e-01 1.60978526e-01 8.98466706e-01 5.45958161e-01
    9.39826369e-01 5.46383858e-01 2.50131518e-01 7.18447804e-01
    1.15631253e-01 6.18552208e-01 3.43991458e-01 6.85616136e-02
    8.99557769e-01 8.00673008e-01 7.89742231e-01 7.65574574e-01
    8.99511933e-01 2.22444713e-01 5.15365183e-01 4.54339087e-02
    9.08256769e-01 6.04054630e-02 9.83874917e-01 3.27433437e-01
    6.56782031e-01 8.07778955e-01 1.92067355e-01 6.58274114e-01
    9.67623115e-01 8.81899834e-01 5.41854560e-01 4.56328452e-01
    4.49997425e-01 6.90063536e-01 9.64181185e-01 1.34966969e-01
    6.62266135e-01 6.79487705e-01 5.57502508e-02 8.66727829e-01
    5.46693563e-01 2.18507677e-01 3.98285329e-01 9.56132889e-01
    5.57491839e-01 4.50927764e-01 6.53412461e-01 4.83699441e-02
    9.33611751e-01 1.41061902e-01 3.92931700e-01 9.78031397e-01
    2.32772708e-01 3.71633828e-01 5.00401020e-01 2.90012777e-01
    4.71796870e-01 3.88978511e-01 4.80753541e-01 7.69031644e-01
    2.70636946e-01 6.21839166e-01 9.81282890e-02 1.38180226e-01
    8.30309689e-02 4.62114513e-02 1.93638355e-01 6.81804299e-01
    1.72644258e-02 6.00819409e-01 3.32601964e-02 7.53147125e-01
    1.83795333e-01 4.05373335e-01 2.99663961e-01 9.70780134e-01
    9.30514395e-01 4.60126579e-01 6.47972345e-01 7.89970517e-01
    6.63174987e-02 4.89580005e-01 1.20390564e-01 7.62273669e-01
    1.63288236e-01 4.60019886e-01 2.38184273e-01 6.86599553e-01
    7.66204119e-01 6.45094454e-01 2.45403975e-01 6.01650953e-01
    4.62836921e-02 3.09247345e-01 2.89168090e-01 8.01087916e-02
    6.54642642e-01 1.57755345e-01 8.11662078e-01 5.86975455e-01
    1.50984138e-01 8.37478042e-02 5.94464540e-02 6.46391392e-01
    2.57073224e-01 5.38889170e-02 9.14107680e-01 6.22713923e-01
    9.64937031e-01 7.69207358e-01 7.96054602e-01 5.46308041e-01
    9.48556185e-01 8.82554352e-02 5.97041965e-01 3.78965259e-01
    1.80307180e-01 2.82069445e-01 8.62915754e-01 2.47774601e-01
    1.65917486e-01 3.70598614e-01 6.69792295e-01 7.38120615e-01
    1.45087719e-01 3.30993712e-01 5.09353817e-01 7.83071220e-02
    2.89914012e-02 1.52192324e-01 4.10833061e-02 1.68422490e-01
    1.41612679e-01 7.94682741e-01 9.64290857e-01 3.45031023e-01
    1.24307483e-01 8.02092314e-01 1.14299953e-02 5.08336425e-01
    1.27375901e-01 8.12185347e-01 8.85166287e-01 7.34670520e-01
    1.79124504e-01 4.37952638e-01 4.50659782e-01 6.09061122e-01
    4.74451900e-01 4.66884196e-01 8.99277210e-01 9.24340546e-01
    6.19139910e-01 2.67575651e-01 3.03059787e-01 5.61803579e-02
    5.81192970e-01 3.59705806e-01 8.02669883e-01 4.95528638e-01
    9.09597397e-01 2.01097131e-02 8.85387540e-01 8.00331295e-01
    9.83517170e-01 1.21293664e-02 5.93076289e-01 9.53695834e-01
    8.87842715e-01 1.51222646e-02 4.56846684e-01 3.45582396e-01
    7.99809575e-01 5.67466319e-01 7.14104235e-01 2.86037058e-01
    8.14783514e-01 5.63456953e-01 4.85052586e-01 8.44762087e-01
    8.91937137e-01 4.16067243e-03 2.15940744e-01 8.20204854e-01
    4.35463548e-01 3.93770874e-01 9.89004970e-01 1.24594212e-01
    5.89484692e-01 9.72027004e-01 2.88011968e-01 2.66406626e-01
    6.98193312e-02 5.04427195e-01 7.14932084e-01 4.87789273e-01
    9.19742882e-01 3.87402058e-01 5.29531062e-01 3.68564188e-01
    3.11016649e-01 3.54754984e-01 7.72342324e-01 2.95716524e-01
    2.53775537e-01 6.00344360e-01 3.11055779e-03 5.96598029e-01
    5.00675678e-01 7.45729327e-01 4.35936809e-01 4.57063764e-01
    9.56235051e-01 8.53313565e-01 7.17203259e-01 3.48131567e-01
    1.58188343e-02 5.09018779e-01 6.55390203e-01 8.85751963e-01
    1.19051576e-01 1.28849596e-01 5.85937381e-01 2.03429669e-01
    5.21250308e-01 9.47281480e-01 2.02766597e-01 5.10669112e-01
    7.03340888e-01 9.14545059e-01 2.36551464e-02 9.62404668e-01
    4.73980099e-01 3.47995400e-01 1.88317209e-01 7.72556961e-01
    3.66125792e-01 3.36779714e-01 5.70091367e-01 2.48058438e-01
    3.40870798e-01 3.18329811e-01 8.22876096e-01 7.12387383e-01
    8.54045510e-01 2.50753433e-01 8.00222516e-01 9.41944540e-01
    8.11503172e-01 9.87643778e-01 5.79384327e-01 5.16580820e-01
    6.60914123e-01 2.64707685e-01 3.38083386e-01 1.48797810e-01
    4.17685390e-01 4.97656703e-01 6.83526397e-01 5.99283338e-01
    2.58086562e-01 1.16278052e-01 5.72229862e-01 6.35492980e-01
    6.99506342e-01 8.34350109e-01 4.41701084e-01 5.01445174e-01
    8.61235261e-02 2.57007003e-01 8.14478636e-01 4.87474650e-01
    3.66571695e-01 5.43828487e-01 8.92273843e-01 4.30790603e-01
    9.03870761e-01 3.33812416e-01 3.92492473e-01 5.00712395e-01
    2.23209918e-01 5.78370035e-01 3.10534120e-01 1.62384301e-01
    3.03960115e-01 2.99733520e-01 1.31597072e-01 8.38850141e-01
    4.22650278e-01 4.31818515e-01 3.39551568e-01 1.03059411e-01
    2.85860866e-01 6.35073543e-01 7.23502398e-01 4.96923119e-01
    1.58002257e-01 7.57303119e-01 4.08276021e-01 5.45424581e-01
    8.45161378e-02 7.10569441e-01 1.24675930e-01 2.40799248e-01
    7.43399501e-01 8.02348495e-01 7.50007033e-01 6.92275286e-01
    7.34901786e-01 6.14013076e-02 3.84674668e-02 5.65033317e-01
    2.94203132e-01 3.58646572e-01 9.45512176e-01 3.24975073e-01
    2.46939212e-01 2.46015489e-01 5.48986077e-01 3.37584019e-02
    3.69558811e-01 7.68169284e-01 9.27944064e-01 6.45284951e-01
    5.69360256e-01 4.52985644e-01 9.54500914e-01 5.77567101e-01
    4.12717044e-01 2.24778354e-01 4.25028801e-01 6.63931251e-01
    1.44616574e-01 6.49281740e-02 1.65732026e-01 8.01387668e-01
    1.07952446e-01 2.70004094e-01 1.27235055e-01 5.81383765e-01
    4.36732382e-01 8.09301138e-01 1.91172600e-01 2.54611552e-01
    7.11053133e-01 6.32867932e-01 7.60315061e-01 4.55245733e-01
    1.90177143e-01 5.30787110e-02 5.19661546e-01 5.86279035e-01
    8.81684303e-01 3.49311918e-01 8.90807986e-01 7.49284029e-02
    6.96736276e-01 3.67437303e-01 3.17329079e-01 5.33644676e-01
    9.59575176e-01 4.61606413e-01 6.04593694e-01 7.62059093e-01
    3.42459381e-01 6.50544703e-01 7.42416859e-01 4.56090778e-01
    8.04208219e-01 5.73328137e-01 3.08971524e-01 3.73000383e-01
    3.84404421e-01 8.14448476e-01 2.40802765e-02 2.11924046e-01
    3.51849973e-01 3.57648075e-01 8.16853046e-01 2.72023261e-01
    7.41735339e-01 7.96159148e-01 5.73845029e-01 6.50560498e-01
    8.84939432e-01 6.45009518e-01 8.57245386e-01 8.58692288e-01
    8.24465156e-01 3.23550671e-01 8.06846499e-01 5.75091839e-01
    3.04427743e-03 4.48035240e-01 3.99851382e-01 1.74881995e-01
    6.36756182e-01 8.66804838e-01 3.44825029e-01 5.50608575e-01
    5.74696839e-01 8.74451697e-01 8.78231883e-01 2.15965658e-01
    4.08277094e-01 2.34439582e-01 9.74219918e-01 7.01631069e-01
    9.28053260e-01 7.12607503e-02 5.24027824e-01 8.70749235e-01
    1.05144739e-01 6.31453216e-01 8.65188539e-02 6.22348249e-01
    5.31905055e-01 2.59799659e-01 7.22641945e-02 7.60525882e-01
    6.25811458e-01 8.93974423e-01 3.54210854e-01 6.49082482e-01
    6.02302194e-01 4.08875823e-01 4.45598960e-02 6.86177373e-01
    6.16739392e-02 9.89907861e-01 9.12918687e-01 3.96035254e-01
    5.42042553e-01 1.74838543e-01 8.82565081e-02 5.16291380e-01
    1.75665528e-01 9.49946344e-02 3.04391474e-01 6.36717260e-01
    8.50771904e-01 4.92639601e-01 1.79471463e-01 6.33558095e-01
    6.55742884e-01 9.35026288e-01 5.00093937e-01 4.49439257e-01
    9.75900292e-01 3.85319054e-01 7.14932084e-01 4.87789273e-01
    9.19742882e-01 3.87402058e-01 5.29531062e-01 3.68564188e-01
    3.11016649e-01 3.54754984e-01 7.72342324e-01 2.95716524e-01
    6.63236797e-01 9.77882385e-01 5.98265290e-01 7.87824273e-01
    3.98362875e-02 6.89246297e-01 3.40920389e-02 9.00332212e-01
    1.69114292e-01 8.62446427e-01 7.97560930e-01 5.89278400e-01
    5.48227489e-01 3.39816511e-01 2.43976891e-01 7.52505779e-01
    7.95301557e-01 7.67484069e-01 4.81094629e-01 2.07575679e-01
    3.57437342e-01 4.23007399e-01 5.82323015e-01 7.88103938e-01
    6.71089470e-01 5.83489776e-01 9.25500989e-01 3.29681426e-01
    7.17311203e-01 4.63594079e-01 6.80438817e-01 5.96050858e-01
    9.91821408e-01 9.95856643e-01 5.70965648e-01 4.21706140e-01
    8.04350972e-02 6.00717902e-01 5.77345788e-01 9.83617663e-01
    7.88439810e-02 5.75307310e-01 7.50430465e-01 7.88896441e-01
    4.69586104e-01 9.58958030e-01 7.87848592e-01 5.23780584e-02
    8.95865083e-01 9.44125772e-01 7.31434107e-01 6.25756979e-01
    9.19553757e-01 7.49502897e-01 6.84258640e-01 3.97967100e-01
    7.46357560e-01 3.67230535e-01 1.82225555e-01 1.35033756e-01
    6.79133475e-01 1.81587517e-01 8.27664256e-01 9.37508345e-02
    3.42174560e-01 4.57414716e-01 2.78160393e-01 3.95905912e-01
    6.83627725e-01 7.00933635e-01 6.94432676e-01 6.61555529e-01
    4.39512730e-03 7.33354926e-01 6.30742311e-02 5.34602106e-01
    7.79611826e-01 8.16515088e-02 7.36823976e-01 7.22081602e-01
    9.19870615e-01 2.27336287e-02 3.26567173e-01 5.80594540e-01
    5.16194105e-03 3.04714918e-01 6.31527901e-01 3.17088515e-01
    5.17327845e-01 4.33146954e-03 9.39411461e-01 9.88747716e-01
    8.70213985e-01 7.60367572e-01 3.06564987e-01 2.00371146e-01
    3.15993667e-01 9.65403259e-01 2.69439220e-01 9.44009423e-03
    9.43616152e-01 1.21936977e-01 9.78960991e-01 9.50815320e-01
    6.18232012e-01 3.51112783e-01 8.88905644e-01 7.30557680e-01
    7.59171724e-01 4.69362617e-01 1.98375285e-02 9.54106569e-01
    9.12231445e-01 9.27628875e-01 2.96506047e-01 1.77070081e-01
    5.38807392e-01 7.97936320e-01 9.68069077e-01 1.98670566e-01
    5.72462201e-01 3.62069726e-01 2.04176962e-01 9.53585386e-01
    7.29000807e-01 1.09634846e-01 9.82520580e-02 4.30473447e-01
    2.34192908e-01 7.67784178e-01 6.01706803e-01 4.67181891e-01
    2.91337848e-01 2.48414457e-01 9.84738827e-01 5.65375090e-02
    7.72058368e-01 7.54256606e-01 8.79626393e-01 1.93008244e-01
    5.52124977e-02 2.90328264e-01 5.22995293e-01 9.13202286e-01
    1.35200381e-01 2.95111924e-01 2.96548307e-01 8.72698307e-01
    9.97584820e-01 7.29825437e-01 5.83308518e-01 9.26243484e-01
    7.50085711e-02 5.48466444e-01 3.95242035e-01 3.94180119e-01
    5.80404401e-01 2.39832461e-01 3.63883317e-01 5.87501228e-02
    7.87166059e-01 2.17689067e-01 7.21374631e-01 6.62797809e-01
    6.44844413e-01 4.74582314e-01 4.73229408e-01 2.62117535e-01
    7.52819300e-01 4.53938037e-01 9.46798623e-02 1.54775381e-01
    6.49378240e-01 3.86806160e-01 9.26885128e-01 5.65232813e-01
    7.34785676e-01 9.34839189e-01 1.33442551e-01 4.65906858e-01
    5.89296579e-01 5.93381941e-01 6.52271271e-01 9.34168696e-01
    7.72106171e-01 9.03060138e-02 2.25163698e-02 9.11173999e-01
    2.05983043e-01 1.93755925e-01 5.45008779e-02 4.45138812e-02
    3.13299000e-01 3.87776464e-01 4.23460901e-01 5.13460636e-01
    7.30858445e-01 9.65176344e-01 3.41126859e-01 6.02199197e-01
    7.32053459e-01 7.02478588e-01 4.50135380e-01 7.99142003e-01
    7.26121366e-02 4.03644621e-01 7.24652946e-01 3.96152377e-01
    2.36998796e-02 7.13200092e-01 3.20191234e-01 4.90675837e-01
    2.80383438e-01 1.64879084e-01 6.60117924e-01 3.54617178e-01
    1.92612499e-01 6.64445341e-01 4.52841729e-01 1.15003079e-01
    1.23460561e-01 6.02996230e-01 6.49339318e-01 4.70524967e-01
    5.78239739e-01 2.24670321e-01 1.03030086e-01 1.73121899e-01
    5.76276183e-01 5.35868406e-02 2.11597472e-01 8.46284330e-02
    5.56367338e-02 6.34040475e-01 8.91181052e-01 7.95672238e-02
    2.57440060e-01 3.58711243e-01 7.70558953e-01 2.92076081e-01
    1.93347245e-01 6.76798642e-01 5.40257394e-01 5.55228353e-01
    9.56386030e-02 8.55744421e-01 4.42531317e-01 4.70995277e-01
    6.19487405e-01 3.05681705e-01 1.09259397e-01 9.94455457e-01
    1.36045367e-01 2.72494376e-01 2.73945034e-02 7.82126367e-01
    6.63236797e-01 9.77882385e-01 5.98265290e-01 7.87824273e-01
    3.98362875e-02 6.89246297e-01 3.40920389e-02 9.00332212e-01
    1.69114292e-01 8.62446427e-01 7.24405408e-01 2.40132183e-01
    3.13218623e-01 4.69031930e-02 6.01278126e-01 9.15434957e-02
    5.51106930e-02 6.76998079e-01 4.40185398e-01 6.69062972e-01
    4.46580946e-02 5.64171255e-01 5.83256960e-01 7.97953963e-01
    7.84095883e-01 5.49804270e-02 6.91113591e-01 3.01365435e-01
    5.89207530e-01 9.65577841e-01 1.05107307e-01 4.51268852e-02
    4.30352658e-01 4.98225391e-02 9.14236903e-01 1.82739347e-01
    3.22443694e-01 9.98900890e-01 7.64789701e-01 3.99215549e-01
    4.58227783e-01 9.43100274e-01 5.07872701e-01 7.53040731e-01
    4.84802544e-01 5.99652469e-01 1.75052881e-03 6.89918399e-01
    7.31879175e-01 1.57353014e-01 1.89644605e-01 6.00205898e-01
    6.94687545e-01 3.20709944e-01 9.21831250e-01 7.71225691e-01
    7.94899702e-01 9.82720256e-01 8.02345455e-01 8.11808228e-01
    7.32431054e-01 2.44945377e-01 6.44015908e-01 2.39222735e-01
    7.63882279e-01 6.74970627e-01 5.98300099e-01 2.42124885e-01
    3.32808256e-01 8.62725139e-01 6.03702068e-01 8.66951942e-01
    9.76533651e-01 5.06112337e-01 3.55505168e-01 5.90847075e-01
    4.94206101e-01 5.38365006e-01 8.97552848e-01 2.35559702e-01
    7.46034622e-01 8.30500722e-02 3.54440033e-01 2.36252964e-01
    5.66972136e-01 3.07793349e-01 2.93249279e-01 9.29853201e-01
    8.96051824e-02 8.96859825e-01 9.57345724e-01 7.58390188e-01
    3.08953077e-01 5.23041427e-01 9.41568255e-01 7.47790337e-02
    6.11307621e-01 1.31820321e-01 9.70016599e-01 4.37336445e-01
    2.37202436e-01 7.49535561e-01 5.29731154e-01 1.90387011e-01
    3.52462232e-02 7.34981000e-01 5.80113888e-01 7.48150945e-02
    4.25864995e-01 7.76906729e-01 9.47639346e-01 9.20151770e-01
    3.42828870e-01 7.04286993e-02 9.67906713e-01 2.31916934e-01
    7.36907542e-01 6.46565616e-01 3.62510532e-01 5.58359146e-01
    4.56862152e-02 2.75085747e-01 5.48751354e-02 1.97689027e-01
    8.58465672e-01 8.86991620e-01 1.07419193e-02 2.39603162e-01
    4.58199382e-01 5.60957015e-01 4.55837309e-01 6.87457085e-01
    5.70070863e-01 1.70413405e-01 8.23885739e-01 2.95230269e-01
    7.35452592e-01 3.67909670e-01 5.64999878e-01 4.93967682e-01
    1.24386519e-01 5.43916941e-01 7.96357632e-01 5.72775841e-01
    4.76931244e-01 7.21028864e-01 1.33821636e-01 7.83893704e-01
    4.74349052e-01 4.86237347e-01 8.56506944e-01 4.02686626e-01
    9.13888335e-01 7.14107990e-01 6.75991058e-01 8.86174917e-01
    9.06490088e-02 6.13850772e-01 5.25268614e-01 4.85992938e-01
    9.96732712e-01 8.35828781e-01 1.03951156e-01 3.66704941e-01
    6.94824517e-01 6.36250436e-01 6.52840137e-01 6.06735528e-01
    8.39933395e-01 1.57547563e-01 1.12307012e-01 4.10873741e-01
    4.22674417e-02 5.54846764e-01 6.90669477e-01 2.15270102e-01
    8.61475348e-01 9.24111485e-01 3.11146438e-01 3.89074653e-01
    6.51880741e-01 1.86047733e-01 9.31444407e-01 2.86749899e-01
    8.33175659e-01 8.14574242e-01 2.10571527e-01 5.90315878e-01
    5.18509746e-01 6.60090506e-01 2.52828538e-01 5.98162413e-03
    6.27077937e-01 1.25861794e-01 7.79452443e-01 8.58147621e-01
    6.54329419e-01 4.17028576e-01 6.26753747e-01 1.03210241e-01
    5.54027438e-01 7.73550749e-01 4.93271858e-01 9.97558594e-01
    9.29843545e-01 1.17494732e-01 5.51532209e-01 8.48465741e-01
    2.65722781e-01 5.35037518e-02 3.23830903e-01 3.87963414e-01
    6.21355534e-01 8.06337595e-02 9.70825195e-01 1.20786667e-01
    6.28518105e-01 8.65711331e-01 1.75146103e-01 6.18454337e-01
    2.56973028e-01 1.65575475e-01 5.60321391e-01 9.86596465e-01
    3.99074763e-01 7.39539206e-01 9.12381411e-01 4.49388266e-01
    6.57970905e-02 5.02048671e-01 2.60489583e-02 9.30945158e-01
    2.58307934e-01 1.04641855e-01 6.89627469e-01 1.17729545e-01
    9.98613596e-01 2.90031195e-01 4.65524554e-01 3.92246425e-01
    6.36934578e-01 4.60742831e-01 6.84806645e-01 4.79550540e-01
    8.86463761e-01 9.73516524e-01 6.48528874e-01 2.95846045e-01
    8.75807226e-01 7.00531542e-01 5.98256350e-01 2.24042177e-01
    1.92414373e-01 2.84933954e-01 6.41520739e-01 9.46722746e-01
    1.54653519e-01 7.02175319e-01 8.03607762e-01 8.93773317e-01
    3.16107601e-01 2.09248751e-01 8.59851778e-01 1.09193623e-02
    6.97330773e-01 5.86191893e-01 7.24405408e-01 2.40132183e-01
    3.13218623e-01 4.69031930e-02 6.01278126e-01 9.15434957e-02
    5.51106930e-02 6.76998079e-01 4.40185398e-01 6.69062972e-01
    9.14497018e-01 3.03718746e-02 6.76441014e-01 1.77047312e-01
    2.29955763e-01 7.52955675e-01 5.74199975e-01 2.47652799e-01
    3.59438300e-01 5.33641338e-01 1.31192029e-01 8.59803319e-01
    1.75475717e-01 7.47056901e-01 8.17355752e-01 4.04834092e-01
    2.57872164e-01 3.21601152e-01 9.00345325e-01 2.54120111e-01
    5.59354186e-01 1.86005980e-01 7.56498814e-01 3.51544917e-01
    3.73640954e-01 4.65207070e-01 5.74521363e-01 2.67242968e-01
    5.85784495e-01 1.97939813e-01 5.62865615e-01 3.36785883e-01
    6.60532475e-01 4.01210457e-01 4.78690922e-01 1.73628330e-02
    4.41250533e-01 3.16408873e-02 3.67200971e-01 7.36319244e-01
    1.57663524e-01 4.26467806e-01 1.60149932e-01 7.84798503e-01
    4.70366716e-01 9.85968709e-01 1.11045748e-01 7.99604297e-01
    8.91356587e-01 4.95304704e-01 8.33921075e-01 8.93624067e-01
    3.11717033e-01 4.08638567e-01 7.77530313e-01 4.33320493e-01
    8.08682084e-01 7.76668489e-01 5.18011451e-01 2.56959021e-01
    7.91494489e-01 3.84343982e-01 5.72124958e-01 8.39491189e-01
    2.33589500e-01 1.41196668e-01 2.74388015e-01 2.90750861e-01
    6.16133690e-01 2.67402619e-01 6.24059021e-01 3.10964704e-01
    4.20440584e-01 1.60851687e-01 8.64506721e-01 5.89650333e-01
    6.99753284e-01 7.07451046e-01 4.35149491e-01 3.81319702e-01
    6.97368503e-01 1.24298036e-02 2.49297291e-01 9.95437741e-01
    2.28315324e-01 1.13061041e-01 7.75840104e-01 2.35291839e-01
    5.89129686e-01 2.87824869e-01 9.65275824e-01 2.54378617e-01
    3.28182876e-02 1.58503145e-01 4.18311477e-01 1.98886573e-01
    6.30959630e-01 2.78175890e-01 3.95060718e-01 9.74609256e-02
    4.88802254e-01 2.46239245e-01 5.06550848e-01 1.58602357e-01
    5.92873037e-01 8.22028518e-01 6.44992828e-01 4.55612838e-02
    5.60783625e-01 9.53209639e-01 4.73258346e-01 1.50441289e-01
    7.89445996e-01 4.77786213e-01 7.31438398e-04 6.90256059e-01
    3.81405830e-01 7.91820109e-01 7.49664545e-01 2.46090263e-01
    3.55425298e-01 1.21414125e-01 8.10827553e-01 1.95325702e-01
    9.92048323e-01 5.74486971e-01 5.76285958e-01 9.01269197e-01
    4.74926680e-01 4.12330598e-01 7.18550324e-01 5.17521620e-01
    2.05966890e-01 1.52422190e-02 8.87299180e-01 8.30672026e-01
    5.69972396e-01 8.43931675e-01 2.53051937e-01 8.42939615e-01
    5.64405978e-01 3.20447385e-02 9.22095656e-01 9.26829815e-01
    3.64130080e-01 9.60249305e-01 4.03225392e-01 9.03798699e-01
    4.21906114e-02 1.12305582e-01 6.87598169e-01 4.42367435e-01
    3.55652869e-02 7.56039023e-02 4.75701690e-03 4.68416810e-01
    5.34260094e-01 8.97904873e-01 8.28771591e-01 7.60483384e-01
    2.12080747e-01 8.96274090e-01 3.78920853e-01 8.21745515e-01
    7.18959808e-01 4.20240432e-01 8.27137947e-01 4.53843176e-01
    2.25243270e-01 6.91461563e-01 1.52153075e-02 8.12604427e-02
    2.76360095e-01 3.39126170e-01 6.75201833e-01 9.52237546e-01
    9.74866390e-01 7.34115720e-01 2.53583908e-01 6.41722798e-01
    2.68878073e-01 7.72025108e-01 5.79273641e-01 7.76278973e-01
    3.49845827e-01 3.15734953e-01 6.85827255e-01 9.54299212e-01
    1.20799512e-01 5.75682998e-01 2.39293575e-02 4.69241649e-01
    9.74946141e-01 4.14451838e-01 4.27880317e-01 9.03993845e-04
    5.49086869e-01 9.48305726e-01 5.63366055e-01 1.98654741e-01
    7.74674773e-01 2.98744708e-01 3.49836946e-02 4.14729983e-01
    8.72773051e-01 5.77864647e-01 8.30361485e-01 1.86801314e-01
    5.72964549e-02 6.91085398e-01 7.34223902e-01 9.88401711e-01
    5.66006005e-01 8.19580138e-01 8.07638645e-01 6.03633642e-01
    4.38562095e-01 8.65354955e-01 8.01776469e-01 8.80629003e-01
    3.81918162e-01 2.05684781e-01 5.89530468e-02 1.81574225e-01
    1.33491844e-01 8.39874089e-01 6.64136589e-01 7.86934316e-01
    1.77199870e-01 4.15792465e-01 6.62724137e-01 3.36389422e-01
    1.17098153e-01 4.74505931e-01 4.12770450e-01 7.38628983e-01
    7.79171169e-01 9.17681754e-01 1.27504498e-01 4.16181266e-01
    6.79826736e-01 7.99820900e-01 9.12854373e-02 6.04683101e-01
    1.15900934e-01 1.58959985e-01 7.50998139e-01 2.47754723e-01
    6.02931857e-01 1.87205374e-02 1.17311180e-01 7.42544651e-01
    6.23023570e-01 1.99220449e-01 5.47095954e-01 6.09254062e-01
    9.14497018e-01 3.03718746e-02 6.76441014e-01 1.77047312e-01
    2.29955763e-01 7.52955675e-01 5.74199975e-01 2.47652799e-01
    3.59438300e-01 5.33641338e-01 4.40037787e-01 6.90178871e-01
    5.84272325e-01 7.79228091e-01 6.53365612e-01 8.12484145e-01
    1.67769551e-01 1.38993651e-01 5.76926589e-01 9.19504762e-01
    7.17962801e-01 5.22606671e-01 2.74614692e-01 2.73349851e-01
    9.42995071e-01 6.22300804e-02 6.99449778e-01 2.67044544e-01
    1.56784385e-01 4.66378063e-01 2.47122645e-02 6.83424473e-01
    9.19869065e-01 5.14563918e-01 9.56866443e-01 4.26421136e-01
    6.97736561e-01 3.18323791e-01 6.74973011e-01 3.15366566e-01
    1.65143460e-01 9.76819754e-01 4.20242578e-01 2.32562393e-01
    5.50957382e-01 6.64746642e-01 8.68065834e-01 8.25098872e-01
    9.59488988e-01 1.91310316e-01 9.65136886e-02 1.93211734e-02
    7.71087766e-01 6.25378609e-01 8.29238534e-01 5.11503220e-02
    9.80888128e-01 5.61058939e-01 3.68525356e-01 9.08918500e-01
    8.63427162e-01 1.23886049e-01 6.67830408e-02 7.01021194e-01
    1.31458879e-01 2.46720046e-01 6.75464511e-01 6.30417347e-01
    7.57126570e-01 8.87773514e-01 7.50151932e-01 9.64624882e-02
    7.77057350e-01 4.13470775e-01 1.44101411e-01 1.98292375e-01
    2.64358699e-01 1.34114921e-01 7.56329894e-02 2.35041529e-01
    2.22298503e-03 9.77113187e-01 9.20011938e-01 7.93655276e-01
    8.14885318e-01 1.75629199e-01 3.17237675e-01 7.04659402e-01
    6.30362928e-01 3.56038451e-01 4.86541331e-01 9.21450734e-01
    2.21263468e-01 8.95096421e-01 9.36358929e-01 4.40434635e-01
    7.65928149e-01 5.12815416e-02 9.30979550e-01 3.91768575e-01
    9.66557860e-03 4.49000090e-01 7.83539295e-01 2.72581428e-01
    3.74517590e-01 6.44998312e-01 2.41180807e-01 3.50385904e-01
    3.47442925e-01 5.92071831e-01 3.66752386e-01 8.37089658e-01
    6.03719056e-01 4.97017384e-01 8.33421350e-02 6.51178718e-01
    1.11754000e-01 5.80397487e-01 5.14992416e-01 6.90727353e-01
    1.18523568e-01 8.04351091e-01 9.40791011e-01 6.44719362e-01
    4.47295696e-01 2.27538407e-01 9.61939454e-01 2.97292888e-01
    1.77946359e-01 7.01977015e-01 5.87559581e-01 7.85936356e-01
    5.14894605e-01 6.31525874e-01 4.98682171e-01 3.86572480e-01
    6.20855808e-01 2.80379802e-01 1.57598913e-01 6.69397056e-01
    4.49725270e-01 1.52043253e-01 6.13682747e-01 2.82240450e-01
    7.83614457e-01 6.76516116e-01 2.84748942e-01 6.66278720e-01
    2.59280920e-01 4.76241440e-01 1.26348555e-01 3.94976228e-01
    2.75023222e-01 2.03071922e-01 4.56134617e-01 3.32747519e-01
    5.50817430e-01 6.88933134e-01 1.40245110e-01 7.35611856e-01
    3.63845587e-01 2.30199277e-01 2.20989227e-01 4.18955654e-01
    3.68370116e-02 3.15184832e-01 4.45372701e-01 6.43610656e-01
    2.99858510e-01 2.33666360e-01 1.15821183e-01 4.42500472e-01
    9.22740340e-01 4.55127388e-01 7.27355599e-01 4.41968083e-01
    2.41976589e-01 4.78706062e-02 4.35342938e-01 1.61266297e-01
    8.24090481e-01 6.25050843e-01 6.00004792e-02 3.27019870e-01
    2.67299265e-01 9.67074037e-01 8.07410955e-01 3.86893243e-01
    1.35819197e-01 3.26647878e-01 5.24088502e-01 3.29668522e-01
    7.82812774e-01 9.81471121e-01 8.55815470e-01 3.25526863e-01
    2.70748973e-01 9.29360151e-01 1.23771966e-01 2.45764762e-01
    3.95401686e-01 7.03555465e-01 2.98438460e-01 7.41419137e-01
    7.30335116e-01 3.66042674e-01 8.60632896e-01 3.27539027e-01
    5.30859768e-01 3.33285809e-01 9.53037381e-01 7.69820750e-01
    4.64598686e-01 1.88754201e-02 8.70532036e-01 4.38316256e-01
    6.05204403e-02 7.63133287e-01 2.13463634e-01 2.19605833e-01
    7.06112981e-01 3.65193486e-01 8.67244899e-02 4.81489390e-01
    6.97253346e-02 2.71583438e-01 1.19212866e-01 7.04400063e-01
    8.97815347e-01 7.30377853e-01 2.30156839e-01 3.40915918e-01
    7.05643415e-01 9.10136461e-01 3.22916746e-01 7.89465904e-01
    3.89302671e-02 1.32920593e-01 5.33755064e-01 4.03170586e-02
    3.90886664e-01 3.41300964e-01 8.74779820e-01 7.49528885e-01
    1.71311080e-01 5.67977428e-01 3.51513088e-01 3.91732216e-01
    4.39884365e-02 2.11849511e-01 6.80579484e-01 1.81503326e-01
    9.06690657e-01 1.92175120e-01 6.66899443e-01 5.77549756e-01
    5.97590804e-01 8.90819252e-01 6.87732518e-01 2.50185132e-02
    3.03703547e-01 7.46630490e-01 2.93466747e-02 6.48342133e-01
    1.19769633e-01 5.23779333e-01 4.40037787e-01 6.90178871e-01
    5.84272325e-01 7.79228091e-01 6.53365612e-01 8.12484145e-01
    1.67769551e-01 1.38993651e-01 5.76926589e-01 9.19504762e-01
    9.91796613e-01 7.77760148e-01 7.59561419e-01 5.95869422e-02
    9.07312572e-01 8.99303317e-01 1.60470158e-01 2.89016366e-01
    1.42588139e-01 8.78718853e-01 8.06906819e-01 2.54557729e-02
    5.18193483e-01 5.03417909e-01 6.24385834e-01 9.46550488e-01
    1.32593811e-02 8.06262970e-01 1.59677029e-01 8.67938161e-01
    3.01936507e-01 8.82161438e-01 7.58325696e-01 2.69577920e-01
    7.69059062e-02 4.60322052e-01 6.91289544e-01 5.36783040e-01
    8.91121507e-01 5.94939709e-01 3.13394129e-01 9.48313713e-01
    7.21180975e-01 5.68983495e-01 7.20423579e-01 9.74828005e-02
    7.95798182e-01 2.99341857e-01 3.80989522e-01 4.10869658e-01
    1.00946635e-01 5.34737766e-01 1.50589496e-01 1.85701311e-01
    3.08238864e-02 9.26241994e-01 4.56348062e-02 6.16967201e-01
    6.57351732e-01 8.44886243e-01 2.13839442e-01 4.17911977e-01
    8.31007540e-01 3.69014472e-01 3.50155413e-01 9.79662120e-01
    4.12889719e-01 7.15639889e-01 4.30489719e-01 7.08466768e-03
    6.42416537e-01 9.92889643e-01 9.48796868e-01 4.08728689e-01
    3.50067377e-01 3.66204262e-01 3.22313517e-01 2.56149888e-01
    8.20552528e-01 6.33759379e-01 3.16246331e-01 8.34376216e-01
    3.64977419e-02 6.24438703e-01 8.14543605e-01 7.04245448e-01
    4.05938476e-01 5.02458513e-01 7.97456682e-01 9.70465720e-01
    3.89887929e-01 7.06911981e-01 8.84198666e-01 3.42668205e-01
    7.36841381e-01 9.72348332e-01 5.13344526e-01 8.68752241e-01
    9.97432470e-02 4.13199753e-01 6.88082695e-01 2.71989465e-01
    4.97393847e-01 3.33132297e-01 1.85047418e-01 5.54729581e-01
    8.22443485e-01 3.80991101e-02 2.24801481e-01 9.19834852e-01
    8.51726890e-01 3.14571440e-01 2.23059177e-01 8.11898053e-01
    9.44638610e-01 4.98048425e-01 6.06441379e-01 6.07239366e-01
    8.28665853e-01 2.24738747e-01 4.16012645e-01 3.90515536e-01
    4.47539508e-01 5.35265923e-01 3.32594991e-01 7.62178183e-01
    3.43852848e-01 7.37603605e-01 2.84571022e-01 1.69782579e-01
    2.00901151e-01 1.00695550e-01 4.76904482e-01 1.17561817e-01
    5.17817974e-01 5.03090262e-01 5.69805503e-01 5.64807653e-01
    5.56742132e-01 7.57421911e-01 6.36659265e-02 2.90177077e-01
    2.62863338e-02 5.99619985e-01 1.26552552e-01 3.67909998e-01
    8.49838197e-01 5.28456926e-01 5.04828691e-01 4.55364883e-02
    4.49477375e-01 3.95294935e-01 6.52584255e-01 2.79151142e-01
    3.65093291e-01 5.38256824e-01 4.60184723e-01 8.68139148e-01
    9.42584634e-01 6.02263391e-01 2.88673878e-01 8.62482011e-01
    6.10530019e-01 9.15161669e-01 1.33816838e-01 2.83545911e-01
    2.08831728e-01 9.60690379e-02 2.05424488e-01 3.10511887e-01
    3.23616862e-01 3.66623938e-01 9.87394392e-01 7.75122523e-01
    9.26033616e-01 5.32772958e-01 1.44183904e-01 9.66968656e-01
    2.23268151e-01 3.20749283e-02 6.24336898e-02 1.50822371e-01
    6.67396486e-01 1.10985637e-02 1.47681743e-01 8.80643606e-01
    1.94861412e-01 5.54849207e-01 4.73635107e-01 5.11741936e-01
    3.06300461e-01 9.96918559e-01 6.91858888e-01 2.71282911e-01
    8.76311481e-01 3.84443194e-01 4.30781841e-01 2.86701590e-01
    4.81484979e-01 3.64838183e-01 5.00683546e-01 7.82219887e-01
    8.85594726e-01 3.66306812e-01 8.16352963e-01 6.27816558e-01
    5.35261452e-01 7.23725080e-01 9.65758979e-01 7.64269948e-01
    6.17169321e-01 1.05799496e-01 5.38085282e-01 7.84015059e-01
    4.10033762e-01 8.05173278e-01 1.10335827e-01 3.72584760e-01
    2.76957870e-01 3.39030027e-01 3.19921732e-01 1.88305914e-01
    8.84757876e-01 9.96701121e-01 7.79238582e-01 9.97175932e-01
    9.78279650e-01 2.40809828e-01 3.37334961e-01 7.69034624e-01
    2.63536990e-01 2.03506470e-01 6.69567585e-01 8.61768007e-01
    8.00204039e-01 2.96398669e-01 9.03644800e-01 5.29724419e-01
    4.51316565e-01 6.01598382e-01 7.69535661e-01 4.93467033e-01
    3.83786142e-01 3.74206930e-01 5.37911952e-01 1.88078195e-01
    8.18545580e-01 4.31986213e-01 4.50210959e-01 7.72483110e-01
    9.32390928e-01 1.29791796e-01 1.49222523e-01 1.60826504e-01
    3.21514398e-01 4.16542381e-01 1.35398567e-01 6.75377846e-01
    2.66590834e-01 5.79089880e-01 5.57314336e-01 2.62803674e-01
    1.91303790e-02 3.50848854e-01 2.46934891e-01 6.85142636e-01
    9.91796613e-01 7.77760148e-01 7.59561419e-01 5.95869422e-02
    9.07312572e-01 8.99303317e-01 1.60470158e-01 2.89016366e-01
    1.42588139e-01 8.78718853e-01 3.72332424e-01 4.28884149e-01
    1.51847333e-01 7.86746740e-02 9.31343555e-01 7.34913826e-01
    3.91927063e-02 4.97333884e-01 8.03474069e-01 3.80432844e-01
    6.34748399e-01 3.11816812e-01 5.57467401e-01 4.86444861e-01
    4.74855304e-03 2.52669275e-01 2.53872544e-01 2.03240186e-01
    4.25779581e-01 1.42088383e-01 5.13927639e-01 7.76695132e-01
    8.52372885e-01 6.90110385e-01 6.07813597e-01 5.51363826e-01
    5.35075605e-01 9.20130968e-01 1.24823749e-02 8.21943402e-01
    5.01618505e-01 9.77520049e-02 7.40034819e-01 3.36349487e-01
    8.08876514e-01 4.29931402e-01 2.66972303e-01 1.01036757e-01
    5.02697349e-01 4.65604961e-02 6.35175705e-01 2.81712413e-03
    3.68966043e-01 1.25079691e-01 9.74937439e-01 1.98997557e-02
    7.91206241e-01 9.21883047e-01 9.73566234e-01 3.05277109e-03
    5.69169819e-02 4.50358093e-02 1.42862499e-02 9.14003670e-01
    4.81358320e-01 1.16086453e-01 9.84375596e-01 8.27829242e-02
    5.79178333e-01 8.82068872e-01 5.89511275e-01 9.02315795e-01
    2.41914481e-01 1.27845079e-01 3.12322974e-02 6.71345472e-01
    9.83764231e-01 6.34929121e-01 9.97860789e-01 7.52825439e-01
    3.07986736e-01 4.93340760e-01 9.29515839e-01 5.38036585e-01
    7.70715177e-01 4.99820679e-01 5.08530080e-01 2.51208574e-01
    1.76024050e-01 9.98110533e-01 4.71741259e-02 9.06552911e-01
    6.02571130e-01 4.88763124e-01 9.70745683e-01 9.08703923e-01
    5.52721441e-01 5.87069631e-01 2.07915485e-01 3.58275324e-01
    1.68445468e-01 2.96593487e-01 7.37927794e-01 2.67263055e-02
    1.55164093e-01 7.63896227e-01 9.87929285e-01 7.13088810e-01
    4.64613050e-01 4.25346613e-01 3.39497864e-01 1.87741399e-01
    8.97004485e-01 8.06730568e-01 9.65483248e-01 4.84753877e-01
    9.39702511e-01 7.55272865e-01 8.35919380e-03 4.64740843e-01
    6.81936741e-04 7.38853395e-01 6.74828529e-01 7.71653593e-01
    7.78070986e-02 5.18963218e-01 3.97262037e-01 6.05689585e-01
    9.21640873e-01 5.65381765e-01 7.69727111e-01 4.97628152e-01
    8.77038240e-01 5.00540376e-01 8.92502606e-01 2.77806818e-02
    6.17270470e-01 2.94792056e-02 7.18739331e-02 4.63459700e-01
    9.50282156e-01 6.29704714e-01 1.70782745e-01 3.15964818e-01
    5.83103299e-01 9.86727476e-01 4.41563666e-01 3.82210016e-02
    6.92136288e-01 8.41314495e-02 8.15961361e-02 7.35230982e-01
    5.96431434e-01 4.26622331e-01 7.14820683e-01 6.63979471e-01
    4.34554636e-01 8.45922470e-01 5.48224807e-01 1.09347492e-01
    5.22236466e-01 3.89365137e-01 8.31926107e-01 2.99925506e-01
    3.90482485e-01 8.85932326e-01 2.37928271e-01 7.27800727e-01
    3.14950883e-01 4.78567272e-01 9.44102407e-01 2.53676474e-02
    9.90583181e-01 6.69276774e-01 8.59868765e-01 8.40063691e-01
    9.43355501e-01 9.71196711e-01 6.74148858e-01 3.44216526e-01
    8.67515087e-01 4.66698110e-01 1.97835267e-01 8.77733231e-01
    5.81216812e-01 4.74250466e-01 3.55404198e-01 2.62889862e-02
    7.73476899e-01 2.29912370e-01 7.70375490e-01 2.51739144e-01
    7.57423639e-01 9.78726029e-01 5.36560357e-01 5.37652135e-01
    5.81893504e-01 6.57222927e-01 9.18907404e-01 2.43080556e-02
    3.21614802e-01 5.27473211e-01 2.16076225e-01 9.52061355e-01
    3.05200815e-01 2.54367292e-02 2.83283859e-01 2.59787142e-02
    6.12856805e-01 3.09289098e-01 4.65555817e-01 2.49443084e-01
    4.49706018e-02 8.96522164e-01 2.04985857e-01 6.26664877e-01
    8.19777250e-02 8.81234646e-01 7.16437936e-01 7.06153750e-01
    5.11604965e-01 4.11095262e-01 8.66645455e-01 6.71599507e-01
    2.64602184e-01 1.77835613e-01 4.39888000e-01 9.72017407e-01
    8.20764720e-01 6.19263291e-01 4.51983809e-02 8.31772983e-02
    5.82639277e-01 7.95605600e-01 7.91114867e-01 5.49927115e-01
    9.30585384e-01 6.79927766e-02 8.72349024e-01 8.06841969e-01
    7.79818892e-02 7.15882659e-01 8.10727119e-01 9.49096918e-01
    4.58601117e-03 5.72748721e-01 8.67848158e-01 5.13501048e-01
    4.03352499e-01 4.88837391e-01 3.55916828e-01 8.38822961e-01
    6.86106086e-03 2.69484937e-01 6.00593626e-01 8.05140615e-01
    8.19583058e-01 5.50507009e-02 2.90391147e-01 9.59392905e-01
    3.20274413e-01 7.97789693e-02 4.42931175e-01 2.32021272e-01
    4.49011266e-01 7.28588343e-01 3.72332424e-01 4.28884149e-01
    1.51847333e-01 7.86746740e-02 9.31343555e-01 7.34913826e-01
    3.91927063e-02 4.97333884e-01 8.03474069e-01 3.80432844e-01
    1.18769854e-01 5.95875263e-01 6.12593830e-01 3.09021384e-01
    4.09496546e-01 1.78467005e-01 7.84148455e-01 5.31659365e-01
    5.81056952e-01 9.99568462e-01 9.70049202e-02 6.50743306e-01
    6.78227961e-01 1.56546712e-01 6.60770476e-01 2.15887249e-01
    8.66744399e-01 4.62944210e-02 9.51506674e-01 5.05454063e-01
    6.91141427e-01 6.43597484e-01 3.30291152e-01 8.35088968e-01
    5.17294168e-01 2.41771221e-01 7.56410122e-01 3.59768987e-01
    2.21865535e-01 6.82067990e-01 6.93272948e-01 5.97754776e-01
    1.66303396e-01 7.06534863e-01 7.36985385e-01 6.61929011e-01
    7.80639529e-01 4.58878279e-02 1.05281293e-01 3.65757912e-01
    4.71859872e-01 9.06330466e-01 8.94768238e-01 7.17499852e-02
    7.42396712e-02 4.02470648e-01 2.31928378e-01 6.08284593e-01
    2.56872505e-01 9.65618014e-01 7.29149103e-01 7.99065471e-01
    5.65139174e-01 1.41581506e-01 8.63685131e-01 3.47858220e-01
    4.90076065e-01 2.68768728e-01 3.03479671e-01 1.27489030e-01
    5.07860243e-01 2.76595294e-01 9.54085648e-01 4.63182449e-01
    8.27679932e-01 4.25023139e-01 1.21783286e-01 7.83737063e-01
    5.42173326e-01 2.20722347e-01 4.95541006e-01 7.53586173e-01
    9.38489199e-01 5.25674939e-01 2.53470540e-02 6.62581921e-02
    7.73510754e-01 3.92816663e-01 7.71637559e-01 4.38858271e-01
    5.61716199e-01 3.92847657e-01 6.56621158e-01 1.87725335e-01
    5.66502213e-01 5.32851398e-01 2.17712998e-01 3.11446518e-01
    7.53791213e-01 5.23724496e-01 3.21527421e-01 8.41188788e-01
    5.13482392e-01 8.17916155e-01 9.74521041e-01 8.91175270e-01
    1.49125159e-01 7.08318233e-01 7.27804244e-01 7.96325207e-02
    5.01665175e-01 8.54257703e-01 8.28262568e-01 3.82390857e-01
    9.08555090e-01 4.99267966e-01 1.77385479e-01 7.84357965e-01
    4.40111041e-01 6.74664617e-01 4.18222725e-01 7.74028063e-01
    7.62196660e-01 2.52237737e-01 2.68530190e-01 2.78232485e-01
    8.71309042e-01 2.82454431e-01 9.35267627e-01 1.76477998e-01
    2.85360217e-02 6.34961545e-01 9.80640650e-01 3.18308383e-01
    4.90520000e-01 6.13213480e-01 7.92609453e-01 5.84395885e-01
    2.82779336e-01 7.15774894e-01 7.96457052e-01 3.84458661e-01
    1.51256800e-01 4.36485976e-01 9.67652798e-02 3.95810604e-03
    2.90478617e-01 6.93426609e-01 3.14904153e-02 4.41487193e-01
    2.83325642e-01 6.05499327e-01 4.26487863e-01 4.90203857e-01
    2.98909605e-01 3.94872725e-01 8.41064095e-01 7.14145064e-01
    2.22652614e-01 6.77570105e-01 8.68181765e-01 3.39680433e-01
    3.11776102e-02 4.56279278e-01 1.03979379e-01 9.98674035e-01
    9.28180993e-01 3.46452296e-02 6.68529749e-01 6.70891166e-01
    5.38824797e-02 6.97192430e-01 1.18424296e-01 2.88694799e-02
    4.11640584e-01 8.87110174e-01 5.75193942e-01 7.74610281e-01
    4.89441007e-01 6.04432762e-01 1.33175254e-01 5.96892834e-03
    5.88157892e-01 3.90630245e-01 8.88634622e-01 7.55012035e-01
    8.02231550e-01 5.37033021e-01 5.13829648e-01 7.34389722e-01
    8.64173532e-01 5.77989221e-03 5.33344626e-01 6.37352228e-01
    5.04332662e-01 1.91600680e-01 2.57745385e-01 4.61733311e-01
    1.06608659e-01 2.32431352e-01 2.21081644e-01 5.13649106e-01
    5.22076428e-01 7.48773992e-01 5.50334156e-01 5.11963308e-01
    3.47579062e-01 6.74178720e-01 3.37333411e-01 9.33915377e-01
    5.10328472e-01 9.87908959e-01 4.88148212e-01 8.11983943e-02
    5.23959577e-01 8.89510632e-01 2.95213699e-01 2.54751444e-02
    4.92942035e-01 4.83167291e-01 5.78396559e-01 2.00421512e-02
    6.03162825e-01 8.12905729e-01 6.88186586e-01 3.23224366e-01
    7.05729961e-01 5.68141162e-01 3.08460653e-01 6.00047350e-01
    9.72055078e-01 8.60763788e-01 4.10771698e-01 6.87995672e-01
    5.20782888e-01 5.76561928e-01 8.66508484e-01 1.38003230e-01
    2.00466305e-01 3.94634962e-01 7.70033598e-02 1.13551587e-01
    5.99678576e-01 3.21516991e-02 6.77088141e-01 2.17918307e-01
    2.37934291e-02 6.09931886e-01 5.63725293e-01 5.47716677e-01
    4.61608350e-01 2.51700968e-01 2.92988598e-01 3.68816257e-01
    1.45569056e-01 6.27240539e-01 2.11426675e-01 6.89820051e-02
    3.09194863e-01 2.04825759e-01 3.54913533e-01 6.01405144e-01
    8.46564174e-01 2.72338659e-01 3.64565820e-01 7.76129484e-01
    1.18769854e-01 5.95875263e-01 6.12593830e-01 3.09021384e-01
    4.09496546e-01 1.78467005e-01 7.84148455e-01 5.31659365e-01
    5.81056952e-01 9.99568462e-01 7.61655569e-01 1.95449442e-01
    4.26517010e-01 2.61580408e-01 9.61127043e-01 1.66864097e-01
    7.43894339e-01 2.85180092e-01 1.45532787e-01 6.15476370e-02
    2.75904715e-01 6.18736684e-01 2.87684411e-01 6.63629591e-01
    1.26295596e-01 7.92324662e-01 7.23919809e-01 1.70744896e-01
    4.22439158e-01 7.99441457e-01 9.21588421e-01 1.16422474e-02
    2.24367172e-01 3.57199669e-01 3.88368607e-01 4.20035332e-01
    7.40131676e-01 2.78820485e-01 9.82570946e-01 2.05036700e-02
    1.70067877e-01 5.90525746e-01 4.16781843e-01 4.50707346e-01
    8.73130798e-01 3.99195254e-02 4.39794540e-01 7.74719715e-01
    9.90474701e-01 6.02816164e-01 7.91474581e-02 1.29652917e-01
    7.33353734e-01 8.37427557e-01 5.07969320e-01 9.61659670e-01
    9.44119930e-01 1.69895142e-01 1.40295595e-01 2.87476689e-01
    5.70250750e-01 5.50012589e-02 6.90572679e-01 3.17268312e-01
    5.67149043e-01 4.60259497e-01 8.20750117e-01 7.92229056e-01
    6.62937701e-01 5.97475111e-01 8.62249374e-01 5.98645389e-01
    2.86497325e-01 1.62611693e-01 6.80281937e-01 3.18711996e-02
    4.10873592e-02 6.14334106e-01 7.59452462e-01 1.88383371e-01
    5.90442955e-01 7.83789873e-01 8.54490638e-01 6.43857002e-01
    1.37425065e-01 8.82606983e-01 6.86844945e-01 5.04873335e-01
    2.93189824e-01 2.86425292e-01 3.31640989e-01 1.46476507e-01
    7.38190889e-01 4.77033049e-01 1.36083364e-03 9.41055179e-01
    6.11978054e-01 3.65633309e-01 4.28705812e-02 3.27121258e-01
    4.59689647e-01 8.13618302e-01 5.41290522e-01 6.37430608e-01
    1.74469680e-01 2.88367867e-02 1.69472307e-01 1.36776119e-01
    5.93236089e-01 4.16286230e-01 2.54648447e-01 5.88496566e-01
    9.72763896e-01 4.58000869e-01 9.27739382e-01 7.32605696e-01
    7.77347565e-01 5.88647246e-01 8.82569790e-01 9.51346874e-01
    4.55871910e-01 4.36378419e-02 4.37676817e-01 7.40610361e-01
    6.56657934e-01 7.49459326e-01 3.37909698e-01 7.01650798e-01
    9.35145378e-01 6.20724022e-01 6.02025986e-01 1.32044703e-01
    3.42456341e-01 6.52014494e-01 9.21138287e-01 6.53815210e-01
    2.37319022e-01 2.45157599e-01 3.67702961e-01 5.74555159e-01
    8.10308814e-01 2.44866997e-01 2.70418763e-01 3.92175496e-01
    1.92171514e-01 4.92696226e-01 3.09287816e-01 2.69125283e-01
    2.71929801e-02 9.89194393e-01 3.84486794e-01 7.84410238e-01
    1.86175883e-01 2.89506614e-01 5.01371920e-02 4.28694904e-01
    7.81818569e-01 8.12680066e-01 2.15715021e-01 1.95442647e-01
    3.97597820e-01 3.56907576e-01 1.37266040e-01 1.16764277e-01
    4.14378613e-01 1.38437033e-01 2.54931033e-01 6.07214451e-01
    9.00079370e-01 8.75149608e-01 6.63343072e-03 5.20316780e-01
    8.26694608e-01 4.45198476e-01 2.36896962e-01 5.49208820e-02
    2.58033842e-01 7.94455230e-01 1.85684949e-01 2.93284237e-01
    3.04968208e-01 9.56814766e-01 7.91576505e-03 7.55115509e-01
    7.01559663e-01 5.40412068e-01 6.59884870e-01 2.78528869e-01
    7.99617350e-01 6.43316746e-01 3.39893967e-01 1.60073519e-01
    6.94571018e-01 7.03730345e-01 5.15760720e-01 8.32015514e-01
    9.53077376e-01 6.99875593e-01 3.27627659e-01 7.78206229e-01
    3.73436749e-01 8.26596141e-01 2.56690979e-01 3.38249505e-02
    5.08780599e-01 8.76005769e-01 1.34069830e-01 2.95703024e-01
    1.56627089e-01 6.10421121e-01 4.28442776e-01 7.44149089e-01
    5.31921148e-01 2.64207006e-01 8.15137744e-01 5.15515089e-01
    4.06566232e-01 5.78803957e-01 8.99074078e-01 4.38076526e-01
    9.79429722e-01 2.97697008e-01 3.81872296e-01 8.05556178e-01
    5.12961745e-01 6.80102348e-01 3.37180793e-01 7.96397567e-01
    9.36520338e-01 3.15886259e-01 6.78143203e-01 4.98644948e-01
    2.88337052e-01 8.20218444e-01 7.75899529e-01 3.89509469e-01
    7.44181454e-01 7.63302386e-01 2.44201273e-01 1.49595678e-01
    7.96338320e-01 8.61822069e-02 7.04403281e-01 9.59901035e-01
    3.72388840e-01 1.62038714e-01 6.27881050e-01 1.11495167e-01
    3.61519098e-01 5.33905864e-01 6.42659605e-01 5.71255565e-01
    4.33767289e-01 7.16045856e-01 2.52220958e-01 2.50433892e-01
    2.91591793e-01 7.77491808e-01 3.01769704e-01 7.81775653e-01
    6.56285226e-01 6.09712124e-01 7.58564472e-02 5.11676908e-01
    8.11161041e-01 5.60162425e-01 7.61655569e-01 1.95449442e-01
    4.26517010e-01 2.61580408e-01 9.61127043e-01 1.66864097e-01
    7.43894339e-01 2.85180092e-01 1.45532787e-01 6.15476370e-02
    7.22643793e-01 9.50409889e-01 5.24090469e-01 5.00517070e-01
    9.52687740e-01 6.82587802e-01 9.52750683e-01 5.22333980e-01
    3.78465086e-01 2.99837410e-01 9.57659483e-01 7.22067475e-01
    8.72929454e-01 4.96470958e-01 5.47003984e-01 3.26229215e-01
    7.45539069e-01 8.55830312e-01 8.39888811e-01 1.59633726e-01
    8.02222610e-01 5.22122025e-01 8.10469210e-01 3.75850946e-01
    6.96014166e-01 7.58281350e-02 2.56887347e-01 7.38861084e-01
    4.46770489e-02 7.65246928e-01 7.32456028e-01 6.71058416e-01
    9.53970075e-01 1.33347064e-01 7.60737002e-01 6.72219694e-01
    6.82825446e-02 1.42706484e-01 1.34251505e-01 1.31797314e-01
    1.75488114e-01 5.74548423e-01 3.98284316e-01 7.28045940e-01
    9.70542550e-01 3.64917189e-01 3.27395558e-01 7.32559264e-01
    4.62996960e-01 6.13301039e-01 4.40388769e-01 1.91841394e-01
    6.62533402e-01 3.58033746e-01 8.84003878e-01 4.96879190e-01
    3.13307881e-01 2.24107504e-02 5.53119481e-01 5.05457222e-01
    4.30553019e-01 5.15475154e-01 6.86729848e-01 2.37652689e-01
    7.04122424e-01 3.06678265e-01 9.59994197e-01 2.92091131e-01
    9.90151644e-01 5.70796013e-01 4.32951421e-01 7.10802913e-01
    4.84629512e-01 2.15718895e-01 6.99104071e-01 1.54999733e-01
    7.36066699e-01 9.43166375e-01 7.08323002e-01 8.53958607e-01
    8.45762968e-01 8.82185221e-01 1.39295071e-01 1.36144310e-01
    2.24544317e-01 4.20456499e-01 7.04385281e-01 8.75421107e-01
    1.11060441e-01 1.19369179e-01 5.88598371e-01 4.47367728e-01
    7.97394872e-01 3.57998073e-01 2.45832503e-01 4.49537903e-01
    9.70467329e-01 7.39174843e-01 1.89087480e-01 6.49375796e-01
    5.73107004e-01 3.92321646e-01 1.58160836e-01 8.61787915e-01
    6.73903406e-01 6.31153107e-01 3.41393411e-01 5.08888364e-02
    8.71821284e-01 8.26324940e-01 3.23758483e-01 8.11487198e-01
    9.39866662e-01 9.10280406e-01 2.14548022e-01 2.50758111e-01
    2.22068667e-01 6.85292482e-01 5.63024700e-01 3.65542561e-01
    4.69744921e-01 8.97512734e-01 9.56170142e-01 3.36283147e-02
    3.07343602e-01 5.92579901e-01 9.73832369e-01 2.79162228e-02
    5.13226688e-02 6.39452100e-01 7.05623746e-01 7.91485548e-01
    8.95331264e-01 3.57043386e-01 2.40080595e-01 2.59871125e-01
    5.15549660e-01 5.57036996e-02 1.15628362e-01 6.63541317e-01
    8.89762342e-01 3.42892706e-01 9.51329708e-01 5.30791342e-01
    4.90752161e-02 7.53215671e-01 3.01557779e-01 3.38211834e-01
    1.67578191e-01 7.71183074e-02 3.48188281e-02 9.32805777e-01
    9.89296377e-01 9.13436651e-01 6.83579326e-01 1.21951520e-01
    6.57218158e-01 3.29382241e-01 5.44795096e-01 5.06281853e-02
    3.54447573e-01 9.81083035e-01 5.85979939e-01 8.48748088e-01
    2.63749838e-01 5.07087290e-01 1.95651203e-01 9.90025401e-01
    4.42966700e-01 9.59807873e-01 3.52566063e-01 1.73676521e-01
    2.35371858e-01 6.26847863e-01 8.36066246e-01 6.56358898e-01
    4.27548170e-01 4.27196503e-01 9.09384012e-01 1.69349223e-01
    4.75091070e-01 2.33678341e-01 5.40205717e-01 6.96954966e-01
    5.56462049e-01 5.37906289e-01 5.71132839e-01 5.12225211e-01
    5.85563719e-01 7.32671201e-01 7.46424198e-01 9.37442303e-01
    3.44177455e-01 3.04273963e-02 9.51118529e-01 9.03495491e-01
    8.24664593e-01 6.08948112e-01 9.23205137e-01 8.34404767e-01
    8.96747708e-01 2.69095719e-01 5.74823678e-01 6.56245828e-01
    3.19521129e-01 3.72552931e-01 3.17986488e-01 2.84264505e-01
    4.22047853e-01 6.86416268e-01 3.45245868e-01 1.45053864e-02
    1.60719275e-01 9.92472887e-01 2.03491032e-01 3.67874265e-01
    6.06426001e-02 9.47887421e-01 5.13181388e-01 1.52910948e-01
    9.42249835e-01 4.44710046e-01 8.66200686e-01 4.69916761e-02
    7.68320084e-01 3.00643265e-01 9.25903916e-01 5.31193018e-01
    9.37782168e-01 7.03764677e-01 6.17000937e-01 8.96875620e-01
    8.75446081e-01 4.39214438e-01 3.75934750e-01 5.29150009e-01
    5.90167046e-01 7.70487666e-01 3.78979772e-01 1.69974566e-03
    7.26473153e-01 3.35885584e-01 1.42519265e-01 4.83519614e-01
    8.61823320e-01 4.30152833e-01 7.75753081e-01 1.29043311e-01
    9.09945011e-01 9.74772990e-01 6.98793292e-01 6.68797910e-01
    2.29772002e-01 6.50687337e-01 9.72800493e-01 3.33514810e-03
    7.22643793e-01 9.50409889e-01 5.24090469e-01 5.00517070e-01
    9.52687740e-01 6.82587802e-01 9.52750683e-01 5.22333980e-01
    3.78465086e-01 2.99837410e-01 5.10971248e-01 3.14524591e-01
    6.41184032e-01 4.67610866e-01 1.01181865e-02 7.26189971e-01
    4.30635422e-01 5.29917359e-01 8.25020909e-01 1.33021027e-01
    6.02592707e-01 8.92803073e-03 6.05888367e-01 5.49223423e-01
    6.14914536e-01 6.75630569e-01 3.94945532e-01 5.03093421e-01
    2.43945599e-01 7.04915822e-01 5.44543028e-01 8.43152761e-01
    1.28343701e-01 2.55767941e-01 2.49707311e-01 8.38412046e-01
    1.52150840e-01 3.93618941e-02 1.20972931e-01 5.51346958e-01
    2.05423236e-01 3.54874730e-02 5.98219514e-01 1.65592104e-01
    8.52556229e-01 7.00106382e-01 4.99666333e-01 7.83810616e-01
    1.46974206e-01 7.09753513e-01 4.76594955e-01 5.92090726e-01
    3.47496808e-01 9.93789494e-01 9.09067631e-01 7.29109108e-01
    8.73840332e-01 4.93908495e-01 2.78262228e-01 7.36924410e-01
    1.55385733e-01 4.73814338e-01 6.68527186e-02 6.70129061e-03
    3.00304949e-01 6.92716241e-01 7.19635427e-01 2.90418446e-01
    3.99935156e-01 4.23826724e-01 8.67620230e-01 6.48161530e-01
    2.96601951e-01 4.26258862e-01 9.82561350e-01 9.63295579e-01
    6.31829262e-01 5.74557185e-01 2.09789068e-01 8.62808228e-01
    4.68041331e-01 1.54883713e-01 7.60246277e-01 9.52109456e-01
    4.77828681e-02 7.10694253e-01 8.78017783e-01 7.82595634e-01
    8.19430351e-01 8.76569867e-01 9.17454660e-01 6.64667964e-01
    2.03212440e-01 5.02789795e-01 7.27370441e-01 4.18375850e-01
    6.17464483e-01 9.72741544e-01 4.82147515e-01 4.08419669e-02
    3.60504627e-01 6.52159452e-01 1.71144247e-01 2.43556112e-01
    7.11863339e-01 9.23443854e-01 1.64794713e-01 1.15224421e-02
    1.84923112e-02 8.58072162e-01 8.58004689e-02 9.47979093e-01
    9.91289735e-01 8.22628319e-01 6.47164762e-01 7.63763785e-01
    6.78468823e-01 2.01874226e-01 4.92135286e-02 2.43845373e-01
    1.90910876e-01 8.04648042e-01 9.98879790e-01 7.62598097e-01
    7.58620143e-01 4.41295803e-01 6.87294960e-01 9.23054755e-01
    1.40480429e-01 5.67615628e-01 7.51812100e-01 2.95503974e-01
    5.16152203e-01 6.82948530e-02 2.42921829e-01 6.02749944e-01
    2.01878279e-01 6.31228566e-01 3.51549685e-01 3.91668737e-01
    9.51726496e-01 6.67146146e-02 9.51131105e-01 1.50377572e-01
    9.28535581e-01 4.27296460e-01 9.32891965e-01 4.36952531e-01
    2.24865377e-01 4.95535582e-01 7.34699667e-02 8.82167578e-01
    8.31448913e-01 9.38305795e-01 7.49646068e-01 7.49728143e-01
    9.75321531e-02 9.91873384e-01 8.53266716e-01 7.08296418e-01
    7.58257627e-01 2.99593806e-03 3.33502054e-01 6.61795437e-01
    2.03149855e-01 3.03478062e-01 9.54564095e-01 3.48093063e-01
    3.24134201e-01 3.84271145e-03 1.18800551e-01 1.21270716e-01
    2.38164037e-01 7.20849574e-01 1.67780131e-01 5.99132776e-02
    6.05244815e-01 4.80390161e-01 9.03434455e-02 9.02442336e-01
    4.54824448e-01 7.40624249e-01 5.16657352e-01 1.19216144e-02
    1.14580393e-01 6.54529095e-01 7.44649231e-01 9.96006131e-02
    1.37564391e-01 2.21621156e-01 3.75075996e-01 1.92526221e-01
    3.31659317e-02 1.95926845e-01 2.17563838e-01 2.64452279e-01
    6.49001658e-01 1.86886758e-01 4.29471433e-01 1.97118670e-01
    9.59247351e-03 2.08024532e-01 6.72443688e-01 7.88840413e-01
    4.68938679e-01 7.46306419e-01 9.94331121e-01 1.58325225e-01
    4.62530375e-01 7.12597251e-01 7.94355869e-02 1.57848120e-01
    8.34036231e-01 1.17538869e-01 6.56686127e-01 9.33301449e-01
    7.29785562e-01 2.33277082e-02 6.87825382e-01 8.31203103e-01
    2.97864586e-01 2.87312776e-01 6.27026558e-01 9.63860452e-01
    1.07863635e-01 3.45411003e-01 7.96381831e-02 6.54659271e-01
    6.65047169e-01 4.19810355e-01 7.88883805e-01 2.69059449e-01
    7.10420251e-01 8.82179022e-01 8.62790287e-01 6.77148163e-01
    2.68084049e-01 3.71018052e-03 3.94342154e-01 6.48608327e-01
    6.36877477e-01 7.76996732e-01 7.59208560e-01 2.27961242e-02
    1.47303075e-01 5.56144595e-01 4.11595732e-01 1.67197049e-01
    3.53131264e-01 8.95868540e-01 5.38297236e-01 9.11619306e-01
    9.53851819e-01 2.41504848e-01 3.89555842e-01 4.07723665e-01
    6.35595798e-01 5.08891642e-02 7.32256889e-01 6.39960885e-01
    2.28763431e-01 1.12406373e-01 4.18440521e-01 4.61867660e-01
    9.98634219e-01 7.52647161e-01 5.10971248e-01 3.14524591e-01
    6.41184032e-01 4.67610866e-01 1.01181865e-02 7.26189971e-01
    4.30635422e-01 5.29917359e-01 8.25020909e-01 1.33021027e-01
    8.08831096e-01 7.43680239e-01 1.46606743e-01 3.07353139e-01
    3.20935130e-01 7.10856199e-01 3.42592239e-01 5.41309118e-01
    1.21302009e-02 2.38388449e-01 1.52543157e-01 4.96891767e-01
    7.88747966e-01 3.83195966e-01 4.22596902e-01 3.82182419e-01
    1.85029924e-01 6.26073182e-01 8.43861163e-01 3.89443159e-01
    3.79175127e-01 6.86260462e-02 3.51714253e-01 3.93234432e-01
    6.87522292e-02 7.26090074e-01 2.85384536e-01 1.69703662e-01
    8.87522340e-01 5.26921093e-01 9.58450377e-01 2.02298164e-02
    9.48284149e-01 7.78916538e-01 7.15298235e-01 4.53200608e-01
    5.68522513e-01 6.96397483e-01 6.57800138e-02 5.59824765e-01
    6.33933306e-01 7.61076927e-01 5.55603743e-01 1.51142806e-01
    9.05200899e-01 7.36189246e-01 3.81730676e-01 7.67952561e-01
    7.87277818e-02 9.32836771e-01 7.20549822e-01 3.61492753e-01
    5.90937555e-01 4.57870662e-01 5.43963909e-01 8.68394971e-01
    1.62290156e-01 9.02293801e-01 4.29112017e-01 7.41398990e-01
    7.72896647e-01 9.43930984e-01 7.71022141e-02 3.28664750e-01
    1.64253533e-01 2.63670087e-03 6.85952961e-01 1.22769058e-01
    4.76792842e-01 1.03655785e-01 7.41590142e-01 6.17938876e-01
    4.86229897e-01 8.34483802e-01 1.60583943e-01 8.11188340e-01
    3.78510177e-01 9.22048450e-01 1.32726401e-01 7.85334229e-01
    6.78286314e-01 9.37925220e-01 1.56216681e-01 8.34393024e-01
    9.77124214e-01 8.64339650e-01 1.05560482e-01 7.58721650e-01
    6.57109261e-01 2.11205989e-01 3.70841801e-01 9.07139778e-02
    5.77573836e-01 3.43137413e-01 5.56180716e-01 6.51444793e-01
    8.53234649e-01 7.77035832e-01 2.44454205e-01 9.96386111e-01
    4.42944229e-01 4.99108195e-01 6.88319921e-01 1.86455220e-01
    8.39262426e-01 2.49578685e-01 6.48092747e-01 5.36518574e-01
    5.26822388e-01 9.17362809e-01 3.54650021e-02 2.43019581e-01
    8.54370475e-01 4.35714811e-01 6.88825727e-01 1.19695485e-01
    3.91045094e-01 5.19989371e-01 8.65127206e-01 9.63858962e-01
    8.18190336e-01 2.44692832e-01 7.46067703e-01 8.72049391e-01
    8.75349164e-01 4.42064524e-01 2.20299810e-01 5.19867122e-01
    7.98530102e-01 3.15158814e-01 4.98108178e-01 3.72752219e-01
    2.38574266e-01 2.58644760e-01 1.32758528e-01 9.32204247e-01
    8.89554620e-01 8.21243882e-01 9.74387348e-01 2.74200797e-01
    7.34905005e-01 8.11336756e-01 4.44861263e-01 3.08063209e-01
    9.04828310e-01 7.43649364e-01 7.70348310e-01 8.14442694e-01
    8.01942825e-01 4.70088631e-01 6.20595336e-01 8.12857270e-01
    9.46008325e-01 4.60433215e-01 3.45614314e-01 6.38009191e-01
    2.14248329e-01 9.39449430e-01 8.56105566e-01 7.43544996e-01
    5.92100084e-01 2.67695159e-01 3.92353088e-01 4.44002390e-01
    4.31683898e-01 1.45108849e-01 5.67534924e-01 5.61077416e-01
    8.14074099e-01 1.68971747e-01 3.59646618e-01 9.86778021e-01
    7.09360480e-01 3.46232712e-01 4.47811514e-01 9.53730345e-01
    1.38531685e-01 1.55664831e-01 2.44566768e-01 2.68355727e-01
    7.61481225e-02 6.55198574e-01 4.75253493e-01 6.39659286e-01
    6.13889337e-01 8.04492354e-01 3.64721060e-01 8.77142429e-01
    5.45193315e-01 1.29441917e-02 8.19988549e-02 9.71879005e-01
    5.40992498e-01 6.82280958e-02 7.06517577e-01 6.28467321e-01
    2.32011229e-01 2.70217746e-01 6.65071368e-01 8.79458487e-01
    2.96499193e-01 2.91725963e-01 5.45002222e-01 2.03114301e-01
    4.62240934e-01 3.25080872e-01 2.46834874e-01 4.21284139e-01
    2.99668223e-01 9.92792130e-01 4.15575624e-01 6.67418897e-01
    3.15195918e-02 4.99102443e-01 2.44061172e-01 6.56328917e-01
    9.18503404e-01 3.29682231e-01 6.29901230e-01 2.56328285e-01
    7.14628994e-01 5.95615327e-01 4.75331813e-01 5.10179043e-01
    7.96226740e-01 4.99397337e-01 5.85886240e-01 9.61606503e-01
    5.50391614e-01 6.47793412e-01 2.60558784e-01 8.62521172e-01
    1.04976028e-01 8.67130280e-01 8.17504287e-01 3.37528348e-01
    5.90393841e-01 8.70307684e-01 3.08259279e-01 5.55216968e-02
    4.93294001e-03 3.46516609e-01 5.91026664e-01 3.40895116e-01
    8.56102824e-01 5.26351035e-01 6.51721358e-01 8.31814647e-01
    2.63176322e-01 5.52493215e-01 9.72523332e-01 4.22555119e-01
    4.72762585e-01 8.19492579e-01 5.30613840e-01 9.49988842e-01
    8.08831096e-01 7.43680239e-01 1.46606743e-01 3.07353139e-01
    3.20935130e-01 7.10856199e-01 3.42592239e-01 5.41309118e-01
    1.21302009e-02 2.38388449e-01 9.68577385e-01 8.91186118e-01
    3.61550570e-01 1.15588307e-01 3.58277261e-01 8.45038950e-01
    2.21250981e-01 3.42770189e-01 4.95624840e-02 1.95728600e-01
    6.97342932e-01 1.53683037e-01 3.50632429e-01 9.61722910e-01
    9.58665609e-01 9.06123161e-01 2.82265544e-01 6.42668247e-01
    5.32783687e-01 5.56753397e-01 3.71624529e-01 7.33286262e-01
    2.36823976e-01 5.06064832e-01 5.68915248e-01 7.95495033e-01
    9.88740861e-01 4.65392888e-01 4.13922697e-01 1.82728499e-01
    6.81660354e-01 9.74103808e-03 1.43000185e-02 2.89840102e-01
    3.86001498e-01 4.88568157e-01 4.51881558e-01 3.96515340e-01
    4.27831203e-01 1.69665903e-01 2.60093272e-01 3.32209647e-01
    9.26258266e-02 4.87813354e-02 4.80414897e-01 3.68025601e-01
    3.04757953e-02 8.77395213e-01 9.22058582e-01 6.78397477e-01
    4.26472783e-01 7.66091824e-01 9.95269299e-01 5.77205539e-01
    7.52403438e-01 5.21795452e-01 3.77479196e-01 3.95696044e-01
    9.01619554e-01 8.11977208e-01 8.76955032e-01 8.76292109e-01
    2.59233177e-01 5.33353090e-01 6.99791014e-02 1.05008006e-01
    1.21017605e-01 8.29530239e-01 7.39786088e-01 3.34198296e-01
    6.79498255e-01 7.48064280e-01 1.77505016e-02 3.37145984e-01
    9.47147489e-01 3.79994214e-01 6.81411266e-01 9.15456951e-01
    2.62848705e-01 2.48946965e-01 2.11961925e-01 9.22195196e-01
    2.41537690e-01 6.38448119e-01 5.33520699e-01 9.50480103e-01
    7.51474380e-01 2.51843452e-01 4.73080456e-01 8.56686473e-01
    4.75575030e-01 5.11088431e-01 8.67489219e-01 8.96084070e-01
    3.73965383e-01 7.04803765e-02 9.44151163e-01 5.31223297e-01
    4.95869428e-01 6.89822853e-01 5.71483493e-01 3.49172235e-01
    2.95476466e-01 4.31386560e-01 6.11727417e-01 9.96679783e-01
    2.13088393e-02 4.69574541e-01 4.81411844e-01 9.75145578e-01
    1.20442867e-01 9.92353082e-01 8.10895205e-01 3.73686910e-01
    8.73973608e-01 7.63003170e-01 5.12260497e-01 1.70063406e-01
    2.55423784e-01 1.35899961e-01 4.63629961e-01 2.04438955e-01
    1.88387126e-01 4.67649400e-01 9.21524644e-01 7.81531096e-01
    6.39595330e-01 6.83669567e-01 4.24822479e-01 4.18679714e-01
    4.62782055e-01 1.43926382e-01 3.05541217e-01 9.18724179e-01
    1.47926956e-01 3.78667355e-01 7.89876997e-01 2.80021787e-01
    3.85768175e-01 4.42054510e-01 2.39426643e-01 1.38765752e-01
    4.16021556e-01 9.92981255e-01 8.78138661e-01 8.67430449e-01
    1.73420101e-01 2.65535176e-01 4.86896276e-01 8.07121992e-01
    7.40353227e-01 4.54750538e-01 8.56113493e-01 1.72030538e-01
    9.02553797e-01 3.78457904e-02 7.15601742e-02 8.67719293e-01
    9.81437325e-01 7.27831721e-01 9.17668462e-01 3.14718544e-01
    3.16830456e-01 3.85440320e-01 5.85862041e-01 6.89548969e-01
    9.13931370e-01 3.04820061e-01 3.48503143e-01 5.49344182e-01
    8.30620527e-01 4.05748397e-01 5.87474823e-01 7.05908775e-01
    5.47103822e-01 7.22552717e-01 8.66113901e-01 3.13722491e-01
    6.89658046e-01 1.59461677e-01 4.29331124e-01 3.72242630e-02
    8.94247949e-01 7.35134780e-01 9.90317345e-01 4.90971625e-01
    1.25438362e-01 2.06878424e-01 4.37968075e-02 2.85455346e-01
    7.83235312e-01 4.18842375e-01 6.46760583e-01 4.57117617e-01
    6.27495587e-01 8.32826316e-01 6.54406786e-01 5.71072757e-01
    8.26076627e-01 4.78210002e-01 3.56148243e-01 1.24515772e-01
    4.92386311e-01 6.39962554e-01 8.64523292e-01 9.22054887e-01
    7.10087240e-01 8.71905327e-01 1.38996184e-01 4.20892388e-01
    7.79836655e-01 9.33978438e-01 6.05329037e-01 3.49892139e-01
    9.94598150e-01 8.03237200e-01 4.52536941e-01 8.99789631e-02
    9.54096913e-01 5.06186426e-01 9.23688471e-01 8.62246633e-01
    3.72877717e-02 1.38480604e-01 5.86329699e-01 3.41664821e-01
    3.26557934e-01 9.96958196e-01 9.14563537e-01 1.25818163e-01
    5.06565452e-01 4.62114483e-01 2.04943657e-01 7.50350058e-01
    9.29463506e-01 7.22545505e-01 4.88005489e-01 8.11980426e-01
    5.43038785e-01 7.73043513e-01 2.47229725e-01 8.31611753e-02
    5.57811201e-01 9.36686516e-01 6.80383563e-01 2.20181674e-01
    2.71139205e-01 6.55324101e-01 7.26054311e-01 2.29980230e-01
    8.66908789e-01 9.87411380e-01 5.88749528e-01 9.44107950e-01
    6.43999815e-01 6.37909293e-01 9.68577385e-01 8.91186118e-01
    3.61550570e-01 1.15588307e-01 3.58277261e-01 8.45038950e-01
    2.21250981e-01 3.42770189e-01 4.95624840e-02 1.95728600e-01
    9.54561472e-01 3.77556950e-01 9.97063994e-01 1.27718896e-01
    1.28890663e-01 7.03452229e-01 4.09301251e-01 6.35072351e-01
    3.42008114e-01 7.58790731e-01 8.26262653e-01 9.78429556e-01
    1.32669359e-01 8.21489692e-01 1.83609873e-01 2.00208038e-01
    2.32095718e-01 6.24323010e-01 4.63544577e-01 9.53674316e-01
    5.92159450e-01 2.68372089e-01 5.62474728e-01 5.22204459e-01
    3.18477660e-01 1.22271419e-01 8.35632622e-01 1.45097136e-01
    5.78088105e-01 7.28850484e-01 7.97920167e-01 3.83854151e-01
    2.16321707e-01 3.61865073e-01 5.24137735e-01 8.85521293e-01
    2.80036986e-01 1.62872761e-01 9.29206610e-02 4.50558007e-01
    6.50388300e-02 9.90950108e-01 8.72402072e-01 2.53969699e-01
    4.29915607e-01 2.00338662e-02 2.22449064e-01 1.92592382e-01
    6.35157228e-01 5.39636850e-01 8.23347688e-01 1.01287425e-01
    4.20814455e-02 7.83032000e-01 5.13454080e-01 7.81761050e-01
    6.55923486e-01 9.58395243e-01 7.75617778e-01 2.44237304e-01
    2.33752102e-01 2.42963791e-01 2.59457409e-01 4.99934763e-01
    8.99044931e-01 4.61792737e-01 6.19586229e-01 8.86357367e-01
    5.56402564e-01 9.48266625e-01 4.75380987e-01 9.74166393e-01
    6.78698421e-02 5.93428910e-01 8.69010925e-01 6.31541669e-01
    9.38576460e-01 6.86345875e-01 8.80245030e-01 8.33394110e-01
    9.78754044e-01 2.58445084e-01 8.27461004e-01 9.57145333e-01
    9.38365340e-01 1.67663783e-01 5.21988988e-01 5.09223640e-01
    2.82292843e-01 6.60194635e-01 9.25422907e-01 4.00944322e-01
    1.80053622e-01 3.26971054e-01 7.47999191e-01 3.80120635e-01
    7.18324721e-01 3.94342035e-01 9.07605767e-01 9.99413013e-01
    4.78216439e-01 8.18715692e-02 1.77463800e-01 1.56486124e-01
    1.52947694e-01 5.77260792e-01 2.25134403e-01 7.73986280e-01
    5.44957578e-01 6.66221321e-01 5.84170401e-01 7.96265900e-02
    9.09387052e-01 8.82113636e-01 7.16938972e-02 4.46173549e-03
    3.14147502e-01 6.75858974e-01 2.55288482e-01 5.91384709e-01
    5.24613023e-01 9.05770421e-01 9.34186459e-01 5.95568180e-01
    8.92609954e-01 3.32359165e-01 1.87774956e-01 5.95173657e-01
    9.66031611e-01 5.17169535e-01 2.17762589e-02 1.17741793e-01
    5.41140735e-02 2.58169293e-01 4.75958467e-01 1.65784031e-01
    2.13207901e-02 2.18455791e-01 1.95949703e-01 1.70046866e-01
    8.75587940e-01 6.42542720e-01 4.50883806e-02 9.07856464e-01
    7.25165486e-01 8.89453173e-01 3.20624948e-01 7.51468480e-01
    4.64620233e-01 3.89810860e-01 9.10414040e-01 5.69221258e-01
    8.73349190e-01 8.58622551e-01 9.66584563e-01 5.28027296e-01
    6.40516818e-01 1.49396658e-02 3.46753776e-01 4.87780035e-01
    1.53661489e-01 2.43208468e-01 8.33673179e-02 8.95687222e-01
    8.93390775e-02 7.95418382e-01 8.56096089e-01 8.12685490e-02
    9.78031635e-01 7.33260214e-01 4.72086668e-01 4.90448415e-01
    2.66971529e-01 9.49418545e-02 7.44390786e-01 6.42337203e-01
    4.47150350e-01 7.44014144e-01 7.91389942e-01 7.36822188e-02
    5.86183548e-01 3.03533435e-01 6.25560641e-01 4.42282021e-01
    7.01244533e-01 6.34788394e-01 2.51038253e-01 3.14361870e-01
    6.38208807e-01 9.28449273e-01 4.00650084e-01 2.12848008e-01
    9.95014071e-01 6.75787032e-01 3.29555333e-01 5.16107142e-01
    6.67137206e-02 9.35092330e-01 5.21474004e-01 8.87274742e-01
    4.41479743e-01 4.33783144e-01 4.22838211e-01 6.16345167e-01
    5.26630580e-02 5.61852634e-01 6.33365452e-01 3.41999084e-01
    3.23357284e-02 2.71606296e-01 8.58431101e-01 8.32314789e-01
    2.07745790e-01 2.40796000e-01 6.92876637e-01 3.58565360e-01
    9.38727856e-01 3.12642127e-01 6.15897775e-01 2.37892091e-01
    1.71064764e-01 1.15521282e-01 1.35451764e-01 9.76918638e-02
    6.43061996e-01 6.67476654e-01 6.09963119e-01 2.77736187e-02
    5.15570402e-01 6.96338534e-01 8.00009191e-01 4.71746445e-01
    4.40012217e-01 7.51637578e-01 7.03906119e-01 2.13054121e-01
    7.20374882e-01 4.91360903e-01 3.64713073e-01 4.83940691e-01
    3.71416867e-01 5.83685100e-01 7.91443825e-01 3.91039878e-01
    8.10792208e-01 6.84267938e-01 8.13233435e-01 9.15907145e-01
    6.43172383e-01 5.13175309e-01 4.48299587e-01 8.40862393e-01
    5.69924116e-01 4.09579456e-01 7.77140439e-01 8.18530798e-01
    9.54561472e-01 3.77556950e-01 9.97063994e-01 1.27718896e-01
    1.28890663e-01 7.03452229e-01 4.09301251e-01 6.35072351e-01
    3.42008114e-01 7.58790731e-01 7.70127535e-01 5.55560529e-01
    1.61794126e-01 6.98629379e-01 1.82767898e-01 2.86347985e-01
    4.52635258e-01 7.10974216e-01 2.98079818e-01 6.96884453e-01
    2.20625341e-01 5.75632751e-01 5.99721789e-01 9.91836727e-01
    7.86642313e-01 8.44979763e-01 8.01123857e-01 1.09312743e-01
    5.10561466e-02 2.79564559e-01 6.83298290e-01 6.82458937e-01
    5.43763161e-01 8.49828064e-01 6.10502362e-02 3.61650765e-01
    7.76801705e-01 6.92260742e-01 6.17818475e-01 6.30474389e-02
    6.09324634e-01 3.09230179e-01 2.20764756e-01 4.99147534e-01
    1.66027099e-01 8.69711518e-01 3.22924852e-01 4.27211851e-01
    3.25948954e-01 7.83832192e-01 1.60612464e-01 6.95956647e-01
    5.35306811e-01 2.21187890e-01 2.25106090e-01 5.79318404e-02
    8.01489711e-01 7.79316306e-01 1.38326049e-01 5.28950691e-02
    5.33896089e-02 8.34142506e-01 5.00573099e-01 5.46441257e-01
    5.70590436e-01 1.32277191e-01 9.44397092e-01 9.09082532e-01
    9.72614884e-02 5.01041234e-01 8.54390025e-01 7.17319369e-01
    3.77482414e-01 5.01725197e-01 4.52341735e-01 1.64546371e-01
    7.79122114e-04 3.80294383e-01 8.51721644e-01 8.54725718e-01
    2.38778025e-01 1.02366209e-01 8.75493288e-01 3.44599903e-01
    9.31117594e-01 9.48277116e-01 8.41181755e-01 5.06183088e-01
    7.70624757e-01 9.72661495e-01 8.54937673e-01 5.32981753e-02
    7.25313365e-01 3.96519899e-03 8.50176036e-01 5.70198834e-01
    4.19256181e-01 8.90559316e-01 1.65118515e-01 6.08419955e-01
    1.34895682e-01 7.26161242e-01 7.48927891e-01 7.29147196e-01
    4.20644671e-01 6.69938207e-01 1.30245209e-01 9.10219848e-01
    7.47781396e-02 2.90793180e-01 7.40908980e-01 6.22762144e-01
    7.76957989e-01 3.76330078e-01 8.55009317e-01 8.18306923e-01
    7.86896110e-01 2.80143142e-01 2.62990683e-01 5.79315603e-01
    1.40978217e-01 2.28959769e-01 8.58753622e-02 8.16283584e-01
    9.35056329e-01 1.77466452e-01 7.30377793e-01 9.48235095e-01
    5.65537453e-01 7.19380856e-01 8.57592225e-01 8.04007292e-01
    9.24272180e-01 8.38354230e-03 8.34481001e-01 8.76074433e-01
    8.09955835e-01 4.60904628e-01 4.92412150e-01 7.27544367e-01
    6.96820319e-02 4.78027165e-02 3.37725699e-01 2.87730992e-02
    4.89332974e-01 8.25303078e-01 1.61387950e-01 2.02228129e-02
    9.31029320e-01 1.75034046e-01 2.45691359e-01 4.88644958e-01
    8.09728980e-01 4.92065966e-01 3.41558874e-01 8.15829158e-01
    1.06285155e-01 4.58923608e-01 3.50829601e-01 3.07844281e-02
    9.89517570e-01 3.83281589e-01 7.88348675e-01 5.04788816e-01
    8.94769251e-01 4.99979734e-01 2.71831274e-01 1.70071304e-01
    1.32093579e-01 8.08908522e-01 4.37322319e-01 6.69805646e-01
    5.35542130e-01 4.65686619e-01 6.25295401e-01 5.76396346e-01
    4.87324923e-01 1.54027730e-01 4.64937091e-02 7.11411238e-03
    6.48803473e-01 4.58409786e-02 2.61556506e-02 3.99282038e-01
    5.82575738e-01 3.05322200e-01 6.60677254e-02 3.68428379e-01
    9.69313383e-01 3.29868883e-01 4.47132587e-01 3.49229097e-01
    3.32134694e-01 7.55919695e-01 7.27103949e-01 1.70484781e-02
    9.35348392e-01 5.84414303e-02 5.11348963e-01 3.18332136e-01
    1.60260648e-01 8.47756624e-01 4.32177663e-01 5.44094205e-01
    4.73704338e-02 2.85016567e-01 7.43606985e-02 9.10487771e-03
    2.22779781e-01 1.09665304e-01 7.36007690e-02 7.25666881e-01
    2.30921745e-01 7.91648388e-01 3.15731287e-01 3.66236866e-02
    2.80510485e-01 7.06541836e-01 6.66101038e-01 5.57896554e-01
    7.10894883e-01 5.19266129e-02 6.75517023e-02 1.68175817e-01
    3.04048717e-01 4.62315917e-01 5.45944810e-01 8.11776459e-01
    7.18988419e-01 4.72936541e-01 4.67494190e-01 7.00638890e-02
    5.32420874e-01 8.01780760e-01 4.45900232e-01 3.31244588e-01
    1.80335552e-01 4.90936637e-03 7.82716751e-01 8.96745086e-01
    4.77771938e-01 4.68277603e-01 7.12887943e-01 7.90556967e-02
    6.23251259e-01 4.07297015e-02 9.51017022e-01 6.96470320e-01
    1.06279850e-02 7.88909137e-01 6.77748442e-01 3.42865467e-01
    5.90266645e-01 1.54042482e-01 3.38366628e-01 5.67431211e-01
    1.56768352e-01 5.76559246e-01 5.53658485e-01 7.69804418e-01
    1.72987759e-01 8.04849923e-01 9.53298390e-01 1.85755670e-01
    1.10814035e-01 5.17880082e-01 7.70127535e-01 5.55560529e-01
    1.61794126e-01 6.98629379e-01 1.82767898e-01 2.86347985e-01
    4.52635258e-01 7.10974216e-01 2.98079818e-01 6.96884453e-01
    4.14052695e-01 8.21960449e-01 2.53810078e-01 3.55467707e-01
    9.06825066e-01 6.54910803e-01 1.69479340e-01 8.70428443e-01
    2.45592624e-01 7.01858640e-01 3.08045626e-01 6.25385523e-01
    5.90258479e-01 8.35032761e-02 7.17663109e-01 5.71787119e-01
    9.20800686e-01 9.88071561e-01 9.57525909e-01 7.80611575e-01
    5.38914800e-01 9.02464151e-01 2.53656209e-02 2.59091854e-01
    8.17849159e-01 8.43143463e-01 1.05965734e-02 7.92621076e-02
    4.54872847e-03 2.15742141e-01 5.56568086e-01 4.68316674e-01
    2.45767206e-01 9.12266850e-01 4.75482643e-02 3.73459995e-01
    1.67858213e-01 3.58762234e-01 3.89942914e-01 3.78567755e-01
    2.44379312e-01 5.85193157e-01 5.66435874e-01 2.15495586e-01
    6.41234815e-01 1.49982959e-01 5.51818013e-02 9.13745046e-01
    6.80546045e-01 5.63416839e-01 6.89126492e-01 8.06932330e-01
    4.20182675e-01 9.53619123e-01 8.62152576e-02 9.72846031e-01
    6.81373954e-01 1.58539474e-01 2.64614075e-01 3.21769059e-01
    1.50607824e-02 8.97069037e-01 3.83877456e-02 4.44679141e-01
    6.36817932e-01 6.17561698e-01 7.54387617e-01 8.73339891e-01
    5.69231331e-01 7.49776661e-02 7.26906598e-01 5.64295828e-01
    2.21077740e-01 7.22481906e-02 6.95285022e-01 6.81125581e-01
    7.25145698e-01 8.54408920e-01 2.46386081e-01 7.81824589e-02
    4.53290641e-01 9.59337413e-01 8.05267692e-01 1.20480925e-01
    6.50177538e-01 7.67764926e-01 1.18870735e-01 6.58501387e-01
    9.26869869e-01 2.59464443e-01 4.39078361e-01 6.47215128e-01
    2.24348903e-01 2.94583082e-01 8.69992733e-01 8.26175809e-01
    7.78066754e-01 8.54942918e-01 7.44532943e-02 8.19739580e-01
    1.89731270e-01 2.27868050e-01 6.38533890e-01 3.13010871e-01
    8.28086257e-01 7.17260957e-01 9.16430593e-01 4.06588465e-01
    1.72816992e-01 4.29802090e-01 5.91663659e-01 9.99891043e-01
    1.16420180e-01 4.92964834e-01 9.98967290e-02 8.13276887e-01
    5.17470658e-01 5.00055611e-01 2.91448295e-01 9.42884505e-01
    2.90047020e-01 6.96359754e-01 3.04724157e-01 2.55269289e-01
    7.18008518e-01 7.88823843e-01 6.73600435e-01 1.79774463e-02
    8.20792019e-02 1.12315625e-01 3.57535064e-01 2.80309767e-01
    5.41790128e-01 6.35946929e-01 6.11107469e-01 2.79751539e-01
    8.49675536e-02 4.76505578e-01 6.12397790e-01 3.11766863e-02
    1.56073928e-01 5.77815890e-01 5.04990935e-01 9.24040318e-01
    7.45079875e-01 9.77727056e-01 3.90808880e-01 3.23230326e-02
    8.81908119e-01 8.12377214e-01 4.95759249e-02 4.84698802e-01
    2.94157684e-01 9.34864342e-01 8.93293619e-01 5.04638672e-01
    3.07905704e-01 7.56185055e-01 1.37776881e-01 1.48071170e-01
    4.59322661e-01 5.00942826e-01 5.89381099e-01 8.52997899e-01
    3.50389302e-01 2.33908832e-01 2.41462976e-01 8.41109991e-01
    1.04748577e-01 1.37230694e-01 4.95402664e-01 3.74504834e-01
    5.10215640e-01 9.39881921e-01 2.78884351e-01 2.40727574e-01
    2.48315632e-02 7.68976808e-02 5.69645166e-01 9.38073635e-01
    7.13037133e-01 7.75715649e-01 5.44048846e-01 5.62788725e-01
    3.81802976e-01 5.20667970e-01 1.38193548e-01 4.36805129e-01
    4.68444824e-03 6.32178664e-01 9.83488083e-01 1.09361589e-01
    8.96569610e-01 5.68952560e-01 3.51905048e-01 5.23807526e-01
    8.46197248e-01 3.34595591e-01 6.79449260e-01 7.92540431e-01
    6.19914889e-01 5.33158839e-01 9.91296768e-01 4.89013314e-01
    9.61754918e-02 3.33695412e-02 5.87279737e-01 9.66706455e-01
    6.21064305e-01 8.62485468e-02 4.20256615e-01 7.11548150e-01
    8.20965707e-01 4.42041695e-01 3.65811855e-01 6.19455278e-02
    8.92607868e-01 7.53710270e-01 2.67708719e-01 9.05108154e-02
    3.35007846e-01 8.24365318e-02 3.55272233e-01 7.80720234e-01
    5.82350373e-01 9.06794906e-01 2.77907878e-01 8.21619987e-01
    1.95897698e-01 6.59047067e-01 1.85751677e-01 5.68383574e-01
    7.57735372e-01 1.96517795e-01 9.79321599e-01 9.67274666e-01
    9.02565479e-01 3.98143142e-01 5.31866133e-01 6.92123234e-01
    7.33019829e-01 2.72232771e-01 7.78581738e-01 3.79748851e-01
    1.60590678e-01 4.42437053e-01 1.80691600e-01 1.51385039e-01
    5.66630125e-01 8.28921795e-01 8.62671971e-01 5.24657905e-01
    4.04737979e-01 8.90723348e-01 7.99497843e-01 4.33379412e-03
    4.14052695e-01 8.21960449e-01 2.53810078e-01 3.55467707e-01
    9.06825066e-01 6.54910803e-01 1.69479340e-01 8.70428443e-01
    2.45592624e-01 7.01858640e-01 6.22867346e-01 7.39866495e-02
    3.69960427e-01 3.20187449e-01 7.96972930e-01 3.77627164e-01
    5.98472714e-01 6.26095057e-01 1.75036281e-01 7.80267835e-01
    8.99507761e-01 3.86198759e-01 7.10773468e-01 9.01530981e-02
    3.73317301e-02 9.05578971e-01 4.24802303e-04 9.00338888e-02
    5.91468334e-01 3.57114881e-01 8.89014244e-01 5.36176503e-01
    8.78014088e-01 7.79333651e-01 1.73394144e-01 2.89581299e-01
    8.93088818e-01 9.27203894e-01 2.77825624e-01 6.92983627e-01
    1.16597354e-01 9.59518850e-01 2.48185217e-01 1.02070272e-02
    3.09679449e-01 9.62890387e-01 8.14651489e-01 8.03760290e-01
    5.05822003e-02 1.83995068e-01 1.46833330e-01 6.58463240e-02
    3.36681724e-01 3.96701932e-01 8.67425621e-01 6.47889018e-01
    3.36688519e-01 5.83096862e-01 9.04765010e-01 4.81846213e-01
    7.57782578e-01 7.04933643e-01 4.42769349e-01 5.92097044e-01
    8.63649845e-01 9.90611434e-01 9.04153883e-01 7.56003737e-01
    9.84851003e-01 5.34380972e-02 9.21585977e-01 3.16787422e-01
    9.60882187e-01 5.79596758e-01 5.60384929e-01 7.89883733e-01
    7.37757742e-01 2.37520367e-01 7.97367215e-01 8.76799643e-01
    4.44154888e-01 7.60823846e-01 4.31223154e-01 9.81422901e-01
    1.42557591e-01 1.68755382e-01 9.64339554e-01 7.92392671e-01
    5.96938670e-01 5.10134518e-01 7.09643304e-01 9.17878747e-03
    4.75973815e-01 2.58653343e-01 5.01273096e-01 3.15343976e-01
    2.44602054e-01 4.28630590e-01 1.79511905e-02 4.11814421e-01
    6.23397827e-01 3.77440840e-01 7.64746070e-01 8.65650177e-03
    8.59941304e-01 1.12737089e-01 5.33548594e-01 4.39608812e-01
    9.88870978e-01 6.39921546e-01 1.74117386e-01 6.52280331e-01
    1.32604867e-01 4.13611412e-01 5.00820100e-01 9.98306096e-01
    5.71663857e-01 5.05261540e-01 5.58760583e-01 4.39500093e-01
    3.82528961e-01 5.34432173e-01 4.07225102e-01 7.73538649e-02
    3.16842318e-01 4.29987609e-01 4.01784688e-01 2.57412553e-01
    9.45901632e-01 9.84135866e-01 9.64404225e-01 6.61099911e-01
    6.02109194e-01 4.75260615e-03 4.75181580e-01 5.16449153e-01
    6.01832330e-01 7.42753625e-01 3.49300921e-01 2.23714441e-01
    8.59152913e-01 8.23764622e-01 3.45964700e-01 5.16068339e-02
    3.74262571e-01 8.39552522e-01 8.58847558e-01 6.38551652e-01
    4.37949479e-01 5.30848682e-01 9.30251479e-01 7.53824234e-01
    9.93445814e-01 6.14191055e-01 7.65498459e-01 2.69346237e-02
    5.61256588e-01 8.62250268e-01 6.40991628e-01 5.48222303e-01
    8.78614426e-01 5.78721166e-01 3.42680991e-01 9.15941179e-01
    9.30027485e-01 2.97352791e-01 8.68860602e-01 2.15146273e-01
    1.49760664e-01 6.53517008e-01 5.09007752e-01 7.34728694e-01
    1.70636952e-01 4.43618268e-01 4.95526880e-01 5.90183079e-01
    1.00688428e-01 2.96555042e-01 1.48716211e-01 1.64621413e-01
    5.91746807e-01 4.82107967e-01 1.12944603e-01 3.55928600e-01
    7.39019811e-01 2.40198821e-01 6.64550066e-01 3.90166402e-01
    5.23490191e-01 6.00838125e-01 3.03066015e-01 1.62553459e-01
    1.49690449e-01 8.95587385e-01 8.41965914e-01 7.02425778e-01
    4.82215077e-01 4.40944761e-01 5.11869907e-01 4.53828514e-01
    6.16360068e-01 8.62157464e-01 2.33391911e-01 9.28086758e-01
    9.49549794e-01 2.12284178e-01 3.98962587e-01 5.71501970e-01
    2.80904889e-01 6.28619254e-01 7.24087119e-01 2.20833719e-01
    8.05682063e-01 3.60389650e-01 7.02624917e-01 9.28967953e-01
    2.05701113e-01 6.16897583e-01 4.89506960e-01 2.45362103e-01
    5.39236963e-01 9.91093516e-01 7.40017176e-01 1.08090043e-03
    6.81409717e-01 3.51215750e-01 3.85589093e-01 8.84131789e-01
    2.49254465e-01 2.69016832e-01 8.15135181e-01 4.76150244e-01
    8.30439568e-01 9.99770045e-01 2.56977737e-01 9.17110741e-01
    9.87504303e-01 7.48612583e-02 1.65670067e-01 1.20826244e-01
    3.77906203e-01 5.74966073e-01 5.66577494e-01 6.05826199e-01
    1.73120201e-01 6.43682480e-03 1.44180834e-01 1.00595474e-01
    9.97327209e-01 3.74191374e-01 5.38259864e-01 9.45446610e-01
    1.31015092e-01 4.26828325e-01 5.01069009e-01 4.97325271e-01
    9.58974063e-01 5.68558455e-01 1.60874218e-01 6.33099198e-01
    7.18747139e-01 2.07414448e-01 2.10803777e-01 7.01441348e-01
    6.98422492e-01 9.32117820e-01 6.22867346e-01 7.39866495e-02
    3.69960427e-01 3.20187449e-01 7.96972930e-01 3.77627164e-01
    5.98472714e-01 6.26095057e-01 1.75036281e-01 7.80267835e-01
    4.05780762e-01 1.65805995e-01 4.99861896e-01 3.53420734e-01
    7.10641861e-01 2.31808901e-01 6.35734975e-01 2.20929980e-01
    8.44956040e-01 6.59081340e-03 3.92253280e-01 2.43846267e-01
    3.89050871e-01 2.16864020e-01 6.83878064e-01 2.91817367e-01
    6.22865856e-01 4.17705238e-01 1.66892201e-01 7.71476746e-01
    2.14530855e-01 7.98083544e-02 5.89999259e-01 9.62712169e-01
    7.50972748e-01 6.33625031e-01 9.39875126e-01 5.06036818e-01
    9.96805310e-01 3.75545382e-01 9.22189116e-01 1.99905038e-02
    5.07304490e-01 8.07811201e-01 5.99651933e-02 3.75011981e-01
    4.40474898e-01 8.43908489e-02 1.12208426e-01 6.49904430e-01
    8.67723167e-01 5.74021459e-01 8.42312574e-02 7.04040825e-01
    8.21307182e-01 3.86904150e-01 1.86454743e-01 4.44335639e-01
    4.42928076e-02 9.90062594e-01 4.97527152e-01 2.21926063e-01
    9.23383415e-01 7.69672394e-01 1.14127845e-01 3.86726171e-01
    9.71232891e-01 7.93316007e-01 9.74934101e-01 7.59026408e-02
    3.05445850e-01 6.88153625e-01 2.39364058e-01 2.40783870e-01
    6.37419045e-01 6.97621465e-01 4.59643662e-01 8.13224435e-01
    4.57810074e-01 7.04341948e-01 2.35943824e-01 1.59366459e-01
    6.21452153e-01 3.81362617e-01 5.45945704e-01 2.92596042e-01
    8.36327076e-01 1.24774009e-01 6.14355803e-01 3.36213052e-01
    7.68489718e-01 2.52488554e-02 3.44258845e-01 1.88537747e-01
    4.54402089e-01 3.06901038e-01 6.87155128e-01 7.00167477e-01
    4.09580857e-01 7.22824275e-01 3.02834749e-01 2.71508694e-02
    3.02957475e-01 8.09111893e-01 7.03701675e-01 6.80926085e-01
    1.48228347e-01 4.95024770e-01 9.34413135e-01 7.18484044e-01
    2.21859217e-02 1.30839527e-01 9.08938646e-01 6.82136476e-01
    5.52146435e-01 7.80816793e-01 3.14595640e-01 3.79752636e-01
    3.71669531e-01 2.92083263e-01 2.78206587e-01 7.33082294e-01
    2.70766616e-02 6.02739215e-01 6.16177320e-02 2.96382189e-01
    3.89537543e-01 8.10275912e-01 1.43245041e-01 7.85619020e-01
    5.65321505e-01 6.70593679e-01 2.73869932e-01 1.54266357e-02
    8.92832875e-01 8.42642188e-01 5.72794557e-01 3.02059829e-01
    7.69499421e-01 2.32412517e-02 3.32403004e-01 6.40550375e-01
    4.66426402e-01 6.33898854e-01 8.88615072e-01 5.93452513e-01
    3.80018443e-01 6.86350107e-01 4.04414654e-01 8.55817974e-01
    4.98464584e-01 2.37618685e-01 2.92540133e-01 5.28144598e-01
    7.88933098e-01 5.35092890e-01 9.57949638e-01 3.25463831e-01
    9.80444789e-01 9.00400460e-01 2.33772844e-01 1.67583734e-01
    2.13079929e-01 7.94656575e-02 5.60548067e-01 9.66068447e-01
    4.42895979e-01 8.20841134e-01 8.99125338e-01 6.71617150e-01
    1.51344836e-02 7.94875383e-01 6.82276905e-01 5.90197206e-01
    8.12746167e-01 8.96349072e-01 6.93377554e-01 4.73393649e-01
    5.97689509e-01 6.45283580e-01 1.29565507e-01 9.59686756e-01
    4.28836107e-01 1.21529371e-01 8.08581948e-01 4.98643965e-01
    8.74434114e-01 4.55517828e-01 4.04195607e-01 5.62594116e-01
    4.84195292e-01 6.01594806e-01 5.01847267e-03 7.95503199e-01
    6.33674622e-01 4.72242296e-01 4.98104542e-01 5.72589815e-01
    6.56208694e-01 8.17198634e-01 8.42881203e-02 5.79618633e-01
    6.52160347e-02 4.56978530e-01 3.57787609e-02 2.49684513e-01
    1.59115344e-01 3.24975967e-01 1.67343915e-02 6.99512541e-01
    6.50131464e-01 6.58745706e-01 4.93258744e-01 1.10309720e-01
    9.51583505e-01 6.11872315e-01 3.31166983e-02 9.27454472e-01
    1.93476856e-01 4.38725442e-01 5.99792898e-02 9.70021844e-01
    6.36757910e-01 9.98102844e-01 7.35279620e-01 3.80089998e-01
    8.29378366e-01 3.16580236e-02 5.36326706e-01 6.76021576e-01
    6.63874149e-01 9.42738950e-02 4.66687649e-01 1.43416703e-01
    3.42758596e-01 6.02939785e-01 8.01381230e-01 6.11256361e-02
    6.25801623e-01 9.23964083e-02 2.11787224e-01 9.19766307e-01
    5.47637522e-01 2.89632499e-01 8.87431562e-01 5.43525994e-01
    4.36092526e-01 3.09318960e-01 3.74515325e-01 8.47007692e-01
    5.95851541e-02 8.97072434e-01 6.51960075e-01 7.87297845e-01
    3.99596959e-01 2.53639817e-02 2.35497355e-02 3.33234668e-01
    5.31504452e-01 2.84044683e-01 4.62652564e-01 7.27518141e-01
    3.79014015e-03 9.11077023e-01 5.45187831e-01 2.59353817e-02
    4.05780762e-01 1.65805995e-01 4.99861896e-01 3.53420734e-01
    7.10641861e-01 2.31808901e-01 6.35734975e-01 2.20929980e-01
    8.44956040e-01 6.59081340e-03 6.32123351e-02 3.72082651e-01
    7.41472840e-01 6.82511985e-01 1.81243300e-01 4.51101065e-02
    5.89964926e-01 3.70505422e-01 3.44310164e-01 1.66792423e-01
    2.58907080e-02 7.90029287e-01 6.29850149e-01 2.64352083e-01
    3.38326514e-01 9.75692511e-01 1.26659065e-01 3.23131859e-01
    2.42360950e-01 5.24412453e-01 9.82928634e-01 8.64183068e-01
    1.98033303e-01 9.00398493e-01 2.42189884e-01 8.49617779e-01
    5.81682324e-01 5.14317334e-01 8.92831802e-01 8.97147179e-01
    4.06168342e-01 6.68251157e-01 2.12747693e-01 6.26869678e-01
    6.15234613e-01 2.95406282e-01 4.66987073e-01 8.81181300e-01
    9.16706324e-02 2.54632622e-01 5.35928369e-01 1.48922801e-01
    4.43476796e-01 3.89738977e-01 4.91636902e-01 5.18319964e-01
    7.06330657e-01 5.76086342e-02 2.06253350e-01 3.45408797e-01
    6.81889534e-01 9.14656222e-02 3.33246469e-01 6.87051713e-01
    2.47555226e-01 1.40210807e-01 4.48216379e-01 9.44458544e-01
    3.15145373e-01 1.53415501e-02 5.36666930e-01 2.23001242e-02
    2.76130825e-01 5.18136024e-02 9.67571139e-02 1.02730632e-01
    2.00859964e-01 9.70257461e-01 7.09888816e-01 7.35235512e-01
    6.89228714e-01 3.42851818e-01 2.09931433e-02 8.49417090e-01
    7.49392807e-02 5.12062192e-01 4.20956999e-01 5.75003445e-01
    8.25019956e-01 5.69700897e-02 9.72276032e-01 5.05898535e-01
    2.54264116e-01 3.01605761e-01 1.45417124e-01 8.52315426e-02
    1.89171433e-02 9.75540042e-01 7.13960528e-01 1.27467513e-01
    6.12034023e-01 5.30652881e-01 2.91455626e-01 7.59741068e-01
    5.34262896e-01 3.05036426e-01 8.48928332e-01 9.02817011e-01
    5.73353350e-01 2.63961732e-01 5.36252618e-01 5.21993816e-01
    5.27640820e-01 6.78223372e-01 8.19507957e-01 9.73991752e-01
    9.82929528e-01 9.22706187e-01 4.01701748e-01 5.85240424e-01
    6.16826057e-01 8.54060173e-01 2.85561979e-01 5.66532373e-01
    7.07197726e-01 7.72209287e-01 5.62581897e-01 3.24976593e-01
    6.77327216e-02 4.71814871e-02 1.57600284e-01 2.29691088e-01
    8.17913413e-01 4.64916170e-01 9.64314640e-01 6.08988345e-01
    1.22851431e-02 7.35910237e-02 8.79258811e-02 7.73001492e-01
    6.34067118e-01 2.63570547e-01 2.94528842e-01 2.55732358e-01
    7.12494135e-01 3.06989819e-01 6.84462965e-01 3.65670085e-01
    1.86916828e-01 2.84072697e-01 8.99181724e-01 7.48795092e-01
    4.18099374e-01 4.87333983e-01 2.72417933e-01 6.32979274e-01
    9.19601917e-01 3.65073740e-01 4.92645651e-01 2.07467675e-02
    3.39186013e-01 8.12773407e-02 9.99175310e-01 6.56940341e-01
    6.71338320e-01 8.47645342e-01 1.04216397e-01 4.03963357e-01
    7.00389922e-01 1.63076669e-01 4.36670005e-01 7.44205713e-02
    9.96485472e-01 6.75483942e-01 5.93507767e-01 5.85353136e-01
    6.57082081e-01 7.98773110e-01 2.67444074e-01 3.46203595e-01
    9.52022076e-02 9.36424434e-01 3.28379393e-01 6.47339642e-01
    3.34161550e-01 5.49049020e-01 1.47063434e-02 6.14071727e-01
    9.58506107e-01 1.28856450e-01 3.90017301e-01 5.60298204e-01
    5.83749652e-01 5.58749735e-01 1.50015265e-01 1.48139119e-01
    1.65478796e-01 4.76802498e-01 9.53580916e-01 8.17342162e-01
    2.10401624e-01 3.09183568e-01 9.64576364e-01 5.07677913e-01
    8.47106338e-01 2.47479379e-01 5.81492603e-01 1.37584597e-01
    2.33512819e-02 4.03379917e-01 9.73048568e-01 9.29989100e-01
    7.39711702e-01 1.45400673e-01 4.12694275e-01 9.17774081e-01
    4.05737787e-01 6.89821362e-01 5.04601061e-01 8.09960246e-01
    2.74037510e-01 8.06234777e-02 4.32994366e-02 5.39526701e-01
    7.07054019e-01 5.58468521e-01 8.24421644e-01 8.56166303e-01
    5.44445634e-01 1.28091753e-01 2.20119029e-01 5.61982870e-01
    5.40724158e-01 6.18740678e-01 8.60136271e-01 1.45346522e-02
    1.44543052e-01 5.90512276e-01 8.01286101e-03 4.13281322e-01
    6.29558802e-01 4.51853216e-01 1.59800649e-01 1.77424133e-01
    9.36810672e-01 7.68496633e-01 7.50454783e-01 3.32840145e-01
    6.92518950e-02 3.11008930e-01 6.36937916e-01 9.46351290e-01
    7.06656396e-01 8.15514803e-01 3.50808263e-01 4.01556253e-01
    2.34598130e-01 8.39842796e-01 1.97539896e-01 2.11886764e-02
    6.87992573e-03 5.62300086e-02 7.93184876e-01 3.91004324e-01
    8.72520208e-01 9.97936606e-01 6.32123351e-02 3.72082651e-01
    7.41472840e-01 6.82511985e-01 1.81243300e-01 4.51101065e-02
    5.89964926e-01 3.70505422e-01 3.44310164e-01 1.66792423e-01
    3.02025914e-01 4.99666631e-02 1.04928136e-01 6.43399417e-01
    5.20292521e-01 5.48867345e-01 5.29207706e-01 7.71912932e-01
    5.98246753e-01 9.14054871e-01 4.44643795e-02 2.98251510e-01
    5.81494868e-01 6.83984995e-01 9.09778178e-02 7.53203034e-01
    9.72405434e-01 9.13793683e-01 4.93846953e-01 5.76033235e-01
    5.86341858e-01 6.67363405e-02 9.39669847e-01 7.53908873e-01
    2.96131730e-01 2.33123511e-01 4.13371414e-01 1.62656575e-01
    2.79468417e-01 4.67277765e-01 3.13347071e-01 5.22761524e-01
    1.93575889e-01 7.73714066e-01 8.85506630e-01 1.89946026e-01
    2.00357080e-01 7.99752653e-01 4.79371458e-01 3.71635973e-01
    7.13208556e-01 3.98879528e-01 3.54850858e-01 1.60415351e-01
    4.50342953e-01 6.47969186e-01 7.46932745e-01 9.35016274e-01
    2.04203129e-01 8.45035911e-01 2.71560311e-01 1.63711548e-01
    2.64660299e-01 6.48599386e-01 3.40762883e-01 8.10958505e-01
    9.39897239e-01 8.43606114e-01 8.56999338e-01 2.71753013e-01
    6.53888941e-01 7.44863749e-01 8.07297468e-01 2.14745551e-01
    5.02439916e-01 6.90411448e-01 5.53761244e-01 9.63817835e-01
    1.84969872e-01 7.28759527e-01 4.18778688e-01 5.11885047e-01
    1.12015575e-01 2.69692093e-01 7.38816142e-01 7.29014397e-01
    2.31499255e-01 3.23268592e-01 1.67079568e-02 9.16005015e-01
    6.14476502e-01 4.79622781e-02 1.89041406e-01 8.81948531e-01
    4.77791071e-01 3.60418022e-01 3.95373374e-01 8.19143951e-02
    7.59703159e-01 8.21354628e-01 3.50733638e-01 4.07137245e-01
    1.71092659e-01 7.65089035e-01 9.52159345e-01 9.92336392e-01
    4.09165621e-01 8.54836941e-01 1.15039319e-01 8.44454288e-01
    4.50180918e-01 9.24647927e-01 9.90269959e-01 4.97022629e-01
    2.18477100e-01 4.78849292e-01 6.64656997e-01 7.00428843e-01
    1.65155560e-01 3.42819870e-01 4.96371925e-01 9.41459894e-01
    5.14087141e-01 3.56731981e-01 5.92682242e-01 7.63104439e-01
    2.54103482e-01 9.50807512e-01 1.47967339e-01 6.48004055e-01
    4.59015369e-04 8.53051841e-02 2.78141320e-01 1.14517808e-02
    5.61768472e-01 3.08300674e-01 3.53245735e-01 7.21763074e-02
    2.72427022e-01 9.28249836e-01 2.81840622e-01 7.29247808e-01
    1.50655508e-02 6.16080761e-01 4.61302280e-01 6.84796810e-01
    4.58935797e-02 8.45654607e-01 6.74874425e-01 8.93102288e-01
    2.03660816e-01 1.22020602e-01 8.31542253e-01 4.99652416e-01
    9.42757010e-01 7.16180861e-01 1.74029976e-01 6.91249669e-02
    3.35138768e-01 1.08371049e-01 1.42563820e-01 7.57297575e-02
    4.12261724e-01 7.70997524e-01 9.20521498e-01 3.69304985e-01
    8.18669498e-02 2.76141942e-01 4.98546660e-01 4.14887875e-01
    4.08882380e-01 7.85106421e-03 9.62057114e-01 4.89728838e-01
    9.86060023e-01 2.45978832e-01 6.56895041e-01 9.69816923e-01
    2.23604470e-01 4.77633536e-01 2.42854923e-01 2.15199977e-01
    1.79209173e-01 6.86682463e-01 1.86752826e-01 9.17291045e-01
    5.63038588e-01 9.80980396e-01 7.49620199e-01 3.05615008e-01
    2.22720742e-01 5.37485778e-01 6.97289824e-01 1.41611159e-01
    7.21062660e-01 4.44269776e-01 1.71203256e-01 6.86353743e-01
    7.27781534e-01 7.20173240e-01 8.55036557e-01 7.32501805e-01
    5.86967885e-01 7.21910000e-01 3.43814164e-01 9.37801898e-02
    3.93795669e-01 9.05600488e-01 2.46962160e-01 8.64424765e-01
    8.84549618e-01 1.82807922e-01 4.37049747e-01 9.48855102e-01
    2.92577177e-01 8.30448508e-01 5.93764842e-01 2.61499852e-01
    4.54247713e-01 5.67319453e-01 4.01501536e-01 2.13948190e-02
    7.88702846e-01 6.66167915e-01 2.68644810e-01 5.21149695e-01
    2.05420613e-01 3.53848517e-01 2.44364738e-01 7.78878093e-01
    1.46463364e-01 7.57354021e-01 6.57106638e-02 5.91790676e-01
    7.45246589e-01 2.96809793e-01 6.44372284e-01 2.24371850e-02
    3.82797241e-01 1.44374222e-01 1.52982086e-01 1.61703855e-01
    2.19004691e-01 4.36702251e-01 8.98573577e-01 9.17111397e-01
    9.38313484e-01 5.00542045e-01 6.76888704e-01 7.26991057e-01
    5.47303140e-01 3.40994924e-01 9.71305966e-01 7.98518419e-01
    7.40500093e-01 2.40880579e-01 1.66600466e-01 2.73540854e-01
    8.34791780e-01 6.33359432e-01 2.39184797e-01 3.03065926e-01
    9.24969196e-01 7.76163161e-01 1.61325306e-01 5.26436329e-01
    3.02025914e-01 4.99666631e-02 1.04928136e-01 6.43399417e-01
    5.20292521e-01 5.48867345e-01 5.29207706e-01 7.71912932e-01
    5.98246753e-01 9.14054871e-01 3.28647971e-01 7.60681272e-01
    8.04537058e-01 5.60392141e-02 5.89513719e-01 4.89263058e-01
    4.67636317e-01 4.07753795e-01 5.59832752e-02 4.92371202e-01
    6.56235993e-01 4.89641130e-02 1.56839967e-01 7.82471359e-01
    1.36950344e-01 1.18016809e-01 9.48224902e-01 5.13479233e-01
    3.72685134e-01 6.64270997e-01 1.37333721e-01 6.00541711e-01
    9.55839396e-01 1.48418874e-01 4.12584066e-01 4.01946425e-01
    5.39235115e-01 5.27747691e-01 8.60623002e-01 9.55292344e-01
    1.54789805e-01 2.83199608e-01 5.23184955e-01 6.96446896e-01
    8.93323898e-01 3.91878188e-01 1.04699999e-01 2.97231704e-01
    2.40734309e-01 5.22672832e-02 4.20788229e-02 1.14758611e-01
    9.91671205e-01 8.12229514e-01 9.84585285e-01 8.31447959e-01
    8.93577933e-01 2.37780243e-01 3.54707241e-01 8.23319912e-01
    3.53007853e-01 5.32929003e-01 8.16308916e-01 9.93691027e-01
    7.77191877e-01 7.94826627e-01 3.24765742e-02 4.21827137e-02
    3.97810251e-01 9.14650559e-01 5.02306581e-01 4.74808544e-01
    7.56931365e-01 8.31948459e-01 9.93415654e-01 2.20139831e-01
    5.42022526e-01 5.07508814e-01 3.12499076e-01 5.52142084e-01
    1.37902290e-01 2.12548256e-01 7.92706609e-02 2.18225539e-01
    7.85778880e-01 7.38155127e-01 4.61319983e-02 7.40553021e-01
    5.65517366e-01 1.08736306e-01 7.49764204e-01 5.16626537e-01
    7.97037721e-01 8.23692977e-02 2.33699232e-01 1.26614064e-01
    5.62028885e-02 8.54689360e-01 3.99373293e-01 5.29120088e-01
    1.30426884e-02 9.92692292e-01 7.04810858e-01 2.35598892e-01
    4.51578677e-01 2.51402557e-01 7.99745679e-01 4.41965878e-01
    2.40303516e-01 1.14253730e-01 5.14252186e-01 6.26301289e-01
    7.48654842e-01 6.88407660e-01 6.88304245e-01 7.63387918e-01
    3.78004462e-01 7.68532217e-01 7.87808895e-01 3.54484200e-01
    4.54847395e-01 8.38664055e-01 6.47499084e-01 3.84257376e-01
    4.21547651e-01 5.48726499e-01 3.37578058e-02 5.91097295e-01
    3.56640607e-01 8.16402018e-01 4.30952162e-01 2.38773793e-01
    8.08645129e-01 3.75762135e-01 6.50058389e-02 8.38119864e-01
    9.11338449e-01 8.63105118e-01 2.54031390e-01 6.92707956e-01
    7.43533194e-01 7.42313683e-01 3.99647951e-01 2.33085394e-01
    8.99835348e-01 3.91656160e-01 4.52075899e-01 3.15702379e-01
    4.98462439e-01 4.68305439e-01 9.69459176e-01 6.74124479e-01
    6.18526340e-01 6.36328340e-01 2.59776711e-01 5.89285195e-02
    2.82683313e-01 8.60377789e-01 5.58682203e-01 4.88831162e-01
    2.68430233e-01 9.11407232e-01 4.46485043e-01 8.42184424e-02
    2.24835515e-01 5.29357851e-01 7.78255820e-01 3.95360857e-01
    6.42137825e-01 7.50282705e-01 9.21196461e-01 6.22198403e-01
    5.59593439e-01 2.46907473e-01 9.26712394e-01 1.11305386e-01
    7.91896224e-01 1.62474304e-01 7.82032311e-02 9.66414213e-01
    9.10278857e-01 1.94903225e-01 2.47520208e-01 7.32493401e-02
    2.53679574e-01 4.67405587e-01 9.13127780e-01 9.09532785e-01
    8.38485062e-02 4.57393020e-01 1.99128389e-02 1.54767692e-01
    6.17973208e-02 6.84427857e-01 4.97885853e-01 3.46679509e-01
    2.31005162e-01 6.90870285e-02 9.71524358e-01 9.14193809e-01
    9.04721498e-01 8.97206068e-01 5.37932754e-01 9.57290828e-01
    5.48523188e-01 3.12997103e-02 7.55104005e-01 3.28149796e-01
    8.82216334e-01 7.70692587e-01 1.76999301e-01 4.20643210e-01
    3.40734333e-01 3.80802989e-01 3.90238136e-01 2.10629731e-01
    1.76391006e-01 9.71401930e-02 9.44714308e-01 4.20666873e-01
    8.69564891e-01 8.86931419e-01 3.32829833e-01 3.96219343e-01
    9.91312563e-02 4.88621771e-01 7.42951632e-01 7.20647216e-01
    3.09630692e-01 4.14449871e-01 6.09745085e-01 2.23804027e-01
    4.73953784e-01 5.26148677e-01 2.36748159e-02 2.34175414e-01
    8.21042538e-01 7.14628279e-01 8.05904031e-01 4.01978076e-01
    3.70602012e-01 1.31315112e-01 1.88988805e-01 5.83860874e-02
    2.51109302e-01 5.97038507e-01 1.20576501e-01 1.18756026e-01
    6.98854506e-01 8.87409270e-01 9.42421973e-01 5.90790510e-02
    6.03542924e-02 5.00700831e-01 9.57950473e-01 8.73703480e-01
    9.73222971e-01 8.50589395e-01 2.89822936e-01 9.17686105e-01
    8.76212478e-01 9.77010250e-01 2.72217840e-01 4.13430631e-01
    8.30703914e-01 7.29189157e-01 3.28647971e-01 7.60681272e-01
    8.04537058e-01 5.60392141e-02 5.89513719e-01 4.89263058e-01
    4.67636317e-01 4.07753795e-01 5.59832752e-02 4.92371202e-01
    7.10146308e-01 2.82619119e-01 6.09346747e-01 8.98402572e-01
    2.19351649e-01 2.82051384e-01 4.78355855e-01 8.98978710e-01
    6.26298547e-01 7.58845985e-01 7.87168503e-01 3.51883471e-01
    5.24373174e-01 4.04657781e-01 4.96370733e-01 2.61973232e-01
    6.87698126e-01 3.33167195e-01 5.84558785e-01 1.48614287e-01
    9.99770463e-02 3.69976282e-01 2.10315228e-01 2.15564698e-01
    8.80384922e-01 8.72457743e-01 1.65525317e-01 4.66481268e-01
    4.26741034e-01 3.60317349e-01 9.91003156e-01 7.66749620e-01
    8.70851815e-01 6.53698981e-01 9.32908714e-01 5.95552266e-01
    9.63209510e-01 9.26948369e-01 2.87292063e-01 3.47751677e-01
    8.82351041e-01 7.68597245e-01 1.71638161e-01 2.58154631e-01
    6.78434134e-01 1.80859059e-01 8.75641704e-01 8.71575773e-01
    4.72040445e-01 7.59005904e-01 5.09467602e-01 1.41623348e-01
    8.72651577e-01 4.45834607e-01 5.43303430e-01 6.35292768e-01
    7.23444402e-01 6.96631312e-01 5.99907696e-01 1.44794732e-01
    3.67968082e-01 4.91010368e-01 5.84959090e-01 7.65727520e-01
    6.65604055e-01 2.04877615e-01 3.90063167e-01 7.71694601e-01
    3.03960264e-01 8.11764717e-01 3.74378443e-01 1.63007289e-01
    6.65420294e-01 8.61290276e-01 8.46698761e-01 5.57137430e-01
    2.37775147e-02 9.79766488e-01 4.70994473e-01 5.25909245e-01
    2.75199652e-01 1.79506361e-01 5.46824455e-01 5.99437773e-01
    1.26237065e-01 5.22102237e-01 2.83884138e-01 9.85804081e-01
    6.80564702e-01 2.53443658e-01 7.92943478e-01 7.81464934e-01
    5.84550619e-01 8.14873457e-01 5.79005182e-01 8.47324550e-01
    7.06911564e-01 4.81221080e-02 7.77152121e-01 5.41679502e-01
    5.03696382e-01 5.80029368e-01 5.98617554e-01 2.31894076e-01
    7.87026167e-01 7.43695796e-02 6.29978836e-01 1.50154293e-01
    4.52299029e-01 6.58261776e-01 4.52274472e-01 6.52543783e-01
    7.87341893e-01 5.01364172e-01 7.41780281e-01 6.48794711e-01
    8.11232090e-01 6.88837051e-01 4.06985670e-01 8.71146798e-01
    2.80519366e-01 3.20088327e-01 8.85955274e-01 6.50327444e-01
    9.32384849e-01 7.28017330e-01 1.48217976e-01 4.89044309e-01
    7.27710605e-01 7.90752053e-01 4.95691597e-01 9.08580065e-01
    5.08368075e-01 4.13025737e-01 2.93150723e-01 3.42538714e-01
    7.25092053e-01 1.73878670e-02 2.51652300e-01 8.72458816e-01
    1.91079468e-01 6.76999688e-02 4.64733899e-01 2.41194308e-01
    9.54609454e-01 9.88287687e-01 7.44016886e-01 2.52394438e-01
    2.95873255e-01 6.43799245e-01 2.13605762e-01 3.05280030e-01
    4.25651073e-02 1.11447275e-01 6.63644552e-01 9.83778596e-01
    6.94602370e-01 9.27739382e-01 3.59057724e-01 7.17945278e-01
    2.39014626e-04 6.08336627e-02 7.76300192e-01 3.55863661e-01
    6.17344320e-01 1.01900667e-01 5.21299839e-02 6.69873238e-01
    2.19926924e-01 7.55059481e-01 8.50979567e-01 1.14357531e-01
    6.75536990e-02 5.53765357e-01 3.83331269e-01 5.00933528e-01
    4.98979032e-01 6.34603202e-02 6.22734010e-01 7.35672832e-01
    9.79521990e-01 9.39334512e-01 6.97683215e-01 3.02779615e-01
    4.25090700e-01 2.72339761e-01 8.38039875e-01 4.67142522e-01
    3.93352509e-02 6.25206947e-01 1.53394639e-02 6.85972631e-01
    1.81175828e-01 1.13323241e-01 3.96612704e-01 5.93188226e-01
    1.45630002e-01 5.66653907e-01 7.41525054e-01 3.76793832e-01
    4.90781903e-01 6.14530683e-01 8.88223648e-01 4.92960244e-01
    4.49634701e-01 9.26900148e-01 4.42562342e-01 4.78946626e-01
    7.96906948e-01 6.18170142e-01 3.05702358e-01 2.64492810e-01
    8.92532885e-01 3.10326815e-01 1.17267847e-01 3.49620581e-01
    4.33758736e-01 9.09244418e-01 4.30953354e-01 8.25326383e-01
    8.58420253e-01 1.50409758e-01 7.57293582e-01 7.57843018e-01
    5.25328815e-01 3.42579186e-01 9.84498501e-01 8.00620139e-01
    4.91121411e-03 1.49484098e-01 2.60445356e-01 7.61088848e-01
    7.09744453e-01 3.77595484e-01 4.95865345e-02 8.65558028e-01
    9.50795174e-01 5.50582051e-01 7.68798351e-01 1.16990119e-01
    6.56244993e-01 2.89287031e-01 4.82025594e-01 8.11277688e-01
    3.37257951e-01 2.65864700e-01 2.26332366e-01 2.01359242e-01
    6.67254925e-01 6.61860526e-01 8.20570409e-01 7.93198466e-01
    8.88290763e-01 1.38318241e-02 3.55521798e-01 7.70632803e-01
    7.10146308e-01 2.82619119e-01 6.09346747e-01 8.98402572e-01
    2.19351649e-01 2.82051384e-01 4.78355855e-01 8.98978710e-01
    6.26298547e-01 7.58845985e-01 5.96679568e-01 1.24267459e-01
    1.41443402e-01 6.92362189e-02 3.29861045e-03 9.13173735e-01
    7.56119728e-01 1.06074810e-01 4.81297791e-01 9.82632637e-01
    3.70866358e-02 2.87635803e-01 1.48796529e-01 8.31943512e-01
    7.93254733e-01 8.47715735e-01 9.76348758e-01 1.12022221e-01
    8.44855189e-01 5.94659626e-01 5.30530572e-01 2.84072161e-01
    5.77314794e-01 3.16322565e-01 4.05159235e-01 3.24751139e-02
    4.16964918e-01 2.47848511e-01 2.79772431e-01 1.25241250e-01
    5.64792454e-01 8.06013048e-01 3.69093001e-01 9.25544798e-02
    2.15542942e-01 6.01021528e-01 4.64305192e-01 3.75121593e-01
    2.98566461e-01 2.16497242e-01 2.08757818e-02 1.32812768e-01
    4.77064520e-01 5.44081509e-01 2.60859638e-01 5.78299403e-01
    9.66777205e-01 9.68272686e-02 3.61133993e-01 1.65409148e-02
    7.68596530e-01 7.58470893e-01 4.12658930e-01 1.67726457e-01
    3.67488682e-01 6.34831965e-01 7.41583824e-01 4.63611841e-01
    9.73445415e-01 2.97995865e-01 7.44902730e-01 2.12797284e-01
    1.31823093e-01 7.69248605e-03 5.15748560e-01 4.92225081e-01
    8.55573535e-01 9.57518518e-02 8.70978713e-01 2.88556516e-02
    8.49135160e-01 9.12409425e-01 7.21359015e-01 8.59658778e-01
    3.07063520e-01 3.85723710e-01 9.64280844e-01 5.94420075e-01
    3.44290853e-01 3.94539535e-02 1.26840949e-01 1.34178996e-02
    5.18787444e-01 7.56772518e-01 8.23660493e-01 3.47030222e-01
    8.17928851e-01 7.36667514e-01 2.02484608e-01 4.62043494e-01
    1.03404880e-01 7.06059694e-01 8.31102610e-01 6.22141659e-02
    9.65612292e-01 5.53654492e-01 4.98313189e-01 7.54778504e-01
    4.89837259e-01 2.38389641e-01 9.89838839e-01 8.91939700e-02
    6.21459186e-02 4.26480472e-02 1.44105613e-01 3.84362012e-01
    9.97592747e-01 3.05529833e-01 5.15223980e-01 8.23051095e-01
    6.90470815e-01 9.33451593e-01 6.94775581e-01 8.99485826e-01
    4.60552186e-01 4.00217652e-01 8.09049726e-01 3.32053781e-01
    4.71750349e-01 1.43119663e-01 2.87187934e-01 8.23492110e-02
    6.88756227e-01 3.99411827e-01 4.15207505e-01 7.91552782e-01
    8.17256153e-01 1.52322441e-01 2.42904127e-02 9.54063475e-01
    1.40421242e-01 1.17036700e-03 7.56361067e-01 2.87001431e-01
    8.90130162e-01 4.33194220e-01 5.19500911e-01 5.38439155e-02
    1.37326181e-01 5.04207313e-01 5.06277025e-01 2.70930409e-01
    2.08497822e-01 6.99322879e-01 8.95184278e-01 1.22056484e-01
    4.68422472e-02 7.84917295e-01 8.99756908e-01 5.33551276e-01
    7.70313740e-01 3.59213173e-01 4.40169781e-01 8.82744431e-01
    4.74284649e-01 4.97834831e-01 8.89553308e-01 4.02954072e-01
    6.45253539e-01 2.05718517e-01 2.78363645e-01 5.72943449e-01
    7.88885653e-01 4.53363597e-01 2.91702330e-01 8.56861472e-01
    7.26119101e-01 3.90316010e-01 5.85799456e-01 1.61968768e-01
    2.70401210e-01 8.46367002e-01 6.35875046e-01 9.29474711e-01
    4.06872213e-01 3.03919554e-01 7.69760907e-01 8.44072104e-01
    7.79713094e-02 4.38042551e-01 7.75816321e-01 4.86176670e-01
    3.91153038e-01 4.09765214e-01 7.50520468e-01 9.70115185e-01
    1.19669318e-01 8.42101455e-01 4.06588018e-02 9.70243335e-01
    5.38587868e-02 5.63837469e-01 3.03286314e-03 7.48893380e-01
    8.79330039e-02 8.64565432e-01 9.27310348e-01 1.36185735e-01
    2.55176663e-01 9.88436043e-01 5.38893759e-01 5.76307356e-01
    2.44132757e-01 4.97768760e-01 1.63979769e-01 9.46625113e-01
    7.19627261e-01 3.87170017e-02 4.68406498e-01 3.68806839e-01
    2.55323559e-01 3.44267815e-01 4.65548664e-01 5.39816022e-01
    6.53236628e-01 8.48658860e-01 2.09425688e-01 9.66991067e-01
    8.07289302e-01 5.68831444e-01 2.22885579e-01 4.83031780e-01
    5.98607123e-01 2.31591702e-01 2.92010725e-01 2.02806652e-01
    9.31332707e-01 7.48875737e-01 2.45480746e-01 3.46276402e-01
    6.77925944e-02 7.26459146e-01 9.30144191e-02 6.30435348e-01
    9.70350146e-01 9.36158001e-02 7.65789449e-02 5.06888568e-01
    3.76724362e-01 7.46747851e-02 2.74360299e-01 4.25716192e-01
    8.54226112e-01 9.93545353e-02 9.77105260e-01 1.72922105e-01
    8.16096663e-01 1.08109117e-02 6.83422804e-01 5.19875586e-01
    4.37816441e-01 7.91764736e-01 5.25662899e-02 3.81236047e-01
    3.26272786e-01 5.54406404e-01 5.96679568e-01 1.24267459e-01
    1.41443402e-01 6.92362189e-02 3.29861045e-03 9.13173735e-01
    7.56119728e-01 1.06074810e-01 4.81297791e-01 9.82632637e-01
    4.55895960e-01 6.46849692e-01 2.18600631e-02 6.17671847e-01
    8.80772531e-01 7.00536370e-01 2.90025353e-01 2.74580777e-01
    4.01512712e-01 5.27513564e-01 9.54402983e-01 8.34210873e-01
    2.88352549e-01 4.32065338e-01 2.60103345e-02 2.95267522e-01
    5.32478392e-01 8.66105080e-01 1.34789944e-03 4.09736037e-02
    3.35488617e-01 5.18216610e-01 9.97923613e-01 6.88557327e-02
    7.32733190e-01 2.07434595e-01 5.02535701e-03 2.83530176e-01
    3.23220849e-01 9.78515506e-01 9.66438770e-01 3.36988688e-01
    6.78527832e-01 2.78997421e-01 9.36838984e-01 4.18119460e-01
    8.22741687e-02 4.76082325e-01 7.90212512e-01 4.93215919e-02
    2.67261058e-01 2.85829902e-01 1.32572204e-01 9.15159106e-01
    2.98535794e-01 4.66553539e-01 2.03430355e-02 4.05145586e-02
    9.11509097e-02 2.34605968e-01 7.63776243e-01 1.48972541e-01
    5.02080798e-01 1.09536976e-01 9.78406429e-01 1.01054430e-01
    3.14188898e-02 6.20630920e-01 8.47582102e-01 3.13221335e-01
    1.14631146e-01 4.18271959e-01 2.64792204e-01 6.62876487e-01
    4.62599546e-01 6.38948739e-01 3.54387552e-01 8.49993110e-01
    8.01727831e-01 6.98948860e-01 4.74738300e-01 1.43830478e-01
    7.69330859e-01 1.27483934e-01 6.91264868e-04 8.28876019e-01
    3.04003477e-01 8.35056901e-01 7.07628965e-01 2.10934371e-01
    1.15619242e-01 8.38995099e-01 7.04232991e-01 6.80879474e-01
    3.39963287e-01 3.42771113e-01 9.43326890e-01 7.91329384e-01
    7.92497635e-01 6.40538573e-01 8.28910470e-01 7.95879006e-01
    3.69948983e-01 7.53278375e-01 2.14270145e-01 5.52178681e-01
    1.91892743e-01 4.46009845e-01 1.14973396e-01 8.10898066e-01
    1.07090652e-01 4.34237182e-01 4.70999628e-01 6.56324208e-01
    6.34335756e-01 5.61586618e-01 3.82728815e-01 9.61785853e-01
    1.26855731e-01 7.05523491e-01 8.21523309e-01 2.64514774e-01
    5.14699996e-01 6.06167197e-01 6.98436618e-01 4.02310282e-01
    1.10303342e-01 6.74977601e-02 1.14011049e-01 7.68149972e-01
    4.63472128e-01 7.65248179e-01 1.24957889e-01 3.17237288e-01
    4.80937660e-02 8.75764251e-01 1.78027958e-01 5.69243491e-01
    3.66050899e-02 8.20022106e-01 1.98252112e-01 9.06254053e-01
    1.35306895e-01 5.76084077e-01 3.50840211e-01 7.94121802e-01
    5.67176461e-01 5.16125560e-01 8.95250678e-01 4.12945688e-01
    9.53818917e-01 9.58192170e-01 9.60232735e-01 2.62909085e-01
    2.36660838e-01 9.60795462e-01 7.81761169e-01 4.29507196e-01
    6.09503448e-01 9.91627157e-01 5.81795931e-01 2.80924708e-01
    6.63756967e-01 8.55873466e-01 2.42565274e-01 1.93570882e-01
    4.02361333e-01 9.06359434e-01 9.30255651e-03 9.23258662e-02
    6.01759315e-01 4.70967948e-01 9.75139260e-01 8.66860151e-01
    1.17926627e-01 1.50180578e-01 2.69338787e-01 9.75589514e-01
    5.60436785e-01 1.66913956e-01 8.31456780e-01 8.68669808e-01
    2.11480647e-01 4.50167030e-01 1.65979087e-01 2.55282879e-01
    7.92463660e-01 9.89901304e-01 2.96186924e-01 7.72788525e-02
    2.64538229e-01 7.41335750e-02 5.50420880e-01 3.92184675e-01
    7.75888085e-01 9.19476748e-01 5.37232935e-01 2.45994866e-01
    7.35879362e-01 9.30796266e-01 6.13137484e-01 3.42860013e-01
    6.91396773e-01 7.08791256e-01 4.62652355e-01 4.53813791e-01
    9.24345970e-01 8.73971343e-01 1.03984565e-01 6.43189192e-01
    7.03190088e-01 9.93492723e-01 1.85264975e-01 7.36822486e-02
    3.08856368e-03 6.90705061e-01 8.36835325e-01 9.30557728e-01
    6.31641448e-02 7.23117054e-01 4.44764614e-01 2.16254890e-01
    8.25481176e-01 3.43870729e-01 6.24901831e-01 4.30493802e-01
    6.35768771e-01 8.34561110e-01 5.09133220e-01 3.32059264e-01
    5.36613941e-01 4.19255733e-01 9.24704671e-02 1.43855602e-01
    4.00071025e-01 3.23367715e-02 8.56335163e-02 5.13554990e-01
    8.47115397e-01 3.74325812e-01 9.88064885e-01 3.06174248e-01
    2.46149659e-01 2.08136350e-01 6.51016116e-01 8.61276746e-01
    2.34189034e-02 2.26305991e-01 6.92827702e-02 8.60749722e-01
    7.68790781e-01 2.44479448e-01 9.10327315e-01 1.33450180e-01
    3.78503114e-01 6.21485531e-01 4.02722597e-01 5.68487346e-01
    1.36558920e-01 7.39289582e-01 3.23487788e-01 3.79879773e-01
    8.88124108e-03 1.72103137e-01 6.01257801e-01 2.29759008e-01
    4.55895960e-01 6.46849692e-01 2.18600631e-02 6.17671847e-01
    8.80772531e-01 7.00536370e-01 2.90025353e-01 2.74580777e-01
    4.01512712e-01 5.27513564e-01 2.44610578e-01 5.38081944e-01
    5.66216230e-01 2.02423900e-01 5.67341328e-01 4.04674411e-02
    7.19994307e-02 5.63441277e-01 2.52315283e-01 3.03374410e-01
    2.21925378e-02 9.40574527e-01 3.69023055e-01 2.63601273e-01
    2.82191336e-01 4.16306674e-01 3.42760086e-02 6.84685767e-01
    8.01995754e-01 7.34949887e-01 4.49046195e-02 5.59815764e-02
    6.91427946e-01 3.53292406e-01 1.97926581e-01 8.25356960e-01
    8.92053187e-01 6.75864637e-01 3.11889529e-01 6.64022267e-02
    2.98596084e-01 5.52168012e-01 3.18440974e-01 8.70266438e-01
    8.25039983e-01 5.10948837e-01 9.83765602e-01 8.40525389e-01
    1.30695999e-01 1.95189357e-01 7.24841237e-01 5.55787623e-01
    7.03444183e-01 4.49376434e-01 1.07277632e-01 9.12626266e-01
    7.30939627e-01 5.28984666e-01 9.86729085e-01 4.41352129e-02
    9.40684319e-01 1.48209512e-01 6.55829310e-01 2.78261125e-01
    5.56847930e-01 5.51737368e-01 5.61758280e-01 8.55169177e-01
    3.20908368e-01 5.95979929e-01 9.34706688e-01 7.82308698e-01
    8.71278346e-02 6.47178590e-02 7.99254656e-01 5.77396870e-01
    8.26504409e-01 9.97423172e-01 7.51728237e-01 6.06656969e-01
    6.20760739e-01 4.17139322e-01 7.34409332e-01 8.68383765e-01
    1.34352416e-01 3.65821004e-01 2.85075903e-01 8.14681590e-01
    3.08778882e-01 1.96380377e-01 6.92046940e-01 1.41561776e-01
    3.32333922e-01 9.64164376e-01 5.13902843e-01 8.14476311e-01
    8.41074109e-01 2.15041637e-02 2.94860363e-01 2.31436640e-01
    2.77769715e-01 9.76807356e-01 2.14664608e-01 6.00969315e-01
    2.25053251e-01 5.60348570e-01 5.85405052e-01 3.48750234e-01
    4.81134683e-01 1.90723926e-01 8.77352715e-01 6.56912088e-01
    8.23721766e-01 3.32521528e-01 3.53970528e-01 7.28454232e-01
    7.18093157e-01 1.79174244e-01 7.85042644e-02 5.11490047e-01
    5.43212652e-01 3.20712268e-01 4.30201441e-01 6.87685728e-01
    9.33902383e-01 5.74703217e-01 4.69328105e-01 5.67192614e-01
    7.86638021e-01 1.18441492e-01 3.09380293e-01 1.25206828e-01
    5.71352959e-01 8.19323540e-01 3.61975938e-01 2.60439754e-01
    4.19733882e-01 3.84243280e-01 4.89355683e-01 6.29299760e-01
    8.57732177e-01 2.74143577e-01 8.90064299e-01 2.78820097e-02
    2.99750447e-01 2.13972569e-01 3.37599814e-01 7.93980420e-01
    6.29701436e-01 7.03769028e-01 6.96240187e-01 8.90559852e-01
    2.48850584e-02 4.47983682e-01 3.63866210e-01 6.54218018e-01
    1.32874846e-02 9.06466782e-01 8.40303302e-02 2.59229481e-01
    6.55169785e-01 1.80055320e-01 8.11936140e-01 6.19447827e-02
    4.42139745e-01 5.76552033e-01 8.98466408e-01 7.37865806e-01
    6.62504435e-02 2.77142465e-01 9.35118198e-01 2.72927135e-01
    4.47277606e-01 9.00594592e-01 8.96920264e-01 2.10891634e-01
    5.53770185e-01 3.06453496e-01 9.44453597e-01 8.07051361e-02
    8.51651549e-01 2.55630553e-01 9.20172095e-01 7.27832317e-02
    8.47773671e-01 8.87153208e-01 2.23147154e-01 5.89140296e-01
    1.92925334e-02 6.38671398e-01 2.94297934e-04 7.60033369e-01
    2.33459860e-01 1.90900743e-01 6.57941103e-02 3.26050282e-01
    6.37018144e-01 7.21078455e-01 5.34622967e-02 1.63802534e-01
    9.60246563e-01 9.09316421e-01 2.36003995e-01 2.22495228e-01
    9.89036202e-01 3.69061142e-01 6.51299953e-01 1.72742754e-01
    2.44167060e-01 5.93285859e-02 1.63799942e-01 1.95786983e-01
    9.75127459e-01 2.68729866e-01 3.05789411e-01 4.01941538e-01
    5.27747095e-01 3.12670767e-01 2.82397240e-01 2.41208404e-01
    4.27885175e-01 7.32771754e-02 4.22827482e-01 6.68247461e-01
    5.43615878e-01 9.47616935e-01 6.88645840e-01 4.33152854e-01
    6.35682046e-01 3.90217125e-01 5.45729101e-02 5.26860714e-01
    8.39641392e-02 8.94185543e-01 7.24431217e-01 1.71701431e-01
    6.83268428e-01 7.75392354e-02 3.33143175e-01 3.58821988e-01
    6.22119367e-01 4.76081043e-01 7.78891206e-01 8.09297621e-01
    5.12525439e-03 7.01008618e-01 7.94734120e-01 9.63127911e-02
    1.13166571e-01 9.09896791e-02 7.47607410e-01 4.31195468e-01
    4.69483137e-02 5.16035199e-01 7.50438213e-01 3.19751620e-01
    8.61448646e-01 2.50485957e-01 7.11734295e-01 6.21814132e-01
    7.10807621e-01 1.39143765e-02 4.80352849e-01 3.04231793e-01
    8.88680935e-01 7.57460713e-01 2.44610578e-01 5.38081944e-01
    5.66216230e-01 2.02423900e-01 5.67341328e-01 4.04674411e-02
    7.19994307e-02 5.63441277e-01 2.52315283e-01 3.03374410e-01
    2.20826566e-01 1.42691523e-01 9.50297117e-01 4.22019958e-02
    2.68247664e-01 3.60769123e-01 1.21731788e-01 9.42338407e-02
    4.28626567e-01 7.96075702e-01 6.49541259e-01 6.29556298e-01
    5.27819216e-01 1.04451180e-01 2.26083934e-01 3.61113340e-01
    8.29951584e-01 5.31040072e-01 6.91045523e-02 8.47021699e-01
    2.86372185e-01 4.00290787e-02 9.39117432e-01 6.17681205e-01
    3.42740178e-01 1.27612919e-01 4.04165745e-01 6.77720070e-01
    4.40248668e-01 1.38373286e-01 9.81981635e-01 2.70922363e-01
    5.45286477e-01 2.21668214e-01 5.58735549e-01 6.84548616e-01
    2.68718123e-01 8.50152016e-01 4.06862110e-01 9.83408570e-01
    4.64044362e-01 7.73022830e-01 4.61012483e-01 5.87296605e-01
    7.23478436e-01 5.44660449e-01 7.89007902e-01 6.56063259e-01
    9.01228309e-01 3.91785592e-01 3.07303965e-01 6.80271983e-01
    4.55419809e-01 9.38698053e-01 5.67119360e-01 5.74568510e-01
    8.87818813e-01 7.18606710e-01 6.42210424e-01 3.76046896e-01
    5.03201187e-02 5.95288098e-01 8.35281909e-02 4.33395833e-01
    4.71099198e-01 4.92919505e-01 6.24115169e-01 6.53067112e-01
    1.44265890e-02 2.15634108e-01 8.12428415e-01 9.14447725e-01
    6.07496977e-01 3.39245498e-01 7.01453269e-01 4.94714022e-01
    8.23988318e-01 6.15390122e-01 4.86576676e-01 3.66086900e-01
    1.33624375e-02 6.26244664e-01 1.60014570e-01 8.19061399e-01
    5.05249918e-01 3.62280369e-01 5.66623330e-01 2.00140804e-01
    9.51325595e-02 7.27020800e-02 1.44201070e-01 3.48539054e-01
    2.10852116e-01 2.83861995e-01 6.97398901e-01 4.37382817e-01
    7.28631675e-01 8.28115344e-01 4.43710089e-02 2.21271664e-01
    2.10723370e-01 3.32386017e-01 7.71082759e-01 4.00687486e-01
    8.27375174e-01 9.96167362e-01 3.59220326e-01 1.00570440e-01
    7.25908577e-01 9.33154643e-01 7.96469569e-01 4.37545300e-01
    4.33782130e-01 6.34365439e-01 3.47557694e-01 5.70248425e-01
    6.09893799e-02 4.36047912e-02 5.74766278e-01 2.07316190e-01
    8.32495034e-01 3.33098263e-01 7.10177422e-03 6.11935318e-01
    1.06227368e-01 1.16005510e-01 6.44937932e-01 6.16233587e-01
    8.98947299e-01 6.05294466e-01 8.84066939e-01 4.31496859e-01
    5.27565420e-01 7.30239093e-01 2.34778285e-01 5.73529601e-01
    8.61980915e-02 5.35630882e-01 8.56759906e-01 4.67089742e-01
    4.99127239e-01 9.41984296e-01 2.13789493e-01 8.67694020e-01
    4.62621987e-01 9.40370202e-01 7.36417234e-01 3.24469388e-01
    3.64311129e-01 7.19812810e-01 8.45965147e-02 7.44022965e-01
    9.93166208e-01 1.16733968e-01 6.40062332e-01 5.36718249e-01
    5.10479271e-01 7.66084552e-01 3.81729960e-01 7.05887437e-01
    8.58429074e-01 8.30868900e-01 8.36757362e-01 1.68898433e-01
    9.19718623e-01 2.71996289e-01 3.43993306e-01 8.32213402e-01
    4.72273529e-01 4.34965491e-01 6.79429471e-02 6.68534815e-01
    1.72893971e-01 3.73445749e-01 5.35780311e-01 8.47337127e-01
    4.87020046e-01 7.63944268e-01 6.64687574e-01 7.56643534e-01
    2.97406018e-01 2.37924516e-01 6.49500012e-01 1.88839436e-02
    6.16644025e-02 3.92916620e-01 9.21867609e-01 1.88445687e-01
    4.97800678e-01 4.91794556e-01 9.01638269e-01 7.11019218e-01
    1.63099051e-01 2.39609838e-01 5.49678445e-01 7.81538963e-01
    4.43382949e-01 7.25219369e-01 5.45811951e-01 6.97000027e-01
    3.87191534e-01 8.34694266e-01 1.11410946e-01 7.57485628e-01
    2.59628177e-01 5.13214469e-02 6.06548607e-01 5.52805603e-01
    3.65850687e-01 1.21264964e-01 9.16296482e-01 6.27286434e-01
    4.01990891e-01 7.94519067e-01 6.89226747e-01 5.36211073e-01
    7.79681802e-01 8.61622572e-01 8.33091438e-02 8.04647684e-01
    9.87618983e-01 5.08504987e-01 6.62905335e-01 7.51715183e-01
    7.82900870e-01 7.74836123e-01 1.95846349e-01 9.13576484e-02
    2.95910865e-01 2.92007029e-02 9.47172761e-01 7.34772801e-01
    8.81770253e-01 3.56637657e-01 8.47569108e-02 5.75678527e-01
    9.34081078e-01 5.69859743e-02 3.68921578e-01 4.97257531e-01
    4.26448733e-01 3.46719265e-01 6.17071688e-01 9.56795514e-02
    1.73076391e-01 9.15097177e-01 1.35483474e-01 1.75605088e-01
    5.62766790e-01 9.08560455e-01 5.08125722e-02 9.14754510e-01
    9.25641060e-01 2.15750068e-01 7.16341853e-01 4.32417035e-01
    2.20826566e-01 1.42691523e-01 9.50297117e-01 4.22019958e-02
    2.68247664e-01 3.60769123e-01 1.21731788e-01 9.42338407e-02
    4.28626567e-01 7.96075702e-01 6.08077645e-03 4.20350581e-01
    8.60570431e-01 7.98681557e-01 3.54853958e-01 7.30513334e-01
    9.12938237e-01 5.81004620e-02 4.58417028e-01 6.02427721e-02
    6.47333324e-01 7.16164410e-02 7.73878813e-01 6.95796371e-01
    2.93971956e-01 5.75551093e-01 6.36411726e-01 6.78016126e-01
    6.42463207e-01 5.47139049e-01 9.96231318e-01 3.99530917e-01
    1.54212981e-01 6.97954297e-01 9.90548432e-02 7.76947498e-01
    9.85844493e-01 6.39183939e-01 4.86356705e-01 9.36811090e-01
    2.59557456e-01 8.06653261e-01 2.98554152e-01 7.85728693e-02
    7.54805803e-02 7.83405662e-01 8.74226570e-01 9.93787408e-01
    3.01434278e-01 8.66451502e-01 3.98447096e-01 8.85825634e-01
    3.65205139e-01 6.98048592e-01 9.85099077e-01 4.42265719e-01
    7.84846663e-01 8.98264647e-01 8.56272101e-01 2.97232002e-01
    9.95591998e-01 6.52491748e-01 9.43759084e-01 4.41658497e-01
    3.61349702e-01 9.17826951e-01 1.59242868e-01 4.20882374e-01
    8.98340106e-01 2.16150522e-01 3.74578953e-01 2.58662283e-01
    6.18403256e-02 9.46966767e-01 7.38161683e-01 3.48136604e-01
    9.58762228e-01 6.79435909e-01 5.69563985e-01 8.34166467e-01
    9.92554545e-01 7.42905080e-01 9.83926237e-01 3.91123980e-01
    6.69545174e-01 1.27269089e-01 1.99847341e-01 2.21303105e-01
    7.93417811e-01 8.25390220e-03 2.58304060e-01 8.10070157e-01
    2.56698817e-01 3.81511450e-03 7.75701523e-01 5.33981442e-01
    8.53978992e-01 7.24332035e-01 2.10232764e-01 3.30829620e-01
    5.79604387e-01 4.28864747e-01 9.97684836e-01 6.29151583e-01
    8.19417536e-02 1.51221037e-01 3.35884601e-01 1.95709646e-01
    3.29466999e-01 6.77384615e-01 2.40070939e-01 3.39379311e-01
    6.68889582e-02 6.61751270e-01 5.90461791e-01 3.47092748e-03
    6.36922956e-01 1.60908103e-02 1.25332892e-01 3.73482704e-03
    5.18100560e-01 7.11146116e-01 8.49297047e-01 9.94091034e-02
    1.99762225e-01 5.22211075e-01 9.36760664e-01 2.41812497e-01
    3.26117337e-01 5.74604869e-01 7.22759247e-01 7.53141522e-01
    6.01819992e-01 1.70956492e-01 5.42593420e-01 7.14681566e-01
    2.27837622e-01 1.38260484e-01 6.08899295e-01 6.83770895e-01
    7.19846070e-01 3.77592206e-01 1.96175456e-01 5.23853362e-01
    4.01555657e-01 3.20697397e-01 2.43517876e-01 5.63392103e-01
    2.07401216e-02 5.57573974e-01 6.80935621e-01 6.21984720e-01
    8.13550770e-01 6.18489563e-01 1.19063795e-01 8.22728276e-02
    7.36102343e-01 7.84990668e-01 2.83016205e-01 2.25541443e-01
    5.04097342e-01 9.41019416e-01 3.53478163e-01 8.28291655e-01
    8.79413724e-01 7.49048591e-01 3.67327988e-01 4.40910369e-01
    1.75889134e-02 4.49787378e-01 6.94386661e-02 8.39666367e-01
    1.57632709e-01 5.74815571e-01 7.87041426e-01 2.49355376e-01
    9.14496779e-01 7.83136129e-01 4.37462330e-01 8.73867214e-01
    9.35806632e-02 2.64156044e-01 6.29263282e-01 8.66189718e-01
    7.19861865e-01 9.54484105e-01 1.05948627e-01 4.92606133e-01
    7.60793567e-01 2.66594589e-02 8.81376326e-01 5.53578019e-01
    9.82386708e-01 8.48474145e-01 1.11973137e-01 2.42790371e-01
    6.12250388e-01 8.74473155e-01 9.30637002e-01 9.62696612e-01
    8.19124579e-01 9.87818778e-01 4.03541595e-01 5.96009970e-01
    6.83938026e-01 2.59542525e-01 3.24414313e-01 4.44660366e-01
    8.27102304e-01 1.37208700e-01 6.78234994e-01 3.63145351e-01
    9.47356105e-01 7.21095562e-01 2.93893039e-01 4.04376268e-01
    3.79037410e-01 7.77849555e-01 2.13420987e-01 8.90826464e-01
    7.90204883e-01 5.46758711e-01 9.02336001e-01 1.74089670e-02
    7.10957646e-01 8.91774476e-01 1.88734859e-01 2.56044269e-02
    5.06092668e-01 3.61676097e-01 4.69424784e-01 1.58904076e-01
    5.67812920e-01 1.03407502e-02 9.09389973e-01 7.99494505e-01
    2.41395026e-01 6.64329171e-01 3.10408562e-01 3.12761366e-02
    8.70316863e-01 2.91582167e-01 2.09371984e-01 6.39541090e-01
    9.27445531e-01 3.35292876e-01 5.16347766e-01 7.48136938e-02
    3.34001482e-01 2.04413533e-02 6.70146763e-01 6.91985667e-01
    3.03334832e-01 4.35198545e-01 3.72648627e-01 4.76744980e-01
    6.10028863e-01 5.84362805e-01 2.04453826e-01 7.18173742e-01
    3.13160747e-01 6.91702008e-01 4.86665517e-01 3.73490989e-01
    7.72219241e-01 4.66543227e-01 6.08077645e-03 4.20350581e-01
    8.60570431e-01 7.98681557e-01 3.54853958e-01 7.30513334e-01
    9.12938237e-01 5.81004620e-02 4.58417028e-01 6.02427721e-02
    8.72348666e-01 3.00771534e-01 2.67681390e-01 4.27907079e-01
    2.44519681e-01 7.26396382e-01 7.93431699e-01 6.44918382e-01
    7.26941407e-01 5.08301318e-01 6.17165387e-01 8.50768745e-01
    9.55604672e-01 4.14895594e-01 1.28922075e-01 2.93572009e-01
    2.61406124e-01 3.82380635e-01 8.93945158e-01 7.53421664e-01
    8.50284040e-01 8.36027205e-01 5.41697621e-01 2.23703295e-01
    4.09816027e-01 1.57235593e-01 6.70256317e-01 9.52847958e-01
    9.34791446e-01 6.50597692e-01 1.06519133e-01 9.05925691e-01
    8.72133374e-01 7.24066794e-01 5.35816252e-01 3.43056679e-01
    3.77023309e-01 7.48229146e-01 5.99771738e-01 7.43016481e-01
    3.43765616e-01 8.92908752e-01 4.82623369e-01 2.64767885e-01
    5.79318345e-01 5.02247214e-01 2.36164629e-02 3.83780301e-01
    7.73093581e-01 2.28372604e-01 6.04228079e-01 1.80599838e-01
    7.87988305e-01 1.64816946e-01 7.81911492e-01 6.95402145e-01
    8.51823390e-01 7.91017771e-01 4.09370065e-01 1.86243325e-01
    4.21950132e-01 9.65954959e-02 8.68145227e-01 2.38720924e-01
    4.54912007e-01 7.68799663e-01 1.99649185e-01 3.46917808e-01
    4.08873618e-01 3.02414775e-01 4.61509466e-01 4.19553190e-01
    5.56175113e-02 1.97069585e-01 3.52029622e-01 4.85705435e-02
    9.87487674e-01 4.80608910e-01 4.15502548e-01 6.59823418e-05
    6.08942926e-01 9.79628980e-01 2.37741619e-01 7.47204185e-01
    9.82152641e-01 1.46444410e-01 3.06941926e-01 4.89795923e-01
    6.66111648e-01 9.97439206e-01 9.31386888e-01 5.31125426e-01
    9.51094866e-01 9.99011040e-01 8.88483226e-01 5.19871533e-01
    7.98193693e-01 7.56642222e-02 8.65606904e-01 9.25981879e-01
    8.19869936e-01 9.83111739e-01 2.75002718e-01 5.67005873e-01
    3.04076791e-01 3.17589879e-01 1.99507445e-01 4.67488021e-01
    9.96104240e-01 2.18528032e-01 8.75039458e-01 6.76888525e-01
    8.63475800e-01 5.47519505e-01 9.44927335e-01 4.31491673e-01
    7.40119338e-01 3.97759765e-01 1.72873288e-01 9.50352728e-01
    8.75591516e-01 9.17731166e-01 1.22128367e-01 8.31041694e-01
    8.70988727e-01 4.64651346e-01 2.40696549e-01 9.32244062e-01
    3.60051632e-01 1.42115772e-01 2.85237670e-01 7.94823468e-02
    6.26132607e-01 2.69882590e-01 9.76512432e-01 1.17541492e-01
    8.73166561e-01 1.88974202e-01 3.25199425e-01 7.31091499e-02
    5.38166940e-01 6.05053484e-01 1.63838029e-01 7.61526763e-01
    8.01367521e-01 3.86899114e-01 2.23693252e-03 9.42803025e-01
    5.91499329e-01 5.44965863e-01 3.30977827e-01 5.75284839e-01
    4.67495620e-01 1.72397554e-01 2.13849097e-01 7.26378679e-01
    8.75091732e-01 7.15263009e-01 8.45863461e-01 3.02514493e-01
    3.88617516e-02 7.18837976e-03 9.44543123e-01 5.41079998e-01
    8.60256672e-01 1.91437989e-01 3.70131731e-02 1.35300368e-01
    7.40885794e-01 2.75445223e-01 4.00637865e-01 3.45836878e-02
    9.89359260e-01 2.03753233e-01 4.88920480e-01 7.76591063e-01
    6.26976311e-01 3.39267224e-01 7.59037614e-01 5.28512716e-01
    5.70038080e-01 2.59513557e-01 6.95585489e-01 6.12056196e-01
    5.57346642e-01 4.06482816e-01 6.66036308e-02 4.42517489e-01
    3.23300958e-01 2.16590703e-01 7.43022203e-01 5.04009724e-01
    7.69028425e-01 7.04530716e-01 9.11973715e-01 5.24926186e-01
    6.81572676e-01 9.96878803e-01 7.49836981e-01 2.81581640e-01
    1.66901708e-01 6.46607101e-01 3.25187087e-01 8.22945833e-02
    4.93493050e-01 4.31527406e-01 1.96442664e-01 1.25098228e-02
    5.35933673e-01 5.25011539e-01 9.77412343e-01 8.81077766e-01
    6.75170183e-01 2.71517634e-02 1.03543401e-01 3.85836154e-01
    1.78523958e-01 5.23495674e-02 7.99072504e-01 9.47195530e-01
    9.80462432e-02 2.02156723e-01 9.20592189e-01 5.68028510e-01
    7.88363874e-01 3.68965566e-01 2.10161746e-01 8.13493490e-01
    7.56625593e-01 2.19445765e-01 5.03005087e-01 8.48652005e-01
    6.78685188e-01 9.35580730e-02 2.31266856e-01 1.75497085e-01
    9.94115233e-01 9.65985656e-01 4.56178695e-01 9.04553294e-01
    3.48452866e-01 6.48151040e-02 3.55282545e-01 9.62017298e-01
    2.18549132e-01 9.19437528e-01 1.02319002e-01 3.72509569e-01
    9.15518999e-01 6.29890680e-01 4.50583696e-01 4.84517217e-01
    8.39017093e-01 5.76934874e-01 4.40714628e-01 2.98119009e-01
    8.72348666e-01 3.00771534e-01 2.67681390e-01 4.27907079e-01
    2.44519681e-01 7.26396382e-01 7.93431699e-01 6.44918382e-01
    7.26941407e-01 5.08301318e-01 1.54322684e-01 3.82454872e-01
    3.01217526e-01 7.69327402e-01 4.36495602e-01 6.82168126e-01
    2.63618141e-01 9.60886836e-01 5.34390092e-01 1.87909663e-01
    4.40879077e-01 2.45340794e-01 6.10580564e-01 1.34306580e-01
    9.99464691e-02 3.36089849e-01 6.22274876e-01 6.06808007e-01
    8.34695697e-01 5.69723904e-01 7.31472194e-01 2.11724788e-01
    2.93082535e-01 5.85092306e-01 7.85856962e-01 8.56104553e-01
    5.65012634e-01 9.23890829e-01 1.12188935e-01 8.28933120e-01
    7.64421463e-01 1.35234088e-01 3.53141725e-01 5.30188978e-01
    4.17479813e-01 3.64498138e-01 1.25497669e-01 1.78631097e-01
    3.24063420e-01 5.22131920e-02 2.98910916e-01 2.33754665e-01
    9.13380265e-01 6.62732244e-01 1.63412750e-01 7.91963935e-01
    8.30030799e-01 7.64089823e-02 6.59966588e-01 1.11953288e-01
    7.57615864e-01 3.98804158e-01 5.72643161e-01 1.03791058e-01
    2.27582604e-01 7.74345398e-01 7.04370439e-01 8.38169694e-01
    4.45683002e-02 6.82328343e-01 4.51509804e-01 4.23647910e-01
    8.00574422e-01 6.40219808e-01 9.76220965e-02 6.43374205e-01
    2.29881138e-01 3.54120135e-01 6.63145304e-01 8.51272106e-01
    4.81044590e-01 1.81527168e-01 3.30557823e-01 4.73122358e-01
    3.62701863e-01 9.89462256e-01 8.36890697e-01 9.08163548e-01
    5.69166541e-02 5.00344396e-01 9.13525701e-01 7.11969376e-01
    8.18093896e-01 3.73592377e-01 2.80639827e-02 4.94618118e-01
    7.12699294e-01 4.36216265e-01 4.63692844e-02 6.77935481e-01
    1.48946732e-01 3.57303113e-01 2.70026922e-03 6.39689267e-01
    3.27194035e-02 3.01932573e-01 7.32978940e-01 6.71342015e-02
    5.71802557e-01 9.91691828e-01 7.68658876e-01 1.84078574e-01
    1.91296339e-01 3.12838733e-01 7.67495394e-01 5.15766799e-01
    4.20765638e-01 3.71961296e-02 5.30537426e-01 3.63645554e-02
    4.19897646e-01 7.94708967e-01 1.85008466e-01 3.73511970e-01
    9.40808892e-01 6.59163177e-01 6.65870249e-01 2.70716190e-01
    1.68181837e-01 8.42273116e-01 7.06147909e-01 9.73998666e-01
    1.68548048e-01 5.66240191e-01 7.14387655e-01 3.94707024e-02
    9.41594481e-01 7.35230446e-02 3.82314056e-01 1.67287260e-01
    6.50893509e-01 3.46167505e-01 4.21769351e-01 5.39027333e-01
    2.72923648e-01 6.08573794e-01 2.76903212e-01 6.94479764e-01
    4.94227856e-01 7.73745418e-01 6.58192992e-01 5.70942402e-01
    2.57121593e-01 7.91023612e-01 3.37555200e-01 5.21902144e-02
    1.10257864e-02 2.54389048e-01 4.68617469e-01 2.78553396e-01
    6.56335235e-01 7.74118423e-01 4.45729405e-01 5.77738464e-01
    3.61006826e-01 7.92398691e-01 3.86710763e-01 2.59686589e-01
    9.49629545e-01 1.32782698e-01 5.53839445e-01 8.30556393e-01
    4.08451796e-01 6.81705773e-01 5.43558598e-01 1.64377034e-01
    3.99926841e-01 4.89499927e-01 7.25391805e-01 3.05375785e-01
    3.47181618e-01 8.36941361e-01 6.30426526e-01 9.21075761e-01
    9.23550725e-01 3.86612833e-01 9.66251671e-01 4.85005081e-02
    7.96684623e-01 2.68170476e-01 8.43331873e-01 7.95471728e-01
    7.45729208e-02 3.13563585e-01 5.28488159e-02 1.73382968e-01
    8.54333878e-01 4.61872399e-01 7.13581681e-01 9.14091527e-01
    6.72959983e-02 4.76767033e-01 8.35576594e-01 7.40857244e-01
    7.77031124e-01 8.78851175e-01 5.27117610e-01 4.84644204e-01
    1.31450146e-01 4.00710136e-01 2.65381157e-01 4.09542590e-01
    8.54959309e-01 1.72516108e-01 2.27270961e-01 4.81353879e-01
    8.84452283e-01 7.44972944e-01 5.19374251e-01 2.84472883e-01
    7.60441899e-01 7.73831904e-01 4.10728753e-02 7.12245345e-01
    7.16165423e-01 9.42611575e-01 8.56861234e-01 4.82685655e-01
    8.24251950e-01 2.47687310e-01 2.77625024e-02 5.33032894e-01
    8.04491639e-01 9.90670621e-02 5.17477632e-01 9.31340396e-01
    2.09041297e-01 1.82176381e-01 4.04042065e-01 2.24875033e-01
    1.51667178e-01 1.03085637e-02 1.18119419e-02 7.26931810e-01
    2.59605646e-02 1.03602976e-01 5.92631757e-01 5.85590661e-01
    9.01454091e-02 7.91866779e-01 6.72352195e-01 1.93202138e-01
    7.37129152e-01 5.39401650e-01 5.20606339e-02 4.59989220e-01
    8.89651656e-01 8.63620639e-03 2.48282135e-01 6.33229136e-01
    6.48910403e-01 3.38158190e-01 5.29509485e-02 2.85977691e-01
    4.68257129e-01 9.27502155e-01 1.54322684e-01 3.82454872e-01
    3.01217526e-01 7.69327402e-01 4.36495602e-01 6.82168126e-01
    2.63618141e-01 9.60886836e-01 5.34390092e-01 1.87909663e-01
    5.28180838e-01 9.81604159e-01 5.94954014e-01 4.35323626e-01
    2.54458249e-01 1.09615773e-01 4.97466326e-03 7.82346606e-01
    7.84108162e-01 8.33821356e-01 6.58696055e-01 8.53419006e-02
    4.73390549e-01 7.38932371e-01 6.31090164e-01 3.26617301e-01
    3.16792160e-01 6.75517142e-01 3.47316861e-02 6.64033413e-01
    9.80021834e-01 7.68299818e-01 3.21222425e-01 6.88066006e-01
    2.81745195e-03 1.44807696e-01 3.67158353e-02 1.85253590e-01
    9.15231943e-01 8.33377779e-01 9.88559723e-01 9.99685645e-01
    6.48927808e-01 5.67365289e-02 9.24182296e-01 7.11085141e-01
    7.31889367e-01 7.57251143e-01 2.10678101e-01 2.82023132e-01
    7.17291355e-01 8.60564709e-02 1.84610575e-01 4.36642140e-01
    5.80907404e-01 5.44769466e-01 1.27228945e-01 2.25389212e-01
    6.67116225e-01 2.97094822e-01 3.14063817e-01 1.09610438e-01
    3.91827404e-01 7.51353204e-01 1.80469453e-01 2.02610523e-01
    7.16970205e-01 7.00175822e-01 3.42779279e-01 2.43458688e-01
    3.18061888e-01 5.03832102e-01 9.77326930e-01 8.02364230e-01
    5.02653778e-01 4.25927281e-01 1.51626348e-01 3.83891046e-01
    7.35274553e-01 9.81104970e-02 8.52905512e-01 6.32056296e-01
    4.77323532e-02 5.86742759e-01 6.72891140e-01 8.98291707e-01
    1.16189420e-02 1.47307485e-01 1.70233488e-01 8.05019259e-01
    7.57058620e-01 6.64959669e-01 4.93935138e-01 3.30500036e-01
    7.24390686e-01 3.76175702e-01 5.05168021e-01 6.37409449e-01
    2.97572374e-01 8.24368238e-01 2.04030901e-01 2.21287638e-01
    2.85106301e-02 6.54276192e-01 6.82309449e-01 4.32852060e-01
    7.88915694e-01 5.04761636e-01 3.17893952e-01 9.46529627e-01
    5.38167596e-01 2.39583701e-01 7.63238192e-01 7.49221385e-01
    8.81106317e-01 8.17745090e-01 6.25166297e-03 8.87285233e-01
    6.07843041e-01 1.16647333e-01 6.74749613e-01 3.10367346e-01
    9.30885971e-02 1.89627588e-01 2.39678204e-01 8.52180600e-01
    6.41336441e-01 1.47837758e-01 3.55532706e-01 9.07458067e-01
    9.69374537e-01 3.77791703e-01 8.71144772e-01 7.38785267e-01
    2.96478927e-01 9.40009296e-01 9.32891190e-01 4.99287933e-01
    6.93738520e-01 1.31793231e-01 4.23981428e-01 8.59269798e-02
    3.39783967e-01 8.85570943e-02 8.04331541e-01 5.39210916e-01
    6.58869386e-01 7.39371479e-01 5.86966276e-01 6.78508401e-01
    4.77875173e-02 3.94504607e-01 2.05575377e-01 1.69619501e-01
    7.37008095e-01 5.96557081e-01 6.54830694e-01 3.71046841e-01
    2.85327256e-01 3.92514974e-01 7.12590635e-01 6.47184730e-01
    8.14698100e-01 8.83771956e-01 7.24777639e-01 8.80276442e-01
    8.46343040e-01 1.42991424e-01 2.29176670e-01 3.05331886e-01
    5.04267871e-01 7.49312460e-01 9.11136687e-01 9.71294284e-01
    5.80562532e-01 2.99097627e-01 5.81975818e-01 7.01461494e-01
    4.78291333e-01 6.36037767e-01 3.22123498e-01 7.58167982e-01
    3.20161015e-01 8.77433002e-01 5.16962767e-01 8.44154716e-01
    1.94340646e-01 8.91380250e-01 8.75098825e-01 8.24783504e-01
    6.17223561e-01 7.58880496e-01 2.38517523e-02 1.42758697e-01
    9.60830271e-01 2.60384411e-01 2.51991749e-01 8.56988966e-01
    9.47901011e-01 9.85613823e-01 6.63254201e-01 8.41254711e-01
    1.81145847e-01 9.29248810e-01 5.12141109e-01 4.72047180e-01
    7.22927868e-01 8.52922380e-01 5.51752388e-01 8.50306273e-01
    1.47863507e-01 4.09984589e-02 8.49969387e-01 9.49716866e-01
    6.87392235e-01 1.12372220e-01 4.39777076e-01 5.08035004e-01
    5.27572215e-01 4.55384701e-01 9.22350228e-01 8.29213142e-01
    4.09846127e-01 6.91397190e-01 5.37266433e-01 5.50106466e-02
    1.09943420e-01 7.20208943e-01 3.61306965e-01 8.36878121e-01
    9.06307876e-01 2.83315867e-01 9.64504838e-01 2.65117973e-01
    5.06457567e-01 8.56834054e-01 5.82512438e-01 5.81900358e-01
    7.17714787e-01 1.54559582e-01 7.09585428e-01 6.01339579e-01
    7.94749975e-01 8.94869268e-01 5.96739650e-01 3.10767710e-01
    1.21436596e-01 2.35057920e-01 9.87259090e-01 4.32853580e-01
    2.76090413e-01 5.42816639e-01 5.22524774e-01 8.06036234e-01
    2.50757337e-01 3.66136491e-01 9.41426754e-01 6.53526187e-01
    7.43646741e-01 4.51008946e-01 4.64234620e-01 3.69535416e-01
    9.10479665e-01 2.84426570e-01 2.96402991e-01 7.47187138e-01
    5.28180838e-01 9.81604159e-01 5.94954014e-01 4.35323626e-01
    2.54458249e-01 1.09615773e-01 4.97466326e-03 7.82346606e-01
    7.84108162e-01 8.33821356e-01 7.57155299e-01 2.75483310e-01
    1.18509293e-01 9.44402814e-03 8.06073844e-01 9.26140785e-01
    2.27615446e-01 7.60533988e-01 2.74423361e-02 5.03462434e-01
    1.85573399e-02 9.88276064e-01 9.49022472e-01 5.86380482e-01
    9.33674932e-01 5.80957294e-01 5.48659444e-01 1.19949162e-01
    6.36564672e-01 6.51787698e-01 6.61048591e-02 6.90418541e-01
    9.91310358e-01 7.92615175e-01 5.94645917e-01 7.72324800e-01
    2.77573109e-01 8.65847766e-01 5.40027142e-01 4.86837596e-01
    7.59118676e-01 7.44139791e-01 5.32375574e-01 8.23431134e-01
    3.43515396e-01 1.63850248e-01 8.72582734e-01 5.46221554e-01
    6.84056222e-01 7.28052855e-01 4.85979676e-01 7.97107577e-01
    6.11067891e-01 4.16671425e-01 2.08390176e-01 2.70401746e-01
    6.04352057e-01 8.76040459e-02 9.49662805e-01 1.88044548e-01
    8.08885455e-01 6.67789221e-01 6.30491853e-01 9.23448563e-01
    2.49664277e-01 3.52362126e-01 9.41920638e-01 8.15068722e-01
    5.03381312e-01 2.16600180e-01 6.51568055e-01 9.61344838e-01
    9.60725784e-01 7.94703186e-01 5.08076906e-01 4.50845361e-01
    6.85304523e-01 1.50596201e-02 2.69216985e-01 3.79287332e-01
    5.51578522e-01 6.11184776e-01 9.74178672e-01 6.27471924e-01
    2.45701611e-01 5.16103745e-01 6.57933235e-01 8.35368991e-01
    8.44222128e-01 5.64575791e-02 4.44787681e-01 8.77430320e-01
    7.43041337e-02 1.20605469e-01 9.79483485e-01 5.73117375e-01
    3.59556973e-02 1.37389541e-01 6.89604163e-01 7.02676415e-01
    7.85227358e-01 1.23190522e-01 1.44178718e-01 3.92218798e-01
    4.39954817e-01 7.13457048e-01 6.20085001e-02 3.99745226e-01
    2.41395265e-01 5.51257730e-02 4.24092412e-02 3.82549733e-01
    3.48180830e-01 5.19168675e-01 9.43122566e-01 6.87368572e-01
    1.87855959e-02 7.93790102e-01 5.61796069e-01 4.68455851e-01
    6.80310249e-01 4.82563615e-01 7.55555034e-02 4.75170493e-01
    1.05289519e-01 1.63505584e-01 9.86985326e-01 6.27330244e-01
    6.41885936e-01 8.71856809e-01 6.74499571e-01 5.51185668e-01
    5.38113177e-01 6.40795946e-01 4.19656932e-02 7.62189746e-01
    4.32502270e-01 4.02310789e-02 7.90761352e-01 5.75868905e-01
    6.80279374e-01 4.54493046e-01 8.71859908e-01 8.21145892e-01
    5.04326940e-01 8.69625688e-01 3.72373879e-01 8.97371292e-01
    7.82359064e-01 6.71463668e-01 9.22768712e-01 5.67403615e-01
    5.97181320e-01 9.87612426e-01 4.65119064e-01 7.64199913e-01
    2.87371159e-01 1.53394610e-01 3.39070439e-01 9.22182083e-01
    4.66409683e-01 3.61625016e-01 7.47627139e-01 3.79001677e-01
    9.44741607e-01 4.89407957e-01 3.82277697e-01 3.49851906e-01
    3.92933488e-02 5.07746041e-01 6.58824086e-01 4.72318530e-02
    8.66139770e-01 5.14419436e-01 7.12997556e-01 6.48358464e-01
    6.23139262e-01 4.94474947e-01 5.13010383e-01 5.86968958e-02
    7.91595221e-01 3.73269141e-01 9.36472654e-01 3.37073684e-01
    1.88392818e-01 9.24635231e-02 7.11947441e-01 3.00283670e-01
    6.75465584e-01 5.98832846e-01 2.46947587e-01 6.34524167e-01
    1.16450280e-01 5.43231606e-01 4.94317859e-01 2.53838301e-02
    8.70016098e-01 2.02984095e-01 6.80640936e-02 4.57074195e-01
    2.32531697e-01 8.88419330e-01 3.42743903e-01 1.09060705e-01
    4.57543790e-01 5.43488085e-01 7.22825587e-01 7.89815545e-01
    9.14433002e-02 7.71077752e-01 3.10997576e-01 9.67067719e-01
    1.17799222e-01 3.56467605e-01 5.01657903e-01 9.72681940e-02
    1.74160659e-01 7.35851526e-01 4.40262139e-01 8.80253792e-01
    1.11152351e-01 8.70347738e-01 5.04609466e-01 4.77367878e-01
    6.35852575e-01 2.55528331e-01 4.30449009e-01 6.88309193e-01
    7.30006814e-01 8.03204894e-01 2.37664491e-01 7.50669599e-01
    3.42993736e-02 8.89708877e-01 8.71978045e-01 1.14684999e-01
    4.90165889e-01 5.46734214e-01 7.50218809e-01 3.65875423e-01
    2.19507039e-01 4.48677927e-01 2.87839890e-01 8.31184626e-01
    8.18673730e-01 7.64345765e-01 7.00600266e-01 1.01830870e-01
    8.24723661e-01 1.09016895e-04 9.56250548e-01 9.23192799e-02
    2.51198530e-01 6.27021372e-01 8.38110566e-01 1.92685515e-01
    2.95963287e-01 8.36130023e-01 8.19901943e-01 6.16917491e-01
    1.21616632e-01 3.93121988e-01 1.27347410e-02 4.87288088e-01
    6.46128356e-01 2.65123725e-01 7.57155299e-01 2.75483310e-01
    1.18509293e-01 9.44402814e-03 8.06073844e-01 9.26140785e-01
    2.27615446e-01 7.60533988e-01 2.74423361e-02 5.03462434e-01
    5.97021282e-01 5.97008049e-01 2.91265607e-01 7.00381398e-01
    6.79235637e-01 4.78475958e-01 3.91704708e-01 3.53660047e-01
    4.18592691e-02 1.71099037e-01 5.11595607e-01 3.23763043e-01
    9.62208271e-01 6.37430370e-01 8.36486876e-01 5.92243671e-01
    7.76284754e-01 1.33721530e-02 8.38539779e-01 3.91004592e-01
    3.33551884e-01 7.65264153e-01 1.76741838e-01 3.41305345e-01
    3.51277471e-01 6.01472676e-01 2.59669304e-01 4.76917982e-01
    6.88692629e-01 5.60589433e-01 6.29177988e-02 4.66601342e-01
    9.76698935e-01 1.52419269e-01 3.52606773e-01 2.91614592e-01
    9.42921638e-03 9.89193201e-01 9.89866912e-01 7.38031566e-02
    7.16888070e-01 4.67809737e-01 4.61097300e-01 3.61315727e-01
    9.23645377e-01 5.81573486e-01 6.39796019e-01 7.51729190e-01
    6.94574416e-02 9.75947142e-01 6.63962543e-01 4.88426387e-01
    7.01496899e-01 8.88216019e-01 3.06480706e-01 4.20234025e-01
    6.59537613e-01 3.74530613e-01 1.21253699e-01 1.57657713e-01
    8.99855733e-01 6.91908360e-01 8.67638946e-01 2.01174587e-01
    6.64533317e-01 3.47362369e-01 6.53606176e-01 4.79712754e-01
    8.95488143e-01 4.42144454e-01 8.86415720e-01 4.86768186e-01
    4.87824976e-01 5.00391364e-01 7.75205493e-01 3.31202984e-01
    1.55259013e-01 5.81372857e-01 4.27415311e-01 2.31032133e-01
    6.61582649e-02 1.98355556e-01 7.11273432e-01 3.66216063e-01
    7.00368047e-01 8.05215001e-01 5.88880539e-01 2.46742547e-01
    8.33506882e-01 1.05576932e-01 4.03575271e-01 8.18319678e-01
    7.61890292e-01 2.00957060e-03 7.86344349e-01 1.65795773e-01
    8.59558940e-01 7.60132134e-01 2.27001369e-01 4.05790627e-01
    3.38069379e-01 5.81630349e-01 7.41332531e-01 1.44754797e-01
    5.49217284e-01 8.17183495e-01 2.41624922e-01 2.39595175e-01
    5.62255025e-01 8.24397206e-01 5.84732234e-01 5.50431967e-01
    2.77626693e-01 4.91804928e-01 6.49596870e-01 8.99030447e-01
    8.00973773e-01 2.32837290e-01 1.77090853e-01 6.95575178e-02
    5.66002727e-02 3.97969842e-01 4.36780155e-02 9.33496833e-01
    3.63800138e-01 3.50759923e-01 7.91164041e-01 3.02469134e-01
    6.80906296e-01 4.36505467e-01 2.43420899e-01 5.50535917e-01
    1.00819468e-01 6.48577213e-01 2.24917978e-01 5.46580672e-01
    4.84920681e-01 6.98245645e-01 5.96366048e-01 8.29342604e-01
    7.64578521e-01 1.24482095e-01 4.45216358e-01 2.32451200e-01
    3.34331989e-01 4.75285411e-01 4.67394769e-01 1.88389242e-01
    6.35753155e-01 7.57569790e-01 6.93138957e-01 5.38863122e-01
    4.14676398e-01 7.65196919e-01 3.48012835e-01 5.91671944e-01
    4.29852903e-01 8.04003775e-02 4.69573557e-01 6.04645967e-01
    9.79238033e-01 9.17385221e-01 3.96625519e-01 3.12600136e-02
    6.62922859e-02 4.71854359e-01 7.74375439e-01 8.18318009e-01
    9.47595835e-01 5.10843813e-01 2.74230301e-01 4.56848592e-01
    5.51153421e-01 4.68289763e-01 9.62349653e-01 9.12192106e-01
    3.67602050e-01 2.99395293e-01 6.41452432e-01 9.64528263e-01
    7.73753881e-01 9.41045821e-01 4.28439081e-01 1.08933479e-01
    5.41315436e-01 8.17022800e-01 5.99457383e-01 6.06688976e-01
    9.20156956e-01 1.89106286e-01 6.41416192e-01 3.12424064e-01
    7.04766512e-02 7.60523379e-02 2.88250387e-01 5.14601290e-01
    2.60245860e-01 1.79339945e-02 7.84213305e-01 4.70702171e-01
    5.05732894e-02 9.03978169e-01 1.79540992e-01 2.88260162e-01
    6.73741102e-01 2.69293904e-01 7.94493258e-01 4.61055934e-02
    1.37135655e-01 9.97146189e-01 7.97404110e-01 2.13338822e-01
    7.01998174e-02 5.86361647e-01 1.13512635e-01 3.73279452e-01
    2.06099689e-01 4.16765839e-01 8.25175345e-02 1.12735808e-01
    6.66804552e-01 5.23942709e-03 2.44487405e-01 7.70251751e-01
    1.45111173e-01 6.14344895e-01 7.40061998e-01 1.34164602e-01
    3.09346229e-01 8.47530842e-01 8.27494323e-01 5.72835326e-01
    4.95750099e-01 9.94749665e-01 8.77320051e-01 4.15289700e-01
    5.51490784e-01 9.60942745e-01 4.27310467e-02 5.03439665e-01
    9.34146345e-01 1.72934741e-01 3.56872022e-01 4.04073000e-01
    7.80126691e-01 2.47290641e-01 3.24001968e-01 6.83320284e-01
    3.99285883e-01 7.96015799e-01 8.42002749e-01 8.14113617e-01
    9.37261045e-01 1.36280060e-01 2.83385277e-01 9.15836573e-01
    5.97021282e-01 5.97008049e-01 2.91265607e-01 7.00381398e-01
    6.79235637e-01 4.78475958e-01 3.91704708e-01 3.53660047e-01
    4.18592691e-02 1.71099037e-01 9.61407959e-01 5.69848776e-01
    7.70451665e-01 5.01430631e-02 5.57377696e-01 9.75316405e-01
    1.88367903e-01 2.72400349e-01 9.67158794e-01 7.51866341e-01
    2.20789224e-01 5.54106236e-02 7.80134559e-01 8.29095542e-02
    2.35287547e-02 2.32089490e-01 7.29021251e-01 2.75254369e-01
    3.74998540e-01 2.08000958e-01 8.25807154e-01 8.53491545e-01
    9.67433393e-01 9.20051932e-02 5.67571282e-01 3.02341908e-01
    7.68919706e-01 9.99310672e-01 3.29805732e-01 9.86010194e-01
    6.09957874e-01 9.40432489e-01 2.01573372e-02 8.74123693e-01
    9.94759798e-03 6.71625078e-01 6.87328577e-01 4.01265800e-01
    6.77763999e-01 7.40599871e-01 6.80703521e-02 6.43152356e-01
    7.33332276e-01 3.50338578e-01 2.55294681e-01 7.84376144e-01
    3.71625483e-01 9.15695429e-01 5.94956160e-01 9.48739648e-01
    1.40381485e-01 6.91413522e-01 5.49024403e-01 1.57515198e-01
    6.23641133e-01 9.32375789e-02 2.30613530e-01 6.90623999e-01
    7.97237396e-01 2.45213091e-01 6.43536329e-01 3.95395756e-02
    7.12755322e-02 8.56472850e-01 1.84546679e-01 1.43545061e-01
    1.33038819e-01 2.15229750e-01 6.30935848e-01 5.27921975e-01
    7.03537583e-01 7.25503683e-01 7.50642359e-01 3.53231549e-01
    4.21062410e-01 2.80082524e-01 9.41903055e-01 8.51591229e-01
    1.82748169e-01 3.01574230e-01 6.68412864e-01 9.81386185e-01
    5.14794648e-01 9.18635964e-01 2.06318200e-02 1.24967724e-01
    5.10555029e-01 8.00837636e-01 5.73320448e-01 2.40859956e-01
    5.43809116e-01 7.19374955e-01 3.24298024e-01 7.55384564e-01
    4.48905468e-01 9.78214383e-01 6.16662085e-01 5.59732258e-01
    4.90213722e-01 2.85609722e-01 5.14999270e-01 7.89257169e-01
    4.16768104e-01 5.11246026e-01 8.23138952e-02 7.16897666e-01
    2.50281751e-01 3.06579471e-03 6.42122030e-02 1.91958398e-01
    2.86399305e-01 5.83209097e-01 6.63730502e-03 8.15396667e-01
    6.80689394e-01 5.33363461e-01 5.02706587e-01 8.14949870e-01
    6.60000205e-01 1.19279146e-01 7.81170428e-01 8.44920516e-01
    1.30723208e-01 9.29626107e-01 2.57590979e-01 8.85195434e-02
    5.19515812e-01 6.83417559e-01 7.66357422e-01 2.98281491e-01
    7.85386562e-03 9.98982787e-02 2.05212444e-01 2.77861297e-01
    8.49314094e-01 6.47015274e-01 5.86410284e-01 1.09517902e-01
    7.62197375e-03 7.30193436e-01 7.01782584e-01 8.01748276e-01
    3.63934398e-01 1.03265703e-01 3.00575972e-01 4.33490187e-01
    3.68358314e-01 7.20213413e-01 8.49825859e-01 7.47803450e-02
    3.63329113e-01 1.51577711e-01 3.38769495e-01 6.84452951e-02
    2.66772091e-01 2.88346261e-01 2.44010895e-01 8.39428425e-01
    7.94373751e-01 4.88135397e-01 2.33829349e-01 1.62864745e-01
    4.72699225e-01 3.32636714e-01 7.51101732e-01 5.67899466e-01
    2.88044810e-01 5.76730907e-01 3.56631637e-01 2.95660913e-01
    3.19745004e-01 5.11665106e-01 3.55659246e-01 7.63570070e-02
    6.22208357e-01 2.38442242e-01 1.15444362e-01 7.25809932e-01
    6.20275855e-01 4.73589063e-01 6.63744450e-01 8.32345366e-01
    4.30639565e-01 2.03461081e-01 3.88335884e-02 8.28275323e-01
    7.95777142e-01 2.12445885e-01 3.06283355e-01 7.66527534e-01
    8.41407299e-01 7.52321899e-01 5.69210172e-01 1.97061896e-03
    2.97665596e-04 9.80212450e-01 4.52541590e-01 5.45835137e-01
    1.78209752e-01 8.69079351e-01 2.33128339e-01 1.77052617e-01
    4.82215583e-02 4.22507614e-01 5.08506179e-01 3.87271345e-02
    2.34056145e-01 4.69944775e-02 1.86428308e-01 3.02584708e-01
    2.90693641e-01 9.12426233e-01 7.89778233e-01 9.72433388e-01
    7.53226578e-02 5.59606314e-01 6.54175043e-01 3.14522445e-01
    1.05195642e-01 6.06609404e-01 6.47974133e-01 5.41863203e-01
    7.39866197e-01 1.67424351e-01 9.33603346e-02 9.73570228e-01
    9.12955284e-01 6.77512050e-01 6.69164062e-01 3.65570009e-01
    9.90436792e-01 7.88528085e-01 9.31599557e-01 1.18174225e-01
    9.14735079e-01 2.15185195e-01 5.16227484e-01 4.75889564e-01
    8.52911592e-01 5.21972060e-01 6.65941834e-03 8.90001655e-01
    9.60973382e-01 3.91002864e-01 9.37955260e-01 8.24621201e-01
    2.36538470e-01 2.64685869e-01 2.12293029e-01 9.58417594e-01
    6.84479952e-01 4.44322824e-01 9.29443002e-01 1.27878278e-01
    3.09743106e-01 3.06454659e-01 9.61407959e-01 5.69848776e-01
    7.70451665e-01 5.01430631e-02 5.57377696e-01 9.75316405e-01
    1.88367903e-01 2.72400349e-01 9.67158794e-01 7.51866341e-01
    2.68265605e-01 2.69529015e-01 8.67774010e-01 1.08037412e-01
    6.59320652e-01 8.63105536e-01 3.37189466e-01 6.09470606e-02
    9.27896976e-01 5.91815054e-01 8.21471870e-01 2.90802866e-01
    3.04450154e-01 4.70550388e-01 3.33173156e-01 3.46463054e-01
    5.59399426e-01 1.15537822e-01 6.15413189e-01 4.40337360e-01
    5.45761287e-01 3.53539258e-01 9.36597586e-01 1.48539871e-01
    3.40097845e-02 7.41044343e-01 4.73321289e-01 2.33848512e-01
    5.09897888e-01 4.24394965e-01 7.88743019e-01 5.47699332e-01
    1.10623628e-01 1.07446015e-01 1.59677476e-01 1.68451816e-01
    7.77434349e-01 6.47927999e-01 1.77727729e-01 3.89575362e-02
    2.71885812e-01 7.35796094e-01 6.85032845e-01 6.75659180e-01
    9.16976571e-01 3.10960412e-03 7.60265470e-01 7.45710194e-01
    5.63930869e-02 7.75131941e-01 2.04708040e-01 3.91920596e-01
    9.50667560e-02 9.64692831e-01 8.80558014e-01 5.51537871e-01
    1.10893130e-01 9.30235803e-01 5.91876984e-01 6.33729100e-01
    3.46130520e-01 9.77554977e-01 3.80383015e-01 8.37424397e-01
    1.92034870e-01 5.30335665e-01 8.58000159e-01 6.85320735e-01
    3.62755626e-01 7.47561455e-01 7.33408391e-01 3.71250421e-01
    5.09193540e-01 1.87795192e-01 9.80620742e-01 7.62001336e-01
    5.31035662e-02 1.74026221e-01 1.59457535e-01 3.28428298e-01
    2.37476498e-01 4.94953394e-01 5.73909402e-01 7.11941779e-01
    2.13727593e-01 8.08352709e-01 8.80385637e-02 3.62751484e-02
    5.54402471e-01 6.41093254e-01 1.11332923e-01 6.05025589e-02
    9.52582479e-01 3.90520096e-01 3.32931697e-01 5.87203205e-01
    7.85326719e-01 1.03139132e-01 7.69983411e-01 1.14799351e-01
    7.54498363e-01 9.67085660e-02 2.01407343e-01 4.81231004e-01
    6.02763057e-01 9.08066809e-01 2.73853898e-01 9.14521217e-01
    3.79483998e-01 8.78717422e-01 6.41871214e-01 8.05790722e-01
    1.51194632e-01 1.37501687e-01 1.25006914e-01 5.13663709e-01
    4.25906360e-01 4.03705835e-01 8.50035846e-02 9.69744682e-01
    1.18906260e-01 3.45838070e-02 6.97229505e-01 2.31797993e-01
    5.30799031e-01 9.59930658e-01 1.14299536e-01 9.48741913e-01
    3.26199383e-01 3.60907555e-01 6.16647720e-01 8.30073476e-01
    9.78242338e-01 4.84438539e-02 3.09713483e-01 5.34486771e-01
    1.41428024e-01 4.04590547e-01 8.87185991e-01 9.15550709e-01
    3.31808329e-02 5.85650265e-01 6.69413328e-01 3.63428891e-02
    3.98748815e-01 8.51537883e-01 6.26973987e-01 9.11328197e-02
    6.55866385e-01 8.04567933e-01 3.98138940e-01 4.36263710e-01
    8.66506219e-01 1.93946004e-01 3.67824197e-01 9.75037932e-01
    4.15773958e-01 7.36756206e-01 3.09263319e-01 1.33829683e-01
    3.28078985e-01 8.52511048e-01 5.65448999e-01 1.84124947e-01
    4.79489923e-01 7.38775313e-01 4.72467601e-01 9.70753670e-01
    8.94945383e-01 3.84250045e-01 4.46348637e-01 4.45203096e-01
    8.45474243e-01 2.96660066e-01 6.08479261e-01 7.82144785e-01
    7.33987927e-01 8.34918320e-01 4.10759658e-01 2.22102791e-01
    5.95627487e-01 5.38748741e-01 8.62692058e-01 5.34731686e-01
    9.98957634e-01 9.59782779e-01 9.85811234e-01 8.39950800e-01
    5.18959045e-01 7.74363279e-01 5.10908663e-02 4.28992510e-03
    1.50229990e-01 2.13684201e-01 5.24046779e-01 9.58550632e-01
    2.16450483e-01 1.90980136e-02 6.13472521e-01 3.37801516e-01
    6.52628839e-01 8.26257586e-01 3.77489805e-01 1.28683567e-01
    7.38572001e-01 4.33285177e-01 3.60139608e-02 4.29322600e-01
    4.19824183e-01 8.21617484e-01 1.82779133e-02 3.71965468e-01
    6.32654905e-01 2.16798276e-01 5.08999467e-01 6.86839938e-01
    7.12498724e-01 7.32730389e-01 9.54561830e-01 8.41885924e-01
    9.32666421e-01 2.15906203e-02 6.27534330e-01 5.65695882e-01
    2.69178927e-01 9.06908512e-02 1.96283221e-01 4.59173590e-01
    8.03149819e-01 8.52262139e-01 5.74220538e-01 2.87147582e-01
    2.02940285e-01 3.92065167e-01 6.88812971e-01 6.62606716e-01
    9.12360847e-02 2.87495553e-02 4.76628929e-01 2.17954189e-01
    4.04405236e-01 8.85009766e-01 5.82172096e-01 9.03993666e-01
    5.25906742e-01 2.24648714e-02 4.02224958e-01 1.89989597e-01
    7.01325774e-01 6.95343912e-01 8.61622632e-01 1.58281803e-01
    8.32491696e-01 1.76072687e-01 6.08778834e-01 4.29929137e-01
    2.68265605e-01 2.69529015e-01 8.67774010e-01 1.08037412e-01
    6.59320652e-01 8.63105536e-01 3.37189466e-01 6.09470606e-02
    9.27896976e-01 5.91815054e-01 9.66344118e-01 2.95167565e-02
    8.57750714e-01 3.41180563e-02 1.41298085e-01 3.96035016e-01
    9.71257925e-01 3.13239664e-01 9.18179154e-01 9.64733303e-01
    8.34134698e-01 1.00149989e-01 8.25275719e-01 2.24827260e-01
    5.90624630e-01 3.99939269e-01 8.90532851e-01 8.47723722e-01
    3.84347737e-02 6.98584378e-01 4.80113477e-01 4.05595005e-01
    5.81959724e-01 4.29092050e-02 7.11701810e-01 4.17922497e-01
    5.01930118e-01 2.75577456e-01 7.52413213e-01 1.40011728e-01
    7.25887179e-01 5.05177796e-01 4.90225405e-01 7.03382909e-01
    2.42906362e-01 5.72108567e-01 1.53389990e-01 7.57575393e-01
    8.27350140e-01 5.64148426e-01 4.16025221e-01 9.05064821e-01
    7.69773722e-02 7.41603911e-01 1.81823999e-01 3.52462411e-01
    7.43367612e-01 4.74927336e-01 6.18136168e-01 6.17715776e-01
    1.58502638e-01 9.21661854e-02 4.93433177e-02 8.52938890e-02
    8.28363299e-01 4.53835368e-01 1.84525102e-01 6.96143746e-01
    4.25754964e-01 1.16284221e-01 6.95045471e-01 2.97976792e-01
    7.87770271e-01 9.09744978e-01 1.92368746e-01 4.39888597e-01
    1.29049361e-01 1.69799924e-02 5.24855494e-01 3.33885312e-01
    7.85262823e-01 2.14324802e-01 6.08001471e-01 2.13574171e-02
    9.50611651e-01 5.96514285e-01 9.57797647e-01 7.13805854e-01
    6.70230567e-01 3.13235343e-01 4.61592436e-01 7.64383912e-01
    7.61613011e-01 8.52481365e-01 5.87065101e-01 1.63141578e-01
    4.53109831e-01 4.16583568e-01 5.39737284e-01 5.23600996e-01
    5.87266326e-01 2.13496119e-01 9.33205605e-01 8.20791543e-01
    9.73578811e-01 7.57997632e-01 2.64608920e-01 3.31826925e-01
    7.11377323e-01 2.50127017e-01 9.43343163e-01 3.56876493e-01
    4.79261428e-01 7.42272615e-01 5.43557346e-01 6.29061341e-01
    8.84104133e-01 9.28424418e-01 5.36570728e-01 9.98100519e-01
    2.50738740e-01 9.64520812e-01 5.68721592e-01 2.24438965e-01
    1.36923045e-01 2.05427170e-01 2.78369188e-01 3.87943238e-01
    6.42526031e-01 3.98241282e-01 4.15520161e-01 9.96611834e-01
    8.00305009e-01 7.50176191e-01 7.24294960e-01 7.04940259e-01
    8.91775727e-01 4.73452389e-01 9.25237179e-01 9.55327690e-01
    4.98635471e-02 9.25609291e-01 8.58513236e-01 5.71300745e-01
    9.04357314e-01 1.53931051e-01 7.45461524e-01 9.15411055e-01
    1.57830119e-03 9.64188635e-01 6.63553238e-01 8.10327768e-01
    7.99007535e-01 9.71832454e-01 4.58458424e-01 3.02965343e-01
    7.61135459e-01 9.86387610e-01 7.15119243e-02 2.91418731e-01
    4.12427187e-01 4.19717997e-01 9.68863726e-01 3.27945054e-01
    7.92480707e-02 1.53399259e-01 2.97019780e-01 2.63615847e-01
    3.86385739e-01 7.09118009e-01 2.89697468e-01 3.29114854e-01
    2.79776126e-01 9.49898601e-01 6.61387920e-01 4.99096185e-01
    7.03584194e-01 4.45765525e-01 3.14351797e-01 4.97275203e-01
    2.44649291e-01 4.59711552e-02 1.90839082e-01 2.23173767e-01
    5.59710503e-01 6.40644610e-01 1.54308856e-01 6.29649222e-01
    6.97661281e-01 2.45902836e-01 8.60591233e-01 9.83084202e-01
    5.26652336e-01 6.91174269e-01 2.18960464e-01 1.39387548e-02
    1.20413899e-01 7.24240780e-01 7.77068853e-01 5.40122807e-01
    2.28005648e-01 1.80702686e-01 4.84499097e-01 1.24370188e-01
    9.93134439e-01 7.58385539e-01 7.30981827e-01 7.75247037e-01
    9.22156811e-01 7.19836116e-01 3.46238971e-01 7.88934231e-01
    6.05188906e-02 4.21806395e-01 5.76670170e-02 6.72724843e-01
    2.02884972e-02 7.41128325e-01 5.15106082e-01 6.67871237e-01
    4.78676349e-01 9.77460861e-01 1.16046488e-01 8.37997794e-01
    4.10285145e-01 7.68740416e-01 9.44185495e-01 5.60260355e-01
    3.76507282e-01 2.57627368e-01 1.68556571e-01 9.67081785e-02
    5.99818170e-01 5.70199251e-01 6.07554495e-01 2.45706469e-01
    5.54795265e-01 5.58238089e-01 1.94379926e-01 9.37876463e-01
    8.41938436e-01 9.33994651e-01 1.04281604e-01 3.05629492e-01
    8.58451247e-01 7.95377254e-01 3.04923654e-01 3.28040242e-01
    3.16122472e-01 7.69861817e-01 4.42786038e-01 9.22548234e-01
    2.89185643e-02 8.80787849e-01 4.68080908e-01 6.43917561e-01
    7.57328629e-01 9.49257314e-01 2.90722668e-01 5.78043997e-01
    6.83536530e-02 7.46935248e-01 1.39762193e-01 8.48503470e-01
    6.29312992e-01 3.00780207e-01 9.66344118e-01 2.95167565e-02
    8.57750714e-01 3.41180563e-02 1.41298085e-01 3.96035016e-01
    9.71257925e-01 3.13239664e-01 9.18179154e-01 9.64733303e-01
    7.97006190e-02 2.26249129e-01 9.69955802e-01 6.38061643e-01
    6.23208404e-01 6.56023502e-01 6.32088900e-01 8.76109004e-01
    5.26065409e-01 4.52287436e-01 8.93238306e-01 4.73917782e-01
    1.67001307e-01 6.72533453e-01 9.77160931e-02 3.30773413e-01
    7.97315180e-01 1.69483274e-01 6.53276145e-01 7.45153069e-01
    5.31798482e-01 3.92000139e-01 4.45399582e-01 5.98583400e-01
    6.46319032e-01 3.13260615e-01 9.70672309e-01 3.31146955e-01
    1.42564237e-01 6.61600649e-01 7.22497940e-01 2.14196503e-01
    3.93747330e-01 8.48677874e-01 4.58586156e-01 7.39081502e-01
    6.71453178e-01 1.50245905e-01 7.88137436e-01 6.46346688e-01
    2.00075001e-01 8.46841812e-01 1.77861154e-02 2.26153404e-01
    8.90943587e-01 5.29342651e-01 7.08885014e-01 6.93929911e-01
    4.24204469e-01 2.58336693e-01 1.72155559e-01 1.27202123e-01
    1.98894173e-01 1.30946457e-01 6.75945640e-01 4.27698940e-01
    4.29173440e-01 3.17630500e-01 6.41644597e-01 1.71109468e-01
    1.19923294e-01 9.01408792e-01 5.59153378e-01 8.68038833e-02
    3.57591569e-01 7.69759834e-01 4.39897239e-01 3.17126870e-01
    6.65963888e-01 9.53383207e-01 8.80138338e-01 9.09738183e-01
    4.80936050e-01 6.83357835e-01 6.33444667e-01 4.97209907e-01
    5.73380351e-01 7.92089164e-01 1.10503167e-01 9.64413404e-01
    3.36092979e-01 1.26045495e-01 2.51723647e-01 9.67294097e-01
    7.08247602e-01 1.77956820e-02 8.62636089e-01 8.27980161e-01
    5.70628643e-01 9.41715956e-01 8.57181251e-02 1.73473030e-01
    3.51758063e-01 9.02123451e-02 1.91685557e-02 4.63421941e-02
    8.57523322e-01 1.36663586e-01 5.39344728e-01 9.78088975e-01
    9.53489900e-01 5.43107867e-01 3.70951682e-01 9.94786859e-01
    3.21697533e-01 8.40092659e-01 5.44847786e-01 7.32826591e-01
    3.01265061e-01 1.20475352e-01 7.02709556e-02 7.20674098e-02
    5.01281500e-01 1.65836334e-01 2.89619803e-01 7.79338062e-01
    9.26253438e-01 8.87008429e-01 6.26528680e-01 9.94946241e-01
    6.90822482e-01 5.46818197e-01 4.87085521e-01 6.19330823e-01
    2.85662055e-01 6.43690348e-01 8.28762770e-01 8.40152860e-01
    3.28217387e-01 4.14942801e-01 1.08191729e-01 3.60308230e-01
    3.11344564e-01 3.93388599e-01 7.02112377e-01 7.14347303e-01
    5.81414700e-02 5.88441670e-01 3.78647327e-01 5.67541182e-01
    1.48122996e-01 1.78444386e-02 9.82802749e-01 4.01651859e-01
    4.60061699e-01 4.17465270e-02 9.29485083e-01 3.33284020e-01
    9.31389630e-02 4.99947935e-01 4.28177774e-01 3.62718344e-01
    9.24127162e-01 3.99169862e-01 8.24201345e-01 9.49416518e-01
    8.90799463e-01 6.12743497e-01 1.52059019e-01 3.23843479e-01
    9.98055816e-01 8.00313354e-01 5.93961537e-01 4.78076100e-01
    5.83009958e-01 8.52801442e-01 9.31407750e-01 5.68081141e-01
    1.00778937e-02 3.29827070e-02 4.87661272e-01 9.52074766e-01
    1.90166146e-01 6.41770065e-01 3.73750895e-01 8.48347545e-01
    2.16479748e-01 3.36860120e-01 8.08137715e-01 6.69698954e-01
    7.12521553e-01 6.71277344e-01 1.13799214e-01 6.37472987e-01
    4.15382147e-01 7.46550143e-01 4.57665116e-01 4.94691879e-01
    9.05833602e-01 5.89328408e-02 4.06961739e-01 8.15305471e-01
    8.38948488e-01 2.09889174e-01 6.98520780e-01 6.15396798e-02
    9.69531119e-01 5.02932250e-01 5.46508610e-01 7.61501849e-01
    2.78561950e-01 5.02613544e-01 2.07258493e-01 8.09200406e-02
    2.71498203e-01 8.13372493e-01 2.95815349e-01 3.95966649e-01
    1.00389063e-01 6.64359212e-01 6.36136174e-01 5.94326854e-02
    5.60677826e-01 1.03784621e-01 7.78806865e-01 9.08222795e-01
    8.21775019e-01 3.40445936e-01 2.17683315e-01 4.86487240e-01
    8.13901305e-01 2.25270927e-01 4.44795698e-01 7.06057370e-01
    7.16873169e-01 5.47076464e-01 8.11296165e-01 5.50886929e-01
    1.59869313e-01 7.25691557e-01 2.51667738e-01 2.35425234e-01
    3.71491104e-01 2.19205409e-01 4.18909490e-01 4.16474879e-01
    6.65138304e-01 8.38065505e-01 2.26665288e-01 3.60094428e-01
    8.14310551e-01 3.71718526e-01 3.03993642e-01 3.85510027e-01
    6.31946564e-01 2.82967985e-02 2.85158426e-01 1.13421828e-01
    7.03617573e-01 6.65311158e-01 2.01197416e-01 8.77194107e-02
    9.79157746e-01 1.06874108e-01 8.06297064e-01 2.76845127e-01
    7.97006190e-02 2.26249129e-01 9.69955802e-01 6.38061643e-01
    6.23208404e-01 6.56023502e-01 6.32088900e-01 8.76109004e-01
    5.26065409e-01 4.52287436e-01 4.50692236e-01 9.98359740e-01
    5.20941019e-01 4.38388348e-01 2.01058209e-01 7.34530032e-01
    6.21018589e-01 1.06630921e-02 8.87510300e-01 7.80452669e-01
    5.36540747e-01 3.81022394e-02 4.02394950e-01 4.35750335e-01
    4.91322070e-01 4.72579986e-01 7.51502812e-02 9.99992132e-01
    8.24780345e-01 7.36402690e-01 7.05251992e-01 2.38879889e-01
    8.42428803e-01 8.82392824e-02 4.55751538e-01 5.63450396e-01
    6.57416642e-01 8.30478072e-01 3.94222200e-01 1.15062118e-01
    1.67253375e-01 2.04352319e-01 6.49949908e-03 9.86666679e-01
    9.29008007e-01 9.01961327e-01 2.46093243e-01 3.97498071e-01
    1.00346893e-01 3.02966148e-01 8.45380485e-01 5.86605966e-01
    3.12114596e-01 1.03503466e-04 7.18485117e-02 6.49090946e-01
    5.46957850e-01 7.35851228e-02 1.23130560e-01 7.86782265e-01
    5.00840008e-01 5.77045977e-01 1.61907226e-01 3.08292985e-01
    6.61727130e-01 2.77331769e-02 3.55153382e-01 5.19514084e-01
    3.69530916e-03 8.59383464e-01 2.58240342e-01 3.71011138e-01
    4.30618882e-01 4.44833428e-01 3.36970299e-01 8.17536712e-01
    5.51475286e-01 4.56238627e-01 7.72884667e-01 1.40402377e-01
    9.31093693e-02 1.63726389e-01 5.31934738e-01 7.00383663e-01
    7.15281725e-01 9.39212918e-01 6.36820138e-01 5.28377235e-01
    7.34278500e-01 5.93932569e-02 7.13748991e-01 1.57932103e-01
    2.62636900e-01 1.95872903e-01 6.30136549e-01 9.75141048e-01
    8.45705271e-01 4.98451799e-01 2.68628776e-01 8.52195024e-02
    7.27850258e-01 8.09469223e-01 5.09503126e-01 4.02396142e-01
    2.66930848e-01 7.90643990e-02 2.19992846e-01 3.36062431e-01
    8.12122166e-01 9.27761436e-01 4.73854154e-01 2.46906728e-01
    8.40691507e-01 3.42787504e-02 7.00030506e-01 5.68283558e-01
    5.92274785e-01 6.68201745e-02 8.37078810e-01 9.60161388e-02
    9.75058496e-01 3.61927271e-01 4.84266043e-01 4.35579121e-02
    9.71373916e-01 8.45814943e-02 3.79535079e-01 5.12961209e-01
    6.73140645e-01 2.09616601e-01 9.05777454e-01 9.32956457e-01
    1.07670277e-01 3.27862799e-01 6.09178424e-01 4.01020229e-01
    4.40572679e-01 4.56972450e-01 3.57377201e-01 3.77198994e-01
    7.29167759e-01 2.12008804e-01 7.04552531e-01 5.73284209e-01
    5.73388398e-01 6.53920174e-01 2.46293545e-02 1.74902052e-01
    9.54025924e-01 9.30614114e-01 5.33570707e-01 7.27428019e-01
    9.35446382e-01 8.99385810e-01 3.29925776e-01 3.87155563e-01
    4.71762389e-01 6.06741905e-02 9.17203665e-01 2.41921514e-01
    4.49848682e-01 6.16242647e-01 1.96978122e-01 7.63492286e-01
    4.61859792e-01 9.53544915e-01 1.89554662e-01 9.84508097e-02
    3.57376605e-01 1.59808397e-01 6.98413253e-01 6.06161654e-01
    3.98421913e-01 5.35795212e-01 9.26883817e-01 1.38598323e-01
    7.70286679e-01 9.32969809e-01 6.81389570e-01 6.55922055e-01
    3.90073955e-02 4.33862031e-01 3.74333054e-01 1.24903470e-01
    5.10764718e-01 6.03836834e-01 5.56469262e-02 8.41368556e-01
    4.86473352e-01 4.83144462e-01 8.88832211e-01 7.91465938e-02
    2.40026832e-01 8.95644009e-01 9.72587705e-01 7.44050860e-01
    9.46705878e-01 3.30615997e-01 1.81072056e-01 8.14901590e-02
    4.94754255e-01 1.14557058e-01 9.72080708e-01 6.17848516e-01
    8.27140033e-01 3.45930696e-01 4.34856802e-01 5.29954374e-01
    5.00950098e-01 3.52207929e-01 3.59004229e-01 6.01942480e-01
    9.81021643e-01 9.11324739e-01 9.02458906e-01 9.60654378e-01
    8.33638072e-01 2.62260437e-01 7.95785785e-01 4.71436262e-01
    3.21628392e-01 1.10161990e-01 4.30688381e-01 5.03594279e-01
    9.93985057e-01 2.09710002e-03 4.96168822e-01 1.89319551e-02
    3.58776778e-01 4.49158758e-01 7.31023014e-01 3.86048019e-01
    1.93172991e-02 6.24420643e-01 3.83909315e-01 8.73361707e-01
    4.68660563e-01 3.20463657e-01 1.14404112e-01 4.48724955e-01
    9.10967231e-01 8.59353960e-01 6.94710493e-01 1.40181124e-01
    3.63245666e-01 9.92672324e-01 8.80758524e-01 1.23425096e-01
    3.84001106e-01 3.35792065e-01 3.80127549e-01 4.34452772e-01
    6.27094388e-01 9.40226078e-01 3.66794050e-01 3.71035516e-01
    4.44926441e-01 7.86536455e-01 2.36436456e-01 8.15916240e-01
    9.09837484e-02 9.73410666e-01 2.80796617e-01 7.58743465e-01
    3.60275865e-01 4.32133555e-01 4.50692236e-01 9.98359740e-01
    5.20941019e-01 4.38388348e-01 2.01058209e-01 7.34530032e-01
    6.21018589e-01 1.06630921e-02 8.87510300e-01 7.80452669e-01
    9.72171128e-01 7.04517961e-01 5.18517375e-01 2.84576625e-01
    8.07570815e-01 5.26372254e-01 7.08303750e-01 2.60066867e-01
    7.20163286e-02 9.35296714e-02 9.03469086e-01 5.75255394e-01
    2.50219405e-01 6.87217951e-01 9.84230161e-01 6.95152402e-01
    3.11329782e-01 9.78950441e-01 2.44488984e-01 1.24593675e-01
    7.92487442e-01 9.28760767e-01 5.27799428e-01 5.24192452e-01
    4.10358727e-01 4.95494395e-01 9.70810354e-02 1.41496301e-01
    7.32382774e-01 7.60361135e-01 3.40055168e-01 1.34519666e-01
    2.98580348e-01 9.75962996e-01 7.19452977e-01 3.11172068e-01
    2.63733745e-01 7.45554268e-02 2.77284533e-01 4.41383600e-01
    6.68769956e-01 2.44433284e-01 1.01851225e-01 9.68413711e-01
    3.62618595e-01 4.14203107e-01 8.80732059e-01 7.47667611e-01
    5.51918805e-01 4.57652032e-01 7.45352745e-01 5.13235867e-01
    2.33826756e-01 2.33805776e-02 1.28517151e-02 7.21714497e-01
    8.82385850e-01 4.88937646e-01 6.25107527e-01 1.44082993e-01
    3.77442479e-01 3.21062356e-01 6.70071900e-01 8.36912394e-01
    7.00377047e-01 9.82450128e-01 1.07397527e-01 6.37692571e-01
    6.74714565e-01 6.14918768e-01 1.61287576e-01 1.52274430e-01
    3.32345366e-02 3.29903305e-01 7.76202440e-01 9.06698465e-01
    1.45217866e-01 5.03971577e-01 5.08833647e-01 5.51592290e-01
    8.42039049e-01 1.82812601e-01 7.44108856e-02 3.62426817e-01
    8.78294528e-01 5.01362979e-01 9.71398950e-01 2.81682074e-01
    5.96122205e-01 8.05252194e-01 2.34884918e-01 9.60802138e-02
    2.64279217e-01 5.49612045e-01 6.50451481e-02 3.62745881e-01
    7.54841685e-01 1.19796067e-01 4.09573436e-01 5.75472176e-01
    3.72443497e-01 4.48661238e-01 1.99606329e-01 2.81048536e-01
    7.52356112e-01 3.03153068e-01 3.60495239e-01 9.08744812e-01
    8.79859149e-01 5.38394153e-02 6.58097863e-02 1.90111041e-01
    7.78700590e-01 5.70174634e-01 9.13177252e-01 8.89379859e-01
    9.79117632e-01 9.69563723e-01 9.27495122e-01 1.52520686e-01
    9.68804240e-01 2.65250057e-01 5.67293227e-01 7.28287518e-01
    5.53558767e-01 1.91308320e-01 4.09445435e-01 4.28629309e-01
    4.29668963e-01 6.92238331e-01 9.11856771e-01 9.26045537e-01
    6.42605066e-01 1.52049422e-01 6.44420981e-02 9.84055698e-01
    5.93762279e-01 6.62698150e-02 9.10509109e-01 5.50128162e-01
    1.23727411e-01 1.56030416e-01 6.12442851e-01 6.08268559e-01
    9.88509595e-01 6.17599487e-02 4.25636828e-01 8.09301853e-01
    4.53164935e-01 1.04045808e-01 7.99974799e-01 9.41147447e-01
    1.67427063e-01 6.17141306e-01 7.28069663e-01 3.04253697e-01
    7.59659946e-01 7.97241151e-01 8.19755077e-01 5.12188137e-01
    5.13540149e-01 3.93800974e-01 7.12884426e-01 9.41896081e-01
    6.00994468e-01 3.87271523e-01 5.57398498e-02 8.29868317e-01
    5.48921525e-02 3.59779596e-03 8.72197211e-01 3.07195604e-01
    9.06787217e-01 2.80688822e-01 1.71097904e-01 2.81628549e-01
    3.81951958e-01 3.49950254e-01 5.56221008e-01 4.95253861e-01
    8.16037893e-01 6.72080874e-01 8.92203748e-02 1.69797629e-01
    2.59175062e-01 4.63693947e-01 9.16600406e-01 6.20202839e-01
    3.77475858e-01 1.71003401e-01 6.74676120e-01 5.21063805e-01
    2.80917645e-01 3.24241042e-01 1.42014027e-02 9.00781274e-01
    8.94979239e-02 3.33814412e-01 7.79085457e-02 3.67957115e-01
    4.73827422e-01 7.73690939e-01 5.37447333e-01 3.72286618e-01
    8.67598772e-01 8.21784437e-01 2.40939945e-01 7.19491839e-02
    4.81766164e-01 8.36064517e-02 5.20148456e-01 5.12830436e-01
    1.12629503e-01 7.84792781e-01 2.94154227e-01 7.73934245e-01
    8.47095966e-01 2.98606098e-01 2.39297360e-01 7.64128685e-01
    1.48167104e-01 2.84739703e-01 1.67543888e-02 8.83374810e-01
    1.91394597e-01 5.31138599e-01 5.56525886e-01 8.94472957e-01
    8.55941534e-01 4.47943509e-02 5.57695925e-01 1.21657550e-01
    4.98867661e-01 9.83889341e-01 3.84165645e-02 6.40883386e-01
    9.17689145e-01 2.39507049e-01 2.55034864e-01 5.18935204e-01
    5.58850110e-01 3.84366006e-01 2.30237037e-01 3.39560986e-01
    9.07368004e-01 1.28281832e-01 1.82284713e-01 3.78037035e-01
    2.17644721e-01 4.38983262e-01 3.74629796e-02 5.02267301e-01
    9.40375805e-01 4.42737281e-01 5.77986956e-01 1.94575340e-01
    9.72171128e-01 7.04517961e-01 5.18517375e-01 2.84576625e-01
    8.07570815e-01 5.26372254e-01 7.08303750e-01 2.60066867e-01
    7.20163286e-02 9.35296714e-02 9.77167189e-02 5.17038226e-01
    9.48946118e-01 2.81229913e-01 4.88677412e-01 4.94080275e-01
    8.47249925e-02 3.27143520e-01 4.64588284e-01 1.98114216e-02
    9.52075720e-01 8.79192472e-01 2.43306577e-01 8.61512482e-01
    3.27652752e-01 1.14737779e-01 6.51078820e-02 3.93853754e-01
    5.90791583e-01 3.79238188e-01 4.08956766e-01 5.31372488e-01
    7.92678118e-01 4.43794131e-01 2.19127834e-02 8.80932033e-01
    2.65618652e-01 8.52221727e-01 9.62149441e-01 6.39408529e-02
    8.99722040e-01 6.80671453e-01 8.10823917e-01 2.60848403e-02
    3.18842232e-01 8.14791083e-01 8.01508367e-01 5.57364821e-01
    1.68274611e-01 9.20763314e-02 1.28779262e-01 6.28849149e-01
    6.17202103e-01 1.25592560e-01 8.22768152e-01 2.64307022e-01
    4.58514810e-01 3.15248668e-02 9.06736135e-01 3.32053304e-01
    2.22245336e-01 3.61749768e-01 3.85325253e-01 2.04742610e-01
    1.71224654e-01 9.20303881e-01 9.92607355e-01 3.20222616e-01
    5.78542769e-01 2.99582958e-01 7.32401371e-01 5.00856280e-01
    9.09155905e-01 7.91963339e-02 6.15537703e-01 3.20763499e-01
    7.72382259e-01 2.81216383e-01 6.54887736e-01 1.10049576e-01
    8.61737847e-01 3.95479500e-01 1.25867218e-01 9.35505390e-01
    5.96372426e-01 7.39064813e-03 6.41775131e-01 6.35940969e-01
    6.13012910e-03 3.00038159e-01 1.79897249e-02 2.41259933e-01
    4.09010291e-01 8.08065653e-01 4.43154395e-01 7.34326959e-01
    3.79941761e-02 2.61761069e-01 9.22940373e-01 9.97861862e-01
    8.48659873e-03 1.48286819e-02 9.35010672e-01 4.93283242e-01
    2.95263708e-01 7.12920547e-01 9.21895862e-01 6.78477049e-01
    6.16886973e-01 8.44666958e-01 6.61224306e-01 4.82495874e-01
    4.96833324e-02 8.05201650e-01 7.35982418e-01 9.17169452e-01
    7.35235751e-01 2.73660600e-01 9.14096951e-01 5.05191803e-01
    4.64222908e-01 8.88832808e-01 9.27852690e-01 3.33291829e-01
    8.02355230e-01 6.99080229e-01 4.73244190e-01 7.66053140e-01
    9.48653698e-01 4.40964907e-01 3.52501899e-01 3.33616138e-03
    6.93139672e-01 5.06852031e-01 8.28708291e-01 1.54256999e-01
    6.68242395e-01 3.24933410e-01 8.41628969e-01 5.01415968e-01
    3.31207275e-01 2.64411926e-01 4.02518868e-01 6.25378489e-02
    6.54636383e-01 2.62658417e-01 3.96039099e-01 6.98294044e-01
    9.57749248e-01 3.93209606e-01 8.33129942e-01 3.02954197e-01
    7.28144705e-01 4.10726666e-03 2.01723009e-01 2.23477870e-01
    5.78257084e-01 9.76248384e-01 5.56192398e-01 2.81149328e-01
    4.03797388e-01 2.96140999e-01 3.14574838e-02 7.09398389e-01
    7.41847336e-01 4.06116009e-01 6.96534872e-01 1.85500234e-01
    2.34600395e-01 7.66773164e-01 7.55612969e-01 3.42160642e-01
    2.83474267e-01 8.81880999e-01 6.07642829e-01 8.90850127e-01
    6.54024720e-01 2.04957724e-01 5.52917480e-01 6.42097712e-01
    7.81068981e-01 6.55041277e-01 7.91222930e-01 6.21579766e-01
    2.98013985e-01 6.77605748e-01 4.02707100e-01 9.43456769e-01
    3.53060097e-01 5.23098886e-01 6.12957835e-01 2.13902354e-01
    2.97786474e-01 2.33348042e-01 9.62522507e-01 4.02317107e-01
    5.34128129e-01 2.47660279e-03 8.54552984e-01 3.06961298e-01
    2.81342328e-01 9.37276959e-01 4.56287742e-01 1.12261891e-01
    6.86231315e-01 4.83033061e-01 2.48961419e-01 3.47883761e-01
    8.48799050e-02 2.57775068e-01 9.69013214e-01 6.52693033e-01
    8.65972877e-01 4.15299654e-01 8.91184449e-01 8.87413859e-01
    8.58727932e-01 7.82463551e-02 1.77452713e-01 2.20246017e-01
    9.19582009e-01 3.91254306e-01 6.33350194e-01 2.77559459e-01
    6.24985993e-02 1.80759430e-01 8.31952333e-01 2.23515391e-01
    8.43412220e-01 9.46286738e-01 6.63190484e-01 4.75467652e-01
    5.95548391e-01 2.96184719e-02 5.77571988e-03 4.21329588e-01
    9.84491229e-01 5.81002831e-01 4.61963981e-01 2.26669073e-01
    2.17933953e-02 5.66888750e-01 4.55546916e-01 4.21711773e-01
    8.81988406e-01 8.92889023e-01 4.71262544e-01 5.00575602e-01
    4.08922970e-01 2.87302405e-01 4.39478159e-01 4.25290704e-01
    9.12808478e-02 3.25990617e-01 6.88030720e-01 3.37792039e-01
    3.26792449e-01 5.59003413e-01 8.30042243e-01 2.40578324e-01
    1.03557378e-01 1.09738231e-01 1.73874319e-01 9.51526403e-01
    2.49296606e-01 5.79708815e-02 9.77167189e-02 5.17038226e-01
    9.48946118e-01 2.81229913e-01 4.88677412e-01 4.94080275e-01
    8.47249925e-02 3.27143520e-01 4.64588284e-01 1.98114216e-02
    5.93207419e-01 2.96183467e-01 2.11046576e-01 7.39089549e-02
    2.78770745e-01 6.04529858e-01 3.62464815e-01 2.10911006e-01
    8.11509192e-02 7.36270070e-01 3.04018706e-01 9.49094236e-01
    9.18760300e-01 8.21936548e-01 2.69274205e-01 5.59669375e-01
    3.53397667e-01 4.61659461e-01 4.76041168e-01 9.66992378e-02
    3.02336633e-01 2.15567231e-01 3.71031731e-01 5.14130414e-01
    1.83574557e-02 7.75830269e-01 4.12439197e-01 7.22630978e-01
    3.22701246e-01 6.65764213e-01 6.06622458e-01 5.43290377e-02
    1.15903378e-01 1.40469283e-01 2.98721194e-02 3.68542373e-01
    6.28790021e-01 3.74320686e-01 8.93154442e-02 5.07479727e-01
    7.08499134e-01 9.83009577e-01 1.05871111e-01 3.57927442e-01
    8.61205041e-01 2.91719258e-01 1.15249544e-01 6.02440715e-01
    8.67569149e-01 7.76660204e-01 7.04450846e-01 8.56842399e-01
    1.39104128e-02 9.43338275e-02 3.77237469e-01 6.97439849e-01
    5.43029666e-01 5.36149442e-01 5.52475691e-01 3.20906669e-01
    2.47046947e-01 8.80898476e-01 2.24414170e-02 4.66661960e-01
    5.39719343e-01 2.23429143e-01 3.98109704e-01 3.90869081e-01
    3.39294374e-01 2.54912555e-01 8.62753034e-01 7.10785210e-01
    2.69585550e-02 3.45553190e-01 2.68912613e-02 5.16983271e-02
    1.06856167e-01 8.03123593e-01 4.47972357e-01 1.30283833e-02
    7.30404556e-01 5.11835873e-01 8.38615179e-01 3.37585807e-01
    9.39327121e-01 4.06460613e-01 8.71056080e-01 1.46028310e-01
    1.23850614e-01 5.34685791e-01 5.04199564e-01 3.60685587e-02
    3.95086884e-01 7.74580657e-01 2.20162302e-01 5.26808381e-01
    4.86656517e-01 2.80150652e-01 1.99016035e-01 1.14608109e-01
    6.24475777e-02 3.75719577e-01 6.43643379e-01 2.00395226e-01
    1.61131054e-01 8.11540008e-01 3.08906674e-01 7.23267198e-01
    9.14114833e-01 9.19177115e-01 4.42294419e-01 3.66671264e-01
    3.95321906e-01 4.64122415e-01 1.97182477e-01 5.59220135e-01
    7.80695558e-01 5.99434257e-01 5.63971758e-01 9.91063595e-01
    4.33355808e-01 6.59790158e-01 5.53401351e-01 2.61403084e-01
    7.00989127e-01 3.50308001e-01 9.28034663e-01 5.08110106e-01
    1.01093411e-01 5.39962888e-01 2.78659195e-01 2.53950059e-01
    2.67648697e-01 8.73226523e-02 1.35688066e-01 1.55813068e-01
    7.62814999e-01 5.82547247e-01 5.97423613e-02 1.22010112e-01
    2.05692053e-01 9.55491662e-01 3.02058458e-01 2.35717088e-01
    9.10256743e-01 6.84788942e-01 5.26855290e-01 2.21605629e-01
    5.56315780e-01 2.15441674e-01 7.95196176e-01 3.91590804e-01
    6.07494235e-01 7.42550313e-01 4.72091675e-01 1.46192580e-01
    9.23607349e-01 2.81868756e-01 8.06269526e-01 2.14276314e-02
    4.58132207e-01 4.81623977e-01 8.57013583e-01 7.05978990e-01
    1.23069018e-01 9.90160286e-01 5.22259831e-01 4.23778892e-01
    3.44488621e-01 3.05458963e-01 2.07047760e-01 9.07004952e-01
    3.79015863e-01 1.81356728e-01 2.05885887e-01 9.80793118e-01
    7.25296855e-01 9.53403831e-01 2.40924567e-01 4.07014191e-01
    5.21430552e-01 5.67004323e-01 3.20631653e-01 8.43668878e-02
    5.79929173e-01 6.92154169e-01 8.92260671e-01 5.80046177e-01
    4.97855425e-01 6.28472805e-01 2.32616037e-01 2.95859098e-01
    3.63530636e-01 7.00048923e-01 3.82301211e-03 7.09120154e-01
    1.68280602e-01 3.67133200e-01 6.94294274e-02 9.56786394e-01
    8.83252621e-01 6.94475889e-01 6.87068105e-01 4.77899581e-01
    9.06665027e-01 8.79240036e-03 4.75651979e-01 1.33567065e-01
    4.80714619e-01 1.38807684e-01 2.62052000e-01 5.81208646e-01
    1.94924474e-01 1.69970602e-01 6.99978232e-01 5.51646650e-01
    5.51039279e-02 2.02368945e-01 8.99055779e-01 1.47829145e-01
    3.43340904e-01 2.50156999e-01 9.47381854e-01 7.23613322e-01
    2.57501602e-01 9.22946036e-02 3.68649423e-01 9.96836364e-01
    3.04403603e-01 8.08678746e-01 5.12564540e-01 5.02589345e-03
    2.00873077e-01 9.25312757e-01 5.96205711e-01 9.00658250e-01
    4.49820340e-01 3.30092609e-02 8.78429413e-03 6.83635890e-01
    4.92349148e-01 2.27084935e-01 1.07918322e-01 6.86036766e-01
    8.72252345e-01 8.83098722e-01 3.27429831e-01 9.41682935e-01
    1.00024015e-01 2.83360392e-01 9.92133260e-01 1.92101091e-01
    6.18062913e-01 9.33942199e-03 5.90366542e-01 2.70113915e-01
    5.93207419e-01 2.96183467e-01 2.11046576e-01 7.39089549e-02
    2.78770745e-01 6.04529858e-01 3.62464815e-01 2.10911006e-01
    8.11509192e-02 7.36270070e-01 1.94276959e-01 2.27947354e-01
    1.11632228e-01 3.73602509e-01 4.95737970e-01 5.89715719e-01
    4.46900249e-01 4.37048912e-01 7.15911388e-02 8.25047851e-01
    8.72553587e-01 4.74632591e-01 2.15721160e-01 4.32177097e-01
    1.55660063e-01 3.86476129e-01 2.78391540e-01 6.58969879e-01
    9.18140650e-01 8.95615101e-01 7.53069460e-01 8.12052608e-01
    4.67993140e-01 1.59312248e-01 9.24306273e-01 4.35875744e-01
    8.05527627e-01 4.47075725e-01 8.37608218e-01 4.17517304e-01
    7.23530352e-02 1.79313362e-01 5.13723969e-01 5.96545160e-01
    3.10323536e-01 8.18294048e-01 9.24107075e-01 9.16890264e-01
    9.28029358e-01 9.87070799e-01 8.92883539e-03 5.95271170e-01
    3.58182967e-01 4.85163897e-01 4.86465096e-02 1.42693698e-01
    8.51863027e-01 9.53818262e-02 3.09787989e-01 2.63132453e-02
    3.21430892e-01 8.76737475e-01 2.15844035e-01 7.74550378e-01
    8.98963273e-01 6.01472616e-01 2.10053980e-01 3.60700190e-02
    6.29076779e-01 1.30666107e-01 1.20417029e-01 8.97927403e-01
    5.38949013e-01 7.77416587e-01 3.60339880e-03 5.74495435e-01
    5.35416722e-01 7.17245281e-01 5.99359214e-01 1.30516231e-01
    3.06547403e-01 6.36308968e-01 1.54524118e-01 9.43781734e-02
    2.47830987e-01 4.43639606e-01 8.79182577e-01 5.27379632e-01
    3.79020303e-01 2.28846908e-01 9.31615174e-01 8.40283513e-01
    2.66269743e-02 8.03776503e-01 8.13329697e-01 9.76386070e-01
    8.10848176e-01 5.12692571e-01 2.59612381e-01 8.64179015e-01
    4.46835995e-01 6.95534468e-01 7.57013559e-01 4.32005107e-01
    7.31238246e-01 7.52668679e-02 2.33020514e-01 3.39816898e-01
    8.81526113e-01 9.06835437e-01 2.38221675e-01 5.22951126e-01
    5.09860516e-01 5.47945201e-01 8.45274866e-01 5.84309459e-01
    6.70579374e-02 3.12249541e-01 4.07042921e-01 1.49504513e-01
    7.89546669e-01 8.01461220e-01 2.83012480e-01 2.50727475e-01
    9.59609449e-01 5.58108747e-01 2.57215023e-01 4.45789009e-01
    7.71635115e-01 2.80528605e-01 2.67913520e-01 3.75929475e-02
    3.58802259e-01 1.98582172e-01 6.90629005e-01 8.07923377e-01
    7.95382857e-02 2.08090574e-01 2.07705021e-01 8.20771933e-01
    8.69248033e-01 7.90265739e-01 8.16364527e-01 2.29053378e-01
    3.02248359e-01 2.17667162e-01 1.95083112e-01 3.02580327e-01
    3.71998608e-01 2.67159939e-03 6.17184460e-01 1.67409688e-01
    6.42399192e-02 8.80643249e-01 3.28160048e-01 9.83680964e-01
    3.04478854e-01 9.11331177e-01 8.95556092e-01 4.94415015e-01
    1.14547729e-01 4.18812931e-02 3.98979962e-01 8.55652153e-01
    2.90781558e-01 6.69409454e-01 8.95671844e-01 8.30556750e-02
    1.68756783e-01 9.95897889e-01 1.45745069e-01 8.16902220e-02
    3.66872728e-01 7.11500287e-01 1.22771740e-01 9.74897265e-01
    6.44718468e-01 7.69633770e-01 7.89559841e-01 7.62118697e-01
    7.94347525e-01 8.29707384e-01 9.66514587e-01 5.76841235e-01
    4.52479035e-01 8.98923039e-01 3.34159970e-01 5.63257217e-01
    9.32016373e-01 4.88094985e-01 3.38387012e-01 3.00388783e-01
    2.38456249e-01 2.08202302e-02 7.20724702e-01 8.89499784e-01
    4.56206113e-01 7.59618700e-01 3.59693110e-01 2.58584917e-02
    7.85214186e-01 4.42675263e-01 4.00880426e-01 4.30815220e-01
    6.88209176e-01 4.30257589e-01 3.18214685e-01 3.28120947e-01
    1.60840452e-01 6.15586281e-01 4.71195579e-01 9.24356222e-01
    1.72929466e-02 4.37929630e-02 6.15615427e-01 6.78783417e-01
    4.33366746e-01 7.02297449e-01 6.29103780e-01 9.65211093e-02
    5.43220460e-01 2.06485450e-01 1.73085630e-01 5.85017562e-01
    1.75537676e-01 5.94077468e-01 6.78530455e-01 6.15293086e-02
    1.10480011e-01 7.28336871e-01 2.79572904e-01 3.57149243e-02
    8.94735932e-01 5.14139116e-01 7.65372396e-01 1.84175670e-01
    8.99324894e-01 5.23522258e-01 8.22192788e-01 8.87516260e-01
    6.61682189e-01 7.74808109e-01 1.87821269e-01 4.13950533e-01
    3.32434297e-01 2.55633056e-01 6.96291268e-01 4.11188364e-01
    5.00532568e-01 6.11500859e-01 1.58849955e-01 5.78785002e-01
    5.61093569e-01 2.91326344e-01 5.20105302e-01 6.32632554e-01
    3.27560782e-01 6.88915730e-01 8.94308686e-01 3.10486853e-01
    4.83414263e-01 2.59792089e-01 5.17509937e-01 4.99065965e-01
    3.93074602e-01 8.05350900e-01 1.94276959e-01 2.27947354e-01
    1.11632228e-01 3.73602509e-01 4.95737970e-01 5.89715719e-01
    4.46900249e-01 4.37048912e-01 7.15911388e-02 8.25047851e-01
    3.73986065e-01 5.55993021e-01 9.43705916e-01 3.33038270e-01
    2.01370865e-01 9.61033344e-01 5.58191240e-01 5.15902877e-01
    7.99853802e-02 2.70997912e-01 4.19051409e-01 8.64712894e-01
    5.51878333e-01 4.16430235e-01 4.89374787e-01 1.99600369e-01
    4.65607047e-02 4.51472700e-01 8.56074095e-01 6.23768330e-01
    2.54495323e-01 8.43951464e-01 5.10028005e-01 8.41826975e-01
    9.23778534e-01 7.74404466e-01 7.22383142e-01 2.87009001e-01
    2.84633040e-02 5.84307611e-02 3.71871352e-01 4.61087883e-01
    2.08599210e-01 8.47121894e-01 7.64718354e-01 1.73051953e-01
    4.69798595e-01 7.69971728e-01 3.57730627e-01 4.29739684e-01
    5.57525158e-01 4.10881191e-01 4.86525148e-01 1.44896328e-01
    2.38782674e-01 8.48350883e-01 1.33173615e-01 5.83442330e-01
    5.20965576e-01 3.25833946e-01 5.46927214e-01 4.58210558e-01
    4.66602325e-01 3.84937465e-01 4.80026305e-01 2.21445560e-01
    9.31161880e-01 9.16466355e-01 2.07942128e-01 8.12694430e-01
    8.75100791e-01 3.15124154e-01 6.21690750e-01 4.52152938e-01
    1.13947719e-01 3.14593315e-04 7.68339038e-02 8.50819170e-01
    3.59679192e-01 7.22496688e-01 8.11894298e-01 2.28189945e-01
    5.52939296e-01 2.24139303e-01 8.93307090e-01 5.35903335e-01
    1.96794093e-01 3.87617409e-01 5.76631904e-01 8.79179955e-01
    7.32111037e-01 3.11554223e-01 3.88470590e-02 6.79170132e-01
    3.93647105e-01 1.30535960e-02 6.56887472e-01 5.12765408e-01
    2.89906353e-01 9.01262939e-01 8.92530918e-01 3.96127701e-01
    9.49247539e-01 9.09954190e-01 8.34727883e-01 4.24300343e-01
    8.18872929e-01 2.34316081e-01 2.74994195e-01 9.48183179e-01
    5.21252036e-01 9.69153404e-01 1.22989774e-01 2.36259341e-01
    6.84848249e-01 4.52857107e-01 1.07049942e-01 2.46059746e-01
    1.69839889e-01 9.64521587e-01 6.75515234e-01 3.76093626e-01
    4.14218098e-01 7.42639303e-02 8.71656537e-02 4.22900110e-01
    6.31964684e-01 6.05670333e-01 5.38228989e-01 2.75272429e-01
    9.74029899e-01 3.75259608e-01 5.77064216e-01 5.93934178e-01
    6.14247262e-01 9.28130388e-01 5.36092043e-01 1.49221361e-01
    3.00217569e-02 7.75313914e-01 1.45376265e-01 6.90926850e-01
    3.71455371e-01 7.97109008e-01 1.85717642e-02 3.14563215e-01
    7.00558782e-01 5.60604334e-02 6.65667117e-01 8.15198302e-01
    2.28533298e-01 7.93034554e-01 7.36975074e-01 7.87683308e-01
    4.72144157e-01 3.58881116e-01 5.04839957e-01 4.65787143e-01
    2.71478951e-01 3.62930238e-01 7.04332590e-01 6.91245317e-01
    7.45687962e-01 5.61019480e-02 8.31842184e-01 1.39653862e-01
    5.46087503e-01 1.40036374e-01 1.82340384e-01 9.85584736e-01
    7.29598999e-01 1.64671183e-01 1.78398550e-01 2.10811824e-01
    8.59715700e-01 5.76879919e-01 2.88803130e-01 2.54428864e-01
    6.83190584e-01 2.79379785e-02 4.19175804e-01 4.08857226e-01
    5.22045612e-01 2.08757579e-01 1.26407266e-01 4.51778948e-01
    9.77072716e-01 6.54805541e-01 4.28433448e-01 9.77782249e-01
    9.15047288e-01 6.97407603e-01 8.99622440e-01 6.70859098e-01
    8.49850893e-01 2.33653724e-01 3.77777517e-02 1.76859379e-01
    7.30477929e-01 1.09025449e-01 9.49236095e-01 3.32319349e-01
    8.72183800e-01 6.89304471e-02 4.35240567e-02 4.94583845e-02
    8.57815146e-01 8.07943940e-01 2.97306597e-01 3.73436213e-01
    2.22663194e-01 7.22355127e-01 6.77130699e-01 3.09097946e-01
    3.39629173e-01 4.85516608e-01 8.40033352e-01 6.37589097e-01
    3.29627633e-01 1.89286947e-01 7.69398272e-01 3.36583048e-01
    9.27332342e-01 1.45845562e-01 7.80001938e-01 1.87654912e-01
    2.94296592e-01 2.53036320e-02 8.27733636e-01 3.33405733e-01
    1.57386065e-04 8.35200250e-01 9.60822105e-01 7.05145121e-01
    8.66863728e-01 1.08086407e-01 1.00207418e-01 3.53484899e-01
    9.91635084e-01 2.60676146e-02 4.82768714e-01 7.82924533e-01
    5.27967215e-02 5.83179891e-01 8.17068934e-01 6.15401626e-01
    9.37853694e-01 3.97910833e-01 5.56012928e-01 9.29273963e-02
    2.66063750e-01 6.83152914e-01 9.12936270e-01 9.29387391e-01
    9.59875822e-01 3.09904516e-01 2.93726861e-01 4.42064881e-01
    2.34104514e-01 1.25950068e-01 8.28789055e-01 9.24221992e-01
    6.37878180e-01 7.82548666e-01 6.59553230e-01 5.09529591e-01
    3.73986065e-01 5.55993021e-01 9.43705916e-01 3.33038270e-01
    2.01370865e-01 9.61033344e-01 5.58191240e-01 5.15902877e-01
    7.99853802e-02 2.70997912e-01 6.13923609e-01 8.15566659e-01
    1.63064569e-01 4.36632574e-01 7.58851171e-01 4.48041975e-01
    2.64429748e-02 8.85185838e-01 2.12759554e-01 8.98643613e-01
    1.81543648e-01 5.01779675e-01 2.09882081e-01 1.18550956e-01
    2.62627453e-01 9.33261216e-02 3.65266711e-01 9.47072744e-01
    9.42254245e-01 4.17126566e-01 1.80503339e-01 5.20797312e-01
    7.30958939e-01 3.07789981e-01 1.61765039e-01 1.10995442e-01
    1.97648406e-02 8.04417312e-01 2.62576342e-01 4.37164038e-01
    5.03250360e-02 6.86952174e-01 5.95374763e-01 6.26317978e-01
    4.92493331e-01 8.24420214e-01 8.81288290e-01 8.60246778e-01
    2.72466242e-02 9.24363494e-01 4.61483181e-01 8.30213130e-01
    3.30273718e-01 2.88105011e-01 7.61763334e-01 6.92257881e-01
    6.02408528e-01 5.99959016e-01 8.79911125e-01 4.54623282e-01
    1.42195046e-01 9.94378328e-01 3.16254675e-01 5.80781400e-02
    4.55238581e-01 2.80466795e-01 4.66625720e-01 3.36292088e-01
    3.76048863e-01 3.76868159e-01 5.96938193e-01 2.50155985e-01
    1.56335235e-02 6.37444556e-02 8.22013497e-01 9.73691702e-01
    6.57080233e-01 3.82473528e-01 1.98924065e-01 5.51710248e-01
    5.22127450e-01 3.70136559e-01 1.58226252e-01 2.54950017e-01
    3.69458467e-01 5.03763378e-01 1.75915360e-01 4.64151978e-01
    2.52728760e-01 5.68193495e-01 6.62685513e-01 8.84075463e-01
    4.94132042e-02 5.03155529e-01 6.97265148e-01 6.03871465e-01
    9.43570971e-01 1.91455781e-02 5.73558271e-01 8.82900059e-01
    2.21331567e-01 9.58366632e-01 4.41233635e-01 3.55799854e-01
    6.87553644e-01 4.10743445e-01 9.72912252e-01 4.82207388e-01
    7.60863841e-01 6.42006278e-01 7.30069637e-01 6.14810824e-01
    1.36843622e-02 1.20625347e-01 1.10953152e-02 4.56108391e-01
    9.29189920e-01 4.76845533e-01 1.62122399e-01 3.96162003e-01
    5.86201847e-01 3.57759297e-01 2.88958043e-01 2.21606195e-02
    3.93365264e-01 8.19455683e-01 5.19925416e-01 5.06705642e-02
    7.10572660e-01 2.20928937e-01 9.78784680e-01 3.51428330e-01
    9.09820139e-01 3.34884822e-01 2.43575990e-01 7.49729514e-01
    8.18512499e-01 5.83484411e-01 2.09975302e-01 5.73747516e-01
    2.17057616e-01 4.79591548e-01 9.66125131e-01 4.44373220e-01
    1.29266798e-01 2.85581052e-01 6.41031504e-01 6.40368462e-02
    9.94068623e-01 2.59764373e-01 2.40452319e-01 9.60901022e-01
    2.31263816e-01 8.42295229e-01 6.86656356e-01 3.76780152e-01
    2.50177145e-01 6.72958314e-01 9.24207389e-01 6.71477318e-02
    3.88194293e-01 9.86424983e-01 6.58021629e-01 2.47350097e-01
    8.88720393e-01 1.63215101e-01 7.42396832e-01 5.49327075e-01
    5.14022112e-01 5.21032810e-02 8.25919211e-02 8.60962391e-01
    1.78321868e-01 7.36572564e-01 9.34888244e-01 7.90259957e-01
    5.63514292e-01 9.61412728e-01 5.34838140e-02 2.66776294e-01
    4.28495705e-01 8.62165153e-01 7.80945539e-01 1.36453807e-01
    5.66501200e-01 1.86338842e-01 9.38657761e-01 8.35717082e-01
    7.04820991e-01 4.19819593e-01 5.41411638e-02 5.92771471e-02
    7.50016809e-01 2.47813433e-01 9.98633802e-02 1.22914314e-02
    4.91563857e-01 1.05425030e-01 8.07132959e-01 9.00800586e-01
    2.71469176e-01 9.95859087e-01 8.54647458e-02 7.78396547e-01
    8.94013762e-01 8.96218419e-03 8.58981848e-01 6.84431374e-01
    4.58334595e-01 9.57393289e-01 8.91624928e-01 7.01655149e-01
    1.82525903e-01 4.44251299e-01 7.70972013e-01 6.13223314e-01
    8.89105260e-01 2.40038276e-01 2.80458301e-01 9.13668990e-01
    6.21285141e-01 9.00416374e-01 9.01828051e-01 9.66003776e-01
    3.64047289e-01 3.50155413e-01 2.81012446e-01 6.50553703e-02
    5.04630685e-01 1.13703817e-01 4.56669658e-01 9.95199203e-01
    2.78051198e-02 4.15254325e-01 8.03769112e-01 6.12099469e-02
    6.83645010e-01 9.13943052e-01 4.03705716e-01 6.66703582e-01
    8.76203716e-01 1.27057701e-01 6.64247096e-01 7.23645091e-03
    9.23134983e-02 6.46352232e-01 3.10989916e-01 8.45180869e-01
    8.16257834e-01 6.13170683e-01 9.65391636e-01 9.40869927e-01
    1.73612893e-01 8.83238673e-01 2.64663041e-01 3.11538696e-01
    8.71813655e-01 9.63022470e-01 4.52722281e-01 8.70407701e-01
    6.89511955e-01 4.59462494e-01 4.83278781e-01 2.96008140e-01
    8.63951683e-01 1.43732309e-01 6.13923609e-01 8.15566659e-01
    1.63064569e-01 4.36632574e-01 7.58851171e-01 4.48041975e-01
    2.64429748e-02 8.85185838e-01 2.12759554e-01 8.98643613e-01
    5.32467186e-01 2.70539522e-03 4.06403899e-01 2.44873524e-01
    9.01976287e-01 7.84156024e-01 4.52121556e-01 7.27117300e-01
    8.20565641e-01 8.05819452e-01 4.56088334e-01 5.62473238e-01
    1.80333436e-01 2.28515595e-01 3.95790040e-01 7.94524848e-02
    1.38826668e-01 6.75225139e-01 9.67893064e-01 5.70435286e-01
    2.65749991e-02 8.11598420e-01 9.86045301e-01 6.74223304e-01
    6.79787278e-01 5.92474341e-01 3.11127067e-01 8.65072370e-01
    9.66088355e-01 3.18461657e-01 5.57308018e-01 5.52629888e-01
    4.40562278e-01 5.48338294e-01 4.63621050e-01 1.33203179e-01
    5.68852305e-01 4.74548817e-01 9.12436843e-01 7.33682215e-02
    9.88828063e-01 7.35983133e-01 6.37860775e-01 2.09179580e-01
    6.13650799e-01 1.67142749e-01 6.78115427e-01 8.77639771e-01
    6.81234598e-01 1.06575489e-01 4.71425116e-01 1.40516758e-01
    1.66101754e-02 6.33688807e-01 2.20955700e-01 1.97986513e-01
    2.99092025e-01 1.79048628e-01 9.06626701e-01 6.94034100e-01
    2.79360563e-01 7.59680748e-01 7.60604620e-01 4.42476064e-01
    3.65076065e-01 2.32320279e-01 7.87990212e-01 1.70616329e-01
    8.85182023e-01 5.65746844e-01 9.21781540e-01 1.46246105e-01
    8.89967918e-01 7.70893216e-01 8.28133523e-01 8.67207646e-02
    9.38956738e-01 3.05006057e-01 2.05764383e-01 6.30519569e-01
    8.21032643e-01 2.69090772e-01 3.12247097e-01 8.12544107e-01
    7.90403247e-01 8.65571380e-01 9.82612014e-01 2.81491816e-01
    4.26354110e-02 4.12317872e-01 3.74456346e-01 6.37609899e-01
    7.79478788e-01 1.92809075e-01 6.76951528e-01 8.92743051e-01
    3.71061742e-01 2.32908398e-01 2.43770778e-01 4.30194348e-01
    7.85357594e-01 6.31545246e-01 2.28561789e-01 8.79936278e-01
    2.51325816e-01 8.48364472e-01 7.77834356e-02 8.40605378e-01
    7.80276418e-01 9.01883543e-01 1.90032274e-01 7.12603629e-01
    6.70310855e-01 3.83720487e-01 3.23632687e-01 8.38822424e-02
    3.49821150e-02 2.82784700e-01 1.63282335e-01 7.24421859e-01
    5.92291415e-01 2.88062394e-02 1.01722986e-01 3.92352939e-02
    4.32337016e-01 3.07975054e-01 3.81442606e-01 2.53945351e-01
    1.11358643e-01 5.25953650e-01 9.07629669e-01 1.43417507e-01
    1.13014728e-01 5.76331854e-01 5.64505339e-01 1.97210640e-01
    4.68880773e-01 9.87761736e-01 9.56541061e-01 6.03684485e-02
    3.89144212e-01 9.39733386e-01 1.93140507e-01 7.29280293e-01
    2.98385024e-01 8.47742677e-01 4.48199540e-01 8.32239747e-01
    8.95591497e-01 6.17535472e-01 3.63303244e-01 7.65770793e-01
    1.88991427e-03 4.49924827e-01 6.07975781e-01 8.67864430e-01
    4.76927847e-01 2.55756140e-01 9.87914681e-01 4.62932378e-01
    1.54312313e-01 4.84628081e-01 7.32225537e-01 4.53620136e-01
    2.61643112e-01 4.08603847e-01 8.92088532e-01 1.27752781e-01
    2.15144336e-01 9.28356707e-01 6.99475765e-01 5.17617404e-01
    8.73999715e-01 2.04807580e-01 1.09219044e-01 2.07508326e-01
    8.40485692e-01 6.87689364e-01 2.55303979e-01 9.83487248e-01
    6.40155911e-01 5.10696948e-01 9.42036450e-01 4.27783668e-01
    6.58333540e-01 7.86475301e-01 6.29002154e-02 1.28042072e-01
    7.68760979e-01 5.35798073e-03 7.25642145e-02 2.26395071e-01
    9.18963790e-01 2.02214867e-01 1.64446145e-01 4.70826924e-02
    8.17206383e-01 8.63282681e-01 1.70952648e-01 3.75975370e-02
    3.00077260e-01 4.45743561e-01 7.36426115e-02 2.10000873e-02
    1.61793709e-01 5.06919920e-01 1.84763312e-01 9.98040080e-01
    5.34680188e-02 4.44048256e-01 8.76677215e-01 3.99135888e-01
    1.27882272e-01 6.89859331e-01 8.99625421e-01 4.08516824e-01
    6.45442486e-01 7.55462050e-01 6.20504916e-01 6.88173771e-01
    1.47851557e-01 9.04533744e-01 4.70972508e-01 5.84429502e-02
    1.92597717e-01 3.93831939e-01 9.10641968e-01 8.68085265e-01
    2.68627077e-01 2.05888957e-01 3.02936733e-01 2.40536004e-01
    9.43803787e-02 6.14420891e-01 4.18817759e-01 8.87093186e-01
    5.61832190e-01 1.21682644e-01 5.93823254e-01 7.72822380e-01
    3.74549150e-01 1.74351096e-01 9.21573579e-01 1.42849773e-01
    2.33656108e-01 9.81836557e-01 1.78692460e-01 3.06712866e-01
    5.78166962e-01 8.34342718e-01 7.13872254e-01 2.90930331e-01
    6.80582523e-02 2.47455508e-01 2.07341105e-01 4.08316165e-01
    5.32467186e-01 2.70539522e-03 4.06403899e-01 2.44873524e-01
    9.01976287e-01 7.84156024e-01 4.52121556e-01 7.27117300e-01
    8.20565641e-01 8.05819452e-01 2.61691093e-01 9.38137174e-02
    3.51026297e-01 2.89262563e-01 6.05444551e-01 9.35806632e-02
    4.73778486e-01 9.80348110e-01 7.35135674e-01 5.79244256e-01
    6.42668903e-02 3.82486910e-01 7.87418544e-01 8.71451378e-01
    2.41916001e-01 4.84484434e-02 2.97874063e-01 4.12927002e-01
    5.98293900e-01 2.69386530e-01 3.76981407e-01 8.53428900e-01
    6.04879141e-01 5.58805525e-01 3.80323797e-01 5.87235868e-01
    3.08829039e-01 3.03782940e-01 2.24669874e-01 2.53728181e-01
    5.07143438e-01 3.68577778e-01 6.23867810e-01 4.88692135e-01
    9.58862007e-02 6.46416187e-01 5.98235488e-01 5.40778041e-01
    9.13411796e-01 9.10531044e-01 4.61296737e-01 7.00138330e-01
    6.22534096e-01 7.33932137e-01 4.68318731e-01 4.43988383e-01
    8.63940120e-01 1.49481595e-02 4.21824127e-01 8.87265444e-01
    9.62738633e-01 3.57396305e-02 3.69833112e-01 2.77759731e-01
    6.06230378e-01 2.34767109e-01 6.63283706e-01 7.98067331e-01
    1.44130409e-01 6.05095744e-01 7.89900422e-01 5.03513575e-01
    6.61235929e-01 6.42614603e-01 5.68612158e-01 4.91927624e-01
    6.26593351e-01 5.12382686e-02 7.33166516e-01 2.78454661e-01
    5.11648595e-01 2.72798270e-01 3.81584287e-01 7.16272831e-01
    4.70395684e-02 2.84323990e-02 8.37565303e-01 2.21168578e-01
    7.49112010e-01 9.10826445e-01 8.25193167e-01 5.63268542e-01
    4.24843967e-01 8.97293687e-01 1.41400218e-01 9.14247513e-01
    3.76846194e-01 6.66432619e-01 6.06049716e-01 6.38496280e-01
    5.29183567e-01 2.43702114e-01 6.88556015e-01 9.43951905e-02
    9.41433430e-01 3.66703868e-01 8.96638632e-01 1.23096973e-01
    9.69332457e-01 2.97944486e-01 3.35716307e-01 2.25367963e-01
    1.72824800e-01 3.55873644e-01 1.11631542e-01 7.09427595e-01
    7.55021930e-01 5.16224921e-01 7.15090692e-01 7.62755394e-01
    7.62184501e-01 9.47215438e-01 3.66654247e-01 1.64787561e-01
    6.08919740e-01 2.43653953e-01 4.57466900e-01 2.63599068e-01
    2.98089296e-01 2.68853188e-01 6.09482467e-01 4.39299107e-01
    2.64170974e-01 9.28323030e-01 1.20085657e-01 7.48226166e-01
    2.98802495e-01 3.05280864e-01 9.27433431e-01 5.66317916e-01
    7.51126885e-01 9.76965070e-01 9.21265543e-01 5.12676239e-01
    5.19586146e-01 2.36559808e-02 8.95797431e-01 7.02940106e-01
    8.73866975e-02 5.48100352e-01 1.36357576e-01 9.46550727e-01
    5.00147045e-01 3.81470978e-01 2.72650242e-01 2.69853264e-01
    5.43535650e-02 8.58469367e-01 3.35964561e-02 7.16333032e-01
    3.70653510e-01 5.48538029e-01 8.47525775e-01 4.40986693e-01
    2.07625598e-01 9.61583912e-01 1.93896592e-01 7.12316751e-01
    4.07601416e-01 5.95989525e-01 9.44857001e-02 3.85569334e-01
    4.32330936e-01 4.79630798e-01 4.66347605e-01 7.49743044e-01
    6.62153065e-01 9.64705586e-01 5.98963082e-01 2.11168915e-01
    6.71714544e-04 3.30868721e-01 1.71312034e-01 1.23007149e-01
    9.13975060e-01 4.92137253e-01 3.65540206e-01 6.52226448e-01
    7.56554425e-01 6.34712279e-01 3.54725957e-01 5.62514782e-01
    4.81673062e-01 3.76400113e-01 1.10157549e-01 7.95637012e-01
    2.71661133e-01 9.10661638e-01 6.62444830e-02 5.31459391e-01
    5.90851605e-01 3.34734499e-01 9.01172519e-01 2.55363166e-01
    4.86195982e-01 5.94994366e-01 1.26566678e-01 6.50789440e-01
    3.21519852e-01 2.14411557e-01 1.22035384e-01 8.53654921e-01
    2.76353091e-01 9.34649110e-01 5.62515855e-01 6.49666607e-01
    1.18316650e-01 1.43328190e-01 7.03235328e-01 4.12658840e-01
    9.25120711e-01 8.07065248e-01 8.74013126e-01 4.25222814e-02
    1.82080656e-01 3.46059889e-01 8.24870825e-01 4.83422995e-01
    1.84808403e-01 5.62960207e-01 5.77964902e-01 9.09299672e-01
    7.99771667e-01 1.87787056e-01 4.04423803e-01 9.23469722e-01
    2.97605634e-01 4.16083097e-01 9.99630392e-02 1.09067589e-01
    1.53599322e-01 5.33804238e-01 3.16387117e-02 8.44665408e-01
    8.34995389e-01 1.52492315e-01 1.98095739e-02 3.96968216e-01
    2.50143051e-01 4.25887883e-01 8.71300995e-02 1.57026321e-01
    5.62064111e-01 1.18528366e-01 8.84329081e-01 8.97833288e-01
    9.46756959e-01 7.35091746e-01 5.43663621e-01 4.61139083e-01
    3.09449553e-01 1.45550102e-01 8.92525792e-01 5.21150231e-03
    7.94892967e-01 1.76117420e-02 2.61691093e-01 9.38137174e-02
    3.51026297e-01 2.89262563e-01 6.05444551e-01 9.35806632e-02
    4.73778486e-01 9.80348110e-01 7.35135674e-01 5.79244256e-01
    9.39016640e-01 8.86312366e-01 1.39061153e-01 4.13788974e-01
    3.34922433e-01 6.09400332e-01 8.66210759e-01 6.54250681e-01
    9.73290205e-01 9.95414019e-01 1.71627641e-01 1.07601285e-01
    1.68537557e-01 2.09506959e-01 7.05525339e-01 7.32178688e-01
    2.34692693e-01 5.60437143e-01 6.89817548e-01 9.02085364e-01
    8.23835373e-01 1.45281404e-01 9.45217013e-01 2.76431888e-01
    4.77667034e-01 6.59385324e-01 5.55270016e-01 1.03997916e-01
    5.23770630e-01 3.87695432e-03 4.10030544e-01 4.36397284e-01
    8.51615191e-01 1.41569853e-01 9.48698044e-01 7.49991775e-01
    7.23205924e-01 3.81981820e-01 7.37395108e-01 6.85234070e-01
    9.85919714e-01 2.38359034e-01 8.43227148e-01 4.54095870e-01
    2.95877904e-01 7.89186478e-01 1.47109181e-01 9.31887746e-01
    5.43056011e-01 7.82269180e-01 6.05142653e-01 7.88630366e-01
    2.08504140e-01 9.01045918e-01 3.45813245e-01 5.39037526e-01
    9.36064541e-01 2.96029329e-01 3.87824655e-01 6.56562746e-01
    5.02376080e-01 2.08479017e-01 9.26191926e-01 8.65009308e-01
    7.74830759e-01 7.78373957e-01 8.49508643e-02 3.87039810e-01
    2.04332739e-01 8.21501017e-01 4.79743421e-01 2.57590115e-02
    8.89199376e-01 2.74544269e-01 1.73086315e-01 9.52046514e-01
    5.53317547e-01 3.50993276e-01 9.83655691e-01 7.09515452e-01
    9.00798321e-01 7.61140823e-01 8.18944931e-01 6.97370172e-01
    6.13339603e-01 4.57673967e-02 7.17779100e-01 3.72454703e-01
    9.24412847e-01 7.82198727e-01 5.05644083e-03 2.70374477e-01
    9.75822031e-01 7.72577763e-01 2.08133936e-01 2.52629042e-01
    8.04274857e-01 9.85732555e-01 4.85867530e-01 2.68262327e-02
    2.01491594e-01 5.84113479e-01 3.18977118e-01 2.59329140e-01
    9.07452226e-01 3.41591567e-01 8.91902149e-02 3.50559652e-01
    2.70934999e-02 4.83699113e-01 1.38367832e-01 7.92221010e-01
    7.21956432e-01 8.48408043e-01 1.43055141e-01 1.93433106e-01
    8.81165266e-02 3.67170513e-01 1.45151377e-01 5.06552160e-02
    5.28303504e-01 2.72197485e-01 4.81781632e-01 2.57398605e-01
    7.22523928e-01 7.16098845e-01 1.51059926e-02 9.97643709e-01
    2.84304976e-01 5.40009379e-01 5.29634118e-01 5.20923972e-01
    7.15930462e-01 4.57380652e-01 8.00581217e-01 3.23188424e-01
    9.32885528e-01 7.13120699e-01 6.96192861e-01 3.89462233e-01
    4.62765098e-02 9.33307350e-01 4.41444218e-01 9.99381602e-01
    4.81127918e-01 1.74734056e-01 3.82464230e-02 6.74847245e-01
    4.73489672e-01 8.67000580e-01 7.20230520e-01 2.85927355e-02
    9.09119129e-01 1.22183084e-01 3.36696804e-01 3.99552673e-01
    2.55192876e-01 9.84051108e-01 9.56084371e-01 3.61093521e-01
    8.16185832e-01 6.76221550e-01 1.99017137e-01 6.85032606e-01
    5.33451676e-01 2.96714604e-01 1.36994779e-01 2.99041510e-01
    3.64875644e-01 9.55680311e-02 2.23515034e-02 9.50091839e-01
    6.32251620e-01 9.08846736e-01 5.17595351e-01 3.40058267e-01
    4.10502374e-01 7.44080305e-01 8.32245350e-02 2.44362652e-01
    5.77062607e-01 2.39294171e-02 4.75922078e-01 9.88453150e-01
    1.47354722e-01 4.97171700e-01 5.39309084e-01 8.04332614e-01
    4.65488493e-01 2.10432172e-01 9.85993505e-01 8.60645175e-01
    5.73281109e-01 5.80757678e-01 9.68812108e-01 2.97798336e-01
    9.36625123e-01 6.38727486e-01 8.24219465e-01 1.49465799e-01
    8.26902807e-01 6.95843875e-01 8.97192121e-01 7.33603954e-01
    6.03256226e-02 8.74445915e-01 6.04017854e-01 5.68297327e-01
    8.45327318e-01 9.19038951e-01 8.52573156e-01 5.67142069e-02
    5.76633275e-01 4.65191245e-01 7.59034991e-01 2.10914642e-01
    6.30848229e-01 4.51585412e-01 4.60626334e-01 8.95610392e-01
    1.44297451e-01 8.54864955e-01 9.24355626e-01 2.48408288e-01
    3.66485000e-01 2.33147532e-01 3.89530241e-01 6.88557327e-01
    4.41521943e-01 1.53726667e-01 6.51553750e-01 2.06645191e-01
    7.68599272e-01 3.56919050e-01 1.00422919e-01 1.44315898e-01
    7.49113441e-01 1.10595345e-01 5.73277593e-01 2.43392795e-01
    1.50072038e-01 2.91050375e-01 3.49815130e-01 2.97024399e-01
    6.11182272e-01 6.02473199e-01 4.74886954e-01 3.36135328e-01
    8.94792080e-02 6.45967543e-01 6.88413262e-01 3.52125049e-01
    3.97499025e-01 9.81814802e-01 4.44282293e-01 7.25933373e-01
    9.39016640e-01 8.86312366e-01 1.39061153e-01 4.13788974e-01
    3.34922433e-01 6.09400332e-01 8.66210759e-01 6.54250681e-01
    9.73290205e-01 9.95414019e-01 7.22542644e-01 8.45883250e-01
    8.43526185e-01 5.78162253e-01 3.95756423e-01 8.18935096e-01
    7.30731726e-01 5.16792297e-01 4.27890301e-01 8.14903796e-01
    1.23570353e-01 6.10976398e-01 8.49196911e-02 1.20990515e-01
    1.82744771e-01 9.95758176e-01 4.78174388e-02 6.97012246e-01
    7.54812002e-01 6.81089222e-01 8.34021211e-01 8.95372570e-01
    2.57738411e-01 1.44129187e-01 5.89549541e-03 3.08535129e-01
    5.26078224e-01 4.61206436e-02 2.75303960e-01 1.74351811e-01
    9.24077630e-03 8.30786467e-01 2.65194476e-02 2.05388576e-01
    9.09662366e-01 4.50479209e-01 8.86007786e-01 9.75974798e-01
    4.63365912e-02 2.59633660e-02 9.88867521e-01 7.25632548e-01
    4.42788154e-01 3.36524010e-01 1.75529331e-01 2.08566189e-02
    3.07059914e-01 2.87390947e-01 5.51553369e-01 3.34267795e-01
    9.64097381e-01 5.09956300e-01 9.67761278e-01 2.31475294e-01
    4.85398173e-02 4.71150696e-01 9.58224773e-01 1.71688527e-01
    3.33789706e-01 4.64118302e-01 3.58270198e-01 6.16292655e-02
    1.54577553e-01 2.90932059e-02 7.28662014e-02 1.31855309e-02
    1.78486615e-01 5.68476021e-01 4.81161416e-01 9.70098436e-01
    9.97749269e-02 9.63438094e-01 6.12878680e-01 2.12516814e-01
    6.26083732e-01 2.09398717e-01 1.33867979e-01 1.95630342e-01
    3.90329123e-01 6.97885394e-01 9.60120261e-02 9.98935580e-01
    5.26835024e-01 4.61681664e-01 4.53784943e-01 9.91752744e-01
    8.60575914e-01 9.83026445e-01 4.19735491e-01 9.83597338e-01
    9.16004419e-01 6.83027625e-01 8.99198413e-01 8.91021729e-01
    6.67646289e-01 7.74406493e-01 7.72780657e-01 9.54977989e-01
    8.25561881e-02 2.54410207e-02 4.71647829e-01 8.75069618e-01
    3.07314873e-01 7.00888515e-01 1.65101409e-01 8.48395765e-01
    2.01428264e-01 2.70244271e-01 4.56230968e-01 7.13214755e-01
    1.85140371e-02 7.31295526e-01 1.70431525e-01 2.82420576e-01
    7.06842303e-01 5.09473503e-01 8.79147410e-01 3.54211569e-01
    5.12444377e-01 6.99544311e-01 4.43792343e-02 2.95694411e-01
    5.61944485e-01 3.36773753e-01 3.32594186e-01 8.64304185e-01
    7.62585282e-01 1.83076084e-01 1.42107666e-01 1.67468727e-01
    7.04186976e-01 8.16753626e-01 9.94657278e-01 3.61759961e-02
    1.16074651e-01 6.99781179e-02 5.24035633e-01 6.98764443e-01
    6.04221702e-01 7.20392108e-01 5.75257242e-01 6.26641452e-01
    3.42260599e-01 2.92108953e-02 2.11436957e-01 8.11235011e-02
    4.42815870e-01 9.09075141e-01 6.37979925e-01 7.62648523e-01
    3.66975427e-01 3.25633347e-01 7.78923035e-01 6.77820921e-01
    5.07662058e-01 3.09098214e-01 1.63018703e-02 2.73792833e-01
    4.08088505e-01 8.99353266e-01 1.13422275e-01 9.44938421e-01
    3.07740867e-02 5.44939995e-01 6.00558400e-01 5.57358086e-01
    9.92713094e-01 2.55771011e-01 3.26085150e-01 9.42692339e-01
    2.27588654e-01 1.43705606e-01 2.52171189e-01 9.80285704e-02
    4.77368504e-01 3.56911540e-01 3.14286470e-01 6.45408034e-03
    3.26771259e-01 3.35265011e-01 9.66562390e-01 9.74040151e-01
    2.65601218e-01 5.47672570e-01 7.92087734e-01 7.77657688e-01
    9.94864702e-01 4.19280410e-01 2.86894619e-01 1.86932951e-01
    4.58039105e-01 2.45885909e-01 7.02759206e-01 1.27497971e-01
    1.87207401e-01 6.11180007e-01 3.01643908e-01 4.43227679e-01
    7.93342471e-01 2.24504888e-01 9.33957100e-01 4.20229465e-01
    3.25564504e-01 9.39012527e-01 7.19492197e-01 1.39510572e-01
    5.26576161e-01 3.74769777e-01 2.34700292e-01 5.72173059e-01
    7.81460643e-01 2.60972083e-02 4.26136315e-01 1.30965918e-01
    2.86421448e-01 6.59386933e-01 6.91756427e-01 9.44971025e-01
    3.06059778e-01 4.05142456e-01 8.35196972e-01 3.39590132e-01
    7.86151767e-01 2.35906303e-01 7.03815460e-01 2.29589552e-01
    7.66510904e-01 4.39648926e-01 4.88859355e-01 5.72978497e-01
    3.12181950e-01 4.76336896e-01 8.17300975e-02 3.64122838e-01
    4.82032955e-01 5.25629640e-01 9.21753764e-01 7.78652489e-01
    5.86255908e-01 8.51461530e-01 1.65105462e-02 5.73202133e-01
    2.32031584e-01 6.82873726e-01 4.34055239e-01 7.91228056e-01
    3.97662222e-02 8.24562669e-01 2.78037935e-01 8.34217429e-01
    7.11591601e-01 5.13763547e-01 3.78773808e-02 1.66918635e-02
    2.41492897e-01 7.76750088e-01 7.22542644e-01 8.45883250e-01
    8.43526185e-01 5.78162253e-01 3.95756423e-01 8.18935096e-01
    7.30731726e-01 5.16792297e-01 4.27890301e-01 8.14903796e-01
    7.00968325e-01 1.01440549e-02 5.78731239e-01 1.04155064e-01
    9.33723450e-01 3.14400196e-01 2.93369174e-01 4.77506310e-01
    1.59096718e-01 4.42559719e-01 8.10828805e-01 5.26089311e-01
    3.73076320e-01 9.83108521e-01 7.18676090e-01 2.14665532e-01
    6.11823142e-01 8.95007014e-01 6.35764837e-01 9.42412019e-01
    2.81993330e-01 7.14563727e-01 3.13371956e-01 4.10177529e-01
    9.97255802e-01 3.43137741e-01 3.24312985e-01 8.39543939e-01
    5.77918887e-01 6.04518175e-01 4.00283813e-01 5.49241722e-01
    2.20284849e-01 2.33357668e-01 5.73409796e-01 7.28610098e-01
    2.96742499e-01 8.10355484e-01 5.76274991e-01 4.47546571e-01
    6.93862796e-01 3.68923843e-01 3.73084843e-02 4.60560441e-01
    9.18670654e-01 1.95261478e-01 4.85974818e-01 7.08305240e-01
    1.35132670e-01 9.66588616e-01 8.51959407e-01 5.43434501e-01
    6.94136381e-01 1.75339639e-01 2.45039135e-01 4.96225983e-01
    2.53437698e-01 5.77226281e-03 5.49827993e-01 1.90654665e-01
    3.48126352e-01 9.59576607e-01 3.10398817e-01 9.56637502e-01
    8.69153440e-02 4.00264114e-01 7.89912939e-01 6.23366833e-02
    2.42407084e-01 3.71332765e-01 8.88677955e-01 2.92870939e-01
    6.67874694e-01 4.39223200e-01 2.69751281e-01 4.12371129e-01
    4.30469513e-02 7.03095675e-01 4.21244532e-01 8.12932372e-01
    4.95360732e-01 2.33994871e-01 2.83001959e-01 1.19968057e-01
    1.12656474e-01 5.95152855e-01 3.00029278e-01 8.76396358e-01
    4.84312057e-01 2.07620949e-01 8.34183991e-02 3.93747568e-01
    7.44566262e-01 1.81271225e-01 6.13972604e-01 7.76927292e-01
    9.44768786e-01 7.53532887e-01 2.91825473e-01 6.99800968e-01
    3.47197175e-01 5.71105421e-01 6.09367967e-01 8.69275212e-01
    1.33741677e-01 8.26822102e-01 3.32623363e-01 2.86716223e-02
    4.52405602e-01 5.60965359e-01 7.83807039e-01 1.63404346e-02
    6.60658419e-01 8.88089657e-01 7.70981073e-01 7.99371362e-01
    9.54336286e-01 6.98107362e-01 4.24344718e-01 3.00832093e-01
    3.71641815e-02 9.42907631e-01 6.30333364e-01 7.78366029e-02
    1.87975287e-01 9.44329798e-01 5.38218260e-01 1.85528576e-01
    7.56006062e-01 2.15122998e-01 7.73207843e-01 5.66535592e-02
    9.56630230e-01 1.46520138e-01 4.41010654e-01 9.44581449e-01
    5.65434456e-01 9.17693257e-01 7.65225232e-01 3.29696000e-01
    9.11921263e-03 1.10225528e-01 6.50577664e-01 7.77208328e-01
    2.86266893e-01 8.52037907e-01 9.16886210e-01 2.58592427e-01
    5.16503572e-01 6.36832952e-01 5.09625196e-01 5.38598895e-01
    2.70794213e-01 4.63161081e-01 3.98032308e-01 1.38575464e-01
    3.32564235e-01 4.03362036e-01 2.32334554e-01 5.80748022e-01
    1.07104778e-02 3.92915040e-01 2.81310201e-01 4.41755503e-01
    5.12343884e-01 5.00154018e-01 8.69628549e-01 2.22415119e-01
    1.86459661e-01 8.94602060e-01 2.07121968e-01 5.33842623e-01
    6.03039980e-01 1.81679696e-01 5.86110413e-01 1.39385968e-01
    7.50104666e-01 2.91209519e-01 4.89175141e-01 2.61619687e-02
    6.81640863e-01 4.71806228e-02 6.47170305e-01 7.63844252e-01
    2.44667262e-01 6.53869271e-01 1.57034218e-01 2.53745228e-01
    5.59404254e-01 3.54842961e-01 7.81633854e-01 4.15277928e-01
    4.96155828e-01 5.93131840e-01 4.64106053e-01 9.68532681e-01
    6.00972891e-01 7.84778595e-01 5.34899354e-01 4.94067669e-01
    1.79983109e-01 3.49185407e-01 7.30716825e-01 5.57041824e-01
    3.90216470e-01 4.98257548e-01 2.81205773e-03 4.32034373e-01
    4.83733892e-01 9.87242758e-02 6.55567706e-01 6.10537827e-01
    9.98014212e-01 7.05636978e-01 3.20139319e-01 9.41215277e-01
    8.65575314e-01 1.85463727e-02 8.69622111e-01 9.85108376e-01
    3.86432230e-01 7.22332120e-01 1.69575036e-01 3.12831640e-01
    6.44834399e-01 9.61538851e-01 2.75761455e-01 5.53966403e-01
    2.74263561e-01 6.63572073e-01 2.50783563e-02 5.74168563e-01
    7.51840353e-01 3.97406399e-01 1.72708035e-02 3.03289950e-01
    6.66151464e-01 4.71901894e-03 4.95075136e-01 2.91987747e-01
    3.39707315e-01 9.60575342e-01 5.12523055e-02 3.06770712e-01
    6.95975780e-01 8.59412193e-01 3.34380269e-01 3.72741222e-01
    1.55093729e-01 1.96114480e-01 4.91401404e-01 5.58145106e-01
    2.64170587e-01 5.86219549e-01 2.81243920e-01 8.67189050e-01
    7.00968325e-01 1.01440549e-02 5.78731239e-01 1.04155064e-01
    9.33723450e-01 3.14400196e-01 2.93369174e-01 4.77506310e-01
    1.59096718e-01 4.42559719e-01 5.46398222e-01 9.36862588e-01
    3.08369279e-01 9.85513508e-01 2.96987593e-01 8.43470812e-01
    6.34989619e-01 1.22294337e-01 3.47337067e-01 8.67397785e-01
    5.43872952e-01 7.56791949e-01 4.97264862e-02 7.01248050e-01
    1.35358721e-01 4.87439722e-01 1.27650410e-01 1.06978178e-01
    5.10826230e-01 4.15603876e-01 4.74621654e-01 4.89847481e-01
    2.80890107e-01 6.56209886e-01 7.58309066e-01 9.04110670e-01
    2.11426616e-02 9.66982484e-01 7.91903138e-01 2.60173321e-01
    8.62081766e-01 7.68137813e-01 6.70797825e-01 1.56163454e-01
    8.86743665e-01 7.13668048e-01 4.71303463e-02 6.73360288e-01
    5.45586228e-01 6.34929419e-01 2.98172832e-01 3.45806450e-01
    6.05657399e-02 7.61682987e-01 6.13273382e-01 5.63437700e-01
    2.20388770e-01 8.23915422e-01 1.35490090e-01 9.63008642e-01
    8.65042806e-01 9.93470669e-01 7.02103019e-01 2.70863593e-01
    5.29063046e-01 8.96182239e-01 3.55349779e-02 3.35337639e-01
    9.99123931e-01 7.12759852e-01 6.69111848e-01 5.31422019e-01
    6.24320805e-01 8.05737853e-01 9.04918313e-01 5.04096091e-01
    1.29576862e-01 3.85197133e-01 6.00643992e-01 9.94802535e-01
    6.30250454e-01 8.34122300e-01 9.40852523e-01 4.14561421e-01
    2.51152456e-01 6.00096226e-01 7.35232413e-01 7.37585425e-01
    3.90185297e-01 8.74444187e-01 6.22213304e-01 5.64908981e-01
    8.10956359e-02 7.88667560e-01 3.53900433e-01 7.76702762e-01
    6.94791019e-01 1.51718706e-01 8.24651003e-01 4.30679739e-01
    4.75423276e-01 3.90239269e-01 3.40657532e-01 3.73554289e-01
    6.18725359e-01 3.05814862e-01 4.33639586e-02 6.97422683e-01
    5.75925767e-01 8.95753384e-01 9.88541842e-01 7.76679039e-01
    2.11000741e-01 4.66081142e-01 8.74742389e-01 1.27674460e-01
    4.22106683e-01 8.58768582e-01 2.50018954e-01 7.81451941e-01
    4.67850596e-01 5.88685334e-01 4.38625067e-01 3.25710595e-01
    5.93692958e-01 3.42154384e-01 8.56726706e-01 2.77240574e-02
    3.26909482e-01 4.71365452e-03 5.48548639e-01 3.20750117e-01
    2.40570247e-01 4.52891409e-01 4.15814102e-01 9.63419318e-01
    8.01316142e-01 3.57840836e-01 4.32463497e-01 4.88912433e-01
    2.68876970e-01 6.18523419e-01 7.45312512e-01 5.65498412e-01
    5.53997874e-01 6.25762820e-01 7.72518635e-01 2.79506654e-01
    4.42347586e-01 1.87378168e-01 6.69452369e-01 8.89946520e-01
    9.91724849e-01 1.30524337e-01 2.10560352e-01 1.96886152e-01
    7.20343888e-02 4.20628369e-01 8.27573836e-01 5.54733932e-01
    3.68593127e-01 5.51430583e-01 2.56600112e-01 9.00880575e-01
    2.28047669e-02 1.88740641e-01 5.04794836e-01 8.07280958e-01
    6.98198915e-01 7.85335183e-01 9.78338122e-01 2.93757021e-02
    1.53155804e-01 3.92701566e-01 7.44054556e-01 4.94293720e-01
    5.74717045e-01 3.04351687e-01 1.88990921e-01 8.95027757e-01
    3.61314714e-01 9.52786207e-01 8.42579722e-01 6.88689351e-01
    5.68782091e-01 9.09936249e-01 3.33036780e-01 6.17777467e-01
    3.05926472e-01 9.26341951e-01 9.10663962e-01 2.33223110e-01
    2.97374725e-02 3.90078247e-01 3.25993896e-02 1.44555390e-01
    3.18503320e-01 6.83775127e-01 6.51464045e-01 3.15427095e-01
    6.83785975e-02 3.86826783e-01 8.23486328e-01 2.15366900e-01
    3.81661654e-02 5.55757165e-01 1.45361036e-01 1.23433799e-01
    2.14874923e-01 8.72188330e-01 7.36726761e-01 7.96392918e-01
    9.15924191e-01 2.30550438e-01 4.90724742e-01 1.11737430e-01
    1.45810544e-02 4.19532835e-01 4.89086479e-01 9.00113344e-01
    1.72286034e-02 4.86457497e-01 5.18880665e-01 3.14233303e-01
    7.52126932e-01 8.99893880e-01 8.58020544e-01 7.54201055e-01
    7.07293093e-01 6.09073043e-02 8.01169693e-01 6.01782262e-01
    6.04717851e-01 8.30935836e-02 9.71031487e-01 8.42365384e-01
    3.80157202e-01 5.64066052e-01 3.06450903e-01 2.45522887e-01
    5.78280687e-01 9.92633820e-01 9.26497459e-01 7.00399399e-01
    8.29000592e-01 4.70891327e-01 4.74020243e-01 2.68581986e-01
    6.92965031e-01 3.71027350e-01 8.38671803e-01 6.30335212e-02
    5.22537827e-01 9.33002472e-01 3.45986843e-01 4.46277380e-01
    6.07673287e-01 5.64767420e-02 8.21066678e-01 6.11678243e-01
    2.78819799e-01 1.02734327e-01 1.23261333e-01 9.40549016e-01
    8.58170509e-01 9.50752378e-01 5.46398222e-01 9.36862588e-01
    3.08369279e-01 9.85513508e-01 2.96987593e-01 8.43470812e-01
    6.34989619e-01 1.22294337e-01 3.47337067e-01 8.67397785e-01
    6.78619325e-01 3.71967793e-01 8.99310231e-01 6.99950457e-01
    6.32723212e-01 6.34391248e-01 3.39678943e-01 3.69662344e-02
    1.38059527e-01 1.06853634e-01 4.24891919e-01 1.98653638e-01
    6.93637252e-01 2.21326709e-01 8.15586746e-02 2.16264099e-01
    6.06842339e-02 6.64092362e-01 1.60380781e-01 3.83605212e-01
    2.33017445e-01 7.66030967e-01 7.59403944e-01 4.76205617e-01
    5.28196633e-01 2.44632006e-01 5.72008252e-01 4.99810010e-01
    4.21182036e-01 2.45593756e-01 2.43256181e-01 4.85159457e-02
    8.32929015e-01 6.86702013e-01 8.52740526e-01 9.53408480e-01
    2.51733661e-01 2.15822548e-01 9.38501537e-01 9.54928517e-01
    5.21160603e-01 3.93274456e-01 1.67359143e-01 9.14144218e-02
    2.33147770e-01 5.67451298e-01 1.03265285e-01 8.57546926e-01
    2.42761672e-01 4.77516294e-01 9.86610949e-02 3.38352561e-01
    8.96590352e-01 8.04119825e-01 6.17287397e-01 6.49880528e-01
    7.37476110e-01 4.69116211e-01 2.47787029e-01 4.71579939e-01
    9.76441920e-01 5.14915764e-01 9.89906192e-01 4.53118026e-01
    6.56334937e-01 3.09692085e-01 2.31115043e-01 9.14930344e-01
    9.96721625e-01 1.63631171e-01 2.22643167e-01 5.10897934e-02
    8.28687847e-01 8.52853954e-02 3.30682188e-01 7.96245217e-01
    8.67556930e-01 3.88610154e-01 8.48202586e-01 2.63583899e-01
    6.62196338e-01 5.87584853e-01 7.94435143e-01 6.64699376e-01
    8.12662125e-01 9.96338964e-01 6.55895770e-01 4.22506511e-01
    5.48037112e-01 9.60432529e-01 6.58663630e-01 8.70403886e-01
    8.89081538e-01 7.31342435e-01 2.45141178e-01 1.76688075e-01
    4.66970861e-01 3.85888994e-01 2.74342835e-01 4.18174088e-01
    5.51488459e-01 1.57735676e-01 2.43587464e-01 7.56040573e-01
    3.95108044e-01 2.83000171e-01 4.84659791e-01 7.96841383e-01
    1.68734789e-01 5.94380796e-01 7.32270718e-01 8.21322322e-01
    6.99616849e-01 1.02438569e-01 6.68873191e-02 8.95394325e-01
    6.46718025e-01 7.00658441e-01 1.95970297e-01 1.85830742e-01
    1.74309224e-01 4.32687879e-01 7.52276659e-01 7.00283170e-01
    1.32531762e-01 2.87477076e-01 1.72822148e-01 1.85701400e-01
    7.25950837e-01 9.63976204e-01 7.81427026e-01 3.89434099e-01
    8.03807974e-01 7.80108809e-01 7.49110460e-01 1.34238988e-01
    6.32614195e-01 8.73976052e-02 7.31715202e-01 9.24620330e-01
    3.18683505e-01 2.52190292e-01 8.37746680e-01 8.38829100e-01
    8.51605296e-01 5.78800976e-01 8.02980840e-01 7.36978292e-01
    7.46040940e-01 6.59321964e-01 6.14776850e-01 3.90296280e-01
    1.28912330e-01 6.96792960e-01 1.45761073e-02 1.63781732e-01
    4.17556345e-01 2.67073989e-01 8.39558601e-01 3.88908386e-02
    2.54142284e-02 1.91438079e-01 9.62253094e-01 2.47126967e-01
    6.08994424e-01 2.99309492e-01 9.65664744e-01 2.86270797e-01
    4.65560019e-01 7.12886930e-01 8.65800261e-01 1.69429868e-01
    4.11395788e-01 5.03494263e-01 6.13939047e-01 3.84968638e-01
    7.85184324e-01 9.23187077e-01 7.96631277e-01 1.80152804e-01
    9.67601538e-01 2.97395766e-01 5.50276399e-01 3.23399484e-01
    1.88804150e-01 1.94083422e-01 5.64562201e-01 7.69130349e-01
    3.51441860e-01 7.30477512e-01 4.21283841e-01 1.04677379e-01
    7.84956992e-01 7.08666325e-01 3.28436553e-01 5.49869657e-01
    4.27337348e-01 6.66965723e-01 2.33829230e-01 9.33253706e-01
    5.98486662e-01 5.92321575e-01 1.31008625e-02 4.42546040e-01
    5.70033610e-01 6.62336349e-01 4.14632380e-01 7.26503372e-01
    9.67199922e-01 5.26172698e-01 8.05599928e-01 5.71959496e-01
    5.29871583e-01 6.47365987e-01 9.72282708e-01 7.79889047e-01
    4.78833377e-01 2.81574249e-01 3.55174333e-01 8.58711541e-01
    7.39964843e-01 4.76215303e-01 8.04383159e-01 4.67504203e-01
    1.68801010e-01 6.07064426e-01 8.66735101e-01 6.83462381e-01
    3.03999990e-01 8.76713395e-01 1.35584027e-01 6.95879817e-01
    2.25100309e-01 4.40001428e-01 5.72159231e-01 6.89610004e-01
    8.71420145e-01 3.69780838e-01 5.45569718e-01 1.14689797e-01
    6.20649397e-01 7.75436461e-02 3.52925509e-01 4.63041067e-02
    6.89722538e-01 8.40333343e-01 3.61845195e-01 6.42508984e-01
    7.13850558e-02 4.44255114e-01 2.67256200e-02 7.20099568e-01
    9.86729741e-01 4.08694834e-01 3.21935952e-01 5.40867627e-01
    6.78619325e-01 3.71967793e-01 8.99310231e-01 6.99950457e-01
    6.32723212e-01 6.34391248e-01 3.39678943e-01 3.69662344e-02
    1.38059527e-01 1.06853634e-01 8.64269495e-01 9.24215555e-01
    6.32794678e-01 9.32396293e-01 6.42841816e-01 5.64690828e-01
    9.80913639e-01 5.48781037e-01 1.05113655e-01 3.44659269e-01
    5.25400579e-01 4.23016220e-01 4.81583238e-01 9.47692335e-01
    3.91860694e-01 7.89528012e-01 8.98849428e-01 9.32773650e-01
    3.29707265e-02 5.21633029e-01 8.01547050e-01 3.92666489e-01
    8.98882627e-01 3.42765212e-01 6.35979056e-01 5.45411289e-01
    2.88507044e-02 4.04170275e-01 3.41363966e-01 8.78655553e-01
    1.35373145e-01 2.15147495e-01 7.86932230e-01 8.30699980e-01
    8.40968490e-01 4.94551659e-01 4.84018624e-01 9.37988937e-01
    5.68695903e-01 1.74803019e-01 7.21903920e-01 2.34850168e-01
    5.70712388e-01 4.59497690e-01 4.87293065e-01 6.95814669e-01
    2.08479226e-01 5.24144590e-01 2.04327703e-03 4.53271955e-01
    3.52863252e-01 1.49325013e-01 1.40865147e-02 2.29659677e-01
    5.56993306e-01 6.27103209e-01 7.03922927e-01 8.55658054e-01
    8.56451511e-01 3.62495720e-01 9.91128325e-01 6.78725421e-01
    1.82707369e-01 1.02585852e-01 6.43919706e-02 4.28436160e-01
    2.17700005e-01 5.35806417e-01 6.95712447e-01 8.53933156e-01
    8.65287066e-01 7.53878593e-01 5.05918980e-01 9.09082532e-01
    9.84725356e-03 3.45753789e-01 2.33963370e-01 4.92016137e-01
    7.22908258e-01 4.41203386e-01 9.20857787e-01 3.99442703e-01
    4.44075316e-01 5.64931691e-01 3.97258252e-01 1.70280814e-01
    2.83018231e-01 1.69146717e-01 5.67251801e-01 4.25172627e-01
    5.60336649e-01 1.09060556e-01 1.98945284e-01 9.80370879e-01
    2.91309834e-01 9.67067480e-03 8.53583217e-01 9.63502645e-01
    9.81891274e-01 6.07748270e-01 6.35619938e-01 4.95920599e-01
    9.35962439e-01 9.26549911e-01 8.72260809e-01 6.69242203e-01
    4.70031172e-01 9.80419159e-01 2.37343729e-01 3.46211314e-01
    6.77282453e-01 9.81859565e-01 2.69907236e-01 7.05452681e-01
    8.00916255e-02 1.74053282e-01 5.08102417e-01 4.31575358e-01
    4.39087719e-01 8.39507699e-01 9.63701725e-01 9.43888783e-01
    2.34365255e-01 3.36542755e-01 8.15564990e-01 7.82687664e-02
    1.43547863e-01 1.84223682e-01 9.56114292e-01 8.48890364e-01
    1.84553564e-02 4.88113940e-01 1.92873925e-01 3.94936919e-01
    5.90484798e-01 1.34184957e-02 4.74723309e-01 4.19058323e-01
    9.35191154e-01 8.72032404e-01 4.03152972e-01 6.75391436e-01
    7.16854036e-02 7.32939363e-01 1.32001907e-01 8.71404171e-01
    2.58280367e-01 8.01484346e-01 4.15937811e-01 2.95743704e-01
    2.37984151e-01 2.25242674e-01 1.27220869e-01 4.86196846e-01
    5.77147663e-01 2.00389773e-01 9.56269920e-01 8.48329544e-01
    5.76024771e-01 8.30750108e-01 4.80551660e-01 9.84699607e-01
    8.10483456e-01 6.11670136e-01 1.39371991e-01 1.97386116e-01
    8.23277473e-01 9.66280580e-01 1.63334817e-01 7.08223701e-01
    3.94394398e-02 3.11078280e-01 1.80931091e-01 7.80294895e-01
    5.61476707e-01 9.37371135e-01 8.83887649e-01 2.01377094e-01
    6.45617366e-01 7.24737883e-01 3.75690252e-01 3.11484754e-01
    2.30762780e-01 9.66998577e-01 2.39521235e-01 2.02550203e-01
    1.67057335e-01 3.38412941e-01 7.28183985e-01 2.69394875e-01
    8.96423817e-01 9.92879629e-01 3.57218951e-01 2.04997063e-02
    5.20546496e-01 8.06184828e-01 1.38799548e-02 6.61663115e-02
    6.56044304e-01 3.70380998e-01 4.64934111e-02 4.07920182e-02
    8.36754560e-01 9.77567732e-02 2.36144990e-01 6.01972461e-01
    1.61758959e-02 4.25063163e-01 2.62155533e-02 3.07183385e-01
    7.22418129e-01 6.92191482e-01 3.11435163e-02 7.12497115e-01
    1.35004073e-01 6.13528609e-01 5.66266298e-01 4.42782879e-01
    6.00719333e-01 9.62088227e-01 9.81992841e-01 6.49709344e-01
    8.45204115e-01 8.65409791e-01 6.58226728e-01 8.37863684e-01
    7.11421072e-02 6.40767813e-02 3.65364552e-03 3.12251776e-01
    8.71003807e-01 3.93648684e-01 8.22510898e-01 8.61211717e-01
    4.93631065e-02 1.25412047e-01 6.42747223e-01 5.17158031e-01
    1.04891449e-01 1.19545370e-01 5.34514606e-01 9.22316492e-01
    5.13392687e-03 2.01856703e-01 9.03904796e-01 7.08230019e-01
    1.86741769e-01 5.80834448e-01 5.38789570e-01 3.37953269e-01
    8.02758098e-01 7.46752381e-01 5.32333493e-01 4.38020825e-02
    9.69671726e-01 8.32784116e-01 8.64269495e-01 9.24215555e-01
    6.32794678e-01 9.32396293e-01 6.42841816e-01 5.64690828e-01
    9.80913639e-01 5.48781037e-01 1.05113655e-01 3.44659269e-01
    9.02249575e-01 7.51543641e-02 2.56459117e-01 4.27319825e-01
    4.32495177e-01 2.17167407e-01 6.95506692e-01 4.80157346e-01
    3.37037683e-01 6.78356767e-01 7.48983026e-01 1.13731682e-01
    9.04521585e-01 5.94029903e-01 9.44750547e-01 3.18519354e-01
    3.06400657e-01 7.91900873e-01 2.41557658e-01 6.73078299e-01
    9.19351041e-01 6.59950674e-01 6.38481617e-01 8.85281384e-01
    4.16868091e-01 4.48221236e-01 4.22157586e-01 4.74171102e-01
    6.37616158e-01 9.61536765e-01 2.40530074e-01 6.43435836e-01
    9.04132664e-01 2.42358685e-01 5.57031214e-01 2.66254455e-01
    9.22000289e-01 2.33606070e-01 2.67367333e-01 4.89278674e-01
    4.26646590e-01 3.24232817e-01 9.84028459e-01 4.14999843e-01
    3.65419686e-02 7.29335368e-01 8.44672561e-01 2.88064480e-01
    5.23142874e-01 2.86402464e-01 3.60538363e-01 2.15723455e-01
    3.69804502e-01 9.95585680e-01 2.06198454e-01 9.10119712e-02
    6.83006048e-01 1.12816095e-02 1.01424307e-01 9.13912952e-02
    3.79171669e-02 5.80597222e-01 3.80280554e-01 9.09731328e-01
    6.73058212e-01 9.44723666e-01 9.39965606e-01 1.87528402e-01
    2.70601094e-01 1.24893963e-01 5.52452803e-01 2.28270888e-02
    3.04375410e-01 7.76631176e-01 9.95981455e-01 3.02000821e-01
    9.93060231e-01 1.16696090e-01 7.10962713e-01 6.70415699e-01
    7.66515136e-01 1.44250274e-01 2.67827094e-01 3.65436554e-01
    7.59492278e-01 6.80251300e-01 8.86146426e-01 4.94672745e-01
    2.62768596e-01 1.19728506e-01 3.61017466e-01 4.83843774e-01
    6.69896007e-02 3.98301631e-01 5.27158022e-01 6.20933294e-01
    9.73392487e-01 2.95816660e-02 8.38168859e-01 4.99117553e-01
    6.11109316e-01 4.29143339e-01 1.83769315e-01 8.30584586e-01
    8.63909483e-01 9.64127958e-01 1.26202703e-02 7.58594990e-01
    5.61183572e-01 6.50014520e-01 1.77236170e-01 4.06886309e-01
    9.19052362e-01 4.07732785e-01 8.48917246e-01 1.55184478e-01
    6.35763705e-01 4.90216166e-01 6.03994191e-01 8.02344024e-01
    6.85732126e-01 1.58465862e-01 9.32952404e-01 5.79473615e-01
    7.42927194e-02 2.16444135e-02 1.96067482e-01 8.82547259e-01
    7.28371143e-02 2.50497878e-01 8.28719497e-01 6.06145740e-01
    1.99605286e-01 4.01114523e-02 5.89463770e-01 1.36369973e-01
    4.87826675e-01 4.89223003e-01 2.87210852e-01 4.39048618e-01
    6.36054158e-01 9.82426405e-01 7.56224990e-02 2.98160791e-01
    7.24664688e-01 2.18780398e-01 8.50115359e-01 3.24980438e-01
    5.28390944e-01 6.23286724e-01 9.25883055e-01 9.95288372e-01
    8.14332962e-01 6.07294440e-01 3.32058102e-01 8.03505778e-01
    8.79428029e-01 5.72160780e-01 8.54283094e-01 8.89142931e-01
    5.67128241e-01 5.38781703e-01 8.83736789e-01 6.67909682e-02
    8.24231744e-01 8.78024220e-01 7.30222225e-01 9.56660748e-01
    5.12868345e-01 1.20136440e-02 3.51072669e-01 8.46603274e-01
    7.95562506e-01 2.38670826e-01 2.73888856e-01 9.99848723e-01
    5.22214293e-01 5.08581221e-01 9.30632412e-01 1.78908974e-01
    2.29192644e-01 2.43382961e-01 2.94698238e-01 3.83711815e-01
    6.60326958e-01 4.90808994e-01 5.16783118e-01 5.80879271e-01
    4.79726523e-01 7.49833465e-01 7.77053058e-01 8.23818445e-01
    3.11884373e-01 4.59603131e-01 4.61467803e-01 8.29888701e-01
    4.32059884e-01 7.14931726e-01 3.79927754e-01 4.06973153e-01
    2.40102917e-01 9.45500374e-01 8.87147784e-02 7.61750340e-01
    3.72280478e-01 3.67074311e-02 8.57599020e-01 9.73293483e-01
    4.15865541e-01 5.13205826e-01 9.39717650e-01 8.23267221e-01
    4.28550541e-02 1.48671925e-01 7.95364738e-01 7.34716237e-01
    1.85412496e-01 9.78144288e-01 1.42082810e-01 5.35107315e-01
    2.82708049e-01 5.64057887e-01 8.07642043e-02 7.68448353e-01
    7.25706160e-01 2.62771666e-01 7.32027829e-01 3.91058266e-01
    7.73242712e-01 1.67682439e-01 2.25614667e-01 3.91924679e-01
    8.04403186e-01 3.93327564e-01 2.40413755e-01 7.08977520e-01
    4.22777325e-01 7.13806272e-01 4.89634991e-01 8.91307712e-01
    8.57159495e-03 1.78547591e-01 1.96992904e-01 4.72538322e-01
    3.20186555e-01 7.90029407e-01 4.97953087e-01 9.27846074e-01
    8.35494816e-01 4.03037369e-02 9.49434876e-01 7.83307195e-01
    9.81806636e-01 5.35136759e-01 2.60438561e-01 8.50202441e-01
    9.02249575e-01 7.51543641e-02 2.56459117e-01 4.27319825e-01
    4.32495177e-01 2.17167407e-01 6.95506692e-01 4.80157346e-01
    3.37037683e-01 6.78356767e-01 8.10608864e-01 3.20011139e-01
    6.90327585e-01 2.73221612e-01 4.43005383e-01 1.03109837e-01
    1.45056784e-01 2.78743505e-02 4.25619334e-01 4.69781816e-01
    8.28900158e-01 7.33400702e-01 5.07749677e-01 7.35303640e-01
    8.09182942e-01 5.39952159e-01 8.20370972e-01 9.65809822e-02
    6.61199272e-01 3.28520834e-02 8.54839385e-01 5.94422460e-01
    9.88944769e-01 5.72600067e-01 7.20239162e-01 7.05057502e-01
    1.36119425e-01 9.46047306e-02 1.33529842e-01 9.66429830e-01
    2.92008698e-01 4.96155202e-01 6.60428226e-01 9.96558368e-02
    6.44259572e-01 6.39209747e-01 5.47759533e-01 1.09203517e-01
    5.83403528e-01 3.09559703e-01 1.11970305e-01 8.97726417e-01
    3.04652095e-01 1.87650174e-01 2.62800157e-02 7.39931822e-01
    6.45919204e-01 2.69278467e-01 1.23020172e-01 9.88860846e-01
    4.49174643e-03 2.67652571e-01 5.74344456e-01 6.10093951e-01
    9.75452662e-01 8.79737973e-01 8.91048431e-01 4.25721705e-01
    3.24747980e-01 8.80104542e-01 2.38563329e-01 4.96818483e-01
    6.53169036e-01 4.19279397e-01 6.56749308e-01 1.82757676e-02
    8.75687718e-01 3.18523914e-01 6.37454629e-01 9.84844923e-01
    8.31269920e-02 8.18735063e-01 6.75708890e-01 4.90609586e-01
    4.43165779e-01 1.41656369e-01 7.37910748e-01 1.52309179e-01
    9.81730223e-02 2.68133700e-01 5.74070215e-01 8.31681788e-01
    5.17333746e-01 7.41273463e-02 2.23002166e-01 6.82683885e-01
    9.84510958e-01 6.55671954e-02 6.13599896e-01 8.48454714e-01
    4.57090914e-01 2.91068971e-01 4.90286946e-02 6.28470182e-01
    9.61992502e-01 8.10237408e-01 7.11934388e-01 9.82145429e-01
    2.13275164e-01 5.96598864e-01 8.40506077e-01 5.26569963e-01
    8.15756857e-01 7.59840727e-01 9.43334937e-01 8.31747532e-01
    1.39114708e-01 4.71212953e-01 3.37001026e-01 1.50366724e-01
    3.59079838e-01 7.36711144e-01 4.57940102e-01 6.60583913e-01
    4.45379615e-01 6.07874274e-01 1.33637339e-01 8.39351594e-01
    2.19709873e-01 1.73069388e-01 8.81222367e-01 9.23954070e-01
    3.71957898e-01 8.85380626e-01 3.62789869e-01 3.41362238e-01
    7.20553279e-01 9.71328020e-01 2.26825774e-02 1.50730938e-01
    8.62728834e-01 3.53351742e-01 7.93550372e-01 9.64501560e-01
    9.94221032e-01 1.99629039e-01 8.15136433e-01 9.44350064e-01
    8.77166033e-01 7.95442581e-01 6.65160477e-01 9.84165072e-01
    7.70325422e-01 1.44389838e-01 4.01275933e-01 3.36295217e-01
    9.46541786e-01 4.58429754e-01 3.91095728e-01 2.50785828e-01
    8.92972827e-01 8.06721091e-01 3.82407993e-01 8.90393496e-01
    2.11608410e-02 7.81834126e-02 4.70446080e-01 8.36018264e-01
    7.89019287e-01 2.11704671e-02 1.18827254e-01 9.43967402e-01
    7.30141997e-01 8.06223750e-01 7.18803167e-01 6.69054747e-01
    5.74654937e-01 2.29186893e-01 4.60720271e-01 9.96221781e-01
    6.73326552e-01 6.84919238e-01 6.49733067e-01 2.59991974e-01
    9.01582837e-01 5.18449187e-01 1.22740656e-01 4.51726347e-01
    2.18536496e-01 1.73273474e-01 4.68844801e-01 8.38448167e-01
    7.77323127e-01 7.83930421e-02 8.46675396e-01 2.83227712e-01
    9.41195548e-01 1.47086322e-01 3.03817987e-01 1.42734319e-01
    9.01989400e-01 2.87933797e-01 5.24474621e-01 8.84089112e-01
    6.48543417e-01 9.27566409e-01 7.04216123e-01 9.38161135e-01
    2.67725587e-01 9.79834199e-02 5.96575797e-01 3.86101454e-01
    1.09055996e-01 8.95421505e-02 6.83961689e-01 4.03365582e-01
    2.45688438e-01 3.16605270e-02 3.70388925e-01 1.59830838e-01
    6.92706764e-01 9.70627666e-01 6.07044101e-01 9.96335864e-01
    7.94361413e-01 2.00359553e-01 6.00905180e-01 6.65770948e-01
    5.22652030e-01 1.08295828e-01 2.69554794e-01 8.93312633e-01
    2.98288167e-02 6.67821467e-01 5.90390742e-01 3.78377289e-01
    3.73943746e-02 7.51672864e-01 9.26571250e-01 7.56082058e-01
    4.81981844e-01 7.94436872e-01 2.01087177e-01 5.10480106e-01
    8.17574143e-01 6.98170662e-01 7.62337804e-01 2.04409391e-01
    4.53338623e-01 4.33354557e-01 7.89902091e-01 3.61428469e-01
    9.50012207e-01 5.80777764e-01 7.13103533e-01 2.90119112e-01
    7.37092912e-01 8.76249075e-01 5.58790028e-01 2.39222944e-02
    8.69409382e-01 4.68558401e-01 6.49841666e-01 1.55480891e-01
    3.29307199e-01 5.36246836e-01 8.10608864e-01 3.20011139e-01
    6.90327585e-01 2.73221612e-01 4.43005383e-01 1.03109837e-01
    1.45056784e-01 2.78743505e-02 4.25619334e-01 4.69781816e-01
    1.07560962e-01 4.42657262e-01 8.13631237e-01 1.47927105e-02
    9.82680440e-01 8.07584286e-01 5.45263290e-03 4.28029329e-01
    6.76603556e-01 5.42482138e-01 7.59548843e-02 1.25157744e-01
    8.09166729e-02 4.73412603e-01 8.04056168e-01 6.89844191e-02
    1.85091972e-01 2.91776836e-01 8.58655810e-01 8.32061827e-01
    9.76807475e-01 8.76641512e-01 8.74267697e-01 5.09670854e-01
    6.46894872e-01 1.83865607e-01 4.10290509e-01 1.46986812e-01
    7.76560545e-01 4.04530466e-01 8.86996269e-01 1.51610821e-01
    4.20752227e-01 3.41838300e-02 2.24161923e-01 9.02771652e-01
    4.16992694e-01 4.15138662e-01 1.59979492e-01 9.29776311e-01
    6.98039651e-01 5.14963150e-01 5.03981590e-01 2.83987403e-01
    9.74786639e-01 8.55897725e-01 2.85775423e-01 7.88124025e-01
    3.39199752e-01 9.29979444e-01 4.97577757e-01 4.39508557e-01
    7.26702094e-01 3.27254534e-01 5.22583544e-01 6.45317972e-01
    2.28295207e-01 1.15351617e-01 9.59453821e-01 5.65536678e-01
    8.75456691e-01 1.86918497e-01 4.69098240e-01 7.27226019e-01
    1.35767758e-02 6.04100525e-02 8.16473722e-01 9.18946922e-01
    2.18362004e-01 7.02909112e-01 7.95011163e-01 8.19299340e-01
    9.23435450e-01 5.41712880e-01 8.79036188e-01 3.80215734e-01
    6.26571894e-01 6.25428259e-01 6.58348203e-02 1.02537692e-01
    1.59458965e-01 6.23579443e-01 2.51280725e-01 8.33039880e-01
    2.43527681e-01 2.45478213e-01 3.31017137e-01 7.91653395e-01
    1.20096445e-01 9.14715350e-01 9.86592412e-01 6.32385969e-01
    8.05576801e-01 6.41858339e-01 5.24737477e-01 4.40654755e-02
    9.46286678e-01 6.99007332e-01 2.15234667e-01 3.93859744e-01
    8.93884182e-01 3.13258827e-01 1.44649327e-01 4.21746135e-01
    9.61375117e-01 7.37172902e-01 9.94738936e-01 5.36527574e-01
    4.31682110e-01 1.68740958e-01 5.96184075e-01 4.48003113e-02
    9.47173595e-01 5.45473278e-01 4.77728307e-01 9.41373646e-01
    7.84991622e-01 4.72697943e-01 4.90618080e-01 1.66616708e-01
    6.53622508e-01 7.87479103e-01 3.84980440e-03 3.97166371e-01
    2.77581096e-01 4.71807450e-01 1.43104553e-01 6.10232770e-01
    5.30730426e-01 7.27933526e-01 2.04884410e-02 2.04495162e-01
    6.72771692e-01 2.04800606e-01 1.56283259e-01 1.53126389e-01
    8.66469860e-01 7.32278645e-01 8.67889643e-01 5.73958158e-01
    7.09302068e-01 3.53612959e-01 8.96000922e-01 4.07492965e-01
    2.55539626e-01 7.06854582e-01 9.17327881e-01 6.31013930e-01
    4.80415881e-01 8.00097585e-02 2.34471560e-01 4.96625662e-01
    2.25180030e-01 8.46449733e-02 3.24276358e-01 1.34135067e-01
    9.15730953e-01 6.05442345e-01 6.94791496e-01 4.53680247e-01
    8.75053346e-01 6.30498707e-01 3.25126469e-01 5.83530664e-01
    8.09079409e-01 4.24080223e-01 1.76881552e-01 7.90838242e-01
    8.75189543e-01 7.97363400e-01 7.35949874e-01 6.20398164e-01
    4.52356070e-01 1.92013502e-01 2.84900367e-02 7.14311421e-01
    5.57372570e-01 2.12466061e-01 4.94367450e-01 8.31762195e-01
    2.45160937e-01 9.62104559e-01 4.55354482e-01 9.59419847e-01
    5.51772177e-01 3.59606445e-02 9.70063031e-01 7.11837351e-01
    4.91823763e-01 3.14495564e-01 2.49641746e-01 2.27738351e-01
    3.61129999e-01 4.94057149e-01 6.62693083e-02 4.38639462e-01
    2.83271223e-01 8.73182297e-01 4.41511929e-01 1.59085453e-01
    4.57567155e-01 2.88415462e-01 8.98393869e-01 6.68969095e-01
    2.86478102e-02 1.62541956e-01 7.92328179e-01 7.89049327e-01
    4.07645047e-01 7.03250647e-01 9.95945036e-01 4.59015608e-01
    1.18600368e-01 1.03847682e-01 6.16995454e-01 4.41281378e-01
    3.26729298e-01 8.03026557e-02 4.82464224e-01 8.85649741e-01
    6.77581429e-01 7.01847374e-02 9.07296777e-01 8.25711012e-01
    5.10197282e-01 9.91292238e-01 1.63577169e-01 8.26713324e-01
    4.48202372e-01 3.91386330e-01 1.29180849e-02 7.87373662e-01
    5.49723685e-01 3.94294709e-01 9.33787763e-01 9.91093874e-01
    8.47840667e-01 3.64192367e-01 2.71894932e-02 2.24546790e-02
    2.13431865e-01 2.24414319e-01 2.27377862e-01 1.25326961e-01
    9.33987260e-01 7.33966827e-01 6.93398058e-01 9.79233086e-01
    9.68380690e-01 7.30773449e-01 4.97324675e-01 1.59914583e-01
    8.52190018e-01 8.32312107e-01 3.63633752e-01 9.42912936e-01
    1.07560962e-01 4.42657262e-01 8.13631237e-01 1.47927105e-02
    9.82680440e-01 8.07584286e-01 5.45263290e-03 4.28029329e-01
    6.76603556e-01 5.42482138e-01 5.66935003e-01 6.18273020e-03
    1.99414283e-01 6.14526629e-01 8.29775214e-01 7.08981752e-01
    3.61128688e-01 8.75475764e-01 3.17812920e-01 8.08197260e-01
    7.31369793e-01 9.66796219e-01 3.19423556e-01 6.76812232e-01
    2.69197643e-01 8.55553269e-01 6.64174855e-01 4.63034719e-01
    4.63295698e-01 4.05923128e-01 4.50628847e-01 7.37245560e-01
    9.36904728e-01 3.65780234e-01 4.61268991e-01 7.91308939e-01
    3.66919398e-01 1.21568620e-01 6.44996524e-01 1.86456144e-02
    7.00735152e-02 9.94518340e-01 1.41592175e-01 2.07674146e-01
    7.16200471e-02 3.88199806e-01 9.54786777e-01 3.34327966e-01
    4.32796538e-01 7.75827646e-01 1.56629115e-01 6.14370584e-01
    8.89591455e-01 4.73006397e-01 8.57569695e-01 2.13346720e-01
    2.39697188e-01 7.36027539e-01 3.79119009e-01 1.07584596e-02
    9.13066030e-01 1.87560290e-01 1.98365510e-01 3.60057354e-01
    5.96217692e-01 9.09806848e-01 5.97948313e-01 4.74450588e-02
    5.22357702e-01 5.04264414e-01 9.33124542e-01 5.99591613e-01
    4.17174757e-01 7.62284040e-01 8.64120662e-01 7.10052371e-01
    3.63835752e-01 5.01340568e-01 2.80200303e-01 4.39245105e-01
    9.17588949e-01 8.22030306e-01 3.52399051e-01 8.55944037e-01
    5.26871681e-01 8.76626670e-01 1.77329183e-01 9.23337281e-01
    2.32931823e-01 3.61286581e-01 7.11737990e-01 6.87758803e-01
    5.87569356e-01 1.37100816e-01 9.18241382e-01 1.44102633e-01
    8.23576689e-01 3.15499872e-01 5.00377238e-01 2.62839586e-01
    2.66372979e-01 5.14000356e-01 2.47819930e-01 3.73407304e-01
    5.99738359e-01 7.78658450e-01 4.30168450e-01 3.85911018e-01
    9.27512348e-02 4.25098807e-01 2.88705111e-01 8.89926672e-01
    5.00493348e-01 6.08254969e-02 5.81119597e-01 9.56841052e-01
    7.69651175e-01 6.71436250e-01 2.22137362e-01 4.27671969e-01
    6.45700455e-01 8.65243912e-01 9.55516875e-01 7.96997786e-01
    6.82190359e-02 6.53261900e-01 8.32094193e-01 3.19981933e-01
    2.33314872e-01 1.92549974e-01 2.31830388e-01 2.50640333e-01
    5.78406036e-01 8.91201258e-01 5.37738442e-01 6.10535502e-01
    4.40474719e-01 8.73462915e-01 2.00343549e-01 4.37940210e-01
    2.40612805e-01 8.19298923e-02 2.28514850e-01 4.79185164e-01
    3.52334201e-01 8.58736396e-01 9.29919541e-01 1.61061704e-01
    5.81340253e-01 8.42379689e-01 1.21291757e-01 9.50040102e-01
    7.69456148e-01 1.95892662e-01 3.83015275e-01 4.16940212e-01
    6.52686954e-01 1.97378457e-01 6.84170723e-01 7.69039869e-01
    3.10557485e-02 1.58422858e-01 7.11683989e-01 5.84230304e-01
    5.55483997e-02 3.18699300e-01 9.65522408e-01 9.59841669e-01
    8.28021884e-01 6.25641227e-01 9.56399679e-01 6.32496595e-01
    9.93997931e-01 9.10593033e-01 7.98998833e-01 1.04439974e-01
    8.20190191e-01 6.55440867e-01 5.60205162e-01 8.43255103e-01
    1.13845766e-02 9.65452433e-01 2.50155121e-01 4.18654770e-01
    9.44606543e-01 6.19984567e-02 9.62355852e-01 4.20534879e-01
    1.97165310e-02 4.18754458e-01 5.98189890e-01 5.16219139e-02
    7.18483627e-01 6.46876335e-01 9.28304255e-01 7.30138719e-02
    9.31457639e-01 5.45796096e-01 6.40395522e-01 6.72875166e-01
    4.09824193e-01 1.19673699e-01 2.55480349e-01 1.24046862e-01
    8.18273187e-01 1.43634468e-01 4.89469945e-01 4.47038025e-01
    5.88537633e-01 4.08273935e-03 1.77567929e-01 1.01170748e-01
    4.56591249e-01 9.25601959e-01 9.18644428e-01 3.05690974e-01
    2.03421623e-01 8.82050037e-01 1.32042587e-01 7.02225149e-01
    9.30179358e-01 5.34656227e-01 4.74047214e-01 2.82150388e-01
    2.74841309e-01 9.84745920e-02 2.44859755e-02 7.17699409e-01
    4.24441278e-01 2.29232132e-01 9.43061233e-01 9.23529863e-01
    1.07584387e-01 1.86186880e-01 4.36756521e-01 3.98617983e-02
    6.04901433e-01 4.66316849e-01 4.71598208e-02 2.69167304e-01
    4.26020324e-01 7.36719251e-01 3.50546300e-01 9.17620361e-01
    5.86560369e-01 7.20769763e-01 1.72552437e-01 8.28671694e-01
    2.52202272e-01 9.48807359e-01 6.63957477e-01 5.22928834e-02
    6.14450514e-01 3.13202620e-01 1.70882881e-01 4.09349591e-01
    4.10782933e-01 3.47078979e-01 6.82532430e-01 5.45599401e-01
    4.82981205e-01 8.18066657e-01 7.85425186e-01 5.81727266e-01
    1.72488987e-01 7.86578178e-01 5.66935003e-01 6.18273020e-03
    1.99414283e-01 6.14526629e-01 8.29775214e-01 7.08981752e-01
    3.61128688e-01 8.75475764e-01 3.17812920e-01 8.08197260e-01
    2.02215225e-01 8.28854203e-01 7.84490883e-01 8.68200362e-01
    1.81305319e-01 6.25152767e-01 7.69967437e-02 3.96024257e-01
    1.38498932e-01 6.17820024e-01 2.38332838e-01 9.06154335e-01
    9.02786136e-01 4.32042956e-01 9.81286645e-01 5.06733596e-01
    7.24720955e-01 9.17862773e-01 6.25022769e-01 5.29661894e-01
    9.89280641e-01 7.30163038e-01 7.05620527e-01 1.17108524e-01
    6.12323999e-01 9.75906849e-04 3.11254978e-01 8.66394401e-01
    3.58501613e-01 5.04123688e-01 9.35975075e-01 4.89994317e-01
    9.75651741e-01 9.73838329e-01 9.99864042e-02 9.54677224e-01
    8.31108689e-01 1.06103152e-01 1.98661089e-01 3.36458743e-01
    1.16856396e-01 1.89498216e-01 5.62934279e-01 9.01296020e-01
    8.20977211e-01 1.68200463e-01 4.48259056e-01 9.81539905e-01
    8.73179793e-01 6.27710342e-01 4.75441903e-01 9.58522975e-01
    1.29199237e-01 3.95809054e-01 4.53652620e-01 4.55493927e-01
    7.19621480e-02 5.12952387e-01 3.97571802e-01 2.83742249e-01
    4.70786989e-02 9.48345184e-01 6.84212804e-01 9.09355938e-01
    6.42558038e-01 1.96834743e-01 5.07039726e-01 9.94237900e-01
    3.12750518e-01 1.52672946e-01 6.68250203e-01 5.46332717e-01
    4.52205718e-01 2.31919885e-02 7.10988402e-01 7.84011722e-01
    3.20149958e-01 5.15527546e-01 3.72510195e-01 1.26710474e-01
    4.48912859e-01 7.22620189e-02 1.46589786e-01 9.99339283e-01
    6.18979633e-02 5.54125965e-01 7.25009799e-01 4.05247569e-01
    8.94153476e-01 4.27498043e-01 8.74919713e-01 9.57964301e-01
    4.40015435e-01 5.31230509e-01 1.19950891e-01 1.63601041e-01
    1.16596907e-01 4.36380595e-01 2.06058592e-01 5.78277111e-02
    3.54464054e-02 5.50440490e-01 6.03008866e-02 9.11153197e-01
    1.94554985e-01 8.88230562e-01 9.02066231e-01 5.92940092e-01
    3.99389565e-01 6.60809159e-01 4.19544339e-01 1.16150856e-01
    1.56768024e-01 8.06133449e-02 7.16273665e-01 8.87873888e-01
    5.83779454e-01 2.53593802e-01 5.39410710e-02 6.88213706e-01
    6.43850505e-01 2.30172366e-01 5.46790779e-01 5.99681795e-01
    7.90653110e-01 3.74907464e-01 2.46940345e-01 8.77798915e-01
    4.36288059e-01 2.97240496e-01 4.47407007e-01 2.61238039e-01
    2.84884691e-01 1.86651945e-04 2.90761888e-02 5.97329855e-01
    2.55568206e-01 2.55466104e-01 6.22661650e-01 4.49230731e-01
    3.64257514e-01 2.79448926e-02 3.17269444e-01 8.70676398e-01
    6.97443783e-01 2.40986794e-01 7.81524658e-01 7.23522246e-01
    3.01369071e-01 9.68803525e-01 4.13158536e-02 3.54473412e-01
    5.52403510e-01 7.80978680e-01 5.95282197e-01 9.77676392e-01
    1.76338196e-01 2.80593932e-01 7.33243823e-01 7.66972721e-01
    1.61352903e-01 4.92402107e-01 8.10241103e-02 9.85405505e-01
    7.19156265e-01 3.80081356e-01 7.62280583e-01 8.00841093e-01
    5.39233267e-01 4.47449178e-01 8.29165816e-01 4.08092439e-02
    1.54228449e-01 6.95768476e-01 1.72013044e-01 5.28580964e-01
    8.98813725e-01 2.92398632e-02 9.05452847e-01 8.22214246e-01
    6.31920636e-01 5.00685930e-01 8.22946191e-01 1.00940794e-01
    6.08483136e-01 5.67547500e-01 5.24941146e-01 4.62133437e-01
    6.58981979e-01 3.93748403e-01 5.86137295e-01 1.04385108e-01
    7.21682549e-01 5.91335297e-01 9.25013840e-01 2.95836091e-01
    3.38980377e-01 9.00259018e-01 1.66948080e-01 9.58603024e-02
    3.85328442e-01 2.53000617e-01 3.19906473e-02 2.52392262e-01
    5.98110676e-01 7.95018315e-01 3.93977165e-01 9.04783010e-01
    3.42355907e-01 3.68680894e-01 7.00866461e-01 2.15091825e-01
    4.26474214e-02 3.60124826e-01 6.71476126e-02 3.13697517e-01
    7.77400851e-01 3.88514936e-01 2.41458178e-01 1.79965615e-01
    3.40651870e-01 3.13397944e-01 7.62427330e-01 7.93845654e-01
    7.49922216e-01 9.80105221e-01 2.52938807e-01 5.96804559e-01
    5.68718612e-02 9.23315585e-02 8.09637666e-01 9.26356375e-01
    5.61117649e-01 9.65609968e-01 2.91343391e-01 7.30063438e-01
    5.87755263e-01 2.13748038e-01 7.38897145e-01 8.95364881e-01
    5.87847888e-01 7.91438878e-01 7.82631040e-01 3.00019205e-01
    9.39077079e-01 5.76350212e-01 2.93435425e-01 1.57090962e-01
    4.43125218e-01 8.08250666e-01 5.89812756e-01 6.45700693e-02
    8.05780768e-01 3.04583311e-01 9.04806554e-02 3.54530215e-01
    2.02215225e-01 8.28854203e-01 7.84490883e-01 8.68200362e-01
    1.81305319e-01 6.25152767e-01 7.69967437e-02 3.96024257e-01
    1.38498932e-01 6.17820024e-01 1.45520359e-01 4.44577277e-01
    9.11387801e-03 1.53835297e-01 2.81647176e-01 6.95010602e-01
    7.22099721e-01 7.25270629e-01 2.09933370e-01 6.10659122e-01
    4.49656546e-02 6.35021806e-01 9.61132228e-01 3.17146391e-01
    6.55049324e-01 5.54036558e-01 5.60306728e-01 9.65944052e-01
    8.45182896e-01 5.23115993e-02 5.42904139e-02 5.83266735e-01
    6.34777844e-02 9.19613600e-01 8.02308440e-01 7.45666325e-01
    9.23144698e-01 4.64909762e-01 6.29186392e-01 6.80072606e-01
    1.07655108e-01 5.20079315e-01 3.17729235e-01 4.31178719e-01
    4.15818214e-01 6.63713276e-01 7.95737624e-01 3.75967175e-01
    3.59330893e-01 9.29498553e-01 6.88818336e-01 4.66876358e-01
    3.96352828e-01 8.62906992e-01 8.36864650e-01 1.61450565e-01
    7.92178214e-02 3.62709165e-01 2.41922498e-01 3.01123500e-01
    5.19405663e-01 1.21100247e-02 3.88059020e-02 7.50675499e-01
    6.59853697e-01 9.85027671e-01 7.39520431e-01 1.50579244e-01
    4.63117689e-01 6.01083279e-01 4.93669271e-01 8.89175475e-01
    1.37201190e-01 6.63337350e-01 1.55584931e-01 2.07194984e-02
    4.90130246e-01 5.98488331e-01 9.12523746e-01 9.60668504e-01
    3.10456425e-01 4.17974472e-01 8.40665817e-01 1.51318431e-01
    9.91925657e-01 4.15701687e-01 2.00335950e-01 5.46874881e-01
    4.27216530e-01 9.78771329e-01 3.03275228e-01 3.18977267e-01
    2.74900615e-01 2.58865237e-01 6.00902736e-02 5.33227324e-01
    6.47710323e-01 5.40840328e-01 9.25232410e-01 6.07957482e-01
    8.89426827e-01 7.90511370e-01 1.89722002e-01 1.11636519e-03
    9.27643538e-01 8.40614676e-01 3.23627025e-01 7.00972915e-01
    3.63589108e-01 3.27145129e-01 9.64764118e-01 5.17700076e-01
    1.15809739e-02 6.88480735e-01 8.72353733e-01 5.76323628e-01
    4.97428954e-01 7.69735575e-01 8.59508634e-01 9.42564547e-01
    2.43204653e-01 1.24129176e-01 1.74790084e-01 8.33067417e-01
    9.33587313e-01 3.30073148e-01 7.71743059e-02 2.99060941e-02
    8.94901037e-01 4.98064905e-01 5.06175756e-01 5.23570895e-01
    8.82949293e-01 8.47309649e-01 3.43340039e-01 2.45999217e-01
    3.19524825e-01 1.16261512e-01 9.22097325e-01 8.83540988e-01
    2.41220772e-01 2.54616141e-02 9.90658879e-01 5.77909827e-01
    3.27081561e-01 3.75779033e-01 8.86217296e-01 9.94733989e-01
    7.39509106e-01 2.48675346e-02 2.63384789e-01 5.25421679e-01
    4.51938540e-01 4.15145636e-01 5.56656599e-01 4.18961167e-01
    6.60810769e-01 4.28020924e-01 1.27270281e-01 9.78302002e-01
    3.71300578e-02 3.29875588e-01 7.01565027e-01 8.35119963e-01
    2.67845839e-01 5.73368073e-01 9.27109241e-01 9.81076717e-01
    7.16147959e-01 8.06460917e-01 5.64003229e-01 3.53205621e-01
    3.17931920e-01 6.45725608e-01 7.02364683e-01 8.91839147e-01
    8.04178953e-01 8.75416517e-01 4.47748899e-01 5.38900971e-01
    4.96719360e-01 3.59717458e-01 2.20377117e-01 6.12601995e-01
    3.23687911e-01 6.19649708e-01 9.36248362e-01 1.41333431e-01
    7.83870995e-01 8.97871971e-01 1.80902690e-01 8.20462167e-01
    1.60043687e-01 1.13169521e-01 8.02912772e-01 6.12092316e-01
    8.57440293e-01 3.13982308e-01 5.97618282e-01 3.59834909e-01
    9.22314048e-01 9.28874135e-01 6.59573615e-01 6.94380164e-01
    4.80137169e-01 6.42795444e-01 3.84202629e-01 6.87661409e-01
    5.08384705e-02 4.95546550e-01 2.52715111e-01 2.01931536e-01
    1.13557577e-02 9.90610123e-01 6.96936369e-01 1.30226612e-02
    3.83449256e-01 8.39387119e-01 9.13385451e-01 7.87649572e-01
    1.32736653e-01 2.11441040e-01 8.38290811e-01 4.27312285e-01
    3.87404859e-02 6.18833423e-01 2.27397144e-01 9.72069860e-01
    4.18901831e-01 9.97527242e-01 7.99210250e-01 1.38725221e-01
    9.49534237e-01 7.30414331e-01 9.96245563e-01 9.99776721e-01
    5.41191697e-01 4.46518958e-02 8.42005432e-01 6.49682224e-01
    2.09169984e-02 9.22459960e-01 2.46641576e-01 9.26151395e-01
    6.55777335e-01 9.06463444e-01 9.92599607e-01 1.53781086e-01
    1.90047473e-01 7.63696432e-01 9.89344120e-01 6.58402801e-01
    8.09549093e-02 4.65701818e-01 4.74486887e-01 9.74809289e-01
    1.27844155e-01 9.65289474e-01 1.93120480e-01 3.17867100e-01
    1.89136982e-01 5.73922932e-01 3.49836349e-01 5.69956064e-01
    1.37548745e-01 1.06056243e-01 1.45520359e-01 4.44577277e-01
    9.11387801e-03 1.53835297e-01 2.81647176e-01 6.95010602e-01
    7.22099721e-01 7.25270629e-01 2.09933370e-01 6.10659122e-01</data></my_img>
<your_img type_id="opencv-matrix">
  <rows>138</rows>
  <cols>266</cols>
  <dt>f</dt>
  <data>
    0. 0. 0. 0. 0. 0. 0. 0. 0. 0. 0. 0. 0. 0. 0. 0. 0. 0. 0. 0. 0. 0. 0.
    0. 0. 0. 0. 0. 0. 0. 0. 0. 0. 0. 0. 0. 0. 0. 0. 0. 0. 0. 0. 0. 0. 0.
    0. 0. 0. 0. 0. 0. 0. 0. 0. 0. 0. 0. 0. 0. 0. 0. 0. 0. 0. 0. 0. 0. 0.
    0. 0. 0. 0. 0. 0. 0. 0. 0. 0. 0. 0. 0. 0. 0. 0. 0. 0. 0. 0. 0. 0. 0.
    0. 0. 0. 0. 0. 0. 0. 0. 0. 0. 0. 0. 0. 0. 0. 0. 0. 0. 0. 0. 0. 0. 0.
    0. 0. 0. 0. 0. 0. 0. 0. 0. 0. 0. 0. 0. 0. 0. 0. 0. 0. 0. 0. 0. 0. 0.
    0. 0. 0. 0. 0. 0. 0. 0. 0. 0. 0. 0. 0. 0. 0. 0. 0. 0. 0. 0. 0. 0. 0.
    0. 0. 0. 0. 0. 0. 0. 0. 0. 0. 0. 0. 0. 0. 0. 0. 0. 0. 0. 0. 0. 0. 0.
    0. 0. 0. 0. 0. 0. 0. 0. 0. 0. 0. 0. 0. 0. 0. 0. 0. 0. 0. 0. 0. 0. 0.
    0. 0. 0. 0. 0. 0. 0. 0. 0. 0. 0. 0. 0. 0. 0. 0. 0. 0. 0. 0. 0. 0. 0.
    0. 0. 0. 0. 0. 0. 0. 0. 0. 0. 0. 0. 0. 0. 0. 0. 0. 0. 0. 0. 0. 0. 0.
    0. 0. 0. 0. 0. 0. 0. 0. 0. 0. 0. 0. 0. 0. 0. 0. 0. 0. 0. 0. 0. 0. 0.
    0. 0. 0. 0. 0. 0. 0. 0. 0. 0. 0. 0. 0. 0. 0. 0. 0. 0. 0. 0. 0. 0. 0.
    0. 0. 0. 0. 0. 0. 0. 0. 0. 0. 0. 0. 0. 0. 0. 0. 0. 0. 0. 0. 0. 0. 0.
    0. 0. 0. 0. 0. 0. 0. 0. 0. 0. 0. 0. 0. 0. 0. 0. 0. 0. 0. 0. 0. 0. 0.
    0. 0. 0. 0. 0. 0. 0. 0. 0. 0. 0. 0. 0. 0. 0. 0. 0. 0. 0. 0. 0. 0. 0.
    0. 0. 0. 0. 0. 0. 0. 0. 0. 0. 0. 0. 0. 0. 0. 0. 0. 0. 0. 0. 0. 0. 0.
    0. 0. 0. 0. 0. 0. 0. 0. 0. 0. 0. 0. 0. 0. 0. 0. 0. 0. 0. 0. 0. 0. 0.
    0. 0. 0. 0. 0. 0. 0. 0. 0. 0. 0. 0. 0. 0. 0. 0. 0. 0. 0. 0. 0. 0. 0.
    0. 0. 0. 0. 0. 0. 0. 0. 0. 0. 0. 0. 0. 0. 0. 0. 0. 0. 0. 0. 0. 0. 0.
    0. 0. 0. 0. 0. 0. 0. 0. 0. 0. 0. 0. 0. 0. 0. 0. 0. 0. 0. 0. 0. 0. 0.
    0. 0. 0. 0. 0. 0. 0. 0. 0. 0. 0. 0. 0. 0. 0. 0. 0. 0. 0. 0. 0. 0. 0.
    0. 0. 0. 0. 0. 0. 0. 0. 0. 0. 0. 0. 0. 0. 0. 0. 0. 0. 0. 0. 0. 0. 0.
    0. 0. 0. 0. 0. 0. 0. 0. 0. 0. 0. 0. 0. 0. 0. 0. 0. 0. 0. 0. 0. 0. 0.
    0. 0. 0. 0. 0. 0. 0. 0. 0. 0. 0. 0. 0. 0. 0. 0. 0. 0. 0. 0. 0. 0. 0.
    0. 0. 0. 0. 0. 0. 0. 0. 0. 0. 0. 0. 0. 0. 0. 0. 0. 0. 0. 0. 0. 0. 0.
    0. 0. 0. 0. 0. 0. 0. 0. 0. 0. 0. 0. 0. 0. 0. 0. 0. 0. 0. 0. 0. 0. 0.
    0. 0. 0. 0. 0. 0. 0. 0. 0. 0. 0. 0. 0. 0. 0. 0. 0. 0. 0. 0. 0. 0. 0.
    0. 0. 0. 0. 0. 0. 0. 0. 0. 0. 0. 0. 0. 0. 0. 0. 0. 0. 0. 0. 0. 0. 0.
    0. 0. 0. 0. 0. 0. 0. 0. 0. 0. 0. 0. 0. 0. 0. 0. 0. 0. 0. 0. 0. 0. 0.
    0. 0. 0. 0. 0. 0. 0. 0. 0. 0. 0. 0. 0. 0. 0. 0. 0. 0. 0. 0. 0. 0. 0.
    0. 0. 0. 0. 0. 0. 0. 0. 0. 0. 0. 0. 0. 0. 0. 0. 0. 0. 0. 0. 0. 0. 0.
    0. 0. 0. 0. 0. 0. 0. 0. 0. 0. 0. 0. 0. 0. 0. 0. 0. 0. 0. 0. 0. 0. 0.
    0. 0. 0. 0. 0. 0. 0. 0. 0. 0. 0. 0. 0. 0. 0. 0. 0. 0. 0. 0. 0. 0. 0.
    0. 0. 0. 0. 0. 0. 0. 0. 0. 0. 0. 0. 0. 0. 0. 0. 0. 0. 0. 0. 0. 0. 0.
    0. 0. 0. 0. 0. 0. 0. 0. 0. 0. 0. 0. 0. 0. 0. 0. 0. 0. 0. 0. 0. 0. 0.
    0. 0. 0. 0. 0. 0. 0. 0. 0. 0. 0. 0. 0. 0. 0. 0. 0. 0. 0. 0. 0. 0. 0.
    0. 0. 0. 0. 0. 0. 0. 0. 0. 0. 0. 0. 0. 0. 0. 0. 0. 0. 0. 0. 0. 0. 0.
    0. 0. 0. 0. 0. 0. 0. 0. 0. 0. 0. 0. 0. 0. 0. 0. 0. 0. 0. 0. 0. 0. 0.
    0. 0. 0. 0. 0. 0. 0. 0. 0. 0. 0. 0. 0. 0. 0. 0. 0. 0. 0. 0. 0. 0. 0.
    0. 0. 0. 0. 0. 0. 0. 0. 0. 0. 0. 0. 0. 0. 0. 0. 0. 0. 0. 0. 0. 0. 0.
    0. 0. 0. 0. 0. 0. 0. 0. 0. 0. 0. 0. 0. 0. 0. 0. 0. 0. 0. 0. 0. 0. 0.
    0. 0. 0. 0. 0. 0. 0. 0. 0. 0. 0. 0. 0. 0. 0. 0. 0. 0. 0. 0. 0. 0. 0.
    0. 0. 0. 0. 0. 0. 0. 0. 0. 0. 0. 0. 0. 0. 0. 0. 0. 0. 0. 0. 0. 0. 0.
    0. 0. 0. 0. 0. 0. 0. 0. 0. 0. 0. 0. 0. 0. 0. 0. 0. 0. 0. 0. 0. 0. 0.
    0. 0. 0. 0. 0. 0. 0. 0. 0. 0. 0. 0. 0. 0. 0. 0. 0. 0. 0. 0. 0. 0. 0.
    0. 0. 0. 0. 0. 0. 0. 0. 0. 0. 0. 0. 0. 0. 0. 0. 0. 0. 0. 0. 0. 0. 0.
    0. 0. 0. 0. 0. 0. 0. 0. 0. 0. 0. 0. 0. 0. 0. 0. 0. 0. 0. 0. 0. 0. 0.
    0. 0. 0. 0. 0. 0. 0. 0. 0. 0. 0. 0. 0. 0. 0. 0. 0. 0. 0. 0. 0. 0. 0.
    0. 0. 0. 0. 0. 0. 0. 0. 0. 0. 0. 0. 0. 0. 0. 0. 0. 0. 0. 0. 0. 0. 0.
    0. 0. 0. 0. 0. 0. 0. 0. 0. 0. 0. 0. 0. 0. 0. 0. 0. 0. 0. 0. 0. 0. 0.
    0. 0. 0. 0. 0. 0. 0. 0. 0. 0. 0. 0. 0. 0. 0. 0. 0. 0. 0. 0. 0. 0. 0.
    0. 0. 0. 0. 0. 0. 0. 0. 0. 0. 0. 0. 0. 0. 0. 0. 0. 0. 0. 0. 0. 0. 0.
    0. 0. 0. 0. 0. 0. 0. 0. 0. 0. 0. 0. 0. 0. 0. 0. 0. 0. 0. 0. 0. 0. 0.
    0. 0. 0. 0. 0. 0. 0. 0. 0. 0. 0. 0. 0. 0. 0. 0. 0. 0. 0. 0. 0. 0. 0.
    0. 0. 0. 0. 0. 0. 0. 0. 0. 0. 0. 0. 0. 0. 0. 0. 0. 0. 0. 0. 0. 0. 0.
    0. 0. 0. 0. 0. 0. 0. 0. 0. 0. 0. 0. 0. 0. 0. 0. 0. 0. 0. 0. 0. 0. 0.
    0. 0. 0. 0. 0. 0. 0. 0. 0. 0. 0. 0. 0. 0. 0. 0. 0. 0. 0. 0. 0. 0. 0.
    0. 1.03109837e-01 1.45056784e-01 2.78743505e-02 4.25619334e-01
    4.69781816e-01 8.28900158e-01 7.33400702e-01 5.07749677e-01
    7.35303640e-01 8.09182942e-01 5.39952159e-01 8.20370972e-01
    9.65809822e-02 6.61199272e-01 3.28520834e-02 8.54839385e-01
    5.94422460e-01 9.88944769e-01 5.72600067e-01 7.20239162e-01
    7.05057502e-01 1.36119425e-01 9.46047306e-02 1.33529842e-01
    9.66429830e-01 2.92008698e-01 4.96155202e-01 6.60428226e-01
    9.96558368e-02 6.44259572e-01 6.39209747e-01 5.47759533e-01
    1.09203517e-01 5.83403528e-01 3.09559703e-01 1.11970305e-01
    8.97726417e-01 3.04652095e-01 1.87650174e-01 2.62800157e-02
    7.39931822e-01 6.45919204e-01 2.69278467e-01 1.23020172e-01
    9.88860846e-01 4.49174643e-03 2.67652571e-01 5.74344456e-01
    6.10093951e-01 9.75452662e-01 8.79737973e-01 8.91048431e-01
    4.25721705e-01 3.24747980e-01 8.80104542e-01 2.38563329e-01
    4.96818483e-01 6.53169036e-01 4.19279397e-01 6.56749308e-01
    1.82757676e-02 8.75687718e-01 3.18523914e-01 6.37454629e-01
    9.84844923e-01 8.31269920e-02 8.18735063e-01 6.75708890e-01
    4.90609586e-01 4.43165779e-01 1.41656369e-01 7.37910748e-01
    1.52309179e-01 9.81730223e-02 2.68133700e-01 5.74070215e-01
    8.31681788e-01 5.17333746e-01 7.41273463e-02 2.23002166e-01
    6.82683885e-01 9.84510958e-01 6.55671954e-02 6.13599896e-01
    8.48454714e-01 4.57090914e-01 2.91068971e-01 4.90286946e-02
    6.28470182e-01 9.61992502e-01 8.10237408e-01 7.11934388e-01
    9.82145429e-01 2.13275164e-01 5.96598864e-01 8.40506077e-01
    5.26569963e-01 8.15756857e-01 7.59840727e-01 9.43334937e-01
    8.31747532e-01 1.39114708e-01 4.71212953e-01 3.37001026e-01
    1.50366724e-01 3.59079838e-01 7.36711144e-01 4.57940102e-01
    6.60583913e-01 4.45379615e-01 6.07874274e-01 1.33637339e-01
    8.39351594e-01 2.19709873e-01 1.73069388e-01 8.81222367e-01
    9.23954070e-01 3.71957898e-01 8.85380626e-01 3.62789869e-01
    3.41362238e-01 7.20553279e-01 9.71328020e-01 2.26825774e-02
    1.50730938e-01 8.62728834e-01 3.53351742e-01 7.93550372e-01
    9.64501560e-01 9.94221032e-01 1.99629039e-01 8.15136433e-01
    9.44350064e-01 8.77166033e-01 7.95442581e-01 6.65160477e-01
    9.84165072e-01 7.70325422e-01 1.44389838e-01 4.01275933e-01
    3.36295217e-01 9.46541786e-01 4.58429754e-01 3.91095728e-01
    2.50785828e-01 8.92972827e-01 8.06721091e-01 3.82407993e-01
    8.90393496e-01 2.11608410e-02 7.81834126e-02 4.70446080e-01
    8.36018264e-01 7.89019287e-01 2.11704671e-02 1.18827254e-01
    9.43967402e-01 7.30141997e-01 8.06223750e-01 7.18803167e-01
    6.69054747e-01 5.74654937e-01 2.29186893e-01 4.60720271e-01
    9.96221781e-01 6.73326552e-01 6.84919238e-01 6.49733067e-01
    2.59991974e-01 9.01582837e-01 5.18449187e-01 1.22740656e-01
    4.51726347e-01 2.18536496e-01 1.73273474e-01 4.68844801e-01
    8.38448167e-01 7.77323127e-01 7.83930421e-02 8.46675396e-01
    2.83227712e-01 9.41195548e-01 1.47086322e-01 3.03817987e-01
    1.42734319e-01 9.01989400e-01 2.87933797e-01 5.24474621e-01
    8.84089112e-01 6.48543417e-01 9.27566409e-01 7.04216123e-01
    9.38161135e-01 2.67725587e-01 9.79834199e-02 5.96575797e-01
    3.86101454e-01 1.09055996e-01 8.95421505e-02 6.83961689e-01
    4.03365582e-01 2.45688438e-01 3.16605270e-02 3.70388925e-01
    1.59830838e-01 6.92706764e-01 9.70627666e-01 6.07044101e-01
    9.96335864e-01 7.94361413e-01 2.00359553e-01 6.00905180e-01
    6.65770948e-01 5.22652030e-01 1.08295828e-01 2.69554794e-01
    8.93312633e-01 2.98288167e-02 6.67821467e-01 5.90390742e-01
    3.78377289e-01 3.73943746e-02 7.51672864e-01 9.26571250e-01
    7.56082058e-01 4.81981844e-01 7.94436872e-01 2.01087177e-01
    5.10480106e-01 8.17574143e-01 6.98170662e-01 7.62337804e-01
    2.04409391e-01 4.53338623e-01 4.33354557e-01 7.89902091e-01
    3.61428469e-01 9.50012207e-01 5.80777764e-01 7.13103533e-01
    2.90119112e-01 7.37092912e-01 8.76249075e-01 5.58790028e-01
    2.39222944e-02 8.69409382e-01 4.68558401e-01 6.49841666e-01
    1.55480891e-01 3.29307199e-01 5.36246836e-01 8.10608864e-01
    3.20011139e-01 6.90327585e-01 2.73221612e-01 4.43005383e-01 0. 0. 0.
    0. 0. 0. 0. 0. 0. 0. 8.07584286e-01 5.45263290e-03 4.28029329e-01
    6.76603556e-01 5.42482138e-01 7.59548843e-02 1.25157744e-01
    8.09166729e-02 4.73412603e-01 8.04056168e-01 6.89844191e-02
    1.85091972e-01 2.91776836e-01 8.58655810e-01 8.32061827e-01
    9.76807475e-01 8.76641512e-01 8.74267697e-01 5.09670854e-01
    6.46894872e-01 1.83865607e-01 4.10290509e-01 1.46986812e-01
    7.76560545e-01 4.04530466e-01 8.86996269e-01 1.51610821e-01
    4.20752227e-01 3.41838300e-02 2.24161923e-01 9.02771652e-01
    4.16992694e-01 4.15138662e-01 1.59979492e-01 9.29776311e-01
    6.98039651e-01 5.14963150e-01 5.03981590e-01 2.83987403e-01
    9.74786639e-01 8.55897725e-01 2.85775423e-01 7.88124025e-01
    3.39199752e-01 9.29979444e-01 4.97577757e-01 4.39508557e-01
    7.26702094e-01 3.27254534e-01 5.22583544e-01 6.45317972e-01
    2.28295207e-01 1.15351617e-01 9.59453821e-01 5.65536678e-01
    8.75456691e-01 1.86918497e-01 4.69098240e-01 7.27226019e-01
    1.35767758e-02 6.04100525e-02 8.16473722e-01 9.18946922e-01
    2.18362004e-01 7.02909112e-01 7.95011163e-01 8.19299340e-01
    9.23435450e-01 5.41712880e-01 8.79036188e-01 3.80215734e-01
    6.26571894e-01 6.25428259e-01 6.58348203e-02 1.02537692e-01
    1.59458965e-01 6.23579443e-01 2.51280725e-01 8.33039880e-01
    2.43527681e-01 2.45478213e-01 3.31017137e-01 7.91653395e-01
    1.20096445e-01 9.14715350e-01 9.86592412e-01 6.32385969e-01
    8.05576801e-01 6.41858339e-01 5.24737477e-01 4.40654755e-02
    9.46286678e-01 6.99007332e-01 2.15234667e-01 3.93859744e-01
    8.93884182e-01 3.13258827e-01 1.44649327e-01 4.21746135e-01
    9.61375117e-01 7.37172902e-01 9.94738936e-01 5.36527574e-01
    4.31682110e-01 1.68740958e-01 5.96184075e-01 4.48003113e-02
    9.47173595e-01 5.45473278e-01 4.77728307e-01 9.41373646e-01
    7.84991622e-01 4.72697943e-01 4.90618080e-01 1.66616708e-01
    6.53622508e-01 7.87479103e-01 3.84980440e-03 3.97166371e-01
    2.77581096e-01 4.71807450e-01 1.43104553e-01 6.10232770e-01
    5.30730426e-01 7.27933526e-01 2.04884410e-02 2.04495162e-01
    6.72771692e-01 2.04800606e-01 1.56283259e-01 1.53126389e-01
    8.66469860e-01 7.32278645e-01 8.67889643e-01 5.73958158e-01
    7.09302068e-01 3.53612959e-01 8.96000922e-01 4.07492965e-01
    2.55539626e-01 7.06854582e-01 9.17327881e-01 6.31013930e-01
    4.80415881e-01 8.00097585e-02 2.34471560e-01 4.96625662e-01
    2.25180030e-01 8.46449733e-02 3.24276358e-01 1.34135067e-01
    9.15730953e-01 6.05442345e-01 6.94791496e-01 4.53680247e-01
    8.75053346e-01 6.30498707e-01 3.25126469e-01 5.83530664e-01
    8.09079409e-01 4.24080223e-01 1.76881552e-01 7.90838242e-01
    8.75189543e-01 7.97363400e-01 7.35949874e-01 6.20398164e-01
    4.52356070e-01 1.92013502e-01 2.84900367e-02 7.14311421e-01
    5.57372570e-01 2.12466061e-01 4.94367450e-01 8.31762195e-01
    2.45160937e-01 9.62104559e-01 4.55354482e-01 9.59419847e-01
    5.51772177e-01 3.59606445e-02 9.70063031e-01 7.11837351e-01
    4.91823763e-01 3.14495564e-01 2.49641746e-01 2.27738351e-01
    3.61129999e-01 4.94057149e-01 6.62693083e-02 4.38639462e-01
    2.83271223e-01 8.73182297e-01 4.41511929e-01 1.59085453e-01
    4.57567155e-01 2.88415462e-01 8.98393869e-01 6.68969095e-01
    2.86478102e-02 1.62541956e-01 7.92328179e-01 7.89049327e-01
    4.07645047e-01 7.03250647e-01 9.95945036e-01 4.59015608e-01
    1.18600368e-01 1.03847682e-01 6.16995454e-01 4.41281378e-01
    3.26729298e-01 8.03026557e-02 4.82464224e-01 8.85649741e-01
    6.77581429e-01 7.01847374e-02 9.07296777e-01 8.25711012e-01
    5.10197282e-01 9.91292238e-01 1.63577169e-01 8.26713324e-01
    4.48202372e-01 3.91386330e-01 1.29180849e-02 7.87373662e-01
    5.49723685e-01 3.94294709e-01 9.33787763e-01 9.91093874e-01
    8.47840667e-01 3.64192367e-01 2.71894932e-02 2.24546790e-02
    2.13431865e-01 2.24414319e-01 2.27377862e-01 1.25326961e-01
    9.33987260e-01 7.33966827e-01 6.93398058e-01 9.79233086e-01
    9.68380690e-01 7.30773449e-01 4.97324675e-01 1.59914583e-01
    8.52190018e-01 8.32312107e-01 3.63633752e-01 9.42912936e-01
    1.07560962e-01 4.42657262e-01 8.13631237e-01 1.47927105e-02
    9.82680440e-01 0. 0. 0. 0. 0. 0. 0. 0. 0. 0. 7.08981752e-01
    3.61128688e-01 8.75475764e-01 3.17812920e-01 8.08197260e-01
    7.31369793e-01 9.66796219e-01 3.19423556e-01 6.76812232e-01
    2.69197643e-01 8.55553269e-01 6.64174855e-01 4.63034719e-01
    4.63295698e-01 4.05923128e-01 4.50628847e-01 7.37245560e-01
    9.36904728e-01 3.65780234e-01 4.61268991e-01 7.91308939e-01
    3.66919398e-01 1.21568620e-01 6.44996524e-01 1.86456144e-02
    7.00735152e-02 9.94518340e-01 1.41592175e-01 2.07674146e-01
    7.16200471e-02 3.88199806e-01 9.54786777e-01 3.34327966e-01
    4.32796538e-01 7.75827646e-01 1.56629115e-01 6.14370584e-01
    8.89591455e-01 4.73006397e-01 8.57569695e-01 2.13346720e-01
    2.39697188e-01 7.36027539e-01 3.79119009e-01 1.07584596e-02
    9.13066030e-01 1.87560290e-01 1.98365510e-01 3.60057354e-01
    5.96217692e-01 9.09806848e-01 5.97948313e-01 4.74450588e-02
    5.22357702e-01 5.04264414e-01 9.33124542e-01 5.99591613e-01
    4.17174757e-01 7.62284040e-01 8.64120662e-01 7.10052371e-01
    3.63835752e-01 5.01340568e-01 2.80200303e-01 4.39245105e-01
    9.17588949e-01 8.22030306e-01 3.52399051e-01 8.55944037e-01
    5.26871681e-01 8.76626670e-01 1.77329183e-01 9.23337281e-01
    2.32931823e-01 3.61286581e-01 7.11737990e-01 6.87758803e-01
    5.87569356e-01 1.37100816e-01 9.18241382e-01 1.44102633e-01
    8.23576689e-01 3.15499872e-01 5.00377238e-01 2.62839586e-01
    2.66372979e-01 5.14000356e-01 2.47819930e-01 3.73407304e-01
    5.99738359e-01 7.78658450e-01 4.30168450e-01 3.85911018e-01
    9.27512348e-02 4.25098807e-01 2.88705111e-01 8.89926672e-01
    5.00493348e-01 6.08254969e-02 5.81119597e-01 9.56841052e-01
    7.69651175e-01 6.71436250e-01 2.22137362e-01 4.27671969e-01
    6.45700455e-01 8.65243912e-01 9.55516875e-01 7.96997786e-01
    6.82190359e-02 6.53261900e-01 8.32094193e-01 3.19981933e-01
    2.33314872e-01 1.92549974e-01 2.31830388e-01 2.50640333e-01
    5.78406036e-01 8.91201258e-01 5.37738442e-01 6.10535502e-01
    4.40474719e-01 8.73462915e-01 2.00343549e-01 4.37940210e-01
    2.40612805e-01 8.19298923e-02 2.28514850e-01 4.79185164e-01
    3.52334201e-01 8.58736396e-01 9.29919541e-01 1.61061704e-01
    5.81340253e-01 8.42379689e-01 1.21291757e-01 9.50040102e-01
    7.69456148e-01 1.95892662e-01 3.83015275e-01 4.16940212e-01
    6.52686954e-01 1.97378457e-01 6.84170723e-01 7.69039869e-01
    3.10557485e-02 1.58422858e-01 7.11683989e-01 5.84230304e-01
    5.55483997e-02 3.18699300e-01 9.65522408e-01 9.59841669e-01
    8.28021884e-01 6.25641227e-01 9.56399679e-01 6.32496595e-01
    9.93997931e-01 9.10593033e-01 7.98998833e-01 1.04439974e-01
    8.20190191e-01 6.55440867e-01 5.60205162e-01 8.43255103e-01
    1.13845766e-02 9.65452433e-01 2.50155121e-01 4.18654770e-01
    9.44606543e-01 6.19984567e-02 9.62355852e-01 4.20534879e-01
    1.97165310e-02 4.18754458e-01 5.98189890e-01 5.16219139e-02
    7.18483627e-01 6.46876335e-01 9.28304255e-01 7.30138719e-02
    9.31457639e-01 5.45796096e-01 6.40395522e-01 6.72875166e-01
    4.09824193e-01 1.19673699e-01 2.55480349e-01 1.24046862e-01
    8.18273187e-01 1.43634468e-01 4.89469945e-01 4.47038025e-01
    5.88537633e-01 4.08273935e-03 1.77567929e-01 1.01170748e-01
    4.56591249e-01 9.25601959e-01 9.18644428e-01 3.05690974e-01
    2.03421623e-01 8.82050037e-01 1.32042587e-01 7.02225149e-01
    9.30179358e-01 5.34656227e-01 4.74047214e-01 2.82150388e-01
    2.74841309e-01 9.84745920e-02 2.44859755e-02 7.17699409e-01
    4.24441278e-01 2.29232132e-01 9.43061233e-01 9.23529863e-01
    1.07584387e-01 1.86186880e-01 4.36756521e-01 3.98617983e-02
    6.04901433e-01 4.66316849e-01 4.71598208e-02 2.69167304e-01
    4.26020324e-01 7.36719251e-01 3.50546300e-01 9.17620361e-01
    5.86560369e-01 7.20769763e-01 1.72552437e-01 8.28671694e-01
    2.52202272e-01 9.48807359e-01 6.63957477e-01 5.22928834e-02
    6.14450514e-01 3.13202620e-01 1.70882881e-01 4.09349591e-01
    4.10782933e-01 3.47078979e-01 6.82532430e-01 5.45599401e-01
    4.82981205e-01 8.18066657e-01 7.85425186e-01 5.81727266e-01
    1.72488987e-01 7.86578178e-01 5.66935003e-01 6.18273020e-03
    1.99414283e-01 6.14526629e-01 8.29775214e-01 0. 0. 0. 0. 0. 0. 0. 0.
    0. 0. 6.25152767e-01 7.69967437e-02 3.96024257e-01 1.38498932e-01
    6.17820024e-01 2.38332838e-01 9.06154335e-01 9.02786136e-01
    4.32042956e-01 9.81286645e-01 5.06733596e-01 7.24720955e-01
    9.17862773e-01 6.25022769e-01 5.29661894e-01 9.89280641e-01
    7.30163038e-01 7.05620527e-01 1.17108524e-01 6.12323999e-01
    9.75906849e-04 3.11254978e-01 8.66394401e-01 3.58501613e-01
    5.04123688e-01 9.35975075e-01 4.89994317e-01 9.75651741e-01
    9.73838329e-01 9.99864042e-02 9.54677224e-01 8.31108689e-01
    1.06103152e-01 1.98661089e-01 3.36458743e-01 1.16856396e-01
    1.89498216e-01 5.62934279e-01 9.01296020e-01 8.20977211e-01
    1.68200463e-01 4.48259056e-01 9.81539905e-01 8.73179793e-01
    6.27710342e-01 4.75441903e-01 9.58522975e-01 1.29199237e-01
    3.95809054e-01 4.53652620e-01 4.55493927e-01 7.19621480e-02
    5.12952387e-01 3.97571802e-01 2.83742249e-01 4.70786989e-02
    9.48345184e-01 6.84212804e-01 9.09355938e-01 6.42558038e-01
    1.96834743e-01 5.07039726e-01 9.94237900e-01 3.12750518e-01
    1.52672946e-01 6.68250203e-01 5.46332717e-01 4.52205718e-01
    2.31919885e-02 7.10988402e-01 7.84011722e-01 3.20149958e-01
    5.15527546e-01 3.72510195e-01 1.26710474e-01 4.48912859e-01
    7.22620189e-02 1.46589786e-01 9.99339283e-01 6.18979633e-02
    5.54125965e-01 7.25009799e-01 4.05247569e-01 8.94153476e-01
    4.27498043e-01 8.74919713e-01 9.57964301e-01 4.40015435e-01
    5.31230509e-01 1.19950891e-01 1.63601041e-01 1.16596907e-01
    4.36380595e-01 2.06058592e-01 5.78277111e-02 3.54464054e-02
    5.50440490e-01 6.03008866e-02 9.11153197e-01 1.94554985e-01
    8.88230562e-01 9.02066231e-01 5.92940092e-01 3.99389565e-01
    6.60809159e-01 4.19544339e-01 1.16150856e-01 1.56768024e-01
    8.06133449e-02 7.16273665e-01 8.87873888e-01 5.83779454e-01
    2.53593802e-01 5.39410710e-02 6.88213706e-01 6.43850505e-01
    2.30172366e-01 5.46790779e-01 5.99681795e-01 7.90653110e-01
    3.74907464e-01 2.46940345e-01 8.77798915e-01 4.36288059e-01
    2.97240496e-01 4.47407007e-01 2.61238039e-01 2.84884691e-01
    1.86651945e-04 2.90761888e-02 5.97329855e-01 2.55568206e-01
    2.55466104e-01 6.22661650e-01 4.49230731e-01 3.64257514e-01
    2.79448926e-02 3.17269444e-01 8.70676398e-01 6.97443783e-01
    2.40986794e-01 7.81524658e-01 7.23522246e-01 3.01369071e-01
    9.68803525e-01 4.13158536e-02 3.54473412e-01 5.52403510e-01
    7.80978680e-01 5.95282197e-01 9.77676392e-01 1.76338196e-01
    2.80593932e-01 7.33243823e-01 7.66972721e-01 1.61352903e-01
    4.92402107e-01 8.10241103e-02 9.85405505e-01 7.19156265e-01
    3.80081356e-01 7.62280583e-01 8.00841093e-01 5.39233267e-01
    4.47449178e-01 8.29165816e-01 4.08092439e-02 1.54228449e-01
    6.95768476e-01 1.72013044e-01 5.28580964e-01 8.98813725e-01
    2.92398632e-02 9.05452847e-01 8.22214246e-01 6.31920636e-01
    5.00685930e-01 8.22946191e-01 1.00940794e-01 6.08483136e-01
    5.67547500e-01 5.24941146e-01 4.62133437e-01 6.58981979e-01
    3.93748403e-01 5.86137295e-01 1.04385108e-01 7.21682549e-01
    5.91335297e-01 9.25013840e-01 2.95836091e-01 3.38980377e-01
    9.00259018e-01 1.66948080e-01 9.58603024e-02 3.85328442e-01
    2.53000617e-01 3.19906473e-02 2.52392262e-01 5.98110676e-01
    7.95018315e-01 3.93977165e-01 9.04783010e-01 3.42355907e-01
    3.68680894e-01 7.00866461e-01 2.15091825e-01 4.26474214e-02
    3.60124826e-01 6.71476126e-02 3.13697517e-01 7.77400851e-01
    3.88514936e-01 2.41458178e-01 1.79965615e-01 3.40651870e-01
    3.13397944e-01 7.62427330e-01 7.93845654e-01 7.49922216e-01
    9.80105221e-01 2.52938807e-01 5.96804559e-01 5.68718612e-02
    9.23315585e-02 8.09637666e-01 9.26356375e-01 5.61117649e-01
    9.65609968e-01 2.91343391e-01 7.30063438e-01 5.87755263e-01
    2.13748038e-01 7.38897145e-01 8.95364881e-01 5.87847888e-01
    7.91438878e-01 7.82631040e-01 3.00019205e-01 9.39077079e-01
    5.76350212e-01 2.93435425e-01 1.57090962e-01 4.43125218e-01
    8.08250666e-01 5.89812756e-01 6.45700693e-02 8.05780768e-01
    3.04583311e-01 9.04806554e-02 3.54530215e-01 2.02215225e-01
    8.28854203e-01 7.84490883e-01 8.68200362e-01 1.81305319e-01 0. 0. 0.
    0. 0. 0. 0. 0. 0. 0. 6.95010602e-01 7.22099721e-01 7.25270629e-01
    2.09933370e-01 6.10659122e-01 4.49656546e-02 6.35021806e-01
    9.61132228e-01 3.17146391e-01 6.55049324e-01 5.54036558e-01
    5.60306728e-01 9.65944052e-01 8.45182896e-01 5.23115993e-02
    5.42904139e-02 5.83266735e-01 6.34777844e-02 9.19613600e-01
    8.02308440e-01 7.45666325e-01 9.23144698e-01 4.64909762e-01
    6.29186392e-01 6.80072606e-01 1.07655108e-01 5.20079315e-01
    3.17729235e-01 4.31178719e-01 4.15818214e-01 6.63713276e-01
    7.95737624e-01 3.75967175e-01 3.59330893e-01 9.29498553e-01
    6.88818336e-01 4.66876358e-01 3.96352828e-01 8.62906992e-01
    8.36864650e-01 1.61450565e-01 7.92178214e-02 3.62709165e-01
    2.41922498e-01 3.01123500e-01 5.19405663e-01 1.21100247e-02
    3.88059020e-02 7.50675499e-01 6.59853697e-01 9.85027671e-01
    7.39520431e-01 1.50579244e-01 4.63117689e-01 6.01083279e-01
    4.93669271e-01 8.89175475e-01 1.37201190e-01 6.63337350e-01
    1.55584931e-01 2.07194984e-02 4.90130246e-01 5.98488331e-01
    9.12523746e-01 9.60668504e-01 3.10456425e-01 4.17974472e-01
    8.40665817e-01 1.51318431e-01 9.91925657e-01 4.15701687e-01
    2.00335950e-01 5.46874881e-01 4.27216530e-01 9.78771329e-01
    3.03275228e-01 3.18977267e-01 2.74900615e-01 2.58865237e-01
    6.00902736e-02 5.33227324e-01 6.47710323e-01 5.40840328e-01
    9.25232410e-01 6.07957482e-01 8.89426827e-01 7.90511370e-01
    1.89722002e-01 1.11636519e-03 9.27643538e-01 8.40614676e-01
    3.23627025e-01 7.00972915e-01 3.63589108e-01 3.27145129e-01
    9.64764118e-01 5.17700076e-01 1.15809739e-02 6.88480735e-01
    8.72353733e-01 5.76323628e-01 4.97428954e-01 7.69735575e-01
    8.59508634e-01 9.42564547e-01 2.43204653e-01 1.24129176e-01
    1.74790084e-01 8.33067417e-01 9.33587313e-01 3.30073148e-01
    7.71743059e-02 2.99060941e-02 8.94901037e-01 4.98064905e-01
    5.06175756e-01 5.23570895e-01 8.82949293e-01 8.47309649e-01
    3.43340039e-01 2.45999217e-01 3.19524825e-01 1.16261512e-01
    9.22097325e-01 8.83540988e-01 2.41220772e-01 2.54616141e-02
    9.90658879e-01 5.77909827e-01 3.27081561e-01 3.75779033e-01
    8.86217296e-01 9.94733989e-01 7.39509106e-01 2.48675346e-02
    2.63384789e-01 5.25421679e-01 4.51938540e-01 4.15145636e-01
    5.56656599e-01 4.18961167e-01 6.60810769e-01 4.28020924e-01
    1.27270281e-01 9.78302002e-01 3.71300578e-02 3.29875588e-01
    7.01565027e-01 8.35119963e-01 2.67845839e-01 5.73368073e-01
    9.27109241e-01 9.81076717e-01 7.16147959e-01 8.06460917e-01
    5.64003229e-01 3.53205621e-01 3.17931920e-01 6.45725608e-01
    7.02364683e-01 8.91839147e-01 8.04178953e-01 8.75416517e-01
    4.47748899e-01 5.38900971e-01 4.96719360e-01 3.59717458e-01
    2.20377117e-01 6.12601995e-01 3.23687911e-01 6.19649708e-01
    9.36248362e-01 1.41333431e-01 7.83870995e-01 8.97871971e-01
    1.80902690e-01 8.20462167e-01 1.60043687e-01 1.13169521e-01
    8.02912772e-01 6.12092316e-01 8.57440293e-01 3.13982308e-01
    5.97618282e-01 3.59834909e-01 9.22314048e-01 9.28874135e-01
    6.59573615e-01 6.94380164e-01 4.80137169e-01 6.42795444e-01
    3.84202629e-01 6.87661409e-01 5.08384705e-02 4.95546550e-01
    2.52715111e-01 2.01931536e-01 1.13557577e-02 9.90610123e-01
    6.96936369e-01 1.30226612e-02 3.83449256e-01 8.39387119e-01
    9.13385451e-01 7.87649572e-01 1.32736653e-01 2.11441040e-01
    8.38290811e-01 4.27312285e-01 3.87404859e-02 6.18833423e-01
    2.27397144e-01 9.72069860e-01 4.18901831e-01 9.97527242e-01
    7.99210250e-01 1.38725221e-01 9.49534237e-01 7.30414331e-01
    9.96245563e-01 9.99776721e-01 5.41191697e-01 4.46518958e-02
    8.42005432e-01 6.49682224e-01 2.09169984e-02 9.22459960e-01
    2.46641576e-01 9.26151395e-01 6.55777335e-01 9.06463444e-01
    9.92599607e-01 1.53781086e-01 1.90047473e-01 7.63696432e-01
    9.89344120e-01 6.58402801e-01 8.09549093e-02 4.65701818e-01
    4.74486887e-01 9.74809289e-01 1.27844155e-01 9.65289474e-01
    1.93120480e-01 3.17867100e-01 1.89136982e-01 5.73922932e-01
    3.49836349e-01 5.69956064e-01 1.37548745e-01 1.06056243e-01
    1.45520359e-01 4.44577277e-01 9.11387801e-03 1.53835297e-01
    2.81647176e-01 0. 0. 0. 0. 0. 0. 0. 0. 0. 0. 7.42069185e-02
    3.06155980e-01 9.53568399e-01 1.10397965e-01 6.44663215e-01
    3.43616009e-01 1.87937707e-01 7.83633709e-01 7.14222789e-01
    4.98746991e-01 7.99067020e-01 6.31368577e-01 1.60375267e-01
    3.56896788e-01 3.01628113e-02 3.88762504e-01 3.38419676e-01
    1.40526593e-02 1.67751402e-01 3.01471591e-01 2.47835696e-01
    9.32708859e-01 5.84177017e-01 7.93915987e-01 9.68252182e-01
    5.03449500e-01 6.58180177e-01 5.92578530e-01 1.93835706e-01
    4.54960078e-01 4.18678910e-01 3.91602337e-01 4.87050653e-01
    4.98111129e-01 9.47298467e-01 8.41933489e-02 4.37841564e-01
    9.78367448e-01 8.67502391e-02 1.30952805e-01 7.86380410e-01
    4.90189880e-01 3.42944562e-01 8.90665233e-01 6.59180105e-01
    5.75665414e-01 3.20844531e-01 1.11074418e-01 3.42791200e-01
    6.77047014e-01 6.08487189e-01 8.51443410e-02 4.32542562e-01
    9.14056063e-01 8.04259062e-01 7.98498511e-01 9.67298031e-01
    9.39111114e-01 6.33469105e-01 6.89216912e-01 7.95092583e-01
    3.35897803e-01 7.55431414e-01 4.87101972e-02 3.65695059e-01
    8.92270327e-01 5.58510125e-01 7.13167787e-01 9.70024943e-01
    7.58626223e-01 3.80001187e-01 2.23446310e-01 7.04204619e-01
    8.59278083e-01 9.90927160e-01 2.85062611e-01 5.08446097e-01
    8.96347165e-01 7.77093768e-01 1.99882805e-01 5.08846998e-01
    2.06084907e-01 6.89290226e-01 6.61546230e-01 5.52726924e-01
    1.88286841e-01 2.41653115e-01 6.87662303e-01 5.33160567e-01
    4.19901162e-01 3.79032195e-02 5.96871138e-01 8.76669466e-01
    4.19250816e-01 5.10961533e-01 2.86304057e-02 5.55919588e-01
    9.53166485e-01 7.54982471e-01 8.42102110e-01 5.27794540e-01
    9.25239086e-01 3.61352742e-01 2.24592745e-01 7.86261559e-01
    5.78803837e-01 5.92367947e-01 5.11550009e-01 3.75709057e-01
    7.09980011e-01 4.45860535e-01 2.74747252e-01 3.56897235e-01
    1.50858164e-01 6.23485148e-02 5.58307409e-01 8.32835495e-01
    9.61408734e-01 4.54574823e-01 2.82448590e-01 4.76510525e-01
    9.91717219e-01 1.55968189e-01 4.09472525e-01 8.99865866e-01
    8.81534755e-01 3.22361827e-01 6.20728731e-01 1.77586615e-01
    2.04719603e-02 3.29840183e-01 9.40504372e-01 7.52452254e-01
    9.32433724e-01 4.02869344e-01 8.11051726e-02 4.91927534e-01
    9.65474367e-01 1.06650740e-01 5.00408888e-01 2.33720630e-01
    2.08861887e-01 9.73139763e-01 7.90942788e-01 2.53948271e-01
    6.69380724e-01 6.35491431e-01 7.20047474e-01 2.26210803e-01
    2.28168279e-01 4.05213594e-01 1.55728012e-01 3.57445419e-01
    2.57649124e-01 3.14572871e-01 2.28100926e-01 4.55025733e-01
    4.89601165e-01 1.24545455e-01 8.36887002e-01 3.57876539e-01
    6.63204193e-01 8.87640357e-01 5.95752954e-01 1.21376216e-01
    7.78430700e-01 9.88847971e-01 7.86642313e-01 6.88664019e-01
    3.14046443e-01 5.54736555e-01 8.86366487e-01 8.31318438e-01
    5.11147499e-01 7.38391697e-01 5.23927927e-01 1.38745785e-01
    8.03473651e-01 5.38675487e-02 9.50794220e-01 5.55523098e-01
    3.24259996e-01 8.65452826e-01 1.40243769e-02 4.64148849e-01
    4.28254634e-01 1.59697503e-01 6.64869249e-02 2.69547105e-01
    4.86434430e-01 4.55911636e-01 8.64444375e-01 8.54704618e-01
    7.80654192e-01 2.95729160e-01 1.75376356e-01 8.96160007e-01
    8.47374916e-01 6.61946177e-01 8.66809130e-01 8.05804789e-01
    8.33039939e-01 7.29375362e-01 4.86101866e-01 6.30833030e-01
    4.56705987e-01 1.68297112e-01 6.18090093e-01 9.82297897e-01
    3.77984136e-01 2.45359480e-01 2.33644933e-01 1.41171217e-01
    1.53444916e-01 4.46430922e-01 3.12588304e-01 5.21609485e-01
    5.76238096e-01 7.21712947e-01 3.87329817e-01 9.37451124e-01
    4.24838126e-01 4.49100107e-01 3.83168459e-04 4.51711595e-01
    9.09839213e-01 8.77699971e-01 8.97444248e-01 1.28213644e-01
    3.07592154e-01 2.60914564e-01 6.38079166e-01 4.23996210e-01
    4.65433925e-01 3.72582078e-01 2.07201838e-01 5.17461061e-01
    1.42122239e-01 5.14330864e-01 1.27152026e-01 3.58167797e-01
    4.67074513e-02 5.10825038e-01 4.68963742e-01 9.57991958e-01
    4.20249760e-01 7.49210894e-01 6.28823638e-02 5.10927498e-01
    2.99950242e-01 6.84519470e-01 3.31281781e-01 4.34038579e-01
    7.28552103e-01 9.18814540e-02 2.19169378e-01 0. 0. 0. 0. 0. 0. 0. 0.
    0. 0. 8.03008080e-01 6.02936804e-01 2.91403830e-01 9.05386329e-01
    7.72901416e-01 1.54279739e-01 9.23338294e-01 4.18529153e-01
    4.11471725e-02 4.31919366e-01 7.35507429e-01 4.50445771e-01
    9.00921226e-01 7.44256437e-01 5.94192863e-01 5.90569973e-01
    8.56447220e-01 2.83220351e-01 9.40030813e-03 2.55370259e-01
    2.58545578e-02 9.15492356e-01 3.70047599e-01 2.30193675e-01
    3.76763552e-01 9.08784330e-01 6.62047565e-01 9.47653294e-01
    3.84939373e-01 8.69200766e-01 8.99101198e-01 5.89915037e-01
    2.23152429e-01 1.29547715e-03 6.50259256e-01 2.08777905e-01
    8.05830717e-01 4.51525450e-01 2.05935419e-01 1.22970551e-01
    8.28126073e-03 6.52515590e-01 8.15685928e-01 2.63013244e-01
    8.46067429e-01 7.73059428e-02 4.86973584e-01 2.23143697e-01
    2.02716917e-01 7.63499498e-01 7.92354882e-01 9.96005177e-01
    4.06443894e-01 2.29894519e-01 9.84224796e-01 2.04818577e-01
    1.11869782e-01 9.07553792e-01 1.45071536e-01 9.67051923e-01
    5.83844185e-01 1.80556774e-02 8.85042906e-01 6.92851007e-01
    3.03858966e-01 2.21849680e-02 9.79738355e-01 5.68193197e-02
    8.97731304e-01 4.61926579e-01 4.34902847e-01 1.57532811e-01
    9.83738720e-01 7.68074274e-01 2.82482505e-02 9.84513402e-01
    4.60286468e-01 3.87186021e-01 3.06009829e-01 7.97917485e-01
    3.78020793e-01 9.18322027e-01 1.77937865e-01 1.11340344e-01
    9.24051464e-01 3.02079916e-02 9.88035679e-01 7.92783022e-01
    9.12295461e-01 3.65145802e-01 8.97858799e-01 5.69635451e-01
    4.68083978e-01 3.05155218e-01 1.69934869e-01 5.48722625e-01
    2.92203128e-02 5.93796968e-01 2.47107625e-01 4.47639316e-01
    2.84597397e-01 6.07883036e-02 1.07189387e-01 3.80612373e-01
    6.56862378e-01 8.37478817e-01 9.20491219e-01 9.16895270e-03
    7.65051603e-01 5.70429862e-01 5.68975508e-02 5.12618721e-01
    3.17974329e-01 3.95871580e-01 2.53189415e-01 3.59224170e-01
    1.68247640e-01 3.45216930e-01 7.83674121e-01 1.37918174e-01
    7.58906603e-01 4.26649243e-01 1.50542527e-01 6.37065411e-01
    1.16942406e-01 4.81808186e-02 7.63497710e-01 2.68904716e-01
    4.18118179e-01 5.03400683e-01 5.18603086e-01 2.98908532e-01
    5.10612845e-01 4.83445942e-01 5.70704699e-01 3.08621883e-01
    2.83118427e-01 9.20922875e-01 2.35756099e-01 1.11585170e-01
    9.85898852e-01 5.08875370e-01 8.24255109e-01 7.62879789e-01
    9.52718258e-01 5.78460097e-02 9.57920015e-01 8.00329804e-01
    7.77120292e-02 8.60448003e-01 9.84659493e-02 5.66504121e-01
    6.74485326e-01 6.85152292e-01 2.42519885e-01 1.73342109e-01
    1.52975082e-01 7.32149601e-01 7.48524010e-01 8.43240142e-01
    1.04384035e-01 3.32413495e-01 9.03365791e-01 8.91198993e-01
    3.24741125e-01 8.26631904e-01 6.55993283e-01 8.22852373e-01
    6.74077868e-01 8.80226314e-01 9.21456456e-01 1.61123753e-01
    2.84109712e-02 8.41357470e-01 4.07541931e-01 6.11366332e-01
    8.58869731e-01 4.31339443e-02 2.42308259e-01 6.40645266e-01
    5.66166103e-01 3.24828327e-02 6.06988549e-01 4.39903438e-01
    7.28504479e-01 7.12103486e-01 5.72827518e-01 1.59582645e-01
    6.47952795e-01 2.22865611e-01 6.76710606e-02 1.32600278e-01
    8.71303916e-01 2.42885083e-01 9.74574506e-01 8.89454305e-01
    8.68624330e-01 4.38652366e-01 6.96083188e-01 4.71605718e-01
    4.41080362e-01 3.17687333e-01 6.51674330e-01 5.41696727e-01
    5.12555420e-01 1.05499119e-01 9.34908152e-01 3.96502554e-01
    2.99104840e-01 3.63690615e-01 4.27675188e-01 9.30696726e-02
    8.71838689e-01 2.33786792e-01 6.24539256e-01 8.99804175e-01
    2.72522748e-01 7.80738056e-01 1.71262503e-01 9.50940251e-01
    6.37979984e-01 5.33372045e-01 5.40364742e-01 9.32069182e-01
    5.46410501e-01 1.94574296e-01 3.33915383e-01 4.10636067e-01
    6.89432144e-01 6.81208193e-01 3.83809984e-01 3.86269659e-01
    4.62918937e-01 2.83060700e-01 6.29198968e-01 9.31410730e-01
    9.44813550e-01 6.39349043e-01 9.48263228e-01 1.96731031e-01
    2.13108540e-01 1.08860195e-01 5.99371850e-01 9.42627072e-01
    9.06244874e-01 4.81709450e-01 1.12811774e-01 7.47568309e-01
    1.76916361e-01 8.26293826e-01 2.42680520e-01 8.78138423e-01
    1.78378224e-01 1.96166843e-01 6.10984445e-01 9.67956483e-02 0. 0. 0.
    0. 0. 0. 0. 0. 0. 0. 2.07439154e-01 8.15986037e-01 5.84320843e-01
    8.75627041e-01 5.58634877e-01 2.35047072e-01 9.82384801e-01
    2.19882697e-01 2.43038327e-01 3.29592288e-01 6.40489459e-01
    2.04120606e-01 6.88451350e-01 8.37732673e-01 7.38261998e-01
    2.35249221e-01 7.27786124e-01 4.99725789e-01 7.35372424e-01
    4.49355960e-01 3.57142627e-01 2.23964542e-01 3.63621116e-01
    7.07317591e-01 7.80239224e-01 9.58962679e-01 9.11746442e-01
    5.97358644e-01 4.93395686e-01 5.59797883e-01 9.81744409e-01
    9.98504519e-01 7.68530846e-01 7.27558315e-01 9.43890452e-01
    8.75742912e-01 2.21087128e-01 8.27623487e-01 4.38482374e-01
    4.57345515e-01 1.43780559e-01 6.84797883e-01 8.93384457e-01
    4.29748744e-01 5.62166572e-01 7.13768721e-01 4.52645540e-01
    2.31652260e-01 2.94491410e-01 2.44337171e-01 9.63094950e-01
    7.48186171e-01 4.61882472e-01 6.98817849e-01 1.26123130e-01
    1.07596964e-01 7.79374719e-01 1.76875234e-01 2.53308356e-01
    6.65193081e-01 4.71734226e-01 9.72216249e-01 1.69316381e-01
    6.81057274e-01 9.75288928e-01 3.50412041e-01 2.08135277e-01
    8.69269192e-01 6.69972599e-02 4.97109383e-01 4.99544531e-01
    6.11222982e-02 4.06661689e-01 4.66880858e-01 4.52186495e-01
    3.65421861e-01 3.86165828e-01 6.32044077e-01 4.42432463e-01
    5.42002857e-01 5.26902795e-01 6.08669639e-01 1.88119918e-01
    4.21948582e-01 5.50302565e-02 2.18557090e-01 2.76876330e-01
    4.35122430e-01 6.59368634e-02 8.47311914e-01 9.89004850e-01
    6.78551495e-02 8.16791892e-01 2.47131795e-01 2.51395315e-01
    6.39285684e-01 6.16187096e-01 9.72236514e-01 2.19866842e-01
    8.21852684e-03 1.43586367e-01 1.29000694e-01 2.57367820e-01
    7.64338434e-01 9.14196730e-01 1.35941863e-01 9.54761565e-01
    2.57953048e-01 8.27202916e-01 8.51437092e-01 1.87034547e-01
    8.65785837e-01 6.76530898e-01 2.24037647e-01 2.08078772e-01
    3.50324571e-01 9.80735898e-01 5.28655350e-01 8.79079819e-01
    3.72126520e-01 9.21970487e-01 7.71376491e-01 9.31435525e-01
    4.20130014e-01 8.00557017e-01 2.86555588e-02 6.92105770e-01
    9.12111521e-01 6.50995970e-03 7.94553757e-01 9.56234872e-01
    1.06661230e-01 2.20669359e-01 8.29267859e-01 8.73316526e-02
    8.25719535e-01 5.45864403e-01 6.59215510e-01 3.78553808e-01
    8.34142864e-02 1.91839039e-02 8.58594358e-01 4.42424595e-01
    8.34239006e-01 8.60492587e-02 4.27996427e-01 5.01445115e-01
    7.65331149e-01 8.29229534e-01 6.17485881e-01 5.93111336e-01
    7.69047022e-01 7.93089271e-02 8.11108708e-01 7.40388274e-01
    5.30079305e-02 8.39948893e-01 5.41634202e-01 9.88469601e-01
    3.45722437e-02 3.81961942e-01 6.13822281e-01 6.96183920e-01
    6.69904768e-01 6.12853348e-01 2.72470593e-01 3.01705599e-01
    4.47816521e-01 9.80578244e-01 7.71296382e-01 9.62928176e-01
    6.99415445e-01 7.36660779e-01 1.07531130e-01 7.08706021e-01
    5.77768207e-01 8.33780169e-01 4.88043308e-01 5.70287943e-01
    9.64301288e-01 6.73002005e-03 7.59768009e-01 6.56789839e-01
    4.80239362e-01 3.97603095e-01 5.75066507e-01 8.89558613e-01
    2.13864475e-01 8.79944205e-01 2.32438803e-01 1.03983819e-01
    3.19030464e-01 4.02187318e-01 3.88251185e-01 1.43201649e-02
    7.10759997e-01 5.28551340e-01 8.48105907e-01 8.55244398e-02
    2.79716253e-01 6.01487815e-01 8.12730610e-01 7.67594218e-01
    4.10227776e-02 9.28000987e-01 2.16529667e-01 9.34006691e-01
    9.98539805e-01 1.56303912e-01 4.44736779e-01 3.46881151e-03
    7.68203676e-01 2.02750444e-01 1.75502896e-01 7.45888710e-01
    7.04154551e-01 7.42321610e-02 3.08137238e-02 5.39600492e-01
    9.21723962e-01 1.74753040e-01 8.34158957e-02 4.45655435e-01
    6.30189419e-01 9.00190949e-01 7.74755776e-02 3.44990760e-01
    4.63438243e-01 9.84488606e-01 5.44185400e-01 3.28373492e-01
    4.84213233e-01 3.88754398e-01 7.10100651e-01 8.86178732e-01
    2.42320806e-01 7.61370301e-01 3.15616727e-02 9.73352194e-01
    2.05577999e-01 5.62987447e-01 9.34603930e-01 1.86856359e-01
    7.61670709e-01 4.83515024e-01 1.83995366e-01 3.18820238e-01
    6.31302118e-01 9.19965863e-01 2.98600733e-01 5.71320355e-02
    9.93847489e-01 1.36989355e-03 3.19100559e-01 7.88948953e-01
    4.98128206e-01 0. 0. 0. 0. 0. 0. 0. 0. 0. 0. 2.54598260e-02
    8.42588007e-01 6.91727817e-01 5.76404095e-01 4.12156284e-02
    7.47337520e-01 2.27641940e-01 7.66680479e-01 6.63912952e-01
    9.74669337e-01 6.90807462e-01 3.46022546e-01 9.79697704e-01
    4.67970014e-01 1.60973132e-01 8.61292958e-01 3.15383077e-01
    2.63503969e-01 3.46843511e-01 6.20560467e-01 3.61917913e-01
    5.09453714e-01 6.68923378e-01 8.89890730e-01 2.34299183e-01
    5.56694269e-02 8.93330693e-01 6.93307757e-01 9.21398878e-01
    3.57306898e-02 4.91828203e-01 6.51859164e-01 3.22920293e-01
    2.42558330e-01 1.03991419e-01 6.85161531e-01 4.32133198e-01
    5.81601918e-01 4.24822360e-01 2.50455618e-01 5.29947579e-01
    7.91671216e-01 7.23389685e-02 7.75589705e-01 5.54433823e-01
    6.61468387e-01 4.45548385e-01 7.33144283e-01 6.09002948e-01
    3.00442278e-02 6.28809869e-01 7.75746942e-01 5.72771490e-01
    2.31036007e-01 3.31718236e-01 8.98620129e-01 5.31235039e-01
    5.33391356e-01 8.68239701e-02 6.55019939e-01 5.03702998e-01
    4.47969586e-01 7.23183751e-01 3.77073705e-01 3.14762056e-01
    7.56211281e-01 9.34521973e-01 6.12568915e-01 9.59511578e-01
    9.78244722e-01 3.80320996e-01 7.49548376e-01 8.46123397e-02
    6.63390517e-01 3.01996976e-01 5.47271132e-01 2.40888327e-01
    2.88332015e-01 9.50475693e-01 4.00919229e-01 2.94432074e-01
    1.89611763e-01 3.62027407e-01 7.27227271e-01 6.86829209e-01
    8.94303918e-01 1.68958992e-01 6.61295772e-01 5.24575710e-01
    9.74191248e-01 3.04944456e-01 3.11920017e-01 2.06576437e-01
    9.15766954e-01 5.95822215e-01 3.77757967e-01 7.56166697e-01
    7.85759807e-01 3.35055113e-01 3.79246950e-01 4.98329103e-01
    8.79878759e-01 4.79943961e-01 9.99199152e-01 8.81920159e-02
    7.10610449e-01 1.75625771e-01 4.00683582e-02 3.07561040e-01
    6.50429785e-01 4.18384552e-01 9.98010278e-01 5.09817779e-01
    7.49738276e-01 3.82437736e-01 4.20297205e-01 8.59344363e-01
    3.86118174e-01 7.88113117e-01 8.52249861e-01 8.29568326e-01
    8.15855026e-01 1.62538469e-01 3.43351185e-01 3.99568796e-01
    1.16322249e-01 3.37457150e-01 7.24357843e-01 8.30786765e-01
    2.33889848e-01 2.39475101e-01 6.93984330e-01 9.38823998e-01
    4.46001887e-01 2.97494352e-01 2.19024897e-01 2.94484615e-01
    5.17930090e-01 4.45872486e-01 1.28320813e-01 8.83063316e-01
    6.74748063e-01 3.72246921e-01 7.65711069e-03 2.50921786e-01
    3.10744882e-01 1.66704237e-01 2.08888203e-01 1.65179849e-01
    9.62954164e-02 5.37141025e-01 4.59187150e-01 5.23713052e-01
    9.17646945e-01 6.70154929e-01 6.33312166e-01 4.23963994e-01
    9.64773476e-01 4.82895344e-01 7.31289983e-01 7.46237814e-01
    1.02672011e-01 2.50622779e-01 7.46143818e-01 2.79985458e-01
    9.43539143e-02 9.56997454e-01 8.00410032e-01 2.27963746e-01
    3.17022502e-02 9.99685526e-02 6.44131899e-02 1.49306983e-01
    9.24717665e-01 3.95649910e-01 9.02058780e-02 8.64149570e-01
    3.86994123e-01 6.55921102e-01 2.42082566e-01 1.24496222e-02
    2.26630479e-01 4.74323362e-01 4.09805894e-01 2.46188521e-01
    8.99149477e-01 2.73914605e-01 6.05812967e-02 5.90077400e-01
    7.93101192e-01 5.76812029e-01 5.35260201e-01 9.91371751e-01
    1.00565344e-01 4.75609303e-02 8.36997390e-01 7.23150373e-01
    7.88704693e-01 5.97131550e-01 2.11806267e-01 6.08516037e-01
    8.98087263e-01 5.10741889e-01 7.64502406e-01 3.21159810e-01
    8.49247456e-01 5.01921296e-01 6.51290238e-01 8.80736589e-01
    1.34673685e-01 3.31960917e-01 9.57742810e-01 3.32926959e-01
    8.65892172e-02 7.22041011e-01 1.80477560e-01 4.85067844e-01
    7.38452733e-01 4.47877645e-02 2.96063602e-01 9.58294988e-01
    9.29494381e-01 3.61923397e-01 5.88689089e-01 4.47822511e-01
    4.78284359e-01 5.73716044e-01 8.01717162e-01 8.97101879e-01
    3.23074520e-01 9.83265638e-02 3.56304646e-01 2.59587944e-01
    6.19785547e-01 4.70638841e-01 3.26323658e-01 6.67776823e-01
    6.95668042e-01 5.17543018e-01 3.75452697e-01 2.20406085e-01
    4.81353074e-01 8.98521781e-01 2.33837962e-03 8.60581219e-01
    6.04838729e-01 5.71114302e-01 4.50855136e-01 7.76938677e-01
    1.71323597e-01 7.41010606e-01 2.81037062e-01 2.50015676e-01
    9.67671752e-01 7.08678901e-01 8.42450142e-01 0. 0. 0. 0. 0. 0. 0. 0.
    0. 0. 1.25155956e-01 1.22838318e-01 1.63420886e-01 4.30558741e-01
    6.20094836e-01 9.69402075e-01 2.85988092e-01 1.98625147e-01
    2.96617866e-01 8.58599305e-01 8.36706698e-01 6.39383793e-01
    1.06944889e-01 2.25172043e-02 1.19897753e-01 5.96019268e-01
    9.46413517e-01 8.03168058e-01 9.25345123e-02 2.34567374e-01
    6.55553222e-01 6.67780161e-01 4.22556877e-01 5.71774960e-01
    7.24866867e-01 1.82464182e-01 5.24723887e-01 9.05727506e-01
    7.81853020e-01 6.64818048e-01 6.93103790e-01 6.95768654e-01
    8.94965649e-01 6.66006446e-01 6.67495728e-02 9.83221054e-01
    4.09266710e-01 2.49469280e-02 6.61441743e-01 2.23728776e-01
    7.12171257e-01 7.59594858e-01 9.89879549e-01 1.62381589e-01
    3.02362978e-01 5.64376116e-02 8.20927739e-01 5.99217236e-01
    7.09910333e-01 2.44013280e-01 5.14482856e-01 7.12140918e-01
    1.60694629e-01 4.34406877e-01 7.89433181e-01 3.94950181e-01
    9.26637173e-01 1.83243454e-02 4.18639094e-01 9.02518153e-01
    5.99553764e-01 3.38702798e-01 6.42206430e-01 2.44384706e-02
    2.98151612e-01 4.53685254e-01 6.83586121e-01 2.64478922e-01
    6.57196701e-01 2.11345822e-01 9.79632020e-01 2.84675360e-02
    4.31163043e-01 6.82099342e-01 8.96185637e-01 4.81788099e-01
    4.24801588e-01 1.05596066e-01 2.58052349e-03 1.38924360e-01
    6.37868047e-01 3.48807812e-01 4.74140435e-01 5.97023726e-01
    4.45629478e-01 6.59006715e-01 4.04346824e-01 7.51355350e-01
    9.52971101e-01 8.65451276e-01 9.13422108e-01 1.18925750e-01
    9.76405740e-01 1.18988842e-01 8.84408593e-01 7.78009892e-01
    5.78482509e-01 1.10054970e-01 9.24018562e-01 8.67163360e-01
    2.12861240e-01 3.55804801e-01 7.13145614e-01 1.49603248e-01
    5.15883446e-01 1.13294274e-01 5.40636480e-02 8.41288507e-01
    2.52960742e-01 7.63183713e-01 4.21639264e-01 8.78019333e-01
    7.01767743e-01 1.40047073e-01 5.37470937e-01 5.09241283e-01
    8.91871691e-01 7.76929080e-01 8.53713095e-01 2.74358392e-02
    6.66111887e-01 5.08549929e-01 9.87384558e-01 1.52118742e-01
    6.34565830e-01 3.72241765e-01 2.15747923e-01 8.41295362e-01
    2.45709896e-01 9.29230571e-01 1.97967529e-01 5.49031377e-01
    2.27505326e-01 5.20710409e-01 2.24074453e-01 3.78338337e-01
    5.97777128e-01 9.57701802e-01 5.74478805e-02 7.51602590e-01
    4.10767376e-01 8.10473442e-01 4.52809036e-01 8.09346437e-01
    1.41603053e-01 7.92724788e-01 5.44836760e-01 5.46863675e-01
    1.46978676e-01 5.65161884e-01 2.41745800e-01 6.24605000e-01
    6.82689130e-01 3.12599659e-01 4.63881642e-01 6.46162808e-01
    2.66580343e-01 8.49150836e-01 7.17283130e-01 8.91819358e-01
    1.88502073e-01 8.83321464e-01 3.54481131e-01 2.81672180e-01
    6.22916818e-01 7.74331331e-01 8.27979326e-01 3.83925498e-01
    5.37766695e-01 6.94687188e-01 3.21625531e-01 6.25314116e-01
    5.79001367e-01 4.25114959e-01 8.61176074e-01 2.03223199e-01
    4.45941240e-01 3.74239206e-01 4.64294404e-01 8.85133862e-01
    8.82577717e-01 8.39876175e-01 7.20929801e-01 1.17735714e-01
    9.30630624e-01 1.88050151e-01 7.92751312e-01 5.29821396e-01
    7.86013305e-02 5.61398566e-01 2.25528389e-01 1.84500575e-01
    6.76155329e-01 4.95340139e-01 3.72815013e-01 1.80573761e-01
    8.73684645e-01 7.35959291e-01 8.51618290e-01 6.42632782e-01
    3.64260197e-01 9.94987965e-01 4.59815890e-01 1.92742020e-01
    2.65623927e-01 7.63465106e-01 5.59996605e-01 1.25993073e-01
    2.14418769e-01 4.39056516e-01 3.72456610e-01 9.73169446e-01
    8.59841168e-01 8.87998462e-01 9.79791045e-01 7.19305933e-01
    9.88908052e-01 4.05962288e-01 5.87425530e-02 4.44709122e-01
    5.65247893e-01 5.47874212e-01 3.30887139e-02 3.43653321e-01
    3.23714882e-01 1.88780993e-01 4.55437452e-01 8.69393051e-02
    5.73905051e-01 7.86211252e-01 1.21978968e-01 4.74665374e-01
    4.29680705e-01 6.67140424e-01 3.28983128e-01 9.25342023e-01
    9.61363912e-01 4.00568426e-01 6.92851484e-01 9.33355331e-01
    7.53162503e-01 6.35886431e-01 2.51436830e-01 6.54155552e-01
    4.42537546e-01 5.74856937e-01 9.30780053e-01 4.65155721e-01
    8.33393097e-01 5.21703541e-01 4.64122593e-01 9.11805630e-01
    8.98386717e-01 9.57900763e-01 8.52327764e-01 2.17557490e-01 0. 0. 0.
    0. 0. 0. 0. 0. 0. 0. 4.51862812e-02 6.43143296e-01 9.29115057e-01
    4.18774068e-01 3.64706546e-01 3.32426608e-01 2.66839713e-01
    1.50007516e-01 1.02019012e-02 6.17619872e-01 5.93875527e-01
    7.08536208e-02 3.88490438e-01 6.09637141e-01 9.99352217e-01
    9.07422066e-01 5.28161645e-01 9.22995090e-01 4.66037810e-01
    8.29578102e-01 8.67524028e-01 1.37336463e-01 6.43335283e-02
    4.12252128e-01 7.44132876e-01 8.04276526e-01 6.98787093e-01
    2.84323394e-02 2.81868905e-01 4.97985363e-01 7.56761312e-01
    5.89536726e-01 2.35578328e-01 5.52020729e-01 1.22632205e-01
    3.91004443e-01 9.61749494e-01 5.00303507e-03 4.67971414e-01
    7.91581511e-01 2.16019392e-01 3.28816026e-01 8.37615430e-02
    6.70234799e-01 3.13173711e-01 7.73843586e-01 5.00648320e-01
    3.88059080e-01 3.20588052e-01 7.27242231e-01 3.10966551e-01
    9.25043583e-01 4.90658730e-01 7.74011135e-01 3.24921429e-01
    7.51637399e-01 4.23523098e-01 3.64551842e-01 7.70526230e-01
    2.11199462e-01 5.79392076e-01 3.15020710e-01 4.63768512e-01
    5.11252344e-01 6.18283272e-01 9.53309000e-01 7.71870911e-02
    9.87128377e-01 7.95544505e-01 5.10731399e-01 9.02222872e-01
    1.46706700e-01 8.82992446e-02 1.73186123e-01 9.61998284e-01
    5.69454730e-01 6.11662626e-01 1.03096336e-01 2.45171756e-01
    1.47772133e-02 1.46328390e-01 2.23430157e-01 2.55531073e-01
    8.77925396e-01 7.35215247e-01 9.71319556e-01 1.79155439e-01
    1.43462032e-01 8.81650090e-01 9.94854867e-02 5.68518102e-01
    7.88364053e-01 6.24391377e-01 7.67608285e-01 3.60402882e-01
    8.16371202e-01 7.54608095e-01 4.50758040e-02 7.11982608e-01
    8.85683417e-01 7.68008113e-01 8.77666891e-01 9.47479129e-01
    6.42083108e-01 9.23756778e-01 9.93584991e-01 3.92151117e-01
    3.81412596e-01 9.70635474e-01 1.04820848e-01 6.06322050e-01
    6.99802995e-01 3.17675859e-01 6.94183707e-01 1.95374161e-01
    3.35191727e-01 8.63748193e-01 6.48398757e-01 5.76244473e-01
    9.40710783e-01 6.60707712e-01 7.64418423e-01 4.40931618e-02
    3.41962337e-01 9.02627170e-01 1.87377304e-01 6.47320390e-01
    9.77427363e-01 9.74178553e-01 8.23863626e-01 1.51311487e-01
    1.59936488e-01 6.91841185e-01 4.65394497e-01 4.16336119e-01
    4.37936187e-01 6.44545257e-01 5.56819856e-01 6.20104551e-01
    1.17670625e-01 9.63710904e-01 2.79552609e-01 4.66541946e-02
    6.85413599e-01 8.95617485e-01 4.94825631e-01 7.12469578e-01
    1.96492881e-01 9.81641054e-01 2.96518743e-01 9.40357208e-01
    9.33243513e-01 8.99090171e-02 8.24200094e-01 5.71615696e-01
    3.31513047e-01 4.25498813e-01 1.97832316e-01 4.58201051e-01
    9.68865454e-01 5.76089501e-01 6.95883036e-01 4.46893334e-01
    6.68414652e-01 4.29322481e-01 1.12569302e-01 9.86191392e-01
    3.28373194e-01 3.71981263e-01 3.52038443e-02 4.09703225e-01
    5.02509296e-01 6.07788980e-01 4.39700007e-01 8.37231398e-01
    4.17165875e-01 3.45188916e-01 8.35756242e-01 7.74168372e-01
    2.69435287e-01 9.06695485e-01 1.22134775e-01 1.94276124e-01
    7.02603817e-01 8.34404528e-02 7.90406346e-01 7.02230215e-01
    9.95528996e-02 5.86494446e-01 1.38140023e-02 6.65586293e-01
    8.13256741e-01 5.87530553e-01 4.31358874e-01 6.38832510e-01
    4.35178965e-01 3.30807984e-01 5.54410160e-01 7.47284055e-01
    6.24976516e-01 8.56730223e-01 9.30391252e-02 8.73544574e-01
    8.35685432e-02 1.50759131e-01 5.84010243e-01 7.51758099e-01
    8.32560122e-01 9.42848086e-01 3.77391994e-01 7.27400184e-02
    6.24797583e-01 9.24123287e-01 2.25211263e-01 5.18079817e-01
    8.78515124e-01 5.19467711e-01 7.20459223e-01 5.39191842e-01
    6.52118325e-01 1.02649540e-01 9.64362979e-01 4.93285775e-01
    6.04675829e-01 2.47087181e-02 9.34292555e-01 2.07485616e-01
    9.98250246e-01 6.73699737e-01 9.99473631e-01 4.02094126e-01
    6.91379905e-02 8.41014028e-01 1.98123366e-01 7.97055364e-01
    8.22986782e-01 5.57082355e-01 3.65208864e-01 4.59559023e-01
    7.21873045e-02 1.79768264e-01 5.23004532e-02 2.28028923e-01
    6.37651086e-01 6.12721682e-01 3.13441873e-01 2.37237364e-01
    3.01943958e-01 4.63443100e-01 5.17562032e-01 5.00305712e-01
    1.21511638e-01 8.51348519e-01 7.76384771e-01 3.81702453e-01
    4.15901095e-01 0. 0. 0. 0. 0. 0. 0. 0. 0. 0. 1.50699586e-01
    1.56576991e-01 1.75470144e-01 5.20385623e-01 7.00941443e-01
    3.29501927e-02 5.72283506e-01 7.35607922e-01 8.35217059e-01
    8.02097321e-01 8.01788449e-01 3.18011403e-01 7.14852810e-01
    1.43951774e-02 6.98218822e-01 4.15694475e-01 7.42007315e-01
    2.09178597e-01 6.30497158e-01 6.95929050e-01 3.18912178e-01
    1.79524511e-01 7.71610260e-01 2.84528255e-01 6.37712419e-01
    4.49681133e-01 4.97963339e-01 6.09817863e-01 5.98833680e-01
    4.67728078e-02 7.57855773e-01 2.82036185e-01 5.63567102e-01
    9.99328971e-01 2.70534545e-01 3.68982196e-01 8.20749938e-01
    4.45425719e-01 9.82803464e-01 8.77009928e-02 9.54614878e-01
    7.66506433e-01 6.63862228e-01 9.28895772e-01 5.33816934e-01
    3.71233046e-01 4.66145873e-02 5.42977810e-01 2.16167271e-01
    9.21660364e-02 1.53138578e-01 1.68300360e-01 1.21014148e-01
    5.90383530e-01 2.79600739e-01 6.53921723e-01 2.68315911e-01
    2.25071073e-01 6.37050748e-01 2.72381902e-01 2.83324659e-01
    1.46057010e-01 8.65889192e-01 4.33372676e-01 8.24594855e-01
    7.29800105e-01 1.55835032e-01 5.50415099e-01 8.78357172e-01
    6.85596764e-02 2.18498230e-01 6.87907934e-01 3.16067159e-01
    3.43426526e-01 1.30120456e-01 2.33934909e-01 9.90308046e-01
    4.99038130e-01 3.71449828e-01 4.61970389e-01 2.15033203e-01
    3.50063682e-01 8.58484983e-01 2.83033341e-01 4.83237833e-01
    5.35785317e-01 3.89895916e-01 4.63124722e-01 8.08215737e-02
    4.14310753e-01 2.65894353e-01 5.76706469e-01 5.16291380e-01
    9.24540341e-01 9.45717692e-01 7.99355567e-01 8.40240479e-01
    4.01467800e-01 7.47963905e-01 9.61069822e-01 3.36350501e-01
    2.95071423e-01 1.54519767e-01 5.67180574e-01 3.42692971e-01
    5.83835542e-01 2.36003160e-01 7.75515437e-01 9.24141049e-01
    1.26026452e-01 3.48115921e-01 7.18118191e-01 5.35233378e-01
    4.65237349e-01 9.39170063e-01 9.69361663e-01 9.92446780e-01
    4.61351573e-02 7.16530859e-01 1.20458275e-01 7.17838764e-01
    2.66504228e-01 8.18630695e-01 5.05877614e-01 7.41018713e-01
    5.81227541e-01 3.02910626e-01 5.47877252e-01 1.32000446e-01
    1.10149235e-01 7.63077140e-02 8.88038993e-01 2.86530793e-01
    1.11372292e-01 8.37134004e-01 2.66664684e-01 6.97526097e-01
    3.26515019e-01 6.73458934e-01 9.02218163e-01 4.11938965e-01
    7.61282980e-01 9.13016796e-01 1.82343066e-01 8.46429944e-01
    1.14179671e-01 9.65656996e-01 4.27517295e-03 1.17597044e-01
    1.82724506e-01 7.15930641e-01 5.37791371e-01 4.92140174e-01
    7.99613237e-01 5.30767441e-03 8.21062803e-01 6.17146373e-01
    4.69567001e-01 6.75944149e-01 1.73600286e-01 5.31098187e-01
    1.78578675e-01 3.43825459e-01 7.59253025e-01 2.83093125e-01
    6.79026842e-02 7.19016671e-01 9.59586740e-01 5.82540691e-01
    5.61102748e-01 9.43579674e-02 4.92702037e-01 8.42448711e-01
    6.15438819e-03 9.10784364e-01 9.88793373e-01 3.54440391e-01
    8.12844992e-01 3.19232404e-01 6.71711802e-01 7.68616319e-01
    6.23590291e-01 8.84595215e-02 2.34070659e-01 2.03329861e-01
    6.24085307e-01 8.25679302e-02 6.03210390e-01 3.72120500e-01
    2.81624377e-01 6.98781252e-01 8.62644553e-01 5.32460213e-01
    8.69842052e-01 7.80387640e-01 3.23159575e-01 4.67511803e-01
    5.76614797e-01 8.32796276e-01 3.57921958e-01 3.32218111e-01
    2.86163747e-01 4.25989598e-01 3.56438965e-01 6.76250815e-01
    5.39210618e-01 8.66664052e-02 9.34570312e-01 6.19513392e-01
    3.43583196e-01 6.75986648e-01 8.05752039e-01 7.63202488e-01
    9.84205484e-01 7.44904578e-01 5.86934626e-01 6.59210980e-01
    9.34181452e-01 8.57814670e-01 4.12490189e-01 3.24017614e-01
    8.11541438e-01 8.07063043e-01 8.11797857e-01 3.47574651e-01
    3.66949499e-01 3.06484997e-01 5.00715971e-01 3.93120408e-01
    1.82215810e-01 3.43616933e-01 7.59736061e-01 2.38265872e-01
    4.12900150e-02 1.26941085e-01 6.56427324e-01 1.13533139e-01
    4.34967101e-01 3.13884079e-01 1.67908609e-01 6.20706558e-01
    4.63185698e-01 3.33313555e-01 2.69991279e-01 7.77497590e-02
    8.68133605e-01 2.63223946e-02 3.25808108e-01 4.25011098e-01
    9.52017069e-01 5.41296601e-02 6.34182274e-01 3.02656323e-01
    7.67345428e-01 2.91539013e-01 6.59823120e-01 0. 0. 0. 0. 0. 0. 0. 0.
    0. 0. 6.42055273e-02 3.39333415e-01 4.80784148e-01 8.05474520e-01
    9.03546453e-01 2.05316007e-01 9.98256326e-01 6.87711358e-01
    7.73193717e-01 1.49182379e-02 4.91042465e-01 4.27128762e-01
    1.15005255e-01 8.33279610e-01 2.54437178e-01 5.48995435e-02
    2.61413157e-02 4.35112804e-01 1.62895024e-02 2.29940414e-01
    5.96823454e-01 3.47654432e-01 3.39777470e-02 4.52115715e-01
    7.32366323e-01 8.86682570e-02 6.95742130e-01 1.27295524e-01
    6.76684380e-02 7.22014546e-01 1.64959192e-01 8.39834750e-01
    4.26787287e-01 3.78625870e-01 8.17416787e-01 6.81219101e-01
    2.44922459e-01 5.41659236e-01 1.37009829e-01 8.44175100e-01
    8.69517863e-01 6.32464945e-01 2.50481188e-01 7.08231151e-01
    4.11017388e-01 3.19166660e-01 3.87090206e-01 5.98422348e-01
    3.78124475e-01 5.85120738e-01 4.63088483e-01 7.87548423e-01
    7.26434886e-01 7.09585726e-01 6.70473814e-01 1.16784990e-01
    3.05940151e-01 5.37737966e-01 3.62314641e-01 3.93718481e-03
    9.12524104e-01 2.32477486e-01 4.07240987e-01 1.96561456e-01
    9.81799603e-01 2.89856613e-01 2.13606030e-01 4.09388840e-01
    8.93758833e-01 8.27053368e-01 5.63578606e-01 5.26911736e-01
    3.75324965e-01 2.47987241e-01 9.04681325e-01 6.59380853e-02
    9.56597447e-01 6.41684890e-01 4.41557646e-01 9.99689281e-01
    9.80798960e-01 7.32069075e-01 8.81548822e-01 2.93593943e-01
    9.87401962e-01 5.77433050e-01 7.91028976e-01 2.63720930e-01
    4.84506458e-01 1.77764028e-01 6.71909273e-01 7.64320254e-01
    6.46591663e-01 9.26909745e-01 9.55535531e-01 3.24196517e-01
    4.32931602e-01 9.90270257e-01 7.75700450e-01 7.96754837e-01
    3.23563010e-01 4.89113063e-01 4.50176448e-01 9.49129343e-01
    6.55551195e-01 6.05941713e-02 6.23858511e-01 2.91783094e-01
    5.87488115e-01 9.95002389e-01 9.89694118e-01 9.73150730e-01
    2.87804186e-01 3.58846635e-01 2.96585441e-01 4.36542630e-02
    8.90722871e-01 9.51698065e-01 5.97172379e-01 4.33507472e-01
    2.50101388e-01 5.36863267e-01 1.61533803e-01 2.95423567e-01
    4.71166670e-02 7.77125359e-02 6.87592685e-01 7.79243410e-01
    7.51426935e-01 5.68117499e-02 2.59450227e-01 6.62714779e-01
    7.94658840e-01 2.14978635e-01 5.38092494e-01 2.10811049e-01
    7.17107415e-01 5.13063371e-01 9.19065773e-02 9.20121908e-01
    8.53259206e-01 8.98740828e-01 3.13904107e-01 4.48177457e-01
    6.98726356e-01 3.39366674e-01 1.09582722e-01 9.15993452e-01
    4.57863599e-01 6.39118791e-01 4.35656250e-01 8.15204740e-01
    3.84098470e-01 7.41212249e-01 6.80727184e-01 4.79620993e-02
    7.54068851e-01 7.37289667e-01 2.16568381e-01 4.76979971e-01
    2.47577935e-01 6.26810491e-02 5.85294724e-01 6.43548667e-01
    4.40518171e-01 6.20808363e-01 7.29673982e-01 5.36911905e-01
    9.17169571e-01 5.27938664e-01 8.89206171e-01 1.39896661e-01
    1.89593345e-01 7.33187795e-01 5.96948981e-01 7.57343173e-02
    9.13794398e-01 8.38519335e-01 3.94218266e-01 9.03398931e-01
    1.35636479e-01 5.52894056e-01 6.26846194e-01 5.13194025e-01
    6.02382779e-01 3.42512429e-01 1.64948225e-01 3.66753161e-01
    3.36265862e-01 4.54146773e-01 9.85029101e-01 7.90064812e-01
    4.03044671e-01 3.63903940e-01 9.51575041e-01 5.52648902e-02
    8.22770596e-01 8.90999436e-01 3.89630109e-01 7.66652822e-01
    9.34294820e-01 6.69061065e-01 6.61679029e-01 8.33581448e-01
    8.68752122e-01 3.71985793e-01 6.47069871e-01 2.61460841e-01
    2.51968801e-02 8.50205302e-01 5.61173558e-01 6.28412306e-01
    1.26390070e-01 4.24024791e-01 5.45075357e-01 2.62495756e-01
    7.55536556e-01 7.82306254e-01 3.17439437e-03 1.09382331e-01
    1.13138586e-01 8.84750247e-01 7.82926381e-02 3.46812069e-01
    6.46973610e-01 5.42046726e-02 7.06963956e-01 2.90518016e-01
    8.59661579e-01 3.15391272e-01 6.71666205e-01 7.10485876e-01
    8.25763702e-01 9.25584316e-01 1.11373246e-01 2.96715677e-01
    6.05875254e-01 8.46618116e-02 2.19222575e-01 7.53824353e-01
    2.56739855e-01 2.72542179e-01 3.89838308e-01 3.53898883e-01
    3.17619085e-01 3.95896584e-01 9.71714258e-01 7.35799670e-01
    4.35953021e-01 6.58594966e-02 2.44891673e-01 8.16042721e-01
    1.23244792e-01 1.04242921e-01 3.77914310e-02 5.70683181e-02 0. 0. 0.
    0. 0. 0. 0. 0. 0. 0. 9.90661740e-01 8.01768303e-01 6.88587964e-01
    5.03312051e-02 6.48724675e-01 2.25222409e-02 3.85525972e-01
    6.23610139e-01 4.82927859e-02 1.99722081e-01 1.61972642e-02
    6.50628269e-01 7.51897633e-01 6.61517739e-01 4.62850630e-02
    4.54556078e-01 5.54226100e-01 2.34202087e-01 8.35921645e-01
    9.54023838e-01 9.09449339e-01 5.10175467e-01 3.28613788e-01
    5.79138100e-01 8.08077693e-01 6.26336873e-01 8.55082989e-01
    9.84775126e-02 3.24787676e-01 2.55698085e-01 6.92319870e-03
    1.96257263e-01 3.33332539e-01 2.36721396e-01 2.61953354e-01
    7.39859939e-01 5.95309377e-01 3.31527799e-01 3.65974993e-01
    1.65713847e-01 8.45012784e-01 1.91789001e-01 2.28442252e-01
    2.45798796e-01 4.25096035e-01 7.43125916e-01 8.10051560e-01
    1.68590248e-01 3.49516064e-01 3.38739157e-03 9.01056767e-01
    3.03863704e-01 8.64535570e-04 1.20661914e-01 5.70600927e-02
    5.16156852e-02 1.36657238e-01 2.97732770e-01 6.43641353e-02
    4.39728349e-01 5.00666261e-01 2.02151597e-01 1.38123870e-01
    7.98860073e-01 5.33986688e-01 3.04283261e-01 9.30611312e-01
    6.60414815e-01 2.95030534e-01 4.88629073e-01 7.18100965e-01
    4.75046217e-01 3.52226913e-01 2.55964279e-01 7.14843571e-01
    3.05583447e-01 2.04634458e-01 4.82243627e-01 2.27228194e-01
    4.27298874e-01 6.14601851e-01 2.22726852e-01 4.27936375e-01
    1.42365366e-01 1.65244013e-01 1.56577528e-01 9.01875675e-01
    6.58434987e-01 3.25885713e-02 5.53996921e-01 2.35090554e-02
    1.87244743e-01 4.54490364e-01 9.79654908e-01 7.37564504e-01
    4.11695838e-01 2.27282196e-01 7.18601823e-01 5.61203957e-02
    4.69726622e-02 9.66504216e-01 9.45189714e-01 3.97834003e-01
    5.82022130e-01 4.29864585e-01 2.55752504e-02 4.44437534e-01
    1.38692051e-01 9.03521895e-01 9.09540892e-01 9.89735603e-01
    5.24158120e-01 2.39181310e-01 7.74850070e-01 5.15970170e-01
    4.11463052e-01 5.35625458e-01 5.52004576e-03 8.30560625e-02
    9.15661335e-01 6.27858341e-01 9.26091671e-01 1.04966938e-01
    7.81700313e-02 1.75711125e-01 3.90100062e-01 3.74278903e-01
    7.40346491e-01 9.64805603e-01 6.12167180e-01 9.77988720e-01
    3.42577934e-01 3.43541861e-01 9.64603007e-01 7.68845022e-01
    9.16695893e-02 4.18267161e-01 2.81379104e-01 3.02000970e-01
    5.23430645e-01 6.43841743e-01 9.44326639e-01 7.70375133e-01
    7.05158472e-01 8.44204187e-01 4.95950729e-01 8.47630858e-01
    7.09646344e-02 2.53052711e-01 4.36047196e-01 9.06429827e-01
    6.47133589e-01 5.31998336e-01 4.24884290e-01 2.80881613e-01
    4.62255895e-01 4.91726398e-03 1.31683052e-02 4.61908281e-01
    7.72378325e-01 8.31225514e-01 4.72645998e-01 4.75178689e-01
    2.02259272e-01 1.81031525e-02 6.12573504e-01 1.62034899e-01
    7.39721656e-02 8.81872177e-02 2.13644981e-01 2.36319304e-01
    2.58366108e-01 9.28303301e-02 6.61226869e-01 4.59670424e-01
    3.16623092e-01 1.67555302e-01 4.90015954e-01 7.45707572e-01
    8.99041116e-01 2.18134195e-01 4.88171577e-01 9.10498798e-02
    4.32530880e-01 1.79233342e-01 1.80782437e-01 3.41407359e-02
    9.48675573e-02 7.26938665e-01 7.70255923e-03 5.14122486e-01
    7.67524481e-01 3.92100304e-01 8.66316795e-01 5.08806825e-01
    4.48443621e-01 5.97986042e-01 2.43148416e-01 2.35265493e-01
    2.41828263e-02 4.40641582e-01 3.82117540e-01 7.81987906e-02
    6.46111369e-02 6.98169887e-01 5.11151969e-01 3.02372575e-02
    5.23736179e-01 8.14008236e-01 2.54057229e-01 9.21952963e-01
    4.35060054e-01 9.96840715e-01 4.44633484e-01 2.33090520e-02
    6.06790543e-01 7.16779232e-02 1.39086396e-01 4.86530602e-01
    4.44334775e-01 7.45677352e-01 7.12033927e-01 2.38804996e-01
    5.51668644e-01 1.55825555e-01 4.03500259e-01 4.06942844e-01
    3.88122529e-01 5.32661617e-01 9.44403648e-01 5.33707142e-02
    8.54126513e-02 5.50560772e-01 9.58608150e-01 5.16735971e-01
    2.99447298e-01 6.09423578e-01 4.71198797e-01 6.24162495e-01
    5.64125836e-01 1.35781765e-01 1.24393612e-01 6.29950404e-01
    3.91251206e-01 6.59395754e-01 1.97352141e-01 5.56116223e-01
    6.32451534e-01 8.12829375e-01 9.26967382e-01 7.62053013e-01
    6.47636950e-01 9.87966895e-01 3.82170588e-01 5.21791875e-01
    6.99760318e-02 0. 0. 0. 0. 0. 0. 0. 0. 0. 0. 5.55456400e-01
    3.07306468e-01 9.02612925e-01 9.10943627e-01 7.93020606e-01
    1.81270272e-01 4.85964924e-01 4.52195406e-02 9.14244115e-01
    9.25161421e-01 2.25288451e-01 8.35074782e-01 7.00807989e-01
    2.52082765e-01 7.38916457e-01 8.23436975e-01 8.44713748e-01
    3.20262790e-01 5.03907442e-01 6.19695485e-01 5.43501675e-01
    6.47931397e-02 6.65388227e-01 7.34271824e-01 6.71142817e-01
    6.26264215e-01 2.81510472e-01 8.30700517e-01 9.81114805e-02
    1.30876899e-03 8.04810107e-01 9.63409662e-01 8.85498762e-01
    2.96365231e-01 7.16577053e-01 7.32592344e-02 5.25509417e-02
    7.45181203e-01 5.57286739e-02 9.64323521e-01 4.97004986e-01
    7.49496758e-01 5.58546901e-01 2.25850701e-01 4.99266088e-01
    4.95773852e-02 1.28263533e-01 7.01810598e-01 1.38138711e-01
    2.92086005e-02 5.72221458e-01 7.92177439e-01 2.36961186e-01
    4.58956391e-01 5.68095744e-01 7.28622198e-01 2.22286791e-01
    4.12476629e-01 6.21871293e-01 2.08889097e-01 5.01666605e-01
    5.89008570e-01 1.08010381e-01 7.06468523e-01 3.62325609e-02
    2.70411074e-02 8.06670606e-01 8.19957137e-01 4.45921957e-01
    4.47463244e-01 5.05227268e-01 9.76620674e-01 6.00030243e-01
    3.42037380e-01 7.52422214e-01 8.67357612e-01 7.75059581e-01
    2.99491882e-02 2.86547184e-01 3.37679416e-01 7.23154187e-01
    4.24438298e-01 8.21987152e-01 5.20229340e-03 6.51884258e-01
    2.09845722e-01 4.07445163e-01 2.83525407e-01 6.33179665e-01
    9.24695194e-01 9.73374844e-01 2.82015443e-01 2.70249426e-01
    4.65679139e-01 9.59834695e-01 1.31939679e-01 6.82692170e-01
    5.23272455e-01 6.58112586e-01 5.53888798e-01 4.73346174e-01
    8.83011460e-01 5.63389540e-01 7.24648476e-01 7.08142161e-01
    5.00774741e-01 9.94685590e-02 4.25124407e-01 1.57027304e-01
    5.58775663e-03 2.09147483e-01 6.65918291e-01 4.03263152e-01
    4.76126909e-01 6.14827156e-01 2.17516154e-01 4.64895159e-01
    5.85205317e-01 5.05670011e-01 4.59994376e-02 8.11380625e-01
    7.71142602e-01 4.06107008e-02 4.46951300e-01 8.57762575e-01
    3.44899267e-01 8.73927712e-01 5.34840882e-01 4.74457741e-02
    6.12782061e-01 4.43809152e-01 8.79186749e-01 8.59223843e-01
    5.03641307e-01 8.27755868e-01 1.86196655e-01 8.01563621e-01
    6.87585652e-01 5.96231103e-01 1.22234285e-01 6.33765817e-01
    8.06374073e-01 4.49131548e-01 5.57357848e-01 7.04038084e-01
    4.03560102e-02 9.43234980e-01 9.63759542e-01 8.64475965e-03
    2.74081916e-01 4.24867868e-02 1.48138404e-03 9.97216463e-01
    5.34218669e-01 1.43542796e-01 2.45497644e-01 7.13020205e-01
    9.90939319e-01 6.23696268e-01 1.81618482e-01 6.47615969e-01
    8.75820756e-01 1.54456496e-01 4.18802738e-01 6.20647192e-01
    8.80624056e-01 9.84833360e-01 4.64598060e-01 6.87422514e-01
    4.52878445e-01 6.02045774e-01 2.95929730e-01 7.10366607e-01
    7.31990933e-01 4.28172648e-02 4.41336870e-01 4.08622205e-01
    1.48976892e-01 7.48319626e-01 1.52789295e-01 5.64933479e-01
    8.17490757e-01 8.24213922e-02 9.31482792e-01 3.77325177e-01
    1.60769820e-01 4.02829528e-01 5.08065104e-01 9.54874873e-01
    7.12195694e-01 3.78308773e-01 4.40750241e-01 1.85244977e-02
    9.81651306e-01 7.44280219e-01 4.35241222e-01 6.61437631e-01
    6.54647589e-01 8.14795494e-04 3.49286288e-01 8.69974017e-01
    1.14675462e-02 4.44827765e-01 1.04544491e-01 6.50716901e-01
    3.55925739e-01 8.60660970e-01 6.36171699e-01 5.79419494e-01
    4.13428515e-01 1.27982438e-01 7.72914171e-01 9.59914565e-01
    6.10862613e-01 8.22376847e-01 8.43549669e-01 7.77277946e-01
    6.13426566e-01 7.75248528e-01 7.89645135e-01 3.89758825e-01
    6.84643090e-02 2.42303759e-01 9.11135793e-01 4.93019611e-01
    1.45629257e-01 1.01911455e-01 1.09706372e-01 9.49222803e-01
    8.48533988e-01 5.55404127e-01 7.31703281e-01 9.49645042e-01
    8.47333312e-01 2.51610070e-01 3.42004478e-01 4.93681699e-01
    5.05840063e-01 2.24137545e-01 8.47451329e-01 8.65803719e-01
    1.71807826e-01 5.22011459e-01 5.27871490e-01 7.58045554e-01
    2.71520793e-01 3.13610554e-01 7.17268109e-01 7.04167962e-01
    9.39960241e-01 9.13408458e-01 4.31079030e-01 9.35386181e-01
    7.42307007e-01 2.67750025e-03 9.42076743e-01 0. 0. 0. 0. 0. 0. 0. 0.
    0. 0. 7.09781885e-01 5.33546031e-01 9.76790786e-02 1.89712912e-01
    9.32901084e-01 5.78372180e-02 8.31918716e-02 1.03358984e-01
    8.04655790e-01 2.86325097e-01 3.00174475e-01 7.50612020e-02
    1.20296270e-01 1.65394306e-01 4.58041728e-02 6.60651028e-01
    7.55396485e-01 9.96577144e-01 2.70735800e-01 9.80522871e-01
    2.98680335e-01 7.90951848e-01 8.31185579e-02 2.60832340e-01
    3.64159882e-01 5.73148608e-01 5.77944398e-01 2.90832698e-01
    6.33192897e-01 6.56485677e-01 1.17195547e-02 7.48875737e-01
    9.88986909e-01 8.97547007e-01 9.20720637e-01 3.74817133e-01
    6.10931873e-01 9.75307584e-01 1.19214505e-01 7.09421933e-01
    8.42220187e-01 2.31314003e-01 6.34549022e-01 2.59041309e-01
    5.00806868e-01 7.59650946e-01 8.76044393e-01 3.65776718e-01
    7.63275862e-01 9.01018322e-01 9.38521981e-01 2.74665117e-01
    8.79024267e-02 5.34096658e-01 2.91264892e-01 3.35125327e-02
    3.25197577e-01 8.52925062e-01 9.43069458e-02 9.63777304e-02
    4.81469631e-02 2.84296066e-01 6.93171978e-01 4.51000631e-02
    5.79710007e-01 9.39406395e-01 6.51694059e-01 9.98286903e-02
    3.57748866e-01 9.71637070e-01 7.79874921e-02 4.23099250e-01
    9.00871336e-01 2.28115559e-01 6.27556205e-01 3.03210676e-01
    9.12400126e-01 5.64924121e-01 3.44336748e-01 6.05441689e-01
    8.69952321e-01 3.77927482e-01 6.34478271e-01 4.94120091e-01
    7.41618514e-01 1.25748694e-01 7.26990342e-01 2.23958194e-01
    4.12905455e-01 8.04105937e-01 7.62459815e-01 5.75974584e-03
    7.13949740e-01 9.48600411e-01 3.64710331e-01 6.90254927e-01
    3.60307455e-01 9.02518153e-01 7.57639408e-01 3.03168684e-01
    8.44443381e-01 2.87282467e-01 4.00674313e-01 1.51667833e-01
    5.42380929e-01 5.89928508e-01 2.61251748e-01 9.90194976e-02
    7.65319109e-01 2.70705491e-01 7.28011489e-01 3.02522838e-01
    9.81614470e-01 7.30603218e-01 7.13767946e-01 6.13348186e-02
    2.68207908e-01 6.57119930e-01 5.11077225e-01 6.14266157e-01
    7.65855074e-01 5.35029233e-01 9.20096993e-01 4.56986785e-01
    3.39756131e-01 6.04213595e-01 7.90164173e-01 1.85584068e-01
    4.59980220e-01 5.39933324e-01 2.92655528e-02 3.36414278e-01
    3.26795101e-01 9.40817535e-01 4.54679877e-01 4.54254210e-01
    4.50830162e-02 4.72441405e-01 4.74350065e-01 9.39259171e-01
    9.95541096e-01 3.64857882e-01 4.08654809e-01 1.21054083e-01
    1.75699919e-01 2.14394748e-01 5.79322100e-01 3.25057536e-01
    6.94903553e-01 9.50332165e-01 2.56920874e-01 8.33725452e-01
    8.14319789e-01 2.42062747e-01 1.40228271e-01 9.90477502e-01
    2.30628133e-01 1.93626910e-01 9.25470829e-01 1.76983625e-01
    9.36488509e-01 4.36283678e-01 5.16577840e-01 6.23751998e-01
    3.55399966e-01 8.94806385e-01 4.62930381e-01 1.95887685e-01
    4.11425143e-01 3.53465527e-01 5.49269199e-01 1.96303457e-01
    5.41123986e-01 1.69968754e-01 4.80403274e-01 8.08230639e-01
    5.18202543e-01 5.96950650e-01 3.49295676e-01 4.76790011e-01
    6.83217824e-01 9.42789555e-01 5.71023583e-01 9.25816834e-01
    9.20063078e-01 5.52366853e-01 2.02464789e-01 5.30713618e-01
    2.95266032e-01 2.86015540e-01 4.16912407e-01 8.39596152e-01
    8.75831604e-01 8.90587211e-01 3.04627120e-01 7.99643278e-01
    1.68812394e-01 7.36501455e-01 8.97671223e-01 5.06273031e-01
    5.05214930e-03 1.45632029e-01 5.07081151e-01 5.14561951e-01
    9.91270900e-01 3.39528054e-01 3.90037745e-01 2.07901001e-01
    3.32314074e-01 3.60722244e-01 6.69326901e-01 8.81205916e-01
    7.92332053e-01 5.51325798e-01 4.73499715e-01 1.63825184e-01
    3.34920883e-02 8.18871856e-01 1.80463225e-01 9.68738556e-01
    4.31005865e-01 2.04690903e-01 6.90091074e-01 3.30441475e-01
    8.84321749e-01 4.95836437e-01 8.92699182e-01 2.62339771e-01
    9.00460839e-01 6.91684246e-01 7.80701041e-01 4.23373759e-01
    6.55099154e-01 4.74437714e-01 1.87869847e-01 5.86277246e-01
    1.91688925e-01 9.16360855e-01 7.75830507e-01 5.43542206e-01
    1.63617879e-01 7.48308778e-01 9.19182777e-01 3.53078485e-01
    7.34278083e-01 5.77456057e-01 3.29521298e-03 9.27133203e-01
    8.14717531e-01 1.15388483e-01 8.83100927e-01 2.54113078e-02
    7.87259221e-01 1.04412735e-01 2.88607359e-01 8.70868683e-01 0. 0. 0.
    0. 0. 0. 0. 0. 0. 0. 5.93348801e-01 2.28676051e-01 2.29739368e-01
    4.79145706e-01 1.70784295e-02 2.38193482e-01 6.35173559e-01
    5.18466175e-01 8.26158464e-01 9.93135214e-01 8.41486573e-01
    8.92995954e-01 3.60747933e-01 1.40078425e-01 6.28687143e-01
    5.44341385e-01 5.70593476e-02 3.68070692e-01 6.59216762e-01
    1.15043223e-02 1.64798737e-01 7.20738709e-01 9.58219469e-02
    4.34627235e-02 8.67401958e-01 7.90188789e-01 2.81701177e-01
    2.13892460e-02 1.88355327e-01 3.44307452e-01 6.64234579e-01
    6.87825680e-02 6.26802921e-01 9.45419669e-01 6.63493395e-01
    6.24707222e-01 5.84771514e-01 7.41777122e-01 8.80493879e-01
    5.45028627e-01 3.37246686e-01 4.82884884e-01 9.33896601e-02
    4.65182483e-01 8.33265424e-01 9.36573267e-01 8.29835594e-01
    7.96235263e-01 6.07888937e-01 6.55231476e-01 2.42870450e-01
    9.17460561e-01 9.23772633e-01 8.48995626e-01 1.52010024e-02
    2.32791156e-01 5.87172925e-01 4.21039045e-01 6.27489507e-01
    2.08355188e-01 2.83470154e-01 9.39930022e-01 8.47265840e-01
    8.96141052e-01 8.26446652e-01 5.01105189e-01 9.39462006e-01
    8.04886103e-01 6.57661915e-01 6.25927448e-01 3.60944539e-01
    6.37696862e-01 5.33490181e-01 1.71334147e-01 7.26025343e-01
    2.44272202e-01 7.64025033e-01 9.34019983e-01 7.78058469e-02
    9.92851496e-01 2.73227036e-01 9.94539142e-01 9.35759246e-01
    8.38211060e-01 5.35430431e-01 2.80835837e-01 6.51770532e-01
    4.81925309e-02 7.85759389e-01 7.62536049e-01 8.54413807e-01
    8.26510251e-01 4.39821750e-01 6.29722953e-01 7.16780901e-01
    9.67250824e-01 6.35698140e-02 5.34807444e-01 8.68045747e-01
    5.92002988e-01 8.31735134e-03 4.58114028e-01 3.41736734e-01
    8.76949430e-02 8.69282365e-01 3.65402490e-01 9.55623269e-01
    1.86193883e-02 2.74362385e-01 3.75321507e-02 8.68556023e-01
    1.54722869e-01 7.75987148e-01 6.03671730e-01 6.58393145e-01
    6.53519332e-01 9.31376219e-01 5.14273584e-01 9.77754593e-01
    8.06755662e-01 7.44395494e-01 2.88399607e-01 4.04463679e-01
    9.71585751e-01 9.36079621e-01 9.64523196e-01 9.55142498e-01
    1.72338545e-01 5.55808663e-01 1.79885238e-01 4.46690321e-01
    8.25527966e-01 5.15938580e-01 1.66069508e-01 5.62596619e-02
    7.06397474e-01 6.00670457e-01 6.06942356e-01 1.29322261e-01
    8.40315938e-01 4.61206675e-01 4.10765052e-01 8.62608552e-02
    9.84025717e-01 6.10037804e-01 4.62628037e-01 5.18257082e-01
    8.49972963e-01 9.92268622e-01 8.72739911e-01 1.31767094e-01
    8.39084268e-01 6.16103292e-01 5.51548839e-01 2.59675324e-01
    3.44423532e-01 8.21599603e-01 6.67677701e-01 1.33670479e-01
    9.27095175e-01 7.28917360e-01 2.55965292e-01 9.56968307e-01
    5.16908884e-01 8.41458440e-01 2.32543230e-01 2.19781697e-02
    7.85254478e-01 2.40489542e-01 1.00446969e-01 8.79450440e-01
    8.39781523e-01 3.13238382e-01 3.16431284e-01 5.07325113e-01
    8.88392210e-01 7.07361698e-01 3.98333877e-01 3.74969691e-01
    9.11176562e-01 7.49811232e-02 1.16089076e-01 7.87751079e-01
    3.03387165e-01 9.85789776e-01 8.80608916e-01 9.34453011e-01
    8.00011754e-01 5.28689146e-01 9.45098162e-01 3.52560371e-01
    2.10310072e-01 8.41412187e-01 5.81128001e-01 1.73183411e-01
    9.00663853e-01 4.69228268e-01 6.00541532e-01 7.43508756e-01
    1.31563038e-01 2.19861656e-01 2.85973936e-01 2.12029368e-01
    6.53296709e-04 1.85162097e-01 9.57384586e-01 1.12338454e-01
    4.94613349e-01 6.54249370e-01 6.82447553e-01 7.37852871e-01
    1.58781856e-01 2.39486098e-02 2.52681226e-01 7.07043409e-02
    8.17368031e-02 7.96717644e-01 2.67582476e-01 9.15541351e-01
    5.61032236e-01 8.94275784e-01 1.49148226e-01 5.95012367e-01
    4.24343646e-01 6.53121352e-01 1.41891718e-01 9.74446356e-01
    8.36521864e-01 8.37206423e-01 8.37693512e-02 4.15780038e-01
    4.01397228e-01 3.52438450e-01 4.19762999e-01 3.41378450e-02
    8.01627100e-01 4.55407083e-01 9.82074022e-01 6.67545319e-01
    2.62125134e-02 6.41924083e-01 9.68100548e-01 9.95452344e-01
    6.49133444e-01 6.24211073e-01 7.15748489e-01 9.23074007e-01
    3.53784591e-01 9.59332466e-01 1.85174257e-01 1.56850815e-01
    7.06783175e-01 8.29488158e-01 1.30638659e-01 2.93340296e-01
    5.17735898e-01 0. 0. 0. 0. 0. 0. 0. 0. 0. 0. 8.68246436e-01
    2.29083180e-01 4.89488572e-01 6.34573698e-01 5.07053137e-01
    9.17858779e-01 6.43384933e-01 2.59058475e-01 8.47884774e-01
    2.70333707e-01 9.46137786e-01 2.17517793e-01 2.60862947e-01
    5.19843757e-01 4.72554535e-01 1.20941401e-02 3.69328558e-02
    4.95392412e-01 6.27956748e-01 4.65762764e-01 7.87325501e-01
    9.30052757e-01 1.83413476e-01 5.39303958e-01 8.13708127e-01
    5.49869657e-01 9.87426281e-01 2.64640152e-02 9.62199569e-01
    5.58195889e-01 4.07597721e-01 1.50826573e-03 5.06970942e-01
    2.18773842e-01 3.41902137e-01 8.31862390e-02 7.69508481e-01
    8.08340669e-01 6.39064968e-01 7.91887820e-01 8.25188518e-01
    9.53715444e-01 2.10898459e-01 5.65269887e-01 8.30563009e-02
    4.18597460e-01 9.22372580e-01 6.44734442e-01 3.79658520e-01
    9.35548782e-01 7.99404740e-01 8.03652167e-01 8.46098840e-01
    4.78391498e-01 2.40502030e-01 4.02904123e-01 9.79141116e-01
    9.65331614e-01 7.73856580e-01 2.92636395e-01 3.83738160e-01
    9.16690171e-01 6.46391273e-01 8.38080883e-01 3.93395185e-01
    7.25328207e-01 5.63440561e-01 1.26579434e-01 3.66727263e-01
    3.22360575e-01 3.45765889e-01 4.98660952e-01 7.20503569e-01
    5.91038704e-01 1.41047746e-01 4.34914410e-01 3.07029247e-01
    2.67207682e-01 7.73635507e-02 5.69621623e-01 4.77223694e-02
    2.14163959e-02 8.66655290e-01 2.38053322e-01 1.84994280e-01
    2.38845646e-01 1.80389106e-01 5.70735216e-01 3.63858223e-01
    1.99174911e-01 9.42552269e-01 4.44830656e-01 5.00798941e-01
    4.32312667e-01 6.40551031e-01 8.95292342e-01 2.18469560e-01
    3.92951727e-01 3.08261365e-01 2.27844626e-01 2.92641103e-01
    1.71455294e-01 2.35423952e-01 2.73696721e-01 4.48415369e-01
    9.15061235e-01 5.49596071e-01 7.92898417e-01 3.98109138e-01
    4.39432114e-01 5.90348423e-01 2.95476973e-01 1.33295000e-01
    1.44746214e-01 3.34760487e-01 7.56784558e-01 5.98840475e-01
    8.36875021e-01 6.25251293e-01 1.91190422e-01 5.62926412e-01
    1.89466476e-01 2.37367719e-01 3.90955925e-01 4.90949571e-01
    1.42369390e-01 7.58655310e-01 4.39583421e-01 6.66211784e-01
    4.37894434e-01 1.98648483e-01 4.41166103e-01 2.14280784e-02
    7.18860090e-01 1.84396088e-01 4.36152577e-01 3.62502307e-01
    4.88328427e-01 4.70403850e-01 8.96472752e-01 7.45359480e-01
    7.37767935e-01 7.98839629e-02 6.31596744e-02 7.51122832e-01
    4.47272658e-01 5.99781871e-01 5.74968636e-01 7.59187102e-01
    1.44675732e-01 6.32683218e-01 6.69315994e-01 2.58517087e-01
    2.41184264e-01 8.21221113e-01 8.82353365e-01 7.32240617e-01
    9.38935161e-01 7.52221882e-01 2.75503337e-01 6.83379173e-03
    4.14337158e-01 2.18261361e-01 7.99484253e-01 5.32906532e-01
    5.76134622e-02 1.54648870e-01 1.01508588e-01 9.48827207e-01
    8.75425577e-01 3.42431515e-01 1.25619829e-01 5.01811862e-01
    1.95444226e-01 2.38565922e-01 1.49465770e-01 3.17546606e-01
    5.94540119e-01 6.91696525e-01 8.29788685e-01 9.66878712e-01
    3.72680366e-01 1.73743933e-01 5.58348894e-02 8.23937416e-01
    6.78601742e-01 9.96008873e-01 6.83268845e-01 6.96292698e-01
    7.38778353e-01 6.56246245e-02 8.82795870e-01 8.87019396e-01
    8.10590208e-01 6.10709727e-01 3.89807314e-01 6.23747587e-01
    3.08321118e-02 4.59942758e-01 3.75802368e-01 3.75022769e-01
    2.61754245e-01 4.14469510e-01 9.67458069e-01 3.87381345e-01
    1.09784245e-01 7.83837438e-01 9.81157541e-01 8.59509408e-02
    2.67873168e-01 5.23173451e-01 8.94493937e-01 1.28335059e-02
    6.49917960e-01 1.06390119e-02 6.54927790e-02 7.15448201e-01
    6.43959939e-01 7.40172327e-01 1.77515060e-01 9.48437810e-01
    4.30584848e-02 4.37985480e-01 1.75681025e-01 3.34450066e-01
    2.58783102e-01 4.32332695e-01 2.30883658e-02 8.10730159e-02
    5.09817541e-01 8.14602971e-02 5.71870804e-03 6.07836366e-01
    5.91922164e-01 8.52239728e-01 6.97888315e-01 7.39147127e-01
    8.80637646e-01 8.62515450e-01 2.44370997e-01 8.17088604e-01
    4.19782937e-01 7.02254534e-01 7.66318321e-01 7.03990042e-01
    4.92356926e-01 3.76238376e-01 2.44442195e-01 7.44940221e-01
    7.85261393e-01 5.45942307e-01 2.10058361e-01 9.06637788e-01
    8.62130761e-01 8.01837325e-01 2.27263182e-01 0. 0. 0. 0. 0. 0. 0. 0.
    0. 0. 1.41895115e-01 9.46176946e-01 7.72102773e-01 7.75152326e-01
    9.45039392e-01 8.18460345e-01 7.84088016e-01 2.06642210e-01
    2.12708086e-01 9.18284655e-01 3.40683609e-01 9.08618093e-01
    5.68277955e-01 6.67753696e-01 9.47077632e-01 3.25205266e-01
    7.39763260e-01 9.18923914e-01 5.68457603e-01 1.73098505e-01
    2.30211020e-02 5.87845922e-01 5.63904345e-01 2.10486799e-01
    7.08552599e-01 9.61538553e-02 3.05092216e-01 6.66859508e-01
    2.11672246e-01 5.44025362e-01 4.26515341e-01 8.79308820e-01
    1.15782052e-01 2.74336278e-01 6.17540359e-01 3.65960896e-01
    1.56367958e-01 8.21616828e-01 5.28344750e-01 7.54789472e-01
    5.00228763e-01 9.93700445e-01 1.66973412e-01 4.48197633e-01
    5.81837893e-01 8.56536210e-01 8.84394646e-01 2.48160958e-01
    3.45168948e-01 2.37677425e-01 8.86035740e-01 2.08167136e-02
    3.16041589e-01 1.99457616e-01 3.79390031e-01 3.19267929e-01
    7.62041688e-01 5.53812206e-01 6.78298593e-01 6.25849843e-01
    3.02786052e-01 5.20728052e-01 8.60690594e-01 4.62643057e-01
    3.69750410e-01 5.65139532e-01 5.88153303e-02 4.37533736e-01
    2.57807910e-01 1.32014155e-02 1.30568236e-01 9.24887061e-01
    7.36346066e-01 3.66297573e-01 6.86530530e-01 1.92166328e-01
    1.13370627e-01 8.60877812e-01 6.74356937e-01 4.15531397e-01
    8.76000762e-01 3.06060731e-01 4.82304871e-01 9.21382487e-01
    4.39154208e-02 1.06549025e-01 4.61891025e-01 5.75637639e-01
    6.83714449e-01 5.96025884e-01 8.86459112e-01 1.65618002e-01
    1.85850263e-02 3.08440089e-01 9.77198601e-01 8.21557283e-01
    8.47491324e-02 8.66152763e-01 7.72949100e-01 8.64425182e-01
    6.17042422e-01 1.13182247e-01 5.04744530e-01 1.18812770e-01
    5.47050834e-01 2.47071564e-01 2.65990198e-02 1.91312224e-01
    6.61659062e-01 3.62738788e-01 6.54414415e-01 1.42435014e-01
    4.39389348e-01 7.45751381e-01 3.24122429e-01 8.21924329e-01
    6.02518380e-01 2.43348211e-01 7.86212385e-01 2.62996495e-01
    6.01298809e-02 1.60914063e-01 2.39360154e-01 1.18376821e-01
    5.20963550e-01 1.50783867e-01 9.45917428e-01 2.84740567e-01
    3.19385171e-01 6.50664806e-01 9.45540428e-01 2.77735531e-01
    6.67170286e-01 4.99597669e-01 5.41233659e-01 9.95982707e-01
    2.43821144e-01 2.73890257e-01 9.73638058e-01 6.14196897e-01
    6.17900908e-01 5.46814799e-01 2.45662689e-01 2.06755996e-01
    7.01578915e-01 4.56280112e-02 6.27718925e-01 2.10941643e-01
    8.20640206e-01 7.87878215e-01 8.25835228e-01 5.86844742e-01
    2.29606360e-01 5.23880720e-02 3.77457023e-01 5.28628290e-01
    3.08257937e-02 9.68827844e-01 2.28421986e-01 3.28425765e-01
    6.59342408e-01 7.74918139e-01 1.74807191e-01 4.22493219e-02
    4.45692122e-01 8.37708712e-01 6.62829876e-01 5.43164730e-01
    5.47829390e-01 7.21891403e-01 9.60259557e-01 8.24067235e-01
    3.53393853e-01 3.86808097e-01 9.91189003e-01 7.33874321e-01
    3.16549599e-01 5.03932714e-01 8.13915610e-01 2.17812866e-01
    1.45295709e-01 2.56685615e-02 6.74265206e-01 9.64862943e-01
    2.89154738e-01 1.00957453e-02 1.61784858e-01 4.55131024e-01
    7.89851069e-01 8.29709888e-01 9.07988846e-01 6.86530173e-01
    8.38147581e-01 7.41198897e-01 1.89040005e-02 3.18911374e-01
    9.08457279e-01 9.16855037e-02 4.81812984e-01 4.13413614e-01
    7.08131075e-01 5.09214997e-02 6.72712207e-01 6.01911545e-03
    3.21524739e-01 5.57659686e-01 2.10249692e-01 7.60224462e-01
    6.19968772e-01 8.79129767e-01 5.92914164e-01 3.37166488e-02
    9.96496201e-01 9.61976349e-01 2.50540853e-01 9.10617948e-01
    5.83609819e-01 6.53148890e-01 6.90497100e-01 2.37033188e-01
    5.58002710e-01 9.11196828e-01 4.05205727e-01 5.90462387e-01
    5.91466188e-01 1.10306978e-01 6.58324182e-01 1.81341708e-01
    8.07071567e-01 1.80226386e-01 1.61531657e-01 6.42799377e-01
    5.73929727e-01 8.05415034e-01 8.84782910e-01 5.56922019e-01
    7.59447455e-01 7.27569044e-01 8.97652388e-01 8.56090665e-01
    3.76477361e-01 6.64449632e-02 2.58717954e-01 6.02116764e-01
    9.46764052e-02 4.21235681e-01 1.81722939e-01 9.55030560e-01
    4.70347106e-01 9.90504086e-01 7.11355448e-01 8.04041028e-02
    6.12205982e-01 6.62687123e-02 5.61685443e-01 2.97661424e-01 0. 0. 0.
    0. 0. 0. 0. 0. 0. 0. 6.09519899e-01 6.90608501e-01 6.32625520e-02
    1.03868753e-01 8.50094378e-01 1.17166132e-01 8.81593704e-01
    5.63803673e-01 8.96206975e-01 4.64562297e-01 6.45491779e-01
    9.65961218e-02 6.25539660e-01 4.77003902e-01 9.65374291e-01
    2.10691243e-01 5.64595640e-01 8.71314526e-01 2.80572653e-01
    6.78422868e-01 3.46697509e-01 3.32853109e-01 7.55563080e-02
    4.29730505e-01 2.44915128e-01 4.18416500e-01 1.62062049e-02
    2.14756638e-01 6.08799875e-01 9.33228135e-01 3.11605603e-01
    2.44727641e-01 9.16689575e-01 5.25793433e-03 4.58995610e-01
    5.41357636e-01 5.89042902e-03 1.31836951e-01 2.52739131e-01
    8.46017003e-01 6.17146134e-01 5.33628464e-01 4.91691828e-02
    8.01032424e-01 5.36523581e-01 8.29427242e-02 9.13237214e-01
    5.12533486e-02 1.68658286e-01 4.66076970e-01 8.94343019e-01
    2.10238695e-02 6.62509799e-01 7.17531204e-01 8.99499059e-02
    2.90998042e-01 4.99341398e-01 8.10212672e-01 3.60493541e-01
    7.97281802e-01 1.77464485e-01 5.46942711e-01 4.21751499e-01
    7.87346840e-01 5.58899283e-01 4.04606849e-01 4.96497959e-01
    1.98015392e-01 2.28736103e-01 8.53471458e-01 6.93722069e-02
    4.53080803e-01 1.52482390e-02 7.71637857e-01 4.02264714e-01
    4.94282722e-01 7.49687552e-02 6.32477999e-02 8.00016224e-01
    8.61898303e-01 2.18102008e-01 7.16524661e-01 9.29977298e-01
    6.52879953e-01 1.31293833e-02 4.35824364e-01 5.77979088e-01
    9.93883550e-01 7.93309093e-01 8.18812847e-03 8.60162377e-02
    2.12214857e-01 8.69548678e-01 7.92486489e-01 6.29579246e-01
    6.27615035e-01 1.73850954e-02 4.90746588e-01 8.02325726e-01
    4.39390361e-01 8.37873340e-01 7.87904799e-01 7.91172385e-01
    2.08706766e-01 2.96019018e-02 8.24747443e-01 8.65066648e-02
    4.79404837e-01 5.20466864e-01 9.02360082e-02 9.67800319e-01
    1.25513673e-01 2.46264845e-01 6.50674999e-01 7.31226802e-01
    9.88755822e-01 7.63896883e-01 1.53199494e-01 9.91760254e-01
    1.22524202e-02 3.89181793e-01 3.40448499e-01 2.34559864e-01
    9.69611287e-01 6.41215444e-02 3.70666683e-01 1.54253662e-01
    9.94132102e-01 2.28902698e-01 4.08146977e-01 3.63953680e-01
    9.44924951e-01 4.37463164e-01 5.29512465e-01 4.54091311e-01
    5.05460978e-01 8.39449048e-01 5.30032516e-02 9.24314737e-01
    3.40609491e-01 4.40981388e-01 1.65078491e-01 1.80270314e-01
    9.62606668e-01 8.16309333e-01 4.74698842e-01 5.87415218e-01
    6.52329743e-01 4.06898826e-01 1.34539306e-01 4.94994223e-01
    1.13106221e-01 3.84561211e-01 3.71145010e-01 7.65384614e-01
    8.04529905e-01 7.41680503e-01 6.37102246e-01 3.45986843e-01
    4.62165773e-01 6.57723606e-01 7.77372956e-01 6.94923997e-01
    6.78175807e-01 6.06945276e-01 4.88537818e-01 5.14743388e-01
    1.09436512e-01 6.20896697e-01 8.71982217e-01 9.81837809e-02
    9.31922376e-01 9.91371870e-01 7.34823942e-01 5.81671357e-01
    5.38186729e-01 1.83268219e-01 8.67133379e-01 4.05490309e-01
    9.17337537e-01 7.25328922e-01 3.75886828e-01 6.09740555e-01
    1.55783981e-01 1.47022516e-01 3.00045669e-01 7.43846238e-01
    7.49870479e-01 2.20485359e-01 9.77340698e-01 1.18021578e-01
    6.91358745e-01 6.10309362e-01 8.46851170e-02 9.45547938e-01
    6.23625278e-01 5.90580702e-02 8.67476583e-01 3.84106100e-01
    6.67033553e-01 1.14433467e-01 9.43069160e-02 1.06368959e-01
    4.04637516e-01 9.67237592e-01 3.04044873e-01 3.55504394e-01
    7.52075076e-01 2.53720760e-01 9.20549631e-01 8.54361057e-01
    6.98597550e-01 6.58918023e-01 7.59890556e-01 6.98730350e-03
    1.52731240e-02 8.65540624e-01 2.26533592e-01 8.49322915e-01
    7.22626805e-01 3.87063563e-01 5.55178404e-01 6.33815527e-01
    8.22936654e-01 6.18586898e-01 3.76894683e-01 4.70583379e-01
    3.31641465e-01 4.27028686e-01 1.90457702e-02 9.74285603e-01
    9.55081582e-01 1.60480469e-01 5.40822506e-01 8.57616067e-02
    1.09714657e-01 3.19701731e-01 4.48345363e-01 9.34992909e-01
    8.53511095e-01 3.83264780e-01 1.32684886e-01 1.99015975e-01
    4.50122267e-01 7.78603196e-01 5.61040044e-02 1.31235123e-02
    4.08133566e-01 4.42923695e-01 4.45058495e-01 5.47517061e-01
    2.36631125e-01 4.73934025e-01 7.29418337e-01 6.01821363e-01
    2.38949060e-02 0. 0. 0. 0. 0. 0. 0. 0. 0. 0. 6.19844675e-01
    9.86672997e-01 8.06199014e-01 3.95872831e-01 5.32657266e-01
    6.33158803e-01 7.45471120e-01 8.54188800e-01 7.68772006e-01
    6.65844202e-01 4.11890924e-01 9.61796522e-01 9.58944917e-01
    5.14173150e-01 3.10471356e-02 1.03409439e-01 8.36218715e-01
    9.78520393e-01 8.32081378e-01 1.87007815e-01 8.26471806e-01
    3.59968662e-01 3.42483103e-01 4.72960860e-01 9.13904965e-01
    5.57204783e-01 9.14178729e-01 4.05985981e-01 8.34545135e-01
    1.08539075e-01 8.35890293e-01 2.22550124e-01 1.90970987e-01
    1.30880326e-01 7.09625721e-01 6.57174408e-01 1.27599895e-01
    1.52483195e-01 8.48791897e-02 8.23151350e-01 6.26919091e-01
    4.42723364e-01 1.25152230e-01 3.50754440e-01 7.18184948e-01
    7.32219458e-01 7.59511948e-01 6.18424177e-01 2.61648893e-01
    1.62139773e-01 6.07927740e-01 5.95900297e-01 7.74857402e-01
    6.49740458e-01 8.04620862e-01 4.47773099e-01 7.56270945e-01
    9.47026849e-01 5.10840714e-01 2.79760450e-01 9.14499044e-01
    2.49220610e-01 9.32056665e-01 9.02310908e-01 2.82170773e-02
    3.13791901e-01 5.77847362e-01 1.78704023e-01 4.05898511e-01
    1.85013890e-01 2.55982548e-01 5.95698118e-01 1.51058733e-02
    6.26605809e-01 3.39629591e-01 4.38467145e-01 5.10416687e-01
    9.58139420e-01 6.44796491e-01 8.02636743e-02 2.49592215e-01
    6.34549081e-01 8.57481718e-01 7.54989028e-01 2.27455705e-01
    7.68990040e-01 3.12531829e-01 6.52654290e-01 4.99458760e-01
    3.01419020e-01 3.66285950e-01 3.45199406e-01 6.04482174e-01
    8.95760775e-01 2.93954492e-01 2.79099196e-01 5.92989326e-01
    3.50611746e-01 1.65306777e-01 8.42949033e-01 7.18694687e-01
    4.56637979e-01 4.03121024e-01 5.24695992e-01 8.75181079e-01
    2.28629351e-01 5.32825351e-01 3.23975980e-01 9.75495815e-01
    1.42160743e-01 2.44413942e-01 1.11535192e-03 1.36124015e-01
    5.69746375e-01 6.43389881e-01 5.02315044e-01 9.97902751e-02
    5.47840595e-02 6.26748145e-01 8.07210505e-02 9.87203717e-01
    7.76991308e-01 2.94996738e-01 7.25802660e-01 6.64348900e-02
    2.66365051e-01 2.12389559e-01 7.73924112e-01 1.25865847e-01
    2.13231206e-01 9.13989305e-01 4.55723703e-01 1.55966461e-01
    5.26801825e-01 5.48580647e-01 9.30549204e-02 2.82226741e-01
    6.00820005e-01 2.81723678e-01 2.16445714e-01 7.66349554e-01
    5.21649718e-01 8.70412588e-02 2.55919576e-01 4.19517457e-01
    5.40210903e-01 6.27438843e-01 4.96971250e-01 8.24828982e-01
    9.03262138e-01 1.76675111e-01 6.15143299e-01 7.99246192e-01
    6.20141387e-01 4.97762859e-01 4.59929705e-02 2.10451394e-01
    2.52109766e-01 3.61182690e-02 3.20062131e-01 6.13257468e-01
    5.43478787e-01 5.24669051e-01 4.24951017e-01 8.32262993e-01
    3.48135412e-01 6.14057720e-01 6.73383176e-01 8.21327865e-02
    4.19104695e-02 8.74341130e-01 5.43675125e-02 7.19327927e-01
    5.17639160e-01 6.30453408e-01 2.22720563e-01 6.54762566e-01
    9.94051337e-01 4.81402963e-01 8.32862139e-01 8.03927481e-02
    4.09873009e-01 1.83522254e-01 3.99132520e-01 9.21615005e-01
    7.17485189e-01 2.19121933e-01 4.68195438e-01 6.83715045e-01
    8.77038598e-01 8.94744515e-01 4.06388074e-01 6.43325806e-01
    4.74732131e-01 6.45142496e-01 6.85110867e-01 6.46092892e-01
    7.41067529e-02 7.70063519e-01 1.84668005e-02 9.22880650e-01
    4.45104808e-01 4.93514448e-01 2.50242293e-01 2.66971618e-01
    9.29253697e-01 2.31417984e-01 6.95425391e-01 3.73268127e-03
    7.02908397e-01 1.31097168e-01 3.26037824e-01 3.44582021e-01
    5.40770471e-01 7.39087760e-01 9.91932511e-01 9.15820360e-01
    3.35247695e-01 7.91563213e-01 3.14184844e-01 4.81607914e-02
    9.09576714e-01 8.22119236e-01 2.88717747e-01 6.15763009e-01
    3.81199360e-01 9.87700820e-01 7.58006096e-01 9.83298719e-01
    7.11532235e-01 1.98537081e-01 5.08208752e-01 5.43299556e-01
    1.44542038e-01 6.20767295e-01 4.14205194e-01 4.04228568e-01
    7.81857371e-01 3.46520305e-01 5.14902651e-01 2.38410711e-01
    5.12885809e-01 9.21663582e-01 1.73602670e-01 9.55308378e-02
    6.34199858e-01 7.18711674e-01 1.31896138e-03 6.57553315e-01
    7.07107067e-01 5.25865436e-01 6.35643125e-01 2.20709652e-01
    2.07712531e-01 9.70001221e-01 3.51629257e-01 0. 0. 0. 0. 0. 0. 0. 0.
    0. 0. 2.42529422e-01 1.11361146e-02 4.21978056e-01 6.27557576e-01
    4.27043378e-01 4.63091701e-01 3.38704824e-01 6.28289104e-01
    4.14689004e-01 4.32344675e-01 6.11763954e-01 1.42846674e-01
    8.45122814e-01 6.07768416e-01 4.67352569e-01 4.04884875e-01
    5.95959425e-02 4.05713916e-02 5.23378253e-01 2.31424063e-01
    3.15285146e-01 2.94663072e-01 9.39614475e-02 5.26150346e-01
    8.62677336e-01 3.97042274e-01 1.72234476e-01 5.16645074e-01
    9.40668881e-02 6.03849113e-01 1.74334049e-01 3.26905906e-01
    6.26367927e-01 4.18949068e-01 9.49795425e-01 1.57860100e-01
    2.33989924e-01 4.17839289e-02 3.54920805e-01 7.37299621e-02
    7.05507398e-02 5.57661712e-01 2.40547061e-02 2.55190492e-01
    2.12248862e-02 4.22903895e-01 7.74792969e-01 5.19522190e-01
    4.15341824e-01 9.47718322e-01 4.94702220e-01 7.39750266e-03
    2.88964361e-01 3.53162080e-01 4.79957819e-01 1.46100372e-01
    9.76643562e-02 1.41433865e-01 9.73737955e-01 1.06945813e-01
    3.36037099e-01 6.18462682e-01 1.71214342e-02 2.63204813e-01
    2.39444017e-01 8.08401227e-01 1.45272046e-01 5.73081493e-01
    4.72980469e-01 1.15029335e-01 5.17808497e-01 3.59216630e-02
    5.79520881e-01 7.64472961e-01 8.29408169e-01 5.98556757e-01
    2.16812104e-01 6.47740960e-01 7.12267876e-01 3.87670755e-01
    4.40010250e-01 4.05624390e-01 9.74377096e-01 1.19037330e-02
    5.49494445e-01 3.52940500e-01 5.94915152e-01 5.65617323e-01
    5.34147739e-01 1.52061582e-02 8.31167698e-01 5.31303167e-01
    7.86624908e-01 6.47882521e-02 3.84226531e-01 2.05437630e-01
    6.50392175e-02 3.31066489e-01 9.96984124e-01 2.61698842e-01
    8.37161601e-01 8.13279390e-01 2.37473518e-01 5.86209178e-01
    5.34816861e-01 6.80142999e-01 8.92518163e-01 2.79079080e-01
    1.20890379e-01 6.68562114e-01 5.32750785e-02 6.27940178e-01
    5.97865343e-01 8.06508899e-01 1.08418018e-01 9.25020337e-01
    1.15972996e-01 6.12020969e-01 2.28093266e-02 1.82238221e-03
    6.16326928e-01 3.87409806e-01 7.87342429e-01 5.06993651e-01
    6.51413620e-01 4.87165242e-01 2.86745191e-01 6.28910899e-01
    1.98280931e-01 4.35871780e-02 8.73743474e-01 3.81563306e-01
    1.43407285e-01 3.49939138e-01 2.37422347e-01 5.06803334e-01
    5.46440244e-01 1.27756506e-01 4.15839255e-01 6.21282995e-01
    1.53518021e-02 5.44054866e-01 7.58147240e-02 3.98412436e-01
    3.79773915e-01 9.99335051e-01 6.75113916e-01 7.69472480e-01
    8.01332116e-01 8.28722596e-01 9.88145947e-01 6.65250957e-01
    8.51671159e-01 3.18130493e-01 6.30696893e-01 3.92949879e-02
    4.37808841e-01 1.51784092e-01 4.60170805e-02 2.21154094e-03
    2.21373141e-01 2.34106451e-01 5.94373703e-01 5.44654787e-01
    7.20053256e-01 7.35854506e-01 2.89974153e-01 1.30303144e-01
    6.96978331e-01 9.16623414e-01 3.00140679e-01 9.31530833e-01
    1.54714912e-01 3.25546592e-01 7.60770857e-01 1.95391744e-01
    6.24924183e-01 2.59504676e-01 6.69812262e-02 2.68613696e-02
    8.20319116e-01 9.71395731e-01 6.73885226e-01 7.63017297e-01
    4.83797342e-01 6.31777048e-01 9.93646026e-01 9.59994435e-01
    1.95612639e-01 9.55591202e-01 2.11862087e-01 5.95241129e-01
    4.31628466e-01 5.93186557e-01 5.17187953e-01 3.53856772e-01
    8.70929360e-01 4.76215512e-01 7.07150698e-01 5.05338132e-01
    1.03452742e-01 4.82647032e-01 8.27337503e-01 4.66171682e-01
    5.22457063e-01 3.62957954e-01 8.60230923e-02 5.45619905e-01
    5.03614247e-02 8.03541541e-01 2.93711931e-01 8.34475756e-01
    6.99307323e-01 6.63994431e-01 8.11955512e-01 2.16825902e-01
    1.75894916e-01 7.10974455e-01 9.31962729e-01 3.52373719e-03
    8.60889792e-01 6.10315502e-01 9.32087123e-01 3.53313804e-01
    7.74387002e-01 2.90499181e-01 9.85369325e-01 7.48540223e-01
    1.36518002e-01 7.50048280e-01 5.40658593e-01 2.84234166e-01
    5.80105424e-01 6.28559113e-01 3.29558790e-01 8.62348080e-01
    8.30247283e-01 5.69033444e-01 1.38787627e-01 8.77879024e-01
    2.30944902e-01 2.55579531e-01 2.77562797e-01 5.59374690e-01
    6.24438167e-01 6.39567554e-01 8.14308882e-01 8.62538993e-01
    6.50233865e-01 8.10359716e-02 9.57604051e-01 6.03338242e-01
    5.76908529e-01 8.28672051e-01 8.81195068e-03 5.55887640e-01 0. 0. 0.
    0. 0. 0. 0. 0. 0. 0. 9.74088371e-01 9.40857291e-01 3.83626372e-01
    4.66330618e-01 6.65939271e-01 6.87139332e-01 3.39497328e-01
    6.35117233e-01 2.06717908e-01 9.51850295e-01 4.50873077e-02
    3.28284562e-01 3.31357390e-01 4.46700513e-01 5.84739685e-01
    7.08163381e-01 4.18283135e-01 3.89416456e-01 1.00025535e-01
    5.15986562e-01 2.42783934e-01 9.61200595e-01 9.67294276e-01
    2.86461473e-01 8.88537645e-01 4.16445136e-02 9.03532386e-01
    3.59616518e-01 9.91029024e-01 7.47443259e-01 6.44835949e-01
    3.38197172e-01 9.50361490e-01 9.49982047e-01 1.08029187e-01
    9.63898063e-01 3.86403382e-01 2.53301084e-01 7.23139286e-01
    7.45537221e-01 5.31344950e-01 9.10607517e-01 2.49157071e-01
    3.75065386e-01 7.19581723e-01 5.25583267e-01 9.97298598e-01
    9.32586432e-01 2.48490185e-01 6.14640713e-01 3.69311064e-01
    3.74734163e-01 5.33242285e-01 7.66558290e-01 7.28796959e-01
    1.47566468e-01 5.87472320e-01 2.38501310e-01 5.50465763e-01
    3.91122907e-01 1.25432432e-01 2.01481938e-01 5.98011911e-01
    9.80363846e-01 4.65580404e-01 8.86498213e-01 7.74815440e-01
    1.59932375e-02 9.58667159e-01 2.74680078e-01 7.72585869e-02
    8.16399693e-01 8.03593576e-01 9.52757716e-01 3.08631957e-01
    9.21464503e-01 9.73611593e-01 7.29514897e-01 1.76797479e-01
    4.44538951e-01 6.76700950e-01 2.65469849e-01 8.40820193e-01
    1.77159786e-01 7.35023022e-02 8.08278859e-01 8.33724618e-01
    8.84807110e-02 4.30456340e-01 9.80395436e-01 2.26228207e-01
    5.39687812e-01 7.32032835e-01 8.21799278e-01 5.48465073e-01
    2.76428759e-01 5.49246728e-01 4.13805127e-01 4.49439883e-02
    5.00289500e-01 7.06995606e-01 3.54080826e-01 5.28176129e-01
    4.35289621e-01 9.63355660e-01 8.04728448e-01 8.26929927e-01
    2.02834696e-01 8.57341290e-01 6.11647427e-01 6.06391966e-01
    7.57044911e-01 5.54155827e-01 1.46365851e-01 1.55552208e-01
    8.87772679e-01 9.10301447e-01 1.45293385e-01 4.34937119e-01
    1.34498775e-01 1.52142107e-01 3.24899912e-01 4.13423777e-03
    3.68079960e-01 6.25274062e-01 4.75774109e-01 1.33900642e-02
    5.58077633e-01 7.24460483e-01 6.62072539e-01 3.31023991e-01
    6.58829808e-02 6.99496865e-01 6.40922546e-01 4.44521099e-01
    4.24661219e-01 8.97193253e-01 2.02071458e-01 7.07946420e-01
    6.86221123e-02 4.50400651e-01 6.65857732e-01 1.61413252e-01
    8.22500110e-01 8.80075693e-01 5.52670419e-01 3.06629419e-01
    3.23482215e-01 5.95274389e-01 3.72180641e-02 5.47847509e-01
    5.63073695e-01 9.43235278e-01 3.14996362e-01 2.77624190e-01
    4.39463437e-01 5.00409067e-01 8.77981901e-01 9.18839931e-01
    6.17117226e-01 8.50951731e-01 2.25270927e-01 4.50441390e-01
    1.76888317e-01 5.24552822e-01 9.97515559e-01 4.58597690e-01
    3.09780389e-01 7.16712713e-01 8.17535698e-01 8.93465996e-01
    4.04661000e-02 7.25176275e-01 1.97271585e-01 2.55005956e-01
    4.81086373e-01 5.07509589e-01 9.29185987e-01 5.77103078e-01
    2.37659812e-02 6.03041887e-01 6.97917759e-01 9.36815739e-01
    3.51268798e-01 6.99520528e-01 9.37029719e-02 4.53692615e-01
    6.39247298e-01 6.92545533e-01 9.97871161e-01 2.56690353e-01
    6.62630200e-01 5.04440308e-01 4.48576361e-01 9.80396450e-01
    6.36116385e-01 6.11953378e-01 7.62804151e-02 9.27038193e-02
    6.99516535e-01 3.75902146e-01 8.54223967e-03 7.34639764e-01
    1.69872552e-01 3.37139249e-01 9.32269275e-01 9.21936274e-01
    6.47554874e-01 4.08917069e-02 3.57223332e-01 7.51215339e-01
    9.84388113e-01 6.37159169e-01 2.52059847e-01 4.43470657e-01
    2.28703558e-01 5.35788596e-01 5.60861826e-03 5.69952071e-01
    1.52311176e-01 7.75825024e-01 7.20145285e-01 4.74739403e-01
    8.37928772e-01 7.29268789e-03 9.06971812e-01 5.51238537e-01
    9.05293643e-01 1.24951154e-01 3.52549464e-01 8.91311049e-01
    6.80949926e-01 2.81294465e-01 7.16750324e-01 5.75071990e-01
    1.61062628e-01 3.19381326e-01 6.20109618e-01 1.47827536e-01
    8.12134862e-01 5.75265110e-01 6.83542788e-02 1.31445289e-01
    3.92594963e-01 6.06970906e-01 2.87396491e-01 4.74632084e-01
    9.07035530e-01 7.84314930e-01 9.54924107e-01 8.00602913e-01
    8.72639060e-01 7.90998042e-01 1.60662234e-02 4.10238743e-01
    1.19716853e-01 0. 0. 0. 0. 0. 0. 0. 0. 0. 0. 8.40601325e-03
    7.35140681e-01 2.79463649e-01 1.81741863e-01 1.60251200e-01
    9.54440236e-01 6.26853883e-01 6.30973518e-01 9.29562747e-01
    6.86020255e-01 7.52667904e-01 4.61861581e-01 7.64873624e-01
    2.92916447e-01 1.70251995e-01 7.37380207e-01 3.65359247e-01
    1.60029799e-01 3.97890210e-02 4.96083617e-01 5.87372363e-01
    1.61907226e-01 6.79696679e-01 7.12382495e-02 9.63731408e-01
    5.33769369e-01 5.72652757e-01 3.41998875e-01 9.53426719e-01
    1.06297463e-01 1.76353961e-01 1.41099393e-01 6.43056273e-01
    2.12705910e-01 1.07365847e-03 9.04366732e-01 7.52171636e-01
    2.06163824e-01 2.98643917e-01 2.67547965e-01 5.84750533e-01
    6.03882492e-01 7.33566403e-01 5.73146939e-02 5.62449992e-01
    4.10063535e-01 5.43547094e-01 1.96827054e-02 1.44022226e-01
    7.21149981e-01 3.97191495e-01 3.07702035e-01 3.73842776e-01
    5.11615038e-01 2.65861928e-01 8.52831364e-01 4.96929914e-01
    9.35675621e-01 5.73562682e-01 3.38040501e-01 9.62080300e-01
    9.78840590e-01 8.72023225e-01 4.33443487e-01 3.49304318e-01
    6.42242193e-01 2.61916578e-01 1.79139555e-01 2.26555973e-01
    6.74848020e-01 7.57169247e-01 3.94372106e-01 3.76119047e-01
    7.45774627e-01 3.45515907e-01 2.42045194e-01 9.79941607e-01
    8.40543747e-01 3.88649523e-01 3.26446891e-02 6.24436498e-01
    4.77745533e-02 3.08296740e-01 7.26872265e-01 5.05870879e-01
    2.17100322e-01 2.45352060e-01 1.59298629e-01 6.94392025e-02
    9.05546844e-01 3.01941574e-01 6.92508221e-01 3.34289074e-01
    9.50666428e-01 4.45594251e-01 9.11003053e-01 4.83870327e-01
    3.92857224e-01 2.89443493e-01 1.58031613e-01 8.95228624e-01
    7.61364579e-01 2.62021363e-01 4.01820511e-01 5.71338892e-01
    3.20345730e-01 7.20556021e-01 6.67876601e-01 8.41888189e-01
    9.75474477e-01 6.06131494e-01 3.46025974e-01 4.69985664e-01
    9.23427105e-01 8.35099638e-01 1.72162682e-01 3.23623419e-02
    8.44895005e-01 5.18510520e-01 4.31324035e-01 4.52455759e-01
    3.70901108e-01 9.37200844e-01 2.01514363e-01 5.06258368e-01
    7.23986566e-01 9.68641281e-01 9.52270806e-01 7.86384225e-01
    1.62301064e-01 9.22495842e-01 7.50772119e-01 1.29366875e-01
    1.88972712e-01 3.83517087e-01 7.83124745e-01 1.78443015e-01
    2.51964331e-01 9.08859491e-01 1.36286944e-01 3.68357062e-01
    1.11842692e-01 4.51580584e-02 2.99010575e-01 9.50539351e-01
    2.14768291e-01 3.44900906e-01 6.08773530e-02 3.61366987e-01
    2.92783678e-01 5.12115538e-01 5.40809274e-01 1.21327996e-01
    8.38695765e-01 1.46780431e-01 7.38666058e-01 8.33017349e-01
    5.15820503e-01 6.69229746e-01 7.97570348e-01 2.56294966e-01
    9.51237082e-01 9.76201296e-01 7.35249043e-01 4.29020286e-01
    6.67451739e-01 1.41782731e-01 7.27186859e-01 1.71124488e-01
    3.28117073e-01 4.40024883e-01 5.91138721e-01 5.63511133e-01
    1.59397870e-01 6.08613729e-01 7.01420426e-01 7.81834006e-01
    9.99528170e-01 6.43542290e-01 5.61123490e-01 4.07549739e-01
    8.64714026e-01 2.28914618e-03 2.76480258e-01 7.68604517e-01
    6.41842425e-01 1.22939944e-02 1.46664977e-01 6.28630638e-01
    1.85949683e-01 4.17032242e-01 9.14402962e-01 6.66421235e-01
    1.51403248e-02 2.96050191e-01 7.31899858e-01 1.14955455e-01
    5.57700038e-01 5.48985243e-01 1.42747730e-01 3.35374415e-01
    7.23940194e-01 4.96707857e-01 9.35094953e-01 6.46693707e-01
    5.95199466e-01 5.05543470e-01 7.55744755e-01 2.99156100e-01
    3.79111886e-01 8.78527761e-01 5.74800849e-01 1.74261630e-01
    1.57211155e-01 1.46474242e-02 9.00549769e-01 5.50334096e-01
    6.82079613e-01 1.42681152e-01 3.15653682e-01 9.67080951e-01
    9.37199354e-01 1.99178845e-01 9.03027892e-01 6.36539638e-01
    5.69816470e-01 9.81086791e-02 3.83436680e-01 4.33650613e-01
    6.97115064e-01 7.92617977e-01 7.68435478e-01 5.66597700e-01
    3.05557698e-01 8.22987318e-01 4.01765168e-01 4.86651301e-01
    2.22250015e-01 1.32356197e-01 6.85189068e-01 4.88404214e-01
    6.73598826e-01 6.13355219e-01 4.73261386e-01 6.62047148e-01
    9.72445548e-01 4.93155479e-01 8.93815696e-01 4.55196112e-01
    1.27267212e-01 1.31199479e-01 8.72601509e-01 8.41613114e-02
    4.88381177e-01 3.01939726e-01 7.93918252e-01 0. 0. 0. 0. 0. 0. 0. 0.
    0. 0. 3.74092102e-01 5.93549550e-01 5.29055357e-01 6.96021795e-01
    2.54278660e-01 1.11559361e-01 2.76770473e-01 1.00420296e-01
    2.12298036e-02 9.43160415e-01 5.87079644e-01 8.51054490e-01
    9.74252760e-01 7.25902557e-01 4.06880826e-01 5.89302182e-03
    4.38469946e-01 5.20724177e-01 4.16089416e-01 3.82090271e-01
    8.94913673e-01 2.94207871e-01 5.76447189e-01 9.17722225e-01
    3.57519507e-01 4.96327996e-01 4.75630462e-02 8.90956044e-01
    4.05087233e-01 6.32318377e-01 7.90092468e-01 3.77685398e-01
    3.65044236e-01 9.00530815e-03 2.15678871e-01 1.52177215e-01
    2.12663889e-01 5.09316742e-01 5.91213822e-01 9.81545150e-02
    9.03921247e-01 7.64942169e-01 4.26734984e-02 3.11345220e-01
    8.09027374e-01 2.13649243e-01 4.86335874e-01 4.10854071e-01
    1.80523366e-01 2.24790841e-01 8.61795306e-01 1.01074666e-01
    3.94549370e-02 8.56676459e-01 3.34874988e-02 4.56777662e-01
    7.57971823e-01 6.75293803e-03 8.23693991e-01 4.10988629e-01
    2.29701996e-02 2.43427664e-01 7.09905624e-02 5.25385082e-01
    2.02967197e-01 9.92103457e-01 1.01015449e-01 5.35012305e-01
    7.11982250e-01 4.19575959e-01 8.84270191e-01 9.47730541e-01
    1.59508884e-02 5.07181048e-01 2.52932191e-01 1.10295951e-01
    7.35102773e-01 3.28807831e-01 8.44270706e-01 6.37164712e-01
    9.91365671e-01 4.23527211e-01 8.93742681e-01 9.50461626e-01
    4.66382921e-01 9.12258267e-01 7.57781982e-01 6.55463040e-02
    5.77913463e-01 1.40210658e-01 8.15779507e-01 9.90543842e-01
    4.74056095e-01 3.13208878e-01 4.25602078e-01 3.45551074e-02
    6.51715338e-01 7.71437049e-01 5.97400188e-01 8.74759793e-01
    9.48675394e-01 4.90887046e-01 9.70039964e-02 5.32904506e-01
    2.25707740e-01 4.43810523e-01 8.05072069e-01 8.24977934e-01
    9.02938485e-01 4.40258741e-01 6.56252623e-01 9.61087584e-01
    5.21560252e-01 7.57376552e-02 4.65640128e-01 1.98287636e-01
    4.37991440e-01 1.16320968e-01 7.19434440e-01 1.68403685e-02
    7.79900908e-01 4.91934240e-01 4.37575877e-02 1.87247992e-03
    2.18278170e-02 5.83029926e-01 2.95464188e-01 5.30408204e-01
    2.04696298e-01 2.55298257e-01 3.80314618e-01 9.18156922e-01
    7.96927154e-01 1.24461949e-02 3.76641124e-01 7.54304647e-01
    4.27844077e-01 5.74666142e-01 4.21879709e-01 3.83565813e-01
    6.38018072e-01 6.89280808e-01 6.56654477e-01 3.10984671e-01
    2.47630835e-01 4.41284478e-02 7.27128088e-01 1.18291944e-01
    4.93333548e-01 8.95282328e-02 1.80277079e-01 2.34102428e-01
    8.34492743e-02 1.03426516e-01 3.40664268e-01 8.92423630e-01
    1.89842254e-01 3.09183061e-01 1.73108071e-01 9.67104912e-01
    8.81257117e-01 6.20341003e-01 7.68635869e-02 5.45359552e-01
    1.40261382e-01 8.90381753e-01 4.89354312e-01 3.94246072e-01
    1.62037075e-01 2.64566779e-01 5.45120835e-01 5.45931041e-01
    4.49725151e-01 4.46925640e-01 1.14124000e-01 7.11559951e-01
    7.92149305e-01 6.82897210e-01 8.92954230e-01 3.82378697e-02
    2.93579102e-01 9.12339926e-01 6.83876634e-01 5.13245761e-02
    4.11554486e-01 6.68806374e-01 5.06148756e-01 2.54218400e-01
    6.90331638e-01 4.67846751e-01 1.34792149e-01 8.04182410e-01
    1.36986047e-01 8.80407691e-01 7.65243173e-02 2.19439387e-01
    1.37120426e-01 7.49412477e-01 8.54543984e-01 1.29456133e-01
    6.56083226e-01 9.05817568e-01 7.38418102e-03 3.49923551e-01
    5.06898046e-01 5.27124107e-01 5.65802455e-01 8.28255475e-01
    6.39683306e-01 5.55299044e-01 6.72518015e-01 1.93822742e-01
    2.24824578e-01 2.30414480e-01 4.88535434e-01 6.69375479e-01
    5.29983044e-01 1.26512229e-01 9.84501541e-02 1.18346781e-01
    5.28848648e-01 6.32035255e-01 8.41739774e-01 1.60086900e-01
    2.22108483e-01 2.41750240e-01 2.82932639e-01 2.53093481e-01
    7.61130691e-01 4.07837629e-02 5.67695498e-02 5.39892077e-01
    4.42367822e-01 9.23720002e-01 2.69857049e-02 3.32738757e-02
    7.20538259e-01 2.09541917e-01 4.30171907e-01 8.62674057e-01
    3.78862321e-01 4.47973609e-03 8.58858824e-02 8.88984203e-02
    8.91919971e-01 2.63784349e-01 4.90939468e-01 2.92269528e-01
    9.47404385e-01 3.62466931e-01 5.74973106e-01 2.83799231e-01
    6.58245981e-01 8.22971821e-01 9.35844421e-01 1.10334396e-01 0. 0. 0.
    0. 0. 0. 0. 0. 0. 0. 6.48963690e-01 2.48499990e-01 1.61472142e-01
    2.12048888e-02 9.28114533e-01 8.56493115e-01 5.50553501e-02
    1.52174860e-01 2.44889885e-01 7.79189169e-02 3.04423988e-01
    2.04810828e-01 5.26979864e-02 1.07876867e-01 1.25979990e-01
    1.83770210e-01 4.92270857e-01 5.12565732e-01 3.16520452e-01
    7.25304961e-01 8.63059282e-01 7.85208106e-01 9.69201744e-01
    7.29666889e-01 1.07603878e-01 1.47383124e-01 2.02136487e-01
    2.38324076e-01 1.65026575e-01 2.28308290e-01 1.51644468e-01
    6.77481413e-01 3.01233083e-01 5.57849050e-01 5.31393409e-01
    7.57559776e-01 9.02121186e-01 6.98775232e-01 5.43758631e-01
    7.47516215e-01 3.39872539e-02 7.27204800e-01 7.76049256e-01
    2.84323215e-01 9.69110489e-01 2.19976872e-01 5.07913828e-01
    2.03405797e-01 5.20727217e-01 6.33632362e-01 9.86309171e-01
    4.58471775e-02 4.37467963e-01 5.88525414e-01 6.88690662e-01
    5.57083130e-01 5.72304010e-01 2.35608935e-01 7.34684765e-02
    8.34332228e-01 6.16368413e-01 1.97993815e-01 1.35270089e-01
    3.87549460e-01 3.99391353e-01 3.74979854e-01 1.28180981e-01
    5.97284794e-01 4.07918870e-01 8.64429533e-01 4.43369150e-04
    6.63602233e-01 4.36664581e-01 6.34060562e-01 1.86732978e-01
    6.54067874e-01 1.19933754e-01 7.63847828e-01 6.84550285e-01
    2.45805025e-01 1.33202970e-02 9.06468272e-01 2.10949391e-01
    6.13372386e-01 4.54648077e-01 3.72586280e-01 3.79679769e-01
    9.13197517e-01 4.91991162e-01 5.97193837e-02 3.41555178e-01
    8.62702727e-01 5.73950291e-01 7.14249730e-01 2.58186758e-02
    6.67683005e-01 9.73535240e-01 8.19603562e-01 1.21909052e-01
    2.19838649e-01 2.48189151e-01 5.13723016e-01 6.71372950e-01
    9.58255410e-01 9.38963652e-01 2.37721235e-01 4.82449472e-01
    3.33448708e-01 3.68203282e-01 3.61089945e-01 3.00296724e-01
    7.76039362e-01 4.00518268e-01 8.50064278e-01 4.24889922e-01
    5.05540073e-02 7.58011103e-01 9.01627779e-01 3.59749317e-01
    3.50218832e-01 7.56807923e-01 4.03744280e-02 7.44600177e-01
    5.48135161e-01 8.90424848e-03 5.17771721e-01 7.98020482e-01
    5.07320523e-01 6.49201751e-01 8.11964929e-01 3.53680789e-01
    8.30571890e-01 7.74678111e-01 8.08995068e-02 6.69141710e-02
    8.76122355e-01 1.38690233e-01 1.65194601e-01 7.95644879e-01
    6.48164809e-01 1.76186621e-01 4.83996511e-01 7.69825935e-01
    5.17771840e-01 2.42421001e-01 1.73825920e-01 3.58069330e-01
    4.42907989e-01 3.04683566e-01 4.82027024e-01 4.66567069e-01
    8.92516971e-03 1.96602881e-01 3.16268176e-01 6.61619306e-02
    6.90412581e-01 7.18065143e-01 6.15868688e-01 4.40800786e-02
    4.25329775e-01 8.31882954e-01 3.99912775e-01 8.83716583e-01
    4.80572015e-01 1.71171427e-02 2.10416108e-01 3.35845351e-03
    7.06039906e-01 8.00446630e-01 4.98579770e-01 5.91008484e-01
    9.36552465e-01 8.48338842e-01 8.97594690e-02 6.84706688e-01
    3.72133702e-01 2.34767735e-01 2.81061947e-01 8.60295832e-01
    5.23572743e-01 2.31871188e-01 8.14975798e-01 8.29642475e-01
    5.88975906e-01 6.17401600e-01 3.08612347e-01 7.36644864e-02
    3.35752904e-01 4.31005329e-01 7.86388159e-01 9.38183129e-01
    9.82847691e-01 2.02247620e-01 6.49385810e-01 9.36565757e-01
    3.96072179e-01 5.90853095e-01 9.97223735e-01 6.44655645e-01
    9.98682201e-01 5.84340513e-01 1.87724233e-01 8.54485154e-01
    7.11479783e-01 1.46964341e-01 3.27212602e-01 7.70975947e-01
    9.33840632e-01 5.60017526e-01 5.33663034e-01 3.32105845e-01
    3.11639905e-03 4.20072466e-01 9.87833381e-01 4.71911132e-02
    8.27395916e-01 3.93273652e-01 4.25817311e-01 6.23141825e-02
    7.20622659e-01 1.22219145e-01 8.94347429e-01 3.77747029e-01
    9.13636208e-01 9.85134721e-01 9.91639674e-01 9.42427099e-01
    6.67495370e-01 2.80821562e-01 5.37676752e-01 7.79392719e-02
    1.74387515e-01 8.29064012e-01 1.42618716e-01 5.14608383e-01
    5.22114038e-01 1.98413938e-01 9.85981703e-01 1.56986177e-01
    4.90054518e-01 8.76641631e-01 5.97308338e-01 6.01225853e-01
    9.26493764e-01 5.14426768e-01 9.82001066e-01 4.12033319e-01
    3.75701189e-02 6.96138501e-01 4.94680971e-01 2.19720632e-01
    2.59655446e-01 5.97801805e-01 8.61869514e-01 1.58938706e-01
    2.01202840e-01 0. 0. 0. 0. 0. 0. 0. 0. 0. 0. 8.87806535e-01
    7.18660772e-01 6.44819736e-02 6.05857790e-01 1.87403262e-01
    1.28931671e-01 3.31712484e-01 6.00897193e-01 1.90789402e-01
    4.11502928e-01 2.91305721e-01 6.84555769e-02 4.17794794e-01
    8.99330616e-01 4.90528554e-01 6.76334977e-01 4.96760041e-01
    1.81218863e-01 3.45399976e-03 6.49053216e-01 2.89777756e-01
    4.01082098e-01 1.73746377e-01 3.25360715e-01 1.38614357e-01
    7.92715311e-01 6.59944952e-01 7.87147880e-02 3.39174867e-02
    1.34576827e-01 7.89322257e-01 7.35984683e-01 2.50194073e-01
    3.69374871e-01 2.93084145e-01 6.67568207e-01 9.51866031e-01
    4.02779639e-01 7.26352274e-01 6.64729774e-02 1.82975680e-01
    3.76510084e-01 1.37259960e-02 7.21146584e-01 2.77153432e-01
    1.28828168e-01 9.66860652e-01 6.12083495e-01 7.49489665e-03
    3.54702711e-01 7.80695140e-01 3.38771701e-01 1.89204812e-02
    8.15403044e-01 5.45718551e-01 9.98782396e-01 5.93219876e-01
    4.22452211e-01 2.82528549e-01 7.91123033e-01 3.07378590e-01
    5.50787389e-01 2.01201051e-01 2.03033477e-01 4.47418094e-02
    8.54090154e-02 4.37622428e-01 7.19785929e-01 8.80859971e-01
    7.40035951e-01 1.32012159e-01 2.24745482e-01 5.69070637e-01
    1.17686570e-01 6.32407784e-01 7.31805027e-01 9.57203507e-01
    6.95092380e-01 7.96174526e-01 8.03704262e-01 5.86156666e-01
    7.96518385e-01 5.87362647e-01 2.43045002e-01 6.29679680e-01
    7.62086391e-01 8.02146435e-01 8.16594481e-01 4.66911852e-01
    8.16267252e-01 8.26858044e-01 3.63511711e-01 9.96738672e-01
    7.77042031e-01 7.13241220e-01 7.98434913e-02 6.13443494e-01
    2.70719528e-02 1.67794824e-02 7.55405188e-01 3.43503475e-01
    3.93858731e-01 8.99164796e-01 5.05831122e-01 5.19696176e-02
    9.71258521e-01 9.38164413e-01 6.56422615e-01 6.11275315e-01
    9.43374634e-03 2.63027847e-02 8.78328562e-01 4.37390059e-01
    3.52147043e-01 8.84371340e-01 4.62983161e-01 7.10507810e-01
    2.86450118e-01 1.37670606e-01 7.88279474e-01 7.99253404e-01
    5.65203071e-01 7.53980756e-01 3.31256688e-02 3.91040295e-01
    1.72066301e-01 3.45651269e-01 2.67130166e-01 6.81933999e-01
    4.87267733e-01 4.14622426e-02 2.17296332e-01 7.35532045e-02
    6.36287451e-01 5.11574447e-01 5.27910590e-02 1.31353825e-01
    3.97399664e-01 6.77139819e-01 3.04173291e-01 8.55171680e-02
    5.44449627e-01 5.91576695e-02 5.98494768e-01 7.78357506e-01
    4.55856442e-01 8.34378004e-01 5.98025560e-01 6.28074169e-01
    3.81361008e-01 7.75516868e-01 4.63193744e-01 9.10106182e-01
    8.84534180e-01 2.48833776e-01 5.51756859e-01 8.65166426e-01
    1.56319737e-01 5.98943233e-01 5.50182581e-01 8.06534290e-03
    5.72349429e-02 4.72626001e-01 5.32697201e-01 6.06921911e-01
    8.95313025e-01 7.44993389e-02 4.07604307e-01 8.33578229e-01
    2.52371192e-01 7.57555723e-01 3.34158480e-01 2.68333018e-01
    7.65636921e-01 5.62441647e-02 7.88050294e-01 9.63726640e-03
    6.75832033e-01 2.89492071e-01 7.18348444e-01 5.31628728e-03
    2.78914213e-01 1.73907369e-01 8.96389842e-01 7.94400156e-01
    8.35356414e-01 5.15922070e-01 8.03007722e-01 1.34003758e-02
    1.36355609e-01 4.37440217e-01 3.85230601e-01 6.26544952e-01
    7.70740867e-01 2.81727314e-02 5.96275032e-02 7.82764554e-01
    1.64259911e-01 9.66999292e-01 8.44131708e-01 2.36134231e-02
    4.18565542e-01 3.01217526e-01 6.21979952e-01 9.95665789e-04
    8.65632296e-03 1.31109655e-02 7.85699785e-01 2.74964631e-01
    4.57491010e-01 7.83948898e-01 5.54940224e-01 4.68106151e-01
    2.18255639e-01 1.42781615e-01 9.01218176e-01 6.44446731e-01
    5.60978055e-01 9.95596945e-02 7.98284888e-01 6.26145720e-01
    3.47158492e-01 3.19532931e-01 3.09920609e-01 3.75370026e-01
    5.00134647e-01 4.13263500e-01 8.89192581e-01 3.05555850e-01
    5.81858277e-01 3.97776783e-01 8.33089471e-01 8.20217490e-01
    9.51470852e-01 3.55175376e-01 4.78682995e-01 7.68716216e-01
    1.78732246e-01 4.97492403e-01 5.18548191e-02 9.85159039e-01
    8.77957165e-01 9.94907260e-01 1.65697932e-03 9.39730525e-01
    2.52009332e-02 4.95151132e-01 7.67254591e-01 4.88958299e-01
    5.08776307e-03 6.17231369e-01 7.32033134e-01 8.59802961e-01
    7.30072916e-01 2.02022821e-01 8.95246506e-01 0. 0. 0. 0. 0. 0. 0. 0.
    0. 0. 2.96825171e-01 8.85894060e-01 5.83737850e-01 6.93281412e-01
    2.77045071e-02 7.10386872e-01 1.40765846e-01 5.64862132e-01
    1.52145296e-01 7.75781155e-01 1.49618626e-01 4.27085072e-01
    4.65503037e-02 9.48190928e-01 6.12841964e-01 6.42789483e-01
    1.16453469e-01 3.12919736e-01 1.00555271e-01 3.02152693e-01
    5.96241236e-01 5.68104625e-01 5.40906668e-01 6.42963648e-02
    5.91790080e-02 3.81783485e-01 3.68312955e-01 2.74979562e-01
    3.52336466e-01 6.76027119e-01 9.71634269e-01 2.04034746e-02
    9.34846401e-01 1.89583004e-01 1.21311367e-01 5.97349048e-01
    9.52010393e-01 2.72838145e-01 2.45021313e-01 1.31592333e-01
    2.82896698e-01 9.62943673e-01 6.37386858e-01 9.62440014e-01
    2.04370499e-01 5.07764280e-01 2.19957024e-01 9.32772160e-02
    4.67509508e-01 1.22395009e-01 8.42172801e-02 5.13123870e-02
    2.54068851e-01 1.91441268e-01 8.24525356e-01 4.28417981e-01
    2.20648915e-01 6.07121646e-01 7.13545084e-02 3.01750362e-01
    2.10879743e-02 2.34921813e-01 8.15116286e-01 4.40177262e-01
    4.29547608e-01 9.13504004e-01 2.74849951e-01 4.93633687e-01
    2.66796231e-01 8.01644623e-01 7.18474507e-01 7.32888818e-01
    1.49579704e-01 1.54358417e-01 6.72923148e-01 4.69811618e-01
    6.90836906e-01 4.71459776e-01 4.45774913e-01 5.67560792e-02
    3.07675123e-01 3.10640097e-01 3.54164004e-01 1.93364590e-01
    3.23138535e-02 9.84572947e-01 2.78503358e-01 8.08440208e-01
    9.36435342e-01 2.13935316e-01 7.48993993e-01 6.17699921e-01
    4.23144579e-01 6.36968195e-01 8.06127667e-01 6.43998563e-01
    2.15558231e-01 1.01349920e-01 2.18586326e-01 6.21283054e-01
    5.61544538e-01 9.23023105e-01 3.30324948e-01 1.33339494e-01
    5.30453622e-01 3.27453434e-01 1.97709411e-01 1.36798739e-01
    7.12274313e-02 5.27255356e-01 2.78612256e-01 6.96840584e-02
    6.37358069e-01 7.43291020e-01 4.83958662e-01 5.13894558e-01
    8.04649293e-02 2.21388191e-01 1.06051564e-02 8.27954650e-01
    8.66332948e-01 7.60530829e-01 7.95631766e-01 4.51555610e-01
    1.51047438e-01 6.23203516e-02 7.47509003e-01 3.55612636e-02
    4.45522368e-01 9.85390246e-01 2.61118233e-01 3.31906021e-01
    9.76286709e-01 9.78865385e-01 8.28899741e-01 2.83189118e-01
    2.50373781e-02 4.91030037e-01 6.90842688e-01 7.53315330e-01
    5.30392587e-01 5.96487999e-01 8.14094901e-01 7.10962892e-01
    4.85857874e-01 3.77163351e-01 6.63521111e-01 7.81334698e-01
    2.55824894e-01 8.94763827e-01 8.79252791e-01 5.81591427e-01
    7.33501971e-01 5.26144207e-01 8.57740283e-01 2.46738374e-01
    2.76016831e-01 3.31281126e-01 4.93945181e-01 8.19879174e-01
    5.49251735e-01 9.23315763e-01 5.08355379e-01 8.72493267e-01
    9.23747659e-01 2.99835980e-01 2.71364987e-01 5.68661809e-01
    5.39606929e-01 3.69656801e-01 2.29747444e-01 7.48138726e-02
    8.57457221e-01 8.10624480e-01 3.75518262e-01 9.60923314e-01
    9.16350782e-02 2.70868361e-01 1.09540403e-01 8.09940696e-02
    7.01439440e-01 6.19569898e-01 6.08764708e-01 2.40855932e-01
    7.81600177e-02 4.07690614e-01 3.53405178e-02 8.08842301e-01
    2.53046155e-01 7.61616111e-01 9.88488555e-01 2.89767504e-01
    1.73134834e-01 6.38382435e-01 1.54278189e-01 3.85446578e-01
    1.84491396e-01 5.50655484e-01 5.56872070e-01 3.37488651e-01
    6.16447031e-01 4.31847572e-03 7.84433424e-01 4.09064919e-01
    5.06336331e-01 9.10339713e-01 9.48440194e-01 5.05140185e-01
    2.56661355e-01 1.17345154e-01 8.66516113e-01 9.31218743e-01
    7.92765498e-01 5.45195937e-01 4.63015258e-01 6.87262893e-01
    8.22825253e-01 1.05374396e-01 5.98213971e-02 5.28562784e-01
    3.04794610e-01 4.59463626e-01 9.95735049e-01 4.23119366e-01
    8.43363345e-01 1.64339513e-01 5.51449120e-01 8.85318756e-01
    1.23203933e-01 1.65671617e-01 6.36384726e-01 1.77400500e-01
    6.78503096e-01 9.46893215e-01 6.81740344e-02 8.26585889e-01
    9.16372895e-01 4.09707636e-01 4.67114210e-01 8.00303400e-01
    3.67011100e-01 8.58551621e-01 4.57601756e-01 5.21021605e-01
    5.25174141e-01 1.56086564e-01 1.83709562e-01 8.55957806e-01
    2.24923581e-01 1.14064246e-01 5.44179499e-01 6.38973475e-01
    1.61946505e-01 8.40842366e-01 7.89471209e-01 9.11124349e-01 0. 0. 0.
    0. 0. 0. 0. 0. 0. 0. 9.96935606e-01 9.11690593e-01 7.79742360e-01
    4.58598584e-01 2.66595185e-02 8.66888285e-01 1.26943439e-01
    6.92997873e-01 9.06944513e-01 6.93308592e-01 4.60299909e-01
    9.04657245e-02 9.66347575e-01 1.89330548e-01 1.16860807e-01
    3.39977980e-01 2.24133015e-01 7.78454006e-01 6.57768965e-01
    3.85656416e-01 3.22398841e-02 8.31377387e-01 2.11109519e-02
    9.58630204e-01 3.42608213e-01 6.55186057e-01 6.79375052e-01
    7.46394813e-01 7.27666914e-01 9.38877583e-01 3.78356993e-01
    7.32058525e-01 8.05717885e-01 5.72530270e-01 4.46399301e-01
    1.23621374e-01 5.66875815e-01 1.88742757e-01 6.39607310e-02
    1.80902213e-01 8.16981316e-01 7.02251136e-01 9.75436270e-01
    6.33472860e-01 2.61653692e-01 3.49859208e-01 3.99475098e-02
    5.46294153e-01 2.80458838e-01 4.09480363e-01 6.11590266e-01
    6.28082633e-01 9.88425612e-02 2.28166103e-01 1.22322172e-01
    3.39418828e-01 3.24774563e-01 8.36557150e-01 8.54588866e-01
    9.31710839e-01 7.66205549e-01 7.91680336e-01 2.47571260e-01
    2.73369491e-01 5.63172519e-01 2.67336547e-01 2.54678428e-01
    7.79379368e-01 5.45848608e-01 1.80659384e-01 2.71102488e-01
    4.55733001e-01 4.62418556e-01 4.01898146e-01 5.14066100e-01
    6.22239411e-02 3.86522114e-01 2.76249737e-01 6.79741383e-01
    3.97311151e-01 5.45160890e-01 6.37226701e-01 4.58083451e-01
    5.67527652e-01 1.97183877e-01 2.33009160e-02 9.63768482e-01
    7.70785570e-01 8.53607535e-01 2.11591065e-01 7.58363724e-01
    1.33701652e-01 9.98960495e-01 9.10845160e-01 6.31066799e-01
    4.65131491e-01 3.75862032e-01 7.78383613e-01 9.60146844e-01
    1.71997368e-01 6.33228660e-01 6.52658105e-01 1.73972815e-01
    4.61511463e-01 8.93930793e-01 4.57516015e-01 1.01036936e-01
    8.22626412e-01 4.07606155e-01 4.46115613e-01 6.99166894e-01
    1.42742008e-01 8.03115368e-01 7.37913072e-01 9.33520079e-01
    5.91939986e-02 3.76202494e-01 6.14125252e-01 9.60474849e-01
    3.70838642e-02 4.18739498e-01 7.38729894e-01 1.03969663e-01
    8.52396250e-01 7.03891695e-01 3.60076904e-01 8.14335823e-01
    1.48902416e-01 7.59341955e-01 2.17854500e-01 8.60743284e-01
    5.96153915e-01 3.27220261e-02 8.51506114e-01 6.65317178e-01
    6.59543991e-01 2.28390187e-01 1.72852933e-01 8.04389238e-01
    1.56489909e-01 2.70488262e-01 7.39984453e-01 5.49535692e-01
    7.36055911e-01 1.43191010e-01 8.04167271e-01 4.66784358e-01
    7.84853101e-01 4.89026487e-01 7.96374321e-01 7.89708257e-01
    2.57171363e-01 8.75110328e-01 7.55944192e-01 2.03645945e-01
    2.98801661e-02 2.80435383e-01 5.07101238e-01 9.69696820e-01
    2.47191936e-01 3.22593451e-01 9.87182379e-01 6.40170753e-01
    7.14342713e-01 5.62957227e-02 5.82826614e-01 2.05261916e-01
    5.30832291e-01 3.72037590e-02 8.46181989e-01 3.54057163e-01
    7.28037238e-01 2.02598274e-02 1.51018888e-01 4.94880676e-01
    1.09183311e-01 6.86226487e-01 9.41524267e-01 5.94077051e-01
    8.68447185e-01 9.31139350e-01 1.03950799e-01 8.83986712e-01
    7.63906181e-01 9.80805755e-01 9.57892835e-02 6.99648976e-01
    7.07207322e-01 7.94641495e-01 7.46829867e-01 9.22387004e-01
    1.29698128e-01 7.55104303e-01 8.22132528e-02 1.45598829e-01
    8.76583338e-01 9.81156468e-01 1.13342971e-01 6.16807520e-01
    5.11771977e-01 4.48684067e-01 8.92868996e-01 4.60799307e-01
    3.28052223e-01 6.29552305e-01 6.83759511e-01 8.12602639e-02
    1.23281896e-01 8.58246088e-01 1.19995803e-01 3.23600829e-01
    2.70440876e-02 1.92371875e-01 7.80603290e-03 2.32977122e-01
    5.94024479e-01 2.50022054e-01 1.27638102e-01 7.16041863e-01
    3.32875371e-01 5.21162271e-01 1.15338504e-01 4.95810866e-01
    6.82210088e-01 3.98572266e-01 8.28338623e-01 5.24387240e-01
    7.85981297e-01 4.47936445e-01 8.43360186e-01 3.67501944e-01
    2.29360938e-01 8.12767565e-01 2.24643290e-01 1.63402617e-01
    4.27046895e-01 6.82251275e-01 9.12114799e-01 4.35533702e-01
    8.84327769e-01 6.32791460e-01 4.61146951e-01 4.87832725e-02
    5.52494645e-01 3.45751882e-01 9.26999569e-01 6.22125387e-01
    2.46465921e-01 8.21277559e-01 2.46243387e-01 1.56630725e-01
    2.97556818e-02 8.09044123e-01 3.38557065e-01 7.56709874e-01
    4.47019160e-01 0. 0. 0. 0. 0. 0. 0. 0. 0. 0. 3.60249668e-01
    2.78519362e-01 1.08247876e-01 5.32459795e-01 7.66445875e-01
    3.23116332e-01 4.53195751e-01 1.60494000e-01 7.46990681e-01
    6.52476907e-01 5.67196131e-01 2.39822894e-01 3.38600636e-01
    2.94137061e-01 9.40175414e-01 9.43091869e-01 9.71409082e-01
    1.67607546e-01 2.12627321e-01 8.30612659e-01 2.06997722e-01
    8.55382085e-01 1.80903405e-01 2.96276748e-01 3.40611815e-01
    4.90559310e-01 5.97205937e-01 7.22375631e-01 9.43894506e-01
    7.94696271e-01 1.32972687e-01 4.30444598e-01 8.52353215e-01
    4.03862298e-02 5.60875356e-01 3.76295507e-01 9.44876373e-02
    7.71009922e-03 9.22027647e-01 4.18251961e-01 9.87391770e-02
    5.84158659e-01 6.59634829e-01 2.87678212e-01 7.48396218e-02
    9.09586251e-02 4.35040772e-01 1.80317432e-01 4.10361320e-01
    6.01073802e-01 9.84476030e-01 8.28017116e-01 3.86890411e-01
    4.55130965e-01 3.44156623e-02 4.31346893e-02 7.18911946e-01
    2.59708047e-01 9.26369548e-01 6.88641191e-01 3.14680189e-01
    1.84902191e-01 1.24869376e-01 2.11169362e-01 1.55709773e-01
    7.36604095e-01 6.86011910e-01 6.26976550e-01 3.03752184e-01
    7.38069832e-01 2.24377424e-01 4.40273285e-02 7.32266486e-01
    1.32977247e-01 5.23664832e-01 1.63528025e-02 4.83596623e-01
    5.23962677e-01 3.66493076e-01 9.57978427e-01 6.31365836e-01
    9.25313771e-01 1.01147354e-01 3.29186976e-01 3.34215730e-01
    8.88818264e-01 1.73523366e-01 6.56891108e-01 5.58295608e-01
    9.93253171e-01 5.59677124e-01 3.03995907e-01 3.09876144e-01
    1.10600889e-02 4.86789912e-01 9.21270549e-01 5.61613500e-01
    3.59761268e-01 9.08894897e-01 8.28302085e-01 4.78338301e-01
    8.42803478e-01 6.42796695e-01 1.81192100e-01 6.19546771e-02
    1.13949716e-01 2.50477552e-01 1.94366962e-01 3.91011477e-01
    7.00936317e-01 3.73207897e-01 5.27308345e-01 6.02750063e-01
    2.79697597e-01 7.21823692e-01 9.05665755e-02 7.60382712e-02
    9.64476109e-01 2.09726602e-01 8.71378183e-01 1.71639025e-02
    5.01037121e-01 5.11614203e-01 2.89467633e-01 2.20092893e-01
    8.41534019e-01 2.82761157e-02 6.60324097e-01 2.21752822e-02
    6.05077088e-01 4.42493498e-01 8.21743369e-01 3.47346276e-01
    2.25259721e-01 2.91221678e-01 9.11587477e-03 2.37321049e-01
    3.71661127e-01 6.95238709e-01 4.01383817e-01 3.67894530e-01
    4.67846096e-01 9.48386431e-01 6.75801456e-01 5.46631515e-02
    8.27793837e-01 7.47723401e-01 2.57496417e-01 9.67718780e-01
    3.52135718e-01 1.71999902e-01 7.49873281e-01 4.27859873e-01
    6.39926910e-01 7.04566181e-01 8.34572911e-02 1.34388596e-01
    5.36149561e-01 2.28128076e-01 9.38479185e-01 5.40961683e-01
    8.75997365e-01 3.12206119e-01 9.91628647e-01 4.86964881e-01
    6.55289531e-01 1.13819897e-01 8.13437760e-01 5.46902001e-01
    8.63708258e-01 8.01695585e-02 9.18260098e-01 9.57985997e-01
    3.96267980e-01 6.31212711e-01 6.19237423e-01 8.55740964e-01
    1.94841951e-01 4.44749117e-01 6.57793522e-01 1.97769940e-01
    7.16278076e-01 2.96638608e-01 9.51731384e-01 6.12615883e-01
    8.45983028e-01 1.36125505e-01 2.46042520e-01 3.66318971e-01
    2.53339350e-01 3.02657872e-01 8.35764647e-01 2.19262928e-01
    2.62825608e-01 3.52362633e-01 3.31202924e-01 9.52525735e-01
    7.20447719e-01 7.79704452e-01 7.62098849e-01 6.06885433e-01
    5.79521418e-01 6.70393527e-01 1.35662735e-01 7.30042994e-01
    5.97798347e-01 6.87050581e-01 4.18637097e-02 3.95205468e-01
    1.47350281e-01 9.90794539e-01 8.86291623e-01 5.38218141e-01
    9.07918811e-01 6.82681262e-01 5.10469913e-01 4.62281585e-01
    5.22002161e-01 8.18445086e-01 4.69511360e-01 2.79004753e-01
    3.12697649e-01 4.41379845e-02 4.05683398e-01 2.37556100e-01
    1.86403573e-01 3.96200418e-01 8.59373331e-01 8.50846469e-01
    1.58869982e-01 8.83684397e-01 1.12848699e-01 3.17335159e-01
    6.03037894e-01 3.03384066e-02 4.06126440e-01 2.46593148e-01
    9.50049758e-02 5.74895203e-01 6.76283240e-02 1.84806645e-01
    6.73900247e-02 4.57249463e-01 9.49551880e-01 5.11391699e-01
    3.82775098e-01 7.86026478e-01 5.76560557e-01 9.13998127e-01
    8.14975500e-01 3.77691686e-02 6.31220043e-01 2.08191365e-01
    8.06071639e-01 5.07817447e-01 3.34623873e-01 0. 0. 0. 0. 0. 0. 0. 0.
    0. 0. 1.45372242e-01 7.92509317e-01 1.80654854e-01 8.73345077e-01
    2.20058441e-01 5.03371358e-01 3.50812554e-01 8.64521742e-01
    4.42855269e-01 7.59591579e-01 6.89158261e-01 9.73284602e-01
    1.46070510e-01 8.92028630e-01 3.35677981e-01 9.23243403e-01
    4.36942965e-01 2.93215126e-01 7.82434225e-01 6.79526687e-01
    1.07262880e-01 5.48746407e-01 6.41028702e-01 4.95427877e-01
    6.30897760e-01 8.50603223e-01 7.61602938e-01 6.63552105e-01
    4.27529216e-01 3.32399130e-01 7.57243633e-01 4.08405513e-01
    3.46024722e-01 6.84866786e-01 5.01873910e-01 1.61414683e-01
    1.19473159e-01 5.24393439e-01 3.61634880e-01 2.38722265e-01
    6.56650901e-01 5.13942540e-02 5.61477900e-01 6.69838965e-01
    4.30507541e-01 9.05707240e-01 5.58688641e-01 7.54641950e-01
    3.45304608e-01 9.45948720e-01 2.80942023e-01 4.91882950e-01
    6.16966367e-01 3.84025663e-01 7.96682954e-01 5.75758040e-01
    7.82155693e-02 4.60374951e-02 2.80662060e-01 4.67283547e-01
    3.31518471e-01 1.27587587e-01 2.51353800e-01 4.59511101e-01
    3.44300508e-01 7.77704716e-01 9.21623826e-01 9.17835355e-01
    9.73718166e-02 2.48944819e-01 7.78195858e-02 7.33909965e-01
    1.04933053e-01 8.26892614e-01 8.84912252e-01 3.39431763e-02
    8.77030969e-01 5.64063787e-02 7.54322171e-01 5.92383444e-02
    5.71272135e-01 3.94691527e-01 5.96057594e-01 4.53829616e-01
    7.61879325e-01 9.04875398e-01 7.05472291e-01 9.45885539e-01
    8.08884263e-01 2.41940916e-01 8.49377632e-01 7.97999859e-01
    9.39576149e-01 4.98562455e-01 4.93186384e-01 3.32933366e-01
    8.31011236e-01 6.98682785e-01 9.52303648e-01 9.81880903e-01
    2.39075661e-01 8.22098136e-01 9.60755289e-01 6.93784654e-02
    9.21034217e-01 5.57236910e-01 1.03616804e-01 6.11401618e-01
    3.60271275e-01 9.24182415e-01 9.30607557e-01 9.62585449e-01
    3.39329809e-01 5.24607778e-01 5.40336370e-01 1.50447905e-01
    9.44967628e-01 1.86474949e-01 8.32066774e-01 8.13625216e-01
    2.96798974e-01 3.76702547e-01 9.45369542e-01 6.71050608e-01
    8.76267195e-01 2.24906236e-01 9.28631663e-01 8.50753188e-01
    7.84156680e-01 2.64227301e-01 2.49430358e-01 8.94562364e-01
    6.66773975e-01 6.25586092e-01 9.45802271e-01 5.54734409e-01
    6.18166327e-01 7.40288794e-01 5.80933571e-01 8.43300223e-01
    7.10707009e-01 1.21432096e-01 3.23055148e-01 3.88671875e-01
    5.65053999e-01 9.43062782e-01 6.59299731e-01 2.05582023e-01
    3.96407485e-01 4.49964136e-01 2.25455850e-01 1.44098103e-02
    4.95853961e-01 2.07716376e-01 1.75715238e-01 1.44888490e-01
    3.17434132e-01 8.49816501e-02 2.53986120e-01 3.35904360e-02
    7.26373911e-01 5.87730885e-01 5.79684675e-01 8.08867335e-01
    8.93451691e-01 9.11031902e-01 8.49817395e-01 7.62129545e-01
    2.54669666e-01 9.49435711e-01 8.27055037e-01 2.17397809e-01
    3.22245359e-01 5.85371256e-03 8.78557682e-01 9.70791340e-01
    4.66906041e-01 1.27806216e-01 8.70202482e-01 3.21439505e-01
    9.59849358e-01 2.04382002e-01 8.69051397e-01 1.63397312e-01
    3.48209262e-01 4.74787235e-01 4.53454345e-01 5.12102664e-01
    7.87979126e-01 6.28996909e-01 3.42363596e-01 6.49946392e-01
    6.78017735e-01 1.88172460e-01 5.40994763e-01 1.43873453e-01
    2.64577448e-01 3.66942823e-01 1.10559464e-02 6.97644651e-01
    5.95207334e-01 4.81737226e-01 8.02766919e-01 9.62354541e-01
    3.25496763e-01 7.57512927e-01 6.87272966e-01 8.60124230e-01
    2.79439330e-01 2.49831647e-01 6.08256161e-01 3.16075265e-01
    2.41286695e-01 3.26940686e-01 2.58303583e-01 7.43922353e-01
    7.22576618e-01 1.32580638e-01 2.24704355e-01 7.20191777e-01
    7.06116974e-01 3.17018360e-01 7.34653890e-01 3.32413077e-01
    2.65171438e-01 7.21949041e-01 8.18003416e-01 2.20778078e-01
    6.36387289e-01 6.03970945e-01 1.60939991e-02 2.19113261e-01
    8.22755218e-01 5.64820230e-01 1.77325606e-02 4.48659509e-01
    5.82241178e-01 3.02263439e-01 2.36502111e-01 9.62047398e-01
    8.39710057e-01 2.41766691e-01 9.16638613e-01 4.49551046e-01
    6.73432112e-01 1.47722960e-01 8.63552928e-01 8.27545404e-01
    2.87584066e-02 8.37511420e-01 6.26186311e-01 5.84226906e-01
    2.55504400e-01 6.34549916e-01 2.70454466e-01 1.74945176e-01 0. 0. 0.
    0. 0. 0. 0. 0. 0. 0. 1.54238641e-01 2.27525026e-01 5.14401197e-01
    5.35910428e-01 2.65406340e-01 3.46191823e-02 3.30994427e-02
    3.23986590e-01 2.08324194e-02 2.55848110e-01 4.48679894e-01
    2.82064795e-01 1.12801999e-01 9.18475747e-01 5.19566357e-01
    3.96686047e-01 1.18614137e-01 3.90231133e-01 9.22027111e-01
    8.91851664e-01 5.59322476e-01 9.59455609e-01 2.98677087e-02
    2.32968450e-01 8.00875068e-01 6.45305634e-01 8.76530766e-01
    6.26580000e-01 6.90140545e-01 1.58824682e-01 5.77685714e-01
    4.32436764e-02 4.46988463e-01 6.97589755e-01 2.75257051e-01
    4.57127392e-01 9.96923447e-01 1.43729091e-01 1.29270315e-01
    8.15381646e-01 7.91490972e-01 6.52277172e-01 8.84103715e-01
    5.23869574e-01 6.91750944e-01 5.18425286e-01 8.46325994e-01
    9.44791555e-01 6.42846763e-01 2.37980515e-01 6.38292670e-01
    8.38888586e-01 7.14432895e-02 2.12296844e-01 5.86794198e-01
    1.77104622e-01 9.33996439e-02 4.00231570e-01 4.51807588e-01
    4.27434981e-01 3.58116090e-01 8.50113034e-02 7.18501329e-01
    7.59012878e-01 5.93107820e-01 9.32866037e-01 3.70767951e-01
    7.05806971e-01 9.70096231e-01 3.95157039e-01 5.35327554e-01
    3.54599953e-02 3.46281469e-01 6.97906613e-01 5.04829764e-01
    6.39132619e-01 7.42519855e-01 8.25271010e-03 2.26565361e-01
    8.69643986e-01 8.12916875e-01 9.16951537e-01 8.11685562e-01
    1.81030005e-01 8.33073020e-01 4.83711153e-01 5.66065311e-02
    7.39541054e-01 4.67297435e-02 1.04978681e-03 4.26881701e-01
    8.93307090e-01 2.73589432e-01 7.00264812e-01 7.15645254e-02
    4.62774128e-01 8.15964580e-01 5.48579395e-02 6.83167756e-01
    4.54614818e-01 2.78032601e-01 3.76729399e-01 1.38762355e-01
    6.77945673e-01 4.00633484e-01 8.91483903e-01 2.62455046e-02
    3.93622488e-01 4.83111709e-01 4.37036306e-01 7.00307488e-02
    2.28868276e-01 9.55351293e-02 3.63935471e-01 8.86432230e-02
    7.05772638e-01 1.74923837e-02 9.82263446e-01 4.37641442e-01
    9.98756647e-01 9.43690300e-01 2.23003328e-01 2.63362467e-01
    5.97824693e-01 4.65253592e-01 1.66416764e-02 5.34603298e-01
    8.97996426e-01 8.48172307e-01 9.80242193e-02 3.73834848e-01
    4.17121351e-02 7.35541582e-01 1.61012441e-01 6.26212955e-01
    8.47225130e-01 5.36962271e-01 4.06100065e-01 5.36738813e-01
    9.82531786e-01 8.69365215e-01 1.35505974e-01 8.43727231e-01
    7.29072988e-01 1.46022439e-03 4.60420012e-01 7.10301399e-02
    8.73626471e-01 5.11708438e-01 5.29920161e-02 5.37950873e-01
    9.30033922e-01 1.88956439e-01 7.46146560e-01 4.01374578e-01
    9.83887315e-02 5.61078608e-01 6.74627781e-01 1.79875910e-01
    6.61655724e-01 4.87106353e-01 5.10220945e-01 6.02058649e-01
    8.31537127e-01 7.90254176e-01 1.07825756e-01 7.92487562e-01
    8.31001759e-01 1.80608928e-02 4.88658130e-01 5.81566691e-01
    2.62224793e-01 2.09029377e-01 8.01686287e-01 4.24919426e-02
    2.02147484e-01 2.45020300e-01 9.75556970e-01 4.35391605e-01
    8.06355476e-01 9.75349247e-02 2.57588923e-01 8.59718323e-01
    3.39169174e-01 3.41451526e-01 4.28190470e-01 4.64354753e-01
    5.17016292e-01 3.31041515e-02 4.13133293e-01 3.00994217e-01
    6.90157890e-01 3.50385547e-01 6.28301144e-01 8.97796750e-01
    5.78852475e-01 7.86208212e-02 1.50474012e-01 6.75664186e-01
    4.72639263e-01 7.99876809e-01 3.51135254e-01 5.94486535e-01
    2.22258776e-01 7.86937714e-01 7.10772514e-01 2.72811264e-01
    4.31429625e-01 2.40070820e-01 7.26125956e-01 3.87905747e-01
    8.18392336e-01 5.75145543e-01 4.40093547e-01 6.16697788e-01
    7.75905371e-01 9.11012769e-01 2.84251511e-01 2.04268932e-01
    8.10787499e-01 8.54851365e-01 2.39864856e-01 8.10977697e-01
    7.54554033e-01 2.21214652e-01 3.68745685e-01 3.96213353e-01
    5.84106743e-01 9.79343712e-01 9.64977741e-01 5.30721545e-01
    6.06094062e-01 8.14502478e-01 1.93908215e-02 6.38416409e-03
    6.00848377e-01 1.18464112e-01 7.30572343e-01 9.55169201e-01
    1.74657285e-01 2.18674630e-01 9.12804127e-01 1.78042620e-01
    4.54750031e-01 5.99197507e-01 3.64623547e-01 8.09654951e-01
    7.56251812e-01 3.28891933e-01 7.82480240e-01 9.28393900e-01
    5.66223264e-02 8.16356421e-01 8.42683554e-01 6.69591248e-01
    8.70273352e-01 0. 0. 0. 0. 0. 0. 0. 0. 0. 0. 6.40127540e-01
    4.23823386e-01 7.80418932e-01 1.55799985e-01 5.52203357e-01
    7.35833228e-01 8.53365421e-01 1.04832292e-01 4.57383692e-01
    8.97743344e-01 6.22965932e-01 1.55975878e-01 2.95088828e-01
    8.53627086e-01 6.62568510e-01 1.72882378e-01 2.54617631e-02
    4.53889608e-01 7.85686851e-01 5.44151485e-01 2.52373219e-01
    6.83482885e-01 9.76535082e-01 1.76817179e-04 2.39974052e-01
    4.12118495e-01 4.51009661e-01 4.78734761e-01 5.42500079e-01
    2.28357315e-02 8.65669131e-01 3.85558009e-02 8.21903348e-02
    6.99546218e-01 7.28870988e-01 8.51549685e-01 6.99001670e-01
    6.60792530e-01 1.45108730e-01 7.19122529e-01 6.93365455e-01
    5.80812633e-01 4.32601273e-02 9.40405309e-01 1.98694855e-01
    5.03157377e-02 1.16943717e-02 1.82567090e-01 2.02943981e-02
    2.94848680e-01 1.82879180e-01 4.22033966e-01 3.48382473e-01
    5.43116033e-02 7.72806048e-01 6.48228109e-01 8.96530509e-01
    7.83106208e-01 6.71444297e-01 2.99129635e-01 7.24820673e-01
    5.66645503e-01 7.24654496e-01 2.03925818e-01 5.06857634e-01
    9.34007466e-01 4.98272598e-01 7.47561574e-01 3.26409519e-01
    4.61189032e-01 8.33998561e-01 5.33682287e-01 3.05655837e-01
    7.76335597e-02 7.12311924e-01 7.52328753e-01 6.46050215e-01
    9.10024047e-01 7.35215545e-02 1.91858321e-01 2.32242197e-01
    7.38120079e-02 6.00129843e-01 9.71536577e-01 9.43239570e-01
    7.80241966e-01 6.71088398e-01 4.82369989e-01 8.66095424e-02
    6.02412045e-01 4.38979775e-01 4.81548011e-02 8.57278407e-02
    6.66580856e-01 2.66040742e-01 6.34302616e-01 6.95789814e-01
    4.63159531e-01 4.64612722e-01 3.96531641e-01 9.17872787e-01
    9.02402818e-01 6.35828674e-02 7.86255717e-01 8.53219509e-01
    7.72504807e-01 9.35259819e-01 3.97134483e-01 5.91665208e-01
    1.90623105e-01 2.83202648e-01 9.13241267e-01 9.01557565e-01
    7.12500930e-01 1.28605336e-01 4.17034149e-01 7.82821894e-01
    5.24456143e-01 5.47888994e-01 3.11386824e-01 4.31373537e-01
    1.91024482e-01 5.29890001e-01 3.33659470e-01 2.18580484e-01
    2.15873957e-01 4.93914962e-01 6.28494382e-01 4.61607575e-02
    4.67670619e-01 9.59920406e-01 2.79992759e-01 1.77687585e-01
    1.93432659e-01 8.09753239e-01 2.50220776e-01 4.28499877e-01
    8.74294996e-01 3.88661981e-01 5.57384789e-02 4.38462526e-01
    2.85996526e-01 3.87423724e-01 7.98250318e-01 5.66957116e-01
    5.17553806e-01 8.84773850e-01 5.46967804e-01 4.51686978e-02
    4.93818402e-01 7.35921860e-01 1.69516802e-02 3.79860133e-01
    3.32471728e-03 2.71032125e-01 7.56186843e-02 2.15833575e-01
    1.50679469e-01 2.44478047e-01 5.52115262e-01 9.50530767e-01
    6.28738999e-01 6.57058835e-01 9.41797614e-01 7.78003931e-01
    7.76778221e-01 8.08854818e-01 7.59097815e-01 4.28957105e-01
    4.11010921e-01 6.00762963e-02 1.33544177e-01 5.86501658e-02
    5.72536349e-01 1.26404107e-01 2.55515695e-01 2.92093456e-01
    4.75736588e-01 8.53255630e-01 4.90383655e-01 4.31437343e-01
    9.71475184e-01 6.24741435e-01 8.51920724e-01 8.17808628e-01
    2.58622348e-01 8.37914944e-01 4.31940854e-02 3.57558966e-01
    1.66422993e-01 9.89481688e-01 4.38460708e-03 8.93496454e-01
    5.98383904e-01 4.98438537e-01 6.64146900e-01 2.90829718e-01
    3.33865285e-01 9.37092781e-01 9.87922549e-01 9.95198965e-01
    7.08639085e-01 8.92317653e-01 5.17691314e-01 1.21442676e-01
    6.62474751e-01 7.66275704e-01 7.81949282e-01 5.02195656e-02
    3.08267832e-01 4.89598513e-03 1.59642696e-02 8.16151679e-01
    4.30276245e-01 9.41969335e-01 9.09999967e-01 8.06587338e-01
    5.91010809e-01 7.55266249e-02 2.51666188e-01 7.72875845e-01
    6.90166235e-01 5.97810686e-01 6.30064249e-01 8.38386357e-01
    2.59494483e-01 9.64480519e-01 8.01243126e-01 8.60421777e-01
    6.14978135e-01 8.98690939e-01 6.56453252e-01 4.18658584e-01
    3.96630436e-01 6.10984564e-01 4.52620029e-01 2.78186321e-01
    8.25535893e-01 4.06464636e-01 2.62734234e-01 3.21547061e-01
    5.05713463e-01 1.11981213e-01 6.10960603e-01 7.95483112e-01
    1.14175588e-01 5.92587113e-01 2.27232665e-01 3.78554076e-01
    4.74571854e-01 2.46191859e-01 1.60942972e-01 6.60278082e-01
    9.04935360e-01 7.87724376e-01 4.72427398e-01 0. 0. 0. 0. 0. 0. 0. 0.
    0. 0. 8.26973975e-01 5.58506548e-01 4.90722835e-01 2.64808685e-01
    8.00894558e-01 4.00743216e-01 9.12017822e-01 4.92970824e-01
    9.36061621e-01 2.44520247e-01 4.26568389e-02 1.46185398e-01
    3.41721177e-02 8.95508528e-02 5.49023151e-01 8.61370265e-01
    9.30846155e-01 4.90985364e-01 1.40712857e-01 8.05995107e-01
    9.10614252e-01 4.67239708e-01 1.92334861e-01 1.57179832e-01
    6.74169123e-01 8.02440047e-01 7.20128715e-02 9.25947428e-01
    7.55612254e-01 3.60555649e-02 3.88458312e-01 5.11160254e-01
    6.63805842e-01 5.73148727e-02 5.41112661e-01 3.23356271e-01
    4.85288531e-01 8.76654267e-01 9.29518580e-01 7.19522834e-01
    9.13396358e-01 4.65645134e-01 7.48163402e-01 9.69772816e-01
    8.73790145e-01 3.04468274e-01 5.81673682e-01 4.77300525e-01
    7.95172334e-01 8.44460011e-01 2.72802800e-01 1.28618389e-01
    7.00663626e-01 2.93086529e-01 8.30454230e-01 8.17241788e-01
    5.15245497e-01 8.57409358e-01 3.51032972e-01 1.26219809e-01
    5.37013054e-01 3.05637747e-01 8.73526335e-01 1.84156120e-01
    3.96098435e-01 1.12912834e-01 2.37175465e-01 5.76721609e-01
    6.23701572e-01 3.62544537e-01 5.22943377e-01 7.70437717e-02
    5.66379964e-01 4.99558896e-01 9.51170325e-01 6.79217756e-01
    4.79439795e-01 8.32352638e-01 4.91340518e-01 8.83249760e-01
    7.17473269e-01 1.46785617e-01 6.76218331e-01 3.29298317e-01
    7.24115789e-01 6.34889483e-01 8.74789715e-01 9.79226708e-01
    1.63351834e-01 2.28963196e-01 7.69483924e-01 4.24988687e-01
    3.73638272e-01 9.13753211e-02 7.31777251e-01 6.85915172e-01
    4.86890614e-01 1.45873994e-01 8.83090317e-01 1.92601383e-01
    9.66302395e-01 2.08129108e-01 1.72505379e-01 5.14323711e-01
    8.08080435e-01 6.22874260e-01 8.31302524e-01 6.58580422e-01
    8.49060535e-01 4.26791370e-01 1.37200683e-01 2.61727303e-01
    6.60748780e-01 7.64380217e-01 6.96082294e-01 9.83214617e-01
    7.67404616e-01 5.79621494e-01 1.88725144e-01 9.00818706e-02
    6.41154408e-01 2.52197921e-01 4.79826599e-01 1.28893077e-01
    7.46642351e-01 3.47869068e-01 4.70052063e-02 8.05122972e-01
    5.34775734e-01 4.04387414e-01 1.28069371e-01 4.67361212e-02
    1.73035979e-01 5.40378988e-02 2.60597169e-02 2.80046165e-01
    4.01372910e-01 3.52074087e-01 5.36700487e-01 7.78710723e-01
    5.17927051e-01 7.89411962e-02 4.84229863e-01 7.85828531e-02
    8.18878055e-01 4.23488319e-02 5.39601624e-01 2.45731294e-01
    4.95905221e-01 1.30709171e-01 4.30956602e-01 3.54194164e-01
    6.87663198e-01 2.39251256e-02 8.15513611e-01 7.34649181e-01
    8.31728816e-01 6.73313916e-01 4.55778182e-01 8.70792747e-01
    2.79786706e-01 3.02587688e-01 3.38181853e-01 2.90168226e-01
    7.66749680e-01 4.18297052e-02 9.71595526e-01 8.59198749e-01
    7.46572852e-01 7.47877061e-02 5.69203198e-01 7.37230897e-01
    5.91969430e-01 2.05319345e-01 2.87444174e-01 5.35181403e-01
    2.55870372e-01 1.23744220e-01 1.21246636e-01 9.38006520e-01
    6.55386627e-01 7.78561473e-01 1.42987788e-01 9.10134315e-01
    5.58021843e-01 1.40631855e-01 8.30094397e-01 3.97037566e-01
    7.30592012e-01 6.93350971e-01 5.78681111e-01 2.01124460e-01
    7.54205287e-01 4.67209846e-01 4.45484042e-01 2.86158085e-01
    4.07697886e-01 5.06079137e-01 7.04896808e-01 5.69824040e-01
    9.78294790e-01 7.50347018e-01 8.06608498e-01 8.50095272e-01
    4.82416660e-01 5.28560400e-01 4.16717559e-01 1.97916359e-01
    3.31761301e-01 6.09009743e-01 4.61399555e-02 7.32482731e-01
    9.29700017e-01 6.85581803e-01 8.25579643e-01 6.91643119e-01
    2.84619957e-01 8.02567422e-01 8.52348864e-01 4.45873111e-01
    3.25677574e-01 5.50037086e-01 2.19557017e-01 1.53846234e-01
    5.27552485e-01 6.41206145e-01 5.34962296e-01 6.86174035e-02
    1.76104516e-01 6.65129602e-01 1.23541981e-01 5.74823260e-01
    8.46437633e-01 8.26820135e-01 8.21154594e-01 8.80182147e-01
    3.15586388e-01 3.76500368e-01 1.48108363e-01 4.55696881e-02
    8.99730206e-01 1.91060632e-01 3.68455052e-01 4.99399394e-01
    3.19763631e-01 5.71646094e-01 4.21732664e-04 5.29365122e-01
    1.05561465e-01 2.79114187e-01 4.40020233e-01 6.22773051e-01
    5.85578024e-01 2.96013892e-01 1.28909558e-01 2.91656852e-02 0. 0. 0.
    0. 0. 0. 0. 0. 0. 0. 1.36282176e-01 8.89270067e-01 8.95138979e-01
    2.24671811e-01 3.58862430e-01 6.08418584e-01 2.96083212e-01
    8.73371720e-01 1.29871011e-01 3.40687335e-01 8.93270969e-01
    4.79849130e-01 4.05127645e-01 8.99184108e-01 2.58914471e-01
    6.09794259e-01 6.80854321e-01 9.71736073e-01 9.98271406e-01
    7.10917175e-01 8.09342206e-01 6.62531853e-01 5.51392078e-01
    7.71193981e-01 9.79710340e-01 4.92982268e-01 8.76304090e-01
    8.64794612e-01 9.76500213e-01 2.42647827e-02 4.08850610e-02
    4.18067455e-01 2.06398576e-01 7.46325254e-02 4.38143760e-01
    7.50233650e-01 7.97753572e-01 3.21097910e-01 1.08463526e-01
    1.05688602e-01 1.32146984e-01 5.70242405e-01 9.96082127e-01
    3.66547704e-01 1.95006132e-01 5.11721134e-01 5.87018371e-01
    1.65984601e-01 1.69650316e-01 9.54649568e-01 8.87491882e-01
    5.51982820e-01 4.30127323e-01 5.89882612e-01 1.07132196e-02
    3.95253837e-01 4.79053259e-02 8.90877545e-02 9.77920532e-01
    5.37717342e-02 8.84331346e-01 4.54002470e-01 6.40915394e-01
    9.83064473e-01 9.96330738e-01 1.05226636e-01 6.87906682e-01
    9.77574348e-01 9.39157426e-01 4.88147140e-03 3.34603846e-01
    7.92837381e-01 7.28315651e-01 4.01557952e-01 2.94021577e-01
    7.22849607e-01 3.35376292e-01 5.08654892e-01 2.71711767e-01
    6.69293165e-01 3.16033691e-01 7.49428868e-01 5.14416933e-01
    7.66099393e-02 8.80840778e-01 8.73813927e-02 6.23206139e-01
    9.48293805e-01 2.29368299e-01 1.35545820e-01 3.22404176e-01
    7.00195551e-01 3.44703883e-01 8.29790890e-01 7.89774179e-01
    9.64314401e-01 8.44076157e-01 5.25726497e-01 3.58358145e-01
    8.25225115e-01 5.87703586e-01 5.45680821e-01 3.48198354e-01
    4.74555403e-01 6.34854555e-01 9.33959782e-01 8.35107565e-02
    9.43682671e-01 8.10283422e-03 7.87998319e-01 3.55586886e-01
    9.96158957e-01 1.41500682e-01 3.77904385e-01 4.37407106e-01
    5.62101901e-01 1.90938085e-01 4.18146908e-01 5.00175834e-01
    2.19337165e-01 4.19565260e-01 4.76259828e-01 4.24313128e-01
    1.26947969e-01 8.99437964e-01 2.33210504e-01 8.02482903e-01
    4.86674637e-01 8.21390152e-01 2.33906150e-01 5.84924221e-01
    3.03442597e-01 1.21621400e-01 1.10852480e-01 8.88345957e-01
    9.12235618e-01 8.94047260e-01 9.89911318e-01 5.65698147e-01
    5.18770278e-01 5.87753773e-01 5.79806089e-01 1.77534252e-01
    8.23887110e-01 2.66646743e-02 7.59407699e-01 6.35562181e-01
    7.74340749e-01 9.97451782e-01 7.37231731e-01 9.92533445e-01
    9.61790204e-01 5.82044542e-01 5.91685236e-01 8.07464600e-01
    7.33108819e-02 1.15016252e-01 4.47173357e-01 9.28642273e-01
    8.05527031e-01 5.51939309e-02 7.24400699e-01 6.16660357e-01
    5.58355451e-01 6.70090139e-01 9.88224506e-01 2.24171668e-01
    8.27476382e-01 5.65064371e-01 9.10759926e-01 1.64823711e-01
    5.49219191e-01 2.77482390e-01 9.17874634e-01 7.03720152e-02
    7.21440554e-01 5.85685372e-01 6.62016094e-01 4.13056195e-01
    9.38668609e-01 9.37975883e-01 6.36015356e-01 2.45796829e-01
    7.39543378e-01 2.46838897e-01 9.90104854e-01 4.26608324e-03
    3.50596607e-01 2.47840583e-01 1.00726485e-02 2.33834386e-02
    3.18854004e-01 5.02172828e-01 9.38399553e-01 2.80353606e-01
    5.81242740e-01 9.04613733e-01 6.62964344e-01 5.66237450e-01
    8.92180264e-01 7.71286130e-01 6.53214276e-01 2.22592771e-01
    6.31425619e-01 4.36176240e-01 6.09973550e-01 9.53317761e-01
    9.80530918e-01 2.99085140e-01 8.24046493e-01 2.13270515e-01
    8.56887341e-01 7.74167895e-01 7.28371024e-01 6.18443429e-01
    1.19010240e-01 6.40757382e-02 3.81871074e-01 7.14419544e-01
    5.39985538e-01 4.49827373e-01 9.32263196e-01 7.74169683e-01
    7.81381845e-01 9.75720823e-01 8.06598485e-01 8.35739017e-01
    9.05364513e-01 9.50547934e-01 7.05480218e-01 5.87189078e-01
    2.23957568e-01 9.80313599e-01 9.74851549e-01 5.34335375e-01
    3.27390850e-01 5.78317046e-01 1.68278396e-01 7.14178205e-01
    4.80864257e-01 4.35235023e-01 5.65569401e-01 3.35861027e-01
    5.19000173e-01 5.27977407e-01 7.15528429e-01 8.51912737e-01
    6.36600316e-01 4.58970100e-01 6.62512541e-01 7.14408159e-01
    6.15103066e-01 9.45748568e-01 2.97741205e-01 3.84740531e-02
    6.07471228e-01 0. 0. 0. 0. 0. 0. 0. 0. 0. 0. 3.07799041e-01
    3.93617451e-02 8.97161067e-01 1.54044509e-01 4.46876943e-01
    4.14344519e-01 2.22856432e-01 1.04316413e-01 2.48945236e-01
    9.67867017e-01 5.86961448e-01 7.80845284e-01 7.61424482e-01
    8.11060429e-01 4.47480738e-01 5.93267143e-01 3.55707884e-01
    5.34918845e-01 4.54821587e-02 3.63438398e-01 2.89904654e-01
    9.39975262e-01 5.13797522e-01 6.35102391e-01 8.34932625e-02
    9.21920180e-01 9.67134356e-01 1.66508704e-01 3.22185755e-02
    6.14230394e-01 1.90088451e-01 5.00517547e-01 4.85837549e-01
    2.84219831e-01 6.73118711e-01 2.94469357e-01 3.91708076e-01
    6.17144644e-01 4.50046867e-01 3.57463896e-01 1.77460045e-01
    5.21791935e-01 4.54183877e-01 2.78188884e-02 9.97189105e-01
    1.49338007e-01 1.59869820e-01 1.37449145e-01 9.60490108e-01
    5.66034436e-01 1.08723015e-01 7.75284767e-01 7.49189496e-01
    5.75545192e-01 4.10199225e-01 1.36099309e-01 7.88425446e-01
    6.05583072e-01 8.94121170e-01 2.98076153e-01 7.39631653e-01
    9.70875025e-01 3.93518627e-01 5.54473162e-01 1.30197287e-01
    4.80260640e-01 7.65787005e-01 7.00775981e-01 6.49660230e-01
    5.15728414e-01 6.02123439e-02 8.77282619e-01 2.27784842e-01
    7.33585060e-02 3.28025430e-01 1.06825948e-01 8.67139995e-01
    9.34641838e-01 1.67865038e-01 5.57214320e-01 3.80895197e-01
    6.12758875e-01 3.55977088e-01 2.26379156e-01 6.90927505e-01
    8.37877870e-01 3.02708358e-01 6.34424388e-02 9.09322619e-01
    1.13267124e-01 4.67826039e-01 8.06357861e-01 8.48817706e-01
    6.49771690e-01 3.81752729e-01 1.78193986e-01 9.73210335e-02
    1.50315106e-01 7.02093005e-01 4.31647718e-01 4.30944353e-01
    6.40064240e-01 9.16854143e-01 2.39917248e-01 3.03220749e-01
    1.40812546e-01 5.92476249e-01 6.80882275e-01 2.04138458e-01
    8.85976136e-01 7.45385110e-01 7.52577782e-02 6.09448493e-01
    1.45014882e-01 3.92022818e-01 7.09981084e-01 3.97008359e-02
    6.66882753e-01 5.83491325e-01 3.30203712e-01 5.08031368e-01
    7.12426066e-01 3.92433047e-01 8.55630934e-01 6.53208137e-01
    5.88424504e-01 5.80890894e-01 7.13039100e-01 8.10957193e-01
    7.00173199e-01 6.62436247e-01 4.96471524e-01 7.87316263e-01
    7.29804456e-01 6.15467846e-01 7.30369687e-01 4.86424565e-03
    8.79135013e-01 6.89482749e-01 8.06377828e-01 7.72502482e-01
    5.02105355e-02 1.82634532e-01 7.07855940e-01 3.97414714e-01
    2.42298156e-01 7.72893310e-01 4.56367731e-02 8.80820751e-01
    3.10308993e-01 5.86832941e-01 4.30027574e-01 7.72241771e-01
    8.50943029e-02 2.18552351e-03 1.20469362e-01 1.70804262e-02
    8.82985115e-01 1.65406108e-01 8.11847806e-01 9.44429755e-01
    4.35288519e-01 5.12431264e-01 6.06565773e-01 2.20669240e-01
    4.87048894e-01 5.42815387e-01 3.73305261e-01 5.94425559e-01
    3.38889003e-01 4.91597742e-01 1.87559068e-01 8.34222078e-01
    2.39867985e-01 5.16353011e-01 4.09457713e-01 4.16675210e-01
    7.05517888e-01 6.17055535e-01 1.89249456e-01 6.68659687e-01
    8.41234326e-01 4.42920119e-01 7.96766222e-01 8.37831140e-01
    7.40629554e-01 3.52873594e-01 4.18392897e-01 8.27066422e-01
    9.66037810e-01 8.87300611e-01 5.10825992e-01 2.85062194e-03
    4.64274257e-01 2.26854086e-01 1.06659621e-01 1.32205755e-01
    6.49115086e-01 9.46064234e-01 9.81070399e-01 7.92566061e-01
    5.65570056e-01 2.80887604e-01 2.11103082e-01 9.10383224e-01
    3.82822096e-01 1.96803927e-01 5.46229720e-01 5.30002236e-01
    6.79336190e-01 9.30442810e-02 7.56626487e-01 3.82295281e-01
    1.36300176e-01 2.19049633e-01 9.23847735e-01 3.48642170e-02
    3.95924032e-01 4.45728123e-01 9.17772949e-01 6.17128909e-02
    6.29991293e-01 7.05622077e-01 7.26237595e-01 4.80993569e-01
    8.37882876e-01 3.80470216e-01 9.76994514e-01 8.83361518e-01
    6.01149321e-01 1.55973256e-01 7.13092923e-01 5.29946268e-01
    6.71858132e-01 7.19338655e-01 4.60464954e-02 2.90719986e-01
    6.23198330e-01 8.29687476e-01 5.58070660e-01 8.47081542e-01
    2.00496078e-01 2.16498524e-01 2.78896987e-01 2.74433255e-01
    5.42904139e-02 1.02825522e-01 9.85395372e-01 3.75575960e-01
    9.32472348e-01 9.40333724e-01 1.43660247e-01 5.75183034e-01
    6.21501982e-01 3.28096956e-01 4.61501569e-01 0. 0. 0. 0. 0. 0. 0. 0.
    0. 0. 8.19832087e-01 3.30487341e-01 8.46318841e-01 8.40640664e-01
    3.78887892e-01 7.52070010e-01 7.72392988e-01 9.65527713e-01
    5.87384343e-01 4.48970318e-01 2.11508453e-01 4.58709896e-01
    6.96210861e-01 7.09479451e-01 9.82734859e-02 2.67732918e-01
    4.36780602e-01 7.87951171e-01 1.60020709e-01 2.05301672e-01
    7.86814332e-01 9.11790013e-01 6.74587369e-01 4.05544400e-01
    2.82718688e-01 5.85284233e-02 7.11504877e-01 1.63895935e-01
    8.68556738e-01 6.68228567e-02 5.19762814e-01 4.61473405e-01
    6.47618055e-01 8.71936798e-01 8.42120171e-01 3.64687443e-01
    2.34814852e-01 8.83100152e-01 5.54288268e-01 2.61134863e-01
    5.48744798e-02 5.21739423e-01 9.51069534e-01 6.19622171e-02
    3.94520879e-01 9.37943459e-01 1.93922222e-01 3.08938086e-01
    5.52939832e-01 1.67472064e-02 6.61279857e-02 8.73458385e-01
    3.83417010e-01 2.01333165e-01 2.81098157e-01 1.58377945e-01
    3.52861762e-01 6.15342796e-01 1.29881769e-01 9.33914781e-01
    1.69559270e-01 7.85566807e-01 1.37119919e-01 8.92929316e-01
    5.49860060e-01 8.68073761e-01 5.54971337e-01 3.74848843e-01
    3.46829653e-01 8.86498094e-01 9.79414940e-01 7.22855151e-01
    4.78178680e-01 9.86225367e-01 6.40719652e-01 8.92449021e-02
    7.85899520e-01 1.89490974e-01 1.59331888e-01 1.78840876e-01
    3.18026781e-01 5.08994162e-01 9.87752080e-01 8.18194866e-01
    7.17771411e-01 2.14739978e-01 8.08983088e-01 9.07885075e-01
    6.17803395e-01 5.70191383e-01 2.15020359e-01 8.24927807e-01
    2.13438541e-01 7.94240236e-01 3.36826384e-01 6.78233087e-01
    8.69332254e-02 5.01960993e-01 6.94501638e-01 8.25087309e-01
    8.21057796e-01 8.87832284e-01 3.43652248e-01 5.74553847e-01
    3.55136096e-02 1.54742002e-02 4.30818796e-01 3.53136629e-01
    9.20478702e-01 3.23184133e-02 8.11141253e-01 1.91963732e-01
    4.12280440e-01 6.59282446e-01 1.88928783e-01 2.91394114e-01
    2.03536034e-01 8.72705698e-01 3.95754218e-01 9.52780008e-01
    8.83465290e-01 5.67065775e-01 4.97513384e-01 6.43938720e-01
    2.30723053e-01 8.96613598e-01 7.54885912e-01 6.34262443e-01
    7.40997374e-01 2.15896279e-01 2.45225430e-03 9.76705909e-01
    7.33340383e-01 3.17116022e-01 8.85081232e-01 7.17170537e-02
    5.98216414e-01 2.06138611e-01 7.77179360e-01 7.03641236e-01
    8.50402236e-01 1.49792165e-01 2.49891400e-01 1.59419894e-01
    8.87378097e-01 5.61203420e-01 5.03235757e-01 8.33234906e-01
    3.86103034e-01 6.26867115e-01 9.25014973e-01 4.89695966e-01
    6.98160887e-01 2.93419600e-01 4.15631056e-01 8.96446824e-01
    7.74109006e-01 2.87779093e-01 9.85375106e-01 3.36953819e-01
    6.98575020e-01 7.15251744e-01 2.73033381e-01 6.22207820e-01
    7.76758909e-01 5.89856386e-01 3.12485665e-01 6.47665620e-01
    6.82956457e-01 5.78860343e-02 9.02496517e-01 2.51998365e-01
    9.94090199e-01 1.17947459e-02 7.01130867e-01 9.45154309e-01
    4.88441736e-01 5.52091122e-01 2.39538193e-01 3.25084627e-02
    1.54063582e-01 2.06726760e-01 7.08275914e-01 3.15242767e-01
    4.67013389e-01 1.25157803e-01 1.31696880e-01 1.21996105e-02
    8.42717111e-01 8.39811921e-01 2.81601548e-01 8.35750818e-01
    1.46164954e-01 8.67251158e-02 4.44318831e-01 3.97531420e-01
    6.45851493e-01 2.13988721e-02 1.66286647e-01 6.61485493e-01
    4.95841980e-01 7.36865401e-03 9.96359706e-01 8.60488176e-01
    2.57877707e-02 8.48941445e-01 2.53192157e-01 6.72926903e-01
    4.11034584e-01 7.18964279e-01 8.92496049e-01 9.38922465e-02
    1.50653183e-01 7.49406934e-01 7.79171705e-01 1.82853848e-01
    7.20813096e-01 9.41963434e-01 5.30772030e-01 3.03179622e-01
    2.71269202e-01 3.36277246e-01 3.78218591e-01 3.60389113e-01
    4.54005659e-01 1.97340757e-01 3.16396356e-03 1.81647182e-01
    7.83809423e-01 6.78513646e-01 4.83484268e-01 6.72972560e-01
    6.03252649e-01 9.83763099e-01 4.98339146e-01 8.84029508e-01
    6.78444266e-01 2.76304722e-01 6.49614036e-01 2.73499370e-01
    8.48322928e-01 5.82009554e-03 8.31687331e-01 1.72579169e-01
    7.44795322e-01 6.64099336e-01 5.80908716e-01 6.32373989e-02
    2.05367297e-01 9.13689017e-01 3.15102875e-01 1.98716223e-02
    6.47206247e-01 2.59143353e-01 7.75508523e-01 9.53194916e-01 0. 0. 0.
    0. 0. 0. 0. 0. 0. 0. 8.59504044e-01 8.71185601e-01 9.37778711e-01
    7.91501045e-01 3.12711239e-01 2.66651511e-02 1.55706525e-01
    6.99823081e-01 6.23736501e-01 9.39150512e-01 9.99480486e-01
    1.42819285e-02 8.57902288e-01 1.91577524e-01 7.68136382e-01
    5.38067520e-02 3.89744401e-01 8.87413621e-01 1.69405699e-01
    9.96922314e-01 5.52566707e-01 2.53517896e-01 6.98081315e-01
    6.60506487e-01 9.78832006e-01 9.24466789e-01 4.27099645e-01
    3.36680293e-01 5.64905226e-01 7.53525972e-01 3.48696172e-01
    1.56640649e-01 2.64484406e-01 4.44012135e-01 6.98915362e-01
    5.55247724e-01 5.40744901e-01 2.65265882e-01 8.61700237e-01
    9.19431150e-02 6.45033360e-01 7.35905528e-01 4.52780724e-02
    6.37135506e-01 9.52704370e-01 2.09662765e-01 5.22294521e-01
    5.01797795e-01 5.72632730e-01 6.03590727e-01 5.62283993e-02
    2.30246127e-01 8.52812231e-02 6.31330550e-01 1.92072898e-01
    6.05947077e-01 1.33856952e-01 2.88726687e-01 5.88053763e-02
    3.36940885e-01 6.12205744e-01 5.08317232e-01 1.01065040e-02
    7.65514612e-01 5.70368588e-01 2.63035297e-03 9.80382442e-01
    7.47301817e-01 2.68670917e-03 1.72940403e-01 8.85910809e-01
    3.71707380e-01 8.88932407e-01 2.25982845e-01 2.46384740e-01
    7.15978384e-01 5.29006720e-02 1.60293162e-01 3.86327058e-01
    5.08724332e-01 5.68925619e-01 7.89154112e-01 9.95345712e-01
    6.35459721e-01 3.69529277e-01 8.86833966e-02 5.25217950e-02
    4.69998062e-01 2.03213066e-01 1.85744494e-01 9.26561594e-01
    1.26905501e-01 3.32667738e-01 2.65885174e-01 8.21280777e-01
    3.64533275e-01 2.52882242e-02 4.04767066e-01 7.23559797e-01
    5.92035234e-01 6.99358881e-01 8.81072164e-01 1.42137408e-02
    8.93220901e-02 9.79546726e-01 9.47486818e-01 1.33488953e-01
    4.51285005e-01 6.56290531e-01 2.67509520e-01 7.74792910e-01
    9.09458399e-02 7.28651464e-01 9.39280570e-01 9.82913852e-01
    2.58139491e-01 5.75484216e-01 5.15011549e-01 8.32042813e-01
    5.38457811e-01 8.96169543e-01 4.27922130e-01 7.07336962e-02
    2.87297308e-01 9.40637767e-01 2.44788259e-01 2.19792277e-01
    2.15208203e-01 4.19182122e-01 1.76117122e-02 8.35456550e-01
    2.25528300e-01 1.76184475e-02 7.16541052e-01 5.53049862e-01
    6.13241136e-01 2.28478223e-01 3.86245370e-01 8.08279276e-01
    9.01850104e-01 1.00825042e-01 2.90395319e-01 7.58084297e-01
    7.53124356e-02 1.59373939e-01 2.08333313e-01 2.61335790e-01
    7.59130478e-01 7.97519445e-01 6.74181342e-01 9.07190084e-01
    6.81716502e-01 3.51821780e-01 5.17039418e-01 5.12852490e-01
    8.12296987e-01 2.67337024e-01 2.05889016e-01 7.60602474e-01
    6.54558241e-01 8.47619653e-01 1.27273858e-01 6.97069645e-01
    9.04087722e-02 5.17885864e-01 8.00976038e-01 5.15153766e-01
    6.24843657e-01 3.27151418e-01 3.09480518e-01 1.30924553e-01
    3.94681722e-01 3.16896915e-01 5.72134197e-01 7.59180069e-01
    8.61304224e-01 8.79184723e-01 9.67973948e-01 4.68000889e-01
    1.04813367e-01 7.34325051e-02 2.77232617e-01 1.86314881e-02
    1.21917933e-01 2.74360955e-01 7.06651688e-01 7.22877383e-01
    8.84743929e-02 2.60539740e-01 4.82898325e-01 5.20146966e-01
    1.32529944e-01 3.79815489e-01 6.29000485e-01 9.25325155e-01
    4.19013679e-01 9.14024353e-01 3.35839510e-01 4.39891666e-01
    9.28314924e-01 3.18056524e-01 9.71679091e-01 8.95299315e-02
    2.15685993e-01 2.15404391e-01 7.31677413e-02 2.82288253e-01
    1.73097044e-01 2.24286377e-01 1.57110840e-01 8.30527425e-01
    3.51273775e-01 8.47506464e-01 9.03220296e-01 4.39209521e-01
    2.17052639e-01 2.19203293e-01 5.69352090e-01 4.55044210e-01
    3.67413908e-01 8.38109136e-01 2.42745876e-03 8.79906297e-01
    8.18516552e-01 6.69323564e-01 1.28151596e-01 2.09146500e-01
    8.50702584e-01 9.90974426e-01 2.91702926e-01 9.51683223e-02
    9.66733456e-01 6.13068581e-01 3.89966011e-01 8.69048536e-02
    3.13523114e-02 8.49130273e-01 4.56470132e-01 2.43071258e-01
    6.03021324e-01 5.80388188e-01 3.98629993e-01 7.48325169e-01
    9.94845808e-01 6.26848936e-01 2.97300935e-01 3.39571476e-01
    9.44551349e-01 9.76324320e-01 1.13851905e-01 5.72474360e-01
    4.02231187e-01 1.43152535e-01 1.05020106e-01 3.11563313e-02
    3.78174633e-01 0. 0. 0. 0. 0. 0. 0. 0. 0. 0. 1.52349830e-01
    4.93450791e-01 5.23581088e-01 5.39494872e-01 7.04134464e-01
    2.50853777e-01 8.61205220e-01 8.73476505e-01 5.47457993e-01
    2.74886191e-01 5.61360776e-01 4.32317138e-01 9.96438384e-01
    6.83825135e-01 3.51596057e-01 2.01062560e-02 5.90855360e-01
    4.66926605e-01 3.95068645e-01 3.22629511e-02 8.76941741e-01
    8.71328235e-01 3.23961854e-01 1.98079705e-01 8.03224266e-01
    1.03946924e-01 4.54310775e-01 1.05375409e-01 9.74320054e-01
    3.67782593e-01 8.39609027e-01 4.27986443e-01 6.37221992e-01
    7.79658079e-01 2.02154160e-01 2.05758870e-01 6.89891994e-01
    8.92956257e-02 2.72863805e-01 9.43139970e-01 7.80123234e-01
    9.30430889e-01 5.59043407e-01 3.72629404e-01 1.97144121e-01
    4.40197796e-01 9.92495716e-02 9.06662941e-01 3.38160813e-01
    4.70061660e-01 9.78196740e-01 7.28946924e-02 4.64591086e-02
    5.26198089e-01 2.37704128e-01 9.89275455e-01 8.77803028e-01
    2.67161727e-01 4.25263703e-01 2.43657649e-01 2.52245069e-02
    1.73216134e-01 8.11528623e-01 6.04785979e-01 6.62358105e-01
    3.11341047e-01 1.68446958e-01 7.58076310e-02 8.39954913e-02
    3.32942516e-01 8.03631961e-01 9.29531455e-02 1.96980894e-01
    1.93639457e-01 9.84740734e-01 6.57574177e-01 8.71583521e-01
    6.91484511e-01 3.05676579e-01 3.99856627e-01 8.57022047e-01
    9.95233417e-01 2.69406945e-01 1.74260736e-01 9.04728591e-01
    7.95417309e-01 7.69284010e-01 8.37671876e-01 5.42800426e-02
    4.13661838e-01 6.87356830e-01 2.07697809e-01 3.85889322e-01
    9.60789502e-01 5.58982432e-01 9.53445673e-01 1.69542313e-01
    8.15135181e-01 5.62052727e-01 2.48840630e-01 1.09291941e-01
    1.90209270e-01 5.68825901e-02 2.66943038e-01 2.26479918e-01
    6.04744017e-01 6.91617429e-01 8.39259624e-01 6.47099972e-01
    5.76066792e-01 8.63336980e-01 3.23542833e-01 2.85823762e-01
    1.40083492e-01 8.72995615e-01 1.41691804e-01 7.20605791e-01
    3.41357291e-02 1.50633603e-01 4.75027621e-01 2.76869535e-03
    1.55096054e-01 3.41857612e-01 1.51375473e-01 2.23245203e-01
    4.27407861e-01 8.39609146e-01 9.18446958e-01 2.81805098e-02
    9.13496614e-02 3.45929772e-01 1.54680699e-01 9.06977236e-01
    5.57990193e-01 7.48846054e-01 5.17608881e-01 7.25008726e-01
    3.38909507e-01 3.36753786e-01 5.33378839e-01 1.44787312e-01
    9.90775287e-01 9.37017202e-01 7.47348189e-01 5.08453429e-01
    8.88221383e-01 6.45992398e-01 9.87451136e-01 7.06060946e-01
    1.61962569e-01 7.87518382e-01 9.11504030e-04 7.92564034e-01
    3.75549644e-01 5.50354719e-01 8.44964027e-01 9.03456211e-01
    9.71457958e-02 1.97173953e-01 6.14149690e-01 1.54157788e-01
    7.45006263e-01 7.41185606e-01 6.23163104e-01 2.21573114e-02
    5.65683842e-03 4.16578859e-01 1.20415211e-01 5.30378580e-01
    9.16050196e-01 3.11963618e-01 5.58815360e-01 4.32820320e-02
    4.89272296e-01 6.24767482e-01 7.28830099e-02 1.42208606e-01
    7.61270225e-02 6.08168364e-01 8.21195483e-01 6.49628878e-01
    1.20411754e-01 8.19910109e-01 8.70158970e-02 1.89234674e-01
    5.98561168e-01 6.18635714e-01 8.57600629e-01 6.20616734e-01
    3.54033589e-01 8.86370063e-01 6.48412228e-01 1.64563000e-01
    6.05808377e-01 8.25056732e-02 8.71251345e-01 6.57316864e-01
    2.72179753e-01 5.81017137e-01 1.06902450e-01 6.68619275e-02
    9.36150551e-01 8.62912655e-01 3.68728936e-02 4.61495817e-02
    2.56722182e-01 1.11527532e-01 1.17985845e-01 9.29398537e-01
    9.27403569e-03 5.74457586e-01 4.63843971e-01 4.42031622e-01
    9.32003140e-01 6.45835936e-01 2.49903291e-01 9.48120117e-01
    6.22382939e-01 4.12939340e-01 9.54556346e-01 1.46466255e-01
    9.07605946e-01 1.07514352e-01 9.30746377e-01 9.96699810e-01
    7.67530143e-01 8.65056753e-01 3.55808049e-01 1.73172206e-01
    3.14798206e-01 8.82310390e-01 7.21312106e-01 8.64940584e-02
    4.33942765e-01 7.40074933e-01 7.53407896e-01 9.26281869e-01
    4.25009936e-01 3.11665833e-01 4.13631260e-01 3.47282887e-02
    7.82455444e-01 7.55260944e-01 9.70151544e-01 3.16045225e-01
    9.20451105e-01 6.58078790e-01 1.23732656e-01 3.23829859e-01
    3.01268101e-02 4.70854461e-01 5.87285519e-01 5.57367504e-01
    7.97931075e-01 7.70867467e-01 3.54254067e-01 0. 0. 0. 0. 0. 0. 0. 0.
    0. 0. 8.31992269e-01 1.10729307e-01 5.99382162e-01 8.71614933e-01
    3.32180142e-01 3.64768624e-01 5.22035778e-01 9.48459029e-01
    9.78755951e-01 1.72921062e-01 7.26872802e-01 1.17846936e-01
    8.63882005e-02 4.06495869e-01 7.72825658e-01 6.59753680e-01
    1.02750331e-01 4.61121053e-01 5.56759179e-01 5.31793356e-01
    6.38064265e-01 1.53498769e-01 4.28051889e-01 1.76588297e-01
    8.19850624e-01 3.96464199e-01 2.18465030e-01 8.77936840e-01
    1.23636603e-01 9.76679325e-02 3.09059083e-01 9.63460505e-02
    9.26233590e-01 7.77448416e-02 2.88405120e-01 2.35182643e-02
    3.06462079e-01 8.12829196e-01 1.10297203e-01 1.74920887e-01
    4.92248356e-01 8.81027818e-01 9.59341645e-01 7.39438832e-01
    5.06192446e-03 4.32525456e-01 4.69864607e-02 3.79515231e-01
    2.27152705e-02 2.05131412e-01 2.50285536e-01 5.62155485e-01
    5.76732695e-01 2.92852819e-01 4.27912623e-01 3.56756300e-01
    3.80529523e-01 8.49099874e-01 9.52527523e-02 9.02749598e-02
    2.74459898e-01 7.91726947e-01 7.94148207e-01 5.02015233e-01
    5.49405456e-01 9.34299827e-02 9.11313534e-01 7.07331061e-01
    4.82715726e-01 1.41713530e-01 7.75851488e-01 4.37165320e-01
    6.58916235e-01 4.10001338e-01 8.98584127e-01 1.74211293e-01
    6.70955539e-01 8.04864407e-01 2.94878781e-02 9.47866678e-01
    1.10472828e-01 6.61254525e-01 1.52835578e-01 9.90026951e-01
    6.60151362e-01 9.07078028e-01 2.64962524e-01 2.11825609e-01
    9.67328250e-01 6.66331053e-01 1.68578327e-02 6.08435810e-01
    7.36253738e-01 9.99854565e-01 4.48511541e-01 8.85576010e-01
    6.90424502e-01 6.08363509e-01 3.17144096e-01 4.46393669e-01
    5.98430872e-01 9.33990598e-01 6.99235320e-01 8.40735912e-01
    7.61587441e-01 9.73196745e-01 4.57897931e-01 2.22198486e-01
    5.35172820e-01 4.45301324e-01 1.68293029e-01 4.03828263e-01
    1.11628413e-01 3.32042396e-01 1.83756948e-02 3.66376072e-01
    1.46608293e-01 4.40437376e-01 9.02725816e-01 8.86056840e-01
    4.97576892e-01 7.46746302e-01 3.15801710e-01 2.96754360e-01
    5.93923628e-01 2.08844244e-01 9.40516472e-01 2.32707083e-01
    1.46146268e-01 8.79122019e-01 9.42123413e-01 4.34373736e-01
    5.43722749e-01 7.35091984e-01 2.05823332e-01 6.57015562e-01
    1.03594303e-01 4.49931353e-01 1.21504188e-01 7.90645421e-01
    9.26366150e-02 4.59911585e-01 4.52477574e-01 2.34687954e-01
    7.27078199e-01 5.73199391e-01 7.10278273e-01 1.97043419e-01
    4.99596953e-01 1.44366771e-01 9.51562643e-01 4.67684567e-01
    8.38031888e-01 5.34732759e-01 9.61515605e-02 8.15724492e-01
    1.97791368e-01 1.86239749e-01 8.45673203e-01 6.39760852e-01
    6.83081448e-02 5.18796921e-01 4.22120333e-01 4.23440903e-01
    2.10564137e-02 2.75712609e-01 4.26866680e-01 1.57545000e-01
    4.28796947e-01 8.15958619e-01 5.66912293e-01 2.11988807e-01
    2.94715524e-01 7.05134511e-01 2.65704632e-01 3.49438787e-02
    7.72596955e-01 5.46033084e-01 7.21428752e-01 3.19311947e-01
    7.39346087e-01 8.06255341e-01 2.65863329e-01 7.43950605e-01
    3.81302834e-03 4.91843581e-01 1.77968442e-02 4.21852291e-01
    1.84866697e-01 5.07493496e-01 5.98052740e-02 7.60332346e-01
    4.46599722e-03 1.10314071e-01 9.00071859e-03 8.10896158e-01
    2.03435004e-01 4.45131481e-01 6.88590765e-01 8.25784564e-01
    5.37811100e-01 3.17655861e-01 4.03364897e-02 8.29150975e-02
    9.09436584e-01 7.75513053e-03 9.87825632e-01 3.96813065e-01
    8.85097563e-01 7.19548404e-01 7.30793118e-01 3.34402740e-01
    8.68302345e-01 6.07588112e-01 7.29073346e-01 1.99539721e-01
    7.33955920e-01 3.75511944e-02 6.66948617e-01 1.53275967e-01
    1.82578802e-01 5.69034219e-01 3.10891569e-02 8.08359981e-02
    3.39051515e-01 9.66034532e-01 2.46693730e-01 1.64281130e-02
    6.45555556e-02 7.76921630e-01 1.94349319e-01 5.48542142e-01
    9.71947134e-01 6.08868420e-01 2.01913416e-02 1.15397066e-01
    7.67082572e-01 8.94161940e-01 9.97510791e-01 2.79158354e-01
    2.45045424e-02 7.19698429e-01 9.32257414e-01 1.98547661e-01
    8.85446370e-01 5.86428046e-02 3.30114841e-01 6.70661688e-01
    5.97342134e-01 8.56068492e-01 8.19457412e-01 2.09058404e-01
    9.24327254e-01 6.10112906e-01 8.99130940e-01 4.11697775e-01 0. 0. 0.
    0. 0. 0. 0. 0. 0. 0. 4.30449545e-01 5.54054439e-01 1.36134505e-01
    1.07038409e-01 7.84437299e-01 2.04645902e-01 3.34668130e-01
    2.11540818e-01 5.53767741e-01 3.98209572e-01 3.90960306e-01
    4.20590937e-01 7.01488614e-01 8.88533533e-01 6.94474995e-01
    7.94414341e-01 8.11132610e-01 4.52220261e-01 5.13220131e-01
    6.13478541e-01 8.54008913e-01 7.05438435e-01 5.00536680e-01
    5.86570978e-01 7.21107721e-01 1.84904873e-01 1.77355736e-01
    9.86537814e-01 4.66341376e-02 5.19182086e-02 2.69511878e-01
    7.75046229e-01 9.28801239e-01 6.97227478e-01 1.33273393e-01
    4.12133366e-01 3.65238130e-01 7.70570993e-01 4.10131633e-01
    9.98100817e-01 3.70496511e-02 6.02520645e-01 3.75755101e-01
    1.92827612e-01 7.45507956e-01 3.81820798e-01 6.28745556e-03
    9.07785594e-02 7.94131458e-02 3.63208503e-01 3.11121434e-01
    8.82690012e-01 7.11104870e-01 5.89667439e-01 3.41077089e-01
    4.56296563e-01 2.71835655e-01 5.37987709e-01 4.64947402e-01
    2.56171346e-01 1.26937687e-01 1.76613152e-01 2.94601202e-01
    2.48361856e-01 6.89835906e-01 8.02560210e-01 6.50489867e-01
    5.44097483e-01 5.97092509e-02 6.00731611e-01 7.76931405e-01
    5.33482432e-01 2.71124184e-01 8.94460797e-01 3.13371003e-01
    5.60378253e-01 5.57033598e-01 8.44239116e-01 8.11547339e-01
    6.46813214e-02 1.75469995e-01 2.05936700e-01 9.68137741e-01
    4.71175224e-01 2.25278556e-01 2.31178790e-01 2.83190966e-01
    1.19835347e-01 5.47169626e-01 7.51704395e-01 8.56174588e-01
    9.18632269e-01 6.37440205e-01 2.54705727e-01 3.58985215e-01
    9.15752828e-01 6.97845161e-01 3.22093964e-01 6.16371155e-01
    3.59634161e-01 9.64857042e-02 8.12220573e-01 5.22189498e-01
    3.78859878e-01 5.83735764e-01 4.18303609e-01 9.26718593e-01
    2.73361295e-01 1.46455556e-01 4.28746343e-02 8.01640213e-01
    9.96201813e-01 6.00013435e-01 3.55396152e-01 8.36309493e-02
    5.56254804e-01 7.81764865e-01 8.45638275e-01 2.45211929e-01
    6.49527252e-01 7.29181767e-01 6.04027331e-01 3.38372946e-01
    1.59067273e-01 3.54179919e-01 9.75878835e-01 7.02918231e-01
    6.56746149e-01 8.68769765e-01 7.28495240e-01 9.93478656e-01
    5.33437312e-01 1.64617687e-01 3.07810307e-01 8.61499548e-01
    8.15346360e-01 6.19917512e-01 9.32413816e-01 5.77628613e-01
    6.16128147e-01 5.16995430e-01 4.58645463e-01 7.86388159e-01
    1.72291011e-01 4.13064480e-01 4.87187743e-01 3.75074714e-01
    2.77290106e-01 2.47260183e-01 9.46193635e-01 8.70556891e-01
    3.73504877e-01 7.46929705e-01 9.83783782e-01 1.96534127e-01
    6.19661927e-01 9.95254517e-01 5.41982293e-01 8.22302938e-01
    2.95026660e-01 3.39312434e-01 6.69466257e-01 7.02293217e-01
    1.27354860e-01 6.27333999e-01 6.80613399e-01 6.22377694e-01
    8.46149802e-01 7.02692509e-01 3.12998891e-02 2.24796116e-01
    8.40106249e-01 8.14632535e-01 9.16700304e-01 6.11323118e-01
    6.27697170e-01 3.80354106e-01 5.92785060e-01 8.44012260e-01
    2.49067515e-01 1.14800334e-02 2.01156974e-01 6.98652267e-01
    9.31841731e-01 2.94931233e-01 1.20831668e-01 2.46616632e-01
    1.02161229e-01 7.05397904e-01 7.62805700e-01 9.73639071e-01
    6.33373082e-01 9.82512772e-01 4.28659499e-01 4.28248197e-01
    6.86106622e-01 3.77905577e-01 3.71862113e-01 4.52016115e-01
    3.12788010e-01 3.52806747e-02 9.04769599e-02 1.35551214e-01
    5.02101779e-02 6.54715180e-01 6.77321196e-01 3.77666473e-01
    9.14991975e-01 4.34915245e-01 3.11358482e-01 7.98306882e-01
    8.62648904e-01 8.24597776e-01 5.22985876e-01 1.56290501e-01
    9.98585701e-01 9.98733163e-01 7.81212628e-01 9.35744345e-02
    9.36194837e-01 4.01057273e-01 4.00574595e-01 9.58323240e-01
    6.97086692e-01 1.35271072e-01 3.51354480e-01 5.81174791e-01
    7.63033032e-01 3.61541212e-02 6.27433538e-01 6.05271935e-01
    9.64196920e-01 6.01483047e-01 6.67418122e-01 7.81620979e-01
    8.68982077e-01 1.83874965e-01 6.82664394e-01 8.58613551e-01
    9.35075521e-01 6.40478730e-01 1.91423565e-01 9.64722335e-01
    7.20819712e-01 5.79985857e-01 7.20422864e-01 4.37048972e-01
    3.72456133e-01 4.74239826e-01 1.69461936e-01 9.70619559e-01
    9.07222569e-01 6.42674804e-01 5.26775479e-01 6.99618340e-01
    6.77163959e-01 0. 0. 0. 0. 0. 0. 0. 0. 0. 0. 1.81414872e-01
    5.47789395e-01 3.78910154e-01 9.92880762e-02 1.03535146e-01
    4.95610893e-01 7.14508176e-01 2.33877689e-01 4.01321590e-01
    3.61022353e-01 9.01316404e-02 7.51916766e-02 8.35040212e-01
    6.35537803e-01 3.02703083e-01 3.48534405e-01 2.37554014e-02
    3.39997232e-01 7.76472628e-01 9.76687610e-01 3.17114830e-01
    4.40837234e-01 3.38631809e-01 5.61166644e-01 1.96839362e-01
    1.03358328e-01 6.13830566e-01 7.20640659e-01 6.47049069e-01
    4.57301617e-01 4.40551221e-01 7.37823009e-01 4.81114328e-01
    4.03927028e-01 7.86586046e-01 2.32289791e-01 1.22168541e-01
    5.27724624e-02 1.67212278e-01 1.14825547e-01 5.99354863e-01
    9.56369460e-01 9.48821545e-01 7.59971499e-01 3.19669306e-01
    2.61345685e-01 6.36408567e-01 4.02344316e-01 3.75773907e-02
    2.87557244e-01 3.81300062e-01 4.20647830e-01 1.52192265e-01
    1.74609959e-01 3.87429059e-01 3.37409496e-01 9.97469425e-01
    6.58489287e-01 2.08886892e-01 7.10906148e-01 8.72882366e-01
    1.52940780e-01 9.62124467e-02 3.73967201e-01 1.19995534e-01
    1.64391845e-01 6.09205067e-01 1.35902554e-01 9.16534662e-02
    9.92259085e-02 8.76493454e-01 7.89493442e-01 7.86872864e-01
    8.71301293e-01 3.15836728e-01 4.61495996e-01 2.61198968e-01
    9.01307642e-01 5.42778671e-02 4.06838626e-01 7.77745843e-01
    1.33190572e-01 4.74063545e-01 2.51410455e-01 3.86945337e-01
    5.18203795e-01 2.37381279e-01 9.97657478e-02 8.77479017e-01
    1.82398260e-01 3.66712213e-01 9.18136299e-01 8.41208935e-01
    7.48880923e-01 7.60283828e-01 1.20896399e-01 6.89054310e-01
    1.66808546e-01 4.59137380e-01 6.87661469e-01 6.69453740e-02
    8.11161041e-01 6.10084116e-01 8.64418030e-01 1.96080655e-01
    6.93042040e-01 9.03509855e-01 3.72338295e-01 9.59318519e-01
    5.36149204e-01 6.01676941e-01 3.44555199e-01 9.90815699e-01
    9.45669174e-01 7.62748599e-01 4.23032284e-01 7.13159323e-01
    4.12209898e-01 7.91774511e-01 8.74540687e-01 3.21562588e-02
    9.77590561e-01 4.74793792e-01 7.23613799e-01 5.06851673e-01
    4.00909126e-01 3.79725128e-01 4.90508735e-01 6.01550937e-01
    6.23807311e-01 2.75106251e-01 3.08408439e-01 3.52034807e-01
    5.48759341e-01 6.36945248e-01 9.31801558e-01 1.62306309e-01
    3.07656258e-01 2.88952321e-01 5.06326020e-01 4.97215092e-02
    2.67876983e-01 3.95992428e-01 4.65272546e-01 2.87423372e-01
    6.73285961e-01 1.63284510e-01 5.36358714e-01 7.97811627e-01
    7.93740749e-01 9.67876136e-01 5.79534531e-01 7.91698158e-01
    4.32213128e-01 1.46463245e-01 4.71082330e-02 2.61889577e-01
    4.34974760e-01 4.88301247e-01 6.64435506e-01 9.15039539e-01
    6.94771588e-01 5.06749511e-01 1.63064212e-01 7.41050184e-01
    8.34139287e-01 5.84761679e-01 8.77400160e-01 3.76168340e-01
    2.86978066e-01 5.18866122e-01 2.21993864e-01 1.41151100e-01
    3.65494490e-01 3.08679521e-01 8.50567698e-01 5.17863810e-01
    7.12966025e-01 8.83322239e-01 2.68298984e-01 2.18562722e-01
    4.88679677e-01 6.19638383e-01 3.85078728e-01 7.83972859e-01
    1.41712666e-01 5.30868471e-02 2.78124213e-02 9.24796343e-01
    5.71599603e-02 2.99175322e-01 3.14024925e-01 9.12781000e-01
    9.25897777e-01 9.82204199e-01 4.70410883e-01 2.58332253e-01
    6.19646609e-01 6.62299454e-01 5.90280890e-01 6.12442911e-01
    4.28387642e-01 1.70151889e-02 8.75115395e-01 6.29380524e-01
    7.68825412e-01 1.80762231e-01 9.69954848e-01 7.25124598e-01
    2.44078249e-01 2.99521863e-01 1.90351605e-01 6.73425019e-01
    9.62676108e-02 3.70864451e-01 4.33872551e-01 7.62478411e-01
    5.36094010e-01 7.94820547e-01 7.79225111e-01 9.03919935e-01
    9.72068310e-01 8.19573045e-01 8.90498519e-01 5.54771125e-02
    6.64521396e-01 5.67291796e-01 8.67449403e-01 5.75408161e-01
    5.56944966e-01 1.20464146e-01 1.27403140e-02 7.67627716e-01
    8.78166080e-01 9.11914885e-01 7.65450716e-01 8.60262156e-01
    7.04814136e-01 6.37275219e-01 1.27719015e-01 7.61067569e-01
    7.02207685e-01 7.50306129e-01 8.66243362e-01 6.23814464e-01
    4.83970016e-01 7.77426004e-01 8.33618522e-01 7.51691937e-01
    5.06310105e-01 9.33680236e-01 8.72474611e-02 4.56832647e-01
    2.55967855e-01 7.33812928e-01 7.83793092e-01 0. 0. 0. 0. 0. 0. 0. 0.
    0. 0. 5.21611512e-01 1.77861571e-01 3.99945974e-01 7.41507888e-01
    5.13899028e-01 5.98427236e-01 4.39971209e-01 5.51880360e-01
    6.94329262e-01 5.54999232e-01 7.85333335e-01 9.98162627e-02
    6.18775547e-01 2.55209714e-01 3.28070700e-01 7.93383896e-01
    5.58341026e-01 4.67486084e-01 9.33516443e-01 9.33980048e-01
    2.88275152e-01 1.03945196e-01 4.39297497e-01 9.06121433e-02
    9.45986032e-01 2.52661169e-01 2.52072513e-01 3.52225274e-01
    2.61556864e-01 5.69648087e-01 5.55951238e-01 1.72711313e-02
    9.71610546e-01 9.87569571e-01 6.15870774e-01 3.28303874e-02
    1.71222985e-02 5.26505828e-01 2.29634702e-01 6.99087143e-01
    4.26728100e-01 8.86552215e-01 3.37780714e-01 8.67367029e-01
    3.79438460e-01 2.98067987e-01 3.16651136e-01 1.77208126e-01
    8.90312910e-01 2.69568980e-01 7.63994575e-01 4.64031458e-01
    4.67249990e-01 8.97095084e-01 5.88737428e-01 7.13849664e-01
    7.54235089e-01 1.31620556e-01 9.27461028e-01 9.77782488e-01
    6.85532391e-01 6.95866108e-01 8.51367414e-02 6.46149933e-01
    5.25708497e-02 3.10646296e-02 5.32946885e-02 8.64790201e-01
    7.04900205e-01 9.10024285e-01 5.12682140e-01 6.88466191e-01
    9.14389133e-01 8.96035135e-02 4.94683057e-01 6.91403329e-01
    3.69115114e-01 2.18833685e-02 1.04756355e-02 5.58617175e-01
    8.58755589e-01 4.33459997e-01 4.38489377e-01 9.87005115e-01
    9.21145737e-01 1.81270540e-02 1.73986733e-01 1.47147894e-01
    3.65387380e-01 1.56390965e-01 8.80434513e-01 5.16908526e-01
    3.75800014e-01 7.72334099e-01 7.87920237e-01 8.53964984e-01
    5.39147973e-01 8.13532114e-01 5.52064180e-03 8.90497804e-01
    1.71014398e-01 8.26999247e-01 2.80341804e-01 6.60747826e-01
    8.51034403e-01 6.62046373e-01 9.99450564e-01 7.52039850e-01
    5.40960133e-01 5.60970545e-01 8.32599759e-01 3.21620911e-01
    3.26067448e-01 6.16615832e-01 1.47938222e-01 3.44603062e-02
    5.04859984e-01 6.22343600e-01 6.51333928e-01 2.81308502e-01
    1.19464070e-01 1.54112160e-01 5.42670608e-01 2.57265747e-01
    2.28490531e-02 3.22458744e-01 6.06368840e-01 5.25014460e-01
    1.48742884e-01 6.73909545e-01 2.61315793e-01 7.99116790e-02
    1.62739843e-01 2.86207080e-01 5.73949814e-01 2.02651531e-01
    8.73580277e-02 4.50833559e-01 6.45219207e-01 2.69629717e-01
    9.86529708e-01 7.65334189e-01 7.75559545e-02 1.73306763e-02
    5.91182768e-01 9.83608961e-01 7.58236647e-01 5.04540801e-02
    3.66549313e-01 9.92963374e-01 5.19059718e-01 1.30201399e-01
    2.88399965e-01 3.24781656e-01 5.83849370e-01 8.75633717e-01
    9.00932372e-01 3.64509702e-01 6.60623968e-01 8.36164176e-01
    7.16718912e-01 6.26657188e-01 3.33009839e-01 7.29128003e-01
    9.83691335e-01 4.73072708e-01 6.21324301e-01 6.03199363e-01
    1.48208678e-01 9.52943206e-01 1.30235940e-01 6.80078983e-01
    9.94410992e-01 8.86761427e-01 1.19865835e-02 7.56566167e-01
    5.77388167e-01 9.40282822e-01 7.06745744e-01 3.05924267e-01
    2.64623761e-03 6.21824861e-01 1.07561976e-01 5.81503689e-01
    8.11494350e-01 6.89087272e-01 3.39416087e-01 2.14006394e-01
    3.46792281e-01 7.25142777e-01 7.33338833e-01 7.59244323e-01
    9.95010614e-01 8.09591293e-01 1.91979766e-01 6.83402538e-01
    6.00718021e-01 7.15157866e-01 9.00161445e-01 6.25027776e-01
    1.55225009e-01 7.59748399e-01 4.93507236e-01 6.24771655e-01
    4.42959279e-01 5.05583763e-01 5.94727814e-01 4.01048958e-01
    1.34211212e-01 3.36456001e-02 4.36179399e-01 1.24412090e-01
    7.38026202e-02 8.00610900e-01 9.55003619e-01 8.18602324e-01
    6.19730473e-01 7.08257198e-01 3.62792194e-01 9.47327375e-01
    2.86314487e-01 5.17591238e-01 2.28344083e-01 2.40212411e-01
    7.15455353e-01 3.44955623e-01 9.66221035e-01 8.89898300e-01
    9.06523287e-01 1.18512571e-01 2.98877448e-01 7.84000993e-01
    4.98364121e-01 8.59421015e-01 8.76464844e-01 3.76795113e-01
    9.76092756e-01 6.19998813e-01 5.46917558e-01 3.62256736e-01
    5.54126918e-01 7.05407202e-01 9.77537632e-01 1.01029396e-01
    9.63883400e-02 8.55136871e-01 5.72216332e-01 3.26678693e-01
    6.24591410e-01 3.40732664e-01 1.90726310e-01 3.10954750e-01
    7.48279691e-02 7.08095074e-01 8.63690376e-01 8.94425750e-01 0. 0. 0.
    0. 0. 0. 0. 0. 0. 0. 2.65989721e-01 2.39175260e-01 8.97676945e-02
    5.66303611e-01 2.09472507e-01 7.19395280e-03 7.80192316e-02
    5.81104636e-01 8.27338934e-01 2.33625263e-01 4.49461937e-01
    9.00907874e-01 2.45500237e-01 6.40221775e-01 4.86958027e-03
    4.65833277e-01 6.14589691e-01 1.73308134e-01 3.80282491e-01
    8.35150480e-01 6.68801904e-01 8.31737161e-01 6.30871177e-01
    1.70207888e-01 5.65548420e-01 7.38211334e-01 1.71972066e-01
    7.65951216e-01 3.44864666e-01 3.52373958e-01 7.28246331e-01
    4.62095767e-01 5.73056936e-03 9.77788270e-01 9.35202241e-01
    9.81837988e-01 2.25472063e-01 4.85051543e-01 9.12048101e-01
    2.49381363e-02 3.24437112e-01 7.16083944e-01 7.27164984e-01
    7.99117386e-01 8.05852890e-01 7.37355411e-01 8.88533711e-01
    7.90620744e-02 7.43554711e-01 9.56602573e-01 1.09619439e-01
    1.91946507e-01 5.68511605e-01 1.89908177e-01 2.09566087e-01
    6.22252524e-01 4.21609491e-01 6.99949682e-01 7.95870960e-01
    2.71129280e-01 5.31107664e-01 1.25532866e-01 9.46823061e-02
    3.82462978e-01 7.04082549e-02 4.73517001e-01 3.50829542e-01
    8.28281522e-01 2.11967170e-01 5.45100272e-01 5.22113740e-01
    7.79313684e-01 4.90270615e-01 2.05142498e-02 8.84151816e-01
    6.35594010e-01 6.00883842e-01 5.40770590e-01 4.52555209e-01
    7.88283944e-01 5.24896562e-01 8.93633306e-01 7.24599004e-01
    3.29891741e-01 5.62680960e-01 5.37306428e-01 8.01247358e-01
    5.98838091e-01 1.56153828e-01 5.55548012e-01 2.05976844e-01
    3.40245157e-01 8.66032600e-01 7.29300678e-01 5.09999514e-01
    8.02104712e-01 6.89719021e-02 9.44562256e-01 5.98329842e-01
    6.35139406e-01 9.31488872e-01 3.75648826e-01 8.50482345e-01
    3.11314523e-01 3.80647331e-01 4.68127131e-01 7.52614856e-01
    6.73506558e-01 3.36818397e-01 1.06873602e-01 9.28689003e-01
    1.71863407e-01 8.68967474e-01 9.59648669e-01 5.04985750e-01
    2.52231956e-02 6.14592075e-01 6.81858063e-01 7.65817761e-01
    3.91892880e-01 1.98711693e-01 5.56997299e-01 3.18720341e-02
    3.88673425e-01 8.41548979e-01 7.94839978e-01 7.99323857e-01
    4.23667312e-01 4.90342051e-01 3.51777971e-02 4.42240655e-01
    9.28167939e-01 3.27468872e-01 2.89106965e-01 8.67016613e-02
    8.78500700e-01 5.44812441e-01 4.85416800e-01 5.90902567e-02
    9.25327659e-01 1.45974964e-01 3.88337255e-01 1.24405354e-01
    5.93806207e-01 5.02193451e-01 1.19941741e-01 1.28080994e-01
    1.15106076e-01 7.30481625e-01 9.43736911e-01 8.33534002e-01
    8.94630194e-01 4.29596454e-01 5.31494319e-02 8.02131891e-02
    5.62114894e-01 6.38743401e-01 4.49109554e-01 3.91964495e-01
    8.74153614e-01 3.97646755e-01 3.29693139e-01 7.31329024e-02
    3.63181889e-01 5.97999990e-01 5.86558938e-01 1.62809968e-01
    2.35500455e-01 5.81762552e-01 1.95749491e-01 9.68684316e-01
    9.43613291e-01 4.59630787e-02 7.73741126e-01 7.28388250e-01
    6.59721732e-01 4.01958853e-01 4.36142653e-01 9.23958540e-01
    4.51498955e-01 5.01024425e-02 2.92652011e-01 7.94661283e-01
    9.78978872e-01 3.36895883e-01 6.86566830e-01 9.87365723e-01
    8.02352071e-01 4.51878220e-01 7.13787735e-01 9.34665799e-01
    7.96611965e-01 6.63779080e-01 9.15894508e-01 3.04144263e-01
    7.03140378e-01 3.72149259e-01 8.95188749e-02 4.31045234e-01
    8.93840909e-01 6.17727757e-01 8.60010087e-01 3.18363756e-01
    7.01383948e-01 9.66134369e-01 6.42539144e-01 9.72431183e-01
    4.63750362e-02 7.89631486e-01 2.81576991e-01 6.21762097e-01
    3.76803577e-01 3.44585836e-01 5.26897252e-01 2.10275799e-01
    2.11651564e-01 6.97820306e-01 9.06858444e-01 6.98165059e-01
    5.11482418e-01 6.31033778e-01 9.32322741e-01 4.92953598e-01
    3.97916496e-01 3.13946724e-01 9.37501192e-01 9.81794477e-01
    6.53098106e-01 9.38166976e-01 8.71775925e-01 3.52206439e-01
    1.94697678e-01 9.62420940e-01 5.40830195e-01 1.94794893e-01
    7.77052879e-01 6.07345700e-01 1.77615762e-01 2.98970044e-01
    2.82981902e-01 9.54085052e-01 3.87670130e-01 9.23238397e-01
    7.79391885e-01 4.61079419e-01 6.25570416e-01 4.15586710e-01
    3.27306986e-02 9.45191979e-01 7.51915932e-01 5.08311749e-01
    7.31993854e-01 9.17623281e-01 9.36350346e-01 5.37290335e-01
    4.02444124e-01 0. 0. 0. 0. 0. 0. 0. 0. 0. 0. 6.48160577e-01
    5.50054729e-01 5.16509414e-01 9.72776055e-01 1.73487633e-01
    6.32239938e-01 5.96907556e-01 2.89407432e-01 9.78857338e-01
    4.03707772e-01 8.18449378e-01 2.75208712e-01 7.62617588e-03
    7.38038123e-02 7.59924233e-01 3.65345001e-01 6.12631440e-01
    7.77112126e-01 4.60301250e-01 8.95592809e-01 5.52087784e-01
    4.06423599e-01 7.61806548e-01 6.56376004e-01 1.74564570e-01
    1.72413319e-01 2.38937765e-01 1.43824428e-01 6.50361478e-01
    1.84547901e-02 7.93271601e-01 8.60525489e-01 5.59016824e-01
    4.22123283e-01 5.37859738e-01 6.95986629e-01 2.08172590e-01
    3.88787895e-01 2.33684599e-01 7.89483905e-01 3.05924118e-02
    1.48498118e-01 2.83535212e-01 4.46201921e-01 7.46782780e-01
    8.00221801e-01 6.06881678e-02 1.47667050e-01 9.56008554e-01
    4.12820280e-01 8.21709037e-02 4.03823525e-01 3.13236684e-01
    9.26446497e-01 2.46478379e-01 1.85705125e-02 2.47124374e-01
    2.24565446e-01 5.47634304e-01 6.04480505e-02 9.39594209e-01
    9.89347339e-01 7.10442603e-01 4.30513322e-01 9.02197361e-01
    7.63552904e-01 3.26038450e-01 3.44422191e-01 1.34480238e-01
    8.14957917e-01 5.75509965e-01 7.45764673e-01 5.54236352e-01
    5.58220327e-01 3.47660303e-01 9.92624283e-01 5.71258843e-01
    9.65444565e-01 4.86536920e-02 2.33516872e-01 9.95695591e-05
    2.58691192e-01 5.69836199e-02 8.10453534e-01 4.42634255e-01
    2.23884881e-01 8.86547863e-01 3.67409885e-01 8.47374082e-01
    7.73586988e-01 8.10086250e-01 4.21343416e-01 1.48899347e-01
    4.74512845e-01 4.10050511e-01 7.81214714e-01 6.46473646e-01
    3.47674072e-01 3.13541889e-02 7.51480758e-01 2.49294579e-01
    9.59554017e-01 1.30683273e-01 9.63764131e-01 1.63814962e-01
    1.94736540e-01 6.60906434e-02 1.10591650e-02 6.54104471e-01
    3.74041021e-01 8.06271791e-01 3.70386928e-01 9.20381904e-01
    2.72359818e-01 6.38071299e-01 9.02653277e-01 4.70584720e-01
    5.92951477e-01 5.78354537e-01 5.62997103e-01 3.19919229e-01
    4.29373354e-01 6.80171132e-01 6.30864620e-01 3.31775784e-01
    6.20812953e-01 2.34229416e-01 5.20220935e-01 2.33059168e-01
    9.78387952e-01 1.70850754e-03 8.27458620e-01 4.15723622e-02
    2.38286942e-01 6.59246802e-01 4.99528289e-01 1.68619931e-01
    4.75464940e-01 5.78051567e-01 8.43410492e-01 9.85740066e-01
    3.57314557e-01 9.90245342e-01 3.53575796e-01 7.85404325e-01
    4.70899940e-01 2.72563100e-01 8.11019778e-01 8.35627079e-01
    3.59763801e-01 2.44247526e-01 7.47649312e-01 1.31295949e-01
    1.31986052e-01 9.39198852e-01 4.50044721e-01 8.75782073e-01
    2.39633739e-01 8.63481641e-01 2.66325861e-01 6.98506057e-01
    7.43857622e-01 5.52165508e-03 8.49185228e-01 7.89776564e-01
    1.85473263e-01 9.19042110e-01 7.26101756e-01 1.52634770e-01
    5.14726937e-02 1.64458215e-01 9.79677677e-01 1.57868773e-01
    7.61746168e-02 1.82502329e-01 9.09947991e-01 7.64912367e-01
    6.43378198e-02 4.25089568e-01 8.81714582e-01 2.17253208e-01
    6.27039611e-01 1.19406611e-01 8.87031078e-01 1.45982116e-01
    4.88423288e-01 4.45543170e-01 6.26691997e-01 3.67182732e-01
    4.54714656e-01 7.99447536e-01 5.98930240e-01 9.86643791e-01
    7.90591717e-01 1.75284892e-01 3.97269040e-01 2.14588374e-01
    8.66368890e-01 8.36262703e-01 7.55003989e-01 1.71357691e-01
    9.58107948e-01 8.22177529e-01 5.28393805e-01 2.03780949e-01
    1.78891450e-01 6.67926610e-01 9.03775990e-01 4.76191342e-01
    7.90098608e-01 5.93693852e-02 6.93605959e-01 8.17768931e-01
    6.53768420e-01 7.66513646e-01 9.68265772e-01 4.16669577e-01
    6.96652532e-01 1.20687038e-01 3.53696942e-02 9.45808291e-01
    3.84169310e-01 6.01272762e-01 9.83893871e-02 3.59450251e-01
    3.66136670e-01 1.83319300e-01 1.39344007e-01 7.58978128e-02
    8.32165956e-01 7.85632968e-01 8.63435864e-01 8.15537751e-01
    2.25763917e-01 7.21504152e-01 1.40178740e-01 7.26623833e-01
    4.94606793e-02 8.71323228e-01 7.50333548e-01 8.99574876e-01
    1.63702071e-01 1.70688719e-01 4.49604541e-01 6.58717871e-01
    7.58133471e-01 6.46012664e-01 1.68122351e-01 3.99276286e-01
    2.19372541e-01 5.77428758e-01 4.01064575e-01 9.60322201e-01
    7.82182813e-02 5.93465745e-01 6.55317068e-01 0. 0. 0. 0. 0. 0. 0. 0.
    0. 0. 9.16089237e-01 1.62800878e-01 1.90306306e-01 7.24463582e-01
    4.22491074e-01 4.23608780e-01 6.76923990e-02 3.17434967e-02
    2.87187278e-01 6.42364025e-01 3.23506892e-02 4.39176679e-01
    2.47050494e-01 1.52041525e-01 2.06986547e-01 8.91892254e-01
    4.81578201e-01 6.00881040e-01 8.30891430e-02 3.39044094e-01
    3.54048520e-01 2.12405711e-01 2.63393819e-01 2.49715835e-01
    5.56812882e-01 2.06217200e-01 7.78214931e-01 1.68440431e-01
    1.13639444e-01 8.00224245e-02 9.49099302e-01 2.95730948e-01
    7.06971705e-01 2.26179808e-01 9.75713611e-01 4.87034082e-01
    6.24697447e-01 3.46856892e-01 9.52475071e-01 2.06833869e-01
    4.00644541e-03 7.82885969e-01 8.66273344e-02 7.44679987e-01
    8.31205726e-01 4.83200073e-01 9.04779971e-01 1.68424070e-01
    7.84283757e-01 7.12335408e-01 3.87612581e-01 3.55005264e-01
    2.37043709e-01 5.10987937e-01 3.24954510e-01 3.09676170e-01
    3.77288133e-01 4.90945637e-01 5.13306916e-01 4.07459915e-01
    5.88148773e-01 7.41650105e-01 2.34246790e-01 4.79800016e-01
    5.27588844e-01 3.00482035e-01 9.83598351e-01 1.28774375e-01
    3.90200019e-02 4.43209976e-01 3.65393639e-01 8.96250844e-01
    4.72454756e-01 4.30143833e-01 5.53580344e-01 2.03415930e-01
    8.40887547e-01 3.35223734e-01 4.23965454e-01 3.18742394e-01
    6.13718450e-01 7.00704098e-01 3.73796582e-01 7.25654125e-01
    7.51218438e-01 8.93106163e-02 9.38760638e-01 1.38749391e-01
    5.78852952e-01 1.74656630e-01 2.21615911e-01 3.49930674e-01
    9.27917957e-02 7.18653202e-03 9.26741958e-01 4.77591872e-01
    7.26361275e-01 5.85931659e-01 8.91639113e-01 2.70088702e-01
    6.94881856e-01 4.36377317e-01 3.31590742e-01 8.94679666e-01
    7.86750436e-01 2.37948567e-01 1.24145716e-01 7.89890707e-01
    9.83017802e-01 1.77929103e-01 5.94450176e-01 8.93469453e-01
    8.22498560e-01 6.40097916e-01 5.86365402e-01 8.38635087e-01
    2.27709085e-01 2.08170265e-01 5.19024074e-01 8.15543890e-01
    7.57819176e-01 7.18186259e-01 6.36167586e-01 2.27381289e-02
    1.68921649e-01 1.47857547e-01 3.75485659e-01 8.48027587e-01
    4.05143023e-01 2.60093391e-01 4.20494974e-01 9.59536314e-01
    7.92314053e-01 3.94339025e-01 5.04918694e-01 7.39081144e-01
    4.15120900e-01 7.46599913e-01 5.09718657e-01 1.20955408e-02
    9.52253819e-01 6.86402023e-01 7.73992836e-01 1.68237418e-01
    7.67030358e-01 8.06532025e-01 7.05912828e-01 7.47411251e-01
    6.11791790e-01 8.96858871e-01 2.61112928e-01 9.96566296e-01
    1.47936642e-01 7.81475425e-01 9.58170414e-01 9.63721514e-01
    4.13885176e-01 4.09024656e-02 2.78903753e-01 4.81199205e-01
    3.66680175e-01 2.69629896e-01 3.67056429e-01 6.79143548e-01
    9.82617140e-01 1.55145645e-01 6.03528976e-01 2.26826549e-01
    8.46867323e-01 7.16492951e-01 4.20851409e-01 7.47369587e-01
    9.60002661e-01 9.66644883e-02 6.89824462e-01 2.94996440e-01
    1.89935416e-01 6.75176322e-01 2.58601755e-01 3.03500116e-01
    7.43305385e-01 8.37014675e-01 3.89637500e-01 5.68064809e-01
    8.53600621e-01 4.43579286e-01 3.45291793e-01 1.97258592e-01
    6.65144801e-01 7.37563729e-01 7.64092803e-03 8.05054367e-01
    7.13931322e-01 5.47534168e-01 8.94433379e-01 6.24563992e-01
    6.27612770e-01 5.84427118e-02 6.87853158e-01 6.23881817e-03
    2.51710445e-01 2.50213534e-01 7.12504387e-01 4.09174562e-01
    4.82629478e-01 2.36424953e-01 7.63068914e-01 8.79829407e-01
    9.98310328e-01 3.04497480e-01 3.31684381e-01 2.69002795e-01
    8.59315813e-01 7.54418671e-01 9.24924493e-01 7.79329062e-01
    7.28674650e-01 1.66743994e-01 6.13924682e-01 8.42532456e-01
    2.21330911e-01 5.59628129e-01 5.77893257e-02 4.07238841e-01
    8.24339390e-02 7.47351706e-01 4.41191971e-01 2.27385551e-01
    5.20178616e-01 5.16409278e-01 1.78773284e-01 5.48484206e-01
    9.18750882e-01 7.06885397e-01 7.55255163e-01 3.92660141e-01
    2.10182905e-01 6.13766670e-01 7.55767941e-01 6.29581928e-01
    5.55206418e-01 2.15712398e-01 7.48987436e-01 7.47063756e-02
    3.82125378e-01 1.33319855e-01 2.06828594e-01 5.10601103e-01
    4.63894308e-01 4.23272908e-01 2.79152274e-01 9.07118261e-01
    4.83095229e-01 9.27118540e-01 8.87980640e-01 5.83180189e-01 0. 0. 0.
    0. 0. 0. 0. 0. 0. 0. 3.49510670e-01 3.00000906e-01 1.10004038e-01
    9.23444748e-01 9.02227402e-01 2.15488911e-01 6.59728348e-01
    8.77274454e-01 7.93077946e-01 3.80223572e-01 6.77307248e-01
    3.52954090e-01 8.98908854e-01 7.99537778e-01 9.93104577e-01
    6.33560777e-01 4.36214268e-01 5.23446918e-01 9.16572332e-01
    8.15280557e-01 8.64533663e-01 2.02939451e-01 9.38403070e-01
    5.05355179e-01 9.01127934e-01 9.74714756e-01 4.93972600e-02
    6.58881605e-01 6.92301631e-01 1.18881553e-01 5.57910979e-01
    4.31087971e-01 3.05436432e-01 3.21294367e-02 6.99989915e-01
    2.18426883e-01 7.95940995e-01 7.43362725e-01 9.31140542e-01
    9.94651318e-01 2.04905570e-01 4.71145958e-01 3.35079938e-01
    8.99468780e-01 6.85730338e-01 7.66606092e-01 3.70344341e-01
    2.12434947e-01 7.89997697e-01 3.93741697e-01 2.82253653e-01
    3.23985487e-01 5.29000044e-01 5.03794849e-01 6.72371387e-01
    8.84247482e-01 9.18615460e-01 6.87312961e-01 4.92391199e-01
    8.24438095e-01 7.37384379e-01 6.35578156e-01 4.71837491e-01
    7.07790315e-01 9.73275840e-01 9.18957949e-01 5.69675148e-01
    5.13914943e-01 5.44995308e-01 5.57852685e-02 2.93738604e-01
    1.86466783e-01 6.73690319e-01 8.82048249e-01 7.02340245e-01
    4.77831006e-01 9.60444927e-01 3.92573148e-01 6.05751693e-01
    4.98845309e-01 9.05625045e-01 8.16318512e-01 8.57442498e-01
    8.55772316e-01 2.72369385e-01 2.56117553e-01 3.23292077e-01
    8.07581306e-01 9.29736257e-01 6.34000719e-01 9.77302969e-01
    2.39312828e-01 7.36326993e-01 8.90518785e-01 5.52113295e-01
    3.47481608e-01 1.19252056e-01 4.55130428e-01 5.15486777e-01
    3.27977777e-01 5.75394928e-01 4.56512541e-01 2.40742862e-01
    2.53512621e-01 2.11451352e-01 7.61453509e-01 2.69826114e-01
    5.92878461e-01 5.69066405e-03 2.95898914e-02 1.29822701e-01
    7.88913667e-02 4.95610833e-02 4.52899128e-01 2.34866768e-01
    1.46705657e-01 8.36188316e-01 6.51792228e-01 7.45885730e-01
    8.65966380e-02 7.68283546e-01 3.16277921e-01 2.86307096e-01
    7.16107726e-01 1.19841993e-01 1.79918170e-01 8.57288182e-01
    9.78703499e-02 4.62331802e-01 9.39725101e-01 6.95607483e-01
    2.16613799e-01 6.56634569e-01 7.87175655e-01 9.32409108e-01
    8.43247294e-01 9.97299969e-01 7.58522987e-01 6.17885709e-01
    9.45976973e-02 2.62189716e-01 7.20460176e-01 5.54880202e-01
    4.34403896e-01 3.65470827e-01 8.12328458e-02 8.54446232e-01
    4.38981324e-01 1.83859885e-01 6.49908125e-01 3.20998967e-01
    1.52163118e-01 6.34421110e-01 6.43672347e-01 3.90928507e-01
    1.97977453e-01 4.34954256e-01 6.43892527e-01 2.13640571e-01
    2.39113599e-01 9.52231884e-01 2.74445981e-01 8.43440294e-01
    9.23113346e-01 1.10202402e-01 2.54854918e-01 9.35386837e-01
    9.65970278e-01 8.81876647e-01 3.17443073e-01 4.88158286e-01
    3.05890352e-01 3.57694328e-01 9.77643728e-01 5.90198755e-01
    1.42553419e-01 1.22584581e-01 5.20294666e-01 2.59388745e-01
    7.30365217e-02 9.18444037e-01 6.39374554e-01 7.76486635e-01
    4.85784441e-01 9.97040391e-01 7.56475449e-01 6.77185416e-01
    1.32743418e-01 8.14477265e-01 6.90753460e-02 8.86958420e-01
    8.42762232e-01 7.57639527e-01 8.58892083e-01 9.17044401e-01
    3.17970932e-01 1.26805454e-01 1.36903375e-01 3.39210212e-01
    9.03229356e-01 7.70635784e-01 1.04705095e-01 6.54382944e-01
    6.71488047e-03 7.78217316e-01 1.49719894e-01 6.26428127e-01
    8.42284203e-01 7.48127699e-01 2.63897300e-01 4.81050313e-02
    6.20710313e-01 8.86225224e-01 6.77848220e-01 2.91341394e-01
    6.40106440e-01 5.11757374e-01 2.93921083e-01 3.97353947e-01
    5.57713687e-01 6.94594681e-02 9.33830678e-01 6.78458214e-01
    1.14749402e-01 2.32680857e-01 6.12515807e-01 8.75262618e-02
    2.88008273e-01 1.45360202e-01 3.32622528e-02 5.20073354e-01
    4.50802803e-01 6.04163885e-01 3.34072828e-01 2.52020061e-01
    4.49288636e-01 7.65044153e-01 1.49822831e-02 1.40999526e-01
    1.94625258e-02 9.49505925e-01 3.07903588e-01 2.75137424e-01
    3.48722279e-01 5.98623991e-01 6.56743884e-01 8.15558314e-01
    4.19429570e-01 7.15498805e-01 5.38241208e-01 3.51436973e-01
    3.24104279e-01 1.94584846e-01 6.43595815e-01 4.32643622e-01
    5.43697000e-01 0. 0. 0. 0. 0. 0. 0. 0. 0. 0. 2.22978622e-01
    5.46719432e-01 3.58971894e-01 8.58545780e-01 8.21125746e-01
    7.70654619e-01 7.53449678e-01 9.90507007e-02 4.10905421e-01
    2.37775773e-01 5.59209108e-01 5.30619621e-01 2.88638860e-01
    5.37069738e-01 5.98343432e-01 9.38184977e-01 9.33164656e-01
    2.36558467e-01 9.56883788e-01 6.03555977e-01 1.95611298e-01
    6.16211414e-01 5.69498837e-01 7.15333819e-01 8.90596151e-01
    6.85414433e-01 1.76465124e-01 9.98744965e-01 5.54861665e-01
    4.61620092e-03 2.83299983e-02 4.11094785e-01 3.55264485e-01
    3.35407138e-01 9.25045490e-01 9.22910631e-01 2.36260444e-01
    4.95479047e-01 4.95128036e-02 1.15152001e-01 9.81012881e-01
    4.33490872e-02 7.58435011e-01 7.12417722e-01 3.39294612e-01
    1.02233976e-01 9.65512097e-01 4.29747671e-01 1.44937843e-01
    7.63050318e-01 9.35378790e-01 8.21461797e-01 3.84379148e-01
    9.00094390e-01 3.27391148e-01 7.48401225e-01 7.49905586e-01
    3.07157695e-01 2.20592052e-01 7.29305446e-01 1.20468050e-01
    6.69883847e-01 3.60547334e-01 6.70442581e-01 6.12694204e-01
    5.90355933e-01 9.96832132e-01 6.12426400e-02 3.49742651e-01
    6.85712576e-01 4.44576025e-01 1.32530928e-04 1.18363529e-01
    3.44282448e-01 4.52198237e-01 7.22554326e-01 4.99725342e-04
    1.51326358e-01 2.00178832e-01 5.72864175e-01 3.03952098e-02
    1.62034631e-01 2.14172602e-01 2.28889912e-01 3.27226400e-01
    9.28707957e-01 3.34566414e-01 8.31378996e-01 7.24399865e-01
    8.71252418e-01 9.17023182e-01 5.48653781e-01 5.88919818e-01
    2.31524706e-01 4.90110099e-01 4.77828205e-01 9.96744990e-01
    4.65130359e-01 6.03348613e-01 8.77781034e-01 2.81755626e-01
    8.14858973e-02 9.20920014e-01 9.16935802e-01 6.40223265e-01
    2.99002618e-01 6.23735249e-01 6.84542298e-01 2.63980657e-01
    1.83922946e-02 1.37895167e-01 1.37119055e-01 3.70435387e-01
    4.22916532e-01 6.05909526e-02 4.52227473e-01 6.24476731e-01
    4.32582438e-01 8.44519496e-01 2.98151940e-01 2.16415107e-01
    5.46281815e-01 6.48925066e-01 6.22246563e-01 3.26757908e-01
    4.08999383e-01 1.22352481e-01 7.25396991e-01 5.20593584e-01
    7.00476468e-02 8.12762082e-02 7.30864942e-01 1.68743730e-02
    4.12344158e-01 4.53084916e-01 7.65687466e-01 9.60814595e-01
    5.29692173e-01 3.70103806e-01 4.98973668e-01 7.42326021e-01
    6.91270947e-01 9.20891285e-01 3.08732510e-01 9.35255170e-01
    1.81312919e-01 9.36659515e-01 5.13630509e-01 9.06676531e-01
    8.33203256e-01 9.01406229e-01 7.22279549e-01 4.63738590e-01
    3.31121683e-02 3.29222739e-01 4.39547688e-01 4.78831351e-01
    2.90708184e-01 2.60024130e-01 9.86231148e-01 8.99759412e-01
    7.63448238e-01 7.07043529e-01 6.50709033e-01 4.42695439e-01
    5.99537015e-01 4.59355116e-02 2.85513282e-01 4.90958273e-01
    6.73633933e-01 6.70475721e-01 9.74330187e-01 5.25425255e-01
    5.11124313e-01 6.73862875e-01 4.66157496e-01 5.97065568e-01
    4.99504715e-01 3.93872797e-01 3.35803419e-01 2.23999977e-01
    4.22281474e-01 9.33277011e-01 2.61663109e-01 5.80472350e-01
    1.69010311e-01 9.40523624e-01 5.41946173e-01 5.69205999e-01
    2.48295873e-01 3.11669260e-01 5.98681808e-01 9.20096993e-01
    3.61287355e-01 5.07445693e-01 7.11598337e-01 7.21338868e-01
    6.38000369e-01 2.96453416e-01 5.65858603e-01 5.80577970e-01
    8.53261352e-01 2.07373768e-01 1.67822629e-01 5.59237540e-01
    2.95137227e-01 6.64638579e-01 6.78567052e-01 8.84854198e-01
    4.47655827e-01 6.70635819e-01 8.24137926e-01 5.49665987e-01
    7.81292558e-01 1.78887129e-01 1.85073286e-01 7.44579554e-01
    8.30094457e-01 6.25312924e-01 9.38276410e-01 3.56033832e-01
    8.37339938e-01 4.35320616e-01 1.69153512e-01 2.47374177e-03
    7.18377531e-02 8.69848132e-01 6.19035661e-01 4.55139846e-01
    8.80125701e-01 6.61117196e-01 8.73584509e-01 4.45784628e-02
    5.69256127e-01 9.12253618e-01 6.37872219e-01 9.16258693e-01
    9.04438496e-01 9.96948242e-01 8.81984711e-01 7.29220212e-02
    8.72378230e-01 5.03452361e-01 6.90506876e-01 2.44174629e-01
    2.17220128e-01 6.77562714e-01 8.53063107e-01 7.08074152e-01
    5.89219749e-01 5.42947471e-01 7.81456828e-02 3.93901974e-01
    1.29167438e-01 6.90471292e-01 6.41107142e-01 0. 0. 0. 0. 0. 0. 0. 0.
    0. 0. 3.92819375e-01 7.59191155e-01 6.82045519e-01 7.44119942e-01
    5.07920980e-04 9.45376635e-01 8.30469131e-01 5.05105495e-01
    9.16376948e-01 6.32272363e-01 4.08078045e-01 5.20428181e-01
    2.12825835e-02 2.70868301e-01 6.72582269e-01 7.71586299e-01
    1.66228503e-01 9.42494750e-01 8.03861201e-01 9.74749744e-01
    8.98829103e-02 6.27457321e-01 9.96845484e-01 6.17291510e-01
    6.17349029e-01 7.02888846e-01 6.34837270e-01 3.45263660e-01
    5.76031506e-02 7.12402225e-01 3.81288528e-02 5.22224545e-01
    7.99977779e-01 8.89687836e-02 5.17320633e-01 9.09760356e-01
    9.33989286e-01 4.01745856e-01 6.74548447e-02 6.34524047e-01
    4.78133768e-01 7.55522013e-01 7.28552043e-01 7.27390647e-01
    5.11480153e-01 6.45397544e-01 9.53190327e-01 9.08677459e-01
    6.00428402e-01 8.21080327e-01 2.92933136e-01 9.18876290e-01
    3.61359894e-01 4.45826024e-01 6.94540083e-01 5.25642037e-02
    1.37592793e-01 5.23836851e-01 9.12924528e-01 2.06025779e-01
    3.64820629e-01 5.87116480e-01 1.26397252e-01 4.63975936e-01
    1.15422189e-01 9.57265496e-01 8.73074889e-01 5.46885371e-01
    1.72196716e-01 1.97212934e-01 2.57850021e-01 1.06743097e-01
    7.21038580e-01 8.93526614e-01 7.01243997e-01 9.36775208e-01
    1.95096880e-01 2.88175166e-01 1.22290760e-01 7.89997935e-01
    2.42192060e-01 2.66669929e-01 9.41456199e-01 7.53461719e-01
    1.01857632e-01 4.43622589e-01 6.53403401e-01 3.75048339e-01
    7.81758547e-01 4.23792809e-01 4.41503555e-01 4.80565101e-01
    6.52136445e-01 4.64983582e-02 9.86358523e-01 8.19837689e-01
    2.38787234e-01 2.33989209e-01 3.91263127e-01 3.38837564e-01
    9.13661897e-01 5.88203073e-02 9.96274650e-01 9.37481523e-01
    2.66263664e-01 5.14946222e-01 5.50151885e-01 6.52984560e-01
    3.15992057e-01 1.74553782e-01 8.64039063e-02 3.69612008e-01
    1.41099155e-01 6.90631568e-01 7.61920333e-01 4.63118553e-01
    2.10145891e-01 2.53853798e-01 1.70447171e-01 4.82630014e-01
    6.86945677e-01 3.27139288e-01 4.98902261e-01 3.89625430e-02
    7.77163386e-01 9.99696493e-01 5.72609603e-01 7.10185528e-01
    1.73316598e-02 8.35226774e-01 7.28413165e-02 6.31145477e-01
    7.04375267e-01 9.06054616e-01 1.45229071e-01 1.74212039e-01
    2.48791456e-01 1.54935509e-01 1.71261251e-01 5.69011390e-01
    9.76768374e-01 7.14852750e-01 6.22252584e-01 4.90974724e-01
    6.14362955e-01 1.26700222e-01 3.36981952e-01 6.85579479e-02
    8.46751928e-01 4.38058048e-01 8.68324518e-01 6.20855093e-02
    4.25256371e-01 8.94880116e-01 3.61769110e-01 1.74758404e-01
    7.66302884e-01 6.09875441e-01 5.94541728e-01 3.00452590e-01
    2.21207738e-03 2.12023646e-01 6.22297049e-01 5.05365729e-01
    6.62268043e-01 4.45885479e-01 2.46170431e-01 7.26131499e-01
    2.98615694e-01 6.20998621e-01 5.48769534e-01 9.69675064e-01
    3.07465553e-01 1.30991966e-01 7.67055213e-01 6.54952705e-01
    4.42977488e-01 2.38733619e-01 5.40214956e-01 1.70807481e-01
    7.73266494e-01 3.85089457e-01 9.56084490e-01 4.57176775e-01
    2.21807122e-01 4.87720519e-01 7.39709973e-01 8.68424177e-01
    4.19354141e-02 8.03922176e-01 2.48592645e-01 3.03838551e-01
    8.88391733e-02 9.83268261e-01 8.22499990e-02 1.65393323e-01
    5.28416157e-01 5.37208140e-01 1.33652359e-01 7.57606328e-02
    6.93275392e-01 4.96725917e-01 5.03700972e-01 8.12663436e-01
    9.52411056e-01 5.86065114e-01 9.83110070e-03 9.63190794e-01
    7.32136250e-01 3.11618447e-01 9.53018069e-01 9.95057523e-02
    3.37553024e-01 3.92007530e-02 1.45000398e-01 4.88672435e-01
    9.18542266e-01 9.20689404e-02 9.71614122e-01 4.15383577e-02
    2.72861302e-01 1.02408409e-01 2.44478911e-01 1.86426342e-01
    2.61223644e-01 1.12741083e-01 7.53806233e-01 4.85893399e-01
    2.02580810e-01 5.20835996e-01 6.00740492e-01 5.80039918e-02
    5.90735972e-01 8.52421761e-01 8.17732096e-01 7.33350575e-01
    5.05409122e-01 2.63739228e-02 9.06094313e-01 4.80176181e-01
    1.47810966e-01 8.71873379e-01 5.41035533e-01 5.89286804e-01
    1.20922267e-01 7.40192890e-01 6.12176359e-01 1.31417513e-02
    6.82867706e-01 7.26496458e-01 4.11616564e-01 2.62666523e-01
    8.62933278e-01 7.20655680e-01 4.06190932e-01 3.08435947e-01 0. 0. 0.
    0. 0. 0. 0. 0. 0. 0. 5.67144990e-01 8.55483592e-01 9.55132484e-01
    6.81613982e-01 8.20598543e-01 9.22156572e-01 3.55445683e-01
    9.74716663e-01 2.96191692e-01 8.70951355e-01 1.81541145e-01
    2.88164794e-01 9.64648008e-01 3.53398651e-01 2.13069111e-01
    3.48967195e-01 3.71200353e-01 8.44726980e-01 8.19740772e-01
    1.34379715e-01 6.30209327e-01 1.83279485e-01 6.01626158e-01
    6.49263859e-01 5.76682210e-01 5.38792729e-01 5.49841881e-01
    5.79184234e-01 6.11908436e-02 5.64047158e-01 5.21275699e-02
    9.68892336e-01 9.37473476e-02 2.65215933e-02 1.30567104e-01
    1.72743887e-01 9.89455938e-01 1.35502517e-02 1.62107378e-01
    1.89055085e-01 6.05997205e-01 9.48297679e-02 4.21728164e-01
    3.20732534e-01 7.34574199e-02 4.67224121e-02 8.00872445e-02
    9.12347078e-01 7.09595919e-01 2.22823739e-01 4.26553249e-01
    3.17805529e-01 6.69185698e-01 2.01522738e-01 6.12233818e-01
    8.76472175e-01 4.68033969e-01 4.07891572e-01 9.40338492e-01
    4.07737136e-01 7.02458918e-01 9.42263603e-02 8.26496005e-01
    4.45502698e-02 8.00788760e-01 6.85668588e-01 3.33198369e-01
    3.84819448e-01 1.50723457e-01 2.92225540e-01 7.63894916e-01
    1.21094465e-01 4.54243630e-01 7.52137899e-02 1.79498196e-02
    2.84005284e-01 7.24397540e-01 9.30130363e-01 4.77113426e-01
    7.81292439e-01 1.58412009e-01 7.06872582e-01 9.95521128e-01
    6.47422552e-01 6.08916581e-01 2.53495932e-01 5.72863758e-01
    8.96624565e-01 4.01045740e-01 5.83010018e-02 4.23946649e-01
    3.54797930e-01 3.11513394e-01 3.66047025e-03 9.93144512e-01
    4.22665834e-01 8.13995898e-01 1.45417601e-01 9.27006125e-01
    9.71238971e-01 5.13711393e-01 5.12181878e-01 9.43026364e-01
    9.55997407e-01 7.30551243e-01 8.43972087e-01 4.98250246e-01
    7.18877733e-01 6.04737997e-01 6.46194935e-01 1.38132215e-01
    9.24434602e-01 1.76386327e-01 6.86117768e-01 5.86545587e-01
    3.65462542e-01 9.92038131e-01 2.44937092e-01 5.47119081e-02
    8.59991193e-01 7.35865235e-01 5.98888457e-01 8.06927085e-02
    6.78268254e-01 1.98698968e-01 1.53404713e-01 4.94670391e-01
    1.05598718e-01 7.56311595e-01 8.75477672e-01 5.63154101e-01
    2.49092638e-01 4.68013763e-01 9.50940013e-01 9.05709922e-01
    2.70156980e-01 4.90761459e-01 6.74803734e-01 9.81650531e-01
    9.81459856e-01 7.31143177e-01 4.97132570e-01 4.62577939e-01
    5.68674147e-01 1.29335731e-01 4.26814795e-01 8.97433400e-01
    2.28527606e-01 3.77251208e-01 8.68896127e-01 8.35569978e-01
    4.57267076e-01 1.65232480e-01 9.13107872e-01 9.16451633e-01
    6.68614745e-01 4.86873299e-01 1.08338535e-01 9.78932023e-01
    8.39202642e-01 9.28994417e-02 4.12612855e-01 1.54622138e-01
    4.25880909e-01 4.78962660e-01 5.26880324e-02 3.26525152e-01
    5.05721748e-01 7.75493383e-01 9.64194894e-01 8.70134473e-01
    7.68651128e-01 6.91185236e-01 6.75159097e-01 2.75682002e-01
    9.46961820e-01 4.54881042e-01 6.41780734e-01 6.48242652e-01
    7.62461185e-01 6.74000978e-01 4.71155405e-01 5.19213796e-01
    4.70940769e-02 3.93213660e-01 5.97348213e-02 6.17049694e-01
    2.37838060e-01 1.11956298e-01 3.97411674e-01 5.21115422e-01
    7.43449450e-01 2.66313046e-01 1.45981908e-02 9.68502641e-01
    2.74647772e-01 2.48298049e-01 8.22017908e-01 2.62108743e-01
    2.67820686e-01 1.03786618e-01 5.15703857e-01 5.49241722e-01
    6.63984716e-01 5.18136621e-01 3.60378891e-01 6.71192944e-01
    2.54536688e-01 4.25626278e-01 2.00834274e-02 6.79195583e-01
    3.46370250e-01 8.28252912e-01 8.99678111e-01 1.19342476e-01
    5.17825842e-01 3.07132363e-01 1.59109503e-01 7.81618953e-01
    5.93436241e-01 4.81750071e-02 8.34099352e-02 8.05344105e-01
    4.87330377e-01 9.24622715e-02 2.57037789e-01 8.91622841e-01
    1.74637765e-01 1.57274634e-01 7.76946545e-02 4.83309954e-01
    9.07055438e-01 2.81477004e-01 6.49508893e-01 8.04847002e-01
    6.15856528e-01 7.66231358e-01 8.20808113e-01 6.45841658e-01
    6.68554366e-01 1.89983517e-01 7.37920403e-03 7.97052026e-01
    1.04583681e-01 9.43286180e-01 4.76445794e-01 6.12418354e-01
    9.42028046e-01 6.90341592e-02 1.56541705e-01 3.00822586e-01
    7.67000079e-01 2.41959900e-01 8.22357476e-01 3.19035798e-01
    8.96057606e-01 0. 0. 0. 0. 0. 0. 0. 0. 0. 0. 9.34462786e-01
    5.42670369e-01 5.35701513e-01 6.49392605e-01 3.05858970e-01
    6.34556055e-01 8.19924355e-01 8.54025722e-01 9.71159697e-01
    1.85562462e-01 9.39927816e-01 1.70319378e-01 8.28638434e-01
    5.45382440e-01 5.26286125e-01 8.32404852e-01 6.18411839e-01
    6.55483007e-01 4.18577045e-01 1.26337737e-01 6.70634031e-01
    8.11188281e-01 2.33168900e-01 5.86479187e-01 8.78979206e-01
    5.04638314e-01 5.67468345e-01 8.76723289e-01 7.64707685e-01
    9.11418557e-01 8.48874927e-01 7.82190025e-01 8.41378689e-01
    2.56247461e-01 1.06802672e-01 1.70365453e-01 1.76451325e-01
    9.37148929e-01 1.67998582e-01 3.47519338e-01 6.92024708e-01
    2.32295871e-01 7.99649119e-01 9.98561144e-01 2.46637344e-01
    2.69249380e-01 5.10262072e-01 4.79820162e-01 9.40633893e-01
    3.10882360e-01 9.04098153e-01 6.76396012e-01 8.39635074e-01
    2.35455811e-01 8.12254667e-01 9.53881085e-01 5.96720815e-01
    9.58760381e-02 4.12727684e-01 8.66315842e-01 7.44819880e-01
    1.82986856e-02 6.19442701e-01 2.22867191e-01 2.69113004e-01
    5.14142931e-01 7.05256283e-01 2.78206587e-01 1.96312398e-01
    3.88732076e-01 3.99362683e-01 4.27548409e-01 7.11489499e-01
    4.88245726e-01 9.24489260e-01 2.40547657e-01 7.35986829e-02
    8.84251773e-01 7.11290956e-01 4.28182572e-01 6.50607228e-01
    8.33695233e-01 1.42887563e-01 4.92713213e-01 3.14772010e-01
    7.01567292e-01 4.77657020e-02 1.27893955e-01 2.41760820e-01
    5.06181836e-01 7.44718075e-01 6.35318041e-01 2.39047289e-01
    4.45705295e-01 5.66879988e-01 4.40412223e-01 7.61077046e-01
    7.66961932e-01 4.91639853e-01 7.48224735e-01 9.89798784e-01
    7.97372758e-01 3.29395235e-01 2.62908280e-01 1.59793019e-01
    8.75470519e-01 3.95238459e-01 6.39763474e-03 5.59307516e-01
    1.59273803e-01 1.85853183e-01 2.39526957e-01 5.48915386e-01
    6.38128817e-02 5.89647233e-01 9.55664456e-01 8.74191761e-01
    7.78187335e-01 4.42957908e-01 3.84734124e-01 4.17641640e-01
    1.95714742e-01 4.26891029e-01 1.95647746e-01 9.75955725e-02
    5.13915479e-01 4.95349586e-01 8.23601127e-01 8.69982600e-01
    6.45348310e-01 6.57335281e-01 8.35597396e-01 8.43562365e-01
    7.14991808e-01 7.92072952e-01 8.99275422e-01 6.91069365e-01
    7.92887747e-01 5.73395789e-01 4.52097297e-01 3.22223514e-01
    1.82729989e-01 8.75714064e-01 3.42016488e-01 2.65167594e-01
    6.38274491e-01 1.46304369e-02 1.92638338e-01 5.20093203e-01
    3.08626592e-02 6.18362486e-01 1.95080310e-01 3.86818826e-01
    1.15515590e-02 4.59360540e-01 7.50460505e-01 1.08641595e-01
    8.16590548e-01 4.84098911e-01 5.63521087e-01 6.48559034e-01
    9.48630869e-02 5.41066468e-01 3.75738114e-01 1.42527819e-01
    9.33682442e-01 2.58590966e-01 1.00404739e-01 8.62561464e-01
    4.28155661e-01 3.46052647e-02 4.37061906e-01 4.06066239e-01
    2.57156163e-01 2.12405771e-01 4.47991222e-01 2.00179398e-01
    6.96649194e-01 1.32562220e-02 1.39373839e-01 9.59069252e-01
    9.83027637e-01 7.08272219e-01 2.64288783e-01 7.01497674e-01
    6.14513993e-01 7.36224174e-01 9.83709335e-01 8.99938583e-01
    1.79990977e-01 9.15067196e-02 8.56462717e-02 9.22457218e-01
    5.56856513e-01 2.58170903e-01 2.86084890e-01 3.48187625e-01
    3.17476988e-01 9.48037148e-01 8.98662806e-01 5.91067791e-01
    8.12592387e-01 3.15971673e-01 4.35782373e-01 3.43771279e-01
    5.42077303e-01 8.40578198e-01 5.01004755e-02 8.93996954e-01
    9.29023266e-01 5.95984697e-01 7.85709679e-01 4.56751347e-01
    8.96609068e-01 9.14497495e-01 7.11152494e-01 3.96981895e-01
    4.74680483e-01 9.77686524e-01 9.30029154e-02 6.33390188e-01
    2.50399947e-01 8.02271724e-01 5.10825753e-01 1.11673594e-01
    3.62626404e-01 9.59760249e-01 7.42454290e-01 1.95302546e-01
    8.54350924e-01 8.10952544e-01 9.81599331e-01 3.61589789e-01
    8.23835552e-01 9.67620850e-01 1.13308758e-01 6.59460068e-01
    6.73092306e-02 4.53994274e-02 5.68074822e-01 6.61175966e-01
    5.58066130e-01 3.21273148e-01 5.29135704e-01 1.73202276e-01
    9.75623369e-01 2.29299217e-01 5.20334899e-01 6.48305714e-01
    7.01595724e-01 7.82263756e-01 1.93875313e-01 6.26643002e-01
    4.39772099e-01 8.94552171e-02 5.98938823e-01 0. 0. 0. 0. 0. 0. 0. 0.
    0. 0. 1.33628279e-01 4.04707909e-01 7.77862132e-01 8.13401401e-01
    6.96896136e-01 5.53742826e-01 8.86802077e-01 6.91508889e-01
    7.40943730e-01 4.57890183e-01 8.39951634e-01 2.25916505e-02
    8.77330184e-01 8.37960720e-01 5.92468023e-01 9.39138234e-02
    9.16667700e-01 5.33746719e-01 3.75893712e-01 4.76575434e-01
    5.79192340e-02 7.07844138e-01 2.52696335e-01 8.03908646e-01
    2.46643811e-01 4.00539994e-01 2.87886083e-01 9.19279933e-01
    3.82230163e-01 1.78611040e-01 5.57446003e-01 8.30483556e-01
    5.97085893e-01 7.08047032e-01 1.71844959e-02 4.35926020e-01
    2.49308348e-02 3.48760396e-01 3.64923835e-01 8.16921115e-01
    3.75057340e-01 9.64613020e-01 9.48803425e-02 8.33350778e-01
    3.58440340e-01 9.06563997e-01 5.02021849e-01 5.43910861e-02
    7.40680695e-02 8.95001173e-01 3.20401788e-02 8.45989883e-01
    1.74195766e-02 4.87071633e-01 9.27478552e-01 7.89893627e-01
    9.20274854e-01 3.13754141e-01 8.27407420e-01 8.04919839e-01
    6.98754132e-01 2.21301973e-01 2.67890513e-01 5.27777553e-01
    1.94009393e-01 8.53762925e-01 6.43620551e-01 4.12361026e-02
    7.14078188e-01 5.75648844e-02 6.85704112e-01 7.32135057e-01
    3.00411552e-01 6.30004525e-01 7.19023228e-01 6.50364399e-01
    7.71447361e-01 4.91647035e-01 8.29899430e-01 8.80808651e-01
    8.39967966e-01 3.35335135e-02 4.07908797e-01 3.79659027e-01
    9.62618887e-01 1.05127901e-01 6.79953814e-01 7.91661739e-01
    3.66091788e-01 3.40270758e-01 7.94262290e-01 9.16230857e-01
    7.60355473e-01 3.58589768e-01 2.75262266e-01 7.32594371e-01
    8.88373971e-01 7.95963883e-01 5.58834732e-01 2.86399484e-01
    4.98757869e-01 5.41822910e-01 7.59301722e-01 6.81510627e-01
    4.65383500e-01 7.23869920e-01 5.49117804e-01 9.13425565e-01
    1.44312650e-01 8.29710245e-01 3.10715675e-01 6.13511443e-01
    6.09459043e-01 6.43126070e-01 5.51064253e-01 8.04829001e-02
    9.20263827e-02 3.38037103e-01 5.02774358e-01 3.32746208e-01
    7.55059242e-01 3.05076778e-01 2.64302194e-01 2.35612512e-01
    5.10628462e-01 9.58785772e-01 8.84566665e-01 4.25113797e-01
    5.41838527e-01 5.30106127e-01 4.01947945e-01 4.22034681e-01
    5.95313728e-01 5.80343127e-01 6.82986915e-01 3.66658151e-01
    7.94242978e-01 6.31636560e-01 5.37703514e-01 5.94096065e-01
    6.74818993e-01 3.15977603e-01 8.49362612e-01 5.93806386e-01
    7.95930028e-01 5.15774608e-01 7.64126420e-01 3.82337570e-02
    3.25504392e-01 7.66792297e-01 6.29789710e-01 2.60563612e-01
    4.78441447e-01 8.33885074e-01 1.90404952e-02 4.85396683e-01
    9.21330690e-01 7.57734656e-01 8.41397882e-01 1.36350244e-01
    4.11494195e-01 5.69375634e-01 3.52621794e-01 2.74092555e-01
    2.71373570e-01 5.02976716e-01 1.93128675e-01 9.55984592e-02
    6.23537719e-01 8.96828413e-01 7.16750503e-01 2.18276531e-01
    1.69436961e-01 5.54165244e-03 6.07978702e-02 5.79184771e-01
    5.89991510e-02 5.51397443e-01 4.72388387e-01 5.69968343e-01
    2.63012588e-01 3.38378191e-01 4.04969066e-01 2.50579357e-01
    9.92847145e-01 4.84733641e-01 5.39622605e-01 5.27503967e-01
    9.48714495e-01 3.85824740e-02 8.44812036e-01 8.30150068e-01
    5.54911137e-01 8.97671223e-01 6.00055575e-01 3.48846674e-01
    1.80742443e-01 2.36714363e-01 4.73974675e-01 2.32692480e-01
    8.48819196e-01 1.92754328e-01 5.31010270e-01 3.14273953e-01
    8.74074161e-01 5.36766291e-01 7.34305501e-01 5.37409365e-01
    3.83643806e-02 5.80522358e-01 4.20495152e-01 4.69989926e-01
    6.09883487e-01 9.72795606e-01 6.27873421e-01 7.19071865e-01
    6.68342292e-01 8.58567476e-01 3.46844196e-02 5.60975075e-03
    6.10621870e-02 8.86301160e-01 2.83718079e-01 8.74931812e-01
    9.64554489e-01 7.63315558e-01 9.35668111e-01 1.49131000e-01
    9.58188295e-01 2.50245929e-02 2.16687679e-01 2.47828543e-01
    4.70339388e-01 9.98948336e-01 4.86284435e-01 3.43765914e-02
    4.15023863e-02 3.87315094e-01 6.03269398e-01 9.80255842e-01
    2.29096502e-01 2.38640368e-01 7.13914633e-01 4.25952077e-01
    8.14397454e-01 3.83724749e-01 7.42591023e-02 3.18762660e-02
    6.51252687e-01 5.83207667e-01 2.29107141e-02 9.06331062e-01
    3.27804804e-01 6.47721648e-01 2.66786635e-01 5.08622468e-01 0. 0. 0.
    0. 0. 0. 0. 0. 0. 0. 6.62850678e-01 5.78947484e-01 6.53569043e-01
    1.15283638e-01 5.53090513e-01 1.85774267e-02 2.37012535e-01
    6.56400144e-01 7.05415249e-01 7.80893862e-02 5.37145197e-01
    7.13982344e-01 2.05970645e-01 4.71755654e-01 6.03454828e-01
    3.26899260e-01 6.98108077e-02 3.38610172e-01 1.86131299e-02
    9.49390054e-01 4.78636026e-02 2.10782826e-01 1.50183022e-01
    6.02702856e-01 2.92712867e-01 4.99259233e-01 4.88429695e-01
    4.06991571e-01 8.24970841e-01 1.75056666e-01 5.63838959e-01
    4.08108830e-02 7.65970826e-01 7.69889832e-01 6.18075013e-01
    2.87013292e-01 2.38728315e-01 5.04881442e-01 4.57228422e-02
    7.39872694e-01 1.00544572e-01 4.22498852e-01 1.90929651e-01
    4.88931030e-01 4.69103634e-01 1.56464875e-01 4.97696131e-01
    8.29228640e-01 6.15601838e-01 2.87326097e-01 5.15778482e-01
    6.99025750e-01 4.60447609e-01 9.65279460e-01 5.29683769e-01
    3.12054992e-01 5.50582826e-01 9.17134285e-02 2.29218751e-01
    6.40085936e-01 1.20654553e-01 2.16838419e-01 8.35682034e-01
    8.07484388e-01 3.98311228e-01 5.94152808e-01 4.55926359e-02
    2.04601556e-01 6.76600635e-02 6.74035430e-01 6.37848735e-01
    9.18921590e-01 9.05887544e-01 9.79440451e-01 8.68664742e-01
    3.72946262e-03 2.88253844e-01 4.09208983e-01 7.27980137e-01
    9.57696617e-01 6.39404595e-01 5.48891366e-01 3.62616181e-01
    9.20153975e-01 3.31249774e-01 1.19958371e-01 8.92017722e-01
    3.33094120e-01 3.40801477e-01 7.39710450e-01 9.55066741e-01
    5.82200289e-01 9.01043415e-04 5.63418984e-01 5.45490682e-01
    2.55498827e-01 3.55074048e-01 5.69845200e-01 1.14201695e-01
    8.55040073e-01 4.51413691e-01 7.83699095e-01 3.77717018e-01
    4.72352326e-01 9.02703047e-01 1.79158628e-01 2.32940733e-01
    5.09302616e-02 7.92874396e-01 2.47534990e-01 8.94266665e-02
    2.96272576e-01 5.27216971e-01 4.04641181e-01 7.22174227e-01
    9.20954943e-01 5.72831273e-01 5.05644798e-01 7.81624079e-01
    9.52295125e-01 3.24360907e-01 3.85519445e-01 4.58268523e-02
    8.77155900e-01 5.56736350e-01 7.95692503e-01 8.34602594e-01
    4.19893920e-01 6.38553977e-01 2.46258795e-01 4.41569716e-01
    1.78199083e-01 8.38355184e-01 4.47050393e-01 1.83756977e-01
    4.12024617e-01 4.16001976e-01 1.01430446e-01 5.30921757e-01
    8.66119385e-01 4.85595882e-01 6.64517164e-01 4.94613290e-01
    4.56909090e-01 6.90226972e-01 7.50283301e-01 2.02952325e-01
    1.90489739e-01 2.52874970e-01 8.91115725e-01 3.14057767e-02
    3.06682885e-01 8.61095428e-01 2.31607974e-01 3.55353296e-01
    5.71250916e-04 8.00073445e-01 5.01887262e-01 3.14689368e-01
    4.37128544e-01 4.10508066e-01 3.00785065e-01 9.65588331e-01
    9.90617573e-02 2.72792578e-01 3.35217446e-01 5.38770497e-01
    2.30914265e-01 3.52956146e-01 9.78790283e-01 3.06092739e-01
    1.83790624e-01 5.01913011e-01 4.09869552e-01 5.32681942e-01
    1.28911793e-01 7.87451029e-01 4.80749071e-01 1.61105782e-01
    1.00233942e-01 1.36202395e-01 6.89685166e-01 3.46084714e-01
    2.63543129e-01 6.92355990e-01 8.86358380e-01 1.12805188e-01
    7.51335323e-01 2.94628382e-01 5.02900541e-01 6.81009293e-01
    2.20371425e-01 9.46114898e-01 7.90608406e-01 6.72678649e-01
    1.99243426e-01 5.00535846e-01 3.27075303e-01 2.69940436e-01
    1.37877256e-01 3.68765771e-01 9.68917131e-01 1.63536072e-01
    5.36969125e-01 7.04214334e-01 1.56851262e-01 4.59483176e-01
    6.11123145e-01 3.79483819e-01 6.27709270e-01 3.27827483e-01
    9.54620481e-01 6.64565206e-01 8.52815747e-01 1.97429776e-01
    5.21024704e-01 8.75126183e-01 3.57917339e-01 9.71901655e-01
    6.86462998e-01 3.92414868e-01 3.90621126e-02 6.91005230e-01
    3.84366512e-01 9.77839828e-01 8.14446270e-01 1.93227410e-01
    6.17831349e-01 3.05396974e-01 4.16522145e-01 4.52227354e-01
    9.87891197e-01 4.18742299e-02 6.63093150e-01 9.56705570e-01
    8.32410395e-01 5.51590502e-01 2.75429547e-01 6.73677564e-01
    3.15968394e-01 1.98944360e-01 8.27660680e-01 4.03026760e-01
    6.60622597e-01 5.12379110e-01 9.29804027e-01 1.49801075e-01
    4.16710377e-02 9.94994342e-02 9.04849768e-01 4.52541113e-02
    8.27383101e-02 5.79109073e-01 1.05157197e-01 6.11554503e-01
    7.08762109e-01 0. 0. 0. 0. 0. 0. 0. 0. 0. 0. 6.36838913e-01
    1.48387641e-01 7.52585649e-01 5.81438661e-01 4.54719931e-01
    4.66680646e-01 6.43629730e-01 5.85728824e-01 9.67447281e-01
    5.52587509e-01 9.74182785e-01 6.89013779e-01 2.87763834e-01
    4.84366983e-01 2.60367751e-01 6.95616007e-02 7.34234154e-01
    3.09800208e-02 8.46057355e-01 4.88245606e-01 8.03370118e-01
    7.89485455e-01 2.38745362e-01 8.67723286e-01 1.24765247e-01
    9.67929661e-02 6.82565451e-01 6.30129278e-01 7.52761245e-01
    3.97298992e-01 2.55970329e-01 1.22537911e-02 3.10022265e-01
    1.55018598e-01 7.25071371e-01 5.82844615e-01 5.35629630e-01
    5.31670749e-01 1.16469413e-01 3.77593249e-01 8.23694289e-01
    6.78536296e-02 2.21429557e-01 2.91799843e-01 4.54507768e-02
    6.74154282e-01 5.28321743e-01 2.22647130e-01 8.40183973e-01
    6.57138228e-01 1.41690284e-01 7.11498141e-01 9.61014628e-01
    2.94674635e-01 7.24549294e-01 2.77480066e-01 8.24977815e-01
    7.76318014e-01 7.97641516e-01 6.06125772e-01 9.82213736e-01
    5.04571974e-01 3.22172493e-01 7.07723618e-01 9.11603451e-01
    7.48654008e-02 5.96861541e-02 4.10096526e-01 1.45087242e-02
    2.89186239e-02 9.57694650e-02 6.30300999e-01 6.53438032e-01
    9.00419235e-01 2.46679515e-01 5.66572547e-01 5.25624990e-01
    8.99854124e-01 2.00840831e-03 7.27772057e-01 2.93685853e-01
    3.44315380e-01 6.66885316e-01 5.55509806e-01 8.35712552e-01
    4.79005188e-01 2.99284548e-01 2.76163578e-01 3.49724114e-01
    7.65846014e-01 4.89793777e-01 5.92351973e-01 9.43969846e-01
    1.92388058e-01 8.47164452e-01 2.94678092e-01 7.34975934e-01
    8.14882278e-01 6.73905909e-01 1.69444501e-01 9.22151148e-01
    5.51345050e-01 2.71627963e-01 3.37181449e-01 6.09807909e-01
    3.99058491e-01 7.17439532e-01 8.66624713e-01 3.45893204e-01
    9.07979667e-01 8.14322710e-01 9.60851312e-01 3.46447438e-01
    8.09708238e-01 3.06774050e-01 3.27624500e-01 7.57134676e-01
    8.76752615e-01 6.22866750e-01 6.08820975e-01 6.48026824e-01
    3.93843800e-01 2.00372905e-01 1.92171901e-01 5.64694405e-03
    8.12131286e-01 8.54305148e-01 5.82266510e-01 1.11435890e-01
    5.58671713e-01 4.86923188e-01 3.71055603e-02 7.83572435e-01
    2.40029126e-01 7.77082682e-01 1.18579000e-01 3.10788214e-01
    4.40188020e-01 2.69127011e-01 2.89809704e-03 1.43754393e-01
    7.57511854e-01 9.00727391e-01 3.74428332e-01 6.77664995e-01
    3.85499865e-01 5.34725249e-01 8.24494720e-01 1.86854511e-01
    1.30555868e-01 7.46201575e-01 7.32712328e-01 5.06693959e-01
    8.23700368e-01 3.59238625e-01 9.28422809e-03 3.62680733e-01
    4.60214168e-01 8.02085876e-01 7.16291487e-01 8.64981115e-01
    1.21026963e-01 3.51624072e-01 8.17066908e-01 6.36507034e-01
    5.33070207e-01 7.91858137e-01 8.68036747e-01 7.20789909e-01
    5.92896640e-01 6.31405473e-01 3.48385692e-01 9.00556087e-01
    5.48518896e-02 7.83371866e-01 4.60203230e-01 7.73858190e-01
    3.70346785e-01 9.43972826e-01 7.17408478e-01 2.94566154e-02
    4.19549167e-01 1.36628419e-01 3.62817794e-01 6.19546652e-01
    8.02637756e-01 7.14386582e-01 6.02511823e-01 2.36299276e-01
    3.78954917e-01 9.91490483e-01 8.44975293e-01 6.60027266e-02
    4.84847367e-01 7.37342477e-01 4.54630822e-01 6.29467785e-01
    3.08986634e-01 6.77820086e-01 8.30420732e-01 6.45328522e-01
    7.77516127e-01 9.14557695e-01 4.92981642e-01 6.05612934e-01
    4.76015508e-01 6.12072706e-01 8.98047447e-01 5.06414115e-01
    2.06835210e-01 4.75675970e-01 7.44349122e-01 1.46314144e-01
    3.30698192e-01 9.75969255e-01 5.36472321e-01 4.89333063e-01
    3.54588807e-01 8.62872005e-01 6.93844736e-01 1.98270082e-01
    4.95357007e-01 3.75283211e-01 8.01727772e-01 9.58723187e-01
    7.27394342e-01 9.03824449e-01 7.44511604e-01 5.95203876e-01
    4.99875456e-01 5.24572015e-01 9.18389678e-01 7.73643255e-01
    8.00403953e-01 7.10287690e-03 9.78892207e-01 8.59061897e-01
    5.25859237e-01 3.04625005e-01 6.25033438e-01 5.26157439e-01
    5.41833520e-01 5.86342573e-01 5.18971503e-01 9.88475382e-02
    6.45292044e-01 1.08563006e-01 3.38307381e-01 8.58234525e-01
    5.94638526e-01 2.27128714e-01 6.18048012e-01 4.73172009e-01
    9.28041339e-01 6.86777771e-01 6.20601773e-01 0. 0. 0. 0. 0. 0. 0. 0.
    0. 0. 1.30385607e-01 3.69125605e-03 3.42741072e-01 2.46958613e-01
    1.02925777e-01 5.21315336e-01 7.71520495e-01 9.95434761e-01
    9.33855891e-01 7.12606311e-03 3.95016253e-01 3.18017602e-02
    7.89867222e-01 3.36178839e-02 1.16699994e-01 9.06516194e-01
    8.41836691e-01 8.14608574e-01 1.11308008e-01 3.47189605e-02
    7.08827376e-01 6.60487056e-01 8.14456165e-01 5.32999635e-01
    7.66516566e-01 9.22564089e-01 9.02938664e-01 8.24798405e-01
    9.38470364e-01 1.40249640e-01 4.01893556e-01 3.77665460e-01
    9.83043134e-01 2.48553157e-01 2.27265567e-01 7.22211957e-01
    9.35800612e-01 7.47091472e-01 8.60704899e-01 6.21483088e-01
    3.26177657e-01 5.19003689e-01 4.32111681e-01 9.44902539e-01
    3.13241482e-01 2.02978760e-01 4.11221385e-03 9.70459819e-01
    7.93971717e-02 1.29996955e-01 6.07968271e-01 9.65722799e-01
    5.38168669e-01 2.00277567e-01 2.55696595e-01 1.48965687e-01
    3.24172199e-01 6.58243597e-01 8.06509495e-01 7.02247381e-01
    2.47708857e-01 7.81373620e-01 3.54279459e-01 2.28376120e-01
    7.93349445e-02 6.38255835e-01 8.75822067e-01 5.63074112e-01
    1.76209390e-01 6.21850491e-01 7.76955187e-01 2.25208640e-01
    8.73090506e-01 7.43788183e-01 5.31333387e-01 3.58072698e-01
    7.77934074e-01 6.87270343e-01 5.31066597e-01 4.48064774e-01
    9.31919575e-01 2.05360234e-01 8.04301500e-02 9.91125345e-01
    8.44592214e-01 7.34806895e-01 8.07348609e-01 2.57713556e-01
    3.51254612e-01 5.94858348e-01 6.89969420e-01 3.78008246e-01
    7.84313798e-01 6.42567515e-01 2.64407694e-01 7.62439787e-01
    2.58189321e-01 2.66586542e-01 6.18854702e-01 4.48304355e-01
    3.56726885e-01 9.64990616e-01 8.03976119e-01 1.06394023e-01
    5.99581003e-02 1.70614779e-01 9.82394338e-01 3.51572722e-01
    5.23035824e-01 4.18089330e-02 2.29756832e-02 2.84781754e-02
    8.52377295e-01 1.38576359e-01 4.86557096e-01 3.23886514e-01
    4.58606958e-01 9.85573828e-02 2.76730835e-01 7.60949016e-01
    6.29635274e-01 4.99786019e-01 4.50668067e-01 1.46677881e-01
    9.63700414e-01 7.66168475e-01 9.63826180e-01 5.43044209e-02
    9.28225994e-01 1.21188790e-01 8.72416377e-01 6.84992909e-01
    2.50600457e-01 6.41332686e-01 6.90145791e-01 2.65195549e-01
    5.27217507e-01 6.95133924e-01 4.76014227e-01 5.26789963e-01
    3.11667383e-01 8.87489140e-01 2.65430570e-01 7.54424691e-01
    8.73936296e-01 9.53144670e-01 6.52598560e-01 4.28999782e-01
    9.89240170e-01 4.76490945e-01 3.69824350e-01 7.33196437e-01
    2.18196779e-01 3.44849885e-01 4.14507627e-01 8.75270009e-01
    3.66022706e-01 4.44520086e-01 4.62941349e-01 1.65133625e-01
    7.50298619e-01 2.05769747e-01 8.63585353e-01 1.57644719e-01
    6.44482970e-02 2.26258367e-01 6.36763096e-01 6.96027875e-01
    5.83480597e-01 1.48958862e-01 9.87097740e-01 5.98861575e-01
    3.47642571e-01 3.98504466e-01 9.75195765e-02 2.26944655e-01
    7.12208807e-01 7.51838565e-01 5.21733880e-01 1.17144495e-01
    4.40311790e-01 2.04122365e-02 2.71785796e-01 5.41510582e-01
    2.70209253e-01 8.03289533e-01 6.04825914e-01 1.25736773e-01
    8.29081118e-01 3.72049570e-01 7.58561373e-01 9.83307481e-01
    2.31799752e-01 5.98420560e-01 4.38665479e-01 9.67720091e-01
    6.39726222e-02 4.84226793e-01 1.30715013e-01 6.25688612e-01
    5.17162383e-01 5.85467577e-01 3.17694366e-01 5.23882568e-01
    2.44179130e-01 4.18041587e-01 8.83083224e-01 2.97703087e-01
    4.80913132e-01 9.70591307e-02 9.50834751e-01 7.30528355e-01
    9.04730201e-01 5.34981132e-01 5.45265377e-02 6.65180206e-01
    2.51876950e-01 3.90640885e-01 7.59355783e-01 6.87984228e-01
    7.41948664e-01 1.91993773e-01 5.94331503e-01 1.66547269e-01
    1.12712860e-01 2.09065914e-01 3.15411627e-01 2.34474808e-01
    4.00398493e-01 1.57732308e-01 4.68267202e-02 4.58739102e-02
    4.25181150e-01 7.63082147e-01 2.78109193e-01 3.61708820e-01
    8.22081685e-01 5.52996933e-01 6.00113392e-01 1.30193889e-01
    7.73761392e-01 7.56165743e-01 4.22074765e-01 4.21526104e-01
    6.51576459e-01 4.38430041e-01 4.65510249e-01 7.77848721e-01
    9.49933410e-01 3.74938071e-01 1.83153778e-01 7.90482402e-01
    6.17722631e-01 4.33468193e-01 5.20980060e-01 6.48564875e-01 0. 0. 0.
    0. 0. 0. 0. 0. 0. 0. 8.01418185e-01 8.02144825e-01 8.94852519e-01
    5.39051235e-01 1.11452490e-01 2.05063224e-02 5.23443580e-01
    7.08663762e-02 8.82359385e-01 2.51633465e-01 6.22152448e-01
    6.67755306e-02 1.05768502e-01 5.21653831e-01 1.84031427e-02
    7.84312010e-01 6.59066319e-01 8.26270938e-01 1.79687709e-01
    2.98186183e-01 5.48224211e-01 6.81528568e-01 8.51694107e-01
    9.60648119e-01 6.62086606e-01 8.96866024e-02 3.21163297e-01
    7.99552977e-01 7.54982233e-04 6.53490841e-01 3.94056886e-01
    2.72962153e-01 8.96943212e-02 5.55091679e-01 2.93540925e-01
    9.72639382e-01 3.18211496e-01 3.11713219e-02 9.48407352e-01
    3.46729428e-01 9.56048965e-02 7.85032868e-01 4.46748614e-01
    7.50368059e-01 9.99207854e-01 3.12376916e-01 5.93523562e-01
    5.13443828e-01 7.38420188e-02 8.44744325e-01 7.66129255e-01
    3.78646553e-01 6.71061635e-01 1.00002944e-01 5.53144276e-01
    6.75881863e-01 4.48894888e-01 3.76532584e-01 5.62106013e-01
    7.32792795e-01 1.40635759e-01 7.94406772e-01 9.21754122e-01
    6.50058210e-01 4.45954770e-01 8.63791823e-01 8.53900194e-01
    1.00726753e-01 4.91069794e-01 3.09760898e-01 9.92689252e-01
    8.78162146e-01 5.13684511e-01 8.45603585e-01 3.12412977e-02
    6.63534164e-01 2.46748775e-01 2.65811235e-01 9.74749923e-02
    4.94743079e-01 5.50709248e-01 8.02395940e-01 1.76187307e-01
    5.63872755e-02 5.96179128e-01 2.61502177e-01 5.99042892e-01
    7.23101795e-02 8.44409764e-02 5.67010224e-01 2.55681753e-01
    4.55944121e-01 3.11505288e-01 2.45103657e-01 9.64807630e-01
    9.35773253e-02 8.80808592e-01 9.05950308e-01 4.87478554e-01
    5.53603113e-01 4.18816745e-01 7.10348904e-01 8.25953484e-01
    9.06655312e-01 6.82533145e-01 7.27046847e-01 1.65621489e-01
    4.70689774e-01 2.21426338e-01 4.32232141e-01 2.17387199e-01
    4.41735744e-01 6.11572683e-01 2.51834869e-01 3.79472315e-01
    6.44292355e-01 9.74156260e-01 5.04218876e-01 8.37653637e-01
    1.20970577e-01 7.26764858e-01 6.52204633e-01 2.78449953e-02
    9.43684161e-01 1.74529731e-01 6.04787111e-01 5.38499773e-01
    8.12081695e-02 2.72852659e-01 2.69107461e-01 1.72062218e-02
    3.85423541e-01 2.62738228e-01 5.87847948e-01 5.75653195e-01
    4.63039488e-01 6.47208393e-02 5.15083790e-01 9.21161771e-01
    4.57693636e-02 8.52129221e-01 6.24810398e-01 5.80531776e-01
    7.46705294e-01 5.84443271e-01 5.39790869e-01 7.37483859e-01
    6.75476313e-01 7.08143711e-01 3.72006238e-01 5.84384501e-02
    9.77826595e-01 7.06439853e-01 4.80227262e-01 6.06568336e-01
    2.92031586e-01 6.50789559e-01 9.77183938e-01 4.86983567e-01
    1.73922896e-01 1.75960660e-01 3.54357064e-01 5.59168458e-02
    1.53081656e-01 8.20484519e-01 9.86930966e-01 2.35369712e-01
    2.89716363e-01 1.78790510e-01 2.80167699e-01 2.30968714e-01
    4.83944416e-02 1.67802840e-01 3.51637721e-01 6.26532555e-01
    6.30676389e-01 4.68416482e-01 1.13843977e-01 4.51982707e-01
    3.39897603e-01 7.44657993e-01 5.57156265e-01 7.12418556e-01
    8.22560191e-01 3.68269265e-01 8.12956214e-01 1.50194138e-01
    2.14888632e-01 8.15662026e-01 7.31411994e-01 2.46732563e-01
    3.76091242e-01 9.48893130e-02 9.50489759e-01 4.94021237e-01
    9.23959315e-02 1.02489948e-01 1.57133579e-01 9.31451559e-01
    3.68990570e-01 6.55227900e-03 1.87869340e-01 6.04627192e-01
    3.47774565e-01 5.77359796e-02 9.58749533e-01 6.00077331e-01
    8.74068618e-01 1.80997074e-01 4.24933851e-01 6.41674399e-01
    7.43200064e-01 6.14018798e-01 6.76133037e-02 8.85523975e-01
    1.00692064e-01 6.86855078e-01 5.61355948e-02 6.39978409e-01
    9.43014503e-01 5.59598505e-01 6.36716723e-01 5.64306617e-01
    7.72428155e-01 7.14959443e-01 6.05371237e-01 6.84084058e-01
    2.32542753e-02 3.51927221e-01 4.04450893e-02 3.12962562e-01
    3.84590894e-01 1.75050199e-01 6.96283042e-01 1.63560420e-01
    8.43846798e-01 5.08398592e-01 7.94223845e-01 3.76735449e-01
    2.26135671e-01 9.41274703e-01 3.15816104e-02 6.31860495e-02
    8.46189499e-01 5.21587610e-01 3.39782000e-01 7.34404981e-01
    7.77436495e-01 1.03842974e-01 8.16218972e-01 9.08750892e-01
    3.93788546e-01 3.48692656e-01 2.60337532e-01 5.54359794e-01
    9.08996642e-01 0. 0. 0. 0. 0. 0. 0. 0. 0. 0. 7.71536708e-01
    9.66863990e-01 5.81724882e-01 2.35594243e-01 8.36668193e-01
    1.73285306e-01 4.60773706e-01 1.01561993e-01 3.98336649e-02
    4.70879108e-01 5.87007761e-01 2.04777241e-01 7.09141850e-01
    9.63450968e-02 7.77148247e-01 9.76640582e-01 3.82078588e-01
    5.74805677e-01 3.82783771e-01 3.58567417e-01 7.54434288e-01
    3.11841309e-01 4.66113567e-01 5.17548978e-01 1.85223699e-01
    2.37896413e-01 6.75184429e-02 1.25045061e-01 1.86858892e-01
    3.78039539e-01 8.05189192e-01 8.22435975e-01 8.10871065e-01
    1.11268640e-01 6.99326158e-01 6.95056856e-01 2.73035347e-01
    8.63768876e-01 3.87920231e-01 6.35349154e-01 2.59303033e-01
    6.73087955e-01 5.01469791e-01 8.43231678e-01 3.09894145e-01
    5.82543373e-01 9.52844858e-01 3.94896418e-01 6.85522974e-01
    9.79431868e-01 8.47108662e-01 3.31258178e-01 6.30318046e-01
    6.69872165e-01 7.18060613e-01 7.78640747e-01 3.18406522e-02
    5.10799646e-01 1.88146770e-01 6.61100149e-01 5.36283016e-01
    9.47901011e-02 5.44072986e-01 9.99462366e-01 3.28308105e-01
    2.27332115e-04 8.81880760e-01 1.33913130e-01 8.93702149e-01
    8.16387534e-01 3.88731271e-01 3.56500894e-01 9.92529035e-01
    7.54346132e-01 8.13047349e-01 2.33036160e-01 6.86829746e-01
    7.28246868e-02 1.62526637e-01 7.46449053e-01 8.18866611e-01
    6.32357895e-01 6.54258490e-01 8.22047472e-01 4.45475280e-02
    3.76363605e-01 8.14912438e-01 9.74552929e-02 8.00766110e-01
    9.25639987e-01 5.25857389e-01 2.72114873e-02 6.66587710e-01
    9.57748294e-01 1.96150541e-01 1.01036698e-01 6.10374391e-01
    6.19642794e-01 8.56806278e-01 8.54113936e-01 1.61450207e-01
    4.28618222e-01 2.86741793e-01 3.38858247e-01 5.48864484e-01
    9.76036727e-01 7.94591188e-01 1.25785708e-01 8.12920213e-01
    8.44175339e-01 4.50807065e-01 8.34853649e-01 2.71850228e-02
    9.07822669e-01 2.83502221e-01 9.22539353e-01 1.61011636e-01
    5.86679816e-01 7.64134169e-01 8.36578310e-02 3.48574042e-01
    4.08080339e-01 2.63304770e-01 5.16977608e-01 7.82465100e-01
    7.89820671e-01 7.15181172e-01 2.86748648e-01 9.09617603e-01
    1.83033943e-01 7.71731019e-01 8.72355938e-01 1.23935848e-01
    9.50058460e-01 1.61491394e-01 7.36484408e-01 6.48921192e-01
    4.38485682e-01 5.11990786e-01 9.28093851e-01 5.00998795e-02
    7.45742857e-01 2.98184931e-01 9.56663251e-01 4.06481504e-01
    7.33305633e-01 1.06968552e-01 6.26749396e-01 4.84447002e-01
    3.31197858e-01 5.80614030e-01 4.90615994e-01 7.86787748e-01
    1.48990005e-01 5.89461505e-01 6.50598109e-01 4.73263025e-01
    3.23598504e-01 7.97523558e-02 3.14496338e-01 1.59761965e-01
    6.81714535e-01 5.44908941e-01 4.69858021e-01 8.71587873e-01
    1.93610460e-01 6.02394044e-01 3.99214327e-02 8.28070164e-01
    9.96116042e-01 6.26928151e-01 5.50568640e-01 6.81052446e-01
    7.41899788e-01 6.94289982e-01 3.86562705e-01 1.42759979e-01
    1.53542876e-01 7.20512033e-01 2.61523843e-01 8.74761999e-01
    2.11652339e-01 7.10459113e-01 8.68600607e-01 4.45088118e-01
    5.09221256e-02 7.13323474e-01 9.53441620e-01 4.22841847e-01
    4.07870114e-01 5.78365922e-01 6.80743873e-01 2.22776890e-01
    7.51456559e-01 5.87181449e-02 4.76355582e-01 4.29148167e-01
    2.59176850e-01 1.42671794e-01 8.78828287e-01 8.04049969e-01
    5.61128199e-01 9.50419903e-02 7.32769787e-01 1.09527469e-01
    1.31073058e-01 4.42335546e-01 4.79474813e-01 7.66397953e-01
    6.49581492e-01 1.93046153e-01 6.11052573e-01 7.66308308e-02
    6.69910133e-01 7.83704996e-01 8.62229586e-01 2.71559000e-01
    8.25259328e-01 8.72381568e-01 2.80581623e-01 7.61640429e-01
    8.25369000e-01 6.99165225e-01 2.86623836e-03 3.28829885e-02
    6.29900277e-01 3.71202826e-02 5.36223948e-01 3.86397630e-01
    7.63002157e-01 6.80754781e-01 8.30654860e-01 2.37810105e-01
    2.53597140e-01 6.81836307e-02 4.76313531e-02 4.12765026e-01
    9.41217244e-02 4.50429827e-01 9.55117345e-01 3.93825829e-01
    5.43774307e-01 9.33297634e-01 5.07708251e-01 5.45542538e-01
    4.96664613e-01 8.50148141e-01 7.44894624e-01 2.58989334e-01
    5.73813617e-01 7.02406108e-01 3.28844130e-01 1.50414497e-01
    5.64955831e-01 7.87513554e-01 9.44025874e-01 0. 0. 0. 0. 0. 0. 0. 0.
    0. 0. 6.77401543e-01 5.52177310e-01 8.55236650e-01 3.23887140e-01
    5.36437333e-01 7.86763489e-01 2.05555141e-01 2.14232862e-01
    6.29996061e-01 9.34465766e-01 8.44607532e-01 5.59940875e-01
    1.77891761e-01 1.80805057e-01 2.60114670e-04 2.52683163e-01
    4.71404195e-03 3.28264743e-01 9.31936979e-01 3.35950911e-01
    6.24619961e-01 4.08080429e-01 6.60136342e-01 3.41314971e-01
    7.46334195e-01 1.30683899e-01 2.30748057e-02 5.48609734e-01
    9.84902859e-01 5.78151345e-01 2.22478688e-01 9.45558488e-01
    8.82146060e-01 8.96055579e-01 9.73106742e-01 3.13122243e-01
    4.10733759e-01 6.15607202e-01 8.97413135e-01 6.53212607e-01
    5.05712330e-02 3.86508584e-01 7.85409570e-01 7.78600633e-01
    5.84146023e-01 4.65933144e-01 5.86206436e-01 9.43906248e-01
    1.70287341e-01 1.06884927e-01 6.28444314e-01 8.01139355e-01
    3.02233785e-01 7.48489857e-01 3.25545967e-02 3.55747819e-01
    7.96333015e-01 8.99064541e-03 9.64012027e-01 2.27202415e-01
    2.00342059e-01 9.54236865e-01 4.39902872e-01 5.01678228e-01
    7.95170546e-01 1.79949105e-02 8.33370984e-02 4.45071667e-01
    2.52627969e-01 2.15090215e-01 6.48100138e-01 5.70151627e-01
    8.20677757e-01 1.23999894e-01 2.53641486e-01 6.90722167e-01
    8.08647513e-01 5.13336360e-02 4.67028320e-02 8.71816039e-01
    9.13233161e-01 2.83263206e-01 4.26215827e-01 6.84033453e-01
    8.46223116e-01 7.10265875e-01 5.36007166e-01 5.59794307e-01
    4.07694221e-01 9.66346860e-01 7.66619563e-01 5.68899095e-01
    3.77228856e-03 5.24802506e-02 5.95017314e-01 3.65683436e-02
    4.69098955e-01 2.20913410e-01 4.55509305e-01 2.72106826e-01
    5.92726588e-01 3.23763728e-01 8.28441739e-01 8.69001210e-01
    2.54894495e-01 9.59773421e-01 3.00120234e-01 6.51862264e-01
    2.23119915e-01 8.11828852e-01 8.36721778e-01 9.06978846e-01
    6.03886843e-01 8.75773430e-02 5.97559929e-01 7.92918563e-01
    8.88161898e-01 6.61340773e-01 4.32954609e-01 8.93389583e-01
    7.57446826e-01 1.01257861e-02 2.27101952e-01 7.85089910e-01
    8.05429161e-01 7.11359978e-01 5.06862402e-02 8.34619403e-01
    6.16904318e-01 9.89896178e-01 2.84155309e-01 5.25216937e-01
    3.13082665e-01 8.99152637e-01 3.98905873e-02 2.83767909e-01
    8.39925051e-01 3.09223831e-02 4.53311980e-01 2.84209073e-01
    7.36902237e-01 2.94367403e-01 8.33749175e-01 4.53299671e-01
    1.42274559e-01 3.60020906e-01 8.57507706e-01 9.02120650e-01
    2.36144513e-01 2.19441503e-01 1.41780913e-01 5.59763253e-01
    1.15402907e-01 2.83724070e-01 9.49108601e-01 8.41083050e-01
    2.01955885e-01 4.57325459e-01 5.94677806e-01 1.00213557e-01
    1.79241955e-01 2.45105565e-01 8.35210085e-04 9.07593369e-01
    5.60919046e-02 9.34965014e-01 5.32110810e-01 9.60846305e-01
    4.27381992e-01 2.45732248e-01 8.33955884e-01 2.82524586e-01
    8.13279867e-01 8.33889604e-01 3.77035171e-01 6.18717730e-01
    8.62023950e-01 6.94741488e-01 4.44446445e-01 2.29163408e-01
    4.45655286e-01 5.13900876e-01 7.77979493e-01 9.41329956e-01
    6.42314553e-02 8.04332554e-01 8.17758203e-01 8.28186631e-01
    9.91789401e-01 7.13341236e-01 4.70399946e-01 2.28989184e-01
    8.12355161e-01 1.18999779e-02 9.44012165e-01 3.46955955e-02
    4.84783173e-01 2.18799472e-01 9.26818550e-02 8.09272766e-01
    6.60459340e-01 4.67599332e-02 8.20135057e-01 5.67585170e-01
    1.53953165e-01 3.09945166e-01 5.30210674e-01 2.29918271e-01
    4.72662419e-01 3.80461872e-01 5.65798104e-01 5.83260596e-01
    4.78807509e-01 3.88750434e-01 5.13009191e-01 4.00422335e-01
    4.08584952e-01 9.30234909e-01 4.11413044e-01 3.17909688e-01
    3.15235198e-01 1.26494735e-01 4.29459631e-01 5.69017529e-01
    6.71897233e-01 7.03563333e-01 7.03990579e-01 8.40975940e-01
    5.65898180e-01 9.37592626e-01 1.13367617e-01 9.87495720e-01
    9.74788964e-01 7.98347950e-01 4.05967176e-01 8.45117450e-01
    4.92968172e-01 6.54136240e-02 4.85575020e-01 8.92542303e-01
    2.82237351e-01 3.31320763e-01 6.72755122e-01 9.74810123e-03
    8.33381176e-01 4.05008405e-01 8.47709894e-01 4.53032792e-01
    5.96092701e-01 4.40577596e-01 5.58071971e-01 1.33050740e-01
    1.37529075e-01 7.30480433e-01 5.00577509e-01 6.79173112e-01 0. 0. 0.
    0. 0. 0. 0. 0. 0. 0. 4.32857871e-02 5.67823887e-01 8.81335139e-02
    7.52548695e-01 4.95794028e-01 4.42569256e-01 6.31657720e-01
    4.94793504e-01 9.98094320e-01 4.20293212e-02 1.54424459e-01
    1.88813001e-01 4.18252349e-02 5.09680688e-01 9.05792236e-01
    8.82142186e-02 2.45890498e-01 6.51978374e-01 1.71895742e-01
    6.55121088e-01 2.59689987e-01 5.36709964e-01 1.80112898e-01
    5.79965174e-01 6.73514485e-01 5.54431558e-01 4.54319984e-01
    7.38623261e-01 5.37249565e-01 5.95518351e-02 5.77859223e-01
    2.37837613e-01 9.72649515e-01 3.57707083e-01 1.87715232e-01
    6.10426247e-01 9.97550189e-01 9.95315313e-02 4.70552266e-01
    2.55326927e-02 2.83936262e-02 2.93433845e-01 3.63084674e-03
    4.02472407e-01 5.28369904e-01 2.02362806e-01 7.33547211e-01
    4.55298126e-01 8.21980834e-02 2.02801287e-01 9.58902121e-01
    7.29258537e-01 6.98766530e-01 4.99686539e-01 2.65017301e-01
    7.00181365e-01 2.93832541e-01 4.48915362e-03 2.46146858e-01
    7.01444983e-01 5.95003724e-01 1.17092997e-01 8.22266519e-01
    9.59763408e-01 5.19878864e-01 8.40204895e-01 8.22425842e-01
    9.30339754e-01 3.48521471e-01 9.31722760e-01 3.11264038e-01
    4.63472664e-01 1.55630708e-01 1.67882353e-01 3.38644087e-02
    6.99874640e-01 9.58428442e-01 9.82654393e-02 6.57845676e-01
    9.71033871e-01 8.79951894e-01 9.65613902e-01 6.08003855e-01
    4.10495996e-01 9.03856635e-01 9.66201782e-01 2.78448224e-01
    2.39220768e-01 2.37085491e-01 7.27528632e-01 6.65688038e-01
    4.98142540e-01 2.42946386e-01 3.96888018e-01 8.89413774e-01
    8.78492713e-01 8.45997572e-01 3.56656373e-01 3.42449397e-01
    8.12534034e-01 9.15221691e-01 5.50112486e-01 3.72920334e-01
    5.44905961e-02 3.23363662e-01 3.49685878e-01 4.89174038e-01
    6.53589606e-01 1.18831396e-01 8.04263353e-03 3.92302543e-01
    9.19037938e-01 9.03826237e-01 1.46521211e-01 9.98109102e-01
    4.67718393e-01 8.22278261e-01 7.47509778e-01 9.86695290e-01
    9.58882332e-01 4.91870105e-01 9.45121467e-01 5.53689301e-01
    2.03545600e-01 5.66162705e-01 6.91741407e-02 2.02141047e-01
    1.96447432e-01 5.06951034e-01 2.53509104e-01 1.01163834e-01
    2.93249160e-01 1.73705518e-01 9.19091702e-02 5.44889152e-01
    2.10543662e-01 2.70647973e-01 6.75202966e-01 7.21808076e-02
    1.55674726e-01 7.06700087e-02 3.37592483e-01 8.34877491e-01
    8.09306979e-01 6.03624225e-01 3.81832212e-01 8.90707254e-01
    1.99829191e-01 4.13160443e-01 6.10793769e-01 6.12607658e-01
    7.00003207e-02 6.93291843e-01 7.03695416e-02 4.40032244e-01
    7.38045216e-01 1.29969269e-01 6.89073622e-01 7.90620685e-01
    3.73485655e-01 3.61902922e-01 6.02200031e-01 7.94710755e-01
    8.50504756e-01 9.50411558e-02 6.68044865e-01 1.91848934e-01
    1.14475280e-01 9.04436886e-01 9.89688516e-01 3.44201028e-02
    2.80619502e-01 1.48593307e-01 5.87728202e-01 3.00468683e-01
    9.71412539e-01 1.16176754e-01 6.41011119e-01 9.50616896e-02
    5.85112810e-01 1.48748159e-02 7.85176456e-02 3.02874506e-01
    7.66847610e-01 5.08388340e-01 9.50473309e-01 3.20443660e-01
    9.03168559e-01 1.64421439e-01 6.22648299e-02 9.65038061e-01
    3.71057570e-01 7.31075466e-01 7.46436834e-01 2.76733756e-01
    9.77429688e-01 5.45956612e-01 2.75173217e-01 5.98791540e-01
    6.60876274e-01 2.65353590e-01 1.15586191e-01 8.98976207e-01
    1.77933902e-01 1.72608227e-01 7.57694840e-01 9.54822421e-01
    9.38760996e-01 9.50876832e-01 4.47363436e-01 2.30296612e-01
    8.21916580e-01 9.89109695e-01 9.43757892e-01 5.77728033e-01
    9.63987291e-01 8.43630433e-01 7.22824931e-01 2.74425745e-02
    1.55155092e-01 8.60765636e-01 2.58254707e-02 2.79658347e-01
    9.94036436e-01 3.09268266e-01 6.92936420e-01 1.07859343e-01
    8.62125278e-01 2.15972841e-01 4.71986830e-01 4.05315757e-02
    4.91544992e-01 3.97189558e-02 3.35298419e-01 5.32687604e-01
    4.84883159e-01 4.83000726e-01 1.82258427e-01 9.21232462e-01
    1.07296258e-01 7.77695775e-01 7.90642858e-01 9.64151263e-01
    9.99379992e-01 2.51522660e-03 9.37434018e-01 2.03702360e-01
    8.36519599e-01 8.33563626e-01 6.69966817e-01 7.47776210e-01
    4.54837382e-01 7.76497006e-01 3.92103195e-01 7.31776714e-01
    1.96331143e-02 0. 0. 0. 0. 0. 0. 0. 0. 0. 0. 3.19887698e-01
    1.61699146e-01 8.51682067e-01 6.84623241e-01 7.78511167e-03
    2.85503328e-01 3.44192684e-01 4.47984576e-01 6.60123944e-01
    8.17612171e-01 2.39210367e-01 6.45039439e-01 3.20123404e-01
    2.26168722e-01 4.56543714e-01 4.59387302e-01 4.77070212e-01
    6.59790277e-01 6.07191324e-02 9.65100229e-02 9.08577204e-01
    6.01633430e-01 2.00349063e-01 3.81965429e-01 4.72784668e-01
    8.80497694e-01 4.07451928e-01 1.58830822e-01 8.39155555e-01
    2.03849584e-01 4.46614861e-01 1.66896433e-01 1.66148305e-01
    5.36077440e-01 8.70232165e-01 3.89349520e-01 6.28657460e-01
    7.82286406e-01 8.84597003e-01 2.84219265e-01 1.03235275e-01
    1.54718220e-01 6.89036727e-01 7.58457839e-01 6.86061621e-01
    2.43562102e-01 5.49728632e-01 8.11172009e-01 8.50208521e-01
    1.75200850e-01 8.48221302e-01 9.84289885e-01 8.90890598e-01
    5.65661311e-01 5.24010301e-01 8.55979323e-03 5.85277975e-01
    5.86772621e-01 9.07796562e-01 7.97792196e-01 2.84633100e-01
    6.85429513e-01 2.94809997e-01 4.00650799e-02 8.64092827e-01
    7.69857883e-01 4.86163199e-01 1.83054656e-01 1.62898988e-01
    9.76678789e-01 5.61779439e-01 2.61192709e-01 9.39467192e-01
    4.18034434e-01 9.37572002e-01 7.50233889e-01 8.78133535e-01
    1.52971238e-01 9.29602385e-01 4.22214687e-01 1.75479352e-01
    6.39937878e-01 8.65724802e-01 2.31783807e-01 6.72693610e-01
    2.63101339e-01 3.94332409e-01 4.16732371e-01 9.92599189e-01
    8.52126002e-01 4.11222607e-01 2.31680572e-02 9.85975146e-01
    3.27209651e-01 8.65388513e-02 3.38886440e-01 3.81024837e-01
    8.51663470e-01 5.52373648e-01 6.06032789e-01 9.33532298e-01
    3.84158403e-01 8.53700578e-01 4.99438167e-01 3.72152567e-01
    2.77372897e-02 4.00685132e-01 4.17660356e-01 4.43666786e-01
    1.34766042e-01 6.92485213e-01 5.09010553e-02 3.35360408e-01
    1.12593621e-01 3.43195677e-01 3.81398171e-01 6.26584589e-02
    8.14218223e-01 4.55687940e-01 2.82253981e-01 1.71845704e-01
    2.18908697e-01 9.51951921e-01 2.81938374e-01 7.32860446e-01
    2.92261750e-01 7.50423551e-01 2.47823775e-01 6.94322407e-01
    7.88250566e-01 4.27661598e-01 8.98090839e-01 4.64207351e-01
    5.22470772e-01 4.69610095e-03 7.29012489e-01 2.96094865e-01
    9.49245095e-02 2.17471421e-02 4.49093997e-01 2.29322046e-01
    4.50111687e-01 4.33483094e-01 2.29403615e-01 4.93681461e-01
    8.90086055e-01 4.38825786e-02 9.17741299e-01 6.21765375e-01
    1.27451539e-01 7.16480017e-02 1.18409097e-02 7.30086565e-01
    6.90271676e-01 5.33592105e-02 7.49725759e-01 1.22452408e-01
    1.04965419e-01 8.63141537e-01 3.05805683e-01 5.44893563e-01
    2.86488414e-01 9.22095478e-02 7.60975957e-01 3.09584439e-01
    8.86808813e-01 4.36108947e-01 1.91152960e-01 2.14700282e-01
    4.86256480e-01 6.31673336e-01 4.06987607e-01 1.63700044e-01
    1.82265431e-01 1.00864410e-01 6.51824951e-01 2.99063116e-01
    1.06108040e-01 3.50395888e-01 5.07259965e-01 3.16043913e-01
    7.53726244e-01 8.83035421e-01 7.97770143e-01 3.98511529e-01
    1.16798997e-01 9.58171248e-01 6.31557584e-01 2.90983617e-01
    3.45072567e-01 6.00480735e-01 1.26612931e-01 5.55968881e-01
    7.27308333e-01 4.05004203e-01 8.93019319e-01 5.13437688e-01
    4.04711306e-01 2.59652913e-01 3.15880597e-01 3.78838122e-01
    9.15009975e-01 8.78972650e-01 3.49054933e-02 8.18179071e-01
    3.94450247e-01 1.67190999e-01 1.73650295e-01 6.26236320e-01
    2.26126283e-01 7.60810852e-01 6.22211993e-02 2.26511359e-02
    6.89153194e-01 4.53833163e-01 8.26913476e-01 3.45905066e-01
    3.54838848e-01 3.08160603e-01 6.82646930e-02 8.43296468e-01
    4.62368518e-01 5.49962521e-01 3.21743786e-01 8.83303285e-01
    5.10599196e-01 9.49587405e-01 8.92755508e-01 1.71564102e-01
    3.96271825e-01 5.11058271e-02 3.00634325e-01 8.79020095e-01
    2.96436012e-01 6.19392872e-01 6.13957703e-01 3.94727349e-01
    7.81813800e-01 8.21265578e-01 2.67990708e-01 3.94754112e-01
    4.39256698e-01 2.49740928e-01 8.76856923e-01 1.31358534e-01
    5.44655442e-01 9.01862264e-01 7.44263411e-01 5.60879409e-01
    8.96662831e-01 4.73611593e-01 7.21969604e-02 2.44834214e-01
    2.51464248e-01 7.50606537e-01 8.38696897e-01 0. 0. 0. 0. 0. 0. 0. 0.
    0. 0. 7.00420201e-01 2.17221946e-01 8.83255064e-01 1.56722665e-01
    3.04924220e-01 4.55985010e-01 2.46546149e-01 9.98354077e-01
    2.23128706e-01 3.04831207e-01 2.84244359e-01 8.10996413e-01
    1.84826761e-01 2.33123958e-01 5.27871311e-01 2.18280524e-01
    3.02597344e-01 6.92035079e-01 8.18424284e-01 3.15117359e-01
    2.49583870e-01 7.51286745e-02 5.11473358e-01 6.94405556e-01
    9.14538503e-02 9.26591754e-01 7.14588106e-01 5.47959805e-02
    6.53740883e-01 5.10684490e-01 3.54514748e-01 6.60368979e-01
    9.04869556e-01 2.15275526e-01 9.02733088e-01 3.58708441e-01
    9.70856786e-01 7.77161241e-01 9.00746763e-01 7.41962075e-01
    4.16933417e-01 3.48502934e-01 3.68821561e-01 9.65034783e-01
    6.55045867e-01 9.41012621e-01 4.83533293e-01 6.12221956e-01
    8.46939445e-01 1.12846524e-01 9.10343111e-01 4.37429249e-02
    2.84141719e-01 8.48284364e-01 3.92435789e-01 4.96999055e-01
    5.89183867e-01 3.44647288e-01 5.28373718e-01 3.57067943e-01
    7.47403264e-01 7.62670398e-01 5.85034370e-01 3.56549919e-01
    2.60595620e-01 6.28913522e-01 9.78029013e-01 1.60394222e-01
    7.04651594e-01 8.90604615e-01 3.18149865e-01 9.89987016e-01
    7.45426118e-02 2.29666114e-01 1.75258219e-01 8.08512926e-01
    8.53142083e-01 4.87679929e-01 1.25285000e-01 7.52047062e-01
    2.08681226e-02 1.08787298e-01 5.01898885e-01 7.42269814e-01
    3.80314291e-01 7.56676972e-01 6.27205968e-01 8.56698275e-01
    1.82169676e-02 7.15766430e-01 4.68846112e-01 8.71719897e-01
    8.46937478e-01 7.41951704e-01 6.70491040e-01 9.79886770e-01
    5.24686575e-01 6.44003391e-01 9.99977827e-01 7.45246053e-01
    7.34065056e-01 2.93482900e-01 3.16073596e-01 7.33232796e-01
    2.95283675e-01 4.73526418e-02 7.50962496e-02 5.58366895e-01
    2.31505513e-01 3.39342654e-01 5.09651423e-01 6.82162881e-01
    5.51790655e-01 1.01347983e-01 9.51049328e-01 4.16729093e-01
    5.79737723e-01 2.52390444e-01 7.60351360e-01 5.41264713e-01
    5.85473776e-01 8.83342862e-01 2.06323028e-01 8.08990359e-01
    7.71746874e-01 9.51940536e-01 8.55258107e-01 9.40180600e-01
    5.98032475e-02 9.57939923e-02 1.86300397e-01 1.40395194e-01
    2.04033226e-01 5.48399448e-01 1.55818880e-01 6.06672645e-01
    4.06601310e-01 1.39793426e-01 2.93760836e-01 4.11268115e-01
    3.76689434e-01 9.15722609e-01 5.10402620e-01 5.64882457e-01
    9.70157743e-01 6.13738298e-02 7.55980611e-01 6.70903206e-01
    2.72012472e-01 7.51420140e-01 7.26976573e-01 2.10644066e-01
    2.16436088e-02 5.62999249e-01 2.34261334e-01 7.53121614e-01
    4.57671404e-01 1.98761314e-01 2.66725659e-01 6.22631371e-01
    6.75490856e-01 1.57201290e-02 7.60354519e-01 9.18681502e-01
    8.81188035e-01 5.68277597e-01 6.40083253e-02 4.72820848e-01
    3.21957767e-01 7.69556165e-01 2.48324752e-01 5.91689587e-01
    3.16083074e-01 2.09233940e-01 5.42641282e-01 3.07378203e-01
    3.07389587e-01 3.42184484e-01 2.85822749e-01 8.56024325e-01
    7.50458539e-02 2.21658349e-02 3.35890174e-01 5.54069817e-01
    7.77777195e-01 6.70260668e-01 3.26932490e-01 5.67370772e-01
    1.10078752e-02 8.04921508e-01 5.06237984e-01 6.23547673e-01
    7.06295371e-01 4.56378639e-01 2.13303357e-01 9.90587592e-01
    1.12387508e-01 9.40301061e-01 6.56213641e-01 1.45606697e-01
    9.67646420e-01 2.85140574e-01 9.28539157e-01 1.10780686e-01
    5.51777482e-01 8.85801256e-01 7.91222692e-01 9.16165233e-01
    7.48660386e-01 3.28530610e-01 6.10113621e-01 2.64357030e-01
    9.91531014e-01 1.23728514e-02 4.93096858e-01 7.76443183e-01
    3.55391443e-01 9.05237317e-01 4.61813658e-01 9.90511775e-01
    7.51459599e-03 9.79739428e-01 8.56197834e-01 9.83586311e-01
    5.90224981e-01 1.55066729e-01 3.92040849e-01 1.04755431e-01
    9.95970607e-01 3.71716678e-01 1.99410528e-01 1.27615958e-01
    2.27476180e-01 9.70659077e-01 5.23923635e-01 2.61873275e-01
    7.23150730e-01 9.87836242e-01 2.23458380e-01 2.82224417e-01
    2.85999477e-01 9.76219654e-01 3.80097717e-01 9.95858908e-02
    8.98838878e-01 7.68753171e-01 6.47001743e-01 2.37389028e-01
    9.91353273e-01 8.38856339e-01 7.63689160e-01 1.03448033e-02
    6.94209874e-01 8.05906177e-01 2.36059040e-01 4.52959836e-01 0. 0. 0.
    0. 0. 0. 0. 0. 0. 0. 8.14690292e-01 4.58630025e-02 8.28467846e-01
    2.65142143e-01 1.40411884e-01 5.80262959e-01 4.87729937e-01
    8.44166219e-01 1.92674756e-01 1.23946667e-01 4.43908632e-01
    5.07097065e-01 1.55926377e-01 1.71411037e-03 1.22405708e-01
    3.52835357e-01 1.05875731e-02 3.44230831e-02 1.65658623e-01
    2.79873312e-02 8.41376245e-01 4.30306971e-01 7.57536232e-01
    2.10778147e-01 8.26669693e-01 6.94489479e-02 1.28304064e-01
    9.40375566e-01 4.24793035e-01 3.82377118e-01 5.94437361e-01
    3.90230715e-02 9.18972254e-01 9.55843031e-02 4.29037303e-01
    1.15886033e-02 1.75475270e-01 9.77740586e-02 8.26961696e-01
    7.03383207e-01 5.65207839e-01 9.55271423e-01 6.58820927e-01
    8.42666388e-01 8.76156688e-01 9.38709259e-01 9.81762052e-01
    5.65495133e-01 6.83160543e-01 5.66296339e-01 4.25008118e-01
    2.59884089e-01 9.13018584e-01 7.60883391e-01 7.89007664e-01
    9.96449709e-01 8.03448081e-01 5.14992535e-01 2.17865258e-01
    7.72735238e-01 5.55270255e-01 4.49936628e-01 2.59894252e-01
    4.58002448e-01 4.65546131e-01 5.51522315e-01 6.28643036e-01
    7.51276016e-01 9.54610109e-02 7.33488977e-01 7.72688985e-01
    4.58915979e-01 4.24748302e-01 8.86381865e-02 5.39296329e-01
    7.24871457e-01 9.72285688e-01 3.86709690e-01 8.24487031e-01
    5.86137474e-01 3.29467177e-01 2.83328772e-01 4.18904424e-02
    9.03122842e-01 9.78623211e-01 4.67096686e-01 3.11864734e-01
    7.12215543e-01 3.02747667e-01 2.50811875e-02 4.70699310e-01
    3.37875247e-01 6.19157732e-01 5.80673218e-01 4.59890276e-01
    5.58373630e-01 3.71360719e-01 6.83195353e-01 2.81501174e-01
    5.03130972e-01 3.05426419e-01 5.94537020e-01 4.44430768e-01
    3.47001553e-01 2.60678351e-01 6.91027164e-01 7.17899144e-01
    8.87223423e-01 8.37089181e-01 5.17926157e-01 9.36952591e-01
    4.65750635e-01 1.84546083e-01 5.01252711e-01 5.94200909e-01
    2.69459367e-01 7.66587794e-01 1.91545635e-01 7.58024037e-01
    3.78290296e-01 9.39630866e-01 5.58041334e-02 2.86325455e-01
    4.54641879e-01 9.40465450e-01 9.74116445e-01 9.36395884e-01
    6.17557168e-02 2.80341148e-01 4.07670736e-01 1.92041695e-02
    6.91830635e-01 6.53591096e-01 4.92297709e-02 2.82230973e-03
    3.95683348e-02 7.27777481e-02 3.24833989e-02 4.82792020e-01
    2.41297752e-01 5.69408357e-01 7.59312272e-01 5.63286841e-01
    3.99006903e-02 9.27114844e-01 9.79557753e-01 4.14745778e-01
    6.16706252e-01 5.75448394e-01 5.04373610e-01 8.38499904e-01
    1.31905526e-01 3.23324800e-01 9.57371354e-01 8.27111959e-01
    3.25110137e-01 5.15603423e-02 1.00366920e-01 2.84572005e-01
    6.06164336e-02 9.88166511e-01 2.25658625e-01 3.72933477e-01
    4.87503290e-01 8.82301211e-01 3.02044868e-01 1.63717002e-01
    1.92338467e-01 8.72564077e-01 3.76988411e-01 1.38247758e-01
    8.89873147e-01 3.69510949e-02 9.62295473e-01 5.71079671e-01
    1.79928392e-01 6.37313843e-01 1.87877536e-01 8.37343454e-01
    2.11389005e-01 3.91371787e-01 9.14758086e-01 4.80921268e-01
    2.21628577e-01 7.48836398e-01 4.42822218e-01 5.61099768e-01
    6.35180891e-01 4.47424054e-02 1.62884027e-01 2.54835784e-02
    3.66610289e-02 2.13744164e-01 2.60247111e-01 7.86415637e-02
    7.04549372e-01 1.99093461e-01 4.98116642e-01 4.49054003e-01
    5.78616261e-01 2.93470174e-01 8.15811634e-01 7.77932286e-01
    5.85206628e-01 7.08107352e-01 5.84980845e-03 4.32667136e-03
    3.90091419e-01 9.11688089e-01 8.18142354e-01 8.71436179e-01
    1.91672981e-01 2.00818270e-01 4.93439049e-01 6.49485588e-02
    7.30647743e-01 8.18057179e-01 2.63393581e-01 2.40950793e-01
    6.53801739e-01 1.93044513e-01 6.55262232e-01 9.43204522e-01
    6.11951411e-01 4.73646879e-01 2.87398994e-01 2.60229349e-01
    9.32443440e-02 2.84866333e-01 3.03073347e-01 4.95261252e-01
    2.44624913e-01 3.18009466e-01 7.60474801e-03 8.29445839e-01
    8.33468437e-01 5.40804207e-01 9.04006124e-01 3.83972228e-01
    4.59903866e-01 3.96934658e-01 8.81637812e-01 8.23851705e-01
    9.09983873e-01 1.44205064e-01 5.97916543e-01 6.04126036e-01
    8.21615458e-01 2.67629206e-01 9.73133743e-01 2.92735159e-01
    1.04914010e-02 1.90981358e-01 7.36630142e-01 4.66004550e-01
    7.58498669e-01 0. 0. 0. 0. 0. 0. 0. 0. 0. 0. 6.84173405e-01
    5.75854659e-01 3.46031487e-02 6.39565706e-01 3.53934407e-01
    7.05713511e-01 7.69751072e-01 4.51006591e-02 4.31511968e-01
    3.89012456e-01 8.15442443e-01 6.66341066e-01 7.06129074e-01
    6.20790541e-01 1.04102701e-01 1.78997695e-01 5.61722100e-01
    9.86858726e-01 6.80587411e-01 1.06765956e-01 3.29741180e-01
    5.40356755e-01 3.13277036e-01 7.48640656e-01 9.08193588e-02
    2.54602373e-01 1.77742630e-01 7.72099674e-01 9.12935615e-01
    5.95481694e-01 3.25319469e-01 1.43040538e-01 2.35615790e-01
    7.07816303e-01 6.70357883e-01 1.61352068e-01 1.44890875e-01
    9.36495066e-01 3.98111045e-01 3.52628678e-01 2.53481746e-01
    6.64228857e-01 2.10630566e-01 3.62128139e-01 9.28125083e-01
    1.33634627e-01 6.71898782e-01 2.01615334e-01 2.37561196e-01
    4.92518395e-01 7.15402603e-01 3.45990658e-02 6.61197960e-01
    3.46412420e-01 5.07457018e-01 5.61088502e-01 9.01855409e-01
    8.63672078e-01 2.50626326e-01 3.27894092e-03 6.51319265e-01
    2.25746751e-01 5.53520679e-01 6.37829959e-01 2.00836211e-01
    4.86130565e-01 1.60397440e-01 3.54051560e-01 4.24759865e-01
    3.86374116e-01 4.91565377e-01 1.46167427e-01 1.50367677e-01
    1.06757522e-01 3.55516195e-01 4.62742984e-01 9.29702103e-01
    6.66225314e-01 6.64588571e-01 7.23145664e-01 9.03395414e-02
    3.75298798e-01 6.12583756e-01 8.84488285e-01 5.78377962e-01
    6.98879540e-01 5.39845705e-01 6.72635078e-01 1.39208853e-01
    3.48397285e-01 7.93742180e-01 2.96232879e-01 4.27095354e-01
    8.42815936e-02 5.71774006e-01 1.33663803e-01 9.81208324e-01
    8.11190009e-02 1.05767846e-02 9.22817707e-01 4.86759543e-01
    7.53142834e-02 6.01634562e-01 8.53883862e-01 8.49330187e-01
    4.51275796e-01 7.00474858e-01 8.03228915e-02 2.79089212e-02
    5.20152092e-01 7.43751466e-01 1.20001286e-01 2.65443265e-01
    2.02942580e-01 9.62371409e-01 8.78611207e-01 4.88529295e-01
    6.43217564e-01 2.32871085e-01 5.34020662e-02 4.22992080e-01
    3.79805505e-01 7.69945502e-01 2.37436265e-01 3.35506201e-01
    3.88133496e-01 8.41673076e-01 4.28319305e-01 7.82165527e-01
    4.58609402e-01 6.04581535e-01 5.49899817e-01 1.92541003e-01
    5.16543150e-01 2.23405987e-01 2.41003752e-01 7.03553677e-01
    1.78148180e-01 7.29948521e-01 4.26720381e-01 5.16521692e-01
    7.68951297e-01 1.67762756e-01 5.01740575e-02 4.24026549e-01
    5.04304409e-01 2.84199119e-01 1.04546010e-01 3.53969455e-01
    2.93423235e-01 4.06885147e-03 1.67814851e-01 4.43317473e-01
    9.84611273e-01 8.87721717e-01 8.00696492e-01 9.14001346e-01
    2.22631037e-01 1.48863703e-01 3.65462244e-01 7.53544688e-01
    6.63661182e-01 6.57934248e-01 9.46815729e-01 3.42801005e-01
    9.80333686e-02 2.53855586e-01 1.23146057e-01 9.15593565e-01
    6.26415908e-01 4.03991431e-01 7.98431993e-01 7.39873171e-01
    9.96335268e-01 9.85530436e-01 5.25524914e-01 1.52759641e-01
    6.20992482e-01 9.03351068e-01 1.98316067e-01 4.53873038e-01
    6.05638921e-02 5.25837302e-01 8.92865777e-01 4.06542480e-01
    4.55177307e-01 7.48030543e-01 6.22857630e-01 5.46790063e-02
    2.45698035e-01 4.05850917e-01 9.31089938e-01 8.45756054e-01
    5.96194744e-01 2.95815408e-01 4.64589119e-01 8.47574353e-01
    7.63951063e-01 3.30802172e-01 9.74004269e-01 8.35169792e-01
    1.56469345e-02 9.04908776e-03 4.08263534e-01 9.86711681e-02
    6.03632271e-01 5.40006816e-01 1.90274209e-01 3.31013262e-01
    1.88220799e-01 2.55056262e-01 9.07146454e-01 5.78881383e-01
    5.42828679e-01 8.33685219e-01 7.73849308e-01 5.33211648e-01
    4.91625965e-01 2.52887219e-01 3.37162733e-01 6.90257907e-01
    5.01862824e-01 9.02142763e-01 5.38728952e-01 2.59239972e-01
    9.16835248e-01 3.47564876e-01 7.42389858e-02 6.10496461e-01
    1.77310705e-02 1.82365000e-01 7.64440656e-01 3.04288864e-01
    7.29777813e-01 7.69140244e-01 9.49860692e-01 5.01082003e-01
    5.87389410e-01 5.25529206e-01 1.81920826e-02 5.65310776e-01
    7.51188934e-01 3.11470330e-01 3.11762810e-01 4.88584965e-01
    2.04491466e-01 1.39914215e-01 2.64247358e-01 3.36776972e-01
    6.25224233e-01 6.89261854e-01 5.43143153e-01 1.80722058e-01
    4.71683413e-01 5.77926934e-02 3.10970068e-01 0. 0. 0. 0. 0. 0. 0. 0.
    0. 0. 1.28157854e-01 2.23559886e-01 1.51455343e-01 2.63245881e-01
    5.83764613e-02 5.46895146e-01 3.23830485e-01 8.29015195e-01
    5.30687273e-01 7.67614782e-01 9.81925607e-01 1.61387593e-01
    2.02511251e-02 6.65186942e-01 1.67050064e-01 7.91213393e-01
    4.46733743e-01 7.37995744e-01 5.88052690e-01 1.65901035e-01
    3.60265851e-01 1.69429153e-01 7.99164593e-01 3.05570990e-01
    5.67246854e-01 9.49026942e-01 3.58136535e-01 4.27795231e-01
    7.02184379e-01 8.87465239e-01 1.14271343e-01 8.23891044e-01
    3.07245314e-01 2.11071670e-01 3.27662230e-01 8.83466601e-01
    2.53434479e-01 9.19101715e-01 8.24937105e-01 1.63186491e-01
    5.88566840e-01 5.07498860e-01 3.44054371e-01 3.60357463e-02
    2.34380066e-02 8.13730001e-01 6.80389285e-01 4.47734118e-01
    8.22616935e-01 9.45980906e-01 3.28682661e-01 7.76841640e-01
    5.22664189e-01 1.84329242e-01 3.45616817e-01 3.45048070e-01
    7.35736609e-01 7.06788898e-01 4.90024149e-01 3.75527889e-01
    4.87487614e-01 4.02653098e-01 3.09868932e-01 9.04266477e-01
    1.53432220e-01 7.51391113e-01 8.20396185e-01 1.56977564e-01
    3.07635605e-01 7.59205818e-01 4.20750260e-01 7.55911052e-01
    1.24298960e-01 3.07827115e-01 8.30034733e-01 7.94775605e-01
    4.07081068e-01 5.69121420e-01 8.27301264e-01 4.03891206e-01
    7.06716835e-01 5.74218929e-02 9.14510727e-01 1.09946549e-01
    7.64921248e-01 6.39283657e-01 6.69985175e-01 8.48652840e-01
    4.63834763e-01 6.05038047e-01 8.11324477e-01 4.90661651e-01
    4.94886756e-01 8.15378487e-01 3.58086526e-01 7.31026828e-02
    1.90111786e-01 3.36412251e-01 6.55372739e-02 5.37356138e-01
    2.06142664e-03 5.29352725e-01 2.08303094e-01 5.41099012e-02
    1.97340757e-01 2.81599641e-01 3.47938627e-01 7.32737541e-01
    9.69832242e-02 1.43989623e-01 4.75988626e-01 2.53662169e-01
    3.76269758e-01 2.24908680e-01 3.21698368e-01 4.58584130e-02
    2.83487082e-01 4.37946498e-01 8.99140000e-01 8.48413646e-01
    7.41821706e-01 5.27031422e-01 4.99351382e-01 6.64344132e-01
    8.31198812e-01 6.54841602e-01 9.98468816e-01 1.83608234e-02
    4.47161734e-01 6.73744440e-01 7.15224206e-01 2.80087292e-01
    6.85082078e-02 9.22973514e-01 1.48383051e-01 4.49665487e-01
    8.70463848e-02 4.18908894e-01 5.39723158e-01 2.67437994e-01
    6.55591607e-01 8.25478494e-01 6.89580858e-01 3.14123988e-01
    1.45264149e-01 4.36192632e-01 4.42547530e-01 2.31670529e-01
    4.78449255e-01 9.00356770e-02 7.87997246e-01 9.79484856e-01
    1.57475203e-01 1.41063899e-01 6.01954460e-01 9.30619955e-01
    2.48807192e-01 3.76611710e-01 1.84133470e-01 6.43983543e-01
    2.44895428e-01 6.41993880e-01 3.67170990e-01 7.84894526e-01
    5.95673203e-01 5.67365289e-02 2.37937331e-01 4.61983085e-02
    1.41302824e-01 3.81279886e-01 9.49733853e-01 1.95323288e-01
    5.83939552e-01 5.87053478e-01 1.95136666e-01 9.50142443e-01
    4.65987742e-01 2.90355206e-01 2.02837139e-01 6.61956966e-02
    2.71253347e-01 3.05450082e-01 8.80164623e-01 1.41437769e-01
    1.92929506e-01 1.61033928e-01 9.98897254e-01 5.05032718e-01
    9.04787064e-01 5.64406037e-01 7.30629265e-01 6.05415761e-01
    5.06103754e-01 5.84776521e-01 2.10931569e-01 7.83012748e-01
    5.53379893e-01 8.16475928e-01 1.04130089e-01 2.65038073e-01
    8.49864364e-01 1.85174704e-01 9.66964900e-01 8.14650893e-01
    5.46980500e-01 8.67105424e-01 5.27470112e-02 4.65765566e-01
    5.64808071e-01 9.79111552e-01 4.90630537e-01 7.70526111e-01
    9.30434227e-01 3.26102227e-01 5.35079837e-01 7.08273947e-01
    1.01966321e-01 1.81339830e-01 1.30955875e-02 9.83929634e-03
    2.70222872e-01 5.00724316e-01 9.32471156e-01 2.59671271e-01
    5.44229865e-01 3.08527648e-01 1.57387286e-01 4.85747457e-01
    9.99402106e-01 3.36136520e-01 4.92315620e-01 9.14475441e-01
    5.59193373e-01 1.50223106e-01 6.68217480e-01 3.09341848e-01
    1.05212659e-01 5.35733700e-01 9.33199763e-01 1.67268515e-02
    8.77776623e-01 7.56863594e-01 6.63580716e-01 2.71981508e-01
    5.07215738e-01 5.20458400e-01 8.62444222e-01 5.82870841e-03
    3.20802808e-01 9.01906908e-01 2.90144205e-01 3.75852585e-01
    6.96419001e-01 8.53120089e-02 6.98138475e-01 5.87831199e-01 0. 0. 0.
    0. 0. 0. 0. 0. 0. 0. 8.16552639e-01 5.61531603e-01 1.39171541e-01
    6.93523586e-01 9.78304148e-01 3.16982031e-01 7.77872324e-01
    8.58805239e-01 2.14757025e-02 7.77855277e-01 6.05145574e-01
    1.56584561e-01 6.08410835e-01 6.69690728e-01 1.10434443e-01
    7.52207518e-01 7.70347953e-01 6.05598092e-02 8.17643106e-02
    1.46752775e-01 8.12456489e-01 6.82238758e-01 1.98629647e-01
    9.50416982e-01 5.76459050e-01 8.27447772e-01 5.22928238e-02
    7.11430013e-02 1.57018602e-02 8.29144001e-01 9.08538222e-01
    9.23523545e-01 6.19340062e-01 6.61690712e-01 9.85500097e-01
    4.72914517e-01 1.15436792e-01 5.97531617e-01 8.46853197e-01
    9.68300283e-01 7.09108949e-01 7.38185287e-01 7.61965513e-02
    1.37753576e-01 2.80120850e-01 3.63027215e-01 7.77304411e-01
    9.04367328e-01 3.47678304e-01 6.47407770e-01 6.11887872e-02
    2.59321034e-02 6.20325506e-01 8.09583426e-01 8.73576164e-01
    1.85400099e-01 4.29269373e-01 3.61267656e-01 9.86060858e-01
    7.70909786e-01 6.03284836e-02 3.65870595e-02 8.49975348e-01
    3.68817985e-01 8.05667043e-01 8.65846515e-01 9.14993763e-01
    2.42941141e-01 9.80260372e-01 7.60894299e-01 7.70242214e-01
    7.57207930e-01 2.45737404e-01 9.63963985e-01 4.12623882e-02
    2.77072936e-01 2.59387076e-01 1.45167857e-01 5.30040085e-01
    8.50012541e-01 8.66966367e-01 3.24161917e-01 3.69886756e-02
    8.62425327e-01 2.25251019e-01 9.46195126e-02 2.92883158e-01
    2.63872087e-01 8.17253888e-02 2.34574050e-01 7.13284314e-02
    6.62180781e-02 6.94764972e-01 8.03801656e-01 1.37672126e-02
    8.38857353e-01 8.12344193e-01 7.41157889e-01 6.13385975e-01
    3.61499250e-01 7.49841034e-01 8.06744456e-01 9.99925971e-01
    1.81906849e-01 4.10471201e-01 3.65198165e-01 8.12398434e-01
    3.05544168e-01 7.95119524e-01 3.34194720e-01 2.40251571e-01
    9.79755819e-01 2.37825155e-01 5.23424923e-01 8.40777159e-02
    4.60522354e-01 7.12831736e-01 2.75888592e-01 5.75982690e-01
    3.41400027e-01 7.57424593e-01 5.75112820e-01 8.39522004e-01
    9.75082517e-02 9.41438437e-01 6.24785185e-01 7.49206781e-01
    9.96787906e-01 1.05447769e-02 5.14447927e-01 6.91392422e-01
    4.09015536e-01 4.55091655e-01 3.36436450e-01 8.81059706e-01
    5.78397334e-01 1.69840127e-01 5.47756612e-01 1.23053282e-01
    4.63947952e-02 3.18898678e-01 4.96750087e-01 3.03548455e-01
    9.05004144e-01 6.01219773e-01 2.38371164e-01 9.93821919e-02
    4.49633300e-01 1.20868117e-01 6.85939550e-01 9.80544567e-01
    4.71467316e-01 1.41589552e-01 1.91592872e-02 3.20378363e-01
    7.48149037e-01 4.91222471e-01 7.24124193e-01 9.75419819e-01
    8.59467506e-01 5.32848835e-01 9.77927566e-01 3.12478989e-01
    8.09170008e-02 9.87273574e-01 5.90465665e-02 8.87263834e-01
    9.52556610e-01 7.27014601e-01 6.52206600e-01 1.39821142e-01
    6.39175475e-02 7.75282502e-01 9.36697781e-01 1.41514093e-01
    2.15061486e-01 3.76454204e-01 3.63155305e-02 5.85112989e-01
    1.84579372e-01 8.76094759e-01 7.95393109e-01 6.36524439e-01
    1.44477993e-01 5.40505230e-01 4.91632283e-01 2.03926235e-01
    8.61377120e-01 1.08730495e-02 2.18902856e-01 9.53858554e-01
    4.88561392e-01 5.35985112e-01 7.94870853e-01 6.43925965e-01
    9.22618032e-01 8.32932949e-01 6.30660057e-01 3.74531150e-02
    4.35636938e-01 6.75975084e-01 9.22223806e-01 7.23579764e-01
    3.74596328e-01 9.25569296e-01 9.71917748e-01 4.83942032e-01
    1.67951971e-01 9.78125334e-01 9.01579261e-01 1.78176343e-01
    9.15323853e-01 5.69467962e-01 7.74963021e-01 7.72449255e-01
    7.56430447e-01 5.19649625e-01 8.67801428e-01 7.63675570e-01
    9.80828643e-01 9.04663205e-01 7.71211982e-01 3.12298357e-01
    9.07287717e-01 1.50657117e-01 2.44159609e-01 6.61996245e-01
    7.21603096e-01 5.86108923e-01 8.35560441e-01 9.61260796e-01
    2.03183562e-01 7.65229285e-01 8.97920489e-01 3.76818120e-01
    3.28817546e-01 4.93051887e-01 7.79497743e-01 2.44581968e-01
    9.82280791e-01 4.35682833e-01 6.36466146e-02 5.73810995e-01
    8.62626195e-01 5.73571742e-01 2.36214399e-02 3.57755423e-02
    8.22843909e-01 6.07905447e-01 9.64114130e-01 5.64282477e-01
    1.39671355e-01 8.06605995e-01 1.30381316e-01 9.33881760e-01
    2.35815644e-01 0. 0. 0. 0. 0. 0. 0. 0. 0. 0. 9.68708754e-01
    4.70887274e-01 3.80019367e-01 3.13857287e-01 8.80698860e-02
    7.64012516e-01 8.14452171e-01 1.32702202e-01 5.15437841e-01
    3.64903688e-01 1.07043594e-01 2.45750636e-01 3.03126603e-01
    7.21314490e-01 6.56546652e-02 1.43956393e-01 9.21983302e-01
    3.01994681e-01 6.29970968e-01 6.87698603e-01 5.49729526e-01
    5.61589122e-01 6.68474793e-01 4.95086998e-01 6.03375554e-01
    7.93992400e-01 9.24565077e-01 1.54770344e-01 2.29352474e-01
    1.42409295e-01 6.70849085e-01 7.29913533e-01 5.60385764e-01
    4.90962893e-01 7.98460126e-01 8.12882662e-01 8.10849845e-01
    8.32837701e-01 8.19925666e-01 8.59009147e-01 9.95710135e-01
    2.22844750e-01 2.58634448e-01 7.37423778e-01 3.88394266e-01
    4.11630213e-01 6.37675941e-01 6.44350648e-01 3.51914883e-01
    4.20123398e-01 4.48935360e-01 3.96438241e-02 6.11878395e-01
    6.75709128e-01 3.67278397e-01 8.77935290e-01 8.57158005e-01
    3.39949846e-01 4.34525788e-01 6.31003976e-01 9.93980110e-01
    6.02715552e-01 8.21200252e-01 4.19116527e-01 7.83544421e-01
    8.87306333e-02 3.48492235e-01 2.70352066e-01 3.32524985e-01
    8.15720797e-01 7.68663943e-01 4.19912934e-01 5.32317102e-01
    1.80584848e-01 8.99847865e-01 7.29461193e-01 4.66767073e-01
    1.19616598e-01 4.45756912e-02 6.86547339e-01 9.79336143e-01
    4.05170262e-01 6.02125049e-01 7.12346077e-01 2.01819658e-01
    5.51132381e-01 4.79980886e-01 3.44897687e-01 6.13611877e-01
    3.59993279e-02 7.56603718e-01 2.88974494e-01 1.72524482e-01
    7.38800824e-01 3.00469577e-01 6.50955796e-01 2.24509835e-01
    5.58406174e-01 5.44728041e-01 1.40420973e-01 2.16127574e-01
    3.98224592e-02 1.54040694e-01 4.05389577e-01 8.64962697e-01
    3.98450404e-01 1.72883451e-01 9.83968973e-01 8.26034665e-01
    4.38884795e-02 4.45982814e-03 1.21562868e-01 4.28581119e-01
    5.99831283e-01 6.37659848e-01 8.22765470e-01 1.29881501e-02
    1.11241877e-01 8.10205460e-01 8.44252586e-01 3.13927948e-01
    2.85911739e-01 5.94354153e-01 1.35528713e-01 2.50986278e-01
    3.10363472e-01 7.72871077e-01 5.44344604e-01 5.09650886e-01
    4.88597155e-02 3.10999155e-02 4.19856369e-01 3.52779657e-01
    8.51624131e-01 9.55627799e-01 1.56680346e-01 9.03868675e-02
    6.65257454e-01 8.50912392e-01 7.60491610e-01 4.03107107e-02
    8.16201210e-01 5.77005804e-01 1.26393676e-01 1.11345291e-01
    1.52735233e-01 9.75867867e-01 9.83383656e-02 7.10281491e-01
    1.70501173e-02 7.29507565e-01 9.70814526e-01 1.26561701e-01
    5.51525772e-01 7.82143235e-01 5.14910817e-01 1.86374485e-01
    4.11309123e-01 3.51558805e-01 8.82275581e-01 3.07073236e-01
    5.54617763e-01 6.74784184e-01 1.93873346e-01 7.45798469e-01
    7.28254378e-01 7.87087679e-01 3.92194331e-01 5.88304400e-02
    2.20717132e-01 3.30449939e-01 7.40480900e-01 8.79161954e-01
    4.13119435e-01 8.58107805e-01 5.91469944e-01 6.96415067e-01
    7.09319711e-02 4.47841823e-01 4.67979610e-02 2.83764511e-01
    5.01754880e-03 6.47417247e-01 3.40356708e-01 9.90962744e-01
    5.11172056e-01 9.08451080e-01 9.47827458e-01 4.60038632e-01
    2.94018596e-01 2.16946453e-01 1.20240241e-01 7.36011446e-01
    3.48705292e-01 7.78950572e-01 2.71378309e-01 7.66653776e-01
    5.93596280e-01 7.60145307e-01 8.40536475e-01 6.00302935e-01
    1.54876143e-01 9.58815098e-01 4.81694221e-01 9.33007479e-01
    8.91214252e-01 2.81439811e-01 4.32812065e-01 7.42445707e-01
    7.25700974e-01 4.20040131e-01 3.03612024e-01 9.00645792e-01
    1.12485707e-01 2.68124998e-01 6.52943075e-01 4.05953526e-01
    2.57867575e-03 4.19985831e-01 8.81514072e-01 5.78036249e-01
    1.79395735e-01 8.90661180e-01 8.45143080e-01 6.70039415e-01
    1.62160516e-01 5.64823449e-01 7.47142851e-01 6.64565444e-01
    2.48364717e-01 6.30139232e-01 6.55462742e-01 4.01017398e-01
    6.93268895e-01 4.28847551e-01 6.31749630e-03 9.89849687e-01
    8.37405086e-01 7.58471191e-02 7.10420191e-01 1.13434136e-01
    2.78045177e-01 6.52586341e-01 3.78719628e-01 5.47936916e-01
    6.34793580e-01 2.16039211e-01 1.40698135e-01 7.75292516e-01
    5.16603470e-01 6.99850142e-01 8.12321663e-01 8.97230148e-01
    5.71585774e-01 1.37592614e-01 6.19440317e-01 0. 0. 0. 0. 0. 0. 0. 0.
    0. 0. 4.63964909e-01 4.82452184e-01 7.27350831e-01 3.27625245e-01
    5.33250272e-01 3.22564840e-01 7.84122944e-02 5.65124989e-01
    9.33389783e-01 5.61941981e-01 8.30965757e-01 1.70618296e-04
    9.85170841e-01 8.19331646e-01 3.75636429e-01 3.91302586e-01
    9.98342276e-01 1.25070810e-01 9.64659572e-01 2.32610524e-01
    6.88123047e-01 9.07127857e-01 8.35597038e-01 2.94661552e-01
    7.08549261e-01 1.30872518e-01 5.33017337e-01 6.14029408e-01
    9.03857589e-01 8.76978278e-01 7.44642079e-01 1.51814759e-01
    4.04772460e-02 7.01789379e-01 4.77676809e-01 7.38973975e-01
    7.67008781e-01 7.82878160e-01 9.94593441e-01 8.46019030e-01
    9.42143202e-01 2.46399790e-01 1.40681446e-01 2.11012959e-02
    6.90317750e-01 4.61654902e-01 9.20876265e-01 8.19590390e-02
    4.52866793e-01 2.75035858e-01 5.40150523e-01 6.02936268e-01
    3.51816297e-01 7.80115664e-01 2.40954995e-01 2.17349827e-01
    1.29068375e-01 9.39914107e-01 5.29119551e-01 1.87638581e-01
    8.47840905e-02 7.42953062e-01 9.10167992e-01 7.68086195e-01
    6.61598921e-01 8.18093956e-01 1.78675979e-01 5.33741713e-01
    1.28472447e-02 4.02649969e-01 3.03915322e-01 8.22320402e-01
    3.50475609e-02 9.58626390e-01 3.90945077e-01 1.55209869e-01
    9.74203706e-01 2.74246335e-01 3.92117083e-01 8.75459254e-01
    3.31645608e-02 7.68920422e-01 3.46818656e-01 1.02330804e-01
    8.72629404e-01 2.74412155e-01 8.27138841e-01 2.12209225e-01
    3.40304911e-01 9.74255860e-01 3.49008262e-01 9.82370853e-01
    8.82033706e-01 1.46951973e-02 8.77774179e-01 8.44684362e-01
    8.81082654e-01 9.90094244e-02 9.85171199e-02 3.29261422e-02
    4.73842591e-01 6.92575276e-02 1.78853601e-01 9.56760645e-02
    3.23135972e-01 3.89242917e-01 2.87597477e-01 1.58496261e-01
    1.88132852e-01 2.00877905e-01 4.01139319e-01 4.26916152e-01
    6.99779153e-01 9.79917407e-01 7.00241387e-01 9.01993155e-01
    8.78573596e-01 1.60295159e-01 4.82430518e-01 8.52430940e-01
    8.15591931e-01 7.44251907e-01 5.72338939e-01 6.36754572e-01
    4.75375354e-01 9.11360621e-01 8.93605947e-01 5.99426448e-01
    2.06929564e-01 8.88594449e-01 7.50357032e-01 5.01626909e-01
    2.70405293e-01 2.57142901e-01 4.73101437e-02 4.02917713e-01
    1.23932898e-01 6.01116002e-01 3.86489630e-02 9.83624697e-01
    4.67679322e-01 2.62918353e-01 2.62263417e-01 6.23932958e-01
    4.87759411e-02 1.94374651e-01 6.82216704e-01 8.93243551e-01
    9.70645845e-01 9.28014278e-01 3.93806368e-01 6.42852068e-01
    3.46846402e-01 8.75462770e-01 8.67163777e-01 2.04509825e-01
    4.66530293e-01 9.37932849e-01 4.68622565e-01 5.06634176e-01
    1.01367056e-01 4.74628091e-01 2.60241508e-01 6.34802759e-01
    7.38449275e-01 4.95121717e-01 9.32742238e-01 7.28357077e-01
    5.01546443e-01 9.22469497e-01 4.21027005e-01 9.68715429e-01
    4.10525441e-01 9.02941108e-01 8.12512159e-01 3.79077196e-01
    6.62588358e-01 1.63821220e-01 2.43372917e-02 5.25490999e-01
    9.31895077e-02 2.90616512e-01 5.82426667e-01 2.11804271e-01
    4.83190328e-01 3.33711803e-02 4.08317745e-01 6.83034837e-01
    3.01846474e-01 6.66608930e-01 8.54623556e-01 1.81169987e-01
    1.61658585e-01 9.47437048e-01 6.16497815e-01 1.59547269e-01
    1.00814581e-01 1.48186147e-01 9.32328224e-01 8.02381337e-01
    1.25963300e-01 8.01733434e-01 9.97830629e-01 3.58595222e-01
    3.45768511e-01 1.86822325e-01 6.86432123e-01 6.20010197e-01
    5.92199206e-01 1.23600513e-01 4.70481396e-01 7.07133591e-01
    9.83578324e-01 9.33498621e-01 6.67801201e-02 8.02601576e-02
    2.92366326e-01 8.74945283e-01 3.26007336e-01 4.15296346e-01
    8.66421580e-01 4.58773077e-01 3.28144133e-02 6.87679887e-01
    3.47167432e-01 2.46735662e-01 3.64801258e-01 1.54979557e-01
    2.03262359e-01 9.24121261e-01 9.57123637e-02 7.46410847e-01
    2.52607584e-01 4.76318598e-03 6.92469060e-01 3.71650815e-01
    2.71997303e-01 8.23725164e-02 6.56117201e-02 2.45448589e-01
    5.84013283e-01 5.61613917e-01 5.54640174e-01 1.42882943e-01
    2.16424048e-01 3.86381388e-01 4.37446654e-01 6.72517061e-01
    2.04701185e-01 2.11518347e-01 5.96807420e-01 2.67141104e-01
    5.13077557e-01 1.64928526e-01 9.30559337e-02 3.62407267e-01 0. 0. 0.
    0. 0. 0. 0. 0. 0. 0. 9.86109614e-01 9.21872199e-01 2.79492497e-01
    8.73182893e-01 2.16057420e-01 2.58115709e-01 2.15826422e-01
    3.10890436e-01 6.30581558e-01 1.00364894e-01 7.91551352e-01
    4.20018196e-01 1.87607318e-01 8.05668831e-02 7.37440050e-01
    6.04570091e-01 7.34375119e-01 6.50339365e-01 6.23160601e-03
    1.03050023e-01 2.67680526e-01 6.98601902e-02 6.94444358e-01
    9.41556156e-01 7.08645105e-01 5.12618840e-01 6.27559662e-01
    7.87436783e-01 3.31799865e-01 5.61452031e-01 6.33279562e-01
    4.23726737e-01 3.87276709e-02 4.11239386e-01 6.91601694e-01
    8.89559627e-01 1.14199430e-01 2.41944283e-01 3.77389878e-01
    5.73271215e-02 2.57273614e-02 3.04165900e-01 5.39503753e-01
    9.32265401e-01 8.08531165e-01 2.60824889e-01 8.14824104e-01
    1.85601711e-01 7.84591138e-02 7.80921876e-02 9.60284829e-01
    5.46327591e-01 2.89955676e-01 7.67020464e-01 8.21472168e-01
    8.90645981e-02 7.75126696e-01 1.73272312e-01 8.77455115e-01
    6.93545759e-01 4.99782115e-01 5.06497443e-01 5.77361226e-01
    4.14945185e-01 4.66636777e-01 2.46673197e-01 6.26586854e-01
    7.95522392e-01 1.77866668e-01 9.85864997e-01 3.27205181e-01
    2.13231653e-01 2.38146096e-01 2.50648081e-01 3.16930711e-01
    6.13834202e-01 1.24500304e-01 3.36698294e-01 1.38349801e-01
    2.34362036e-01 4.57274675e-01 3.34896386e-01 2.33774602e-01
    4.08075869e-01 4.90057468e-03 3.88976097e-01 9.10482287e-01
    6.81753933e-01 7.88364053e-01 6.74300373e-01 9.35519934e-02
    4.86783564e-01 7.82081604e-01 9.54834223e-02 4.38201994e-01
    5.29758990e-01 4.88382250e-01 1.90265000e-01 3.28812659e-01
    2.82421678e-01 4.41786885e-01 9.69620407e-01 7.84571648e-01
    9.02441382e-01 1.94629341e-01 5.54330468e-01 3.55409980e-01
    4.52732921e-01 7.51894832e-01 3.45653594e-01 7.91492820e-01
    2.96486914e-01 1.39903337e-01 9.83853817e-01 2.69844651e-01
    7.84741163e-01 5.95412970e-01 4.39935952e-01 3.63165081e-01
    9.81441736e-02 5.64275682e-02 2.25876272e-02 3.75251085e-01
    3.99389863e-03 6.13378108e-01 5.39511859e-01 6.62791133e-01
    1.30409032e-01 9.91296887e-01 6.81846976e-01 8.01374793e-01
    5.85213900e-02 6.34342909e-01 1.46721333e-01 2.21206486e-01
    7.07546771e-02 8.51449013e-01 9.49546814e-01 6.63531423e-01
    7.51423955e-01 8.94794941e-01 5.31587005e-03 4.73184675e-01
    4.04161632e-01 3.81658345e-01 2.21619070e-01 6.87389672e-02
    5.89365721e-01 2.81927317e-01 9.06778574e-01 3.81744921e-01
    1.13634199e-01 3.46884310e-01 3.86123300e-01 8.55740547e-01
    3.83627206e-01 8.18642497e-01 5.91349781e-01 3.65401983e-01
    5.81465125e-01 8.00547540e-01 4.25578177e-01 4.60474551e-01
    7.99921989e-01 7.82976627e-01 7.05184877e-01 3.92006606e-01
    3.88493598e-01 5.89886069e-01 2.99142063e-01 5.72859943e-01
    7.59724140e-01 1.53556585e-01 3.27832758e-01 2.56451994e-01
    8.22173059e-02 1.94353402e-01 3.51958692e-01 1.55768007e-01
    3.28940034e-01 9.23868895e-01 3.65150273e-02 2.13165671e-01
    1.31442070e-01 8.60192776e-01 5.88533878e-02 7.00295150e-01
    3.80119413e-01 2.62384921e-01 9.33882475e-01 5.17445982e-01
    6.87932968e-01 2.99891144e-01 9.29210365e-01 7.97616959e-01
    8.92556071e-01 8.39471281e-01 3.90684247e-01 8.54777515e-01
    7.16819704e-01 1.15939379e-02 9.78580832e-01 3.10501158e-01
    5.02240658e-02 2.72726268e-01 8.58284473e-01 9.35160160e-01
    1.21419549e-01 8.74229670e-02 4.48202789e-02 7.33257890e-01
    3.06221664e-01 3.07107270e-02 4.19326305e-01 7.95782328e-01
    3.25226754e-01 2.18033373e-01 7.16260791e-01 2.76592374e-02
    1.31608307e-01 3.09116721e-01 5.33645928e-01 1.78927332e-01
    8.32676768e-01 5.86889505e-01 5.18677533e-01 6.65415466e-01
    9.36204553e-01 3.99743617e-02 8.62153172e-02 3.03523272e-01
    8.31902087e-01 9.17742133e-01 3.07300687e-01 8.72852445e-01
    5.50706029e-01 4.98898119e-01 7.15438843e-01 3.71957660e-01
    3.56977969e-01 4.42351162e-01 2.72851884e-02 6.28687620e-01
    2.34774619e-01 9.15572882e-01 4.80626613e-01 1.54982179e-01
    1.79915905e-01 9.97182965e-01 7.50061870e-03 7.99709320e-01
    1.35469973e-01 3.44580203e-01 4.10345763e-01 2.86880076e-01
    3.45344543e-02 0. 0. 0. 0. 0. 0. 0. 0. 0. 0. 1.15081936e-01
    5.71736217e-01 5.88482022e-02 2.42335290e-01 6.11625075e-01
    5.20205677e-01 4.22130942e-01 4.35812175e-02 3.30318063e-01
    3.18762422e-01 5.05528212e-01 6.43894434e-01 5.39882660e-01
    4.66169149e-01 2.37307072e-01 4.78296041e-01 7.16448724e-01
    2.80658811e-01 3.19426417e-01 8.08982134e-01 1.06951833e-01
    3.37121755e-01 4.84502614e-02 8.21684837e-01 7.88879693e-01
    6.91813409e-01 9.02021170e-01 3.11311007e-01 5.48719525e-01
    3.19136262e-01 3.00651670e-01 5.23754060e-01 9.04149532e-01
    9.84523654e-01 5.32988012e-01 7.09698915e-01 7.43945718e-01
    9.14614320e-01 1.42058849e-01 9.96202588e-01 8.90900493e-02
    2.78877914e-01 4.92666960e-01 8.21333528e-01 2.93554723e-01
    4.91470635e-01 9.14027691e-01 3.67503554e-01 5.59931278e-01
    4.27545011e-01 4.50884670e-01 6.29473567e-01 5.96916437e-01
    4.80021358e-01 6.33530676e-01 4.41915363e-01 9.00802374e-01
    8.27313781e-01 9.31879103e-01 2.09761471e-01 4.75358278e-01
    4.67626840e-01 6.61686957e-01 2.66879797e-01 8.63173366e-01
    4.12518680e-02 6.29807591e-01 2.31492907e-01 3.12046885e-01
    4.00528312e-02 8.88355374e-02 8.95445108e-01 2.33088583e-01
    6.57766819e-01 7.96956062e-01 7.29222417e-01 9.12399471e-01
    8.00138474e-01 4.32940304e-01 5.13947368e-01 4.72228467e-01
    1.18679762e-01 9.56090331e-01 2.79085517e-01 8.02742600e-01
    1.22194588e-02 9.16280448e-01 4.33286041e-01 9.18408394e-01
    8.30096602e-01 9.75526929e-01 3.04702520e-01 8.60030651e-01
    7.13747621e-01 6.60697579e-01 8.13541889e-01 8.26794863e-01
    6.51999772e-01 6.54338717e-01 7.19027877e-01 6.54706180e-01
    6.94605112e-01 2.71673620e-01 6.87265396e-01 5.50826192e-01
    2.18665689e-01 8.32005322e-01 2.92911559e-01 6.59198403e-01
    9.50840235e-01 1.76432520e-01 8.48502755e-01 4.20400321e-01
    8.50251675e-01 9.76084769e-01 4.76761073e-01 3.19073796e-01
    5.29556036e-01 6.93113804e-02 4.88389283e-01 9.32199955e-01
    3.41617972e-01 1.35967016e-01 5.26092172e-01 7.55771399e-01
    8.86829197e-02 9.61035192e-01 7.76647806e-01 8.36340308e-01
    4.63266671e-02 1.20575845e-01 7.10320473e-01 8.86088490e-01
    6.68771863e-01 3.26485038e-01 6.86589479e-02 2.21491247e-01
    8.65880847e-01 3.92260194e-01 3.73995960e-01 9.96269822e-01
    6.13073111e-01 5.07794857e-01 9.25403833e-02 2.75994658e-01
    2.55737662e-01 8.23547244e-01 2.89933413e-01 8.87833178e-01
    5.42686284e-01 3.01521152e-01 4.05433178e-01 5.84583819e-01
    6.69023037e-01 7.93803334e-02 4.00317013e-02 3.30184460e-01
    3.68018687e-01 7.66938865e-01 1.54851973e-02 7.04083025e-01
    5.11865258e-01 9.10618305e-01 8.07842910e-01 5.40968895e-01
    6.46948934e-01 3.07395458e-01 2.73876429e-01 7.15405345e-01
    5.83213866e-02 4.99865532e-01 4.95982170e-02 1.50637358e-01
    2.85691619e-02 7.02223718e-01 7.37241924e-01 1.37543261e-01
    7.62500167e-01 4.39515114e-01 8.16863775e-03 8.09436142e-02
    3.37976545e-01 3.80291283e-01 6.39031589e-01 1.72929645e-01
    7.49055624e-01 7.78493047e-01 3.46044719e-01 5.53153753e-02
    7.75287032e-01 4.68445778e-01 7.08318233e-01 6.43110812e-01
    5.03656387e-01 8.40955973e-01 8.50597382e-01 4.32810843e-01
    5.22629440e-01 4.93682295e-01 6.71184540e-01 4.70835209e-01
    6.88103676e-01 6.96139395e-01 8.42260361e-01 9.85721052e-01
    6.60515130e-02 2.26098001e-01 8.49496961e-01 2.44180948e-01
    6.17521942e-01 5.52903414e-01 2.12384343e-01 1.15141213e-01
    1.09138131e-01 5.41906059e-01 1.51130766e-01 7.86202073e-01
    6.87065125e-02 3.46898168e-01 6.07215047e-01 7.64800012e-01
    6.76975548e-02 5.97399652e-01 8.76892507e-02 7.59168267e-02
    1.34124488e-01 4.53133643e-01 3.96141917e-01 3.95244092e-01
    8.78352463e-01 2.95394123e-01 5.44502437e-01 1.28542811e-01
    6.06026411e-01 1.78215325e-01 1.68024838e-01 1.07518524e-01
    6.07142866e-01 7.77910709e-01 3.26567948e-01 5.02820253e-01
    5.21202981e-01 6.05640531e-01 5.36331534e-02 7.20647573e-01
    4.58591610e-01 6.94741786e-01 7.78451920e-01 9.37152028e-01
    8.39206755e-01 7.12500393e-01 6.00774765e-01 4.96256471e-01
    9.14562285e-01 5.02476037e-01 2.19654441e-02 0. 0. 0. 0. 0. 0. 0. 0.
    0. 0. 6.22214675e-02 4.50685173e-01 1.77997768e-01 3.81060302e-01
    2.94482589e-01 2.88108170e-01 1.83897763e-01 5.25452614e-01
    5.48725307e-01 6.38662279e-01 1.46945536e-01 9.85819459e-01
    6.71448767e-01 6.40781879e-01 6.75925851e-01 1.77498698e-01
    7.05258489e-01 7.50414968e-01 6.58084512e-01 1.79825157e-01
    3.23456585e-01 4.87367213e-01 9.76811767e-01 6.49166226e-01
    3.28614056e-01 1.30970091e-01 9.16540742e-01 3.50796163e-01
    5.20144403e-02 1.71934754e-01 2.49903798e-01 5.62929392e-01
    7.50452638e-01 9.80796099e-01 6.37627900e-01 2.96238482e-01
    6.53829873e-02 5.71608365e-01 1.11984909e-01 2.68630296e-01
    1.15898758e-01 6.43420696e-01 3.18912327e-01 3.85560811e-01
    4.86049145e-01 9.90013123e-01 4.74349558e-01 8.51322651e-01
    5.65130591e-01 9.30149555e-01 2.91727483e-01 5.33288300e-01
    4.73037750e-01 5.50965071e-02 1.45904809e-01 6.90122664e-01
    1.11059189e-01 3.76584291e-01 4.55100387e-01 4.86263007e-01
    2.21135229e-01 5.99588752e-01 2.68338501e-01 7.73738980e-01
    9.69685137e-01 7.34255075e-01 9.02701139e-01 9.06786680e-01
    6.04108095e-01 2.89877295e-01 4.01546180e-01 2.67772675e-02
    5.00932276e-01 1.35882795e-01 1.16257101e-01 5.10093868e-01
    4.67779577e-01 6.97903931e-01 8.74769270e-01 2.34964132e-01
    4.87954021e-02 3.27763438e-01 4.61497128e-01 7.65947104e-01
    6.02112830e-01 1.68728828e-03 6.19373798e-01 5.81741631e-01
    5.37523746e-01 7.72473335e-01 4.66403842e-01 7.49656260e-02
    6.11657739e-01 2.87020385e-01 8.82532239e-01 6.38778329e-01
    8.25383306e-01 8.53801608e-01 8.57310176e-01 6.34390175e-01
    8.17149043e-01 3.24336648e-01 4.16675627e-01 9.02635217e-01
    4.71847653e-01 9.38941538e-02 7.27335572e-01 3.21700156e-01
    5.64871788e-01 8.89171958e-01 6.01561427e-01 9.52265501e-01
    3.65967155e-01 5.42047203e-01 6.65276945e-02 3.44013572e-02
    1.50926977e-01 8.53150129e-01 7.30919838e-01 4.75101233e-01
    4.80082244e-01 2.02282786e-01 1.27644330e-01 5.12848794e-01
    1.45087212e-01 6.75458670e-01 8.16340685e-01 6.48438334e-01
    9.97196555e-01 4.87801045e-01 5.81300735e-01 9.96464014e-01
    6.34214580e-01 2.64928401e-01 6.79910243e-01 3.07447195e-01
    9.81348753e-01 7.86633253e-01 2.30472982e-01 7.23158956e-01
    3.07901084e-01 1.44100070e-01 8.26968014e-01 7.21219778e-01
    7.94895053e-01 8.95589888e-01 8.36757660e-01 8.94979119e-01
    2.93186605e-02 5.08712590e-01 2.36577511e-01 5.63555837e-01
    3.41058671e-02 4.63726848e-01 9.20042872e-01 7.40224123e-01
    4.02641296e-01 9.81406987e-01 6.22095764e-02 4.69073892e-01
    6.66564703e-02 1.84708923e-01 2.52536833e-02 2.28502929e-01
    8.11048031e-01 5.57330251e-03 3.13965797e-01 5.80652356e-01
    3.51456106e-01 9.99174893e-01 6.37941003e-01 2.24542469e-01
    8.97524893e-01 8.35462093e-01 4.65443641e-01 1.00914299e-01
    5.06532192e-02 2.80820221e-01 8.54262888e-01 9.25005674e-02
    3.34320128e-01 8.86491358e-01 2.29517639e-01 8.57963264e-02
    3.41893315e-01 1.55283242e-01 4.24854964e-01 3.37529123e-01
    9.15027738e-01 5.03395498e-01 5.16727090e-01 8.47087741e-01
    2.43763924e-01 6.78107142e-03 6.79126501e-01 5.39676011e-01
    6.33296609e-01 6.10638976e-01 1.28423244e-01 6.40819430e-01
    7.99078047e-02 7.99153924e-01 5.02212346e-02 4.41590756e-01
    1.20773822e-01 7.55772352e-01 4.13720191e-01 7.73535609e-01
    2.87194490e-01 8.39372277e-01 2.60596484e-01 1.73914909e-01
    7.95238614e-02 7.33445406e-01 3.06433558e-01 8.40584755e-01
    4.47140485e-01 1.37997419e-01 4.38998520e-01 2.26635635e-01
    1.83317900e-01 3.07817578e-01 4.51500744e-01 1.21695608e-01
    8.24769974e-01 9.23238397e-01 9.59657133e-01 1.11194670e-01
    7.48208165e-01 5.46435058e-01 2.15230852e-01 9.15333152e-01
    5.00981092e-01 2.65847862e-01 1.94432199e-01 1.95568740e-01
    4.59814042e-01 1.94683731e-01 2.47671157e-01 5.57908058e-01
    5.76083720e-01 8.52390587e-01 3.37744743e-01 1.01147085e-01
    2.21229702e-01 4.98977661e-01 7.13190436e-03 6.63888812e-01
    8.32488239e-02 9.45159912e-01 8.04083347e-01 6.46290064e-01
    6.26758814e-01 8.86090815e-01 7.28859007e-01 2.01945782e-01 0. 0. 0.
    0. 0. 0. 0. 0. 0. 0. 4.68970835e-01 6.67879820e-01 6.61087215e-01
    3.64062607e-01 2.07239985e-02 1.42871559e-01 7.23492801e-02
    4.34335113e-01 1.02191418e-01 8.42433929e-01 6.13778532e-01
    3.09817970e-01 2.85621166e-01 4.85875785e-01 1.27732128e-01
    1.76858246e-01 4.77275223e-01 3.25926095e-01 1.19473010e-01
    5.79050243e-01 1.49021983e-01 7.46617317e-02 8.29401493e-01
    2.86055744e-01 4.00667787e-01 3.90701592e-02 3.69276643e-01
    1.59171909e-01 1.76464915e-01 5.31640589e-01 7.83564091e-01
    7.50729442e-01 6.76532388e-01 3.06596577e-01 6.20916307e-01
    3.11890393e-01 2.71614790e-01 1.41350448e-01 1.64360762e-01
    2.63664603e-01 3.45700085e-01 2.46264040e-02 4.37205315e-01
    5.26946664e-01 7.54079521e-02 4.50316727e-01 6.82587862e-01
    6.75399184e-01 2.57423013e-01 7.27803111e-01 6.65352166e-01
    7.59899676e-01 8.04602385e-01 3.72429967e-01 1.63033187e-01
    3.38737011e-01 2.55310655e-01 4.94650364e-01 3.13981414e-01
    6.85825467e-01 7.66712189e-01 1.02601528e-01 1.46497369e-01
    4.80653524e-01 1.43608689e-01 8.31331968e-01 5.75254202e-01
    1.66934103e-01 1.94930434e-02 2.02751458e-02 6.87927008e-02
    2.75549710e-01 9.49145973e-01 8.48091543e-02 3.56357992e-01
    6.40277147e-01 3.23087543e-01 9.20013726e-01 8.30514550e-01
    3.08912367e-01 2.66142398e-01 3.97374034e-01 4.88457322e-01
    7.17578828e-02 2.76579291e-01 3.22469234e-01 6.71816111e-01
    2.18837857e-02 4.90818888e-01 9.69815373e-01 7.49966621e-01
    7.34237909e-01 7.49477863e-01 2.96485871e-01 3.42782527e-01
    7.70423353e-01 7.04122245e-01 5.01788020e-01 1.70686901e-01
    8.61439466e-01 9.42484260e-01 2.98564136e-01 6.84122324e-01
    7.52698958e-01 4.94494796e-01 1.81280941e-01 7.29079962e-01
    5.13891578e-01 6.04804277e-01 5.98434985e-01 2.36040652e-02
    9.14656639e-01 6.72358871e-01 3.45522135e-01 2.26600587e-01
    3.81156653e-01 8.05685282e-01 6.55511618e-02 8.65404248e-01
    1.81756914e-01 7.62841582e-01 7.03070462e-01 1.97305143e-01
    9.07042801e-01 9.66122270e-01 6.10448182e-01 7.49881268e-01
    4.87005919e-01 2.60275662e-01 5.83013475e-01 6.65893257e-02
    6.12469554e-01 2.64860600e-01 7.50684738e-03 9.96568978e-01
    1.67368621e-01 2.86555827e-01 7.01617599e-02 1.65910751e-01
    4.92216200e-01 1.36661708e-01 9.31969583e-01 4.34645712e-01
    9.00427282e-01 3.68331373e-01 2.57569134e-01 3.43428195e-01
    6.39600277e-01 2.65623361e-01 2.70506680e-01 8.42943609e-01
    1.70197099e-01 5.29405057e-01 7.42231607e-01 5.76012433e-02
    5.98616898e-01 9.11445916e-02 1.07057542e-01 8.88225377e-01
    1.51116043e-01 9.62271631e-01 8.82731080e-01 2.43850380e-01
    9.79701042e-01 9.07001972e-01 3.24063659e-01 5.06684482e-01
    2.72864997e-02 7.12419391e-01 3.45904201e-01 9.58371282e-01
    9.72747922e-01 3.93971324e-01 5.41060865e-02 2.57455617e-01
    6.26474380e-01 6.37308359e-01 8.16303849e-01 9.85250533e-01
    2.34630704e-01 6.01511896e-01 2.51651645e-01 1.40533984e-01
    5.84993362e-02 9.55049872e-01 2.39082038e-01 9.27753210e-01
    2.34542310e-01 4.68722045e-01 7.13171422e-01 5.20992577e-02
    5.00473976e-01 3.84415209e-01 7.24945724e-01 2.48369902e-01
    6.85900688e-01 5.73563337e-01 4.84369844e-01 2.68710256e-02
    5.77999234e-01 1.65994018e-01 4.93132889e-01 7.24413276e-01
    5.00636041e-01 5.78436315e-01 3.09957683e-01 6.07107103e-01
    1.35355532e-01 3.60595644e-01 8.66876960e-01 5.30961633e-01
    7.30760396e-02 1.00287497e-01 3.93758118e-02 7.36361444e-01
    8.43925238e-01 3.71573597e-01 2.52289206e-01 9.16365683e-02
    1.99112564e-01 4.42185134e-01 2.00182110e-01 5.64036429e-01
    4.08039808e-01 4.95877296e-01 7.09134996e-01 8.13878179e-01
    1.01243407e-01 4.78791267e-01 7.50469089e-01 6.29181564e-01
    8.40145648e-02 9.82016742e-01 2.37895936e-01 4.65666324e-01
    3.60282540e-01 1.23285800e-01 8.93369973e-01 3.26229036e-01
    3.70887578e-01 1.20605499e-01 8.43794227e-01 7.81011164e-01
    8.56177330e-01 4.60014641e-01 1.51136518e-01 3.56404006e-01
    3.72440815e-01 3.47736776e-02 8.09837222e-01 8.21017623e-01
    3.81640911e-01 2.03699768e-02 6.32687867e-01 5.90752482e-01
    7.23733068e-01 0. 0. 0. 0. 0. 0. 0. 0. 0. 0. 7.12106884e-01
    7.40243196e-02 6.26316965e-02 4.60650414e-01 6.10071540e-01
    3.10156763e-01 5.17907977e-01 9.63688970e-01 2.48885453e-01
    9.09679651e-01 4.77124512e-01 1.18812621e-01 9.93438840e-01
    6.65234804e-01 3.33234549e-01 5.98649859e-01 4.33387727e-01
    2.06833392e-01 2.48589367e-01 3.48152667e-01 4.25533473e-01
    7.09059834e-01 9.18430984e-02 2.60815740e-01 9.32115912e-01
    4.89804506e-01 9.88034368e-01 6.41074121e-01 7.18196154e-01
    6.27385795e-01 6.34925365e-01 2.31519222e-01 6.65552855e-01
    5.98500907e-01 7.80856013e-01 8.87934327e-01 2.35988379e-01
    1.49566203e-01 9.24427092e-01 8.68117213e-01 2.67462611e-01
    8.40547800e-01 7.79149890e-01 8.36192191e-01 8.41906667e-02
    7.32966661e-01 9.40211475e-01 3.22386622e-01 8.04429173e-01
    1.32917911e-01 2.25365251e-01 2.24949241e-01 1.26120687e-01
    8.91954601e-01 2.76156813e-01 4.26270813e-01 4.86399829e-01
    7.52075315e-01 4.88196403e-01 5.24978399e-01 8.17305446e-02
    5.72492182e-01 5.54377913e-01 4.53325272e-01 5.83093464e-01
    6.00890875e-01 7.96090841e-01 9.51848269e-01 6.52285397e-01
    9.35877323e-01 4.99623567e-01 2.14321613e-02 3.42811137e-01
    4.75881785e-01 5.84278166e-01 2.02772021e-01 8.42792332e-01
    8.33855629e-01 9.98278081e-01 3.38583291e-01 8.25832784e-01
    1.77709758e-01 4.51057553e-02 9.38111186e-01 4.47648466e-02
    8.32660198e-01 3.77007782e-01 4.17080998e-01 7.32053757e-01
    6.59260154e-03 1.44147873e-02 5.34006238e-01 7.56686449e-01
    8.73556018e-01 4.71905738e-01 5.98997414e-01 8.98175359e-01
    2.53011107e-01 6.79815173e-01 5.46330810e-01 1.76668048e-01
    4.11689222e-01 5.60610056e-01 1.07113719e-02 5.39699793e-01
    5.66857100e-01 2.67553091e-01 9.57171798e-01 6.69803441e-01
    2.42994577e-01 5.39318323e-01 9.07007456e-01 2.26438910e-01
    1.14135504e-01 9.20111656e-01 8.95755768e-01 4.10203665e-01
    2.26961613e-01 9.44229305e-01 2.35850036e-01 6.62440419e-01
    4.74497378e-02 2.62813359e-01 6.38046086e-01 2.48011440e-01
    5.95546603e-01 3.80901277e-01 5.75197518e-01 1.36689693e-01
    4.76284802e-01 6.54890120e-01 3.56826872e-01 2.80388772e-01
    7.72436619e-01 3.00055802e-01 6.57816172e-01 5.71304619e-01
    5.87406397e-01 2.52556801e-01 4.52279150e-02 2.04524696e-01
    7.19469130e-01 7.53553629e-01 4.51188445e-01 5.00926256e-01
    2.38647163e-02 2.31220841e-01 2.27421999e-01 3.32658648e-01
    2.69154042e-01 1.86141521e-01 6.18960381e-01 8.26806664e-01
    6.64705634e-02 5.55882633e-01 8.40178728e-01 5.56442440e-01
    4.27406371e-01 5.19685805e-01 5.73746085e-01 6.93997741e-01
    4.89565045e-01 4.89367992e-01 5.86641133e-01 5.37002206e-01
    9.60557520e-01 6.64265215e-01 1.78253651e-01 5.26009500e-01
    6.74188614e-01 6.14788353e-01 4.92627859e-01 9.28857803e-01
    2.19445467e-01 2.80582815e-01 4.43969905e-01 8.02550912e-01
    7.21789896e-01 5.36677837e-01 6.53667092e-01 2.31045961e-01
    4.25747037e-01 4.63936597e-01 1.97073072e-01 7.75960922e-01
    7.59119868e-01 3.46011013e-01 8.03273201e-01 3.78326058e-01
    7.61140287e-01 4.16292846e-01 8.73339951e-01 1.84148520e-01
    7.97337413e-01 3.52332532e-01 9.92720544e-01 2.14879781e-01
    5.90123892e-01 5.94750822e-01 4.53557879e-01 5.96460581e-01
    2.36671269e-02 8.76792789e-01 5.23477018e-01 9.30742741e-01
    1.48756057e-01 5.99260628e-02 9.37418640e-02 2.74777412e-05
    3.99543345e-02 6.19726181e-01 9.75552917e-01 9.97905910e-01
    7.95745850e-03 9.93300438e-01 7.42807686e-01 4.58700418e-01
    8.40227783e-01 3.29267353e-01 8.27083945e-01 8.24213982e-01
    3.08863401e-01 4.58208740e-01 5.34385800e-01 9.06518459e-01
    2.32629776e-02 3.83504391e-01 3.39893401e-02 4.03783590e-01
    9.47895586e-01 5.28888345e-01 6.09908640e-01 6.09386683e-01
    9.26072240e-01 9.74159360e-01 4.39608693e-01 3.45555782e-01
    3.79557997e-01 6.65978372e-01 3.94577920e-01 3.89436871e-01
    6.69759512e-01 6.94120288e-01 3.89943182e-01 5.15164673e-01
    3.25987309e-01 8.70474398e-01 9.36060786e-01 3.85716975e-01
    5.04020751e-01 4.42109436e-01 4.31893945e-01 3.69525254e-02
    7.02298880e-01 2.48446733e-01 7.10210204e-03 0. 0. 0. 0. 0. 0. 0. 0.
    0. 0. 4.07149851e-01 2.68886626e-01 3.80699724e-01 4.95708466e-01
    7.04949677e-01 1.86040282e-01 5.76040089e-01 9.42788661e-01
    1.74304813e-01 3.58095109e-01 2.61310756e-01 1.84152097e-01
    8.17209959e-01 3.08568478e-02 8.55845869e-01 1.66757256e-01
    5.56804657e-01 2.26827145e-01 1.26193613e-01 7.17320561e-01
    2.92997777e-01 9.21217561e-01 1.64030105e-01 3.10234189e-01
    2.70528793e-02 3.99650276e-01 1.05897814e-01 2.67020345e-01
    8.12663913e-01 2.22552031e-01 4.85483229e-01 7.02991426e-01
    2.09816724e-01 6.33795142e-01 4.39066827e-01 7.34587729e-01
    9.31099653e-02 6.40594721e-01 8.82444203e-01 2.81836987e-02
    4.24434006e-01 9.89397526e-01 3.63157153e-01 3.26167345e-02
    1.80772543e-02 1.67206138e-01 5.77869534e-01 6.92698479e-01
    7.75216460e-01 1.32223219e-01 7.55500674e-01 1.72494352e-01
    9.66991067e-01 4.42372620e-01 2.10855126e-01 2.72581130e-01
    1.55856341e-01 5.04018366e-01 3.73573095e-01 7.14809179e-01
    7.14281201e-03 5.48286676e-01 4.05446500e-01 8.00193071e-01
    8.05382609e-01 5.25552630e-01 8.12216341e-01 3.57642591e-01
    3.65161538e-01 3.05413902e-02 3.03985357e-01 3.36082131e-01
    2.85047293e-02 7.37227440e-01 5.86761236e-01 8.23829412e-01
    5.95152676e-01 7.32043564e-01 7.17691422e-01 1.74436808e-01
    3.08262408e-01 3.79316628e-01 7.11909294e-01 4.76668686e-01
    4.58900988e-01 3.80518705e-01 4.60756242e-01 8.13494623e-01
    4.00629967e-01 2.63488889e-01 6.06689155e-02 9.83226776e-01
    6.28356695e-01 2.76630878e-01 4.65135306e-01 1.81705147e-01
    4.20629084e-01 9.35465813e-01 9.01144385e-01 7.32774615e-01
    9.72994268e-02 8.09502244e-01 4.30584967e-01 5.56857467e-01
    7.09919274e-01 1.25739276e-02 1.81587934e-01 3.08201075e-01
    7.54158497e-01 7.75182843e-01 2.16188699e-01 3.30656797e-01
    9.58944142e-01 6.55002236e-01 2.60566473e-02 2.04007775e-01
    7.08867192e-01 5.59213102e-01 2.41863608e-01 3.71441990e-01
    9.86977100e-01 2.40200132e-01 9.89582181e-01 6.26077592e-01
    3.83330286e-02 4.25625414e-01 9.47609901e-01 1.40188098e-01
    6.67780340e-01 7.26178885e-01 8.58905375e-01 8.58178139e-01
    2.27231264e-01 8.76615465e-01 7.32708812e-01 9.95518386e-01
    6.48044944e-01 4.03466344e-01 9.05503929e-02 9.36249614e-01
    4.36955988e-01 4.47869301e-02 1.74501836e-01 4.61646199e-01
    6.35084748e-01 4.13415343e-01 9.72031355e-02 3.97493243e-02
    1.37243569e-01 3.41007054e-01 5.37983477e-01 7.99321890e-01
    9.12776887e-01 3.58716547e-02 1.91011310e-01 2.12352276e-01
    3.40756863e-01 4.10103381e-01 6.51347041e-02 6.47599936e-01
    8.21346521e-01 4.45950836e-01 5.35215616e-01 2.02384681e-01
    4.88454103e-03 1.91437274e-01 4.47596252e-01 7.88931131e-01
    6.15791440e-01 5.78821778e-01 1.97749496e-01 5.01218379e-01
    2.86032796e-01 3.90449673e-01 6.26492023e-01 8.72976899e-01
    9.85874534e-01 2.22380370e-01 4.61633265e-01 1.92162424e-01
    6.17928684e-01 8.84868503e-01 4.47312981e-01 5.38758039e-02
    8.68424118e-01 3.14301163e-01 2.09576786e-02 6.48190141e-01
    2.91672707e-01 4.40361857e-01 7.23584950e-01 9.34151053e-01
    8.43915343e-03 9.51678157e-01 1.92961991e-01 7.10415602e-01
    8.58592153e-01 6.76123679e-01 5.48982322e-01 2.72348791e-01
    8.65344048e-01 4.21071827e-01 4.96854484e-02 6.25794530e-01
    3.99657369e-01 4.83273894e-01 5.62058389e-02 4.56326574e-01
    8.14769864e-01 1.19236410e-01 3.05640608e-01 6.87218010e-01
    2.82238901e-01 7.52308011e-01 7.56973505e-01 8.56263220e-01
    5.08674145e-01 8.77699137e-01 5.30489743e-01 9.92169380e-02
    7.87818432e-03 8.36836278e-01 8.66694629e-01 9.62865174e-01
    8.33884478e-01 1.87553167e-02 3.63857985e-01 9.47371364e-01
    3.52255940e-01 2.98272461e-01 6.08947635e-01 7.38748908e-01
    4.82374579e-01 6.10811949e-01 2.92760134e-01 7.38733292e-01
    4.54674929e-01 4.34532285e-01 6.70630574e-01 5.44610620e-02
    4.55966592e-02 3.95256251e-01 2.02585429e-01 7.72406816e-01
    4.49069142e-01 8.27109933e-01 4.10960525e-01 1.57406479e-01
    9.48480487e-01 7.61620879e-01 1.94708347e-01 4.67410892e-01
    1.35714531e-01 7.92771220e-01 8.17071497e-01 1.03601635e-01 0. 0. 0.
    0. 0. 0. 0. 0. 0. 0. 2.11965173e-01 9.46930647e-02 5.51982760e-01
    4.72961634e-01 5.47236681e-01 1.96817726e-01 8.81162882e-02
    6.24298573e-01 3.25371385e-01 3.52389067e-01 5.39103568e-01
    6.78413093e-01 8.06484699e-01 5.92334211e-01 3.15380067e-01
    6.50053263e-01 1.83596551e-01 6.35023296e-01 9.80857730e-01
    1.85167730e-01 8.52333069e-01 4.17557716e-01 1.73442960e-01
    3.32884073e-01 8.43159735e-01 7.13849962e-01 9.65096831e-01
    9.59710777e-01 9.04738903e-01 7.56802201e-01 3.86737525e-01
    9.63020623e-02 1.18348539e-01 8.33115637e-01 3.51839066e-02
    5.47819436e-01 1.52477235e-01 9.45859730e-01 8.47037792e-01
    1.96554542e-01 3.81938398e-01 6.95728183e-01 3.79938483e-01
    9.87527847e-01 5.70932627e-02 4.13184702e-01 1.87703758e-01
    1.83300257e-01 9.27749276e-03 4.83918577e-01 4.68798190e-01
    8.15430403e-01 2.41647154e-01 5.05034804e-01 8.64921749e-01
    3.33239913e-01 8.33806515e-01 2.91292667e-01 6.75774276e-01
    8.56443346e-02 9.28398252e-01 3.81267071e-03 4.26002502e-01
    6.60166264e-01 8.42091084e-01 8.99472594e-01 7.82511115e-01
    6.75006509e-02 4.09974158e-01 5.11489213e-02 8.93820822e-02
    9.26266074e-01 6.51636958e-01 2.47593552e-01 4.38328624e-01
    5.90878725e-01 9.94864166e-01 7.66114950e-01 5.84888816e-01
    1.64140344e-01 5.65413952e-01 6.53002620e-01 9.02858257e-01
    8.80082726e-01 2.50031352e-02 6.98995948e-01 2.72231787e-01
    3.86225402e-01 6.90396845e-01 9.91832376e-01 8.27688277e-01
    5.10843098e-01 1.58414990e-01 9.47328389e-01 4.75768447e-01
    2.58129597e-01 9.19370890e-01 5.02048910e-01 9.04091835e-01
    7.05827653e-01 6.80073559e-01 5.68281829e-01 8.75467360e-02
    2.05903441e-01 5.67891955e-01 5.26173353e-01 7.81339407e-02
    4.78326261e-01 2.51231134e-01 5.00485420e-01 7.22658336e-01
    6.97370648e-01 7.98961639e-01 3.01178396e-02 4.53735352e-01
    4.44126993e-01 4.72782612e-01 2.46991545e-01 9.08974111e-01
    6.11638129e-02 2.62555003e-01 7.51761198e-02 5.89325488e-01
    1.80425376e-01 9.42952633e-01 9.80879426e-01 6.95608258e-02
    7.59820282e-01 3.25522155e-01 4.14953828e-02 2.02301145e-03
    8.61451507e-01 6.39710248e-01 8.69663715e-01 8.36348057e-01
    1.13859653e-01 7.78800011e-01 7.81207144e-01 1.61878049e-01
    2.12124437e-01 8.54528546e-02 1.98581398e-01 6.01036966e-01
    5.43921590e-01 2.10371077e-01 2.97911704e-01 1.46465331e-01
    4.01350915e-01 3.40830594e-01 9.11004543e-01 2.41963953e-01
    1.04505122e-02 4.36154813e-01 6.00141704e-01 7.18093872e-01
    8.77264261e-01 6.33029282e-01 6.73328876e-01 9.86647546e-01
    3.71669650e-01 9.51182723e-01 8.13436270e-01 7.47495174e-01
    6.21739268e-01 3.31692457e-01 1.89679623e-01 8.73789966e-01
    8.96699786e-01 8.10271978e-01 2.34559149e-01 4.54615444e-01
    3.50009412e-01 7.37338662e-01 2.02609688e-01 9.10301805e-01
    6.32730305e-01 2.32327461e-01 5.80441773e-01 3.28523636e-01
    9.32117820e-01 2.03604460e-01 1.09256834e-01 8.24496686e-01
    7.94488192e-01 5.71695089e-01 1.77756250e-01 8.09406519e-01
    2.81660080e-01 4.38556671e-02 7.45409667e-01 8.76873136e-01
    5.74266613e-02 1.31509542e-01 3.60717356e-01 4.91970778e-02
    1.50423855e-01 1.98707581e-01 2.08483011e-01 1.88965768e-01
    8.27574015e-01 4.39544618e-02 7.57029951e-02 8.69463563e-01
    3.52762073e-01 6.99060678e-01 3.68201137e-02 5.43549240e-01
    8.44733834e-01 1.63288474e-01 6.51534021e-01 8.31375360e-01
    9.62155581e-01 2.75160074e-01 2.82357126e-01 7.17437506e-01
    5.11696935e-03 8.01163673e-01 4.80349869e-01 2.04203635e-01
    2.65850157e-01 2.88019240e-01 5.76773286e-01 9.80446517e-01
    2.94360816e-01 9.50496197e-01 7.64570594e-01 3.32863927e-02
    5.84243774e-01 1.78727150e-01 2.70180762e-01 1.87166750e-01
    8.54675770e-01 2.50128716e-01 1.07425213e-01 2.11932033e-01
    5.19552410e-01 4.04575914e-01 2.85143733e-01 4.42346334e-01
    4.46046472e-01 7.84307241e-01 7.47215509e-01 1.33819014e-01
    6.12508774e-01 5.01059234e-01 7.15040267e-02 5.57551980e-01
    3.92876834e-01 2.48222440e-01 1.51927143e-01 8.31400454e-02
    4.49175268e-01 5.36837161e-01 2.40673423e-02 8.77327681e-01
    1.67437971e-01 0. 0. 0. 0. 0. 0. 0. 0. 0. 0. 6.23364985e-01
    9.19436693e-01 6.60338044e-01 3.68997872e-01 1.35822773e-01
    4.99370933e-01 5.00079095e-01 5.24086356e-01 9.88764465e-02
    8.90074492e-01 5.03870904e-01 4.83259320e-01 1.93890184e-01
    2.97164738e-01 2.05613166e-01 6.30813360e-01 6.27154231e-01
    5.78013659e-02 1.24861866e-01 1.32621944e-01 1.14200443e-01
    2.01070070e-01 3.64258707e-01 8.94151688e-01 1.09011948e-01
    8.13448906e-01 7.24572837e-01 8.88001800e-01 3.49767983e-01
    6.28697395e-01 8.85500193e-01 9.40584064e-01 5.49768984e-01
    9.63566422e-01 5.08802593e-01 1.15545303e-01 2.16144890e-01
    8.21808100e-01 3.61959577e-01 2.34052390e-01 5.48678279e-01
    5.56659400e-02 3.49905491e-01 8.62523675e-01 8.07012141e-01
    9.52353179e-01 8.49327922e-01 8.96847844e-01 6.49579465e-01
    7.49562860e-01 1.17376089e-01 7.60620236e-01 5.69656551e-01
    9.85823750e-01 6.67989731e-01 8.69648457e-01 2.09029466e-01
    3.07881087e-01 1.48111165e-01 9.79187489e-01 9.00676250e-01
    2.25310624e-02 8.22476506e-01 7.87352324e-01 4.54600960e-01
    5.37694573e-01 1.63216829e-01 7.64909685e-01 9.28790331e-01
    6.19287074e-01 8.53485823e-01 5.76561689e-02 7.23064363e-01
    1.01723641e-01 4.64403242e-01 4.44711149e-01 3.76525044e-01
    3.86766911e-01 6.75657868e-01 9.71125484e-01 1.04801655e-02
    3.58324409e-01 6.05797887e-01 5.73223829e-02 1.99230224e-01
    3.01576614e-01 2.58154988e-01 5.94898880e-01 4.55590814e-01
    9.33065891e-01 8.24267387e-01 9.33242738e-01 9.75124478e-01
    7.22732782e-01 9.92279887e-01 8.79802287e-01 1.92920029e-01
    4.49286968e-01 8.05077553e-01 9.49066579e-01 9.19822752e-02
    4.48267162e-02 9.95826483e-01 6.10399842e-02 9.75739360e-01
    3.23858976e-01 9.33157325e-01 9.45166230e-01 5.74130416e-02
    8.93880606e-01 2.18211949e-01 7.88677096e-01 7.13728070e-02
    4.90528911e-01 5.10493755e-01 4.65341628e-01 9.17035460e-01
    7.09419727e-01 9.69972491e-01 2.20672339e-01 2.59331286e-01
    9.39886212e-01 4.74153519e-01 9.73734617e-01 6.61906123e-01
    8.08781207e-01 3.52644920e-02 5.28398514e-01 4.56399858e-01
    8.23432505e-01 2.73236930e-02 1.93299204e-01 1.84907347e-01
    8.20005655e-01 2.44019389e-01 2.44351268e-01 9.85529900e-01
    7.47561693e-01 8.99777055e-01 2.19423920e-01 4.39691722e-01
    7.99938798e-01 7.72908628e-02 7.07337022e-01 4.97683078e-01
    1.06980652e-01 6.92353129e-01 1.50323153e-01 1.29067540e-01
    2.26083100e-01 2.53628910e-01 9.11798835e-01 9.52493787e-01
    6.89666569e-01 4.59612370e-01 5.98920107e-01 7.43281007e-01
    7.89152622e-01 6.14242613e-01 4.78477180e-02 3.53303015e-01
    7.14788437e-02 1.95516139e-01 7.06066787e-01 5.65776527e-01
    7.82818437e-01 5.53875506e-01 6.81863904e-01 8.84049475e-01
    6.57335877e-01 9.15490687e-02 8.04307222e-01 4.60723937e-01
    2.66823798e-01 7.30453134e-02 2.94636846e-01 2.38490105e-03
    8.63770425e-01 6.23092711e-01 6.56995773e-01 7.92578340e-01
    6.88894391e-02 5.85165322e-01 1.59085274e-01 3.38580102e-01
    1.27913088e-01 3.69024038e-01 4.39900279e-01 6.48563802e-01
    2.98190653e-01 8.67457390e-02 6.56067550e-01 1.97200686e-01
    2.07640857e-01 8.99404407e-01 8.19015443e-01 5.05191565e-01
    5.36354005e-01 1.75563991e-01 1.52262747e-02 6.25491977e-01
    1.12973154e-02 8.04367959e-01 4.21153456e-01 5.72085202e-01
    8.12854111e-01 3.82227689e-01 2.25096703e-01 5.80374062e-01
    4.42737639e-02 7.09366798e-01 9.75214005e-01 9.57392812e-01
    8.67589593e-01 9.91472542e-01 6.04682088e-01 1.68544918e-01
    3.01030844e-01 9.27562118e-02 9.87520933e-01 5.08002162e-01
    7.50191450e-01 4.69664276e-01 9.58166242e-01 3.32344413e-01
    6.34002686e-01 6.30199075e-01 4.73394632e-01 4.39541638e-01
    7.59946227e-01 8.10355544e-01 1.80872500e-01 3.83578360e-01
    9.80064332e-01 1.91428185e-01 5.13692021e-01 9.80208337e-01
    2.88937509e-01 2.36892104e-02 1.95091158e-01 6.01044774e-01
    6.69681728e-02 6.78997040e-01 5.58459461e-01 3.76578093e-01
    1.37367815e-01 6.18490934e-01 5.49276769e-01 1.15120351e-01
    2.27664441e-01 8.00608993e-02 9.14034247e-03 6.94053769e-02
    8.50441217e-01 1.35008693e-02 3.71780455e-01 0. 0. 0. 0. 0. 0. 0. 0.
    0. 0. 9.72027004e-01 2.88011968e-01 2.66406626e-01 6.98193312e-02
    5.04427195e-01 3.38723660e-01 5.45477271e-01 8.40630174e-01
    9.33977365e-01 6.01068556e-01 3.35597992e-01 9.03659225e-01
    6.71838760e-01 2.15776354e-01 5.63561022e-02 2.88585961e-01
    9.02466059e-01 3.10296535e-01 6.45069659e-01 8.30587208e-01
    9.01695251e-01 2.17772424e-02 4.54973787e-01 9.86990094e-01
    1.98615491e-02 8.46516013e-01 4.12764847e-02 6.92141175e-01
    2.39287645e-01 8.96326602e-02 7.66772270e-01 3.22916389e-01
    2.27382421e-01 3.75273407e-01 1.12343520e-01 9.76834297e-02
    6.13497972e-01 4.78079915e-02 6.26698911e-01 4.91688609e-01
    4.84178782e-01 5.24305284e-01 8.70944738e-01 9.21266913e-01
    6.15581274e-01 1.36564046e-01 4.11427349e-01 6.39686704e-01
    8.35478008e-02 7.27172077e-01 3.13609511e-01 9.18885946e-01
    4.00562763e-01 8.27027977e-01 1.82311028e-01 5.86530983e-01
    9.37811494e-01 8.82565975e-01 3.86660993e-01 2.02678442e-02
    3.34827930e-01 3.77135813e-01 3.96783352e-01 3.16735208e-01
    9.43030179e-01 4.60437626e-01 8.78809094e-01 7.74398863e-01
    1.60978526e-01 8.98466706e-01 5.45958161e-01 9.39826369e-01
    5.46383858e-01 2.50131518e-01 7.18447804e-01 1.15631253e-01
    6.18552208e-01 3.43991458e-01 6.85616136e-02 8.99557769e-01
    8.00673008e-01 7.89742231e-01 7.65574574e-01 8.99511933e-01
    2.22444713e-01 5.15365183e-01 4.54339087e-02 9.08256769e-01
    6.04054630e-02 9.83874917e-01 3.27433437e-01 6.56782031e-01
    8.07778955e-01 1.92067355e-01 6.58274114e-01 9.67623115e-01
    8.81899834e-01 5.41854560e-01 4.56328452e-01 4.49997425e-01
    6.90063536e-01 9.64181185e-01 1.34966969e-01 6.62266135e-01
    6.79487705e-01 5.57502508e-02 8.66727829e-01 5.46693563e-01
    2.18507677e-01 3.98285329e-01 9.56132889e-01 5.57491839e-01
    4.50927764e-01 6.53412461e-01 4.83699441e-02 9.33611751e-01
    1.41061902e-01 3.92931700e-01 9.78031397e-01 2.32772708e-01
    3.71633828e-01 5.00401020e-01 2.90012777e-01 4.71796870e-01
    3.88978511e-01 4.80753541e-01 7.69031644e-01 2.70636946e-01
    6.21839166e-01 9.81282890e-02 1.38180226e-01 8.30309689e-02
    4.62114513e-02 1.93638355e-01 6.81804299e-01 1.72644258e-02
    6.00819409e-01 3.32601964e-02 7.53147125e-01 1.83795333e-01
    4.05373335e-01 2.99663961e-01 9.70780134e-01 9.30514395e-01
    4.60126579e-01 6.47972345e-01 7.89970517e-01 6.63174987e-02
    4.89580005e-01 1.20390564e-01 7.62273669e-01 1.63288236e-01
    4.60019886e-01 2.38184273e-01 6.86599553e-01 7.66204119e-01
    6.45094454e-01 2.45403975e-01 6.01650953e-01 4.62836921e-02
    3.09247345e-01 2.89168090e-01 8.01087916e-02 6.54642642e-01
    1.57755345e-01 8.11662078e-01 5.86975455e-01 1.50984138e-01
    8.37478042e-02 5.94464540e-02 6.46391392e-01 2.57073224e-01
    5.38889170e-02 9.14107680e-01 6.22713923e-01 9.64937031e-01
    7.69207358e-01 7.96054602e-01 5.46308041e-01 9.48556185e-01
    8.82554352e-02 5.97041965e-01 3.78965259e-01 1.80307180e-01
    2.82069445e-01 8.62915754e-01 2.47774601e-01 1.65917486e-01
    3.70598614e-01 6.69792295e-01 7.38120615e-01 1.45087719e-01
    3.30993712e-01 5.09353817e-01 7.83071220e-02 2.89914012e-02
    1.52192324e-01 4.10833061e-02 1.68422490e-01 1.41612679e-01
    7.94682741e-01 9.64290857e-01 3.45031023e-01 1.24307483e-01
    8.02092314e-01 1.14299953e-02 5.08336425e-01 1.27375901e-01
    8.12185347e-01 8.85166287e-01 7.34670520e-01 1.79124504e-01
    4.37952638e-01 4.50659782e-01 6.09061122e-01 4.74451900e-01
    4.66884196e-01 8.99277210e-01 9.24340546e-01 6.19139910e-01
    2.67575651e-01 3.03059787e-01 5.61803579e-02 5.81192970e-01
    3.59705806e-01 8.02669883e-01 4.95528638e-01 9.09597397e-01
    2.01097131e-02 8.85387540e-01 8.00331295e-01 9.83517170e-01
    1.21293664e-02 5.93076289e-01 9.53695834e-01 8.87842715e-01
    1.51222646e-02 4.56846684e-01 3.45582396e-01 7.99809575e-01
    5.67466319e-01 7.14104235e-01 2.86037058e-01 8.14783514e-01
    5.63456953e-01 4.85052586e-01 8.44762087e-01 8.91937137e-01
    4.16067243e-03 2.15940744e-01 8.20204854e-01 4.35463548e-01
    3.93770874e-01 9.89004970e-01 1.24594212e-01 5.89484692e-01 0. 0. 0.
    0. 0. 0. 0. 0. 0. 0. 3.68564188e-01 3.11016649e-01 3.54754984e-01
    7.72342324e-01 2.95716524e-01 2.53775537e-01 6.00344360e-01
    3.11055779e-03 5.96598029e-01 5.00675678e-01 7.45729327e-01
    4.35936809e-01 4.57063764e-01 9.56235051e-01 8.53313565e-01
    7.17203259e-01 3.48131567e-01 1.58188343e-02 5.09018779e-01
    6.55390203e-01 8.85751963e-01 1.19051576e-01 1.28849596e-01
    5.85937381e-01 2.03429669e-01 5.21250308e-01 9.47281480e-01
    2.02766597e-01 5.10669112e-01 7.03340888e-01 9.14545059e-01
    2.36551464e-02 9.62404668e-01 4.73980099e-01 3.47995400e-01
    1.88317209e-01 7.72556961e-01 3.66125792e-01 3.36779714e-01
    5.70091367e-01 2.48058438e-01 3.40870798e-01 3.18329811e-01
    8.22876096e-01 7.12387383e-01 8.54045510e-01 2.50753433e-01
    8.00222516e-01 9.41944540e-01 8.11503172e-01 9.87643778e-01
    5.79384327e-01 5.16580820e-01 6.60914123e-01 2.64707685e-01
    3.38083386e-01 1.48797810e-01 4.17685390e-01 4.97656703e-01
    6.83526397e-01 5.99283338e-01 2.58086562e-01 1.16278052e-01
    5.72229862e-01 6.35492980e-01 6.99506342e-01 8.34350109e-01
    4.41701084e-01 5.01445174e-01 8.61235261e-02 2.57007003e-01
    8.14478636e-01 4.87474650e-01 3.66571695e-01 5.43828487e-01
    8.92273843e-01 4.30790603e-01 9.03870761e-01 3.33812416e-01
    3.92492473e-01 5.00712395e-01 2.23209918e-01 5.78370035e-01
    3.10534120e-01 1.62384301e-01 3.03960115e-01 2.99733520e-01
    1.31597072e-01 8.38850141e-01 4.22650278e-01 4.31818515e-01
    3.39551568e-01 1.03059411e-01 2.85860866e-01 6.35073543e-01
    7.23502398e-01 4.96923119e-01 1.58002257e-01 7.57303119e-01
    4.08276021e-01 5.45424581e-01 8.45161378e-02 7.10569441e-01
    1.24675930e-01 2.40799248e-01 7.43399501e-01 8.02348495e-01
    7.50007033e-01 6.92275286e-01 7.34901786e-01 6.14013076e-02
    3.84674668e-02 5.65033317e-01 2.94203132e-01 3.58646572e-01
    9.45512176e-01 3.24975073e-01 2.46939212e-01 2.46015489e-01
    5.48986077e-01 3.37584019e-02 3.69558811e-01 7.68169284e-01
    9.27944064e-01 6.45284951e-01 5.69360256e-01 4.52985644e-01
    9.54500914e-01 5.77567101e-01 4.12717044e-01 2.24778354e-01
    4.25028801e-01 6.63931251e-01 1.44616574e-01 6.49281740e-02
    1.65732026e-01 8.01387668e-01 1.07952446e-01 2.70004094e-01
    1.27235055e-01 5.81383765e-01 4.36732382e-01 8.09301138e-01
    1.91172600e-01 2.54611552e-01 7.11053133e-01 6.32867932e-01
    7.60315061e-01 4.55245733e-01 1.90177143e-01 5.30787110e-02
    5.19661546e-01 5.86279035e-01 8.81684303e-01 3.49311918e-01
    8.90807986e-01 7.49284029e-02 6.96736276e-01 3.67437303e-01
    3.17329079e-01 5.33644676e-01 9.59575176e-01 4.61606413e-01
    6.04593694e-01 7.62059093e-01 3.42459381e-01 6.50544703e-01
    7.42416859e-01 4.56090778e-01 8.04208219e-01 5.73328137e-01
    3.08971524e-01 3.73000383e-01 3.84404421e-01 8.14448476e-01
    2.40802765e-02 2.11924046e-01 3.51849973e-01 3.57648075e-01
    8.16853046e-01 2.72023261e-01 7.41735339e-01 7.96159148e-01
    5.73845029e-01 6.50560498e-01 8.84939432e-01 6.45009518e-01
    8.57245386e-01 8.58692288e-01 8.24465156e-01 3.23550671e-01
    8.06846499e-01 5.75091839e-01 3.04427743e-03 4.48035240e-01
    3.99851382e-01 1.74881995e-01 6.36756182e-01 8.66804838e-01
    3.44825029e-01 5.50608575e-01 5.74696839e-01 8.74451697e-01
    8.78231883e-01 2.15965658e-01 4.08277094e-01 2.34439582e-01
    9.74219918e-01 7.01631069e-01 9.28053260e-01 7.12607503e-02
    5.24027824e-01 8.70749235e-01 1.05144739e-01 6.31453216e-01
    8.65188539e-02 6.22348249e-01 5.31905055e-01 2.59799659e-01
    7.22641945e-02 7.60525882e-01 6.25811458e-01 8.93974423e-01
    3.54210854e-01 6.49082482e-01 6.02302194e-01 4.08875823e-01
    4.45598960e-02 6.86177373e-01 6.16739392e-02 9.89907861e-01
    9.12918687e-01 3.96035254e-01 5.42042553e-01 1.74838543e-01
    8.82565081e-02 5.16291380e-01 1.75665528e-01 9.49946344e-02
    3.04391474e-01 6.36717260e-01 8.50771904e-01 4.92639601e-01
    1.79471463e-01 6.33558095e-01 6.55742884e-01 9.35026288e-01
    5.00093937e-01 4.49439257e-01 9.75900292e-01 3.85319054e-01
    7.14932084e-01 4.87789273e-01 9.19742882e-01 3.87402058e-01
    5.29531062e-01 0. 0. 0. 0. 0. 0. 0. 0. 0. 0. 6.89246297e-01
    3.40920389e-02 9.00332212e-01 1.69114292e-01 8.62446427e-01
    7.97560930e-01 5.89278400e-01 5.48227489e-01 3.39816511e-01
    2.43976891e-01 7.52505779e-01 7.95301557e-01 7.67484069e-01
    4.81094629e-01 2.07575679e-01 3.57437342e-01 4.23007399e-01
    5.82323015e-01 7.88103938e-01 6.71089470e-01 5.83489776e-01
    9.25500989e-01 3.29681426e-01 7.17311203e-01 4.63594079e-01
    6.80438817e-01 5.96050858e-01 9.91821408e-01 9.95856643e-01
    5.70965648e-01 4.21706140e-01 8.04350972e-02 6.00717902e-01
    5.77345788e-01 9.83617663e-01 7.88439810e-02 5.75307310e-01
    7.50430465e-01 7.88896441e-01 4.69586104e-01 9.58958030e-01
    7.87848592e-01 5.23780584e-02 8.95865083e-01 9.44125772e-01
    7.31434107e-01 6.25756979e-01 9.19553757e-01 7.49502897e-01
    6.84258640e-01 3.97967100e-01 7.46357560e-01 3.67230535e-01
    1.82225555e-01 1.35033756e-01 6.79133475e-01 1.81587517e-01
    8.27664256e-01 9.37508345e-02 3.42174560e-01 4.57414716e-01
    2.78160393e-01 3.95905912e-01 6.83627725e-01 7.00933635e-01
    6.94432676e-01 6.61555529e-01 4.39512730e-03 7.33354926e-01
    6.30742311e-02 5.34602106e-01 7.79611826e-01 8.16515088e-02
    7.36823976e-01 7.22081602e-01 9.19870615e-01 2.27336287e-02
    3.26567173e-01 5.80594540e-01 5.16194105e-03 3.04714918e-01
    6.31527901e-01 3.17088515e-01 5.17327845e-01 4.33146954e-03
    9.39411461e-01 9.88747716e-01 8.70213985e-01 7.60367572e-01
    3.06564987e-01 2.00371146e-01 3.15993667e-01 9.65403259e-01
    2.69439220e-01 9.44009423e-03 9.43616152e-01 1.21936977e-01
    9.78960991e-01 9.50815320e-01 6.18232012e-01 3.51112783e-01
    8.88905644e-01 7.30557680e-01 7.59171724e-01 4.69362617e-01
    1.98375285e-02 9.54106569e-01 9.12231445e-01 9.27628875e-01
    2.96506047e-01 1.77070081e-01 5.38807392e-01 7.97936320e-01
    9.68069077e-01 1.98670566e-01 5.72462201e-01 3.62069726e-01
    2.04176962e-01 9.53585386e-01 7.29000807e-01 1.09634846e-01
    9.82520580e-02 4.30473447e-01 2.34192908e-01 7.67784178e-01
    6.01706803e-01 4.67181891e-01 2.91337848e-01 2.48414457e-01
    9.84738827e-01 5.65375090e-02 7.72058368e-01 7.54256606e-01
    8.79626393e-01 1.93008244e-01 5.52124977e-02 2.90328264e-01
    5.22995293e-01 9.13202286e-01 1.35200381e-01 2.95111924e-01
    2.96548307e-01 8.72698307e-01 9.97584820e-01 7.29825437e-01
    5.83308518e-01 9.26243484e-01 7.50085711e-02 5.48466444e-01
    3.95242035e-01 3.94180119e-01 5.80404401e-01 2.39832461e-01
    3.63883317e-01 5.87501228e-02 7.87166059e-01 2.17689067e-01
    7.21374631e-01 6.62797809e-01 6.44844413e-01 4.74582314e-01
    4.73229408e-01 2.62117535e-01 7.52819300e-01 4.53938037e-01
    9.46798623e-02 1.54775381e-01 6.49378240e-01 3.86806160e-01
    9.26885128e-01 5.65232813e-01 7.34785676e-01 9.34839189e-01
    1.33442551e-01 4.65906858e-01 5.89296579e-01 5.93381941e-01
    6.52271271e-01 9.34168696e-01 7.72106171e-01 9.03060138e-02
    2.25163698e-02 9.11173999e-01 2.05983043e-01 1.93755925e-01
    5.45008779e-02 4.45138812e-02 3.13299000e-01 3.87776464e-01
    4.23460901e-01 5.13460636e-01 7.30858445e-01 9.65176344e-01
    3.41126859e-01 6.02199197e-01 7.32053459e-01 7.02478588e-01
    4.50135380e-01 7.99142003e-01 7.26121366e-02 4.03644621e-01
    7.24652946e-01 3.96152377e-01 2.36998796e-02 7.13200092e-01
    3.20191234e-01 4.90675837e-01 2.80383438e-01 1.64879084e-01
    6.60117924e-01 3.54617178e-01 1.92612499e-01 6.64445341e-01
    4.52841729e-01 1.15003079e-01 1.23460561e-01 6.02996230e-01
    6.49339318e-01 4.70524967e-01 5.78239739e-01 2.24670321e-01
    1.03030086e-01 1.73121899e-01 5.76276183e-01 5.35868406e-02
    2.11597472e-01 8.46284330e-02 5.56367338e-02 6.34040475e-01
    8.91181052e-01 7.95672238e-02 2.57440060e-01 3.58711243e-01
    7.70558953e-01 2.92076081e-01 1.93347245e-01 6.76798642e-01
    5.40257394e-01 5.55228353e-01 9.56386030e-02 8.55744421e-01
    4.42531317e-01 4.70995277e-01 6.19487405e-01 3.05681705e-01
    1.09259397e-01 9.94455457e-01 1.36045367e-01 2.72494376e-01
    2.73945034e-02 7.82126367e-01 6.63236797e-01 9.77882385e-01
    5.98265290e-01 7.87824273e-01 3.98362875e-02 0. 0. 0. 0. 0. 0. 0. 0.
    0. 0. 9.15434957e-02 5.51106930e-02 6.76998079e-01 4.40185398e-01
    6.69062972e-01 4.46580946e-02 5.64171255e-01 5.83256960e-01
    7.97953963e-01 7.84095883e-01 5.49804270e-02 6.91113591e-01
    3.01365435e-01 5.89207530e-01 9.65577841e-01 1.05107307e-01
    4.51268852e-02 4.30352658e-01 4.98225391e-02 9.14236903e-01
    1.82739347e-01 3.22443694e-01 9.98900890e-01 7.64789701e-01
    3.99215549e-01 4.58227783e-01 9.43100274e-01 5.07872701e-01
    7.53040731e-01 4.84802544e-01 5.99652469e-01 1.75052881e-03
    6.89918399e-01 7.31879175e-01 1.57353014e-01 1.89644605e-01
    6.00205898e-01 6.94687545e-01 3.20709944e-01 9.21831250e-01
    7.71225691e-01 7.94899702e-01 9.82720256e-01 8.02345455e-01
    8.11808228e-01 7.32431054e-01 2.44945377e-01 6.44015908e-01
    2.39222735e-01 7.63882279e-01 6.74970627e-01 5.98300099e-01
    2.42124885e-01 3.32808256e-01 8.62725139e-01 6.03702068e-01
    8.66951942e-01 9.76533651e-01 5.06112337e-01 3.55505168e-01
    5.90847075e-01 4.94206101e-01 5.38365006e-01 8.97552848e-01
    2.35559702e-01 7.46034622e-01 8.30500722e-02 3.54440033e-01
    2.36252964e-01 5.66972136e-01 3.07793349e-01 2.93249279e-01
    9.29853201e-01 8.96051824e-02 8.96859825e-01 9.57345724e-01
    7.58390188e-01 3.08953077e-01 5.23041427e-01 9.41568255e-01
    7.47790337e-02 6.11307621e-01 1.31820321e-01 9.70016599e-01
    4.37336445e-01 2.37202436e-01 7.49535561e-01 5.29731154e-01
    1.90387011e-01 3.52462232e-02 7.34981000e-01 5.80113888e-01
    7.48150945e-02 4.25864995e-01 7.76906729e-01 9.47639346e-01
    9.20151770e-01 3.42828870e-01 7.04286993e-02 9.67906713e-01
    2.31916934e-01 7.36907542e-01 6.46565616e-01 3.62510532e-01
    5.58359146e-01 4.56862152e-02 2.75085747e-01 5.48751354e-02
    1.97689027e-01 8.58465672e-01 8.86991620e-01 1.07419193e-02
    2.39603162e-01 4.58199382e-01 5.60957015e-01 4.55837309e-01
    6.87457085e-01 5.70070863e-01 1.70413405e-01 8.23885739e-01
    2.95230269e-01 7.35452592e-01 3.67909670e-01 5.64999878e-01
    4.93967682e-01 1.24386519e-01 5.43916941e-01 7.96357632e-01
    5.72775841e-01 4.76931244e-01 7.21028864e-01 1.33821636e-01
    7.83893704e-01 4.74349052e-01 4.86237347e-01 8.56506944e-01
    4.02686626e-01 9.13888335e-01 7.14107990e-01 6.75991058e-01
    8.86174917e-01 9.06490088e-02 6.13850772e-01 5.25268614e-01
    4.85992938e-01 9.96732712e-01 8.35828781e-01 1.03951156e-01
    3.66704941e-01 6.94824517e-01 6.36250436e-01 6.52840137e-01
    6.06735528e-01 8.39933395e-01 1.57547563e-01 1.12307012e-01
    4.10873741e-01 4.22674417e-02 5.54846764e-01 6.90669477e-01
    2.15270102e-01 8.61475348e-01 9.24111485e-01 3.11146438e-01
    3.89074653e-01 6.51880741e-01 1.86047733e-01 9.31444407e-01
    2.86749899e-01 8.33175659e-01 8.14574242e-01 2.10571527e-01
    5.90315878e-01 5.18509746e-01 6.60090506e-01 2.52828538e-01
    5.98162413e-03 6.27077937e-01 1.25861794e-01 7.79452443e-01
    8.58147621e-01 6.54329419e-01 4.17028576e-01 6.26753747e-01
    1.03210241e-01 5.54027438e-01 7.73550749e-01 4.93271858e-01
    9.97558594e-01 9.29843545e-01 1.17494732e-01 5.51532209e-01
    8.48465741e-01 2.65722781e-01 5.35037518e-02 3.23830903e-01
    3.87963414e-01 6.21355534e-01 8.06337595e-02 9.70825195e-01
    1.20786667e-01 6.28518105e-01 8.65711331e-01 1.75146103e-01
    6.18454337e-01 2.56973028e-01 1.65575475e-01 5.60321391e-01
    9.86596465e-01 3.99074763e-01 7.39539206e-01 9.12381411e-01
    4.49388266e-01 6.57970905e-02 5.02048671e-01 2.60489583e-02
    9.30945158e-01 2.58307934e-01 1.04641855e-01 6.89627469e-01
    1.17729545e-01 9.98613596e-01 2.90031195e-01 4.65524554e-01
    3.92246425e-01 6.36934578e-01 4.60742831e-01 6.84806645e-01
    4.79550540e-01 8.86463761e-01 9.73516524e-01 6.48528874e-01
    2.95846045e-01 8.75807226e-01 7.00531542e-01 5.98256350e-01
    2.24042177e-01 1.92414373e-01 2.84933954e-01 6.41520739e-01
    9.46722746e-01 1.54653519e-01 7.02175319e-01 8.03607762e-01
    8.93773317e-01 3.16107601e-01 2.09248751e-01 8.59851778e-01
    1.09193623e-02 6.97330773e-01 5.86191893e-01 7.24405408e-01
    2.40132183e-01 3.13218623e-01 4.69031930e-02 6.01278126e-01 0. 0. 0.
    0. 0. 0. 0. 0. 0. 0. 7.52955675e-01 5.74199975e-01 2.47652799e-01
    3.59438300e-01 5.33641338e-01 1.31192029e-01 8.59803319e-01
    1.75475717e-01 7.47056901e-01 8.17355752e-01 4.04834092e-01
    2.57872164e-01 3.21601152e-01 9.00345325e-01 2.54120111e-01
    5.59354186e-01 1.86005980e-01 7.56498814e-01 3.51544917e-01
    3.73640954e-01 4.65207070e-01 5.74521363e-01 2.67242968e-01
    5.85784495e-01 1.97939813e-01 5.62865615e-01 3.36785883e-01
    6.60532475e-01 4.01210457e-01 4.78690922e-01 1.73628330e-02
    4.41250533e-01 3.16408873e-02 3.67200971e-01 7.36319244e-01
    1.57663524e-01 4.26467806e-01 1.60149932e-01 7.84798503e-01
    4.70366716e-01 9.85968709e-01 1.11045748e-01 7.99604297e-01
    8.91356587e-01 4.95304704e-01 8.33921075e-01 8.93624067e-01
    3.11717033e-01 4.08638567e-01 7.77530313e-01 4.33320493e-01
    8.08682084e-01 7.76668489e-01 5.18011451e-01 2.56959021e-01
    7.91494489e-01 3.84343982e-01 5.72124958e-01 8.39491189e-01
    2.33589500e-01 1.41196668e-01 2.74388015e-01 2.90750861e-01
    6.16133690e-01 2.67402619e-01 6.24059021e-01 3.10964704e-01
    4.20440584e-01 1.60851687e-01 8.64506721e-01 5.89650333e-01
    6.99753284e-01 7.07451046e-01 4.35149491e-01 3.81319702e-01
    6.97368503e-01 1.24298036e-02 2.49297291e-01 9.95437741e-01
    2.28315324e-01 1.13061041e-01 7.75840104e-01 2.35291839e-01
    5.89129686e-01 2.87824869e-01 9.65275824e-01 2.54378617e-01
    3.28182876e-02 1.58503145e-01 4.18311477e-01 1.98886573e-01
    6.30959630e-01 2.78175890e-01 3.95060718e-01 9.74609256e-02
    4.88802254e-01 2.46239245e-01 5.06550848e-01 1.58602357e-01
    5.92873037e-01 8.22028518e-01 6.44992828e-01 4.55612838e-02
    5.60783625e-01 9.53209639e-01 4.73258346e-01 1.50441289e-01
    7.89445996e-01 4.77786213e-01 7.31438398e-04 6.90256059e-01
    3.81405830e-01 7.91820109e-01 7.49664545e-01 2.46090263e-01
    3.55425298e-01 1.21414125e-01 8.10827553e-01 1.95325702e-01
    9.92048323e-01 5.74486971e-01 5.76285958e-01 9.01269197e-01
    4.74926680e-01 4.12330598e-01 7.18550324e-01 5.17521620e-01
    2.05966890e-01 1.52422190e-02 8.87299180e-01 8.30672026e-01
    5.69972396e-01 8.43931675e-01 2.53051937e-01 8.42939615e-01
    5.64405978e-01 3.20447385e-02 9.22095656e-01 9.26829815e-01
    3.64130080e-01 9.60249305e-01 4.03225392e-01 9.03798699e-01
    4.21906114e-02 1.12305582e-01 6.87598169e-01 4.42367435e-01
    3.55652869e-02 7.56039023e-02 4.75701690e-03 4.68416810e-01
    5.34260094e-01 8.97904873e-01 8.28771591e-01 7.60483384e-01
    2.12080747e-01 8.96274090e-01 3.78920853e-01 8.21745515e-01
    7.18959808e-01 4.20240432e-01 8.27137947e-01 4.53843176e-01
    2.25243270e-01 6.91461563e-01 1.52153075e-02 8.12604427e-02
    2.76360095e-01 3.39126170e-01 6.75201833e-01 9.52237546e-01
    9.74866390e-01 7.34115720e-01 2.53583908e-01 6.41722798e-01
    2.68878073e-01 7.72025108e-01 5.79273641e-01 7.76278973e-01
    3.49845827e-01 3.15734953e-01 6.85827255e-01 9.54299212e-01
    1.20799512e-01 5.75682998e-01 2.39293575e-02 4.69241649e-01
    9.74946141e-01 4.14451838e-01 4.27880317e-01 9.03993845e-04
    5.49086869e-01 9.48305726e-01 5.63366055e-01 1.98654741e-01
    7.74674773e-01 2.98744708e-01 3.49836946e-02 4.14729983e-01
    8.72773051e-01 5.77864647e-01 8.30361485e-01 1.86801314e-01
    5.72964549e-02 6.91085398e-01 7.34223902e-01 9.88401711e-01
    5.66006005e-01 8.19580138e-01 8.07638645e-01 6.03633642e-01
    4.38562095e-01 8.65354955e-01 8.01776469e-01 8.80629003e-01
    3.81918162e-01 2.05684781e-01 5.89530468e-02 1.81574225e-01
    1.33491844e-01 8.39874089e-01 6.64136589e-01 7.86934316e-01
    1.77199870e-01 4.15792465e-01 6.62724137e-01 3.36389422e-01
    1.17098153e-01 4.74505931e-01 4.12770450e-01 7.38628983e-01
    7.79171169e-01 9.17681754e-01 1.27504498e-01 4.16181266e-01
    6.79826736e-01 7.99820900e-01 9.12854373e-02 6.04683101e-01
    1.15900934e-01 1.58959985e-01 7.50998139e-01 2.47754723e-01
    6.02931857e-01 1.87205374e-02 1.17311180e-01 7.42544651e-01
    6.23023570e-01 1.99220449e-01 5.47095954e-01 6.09254062e-01
    9.14497018e-01 3.03718746e-02 6.76441014e-01 1.77047312e-01
    2.29955763e-01 0. 0. 0. 0. 0. 0. 0. 0. 0. 0. 8.12484145e-01
    1.67769551e-01 1.38993651e-01 5.76926589e-01 9.19504762e-01
    7.17962801e-01 5.22606671e-01 2.74614692e-01 2.73349851e-01
    9.42995071e-01 6.22300804e-02 6.99449778e-01 2.67044544e-01
    1.56784385e-01 4.66378063e-01 2.47122645e-02 6.83424473e-01
    9.19869065e-01 5.14563918e-01 9.56866443e-01 4.26421136e-01
    6.97736561e-01 3.18323791e-01 6.74973011e-01 3.15366566e-01
    1.65143460e-01 9.76819754e-01 4.20242578e-01 2.32562393e-01
    5.50957382e-01 6.64746642e-01 8.68065834e-01 8.25098872e-01
    9.59488988e-01 1.91310316e-01 9.65136886e-02 1.93211734e-02
    7.71087766e-01 6.25378609e-01 8.29238534e-01 5.11503220e-02
    9.80888128e-01 5.61058939e-01 3.68525356e-01 9.08918500e-01
    8.63427162e-01 1.23886049e-01 6.67830408e-02 7.01021194e-01
    1.31458879e-01 2.46720046e-01 6.75464511e-01 6.30417347e-01
    7.57126570e-01 8.87773514e-01 7.50151932e-01 9.64624882e-02
    7.77057350e-01 4.13470775e-01 1.44101411e-01 1.98292375e-01
    2.64358699e-01 1.34114921e-01 7.56329894e-02 2.35041529e-01
    2.22298503e-03 9.77113187e-01 9.20011938e-01 7.93655276e-01
    8.14885318e-01 1.75629199e-01 3.17237675e-01 7.04659402e-01
    6.30362928e-01 3.56038451e-01 4.86541331e-01 9.21450734e-01
    2.21263468e-01 8.95096421e-01 9.36358929e-01 4.40434635e-01
    7.65928149e-01 5.12815416e-02 9.30979550e-01 3.91768575e-01
    9.66557860e-03 4.49000090e-01 7.83539295e-01 2.72581428e-01
    3.74517590e-01 6.44998312e-01 2.41180807e-01 3.50385904e-01
    3.47442925e-01 5.92071831e-01 3.66752386e-01 8.37089658e-01
    6.03719056e-01 4.97017384e-01 8.33421350e-02 6.51178718e-01
    1.11754000e-01 5.80397487e-01 5.14992416e-01 6.90727353e-01
    1.18523568e-01 8.04351091e-01 9.40791011e-01 6.44719362e-01
    4.47295696e-01 2.27538407e-01 9.61939454e-01 2.97292888e-01
    1.77946359e-01 7.01977015e-01 5.87559581e-01 7.85936356e-01
    5.14894605e-01 6.31525874e-01 4.98682171e-01 3.86572480e-01
    6.20855808e-01 2.80379802e-01 1.57598913e-01 6.69397056e-01
    4.49725270e-01 1.52043253e-01 6.13682747e-01 2.82240450e-01
    7.83614457e-01 6.76516116e-01 2.84748942e-01 6.66278720e-01
    2.59280920e-01 4.76241440e-01 1.26348555e-01 3.94976228e-01
    2.75023222e-01 2.03071922e-01 4.56134617e-01 3.32747519e-01
    5.50817430e-01 6.88933134e-01 1.40245110e-01 7.35611856e-01
    3.63845587e-01 2.30199277e-01 2.20989227e-01 4.18955654e-01
    3.68370116e-02 3.15184832e-01 4.45372701e-01 6.43610656e-01
    2.99858510e-01 2.33666360e-01 1.15821183e-01 4.42500472e-01
    9.22740340e-01 4.55127388e-01 7.27355599e-01 4.41968083e-01
    2.41976589e-01 4.78706062e-02 4.35342938e-01 1.61266297e-01
    8.24090481e-01 6.25050843e-01 6.00004792e-02 3.27019870e-01
    2.67299265e-01 9.67074037e-01 8.07410955e-01 3.86893243e-01
    1.35819197e-01 3.26647878e-01 5.24088502e-01 3.29668522e-01
    7.82812774e-01 9.81471121e-01 8.55815470e-01 3.25526863e-01
    2.70748973e-01 9.29360151e-01 1.23771966e-01 2.45764762e-01
    3.95401686e-01 7.03555465e-01 2.98438460e-01 7.41419137e-01
    7.30335116e-01 3.66042674e-01 8.60632896e-01 3.27539027e-01
    5.30859768e-01 3.33285809e-01 9.53037381e-01 7.69820750e-01
    4.64598686e-01 1.88754201e-02 8.70532036e-01 4.38316256e-01
    6.05204403e-02 7.63133287e-01 2.13463634e-01 2.19605833e-01
    7.06112981e-01 3.65193486e-01 8.67244899e-02 4.81489390e-01
    6.97253346e-02 2.71583438e-01 1.19212866e-01 7.04400063e-01
    8.97815347e-01 7.30377853e-01 2.30156839e-01 3.40915918e-01
    7.05643415e-01 9.10136461e-01 3.22916746e-01 7.89465904e-01
    3.89302671e-02 1.32920593e-01 5.33755064e-01 4.03170586e-02
    3.90886664e-01 3.41300964e-01 8.74779820e-01 7.49528885e-01
    1.71311080e-01 5.67977428e-01 3.51513088e-01 3.91732216e-01
    4.39884365e-02 2.11849511e-01 6.80579484e-01 1.81503326e-01
    9.06690657e-01 1.92175120e-01 6.66899443e-01 5.77549756e-01
    5.97590804e-01 8.90819252e-01 6.87732518e-01 2.50185132e-02
    3.03703547e-01 7.46630490e-01 2.93466747e-02 6.48342133e-01
    1.19769633e-01 5.23779333e-01 4.40037787e-01 6.90178871e-01
    5.84272325e-01 7.79228091e-01 6.53365612e-01 0. 0. 0. 0. 0. 0. 0. 0.
    0. 0. 8.99303317e-01 1.60470158e-01 2.89016366e-01 1.42588139e-01
    8.78718853e-01 8.06906819e-01 2.54557729e-02 5.18193483e-01
    5.03417909e-01 6.24385834e-01 9.46550488e-01 1.32593811e-02
    8.06262970e-01 1.59677029e-01 8.67938161e-01 3.01936507e-01
    8.82161438e-01 7.58325696e-01 2.69577920e-01 7.69059062e-02
    4.60322052e-01 6.91289544e-01 5.36783040e-01 8.91121507e-01
    5.94939709e-01 3.13394129e-01 9.48313713e-01 7.21180975e-01
    5.68983495e-01 7.20423579e-01 9.74828005e-02 7.95798182e-01
    2.99341857e-01 3.80989522e-01 4.10869658e-01 1.00946635e-01
    5.34737766e-01 1.50589496e-01 1.85701311e-01 3.08238864e-02
    9.26241994e-01 4.56348062e-02 6.16967201e-01 6.57351732e-01
    8.44886243e-01 2.13839442e-01 4.17911977e-01 8.31007540e-01
    3.69014472e-01 3.50155413e-01 9.79662120e-01 4.12889719e-01
    7.15639889e-01 4.30489719e-01 7.08466768e-03 6.42416537e-01
    9.92889643e-01 9.48796868e-01 4.08728689e-01 3.50067377e-01
    3.66204262e-01 3.22313517e-01 2.56149888e-01 8.20552528e-01
    6.33759379e-01 3.16246331e-01 8.34376216e-01 3.64977419e-02
    6.24438703e-01 8.14543605e-01 7.04245448e-01 4.05938476e-01
    5.02458513e-01 7.97456682e-01 9.70465720e-01 3.89887929e-01
    7.06911981e-01 8.84198666e-01 3.42668205e-01 7.36841381e-01
    9.72348332e-01 5.13344526e-01 8.68752241e-01 9.97432470e-02
    4.13199753e-01 6.88082695e-01 2.71989465e-01 4.97393847e-01
    3.33132297e-01 1.85047418e-01 5.54729581e-01 8.22443485e-01
    3.80991101e-02 2.24801481e-01 9.19834852e-01 8.51726890e-01
    3.14571440e-01 2.23059177e-01 8.11898053e-01 9.44638610e-01
    4.98048425e-01 6.06441379e-01 6.07239366e-01 8.28665853e-01
    2.24738747e-01 4.16012645e-01 3.90515536e-01 4.47539508e-01
    5.35265923e-01 3.32594991e-01 7.62178183e-01 3.43852848e-01
    7.37603605e-01 2.84571022e-01 1.69782579e-01 2.00901151e-01
    1.00695550e-01 4.76904482e-01 1.17561817e-01 5.17817974e-01
    5.03090262e-01 5.69805503e-01 5.64807653e-01 5.56742132e-01
    7.57421911e-01 6.36659265e-02 2.90177077e-01 2.62863338e-02
    5.99619985e-01 1.26552552e-01 3.67909998e-01 8.49838197e-01
    5.28456926e-01 5.04828691e-01 4.55364883e-02 4.49477375e-01
    3.95294935e-01 6.52584255e-01 2.79151142e-01 3.65093291e-01
    5.38256824e-01 4.60184723e-01 8.68139148e-01 9.42584634e-01
    6.02263391e-01 2.88673878e-01 8.62482011e-01 6.10530019e-01
    9.15161669e-01 1.33816838e-01 2.83545911e-01 2.08831728e-01
    9.60690379e-02 2.05424488e-01 3.10511887e-01 3.23616862e-01
    3.66623938e-01 9.87394392e-01 7.75122523e-01 9.26033616e-01
    5.32772958e-01 1.44183904e-01 9.66968656e-01 2.23268151e-01
    3.20749283e-02 6.24336898e-02 1.50822371e-01 6.67396486e-01
    1.10985637e-02 1.47681743e-01 8.80643606e-01 1.94861412e-01
    5.54849207e-01 4.73635107e-01 5.11741936e-01 3.06300461e-01
    9.96918559e-01 6.91858888e-01 2.71282911e-01 8.76311481e-01
    3.84443194e-01 4.30781841e-01 2.86701590e-01 4.81484979e-01
    3.64838183e-01 5.00683546e-01 7.82219887e-01 8.85594726e-01
    3.66306812e-01 8.16352963e-01 6.27816558e-01 5.35261452e-01
    7.23725080e-01 9.65758979e-01 7.64269948e-01 6.17169321e-01
    1.05799496e-01 5.38085282e-01 7.84015059e-01 4.10033762e-01
    8.05173278e-01 1.10335827e-01 3.72584760e-01 2.76957870e-01
    3.39030027e-01 3.19921732e-01 1.88305914e-01 8.84757876e-01
    9.96701121e-01 7.79238582e-01 9.97175932e-01 9.78279650e-01
    2.40809828e-01 3.37334961e-01 7.69034624e-01 2.63536990e-01
    2.03506470e-01 6.69567585e-01 8.61768007e-01 8.00204039e-01
    2.96398669e-01 9.03644800e-01 5.29724419e-01 4.51316565e-01
    6.01598382e-01 7.69535661e-01 4.93467033e-01 3.83786142e-01
    3.74206930e-01 5.37911952e-01 1.88078195e-01 8.18545580e-01
    4.31986213e-01 4.50210959e-01 7.72483110e-01 9.32390928e-01
    1.29791796e-01 1.49222523e-01 1.60826504e-01 3.21514398e-01
    4.16542381e-01 1.35398567e-01 6.75377846e-01 2.66590834e-01
    5.79089880e-01 5.57314336e-01 2.62803674e-01 1.91303790e-02
    3.50848854e-01 2.46934891e-01 6.85142636e-01 9.91796613e-01
    7.77760148e-01 7.59561419e-01 5.95869422e-02 9.07312572e-01 0. 0. 0.
    0. 0. 0. 0. 0. 0. 0. 7.34913826e-01 3.91927063e-02 4.97333884e-01
    8.03474069e-01 3.80432844e-01 6.34748399e-01 3.11816812e-01
    5.57467401e-01 4.86444861e-01 4.74855304e-03 2.52669275e-01
    2.53872544e-01 2.03240186e-01 4.25779581e-01 1.42088383e-01
    5.13927639e-01 7.76695132e-01 8.52372885e-01 6.90110385e-01
    6.07813597e-01 5.51363826e-01 5.35075605e-01 9.20130968e-01
    1.24823749e-02 8.21943402e-01 5.01618505e-01 9.77520049e-02
    7.40034819e-01 3.36349487e-01 8.08876514e-01 4.29931402e-01
    2.66972303e-01 1.01036757e-01 5.02697349e-01 4.65604961e-02
    6.35175705e-01 2.81712413e-03 3.68966043e-01 1.25079691e-01
    9.74937439e-01 1.98997557e-02 7.91206241e-01 9.21883047e-01
    9.73566234e-01 3.05277109e-03 5.69169819e-02 4.50358093e-02
    1.42862499e-02 9.14003670e-01 4.81358320e-01 1.16086453e-01
    9.84375596e-01 8.27829242e-02 5.79178333e-01 8.82068872e-01
    5.89511275e-01 9.02315795e-01 2.41914481e-01 1.27845079e-01
    3.12322974e-02 6.71345472e-01 9.83764231e-01 6.34929121e-01
    9.97860789e-01 7.52825439e-01 3.07986736e-01 4.93340760e-01
    9.29515839e-01 5.38036585e-01 7.70715177e-01 4.99820679e-01
    5.08530080e-01 2.51208574e-01 1.76024050e-01 9.98110533e-01
    4.71741259e-02 9.06552911e-01 6.02571130e-01 4.88763124e-01
    9.70745683e-01 9.08703923e-01 5.52721441e-01 5.87069631e-01
    2.07915485e-01 3.58275324e-01 1.68445468e-01 2.96593487e-01
    7.37927794e-01 2.67263055e-02 1.55164093e-01 7.63896227e-01
    9.87929285e-01 7.13088810e-01 4.64613050e-01 4.25346613e-01
    3.39497864e-01 1.87741399e-01 8.97004485e-01 8.06730568e-01
    9.65483248e-01 4.84753877e-01 9.39702511e-01 7.55272865e-01
    8.35919380e-03 4.64740843e-01 6.81936741e-04 7.38853395e-01
    6.74828529e-01 7.71653593e-01 7.78070986e-02 5.18963218e-01
    3.97262037e-01 6.05689585e-01 9.21640873e-01 5.65381765e-01
    7.69727111e-01 4.97628152e-01 8.77038240e-01 5.00540376e-01
    8.92502606e-01 2.77806818e-02 6.17270470e-01 2.94792056e-02
    7.18739331e-02 4.63459700e-01 9.50282156e-01 6.29704714e-01
    1.70782745e-01 3.15964818e-01 5.83103299e-01 9.86727476e-01
    4.41563666e-01 3.82210016e-02 6.92136288e-01 8.41314495e-02
    8.15961361e-02 7.35230982e-01 5.96431434e-01 4.26622331e-01
    7.14820683e-01 6.63979471e-01 4.34554636e-01 8.45922470e-01
    5.48224807e-01 1.09347492e-01 5.22236466e-01 3.89365137e-01
    8.31926107e-01 2.99925506e-01 3.90482485e-01 8.85932326e-01
    2.37928271e-01 7.27800727e-01 3.14950883e-01 4.78567272e-01
    9.44102407e-01 2.53676474e-02 9.90583181e-01 6.69276774e-01
    8.59868765e-01 8.40063691e-01 9.43355501e-01 9.71196711e-01
    6.74148858e-01 3.44216526e-01 8.67515087e-01 4.66698110e-01
    1.97835267e-01 8.77733231e-01 5.81216812e-01 4.74250466e-01
    3.55404198e-01 2.62889862e-02 7.73476899e-01 2.29912370e-01
    7.70375490e-01 2.51739144e-01 7.57423639e-01 9.78726029e-01
    5.36560357e-01 5.37652135e-01 5.81893504e-01 6.57222927e-01
    9.18907404e-01 2.43080556e-02 3.21614802e-01 5.27473211e-01
    2.16076225e-01 9.52061355e-01 3.05200815e-01 2.54367292e-02
    2.83283859e-01 2.59787142e-02 6.12856805e-01 3.09289098e-01
    4.65555817e-01 2.49443084e-01 4.49706018e-02 8.96522164e-01
    2.04985857e-01 6.26664877e-01 8.19777250e-02 8.81234646e-01
    7.16437936e-01 7.06153750e-01 5.11604965e-01 4.11095262e-01
    8.66645455e-01 6.71599507e-01 2.64602184e-01 1.77835613e-01
    4.39888000e-01 9.72017407e-01 8.20764720e-01 6.19263291e-01
    4.51983809e-02 8.31772983e-02 5.82639277e-01 7.95605600e-01
    7.91114867e-01 5.49927115e-01 9.30585384e-01 6.79927766e-02
    8.72349024e-01 8.06841969e-01 7.79818892e-02 7.15882659e-01
    8.10727119e-01 9.49096918e-01 4.58601117e-03 5.72748721e-01
    8.67848158e-01 5.13501048e-01 4.03352499e-01 4.88837391e-01
    3.55916828e-01 8.38822961e-01 6.86106086e-03 2.69484937e-01
    6.00593626e-01 8.05140615e-01 8.19583058e-01 5.50507009e-02
    2.90391147e-01 9.59392905e-01 3.20274413e-01 7.97789693e-02
    4.42931175e-01 2.32021272e-01 4.49011266e-01 7.28588343e-01
    3.72332424e-01 4.28884149e-01 1.51847333e-01 7.86746740e-02
    9.31343555e-01 0. 0. 0. 0. 0. 0. 0. 0. 0. 0. 1.78467005e-01
    7.84148455e-01 5.31659365e-01 5.81056952e-01 9.99568462e-01
    9.70049202e-02 6.50743306e-01 6.78227961e-01 1.56546712e-01
    6.60770476e-01 2.15887249e-01 8.66744399e-01 4.62944210e-02
    9.51506674e-01 5.05454063e-01 6.91141427e-01 6.43597484e-01
    3.30291152e-01 8.35088968e-01 5.17294168e-01 2.41771221e-01
    7.56410122e-01 3.59768987e-01 2.21865535e-01 6.82067990e-01
    6.93272948e-01 5.97754776e-01 1.66303396e-01 7.06534863e-01
    7.36985385e-01 6.61929011e-01 7.80639529e-01 4.58878279e-02
    1.05281293e-01 3.65757912e-01 4.71859872e-01 9.06330466e-01
    8.94768238e-01 7.17499852e-02 7.42396712e-02 4.02470648e-01
    2.31928378e-01 6.08284593e-01 2.56872505e-01 9.65618014e-01
    7.29149103e-01 7.99065471e-01 5.65139174e-01 1.41581506e-01
    8.63685131e-01 3.47858220e-01 4.90076065e-01 2.68768728e-01
    3.03479671e-01 1.27489030e-01 5.07860243e-01 2.76595294e-01
    9.54085648e-01 4.63182449e-01 8.27679932e-01 4.25023139e-01
    1.21783286e-01 7.83737063e-01 5.42173326e-01 2.20722347e-01
    4.95541006e-01 7.53586173e-01 9.38489199e-01 5.25674939e-01
    2.53470540e-02 6.62581921e-02 7.73510754e-01 3.92816663e-01
    7.71637559e-01 4.38858271e-01 5.61716199e-01 3.92847657e-01
    6.56621158e-01 1.87725335e-01 5.66502213e-01 5.32851398e-01
    2.17712998e-01 3.11446518e-01 7.53791213e-01 5.23724496e-01
    3.21527421e-01 8.41188788e-01 5.13482392e-01 8.17916155e-01
    9.74521041e-01 8.91175270e-01 1.49125159e-01 7.08318233e-01
    7.27804244e-01 7.96325207e-02 5.01665175e-01 8.54257703e-01
    8.28262568e-01 3.82390857e-01 9.08555090e-01 4.99267966e-01
    1.77385479e-01 7.84357965e-01 4.40111041e-01 6.74664617e-01
    4.18222725e-01 7.74028063e-01 7.62196660e-01 2.52237737e-01
    2.68530190e-01 2.78232485e-01 8.71309042e-01 2.82454431e-01
    9.35267627e-01 1.76477998e-01 2.85360217e-02 6.34961545e-01
    9.80640650e-01 3.18308383e-01 4.90520000e-01 6.13213480e-01
    7.92609453e-01 5.84395885e-01 2.82779336e-01 7.15774894e-01
    7.96457052e-01 3.84458661e-01 1.51256800e-01 4.36485976e-01
    9.67652798e-02 3.95810604e-03 2.90478617e-01 6.93426609e-01
    3.14904153e-02 4.41487193e-01 2.83325642e-01 6.05499327e-01
    4.26487863e-01 4.90203857e-01 2.98909605e-01 3.94872725e-01
    8.41064095e-01 7.14145064e-01 2.22652614e-01 6.77570105e-01
    8.68181765e-01 3.39680433e-01 3.11776102e-02 4.56279278e-01
    1.03979379e-01 9.98674035e-01 9.28180993e-01 3.46452296e-02
    6.68529749e-01 6.70891166e-01 5.38824797e-02 6.97192430e-01
    1.18424296e-01 2.88694799e-02 4.11640584e-01 8.87110174e-01
    5.75193942e-01 7.74610281e-01 4.89441007e-01 6.04432762e-01
    1.33175254e-01 5.96892834e-03 5.88157892e-01 3.90630245e-01
    8.88634622e-01 7.55012035e-01 8.02231550e-01 5.37033021e-01
    5.13829648e-01 7.34389722e-01 8.64173532e-01 5.77989221e-03
    5.33344626e-01 6.37352228e-01 5.04332662e-01 1.91600680e-01
    2.57745385e-01 4.61733311e-01 1.06608659e-01 2.32431352e-01
    2.21081644e-01 5.13649106e-01 5.22076428e-01 7.48773992e-01
    5.50334156e-01 5.11963308e-01 3.47579062e-01 6.74178720e-01
    3.37333411e-01 9.33915377e-01 5.10328472e-01 9.87908959e-01
    4.88148212e-01 8.11983943e-02 5.23959577e-01 8.89510632e-01
    2.95213699e-01 2.54751444e-02 4.92942035e-01 4.83167291e-01
    5.78396559e-01 2.00421512e-02 6.03162825e-01 8.12905729e-01
    6.88186586e-01 3.23224366e-01 7.05729961e-01 5.68141162e-01
    3.08460653e-01 6.00047350e-01 9.72055078e-01 8.60763788e-01
    4.10771698e-01 6.87995672e-01 5.20782888e-01 5.76561928e-01
    8.66508484e-01 1.38003230e-01 2.00466305e-01 3.94634962e-01
    7.70033598e-02 1.13551587e-01 5.99678576e-01 3.21516991e-02
    6.77088141e-01 2.17918307e-01 2.37934291e-02 6.09931886e-01
    5.63725293e-01 5.47716677e-01 4.61608350e-01 2.51700968e-01
    2.92988598e-01 3.68816257e-01 1.45569056e-01 6.27240539e-01
    2.11426675e-01 6.89820051e-02 3.09194863e-01 2.04825759e-01
    3.54913533e-01 6.01405144e-01 8.46564174e-01 2.72338659e-01
    3.64565820e-01 7.76129484e-01 1.18769854e-01 5.95875263e-01
    6.12593830e-01 3.09021384e-01 4.09496546e-01 0. 0. 0. 0. 0. 0. 0. 0.
    0. 0. 1.66864097e-01 7.43894339e-01 2.85180092e-01 1.45532787e-01
    6.15476370e-02 2.75904715e-01 6.18736684e-01 2.87684411e-01
    6.63629591e-01 1.26295596e-01 7.92324662e-01 7.23919809e-01
    1.70744896e-01 4.22439158e-01 7.99441457e-01 9.21588421e-01
    1.16422474e-02 2.24367172e-01 3.57199669e-01 3.88368607e-01
    4.20035332e-01 7.40131676e-01 2.78820485e-01 9.82570946e-01
    2.05036700e-02 1.70067877e-01 5.90525746e-01 4.16781843e-01
    4.50707346e-01 8.73130798e-01 3.99195254e-02 4.39794540e-01
    7.74719715e-01 9.90474701e-01 6.02816164e-01 7.91474581e-02
    1.29652917e-01 7.33353734e-01 8.37427557e-01 5.07969320e-01
    9.61659670e-01 9.44119930e-01 1.69895142e-01 1.40295595e-01
    2.87476689e-01 5.70250750e-01 5.50012589e-02 6.90572679e-01
    3.17268312e-01 5.67149043e-01 4.60259497e-01 8.20750117e-01
    7.92229056e-01 6.62937701e-01 5.97475111e-01 8.62249374e-01
    5.98645389e-01 2.86497325e-01 1.62611693e-01 6.80281937e-01
    3.18711996e-02 4.10873592e-02 6.14334106e-01 7.59452462e-01
    1.88383371e-01 5.90442955e-01 7.83789873e-01 8.54490638e-01
    6.43857002e-01 1.37425065e-01 8.82606983e-01 6.86844945e-01
    5.04873335e-01 2.93189824e-01 2.86425292e-01 3.31640989e-01
    1.46476507e-01 7.38190889e-01 4.77033049e-01 1.36083364e-03
    9.41055179e-01 6.11978054e-01 3.65633309e-01 4.28705812e-02
    3.27121258e-01 4.59689647e-01 8.13618302e-01 5.41290522e-01
    6.37430608e-01 1.74469680e-01 2.88367867e-02 1.69472307e-01
    1.36776119e-01 5.93236089e-01 4.16286230e-01 2.54648447e-01
    5.88496566e-01 9.72763896e-01 4.58000869e-01 9.27739382e-01
    7.32605696e-01 7.77347565e-01 5.88647246e-01 8.82569790e-01
    9.51346874e-01 4.55871910e-01 4.36378419e-02 4.37676817e-01
    7.40610361e-01 6.56657934e-01 7.49459326e-01 3.37909698e-01
    7.01650798e-01 9.35145378e-01 6.20724022e-01 6.02025986e-01
    1.32044703e-01 3.42456341e-01 6.52014494e-01 9.21138287e-01
    6.53815210e-01 2.37319022e-01 2.45157599e-01 3.67702961e-01
    5.74555159e-01 8.10308814e-01 2.44866997e-01 2.70418763e-01
    3.92175496e-01 1.92171514e-01 4.92696226e-01 3.09287816e-01
    2.69125283e-01 2.71929801e-02 9.89194393e-01 3.84486794e-01
    7.84410238e-01 1.86175883e-01 2.89506614e-01 5.01371920e-02
    4.28694904e-01 7.81818569e-01 8.12680066e-01 2.15715021e-01
    1.95442647e-01 3.97597820e-01 3.56907576e-01 1.37266040e-01
    1.16764277e-01 4.14378613e-01 1.38437033e-01 2.54931033e-01
    6.07214451e-01 9.00079370e-01 8.75149608e-01 6.63343072e-03
    5.20316780e-01 8.26694608e-01 4.45198476e-01 2.36896962e-01
    5.49208820e-02 2.58033842e-01 7.94455230e-01 1.85684949e-01
    2.93284237e-01 3.04968208e-01 9.56814766e-01 7.91576505e-03
    7.55115509e-01 7.01559663e-01 5.40412068e-01 6.59884870e-01
    2.78528869e-01 7.99617350e-01 6.43316746e-01 3.39893967e-01
    1.60073519e-01 6.94571018e-01 7.03730345e-01 5.15760720e-01
    8.32015514e-01 9.53077376e-01 6.99875593e-01 3.27627659e-01
    7.78206229e-01 3.73436749e-01 8.26596141e-01 2.56690979e-01
    3.38249505e-02 5.08780599e-01 8.76005769e-01 1.34069830e-01
    2.95703024e-01 1.56627089e-01 6.10421121e-01 4.28442776e-01
    7.44149089e-01 5.31921148e-01 2.64207006e-01 8.15137744e-01
    5.15515089e-01 4.06566232e-01 5.78803957e-01 8.99074078e-01
    4.38076526e-01 9.79429722e-01 2.97697008e-01 3.81872296e-01
    8.05556178e-01 5.12961745e-01 6.80102348e-01 3.37180793e-01
    7.96397567e-01 9.36520338e-01 3.15886259e-01 6.78143203e-01
    4.98644948e-01 2.88337052e-01 8.20218444e-01 7.75899529e-01
    3.89509469e-01 7.44181454e-01 7.63302386e-01 2.44201273e-01
    1.49595678e-01 7.96338320e-01 8.61822069e-02 7.04403281e-01
    9.59901035e-01 3.72388840e-01 1.62038714e-01 6.27881050e-01
    1.11495167e-01 3.61519098e-01 5.33905864e-01 6.42659605e-01
    5.71255565e-01 4.33767289e-01 7.16045856e-01 2.52220958e-01
    2.50433892e-01 2.91591793e-01 7.77491808e-01 3.01769704e-01
    7.81775653e-01 6.56285226e-01 6.09712124e-01 7.58564472e-02
    5.11676908e-01 8.11161041e-01 5.60162425e-01 7.61655569e-01
    1.95449442e-01 4.26517010e-01 2.61580408e-01 9.61127043e-01 0. 0. 0.
    0. 0. 0. 0. 0. 0. 0. 6.82587802e-01 9.52750683e-01 5.22333980e-01
    3.78465086e-01 2.99837410e-01 9.57659483e-01 7.22067475e-01
    8.72929454e-01 4.96470958e-01 5.47003984e-01 3.26229215e-01
    7.45539069e-01 8.55830312e-01 8.39888811e-01 1.59633726e-01
    8.02222610e-01 5.22122025e-01 8.10469210e-01 3.75850946e-01
    6.96014166e-01 7.58281350e-02 2.56887347e-01 7.38861084e-01
    4.46770489e-02 7.65246928e-01 7.32456028e-01 6.71058416e-01
    9.53970075e-01 1.33347064e-01 7.60737002e-01 6.72219694e-01
    6.82825446e-02 1.42706484e-01 1.34251505e-01 1.31797314e-01
    1.75488114e-01 5.74548423e-01 3.98284316e-01 7.28045940e-01
    9.70542550e-01 3.64917189e-01 3.27395558e-01 7.32559264e-01
    4.62996960e-01 6.13301039e-01 4.40388769e-01 1.91841394e-01
    6.62533402e-01 3.58033746e-01 8.84003878e-01 4.96879190e-01
    3.13307881e-01 2.24107504e-02 5.53119481e-01 5.05457222e-01
    4.30553019e-01 5.15475154e-01 6.86729848e-01 2.37652689e-01
    7.04122424e-01 3.06678265e-01 9.59994197e-01 2.92091131e-01
    9.90151644e-01 5.70796013e-01 4.32951421e-01 7.10802913e-01
    4.84629512e-01 2.15718895e-01 6.99104071e-01 1.54999733e-01
    7.36066699e-01 9.43166375e-01 7.08323002e-01 8.53958607e-01
    8.45762968e-01 8.82185221e-01 1.39295071e-01 1.36144310e-01
    2.24544317e-01 4.20456499e-01 7.04385281e-01 8.75421107e-01
    1.11060441e-01 1.19369179e-01 5.88598371e-01 4.47367728e-01
    7.97394872e-01 3.57998073e-01 2.45832503e-01 4.49537903e-01
    9.70467329e-01 7.39174843e-01 1.89087480e-01 6.49375796e-01
    5.73107004e-01 3.92321646e-01 1.58160836e-01 8.61787915e-01
    6.73903406e-01 6.31153107e-01 3.41393411e-01 5.08888364e-02
    8.71821284e-01 8.26324940e-01 3.23758483e-01 8.11487198e-01
    9.39866662e-01 9.10280406e-01 2.14548022e-01 2.50758111e-01
    2.22068667e-01 6.85292482e-01 5.63024700e-01 3.65542561e-01
    4.69744921e-01 8.97512734e-01 9.56170142e-01 3.36283147e-02
    3.07343602e-01 5.92579901e-01 9.73832369e-01 2.79162228e-02
    5.13226688e-02 6.39452100e-01 7.05623746e-01 7.91485548e-01
    8.95331264e-01 3.57043386e-01 2.40080595e-01 2.59871125e-01
    5.15549660e-01 5.57036996e-02 1.15628362e-01 6.63541317e-01
    8.89762342e-01 3.42892706e-01 9.51329708e-01 5.30791342e-01
    4.90752161e-02 7.53215671e-01 3.01557779e-01 3.38211834e-01
    1.67578191e-01 7.71183074e-02 3.48188281e-02 9.32805777e-01
    9.89296377e-01 9.13436651e-01 6.83579326e-01 1.21951520e-01
    6.57218158e-01 3.29382241e-01 5.44795096e-01 5.06281853e-02
    3.54447573e-01 9.81083035e-01 5.85979939e-01 8.48748088e-01
    2.63749838e-01 5.07087290e-01 1.95651203e-01 9.90025401e-01
    4.42966700e-01 9.59807873e-01 3.52566063e-01 1.73676521e-01
    2.35371858e-01 6.26847863e-01 8.36066246e-01 6.56358898e-01
    4.27548170e-01 4.27196503e-01 9.09384012e-01 1.69349223e-01
    4.75091070e-01 2.33678341e-01 5.40205717e-01 6.96954966e-01
    5.56462049e-01 5.37906289e-01 5.71132839e-01 5.12225211e-01
    5.85563719e-01 7.32671201e-01 7.46424198e-01 9.37442303e-01
    3.44177455e-01 3.04273963e-02 9.51118529e-01 9.03495491e-01
    8.24664593e-01 6.08948112e-01 9.23205137e-01 8.34404767e-01
    8.96747708e-01 2.69095719e-01 5.74823678e-01 6.56245828e-01
    3.19521129e-01 3.72552931e-01 3.17986488e-01 2.84264505e-01
    4.22047853e-01 6.86416268e-01 3.45245868e-01 1.45053864e-02
    1.60719275e-01 9.92472887e-01 2.03491032e-01 3.67874265e-01
    6.06426001e-02 9.47887421e-01 5.13181388e-01 1.52910948e-01
    9.42249835e-01 4.44710046e-01 8.66200686e-01 4.69916761e-02
    7.68320084e-01 3.00643265e-01 9.25903916e-01 5.31193018e-01
    9.37782168e-01 7.03764677e-01 6.17000937e-01 8.96875620e-01
    8.75446081e-01 4.39214438e-01 3.75934750e-01 5.29150009e-01
    5.90167046e-01 7.70487666e-01 3.78979772e-01 1.69974566e-03
    7.26473153e-01 3.35885584e-01 1.42519265e-01 4.83519614e-01
    8.61823320e-01 4.30152833e-01 7.75753081e-01 1.29043311e-01
    9.09945011e-01 9.74772990e-01 6.98793292e-01 6.68797910e-01
    2.29772002e-01 6.50687337e-01 9.72800493e-01 3.33514810e-03
    7.22643793e-01 9.50409889e-01 5.24090469e-01 5.00517070e-01
    9.52687740e-01 0. 0. 0. 0. 0. 0. 0. 0. 0. 0. 7.26189971e-01
    4.30635422e-01 5.29917359e-01 8.25020909e-01 1.33021027e-01
    6.02592707e-01 8.92803073e-03 6.05888367e-01 5.49223423e-01
    6.14914536e-01 6.75630569e-01 3.94945532e-01 5.03093421e-01
    2.43945599e-01 7.04915822e-01 5.44543028e-01 8.43152761e-01
    1.28343701e-01 2.55767941e-01 2.49707311e-01 8.38412046e-01
    1.52150840e-01 3.93618941e-02 1.20972931e-01 5.51346958e-01
    2.05423236e-01 3.54874730e-02 5.98219514e-01 1.65592104e-01
    8.52556229e-01 7.00106382e-01 4.99666333e-01 7.83810616e-01
    1.46974206e-01 7.09753513e-01 4.76594955e-01 5.92090726e-01
    3.47496808e-01 9.93789494e-01 9.09067631e-01 7.29109108e-01
    8.73840332e-01 4.93908495e-01 2.78262228e-01 7.36924410e-01
    1.55385733e-01 4.73814338e-01 6.68527186e-02 6.70129061e-03
    3.00304949e-01 6.92716241e-01 7.19635427e-01 2.90418446e-01
    3.99935156e-01 4.23826724e-01 8.67620230e-01 6.48161530e-01
    2.96601951e-01 4.26258862e-01 9.82561350e-01 9.63295579e-01
    6.31829262e-01 5.74557185e-01 2.09789068e-01 8.62808228e-01
    4.68041331e-01 1.54883713e-01 7.60246277e-01 9.52109456e-01
    4.77828681e-02 7.10694253e-01 8.78017783e-01 7.82595634e-01
    8.19430351e-01 8.76569867e-01 9.17454660e-01 6.64667964e-01
    2.03212440e-01 5.02789795e-01 7.27370441e-01 4.18375850e-01
    6.17464483e-01 9.72741544e-01 4.82147515e-01 4.08419669e-02
    3.60504627e-01 6.52159452e-01 1.71144247e-01 2.43556112e-01
    7.11863339e-01 9.23443854e-01 1.64794713e-01 1.15224421e-02
    1.84923112e-02 8.58072162e-01 8.58004689e-02 9.47979093e-01
    9.91289735e-01 8.22628319e-01 6.47164762e-01 7.63763785e-01
    6.78468823e-01 2.01874226e-01 4.92135286e-02 2.43845373e-01
    1.90910876e-01 8.04648042e-01 9.98879790e-01 7.62598097e-01
    7.58620143e-01 4.41295803e-01 6.87294960e-01 9.23054755e-01
    1.40480429e-01 5.67615628e-01 7.51812100e-01 2.95503974e-01
    5.16152203e-01 6.82948530e-02 2.42921829e-01 6.02749944e-01
    2.01878279e-01 6.31228566e-01 3.51549685e-01 3.91668737e-01
    9.51726496e-01 6.67146146e-02 9.51131105e-01 1.50377572e-01
    9.28535581e-01 4.27296460e-01 9.32891965e-01 4.36952531e-01
    2.24865377e-01 4.95535582e-01 7.34699667e-02 8.82167578e-01
    8.31448913e-01 9.38305795e-01 7.49646068e-01 7.49728143e-01
    9.75321531e-02 9.91873384e-01 8.53266716e-01 7.08296418e-01
    7.58257627e-01 2.99593806e-03 3.33502054e-01 6.61795437e-01
    2.03149855e-01 3.03478062e-01 9.54564095e-01 3.48093063e-01
    3.24134201e-01 3.84271145e-03 1.18800551e-01 1.21270716e-01
    2.38164037e-01 7.20849574e-01 1.67780131e-01 5.99132776e-02
    6.05244815e-01 4.80390161e-01 9.03434455e-02 9.02442336e-01
    4.54824448e-01 7.40624249e-01 5.16657352e-01 1.19216144e-02
    1.14580393e-01 6.54529095e-01 7.44649231e-01 9.96006131e-02
    1.37564391e-01 2.21621156e-01 3.75075996e-01 1.92526221e-01
    3.31659317e-02 1.95926845e-01 2.17563838e-01 2.64452279e-01
    6.49001658e-01 1.86886758e-01 4.29471433e-01 1.97118670e-01
    9.59247351e-03 2.08024532e-01 6.72443688e-01 7.88840413e-01
    4.68938679e-01 7.46306419e-01 9.94331121e-01 1.58325225e-01
    4.62530375e-01 7.12597251e-01 7.94355869e-02 1.57848120e-01
    8.34036231e-01 1.17538869e-01 6.56686127e-01 9.33301449e-01
    7.29785562e-01 2.33277082e-02 6.87825382e-01 8.31203103e-01
    2.97864586e-01 2.87312776e-01 6.27026558e-01 9.63860452e-01
    1.07863635e-01 3.45411003e-01 7.96381831e-02 6.54659271e-01
    6.65047169e-01 4.19810355e-01 7.88883805e-01 2.69059449e-01
    7.10420251e-01 8.82179022e-01 8.62790287e-01 6.77148163e-01
    2.68084049e-01 3.71018052e-03 3.94342154e-01 6.48608327e-01
    6.36877477e-01 7.76996732e-01 7.59208560e-01 2.27961242e-02
    1.47303075e-01 5.56144595e-01 4.11595732e-01 1.67197049e-01
    3.53131264e-01 8.95868540e-01 5.38297236e-01 9.11619306e-01
    9.53851819e-01 2.41504848e-01 3.89555842e-01 4.07723665e-01
    6.35595798e-01 5.08891642e-02 7.32256889e-01 6.39960885e-01
    2.28763431e-01 1.12406373e-01 4.18440521e-01 4.61867660e-01
    9.98634219e-01 7.52647161e-01 5.10971248e-01 3.14524591e-01
    6.41184032e-01 4.67610866e-01 1.01181865e-02 0. 0. 0. 0. 0. 0. 0. 0.
    0. 0. 7.10856199e-01 3.42592239e-01 5.41309118e-01 1.21302009e-02
    2.38388449e-01 1.52543157e-01 4.96891767e-01 7.88747966e-01
    3.83195966e-01 4.22596902e-01 3.82182419e-01 1.85029924e-01
    6.26073182e-01 8.43861163e-01 3.89443159e-01 3.79175127e-01
    6.86260462e-02 3.51714253e-01 3.93234432e-01 6.87522292e-02
    7.26090074e-01 2.85384536e-01 1.69703662e-01 8.87522340e-01
    5.26921093e-01 9.58450377e-01 2.02298164e-02 9.48284149e-01
    7.78916538e-01 7.15298235e-01 4.53200608e-01 5.68522513e-01
    6.96397483e-01 6.57800138e-02 5.59824765e-01 6.33933306e-01
    7.61076927e-01 5.55603743e-01 1.51142806e-01 9.05200899e-01
    7.36189246e-01 3.81730676e-01 7.67952561e-01 7.87277818e-02
    9.32836771e-01 7.20549822e-01 3.61492753e-01 5.90937555e-01
    4.57870662e-01 5.43963909e-01 8.68394971e-01 1.62290156e-01
    9.02293801e-01 4.29112017e-01 7.41398990e-01 7.72896647e-01
    9.43930984e-01 7.71022141e-02 3.28664750e-01 1.64253533e-01
    2.63670087e-03 6.85952961e-01 1.22769058e-01 4.76792842e-01
    1.03655785e-01 7.41590142e-01 6.17938876e-01 4.86229897e-01
    8.34483802e-01 1.60583943e-01 8.11188340e-01 3.78510177e-01
    9.22048450e-01 1.32726401e-01 7.85334229e-01 6.78286314e-01
    9.37925220e-01 1.56216681e-01 8.34393024e-01 9.77124214e-01
    8.64339650e-01 1.05560482e-01 7.58721650e-01 6.57109261e-01
    2.11205989e-01 3.70841801e-01 9.07139778e-02 5.77573836e-01
    3.43137413e-01 5.56180716e-01 6.51444793e-01 8.53234649e-01
    7.77035832e-01 2.44454205e-01 9.96386111e-01 4.42944229e-01
    4.99108195e-01 6.88319921e-01 1.86455220e-01 8.39262426e-01
    2.49578685e-01 6.48092747e-01 5.36518574e-01 5.26822388e-01
    9.17362809e-01 3.54650021e-02 2.43019581e-01 8.54370475e-01
    4.35714811e-01 6.88825727e-01 1.19695485e-01 3.91045094e-01
    5.19989371e-01 8.65127206e-01 9.63858962e-01 8.18190336e-01
    2.44692832e-01 7.46067703e-01 8.72049391e-01 8.75349164e-01
    4.42064524e-01 2.20299810e-01 5.19867122e-01 7.98530102e-01
    3.15158814e-01 4.98108178e-01 3.72752219e-01 2.38574266e-01
    2.58644760e-01 1.32758528e-01 9.32204247e-01 8.89554620e-01
    8.21243882e-01 9.74387348e-01 2.74200797e-01 7.34905005e-01
    8.11336756e-01 4.44861263e-01 3.08063209e-01 9.04828310e-01
    7.43649364e-01 7.70348310e-01 8.14442694e-01 8.01942825e-01
    4.70088631e-01 6.20595336e-01 8.12857270e-01 9.46008325e-01
    4.60433215e-01 3.45614314e-01 6.38009191e-01 2.14248329e-01
    9.39449430e-01 8.56105566e-01 7.43544996e-01 5.92100084e-01
    2.67695159e-01 3.92353088e-01 4.44002390e-01 4.31683898e-01
    1.45108849e-01 5.67534924e-01 5.61077416e-01 8.14074099e-01
    1.68971747e-01 3.59646618e-01 9.86778021e-01 7.09360480e-01
    3.46232712e-01 4.47811514e-01 9.53730345e-01 1.38531685e-01
    1.55664831e-01 2.44566768e-01 2.68355727e-01 7.61481225e-02
    6.55198574e-01 4.75253493e-01 6.39659286e-01 6.13889337e-01
    8.04492354e-01 3.64721060e-01 8.77142429e-01 5.45193315e-01
    1.29441917e-02 8.19988549e-02 9.71879005e-01 5.40992498e-01
    6.82280958e-02 7.06517577e-01 6.28467321e-01 2.32011229e-01
    2.70217746e-01 6.65071368e-01 8.79458487e-01 2.96499193e-01
    2.91725963e-01 5.45002222e-01 2.03114301e-01 4.62240934e-01
    3.25080872e-01 2.46834874e-01 4.21284139e-01 2.99668223e-01
    9.92792130e-01 4.15575624e-01 6.67418897e-01 3.15195918e-02
    4.99102443e-01 2.44061172e-01 6.56328917e-01 9.18503404e-01
    3.29682231e-01 6.29901230e-01 2.56328285e-01 7.14628994e-01
    5.95615327e-01 4.75331813e-01 5.10179043e-01 7.96226740e-01
    4.99397337e-01 5.85886240e-01 9.61606503e-01 5.50391614e-01
    6.47793412e-01 2.60558784e-01 8.62521172e-01 1.04976028e-01
    8.67130280e-01 8.17504287e-01 3.37528348e-01 5.90393841e-01
    8.70307684e-01 3.08259279e-01 5.55216968e-02 4.93294001e-03
    3.46516609e-01 5.91026664e-01 3.40895116e-01 8.56102824e-01
    5.26351035e-01 6.51721358e-01 8.31814647e-01 2.63176322e-01
    5.52493215e-01 9.72523332e-01 4.22555119e-01 4.72762585e-01
    8.19492579e-01 5.30613840e-01 9.49988842e-01 8.08831096e-01
    7.43680239e-01 1.46606743e-01 3.07353139e-01 3.20935130e-01 0. 0. 0.
    0. 0. 0. 0. 0. 0. 0. 8.45038950e-01 2.21250981e-01 3.42770189e-01
    4.95624840e-02 1.95728600e-01 6.97342932e-01 1.53683037e-01
    3.50632429e-01 9.61722910e-01 9.58665609e-01 9.06123161e-01
    2.82265544e-01 6.42668247e-01 5.32783687e-01 5.56753397e-01
    3.71624529e-01 7.33286262e-01 2.36823976e-01 5.06064832e-01
    5.68915248e-01 7.95495033e-01 9.88740861e-01 4.65392888e-01
    4.13922697e-01 1.82728499e-01 6.81660354e-01 9.74103808e-03
    1.43000185e-02 2.89840102e-01 3.86001498e-01 4.88568157e-01
    4.51881558e-01 3.96515340e-01 4.27831203e-01 1.69665903e-01
    2.60093272e-01 3.32209647e-01 9.26258266e-02 4.87813354e-02
    4.80414897e-01 3.68025601e-01 3.04757953e-02 8.77395213e-01
    9.22058582e-01 6.78397477e-01 4.26472783e-01 7.66091824e-01
    9.95269299e-01 5.77205539e-01 7.52403438e-01 5.21795452e-01
    3.77479196e-01 3.95696044e-01 9.01619554e-01 8.11977208e-01
    8.76955032e-01 8.76292109e-01 2.59233177e-01 5.33353090e-01
    6.99791014e-02 1.05008006e-01 1.21017605e-01 8.29530239e-01
    7.39786088e-01 3.34198296e-01 6.79498255e-01 7.48064280e-01
    1.77505016e-02 3.37145984e-01 9.47147489e-01 3.79994214e-01
    6.81411266e-01 9.15456951e-01 2.62848705e-01 2.48946965e-01
    2.11961925e-01 9.22195196e-01 2.41537690e-01 6.38448119e-01
    5.33520699e-01 9.50480103e-01 7.51474380e-01 2.51843452e-01
    4.73080456e-01 8.56686473e-01 4.75575030e-01 5.11088431e-01
    8.67489219e-01 8.96084070e-01 3.73965383e-01 7.04803765e-02
    9.44151163e-01 5.31223297e-01 4.95869428e-01 6.89822853e-01
    5.71483493e-01 3.49172235e-01 2.95476466e-01 4.31386560e-01
    6.11727417e-01 9.96679783e-01 2.13088393e-02 4.69574541e-01
    4.81411844e-01 9.75145578e-01 1.20442867e-01 9.92353082e-01
    8.10895205e-01 3.73686910e-01 8.73973608e-01 7.63003170e-01
    5.12260497e-01 1.70063406e-01 2.55423784e-01 1.35899961e-01
    4.63629961e-01 2.04438955e-01 1.88387126e-01 4.67649400e-01
    9.21524644e-01 7.81531096e-01 6.39595330e-01 6.83669567e-01
    4.24822479e-01 4.18679714e-01 4.62782055e-01 1.43926382e-01
    3.05541217e-01 9.18724179e-01 1.47926956e-01 3.78667355e-01
    7.89876997e-01 2.80021787e-01 3.85768175e-01 4.42054510e-01
    2.39426643e-01 1.38765752e-01 4.16021556e-01 9.92981255e-01
    8.78138661e-01 8.67430449e-01 1.73420101e-01 2.65535176e-01
    4.86896276e-01 8.07121992e-01 7.40353227e-01 4.54750538e-01
    8.56113493e-01 1.72030538e-01 9.02553797e-01 3.78457904e-02
    7.15601742e-02 8.67719293e-01 9.81437325e-01 7.27831721e-01
    9.17668462e-01 3.14718544e-01 3.16830456e-01 3.85440320e-01
    5.85862041e-01 6.89548969e-01 9.13931370e-01 3.04820061e-01
    3.48503143e-01 5.49344182e-01 8.30620527e-01 4.05748397e-01
    5.87474823e-01 7.05908775e-01 5.47103822e-01 7.22552717e-01
    8.66113901e-01 3.13722491e-01 6.89658046e-01 1.59461677e-01
    4.29331124e-01 3.72242630e-02 8.94247949e-01 7.35134780e-01
    9.90317345e-01 4.90971625e-01 1.25438362e-01 2.06878424e-01
    4.37968075e-02 2.85455346e-01 7.83235312e-01 4.18842375e-01
    6.46760583e-01 4.57117617e-01 6.27495587e-01 8.32826316e-01
    6.54406786e-01 5.71072757e-01 8.26076627e-01 4.78210002e-01
    3.56148243e-01 1.24515772e-01 4.92386311e-01 6.39962554e-01
    8.64523292e-01 9.22054887e-01 7.10087240e-01 8.71905327e-01
    1.38996184e-01 4.20892388e-01 7.79836655e-01 9.33978438e-01
    6.05329037e-01 3.49892139e-01 9.94598150e-01 8.03237200e-01
    4.52536941e-01 8.99789631e-02 9.54096913e-01 5.06186426e-01
    9.23688471e-01 8.62246633e-01 3.72877717e-02 1.38480604e-01
    5.86329699e-01 3.41664821e-01 3.26557934e-01 9.96958196e-01
    9.14563537e-01 1.25818163e-01 5.06565452e-01 4.62114483e-01
    2.04943657e-01 7.50350058e-01 9.29463506e-01 7.22545505e-01
    4.88005489e-01 8.11980426e-01 5.43038785e-01 7.73043513e-01
    2.47229725e-01 8.31611753e-02 5.57811201e-01 9.36686516e-01
    6.80383563e-01 2.20181674e-01 2.71139205e-01 6.55324101e-01
    7.26054311e-01 2.29980230e-01 8.66908789e-01 9.87411380e-01
    5.88749528e-01 9.44107950e-01 6.43999815e-01 6.37909293e-01
    9.68577385e-01 8.91186118e-01 3.61550570e-01 1.15588307e-01
    3.58277261e-01 0. 0. 0. 0. 0. 0. 0. 0. 0. 0. 7.03452229e-01
    4.09301251e-01 6.35072351e-01 3.42008114e-01 7.58790731e-01
    8.26262653e-01 9.78429556e-01 1.32669359e-01 8.21489692e-01
    1.83609873e-01 2.00208038e-01 2.32095718e-01 6.24323010e-01
    4.63544577e-01 9.53674316e-01 5.92159450e-01 2.68372089e-01
    5.62474728e-01 5.22204459e-01 3.18477660e-01 1.22271419e-01
    8.35632622e-01 1.45097136e-01 5.78088105e-01 7.28850484e-01
    7.97920167e-01 3.83854151e-01 2.16321707e-01 3.61865073e-01
    5.24137735e-01 8.85521293e-01 2.80036986e-01 1.62872761e-01
    9.29206610e-02 4.50558007e-01 6.50388300e-02 9.90950108e-01
    8.72402072e-01 2.53969699e-01 4.29915607e-01 2.00338662e-02
    2.22449064e-01 1.92592382e-01 6.35157228e-01 5.39636850e-01
    8.23347688e-01 1.01287425e-01 4.20814455e-02 7.83032000e-01
    5.13454080e-01 7.81761050e-01 6.55923486e-01 9.58395243e-01
    7.75617778e-01 2.44237304e-01 2.33752102e-01 2.42963791e-01
    2.59457409e-01 4.99934763e-01 8.99044931e-01 4.61792737e-01
    6.19586229e-01 8.86357367e-01 5.56402564e-01 9.48266625e-01
    4.75380987e-01 9.74166393e-01 6.78698421e-02 5.93428910e-01
    8.69010925e-01 6.31541669e-01 9.38576460e-01 6.86345875e-01
    8.80245030e-01 8.33394110e-01 9.78754044e-01 2.58445084e-01
    8.27461004e-01 9.57145333e-01 9.38365340e-01 1.67663783e-01
    5.21988988e-01 5.09223640e-01 2.82292843e-01 6.60194635e-01
    9.25422907e-01 4.00944322e-01 1.80053622e-01 3.26971054e-01
    7.47999191e-01 3.80120635e-01 7.18324721e-01 3.94342035e-01
    9.07605767e-01 9.99413013e-01 4.78216439e-01 8.18715692e-02
    1.77463800e-01 1.56486124e-01 1.52947694e-01 5.77260792e-01
    2.25134403e-01 7.73986280e-01 5.44957578e-01 6.66221321e-01
    5.84170401e-01 7.96265900e-02 9.09387052e-01 8.82113636e-01
    7.16938972e-02 4.46173549e-03 3.14147502e-01 6.75858974e-01
    2.55288482e-01 5.91384709e-01 5.24613023e-01 9.05770421e-01
    9.34186459e-01 5.95568180e-01 8.92609954e-01 3.32359165e-01
    1.87774956e-01 5.95173657e-01 9.66031611e-01 5.17169535e-01
    2.17762589e-02 1.17741793e-01 5.41140735e-02 2.58169293e-01
    4.75958467e-01 1.65784031e-01 2.13207901e-02 2.18455791e-01
    1.95949703e-01 1.70046866e-01 8.75587940e-01 6.42542720e-01
    4.50883806e-02 9.07856464e-01 7.25165486e-01 8.89453173e-01
    3.20624948e-01 7.51468480e-01 4.64620233e-01 3.89810860e-01
    9.10414040e-01 5.69221258e-01 8.73349190e-01 8.58622551e-01
    9.66584563e-01 5.28027296e-01 6.40516818e-01 1.49396658e-02
    3.46753776e-01 4.87780035e-01 1.53661489e-01 2.43208468e-01
    8.33673179e-02 8.95687222e-01 8.93390775e-02 7.95418382e-01
    8.56096089e-01 8.12685490e-02 9.78031635e-01 7.33260214e-01
    4.72086668e-01 4.90448415e-01 2.66971529e-01 9.49418545e-02
    7.44390786e-01 6.42337203e-01 4.47150350e-01 7.44014144e-01
    7.91389942e-01 7.36822188e-02 5.86183548e-01 3.03533435e-01
    6.25560641e-01 4.42282021e-01 7.01244533e-01 6.34788394e-01
    2.51038253e-01 3.14361870e-01 6.38208807e-01 9.28449273e-01
    4.00650084e-01 2.12848008e-01 9.95014071e-01 6.75787032e-01
    3.29555333e-01 5.16107142e-01 6.67137206e-02 9.35092330e-01
    5.21474004e-01 8.87274742e-01 4.41479743e-01 4.33783144e-01
    4.22838211e-01 6.16345167e-01 5.26630580e-02 5.61852634e-01
    6.33365452e-01 3.41999084e-01 3.23357284e-02 2.71606296e-01
    8.58431101e-01 8.32314789e-01 2.07745790e-01 2.40796000e-01
    6.92876637e-01 3.58565360e-01 9.38727856e-01 3.12642127e-01
    6.15897775e-01 2.37892091e-01 1.71064764e-01 1.15521282e-01
    1.35451764e-01 9.76918638e-02 6.43061996e-01 6.67476654e-01
    6.09963119e-01 2.77736187e-02 5.15570402e-01 6.96338534e-01
    8.00009191e-01 4.71746445e-01 4.40012217e-01 7.51637578e-01
    7.03906119e-01 2.13054121e-01 7.20374882e-01 4.91360903e-01
    3.64713073e-01 4.83940691e-01 3.71416867e-01 5.83685100e-01
    7.91443825e-01 3.91039878e-01 8.10792208e-01 6.84267938e-01
    8.13233435e-01 9.15907145e-01 6.43172383e-01 5.13175309e-01
    4.48299587e-01 8.40862393e-01 5.69924116e-01 4.09579456e-01
    7.77140439e-01 8.18530798e-01 9.54561472e-01 3.77556950e-01
    9.97063994e-01 1.27718896e-01 1.28890663e-01 0. 0. 0. 0. 0. 0. 0. 0.
    0. 0. 2.86347985e-01 4.52635258e-01 7.10974216e-01 2.98079818e-01
    6.96884453e-01 2.20625341e-01 5.75632751e-01 5.99721789e-01
    9.91836727e-01 7.86642313e-01 8.44979763e-01 8.01123857e-01
    1.09312743e-01 5.10561466e-02 2.79564559e-01 6.83298290e-01
    6.82458937e-01 5.43763161e-01 8.49828064e-01 6.10502362e-02
    3.61650765e-01 7.76801705e-01 6.92260742e-01 6.17818475e-01
    6.30474389e-02 6.09324634e-01 3.09230179e-01 2.20764756e-01
    4.99147534e-01 1.66027099e-01 8.69711518e-01 3.22924852e-01
    4.27211851e-01 3.25948954e-01 7.83832192e-01 1.60612464e-01
    6.95956647e-01 5.35306811e-01 2.21187890e-01 2.25106090e-01
    5.79318404e-02 8.01489711e-01 7.79316306e-01 1.38326049e-01
    5.28950691e-02 5.33896089e-02 8.34142506e-01 5.00573099e-01
    5.46441257e-01 5.70590436e-01 1.32277191e-01 9.44397092e-01
    9.09082532e-01 9.72614884e-02 5.01041234e-01 8.54390025e-01
    7.17319369e-01 3.77482414e-01 5.01725197e-01 4.52341735e-01
    1.64546371e-01 7.79122114e-04 3.80294383e-01 8.51721644e-01
    8.54725718e-01 2.38778025e-01 1.02366209e-01 8.75493288e-01
    3.44599903e-01 9.31117594e-01 9.48277116e-01 8.41181755e-01
    5.06183088e-01 7.70624757e-01 9.72661495e-01 8.54937673e-01
    5.32981753e-02 7.25313365e-01 3.96519899e-03 8.50176036e-01
    5.70198834e-01 4.19256181e-01 8.90559316e-01 1.65118515e-01
    6.08419955e-01 1.34895682e-01 7.26161242e-01 7.48927891e-01
    7.29147196e-01 4.20644671e-01 6.69938207e-01 1.30245209e-01
    9.10219848e-01 7.47781396e-02 2.90793180e-01 7.40908980e-01
    6.22762144e-01 7.76957989e-01 3.76330078e-01 8.55009317e-01
    8.18306923e-01 7.86896110e-01 2.80143142e-01 2.62990683e-01
    5.79315603e-01 1.40978217e-01 2.28959769e-01 8.58753622e-02
    8.16283584e-01 9.35056329e-01 1.77466452e-01 7.30377793e-01
    9.48235095e-01 5.65537453e-01 7.19380856e-01 8.57592225e-01
    8.04007292e-01 9.24272180e-01 8.38354230e-03 8.34481001e-01
    8.76074433e-01 8.09955835e-01 4.60904628e-01 4.92412150e-01
    7.27544367e-01 6.96820319e-02 4.78027165e-02 3.37725699e-01
    2.87730992e-02 4.89332974e-01 8.25303078e-01 1.61387950e-01
    2.02228129e-02 9.31029320e-01 1.75034046e-01 2.45691359e-01
    4.88644958e-01 8.09728980e-01 4.92065966e-01 3.41558874e-01
    8.15829158e-01 1.06285155e-01 4.58923608e-01 3.50829601e-01
    3.07844281e-02 9.89517570e-01 3.83281589e-01 7.88348675e-01
    5.04788816e-01 8.94769251e-01 4.99979734e-01 2.71831274e-01
    1.70071304e-01 1.32093579e-01 8.08908522e-01 4.37322319e-01
    6.69805646e-01 5.35542130e-01 4.65686619e-01 6.25295401e-01
    5.76396346e-01 4.87324923e-01 1.54027730e-01 4.64937091e-02
    7.11411238e-03 6.48803473e-01 4.58409786e-02 2.61556506e-02
    3.99282038e-01 5.82575738e-01 3.05322200e-01 6.60677254e-02
    3.68428379e-01 9.69313383e-01 3.29868883e-01 4.47132587e-01
    3.49229097e-01 3.32134694e-01 7.55919695e-01 7.27103949e-01
    1.70484781e-02 9.35348392e-01 5.84414303e-02 5.11348963e-01
    3.18332136e-01 1.60260648e-01 8.47756624e-01 4.32177663e-01
    5.44094205e-01 4.73704338e-02 2.85016567e-01 7.43606985e-02
    9.10487771e-03 2.22779781e-01 1.09665304e-01 7.36007690e-02
    7.25666881e-01 2.30921745e-01 7.91648388e-01 3.15731287e-01
    3.66236866e-02 2.80510485e-01 7.06541836e-01 6.66101038e-01
    5.57896554e-01 7.10894883e-01 5.19266129e-02 6.75517023e-02
    1.68175817e-01 3.04048717e-01 4.62315917e-01 5.45944810e-01
    8.11776459e-01 7.18988419e-01 4.72936541e-01 4.67494190e-01
    7.00638890e-02 5.32420874e-01 8.01780760e-01 4.45900232e-01
    3.31244588e-01 1.80335552e-01 4.90936637e-03 7.82716751e-01
    8.96745086e-01 4.77771938e-01 4.68277603e-01 7.12887943e-01
    7.90556967e-02 6.23251259e-01 4.07297015e-02 9.51017022e-01
    6.96470320e-01 1.06279850e-02 7.88909137e-01 6.77748442e-01
    3.42865467e-01 5.90266645e-01 1.54042482e-01 3.38366628e-01
    5.67431211e-01 1.56768352e-01 5.76559246e-01 5.53658485e-01
    7.69804418e-01 1.72987759e-01 8.04849923e-01 9.53298390e-01
    1.85755670e-01 1.10814035e-01 5.17880082e-01 7.70127535e-01
    5.55560529e-01 1.61794126e-01 6.98629379e-01 1.82767898e-01 0. 0. 0.
    0. 0. 0. 0. 0. 0. 0. 6.54910803e-01 1.69479340e-01 8.70428443e-01
    2.45592624e-01 7.01858640e-01 3.08045626e-01 6.25385523e-01
    5.90258479e-01 8.35032761e-02 7.17663109e-01 5.71787119e-01
    9.20800686e-01 9.88071561e-01 9.57525909e-01 7.80611575e-01
    5.38914800e-01 9.02464151e-01 2.53656209e-02 2.59091854e-01
    8.17849159e-01 8.43143463e-01 1.05965734e-02 7.92621076e-02
    4.54872847e-03 2.15742141e-01 5.56568086e-01 4.68316674e-01
    2.45767206e-01 9.12266850e-01 4.75482643e-02 3.73459995e-01
    1.67858213e-01 3.58762234e-01 3.89942914e-01 3.78567755e-01
    2.44379312e-01 5.85193157e-01 5.66435874e-01 2.15495586e-01
    6.41234815e-01 1.49982959e-01 5.51818013e-02 9.13745046e-01
    6.80546045e-01 5.63416839e-01 6.89126492e-01 8.06932330e-01
    4.20182675e-01 9.53619123e-01 8.62152576e-02 9.72846031e-01
    6.81373954e-01 1.58539474e-01 2.64614075e-01 3.21769059e-01
    1.50607824e-02 8.97069037e-01 3.83877456e-02 4.44679141e-01
    6.36817932e-01 6.17561698e-01 7.54387617e-01 8.73339891e-01
    5.69231331e-01 7.49776661e-02 7.26906598e-01 5.64295828e-01
    2.21077740e-01 7.22481906e-02 6.95285022e-01 6.81125581e-01
    7.25145698e-01 8.54408920e-01 2.46386081e-01 7.81824589e-02
    4.53290641e-01 9.59337413e-01 8.05267692e-01 1.20480925e-01
    6.50177538e-01 7.67764926e-01 1.18870735e-01 6.58501387e-01
    9.26869869e-01 2.59464443e-01 4.39078361e-01 6.47215128e-01
    2.24348903e-01 2.94583082e-01 8.69992733e-01 8.26175809e-01
    7.78066754e-01 8.54942918e-01 7.44532943e-02 8.19739580e-01
    1.89731270e-01 2.27868050e-01 6.38533890e-01 3.13010871e-01
    8.28086257e-01 7.17260957e-01 9.16430593e-01 4.06588465e-01
    1.72816992e-01 4.29802090e-01 5.91663659e-01 9.99891043e-01
    1.16420180e-01 4.92964834e-01 9.98967290e-02 8.13276887e-01
    5.17470658e-01 5.00055611e-01 2.91448295e-01 9.42884505e-01
    2.90047020e-01 6.96359754e-01 3.04724157e-01 2.55269289e-01
    7.18008518e-01 7.88823843e-01 6.73600435e-01 1.79774463e-02
    8.20792019e-02 1.12315625e-01 3.57535064e-01 2.80309767e-01
    5.41790128e-01 6.35946929e-01 6.11107469e-01 2.79751539e-01
    8.49675536e-02 4.76505578e-01 6.12397790e-01 3.11766863e-02
    1.56073928e-01 5.77815890e-01 5.04990935e-01 9.24040318e-01
    7.45079875e-01 9.77727056e-01 3.90808880e-01 3.23230326e-02
    8.81908119e-01 8.12377214e-01 4.95759249e-02 4.84698802e-01
    2.94157684e-01 9.34864342e-01 8.93293619e-01 5.04638672e-01
    3.07905704e-01 7.56185055e-01 1.37776881e-01 1.48071170e-01
    4.59322661e-01 5.00942826e-01 5.89381099e-01 8.52997899e-01
    3.50389302e-01 2.33908832e-01 2.41462976e-01 8.41109991e-01
    1.04748577e-01 1.37230694e-01 4.95402664e-01 3.74504834e-01
    5.10215640e-01 9.39881921e-01 2.78884351e-01 2.40727574e-01
    2.48315632e-02 7.68976808e-02 5.69645166e-01 9.38073635e-01
    7.13037133e-01 7.75715649e-01 5.44048846e-01 5.62788725e-01
    3.81802976e-01 5.20667970e-01 1.38193548e-01 4.36805129e-01
    4.68444824e-03 6.32178664e-01 9.83488083e-01 1.09361589e-01
    8.96569610e-01 5.68952560e-01 3.51905048e-01 5.23807526e-01
    8.46197248e-01 3.34595591e-01 6.79449260e-01 7.92540431e-01
    6.19914889e-01 5.33158839e-01 9.91296768e-01 4.89013314e-01
    9.61754918e-02 3.33695412e-02 5.87279737e-01 9.66706455e-01
    6.21064305e-01 8.62485468e-02 4.20256615e-01 7.11548150e-01
    8.20965707e-01 4.42041695e-01 3.65811855e-01 6.19455278e-02
    8.92607868e-01 7.53710270e-01 2.67708719e-01 9.05108154e-02
    3.35007846e-01 8.24365318e-02 3.55272233e-01 7.80720234e-01
    5.82350373e-01 9.06794906e-01 2.77907878e-01 8.21619987e-01
    1.95897698e-01 6.59047067e-01 1.85751677e-01 5.68383574e-01
    7.57735372e-01 1.96517795e-01 9.79321599e-01 9.67274666e-01
    9.02565479e-01 3.98143142e-01 5.31866133e-01 6.92123234e-01
    7.33019829e-01 2.72232771e-01 7.78581738e-01 3.79748851e-01
    1.60590678e-01 4.42437053e-01 1.80691600e-01 1.51385039e-01
    5.66630125e-01 8.28921795e-01 8.62671971e-01 5.24657905e-01
    4.04737979e-01 8.90723348e-01 7.99497843e-01 4.33379412e-03
    4.14052695e-01 8.21960449e-01 2.53810078e-01 3.55467707e-01
    9.06825066e-01 0. 0. 0. 0. 0. 0. 0. 0. 0. 0. 3.77627164e-01
    5.98472714e-01 6.26095057e-01 1.75036281e-01 7.80267835e-01
    8.99507761e-01 3.86198759e-01 7.10773468e-01 9.01530981e-02
    3.73317301e-02 9.05578971e-01 4.24802303e-04 9.00338888e-02
    5.91468334e-01 3.57114881e-01 8.89014244e-01 5.36176503e-01
    8.78014088e-01 7.79333651e-01 1.73394144e-01 2.89581299e-01
    8.93088818e-01 9.27203894e-01 2.77825624e-01 6.92983627e-01
    1.16597354e-01 9.59518850e-01 2.48185217e-01 1.02070272e-02
    3.09679449e-01 9.62890387e-01 8.14651489e-01 8.03760290e-01
    5.05822003e-02 1.83995068e-01 1.46833330e-01 6.58463240e-02
    3.36681724e-01 3.96701932e-01 8.67425621e-01 6.47889018e-01
    3.36688519e-01 5.83096862e-01 9.04765010e-01 4.81846213e-01
    7.57782578e-01 7.04933643e-01 4.42769349e-01 5.92097044e-01
    8.63649845e-01 9.90611434e-01 9.04153883e-01 7.56003737e-01
    9.84851003e-01 5.34380972e-02 9.21585977e-01 3.16787422e-01
    9.60882187e-01 5.79596758e-01 5.60384929e-01 7.89883733e-01
    7.37757742e-01 2.37520367e-01 7.97367215e-01 8.76799643e-01
    4.44154888e-01 7.60823846e-01 4.31223154e-01 9.81422901e-01
    1.42557591e-01 1.68755382e-01 9.64339554e-01 7.92392671e-01
    5.96938670e-01 5.10134518e-01 7.09643304e-01 9.17878747e-03
    4.75973815e-01 2.58653343e-01 5.01273096e-01 3.15343976e-01
    2.44602054e-01 4.28630590e-01 1.79511905e-02 4.11814421e-01
    6.23397827e-01 3.77440840e-01 7.64746070e-01 8.65650177e-03
    8.59941304e-01 1.12737089e-01 5.33548594e-01 4.39608812e-01
    9.88870978e-01 6.39921546e-01 1.74117386e-01 6.52280331e-01
    1.32604867e-01 4.13611412e-01 5.00820100e-01 9.98306096e-01
    5.71663857e-01 5.05261540e-01 5.58760583e-01 4.39500093e-01
    3.82528961e-01 5.34432173e-01 4.07225102e-01 7.73538649e-02
    3.16842318e-01 4.29987609e-01 4.01784688e-01 2.57412553e-01
    9.45901632e-01 9.84135866e-01 9.64404225e-01 6.61099911e-01
    6.02109194e-01 4.75260615e-03 4.75181580e-01 5.16449153e-01
    6.01832330e-01 7.42753625e-01 3.49300921e-01 2.23714441e-01
    8.59152913e-01 8.23764622e-01 3.45964700e-01 5.16068339e-02
    3.74262571e-01 8.39552522e-01 8.58847558e-01 6.38551652e-01
    4.37949479e-01 5.30848682e-01 9.30251479e-01 7.53824234e-01
    9.93445814e-01 6.14191055e-01 7.65498459e-01 2.69346237e-02
    5.61256588e-01 8.62250268e-01 6.40991628e-01 5.48222303e-01
    8.78614426e-01 5.78721166e-01 3.42680991e-01 9.15941179e-01
    9.30027485e-01 2.97352791e-01 8.68860602e-01 2.15146273e-01
    1.49760664e-01 6.53517008e-01 5.09007752e-01 7.34728694e-01
    1.70636952e-01 4.43618268e-01 4.95526880e-01 5.90183079e-01
    1.00688428e-01 2.96555042e-01 1.48716211e-01 1.64621413e-01
    5.91746807e-01 4.82107967e-01 1.12944603e-01 3.55928600e-01
    7.39019811e-01 2.40198821e-01 6.64550066e-01 3.90166402e-01
    5.23490191e-01 6.00838125e-01 3.03066015e-01 1.62553459e-01
    1.49690449e-01 8.95587385e-01 8.41965914e-01 7.02425778e-01
    4.82215077e-01 4.40944761e-01 5.11869907e-01 4.53828514e-01
    6.16360068e-01 8.62157464e-01 2.33391911e-01 9.28086758e-01
    9.49549794e-01 2.12284178e-01 3.98962587e-01 5.71501970e-01
    2.80904889e-01 6.28619254e-01 7.24087119e-01 2.20833719e-01
    8.05682063e-01 3.60389650e-01 7.02624917e-01 9.28967953e-01
    2.05701113e-01 6.16897583e-01 4.89506960e-01 2.45362103e-01
    5.39236963e-01 9.91093516e-01 7.40017176e-01 1.08090043e-03
    6.81409717e-01 3.51215750e-01 3.85589093e-01 8.84131789e-01
    2.49254465e-01 2.69016832e-01 8.15135181e-01 4.76150244e-01
    8.30439568e-01 9.99770045e-01 2.56977737e-01 9.17110741e-01
    9.87504303e-01 7.48612583e-02 1.65670067e-01 1.20826244e-01
    3.77906203e-01 5.74966073e-01 5.66577494e-01 6.05826199e-01
    1.73120201e-01 6.43682480e-03 1.44180834e-01 1.00595474e-01
    9.97327209e-01 3.74191374e-01 5.38259864e-01 9.45446610e-01
    1.31015092e-01 4.26828325e-01 5.01069009e-01 4.97325271e-01
    9.58974063e-01 5.68558455e-01 1.60874218e-01 6.33099198e-01
    7.18747139e-01 2.07414448e-01 2.10803777e-01 7.01441348e-01
    6.98422492e-01 9.32117820e-01 6.22867346e-01 7.39866495e-02
    3.69960427e-01 3.20187449e-01 7.96972930e-01 0. 0. 0. 0. 0. 0. 0. 0.
    0. 0. 2.31808901e-01 6.35734975e-01 2.20929980e-01 8.44956040e-01
    6.59081340e-03 3.92253280e-01 2.43846267e-01 3.89050871e-01
    2.16864020e-01 6.83878064e-01 2.91817367e-01 6.22865856e-01
    4.17705238e-01 1.66892201e-01 7.71476746e-01 2.14530855e-01
    7.98083544e-02 5.89999259e-01 9.62712169e-01 7.50972748e-01
    6.33625031e-01 9.39875126e-01 5.06036818e-01 9.96805310e-01
    3.75545382e-01 9.22189116e-01 1.99905038e-02 5.07304490e-01
    8.07811201e-01 5.99651933e-02 3.75011981e-01 4.40474898e-01
    8.43908489e-02 1.12208426e-01 6.49904430e-01 8.67723167e-01
    5.74021459e-01 8.42312574e-02 7.04040825e-01 8.21307182e-01
    3.86904150e-01 1.86454743e-01 4.44335639e-01 4.42928076e-02
    9.90062594e-01 4.97527152e-01 2.21926063e-01 9.23383415e-01
    7.69672394e-01 1.14127845e-01 3.86726171e-01 9.71232891e-01
    7.93316007e-01 9.74934101e-01 7.59026408e-02 3.05445850e-01
    6.88153625e-01 2.39364058e-01 2.40783870e-01 6.37419045e-01
    6.97621465e-01 4.59643662e-01 8.13224435e-01 4.57810074e-01
    7.04341948e-01 2.35943824e-01 1.59366459e-01 6.21452153e-01
    3.81362617e-01 5.45945704e-01 2.92596042e-01 8.36327076e-01
    1.24774009e-01 6.14355803e-01 3.36213052e-01 7.68489718e-01
    2.52488554e-02 3.44258845e-01 1.88537747e-01 4.54402089e-01
    3.06901038e-01 6.87155128e-01 7.00167477e-01 4.09580857e-01
    7.22824275e-01 3.02834749e-01 2.71508694e-02 3.02957475e-01
    8.09111893e-01 7.03701675e-01 6.80926085e-01 1.48228347e-01
    4.95024770e-01 9.34413135e-01 7.18484044e-01 2.21859217e-02
    1.30839527e-01 9.08938646e-01 6.82136476e-01 5.52146435e-01
    7.80816793e-01 3.14595640e-01 3.79752636e-01 3.71669531e-01
    2.92083263e-01 2.78206587e-01 7.33082294e-01 2.70766616e-02
    6.02739215e-01 6.16177320e-02 2.96382189e-01 3.89537543e-01
    8.10275912e-01 1.43245041e-01 7.85619020e-01 5.65321505e-01
    6.70593679e-01 2.73869932e-01 1.54266357e-02 8.92832875e-01
    8.42642188e-01 5.72794557e-01 3.02059829e-01 7.69499421e-01
    2.32412517e-02 3.32403004e-01 6.40550375e-01 4.66426402e-01
    6.33898854e-01 8.88615072e-01 5.93452513e-01 3.80018443e-01
    6.86350107e-01 4.04414654e-01 8.55817974e-01 4.98464584e-01
    2.37618685e-01 2.92540133e-01 5.28144598e-01 7.88933098e-01
    5.35092890e-01 9.57949638e-01 3.25463831e-01 9.80444789e-01
    9.00400460e-01 2.33772844e-01 1.67583734e-01 2.13079929e-01
    7.94656575e-02 5.60548067e-01 9.66068447e-01 4.42895979e-01
    8.20841134e-01 8.99125338e-01 6.71617150e-01 1.51344836e-02
    7.94875383e-01 6.82276905e-01 5.90197206e-01 8.12746167e-01
    8.96349072e-01 6.93377554e-01 4.73393649e-01 5.97689509e-01
    6.45283580e-01 1.29565507e-01 9.59686756e-01 4.28836107e-01
    1.21529371e-01 8.08581948e-01 4.98643965e-01 8.74434114e-01
    4.55517828e-01 4.04195607e-01 5.62594116e-01 4.84195292e-01
    6.01594806e-01 5.01847267e-03 7.95503199e-01 6.33674622e-01
    4.72242296e-01 4.98104542e-01 5.72589815e-01 6.56208694e-01
    8.17198634e-01 8.42881203e-02 5.79618633e-01 6.52160347e-02
    4.56978530e-01 3.57787609e-02 2.49684513e-01 1.59115344e-01
    3.24975967e-01 1.67343915e-02 6.99512541e-01 6.50131464e-01
    6.58745706e-01 4.93258744e-01 1.10309720e-01 9.51583505e-01
    6.11872315e-01 3.31166983e-02 9.27454472e-01 1.93476856e-01
    4.38725442e-01 5.99792898e-02 9.70021844e-01 6.36757910e-01
    9.98102844e-01 7.35279620e-01 3.80089998e-01 8.29378366e-01
    3.16580236e-02 5.36326706e-01 6.76021576e-01 6.63874149e-01
    9.42738950e-02 4.66687649e-01 1.43416703e-01 3.42758596e-01
    6.02939785e-01 8.01381230e-01 6.11256361e-02 6.25801623e-01
    9.23964083e-02 2.11787224e-01 9.19766307e-01 5.47637522e-01
    2.89632499e-01 8.87431562e-01 5.43525994e-01 4.36092526e-01
    3.09318960e-01 3.74515325e-01 8.47007692e-01 5.95851541e-02
    8.97072434e-01 6.51960075e-01 7.87297845e-01 3.99596959e-01
    2.53639817e-02 2.35497355e-02 3.33234668e-01 5.31504452e-01
    2.84044683e-01 4.62652564e-01 7.27518141e-01 3.79014015e-03
    9.11077023e-01 5.45187831e-01 2.59353817e-02 4.05780762e-01
    1.65805995e-01 4.99861896e-01 3.53420734e-01 7.10641861e-01 0. 0. 0.
    0. 0. 0. 0. 0. 0. 0. 4.51101065e-02 5.89964926e-01 3.70505422e-01
    3.44310164e-01 1.66792423e-01 2.58907080e-02 7.90029287e-01
    6.29850149e-01 2.64352083e-01 3.38326514e-01 9.75692511e-01
    1.26659065e-01 3.23131859e-01 2.42360950e-01 5.24412453e-01
    9.82928634e-01 8.64183068e-01 1.98033303e-01 9.00398493e-01
    2.42189884e-01 8.49617779e-01 5.81682324e-01 5.14317334e-01
    8.92831802e-01 8.97147179e-01 4.06168342e-01 6.68251157e-01
    2.12747693e-01 6.26869678e-01 6.15234613e-01 2.95406282e-01
    4.66987073e-01 8.81181300e-01 9.16706324e-02 2.54632622e-01
    5.35928369e-01 1.48922801e-01 4.43476796e-01 3.89738977e-01
    4.91636902e-01 5.18319964e-01 7.06330657e-01 5.76086342e-02
    2.06253350e-01 3.45408797e-01 6.81889534e-01 9.14656222e-02
    3.33246469e-01 6.87051713e-01 2.47555226e-01 1.40210807e-01
    4.48216379e-01 9.44458544e-01 3.15145373e-01 1.53415501e-02
    5.36666930e-01 2.23001242e-02 2.76130825e-01 5.18136024e-02
    9.67571139e-02 1.02730632e-01 2.00859964e-01 9.70257461e-01
    7.09888816e-01 7.35235512e-01 6.89228714e-01 3.42851818e-01
    2.09931433e-02 8.49417090e-01 7.49392807e-02 5.12062192e-01
    4.20956999e-01 5.75003445e-01 8.25019956e-01 5.69700897e-02
    9.72276032e-01 5.05898535e-01 2.54264116e-01 3.01605761e-01
    1.45417124e-01 8.52315426e-02 1.89171433e-02 9.75540042e-01
    7.13960528e-01 1.27467513e-01 6.12034023e-01 5.30652881e-01
    2.91455626e-01 7.59741068e-01 5.34262896e-01 3.05036426e-01
    8.48928332e-01 9.02817011e-01 5.73353350e-01 2.63961732e-01
    5.36252618e-01 5.21993816e-01 5.27640820e-01 6.78223372e-01
    8.19507957e-01 9.73991752e-01 9.82929528e-01 9.22706187e-01
    4.01701748e-01 5.85240424e-01 6.16826057e-01 8.54060173e-01
    2.85561979e-01 5.66532373e-01 7.07197726e-01 7.72209287e-01
    5.62581897e-01 3.24976593e-01 6.77327216e-02 4.71814871e-02
    1.57600284e-01 2.29691088e-01 8.17913413e-01 4.64916170e-01
    9.64314640e-01 6.08988345e-01 1.22851431e-02 7.35910237e-02
    8.79258811e-02 7.73001492e-01 6.34067118e-01 2.63570547e-01
    2.94528842e-01 2.55732358e-01 7.12494135e-01 3.06989819e-01
    6.84462965e-01 3.65670085e-01 1.86916828e-01 2.84072697e-01
    8.99181724e-01 7.48795092e-01 4.18099374e-01 4.87333983e-01
    2.72417933e-01 6.32979274e-01 9.19601917e-01 3.65073740e-01
    4.92645651e-01 2.07467675e-02 3.39186013e-01 8.12773407e-02
    9.99175310e-01 6.56940341e-01 6.71338320e-01 8.47645342e-01
    1.04216397e-01 4.03963357e-01 7.00389922e-01 1.63076669e-01
    4.36670005e-01 7.44205713e-02 9.96485472e-01 6.75483942e-01
    5.93507767e-01 5.85353136e-01 6.57082081e-01 7.98773110e-01
    2.67444074e-01 3.46203595e-01 9.52022076e-02 9.36424434e-01
    3.28379393e-01 6.47339642e-01 3.34161550e-01 5.49049020e-01
    1.47063434e-02 6.14071727e-01 9.58506107e-01 1.28856450e-01
    3.90017301e-01 5.60298204e-01 5.83749652e-01 5.58749735e-01
    1.50015265e-01 1.48139119e-01 1.65478796e-01 4.76802498e-01
    9.53580916e-01 8.17342162e-01 2.10401624e-01 3.09183568e-01
    9.64576364e-01 5.07677913e-01 8.47106338e-01 2.47479379e-01
    5.81492603e-01 1.37584597e-01 2.33512819e-02 4.03379917e-01
    9.73048568e-01 9.29989100e-01 7.39711702e-01 1.45400673e-01
    4.12694275e-01 9.17774081e-01 4.05737787e-01 6.89821362e-01
    5.04601061e-01 8.09960246e-01 2.74037510e-01 8.06234777e-02
    4.32994366e-02 5.39526701e-01 7.07054019e-01 5.58468521e-01
    8.24421644e-01 8.56166303e-01 5.44445634e-01 1.28091753e-01
    2.20119029e-01 5.61982870e-01 5.40724158e-01 6.18740678e-01
    8.60136271e-01 1.45346522e-02 1.44543052e-01 5.90512276e-01
    8.01286101e-03 4.13281322e-01 6.29558802e-01 4.51853216e-01
    1.59800649e-01 1.77424133e-01 9.36810672e-01 7.68496633e-01
    7.50454783e-01 3.32840145e-01 6.92518950e-02 3.11008930e-01
    6.36937916e-01 9.46351290e-01 7.06656396e-01 8.15514803e-01
    3.50808263e-01 4.01556253e-01 2.34598130e-01 8.39842796e-01
    1.97539896e-01 2.11886764e-02 6.87992573e-03 5.62300086e-02
    7.93184876e-01 3.91004324e-01 8.72520208e-01 9.97936606e-01
    6.32123351e-02 3.72082651e-01 7.41472840e-01 6.82511985e-01
    1.81243300e-01 0. 0. 0. 0. 0. 0. 0. 0. 0. 0. 5.48867345e-01
    5.29207706e-01 7.71912932e-01 5.98246753e-01 9.14054871e-01
    4.44643795e-02 2.98251510e-01 5.81494868e-01 6.83984995e-01
    9.09778178e-02 7.53203034e-01 9.72405434e-01 9.13793683e-01
    4.93846953e-01 5.76033235e-01 5.86341858e-01 6.67363405e-02
    9.39669847e-01 7.53908873e-01 2.96131730e-01 2.33123511e-01
    4.13371414e-01 1.62656575e-01 2.79468417e-01 4.67277765e-01
    3.13347071e-01 5.22761524e-01 1.93575889e-01 7.73714066e-01
    8.85506630e-01 1.89946026e-01 2.00357080e-01 7.99752653e-01
    4.79371458e-01 3.71635973e-01 7.13208556e-01 3.98879528e-01
    3.54850858e-01 1.60415351e-01 4.50342953e-01 6.47969186e-01
    7.46932745e-01 9.35016274e-01 2.04203129e-01 8.45035911e-01
    2.71560311e-01 1.63711548e-01 2.64660299e-01 6.48599386e-01
    3.40762883e-01 8.10958505e-01 9.39897239e-01 8.43606114e-01
    8.56999338e-01 2.71753013e-01 6.53888941e-01 7.44863749e-01
    8.07297468e-01 2.14745551e-01 5.02439916e-01 6.90411448e-01
    5.53761244e-01 9.63817835e-01 1.84969872e-01 7.28759527e-01
    4.18778688e-01 5.11885047e-01 1.12015575e-01 2.69692093e-01
    7.38816142e-01 7.29014397e-01 2.31499255e-01 3.23268592e-01
    1.67079568e-02 9.16005015e-01 6.14476502e-01 4.79622781e-02
    1.89041406e-01 8.81948531e-01 4.77791071e-01 3.60418022e-01
    3.95373374e-01 8.19143951e-02 7.59703159e-01 8.21354628e-01
    3.50733638e-01 4.07137245e-01 1.71092659e-01 7.65089035e-01
    9.52159345e-01 9.92336392e-01 4.09165621e-01 8.54836941e-01
    1.15039319e-01 8.44454288e-01 4.50180918e-01 9.24647927e-01
    9.90269959e-01 4.97022629e-01 2.18477100e-01 4.78849292e-01
    6.64656997e-01 7.00428843e-01 1.65155560e-01 3.42819870e-01
    4.96371925e-01 9.41459894e-01 5.14087141e-01 3.56731981e-01
    5.92682242e-01 7.63104439e-01 2.54103482e-01 9.50807512e-01
    1.47967339e-01 6.48004055e-01 4.59015369e-04 8.53051841e-02
    2.78141320e-01 1.14517808e-02 5.61768472e-01 3.08300674e-01
    3.53245735e-01 7.21763074e-02 2.72427022e-01 9.28249836e-01
    2.81840622e-01 7.29247808e-01 1.50655508e-02 6.16080761e-01
    4.61302280e-01 6.84796810e-01 4.58935797e-02 8.45654607e-01
    6.74874425e-01 8.93102288e-01 2.03660816e-01 1.22020602e-01
    8.31542253e-01 4.99652416e-01 9.42757010e-01 7.16180861e-01
    1.74029976e-01 6.91249669e-02 3.35138768e-01 1.08371049e-01
    1.42563820e-01 7.57297575e-02 4.12261724e-01 7.70997524e-01
    9.20521498e-01 3.69304985e-01 8.18669498e-02 2.76141942e-01
    4.98546660e-01 4.14887875e-01 4.08882380e-01 7.85106421e-03
    9.62057114e-01 4.89728838e-01 9.86060023e-01 2.45978832e-01
    6.56895041e-01 9.69816923e-01 2.23604470e-01 4.77633536e-01
    2.42854923e-01 2.15199977e-01 1.79209173e-01 6.86682463e-01
    1.86752826e-01 9.17291045e-01 5.63038588e-01 9.80980396e-01
    7.49620199e-01 3.05615008e-01 2.22720742e-01 5.37485778e-01
    6.97289824e-01 1.41611159e-01 7.21062660e-01 4.44269776e-01
    1.71203256e-01 6.86353743e-01 7.27781534e-01 7.20173240e-01
    8.55036557e-01 7.32501805e-01 5.86967885e-01 7.21910000e-01
    3.43814164e-01 9.37801898e-02 3.93795669e-01 9.05600488e-01
    2.46962160e-01 8.64424765e-01 8.84549618e-01 1.82807922e-01
    4.37049747e-01 9.48855102e-01 2.92577177e-01 8.30448508e-01
    5.93764842e-01 2.61499852e-01 4.54247713e-01 5.67319453e-01
    4.01501536e-01 2.13948190e-02 7.88702846e-01 6.66167915e-01
    2.68644810e-01 5.21149695e-01 2.05420613e-01 3.53848517e-01
    2.44364738e-01 7.78878093e-01 1.46463364e-01 7.57354021e-01
    6.57106638e-02 5.91790676e-01 7.45246589e-01 2.96809793e-01
    6.44372284e-01 2.24371850e-02 3.82797241e-01 1.44374222e-01
    1.52982086e-01 1.61703855e-01 2.19004691e-01 4.36702251e-01
    8.98573577e-01 9.17111397e-01 9.38313484e-01 5.00542045e-01
    6.76888704e-01 7.26991057e-01 5.47303140e-01 3.40994924e-01
    9.71305966e-01 7.98518419e-01 7.40500093e-01 2.40880579e-01
    1.66600466e-01 2.73540854e-01 8.34791780e-01 6.33359432e-01
    2.39184797e-01 3.03065926e-01 9.24969196e-01 7.76163161e-01
    1.61325306e-01 5.26436329e-01 3.02025914e-01 4.99666631e-02
    1.04928136e-01 6.43399417e-01 5.20292521e-01 0. 0. 0. 0. 0. 0. 0. 0.
    0. 0. 4.89263058e-01 4.67636317e-01 4.07753795e-01 5.59832752e-02
    4.92371202e-01 6.56235993e-01 4.89641130e-02 1.56839967e-01
    7.82471359e-01 1.36950344e-01 1.18016809e-01 9.48224902e-01
    5.13479233e-01 3.72685134e-01 6.64270997e-01 1.37333721e-01
    6.00541711e-01 9.55839396e-01 1.48418874e-01 4.12584066e-01
    4.01946425e-01 5.39235115e-01 5.27747691e-01 8.60623002e-01
    9.55292344e-01 1.54789805e-01 2.83199608e-01 5.23184955e-01
    6.96446896e-01 8.93323898e-01 3.91878188e-01 1.04699999e-01
    2.97231704e-01 2.40734309e-01 5.22672832e-02 4.20788229e-02
    1.14758611e-01 9.91671205e-01 8.12229514e-01 9.84585285e-01
    8.31447959e-01 8.93577933e-01 2.37780243e-01 3.54707241e-01
    8.23319912e-01 3.53007853e-01 5.32929003e-01 8.16308916e-01
    9.93691027e-01 7.77191877e-01 7.94826627e-01 3.24765742e-02
    4.21827137e-02 3.97810251e-01 9.14650559e-01 5.02306581e-01
    4.74808544e-01 7.56931365e-01 8.31948459e-01 9.93415654e-01
    2.20139831e-01 5.42022526e-01 5.07508814e-01 3.12499076e-01
    5.52142084e-01 1.37902290e-01 2.12548256e-01 7.92706609e-02
    2.18225539e-01 7.85778880e-01 7.38155127e-01 4.61319983e-02
    7.40553021e-01 5.65517366e-01 1.08736306e-01 7.49764204e-01
    5.16626537e-01 7.97037721e-01 8.23692977e-02 2.33699232e-01
    1.26614064e-01 5.62028885e-02 8.54689360e-01 3.99373293e-01
    5.29120088e-01 1.30426884e-02 9.92692292e-01 7.04810858e-01
    2.35598892e-01 4.51578677e-01 2.51402557e-01 7.99745679e-01
    4.41965878e-01 2.40303516e-01 1.14253730e-01 5.14252186e-01
    6.26301289e-01 7.48654842e-01 6.88407660e-01 6.88304245e-01
    7.63387918e-01 3.78004462e-01 7.68532217e-01 7.87808895e-01
    3.54484200e-01 4.54847395e-01 8.38664055e-01 6.47499084e-01
    3.84257376e-01 4.21547651e-01 5.48726499e-01 3.37578058e-02
    5.91097295e-01 3.56640607e-01 8.16402018e-01 4.30952162e-01
    2.38773793e-01 8.08645129e-01 3.75762135e-01 6.50058389e-02
    8.38119864e-01 9.11338449e-01 8.63105118e-01 2.54031390e-01
    6.92707956e-01 7.43533194e-01 7.42313683e-01 3.99647951e-01
    2.33085394e-01 8.99835348e-01 3.91656160e-01 4.52075899e-01
    3.15702379e-01 4.98462439e-01 4.68305439e-01 9.69459176e-01
    6.74124479e-01 6.18526340e-01 6.36328340e-01 2.59776711e-01
    5.89285195e-02 2.82683313e-01 8.60377789e-01 5.58682203e-01
    4.88831162e-01 2.68430233e-01 9.11407232e-01 4.46485043e-01
    8.42184424e-02 2.24835515e-01 5.29357851e-01 7.78255820e-01
    3.95360857e-01 6.42137825e-01 7.50282705e-01 9.21196461e-01
    6.22198403e-01 5.59593439e-01 2.46907473e-01 9.26712394e-01
    1.11305386e-01 7.91896224e-01 1.62474304e-01 7.82032311e-02
    9.66414213e-01 9.10278857e-01 1.94903225e-01 2.47520208e-01
    7.32493401e-02 2.53679574e-01 4.67405587e-01 9.13127780e-01
    9.09532785e-01 8.38485062e-02 4.57393020e-01 1.99128389e-02
    1.54767692e-01 6.17973208e-02 6.84427857e-01 4.97885853e-01
    3.46679509e-01 2.31005162e-01 6.90870285e-02 9.71524358e-01
    9.14193809e-01 9.04721498e-01 8.97206068e-01 5.37932754e-01
    9.57290828e-01 5.48523188e-01 3.12997103e-02 7.55104005e-01
    3.28149796e-01 8.82216334e-01 7.70692587e-01 1.76999301e-01
    4.20643210e-01 3.40734333e-01 3.80802989e-01 3.90238136e-01
    2.10629731e-01 1.76391006e-01 9.71401930e-02 9.44714308e-01
    4.20666873e-01 8.69564891e-01 8.86931419e-01 3.32829833e-01
    3.96219343e-01 9.91312563e-02 4.88621771e-01 7.42951632e-01
    7.20647216e-01 3.09630692e-01 4.14449871e-01 6.09745085e-01
    2.23804027e-01 4.73953784e-01 5.26148677e-01 2.36748159e-02
    2.34175414e-01 8.21042538e-01 7.14628279e-01 8.05904031e-01
    4.01978076e-01 3.70602012e-01 1.31315112e-01 1.88988805e-01
    5.83860874e-02 2.51109302e-01 5.97038507e-01 1.20576501e-01
    1.18756026e-01 6.98854506e-01 8.87409270e-01 9.42421973e-01
    5.90790510e-02 6.03542924e-02 5.00700831e-01 9.57950473e-01
    8.73703480e-01 9.73222971e-01 8.50589395e-01 2.89822936e-01
    9.17686105e-01 8.76212478e-01 9.77010250e-01 2.72217840e-01
    4.13430631e-01 8.30703914e-01 7.29189157e-01 3.28647971e-01
    7.60681272e-01 8.04537058e-01 5.60392141e-02 5.89513719e-01 0. 0. 0.
    0. 0. 0. 0. 0. 0. 0. 2.82051384e-01 4.78355855e-01 8.98978710e-01
    6.26298547e-01 7.58845985e-01 7.87168503e-01 3.51883471e-01
    5.24373174e-01 4.04657781e-01 4.96370733e-01 2.61973232e-01
    6.87698126e-01 3.33167195e-01 5.84558785e-01 1.48614287e-01
    9.99770463e-02 3.69976282e-01 2.10315228e-01 2.15564698e-01
    8.80384922e-01 8.72457743e-01 1.65525317e-01 4.66481268e-01
    4.26741034e-01 3.60317349e-01 9.91003156e-01 7.66749620e-01
    8.70851815e-01 6.53698981e-01 9.32908714e-01 5.95552266e-01
    9.63209510e-01 9.26948369e-01 2.87292063e-01 3.47751677e-01
    8.82351041e-01 7.68597245e-01 1.71638161e-01 2.58154631e-01
    6.78434134e-01 1.80859059e-01 8.75641704e-01 8.71575773e-01
    4.72040445e-01 7.59005904e-01 5.09467602e-01 1.41623348e-01
    8.72651577e-01 4.45834607e-01 5.43303430e-01 6.35292768e-01
    7.23444402e-01 6.96631312e-01 5.99907696e-01 1.44794732e-01
    3.67968082e-01 4.91010368e-01 5.84959090e-01 7.65727520e-01
    6.65604055e-01 2.04877615e-01 3.90063167e-01 7.71694601e-01
    3.03960264e-01 8.11764717e-01 3.74378443e-01 1.63007289e-01
    6.65420294e-01 8.61290276e-01 8.46698761e-01 5.57137430e-01
    2.37775147e-02 9.79766488e-01 4.70994473e-01 5.25909245e-01
    2.75199652e-01 1.79506361e-01 5.46824455e-01 5.99437773e-01
    1.26237065e-01 5.22102237e-01 2.83884138e-01 9.85804081e-01
    6.80564702e-01 2.53443658e-01 7.92943478e-01 7.81464934e-01
    5.84550619e-01 8.14873457e-01 5.79005182e-01 8.47324550e-01
    7.06911564e-01 4.81221080e-02 7.77152121e-01 5.41679502e-01
    5.03696382e-01 5.80029368e-01 5.98617554e-01 2.31894076e-01
    7.87026167e-01 7.43695796e-02 6.29978836e-01 1.50154293e-01
    4.52299029e-01 6.58261776e-01 4.52274472e-01 6.52543783e-01
    7.87341893e-01 5.01364172e-01 7.41780281e-01 6.48794711e-01
    8.11232090e-01 6.88837051e-01 4.06985670e-01 8.71146798e-01
    2.80519366e-01 3.20088327e-01 8.85955274e-01 6.50327444e-01
    9.32384849e-01 7.28017330e-01 1.48217976e-01 4.89044309e-01
    7.27710605e-01 7.90752053e-01 4.95691597e-01 9.08580065e-01
    5.08368075e-01 4.13025737e-01 2.93150723e-01 3.42538714e-01
    7.25092053e-01 1.73878670e-02 2.51652300e-01 8.72458816e-01
    1.91079468e-01 6.76999688e-02 4.64733899e-01 2.41194308e-01
    9.54609454e-01 9.88287687e-01 7.44016886e-01 2.52394438e-01
    2.95873255e-01 6.43799245e-01 2.13605762e-01 3.05280030e-01
    4.25651073e-02 1.11447275e-01 6.63644552e-01 9.83778596e-01
    6.94602370e-01 9.27739382e-01 3.59057724e-01 7.17945278e-01
    2.39014626e-04 6.08336627e-02 7.76300192e-01 3.55863661e-01
    6.17344320e-01 1.01900667e-01 5.21299839e-02 6.69873238e-01
    2.19926924e-01 7.55059481e-01 8.50979567e-01 1.14357531e-01
    6.75536990e-02 5.53765357e-01 3.83331269e-01 5.00933528e-01
    4.98979032e-01 6.34603202e-02 6.22734010e-01 7.35672832e-01
    9.79521990e-01 9.39334512e-01 6.97683215e-01 3.02779615e-01
    4.25090700e-01 2.72339761e-01 8.38039875e-01 4.67142522e-01
    3.93352509e-02 6.25206947e-01 1.53394639e-02 6.85972631e-01
    1.81175828e-01 1.13323241e-01 3.96612704e-01 5.93188226e-01
    1.45630002e-01 5.66653907e-01 7.41525054e-01 3.76793832e-01
    4.90781903e-01 6.14530683e-01 8.88223648e-01 4.92960244e-01
    4.49634701e-01 9.26900148e-01 4.42562342e-01 4.78946626e-01
    7.96906948e-01 6.18170142e-01 3.05702358e-01 2.64492810e-01
    8.92532885e-01 3.10326815e-01 1.17267847e-01 3.49620581e-01
    4.33758736e-01 9.09244418e-01 4.30953354e-01 8.25326383e-01
    8.58420253e-01 1.50409758e-01 7.57293582e-01 7.57843018e-01
    5.25328815e-01 3.42579186e-01 9.84498501e-01 8.00620139e-01
    4.91121411e-03 1.49484098e-01 2.60445356e-01 7.61088848e-01
    7.09744453e-01 3.77595484e-01 4.95865345e-02 8.65558028e-01
    9.50795174e-01 5.50582051e-01 7.68798351e-01 1.16990119e-01
    6.56244993e-01 2.89287031e-01 4.82025594e-01 8.11277688e-01
    3.37257951e-01 2.65864700e-01 2.26332366e-01 2.01359242e-01
    6.67254925e-01 6.61860526e-01 8.20570409e-01 7.93198466e-01
    8.88290763e-01 1.38318241e-02 3.55521798e-01 7.70632803e-01
    7.10146308e-01 2.82619119e-01 6.09346747e-01 8.98402572e-01
    2.19351649e-01 0. 0. 0. 0. 0. 0. 0. 0. 0. 0. 9.13173735e-01
    7.56119728e-01 1.06074810e-01 4.81297791e-01 9.82632637e-01
    3.70866358e-02 2.87635803e-01 1.48796529e-01 8.31943512e-01
    7.93254733e-01 8.47715735e-01 9.76348758e-01 1.12022221e-01
    8.44855189e-01 5.94659626e-01 5.30530572e-01 2.84072161e-01
    5.77314794e-01 3.16322565e-01 4.05159235e-01 3.24751139e-02
    4.16964918e-01 2.47848511e-01 2.79772431e-01 1.25241250e-01
    5.64792454e-01 8.06013048e-01 3.69093001e-01 9.25544798e-02
    2.15542942e-01 6.01021528e-01 4.64305192e-01 3.75121593e-01
    2.98566461e-01 2.16497242e-01 2.08757818e-02 1.32812768e-01
    4.77064520e-01 5.44081509e-01 2.60859638e-01 5.78299403e-01
    9.66777205e-01 9.68272686e-02 3.61133993e-01 1.65409148e-02
    7.68596530e-01 7.58470893e-01 4.12658930e-01 1.67726457e-01
    3.67488682e-01 6.34831965e-01 7.41583824e-01 4.63611841e-01
    9.73445415e-01 2.97995865e-01 7.44902730e-01 2.12797284e-01
    1.31823093e-01 7.69248605e-03 5.15748560e-01 4.92225081e-01
    8.55573535e-01 9.57518518e-02 8.70978713e-01 2.88556516e-02
    8.49135160e-01 9.12409425e-01 7.21359015e-01 8.59658778e-01
    3.07063520e-01 3.85723710e-01 9.64280844e-01 5.94420075e-01
    3.44290853e-01 3.94539535e-02 1.26840949e-01 1.34178996e-02
    5.18787444e-01 7.56772518e-01 8.23660493e-01 3.47030222e-01
    8.17928851e-01 7.36667514e-01 2.02484608e-01 4.62043494e-01
    1.03404880e-01 7.06059694e-01 8.31102610e-01 6.22141659e-02
    9.65612292e-01 5.53654492e-01 4.98313189e-01 7.54778504e-01
    4.89837259e-01 2.38389641e-01 9.89838839e-01 8.91939700e-02
    6.21459186e-02 4.26480472e-02 1.44105613e-01 3.84362012e-01
    9.97592747e-01 3.05529833e-01 5.15223980e-01 8.23051095e-01
    6.90470815e-01 9.33451593e-01 6.94775581e-01 8.99485826e-01
    4.60552186e-01 4.00217652e-01 8.09049726e-01 3.32053781e-01
    4.71750349e-01 1.43119663e-01 2.87187934e-01 8.23492110e-02
    6.88756227e-01 3.99411827e-01 4.15207505e-01 7.91552782e-01
    8.17256153e-01 1.52322441e-01 2.42904127e-02 9.54063475e-01
    1.40421242e-01 1.17036700e-03 7.56361067e-01 2.87001431e-01
    8.90130162e-01 4.33194220e-01 5.19500911e-01 5.38439155e-02
    1.37326181e-01 5.04207313e-01 5.06277025e-01 2.70930409e-01
    2.08497822e-01 6.99322879e-01 8.95184278e-01 1.22056484e-01
    4.68422472e-02 7.84917295e-01 8.99756908e-01 5.33551276e-01
    7.70313740e-01 3.59213173e-01 4.40169781e-01 8.82744431e-01
    4.74284649e-01 4.97834831e-01 8.89553308e-01 4.02954072e-01
    6.45253539e-01 2.05718517e-01 2.78363645e-01 5.72943449e-01
    7.88885653e-01 4.53363597e-01 2.91702330e-01 8.56861472e-01
    7.26119101e-01 3.90316010e-01 5.85799456e-01 1.61968768e-01
    2.70401210e-01 8.46367002e-01 6.35875046e-01 9.29474711e-01
    4.06872213e-01 3.03919554e-01 7.69760907e-01 8.44072104e-01
    7.79713094e-02 4.38042551e-01 7.75816321e-01 4.86176670e-01
    3.91153038e-01 4.09765214e-01 7.50520468e-01 9.70115185e-01
    1.19669318e-01 8.42101455e-01 4.06588018e-02 9.70243335e-01
    5.38587868e-02 5.63837469e-01 3.03286314e-03 7.48893380e-01
    8.79330039e-02 8.64565432e-01 9.27310348e-01 1.36185735e-01
    2.55176663e-01 9.88436043e-01 5.38893759e-01 5.76307356e-01
    2.44132757e-01 4.97768760e-01 1.63979769e-01 9.46625113e-01
    7.19627261e-01 3.87170017e-02 4.68406498e-01 3.68806839e-01
    2.55323559e-01 3.44267815e-01 4.65548664e-01 5.39816022e-01
    6.53236628e-01 8.48658860e-01 2.09425688e-01 9.66991067e-01
    8.07289302e-01 5.68831444e-01 2.22885579e-01 4.83031780e-01
    5.98607123e-01 2.31591702e-01 2.92010725e-01 2.02806652e-01
    9.31332707e-01 7.48875737e-01 2.45480746e-01 3.46276402e-01
    6.77925944e-02 7.26459146e-01 9.30144191e-02 6.30435348e-01
    9.70350146e-01 9.36158001e-02 7.65789449e-02 5.06888568e-01
    3.76724362e-01 7.46747851e-02 2.74360299e-01 4.25716192e-01
    8.54226112e-01 9.93545353e-02 9.77105260e-01 1.72922105e-01
    8.16096663e-01 1.08109117e-02 6.83422804e-01 5.19875586e-01
    4.37816441e-01 7.91764736e-01 5.25662899e-02 3.81236047e-01
    3.26272786e-01 5.54406404e-01 5.96679568e-01 1.24267459e-01
    1.41443402e-01 6.92362189e-02 3.29861045e-03 0. 0. 0. 0. 0. 0. 0. 0.
    0. 0. 7.00536370e-01 2.90025353e-01 2.74580777e-01 4.01512712e-01
    5.27513564e-01 9.54402983e-01 8.34210873e-01 2.88352549e-01
    4.32065338e-01 2.60103345e-02 2.95267522e-01 5.32478392e-01
    8.66105080e-01 1.34789944e-03 4.09736037e-02 3.35488617e-01
    5.18216610e-01 9.97923613e-01 6.88557327e-02 7.32733190e-01
    2.07434595e-01 5.02535701e-03 2.83530176e-01 3.23220849e-01
    9.78515506e-01 9.66438770e-01 3.36988688e-01 6.78527832e-01
    2.78997421e-01 9.36838984e-01 4.18119460e-01 8.22741687e-02
    4.76082325e-01 7.90212512e-01 4.93215919e-02 2.67261058e-01
    2.85829902e-01 1.32572204e-01 9.15159106e-01 2.98535794e-01
    4.66553539e-01 2.03430355e-02 4.05145586e-02 9.11509097e-02
    2.34605968e-01 7.63776243e-01 1.48972541e-01 5.02080798e-01
    1.09536976e-01 9.78406429e-01 1.01054430e-01 3.14188898e-02
    6.20630920e-01 8.47582102e-01 3.13221335e-01 1.14631146e-01
    4.18271959e-01 2.64792204e-01 6.62876487e-01 4.62599546e-01
    6.38948739e-01 3.54387552e-01 8.49993110e-01 8.01727831e-01
    6.98948860e-01 4.74738300e-01 1.43830478e-01 7.69330859e-01
    1.27483934e-01 6.91264868e-04 8.28876019e-01 3.04003477e-01
    8.35056901e-01 7.07628965e-01 2.10934371e-01 1.15619242e-01
    8.38995099e-01 7.04232991e-01 6.80879474e-01 3.39963287e-01
    3.42771113e-01 9.43326890e-01 7.91329384e-01 7.92497635e-01
    6.40538573e-01 8.28910470e-01 7.95879006e-01 3.69948983e-01
    7.53278375e-01 2.14270145e-01 5.52178681e-01 1.91892743e-01
    4.46009845e-01 1.14973396e-01 8.10898066e-01 1.07090652e-01
    4.34237182e-01 4.70999628e-01 6.56324208e-01 6.34335756e-01
    5.61586618e-01 3.82728815e-01 9.61785853e-01 1.26855731e-01
    7.05523491e-01 8.21523309e-01 2.64514774e-01 5.14699996e-01
    6.06167197e-01 6.98436618e-01 4.02310282e-01 1.10303342e-01
    6.74977601e-02 1.14011049e-01 7.68149972e-01 4.63472128e-01
    7.65248179e-01 1.24957889e-01 3.17237288e-01 4.80937660e-02
    8.75764251e-01 1.78027958e-01 5.69243491e-01 3.66050899e-02
    8.20022106e-01 1.98252112e-01 9.06254053e-01 1.35306895e-01
    5.76084077e-01 3.50840211e-01 7.94121802e-01 5.67176461e-01
    5.16125560e-01 8.95250678e-01 4.12945688e-01 9.53818917e-01
    9.58192170e-01 9.60232735e-01 2.62909085e-01 2.36660838e-01
    9.60795462e-01 7.81761169e-01 4.29507196e-01 6.09503448e-01
    9.91627157e-01 5.81795931e-01 2.80924708e-01 6.63756967e-01
    8.55873466e-01 2.42565274e-01 1.93570882e-01 4.02361333e-01
    9.06359434e-01 9.30255651e-03 9.23258662e-02 6.01759315e-01
    4.70967948e-01 9.75139260e-01 8.66860151e-01 1.17926627e-01
    1.50180578e-01 2.69338787e-01 9.75589514e-01 5.60436785e-01
    1.66913956e-01 8.31456780e-01 8.68669808e-01 2.11480647e-01
    4.50167030e-01 1.65979087e-01 2.55282879e-01 7.92463660e-01
    9.89901304e-01 2.96186924e-01 7.72788525e-02 2.64538229e-01
    7.41335750e-02 5.50420880e-01 3.92184675e-01 7.75888085e-01
    9.19476748e-01 5.37232935e-01 2.45994866e-01 7.35879362e-01
    9.30796266e-01 6.13137484e-01 3.42860013e-01 6.91396773e-01
    7.08791256e-01 4.62652355e-01 4.53813791e-01 9.24345970e-01
    8.73971343e-01 1.03984565e-01 6.43189192e-01 7.03190088e-01
    9.93492723e-01 1.85264975e-01 7.36822486e-02 3.08856368e-03
    6.90705061e-01 8.36835325e-01 9.30557728e-01 6.31641448e-02
    7.23117054e-01 4.44764614e-01 2.16254890e-01 8.25481176e-01
    3.43870729e-01 6.24901831e-01 4.30493802e-01 6.35768771e-01
    8.34561110e-01 5.09133220e-01 3.32059264e-01 5.36613941e-01
    4.19255733e-01 9.24704671e-02 1.43855602e-01 4.00071025e-01
    3.23367715e-02 8.56335163e-02 5.13554990e-01 8.47115397e-01
    3.74325812e-01 9.88064885e-01 3.06174248e-01 2.46149659e-01
    2.08136350e-01 6.51016116e-01 8.61276746e-01 2.34189034e-02
    2.26305991e-01 6.92827702e-02 8.60749722e-01 7.68790781e-01
    2.44479448e-01 9.10327315e-01 1.33450180e-01 3.78503114e-01
    6.21485531e-01 4.02722597e-01 5.68487346e-01 1.36558920e-01
    7.39289582e-01 3.23487788e-01 3.79879773e-01 8.88124108e-03
    1.72103137e-01 6.01257801e-01 2.29759008e-01 4.55895960e-01
    6.46849692e-01 2.18600631e-02 6.17671847e-01 8.80772531e-01 0. 0. 0.
    0. 0. 0. 0. 0. 0. 0. 4.04674411e-02 7.19994307e-02 5.63441277e-01
    2.52315283e-01 3.03374410e-01 2.21925378e-02 9.40574527e-01
    3.69023055e-01 2.63601273e-01 2.82191336e-01 4.16306674e-01
    3.42760086e-02 6.84685767e-01 8.01995754e-01 7.34949887e-01
    4.49046195e-02 5.59815764e-02 6.91427946e-01 3.53292406e-01
    1.97926581e-01 8.25356960e-01 8.92053187e-01 6.75864637e-01
    3.11889529e-01 6.64022267e-02 2.98596084e-01 5.52168012e-01
    3.18440974e-01 8.70266438e-01 8.25039983e-01 5.10948837e-01
    9.83765602e-01 8.40525389e-01 1.30695999e-01 1.95189357e-01
    7.24841237e-01 5.55787623e-01 7.03444183e-01 4.49376434e-01
    1.07277632e-01 9.12626266e-01 7.30939627e-01 5.28984666e-01
    9.86729085e-01 4.41352129e-02 9.40684319e-01 1.48209512e-01
    6.55829310e-01 2.78261125e-01 5.56847930e-01 5.51737368e-01
    5.61758280e-01 8.55169177e-01 3.20908368e-01 5.95979929e-01
    9.34706688e-01 7.82308698e-01 8.71278346e-02 6.47178590e-02
    7.99254656e-01 5.77396870e-01 8.26504409e-01 9.97423172e-01
    7.51728237e-01 6.06656969e-01 6.20760739e-01 4.17139322e-01
    7.34409332e-01 8.68383765e-01 1.34352416e-01 3.65821004e-01
    2.85075903e-01 8.14681590e-01 3.08778882e-01 1.96380377e-01
    6.92046940e-01 1.41561776e-01 3.32333922e-01 9.64164376e-01
    5.13902843e-01 8.14476311e-01 8.41074109e-01 2.15041637e-02
    2.94860363e-01 2.31436640e-01 2.77769715e-01 9.76807356e-01
    2.14664608e-01 6.00969315e-01 2.25053251e-01 5.60348570e-01
    5.85405052e-01 3.48750234e-01 4.81134683e-01 1.90723926e-01
    8.77352715e-01 6.56912088e-01 8.23721766e-01 3.32521528e-01
    3.53970528e-01 7.28454232e-01 7.18093157e-01 1.79174244e-01
    7.85042644e-02 5.11490047e-01 5.43212652e-01 3.20712268e-01
    4.30201441e-01 6.87685728e-01 9.33902383e-01 5.74703217e-01
    4.69328105e-01 5.67192614e-01 7.86638021e-01 1.18441492e-01
    3.09380293e-01 1.25206828e-01 5.71352959e-01 8.19323540e-01
    3.61975938e-01 2.60439754e-01 4.19733882e-01 3.84243280e-01
    4.89355683e-01 6.29299760e-01 8.57732177e-01 2.74143577e-01
    8.90064299e-01 2.78820097e-02 2.99750447e-01 2.13972569e-01
    3.37599814e-01 7.93980420e-01 6.29701436e-01 7.03769028e-01
    6.96240187e-01 8.90559852e-01 2.48850584e-02 4.47983682e-01
    3.63866210e-01 6.54218018e-01 1.32874846e-02 9.06466782e-01
    8.40303302e-02 2.59229481e-01 6.55169785e-01 1.80055320e-01
    8.11936140e-01 6.19447827e-02 4.42139745e-01 5.76552033e-01
    8.98466408e-01 7.37865806e-01 6.62504435e-02 2.77142465e-01
    9.35118198e-01 2.72927135e-01 4.47277606e-01 9.00594592e-01
    8.96920264e-01 2.10891634e-01 5.53770185e-01 3.06453496e-01
    9.44453597e-01 8.07051361e-02 8.51651549e-01 2.55630553e-01
    9.20172095e-01 7.27832317e-02 8.47773671e-01 8.87153208e-01
    2.23147154e-01 5.89140296e-01 1.92925334e-02 6.38671398e-01
    2.94297934e-04 7.60033369e-01 2.33459860e-01 1.90900743e-01
    6.57941103e-02 3.26050282e-01 6.37018144e-01 7.21078455e-01
    5.34622967e-02 1.63802534e-01 9.60246563e-01 9.09316421e-01
    2.36003995e-01 2.22495228e-01 9.89036202e-01 3.69061142e-01
    6.51299953e-01 1.72742754e-01 2.44167060e-01 5.93285859e-02
    1.63799942e-01 1.95786983e-01 9.75127459e-01 2.68729866e-01
    3.05789411e-01 4.01941538e-01 5.27747095e-01 3.12670767e-01
    2.82397240e-01 2.41208404e-01 4.27885175e-01 7.32771754e-02
    4.22827482e-01 6.68247461e-01 5.43615878e-01 9.47616935e-01
    6.88645840e-01 4.33152854e-01 6.35682046e-01 3.90217125e-01
    5.45729101e-02 5.26860714e-01 8.39641392e-02 8.94185543e-01
    7.24431217e-01 1.71701431e-01 6.83268428e-01 7.75392354e-02
    3.33143175e-01 3.58821988e-01 6.22119367e-01 4.76081043e-01
    7.78891206e-01 8.09297621e-01 5.12525439e-03 7.01008618e-01
    7.94734120e-01 9.63127911e-02 1.13166571e-01 9.09896791e-02
    7.47607410e-01 4.31195468e-01 4.69483137e-02 5.16035199e-01
    7.50438213e-01 3.19751620e-01 8.61448646e-01 2.50485957e-01
    7.11734295e-01 6.21814132e-01 7.10807621e-01 1.39143765e-02
    4.80352849e-01 3.04231793e-01 8.88680935e-01 7.57460713e-01
    2.44610578e-01 5.38081944e-01 5.66216230e-01 2.02423900e-01
    5.67341328e-01 0. 0. 0. 0. 0. 0. 0. 0. 0. 0. 3.60769123e-01
    1.21731788e-01 9.42338407e-02 4.28626567e-01 7.96075702e-01
    6.49541259e-01 6.29556298e-01 5.27819216e-01 1.04451180e-01
    2.26083934e-01 3.61113340e-01 8.29951584e-01 5.31040072e-01
    6.91045523e-02 8.47021699e-01 2.86372185e-01 4.00290787e-02
    9.39117432e-01 6.17681205e-01 3.42740178e-01 1.27612919e-01
    4.04165745e-01 6.77720070e-01 4.40248668e-01 1.38373286e-01
    9.81981635e-01 2.70922363e-01 5.45286477e-01 2.21668214e-01
    5.58735549e-01 6.84548616e-01 2.68718123e-01 8.50152016e-01
    4.06862110e-01 9.83408570e-01 4.64044362e-01 7.73022830e-01
    4.61012483e-01 5.87296605e-01 7.23478436e-01 5.44660449e-01
    7.89007902e-01 6.56063259e-01 9.01228309e-01 3.91785592e-01
    3.07303965e-01 6.80271983e-01 4.55419809e-01 9.38698053e-01
    5.67119360e-01 5.74568510e-01 8.87818813e-01 7.18606710e-01
    6.42210424e-01 3.76046896e-01 5.03201187e-02 5.95288098e-01
    8.35281909e-02 4.33395833e-01 4.71099198e-01 4.92919505e-01
    6.24115169e-01 6.53067112e-01 1.44265890e-02 2.15634108e-01
    8.12428415e-01 9.14447725e-01 6.07496977e-01 3.39245498e-01
    7.01453269e-01 4.94714022e-01 8.23988318e-01 6.15390122e-01
    4.86576676e-01 3.66086900e-01 1.33624375e-02 6.26244664e-01
    1.60014570e-01 8.19061399e-01 5.05249918e-01 3.62280369e-01
    5.66623330e-01 2.00140804e-01 9.51325595e-02 7.27020800e-02
    1.44201070e-01 3.48539054e-01 2.10852116e-01 2.83861995e-01
    6.97398901e-01 4.37382817e-01 7.28631675e-01 8.28115344e-01
    4.43710089e-02 2.21271664e-01 2.10723370e-01 3.32386017e-01
    7.71082759e-01 4.00687486e-01 8.27375174e-01 9.96167362e-01
    3.59220326e-01 1.00570440e-01 7.25908577e-01 9.33154643e-01
    7.96469569e-01 4.37545300e-01 4.33782130e-01 6.34365439e-01
    3.47557694e-01 5.70248425e-01 6.09893799e-02 4.36047912e-02
    5.74766278e-01 2.07316190e-01 8.32495034e-01 3.33098263e-01
    7.10177422e-03 6.11935318e-01 1.06227368e-01 1.16005510e-01
    6.44937932e-01 6.16233587e-01 8.98947299e-01 6.05294466e-01
    8.84066939e-01 4.31496859e-01 5.27565420e-01 7.30239093e-01
    2.34778285e-01 5.73529601e-01 8.61980915e-02 5.35630882e-01
    8.56759906e-01 4.67089742e-01 4.99127239e-01 9.41984296e-01
    2.13789493e-01 8.67694020e-01 4.62621987e-01 9.40370202e-01
    7.36417234e-01 3.24469388e-01 3.64311129e-01 7.19812810e-01
    8.45965147e-02 7.44022965e-01 9.93166208e-01 1.16733968e-01
    6.40062332e-01 5.36718249e-01 5.10479271e-01 7.66084552e-01
    3.81729960e-01 7.05887437e-01 8.58429074e-01 8.30868900e-01
    8.36757362e-01 1.68898433e-01 9.19718623e-01 2.71996289e-01
    3.43993306e-01 8.32213402e-01 4.72273529e-01 4.34965491e-01
    6.79429471e-02 6.68534815e-01 1.72893971e-01 3.73445749e-01
    5.35780311e-01 8.47337127e-01 4.87020046e-01 7.63944268e-01
    6.64687574e-01 7.56643534e-01 2.97406018e-01 2.37924516e-01
    6.49500012e-01 1.88839436e-02 6.16644025e-02 3.92916620e-01
    9.21867609e-01 1.88445687e-01 4.97800678e-01 4.91794556e-01
    9.01638269e-01 7.11019218e-01 1.63099051e-01 2.39609838e-01
    5.49678445e-01 7.81538963e-01 4.43382949e-01 7.25219369e-01
    5.45811951e-01 6.97000027e-01 3.87191534e-01 8.34694266e-01
    1.11410946e-01 7.57485628e-01 2.59628177e-01 5.13214469e-02
    6.06548607e-01 5.52805603e-01 3.65850687e-01 1.21264964e-01
    9.16296482e-01 6.27286434e-01 4.01990891e-01 7.94519067e-01
    6.89226747e-01 5.36211073e-01 7.79681802e-01 8.61622572e-01
    8.33091438e-02 8.04647684e-01 9.87618983e-01 5.08504987e-01
    6.62905335e-01 7.51715183e-01 7.82900870e-01 7.74836123e-01
    1.95846349e-01 9.13576484e-02 2.95910865e-01 2.92007029e-02
    9.47172761e-01 7.34772801e-01 8.81770253e-01 3.56637657e-01
    8.47569108e-02 5.75678527e-01 9.34081078e-01 5.69859743e-02
    3.68921578e-01 4.97257531e-01 4.26448733e-01 3.46719265e-01
    6.17071688e-01 9.56795514e-02 1.73076391e-01 9.15097177e-01
    1.35483474e-01 1.75605088e-01 5.62766790e-01 9.08560455e-01
    5.08125722e-02 9.14754510e-01 9.25641060e-01 2.15750068e-01
    7.16341853e-01 4.32417035e-01 2.20826566e-01 1.42691523e-01
    9.50297117e-01 4.22019958e-02 2.68247664e-01 0. 0. 0. 0. 0. 0. 0. 0.
    0. 0. 7.30513334e-01 9.12938237e-01 5.81004620e-02 4.58417028e-01
    6.02427721e-02 6.47333324e-01 7.16164410e-02 7.73878813e-01
    6.95796371e-01 2.93971956e-01 5.75551093e-01 6.36411726e-01
    6.78016126e-01 6.42463207e-01 5.47139049e-01 9.96231318e-01
    3.99530917e-01 1.54212981e-01 6.97954297e-01 9.90548432e-02
    7.76947498e-01 9.85844493e-01 6.39183939e-01 4.86356705e-01
    9.36811090e-01 2.59557456e-01 8.06653261e-01 2.98554152e-01
    7.85728693e-02 7.54805803e-02 7.83405662e-01 8.74226570e-01
    9.93787408e-01 3.01434278e-01 8.66451502e-01 3.98447096e-01
    8.85825634e-01 3.65205139e-01 6.98048592e-01 9.85099077e-01
    4.42265719e-01 7.84846663e-01 8.98264647e-01 8.56272101e-01
    2.97232002e-01 9.95591998e-01 6.52491748e-01 9.43759084e-01
    4.41658497e-01 3.61349702e-01 9.17826951e-01 1.59242868e-01
    4.20882374e-01 8.98340106e-01 2.16150522e-01 3.74578953e-01
    2.58662283e-01 6.18403256e-02 9.46966767e-01 7.38161683e-01
    3.48136604e-01 9.58762228e-01 6.79435909e-01 5.69563985e-01
    8.34166467e-01 9.92554545e-01 7.42905080e-01 9.83926237e-01
    3.91123980e-01 6.69545174e-01 1.27269089e-01 1.99847341e-01
    2.21303105e-01 7.93417811e-01 8.25390220e-03 2.58304060e-01
    8.10070157e-01 2.56698817e-01 3.81511450e-03 7.75701523e-01
    5.33981442e-01 8.53978992e-01 7.24332035e-01 2.10232764e-01
    3.30829620e-01 5.79604387e-01 4.28864747e-01 9.97684836e-01
    6.29151583e-01 8.19417536e-02 1.51221037e-01 3.35884601e-01
    1.95709646e-01 3.29466999e-01 6.77384615e-01 2.40070939e-01
    3.39379311e-01 6.68889582e-02 6.61751270e-01 5.90461791e-01
    3.47092748e-03 6.36922956e-01 1.60908103e-02 1.25332892e-01
    3.73482704e-03 5.18100560e-01 7.11146116e-01 8.49297047e-01
    9.94091034e-02 1.99762225e-01 5.22211075e-01 9.36760664e-01
    2.41812497e-01 3.26117337e-01 5.74604869e-01 7.22759247e-01
    7.53141522e-01 6.01819992e-01 1.70956492e-01 5.42593420e-01
    7.14681566e-01 2.27837622e-01 1.38260484e-01 6.08899295e-01
    6.83770895e-01 7.19846070e-01 3.77592206e-01 1.96175456e-01
    5.23853362e-01 4.01555657e-01 3.20697397e-01 2.43517876e-01
    5.63392103e-01 2.07401216e-02 5.57573974e-01 6.80935621e-01
    6.21984720e-01 8.13550770e-01 6.18489563e-01 1.19063795e-01
    8.22728276e-02 7.36102343e-01 7.84990668e-01 2.83016205e-01
    2.25541443e-01 5.04097342e-01 9.41019416e-01 3.53478163e-01
    8.28291655e-01 8.79413724e-01 7.49048591e-01 3.67327988e-01
    4.40910369e-01 1.75889134e-02 4.49787378e-01 6.94386661e-02
    8.39666367e-01 1.57632709e-01 5.74815571e-01 7.87041426e-01
    2.49355376e-01 9.14496779e-01 7.83136129e-01 4.37462330e-01
    8.73867214e-01 9.35806632e-02 2.64156044e-01 6.29263282e-01
    8.66189718e-01 7.19861865e-01 9.54484105e-01 1.05948627e-01
    4.92606133e-01 7.60793567e-01 2.66594589e-02 8.81376326e-01
    5.53578019e-01 9.82386708e-01 8.48474145e-01 1.11973137e-01
    2.42790371e-01 6.12250388e-01 8.74473155e-01 9.30637002e-01
    9.62696612e-01 8.19124579e-01 9.87818778e-01 4.03541595e-01
    5.96009970e-01 6.83938026e-01 2.59542525e-01 3.24414313e-01
    4.44660366e-01 8.27102304e-01 1.37208700e-01 6.78234994e-01
    3.63145351e-01 9.47356105e-01 7.21095562e-01 2.93893039e-01
    4.04376268e-01 3.79037410e-01 7.77849555e-01 2.13420987e-01
    8.90826464e-01 7.90204883e-01 5.46758711e-01 9.02336001e-01
    1.74089670e-02 7.10957646e-01 8.91774476e-01 1.88734859e-01
    2.56044269e-02 5.06092668e-01 3.61676097e-01 4.69424784e-01
    1.58904076e-01 5.67812920e-01 1.03407502e-02 9.09389973e-01
    7.99494505e-01 2.41395026e-01 6.64329171e-01 3.10408562e-01
    3.12761366e-02 8.70316863e-01 2.91582167e-01 2.09371984e-01
    6.39541090e-01 9.27445531e-01 3.35292876e-01 5.16347766e-01
    7.48136938e-02 3.34001482e-01 2.04413533e-02 6.70146763e-01
    6.91985667e-01 3.03334832e-01 4.35198545e-01 3.72648627e-01
    4.76744980e-01 6.10028863e-01 5.84362805e-01 2.04453826e-01
    7.18173742e-01 3.13160747e-01 6.91702008e-01 4.86665517e-01
    3.73490989e-01 7.72219241e-01 4.66543227e-01 6.08077645e-03
    4.20350581e-01 8.60570431e-01 7.98681557e-01 3.54853958e-01 0. 0. 0.
    0. 0. 0. 0. 0. 0. 0. 7.26396382e-01 7.93431699e-01 6.44918382e-01
    7.26941407e-01 5.08301318e-01 6.17165387e-01 8.50768745e-01
    9.55604672e-01 4.14895594e-01 1.28922075e-01 2.93572009e-01
    2.61406124e-01 3.82380635e-01 8.93945158e-01 7.53421664e-01
    8.50284040e-01 8.36027205e-01 5.41697621e-01 2.23703295e-01
    4.09816027e-01 1.57235593e-01 6.70256317e-01 9.52847958e-01
    9.34791446e-01 6.50597692e-01 1.06519133e-01 9.05925691e-01
    8.72133374e-01 7.24066794e-01 5.35816252e-01 3.43056679e-01
    3.77023309e-01 7.48229146e-01 5.99771738e-01 7.43016481e-01
    3.43765616e-01 8.92908752e-01 4.82623369e-01 2.64767885e-01
    5.79318345e-01 5.02247214e-01 2.36164629e-02 3.83780301e-01
    7.73093581e-01 2.28372604e-01 6.04228079e-01 1.80599838e-01
    7.87988305e-01 1.64816946e-01 7.81911492e-01 6.95402145e-01
    8.51823390e-01 7.91017771e-01 4.09370065e-01 1.86243325e-01
    4.21950132e-01 9.65954959e-02 8.68145227e-01 2.38720924e-01
    4.54912007e-01 7.68799663e-01 1.99649185e-01 3.46917808e-01
    4.08873618e-01 3.02414775e-01 4.61509466e-01 4.19553190e-01
    5.56175113e-02 1.97069585e-01 3.52029622e-01 4.85705435e-02
    9.87487674e-01 4.80608910e-01 4.15502548e-01 6.59823418e-05
    6.08942926e-01 9.79628980e-01 2.37741619e-01 7.47204185e-01
    9.82152641e-01 1.46444410e-01 3.06941926e-01 4.89795923e-01
    6.66111648e-01 9.97439206e-01 9.31386888e-01 5.31125426e-01
    9.51094866e-01 9.99011040e-01 8.88483226e-01 5.19871533e-01
    7.98193693e-01 7.56642222e-02 8.65606904e-01 9.25981879e-01
    8.19869936e-01 9.83111739e-01 2.75002718e-01 5.67005873e-01
    3.04076791e-01 3.17589879e-01 1.99507445e-01 4.67488021e-01
    9.96104240e-01 2.18528032e-01 8.75039458e-01 6.76888525e-01
    8.63475800e-01 5.47519505e-01 9.44927335e-01 4.31491673e-01
    7.40119338e-01 3.97759765e-01 1.72873288e-01 9.50352728e-01
    8.75591516e-01 9.17731166e-01 1.22128367e-01 8.31041694e-01
    8.70988727e-01 4.64651346e-01 2.40696549e-01 9.32244062e-01
    3.60051632e-01 1.42115772e-01 2.85237670e-01 7.94823468e-02
    6.26132607e-01 2.69882590e-01 9.76512432e-01 1.17541492e-01
    8.73166561e-01 1.88974202e-01 3.25199425e-01 7.31091499e-02
    5.38166940e-01 6.05053484e-01 1.63838029e-01 7.61526763e-01
    8.01367521e-01 3.86899114e-01 2.23693252e-03 9.42803025e-01
    5.91499329e-01 5.44965863e-01 3.30977827e-01 5.75284839e-01
    4.67495620e-01 1.72397554e-01 2.13849097e-01 7.26378679e-01
    8.75091732e-01 7.15263009e-01 8.45863461e-01 3.02514493e-01
    3.88617516e-02 7.18837976e-03 9.44543123e-01 5.41079998e-01
    8.60256672e-01 1.91437989e-01 3.70131731e-02 1.35300368e-01
    7.40885794e-01 2.75445223e-01 4.00637865e-01 3.45836878e-02
    9.89359260e-01 2.03753233e-01 4.88920480e-01 7.76591063e-01
    6.26976311e-01 3.39267224e-01 7.59037614e-01 5.28512716e-01
    5.70038080e-01 2.59513557e-01 6.95585489e-01 6.12056196e-01
    5.57346642e-01 4.06482816e-01 6.66036308e-02 4.42517489e-01
    3.23300958e-01 2.16590703e-01 7.43022203e-01 5.04009724e-01
    7.69028425e-01 7.04530716e-01 9.11973715e-01 5.24926186e-01
    6.81572676e-01 9.96878803e-01 7.49836981e-01 2.81581640e-01
    1.66901708e-01 6.46607101e-01 3.25187087e-01 8.22945833e-02
    4.93493050e-01 4.31527406e-01 1.96442664e-01 1.25098228e-02
    5.35933673e-01 5.25011539e-01 9.77412343e-01 8.81077766e-01
    6.75170183e-01 2.71517634e-02 1.03543401e-01 3.85836154e-01
    1.78523958e-01 5.23495674e-02 7.99072504e-01 9.47195530e-01
    9.80462432e-02 2.02156723e-01 9.20592189e-01 5.68028510e-01
    7.88363874e-01 3.68965566e-01 2.10161746e-01 8.13493490e-01
    7.56625593e-01 2.19445765e-01 5.03005087e-01 8.48652005e-01
    6.78685188e-01 9.35580730e-02 2.31266856e-01 1.75497085e-01
    9.94115233e-01 9.65985656e-01 4.56178695e-01 9.04553294e-01
    3.48452866e-01 6.48151040e-02 3.55282545e-01 9.62017298e-01
    2.18549132e-01 9.19437528e-01 1.02319002e-01 3.72509569e-01
    9.15518999e-01 6.29890680e-01 4.50583696e-01 4.84517217e-01
    8.39017093e-01 5.76934874e-01 4.40714628e-01 2.98119009e-01
    8.72348666e-01 3.00771534e-01 2.67681390e-01 4.27907079e-01
    2.44519681e-01 0. 0. 0. 0. 0. 0. 0. 0. 0. 0. 6.82168126e-01
    2.63618141e-01 9.60886836e-01 5.34390092e-01 1.87909663e-01
    4.40879077e-01 2.45340794e-01 6.10580564e-01 1.34306580e-01
    9.99464691e-02 3.36089849e-01 6.22274876e-01 6.06808007e-01
    8.34695697e-01 5.69723904e-01 7.31472194e-01 2.11724788e-01
    2.93082535e-01 5.85092306e-01 7.85856962e-01 8.56104553e-01
    5.65012634e-01 9.23890829e-01 1.12188935e-01 8.28933120e-01
    7.64421463e-01 1.35234088e-01 3.53141725e-01 5.30188978e-01
    4.17479813e-01 3.64498138e-01 1.25497669e-01 1.78631097e-01
    3.24063420e-01 5.22131920e-02 2.98910916e-01 2.33754665e-01
    9.13380265e-01 6.62732244e-01 1.63412750e-01 7.91963935e-01
    8.30030799e-01 7.64089823e-02 6.59966588e-01 1.11953288e-01
    7.57615864e-01 3.98804158e-01 5.72643161e-01 1.03791058e-01
    2.27582604e-01 7.74345398e-01 7.04370439e-01 8.38169694e-01
    4.45683002e-02 6.82328343e-01 4.51509804e-01 4.23647910e-01
    8.00574422e-01 6.40219808e-01 9.76220965e-02 6.43374205e-01
    2.29881138e-01 3.54120135e-01 6.63145304e-01 8.51272106e-01
    4.81044590e-01 1.81527168e-01 3.30557823e-01 4.73122358e-01
    3.62701863e-01 9.89462256e-01 8.36890697e-01 9.08163548e-01
    5.69166541e-02 5.00344396e-01 9.13525701e-01 7.11969376e-01
    8.18093896e-01 3.73592377e-01 2.80639827e-02 4.94618118e-01
    7.12699294e-01 4.36216265e-01 4.63692844e-02 6.77935481e-01
    1.48946732e-01 3.57303113e-01 2.70026922e-03 6.39689267e-01
    3.27194035e-02 3.01932573e-01 7.32978940e-01 6.71342015e-02
    5.71802557e-01 9.91691828e-01 7.68658876e-01 1.84078574e-01
    1.91296339e-01 3.12838733e-01 7.67495394e-01 5.15766799e-01
    4.20765638e-01 3.71961296e-02 5.30537426e-01 3.63645554e-02
    4.19897646e-01 7.94708967e-01 1.85008466e-01 3.73511970e-01
    9.40808892e-01 6.59163177e-01 6.65870249e-01 2.70716190e-01
    1.68181837e-01 8.42273116e-01 7.06147909e-01 9.73998666e-01
    1.68548048e-01 5.66240191e-01 7.14387655e-01 3.94707024e-02
    9.41594481e-01 7.35230446e-02 3.82314056e-01 1.67287260e-01
    6.50893509e-01 3.46167505e-01 4.21769351e-01 5.39027333e-01
    2.72923648e-01 6.08573794e-01 2.76903212e-01 6.94479764e-01
    4.94227856e-01 7.73745418e-01 6.58192992e-01 5.70942402e-01
    2.57121593e-01 7.91023612e-01 3.37555200e-01 5.21902144e-02
    1.10257864e-02 2.54389048e-01 4.68617469e-01 2.78553396e-01
    6.56335235e-01 7.74118423e-01 4.45729405e-01 5.77738464e-01
    3.61006826e-01 7.92398691e-01 3.86710763e-01 2.59686589e-01
    9.49629545e-01 1.32782698e-01 5.53839445e-01 8.30556393e-01
    4.08451796e-01 6.81705773e-01 5.43558598e-01 1.64377034e-01
    3.99926841e-01 4.89499927e-01 7.25391805e-01 3.05375785e-01
    3.47181618e-01 8.36941361e-01 6.30426526e-01 9.21075761e-01
    9.23550725e-01 3.86612833e-01 9.66251671e-01 4.85005081e-02
    7.96684623e-01 2.68170476e-01 8.43331873e-01 7.95471728e-01
    7.45729208e-02 3.13563585e-01 5.28488159e-02 1.73382968e-01
    8.54333878e-01 4.61872399e-01 7.13581681e-01 9.14091527e-01
    6.72959983e-02 4.76767033e-01 8.35576594e-01 7.40857244e-01
    7.77031124e-01 8.78851175e-01 5.27117610e-01 4.84644204e-01
    1.31450146e-01 4.00710136e-01 2.65381157e-01 4.09542590e-01
    8.54959309e-01 1.72516108e-01 2.27270961e-01 4.81353879e-01
    8.84452283e-01 7.44972944e-01 5.19374251e-01 2.84472883e-01
    7.60441899e-01 7.73831904e-01 4.10728753e-02 7.12245345e-01
    7.16165423e-01 9.42611575e-01 8.56861234e-01 4.82685655e-01
    8.24251950e-01 2.47687310e-01 2.77625024e-02 5.33032894e-01
    8.04491639e-01 9.90670621e-02 5.17477632e-01 9.31340396e-01
    2.09041297e-01 1.82176381e-01 4.04042065e-01 2.24875033e-01
    1.51667178e-01 1.03085637e-02 1.18119419e-02 7.26931810e-01
    2.59605646e-02 1.03602976e-01 5.92631757e-01 5.85590661e-01
    9.01454091e-02 7.91866779e-01 6.72352195e-01 1.93202138e-01
    7.37129152e-01 5.39401650e-01 5.20606339e-02 4.59989220e-01
    8.89651656e-01 8.63620639e-03 2.48282135e-01 6.33229136e-01
    6.48910403e-01 3.38158190e-01 5.29509485e-02 2.85977691e-01
    4.68257129e-01 9.27502155e-01 1.54322684e-01 3.82454872e-01
    3.01217526e-01 7.69327402e-01 4.36495602e-01 0. 0. 0. 0. 0. 0. 0. 0.
    0. 0. 1.09615773e-01 4.97466326e-03 7.82346606e-01 7.84108162e-01
    8.33821356e-01 6.58696055e-01 8.53419006e-02 4.73390549e-01
    7.38932371e-01 6.31090164e-01 3.26617301e-01 3.16792160e-01
    6.75517142e-01 3.47316861e-02 6.64033413e-01 9.80021834e-01
    7.68299818e-01 3.21222425e-01 6.88066006e-01 2.81745195e-03
    1.44807696e-01 3.67158353e-02 1.85253590e-01 9.15231943e-01
    8.33377779e-01 9.88559723e-01 9.99685645e-01 6.48927808e-01
    5.67365289e-02 9.24182296e-01 7.11085141e-01 7.31889367e-01
    7.57251143e-01 2.10678101e-01 2.82023132e-01 7.17291355e-01
    8.60564709e-02 1.84610575e-01 4.36642140e-01 5.80907404e-01
    5.44769466e-01 1.27228945e-01 2.25389212e-01 6.67116225e-01
    2.97094822e-01 3.14063817e-01 1.09610438e-01 3.91827404e-01
    7.51353204e-01 1.80469453e-01 2.02610523e-01 7.16970205e-01
    7.00175822e-01 3.42779279e-01 2.43458688e-01 3.18061888e-01
    5.03832102e-01 9.77326930e-01 8.02364230e-01 5.02653778e-01
    4.25927281e-01 1.51626348e-01 3.83891046e-01 7.35274553e-01
    9.81104970e-02 8.52905512e-01 6.32056296e-01 4.77323532e-02
    5.86742759e-01 6.72891140e-01 8.98291707e-01 1.16189420e-02
    1.47307485e-01 1.70233488e-01 8.05019259e-01 7.57058620e-01
    6.64959669e-01 4.93935138e-01 3.30500036e-01 7.24390686e-01
    3.76175702e-01 5.05168021e-01 6.37409449e-01 2.97572374e-01
    8.24368238e-01 2.04030901e-01 2.21287638e-01 2.85106301e-02
    6.54276192e-01 6.82309449e-01 4.32852060e-01 7.88915694e-01
    5.04761636e-01 3.17893952e-01 9.46529627e-01 5.38167596e-01
    2.39583701e-01 7.63238192e-01 7.49221385e-01 8.81106317e-01
    8.17745090e-01 6.25166297e-03 8.87285233e-01 6.07843041e-01
    1.16647333e-01 6.74749613e-01 3.10367346e-01 9.30885971e-02
    1.89627588e-01 2.39678204e-01 8.52180600e-01 6.41336441e-01
    1.47837758e-01 3.55532706e-01 9.07458067e-01 9.69374537e-01
    3.77791703e-01 8.71144772e-01 7.38785267e-01 2.96478927e-01
    9.40009296e-01 9.32891190e-01 4.99287933e-01 6.93738520e-01
    1.31793231e-01 4.23981428e-01 8.59269798e-02 3.39783967e-01
    8.85570943e-02 8.04331541e-01 5.39210916e-01 6.58869386e-01
    7.39371479e-01 5.86966276e-01 6.78508401e-01 4.77875173e-02
    3.94504607e-01 2.05575377e-01 1.69619501e-01 7.37008095e-01
    5.96557081e-01 6.54830694e-01 3.71046841e-01 2.85327256e-01
    3.92514974e-01 7.12590635e-01 6.47184730e-01 8.14698100e-01
    8.83771956e-01 7.24777639e-01 8.80276442e-01 8.46343040e-01
    1.42991424e-01 2.29176670e-01 3.05331886e-01 5.04267871e-01
    7.49312460e-01 9.11136687e-01 9.71294284e-01 5.80562532e-01
    2.99097627e-01 5.81975818e-01 7.01461494e-01 4.78291333e-01
    6.36037767e-01 3.22123498e-01 7.58167982e-01 3.20161015e-01
    8.77433002e-01 5.16962767e-01 8.44154716e-01 1.94340646e-01
    8.91380250e-01 8.75098825e-01 8.24783504e-01 6.17223561e-01
    7.58880496e-01 2.38517523e-02 1.42758697e-01 9.60830271e-01
    2.60384411e-01 2.51991749e-01 8.56988966e-01 9.47901011e-01
    9.85613823e-01 6.63254201e-01 8.41254711e-01 1.81145847e-01
    9.29248810e-01 5.12141109e-01 4.72047180e-01 7.22927868e-01
    8.52922380e-01 5.51752388e-01 8.50306273e-01 1.47863507e-01
    4.09984589e-02 8.49969387e-01 9.49716866e-01 6.87392235e-01
    1.12372220e-01 4.39777076e-01 5.08035004e-01 5.27572215e-01
    4.55384701e-01 9.22350228e-01 8.29213142e-01 4.09846127e-01
    6.91397190e-01 5.37266433e-01 5.50106466e-02 1.09943420e-01
    7.20208943e-01 3.61306965e-01 8.36878121e-01 9.06307876e-01
    2.83315867e-01 9.64504838e-01 2.65117973e-01 5.06457567e-01
    8.56834054e-01 5.82512438e-01 5.81900358e-01 7.17714787e-01
    1.54559582e-01 7.09585428e-01 6.01339579e-01 7.94749975e-01
    8.94869268e-01 5.96739650e-01 3.10767710e-01 1.21436596e-01
    2.35057920e-01 9.87259090e-01 4.32853580e-01 2.76090413e-01
    5.42816639e-01 5.22524774e-01 8.06036234e-01 2.50757337e-01
    3.66136491e-01 9.41426754e-01 6.53526187e-01 7.43646741e-01
    4.51008946e-01 4.64234620e-01 3.69535416e-01 9.10479665e-01
    2.84426570e-01 2.96402991e-01 7.47187138e-01 5.28180838e-01
    9.81604159e-01 5.94954014e-01 4.35323626e-01 2.54458249e-01 0. 0. 0.
    0. 0. 0. 0. 0. 0. 0. 9.26140785e-01 2.27615446e-01 7.60533988e-01
    2.74423361e-02 5.03462434e-01 1.85573399e-02 9.88276064e-01
    9.49022472e-01 5.86380482e-01 9.33674932e-01 5.80957294e-01
    5.48659444e-01 1.19949162e-01 6.36564672e-01 6.51787698e-01
    6.61048591e-02 6.90418541e-01 9.91310358e-01 7.92615175e-01
    5.94645917e-01 7.72324800e-01 2.77573109e-01 8.65847766e-01
    5.40027142e-01 4.86837596e-01 7.59118676e-01 7.44139791e-01
    5.32375574e-01 8.23431134e-01 3.43515396e-01 1.63850248e-01
    8.72582734e-01 5.46221554e-01 6.84056222e-01 7.28052855e-01
    4.85979676e-01 7.97107577e-01 6.11067891e-01 4.16671425e-01
    2.08390176e-01 2.70401746e-01 6.04352057e-01 8.76040459e-02
    9.49662805e-01 1.88044548e-01 8.08885455e-01 6.67789221e-01
    6.30491853e-01 9.23448563e-01 2.49664277e-01 3.52362126e-01
    9.41920638e-01 8.15068722e-01 5.03381312e-01 2.16600180e-01
    6.51568055e-01 9.61344838e-01 9.60725784e-01 7.94703186e-01
    5.08076906e-01 4.50845361e-01 6.85304523e-01 1.50596201e-02
    2.69216985e-01 3.79287332e-01 5.51578522e-01 6.11184776e-01
    9.74178672e-01 6.27471924e-01 2.45701611e-01 5.16103745e-01
    6.57933235e-01 8.35368991e-01 8.44222128e-01 5.64575791e-02
    4.44787681e-01 8.77430320e-01 7.43041337e-02 1.20605469e-01
    9.79483485e-01 5.73117375e-01 3.59556973e-02 1.37389541e-01
    6.89604163e-01 7.02676415e-01 7.85227358e-01 1.23190522e-01
    1.44178718e-01 3.92218798e-01 4.39954817e-01 7.13457048e-01
    6.20085001e-02 3.99745226e-01 2.41395265e-01 5.51257730e-02
    4.24092412e-02 3.82549733e-01 3.48180830e-01 5.19168675e-01
    9.43122566e-01 6.87368572e-01 1.87855959e-02 7.93790102e-01
    5.61796069e-01 4.68455851e-01 6.80310249e-01 4.82563615e-01
    7.55555034e-02 4.75170493e-01 1.05289519e-01 1.63505584e-01
    9.86985326e-01 6.27330244e-01 6.41885936e-01 8.71856809e-01
    6.74499571e-01 5.51185668e-01 5.38113177e-01 6.40795946e-01
    4.19656932e-02 7.62189746e-01 4.32502270e-01 4.02310789e-02
    7.90761352e-01 5.75868905e-01 6.80279374e-01 4.54493046e-01
    8.71859908e-01 8.21145892e-01 5.04326940e-01 8.69625688e-01
    3.72373879e-01 8.97371292e-01 7.82359064e-01 6.71463668e-01
    9.22768712e-01 5.67403615e-01 5.97181320e-01 9.87612426e-01
    4.65119064e-01 7.64199913e-01 2.87371159e-01 1.53394610e-01
    3.39070439e-01 9.22182083e-01 4.66409683e-01 3.61625016e-01
    7.47627139e-01 3.79001677e-01 9.44741607e-01 4.89407957e-01
    3.82277697e-01 3.49851906e-01 3.92933488e-02 5.07746041e-01
    6.58824086e-01 4.72318530e-02 8.66139770e-01 5.14419436e-01
    7.12997556e-01 6.48358464e-01 6.23139262e-01 4.94474947e-01
    5.13010383e-01 5.86968958e-02 7.91595221e-01 3.73269141e-01
    9.36472654e-01 3.37073684e-01 1.88392818e-01 9.24635231e-02
    7.11947441e-01 3.00283670e-01 6.75465584e-01 5.98832846e-01
    2.46947587e-01 6.34524167e-01 1.16450280e-01 5.43231606e-01
    4.94317859e-01 2.53838301e-02 8.70016098e-01 2.02984095e-01
    6.80640936e-02 4.57074195e-01 2.32531697e-01 8.88419330e-01
    3.42743903e-01 1.09060705e-01 4.57543790e-01 5.43488085e-01
    7.22825587e-01 7.89815545e-01 9.14433002e-02 7.71077752e-01
    3.10997576e-01 9.67067719e-01 1.17799222e-01 3.56467605e-01
    5.01657903e-01 9.72681940e-02 1.74160659e-01 7.35851526e-01
    4.40262139e-01 8.80253792e-01 1.11152351e-01 8.70347738e-01
    5.04609466e-01 4.77367878e-01 6.35852575e-01 2.55528331e-01
    4.30449009e-01 6.88309193e-01 7.30006814e-01 8.03204894e-01
    2.37664491e-01 7.50669599e-01 3.42993736e-02 8.89708877e-01
    8.71978045e-01 1.14684999e-01 4.90165889e-01 5.46734214e-01
    7.50218809e-01 3.65875423e-01 2.19507039e-01 4.48677927e-01
    2.87839890e-01 8.31184626e-01 8.18673730e-01 7.64345765e-01
    7.00600266e-01 1.01830870e-01 8.24723661e-01 1.09016895e-04
    9.56250548e-01 9.23192799e-02 2.51198530e-01 6.27021372e-01
    8.38110566e-01 1.92685515e-01 2.95963287e-01 8.36130023e-01
    8.19901943e-01 6.16917491e-01 1.21616632e-01 3.93121988e-01
    1.27347410e-02 4.87288088e-01 6.46128356e-01 2.65123725e-01
    7.57155299e-01 2.75483310e-01 1.18509293e-01 9.44402814e-03
    8.06073844e-01 0. 0. 0. 0. 0. 0. 0. 0. 0. 0. 4.78475958e-01
    3.91704708e-01 3.53660047e-01 4.18592691e-02 1.71099037e-01
    5.11595607e-01 3.23763043e-01 9.62208271e-01 6.37430370e-01
    8.36486876e-01 5.92243671e-01 7.76284754e-01 1.33721530e-02
    8.38539779e-01 3.91004592e-01 3.33551884e-01 7.65264153e-01
    1.76741838e-01 3.41305345e-01 3.51277471e-01 6.01472676e-01
    2.59669304e-01 4.76917982e-01 6.88692629e-01 5.60589433e-01
    6.29177988e-02 4.66601342e-01 9.76698935e-01 1.52419269e-01
    3.52606773e-01 2.91614592e-01 9.42921638e-03 9.89193201e-01
    9.89866912e-01 7.38031566e-02 7.16888070e-01 4.67809737e-01
    4.61097300e-01 3.61315727e-01 9.23645377e-01 5.81573486e-01
    6.39796019e-01 7.51729190e-01 6.94574416e-02 9.75947142e-01
    6.63962543e-01 4.88426387e-01 7.01496899e-01 8.88216019e-01
    3.06480706e-01 4.20234025e-01 6.59537613e-01 3.74530613e-01
    1.21253699e-01 1.57657713e-01 8.99855733e-01 6.91908360e-01
    8.67638946e-01 2.01174587e-01 6.64533317e-01 3.47362369e-01
    6.53606176e-01 4.79712754e-01 8.95488143e-01 4.42144454e-01
    8.86415720e-01 4.86768186e-01 4.87824976e-01 5.00391364e-01
    7.75205493e-01 3.31202984e-01 1.55259013e-01 5.81372857e-01
    4.27415311e-01 2.31032133e-01 6.61582649e-02 1.98355556e-01
    7.11273432e-01 3.66216063e-01 7.00368047e-01 8.05215001e-01
    5.88880539e-01 2.46742547e-01 8.33506882e-01 1.05576932e-01
    4.03575271e-01 8.18319678e-01 7.61890292e-01 2.00957060e-03
    7.86344349e-01 1.65795773e-01 8.59558940e-01 7.60132134e-01
    2.27001369e-01 4.05790627e-01 3.38069379e-01 5.81630349e-01
    7.41332531e-01 1.44754797e-01 5.49217284e-01 8.17183495e-01
    2.41624922e-01 2.39595175e-01 5.62255025e-01 8.24397206e-01
    5.84732234e-01 5.50431967e-01 2.77626693e-01 4.91804928e-01
    6.49596870e-01 8.99030447e-01 8.00973773e-01 2.32837290e-01
    1.77090853e-01 6.95575178e-02 5.66002727e-02 3.97969842e-01
    4.36780155e-02 9.33496833e-01 3.63800138e-01 3.50759923e-01
    7.91164041e-01 3.02469134e-01 6.80906296e-01 4.36505467e-01
    2.43420899e-01 5.50535917e-01 1.00819468e-01 6.48577213e-01
    2.24917978e-01 5.46580672e-01 4.84920681e-01 6.98245645e-01
    5.96366048e-01 8.29342604e-01 7.64578521e-01 1.24482095e-01
    4.45216358e-01 2.32451200e-01 3.34331989e-01 4.75285411e-01
    4.67394769e-01 1.88389242e-01 6.35753155e-01 7.57569790e-01
    6.93138957e-01 5.38863122e-01 4.14676398e-01 7.65196919e-01
    3.48012835e-01 5.91671944e-01 4.29852903e-01 8.04003775e-02
    4.69573557e-01 6.04645967e-01 9.79238033e-01 9.17385221e-01
    3.96625519e-01 3.12600136e-02 6.62922859e-02 4.71854359e-01
    7.74375439e-01 8.18318009e-01 9.47595835e-01 5.10843813e-01
    2.74230301e-01 4.56848592e-01 5.51153421e-01 4.68289763e-01
    9.62349653e-01 9.12192106e-01 3.67602050e-01 2.99395293e-01
    6.41452432e-01 9.64528263e-01 7.73753881e-01 9.41045821e-01
    4.28439081e-01 1.08933479e-01 5.41315436e-01 8.17022800e-01
    5.99457383e-01 6.06688976e-01 9.20156956e-01 1.89106286e-01
    6.41416192e-01 3.12424064e-01 7.04766512e-02 7.60523379e-02
    2.88250387e-01 5.14601290e-01 2.60245860e-01 1.79339945e-02
    7.84213305e-01 4.70702171e-01 5.05732894e-02 9.03978169e-01
    1.79540992e-01 2.88260162e-01 6.73741102e-01 2.69293904e-01
    7.94493258e-01 4.61055934e-02 1.37135655e-01 9.97146189e-01
    7.97404110e-01 2.13338822e-01 7.01998174e-02 5.86361647e-01
    1.13512635e-01 3.73279452e-01 2.06099689e-01 4.16765839e-01
    8.25175345e-02 1.12735808e-01 6.66804552e-01 5.23942709e-03
    2.44487405e-01 7.70251751e-01 1.45111173e-01 6.14344895e-01
    7.40061998e-01 1.34164602e-01 3.09346229e-01 8.47530842e-01
    8.27494323e-01 5.72835326e-01 4.95750099e-01 9.94749665e-01
    8.77320051e-01 4.15289700e-01 5.51490784e-01 9.60942745e-01
    4.27310467e-02 5.03439665e-01 9.34146345e-01 1.72934741e-01
    3.56872022e-01 4.04073000e-01 7.80126691e-01 2.47290641e-01
    3.24001968e-01 6.83320284e-01 3.99285883e-01 7.96015799e-01
    8.42002749e-01 8.14113617e-01 9.37261045e-01 1.36280060e-01
    2.83385277e-01 9.15836573e-01 5.97021282e-01 5.97008049e-01
    2.91265607e-01 7.00381398e-01 6.79235637e-01 0. 0. 0. 0. 0. 0. 0. 0.
    0. 0. 9.75316405e-01 1.88367903e-01 2.72400349e-01 9.67158794e-01
    7.51866341e-01 2.20789224e-01 5.54106236e-02 7.80134559e-01
    8.29095542e-02 2.35287547e-02 2.32089490e-01 7.29021251e-01
    2.75254369e-01 3.74998540e-01 2.08000958e-01 8.25807154e-01
    8.53491545e-01 9.67433393e-01 9.20051932e-02 5.67571282e-01
    3.02341908e-01 7.68919706e-01 9.99310672e-01 3.29805732e-01
    9.86010194e-01 6.09957874e-01 9.40432489e-01 2.01573372e-02
    8.74123693e-01 9.94759798e-03 6.71625078e-01 6.87328577e-01
    4.01265800e-01 6.77763999e-01 7.40599871e-01 6.80703521e-02
    6.43152356e-01 7.33332276e-01 3.50338578e-01 2.55294681e-01
    7.84376144e-01 3.71625483e-01 9.15695429e-01 5.94956160e-01
    9.48739648e-01 1.40381485e-01 6.91413522e-01 5.49024403e-01
    1.57515198e-01 6.23641133e-01 9.32375789e-02 2.30613530e-01
    6.90623999e-01 7.97237396e-01 2.45213091e-01 6.43536329e-01
    3.95395756e-02 7.12755322e-02 8.56472850e-01 1.84546679e-01
    1.43545061e-01 1.33038819e-01 2.15229750e-01 6.30935848e-01
    5.27921975e-01 7.03537583e-01 7.25503683e-01 7.50642359e-01
    3.53231549e-01 4.21062410e-01 2.80082524e-01 9.41903055e-01
    8.51591229e-01 1.82748169e-01 3.01574230e-01 6.68412864e-01
    9.81386185e-01 5.14794648e-01 9.18635964e-01 2.06318200e-02
    1.24967724e-01 5.10555029e-01 8.00837636e-01 5.73320448e-01
    2.40859956e-01 5.43809116e-01 7.19374955e-01 3.24298024e-01
    7.55384564e-01 4.48905468e-01 9.78214383e-01 6.16662085e-01
    5.59732258e-01 4.90213722e-01 2.85609722e-01 5.14999270e-01
    7.89257169e-01 4.16768104e-01 5.11246026e-01 8.23138952e-02
    7.16897666e-01 2.50281751e-01 3.06579471e-03 6.42122030e-02
    1.91958398e-01 2.86399305e-01 5.83209097e-01 6.63730502e-03
    8.15396667e-01 6.80689394e-01 5.33363461e-01 5.02706587e-01
    8.14949870e-01 6.60000205e-01 1.19279146e-01 7.81170428e-01
    8.44920516e-01 1.30723208e-01 9.29626107e-01 2.57590979e-01
    8.85195434e-02 5.19515812e-01 6.83417559e-01 7.66357422e-01
    2.98281491e-01 7.85386562e-03 9.98982787e-02 2.05212444e-01
    2.77861297e-01 8.49314094e-01 6.47015274e-01 5.86410284e-01
    1.09517902e-01 7.62197375e-03 7.30193436e-01 7.01782584e-01
    8.01748276e-01 3.63934398e-01 1.03265703e-01 3.00575972e-01
    4.33490187e-01 3.68358314e-01 7.20213413e-01 8.49825859e-01
    7.47803450e-02 3.63329113e-01 1.51577711e-01 3.38769495e-01
    6.84452951e-02 2.66772091e-01 2.88346261e-01 2.44010895e-01
    8.39428425e-01 7.94373751e-01 4.88135397e-01 2.33829349e-01
    1.62864745e-01 4.72699225e-01 3.32636714e-01 7.51101732e-01
    5.67899466e-01 2.88044810e-01 5.76730907e-01 3.56631637e-01
    2.95660913e-01 3.19745004e-01 5.11665106e-01 3.55659246e-01
    7.63570070e-02 6.22208357e-01 2.38442242e-01 1.15444362e-01
    7.25809932e-01 6.20275855e-01 4.73589063e-01 6.63744450e-01
    8.32345366e-01 4.30639565e-01 2.03461081e-01 3.88335884e-02
    8.28275323e-01 7.95777142e-01 2.12445885e-01 3.06283355e-01
    7.66527534e-01 8.41407299e-01 7.52321899e-01 5.69210172e-01
    1.97061896e-03 2.97665596e-04 9.80212450e-01 4.52541590e-01
    5.45835137e-01 1.78209752e-01 8.69079351e-01 2.33128339e-01
    1.77052617e-01 4.82215583e-02 4.22507614e-01 5.08506179e-01
    3.87271345e-02 2.34056145e-01 4.69944775e-02 1.86428308e-01
    3.02584708e-01 2.90693641e-01 9.12426233e-01 7.89778233e-01
    9.72433388e-01 7.53226578e-02 5.59606314e-01 6.54175043e-01
    3.14522445e-01 1.05195642e-01 6.06609404e-01 6.47974133e-01
    5.41863203e-01 7.39866197e-01 1.67424351e-01 9.33603346e-02
    9.73570228e-01 9.12955284e-01 6.77512050e-01 6.69164062e-01
    3.65570009e-01 9.90436792e-01 7.88528085e-01 9.31599557e-01
    1.18174225e-01 9.14735079e-01 2.15185195e-01 5.16227484e-01
    4.75889564e-01 8.52911592e-01 5.21972060e-01 6.65941834e-03
    8.90001655e-01 9.60973382e-01 3.91002864e-01 9.37955260e-01
    8.24621201e-01 2.36538470e-01 2.64685869e-01 2.12293029e-01
    9.58417594e-01 6.84479952e-01 4.44322824e-01 9.29443002e-01
    1.27878278e-01 3.09743106e-01 3.06454659e-01 9.61407959e-01
    5.69848776e-01 7.70451665e-01 5.01430631e-02 5.57377696e-01 0. 0. 0.
    0. 0. 0. 0. 0. 0. 0. 8.63105536e-01 3.37189466e-01 6.09470606e-02
    9.27896976e-01 5.91815054e-01 8.21471870e-01 2.90802866e-01
    3.04450154e-01 4.70550388e-01 3.33173156e-01 3.46463054e-01
    5.59399426e-01 1.15537822e-01 6.15413189e-01 4.40337360e-01
    5.45761287e-01 3.53539258e-01 9.36597586e-01 1.48539871e-01
    3.40097845e-02 7.41044343e-01 4.73321289e-01 2.33848512e-01
    5.09897888e-01 4.24394965e-01 7.88743019e-01 5.47699332e-01
    1.10623628e-01 1.07446015e-01 1.59677476e-01 1.68451816e-01
    7.77434349e-01 6.47927999e-01 1.77727729e-01 3.89575362e-02
    2.71885812e-01 7.35796094e-01 6.85032845e-01 6.75659180e-01
    9.16976571e-01 3.10960412e-03 7.60265470e-01 7.45710194e-01
    5.63930869e-02 7.75131941e-01 2.04708040e-01 3.91920596e-01
    9.50667560e-02 9.64692831e-01 8.80558014e-01 5.51537871e-01
    1.10893130e-01 9.30235803e-01 5.91876984e-01 6.33729100e-01
    3.46130520e-01 9.77554977e-01 3.80383015e-01 8.37424397e-01
    1.92034870e-01 5.30335665e-01 8.58000159e-01 6.85320735e-01
    3.62755626e-01 7.47561455e-01 7.33408391e-01 3.71250421e-01
    5.09193540e-01 1.87795192e-01 9.80620742e-01 7.62001336e-01
    5.31035662e-02 1.74026221e-01 1.59457535e-01 3.28428298e-01
    2.37476498e-01 4.94953394e-01 5.73909402e-01 7.11941779e-01
    2.13727593e-01 8.08352709e-01 8.80385637e-02 3.62751484e-02
    5.54402471e-01 6.41093254e-01 1.11332923e-01 6.05025589e-02
    9.52582479e-01 3.90520096e-01 3.32931697e-01 5.87203205e-01
    7.85326719e-01 1.03139132e-01 7.69983411e-01 1.14799351e-01
    7.54498363e-01 9.67085660e-02 2.01407343e-01 4.81231004e-01
    6.02763057e-01 9.08066809e-01 2.73853898e-01 9.14521217e-01
    3.79483998e-01 8.78717422e-01 6.41871214e-01 8.05790722e-01
    1.51194632e-01 1.37501687e-01 1.25006914e-01 5.13663709e-01
    4.25906360e-01 4.03705835e-01 8.50035846e-02 9.69744682e-01
    1.18906260e-01 3.45838070e-02 6.97229505e-01 2.31797993e-01
    5.30799031e-01 9.59930658e-01 1.14299536e-01 9.48741913e-01
    3.26199383e-01 3.60907555e-01 6.16647720e-01 8.30073476e-01
    9.78242338e-01 4.84438539e-02 3.09713483e-01 5.34486771e-01
    1.41428024e-01 4.04590547e-01 8.87185991e-01 9.15550709e-01
    3.31808329e-02 5.85650265e-01 6.69413328e-01 3.63428891e-02
    3.98748815e-01 8.51537883e-01 6.26973987e-01 9.11328197e-02
    6.55866385e-01 8.04567933e-01 3.98138940e-01 4.36263710e-01
    8.66506219e-01 1.93946004e-01 3.67824197e-01 9.75037932e-01
    4.15773958e-01 7.36756206e-01 3.09263319e-01 1.33829683e-01
    3.28078985e-01 8.52511048e-01 5.65448999e-01 1.84124947e-01
    4.79489923e-01 7.38775313e-01 4.72467601e-01 9.70753670e-01
    8.94945383e-01 3.84250045e-01 4.46348637e-01 4.45203096e-01
    8.45474243e-01 2.96660066e-01 6.08479261e-01 7.82144785e-01
    7.33987927e-01 8.34918320e-01 4.10759658e-01 2.22102791e-01
    5.95627487e-01 5.38748741e-01 8.62692058e-01 5.34731686e-01
    9.98957634e-01 9.59782779e-01 9.85811234e-01 8.39950800e-01
    5.18959045e-01 7.74363279e-01 5.10908663e-02 4.28992510e-03
    1.50229990e-01 2.13684201e-01 5.24046779e-01 9.58550632e-01
    2.16450483e-01 1.90980136e-02 6.13472521e-01 3.37801516e-01
    6.52628839e-01 8.26257586e-01 3.77489805e-01 1.28683567e-01
    7.38572001e-01 4.33285177e-01 3.60139608e-02 4.29322600e-01
    4.19824183e-01 8.21617484e-01 1.82779133e-02 3.71965468e-01
    6.32654905e-01 2.16798276e-01 5.08999467e-01 6.86839938e-01
    7.12498724e-01 7.32730389e-01 9.54561830e-01 8.41885924e-01
    9.32666421e-01 2.15906203e-02 6.27534330e-01 5.65695882e-01
    2.69178927e-01 9.06908512e-02 1.96283221e-01 4.59173590e-01
    8.03149819e-01 8.52262139e-01 5.74220538e-01 2.87147582e-01
    2.02940285e-01 3.92065167e-01 6.88812971e-01 6.62606716e-01
    9.12360847e-02 2.87495553e-02 4.76628929e-01 2.17954189e-01
    4.04405236e-01 8.85009766e-01 5.82172096e-01 9.03993666e-01
    5.25906742e-01 2.24648714e-02 4.02224958e-01 1.89989597e-01
    7.01325774e-01 6.95343912e-01 8.61622632e-01 1.58281803e-01
    8.32491696e-01 1.76072687e-01 6.08778834e-01 4.29929137e-01
    2.68265605e-01 2.69529015e-01 8.67774010e-01 1.08037412e-01
    6.59320652e-01 0. 0. 0. 0. 0. 0. 0. 0. 0. 0. 3.96035016e-01
    9.71257925e-01 3.13239664e-01 9.18179154e-01 9.64733303e-01
    8.34134698e-01 1.00149989e-01 8.25275719e-01 2.24827260e-01
    5.90624630e-01 3.99939269e-01 8.90532851e-01 8.47723722e-01
    3.84347737e-02 6.98584378e-01 4.80113477e-01 4.05595005e-01
    5.81959724e-01 4.29092050e-02 7.11701810e-01 4.17922497e-01
    5.01930118e-01 2.75577456e-01 7.52413213e-01 1.40011728e-01
    7.25887179e-01 5.05177796e-01 4.90225405e-01 7.03382909e-01
    2.42906362e-01 5.72108567e-01 1.53389990e-01 7.57575393e-01
    8.27350140e-01 5.64148426e-01 4.16025221e-01 9.05064821e-01
    7.69773722e-02 7.41603911e-01 1.81823999e-01 3.52462411e-01
    7.43367612e-01 4.74927336e-01 6.18136168e-01 6.17715776e-01
    1.58502638e-01 9.21661854e-02 4.93433177e-02 8.52938890e-02
    8.28363299e-01 4.53835368e-01 1.84525102e-01 6.96143746e-01
    4.25754964e-01 1.16284221e-01 6.95045471e-01 2.97976792e-01
    7.87770271e-01 9.09744978e-01 1.92368746e-01 4.39888597e-01
    1.29049361e-01 1.69799924e-02 5.24855494e-01 3.33885312e-01
    7.85262823e-01 2.14324802e-01 6.08001471e-01 2.13574171e-02
    9.50611651e-01 5.96514285e-01 9.57797647e-01 7.13805854e-01
    6.70230567e-01 3.13235343e-01 4.61592436e-01 7.64383912e-01
    7.61613011e-01 8.52481365e-01 5.87065101e-01 1.63141578e-01
    4.53109831e-01 4.16583568e-01 5.39737284e-01 5.23600996e-01
    5.87266326e-01 2.13496119e-01 9.33205605e-01 8.20791543e-01
    9.73578811e-01 7.57997632e-01 2.64608920e-01 3.31826925e-01
    7.11377323e-01 2.50127017e-01 9.43343163e-01 3.56876493e-01
    4.79261428e-01 7.42272615e-01 5.43557346e-01 6.29061341e-01
    8.84104133e-01 9.28424418e-01 5.36570728e-01 9.98100519e-01
    2.50738740e-01 9.64520812e-01 5.68721592e-01 2.24438965e-01
    1.36923045e-01 2.05427170e-01 2.78369188e-01 3.87943238e-01
    6.42526031e-01 3.98241282e-01 4.15520161e-01 9.96611834e-01
    8.00305009e-01 7.50176191e-01 7.24294960e-01 7.04940259e-01
    8.91775727e-01 4.73452389e-01 9.25237179e-01 9.55327690e-01
    4.98635471e-02 9.25609291e-01 8.58513236e-01 5.71300745e-01
    9.04357314e-01 1.53931051e-01 7.45461524e-01 9.15411055e-01
    1.57830119e-03 9.64188635e-01 6.63553238e-01 8.10327768e-01
    7.99007535e-01 9.71832454e-01 4.58458424e-01 3.02965343e-01
    7.61135459e-01 9.86387610e-01 7.15119243e-02 2.91418731e-01
    4.12427187e-01 4.19717997e-01 9.68863726e-01 3.27945054e-01
    7.92480707e-02 1.53399259e-01 2.97019780e-01 2.63615847e-01
    3.86385739e-01 7.09118009e-01 2.89697468e-01 3.29114854e-01
    2.79776126e-01 9.49898601e-01 6.61387920e-01 4.99096185e-01
    7.03584194e-01 4.45765525e-01 3.14351797e-01 4.97275203e-01
    2.44649291e-01 4.59711552e-02 1.90839082e-01 2.23173767e-01
    5.59710503e-01 6.40644610e-01 1.54308856e-01 6.29649222e-01
    6.97661281e-01 2.45902836e-01 8.60591233e-01 9.83084202e-01
    5.26652336e-01 6.91174269e-01 2.18960464e-01 1.39387548e-02
    1.20413899e-01 7.24240780e-01 7.77068853e-01 5.40122807e-01
    2.28005648e-01 1.80702686e-01 4.84499097e-01 1.24370188e-01
    9.93134439e-01 7.58385539e-01 7.30981827e-01 7.75247037e-01
    9.22156811e-01 7.19836116e-01 3.46238971e-01 7.88934231e-01
    6.05188906e-02 4.21806395e-01 5.76670170e-02 6.72724843e-01
    2.02884972e-02 7.41128325e-01 5.15106082e-01 6.67871237e-01
    4.78676349e-01 9.77460861e-01 1.16046488e-01 8.37997794e-01
    4.10285145e-01 7.68740416e-01 9.44185495e-01 5.60260355e-01
    3.76507282e-01 2.57627368e-01 1.68556571e-01 9.67081785e-02
    5.99818170e-01 5.70199251e-01 6.07554495e-01 2.45706469e-01
    5.54795265e-01 5.58238089e-01 1.94379926e-01 9.37876463e-01
    8.41938436e-01 9.33994651e-01 1.04281604e-01 3.05629492e-01
    8.58451247e-01 7.95377254e-01 3.04923654e-01 3.28040242e-01
    3.16122472e-01 7.69861817e-01 4.42786038e-01 9.22548234e-01
    2.89185643e-02 8.80787849e-01 4.68080908e-01 6.43917561e-01
    7.57328629e-01 9.49257314e-01 2.90722668e-01 5.78043997e-01
    6.83536530e-02 7.46935248e-01 1.39762193e-01 8.48503470e-01
    6.29312992e-01 3.00780207e-01 9.66344118e-01 2.95167565e-02
    8.57750714e-01 3.41180563e-02 1.41298085e-01 0. 0. 0. 0. 0. 0. 0. 0.
    0. 0. 6.56023502e-01 6.32088900e-01 8.76109004e-01 5.26065409e-01
    4.52287436e-01 8.93238306e-01 4.73917782e-01 1.67001307e-01
    6.72533453e-01 9.77160931e-02 3.30773413e-01 7.97315180e-01
    1.69483274e-01 6.53276145e-01 7.45153069e-01 5.31798482e-01
    3.92000139e-01 4.45399582e-01 5.98583400e-01 6.46319032e-01
    3.13260615e-01 9.70672309e-01 3.31146955e-01 1.42564237e-01
    6.61600649e-01 7.22497940e-01 2.14196503e-01 3.93747330e-01
    8.48677874e-01 4.58586156e-01 7.39081502e-01 6.71453178e-01
    1.50245905e-01 7.88137436e-01 6.46346688e-01 2.00075001e-01
    8.46841812e-01 1.77861154e-02 2.26153404e-01 8.90943587e-01
    5.29342651e-01 7.08885014e-01 6.93929911e-01 4.24204469e-01
    2.58336693e-01 1.72155559e-01 1.27202123e-01 1.98894173e-01
    1.30946457e-01 6.75945640e-01 4.27698940e-01 4.29173440e-01
    3.17630500e-01 6.41644597e-01 1.71109468e-01 1.19923294e-01
    9.01408792e-01 5.59153378e-01 8.68038833e-02 3.57591569e-01
    7.69759834e-01 4.39897239e-01 3.17126870e-01 6.65963888e-01
    9.53383207e-01 8.80138338e-01 9.09738183e-01 4.80936050e-01
    6.83357835e-01 6.33444667e-01 4.97209907e-01 5.73380351e-01
    7.92089164e-01 1.10503167e-01 9.64413404e-01 3.36092979e-01
    1.26045495e-01 2.51723647e-01 9.67294097e-01 7.08247602e-01
    1.77956820e-02 8.62636089e-01 8.27980161e-01 5.70628643e-01
    9.41715956e-01 8.57181251e-02 1.73473030e-01 3.51758063e-01
    9.02123451e-02 1.91685557e-02 4.63421941e-02 8.57523322e-01
    1.36663586e-01 5.39344728e-01 9.78088975e-01 9.53489900e-01
    5.43107867e-01 3.70951682e-01 9.94786859e-01 3.21697533e-01
    8.40092659e-01 5.44847786e-01 7.32826591e-01 3.01265061e-01
    1.20475352e-01 7.02709556e-02 7.20674098e-02 5.01281500e-01
    1.65836334e-01 2.89619803e-01 7.79338062e-01 9.26253438e-01
    8.87008429e-01 6.26528680e-01 9.94946241e-01 6.90822482e-01
    5.46818197e-01 4.87085521e-01 6.19330823e-01 2.85662055e-01
    6.43690348e-01 8.28762770e-01 8.40152860e-01 3.28217387e-01
    4.14942801e-01 1.08191729e-01 3.60308230e-01 3.11344564e-01
    3.93388599e-01 7.02112377e-01 7.14347303e-01 5.81414700e-02
    5.88441670e-01 3.78647327e-01 5.67541182e-01 1.48122996e-01
    1.78444386e-02 9.82802749e-01 4.01651859e-01 4.60061699e-01
    4.17465270e-02 9.29485083e-01 3.33284020e-01 9.31389630e-02
    4.99947935e-01 4.28177774e-01 3.62718344e-01 9.24127162e-01
    3.99169862e-01 8.24201345e-01 9.49416518e-01 8.90799463e-01
    6.12743497e-01 1.52059019e-01 3.23843479e-01 9.98055816e-01
    8.00313354e-01 5.93961537e-01 4.78076100e-01 5.83009958e-01
    8.52801442e-01 9.31407750e-01 5.68081141e-01 1.00778937e-02
    3.29827070e-02 4.87661272e-01 9.52074766e-01 1.90166146e-01
    6.41770065e-01 3.73750895e-01 8.48347545e-01 2.16479748e-01
    3.36860120e-01 8.08137715e-01 6.69698954e-01 7.12521553e-01
    6.71277344e-01 1.13799214e-01 6.37472987e-01 4.15382147e-01
    7.46550143e-01 4.57665116e-01 4.94691879e-01 9.05833602e-01
    5.89328408e-02 4.06961739e-01 8.15305471e-01 8.38948488e-01
    2.09889174e-01 6.98520780e-01 6.15396798e-02 9.69531119e-01
    5.02932250e-01 5.46508610e-01 7.61501849e-01 2.78561950e-01
    5.02613544e-01 2.07258493e-01 8.09200406e-02 2.71498203e-01
    8.13372493e-01 2.95815349e-01 3.95966649e-01 1.00389063e-01
    6.64359212e-01 6.36136174e-01 5.94326854e-02 5.60677826e-01
    1.03784621e-01 7.78806865e-01 9.08222795e-01 8.21775019e-01
    3.40445936e-01 2.17683315e-01 4.86487240e-01 8.13901305e-01
    2.25270927e-01 4.44795698e-01 7.06057370e-01 7.16873169e-01
    5.47076464e-01 8.11296165e-01 5.50886929e-01 1.59869313e-01
    7.25691557e-01 2.51667738e-01 2.35425234e-01 3.71491104e-01
    2.19205409e-01 4.18909490e-01 4.16474879e-01 6.65138304e-01
    8.38065505e-01 2.26665288e-01 3.60094428e-01 8.14310551e-01
    3.71718526e-01 3.03993642e-01 3.85510027e-01 6.31946564e-01
    2.82967985e-02 2.85158426e-01 1.13421828e-01 7.03617573e-01
    6.65311158e-01 2.01197416e-01 8.77194107e-02 9.79157746e-01
    1.06874108e-01 8.06297064e-01 2.76845127e-01 7.97006190e-02
    2.26249129e-01 9.69955802e-01 6.38061643e-01 6.23208404e-01 0. 0. 0.
    0. 0. 0. 0. 0. 0. 0. 7.34530032e-01 6.21018589e-01 1.06630921e-02
    8.87510300e-01 7.80452669e-01 5.36540747e-01 3.81022394e-02
    4.02394950e-01 4.35750335e-01 4.91322070e-01 4.72579986e-01
    7.51502812e-02 9.99992132e-01 8.24780345e-01 7.36402690e-01
    7.05251992e-01 2.38879889e-01 8.42428803e-01 8.82392824e-02
    4.55751538e-01 5.63450396e-01 6.57416642e-01 8.30478072e-01
    3.94222200e-01 1.15062118e-01 1.67253375e-01 2.04352319e-01
    6.49949908e-03 9.86666679e-01 9.29008007e-01 9.01961327e-01
    2.46093243e-01 3.97498071e-01 1.00346893e-01 3.02966148e-01
    8.45380485e-01 5.86605966e-01 3.12114596e-01 1.03503466e-04
    7.18485117e-02 6.49090946e-01 5.46957850e-01 7.35851228e-02
    1.23130560e-01 7.86782265e-01 5.00840008e-01 5.77045977e-01
    1.61907226e-01 3.08292985e-01 6.61727130e-01 2.77331769e-02
    3.55153382e-01 5.19514084e-01 3.69530916e-03 8.59383464e-01
    2.58240342e-01 3.71011138e-01 4.30618882e-01 4.44833428e-01
    3.36970299e-01 8.17536712e-01 5.51475286e-01 4.56238627e-01
    7.72884667e-01 1.40402377e-01 9.31093693e-02 1.63726389e-01
    5.31934738e-01 7.00383663e-01 7.15281725e-01 9.39212918e-01
    6.36820138e-01 5.28377235e-01 7.34278500e-01 5.93932569e-02
    7.13748991e-01 1.57932103e-01 2.62636900e-01 1.95872903e-01
    6.30136549e-01 9.75141048e-01 8.45705271e-01 4.98451799e-01
    2.68628776e-01 8.52195024e-02 7.27850258e-01 8.09469223e-01
    5.09503126e-01 4.02396142e-01 2.66930848e-01 7.90643990e-02
    2.19992846e-01 3.36062431e-01 8.12122166e-01 9.27761436e-01
    4.73854154e-01 2.46906728e-01 8.40691507e-01 3.42787504e-02
    7.00030506e-01 5.68283558e-01 5.92274785e-01 6.68201745e-02
    8.37078810e-01 9.60161388e-02 9.75058496e-01 3.61927271e-01
    4.84266043e-01 4.35579121e-02 9.71373916e-01 8.45814943e-02
    3.79535079e-01 5.12961209e-01 6.73140645e-01 2.09616601e-01
    9.05777454e-01 9.32956457e-01 1.07670277e-01 3.27862799e-01
    6.09178424e-01 4.01020229e-01 4.40572679e-01 4.56972450e-01
    3.57377201e-01 3.77198994e-01 7.29167759e-01 2.12008804e-01
    7.04552531e-01 5.73284209e-01 5.73388398e-01 6.53920174e-01
    2.46293545e-02 1.74902052e-01 9.54025924e-01 9.30614114e-01
    5.33570707e-01 7.27428019e-01 9.35446382e-01 8.99385810e-01
    3.29925776e-01 3.87155563e-01 4.71762389e-01 6.06741905e-02
    9.17203665e-01 2.41921514e-01 4.49848682e-01 6.16242647e-01
    1.96978122e-01 7.63492286e-01 4.61859792e-01 9.53544915e-01
    1.89554662e-01 9.84508097e-02 3.57376605e-01 1.59808397e-01
    6.98413253e-01 6.06161654e-01 3.98421913e-01 5.35795212e-01
    9.26883817e-01 1.38598323e-01 7.70286679e-01 9.32969809e-01
    6.81389570e-01 6.55922055e-01 3.90073955e-02 4.33862031e-01
    3.74333054e-01 1.24903470e-01 5.10764718e-01 6.03836834e-01
    5.56469262e-02 8.41368556e-01 4.86473352e-01 4.83144462e-01
    8.88832211e-01 7.91465938e-02 2.40026832e-01 8.95644009e-01
    9.72587705e-01 7.44050860e-01 9.46705878e-01 3.30615997e-01
    1.81072056e-01 8.14901590e-02 4.94754255e-01 1.14557058e-01
    9.72080708e-01 6.17848516e-01 8.27140033e-01 3.45930696e-01
    4.34856802e-01 5.29954374e-01 5.00950098e-01 3.52207929e-01
    3.59004229e-01 6.01942480e-01 9.81021643e-01 9.11324739e-01
    9.02458906e-01 9.60654378e-01 8.33638072e-01 2.62260437e-01
    7.95785785e-01 4.71436262e-01 3.21628392e-01 1.10161990e-01
    4.30688381e-01 5.03594279e-01 9.93985057e-01 2.09710002e-03
    4.96168822e-01 1.89319551e-02 3.58776778e-01 4.49158758e-01
    7.31023014e-01 3.86048019e-01 1.93172991e-02 6.24420643e-01
    3.83909315e-01 8.73361707e-01 4.68660563e-01 3.20463657e-01
    1.14404112e-01 4.48724955e-01 9.10967231e-01 8.59353960e-01
    6.94710493e-01 1.40181124e-01 3.63245666e-01 9.92672324e-01
    8.80758524e-01 1.23425096e-01 3.84001106e-01 3.35792065e-01
    3.80127549e-01 4.34452772e-01 6.27094388e-01 9.40226078e-01
    3.66794050e-01 3.71035516e-01 4.44926441e-01 7.86536455e-01
    2.36436456e-01 8.15916240e-01 9.09837484e-02 9.73410666e-01
    2.80796617e-01 7.58743465e-01 3.60275865e-01 4.32133555e-01
    4.50692236e-01 9.98359740e-01 5.20941019e-01 4.38388348e-01
    2.01058209e-01 0. 0. 0. 0. 0. 0. 0. 0. 0. 0. 5.26372254e-01
    7.08303750e-01 2.60066867e-01 7.20163286e-02 9.35296714e-02
    9.03469086e-01 5.75255394e-01 2.50219405e-01 6.87217951e-01
    9.84230161e-01 6.95152402e-01 3.11329782e-01 9.78950441e-01
    2.44488984e-01 1.24593675e-01 7.92487442e-01 9.28760767e-01
    5.27799428e-01 5.24192452e-01 4.10358727e-01 4.95494395e-01
    9.70810354e-02 1.41496301e-01 7.32382774e-01 7.60361135e-01
    3.40055168e-01 1.34519666e-01 2.98580348e-01 9.75962996e-01
    7.19452977e-01 3.11172068e-01 2.63733745e-01 7.45554268e-02
    2.77284533e-01 4.41383600e-01 6.68769956e-01 2.44433284e-01
    1.01851225e-01 9.68413711e-01 3.62618595e-01 4.14203107e-01
    8.80732059e-01 7.47667611e-01 5.51918805e-01 4.57652032e-01
    7.45352745e-01 5.13235867e-01 2.33826756e-01 2.33805776e-02
    1.28517151e-02 7.21714497e-01 8.82385850e-01 4.88937646e-01
    6.25107527e-01 1.44082993e-01 3.77442479e-01 3.21062356e-01
    6.70071900e-01 8.36912394e-01 7.00377047e-01 9.82450128e-01
    1.07397527e-01 6.37692571e-01 6.74714565e-01 6.14918768e-01
    1.61287576e-01 1.52274430e-01 3.32345366e-02 3.29903305e-01
    7.76202440e-01 9.06698465e-01 1.45217866e-01 5.03971577e-01
    5.08833647e-01 5.51592290e-01 8.42039049e-01 1.82812601e-01
    7.44108856e-02 3.62426817e-01 8.78294528e-01 5.01362979e-01
    9.71398950e-01 2.81682074e-01 5.96122205e-01 8.05252194e-01
    2.34884918e-01 9.60802138e-02 2.64279217e-01 5.49612045e-01
    6.50451481e-02 3.62745881e-01 7.54841685e-01 1.19796067e-01
    4.09573436e-01 5.75472176e-01 3.72443497e-01 4.48661238e-01
    1.99606329e-01 2.81048536e-01 7.52356112e-01 3.03153068e-01
    3.60495239e-01 9.08744812e-01 8.79859149e-01 5.38394153e-02
    6.58097863e-02 1.90111041e-01 7.78700590e-01 5.70174634e-01
    9.13177252e-01 8.89379859e-01 9.79117632e-01 9.69563723e-01
    9.27495122e-01 1.52520686e-01 9.68804240e-01 2.65250057e-01
    5.67293227e-01 7.28287518e-01 5.53558767e-01 1.91308320e-01
    4.09445435e-01 4.28629309e-01 4.29668963e-01 6.92238331e-01
    9.11856771e-01 9.26045537e-01 6.42605066e-01 1.52049422e-01
    6.44420981e-02 9.84055698e-01 5.93762279e-01 6.62698150e-02
    9.10509109e-01 5.50128162e-01 1.23727411e-01 1.56030416e-01
    6.12442851e-01 6.08268559e-01 9.88509595e-01 6.17599487e-02
    4.25636828e-01 8.09301853e-01 4.53164935e-01 1.04045808e-01
    7.99974799e-01 9.41147447e-01 1.67427063e-01 6.17141306e-01
    7.28069663e-01 3.04253697e-01 7.59659946e-01 7.97241151e-01
    8.19755077e-01 5.12188137e-01 5.13540149e-01 3.93800974e-01
    7.12884426e-01 9.41896081e-01 6.00994468e-01 3.87271523e-01
    5.57398498e-02 8.29868317e-01 5.48921525e-02 3.59779596e-03
    8.72197211e-01 3.07195604e-01 9.06787217e-01 2.80688822e-01
    1.71097904e-01 2.81628549e-01 3.81951958e-01 3.49950254e-01
    5.56221008e-01 4.95253861e-01 8.16037893e-01 6.72080874e-01
    8.92203748e-02 1.69797629e-01 2.59175062e-01 4.63693947e-01
    9.16600406e-01 6.20202839e-01 3.77475858e-01 1.71003401e-01
    6.74676120e-01 5.21063805e-01 2.80917645e-01 3.24241042e-01
    1.42014027e-02 9.00781274e-01 8.94979239e-02 3.33814412e-01
    7.79085457e-02 3.67957115e-01 4.73827422e-01 7.73690939e-01
    5.37447333e-01 3.72286618e-01 8.67598772e-01 8.21784437e-01
    2.40939945e-01 7.19491839e-02 4.81766164e-01 8.36064517e-02
    5.20148456e-01 5.12830436e-01 1.12629503e-01 7.84792781e-01
    2.94154227e-01 7.73934245e-01 8.47095966e-01 2.98606098e-01
    2.39297360e-01 7.64128685e-01 1.48167104e-01 2.84739703e-01
    1.67543888e-02 8.83374810e-01 1.91394597e-01 5.31138599e-01
    5.56525886e-01 8.94472957e-01 8.55941534e-01 4.47943509e-02
    5.57695925e-01 1.21657550e-01 4.98867661e-01 9.83889341e-01
    3.84165645e-02 6.40883386e-01 9.17689145e-01 2.39507049e-01
    2.55034864e-01 5.18935204e-01 5.58850110e-01 3.84366006e-01
    2.30237037e-01 3.39560986e-01 9.07368004e-01 1.28281832e-01
    1.82284713e-01 3.78037035e-01 2.17644721e-01 4.38983262e-01
    3.74629796e-02 5.02267301e-01 9.40375805e-01 4.42737281e-01
    5.77986956e-01 1.94575340e-01 9.72171128e-01 7.04517961e-01
    5.18517375e-01 2.84576625e-01 8.07570815e-01 0. 0. 0. 0. 0. 0. 0. 0.
    0. 0. 4.94080275e-01 8.47249925e-02 3.27143520e-01 4.64588284e-01
    1.98114216e-02 9.52075720e-01 8.79192472e-01 2.43306577e-01
    8.61512482e-01 3.27652752e-01 1.14737779e-01 6.51078820e-02
    3.93853754e-01 5.90791583e-01 3.79238188e-01 4.08956766e-01
    5.31372488e-01 7.92678118e-01 4.43794131e-01 2.19127834e-02
    8.80932033e-01 2.65618652e-01 8.52221727e-01 9.62149441e-01
    6.39408529e-02 8.99722040e-01 6.80671453e-01 8.10823917e-01
    2.60848403e-02 3.18842232e-01 8.14791083e-01 8.01508367e-01
    5.57364821e-01 1.68274611e-01 9.20763314e-02 1.28779262e-01
    6.28849149e-01 6.17202103e-01 1.25592560e-01 8.22768152e-01
    2.64307022e-01 4.58514810e-01 3.15248668e-02 9.06736135e-01
    3.32053304e-01 2.22245336e-01 3.61749768e-01 3.85325253e-01
    2.04742610e-01 1.71224654e-01 9.20303881e-01 9.92607355e-01
    3.20222616e-01 5.78542769e-01 2.99582958e-01 7.32401371e-01
    5.00856280e-01 9.09155905e-01 7.91963339e-02 6.15537703e-01
    3.20763499e-01 7.72382259e-01 2.81216383e-01 6.54887736e-01
    1.10049576e-01 8.61737847e-01 3.95479500e-01 1.25867218e-01
    9.35505390e-01 5.96372426e-01 7.39064813e-03 6.41775131e-01
    6.35940969e-01 6.13012910e-03 3.00038159e-01 1.79897249e-02
    2.41259933e-01 4.09010291e-01 8.08065653e-01 4.43154395e-01
    7.34326959e-01 3.79941761e-02 2.61761069e-01 9.22940373e-01
    9.97861862e-01 8.48659873e-03 1.48286819e-02 9.35010672e-01
    4.93283242e-01 2.95263708e-01 7.12920547e-01 9.21895862e-01
    6.78477049e-01 6.16886973e-01 8.44666958e-01 6.61224306e-01
    4.82495874e-01 4.96833324e-02 8.05201650e-01 7.35982418e-01
    9.17169452e-01 7.35235751e-01 2.73660600e-01 9.14096951e-01
    5.05191803e-01 4.64222908e-01 8.88832808e-01 9.27852690e-01
    3.33291829e-01 8.02355230e-01 6.99080229e-01 4.73244190e-01
    7.66053140e-01 9.48653698e-01 4.40964907e-01 3.52501899e-01
    3.33616138e-03 6.93139672e-01 5.06852031e-01 8.28708291e-01
    1.54256999e-01 6.68242395e-01 3.24933410e-01 8.41628969e-01
    5.01415968e-01 3.31207275e-01 2.64411926e-01 4.02518868e-01
    6.25378489e-02 6.54636383e-01 2.62658417e-01 3.96039099e-01
    6.98294044e-01 9.57749248e-01 3.93209606e-01 8.33129942e-01
    3.02954197e-01 7.28144705e-01 4.10726666e-03 2.01723009e-01
    2.23477870e-01 5.78257084e-01 9.76248384e-01 5.56192398e-01
    2.81149328e-01 4.03797388e-01 2.96140999e-01 3.14574838e-02
    7.09398389e-01 7.41847336e-01 4.06116009e-01 6.96534872e-01
    1.85500234e-01 2.34600395e-01 7.66773164e-01 7.55612969e-01
    3.42160642e-01 2.83474267e-01 8.81880999e-01 6.07642829e-01
    8.90850127e-01 6.54024720e-01 2.04957724e-01 5.52917480e-01
    6.42097712e-01 7.81068981e-01 6.55041277e-01 7.91222930e-01
    6.21579766e-01 2.98013985e-01 6.77605748e-01 4.02707100e-01
    9.43456769e-01 3.53060097e-01 5.23098886e-01 6.12957835e-01
    2.13902354e-01 2.97786474e-01 2.33348042e-01 9.62522507e-01
    4.02317107e-01 5.34128129e-01 2.47660279e-03 8.54552984e-01
    3.06961298e-01 2.81342328e-01 9.37276959e-01 4.56287742e-01
    1.12261891e-01 6.86231315e-01 4.83033061e-01 2.48961419e-01
    3.47883761e-01 8.48799050e-02 2.57775068e-01 9.69013214e-01
    6.52693033e-01 8.65972877e-01 4.15299654e-01 8.91184449e-01
    8.87413859e-01 8.58727932e-01 7.82463551e-02 1.77452713e-01
    2.20246017e-01 9.19582009e-01 3.91254306e-01 6.33350194e-01
    2.77559459e-01 6.24985993e-02 1.80759430e-01 8.31952333e-01
    2.23515391e-01 8.43412220e-01 9.46286738e-01 6.63190484e-01
    4.75467652e-01 5.95548391e-01 2.96184719e-02 5.77571988e-03
    4.21329588e-01 9.84491229e-01 5.81002831e-01 4.61963981e-01
    2.26669073e-01 2.17933953e-02 5.66888750e-01 4.55546916e-01
    4.21711773e-01 8.81988406e-01 8.92889023e-01 4.71262544e-01
    5.00575602e-01 4.08922970e-01 2.87302405e-01 4.39478159e-01
    4.25290704e-01 9.12808478e-02 3.25990617e-01 6.88030720e-01
    3.37792039e-01 3.26792449e-01 5.59003413e-01 8.30042243e-01
    2.40578324e-01 1.03557378e-01 1.09738231e-01 1.73874319e-01
    9.51526403e-01 2.49296606e-01 5.79708815e-02 9.77167189e-02
    5.17038226e-01 9.48946118e-01 2.81229913e-01 4.88677412e-01 0. 0. 0.
    0. 0. 0. 0. 0. 0. 0. 6.04529858e-01 3.62464815e-01 2.10911006e-01
    8.11509192e-02 7.36270070e-01 3.04018706e-01 9.49094236e-01
    9.18760300e-01 8.21936548e-01 2.69274205e-01 5.59669375e-01
    3.53397667e-01 4.61659461e-01 4.76041168e-01 9.66992378e-02
    3.02336633e-01 2.15567231e-01 3.71031731e-01 5.14130414e-01
    1.83574557e-02 7.75830269e-01 4.12439197e-01 7.22630978e-01
    3.22701246e-01 6.65764213e-01 6.06622458e-01 5.43290377e-02
    1.15903378e-01 1.40469283e-01 2.98721194e-02 3.68542373e-01
    6.28790021e-01 3.74320686e-01 8.93154442e-02 5.07479727e-01
    7.08499134e-01 9.83009577e-01 1.05871111e-01 3.57927442e-01
    8.61205041e-01 2.91719258e-01 1.15249544e-01 6.02440715e-01
    8.67569149e-01 7.76660204e-01 7.04450846e-01 8.56842399e-01
    1.39104128e-02 9.43338275e-02 3.77237469e-01 6.97439849e-01
    5.43029666e-01 5.36149442e-01 5.52475691e-01 3.20906669e-01
    2.47046947e-01 8.80898476e-01 2.24414170e-02 4.66661960e-01
    5.39719343e-01 2.23429143e-01 3.98109704e-01 3.90869081e-01
    3.39294374e-01 2.54912555e-01 8.62753034e-01 7.10785210e-01
    2.69585550e-02 3.45553190e-01 2.68912613e-02 5.16983271e-02
    1.06856167e-01 8.03123593e-01 4.47972357e-01 1.30283833e-02
    7.30404556e-01 5.11835873e-01 8.38615179e-01 3.37585807e-01
    9.39327121e-01 4.06460613e-01 8.71056080e-01 1.46028310e-01
    1.23850614e-01 5.34685791e-01 5.04199564e-01 3.60685587e-02
    3.95086884e-01 7.74580657e-01 2.20162302e-01 5.26808381e-01
    4.86656517e-01 2.80150652e-01 1.99016035e-01 1.14608109e-01
    6.24475777e-02 3.75719577e-01 6.43643379e-01 2.00395226e-01
    1.61131054e-01 8.11540008e-01 3.08906674e-01 7.23267198e-01
    9.14114833e-01 9.19177115e-01 4.42294419e-01 3.66671264e-01
    3.95321906e-01 4.64122415e-01 1.97182477e-01 5.59220135e-01
    7.80695558e-01 5.99434257e-01 5.63971758e-01 9.91063595e-01
    4.33355808e-01 6.59790158e-01 5.53401351e-01 2.61403084e-01
    7.00989127e-01 3.50308001e-01 9.28034663e-01 5.08110106e-01
    1.01093411e-01 5.39962888e-01 2.78659195e-01 2.53950059e-01
    2.67648697e-01 8.73226523e-02 1.35688066e-01 1.55813068e-01
    7.62814999e-01 5.82547247e-01 5.97423613e-02 1.22010112e-01
    2.05692053e-01 9.55491662e-01 3.02058458e-01 2.35717088e-01
    9.10256743e-01 6.84788942e-01 5.26855290e-01 2.21605629e-01
    5.56315780e-01 2.15441674e-01 7.95196176e-01 3.91590804e-01
    6.07494235e-01 7.42550313e-01 4.72091675e-01 1.46192580e-01
    9.23607349e-01 2.81868756e-01 8.06269526e-01 2.14276314e-02
    4.58132207e-01 4.81623977e-01 8.57013583e-01 7.05978990e-01
    1.23069018e-01 9.90160286e-01 5.22259831e-01 4.23778892e-01
    3.44488621e-01 3.05458963e-01 2.07047760e-01 9.07004952e-01
    3.79015863e-01 1.81356728e-01 2.05885887e-01 9.80793118e-01
    7.25296855e-01 9.53403831e-01 2.40924567e-01 4.07014191e-01
    5.21430552e-01 5.67004323e-01 3.20631653e-01 8.43668878e-02
    5.79929173e-01 6.92154169e-01 8.92260671e-01 5.80046177e-01
    4.97855425e-01 6.28472805e-01 2.32616037e-01 2.95859098e-01
    3.63530636e-01 7.00048923e-01 3.82301211e-03 7.09120154e-01
    1.68280602e-01 3.67133200e-01 6.94294274e-02 9.56786394e-01
    8.83252621e-01 6.94475889e-01 6.87068105e-01 4.77899581e-01
    9.06665027e-01 8.79240036e-03 4.75651979e-01 1.33567065e-01
    4.80714619e-01 1.38807684e-01 2.62052000e-01 5.81208646e-01
    1.94924474e-01 1.69970602e-01 6.99978232e-01 5.51646650e-01
    5.51039279e-02 2.02368945e-01 8.99055779e-01 1.47829145e-01
    3.43340904e-01 2.50156999e-01 9.47381854e-01 7.23613322e-01
    2.57501602e-01 9.22946036e-02 3.68649423e-01 9.96836364e-01
    3.04403603e-01 8.08678746e-01 5.12564540e-01 5.02589345e-03
    2.00873077e-01 9.25312757e-01 5.96205711e-01 9.00658250e-01
    4.49820340e-01 3.30092609e-02 8.78429413e-03 6.83635890e-01
    4.92349148e-01 2.27084935e-01 1.07918322e-01 6.86036766e-01
    8.72252345e-01 8.83098722e-01 3.27429831e-01 9.41682935e-01
    1.00024015e-01 2.83360392e-01 9.92133260e-01 1.92101091e-01
    6.18062913e-01 9.33942199e-03 5.90366542e-01 2.70113915e-01
    5.93207419e-01 2.96183467e-01 2.11046576e-01 7.39089549e-02
    2.78770745e-01 0. 0. 0. 0. 0. 0. 0. 0. 0. 0. 5.89715719e-01
    4.46900249e-01 4.37048912e-01 7.15911388e-02 8.25047851e-01
    8.72553587e-01 4.74632591e-01 2.15721160e-01 4.32177097e-01
    1.55660063e-01 3.86476129e-01 2.78391540e-01 6.58969879e-01
    9.18140650e-01 8.95615101e-01 7.53069460e-01 8.12052608e-01
    4.67993140e-01 1.59312248e-01 9.24306273e-01 4.35875744e-01
    8.05527627e-01 4.47075725e-01 8.37608218e-01 4.17517304e-01
    7.23530352e-02 1.79313362e-01 5.13723969e-01 5.96545160e-01
    3.10323536e-01 8.18294048e-01 9.24107075e-01 9.16890264e-01
    9.28029358e-01 9.87070799e-01 8.92883539e-03 5.95271170e-01
    3.58182967e-01 4.85163897e-01 4.86465096e-02 1.42693698e-01
    8.51863027e-01 9.53818262e-02 3.09787989e-01 2.63132453e-02
    3.21430892e-01 8.76737475e-01 2.15844035e-01 7.74550378e-01
    8.98963273e-01 6.01472616e-01 2.10053980e-01 3.60700190e-02
    6.29076779e-01 1.30666107e-01 1.20417029e-01 8.97927403e-01
    5.38949013e-01 7.77416587e-01 3.60339880e-03 5.74495435e-01
    5.35416722e-01 7.17245281e-01 5.99359214e-01 1.30516231e-01
    3.06547403e-01 6.36308968e-01 1.54524118e-01 9.43781734e-02
    2.47830987e-01 4.43639606e-01 8.79182577e-01 5.27379632e-01
    3.79020303e-01 2.28846908e-01 9.31615174e-01 8.40283513e-01
    2.66269743e-02 8.03776503e-01 8.13329697e-01 9.76386070e-01
    8.10848176e-01 5.12692571e-01 2.59612381e-01 8.64179015e-01
    4.46835995e-01 6.95534468e-01 7.57013559e-01 4.32005107e-01
    7.31238246e-01 7.52668679e-02 2.33020514e-01 3.39816898e-01
    8.81526113e-01 9.06835437e-01 2.38221675e-01 5.22951126e-01
    5.09860516e-01 5.47945201e-01 8.45274866e-01 5.84309459e-01
    6.70579374e-02 3.12249541e-01 4.07042921e-01 1.49504513e-01
    7.89546669e-01 8.01461220e-01 2.83012480e-01 2.50727475e-01
    9.59609449e-01 5.58108747e-01 2.57215023e-01 4.45789009e-01
    7.71635115e-01 2.80528605e-01 2.67913520e-01 3.75929475e-02
    3.58802259e-01 1.98582172e-01 6.90629005e-01 8.07923377e-01
    7.95382857e-02 2.08090574e-01 2.07705021e-01 8.20771933e-01
    8.69248033e-01 7.90265739e-01 8.16364527e-01 2.29053378e-01
    3.02248359e-01 2.17667162e-01 1.95083112e-01 3.02580327e-01
    3.71998608e-01 2.67159939e-03 6.17184460e-01 1.67409688e-01
    6.42399192e-02 8.80643249e-01 3.28160048e-01 9.83680964e-01
    3.04478854e-01 9.11331177e-01 8.95556092e-01 4.94415015e-01
    1.14547729e-01 4.18812931e-02 3.98979962e-01 8.55652153e-01
    2.90781558e-01 6.69409454e-01 8.95671844e-01 8.30556750e-02
    1.68756783e-01 9.95897889e-01 1.45745069e-01 8.16902220e-02
    3.66872728e-01 7.11500287e-01 1.22771740e-01 9.74897265e-01
    6.44718468e-01 7.69633770e-01 7.89559841e-01 7.62118697e-01
    7.94347525e-01 8.29707384e-01 9.66514587e-01 5.76841235e-01
    4.52479035e-01 8.98923039e-01 3.34159970e-01 5.63257217e-01
    9.32016373e-01 4.88094985e-01 3.38387012e-01 3.00388783e-01
    2.38456249e-01 2.08202302e-02 7.20724702e-01 8.89499784e-01
    4.56206113e-01 7.59618700e-01 3.59693110e-01 2.58584917e-02
    7.85214186e-01 4.42675263e-01 4.00880426e-01 4.30815220e-01
    6.88209176e-01 4.30257589e-01 3.18214685e-01 3.28120947e-01
    1.60840452e-01 6.15586281e-01 4.71195579e-01 9.24356222e-01
    1.72929466e-02 4.37929630e-02 6.15615427e-01 6.78783417e-01
    4.33366746e-01 7.02297449e-01 6.29103780e-01 9.65211093e-02
    5.43220460e-01 2.06485450e-01 1.73085630e-01 5.85017562e-01
    1.75537676e-01 5.94077468e-01 6.78530455e-01 6.15293086e-02
    1.10480011e-01 7.28336871e-01 2.79572904e-01 3.57149243e-02
    8.94735932e-01 5.14139116e-01 7.65372396e-01 1.84175670e-01
    8.99324894e-01 5.23522258e-01 8.22192788e-01 8.87516260e-01
    6.61682189e-01 7.74808109e-01 1.87821269e-01 4.13950533e-01
    3.32434297e-01 2.55633056e-01 6.96291268e-01 4.11188364e-01
    5.00532568e-01 6.11500859e-01 1.58849955e-01 5.78785002e-01
    5.61093569e-01 2.91326344e-01 5.20105302e-01 6.32632554e-01
    3.27560782e-01 6.88915730e-01 8.94308686e-01 3.10486853e-01
    4.83414263e-01 2.59792089e-01 5.17509937e-01 4.99065965e-01
    3.93074602e-01 8.05350900e-01 1.94276959e-01 2.27947354e-01
    1.11632228e-01 3.73602509e-01 4.95737970e-01 0. 0. 0. 0. 0. 0. 0. 0.
    0. 0. 9.61033344e-01 5.58191240e-01 5.15902877e-01 7.99853802e-02
    2.70997912e-01 4.19051409e-01 8.64712894e-01 5.51878333e-01
    4.16430235e-01 4.89374787e-01 1.99600369e-01 4.65607047e-02
    4.51472700e-01 8.56074095e-01 6.23768330e-01 2.54495323e-01
    8.43951464e-01 5.10028005e-01 8.41826975e-01 9.23778534e-01
    7.74404466e-01 7.22383142e-01 2.87009001e-01 2.84633040e-02
    5.84307611e-02 3.71871352e-01 4.61087883e-01 2.08599210e-01
    8.47121894e-01 7.64718354e-01 1.73051953e-01 4.69798595e-01
    7.69971728e-01 3.57730627e-01 4.29739684e-01 5.57525158e-01
    4.10881191e-01 4.86525148e-01 1.44896328e-01 2.38782674e-01
    8.48350883e-01 1.33173615e-01 5.83442330e-01 5.20965576e-01
    3.25833946e-01 5.46927214e-01 4.58210558e-01 4.66602325e-01
    3.84937465e-01 4.80026305e-01 2.21445560e-01 9.31161880e-01
    9.16466355e-01 2.07942128e-01 8.12694430e-01 8.75100791e-01
    3.15124154e-01 6.21690750e-01 4.52152938e-01 1.13947719e-01
    3.14593315e-04 7.68339038e-02 8.50819170e-01 3.59679192e-01
    7.22496688e-01 8.11894298e-01 2.28189945e-01 5.52939296e-01
    2.24139303e-01 8.93307090e-01 5.35903335e-01 1.96794093e-01
    3.87617409e-01 5.76631904e-01 8.79179955e-01 7.32111037e-01
    3.11554223e-01 3.88470590e-02 6.79170132e-01 3.93647105e-01
    1.30535960e-02 6.56887472e-01 5.12765408e-01 2.89906353e-01
    9.01262939e-01 8.92530918e-01 3.96127701e-01 9.49247539e-01
    9.09954190e-01 8.34727883e-01 4.24300343e-01 8.18872929e-01
    2.34316081e-01 2.74994195e-01 9.48183179e-01 5.21252036e-01
    9.69153404e-01 1.22989774e-01 2.36259341e-01 6.84848249e-01
    4.52857107e-01 1.07049942e-01 2.46059746e-01 1.69839889e-01
    9.64521587e-01 6.75515234e-01 3.76093626e-01 4.14218098e-01
    7.42639303e-02 8.71656537e-02 4.22900110e-01 6.31964684e-01
    6.05670333e-01 5.38228989e-01 2.75272429e-01 9.74029899e-01
    3.75259608e-01 5.77064216e-01 5.93934178e-01 6.14247262e-01
    9.28130388e-01 5.36092043e-01 1.49221361e-01 3.00217569e-02
    7.75313914e-01 1.45376265e-01 6.90926850e-01 3.71455371e-01
    7.97109008e-01 1.85717642e-02 3.14563215e-01 7.00558782e-01
    5.60604334e-02 6.65667117e-01 8.15198302e-01 2.28533298e-01
    7.93034554e-01 7.36975074e-01 7.87683308e-01 4.72144157e-01
    3.58881116e-01 5.04839957e-01 4.65787143e-01 2.71478951e-01
    3.62930238e-01 7.04332590e-01 6.91245317e-01 7.45687962e-01
    5.61019480e-02 8.31842184e-01 1.39653862e-01 5.46087503e-01
    1.40036374e-01 1.82340384e-01 9.85584736e-01 7.29598999e-01
    1.64671183e-01 1.78398550e-01 2.10811824e-01 8.59715700e-01
    5.76879919e-01 2.88803130e-01 2.54428864e-01 6.83190584e-01
    2.79379785e-02 4.19175804e-01 4.08857226e-01 5.22045612e-01
    2.08757579e-01 1.26407266e-01 4.51778948e-01 9.77072716e-01
    6.54805541e-01 4.28433448e-01 9.77782249e-01 9.15047288e-01
    6.97407603e-01 8.99622440e-01 6.70859098e-01 8.49850893e-01
    2.33653724e-01 3.77777517e-02 1.76859379e-01 7.30477929e-01
    1.09025449e-01 9.49236095e-01 3.32319349e-01 8.72183800e-01
    6.89304471e-02 4.35240567e-02 4.94583845e-02 8.57815146e-01
    8.07943940e-01 2.97306597e-01 3.73436213e-01 2.22663194e-01
    7.22355127e-01 6.77130699e-01 3.09097946e-01 3.39629173e-01
    4.85516608e-01 8.40033352e-01 6.37589097e-01 3.29627633e-01
    1.89286947e-01 7.69398272e-01 3.36583048e-01 9.27332342e-01
    1.45845562e-01 7.80001938e-01 1.87654912e-01 2.94296592e-01
    2.53036320e-02 8.27733636e-01 3.33405733e-01 1.57386065e-04
    8.35200250e-01 9.60822105e-01 7.05145121e-01 8.66863728e-01
    1.08086407e-01 1.00207418e-01 3.53484899e-01 9.91635084e-01
    2.60676146e-02 4.82768714e-01 7.82924533e-01 5.27967215e-02
    5.83179891e-01 8.17068934e-01 6.15401626e-01 9.37853694e-01
    3.97910833e-01 5.56012928e-01 9.29273963e-02 2.66063750e-01
    6.83152914e-01 9.12936270e-01 9.29387391e-01 9.59875822e-01
    3.09904516e-01 2.93726861e-01 4.42064881e-01 2.34104514e-01
    1.25950068e-01 8.28789055e-01 9.24221992e-01 6.37878180e-01
    7.82548666e-01 6.59553230e-01 5.09529591e-01 3.73986065e-01
    5.55993021e-01 9.43705916e-01 3.33038270e-01 2.01370865e-01 0. 0. 0.
    0. 0. 0. 0. 0. 0. 0. 4.48041975e-01 2.64429748e-02 8.85185838e-01
    2.12759554e-01 8.98643613e-01 1.81543648e-01 5.01779675e-01
    2.09882081e-01 1.18550956e-01 2.62627453e-01 9.33261216e-02
    3.65266711e-01 9.47072744e-01 9.42254245e-01 4.17126566e-01
    1.80503339e-01 5.20797312e-01 7.30958939e-01 3.07789981e-01
    1.61765039e-01 1.10995442e-01 1.97648406e-02 8.04417312e-01
    2.62576342e-01 4.37164038e-01 5.03250360e-02 6.86952174e-01
    5.95374763e-01 6.26317978e-01 4.92493331e-01 8.24420214e-01
    8.81288290e-01 8.60246778e-01 2.72466242e-02 9.24363494e-01
    4.61483181e-01 8.30213130e-01 3.30273718e-01 2.88105011e-01
    7.61763334e-01 6.92257881e-01 6.02408528e-01 5.99959016e-01
    8.79911125e-01 4.54623282e-01 1.42195046e-01 9.94378328e-01
    3.16254675e-01 5.80781400e-02 4.55238581e-01 2.80466795e-01
    4.66625720e-01 3.36292088e-01 3.76048863e-01 3.76868159e-01
    5.96938193e-01 2.50155985e-01 1.56335235e-02 6.37444556e-02
    8.22013497e-01 9.73691702e-01 6.57080233e-01 3.82473528e-01
    1.98924065e-01 5.51710248e-01 5.22127450e-01 3.70136559e-01
    1.58226252e-01 2.54950017e-01 3.69458467e-01 5.03763378e-01
    1.75915360e-01 4.64151978e-01 2.52728760e-01 5.68193495e-01
    6.62685513e-01 8.84075463e-01 4.94132042e-02 5.03155529e-01
    6.97265148e-01 6.03871465e-01 9.43570971e-01 1.91455781e-02
    5.73558271e-01 8.82900059e-01 2.21331567e-01 9.58366632e-01
    4.41233635e-01 3.55799854e-01 6.87553644e-01 4.10743445e-01
    9.72912252e-01 4.82207388e-01 7.60863841e-01 6.42006278e-01
    7.30069637e-01 6.14810824e-01 1.36843622e-02 1.20625347e-01
    1.10953152e-02 4.56108391e-01 9.29189920e-01 4.76845533e-01
    1.62122399e-01 3.96162003e-01 5.86201847e-01 3.57759297e-01
    2.88958043e-01 2.21606195e-02 3.93365264e-01 8.19455683e-01
    5.19925416e-01 5.06705642e-02 7.10572660e-01 2.20928937e-01
    9.78784680e-01 3.51428330e-01 9.09820139e-01 3.34884822e-01
    2.43575990e-01 7.49729514e-01 8.18512499e-01 5.83484411e-01
    2.09975302e-01 5.73747516e-01 2.17057616e-01 4.79591548e-01
    9.66125131e-01 4.44373220e-01 1.29266798e-01 2.85581052e-01
    6.41031504e-01 6.40368462e-02 9.94068623e-01 2.59764373e-01
    2.40452319e-01 9.60901022e-01 2.31263816e-01 8.42295229e-01
    6.86656356e-01 3.76780152e-01 2.50177145e-01 6.72958314e-01
    9.24207389e-01 6.71477318e-02 3.88194293e-01 9.86424983e-01
    6.58021629e-01 2.47350097e-01 8.88720393e-01 1.63215101e-01
    7.42396832e-01 5.49327075e-01 5.14022112e-01 5.21032810e-02
    8.25919211e-02 8.60962391e-01 1.78321868e-01 7.36572564e-01
    9.34888244e-01 7.90259957e-01 5.63514292e-01 9.61412728e-01
    5.34838140e-02 2.66776294e-01 4.28495705e-01 8.62165153e-01
    7.80945539e-01 1.36453807e-01 5.66501200e-01 1.86338842e-01
    9.38657761e-01 8.35717082e-01 7.04820991e-01 4.19819593e-01
    5.41411638e-02 5.92771471e-02 7.50016809e-01 2.47813433e-01
    9.98633802e-02 1.22914314e-02 4.91563857e-01 1.05425030e-01
    8.07132959e-01 9.00800586e-01 2.71469176e-01 9.95859087e-01
    8.54647458e-02 7.78396547e-01 8.94013762e-01 8.96218419e-03
    8.58981848e-01 6.84431374e-01 4.58334595e-01 9.57393289e-01
    8.91624928e-01 7.01655149e-01 1.82525903e-01 4.44251299e-01
    7.70972013e-01 6.13223314e-01 8.89105260e-01 2.40038276e-01
    2.80458301e-01 9.13668990e-01 6.21285141e-01 9.00416374e-01
    9.01828051e-01 9.66003776e-01 3.64047289e-01 3.50155413e-01
    2.81012446e-01 6.50553703e-02 5.04630685e-01 1.13703817e-01
    4.56669658e-01 9.95199203e-01 2.78051198e-02 4.15254325e-01
    8.03769112e-01 6.12099469e-02 6.83645010e-01 9.13943052e-01
    4.03705716e-01 6.66703582e-01 8.76203716e-01 1.27057701e-01
    6.64247096e-01 7.23645091e-03 9.23134983e-02 6.46352232e-01
    3.10989916e-01 8.45180869e-01 8.16257834e-01 6.13170683e-01
    9.65391636e-01 9.40869927e-01 1.73612893e-01 8.83238673e-01
    2.64663041e-01 3.11538696e-01 8.71813655e-01 9.63022470e-01
    4.52722281e-01 8.70407701e-01 6.89511955e-01 4.59462494e-01
    4.83278781e-01 2.96008140e-01 8.63951683e-01 1.43732309e-01
    6.13923609e-01 8.15566659e-01 1.63064569e-01 4.36632574e-01
    7.58851171e-01 0. 0. 0. 0. 0. 0. 0. 0. 0. 0. 7.84156024e-01
    4.52121556e-01 7.27117300e-01 8.20565641e-01 8.05819452e-01
    4.56088334e-01 5.62473238e-01 1.80333436e-01 2.28515595e-01
    3.95790040e-01 7.94524848e-02 1.38826668e-01 6.75225139e-01
    9.67893064e-01 5.70435286e-01 2.65749991e-02 8.11598420e-01
    9.86045301e-01 6.74223304e-01 6.79787278e-01 5.92474341e-01
    3.11127067e-01 8.65072370e-01 9.66088355e-01 3.18461657e-01
    5.57308018e-01 5.52629888e-01 4.40562278e-01 5.48338294e-01
    4.63621050e-01 1.33203179e-01 5.68852305e-01 4.74548817e-01
    9.12436843e-01 7.33682215e-02 9.88828063e-01 7.35983133e-01
    6.37860775e-01 2.09179580e-01 6.13650799e-01 1.67142749e-01
    6.78115427e-01 8.77639771e-01 6.81234598e-01 1.06575489e-01
    4.71425116e-01 1.40516758e-01 1.66101754e-02 6.33688807e-01
    2.20955700e-01 1.97986513e-01 2.99092025e-01 1.79048628e-01
    9.06626701e-01 6.94034100e-01 2.79360563e-01 7.59680748e-01
    7.60604620e-01 4.42476064e-01 3.65076065e-01 2.32320279e-01
    7.87990212e-01 1.70616329e-01 8.85182023e-01 5.65746844e-01
    9.21781540e-01 1.46246105e-01 8.89967918e-01 7.70893216e-01
    8.28133523e-01 8.67207646e-02 9.38956738e-01 3.05006057e-01
    2.05764383e-01 6.30519569e-01 8.21032643e-01 2.69090772e-01
    3.12247097e-01 8.12544107e-01 7.90403247e-01 8.65571380e-01
    9.82612014e-01 2.81491816e-01 4.26354110e-02 4.12317872e-01
    3.74456346e-01 6.37609899e-01 7.79478788e-01 1.92809075e-01
    6.76951528e-01 8.92743051e-01 3.71061742e-01 2.32908398e-01
    2.43770778e-01 4.30194348e-01 7.85357594e-01 6.31545246e-01
    2.28561789e-01 8.79936278e-01 2.51325816e-01 8.48364472e-01
    7.77834356e-02 8.40605378e-01 7.80276418e-01 9.01883543e-01
    1.90032274e-01 7.12603629e-01 6.70310855e-01 3.83720487e-01
    3.23632687e-01 8.38822424e-02 3.49821150e-02 2.82784700e-01
    1.63282335e-01 7.24421859e-01 5.92291415e-01 2.88062394e-02
    1.01722986e-01 3.92352939e-02 4.32337016e-01 3.07975054e-01
    3.81442606e-01 2.53945351e-01 1.11358643e-01 5.25953650e-01
    9.07629669e-01 1.43417507e-01 1.13014728e-01 5.76331854e-01
    5.64505339e-01 1.97210640e-01 4.68880773e-01 9.87761736e-01
    9.56541061e-01 6.03684485e-02 3.89144212e-01 9.39733386e-01
    1.93140507e-01 7.29280293e-01 2.98385024e-01 8.47742677e-01
    4.48199540e-01 8.32239747e-01 8.95591497e-01 6.17535472e-01
    3.63303244e-01 7.65770793e-01 1.88991427e-03 4.49924827e-01
    6.07975781e-01 8.67864430e-01 4.76927847e-01 2.55756140e-01
    9.87914681e-01 4.62932378e-01 1.54312313e-01 4.84628081e-01
    7.32225537e-01 4.53620136e-01 2.61643112e-01 4.08603847e-01
    8.92088532e-01 1.27752781e-01 2.15144336e-01 9.28356707e-01
    6.99475765e-01 5.17617404e-01 8.73999715e-01 2.04807580e-01
    1.09219044e-01 2.07508326e-01 8.40485692e-01 6.87689364e-01
    2.55303979e-01 9.83487248e-01 6.40155911e-01 5.10696948e-01
    9.42036450e-01 4.27783668e-01 6.58333540e-01 7.86475301e-01
    6.29002154e-02 1.28042072e-01 7.68760979e-01 5.35798073e-03
    7.25642145e-02 2.26395071e-01 9.18963790e-01 2.02214867e-01
    1.64446145e-01 4.70826924e-02 8.17206383e-01 8.63282681e-01
    1.70952648e-01 3.75975370e-02 3.00077260e-01 4.45743561e-01
    7.36426115e-02 2.10000873e-02 1.61793709e-01 5.06919920e-01
    1.84763312e-01 9.98040080e-01 5.34680188e-02 4.44048256e-01
    8.76677215e-01 3.99135888e-01 1.27882272e-01 6.89859331e-01
    8.99625421e-01 4.08516824e-01 6.45442486e-01 7.55462050e-01
    6.20504916e-01 6.88173771e-01 1.47851557e-01 9.04533744e-01
    4.70972508e-01 5.84429502e-02 1.92597717e-01 3.93831939e-01
    9.10641968e-01 8.68085265e-01 2.68627077e-01 2.05888957e-01
    3.02936733e-01 2.40536004e-01 9.43803787e-02 6.14420891e-01
    4.18817759e-01 8.87093186e-01 5.61832190e-01 1.21682644e-01
    5.93823254e-01 7.72822380e-01 3.74549150e-01 1.74351096e-01
    9.21573579e-01 1.42849773e-01 2.33656108e-01 9.81836557e-01
    1.78692460e-01 3.06712866e-01 5.78166962e-01 8.34342718e-01
    7.13872254e-01 2.90930331e-01 6.80582523e-02 2.47455508e-01
    2.07341105e-01 4.08316165e-01 5.32467186e-01 2.70539522e-03
    4.06403899e-01 2.44873524e-01 9.01976287e-01 0. 0. 0. 0. 0. 0. 0. 0.
    0. 0. 9.35806632e-02 4.73778486e-01 9.80348110e-01 7.35135674e-01
    5.79244256e-01 6.42668903e-02 3.82486910e-01 7.87418544e-01
    8.71451378e-01 2.41916001e-01 4.84484434e-02 2.97874063e-01
    4.12927002e-01 5.98293900e-01 2.69386530e-01 3.76981407e-01
    8.53428900e-01 6.04879141e-01 5.58805525e-01 3.80323797e-01
    5.87235868e-01 3.08829039e-01 3.03782940e-01 2.24669874e-01
    2.53728181e-01 5.07143438e-01 3.68577778e-01 6.23867810e-01
    4.88692135e-01 9.58862007e-02 6.46416187e-01 5.98235488e-01
    5.40778041e-01 9.13411796e-01 9.10531044e-01 4.61296737e-01
    7.00138330e-01 6.22534096e-01 7.33932137e-01 4.68318731e-01
    4.43988383e-01 8.63940120e-01 1.49481595e-02 4.21824127e-01
    8.87265444e-01 9.62738633e-01 3.57396305e-02 3.69833112e-01
    2.77759731e-01 6.06230378e-01 2.34767109e-01 6.63283706e-01
    7.98067331e-01 1.44130409e-01 6.05095744e-01 7.89900422e-01
    5.03513575e-01 6.61235929e-01 6.42614603e-01 5.68612158e-01
    4.91927624e-01 6.26593351e-01 5.12382686e-02 7.33166516e-01
    2.78454661e-01 5.11648595e-01 2.72798270e-01 3.81584287e-01
    7.16272831e-01 4.70395684e-02 2.84323990e-02 8.37565303e-01
    2.21168578e-01 7.49112010e-01 9.10826445e-01 8.25193167e-01
    5.63268542e-01 4.24843967e-01 8.97293687e-01 1.41400218e-01
    9.14247513e-01 3.76846194e-01 6.66432619e-01 6.06049716e-01
    6.38496280e-01 5.29183567e-01 2.43702114e-01 6.88556015e-01
    9.43951905e-02 9.41433430e-01 3.66703868e-01 8.96638632e-01
    1.23096973e-01 9.69332457e-01 2.97944486e-01 3.35716307e-01
    2.25367963e-01 1.72824800e-01 3.55873644e-01 1.11631542e-01
    7.09427595e-01 7.55021930e-01 5.16224921e-01 7.15090692e-01
    7.62755394e-01 7.62184501e-01 9.47215438e-01 3.66654247e-01
    1.64787561e-01 6.08919740e-01 2.43653953e-01 4.57466900e-01
    2.63599068e-01 2.98089296e-01 2.68853188e-01 6.09482467e-01
    4.39299107e-01 2.64170974e-01 9.28323030e-01 1.20085657e-01
    7.48226166e-01 2.98802495e-01 3.05280864e-01 9.27433431e-01
    5.66317916e-01 7.51126885e-01 9.76965070e-01 9.21265543e-01
    5.12676239e-01 5.19586146e-01 2.36559808e-02 8.95797431e-01
    7.02940106e-01 8.73866975e-02 5.48100352e-01 1.36357576e-01
    9.46550727e-01 5.00147045e-01 3.81470978e-01 2.72650242e-01
    2.69853264e-01 5.43535650e-02 8.58469367e-01 3.35964561e-02
    7.16333032e-01 3.70653510e-01 5.48538029e-01 8.47525775e-01
    4.40986693e-01 2.07625598e-01 9.61583912e-01 1.93896592e-01
    7.12316751e-01 4.07601416e-01 5.95989525e-01 9.44857001e-02
    3.85569334e-01 4.32330936e-01 4.79630798e-01 4.66347605e-01
    7.49743044e-01 6.62153065e-01 9.64705586e-01 5.98963082e-01
    2.11168915e-01 6.71714544e-04 3.30868721e-01 1.71312034e-01
    1.23007149e-01 9.13975060e-01 4.92137253e-01 3.65540206e-01
    6.52226448e-01 7.56554425e-01 6.34712279e-01 3.54725957e-01
    5.62514782e-01 4.81673062e-01 3.76400113e-01 1.10157549e-01
    7.95637012e-01 2.71661133e-01 9.10661638e-01 6.62444830e-02
    5.31459391e-01 5.90851605e-01 3.34734499e-01 9.01172519e-01
    2.55363166e-01 4.86195982e-01 5.94994366e-01 1.26566678e-01
    6.50789440e-01 3.21519852e-01 2.14411557e-01 1.22035384e-01
    8.53654921e-01 2.76353091e-01 9.34649110e-01 5.62515855e-01
    6.49666607e-01 1.18316650e-01 1.43328190e-01 7.03235328e-01
    4.12658840e-01 9.25120711e-01 8.07065248e-01 8.74013126e-01
    4.25222814e-02 1.82080656e-01 3.46059889e-01 8.24870825e-01
    4.83422995e-01 1.84808403e-01 5.62960207e-01 5.77964902e-01
    9.09299672e-01 7.99771667e-01 1.87787056e-01 4.04423803e-01
    9.23469722e-01 2.97605634e-01 4.16083097e-01 9.99630392e-02
    1.09067589e-01 1.53599322e-01 5.33804238e-01 3.16387117e-02
    8.44665408e-01 8.34995389e-01 1.52492315e-01 1.98095739e-02
    3.96968216e-01 2.50143051e-01 4.25887883e-01 8.71300995e-02
    1.57026321e-01 5.62064111e-01 1.18528366e-01 8.84329081e-01
    8.97833288e-01 9.46756959e-01 7.35091746e-01 5.43663621e-01
    4.61139083e-01 3.09449553e-01 1.45550102e-01 8.92525792e-01
    5.21150231e-03 7.94892967e-01 1.76117420e-02 2.61691093e-01
    9.38137174e-02 3.51026297e-01 2.89262563e-01 6.05444551e-01 0. 0. 0.
    0. 0. 0. 0. 0. 0. 0. 6.09400332e-01 8.66210759e-01 6.54250681e-01
    9.73290205e-01 9.95414019e-01 1.71627641e-01 1.07601285e-01
    1.68537557e-01 2.09506959e-01 7.05525339e-01 7.32178688e-01
    2.34692693e-01 5.60437143e-01 6.89817548e-01 9.02085364e-01
    8.23835373e-01 1.45281404e-01 9.45217013e-01 2.76431888e-01
    4.77667034e-01 6.59385324e-01 5.55270016e-01 1.03997916e-01
    5.23770630e-01 3.87695432e-03 4.10030544e-01 4.36397284e-01
    8.51615191e-01 1.41569853e-01 9.48698044e-01 7.49991775e-01
    7.23205924e-01 3.81981820e-01 7.37395108e-01 6.85234070e-01
    9.85919714e-01 2.38359034e-01 8.43227148e-01 4.54095870e-01
    2.95877904e-01 7.89186478e-01 1.47109181e-01 9.31887746e-01
    5.43056011e-01 7.82269180e-01 6.05142653e-01 7.88630366e-01
    2.08504140e-01 9.01045918e-01 3.45813245e-01 5.39037526e-01
    9.36064541e-01 2.96029329e-01 3.87824655e-01 6.56562746e-01
    5.02376080e-01 2.08479017e-01 9.26191926e-01 8.65009308e-01
    7.74830759e-01 7.78373957e-01 8.49508643e-02 3.87039810e-01
    2.04332739e-01 8.21501017e-01 4.79743421e-01 2.57590115e-02
    8.89199376e-01 2.74544269e-01 1.73086315e-01 9.52046514e-01
    5.53317547e-01 3.50993276e-01 9.83655691e-01 7.09515452e-01
    9.00798321e-01 7.61140823e-01 8.18944931e-01 6.97370172e-01
    6.13339603e-01 4.57673967e-02 7.17779100e-01 3.72454703e-01
    9.24412847e-01 7.82198727e-01 5.05644083e-03 2.70374477e-01
    9.75822031e-01 7.72577763e-01 2.08133936e-01 2.52629042e-01
    8.04274857e-01 9.85732555e-01 4.85867530e-01 2.68262327e-02
    2.01491594e-01 5.84113479e-01 3.18977118e-01 2.59329140e-01
    9.07452226e-01 3.41591567e-01 8.91902149e-02 3.50559652e-01
    2.70934999e-02 4.83699113e-01 1.38367832e-01 7.92221010e-01
    7.21956432e-01 8.48408043e-01 1.43055141e-01 1.93433106e-01
    8.81165266e-02 3.67170513e-01 1.45151377e-01 5.06552160e-02
    5.28303504e-01 2.72197485e-01 4.81781632e-01 2.57398605e-01
    7.22523928e-01 7.16098845e-01 1.51059926e-02 9.97643709e-01
    2.84304976e-01 5.40009379e-01 5.29634118e-01 5.20923972e-01
    7.15930462e-01 4.57380652e-01 8.00581217e-01 3.23188424e-01
    9.32885528e-01 7.13120699e-01 6.96192861e-01 3.89462233e-01
    4.62765098e-02 9.33307350e-01 4.41444218e-01 9.99381602e-01
    4.81127918e-01 1.74734056e-01 3.82464230e-02 6.74847245e-01
    4.73489672e-01 8.67000580e-01 7.20230520e-01 2.85927355e-02
    9.09119129e-01 1.22183084e-01 3.36696804e-01 3.99552673e-01
    2.55192876e-01 9.84051108e-01 9.56084371e-01 3.61093521e-01
    8.16185832e-01 6.76221550e-01 1.99017137e-01 6.85032606e-01
    5.33451676e-01 2.96714604e-01 1.36994779e-01 2.99041510e-01
    3.64875644e-01 9.55680311e-02 2.23515034e-02 9.50091839e-01
    6.32251620e-01 9.08846736e-01 5.17595351e-01 3.40058267e-01
    4.10502374e-01 7.44080305e-01 8.32245350e-02 2.44362652e-01
    5.77062607e-01 2.39294171e-02 4.75922078e-01 9.88453150e-01
    1.47354722e-01 4.97171700e-01 5.39309084e-01 8.04332614e-01
    4.65488493e-01 2.10432172e-01 9.85993505e-01 8.60645175e-01
    5.73281109e-01 5.80757678e-01 9.68812108e-01 2.97798336e-01
    9.36625123e-01 6.38727486e-01 8.24219465e-01 1.49465799e-01
    8.26902807e-01 6.95843875e-01 8.97192121e-01 7.33603954e-01
    6.03256226e-02 8.74445915e-01 6.04017854e-01 5.68297327e-01
    8.45327318e-01 9.19038951e-01 8.52573156e-01 5.67142069e-02
    5.76633275e-01 4.65191245e-01 7.59034991e-01 2.10914642e-01
    6.30848229e-01 4.51585412e-01 4.60626334e-01 8.95610392e-01
    1.44297451e-01 8.54864955e-01 9.24355626e-01 2.48408288e-01
    3.66485000e-01 2.33147532e-01 3.89530241e-01 6.88557327e-01
    4.41521943e-01 1.53726667e-01 6.51553750e-01 2.06645191e-01
    7.68599272e-01 3.56919050e-01 1.00422919e-01 1.44315898e-01
    7.49113441e-01 1.10595345e-01 5.73277593e-01 2.43392795e-01
    1.50072038e-01 2.91050375e-01 3.49815130e-01 2.97024399e-01
    6.11182272e-01 6.02473199e-01 4.74886954e-01 3.36135328e-01
    8.94792080e-02 6.45967543e-01 6.88413262e-01 3.52125049e-01
    3.97499025e-01 9.81814802e-01 4.44282293e-01 7.25933373e-01
    9.39016640e-01 8.86312366e-01 1.39061153e-01 4.13788974e-01
    3.34922433e-01 0. 0. 0. 0. 0. 0. 0. 0. 0. 0. 8.18935096e-01
    7.30731726e-01 5.16792297e-01 4.27890301e-01 8.14903796e-01
    1.23570353e-01 6.10976398e-01 8.49196911e-02 1.20990515e-01
    1.82744771e-01 9.95758176e-01 4.78174388e-02 6.97012246e-01
    7.54812002e-01 6.81089222e-01 8.34021211e-01 8.95372570e-01
    2.57738411e-01 1.44129187e-01 5.89549541e-03 3.08535129e-01
    5.26078224e-01 4.61206436e-02 2.75303960e-01 1.74351811e-01
    9.24077630e-03 8.30786467e-01 2.65194476e-02 2.05388576e-01
    9.09662366e-01 4.50479209e-01 8.86007786e-01 9.75974798e-01
    4.63365912e-02 2.59633660e-02 9.88867521e-01 7.25632548e-01
    4.42788154e-01 3.36524010e-01 1.75529331e-01 2.08566189e-02
    3.07059914e-01 2.87390947e-01 5.51553369e-01 3.34267795e-01
    9.64097381e-01 5.09956300e-01 9.67761278e-01 2.31475294e-01
    4.85398173e-02 4.71150696e-01 9.58224773e-01 1.71688527e-01
    3.33789706e-01 4.64118302e-01 3.58270198e-01 6.16292655e-02
    1.54577553e-01 2.90932059e-02 7.28662014e-02 1.31855309e-02
    1.78486615e-01 5.68476021e-01 4.81161416e-01 9.70098436e-01
    9.97749269e-02 9.63438094e-01 6.12878680e-01 2.12516814e-01
    6.26083732e-01 2.09398717e-01 1.33867979e-01 1.95630342e-01
    3.90329123e-01 6.97885394e-01 9.60120261e-02 9.98935580e-01
    5.26835024e-01 4.61681664e-01 4.53784943e-01 9.91752744e-01
    8.60575914e-01 9.83026445e-01 4.19735491e-01 9.83597338e-01
    9.16004419e-01 6.83027625e-01 8.99198413e-01 8.91021729e-01
    6.67646289e-01 7.74406493e-01 7.72780657e-01 9.54977989e-01
    8.25561881e-02 2.54410207e-02 4.71647829e-01 8.75069618e-01
    3.07314873e-01 7.00888515e-01 1.65101409e-01 8.48395765e-01
    2.01428264e-01 2.70244271e-01 4.56230968e-01 7.13214755e-01
    1.85140371e-02 7.31295526e-01 1.70431525e-01 2.82420576e-01
    7.06842303e-01 5.09473503e-01 8.79147410e-01 3.54211569e-01
    5.12444377e-01 6.99544311e-01 4.43792343e-02 2.95694411e-01
    5.61944485e-01 3.36773753e-01 3.32594186e-01 8.64304185e-01
    7.62585282e-01 1.83076084e-01 1.42107666e-01 1.67468727e-01
    7.04186976e-01 8.16753626e-01 9.94657278e-01 3.61759961e-02
    1.16074651e-01 6.99781179e-02 5.24035633e-01 6.98764443e-01
    6.04221702e-01 7.20392108e-01 5.75257242e-01 6.26641452e-01
    3.42260599e-01 2.92108953e-02 2.11436957e-01 8.11235011e-02
    4.42815870e-01 9.09075141e-01 6.37979925e-01 7.62648523e-01
    3.66975427e-01 3.25633347e-01 7.78923035e-01 6.77820921e-01
    5.07662058e-01 3.09098214e-01 1.63018703e-02 2.73792833e-01
    4.08088505e-01 8.99353266e-01 1.13422275e-01 9.44938421e-01
    3.07740867e-02 5.44939995e-01 6.00558400e-01 5.57358086e-01
    9.92713094e-01 2.55771011e-01 3.26085150e-01 9.42692339e-01
    2.27588654e-01 1.43705606e-01 2.52171189e-01 9.80285704e-02
    4.77368504e-01 3.56911540e-01 3.14286470e-01 6.45408034e-03
    3.26771259e-01 3.35265011e-01 9.66562390e-01 9.74040151e-01
    2.65601218e-01 5.47672570e-01 7.92087734e-01 7.77657688e-01
    9.94864702e-01 4.19280410e-01 2.86894619e-01 1.86932951e-01
    4.58039105e-01 2.45885909e-01 7.02759206e-01 1.27497971e-01
    1.87207401e-01 6.11180007e-01 3.01643908e-01 4.43227679e-01
    7.93342471e-01 2.24504888e-01 9.33957100e-01 4.20229465e-01
    3.25564504e-01 9.39012527e-01 7.19492197e-01 1.39510572e-01
    5.26576161e-01 3.74769777e-01 2.34700292e-01 5.72173059e-01
    7.81460643e-01 2.60972083e-02 4.26136315e-01 1.30965918e-01
    2.86421448e-01 6.59386933e-01 6.91756427e-01 9.44971025e-01
    3.06059778e-01 4.05142456e-01 8.35196972e-01 3.39590132e-01
    7.86151767e-01 2.35906303e-01 7.03815460e-01 2.29589552e-01
    7.66510904e-01 4.39648926e-01 4.88859355e-01 5.72978497e-01
    3.12181950e-01 4.76336896e-01 8.17300975e-02 3.64122838e-01
    4.82032955e-01 5.25629640e-01 9.21753764e-01 7.78652489e-01
    5.86255908e-01 8.51461530e-01 1.65105462e-02 5.73202133e-01
    2.32031584e-01 6.82873726e-01 4.34055239e-01 7.91228056e-01
    3.97662222e-02 8.24562669e-01 2.78037935e-01 8.34217429e-01
    7.11591601e-01 5.13763547e-01 3.78773808e-02 1.66918635e-02
    2.41492897e-01 7.76750088e-01 7.22542644e-01 8.45883250e-01
    8.43526185e-01 5.78162253e-01 3.95756423e-01 0. 0. 0. 0. 0. 0. 0. 0.
    0. 0. 3.14400196e-01 2.93369174e-01 4.77506310e-01 1.59096718e-01
    4.42559719e-01 8.10828805e-01 5.26089311e-01 3.73076320e-01
    9.83108521e-01 7.18676090e-01 2.14665532e-01 6.11823142e-01
    8.95007014e-01 6.35764837e-01 9.42412019e-01 2.81993330e-01
    7.14563727e-01 3.13371956e-01 4.10177529e-01 9.97255802e-01
    3.43137741e-01 3.24312985e-01 8.39543939e-01 5.77918887e-01
    6.04518175e-01 4.00283813e-01 5.49241722e-01 2.20284849e-01
    2.33357668e-01 5.73409796e-01 7.28610098e-01 2.96742499e-01
    8.10355484e-01 5.76274991e-01 4.47546571e-01 6.93862796e-01
    3.68923843e-01 3.73084843e-02 4.60560441e-01 9.18670654e-01
    1.95261478e-01 4.85974818e-01 7.08305240e-01 1.35132670e-01
    9.66588616e-01 8.51959407e-01 5.43434501e-01 6.94136381e-01
    1.75339639e-01 2.45039135e-01 4.96225983e-01 2.53437698e-01
    5.77226281e-03 5.49827993e-01 1.90654665e-01 3.48126352e-01
    9.59576607e-01 3.10398817e-01 9.56637502e-01 8.69153440e-02
    4.00264114e-01 7.89912939e-01 6.23366833e-02 2.42407084e-01
    3.71332765e-01 8.88677955e-01 2.92870939e-01 6.67874694e-01
    4.39223200e-01 2.69751281e-01 4.12371129e-01 4.30469513e-02
    7.03095675e-01 4.21244532e-01 8.12932372e-01 4.95360732e-01
    2.33994871e-01 2.83001959e-01 1.19968057e-01 1.12656474e-01
    5.95152855e-01 3.00029278e-01 8.76396358e-01 4.84312057e-01
    2.07620949e-01 8.34183991e-02 3.93747568e-01 7.44566262e-01
    1.81271225e-01 6.13972604e-01 7.76927292e-01 9.44768786e-01
    7.53532887e-01 2.91825473e-01 6.99800968e-01 3.47197175e-01
    5.71105421e-01 6.09367967e-01 8.69275212e-01 1.33741677e-01
    8.26822102e-01 3.32623363e-01 2.86716223e-02 4.52405602e-01
    5.60965359e-01 7.83807039e-01 1.63404346e-02 6.60658419e-01
    8.88089657e-01 7.70981073e-01 7.99371362e-01 9.54336286e-01
    6.98107362e-01 4.24344718e-01 3.00832093e-01 3.71641815e-02
    9.42907631e-01 6.30333364e-01 7.78366029e-02 1.87975287e-01
    9.44329798e-01 5.38218260e-01 1.85528576e-01 7.56006062e-01
    2.15122998e-01 7.73207843e-01 5.66535592e-02 9.56630230e-01
    1.46520138e-01 4.41010654e-01 9.44581449e-01 5.65434456e-01
    9.17693257e-01 7.65225232e-01 3.29696000e-01 9.11921263e-03
    1.10225528e-01 6.50577664e-01 7.77208328e-01 2.86266893e-01
    8.52037907e-01 9.16886210e-01 2.58592427e-01 5.16503572e-01
    6.36832952e-01 5.09625196e-01 5.38598895e-01 2.70794213e-01
    4.63161081e-01 3.98032308e-01 1.38575464e-01 3.32564235e-01
    4.03362036e-01 2.32334554e-01 5.80748022e-01 1.07104778e-02
    3.92915040e-01 2.81310201e-01 4.41755503e-01 5.12343884e-01
    5.00154018e-01 8.69628549e-01 2.22415119e-01 1.86459661e-01
    8.94602060e-01 2.07121968e-01 5.33842623e-01 6.03039980e-01
    1.81679696e-01 5.86110413e-01 1.39385968e-01 7.50104666e-01
    2.91209519e-01 4.89175141e-01 2.61619687e-02 6.81640863e-01
    4.71806228e-02 6.47170305e-01 7.63844252e-01 2.44667262e-01
    6.53869271e-01 1.57034218e-01 2.53745228e-01 5.59404254e-01
    3.54842961e-01 7.81633854e-01 4.15277928e-01 4.96155828e-01
    5.93131840e-01 4.64106053e-01 9.68532681e-01 6.00972891e-01
    7.84778595e-01 5.34899354e-01 4.94067669e-01 1.79983109e-01
    3.49185407e-01 7.30716825e-01 5.57041824e-01 3.90216470e-01
    4.98257548e-01 2.81205773e-03 4.32034373e-01 4.83733892e-01
    9.87242758e-02 6.55567706e-01 6.10537827e-01 9.98014212e-01
    7.05636978e-01 3.20139319e-01 9.41215277e-01 8.65575314e-01
    1.85463727e-02 8.69622111e-01 9.85108376e-01 3.86432230e-01
    7.22332120e-01 1.69575036e-01 3.12831640e-01 6.44834399e-01
    9.61538851e-01 2.75761455e-01 5.53966403e-01 2.74263561e-01
    6.63572073e-01 2.50783563e-02 5.74168563e-01 7.51840353e-01
    3.97406399e-01 1.72708035e-02 3.03289950e-01 6.66151464e-01
    4.71901894e-03 4.95075136e-01 2.91987747e-01 3.39707315e-01
    9.60575342e-01 5.12523055e-02 3.06770712e-01 6.95975780e-01
    8.59412193e-01 3.34380269e-01 3.72741222e-01 1.55093729e-01
    1.96114480e-01 4.91401404e-01 5.58145106e-01 2.64170587e-01
    5.86219549e-01 2.81243920e-01 8.67189050e-01 7.00968325e-01
    1.01440549e-02 5.78731239e-01 1.04155064e-01 9.33723450e-01 0. 0. 0.
    0. 0. 0. 0. 0. 0. 0. 8.43470812e-01 6.34989619e-01 1.22294337e-01
    3.47337067e-01 8.67397785e-01 5.43872952e-01 7.56791949e-01
    4.97264862e-02 7.01248050e-01 1.35358721e-01 4.87439722e-01
    1.27650410e-01 1.06978178e-01 5.10826230e-01 4.15603876e-01
    4.74621654e-01 4.89847481e-01 2.80890107e-01 6.56209886e-01
    7.58309066e-01 9.04110670e-01 2.11426616e-02 9.66982484e-01
    7.91903138e-01 2.60173321e-01 8.62081766e-01 7.68137813e-01
    6.70797825e-01 1.56163454e-01 8.86743665e-01 7.13668048e-01
    4.71303463e-02 6.73360288e-01 5.45586228e-01 6.34929419e-01
    2.98172832e-01 3.45806450e-01 6.05657399e-02 7.61682987e-01
    6.13273382e-01 5.63437700e-01 2.20388770e-01 8.23915422e-01
    1.35490090e-01 9.63008642e-01 8.65042806e-01 9.93470669e-01
    7.02103019e-01 2.70863593e-01 5.29063046e-01 8.96182239e-01
    3.55349779e-02 3.35337639e-01 9.99123931e-01 7.12759852e-01
    6.69111848e-01 5.31422019e-01 6.24320805e-01 8.05737853e-01
    9.04918313e-01 5.04096091e-01 1.29576862e-01 3.85197133e-01
    6.00643992e-01 9.94802535e-01 6.30250454e-01 8.34122300e-01
    9.40852523e-01 4.14561421e-01 2.51152456e-01 6.00096226e-01
    7.35232413e-01 7.37585425e-01 3.90185297e-01 8.74444187e-01
    6.22213304e-01 5.64908981e-01 8.10956359e-02 7.88667560e-01
    3.53900433e-01 7.76702762e-01 6.94791019e-01 1.51718706e-01
    8.24651003e-01 4.30679739e-01 4.75423276e-01 3.90239269e-01
    3.40657532e-01 3.73554289e-01 6.18725359e-01 3.05814862e-01
    4.33639586e-02 6.97422683e-01 5.75925767e-01 8.95753384e-01
    9.88541842e-01 7.76679039e-01 2.11000741e-01 4.66081142e-01
    8.74742389e-01 1.27674460e-01 4.22106683e-01 8.58768582e-01
    2.50018954e-01 7.81451941e-01 4.67850596e-01 5.88685334e-01
    4.38625067e-01 3.25710595e-01 5.93692958e-01 3.42154384e-01
    8.56726706e-01 2.77240574e-02 3.26909482e-01 4.71365452e-03
    5.48548639e-01 3.20750117e-01 2.40570247e-01 4.52891409e-01
    4.15814102e-01 9.63419318e-01 8.01316142e-01 3.57840836e-01
    4.32463497e-01 4.88912433e-01 2.68876970e-01 6.18523419e-01
    7.45312512e-01 5.65498412e-01 5.53997874e-01 6.25762820e-01
    7.72518635e-01 2.79506654e-01 4.42347586e-01 1.87378168e-01
    6.69452369e-01 8.89946520e-01 9.91724849e-01 1.30524337e-01
    2.10560352e-01 1.96886152e-01 7.20343888e-02 4.20628369e-01
    8.27573836e-01 5.54733932e-01 3.68593127e-01 5.51430583e-01
    2.56600112e-01 9.00880575e-01 2.28047669e-02 1.88740641e-01
    5.04794836e-01 8.07280958e-01 6.98198915e-01 7.85335183e-01
    9.78338122e-01 2.93757021e-02 1.53155804e-01 3.92701566e-01
    7.44054556e-01 4.94293720e-01 5.74717045e-01 3.04351687e-01
    1.88990921e-01 8.95027757e-01 3.61314714e-01 9.52786207e-01
    8.42579722e-01 6.88689351e-01 5.68782091e-01 9.09936249e-01
    3.33036780e-01 6.17777467e-01 3.05926472e-01 9.26341951e-01
    9.10663962e-01 2.33223110e-01 2.97374725e-02 3.90078247e-01
    3.25993896e-02 1.44555390e-01 3.18503320e-01 6.83775127e-01
    6.51464045e-01 3.15427095e-01 6.83785975e-02 3.86826783e-01
    8.23486328e-01 2.15366900e-01 3.81661654e-02 5.55757165e-01
    1.45361036e-01 1.23433799e-01 2.14874923e-01 8.72188330e-01
    7.36726761e-01 7.96392918e-01 9.15924191e-01 2.30550438e-01
    4.90724742e-01 1.11737430e-01 1.45810544e-02 4.19532835e-01
    4.89086479e-01 9.00113344e-01 1.72286034e-02 4.86457497e-01
    5.18880665e-01 3.14233303e-01 7.52126932e-01 8.99893880e-01
    8.58020544e-01 7.54201055e-01 7.07293093e-01 6.09073043e-02
    8.01169693e-01 6.01782262e-01 6.04717851e-01 8.30935836e-02
    9.71031487e-01 8.42365384e-01 3.80157202e-01 5.64066052e-01
    3.06450903e-01 2.45522887e-01 5.78280687e-01 9.92633820e-01
    9.26497459e-01 7.00399399e-01 8.29000592e-01 4.70891327e-01
    4.74020243e-01 2.68581986e-01 6.92965031e-01 3.71027350e-01
    8.38671803e-01 6.30335212e-02 5.22537827e-01 9.33002472e-01
    3.45986843e-01 4.46277380e-01 6.07673287e-01 5.64767420e-02
    8.21066678e-01 6.11678243e-01 2.78819799e-01 1.02734327e-01
    1.23261333e-01 9.40549016e-01 8.58170509e-01 9.50752378e-01
    5.46398222e-01 9.36862588e-01 3.08369279e-01 9.85513508e-01
    2.96987593e-01 0. 0. 0. 0. 0. 0. 0. 0. 0. 0. 6.34391248e-01
    3.39678943e-01 3.69662344e-02 1.38059527e-01 1.06853634e-01
    4.24891919e-01 1.98653638e-01 6.93637252e-01 2.21326709e-01
    8.15586746e-02 2.16264099e-01 6.06842339e-02 6.64092362e-01
    1.60380781e-01 3.83605212e-01 2.33017445e-01 7.66030967e-01
    7.59403944e-01 4.76205617e-01 5.28196633e-01 2.44632006e-01
    5.72008252e-01 4.99810010e-01 4.21182036e-01 2.45593756e-01
    2.43256181e-01 4.85159457e-02 8.32929015e-01 6.86702013e-01
    8.52740526e-01 9.53408480e-01 2.51733661e-01 2.15822548e-01
    9.38501537e-01 9.54928517e-01 5.21160603e-01 3.93274456e-01
    1.67359143e-01 9.14144218e-02 2.33147770e-01 5.67451298e-01
    1.03265285e-01 8.57546926e-01 2.42761672e-01 4.77516294e-01
    9.86610949e-02 3.38352561e-01 8.96590352e-01 8.04119825e-01
    6.17287397e-01 6.49880528e-01 7.37476110e-01 4.69116211e-01
    2.47787029e-01 4.71579939e-01 9.76441920e-01 5.14915764e-01
    9.89906192e-01 4.53118026e-01 6.56334937e-01 3.09692085e-01
    2.31115043e-01 9.14930344e-01 9.96721625e-01 1.63631171e-01
    2.22643167e-01 5.10897934e-02 8.28687847e-01 8.52853954e-02
    3.30682188e-01 7.96245217e-01 8.67556930e-01 3.88610154e-01
    8.48202586e-01 2.63583899e-01 6.62196338e-01 5.87584853e-01
    7.94435143e-01 6.64699376e-01 8.12662125e-01 9.96338964e-01
    6.55895770e-01 4.22506511e-01 5.48037112e-01 9.60432529e-01
    6.58663630e-01 8.70403886e-01 8.89081538e-01 7.31342435e-01
    2.45141178e-01 1.76688075e-01 4.66970861e-01 3.85888994e-01
    2.74342835e-01 4.18174088e-01 5.51488459e-01 1.57735676e-01
    2.43587464e-01 7.56040573e-01 3.95108044e-01 2.83000171e-01
    4.84659791e-01 7.96841383e-01 1.68734789e-01 5.94380796e-01
    7.32270718e-01 8.21322322e-01 6.99616849e-01 1.02438569e-01
    6.68873191e-02 8.95394325e-01 6.46718025e-01 7.00658441e-01
    1.95970297e-01 1.85830742e-01 1.74309224e-01 4.32687879e-01
    7.52276659e-01 7.00283170e-01 1.32531762e-01 2.87477076e-01
    1.72822148e-01 1.85701400e-01 7.25950837e-01 9.63976204e-01
    7.81427026e-01 3.89434099e-01 8.03807974e-01 7.80108809e-01
    7.49110460e-01 1.34238988e-01 6.32614195e-01 8.73976052e-02
    7.31715202e-01 9.24620330e-01 3.18683505e-01 2.52190292e-01
    8.37746680e-01 8.38829100e-01 8.51605296e-01 5.78800976e-01
    8.02980840e-01 7.36978292e-01 7.46040940e-01 6.59321964e-01
    6.14776850e-01 3.90296280e-01 1.28912330e-01 6.96792960e-01
    1.45761073e-02 1.63781732e-01 4.17556345e-01 2.67073989e-01
    8.39558601e-01 3.88908386e-02 2.54142284e-02 1.91438079e-01
    9.62253094e-01 2.47126967e-01 6.08994424e-01 2.99309492e-01
    9.65664744e-01 2.86270797e-01 4.65560019e-01 7.12886930e-01
    8.65800261e-01 1.69429868e-01 4.11395788e-01 5.03494263e-01
    6.13939047e-01 3.84968638e-01 7.85184324e-01 9.23187077e-01
    7.96631277e-01 1.80152804e-01 9.67601538e-01 2.97395766e-01
    5.50276399e-01 3.23399484e-01 1.88804150e-01 1.94083422e-01
    5.64562201e-01 7.69130349e-01 3.51441860e-01 7.30477512e-01
    4.21283841e-01 1.04677379e-01 7.84956992e-01 7.08666325e-01
    3.28436553e-01 5.49869657e-01 4.27337348e-01 6.66965723e-01
    2.33829230e-01 9.33253706e-01 5.98486662e-01 5.92321575e-01
    1.31008625e-02 4.42546040e-01 5.70033610e-01 6.62336349e-01
    4.14632380e-01 7.26503372e-01 9.67199922e-01 5.26172698e-01
    8.05599928e-01 5.71959496e-01 5.29871583e-01 6.47365987e-01
    9.72282708e-01 7.79889047e-01 4.78833377e-01 2.81574249e-01
    3.55174333e-01 8.58711541e-01 7.39964843e-01 4.76215303e-01
    8.04383159e-01 4.67504203e-01 1.68801010e-01 6.07064426e-01
    8.66735101e-01 6.83462381e-01 3.03999990e-01 8.76713395e-01
    1.35584027e-01 6.95879817e-01 2.25100309e-01 4.40001428e-01
    5.72159231e-01 6.89610004e-01 8.71420145e-01 3.69780838e-01
    5.45569718e-01 1.14689797e-01 6.20649397e-01 7.75436461e-02
    3.52925509e-01 4.63041067e-02 6.89722538e-01 8.40333343e-01
    3.61845195e-01 6.42508984e-01 7.13850558e-02 4.44255114e-01
    2.67256200e-02 7.20099568e-01 9.86729741e-01 4.08694834e-01
    3.21935952e-01 5.40867627e-01 6.78619325e-01 3.71967793e-01
    8.99310231e-01 6.99950457e-01 6.32723212e-01 0. 0. 0. 0. 0. 0. 0. 0.
    0. 0. 5.64690828e-01 9.80913639e-01 5.48781037e-01 1.05113655e-01
    3.44659269e-01 5.25400579e-01 4.23016220e-01 4.81583238e-01
    9.47692335e-01 3.91860694e-01 7.89528012e-01 8.98849428e-01
    9.32773650e-01 3.29707265e-02 5.21633029e-01 8.01547050e-01
    3.92666489e-01 8.98882627e-01 3.42765212e-01 6.35979056e-01
    5.45411289e-01 2.88507044e-02 4.04170275e-01 3.41363966e-01
    8.78655553e-01 1.35373145e-01 2.15147495e-01 7.86932230e-01
    8.30699980e-01 8.40968490e-01 4.94551659e-01 4.84018624e-01
    9.37988937e-01 5.68695903e-01 1.74803019e-01 7.21903920e-01
    2.34850168e-01 5.70712388e-01 4.59497690e-01 4.87293065e-01
    6.95814669e-01 2.08479226e-01 5.24144590e-01 2.04327703e-03
    4.53271955e-01 3.52863252e-01 1.49325013e-01 1.40865147e-02
    2.29659677e-01 5.56993306e-01 6.27103209e-01 7.03922927e-01
    8.55658054e-01 8.56451511e-01 3.62495720e-01 9.91128325e-01
    6.78725421e-01 1.82707369e-01 1.02585852e-01 6.43919706e-02
    4.28436160e-01 2.17700005e-01 5.35806417e-01 6.95712447e-01
    8.53933156e-01 8.65287066e-01 7.53878593e-01 5.05918980e-01
    9.09082532e-01 9.84725356e-03 3.45753789e-01 2.33963370e-01
    4.92016137e-01 7.22908258e-01 4.41203386e-01 9.20857787e-01
    3.99442703e-01 4.44075316e-01 5.64931691e-01 3.97258252e-01
    1.70280814e-01 2.83018231e-01 1.69146717e-01 5.67251801e-01
    4.25172627e-01 5.60336649e-01 1.09060556e-01 1.98945284e-01
    9.80370879e-01 2.91309834e-01 9.67067480e-03 8.53583217e-01
    9.63502645e-01 9.81891274e-01 6.07748270e-01 6.35619938e-01
    4.95920599e-01 9.35962439e-01 9.26549911e-01 8.72260809e-01
    6.69242203e-01 4.70031172e-01 9.80419159e-01 2.37343729e-01
    3.46211314e-01 6.77282453e-01 9.81859565e-01 2.69907236e-01
    7.05452681e-01 8.00916255e-02 1.74053282e-01 5.08102417e-01
    4.31575358e-01 4.39087719e-01 8.39507699e-01 9.63701725e-01
    9.43888783e-01 2.34365255e-01 3.36542755e-01 8.15564990e-01
    7.82687664e-02 1.43547863e-01 1.84223682e-01 9.56114292e-01
    8.48890364e-01 1.84553564e-02 4.88113940e-01 1.92873925e-01
    3.94936919e-01 5.90484798e-01 1.34184957e-02 4.74723309e-01
    4.19058323e-01 9.35191154e-01 8.72032404e-01 4.03152972e-01
    6.75391436e-01 7.16854036e-02 7.32939363e-01 1.32001907e-01
    8.71404171e-01 2.58280367e-01 8.01484346e-01 4.15937811e-01
    2.95743704e-01 2.37984151e-01 2.25242674e-01 1.27220869e-01
    4.86196846e-01 5.77147663e-01 2.00389773e-01 9.56269920e-01
    8.48329544e-01 5.76024771e-01 8.30750108e-01 4.80551660e-01
    9.84699607e-01 8.10483456e-01 6.11670136e-01 1.39371991e-01
    1.97386116e-01 8.23277473e-01 9.66280580e-01 1.63334817e-01
    7.08223701e-01 3.94394398e-02 3.11078280e-01 1.80931091e-01
    7.80294895e-01 5.61476707e-01 9.37371135e-01 8.83887649e-01
    2.01377094e-01 6.45617366e-01 7.24737883e-01 3.75690252e-01
    3.11484754e-01 2.30762780e-01 9.66998577e-01 2.39521235e-01
    2.02550203e-01 1.67057335e-01 3.38412941e-01 7.28183985e-01
    2.69394875e-01 8.96423817e-01 9.92879629e-01 3.57218951e-01
    2.04997063e-02 5.20546496e-01 8.06184828e-01 1.38799548e-02
    6.61663115e-02 6.56044304e-01 3.70380998e-01 4.64934111e-02
    4.07920182e-02 8.36754560e-01 9.77567732e-02 2.36144990e-01
    6.01972461e-01 1.61758959e-02 4.25063163e-01 2.62155533e-02
    3.07183385e-01 7.22418129e-01 6.92191482e-01 3.11435163e-02
    7.12497115e-01 1.35004073e-01 6.13528609e-01 5.66266298e-01
    4.42782879e-01 6.00719333e-01 9.62088227e-01 9.81992841e-01
    6.49709344e-01 8.45204115e-01 8.65409791e-01 6.58226728e-01
    8.37863684e-01 7.11421072e-02 6.40767813e-02 3.65364552e-03
    3.12251776e-01 8.71003807e-01 3.93648684e-01 8.22510898e-01
    8.61211717e-01 4.93631065e-02 1.25412047e-01 6.42747223e-01
    5.17158031e-01 1.04891449e-01 1.19545370e-01 5.34514606e-01
    9.22316492e-01 5.13392687e-03 2.01856703e-01 9.03904796e-01
    7.08230019e-01 1.86741769e-01 5.80834448e-01 5.38789570e-01
    3.37953269e-01 8.02758098e-01 7.46752381e-01 5.32333493e-01
    4.38020825e-02 9.69671726e-01 8.32784116e-01 8.64269495e-01
    9.24215555e-01 6.32794678e-01 9.32396293e-01 6.42841816e-01 0. 0. 0.
    0. 0. 0. 0. 0. 0. 0. 2.17167407e-01 6.95506692e-01 4.80157346e-01
    3.37037683e-01 6.78356767e-01 7.48983026e-01 1.13731682e-01
    9.04521585e-01 5.94029903e-01 9.44750547e-01 3.18519354e-01
    3.06400657e-01 7.91900873e-01 2.41557658e-01 6.73078299e-01
    9.19351041e-01 6.59950674e-01 6.38481617e-01 8.85281384e-01
    4.16868091e-01 4.48221236e-01 4.22157586e-01 4.74171102e-01
    6.37616158e-01 9.61536765e-01 2.40530074e-01 6.43435836e-01
    9.04132664e-01 2.42358685e-01 5.57031214e-01 2.66254455e-01
    9.22000289e-01 2.33606070e-01 2.67367333e-01 4.89278674e-01
    4.26646590e-01 3.24232817e-01 9.84028459e-01 4.14999843e-01
    3.65419686e-02 7.29335368e-01 8.44672561e-01 2.88064480e-01
    5.23142874e-01 2.86402464e-01 3.60538363e-01 2.15723455e-01
    3.69804502e-01 9.95585680e-01 2.06198454e-01 9.10119712e-02
    6.83006048e-01 1.12816095e-02 1.01424307e-01 9.13912952e-02
    3.79171669e-02 5.80597222e-01 3.80280554e-01 9.09731328e-01
    6.73058212e-01 9.44723666e-01 9.39965606e-01 1.87528402e-01
    2.70601094e-01 1.24893963e-01 5.52452803e-01 2.28270888e-02
    3.04375410e-01 7.76631176e-01 9.95981455e-01 3.02000821e-01
    9.93060231e-01 1.16696090e-01 7.10962713e-01 6.70415699e-01
    7.66515136e-01 1.44250274e-01 2.67827094e-01 3.65436554e-01
    7.59492278e-01 6.80251300e-01 8.86146426e-01 4.94672745e-01
    2.62768596e-01 1.19728506e-01 3.61017466e-01 4.83843774e-01
    6.69896007e-02 3.98301631e-01 5.27158022e-01 6.20933294e-01
    9.73392487e-01 2.95816660e-02 8.38168859e-01 4.99117553e-01
    6.11109316e-01 4.29143339e-01 1.83769315e-01 8.30584586e-01
    8.63909483e-01 9.64127958e-01 1.26202703e-02 7.58594990e-01
    5.61183572e-01 6.50014520e-01 1.77236170e-01 4.06886309e-01
    9.19052362e-01 4.07732785e-01 8.48917246e-01 1.55184478e-01
    6.35763705e-01 4.90216166e-01 6.03994191e-01 8.02344024e-01
    6.85732126e-01 1.58465862e-01 9.32952404e-01 5.79473615e-01
    7.42927194e-02 2.16444135e-02 1.96067482e-01 8.82547259e-01
    7.28371143e-02 2.50497878e-01 8.28719497e-01 6.06145740e-01
    1.99605286e-01 4.01114523e-02 5.89463770e-01 1.36369973e-01
    4.87826675e-01 4.89223003e-01 2.87210852e-01 4.39048618e-01
    6.36054158e-01 9.82426405e-01 7.56224990e-02 2.98160791e-01
    7.24664688e-01 2.18780398e-01 8.50115359e-01 3.24980438e-01
    5.28390944e-01 6.23286724e-01 9.25883055e-01 9.95288372e-01
    8.14332962e-01 6.07294440e-01 3.32058102e-01 8.03505778e-01
    8.79428029e-01 5.72160780e-01 8.54283094e-01 8.89142931e-01
    5.67128241e-01 5.38781703e-01 8.83736789e-01 6.67909682e-02
    8.24231744e-01 8.78024220e-01 7.30222225e-01 9.56660748e-01
    5.12868345e-01 1.20136440e-02 3.51072669e-01 8.46603274e-01
    7.95562506e-01 2.38670826e-01 2.73888856e-01 9.99848723e-01
    5.22214293e-01 5.08581221e-01 9.30632412e-01 1.78908974e-01
    2.29192644e-01 2.43382961e-01 2.94698238e-01 3.83711815e-01
    6.60326958e-01 4.90808994e-01 5.16783118e-01 5.80879271e-01
    4.79726523e-01 7.49833465e-01 7.77053058e-01 8.23818445e-01
    3.11884373e-01 4.59603131e-01 4.61467803e-01 8.29888701e-01
    4.32059884e-01 7.14931726e-01 3.79927754e-01 4.06973153e-01
    2.40102917e-01 9.45500374e-01 8.87147784e-02 7.61750340e-01
    3.72280478e-01 3.67074311e-02 8.57599020e-01 9.73293483e-01
    4.15865541e-01 5.13205826e-01 9.39717650e-01 8.23267221e-01
    4.28550541e-02 1.48671925e-01 7.95364738e-01 7.34716237e-01
    1.85412496e-01 9.78144288e-01 1.42082810e-01 5.35107315e-01
    2.82708049e-01 5.64057887e-01 8.07642043e-02 7.68448353e-01
    7.25706160e-01 2.62771666e-01 7.32027829e-01 3.91058266e-01
    7.73242712e-01 1.67682439e-01 2.25614667e-01 3.91924679e-01
    8.04403186e-01 3.93327564e-01 2.40413755e-01 7.08977520e-01
    4.22777325e-01 7.13806272e-01 4.89634991e-01 8.91307712e-01
    8.57159495e-03 1.78547591e-01 1.96992904e-01 4.72538322e-01
    3.20186555e-01 7.90029407e-01 4.97953087e-01 9.27846074e-01
    8.35494816e-01 4.03037369e-02 9.49434876e-01 7.83307195e-01
    9.81806636e-01 5.35136759e-01 2.60438561e-01 8.50202441e-01
    9.02249575e-01 7.51543641e-02 2.56459117e-01 4.27319825e-01
    4.32495177e-01 0. 0. 0. 0. 0. 0. 0. 0. 0. 0. 0. 0. 0. 0. 0. 0. 0. 0.
    0. 0. 0. 0. 0. 0. 0. 0. 0. 0. 0. 0. 0. 0. 0. 0. 0. 0. 0. 0. 0. 0. 0.
    0. 0. 0. 0. 0. 0. 0. 0. 0. 0. 0. 0. 0. 0. 0. 0. 0. 0. 0. 0. 0. 0. 0.
    0. 0. 0. 0. 0. 0. 0. 0. 0. 0. 0. 0. 0. 0. 0. 0. 0. 0. 0. 0. 0. 0. 0.
    0. 0. 0. 0. 0. 0. 0. 0. 0. 0. 0. 0. 0. 0. 0. 0. 0. 0. 0. 0. 0. 0. 0.
    0. 0. 0. 0. 0. 0. 0. 0. 0. 0. 0. 0. 0. 0. 0. 0. 0. 0. 0. 0. 0. 0. 0.
    0. 0. 0. 0. 0. 0. 0. 0. 0. 0. 0. 0. 0. 0. 0. 0. 0. 0. 0. 0. 0. 0. 0.
    0. 0. 0. 0. 0. 0. 0. 0. 0. 0. 0. 0. 0. 0. 0. 0. 0. 0. 0. 0. 0. 0. 0.
    0. 0. 0. 0. 0. 0. 0. 0. 0. 0. 0. 0. 0. 0. 0. 0. 0. 0. 0. 0. 0. 0. 0.
    0. 0. 0. 0. 0. 0. 0. 0. 0. 0. 0. 0. 0. 0. 0. 0. 0. 0. 0. 0. 0. 0. 0.
    0. 0. 0. 0. 0. 0. 0. 0. 0. 0. 0. 0. 0. 0. 0. 0. 0. 0. 0. 0. 0. 0. 0.
    0. 0. 0. 0. 0. 0. 0. 0. 0. 0. 0. 0. 0. 0. 0. 0. 0. 0. 0. 0. 0. 0. 0.
    0. 0. 0. 0. 0. 0. 0. 0. 0. 0. 0. 0. 0. 0. 0. 0. 0. 0. 0. 0. 0. 0. 0.
    0. 0. 0. 0. 0. 0. 0. 0. 0. 0. 0. 0. 0. 0. 0. 0. 0. 0. 0. 0. 0. 0. 0.
    0. 0. 0. 0. 0. 0. 0. 0. 0. 0. 0. 0. 0. 0. 0. 0. 0. 0. 0. 0. 0. 0. 0.
    0. 0. 0. 0. 0. 0. 0. 0. 0. 0. 0. 0. 0. 0. 0. 0. 0. 0. 0. 0. 0. 0. 0.
    0. 0. 0. 0. 0. 0. 0. 0. 0. 0. 0. 0. 0. 0. 0. 0. 0. 0. 0. 0. 0. 0. 0.
    0. 0. 0. 0. 0. 0. 0. 0. 0. 0. 0. 0. 0. 0. 0. 0. 0. 0. 0. 0. 0. 0. 0.
    0. 0. 0. 0. 0. 0. 0. 0. 0. 0. 0. 0. 0. 0. 0. 0. 0. 0. 0. 0. 0. 0. 0.
    0. 0. 0. 0. 0. 0. 0. 0. 0. 0. 0. 0. 0. 0. 0. 0. 0. 0. 0. 0. 0. 0. 0.
    0. 0. 0. 0. 0. 0. 0. 0. 0. 0. 0. 0. 0. 0. 0. 0. 0. 0. 0. 0. 0. 0. 0.
    0. 0. 0. 0. 0. 0. 0. 0. 0. 0. 0. 0. 0. 0. 0. 0. 0. 0. 0. 0. 0. 0. 0.
    0. 0. 0. 0. 0. 0. 0. 0. 0. 0. 0. 0. 0. 0. 0. 0. 0. 0. 0. 0. 0. 0. 0.
    0. 0. 0. 0. 0. 0. 0. 0. 0. 0. 0. 0. 0. 0. 0. 0. 0. 0. 0. 0. 0. 0. 0.
    0. 0. 0. 0. 0. 0. 0. 0. 0. 0. 0. 0. 0. 0. 0. 0. 0. 0. 0. 0. 0. 0. 0.
    0. 0. 0. 0. 0. 0. 0. 0. 0. 0. 0. 0. 0. 0. 0. 0. 0. 0. 0. 0. 0. 0. 0.
    0. 0. 0. 0. 0. 0. 0. 0. 0. 0. 0. 0. 0. 0. 0. 0. 0. 0. 0. 0. 0. 0. 0.
    0. 0. 0. 0. 0. 0. 0. 0. 0. 0. 0. 0. 0. 0. 0. 0. 0. 0. 0. 0. 0. 0. 0.
    0. 0. 0. 0. 0. 0. 0. 0. 0. 0. 0. 0. 0. 0. 0. 0. 0. 0. 0. 0. 0. 0. 0.
    0. 0. 0. 0. 0. 0. 0. 0. 0. 0. 0. 0. 0. 0. 0. 0. 0. 0. 0. 0. 0. 0. 0.
    0. 0. 0. 0. 0. 0. 0. 0. 0. 0. 0. 0. 0. 0. 0. 0. 0. 0. 0. 0. 0. 0. 0.
    0. 0. 0. 0. 0. 0. 0. 0. 0. 0. 0. 0. 0. 0. 0. 0. 0. 0. 0. 0. 0. 0. 0.
    0. 0. 0. 0. 0. 0. 0. 0. 0. 0. 0. 0. 0. 0. 0. 0. 0. 0. 0. 0. 0. 0. 0.
    0. 0. 0. 0. 0. 0. 0. 0. 0. 0. 0. 0. 0. 0. 0. 0. 0. 0. 0. 0. 0. 0. 0.
    0. 0. 0. 0. 0. 0. 0. 0. 0. 0. 0. 0. 0. 0. 0. 0. 0. 0. 0. 0. 0. 0. 0.
    0. 0. 0. 0. 0. 0. 0. 0. 0. 0. 0. 0. 0. 0. 0. 0. 0. 0. 0. 0. 0. 0. 0.
    0. 0. 0. 0. 0. 0. 0. 0. 0. 0. 0. 0. 0. 0. 0. 0. 0. 0. 0. 0. 0. 0. 0.
    0. 0. 0. 0. 0. 0. 0. 0. 0. 0. 0. 0. 0. 0. 0. 0. 0. 0. 0. 0. 0. 0. 0.
    0. 0. 0. 0. 0. 0. 0. 0. 0. 0. 0. 0. 0. 0. 0. 0. 0. 0. 0. 0. 0. 0. 0.
    0. 0. 0. 0. 0. 0. 0. 0. 0. 0. 0. 0. 0. 0. 0. 0. 0. 0. 0. 0. 0. 0. 0.
    0. 0. 0. 0. 0. 0. 0. 0. 0. 0. 0. 0. 0. 0. 0. 0. 0. 0. 0. 0. 0. 0. 0.
    0. 0. 0. 0. 0. 0. 0. 0. 0. 0. 0. 0. 0. 0. 0. 0. 0. 0. 0. 0. 0. 0. 0.
    0. 0. 0. 0. 0. 0. 0. 0. 0. 0. 0. 0. 0. 0. 0. 0. 0. 0. 0. 0. 0. 0. 0.
    0. 0. 0. 0. 0. 0. 0. 0. 0. 0. 0. 0. 0. 0. 0. 0. 0. 0. 0. 0. 0. 0. 0.
    0. 0. 0. 0. 0. 0. 0. 0. 0. 0. 0. 0. 0. 0. 0. 0. 0. 0. 0. 0. 0. 0. 0.
    0. 0. 0. 0. 0. 0. 0. 0. 0. 0. 0. 0. 0. 0. 0. 0. 0. 0. 0. 0. 0. 0. 0.
    0. 0. 0. 0. 0. 0. 0. 0. 0. 0. 0. 0. 0. 0. 0. 0. 0. 0. 0. 0. 0. 0. 0.
    0. 0. 0. 0. 0. 0. 0. 0. 0. 0. 0. 0. 0. 0. 0. 0. 0. 0. 0. 0. 0. 0. 0.
    0. 0. 0. 0. 0. 0. 0. 0. 0. 0. 0. 0. 0. 0. 0. 0. 0. 0. 0. 0. 0. 0. 0.
    0. 0. 0. 0. 0. 0. 0. 0. 0. 0. 0. 0. 0. 0. 0. 0. 0. 0. 0. 0. 0. 0. 0.
    0. 0. 0. 0. 0. 0. 0. 0. 0. 0. 0. 0. 0. 0. 0. 0. 0. 0. 0. 0. 0. 0. 0.
    0. 0. 0. 0. 0. 0. 0. 0. 0. 0. 0. 0. 0. 0. 0. 0. 0. 0. 0. 0. 0. 0. 0.
    0. 0. 0. 0. 0. 0. 0. 0. 0. 0. 0. 0. 0. 0. 0. 0. 0. 0. 0. 0. 0. 0. 0.
    0. 0. 0. 0. 0. 0. 0. 0. 0. 0. 0. 0. 0. 0. 0. 0. 0. 0. 0. 0. 0. 0. 0.
    0. 0. 0. 0. 0. 0. 0. 0. 0. 0. 0. 0. 0. 0. 0. 0. 0. 0. 0. 0. 0. 0. 0.
    0. 0. 0. 0. 0. 0. 0. 0. 0. 0. 0. 0. 0. 0. 0. 0. 0. 0. 0. 0. 0. 0. 0.
    0. 0. 0. 0. 0. 0. 0. 0. 0. 0. 0. 0. 0. 0. 0. 0. 0. 0. 0. 0. 0. 0. 0.
    0. 0. 0. 0. 0. 0. 0. 0. 0. 0. 0. 0. 0. 0. 0. 0. 0. 0. 0. 0. 0. 0. 0.
    0. 0. 0. 0. 0. 0.</data></your_img>
</opencv_storage>
