<?xml version="1.0"?>
<opencv_storage>
<my_calib_data>"%YAML:1.0&#x0a;---&#x0a;image-width: 45&#x0a;image-height: 88&#x0a;error: 3.8830071687698364e-01&#x0a;camera-matrix: !!opencv-matrix&#x0a;   rows: 3&#x0a;   cols: 3&#x0a;   dt: d&#x0a;   data: [ 7.8002897339477272e+02, 1.1887835205335847e+02,&#x0a;       6.3637487138624692e+02, 5.7802930943021670e+02,&#x0a;       2.7806602164070733e+02, 9.7293317493634277e+01,&#x0a;       5.6442753890976439e+02, 6.0436304207536466e+01,&#x0a;       9.0582328535231409e+02 ]&#x0a;distortion-coefficients: !!opencv-matrix&#x0a;   rows: 1&#x0a;   cols: 5&#x0a;   dt: d&#x0a;   data: [ -6.6353317937183487e-01, 8.2064790308847901e-01,&#x0a;       -1.9678490404137494e-01, -9.5411947189164148e-01,&#x0a;       8.7060399051155157e-01 ]&#x0a;rvec: !!opencv-matrix&#x0a;   rows: 3&#x0a;   cols: 1&#x0a;   dt: d&#x0a;   data: [ 8.2049961141825656e-01, 7.5224558830046884e-01,&#x0a;       8.2553062226173868e-03 ]&#x0a;tvec: !!opencv-matrix&#x0a;   rows: 3&#x0a;   cols: 1&#x0a;   dt: d&#x0a;   data: [ 8.5606641357132784e-01, 2.8321496638126759e-01,&#x0a;       5.5023451279731683e-02 ]&#x0a;"</my_calib_data>
<your_calib_data>"%YAML:1.0&#x0a;---&#x0a;"</your_calib_data>
</opencv_storage>
