<?xml version="1.0"?>
<opencv_storage>
<my_calib_data>"%YAML:1.0&#x0a;---&#x0a;image-width: 213&#x0a;image-height: 87&#x0a;error: 2.4585163593292236e-01&#x0a;camera-matrix: !!opencv-matrix&#x0a;   rows: 3&#x0a;   cols: 3&#x0a;   dt: d&#x0a;   data: [ 1.6857447957605996e+02, 5.4794721413597654e+02,&#x0a;       5.9978208063321540e+02, 3.2656448220293044e+02,&#x0a;       4.5285461512429958e+02, 8.8997937721200174e+01,&#x0a;       7.4539808476603616e+02, 2.7829345973161207e+02,&#x0a;       8.4626378602225441e+02 ]&#x0a;distortion-coefficients: !!opencv-matrix&#x0a;   rows: 1&#x0a;   cols: 5&#x0a;   dt: d&#x0a;   data: [ 2.8062584918727074e-01, 8.0978389276939622e-01,&#x0a;       -8.9393649930477581e-01, -5.5636308922605382e-01,&#x0a;       7.3508949936365697e-01 ]&#x0a;rvec: !!opencv-matrix&#x0a;   rows: 3&#x0a;   cols: 1&#x0a;   dt: d&#x0a;   data: [ 7.1117054725913664e-01, 9.6909609168711608e-03,&#x0a;       3.8852356735017524e-01 ]&#x0a;tvec: !!opencv-matrix&#x0a;   rows: 3&#x0a;   cols: 1&#x0a;   dt: d&#x0a;   data: [ 8.2367589181792378e-01, 7.2260368762395211e-01,&#x0a;       5.0211028759737097e-01 ]&#x0a;"</my_calib_data>
<your_calib_data>"%YAML:1.0&#x0a;---&#x0a;"</your_calib_data>
</opencv_storage>
