<?xml version="1.0"?>
<opencv_storage>
<my_calib_data>"%YAML:1.0&#x0a;---&#x0a;image-width: 73&#x0a;image-height: 180&#x0a;error: 1.4697456359863281e-01&#x0a;camera-matrix: !!opencv-matrix&#x0a;   rows: 3&#x0a;   cols: 3&#x0a;   dt: d&#x0a;   data: [ 9.6387967243668243e+01, 9.4594836900437429e+02,&#x0a;       1.3331350065591835e+02, 3.2174730897278874e+02,&#x0a;       9.0693566244953831e+02, 6.5280797551260616e+02,&#x0a;       5.8583322077714388e+02, 4.4379839233198061e+02,&#x0a;       3.4205435866378656e+02 ]&#x0a;distortion-coefficients: !!opencv-matrix&#x0a;   rows: 1&#x0a;   cols: 5&#x0a;   dt: d&#x0a;   data: [ -7.8579307495776818e-01, 5.8139993324350503e-01,&#x0a;       -6.3271610192866212e-01, 3.7197211648474415e-01,&#x0a;       5.6457216207885830e-01 ]&#x0a;rvec: !!opencv-matrix&#x0a;   rows: 3&#x0a;   cols: 1&#x0a;   dt: d&#x0a;   data: [ 6.2219116900520788e-02, 7.5809934303442350e-02,&#x0a;       6.3557472139559057e-01 ]&#x0a;tvec: !!opencv-matrix&#x0a;   rows: 3&#x0a;   cols: 1&#x0a;   dt: d&#x0a;   data: [ 9.2812603249481629e-01, 2.6701413424490283e-02,&#x0a;       8.1244740414217853e-01 ]&#x0a;"</my_calib_data>
<your_calib_data>"%YAML:1.0&#x0a;---&#x0a;"</your_calib_data>
</opencv_storage>
