<?xml version="1.0"?>
<opencv_storage>
<my_calib_data>"%YAML:1.0&#x0a;---&#x0a;image-width: 228&#x0a;image-height: 218&#x0a;error: 2.1245872974395752e-01&#x0a;camera-matrix: !!opencv-matrix&#x0a;   rows: 3&#x0a;   cols: 3&#x0a;   dt: d&#x0a;   data: [ 1.9087419585032052e+02, 1.4783941946689799e+02,&#x0a;       1.8542928193421591e+02, 8.0890541585318886e+01,&#x0a;       6.5492118093261956e+02, 6.4248290149267518e+02,&#x0a;       6.9329898667944781e+02, 3.9867728533862282e+02,&#x0a;       3.3168950557509970e+02 ]&#x0a;distortion-coefficients: !!opencv-matrix&#x0a;   rows: 1&#x0a;   cols: 5&#x0a;   dt: d&#x0a;   data: [ -5.3920282711903400e-01, -2.7765023861626159e-01,&#x0a;       7.0064898572633794e-01, 9.6960244858505060e-02,&#x0a;       -3.8493367049516553e-01 ]&#x0a;rvec: !!opencv-matrix&#x0a;   rows: 3&#x0a;   cols: 1&#x0a;   dt: d&#x0a;   data: [ 1.7614417960473311e-01, 1.3148937878563738e-01,&#x0a;       4.1996422750231954e-01 ]&#x0a;tvec: !!opencv-matrix&#x0a;   rows: 3&#x0a;   cols: 1&#x0a;   dt: d&#x0a;   data: [ 3.1095422243049953e-01, 9.4888372248653230e-01,&#x0a;       6.8890885436797755e-01 ]&#x0a;"</my_calib_data>
<your_calib_data>"%YAML:1.0&#x0a;---&#x0a;"</your_calib_data>
</opencv_storage>
