<?xml version="1.0"?>
<opencv_storage>
<my_calib_data>"%YAML:1.0&#x0a;---&#x0a;image-width: 93&#x0a;image-height: 162&#x0a;error: 2.7831432223320007e-01&#x0a;camera-matrix: !!opencv-matrix&#x0a;   rows: 3&#x0a;   cols: 3&#x0a;   dt: d&#x0a;   data: [ 2.7264527172317207e+02, 7.7482394286181011e+02,&#x0a;       2.4819172622321673e+02, 8.8261558574753212e+02,&#x0a;       4.5337935894984491e+02, 5.7127950315468672e+02,&#x0a;       2.3831813178703209e+02, 9.7580951585340313e+02,&#x0a;       8.3663328584781857e+02 ]&#x0a;distortion-coefficients: !!opencv-matrix&#x0a;   rows: 1&#x0a;   cols: 5&#x0a;   dt: d&#x0a;   data: [ 8.3675423372836744e-01, -3.0182913578780951e-01,&#x0a;       6.3241304542095067e-01, 5.2772293393808922e-01,&#x0a;       8.7494542415061549e-01 ]&#x0a;rvec: !!opencv-matrix&#x0a;   rows: 3&#x0a;   cols: 1&#x0a;   dt: d&#x0a;   data: [ 3.0450522606825103e-01, 1.8878959835975956e-01,&#x0a;       3.6580544260049497e-01 ]&#x0a;tvec: !!opencv-matrix&#x0a;   rows: 3&#x0a;   cols: 1&#x0a;   dt: d&#x0a;   data: [ 2.2911155126979260e-01, 8.3060835504602459e-01,&#x0a;       3.9742867236970847e-01 ]&#x0a;"</my_calib_data>
<your_calib_data>"%YAML:1.0&#x0a;---&#x0a;"</your_calib_data>
</opencv_storage>
