<?xml version="1.0"?>
<opencv_storage>
<my_calib_data>"%YAML:1.0&#x0a;---&#x0a;image-width: 231&#x0a;image-height: 125&#x0a;error: 2.4505127966403961e-01&#x0a;camera-matrix: !!opencv-matrix&#x0a;   rows: 3&#x0a;   cols: 3&#x0a;   dt: d&#x0a;   data: [ 7.2930791546883324e+02, 8.0211333493291500e+02,&#x0a;       9.6703694977168095e+02, 9.7929057698997053e+02,&#x0a;       2.0147245504538910e+02, 9.6597484654752304e+02,&#x0a;       3.5356167621255474e+02, 4.1393823126044902e+02,&#x0a;       3.3378299346339463e+02 ]&#x0a;distortion-coefficients: !!opencv-matrix&#x0a;   rows: 1&#x0a;   cols: 5&#x0a;   dt: d&#x0a;   data: [ 3.2355314856792505e-01, 4.3063867844495807e-01,&#x0a;       9.2163071558289178e-01, 1.6117246656066764e-01,&#x0a;       7.3199068386021338e-01 ]&#x0a;rvec: !!opencv-matrix&#x0a;   rows: 3&#x0a;   cols: 1&#x0a;   dt: d&#x0a;   data: [ 6.2987965260513867e-01, 9.0180807144519559e-01,&#x0a;       9.3769277641308491e-01 ]&#x0a;tvec: !!opencv-matrix&#x0a;   rows: 3&#x0a;   cols: 1&#x0a;   dt: d&#x0a;   data: [ 8.1002015486461632e-02, 7.0985434799534453e-01,&#x0a;       8.4541583624749894e-01 ]&#x0a;"</my_calib_data>
<your_calib_data>"%YAML:1.0&#x0a;---&#x0a;image-width: 231&#x0a;image-height: 125&#x0a;error: 2.4505127966403961e-01&#x0a;camera-matrix: !!opencv-matrix&#x0a;   rows: 3&#x0a;   cols: 3&#x0a;   dt: d&#x0a;   data: [ 7.2930791546883324e+02, 8.0211333493291500e+02,&#x0a;       9.6703694977168095e+02, 9.7929057698997053e+02,&#x0a;       2.0147245504538910e+02, 9.6597484654752304e+02,&#x0a;       3.5356167621255474e+02, 4.1393823126044902e+02,&#x0a;       3.3378299346339463e+02 ]&#x0a;distorsion-coefficients: !!opencv-matrix&#x0a;   rows: 1&#x0a;   cols: 5&#x0a;   dt: d&#x0a;   data: [ 3.2355314856792505e-01, 4.3063867844495807e-01,&#x0a;       9.2163071558289178e-01, 1.6117246656066764e-01,&#x0a;       7.3199068386021338e-01 ]&#x0a;rvec: !!opencv-matrix&#x0a;   rows: 3&#x0a;   cols: 1&#x0a;   dt: d&#x0a;   data: [ 6.2987965260513867e-01, 9.0180807144519559e-01,&#x0a;       9.3769277641308491e-01 ]&#x0a;tvec: !!opencv-matrix&#x0a;   rows: 3&#x0a;   cols: 1&#x0a;   dt: d&#x0a;   data: [ 8.1002015486461632e-02, 7.0985434799534453e-01,&#x0a;       8.4541583624749894e-01 ]&#x0a;"</your_calib_data>
</opencv_storage>
