<?xml version="1.0"?>
<opencv_storage>
<my_calib_data>"%YAML:1.0&#x0a;---&#x0a;image-width: 204&#x0a;image-height: 84&#x0a;error: 3.6367070674896240e-01&#x0a;camera-matrix: !!opencv-matrix&#x0a;   rows: 3&#x0a;   cols: 3&#x0a;   dt: d&#x0a;   data: [ 3.9467615008205144e+02, 3.3516994325154991e+02,&#x0a;       9.5174374031132993e+02, 4.8158492670349398e+02,&#x0a;       7.8902735164199476e+02, 8.9349689504138075e+02,&#x0a;       6.6987680303435320e+02, 3.1473631601890838e+02,&#x0a;       4.6914622834652283e+02 ]&#x0a;distortion-coefficients: !!opencv-matrix&#x0a;   rows: 1&#x0a;   cols: 5&#x0a;   dt: d&#x0a;   data: [ -7.7211803247230226e-01, -5.0251231594227763e-01,&#x0a;       -9.0238014574811343e-01, -7.6508038931889910e-01,&#x0a;       -5.8868682077212198e-01 ]&#x0a;rvec: !!opencv-matrix&#x0a;   rows: 3&#x0a;   cols: 1&#x0a;   dt: d&#x0a;   data: [ 4.7404250728066250e-01, 3.1080524994631897e-01,&#x0a;       9.0139971086435300e-01 ]&#x0a;tvec: !!opencv-matrix&#x0a;   rows: 3&#x0a;   cols: 1&#x0a;   dt: d&#x0a;   data: [ 4.6768658174882738e-01, 6.0096532919872137e-01,&#x0a;       6.7023637031621952e-01 ]&#x0a;"</my_calib_data>
<your_calib_data>"%YAML:1.0&#x0a;---&#x0a;"</your_calib_data>
</opencv_storage>
