<?xml version="1.0"?>
<opencv_storage>
<my_calib_data>"%YAML:1.0&#x0a;---&#x0a;image-width: 16&#x0a;image-height: 27&#x0a;error: 2.3493681848049164e-01&#x0a;camera-matrix: !!opencv-matrix&#x0a;   rows: 3&#x0a;   cols: 3&#x0a;   dt: d&#x0a;   data: [ 5.3826854039467185e+02, 6.1463622027940812e+02,&#x0a;       3.5048330461400667e+02, 1.7363694282824366e+02,&#x0a;       4.3064616100239505e+02, 5.6299111035244164e+02,&#x0a;       4.7141023214466020e+02, 8.6490172332664793e+02,&#x0a;       4.9904125611154632e+02 ]&#x0a;distortion-coefficients: !!opencv-matrix&#x0a;   rows: 1&#x0a;   cols: 5&#x0a;   dt: d&#x0a;   data: [ 1.0385968255288316e-01, -8.3459309486189981e-01,&#x0a;       -4.3579679561543394e-01, -1.1467350378706243e-01,&#x0a;       9.7796875001588690e-01 ]&#x0a;rvec: !!opencv-matrix&#x0a;   rows: 3&#x0a;   cols: 1&#x0a;   dt: d&#x0a;   data: [ 3.5060937993092844e-01, 7.3729536398892537e-01,&#x0a;       6.2234715354398573e-01 ]&#x0a;tvec: !!opencv-matrix&#x0a;   rows: 3&#x0a;   cols: 1&#x0a;   dt: d&#x0a;   data: [ 7.6331128345770805e-01, 5.9523728984765190e-01,&#x0a;       4.1981702532906862e-01 ]&#x0a;"</my_calib_data>
<your_calib_data>"%YAML:1.0&#x0a;---&#x0a;"</your_calib_data>
</opencv_storage>
